<?xml version="1.0" encoding="UTF-8"?>
<testsuite xmlns:xsi="http://www.w3.org/2001/XMLSchema-instance" xsi:noNamespaceSchemaLocation="https://maven.apache.org/surefire/maven-surefire-plugin/xsd/surefire-test-report-3.0.xsd" version="3.0" name="org.apache.hadoop.ozone.client.rpc.TestOzoneRpcClient" time="86.625" tests="118" errors="0" skipped="0" failures="1">
  <properties>
    <property name="awt.toolkit" value="sun.awt.X11.XToolkit"/>
    <property name="file.encoding.pkg" value="sun.io"/>
    <property name="java.specification.version" value="1.8"/>
    <property name="sun.cpu.isalist" value=""/>
    <property name="sun.jnu.encoding" value="UTF-8"/>
    <property name="java.class.path" value="/home/runner/work/ozone/ozone/hadoop-ozone/integration-test/target/test-classes:/home/runner/work/ozone/ozone/hadoop-ozone/integration-test/target/classes:/home/runner/.m2/repository/org/apache/ozone/ozone-common/1.4.0-SNAPSHOT/ozone-common-1.4.0-SNAPSHOT.jar:/home/runner/.m2/repository/io/grpc/grpc-netty/1.51.1/grpc-netty-1.51.1.jar:/home/runner/.m2/repository/io/grpc/grpc-core/1.51.1/grpc-core-1.51.1.jar:/home/runner/.m2/repository/com/google/android/annotations/4.1.1.4/annotations-4.1.1.4.jar:/home/runner/.m2/repository/org/codehaus/mojo/animal-sniffer-annotations/1.21/animal-sniffer-annotations-1.21.jar:/home/runner/.m2/repository/com/google/errorprone/error_prone_annotations/2.2.0/error_prone_annotations-2.2.0.jar:/home/runner/.m2/repository/io/perfmark/perfmark-api/0.25.0/perfmark-api-0.25.0.jar:/home/runner/.m2/repository/io/netty/netty-codec-http2/4.1.86.Final/netty-codec-http2-4.1.86.Final.jar:/home/runner/.m2/repository/io/netty/netty-common/4.1.86.Final/netty-common-4.1.86.Final.jar:/home/runner/.m2/repository/io/netty/netty-buffer/4.1.86.Final/netty-buffer-4.1.86.Final.jar:/home/runner/.m2/repository/io/netty/netty-codec-http/4.1.86.Final/netty-codec-http-4.1.86.Final.jar:/home/runner/.m2/repository/io/netty/netty-handler-proxy/4.1.86.Final/netty-handler-proxy-4.1.86.Final.jar:/home/runner/.m2/repository/io/netty/netty-codec-socks/4.1.86.Final/netty-codec-socks-4.1.86.Final.jar:/home/runner/.m2/repository/io/netty/netty-tcnative-boringssl-static/2.0.54.Final/netty-tcnative-boringssl-static-2.0.54.Final.jar:/home/runner/.m2/repository/io/netty/netty-tcnative-classes/2.0.54.Final/netty-tcnative-classes-2.0.54.Final.jar:/home/runner/.m2/repository/io/netty/netty-tcnative-boringssl-static/2.0.54.Final/netty-tcnative-boringssl-static-2.0.54.Final-linux-x86_64.jar:/home/runner/.m2/repository/io/netty/netty-tcnative-boringssl-static/2.0.54.Final/netty-tcnative-boringssl-static-2.0.54.Final-linux-aarch_64.jar:/home/runner/.m2/repository/io/netty/netty-tcnative-boringssl-static/2.0.54.Final/netty-tcnative-boringssl-static-2.0.54.Final-osx-x86_64.jar:/home/runner/.m2/repository/io/netty/netty-tcnative-boringssl-static/2.0.54.Final/netty-tcnative-boringssl-static-2.0.54.Final-osx-aarch_64.jar:/home/runner/.m2/repository/io/netty/netty-tcnative-boringssl-static/2.0.54.Final/netty-tcnative-boringssl-static-2.0.54.Final-windows-x86_64.jar:/home/runner/.m2/repository/org/apache/commons/commons-compress/1.21/commons-compress-1.21.jar:/home/runner/.m2/repository/org/apache/ozone/hdds-common/1.4.0-SNAPSHOT/hdds-common-1.4.0-SNAPSHOT.jar:/home/runner/.m2/repository/org/apache/ozone/hdds-client/1.4.0-SNAPSHOT/hdds-client-1.4.0-SNAPSHOT.jar:/home/runner/.m2/repository/org/apache/ozone/ozone-interface-client/1.4.0-SNAPSHOT/ozone-interface-client-1.4.0-SNAPSHOT.jar:/home/runner/.m2/repository/org/apache/hadoop/hadoop-hdfs-client/3.3.5/hadoop-hdfs-client-3.3.5.jar:/home/runner/.m2/repository/com/squareup/okhttp3/okhttp/4.9.3/okhttp-4.9.3.jar:/home/runner/.m2/repository/com/squareup/okio/okio/2.8.0/okio-2.8.0.jar:/home/runner/.m2/repository/org/jetbrains/kotlin/kotlin-stdlib-common/1.6.21/kotlin-stdlib-common-1.6.21.jar:/home/runner/.m2/repository/org/apache/ozone/hdds-test-utils/1.4.0-SNAPSHOT/hdds-test-utils-1.4.0-SNAPSHOT.jar:/home/runner/.m2/repository/com/google/guava/guava/31.1-jre/guava-31.1-jre.jar:/home/runner/.m2/repository/com/google/guava/failureaccess/1.0.1/failureaccess-1.0.1.jar:/home/runner/.m2/repository/com/google/guava/listenablefuture/9999.0-empty-to-avoid-conflict-with-guava/listenablefuture-9999.0-empty-to-avoid-conflict-with-guava.jar:/home/runner/.m2/repository/com/google/code/findbugs/jsr305/3.0.0/jsr305-3.0.0.jar:/home/runner/.m2/repository/org/checkerframework/checker-qual/3.12.0/checker-qual-3.12.0.jar:/home/runner/.m2/repository/com/google/j2objc/j2objc-annotations/1.3/j2objc-annotations-1.3.jar:/home/runner/.m2/repository/commons-io/commons-io/2.11.0/commons-io-2.11.0.jar:/home/runner/.m2/repository/commons-logging/commons-logging/1.2/commons-logging-1.2.jar:/home/runner/.m2/repository/ch/qos/reload4j/reload4j/1.2.22/reload4j-1.2.22.jar:/home/runner/.m2/repository/org/slf4j/slf4j-api/1.7.36/slf4j-api-1.7.36.jar:/home/runner/.m2/repository/org/apache/ozone/hdds-server-scm/1.4.0-SNAPSHOT/hdds-server-scm-1.4.0-SNAPSHOT.jar:/home/runner/.m2/repository/org/apache/ozone/hdds-container-service/1.4.0-SNAPSHOT/hdds-container-service-1.4.0-SNAPSHOT.jar:/home/runner/.m2/repository/org/apache/ozone/hdds-hadoop-dependency-server/1.4.0-SNAPSHOT/hdds-hadoop-dependency-server-1.4.0-SNAPSHOT.jar:/home/runner/.m2/repository/org/apache/hadoop/hadoop-hdfs/3.3.5/hadoop-hdfs-3.3.5.jar:/home/runner/.m2/repository/commons-daemon/commons-daemon/1.0.13/commons-daemon-1.0.13.jar:/home/runner/.m2/repository/org/apache/ozone/hdds-server-framework/1.4.0-SNAPSHOT/hdds-server-framework-1.4.0-SNAPSHOT.jar:/home/runner/.m2/repository/io/dropwizard/metrics/metrics-core/3.2.4/metrics-core-3.2.4.jar:/home/runner/.m2/repository/org/apache/commons/commons-text/1.4/commons-text-1.4.jar:/home/runner/.m2/repository/org/bouncycastle/bcprov-jdk15on/1.67/bcprov-jdk15on-1.67.jar:/home/runner/.m2/repository/com/google/protobuf/protobuf-java/2.5.0/protobuf-java-2.5.0.jar:/home/runner/.m2/repository/org/apache/ozone/hdds-server-framework/1.4.0-SNAPSHOT/hdds-server-framework-1.4.0-SNAPSHOT-tests.jar:/home/runner/.m2/repository/org/apache/ozone/hdds-interface-server/1.4.0-SNAPSHOT/hdds-interface-server-1.4.0-SNAPSHOT.jar:/home/runner/.m2/repository/org/apache/ozone/hdds-interface-admin/1.4.0-SNAPSHOT/hdds-interface-admin-1.4.0-SNAPSHOT.jar:/home/runner/.m2/repository/org/apache/ozone/hdds-managed-rocksdb/1.4.0-SNAPSHOT/hdds-managed-rocksdb-1.4.0-SNAPSHOT.jar:/home/runner/.m2/repository/org/rocksdb/rocksdbjni/7.7.3/rocksdbjni-7.7.3.jar:/home/runner/.m2/repository/org/slf4j/slf4j-reload4j/1.7.36/slf4j-reload4j-1.7.36.jar:/home/runner/.m2/repository/org/apache/commons/commons-configuration2/2.1.1/commons-configuration2-2.1.1.jar:/home/runner/.m2/repository/org/apache/logging/log4j/log4j-core/2.17.1/log4j-core-2.17.1.jar:/home/runner/.m2/repository/com/lmax/disruptor/3.4.2/disruptor-3.4.2.jar:/home/runner/.m2/repository/org/eclipse/jetty/jetty-util/9.4.51.v20230217/jetty-util-9.4.51.v20230217.jar:/home/runner/.m2/repository/org/eclipse/jetty/jetty-server/9.4.51.v20230217/jetty-server-9.4.51.v20230217.jar:/home/runner/.m2/repository/org/eclipse/jetty/jetty-http/9.4.51.v20230217/jetty-http-9.4.51.v20230217.jar:/home/runner/.m2/repository/org/eclipse/jetty/jetty-io/9.4.51.v20230217/jetty-io-9.4.51.v20230217.jar:/home/runner/.m2/repository/org/eclipse/jetty/jetty-servlet/9.4.51.v20230217/jetty-servlet-9.4.51.v20230217.jar:/home/runner/.m2/repository/org/eclipse/jetty/jetty-security/9.4.51.v20230217/jetty-security-9.4.51.v20230217.jar:/home/runner/.m2/repository/org/eclipse/jetty/jetty-util-ajax/9.4.51.v20230217/jetty-util-ajax-9.4.51.v20230217.jar:/home/runner/.m2/repository/org/eclipse/jetty/jetty-webapp/9.4.51.v20230217/jetty-webapp-9.4.51.v20230217.jar:/home/runner/.m2/repository/org/eclipse/jetty/jetty-xml/9.4.51.v20230217/jetty-xml-9.4.51.v20230217.jar:/home/runner/.m2/repository/org/apache/ratis/ratis-server/2.4.2-8b8bdda-SNAPSHOT/ratis-server-2.4.2-8b8bdda-SNAPSHOT.jar:/home/runner/.m2/repository/org/apache/ratis/ratis-thirdparty-misc/1.0.3/ratis-thirdparty-misc-1.0.3.jar:/home/runner/.m2/repository/org/apache/ratis/ratis-proto/2.4.2-8b8bdda-SNAPSHOT/ratis-proto-2.4.2-8b8bdda-SNAPSHOT.jar:/home/runner/.m2/repository/org/apache/ratis/ratis-common/2.4.2-8b8bdda-SNAPSHOT/ratis-common-2.4.2-8b8bdda-SNAPSHOT.jar:/home/runner/.m2/repository/org/apache/ratis/ratis-client/2.4.2-8b8bdda-SNAPSHOT/ratis-client-2.4.2-8b8bdda-SNAPSHOT.jar:/home/runner/.m2/repository/org/apache/ratis/ratis-server-api/2.4.2-8b8bdda-SNAPSHOT/ratis-server-api-2.4.2-8b8bdda-SNAPSHOT.jar:/home/runner/.m2/repository/org/apache/ratis/ratis-metrics/2.4.2-8b8bdda-SNAPSHOT/ratis-metrics-2.4.2-8b8bdda-SNAPSHOT.jar:/home/runner/.m2/repository/io/prometheus/simpleclient_dropwizard/0.7.0/simpleclient_dropwizard-0.7.0.jar:/home/runner/.m2/repository/io/prometheus/simpleclient/0.7.0/simpleclient-0.7.0.jar:/home/runner/.m2/repository/io/prometheus/simpleclient_common/0.7.0/simpleclient_common-0.7.0.jar:/home/runner/.m2/repository/com/fasterxml/jackson/datatype/jackson-datatype-jsr310/2.13.4/jackson-datatype-jsr310-2.13.4.jar:/home/runner/.m2/repository/com/fasterxml/jackson/core/jackson-core/2.13.4/jackson-core-2.13.4.jar:/home/runner/.m2/repository/com/github/spotbugs/spotbugs-annotations/3.1.12/spotbugs-annotations-3.1.12.jar:/home/runner/.m2/repository/org/apache/ozone/rocksdb-checkpoint-differ/1.4.0-SNAPSHOT/rocksdb-checkpoint-differ-1.4.0-SNAPSHOT.jar:/home/runner/.m2/repository/org/awaitility/awaitility/4.2.0/awaitility-4.2.0.jar:/home/runner/.m2/repository/org/hamcrest/hamcrest/2.1/hamcrest-2.1.jar:/home/runner/.m2/repository/org/apache/ozone/ozone-manager/1.4.0-SNAPSHOT/ozone-manager-1.4.0-SNAPSHOT.jar:/home/runner/.m2/repository/org/aspectj/aspectjrt/1.9.7/aspectjrt-1.9.7.jar:/home/runner/.m2/repository/org/aspectj/aspectjweaver/1.9.7/aspectjweaver-1.9.7.jar:/home/runner/.m2/repository/org/apache/ozone/hdds-interface-client/1.4.0-SNAPSHOT/hdds-interface-client-1.4.0-SNAPSHOT.jar:/home/runner/.m2/repository/org/apache/hadoop/thirdparty/hadoop-shaded-protobuf_3_7/1.1.1/hadoop-shaded-protobuf_3_7-1.1.1.jar:/home/runner/.m2/repository/org/apache/ozone/ozone-interface-storage/1.4.0-SNAPSHOT/ozone-interface-storage-1.4.0-SNAPSHOT.jar:/home/runner/.m2/repository/org/reflections/reflections/0.9.11/reflections-0.9.11.jar:/home/runner/.m2/repository/com/sun/jersey/jersey-client/1.19/jersey-client-1.19.jar:/home/runner/.m2/repository/org/codehaus/jackson/jackson-core-asl/1.9.13/jackson-core-asl-1.9.13.jar:/home/runner/.m2/repository/org/codehaus/jackson/jackson-mapper-asl/1.9.13/jackson-mapper-asl-1.9.13.jar:/home/runner/.m2/repository/org/codehaus/jackson/jackson-jaxrs/1.9.13/jackson-jaxrs-1.9.13.jar:/home/runner/.m2/repository/org/apache/ranger/ranger-intg/2.3.0/ranger-intg-2.3.0.jar:/home/runner/.m2/repository/org/apache/ranger/ranger-plugins-common/2.3.0/ranger-plugins-common-2.3.0.jar:/home/runner/.m2/repository/commons-lang/commons-lang/2.6/commons-lang-2.6.jar:/home/runner/.m2/repository/org/apache/ranger/ranger-plugins-cred/2.3.0/ranger-plugins-cred-2.3.0.jar:/home/runner/.m2/repository/org/apache/ranger/ranger-plugins-audit/2.3.0/ranger-plugins-audit-2.3.0.jar:/home/runner/.m2/repository/org/eclipse/jetty/jetty-client/9.4.51.v20230217/jetty-client-9.4.51.v20230217.jar:/home/runner/.m2/repository/org/apache/httpcomponents/httpmime/4.5.6/httpmime-4.5.6.jar:/home/runner/.m2/repository/org/apache/httpcomponents/httpcore-nio/4.4.13/httpcore-nio-4.4.13.jar:/home/runner/.m2/repository/org/apache/httpcomponents/httpasyncclient/4.1.3/httpasyncclient-4.1.3.jar:/home/runner/.m2/repository/com/carrotsearch/hppc/0.8.0/hppc-0.8.0.jar:/home/runner/.m2/repository/org/apache/orc/orc-core/1.5.8/orc-core-1.5.8.jar:/home/runner/.m2/repository/net/java/dev/jna/jna/5.2.0/jna-5.2.0.jar:/home/runner/.m2/repository/net/java/dev/jna/jna-platform/5.2.0/jna-platform-5.2.0.jar:/home/runner/.m2/repository/com/kstruct/gethostname4j/0.0.2/gethostname4j-0.0.2.jar:/home/runner/.m2/repository/org/apache/ranger/ranger-plugin-classloader/2.3.0/ranger-plugin-classloader-2.3.0.jar:/home/runner/.m2/repository/org/apache/ozone/hdds-rocks-native/1.4.0-SNAPSHOT/hdds-rocks-native-1.4.0-SNAPSHOT.jar:/home/runner/.m2/repository/org/apache/hadoop/hadoop-minikdc/3.3.5/hadoop-minikdc-3.3.5.jar:/home/runner/.m2/repository/org/apache/kerby/kerb-simplekdc/1.0.1/kerb-simplekdc-1.0.1.jar:/home/runner/.m2/repository/org/apache/kerby/kerb-client/1.0.1/kerb-client-1.0.1.jar:/home/runner/.m2/repository/org/apache/kerby/kerby-config/1.0.1/kerby-config-1.0.1.jar:/home/runner/.m2/repository/org/apache/kerby/kerb-common/1.0.1/kerb-common-1.0.1.jar:/home/runner/.m2/repository/org/apache/kerby/kerb-crypto/1.0.1/kerb-crypto-1.0.1.jar:/home/runner/.m2/repository/org/apache/kerby/kerb-util/1.0.1/kerb-util-1.0.1.jar:/home/runner/.m2/repository/org/apache/kerby/token-provider/1.0.1/token-provider-1.0.1.jar:/home/runner/.m2/repository/org/apache/kerby/kerb-admin/1.0.1/kerb-admin-1.0.1.jar:/home/runner/.m2/repository/org/apache/kerby/kerb-server/1.0.1/kerb-server-1.0.1.jar:/home/runner/.m2/repository/org/apache/kerby/kerb-identity/1.0.1/kerb-identity-1.0.1.jar:/home/runner/.m2/repository/org/apache/kerby/kerby-xdr/1.0.1/kerby-xdr-1.0.1.jar:/home/runner/.m2/repository/org/apache/ozone/ozone-s3gateway/1.4.0-SNAPSHOT/ozone-s3gateway-1.4.0-SNAPSHOT.jar:/home/runner/.m2/repository/org/javassist/javassist/3.21.0-GA/javassist-3.21.0-GA.jar:/home/runner/.m2/repository/org/jboss/weld/servlet/weld-servlet-shaded/3.1.9.Final/weld-servlet-shaded-3.1.9.Final.jar:/home/runner/.m2/repository/org/glassfish/jersey/containers/jersey-container-servlet-core/2.34/jersey-container-servlet-core-2.34.jar:/home/runner/.m2/repository/org/glassfish/hk2/external/jakarta.inject/2.6.1/jakarta.inject-2.6.1.jar:/home/runner/.m2/repository/org/glassfish/jersey/core/jersey-common/2.34/jersey-common-2.34.jar:/home/runner/.m2/repository/jakarta/ws/rs/jakarta.ws.rs-api/2.1.6/jakarta.ws.rs-api-2.1.6.jar:/home/runner/.m2/repository/org/glassfish/jersey/ext/cdi/jersey-cdi1x/2.34/jersey-cdi1x-2.34.jar:/home/runner/.m2/repository/org/glassfish/jersey/inject/jersey-hk2/2.34/jersey-hk2-2.34.jar:/home/runner/.m2/repository/org/glassfish/hk2/hk2-locator/2.6.1/hk2-locator-2.6.1.jar:/home/runner/.m2/repository/org/glassfish/jersey/media/jersey-media-jaxb/2.34/jersey-media-jaxb-2.34.jar:/home/runner/.m2/repository/org/glassfish/hk2/osgi-resource-locator/1.0.3/osgi-resource-locator-1.0.3.jar:/home/runner/.m2/repository/org/glassfish/hk2/hk2-api/2.5.0/hk2-api-2.5.0.jar:/home/runner/.m2/repository/org/glassfish/hk2/hk2-utils/2.5.0/hk2-utils-2.5.0.jar:/home/runner/.m2/repository/org/glassfish/hk2/external/aopalliance-repackaged/2.5.0/aopalliance-repackaged-2.5.0.jar:/home/runner/.m2/repository/com/fasterxml/jackson/dataformat/jackson-dataformat-xml/2.13.4/jackson-dataformat-xml-2.13.4.jar:/home/runner/.m2/repository/org/codehaus/woodstox/stax2-api/4.2.1/stax2-api-4.2.1.jar:/home/runner/.m2/repository/com/fasterxml/woodstox/woodstox-core/5.4.0/woodstox-core-5.4.0.jar:/home/runner/.m2/repository/com/fasterxml/jackson/module/jackson-module-jaxb-annotations/2.13.4/jackson-module-jaxb-annotations-2.13.4.jar:/home/runner/.m2/repository/jakarta/xml/bind/jakarta.xml.bind-api/2.3.3/jakarta.xml.bind-api-2.3.3.jar:/home/runner/.m2/repository/jakarta/activation/jakarta.activation-api/1.2.2/jakarta.activation-api-1.2.2.jar:/home/runner/.m2/repository/javax/enterprise/cdi-api/2.0/cdi-api-2.0.jar:/home/runner/.m2/repository/javax/el/javax.el-api/3.0.0/javax.el-api-3.0.0.jar:/home/runner/.m2/repository/javax/interceptor/javax.interceptor-api/1.2/javax.interceptor-api-1.2.jar:/home/runner/.m2/repository/javax/inject/javax.inject/1/javax.inject-1.jar:/home/runner/.m2/repository/javax/xml/bind/jaxb-api/2.3.0/jaxb-api-2.3.0.jar:/home/runner/.m2/repository/org/glassfish/jaxb/jaxb-runtime/2.3.0.1/jaxb-runtime-2.3.0.1.jar:/home/runner/.m2/repository/org/glassfish/jaxb/jaxb-core/2.3.0.1/jaxb-core-2.3.0.1.jar:/home/runner/.m2/repository/org/glassfish/jaxb/txw2/2.3.0.1/txw2-2.3.0.1.jar:/home/runner/.m2/repository/com/sun/istack/istack-commons-runtime/3.0.5/istack-commons-runtime-3.0.5.jar:/home/runner/.m2/repository/org/jvnet/staxex/stax-ex/1.7.8/stax-ex-1.7.8.jar:/home/runner/.m2/repository/com/sun/xml/fastinfoset/FastInfoset/1.2.13/FastInfoset-1.2.13.jar:/home/runner/.m2/repository/javax/activation/activation/1.1.1/activation-1.1.1.jar:/home/runner/.m2/repository/io/grpc/grpc-protobuf/1.51.1/grpc-protobuf-1.51.1.jar:/home/runner/.m2/repository/io/grpc/grpc-api/1.51.1/grpc-api-1.51.1.jar:/home/runner/.m2/repository/io/grpc/grpc-context/1.51.1/grpc-context-1.51.1.jar:/home/runner/.m2/repository/com/google/api/grpc/proto-google-common-protos/2.9.0/proto-google-common-protos-2.9.0.jar:/home/runner/.m2/repository/io/grpc/grpc-protobuf-lite/1.51.1/grpc-protobuf-lite-1.51.1.jar:/home/runner/.m2/repository/io/grpc/grpc-stub/1.51.1/grpc-stub-1.51.1.jar:/home/runner/.m2/repository/io/netty/netty-transport/4.1.86.Final/netty-transport-4.1.86.Final.jar:/home/runner/.m2/repository/io/netty/netty-resolver/4.1.86.Final/netty-resolver-4.1.86.Final.jar:/home/runner/.m2/repository/org/apache/ozone/ozone-csi/1.4.0-SNAPSHOT/ozone-csi-1.4.0-SNAPSHOT.jar:/home/runner/.m2/repository/com/google/protobuf/protobuf-java-util/3.19.6/protobuf-java-util-3.19.6.jar:/home/runner/.m2/repository/com/google/code/gson/gson/2.9.0/gson-2.9.0.jar:/home/runner/.m2/repository/org/apache/ozone/hdds-config/1.4.0-SNAPSHOT/hdds-config-1.4.0-SNAPSHOT.jar:/home/runner/.m2/repository/io/netty/netty-transport-native-epoll/4.1.86.Final/netty-transport-native-epoll-4.1.86.Final-linux-x86_64.jar:/home/runner/.m2/repository/io/netty/netty-transport-classes-epoll/4.1.86.Final/netty-transport-classes-epoll-4.1.86.Final.jar:/home/runner/.m2/repository/io/netty/netty-transport-native-unix-common/4.1.86.Final/netty-transport-native-unix-common-4.1.86.Final.jar:/home/runner/.m2/repository/org/apache/ozone/ozone-recon/1.4.0-SNAPSHOT/ozone-recon-1.4.0-SNAPSHOT.jar:/home/runner/.m2/repository/org/apache/ozone/ozone-reconcodegen/1.4.0-SNAPSHOT/ozone-reconcodegen-1.4.0-SNAPSHOT.jar:/home/runner/.m2/repository/com/google/inject/guice/5.1.0/guice-5.1.0.jar:/home/runner/.m2/repository/aopalliance/aopalliance/1.0/aopalliance-1.0.jar:/home/runner/.m2/repository/com/google/inject/extensions/guice-assistedinject/5.1.0/guice-assistedinject-5.1.0.jar:/home/runner/.m2/repository/com/google/inject/extensions/guice-servlet/5.1.0/guice-servlet-5.1.0.jar:/home/runner/.m2/repository/org/glassfish/jersey/containers/jersey-container-servlet/2.34/jersey-container-servlet-2.34.jar:/home/runner/.m2/repository/org/glassfish/hk2/guice-bridge/2.5.0/guice-bridge-2.5.0.jar:/home/runner/.m2/repository/org/glassfish/jersey/core/jersey-server/2.34/jersey-server-2.34.jar:/home/runner/.m2/repository/org/glassfish/jersey/core/jersey-client/2.34/jersey-client-2.34.jar:/home/runner/.m2/repository/jakarta/annotation/jakarta.annotation-api/1.3.5/jakarta.annotation-api-1.3.5.jar:/home/runner/.m2/repository/jakarta/validation/jakarta.validation-api/2.0.2/jakarta.validation-api-2.0.2.jar:/home/runner/.m2/repository/org/glassfish/jersey/media/jersey-media-json-jackson/2.34/jersey-media-json-jackson-2.34.jar:/home/runner/.m2/repository/org/glassfish/jersey/ext/jersey-entity-filtering/2.34/jersey-entity-filtering-2.34.jar:/home/runner/.m2/repository/org/jooq/jooq/3.11.10/jooq-3.11.10.jar:/home/runner/.m2/repository/org/jooq/jooq-meta/3.11.10/jooq-meta-3.11.10.jar:/home/runner/.m2/repository/org/jooq/jooq-codegen/3.11.10/jooq-codegen-3.11.10.jar:/home/runner/.m2/repository/com/jolbox/bonecp/0.8.0.RELEASE/bonecp-0.8.0.RELEASE.jar:/home/runner/.m2/repository/org/apache/derby/derby/10.14.2.0/derby-10.14.2.0.jar:/home/runner/.m2/repository/org/xerial/sqlite-jdbc/3.25.2/sqlite-jdbc-3.25.2.jar:/home/runner/.m2/repository/org/springframework/spring-jdbc/5.3.27/spring-jdbc-5.3.27.jar:/home/runner/.m2/repository/org/springframework/spring-beans/5.3.27/spring-beans-5.3.27.jar:/home/runner/.m2/repository/org/springframework/spring-core/5.3.27/spring-core-5.3.27.jar:/home/runner/.m2/repository/org/springframework/spring-tx/5.3.27/spring-tx-5.3.27.jar:/home/runner/.m2/repository/org/apache/ozone/ozone-client/1.4.0-SNAPSHOT/ozone-client-1.4.0-SNAPSHOT.jar:/home/runner/.m2/repository/org/apache/ozone/hdds-erasurecode/1.4.0-SNAPSHOT/hdds-erasurecode-1.4.0-SNAPSHOT.jar:/home/runner/.m2/repository/org/apache/ozone/ozone-filesystem/1.4.0-SNAPSHOT/ozone-filesystem-1.4.0-SNAPSHOT.jar:/home/runner/.m2/repository/org/apache/ozone/ozone-filesystem-common/1.4.0-SNAPSHOT/ozone-filesystem-common-1.4.0-SNAPSHOT.jar:/home/runner/.m2/repository/org/apache/ozone/ozone-tools/1.4.0-SNAPSHOT/ozone-tools-1.4.0-SNAPSHOT.jar:/home/runner/.m2/repository/com/amazonaws/aws-java-sdk-core/1.12.261/aws-java-sdk-core-1.12.261.jar:/home/runner/.m2/repository/org/apache/httpcomponents/httpclient/4.5.13/httpclient-4.5.13.jar:/home/runner/.m2/repository/org/apache/httpcomponents/httpcore/4.4.13/httpcore-4.4.13.jar:/home/runner/.m2/repository/software/amazon/ion/ion-java/1.0.2/ion-java-1.0.2.jar:/home/runner/.m2/repository/com/fasterxml/jackson/dataformat/jackson-dataformat-cbor/2.13.4/jackson-dataformat-cbor-2.13.4.jar:/home/runner/.m2/repository/joda-time/joda-time/2.10.6/joda-time-2.10.6.jar:/home/runner/.m2/repository/com/amazonaws/aws-java-sdk-s3/1.12.261/aws-java-sdk-s3-1.12.261.jar:/home/runner/.m2/repository/com/amazonaws/aws-java-sdk-kms/1.12.261/aws-java-sdk-kms-1.12.261.jar:/home/runner/.m2/repository/com/amazonaws/jmespath-java/1.12.261/jmespath-java-1.12.261.jar:/home/runner/.m2/repository/org/kohsuke/metainf-services/metainf-services/1.8/metainf-services-1.8.jar:/home/runner/.m2/repository/org/apache/ozone/hdds-tools/1.4.0-SNAPSHOT/hdds-tools-1.4.0-SNAPSHOT.jar:/home/runner/.m2/repository/org/apache/ratis/ratis-tools/2.4.2-8b8bdda-SNAPSHOT/ratis-tools-2.4.2-8b8bdda-SNAPSHOT.jar:/home/runner/.m2/repository/commons-cli/commons-cli/1.2/commons-cli-1.2.jar:/home/runner/.m2/repository/org/apache/commons/commons-lang3/3.7/commons-lang3-3.7.jar:/home/runner/.m2/repository/org/apache/ozone/ozone-manager/1.4.0-SNAPSHOT/ozone-manager-1.4.0-SNAPSHOT-tests.jar:/home/runner/.m2/repository/org/apache/ozone/hdds-common/1.4.0-SNAPSHOT/hdds-common-1.4.0-SNAPSHOT-tests.jar:/home/runner/.m2/repository/org/apache/ozone/hdds-hadoop-dependency-client/1.4.0-SNAPSHOT/hdds-hadoop-dependency-client-1.4.0-SNAPSHOT.jar:/home/runner/.m2/repository/info/picocli/picocli/4.6.1/picocli-4.6.1.jar:/home/runner/.m2/repository/com/fasterxml/jackson/core/jackson-annotations/2.13.4/jackson-annotations-2.13.4.jar:/home/runner/.m2/repository/org/apache/ozone/hdds-annotation-processing/1.4.0-SNAPSHOT/hdds-annotation-processing-1.4.0-SNAPSHOT.jar:/home/runner/.m2/repository/javax/annotation/javax.annotation-api/1.2/javax.annotation-api-1.2.jar:/home/runner/.m2/repository/org/apache/ratis/ratis-netty/2.4.2-8b8bdda-SNAPSHOT/ratis-netty-2.4.2-8b8bdda-SNAPSHOT.jar:/home/runner/.m2/repository/org/apache/ratis/ratis-grpc/2.4.2-8b8bdda-SNAPSHOT/ratis-grpc-2.4.2-8b8bdda-SNAPSHOT.jar:/home/runner/.m2/repository/org/apache/logging/log4j/log4j-api/2.17.1/log4j-api-2.17.1.jar:/home/runner/.m2/repository/org/apache/commons/commons-pool2/2.6.0/commons-pool2-2.6.0.jar:/home/runner/.m2/repository/org/bouncycastle/bcpkix-jdk15on/1.67/bcpkix-jdk15on-1.67.jar:/home/runner/.m2/repository/commons-validator/commons-validator/1.6/commons-validator-1.6.jar:/home/runner/.m2/repository/commons-beanutils/commons-beanutils/1.9.4/commons-beanutils-1.9.4.jar:/home/runner/.m2/repository/commons-digester/commons-digester/1.8.1/commons-digester-1.8.1.jar:/home/runner/.m2/repository/commons-collections/commons-collections/3.2.2/commons-collections-3.2.2.jar:/home/runner/.m2/repository/io/jaegertracing/jaeger-client/1.6.0/jaeger-client-1.6.0.jar:/home/runner/.m2/repository/io/jaegertracing/jaeger-thrift/1.6.0/jaeger-thrift-1.6.0.jar:/home/runner/.m2/repository/org/apache/thrift/libthrift/0.14.1/libthrift-0.14.1.jar:/home/runner/.m2/repository/io/jaegertracing/jaeger-core/1.6.0/jaeger-core-1.6.0.jar:/home/runner/.m2/repository/io/jaegertracing/jaeger-tracerresolver/1.6.0/jaeger-tracerresolver-1.6.0.jar:/home/runner/.m2/repository/io/opentracing/contrib/opentracing-tracerresolver/0.1.8/opentracing-tracerresolver-0.1.8.jar:/home/runner/.m2/repository/org/jetbrains/kotlin/kotlin-stdlib/1.6.21/kotlin-stdlib-1.6.21.jar:/home/runner/.m2/repository/org/jetbrains/annotations/13.0/annotations-13.0.jar:/home/runner/.m2/repository/io/opentracing/opentracing-util/0.33.0/opentracing-util-0.33.0.jar:/home/runner/.m2/repository/io/opentracing/opentracing-api/0.33.0/opentracing-api-0.33.0.jar:/home/runner/.m2/repository/io/opentracing/opentracing-noop/0.33.0/opentracing-noop-0.33.0.jar:/home/runner/.m2/repository/org/yaml/snakeyaml/2.0/snakeyaml-2.0.jar:/home/runner/.m2/repository/junit/junit/4.13.1/junit-4.13.1.jar:/home/runner/.m2/repository/org/hamcrest/hamcrest-core/1.3/hamcrest-core-1.3.jar:/home/runner/.m2/repository/org/junit/jupiter/junit-jupiter-api/5.8.2/junit-jupiter-api-5.8.2.jar:/home/runner/.m2/repository/org/opentest4j/opentest4j/1.2.0/opentest4j-1.2.0.jar:/home/runner/.m2/repository/org/junit/platform/junit-platform-commons/1.8.2/junit-platform-commons-1.8.2.jar:/home/runner/.m2/repository/org/apiguardian/apiguardian-api/1.1.2/apiguardian-api-1.1.2.jar:/home/runner/.m2/repository/org/junit/jupiter/junit-jupiter-params/5.8.2/junit-jupiter-params-5.8.2.jar:/home/runner/.m2/repository/org/junit/jupiter/junit-jupiter-migrationsupport/5.8.2/junit-jupiter-migrationsupport-5.8.2.jar:/home/runner/.m2/repository/org/junit/jupiter/junit-jupiter-engine/5.8.2/junit-jupiter-engine-5.8.2.jar:/home/runner/.m2/repository/org/junit/platform/junit-platform-engine/1.8.2/junit-platform-engine-1.8.2.jar:/home/runner/.m2/repository/org/junit/vintage/junit-vintage-engine/5.8.2/junit-vintage-engine-5.8.2.jar:/home/runner/.m2/repository/org/junit/platform/junit-platform-launcher/1.8.2/junit-platform-launcher-1.8.2.jar:/home/runner/.m2/repository/org/mockito/mockito-core/2.28.2/mockito-core-2.28.2.jar:/home/runner/.m2/repository/net/bytebuddy/byte-buddy/1.9.10/byte-buddy-1.9.10.jar:/home/runner/.m2/repository/net/bytebuddy/byte-buddy-agent/1.9.10/byte-buddy-agent-1.9.10.jar:/home/runner/.m2/repository/org/objenesis/objenesis/1.0/objenesis-1.0.jar:/home/runner/.m2/repository/org/apache/hadoop/hadoop-kms/3.3.5/hadoop-kms-3.3.5.jar:/home/runner/.m2/repository/org/apache/hadoop/hadoop-auth/3.3.5/hadoop-auth-3.3.5.jar:/home/runner/.m2/repository/com/nimbusds/nimbus-jose-jwt/9.8.1/nimbus-jose-jwt-9.8.1.jar:/home/runner/.m2/repository/com/github/stephenc/jcip/jcip-annotations/1.0-1/jcip-annotations-1.0-1.jar:/home/runner/.m2/repository/net/minidev/json-smart/2.4.7/json-smart-2.4.7.jar:/home/runner/.m2/repository/net/minidev/accessors-smart/2.4.7/accessors-smart-2.4.7.jar:/home/runner/.m2/repository/org/ow2/asm/asm/5.0.4/asm-5.0.4.jar:/home/runner/.m2/repository/org/apache/zookeeper/zookeeper/3.5.6/zookeeper-3.5.6.jar:/home/runner/.m2/repository/org/apache/zookeeper/zookeeper-jute/3.5.6/zookeeper-jute-3.5.6.jar:/home/runner/.m2/repository/org/apache/yetus/audience-annotations/0.5.0/audience-annotations-0.5.0.jar:/home/runner/.m2/repository/org/apache/curator/curator-framework/4.2.0/curator-framework-4.2.0.jar:/home/runner/.m2/repository/org/apache/hadoop/thirdparty/hadoop-shaded-guava/1.1.1/hadoop-shaded-guava-1.1.1.jar:/home/runner/.m2/repository/com/sun/jersey/jersey-core/1.19/jersey-core-1.19.jar:/home/runner/.m2/repository/javax/ws/rs/jsr311-api/1.1.1/jsr311-api-1.1.1.jar:/home/runner/.m2/repository/com/sun/jersey/jersey-server/1.19/jersey-server-1.19.jar:/home/runner/.m2/repository/javax/servlet/javax.servlet-api/3.1.0/javax.servlet-api-3.1.0.jar:/home/runner/.m2/repository/org/apache/hadoop/hadoop-common/3.3.5/hadoop-common-3.3.5.jar:/home/runner/.m2/repository/org/apache/commons/commons-math3/3.1.1/commons-math3-3.1.1.jar:/home/runner/.m2/repository/commons-net/commons-net/3.9.0/commons-net-3.9.0.jar:/home/runner/.m2/repository/com/sun/jersey/jersey-servlet/1.19/jersey-servlet-1.19.jar:/home/runner/.m2/repository/com/github/pjfanning/jersey-json/1.20/jersey-json-1.20.jar:/home/runner/.m2/repository/org/codehaus/jettison/jettison/1.1/jettison-1.1.jar:/home/runner/.m2/repository/com/sun/xml/bind/jaxb-impl/2.2.3-1/jaxb-impl-2.2.3-1.jar:/home/runner/.m2/repository/com/google/re2j/re2j/1.1/re2j-1.1.jar:/home/runner/.m2/repository/com/jcraft/jsch/0.1.54/jsch-0.1.54.jar:/home/runner/.m2/repository/org/apache/curator/curator-client/4.2.0/curator-client-4.2.0.jar:/home/runner/.m2/repository/org/apache/curator/curator-recipes/4.2.0/curator-recipes-4.2.0.jar:/home/runner/.m2/repository/org/apache/kerby/kerb-core/1.0.1/kerb-core-1.0.1.jar:/home/runner/.m2/repository/org/apache/kerby/kerby-pkix/1.0.1/kerby-pkix-1.0.1.jar:/home/runner/.m2/repository/org/apache/kerby/kerby-asn1/1.0.1/kerby-asn1-1.0.1.jar:/home/runner/.m2/repository/org/apache/kerby/kerby-util/1.0.1/kerby-util-1.0.1.jar:/home/runner/.m2/repository/dnsjava/dnsjava/2.1.7/dnsjava-2.1.7.jar:/home/runner/.m2/repository/org/xerial/snappy/snappy-java/1.1.8.2/snappy-java-1.1.8.2.jar:/home/runner/.m2/repository/com/fasterxml/jackson/core/jackson-databind/2.13.4.2/jackson-databind-2.13.4.2.jar:/home/runner/.m2/repository/org/apache/hadoop/hadoop-kms/3.3.5/hadoop-kms-3.3.5-tests.jar:/home/runner/.m2/repository/org/apache/ozone/hdds-server-scm/1.4.0-SNAPSHOT/hdds-server-scm-1.4.0-SNAPSHOT-tests.jar:/home/runner/.m2/repository/org/apache/ozone/hdds-container-service/1.4.0-SNAPSHOT/hdds-container-service-1.4.0-SNAPSHOT-tests.jar:/home/runner/.m2/repository/com/github/luben/zstd-jni/1.5.2-5/zstd-jni-1.5.2-5.jar:/home/runner/.m2/repository/commons-codec/commons-codec/1.15/commons-codec-1.15.jar:/home/runner/.m2/repository/io/netty/netty-codec/4.1.86.Final/netty-codec-4.1.86.Final.jar:/home/runner/.m2/repository/io/netty/netty-handler/4.1.86.Final/netty-handler-4.1.86.Final.jar:/home/runner/.m2/repository/org/apache/ozone/hdds-hadoop-dependency-test/1.4.0-SNAPSHOT/hdds-hadoop-dependency-test-1.4.0-SNAPSHOT.jar:/home/runner/.m2/repository/org/apache/hadoop/hadoop-common/3.3.5/hadoop-common-3.3.5-tests.jar:/home/runner/.m2/repository/org/apache/hadoop/hadoop-hdfs/3.3.5/hadoop-hdfs-3.3.5-tests.jar:/home/runner/.m2/repository/org/assertj/assertj-core/3.12.2/assertj-core-3.12.2.jar:/home/runner/.m2/repository/org/apache/hadoop/hadoop-distcp/3.3.5/hadoop-distcp-3.3.5.jar:/home/runner/.m2/repository/org/apache/hadoop/hadoop-mapreduce-client-jobclient/3.3.5/hadoop-mapreduce-client-jobclient-3.3.5.jar:/home/runner/.m2/repository/org/apache/hadoop/hadoop-mapreduce-client-common/3.3.5/hadoop-mapreduce-client-common-3.3.5.jar:/home/runner/.m2/repository/org/apache/hadoop/hadoop-yarn-common/3.3.5/hadoop-yarn-common-3.3.5.jar:/home/runner/.m2/repository/org/apache/hadoop/hadoop-yarn-api/3.3.5/hadoop-yarn-api-3.3.5.jar:/home/runner/.m2/repository/com/sun/jersey/contribs/jersey-guice/1.19/jersey-guice-1.19.jar:/home/runner/.m2/repository/com/fasterxml/jackson/jaxrs/jackson-jaxrs-json-provider/2.13.4/jackson-jaxrs-json-provider-2.13.4.jar:/home/runner/.m2/repository/com/fasterxml/jackson/jaxrs/jackson-jaxrs-base/2.13.4/jackson-jaxrs-base-2.13.4.jar:/home/runner/.m2/repository/org/apache/hadoop/hadoop-yarn-client/3.3.5/hadoop-yarn-client-3.3.5.jar:/home/runner/.m2/repository/org/eclipse/jetty/websocket/websocket-client/9.4.48.v20220622/websocket-client-9.4.48.v20220622.jar:/home/runner/.m2/repository/org/eclipse/jetty/websocket/websocket-common/9.4.48.v20220622/websocket-common-9.4.48.v20220622.jar:/home/runner/.m2/repository/org/eclipse/jetty/websocket/websocket-api/9.4.48.v20220622/websocket-api-9.4.48.v20220622.jar:/home/runner/.m2/repository/org/jline/jline/3.9.0/jline-3.9.0.jar:/home/runner/.m2/repository/org/apache/hadoop/hadoop-mapreduce-client-core/3.3.5/hadoop-mapreduce-client-core-3.3.5.jar:/home/runner/.m2/repository/org/apache/avro/avro/1.7.7/avro-1.7.7.jar:/home/runner/.m2/repository/com/thoughtworks/paranamer/paranamer/2.3/paranamer-2.3.jar:/home/runner/.m2/repository/org/apache/hadoop/hadoop-annotations/3.3.5/hadoop-annotations-3.3.5.jar:/usr/lib/jvm/temurin-8-jdk-amd64/jre/../lib/tools.jar:/home/runner/.m2/repository/io/netty/netty/3.10.6.Final/netty-3.10.6.Final.jar:/home/runner/.m2/repository/org/apache/hadoop/hadoop-distcp/3.3.5/hadoop-distcp-3.3.5-tests.jar:/home/runner/.m2/repository/org/slf4j/jul-to-slf4j/1.7.36/jul-to-slf4j-1.7.36.jar:"/>
    <property name="java.vm.vendor" value="Temurin"/>
    <property name="sun.arch.data.model" value="64"/>
    <property name="test.build.dir" value="/home/runner/work/ozone/ozone/hadoop-ozone/integration-test/target/test-dir"/>
    <property name="test.cache.data" value=""/>
    <property name="java.vendor.url" value="https://adoptium.net/"/>
    <property name="user.timezone" value="Etc/UTC"/>
    <property name="java.vm.specification.version" value="1.8"/>
    <property name="os.name" value="Linux"/>
    <property name="test.build.data" value="/home/runner/work/ozone/ozone/hadoop-ozone/integration-test/target/test-dir"/>
    <property name="sun.java.launcher" value="SUN_STANDARD"/>
    <property name="sun.boot.library.path" value="/usr/lib/jvm/temurin-8-jdk-amd64/jre/lib/amd64"/>
    <property name="sun.java.command" value="/home/runner/work/ozone/ozone/hadoop-ozone/integration-test/target/surefire/surefirebooter8766999342877499140.jar /home/runner/work/ozone/ozone/hadoop-ozone/integration-test/target/surefire 2023-05-04T21-37-00_317-jvmRun1 surefire4713059295924472421tmp surefire_166383746157016067263tmp"/>
    <property name="surefire.test.class.path" value="/home/runner/work/ozone/ozone/hadoop-ozone/integration-test/target/test-classes:/home/runner/work/ozone/ozone/hadoop-ozone/integration-test/target/classes:/home/runner/.m2/repository/org/apache/ozone/ozone-common/1.4.0-SNAPSHOT/ozone-common-1.4.0-SNAPSHOT.jar:/home/runner/.m2/repository/io/grpc/grpc-netty/1.51.1/grpc-netty-1.51.1.jar:/home/runner/.m2/repository/io/grpc/grpc-core/1.51.1/grpc-core-1.51.1.jar:/home/runner/.m2/repository/com/google/android/annotations/4.1.1.4/annotations-4.1.1.4.jar:/home/runner/.m2/repository/org/codehaus/mojo/animal-sniffer-annotations/1.21/animal-sniffer-annotations-1.21.jar:/home/runner/.m2/repository/com/google/errorprone/error_prone_annotations/2.2.0/error_prone_annotations-2.2.0.jar:/home/runner/.m2/repository/io/perfmark/perfmark-api/0.25.0/perfmark-api-0.25.0.jar:/home/runner/.m2/repository/io/netty/netty-codec-http2/4.1.86.Final/netty-codec-http2-4.1.86.Final.jar:/home/runner/.m2/repository/io/netty/netty-common/4.1.86.Final/netty-common-4.1.86.Final.jar:/home/runner/.m2/repository/io/netty/netty-buffer/4.1.86.Final/netty-buffer-4.1.86.Final.jar:/home/runner/.m2/repository/io/netty/netty-codec-http/4.1.86.Final/netty-codec-http-4.1.86.Final.jar:/home/runner/.m2/repository/io/netty/netty-handler-proxy/4.1.86.Final/netty-handler-proxy-4.1.86.Final.jar:/home/runner/.m2/repository/io/netty/netty-codec-socks/4.1.86.Final/netty-codec-socks-4.1.86.Final.jar:/home/runner/.m2/repository/io/netty/netty-tcnative-boringssl-static/2.0.54.Final/netty-tcnative-boringssl-static-2.0.54.Final.jar:/home/runner/.m2/repository/io/netty/netty-tcnative-classes/2.0.54.Final/netty-tcnative-classes-2.0.54.Final.jar:/home/runner/.m2/repository/io/netty/netty-tcnative-boringssl-static/2.0.54.Final/netty-tcnative-boringssl-static-2.0.54.Final-linux-x86_64.jar:/home/runner/.m2/repository/io/netty/netty-tcnative-boringssl-static/2.0.54.Final/netty-tcnative-boringssl-static-2.0.54.Final-linux-aarch_64.jar:/home/runner/.m2/repository/io/netty/netty-tcnative-boringssl-static/2.0.54.Final/netty-tcnative-boringssl-static-2.0.54.Final-osx-x86_64.jar:/home/runner/.m2/repository/io/netty/netty-tcnative-boringssl-static/2.0.54.Final/netty-tcnative-boringssl-static-2.0.54.Final-osx-aarch_64.jar:/home/runner/.m2/repository/io/netty/netty-tcnative-boringssl-static/2.0.54.Final/netty-tcnative-boringssl-static-2.0.54.Final-windows-x86_64.jar:/home/runner/.m2/repository/org/apache/commons/commons-compress/1.21/commons-compress-1.21.jar:/home/runner/.m2/repository/org/apache/ozone/hdds-common/1.4.0-SNAPSHOT/hdds-common-1.4.0-SNAPSHOT.jar:/home/runner/.m2/repository/org/apache/ozone/hdds-client/1.4.0-SNAPSHOT/hdds-client-1.4.0-SNAPSHOT.jar:/home/runner/.m2/repository/org/apache/ozone/ozone-interface-client/1.4.0-SNAPSHOT/ozone-interface-client-1.4.0-SNAPSHOT.jar:/home/runner/.m2/repository/org/apache/hadoop/hadoop-hdfs-client/3.3.5/hadoop-hdfs-client-3.3.5.jar:/home/runner/.m2/repository/com/squareup/okhttp3/okhttp/4.9.3/okhttp-4.9.3.jar:/home/runner/.m2/repository/com/squareup/okio/okio/2.8.0/okio-2.8.0.jar:/home/runner/.m2/repository/org/jetbrains/kotlin/kotlin-stdlib-common/1.6.21/kotlin-stdlib-common-1.6.21.jar:/home/runner/.m2/repository/org/apache/ozone/hdds-test-utils/1.4.0-SNAPSHOT/hdds-test-utils-1.4.0-SNAPSHOT.jar:/home/runner/.m2/repository/com/google/guava/guava/31.1-jre/guava-31.1-jre.jar:/home/runner/.m2/repository/com/google/guava/failureaccess/1.0.1/failureaccess-1.0.1.jar:/home/runner/.m2/repository/com/google/guava/listenablefuture/9999.0-empty-to-avoid-conflict-with-guava/listenablefuture-9999.0-empty-to-avoid-conflict-with-guava.jar:/home/runner/.m2/repository/com/google/code/findbugs/jsr305/3.0.0/jsr305-3.0.0.jar:/home/runner/.m2/repository/org/checkerframework/checker-qual/3.12.0/checker-qual-3.12.0.jar:/home/runner/.m2/repository/com/google/j2objc/j2objc-annotations/1.3/j2objc-annotations-1.3.jar:/home/runner/.m2/repository/commons-io/commons-io/2.11.0/commons-io-2.11.0.jar:/home/runner/.m2/repository/commons-logging/commons-logging/1.2/commons-logging-1.2.jar:/home/runner/.m2/repository/ch/qos/reload4j/reload4j/1.2.22/reload4j-1.2.22.jar:/home/runner/.m2/repository/org/slf4j/slf4j-api/1.7.36/slf4j-api-1.7.36.jar:/home/runner/.m2/repository/org/apache/ozone/hdds-server-scm/1.4.0-SNAPSHOT/hdds-server-scm-1.4.0-SNAPSHOT.jar:/home/runner/.m2/repository/org/apache/ozone/hdds-container-service/1.4.0-SNAPSHOT/hdds-container-service-1.4.0-SNAPSHOT.jar:/home/runner/.m2/repository/org/apache/ozone/hdds-hadoop-dependency-server/1.4.0-SNAPSHOT/hdds-hadoop-dependency-server-1.4.0-SNAPSHOT.jar:/home/runner/.m2/repository/org/apache/hadoop/hadoop-hdfs/3.3.5/hadoop-hdfs-3.3.5.jar:/home/runner/.m2/repository/commons-daemon/commons-daemon/1.0.13/commons-daemon-1.0.13.jar:/home/runner/.m2/repository/org/apache/ozone/hdds-server-framework/1.4.0-SNAPSHOT/hdds-server-framework-1.4.0-SNAPSHOT.jar:/home/runner/.m2/repository/io/dropwizard/metrics/metrics-core/3.2.4/metrics-core-3.2.4.jar:/home/runner/.m2/repository/org/apache/commons/commons-text/1.4/commons-text-1.4.jar:/home/runner/.m2/repository/org/bouncycastle/bcprov-jdk15on/1.67/bcprov-jdk15on-1.67.jar:/home/runner/.m2/repository/com/google/protobuf/protobuf-java/2.5.0/protobuf-java-2.5.0.jar:/home/runner/.m2/repository/org/apache/ozone/hdds-server-framework/1.4.0-SNAPSHOT/hdds-server-framework-1.4.0-SNAPSHOT-tests.jar:/home/runner/.m2/repository/org/apache/ozone/hdds-interface-server/1.4.0-SNAPSHOT/hdds-interface-server-1.4.0-SNAPSHOT.jar:/home/runner/.m2/repository/org/apache/ozone/hdds-interface-admin/1.4.0-SNAPSHOT/hdds-interface-admin-1.4.0-SNAPSHOT.jar:/home/runner/.m2/repository/org/apache/ozone/hdds-managed-rocksdb/1.4.0-SNAPSHOT/hdds-managed-rocksdb-1.4.0-SNAPSHOT.jar:/home/runner/.m2/repository/org/rocksdb/rocksdbjni/7.7.3/rocksdbjni-7.7.3.jar:/home/runner/.m2/repository/org/slf4j/slf4j-reload4j/1.7.36/slf4j-reload4j-1.7.36.jar:/home/runner/.m2/repository/org/apache/commons/commons-configuration2/2.1.1/commons-configuration2-2.1.1.jar:/home/runner/.m2/repository/org/apache/logging/log4j/log4j-core/2.17.1/log4j-core-2.17.1.jar:/home/runner/.m2/repository/com/lmax/disruptor/3.4.2/disruptor-3.4.2.jar:/home/runner/.m2/repository/org/eclipse/jetty/jetty-util/9.4.51.v20230217/jetty-util-9.4.51.v20230217.jar:/home/runner/.m2/repository/org/eclipse/jetty/jetty-server/9.4.51.v20230217/jetty-server-9.4.51.v20230217.jar:/home/runner/.m2/repository/org/eclipse/jetty/jetty-http/9.4.51.v20230217/jetty-http-9.4.51.v20230217.jar:/home/runner/.m2/repository/org/eclipse/jetty/jetty-io/9.4.51.v20230217/jetty-io-9.4.51.v20230217.jar:/home/runner/.m2/repository/org/eclipse/jetty/jetty-servlet/9.4.51.v20230217/jetty-servlet-9.4.51.v20230217.jar:/home/runner/.m2/repository/org/eclipse/jetty/jetty-security/9.4.51.v20230217/jetty-security-9.4.51.v20230217.jar:/home/runner/.m2/repository/org/eclipse/jetty/jetty-util-ajax/9.4.51.v20230217/jetty-util-ajax-9.4.51.v20230217.jar:/home/runner/.m2/repository/org/eclipse/jetty/jetty-webapp/9.4.51.v20230217/jetty-webapp-9.4.51.v20230217.jar:/home/runner/.m2/repository/org/eclipse/jetty/jetty-xml/9.4.51.v20230217/jetty-xml-9.4.51.v20230217.jar:/home/runner/.m2/repository/org/apache/ratis/ratis-server/2.4.2-8b8bdda-SNAPSHOT/ratis-server-2.4.2-8b8bdda-SNAPSHOT.jar:/home/runner/.m2/repository/org/apache/ratis/ratis-thirdparty-misc/1.0.3/ratis-thirdparty-misc-1.0.3.jar:/home/runner/.m2/repository/org/apache/ratis/ratis-proto/2.4.2-8b8bdda-SNAPSHOT/ratis-proto-2.4.2-8b8bdda-SNAPSHOT.jar:/home/runner/.m2/repository/org/apache/ratis/ratis-common/2.4.2-8b8bdda-SNAPSHOT/ratis-common-2.4.2-8b8bdda-SNAPSHOT.jar:/home/runner/.m2/repository/org/apache/ratis/ratis-client/2.4.2-8b8bdda-SNAPSHOT/ratis-client-2.4.2-8b8bdda-SNAPSHOT.jar:/home/runner/.m2/repository/org/apache/ratis/ratis-server-api/2.4.2-8b8bdda-SNAPSHOT/ratis-server-api-2.4.2-8b8bdda-SNAPSHOT.jar:/home/runner/.m2/repository/org/apache/ratis/ratis-metrics/2.4.2-8b8bdda-SNAPSHOT/ratis-metrics-2.4.2-8b8bdda-SNAPSHOT.jar:/home/runner/.m2/repository/io/prometheus/simpleclient_dropwizard/0.7.0/simpleclient_dropwizard-0.7.0.jar:/home/runner/.m2/repository/io/prometheus/simpleclient/0.7.0/simpleclient-0.7.0.jar:/home/runner/.m2/repository/io/prometheus/simpleclient_common/0.7.0/simpleclient_common-0.7.0.jar:/home/runner/.m2/repository/com/fasterxml/jackson/datatype/jackson-datatype-jsr310/2.13.4/jackson-datatype-jsr310-2.13.4.jar:/home/runner/.m2/repository/com/fasterxml/jackson/core/jackson-core/2.13.4/jackson-core-2.13.4.jar:/home/runner/.m2/repository/com/github/spotbugs/spotbugs-annotations/3.1.12/spotbugs-annotations-3.1.12.jar:/home/runner/.m2/repository/org/apache/ozone/rocksdb-checkpoint-differ/1.4.0-SNAPSHOT/rocksdb-checkpoint-differ-1.4.0-SNAPSHOT.jar:/home/runner/.m2/repository/org/awaitility/awaitility/4.2.0/awaitility-4.2.0.jar:/home/runner/.m2/repository/org/hamcrest/hamcrest/2.1/hamcrest-2.1.jar:/home/runner/.m2/repository/org/apache/ozone/ozone-manager/1.4.0-SNAPSHOT/ozone-manager-1.4.0-SNAPSHOT.jar:/home/runner/.m2/repository/org/aspectj/aspectjrt/1.9.7/aspectjrt-1.9.7.jar:/home/runner/.m2/repository/org/aspectj/aspectjweaver/1.9.7/aspectjweaver-1.9.7.jar:/home/runner/.m2/repository/org/apache/ozone/hdds-interface-client/1.4.0-SNAPSHOT/hdds-interface-client-1.4.0-SNAPSHOT.jar:/home/runner/.m2/repository/org/apache/hadoop/thirdparty/hadoop-shaded-protobuf_3_7/1.1.1/hadoop-shaded-protobuf_3_7-1.1.1.jar:/home/runner/.m2/repository/org/apache/ozone/ozone-interface-storage/1.4.0-SNAPSHOT/ozone-interface-storage-1.4.0-SNAPSHOT.jar:/home/runner/.m2/repository/org/reflections/reflections/0.9.11/reflections-0.9.11.jar:/home/runner/.m2/repository/com/sun/jersey/jersey-client/1.19/jersey-client-1.19.jar:/home/runner/.m2/repository/org/codehaus/jackson/jackson-core-asl/1.9.13/jackson-core-asl-1.9.13.jar:/home/runner/.m2/repository/org/codehaus/jackson/jackson-mapper-asl/1.9.13/jackson-mapper-asl-1.9.13.jar:/home/runner/.m2/repository/org/codehaus/jackson/jackson-jaxrs/1.9.13/jackson-jaxrs-1.9.13.jar:/home/runner/.m2/repository/org/apache/ranger/ranger-intg/2.3.0/ranger-intg-2.3.0.jar:/home/runner/.m2/repository/org/apache/ranger/ranger-plugins-common/2.3.0/ranger-plugins-common-2.3.0.jar:/home/runner/.m2/repository/commons-lang/commons-lang/2.6/commons-lang-2.6.jar:/home/runner/.m2/repository/org/apache/ranger/ranger-plugins-cred/2.3.0/ranger-plugins-cred-2.3.0.jar:/home/runner/.m2/repository/org/apache/ranger/ranger-plugins-audit/2.3.0/ranger-plugins-audit-2.3.0.jar:/home/runner/.m2/repository/org/eclipse/jetty/jetty-client/9.4.51.v20230217/jetty-client-9.4.51.v20230217.jar:/home/runner/.m2/repository/org/apache/httpcomponents/httpmime/4.5.6/httpmime-4.5.6.jar:/home/runner/.m2/repository/org/apache/httpcomponents/httpcore-nio/4.4.13/httpcore-nio-4.4.13.jar:/home/runner/.m2/repository/org/apache/httpcomponents/httpasyncclient/4.1.3/httpasyncclient-4.1.3.jar:/home/runner/.m2/repository/com/carrotsearch/hppc/0.8.0/hppc-0.8.0.jar:/home/runner/.m2/repository/org/apache/orc/orc-core/1.5.8/orc-core-1.5.8.jar:/home/runner/.m2/repository/net/java/dev/jna/jna/5.2.0/jna-5.2.0.jar:/home/runner/.m2/repository/net/java/dev/jna/jna-platform/5.2.0/jna-platform-5.2.0.jar:/home/runner/.m2/repository/com/kstruct/gethostname4j/0.0.2/gethostname4j-0.0.2.jar:/home/runner/.m2/repository/org/apache/ranger/ranger-plugin-classloader/2.3.0/ranger-plugin-classloader-2.3.0.jar:/home/runner/.m2/repository/org/apache/ozone/hdds-rocks-native/1.4.0-SNAPSHOT/hdds-rocks-native-1.4.0-SNAPSHOT.jar:/home/runner/.m2/repository/org/apache/hadoop/hadoop-minikdc/3.3.5/hadoop-minikdc-3.3.5.jar:/home/runner/.m2/repository/org/apache/kerby/kerb-simplekdc/1.0.1/kerb-simplekdc-1.0.1.jar:/home/runner/.m2/repository/org/apache/kerby/kerb-client/1.0.1/kerb-client-1.0.1.jar:/home/runner/.m2/repository/org/apache/kerby/kerby-config/1.0.1/kerby-config-1.0.1.jar:/home/runner/.m2/repository/org/apache/kerby/kerb-common/1.0.1/kerb-common-1.0.1.jar:/home/runner/.m2/repository/org/apache/kerby/kerb-crypto/1.0.1/kerb-crypto-1.0.1.jar:/home/runner/.m2/repository/org/apache/kerby/kerb-util/1.0.1/kerb-util-1.0.1.jar:/home/runner/.m2/repository/org/apache/kerby/token-provider/1.0.1/token-provider-1.0.1.jar:/home/runner/.m2/repository/org/apache/kerby/kerb-admin/1.0.1/kerb-admin-1.0.1.jar:/home/runner/.m2/repository/org/apache/kerby/kerb-server/1.0.1/kerb-server-1.0.1.jar:/home/runner/.m2/repository/org/apache/kerby/kerb-identity/1.0.1/kerb-identity-1.0.1.jar:/home/runner/.m2/repository/org/apache/kerby/kerby-xdr/1.0.1/kerby-xdr-1.0.1.jar:/home/runner/.m2/repository/org/apache/ozone/ozone-s3gateway/1.4.0-SNAPSHOT/ozone-s3gateway-1.4.0-SNAPSHOT.jar:/home/runner/.m2/repository/org/javassist/javassist/3.21.0-GA/javassist-3.21.0-GA.jar:/home/runner/.m2/repository/org/jboss/weld/servlet/weld-servlet-shaded/3.1.9.Final/weld-servlet-shaded-3.1.9.Final.jar:/home/runner/.m2/repository/org/glassfish/jersey/containers/jersey-container-servlet-core/2.34/jersey-container-servlet-core-2.34.jar:/home/runner/.m2/repository/org/glassfish/hk2/external/jakarta.inject/2.6.1/jakarta.inject-2.6.1.jar:/home/runner/.m2/repository/org/glassfish/jersey/core/jersey-common/2.34/jersey-common-2.34.jar:/home/runner/.m2/repository/jakarta/ws/rs/jakarta.ws.rs-api/2.1.6/jakarta.ws.rs-api-2.1.6.jar:/home/runner/.m2/repository/org/glassfish/jersey/ext/cdi/jersey-cdi1x/2.34/jersey-cdi1x-2.34.jar:/home/runner/.m2/repository/org/glassfish/jersey/inject/jersey-hk2/2.34/jersey-hk2-2.34.jar:/home/runner/.m2/repository/org/glassfish/hk2/hk2-locator/2.6.1/hk2-locator-2.6.1.jar:/home/runner/.m2/repository/org/glassfish/jersey/media/jersey-media-jaxb/2.34/jersey-media-jaxb-2.34.jar:/home/runner/.m2/repository/org/glassfish/hk2/osgi-resource-locator/1.0.3/osgi-resource-locator-1.0.3.jar:/home/runner/.m2/repository/org/glassfish/hk2/hk2-api/2.5.0/hk2-api-2.5.0.jar:/home/runner/.m2/repository/org/glassfish/hk2/hk2-utils/2.5.0/hk2-utils-2.5.0.jar:/home/runner/.m2/repository/org/glassfish/hk2/external/aopalliance-repackaged/2.5.0/aopalliance-repackaged-2.5.0.jar:/home/runner/.m2/repository/com/fasterxml/jackson/dataformat/jackson-dataformat-xml/2.13.4/jackson-dataformat-xml-2.13.4.jar:/home/runner/.m2/repository/org/codehaus/woodstox/stax2-api/4.2.1/stax2-api-4.2.1.jar:/home/runner/.m2/repository/com/fasterxml/woodstox/woodstox-core/5.4.0/woodstox-core-5.4.0.jar:/home/runner/.m2/repository/com/fasterxml/jackson/module/jackson-module-jaxb-annotations/2.13.4/jackson-module-jaxb-annotations-2.13.4.jar:/home/runner/.m2/repository/jakarta/xml/bind/jakarta.xml.bind-api/2.3.3/jakarta.xml.bind-api-2.3.3.jar:/home/runner/.m2/repository/jakarta/activation/jakarta.activation-api/1.2.2/jakarta.activation-api-1.2.2.jar:/home/runner/.m2/repository/javax/enterprise/cdi-api/2.0/cdi-api-2.0.jar:/home/runner/.m2/repository/javax/el/javax.el-api/3.0.0/javax.el-api-3.0.0.jar:/home/runner/.m2/repository/javax/interceptor/javax.interceptor-api/1.2/javax.interceptor-api-1.2.jar:/home/runner/.m2/repository/javax/inject/javax.inject/1/javax.inject-1.jar:/home/runner/.m2/repository/javax/xml/bind/jaxb-api/2.3.0/jaxb-api-2.3.0.jar:/home/runner/.m2/repository/org/glassfish/jaxb/jaxb-runtime/2.3.0.1/jaxb-runtime-2.3.0.1.jar:/home/runner/.m2/repository/org/glassfish/jaxb/jaxb-core/2.3.0.1/jaxb-core-2.3.0.1.jar:/home/runner/.m2/repository/org/glassfish/jaxb/txw2/2.3.0.1/txw2-2.3.0.1.jar:/home/runner/.m2/repository/com/sun/istack/istack-commons-runtime/3.0.5/istack-commons-runtime-3.0.5.jar:/home/runner/.m2/repository/org/jvnet/staxex/stax-ex/1.7.8/stax-ex-1.7.8.jar:/home/runner/.m2/repository/com/sun/xml/fastinfoset/FastInfoset/1.2.13/FastInfoset-1.2.13.jar:/home/runner/.m2/repository/javax/activation/activation/1.1.1/activation-1.1.1.jar:/home/runner/.m2/repository/io/grpc/grpc-protobuf/1.51.1/grpc-protobuf-1.51.1.jar:/home/runner/.m2/repository/io/grpc/grpc-api/1.51.1/grpc-api-1.51.1.jar:/home/runner/.m2/repository/io/grpc/grpc-context/1.51.1/grpc-context-1.51.1.jar:/home/runner/.m2/repository/com/google/api/grpc/proto-google-common-protos/2.9.0/proto-google-common-protos-2.9.0.jar:/home/runner/.m2/repository/io/grpc/grpc-protobuf-lite/1.51.1/grpc-protobuf-lite-1.51.1.jar:/home/runner/.m2/repository/io/grpc/grpc-stub/1.51.1/grpc-stub-1.51.1.jar:/home/runner/.m2/repository/io/netty/netty-transport/4.1.86.Final/netty-transport-4.1.86.Final.jar:/home/runner/.m2/repository/io/netty/netty-resolver/4.1.86.Final/netty-resolver-4.1.86.Final.jar:/home/runner/.m2/repository/org/apache/ozone/ozone-csi/1.4.0-SNAPSHOT/ozone-csi-1.4.0-SNAPSHOT.jar:/home/runner/.m2/repository/com/google/protobuf/protobuf-java-util/3.19.6/protobuf-java-util-3.19.6.jar:/home/runner/.m2/repository/com/google/code/gson/gson/2.9.0/gson-2.9.0.jar:/home/runner/.m2/repository/org/apache/ozone/hdds-config/1.4.0-SNAPSHOT/hdds-config-1.4.0-SNAPSHOT.jar:/home/runner/.m2/repository/io/netty/netty-transport-native-epoll/4.1.86.Final/netty-transport-native-epoll-4.1.86.Final-linux-x86_64.jar:/home/runner/.m2/repository/io/netty/netty-transport-classes-epoll/4.1.86.Final/netty-transport-classes-epoll-4.1.86.Final.jar:/home/runner/.m2/repository/io/netty/netty-transport-native-unix-common/4.1.86.Final/netty-transport-native-unix-common-4.1.86.Final.jar:/home/runner/.m2/repository/org/apache/ozone/ozone-recon/1.4.0-SNAPSHOT/ozone-recon-1.4.0-SNAPSHOT.jar:/home/runner/.m2/repository/org/apache/ozone/ozone-reconcodegen/1.4.0-SNAPSHOT/ozone-reconcodegen-1.4.0-SNAPSHOT.jar:/home/runner/.m2/repository/com/google/inject/guice/5.1.0/guice-5.1.0.jar:/home/runner/.m2/repository/aopalliance/aopalliance/1.0/aopalliance-1.0.jar:/home/runner/.m2/repository/com/google/inject/extensions/guice-assistedinject/5.1.0/guice-assistedinject-5.1.0.jar:/home/runner/.m2/repository/com/google/inject/extensions/guice-servlet/5.1.0/guice-servlet-5.1.0.jar:/home/runner/.m2/repository/org/glassfish/jersey/containers/jersey-container-servlet/2.34/jersey-container-servlet-2.34.jar:/home/runner/.m2/repository/org/glassfish/hk2/guice-bridge/2.5.0/guice-bridge-2.5.0.jar:/home/runner/.m2/repository/org/glassfish/jersey/core/jersey-server/2.34/jersey-server-2.34.jar:/home/runner/.m2/repository/org/glassfish/jersey/core/jersey-client/2.34/jersey-client-2.34.jar:/home/runner/.m2/repository/jakarta/annotation/jakarta.annotation-api/1.3.5/jakarta.annotation-api-1.3.5.jar:/home/runner/.m2/repository/jakarta/validation/jakarta.validation-api/2.0.2/jakarta.validation-api-2.0.2.jar:/home/runner/.m2/repository/org/glassfish/jersey/media/jersey-media-json-jackson/2.34/jersey-media-json-jackson-2.34.jar:/home/runner/.m2/repository/org/glassfish/jersey/ext/jersey-entity-filtering/2.34/jersey-entity-filtering-2.34.jar:/home/runner/.m2/repository/org/jooq/jooq/3.11.10/jooq-3.11.10.jar:/home/runner/.m2/repository/org/jooq/jooq-meta/3.11.10/jooq-meta-3.11.10.jar:/home/runner/.m2/repository/org/jooq/jooq-codegen/3.11.10/jooq-codegen-3.11.10.jar:/home/runner/.m2/repository/com/jolbox/bonecp/0.8.0.RELEASE/bonecp-0.8.0.RELEASE.jar:/home/runner/.m2/repository/org/apache/derby/derby/10.14.2.0/derby-10.14.2.0.jar:/home/runner/.m2/repository/org/xerial/sqlite-jdbc/3.25.2/sqlite-jdbc-3.25.2.jar:/home/runner/.m2/repository/org/springframework/spring-jdbc/5.3.27/spring-jdbc-5.3.27.jar:/home/runner/.m2/repository/org/springframework/spring-beans/5.3.27/spring-beans-5.3.27.jar:/home/runner/.m2/repository/org/springframework/spring-core/5.3.27/spring-core-5.3.27.jar:/home/runner/.m2/repository/org/springframework/spring-tx/5.3.27/spring-tx-5.3.27.jar:/home/runner/.m2/repository/org/apache/ozone/ozone-client/1.4.0-SNAPSHOT/ozone-client-1.4.0-SNAPSHOT.jar:/home/runner/.m2/repository/org/apache/ozone/hdds-erasurecode/1.4.0-SNAPSHOT/hdds-erasurecode-1.4.0-SNAPSHOT.jar:/home/runner/.m2/repository/org/apache/ozone/ozone-filesystem/1.4.0-SNAPSHOT/ozone-filesystem-1.4.0-SNAPSHOT.jar:/home/runner/.m2/repository/org/apache/ozone/ozone-filesystem-common/1.4.0-SNAPSHOT/ozone-filesystem-common-1.4.0-SNAPSHOT.jar:/home/runner/.m2/repository/org/apache/ozone/ozone-tools/1.4.0-SNAPSHOT/ozone-tools-1.4.0-SNAPSHOT.jar:/home/runner/.m2/repository/com/amazonaws/aws-java-sdk-core/1.12.261/aws-java-sdk-core-1.12.261.jar:/home/runner/.m2/repository/org/apache/httpcomponents/httpclient/4.5.13/httpclient-4.5.13.jar:/home/runner/.m2/repository/org/apache/httpcomponents/httpcore/4.4.13/httpcore-4.4.13.jar:/home/runner/.m2/repository/software/amazon/ion/ion-java/1.0.2/ion-java-1.0.2.jar:/home/runner/.m2/repository/com/fasterxml/jackson/dataformat/jackson-dataformat-cbor/2.13.4/jackson-dataformat-cbor-2.13.4.jar:/home/runner/.m2/repository/joda-time/joda-time/2.10.6/joda-time-2.10.6.jar:/home/runner/.m2/repository/com/amazonaws/aws-java-sdk-s3/1.12.261/aws-java-sdk-s3-1.12.261.jar:/home/runner/.m2/repository/com/amazonaws/aws-java-sdk-kms/1.12.261/aws-java-sdk-kms-1.12.261.jar:/home/runner/.m2/repository/com/amazonaws/jmespath-java/1.12.261/jmespath-java-1.12.261.jar:/home/runner/.m2/repository/org/kohsuke/metainf-services/metainf-services/1.8/metainf-services-1.8.jar:/home/runner/.m2/repository/org/apache/ozone/hdds-tools/1.4.0-SNAPSHOT/hdds-tools-1.4.0-SNAPSHOT.jar:/home/runner/.m2/repository/org/apache/ratis/ratis-tools/2.4.2-8b8bdda-SNAPSHOT/ratis-tools-2.4.2-8b8bdda-SNAPSHOT.jar:/home/runner/.m2/repository/commons-cli/commons-cli/1.2/commons-cli-1.2.jar:/home/runner/.m2/repository/org/apache/commons/commons-lang3/3.7/commons-lang3-3.7.jar:/home/runner/.m2/repository/org/apache/ozone/ozone-manager/1.4.0-SNAPSHOT/ozone-manager-1.4.0-SNAPSHOT-tests.jar:/home/runner/.m2/repository/org/apache/ozone/hdds-common/1.4.0-SNAPSHOT/hdds-common-1.4.0-SNAPSHOT-tests.jar:/home/runner/.m2/repository/org/apache/ozone/hdds-hadoop-dependency-client/1.4.0-SNAPSHOT/hdds-hadoop-dependency-client-1.4.0-SNAPSHOT.jar:/home/runner/.m2/repository/info/picocli/picocli/4.6.1/picocli-4.6.1.jar:/home/runner/.m2/repository/com/fasterxml/jackson/core/jackson-annotations/2.13.4/jackson-annotations-2.13.4.jar:/home/runner/.m2/repository/org/apache/ozone/hdds-annotation-processing/1.4.0-SNAPSHOT/hdds-annotation-processing-1.4.0-SNAPSHOT.jar:/home/runner/.m2/repository/javax/annotation/javax.annotation-api/1.2/javax.annotation-api-1.2.jar:/home/runner/.m2/repository/org/apache/ratis/ratis-netty/2.4.2-8b8bdda-SNAPSHOT/ratis-netty-2.4.2-8b8bdda-SNAPSHOT.jar:/home/runner/.m2/repository/org/apache/ratis/ratis-grpc/2.4.2-8b8bdda-SNAPSHOT/ratis-grpc-2.4.2-8b8bdda-SNAPSHOT.jar:/home/runner/.m2/repository/org/apache/logging/log4j/log4j-api/2.17.1/log4j-api-2.17.1.jar:/home/runner/.m2/repository/org/apache/commons/commons-pool2/2.6.0/commons-pool2-2.6.0.jar:/home/runner/.m2/repository/org/bouncycastle/bcpkix-jdk15on/1.67/bcpkix-jdk15on-1.67.jar:/home/runner/.m2/repository/commons-validator/commons-validator/1.6/commons-validator-1.6.jar:/home/runner/.m2/repository/commons-beanutils/commons-beanutils/1.9.4/commons-beanutils-1.9.4.jar:/home/runner/.m2/repository/commons-digester/commons-digester/1.8.1/commons-digester-1.8.1.jar:/home/runner/.m2/repository/commons-collections/commons-collections/3.2.2/commons-collections-3.2.2.jar:/home/runner/.m2/repository/io/jaegertracing/jaeger-client/1.6.0/jaeger-client-1.6.0.jar:/home/runner/.m2/repository/io/jaegertracing/jaeger-thrift/1.6.0/jaeger-thrift-1.6.0.jar:/home/runner/.m2/repository/org/apache/thrift/libthrift/0.14.1/libthrift-0.14.1.jar:/home/runner/.m2/repository/io/jaegertracing/jaeger-core/1.6.0/jaeger-core-1.6.0.jar:/home/runner/.m2/repository/io/jaegertracing/jaeger-tracerresolver/1.6.0/jaeger-tracerresolver-1.6.0.jar:/home/runner/.m2/repository/io/opentracing/contrib/opentracing-tracerresolver/0.1.8/opentracing-tracerresolver-0.1.8.jar:/home/runner/.m2/repository/org/jetbrains/kotlin/kotlin-stdlib/1.6.21/kotlin-stdlib-1.6.21.jar:/home/runner/.m2/repository/org/jetbrains/annotations/13.0/annotations-13.0.jar:/home/runner/.m2/repository/io/opentracing/opentracing-util/0.33.0/opentracing-util-0.33.0.jar:/home/runner/.m2/repository/io/opentracing/opentracing-api/0.33.0/opentracing-api-0.33.0.jar:/home/runner/.m2/repository/io/opentracing/opentracing-noop/0.33.0/opentracing-noop-0.33.0.jar:/home/runner/.m2/repository/org/yaml/snakeyaml/2.0/snakeyaml-2.0.jar:/home/runner/.m2/repository/junit/junit/4.13.1/junit-4.13.1.jar:/home/runner/.m2/repository/org/hamcrest/hamcrest-core/1.3/hamcrest-core-1.3.jar:/home/runner/.m2/repository/org/junit/jupiter/junit-jupiter-api/5.8.2/junit-jupiter-api-5.8.2.jar:/home/runner/.m2/repository/org/opentest4j/opentest4j/1.2.0/opentest4j-1.2.0.jar:/home/runner/.m2/repository/org/junit/platform/junit-platform-commons/1.8.2/junit-platform-commons-1.8.2.jar:/home/runner/.m2/repository/org/apiguardian/apiguardian-api/1.1.2/apiguardian-api-1.1.2.jar:/home/runner/.m2/repository/org/junit/jupiter/junit-jupiter-params/5.8.2/junit-jupiter-params-5.8.2.jar:/home/runner/.m2/repository/org/junit/jupiter/junit-jupiter-migrationsupport/5.8.2/junit-jupiter-migrationsupport-5.8.2.jar:/home/runner/.m2/repository/org/junit/jupiter/junit-jupiter-engine/5.8.2/junit-jupiter-engine-5.8.2.jar:/home/runner/.m2/repository/org/junit/platform/junit-platform-engine/1.8.2/junit-platform-engine-1.8.2.jar:/home/runner/.m2/repository/org/junit/vintage/junit-vintage-engine/5.8.2/junit-vintage-engine-5.8.2.jar:/home/runner/.m2/repository/org/junit/platform/junit-platform-launcher/1.8.2/junit-platform-launcher-1.8.2.jar:/home/runner/.m2/repository/org/mockito/mockito-core/2.28.2/mockito-core-2.28.2.jar:/home/runner/.m2/repository/net/bytebuddy/byte-buddy/1.9.10/byte-buddy-1.9.10.jar:/home/runner/.m2/repository/net/bytebuddy/byte-buddy-agent/1.9.10/byte-buddy-agent-1.9.10.jar:/home/runner/.m2/repository/org/objenesis/objenesis/1.0/objenesis-1.0.jar:/home/runner/.m2/repository/org/apache/hadoop/hadoop-kms/3.3.5/hadoop-kms-3.3.5.jar:/home/runner/.m2/repository/org/apache/hadoop/hadoop-auth/3.3.5/hadoop-auth-3.3.5.jar:/home/runner/.m2/repository/com/nimbusds/nimbus-jose-jwt/9.8.1/nimbus-jose-jwt-9.8.1.jar:/home/runner/.m2/repository/com/github/stephenc/jcip/jcip-annotations/1.0-1/jcip-annotations-1.0-1.jar:/home/runner/.m2/repository/net/minidev/json-smart/2.4.7/json-smart-2.4.7.jar:/home/runner/.m2/repository/net/minidev/accessors-smart/2.4.7/accessors-smart-2.4.7.jar:/home/runner/.m2/repository/org/ow2/asm/asm/5.0.4/asm-5.0.4.jar:/home/runner/.m2/repository/org/apache/zookeeper/zookeeper/3.5.6/zookeeper-3.5.6.jar:/home/runner/.m2/repository/org/apache/zookeeper/zookeeper-jute/3.5.6/zookeeper-jute-3.5.6.jar:/home/runner/.m2/repository/org/apache/yetus/audience-annotations/0.5.0/audience-annotations-0.5.0.jar:/home/runner/.m2/repository/org/apache/curator/curator-framework/4.2.0/curator-framework-4.2.0.jar:/home/runner/.m2/repository/org/apache/hadoop/thirdparty/hadoop-shaded-guava/1.1.1/hadoop-shaded-guava-1.1.1.jar:/home/runner/.m2/repository/com/sun/jersey/jersey-core/1.19/jersey-core-1.19.jar:/home/runner/.m2/repository/javax/ws/rs/jsr311-api/1.1.1/jsr311-api-1.1.1.jar:/home/runner/.m2/repository/com/sun/jersey/jersey-server/1.19/jersey-server-1.19.jar:/home/runner/.m2/repository/javax/servlet/javax.servlet-api/3.1.0/javax.servlet-api-3.1.0.jar:/home/runner/.m2/repository/org/apache/hadoop/hadoop-common/3.3.5/hadoop-common-3.3.5.jar:/home/runner/.m2/repository/org/apache/commons/commons-math3/3.1.1/commons-math3-3.1.1.jar:/home/runner/.m2/repository/commons-net/commons-net/3.9.0/commons-net-3.9.0.jar:/home/runner/.m2/repository/com/sun/jersey/jersey-servlet/1.19/jersey-servlet-1.19.jar:/home/runner/.m2/repository/com/github/pjfanning/jersey-json/1.20/jersey-json-1.20.jar:/home/runner/.m2/repository/org/codehaus/jettison/jettison/1.1/jettison-1.1.jar:/home/runner/.m2/repository/com/sun/xml/bind/jaxb-impl/2.2.3-1/jaxb-impl-2.2.3-1.jar:/home/runner/.m2/repository/com/google/re2j/re2j/1.1/re2j-1.1.jar:/home/runner/.m2/repository/com/jcraft/jsch/0.1.54/jsch-0.1.54.jar:/home/runner/.m2/repository/org/apache/curator/curator-client/4.2.0/curator-client-4.2.0.jar:/home/runner/.m2/repository/org/apache/curator/curator-recipes/4.2.0/curator-recipes-4.2.0.jar:/home/runner/.m2/repository/org/apache/kerby/kerb-core/1.0.1/kerb-core-1.0.1.jar:/home/runner/.m2/repository/org/apache/kerby/kerby-pkix/1.0.1/kerby-pkix-1.0.1.jar:/home/runner/.m2/repository/org/apache/kerby/kerby-asn1/1.0.1/kerby-asn1-1.0.1.jar:/home/runner/.m2/repository/org/apache/kerby/kerby-util/1.0.1/kerby-util-1.0.1.jar:/home/runner/.m2/repository/dnsjava/dnsjava/2.1.7/dnsjava-2.1.7.jar:/home/runner/.m2/repository/org/xerial/snappy/snappy-java/1.1.8.2/snappy-java-1.1.8.2.jar:/home/runner/.m2/repository/com/fasterxml/jackson/core/jackson-databind/2.13.4.2/jackson-databind-2.13.4.2.jar:/home/runner/.m2/repository/org/apache/hadoop/hadoop-kms/3.3.5/hadoop-kms-3.3.5-tests.jar:/home/runner/.m2/repository/org/apache/ozone/hdds-server-scm/1.4.0-SNAPSHOT/hdds-server-scm-1.4.0-SNAPSHOT-tests.jar:/home/runner/.m2/repository/org/apache/ozone/hdds-container-service/1.4.0-SNAPSHOT/hdds-container-service-1.4.0-SNAPSHOT-tests.jar:/home/runner/.m2/repository/com/github/luben/zstd-jni/1.5.2-5/zstd-jni-1.5.2-5.jar:/home/runner/.m2/repository/commons-codec/commons-codec/1.15/commons-codec-1.15.jar:/home/runner/.m2/repository/io/netty/netty-codec/4.1.86.Final/netty-codec-4.1.86.Final.jar:/home/runner/.m2/repository/io/netty/netty-handler/4.1.86.Final/netty-handler-4.1.86.Final.jar:/home/runner/.m2/repository/org/apache/ozone/hdds-hadoop-dependency-test/1.4.0-SNAPSHOT/hdds-hadoop-dependency-test-1.4.0-SNAPSHOT.jar:/home/runner/.m2/repository/org/apache/hadoop/hadoop-common/3.3.5/hadoop-common-3.3.5-tests.jar:/home/runner/.m2/repository/org/apache/hadoop/hadoop-hdfs/3.3.5/hadoop-hdfs-3.3.5-tests.jar:/home/runner/.m2/repository/org/assertj/assertj-core/3.12.2/assertj-core-3.12.2.jar:/home/runner/.m2/repository/org/apache/hadoop/hadoop-distcp/3.3.5/hadoop-distcp-3.3.5.jar:/home/runner/.m2/repository/org/apache/hadoop/hadoop-mapreduce-client-jobclient/3.3.5/hadoop-mapreduce-client-jobclient-3.3.5.jar:/home/runner/.m2/repository/org/apache/hadoop/hadoop-mapreduce-client-common/3.3.5/hadoop-mapreduce-client-common-3.3.5.jar:/home/runner/.m2/repository/org/apache/hadoop/hadoop-yarn-common/3.3.5/hadoop-yarn-common-3.3.5.jar:/home/runner/.m2/repository/org/apache/hadoop/hadoop-yarn-api/3.3.5/hadoop-yarn-api-3.3.5.jar:/home/runner/.m2/repository/com/sun/jersey/contribs/jersey-guice/1.19/jersey-guice-1.19.jar:/home/runner/.m2/repository/com/fasterxml/jackson/jaxrs/jackson-jaxrs-json-provider/2.13.4/jackson-jaxrs-json-provider-2.13.4.jar:/home/runner/.m2/repository/com/fasterxml/jackson/jaxrs/jackson-jaxrs-base/2.13.4/jackson-jaxrs-base-2.13.4.jar:/home/runner/.m2/repository/org/apache/hadoop/hadoop-yarn-client/3.3.5/hadoop-yarn-client-3.3.5.jar:/home/runner/.m2/repository/org/eclipse/jetty/websocket/websocket-client/9.4.48.v20220622/websocket-client-9.4.48.v20220622.jar:/home/runner/.m2/repository/org/eclipse/jetty/websocket/websocket-common/9.4.48.v20220622/websocket-common-9.4.48.v20220622.jar:/home/runner/.m2/repository/org/eclipse/jetty/websocket/websocket-api/9.4.48.v20220622/websocket-api-9.4.48.v20220622.jar:/home/runner/.m2/repository/org/jline/jline/3.9.0/jline-3.9.0.jar:/home/runner/.m2/repository/org/apache/hadoop/hadoop-mapreduce-client-core/3.3.5/hadoop-mapreduce-client-core-3.3.5.jar:/home/runner/.m2/repository/org/apache/avro/avro/1.7.7/avro-1.7.7.jar:/home/runner/.m2/repository/com/thoughtworks/paranamer/paranamer/2.3/paranamer-2.3.jar:/home/runner/.m2/repository/org/apache/hadoop/hadoop-annotations/3.3.5/hadoop-annotations-3.3.5.jar:/usr/lib/jvm/temurin-8-jdk-amd64/jre/../lib/tools.jar:/home/runner/.m2/repository/io/netty/netty/3.10.6.Final/netty-3.10.6.Final.jar:/home/runner/.m2/repository/org/apache/hadoop/hadoop-distcp/3.3.5/hadoop-distcp-3.3.5-tests.jar:/home/runner/.m2/repository/org/slf4j/jul-to-slf4j/1.7.36/jul-to-slf4j-1.7.36.jar:"/>
    <property name="sun.cpu.endian" value="little"/>
    <property name="user.home" value="/home/runner"/>
    <property name="user.language" value="en"/>
    <property name="java.specification.vendor" value="Oracle Corporation"/>
    <property name="java.home" value="/usr/lib/jvm/temurin-8-jdk-amd64/jre"/>
    <property name="java.security.krb5.conf" value="/home/runner/work/ozone/ozone/hadoop-ozone/integration-test/target/test-classes/krb5.conf"/>
    <property name="basedir" value="/home/runner/work/ozone/ozone/hadoop-ozone/integration-test"/>
    <property name="file.separator" value="/"/>
    <property name="line.separator" value="&#10;"/>
    <property name="java.vm.specification.vendor" value="Oracle Corporation"/>
    <property name="java.specification.name" value="Java Platform API Specification"/>
    <property name="java.awt.graphicsenv" value="sun.awt.X11GraphicsEnvironment"/>
    <property name="skip.installnpx" value="true"/>
    <property name="surefire.real.class.path" value="/home/runner/work/ozone/ozone/hadoop-ozone/integration-test/target/surefire/surefirebooter8766999342877499140.jar:/home/runner/.m2/repository/org/jacoco/org.jacoco.agent/0.8.5/org.jacoco.agent-0.8.5-runtime.jar"/>
    <property name="hadoop.log.dir" value="/home/runner/work/ozone/ozone/hadoop-ozone/integration-test/target/log"/>
    <property name="sun.boot.class.path" value="/usr/lib/jvm/temurin-8-jdk-amd64/jre/lib/resources.jar:/usr/lib/jvm/temurin-8-jdk-amd64/jre/lib/rt.jar:/usr/lib/jvm/temurin-8-jdk-amd64/jre/lib/sunrsasign.jar:/usr/lib/jvm/temurin-8-jdk-amd64/jre/lib/jsse.jar:/usr/lib/jvm/temurin-8-jdk-amd64/jre/lib/jce.jar:/usr/lib/jvm/temurin-8-jdk-amd64/jre/lib/charsets.jar:/usr/lib/jvm/temurin-8-jdk-amd64/jre/lib/jfr.jar:/usr/lib/jvm/temurin-8-jdk-amd64/jre/classes"/>
    <property name="sun.management.compiler" value="HotSpot 64-Bit Tiered Compilers"/>
    <property name="skip.npx" value="true"/>
    <property name="java.runtime.version" value="1.8.0_362-b09"/>
    <property name="java.net.preferIPv4Stack" value="true"/>
    <property name="user.name" value="runner"/>
    <property name="path.separator" value=":"/>
    <property name="java.security.egd" value="file:///dev/urandom"/>
    <property name="os.version" value="5.15.0-1036-azure"/>
    <property name="java.endorsed.dirs" value="/usr/lib/jvm/temurin-8-jdk-amd64/jre/lib/endorsed"/>
    <property name="java.runtime.name" value="OpenJDK Runtime Environment"/>
    <property name="file.encoding" value="UTF-8"/>
    <property name="java.vm.name" value="OpenJDK 64-Bit Server VM"/>
    <property name="test.build.webapps" value=""/>
    <property name="localRepository" value="/home/runner/.m2/repository"/>
    <property name="jetty.git.hash" value="b45c405e4544384de066f814ed42ae3dceacdd49"/>
    <property name="java.vendor.url.bug" value="https://github.com/adoptium/adoptium-support/issues"/>
    <property name="java.io.tmpdir" value="/tmp"/>
    <property name="require.test.libhadoop" value=""/>
    <property name="java.version" value="1.8.0_362"/>
    <property name="user.dir" value="/home/runner/work/ozone/ozone/hadoop-ozone/integration-test"/>
    <property name="os.arch" value="amd64"/>
    <property name="java.vm.specification.name" value="Java Virtual Machine Specification"/>
    <property name="test.build.classes" value="/home/runner/work/ozone/ozone/hadoop-ozone/integration-test/target/test-classes"/>
    <property name="java.awt.printerjob" value="sun.print.PSPrinterJob"/>
    <property name="sun.os.patch.level" value="unknown"/>
    <property name="org.apache.ratis.thirdparty.io.netty.allocator.useCacheForAllThreads" value="false"/>
    <property name="hadoop.tmp.dir" value="/home/runner/work/ozone/ozone/hadoop-ozone/integration-test/target/tmp"/>
    <property name="java.library.path" value="/usr/java/packages/lib/amd64:/usr/lib64:/lib64:/lib:/usr/lib"/>
    <property name="java.vm.info" value="mixed mode"/>
    <property name="java.vendor" value="Temurin"/>
    <property name="java.vm.version" value="25.362-b09"/>
    <property name="java.specification.maintenance.version" value="4"/>
    <property name="java.ext.dirs" value="/usr/lib/jvm/temurin-8-jdk-amd64/jre/lib/ext:/usr/java/packages/lib/ext"/>
    <property name="sun.io.unicode.encoding" value="UnicodeLittle"/>
    <property name="java.class.version" value="52.0"/>
  </properties>
  <testcase name="bucketUsedBytesOverWrite(BucketLayout)[1]" classname="org.apache.hadoop.ozone.client.rpc.TestOzoneRpcClient" time="12.164">
    <system-out><![CDATA[2023-05-04 21:54:07,941 [main] WARN  server.ServerUtils (ServerUtils.java:getScmDbDir(148)) - ozone.scm.db.dirs is not configured. We recommend adding this setting. Falling back to ozone.metadata.dirs instead.
2023-05-04 21:54:08,029 [main] WARN  server.ServerUtils (ServerUtils.java:getScmDbDir(148)) - ozone.scm.db.dirs is not configured. We recommend adding this setting. Falling back to ozone.metadata.dirs instead.
2023-05-04 21:54:08,032 [main] INFO  ha.SCMHANodeDetails (SCMHANodeDetails.java:loadSCMHAConfig(209)) - ServiceID for StorageContainerManager is null
2023-05-04 21:54:08,042 [main] WARN  ha.SCMHANodeDetails (SCMHANodeDetails.java:validateSCMHAConfig(182)) - Invalid config ozone.scm.ratis.enable. The config was not specified, but the default value true conflicts with the expected config value false. Falling back to the expected value. Current State of SCM: SCM is running in Non-HA without Ratis Ratis SCM -> Non Ratis SCM or Non HA SCM -> HA SCM is not supported
2023-05-04 21:54:08,043 [main] INFO  ha.SCMHANodeDetails (SCMHANodeDetails.java:loadSCMHAConfig(214)) - ozone.scm.default.service.id is not defined, falling back to ozone.scm.service.ids to find serviceID for StorageContainerManager if it is HA enabled cluster
2023-05-04 21:54:08,606 [main] WARN  utils.HAUtils (HAUtils.java:getMetaDir(350)) - ozone.scm.db.dirs is not configured. We recommend adding this setting. Falling back to ozone.metadata.dirs instead.
2023-05-04 21:54:08,738 [main] WARN  db.DBStoreBuilder (DBStoreBuilder.java:applyDBDefinition(165)) - ozone.scm.db.dirs is not configured. We recommend adding this setting. Falling back to ozone.metadata.dirs instead.
2023-05-04 21:54:08,940 [main] INFO  net.NodeSchemaLoader (NodeSchemaLoader.java:loadSchemaFromFile(129)) - Loading schema from [jar:file:/home/runner/.m2/repository/org/apache/ozone/hdds-common/1.4.0-SNAPSHOT/hdds-common-1.4.0-SNAPSHOT.jar!/network-topology-default.xml]
2023-05-04 21:54:08,942 [main] INFO  net.NodeSchemaLoader (NodeSchemaLoader.java:loadSchema(176)) - Loading network topology layer schema file
2023-05-04 21:54:08,985 [main] INFO  metrics.MetricRegistries (MetricRegistriesLoader.java:load(64)) - Loaded MetricRegistries class org.apache.ratis.metrics.impl.MetricRegistriesImpl
2023-05-04 21:54:08,999 [main] INFO  upgrade.AbstractLayoutVersionManager (AbstractLayoutVersionManager.java:init(83)) - Initializing Layout version manager with metadata layout = WEBUI_PORTS_IN_DATANODEDETAILS (version = 6), software layout = WEBUI_PORTS_IN_DATANODEDETAILS (version = 6)
2023-05-04 21:54:09,196 [main] INFO  reflections.Reflections (Reflections.java:scan(232)) - Reflections took 131 ms to scan 7 urls, producing 156 keys and 369 values 
2023-05-04 21:54:09,302 [main] INFO  ha.SequenceIdGenerator (SequenceIdGenerator.java:upgradeToSequenceId(349)) - upgrade localId to 111677748019200000
2023-05-04 21:54:09,302 [main] INFO  ha.SequenceIdGenerator (SequenceIdGenerator.java:upgradeToSequenceId(359)) - upgrade delTxnId to 0
2023-05-04 21:54:09,306 [main] INFO  ha.SequenceIdGenerator (SequenceIdGenerator.java:upgradeToSequenceId(376)) - upgrade containerId to 0
2023-05-04 21:54:09,308 [main] INFO  ha.SequenceIdGenerator (SequenceIdGenerator.java:<init>(220)) - Init the HA SequenceIdGenerator.
2023-05-04 21:54:09,367 [main] INFO  node.SCMNodeManager (SCMNodeManager.java:<init>(159)) - Entering startup safe mode.
2023-05-04 21:54:09,383 [main] INFO  algorithms.ContainerPlacementPolicyFactory (ContainerPlacementPolicyFactory.java:getPolicyInternal(86)) - Create container placement policy of type org.apache.hadoop.hdds.scm.container.placement.algorithms.SCMContainerPlacementRackAware
2023-05-04 21:54:09,387 [main] INFO  algorithms.ContainerPlacementPolicyFactory (ContainerPlacementPolicyFactory.java:getPolicyInternal(86)) - Create container placement policy of type org.apache.hadoop.hdds.scm.container.placement.algorithms.SCMContainerPlacementRackScatter
2023-05-04 21:54:09,396 [main] INFO  pipeline.PipelineStateManagerImpl (PipelineStateManagerImpl.java:initialize(78)) - No pipeline exists in current db
2023-05-04 21:54:09,429 [main] INFO  algorithms.LeaderChoosePolicyFactory (LeaderChoosePolicyFactory.java:getPolicy(57)) - Create leader choose policy of type org.apache.hadoop.hdds.scm.pipeline.leader.choose.algorithms.MinLeaderCountChoosePolicy
2023-05-04 21:54:09,430 [main] INFO  algorithms.ContainerPlacementPolicyFactory (ContainerPlacementPolicyFactory.java:getPolicyInternal(86)) - Create container placement policy of type org.apache.hadoop.hdds.scm.container.placement.algorithms.SCMContainerPlacementRackScatter
2023-05-04 21:54:09,436 [main] INFO  ha.SCMServiceManager (SCMServiceManager.java:register(42)) - Registering service BackgroundPipelineCreator.
2023-05-04 21:54:09,436 [main] INFO  pipeline.BackgroundPipelineCreator (BackgroundPipelineCreator.java:start(124)) - Starting RatisPipelineUtilsThread.
2023-05-04 21:54:09,440 [main] INFO  BackgroundPipelineScrubber (BackgroundSCMService.java:start(68)) - Starting BackgroundPipelineScrubber Service.
2023-05-04 21:54:09,441 [main] INFO  ha.SCMServiceManager (SCMServiceManager.java:register(42)) - Registering service BackgroundPipelineScrubber.
2023-05-04 21:54:09,447 [main] INFO  ExpiredContainerReplicaOpScrubber (BackgroundSCMService.java:start(68)) - Starting ExpiredContainerReplicaOpScrubber Service.
2023-05-04 21:54:09,448 [main] INFO  ha.SCMServiceManager (SCMServiceManager.java:register(42)) - Registering service ExpiredContainerReplicaOpScrubber.
2023-05-04 21:54:09,496 [main] INFO  algorithms.PipelineChoosePolicyFactory (PipelineChoosePolicyFactory.java:createPipelineChoosePolicyFromClass(73)) - Create pipeline choose policy of type org.apache.hadoop.hdds.scm.pipeline.choose.algorithms.RandomPipelineChoosePolicy
2023-05-04 21:54:09,516 [main] INFO  ha.SCMServiceManager (SCMServiceManager.java:register(42)) - Registering service SCMBlockDeletingService.
2023-05-04 21:54:09,590 [main] INFO  replication.ReplicationManager (ReplicationManager.java:start(293)) - Starting Replication Monitor Thread.
2023-05-04 21:54:09,601 [main] INFO  ha.SCMServiceManager (SCMServiceManager.java:register(42)) - Registering service ReplicationManager.
2023-05-04 21:54:09,604 [ReplicationMonitor] INFO  replication.ReplicationManager (ReplicationManager.java:processAll(368)) - Replication Manager is not ready to run until 3000ms after safemode exit
2023-05-04 21:54:09,619 [main] INFO  safemode.ContainerSafeModeRule (ContainerSafeModeRule.java:<init>(89)) - containers with one replica threshold count 0
2023-05-04 21:54:09,625 [main] INFO  safemode.HealthyPipelineSafeModeRule (HealthyPipelineSafeModeRule.java:initializeRule(169)) - Total pipeline count is 0, healthy pipeline threshold count is 1
2023-05-04 21:54:09,631 [main] INFO  safemode.OneReplicaPipelineSafeModeRule (OneReplicaPipelineSafeModeRule.java:initializeRule(180)) - Total pipeline count is 0, pipeline's with at least one datanode reported threshold count is 0
2023-05-04 21:54:09,691 [main] INFO  server.StorageContainerManager (StorageContainerManager.java:<init>(403)) - SCM start with adminUsers: [runner]
2023-05-04 21:54:10,004 [main] INFO  audit.AuditLogger (AuditLogger.java:refreshDebugCmdSet(126)) - Refresh DebugCmdSet for SCMAudit to [].
2023-05-04 21:54:10,044 [main] INFO  ipc.CallQueueManager (CallQueueManager.java:<init>(90)) - Using callQueue: class java.util.concurrent.LinkedBlockingQueue, queueCapacity: 2000, scheduler: class org.apache.hadoop.ipc.DefaultRpcScheduler, ipcBackoff: false.
2023-05-04 21:54:10,165 [Socket Reader #1 for port 0] INFO  ipc.Server (Server.java:run(1319)) - Starting Socket Reader #1 for port 0
2023-05-04 21:54:10,252 [Listener at 0.0.0.0/35509] INFO  audit.AuditLogger (AuditLogger.java:refreshDebugCmdSet(126)) - Refresh DebugCmdSet for SCMAudit to [].
2023-05-04 21:54:10,259 [Listener at 0.0.0.0/35509] INFO  ipc.CallQueueManager (CallQueueManager.java:<init>(90)) - Using callQueue: class java.util.concurrent.LinkedBlockingQueue, queueCapacity: 2000, scheduler: class org.apache.hadoop.ipc.DefaultRpcScheduler, ipcBackoff: false.
2023-05-04 21:54:10,260 [Socket Reader #1 for port 0] INFO  ipc.Server (Server.java:run(1319)) - Starting Socket Reader #1 for port 0
2023-05-04 21:54:10,292 [Listener at 0.0.0.0/35203] INFO  audit.AuditLogger (AuditLogger.java:refreshDebugCmdSet(126)) - Refresh DebugCmdSet for SCMAudit to [].
2023-05-04 21:54:10,305 [Listener at 0.0.0.0/35203] INFO  ipc.CallQueueManager (CallQueueManager.java:<init>(90)) - Using callQueue: class java.util.concurrent.LinkedBlockingQueue, queueCapacity: 2000, scheduler: class org.apache.hadoop.ipc.DefaultRpcScheduler, ipcBackoff: false.
2023-05-04 21:54:10,306 [Socket Reader #1 for port 0] INFO  ipc.Server (Server.java:run(1319)) - Starting Socket Reader #1 for port 0
2023-05-04 21:54:10,367 [Listener at 0.0.0.0/39697] INFO  ha.SCMServiceManager (SCMServiceManager.java:register(42)) - Registering service ContainerBalancer.
2023-05-04 21:54:10,368 [Listener at 0.0.0.0/39697] INFO  server.StorageContainerManager (StorageContainerManager.java:<init>(420)) - 
Container Balancer status:
Key                            Value
Running                        false
Container Balancer Configuration values:
Key                                                Value
Threshold                                          10
Max Datanodes to Involve per Iteration(percent)    20
Max Size to Move per Iteration                     500GB
Max Size Entering Target per Iteration             26GB
Max Size Leaving Source per Iteration              26GB

2023-05-04 21:54:10,368 [Listener at 0.0.0.0/39697] INFO  ha.SCMContext (SCMContext.java:updateSafeModeStatus(228)) - Update SafeModeStatus from SafeModeStatus{safeModeStatus=true, preCheckPassed=false} to SafeModeStatus{safeModeStatus=true, preCheckPassed=false}.
2023-05-04 21:54:10,378 [Listener at 0.0.0.0/39697] INFO  server.StorageContainerManager (StorageContainerManager.java:start(1477)) - StorageContainerLocationProtocol RPC server is listening at /0.0.0.0:39697
2023-05-04 21:54:10,462 [Listener at 0.0.0.0/39697] WARN  impl.MetricsConfig (MetricsConfig.java:loadFirst(136)) - Cannot locate configuration: tried hadoop-metrics2-storagecontainermanager.properties,hadoop-metrics2.properties
2023-05-04 21:54:10,479 [Listener at 0.0.0.0/39697] INFO  impl.MetricsSystemImpl (MetricsSystemImpl.java:startTimer(378)) - Scheduled Metric snapshot period at 10 second(s).
2023-05-04 21:54:10,479 [Listener at 0.0.0.0/39697] INFO  impl.MetricsSystemImpl (MetricsSystemImpl.java:start(191)) - StorageContainerManager metrics system started
2023-05-04 21:54:10,792 [Listener at 0.0.0.0/39697] INFO  server.SCMClientProtocolServer (SCMClientProtocolServer.java:start(199)) - RPC server for Client  is listening at /0.0.0.0:39697
2023-05-04 21:54:10,793 [IPC Server Responder] INFO  ipc.Server (Server.java:run(1558)) - IPC Server Responder: starting
2023-05-04 21:54:10,794 [IPC Server listener on 0] INFO  ipc.Server (Server.java:run(1398)) - IPC Server listener on 0: starting
2023-05-04 21:54:10,801 [Listener at 0.0.0.0/39697] INFO  server.StorageContainerManager (StorageContainerManager.java:start(1491)) - ScmBlockLocationProtocol RPC server is listening at /0.0.0.0:35203
2023-05-04 21:54:10,802 [Listener at 0.0.0.0/39697] INFO  server.SCMBlockProtocolServer (SCMBlockProtocolServer.java:start(152)) - RPC server for Block Protocol is listening at /0.0.0.0:35203
2023-05-04 21:54:10,804 [IPC Server Responder] INFO  ipc.Server (Server.java:run(1558)) - IPC Server Responder: starting
2023-05-04 21:54:10,804 [IPC Server listener on 0] INFO  ipc.Server (Server.java:run(1398)) - IPC Server listener on 0: starting
2023-05-04 21:54:10,816 [Listener at 0.0.0.0/39697] INFO  server.SCMDatanodeProtocolServer (SCMDatanodeProtocolServer.java:start(193)) - ScmDatanodeProtocol RPC server for DataNodes is listening at /0.0.0.0:35509
2023-05-04 21:54:10,817 [IPC Server Responder] INFO  ipc.Server (Server.java:run(1558)) - IPC Server Responder: starting
2023-05-04 21:54:10,818 [IPC Server listener on 0] INFO  ipc.Server (Server.java:run(1398)) - IPC Server listener on 0: starting
2023-05-04 21:54:10,867 [org.apache.hadoop.util.JvmPauseMonitor$Monitor@7a925ac4] INFO  util.JvmPauseMonitor (JvmPauseMonitor.java:run(188)) - Starting JVM pause monitor
2023-05-04 21:54:10,871 [Listener at 0.0.0.0/39697] INFO  http.BaseHttpServer (BaseHttpServer.java:newHttpServer2BuilderForOzone(224)) - Starting Web-server for scm at: http://0.0.0.0:0
2023-05-04 21:54:10,871 [Listener at 0.0.0.0/39697] INFO  http.BaseHttpServer (BaseHttpServer.java:<init>(111)) - Hadoop Security Enabled: false Ozone Security Enabled: false Ozone HTTP Security Enabled: false 
2023-05-04 21:54:10,898 [Listener at 0.0.0.0/39697] INFO  util.log (Log.java:initialized(170)) - Logging initialized @4701ms to org.eclipse.jetty.util.log.Slf4jLog
2023-05-04 21:54:11,006 [Listener at 0.0.0.0/39697] WARN  server.AuthenticationFilter (AuthenticationFilter.java:constructSecretProvider(240)) - Unable to initialize FileSignerSecretProvider, falling back to use random secrets. Reason: Could not read signature secret file: /home/runner/hadoop-http-auth-signature-secret
2023-05-04 21:54:11,012 [Listener at 0.0.0.0/39697] INFO  http.HttpRequestLog (HttpRequestLog.java:getRequestLog(86)) - Http request log for http.requests.scm is not defined
2023-05-04 21:54:11,021 [Listener at 0.0.0.0/39697] INFO  http.HttpServer2 (HttpServer2.java:addGlobalFilter(1031)) - Added global filter 'safety' (class=org.apache.hadoop.hdds.server.http.HttpServer2$QuotingInputFilter)
2023-05-04 21:54:11,024 [Listener at 0.0.0.0/39697] INFO  http.HttpServer2 (HttpServer2.java:addFilter(1007)) - Added filter static_user_filter (class=org.apache.hadoop.http.lib.StaticUserWebFilter$StaticUserFilter) to context scm
2023-05-04 21:54:11,024 [Listener at 0.0.0.0/39697] INFO  http.HttpServer2 (HttpServer2.java:addFilter(1015)) - Added filter static_user_filter (class=org.apache.hadoop.http.lib.StaticUserWebFilter$StaticUserFilter) to context static
2023-05-04 21:54:11,025 [Listener at 0.0.0.0/39697] INFO  http.HttpServer2 (HttpServer2.java:addFilter(1015)) - Added filter static_user_filter (class=org.apache.hadoop.http.lib.StaticUserWebFilter$StaticUserFilter) to context logs
2023-05-04 21:54:11,063 [Listener at 0.0.0.0/39697] INFO  http.BaseHttpServer (BaseHttpServer.java:<init>(190)) - HTTP server of scm uses base directory /home/runner/work/ozone/ozone/hadoop-ozone/integration-test/target/test-dir/MiniOzoneClusterImpl-52a188dd-66b8-45b2-ab7c-675c0ee04825/ozone-meta/webserver
2023-05-04 21:54:11,064 [Listener at 0.0.0.0/39697] INFO  http.HttpServer2 (HttpServer2.java:bindListener(1250)) - Jetty bound to port 41303
2023-05-04 21:54:11,066 [Listener at 0.0.0.0/39697] INFO  server.Server (Server.java:doStart(375)) - jetty-9.4.51.v20230217; built: 2023-02-17T08:19:37.309Z; git: b45c405e4544384de066f814ed42ae3dceacdd49; jvm 1.8.0_362-b09
2023-05-04 21:54:11,096 [Listener at 0.0.0.0/39697] INFO  server.session (DefaultSessionIdManager.java:doStart(334)) - DefaultSessionIdManager workerName=node0
2023-05-04 21:54:11,096 [Listener at 0.0.0.0/39697] INFO  server.session (DefaultSessionIdManager.java:doStart(339)) - No SessionScavenger set, using defaults
2023-05-04 21:54:11,098 [Listener at 0.0.0.0/39697] INFO  server.session (HouseKeeper.java:startScavenging(132)) - node0 Scavenging every 600000ms
2023-05-04 21:54:11,113 [Listener at 0.0.0.0/39697] INFO  handler.ContextHandler (ContextHandler.java:doStart(921)) - Started o.e.j.s.ServletContextHandler@db610c3{logs,/logs,file:///home/runner/work/ozone/ozone/hadoop-ozone/integration-test/target/log,AVAILABLE}
2023-05-04 21:54:11,114 [Listener at 0.0.0.0/39697] INFO  handler.ContextHandler (ContextHandler.java:doStart(921)) - Started o.e.j.s.ServletContextHandler@5a4833ab{static,/static,file:///home/runner/work/ozone/ozone/hadoop-ozone/integration-test/target/test-classes/webapps/static,AVAILABLE}
2023-05-04 21:54:11,159 [Listener at 0.0.0.0/39697] INFO  handler.ContextHandler (ContextHandler.java:doStart(921)) - Started o.e.j.w.WebAppContext@44189797{scm,/,file:///home/runner/work/ozone/ozone/hadoop-ozone/integration-test/target/test-classes/webapps/scm/,AVAILABLE}{file:/home/runner/work/ozone/ozone/hadoop-ozone/integration-test/target/test-classes/webapps/scm}
2023-05-04 21:54:11,171 [Listener at 0.0.0.0/39697] INFO  server.AbstractConnector (AbstractConnector.java:doStart(333)) - Started ServerConnector@2ca3a203{HTTP/1.1, (http/1.1)}{0.0.0.0:41303}
2023-05-04 21:54:11,174 [Listener at 0.0.0.0/39697] INFO  server.Server (Server.java:doStart(415)) - Started @4977ms
2023-05-04 21:54:11,177 [Listener at 0.0.0.0/39697] INFO  impl.MetricsSinkAdapter (MetricsSinkAdapter.java:start(204)) - Sink prometheus started
2023-05-04 21:54:11,177 [Listener at 0.0.0.0/39697] INFO  impl.MetricsSystemImpl (MetricsSystemImpl.java:registerSink(305)) - Registered sink prometheus
2023-05-04 21:54:11,179 [Listener at 0.0.0.0/39697] INFO  http.BaseHttpServer (BaseHttpServer.java:updateConnectorAddress(344)) - HTTP server of scm listening at http://0.0.0.0:41303
2023-05-04 21:54:11,183 [Listener at 0.0.0.0/39697] WARN  server.ServerUtils (ServerUtils.java:getDBPath(225)) - ozone.om.db.dirs is not configured. We recommend adding this setting. Falling back to ozone.metadata.dirs instead.
2023-05-04 21:54:11,240 [Listener at 0.0.0.0/39697] INFO  audit.AuditLogger (AuditLogger.java:refreshDebugCmdSet(126)) - Refresh DebugCmdSet for OMAudit to [].
2023-05-04 21:54:11,333 [Listener at 0.0.0.0/39697] INFO  ha.OMHANodeDetails (OMHANodeDetails.java:loadOMHAConfig(115)) - ozone.om.internal.service.id is not defined, falling back to ozone.om.service.ids to find serviceID for OzoneManager if it is HA enabled cluster
2023-05-04 21:54:11,338 [Listener at 0.0.0.0/39697] INFO  ha.OMHANodeDetails (OMHANodeDetails.java:loadOMHAConfig(226)) - Configuration does not have ozone.om.address set. Falling back to the default OM address /127.0.0.1:0
2023-05-04 21:54:11,338 [Listener at 0.0.0.0/39697] INFO  ha.OMHANodeDetails (OMHANodeDetails.java:getOMNodeDetailsForNonHA(254)) - OM Service ID is not set. Setting it to the default ID: omServiceIdDefault
2023-05-04 21:54:11,338 [Listener at 0.0.0.0/39697] INFO  ha.OMHANodeDetails (OMHANodeDetails.java:getOMNodeDetailsForNonHA(261)) - OM Node ID is not set. Setting it to the default ID: om1
2023-05-04 21:54:11,343 [Listener at 0.0.0.0/39697] WARN  server.ServerUtils (ServerUtils.java:getDBPath(225)) - ozone.om.db.dirs is not configured. We recommend adding this setting. Falling back to ozone.metadata.dirs instead.
2023-05-04 21:54:11,347 [Listener at 0.0.0.0/39697] INFO  upgrade.AbstractLayoutVersionManager (AbstractLayoutVersionManager.java:init(83)) - Initializing Layout version manager with metadata layout = HSYNC (version = 4), software layout = HSYNC (version = 4)
2023-05-04 21:54:11,444 [Listener at 0.0.0.0/39697] INFO  reflections.Reflections (Reflections.java:scan(232)) - Reflections took 95 ms to scan 2 urls, producing 172 keys and 478 values [using 2 cores]
2023-05-04 21:54:11,452 [Listener at 0.0.0.0/39697] INFO  upgrade.OMLayoutVersionManager (OMLayoutVersionManager.java:lambda$0(115)) - Skipping Upgrade Action MockOmUpgradeAction since it has been finalized.
2023-05-04 21:54:11,456 [Listener at 0.0.0.0/39697] WARN  server.ServerUtils (ServerUtils.java:getDBPath(225)) - ozone.om.db.dirs is not configured. We recommend adding this setting. Falling back to ozone.metadata.dirs instead.
2023-05-04 21:54:11,639 [Listener at 0.0.0.0/39697] INFO  proxy.SCMBlockLocationFailoverProxyProvider (SCMBlockLocationFailoverProxyProvider.java:<init>(114)) - Created block location fail-over proxy with 1 nodes: [nodeId=scmNodeId,nodeAddress=/0.0.0.0:35203]
2023-05-04 21:54:11,675 [Listener at 0.0.0.0/39697] INFO  proxy.SCMBlockLocationFailoverProxyProvider (SCMBlockLocationFailoverProxyProvider.java:<init>(114)) - Created block location fail-over proxy with 1 nodes: [nodeId=scmNodeId,nodeAddress=/0.0.0.0:35203]
2023-05-04 21:54:11,959 [Listener at 0.0.0.0/39697] INFO  om.OzoneManager (OzoneManager.java:<init>(634)) - OM start with adminUsers: [runner]
2023-05-04 21:54:11,972 [Listener at 0.0.0.0/39697] WARN  server.ServerUtils (ServerUtils.java:getDBPath(225)) - ozone.om.db.dirs is not configured. We recommend adding this setting. Falling back to ozone.metadata.dirs instead.
2023-05-04 21:54:11,981 [Listener at 0.0.0.0/39697] INFO  codec.OmKeyInfoCodec (OmKeyInfoCodec.java:<init>(49)) - OmKeyInfoCodec ignorePipeline = true
2023-05-04 21:54:11,983 [Listener at 0.0.0.0/39697] INFO  codec.RepeatedOmKeyInfoCodec (RepeatedOmKeyInfoCodec.java:<init>(41)) - RepeatedOmKeyInfoCodec ignorePipeline = true
2023-05-04 21:54:12,223 [Listener at 0.0.0.0/39697] INFO  om.OzoneManager (OzoneManager.java:instantiateServices(764)) - S3 Multi-Tenancy is disabled
2023-05-04 21:54:12,273 [Listener at 0.0.0.0/39697] WARN  server.ServerUtils (ServerUtils.java:getDBPath(225)) - ozone.om.snapshot.diff.db.dir is not configured. We recommend adding this setting. Falling back to ozone.metadata.dirs instead.
2023-05-04 21:54:12,380 [Listener at 0.0.0.0/39697] INFO  om.OzoneManager (OzoneManager.java:addS3GVolumeToDB(4263)) - Created Volume s3v With Owner runner required for S3Gateway operations.
2023-05-04 21:54:12,446 [Listener at 0.0.0.0/39697] WARN  server.ServerUtils (ServerUtils.java:getDefaultRatisDirectory(237)) - Storage directory for Ratis is not configured. It is a good idea to map this to an SSD disk. Falling back to ozone.metadata.dirs
2023-05-04 21:54:12,446 [Listener at 0.0.0.0/39697] WARN  utils.OzoneManagerRatisUtils (OzoneManagerRatisUtils.java:getOMRatisSnapshotDirectory(459)) - ozone.om.ratis.snapshot.dir is not configured. Falling back to ozone.metadata.dirs config
2023-05-04 21:54:12,465 [Listener at 0.0.0.0/39697] WARN  server.ServerUtils (ServerUtils.java:getDefaultRatisDirectory(237)) - Storage directory for Ratis is not configured. It is a good idea to map this to an SSD disk. Falling back to ozone.metadata.dirs
2023-05-04 21:54:12,496 [Listener at 0.0.0.0/39697] INFO  ratis.OzoneManagerRatisServer (OzoneManagerRatisServer.java:<init>(163)) - Instantiating OM Ratis server with groupID: omServiceIdDefault and peers: localhost:9872
2023-05-04 21:54:12,505 [Listener at 0.0.0.0/39697] INFO  ratis.OzoneManagerStateMachine (OzoneManagerStateMachine.java:loadSnapshotInfoFromDB(670)) - LastAppliedIndex is set from TransactionInfo from OM DB as (t:0, i:~)
2023-05-04 21:54:12,551 [Listener at 0.0.0.0/39697] INFO  server.RaftServer (ConfUtils.java:logGet(46)) - raft.rpc.type = GRPC (default)
2023-05-04 21:54:12,622 [Listener at 0.0.0.0/39697] INFO  grpc.GrpcConfigKeys (ConfUtils.java:logFallback(53)) - raft.grpc.admin.host = null (fallback to raft.grpc.server.host)
2023-05-04 21:54:12,624 [Listener at 0.0.0.0/39697] INFO  grpc.GrpcConfigKeys (ConfUtils.java:logFallback(53)) - raft.grpc.admin.port = 9872 (fallback to raft.grpc.server.port)
2023-05-04 21:54:12,624 [Listener at 0.0.0.0/39697] INFO  grpc.GrpcConfigKeys (ConfUtils.java:logFallback(53)) - raft.grpc.client.host = null (fallback to raft.grpc.server.host)
2023-05-04 21:54:12,625 [Listener at 0.0.0.0/39697] INFO  grpc.GrpcConfigKeys (ConfUtils.java:logFallback(53)) - raft.grpc.client.port = 9872 (fallback to raft.grpc.server.port)
2023-05-04 21:54:12,625 [Listener at 0.0.0.0/39697] INFO  grpc.GrpcConfigKeys (ConfUtils.java:logGet(46)) - raft.grpc.server.host = null (default)
2023-05-04 21:54:12,625 [Listener at 0.0.0.0/39697] INFO  grpc.GrpcConfigKeys (ConfUtils.java:logGet(46)) - raft.grpc.server.port = 9872 (custom)
2023-05-04 21:54:12,626 [Listener at 0.0.0.0/39697] INFO  server.GrpcService (ConfUtils.java:logGet(46)) - raft.grpc.message.size.max = 33554432 (custom)
2023-05-04 21:54:12,627 [Listener at 0.0.0.0/39697] INFO  server.RaftServerConfigKeys (ConfUtils.java:logGet(46)) - raft.server.log.appender.buffer.byte-limit = 33554432 (custom)
2023-05-04 21:54:12,628 [Listener at 0.0.0.0/39697] INFO  server.GrpcService (ConfUtils.java:logGet(46)) - raft.grpc.flow.control.window = 1MB (=1048576) (default)
2023-05-04 21:54:12,628 [Listener at 0.0.0.0/39697] INFO  server.RaftServerConfigKeys (ConfUtils.java:logGet(46)) - raft.server.rpc.request.timeout = 3000ms (default)
2023-05-04 21:54:12,639 [Listener at 0.0.0.0/39697] INFO  grpc.GrpcConfigKeys (ConfUtils.java:logGet(46)) - raft.grpc.server.heartbeat.channel = true (default)
2023-05-04 21:54:12,642 [Listener at 0.0.0.0/39697] INFO  grpc.GrpcConfigKeys (ConfUtils.java:logGet(46)) - raft.grpc.server.async.request.thread.pool.cached = true (default)
2023-05-04 21:54:12,643 [Listener at 0.0.0.0/39697] INFO  grpc.GrpcConfigKeys (ConfUtils.java:logGet(46)) - raft.grpc.server.async.request.thread.pool.size = 32 (default)
2023-05-04 21:54:12,889 [Listener at 0.0.0.0/39697] INFO  impl.DataStreamServerImpl (ConfUtils.java:logGet(46)) - raft.datastream.type = DISABLED (default)
2023-05-04 21:54:12,892 [Listener at 0.0.0.0/39697] INFO  server.RaftServerConfigKeys (ConfUtils.java:logGet(46)) - raft.server.threadpool.proxy.cached = true (default)
2023-05-04 21:54:12,892 [Listener at 0.0.0.0/39697] INFO  server.RaftServerConfigKeys (ConfUtils.java:logGet(46)) - raft.server.threadpool.proxy.size = 0 (default)
2023-05-04 21:54:12,893 [Listener at 0.0.0.0/39697] INFO  server.RaftServerConfigKeys (ConfUtils.java:logGet(46)) - raft.server.rpc.slowness.timeout = 120s (custom)
2023-05-04 21:54:12,893 [Listener at 0.0.0.0/39697] INFO  server.RaftServerConfigKeys (ConfUtils.java:logGet(46)) - raft.server.leaderelection.leader.step-down.wait-time = 10s (default)
2023-05-04 21:54:12,896 [Listener at 0.0.0.0/39697] INFO  server.RaftServerConfigKeys (ConfUtils.java:logGet(46)) - raft.server.storage.dir = [/home/runner/work/ozone/ozone/hadoop-ozone/integration-test/target/test-dir/MiniOzoneClusterImpl-52a188dd-66b8-45b2-ab7c-675c0ee04825/ozone-meta/ratis] (custom)
2023-05-04 21:54:12,904 [Listener at 0.0.0.0/39697] INFO  server.RaftServer (RaftServerProxy.java:addNew(96)) - om1: addNew group-C5BA1605619E:[om1|rpc:localhost:9872|priority:0|startupRole:FOLLOWER] returns group-C5BA1605619E:java.util.concurrent.CompletableFuture@682d4502[Not completed]
2023-05-04 21:54:12,904 [Listener at 0.0.0.0/39697] INFO  om.OzoneManager (OzoneManager.java:initializeRatisServer(2106)) - OzoneManager Ratis server initialized at port 9872
2023-05-04 21:54:12,907 [Listener at 0.0.0.0/39697] INFO  om.OzoneManager (OzoneManager.java:getRpcServer(1153)) - Creating RPC Server
2023-05-04 21:54:12,936 [pool-61-thread-1] INFO  server.RaftServer$Division (RaftServerImpl.java:<init>(195)) - om1: new RaftServerImpl for group-C5BA1605619E:[om1|rpc:localhost:9872|priority:0|startupRole:FOLLOWER] with OzoneManagerStateMachine:uninitialized
2023-05-04 21:54:12,938 [pool-61-thread-1] INFO  server.RaftServerConfigKeys (ConfUtils.java:logGet(46)) - raft.server.rpc.timeout.min = 1s (custom)
2023-05-04 21:54:12,939 [pool-61-thread-1] INFO  server.RaftServerConfigKeys (ConfUtils.java:logGet(46)) - raft.server.rpc.timeout.max = 1200ms (custom)
2023-05-04 21:54:12,939 [pool-61-thread-1] INFO  server.RaftServerConfigKeys (ConfUtils.java:logGet(46)) - raft.server.rpc.sleep.time = 25ms (default)
2023-05-04 21:54:12,939 [pool-61-thread-1] INFO  server.RaftServerConfigKeys (ConfUtils.java:logGet(46)) - raft.server.rpc.slowness.timeout = 120s (custom)
2023-05-04 21:54:12,939 [pool-61-thread-1] INFO  server.RaftServerConfigKeys (ConfUtils.java:logGet(46)) - raft.server.leaderelection.leader.step-down.wait-time = 10s (default)
2023-05-04 21:54:12,939 [pool-61-thread-1] INFO  server.RaftServerConfigKeys (ConfUtils.java:logGet(46)) - raft.server.sleep.deviation.threshold = 300ms (default)
2023-05-04 21:54:12,947 [pool-61-thread-1] INFO  server.RaftServer$Division (ServerState.java:<init>(118)) - om1@group-C5BA1605619E: ConfigurationManager, init=-1: peers:[om1|rpc:localhost:9872|priority:0|startupRole:FOLLOWER]|listeners:[], old=null, confs=<EMPTY_MAP>
2023-05-04 21:54:12,947 [pool-61-thread-1] INFO  server.RaftServerConfigKeys (ConfUtils.java:logGet(46)) - raft.server.storage.dir = [/home/runner/work/ozone/ozone/hadoop-ozone/integration-test/target/test-dir/MiniOzoneClusterImpl-52a188dd-66b8-45b2-ab7c-675c0ee04825/ozone-meta/ratis] (custom)
2023-05-04 21:54:12,956 [pool-61-thread-1] INFO  server.RaftServerConfigKeys (ConfUtils.java:logGet(46)) - raft.server.log.corruption.policy = EXCEPTION (default)
2023-05-04 21:54:12,957 [pool-61-thread-1] INFO  server.RaftServerConfigKeys (ConfUtils.java:logGet(46)) - raft.server.storage.free-space.min = 0MB (=0) (default)
2023-05-04 21:54:12,975 [pool-61-thread-1] INFO  server.RaftServerConfigKeys (ConfUtils.java:logGet(46)) - raft.server.notification.no-leader.timeout = 120s (custom)
2023-05-04 21:54:12,978 [pool-61-thread-1] INFO  server.RaftServerConfigKeys (ConfUtils.java:logGet(46)) - raft.server.retrycache.expirytime = 300s (custom)
2023-05-04 21:54:12,979 [pool-61-thread-1] INFO  server.RaftServerConfigKeys (ConfUtils.java:logGet(46)) - raft.server.retrycache.statistics.expirytime = 100μs (default)
2023-05-04 21:54:13,098 [pool-61-thread-1] INFO  server.RaftServerConfigKeys (ConfUtils.java:logGet(46)) - raft.server.log.appender.install.snapshot.enabled = false (custom)
2023-05-04 21:54:13,098 [pool-61-thread-1] INFO  server.RaftServerConfigKeys (ConfUtils.java:logGet(46)) - raft.server.threadpool.server.cached = true (default)
2023-05-04 21:54:13,098 [pool-61-thread-1] INFO  server.RaftServerConfigKeys (ConfUtils.java:logGet(46)) - raft.server.threadpool.server.size = 0 (default)
2023-05-04 21:54:13,099 [pool-61-thread-1] INFO  server.RaftServerConfigKeys (ConfUtils.java:logGet(46)) - raft.server.threadpool.client.cached = true (default)
2023-05-04 21:54:13,099 [pool-61-thread-1] INFO  server.RaftServerConfigKeys (ConfUtils.java:logGet(46)) - raft.server.threadpool.client.size = 0 (default)
2023-05-04 21:54:13,779 [Listener at 0.0.0.0/39697] INFO  reflections.Reflections (Reflections.java:scan(232)) - Reflections took 766 ms to scan 19 urls, producing 68 keys and 5132 values [using 2 cores]
2023-05-04 21:54:14,119 [Listener at 0.0.0.0/39697] INFO  ipc.CallQueueManager (CallQueueManager.java:<init>(90)) - Using callQueue: class java.util.concurrent.LinkedBlockingQueue, queueCapacity: 2000, scheduler: class org.apache.hadoop.ipc.DefaultRpcScheduler, ipcBackoff: false.
2023-05-04 21:54:14,122 [Socket Reader #1 for port 0] INFO  ipc.Server (Server.java:run(1319)) - Starting Socket Reader #1 for port 0
2023-05-04 21:54:14,166 [Listener at 127.0.0.1/45425] INFO  impl.MetricsSystemImpl (MetricsSystemImpl.java:init(158)) - OzoneManager metrics system started (again)
2023-05-04 21:54:14,180 [Listener at 127.0.0.1/45425] INFO  om.OzoneManager (OzoneManager.java:start(1574)) - OzoneManager RPC server is listening at localhost/127.0.0.1:45425
2023-05-04 21:54:14,180 [Listener at 127.0.0.1/45425] INFO  ratis.OzoneManagerRatisServer (OzoneManagerRatisServer.java:start(558)) - Starting OzoneManagerRatisServer om1 at port 9872
2023-05-04 21:54:14,184 [om1-impl-thread1] INFO  storage.RaftStorageDirectory (RaftStorageDirectoryImpl.java:analyzeStorage(137)) - The storage directory /home/runner/work/ozone/ozone/hadoop-ozone/integration-test/target/test-dir/MiniOzoneClusterImpl-52a188dd-66b8-45b2-ab7c-675c0ee04825/ozone-meta/ratis/bf265839-605b-3f16-9796-c5ba1605619e does not exist. Creating ...
2023-05-04 21:54:14,188 [om1-impl-thread1] INFO  storage.RaftStorageDirectory (RaftStorageDirectoryImpl.java:tryLock(231)) - Lock on /home/runner/work/ozone/ozone/hadoop-ozone/integration-test/target/test-dir/MiniOzoneClusterImpl-52a188dd-66b8-45b2-ab7c-675c0ee04825/ozone-meta/ratis/bf265839-605b-3f16-9796-c5ba1605619e/in_use.lock acquired by nodename 25128@fv-az133-721
2023-05-04 21:54:14,193 [om1-impl-thread1] INFO  storage.RaftStorage (RaftStorageImpl.java:format(96)) - Storage directory /home/runner/work/ozone/ozone/hadoop-ozone/integration-test/target/test-dir/MiniOzoneClusterImpl-52a188dd-66b8-45b2-ab7c-675c0ee04825/ozone-meta/ratis/bf265839-605b-3f16-9796-c5ba1605619e has been successfully formatted.
2023-05-04 21:54:14,196 [om1-impl-thread1] INFO  server.RaftServerConfigKeys (ConfUtils.java:logGet(46)) - raft.server.log.use.memory = false (default)
2023-05-04 21:54:14,203 [om1-impl-thread1] INFO  server.RaftServerConfigKeys (ConfUtils.java:logGet(46)) - raft.server.log.purge.gap = 1000000 (custom)
2023-05-04 21:54:14,203 [om1-impl-thread1] INFO  server.RaftServerConfigKeys (ConfUtils.java:logGet(46)) - raft.server.log.appender.buffer.byte-limit = 33554432 (custom)
2023-05-04 21:54:14,204 [om1-impl-thread1] INFO  server.RaftServerConfigKeys (ConfUtils.java:logGet(46)) - raft.server.log.statemachine.data.read.timeout = 1000ms (default)
2023-05-04 21:54:14,205 [om1-impl-thread1] INFO  server.RaftServerConfigKeys (ConfUtils.java:logGet(46)) - raft.server.log.purge.preservation.log.num = 0 (default)
2023-05-04 21:54:14,207 [om1-impl-thread1] INFO  server.RaftServerConfigKeys (ConfUtils.java:logGet(46)) - raft.server.log.segment.size.max = 4194304 (custom)
2023-05-04 21:54:14,213 [om1-impl-thread1] INFO  server.RaftServerConfigKeys (ConfUtils.java:logGet(46)) - raft.server.log.segment.cache.num.max = 2 (custom)
2023-05-04 21:54:14,213 [om1-impl-thread1] INFO  server.RaftServerConfigKeys (ConfUtils.java:logGet(46)) - raft.server.log.segment.cache.size.max = 200MB (=209715200) (default)
2023-05-04 21:54:14,219 [om1-impl-thread1] INFO  segmented.SegmentedRaftLogWorker (SegmentedRaftLogWorker.java:<init>(189)) - new om1@group-C5BA1605619E-SegmentedRaftLogWorker for RaftStorageImpl:Storage Directory /home/runner/work/ozone/ozone/hadoop-ozone/integration-test/target/test-dir/MiniOzoneClusterImpl-52a188dd-66b8-45b2-ab7c-675c0ee04825/ozone-meta/ratis/bf265839-605b-3f16-9796-c5ba1605619e
2023-05-04 21:54:14,220 [om1-impl-thread1] INFO  server.RaftServerConfigKeys (ConfUtils.java:logGet(46)) - raft.server.log.queue.byte-limit = 64MB (=67108864) (default)
2023-05-04 21:54:14,220 [om1-impl-thread1] INFO  server.RaftServerConfigKeys (ConfUtils.java:logGet(46)) - raft.server.log.queue.element-limit = 4096 (default)
2023-05-04 21:54:14,221 [om1-impl-thread1] INFO  server.RaftServerConfigKeys (ConfUtils.java:logGet(46)) - raft.server.log.segment.size.max = 4194304 (custom)
2023-05-04 21:54:14,221 [om1-impl-thread1] INFO  server.RaftServerConfigKeys (ConfUtils.java:logGet(46)) - raft.server.log.preallocated.size = 4194304 (custom)
2023-05-04 21:54:14,222 [om1-impl-thread1] INFO  server.RaftServerConfigKeys (ConfUtils.java:logGet(46)) - raft.server.log.force.sync.num = 128 (default)
2023-05-04 21:54:14,222 [om1-impl-thread1] INFO  server.RaftServerConfigKeys (ConfUtils.java:logGet(46)) - raft.server.log.statemachine.data.sync = true (default)
2023-05-04 21:54:14,222 [om1-impl-thread1] INFO  server.RaftServerConfigKeys (ConfUtils.java:logGet(46)) - raft.server.log.statemachine.data.sync.timeout = 10s (default)
2023-05-04 21:54:14,223 [om1-impl-thread1] INFO  server.RaftServerConfigKeys (ConfUtils.java:logGet(46)) - raft.server.log.statemachine.data.sync.timeout.retry = -1 (default)
2023-05-04 21:54:14,231 [om1-impl-thread1] INFO  server.RaftServerConfigKeys (ConfUtils.java:logGet(46)) - raft.server.log.write.buffer.size = 64KB (=65536) (default)
2023-05-04 21:54:14,231 [om1-impl-thread1] INFO  server.RaftServerConfigKeys (ConfUtils.java:logGet(46)) - raft.server.log.appender.buffer.byte-limit = 33554432 (custom)
2023-05-04 21:54:14,237 [om1-impl-thread1] INFO  server.RaftServerConfigKeys (ConfUtils.java:logGet(46)) - raft.server.log.unsafe-flush.enabled = false (default)
2023-05-04 21:54:14,237 [om1-impl-thread1] INFO  server.RaftServerConfigKeys (ConfUtils.java:logGet(46)) - raft.server.log.async-flush.enabled = false (default)
2023-05-04 21:54:14,238 [om1-impl-thread1] INFO  server.RaftServerConfigKeys (ConfUtils.java:logGet(46)) - raft.server.log.statemachine.data.caching.enabled = false (default)
2023-05-04 21:54:14,244 [om1-impl-thread1] INFO  segmented.SegmentedRaftLogWorker (SegmentedRaftLogWorker.java:lambda$new$0(135)) - om1@group-C5BA1605619E-SegmentedRaftLogWorker: flushIndex: setUnconditionally 0 -> -1
2023-05-04 21:54:14,244 [om1-impl-thread1] INFO  segmented.SegmentedRaftLogWorker (SegmentedRaftLogWorker.java:lambda$new$0(135)) - om1@group-C5BA1605619E-SegmentedRaftLogWorker: safeCacheEvictIndex: setUnconditionally 0 -> -1
2023-05-04 21:54:14,246 [om1-impl-thread1] INFO  server.RaftServer$Division (RaftServerImpl.java:start(334)) - om1@group-C5BA1605619E: start as a follower, conf=-1: peers:[om1|rpc:localhost:9872|priority:0|startupRole:FOLLOWER]|listeners:[], old=null
2023-05-04 21:54:14,250 [om1-impl-thread1] INFO  server.RaftServer$Division (RaftServerImpl.java:setRole(321)) - om1@group-C5BA1605619E: changes role from      null to FOLLOWER at term 0 for startAsFollower
2023-05-04 21:54:14,252 [om1-impl-thread1] INFO  impl.RoleInfo (RoleInfo.java:updateAndGet(139)) - om1: start om1@group-C5BA1605619E-FollowerState
2023-05-04 21:54:14,253 [om1-impl-thread1] INFO  util.JmxRegister (JmxRegister.java:tryRegister(44)) - Successfully registered JMX Bean with object name Ratis:service=RaftServer,group=group-C5BA1605619E,id=om1
2023-05-04 21:54:14,255 [om1-impl-thread1] INFO  server.RaftServerConfigKeys (ConfUtils.java:logGet(46)) - raft.server.snapshot.auto.trigger.enabled = true (custom)
2023-05-04 21:54:14,255 [om1-impl-thread1] INFO  server.RaftServerConfigKeys (ConfUtils.java:logGet(46)) - raft.server.snapshot.auto.trigger.threshold = 400000 (default)
2023-05-04 21:54:14,255 [om1-impl-thread1] INFO  server.RaftServerConfigKeys (ConfUtils.java:logGet(46)) - raft.server.snapshot.retention.file.num = -1 (default)
2023-05-04 21:54:14,256 [om1-impl-thread1] INFO  server.RaftServerConfigKeys (ConfUtils.java:logGet(46)) - raft.server.log.purge.upto.snapshot.index = true (custom)
2023-05-04 21:54:14,258 [om1@group-C5BA1605619E-FollowerState] INFO  server.RaftServerConfigKeys (ConfUtils.java:logFallback(53)) - raft.server.rpc.first-election.timeout.min = 1s (fallback to raft.server.rpc.timeout.min)
2023-05-04 21:54:14,258 [om1@group-C5BA1605619E-FollowerState] INFO  server.RaftServerConfigKeys (ConfUtils.java:logFallback(53)) - raft.server.rpc.first-election.timeout.max = 1200ms (fallback to raft.server.rpc.timeout.max)
2023-05-04 21:54:14,261 [Listener at 127.0.0.1/45425] INFO  server.RaftServer (RaftServerProxy.java:startImpl(393)) - om1: start RPC server
2023-05-04 21:54:14,312 [Listener at 127.0.0.1/45425] INFO  server.GrpcService (GrpcService.java:startImpl(262)) - om1: GrpcService started, listening on 9872
2023-05-04 21:54:14,315 [Listener at 127.0.0.1/45425] INFO  om.OzoneManager (OzoneManager.java:start(1590)) - Version File has different layout version (4) than OM DB (null). That is expected if this OM has never been finalized to a newer layout version.
2023-05-04 21:54:14,317 [JvmPauseMonitor0] INFO  util.JvmPauseMonitor (JvmPauseMonitor.java:run(105)) - JvmPauseMonitor-om1: Started
2023-05-04 21:54:14,344 [Listener at 127.0.0.1/45425] INFO  http.BaseHttpServer (BaseHttpServer.java:newHttpServer2BuilderForOzone(224)) - Starting Web-server for ozoneManager at: http://0.0.0.0:0
2023-05-04 21:54:14,344 [Listener at 127.0.0.1/45425] INFO  http.BaseHttpServer (BaseHttpServer.java:<init>(111)) - Hadoop Security Enabled: false Ozone Security Enabled: false Ozone HTTP Security Enabled: false 
2023-05-04 21:54:14,346 [Listener at 127.0.0.1/45425] WARN  server.AuthenticationFilter (AuthenticationFilter.java:constructSecretProvider(240)) - Unable to initialize FileSignerSecretProvider, falling back to use random secrets. Reason: Could not read signature secret file: /home/runner/hadoop-http-auth-signature-secret
2023-05-04 21:54:14,351 [Listener at 127.0.0.1/45425] INFO  http.HttpRequestLog (HttpRequestLog.java:getRequestLog(86)) - Http request log for http.requests.ozoneManager is not defined
2023-05-04 21:54:14,353 [Listener at 127.0.0.1/45425] INFO  http.HttpServer2 (HttpServer2.java:addGlobalFilter(1031)) - Added global filter 'safety' (class=org.apache.hadoop.hdds.server.http.HttpServer2$QuotingInputFilter)
2023-05-04 21:54:14,355 [Listener at 127.0.0.1/45425] INFO  http.HttpServer2 (HttpServer2.java:addFilter(1007)) - Added filter static_user_filter (class=org.apache.hadoop.http.lib.StaticUserWebFilter$StaticUserFilter) to context ozoneManager
2023-05-04 21:54:14,356 [Listener at 127.0.0.1/45425] INFO  http.HttpServer2 (HttpServer2.java:addFilter(1015)) - Added filter static_user_filter (class=org.apache.hadoop.http.lib.StaticUserWebFilter$StaticUserFilter) to context logs
2023-05-04 21:54:14,356 [Listener at 127.0.0.1/45425] INFO  http.HttpServer2 (HttpServer2.java:addFilter(1015)) - Added filter static_user_filter (class=org.apache.hadoop.http.lib.StaticUserWebFilter$StaticUserFilter) to context static
2023-05-04 21:54:14,359 [Listener at 127.0.0.1/45425] INFO  http.BaseHttpServer (BaseHttpServer.java:<init>(190)) - HTTP server of ozoneManager uses base directory /home/runner/work/ozone/ozone/hadoop-ozone/integration-test/target/test-dir/MiniOzoneClusterImpl-52a188dd-66b8-45b2-ab7c-675c0ee04825/ozone-meta/webserver
2023-05-04 21:54:14,364 [Listener at 127.0.0.1/45425] INFO  http.HttpServer2 (HttpServer2.java:bindListener(1250)) - Jetty bound to port 44753
2023-05-04 21:54:14,364 [Listener at 127.0.0.1/45425] INFO  server.Server (Server.java:doStart(375)) - jetty-9.4.51.v20230217; built: 2023-02-17T08:19:37.309Z; git: b45c405e4544384de066f814ed42ae3dceacdd49; jvm 1.8.0_362-b09
2023-05-04 21:54:14,371 [Listener at 127.0.0.1/45425] INFO  server.session (DefaultSessionIdManager.java:doStart(334)) - DefaultSessionIdManager workerName=node0
2023-05-04 21:54:14,371 [Listener at 127.0.0.1/45425] INFO  server.session (DefaultSessionIdManager.java:doStart(339)) - No SessionScavenger set, using defaults
2023-05-04 21:54:14,371 [Listener at 127.0.0.1/45425] INFO  server.session (HouseKeeper.java:startScavenging(132)) - node0 Scavenging every 600000ms
2023-05-04 21:54:14,373 [Listener at 127.0.0.1/45425] INFO  handler.ContextHandler (ContextHandler.java:doStart(921)) - Started o.e.j.s.ServletContextHandler@72594e59{logs,/logs,file:///home/runner/work/ozone/ozone/hadoop-ozone/integration-test/target/log,AVAILABLE}
2023-05-04 21:54:14,374 [Listener at 127.0.0.1/45425] INFO  handler.ContextHandler (ContextHandler.java:doStart(921)) - Started o.e.j.s.ServletContextHandler@3aa746cd{static,/static,file:///home/runner/work/ozone/ozone/hadoop-ozone/integration-test/target/test-classes/webapps/static,AVAILABLE}
2023-05-04 21:54:14,377 [Listener at 127.0.0.1/45425] INFO  handler.ContextHandler (ContextHandler.java:doStart(921)) - Started o.e.j.w.WebAppContext@3ca7f198{ozoneManager,/,file:///home/runner/work/ozone/ozone/hadoop-ozone/integration-test/target/test-classes/webapps/ozoneManager/,AVAILABLE}{file:/home/runner/work/ozone/ozone/hadoop-ozone/integration-test/target/test-classes/webapps/ozoneManager}
2023-05-04 21:54:14,384 [Listener at 127.0.0.1/45425] INFO  server.AbstractConnector (AbstractConnector.java:doStart(333)) - Started ServerConnector@6475bf8e{HTTP/1.1, (http/1.1)}{0.0.0.0:44753}
2023-05-04 21:54:14,385 [Listener at 127.0.0.1/45425] INFO  server.Server (Server.java:doStart(415)) - Started @8188ms
2023-05-04 21:54:14,385 [Listener at 127.0.0.1/45425] WARN  impl.MetricsSystemImpl (MetricsSystemImpl.java:register(279)) - Sink prometheus already exists!
2023-05-04 21:54:14,386 [Listener at 127.0.0.1/45425] INFO  http.BaseHttpServer (BaseHttpServer.java:updateConnectorAddress(344)) - HTTP server of ozoneManager listening at http://0.0.0.0:44753
2023-05-04 21:54:14,390 [IPC Server Responder] INFO  ipc.Server (Server.java:run(1558)) - IPC Server Responder: starting
2023-05-04 21:54:14,397 [IPC Server listener on 0] INFO  ipc.Server (Server.java:run(1398)) - IPC Server listener on 0: starting
2023-05-04 21:54:14,400 [Listener at 127.0.0.1/45425] INFO  om.OzoneManager (OzoneManager.java:startTrashEmptier(2050)) - Trash Interval set to 0. Files deleted won't move to trash
2023-05-04 21:54:14,414 [org.apache.hadoop.util.JvmPauseMonitor$Monitor@4c73e7f0] INFO  util.JvmPauseMonitor (JvmPauseMonitor.java:run(188)) - Starting JVM pause monitor
2023-05-04 21:54:14,584 [Listener at 127.0.0.1/45425] WARN  impl.MetricRegistriesImpl (MetricRegistriesImpl.java:addReporterRegistration(111)) - New reporters are added after registries were created. Some metrics will be missing from the reporter. Please add reporter before adding any new registry.
2023-05-04 21:54:14,585 [Listener at 127.0.0.1/45425] WARN  impl.MetricRegistriesImpl (MetricRegistriesImpl.java:addReporterRegistration(111)) - New reporters are added after registries were created. Some metrics will be missing from the reporter. Please add reporter before adding any new registry.
2023-05-04 21:54:14,585 [Listener at 127.0.0.1/45425] INFO  impl.MetricsSystemImpl (MetricsSystemImpl.java:init(158)) - HddsDatanode metrics system started (again)
2023-05-04 21:54:14,610 [Listener at 127.0.0.1/45425] INFO  ozone.HddsDatanodeService (HddsDatanodeService.java:start(252)) - HddsDatanodeService host:fv-az133-721.yhipumr4050edinzmvad0xeera.cx.internal.cloudapp.net ip:10.1.0.44
2023-05-04 21:54:14,646 [Listener at 127.0.0.1/45425] INFO  upgrade.AbstractLayoutVersionManager (AbstractLayoutVersionManager.java:init(83)) - Initializing Layout version manager with metadata layout = WEBUI_PORTS_IN_DATANODEDETAILS (version = 6), software layout = WEBUI_PORTS_IN_DATANODEDETAILS (version = 6)
2023-05-04 21:54:14,717 [Listener at 127.0.0.1/45425] INFO  reflections.Reflections (Reflections.java:scan(232)) - Reflections took 66 ms to scan 7 urls, producing 156 keys and 369 values 
2023-05-04 21:54:14,732 [Listener at 127.0.0.1/45425] INFO  statemachine.DatanodeStateMachine (DatanodeStateMachine.java:getEndPointTaskThreadPoolSize(267)) - Datanode State Machine Task Thread Pool size 2
2023-05-04 21:54:14,806 [Listener at 127.0.0.1/45425] INFO  volume.HddsVolume (HddsVolume.java:<init>(130)) - Creating HddsVolume: /home/runner/work/ozone/ozone/hadoop-ozone/integration-test/target/test-dir/MiniOzoneClusterImpl-52a188dd-66b8-45b2-ab7c-675c0ee04825/datanode-0/data-0/containers/hdds of storage type : DISK capacity : 9223372036854775807
2023-05-04 21:54:14,808 [Listener at 127.0.0.1/45425] INFO  volume.MutableVolumeSet (MutableVolumeSet.java:initializeVolumeSet(175)) - Added Volume : /home/runner/work/ozone/ozone/hadoop-ozone/integration-test/target/test-dir/MiniOzoneClusterImpl-52a188dd-66b8-45b2-ab7c-675c0ee04825/datanode-0/data-0/containers/hdds to VolumeSet
2023-05-04 21:54:14,809 [Listener at 127.0.0.1/45425] INFO  volume.ThrottledAsyncChecker (ThrottledAsyncChecker.java:schedule(141)) - Scheduling a check for /home/runner/work/ozone/ozone/hadoop-ozone/integration-test/target/test-dir/MiniOzoneClusterImpl-52a188dd-66b8-45b2-ab7c-675c0ee04825/datanode-0/data-0/containers/hdds
2023-05-04 21:54:14,822 [Listener at 127.0.0.1/45425] INFO  volume.StorageVolumeChecker (StorageVolumeChecker.java:checkAllVolumes(202)) - Scheduled health check for volume /home/runner/work/ozone/ozone/hadoop-ozone/integration-test/target/test-dir/MiniOzoneClusterImpl-52a188dd-66b8-45b2-ab7c-675c0ee04825/datanode-0/data-0/containers/hdds
2023-05-04 21:54:14,845 [Listener at 127.0.0.1/45425] INFO  volume.MutableVolumeSet (MutableVolumeSet.java:initializeVolumeSet(175)) - Added Volume : /home/runner/work/ozone/ozone/hadoop-ozone/integration-test/target/test-dir/MiniOzoneClusterImpl-52a188dd-66b8-45b2-ab7c-675c0ee04825/datanode-0/data/ratis to VolumeSet
2023-05-04 21:54:14,846 [Listener at 127.0.0.1/45425] INFO  volume.ThrottledAsyncChecker (ThrottledAsyncChecker.java:schedule(141)) - Scheduling a check for /home/runner/work/ozone/ozone/hadoop-ozone/integration-test/target/test-dir/MiniOzoneClusterImpl-52a188dd-66b8-45b2-ab7c-675c0ee04825/datanode-0/data/ratis
2023-05-04 21:54:14,847 [Listener at 127.0.0.1/45425] INFO  volume.StorageVolumeChecker (StorageVolumeChecker.java:checkAllVolumes(202)) - Scheduled health check for volume /home/runner/work/ozone/ozone/hadoop-ozone/integration-test/target/test-dir/MiniOzoneClusterImpl-52a188dd-66b8-45b2-ab7c-675c0ee04825/datanode-0/data/ratis
2023-05-04 21:54:14,876 [Thread-139] INFO  ozoneimpl.ContainerReader (ContainerReader.java:readVolume(175)) - Finish verifying containers on volume /home/runner/work/ozone/ozone/hadoop-ozone/integration-test/target/test-dir/MiniOzoneClusterImpl-52a188dd-66b8-45b2-ab7c-675c0ee04825/datanode-0/data-0/containers/hdds
2023-05-04 21:54:14,877 [Listener at 127.0.0.1/45425] INFO  ozoneimpl.OzoneContainer (OzoneContainer.java:buildContainerSet(303)) - Build ContainerSet costs 0s
2023-05-04 21:54:14,930 [Listener at 127.0.0.1/45425] INFO  audit.AuditLogger (AuditLogger.java:refreshDebugCmdSet(126)) - Refresh DebugCmdSet for DNAudit to [].
2023-05-04 21:54:14,963 [Listener at 127.0.0.1/45425] INFO  server.RaftServer (ConfUtils.java:logGet(46)) - raft.rpc.type = GRPC (default)
2023-05-04 21:54:14,963 [Listener at 127.0.0.1/45425] INFO  grpc.GrpcConfigKeys (ConfUtils.java:logFallback(53)) - raft.grpc.admin.host = null (fallback to raft.grpc.server.host)
2023-05-04 21:54:14,964 [Listener at 127.0.0.1/45425] INFO  grpc.GrpcConfigKeys (ConfUtils.java:logGet(46)) - raft.grpc.admin.port = 0 (custom)
2023-05-04 21:54:14,964 [Listener at 127.0.0.1/45425] INFO  grpc.GrpcConfigKeys (ConfUtils.java:logFallback(53)) - raft.grpc.client.host = null (fallback to raft.grpc.server.host)
2023-05-04 21:54:14,965 [Listener at 127.0.0.1/45425] INFO  grpc.GrpcConfigKeys (ConfUtils.java:logGet(46)) - raft.grpc.client.port = 0 (custom)
2023-05-04 21:54:14,966 [Listener at 127.0.0.1/45425] INFO  grpc.GrpcConfigKeys (ConfUtils.java:logGet(46)) - raft.grpc.server.host = null (default)
2023-05-04 21:54:14,966 [Listener at 127.0.0.1/45425] INFO  grpc.GrpcConfigKeys (ConfUtils.java:logGet(46)) - raft.grpc.server.port = 0 (default)
2023-05-04 21:54:14,967 [Listener at 127.0.0.1/45425] INFO  server.GrpcService (ConfUtils.java:logGet(46)) - raft.grpc.message.size.max = 32MB (=33554432) (custom)
2023-05-04 21:54:14,967 [Listener at 127.0.0.1/45425] INFO  server.RaftServerConfigKeys (ConfUtils.java:logGet(46)) - raft.server.log.appender.buffer.byte-limit = 33554432 (custom)
2023-05-04 21:54:14,968 [Listener at 127.0.0.1/45425] INFO  server.GrpcService (ConfUtils.java:logGet(46)) - raft.grpc.flow.control.window = 5MB (=5242880) (custom)
2023-05-04 21:54:14,968 [Listener at 127.0.0.1/45425] INFO  server.RaftServerConfigKeys (ConfUtils.java:logGet(46)) - raft.server.rpc.request.timeout = 60s (custom)
2023-05-04 21:54:14,968 [Listener at 127.0.0.1/45425] INFO  grpc.GrpcConfigKeys (ConfUtils.java:logGet(46)) - raft.grpc.server.heartbeat.channel = true (default)
2023-05-04 21:54:14,972 [Listener at 127.0.0.1/45425] INFO  grpc.GrpcConfigKeys (ConfUtils.java:logGet(46)) - raft.grpc.server.async.request.thread.pool.cached = true (default)
2023-05-04 21:54:14,973 [Listener at 127.0.0.1/45425] INFO  grpc.GrpcConfigKeys (ConfUtils.java:logGet(46)) - raft.grpc.server.async.request.thread.pool.size = 32 (default)
2023-05-04 21:54:14,975 [Listener at 127.0.0.1/45425] INFO  impl.DataStreamServerImpl (ConfUtils.java:logGet(46)) - raft.datastream.type = NETTY (custom)
2023-05-04 21:54:14,986 [Listener at 127.0.0.1/45425] INFO  server.RaftServerConfigKeys (ConfUtils.java:logGet(46)) - raft.server.data-stream.async.request.thread.pool.cached = false (default)
2023-05-04 21:54:14,987 [Listener at 127.0.0.1/45425] INFO  server.RaftServerConfigKeys (ConfUtils.java:logGet(46)) - raft.server.data-stream.async.request.thread.pool.size = 20 (custom)
2023-05-04 21:54:14,987 [Listener at 127.0.0.1/45425] INFO  server.RaftServerConfigKeys (ConfUtils.java:logGet(46)) - raft.server.data-stream.async.write.thread.pool.size = 16 (default)
2023-05-04 21:54:14,988 [Listener at 127.0.0.1/45425] INFO  server.RaftServerConfigKeys (ConfUtils.java:logGet(46)) - raft.server.data-stream.client.pool.size = 10 (default)
2023-05-04 21:54:14,991 [Listener at 127.0.0.1/45425] INFO  netty.NettyConfigKeys$DataStream (ConfUtils.java:logGet(46)) - raft.netty.dataStream.server.use-epoll = false (default)
2023-05-04 21:54:14,992 [Listener at 127.0.0.1/45425] INFO  netty.NettyConfigKeys$DataStream (ConfUtils.java:logGet(46)) - raft.netty.dataStream.server.boss-group.size = 0 (default)
2023-05-04 21:54:14,999 [Listener at 127.0.0.1/45425] INFO  netty.NettyConfigKeys$DataStream (ConfUtils.java:logGet(46)) - raft.netty.dataStream.server.worker-group.size = 0 (default)
2023-05-04 21:54:15,001 [Listener at 127.0.0.1/45425] INFO  netty.NettyConfigKeys$DataStream (ConfUtils.java:logGet(46)) - raft.netty.dataStream.server.tls.conf = null (default)
2023-05-04 21:54:15,003 [Listener at 127.0.0.1/45425] INFO  netty.NettyConfigKeys$DataStream (ConfUtils.java:logGet(46)) - raft.netty.dataStream.host = null (default)
2023-05-04 21:54:15,003 [Listener at 127.0.0.1/45425] INFO  netty.NettyConfigKeys$DataStream (ConfUtils.java:logGet(46)) - raft.netty.dataStream.port = 0 (default)
2023-05-04 21:54:15,014 [Listener at 127.0.0.1/45425] INFO  server.RaftServerConfigKeys (ConfUtils.java:logGet(46)) - raft.server.threadpool.proxy.cached = true (default)
2023-05-04 21:54:15,015 [Listener at 127.0.0.1/45425] INFO  server.RaftServerConfigKeys (ConfUtils.java:logGet(46)) - raft.server.threadpool.proxy.size = 0 (default)
2023-05-04 21:54:15,015 [Listener at 127.0.0.1/45425] INFO  server.RaftServerConfigKeys (ConfUtils.java:logGet(46)) - raft.server.rpc.slowness.timeout = 300s (custom)
2023-05-04 21:54:15,015 [Listener at 127.0.0.1/45425] INFO  server.RaftServerConfigKeys (ConfUtils.java:logGet(46)) - raft.server.leaderelection.leader.step-down.wait-time = 10s (default)
2023-05-04 21:54:15,015 [Listener at 127.0.0.1/45425] INFO  server.RaftServerConfigKeys (ConfUtils.java:logGet(46)) - raft.server.storage.dir = [/home/runner/work/ozone/ozone/hadoop-ozone/integration-test/target/test-dir/MiniOzoneClusterImpl-52a188dd-66b8-45b2-ab7c-675c0ee04825/datanode-0/data/ratis] (custom)
2023-05-04 21:54:15,047 [e0862bec-a8bd-48ad-a9f8-bef0c155c835-NettyServerStreamRpc-bossGroup--thread1] INFO  logging.LoggingHandler (AbstractInternalLogger.java:log(148)) - [id: 0x27117074] REGISTERED
2023-05-04 21:54:15,047 [e0862bec-a8bd-48ad-a9f8-bef0c155c835-NettyServerStreamRpc-bossGroup--thread1] INFO  logging.LoggingHandler (AbstractInternalLogger.java:log(148)) - [id: 0x27117074] BIND: 0.0.0.0/0.0.0.0:0
2023-05-04 21:54:15,049 [e0862bec-a8bd-48ad-a9f8-bef0c155c835-NettyServerStreamRpc-bossGroup--thread1] INFO  logging.LoggingHandler (AbstractInternalLogger.java:log(148)) - [id: 0x27117074, L:/0:0:0:0:0:0:0:0:35075] ACTIVE
2023-05-04 21:54:15,060 [Listener at 127.0.0.1/45425] INFO  server.XceiverServerGrpc (XceiverServerGrpc.java:<init>(132)) - GrpcServer channel type EpollServerSocketChannel
2023-05-04 21:54:15,102 [Listener at 127.0.0.1/45425] INFO  replication.ReplicationSupervisor (ReplicationSupervisor.java:nodeStateUpdated(290)) - Node state updated to IN_SERVICE, scaling executor pool size to 10
2023-05-04 21:54:15,154 [Listener at 127.0.0.1/45425] INFO  http.BaseHttpServer (BaseHttpServer.java:newHttpServer2BuilderForOzone(224)) - Starting Web-server for hddsDatanode at: http://0.0.0.0:0
2023-05-04 21:54:15,154 [Listener at 127.0.0.1/45425] INFO  http.BaseHttpServer (BaseHttpServer.java:<init>(111)) - Hadoop Security Enabled: false Ozone Security Enabled: false Ozone HTTP Security Enabled: false 
2023-05-04 21:54:15,157 [Listener at 127.0.0.1/45425] WARN  server.AuthenticationFilter (AuthenticationFilter.java:constructSecretProvider(240)) - Unable to initialize FileSignerSecretProvider, falling back to use random secrets. Reason: Could not read signature secret file: /home/runner/hadoop-http-auth-signature-secret
2023-05-04 21:54:15,158 [Listener at 127.0.0.1/45425] INFO  http.HttpRequestLog (HttpRequestLog.java:getRequestLog(86)) - Http request log for http.requests.hddsDatanode is not defined
2023-05-04 21:54:15,159 [Listener at 127.0.0.1/45425] INFO  http.HttpServer2 (HttpServer2.java:addGlobalFilter(1031)) - Added global filter 'safety' (class=org.apache.hadoop.hdds.server.http.HttpServer2$QuotingInputFilter)
2023-05-04 21:54:15,160 [Listener at 127.0.0.1/45425] INFO  http.HttpServer2 (HttpServer2.java:addFilter(1007)) - Added filter static_user_filter (class=org.apache.hadoop.http.lib.StaticUserWebFilter$StaticUserFilter) to context hddsDatanode
2023-05-04 21:54:15,161 [Listener at 127.0.0.1/45425] INFO  http.HttpServer2 (HttpServer2.java:addFilter(1015)) - Added filter static_user_filter (class=org.apache.hadoop.http.lib.StaticUserWebFilter$StaticUserFilter) to context static
2023-05-04 21:54:15,161 [Listener at 127.0.0.1/45425] INFO  http.HttpServer2 (HttpServer2.java:addFilter(1015)) - Added filter static_user_filter (class=org.apache.hadoop.http.lib.StaticUserWebFilter$StaticUserFilter) to context logs
2023-05-04 21:54:15,165 [Listener at 127.0.0.1/45425] INFO  http.BaseHttpServer (BaseHttpServer.java:<init>(190)) - HTTP server of hddsDatanode uses base directory /home/runner/work/ozone/ozone/hadoop-ozone/integration-test/target/test-dir/MiniOzoneClusterImpl-52a188dd-66b8-45b2-ab7c-675c0ee04825/datanode-0/meta/webserver
2023-05-04 21:54:15,165 [Listener at 127.0.0.1/45425] INFO  http.HttpServer2 (HttpServer2.java:bindListener(1250)) - Jetty bound to port 36495
2023-05-04 21:54:15,166 [Listener at 127.0.0.1/45425] INFO  server.Server (Server.java:doStart(375)) - jetty-9.4.51.v20230217; built: 2023-02-17T08:19:37.309Z; git: b45c405e4544384de066f814ed42ae3dceacdd49; jvm 1.8.0_362-b09
2023-05-04 21:54:15,169 [Listener at 127.0.0.1/45425] INFO  server.session (DefaultSessionIdManager.java:doStart(334)) - DefaultSessionIdManager workerName=node0
2023-05-04 21:54:15,169 [Listener at 127.0.0.1/45425] INFO  server.session (DefaultSessionIdManager.java:doStart(339)) - No SessionScavenger set, using defaults
2023-05-04 21:54:15,169 [Listener at 127.0.0.1/45425] INFO  server.session (HouseKeeper.java:startScavenging(132)) - node0 Scavenging every 600000ms
2023-05-04 21:54:15,172 [Listener at 127.0.0.1/45425] INFO  handler.ContextHandler (ContextHandler.java:doStart(921)) - Started o.e.j.s.ServletContextHandler@71ba1457{logs,/logs,file:///home/runner/work/ozone/ozone/hadoop-ozone/integration-test/target/log,AVAILABLE}
2023-05-04 21:54:15,172 [Listener at 127.0.0.1/45425] INFO  handler.ContextHandler (ContextHandler.java:doStart(921)) - Started o.e.j.s.ServletContextHandler@58929cb3{static,/static,jar:file:/home/runner/.m2/repository/org/apache/ozone/hdds-container-service/1.4.0-SNAPSHOT/hdds-container-service-1.4.0-SNAPSHOT.jar!/webapps/static,AVAILABLE}
2023-05-04 21:54:15,322 [om1@group-C5BA1605619E-FollowerState] INFO  impl.FollowerState (FollowerState.java:run(143)) - om1@group-C5BA1605619E-FollowerState: change to CANDIDATE, lastRpcElapsedTime:1070050708ns, electionTimeout:1061ms
2023-05-04 21:54:15,323 [om1@group-C5BA1605619E-FollowerState] INFO  impl.RoleInfo (RoleInfo.java:shutdownFollowerState(110)) - om1: shutdown om1@group-C5BA1605619E-FollowerState
2023-05-04 21:54:15,324 [om1@group-C5BA1605619E-FollowerState] INFO  server.RaftServer$Division (RaftServerImpl.java:setRole(321)) - om1@group-C5BA1605619E: changes role from  FOLLOWER to CANDIDATE at term 0 for changeToCandidate
2023-05-04 21:54:15,328 [om1@group-C5BA1605619E-FollowerState] INFO  server.RaftServerConfigKeys (ConfUtils.java:logGet(46)) - raft.server.leaderelection.pre-vote = true (default)
2023-05-04 21:54:15,328 [om1@group-C5BA1605619E-FollowerState] INFO  impl.RoleInfo (RoleInfo.java:updateAndGet(139)) - om1: start om1@group-C5BA1605619E-LeaderElection1
2023-05-04 21:54:15,331 [om1@group-C5BA1605619E-LeaderElection1] INFO  impl.LeaderElection (LeaderElection.java:askForVotes(312)) - om1@group-C5BA1605619E-LeaderElection1 PRE_VOTE round 0: submit vote requests at term 0 for -1: peers:[om1|rpc:localhost:9872|priority:0|startupRole:FOLLOWER]|listeners:[], old=null
2023-05-04 21:54:15,332 [om1@group-C5BA1605619E-LeaderElection1] INFO  impl.LeaderElection (LeaderElection.java:askForVotes(314)) - om1@group-C5BA1605619E-LeaderElection1 PRE_VOTE round 0: result PASSED (term=0)
2023-05-04 21:54:15,334 [om1@group-C5BA1605619E-LeaderElection1] INFO  impl.LeaderElection (LeaderElection.java:askForVotes(312)) - om1@group-C5BA1605619E-LeaderElection1 ELECTION round 0: submit vote requests at term 1 for -1: peers:[om1|rpc:localhost:9872|priority:0|startupRole:FOLLOWER]|listeners:[], old=null
2023-05-04 21:54:15,335 [om1@group-C5BA1605619E-LeaderElection1] INFO  impl.LeaderElection (LeaderElection.java:askForVotes(314)) - om1@group-C5BA1605619E-LeaderElection1 ELECTION round 0: result PASSED (term=1)
2023-05-04 21:54:15,335 [om1@group-C5BA1605619E-LeaderElection1] INFO  impl.RoleInfo (RoleInfo.java:shutdownLeaderElection(130)) - om1: shutdown om1@group-C5BA1605619E-LeaderElection1
2023-05-04 21:54:15,335 [om1@group-C5BA1605619E-LeaderElection1] INFO  server.RaftServer$Division (RaftServerImpl.java:setRole(321)) - om1@group-C5BA1605619E: changes role from CANDIDATE to LEADER at term 1 for changeToLeader
2023-05-04 21:54:15,338 [om1@group-C5BA1605619E-LeaderElection1] INFO  server.RaftServer$Division (ServerState.java:setLeader(313)) - om1@group-C5BA1605619E: change Leader from null to om1 at term 1 for becomeLeader, leader elected after 2360ms
2023-05-04 21:54:15,345 [om1@group-C5BA1605619E-LeaderElection1] INFO  server.RaftServerConfigKeys (ConfUtils.java:logGet(46)) - raft.server.staging.catchup.gap = 1000 (default)
2023-05-04 21:54:15,350 [om1@group-C5BA1605619E-LeaderElection1] INFO  server.RaftServerConfigKeys (ConfUtils.java:logGet(46)) - raft.server.write.element-limit = 4096 (default)
2023-05-04 21:54:15,350 [om1@group-C5BA1605619E-LeaderElection1] INFO  server.RaftServerConfigKeys (ConfUtils.java:logGet(46)) - raft.server.write.byte-limit = 64MB (=67108864) (default)
2023-05-04 21:54:15,355 [om1@group-C5BA1605619E-LeaderElection1] INFO  server.RaftServerConfigKeys (ConfUtils.java:logGet(46)) - raft.server.watch.timeout = 10s (default)
2023-05-04 21:54:15,355 [om1@group-C5BA1605619E-LeaderElection1] INFO  server.RaftServerConfigKeys (ConfUtils.java:logGet(46)) - raft.server.watch.timeout.denomination = 1s (default)
2023-05-04 21:54:15,357 [om1@group-C5BA1605619E-LeaderElection1] INFO  server.RaftServerConfigKeys (ConfUtils.java:logGet(46)) - raft.server.watch.element-limit = 65536 (default)
2023-05-04 21:54:15,363 [om1@group-C5BA1605619E-LeaderElection1] INFO  server.RaftServerConfigKeys (ConfUtils.java:logGet(46)) - raft.server.write.element-limit = 4096 (default)
2023-05-04 21:54:15,365 [om1@group-C5BA1605619E-LeaderElection1] INFO  server.RaftServerConfigKeys (ConfUtils.java:logGet(46)) - raft.server.write.follower.gap.ratio.max = -1.0 (default)
2023-05-04 21:54:15,367 [om1@group-C5BA1605619E-LeaderElection1] INFO  impl.RoleInfo (RoleInfo.java:updateAndGet(139)) - om1: start om1@group-C5BA1605619E-LeaderStateImpl
2023-05-04 21:54:15,397 [om1@group-C5BA1605619E-LeaderElection1] INFO  segmented.SegmentedRaftLogWorker (SegmentedRaftLogWorker.java:startLogSegment(452)) - om1@group-C5BA1605619E-SegmentedRaftLogWorker: Starting segment from index:0
2023-05-04 21:54:15,451 [om1@group-C5BA1605619E-LeaderElection1] INFO  server.RaftServer$Division (ServerState.java:setRaftConf(430)) - om1@group-C5BA1605619E: set configuration 0: peers:[om1|rpc:localhost:9872|admin:|client:|dataStream:|priority:0|startupRole:FOLLOWER]|listeners:[], old=null
2023-05-04 21:54:15,472 [Listener at 127.0.0.1/45425] INFO  handler.ContextHandler (ContextHandler.java:doStart(921)) - Started o.e.j.w.WebAppContext@1e91b325{hddsDatanode,/,file:///home/runner/work/ozone/ozone/hadoop-ozone/integration-test/target/test-dir/MiniOzoneClusterImpl-52a188dd-66b8-45b2-ab7c-675c0ee04825/datanode-0/meta/webserver/jetty-0_0_0_0-36495-hdds-container-service-1_4_0-SNAPSHOT_jar-_-any-7759833211878573586/webapp/,AVAILABLE}{jar:file:/home/runner/.m2/repository/org/apache/ozone/hdds-container-service/1.4.0-SNAPSHOT/hdds-container-service-1.4.0-SNAPSHOT.jar!/webapps/hddsDatanode}
2023-05-04 21:54:15,481 [Listener at 127.0.0.1/45425] INFO  server.AbstractConnector (AbstractConnector.java:doStart(333)) - Started ServerConnector@dc4720e{HTTP/1.1, (http/1.1)}{0.0.0.0:36495}
2023-05-04 21:54:15,482 [Listener at 127.0.0.1/45425] INFO  server.Server (Server.java:doStart(415)) - Started @9285ms
2023-05-04 21:54:15,482 [Listener at 127.0.0.1/45425] WARN  impl.MetricsSystemImpl (MetricsSystemImpl.java:register(279)) - Sink prometheus already exists!
2023-05-04 21:54:15,484 [Listener at 127.0.0.1/45425] INFO  http.BaseHttpServer (BaseHttpServer.java:updateConnectorAddress(344)) - HTTP server of hddsDatanode listening at http://0.0.0.0:36495
2023-05-04 21:54:15,500 [Listener at 127.0.0.1/45425] WARN  impl.MetricRegistriesImpl (MetricRegistriesImpl.java:addReporterRegistration(111)) - New reporters are added after registries were created. Some metrics will be missing from the reporter. Please add reporter before adding any new registry.
2023-05-04 21:54:15,500 [Datanode State Machine Daemon Thread] INFO  statemachine.DatanodeStateMachine (DatanodeStateMachine.java:lambda$startDaemon$0(524)) - Ozone container server started.
2023-05-04 21:54:15,502 [Listener at 127.0.0.1/45425] WARN  impl.MetricRegistriesImpl (MetricRegistriesImpl.java:addReporterRegistration(111)) - New reporters are added after registries were created. Some metrics will be missing from the reporter. Please add reporter before adding any new registry.
2023-05-04 21:54:15,503 [Listener at 127.0.0.1/45425] INFO  impl.MetricsSystemImpl (MetricsSystemImpl.java:init(158)) - HddsDatanode metrics system started (again)
2023-05-04 21:54:15,550 [Listener at 127.0.0.1/45425] INFO  ozone.HddsDatanodeService (HddsDatanodeService.java:start(252)) - HddsDatanodeService host:fv-az133-721.yhipumr4050edinzmvad0xeera.cx.internal.cloudapp.net ip:10.1.0.44
2023-05-04 21:54:15,586 [org.apache.hadoop.util.JvmPauseMonitor$Monitor@a097408] INFO  util.JvmPauseMonitor (JvmPauseMonitor.java:run(188)) - Starting JVM pause monitor
2023-05-04 21:54:15,595 [Listener at 127.0.0.1/45425] INFO  upgrade.AbstractLayoutVersionManager (AbstractLayoutVersionManager.java:init(83)) - Initializing Layout version manager with metadata layout = WEBUI_PORTS_IN_DATANODEDETAILS (version = 6), software layout = WEBUI_PORTS_IN_DATANODEDETAILS (version = 6)
2023-05-04 21:54:15,601 [om1@group-C5BA1605619E-SegmentedRaftLogWorker] INFO  segmented.SegmentedRaftLogWorker (SegmentedRaftLogWorker.java:execute(656)) - om1@group-C5BA1605619E-SegmentedRaftLogWorker: created new log segment /home/runner/work/ozone/ozone/hadoop-ozone/integration-test/target/test-dir/MiniOzoneClusterImpl-52a188dd-66b8-45b2-ab7c-675c0ee04825/ozone-meta/ratis/bf265839-605b-3f16-9796-c5ba1605619e/current/log_inprogress_0
2023-05-04 21:54:15,698 [Listener at 127.0.0.1/45425] INFO  reflections.Reflections (Reflections.java:scan(232)) - Reflections took 102 ms to scan 7 urls, producing 156 keys and 369 values 
2023-05-04 21:54:15,702 [Listener at 127.0.0.1/45425] INFO  statemachine.DatanodeStateMachine (DatanodeStateMachine.java:getEndPointTaskThreadPoolSize(267)) - Datanode State Machine Task Thread Pool size 2
2023-05-04 21:54:15,712 [Listener at 127.0.0.1/45425] INFO  volume.HddsVolume (HddsVolume.java:<init>(130)) - Creating HddsVolume: /home/runner/work/ozone/ozone/hadoop-ozone/integration-test/target/test-dir/MiniOzoneClusterImpl-52a188dd-66b8-45b2-ab7c-675c0ee04825/datanode-1/data-0/containers/hdds of storage type : DISK capacity : 9223372036854775807
2023-05-04 21:54:15,713 [Listener at 127.0.0.1/45425] INFO  volume.MutableVolumeSet (MutableVolumeSet.java:initializeVolumeSet(175)) - Added Volume : /home/runner/work/ozone/ozone/hadoop-ozone/integration-test/target/test-dir/MiniOzoneClusterImpl-52a188dd-66b8-45b2-ab7c-675c0ee04825/datanode-1/data-0/containers/hdds to VolumeSet
2023-05-04 21:54:15,713 [Listener at 127.0.0.1/45425] INFO  volume.ThrottledAsyncChecker (ThrottledAsyncChecker.java:schedule(141)) - Scheduling a check for /home/runner/work/ozone/ozone/hadoop-ozone/integration-test/target/test-dir/MiniOzoneClusterImpl-52a188dd-66b8-45b2-ab7c-675c0ee04825/datanode-1/data-0/containers/hdds
2023-05-04 21:54:15,727 [Listener at 127.0.0.1/45425] INFO  volume.StorageVolumeChecker (StorageVolumeChecker.java:checkAllVolumes(202)) - Scheduled health check for volume /home/runner/work/ozone/ozone/hadoop-ozone/integration-test/target/test-dir/MiniOzoneClusterImpl-52a188dd-66b8-45b2-ab7c-675c0ee04825/datanode-1/data-0/containers/hdds
2023-05-04 21:54:15,749 [Listener at 127.0.0.1/45425] INFO  volume.MutableVolumeSet (MutableVolumeSet.java:initializeVolumeSet(175)) - Added Volume : /home/runner/work/ozone/ozone/hadoop-ozone/integration-test/target/test-dir/MiniOzoneClusterImpl-52a188dd-66b8-45b2-ab7c-675c0ee04825/datanode-1/data/ratis to VolumeSet
2023-05-04 21:54:15,750 [Listener at 127.0.0.1/45425] INFO  volume.ThrottledAsyncChecker (ThrottledAsyncChecker.java:schedule(141)) - Scheduling a check for /home/runner/work/ozone/ozone/hadoop-ozone/integration-test/target/test-dir/MiniOzoneClusterImpl-52a188dd-66b8-45b2-ab7c-675c0ee04825/datanode-1/data/ratis
2023-05-04 21:54:15,751 [Listener at 127.0.0.1/45425] INFO  volume.StorageVolumeChecker (StorageVolumeChecker.java:checkAllVolumes(202)) - Scheduled health check for volume /home/runner/work/ozone/ozone/hadoop-ozone/integration-test/target/test-dir/MiniOzoneClusterImpl-52a188dd-66b8-45b2-ab7c-675c0ee04825/datanode-1/data/ratis
2023-05-04 21:54:15,781 [om1@group-C5BA1605619E-StateMachineUpdater] INFO  ratis.OzoneManagerStateMachine (OzoneManagerStateMachine.java:notifyConfigurationChanged(201)) - Received Configuration change notification from Ratis. New Peer list:
[id: "om1"
address: "localhost:9872"
startupRole: FOLLOWER
]
2023-05-04 21:54:15,782 [Thread-155] INFO  ozoneimpl.ContainerReader (ContainerReader.java:readVolume(175)) - Finish verifying containers on volume /home/runner/work/ozone/ozone/hadoop-ozone/integration-test/target/test-dir/MiniOzoneClusterImpl-52a188dd-66b8-45b2-ab7c-675c0ee04825/datanode-1/data-0/containers/hdds
2023-05-04 21:54:15,783 [Listener at 127.0.0.1/45425] INFO  ozoneimpl.OzoneContainer (OzoneContainer.java:buildContainerSet(303)) - Build ContainerSet costs 0s
2023-05-04 21:54:15,787 [Listener at 127.0.0.1/45425] INFO  server.RaftServer (ConfUtils.java:logGet(46)) - raft.rpc.type = GRPC (default)
2023-05-04 21:54:15,787 [Listener at 127.0.0.1/45425] INFO  grpc.GrpcConfigKeys (ConfUtils.java:logFallback(53)) - raft.grpc.admin.host = null (fallback to raft.grpc.server.host)
2023-05-04 21:54:15,788 [Listener at 127.0.0.1/45425] INFO  grpc.GrpcConfigKeys (ConfUtils.java:logGet(46)) - raft.grpc.admin.port = 0 (custom)
2023-05-04 21:54:15,788 [Listener at 127.0.0.1/45425] INFO  grpc.GrpcConfigKeys (ConfUtils.java:logFallback(53)) - raft.grpc.client.host = null (fallback to raft.grpc.server.host)
2023-05-04 21:54:15,788 [Listener at 127.0.0.1/45425] INFO  grpc.GrpcConfigKeys (ConfUtils.java:logGet(46)) - raft.grpc.client.port = 0 (custom)
2023-05-04 21:54:15,788 [Listener at 127.0.0.1/45425] INFO  grpc.GrpcConfigKeys (ConfUtils.java:logGet(46)) - raft.grpc.server.host = null (default)
2023-05-04 21:54:15,789 [Listener at 127.0.0.1/45425] INFO  grpc.GrpcConfigKeys (ConfUtils.java:logGet(46)) - raft.grpc.server.port = 0 (default)
2023-05-04 21:54:15,789 [Listener at 127.0.0.1/45425] INFO  server.GrpcService (ConfUtils.java:logGet(46)) - raft.grpc.message.size.max = 32MB (=33554432) (custom)
2023-05-04 21:54:15,790 [Listener at 127.0.0.1/45425] INFO  server.RaftServerConfigKeys (ConfUtils.java:logGet(46)) - raft.server.log.appender.buffer.byte-limit = 33554432 (custom)
2023-05-04 21:54:15,790 [Listener at 127.0.0.1/45425] INFO  server.GrpcService (ConfUtils.java:logGet(46)) - raft.grpc.flow.control.window = 5MB (=5242880) (custom)
2023-05-04 21:54:15,790 [Listener at 127.0.0.1/45425] INFO  server.RaftServerConfigKeys (ConfUtils.java:logGet(46)) - raft.server.rpc.request.timeout = 60s (custom)
2023-05-04 21:54:15,790 [Listener at 127.0.0.1/45425] INFO  grpc.GrpcConfigKeys (ConfUtils.java:logGet(46)) - raft.grpc.server.heartbeat.channel = true (default)
2023-05-04 21:54:15,791 [Listener at 127.0.0.1/45425] INFO  grpc.GrpcConfigKeys (ConfUtils.java:logGet(46)) - raft.grpc.server.async.request.thread.pool.cached = true (default)
2023-05-04 21:54:15,791 [Listener at 127.0.0.1/45425] INFO  grpc.GrpcConfigKeys (ConfUtils.java:logGet(46)) - raft.grpc.server.async.request.thread.pool.size = 32 (default)
2023-05-04 21:54:15,793 [Listener at 127.0.0.1/45425] INFO  impl.DataStreamServerImpl (ConfUtils.java:logGet(46)) - raft.datastream.type = NETTY (custom)
2023-05-04 21:54:15,793 [Listener at 127.0.0.1/45425] INFO  server.RaftServerConfigKeys (ConfUtils.java:logGet(46)) - raft.server.data-stream.async.request.thread.pool.cached = false (default)
2023-05-04 21:54:15,794 [Listener at 127.0.0.1/45425] INFO  server.RaftServerConfigKeys (ConfUtils.java:logGet(46)) - raft.server.data-stream.async.request.thread.pool.size = 20 (custom)
2023-05-04 21:54:15,794 [Listener at 127.0.0.1/45425] INFO  server.RaftServerConfigKeys (ConfUtils.java:logGet(46)) - raft.server.data-stream.async.write.thread.pool.size = 16 (default)
2023-05-04 21:54:15,794 [Listener at 127.0.0.1/45425] INFO  server.RaftServerConfigKeys (ConfUtils.java:logGet(46)) - raft.server.data-stream.client.pool.size = 10 (default)
2023-05-04 21:54:15,794 [Listener at 127.0.0.1/45425] INFO  netty.NettyConfigKeys$DataStream (ConfUtils.java:logGet(46)) - raft.netty.dataStream.server.use-epoll = false (default)
2023-05-04 21:54:15,794 [Listener at 127.0.0.1/45425] INFO  netty.NettyConfigKeys$DataStream (ConfUtils.java:logGet(46)) - raft.netty.dataStream.server.boss-group.size = 0 (default)
2023-05-04 21:54:15,795 [Listener at 127.0.0.1/45425] INFO  netty.NettyConfigKeys$DataStream (ConfUtils.java:logGet(46)) - raft.netty.dataStream.server.worker-group.size = 0 (default)
2023-05-04 21:54:15,795 [Listener at 127.0.0.1/45425] INFO  netty.NettyConfigKeys$DataStream (ConfUtils.java:logGet(46)) - raft.netty.dataStream.server.tls.conf = null (default)
2023-05-04 21:54:15,795 [Listener at 127.0.0.1/45425] INFO  netty.NettyConfigKeys$DataStream (ConfUtils.java:logGet(46)) - raft.netty.dataStream.host = null (default)
2023-05-04 21:54:15,795 [Listener at 127.0.0.1/45425] INFO  netty.NettyConfigKeys$DataStream (ConfUtils.java:logGet(46)) - raft.netty.dataStream.port = 0 (default)
2023-05-04 21:54:15,796 [Listener at 127.0.0.1/45425] INFO  server.RaftServerConfigKeys (ConfUtils.java:logGet(46)) - raft.server.threadpool.proxy.cached = true (default)
2023-05-04 21:54:15,796 [Listener at 127.0.0.1/45425] INFO  server.RaftServerConfigKeys (ConfUtils.java:logGet(46)) - raft.server.threadpool.proxy.size = 0 (default)
2023-05-04 21:54:15,796 [Listener at 127.0.0.1/45425] INFO  server.RaftServerConfigKeys (ConfUtils.java:logGet(46)) - raft.server.rpc.slowness.timeout = 300s (custom)
2023-05-04 21:54:15,797 [Listener at 127.0.0.1/45425] INFO  server.RaftServerConfigKeys (ConfUtils.java:logGet(46)) - raft.server.leaderelection.leader.step-down.wait-time = 10s (default)
2023-05-04 21:54:15,797 [Listener at 127.0.0.1/45425] INFO  server.RaftServerConfigKeys (ConfUtils.java:logGet(46)) - raft.server.storage.dir = [/home/runner/work/ozone/ozone/hadoop-ozone/integration-test/target/test-dir/MiniOzoneClusterImpl-52a188dd-66b8-45b2-ab7c-675c0ee04825/datanode-1/data/ratis] (custom)
2023-05-04 21:54:15,809 [Listener at 127.0.0.1/45425] INFO  server.XceiverServerGrpc (XceiverServerGrpc.java:<init>(132)) - GrpcServer channel type EpollServerSocketChannel
2023-05-04 21:54:15,812 [Listener at 127.0.0.1/45425] INFO  replication.ReplicationSupervisor (ReplicationSupervisor.java:nodeStateUpdated(290)) - Node state updated to IN_SERVICE, scaling executor pool size to 10
2023-05-04 21:54:15,806 [4332e2d2-7bb6-4f7e-906a-de641ae4498f-NettyServerStreamRpc-bossGroup--thread1] INFO  logging.LoggingHandler (AbstractInternalLogger.java:log(148)) - [id: 0x66063bfb] REGISTERED
2023-05-04 21:54:15,813 [4332e2d2-7bb6-4f7e-906a-de641ae4498f-NettyServerStreamRpc-bossGroup--thread1] INFO  logging.LoggingHandler (AbstractInternalLogger.java:log(148)) - [id: 0x66063bfb] BIND: 0.0.0.0/0.0.0.0:0
2023-05-04 21:54:15,813 [4332e2d2-7bb6-4f7e-906a-de641ae4498f-NettyServerStreamRpc-bossGroup--thread1] INFO  logging.LoggingHandler (AbstractInternalLogger.java:log(148)) - [id: 0x66063bfb, L:/0:0:0:0:0:0:0:0:36391] ACTIVE
2023-05-04 21:54:15,815 [Listener at 127.0.0.1/45425] INFO  http.BaseHttpServer (BaseHttpServer.java:newHttpServer2BuilderForOzone(224)) - Starting Web-server for hddsDatanode at: http://0.0.0.0:0
2023-05-04 21:54:15,815 [Listener at 127.0.0.1/45425] INFO  http.BaseHttpServer (BaseHttpServer.java:<init>(111)) - Hadoop Security Enabled: false Ozone Security Enabled: false Ozone HTTP Security Enabled: false 
2023-05-04 21:54:15,817 [Listener at 127.0.0.1/45425] WARN  server.AuthenticationFilter (AuthenticationFilter.java:constructSecretProvider(240)) - Unable to initialize FileSignerSecretProvider, falling back to use random secrets. Reason: Could not read signature secret file: /home/runner/hadoop-http-auth-signature-secret
2023-05-04 21:54:15,822 [Listener at 127.0.0.1/45425] INFO  http.HttpRequestLog (HttpRequestLog.java:getRequestLog(86)) - Http request log for http.requests.hddsDatanode is not defined
2023-05-04 21:54:15,824 [Listener at 127.0.0.1/45425] INFO  http.HttpServer2 (HttpServer2.java:addGlobalFilter(1031)) - Added global filter 'safety' (class=org.apache.hadoop.hdds.server.http.HttpServer2$QuotingInputFilter)
2023-05-04 21:54:15,826 [Listener at 127.0.0.1/45425] INFO  http.HttpServer2 (HttpServer2.java:addFilter(1007)) - Added filter static_user_filter (class=org.apache.hadoop.http.lib.StaticUserWebFilter$StaticUserFilter) to context hddsDatanode
2023-05-04 21:54:15,826 [Listener at 127.0.0.1/45425] INFO  http.HttpServer2 (HttpServer2.java:addFilter(1015)) - Added filter static_user_filter (class=org.apache.hadoop.http.lib.StaticUserWebFilter$StaticUserFilter) to context static
2023-05-04 21:54:15,826 [Listener at 127.0.0.1/45425] INFO  http.HttpServer2 (HttpServer2.java:addFilter(1015)) - Added filter static_user_filter (class=org.apache.hadoop.http.lib.StaticUserWebFilter$StaticUserFilter) to context logs
2023-05-04 21:54:15,827 [Listener at 127.0.0.1/45425] INFO  http.BaseHttpServer (BaseHttpServer.java:<init>(190)) - HTTP server of hddsDatanode uses base directory /home/runner/work/ozone/ozone/hadoop-ozone/integration-test/target/test-dir/MiniOzoneClusterImpl-52a188dd-66b8-45b2-ab7c-675c0ee04825/datanode-1/meta/webserver
2023-05-04 21:54:15,827 [Listener at 127.0.0.1/45425] INFO  http.HttpServer2 (HttpServer2.java:bindListener(1250)) - Jetty bound to port 44751
2023-05-04 21:54:15,827 [Listener at 127.0.0.1/45425] INFO  server.Server (Server.java:doStart(375)) - jetty-9.4.51.v20230217; built: 2023-02-17T08:19:37.309Z; git: b45c405e4544384de066f814ed42ae3dceacdd49; jvm 1.8.0_362-b09
2023-05-04 21:54:15,835 [Listener at 127.0.0.1/45425] INFO  server.session (DefaultSessionIdManager.java:doStart(334)) - DefaultSessionIdManager workerName=node0
2023-05-04 21:54:15,835 [Listener at 127.0.0.1/45425] INFO  server.session (DefaultSessionIdManager.java:doStart(339)) - No SessionScavenger set, using defaults
2023-05-04 21:54:15,835 [Listener at 127.0.0.1/45425] INFO  server.session (HouseKeeper.java:startScavenging(132)) - node0 Scavenging every 600000ms
2023-05-04 21:54:15,836 [Listener at 127.0.0.1/45425] INFO  handler.ContextHandler (ContextHandler.java:doStart(921)) - Started o.e.j.s.ServletContextHandler@b73524e{logs,/logs,file:///home/runner/work/ozone/ozone/hadoop-ozone/integration-test/target/log,AVAILABLE}
2023-05-04 21:54:15,837 [Listener at 127.0.0.1/45425] INFO  handler.ContextHandler (ContextHandler.java:doStart(921)) - Started o.e.j.s.ServletContextHandler@342bb4db{static,/static,jar:file:/home/runner/.m2/repository/org/apache/ozone/hdds-container-service/1.4.0-SNAPSHOT/hdds-container-service-1.4.0-SNAPSHOT.jar!/webapps/static,AVAILABLE}
2023-05-04 21:54:15,875 [Datanode State Machine Task Thread - 0] INFO  datanode.InitDatanodeState (InitDatanodeState.java:persistContainerDatanodeDetails(138)) - DatanodeDetails is persisted to /home/runner/work/ozone/ozone/hadoop-ozone/integration-test/target/test-dir/MiniOzoneClusterImpl-52a188dd-66b8-45b2-ab7c-675c0ee04825/datanode-0/meta/datanode.id
2023-05-04 21:54:16,060 [Listener at 127.0.0.1/45425] INFO  handler.ContextHandler (ContextHandler.java:doStart(921)) - Started o.e.j.w.WebAppContext@7f206e59{hddsDatanode,/,file:///home/runner/work/ozone/ozone/hadoop-ozone/integration-test/target/test-dir/MiniOzoneClusterImpl-52a188dd-66b8-45b2-ab7c-675c0ee04825/datanode-1/meta/webserver/jetty-0_0_0_0-44751-hdds-container-service-1_4_0-SNAPSHOT_jar-_-any-358035891650987550/webapp/,AVAILABLE}{jar:file:/home/runner/.m2/repository/org/apache/ozone/hdds-container-service/1.4.0-SNAPSHOT/hdds-container-service-1.4.0-SNAPSHOT.jar!/webapps/hddsDatanode}
2023-05-04 21:54:16,065 [Listener at 127.0.0.1/45425] INFO  server.AbstractConnector (AbstractConnector.java:doStart(333)) - Started ServerConnector@4c0a508e{HTTP/1.1, (http/1.1)}{0.0.0.0:44751}
2023-05-04 21:54:16,065 [Listener at 127.0.0.1/45425] INFO  server.Server (Server.java:doStart(415)) - Started @9869ms
2023-05-04 21:54:16,065 [Listener at 127.0.0.1/45425] WARN  impl.MetricsSystemImpl (MetricsSystemImpl.java:register(279)) - Sink prometheus already exists!
2023-05-04 21:54:16,066 [Listener at 127.0.0.1/45425] INFO  http.BaseHttpServer (BaseHttpServer.java:updateConnectorAddress(344)) - HTTP server of hddsDatanode listening at http://0.0.0.0:44751
2023-05-04 21:54:16,067 [Listener at 127.0.0.1/45425] WARN  impl.MetricRegistriesImpl (MetricRegistriesImpl.java:addReporterRegistration(111)) - New reporters are added after registries were created. Some metrics will be missing from the reporter. Please add reporter before adding any new registry.
2023-05-04 21:54:16,067 [Listener at 127.0.0.1/45425] WARN  impl.MetricRegistriesImpl (MetricRegistriesImpl.java:addReporterRegistration(111)) - New reporters are added after registries were created. Some metrics will be missing from the reporter. Please add reporter before adding any new registry.
2023-05-04 21:54:16,067 [Listener at 127.0.0.1/45425] INFO  impl.MetricsSystemImpl (MetricsSystemImpl.java:init(158)) - HddsDatanode metrics system started (again)
2023-05-04 21:54:16,074 [Datanode State Machine Daemon Thread] INFO  statemachine.DatanodeStateMachine (DatanodeStateMachine.java:lambda$startDaemon$0(524)) - Ozone container server started.
2023-05-04 21:54:16,093 [Listener at 127.0.0.1/45425] INFO  ozone.HddsDatanodeService (HddsDatanodeService.java:start(252)) - HddsDatanodeService host:fv-az133-721.yhipumr4050edinzmvad0xeera.cx.internal.cloudapp.net ip:10.1.0.44
2023-05-04 21:54:16,096 [org.apache.hadoop.util.JvmPauseMonitor$Monitor@58c1baa9] INFO  util.JvmPauseMonitor (JvmPauseMonitor.java:run(188)) - Starting JVM pause monitor
2023-05-04 21:54:16,114 [Datanode State Machine Task Thread - 0] INFO  datanode.InitDatanodeState (InitDatanodeState.java:persistContainerDatanodeDetails(138)) - DatanodeDetails is persisted to /home/runner/work/ozone/ozone/hadoop-ozone/integration-test/target/test-dir/MiniOzoneClusterImpl-52a188dd-66b8-45b2-ab7c-675c0ee04825/datanode-1/meta/datanode.id
2023-05-04 21:54:16,131 [Listener at 127.0.0.1/45425] INFO  upgrade.AbstractLayoutVersionManager (AbstractLayoutVersionManager.java:init(83)) - Initializing Layout version manager with metadata layout = WEBUI_PORTS_IN_DATANODEDETAILS (version = 6), software layout = WEBUI_PORTS_IN_DATANODEDETAILS (version = 6)
2023-05-04 21:54:16,203 [Listener at 127.0.0.1/45425] INFO  reflections.Reflections (Reflections.java:scan(232)) - Reflections took 70 ms to scan 7 urls, producing 156 keys and 369 values 
2023-05-04 21:54:16,206 [Listener at 127.0.0.1/45425] INFO  statemachine.DatanodeStateMachine (DatanodeStateMachine.java:getEndPointTaskThreadPoolSize(267)) - Datanode State Machine Task Thread Pool size 2
2023-05-04 21:54:16,210 [Listener at 127.0.0.1/45425] INFO  volume.HddsVolume (HddsVolume.java:<init>(130)) - Creating HddsVolume: /home/runner/work/ozone/ozone/hadoop-ozone/integration-test/target/test-dir/MiniOzoneClusterImpl-52a188dd-66b8-45b2-ab7c-675c0ee04825/datanode-2/data-0/containers/hdds of storage type : DISK capacity : 9223372036854775807
2023-05-04 21:54:16,210 [Listener at 127.0.0.1/45425] INFO  volume.MutableVolumeSet (MutableVolumeSet.java:initializeVolumeSet(175)) - Added Volume : /home/runner/work/ozone/ozone/hadoop-ozone/integration-test/target/test-dir/MiniOzoneClusterImpl-52a188dd-66b8-45b2-ab7c-675c0ee04825/datanode-2/data-0/containers/hdds to VolumeSet
2023-05-04 21:54:16,210 [Listener at 127.0.0.1/45425] INFO  volume.ThrottledAsyncChecker (ThrottledAsyncChecker.java:schedule(141)) - Scheduling a check for /home/runner/work/ozone/ozone/hadoop-ozone/integration-test/target/test-dir/MiniOzoneClusterImpl-52a188dd-66b8-45b2-ab7c-675c0ee04825/datanode-2/data-0/containers/hdds
2023-05-04 21:54:16,213 [Listener at 127.0.0.1/45425] INFO  volume.StorageVolumeChecker (StorageVolumeChecker.java:checkAllVolumes(202)) - Scheduled health check for volume /home/runner/work/ozone/ozone/hadoop-ozone/integration-test/target/test-dir/MiniOzoneClusterImpl-52a188dd-66b8-45b2-ab7c-675c0ee04825/datanode-2/data-0/containers/hdds
2023-05-04 21:54:16,231 [Listener at 127.0.0.1/45425] INFO  volume.MutableVolumeSet (MutableVolumeSet.java:initializeVolumeSet(175)) - Added Volume : /home/runner/work/ozone/ozone/hadoop-ozone/integration-test/target/test-dir/MiniOzoneClusterImpl-52a188dd-66b8-45b2-ab7c-675c0ee04825/datanode-2/data/ratis to VolumeSet
2023-05-04 21:54:16,232 [Listener at 127.0.0.1/45425] INFO  volume.ThrottledAsyncChecker (ThrottledAsyncChecker.java:schedule(141)) - Scheduling a check for /home/runner/work/ozone/ozone/hadoop-ozone/integration-test/target/test-dir/MiniOzoneClusterImpl-52a188dd-66b8-45b2-ab7c-675c0ee04825/datanode-2/data/ratis
2023-05-04 21:54:16,232 [Listener at 127.0.0.1/45425] INFO  volume.StorageVolumeChecker (StorageVolumeChecker.java:checkAllVolumes(202)) - Scheduled health check for volume /home/runner/work/ozone/ozone/hadoop-ozone/integration-test/target/test-dir/MiniOzoneClusterImpl-52a188dd-66b8-45b2-ab7c-675c0ee04825/datanode-2/data/ratis
2023-05-04 21:54:16,249 [Thread-169] INFO  ozoneimpl.ContainerReader (ContainerReader.java:readVolume(175)) - Finish verifying containers on volume /home/runner/work/ozone/ozone/hadoop-ozone/integration-test/target/test-dir/MiniOzoneClusterImpl-52a188dd-66b8-45b2-ab7c-675c0ee04825/datanode-2/data-0/containers/hdds
2023-05-04 21:54:16,249 [Listener at 127.0.0.1/45425] INFO  ozoneimpl.OzoneContainer (OzoneContainer.java:buildContainerSet(303)) - Build ContainerSet costs 0s
2023-05-04 21:54:16,253 [Listener at 127.0.0.1/45425] INFO  server.RaftServer (ConfUtils.java:logGet(46)) - raft.rpc.type = GRPC (default)
2023-05-04 21:54:16,254 [Listener at 127.0.0.1/45425] INFO  grpc.GrpcConfigKeys (ConfUtils.java:logFallback(53)) - raft.grpc.admin.host = null (fallback to raft.grpc.server.host)
2023-05-04 21:54:16,254 [Listener at 127.0.0.1/45425] INFO  grpc.GrpcConfigKeys (ConfUtils.java:logGet(46)) - raft.grpc.admin.port = 0 (custom)
2023-05-04 21:54:16,255 [Listener at 127.0.0.1/45425] INFO  grpc.GrpcConfigKeys (ConfUtils.java:logFallback(53)) - raft.grpc.client.host = null (fallback to raft.grpc.server.host)
2023-05-04 21:54:16,255 [Listener at 127.0.0.1/45425] INFO  grpc.GrpcConfigKeys (ConfUtils.java:logGet(46)) - raft.grpc.client.port = 0 (custom)
2023-05-04 21:54:16,255 [Listener at 127.0.0.1/45425] INFO  grpc.GrpcConfigKeys (ConfUtils.java:logGet(46)) - raft.grpc.server.host = null (default)
2023-05-04 21:54:16,255 [Listener at 127.0.0.1/45425] INFO  grpc.GrpcConfigKeys (ConfUtils.java:logGet(46)) - raft.grpc.server.port = 0 (default)
2023-05-04 21:54:16,255 [Listener at 127.0.0.1/45425] INFO  server.GrpcService (ConfUtils.java:logGet(46)) - raft.grpc.message.size.max = 32MB (=33554432) (custom)
2023-05-04 21:54:16,255 [Listener at 127.0.0.1/45425] INFO  server.RaftServerConfigKeys (ConfUtils.java:logGet(46)) - raft.server.log.appender.buffer.byte-limit = 33554432 (custom)
2023-05-04 21:54:16,257 [Listener at 127.0.0.1/45425] INFO  server.GrpcService (ConfUtils.java:logGet(46)) - raft.grpc.flow.control.window = 5MB (=5242880) (custom)
2023-05-04 21:54:16,257 [Listener at 127.0.0.1/45425] INFO  server.RaftServerConfigKeys (ConfUtils.java:logGet(46)) - raft.server.rpc.request.timeout = 60s (custom)
2023-05-04 21:54:16,257 [Listener at 127.0.0.1/45425] INFO  grpc.GrpcConfigKeys (ConfUtils.java:logGet(46)) - raft.grpc.server.heartbeat.channel = true (default)
2023-05-04 21:54:16,257 [Listener at 127.0.0.1/45425] INFO  grpc.GrpcConfigKeys (ConfUtils.java:logGet(46)) - raft.grpc.server.async.request.thread.pool.cached = true (default)
2023-05-04 21:54:16,257 [Listener at 127.0.0.1/45425] INFO  grpc.GrpcConfigKeys (ConfUtils.java:logGet(46)) - raft.grpc.server.async.request.thread.pool.size = 32 (default)
2023-05-04 21:54:16,259 [Listener at 127.0.0.1/45425] INFO  impl.DataStreamServerImpl (ConfUtils.java:logGet(46)) - raft.datastream.type = NETTY (custom)
2023-05-04 21:54:16,260 [Listener at 127.0.0.1/45425] INFO  server.RaftServerConfigKeys (ConfUtils.java:logGet(46)) - raft.server.data-stream.async.request.thread.pool.cached = false (default)
2023-05-04 21:54:16,260 [Listener at 127.0.0.1/45425] INFO  server.RaftServerConfigKeys (ConfUtils.java:logGet(46)) - raft.server.data-stream.async.request.thread.pool.size = 20 (custom)
2023-05-04 21:54:16,260 [Listener at 127.0.0.1/45425] INFO  server.RaftServerConfigKeys (ConfUtils.java:logGet(46)) - raft.server.data-stream.async.write.thread.pool.size = 16 (default)
2023-05-04 21:54:16,260 [Listener at 127.0.0.1/45425] INFO  server.RaftServerConfigKeys (ConfUtils.java:logGet(46)) - raft.server.data-stream.client.pool.size = 10 (default)
2023-05-04 21:54:16,260 [Listener at 127.0.0.1/45425] INFO  netty.NettyConfigKeys$DataStream (ConfUtils.java:logGet(46)) - raft.netty.dataStream.server.use-epoll = false (default)
2023-05-04 21:54:16,261 [Listener at 127.0.0.1/45425] INFO  netty.NettyConfigKeys$DataStream (ConfUtils.java:logGet(46)) - raft.netty.dataStream.server.boss-group.size = 0 (default)
2023-05-04 21:54:16,261 [Listener at 127.0.0.1/45425] INFO  netty.NettyConfigKeys$DataStream (ConfUtils.java:logGet(46)) - raft.netty.dataStream.server.worker-group.size = 0 (default)
2023-05-04 21:54:16,262 [Listener at 127.0.0.1/45425] INFO  netty.NettyConfigKeys$DataStream (ConfUtils.java:logGet(46)) - raft.netty.dataStream.server.tls.conf = null (default)
2023-05-04 21:54:16,262 [Listener at 127.0.0.1/45425] INFO  netty.NettyConfigKeys$DataStream (ConfUtils.java:logGet(46)) - raft.netty.dataStream.host = null (default)
2023-05-04 21:54:16,262 [Listener at 127.0.0.1/45425] INFO  netty.NettyConfigKeys$DataStream (ConfUtils.java:logGet(46)) - raft.netty.dataStream.port = 0 (default)
2023-05-04 21:54:16,265 [Listener at 127.0.0.1/45425] INFO  server.RaftServerConfigKeys (ConfUtils.java:logGet(46)) - raft.server.threadpool.proxy.cached = true (default)
2023-05-04 21:54:16,266 [Listener at 127.0.0.1/45425] INFO  server.RaftServerConfigKeys (ConfUtils.java:logGet(46)) - raft.server.threadpool.proxy.size = 0 (default)
2023-05-04 21:54:16,266 [Listener at 127.0.0.1/45425] INFO  server.RaftServerConfigKeys (ConfUtils.java:logGet(46)) - raft.server.rpc.slowness.timeout = 300s (custom)
2023-05-04 21:54:16,266 [Listener at 127.0.0.1/45425] INFO  server.RaftServerConfigKeys (ConfUtils.java:logGet(46)) - raft.server.leaderelection.leader.step-down.wait-time = 10s (default)
2023-05-04 21:54:16,266 [Listener at 127.0.0.1/45425] INFO  server.RaftServerConfigKeys (ConfUtils.java:logGet(46)) - raft.server.storage.dir = [/home/runner/work/ozone/ozone/hadoop-ozone/integration-test/target/test-dir/MiniOzoneClusterImpl-52a188dd-66b8-45b2-ab7c-675c0ee04825/datanode-2/data/ratis] (custom)
2023-05-04 21:54:16,275 [4af07dde-7c26-4e14-912a-ab8f17b2e80e-NettyServerStreamRpc-bossGroup--thread1] INFO  logging.LoggingHandler (AbstractInternalLogger.java:log(148)) - [id: 0xd941e07a] REGISTERED
2023-05-04 21:54:16,278 [4af07dde-7c26-4e14-912a-ab8f17b2e80e-NettyServerStreamRpc-bossGroup--thread1] INFO  logging.LoggingHandler (AbstractInternalLogger.java:log(148)) - [id: 0xd941e07a] BIND: 0.0.0.0/0.0.0.0:0
2023-05-04 21:54:16,278 [Listener at 127.0.0.1/45425] INFO  server.XceiverServerGrpc (XceiverServerGrpc.java:<init>(132)) - GrpcServer channel type EpollServerSocketChannel
2023-05-04 21:54:16,279 [4af07dde-7c26-4e14-912a-ab8f17b2e80e-NettyServerStreamRpc-bossGroup--thread1] INFO  logging.LoggingHandler (AbstractInternalLogger.java:log(148)) - [id: 0xd941e07a, L:/0:0:0:0:0:0:0:0:33047] ACTIVE
2023-05-04 21:54:16,281 [Listener at 127.0.0.1/45425] INFO  replication.ReplicationSupervisor (ReplicationSupervisor.java:nodeStateUpdated(290)) - Node state updated to IN_SERVICE, scaling executor pool size to 10
2023-05-04 21:54:16,284 [Listener at 127.0.0.1/45425] INFO  http.BaseHttpServer (BaseHttpServer.java:newHttpServer2BuilderForOzone(224)) - Starting Web-server for hddsDatanode at: http://0.0.0.0:0
2023-05-04 21:54:16,284 [Listener at 127.0.0.1/45425] INFO  http.BaseHttpServer (BaseHttpServer.java:<init>(111)) - Hadoop Security Enabled: false Ozone Security Enabled: false Ozone HTTP Security Enabled: false 
2023-05-04 21:54:16,285 [Listener at 127.0.0.1/45425] WARN  server.AuthenticationFilter (AuthenticationFilter.java:constructSecretProvider(240)) - Unable to initialize FileSignerSecretProvider, falling back to use random secrets. Reason: Could not read signature secret file: /home/runner/hadoop-http-auth-signature-secret
2023-05-04 21:54:16,286 [Listener at 127.0.0.1/45425] INFO  http.HttpRequestLog (HttpRequestLog.java:getRequestLog(86)) - Http request log for http.requests.hddsDatanode is not defined
2023-05-04 21:54:16,288 [Listener at 127.0.0.1/45425] INFO  http.HttpServer2 (HttpServer2.java:addGlobalFilter(1031)) - Added global filter 'safety' (class=org.apache.hadoop.hdds.server.http.HttpServer2$QuotingInputFilter)
2023-05-04 21:54:16,288 [Listener at 127.0.0.1/45425] INFO  http.HttpServer2 (HttpServer2.java:addFilter(1007)) - Added filter static_user_filter (class=org.apache.hadoop.http.lib.StaticUserWebFilter$StaticUserFilter) to context hddsDatanode
2023-05-04 21:54:16,289 [Listener at 127.0.0.1/45425] INFO  http.HttpServer2 (HttpServer2.java:addFilter(1015)) - Added filter static_user_filter (class=org.apache.hadoop.http.lib.StaticUserWebFilter$StaticUserFilter) to context logs
2023-05-04 21:54:16,289 [Listener at 127.0.0.1/45425] INFO  http.HttpServer2 (HttpServer2.java:addFilter(1015)) - Added filter static_user_filter (class=org.apache.hadoop.http.lib.StaticUserWebFilter$StaticUserFilter) to context static
2023-05-04 21:54:16,289 [Listener at 127.0.0.1/45425] INFO  http.BaseHttpServer (BaseHttpServer.java:<init>(190)) - HTTP server of hddsDatanode uses base directory /home/runner/work/ozone/ozone/hadoop-ozone/integration-test/target/test-dir/MiniOzoneClusterImpl-52a188dd-66b8-45b2-ab7c-675c0ee04825/datanode-2/meta/webserver
2023-05-04 21:54:16,290 [Listener at 127.0.0.1/45425] INFO  http.HttpServer2 (HttpServer2.java:bindListener(1250)) - Jetty bound to port 35617
2023-05-04 21:54:16,290 [Listener at 127.0.0.1/45425] INFO  server.Server (Server.java:doStart(375)) - jetty-9.4.51.v20230217; built: 2023-02-17T08:19:37.309Z; git: b45c405e4544384de066f814ed42ae3dceacdd49; jvm 1.8.0_362-b09
2023-05-04 21:54:16,300 [Listener at 127.0.0.1/45425] INFO  server.session (DefaultSessionIdManager.java:doStart(334)) - DefaultSessionIdManager workerName=node0
2023-05-04 21:54:16,300 [Listener at 127.0.0.1/45425] INFO  server.session (DefaultSessionIdManager.java:doStart(339)) - No SessionScavenger set, using defaults
2023-05-04 21:54:16,300 [Listener at 127.0.0.1/45425] INFO  server.session (HouseKeeper.java:startScavenging(132)) - node0 Scavenging every 660000ms
2023-05-04 21:54:16,301 [Listener at 127.0.0.1/45425] INFO  handler.ContextHandler (ContextHandler.java:doStart(921)) - Started o.e.j.s.ServletContextHandler@30e944b{logs,/logs,file:///home/runner/work/ozone/ozone/hadoop-ozone/integration-test/target/log,AVAILABLE}
2023-05-04 21:54:16,302 [Listener at 127.0.0.1/45425] INFO  handler.ContextHandler (ContextHandler.java:doStart(921)) - Started o.e.j.s.ServletContextHandler@385294de{static,/static,jar:file:/home/runner/.m2/repository/org/apache/ozone/hdds-container-service/1.4.0-SNAPSHOT/hdds-container-service-1.4.0-SNAPSHOT.jar!/webapps/static,AVAILABLE}
2023-05-04 21:54:16,502 [Listener at 127.0.0.1/45425] INFO  handler.ContextHandler (ContextHandler.java:doStart(921)) - Started o.e.j.w.WebAppContext@230e894{hddsDatanode,/,file:///home/runner/work/ozone/ozone/hadoop-ozone/integration-test/target/test-dir/MiniOzoneClusterImpl-52a188dd-66b8-45b2-ab7c-675c0ee04825/datanode-2/meta/webserver/jetty-0_0_0_0-35617-hdds-container-service-1_4_0-SNAPSHOT_jar-_-any-1306314740982872986/webapp/,AVAILABLE}{jar:file:/home/runner/.m2/repository/org/apache/ozone/hdds-container-service/1.4.0-SNAPSHOT/hdds-container-service-1.4.0-SNAPSHOT.jar!/webapps/hddsDatanode}
2023-05-04 21:54:16,503 [Listener at 127.0.0.1/45425] INFO  server.AbstractConnector (AbstractConnector.java:doStart(333)) - Started ServerConnector@15a971fb{HTTP/1.1, (http/1.1)}{0.0.0.0:35617}
2023-05-04 21:54:16,504 [Listener at 127.0.0.1/45425] INFO  server.Server (Server.java:doStart(415)) - Started @10307ms
2023-05-04 21:54:16,504 [Listener at 127.0.0.1/45425] WARN  impl.MetricsSystemImpl (MetricsSystemImpl.java:register(279)) - Sink prometheus already exists!
2023-05-04 21:54:16,505 [Listener at 127.0.0.1/45425] INFO  http.BaseHttpServer (BaseHttpServer.java:updateConnectorAddress(344)) - HTTP server of hddsDatanode listening at http://0.0.0.0:35617
2023-05-04 21:54:16,507 [Listener at 127.0.0.1/45425] WARN  impl.MetricRegistriesImpl (MetricRegistriesImpl.java:addReporterRegistration(111)) - New reporters are added after registries were created. Some metrics will be missing from the reporter. Please add reporter before adding any new registry.
2023-05-04 21:54:16,507 [Listener at 127.0.0.1/45425] WARN  impl.MetricRegistriesImpl (MetricRegistriesImpl.java:addReporterRegistration(111)) - New reporters are added after registries were created. Some metrics will be missing from the reporter. Please add reporter before adding any new registry.
2023-05-04 21:54:16,507 [Listener at 127.0.0.1/45425] INFO  impl.MetricsSystemImpl (MetricsSystemImpl.java:init(158)) - HddsDatanode metrics system started (again)
2023-05-04 21:54:16,508 [Datanode State Machine Daemon Thread] INFO  statemachine.DatanodeStateMachine (DatanodeStateMachine.java:lambda$startDaemon$0(524)) - Ozone container server started.
2023-05-04 21:54:16,522 [Listener at 127.0.0.1/45425] INFO  ozone.HddsDatanodeService (HddsDatanodeService.java:start(252)) - HddsDatanodeService host:fv-az133-721.yhipumr4050edinzmvad0xeera.cx.internal.cloudapp.net ip:10.1.0.44
2023-05-04 21:54:16,532 [org.apache.hadoop.util.JvmPauseMonitor$Monitor@17977d6] INFO  util.JvmPauseMonitor (JvmPauseMonitor.java:run(188)) - Starting JVM pause monitor
2023-05-04 21:54:16,536 [Datanode State Machine Task Thread - 0] INFO  datanode.InitDatanodeState (InitDatanodeState.java:persistContainerDatanodeDetails(138)) - DatanodeDetails is persisted to /home/runner/work/ozone/ozone/hadoop-ozone/integration-test/target/test-dir/MiniOzoneClusterImpl-52a188dd-66b8-45b2-ab7c-675c0ee04825/datanode-2/meta/datanode.id
2023-05-04 21:54:16,548 [Listener at 127.0.0.1/45425] INFO  upgrade.AbstractLayoutVersionManager (AbstractLayoutVersionManager.java:init(83)) - Initializing Layout version manager with metadata layout = WEBUI_PORTS_IN_DATANODEDETAILS (version = 6), software layout = WEBUI_PORTS_IN_DATANODEDETAILS (version = 6)
2023-05-04 21:54:16,602 [Listener at 127.0.0.1/45425] INFO  reflections.Reflections (Reflections.java:scan(232)) - Reflections took 52 ms to scan 7 urls, producing 156 keys and 369 values 
2023-05-04 21:54:16,604 [Listener at 127.0.0.1/45425] INFO  statemachine.DatanodeStateMachine (DatanodeStateMachine.java:getEndPointTaskThreadPoolSize(267)) - Datanode State Machine Task Thread Pool size 2
2023-05-04 21:54:16,607 [Listener at 127.0.0.1/45425] INFO  volume.HddsVolume (HddsVolume.java:<init>(130)) - Creating HddsVolume: /home/runner/work/ozone/ozone/hadoop-ozone/integration-test/target/test-dir/MiniOzoneClusterImpl-52a188dd-66b8-45b2-ab7c-675c0ee04825/datanode-3/data-0/containers/hdds of storage type : DISK capacity : 9223372036854775807
2023-05-04 21:54:16,607 [Listener at 127.0.0.1/45425] INFO  volume.MutableVolumeSet (MutableVolumeSet.java:initializeVolumeSet(175)) - Added Volume : /home/runner/work/ozone/ozone/hadoop-ozone/integration-test/target/test-dir/MiniOzoneClusterImpl-52a188dd-66b8-45b2-ab7c-675c0ee04825/datanode-3/data-0/containers/hdds to VolumeSet
2023-05-04 21:54:16,607 [Listener at 127.0.0.1/45425] INFO  volume.ThrottledAsyncChecker (ThrottledAsyncChecker.java:schedule(141)) - Scheduling a check for /home/runner/work/ozone/ozone/hadoop-ozone/integration-test/target/test-dir/MiniOzoneClusterImpl-52a188dd-66b8-45b2-ab7c-675c0ee04825/datanode-3/data-0/containers/hdds
2023-05-04 21:54:16,612 [Listener at 127.0.0.1/45425] INFO  volume.StorageVolumeChecker (StorageVolumeChecker.java:checkAllVolumes(202)) - Scheduled health check for volume /home/runner/work/ozone/ozone/hadoop-ozone/integration-test/target/test-dir/MiniOzoneClusterImpl-52a188dd-66b8-45b2-ab7c-675c0ee04825/datanode-3/data-0/containers/hdds
2023-05-04 21:54:16,626 [Listener at 127.0.0.1/45425] INFO  volume.MutableVolumeSet (MutableVolumeSet.java:initializeVolumeSet(175)) - Added Volume : /home/runner/work/ozone/ozone/hadoop-ozone/integration-test/target/test-dir/MiniOzoneClusterImpl-52a188dd-66b8-45b2-ab7c-675c0ee04825/datanode-3/data/ratis to VolumeSet
2023-05-04 21:54:16,626 [Listener at 127.0.0.1/45425] INFO  volume.ThrottledAsyncChecker (ThrottledAsyncChecker.java:schedule(141)) - Scheduling a check for /home/runner/work/ozone/ozone/hadoop-ozone/integration-test/target/test-dir/MiniOzoneClusterImpl-52a188dd-66b8-45b2-ab7c-675c0ee04825/datanode-3/data/ratis
2023-05-04 21:54:16,627 [Listener at 127.0.0.1/45425] INFO  volume.StorageVolumeChecker (StorageVolumeChecker.java:checkAllVolumes(202)) - Scheduled health check for volume /home/runner/work/ozone/ozone/hadoop-ozone/integration-test/target/test-dir/MiniOzoneClusterImpl-52a188dd-66b8-45b2-ab7c-675c0ee04825/datanode-3/data/ratis
2023-05-04 21:54:16,641 [Thread-183] INFO  ozoneimpl.ContainerReader (ContainerReader.java:readVolume(175)) - Finish verifying containers on volume /home/runner/work/ozone/ozone/hadoop-ozone/integration-test/target/test-dir/MiniOzoneClusterImpl-52a188dd-66b8-45b2-ab7c-675c0ee04825/datanode-3/data-0/containers/hdds
2023-05-04 21:54:16,641 [Listener at 127.0.0.1/45425] INFO  ozoneimpl.OzoneContainer (OzoneContainer.java:buildContainerSet(303)) - Build ContainerSet costs 0s
2023-05-04 21:54:16,646 [Listener at 127.0.0.1/45425] INFO  server.RaftServer (ConfUtils.java:logGet(46)) - raft.rpc.type = GRPC (default)
2023-05-04 21:54:16,646 [Listener at 127.0.0.1/45425] INFO  grpc.GrpcConfigKeys (ConfUtils.java:logFallback(53)) - raft.grpc.admin.host = null (fallback to raft.grpc.server.host)
2023-05-04 21:54:16,646 [Listener at 127.0.0.1/45425] INFO  grpc.GrpcConfigKeys (ConfUtils.java:logGet(46)) - raft.grpc.admin.port = 0 (custom)
2023-05-04 21:54:16,647 [Listener at 127.0.0.1/45425] INFO  grpc.GrpcConfigKeys (ConfUtils.java:logFallback(53)) - raft.grpc.client.host = null (fallback to raft.grpc.server.host)
2023-05-04 21:54:16,647 [Listener at 127.0.0.1/45425] INFO  grpc.GrpcConfigKeys (ConfUtils.java:logGet(46)) - raft.grpc.client.port = 0 (custom)
2023-05-04 21:54:16,647 [Listener at 127.0.0.1/45425] INFO  grpc.GrpcConfigKeys (ConfUtils.java:logGet(46)) - raft.grpc.server.host = null (default)
2023-05-04 21:54:16,647 [Listener at 127.0.0.1/45425] INFO  grpc.GrpcConfigKeys (ConfUtils.java:logGet(46)) - raft.grpc.server.port = 0 (default)
2023-05-04 21:54:16,647 [Listener at 127.0.0.1/45425] INFO  server.GrpcService (ConfUtils.java:logGet(46)) - raft.grpc.message.size.max = 32MB (=33554432) (custom)
2023-05-04 21:54:16,647 [Listener at 127.0.0.1/45425] INFO  server.RaftServerConfigKeys (ConfUtils.java:logGet(46)) - raft.server.log.appender.buffer.byte-limit = 33554432 (custom)
2023-05-04 21:54:16,647 [Listener at 127.0.0.1/45425] INFO  server.GrpcService (ConfUtils.java:logGet(46)) - raft.grpc.flow.control.window = 5MB (=5242880) (custom)
2023-05-04 21:54:16,648 [Listener at 127.0.0.1/45425] INFO  server.RaftServerConfigKeys (ConfUtils.java:logGet(46)) - raft.server.rpc.request.timeout = 60s (custom)
2023-05-04 21:54:16,648 [Listener at 127.0.0.1/45425] INFO  grpc.GrpcConfigKeys (ConfUtils.java:logGet(46)) - raft.grpc.server.heartbeat.channel = true (default)
2023-05-04 21:54:16,648 [Listener at 127.0.0.1/45425] INFO  grpc.GrpcConfigKeys (ConfUtils.java:logGet(46)) - raft.grpc.server.async.request.thread.pool.cached = true (default)
2023-05-04 21:54:16,648 [Listener at 127.0.0.1/45425] INFO  grpc.GrpcConfigKeys (ConfUtils.java:logGet(46)) - raft.grpc.server.async.request.thread.pool.size = 32 (default)
2023-05-04 21:54:16,650 [Listener at 127.0.0.1/45425] INFO  impl.DataStreamServerImpl (ConfUtils.java:logGet(46)) - raft.datastream.type = NETTY (custom)
2023-05-04 21:54:16,650 [Listener at 127.0.0.1/45425] INFO  server.RaftServerConfigKeys (ConfUtils.java:logGet(46)) - raft.server.data-stream.async.request.thread.pool.cached = false (default)
2023-05-04 21:54:16,650 [Listener at 127.0.0.1/45425] INFO  server.RaftServerConfigKeys (ConfUtils.java:logGet(46)) - raft.server.data-stream.async.request.thread.pool.size = 20 (custom)
2023-05-04 21:54:16,650 [Listener at 127.0.0.1/45425] INFO  server.RaftServerConfigKeys (ConfUtils.java:logGet(46)) - raft.server.data-stream.async.write.thread.pool.size = 16 (default)
2023-05-04 21:54:16,650 [Listener at 127.0.0.1/45425] INFO  server.RaftServerConfigKeys (ConfUtils.java:logGet(46)) - raft.server.data-stream.client.pool.size = 10 (default)
2023-05-04 21:54:16,651 [Listener at 127.0.0.1/45425] INFO  netty.NettyConfigKeys$DataStream (ConfUtils.java:logGet(46)) - raft.netty.dataStream.server.use-epoll = false (default)
2023-05-04 21:54:16,651 [Listener at 127.0.0.1/45425] INFO  netty.NettyConfigKeys$DataStream (ConfUtils.java:logGet(46)) - raft.netty.dataStream.server.boss-group.size = 0 (default)
2023-05-04 21:54:16,651 [Listener at 127.0.0.1/45425] INFO  netty.NettyConfigKeys$DataStream (ConfUtils.java:logGet(46)) - raft.netty.dataStream.server.worker-group.size = 0 (default)
2023-05-04 21:54:16,652 [Listener at 127.0.0.1/45425] INFO  netty.NettyConfigKeys$DataStream (ConfUtils.java:logGet(46)) - raft.netty.dataStream.server.tls.conf = null (default)
2023-05-04 21:54:16,652 [Listener at 127.0.0.1/45425] INFO  netty.NettyConfigKeys$DataStream (ConfUtils.java:logGet(46)) - raft.netty.dataStream.host = null (default)
2023-05-04 21:54:16,652 [Listener at 127.0.0.1/45425] INFO  netty.NettyConfigKeys$DataStream (ConfUtils.java:logGet(46)) - raft.netty.dataStream.port = 0 (default)
2023-05-04 21:54:16,653 [Listener at 127.0.0.1/45425] INFO  server.RaftServerConfigKeys (ConfUtils.java:logGet(46)) - raft.server.threadpool.proxy.cached = true (default)
2023-05-04 21:54:16,653 [Listener at 127.0.0.1/45425] INFO  server.RaftServerConfigKeys (ConfUtils.java:logGet(46)) - raft.server.threadpool.proxy.size = 0 (default)
2023-05-04 21:54:16,653 [Listener at 127.0.0.1/45425] INFO  server.RaftServerConfigKeys (ConfUtils.java:logGet(46)) - raft.server.rpc.slowness.timeout = 300s (custom)
2023-05-04 21:54:16,653 [Listener at 127.0.0.1/45425] INFO  server.RaftServerConfigKeys (ConfUtils.java:logGet(46)) - raft.server.leaderelection.leader.step-down.wait-time = 10s (default)
2023-05-04 21:54:16,653 [Listener at 127.0.0.1/45425] INFO  server.RaftServerConfigKeys (ConfUtils.java:logGet(46)) - raft.server.storage.dir = [/home/runner/work/ozone/ozone/hadoop-ozone/integration-test/target/test-dir/MiniOzoneClusterImpl-52a188dd-66b8-45b2-ab7c-675c0ee04825/datanode-3/data/ratis] (custom)
2023-05-04 21:54:16,657 [7b4a0121-e5ca-4a28-aa85-7db853fd0802-NettyServerStreamRpc-bossGroup--thread1] INFO  logging.LoggingHandler (AbstractInternalLogger.java:log(148)) - [id: 0x93575e6b] REGISTERED
2023-05-04 21:54:16,658 [7b4a0121-e5ca-4a28-aa85-7db853fd0802-NettyServerStreamRpc-bossGroup--thread1] INFO  logging.LoggingHandler (AbstractInternalLogger.java:log(148)) - [id: 0x93575e6b] BIND: 0.0.0.0/0.0.0.0:0
2023-05-04 21:54:16,658 [7b4a0121-e5ca-4a28-aa85-7db853fd0802-NettyServerStreamRpc-bossGroup--thread1] INFO  logging.LoggingHandler (AbstractInternalLogger.java:log(148)) - [id: 0x93575e6b, L:/0:0:0:0:0:0:0:0:38943] ACTIVE
2023-05-04 21:54:16,659 [Listener at 127.0.0.1/45425] INFO  server.XceiverServerGrpc (XceiverServerGrpc.java:<init>(132)) - GrpcServer channel type EpollServerSocketChannel
2023-05-04 21:54:16,662 [Listener at 127.0.0.1/45425] INFO  replication.ReplicationSupervisor (ReplicationSupervisor.java:nodeStateUpdated(290)) - Node state updated to IN_SERVICE, scaling executor pool size to 10
2023-05-04 21:54:16,664 [Listener at 127.0.0.1/45425] INFO  http.BaseHttpServer (BaseHttpServer.java:newHttpServer2BuilderForOzone(224)) - Starting Web-server for hddsDatanode at: http://0.0.0.0:0
2023-05-04 21:54:16,664 [Listener at 127.0.0.1/45425] INFO  http.BaseHttpServer (BaseHttpServer.java:<init>(111)) - Hadoop Security Enabled: false Ozone Security Enabled: false Ozone HTTP Security Enabled: false 
2023-05-04 21:54:16,666 [Listener at 127.0.0.1/45425] WARN  server.AuthenticationFilter (AuthenticationFilter.java:constructSecretProvider(240)) - Unable to initialize FileSignerSecretProvider, falling back to use random secrets. Reason: Could not read signature secret file: /home/runner/hadoop-http-auth-signature-secret
2023-05-04 21:54:16,666 [Listener at 127.0.0.1/45425] INFO  http.HttpRequestLog (HttpRequestLog.java:getRequestLog(86)) - Http request log for http.requests.hddsDatanode is not defined
2023-05-04 21:54:16,668 [Listener at 127.0.0.1/45425] INFO  http.HttpServer2 (HttpServer2.java:addGlobalFilter(1031)) - Added global filter 'safety' (class=org.apache.hadoop.hdds.server.http.HttpServer2$QuotingInputFilter)
2023-05-04 21:54:16,669 [Listener at 127.0.0.1/45425] INFO  http.HttpServer2 (HttpServer2.java:addFilter(1007)) - Added filter static_user_filter (class=org.apache.hadoop.http.lib.StaticUserWebFilter$StaticUserFilter) to context hddsDatanode
2023-05-04 21:54:16,669 [Listener at 127.0.0.1/45425] INFO  http.HttpServer2 (HttpServer2.java:addFilter(1015)) - Added filter static_user_filter (class=org.apache.hadoop.http.lib.StaticUserWebFilter$StaticUserFilter) to context logs
2023-05-04 21:54:16,669 [Listener at 127.0.0.1/45425] INFO  http.HttpServer2 (HttpServer2.java:addFilter(1015)) - Added filter static_user_filter (class=org.apache.hadoop.http.lib.StaticUserWebFilter$StaticUserFilter) to context static
2023-05-04 21:54:16,670 [Listener at 127.0.0.1/45425] INFO  http.BaseHttpServer (BaseHttpServer.java:<init>(190)) - HTTP server of hddsDatanode uses base directory /home/runner/work/ozone/ozone/hadoop-ozone/integration-test/target/test-dir/MiniOzoneClusterImpl-52a188dd-66b8-45b2-ab7c-675c0ee04825/datanode-3/meta/webserver
2023-05-04 21:54:16,670 [Listener at 127.0.0.1/45425] INFO  http.HttpServer2 (HttpServer2.java:bindListener(1250)) - Jetty bound to port 41355
2023-05-04 21:54:16,670 [Listener at 127.0.0.1/45425] INFO  server.Server (Server.java:doStart(375)) - jetty-9.4.51.v20230217; built: 2023-02-17T08:19:37.309Z; git: b45c405e4544384de066f814ed42ae3dceacdd49; jvm 1.8.0_362-b09
2023-05-04 21:54:16,672 [Listener at 127.0.0.1/45425] INFO  server.session (DefaultSessionIdManager.java:doStart(334)) - DefaultSessionIdManager workerName=node0
2023-05-04 21:54:16,673 [Listener at 127.0.0.1/45425] INFO  server.session (DefaultSessionIdManager.java:doStart(339)) - No SessionScavenger set, using defaults
2023-05-04 21:54:16,673 [Listener at 127.0.0.1/45425] INFO  server.session (HouseKeeper.java:startScavenging(132)) - node0 Scavenging every 600000ms
2023-05-04 21:54:16,674 [Listener at 127.0.0.1/45425] INFO  handler.ContextHandler (ContextHandler.java:doStart(921)) - Started o.e.j.s.ServletContextHandler@6e484af9{logs,/logs,file:///home/runner/work/ozone/ozone/hadoop-ozone/integration-test/target/log,AVAILABLE}
2023-05-04 21:54:16,675 [Listener at 127.0.0.1/45425] INFO  handler.ContextHandler (ContextHandler.java:doStart(921)) - Started o.e.j.s.ServletContextHandler@2a4b9aa0{static,/static,jar:file:/home/runner/.m2/repository/org/apache/ozone/hdds-container-service/1.4.0-SNAPSHOT/hdds-container-service-1.4.0-SNAPSHOT.jar!/webapps/static,AVAILABLE}
2023-05-04 21:54:16,876 [Listener at 127.0.0.1/45425] INFO  handler.ContextHandler (ContextHandler.java:doStart(921)) - Started o.e.j.w.WebAppContext@d3784e9{hddsDatanode,/,file:///home/runner/work/ozone/ozone/hadoop-ozone/integration-test/target/test-dir/MiniOzoneClusterImpl-52a188dd-66b8-45b2-ab7c-675c0ee04825/datanode-3/meta/webserver/jetty-0_0_0_0-41355-hdds-container-service-1_4_0-SNAPSHOT_jar-_-any-6601540408845953638/webapp/,AVAILABLE}{jar:file:/home/runner/.m2/repository/org/apache/ozone/hdds-container-service/1.4.0-SNAPSHOT/hdds-container-service-1.4.0-SNAPSHOT.jar!/webapps/hddsDatanode}
2023-05-04 21:54:16,878 [Listener at 127.0.0.1/45425] INFO  server.AbstractConnector (AbstractConnector.java:doStart(333)) - Started ServerConnector@11733fbb{HTTP/1.1, (http/1.1)}{0.0.0.0:41355}
2023-05-04 21:54:16,878 [Listener at 127.0.0.1/45425] INFO  server.Server (Server.java:doStart(415)) - Started @10682ms
2023-05-04 21:54:16,878 [Listener at 127.0.0.1/45425] WARN  impl.MetricsSystemImpl (MetricsSystemImpl.java:register(279)) - Sink prometheus already exists!
2023-05-04 21:54:16,879 [Listener at 127.0.0.1/45425] INFO  http.BaseHttpServer (BaseHttpServer.java:updateConnectorAddress(344)) - HTTP server of hddsDatanode listening at http://0.0.0.0:41355
2023-05-04 21:54:16,882 [Listener at 127.0.0.1/45425] WARN  impl.MetricRegistriesImpl (MetricRegistriesImpl.java:addReporterRegistration(111)) - New reporters are added after registries were created. Some metrics will be missing from the reporter. Please add reporter before adding any new registry.
2023-05-04 21:54:16,882 [Listener at 127.0.0.1/45425] WARN  impl.MetricRegistriesImpl (MetricRegistriesImpl.java:addReporterRegistration(111)) - New reporters are added after registries were created. Some metrics will be missing from the reporter. Please add reporter before adding any new registry.
2023-05-04 21:54:16,882 [Listener at 127.0.0.1/45425] INFO  impl.MetricsSystemImpl (MetricsSystemImpl.java:init(158)) - HddsDatanode metrics system started (again)
2023-05-04 21:54:16,887 [Datanode State Machine Daemon Thread] INFO  statemachine.DatanodeStateMachine (DatanodeStateMachine.java:lambda$startDaemon$0(524)) - Ozone container server started.
2023-05-04 21:54:16,908 [Listener at 127.0.0.1/45425] INFO  ozone.HddsDatanodeService (HddsDatanodeService.java:start(252)) - HddsDatanodeService host:fv-az133-721.yhipumr4050edinzmvad0xeera.cx.internal.cloudapp.net ip:10.1.0.44
2023-05-04 21:54:16,912 [Datanode State Machine Task Thread - 0] INFO  datanode.InitDatanodeState (InitDatanodeState.java:persistContainerDatanodeDetails(138)) - DatanodeDetails is persisted to /home/runner/work/ozone/ozone/hadoop-ozone/integration-test/target/test-dir/MiniOzoneClusterImpl-52a188dd-66b8-45b2-ab7c-675c0ee04825/datanode-3/meta/datanode.id
2023-05-04 21:54:16,911 [org.apache.hadoop.util.JvmPauseMonitor$Monitor@1fc3b57c] INFO  util.JvmPauseMonitor (JvmPauseMonitor.java:run(188)) - Starting JVM pause monitor
2023-05-04 21:54:16,931 [Listener at 127.0.0.1/45425] INFO  upgrade.AbstractLayoutVersionManager (AbstractLayoutVersionManager.java:init(83)) - Initializing Layout version manager with metadata layout = WEBUI_PORTS_IN_DATANODEDETAILS (version = 6), software layout = WEBUI_PORTS_IN_DATANODEDETAILS (version = 6)
2023-05-04 21:54:16,982 [Listener at 127.0.0.1/45425] INFO  reflections.Reflections (Reflections.java:scan(232)) - Reflections took 50 ms to scan 7 urls, producing 156 keys and 369 values 
2023-05-04 21:54:16,984 [Listener at 127.0.0.1/45425] INFO  statemachine.DatanodeStateMachine (DatanodeStateMachine.java:getEndPointTaskThreadPoolSize(267)) - Datanode State Machine Task Thread Pool size 2
2023-05-04 21:54:16,991 [Listener at 127.0.0.1/45425] INFO  volume.HddsVolume (HddsVolume.java:<init>(130)) - Creating HddsVolume: /home/runner/work/ozone/ozone/hadoop-ozone/integration-test/target/test-dir/MiniOzoneClusterImpl-52a188dd-66b8-45b2-ab7c-675c0ee04825/datanode-4/data-0/containers/hdds of storage type : DISK capacity : 9223372036854775807
2023-05-04 21:54:16,991 [Listener at 127.0.0.1/45425] INFO  volume.MutableVolumeSet (MutableVolumeSet.java:initializeVolumeSet(175)) - Added Volume : /home/runner/work/ozone/ozone/hadoop-ozone/integration-test/target/test-dir/MiniOzoneClusterImpl-52a188dd-66b8-45b2-ab7c-675c0ee04825/datanode-4/data-0/containers/hdds to VolumeSet
2023-05-04 21:54:16,991 [Listener at 127.0.0.1/45425] INFO  volume.ThrottledAsyncChecker (ThrottledAsyncChecker.java:schedule(141)) - Scheduling a check for /home/runner/work/ozone/ozone/hadoop-ozone/integration-test/target/test-dir/MiniOzoneClusterImpl-52a188dd-66b8-45b2-ab7c-675c0ee04825/datanode-4/data-0/containers/hdds
2023-05-04 21:54:16,992 [Listener at 127.0.0.1/45425] INFO  volume.StorageVolumeChecker (StorageVolumeChecker.java:checkAllVolumes(202)) - Scheduled health check for volume /home/runner/work/ozone/ozone/hadoop-ozone/integration-test/target/test-dir/MiniOzoneClusterImpl-52a188dd-66b8-45b2-ab7c-675c0ee04825/datanode-4/data-0/containers/hdds
2023-05-04 21:54:17,004 [Listener at 127.0.0.1/45425] INFO  volume.MutableVolumeSet (MutableVolumeSet.java:initializeVolumeSet(175)) - Added Volume : /home/runner/work/ozone/ozone/hadoop-ozone/integration-test/target/test-dir/MiniOzoneClusterImpl-52a188dd-66b8-45b2-ab7c-675c0ee04825/datanode-4/data/ratis to VolumeSet
2023-05-04 21:54:17,005 [Listener at 127.0.0.1/45425] INFO  volume.ThrottledAsyncChecker (ThrottledAsyncChecker.java:schedule(141)) - Scheduling a check for /home/runner/work/ozone/ozone/hadoop-ozone/integration-test/target/test-dir/MiniOzoneClusterImpl-52a188dd-66b8-45b2-ab7c-675c0ee04825/datanode-4/data/ratis
2023-05-04 21:54:17,005 [Listener at 127.0.0.1/45425] INFO  volume.StorageVolumeChecker (StorageVolumeChecker.java:checkAllVolumes(202)) - Scheduled health check for volume /home/runner/work/ozone/ozone/hadoop-ozone/integration-test/target/test-dir/MiniOzoneClusterImpl-52a188dd-66b8-45b2-ab7c-675c0ee04825/datanode-4/data/ratis
2023-05-04 21:54:17,018 [Thread-197] INFO  ozoneimpl.ContainerReader (ContainerReader.java:readVolume(175)) - Finish verifying containers on volume /home/runner/work/ozone/ozone/hadoop-ozone/integration-test/target/test-dir/MiniOzoneClusterImpl-52a188dd-66b8-45b2-ab7c-675c0ee04825/datanode-4/data-0/containers/hdds
2023-05-04 21:54:17,018 [Listener at 127.0.0.1/45425] INFO  ozoneimpl.OzoneContainer (OzoneContainer.java:buildContainerSet(303)) - Build ContainerSet costs 0s
2023-05-04 21:54:17,021 [Listener at 127.0.0.1/45425] INFO  server.RaftServer (ConfUtils.java:logGet(46)) - raft.rpc.type = GRPC (default)
2023-05-04 21:54:17,021 [Listener at 127.0.0.1/45425] INFO  grpc.GrpcConfigKeys (ConfUtils.java:logFallback(53)) - raft.grpc.admin.host = null (fallback to raft.grpc.server.host)
2023-05-04 21:54:17,021 [Listener at 127.0.0.1/45425] INFO  grpc.GrpcConfigKeys (ConfUtils.java:logGet(46)) - raft.grpc.admin.port = 0 (custom)
2023-05-04 21:54:17,022 [Listener at 127.0.0.1/45425] INFO  grpc.GrpcConfigKeys (ConfUtils.java:logFallback(53)) - raft.grpc.client.host = null (fallback to raft.grpc.server.host)
2023-05-04 21:54:17,022 [Listener at 127.0.0.1/45425] INFO  grpc.GrpcConfigKeys (ConfUtils.java:logGet(46)) - raft.grpc.client.port = 0 (custom)
2023-05-04 21:54:17,022 [Listener at 127.0.0.1/45425] INFO  grpc.GrpcConfigKeys (ConfUtils.java:logGet(46)) - raft.grpc.server.host = null (default)
2023-05-04 21:54:17,022 [Listener at 127.0.0.1/45425] INFO  grpc.GrpcConfigKeys (ConfUtils.java:logGet(46)) - raft.grpc.server.port = 0 (default)
2023-05-04 21:54:17,022 [Listener at 127.0.0.1/45425] INFO  server.GrpcService (ConfUtils.java:logGet(46)) - raft.grpc.message.size.max = 32MB (=33554432) (custom)
2023-05-04 21:54:17,022 [Listener at 127.0.0.1/45425] INFO  server.RaftServerConfigKeys (ConfUtils.java:logGet(46)) - raft.server.log.appender.buffer.byte-limit = 33554432 (custom)
2023-05-04 21:54:17,022 [Listener at 127.0.0.1/45425] INFO  server.GrpcService (ConfUtils.java:logGet(46)) - raft.grpc.flow.control.window = 5MB (=5242880) (custom)
2023-05-04 21:54:17,022 [Listener at 127.0.0.1/45425] INFO  server.RaftServerConfigKeys (ConfUtils.java:logGet(46)) - raft.server.rpc.request.timeout = 60s (custom)
2023-05-04 21:54:17,023 [Listener at 127.0.0.1/45425] INFO  grpc.GrpcConfigKeys (ConfUtils.java:logGet(46)) - raft.grpc.server.heartbeat.channel = true (default)
2023-05-04 21:54:17,023 [Listener at 127.0.0.1/45425] INFO  grpc.GrpcConfigKeys (ConfUtils.java:logGet(46)) - raft.grpc.server.async.request.thread.pool.cached = true (default)
2023-05-04 21:54:17,025 [Listener at 127.0.0.1/45425] INFO  grpc.GrpcConfigKeys (ConfUtils.java:logGet(46)) - raft.grpc.server.async.request.thread.pool.size = 32 (default)
2023-05-04 21:54:17,026 [Listener at 127.0.0.1/45425] INFO  impl.DataStreamServerImpl (ConfUtils.java:logGet(46)) - raft.datastream.type = NETTY (custom)
2023-05-04 21:54:17,027 [Listener at 127.0.0.1/45425] INFO  server.RaftServerConfigKeys (ConfUtils.java:logGet(46)) - raft.server.data-stream.async.request.thread.pool.cached = false (default)
2023-05-04 21:54:17,027 [Listener at 127.0.0.1/45425] INFO  server.RaftServerConfigKeys (ConfUtils.java:logGet(46)) - raft.server.data-stream.async.request.thread.pool.size = 20 (custom)
2023-05-04 21:54:17,027 [Listener at 127.0.0.1/45425] INFO  server.RaftServerConfigKeys (ConfUtils.java:logGet(46)) - raft.server.data-stream.async.write.thread.pool.size = 16 (default)
2023-05-04 21:54:17,027 [Listener at 127.0.0.1/45425] INFO  server.RaftServerConfigKeys (ConfUtils.java:logGet(46)) - raft.server.data-stream.client.pool.size = 10 (default)
2023-05-04 21:54:17,027 [Listener at 127.0.0.1/45425] INFO  netty.NettyConfigKeys$DataStream (ConfUtils.java:logGet(46)) - raft.netty.dataStream.server.use-epoll = false (default)
2023-05-04 21:54:17,027 [Listener at 127.0.0.1/45425] INFO  netty.NettyConfigKeys$DataStream (ConfUtils.java:logGet(46)) - raft.netty.dataStream.server.boss-group.size = 0 (default)
2023-05-04 21:54:17,028 [Listener at 127.0.0.1/45425] INFO  netty.NettyConfigKeys$DataStream (ConfUtils.java:logGet(46)) - raft.netty.dataStream.server.worker-group.size = 0 (default)
2023-05-04 21:54:17,028 [Listener at 127.0.0.1/45425] INFO  netty.NettyConfigKeys$DataStream (ConfUtils.java:logGet(46)) - raft.netty.dataStream.server.tls.conf = null (default)
2023-05-04 21:54:17,028 [Listener at 127.0.0.1/45425] INFO  netty.NettyConfigKeys$DataStream (ConfUtils.java:logGet(46)) - raft.netty.dataStream.host = null (default)
2023-05-04 21:54:17,028 [Listener at 127.0.0.1/45425] INFO  netty.NettyConfigKeys$DataStream (ConfUtils.java:logGet(46)) - raft.netty.dataStream.port = 0 (default)
2023-05-04 21:54:17,030 [Listener at 127.0.0.1/45425] INFO  server.RaftServerConfigKeys (ConfUtils.java:logGet(46)) - raft.server.threadpool.proxy.cached = true (default)
2023-05-04 21:54:17,030 [Listener at 127.0.0.1/45425] INFO  server.RaftServerConfigKeys (ConfUtils.java:logGet(46)) - raft.server.threadpool.proxy.size = 0 (default)
2023-05-04 21:54:17,030 [Listener at 127.0.0.1/45425] INFO  server.RaftServerConfigKeys (ConfUtils.java:logGet(46)) - raft.server.rpc.slowness.timeout = 300s (custom)
2023-05-04 21:54:17,030 [Listener at 127.0.0.1/45425] INFO  server.RaftServerConfigKeys (ConfUtils.java:logGet(46)) - raft.server.leaderelection.leader.step-down.wait-time = 10s (default)
2023-05-04 21:54:17,030 [Listener at 127.0.0.1/45425] INFO  server.RaftServerConfigKeys (ConfUtils.java:logGet(46)) - raft.server.storage.dir = [/home/runner/work/ozone/ozone/hadoop-ozone/integration-test/target/test-dir/MiniOzoneClusterImpl-52a188dd-66b8-45b2-ab7c-675c0ee04825/datanode-4/data/ratis] (custom)
2023-05-04 21:54:17,035 [6abe40d9-bbca-402e-938b-50fbed365dbf-NettyServerStreamRpc-bossGroup--thread1] INFO  logging.LoggingHandler (AbstractInternalLogger.java:log(148)) - [id: 0xff6af0df] REGISTERED
2023-05-04 21:54:17,035 [6abe40d9-bbca-402e-938b-50fbed365dbf-NettyServerStreamRpc-bossGroup--thread1] INFO  logging.LoggingHandler (AbstractInternalLogger.java:log(148)) - [id: 0xff6af0df] BIND: 0.0.0.0/0.0.0.0:0
2023-05-04 21:54:17,035 [6abe40d9-bbca-402e-938b-50fbed365dbf-NettyServerStreamRpc-bossGroup--thread1] INFO  logging.LoggingHandler (AbstractInternalLogger.java:log(148)) - [id: 0xff6af0df, L:/0:0:0:0:0:0:0:0:45795] ACTIVE
2023-05-04 21:54:17,037 [Listener at 127.0.0.1/45425] INFO  server.XceiverServerGrpc (XceiverServerGrpc.java:<init>(132)) - GrpcServer channel type EpollServerSocketChannel
2023-05-04 21:54:17,042 [Listener at 127.0.0.1/45425] INFO  replication.ReplicationSupervisor (ReplicationSupervisor.java:nodeStateUpdated(290)) - Node state updated to IN_SERVICE, scaling executor pool size to 10
2023-05-04 21:54:17,046 [Listener at 127.0.0.1/45425] INFO  http.BaseHttpServer (BaseHttpServer.java:newHttpServer2BuilderForOzone(224)) - Starting Web-server for hddsDatanode at: http://0.0.0.0:0
2023-05-04 21:54:17,046 [Listener at 127.0.0.1/45425] INFO  http.BaseHttpServer (BaseHttpServer.java:<init>(111)) - Hadoop Security Enabled: false Ozone Security Enabled: false Ozone HTTP Security Enabled: false 
2023-05-04 21:54:17,048 [Listener at 127.0.0.1/45425] WARN  server.AuthenticationFilter (AuthenticationFilter.java:constructSecretProvider(240)) - Unable to initialize FileSignerSecretProvider, falling back to use random secrets. Reason: Could not read signature secret file: /home/runner/hadoop-http-auth-signature-secret
2023-05-04 21:54:17,049 [Listener at 127.0.0.1/45425] INFO  http.HttpRequestLog (HttpRequestLog.java:getRequestLog(86)) - Http request log for http.requests.hddsDatanode is not defined
2023-05-04 21:54:17,050 [Listener at 127.0.0.1/45425] INFO  http.HttpServer2 (HttpServer2.java:addGlobalFilter(1031)) - Added global filter 'safety' (class=org.apache.hadoop.hdds.server.http.HttpServer2$QuotingInputFilter)
2023-05-04 21:54:17,051 [Listener at 127.0.0.1/45425] INFO  http.HttpServer2 (HttpServer2.java:addFilter(1007)) - Added filter static_user_filter (class=org.apache.hadoop.http.lib.StaticUserWebFilter$StaticUserFilter) to context hddsDatanode
2023-05-04 21:54:17,051 [Listener at 127.0.0.1/45425] INFO  http.HttpServer2 (HttpServer2.java:addFilter(1015)) - Added filter static_user_filter (class=org.apache.hadoop.http.lib.StaticUserWebFilter$StaticUserFilter) to context logs
2023-05-04 21:54:17,052 [Listener at 127.0.0.1/45425] INFO  http.HttpServer2 (HttpServer2.java:addFilter(1015)) - Added filter static_user_filter (class=org.apache.hadoop.http.lib.StaticUserWebFilter$StaticUserFilter) to context static
2023-05-04 21:54:17,052 [Listener at 127.0.0.1/45425] INFO  http.BaseHttpServer (BaseHttpServer.java:<init>(190)) - HTTP server of hddsDatanode uses base directory /home/runner/work/ozone/ozone/hadoop-ozone/integration-test/target/test-dir/MiniOzoneClusterImpl-52a188dd-66b8-45b2-ab7c-675c0ee04825/datanode-4/meta/webserver
2023-05-04 21:54:17,053 [Listener at 127.0.0.1/45425] INFO  http.HttpServer2 (HttpServer2.java:bindListener(1250)) - Jetty bound to port 43423
2023-05-04 21:54:17,053 [Listener at 127.0.0.1/45425] INFO  server.Server (Server.java:doStart(375)) - jetty-9.4.51.v20230217; built: 2023-02-17T08:19:37.309Z; git: b45c405e4544384de066f814ed42ae3dceacdd49; jvm 1.8.0_362-b09
2023-05-04 21:54:17,054 [Listener at 127.0.0.1/45425] INFO  server.session (DefaultSessionIdManager.java:doStart(334)) - DefaultSessionIdManager workerName=node0
2023-05-04 21:54:17,054 [Listener at 127.0.0.1/45425] INFO  server.session (DefaultSessionIdManager.java:doStart(339)) - No SessionScavenger set, using defaults
2023-05-04 21:54:17,054 [Listener at 127.0.0.1/45425] INFO  server.session (HouseKeeper.java:startScavenging(132)) - node0 Scavenging every 660000ms
2023-05-04 21:54:17,056 [Listener at 127.0.0.1/45425] INFO  handler.ContextHandler (ContextHandler.java:doStart(921)) - Started o.e.j.s.ServletContextHandler@34841b9c{logs,/logs,file:///home/runner/work/ozone/ozone/hadoop-ozone/integration-test/target/log,AVAILABLE}
2023-05-04 21:54:17,056 [Listener at 127.0.0.1/45425] INFO  handler.ContextHandler (ContextHandler.java:doStart(921)) - Started o.e.j.s.ServletContextHandler@22e7780c{static,/static,jar:file:/home/runner/.m2/repository/org/apache/ozone/hdds-container-service/1.4.0-SNAPSHOT/hdds-container-service-1.4.0-SNAPSHOT.jar!/webapps/static,AVAILABLE}
2023-05-04 21:54:17,256 [Listener at 127.0.0.1/45425] INFO  handler.ContextHandler (ContextHandler.java:doStart(921)) - Started o.e.j.w.WebAppContext@417a303b{hddsDatanode,/,file:///home/runner/work/ozone/ozone/hadoop-ozone/integration-test/target/test-dir/MiniOzoneClusterImpl-52a188dd-66b8-45b2-ab7c-675c0ee04825/datanode-4/meta/webserver/jetty-0_0_0_0-43423-hdds-container-service-1_4_0-SNAPSHOT_jar-_-any-986447790599816651/webapp/,AVAILABLE}{jar:file:/home/runner/.m2/repository/org/apache/ozone/hdds-container-service/1.4.0-SNAPSHOT/hdds-container-service-1.4.0-SNAPSHOT.jar!/webapps/hddsDatanode}
2023-05-04 21:54:17,258 [Listener at 127.0.0.1/45425] INFO  server.AbstractConnector (AbstractConnector.java:doStart(333)) - Started ServerConnector@3c83b2b4{HTTP/1.1, (http/1.1)}{0.0.0.0:43423}
2023-05-04 21:54:17,258 [Listener at 127.0.0.1/45425] INFO  server.Server (Server.java:doStart(415)) - Started @11062ms
2023-05-04 21:54:17,258 [Listener at 127.0.0.1/45425] WARN  impl.MetricsSystemImpl (MetricsSystemImpl.java:register(279)) - Sink prometheus already exists!
2023-05-04 21:54:17,259 [Listener at 127.0.0.1/45425] INFO  http.BaseHttpServer (BaseHttpServer.java:updateConnectorAddress(344)) - HTTP server of hddsDatanode listening at http://0.0.0.0:43423
2023-05-04 21:54:17,260 [Datanode State Machine Daemon Thread] INFO  statemachine.DatanodeStateMachine (DatanodeStateMachine.java:lambda$startDaemon$0(524)) - Ozone container server started.
2023-05-04 21:54:17,261 [Listener at 127.0.0.1/45425] WARN  impl.MetricRegistriesImpl (MetricRegistriesImpl.java:addReporterRegistration(111)) - New reporters are added after registries were created. Some metrics will be missing from the reporter. Please add reporter before adding any new registry.
2023-05-04 21:54:17,261 [Listener at 127.0.0.1/45425] WARN  impl.MetricRegistriesImpl (MetricRegistriesImpl.java:addReporterRegistration(111)) - New reporters are added after registries were created. Some metrics will be missing from the reporter. Please add reporter before adding any new registry.
2023-05-04 21:54:17,261 [Listener at 127.0.0.1/45425] INFO  impl.MetricsSystemImpl (MetricsSystemImpl.java:init(158)) - HddsDatanode metrics system started (again)
2023-05-04 21:54:17,271 [org.apache.hadoop.util.JvmPauseMonitor$Monitor@56d35b24] INFO  util.JvmPauseMonitor (JvmPauseMonitor.java:run(188)) - Starting JVM pause monitor
2023-05-04 21:54:17,281 [Listener at 127.0.0.1/45425] INFO  ozone.HddsDatanodeService (HddsDatanodeService.java:start(252)) - HddsDatanodeService host:fv-az133-721.yhipumr4050edinzmvad0xeera.cx.internal.cloudapp.net ip:10.1.0.44
2023-05-04 21:54:17,282 [Datanode State Machine Task Thread - 0] INFO  datanode.InitDatanodeState (InitDatanodeState.java:persistContainerDatanodeDetails(138)) - DatanodeDetails is persisted to /home/runner/work/ozone/ozone/hadoop-ozone/integration-test/target/test-dir/MiniOzoneClusterImpl-52a188dd-66b8-45b2-ab7c-675c0ee04825/datanode-4/meta/datanode.id
2023-05-04 21:54:17,300 [Listener at 127.0.0.1/45425] INFO  upgrade.AbstractLayoutVersionManager (AbstractLayoutVersionManager.java:init(83)) - Initializing Layout version manager with metadata layout = WEBUI_PORTS_IN_DATANODEDETAILS (version = 6), software layout = WEBUI_PORTS_IN_DATANODEDETAILS (version = 6)
2023-05-04 21:54:17,403 [Listener at 127.0.0.1/45425] INFO  reflections.Reflections (Reflections.java:scan(232)) - Reflections took 101 ms to scan 7 urls, producing 156 keys and 369 values 
2023-05-04 21:54:17,405 [Listener at 127.0.0.1/45425] INFO  statemachine.DatanodeStateMachine (DatanodeStateMachine.java:getEndPointTaskThreadPoolSize(267)) - Datanode State Machine Task Thread Pool size 2
2023-05-04 21:54:17,409 [Listener at 127.0.0.1/45425] INFO  volume.HddsVolume (HddsVolume.java:<init>(130)) - Creating HddsVolume: /home/runner/work/ozone/ozone/hadoop-ozone/integration-test/target/test-dir/MiniOzoneClusterImpl-52a188dd-66b8-45b2-ab7c-675c0ee04825/datanode-5/data-0/containers/hdds of storage type : DISK capacity : 9223372036854775807
2023-05-04 21:54:17,409 [Listener at 127.0.0.1/45425] INFO  volume.MutableVolumeSet (MutableVolumeSet.java:initializeVolumeSet(175)) - Added Volume : /home/runner/work/ozone/ozone/hadoop-ozone/integration-test/target/test-dir/MiniOzoneClusterImpl-52a188dd-66b8-45b2-ab7c-675c0ee04825/datanode-5/data-0/containers/hdds to VolumeSet
2023-05-04 21:54:17,409 [Listener at 127.0.0.1/45425] INFO  volume.ThrottledAsyncChecker (ThrottledAsyncChecker.java:schedule(141)) - Scheduling a check for /home/runner/work/ozone/ozone/hadoop-ozone/integration-test/target/test-dir/MiniOzoneClusterImpl-52a188dd-66b8-45b2-ab7c-675c0ee04825/datanode-5/data-0/containers/hdds
2023-05-04 21:54:17,413 [Listener at 127.0.0.1/45425] INFO  volume.StorageVolumeChecker (StorageVolumeChecker.java:checkAllVolumes(202)) - Scheduled health check for volume /home/runner/work/ozone/ozone/hadoop-ozone/integration-test/target/test-dir/MiniOzoneClusterImpl-52a188dd-66b8-45b2-ab7c-675c0ee04825/datanode-5/data-0/containers/hdds
2023-05-04 21:54:17,429 [Listener at 127.0.0.1/45425] INFO  volume.MutableVolumeSet (MutableVolumeSet.java:initializeVolumeSet(175)) - Added Volume : /home/runner/work/ozone/ozone/hadoop-ozone/integration-test/target/test-dir/MiniOzoneClusterImpl-52a188dd-66b8-45b2-ab7c-675c0ee04825/datanode-5/data/ratis to VolumeSet
2023-05-04 21:54:17,429 [Listener at 127.0.0.1/45425] INFO  volume.ThrottledAsyncChecker (ThrottledAsyncChecker.java:schedule(141)) - Scheduling a check for /home/runner/work/ozone/ozone/hadoop-ozone/integration-test/target/test-dir/MiniOzoneClusterImpl-52a188dd-66b8-45b2-ab7c-675c0ee04825/datanode-5/data/ratis
2023-05-04 21:54:17,429 [Listener at 127.0.0.1/45425] INFO  volume.StorageVolumeChecker (StorageVolumeChecker.java:checkAllVolumes(202)) - Scheduled health check for volume /home/runner/work/ozone/ozone/hadoop-ozone/integration-test/target/test-dir/MiniOzoneClusterImpl-52a188dd-66b8-45b2-ab7c-675c0ee04825/datanode-5/data/ratis
2023-05-04 21:54:17,448 [Thread-211] INFO  ozoneimpl.ContainerReader (ContainerReader.java:readVolume(175)) - Finish verifying containers on volume /home/runner/work/ozone/ozone/hadoop-ozone/integration-test/target/test-dir/MiniOzoneClusterImpl-52a188dd-66b8-45b2-ab7c-675c0ee04825/datanode-5/data-0/containers/hdds
2023-05-04 21:54:17,448 [Listener at 127.0.0.1/45425] INFO  ozoneimpl.OzoneContainer (OzoneContainer.java:buildContainerSet(303)) - Build ContainerSet costs 0s
2023-05-04 21:54:17,453 [Listener at 127.0.0.1/45425] INFO  server.RaftServer (ConfUtils.java:logGet(46)) - raft.rpc.type = GRPC (default)
2023-05-04 21:54:17,454 [Listener at 127.0.0.1/45425] INFO  grpc.GrpcConfigKeys (ConfUtils.java:logFallback(53)) - raft.grpc.admin.host = null (fallback to raft.grpc.server.host)
2023-05-04 21:54:17,454 [Listener at 127.0.0.1/45425] INFO  grpc.GrpcConfigKeys (ConfUtils.java:logGet(46)) - raft.grpc.admin.port = 0 (custom)
2023-05-04 21:54:17,454 [Listener at 127.0.0.1/45425] INFO  grpc.GrpcConfigKeys (ConfUtils.java:logFallback(53)) - raft.grpc.client.host = null (fallback to raft.grpc.server.host)
2023-05-04 21:54:17,454 [Listener at 127.0.0.1/45425] INFO  grpc.GrpcConfigKeys (ConfUtils.java:logGet(46)) - raft.grpc.client.port = 0 (custom)
2023-05-04 21:54:17,454 [Listener at 127.0.0.1/45425] INFO  grpc.GrpcConfigKeys (ConfUtils.java:logGet(46)) - raft.grpc.server.host = null (default)
2023-05-04 21:54:17,454 [Listener at 127.0.0.1/45425] INFO  grpc.GrpcConfigKeys (ConfUtils.java:logGet(46)) - raft.grpc.server.port = 0 (default)
2023-05-04 21:54:17,455 [Listener at 127.0.0.1/45425] INFO  server.GrpcService (ConfUtils.java:logGet(46)) - raft.grpc.message.size.max = 32MB (=33554432) (custom)
2023-05-04 21:54:17,455 [Listener at 127.0.0.1/45425] INFO  server.RaftServerConfigKeys (ConfUtils.java:logGet(46)) - raft.server.log.appender.buffer.byte-limit = 33554432 (custom)
2023-05-04 21:54:17,455 [Listener at 127.0.0.1/45425] INFO  server.GrpcService (ConfUtils.java:logGet(46)) - raft.grpc.flow.control.window = 5MB (=5242880) (custom)
2023-05-04 21:54:17,455 [Listener at 127.0.0.1/45425] INFO  server.RaftServerConfigKeys (ConfUtils.java:logGet(46)) - raft.server.rpc.request.timeout = 60s (custom)
2023-05-04 21:54:17,455 [Listener at 127.0.0.1/45425] INFO  grpc.GrpcConfigKeys (ConfUtils.java:logGet(46)) - raft.grpc.server.heartbeat.channel = true (default)
2023-05-04 21:54:17,455 [Listener at 127.0.0.1/45425] INFO  grpc.GrpcConfigKeys (ConfUtils.java:logGet(46)) - raft.grpc.server.async.request.thread.pool.cached = true (default)
2023-05-04 21:54:17,455 [Listener at 127.0.0.1/45425] INFO  grpc.GrpcConfigKeys (ConfUtils.java:logGet(46)) - raft.grpc.server.async.request.thread.pool.size = 32 (default)
2023-05-04 21:54:17,457 [Listener at 127.0.0.1/45425] INFO  impl.DataStreamServerImpl (ConfUtils.java:logGet(46)) - raft.datastream.type = NETTY (custom)
2023-05-04 21:54:17,458 [Listener at 127.0.0.1/45425] INFO  server.RaftServerConfigKeys (ConfUtils.java:logGet(46)) - raft.server.data-stream.async.request.thread.pool.cached = false (default)
2023-05-04 21:54:17,458 [Listener at 127.0.0.1/45425] INFO  server.RaftServerConfigKeys (ConfUtils.java:logGet(46)) - raft.server.data-stream.async.request.thread.pool.size = 20 (custom)
2023-05-04 21:54:17,458 [Listener at 127.0.0.1/45425] INFO  server.RaftServerConfigKeys (ConfUtils.java:logGet(46)) - raft.server.data-stream.async.write.thread.pool.size = 16 (default)
2023-05-04 21:54:17,458 [Listener at 127.0.0.1/45425] INFO  server.RaftServerConfigKeys (ConfUtils.java:logGet(46)) - raft.server.data-stream.client.pool.size = 10 (default)
2023-05-04 21:54:17,458 [Listener at 127.0.0.1/45425] INFO  netty.NettyConfigKeys$DataStream (ConfUtils.java:logGet(46)) - raft.netty.dataStream.server.use-epoll = false (default)
2023-05-04 21:54:17,458 [Listener at 127.0.0.1/45425] INFO  netty.NettyConfigKeys$DataStream (ConfUtils.java:logGet(46)) - raft.netty.dataStream.server.boss-group.size = 0 (default)
2023-05-04 21:54:17,459 [Listener at 127.0.0.1/45425] INFO  netty.NettyConfigKeys$DataStream (ConfUtils.java:logGet(46)) - raft.netty.dataStream.server.worker-group.size = 0 (default)
2023-05-04 21:54:17,459 [Listener at 127.0.0.1/45425] INFO  netty.NettyConfigKeys$DataStream (ConfUtils.java:logGet(46)) - raft.netty.dataStream.server.tls.conf = null (default)
2023-05-04 21:54:17,459 [Listener at 127.0.0.1/45425] INFO  netty.NettyConfigKeys$DataStream (ConfUtils.java:logGet(46)) - raft.netty.dataStream.host = null (default)
2023-05-04 21:54:17,461 [Listener at 127.0.0.1/45425] INFO  netty.NettyConfigKeys$DataStream (ConfUtils.java:logGet(46)) - raft.netty.dataStream.port = 0 (default)
2023-05-04 21:54:17,462 [Listener at 127.0.0.1/45425] INFO  server.RaftServerConfigKeys (ConfUtils.java:logGet(46)) - raft.server.threadpool.proxy.cached = true (default)
2023-05-04 21:54:17,468 [Listener at 127.0.0.1/45425] INFO  server.RaftServerConfigKeys (ConfUtils.java:logGet(46)) - raft.server.threadpool.proxy.size = 0 (default)
2023-05-04 21:54:17,469 [Listener at 127.0.0.1/45425] INFO  server.RaftServerConfigKeys (ConfUtils.java:logGet(46)) - raft.server.rpc.slowness.timeout = 300s (custom)
2023-05-04 21:54:17,470 [Listener at 127.0.0.1/45425] INFO  server.RaftServerConfigKeys (ConfUtils.java:logGet(46)) - raft.server.leaderelection.leader.step-down.wait-time = 10s (default)
2023-05-04 21:54:17,470 [Listener at 127.0.0.1/45425] INFO  server.RaftServerConfigKeys (ConfUtils.java:logGet(46)) - raft.server.storage.dir = [/home/runner/work/ozone/ozone/hadoop-ozone/integration-test/target/test-dir/MiniOzoneClusterImpl-52a188dd-66b8-45b2-ab7c-675c0ee04825/datanode-5/data/ratis] (custom)
2023-05-04 21:54:17,469 [dbf01856-92cd-4f2e-80e3-f7bd7f97e610-NettyServerStreamRpc-bossGroup--thread1] INFO  logging.LoggingHandler (AbstractInternalLogger.java:log(148)) - [id: 0xae45c99e] REGISTERED
2023-05-04 21:54:17,470 [dbf01856-92cd-4f2e-80e3-f7bd7f97e610-NettyServerStreamRpc-bossGroup--thread1] INFO  logging.LoggingHandler (AbstractInternalLogger.java:log(148)) - [id: 0xae45c99e] BIND: 0.0.0.0/0.0.0.0:0
2023-05-04 21:54:17,470 [dbf01856-92cd-4f2e-80e3-f7bd7f97e610-NettyServerStreamRpc-bossGroup--thread1] INFO  logging.LoggingHandler (AbstractInternalLogger.java:log(148)) - [id: 0xae45c99e, L:/0:0:0:0:0:0:0:0:34049] ACTIVE
2023-05-04 21:54:17,472 [Listener at 127.0.0.1/45425] INFO  server.XceiverServerGrpc (XceiverServerGrpc.java:<init>(132)) - GrpcServer channel type EpollServerSocketChannel
2023-05-04 21:54:17,476 [Listener at 127.0.0.1/45425] INFO  replication.ReplicationSupervisor (ReplicationSupervisor.java:nodeStateUpdated(290)) - Node state updated to IN_SERVICE, scaling executor pool size to 10
2023-05-04 21:54:17,479 [Listener at 127.0.0.1/45425] INFO  http.BaseHttpServer (BaseHttpServer.java:newHttpServer2BuilderForOzone(224)) - Starting Web-server for hddsDatanode at: http://0.0.0.0:0
2023-05-04 21:54:17,479 [Listener at 127.0.0.1/45425] INFO  http.BaseHttpServer (BaseHttpServer.java:<init>(111)) - Hadoop Security Enabled: false Ozone Security Enabled: false Ozone HTTP Security Enabled: false 
2023-05-04 21:54:17,482 [Listener at 127.0.0.1/45425] WARN  server.AuthenticationFilter (AuthenticationFilter.java:constructSecretProvider(240)) - Unable to initialize FileSignerSecretProvider, falling back to use random secrets. Reason: Could not read signature secret file: /home/runner/hadoop-http-auth-signature-secret
2023-05-04 21:54:17,483 [Listener at 127.0.0.1/45425] INFO  http.HttpRequestLog (HttpRequestLog.java:getRequestLog(86)) - Http request log for http.requests.hddsDatanode is not defined
2023-05-04 21:54:17,485 [Listener at 127.0.0.1/45425] INFO  http.HttpServer2 (HttpServer2.java:addGlobalFilter(1031)) - Added global filter 'safety' (class=org.apache.hadoop.hdds.server.http.HttpServer2$QuotingInputFilter)
2023-05-04 21:54:17,486 [Listener at 127.0.0.1/45425] INFO  http.HttpServer2 (HttpServer2.java:addFilter(1007)) - Added filter static_user_filter (class=org.apache.hadoop.http.lib.StaticUserWebFilter$StaticUserFilter) to context hddsDatanode
2023-05-04 21:54:17,487 [Listener at 127.0.0.1/45425] INFO  http.HttpServer2 (HttpServer2.java:addFilter(1015)) - Added filter static_user_filter (class=org.apache.hadoop.http.lib.StaticUserWebFilter$StaticUserFilter) to context logs
2023-05-04 21:54:17,487 [Listener at 127.0.0.1/45425] INFO  http.HttpServer2 (HttpServer2.java:addFilter(1015)) - Added filter static_user_filter (class=org.apache.hadoop.http.lib.StaticUserWebFilter$StaticUserFilter) to context static
2023-05-04 21:54:17,488 [Listener at 127.0.0.1/45425] INFO  http.BaseHttpServer (BaseHttpServer.java:<init>(190)) - HTTP server of hddsDatanode uses base directory /home/runner/work/ozone/ozone/hadoop-ozone/integration-test/target/test-dir/MiniOzoneClusterImpl-52a188dd-66b8-45b2-ab7c-675c0ee04825/datanode-5/meta/webserver
2023-05-04 21:54:17,488 [Listener at 127.0.0.1/45425] INFO  http.HttpServer2 (HttpServer2.java:bindListener(1250)) - Jetty bound to port 38883
2023-05-04 21:54:17,489 [Listener at 127.0.0.1/45425] INFO  server.Server (Server.java:doStart(375)) - jetty-9.4.51.v20230217; built: 2023-02-17T08:19:37.309Z; git: b45c405e4544384de066f814ed42ae3dceacdd49; jvm 1.8.0_362-b09
2023-05-04 21:54:17,490 [Listener at 127.0.0.1/45425] INFO  server.session (DefaultSessionIdManager.java:doStart(334)) - DefaultSessionIdManager workerName=node0
2023-05-04 21:54:17,490 [Listener at 127.0.0.1/45425] INFO  server.session (DefaultSessionIdManager.java:doStart(339)) - No SessionScavenger set, using defaults
2023-05-04 21:54:17,490 [Listener at 127.0.0.1/45425] INFO  server.session (HouseKeeper.java:startScavenging(132)) - node0 Scavenging every 660000ms
2023-05-04 21:54:17,491 [Listener at 127.0.0.1/45425] INFO  handler.ContextHandler (ContextHandler.java:doStart(921)) - Started o.e.j.s.ServletContextHandler@701ff47{logs,/logs,file:///home/runner/work/ozone/ozone/hadoop-ozone/integration-test/target/log,AVAILABLE}
2023-05-04 21:54:17,492 [Listener at 127.0.0.1/45425] INFO  handler.ContextHandler (ContextHandler.java:doStart(921)) - Started o.e.j.s.ServletContextHandler@52997425{static,/static,jar:file:/home/runner/.m2/repository/org/apache/ozone/hdds-container-service/1.4.0-SNAPSHOT/hdds-container-service-1.4.0-SNAPSHOT.jar!/webapps/static,AVAILABLE}
2023-05-04 21:54:17,717 [Listener at 127.0.0.1/45425] INFO  handler.ContextHandler (ContextHandler.java:doStart(921)) - Started o.e.j.w.WebAppContext@1b8f03af{hddsDatanode,/,file:///home/runner/work/ozone/ozone/hadoop-ozone/integration-test/target/test-dir/MiniOzoneClusterImpl-52a188dd-66b8-45b2-ab7c-675c0ee04825/datanode-5/meta/webserver/jetty-0_0_0_0-38883-hdds-container-service-1_4_0-SNAPSHOT_jar-_-any-1997425810456048088/webapp/,AVAILABLE}{jar:file:/home/runner/.m2/repository/org/apache/ozone/hdds-container-service/1.4.0-SNAPSHOT/hdds-container-service-1.4.0-SNAPSHOT.jar!/webapps/hddsDatanode}
2023-05-04 21:54:17,718 [Listener at 127.0.0.1/45425] INFO  server.AbstractConnector (AbstractConnector.java:doStart(333)) - Started ServerConnector@42097f28{HTTP/1.1, (http/1.1)}{0.0.0.0:38883}
2023-05-04 21:54:17,719 [Listener at 127.0.0.1/45425] INFO  server.Server (Server.java:doStart(415)) - Started @11522ms
2023-05-04 21:54:17,720 [Listener at 127.0.0.1/45425] WARN  impl.MetricsSystemImpl (MetricsSystemImpl.java:register(279)) - Sink prometheus already exists!
2023-05-04 21:54:17,720 [Listener at 127.0.0.1/45425] INFO  http.BaseHttpServer (BaseHttpServer.java:updateConnectorAddress(344)) - HTTP server of hddsDatanode listening at http://0.0.0.0:38883
2023-05-04 21:54:17,721 [Listener at 127.0.0.1/45425] WARN  impl.MetricRegistriesImpl (MetricRegistriesImpl.java:addReporterRegistration(111)) - New reporters are added after registries were created. Some metrics will be missing from the reporter. Please add reporter before adding any new registry.
2023-05-04 21:54:17,721 [Listener at 127.0.0.1/45425] WARN  impl.MetricRegistriesImpl (MetricRegistriesImpl.java:addReporterRegistration(111)) - New reporters are added after registries were created. Some metrics will be missing from the reporter. Please add reporter before adding any new registry.
2023-05-04 21:54:17,721 [Listener at 127.0.0.1/45425] INFO  impl.MetricsSystemImpl (MetricsSystemImpl.java:init(158)) - HddsDatanode metrics system started (again)
2023-05-04 21:54:17,726 [EndpointStateMachine task thread for /0.0.0.0:35509 - 0 ] INFO  utils.DatanodeStoreCache (DatanodeStoreCache.java:addDB(58)) - Added db /home/runner/work/ozone/ozone/hadoop-ozone/integration-test/target/test-dir/MiniOzoneClusterImpl-52a188dd-66b8-45b2-ab7c-675c0ee04825/datanode-0/data-0/containers/hdds/52a188dd-66b8-45b2-ab7c-675c0ee04825/DS-181f794e-4afd-482a-bd79-8bdc59ceafe7/container.db to cache
2023-05-04 21:54:17,726 [EndpointStateMachine task thread for /0.0.0.0:35509 - 0 ] INFO  volume.HddsVolume (HddsVolume.java:createDbStore(350)) - SchemaV3 db is created and loaded at /home/runner/work/ozone/ozone/hadoop-ozone/integration-test/target/test-dir/MiniOzoneClusterImpl-52a188dd-66b8-45b2-ab7c-675c0ee04825/datanode-0/data-0/containers/hdds/52a188dd-66b8-45b2-ab7c-675c0ee04825/DS-181f794e-4afd-482a-bd79-8bdc59ceafe7/container.db for volume DS-181f794e-4afd-482a-bd79-8bdc59ceafe7
2023-05-04 21:54:17,727 [Datanode State Machine Daemon Thread] INFO  statemachine.DatanodeStateMachine (DatanodeStateMachine.java:lambda$startDaemon$0(524)) - Ozone container server started.
2023-05-04 21:54:17,742 [org.apache.hadoop.util.JvmPauseMonitor$Monitor@72a3aaab] INFO  util.JvmPauseMonitor (JvmPauseMonitor.java:run(188)) - Starting JVM pause monitor
2023-05-04 21:54:17,735 [EndpointStateMachine task thread for /0.0.0.0:35509 - 0 ] INFO  ozoneimpl.OzoneContainer (OzoneContainer.java:start(397)) - Attempting to start container services.
2023-05-04 21:54:17,748 [EndpointStateMachine task thread for /0.0.0.0:35509 - 0 ] INFO  ozoneimpl.OzoneContainer (OzoneContainer.java:startContainerScrub(314)) - Scheduled background container scanners and the on-demand container scanner have been disabled.
2023-05-04 21:54:17,750 [EndpointStateMachine task thread for /0.0.0.0:35509 - 0 ] INFO  replication.ReplicationServer (ReplicationServer.java:start(109)) - ReplicationServer is started using port 43341
2023-05-04 21:54:17,750 [EndpointStateMachine task thread for /0.0.0.0:35509 - 0 ] INFO  ratis.XceiverServerRatis (XceiverServerRatis.java:start(517)) - Starting XceiverServerRatis e0862bec-a8bd-48ad-a9f8-bef0c155c835
2023-05-04 21:54:17,751 [EndpointStateMachine task thread for /0.0.0.0:35509 - 0 ] INFO  server.RaftServer (RaftServerProxy.java:startImpl(393)) - e0862bec-a8bd-48ad-a9f8-bef0c155c835: start RPC server
2023-05-04 21:54:17,755 [EndpointStateMachine task thread for /0.0.0.0:35509 - 0 ] INFO  server.GrpcService (GrpcService.java:startImpl(262)) - e0862bec-a8bd-48ad-a9f8-bef0c155c835: GrpcService started, listening on 39581
2023-05-04 21:54:17,756 [EndpointStateMachine task thread for /0.0.0.0:35509 - 0 ] INFO  ratis.XceiverServerRatis (XceiverServerRatis.java:getRealPort(543)) - XceiverServerRatis e0862bec-a8bd-48ad-a9f8-bef0c155c835 is started using port 39581 for RATIS
2023-05-04 21:54:17,756 [EndpointStateMachine task thread for /0.0.0.0:35509 - 0 ] INFO  ratis.XceiverServerRatis (XceiverServerRatis.java:getRealPort(543)) - XceiverServerRatis e0862bec-a8bd-48ad-a9f8-bef0c155c835 is started using port 39581 for RATIS_ADMIN
2023-05-04 21:54:17,756 [EndpointStateMachine task thread for /0.0.0.0:35509 - 0 ] INFO  ratis.XceiverServerRatis (XceiverServerRatis.java:getRealPort(543)) - XceiverServerRatis e0862bec-a8bd-48ad-a9f8-bef0c155c835 is started using port 39581 for RATIS_SERVER
2023-05-04 21:54:17,756 [EndpointStateMachine task thread for /0.0.0.0:35509 - 0 ] INFO  ratis.XceiverServerRatis (XceiverServerRatis.java:getRealPort(543)) - XceiverServerRatis e0862bec-a8bd-48ad-a9f8-bef0c155c835 is started using port 35075 for RATIS_DATASTREAM
2023-05-04 21:54:17,756 [JvmPauseMonitor1] INFO  util.JvmPauseMonitor (JvmPauseMonitor.java:run(105)) - JvmPauseMonitor-e0862bec-a8bd-48ad-a9f8-bef0c155c835: Started
2023-05-04 21:54:17,760 [EndpointStateMachine task thread for /0.0.0.0:35509 - 0 ] INFO  server.XceiverServerGrpc (XceiverServerGrpc.java:start(180)) - XceiverServerGrpc e0862bec-a8bd-48ad-a9f8-bef0c155c835 is started using port 33425
2023-05-04 21:54:17,769 [Listener at 127.0.0.1/45425] INFO  ozone.HddsDatanodeService (HddsDatanodeService.java:start(252)) - HddsDatanodeService host:fv-az133-721.yhipumr4050edinzmvad0xeera.cx.internal.cloudapp.net ip:10.1.0.44
2023-05-04 21:54:17,770 [Datanode State Machine Task Thread - 0] INFO  datanode.InitDatanodeState (InitDatanodeState.java:persistContainerDatanodeDetails(138)) - DatanodeDetails is persisted to /home/runner/work/ozone/ozone/hadoop-ozone/integration-test/target/test-dir/MiniOzoneClusterImpl-52a188dd-66b8-45b2-ab7c-675c0ee04825/datanode-5/meta/datanode.id
2023-05-04 21:54:17,776 [BlockDeletingService#0] INFO  interfaces.ContainerDeletionChoosingPolicyTemplate (ContainerDeletionChoosingPolicyTemplate.java:chooseContainerForBlockDeletion(83)) - Chosen 0/5000 blocks from 0 candidate containers.
2023-05-04 21:54:17,794 [Listener at 127.0.0.1/45425] INFO  upgrade.AbstractLayoutVersionManager (AbstractLayoutVersionManager.java:init(83)) - Initializing Layout version manager with metadata layout = WEBUI_PORTS_IN_DATANODEDETAILS (version = 6), software layout = WEBUI_PORTS_IN_DATANODEDETAILS (version = 6)
2023-05-04 21:54:17,847 [Listener at 127.0.0.1/45425] INFO  reflections.Reflections (Reflections.java:scan(232)) - Reflections took 51 ms to scan 7 urls, producing 156 keys and 369 values 
2023-05-04 21:54:17,848 [Listener at 127.0.0.1/45425] INFO  statemachine.DatanodeStateMachine (DatanodeStateMachine.java:getEndPointTaskThreadPoolSize(267)) - Datanode State Machine Task Thread Pool size 2
2023-05-04 21:54:17,855 [Listener at 127.0.0.1/45425] INFO  volume.HddsVolume (HddsVolume.java:<init>(130)) - Creating HddsVolume: /home/runner/work/ozone/ozone/hadoop-ozone/integration-test/target/test-dir/MiniOzoneClusterImpl-52a188dd-66b8-45b2-ab7c-675c0ee04825/datanode-6/data-0/containers/hdds of storage type : DISK capacity : 9223372036854775807
2023-05-04 21:54:17,855 [Listener at 127.0.0.1/45425] INFO  volume.MutableVolumeSet (MutableVolumeSet.java:initializeVolumeSet(175)) - Added Volume : /home/runner/work/ozone/ozone/hadoop-ozone/integration-test/target/test-dir/MiniOzoneClusterImpl-52a188dd-66b8-45b2-ab7c-675c0ee04825/datanode-6/data-0/containers/hdds to VolumeSet
2023-05-04 21:54:17,856 [Listener at 127.0.0.1/45425] INFO  volume.ThrottledAsyncChecker (ThrottledAsyncChecker.java:schedule(141)) - Scheduling a check for /home/runner/work/ozone/ozone/hadoop-ozone/integration-test/target/test-dir/MiniOzoneClusterImpl-52a188dd-66b8-45b2-ab7c-675c0ee04825/datanode-6/data-0/containers/hdds
2023-05-04 21:54:17,860 [Listener at 127.0.0.1/45425] INFO  volume.StorageVolumeChecker (StorageVolumeChecker.java:checkAllVolumes(202)) - Scheduled health check for volume /home/runner/work/ozone/ozone/hadoop-ozone/integration-test/target/test-dir/MiniOzoneClusterImpl-52a188dd-66b8-45b2-ab7c-675c0ee04825/datanode-6/data-0/containers/hdds
2023-05-04 21:54:17,873 [Listener at 127.0.0.1/45425] INFO  volume.MutableVolumeSet (MutableVolumeSet.java:initializeVolumeSet(175)) - Added Volume : /home/runner/work/ozone/ozone/hadoop-ozone/integration-test/target/test-dir/MiniOzoneClusterImpl-52a188dd-66b8-45b2-ab7c-675c0ee04825/datanode-6/data/ratis to VolumeSet
2023-05-04 21:54:17,873 [Listener at 127.0.0.1/45425] INFO  volume.ThrottledAsyncChecker (ThrottledAsyncChecker.java:schedule(141)) - Scheduling a check for /home/runner/work/ozone/ozone/hadoop-ozone/integration-test/target/test-dir/MiniOzoneClusterImpl-52a188dd-66b8-45b2-ab7c-675c0ee04825/datanode-6/data/ratis
2023-05-04 21:54:17,874 [Listener at 127.0.0.1/45425] INFO  volume.StorageVolumeChecker (StorageVolumeChecker.java:checkAllVolumes(202)) - Scheduled health check for volume /home/runner/work/ozone/ozone/hadoop-ozone/integration-test/target/test-dir/MiniOzoneClusterImpl-52a188dd-66b8-45b2-ab7c-675c0ee04825/datanode-6/data/ratis
2023-05-04 21:54:17,889 [Thread-231] INFO  ozoneimpl.ContainerReader (ContainerReader.java:readVolume(175)) - Finish verifying containers on volume /home/runner/work/ozone/ozone/hadoop-ozone/integration-test/target/test-dir/MiniOzoneClusterImpl-52a188dd-66b8-45b2-ab7c-675c0ee04825/datanode-6/data-0/containers/hdds
2023-05-04 21:54:17,889 [Listener at 127.0.0.1/45425] INFO  ozoneimpl.OzoneContainer (OzoneContainer.java:buildContainerSet(303)) - Build ContainerSet costs 0s
2023-05-04 21:54:17,892 [Listener at 127.0.0.1/45425] INFO  server.RaftServer (ConfUtils.java:logGet(46)) - raft.rpc.type = GRPC (default)
2023-05-04 21:54:17,893 [Listener at 127.0.0.1/45425] INFO  grpc.GrpcConfigKeys (ConfUtils.java:logFallback(53)) - raft.grpc.admin.host = null (fallback to raft.grpc.server.host)
2023-05-04 21:54:17,893 [Listener at 127.0.0.1/45425] INFO  grpc.GrpcConfigKeys (ConfUtils.java:logGet(46)) - raft.grpc.admin.port = 0 (custom)
2023-05-04 21:54:17,893 [Listener at 127.0.0.1/45425] INFO  grpc.GrpcConfigKeys (ConfUtils.java:logFallback(53)) - raft.grpc.client.host = null (fallback to raft.grpc.server.host)
2023-05-04 21:54:17,893 [Listener at 127.0.0.1/45425] INFO  grpc.GrpcConfigKeys (ConfUtils.java:logGet(46)) - raft.grpc.client.port = 0 (custom)
2023-05-04 21:54:17,893 [Listener at 127.0.0.1/45425] INFO  grpc.GrpcConfigKeys (ConfUtils.java:logGet(46)) - raft.grpc.server.host = null (default)
2023-05-04 21:54:17,893 [Listener at 127.0.0.1/45425] INFO  grpc.GrpcConfigKeys (ConfUtils.java:logGet(46)) - raft.grpc.server.port = 0 (default)
2023-05-04 21:54:17,894 [Listener at 127.0.0.1/45425] INFO  server.GrpcService (ConfUtils.java:logGet(46)) - raft.grpc.message.size.max = 32MB (=33554432) (custom)
2023-05-04 21:54:17,894 [Listener at 127.0.0.1/45425] INFO  server.RaftServerConfigKeys (ConfUtils.java:logGet(46)) - raft.server.log.appender.buffer.byte-limit = 33554432 (custom)
2023-05-04 21:54:17,894 [Listener at 127.0.0.1/45425] INFO  server.GrpcService (ConfUtils.java:logGet(46)) - raft.grpc.flow.control.window = 5MB (=5242880) (custom)
2023-05-04 21:54:17,894 [Listener at 127.0.0.1/45425] INFO  server.RaftServerConfigKeys (ConfUtils.java:logGet(46)) - raft.server.rpc.request.timeout = 60s (custom)
2023-05-04 21:54:17,894 [Listener at 127.0.0.1/45425] INFO  grpc.GrpcConfigKeys (ConfUtils.java:logGet(46)) - raft.grpc.server.heartbeat.channel = true (default)
2023-05-04 21:54:17,894 [Listener at 127.0.0.1/45425] INFO  grpc.GrpcConfigKeys (ConfUtils.java:logGet(46)) - raft.grpc.server.async.request.thread.pool.cached = true (default)
2023-05-04 21:54:17,894 [Listener at 127.0.0.1/45425] INFO  grpc.GrpcConfigKeys (ConfUtils.java:logGet(46)) - raft.grpc.server.async.request.thread.pool.size = 32 (default)
2023-05-04 21:54:17,896 [Listener at 127.0.0.1/45425] INFO  impl.DataStreamServerImpl (ConfUtils.java:logGet(46)) - raft.datastream.type = NETTY (custom)
2023-05-04 21:54:17,897 [Listener at 127.0.0.1/45425] INFO  server.RaftServerConfigKeys (ConfUtils.java:logGet(46)) - raft.server.data-stream.async.request.thread.pool.cached = false (default)
2023-05-04 21:54:17,897 [Listener at 127.0.0.1/45425] INFO  server.RaftServerConfigKeys (ConfUtils.java:logGet(46)) - raft.server.data-stream.async.request.thread.pool.size = 20 (custom)
2023-05-04 21:54:17,897 [Listener at 127.0.0.1/45425] INFO  server.RaftServerConfigKeys (ConfUtils.java:logGet(46)) - raft.server.data-stream.async.write.thread.pool.size = 16 (default)
2023-05-04 21:54:17,897 [Listener at 127.0.0.1/45425] INFO  server.RaftServerConfigKeys (ConfUtils.java:logGet(46)) - raft.server.data-stream.client.pool.size = 10 (default)
2023-05-04 21:54:17,898 [Listener at 127.0.0.1/45425] INFO  netty.NettyConfigKeys$DataStream (ConfUtils.java:logGet(46)) - raft.netty.dataStream.server.use-epoll = false (default)
2023-05-04 21:54:17,898 [Listener at 127.0.0.1/45425] INFO  netty.NettyConfigKeys$DataStream (ConfUtils.java:logGet(46)) - raft.netty.dataStream.server.boss-group.size = 0 (default)
2023-05-04 21:54:17,898 [Listener at 127.0.0.1/45425] INFO  netty.NettyConfigKeys$DataStream (ConfUtils.java:logGet(46)) - raft.netty.dataStream.server.worker-group.size = 0 (default)
2023-05-04 21:54:17,899 [Listener at 127.0.0.1/45425] INFO  netty.NettyConfigKeys$DataStream (ConfUtils.java:logGet(46)) - raft.netty.dataStream.server.tls.conf = null (default)
2023-05-04 21:54:17,899 [Listener at 127.0.0.1/45425] INFO  netty.NettyConfigKeys$DataStream (ConfUtils.java:logGet(46)) - raft.netty.dataStream.host = null (default)
2023-05-04 21:54:17,899 [Listener at 127.0.0.1/45425] INFO  netty.NettyConfigKeys$DataStream (ConfUtils.java:logGet(46)) - raft.netty.dataStream.port = 0 (default)
2023-05-04 21:54:17,900 [Listener at 127.0.0.1/45425] INFO  server.RaftServerConfigKeys (ConfUtils.java:logGet(46)) - raft.server.threadpool.proxy.cached = true (default)
2023-05-04 21:54:17,901 [Listener at 127.0.0.1/45425] INFO  server.RaftServerConfigKeys (ConfUtils.java:logGet(46)) - raft.server.threadpool.proxy.size = 0 (default)
2023-05-04 21:54:17,901 [Listener at 127.0.0.1/45425] INFO  server.RaftServerConfigKeys (ConfUtils.java:logGet(46)) - raft.server.rpc.slowness.timeout = 300s (custom)
2023-05-04 21:54:17,901 [Listener at 127.0.0.1/45425] INFO  server.RaftServerConfigKeys (ConfUtils.java:logGet(46)) - raft.server.leaderelection.leader.step-down.wait-time = 10s (default)
2023-05-04 21:54:17,901 [Listener at 127.0.0.1/45425] INFO  server.RaftServerConfigKeys (ConfUtils.java:logGet(46)) - raft.server.storage.dir = [/home/runner/work/ozone/ozone/hadoop-ozone/integration-test/target/test-dir/MiniOzoneClusterImpl-52a188dd-66b8-45b2-ab7c-675c0ee04825/datanode-6/data/ratis] (custom)
2023-05-04 21:54:17,912 [Listener at 127.0.0.1/45425] INFO  server.XceiverServerGrpc (XceiverServerGrpc.java:<init>(132)) - GrpcServer channel type EpollServerSocketChannel
2023-05-04 21:54:17,917 [Listener at 127.0.0.1/45425] INFO  replication.ReplicationSupervisor (ReplicationSupervisor.java:nodeStateUpdated(290)) - Node state updated to IN_SERVICE, scaling executor pool size to 10
2023-05-04 21:54:17,936 [Listener at 127.0.0.1/45425] INFO  http.BaseHttpServer (BaseHttpServer.java:newHttpServer2BuilderForOzone(224)) - Starting Web-server for hddsDatanode at: http://0.0.0.0:0
2023-05-04 21:54:17,936 [7a25d7ac-269f-485a-96a1-a3fbc0da93f8-NettyServerStreamRpc-bossGroup--thread1] INFO  logging.LoggingHandler (AbstractInternalLogger.java:log(148)) - [id: 0x3b7728bc] REGISTERED
2023-05-04 21:54:17,936 [7a25d7ac-269f-485a-96a1-a3fbc0da93f8-NettyServerStreamRpc-bossGroup--thread1] INFO  logging.LoggingHandler (AbstractInternalLogger.java:log(148)) - [id: 0x3b7728bc] BIND: 0.0.0.0/0.0.0.0:0
2023-05-04 21:54:17,936 [Listener at 127.0.0.1/45425] INFO  http.BaseHttpServer (BaseHttpServer.java:<init>(111)) - Hadoop Security Enabled: false Ozone Security Enabled: false Ozone HTTP Security Enabled: false 
2023-05-04 21:54:17,936 [7a25d7ac-269f-485a-96a1-a3fbc0da93f8-NettyServerStreamRpc-bossGroup--thread1] INFO  logging.LoggingHandler (AbstractInternalLogger.java:log(148)) - [id: 0x3b7728bc, L:/0:0:0:0:0:0:0:0:33389] ACTIVE
2023-05-04 21:54:17,938 [Listener at 127.0.0.1/45425] WARN  server.AuthenticationFilter (AuthenticationFilter.java:constructSecretProvider(240)) - Unable to initialize FileSignerSecretProvider, falling back to use random secrets. Reason: Could not read signature secret file: /home/runner/hadoop-http-auth-signature-secret
2023-05-04 21:54:17,943 [Listener at 127.0.0.1/45425] INFO  http.HttpRequestLog (HttpRequestLog.java:getRequestLog(86)) - Http request log for http.requests.hddsDatanode is not defined
2023-05-04 21:54:17,945 [Listener at 127.0.0.1/45425] INFO  http.HttpServer2 (HttpServer2.java:addGlobalFilter(1031)) - Added global filter 'safety' (class=org.apache.hadoop.hdds.server.http.HttpServer2$QuotingInputFilter)
2023-05-04 21:54:17,946 [Listener at 127.0.0.1/45425] INFO  http.HttpServer2 (HttpServer2.java:addFilter(1007)) - Added filter static_user_filter (class=org.apache.hadoop.http.lib.StaticUserWebFilter$StaticUserFilter) to context hddsDatanode
2023-05-04 21:54:17,946 [Listener at 127.0.0.1/45425] INFO  http.HttpServer2 (HttpServer2.java:addFilter(1015)) - Added filter static_user_filter (class=org.apache.hadoop.http.lib.StaticUserWebFilter$StaticUserFilter) to context logs
2023-05-04 21:54:17,946 [Listener at 127.0.0.1/45425] INFO  http.HttpServer2 (HttpServer2.java:addFilter(1015)) - Added filter static_user_filter (class=org.apache.hadoop.http.lib.StaticUserWebFilter$StaticUserFilter) to context static
2023-05-04 21:54:17,947 [Listener at 127.0.0.1/45425] INFO  http.BaseHttpServer (BaseHttpServer.java:<init>(190)) - HTTP server of hddsDatanode uses base directory /home/runner/work/ozone/ozone/hadoop-ozone/integration-test/target/test-dir/MiniOzoneClusterImpl-52a188dd-66b8-45b2-ab7c-675c0ee04825/datanode-6/meta/webserver
2023-05-04 21:54:17,947 [Listener at 127.0.0.1/45425] INFO  http.HttpServer2 (HttpServer2.java:bindListener(1250)) - Jetty bound to port 43707
2023-05-04 21:54:17,947 [Listener at 127.0.0.1/45425] INFO  server.Server (Server.java:doStart(375)) - jetty-9.4.51.v20230217; built: 2023-02-17T08:19:37.309Z; git: b45c405e4544384de066f814ed42ae3dceacdd49; jvm 1.8.0_362-b09
2023-05-04 21:54:17,951 [Listener at 127.0.0.1/45425] INFO  server.session (DefaultSessionIdManager.java:doStart(334)) - DefaultSessionIdManager workerName=node0
2023-05-04 21:54:17,952 [Listener at 127.0.0.1/45425] INFO  server.session (DefaultSessionIdManager.java:doStart(339)) - No SessionScavenger set, using defaults
2023-05-04 21:54:17,952 [Listener at 127.0.0.1/45425] INFO  server.session (HouseKeeper.java:startScavenging(132)) - node0 Scavenging every 660000ms
2023-05-04 21:54:17,954 [Listener at 127.0.0.1/45425] INFO  handler.ContextHandler (ContextHandler.java:doStart(921)) - Started o.e.j.s.ServletContextHandler@33f341c7{logs,/logs,file:///home/runner/work/ozone/ozone/hadoop-ozone/integration-test/target/log,AVAILABLE}
2023-05-04 21:54:17,954 [Listener at 127.0.0.1/45425] INFO  handler.ContextHandler (ContextHandler.java:doStart(921)) - Started o.e.j.s.ServletContextHandler@143f0603{static,/static,jar:file:/home/runner/.m2/repository/org/apache/ozone/hdds-container-service/1.4.0-SNAPSHOT/hdds-container-service-1.4.0-SNAPSHOT.jar!/webapps/static,AVAILABLE}
2023-05-04 21:54:18,141 [EndpointStateMachine task thread for /0.0.0.0:35509 - 0 ] INFO  utils.DatanodeStoreCache (DatanodeStoreCache.java:addDB(58)) - Added db /home/runner/work/ozone/ozone/hadoop-ozone/integration-test/target/test-dir/MiniOzoneClusterImpl-52a188dd-66b8-45b2-ab7c-675c0ee04825/datanode-1/data-0/containers/hdds/52a188dd-66b8-45b2-ab7c-675c0ee04825/DS-27711116-8caa-4623-84bc-725fa2e0f507/container.db to cache
2023-05-04 21:54:18,142 [EndpointStateMachine task thread for /0.0.0.0:35509 - 0 ] INFO  volume.HddsVolume (HddsVolume.java:createDbStore(350)) - SchemaV3 db is created and loaded at /home/runner/work/ozone/ozone/hadoop-ozone/integration-test/target/test-dir/MiniOzoneClusterImpl-52a188dd-66b8-45b2-ab7c-675c0ee04825/datanode-1/data-0/containers/hdds/52a188dd-66b8-45b2-ab7c-675c0ee04825/DS-27711116-8caa-4623-84bc-725fa2e0f507/container.db for volume DS-27711116-8caa-4623-84bc-725fa2e0f507
2023-05-04 21:54:18,147 [EndpointStateMachine task thread for /0.0.0.0:35509 - 0 ] INFO  ozoneimpl.OzoneContainer (OzoneContainer.java:start(397)) - Attempting to start container services.
2023-05-04 21:54:18,148 [EndpointStateMachine task thread for /0.0.0.0:35509 - 0 ] INFO  ozoneimpl.OzoneContainer (OzoneContainer.java:startContainerScrub(314)) - Scheduled background container scanners and the on-demand container scanner have been disabled.
2023-05-04 21:54:18,150 [EndpointStateMachine task thread for /0.0.0.0:35509 - 0 ] INFO  replication.ReplicationServer (ReplicationServer.java:start(109)) - ReplicationServer is started using port 34361
2023-05-04 21:54:18,150 [EndpointStateMachine task thread for /0.0.0.0:35509 - 0 ] INFO  ratis.XceiverServerRatis (XceiverServerRatis.java:start(517)) - Starting XceiverServerRatis 4332e2d2-7bb6-4f7e-906a-de641ae4498f
2023-05-04 21:54:18,152 [EndpointStateMachine task thread for /0.0.0.0:35509 - 0 ] INFO  server.RaftServer (RaftServerProxy.java:startImpl(393)) - 4332e2d2-7bb6-4f7e-906a-de641ae4498f: start RPC server
2023-05-04 21:54:18,154 [EndpointStateMachine task thread for /0.0.0.0:35509 - 0 ] INFO  server.GrpcService (GrpcService.java:startImpl(262)) - 4332e2d2-7bb6-4f7e-906a-de641ae4498f: GrpcService started, listening on 41005
2023-05-04 21:54:18,158 [EndpointStateMachine task thread for /0.0.0.0:35509 - 0 ] INFO  ratis.XceiverServerRatis (XceiverServerRatis.java:getRealPort(543)) - XceiverServerRatis 4332e2d2-7bb6-4f7e-906a-de641ae4498f is started using port 41005 for RATIS
2023-05-04 21:54:18,158 [EndpointStateMachine task thread for /0.0.0.0:35509 - 0 ] INFO  ratis.XceiverServerRatis (XceiverServerRatis.java:getRealPort(543)) - XceiverServerRatis 4332e2d2-7bb6-4f7e-906a-de641ae4498f is started using port 41005 for RATIS_ADMIN
2023-05-04 21:54:18,158 [EndpointStateMachine task thread for /0.0.0.0:35509 - 0 ] INFO  ratis.XceiverServerRatis (XceiverServerRatis.java:getRealPort(543)) - XceiverServerRatis 4332e2d2-7bb6-4f7e-906a-de641ae4498f is started using port 41005 for RATIS_SERVER
2023-05-04 21:54:18,158 [EndpointStateMachine task thread for /0.0.0.0:35509 - 0 ] INFO  ratis.XceiverServerRatis (XceiverServerRatis.java:getRealPort(543)) - XceiverServerRatis 4332e2d2-7bb6-4f7e-906a-de641ae4498f is started using port 36391 for RATIS_DATASTREAM
2023-05-04 21:54:18,158 [JvmPauseMonitor2] INFO  util.JvmPauseMonitor (JvmPauseMonitor.java:run(105)) - JvmPauseMonitor-4332e2d2-7bb6-4f7e-906a-de641ae4498f: Started
2023-05-04 21:54:18,162 [EndpointStateMachine task thread for /0.0.0.0:35509 - 0 ] INFO  server.XceiverServerGrpc (XceiverServerGrpc.java:start(180)) - XceiverServerGrpc 4332e2d2-7bb6-4f7e-906a-de641ae4498f is started using port 45657
2023-05-04 21:54:18,172 [BlockDeletingService#0] INFO  interfaces.ContainerDeletionChoosingPolicyTemplate (ContainerDeletionChoosingPolicyTemplate.java:chooseContainerForBlockDeletion(83)) - Chosen 0/5000 blocks from 0 candidate containers.
2023-05-04 21:54:18,185 [Listener at 127.0.0.1/45425] INFO  handler.ContextHandler (ContextHandler.java:doStart(921)) - Started o.e.j.w.WebAppContext@48b2a764{hddsDatanode,/,file:///home/runner/work/ozone/ozone/hadoop-ozone/integration-test/target/test-dir/MiniOzoneClusterImpl-52a188dd-66b8-45b2-ab7c-675c0ee04825/datanode-6/meta/webserver/jetty-0_0_0_0-43707-hdds-container-service-1_4_0-SNAPSHOT_jar-_-any-8236958672425088830/webapp/,AVAILABLE}{jar:file:/home/runner/.m2/repository/org/apache/ozone/hdds-container-service/1.4.0-SNAPSHOT/hdds-container-service-1.4.0-SNAPSHOT.jar!/webapps/hddsDatanode}
2023-05-04 21:54:18,187 [Listener at 127.0.0.1/45425] INFO  server.AbstractConnector (AbstractConnector.java:doStart(333)) - Started ServerConnector@6ec2e728{HTTP/1.1, (http/1.1)}{0.0.0.0:43707}
2023-05-04 21:54:18,187 [Listener at 127.0.0.1/45425] INFO  server.Server (Server.java:doStart(415)) - Started @11991ms
2023-05-04 21:54:18,187 [Listener at 127.0.0.1/45425] WARN  impl.MetricsSystemImpl (MetricsSystemImpl.java:register(279)) - Sink prometheus already exists!
2023-05-04 21:54:18,188 [Listener at 127.0.0.1/45425] INFO  http.BaseHttpServer (BaseHttpServer.java:updateConnectorAddress(344)) - HTTP server of hddsDatanode listening at http://0.0.0.0:43707
2023-05-04 21:54:18,188 [Datanode State Machine Daemon Thread] INFO  statemachine.DatanodeStateMachine (DatanodeStateMachine.java:lambda$startDaemon$0(524)) - Ozone container server started.
2023-05-04 21:54:18,191 [Listener at 127.0.0.1/45425] WARN  impl.MetricRegistriesImpl (MetricRegistriesImpl.java:addReporterRegistration(111)) - New reporters are added after registries were created. Some metrics will be missing from the reporter. Please add reporter before adding any new registry.
2023-05-04 21:54:18,191 [Listener at 127.0.0.1/45425] WARN  impl.MetricRegistriesImpl (MetricRegistriesImpl.java:addReporterRegistration(111)) - New reporters are added after registries were created. Some metrics will be missing from the reporter. Please add reporter before adding any new registry.
2023-05-04 21:54:18,191 [Listener at 127.0.0.1/45425] INFO  impl.MetricsSystemImpl (MetricsSystemImpl.java:init(158)) - HddsDatanode metrics system started (again)
2023-05-04 21:54:18,213 [org.apache.hadoop.util.JvmPauseMonitor$Monitor@739ea415] INFO  util.JvmPauseMonitor (JvmPauseMonitor.java:run(188)) - Starting JVM pause monitor
2023-05-04 21:54:18,220 [Listener at 127.0.0.1/45425] INFO  ozone.HddsDatanodeService (HddsDatanodeService.java:start(252)) - HddsDatanodeService host:fv-az133-721.yhipumr4050edinzmvad0xeera.cx.internal.cloudapp.net ip:10.1.0.44
2023-05-04 21:54:18,222 [Datanode State Machine Task Thread - 0] INFO  datanode.InitDatanodeState (InitDatanodeState.java:persistContainerDatanodeDetails(138)) - DatanodeDetails is persisted to /home/runner/work/ozone/ozone/hadoop-ozone/integration-test/target/test-dir/MiniOzoneClusterImpl-52a188dd-66b8-45b2-ab7c-675c0ee04825/datanode-6/meta/datanode.id
2023-05-04 21:54:18,246 [Listener at 127.0.0.1/45425] INFO  upgrade.AbstractLayoutVersionManager (AbstractLayoutVersionManager.java:init(83)) - Initializing Layout version manager with metadata layout = WEBUI_PORTS_IN_DATANODEDETAILS (version = 6), software layout = WEBUI_PORTS_IN_DATANODEDETAILS (version = 6)
2023-05-04 21:54:18,303 [Listener at 127.0.0.1/45425] INFO  reflections.Reflections (Reflections.java:scan(232)) - Reflections took 54 ms to scan 7 urls, producing 156 keys and 369 values 
2023-05-04 21:54:18,306 [Listener at 127.0.0.1/45425] INFO  statemachine.DatanodeStateMachine (DatanodeStateMachine.java:getEndPointTaskThreadPoolSize(267)) - Datanode State Machine Task Thread Pool size 2
2023-05-04 21:54:18,311 [Listener at 127.0.0.1/45425] INFO  volume.HddsVolume (HddsVolume.java:<init>(130)) - Creating HddsVolume: /home/runner/work/ozone/ozone/hadoop-ozone/integration-test/target/test-dir/MiniOzoneClusterImpl-52a188dd-66b8-45b2-ab7c-675c0ee04825/datanode-7/data-0/containers/hdds of storage type : DISK capacity : 9223372036854775807
2023-05-04 21:54:18,311 [Listener at 127.0.0.1/45425] INFO  volume.MutableVolumeSet (MutableVolumeSet.java:initializeVolumeSet(175)) - Added Volume : /home/runner/work/ozone/ozone/hadoop-ozone/integration-test/target/test-dir/MiniOzoneClusterImpl-52a188dd-66b8-45b2-ab7c-675c0ee04825/datanode-7/data-0/containers/hdds to VolumeSet
2023-05-04 21:54:18,312 [Listener at 127.0.0.1/45425] INFO  volume.ThrottledAsyncChecker (ThrottledAsyncChecker.java:schedule(141)) - Scheduling a check for /home/runner/work/ozone/ozone/hadoop-ozone/integration-test/target/test-dir/MiniOzoneClusterImpl-52a188dd-66b8-45b2-ab7c-675c0ee04825/datanode-7/data-0/containers/hdds
2023-05-04 21:54:18,313 [Listener at 127.0.0.1/45425] INFO  volume.StorageVolumeChecker (StorageVolumeChecker.java:checkAllVolumes(202)) - Scheduled health check for volume /home/runner/work/ozone/ozone/hadoop-ozone/integration-test/target/test-dir/MiniOzoneClusterImpl-52a188dd-66b8-45b2-ab7c-675c0ee04825/datanode-7/data-0/containers/hdds
2023-05-04 21:54:18,327 [Listener at 127.0.0.1/45425] INFO  volume.MutableVolumeSet (MutableVolumeSet.java:initializeVolumeSet(175)) - Added Volume : /home/runner/work/ozone/ozone/hadoop-ozone/integration-test/target/test-dir/MiniOzoneClusterImpl-52a188dd-66b8-45b2-ab7c-675c0ee04825/datanode-7/data/ratis to VolumeSet
2023-05-04 21:54:18,328 [Listener at 127.0.0.1/45425] INFO  volume.ThrottledAsyncChecker (ThrottledAsyncChecker.java:schedule(141)) - Scheduling a check for /home/runner/work/ozone/ozone/hadoop-ozone/integration-test/target/test-dir/MiniOzoneClusterImpl-52a188dd-66b8-45b2-ab7c-675c0ee04825/datanode-7/data/ratis
2023-05-04 21:54:18,328 [Listener at 127.0.0.1/45425] INFO  volume.StorageVolumeChecker (StorageVolumeChecker.java:checkAllVolumes(202)) - Scheduled health check for volume /home/runner/work/ozone/ozone/hadoop-ozone/integration-test/target/test-dir/MiniOzoneClusterImpl-52a188dd-66b8-45b2-ab7c-675c0ee04825/datanode-7/data/ratis
2023-05-04 21:54:18,342 [Thread-250] INFO  ozoneimpl.ContainerReader (ContainerReader.java:readVolume(175)) - Finish verifying containers on volume /home/runner/work/ozone/ozone/hadoop-ozone/integration-test/target/test-dir/MiniOzoneClusterImpl-52a188dd-66b8-45b2-ab7c-675c0ee04825/datanode-7/data-0/containers/hdds
2023-05-04 21:54:18,342 [Listener at 127.0.0.1/45425] INFO  ozoneimpl.OzoneContainer (OzoneContainer.java:buildContainerSet(303)) - Build ContainerSet costs 0s
2023-05-04 21:54:18,346 [Listener at 127.0.0.1/45425] INFO  server.RaftServer (ConfUtils.java:logGet(46)) - raft.rpc.type = GRPC (default)
2023-05-04 21:54:18,346 [Listener at 127.0.0.1/45425] INFO  grpc.GrpcConfigKeys (ConfUtils.java:logFallback(53)) - raft.grpc.admin.host = null (fallback to raft.grpc.server.host)
2023-05-04 21:54:18,347 [Listener at 127.0.0.1/45425] INFO  grpc.GrpcConfigKeys (ConfUtils.java:logGet(46)) - raft.grpc.admin.port = 0 (custom)
2023-05-04 21:54:18,347 [Listener at 127.0.0.1/45425] INFO  grpc.GrpcConfigKeys (ConfUtils.java:logFallback(53)) - raft.grpc.client.host = null (fallback to raft.grpc.server.host)
2023-05-04 21:54:18,347 [Listener at 127.0.0.1/45425] INFO  grpc.GrpcConfigKeys (ConfUtils.java:logGet(46)) - raft.grpc.client.port = 0 (custom)
2023-05-04 21:54:18,347 [Listener at 127.0.0.1/45425] INFO  grpc.GrpcConfigKeys (ConfUtils.java:logGet(46)) - raft.grpc.server.host = null (default)
2023-05-04 21:54:18,347 [Listener at 127.0.0.1/45425] INFO  grpc.GrpcConfigKeys (ConfUtils.java:logGet(46)) - raft.grpc.server.port = 0 (default)
2023-05-04 21:54:18,347 [Listener at 127.0.0.1/45425] INFO  server.GrpcService (ConfUtils.java:logGet(46)) - raft.grpc.message.size.max = 32MB (=33554432) (custom)
2023-05-04 21:54:18,347 [Listener at 127.0.0.1/45425] INFO  server.RaftServerConfigKeys (ConfUtils.java:logGet(46)) - raft.server.log.appender.buffer.byte-limit = 33554432 (custom)
2023-05-04 21:54:18,348 [Listener at 127.0.0.1/45425] INFO  server.GrpcService (ConfUtils.java:logGet(46)) - raft.grpc.flow.control.window = 5MB (=5242880) (custom)
2023-05-04 21:54:18,348 [Listener at 127.0.0.1/45425] INFO  server.RaftServerConfigKeys (ConfUtils.java:logGet(46)) - raft.server.rpc.request.timeout = 60s (custom)
2023-05-04 21:54:18,348 [Listener at 127.0.0.1/45425] INFO  grpc.GrpcConfigKeys (ConfUtils.java:logGet(46)) - raft.grpc.server.heartbeat.channel = true (default)
2023-05-04 21:54:18,349 [Listener at 127.0.0.1/45425] INFO  grpc.GrpcConfigKeys (ConfUtils.java:logGet(46)) - raft.grpc.server.async.request.thread.pool.cached = true (default)
2023-05-04 21:54:18,349 [Listener at 127.0.0.1/45425] INFO  grpc.GrpcConfigKeys (ConfUtils.java:logGet(46)) - raft.grpc.server.async.request.thread.pool.size = 32 (default)
2023-05-04 21:54:18,351 [Listener at 127.0.0.1/45425] INFO  impl.DataStreamServerImpl (ConfUtils.java:logGet(46)) - raft.datastream.type = NETTY (custom)
2023-05-04 21:54:18,355 [Listener at 127.0.0.1/45425] INFO  server.RaftServerConfigKeys (ConfUtils.java:logGet(46)) - raft.server.data-stream.async.request.thread.pool.cached = false (default)
2023-05-04 21:54:18,355 [Listener at 127.0.0.1/45425] INFO  server.RaftServerConfigKeys (ConfUtils.java:logGet(46)) - raft.server.data-stream.async.request.thread.pool.size = 20 (custom)
2023-05-04 21:54:18,355 [Listener at 127.0.0.1/45425] INFO  server.RaftServerConfigKeys (ConfUtils.java:logGet(46)) - raft.server.data-stream.async.write.thread.pool.size = 16 (default)
2023-05-04 21:54:18,355 [Listener at 127.0.0.1/45425] INFO  server.RaftServerConfigKeys (ConfUtils.java:logGet(46)) - raft.server.data-stream.client.pool.size = 10 (default)
2023-05-04 21:54:18,355 [Listener at 127.0.0.1/45425] INFO  netty.NettyConfigKeys$DataStream (ConfUtils.java:logGet(46)) - raft.netty.dataStream.server.use-epoll = false (default)
2023-05-04 21:54:18,356 [Listener at 127.0.0.1/45425] INFO  netty.NettyConfigKeys$DataStream (ConfUtils.java:logGet(46)) - raft.netty.dataStream.server.boss-group.size = 0 (default)
2023-05-04 21:54:18,356 [Listener at 127.0.0.1/45425] INFO  netty.NettyConfigKeys$DataStream (ConfUtils.java:logGet(46)) - raft.netty.dataStream.server.worker-group.size = 0 (default)
2023-05-04 21:54:18,357 [Listener at 127.0.0.1/45425] INFO  netty.NettyConfigKeys$DataStream (ConfUtils.java:logGet(46)) - raft.netty.dataStream.server.tls.conf = null (default)
2023-05-04 21:54:18,357 [Listener at 127.0.0.1/45425] INFO  netty.NettyConfigKeys$DataStream (ConfUtils.java:logGet(46)) - raft.netty.dataStream.host = null (default)
2023-05-04 21:54:18,357 [Listener at 127.0.0.1/45425] INFO  netty.NettyConfigKeys$DataStream (ConfUtils.java:logGet(46)) - raft.netty.dataStream.port = 0 (default)
2023-05-04 21:54:18,358 [Listener at 127.0.0.1/45425] INFO  server.RaftServerConfigKeys (ConfUtils.java:logGet(46)) - raft.server.threadpool.proxy.cached = true (default)
2023-05-04 21:54:18,358 [Listener at 127.0.0.1/45425] INFO  server.RaftServerConfigKeys (ConfUtils.java:logGet(46)) - raft.server.threadpool.proxy.size = 0 (default)
2023-05-04 21:54:18,358 [Listener at 127.0.0.1/45425] INFO  server.RaftServerConfigKeys (ConfUtils.java:logGet(46)) - raft.server.rpc.slowness.timeout = 300s (custom)
2023-05-04 21:54:18,358 [Listener at 127.0.0.1/45425] INFO  server.RaftServerConfigKeys (ConfUtils.java:logGet(46)) - raft.server.leaderelection.leader.step-down.wait-time = 10s (default)
2023-05-04 21:54:18,359 [Listener at 127.0.0.1/45425] INFO  server.RaftServerConfigKeys (ConfUtils.java:logGet(46)) - raft.server.storage.dir = [/home/runner/work/ozone/ozone/hadoop-ozone/integration-test/target/test-dir/MiniOzoneClusterImpl-52a188dd-66b8-45b2-ab7c-675c0ee04825/datanode-7/data/ratis] (custom)
2023-05-04 21:54:18,363 [9dbc72e3-9cc3-404d-a7a0-986f3a32b37f-NettyServerStreamRpc-bossGroup--thread1] INFO  logging.LoggingHandler (AbstractInternalLogger.java:log(148)) - [id: 0xaacea3f6] REGISTERED
2023-05-04 21:54:18,363 [9dbc72e3-9cc3-404d-a7a0-986f3a32b37f-NettyServerStreamRpc-bossGroup--thread1] INFO  logging.LoggingHandler (AbstractInternalLogger.java:log(148)) - [id: 0xaacea3f6] BIND: 0.0.0.0/0.0.0.0:0
2023-05-04 21:54:18,364 [9dbc72e3-9cc3-404d-a7a0-986f3a32b37f-NettyServerStreamRpc-bossGroup--thread1] INFO  logging.LoggingHandler (AbstractInternalLogger.java:log(148)) - [id: 0xaacea3f6, L:/0:0:0:0:0:0:0:0:33233] ACTIVE
2023-05-04 21:54:18,365 [Listener at 127.0.0.1/45425] INFO  server.XceiverServerGrpc (XceiverServerGrpc.java:<init>(132)) - GrpcServer channel type EpollServerSocketChannel
2023-05-04 21:54:18,370 [Listener at 127.0.0.1/45425] INFO  replication.ReplicationSupervisor (ReplicationSupervisor.java:nodeStateUpdated(290)) - Node state updated to IN_SERVICE, scaling executor pool size to 10
2023-05-04 21:54:18,374 [Listener at 127.0.0.1/45425] INFO  http.BaseHttpServer (BaseHttpServer.java:newHttpServer2BuilderForOzone(224)) - Starting Web-server for hddsDatanode at: http://0.0.0.0:0
2023-05-04 21:54:18,374 [Listener at 127.0.0.1/45425] INFO  http.BaseHttpServer (BaseHttpServer.java:<init>(111)) - Hadoop Security Enabled: false Ozone Security Enabled: false Ozone HTTP Security Enabled: false 
2023-05-04 21:54:18,376 [Listener at 127.0.0.1/45425] WARN  server.AuthenticationFilter (AuthenticationFilter.java:constructSecretProvider(240)) - Unable to initialize FileSignerSecretProvider, falling back to use random secrets. Reason: Could not read signature secret file: /home/runner/hadoop-http-auth-signature-secret
2023-05-04 21:54:18,377 [Listener at 127.0.0.1/45425] INFO  http.HttpRequestLog (HttpRequestLog.java:getRequestLog(86)) - Http request log for http.requests.hddsDatanode is not defined
2023-05-04 21:54:18,378 [Listener at 127.0.0.1/45425] INFO  http.HttpServer2 (HttpServer2.java:addGlobalFilter(1031)) - Added global filter 'safety' (class=org.apache.hadoop.hdds.server.http.HttpServer2$QuotingInputFilter)
2023-05-04 21:54:18,379 [Listener at 127.0.0.1/45425] INFO  http.HttpServer2 (HttpServer2.java:addFilter(1007)) - Added filter static_user_filter (class=org.apache.hadoop.http.lib.StaticUserWebFilter$StaticUserFilter) to context hddsDatanode
2023-05-04 21:54:18,379 [Listener at 127.0.0.1/45425] INFO  http.HttpServer2 (HttpServer2.java:addFilter(1015)) - Added filter static_user_filter (class=org.apache.hadoop.http.lib.StaticUserWebFilter$StaticUserFilter) to context logs
2023-05-04 21:54:18,379 [Listener at 127.0.0.1/45425] INFO  http.HttpServer2 (HttpServer2.java:addFilter(1015)) - Added filter static_user_filter (class=org.apache.hadoop.http.lib.StaticUserWebFilter$StaticUserFilter) to context static
2023-05-04 21:54:18,380 [Listener at 127.0.0.1/45425] INFO  http.BaseHttpServer (BaseHttpServer.java:<init>(190)) - HTTP server of hddsDatanode uses base directory /home/runner/work/ozone/ozone/hadoop-ozone/integration-test/target/test-dir/MiniOzoneClusterImpl-52a188dd-66b8-45b2-ab7c-675c0ee04825/datanode-7/meta/webserver
2023-05-04 21:54:18,380 [Listener at 127.0.0.1/45425] INFO  http.HttpServer2 (HttpServer2.java:bindListener(1250)) - Jetty bound to port 46723
2023-05-04 21:54:18,380 [Listener at 127.0.0.1/45425] INFO  server.Server (Server.java:doStart(375)) - jetty-9.4.51.v20230217; built: 2023-02-17T08:19:37.309Z; git: b45c405e4544384de066f814ed42ae3dceacdd49; jvm 1.8.0_362-b09
2023-05-04 21:54:18,384 [Listener at 127.0.0.1/45425] INFO  server.session (DefaultSessionIdManager.java:doStart(334)) - DefaultSessionIdManager workerName=node0
2023-05-04 21:54:18,384 [Listener at 127.0.0.1/45425] INFO  server.session (DefaultSessionIdManager.java:doStart(339)) - No SessionScavenger set, using defaults
2023-05-04 21:54:18,384 [Listener at 127.0.0.1/45425] INFO  server.session (HouseKeeper.java:startScavenging(132)) - node0 Scavenging every 660000ms
2023-05-04 21:54:18,385 [Listener at 127.0.0.1/45425] INFO  handler.ContextHandler (ContextHandler.java:doStart(921)) - Started o.e.j.s.ServletContextHandler@3d892cfc{logs,/logs,file:///home/runner/work/ozone/ozone/hadoop-ozone/integration-test/target/log,AVAILABLE}
2023-05-04 21:54:18,386 [Listener at 127.0.0.1/45425] INFO  handler.ContextHandler (ContextHandler.java:doStart(921)) - Started o.e.j.s.ServletContextHandler@7b59e106{static,/static,jar:file:/home/runner/.m2/repository/org/apache/ozone/hdds-container-service/1.4.0-SNAPSHOT/hdds-container-service-1.4.0-SNAPSHOT.jar!/webapps/static,AVAILABLE}
2023-05-04 21:54:18,585 [EndpointStateMachine task thread for /0.0.0.0:35509 - 0 ] INFO  utils.DatanodeStoreCache (DatanodeStoreCache.java:addDB(58)) - Added db /home/runner/work/ozone/ozone/hadoop-ozone/integration-test/target/test-dir/MiniOzoneClusterImpl-52a188dd-66b8-45b2-ab7c-675c0ee04825/datanode-2/data-0/containers/hdds/52a188dd-66b8-45b2-ab7c-675c0ee04825/DS-09c3653c-5dea-4810-99ed-811d65985155/container.db to cache
2023-05-04 21:54:18,585 [EndpointStateMachine task thread for /0.0.0.0:35509 - 0 ] INFO  volume.HddsVolume (HddsVolume.java:createDbStore(350)) - SchemaV3 db is created and loaded at /home/runner/work/ozone/ozone/hadoop-ozone/integration-test/target/test-dir/MiniOzoneClusterImpl-52a188dd-66b8-45b2-ab7c-675c0ee04825/datanode-2/data-0/containers/hdds/52a188dd-66b8-45b2-ab7c-675c0ee04825/DS-09c3653c-5dea-4810-99ed-811d65985155/container.db for volume DS-09c3653c-5dea-4810-99ed-811d65985155
2023-05-04 21:54:18,586 [EndpointStateMachine task thread for /0.0.0.0:35509 - 0 ] INFO  ozoneimpl.OzoneContainer (OzoneContainer.java:start(397)) - Attempting to start container services.
2023-05-04 21:54:18,586 [EndpointStateMachine task thread for /0.0.0.0:35509 - 0 ] INFO  ozoneimpl.OzoneContainer (OzoneContainer.java:startContainerScrub(314)) - Scheduled background container scanners and the on-demand container scanner have been disabled.
2023-05-04 21:54:18,589 [EndpointStateMachine task thread for /0.0.0.0:35509 - 0 ] INFO  replication.ReplicationServer (ReplicationServer.java:start(109)) - ReplicationServer is started using port 35237
2023-05-04 21:54:18,589 [EndpointStateMachine task thread for /0.0.0.0:35509 - 0 ] INFO  ratis.XceiverServerRatis (XceiverServerRatis.java:start(517)) - Starting XceiverServerRatis 4af07dde-7c26-4e14-912a-ab8f17b2e80e
2023-05-04 21:54:18,590 [EndpointStateMachine task thread for /0.0.0.0:35509 - 0 ] INFO  server.RaftServer (RaftServerProxy.java:startImpl(393)) - 4af07dde-7c26-4e14-912a-ab8f17b2e80e: start RPC server
2023-05-04 21:54:18,592 [EndpointStateMachine task thread for /0.0.0.0:35509 - 0 ] INFO  server.GrpcService (GrpcService.java:startImpl(262)) - 4af07dde-7c26-4e14-912a-ab8f17b2e80e: GrpcService started, listening on 38769
2023-05-04 21:54:18,596 [EndpointStateMachine task thread for /0.0.0.0:35509 - 0 ] INFO  ratis.XceiverServerRatis (XceiverServerRatis.java:getRealPort(543)) - XceiverServerRatis 4af07dde-7c26-4e14-912a-ab8f17b2e80e is started using port 38769 for RATIS
2023-05-04 21:54:18,596 [EndpointStateMachine task thread for /0.0.0.0:35509 - 0 ] INFO  ratis.XceiverServerRatis (XceiverServerRatis.java:getRealPort(543)) - XceiverServerRatis 4af07dde-7c26-4e14-912a-ab8f17b2e80e is started using port 38769 for RATIS_ADMIN
2023-05-04 21:54:18,596 [EndpointStateMachine task thread for /0.0.0.0:35509 - 0 ] INFO  ratis.XceiverServerRatis (XceiverServerRatis.java:getRealPort(543)) - XceiverServerRatis 4af07dde-7c26-4e14-912a-ab8f17b2e80e is started using port 38769 for RATIS_SERVER
2023-05-04 21:54:18,596 [EndpointStateMachine task thread for /0.0.0.0:35509 - 0 ] INFO  ratis.XceiverServerRatis (XceiverServerRatis.java:getRealPort(543)) - XceiverServerRatis 4af07dde-7c26-4e14-912a-ab8f17b2e80e is started using port 33047 for RATIS_DATASTREAM
2023-05-04 21:54:18,597 [JvmPauseMonitor3] INFO  util.JvmPauseMonitor (JvmPauseMonitor.java:run(105)) - JvmPauseMonitor-4af07dde-7c26-4e14-912a-ab8f17b2e80e: Started
2023-05-04 21:54:18,601 [EndpointStateMachine task thread for /0.0.0.0:35509 - 0 ] INFO  server.XceiverServerGrpc (XceiverServerGrpc.java:start(180)) - XceiverServerGrpc 4af07dde-7c26-4e14-912a-ab8f17b2e80e is started using port 45403
2023-05-04 21:54:18,615 [Listener at 127.0.0.1/45425] INFO  handler.ContextHandler (ContextHandler.java:doStart(921)) - Started o.e.j.w.WebAppContext@18e173fe{hddsDatanode,/,file:///home/runner/work/ozone/ozone/hadoop-ozone/integration-test/target/test-dir/MiniOzoneClusterImpl-52a188dd-66b8-45b2-ab7c-675c0ee04825/datanode-7/meta/webserver/jetty-0_0_0_0-46723-hdds-container-service-1_4_0-SNAPSHOT_jar-_-any-8480092613937329176/webapp/,AVAILABLE}{jar:file:/home/runner/.m2/repository/org/apache/ozone/hdds-container-service/1.4.0-SNAPSHOT/hdds-container-service-1.4.0-SNAPSHOT.jar!/webapps/hddsDatanode}
2023-05-04 21:54:18,616 [BlockDeletingService#0] INFO  interfaces.ContainerDeletionChoosingPolicyTemplate (ContainerDeletionChoosingPolicyTemplate.java:chooseContainerForBlockDeletion(83)) - Chosen 0/5000 blocks from 0 candidate containers.
2023-05-04 21:54:18,617 [Listener at 127.0.0.1/45425] INFO  server.AbstractConnector (AbstractConnector.java:doStart(333)) - Started ServerConnector@10732713{HTTP/1.1, (http/1.1)}{0.0.0.0:46723}
2023-05-04 21:54:18,618 [Listener at 127.0.0.1/45425] INFO  server.Server (Server.java:doStart(415)) - Started @12422ms
2023-05-04 21:54:18,618 [Listener at 127.0.0.1/45425] WARN  impl.MetricsSystemImpl (MetricsSystemImpl.java:register(279)) - Sink prometheus already exists!
2023-05-04 21:54:18,619 [Listener at 127.0.0.1/45425] INFO  http.BaseHttpServer (BaseHttpServer.java:updateConnectorAddress(344)) - HTTP server of hddsDatanode listening at http://0.0.0.0:46723
2023-05-04 21:54:18,622 [Listener at 127.0.0.1/45425] WARN  impl.MetricRegistriesImpl (MetricRegistriesImpl.java:addReporterRegistration(111)) - New reporters are added after registries were created. Some metrics will be missing from the reporter. Please add reporter before adding any new registry.
2023-05-04 21:54:18,622 [Listener at 127.0.0.1/45425] WARN  impl.MetricRegistriesImpl (MetricRegistriesImpl.java:addReporterRegistration(111)) - New reporters are added after registries were created. Some metrics will be missing from the reporter. Please add reporter before adding any new registry.
2023-05-04 21:54:18,622 [Listener at 127.0.0.1/45425] INFO  impl.MetricsSystemImpl (MetricsSystemImpl.java:init(158)) - HddsDatanode metrics system started (again)
2023-05-04 21:54:18,628 [Datanode State Machine Daemon Thread] INFO  statemachine.DatanodeStateMachine (DatanodeStateMachine.java:lambda$startDaemon$0(524)) - Ozone container server started.
2023-05-04 21:54:18,635 [org.apache.hadoop.util.JvmPauseMonitor$Monitor@50bbe632] INFO  util.JvmPauseMonitor (JvmPauseMonitor.java:run(188)) - Starting JVM pause monitor
2023-05-04 21:54:18,642 [Listener at 127.0.0.1/45425] INFO  ozone.HddsDatanodeService (HddsDatanodeService.java:start(252)) - HddsDatanodeService host:fv-az133-721.yhipumr4050edinzmvad0xeera.cx.internal.cloudapp.net ip:10.1.0.44
2023-05-04 21:54:18,647 [Datanode State Machine Task Thread - 0] INFO  datanode.InitDatanodeState (InitDatanodeState.java:persistContainerDatanodeDetails(138)) - DatanodeDetails is persisted to /home/runner/work/ozone/ozone/hadoop-ozone/integration-test/target/test-dir/MiniOzoneClusterImpl-52a188dd-66b8-45b2-ab7c-675c0ee04825/datanode-7/meta/datanode.id
2023-05-04 21:54:18,667 [Listener at 127.0.0.1/45425] INFO  upgrade.AbstractLayoutVersionManager (AbstractLayoutVersionManager.java:init(83)) - Initializing Layout version manager with metadata layout = WEBUI_PORTS_IN_DATANODEDETAILS (version = 6), software layout = WEBUI_PORTS_IN_DATANODEDETAILS (version = 6)
2023-05-04 21:54:18,721 [Listener at 127.0.0.1/45425] INFO  reflections.Reflections (Reflections.java:scan(232)) - Reflections took 52 ms to scan 7 urls, producing 156 keys and 369 values 
2023-05-04 21:54:18,723 [Listener at 127.0.0.1/45425] INFO  statemachine.DatanodeStateMachine (DatanodeStateMachine.java:getEndPointTaskThreadPoolSize(267)) - Datanode State Machine Task Thread Pool size 2
2023-05-04 21:54:18,731 [Listener at 127.0.0.1/45425] INFO  volume.HddsVolume (HddsVolume.java:<init>(130)) - Creating HddsVolume: /home/runner/work/ozone/ozone/hadoop-ozone/integration-test/target/test-dir/MiniOzoneClusterImpl-52a188dd-66b8-45b2-ab7c-675c0ee04825/datanode-8/data-0/containers/hdds of storage type : DISK capacity : 9223372036854775807
2023-05-04 21:54:18,732 [Listener at 127.0.0.1/45425] INFO  volume.MutableVolumeSet (MutableVolumeSet.java:initializeVolumeSet(175)) - Added Volume : /home/runner/work/ozone/ozone/hadoop-ozone/integration-test/target/test-dir/MiniOzoneClusterImpl-52a188dd-66b8-45b2-ab7c-675c0ee04825/datanode-8/data-0/containers/hdds to VolumeSet
2023-05-04 21:54:18,732 [Listener at 127.0.0.1/45425] INFO  volume.ThrottledAsyncChecker (ThrottledAsyncChecker.java:schedule(141)) - Scheduling a check for /home/runner/work/ozone/ozone/hadoop-ozone/integration-test/target/test-dir/MiniOzoneClusterImpl-52a188dd-66b8-45b2-ab7c-675c0ee04825/datanode-8/data-0/containers/hdds
2023-05-04 21:54:18,732 [Listener at 127.0.0.1/45425] INFO  volume.StorageVolumeChecker (StorageVolumeChecker.java:checkAllVolumes(202)) - Scheduled health check for volume /home/runner/work/ozone/ozone/hadoop-ozone/integration-test/target/test-dir/MiniOzoneClusterImpl-52a188dd-66b8-45b2-ab7c-675c0ee04825/datanode-8/data-0/containers/hdds
2023-05-04 21:54:18,745 [Listener at 127.0.0.1/45425] INFO  volume.MutableVolumeSet (MutableVolumeSet.java:initializeVolumeSet(175)) - Added Volume : /home/runner/work/ozone/ozone/hadoop-ozone/integration-test/target/test-dir/MiniOzoneClusterImpl-52a188dd-66b8-45b2-ab7c-675c0ee04825/datanode-8/data/ratis to VolumeSet
2023-05-04 21:54:18,745 [Listener at 127.0.0.1/45425] INFO  volume.ThrottledAsyncChecker (ThrottledAsyncChecker.java:schedule(141)) - Scheduling a check for /home/runner/work/ozone/ozone/hadoop-ozone/integration-test/target/test-dir/MiniOzoneClusterImpl-52a188dd-66b8-45b2-ab7c-675c0ee04825/datanode-8/data/ratis
2023-05-04 21:54:18,746 [Listener at 127.0.0.1/45425] INFO  volume.StorageVolumeChecker (StorageVolumeChecker.java:checkAllVolumes(202)) - Scheduled health check for volume /home/runner/work/ozone/ozone/hadoop-ozone/integration-test/target/test-dir/MiniOzoneClusterImpl-52a188dd-66b8-45b2-ab7c-675c0ee04825/datanode-8/data/ratis
2023-05-04 21:54:18,758 [Thread-269] INFO  ozoneimpl.ContainerReader (ContainerReader.java:readVolume(175)) - Finish verifying containers on volume /home/runner/work/ozone/ozone/hadoop-ozone/integration-test/target/test-dir/MiniOzoneClusterImpl-52a188dd-66b8-45b2-ab7c-675c0ee04825/datanode-8/data-0/containers/hdds
2023-05-04 21:54:18,758 [Listener at 127.0.0.1/45425] INFO  ozoneimpl.OzoneContainer (OzoneContainer.java:buildContainerSet(303)) - Build ContainerSet costs 0s
2023-05-04 21:54:18,761 [Listener at 127.0.0.1/45425] INFO  server.RaftServer (ConfUtils.java:logGet(46)) - raft.rpc.type = GRPC (default)
2023-05-04 21:54:18,762 [Listener at 127.0.0.1/45425] INFO  grpc.GrpcConfigKeys (ConfUtils.java:logFallback(53)) - raft.grpc.admin.host = null (fallback to raft.grpc.server.host)
2023-05-04 21:54:18,762 [Listener at 127.0.0.1/45425] INFO  grpc.GrpcConfigKeys (ConfUtils.java:logGet(46)) - raft.grpc.admin.port = 0 (custom)
2023-05-04 21:54:18,762 [Listener at 127.0.0.1/45425] INFO  grpc.GrpcConfigKeys (ConfUtils.java:logFallback(53)) - raft.grpc.client.host = null (fallback to raft.grpc.server.host)
2023-05-04 21:54:18,762 [Listener at 127.0.0.1/45425] INFO  grpc.GrpcConfigKeys (ConfUtils.java:logGet(46)) - raft.grpc.client.port = 0 (custom)
2023-05-04 21:54:18,762 [Listener at 127.0.0.1/45425] INFO  grpc.GrpcConfigKeys (ConfUtils.java:logGet(46)) - raft.grpc.server.host = null (default)
2023-05-04 21:54:18,762 [Listener at 127.0.0.1/45425] INFO  grpc.GrpcConfigKeys (ConfUtils.java:logGet(46)) - raft.grpc.server.port = 0 (default)
2023-05-04 21:54:18,763 [Listener at 127.0.0.1/45425] INFO  server.GrpcService (ConfUtils.java:logGet(46)) - raft.grpc.message.size.max = 32MB (=33554432) (custom)
2023-05-04 21:54:18,763 [Listener at 127.0.0.1/45425] INFO  server.RaftServerConfigKeys (ConfUtils.java:logGet(46)) - raft.server.log.appender.buffer.byte-limit = 33554432 (custom)
2023-05-04 21:54:18,763 [Listener at 127.0.0.1/45425] INFO  server.GrpcService (ConfUtils.java:logGet(46)) - raft.grpc.flow.control.window = 5MB (=5242880) (custom)
2023-05-04 21:54:18,763 [Listener at 127.0.0.1/45425] INFO  server.RaftServerConfigKeys (ConfUtils.java:logGet(46)) - raft.server.rpc.request.timeout = 60s (custom)
2023-05-04 21:54:18,763 [Listener at 127.0.0.1/45425] INFO  grpc.GrpcConfigKeys (ConfUtils.java:logGet(46)) - raft.grpc.server.heartbeat.channel = true (default)
2023-05-04 21:54:18,763 [Listener at 127.0.0.1/45425] INFO  grpc.GrpcConfigKeys (ConfUtils.java:logGet(46)) - raft.grpc.server.async.request.thread.pool.cached = true (default)
2023-05-04 21:54:18,763 [Listener at 127.0.0.1/45425] INFO  grpc.GrpcConfigKeys (ConfUtils.java:logGet(46)) - raft.grpc.server.async.request.thread.pool.size = 32 (default)
2023-05-04 21:54:18,765 [Listener at 127.0.0.1/45425] INFO  impl.DataStreamServerImpl (ConfUtils.java:logGet(46)) - raft.datastream.type = NETTY (custom)
2023-05-04 21:54:18,765 [Listener at 127.0.0.1/45425] INFO  server.RaftServerConfigKeys (ConfUtils.java:logGet(46)) - raft.server.data-stream.async.request.thread.pool.cached = false (default)
2023-05-04 21:54:18,766 [Listener at 127.0.0.1/45425] INFO  server.RaftServerConfigKeys (ConfUtils.java:logGet(46)) - raft.server.data-stream.async.request.thread.pool.size = 20 (custom)
2023-05-04 21:54:18,766 [Listener at 127.0.0.1/45425] INFO  server.RaftServerConfigKeys (ConfUtils.java:logGet(46)) - raft.server.data-stream.async.write.thread.pool.size = 16 (default)
2023-05-04 21:54:18,766 [Listener at 127.0.0.1/45425] INFO  server.RaftServerConfigKeys (ConfUtils.java:logGet(46)) - raft.server.data-stream.client.pool.size = 10 (default)
2023-05-04 21:54:18,766 [Listener at 127.0.0.1/45425] INFO  netty.NettyConfigKeys$DataStream (ConfUtils.java:logGet(46)) - raft.netty.dataStream.server.use-epoll = false (default)
2023-05-04 21:54:18,766 [Listener at 127.0.0.1/45425] INFO  netty.NettyConfigKeys$DataStream (ConfUtils.java:logGet(46)) - raft.netty.dataStream.server.boss-group.size = 0 (default)
2023-05-04 21:54:18,767 [Listener at 127.0.0.1/45425] INFO  netty.NettyConfigKeys$DataStream (ConfUtils.java:logGet(46)) - raft.netty.dataStream.server.worker-group.size = 0 (default)
2023-05-04 21:54:18,767 [Listener at 127.0.0.1/45425] INFO  netty.NettyConfigKeys$DataStream (ConfUtils.java:logGet(46)) - raft.netty.dataStream.server.tls.conf = null (default)
2023-05-04 21:54:18,767 [Listener at 127.0.0.1/45425] INFO  netty.NettyConfigKeys$DataStream (ConfUtils.java:logGet(46)) - raft.netty.dataStream.host = null (default)
2023-05-04 21:54:18,767 [Listener at 127.0.0.1/45425] INFO  netty.NettyConfigKeys$DataStream (ConfUtils.java:logGet(46)) - raft.netty.dataStream.port = 0 (default)
2023-05-04 21:54:18,769 [Listener at 127.0.0.1/45425] INFO  server.RaftServerConfigKeys (ConfUtils.java:logGet(46)) - raft.server.threadpool.proxy.cached = true (default)
2023-05-04 21:54:18,770 [Listener at 127.0.0.1/45425] INFO  server.RaftServerConfigKeys (ConfUtils.java:logGet(46)) - raft.server.threadpool.proxy.size = 0 (default)
2023-05-04 21:54:18,770 [Listener at 127.0.0.1/45425] INFO  server.RaftServerConfigKeys (ConfUtils.java:logGet(46)) - raft.server.rpc.slowness.timeout = 300s (custom)
2023-05-04 21:54:18,770 [Listener at 127.0.0.1/45425] INFO  server.RaftServerConfigKeys (ConfUtils.java:logGet(46)) - raft.server.leaderelection.leader.step-down.wait-time = 10s (default)
2023-05-04 21:54:18,770 [Listener at 127.0.0.1/45425] INFO  server.RaftServerConfigKeys (ConfUtils.java:logGet(46)) - raft.server.storage.dir = [/home/runner/work/ozone/ozone/hadoop-ozone/integration-test/target/test-dir/MiniOzoneClusterImpl-52a188dd-66b8-45b2-ab7c-675c0ee04825/datanode-8/data/ratis] (custom)
2023-05-04 21:54:18,781 [4c10edfb-6769-4396-b189-3c3a2dc734f1-NettyServerStreamRpc-bossGroup--thread1] INFO  logging.LoggingHandler (AbstractInternalLogger.java:log(148)) - [id: 0x96ecba5d] REGISTERED
2023-05-04 21:54:18,781 [4c10edfb-6769-4396-b189-3c3a2dc734f1-NettyServerStreamRpc-bossGroup--thread1] INFO  logging.LoggingHandler (AbstractInternalLogger.java:log(148)) - [id: 0x96ecba5d] BIND: 0.0.0.0/0.0.0.0:0
2023-05-04 21:54:18,781 [4c10edfb-6769-4396-b189-3c3a2dc734f1-NettyServerStreamRpc-bossGroup--thread1] INFO  logging.LoggingHandler (AbstractInternalLogger.java:log(148)) - [id: 0x96ecba5d, L:/0:0:0:0:0:0:0:0:42449] ACTIVE
2023-05-04 21:54:18,783 [Listener at 127.0.0.1/45425] INFO  server.XceiverServerGrpc (XceiverServerGrpc.java:<init>(132)) - GrpcServer channel type EpollServerSocketChannel
2023-05-04 21:54:18,786 [Listener at 127.0.0.1/45425] INFO  replication.ReplicationSupervisor (ReplicationSupervisor.java:nodeStateUpdated(290)) - Node state updated to IN_SERVICE, scaling executor pool size to 10
2023-05-04 21:54:18,791 [Listener at 127.0.0.1/45425] INFO  http.BaseHttpServer (BaseHttpServer.java:newHttpServer2BuilderForOzone(224)) - Starting Web-server for hddsDatanode at: http://0.0.0.0:0
2023-05-04 21:54:18,791 [Listener at 127.0.0.1/45425] INFO  http.BaseHttpServer (BaseHttpServer.java:<init>(111)) - Hadoop Security Enabled: false Ozone Security Enabled: false Ozone HTTP Security Enabled: false 
2023-05-04 21:54:18,795 [Listener at 127.0.0.1/45425] WARN  server.AuthenticationFilter (AuthenticationFilter.java:constructSecretProvider(240)) - Unable to initialize FileSignerSecretProvider, falling back to use random secrets. Reason: Could not read signature secret file: /home/runner/hadoop-http-auth-signature-secret
2023-05-04 21:54:18,795 [Listener at 127.0.0.1/45425] INFO  http.HttpRequestLog (HttpRequestLog.java:getRequestLog(86)) - Http request log for http.requests.hddsDatanode is not defined
2023-05-04 21:54:18,799 [Listener at 127.0.0.1/45425] INFO  http.HttpServer2 (HttpServer2.java:addGlobalFilter(1031)) - Added global filter 'safety' (class=org.apache.hadoop.hdds.server.http.HttpServer2$QuotingInputFilter)
2023-05-04 21:54:18,800 [Listener at 127.0.0.1/45425] INFO  http.HttpServer2 (HttpServer2.java:addFilter(1007)) - Added filter static_user_filter (class=org.apache.hadoop.http.lib.StaticUserWebFilter$StaticUserFilter) to context hddsDatanode
2023-05-04 21:54:18,801 [Listener at 127.0.0.1/45425] INFO  http.HttpServer2 (HttpServer2.java:addFilter(1015)) - Added filter static_user_filter (class=org.apache.hadoop.http.lib.StaticUserWebFilter$StaticUserFilter) to context static
2023-05-04 21:54:18,801 [Listener at 127.0.0.1/45425] INFO  http.HttpServer2 (HttpServer2.java:addFilter(1015)) - Added filter static_user_filter (class=org.apache.hadoop.http.lib.StaticUserWebFilter$StaticUserFilter) to context logs
2023-05-04 21:54:18,801 [Listener at 127.0.0.1/45425] INFO  http.BaseHttpServer (BaseHttpServer.java:<init>(190)) - HTTP server of hddsDatanode uses base directory /home/runner/work/ozone/ozone/hadoop-ozone/integration-test/target/test-dir/MiniOzoneClusterImpl-52a188dd-66b8-45b2-ab7c-675c0ee04825/datanode-8/meta/webserver
2023-05-04 21:54:18,802 [Listener at 127.0.0.1/45425] INFO  http.HttpServer2 (HttpServer2.java:bindListener(1250)) - Jetty bound to port 45733
2023-05-04 21:54:18,802 [Listener at 127.0.0.1/45425] INFO  server.Server (Server.java:doStart(375)) - jetty-9.4.51.v20230217; built: 2023-02-17T08:19:37.309Z; git: b45c405e4544384de066f814ed42ae3dceacdd49; jvm 1.8.0_362-b09
2023-05-04 21:54:18,808 [Listener at 127.0.0.1/45425] INFO  server.session (DefaultSessionIdManager.java:doStart(334)) - DefaultSessionIdManager workerName=node0
2023-05-04 21:54:18,808 [Listener at 127.0.0.1/45425] INFO  server.session (DefaultSessionIdManager.java:doStart(339)) - No SessionScavenger set, using defaults
2023-05-04 21:54:18,808 [Listener at 127.0.0.1/45425] INFO  server.session (HouseKeeper.java:startScavenging(132)) - node0 Scavenging every 660000ms
2023-05-04 21:54:18,809 [Listener at 127.0.0.1/45425] INFO  handler.ContextHandler (ContextHandler.java:doStart(921)) - Started o.e.j.s.ServletContextHandler@5c9fa9f1{logs,/logs,file:///home/runner/work/ozone/ozone/hadoop-ozone/integration-test/target/log,AVAILABLE}
2023-05-04 21:54:18,810 [Listener at 127.0.0.1/45425] INFO  handler.ContextHandler (ContextHandler.java:doStart(921)) - Started o.e.j.s.ServletContextHandler@70fe6835{static,/static,jar:file:/home/runner/.m2/repository/org/apache/ozone/hdds-container-service/1.4.0-SNAPSHOT/hdds-container-service-1.4.0-SNAPSHOT.jar!/webapps/static,AVAILABLE}
2023-05-04 21:54:18,946 [EndpointStateMachine task thread for /0.0.0.0:35509 - 0 ] INFO  utils.DatanodeStoreCache (DatanodeStoreCache.java:addDB(58)) - Added db /home/runner/work/ozone/ozone/hadoop-ozone/integration-test/target/test-dir/MiniOzoneClusterImpl-52a188dd-66b8-45b2-ab7c-675c0ee04825/datanode-3/data-0/containers/hdds/52a188dd-66b8-45b2-ab7c-675c0ee04825/DS-70ad6770-8bff-4473-9027-21783da140d6/container.db to cache
2023-05-04 21:54:18,946 [EndpointStateMachine task thread for /0.0.0.0:35509 - 0 ] INFO  volume.HddsVolume (HddsVolume.java:createDbStore(350)) - SchemaV3 db is created and loaded at /home/runner/work/ozone/ozone/hadoop-ozone/integration-test/target/test-dir/MiniOzoneClusterImpl-52a188dd-66b8-45b2-ab7c-675c0ee04825/datanode-3/data-0/containers/hdds/52a188dd-66b8-45b2-ab7c-675c0ee04825/DS-70ad6770-8bff-4473-9027-21783da140d6/container.db for volume DS-70ad6770-8bff-4473-9027-21783da140d6
2023-05-04 21:54:18,946 [EndpointStateMachine task thread for /0.0.0.0:35509 - 0 ] INFO  ozoneimpl.OzoneContainer (OzoneContainer.java:start(397)) - Attempting to start container services.
2023-05-04 21:54:18,946 [EndpointStateMachine task thread for /0.0.0.0:35509 - 0 ] INFO  ozoneimpl.OzoneContainer (OzoneContainer.java:startContainerScrub(314)) - Scheduled background container scanners and the on-demand container scanner have been disabled.
2023-05-04 21:54:18,949 [EndpointStateMachine task thread for /0.0.0.0:35509 - 0 ] INFO  replication.ReplicationServer (ReplicationServer.java:start(109)) - ReplicationServer is started using port 37367
2023-05-04 21:54:18,949 [EndpointStateMachine task thread for /0.0.0.0:35509 - 0 ] INFO  ratis.XceiverServerRatis (XceiverServerRatis.java:start(517)) - Starting XceiverServerRatis 7b4a0121-e5ca-4a28-aa85-7db853fd0802
2023-05-04 21:54:18,952 [EndpointStateMachine task thread for /0.0.0.0:35509 - 0 ] INFO  server.RaftServer (RaftServerProxy.java:startImpl(393)) - 7b4a0121-e5ca-4a28-aa85-7db853fd0802: start RPC server
2023-05-04 21:54:18,959 [EndpointStateMachine task thread for /0.0.0.0:35509 - 0 ] INFO  server.GrpcService (GrpcService.java:startImpl(262)) - 7b4a0121-e5ca-4a28-aa85-7db853fd0802: GrpcService started, listening on 42349
2023-05-04 21:54:18,960 [JvmPauseMonitor4] INFO  util.JvmPauseMonitor (JvmPauseMonitor.java:run(105)) - JvmPauseMonitor-7b4a0121-e5ca-4a28-aa85-7db853fd0802: Started
2023-05-04 21:54:18,960 [EndpointStateMachine task thread for /0.0.0.0:35509 - 0 ] INFO  ratis.XceiverServerRatis (XceiverServerRatis.java:getRealPort(543)) - XceiverServerRatis 7b4a0121-e5ca-4a28-aa85-7db853fd0802 is started using port 42349 for RATIS
2023-05-04 21:54:18,960 [EndpointStateMachine task thread for /0.0.0.0:35509 - 0 ] INFO  ratis.XceiverServerRatis (XceiverServerRatis.java:getRealPort(543)) - XceiverServerRatis 7b4a0121-e5ca-4a28-aa85-7db853fd0802 is started using port 42349 for RATIS_ADMIN
2023-05-04 21:54:18,960 [EndpointStateMachine task thread for /0.0.0.0:35509 - 0 ] INFO  ratis.XceiverServerRatis (XceiverServerRatis.java:getRealPort(543)) - XceiverServerRatis 7b4a0121-e5ca-4a28-aa85-7db853fd0802 is started using port 42349 for RATIS_SERVER
2023-05-04 21:54:18,960 [EndpointStateMachine task thread for /0.0.0.0:35509 - 0 ] INFO  ratis.XceiverServerRatis (XceiverServerRatis.java:getRealPort(543)) - XceiverServerRatis 7b4a0121-e5ca-4a28-aa85-7db853fd0802 is started using port 38943 for RATIS_DATASTREAM
2023-05-04 21:54:18,963 [EndpointStateMachine task thread for /0.0.0.0:35509 - 0 ] INFO  server.XceiverServerGrpc (XceiverServerGrpc.java:start(180)) - XceiverServerGrpc 7b4a0121-e5ca-4a28-aa85-7db853fd0802 is started using port 34265
2023-05-04 21:54:18,968 [BlockDeletingService#0] INFO  interfaces.ContainerDeletionChoosingPolicyTemplate (ContainerDeletionChoosingPolicyTemplate.java:chooseContainerForBlockDeletion(83)) - Chosen 0/5000 blocks from 0 candidate containers.
2023-05-04 21:54:19,057 [Listener at 127.0.0.1/45425] INFO  handler.ContextHandler (ContextHandler.java:doStart(921)) - Started o.e.j.w.WebAppContext@1b86672d{hddsDatanode,/,file:///home/runner/work/ozone/ozone/hadoop-ozone/integration-test/target/test-dir/MiniOzoneClusterImpl-52a188dd-66b8-45b2-ab7c-675c0ee04825/datanode-8/meta/webserver/jetty-0_0_0_0-45733-hdds-container-service-1_4_0-SNAPSHOT_jar-_-any-4135835550811914180/webapp/,AVAILABLE}{jar:file:/home/runner/.m2/repository/org/apache/ozone/hdds-container-service/1.4.0-SNAPSHOT/hdds-container-service-1.4.0-SNAPSHOT.jar!/webapps/hddsDatanode}
2023-05-04 21:54:19,060 [Listener at 127.0.0.1/45425] INFO  server.AbstractConnector (AbstractConnector.java:doStart(333)) - Started ServerConnector@29bea7b9{HTTP/1.1, (http/1.1)}{0.0.0.0:45733}
2023-05-04 21:54:19,060 [Listener at 127.0.0.1/45425] INFO  server.Server (Server.java:doStart(415)) - Started @12863ms
2023-05-04 21:54:19,060 [Listener at 127.0.0.1/45425] WARN  impl.MetricsSystemImpl (MetricsSystemImpl.java:register(279)) - Sink prometheus already exists!
2023-05-04 21:54:19,064 [Listener at 127.0.0.1/45425] INFO  http.BaseHttpServer (BaseHttpServer.java:updateConnectorAddress(344)) - HTTP server of hddsDatanode listening at http://0.0.0.0:45733
2023-05-04 21:54:19,065 [Listener at 127.0.0.1/45425] WARN  impl.MetricRegistriesImpl (MetricRegistriesImpl.java:addReporterRegistration(111)) - New reporters are added after registries were created. Some metrics will be missing from the reporter. Please add reporter before adding any new registry.
2023-05-04 21:54:19,065 [Listener at 127.0.0.1/45425] WARN  impl.MetricRegistriesImpl (MetricRegistriesImpl.java:addReporterRegistration(111)) - New reporters are added after registries were created. Some metrics will be missing from the reporter. Please add reporter before adding any new registry.
2023-05-04 21:54:19,065 [Listener at 127.0.0.1/45425] INFO  impl.MetricsSystemImpl (MetricsSystemImpl.java:init(158)) - HddsDatanode metrics system started (again)
2023-05-04 21:54:19,066 [Datanode State Machine Daemon Thread] INFO  statemachine.DatanodeStateMachine (DatanodeStateMachine.java:lambda$startDaemon$0(524)) - Ozone container server started.
2023-05-04 21:54:19,078 [org.apache.hadoop.util.JvmPauseMonitor$Monitor@3abd83be] INFO  util.JvmPauseMonitor (JvmPauseMonitor.java:run(188)) - Starting JVM pause monitor
2023-05-04 21:54:19,080 [Listener at 127.0.0.1/45425] INFO  ozone.HddsDatanodeService (HddsDatanodeService.java:start(252)) - HddsDatanodeService host:fv-az133-721.yhipumr4050edinzmvad0xeera.cx.internal.cloudapp.net ip:10.1.0.44
2023-05-04 21:54:19,089 [Datanode State Machine Task Thread - 0] INFO  datanode.InitDatanodeState (InitDatanodeState.java:persistContainerDatanodeDetails(138)) - DatanodeDetails is persisted to /home/runner/work/ozone/ozone/hadoop-ozone/integration-test/target/test-dir/MiniOzoneClusterImpl-52a188dd-66b8-45b2-ab7c-675c0ee04825/datanode-8/meta/datanode.id
2023-05-04 21:54:19,106 [Listener at 127.0.0.1/45425] INFO  upgrade.AbstractLayoutVersionManager (AbstractLayoutVersionManager.java:init(83)) - Initializing Layout version manager with metadata layout = WEBUI_PORTS_IN_DATANODEDETAILS (version = 6), software layout = WEBUI_PORTS_IN_DATANODEDETAILS (version = 6)
2023-05-04 21:54:19,159 [Listener at 127.0.0.1/45425] INFO  reflections.Reflections (Reflections.java:scan(232)) - Reflections took 52 ms to scan 7 urls, producing 156 keys and 369 values 
2023-05-04 21:54:19,161 [Listener at 127.0.0.1/45425] INFO  statemachine.DatanodeStateMachine (DatanodeStateMachine.java:getEndPointTaskThreadPoolSize(267)) - Datanode State Machine Task Thread Pool size 2
2023-05-04 21:54:19,170 [Listener at 127.0.0.1/45425] INFO  volume.HddsVolume (HddsVolume.java:<init>(130)) - Creating HddsVolume: /home/runner/work/ozone/ozone/hadoop-ozone/integration-test/target/test-dir/MiniOzoneClusterImpl-52a188dd-66b8-45b2-ab7c-675c0ee04825/datanode-9/data-0/containers/hdds of storage type : DISK capacity : 9223372036854775807
2023-05-04 21:54:19,171 [Listener at 127.0.0.1/45425] INFO  volume.MutableVolumeSet (MutableVolumeSet.java:initializeVolumeSet(175)) - Added Volume : /home/runner/work/ozone/ozone/hadoop-ozone/integration-test/target/test-dir/MiniOzoneClusterImpl-52a188dd-66b8-45b2-ab7c-675c0ee04825/datanode-9/data-0/containers/hdds to VolumeSet
2023-05-04 21:54:19,171 [Listener at 127.0.0.1/45425] INFO  volume.ThrottledAsyncChecker (ThrottledAsyncChecker.java:schedule(141)) - Scheduling a check for /home/runner/work/ozone/ozone/hadoop-ozone/integration-test/target/test-dir/MiniOzoneClusterImpl-52a188dd-66b8-45b2-ab7c-675c0ee04825/datanode-9/data-0/containers/hdds
2023-05-04 21:54:19,172 [Listener at 127.0.0.1/45425] INFO  volume.StorageVolumeChecker (StorageVolumeChecker.java:checkAllVolumes(202)) - Scheduled health check for volume /home/runner/work/ozone/ozone/hadoop-ozone/integration-test/target/test-dir/MiniOzoneClusterImpl-52a188dd-66b8-45b2-ab7c-675c0ee04825/datanode-9/data-0/containers/hdds
2023-05-04 21:54:19,185 [Listener at 127.0.0.1/45425] INFO  volume.MutableVolumeSet (MutableVolumeSet.java:initializeVolumeSet(175)) - Added Volume : /home/runner/work/ozone/ozone/hadoop-ozone/integration-test/target/test-dir/MiniOzoneClusterImpl-52a188dd-66b8-45b2-ab7c-675c0ee04825/datanode-9/data/ratis to VolumeSet
2023-05-04 21:54:19,185 [Listener at 127.0.0.1/45425] INFO  volume.ThrottledAsyncChecker (ThrottledAsyncChecker.java:schedule(141)) - Scheduling a check for /home/runner/work/ozone/ozone/hadoop-ozone/integration-test/target/test-dir/MiniOzoneClusterImpl-52a188dd-66b8-45b2-ab7c-675c0ee04825/datanode-9/data/ratis
2023-05-04 21:54:19,186 [Listener at 127.0.0.1/45425] INFO  volume.StorageVolumeChecker (StorageVolumeChecker.java:checkAllVolumes(202)) - Scheduled health check for volume /home/runner/work/ozone/ozone/hadoop-ozone/integration-test/target/test-dir/MiniOzoneClusterImpl-52a188dd-66b8-45b2-ab7c-675c0ee04825/datanode-9/data/ratis
2023-05-04 21:54:19,199 [Thread-288] INFO  ozoneimpl.ContainerReader (ContainerReader.java:readVolume(175)) - Finish verifying containers on volume /home/runner/work/ozone/ozone/hadoop-ozone/integration-test/target/test-dir/MiniOzoneClusterImpl-52a188dd-66b8-45b2-ab7c-675c0ee04825/datanode-9/data-0/containers/hdds
2023-05-04 21:54:19,199 [Listener at 127.0.0.1/45425] INFO  ozoneimpl.OzoneContainer (OzoneContainer.java:buildContainerSet(303)) - Build ContainerSet costs 0s
2023-05-04 21:54:19,204 [Listener at 127.0.0.1/45425] INFO  server.RaftServer (ConfUtils.java:logGet(46)) - raft.rpc.type = GRPC (default)
2023-05-04 21:54:19,205 [Listener at 127.0.0.1/45425] INFO  grpc.GrpcConfigKeys (ConfUtils.java:logFallback(53)) - raft.grpc.admin.host = null (fallback to raft.grpc.server.host)
2023-05-04 21:54:19,205 [Listener at 127.0.0.1/45425] INFO  grpc.GrpcConfigKeys (ConfUtils.java:logGet(46)) - raft.grpc.admin.port = 0 (custom)
2023-05-04 21:54:19,205 [Listener at 127.0.0.1/45425] INFO  grpc.GrpcConfigKeys (ConfUtils.java:logFallback(53)) - raft.grpc.client.host = null (fallback to raft.grpc.server.host)
2023-05-04 21:54:19,205 [Listener at 127.0.0.1/45425] INFO  grpc.GrpcConfigKeys (ConfUtils.java:logGet(46)) - raft.grpc.client.port = 0 (custom)
2023-05-04 21:54:19,206 [Listener at 127.0.0.1/45425] INFO  grpc.GrpcConfigKeys (ConfUtils.java:logGet(46)) - raft.grpc.server.host = null (default)
2023-05-04 21:54:19,206 [Listener at 127.0.0.1/45425] INFO  grpc.GrpcConfigKeys (ConfUtils.java:logGet(46)) - raft.grpc.server.port = 0 (default)
2023-05-04 21:54:19,206 [Listener at 127.0.0.1/45425] INFO  server.GrpcService (ConfUtils.java:logGet(46)) - raft.grpc.message.size.max = 32MB (=33554432) (custom)
2023-05-04 21:54:19,206 [Listener at 127.0.0.1/45425] INFO  server.RaftServerConfigKeys (ConfUtils.java:logGet(46)) - raft.server.log.appender.buffer.byte-limit = 33554432 (custom)
2023-05-04 21:54:19,206 [Listener at 127.0.0.1/45425] INFO  server.GrpcService (ConfUtils.java:logGet(46)) - raft.grpc.flow.control.window = 5MB (=5242880) (custom)
2023-05-04 21:54:19,206 [Listener at 127.0.0.1/45425] INFO  server.RaftServerConfigKeys (ConfUtils.java:logGet(46)) - raft.server.rpc.request.timeout = 60s (custom)
2023-05-04 21:54:19,206 [Listener at 127.0.0.1/45425] INFO  grpc.GrpcConfigKeys (ConfUtils.java:logGet(46)) - raft.grpc.server.heartbeat.channel = true (default)
2023-05-04 21:54:19,206 [Listener at 127.0.0.1/45425] INFO  grpc.GrpcConfigKeys (ConfUtils.java:logGet(46)) - raft.grpc.server.async.request.thread.pool.cached = true (default)
2023-05-04 21:54:19,207 [Listener at 127.0.0.1/45425] INFO  grpc.GrpcConfigKeys (ConfUtils.java:logGet(46)) - raft.grpc.server.async.request.thread.pool.size = 32 (default)
2023-05-04 21:54:19,209 [Listener at 127.0.0.1/45425] INFO  impl.DataStreamServerImpl (ConfUtils.java:logGet(46)) - raft.datastream.type = NETTY (custom)
2023-05-04 21:54:19,210 [Listener at 127.0.0.1/45425] INFO  server.RaftServerConfigKeys (ConfUtils.java:logGet(46)) - raft.server.data-stream.async.request.thread.pool.cached = false (default)
2023-05-04 21:54:19,210 [Listener at 127.0.0.1/45425] INFO  server.RaftServerConfigKeys (ConfUtils.java:logGet(46)) - raft.server.data-stream.async.request.thread.pool.size = 20 (custom)
2023-05-04 21:54:19,212 [Listener at 127.0.0.1/45425] INFO  server.RaftServerConfigKeys (ConfUtils.java:logGet(46)) - raft.server.data-stream.async.write.thread.pool.size = 16 (default)
2023-05-04 21:54:19,212 [Listener at 127.0.0.1/45425] INFO  server.RaftServerConfigKeys (ConfUtils.java:logGet(46)) - raft.server.data-stream.client.pool.size = 10 (default)
2023-05-04 21:54:19,212 [Listener at 127.0.0.1/45425] INFO  netty.NettyConfigKeys$DataStream (ConfUtils.java:logGet(46)) - raft.netty.dataStream.server.use-epoll = false (default)
2023-05-04 21:54:19,212 [Listener at 127.0.0.1/45425] INFO  netty.NettyConfigKeys$DataStream (ConfUtils.java:logGet(46)) - raft.netty.dataStream.server.boss-group.size = 0 (default)
2023-05-04 21:54:19,214 [Listener at 127.0.0.1/45425] INFO  netty.NettyConfigKeys$DataStream (ConfUtils.java:logGet(46)) - raft.netty.dataStream.server.worker-group.size = 0 (default)
2023-05-04 21:54:19,215 [Listener at 127.0.0.1/45425] INFO  netty.NettyConfigKeys$DataStream (ConfUtils.java:logGet(46)) - raft.netty.dataStream.server.tls.conf = null (default)
2023-05-04 21:54:19,215 [Listener at 127.0.0.1/45425] INFO  netty.NettyConfigKeys$DataStream (ConfUtils.java:logGet(46)) - raft.netty.dataStream.host = null (default)
2023-05-04 21:54:19,215 [Listener at 127.0.0.1/45425] INFO  netty.NettyConfigKeys$DataStream (ConfUtils.java:logGet(46)) - raft.netty.dataStream.port = 0 (default)
2023-05-04 21:54:19,217 [Listener at 127.0.0.1/45425] INFO  server.RaftServerConfigKeys (ConfUtils.java:logGet(46)) - raft.server.threadpool.proxy.cached = true (default)
2023-05-04 21:54:19,218 [Listener at 127.0.0.1/45425] INFO  server.RaftServerConfigKeys (ConfUtils.java:logGet(46)) - raft.server.threadpool.proxy.size = 0 (default)
2023-05-04 21:54:19,219 [Listener at 127.0.0.1/45425] INFO  server.RaftServerConfigKeys (ConfUtils.java:logGet(46)) - raft.server.rpc.slowness.timeout = 300s (custom)
2023-05-04 21:54:19,221 [Listener at 127.0.0.1/45425] INFO  server.RaftServerConfigKeys (ConfUtils.java:logGet(46)) - raft.server.leaderelection.leader.step-down.wait-time = 10s (default)
2023-05-04 21:54:19,221 [Listener at 127.0.0.1/45425] INFO  server.RaftServerConfigKeys (ConfUtils.java:logGet(46)) - raft.server.storage.dir = [/home/runner/work/ozone/ozone/hadoop-ozone/integration-test/target/test-dir/MiniOzoneClusterImpl-52a188dd-66b8-45b2-ab7c-675c0ee04825/datanode-9/data/ratis] (custom)
2023-05-04 21:54:19,220 [d5196681-af95-4a59-85a9-5a8fb94dede6-NettyServerStreamRpc-bossGroup--thread1] INFO  logging.LoggingHandler (AbstractInternalLogger.java:log(148)) - [id: 0xdd3e911d] REGISTERED
2023-05-04 21:54:19,221 [d5196681-af95-4a59-85a9-5a8fb94dede6-NettyServerStreamRpc-bossGroup--thread1] INFO  logging.LoggingHandler (AbstractInternalLogger.java:log(148)) - [id: 0xdd3e911d] BIND: 0.0.0.0/0.0.0.0:0
2023-05-04 21:54:19,222 [d5196681-af95-4a59-85a9-5a8fb94dede6-NettyServerStreamRpc-bossGroup--thread1] INFO  logging.LoggingHandler (AbstractInternalLogger.java:log(148)) - [id: 0xdd3e911d, L:/0:0:0:0:0:0:0:0:45055] ACTIVE
2023-05-04 21:54:19,225 [Listener at 127.0.0.1/45425] INFO  server.XceiverServerGrpc (XceiverServerGrpc.java:<init>(132)) - GrpcServer channel type EpollServerSocketChannel
2023-05-04 21:54:19,228 [Listener at 127.0.0.1/45425] INFO  replication.ReplicationSupervisor (ReplicationSupervisor.java:nodeStateUpdated(290)) - Node state updated to IN_SERVICE, scaling executor pool size to 10
2023-05-04 21:54:19,231 [Listener at 127.0.0.1/45425] INFO  http.BaseHttpServer (BaseHttpServer.java:newHttpServer2BuilderForOzone(224)) - Starting Web-server for hddsDatanode at: http://0.0.0.0:0
2023-05-04 21:54:19,231 [Listener at 127.0.0.1/45425] INFO  http.BaseHttpServer (BaseHttpServer.java:<init>(111)) - Hadoop Security Enabled: false Ozone Security Enabled: false Ozone HTTP Security Enabled: false 
2023-05-04 21:54:19,233 [Listener at 127.0.0.1/45425] WARN  server.AuthenticationFilter (AuthenticationFilter.java:constructSecretProvider(240)) - Unable to initialize FileSignerSecretProvider, falling back to use random secrets. Reason: Could not read signature secret file: /home/runner/hadoop-http-auth-signature-secret
2023-05-04 21:54:19,235 [Listener at 127.0.0.1/45425] INFO  http.HttpRequestLog (HttpRequestLog.java:getRequestLog(86)) - Http request log for http.requests.hddsDatanode is not defined
2023-05-04 21:54:19,238 [Listener at 127.0.0.1/45425] INFO  http.HttpServer2 (HttpServer2.java:addGlobalFilter(1031)) - Added global filter 'safety' (class=org.apache.hadoop.hdds.server.http.HttpServer2$QuotingInputFilter)
2023-05-04 21:54:19,239 [Listener at 127.0.0.1/45425] INFO  http.HttpServer2 (HttpServer2.java:addFilter(1007)) - Added filter static_user_filter (class=org.apache.hadoop.http.lib.StaticUserWebFilter$StaticUserFilter) to context hddsDatanode
2023-05-04 21:54:19,239 [Listener at 127.0.0.1/45425] INFO  http.HttpServer2 (HttpServer2.java:addFilter(1015)) - Added filter static_user_filter (class=org.apache.hadoop.http.lib.StaticUserWebFilter$StaticUserFilter) to context logs
2023-05-04 21:54:19,239 [Listener at 127.0.0.1/45425] INFO  http.HttpServer2 (HttpServer2.java:addFilter(1015)) - Added filter static_user_filter (class=org.apache.hadoop.http.lib.StaticUserWebFilter$StaticUserFilter) to context static
2023-05-04 21:54:19,240 [Listener at 127.0.0.1/45425] INFO  http.BaseHttpServer (BaseHttpServer.java:<init>(190)) - HTTP server of hddsDatanode uses base directory /home/runner/work/ozone/ozone/hadoop-ozone/integration-test/target/test-dir/MiniOzoneClusterImpl-52a188dd-66b8-45b2-ab7c-675c0ee04825/datanode-9/meta/webserver
2023-05-04 21:54:19,240 [Listener at 127.0.0.1/45425] INFO  http.HttpServer2 (HttpServer2.java:bindListener(1250)) - Jetty bound to port 34537
2023-05-04 21:54:19,240 [Listener at 127.0.0.1/45425] INFO  server.Server (Server.java:doStart(375)) - jetty-9.4.51.v20230217; built: 2023-02-17T08:19:37.309Z; git: b45c405e4544384de066f814ed42ae3dceacdd49; jvm 1.8.0_362-b09
2023-05-04 21:54:19,241 [Listener at 127.0.0.1/45425] INFO  server.session (DefaultSessionIdManager.java:doStart(334)) - DefaultSessionIdManager workerName=node0
2023-05-04 21:54:19,242 [Listener at 127.0.0.1/45425] INFO  server.session (DefaultSessionIdManager.java:doStart(339)) - No SessionScavenger set, using defaults
2023-05-04 21:54:19,242 [Listener at 127.0.0.1/45425] INFO  server.session (HouseKeeper.java:startScavenging(132)) - node0 Scavenging every 660000ms
2023-05-04 21:54:19,243 [Listener at 127.0.0.1/45425] INFO  handler.ContextHandler (ContextHandler.java:doStart(921)) - Started o.e.j.s.ServletContextHandler@4da4fc25{logs,/logs,file:///home/runner/work/ozone/ozone/hadoop-ozone/integration-test/target/log,AVAILABLE}
2023-05-04 21:54:19,244 [Listener at 127.0.0.1/45425] INFO  handler.ContextHandler (ContextHandler.java:doStart(921)) - Started o.e.j.s.ServletContextHandler@247f7ef6{static,/static,jar:file:/home/runner/.m2/repository/org/apache/ozone/hdds-container-service/1.4.0-SNAPSHOT/hdds-container-service-1.4.0-SNAPSHOT.jar!/webapps/static,AVAILABLE}
2023-05-04 21:54:19,323 [EndpointStateMachine task thread for /0.0.0.0:35509 - 0 ] INFO  utils.DatanodeStoreCache (DatanodeStoreCache.java:addDB(58)) - Added db /home/runner/work/ozone/ozone/hadoop-ozone/integration-test/target/test-dir/MiniOzoneClusterImpl-52a188dd-66b8-45b2-ab7c-675c0ee04825/datanode-4/data-0/containers/hdds/52a188dd-66b8-45b2-ab7c-675c0ee04825/DS-1c52dcb5-3260-4f84-9769-163dd88f88ce/container.db to cache
2023-05-04 21:54:19,324 [EndpointStateMachine task thread for /0.0.0.0:35509 - 0 ] INFO  volume.HddsVolume (HddsVolume.java:createDbStore(350)) - SchemaV3 db is created and loaded at /home/runner/work/ozone/ozone/hadoop-ozone/integration-test/target/test-dir/MiniOzoneClusterImpl-52a188dd-66b8-45b2-ab7c-675c0ee04825/datanode-4/data-0/containers/hdds/52a188dd-66b8-45b2-ab7c-675c0ee04825/DS-1c52dcb5-3260-4f84-9769-163dd88f88ce/container.db for volume DS-1c52dcb5-3260-4f84-9769-163dd88f88ce
2023-05-04 21:54:19,326 [EndpointStateMachine task thread for /0.0.0.0:35509 - 0 ] INFO  ozoneimpl.OzoneContainer (OzoneContainer.java:start(397)) - Attempting to start container services.
2023-05-04 21:54:19,326 [EndpointStateMachine task thread for /0.0.0.0:35509 - 0 ] INFO  ozoneimpl.OzoneContainer (OzoneContainer.java:startContainerScrub(314)) - Scheduled background container scanners and the on-demand container scanner have been disabled.
2023-05-04 21:54:19,329 [EndpointStateMachine task thread for /0.0.0.0:35509 - 0 ] INFO  replication.ReplicationServer (ReplicationServer.java:start(109)) - ReplicationServer is started using port 41849
2023-05-04 21:54:19,329 [EndpointStateMachine task thread for /0.0.0.0:35509 - 0 ] INFO  ratis.XceiverServerRatis (XceiverServerRatis.java:start(517)) - Starting XceiverServerRatis 6abe40d9-bbca-402e-938b-50fbed365dbf
2023-05-04 21:54:19,333 [EndpointStateMachine task thread for /0.0.0.0:35509 - 0 ] INFO  server.RaftServer (RaftServerProxy.java:startImpl(393)) - 6abe40d9-bbca-402e-938b-50fbed365dbf: start RPC server
2023-05-04 21:54:19,341 [EndpointStateMachine task thread for /0.0.0.0:35509 - 0 ] INFO  server.GrpcService (GrpcService.java:startImpl(262)) - 6abe40d9-bbca-402e-938b-50fbed365dbf: GrpcService started, listening on 37731
2023-05-04 21:54:19,342 [EndpointStateMachine task thread for /0.0.0.0:35509 - 0 ] INFO  ratis.XceiverServerRatis (XceiverServerRatis.java:getRealPort(543)) - XceiverServerRatis 6abe40d9-bbca-402e-938b-50fbed365dbf is started using port 37731 for RATIS
2023-05-04 21:54:19,342 [JvmPauseMonitor5] INFO  util.JvmPauseMonitor (JvmPauseMonitor.java:run(105)) - JvmPauseMonitor-6abe40d9-bbca-402e-938b-50fbed365dbf: Started
2023-05-04 21:54:19,342 [EndpointStateMachine task thread for /0.0.0.0:35509 - 0 ] INFO  ratis.XceiverServerRatis (XceiverServerRatis.java:getRealPort(543)) - XceiverServerRatis 6abe40d9-bbca-402e-938b-50fbed365dbf is started using port 37731 for RATIS_ADMIN
2023-05-04 21:54:19,342 [EndpointStateMachine task thread for /0.0.0.0:35509 - 0 ] INFO  ratis.XceiverServerRatis (XceiverServerRatis.java:getRealPort(543)) - XceiverServerRatis 6abe40d9-bbca-402e-938b-50fbed365dbf is started using port 37731 for RATIS_SERVER
2023-05-04 21:54:19,342 [EndpointStateMachine task thread for /0.0.0.0:35509 - 0 ] INFO  ratis.XceiverServerRatis (XceiverServerRatis.java:getRealPort(543)) - XceiverServerRatis 6abe40d9-bbca-402e-938b-50fbed365dbf is started using port 45795 for RATIS_DATASTREAM
2023-05-04 21:54:19,346 [EndpointStateMachine task thread for /0.0.0.0:35509 - 0 ] INFO  server.XceiverServerGrpc (XceiverServerGrpc.java:start(180)) - XceiverServerGrpc 6abe40d9-bbca-402e-938b-50fbed365dbf is started using port 37627
2023-05-04 21:54:19,367 [BlockDeletingService#0] INFO  interfaces.ContainerDeletionChoosingPolicyTemplate (ContainerDeletionChoosingPolicyTemplate.java:chooseContainerForBlockDeletion(83)) - Chosen 0/5000 blocks from 0 candidate containers.
2023-05-04 21:54:19,490 [Listener at 127.0.0.1/45425] INFO  handler.ContextHandler (ContextHandler.java:doStart(921)) - Started o.e.j.w.WebAppContext@17a12b32{hddsDatanode,/,file:///home/runner/work/ozone/ozone/hadoop-ozone/integration-test/target/test-dir/MiniOzoneClusterImpl-52a188dd-66b8-45b2-ab7c-675c0ee04825/datanode-9/meta/webserver/jetty-0_0_0_0-34537-hdds-container-service-1_4_0-SNAPSHOT_jar-_-any-147300187440189168/webapp/,AVAILABLE}{jar:file:/home/runner/.m2/repository/org/apache/ozone/hdds-container-service/1.4.0-SNAPSHOT/hdds-container-service-1.4.0-SNAPSHOT.jar!/webapps/hddsDatanode}
2023-05-04 21:54:19,492 [Listener at 127.0.0.1/45425] INFO  server.AbstractConnector (AbstractConnector.java:doStart(333)) - Started ServerConnector@52afd60b{HTTP/1.1, (http/1.1)}{0.0.0.0:34537}
2023-05-04 21:54:19,493 [Listener at 127.0.0.1/45425] INFO  server.Server (Server.java:doStart(415)) - Started @13296ms
2023-05-04 21:54:19,493 [Listener at 127.0.0.1/45425] WARN  impl.MetricsSystemImpl (MetricsSystemImpl.java:register(279)) - Sink prometheus already exists!
2023-05-04 21:54:19,493 [Listener at 127.0.0.1/45425] INFO  http.BaseHttpServer (BaseHttpServer.java:updateConnectorAddress(344)) - HTTP server of hddsDatanode listening at http://0.0.0.0:34537
2023-05-04 21:54:19,498 [Listener at 127.0.0.1/45425] WARN  impl.MetricRegistriesImpl (MetricRegistriesImpl.java:addReporterRegistration(111)) - New reporters are added after registries were created. Some metrics will be missing from the reporter. Please add reporter before adding any new registry.
2023-05-04 21:54:19,498 [Listener at 127.0.0.1/45425] WARN  impl.MetricRegistriesImpl (MetricRegistriesImpl.java:addReporterRegistration(111)) - New reporters are added after registries were created. Some metrics will be missing from the reporter. Please add reporter before adding any new registry.
2023-05-04 21:54:19,498 [Listener at 127.0.0.1/45425] INFO  impl.MetricsSystemImpl (MetricsSystemImpl.java:init(158)) - HddsDatanode metrics system started (again)
2023-05-04 21:54:19,500 [Datanode State Machine Daemon Thread] INFO  statemachine.DatanodeStateMachine (DatanodeStateMachine.java:lambda$startDaemon$0(524)) - Ozone container server started.
2023-05-04 21:54:19,515 [org.apache.hadoop.util.JvmPauseMonitor$Monitor@7ff82d6c] INFO  util.JvmPauseMonitor (JvmPauseMonitor.java:run(188)) - Starting JVM pause monitor
2023-05-04 21:54:19,518 [Listener at 127.0.0.1/45425] INFO  ozone.HddsDatanodeService (HddsDatanodeService.java:start(252)) - HddsDatanodeService host:fv-az133-721.yhipumr4050edinzmvad0xeera.cx.internal.cloudapp.net ip:10.1.0.44
2023-05-04 21:54:19,520 [Datanode State Machine Task Thread - 0] INFO  datanode.InitDatanodeState (InitDatanodeState.java:persistContainerDatanodeDetails(138)) - DatanodeDetails is persisted to /home/runner/work/ozone/ozone/hadoop-ozone/integration-test/target/test-dir/MiniOzoneClusterImpl-52a188dd-66b8-45b2-ab7c-675c0ee04825/datanode-9/meta/datanode.id
2023-05-04 21:54:19,542 [Listener at 127.0.0.1/45425] INFO  upgrade.AbstractLayoutVersionManager (AbstractLayoutVersionManager.java:init(83)) - Initializing Layout version manager with metadata layout = WEBUI_PORTS_IN_DATANODEDETAILS (version = 6), software layout = WEBUI_PORTS_IN_DATANODEDETAILS (version = 6)
2023-05-04 21:54:19,609 [Listener at 127.0.0.1/45425] INFO  reflections.Reflections (Reflections.java:scan(232)) - Reflections took 65 ms to scan 7 urls, producing 156 keys and 369 values 
2023-05-04 21:54:19,612 [Listener at 127.0.0.1/45425] INFO  statemachine.DatanodeStateMachine (DatanodeStateMachine.java:getEndPointTaskThreadPoolSize(267)) - Datanode State Machine Task Thread Pool size 2
2023-05-04 21:54:19,621 [Listener at 127.0.0.1/45425] INFO  volume.HddsVolume (HddsVolume.java:<init>(130)) - Creating HddsVolume: /home/runner/work/ozone/ozone/hadoop-ozone/integration-test/target/test-dir/MiniOzoneClusterImpl-52a188dd-66b8-45b2-ab7c-675c0ee04825/datanode-10/data-0/containers/hdds of storage type : DISK capacity : 9223372036854775807
2023-05-04 21:54:19,622 [Listener at 127.0.0.1/45425] INFO  volume.MutableVolumeSet (MutableVolumeSet.java:initializeVolumeSet(175)) - Added Volume : /home/runner/work/ozone/ozone/hadoop-ozone/integration-test/target/test-dir/MiniOzoneClusterImpl-52a188dd-66b8-45b2-ab7c-675c0ee04825/datanode-10/data-0/containers/hdds to VolumeSet
2023-05-04 21:54:19,622 [Listener at 127.0.0.1/45425] INFO  volume.ThrottledAsyncChecker (ThrottledAsyncChecker.java:schedule(141)) - Scheduling a check for /home/runner/work/ozone/ozone/hadoop-ozone/integration-test/target/test-dir/MiniOzoneClusterImpl-52a188dd-66b8-45b2-ab7c-675c0ee04825/datanode-10/data-0/containers/hdds
2023-05-04 21:54:19,629 [Listener at 127.0.0.1/45425] INFO  volume.StorageVolumeChecker (StorageVolumeChecker.java:checkAllVolumes(202)) - Scheduled health check for volume /home/runner/work/ozone/ozone/hadoop-ozone/integration-test/target/test-dir/MiniOzoneClusterImpl-52a188dd-66b8-45b2-ab7c-675c0ee04825/datanode-10/data-0/containers/hdds
2023-05-04 21:54:19,630 [IPC Server handler 13 on default port 35509] INFO  net.NetworkTopologyImpl (NetworkTopologyImpl.java:add(112)) - Added a new node: /default-rack/e0862bec-a8bd-48ad-a9f8-bef0c155c835
2023-05-04 21:54:19,632 [IPC Server handler 13 on default port 35509] INFO  node.SCMNodeManager (SCMNodeManager.java:register(407)) - Registered Data node : e0862bec-a8bd-48ad-a9f8-bef0c155c835{ip: 10.1.0.44, host: fv-az133-721.yhipumr4050edinzmvad0xeera.cx.internal.cloudapp.net, ports: [HTTP=36495, REPLICATION=43341, RATIS=39581, RATIS_ADMIN=39581, RATIS_SERVER=39581, RATIS_DATASTREAM=35075, STANDALONE=33425], networkLocation: /default-rack, certSerialId: null, persistedOpState: null, persistedOpStateExpiryEpochSec: 0}
2023-05-04 21:54:19,643 [Listener at 127.0.0.1/45425] INFO  volume.MutableVolumeSet (MutableVolumeSet.java:initializeVolumeSet(175)) - Added Volume : /home/runner/work/ozone/ozone/hadoop-ozone/integration-test/target/test-dir/MiniOzoneClusterImpl-52a188dd-66b8-45b2-ab7c-675c0ee04825/datanode-10/data/ratis to VolumeSet
2023-05-04 21:54:19,643 [Listener at 127.0.0.1/45425] INFO  volume.ThrottledAsyncChecker (ThrottledAsyncChecker.java:schedule(141)) - Scheduling a check for /home/runner/work/ozone/ozone/hadoop-ozone/integration-test/target/test-dir/MiniOzoneClusterImpl-52a188dd-66b8-45b2-ab7c-675c0ee04825/datanode-10/data/ratis
2023-05-04 21:54:19,648 [EventQueue-NewNodeForNewNodeHandler] INFO  pipeline.BackgroundPipelineCreator (BackgroundPipelineCreator.java:notifyEventTriggered(276)) - trigger a one-shot run on RatisPipelineUtilsThread.
2023-05-04 21:54:19,650 [Listener at 127.0.0.1/45425] INFO  volume.StorageVolumeChecker (StorageVolumeChecker.java:checkAllVolumes(202)) - Scheduled health check for volume /home/runner/work/ozone/ozone/hadoop-ozone/integration-test/target/test-dir/MiniOzoneClusterImpl-52a188dd-66b8-45b2-ab7c-675c0ee04825/datanode-10/data/ratis
2023-05-04 21:54:19,649 [EventQueue-NodeRegistrationContainerReportForDataNodeSafeModeRule] INFO  safemode.SCMSafeModeManager (DataNodeSafeModeRule.java:process(71)) - SCM in safe mode. 1 DataNodes registered, 3 required.
2023-05-04 21:54:19,648 [EventQueue-NodeRegistrationContainerReportForContainerSafeModeRule] INFO  safemode.SCMSafeModeManager (SCMSafeModeManager.java:validateSafeModeExitRules(200)) - ContainerSafeModeRule rule is successfully validated
2023-05-04 21:54:19,668 [RatisPipelineUtilsThread - 0] INFO  pipeline.RatisPipelineProvider (RatisPipelineProvider.java:lambda$create$0(206)) - Sending CreatePipelineCommand for pipeline:PipelineID=366ac001-db4b-43df-955f-ca8807347f24 to datanode:e0862bec-a8bd-48ad-a9f8-bef0c155c835
2023-05-04 21:54:19,668 [EventQueue-PipelineReportForOneReplicaPipelineSafeModeRule] INFO  safemode.SCMSafeModeManager (SCMSafeModeManager.java:validateSafeModeExitRules(200)) - AtleastOneDatanodeReportedRule rule is successfully validated
2023-05-04 21:54:19,682 [RatisPipelineUtilsThread - 0] INFO  pipeline.PipelineStateManagerImpl (PipelineStateManagerImpl.java:addPipeline(103)) - Created pipeline Pipeline[ Id: 366ac001-db4b-43df-955f-ca8807347f24, Nodes: e0862bec-a8bd-48ad-a9f8-bef0c155c835(fv-az133-721.yhipumr4050edinzmvad0xeera.cx.internal.cloudapp.net/10.1.0.44), ReplicationConfig: RATIS/ONE, State:ALLOCATED, leaderId:, CreationTimestamp2023-05-04T21:54:19.667Z[Etc/UTC]].
2023-05-04 21:54:19,687 [Thread-313] INFO  ozoneimpl.ContainerReader (ContainerReader.java:readVolume(175)) - Finish verifying containers on volume /home/runner/work/ozone/ozone/hadoop-ozone/integration-test/target/test-dir/MiniOzoneClusterImpl-52a188dd-66b8-45b2-ab7c-675c0ee04825/datanode-10/data-0/containers/hdds
2023-05-04 21:54:19,688 [Listener at 127.0.0.1/45425] INFO  ozoneimpl.OzoneContainer (OzoneContainer.java:buildContainerSet(303)) - Build ContainerSet costs 0s
2023-05-04 21:54:19,691 [Listener at 127.0.0.1/45425] INFO  server.RaftServer (ConfUtils.java:logGet(46)) - raft.rpc.type = GRPC (default)
2023-05-04 21:54:19,692 [Listener at 127.0.0.1/45425] INFO  grpc.GrpcConfigKeys (ConfUtils.java:logFallback(53)) - raft.grpc.admin.host = null (fallback to raft.grpc.server.host)
2023-05-04 21:54:19,692 [Listener at 127.0.0.1/45425] INFO  grpc.GrpcConfigKeys (ConfUtils.java:logGet(46)) - raft.grpc.admin.port = 0 (custom)
2023-05-04 21:54:19,692 [Listener at 127.0.0.1/45425] INFO  grpc.GrpcConfigKeys (ConfUtils.java:logFallback(53)) - raft.grpc.client.host = null (fallback to raft.grpc.server.host)
2023-05-04 21:54:19,692 [Listener at 127.0.0.1/45425] INFO  grpc.GrpcConfigKeys (ConfUtils.java:logGet(46)) - raft.grpc.client.port = 0 (custom)
2023-05-04 21:54:19,692 [Listener at 127.0.0.1/45425] INFO  grpc.GrpcConfigKeys (ConfUtils.java:logGet(46)) - raft.grpc.server.host = null (default)
2023-05-04 21:54:19,692 [Listener at 127.0.0.1/45425] INFO  grpc.GrpcConfigKeys (ConfUtils.java:logGet(46)) - raft.grpc.server.port = 0 (default)
2023-05-04 21:54:19,692 [Listener at 127.0.0.1/45425] INFO  server.GrpcService (ConfUtils.java:logGet(46)) - raft.grpc.message.size.max = 32MB (=33554432) (custom)
2023-05-04 21:54:19,693 [Listener at 127.0.0.1/45425] INFO  server.RaftServerConfigKeys (ConfUtils.java:logGet(46)) - raft.server.log.appender.buffer.byte-limit = 33554432 (custom)
2023-05-04 21:54:19,693 [Listener at 127.0.0.1/45425] INFO  server.GrpcService (ConfUtils.java:logGet(46)) - raft.grpc.flow.control.window = 5MB (=5242880) (custom)
2023-05-04 21:54:19,693 [Listener at 127.0.0.1/45425] INFO  server.RaftServerConfigKeys (ConfUtils.java:logGet(46)) - raft.server.rpc.request.timeout = 60s (custom)
2023-05-04 21:54:19,693 [Listener at 127.0.0.1/45425] INFO  grpc.GrpcConfigKeys (ConfUtils.java:logGet(46)) - raft.grpc.server.heartbeat.channel = true (default)
2023-05-04 21:54:19,693 [Listener at 127.0.0.1/45425] INFO  grpc.GrpcConfigKeys (ConfUtils.java:logGet(46)) - raft.grpc.server.async.request.thread.pool.cached = true (default)
2023-05-04 21:54:19,693 [Listener at 127.0.0.1/45425] INFO  grpc.GrpcConfigKeys (ConfUtils.java:logGet(46)) - raft.grpc.server.async.request.thread.pool.size = 32 (default)
2023-05-04 21:54:19,695 [Listener at 127.0.0.1/45425] INFO  impl.DataStreamServerImpl (ConfUtils.java:logGet(46)) - raft.datastream.type = NETTY (custom)
2023-05-04 21:54:19,695 [Listener at 127.0.0.1/45425] INFO  server.RaftServerConfigKeys (ConfUtils.java:logGet(46)) - raft.server.data-stream.async.request.thread.pool.cached = false (default)
2023-05-04 21:54:19,695 [Listener at 127.0.0.1/45425] INFO  server.RaftServerConfigKeys (ConfUtils.java:logGet(46)) - raft.server.data-stream.async.request.thread.pool.size = 20 (custom)
2023-05-04 21:54:19,696 [Listener at 127.0.0.1/45425] INFO  server.RaftServerConfigKeys (ConfUtils.java:logGet(46)) - raft.server.data-stream.async.write.thread.pool.size = 16 (default)
2023-05-04 21:54:19,696 [Listener at 127.0.0.1/45425] INFO  server.RaftServerConfigKeys (ConfUtils.java:logGet(46)) - raft.server.data-stream.client.pool.size = 10 (default)
2023-05-04 21:54:19,696 [Listener at 127.0.0.1/45425] INFO  netty.NettyConfigKeys$DataStream (ConfUtils.java:logGet(46)) - raft.netty.dataStream.server.use-epoll = false (default)
2023-05-04 21:54:19,696 [Listener at 127.0.0.1/45425] INFO  netty.NettyConfigKeys$DataStream (ConfUtils.java:logGet(46)) - raft.netty.dataStream.server.boss-group.size = 0 (default)
2023-05-04 21:54:19,696 [Listener at 127.0.0.1/45425] INFO  netty.NettyConfigKeys$DataStream (ConfUtils.java:logGet(46)) - raft.netty.dataStream.server.worker-group.size = 0 (default)
2023-05-04 21:54:19,697 [Listener at 127.0.0.1/45425] INFO  netty.NettyConfigKeys$DataStream (ConfUtils.java:logGet(46)) - raft.netty.dataStream.server.tls.conf = null (default)
2023-05-04 21:54:19,697 [Listener at 127.0.0.1/45425] INFO  netty.NettyConfigKeys$DataStream (ConfUtils.java:logGet(46)) - raft.netty.dataStream.host = null (default)
2023-05-04 21:54:19,697 [Listener at 127.0.0.1/45425] INFO  netty.NettyConfigKeys$DataStream (ConfUtils.java:logGet(46)) - raft.netty.dataStream.port = 0 (default)
2023-05-04 21:54:19,698 [Listener at 127.0.0.1/45425] INFO  server.RaftServerConfigKeys (ConfUtils.java:logGet(46)) - raft.server.threadpool.proxy.cached = true (default)
2023-05-04 21:54:19,699 [Listener at 127.0.0.1/45425] INFO  server.RaftServerConfigKeys (ConfUtils.java:logGet(46)) - raft.server.threadpool.proxy.size = 0 (default)
2023-05-04 21:54:19,700 [Listener at 127.0.0.1/45425] INFO  server.RaftServerConfigKeys (ConfUtils.java:logGet(46)) - raft.server.rpc.slowness.timeout = 300s (custom)
2023-05-04 21:54:19,700 [Listener at 127.0.0.1/45425] INFO  server.RaftServerConfigKeys (ConfUtils.java:logGet(46)) - raft.server.leaderelection.leader.step-down.wait-time = 10s (default)
2023-05-04 21:54:19,701 [Listener at 127.0.0.1/45425] INFO  server.RaftServerConfigKeys (ConfUtils.java:logGet(46)) - raft.server.storage.dir = [/home/runner/work/ozone/ozone/hadoop-ozone/integration-test/target/test-dir/MiniOzoneClusterImpl-52a188dd-66b8-45b2-ab7c-675c0ee04825/datanode-10/data/ratis] (custom)
2023-05-04 21:54:19,702 [0362f5ef-3c15-4b85-bfd5-7911b45f7638-NettyServerStreamRpc-bossGroup--thread1] INFO  logging.LoggingHandler (AbstractInternalLogger.java:log(148)) - [id: 0xc063eefc] REGISTERED
2023-05-04 21:54:19,702 [0362f5ef-3c15-4b85-bfd5-7911b45f7638-NettyServerStreamRpc-bossGroup--thread1] INFO  logging.LoggingHandler (AbstractInternalLogger.java:log(148)) - [id: 0xc063eefc] BIND: 0.0.0.0/0.0.0.0:0
2023-05-04 21:54:19,704 [0362f5ef-3c15-4b85-bfd5-7911b45f7638-NettyServerStreamRpc-bossGroup--thread1] INFO  logging.LoggingHandler (AbstractInternalLogger.java:log(148)) - [id: 0xc063eefc, L:/0:0:0:0:0:0:0:0:37891] ACTIVE
2023-05-04 21:54:19,706 [Listener at 127.0.0.1/45425] INFO  server.XceiverServerGrpc (XceiverServerGrpc.java:<init>(132)) - GrpcServer channel type EpollServerSocketChannel
2023-05-04 21:54:19,709 [Listener at 127.0.0.1/45425] INFO  replication.ReplicationSupervisor (ReplicationSupervisor.java:nodeStateUpdated(290)) - Node state updated to IN_SERVICE, scaling executor pool size to 10
2023-05-04 21:54:19,710 [Listener at 127.0.0.1/45425] INFO  http.BaseHttpServer (BaseHttpServer.java:newHttpServer2BuilderForOzone(224)) - Starting Web-server for hddsDatanode at: http://0.0.0.0:0
2023-05-04 21:54:19,710 [Listener at 127.0.0.1/45425] INFO  http.BaseHttpServer (BaseHttpServer.java:<init>(111)) - Hadoop Security Enabled: false Ozone Security Enabled: false Ozone HTTP Security Enabled: false 
2023-05-04 21:54:19,712 [Listener at 127.0.0.1/45425] WARN  server.AuthenticationFilter (AuthenticationFilter.java:constructSecretProvider(240)) - Unable to initialize FileSignerSecretProvider, falling back to use random secrets. Reason: Could not read signature secret file: /home/runner/hadoop-http-auth-signature-secret
2023-05-04 21:54:19,712 [Listener at 127.0.0.1/45425] INFO  http.HttpRequestLog (HttpRequestLog.java:getRequestLog(86)) - Http request log for http.requests.hddsDatanode is not defined
2023-05-04 21:54:19,714 [Listener at 127.0.0.1/45425] INFO  http.HttpServer2 (HttpServer2.java:addGlobalFilter(1031)) - Added global filter 'safety' (class=org.apache.hadoop.hdds.server.http.HttpServer2$QuotingInputFilter)
2023-05-04 21:54:19,714 [Listener at 127.0.0.1/45425] INFO  http.HttpServer2 (HttpServer2.java:addFilter(1007)) - Added filter static_user_filter (class=org.apache.hadoop.http.lib.StaticUserWebFilter$StaticUserFilter) to context hddsDatanode
2023-05-04 21:54:19,715 [Listener at 127.0.0.1/45425] INFO  http.HttpServer2 (HttpServer2.java:addFilter(1015)) - Added filter static_user_filter (class=org.apache.hadoop.http.lib.StaticUserWebFilter$StaticUserFilter) to context logs
2023-05-04 21:54:19,715 [Listener at 127.0.0.1/45425] INFO  http.HttpServer2 (HttpServer2.java:addFilter(1015)) - Added filter static_user_filter (class=org.apache.hadoop.http.lib.StaticUserWebFilter$StaticUserFilter) to context static
2023-05-04 21:54:19,715 [Listener at 127.0.0.1/45425] INFO  http.BaseHttpServer (BaseHttpServer.java:<init>(190)) - HTTP server of hddsDatanode uses base directory /home/runner/work/ozone/ozone/hadoop-ozone/integration-test/target/test-dir/MiniOzoneClusterImpl-52a188dd-66b8-45b2-ab7c-675c0ee04825/datanode-10/meta/webserver
2023-05-04 21:54:19,716 [Listener at 127.0.0.1/45425] INFO  http.HttpServer2 (HttpServer2.java:bindListener(1250)) - Jetty bound to port 41133
2023-05-04 21:54:19,716 [Listener at 127.0.0.1/45425] INFO  server.Server (Server.java:doStart(375)) - jetty-9.4.51.v20230217; built: 2023-02-17T08:19:37.309Z; git: b45c405e4544384de066f814ed42ae3dceacdd49; jvm 1.8.0_362-b09
2023-05-04 21:54:19,722 [Listener at 127.0.0.1/45425] INFO  server.session (DefaultSessionIdManager.java:doStart(334)) - DefaultSessionIdManager workerName=node0
2023-05-04 21:54:19,723 [Listener at 127.0.0.1/45425] INFO  server.session (DefaultSessionIdManager.java:doStart(339)) - No SessionScavenger set, using defaults
2023-05-04 21:54:19,723 [Listener at 127.0.0.1/45425] INFO  server.session (HouseKeeper.java:startScavenging(132)) - node0 Scavenging every 600000ms
2023-05-04 21:54:19,724 [Listener at 127.0.0.1/45425] INFO  handler.ContextHandler (ContextHandler.java:doStart(921)) - Started o.e.j.s.ServletContextHandler@229b9d2f{logs,/logs,file:///home/runner/work/ozone/ozone/hadoop-ozone/integration-test/target/log,AVAILABLE}
2023-05-04 21:54:19,724 [Listener at 127.0.0.1/45425] INFO  handler.ContextHandler (ContextHandler.java:doStart(921)) - Started o.e.j.s.ServletContextHandler@438aa2d2{static,/static,jar:file:/home/runner/.m2/repository/org/apache/ozone/hdds-container-service/1.4.0-SNAPSHOT/hdds-container-service-1.4.0-SNAPSHOT.jar!/webapps/static,AVAILABLE}
2023-05-04 21:54:19,805 [EndpointStateMachine task thread for /0.0.0.0:35509 - 0 ] INFO  utils.DatanodeStoreCache (DatanodeStoreCache.java:addDB(58)) - Added db /home/runner/work/ozone/ozone/hadoop-ozone/integration-test/target/test-dir/MiniOzoneClusterImpl-52a188dd-66b8-45b2-ab7c-675c0ee04825/datanode-5/data-0/containers/hdds/52a188dd-66b8-45b2-ab7c-675c0ee04825/DS-1e43b138-ef9b-4edb-bb7f-3bd707496caf/container.db to cache
2023-05-04 21:54:19,805 [EndpointStateMachine task thread for /0.0.0.0:35509 - 0 ] INFO  volume.HddsVolume (HddsVolume.java:createDbStore(350)) - SchemaV3 db is created and loaded at /home/runner/work/ozone/ozone/hadoop-ozone/integration-test/target/test-dir/MiniOzoneClusterImpl-52a188dd-66b8-45b2-ab7c-675c0ee04825/datanode-5/data-0/containers/hdds/52a188dd-66b8-45b2-ab7c-675c0ee04825/DS-1e43b138-ef9b-4edb-bb7f-3bd707496caf/container.db for volume DS-1e43b138-ef9b-4edb-bb7f-3bd707496caf
2023-05-04 21:54:19,806 [EndpointStateMachine task thread for /0.0.0.0:35509 - 0 ] INFO  ozoneimpl.OzoneContainer (OzoneContainer.java:start(397)) - Attempting to start container services.
2023-05-04 21:54:19,806 [EndpointStateMachine task thread for /0.0.0.0:35509 - 0 ] INFO  ozoneimpl.OzoneContainer (OzoneContainer.java:startContainerScrub(314)) - Scheduled background container scanners and the on-demand container scanner have been disabled.
2023-05-04 21:54:19,810 [EndpointStateMachine task thread for /0.0.0.0:35509 - 0 ] INFO  replication.ReplicationServer (ReplicationServer.java:start(109)) - ReplicationServer is started using port 41873
2023-05-04 21:54:19,810 [EndpointStateMachine task thread for /0.0.0.0:35509 - 0 ] INFO  ratis.XceiverServerRatis (XceiverServerRatis.java:start(517)) - Starting XceiverServerRatis dbf01856-92cd-4f2e-80e3-f7bd7f97e610
2023-05-04 21:54:19,822 [EndpointStateMachine task thread for /0.0.0.0:35509 - 0 ] INFO  server.RaftServer (RaftServerProxy.java:startImpl(393)) - dbf01856-92cd-4f2e-80e3-f7bd7f97e610: start RPC server
2023-05-04 21:54:19,828 [EndpointStateMachine task thread for /0.0.0.0:35509 - 0 ] INFO  server.GrpcService (GrpcService.java:startImpl(262)) - dbf01856-92cd-4f2e-80e3-f7bd7f97e610: GrpcService started, listening on 43433
2023-05-04 21:54:19,829 [EndpointStateMachine task thread for /0.0.0.0:35509 - 0 ] INFO  ratis.XceiverServerRatis (XceiverServerRatis.java:getRealPort(543)) - XceiverServerRatis dbf01856-92cd-4f2e-80e3-f7bd7f97e610 is started using port 43433 for RATIS
2023-05-04 21:54:19,829 [EndpointStateMachine task thread for /0.0.0.0:35509 - 0 ] INFO  ratis.XceiverServerRatis (XceiverServerRatis.java:getRealPort(543)) - XceiverServerRatis dbf01856-92cd-4f2e-80e3-f7bd7f97e610 is started using port 43433 for RATIS_ADMIN
2023-05-04 21:54:19,829 [EndpointStateMachine task thread for /0.0.0.0:35509 - 0 ] INFO  ratis.XceiverServerRatis (XceiverServerRatis.java:getRealPort(543)) - XceiverServerRatis dbf01856-92cd-4f2e-80e3-f7bd7f97e610 is started using port 43433 for RATIS_SERVER
2023-05-04 21:54:19,829 [EndpointStateMachine task thread for /0.0.0.0:35509 - 0 ] INFO  ratis.XceiverServerRatis (XceiverServerRatis.java:getRealPort(543)) - XceiverServerRatis dbf01856-92cd-4f2e-80e3-f7bd7f97e610 is started using port 34049 for RATIS_DATASTREAM
2023-05-04 21:54:19,829 [JvmPauseMonitor6] INFO  util.JvmPauseMonitor (JvmPauseMonitor.java:run(105)) - JvmPauseMonitor-dbf01856-92cd-4f2e-80e3-f7bd7f97e610: Started
2023-05-04 21:54:19,833 [EndpointStateMachine task thread for /0.0.0.0:35509 - 0 ] INFO  server.XceiverServerGrpc (XceiverServerGrpc.java:start(180)) - XceiverServerGrpc dbf01856-92cd-4f2e-80e3-f7bd7f97e610 is started using port 38437
2023-05-04 21:54:19,838 [BlockDeletingService#0] INFO  interfaces.ContainerDeletionChoosingPolicyTemplate (ContainerDeletionChoosingPolicyTemplate.java:chooseContainerForBlockDeletion(83)) - Chosen 0/5000 blocks from 0 candidate containers.
2023-05-04 21:54:19,953 [Listener at 127.0.0.1/45425] INFO  handler.ContextHandler (ContextHandler.java:doStart(921)) - Started o.e.j.w.WebAppContext@395a2458{hddsDatanode,/,file:///home/runner/work/ozone/ozone/hadoop-ozone/integration-test/target/test-dir/MiniOzoneClusterImpl-52a188dd-66b8-45b2-ab7c-675c0ee04825/datanode-10/meta/webserver/jetty-0_0_0_0-41133-hdds-container-service-1_4_0-SNAPSHOT_jar-_-any-4913834815365688823/webapp/,AVAILABLE}{jar:file:/home/runner/.m2/repository/org/apache/ozone/hdds-container-service/1.4.0-SNAPSHOT/hdds-container-service-1.4.0-SNAPSHOT.jar!/webapps/hddsDatanode}
2023-05-04 21:54:19,956 [Listener at 127.0.0.1/45425] INFO  server.AbstractConnector (AbstractConnector.java:doStart(333)) - Started ServerConnector@62589edd{HTTP/1.1, (http/1.1)}{0.0.0.0:41133}
2023-05-04 21:54:19,956 [Listener at 127.0.0.1/45425] INFO  server.Server (Server.java:doStart(415)) - Started @13760ms
2023-05-04 21:54:19,957 [Listener at 127.0.0.1/45425] WARN  impl.MetricsSystemImpl (MetricsSystemImpl.java:register(279)) - Sink prometheus already exists!
2023-05-04 21:54:19,957 [Listener at 127.0.0.1/45425] INFO  http.BaseHttpServer (BaseHttpServer.java:updateConnectorAddress(344)) - HTTP server of hddsDatanode listening at http://0.0.0.0:41133
2023-05-04 21:54:19,958 [Listener at 127.0.0.1/45425] WARN  impl.MetricRegistriesImpl (MetricRegistriesImpl.java:addReporterRegistration(111)) - New reporters are added after registries were created. Some metrics will be missing from the reporter. Please add reporter before adding any new registry.
2023-05-04 21:54:19,958 [Listener at 127.0.0.1/45425] WARN  impl.MetricRegistriesImpl (MetricRegistriesImpl.java:addReporterRegistration(111)) - New reporters are added after registries were created. Some metrics will be missing from the reporter. Please add reporter before adding any new registry.
2023-05-04 21:54:19,958 [Listener at 127.0.0.1/45425] INFO  impl.MetricsSystemImpl (MetricsSystemImpl.java:init(158)) - HddsDatanode metrics system started (again)
2023-05-04 21:54:19,959 [Datanode State Machine Daemon Thread] INFO  statemachine.DatanodeStateMachine (DatanodeStateMachine.java:lambda$startDaemon$0(524)) - Ozone container server started.
2023-05-04 21:54:19,974 [org.apache.hadoop.util.JvmPauseMonitor$Monitor@33161dfa] INFO  util.JvmPauseMonitor (JvmPauseMonitor.java:run(188)) - Starting JVM pause monitor
2023-05-04 21:54:19,978 [Listener at 127.0.0.1/45425] INFO  ozone.HddsDatanodeService (HddsDatanodeService.java:start(252)) - HddsDatanodeService host:fv-az133-721.yhipumr4050edinzmvad0xeera.cx.internal.cloudapp.net ip:10.1.0.44
2023-05-04 21:54:19,983 [Datanode State Machine Task Thread - 0] INFO  datanode.InitDatanodeState (InitDatanodeState.java:persistContainerDatanodeDetails(138)) - DatanodeDetails is persisted to /home/runner/work/ozone/ozone/hadoop-ozone/integration-test/target/test-dir/MiniOzoneClusterImpl-52a188dd-66b8-45b2-ab7c-675c0ee04825/datanode-10/meta/datanode.id
2023-05-04 21:54:20,002 [Listener at 127.0.0.1/45425] INFO  upgrade.AbstractLayoutVersionManager (AbstractLayoutVersionManager.java:init(83)) - Initializing Layout version manager with metadata layout = WEBUI_PORTS_IN_DATANODEDETAILS (version = 6), software layout = WEBUI_PORTS_IN_DATANODEDETAILS (version = 6)
2023-05-04 21:54:20,094 [Listener at 127.0.0.1/45425] INFO  reflections.Reflections (Reflections.java:scan(232)) - Reflections took 90 ms to scan 7 urls, producing 156 keys and 369 values 
2023-05-04 21:54:20,100 [Listener at 127.0.0.1/45425] INFO  statemachine.DatanodeStateMachine (DatanodeStateMachine.java:getEndPointTaskThreadPoolSize(267)) - Datanode State Machine Task Thread Pool size 2
2023-05-04 21:54:20,102 [IPC Server handler 3 on default port 35509] INFO  net.NetworkTopologyImpl (NetworkTopologyImpl.java:add(112)) - Added a new node: /default-rack/4332e2d2-7bb6-4f7e-906a-de641ae4498f
2023-05-04 21:54:20,102 [IPC Server handler 3 on default port 35509] INFO  node.SCMNodeManager (SCMNodeManager.java:register(407)) - Registered Data node : 4332e2d2-7bb6-4f7e-906a-de641ae4498f{ip: 10.1.0.44, host: fv-az133-721.yhipumr4050edinzmvad0xeera.cx.internal.cloudapp.net, ports: [HTTP=44751, REPLICATION=34361, RATIS=41005, RATIS_ADMIN=41005, RATIS_SERVER=41005, RATIS_DATASTREAM=36391, STANDALONE=45657], networkLocation: /default-rack, certSerialId: null, persistedOpState: null, persistedOpStateExpiryEpochSec: 0}
2023-05-04 21:54:20,103 [EventQueue-NewNodeForNewNodeHandler] INFO  pipeline.BackgroundPipelineCreator (BackgroundPipelineCreator.java:notifyEventTriggered(276)) - trigger a one-shot run on RatisPipelineUtilsThread.
2023-05-04 21:54:20,103 [EventQueue-NodeRegistrationContainerReportForDataNodeSafeModeRule] INFO  safemode.SCMSafeModeManager (DataNodeSafeModeRule.java:process(71)) - SCM in safe mode. 2 DataNodes registered, 3 required.
2023-05-04 21:54:20,105 [RatisPipelineUtilsThread - 0] INFO  pipeline.RatisPipelineProvider (RatisPipelineProvider.java:lambda$create$0(206)) - Sending CreatePipelineCommand for pipeline:PipelineID=12d30ea2-0efb-49f7-a767-720ae4798217 to datanode:4332e2d2-7bb6-4f7e-906a-de641ae4498f
2023-05-04 21:54:20,108 [Listener at 127.0.0.1/45425] INFO  volume.HddsVolume (HddsVolume.java:<init>(130)) - Creating HddsVolume: /home/runner/work/ozone/ozone/hadoop-ozone/integration-test/target/test-dir/MiniOzoneClusterImpl-52a188dd-66b8-45b2-ab7c-675c0ee04825/datanode-11/data-0/containers/hdds of storage type : DISK capacity : 9223372036854775807
2023-05-04 21:54:20,108 [Listener at 127.0.0.1/45425] INFO  volume.MutableVolumeSet (MutableVolumeSet.java:initializeVolumeSet(175)) - Added Volume : /home/runner/work/ozone/ozone/hadoop-ozone/integration-test/target/test-dir/MiniOzoneClusterImpl-52a188dd-66b8-45b2-ab7c-675c0ee04825/datanode-11/data-0/containers/hdds to VolumeSet
2023-05-04 21:54:20,109 [Listener at 127.0.0.1/45425] INFO  volume.ThrottledAsyncChecker (ThrottledAsyncChecker.java:schedule(141)) - Scheduling a check for /home/runner/work/ozone/ozone/hadoop-ozone/integration-test/target/test-dir/MiniOzoneClusterImpl-52a188dd-66b8-45b2-ab7c-675c0ee04825/datanode-11/data-0/containers/hdds
2023-05-04 21:54:20,109 [Listener at 127.0.0.1/45425] INFO  volume.StorageVolumeChecker (StorageVolumeChecker.java:checkAllVolumes(202)) - Scheduled health check for volume /home/runner/work/ozone/ozone/hadoop-ozone/integration-test/target/test-dir/MiniOzoneClusterImpl-52a188dd-66b8-45b2-ab7c-675c0ee04825/datanode-11/data-0/containers/hdds
2023-05-04 21:54:20,110 [RatisPipelineUtilsThread - 0] INFO  pipeline.PipelineStateManagerImpl (PipelineStateManagerImpl.java:addPipeline(103)) - Created pipeline Pipeline[ Id: 12d30ea2-0efb-49f7-a767-720ae4798217, Nodes: 4332e2d2-7bb6-4f7e-906a-de641ae4498f(fv-az133-721.yhipumr4050edinzmvad0xeera.cx.internal.cloudapp.net/10.1.0.44), ReplicationConfig: RATIS/ONE, State:ALLOCATED, leaderId:, CreationTimestamp2023-05-04T21:54:20.105Z[Etc/UTC]].
2023-05-04 21:54:20,122 [Listener at 127.0.0.1/45425] INFO  volume.MutableVolumeSet (MutableVolumeSet.java:initializeVolumeSet(175)) - Added Volume : /home/runner/work/ozone/ozone/hadoop-ozone/integration-test/target/test-dir/MiniOzoneClusterImpl-52a188dd-66b8-45b2-ab7c-675c0ee04825/datanode-11/data/ratis to VolumeSet
2023-05-04 21:54:20,122 [Listener at 127.0.0.1/45425] INFO  volume.ThrottledAsyncChecker (ThrottledAsyncChecker.java:schedule(141)) - Scheduling a check for /home/runner/work/ozone/ozone/hadoop-ozone/integration-test/target/test-dir/MiniOzoneClusterImpl-52a188dd-66b8-45b2-ab7c-675c0ee04825/datanode-11/data/ratis
2023-05-04 21:54:20,122 [Listener at 127.0.0.1/45425] INFO  volume.StorageVolumeChecker (StorageVolumeChecker.java:checkAllVolumes(202)) - Scheduled health check for volume /home/runner/work/ozone/ozone/hadoop-ozone/integration-test/target/test-dir/MiniOzoneClusterImpl-52a188dd-66b8-45b2-ab7c-675c0ee04825/datanode-11/data/ratis
2023-05-04 21:54:20,134 [Thread-332] INFO  ozoneimpl.ContainerReader (ContainerReader.java:readVolume(175)) - Finish verifying containers on volume /home/runner/work/ozone/ozone/hadoop-ozone/integration-test/target/test-dir/MiniOzoneClusterImpl-52a188dd-66b8-45b2-ab7c-675c0ee04825/datanode-11/data-0/containers/hdds
2023-05-04 21:54:20,134 [Listener at 127.0.0.1/45425] INFO  ozoneimpl.OzoneContainer (OzoneContainer.java:buildContainerSet(303)) - Build ContainerSet costs 0s
2023-05-04 21:54:20,137 [Listener at 127.0.0.1/45425] INFO  server.RaftServer (ConfUtils.java:logGet(46)) - raft.rpc.type = GRPC (default)
2023-05-04 21:54:20,138 [Listener at 127.0.0.1/45425] INFO  grpc.GrpcConfigKeys (ConfUtils.java:logFallback(53)) - raft.grpc.admin.host = null (fallback to raft.grpc.server.host)
2023-05-04 21:54:20,138 [Listener at 127.0.0.1/45425] INFO  grpc.GrpcConfigKeys (ConfUtils.java:logGet(46)) - raft.grpc.admin.port = 0 (custom)
2023-05-04 21:54:20,138 [Listener at 127.0.0.1/45425] INFO  grpc.GrpcConfigKeys (ConfUtils.java:logFallback(53)) - raft.grpc.client.host = null (fallback to raft.grpc.server.host)
2023-05-04 21:54:20,138 [Listener at 127.0.0.1/45425] INFO  grpc.GrpcConfigKeys (ConfUtils.java:logGet(46)) - raft.grpc.client.port = 0 (custom)
2023-05-04 21:54:20,138 [Listener at 127.0.0.1/45425] INFO  grpc.GrpcConfigKeys (ConfUtils.java:logGet(46)) - raft.grpc.server.host = null (default)
2023-05-04 21:54:20,138 [Listener at 127.0.0.1/45425] INFO  grpc.GrpcConfigKeys (ConfUtils.java:logGet(46)) - raft.grpc.server.port = 0 (default)
2023-05-04 21:54:20,138 [Listener at 127.0.0.1/45425] INFO  server.GrpcService (ConfUtils.java:logGet(46)) - raft.grpc.message.size.max = 32MB (=33554432) (custom)
2023-05-04 21:54:20,138 [Listener at 127.0.0.1/45425] INFO  server.RaftServerConfigKeys (ConfUtils.java:logGet(46)) - raft.server.log.appender.buffer.byte-limit = 33554432 (custom)
2023-05-04 21:54:20,139 [Listener at 127.0.0.1/45425] INFO  server.GrpcService (ConfUtils.java:logGet(46)) - raft.grpc.flow.control.window = 5MB (=5242880) (custom)
2023-05-04 21:54:20,139 [Listener at 127.0.0.1/45425] INFO  server.RaftServerConfigKeys (ConfUtils.java:logGet(46)) - raft.server.rpc.request.timeout = 60s (custom)
2023-05-04 21:54:20,139 [Listener at 127.0.0.1/45425] INFO  grpc.GrpcConfigKeys (ConfUtils.java:logGet(46)) - raft.grpc.server.heartbeat.channel = true (default)
2023-05-04 21:54:20,139 [Listener at 127.0.0.1/45425] INFO  grpc.GrpcConfigKeys (ConfUtils.java:logGet(46)) - raft.grpc.server.async.request.thread.pool.cached = true (default)
2023-05-04 21:54:20,139 [Listener at 127.0.0.1/45425] INFO  grpc.GrpcConfigKeys (ConfUtils.java:logGet(46)) - raft.grpc.server.async.request.thread.pool.size = 32 (default)
2023-05-04 21:54:20,141 [Listener at 127.0.0.1/45425] INFO  impl.DataStreamServerImpl (ConfUtils.java:logGet(46)) - raft.datastream.type = NETTY (custom)
2023-05-04 21:54:20,141 [Listener at 127.0.0.1/45425] INFO  server.RaftServerConfigKeys (ConfUtils.java:logGet(46)) - raft.server.data-stream.async.request.thread.pool.cached = false (default)
2023-05-04 21:54:20,141 [Listener at 127.0.0.1/45425] INFO  server.RaftServerConfigKeys (ConfUtils.java:logGet(46)) - raft.server.data-stream.async.request.thread.pool.size = 20 (custom)
2023-05-04 21:54:20,141 [Listener at 127.0.0.1/45425] INFO  server.RaftServerConfigKeys (ConfUtils.java:logGet(46)) - raft.server.data-stream.async.write.thread.pool.size = 16 (default)
2023-05-04 21:54:20,142 [Listener at 127.0.0.1/45425] INFO  server.RaftServerConfigKeys (ConfUtils.java:logGet(46)) - raft.server.data-stream.client.pool.size = 10 (default)
2023-05-04 21:54:20,142 [Listener at 127.0.0.1/45425] INFO  netty.NettyConfigKeys$DataStream (ConfUtils.java:logGet(46)) - raft.netty.dataStream.server.use-epoll = false (default)
2023-05-04 21:54:20,142 [Listener at 127.0.0.1/45425] INFO  netty.NettyConfigKeys$DataStream (ConfUtils.java:logGet(46)) - raft.netty.dataStream.server.boss-group.size = 0 (default)
2023-05-04 21:54:20,162 [Listener at 127.0.0.1/45425] INFO  netty.NettyConfigKeys$DataStream (ConfUtils.java:logGet(46)) - raft.netty.dataStream.server.worker-group.size = 0 (default)
2023-05-04 21:54:20,162 [Listener at 127.0.0.1/45425] INFO  netty.NettyConfigKeys$DataStream (ConfUtils.java:logGet(46)) - raft.netty.dataStream.server.tls.conf = null (default)
2023-05-04 21:54:20,162 [Listener at 127.0.0.1/45425] INFO  netty.NettyConfigKeys$DataStream (ConfUtils.java:logGet(46)) - raft.netty.dataStream.host = null (default)
2023-05-04 21:54:20,163 [Listener at 127.0.0.1/45425] INFO  netty.NettyConfigKeys$DataStream (ConfUtils.java:logGet(46)) - raft.netty.dataStream.port = 0 (default)
2023-05-04 21:54:20,163 [Listener at 127.0.0.1/45425] INFO  server.RaftServerConfigKeys (ConfUtils.java:logGet(46)) - raft.server.threadpool.proxy.cached = true (default)
2023-05-04 21:54:20,165 [Listener at 127.0.0.1/45425] INFO  server.RaftServerConfigKeys (ConfUtils.java:logGet(46)) - raft.server.threadpool.proxy.size = 0 (default)
2023-05-04 21:54:20,166 [ba9b7234-19ea-40e1-bb60-95fa157c93f0-NettyServerStreamRpc-bossGroup--thread1] INFO  logging.LoggingHandler (AbstractInternalLogger.java:log(148)) - [id: 0x91c21218] REGISTERED
2023-05-04 21:54:20,166 [Listener at 127.0.0.1/45425] INFO  server.RaftServerConfigKeys (ConfUtils.java:logGet(46)) - raft.server.rpc.slowness.timeout = 300s (custom)
2023-05-04 21:54:20,166 [Listener at 127.0.0.1/45425] INFO  server.RaftServerConfigKeys (ConfUtils.java:logGet(46)) - raft.server.leaderelection.leader.step-down.wait-time = 10s (default)
2023-05-04 21:54:20,167 [Listener at 127.0.0.1/45425] INFO  server.RaftServerConfigKeys (ConfUtils.java:logGet(46)) - raft.server.storage.dir = [/home/runner/work/ozone/ozone/hadoop-ozone/integration-test/target/test-dir/MiniOzoneClusterImpl-52a188dd-66b8-45b2-ab7c-675c0ee04825/datanode-11/data/ratis] (custom)
2023-05-04 21:54:20,167 [ba9b7234-19ea-40e1-bb60-95fa157c93f0-NettyServerStreamRpc-bossGroup--thread1] INFO  logging.LoggingHandler (AbstractInternalLogger.java:log(148)) - [id: 0x91c21218] BIND: 0.0.0.0/0.0.0.0:0
2023-05-04 21:54:20,167 [ba9b7234-19ea-40e1-bb60-95fa157c93f0-NettyServerStreamRpc-bossGroup--thread1] INFO  logging.LoggingHandler (AbstractInternalLogger.java:log(148)) - [id: 0x91c21218, L:/0:0:0:0:0:0:0:0:46499] ACTIVE
2023-05-04 21:54:20,169 [Listener at 127.0.0.1/45425] INFO  server.XceiverServerGrpc (XceiverServerGrpc.java:<init>(132)) - GrpcServer channel type EpollServerSocketChannel
2023-05-04 21:54:20,171 [Listener at 127.0.0.1/45425] INFO  replication.ReplicationSupervisor (ReplicationSupervisor.java:nodeStateUpdated(290)) - Node state updated to IN_SERVICE, scaling executor pool size to 10
2023-05-04 21:54:20,173 [Listener at 127.0.0.1/45425] INFO  http.BaseHttpServer (BaseHttpServer.java:newHttpServer2BuilderForOzone(224)) - Starting Web-server for hddsDatanode at: http://0.0.0.0:0
2023-05-04 21:54:20,173 [Listener at 127.0.0.1/45425] INFO  http.BaseHttpServer (BaseHttpServer.java:<init>(111)) - Hadoop Security Enabled: false Ozone Security Enabled: false Ozone HTTP Security Enabled: false 
2023-05-04 21:54:20,175 [Listener at 127.0.0.1/45425] WARN  server.AuthenticationFilter (AuthenticationFilter.java:constructSecretProvider(240)) - Unable to initialize FileSignerSecretProvider, falling back to use random secrets. Reason: Could not read signature secret file: /home/runner/hadoop-http-auth-signature-secret
2023-05-04 21:54:20,176 [Listener at 127.0.0.1/45425] INFO  http.HttpRequestLog (HttpRequestLog.java:getRequestLog(86)) - Http request log for http.requests.hddsDatanode is not defined
2023-05-04 21:54:20,177 [Listener at 127.0.0.1/45425] INFO  http.HttpServer2 (HttpServer2.java:addGlobalFilter(1031)) - Added global filter 'safety' (class=org.apache.hadoop.hdds.server.http.HttpServer2$QuotingInputFilter)
2023-05-04 21:54:20,178 [Listener at 127.0.0.1/45425] INFO  http.HttpServer2 (HttpServer2.java:addFilter(1007)) - Added filter static_user_filter (class=org.apache.hadoop.http.lib.StaticUserWebFilter$StaticUserFilter) to context hddsDatanode
2023-05-04 21:54:20,178 [Listener at 127.0.0.1/45425] INFO  http.HttpServer2 (HttpServer2.java:addFilter(1015)) - Added filter static_user_filter (class=org.apache.hadoop.http.lib.StaticUserWebFilter$StaticUserFilter) to context static
2023-05-04 21:54:20,178 [Listener at 127.0.0.1/45425] INFO  http.HttpServer2 (HttpServer2.java:addFilter(1015)) - Added filter static_user_filter (class=org.apache.hadoop.http.lib.StaticUserWebFilter$StaticUserFilter) to context logs
2023-05-04 21:54:20,178 [Listener at 127.0.0.1/45425] INFO  http.BaseHttpServer (BaseHttpServer.java:<init>(190)) - HTTP server of hddsDatanode uses base directory /home/runner/work/ozone/ozone/hadoop-ozone/integration-test/target/test-dir/MiniOzoneClusterImpl-52a188dd-66b8-45b2-ab7c-675c0ee04825/datanode-11/meta/webserver
2023-05-04 21:54:20,179 [Listener at 127.0.0.1/45425] INFO  http.HttpServer2 (HttpServer2.java:bindListener(1250)) - Jetty bound to port 43489
2023-05-04 21:54:20,179 [Listener at 127.0.0.1/45425] INFO  server.Server (Server.java:doStart(375)) - jetty-9.4.51.v20230217; built: 2023-02-17T08:19:37.309Z; git: b45c405e4544384de066f814ed42ae3dceacdd49; jvm 1.8.0_362-b09
2023-05-04 21:54:20,180 [Listener at 127.0.0.1/45425] INFO  server.session (DefaultSessionIdManager.java:doStart(334)) - DefaultSessionIdManager workerName=node0
2023-05-04 21:54:20,180 [Listener at 127.0.0.1/45425] INFO  server.session (DefaultSessionIdManager.java:doStart(339)) - No SessionScavenger set, using defaults
2023-05-04 21:54:20,181 [Listener at 127.0.0.1/45425] INFO  server.session (HouseKeeper.java:startScavenging(132)) - node0 Scavenging every 660000ms
2023-05-04 21:54:20,181 [Listener at 127.0.0.1/45425] INFO  handler.ContextHandler (ContextHandler.java:doStart(921)) - Started o.e.j.s.ServletContextHandler@7226ecfb{logs,/logs,file:///home/runner/work/ozone/ozone/hadoop-ozone/integration-test/target/log,AVAILABLE}
2023-05-04 21:54:20,182 [Listener at 127.0.0.1/45425] INFO  handler.ContextHandler (ContextHandler.java:doStart(921)) - Started o.e.j.s.ServletContextHandler@55f90605{static,/static,jar:file:/home/runner/.m2/repository/org/apache/ozone/hdds-container-service/1.4.0-SNAPSHOT/hdds-container-service-1.4.0-SNAPSHOT.jar!/webapps/static,AVAILABLE}
2023-05-04 21:54:20,250 [EndpointStateMachine task thread for /0.0.0.0:35509 - 0 ] INFO  utils.DatanodeStoreCache (DatanodeStoreCache.java:addDB(58)) - Added db /home/runner/work/ozone/ozone/hadoop-ozone/integration-test/target/test-dir/MiniOzoneClusterImpl-52a188dd-66b8-45b2-ab7c-675c0ee04825/datanode-6/data-0/containers/hdds/52a188dd-66b8-45b2-ab7c-675c0ee04825/DS-13542cff-715a-4860-aaf5-1bc8d9359b46/container.db to cache
2023-05-04 21:54:20,250 [EndpointStateMachine task thread for /0.0.0.0:35509 - 0 ] INFO  volume.HddsVolume (HddsVolume.java:createDbStore(350)) - SchemaV3 db is created and loaded at /home/runner/work/ozone/ozone/hadoop-ozone/integration-test/target/test-dir/MiniOzoneClusterImpl-52a188dd-66b8-45b2-ab7c-675c0ee04825/datanode-6/data-0/containers/hdds/52a188dd-66b8-45b2-ab7c-675c0ee04825/DS-13542cff-715a-4860-aaf5-1bc8d9359b46/container.db for volume DS-13542cff-715a-4860-aaf5-1bc8d9359b46
2023-05-04 21:54:20,250 [EndpointStateMachine task thread for /0.0.0.0:35509 - 0 ] INFO  ozoneimpl.OzoneContainer (OzoneContainer.java:start(397)) - Attempting to start container services.
2023-05-04 21:54:20,250 [EndpointStateMachine task thread for /0.0.0.0:35509 - 0 ] INFO  ozoneimpl.OzoneContainer (OzoneContainer.java:startContainerScrub(314)) - Scheduled background container scanners and the on-demand container scanner have been disabled.
2023-05-04 21:54:20,260 [EndpointStateMachine task thread for /0.0.0.0:35509 - 0 ] INFO  replication.ReplicationServer (ReplicationServer.java:start(109)) - ReplicationServer is started using port 39969
2023-05-04 21:54:20,260 [EndpointStateMachine task thread for /0.0.0.0:35509 - 0 ] INFO  ratis.XceiverServerRatis (XceiverServerRatis.java:start(517)) - Starting XceiverServerRatis 7a25d7ac-269f-485a-96a1-a3fbc0da93f8
2023-05-04 21:54:20,271 [EndpointStateMachine task thread for /0.0.0.0:35509 - 0 ] INFO  server.RaftServer (RaftServerProxy.java:startImpl(393)) - 7a25d7ac-269f-485a-96a1-a3fbc0da93f8: start RPC server
2023-05-04 21:54:20,273 [EndpointStateMachine task thread for /0.0.0.0:35509 - 0 ] INFO  server.GrpcService (GrpcService.java:startImpl(262)) - 7a25d7ac-269f-485a-96a1-a3fbc0da93f8: GrpcService started, listening on 38519
2023-05-04 21:54:20,273 [EndpointStateMachine task thread for /0.0.0.0:35509 - 0 ] INFO  ratis.XceiverServerRatis (XceiverServerRatis.java:getRealPort(543)) - XceiverServerRatis 7a25d7ac-269f-485a-96a1-a3fbc0da93f8 is started using port 38519 for RATIS
2023-05-04 21:54:20,273 [EndpointStateMachine task thread for /0.0.0.0:35509 - 0 ] INFO  ratis.XceiverServerRatis (XceiverServerRatis.java:getRealPort(543)) - XceiverServerRatis 7a25d7ac-269f-485a-96a1-a3fbc0da93f8 is started using port 38519 for RATIS_ADMIN
2023-05-04 21:54:20,273 [EndpointStateMachine task thread for /0.0.0.0:35509 - 0 ] INFO  ratis.XceiverServerRatis (XceiverServerRatis.java:getRealPort(543)) - XceiverServerRatis 7a25d7ac-269f-485a-96a1-a3fbc0da93f8 is started using port 38519 for RATIS_SERVER
2023-05-04 21:54:20,273 [EndpointStateMachine task thread for /0.0.0.0:35509 - 0 ] INFO  ratis.XceiverServerRatis (XceiverServerRatis.java:getRealPort(543)) - XceiverServerRatis 7a25d7ac-269f-485a-96a1-a3fbc0da93f8 is started using port 33389 for RATIS_DATASTREAM
2023-05-04 21:54:20,274 [JvmPauseMonitor7] INFO  util.JvmPauseMonitor (JvmPauseMonitor.java:run(105)) - JvmPauseMonitor-7a25d7ac-269f-485a-96a1-a3fbc0da93f8: Started
2023-05-04 21:54:20,275 [EndpointStateMachine task thread for /0.0.0.0:35509 - 0 ] INFO  server.XceiverServerGrpc (XceiverServerGrpc.java:start(180)) - XceiverServerGrpc 7a25d7ac-269f-485a-96a1-a3fbc0da93f8 is started using port 43635
2023-05-04 21:54:20,285 [BlockDeletingService#0] INFO  interfaces.ContainerDeletionChoosingPolicyTemplate (ContainerDeletionChoosingPolicyTemplate.java:chooseContainerForBlockDeletion(83)) - Chosen 0/5000 blocks from 0 candidate containers.
2023-05-04 21:54:20,427 [Listener at 127.0.0.1/45425] INFO  handler.ContextHandler (ContextHandler.java:doStart(921)) - Started o.e.j.w.WebAppContext@4b9e952f{hddsDatanode,/,file:///home/runner/work/ozone/ozone/hadoop-ozone/integration-test/target/test-dir/MiniOzoneClusterImpl-52a188dd-66b8-45b2-ab7c-675c0ee04825/datanode-11/meta/webserver/jetty-0_0_0_0-43489-hdds-container-service-1_4_0-SNAPSHOT_jar-_-any-5936139732639369119/webapp/,AVAILABLE}{jar:file:/home/runner/.m2/repository/org/apache/ozone/hdds-container-service/1.4.0-SNAPSHOT/hdds-container-service-1.4.0-SNAPSHOT.jar!/webapps/hddsDatanode}
2023-05-04 21:54:20,429 [Listener at 127.0.0.1/45425] INFO  server.AbstractConnector (AbstractConnector.java:doStart(333)) - Started ServerConnector@120e4e73{HTTP/1.1, (http/1.1)}{0.0.0.0:43489}
2023-05-04 21:54:20,429 [Listener at 127.0.0.1/45425] INFO  server.Server (Server.java:doStart(415)) - Started @14233ms
2023-05-04 21:54:20,430 [Listener at 127.0.0.1/45425] WARN  impl.MetricsSystemImpl (MetricsSystemImpl.java:register(279)) - Sink prometheus already exists!
2023-05-04 21:54:20,430 [Listener at 127.0.0.1/45425] INFO  http.BaseHttpServer (BaseHttpServer.java:updateConnectorAddress(344)) - HTTP server of hddsDatanode listening at http://0.0.0.0:43489
2023-05-04 21:54:20,431 [Datanode State Machine Daemon Thread] INFO  statemachine.DatanodeStateMachine (DatanodeStateMachine.java:lambda$startDaemon$0(524)) - Ozone container server started.
2023-05-04 21:54:20,434 [Listener at 127.0.0.1/45425] WARN  impl.MetricRegistriesImpl (MetricRegistriesImpl.java:addReporterRegistration(111)) - New reporters are added after registries were created. Some metrics will be missing from the reporter. Please add reporter before adding any new registry.
2023-05-04 21:54:20,434 [Listener at 127.0.0.1/45425] WARN  impl.MetricRegistriesImpl (MetricRegistriesImpl.java:addReporterRegistration(111)) - New reporters are added after registries were created. Some metrics will be missing from the reporter. Please add reporter before adding any new registry.
2023-05-04 21:54:20,434 [Listener at 127.0.0.1/45425] INFO  impl.MetricsSystemImpl (MetricsSystemImpl.java:init(158)) - HddsDatanode metrics system started (again)
2023-05-04 21:54:20,447 [org.apache.hadoop.util.JvmPauseMonitor$Monitor@4cf28c9a] INFO  util.JvmPauseMonitor (JvmPauseMonitor.java:run(188)) - Starting JVM pause monitor
2023-05-04 21:54:20,452 [Datanode State Machine Task Thread - 0] INFO  datanode.InitDatanodeState (InitDatanodeState.java:persistContainerDatanodeDetails(138)) - DatanodeDetails is persisted to /home/runner/work/ozone/ozone/hadoop-ozone/integration-test/target/test-dir/MiniOzoneClusterImpl-52a188dd-66b8-45b2-ab7c-675c0ee04825/datanode-11/meta/datanode.id
2023-05-04 21:54:20,452 [Listener at 127.0.0.1/45425] INFO  ozone.HddsDatanodeService (HddsDatanodeService.java:start(252)) - HddsDatanodeService host:fv-az133-721.yhipumr4050edinzmvad0xeera.cx.internal.cloudapp.net ip:10.1.0.44
2023-05-04 21:54:20,481 [Listener at 127.0.0.1/45425] INFO  upgrade.AbstractLayoutVersionManager (AbstractLayoutVersionManager.java:init(83)) - Initializing Layout version manager with metadata layout = WEBUI_PORTS_IN_DATANODEDETAILS (version = 6), software layout = WEBUI_PORTS_IN_DATANODEDETAILS (version = 6)
2023-05-04 21:54:20,543 [IPC Server handler 6 on default port 35509] INFO  net.NetworkTopologyImpl (NetworkTopologyImpl.java:add(112)) - Added a new node: /default-rack/4af07dde-7c26-4e14-912a-ab8f17b2e80e
2023-05-04 21:54:20,544 [IPC Server handler 6 on default port 35509] INFO  node.SCMNodeManager (SCMNodeManager.java:register(407)) - Registered Data node : 4af07dde-7c26-4e14-912a-ab8f17b2e80e{ip: 10.1.0.44, host: fv-az133-721.yhipumr4050edinzmvad0xeera.cx.internal.cloudapp.net, ports: [HTTP=35617, REPLICATION=35237, RATIS=38769, RATIS_ADMIN=38769, RATIS_SERVER=38769, RATIS_DATASTREAM=33047, STANDALONE=45403], networkLocation: /default-rack, certSerialId: null, persistedOpState: null, persistedOpStateExpiryEpochSec: 0}
2023-05-04 21:54:20,546 [EventQueue-NodeRegistrationContainerReportForDataNodeSafeModeRule] INFO  safemode.SCMSafeModeManager (DataNodeSafeModeRule.java:process(71)) - SCM in safe mode. 3 DataNodes registered, 3 required.
2023-05-04 21:54:20,546 [EventQueue-NodeRegistrationContainerReportForDataNodeSafeModeRule] INFO  safemode.SCMSafeModeManager (SCMSafeModeManager.java:validateSafeModeExitRules(200)) - DataNodeSafeModeRule rule is successfully validated
2023-05-04 21:54:20,546 [EventQueue-NodeRegistrationContainerReportForDataNodeSafeModeRule] INFO  safemode.SCMSafeModeManager (SCMSafeModeManager.java:completePreCheck(229)) - All SCM safe mode pre check rules have passed
2023-05-04 21:54:20,546 [EventQueue-NodeRegistrationContainerReportForDataNodeSafeModeRule] INFO  ha.SCMContext (SCMContext.java:updateSafeModeStatus(228)) - Update SafeModeStatus from SafeModeStatus{safeModeStatus=true, preCheckPassed=false} to SafeModeStatus{safeModeStatus=true, preCheckPassed=true}.
2023-05-04 21:54:20,547 [EventQueue-NewNodeForNewNodeHandler] INFO  pipeline.BackgroundPipelineCreator (BackgroundPipelineCreator.java:notifyEventTriggered(276)) - trigger a one-shot run on RatisPipelineUtilsThread.
2023-05-04 21:54:20,552 [RatisPipelineUtilsThread - 0] INFO  pipeline.RatisPipelineProvider (RatisPipelineProvider.java:lambda$create$0(206)) - Sending CreatePipelineCommand for pipeline:PipelineID=8f0af2ce-295b-4bc6-a052-ddefd96a5894 to datanode:4af07dde-7c26-4e14-912a-ab8f17b2e80e
2023-05-04 21:54:20,553 [RatisPipelineUtilsThread - 0] INFO  pipeline.PipelineStateManagerImpl (PipelineStateManagerImpl.java:addPipeline(103)) - Created pipeline Pipeline[ Id: 8f0af2ce-295b-4bc6-a052-ddefd96a5894, Nodes: 4af07dde-7c26-4e14-912a-ab8f17b2e80e(fv-az133-721.yhipumr4050edinzmvad0xeera.cx.internal.cloudapp.net/10.1.0.44), ReplicationConfig: RATIS/ONE, State:ALLOCATED, leaderId:, CreationTimestamp2023-05-04T21:54:20.552Z[Etc/UTC]].
2023-05-04 21:54:20,554 [EventQueue-NodeRegistrationContainerReportForDataNodeSafeModeRule] INFO  pipeline.BackgroundPipelineCreator (BackgroundPipelineCreator.java:notifyEventTriggered(276)) - trigger a one-shot run on RatisPipelineUtilsThread.
2023-05-04 21:54:20,557 [RatisPipelineUtilsThread - 0] INFO  pipeline.RatisPipelineProvider (RatisPipelineProvider.java:lambda$create$0(206)) - Sending CreatePipelineCommand for pipeline:PipelineID=c675faf1-9d96-4647-b9f5-54a07f66644f to datanode:e0862bec-a8bd-48ad-a9f8-bef0c155c835
2023-05-04 21:54:20,558 [RatisPipelineUtilsThread - 0] INFO  pipeline.RatisPipelineProvider (RatisPipelineProvider.java:lambda$create$0(206)) - Sending CreatePipelineCommand for pipeline:PipelineID=c675faf1-9d96-4647-b9f5-54a07f66644f to datanode:4af07dde-7c26-4e14-912a-ab8f17b2e80e
2023-05-04 21:54:20,558 [RatisPipelineUtilsThread - 0] INFO  pipeline.RatisPipelineProvider (RatisPipelineProvider.java:lambda$create$0(206)) - Sending CreatePipelineCommand for pipeline:PipelineID=c675faf1-9d96-4647-b9f5-54a07f66644f to datanode:4332e2d2-7bb6-4f7e-906a-de641ae4498f
2023-05-04 21:54:20,559 [RatisPipelineUtilsThread - 0] INFO  pipeline.PipelineStateManagerImpl (PipelineStateManagerImpl.java:addPipeline(103)) - Created pipeline Pipeline[ Id: c675faf1-9d96-4647-b9f5-54a07f66644f, Nodes: e0862bec-a8bd-48ad-a9f8-bef0c155c835(fv-az133-721.yhipumr4050edinzmvad0xeera.cx.internal.cloudapp.net/10.1.0.44)4af07dde-7c26-4e14-912a-ab8f17b2e80e(fv-az133-721.yhipumr4050edinzmvad0xeera.cx.internal.cloudapp.net/10.1.0.44)4332e2d2-7bb6-4f7e-906a-de641ae4498f(fv-az133-721.yhipumr4050edinzmvad0xeera.cx.internal.cloudapp.net/10.1.0.44), ReplicationConfig: RATIS/THREE, State:ALLOCATED, leaderId:, CreationTimestamp2023-05-04T21:54:20.557Z[Etc/UTC]].
2023-05-04 21:54:20,560 [RatisPipelineUtilsThread - 0] INFO  pipeline.RatisPipelineProvider (RatisPipelineProvider.java:lambda$create$0(206)) - Sending CreatePipelineCommand for pipeline:PipelineID=b7b8b290-6f3f-4782-a306-46e97eae2eed to datanode:4332e2d2-7bb6-4f7e-906a-de641ae4498f
2023-05-04 21:54:20,560 [RatisPipelineUtilsThread - 0] INFO  pipeline.RatisPipelineProvider (RatisPipelineProvider.java:lambda$create$0(206)) - Sending CreatePipelineCommand for pipeline:PipelineID=b7b8b290-6f3f-4782-a306-46e97eae2eed to datanode:4af07dde-7c26-4e14-912a-ab8f17b2e80e
2023-05-04 21:54:20,560 [RatisPipelineUtilsThread - 0] INFO  pipeline.RatisPipelineProvider (RatisPipelineProvider.java:lambda$create$0(206)) - Sending CreatePipelineCommand for pipeline:PipelineID=b7b8b290-6f3f-4782-a306-46e97eae2eed to datanode:e0862bec-a8bd-48ad-a9f8-bef0c155c835
2023-05-04 21:54:20,561 [RatisPipelineUtilsThread - 0] INFO  pipeline.PipelineStateManagerImpl (PipelineStateManagerImpl.java:addPipeline(103)) - Created pipeline Pipeline[ Id: b7b8b290-6f3f-4782-a306-46e97eae2eed, Nodes: 4332e2d2-7bb6-4f7e-906a-de641ae4498f(fv-az133-721.yhipumr4050edinzmvad0xeera.cx.internal.cloudapp.net/10.1.0.44)4af07dde-7c26-4e14-912a-ab8f17b2e80e(fv-az133-721.yhipumr4050edinzmvad0xeera.cx.internal.cloudapp.net/10.1.0.44)e0862bec-a8bd-48ad-a9f8-bef0c155c835(fv-az133-721.yhipumr4050edinzmvad0xeera.cx.internal.cloudapp.net/10.1.0.44), ReplicationConfig: RATIS/THREE, State:ALLOCATED, leaderId:, CreationTimestamp2023-05-04T21:54:20.560Z[Etc/UTC]].
2023-05-04 21:54:20,561 [RatisPipelineUtilsThread - 0] INFO  pipeline.PipelineManagerImpl (PipelineManagerImpl.java:recordMetricsForPipeline(826)) - Pipeline: PipelineID=b7b8b290-6f3f-4782-a306-46e97eae2eed contains same datanodes as previous pipelines: PipelineID=c675faf1-9d96-4647-b9f5-54a07f66644f nodeIds: 4332e2d2-7bb6-4f7e-906a-de641ae4498f, 4af07dde-7c26-4e14-912a-ab8f17b2e80e, e0862bec-a8bd-48ad-a9f8-bef0c155c835
2023-05-04 21:54:20,562 [RatisPipelineUtilsThread - 0] WARN  pipeline.PipelinePlacementPolicy (PipelinePlacementPolicy.java:filterViableNodes(160)) - Pipeline creation failed due to no sufficient healthy datanodes. Required 3. Found 0. Excluded 3.
2023-05-04 21:54:20,568 [RatisPipelineUtilsThread - 0] WARN  pipeline.PipelinePlacementPolicy (PipelinePlacementPolicy.java:filterViableNodes(160)) - Pipeline creation failed due to no sufficient healthy datanodes. Required 3. Found 0. Excluded 3.
2023-05-04 21:54:20,614 [Listener at 127.0.0.1/45425] INFO  reflections.Reflections (Reflections.java:scan(232)) - Reflections took 131 ms to scan 7 urls, producing 156 keys and 369 values 
2023-05-04 21:54:20,619 [Listener at 127.0.0.1/45425] INFO  statemachine.DatanodeStateMachine (DatanodeStateMachine.java:getEndPointTaskThreadPoolSize(267)) - Datanode State Machine Task Thread Pool size 2
2023-05-04 21:54:20,622 [Listener at 127.0.0.1/45425] INFO  volume.HddsVolume (HddsVolume.java:<init>(130)) - Creating HddsVolume: /home/runner/work/ozone/ozone/hadoop-ozone/integration-test/target/test-dir/MiniOzoneClusterImpl-52a188dd-66b8-45b2-ab7c-675c0ee04825/datanode-12/data-0/containers/hdds of storage type : DISK capacity : 9223372036854775807
2023-05-04 21:54:20,622 [Listener at 127.0.0.1/45425] INFO  volume.MutableVolumeSet (MutableVolumeSet.java:initializeVolumeSet(175)) - Added Volume : /home/runner/work/ozone/ozone/hadoop-ozone/integration-test/target/test-dir/MiniOzoneClusterImpl-52a188dd-66b8-45b2-ab7c-675c0ee04825/datanode-12/data-0/containers/hdds to VolumeSet
2023-05-04 21:54:20,622 [Listener at 127.0.0.1/45425] INFO  volume.ThrottledAsyncChecker (ThrottledAsyncChecker.java:schedule(141)) - Scheduling a check for /home/runner/work/ozone/ozone/hadoop-ozone/integration-test/target/test-dir/MiniOzoneClusterImpl-52a188dd-66b8-45b2-ab7c-675c0ee04825/datanode-12/data-0/containers/hdds
2023-05-04 21:54:20,624 [Listener at 127.0.0.1/45425] INFO  volume.StorageVolumeChecker (StorageVolumeChecker.java:checkAllVolumes(202)) - Scheduled health check for volume /home/runner/work/ozone/ozone/hadoop-ozone/integration-test/target/test-dir/MiniOzoneClusterImpl-52a188dd-66b8-45b2-ab7c-675c0ee04825/datanode-12/data-0/containers/hdds
2023-05-04 21:54:20,637 [Listener at 127.0.0.1/45425] INFO  volume.MutableVolumeSet (MutableVolumeSet.java:initializeVolumeSet(175)) - Added Volume : /home/runner/work/ozone/ozone/hadoop-ozone/integration-test/target/test-dir/MiniOzoneClusterImpl-52a188dd-66b8-45b2-ab7c-675c0ee04825/datanode-12/data/ratis to VolumeSet
2023-05-04 21:54:20,637 [Listener at 127.0.0.1/45425] INFO  volume.ThrottledAsyncChecker (ThrottledAsyncChecker.java:schedule(141)) - Scheduling a check for /home/runner/work/ozone/ozone/hadoop-ozone/integration-test/target/test-dir/MiniOzoneClusterImpl-52a188dd-66b8-45b2-ab7c-675c0ee04825/datanode-12/data/ratis
2023-05-04 21:54:20,638 [Listener at 127.0.0.1/45425] INFO  volume.StorageVolumeChecker (StorageVolumeChecker.java:checkAllVolumes(202)) - Scheduled health check for volume /home/runner/work/ozone/ozone/hadoop-ozone/integration-test/target/test-dir/MiniOzoneClusterImpl-52a188dd-66b8-45b2-ab7c-675c0ee04825/datanode-12/data/ratis
2023-05-04 21:54:20,664 [Thread-351] INFO  ozoneimpl.ContainerReader (ContainerReader.java:readVolume(175)) - Finish verifying containers on volume /home/runner/work/ozone/ozone/hadoop-ozone/integration-test/target/test-dir/MiniOzoneClusterImpl-52a188dd-66b8-45b2-ab7c-675c0ee04825/datanode-12/data-0/containers/hdds
2023-05-04 21:54:20,665 [Listener at 127.0.0.1/45425] INFO  ozoneimpl.OzoneContainer (OzoneContainer.java:buildContainerSet(303)) - Build ContainerSet costs 0s
2023-05-04 21:54:20,670 [Listener at 127.0.0.1/45425] INFO  server.RaftServer (ConfUtils.java:logGet(46)) - raft.rpc.type = GRPC (default)
2023-05-04 21:54:20,671 [Listener at 127.0.0.1/45425] INFO  grpc.GrpcConfigKeys (ConfUtils.java:logFallback(53)) - raft.grpc.admin.host = null (fallback to raft.grpc.server.host)
2023-05-04 21:54:20,671 [Listener at 127.0.0.1/45425] INFO  grpc.GrpcConfigKeys (ConfUtils.java:logGet(46)) - raft.grpc.admin.port = 0 (custom)
2023-05-04 21:54:20,671 [Listener at 127.0.0.1/45425] INFO  grpc.GrpcConfigKeys (ConfUtils.java:logFallback(53)) - raft.grpc.client.host = null (fallback to raft.grpc.server.host)
2023-05-04 21:54:20,671 [Listener at 127.0.0.1/45425] INFO  grpc.GrpcConfigKeys (ConfUtils.java:logGet(46)) - raft.grpc.client.port = 0 (custom)
2023-05-04 21:54:20,671 [Listener at 127.0.0.1/45425] INFO  grpc.GrpcConfigKeys (ConfUtils.java:logGet(46)) - raft.grpc.server.host = null (default)
2023-05-04 21:54:20,671 [Listener at 127.0.0.1/45425] INFO  grpc.GrpcConfigKeys (ConfUtils.java:logGet(46)) - raft.grpc.server.port = 0 (default)
2023-05-04 21:54:20,671 [Listener at 127.0.0.1/45425] INFO  server.GrpcService (ConfUtils.java:logGet(46)) - raft.grpc.message.size.max = 32MB (=33554432) (custom)
2023-05-04 21:54:20,672 [Listener at 127.0.0.1/45425] INFO  server.RaftServerConfigKeys (ConfUtils.java:logGet(46)) - raft.server.log.appender.buffer.byte-limit = 33554432 (custom)
2023-05-04 21:54:20,672 [Listener at 127.0.0.1/45425] INFO  server.GrpcService (ConfUtils.java:logGet(46)) - raft.grpc.flow.control.window = 5MB (=5242880) (custom)
2023-05-04 21:54:20,672 [Listener at 127.0.0.1/45425] INFO  server.RaftServerConfigKeys (ConfUtils.java:logGet(46)) - raft.server.rpc.request.timeout = 60s (custom)
2023-05-04 21:54:20,672 [Listener at 127.0.0.1/45425] INFO  grpc.GrpcConfigKeys (ConfUtils.java:logGet(46)) - raft.grpc.server.heartbeat.channel = true (default)
2023-05-04 21:54:20,673 [Listener at 127.0.0.1/45425] INFO  grpc.GrpcConfigKeys (ConfUtils.java:logGet(46)) - raft.grpc.server.async.request.thread.pool.cached = true (default)
2023-05-04 21:54:20,673 [Listener at 127.0.0.1/45425] INFO  grpc.GrpcConfigKeys (ConfUtils.java:logGet(46)) - raft.grpc.server.async.request.thread.pool.size = 32 (default)
2023-05-04 21:54:20,678 [Listener at 127.0.0.1/45425] INFO  impl.DataStreamServerImpl (ConfUtils.java:logGet(46)) - raft.datastream.type = NETTY (custom)
2023-05-04 21:54:20,679 [Listener at 127.0.0.1/45425] INFO  server.RaftServerConfigKeys (ConfUtils.java:logGet(46)) - raft.server.data-stream.async.request.thread.pool.cached = false (default)
2023-05-04 21:54:20,679 [Listener at 127.0.0.1/45425] INFO  server.RaftServerConfigKeys (ConfUtils.java:logGet(46)) - raft.server.data-stream.async.request.thread.pool.size = 20 (custom)
2023-05-04 21:54:20,680 [Listener at 127.0.0.1/45425] INFO  server.RaftServerConfigKeys (ConfUtils.java:logGet(46)) - raft.server.data-stream.async.write.thread.pool.size = 16 (default)
2023-05-04 21:54:20,680 [Listener at 127.0.0.1/45425] INFO  server.RaftServerConfigKeys (ConfUtils.java:logGet(46)) - raft.server.data-stream.client.pool.size = 10 (default)
2023-05-04 21:54:20,681 [Listener at 127.0.0.1/45425] INFO  netty.NettyConfigKeys$DataStream (ConfUtils.java:logGet(46)) - raft.netty.dataStream.server.use-epoll = false (default)
2023-05-04 21:54:20,681 [Listener at 127.0.0.1/45425] INFO  netty.NettyConfigKeys$DataStream (ConfUtils.java:logGet(46)) - raft.netty.dataStream.server.boss-group.size = 0 (default)
2023-05-04 21:54:20,681 [Listener at 127.0.0.1/45425] INFO  netty.NettyConfigKeys$DataStream (ConfUtils.java:logGet(46)) - raft.netty.dataStream.server.worker-group.size = 0 (default)
2023-05-04 21:54:20,684 [Listener at 127.0.0.1/45425] INFO  netty.NettyConfigKeys$DataStream (ConfUtils.java:logGet(46)) - raft.netty.dataStream.server.tls.conf = null (default)
2023-05-04 21:54:20,684 [Listener at 127.0.0.1/45425] INFO  netty.NettyConfigKeys$DataStream (ConfUtils.java:logGet(46)) - raft.netty.dataStream.host = null (default)
2023-05-04 21:54:20,684 [Listener at 127.0.0.1/45425] INFO  netty.NettyConfigKeys$DataStream (ConfUtils.java:logGet(46)) - raft.netty.dataStream.port = 0 (default)
2023-05-04 21:54:20,685 [Listener at 127.0.0.1/45425] INFO  server.RaftServerConfigKeys (ConfUtils.java:logGet(46)) - raft.server.threadpool.proxy.cached = true (default)
2023-05-04 21:54:20,685 [Listener at 127.0.0.1/45425] INFO  server.RaftServerConfigKeys (ConfUtils.java:logGet(46)) - raft.server.threadpool.proxy.size = 0 (default)
2023-05-04 21:54:20,686 [Listener at 127.0.0.1/45425] INFO  server.RaftServerConfigKeys (ConfUtils.java:logGet(46)) - raft.server.rpc.slowness.timeout = 300s (custom)
2023-05-04 21:54:20,686 [Listener at 127.0.0.1/45425] INFO  server.RaftServerConfigKeys (ConfUtils.java:logGet(46)) - raft.server.leaderelection.leader.step-down.wait-time = 10s (default)
2023-05-04 21:54:20,686 [Listener at 127.0.0.1/45425] INFO  server.RaftServerConfigKeys (ConfUtils.java:logGet(46)) - raft.server.storage.dir = [/home/runner/work/ozone/ozone/hadoop-ozone/integration-test/target/test-dir/MiniOzoneClusterImpl-52a188dd-66b8-45b2-ab7c-675c0ee04825/datanode-12/data/ratis] (custom)
2023-05-04 21:54:20,705 [1cc39e43-a1b8-4aca-9e03-172752381d1e-NettyServerStreamRpc-bossGroup--thread1] INFO  logging.LoggingHandler (AbstractInternalLogger.java:log(148)) - [id: 0xe5eced34] REGISTERED
2023-05-04 21:54:20,706 [1cc39e43-a1b8-4aca-9e03-172752381d1e-NettyServerStreamRpc-bossGroup--thread1] INFO  logging.LoggingHandler (AbstractInternalLogger.java:log(148)) - [id: 0xe5eced34] BIND: 0.0.0.0/0.0.0.0:0
2023-05-04 21:54:20,706 [1cc39e43-a1b8-4aca-9e03-172752381d1e-NettyServerStreamRpc-bossGroup--thread1] INFO  logging.LoggingHandler (AbstractInternalLogger.java:log(148)) - [id: 0xe5eced34, L:/0:0:0:0:0:0:0:0:39453] ACTIVE
2023-05-04 21:54:20,707 [EndpointStateMachine task thread for /0.0.0.0:35509 - 0 ] INFO  utils.DatanodeStoreCache (DatanodeStoreCache.java:addDB(58)) - Added db /home/runner/work/ozone/ozone/hadoop-ozone/integration-test/target/test-dir/MiniOzoneClusterImpl-52a188dd-66b8-45b2-ab7c-675c0ee04825/datanode-7/data-0/containers/hdds/52a188dd-66b8-45b2-ab7c-675c0ee04825/DS-08f34070-562f-4058-b318-883ea470bb6c/container.db to cache
2023-05-04 21:54:20,708 [EndpointStateMachine task thread for /0.0.0.0:35509 - 0 ] INFO  volume.HddsVolume (HddsVolume.java:createDbStore(350)) - SchemaV3 db is created and loaded at /home/runner/work/ozone/ozone/hadoop-ozone/integration-test/target/test-dir/MiniOzoneClusterImpl-52a188dd-66b8-45b2-ab7c-675c0ee04825/datanode-7/data-0/containers/hdds/52a188dd-66b8-45b2-ab7c-675c0ee04825/DS-08f34070-562f-4058-b318-883ea470bb6c/container.db for volume DS-08f34070-562f-4058-b318-883ea470bb6c
2023-05-04 21:54:20,708 [EndpointStateMachine task thread for /0.0.0.0:35509 - 0 ] INFO  ozoneimpl.OzoneContainer (OzoneContainer.java:start(397)) - Attempting to start container services.
2023-05-04 21:54:20,708 [EndpointStateMachine task thread for /0.0.0.0:35509 - 0 ] INFO  ozoneimpl.OzoneContainer (OzoneContainer.java:startContainerScrub(314)) - Scheduled background container scanners and the on-demand container scanner have been disabled.
2023-05-04 21:54:20,707 [Listener at 127.0.0.1/45425] INFO  server.XceiverServerGrpc (XceiverServerGrpc.java:<init>(132)) - GrpcServer channel type EpollServerSocketChannel
2023-05-04 21:54:20,711 [EndpointStateMachine task thread for /0.0.0.0:35509 - 0 ] INFO  replication.ReplicationServer (ReplicationServer.java:start(109)) - ReplicationServer is started using port 43551
2023-05-04 21:54:20,712 [EndpointStateMachine task thread for /0.0.0.0:35509 - 0 ] INFO  ratis.XceiverServerRatis (XceiverServerRatis.java:start(517)) - Starting XceiverServerRatis 9dbc72e3-9cc3-404d-a7a0-986f3a32b37f
2023-05-04 21:54:20,716 [Listener at 127.0.0.1/45425] INFO  replication.ReplicationSupervisor (ReplicationSupervisor.java:nodeStateUpdated(290)) - Node state updated to IN_SERVICE, scaling executor pool size to 10
2023-05-04 21:54:20,733 [Listener at 127.0.0.1/45425] INFO  http.BaseHttpServer (BaseHttpServer.java:newHttpServer2BuilderForOzone(224)) - Starting Web-server for hddsDatanode at: http://0.0.0.0:0
2023-05-04 21:54:20,734 [Listener at 127.0.0.1/45425] INFO  http.BaseHttpServer (BaseHttpServer.java:<init>(111)) - Hadoop Security Enabled: false Ozone Security Enabled: false Ozone HTTP Security Enabled: false 
2023-05-04 21:54:20,735 [Listener at 127.0.0.1/45425] WARN  server.AuthenticationFilter (AuthenticationFilter.java:constructSecretProvider(240)) - Unable to initialize FileSignerSecretProvider, falling back to use random secrets. Reason: Could not read signature secret file: /home/runner/hadoop-http-auth-signature-secret
2023-05-04 21:54:20,736 [EndpointStateMachine task thread for /0.0.0.0:35509 - 0 ] INFO  server.RaftServer (RaftServerProxy.java:startImpl(393)) - 9dbc72e3-9cc3-404d-a7a0-986f3a32b37f: start RPC server
2023-05-04 21:54:20,738 [EndpointStateMachine task thread for /0.0.0.0:35509 - 0 ] INFO  server.GrpcService (GrpcService.java:startImpl(262)) - 9dbc72e3-9cc3-404d-a7a0-986f3a32b37f: GrpcService started, listening on 39725
2023-05-04 21:54:20,738 [Listener at 127.0.0.1/45425] INFO  http.HttpRequestLog (HttpRequestLog.java:getRequestLog(86)) - Http request log for http.requests.hddsDatanode is not defined
2023-05-04 21:54:20,740 [Listener at 127.0.0.1/45425] INFO  http.HttpServer2 (HttpServer2.java:addGlobalFilter(1031)) - Added global filter 'safety' (class=org.apache.hadoop.hdds.server.http.HttpServer2$QuotingInputFilter)
2023-05-04 21:54:20,741 [Listener at 127.0.0.1/45425] INFO  http.HttpServer2 (HttpServer2.java:addFilter(1007)) - Added filter static_user_filter (class=org.apache.hadoop.http.lib.StaticUserWebFilter$StaticUserFilter) to context hddsDatanode
2023-05-04 21:54:20,741 [Listener at 127.0.0.1/45425] INFO  http.HttpServer2 (HttpServer2.java:addFilter(1015)) - Added filter static_user_filter (class=org.apache.hadoop.http.lib.StaticUserWebFilter$StaticUserFilter) to context logs
2023-05-04 21:54:20,741 [Listener at 127.0.0.1/45425] INFO  http.HttpServer2 (HttpServer2.java:addFilter(1015)) - Added filter static_user_filter (class=org.apache.hadoop.http.lib.StaticUserWebFilter$StaticUserFilter) to context static
2023-05-04 21:54:20,742 [Listener at 127.0.0.1/45425] INFO  http.BaseHttpServer (BaseHttpServer.java:<init>(190)) - HTTP server of hddsDatanode uses base directory /home/runner/work/ozone/ozone/hadoop-ozone/integration-test/target/test-dir/MiniOzoneClusterImpl-52a188dd-66b8-45b2-ab7c-675c0ee04825/datanode-12/meta/webserver
2023-05-04 21:54:20,742 [Listener at 127.0.0.1/45425] INFO  http.HttpServer2 (HttpServer2.java:bindListener(1250)) - Jetty bound to port 45015
2023-05-04 21:54:20,742 [Listener at 127.0.0.1/45425] INFO  server.Server (Server.java:doStart(375)) - jetty-9.4.51.v20230217; built: 2023-02-17T08:19:37.309Z; git: b45c405e4544384de066f814ed42ae3dceacdd49; jvm 1.8.0_362-b09
2023-05-04 21:54:20,743 [EndpointStateMachine task thread for /0.0.0.0:35509 - 0 ] INFO  ratis.XceiverServerRatis (XceiverServerRatis.java:getRealPort(543)) - XceiverServerRatis 9dbc72e3-9cc3-404d-a7a0-986f3a32b37f is started using port 39725 for RATIS
2023-05-04 21:54:20,743 [EndpointStateMachine task thread for /0.0.0.0:35509 - 0 ] INFO  ratis.XceiverServerRatis (XceiverServerRatis.java:getRealPort(543)) - XceiverServerRatis 9dbc72e3-9cc3-404d-a7a0-986f3a32b37f is started using port 39725 for RATIS_ADMIN
2023-05-04 21:54:20,743 [EndpointStateMachine task thread for /0.0.0.0:35509 - 0 ] INFO  ratis.XceiverServerRatis (XceiverServerRatis.java:getRealPort(543)) - XceiverServerRatis 9dbc72e3-9cc3-404d-a7a0-986f3a32b37f is started using port 39725 for RATIS_SERVER
2023-05-04 21:54:20,743 [EndpointStateMachine task thread for /0.0.0.0:35509 - 0 ] INFO  ratis.XceiverServerRatis (XceiverServerRatis.java:getRealPort(543)) - XceiverServerRatis 9dbc72e3-9cc3-404d-a7a0-986f3a32b37f is started using port 33233 for RATIS_DATASTREAM
2023-05-04 21:54:20,743 [JvmPauseMonitor8] INFO  util.JvmPauseMonitor (JvmPauseMonitor.java:run(105)) - JvmPauseMonitor-9dbc72e3-9cc3-404d-a7a0-986f3a32b37f: Started
2023-05-04 21:54:20,750 [EndpointStateMachine task thread for /0.0.0.0:35509 - 0 ] INFO  server.XceiverServerGrpc (XceiverServerGrpc.java:start(180)) - XceiverServerGrpc 9dbc72e3-9cc3-404d-a7a0-986f3a32b37f is started using port 37405
2023-05-04 21:54:20,754 [Listener at 127.0.0.1/45425] INFO  server.session (DefaultSessionIdManager.java:doStart(334)) - DefaultSessionIdManager workerName=node0
2023-05-04 21:54:20,755 [Listener at 127.0.0.1/45425] INFO  server.session (DefaultSessionIdManager.java:doStart(339)) - No SessionScavenger set, using defaults
2023-05-04 21:54:20,755 [Listener at 127.0.0.1/45425] INFO  server.session (HouseKeeper.java:startScavenging(132)) - node0 Scavenging every 600000ms
2023-05-04 21:54:20,756 [Listener at 127.0.0.1/45425] INFO  handler.ContextHandler (ContextHandler.java:doStart(921)) - Started o.e.j.s.ServletContextHandler@8d51706{logs,/logs,file:///home/runner/work/ozone/ozone/hadoop-ozone/integration-test/target/log,AVAILABLE}
2023-05-04 21:54:20,756 [Listener at 127.0.0.1/45425] INFO  handler.ContextHandler (ContextHandler.java:doStart(921)) - Started o.e.j.s.ServletContextHandler@28576562{static,/static,jar:file:/home/runner/.m2/repository/org/apache/ozone/hdds-container-service/1.4.0-SNAPSHOT/hdds-container-service-1.4.0-SNAPSHOT.jar!/webapps/static,AVAILABLE}
2023-05-04 21:54:20,769 [BlockDeletingService#0] INFO  interfaces.ContainerDeletionChoosingPolicyTemplate (ContainerDeletionChoosingPolicyTemplate.java:chooseContainerForBlockDeletion(83)) - Chosen 0/5000 blocks from 0 candidate containers.
2023-05-04 21:54:20,912 [IPC Server handler 12 on default port 35509] INFO  net.NetworkTopologyImpl (NetworkTopologyImpl.java:add(112)) - Added a new node: /default-rack/7b4a0121-e5ca-4a28-aa85-7db853fd0802
2023-05-04 21:54:20,912 [IPC Server handler 12 on default port 35509] INFO  node.SCMNodeManager (SCMNodeManager.java:register(407)) - Registered Data node : 7b4a0121-e5ca-4a28-aa85-7db853fd0802{ip: 10.1.0.44, host: fv-az133-721.yhipumr4050edinzmvad0xeera.cx.internal.cloudapp.net, ports: [HTTP=41355, REPLICATION=37367, RATIS=42349, RATIS_ADMIN=42349, RATIS_SERVER=42349, RATIS_DATASTREAM=38943, STANDALONE=34265], networkLocation: /default-rack, certSerialId: null, persistedOpState: null, persistedOpStateExpiryEpochSec: 0}
2023-05-04 21:54:20,913 [EventQueue-NewNodeForNewNodeHandler] INFO  pipeline.BackgroundPipelineCreator (BackgroundPipelineCreator.java:notifyEventTriggered(276)) - trigger a one-shot run on RatisPipelineUtilsThread.
2023-05-04 21:54:20,914 [RatisPipelineUtilsThread - 0] INFO  pipeline.RatisPipelineProvider (RatisPipelineProvider.java:lambda$create$0(206)) - Sending CreatePipelineCommand for pipeline:PipelineID=0dc05a55-7120-4612-abf7-6003e1adb018 to datanode:7b4a0121-e5ca-4a28-aa85-7db853fd0802
2023-05-04 21:54:20,916 [RatisPipelineUtilsThread - 0] INFO  pipeline.PipelineStateManagerImpl (PipelineStateManagerImpl.java:addPipeline(103)) - Created pipeline Pipeline[ Id: 0dc05a55-7120-4612-abf7-6003e1adb018, Nodes: 7b4a0121-e5ca-4a28-aa85-7db853fd0802(fv-az133-721.yhipumr4050edinzmvad0xeera.cx.internal.cloudapp.net/10.1.0.44), ReplicationConfig: RATIS/ONE, State:ALLOCATED, leaderId:, CreationTimestamp2023-05-04T21:54:20.914Z[Etc/UTC]].
2023-05-04 21:54:20,917 [RatisPipelineUtilsThread - 0] WARN  pipeline.PipelinePlacementPolicy (PipelinePlacementPolicy.java:filterViableNodes(160)) - Pipeline creation failed due to no sufficient healthy datanodes. Required 3. Found 1. Excluded 3.
2023-05-04 21:54:20,963 [Listener at 127.0.0.1/45425] INFO  handler.ContextHandler (ContextHandler.java:doStart(921)) - Started o.e.j.w.WebAppContext@296f4f62{hddsDatanode,/,file:///home/runner/work/ozone/ozone/hadoop-ozone/integration-test/target/test-dir/MiniOzoneClusterImpl-52a188dd-66b8-45b2-ab7c-675c0ee04825/datanode-12/meta/webserver/jetty-0_0_0_0-45015-hdds-container-service-1_4_0-SNAPSHOT_jar-_-any-5047293703528980363/webapp/,AVAILABLE}{jar:file:/home/runner/.m2/repository/org/apache/ozone/hdds-container-service/1.4.0-SNAPSHOT/hdds-container-service-1.4.0-SNAPSHOT.jar!/webapps/hddsDatanode}
2023-05-04 21:54:20,966 [Listener at 127.0.0.1/45425] INFO  server.AbstractConnector (AbstractConnector.java:doStart(333)) - Started ServerConnector@3140d2b5{HTTP/1.1, (http/1.1)}{0.0.0.0:45015}
2023-05-04 21:54:20,967 [Listener at 127.0.0.1/45425] INFO  server.Server (Server.java:doStart(415)) - Started @14771ms
2023-05-04 21:54:20,967 [Listener at 127.0.0.1/45425] WARN  impl.MetricsSystemImpl (MetricsSystemImpl.java:register(279)) - Sink prometheus already exists!
2023-05-04 21:54:20,968 [Listener at 127.0.0.1/45425] INFO  http.BaseHttpServer (BaseHttpServer.java:updateConnectorAddress(344)) - HTTP server of hddsDatanode listening at http://0.0.0.0:45015
2023-05-04 21:54:20,969 [Datanode State Machine Daemon Thread] INFO  statemachine.DatanodeStateMachine (DatanodeStateMachine.java:lambda$startDaemon$0(524)) - Ozone container server started.
2023-05-04 21:54:20,970 [Listener at 127.0.0.1/45425] WARN  impl.MetricRegistriesImpl (MetricRegistriesImpl.java:addReporterRegistration(111)) - New reporters are added after registries were created. Some metrics will be missing from the reporter. Please add reporter before adding any new registry.
2023-05-04 21:54:20,972 [Listener at 127.0.0.1/45425] WARN  impl.MetricRegistriesImpl (MetricRegistriesImpl.java:addReporterRegistration(111)) - New reporters are added after registries were created. Some metrics will be missing from the reporter. Please add reporter before adding any new registry.
2023-05-04 21:54:20,972 [Listener at 127.0.0.1/45425] INFO  impl.MetricsSystemImpl (MetricsSystemImpl.java:init(158)) - HddsDatanode metrics system started (again)
2023-05-04 21:54:20,985 [org.apache.hadoop.util.JvmPauseMonitor$Monitor@40ce555c] INFO  util.JvmPauseMonitor (JvmPauseMonitor.java:run(188)) - Starting JVM pause monitor
2023-05-04 21:54:21,009 [Listener at 127.0.0.1/45425] INFO  ozone.HddsDatanodeService (HddsDatanodeService.java:start(252)) - HddsDatanodeService host:fv-az133-721.yhipumr4050edinzmvad0xeera.cx.internal.cloudapp.net ip:10.1.0.44
2023-05-04 21:54:21,015 [Datanode State Machine Task Thread - 0] INFO  datanode.InitDatanodeState (InitDatanodeState.java:persistContainerDatanodeDetails(138)) - DatanodeDetails is persisted to /home/runner/work/ozone/ozone/hadoop-ozone/integration-test/target/test-dir/MiniOzoneClusterImpl-52a188dd-66b8-45b2-ab7c-675c0ee04825/datanode-12/meta/datanode.id
2023-05-04 21:54:21,034 [Listener at 127.0.0.1/45425] INFO  upgrade.AbstractLayoutVersionManager (AbstractLayoutVersionManager.java:init(83)) - Initializing Layout version manager with metadata layout = WEBUI_PORTS_IN_DATANODEDETAILS (version = 6), software layout = WEBUI_PORTS_IN_DATANODEDETAILS (version = 6)
2023-05-04 21:54:21,082 [Listener at 127.0.0.1/45425] INFO  reflections.Reflections (Reflections.java:scan(232)) - Reflections took 46 ms to scan 7 urls, producing 156 keys and 369 values 
2023-05-04 21:54:21,084 [Listener at 127.0.0.1/45425] INFO  statemachine.DatanodeStateMachine (DatanodeStateMachine.java:getEndPointTaskThreadPoolSize(267)) - Datanode State Machine Task Thread Pool size 2
2023-05-04 21:54:21,096 [Listener at 127.0.0.1/45425] INFO  volume.HddsVolume (HddsVolume.java:<init>(130)) - Creating HddsVolume: /home/runner/work/ozone/ozone/hadoop-ozone/integration-test/target/test-dir/MiniOzoneClusterImpl-52a188dd-66b8-45b2-ab7c-675c0ee04825/datanode-13/data-0/containers/hdds of storage type : DISK capacity : 9223372036854775807
2023-05-04 21:54:21,096 [Listener at 127.0.0.1/45425] INFO  volume.MutableVolumeSet (MutableVolumeSet.java:initializeVolumeSet(175)) - Added Volume : /home/runner/work/ozone/ozone/hadoop-ozone/integration-test/target/test-dir/MiniOzoneClusterImpl-52a188dd-66b8-45b2-ab7c-675c0ee04825/datanode-13/data-0/containers/hdds to VolumeSet
2023-05-04 21:54:21,097 [Listener at 127.0.0.1/45425] INFO  volume.ThrottledAsyncChecker (ThrottledAsyncChecker.java:schedule(141)) - Scheduling a check for /home/runner/work/ozone/ozone/hadoop-ozone/integration-test/target/test-dir/MiniOzoneClusterImpl-52a188dd-66b8-45b2-ab7c-675c0ee04825/datanode-13/data-0/containers/hdds
2023-05-04 21:54:21,098 [Listener at 127.0.0.1/45425] INFO  volume.StorageVolumeChecker (StorageVolumeChecker.java:checkAllVolumes(202)) - Scheduled health check for volume /home/runner/work/ozone/ozone/hadoop-ozone/integration-test/target/test-dir/MiniOzoneClusterImpl-52a188dd-66b8-45b2-ab7c-675c0ee04825/datanode-13/data-0/containers/hdds
2023-05-04 21:54:21,113 [Listener at 127.0.0.1/45425] INFO  volume.MutableVolumeSet (MutableVolumeSet.java:initializeVolumeSet(175)) - Added Volume : /home/runner/work/ozone/ozone/hadoop-ozone/integration-test/target/test-dir/MiniOzoneClusterImpl-52a188dd-66b8-45b2-ab7c-675c0ee04825/datanode-13/data/ratis to VolumeSet
2023-05-04 21:54:21,113 [Listener at 127.0.0.1/45425] INFO  volume.ThrottledAsyncChecker (ThrottledAsyncChecker.java:schedule(141)) - Scheduling a check for /home/runner/work/ozone/ozone/hadoop-ozone/integration-test/target/test-dir/MiniOzoneClusterImpl-52a188dd-66b8-45b2-ab7c-675c0ee04825/datanode-13/data/ratis
2023-05-04 21:54:21,113 [Listener at 127.0.0.1/45425] INFO  volume.StorageVolumeChecker (StorageVolumeChecker.java:checkAllVolumes(202)) - Scheduled health check for volume /home/runner/work/ozone/ozone/hadoop-ozone/integration-test/target/test-dir/MiniOzoneClusterImpl-52a188dd-66b8-45b2-ab7c-675c0ee04825/datanode-13/data/ratis
2023-05-04 21:54:21,130 [Thread-370] INFO  ozoneimpl.ContainerReader (ContainerReader.java:readVolume(175)) - Finish verifying containers on volume /home/runner/work/ozone/ozone/hadoop-ozone/integration-test/target/test-dir/MiniOzoneClusterImpl-52a188dd-66b8-45b2-ab7c-675c0ee04825/datanode-13/data-0/containers/hdds
2023-05-04 21:54:21,130 [Listener at 127.0.0.1/45425] INFO  ozoneimpl.OzoneContainer (OzoneContainer.java:buildContainerSet(303)) - Build ContainerSet costs 0s
2023-05-04 21:54:21,132 [EndpointStateMachine task thread for /0.0.0.0:35509 - 0 ] INFO  utils.DatanodeStoreCache (DatanodeStoreCache.java:addDB(58)) - Added db /home/runner/work/ozone/ozone/hadoop-ozone/integration-test/target/test-dir/MiniOzoneClusterImpl-52a188dd-66b8-45b2-ab7c-675c0ee04825/datanode-8/data-0/containers/hdds/52a188dd-66b8-45b2-ab7c-675c0ee04825/DS-31ea9353-d092-4cf5-9bc8-edb3b7cffb1b/container.db to cache
2023-05-04 21:54:21,132 [EndpointStateMachine task thread for /0.0.0.0:35509 - 0 ] INFO  volume.HddsVolume (HddsVolume.java:createDbStore(350)) - SchemaV3 db is created and loaded at /home/runner/work/ozone/ozone/hadoop-ozone/integration-test/target/test-dir/MiniOzoneClusterImpl-52a188dd-66b8-45b2-ab7c-675c0ee04825/datanode-8/data-0/containers/hdds/52a188dd-66b8-45b2-ab7c-675c0ee04825/DS-31ea9353-d092-4cf5-9bc8-edb3b7cffb1b/container.db for volume DS-31ea9353-d092-4cf5-9bc8-edb3b7cffb1b
2023-05-04 21:54:21,132 [EndpointStateMachine task thread for /0.0.0.0:35509 - 0 ] INFO  ozoneimpl.OzoneContainer (OzoneContainer.java:start(397)) - Attempting to start container services.
2023-05-04 21:54:21,132 [EndpointStateMachine task thread for /0.0.0.0:35509 - 0 ] INFO  ozoneimpl.OzoneContainer (OzoneContainer.java:startContainerScrub(314)) - Scheduled background container scanners and the on-demand container scanner have been disabled.
2023-05-04 21:54:21,133 [Listener at 127.0.0.1/45425] INFO  server.RaftServer (ConfUtils.java:logGet(46)) - raft.rpc.type = GRPC (default)
2023-05-04 21:54:21,134 [Listener at 127.0.0.1/45425] INFO  grpc.GrpcConfigKeys (ConfUtils.java:logFallback(53)) - raft.grpc.admin.host = null (fallback to raft.grpc.server.host)
2023-05-04 21:54:21,134 [Listener at 127.0.0.1/45425] INFO  grpc.GrpcConfigKeys (ConfUtils.java:logGet(46)) - raft.grpc.admin.port = 0 (custom)
2023-05-04 21:54:21,134 [Listener at 127.0.0.1/45425] INFO  grpc.GrpcConfigKeys (ConfUtils.java:logFallback(53)) - raft.grpc.client.host = null (fallback to raft.grpc.server.host)
2023-05-04 21:54:21,134 [Listener at 127.0.0.1/45425] INFO  grpc.GrpcConfigKeys (ConfUtils.java:logGet(46)) - raft.grpc.client.port = 0 (custom)
2023-05-04 21:54:21,134 [Listener at 127.0.0.1/45425] INFO  grpc.GrpcConfigKeys (ConfUtils.java:logGet(46)) - raft.grpc.server.host = null (default)
2023-05-04 21:54:21,134 [Listener at 127.0.0.1/45425] INFO  grpc.GrpcConfigKeys (ConfUtils.java:logGet(46)) - raft.grpc.server.port = 0 (default)
2023-05-04 21:54:21,135 [Listener at 127.0.0.1/45425] INFO  server.GrpcService (ConfUtils.java:logGet(46)) - raft.grpc.message.size.max = 32MB (=33554432) (custom)
2023-05-04 21:54:21,136 [EndpointStateMachine task thread for /0.0.0.0:35509 - 0 ] INFO  replication.ReplicationServer (ReplicationServer.java:start(109)) - ReplicationServer is started using port 43955
2023-05-04 21:54:21,136 [Listener at 127.0.0.1/45425] INFO  server.RaftServerConfigKeys (ConfUtils.java:logGet(46)) - raft.server.log.appender.buffer.byte-limit = 33554432 (custom)
2023-05-04 21:54:21,138 [Listener at 127.0.0.1/45425] INFO  server.GrpcService (ConfUtils.java:logGet(46)) - raft.grpc.flow.control.window = 5MB (=5242880) (custom)
2023-05-04 21:54:21,138 [Listener at 127.0.0.1/45425] INFO  server.RaftServerConfigKeys (ConfUtils.java:logGet(46)) - raft.server.rpc.request.timeout = 60s (custom)
2023-05-04 21:54:21,138 [Listener at 127.0.0.1/45425] INFO  grpc.GrpcConfigKeys (ConfUtils.java:logGet(46)) - raft.grpc.server.heartbeat.channel = true (default)
2023-05-04 21:54:21,138 [Listener at 127.0.0.1/45425] INFO  grpc.GrpcConfigKeys (ConfUtils.java:logGet(46)) - raft.grpc.server.async.request.thread.pool.cached = true (default)
2023-05-04 21:54:21,138 [Listener at 127.0.0.1/45425] INFO  grpc.GrpcConfigKeys (ConfUtils.java:logGet(46)) - raft.grpc.server.async.request.thread.pool.size = 32 (default)
2023-05-04 21:54:21,140 [EndpointStateMachine task thread for /0.0.0.0:35509 - 0 ] INFO  ratis.XceiverServerRatis (XceiverServerRatis.java:start(517)) - Starting XceiverServerRatis 4c10edfb-6769-4396-b189-3c3a2dc734f1
2023-05-04 21:54:21,140 [Listener at 127.0.0.1/45425] INFO  impl.DataStreamServerImpl (ConfUtils.java:logGet(46)) - raft.datastream.type = NETTY (custom)
2023-05-04 21:54:21,141 [Listener at 127.0.0.1/45425] INFO  server.RaftServerConfigKeys (ConfUtils.java:logGet(46)) - raft.server.data-stream.async.request.thread.pool.cached = false (default)
2023-05-04 21:54:21,141 [Listener at 127.0.0.1/45425] INFO  server.RaftServerConfigKeys (ConfUtils.java:logGet(46)) - raft.server.data-stream.async.request.thread.pool.size = 20 (custom)
2023-05-04 21:54:21,141 [Listener at 127.0.0.1/45425] INFO  server.RaftServerConfigKeys (ConfUtils.java:logGet(46)) - raft.server.data-stream.async.write.thread.pool.size = 16 (default)
2023-05-04 21:54:21,141 [Listener at 127.0.0.1/45425] INFO  server.RaftServerConfigKeys (ConfUtils.java:logGet(46)) - raft.server.data-stream.client.pool.size = 10 (default)
2023-05-04 21:54:21,141 [Listener at 127.0.0.1/45425] INFO  netty.NettyConfigKeys$DataStream (ConfUtils.java:logGet(46)) - raft.netty.dataStream.server.use-epoll = false (default)
2023-05-04 21:54:21,144 [Listener at 127.0.0.1/45425] INFO  netty.NettyConfigKeys$DataStream (ConfUtils.java:logGet(46)) - raft.netty.dataStream.server.boss-group.size = 0 (default)
2023-05-04 21:54:21,144 [Listener at 127.0.0.1/45425] INFO  netty.NettyConfigKeys$DataStream (ConfUtils.java:logGet(46)) - raft.netty.dataStream.server.worker-group.size = 0 (default)
2023-05-04 21:54:21,144 [Listener at 127.0.0.1/45425] INFO  netty.NettyConfigKeys$DataStream (ConfUtils.java:logGet(46)) - raft.netty.dataStream.server.tls.conf = null (default)
2023-05-04 21:54:21,145 [Listener at 127.0.0.1/45425] INFO  netty.NettyConfigKeys$DataStream (ConfUtils.java:logGet(46)) - raft.netty.dataStream.host = null (default)
2023-05-04 21:54:21,145 [Listener at 127.0.0.1/45425] INFO  netty.NettyConfigKeys$DataStream (ConfUtils.java:logGet(46)) - raft.netty.dataStream.port = 0 (default)
2023-05-04 21:54:21,146 [EndpointStateMachine task thread for /0.0.0.0:35509 - 0 ] INFO  server.RaftServer (RaftServerProxy.java:startImpl(393)) - 4c10edfb-6769-4396-b189-3c3a2dc734f1: start RPC server
2023-05-04 21:54:21,147 [Listener at 127.0.0.1/45425] INFO  server.RaftServerConfigKeys (ConfUtils.java:logGet(46)) - raft.server.threadpool.proxy.cached = true (default)
2023-05-04 21:54:21,147 [Listener at 127.0.0.1/45425] INFO  server.RaftServerConfigKeys (ConfUtils.java:logGet(46)) - raft.server.threadpool.proxy.size = 0 (default)
2023-05-04 21:54:21,147 [Listener at 127.0.0.1/45425] INFO  server.RaftServerConfigKeys (ConfUtils.java:logGet(46)) - raft.server.rpc.slowness.timeout = 300s (custom)
2023-05-04 21:54:21,148 [Listener at 127.0.0.1/45425] INFO  server.RaftServerConfigKeys (ConfUtils.java:logGet(46)) - raft.server.leaderelection.leader.step-down.wait-time = 10s (default)
2023-05-04 21:54:21,148 [Listener at 127.0.0.1/45425] INFO  server.RaftServerConfigKeys (ConfUtils.java:logGet(46)) - raft.server.storage.dir = [/home/runner/work/ozone/ozone/hadoop-ozone/integration-test/target/test-dir/MiniOzoneClusterImpl-52a188dd-66b8-45b2-ab7c-675c0ee04825/datanode-13/data/ratis] (custom)
2023-05-04 21:54:21,151 [EndpointStateMachine task thread for /0.0.0.0:35509 - 0 ] INFO  server.GrpcService (GrpcService.java:startImpl(262)) - 4c10edfb-6769-4396-b189-3c3a2dc734f1: GrpcService started, listening on 42105
2023-05-04 21:54:21,151 [EndpointStateMachine task thread for /0.0.0.0:35509 - 0 ] INFO  ratis.XceiverServerRatis (XceiverServerRatis.java:getRealPort(543)) - XceiverServerRatis 4c10edfb-6769-4396-b189-3c3a2dc734f1 is started using port 42105 for RATIS
2023-05-04 21:54:21,151 [EndpointStateMachine task thread for /0.0.0.0:35509 - 0 ] INFO  ratis.XceiverServerRatis (XceiverServerRatis.java:getRealPort(543)) - XceiverServerRatis 4c10edfb-6769-4396-b189-3c3a2dc734f1 is started using port 42105 for RATIS_ADMIN
2023-05-04 21:54:21,151 [EndpointStateMachine task thread for /0.0.0.0:35509 - 0 ] INFO  ratis.XceiverServerRatis (XceiverServerRatis.java:getRealPort(543)) - XceiverServerRatis 4c10edfb-6769-4396-b189-3c3a2dc734f1 is started using port 42105 for RATIS_SERVER
2023-05-04 21:54:21,151 [EndpointStateMachine task thread for /0.0.0.0:35509 - 0 ] INFO  ratis.XceiverServerRatis (XceiverServerRatis.java:getRealPort(543)) - XceiverServerRatis 4c10edfb-6769-4396-b189-3c3a2dc734f1 is started using port 42449 for RATIS_DATASTREAM
2023-05-04 21:54:21,152 [JvmPauseMonitor9] INFO  util.JvmPauseMonitor (JvmPauseMonitor.java:run(105)) - JvmPauseMonitor-4c10edfb-6769-4396-b189-3c3a2dc734f1: Started
2023-05-04 21:54:21,158 [4af14e23-4e43-4125-a3fa-4a46f775551c-NettyServerStreamRpc-bossGroup--thread1] INFO  logging.LoggingHandler (AbstractInternalLogger.java:log(148)) - [id: 0xf7d9db1a] REGISTERED
2023-05-04 21:54:21,159 [4af14e23-4e43-4125-a3fa-4a46f775551c-NettyServerStreamRpc-bossGroup--thread1] INFO  logging.LoggingHandler (AbstractInternalLogger.java:log(148)) - [id: 0xf7d9db1a] BIND: 0.0.0.0/0.0.0.0:0
2023-05-04 21:54:21,159 [4af14e23-4e43-4125-a3fa-4a46f775551c-NettyServerStreamRpc-bossGroup--thread1] INFO  logging.LoggingHandler (AbstractInternalLogger.java:log(148)) - [id: 0xf7d9db1a, L:/0:0:0:0:0:0:0:0:37781] ACTIVE
2023-05-04 21:54:21,162 [EndpointStateMachine task thread for /0.0.0.0:35509 - 0 ] INFO  server.XceiverServerGrpc (XceiverServerGrpc.java:start(180)) - XceiverServerGrpc 4c10edfb-6769-4396-b189-3c3a2dc734f1 is started using port 43235
2023-05-04 21:54:21,162 [Listener at 127.0.0.1/45425] INFO  server.XceiverServerGrpc (XceiverServerGrpc.java:<init>(132)) - GrpcServer channel type EpollServerSocketChannel
2023-05-04 21:54:21,164 [Listener at 127.0.0.1/45425] INFO  replication.ReplicationSupervisor (ReplicationSupervisor.java:nodeStateUpdated(290)) - Node state updated to IN_SERVICE, scaling executor pool size to 10
2023-05-04 21:54:21,166 [BlockDeletingService#0] INFO  interfaces.ContainerDeletionChoosingPolicyTemplate (ContainerDeletionChoosingPolicyTemplate.java:chooseContainerForBlockDeletion(83)) - Chosen 0/5000 blocks from 0 candidate containers.
2023-05-04 21:54:21,167 [Listener at 127.0.0.1/45425] INFO  http.BaseHttpServer (BaseHttpServer.java:newHttpServer2BuilderForOzone(224)) - Starting Web-server for hddsDatanode at: http://0.0.0.0:0
2023-05-04 21:54:21,167 [Listener at 127.0.0.1/45425] INFO  http.BaseHttpServer (BaseHttpServer.java:<init>(111)) - Hadoop Security Enabled: false Ozone Security Enabled: false Ozone HTTP Security Enabled: false 
2023-05-04 21:54:21,169 [Listener at 127.0.0.1/45425] WARN  server.AuthenticationFilter (AuthenticationFilter.java:constructSecretProvider(240)) - Unable to initialize FileSignerSecretProvider, falling back to use random secrets. Reason: Could not read signature secret file: /home/runner/hadoop-http-auth-signature-secret
2023-05-04 21:54:21,172 [Listener at 127.0.0.1/45425] INFO  http.HttpRequestLog (HttpRequestLog.java:getRequestLog(86)) - Http request log for http.requests.hddsDatanode is not defined
2023-05-04 21:54:21,173 [Listener at 127.0.0.1/45425] INFO  http.HttpServer2 (HttpServer2.java:addGlobalFilter(1031)) - Added global filter 'safety' (class=org.apache.hadoop.hdds.server.http.HttpServer2$QuotingInputFilter)
2023-05-04 21:54:21,175 [Listener at 127.0.0.1/45425] INFO  http.HttpServer2 (HttpServer2.java:addFilter(1007)) - Added filter static_user_filter (class=org.apache.hadoop.http.lib.StaticUserWebFilter$StaticUserFilter) to context hddsDatanode
2023-05-04 21:54:21,175 [Listener at 127.0.0.1/45425] INFO  http.HttpServer2 (HttpServer2.java:addFilter(1015)) - Added filter static_user_filter (class=org.apache.hadoop.http.lib.StaticUserWebFilter$StaticUserFilter) to context logs
2023-05-04 21:54:21,175 [Listener at 127.0.0.1/45425] INFO  http.HttpServer2 (HttpServer2.java:addFilter(1015)) - Added filter static_user_filter (class=org.apache.hadoop.http.lib.StaticUserWebFilter$StaticUserFilter) to context static
2023-05-04 21:54:21,176 [Listener at 127.0.0.1/45425] INFO  http.BaseHttpServer (BaseHttpServer.java:<init>(190)) - HTTP server of hddsDatanode uses base directory /home/runner/work/ozone/ozone/hadoop-ozone/integration-test/target/test-dir/MiniOzoneClusterImpl-52a188dd-66b8-45b2-ab7c-675c0ee04825/datanode-13/meta/webserver
2023-05-04 21:54:21,176 [Listener at 127.0.0.1/45425] INFO  http.HttpServer2 (HttpServer2.java:bindListener(1250)) - Jetty bound to port 39467
2023-05-04 21:54:21,177 [Listener at 127.0.0.1/45425] INFO  server.Server (Server.java:doStart(375)) - jetty-9.4.51.v20230217; built: 2023-02-17T08:19:37.309Z; git: b45c405e4544384de066f814ed42ae3dceacdd49; jvm 1.8.0_362-b09
2023-05-04 21:54:21,179 [Listener at 127.0.0.1/45425] INFO  server.session (DefaultSessionIdManager.java:doStart(334)) - DefaultSessionIdManager workerName=node0
2023-05-04 21:54:21,179 [Listener at 127.0.0.1/45425] INFO  server.session (DefaultSessionIdManager.java:doStart(339)) - No SessionScavenger set, using defaults
2023-05-04 21:54:21,179 [Listener at 127.0.0.1/45425] INFO  server.session (HouseKeeper.java:startScavenging(132)) - node0 Scavenging every 600000ms
2023-05-04 21:54:21,181 [Listener at 127.0.0.1/45425] INFO  handler.ContextHandler (ContextHandler.java:doStart(921)) - Started o.e.j.s.ServletContextHandler@436528c3{logs,/logs,file:///home/runner/work/ozone/ozone/hadoop-ozone/integration-test/target/log,AVAILABLE}
2023-05-04 21:54:21,182 [Listener at 127.0.0.1/45425] INFO  handler.ContextHandler (ContextHandler.java:doStart(921)) - Started o.e.j.s.ServletContextHandler@27f6d10a{static,/static,jar:file:/home/runner/.m2/repository/org/apache/ozone/hdds-container-service/1.4.0-SNAPSHOT/hdds-container-service-1.4.0-SNAPSHOT.jar!/webapps/static,AVAILABLE}
2023-05-04 21:54:21,274 [IPC Server handler 6 on default port 35509] INFO  net.NetworkTopologyImpl (NetworkTopologyImpl.java:add(112)) - Added a new node: /default-rack/6abe40d9-bbca-402e-938b-50fbed365dbf
2023-05-04 21:54:21,274 [IPC Server handler 6 on default port 35509] INFO  node.SCMNodeManager (SCMNodeManager.java:register(407)) - Registered Data node : 6abe40d9-bbca-402e-938b-50fbed365dbf{ip: 10.1.0.44, host: fv-az133-721.yhipumr4050edinzmvad0xeera.cx.internal.cloudapp.net, ports: [HTTP=43423, REPLICATION=41849, RATIS=37731, RATIS_ADMIN=37731, RATIS_SERVER=37731, RATIS_DATASTREAM=45795, STANDALONE=37627], networkLocation: /default-rack, certSerialId: null, persistedOpState: null, persistedOpStateExpiryEpochSec: 0}
2023-05-04 21:54:21,275 [EventQueue-NewNodeForNewNodeHandler] INFO  pipeline.BackgroundPipelineCreator (BackgroundPipelineCreator.java:notifyEventTriggered(276)) - trigger a one-shot run on RatisPipelineUtilsThread.
2023-05-04 21:54:21,275 [RatisPipelineUtilsThread - 0] INFO  pipeline.RatisPipelineProvider (RatisPipelineProvider.java:lambda$create$0(206)) - Sending CreatePipelineCommand for pipeline:PipelineID=0b6dce09-7549-4159-86e7-8808eb89f905 to datanode:6abe40d9-bbca-402e-938b-50fbed365dbf
2023-05-04 21:54:21,277 [RatisPipelineUtilsThread - 0] INFO  pipeline.PipelineStateManagerImpl (PipelineStateManagerImpl.java:addPipeline(103)) - Created pipeline Pipeline[ Id: 0b6dce09-7549-4159-86e7-8808eb89f905, Nodes: 6abe40d9-bbca-402e-938b-50fbed365dbf(fv-az133-721.yhipumr4050edinzmvad0xeera.cx.internal.cloudapp.net/10.1.0.44), ReplicationConfig: RATIS/ONE, State:ALLOCATED, leaderId:, CreationTimestamp2023-05-04T21:54:21.275Z[Etc/UTC]].
2023-05-04 21:54:21,278 [RatisPipelineUtilsThread - 0] WARN  pipeline.PipelinePlacementPolicy (PipelinePlacementPolicy.java:filterViableNodes(160)) - Pipeline creation failed due to no sufficient healthy datanodes. Required 3. Found 2. Excluded 3.
2023-05-04 21:54:21,396 [Listener at 127.0.0.1/45425] INFO  handler.ContextHandler (ContextHandler.java:doStart(921)) - Started o.e.j.w.WebAppContext@1e1e5fb3{hddsDatanode,/,file:///home/runner/work/ozone/ozone/hadoop-ozone/integration-test/target/test-dir/MiniOzoneClusterImpl-52a188dd-66b8-45b2-ab7c-675c0ee04825/datanode-13/meta/webserver/jetty-0_0_0_0-39467-hdds-container-service-1_4_0-SNAPSHOT_jar-_-any-4202359449046068467/webapp/,AVAILABLE}{jar:file:/home/runner/.m2/repository/org/apache/ozone/hdds-container-service/1.4.0-SNAPSHOT/hdds-container-service-1.4.0-SNAPSHOT.jar!/webapps/hddsDatanode}
2023-05-04 21:54:21,401 [Listener at 127.0.0.1/45425] INFO  server.AbstractConnector (AbstractConnector.java:doStart(333)) - Started ServerConnector@44cf1fcd{HTTP/1.1, (http/1.1)}{0.0.0.0:39467}
2023-05-04 21:54:21,401 [Listener at 127.0.0.1/45425] INFO  server.Server (Server.java:doStart(415)) - Started @15205ms
2023-05-04 21:54:21,401 [Listener at 127.0.0.1/45425] WARN  impl.MetricsSystemImpl (MetricsSystemImpl.java:register(279)) - Sink prometheus already exists!
2023-05-04 21:54:21,402 [Listener at 127.0.0.1/45425] INFO  http.BaseHttpServer (BaseHttpServer.java:updateConnectorAddress(344)) - HTTP server of hddsDatanode listening at http://0.0.0.0:39467
2023-05-04 21:54:21,404 [Datanode State Machine Daemon Thread] INFO  statemachine.DatanodeStateMachine (DatanodeStateMachine.java:lambda$startDaemon$0(524)) - Ozone container server started.
2023-05-04 21:54:21,413 [Listener at 127.0.0.1/45425] INFO  ozone.MiniOzoneClusterImpl (MiniOzoneClusterImpl.java:lambda$waitForClusterToBeReady$0(223)) - Waiting for nodes to be ready. Got 5 of 14 DN Heartbeats.
2023-05-04 21:54:21,431 [Listener at 127.0.0.1/45425] INFO  ozone.MiniOzoneClusterImpl (MiniOzoneClusterImpl.java:lambda$waitForClusterToBeReady$0(226)) - Waiting for cluster to exit safe mode
2023-05-04 21:54:21,431 [Listener at 127.0.0.1/45425] INFO  ozone.MiniOzoneClusterImpl (MiniOzoneClusterImpl.java:lambda$waitForClusterToBeReady$0(228)) - SCM became leader
2023-05-04 21:54:21,432 [org.apache.hadoop.util.JvmPauseMonitor$Monitor@5df968c0] INFO  util.JvmPauseMonitor (JvmPauseMonitor.java:run(188)) - Starting JVM pause monitor
2023-05-04 21:54:21,440 [Datanode State Machine Task Thread - 0] INFO  datanode.InitDatanodeState (InitDatanodeState.java:persistContainerDatanodeDetails(138)) - DatanodeDetails is persisted to /home/runner/work/ozone/ozone/hadoop-ozone/integration-test/target/test-dir/MiniOzoneClusterImpl-52a188dd-66b8-45b2-ab7c-675c0ee04825/datanode-13/meta/datanode.id
2023-05-04 21:54:21,546 [EndpointStateMachine task thread for /0.0.0.0:35509 - 0 ] INFO  utils.DatanodeStoreCache (DatanodeStoreCache.java:addDB(58)) - Added db /home/runner/work/ozone/ozone/hadoop-ozone/integration-test/target/test-dir/MiniOzoneClusterImpl-52a188dd-66b8-45b2-ab7c-675c0ee04825/datanode-9/data-0/containers/hdds/52a188dd-66b8-45b2-ab7c-675c0ee04825/DS-6ea0dc3a-225f-4f83-8027-191747fce583/container.db to cache
2023-05-04 21:54:21,546 [EndpointStateMachine task thread for /0.0.0.0:35509 - 0 ] INFO  volume.HddsVolume (HddsVolume.java:createDbStore(350)) - SchemaV3 db is created and loaded at /home/runner/work/ozone/ozone/hadoop-ozone/integration-test/target/test-dir/MiniOzoneClusterImpl-52a188dd-66b8-45b2-ab7c-675c0ee04825/datanode-9/data-0/containers/hdds/52a188dd-66b8-45b2-ab7c-675c0ee04825/DS-6ea0dc3a-225f-4f83-8027-191747fce583/container.db for volume DS-6ea0dc3a-225f-4f83-8027-191747fce583
2023-05-04 21:54:21,546 [EndpointStateMachine task thread for /0.0.0.0:35509 - 0 ] INFO  ozoneimpl.OzoneContainer (OzoneContainer.java:start(397)) - Attempting to start container services.
2023-05-04 21:54:21,547 [EndpointStateMachine task thread for /0.0.0.0:35509 - 0 ] INFO  ozoneimpl.OzoneContainer (OzoneContainer.java:startContainerScrub(314)) - Scheduled background container scanners and the on-demand container scanner have been disabled.
2023-05-04 21:54:21,549 [EndpointStateMachine task thread for /0.0.0.0:35509 - 0 ] INFO  replication.ReplicationServer (ReplicationServer.java:start(109)) - ReplicationServer is started using port 39443
2023-05-04 21:54:21,549 [EndpointStateMachine task thread for /0.0.0.0:35509 - 0 ] INFO  ratis.XceiverServerRatis (XceiverServerRatis.java:start(517)) - Starting XceiverServerRatis d5196681-af95-4a59-85a9-5a8fb94dede6
2023-05-04 21:54:21,550 [EndpointStateMachine task thread for /0.0.0.0:35509 - 0 ] INFO  server.RaftServer (RaftServerProxy.java:startImpl(393)) - d5196681-af95-4a59-85a9-5a8fb94dede6: start RPC server
2023-05-04 21:54:21,552 [EndpointStateMachine task thread for /0.0.0.0:35509 - 0 ] INFO  server.GrpcService (GrpcService.java:startImpl(262)) - d5196681-af95-4a59-85a9-5a8fb94dede6: GrpcService started, listening on 45241
2023-05-04 21:54:21,552 [EndpointStateMachine task thread for /0.0.0.0:35509 - 0 ] INFO  ratis.XceiverServerRatis (XceiverServerRatis.java:getRealPort(543)) - XceiverServerRatis d5196681-af95-4a59-85a9-5a8fb94dede6 is started using port 45241 for RATIS
2023-05-04 21:54:21,552 [JvmPauseMonitor10] INFO  util.JvmPauseMonitor (JvmPauseMonitor.java:run(105)) - JvmPauseMonitor-d5196681-af95-4a59-85a9-5a8fb94dede6: Started
2023-05-04 21:54:21,552 [EndpointStateMachine task thread for /0.0.0.0:35509 - 0 ] INFO  ratis.XceiverServerRatis (XceiverServerRatis.java:getRealPort(543)) - XceiverServerRatis d5196681-af95-4a59-85a9-5a8fb94dede6 is started using port 45241 for RATIS_ADMIN
2023-05-04 21:54:21,553 [EndpointStateMachine task thread for /0.0.0.0:35509 - 0 ] INFO  ratis.XceiverServerRatis (XceiverServerRatis.java:getRealPort(543)) - XceiverServerRatis d5196681-af95-4a59-85a9-5a8fb94dede6 is started using port 45241 for RATIS_SERVER
2023-05-04 21:54:21,553 [EndpointStateMachine task thread for /0.0.0.0:35509 - 0 ] INFO  ratis.XceiverServerRatis (XceiverServerRatis.java:getRealPort(543)) - XceiverServerRatis d5196681-af95-4a59-85a9-5a8fb94dede6 is started using port 45055 for RATIS_DATASTREAM
2023-05-04 21:54:21,558 [EndpointStateMachine task thread for /0.0.0.0:35509 - 0 ] INFO  server.XceiverServerGrpc (XceiverServerGrpc.java:start(180)) - XceiverServerGrpc d5196681-af95-4a59-85a9-5a8fb94dede6 is started using port 35055
2023-05-04 21:54:21,559 [BlockDeletingService#0] INFO  interfaces.ContainerDeletionChoosingPolicyTemplate (ContainerDeletionChoosingPolicyTemplate.java:chooseContainerForBlockDeletion(83)) - Chosen 0/5000 blocks from 0 candidate containers.
2023-05-04 21:54:21,745 [IPC Server handler 11 on default port 35509] INFO  net.NetworkTopologyImpl (NetworkTopologyImpl.java:add(112)) - Added a new node: /default-rack/dbf01856-92cd-4f2e-80e3-f7bd7f97e610
2023-05-04 21:54:21,745 [IPC Server handler 11 on default port 35509] INFO  node.SCMNodeManager (SCMNodeManager.java:register(407)) - Registered Data node : dbf01856-92cd-4f2e-80e3-f7bd7f97e610{ip: 10.1.0.44, host: fv-az133-721.yhipumr4050edinzmvad0xeera.cx.internal.cloudapp.net, ports: [HTTP=38883, REPLICATION=41873, RATIS=43433, RATIS_ADMIN=43433, RATIS_SERVER=43433, RATIS_DATASTREAM=34049, STANDALONE=38437], networkLocation: /default-rack, certSerialId: null, persistedOpState: null, persistedOpStateExpiryEpochSec: 0}
2023-05-04 21:54:21,746 [EventQueue-NewNodeForNewNodeHandler] INFO  pipeline.BackgroundPipelineCreator (BackgroundPipelineCreator.java:notifyEventTriggered(276)) - trigger a one-shot run on RatisPipelineUtilsThread.
2023-05-04 21:54:21,746 [RatisPipelineUtilsThread - 0] INFO  pipeline.RatisPipelineProvider (RatisPipelineProvider.java:lambda$create$0(206)) - Sending CreatePipelineCommand for pipeline:PipelineID=87f2b2d3-4272-44b5-afda-4cb65b1c195f to datanode:dbf01856-92cd-4f2e-80e3-f7bd7f97e610
2023-05-04 21:54:21,748 [RatisPipelineUtilsThread - 0] INFO  pipeline.PipelineStateManagerImpl (PipelineStateManagerImpl.java:addPipeline(103)) - Created pipeline Pipeline[ Id: 87f2b2d3-4272-44b5-afda-4cb65b1c195f, Nodes: dbf01856-92cd-4f2e-80e3-f7bd7f97e610(fv-az133-721.yhipumr4050edinzmvad0xeera.cx.internal.cloudapp.net/10.1.0.44), ReplicationConfig: RATIS/ONE, State:ALLOCATED, leaderId:, CreationTimestamp2023-05-04T21:54:21.746Z[Etc/UTC]].
2023-05-04 21:54:21,749 [RatisPipelineUtilsThread - 0] INFO  pipeline.RatisPipelineProvider (RatisPipelineProvider.java:lambda$create$0(206)) - Sending CreatePipelineCommand for pipeline:PipelineID=cb955eb6-0ea1-48aa-b3bb-1d4c41826dfe to datanode:7b4a0121-e5ca-4a28-aa85-7db853fd0802
2023-05-04 21:54:21,749 [RatisPipelineUtilsThread - 0] INFO  pipeline.RatisPipelineProvider (RatisPipelineProvider.java:lambda$create$0(206)) - Sending CreatePipelineCommand for pipeline:PipelineID=cb955eb6-0ea1-48aa-b3bb-1d4c41826dfe to datanode:dbf01856-92cd-4f2e-80e3-f7bd7f97e610
2023-05-04 21:54:21,749 [RatisPipelineUtilsThread - 0] INFO  pipeline.RatisPipelineProvider (RatisPipelineProvider.java:lambda$create$0(206)) - Sending CreatePipelineCommand for pipeline:PipelineID=cb955eb6-0ea1-48aa-b3bb-1d4c41826dfe to datanode:6abe40d9-bbca-402e-938b-50fbed365dbf
2023-05-04 21:54:21,750 [RatisPipelineUtilsThread - 0] INFO  pipeline.PipelineStateManagerImpl (PipelineStateManagerImpl.java:addPipeline(103)) - Created pipeline Pipeline[ Id: cb955eb6-0ea1-48aa-b3bb-1d4c41826dfe, Nodes: 7b4a0121-e5ca-4a28-aa85-7db853fd0802(fv-az133-721.yhipumr4050edinzmvad0xeera.cx.internal.cloudapp.net/10.1.0.44)dbf01856-92cd-4f2e-80e3-f7bd7f97e610(fv-az133-721.yhipumr4050edinzmvad0xeera.cx.internal.cloudapp.net/10.1.0.44)6abe40d9-bbca-402e-938b-50fbed365dbf(fv-az133-721.yhipumr4050edinzmvad0xeera.cx.internal.cloudapp.net/10.1.0.44), ReplicationConfig: RATIS/THREE, State:ALLOCATED, leaderId:, CreationTimestamp2023-05-04T21:54:21.749Z[Etc/UTC]].
2023-05-04 21:54:21,751 [RatisPipelineUtilsThread - 0] INFO  pipeline.RatisPipelineProvider (RatisPipelineProvider.java:lambda$create$0(206)) - Sending CreatePipelineCommand for pipeline:PipelineID=ed87ea7b-697b-4c50-bde4-be813d0ff4b6 to datanode:dbf01856-92cd-4f2e-80e3-f7bd7f97e610
2023-05-04 21:54:21,751 [RatisPipelineUtilsThread - 0] INFO  pipeline.RatisPipelineProvider (RatisPipelineProvider.java:lambda$create$0(206)) - Sending CreatePipelineCommand for pipeline:PipelineID=ed87ea7b-697b-4c50-bde4-be813d0ff4b6 to datanode:7b4a0121-e5ca-4a28-aa85-7db853fd0802
2023-05-04 21:54:21,751 [RatisPipelineUtilsThread - 0] INFO  pipeline.RatisPipelineProvider (RatisPipelineProvider.java:lambda$create$0(206)) - Sending CreatePipelineCommand for pipeline:PipelineID=ed87ea7b-697b-4c50-bde4-be813d0ff4b6 to datanode:6abe40d9-bbca-402e-938b-50fbed365dbf
2023-05-04 21:54:21,752 [RatisPipelineUtilsThread - 0] INFO  pipeline.PipelineStateManagerImpl (PipelineStateManagerImpl.java:addPipeline(103)) - Created pipeline Pipeline[ Id: ed87ea7b-697b-4c50-bde4-be813d0ff4b6, Nodes: dbf01856-92cd-4f2e-80e3-f7bd7f97e610(fv-az133-721.yhipumr4050edinzmvad0xeera.cx.internal.cloudapp.net/10.1.0.44)7b4a0121-e5ca-4a28-aa85-7db853fd0802(fv-az133-721.yhipumr4050edinzmvad0xeera.cx.internal.cloudapp.net/10.1.0.44)6abe40d9-bbca-402e-938b-50fbed365dbf(fv-az133-721.yhipumr4050edinzmvad0xeera.cx.internal.cloudapp.net/10.1.0.44), ReplicationConfig: RATIS/THREE, State:ALLOCATED, leaderId:, CreationTimestamp2023-05-04T21:54:21.751Z[Etc/UTC]].
2023-05-04 21:54:21,752 [RatisPipelineUtilsThread - 0] INFO  pipeline.PipelineManagerImpl (PipelineManagerImpl.java:recordMetricsForPipeline(826)) - Pipeline: PipelineID=ed87ea7b-697b-4c50-bde4-be813d0ff4b6 contains same datanodes as previous pipelines: PipelineID=cb955eb6-0ea1-48aa-b3bb-1d4c41826dfe nodeIds: dbf01856-92cd-4f2e-80e3-f7bd7f97e610, 7b4a0121-e5ca-4a28-aa85-7db853fd0802, 6abe40d9-bbca-402e-938b-50fbed365dbf
2023-05-04 21:54:21,752 [RatisPipelineUtilsThread - 0] WARN  pipeline.PipelinePlacementPolicy (PipelinePlacementPolicy.java:filterViableNodes(160)) - Pipeline creation failed due to no sufficient healthy datanodes. Required 3. Found 0. Excluded 6.
2023-05-04 21:54:22,009 [EndpointStateMachine task thread for /0.0.0.0:35509 - 0 ] INFO  utils.DatanodeStoreCache (DatanodeStoreCache.java:addDB(58)) - Added db /home/runner/work/ozone/ozone/hadoop-ozone/integration-test/target/test-dir/MiniOzoneClusterImpl-52a188dd-66b8-45b2-ab7c-675c0ee04825/datanode-10/data-0/containers/hdds/52a188dd-66b8-45b2-ab7c-675c0ee04825/DS-1ccbc49f-0df5-4092-afd8-6ae1d625cb97/container.db to cache
2023-05-04 21:54:22,011 [EndpointStateMachine task thread for /0.0.0.0:35509 - 0 ] INFO  volume.HddsVolume (HddsVolume.java:createDbStore(350)) - SchemaV3 db is created and loaded at /home/runner/work/ozone/ozone/hadoop-ozone/integration-test/target/test-dir/MiniOzoneClusterImpl-52a188dd-66b8-45b2-ab7c-675c0ee04825/datanode-10/data-0/containers/hdds/52a188dd-66b8-45b2-ab7c-675c0ee04825/DS-1ccbc49f-0df5-4092-afd8-6ae1d625cb97/container.db for volume DS-1ccbc49f-0df5-4092-afd8-6ae1d625cb97
2023-05-04 21:54:22,012 [EndpointStateMachine task thread for /0.0.0.0:35509 - 0 ] INFO  ozoneimpl.OzoneContainer (OzoneContainer.java:start(397)) - Attempting to start container services.
2023-05-04 21:54:22,013 [EndpointStateMachine task thread for /0.0.0.0:35509 - 0 ] INFO  ozoneimpl.OzoneContainer (OzoneContainer.java:startContainerScrub(314)) - Scheduled background container scanners and the on-demand container scanner have been disabled.
2023-05-04 21:54:22,015 [EndpointStateMachine task thread for /0.0.0.0:35509 - 0 ] INFO  replication.ReplicationServer (ReplicationServer.java:start(109)) - ReplicationServer is started using port 46745
2023-05-04 21:54:22,015 [EndpointStateMachine task thread for /0.0.0.0:35509 - 0 ] INFO  ratis.XceiverServerRatis (XceiverServerRatis.java:start(517)) - Starting XceiverServerRatis 0362f5ef-3c15-4b85-bfd5-7911b45f7638
2023-05-04 21:54:22,017 [EndpointStateMachine task thread for /0.0.0.0:35509 - 0 ] INFO  server.RaftServer (RaftServerProxy.java:startImpl(393)) - 0362f5ef-3c15-4b85-bfd5-7911b45f7638: start RPC server
2023-05-04 21:54:22,019 [EndpointStateMachine task thread for /0.0.0.0:35509 - 0 ] INFO  server.GrpcService (GrpcService.java:startImpl(262)) - 0362f5ef-3c15-4b85-bfd5-7911b45f7638: GrpcService started, listening on 45243
2023-05-04 21:54:22,020 [EndpointStateMachine task thread for /0.0.0.0:35509 - 0 ] INFO  ratis.XceiverServerRatis (XceiverServerRatis.java:getRealPort(543)) - XceiverServerRatis 0362f5ef-3c15-4b85-bfd5-7911b45f7638 is started using port 45243 for RATIS
2023-05-04 21:54:22,020 [JvmPauseMonitor11] INFO  util.JvmPauseMonitor (JvmPauseMonitor.java:run(105)) - JvmPauseMonitor-0362f5ef-3c15-4b85-bfd5-7911b45f7638: Started
2023-05-04 21:54:22,020 [EndpointStateMachine task thread for /0.0.0.0:35509 - 0 ] INFO  ratis.XceiverServerRatis (XceiverServerRatis.java:getRealPort(543)) - XceiverServerRatis 0362f5ef-3c15-4b85-bfd5-7911b45f7638 is started using port 45243 for RATIS_ADMIN
2023-05-04 21:54:22,022 [EndpointStateMachine task thread for /0.0.0.0:35509 - 0 ] INFO  ratis.XceiverServerRatis (XceiverServerRatis.java:getRealPort(543)) - XceiverServerRatis 0362f5ef-3c15-4b85-bfd5-7911b45f7638 is started using port 45243 for RATIS_SERVER
2023-05-04 21:54:22,022 [EndpointStateMachine task thread for /0.0.0.0:35509 - 0 ] INFO  ratis.XceiverServerRatis (XceiverServerRatis.java:getRealPort(543)) - XceiverServerRatis 0362f5ef-3c15-4b85-bfd5-7911b45f7638 is started using port 37891 for RATIS_DATASTREAM
2023-05-04 21:54:22,026 [EndpointStateMachine task thread for /0.0.0.0:35509 - 0 ] INFO  server.XceiverServerGrpc (XceiverServerGrpc.java:start(180)) - XceiverServerGrpc 0362f5ef-3c15-4b85-bfd5-7911b45f7638 is started using port 35395
2023-05-04 21:54:22,029 [BlockDeletingService#0] INFO  interfaces.ContainerDeletionChoosingPolicyTemplate (ContainerDeletionChoosingPolicyTemplate.java:chooseContainerForBlockDeletion(83)) - Chosen 0/5000 blocks from 0 candidate containers.
2023-05-04 21:54:22,216 [IPC Server handler 6 on default port 35509] INFO  net.NetworkTopologyImpl (NetworkTopologyImpl.java:add(112)) - Added a new node: /default-rack/7a25d7ac-269f-485a-96a1-a3fbc0da93f8
2023-05-04 21:54:22,216 [IPC Server handler 6 on default port 35509] INFO  node.SCMNodeManager (SCMNodeManager.java:register(407)) - Registered Data node : 7a25d7ac-269f-485a-96a1-a3fbc0da93f8{ip: 10.1.0.44, host: fv-az133-721.yhipumr4050edinzmvad0xeera.cx.internal.cloudapp.net, ports: [HTTP=43707, REPLICATION=39969, RATIS=38519, RATIS_ADMIN=38519, RATIS_SERVER=38519, RATIS_DATASTREAM=33389, STANDALONE=43635], networkLocation: /default-rack, certSerialId: null, persistedOpState: null, persistedOpStateExpiryEpochSec: 0}
2023-05-04 21:54:22,217 [EventQueue-NewNodeForNewNodeHandler] INFO  pipeline.BackgroundPipelineCreator (BackgroundPipelineCreator.java:notifyEventTriggered(276)) - trigger a one-shot run on RatisPipelineUtilsThread.
2023-05-04 21:54:22,218 [RatisPipelineUtilsThread - 0] INFO  pipeline.RatisPipelineProvider (RatisPipelineProvider.java:lambda$create$0(206)) - Sending CreatePipelineCommand for pipeline:PipelineID=d539bc3f-1695-4718-9aee-6ce870f760ca to datanode:7a25d7ac-269f-485a-96a1-a3fbc0da93f8
2023-05-04 21:54:22,220 [RatisPipelineUtilsThread - 0] INFO  pipeline.PipelineStateManagerImpl (PipelineStateManagerImpl.java:addPipeline(103)) - Created pipeline Pipeline[ Id: d539bc3f-1695-4718-9aee-6ce870f760ca, Nodes: 7a25d7ac-269f-485a-96a1-a3fbc0da93f8(fv-az133-721.yhipumr4050edinzmvad0xeera.cx.internal.cloudapp.net/10.1.0.44), ReplicationConfig: RATIS/ONE, State:ALLOCATED, leaderId:, CreationTimestamp2023-05-04T21:54:22.218Z[Etc/UTC]].
2023-05-04 21:54:22,221 [RatisPipelineUtilsThread - 0] WARN  pipeline.PipelinePlacementPolicy (PipelinePlacementPolicy.java:filterViableNodes(160)) - Pipeline creation failed due to no sufficient healthy datanodes. Required 3. Found 1. Excluded 6.
2023-05-04 21:54:22,431 [Listener at 127.0.0.1/45425] INFO  ozone.MiniOzoneClusterImpl (MiniOzoneClusterImpl.java:lambda$waitForClusterToBeReady$0(223)) - Waiting for nodes to be ready. Got 7 of 14 DN Heartbeats.
2023-05-04 21:54:22,432 [Listener at 127.0.0.1/45425] INFO  ozone.MiniOzoneClusterImpl (MiniOzoneClusterImpl.java:lambda$waitForClusterToBeReady$0(226)) - Waiting for cluster to exit safe mode
2023-05-04 21:54:22,432 [Listener at 127.0.0.1/45425] INFO  ozone.MiniOzoneClusterImpl (MiniOzoneClusterImpl.java:lambda$waitForClusterToBeReady$0(228)) - SCM became leader
2023-05-04 21:54:22,486 [EndpointStateMachine task thread for /0.0.0.0:35509 - 0 ] INFO  utils.DatanodeStoreCache (DatanodeStoreCache.java:addDB(58)) - Added db /home/runner/work/ozone/ozone/hadoop-ozone/integration-test/target/test-dir/MiniOzoneClusterImpl-52a188dd-66b8-45b2-ab7c-675c0ee04825/datanode-11/data-0/containers/hdds/52a188dd-66b8-45b2-ab7c-675c0ee04825/DS-dad7ace4-b8fb-4583-ac62-e46ed959c5d3/container.db to cache
2023-05-04 21:54:22,486 [EndpointStateMachine task thread for /0.0.0.0:35509 - 0 ] INFO  volume.HddsVolume (HddsVolume.java:createDbStore(350)) - SchemaV3 db is created and loaded at /home/runner/work/ozone/ozone/hadoop-ozone/integration-test/target/test-dir/MiniOzoneClusterImpl-52a188dd-66b8-45b2-ab7c-675c0ee04825/datanode-11/data-0/containers/hdds/52a188dd-66b8-45b2-ab7c-675c0ee04825/DS-dad7ace4-b8fb-4583-ac62-e46ed959c5d3/container.db for volume DS-dad7ace4-b8fb-4583-ac62-e46ed959c5d3
2023-05-04 21:54:22,487 [EndpointStateMachine task thread for /0.0.0.0:35509 - 0 ] INFO  ozoneimpl.OzoneContainer (OzoneContainer.java:start(397)) - Attempting to start container services.
2023-05-04 21:54:22,487 [EndpointStateMachine task thread for /0.0.0.0:35509 - 0 ] INFO  ozoneimpl.OzoneContainer (OzoneContainer.java:startContainerScrub(314)) - Scheduled background container scanners and the on-demand container scanner have been disabled.
2023-05-04 21:54:22,492 [EndpointStateMachine task thread for /0.0.0.0:35509 - 0 ] INFO  replication.ReplicationServer (ReplicationServer.java:start(109)) - ReplicationServer is started using port 35599
2023-05-04 21:54:22,492 [EndpointStateMachine task thread for /0.0.0.0:35509 - 0 ] INFO  ratis.XceiverServerRatis (XceiverServerRatis.java:start(517)) - Starting XceiverServerRatis ba9b7234-19ea-40e1-bb60-95fa157c93f0
2023-05-04 21:54:22,493 [EndpointStateMachine task thread for /0.0.0.0:35509 - 0 ] INFO  server.RaftServer (RaftServerProxy.java:startImpl(393)) - ba9b7234-19ea-40e1-bb60-95fa157c93f0: start RPC server
2023-05-04 21:54:22,496 [EndpointStateMachine task thread for /0.0.0.0:35509 - 0 ] INFO  server.GrpcService (GrpcService.java:startImpl(262)) - ba9b7234-19ea-40e1-bb60-95fa157c93f0: GrpcService started, listening on 37815
2023-05-04 21:54:22,496 [EndpointStateMachine task thread for /0.0.0.0:35509 - 0 ] INFO  ratis.XceiverServerRatis (XceiverServerRatis.java:getRealPort(543)) - XceiverServerRatis ba9b7234-19ea-40e1-bb60-95fa157c93f0 is started using port 37815 for RATIS
2023-05-04 21:54:22,496 [EndpointStateMachine task thread for /0.0.0.0:35509 - 0 ] INFO  ratis.XceiverServerRatis (XceiverServerRatis.java:getRealPort(543)) - XceiverServerRatis ba9b7234-19ea-40e1-bb60-95fa157c93f0 is started using port 37815 for RATIS_ADMIN
2023-05-04 21:54:22,496 [EndpointStateMachine task thread for /0.0.0.0:35509 - 0 ] INFO  ratis.XceiverServerRatis (XceiverServerRatis.java:getRealPort(543)) - XceiverServerRatis ba9b7234-19ea-40e1-bb60-95fa157c93f0 is started using port 37815 for RATIS_SERVER
2023-05-04 21:54:22,496 [EndpointStateMachine task thread for /0.0.0.0:35509 - 0 ] INFO  ratis.XceiverServerRatis (XceiverServerRatis.java:getRealPort(543)) - XceiverServerRatis ba9b7234-19ea-40e1-bb60-95fa157c93f0 is started using port 46499 for RATIS_DATASTREAM
2023-05-04 21:54:22,496 [JvmPauseMonitor12] INFO  util.JvmPauseMonitor (JvmPauseMonitor.java:run(105)) - JvmPauseMonitor-ba9b7234-19ea-40e1-bb60-95fa157c93f0: Started
2023-05-04 21:54:22,499 [EndpointStateMachine task thread for /0.0.0.0:35509 - 0 ] INFO  server.XceiverServerGrpc (XceiverServerGrpc.java:start(180)) - XceiverServerGrpc ba9b7234-19ea-40e1-bb60-95fa157c93f0 is started using port 45825
2023-05-04 21:54:22,500 [BlockDeletingService#0] INFO  interfaces.ContainerDeletionChoosingPolicyTemplate (ContainerDeletionChoosingPolicyTemplate.java:chooseContainerForBlockDeletion(83)) - Chosen 0/5000 blocks from 0 candidate containers.
2023-05-04 21:54:22,609 [Command processor thread] INFO  server.RaftServer (RaftServerProxy.java:addNew(96)) - e0862bec-a8bd-48ad-a9f8-bef0c155c835: addNew group-CA8807347F24:[e0862bec-a8bd-48ad-a9f8-bef0c155c835|rpc:10.1.0.44:39581|dataStream:10.1.0.44:35075|priority:1|startupRole:FOLLOWER] returns group-CA8807347F24:java.util.concurrent.CompletableFuture@52b53fd5[Not completed]
2023-05-04 21:54:22,623 [pool-79-thread-1] INFO  server.RaftServer$Division (RaftServerImpl.java:<init>(195)) - e0862bec-a8bd-48ad-a9f8-bef0c155c835: new RaftServerImpl for group-CA8807347F24:[e0862bec-a8bd-48ad-a9f8-bef0c155c835|rpc:10.1.0.44:39581|dataStream:10.1.0.44:35075|priority:1|startupRole:FOLLOWER] with ContainerStateMachine:uninitialized
2023-05-04 21:54:22,623 [pool-79-thread-1] INFO  server.RaftServerConfigKeys (ConfUtils.java:logGet(46)) - raft.server.rpc.timeout.min = 5s (custom)
2023-05-04 21:54:22,623 [pool-79-thread-1] INFO  server.RaftServerConfigKeys (ConfUtils.java:logGet(46)) - raft.server.rpc.timeout.max = 5200ms (custom)
2023-05-04 21:54:22,623 [pool-79-thread-1] INFO  server.RaftServerConfigKeys (ConfUtils.java:logGet(46)) - raft.server.rpc.sleep.time = 25ms (default)
2023-05-04 21:54:22,623 [pool-79-thread-1] INFO  server.RaftServerConfigKeys (ConfUtils.java:logGet(46)) - raft.server.rpc.slowness.timeout = 300s (custom)
2023-05-04 21:54:22,623 [pool-79-thread-1] INFO  server.RaftServerConfigKeys (ConfUtils.java:logGet(46)) - raft.server.leaderelection.leader.step-down.wait-time = 10s (default)
2023-05-04 21:54:22,623 [pool-79-thread-1] INFO  server.RaftServerConfigKeys (ConfUtils.java:logGet(46)) - raft.server.sleep.deviation.threshold = 300ms (default)
2023-05-04 21:54:22,623 [pool-79-thread-1] INFO  server.RaftServer$Division (ServerState.java:<init>(118)) - e0862bec-a8bd-48ad-a9f8-bef0c155c835@group-CA8807347F24: ConfigurationManager, init=-1: peers:[e0862bec-a8bd-48ad-a9f8-bef0c155c835|rpc:10.1.0.44:39581|dataStream:10.1.0.44:35075|priority:1|startupRole:FOLLOWER]|listeners:[], old=null, confs=<EMPTY_MAP>
2023-05-04 21:54:22,624 [pool-79-thread-1] INFO  server.RaftServerConfigKeys (ConfUtils.java:logGet(46)) - raft.server.storage.dir = [/home/runner/work/ozone/ozone/hadoop-ozone/integration-test/target/test-dir/MiniOzoneClusterImpl-52a188dd-66b8-45b2-ab7c-675c0ee04825/datanode-0/data/ratis] (custom)
2023-05-04 21:54:22,624 [pool-79-thread-1] INFO  server.RaftServerConfigKeys (ConfUtils.java:logGet(46)) - raft.server.log.corruption.policy = EXCEPTION (default)
2023-05-04 21:54:22,624 [pool-79-thread-1] INFO  server.RaftServerConfigKeys (ConfUtils.java:logGet(46)) - raft.server.storage.free-space.min = 0MB (=0) (default)
2023-05-04 21:54:22,624 [pool-79-thread-1] INFO  server.RaftServerConfigKeys (ConfUtils.java:logGet(46)) - raft.server.notification.no-leader.timeout = 300s (custom)
2023-05-04 21:54:22,624 [pool-79-thread-1] INFO  server.RaftServerConfigKeys (ConfUtils.java:logGet(46)) - raft.server.retrycache.expirytime = 600000ms (custom)
2023-05-04 21:54:22,624 [pool-79-thread-1] INFO  server.RaftServerConfigKeys (ConfUtils.java:logGet(46)) - raft.server.retrycache.statistics.expirytime = 100μs (default)
2023-05-04 21:54:22,628 [pool-79-thread-1] INFO  server.RaftServerConfigKeys (ConfUtils.java:logGet(46)) - raft.server.log.appender.install.snapshot.enabled = false (custom)
2023-05-04 21:54:22,628 [pool-79-thread-1] INFO  server.RaftServerConfigKeys (ConfUtils.java:logGet(46)) - raft.server.threadpool.server.cached = true (default)
2023-05-04 21:54:22,628 [pool-79-thread-1] INFO  server.RaftServerConfigKeys (ConfUtils.java:logGet(46)) - raft.server.threadpool.server.size = 0 (default)
2023-05-04 21:54:22,628 [pool-79-thread-1] INFO  server.RaftServerConfigKeys (ConfUtils.java:logGet(46)) - raft.server.threadpool.client.cached = true (default)
2023-05-04 21:54:22,628 [pool-79-thread-1] INFO  server.RaftServerConfigKeys (ConfUtils.java:logGet(46)) - raft.server.threadpool.client.size = 0 (default)
2023-05-04 21:54:22,628 [pool-79-thread-1] INFO  storage.RaftStorageDirectory (RaftStorageDirectoryImpl.java:analyzeStorage(137)) - The storage directory /home/runner/work/ozone/ozone/hadoop-ozone/integration-test/target/test-dir/MiniOzoneClusterImpl-52a188dd-66b8-45b2-ab7c-675c0ee04825/datanode-0/data/ratis/366ac001-db4b-43df-955f-ca8807347f24 does not exist. Creating ...
2023-05-04 21:54:22,629 [pool-79-thread-1] INFO  storage.RaftStorageDirectory (RaftStorageDirectoryImpl.java:tryLock(231)) - Lock on /home/runner/work/ozone/ozone/hadoop-ozone/integration-test/target/test-dir/MiniOzoneClusterImpl-52a188dd-66b8-45b2-ab7c-675c0ee04825/datanode-0/data/ratis/366ac001-db4b-43df-955f-ca8807347f24/in_use.lock acquired by nodename 25128@fv-az133-721
2023-05-04 21:54:22,630 [pool-79-thread-1] INFO  storage.RaftStorage (RaftStorageImpl.java:format(96)) - Storage directory /home/runner/work/ozone/ozone/hadoop-ozone/integration-test/target/test-dir/MiniOzoneClusterImpl-52a188dd-66b8-45b2-ab7c-675c0ee04825/datanode-0/data/ratis/366ac001-db4b-43df-955f-ca8807347f24 has been successfully formatted.
2023-05-04 21:54:22,636 [pool-79-thread-1] INFO  ratis.ContainerStateMachine (ContainerStateMachine.java:loadSnapshot(262)) - group-CA8807347F24: The snapshot info is null. Setting the last applied indexto:(t:0, i:~)
2023-05-04 21:54:22,636 [pool-79-thread-1] INFO  server.RaftServerConfigKeys (ConfUtils.java:logGet(46)) - raft.server.log.use.memory = false (default)
2023-05-04 21:54:22,636 [pool-79-thread-1] INFO  server.RaftServerConfigKeys (ConfUtils.java:logGet(46)) - raft.server.log.purge.gap = 1000000 (custom)
2023-05-04 21:54:22,637 [pool-79-thread-1] INFO  server.RaftServerConfigKeys (ConfUtils.java:logGet(46)) - raft.server.log.appender.buffer.byte-limit = 33554432 (custom)
2023-05-04 21:54:22,637 [pool-79-thread-1] INFO  server.RaftServerConfigKeys (ConfUtils.java:logGet(46)) - raft.server.log.statemachine.data.read.timeout = 1000ms (default)
2023-05-04 21:54:22,637 [pool-79-thread-1] INFO  server.RaftServerConfigKeys (ConfUtils.java:logGet(46)) - raft.server.log.purge.preservation.log.num = 0 (default)
2023-05-04 21:54:22,642 [IPC Server handler 1 on default port 35509] INFO  net.NetworkTopologyImpl (NetworkTopologyImpl.java:add(112)) - Added a new node: /default-rack/9dbc72e3-9cc3-404d-a7a0-986f3a32b37f
2023-05-04 21:54:22,642 [IPC Server handler 1 on default port 35509] INFO  node.SCMNodeManager (SCMNodeManager.java:register(407)) - Registered Data node : 9dbc72e3-9cc3-404d-a7a0-986f3a32b37f{ip: 10.1.0.44, host: fv-az133-721.yhipumr4050edinzmvad0xeera.cx.internal.cloudapp.net, ports: [HTTP=46723, REPLICATION=43551, RATIS=39725, RATIS_ADMIN=39725, RATIS_SERVER=39725, RATIS_DATASTREAM=33233, STANDALONE=37405], networkLocation: /default-rack, certSerialId: null, persistedOpState: null, persistedOpStateExpiryEpochSec: 0}
2023-05-04 21:54:22,642 [EventQueue-NewNodeForNewNodeHandler] INFO  pipeline.BackgroundPipelineCreator (BackgroundPipelineCreator.java:notifyEventTriggered(276)) - trigger a one-shot run on RatisPipelineUtilsThread.
2023-05-04 21:54:22,643 [RatisPipelineUtilsThread - 0] INFO  pipeline.RatisPipelineProvider (RatisPipelineProvider.java:lambda$create$0(206)) - Sending CreatePipelineCommand for pipeline:PipelineID=7bfdeeb3-75fb-4665-9ab1-76fbcc1860e5 to datanode:9dbc72e3-9cc3-404d-a7a0-986f3a32b37f
2023-05-04 21:54:22,645 [RatisPipelineUtilsThread - 0] INFO  pipeline.PipelineStateManagerImpl (PipelineStateManagerImpl.java:addPipeline(103)) - Created pipeline Pipeline[ Id: 7bfdeeb3-75fb-4665-9ab1-76fbcc1860e5, Nodes: 9dbc72e3-9cc3-404d-a7a0-986f3a32b37f(fv-az133-721.yhipumr4050edinzmvad0xeera.cx.internal.cloudapp.net/10.1.0.44), ReplicationConfig: RATIS/ONE, State:ALLOCATED, leaderId:, CreationTimestamp2023-05-04T21:54:22.643Z[Etc/UTC]].
2023-05-04 21:54:22,652 [RatisPipelineUtilsThread - 0] WARN  pipeline.PipelinePlacementPolicy (PipelinePlacementPolicy.java:filterViableNodes(160)) - Pipeline creation failed due to no sufficient healthy datanodes. Required 3. Found 2. Excluded 6.
2023-05-04 21:54:22,653 [pool-79-thread-1] INFO  server.RaftServerConfigKeys (ConfUtils.java:logGet(46)) - raft.server.log.segment.size.max = 1048576 (custom)
2023-05-04 21:54:22,654 [pool-79-thread-1] INFO  server.RaftServerConfigKeys (ConfUtils.java:logGet(46)) - raft.server.log.segment.cache.num.max = 2 (custom)
2023-05-04 21:54:22,654 [pool-79-thread-1] INFO  server.RaftServerConfigKeys (ConfUtils.java:logGet(46)) - raft.server.log.segment.cache.size.max = 200MB (=209715200) (default)
2023-05-04 21:54:22,654 [pool-79-thread-1] INFO  segmented.SegmentedRaftLogWorker (SegmentedRaftLogWorker.java:<init>(189)) - new e0862bec-a8bd-48ad-a9f8-bef0c155c835@group-CA8807347F24-SegmentedRaftLogWorker for RaftStorageImpl:Storage Directory /home/runner/work/ozone/ozone/hadoop-ozone/integration-test/target/test-dir/MiniOzoneClusterImpl-52a188dd-66b8-45b2-ab7c-675c0ee04825/datanode-0/data/ratis/366ac001-db4b-43df-955f-ca8807347f24
2023-05-04 21:54:22,654 [pool-79-thread-1] INFO  server.RaftServerConfigKeys (ConfUtils.java:logGet(46)) - raft.server.log.queue.byte-limit = 4294967296 (custom)
2023-05-04 21:54:22,654 [pool-79-thread-1] INFO  server.RaftServerConfigKeys (ConfUtils.java:logGet(46)) - raft.server.log.queue.element-limit = 1024 (custom)
2023-05-04 21:54:22,654 [pool-79-thread-1] INFO  server.RaftServerConfigKeys (ConfUtils.java:logGet(46)) - raft.server.log.segment.size.max = 1048576 (custom)
2023-05-04 21:54:22,654 [pool-79-thread-1] INFO  server.RaftServerConfigKeys (ConfUtils.java:logGet(46)) - raft.server.log.preallocated.size = 16384 (custom)
2023-05-04 21:54:22,654 [pool-79-thread-1] INFO  server.RaftServerConfigKeys (ConfUtils.java:logGet(46)) - raft.server.log.force.sync.num = 128 (default)
2023-05-04 21:54:22,654 [pool-79-thread-1] INFO  server.RaftServerConfigKeys (ConfUtils.java:logGet(46)) - raft.server.log.statemachine.data.sync = true (default)
2023-05-04 21:54:22,655 [pool-79-thread-1] INFO  server.RaftServerConfigKeys (ConfUtils.java:logGet(46)) - raft.server.log.statemachine.data.sync.timeout = 10s (default)
2023-05-04 21:54:22,655 [pool-79-thread-1] INFO  server.RaftServerConfigKeys (ConfUtils.java:logGet(46)) - raft.server.log.statemachine.data.sync.timeout.retry = -1 (default)
2023-05-04 21:54:22,659 [pool-79-thread-1] INFO  server.RaftServerConfigKeys (ConfUtils.java:logGet(46)) - raft.server.log.write.buffer.size = 1048576 (custom)
2023-05-04 21:54:22,661 [pool-79-thread-1] INFO  server.RaftServerConfigKeys (ConfUtils.java:logGet(46)) - raft.server.log.appender.buffer.byte-limit = 33554432 (custom)
2023-05-04 21:54:22,670 [pool-79-thread-1] INFO  server.RaftServerConfigKeys (ConfUtils.java:logGet(46)) - raft.server.log.unsafe-flush.enabled = false (default)
2023-05-04 21:54:22,671 [pool-79-thread-1] INFO  server.RaftServerConfigKeys (ConfUtils.java:logGet(46)) - raft.server.log.async-flush.enabled = false (default)
2023-05-04 21:54:22,671 [pool-79-thread-1] INFO  server.RaftServerConfigKeys (ConfUtils.java:logGet(46)) - raft.server.log.statemachine.data.caching.enabled = true (custom)
2023-05-04 21:54:22,671 [pool-79-thread-1] INFO  segmented.SegmentedRaftLogWorker (SegmentedRaftLogWorker.java:lambda$new$0(135)) - e0862bec-a8bd-48ad-a9f8-bef0c155c835@group-CA8807347F24-SegmentedRaftLogWorker: flushIndex: setUnconditionally 0 -> -1
2023-05-04 21:54:22,671 [pool-79-thread-1] INFO  segmented.SegmentedRaftLogWorker (SegmentedRaftLogWorker.java:lambda$new$0(135)) - e0862bec-a8bd-48ad-a9f8-bef0c155c835@group-CA8807347F24-SegmentedRaftLogWorker: safeCacheEvictIndex: setUnconditionally 0 -> -1
2023-05-04 21:54:22,671 [pool-79-thread-1] INFO  server.RaftServer$Division (RaftServerImpl.java:start(334)) - e0862bec-a8bd-48ad-a9f8-bef0c155c835@group-CA8807347F24: start as a follower, conf=-1: peers:[e0862bec-a8bd-48ad-a9f8-bef0c155c835|rpc:10.1.0.44:39581|dataStream:10.1.0.44:35075|priority:1|startupRole:FOLLOWER]|listeners:[], old=null
2023-05-04 21:54:22,672 [pool-79-thread-1] INFO  server.RaftServer$Division (RaftServerImpl.java:setRole(321)) - e0862bec-a8bd-48ad-a9f8-bef0c155c835@group-CA8807347F24: changes role from      null to FOLLOWER at term 0 for startAsFollower
2023-05-04 21:54:22,672 [pool-79-thread-1] INFO  impl.RoleInfo (RoleInfo.java:updateAndGet(139)) - e0862bec-a8bd-48ad-a9f8-bef0c155c835: start e0862bec-a8bd-48ad-a9f8-bef0c155c835@group-CA8807347F24-FollowerState
2023-05-04 21:54:22,672 [EventQueue-PipelineReportForPipelineReportHandler] INFO  pipeline.PipelineManagerImpl (PipelineManagerImpl.java:openPipeline(367)) - Pipeline Pipeline[ Id: 366ac001-db4b-43df-955f-ca8807347f24, Nodes: e0862bec-a8bd-48ad-a9f8-bef0c155c835(fv-az133-721.yhipumr4050edinzmvad0xeera.cx.internal.cloudapp.net/10.1.0.44), ReplicationConfig: RATIS/ONE, State:ALLOCATED, leaderId:e0862bec-a8bd-48ad-a9f8-bef0c155c835, CreationTimestamp2023-05-04T21:54:19.667Z[Etc/UTC]] moved to OPEN state
2023-05-04 21:54:22,672 [pool-79-thread-1] INFO  util.JmxRegister (JmxRegister.java:tryRegister(44)) - Successfully registered JMX Bean with object name Ratis:service=RaftServer,group=group-CA8807347F24,id=e0862bec-a8bd-48ad-a9f8-bef0c155c835
2023-05-04 21:54:22,672 [pool-79-thread-1] INFO  server.RaftServerConfigKeys (ConfUtils.java:logGet(46)) - raft.server.snapshot.auto.trigger.enabled = true (custom)
2023-05-04 21:54:22,673 [pool-79-thread-1] INFO  server.RaftServerConfigKeys (ConfUtils.java:logGet(46)) - raft.server.snapshot.auto.trigger.threshold = 10000 (custom)
2023-05-04 21:54:22,673 [pool-79-thread-1] INFO  server.RaftServerConfigKeys (ConfUtils.java:logGet(46)) - raft.server.snapshot.retention.file.num = 5 (custom)
2023-05-04 21:54:22,673 [pool-79-thread-1] INFO  server.RaftServerConfigKeys (ConfUtils.java:logGet(46)) - raft.server.log.purge.upto.snapshot.index = false (default)
2023-05-04 21:54:22,677 [EventQueue-OpenPipelineForHealthyPipelineSafeModeRule] INFO  safemode.SCMSafeModeManager (HealthyPipelineSafeModeRule.java:process(137)) - SCM in safe mode. Healthy pipelines reported count is 0, required healthy pipeline reported count is 1
2023-05-04 21:54:22,686 [e0862bec-a8bd-48ad-a9f8-bef0c155c835@group-CA8807347F24-FollowerState] INFO  server.RaftServerConfigKeys (ConfUtils.java:logFallback(53)) - raft.server.rpc.first-election.timeout.min = 5s (fallback to raft.server.rpc.timeout.min)
2023-05-04 21:54:22,686 [e0862bec-a8bd-48ad-a9f8-bef0c155c835@group-CA8807347F24-FollowerState] INFO  server.RaftServerConfigKeys (ConfUtils.java:logFallback(53)) - raft.server.rpc.first-election.timeout.max = 5200ms (fallback to raft.server.rpc.timeout.max)
2023-05-04 21:54:22,689 [Command processor thread] INFO  ratis.XceiverServerRatis (XceiverServerRatis.java:addGroup(806)) - Created group PipelineID=366ac001-db4b-43df-955f-ca8807347f24
2023-05-04 21:54:22,690 [Command processor thread] INFO  commandhandler.CreatePipelineCommandHandler (CreatePipelineCommandHandler.java:handle(113)) - Created Pipeline RATIS ONE PipelineID=366ac001-db4b-43df-955f-ca8807347f24.
2023-05-04 21:54:22,690 [Command processor thread] INFO  server.RaftServer (RaftServerProxy.java:addNew(96)) - e0862bec-a8bd-48ad-a9f8-bef0c155c835: addNew group-54A07F66644F:[4332e2d2-7bb6-4f7e-906a-de641ae4498f|rpc:10.1.0.44:41005|dataStream:10.1.0.44:36391|priority:0|startupRole:FOLLOWER, 4af07dde-7c26-4e14-912a-ab8f17b2e80e|rpc:10.1.0.44:38769|dataStream:10.1.0.44:33047|priority:0|startupRole:FOLLOWER, e0862bec-a8bd-48ad-a9f8-bef0c155c835|rpc:10.1.0.44:39581|dataStream:10.1.0.44:35075|priority:1|startupRole:FOLLOWER] returns group-54A07F66644F:java.util.concurrent.CompletableFuture@57418c6f[Not completed]
2023-05-04 21:54:22,692 [pool-79-thread-1] INFO  server.RaftServer$Division (RaftServerImpl.java:<init>(195)) - e0862bec-a8bd-48ad-a9f8-bef0c155c835: new RaftServerImpl for group-54A07F66644F:[4332e2d2-7bb6-4f7e-906a-de641ae4498f|rpc:10.1.0.44:41005|dataStream:10.1.0.44:36391|priority:0|startupRole:FOLLOWER, 4af07dde-7c26-4e14-912a-ab8f17b2e80e|rpc:10.1.0.44:38769|dataStream:10.1.0.44:33047|priority:0|startupRole:FOLLOWER, e0862bec-a8bd-48ad-a9f8-bef0c155c835|rpc:10.1.0.44:39581|dataStream:10.1.0.44:35075|priority:1|startupRole:FOLLOWER] with ContainerStateMachine:uninitialized
2023-05-04 21:54:22,692 [pool-79-thread-1] INFO  server.RaftServerConfigKeys (ConfUtils.java:logGet(46)) - raft.server.rpc.timeout.min = 5s (custom)
2023-05-04 21:54:22,692 [pool-79-thread-1] INFO  server.RaftServerConfigKeys (ConfUtils.java:logGet(46)) - raft.server.rpc.timeout.max = 5200ms (custom)
2023-05-04 21:54:22,692 [pool-79-thread-1] INFO  server.RaftServerConfigKeys (ConfUtils.java:logGet(46)) - raft.server.rpc.sleep.time = 25ms (default)
2023-05-04 21:54:22,692 [pool-79-thread-1] INFO  server.RaftServerConfigKeys (ConfUtils.java:logGet(46)) - raft.server.rpc.slowness.timeout = 300s (custom)
2023-05-04 21:54:22,692 [pool-79-thread-1] INFO  server.RaftServerConfigKeys (ConfUtils.java:logGet(46)) - raft.server.leaderelection.leader.step-down.wait-time = 10s (default)
2023-05-04 21:54:22,692 [pool-79-thread-1] INFO  server.RaftServerConfigKeys (ConfUtils.java:logGet(46)) - raft.server.sleep.deviation.threshold = 300ms (default)
2023-05-04 21:54:22,692 [pool-79-thread-1] INFO  server.RaftServer$Division (ServerState.java:<init>(118)) - e0862bec-a8bd-48ad-a9f8-bef0c155c835@group-54A07F66644F: ConfigurationManager, init=-1: peers:[4332e2d2-7bb6-4f7e-906a-de641ae4498f|rpc:10.1.0.44:41005|dataStream:10.1.0.44:36391|priority:0|startupRole:FOLLOWER, 4af07dde-7c26-4e14-912a-ab8f17b2e80e|rpc:10.1.0.44:38769|dataStream:10.1.0.44:33047|priority:0|startupRole:FOLLOWER, e0862bec-a8bd-48ad-a9f8-bef0c155c835|rpc:10.1.0.44:39581|dataStream:10.1.0.44:35075|priority:1|startupRole:FOLLOWER]|listeners:[], old=null, confs=<EMPTY_MAP>
2023-05-04 21:54:22,692 [pool-79-thread-1] INFO  server.RaftServerConfigKeys (ConfUtils.java:logGet(46)) - raft.server.storage.dir = [/home/runner/work/ozone/ozone/hadoop-ozone/integration-test/target/test-dir/MiniOzoneClusterImpl-52a188dd-66b8-45b2-ab7c-675c0ee04825/datanode-0/data/ratis] (custom)
2023-05-04 21:54:22,692 [pool-79-thread-1] INFO  server.RaftServerConfigKeys (ConfUtils.java:logGet(46)) - raft.server.log.corruption.policy = EXCEPTION (default)
2023-05-04 21:54:22,693 [pool-79-thread-1] INFO  server.RaftServerConfigKeys (ConfUtils.java:logGet(46)) - raft.server.storage.free-space.min = 0MB (=0) (default)
2023-05-04 21:54:22,693 [pool-79-thread-1] INFO  server.RaftServerConfigKeys (ConfUtils.java:logGet(46)) - raft.server.notification.no-leader.timeout = 300s (custom)
2023-05-04 21:54:22,693 [pool-79-thread-1] INFO  server.RaftServerConfigKeys (ConfUtils.java:logGet(46)) - raft.server.retrycache.expirytime = 600000ms (custom)
2023-05-04 21:54:22,693 [pool-79-thread-1] INFO  server.RaftServerConfigKeys (ConfUtils.java:logGet(46)) - raft.server.retrycache.statistics.expirytime = 100μs (default)
2023-05-04 21:54:22,696 [pool-79-thread-1] INFO  server.RaftServerConfigKeys (ConfUtils.java:logGet(46)) - raft.server.log.appender.install.snapshot.enabled = false (custom)
2023-05-04 21:54:22,696 [pool-79-thread-1] INFO  server.RaftServerConfigKeys (ConfUtils.java:logGet(46)) - raft.server.threadpool.server.cached = true (default)
2023-05-04 21:54:22,696 [pool-79-thread-1] INFO  server.RaftServerConfigKeys (ConfUtils.java:logGet(46)) - raft.server.threadpool.server.size = 0 (default)
2023-05-04 21:54:22,696 [pool-79-thread-1] INFO  server.RaftServerConfigKeys (ConfUtils.java:logGet(46)) - raft.server.threadpool.client.cached = true (default)
2023-05-04 21:54:22,696 [pool-79-thread-1] INFO  server.RaftServerConfigKeys (ConfUtils.java:logGet(46)) - raft.server.threadpool.client.size = 0 (default)
2023-05-04 21:54:22,696 [pool-79-thread-1] INFO  storage.RaftStorageDirectory (RaftStorageDirectoryImpl.java:analyzeStorage(137)) - The storage directory /home/runner/work/ozone/ozone/hadoop-ozone/integration-test/target/test-dir/MiniOzoneClusterImpl-52a188dd-66b8-45b2-ab7c-675c0ee04825/datanode-0/data/ratis/c675faf1-9d96-4647-b9f5-54a07f66644f does not exist. Creating ...
2023-05-04 21:54:22,697 [pool-79-thread-1] INFO  storage.RaftStorageDirectory (RaftStorageDirectoryImpl.java:tryLock(231)) - Lock on /home/runner/work/ozone/ozone/hadoop-ozone/integration-test/target/test-dir/MiniOzoneClusterImpl-52a188dd-66b8-45b2-ab7c-675c0ee04825/datanode-0/data/ratis/c675faf1-9d96-4647-b9f5-54a07f66644f/in_use.lock acquired by nodename 25128@fv-az133-721
2023-05-04 21:54:22,698 [pool-79-thread-1] INFO  storage.RaftStorage (RaftStorageImpl.java:format(96)) - Storage directory /home/runner/work/ozone/ozone/hadoop-ozone/integration-test/target/test-dir/MiniOzoneClusterImpl-52a188dd-66b8-45b2-ab7c-675c0ee04825/datanode-0/data/ratis/c675faf1-9d96-4647-b9f5-54a07f66644f has been successfully formatted.
2023-05-04 21:54:22,699 [pool-79-thread-1] INFO  ratis.ContainerStateMachine (ContainerStateMachine.java:loadSnapshot(262)) - group-54A07F66644F: The snapshot info is null. Setting the last applied indexto:(t:0, i:~)
2023-05-04 21:54:22,699 [pool-79-thread-1] INFO  server.RaftServerConfigKeys (ConfUtils.java:logGet(46)) - raft.server.log.use.memory = false (default)
2023-05-04 21:54:22,699 [pool-79-thread-1] INFO  server.RaftServerConfigKeys (ConfUtils.java:logGet(46)) - raft.server.log.purge.gap = 1000000 (custom)
2023-05-04 21:54:22,699 [pool-79-thread-1] INFO  server.RaftServerConfigKeys (ConfUtils.java:logGet(46)) - raft.server.log.appender.buffer.byte-limit = 33554432 (custom)
2023-05-04 21:54:22,699 [pool-79-thread-1] INFO  server.RaftServerConfigKeys (ConfUtils.java:logGet(46)) - raft.server.log.statemachine.data.read.timeout = 1000ms (default)
2023-05-04 21:54:22,699 [pool-79-thread-1] INFO  server.RaftServerConfigKeys (ConfUtils.java:logGet(46)) - raft.server.log.purge.preservation.log.num = 0 (default)
2023-05-04 21:54:22,700 [pool-79-thread-1] INFO  server.RaftServerConfigKeys (ConfUtils.java:logGet(46)) - raft.server.log.segment.size.max = 1048576 (custom)
2023-05-04 21:54:22,701 [pool-79-thread-1] INFO  server.RaftServerConfigKeys (ConfUtils.java:logGet(46)) - raft.server.log.segment.cache.num.max = 2 (custom)
2023-05-04 21:54:22,701 [pool-79-thread-1] INFO  server.RaftServerConfigKeys (ConfUtils.java:logGet(46)) - raft.server.log.segment.cache.size.max = 200MB (=209715200) (default)
2023-05-04 21:54:22,701 [pool-79-thread-1] INFO  segmented.SegmentedRaftLogWorker (SegmentedRaftLogWorker.java:<init>(189)) - new e0862bec-a8bd-48ad-a9f8-bef0c155c835@group-54A07F66644F-SegmentedRaftLogWorker for RaftStorageImpl:Storage Directory /home/runner/work/ozone/ozone/hadoop-ozone/integration-test/target/test-dir/MiniOzoneClusterImpl-52a188dd-66b8-45b2-ab7c-675c0ee04825/datanode-0/data/ratis/c675faf1-9d96-4647-b9f5-54a07f66644f
2023-05-04 21:54:22,701 [pool-79-thread-1] INFO  server.RaftServerConfigKeys (ConfUtils.java:logGet(46)) - raft.server.log.queue.byte-limit = 4294967296 (custom)
2023-05-04 21:54:22,701 [pool-79-thread-1] INFO  server.RaftServerConfigKeys (ConfUtils.java:logGet(46)) - raft.server.log.queue.element-limit = 1024 (custom)
2023-05-04 21:54:22,701 [pool-79-thread-1] INFO  server.RaftServerConfigKeys (ConfUtils.java:logGet(46)) - raft.server.log.segment.size.max = 1048576 (custom)
2023-05-04 21:54:22,701 [pool-79-thread-1] INFO  server.RaftServerConfigKeys (ConfUtils.java:logGet(46)) - raft.server.log.preallocated.size = 16384 (custom)
2023-05-04 21:54:22,701 [pool-79-thread-1] INFO  server.RaftServerConfigKeys (ConfUtils.java:logGet(46)) - raft.server.log.force.sync.num = 128 (default)
2023-05-04 21:54:22,701 [pool-79-thread-1] INFO  server.RaftServerConfigKeys (ConfUtils.java:logGet(46)) - raft.server.log.statemachine.data.sync = true (default)
2023-05-04 21:54:22,701 [pool-79-thread-1] INFO  server.RaftServerConfigKeys (ConfUtils.java:logGet(46)) - raft.server.log.statemachine.data.sync.timeout = 10s (default)
2023-05-04 21:54:22,701 [pool-79-thread-1] INFO  server.RaftServerConfigKeys (ConfUtils.java:logGet(46)) - raft.server.log.statemachine.data.sync.timeout.retry = -1 (default)
2023-05-04 21:54:22,713 [EventQueue-OpenPipelineForHealthyPipelineSafeModeRule] INFO  safemode.SCMSafeModeManager (HealthyPipelineSafeModeRule.java:process(137)) - SCM in safe mode. Healthy pipelines reported count is 0, required healthy pipeline reported count is 1
2023-05-04 21:54:22,718 [pool-79-thread-1] INFO  server.RaftServerConfigKeys (ConfUtils.java:logGet(46)) - raft.server.log.write.buffer.size = 1048576 (custom)
2023-05-04 21:54:22,719 [pool-79-thread-1] INFO  server.RaftServerConfigKeys (ConfUtils.java:logGet(46)) - raft.server.log.appender.buffer.byte-limit = 33554432 (custom)
2023-05-04 21:54:22,725 [pool-79-thread-1] INFO  server.RaftServerConfigKeys (ConfUtils.java:logGet(46)) - raft.server.log.unsafe-flush.enabled = false (default)
2023-05-04 21:54:22,725 [pool-79-thread-1] INFO  server.RaftServerConfigKeys (ConfUtils.java:logGet(46)) - raft.server.log.async-flush.enabled = false (default)
2023-05-04 21:54:22,725 [pool-79-thread-1] INFO  server.RaftServerConfigKeys (ConfUtils.java:logGet(46)) - raft.server.log.statemachine.data.caching.enabled = true (custom)
2023-05-04 21:54:22,725 [pool-79-thread-1] INFO  segmented.SegmentedRaftLogWorker (SegmentedRaftLogWorker.java:lambda$new$0(135)) - e0862bec-a8bd-48ad-a9f8-bef0c155c835@group-54A07F66644F-SegmentedRaftLogWorker: flushIndex: setUnconditionally 0 -> -1
2023-05-04 21:54:22,725 [pool-79-thread-1] INFO  segmented.SegmentedRaftLogWorker (SegmentedRaftLogWorker.java:lambda$new$0(135)) - e0862bec-a8bd-48ad-a9f8-bef0c155c835@group-54A07F66644F-SegmentedRaftLogWorker: safeCacheEvictIndex: setUnconditionally 0 -> -1
2023-05-04 21:54:22,725 [pool-79-thread-1] INFO  server.RaftServer$Division (RaftServerImpl.java:start(334)) - e0862bec-a8bd-48ad-a9f8-bef0c155c835@group-54A07F66644F: start as a follower, conf=-1: peers:[4332e2d2-7bb6-4f7e-906a-de641ae4498f|rpc:10.1.0.44:41005|dataStream:10.1.0.44:36391|priority:0|startupRole:FOLLOWER, 4af07dde-7c26-4e14-912a-ab8f17b2e80e|rpc:10.1.0.44:38769|dataStream:10.1.0.44:33047|priority:0|startupRole:FOLLOWER, e0862bec-a8bd-48ad-a9f8-bef0c155c835|rpc:10.1.0.44:39581|dataStream:10.1.0.44:35075|priority:1|startupRole:FOLLOWER]|listeners:[], old=null
2023-05-04 21:54:22,726 [pool-79-thread-1] INFO  server.RaftServer$Division (RaftServerImpl.java:setRole(321)) - e0862bec-a8bd-48ad-a9f8-bef0c155c835@group-54A07F66644F: changes role from      null to FOLLOWER at term 0 for startAsFollower
2023-05-04 21:54:22,726 [pool-79-thread-1] INFO  impl.RoleInfo (RoleInfo.java:updateAndGet(139)) - e0862bec-a8bd-48ad-a9f8-bef0c155c835: start e0862bec-a8bd-48ad-a9f8-bef0c155c835@group-54A07F66644F-FollowerState
2023-05-04 21:54:22,729 [pool-79-thread-1] INFO  util.JmxRegister (JmxRegister.java:tryRegister(44)) - Successfully registered JMX Bean with object name Ratis:service=RaftServer,group=group-54A07F66644F,id=e0862bec-a8bd-48ad-a9f8-bef0c155c835
2023-05-04 21:54:22,729 [pool-79-thread-1] INFO  server.RaftServerConfigKeys (ConfUtils.java:logGet(46)) - raft.server.snapshot.auto.trigger.enabled = true (custom)
2023-05-04 21:54:22,730 [pool-79-thread-1] INFO  server.RaftServerConfigKeys (ConfUtils.java:logGet(46)) - raft.server.snapshot.auto.trigger.threshold = 10000 (custom)
2023-05-04 21:54:22,730 [pool-79-thread-1] INFO  server.RaftServerConfigKeys (ConfUtils.java:logGet(46)) - raft.server.snapshot.retention.file.num = 5 (custom)
2023-05-04 21:54:22,730 [pool-79-thread-1] INFO  server.RaftServerConfigKeys (ConfUtils.java:logGet(46)) - raft.server.log.purge.upto.snapshot.index = false (default)
2023-05-04 21:54:22,731 [e0862bec-a8bd-48ad-a9f8-bef0c155c835@group-54A07F66644F-FollowerState] INFO  server.RaftServerConfigKeys (ConfUtils.java:logFallback(53)) - raft.server.rpc.first-election.timeout.min = 5s (fallback to raft.server.rpc.timeout.min)
2023-05-04 21:54:22,733 [Command processor thread] INFO  ratis.XceiverServerRatis (XceiverServerRatis.java:addGroup(806)) - Created group PipelineID=c675faf1-9d96-4647-b9f5-54a07f66644f
2023-05-04 21:54:22,733 [e0862bec-a8bd-48ad-a9f8-bef0c155c835@group-54A07F66644F-FollowerState] INFO  server.RaftServerConfigKeys (ConfUtils.java:logFallback(53)) - raft.server.rpc.first-election.timeout.max = 5200ms (fallback to raft.server.rpc.timeout.max)
2023-05-04 21:54:23,041 [EndpointStateMachine task thread for /0.0.0.0:35509 - 0 ] INFO  utils.DatanodeStoreCache (DatanodeStoreCache.java:addDB(58)) - Added db /home/runner/work/ozone/ozone/hadoop-ozone/integration-test/target/test-dir/MiniOzoneClusterImpl-52a188dd-66b8-45b2-ab7c-675c0ee04825/datanode-12/data-0/containers/hdds/52a188dd-66b8-45b2-ab7c-675c0ee04825/DS-67658f45-e374-4ef4-91d7-fefc637daa71/container.db to cache
2023-05-04 21:54:23,041 [EndpointStateMachine task thread for /0.0.0.0:35509 - 0 ] INFO  volume.HddsVolume (HddsVolume.java:createDbStore(350)) - SchemaV3 db is created and loaded at /home/runner/work/ozone/ozone/hadoop-ozone/integration-test/target/test-dir/MiniOzoneClusterImpl-52a188dd-66b8-45b2-ab7c-675c0ee04825/datanode-12/data-0/containers/hdds/52a188dd-66b8-45b2-ab7c-675c0ee04825/DS-67658f45-e374-4ef4-91d7-fefc637daa71/container.db for volume DS-67658f45-e374-4ef4-91d7-fefc637daa71
2023-05-04 21:54:23,043 [EndpointStateMachine task thread for /0.0.0.0:35509 - 0 ] INFO  ozoneimpl.OzoneContainer (OzoneContainer.java:start(397)) - Attempting to start container services.
2023-05-04 21:54:23,043 [EndpointStateMachine task thread for /0.0.0.0:35509 - 0 ] INFO  ozoneimpl.OzoneContainer (OzoneContainer.java:startContainerScrub(314)) - Scheduled background container scanners and the on-demand container scanner have been disabled.
2023-05-04 21:54:23,046 [EndpointStateMachine task thread for /0.0.0.0:35509 - 0 ] INFO  replication.ReplicationServer (ReplicationServer.java:start(109)) - ReplicationServer is started using port 41497
2023-05-04 21:54:23,046 [EndpointStateMachine task thread for /0.0.0.0:35509 - 0 ] INFO  ratis.XceiverServerRatis (XceiverServerRatis.java:start(517)) - Starting XceiverServerRatis 1cc39e43-a1b8-4aca-9e03-172752381d1e
2023-05-04 21:54:23,047 [EndpointStateMachine task thread for /0.0.0.0:35509 - 0 ] INFO  server.RaftServer (RaftServerProxy.java:startImpl(393)) - 1cc39e43-a1b8-4aca-9e03-172752381d1e: start RPC server
2023-05-04 21:54:23,060 [EndpointStateMachine task thread for /0.0.0.0:35509 - 0 ] INFO  server.GrpcService (GrpcService.java:startImpl(262)) - 1cc39e43-a1b8-4aca-9e03-172752381d1e: GrpcService started, listening on 34233
2023-05-04 21:54:23,061 [EndpointStateMachine task thread for /0.0.0.0:35509 - 0 ] INFO  ratis.XceiverServerRatis (XceiverServerRatis.java:getRealPort(543)) - XceiverServerRatis 1cc39e43-a1b8-4aca-9e03-172752381d1e is started using port 34233 for RATIS
2023-05-04 21:54:23,061 [EndpointStateMachine task thread for /0.0.0.0:35509 - 0 ] INFO  ratis.XceiverServerRatis (XceiverServerRatis.java:getRealPort(543)) - XceiverServerRatis 1cc39e43-a1b8-4aca-9e03-172752381d1e is started using port 34233 for RATIS_ADMIN
2023-05-04 21:54:23,061 [EndpointStateMachine task thread for /0.0.0.0:35509 - 0 ] INFO  ratis.XceiverServerRatis (XceiverServerRatis.java:getRealPort(543)) - XceiverServerRatis 1cc39e43-a1b8-4aca-9e03-172752381d1e is started using port 34233 for RATIS_SERVER
2023-05-04 21:54:23,061 [EndpointStateMachine task thread for /0.0.0.0:35509 - 0 ] INFO  ratis.XceiverServerRatis (XceiverServerRatis.java:getRealPort(543)) - XceiverServerRatis 1cc39e43-a1b8-4aca-9e03-172752381d1e is started using port 39453 for RATIS_DATASTREAM
2023-05-04 21:54:23,062 [JvmPauseMonitor13] INFO  util.JvmPauseMonitor (JvmPauseMonitor.java:run(105)) - JvmPauseMonitor-1cc39e43-a1b8-4aca-9e03-172752381d1e: Started
2023-05-04 21:54:23,068 [EndpointStateMachine task thread for /0.0.0.0:35509 - 0 ] INFO  server.XceiverServerGrpc (XceiverServerGrpc.java:start(180)) - XceiverServerGrpc 1cc39e43-a1b8-4aca-9e03-172752381d1e is started using port 33579
2023-05-04 21:54:23,069 [BlockDeletingService#0] INFO  interfaces.ContainerDeletionChoosingPolicyTemplate (ContainerDeletionChoosingPolicyTemplate.java:chooseContainerForBlockDeletion(83)) - Chosen 0/5000 blocks from 0 candidate containers.
2023-05-04 21:54:23,082 [IPC Server handler 13 on default port 35509] INFO  net.NetworkTopologyImpl (NetworkTopologyImpl.java:add(112)) - Added a new node: /default-rack/4c10edfb-6769-4396-b189-3c3a2dc734f1
2023-05-04 21:54:23,082 [IPC Server handler 13 on default port 35509] INFO  node.SCMNodeManager (SCMNodeManager.java:register(407)) - Registered Data node : 4c10edfb-6769-4396-b189-3c3a2dc734f1{ip: 10.1.0.44, host: fv-az133-721.yhipumr4050edinzmvad0xeera.cx.internal.cloudapp.net, ports: [HTTP=45733, REPLICATION=43955, RATIS=42105, RATIS_ADMIN=42105, RATIS_SERVER=42105, RATIS_DATASTREAM=42449, STANDALONE=43235], networkLocation: /default-rack, certSerialId: null, persistedOpState: null, persistedOpStateExpiryEpochSec: 0}
2023-05-04 21:54:23,083 [EventQueue-NewNodeForNewNodeHandler] INFO  pipeline.BackgroundPipelineCreator (BackgroundPipelineCreator.java:notifyEventTriggered(276)) - trigger a one-shot run on RatisPipelineUtilsThread.
2023-05-04 21:54:23,084 [RatisPipelineUtilsThread - 0] INFO  pipeline.RatisPipelineProvider (RatisPipelineProvider.java:lambda$create$0(206)) - Sending CreatePipelineCommand for pipeline:PipelineID=3c03403a-96b1-4d5d-9030-3b0b24a90c8c to datanode:4c10edfb-6769-4396-b189-3c3a2dc734f1
2023-05-04 21:54:23,089 [RatisPipelineUtilsThread - 0] INFO  pipeline.PipelineStateManagerImpl (PipelineStateManagerImpl.java:addPipeline(103)) - Created pipeline Pipeline[ Id: 3c03403a-96b1-4d5d-9030-3b0b24a90c8c, Nodes: 4c10edfb-6769-4396-b189-3c3a2dc734f1(fv-az133-721.yhipumr4050edinzmvad0xeera.cx.internal.cloudapp.net/10.1.0.44), ReplicationConfig: RATIS/ONE, State:ALLOCATED, leaderId:, CreationTimestamp2023-05-04T21:54:23.084Z[Etc/UTC]].
2023-05-04 21:54:23,091 [RatisPipelineUtilsThread - 0] INFO  pipeline.RatisPipelineProvider (RatisPipelineProvider.java:lambda$create$0(206)) - Sending CreatePipelineCommand for pipeline:PipelineID=82c1113e-5330-433c-bd2c-534e19dd0f01 to datanode:9dbc72e3-9cc3-404d-a7a0-986f3a32b37f
2023-05-04 21:54:23,092 [RatisPipelineUtilsThread - 0] INFO  pipeline.RatisPipelineProvider (RatisPipelineProvider.java:lambda$create$0(206)) - Sending CreatePipelineCommand for pipeline:PipelineID=82c1113e-5330-433c-bd2c-534e19dd0f01 to datanode:7a25d7ac-269f-485a-96a1-a3fbc0da93f8
2023-05-04 21:54:23,092 [RatisPipelineUtilsThread - 0] INFO  pipeline.RatisPipelineProvider (RatisPipelineProvider.java:lambda$create$0(206)) - Sending CreatePipelineCommand for pipeline:PipelineID=82c1113e-5330-433c-bd2c-534e19dd0f01 to datanode:4c10edfb-6769-4396-b189-3c3a2dc734f1
2023-05-04 21:54:23,094 [RatisPipelineUtilsThread - 0] INFO  pipeline.PipelineStateManagerImpl (PipelineStateManagerImpl.java:addPipeline(103)) - Created pipeline Pipeline[ Id: 82c1113e-5330-433c-bd2c-534e19dd0f01, Nodes: 9dbc72e3-9cc3-404d-a7a0-986f3a32b37f(fv-az133-721.yhipumr4050edinzmvad0xeera.cx.internal.cloudapp.net/10.1.0.44)7a25d7ac-269f-485a-96a1-a3fbc0da93f8(fv-az133-721.yhipumr4050edinzmvad0xeera.cx.internal.cloudapp.net/10.1.0.44)4c10edfb-6769-4396-b189-3c3a2dc734f1(fv-az133-721.yhipumr4050edinzmvad0xeera.cx.internal.cloudapp.net/10.1.0.44), ReplicationConfig: RATIS/THREE, State:ALLOCATED, leaderId:, CreationTimestamp2023-05-04T21:54:23.091Z[Etc/UTC]].
2023-05-04 21:54:23,096 [RatisPipelineUtilsThread - 0] INFO  pipeline.RatisPipelineProvider (RatisPipelineProvider.java:lambda$create$0(206)) - Sending CreatePipelineCommand for pipeline:PipelineID=11aa5225-c395-4869-9ea1-a6537fcb2585 to datanode:7a25d7ac-269f-485a-96a1-a3fbc0da93f8
2023-05-04 21:54:23,096 [RatisPipelineUtilsThread - 0] INFO  pipeline.RatisPipelineProvider (RatisPipelineProvider.java:lambda$create$0(206)) - Sending CreatePipelineCommand for pipeline:PipelineID=11aa5225-c395-4869-9ea1-a6537fcb2585 to datanode:4c10edfb-6769-4396-b189-3c3a2dc734f1
2023-05-04 21:54:23,096 [RatisPipelineUtilsThread - 0] INFO  pipeline.RatisPipelineProvider (RatisPipelineProvider.java:lambda$create$0(206)) - Sending CreatePipelineCommand for pipeline:PipelineID=11aa5225-c395-4869-9ea1-a6537fcb2585 to datanode:9dbc72e3-9cc3-404d-a7a0-986f3a32b37f
2023-05-04 21:54:23,097 [RatisPipelineUtilsThread - 0] INFO  pipeline.PipelineStateManagerImpl (PipelineStateManagerImpl.java:addPipeline(103)) - Created pipeline Pipeline[ Id: 11aa5225-c395-4869-9ea1-a6537fcb2585, Nodes: 7a25d7ac-269f-485a-96a1-a3fbc0da93f8(fv-az133-721.yhipumr4050edinzmvad0xeera.cx.internal.cloudapp.net/10.1.0.44)4c10edfb-6769-4396-b189-3c3a2dc734f1(fv-az133-721.yhipumr4050edinzmvad0xeera.cx.internal.cloudapp.net/10.1.0.44)9dbc72e3-9cc3-404d-a7a0-986f3a32b37f(fv-az133-721.yhipumr4050edinzmvad0xeera.cx.internal.cloudapp.net/10.1.0.44), ReplicationConfig: RATIS/THREE, State:ALLOCATED, leaderId:, CreationTimestamp2023-05-04T21:54:23.096Z[Etc/UTC]].
2023-05-04 21:54:23,097 [RatisPipelineUtilsThread - 0] INFO  pipeline.PipelineManagerImpl (PipelineManagerImpl.java:recordMetricsForPipeline(826)) - Pipeline: PipelineID=11aa5225-c395-4869-9ea1-a6537fcb2585 contains same datanodes as previous pipelines: PipelineID=82c1113e-5330-433c-bd2c-534e19dd0f01 nodeIds: 7a25d7ac-269f-485a-96a1-a3fbc0da93f8, 4c10edfb-6769-4396-b189-3c3a2dc734f1, 9dbc72e3-9cc3-404d-a7a0-986f3a32b37f
2023-05-04 21:54:23,098 [RatisPipelineUtilsThread - 0] WARN  pipeline.PipelinePlacementPolicy (PipelinePlacementPolicy.java:filterViableNodes(160)) - Pipeline creation failed due to no sufficient healthy datanodes. Required 3. Found 0. Excluded 9.
2023-05-04 21:54:23,106 [Command processor thread] INFO  server.RaftServer (RaftServerProxy.java:addNew(96)) - 4332e2d2-7bb6-4f7e-906a-de641ae4498f: addNew group-720AE4798217:[4332e2d2-7bb6-4f7e-906a-de641ae4498f|rpc:10.1.0.44:41005|dataStream:10.1.0.44:36391|priority:1|startupRole:FOLLOWER] returns group-720AE4798217:java.util.concurrent.CompletableFuture@26bd02bd[Not completed]
2023-05-04 21:54:23,111 [pool-101-thread-1] INFO  server.RaftServer$Division (RaftServerImpl.java:<init>(195)) - 4332e2d2-7bb6-4f7e-906a-de641ae4498f: new RaftServerImpl for group-720AE4798217:[4332e2d2-7bb6-4f7e-906a-de641ae4498f|rpc:10.1.0.44:41005|dataStream:10.1.0.44:36391|priority:1|startupRole:FOLLOWER] with ContainerStateMachine:uninitialized
2023-05-04 21:54:23,111 [pool-101-thread-1] INFO  server.RaftServerConfigKeys (ConfUtils.java:logGet(46)) - raft.server.rpc.timeout.min = 5s (custom)
2023-05-04 21:54:23,111 [pool-101-thread-1] INFO  server.RaftServerConfigKeys (ConfUtils.java:logGet(46)) - raft.server.rpc.timeout.max = 5200ms (custom)
2023-05-04 21:54:23,111 [pool-101-thread-1] INFO  server.RaftServerConfigKeys (ConfUtils.java:logGet(46)) - raft.server.rpc.sleep.time = 25ms (default)
2023-05-04 21:54:23,111 [pool-101-thread-1] INFO  server.RaftServerConfigKeys (ConfUtils.java:logGet(46)) - raft.server.rpc.slowness.timeout = 300s (custom)
2023-05-04 21:54:23,111 [pool-101-thread-1] INFO  server.RaftServerConfigKeys (ConfUtils.java:logGet(46)) - raft.server.leaderelection.leader.step-down.wait-time = 10s (default)
2023-05-04 21:54:23,111 [pool-101-thread-1] INFO  server.RaftServerConfigKeys (ConfUtils.java:logGet(46)) - raft.server.sleep.deviation.threshold = 300ms (default)
2023-05-04 21:54:23,111 [pool-101-thread-1] INFO  server.RaftServer$Division (ServerState.java:<init>(118)) - 4332e2d2-7bb6-4f7e-906a-de641ae4498f@group-720AE4798217: ConfigurationManager, init=-1: peers:[4332e2d2-7bb6-4f7e-906a-de641ae4498f|rpc:10.1.0.44:41005|dataStream:10.1.0.44:36391|priority:1|startupRole:FOLLOWER]|listeners:[], old=null, confs=<EMPTY_MAP>
2023-05-04 21:54:23,111 [pool-101-thread-1] INFO  server.RaftServerConfigKeys (ConfUtils.java:logGet(46)) - raft.server.storage.dir = [/home/runner/work/ozone/ozone/hadoop-ozone/integration-test/target/test-dir/MiniOzoneClusterImpl-52a188dd-66b8-45b2-ab7c-675c0ee04825/datanode-1/data/ratis] (custom)
2023-05-04 21:54:23,112 [pool-101-thread-1] INFO  server.RaftServerConfigKeys (ConfUtils.java:logGet(46)) - raft.server.log.corruption.policy = EXCEPTION (default)
2023-05-04 21:54:23,112 [pool-101-thread-1] INFO  server.RaftServerConfigKeys (ConfUtils.java:logGet(46)) - raft.server.storage.free-space.min = 0MB (=0) (default)
2023-05-04 21:54:23,112 [pool-101-thread-1] INFO  server.RaftServerConfigKeys (ConfUtils.java:logGet(46)) - raft.server.notification.no-leader.timeout = 300s (custom)
2023-05-04 21:54:23,112 [pool-101-thread-1] INFO  server.RaftServerConfigKeys (ConfUtils.java:logGet(46)) - raft.server.retrycache.expirytime = 600000ms (custom)
2023-05-04 21:54:23,112 [pool-101-thread-1] INFO  server.RaftServerConfigKeys (ConfUtils.java:logGet(46)) - raft.server.retrycache.statistics.expirytime = 100μs (default)
2023-05-04 21:54:23,123 [pool-101-thread-1] INFO  server.RaftServerConfigKeys (ConfUtils.java:logGet(46)) - raft.server.log.appender.install.snapshot.enabled = false (custom)
2023-05-04 21:54:23,123 [pool-101-thread-1] INFO  server.RaftServerConfigKeys (ConfUtils.java:logGet(46)) - raft.server.threadpool.server.cached = true (default)
2023-05-04 21:54:23,123 [pool-101-thread-1] INFO  server.RaftServerConfigKeys (ConfUtils.java:logGet(46)) - raft.server.threadpool.server.size = 0 (default)
2023-05-04 21:54:23,123 [pool-101-thread-1] INFO  server.RaftServerConfigKeys (ConfUtils.java:logGet(46)) - raft.server.threadpool.client.cached = true (default)
2023-05-04 21:54:23,123 [pool-101-thread-1] INFO  server.RaftServerConfigKeys (ConfUtils.java:logGet(46)) - raft.server.threadpool.client.size = 0 (default)
2023-05-04 21:54:23,124 [pool-101-thread-1] INFO  storage.RaftStorageDirectory (RaftStorageDirectoryImpl.java:analyzeStorage(137)) - The storage directory /home/runner/work/ozone/ozone/hadoop-ozone/integration-test/target/test-dir/MiniOzoneClusterImpl-52a188dd-66b8-45b2-ab7c-675c0ee04825/datanode-1/data/ratis/12d30ea2-0efb-49f7-a767-720ae4798217 does not exist. Creating ...
2023-05-04 21:54:23,127 [pool-101-thread-1] INFO  storage.RaftStorageDirectory (RaftStorageDirectoryImpl.java:tryLock(231)) - Lock on /home/runner/work/ozone/ozone/hadoop-ozone/integration-test/target/test-dir/MiniOzoneClusterImpl-52a188dd-66b8-45b2-ab7c-675c0ee04825/datanode-1/data/ratis/12d30ea2-0efb-49f7-a767-720ae4798217/in_use.lock acquired by nodename 25128@fv-az133-721
2023-05-04 21:54:23,129 [pool-101-thread-1] INFO  storage.RaftStorage (RaftStorageImpl.java:format(96)) - Storage directory /home/runner/work/ozone/ozone/hadoop-ozone/integration-test/target/test-dir/MiniOzoneClusterImpl-52a188dd-66b8-45b2-ab7c-675c0ee04825/datanode-1/data/ratis/12d30ea2-0efb-49f7-a767-720ae4798217 has been successfully formatted.
2023-05-04 21:54:23,134 [pool-101-thread-1] INFO  ratis.ContainerStateMachine (ContainerStateMachine.java:loadSnapshot(262)) - group-720AE4798217: The snapshot info is null. Setting the last applied indexto:(t:0, i:~)
2023-05-04 21:54:23,136 [pool-101-thread-1] INFO  server.RaftServerConfigKeys (ConfUtils.java:logGet(46)) - raft.server.log.use.memory = false (default)
2023-05-04 21:54:23,136 [pool-101-thread-1] INFO  server.RaftServerConfigKeys (ConfUtils.java:logGet(46)) - raft.server.log.purge.gap = 1000000 (custom)
2023-05-04 21:54:23,136 [pool-101-thread-1] INFO  server.RaftServerConfigKeys (ConfUtils.java:logGet(46)) - raft.server.log.appender.buffer.byte-limit = 33554432 (custom)
2023-05-04 21:54:23,136 [pool-101-thread-1] INFO  server.RaftServerConfigKeys (ConfUtils.java:logGet(46)) - raft.server.log.statemachine.data.read.timeout = 1000ms (default)
2023-05-04 21:54:23,139 [EventQueue-PipelineReportForPipelineReportHandler] INFO  pipeline.PipelineManagerImpl (PipelineManagerImpl.java:openPipeline(367)) - Pipeline Pipeline[ Id: 12d30ea2-0efb-49f7-a767-720ae4798217, Nodes: 4332e2d2-7bb6-4f7e-906a-de641ae4498f(fv-az133-721.yhipumr4050edinzmvad0xeera.cx.internal.cloudapp.net/10.1.0.44), ReplicationConfig: RATIS/ONE, State:ALLOCATED, leaderId:4332e2d2-7bb6-4f7e-906a-de641ae4498f, CreationTimestamp2023-05-04T21:54:20.105Z[Etc/UTC]] moved to OPEN state
2023-05-04 21:54:23,139 [EventQueue-OpenPipelineForHealthyPipelineSafeModeRule] INFO  safemode.SCMSafeModeManager (HealthyPipelineSafeModeRule.java:process(137)) - SCM in safe mode. Healthy pipelines reported count is 0, required healthy pipeline reported count is 1
2023-05-04 21:54:23,140 [pool-101-thread-1] INFO  server.RaftServerConfigKeys (ConfUtils.java:logGet(46)) - raft.server.log.purge.preservation.log.num = 0 (default)
2023-05-04 21:54:23,144 [pool-101-thread-1] INFO  server.RaftServerConfigKeys (ConfUtils.java:logGet(46)) - raft.server.log.segment.size.max = 1048576 (custom)
2023-05-04 21:54:23,145 [pool-101-thread-1] INFO  server.RaftServerConfigKeys (ConfUtils.java:logGet(46)) - raft.server.log.segment.cache.num.max = 2 (custom)
2023-05-04 21:54:23,145 [pool-101-thread-1] INFO  server.RaftServerConfigKeys (ConfUtils.java:logGet(46)) - raft.server.log.segment.cache.size.max = 200MB (=209715200) (default)
2023-05-04 21:54:23,145 [pool-101-thread-1] INFO  segmented.SegmentedRaftLogWorker (SegmentedRaftLogWorker.java:<init>(189)) - new 4332e2d2-7bb6-4f7e-906a-de641ae4498f@group-720AE4798217-SegmentedRaftLogWorker for RaftStorageImpl:Storage Directory /home/runner/work/ozone/ozone/hadoop-ozone/integration-test/target/test-dir/MiniOzoneClusterImpl-52a188dd-66b8-45b2-ab7c-675c0ee04825/datanode-1/data/ratis/12d30ea2-0efb-49f7-a767-720ae4798217
2023-05-04 21:54:23,145 [pool-101-thread-1] INFO  server.RaftServerConfigKeys (ConfUtils.java:logGet(46)) - raft.server.log.queue.byte-limit = 4294967296 (custom)
2023-05-04 21:54:23,145 [pool-101-thread-1] INFO  server.RaftServerConfigKeys (ConfUtils.java:logGet(46)) - raft.server.log.queue.element-limit = 1024 (custom)
2023-05-04 21:54:23,145 [pool-101-thread-1] INFO  server.RaftServerConfigKeys (ConfUtils.java:logGet(46)) - raft.server.log.segment.size.max = 1048576 (custom)
2023-05-04 21:54:23,145 [pool-101-thread-1] INFO  server.RaftServerConfigKeys (ConfUtils.java:logGet(46)) - raft.server.log.preallocated.size = 16384 (custom)
2023-05-04 21:54:23,145 [pool-101-thread-1] INFO  server.RaftServerConfigKeys (ConfUtils.java:logGet(46)) - raft.server.log.force.sync.num = 128 (default)
2023-05-04 21:54:23,145 [pool-101-thread-1] INFO  server.RaftServerConfigKeys (ConfUtils.java:logGet(46)) - raft.server.log.statemachine.data.sync = true (default)
2023-05-04 21:54:23,145 [pool-101-thread-1] INFO  server.RaftServerConfigKeys (ConfUtils.java:logGet(46)) - raft.server.log.statemachine.data.sync.timeout = 10s (default)
2023-05-04 21:54:23,145 [pool-101-thread-1] INFO  server.RaftServerConfigKeys (ConfUtils.java:logGet(46)) - raft.server.log.statemachine.data.sync.timeout.retry = -1 (default)
2023-05-04 21:54:23,147 [pool-101-thread-1] INFO  server.RaftServerConfigKeys (ConfUtils.java:logGet(46)) - raft.server.log.write.buffer.size = 1048576 (custom)
2023-05-04 21:54:23,147 [pool-101-thread-1] INFO  server.RaftServerConfigKeys (ConfUtils.java:logGet(46)) - raft.server.log.appender.buffer.byte-limit = 33554432 (custom)
2023-05-04 21:54:23,152 [pool-101-thread-1] INFO  server.RaftServerConfigKeys (ConfUtils.java:logGet(46)) - raft.server.log.unsafe-flush.enabled = false (default)
2023-05-04 21:54:23,152 [pool-101-thread-1] INFO  server.RaftServerConfigKeys (ConfUtils.java:logGet(46)) - raft.server.log.async-flush.enabled = false (default)
2023-05-04 21:54:23,152 [pool-101-thread-1] INFO  server.RaftServerConfigKeys (ConfUtils.java:logGet(46)) - raft.server.log.statemachine.data.caching.enabled = true (custom)
2023-05-04 21:54:23,152 [pool-101-thread-1] INFO  segmented.SegmentedRaftLogWorker (SegmentedRaftLogWorker.java:lambda$new$0(135)) - 4332e2d2-7bb6-4f7e-906a-de641ae4498f@group-720AE4798217-SegmentedRaftLogWorker: flushIndex: setUnconditionally 0 -> -1
2023-05-04 21:54:23,152 [pool-101-thread-1] INFO  segmented.SegmentedRaftLogWorker (SegmentedRaftLogWorker.java:lambda$new$0(135)) - 4332e2d2-7bb6-4f7e-906a-de641ae4498f@group-720AE4798217-SegmentedRaftLogWorker: safeCacheEvictIndex: setUnconditionally 0 -> -1
2023-05-04 21:54:23,154 [pool-101-thread-1] INFO  server.RaftServer$Division (RaftServerImpl.java:start(334)) - 4332e2d2-7bb6-4f7e-906a-de641ae4498f@group-720AE4798217: start as a follower, conf=-1: peers:[4332e2d2-7bb6-4f7e-906a-de641ae4498f|rpc:10.1.0.44:41005|dataStream:10.1.0.44:36391|priority:1|startupRole:FOLLOWER]|listeners:[], old=null
2023-05-04 21:54:23,154 [pool-101-thread-1] INFO  server.RaftServer$Division (RaftServerImpl.java:setRole(321)) - 4332e2d2-7bb6-4f7e-906a-de641ae4498f@group-720AE4798217: changes role from      null to FOLLOWER at term 0 for startAsFollower
2023-05-04 21:54:23,154 [pool-101-thread-1] INFO  impl.RoleInfo (RoleInfo.java:updateAndGet(139)) - 4332e2d2-7bb6-4f7e-906a-de641ae4498f: start 4332e2d2-7bb6-4f7e-906a-de641ae4498f@group-720AE4798217-FollowerState
2023-05-04 21:54:23,155 [pool-101-thread-1] INFO  util.JmxRegister (JmxRegister.java:tryRegister(44)) - Successfully registered JMX Bean with object name Ratis:service=RaftServer,group=group-720AE4798217,id=4332e2d2-7bb6-4f7e-906a-de641ae4498f
2023-05-04 21:54:23,159 [pool-101-thread-1] INFO  server.RaftServerConfigKeys (ConfUtils.java:logGet(46)) - raft.server.snapshot.auto.trigger.enabled = true (custom)
2023-05-04 21:54:23,159 [pool-101-thread-1] INFO  server.RaftServerConfigKeys (ConfUtils.java:logGet(46)) - raft.server.snapshot.auto.trigger.threshold = 10000 (custom)
2023-05-04 21:54:23,159 [pool-101-thread-1] INFO  server.RaftServerConfigKeys (ConfUtils.java:logGet(46)) - raft.server.snapshot.retention.file.num = 5 (custom)
2023-05-04 21:54:23,159 [pool-101-thread-1] INFO  server.RaftServerConfigKeys (ConfUtils.java:logGet(46)) - raft.server.log.purge.upto.snapshot.index = false (default)
2023-05-04 21:54:23,160 [4332e2d2-7bb6-4f7e-906a-de641ae4498f@group-720AE4798217-FollowerState] INFO  server.RaftServerConfigKeys (ConfUtils.java:logFallback(53)) - raft.server.rpc.first-election.timeout.min = 5s (fallback to raft.server.rpc.timeout.min)
2023-05-04 21:54:23,160 [4332e2d2-7bb6-4f7e-906a-de641ae4498f@group-720AE4798217-FollowerState] INFO  server.RaftServerConfigKeys (ConfUtils.java:logFallback(53)) - raft.server.rpc.first-election.timeout.max = 5200ms (fallback to raft.server.rpc.timeout.max)
2023-05-04 21:54:23,175 [Command processor thread] INFO  ratis.XceiverServerRatis (XceiverServerRatis.java:addGroup(806)) - Created group PipelineID=12d30ea2-0efb-49f7-a767-720ae4798217
2023-05-04 21:54:23,175 [Command processor thread] INFO  commandhandler.CreatePipelineCommandHandler (CreatePipelineCommandHandler.java:handle(113)) - Created Pipeline RATIS ONE PipelineID=12d30ea2-0efb-49f7-a767-720ae4798217.
2023-05-04 21:54:23,187 [Command processor thread] INFO  server.RaftServer (RaftServerProxy.java:addNew(96)) - 4332e2d2-7bb6-4f7e-906a-de641ae4498f: addNew group-54A07F66644F:[4332e2d2-7bb6-4f7e-906a-de641ae4498f|rpc:10.1.0.44:41005|dataStream:10.1.0.44:36391|priority:0|startupRole:FOLLOWER, 4af07dde-7c26-4e14-912a-ab8f17b2e80e|rpc:10.1.0.44:38769|dataStream:10.1.0.44:33047|priority:0|startupRole:FOLLOWER, e0862bec-a8bd-48ad-a9f8-bef0c155c835|rpc:10.1.0.44:39581|dataStream:10.1.0.44:35075|priority:1|startupRole:FOLLOWER] returns group-54A07F66644F:java.util.concurrent.CompletableFuture@228282b2[Not completed]
2023-05-04 21:54:23,188 [pool-101-thread-1] INFO  server.RaftServer$Division (RaftServerImpl.java:<init>(195)) - 4332e2d2-7bb6-4f7e-906a-de641ae4498f: new RaftServerImpl for group-54A07F66644F:[4332e2d2-7bb6-4f7e-906a-de641ae4498f|rpc:10.1.0.44:41005|dataStream:10.1.0.44:36391|priority:0|startupRole:FOLLOWER, 4af07dde-7c26-4e14-912a-ab8f17b2e80e|rpc:10.1.0.44:38769|dataStream:10.1.0.44:33047|priority:0|startupRole:FOLLOWER, e0862bec-a8bd-48ad-a9f8-bef0c155c835|rpc:10.1.0.44:39581|dataStream:10.1.0.44:35075|priority:1|startupRole:FOLLOWER] with ContainerStateMachine:uninitialized
2023-05-04 21:54:23,188 [pool-101-thread-1] INFO  server.RaftServerConfigKeys (ConfUtils.java:logGet(46)) - raft.server.rpc.timeout.min = 5s (custom)
2023-05-04 21:54:23,188 [pool-101-thread-1] INFO  server.RaftServerConfigKeys (ConfUtils.java:logGet(46)) - raft.server.rpc.timeout.max = 5200ms (custom)
2023-05-04 21:54:23,188 [pool-101-thread-1] INFO  server.RaftServerConfigKeys (ConfUtils.java:logGet(46)) - raft.server.rpc.sleep.time = 25ms (default)
2023-05-04 21:54:23,188 [pool-101-thread-1] INFO  server.RaftServerConfigKeys (ConfUtils.java:logGet(46)) - raft.server.rpc.slowness.timeout = 300s (custom)
2023-05-04 21:54:23,189 [pool-101-thread-1] INFO  server.RaftServerConfigKeys (ConfUtils.java:logGet(46)) - raft.server.leaderelection.leader.step-down.wait-time = 10s (default)
2023-05-04 21:54:23,189 [pool-101-thread-1] INFO  server.RaftServerConfigKeys (ConfUtils.java:logGet(46)) - raft.server.sleep.deviation.threshold = 300ms (default)
2023-05-04 21:54:23,189 [pool-101-thread-1] INFO  server.RaftServer$Division (ServerState.java:<init>(118)) - 4332e2d2-7bb6-4f7e-906a-de641ae4498f@group-54A07F66644F: ConfigurationManager, init=-1: peers:[4332e2d2-7bb6-4f7e-906a-de641ae4498f|rpc:10.1.0.44:41005|dataStream:10.1.0.44:36391|priority:0|startupRole:FOLLOWER, 4af07dde-7c26-4e14-912a-ab8f17b2e80e|rpc:10.1.0.44:38769|dataStream:10.1.0.44:33047|priority:0|startupRole:FOLLOWER, e0862bec-a8bd-48ad-a9f8-bef0c155c835|rpc:10.1.0.44:39581|dataStream:10.1.0.44:35075|priority:1|startupRole:FOLLOWER]|listeners:[], old=null, confs=<EMPTY_MAP>
2023-05-04 21:54:23,189 [pool-101-thread-1] INFO  server.RaftServerConfigKeys (ConfUtils.java:logGet(46)) - raft.server.storage.dir = [/home/runner/work/ozone/ozone/hadoop-ozone/integration-test/target/test-dir/MiniOzoneClusterImpl-52a188dd-66b8-45b2-ab7c-675c0ee04825/datanode-1/data/ratis] (custom)
2023-05-04 21:54:23,189 [pool-101-thread-1] INFO  server.RaftServerConfigKeys (ConfUtils.java:logGet(46)) - raft.server.log.corruption.policy = EXCEPTION (default)
2023-05-04 21:54:23,189 [pool-101-thread-1] INFO  server.RaftServerConfigKeys (ConfUtils.java:logGet(46)) - raft.server.storage.free-space.min = 0MB (=0) (default)
2023-05-04 21:54:23,189 [pool-101-thread-1] INFO  server.RaftServerConfigKeys (ConfUtils.java:logGet(46)) - raft.server.notification.no-leader.timeout = 300s (custom)
2023-05-04 21:54:23,189 [pool-101-thread-1] INFO  server.RaftServerConfigKeys (ConfUtils.java:logGet(46)) - raft.server.retrycache.expirytime = 600000ms (custom)
2023-05-04 21:54:23,189 [pool-101-thread-1] INFO  server.RaftServerConfigKeys (ConfUtils.java:logGet(46)) - raft.server.retrycache.statistics.expirytime = 100μs (default)
2023-05-04 21:54:23,191 [pool-101-thread-1] INFO  server.RaftServerConfigKeys (ConfUtils.java:logGet(46)) - raft.server.log.appender.install.snapshot.enabled = false (custom)
2023-05-04 21:54:23,191 [pool-101-thread-1] INFO  server.RaftServerConfigKeys (ConfUtils.java:logGet(46)) - raft.server.threadpool.server.cached = true (default)
2023-05-04 21:54:23,191 [pool-101-thread-1] INFO  server.RaftServerConfigKeys (ConfUtils.java:logGet(46)) - raft.server.threadpool.server.size = 0 (default)
2023-05-04 21:54:23,191 [pool-101-thread-1] INFO  server.RaftServerConfigKeys (ConfUtils.java:logGet(46)) - raft.server.threadpool.client.cached = true (default)
2023-05-04 21:54:23,192 [pool-101-thread-1] INFO  server.RaftServerConfigKeys (ConfUtils.java:logGet(46)) - raft.server.threadpool.client.size = 0 (default)
2023-05-04 21:54:23,192 [pool-101-thread-1] INFO  storage.RaftStorageDirectory (RaftStorageDirectoryImpl.java:analyzeStorage(137)) - The storage directory /home/runner/work/ozone/ozone/hadoop-ozone/integration-test/target/test-dir/MiniOzoneClusterImpl-52a188dd-66b8-45b2-ab7c-675c0ee04825/datanode-1/data/ratis/c675faf1-9d96-4647-b9f5-54a07f66644f does not exist. Creating ...
2023-05-04 21:54:23,193 [pool-101-thread-1] INFO  storage.RaftStorageDirectory (RaftStorageDirectoryImpl.java:tryLock(231)) - Lock on /home/runner/work/ozone/ozone/hadoop-ozone/integration-test/target/test-dir/MiniOzoneClusterImpl-52a188dd-66b8-45b2-ab7c-675c0ee04825/datanode-1/data/ratis/c675faf1-9d96-4647-b9f5-54a07f66644f/in_use.lock acquired by nodename 25128@fv-az133-721
2023-05-04 21:54:23,195 [pool-101-thread-1] INFO  storage.RaftStorage (RaftStorageImpl.java:format(96)) - Storage directory /home/runner/work/ozone/ozone/hadoop-ozone/integration-test/target/test-dir/MiniOzoneClusterImpl-52a188dd-66b8-45b2-ab7c-675c0ee04825/datanode-1/data/ratis/c675faf1-9d96-4647-b9f5-54a07f66644f has been successfully formatted.
2023-05-04 21:54:23,198 [pool-101-thread-1] INFO  ratis.ContainerStateMachine (ContainerStateMachine.java:loadSnapshot(262)) - group-54A07F66644F: The snapshot info is null. Setting the last applied indexto:(t:0, i:~)
2023-05-04 21:54:23,198 [pool-101-thread-1] INFO  server.RaftServerConfigKeys (ConfUtils.java:logGet(46)) - raft.server.log.use.memory = false (default)
2023-05-04 21:54:23,202 [pool-101-thread-1] INFO  server.RaftServerConfigKeys (ConfUtils.java:logGet(46)) - raft.server.log.purge.gap = 1000000 (custom)
2023-05-04 21:54:23,202 [pool-101-thread-1] INFO  server.RaftServerConfigKeys (ConfUtils.java:logGet(46)) - raft.server.log.appender.buffer.byte-limit = 33554432 (custom)
2023-05-04 21:54:23,203 [pool-101-thread-1] INFO  server.RaftServerConfigKeys (ConfUtils.java:logGet(46)) - raft.server.log.statemachine.data.read.timeout = 1000ms (default)
2023-05-04 21:54:23,203 [pool-101-thread-1] INFO  server.RaftServerConfigKeys (ConfUtils.java:logGet(46)) - raft.server.log.purge.preservation.log.num = 0 (default)
2023-05-04 21:54:23,204 [EventQueue-OpenPipelineForHealthyPipelineSafeModeRule] INFO  safemode.SCMSafeModeManager (HealthyPipelineSafeModeRule.java:process(137)) - SCM in safe mode. Healthy pipelines reported count is 0, required healthy pipeline reported count is 1
2023-05-04 21:54:23,205 [pool-101-thread-1] INFO  server.RaftServerConfigKeys (ConfUtils.java:logGet(46)) - raft.server.log.segment.size.max = 1048576 (custom)
2023-05-04 21:54:23,214 [pool-101-thread-1] INFO  server.RaftServerConfigKeys (ConfUtils.java:logGet(46)) - raft.server.log.segment.cache.num.max = 2 (custom)
2023-05-04 21:54:23,214 [pool-101-thread-1] INFO  server.RaftServerConfigKeys (ConfUtils.java:logGet(46)) - raft.server.log.segment.cache.size.max = 200MB (=209715200) (default)
2023-05-04 21:54:23,214 [pool-101-thread-1] INFO  segmented.SegmentedRaftLogWorker (SegmentedRaftLogWorker.java:<init>(189)) - new 4332e2d2-7bb6-4f7e-906a-de641ae4498f@group-54A07F66644F-SegmentedRaftLogWorker for RaftStorageImpl:Storage Directory /home/runner/work/ozone/ozone/hadoop-ozone/integration-test/target/test-dir/MiniOzoneClusterImpl-52a188dd-66b8-45b2-ab7c-675c0ee04825/datanode-1/data/ratis/c675faf1-9d96-4647-b9f5-54a07f66644f
2023-05-04 21:54:23,214 [pool-101-thread-1] INFO  server.RaftServerConfigKeys (ConfUtils.java:logGet(46)) - raft.server.log.queue.byte-limit = 4294967296 (custom)
2023-05-04 21:54:23,214 [pool-101-thread-1] INFO  server.RaftServerConfigKeys (ConfUtils.java:logGet(46)) - raft.server.log.queue.element-limit = 1024 (custom)
2023-05-04 21:54:23,214 [pool-101-thread-1] INFO  server.RaftServerConfigKeys (ConfUtils.java:logGet(46)) - raft.server.log.segment.size.max = 1048576 (custom)
2023-05-04 21:54:23,216 [pool-101-thread-1] INFO  server.RaftServerConfigKeys (ConfUtils.java:logGet(46)) - raft.server.log.preallocated.size = 16384 (custom)
2023-05-04 21:54:23,216 [pool-101-thread-1] INFO  server.RaftServerConfigKeys (ConfUtils.java:logGet(46)) - raft.server.log.force.sync.num = 128 (default)
2023-05-04 21:54:23,216 [pool-101-thread-1] INFO  server.RaftServerConfigKeys (ConfUtils.java:logGet(46)) - raft.server.log.statemachine.data.sync = true (default)
2023-05-04 21:54:23,216 [pool-101-thread-1] INFO  server.RaftServerConfigKeys (ConfUtils.java:logGet(46)) - raft.server.log.statemachine.data.sync.timeout = 10s (default)
2023-05-04 21:54:23,216 [pool-101-thread-1] INFO  server.RaftServerConfigKeys (ConfUtils.java:logGet(46)) - raft.server.log.statemachine.data.sync.timeout.retry = -1 (default)
2023-05-04 21:54:23,219 [pool-101-thread-1] INFO  server.RaftServerConfigKeys (ConfUtils.java:logGet(46)) - raft.server.log.write.buffer.size = 1048576 (custom)
2023-05-04 21:54:23,220 [pool-101-thread-1] INFO  server.RaftServerConfigKeys (ConfUtils.java:logGet(46)) - raft.server.log.appender.buffer.byte-limit = 33554432 (custom)
2023-05-04 21:54:23,497 [Listener at 127.0.0.1/45425] INFO  ozone.MiniOzoneClusterImpl (MiniOzoneClusterImpl.java:lambda$waitForClusterToBeReady$0(223)) - Waiting for nodes to be ready. Got 9 of 14 DN Heartbeats.
2023-05-04 21:54:23,497 [Listener at 127.0.0.1/45425] INFO  ozone.MiniOzoneClusterImpl (MiniOzoneClusterImpl.java:lambda$waitForClusterToBeReady$0(226)) - Waiting for cluster to exit safe mode
2023-05-04 21:54:23,497 [Listener at 127.0.0.1/45425] INFO  ozone.MiniOzoneClusterImpl (MiniOzoneClusterImpl.java:lambda$waitForClusterToBeReady$0(228)) - SCM became leader
2023-05-04 21:54:23,498 [JvmPauseMonitor5] WARN  util.JvmPauseMonitor (JvmPauseMonitor.java:detectPause(126)) - JvmPauseMonitor-6abe40d9-bbca-402e-938b-50fbed365dbf: Detected pause in JVM or host machine (eg GC): pause of approximately 153693207ns.
GC pool 'PS MarkSweep' had collection(s): count=1 time=258ms
2023-05-04 21:54:23,498 [JvmPauseMonitor6] WARN  util.JvmPauseMonitor (JvmPauseMonitor.java:detectPause(126)) - JvmPauseMonitor-dbf01856-92cd-4f2e-80e3-f7bd7f97e610: Detected pause in JVM or host machine (eg GC): pause of approximately 165798932ns.
GC pool 'PS MarkSweep' had collection(s): count=1 time=258ms
2023-05-04 21:54:23,498 [JvmPauseMonitor0] WARN  util.JvmPauseMonitor (JvmPauseMonitor.java:detectPause(126)) - JvmPauseMonitor-om1: Detected pause in JVM or host machine (eg GC): pause of approximately 165814332ns.
GC pool 'PS MarkSweep' had collection(s): count=1 time=258ms
2023-05-04 21:54:23,498 [JvmPauseMonitor7] WARN  util.JvmPauseMonitor (JvmPauseMonitor.java:detectPause(126)) - JvmPauseMonitor-7a25d7ac-269f-485a-96a1-a3fbc0da93f8: Detected pause in JVM or host machine (eg GC): pause of approximately 223055420ns.
GC pool 'PS MarkSweep' had collection(s): count=1 time=258ms
2023-05-04 21:54:23,498 [JvmPauseMonitor1] WARN  util.JvmPauseMonitor (JvmPauseMonitor.java:detectPause(126)) - JvmPauseMonitor-e0862bec-a8bd-48ad-a9f8-bef0c155c835: Detected pause in JVM or host machine (eg GC): pause of approximately 226227753ns.
GC pool 'PS MarkSweep' had collection(s): count=1 time=258ms
2023-05-04 21:54:23,500 [JvmPauseMonitor8] WARN  util.JvmPauseMonitor (JvmPauseMonitor.java:detectPause(126)) - JvmPauseMonitor-9dbc72e3-9cc3-404d-a7a0-986f3a32b37f: Detected pause in JVM or host machine (eg GC): pause of approximately 255668656ns.
GC pool 'PS MarkSweep' had collection(s): count=1 time=258ms
2023-05-04 21:54:23,500 [pool-101-thread-1] INFO  server.RaftServerConfigKeys (ConfUtils.java:logGet(46)) - raft.server.log.unsafe-flush.enabled = false (default)
2023-05-04 21:54:23,501 [pool-101-thread-1] INFO  server.RaftServerConfigKeys (ConfUtils.java:logGet(46)) - raft.server.log.async-flush.enabled = false (default)
2023-05-04 21:54:23,501 [pool-101-thread-1] INFO  server.RaftServerConfigKeys (ConfUtils.java:logGet(46)) - raft.server.log.statemachine.data.caching.enabled = true (custom)
2023-05-04 21:54:23,501 [pool-101-thread-1] INFO  segmented.SegmentedRaftLogWorker (SegmentedRaftLogWorker.java:lambda$new$0(135)) - 4332e2d2-7bb6-4f7e-906a-de641ae4498f@group-54A07F66644F-SegmentedRaftLogWorker: flushIndex: setUnconditionally 0 -> -1
2023-05-04 21:54:23,501 [pool-101-thread-1] INFO  segmented.SegmentedRaftLogWorker (SegmentedRaftLogWorker.java:lambda$new$0(135)) - 4332e2d2-7bb6-4f7e-906a-de641ae4498f@group-54A07F66644F-SegmentedRaftLogWorker: safeCacheEvictIndex: setUnconditionally 0 -> -1
2023-05-04 21:54:23,505 [pool-101-thread-1] INFO  server.RaftServer$Division (RaftServerImpl.java:start(334)) - 4332e2d2-7bb6-4f7e-906a-de641ae4498f@group-54A07F66644F: start as a follower, conf=-1: peers:[4332e2d2-7bb6-4f7e-906a-de641ae4498f|rpc:10.1.0.44:41005|dataStream:10.1.0.44:36391|priority:0|startupRole:FOLLOWER, 4af07dde-7c26-4e14-912a-ab8f17b2e80e|rpc:10.1.0.44:38769|dataStream:10.1.0.44:33047|priority:0|startupRole:FOLLOWER, e0862bec-a8bd-48ad-a9f8-bef0c155c835|rpc:10.1.0.44:39581|dataStream:10.1.0.44:35075|priority:1|startupRole:FOLLOWER]|listeners:[], old=null
2023-05-04 21:54:23,510 [pool-101-thread-1] INFO  server.RaftServer$Division (RaftServerImpl.java:setRole(321)) - 4332e2d2-7bb6-4f7e-906a-de641ae4498f@group-54A07F66644F: changes role from      null to FOLLOWER at term 0 for startAsFollower
2023-05-04 21:54:23,510 [pool-101-thread-1] INFO  impl.RoleInfo (RoleInfo.java:updateAndGet(139)) - 4332e2d2-7bb6-4f7e-906a-de641ae4498f: start 4332e2d2-7bb6-4f7e-906a-de641ae4498f@group-54A07F66644F-FollowerState
2023-05-04 21:54:23,510 [pool-101-thread-1] INFO  util.JmxRegister (JmxRegister.java:tryRegister(44)) - Successfully registered JMX Bean with object name Ratis:service=RaftServer,group=group-54A07F66644F,id=4332e2d2-7bb6-4f7e-906a-de641ae4498f
2023-05-04 21:54:23,510 [4332e2d2-7bb6-4f7e-906a-de641ae4498f@group-54A07F66644F-FollowerState] INFO  server.RaftServerConfigKeys (ConfUtils.java:logFallback(53)) - raft.server.rpc.first-election.timeout.min = 5s (fallback to raft.server.rpc.timeout.min)
2023-05-04 21:54:23,539 [Command processor thread] INFO  server.RaftServer (RaftServerProxy.java:addNew(96)) - 4af07dde-7c26-4e14-912a-ab8f17b2e80e: addNew group-DDEFD96A5894:[4af07dde-7c26-4e14-912a-ab8f17b2e80e|rpc:10.1.0.44:38769|dataStream:10.1.0.44:33047|priority:1|startupRole:FOLLOWER] returns group-DDEFD96A5894:java.util.concurrent.CompletableFuture@fd14b13[Not completed]
2023-05-04 21:54:23,539 [4332e2d2-7bb6-4f7e-906a-de641ae4498f@group-54A07F66644F-FollowerState] INFO  server.RaftServerConfigKeys (ConfUtils.java:logFallback(53)) - raft.server.rpc.first-election.timeout.max = 5200ms (fallback to raft.server.rpc.timeout.max)
2023-05-04 21:54:23,532 [IPC Server handler 17 on default port 35509] INFO  net.NetworkTopologyImpl (NetworkTopologyImpl.java:add(112)) - Added a new node: /default-rack/d5196681-af95-4a59-85a9-5a8fb94dede6
2023-05-04 21:54:23,510 [pool-101-thread-1] INFO  server.RaftServerConfigKeys (ConfUtils.java:logGet(46)) - raft.server.snapshot.auto.trigger.enabled = true (custom)
2023-05-04 21:54:23,546 [IPC Server handler 17 on default port 35509] INFO  node.SCMNodeManager (SCMNodeManager.java:register(407)) - Registered Data node : d5196681-af95-4a59-85a9-5a8fb94dede6{ip: 10.1.0.44, host: fv-az133-721.yhipumr4050edinzmvad0xeera.cx.internal.cloudapp.net, ports: [HTTP=34537, REPLICATION=39443, RATIS=45241, RATIS_ADMIN=45241, RATIS_SERVER=45241, RATIS_DATASTREAM=45055, STANDALONE=35055], networkLocation: /default-rack, certSerialId: null, persistedOpState: null, persistedOpStateExpiryEpochSec: 0}
2023-05-04 21:54:23,546 [pool-101-thread-1] INFO  server.RaftServerConfigKeys (ConfUtils.java:logGet(46)) - raft.server.snapshot.auto.trigger.threshold = 10000 (custom)
2023-05-04 21:54:23,546 [pool-101-thread-1] INFO  server.RaftServerConfigKeys (ConfUtils.java:logGet(46)) - raft.server.snapshot.retention.file.num = 5 (custom)
2023-05-04 21:54:23,546 [pool-101-thread-1] INFO  server.RaftServerConfigKeys (ConfUtils.java:logGet(46)) - raft.server.log.purge.upto.snapshot.index = false (default)
2023-05-04 21:54:23,547 [EventQueue-NewNodeForNewNodeHandler] INFO  pipeline.BackgroundPipelineCreator (BackgroundPipelineCreator.java:notifyEventTriggered(276)) - trigger a one-shot run on RatisPipelineUtilsThread.
2023-05-04 21:54:23,549 [pool-123-thread-1] INFO  server.RaftServer$Division (RaftServerImpl.java:<init>(195)) - 4af07dde-7c26-4e14-912a-ab8f17b2e80e: new RaftServerImpl for group-DDEFD96A5894:[4af07dde-7c26-4e14-912a-ab8f17b2e80e|rpc:10.1.0.44:38769|dataStream:10.1.0.44:33047|priority:1|startupRole:FOLLOWER] with ContainerStateMachine:uninitialized
2023-05-04 21:54:23,556 [RatisPipelineUtilsThread - 0] INFO  pipeline.RatisPipelineProvider (RatisPipelineProvider.java:lambda$create$0(206)) - Sending CreatePipelineCommand for pipeline:PipelineID=357354b4-b159-4f9d-b403-6d73f26769cc to datanode:d5196681-af95-4a59-85a9-5a8fb94dede6
2023-05-04 21:54:23,556 [pool-123-thread-1] INFO  server.RaftServerConfigKeys (ConfUtils.java:logGet(46)) - raft.server.rpc.timeout.min = 5s (custom)
2023-05-04 21:54:23,556 [pool-123-thread-1] INFO  server.RaftServerConfigKeys (ConfUtils.java:logGet(46)) - raft.server.rpc.timeout.max = 5200ms (custom)
2023-05-04 21:54:23,556 [pool-123-thread-1] INFO  server.RaftServerConfigKeys (ConfUtils.java:logGet(46)) - raft.server.rpc.sleep.time = 25ms (default)
2023-05-04 21:54:23,556 [pool-123-thread-1] INFO  server.RaftServerConfigKeys (ConfUtils.java:logGet(46)) - raft.server.rpc.slowness.timeout = 300s (custom)
2023-05-04 21:54:23,556 [pool-123-thread-1] INFO  server.RaftServerConfigKeys (ConfUtils.java:logGet(46)) - raft.server.leaderelection.leader.step-down.wait-time = 10s (default)
2023-05-04 21:54:23,556 [pool-123-thread-1] INFO  server.RaftServerConfigKeys (ConfUtils.java:logGet(46)) - raft.server.sleep.deviation.threshold = 300ms (default)
2023-05-04 21:54:23,556 [pool-123-thread-1] INFO  server.RaftServer$Division (ServerState.java:<init>(118)) - 4af07dde-7c26-4e14-912a-ab8f17b2e80e@group-DDEFD96A5894: ConfigurationManager, init=-1: peers:[4af07dde-7c26-4e14-912a-ab8f17b2e80e|rpc:10.1.0.44:38769|dataStream:10.1.0.44:33047|priority:1|startupRole:FOLLOWER]|listeners:[], old=null, confs=<EMPTY_MAP>
2023-05-04 21:54:23,556 [pool-123-thread-1] INFO  server.RaftServerConfigKeys (ConfUtils.java:logGet(46)) - raft.server.storage.dir = [/home/runner/work/ozone/ozone/hadoop-ozone/integration-test/target/test-dir/MiniOzoneClusterImpl-52a188dd-66b8-45b2-ab7c-675c0ee04825/datanode-2/data/ratis] (custom)
2023-05-04 21:54:23,557 [pool-123-thread-1] INFO  server.RaftServerConfigKeys (ConfUtils.java:logGet(46)) - raft.server.log.corruption.policy = EXCEPTION (default)
2023-05-04 21:54:23,557 [pool-123-thread-1] INFO  server.RaftServerConfigKeys (ConfUtils.java:logGet(46)) - raft.server.storage.free-space.min = 0MB (=0) (default)
2023-05-04 21:54:23,557 [pool-123-thread-1] INFO  server.RaftServerConfigKeys (ConfUtils.java:logGet(46)) - raft.server.notification.no-leader.timeout = 300s (custom)
2023-05-04 21:54:23,557 [pool-123-thread-1] INFO  server.RaftServerConfigKeys (ConfUtils.java:logGet(46)) - raft.server.retrycache.expirytime = 600000ms (custom)
2023-05-04 21:54:23,557 [pool-123-thread-1] INFO  server.RaftServerConfigKeys (ConfUtils.java:logGet(46)) - raft.server.retrycache.statistics.expirytime = 100μs (default)
2023-05-04 21:54:23,558 [RatisPipelineUtilsThread - 0] INFO  pipeline.PipelineStateManagerImpl (PipelineStateManagerImpl.java:addPipeline(103)) - Created pipeline Pipeline[ Id: 357354b4-b159-4f9d-b403-6d73f26769cc, Nodes: d5196681-af95-4a59-85a9-5a8fb94dede6(fv-az133-721.yhipumr4050edinzmvad0xeera.cx.internal.cloudapp.net/10.1.0.44), ReplicationConfig: RATIS/ONE, State:ALLOCATED, leaderId:, CreationTimestamp2023-05-04T21:54:23.556Z[Etc/UTC]].
2023-05-04 21:54:23,559 [pool-123-thread-1] INFO  server.RaftServerConfigKeys (ConfUtils.java:logGet(46)) - raft.server.log.appender.install.snapshot.enabled = false (custom)
2023-05-04 21:54:23,559 [pool-123-thread-1] INFO  server.RaftServerConfigKeys (ConfUtils.java:logGet(46)) - raft.server.threadpool.server.cached = true (default)
2023-05-04 21:54:23,559 [pool-123-thread-1] INFO  server.RaftServerConfigKeys (ConfUtils.java:logGet(46)) - raft.server.threadpool.server.size = 0 (default)
2023-05-04 21:54:23,559 [pool-123-thread-1] INFO  server.RaftServerConfigKeys (ConfUtils.java:logGet(46)) - raft.server.threadpool.client.cached = true (default)
2023-05-04 21:54:23,559 [RatisPipelineUtilsThread - 0] WARN  pipeline.PipelinePlacementPolicy (PipelinePlacementPolicy.java:filterViableNodes(160)) - Pipeline creation failed due to no sufficient healthy datanodes. Required 3. Found 1. Excluded 9.
2023-05-04 21:54:23,562 [Command processor thread] INFO  ratis.XceiverServerRatis (XceiverServerRatis.java:addGroup(806)) - Created group PipelineID=c675faf1-9d96-4647-b9f5-54a07f66644f
2023-05-04 21:54:23,568 [pool-123-thread-1] INFO  server.RaftServerConfigKeys (ConfUtils.java:logGet(46)) - raft.server.threadpool.client.size = 0 (default)
2023-05-04 21:54:23,568 [pool-123-thread-1] INFO  storage.RaftStorageDirectory (RaftStorageDirectoryImpl.java:analyzeStorage(137)) - The storage directory /home/runner/work/ozone/ozone/hadoop-ozone/integration-test/target/test-dir/MiniOzoneClusterImpl-52a188dd-66b8-45b2-ab7c-675c0ee04825/datanode-2/data/ratis/8f0af2ce-295b-4bc6-a052-ddefd96a5894 does not exist. Creating ...
2023-05-04 21:54:23,577 [EndpointStateMachine task thread for /0.0.0.0:35509 - 0 ] INFO  utils.DatanodeStoreCache (DatanodeStoreCache.java:addDB(58)) - Added db /home/runner/work/ozone/ozone/hadoop-ozone/integration-test/target/test-dir/MiniOzoneClusterImpl-52a188dd-66b8-45b2-ab7c-675c0ee04825/datanode-13/data-0/containers/hdds/52a188dd-66b8-45b2-ab7c-675c0ee04825/DS-95cf4ee0-58fa-472b-a27c-3ed50b5da2d3/container.db to cache
2023-05-04 21:54:23,577 [EndpointStateMachine task thread for /0.0.0.0:35509 - 0 ] INFO  volume.HddsVolume (HddsVolume.java:createDbStore(350)) - SchemaV3 db is created and loaded at /home/runner/work/ozone/ozone/hadoop-ozone/integration-test/target/test-dir/MiniOzoneClusterImpl-52a188dd-66b8-45b2-ab7c-675c0ee04825/datanode-13/data-0/containers/hdds/52a188dd-66b8-45b2-ab7c-675c0ee04825/DS-95cf4ee0-58fa-472b-a27c-3ed50b5da2d3/container.db for volume DS-95cf4ee0-58fa-472b-a27c-3ed50b5da2d3
2023-05-04 21:54:23,577 [EndpointStateMachine task thread for /0.0.0.0:35509 - 0 ] INFO  ozoneimpl.OzoneContainer (OzoneContainer.java:start(397)) - Attempting to start container services.
2023-05-04 21:54:23,577 [EndpointStateMachine task thread for /0.0.0.0:35509 - 0 ] INFO  ozoneimpl.OzoneContainer (OzoneContainer.java:startContainerScrub(314)) - Scheduled background container scanners and the on-demand container scanner have been disabled.
2023-05-04 21:54:23,578 [pool-123-thread-1] INFO  storage.RaftStorageDirectory (RaftStorageDirectoryImpl.java:tryLock(231)) - Lock on /home/runner/work/ozone/ozone/hadoop-ozone/integration-test/target/test-dir/MiniOzoneClusterImpl-52a188dd-66b8-45b2-ab7c-675c0ee04825/datanode-2/data/ratis/8f0af2ce-295b-4bc6-a052-ddefd96a5894/in_use.lock acquired by nodename 25128@fv-az133-721
2023-05-04 21:54:23,581 [pool-123-thread-1] INFO  storage.RaftStorage (RaftStorageImpl.java:format(96)) - Storage directory /home/runner/work/ozone/ozone/hadoop-ozone/integration-test/target/test-dir/MiniOzoneClusterImpl-52a188dd-66b8-45b2-ab7c-675c0ee04825/datanode-2/data/ratis/8f0af2ce-295b-4bc6-a052-ddefd96a5894 has been successfully formatted.
2023-05-04 21:54:23,584 [pool-123-thread-1] INFO  ratis.ContainerStateMachine (ContainerStateMachine.java:loadSnapshot(262)) - group-DDEFD96A5894: The snapshot info is null. Setting the last applied indexto:(t:0, i:~)
2023-05-04 21:54:23,584 [pool-123-thread-1] INFO  server.RaftServerConfigKeys (ConfUtils.java:logGet(46)) - raft.server.log.use.memory = false (default)
2023-05-04 21:54:23,584 [pool-123-thread-1] INFO  server.RaftServerConfigKeys (ConfUtils.java:logGet(46)) - raft.server.log.purge.gap = 1000000 (custom)
2023-05-04 21:54:23,584 [pool-123-thread-1] INFO  server.RaftServerConfigKeys (ConfUtils.java:logGet(46)) - raft.server.log.appender.buffer.byte-limit = 33554432 (custom)
2023-05-04 21:54:23,584 [pool-123-thread-1] INFO  server.RaftServerConfigKeys (ConfUtils.java:logGet(46)) - raft.server.log.statemachine.data.read.timeout = 1000ms (default)
2023-05-04 21:54:23,584 [pool-123-thread-1] INFO  server.RaftServerConfigKeys (ConfUtils.java:logGet(46)) - raft.server.log.purge.preservation.log.num = 0 (default)
2023-05-04 21:54:23,584 [pool-123-thread-1] INFO  server.RaftServerConfigKeys (ConfUtils.java:logGet(46)) - raft.server.log.segment.size.max = 1048576 (custom)
2023-05-04 21:54:23,585 [pool-123-thread-1] INFO  server.RaftServerConfigKeys (ConfUtils.java:logGet(46)) - raft.server.log.segment.cache.num.max = 2 (custom)
2023-05-04 21:54:23,585 [pool-123-thread-1] INFO  server.RaftServerConfigKeys (ConfUtils.java:logGet(46)) - raft.server.log.segment.cache.size.max = 200MB (=209715200) (default)
2023-05-04 21:54:23,585 [pool-123-thread-1] INFO  segmented.SegmentedRaftLogWorker (SegmentedRaftLogWorker.java:<init>(189)) - new 4af07dde-7c26-4e14-912a-ab8f17b2e80e@group-DDEFD96A5894-SegmentedRaftLogWorker for RaftStorageImpl:Storage Directory /home/runner/work/ozone/ozone/hadoop-ozone/integration-test/target/test-dir/MiniOzoneClusterImpl-52a188dd-66b8-45b2-ab7c-675c0ee04825/datanode-2/data/ratis/8f0af2ce-295b-4bc6-a052-ddefd96a5894
2023-05-04 21:54:23,585 [pool-123-thread-1] INFO  server.RaftServerConfigKeys (ConfUtils.java:logGet(46)) - raft.server.log.queue.byte-limit = 4294967296 (custom)
2023-05-04 21:54:23,585 [pool-123-thread-1] INFO  server.RaftServerConfigKeys (ConfUtils.java:logGet(46)) - raft.server.log.queue.element-limit = 1024 (custom)
2023-05-04 21:54:23,585 [pool-123-thread-1] INFO  server.RaftServerConfigKeys (ConfUtils.java:logGet(46)) - raft.server.log.segment.size.max = 1048576 (custom)
2023-05-04 21:54:23,585 [pool-123-thread-1] INFO  server.RaftServerConfigKeys (ConfUtils.java:logGet(46)) - raft.server.log.preallocated.size = 16384 (custom)
2023-05-04 21:54:23,585 [pool-123-thread-1] INFO  server.RaftServerConfigKeys (ConfUtils.java:logGet(46)) - raft.server.log.force.sync.num = 128 (default)
2023-05-04 21:54:23,585 [pool-123-thread-1] INFO  server.RaftServerConfigKeys (ConfUtils.java:logGet(46)) - raft.server.log.statemachine.data.sync = true (default)
2023-05-04 21:54:23,586 [pool-123-thread-1] INFO  server.RaftServerConfigKeys (ConfUtils.java:logGet(46)) - raft.server.log.statemachine.data.sync.timeout = 10s (default)
2023-05-04 21:54:23,586 [pool-123-thread-1] INFO  server.RaftServerConfigKeys (ConfUtils.java:logGet(46)) - raft.server.log.statemachine.data.sync.timeout.retry = -1 (default)
2023-05-04 21:54:23,587 [pool-123-thread-1] INFO  server.RaftServerConfigKeys (ConfUtils.java:logGet(46)) - raft.server.log.write.buffer.size = 1048576 (custom)
2023-05-04 21:54:23,587 [pool-123-thread-1] INFO  server.RaftServerConfigKeys (ConfUtils.java:logGet(46)) - raft.server.log.appender.buffer.byte-limit = 33554432 (custom)
2023-05-04 21:54:23,589 [EndpointStateMachine task thread for /0.0.0.0:35509 - 0 ] INFO  replication.ReplicationServer (ReplicationServer.java:start(109)) - ReplicationServer is started using port 41405
2023-05-04 21:54:23,589 [EndpointStateMachine task thread for /0.0.0.0:35509 - 0 ] INFO  ratis.XceiverServerRatis (XceiverServerRatis.java:start(517)) - Starting XceiverServerRatis 4af14e23-4e43-4125-a3fa-4a46f775551c
2023-05-04 21:54:23,595 [pool-123-thread-1] INFO  server.RaftServerConfigKeys (ConfUtils.java:logGet(46)) - raft.server.log.unsafe-flush.enabled = false (default)
2023-05-04 21:54:23,595 [pool-123-thread-1] INFO  server.RaftServerConfigKeys (ConfUtils.java:logGet(46)) - raft.server.log.async-flush.enabled = false (default)
2023-05-04 21:54:23,595 [pool-123-thread-1] INFO  server.RaftServerConfigKeys (ConfUtils.java:logGet(46)) - raft.server.log.statemachine.data.caching.enabled = true (custom)
2023-05-04 21:54:23,596 [pool-123-thread-1] INFO  segmented.SegmentedRaftLogWorker (SegmentedRaftLogWorker.java:lambda$new$0(135)) - 4af07dde-7c26-4e14-912a-ab8f17b2e80e@group-DDEFD96A5894-SegmentedRaftLogWorker: flushIndex: setUnconditionally 0 -> -1
2023-05-04 21:54:23,596 [pool-123-thread-1] INFO  segmented.SegmentedRaftLogWorker (SegmentedRaftLogWorker.java:lambda$new$0(135)) - 4af07dde-7c26-4e14-912a-ab8f17b2e80e@group-DDEFD96A5894-SegmentedRaftLogWorker: safeCacheEvictIndex: setUnconditionally 0 -> -1
2023-05-04 21:54:23,596 [EndpointStateMachine task thread for /0.0.0.0:35509 - 0 ] INFO  server.RaftServer (RaftServerProxy.java:startImpl(393)) - 4af14e23-4e43-4125-a3fa-4a46f775551c: start RPC server
2023-05-04 21:54:23,601 [EndpointStateMachine task thread for /0.0.0.0:35509 - 0 ] INFO  server.GrpcService (GrpcService.java:startImpl(262)) - 4af14e23-4e43-4125-a3fa-4a46f775551c: GrpcService started, listening on 42289
2023-05-04 21:54:23,604 [EventQueue-PipelineReportForPipelineReportHandler] INFO  pipeline.PipelineManagerImpl (PipelineManagerImpl.java:openPipeline(367)) - Pipeline Pipeline[ Id: 8f0af2ce-295b-4bc6-a052-ddefd96a5894, Nodes: 4af07dde-7c26-4e14-912a-ab8f17b2e80e(fv-az133-721.yhipumr4050edinzmvad0xeera.cx.internal.cloudapp.net/10.1.0.44), ReplicationConfig: RATIS/ONE, State:ALLOCATED, leaderId:4af07dde-7c26-4e14-912a-ab8f17b2e80e, CreationTimestamp2023-05-04T21:54:20.552Z[Etc/UTC]] moved to OPEN state
2023-05-04 21:54:23,604 [pool-123-thread-1] INFO  server.RaftServer$Division (RaftServerImpl.java:start(334)) - 4af07dde-7c26-4e14-912a-ab8f17b2e80e@group-DDEFD96A5894: start as a follower, conf=-1: peers:[4af07dde-7c26-4e14-912a-ab8f17b2e80e|rpc:10.1.0.44:38769|dataStream:10.1.0.44:33047|priority:1|startupRole:FOLLOWER]|listeners:[], old=null
2023-05-04 21:54:23,604 [pool-123-thread-1] INFO  server.RaftServer$Division (RaftServerImpl.java:setRole(321)) - 4af07dde-7c26-4e14-912a-ab8f17b2e80e@group-DDEFD96A5894: changes role from      null to FOLLOWER at term 0 for startAsFollower
2023-05-04 21:54:23,605 [EventQueue-OpenPipelineForHealthyPipelineSafeModeRule] INFO  safemode.SCMSafeModeManager (HealthyPipelineSafeModeRule.java:process(137)) - SCM in safe mode. Healthy pipelines reported count is 0, required healthy pipeline reported count is 1
2023-05-04 21:54:23,605 [pool-123-thread-1] INFO  impl.RoleInfo (RoleInfo.java:updateAndGet(139)) - 4af07dde-7c26-4e14-912a-ab8f17b2e80e: start 4af07dde-7c26-4e14-912a-ab8f17b2e80e@group-DDEFD96A5894-FollowerState
2023-05-04 21:54:23,605 [EndpointStateMachine task thread for /0.0.0.0:35509 - 0 ] INFO  ratis.XceiverServerRatis (XceiverServerRatis.java:getRealPort(543)) - XceiverServerRatis 4af14e23-4e43-4125-a3fa-4a46f775551c is started using port 42289 for RATIS
2023-05-04 21:54:23,605 [EndpointStateMachine task thread for /0.0.0.0:35509 - 0 ] INFO  ratis.XceiverServerRatis (XceiverServerRatis.java:getRealPort(543)) - XceiverServerRatis 4af14e23-4e43-4125-a3fa-4a46f775551c is started using port 42289 for RATIS_ADMIN
2023-05-04 21:54:23,605 [EndpointStateMachine task thread for /0.0.0.0:35509 - 0 ] INFO  ratis.XceiverServerRatis (XceiverServerRatis.java:getRealPort(543)) - XceiverServerRatis 4af14e23-4e43-4125-a3fa-4a46f775551c is started using port 42289 for RATIS_SERVER
2023-05-04 21:54:23,605 [EndpointStateMachine task thread for /0.0.0.0:35509 - 0 ] INFO  ratis.XceiverServerRatis (XceiverServerRatis.java:getRealPort(543)) - XceiverServerRatis 4af14e23-4e43-4125-a3fa-4a46f775551c is started using port 37781 for RATIS_DATASTREAM
2023-05-04 21:54:23,606 [JvmPauseMonitor14] INFO  util.JvmPauseMonitor (JvmPauseMonitor.java:run(105)) - JvmPauseMonitor-4af14e23-4e43-4125-a3fa-4a46f775551c: Started
2023-05-04 21:54:23,606 [pool-123-thread-1] INFO  util.JmxRegister (JmxRegister.java:tryRegister(44)) - Successfully registered JMX Bean with object name Ratis:service=RaftServer,group=group-DDEFD96A5894,id=4af07dde-7c26-4e14-912a-ab8f17b2e80e
2023-05-04 21:54:23,606 [pool-123-thread-1] INFO  server.RaftServerConfigKeys (ConfUtils.java:logGet(46)) - raft.server.snapshot.auto.trigger.enabled = true (custom)
2023-05-04 21:54:23,606 [pool-123-thread-1] INFO  server.RaftServerConfigKeys (ConfUtils.java:logGet(46)) - raft.server.snapshot.auto.trigger.threshold = 10000 (custom)
2023-05-04 21:54:23,606 [pool-123-thread-1] INFO  server.RaftServerConfigKeys (ConfUtils.java:logGet(46)) - raft.server.snapshot.retention.file.num = 5 (custom)
2023-05-04 21:54:23,606 [pool-123-thread-1] INFO  server.RaftServerConfigKeys (ConfUtils.java:logGet(46)) - raft.server.log.purge.upto.snapshot.index = false (default)
2023-05-04 21:54:23,607 [4af07dde-7c26-4e14-912a-ab8f17b2e80e@group-DDEFD96A5894-FollowerState] INFO  server.RaftServerConfigKeys (ConfUtils.java:logFallback(53)) - raft.server.rpc.first-election.timeout.min = 5s (fallback to raft.server.rpc.timeout.min)
2023-05-04 21:54:23,607 [4af07dde-7c26-4e14-912a-ab8f17b2e80e@group-DDEFD96A5894-FollowerState] INFO  server.RaftServerConfigKeys (ConfUtils.java:logFallback(53)) - raft.server.rpc.first-election.timeout.max = 5200ms (fallback to raft.server.rpc.timeout.max)
2023-05-04 21:54:23,609 [Command processor thread] INFO  ratis.XceiverServerRatis (XceiverServerRatis.java:addGroup(806)) - Created group PipelineID=8f0af2ce-295b-4bc6-a052-ddefd96a5894
2023-05-04 21:54:23,609 [Command processor thread] INFO  commandhandler.CreatePipelineCommandHandler (CreatePipelineCommandHandler.java:handle(113)) - Created Pipeline RATIS ONE PipelineID=8f0af2ce-295b-4bc6-a052-ddefd96a5894.
2023-05-04 21:54:23,609 [Command processor thread] INFO  server.RaftServer (RaftServerProxy.java:addNew(96)) - 4af07dde-7c26-4e14-912a-ab8f17b2e80e: addNew group-54A07F66644F:[4332e2d2-7bb6-4f7e-906a-de641ae4498f|rpc:10.1.0.44:41005|dataStream:10.1.0.44:36391|priority:0|startupRole:FOLLOWER, 4af07dde-7c26-4e14-912a-ab8f17b2e80e|rpc:10.1.0.44:38769|dataStream:10.1.0.44:33047|priority:0|startupRole:FOLLOWER, e0862bec-a8bd-48ad-a9f8-bef0c155c835|rpc:10.1.0.44:39581|dataStream:10.1.0.44:35075|priority:1|startupRole:FOLLOWER] returns group-54A07F66644F:java.util.concurrent.CompletableFuture@beece31[Not completed]
2023-05-04 21:54:23,611 [pool-123-thread-1] INFO  server.RaftServer$Division (RaftServerImpl.java:<init>(195)) - 4af07dde-7c26-4e14-912a-ab8f17b2e80e: new RaftServerImpl for group-54A07F66644F:[4332e2d2-7bb6-4f7e-906a-de641ae4498f|rpc:10.1.0.44:41005|dataStream:10.1.0.44:36391|priority:0|startupRole:FOLLOWER, 4af07dde-7c26-4e14-912a-ab8f17b2e80e|rpc:10.1.0.44:38769|dataStream:10.1.0.44:33047|priority:0|startupRole:FOLLOWER, e0862bec-a8bd-48ad-a9f8-bef0c155c835|rpc:10.1.0.44:39581|dataStream:10.1.0.44:35075|priority:1|startupRole:FOLLOWER] with ContainerStateMachine:uninitialized
2023-05-04 21:54:23,611 [pool-123-thread-1] INFO  server.RaftServerConfigKeys (ConfUtils.java:logGet(46)) - raft.server.rpc.timeout.min = 5s (custom)
2023-05-04 21:54:23,611 [pool-123-thread-1] INFO  server.RaftServerConfigKeys (ConfUtils.java:logGet(46)) - raft.server.rpc.timeout.max = 5200ms (custom)
2023-05-04 21:54:23,611 [pool-123-thread-1] INFO  server.RaftServerConfigKeys (ConfUtils.java:logGet(46)) - raft.server.rpc.sleep.time = 25ms (default)
2023-05-04 21:54:23,611 [pool-123-thread-1] INFO  server.RaftServerConfigKeys (ConfUtils.java:logGet(46)) - raft.server.rpc.slowness.timeout = 300s (custom)
2023-05-04 21:54:23,611 [pool-123-thread-1] INFO  server.RaftServerConfigKeys (ConfUtils.java:logGet(46)) - raft.server.leaderelection.leader.step-down.wait-time = 10s (default)
2023-05-04 21:54:23,611 [pool-123-thread-1] INFO  server.RaftServerConfigKeys (ConfUtils.java:logGet(46)) - raft.server.sleep.deviation.threshold = 300ms (default)
2023-05-04 21:54:23,611 [pool-123-thread-1] INFO  server.RaftServer$Division (ServerState.java:<init>(118)) - 4af07dde-7c26-4e14-912a-ab8f17b2e80e@group-54A07F66644F: ConfigurationManager, init=-1: peers:[4332e2d2-7bb6-4f7e-906a-de641ae4498f|rpc:10.1.0.44:41005|dataStream:10.1.0.44:36391|priority:0|startupRole:FOLLOWER, 4af07dde-7c26-4e14-912a-ab8f17b2e80e|rpc:10.1.0.44:38769|dataStream:10.1.0.44:33047|priority:0|startupRole:FOLLOWER, e0862bec-a8bd-48ad-a9f8-bef0c155c835|rpc:10.1.0.44:39581|dataStream:10.1.0.44:35075|priority:1|startupRole:FOLLOWER]|listeners:[], old=null, confs=<EMPTY_MAP>
2023-05-04 21:54:23,611 [pool-123-thread-1] INFO  server.RaftServerConfigKeys (ConfUtils.java:logGet(46)) - raft.server.storage.dir = [/home/runner/work/ozone/ozone/hadoop-ozone/integration-test/target/test-dir/MiniOzoneClusterImpl-52a188dd-66b8-45b2-ab7c-675c0ee04825/datanode-2/data/ratis] (custom)
2023-05-04 21:54:23,611 [pool-123-thread-1] INFO  server.RaftServerConfigKeys (ConfUtils.java:logGet(46)) - raft.server.log.corruption.policy = EXCEPTION (default)
2023-05-04 21:54:23,611 [pool-123-thread-1] INFO  server.RaftServerConfigKeys (ConfUtils.java:logGet(46)) - raft.server.storage.free-space.min = 0MB (=0) (default)
2023-05-04 21:54:23,611 [pool-123-thread-1] INFO  server.RaftServerConfigKeys (ConfUtils.java:logGet(46)) - raft.server.notification.no-leader.timeout = 300s (custom)
2023-05-04 21:54:23,612 [pool-123-thread-1] INFO  server.RaftServerConfigKeys (ConfUtils.java:logGet(46)) - raft.server.retrycache.expirytime = 600000ms (custom)
2023-05-04 21:54:23,612 [pool-123-thread-1] INFO  server.RaftServerConfigKeys (ConfUtils.java:logGet(46)) - raft.server.retrycache.statistics.expirytime = 100μs (default)
2023-05-04 21:54:23,613 [pool-123-thread-1] INFO  server.RaftServerConfigKeys (ConfUtils.java:logGet(46)) - raft.server.log.appender.install.snapshot.enabled = false (custom)
2023-05-04 21:54:23,613 [pool-123-thread-1] INFO  server.RaftServerConfigKeys (ConfUtils.java:logGet(46)) - raft.server.threadpool.server.cached = true (default)
2023-05-04 21:54:23,613 [pool-123-thread-1] INFO  server.RaftServerConfigKeys (ConfUtils.java:logGet(46)) - raft.server.threadpool.server.size = 0 (default)
2023-05-04 21:54:23,614 [pool-123-thread-1] INFO  server.RaftServerConfigKeys (ConfUtils.java:logGet(46)) - raft.server.threadpool.client.cached = true (default)
2023-05-04 21:54:23,614 [pool-123-thread-1] INFO  server.RaftServerConfigKeys (ConfUtils.java:logGet(46)) - raft.server.threadpool.client.size = 0 (default)
2023-05-04 21:54:23,614 [pool-123-thread-1] INFO  storage.RaftStorageDirectory (RaftStorageDirectoryImpl.java:analyzeStorage(137)) - The storage directory /home/runner/work/ozone/ozone/hadoop-ozone/integration-test/target/test-dir/MiniOzoneClusterImpl-52a188dd-66b8-45b2-ab7c-675c0ee04825/datanode-2/data/ratis/c675faf1-9d96-4647-b9f5-54a07f66644f does not exist. Creating ...
2023-05-04 21:54:23,615 [pool-123-thread-1] INFO  storage.RaftStorageDirectory (RaftStorageDirectoryImpl.java:tryLock(231)) - Lock on /home/runner/work/ozone/ozone/hadoop-ozone/integration-test/target/test-dir/MiniOzoneClusterImpl-52a188dd-66b8-45b2-ab7c-675c0ee04825/datanode-2/data/ratis/c675faf1-9d96-4647-b9f5-54a07f66644f/in_use.lock acquired by nodename 25128@fv-az133-721
2023-05-04 21:54:23,616 [pool-123-thread-1] INFO  storage.RaftStorage (RaftStorageImpl.java:format(96)) - Storage directory /home/runner/work/ozone/ozone/hadoop-ozone/integration-test/target/test-dir/MiniOzoneClusterImpl-52a188dd-66b8-45b2-ab7c-675c0ee04825/datanode-2/data/ratis/c675faf1-9d96-4647-b9f5-54a07f66644f has been successfully formatted.
2023-05-04 21:54:23,623 [EventQueue-OpenPipelineForHealthyPipelineSafeModeRule] INFO  safemode.SCMSafeModeManager (HealthyPipelineSafeModeRule.java:process(137)) - SCM in safe mode. Healthy pipelines reported count is 0, required healthy pipeline reported count is 1
2023-05-04 21:54:23,625 [pool-123-thread-1] INFO  ratis.ContainerStateMachine (ContainerStateMachine.java:loadSnapshot(262)) - group-54A07F66644F: The snapshot info is null. Setting the last applied indexto:(t:0, i:~)
2023-05-04 21:54:23,625 [pool-123-thread-1] INFO  server.RaftServerConfigKeys (ConfUtils.java:logGet(46)) - raft.server.log.use.memory = false (default)
2023-05-04 21:54:23,625 [pool-123-thread-1] INFO  server.RaftServerConfigKeys (ConfUtils.java:logGet(46)) - raft.server.log.purge.gap = 1000000 (custom)
2023-05-04 21:54:23,625 [pool-123-thread-1] INFO  server.RaftServerConfigKeys (ConfUtils.java:logGet(46)) - raft.server.log.appender.buffer.byte-limit = 33554432 (custom)
2023-05-04 21:54:23,633 [pool-123-thread-1] INFO  server.RaftServerConfigKeys (ConfUtils.java:logGet(46)) - raft.server.log.statemachine.data.read.timeout = 1000ms (default)
2023-05-04 21:54:23,633 [pool-123-thread-1] INFO  server.RaftServerConfigKeys (ConfUtils.java:logGet(46)) - raft.server.log.purge.preservation.log.num = 0 (default)
2023-05-04 21:54:23,633 [EndpointStateMachine task thread for /0.0.0.0:35509 - 0 ] INFO  server.XceiverServerGrpc (XceiverServerGrpc.java:start(180)) - XceiverServerGrpc 4af14e23-4e43-4125-a3fa-4a46f775551c is started using port 33709
2023-05-04 21:54:23,634 [pool-123-thread-1] INFO  server.RaftServerConfigKeys (ConfUtils.java:logGet(46)) - raft.server.log.segment.size.max = 1048576 (custom)
2023-05-04 21:54:23,635 [BlockDeletingService#0] INFO  interfaces.ContainerDeletionChoosingPolicyTemplate (ContainerDeletionChoosingPolicyTemplate.java:chooseContainerForBlockDeletion(83)) - Chosen 0/5000 blocks from 0 candidate containers.
2023-05-04 21:54:23,636 [pool-123-thread-1] INFO  server.RaftServerConfigKeys (ConfUtils.java:logGet(46)) - raft.server.log.segment.cache.num.max = 2 (custom)
2023-05-04 21:54:23,638 [pool-123-thread-1] INFO  server.RaftServerConfigKeys (ConfUtils.java:logGet(46)) - raft.server.log.segment.cache.size.max = 200MB (=209715200) (default)
2023-05-04 21:54:23,638 [pool-123-thread-1] INFO  segmented.SegmentedRaftLogWorker (SegmentedRaftLogWorker.java:<init>(189)) - new 4af07dde-7c26-4e14-912a-ab8f17b2e80e@group-54A07F66644F-SegmentedRaftLogWorker for RaftStorageImpl:Storage Directory /home/runner/work/ozone/ozone/hadoop-ozone/integration-test/target/test-dir/MiniOzoneClusterImpl-52a188dd-66b8-45b2-ab7c-675c0ee04825/datanode-2/data/ratis/c675faf1-9d96-4647-b9f5-54a07f66644f
2023-05-04 21:54:23,638 [pool-123-thread-1] INFO  server.RaftServerConfigKeys (ConfUtils.java:logGet(46)) - raft.server.log.queue.byte-limit = 4294967296 (custom)
2023-05-04 21:54:23,638 [pool-123-thread-1] INFO  server.RaftServerConfigKeys (ConfUtils.java:logGet(46)) - raft.server.log.queue.element-limit = 1024 (custom)
2023-05-04 21:54:23,638 [pool-123-thread-1] INFO  server.RaftServerConfigKeys (ConfUtils.java:logGet(46)) - raft.server.log.segment.size.max = 1048576 (custom)
2023-05-04 21:54:23,638 [pool-123-thread-1] INFO  server.RaftServerConfigKeys (ConfUtils.java:logGet(46)) - raft.server.log.preallocated.size = 16384 (custom)
2023-05-04 21:54:23,638 [pool-123-thread-1] INFO  server.RaftServerConfigKeys (ConfUtils.java:logGet(46)) - raft.server.log.force.sync.num = 128 (default)
2023-05-04 21:54:23,638 [pool-123-thread-1] INFO  server.RaftServerConfigKeys (ConfUtils.java:logGet(46)) - raft.server.log.statemachine.data.sync = true (default)
2023-05-04 21:54:23,639 [pool-123-thread-1] INFO  server.RaftServerConfigKeys (ConfUtils.java:logGet(46)) - raft.server.log.statemachine.data.sync.timeout = 10s (default)
2023-05-04 21:54:23,639 [pool-123-thread-1] INFO  server.RaftServerConfigKeys (ConfUtils.java:logGet(46)) - raft.server.log.statemachine.data.sync.timeout.retry = -1 (default)
2023-05-04 21:54:23,642 [pool-123-thread-1] INFO  server.RaftServerConfigKeys (ConfUtils.java:logGet(46)) - raft.server.log.write.buffer.size = 1048576 (custom)
2023-05-04 21:54:23,642 [pool-123-thread-1] INFO  server.RaftServerConfigKeys (ConfUtils.java:logGet(46)) - raft.server.log.appender.buffer.byte-limit = 33554432 (custom)
2023-05-04 21:54:23,648 [pool-123-thread-1] INFO  server.RaftServerConfigKeys (ConfUtils.java:logGet(46)) - raft.server.log.unsafe-flush.enabled = false (default)
2023-05-04 21:54:23,648 [pool-123-thread-1] INFO  server.RaftServerConfigKeys (ConfUtils.java:logGet(46)) - raft.server.log.async-flush.enabled = false (default)
2023-05-04 21:54:23,648 [pool-123-thread-1] INFO  server.RaftServerConfigKeys (ConfUtils.java:logGet(46)) - raft.server.log.statemachine.data.caching.enabled = true (custom)
2023-05-04 21:54:23,648 [pool-123-thread-1] INFO  segmented.SegmentedRaftLogWorker (SegmentedRaftLogWorker.java:lambda$new$0(135)) - 4af07dde-7c26-4e14-912a-ab8f17b2e80e@group-54A07F66644F-SegmentedRaftLogWorker: flushIndex: setUnconditionally 0 -> -1
2023-05-04 21:54:23,648 [pool-123-thread-1] INFO  segmented.SegmentedRaftLogWorker (SegmentedRaftLogWorker.java:lambda$new$0(135)) - 4af07dde-7c26-4e14-912a-ab8f17b2e80e@group-54A07F66644F-SegmentedRaftLogWorker: safeCacheEvictIndex: setUnconditionally 0 -> -1
2023-05-04 21:54:23,648 [pool-123-thread-1] INFO  server.RaftServer$Division (RaftServerImpl.java:start(334)) - 4af07dde-7c26-4e14-912a-ab8f17b2e80e@group-54A07F66644F: start as a follower, conf=-1: peers:[4332e2d2-7bb6-4f7e-906a-de641ae4498f|rpc:10.1.0.44:41005|dataStream:10.1.0.44:36391|priority:0|startupRole:FOLLOWER, 4af07dde-7c26-4e14-912a-ab8f17b2e80e|rpc:10.1.0.44:38769|dataStream:10.1.0.44:33047|priority:0|startupRole:FOLLOWER, e0862bec-a8bd-48ad-a9f8-bef0c155c835|rpc:10.1.0.44:39581|dataStream:10.1.0.44:35075|priority:1|startupRole:FOLLOWER]|listeners:[], old=null
2023-05-04 21:54:23,649 [pool-123-thread-1] INFO  server.RaftServer$Division (RaftServerImpl.java:setRole(321)) - 4af07dde-7c26-4e14-912a-ab8f17b2e80e@group-54A07F66644F: changes role from      null to FOLLOWER at term 0 for startAsFollower
2023-05-04 21:54:23,649 [pool-123-thread-1] INFO  impl.RoleInfo (RoleInfo.java:updateAndGet(139)) - 4af07dde-7c26-4e14-912a-ab8f17b2e80e: start 4af07dde-7c26-4e14-912a-ab8f17b2e80e@group-54A07F66644F-FollowerState
2023-05-04 21:54:23,649 [pool-123-thread-1] INFO  util.JmxRegister (JmxRegister.java:tryRegister(44)) - Successfully registered JMX Bean with object name Ratis:service=RaftServer,group=group-54A07F66644F,id=4af07dde-7c26-4e14-912a-ab8f17b2e80e
2023-05-04 21:54:23,649 [pool-123-thread-1] INFO  server.RaftServerConfigKeys (ConfUtils.java:logGet(46)) - raft.server.snapshot.auto.trigger.enabled = true (custom)
2023-05-04 21:54:23,649 [pool-123-thread-1] INFO  server.RaftServerConfigKeys (ConfUtils.java:logGet(46)) - raft.server.snapshot.auto.trigger.threshold = 10000 (custom)
2023-05-04 21:54:23,649 [pool-123-thread-1] INFO  server.RaftServerConfigKeys (ConfUtils.java:logGet(46)) - raft.server.snapshot.retention.file.num = 5 (custom)
2023-05-04 21:54:23,649 [pool-123-thread-1] INFO  server.RaftServerConfigKeys (ConfUtils.java:logGet(46)) - raft.server.log.purge.upto.snapshot.index = false (default)
2023-05-04 21:54:23,650 [4af07dde-7c26-4e14-912a-ab8f17b2e80e@group-54A07F66644F-FollowerState] INFO  server.RaftServerConfigKeys (ConfUtils.java:logFallback(53)) - raft.server.rpc.first-election.timeout.min = 5s (fallback to raft.server.rpc.timeout.min)
2023-05-04 21:54:23,655 [4af07dde-7c26-4e14-912a-ab8f17b2e80e@group-54A07F66644F-FollowerState] INFO  server.RaftServerConfigKeys (ConfUtils.java:logFallback(53)) - raft.server.rpc.first-election.timeout.max = 5200ms (fallback to raft.server.rpc.timeout.max)
2023-05-04 21:54:23,658 [Command processor thread] INFO  ratis.XceiverServerRatis (XceiverServerRatis.java:addGroup(806)) - Created group PipelineID=c675faf1-9d96-4647-b9f5-54a07f66644f
2023-05-04 21:54:23,884 [Command processor thread] INFO  commandhandler.CreatePipelineCommandHandler (CreatePipelineCommandHandler.java:handle(113)) - Created Pipeline RATIS THREE PipelineID=c675faf1-9d96-4647-b9f5-54a07f66644f.
2023-05-04 21:54:23,885 [Command processor thread] INFO  server.RaftServer (RaftServerProxy.java:addNew(96)) - 4332e2d2-7bb6-4f7e-906a-de641ae4498f: addNew group-46E97EAE2EED:[4332e2d2-7bb6-4f7e-906a-de641ae4498f|rpc:10.1.0.44:41005|dataStream:10.1.0.44:36391|priority:0|startupRole:FOLLOWER, 4af07dde-7c26-4e14-912a-ab8f17b2e80e|rpc:10.1.0.44:38769|dataStream:10.1.0.44:33047|priority:1|startupRole:FOLLOWER, e0862bec-a8bd-48ad-a9f8-bef0c155c835|rpc:10.1.0.44:39581|dataStream:10.1.0.44:35075|priority:0|startupRole:FOLLOWER] returns group-46E97EAE2EED:java.util.concurrent.CompletableFuture@3939323a[Not completed]
2023-05-04 21:54:23,886 [pool-101-thread-1] INFO  server.RaftServer$Division (RaftServerImpl.java:<init>(195)) - 4332e2d2-7bb6-4f7e-906a-de641ae4498f: new RaftServerImpl for group-46E97EAE2EED:[4332e2d2-7bb6-4f7e-906a-de641ae4498f|rpc:10.1.0.44:41005|dataStream:10.1.0.44:36391|priority:0|startupRole:FOLLOWER, 4af07dde-7c26-4e14-912a-ab8f17b2e80e|rpc:10.1.0.44:38769|dataStream:10.1.0.44:33047|priority:1|startupRole:FOLLOWER, e0862bec-a8bd-48ad-a9f8-bef0c155c835|rpc:10.1.0.44:39581|dataStream:10.1.0.44:35075|priority:0|startupRole:FOLLOWER] with ContainerStateMachine:uninitialized
2023-05-04 21:54:23,886 [pool-101-thread-1] INFO  server.RaftServerConfigKeys (ConfUtils.java:logGet(46)) - raft.server.rpc.timeout.min = 5s (custom)
2023-05-04 21:54:23,886 [pool-101-thread-1] INFO  server.RaftServerConfigKeys (ConfUtils.java:logGet(46)) - raft.server.rpc.timeout.max = 5200ms (custom)
2023-05-04 21:54:23,886 [pool-101-thread-1] INFO  server.RaftServerConfigKeys (ConfUtils.java:logGet(46)) - raft.server.rpc.sleep.time = 25ms (default)
2023-05-04 21:54:23,886 [pool-101-thread-1] INFO  server.RaftServerConfigKeys (ConfUtils.java:logGet(46)) - raft.server.rpc.slowness.timeout = 300s (custom)
2023-05-04 21:54:23,886 [pool-101-thread-1] INFO  server.RaftServerConfigKeys (ConfUtils.java:logGet(46)) - raft.server.leaderelection.leader.step-down.wait-time = 10s (default)
2023-05-04 21:54:23,886 [pool-101-thread-1] INFO  server.RaftServerConfigKeys (ConfUtils.java:logGet(46)) - raft.server.sleep.deviation.threshold = 300ms (default)
2023-05-04 21:54:23,886 [pool-101-thread-1] INFO  server.RaftServer$Division (ServerState.java:<init>(118)) - 4332e2d2-7bb6-4f7e-906a-de641ae4498f@group-46E97EAE2EED: ConfigurationManager, init=-1: peers:[4332e2d2-7bb6-4f7e-906a-de641ae4498f|rpc:10.1.0.44:41005|dataStream:10.1.0.44:36391|priority:0|startupRole:FOLLOWER, 4af07dde-7c26-4e14-912a-ab8f17b2e80e|rpc:10.1.0.44:38769|dataStream:10.1.0.44:33047|priority:1|startupRole:FOLLOWER, e0862bec-a8bd-48ad-a9f8-bef0c155c835|rpc:10.1.0.44:39581|dataStream:10.1.0.44:35075|priority:0|startupRole:FOLLOWER]|listeners:[], old=null, confs=<EMPTY_MAP>
2023-05-04 21:54:23,886 [pool-101-thread-1] INFO  server.RaftServerConfigKeys (ConfUtils.java:logGet(46)) - raft.server.storage.dir = [/home/runner/work/ozone/ozone/hadoop-ozone/integration-test/target/test-dir/MiniOzoneClusterImpl-52a188dd-66b8-45b2-ab7c-675c0ee04825/datanode-1/data/ratis] (custom)
2023-05-04 21:54:23,887 [pool-101-thread-1] INFO  server.RaftServerConfigKeys (ConfUtils.java:logGet(46)) - raft.server.log.corruption.policy = EXCEPTION (default)
2023-05-04 21:54:23,887 [pool-101-thread-1] INFO  server.RaftServerConfigKeys (ConfUtils.java:logGet(46)) - raft.server.storage.free-space.min = 0MB (=0) (default)
2023-05-04 21:54:23,887 [pool-101-thread-1] INFO  server.RaftServerConfigKeys (ConfUtils.java:logGet(46)) - raft.server.notification.no-leader.timeout = 300s (custom)
2023-05-04 21:54:23,887 [pool-101-thread-1] INFO  server.RaftServerConfigKeys (ConfUtils.java:logGet(46)) - raft.server.retrycache.expirytime = 600000ms (custom)
2023-05-04 21:54:23,887 [pool-101-thread-1] INFO  server.RaftServerConfigKeys (ConfUtils.java:logGet(46)) - raft.server.retrycache.statistics.expirytime = 100μs (default)
2023-05-04 21:54:23,888 [pool-101-thread-1] INFO  server.RaftServerConfigKeys (ConfUtils.java:logGet(46)) - raft.server.log.appender.install.snapshot.enabled = false (custom)
2023-05-04 21:54:23,888 [pool-101-thread-1] INFO  server.RaftServerConfigKeys (ConfUtils.java:logGet(46)) - raft.server.threadpool.server.cached = true (default)
2023-05-04 21:54:23,889 [pool-101-thread-1] INFO  server.RaftServerConfigKeys (ConfUtils.java:logGet(46)) - raft.server.threadpool.server.size = 0 (default)
2023-05-04 21:54:23,889 [pool-101-thread-1] INFO  server.RaftServerConfigKeys (ConfUtils.java:logGet(46)) - raft.server.threadpool.client.cached = true (default)
2023-05-04 21:54:23,889 [pool-101-thread-1] INFO  server.RaftServerConfigKeys (ConfUtils.java:logGet(46)) - raft.server.threadpool.client.size = 0 (default)
2023-05-04 21:54:23,889 [pool-101-thread-1] INFO  storage.RaftStorageDirectory (RaftStorageDirectoryImpl.java:analyzeStorage(137)) - The storage directory /home/runner/work/ozone/ozone/hadoop-ozone/integration-test/target/test-dir/MiniOzoneClusterImpl-52a188dd-66b8-45b2-ab7c-675c0ee04825/datanode-1/data/ratis/b7b8b290-6f3f-4782-a306-46e97eae2eed does not exist. Creating ...
2023-05-04 21:54:23,892 [pool-101-thread-1] INFO  storage.RaftStorageDirectory (RaftStorageDirectoryImpl.java:tryLock(231)) - Lock on /home/runner/work/ozone/ozone/hadoop-ozone/integration-test/target/test-dir/MiniOzoneClusterImpl-52a188dd-66b8-45b2-ab7c-675c0ee04825/datanode-1/data/ratis/b7b8b290-6f3f-4782-a306-46e97eae2eed/in_use.lock acquired by nodename 25128@fv-az133-721
2023-05-04 21:54:23,895 [pool-101-thread-1] INFO  storage.RaftStorage (RaftStorageImpl.java:format(96)) - Storage directory /home/runner/work/ozone/ozone/hadoop-ozone/integration-test/target/test-dir/MiniOzoneClusterImpl-52a188dd-66b8-45b2-ab7c-675c0ee04825/datanode-1/data/ratis/b7b8b290-6f3f-4782-a306-46e97eae2eed has been successfully formatted.
2023-05-04 21:54:23,897 [pool-101-thread-1] INFO  ratis.ContainerStateMachine (ContainerStateMachine.java:loadSnapshot(262)) - group-46E97EAE2EED: The snapshot info is null. Setting the last applied indexto:(t:0, i:~)
2023-05-04 21:54:23,897 [pool-101-thread-1] INFO  server.RaftServerConfigKeys (ConfUtils.java:logGet(46)) - raft.server.log.use.memory = false (default)
2023-05-04 21:54:23,897 [pool-101-thread-1] INFO  server.RaftServerConfigKeys (ConfUtils.java:logGet(46)) - raft.server.log.purge.gap = 1000000 (custom)
2023-05-04 21:54:23,897 [pool-101-thread-1] INFO  server.RaftServerConfigKeys (ConfUtils.java:logGet(46)) - raft.server.log.appender.buffer.byte-limit = 33554432 (custom)
2023-05-04 21:54:23,897 [pool-101-thread-1] INFO  server.RaftServerConfigKeys (ConfUtils.java:logGet(46)) - raft.server.log.statemachine.data.read.timeout = 1000ms (default)
2023-05-04 21:54:23,897 [pool-101-thread-1] INFO  server.RaftServerConfigKeys (ConfUtils.java:logGet(46)) - raft.server.log.purge.preservation.log.num = 0 (default)
2023-05-04 21:54:23,897 [pool-101-thread-1] INFO  server.RaftServerConfigKeys (ConfUtils.java:logGet(46)) - raft.server.log.segment.size.max = 1048576 (custom)
2023-05-04 21:54:23,898 [EventQueue-OpenPipelineForHealthyPipelineSafeModeRule] INFO  safemode.SCMSafeModeManager (HealthyPipelineSafeModeRule.java:process(137)) - SCM in safe mode. Healthy pipelines reported count is 0, required healthy pipeline reported count is 1
2023-05-04 21:54:23,900 [pool-101-thread-1] INFO  server.RaftServerConfigKeys (ConfUtils.java:logGet(46)) - raft.server.log.segment.cache.num.max = 2 (custom)
2023-05-04 21:54:23,902 [pool-101-thread-1] INFO  server.RaftServerConfigKeys (ConfUtils.java:logGet(46)) - raft.server.log.segment.cache.size.max = 200MB (=209715200) (default)
2023-05-04 21:54:23,902 [pool-101-thread-1] INFO  segmented.SegmentedRaftLogWorker (SegmentedRaftLogWorker.java:<init>(189)) - new 4332e2d2-7bb6-4f7e-906a-de641ae4498f@group-46E97EAE2EED-SegmentedRaftLogWorker for RaftStorageImpl:Storage Directory /home/runner/work/ozone/ozone/hadoop-ozone/integration-test/target/test-dir/MiniOzoneClusterImpl-52a188dd-66b8-45b2-ab7c-675c0ee04825/datanode-1/data/ratis/b7b8b290-6f3f-4782-a306-46e97eae2eed
2023-05-04 21:54:23,902 [pool-101-thread-1] INFO  server.RaftServerConfigKeys (ConfUtils.java:logGet(46)) - raft.server.log.queue.byte-limit = 4294967296 (custom)
2023-05-04 21:54:23,902 [pool-101-thread-1] INFO  server.RaftServerConfigKeys (ConfUtils.java:logGet(46)) - raft.server.log.queue.element-limit = 1024 (custom)
2023-05-04 21:54:23,902 [pool-101-thread-1] INFO  server.RaftServerConfigKeys (ConfUtils.java:logGet(46)) - raft.server.log.segment.size.max = 1048576 (custom)
2023-05-04 21:54:23,902 [pool-101-thread-1] INFO  server.RaftServerConfigKeys (ConfUtils.java:logGet(46)) - raft.server.log.preallocated.size = 16384 (custom)
2023-05-04 21:54:23,908 [pool-101-thread-1] INFO  server.RaftServerConfigKeys (ConfUtils.java:logGet(46)) - raft.server.log.force.sync.num = 128 (default)
2023-05-04 21:54:23,908 [pool-101-thread-1] INFO  server.RaftServerConfigKeys (ConfUtils.java:logGet(46)) - raft.server.log.statemachine.data.sync = true (default)
2023-05-04 21:54:23,908 [pool-101-thread-1] INFO  server.RaftServerConfigKeys (ConfUtils.java:logGet(46)) - raft.server.log.statemachine.data.sync.timeout = 10s (default)
2023-05-04 21:54:23,909 [pool-101-thread-1] INFO  server.RaftServerConfigKeys (ConfUtils.java:logGet(46)) - raft.server.log.statemachine.data.sync.timeout.retry = -1 (default)
2023-05-04 21:54:23,912 [Command processor thread] INFO  server.RaftServer (RaftServerProxy.java:addNew(96)) - 7b4a0121-e5ca-4a28-aa85-7db853fd0802: addNew group-6003E1ADB018:[7b4a0121-e5ca-4a28-aa85-7db853fd0802|rpc:10.1.0.44:42349|dataStream:10.1.0.44:38943|priority:1|startupRole:FOLLOWER] returns group-6003E1ADB018:java.util.concurrent.CompletableFuture@2d291c76[Not completed]
2023-05-04 21:54:23,916 [pool-101-thread-1] INFO  server.RaftServerConfigKeys (ConfUtils.java:logGet(46)) - raft.server.log.write.buffer.size = 1048576 (custom)
2023-05-04 21:54:23,916 [pool-101-thread-1] INFO  server.RaftServerConfigKeys (ConfUtils.java:logGet(46)) - raft.server.log.appender.buffer.byte-limit = 33554432 (custom)
2023-05-04 21:54:23,929 [pool-101-thread-1] INFO  server.RaftServerConfigKeys (ConfUtils.java:logGet(46)) - raft.server.log.unsafe-flush.enabled = false (default)
2023-05-04 21:54:23,937 [pool-101-thread-1] INFO  server.RaftServerConfigKeys (ConfUtils.java:logGet(46)) - raft.server.log.async-flush.enabled = false (default)
2023-05-04 21:54:23,937 [pool-101-thread-1] INFO  server.RaftServerConfigKeys (ConfUtils.java:logGet(46)) - raft.server.log.statemachine.data.caching.enabled = true (custom)
2023-05-04 21:54:23,936 [Command processor thread] INFO  commandhandler.CreatePipelineCommandHandler (CreatePipelineCommandHandler.java:handle(113)) - Created Pipeline RATIS THREE PipelineID=c675faf1-9d96-4647-b9f5-54a07f66644f.
2023-05-04 21:54:23,940 [Command processor thread] INFO  server.RaftServer (RaftServerProxy.java:addNew(96)) - 4af07dde-7c26-4e14-912a-ab8f17b2e80e: addNew group-46E97EAE2EED:[4332e2d2-7bb6-4f7e-906a-de641ae4498f|rpc:10.1.0.44:41005|dataStream:10.1.0.44:36391|priority:0|startupRole:FOLLOWER, 4af07dde-7c26-4e14-912a-ab8f17b2e80e|rpc:10.1.0.44:38769|dataStream:10.1.0.44:33047|priority:1|startupRole:FOLLOWER, e0862bec-a8bd-48ad-a9f8-bef0c155c835|rpc:10.1.0.44:39581|dataStream:10.1.0.44:35075|priority:0|startupRole:FOLLOWER] returns group-46E97EAE2EED:java.util.concurrent.CompletableFuture@670ebba6[Not completed]
2023-05-04 21:54:23,941 [pool-123-thread-1] INFO  server.RaftServer$Division (RaftServerImpl.java:<init>(195)) - 4af07dde-7c26-4e14-912a-ab8f17b2e80e: new RaftServerImpl for group-46E97EAE2EED:[4332e2d2-7bb6-4f7e-906a-de641ae4498f|rpc:10.1.0.44:41005|dataStream:10.1.0.44:36391|priority:0|startupRole:FOLLOWER, 4af07dde-7c26-4e14-912a-ab8f17b2e80e|rpc:10.1.0.44:38769|dataStream:10.1.0.44:33047|priority:1|startupRole:FOLLOWER, e0862bec-a8bd-48ad-a9f8-bef0c155c835|rpc:10.1.0.44:39581|dataStream:10.1.0.44:35075|priority:0|startupRole:FOLLOWER] with ContainerStateMachine:uninitialized
2023-05-04 21:54:23,941 [pool-123-thread-1] INFO  server.RaftServerConfigKeys (ConfUtils.java:logGet(46)) - raft.server.rpc.timeout.min = 5s (custom)
2023-05-04 21:54:23,941 [pool-123-thread-1] INFO  server.RaftServerConfigKeys (ConfUtils.java:logGet(46)) - raft.server.rpc.timeout.max = 5200ms (custom)
2023-05-04 21:54:23,941 [pool-123-thread-1] INFO  server.RaftServerConfigKeys (ConfUtils.java:logGet(46)) - raft.server.rpc.sleep.time = 25ms (default)
2023-05-04 21:54:23,941 [pool-123-thread-1] INFO  server.RaftServerConfigKeys (ConfUtils.java:logGet(46)) - raft.server.rpc.slowness.timeout = 300s (custom)
2023-05-04 21:54:23,941 [pool-123-thread-1] INFO  server.RaftServerConfigKeys (ConfUtils.java:logGet(46)) - raft.server.leaderelection.leader.step-down.wait-time = 10s (default)
2023-05-04 21:54:23,941 [pool-123-thread-1] INFO  server.RaftServerConfigKeys (ConfUtils.java:logGet(46)) - raft.server.sleep.deviation.threshold = 300ms (default)
2023-05-04 21:54:23,941 [pool-123-thread-1] INFO  server.RaftServer$Division (ServerState.java:<init>(118)) - 4af07dde-7c26-4e14-912a-ab8f17b2e80e@group-46E97EAE2EED: ConfigurationManager, init=-1: peers:[4332e2d2-7bb6-4f7e-906a-de641ae4498f|rpc:10.1.0.44:41005|dataStream:10.1.0.44:36391|priority:0|startupRole:FOLLOWER, 4af07dde-7c26-4e14-912a-ab8f17b2e80e|rpc:10.1.0.44:38769|dataStream:10.1.0.44:33047|priority:1|startupRole:FOLLOWER, e0862bec-a8bd-48ad-a9f8-bef0c155c835|rpc:10.1.0.44:39581|dataStream:10.1.0.44:35075|priority:0|startupRole:FOLLOWER]|listeners:[], old=null, confs=<EMPTY_MAP>
2023-05-04 21:54:23,941 [pool-123-thread-1] INFO  server.RaftServerConfigKeys (ConfUtils.java:logGet(46)) - raft.server.storage.dir = [/home/runner/work/ozone/ozone/hadoop-ozone/integration-test/target/test-dir/MiniOzoneClusterImpl-52a188dd-66b8-45b2-ab7c-675c0ee04825/datanode-2/data/ratis] (custom)
2023-05-04 21:54:23,942 [pool-123-thread-1] INFO  server.RaftServerConfigKeys (ConfUtils.java:logGet(46)) - raft.server.log.corruption.policy = EXCEPTION (default)
2023-05-04 21:54:23,942 [pool-123-thread-1] INFO  server.RaftServerConfigKeys (ConfUtils.java:logGet(46)) - raft.server.storage.free-space.min = 0MB (=0) (default)
2023-05-04 21:54:23,942 [pool-123-thread-1] INFO  server.RaftServerConfigKeys (ConfUtils.java:logGet(46)) - raft.server.notification.no-leader.timeout = 300s (custom)
2023-05-04 21:54:23,942 [pool-123-thread-1] INFO  server.RaftServerConfigKeys (ConfUtils.java:logGet(46)) - raft.server.retrycache.expirytime = 600000ms (custom)
2023-05-04 21:54:23,942 [pool-123-thread-1] INFO  server.RaftServerConfigKeys (ConfUtils.java:logGet(46)) - raft.server.retrycache.statistics.expirytime = 100μs (default)
2023-05-04 21:54:23,943 [pool-123-thread-1] INFO  server.RaftServerConfigKeys (ConfUtils.java:logGet(46)) - raft.server.log.appender.install.snapshot.enabled = false (custom)
2023-05-04 21:54:23,943 [pool-123-thread-1] INFO  server.RaftServerConfigKeys (ConfUtils.java:logGet(46)) - raft.server.threadpool.server.cached = true (default)
2023-05-04 21:54:23,943 [pool-123-thread-1] INFO  server.RaftServerConfigKeys (ConfUtils.java:logGet(46)) - raft.server.threadpool.server.size = 0 (default)
2023-05-04 21:54:23,944 [pool-123-thread-1] INFO  server.RaftServerConfigKeys (ConfUtils.java:logGet(46)) - raft.server.threadpool.client.cached = true (default)
2023-05-04 21:54:23,944 [pool-123-thread-1] INFO  server.RaftServerConfigKeys (ConfUtils.java:logGet(46)) - raft.server.threadpool.client.size = 0 (default)
2023-05-04 21:54:23,944 [pool-123-thread-1] INFO  storage.RaftStorageDirectory (RaftStorageDirectoryImpl.java:analyzeStorage(137)) - The storage directory /home/runner/work/ozone/ozone/hadoop-ozone/integration-test/target/test-dir/MiniOzoneClusterImpl-52a188dd-66b8-45b2-ab7c-675c0ee04825/datanode-2/data/ratis/b7b8b290-6f3f-4782-a306-46e97eae2eed does not exist. Creating ...
2023-05-04 21:54:23,934 [pool-145-thread-1] INFO  server.RaftServer$Division (RaftServerImpl.java:<init>(195)) - 7b4a0121-e5ca-4a28-aa85-7db853fd0802: new RaftServerImpl for group-6003E1ADB018:[7b4a0121-e5ca-4a28-aa85-7db853fd0802|rpc:10.1.0.44:42349|dataStream:10.1.0.44:38943|priority:1|startupRole:FOLLOWER] with ContainerStateMachine:uninitialized
2023-05-04 21:54:23,946 [pool-123-thread-1] INFO  storage.RaftStorageDirectory (RaftStorageDirectoryImpl.java:tryLock(231)) - Lock on /home/runner/work/ozone/ozone/hadoop-ozone/integration-test/target/test-dir/MiniOzoneClusterImpl-52a188dd-66b8-45b2-ab7c-675c0ee04825/datanode-2/data/ratis/b7b8b290-6f3f-4782-a306-46e97eae2eed/in_use.lock acquired by nodename 25128@fv-az133-721
2023-05-04 21:54:23,938 [Command processor thread] INFO  commandhandler.CreatePipelineCommandHandler (CreatePipelineCommandHandler.java:handle(113)) - Created Pipeline RATIS THREE PipelineID=c675faf1-9d96-4647-b9f5-54a07f66644f.
2023-05-04 21:54:23,946 [pool-145-thread-1] INFO  server.RaftServerConfigKeys (ConfUtils.java:logGet(46)) - raft.server.rpc.timeout.min = 5s (custom)
2023-05-04 21:54:23,946 [pool-145-thread-1] INFO  server.RaftServerConfigKeys (ConfUtils.java:logGet(46)) - raft.server.rpc.timeout.max = 5200ms (custom)
2023-05-04 21:54:23,946 [pool-145-thread-1] INFO  server.RaftServerConfigKeys (ConfUtils.java:logGet(46)) - raft.server.rpc.sleep.time = 25ms (default)
2023-05-04 21:54:23,946 [pool-145-thread-1] INFO  server.RaftServerConfigKeys (ConfUtils.java:logGet(46)) - raft.server.rpc.slowness.timeout = 300s (custom)
2023-05-04 21:54:23,946 [pool-145-thread-1] INFO  server.RaftServerConfigKeys (ConfUtils.java:logGet(46)) - raft.server.leaderelection.leader.step-down.wait-time = 10s (default)
2023-05-04 21:54:23,946 [Command processor thread] INFO  server.RaftServer (RaftServerProxy.java:addNew(96)) - e0862bec-a8bd-48ad-a9f8-bef0c155c835: addNew group-46E97EAE2EED:[4332e2d2-7bb6-4f7e-906a-de641ae4498f|rpc:10.1.0.44:41005|dataStream:10.1.0.44:36391|priority:0|startupRole:FOLLOWER, 4af07dde-7c26-4e14-912a-ab8f17b2e80e|rpc:10.1.0.44:38769|dataStream:10.1.0.44:33047|priority:1|startupRole:FOLLOWER, e0862bec-a8bd-48ad-a9f8-bef0c155c835|rpc:10.1.0.44:39581|dataStream:10.1.0.44:35075|priority:0|startupRole:FOLLOWER] returns group-46E97EAE2EED:java.util.concurrent.CompletableFuture@360a8433[Not completed]
2023-05-04 21:54:23,947 [pool-79-thread-1] INFO  server.RaftServer$Division (RaftServerImpl.java:<init>(195)) - e0862bec-a8bd-48ad-a9f8-bef0c155c835: new RaftServerImpl for group-46E97EAE2EED:[4332e2d2-7bb6-4f7e-906a-de641ae4498f|rpc:10.1.0.44:41005|dataStream:10.1.0.44:36391|priority:0|startupRole:FOLLOWER, 4af07dde-7c26-4e14-912a-ab8f17b2e80e|rpc:10.1.0.44:38769|dataStream:10.1.0.44:33047|priority:1|startupRole:FOLLOWER, e0862bec-a8bd-48ad-a9f8-bef0c155c835|rpc:10.1.0.44:39581|dataStream:10.1.0.44:35075|priority:0|startupRole:FOLLOWER] with ContainerStateMachine:uninitialized
2023-05-04 21:54:23,947 [pool-79-thread-1] INFO  server.RaftServerConfigKeys (ConfUtils.java:logGet(46)) - raft.server.rpc.timeout.min = 5s (custom)
2023-05-04 21:54:23,947 [pool-79-thread-1] INFO  server.RaftServerConfigKeys (ConfUtils.java:logGet(46)) - raft.server.rpc.timeout.max = 5200ms (custom)
2023-05-04 21:54:23,946 [pool-145-thread-1] INFO  server.RaftServerConfigKeys (ConfUtils.java:logGet(46)) - raft.server.sleep.deviation.threshold = 300ms (default)
2023-05-04 21:54:23,947 [pool-123-thread-1] INFO  storage.RaftStorage (RaftStorageImpl.java:format(96)) - Storage directory /home/runner/work/ozone/ozone/hadoop-ozone/integration-test/target/test-dir/MiniOzoneClusterImpl-52a188dd-66b8-45b2-ab7c-675c0ee04825/datanode-2/data/ratis/b7b8b290-6f3f-4782-a306-46e97eae2eed has been successfully formatted.
2023-05-04 21:54:23,949 [pool-145-thread-1] INFO  server.RaftServer$Division (ServerState.java:<init>(118)) - 7b4a0121-e5ca-4a28-aa85-7db853fd0802@group-6003E1ADB018: ConfigurationManager, init=-1: peers:[7b4a0121-e5ca-4a28-aa85-7db853fd0802|rpc:10.1.0.44:42349|dataStream:10.1.0.44:38943|priority:1|startupRole:FOLLOWER]|listeners:[], old=null, confs=<EMPTY_MAP>
2023-05-04 21:54:23,949 [pool-145-thread-1] INFO  server.RaftServerConfigKeys (ConfUtils.java:logGet(46)) - raft.server.storage.dir = [/home/runner/work/ozone/ozone/hadoop-ozone/integration-test/target/test-dir/MiniOzoneClusterImpl-52a188dd-66b8-45b2-ab7c-675c0ee04825/datanode-3/data/ratis] (custom)
2023-05-04 21:54:23,949 [pool-145-thread-1] INFO  server.RaftServerConfigKeys (ConfUtils.java:logGet(46)) - raft.server.log.corruption.policy = EXCEPTION (default)
2023-05-04 21:54:23,949 [pool-145-thread-1] INFO  server.RaftServerConfigKeys (ConfUtils.java:logGet(46)) - raft.server.storage.free-space.min = 0MB (=0) (default)
2023-05-04 21:54:23,949 [pool-145-thread-1] INFO  server.RaftServerConfigKeys (ConfUtils.java:logGet(46)) - raft.server.notification.no-leader.timeout = 300s (custom)
2023-05-04 21:54:23,949 [pool-145-thread-1] INFO  server.RaftServerConfigKeys (ConfUtils.java:logGet(46)) - raft.server.retrycache.expirytime = 600000ms (custom)
2023-05-04 21:54:23,949 [pool-145-thread-1] INFO  server.RaftServerConfigKeys (ConfUtils.java:logGet(46)) - raft.server.retrycache.statistics.expirytime = 100μs (default)
2023-05-04 21:54:23,950 [pool-123-thread-1] INFO  ratis.ContainerStateMachine (ContainerStateMachine.java:loadSnapshot(262)) - group-46E97EAE2EED: The snapshot info is null. Setting the last applied indexto:(t:0, i:~)
2023-05-04 21:54:23,950 [pool-123-thread-1] INFO  server.RaftServerConfigKeys (ConfUtils.java:logGet(46)) - raft.server.log.use.memory = false (default)
2023-05-04 21:54:23,950 [pool-123-thread-1] INFO  server.RaftServerConfigKeys (ConfUtils.java:logGet(46)) - raft.server.log.purge.gap = 1000000 (custom)
2023-05-04 21:54:23,950 [pool-123-thread-1] INFO  server.RaftServerConfigKeys (ConfUtils.java:logGet(46)) - raft.server.log.appender.buffer.byte-limit = 33554432 (custom)
2023-05-04 21:54:23,950 [pool-123-thread-1] INFO  server.RaftServerConfigKeys (ConfUtils.java:logGet(46)) - raft.server.log.statemachine.data.read.timeout = 1000ms (default)
2023-05-04 21:54:23,950 [pool-123-thread-1] INFO  server.RaftServerConfigKeys (ConfUtils.java:logGet(46)) - raft.server.log.purge.preservation.log.num = 0 (default)
2023-05-04 21:54:23,950 [pool-123-thread-1] INFO  server.RaftServerConfigKeys (ConfUtils.java:logGet(46)) - raft.server.log.segment.size.max = 1048576 (custom)
2023-05-04 21:54:23,951 [EventQueue-OpenPipelineForHealthyPipelineSafeModeRule] INFO  safemode.SCMSafeModeManager (HealthyPipelineSafeModeRule.java:process(137)) - SCM in safe mode. Healthy pipelines reported count is 0, required healthy pipeline reported count is 1
2023-05-04 21:54:23,947 [pool-79-thread-1] INFO  server.RaftServerConfigKeys (ConfUtils.java:logGet(46)) - raft.server.rpc.sleep.time = 25ms (default)
2023-05-04 21:54:23,951 [pool-79-thread-1] INFO  server.RaftServerConfigKeys (ConfUtils.java:logGet(46)) - raft.server.rpc.slowness.timeout = 300s (custom)
2023-05-04 21:54:23,951 [pool-79-thread-1] INFO  server.RaftServerConfigKeys (ConfUtils.java:logGet(46)) - raft.server.leaderelection.leader.step-down.wait-time = 10s (default)
2023-05-04 21:54:23,951 [pool-79-thread-1] INFO  server.RaftServerConfigKeys (ConfUtils.java:logGet(46)) - raft.server.sleep.deviation.threshold = 300ms (default)
2023-05-04 21:54:23,951 [pool-79-thread-1] INFO  server.RaftServer$Division (ServerState.java:<init>(118)) - e0862bec-a8bd-48ad-a9f8-bef0c155c835@group-46E97EAE2EED: ConfigurationManager, init=-1: peers:[4332e2d2-7bb6-4f7e-906a-de641ae4498f|rpc:10.1.0.44:41005|dataStream:10.1.0.44:36391|priority:0|startupRole:FOLLOWER, 4af07dde-7c26-4e14-912a-ab8f17b2e80e|rpc:10.1.0.44:38769|dataStream:10.1.0.44:33047|priority:1|startupRole:FOLLOWER, e0862bec-a8bd-48ad-a9f8-bef0c155c835|rpc:10.1.0.44:39581|dataStream:10.1.0.44:35075|priority:0|startupRole:FOLLOWER]|listeners:[], old=null, confs=<EMPTY_MAP>
2023-05-04 21:54:23,951 [pool-79-thread-1] INFO  server.RaftServerConfigKeys (ConfUtils.java:logGet(46)) - raft.server.storage.dir = [/home/runner/work/ozone/ozone/hadoop-ozone/integration-test/target/test-dir/MiniOzoneClusterImpl-52a188dd-66b8-45b2-ab7c-675c0ee04825/datanode-0/data/ratis] (custom)
2023-05-04 21:54:23,951 [pool-79-thread-1] INFO  server.RaftServerConfigKeys (ConfUtils.java:logGet(46)) - raft.server.log.corruption.policy = EXCEPTION (default)
2023-05-04 21:54:23,951 [pool-123-thread-1] INFO  server.RaftServerConfigKeys (ConfUtils.java:logGet(46)) - raft.server.log.segment.cache.num.max = 2 (custom)
2023-05-04 21:54:23,953 [pool-145-thread-1] INFO  server.RaftServerConfigKeys (ConfUtils.java:logGet(46)) - raft.server.log.appender.install.snapshot.enabled = false (custom)
2023-05-04 21:54:23,954 [pool-145-thread-1] INFO  server.RaftServerConfigKeys (ConfUtils.java:logGet(46)) - raft.server.threadpool.server.cached = true (default)
2023-05-04 21:54:23,954 [pool-145-thread-1] INFO  server.RaftServerConfigKeys (ConfUtils.java:logGet(46)) - raft.server.threadpool.server.size = 0 (default)
2023-05-04 21:54:23,954 [pool-145-thread-1] INFO  server.RaftServerConfigKeys (ConfUtils.java:logGet(46)) - raft.server.threadpool.client.cached = true (default)
2023-05-04 21:54:23,954 [pool-145-thread-1] INFO  server.RaftServerConfigKeys (ConfUtils.java:logGet(46)) - raft.server.threadpool.client.size = 0 (default)
2023-05-04 21:54:23,954 [pool-145-thread-1] INFO  storage.RaftStorageDirectory (RaftStorageDirectoryImpl.java:analyzeStorage(137)) - The storage directory /home/runner/work/ozone/ozone/hadoop-ozone/integration-test/target/test-dir/MiniOzoneClusterImpl-52a188dd-66b8-45b2-ab7c-675c0ee04825/datanode-3/data/ratis/0dc05a55-7120-4612-abf7-6003e1adb018 does not exist. Creating ...
2023-05-04 21:54:23,951 [pool-79-thread-1] INFO  server.RaftServerConfigKeys (ConfUtils.java:logGet(46)) - raft.server.storage.free-space.min = 0MB (=0) (default)
2023-05-04 21:54:23,954 [pool-79-thread-1] INFO  server.RaftServerConfigKeys (ConfUtils.java:logGet(46)) - raft.server.notification.no-leader.timeout = 300s (custom)
2023-05-04 21:54:23,955 [pool-79-thread-1] INFO  server.RaftServerConfigKeys (ConfUtils.java:logGet(46)) - raft.server.retrycache.expirytime = 600000ms (custom)
2023-05-04 21:54:23,955 [pool-79-thread-1] INFO  server.RaftServerConfigKeys (ConfUtils.java:logGet(46)) - raft.server.retrycache.statistics.expirytime = 100μs (default)
2023-05-04 21:54:23,956 [pool-79-thread-1] INFO  server.RaftServerConfigKeys (ConfUtils.java:logGet(46)) - raft.server.log.appender.install.snapshot.enabled = false (custom)
2023-05-04 21:54:23,956 [pool-79-thread-1] INFO  server.RaftServerConfigKeys (ConfUtils.java:logGet(46)) - raft.server.threadpool.server.cached = true (default)
2023-05-04 21:54:23,956 [pool-79-thread-1] INFO  server.RaftServerConfigKeys (ConfUtils.java:logGet(46)) - raft.server.threadpool.server.size = 0 (default)
2023-05-04 21:54:23,956 [pool-79-thread-1] INFO  server.RaftServerConfigKeys (ConfUtils.java:logGet(46)) - raft.server.threadpool.client.cached = true (default)
2023-05-04 21:54:23,956 [pool-79-thread-1] INFO  server.RaftServerConfigKeys (ConfUtils.java:logGet(46)) - raft.server.threadpool.client.size = 0 (default)
2023-05-04 21:54:23,956 [pool-79-thread-1] INFO  storage.RaftStorageDirectory (RaftStorageDirectoryImpl.java:analyzeStorage(137)) - The storage directory /home/runner/work/ozone/ozone/hadoop-ozone/integration-test/target/test-dir/MiniOzoneClusterImpl-52a188dd-66b8-45b2-ab7c-675c0ee04825/datanode-0/data/ratis/b7b8b290-6f3f-4782-a306-46e97eae2eed does not exist. Creating ...
2023-05-04 21:54:23,954 [pool-123-thread-1] INFO  server.RaftServerConfigKeys (ConfUtils.java:logGet(46)) - raft.server.log.segment.cache.size.max = 200MB (=209715200) (default)
2023-05-04 21:54:23,957 [pool-123-thread-1] INFO  segmented.SegmentedRaftLogWorker (SegmentedRaftLogWorker.java:<init>(189)) - new 4af07dde-7c26-4e14-912a-ab8f17b2e80e@group-46E97EAE2EED-SegmentedRaftLogWorker for RaftStorageImpl:Storage Directory /home/runner/work/ozone/ozone/hadoop-ozone/integration-test/target/test-dir/MiniOzoneClusterImpl-52a188dd-66b8-45b2-ab7c-675c0ee04825/datanode-2/data/ratis/b7b8b290-6f3f-4782-a306-46e97eae2eed
2023-05-04 21:54:23,957 [pool-123-thread-1] INFO  server.RaftServerConfigKeys (ConfUtils.java:logGet(46)) - raft.server.log.queue.byte-limit = 4294967296 (custom)
2023-05-04 21:54:23,957 [pool-123-thread-1] INFO  server.RaftServerConfigKeys (ConfUtils.java:logGet(46)) - raft.server.log.queue.element-limit = 1024 (custom)
2023-05-04 21:54:23,957 [pool-123-thread-1] INFO  server.RaftServerConfigKeys (ConfUtils.java:logGet(46)) - raft.server.log.segment.size.max = 1048576 (custom)
2023-05-04 21:54:23,957 [pool-123-thread-1] INFO  server.RaftServerConfigKeys (ConfUtils.java:logGet(46)) - raft.server.log.preallocated.size = 16384 (custom)
2023-05-04 21:54:23,957 [pool-123-thread-1] INFO  server.RaftServerConfigKeys (ConfUtils.java:logGet(46)) - raft.server.log.force.sync.num = 128 (default)
2023-05-04 21:54:23,957 [pool-123-thread-1] INFO  server.RaftServerConfigKeys (ConfUtils.java:logGet(46)) - raft.server.log.statemachine.data.sync = true (default)
2023-05-04 21:54:23,957 [pool-123-thread-1] INFO  server.RaftServerConfigKeys (ConfUtils.java:logGet(46)) - raft.server.log.statemachine.data.sync.timeout = 10s (default)
2023-05-04 21:54:23,958 [pool-123-thread-1] INFO  server.RaftServerConfigKeys (ConfUtils.java:logGet(46)) - raft.server.log.statemachine.data.sync.timeout.retry = -1 (default)
2023-05-04 21:54:23,957 [pool-101-thread-1] INFO  segmented.SegmentedRaftLogWorker (SegmentedRaftLogWorker.java:lambda$new$0(135)) - 4332e2d2-7bb6-4f7e-906a-de641ae4498f@group-46E97EAE2EED-SegmentedRaftLogWorker: flushIndex: setUnconditionally 0 -> -1
2023-05-04 21:54:23,958 [pool-101-thread-1] INFO  segmented.SegmentedRaftLogWorker (SegmentedRaftLogWorker.java:lambda$new$0(135)) - 4332e2d2-7bb6-4f7e-906a-de641ae4498f@group-46E97EAE2EED-SegmentedRaftLogWorker: safeCacheEvictIndex: setUnconditionally 0 -> -1
2023-05-04 21:54:23,957 [pool-145-thread-1] INFO  storage.RaftStorageDirectory (RaftStorageDirectoryImpl.java:tryLock(231)) - Lock on /home/runner/work/ozone/ozone/hadoop-ozone/integration-test/target/test-dir/MiniOzoneClusterImpl-52a188dd-66b8-45b2-ab7c-675c0ee04825/datanode-3/data/ratis/0dc05a55-7120-4612-abf7-6003e1adb018/in_use.lock acquired by nodename 25128@fv-az133-721
2023-05-04 21:54:23,957 [pool-79-thread-1] INFO  storage.RaftStorageDirectory (RaftStorageDirectoryImpl.java:tryLock(231)) - Lock on /home/runner/work/ozone/ozone/hadoop-ozone/integration-test/target/test-dir/MiniOzoneClusterImpl-52a188dd-66b8-45b2-ab7c-675c0ee04825/datanode-0/data/ratis/b7b8b290-6f3f-4782-a306-46e97eae2eed/in_use.lock acquired by nodename 25128@fv-az133-721
2023-05-04 21:54:23,959 [pool-145-thread-1] INFO  storage.RaftStorage (RaftStorageImpl.java:format(96)) - Storage directory /home/runner/work/ozone/ozone/hadoop-ozone/integration-test/target/test-dir/MiniOzoneClusterImpl-52a188dd-66b8-45b2-ab7c-675c0ee04825/datanode-3/data/ratis/0dc05a55-7120-4612-abf7-6003e1adb018 has been successfully formatted.
2023-05-04 21:54:23,960 [pool-79-thread-1] INFO  storage.RaftStorage (RaftStorageImpl.java:format(96)) - Storage directory /home/runner/work/ozone/ozone/hadoop-ozone/integration-test/target/test-dir/MiniOzoneClusterImpl-52a188dd-66b8-45b2-ab7c-675c0ee04825/datanode-0/data/ratis/b7b8b290-6f3f-4782-a306-46e97eae2eed has been successfully formatted.
2023-05-04 21:54:23,966 [pool-79-thread-1] INFO  ratis.ContainerStateMachine (ContainerStateMachine.java:loadSnapshot(262)) - group-46E97EAE2EED: The snapshot info is null. Setting the last applied indexto:(t:0, i:~)
2023-05-04 21:54:23,967 [pool-79-thread-1] INFO  server.RaftServerConfigKeys (ConfUtils.java:logGet(46)) - raft.server.log.use.memory = false (default)
2023-05-04 21:54:23,967 [pool-79-thread-1] INFO  server.RaftServerConfigKeys (ConfUtils.java:logGet(46)) - raft.server.log.purge.gap = 1000000 (custom)
2023-05-04 21:54:23,967 [pool-79-thread-1] INFO  server.RaftServerConfigKeys (ConfUtils.java:logGet(46)) - raft.server.log.appender.buffer.byte-limit = 33554432 (custom)
2023-05-04 21:54:23,967 [pool-79-thread-1] INFO  server.RaftServerConfigKeys (ConfUtils.java:logGet(46)) - raft.server.log.statemachine.data.read.timeout = 1000ms (default)
2023-05-04 21:54:23,967 [pool-79-thread-1] INFO  server.RaftServerConfigKeys (ConfUtils.java:logGet(46)) - raft.server.log.purge.preservation.log.num = 0 (default)
2023-05-04 21:54:23,967 [pool-79-thread-1] INFO  server.RaftServerConfigKeys (ConfUtils.java:logGet(46)) - raft.server.log.segment.size.max = 1048576 (custom)
2023-05-04 21:54:23,967 [EventQueue-OpenPipelineForHealthyPipelineSafeModeRule] INFO  safemode.SCMSafeModeManager (HealthyPipelineSafeModeRule.java:process(137)) - SCM in safe mode. Healthy pipelines reported count is 0, required healthy pipeline reported count is 1
2023-05-04 21:54:23,968 [pool-101-thread-1] INFO  server.RaftServer$Division (RaftServerImpl.java:start(334)) - 4332e2d2-7bb6-4f7e-906a-de641ae4498f@group-46E97EAE2EED: start as a follower, conf=-1: peers:[4332e2d2-7bb6-4f7e-906a-de641ae4498f|rpc:10.1.0.44:41005|dataStream:10.1.0.44:36391|priority:0|startupRole:FOLLOWER, 4af07dde-7c26-4e14-912a-ab8f17b2e80e|rpc:10.1.0.44:38769|dataStream:10.1.0.44:33047|priority:1|startupRole:FOLLOWER, e0862bec-a8bd-48ad-a9f8-bef0c155c835|rpc:10.1.0.44:39581|dataStream:10.1.0.44:35075|priority:0|startupRole:FOLLOWER]|listeners:[], old=null
2023-05-04 21:54:23,968 [pool-101-thread-1] INFO  server.RaftServer$Division (RaftServerImpl.java:setRole(321)) - 4332e2d2-7bb6-4f7e-906a-de641ae4498f@group-46E97EAE2EED: changes role from      null to FOLLOWER at term 0 for startAsFollower
2023-05-04 21:54:23,968 [pool-145-thread-1] INFO  ratis.ContainerStateMachine (ContainerStateMachine.java:loadSnapshot(262)) - group-6003E1ADB018: The snapshot info is null. Setting the last applied indexto:(t:0, i:~)
2023-05-04 21:54:23,969 [EventQueue-PipelineReportForPipelineReportHandler] INFO  pipeline.PipelineManagerImpl (PipelineManagerImpl.java:openPipeline(367)) - Pipeline Pipeline[ Id: 0dc05a55-7120-4612-abf7-6003e1adb018, Nodes: 7b4a0121-e5ca-4a28-aa85-7db853fd0802(fv-az133-721.yhipumr4050edinzmvad0xeera.cx.internal.cloudapp.net/10.1.0.44), ReplicationConfig: RATIS/ONE, State:ALLOCATED, leaderId:7b4a0121-e5ca-4a28-aa85-7db853fd0802, CreationTimestamp2023-05-04T21:54:20.914Z[Etc/UTC]] moved to OPEN state
2023-05-04 21:54:23,968 [pool-101-thread-1] INFO  impl.RoleInfo (RoleInfo.java:updateAndGet(139)) - 4332e2d2-7bb6-4f7e-906a-de641ae4498f: start 4332e2d2-7bb6-4f7e-906a-de641ae4498f@group-46E97EAE2EED-FollowerState
2023-05-04 21:54:23,971 [EventQueue-OpenPipelineForHealthyPipelineSafeModeRule] INFO  safemode.SCMSafeModeManager (HealthyPipelineSafeModeRule.java:process(137)) - SCM in safe mode. Healthy pipelines reported count is 0, required healthy pipeline reported count is 1
2023-05-04 21:54:23,971 [pool-145-thread-1] INFO  server.RaftServerConfigKeys (ConfUtils.java:logGet(46)) - raft.server.log.use.memory = false (default)
2023-05-04 21:54:23,971 [pool-145-thread-1] INFO  server.RaftServerConfigKeys (ConfUtils.java:logGet(46)) - raft.server.log.purge.gap = 1000000 (custom)
2023-05-04 21:54:23,971 [pool-145-thread-1] INFO  server.RaftServerConfigKeys (ConfUtils.java:logGet(46)) - raft.server.log.appender.buffer.byte-limit = 33554432 (custom)
2023-05-04 21:54:23,971 [pool-145-thread-1] INFO  server.RaftServerConfigKeys (ConfUtils.java:logGet(46)) - raft.server.log.statemachine.data.read.timeout = 1000ms (default)
2023-05-04 21:54:23,971 [pool-145-thread-1] INFO  server.RaftServerConfigKeys (ConfUtils.java:logGet(46)) - raft.server.log.purge.preservation.log.num = 0 (default)
2023-05-04 21:54:23,972 [pool-145-thread-1] INFO  server.RaftServerConfigKeys (ConfUtils.java:logGet(46)) - raft.server.log.segment.size.max = 1048576 (custom)
2023-05-04 21:54:23,972 [pool-101-thread-1] INFO  util.JmxRegister (JmxRegister.java:tryRegister(44)) - Successfully registered JMX Bean with object name Ratis:service=RaftServer,group=group-46E97EAE2EED,id=4332e2d2-7bb6-4f7e-906a-de641ae4498f
2023-05-04 21:54:23,972 [pool-101-thread-1] INFO  server.RaftServerConfigKeys (ConfUtils.java:logGet(46)) - raft.server.snapshot.auto.trigger.enabled = true (custom)
2023-05-04 21:54:23,972 [pool-101-thread-1] INFO  server.RaftServerConfigKeys (ConfUtils.java:logGet(46)) - raft.server.snapshot.auto.trigger.threshold = 10000 (custom)
2023-05-04 21:54:23,972 [pool-101-thread-1] INFO  server.RaftServerConfigKeys (ConfUtils.java:logGet(46)) - raft.server.snapshot.retention.file.num = 5 (custom)
2023-05-04 21:54:23,973 [pool-101-thread-1] INFO  server.RaftServerConfigKeys (ConfUtils.java:logGet(46)) - raft.server.log.purge.upto.snapshot.index = false (default)
2023-05-04 21:54:23,974 [IPC Server handler 3 on default port 35509] INFO  net.NetworkTopologyImpl (NetworkTopologyImpl.java:add(112)) - Added a new node: /default-rack/0362f5ef-3c15-4b85-bfd5-7911b45f7638
2023-05-04 21:54:23,974 [IPC Server handler 3 on default port 35509] INFO  node.SCMNodeManager (SCMNodeManager.java:register(407)) - Registered Data node : 0362f5ef-3c15-4b85-bfd5-7911b45f7638{ip: 10.1.0.44, host: fv-az133-721.yhipumr4050edinzmvad0xeera.cx.internal.cloudapp.net, ports: [HTTP=41133, REPLICATION=46745, RATIS=45243, RATIS_ADMIN=45243, RATIS_SERVER=45243, RATIS_DATASTREAM=37891, STANDALONE=35395], networkLocation: /default-rack, certSerialId: null, persistedOpState: null, persistedOpStateExpiryEpochSec: 0}
2023-05-04 21:54:23,975 [EventQueue-NewNodeForNewNodeHandler] INFO  pipeline.BackgroundPipelineCreator (BackgroundPipelineCreator.java:notifyEventTriggered(276)) - trigger a one-shot run on RatisPipelineUtilsThread.
2023-05-04 21:54:23,975 [RatisPipelineUtilsThread - 0] INFO  pipeline.RatisPipelineProvider (RatisPipelineProvider.java:lambda$create$0(206)) - Sending CreatePipelineCommand for pipeline:PipelineID=5e52e487-89a6-44d4-b795-9ad167b1b2c5 to datanode:0362f5ef-3c15-4b85-bfd5-7911b45f7638
2023-05-04 21:54:23,977 [pool-123-thread-1] INFO  server.RaftServerConfigKeys (ConfUtils.java:logGet(46)) - raft.server.log.write.buffer.size = 1048576 (custom)
2023-05-04 21:54:23,982 [RatisPipelineUtilsThread - 0] INFO  pipeline.PipelineStateManagerImpl (PipelineStateManagerImpl.java:addPipeline(103)) - Created pipeline Pipeline[ Id: 5e52e487-89a6-44d4-b795-9ad167b1b2c5, Nodes: 0362f5ef-3c15-4b85-bfd5-7911b45f7638(fv-az133-721.yhipumr4050edinzmvad0xeera.cx.internal.cloudapp.net/10.1.0.44), ReplicationConfig: RATIS/ONE, State:ALLOCATED, leaderId:, CreationTimestamp2023-05-04T21:54:23.975Z[Etc/UTC]].
2023-05-04 21:54:23,976 [pool-145-thread-1] INFO  server.RaftServerConfigKeys (ConfUtils.java:logGet(46)) - raft.server.log.segment.cache.num.max = 2 (custom)
2023-05-04 21:54:23,983 [pool-145-thread-1] INFO  server.RaftServerConfigKeys (ConfUtils.java:logGet(46)) - raft.server.log.segment.cache.size.max = 200MB (=209715200) (default)
2023-05-04 21:54:23,983 [pool-145-thread-1] INFO  segmented.SegmentedRaftLogWorker (SegmentedRaftLogWorker.java:<init>(189)) - new 7b4a0121-e5ca-4a28-aa85-7db853fd0802@group-6003E1ADB018-SegmentedRaftLogWorker for RaftStorageImpl:Storage Directory /home/runner/work/ozone/ozone/hadoop-ozone/integration-test/target/test-dir/MiniOzoneClusterImpl-52a188dd-66b8-45b2-ab7c-675c0ee04825/datanode-3/data/ratis/0dc05a55-7120-4612-abf7-6003e1adb018
2023-05-04 21:54:23,983 [pool-145-thread-1] INFO  server.RaftServerConfigKeys (ConfUtils.java:logGet(46)) - raft.server.log.queue.byte-limit = 4294967296 (custom)
2023-05-04 21:54:23,983 [pool-145-thread-1] INFO  server.RaftServerConfigKeys (ConfUtils.java:logGet(46)) - raft.server.log.queue.element-limit = 1024 (custom)
2023-05-04 21:54:23,983 [pool-145-thread-1] INFO  server.RaftServerConfigKeys (ConfUtils.java:logGet(46)) - raft.server.log.segment.size.max = 1048576 (custom)
2023-05-04 21:54:23,983 [pool-145-thread-1] INFO  server.RaftServerConfigKeys (ConfUtils.java:logGet(46)) - raft.server.log.preallocated.size = 16384 (custom)
2023-05-04 21:54:23,983 [pool-145-thread-1] INFO  server.RaftServerConfigKeys (ConfUtils.java:logGet(46)) - raft.server.log.force.sync.num = 128 (default)
2023-05-04 21:54:23,983 [pool-145-thread-1] INFO  server.RaftServerConfigKeys (ConfUtils.java:logGet(46)) - raft.server.log.statemachine.data.sync = true (default)
2023-05-04 21:54:23,983 [pool-145-thread-1] INFO  server.RaftServerConfigKeys (ConfUtils.java:logGet(46)) - raft.server.log.statemachine.data.sync.timeout = 10s (default)
2023-05-04 21:54:23,983 [pool-145-thread-1] INFO  server.RaftServerConfigKeys (ConfUtils.java:logGet(46)) - raft.server.log.statemachine.data.sync.timeout.retry = -1 (default)
2023-05-04 21:54:23,984 [pool-145-thread-1] INFO  server.RaftServerConfigKeys (ConfUtils.java:logGet(46)) - raft.server.log.write.buffer.size = 1048576 (custom)
2023-05-04 21:54:23,985 [pool-145-thread-1] INFO  server.RaftServerConfigKeys (ConfUtils.java:logGet(46)) - raft.server.log.appender.buffer.byte-limit = 33554432 (custom)
2023-05-04 21:54:23,976 [pool-79-thread-1] INFO  server.RaftServerConfigKeys (ConfUtils.java:logGet(46)) - raft.server.log.segment.cache.num.max = 2 (custom)
2023-05-04 21:54:23,983 [RatisPipelineUtilsThread - 0] WARN  pipeline.PipelinePlacementPolicy (PipelinePlacementPolicy.java:filterViableNodes(160)) - Pipeline creation failed due to no sufficient healthy datanodes. Required 3. Found 2. Excluded 9.
2023-05-04 21:54:23,982 [pool-123-thread-1] INFO  server.RaftServerConfigKeys (ConfUtils.java:logGet(46)) - raft.server.log.appender.buffer.byte-limit = 33554432 (custom)
2023-05-04 21:54:23,990 [pool-79-thread-1] INFO  server.RaftServerConfigKeys (ConfUtils.java:logGet(46)) - raft.server.log.segment.cache.size.max = 200MB (=209715200) (default)
2023-05-04 21:54:23,993 [pool-79-thread-1] INFO  segmented.SegmentedRaftLogWorker (SegmentedRaftLogWorker.java:<init>(189)) - new e0862bec-a8bd-48ad-a9f8-bef0c155c835@group-46E97EAE2EED-SegmentedRaftLogWorker for RaftStorageImpl:Storage Directory /home/runner/work/ozone/ozone/hadoop-ozone/integration-test/target/test-dir/MiniOzoneClusterImpl-52a188dd-66b8-45b2-ab7c-675c0ee04825/datanode-0/data/ratis/b7b8b290-6f3f-4782-a306-46e97eae2eed
2023-05-04 21:54:23,993 [pool-79-thread-1] INFO  server.RaftServerConfigKeys (ConfUtils.java:logGet(46)) - raft.server.log.queue.byte-limit = 4294967296 (custom)
2023-05-04 21:54:23,993 [pool-79-thread-1] INFO  server.RaftServerConfigKeys (ConfUtils.java:logGet(46)) - raft.server.log.queue.element-limit = 1024 (custom)
2023-05-04 21:54:23,993 [pool-79-thread-1] INFO  server.RaftServerConfigKeys (ConfUtils.java:logGet(46)) - raft.server.log.segment.size.max = 1048576 (custom)
2023-05-04 21:54:23,993 [pool-79-thread-1] INFO  server.RaftServerConfigKeys (ConfUtils.java:logGet(46)) - raft.server.log.preallocated.size = 16384 (custom)
2023-05-04 21:54:23,993 [pool-79-thread-1] INFO  server.RaftServerConfigKeys (ConfUtils.java:logGet(46)) - raft.server.log.force.sync.num = 128 (default)
2023-05-04 21:54:23,993 [pool-79-thread-1] INFO  server.RaftServerConfigKeys (ConfUtils.java:logGet(46)) - raft.server.log.statemachine.data.sync = true (default)
2023-05-04 21:54:23,993 [pool-79-thread-1] INFO  server.RaftServerConfigKeys (ConfUtils.java:logGet(46)) - raft.server.log.statemachine.data.sync.timeout = 10s (default)
2023-05-04 21:54:23,994 [pool-79-thread-1] INFO  server.RaftServerConfigKeys (ConfUtils.java:logGet(46)) - raft.server.log.statemachine.data.sync.timeout.retry = -1 (default)
2023-05-04 21:54:23,994 [pool-145-thread-1] INFO  server.RaftServerConfigKeys (ConfUtils.java:logGet(46)) - raft.server.log.unsafe-flush.enabled = false (default)
2023-05-04 21:54:23,994 [pool-145-thread-1] INFO  server.RaftServerConfigKeys (ConfUtils.java:logGet(46)) - raft.server.log.async-flush.enabled = false (default)
2023-05-04 21:54:23,994 [pool-145-thread-1] INFO  server.RaftServerConfigKeys (ConfUtils.java:logGet(46)) - raft.server.log.statemachine.data.caching.enabled = true (custom)
2023-05-04 21:54:23,995 [pool-145-thread-1] INFO  segmented.SegmentedRaftLogWorker (SegmentedRaftLogWorker.java:lambda$new$0(135)) - 7b4a0121-e5ca-4a28-aa85-7db853fd0802@group-6003E1ADB018-SegmentedRaftLogWorker: flushIndex: setUnconditionally 0 -> -1
2023-05-04 21:54:23,995 [pool-145-thread-1] INFO  segmented.SegmentedRaftLogWorker (SegmentedRaftLogWorker.java:lambda$new$0(135)) - 7b4a0121-e5ca-4a28-aa85-7db853fd0802@group-6003E1ADB018-SegmentedRaftLogWorker: safeCacheEvictIndex: setUnconditionally 0 -> -1
2023-05-04 21:54:23,995 [4332e2d2-7bb6-4f7e-906a-de641ae4498f@group-46E97EAE2EED-FollowerState] INFO  server.RaftServerConfigKeys (ConfUtils.java:logFallback(53)) - raft.server.rpc.first-election.timeout.min = 5s (fallback to raft.server.rpc.timeout.min)
2023-05-04 21:54:23,995 [Command processor thread] INFO  ratis.XceiverServerRatis (XceiverServerRatis.java:addGroup(806)) - Created group PipelineID=b7b8b290-6f3f-4782-a306-46e97eae2eed
2023-05-04 21:54:23,995 [4332e2d2-7bb6-4f7e-906a-de641ae4498f@group-46E97EAE2EED-FollowerState] INFO  server.RaftServerConfigKeys (ConfUtils.java:logFallback(53)) - raft.server.rpc.first-election.timeout.max = 5200ms (fallback to raft.server.rpc.timeout.max)
2023-05-04 21:54:24,003 [pool-145-thread-1] INFO  server.RaftServer$Division (RaftServerImpl.java:start(334)) - 7b4a0121-e5ca-4a28-aa85-7db853fd0802@group-6003E1ADB018: start as a follower, conf=-1: peers:[7b4a0121-e5ca-4a28-aa85-7db853fd0802|rpc:10.1.0.44:42349|dataStream:10.1.0.44:38943|priority:1|startupRole:FOLLOWER]|listeners:[], old=null
2023-05-04 21:54:24,003 [pool-145-thread-1] INFO  server.RaftServer$Division (RaftServerImpl.java:setRole(321)) - 7b4a0121-e5ca-4a28-aa85-7db853fd0802@group-6003E1ADB018: changes role from      null to FOLLOWER at term 0 for startAsFollower
2023-05-04 21:54:24,004 [pool-145-thread-1] INFO  impl.RoleInfo (RoleInfo.java:updateAndGet(139)) - 7b4a0121-e5ca-4a28-aa85-7db853fd0802: start 7b4a0121-e5ca-4a28-aa85-7db853fd0802@group-6003E1ADB018-FollowerState
2023-05-04 21:54:24,004 [pool-145-thread-1] INFO  util.JmxRegister (JmxRegister.java:tryRegister(44)) - Successfully registered JMX Bean with object name Ratis:service=RaftServer,group=group-6003E1ADB018,id=7b4a0121-e5ca-4a28-aa85-7db853fd0802
2023-05-04 21:54:24,004 [pool-145-thread-1] INFO  server.RaftServerConfigKeys (ConfUtils.java:logGet(46)) - raft.server.snapshot.auto.trigger.enabled = true (custom)
2023-05-04 21:54:24,004 [pool-145-thread-1] INFO  server.RaftServerConfigKeys (ConfUtils.java:logGet(46)) - raft.server.snapshot.auto.trigger.threshold = 10000 (custom)
2023-05-04 21:54:24,004 [pool-145-thread-1] INFO  server.RaftServerConfigKeys (ConfUtils.java:logGet(46)) - raft.server.snapshot.retention.file.num = 5 (custom)
2023-05-04 21:54:24,004 [pool-145-thread-1] INFO  server.RaftServerConfigKeys (ConfUtils.java:logGet(46)) - raft.server.log.purge.upto.snapshot.index = false (default)
2023-05-04 21:54:24,005 [7b4a0121-e5ca-4a28-aa85-7db853fd0802@group-6003E1ADB018-FollowerState] INFO  server.RaftServerConfigKeys (ConfUtils.java:logFallback(53)) - raft.server.rpc.first-election.timeout.min = 5s (fallback to raft.server.rpc.timeout.min)
2023-05-04 21:54:24,005 [7b4a0121-e5ca-4a28-aa85-7db853fd0802@group-6003E1ADB018-FollowerState] INFO  server.RaftServerConfigKeys (ConfUtils.java:logFallback(53)) - raft.server.rpc.first-election.timeout.max = 5200ms (fallback to raft.server.rpc.timeout.max)
2023-05-04 21:54:24,006 [pool-123-thread-1] INFO  server.RaftServerConfigKeys (ConfUtils.java:logGet(46)) - raft.server.log.unsafe-flush.enabled = false (default)
2023-05-04 21:54:24,006 [pool-123-thread-1] INFO  server.RaftServerConfigKeys (ConfUtils.java:logGet(46)) - raft.server.log.async-flush.enabled = false (default)
2023-05-04 21:54:24,006 [pool-123-thread-1] INFO  server.RaftServerConfigKeys (ConfUtils.java:logGet(46)) - raft.server.log.statemachine.data.caching.enabled = true (custom)
2023-05-04 21:54:24,006 [Command processor thread] INFO  ratis.XceiverServerRatis (XceiverServerRatis.java:addGroup(806)) - Created group PipelineID=0dc05a55-7120-4612-abf7-6003e1adb018
2023-05-04 21:54:24,006 [Command processor thread] INFO  commandhandler.CreatePipelineCommandHandler (CreatePipelineCommandHandler.java:handle(113)) - Created Pipeline RATIS ONE PipelineID=0dc05a55-7120-4612-abf7-6003e1adb018.
2023-05-04 21:54:24,006 [pool-123-thread-1] INFO  segmented.SegmentedRaftLogWorker (SegmentedRaftLogWorker.java:lambda$new$0(135)) - 4af07dde-7c26-4e14-912a-ab8f17b2e80e@group-46E97EAE2EED-SegmentedRaftLogWorker: flushIndex: setUnconditionally 0 -> -1
2023-05-04 21:54:24,006 [pool-123-thread-1] INFO  segmented.SegmentedRaftLogWorker (SegmentedRaftLogWorker.java:lambda$new$0(135)) - 4af07dde-7c26-4e14-912a-ab8f17b2e80e@group-46E97EAE2EED-SegmentedRaftLogWorker: safeCacheEvictIndex: setUnconditionally 0 -> -1
2023-05-04 21:54:24,006 [Command processor thread] INFO  server.RaftServer (RaftServerProxy.java:addNew(96)) - 7b4a0121-e5ca-4a28-aa85-7db853fd0802: addNew group-1D4C41826DFE:[6abe40d9-bbca-402e-938b-50fbed365dbf|rpc:10.1.0.44:37731|dataStream:10.1.0.44:45795|priority:1|startupRole:FOLLOWER, dbf01856-92cd-4f2e-80e3-f7bd7f97e610|rpc:10.1.0.44:43433|dataStream:10.1.0.44:34049|priority:0|startupRole:FOLLOWER, 7b4a0121-e5ca-4a28-aa85-7db853fd0802|rpc:10.1.0.44:42349|dataStream:10.1.0.44:38943|priority:0|startupRole:FOLLOWER] returns group-1D4C41826DFE:java.util.concurrent.CompletableFuture@29168d0b[Not completed]
2023-05-04 21:54:24,007 [pool-123-thread-1] INFO  server.RaftServer$Division (RaftServerImpl.java:start(334)) - 4af07dde-7c26-4e14-912a-ab8f17b2e80e@group-46E97EAE2EED: start as a follower, conf=-1: peers:[4332e2d2-7bb6-4f7e-906a-de641ae4498f|rpc:10.1.0.44:41005|dataStream:10.1.0.44:36391|priority:0|startupRole:FOLLOWER, 4af07dde-7c26-4e14-912a-ab8f17b2e80e|rpc:10.1.0.44:38769|dataStream:10.1.0.44:33047|priority:1|startupRole:FOLLOWER, e0862bec-a8bd-48ad-a9f8-bef0c155c835|rpc:10.1.0.44:39581|dataStream:10.1.0.44:35075|priority:0|startupRole:FOLLOWER]|listeners:[], old=null
2023-05-04 21:54:24,007 [pool-123-thread-1] INFO  server.RaftServer$Division (RaftServerImpl.java:setRole(321)) - 4af07dde-7c26-4e14-912a-ab8f17b2e80e@group-46E97EAE2EED: changes role from      null to FOLLOWER at term 0 for startAsFollower
2023-05-04 21:54:24,007 [pool-123-thread-1] INFO  impl.RoleInfo (RoleInfo.java:updateAndGet(139)) - 4af07dde-7c26-4e14-912a-ab8f17b2e80e: start 4af07dde-7c26-4e14-912a-ab8f17b2e80e@group-46E97EAE2EED-FollowerState
2023-05-04 21:54:24,007 [pool-123-thread-1] INFO  util.JmxRegister (JmxRegister.java:tryRegister(44)) - Successfully registered JMX Bean with object name Ratis:service=RaftServer,group=group-46E97EAE2EED,id=4af07dde-7c26-4e14-912a-ab8f17b2e80e
2023-05-04 21:54:24,007 [pool-123-thread-1] INFO  server.RaftServerConfigKeys (ConfUtils.java:logGet(46)) - raft.server.snapshot.auto.trigger.enabled = true (custom)
2023-05-04 21:54:24,007 [pool-123-thread-1] INFO  server.RaftServerConfigKeys (ConfUtils.java:logGet(46)) - raft.server.snapshot.auto.trigger.threshold = 10000 (custom)
2023-05-04 21:54:24,007 [pool-123-thread-1] INFO  server.RaftServerConfigKeys (ConfUtils.java:logGet(46)) - raft.server.snapshot.retention.file.num = 5 (custom)
2023-05-04 21:54:24,007 [pool-123-thread-1] INFO  server.RaftServerConfigKeys (ConfUtils.java:logGet(46)) - raft.server.log.purge.upto.snapshot.index = false (default)
2023-05-04 21:54:24,008 [4af07dde-7c26-4e14-912a-ab8f17b2e80e@group-46E97EAE2EED-FollowerState] INFO  server.RaftServerConfigKeys (ConfUtils.java:logFallback(53)) - raft.server.rpc.first-election.timeout.min = 5s (fallback to raft.server.rpc.timeout.min)
2023-05-04 21:54:24,008 [Command processor thread] INFO  ratis.XceiverServerRatis (XceiverServerRatis.java:addGroup(806)) - Created group PipelineID=b7b8b290-6f3f-4782-a306-46e97eae2eed
2023-05-04 21:54:24,008 [4af07dde-7c26-4e14-912a-ab8f17b2e80e@group-46E97EAE2EED-FollowerState] INFO  server.RaftServerConfigKeys (ConfUtils.java:logFallback(53)) - raft.server.rpc.first-election.timeout.max = 5200ms (fallback to raft.server.rpc.timeout.max)
2023-05-04 21:54:24,010 [pool-145-thread-1] INFO  server.RaftServer$Division (RaftServerImpl.java:<init>(195)) - 7b4a0121-e5ca-4a28-aa85-7db853fd0802: new RaftServerImpl for group-1D4C41826DFE:[6abe40d9-bbca-402e-938b-50fbed365dbf|rpc:10.1.0.44:37731|dataStream:10.1.0.44:45795|priority:1|startupRole:FOLLOWER, dbf01856-92cd-4f2e-80e3-f7bd7f97e610|rpc:10.1.0.44:43433|dataStream:10.1.0.44:34049|priority:0|startupRole:FOLLOWER, 7b4a0121-e5ca-4a28-aa85-7db853fd0802|rpc:10.1.0.44:42349|dataStream:10.1.0.44:38943|priority:0|startupRole:FOLLOWER] with ContainerStateMachine:uninitialized
2023-05-04 21:54:24,010 [pool-145-thread-1] INFO  server.RaftServerConfigKeys (ConfUtils.java:logGet(46)) - raft.server.rpc.timeout.min = 5s (custom)
2023-05-04 21:54:24,010 [pool-145-thread-1] INFO  server.RaftServerConfigKeys (ConfUtils.java:logGet(46)) - raft.server.rpc.timeout.max = 5200ms (custom)
2023-05-04 21:54:24,010 [pool-145-thread-1] INFO  server.RaftServerConfigKeys (ConfUtils.java:logGet(46)) - raft.server.rpc.sleep.time = 25ms (default)
2023-05-04 21:54:24,010 [pool-145-thread-1] INFO  server.RaftServerConfigKeys (ConfUtils.java:logGet(46)) - raft.server.rpc.slowness.timeout = 300s (custom)
2023-05-04 21:54:24,010 [pool-145-thread-1] INFO  server.RaftServerConfigKeys (ConfUtils.java:logGet(46)) - raft.server.leaderelection.leader.step-down.wait-time = 10s (default)
2023-05-04 21:54:24,010 [pool-145-thread-1] INFO  server.RaftServerConfigKeys (ConfUtils.java:logGet(46)) - raft.server.sleep.deviation.threshold = 300ms (default)
2023-05-04 21:54:24,011 [pool-145-thread-1] INFO  server.RaftServer$Division (ServerState.java:<init>(118)) - 7b4a0121-e5ca-4a28-aa85-7db853fd0802@group-1D4C41826DFE: ConfigurationManager, init=-1: peers:[6abe40d9-bbca-402e-938b-50fbed365dbf|rpc:10.1.0.44:37731|dataStream:10.1.0.44:45795|priority:1|startupRole:FOLLOWER, dbf01856-92cd-4f2e-80e3-f7bd7f97e610|rpc:10.1.0.44:43433|dataStream:10.1.0.44:34049|priority:0|startupRole:FOLLOWER, 7b4a0121-e5ca-4a28-aa85-7db853fd0802|rpc:10.1.0.44:42349|dataStream:10.1.0.44:38943|priority:0|startupRole:FOLLOWER]|listeners:[], old=null, confs=<EMPTY_MAP>
2023-05-04 21:54:24,011 [pool-145-thread-1] INFO  server.RaftServerConfigKeys (ConfUtils.java:logGet(46)) - raft.server.storage.dir = [/home/runner/work/ozone/ozone/hadoop-ozone/integration-test/target/test-dir/MiniOzoneClusterImpl-52a188dd-66b8-45b2-ab7c-675c0ee04825/datanode-3/data/ratis] (custom)
2023-05-04 21:54:24,011 [pool-145-thread-1] INFO  server.RaftServerConfigKeys (ConfUtils.java:logGet(46)) - raft.server.log.corruption.policy = EXCEPTION (default)
2023-05-04 21:54:24,011 [pool-145-thread-1] INFO  server.RaftServerConfigKeys (ConfUtils.java:logGet(46)) - raft.server.storage.free-space.min = 0MB (=0) (default)
2023-05-04 21:54:24,011 [pool-145-thread-1] INFO  server.RaftServerConfigKeys (ConfUtils.java:logGet(46)) - raft.server.notification.no-leader.timeout = 300s (custom)
2023-05-04 21:54:24,011 [pool-145-thread-1] INFO  server.RaftServerConfigKeys (ConfUtils.java:logGet(46)) - raft.server.retrycache.expirytime = 600000ms (custom)
2023-05-04 21:54:24,011 [pool-145-thread-1] INFO  server.RaftServerConfigKeys (ConfUtils.java:logGet(46)) - raft.server.retrycache.statistics.expirytime = 100μs (default)
2023-05-04 21:54:24,012 [pool-145-thread-1] INFO  server.RaftServerConfigKeys (ConfUtils.java:logGet(46)) - raft.server.log.appender.install.snapshot.enabled = false (custom)
2023-05-04 21:54:24,013 [pool-145-thread-1] INFO  server.RaftServerConfigKeys (ConfUtils.java:logGet(46)) - raft.server.threadpool.server.cached = true (default)
2023-05-04 21:54:24,013 [pool-145-thread-1] INFO  server.RaftServerConfigKeys (ConfUtils.java:logGet(46)) - raft.server.threadpool.server.size = 0 (default)
2023-05-04 21:54:24,013 [pool-145-thread-1] INFO  server.RaftServerConfigKeys (ConfUtils.java:logGet(46)) - raft.server.threadpool.client.cached = true (default)
2023-05-04 21:54:24,013 [pool-145-thread-1] INFO  server.RaftServerConfigKeys (ConfUtils.java:logGet(46)) - raft.server.threadpool.client.size = 0 (default)
2023-05-04 21:54:24,013 [pool-145-thread-1] INFO  storage.RaftStorageDirectory (RaftStorageDirectoryImpl.java:analyzeStorage(137)) - The storage directory /home/runner/work/ozone/ozone/hadoop-ozone/integration-test/target/test-dir/MiniOzoneClusterImpl-52a188dd-66b8-45b2-ab7c-675c0ee04825/datanode-3/data/ratis/cb955eb6-0ea1-48aa-b3bb-1d4c41826dfe does not exist. Creating ...
2023-05-04 21:54:24,013 [pool-79-thread-1] INFO  server.RaftServerConfigKeys (ConfUtils.java:logGet(46)) - raft.server.log.write.buffer.size = 1048576 (custom)
2023-05-04 21:54:24,023 [pool-79-thread-1] INFO  server.RaftServerConfigKeys (ConfUtils.java:logGet(46)) - raft.server.log.appender.buffer.byte-limit = 33554432 (custom)
2023-05-04 21:54:24,028 [pool-79-thread-1] INFO  server.RaftServerConfigKeys (ConfUtils.java:logGet(46)) - raft.server.log.unsafe-flush.enabled = false (default)
2023-05-04 21:54:24,028 [pool-79-thread-1] INFO  server.RaftServerConfigKeys (ConfUtils.java:logGet(46)) - raft.server.log.async-flush.enabled = false (default)
2023-05-04 21:54:24,028 [pool-79-thread-1] INFO  server.RaftServerConfigKeys (ConfUtils.java:logGet(46)) - raft.server.log.statemachine.data.caching.enabled = true (custom)
2023-05-04 21:54:24,028 [pool-79-thread-1] INFO  segmented.SegmentedRaftLogWorker (SegmentedRaftLogWorker.java:lambda$new$0(135)) - e0862bec-a8bd-48ad-a9f8-bef0c155c835@group-46E97EAE2EED-SegmentedRaftLogWorker: flushIndex: setUnconditionally 0 -> -1
2023-05-04 21:54:24,028 [pool-79-thread-1] INFO  segmented.SegmentedRaftLogWorker (SegmentedRaftLogWorker.java:lambda$new$0(135)) - e0862bec-a8bd-48ad-a9f8-bef0c155c835@group-46E97EAE2EED-SegmentedRaftLogWorker: safeCacheEvictIndex: setUnconditionally 0 -> -1
2023-05-04 21:54:24,034 [pool-145-thread-1] INFO  storage.RaftStorageDirectory (RaftStorageDirectoryImpl.java:tryLock(231)) - Lock on /home/runner/work/ozone/ozone/hadoop-ozone/integration-test/target/test-dir/MiniOzoneClusterImpl-52a188dd-66b8-45b2-ab7c-675c0ee04825/datanode-3/data/ratis/cb955eb6-0ea1-48aa-b3bb-1d4c41826dfe/in_use.lock acquired by nodename 25128@fv-az133-721
2023-05-04 21:54:24,034 [pool-79-thread-1] INFO  server.RaftServer$Division (RaftServerImpl.java:start(334)) - e0862bec-a8bd-48ad-a9f8-bef0c155c835@group-46E97EAE2EED: start as a follower, conf=-1: peers:[4332e2d2-7bb6-4f7e-906a-de641ae4498f|rpc:10.1.0.44:41005|dataStream:10.1.0.44:36391|priority:0|startupRole:FOLLOWER, 4af07dde-7c26-4e14-912a-ab8f17b2e80e|rpc:10.1.0.44:38769|dataStream:10.1.0.44:33047|priority:1|startupRole:FOLLOWER, e0862bec-a8bd-48ad-a9f8-bef0c155c835|rpc:10.1.0.44:39581|dataStream:10.1.0.44:35075|priority:0|startupRole:FOLLOWER]|listeners:[], old=null
2023-05-04 21:54:24,034 [pool-79-thread-1] INFO  server.RaftServer$Division (RaftServerImpl.java:setRole(321)) - e0862bec-a8bd-48ad-a9f8-bef0c155c835@group-46E97EAE2EED: changes role from      null to FOLLOWER at term 0 for startAsFollower
2023-05-04 21:54:24,034 [pool-79-thread-1] INFO  impl.RoleInfo (RoleInfo.java:updateAndGet(139)) - e0862bec-a8bd-48ad-a9f8-bef0c155c835: start e0862bec-a8bd-48ad-a9f8-bef0c155c835@group-46E97EAE2EED-FollowerState
2023-05-04 21:54:24,034 [pool-79-thread-1] INFO  util.JmxRegister (JmxRegister.java:tryRegister(44)) - Successfully registered JMX Bean with object name Ratis:service=RaftServer,group=group-46E97EAE2EED,id=e0862bec-a8bd-48ad-a9f8-bef0c155c835
2023-05-04 21:54:24,034 [pool-79-thread-1] INFO  server.RaftServerConfigKeys (ConfUtils.java:logGet(46)) - raft.server.snapshot.auto.trigger.enabled = true (custom)
2023-05-04 21:54:24,034 [pool-79-thread-1] INFO  server.RaftServerConfigKeys (ConfUtils.java:logGet(46)) - raft.server.snapshot.auto.trigger.threshold = 10000 (custom)
2023-05-04 21:54:24,034 [pool-79-thread-1] INFO  server.RaftServerConfigKeys (ConfUtils.java:logGet(46)) - raft.server.snapshot.retention.file.num = 5 (custom)
2023-05-04 21:54:24,034 [pool-79-thread-1] INFO  server.RaftServerConfigKeys (ConfUtils.java:logGet(46)) - raft.server.log.purge.upto.snapshot.index = false (default)
2023-05-04 21:54:24,039 [Command processor thread] INFO  ratis.XceiverServerRatis (XceiverServerRatis.java:addGroup(806)) - Created group PipelineID=b7b8b290-6f3f-4782-a306-46e97eae2eed
2023-05-04 21:54:24,041 [e0862bec-a8bd-48ad-a9f8-bef0c155c835@group-46E97EAE2EED-FollowerState] INFO  server.RaftServerConfigKeys (ConfUtils.java:logFallback(53)) - raft.server.rpc.first-election.timeout.min = 5s (fallback to raft.server.rpc.timeout.min)
2023-05-04 21:54:24,041 [e0862bec-a8bd-48ad-a9f8-bef0c155c835@group-46E97EAE2EED-FollowerState] INFO  server.RaftServerConfigKeys (ConfUtils.java:logFallback(53)) - raft.server.rpc.first-election.timeout.max = 5200ms (fallback to raft.server.rpc.timeout.max)
2023-05-04 21:54:24,044 [pool-145-thread-1] INFO  storage.RaftStorage (RaftStorageImpl.java:format(96)) - Storage directory /home/runner/work/ozone/ozone/hadoop-ozone/integration-test/target/test-dir/MiniOzoneClusterImpl-52a188dd-66b8-45b2-ab7c-675c0ee04825/datanode-3/data/ratis/cb955eb6-0ea1-48aa-b3bb-1d4c41826dfe has been successfully formatted.
2023-05-04 21:54:24,045 [pool-145-thread-1] INFO  ratis.ContainerStateMachine (ContainerStateMachine.java:loadSnapshot(262)) - group-1D4C41826DFE: The snapshot info is null. Setting the last applied indexto:(t:0, i:~)
2023-05-04 21:54:24,045 [pool-145-thread-1] INFO  server.RaftServerConfigKeys (ConfUtils.java:logGet(46)) - raft.server.log.use.memory = false (default)
2023-05-04 21:54:24,045 [pool-145-thread-1] INFO  server.RaftServerConfigKeys (ConfUtils.java:logGet(46)) - raft.server.log.purge.gap = 1000000 (custom)
2023-05-04 21:54:24,045 [pool-145-thread-1] INFO  server.RaftServerConfigKeys (ConfUtils.java:logGet(46)) - raft.server.log.appender.buffer.byte-limit = 33554432 (custom)
2023-05-04 21:54:24,045 [pool-145-thread-1] INFO  server.RaftServerConfigKeys (ConfUtils.java:logGet(46)) - raft.server.log.statemachine.data.read.timeout = 1000ms (default)
2023-05-04 21:54:24,045 [pool-145-thread-1] INFO  server.RaftServerConfigKeys (ConfUtils.java:logGet(46)) - raft.server.log.purge.preservation.log.num = 0 (default)
2023-05-04 21:54:24,045 [pool-145-thread-1] INFO  server.RaftServerConfigKeys (ConfUtils.java:logGet(46)) - raft.server.log.segment.size.max = 1048576 (custom)
2023-05-04 21:54:24,046 [pool-145-thread-1] INFO  server.RaftServerConfigKeys (ConfUtils.java:logGet(46)) - raft.server.log.segment.cache.num.max = 2 (custom)
2023-05-04 21:54:24,046 [pool-145-thread-1] INFO  server.RaftServerConfigKeys (ConfUtils.java:logGet(46)) - raft.server.log.segment.cache.size.max = 200MB (=209715200) (default)
2023-05-04 21:54:24,046 [pool-145-thread-1] INFO  segmented.SegmentedRaftLogWorker (SegmentedRaftLogWorker.java:<init>(189)) - new 7b4a0121-e5ca-4a28-aa85-7db853fd0802@group-1D4C41826DFE-SegmentedRaftLogWorker for RaftStorageImpl:Storage Directory /home/runner/work/ozone/ozone/hadoop-ozone/integration-test/target/test-dir/MiniOzoneClusterImpl-52a188dd-66b8-45b2-ab7c-675c0ee04825/datanode-3/data/ratis/cb955eb6-0ea1-48aa-b3bb-1d4c41826dfe
2023-05-04 21:54:24,046 [pool-145-thread-1] INFO  server.RaftServerConfigKeys (ConfUtils.java:logGet(46)) - raft.server.log.queue.byte-limit = 4294967296 (custom)
2023-05-04 21:54:24,046 [pool-145-thread-1] INFO  server.RaftServerConfigKeys (ConfUtils.java:logGet(46)) - raft.server.log.queue.element-limit = 1024 (custom)
2023-05-04 21:54:24,046 [pool-145-thread-1] INFO  server.RaftServerConfigKeys (ConfUtils.java:logGet(46)) - raft.server.log.segment.size.max = 1048576 (custom)
2023-05-04 21:54:24,046 [pool-145-thread-1] INFO  server.RaftServerConfigKeys (ConfUtils.java:logGet(46)) - raft.server.log.preallocated.size = 16384 (custom)
2023-05-04 21:54:24,046 [pool-145-thread-1] INFO  server.RaftServerConfigKeys (ConfUtils.java:logGet(46)) - raft.server.log.force.sync.num = 128 (default)
2023-05-04 21:54:24,046 [pool-145-thread-1] INFO  server.RaftServerConfigKeys (ConfUtils.java:logGet(46)) - raft.server.log.statemachine.data.sync = true (default)
2023-05-04 21:54:24,047 [pool-145-thread-1] INFO  server.RaftServerConfigKeys (ConfUtils.java:logGet(46)) - raft.server.log.statemachine.data.sync.timeout = 10s (default)
2023-05-04 21:54:24,047 [pool-145-thread-1] INFO  server.RaftServerConfigKeys (ConfUtils.java:logGet(46)) - raft.server.log.statemachine.data.sync.timeout.retry = -1 (default)
2023-05-04 21:54:24,049 [pool-145-thread-1] INFO  server.RaftServerConfigKeys (ConfUtils.java:logGet(46)) - raft.server.log.write.buffer.size = 1048576 (custom)
2023-05-04 21:54:24,051 [pool-145-thread-1] INFO  server.RaftServerConfigKeys (ConfUtils.java:logGet(46)) - raft.server.log.appender.buffer.byte-limit = 33554432 (custom)
2023-05-04 21:54:24,053 [EventQueue-OpenPipelineForHealthyPipelineSafeModeRule] INFO  safemode.SCMSafeModeManager (HealthyPipelineSafeModeRule.java:process(137)) - SCM in safe mode. Healthy pipelines reported count is 0, required healthy pipeline reported count is 1
2023-05-04 21:54:24,059 [pool-145-thread-1] INFO  server.RaftServerConfigKeys (ConfUtils.java:logGet(46)) - raft.server.log.unsafe-flush.enabled = false (default)
2023-05-04 21:54:24,070 [pool-145-thread-1] INFO  server.RaftServerConfigKeys (ConfUtils.java:logGet(46)) - raft.server.log.async-flush.enabled = false (default)
2023-05-04 21:54:24,070 [pool-145-thread-1] INFO  server.RaftServerConfigKeys (ConfUtils.java:logGet(46)) - raft.server.log.statemachine.data.caching.enabled = true (custom)
2023-05-04 21:54:24,071 [pool-145-thread-1] INFO  segmented.SegmentedRaftLogWorker (SegmentedRaftLogWorker.java:lambda$new$0(135)) - 7b4a0121-e5ca-4a28-aa85-7db853fd0802@group-1D4C41826DFE-SegmentedRaftLogWorker: flushIndex: setUnconditionally 0 -> -1
2023-05-04 21:54:24,071 [pool-145-thread-1] INFO  segmented.SegmentedRaftLogWorker (SegmentedRaftLogWorker.java:lambda$new$0(135)) - 7b4a0121-e5ca-4a28-aa85-7db853fd0802@group-1D4C41826DFE-SegmentedRaftLogWorker: safeCacheEvictIndex: setUnconditionally 0 -> -1
2023-05-04 21:54:24,074 [pool-145-thread-1] INFO  server.RaftServer$Division (RaftServerImpl.java:start(334)) - 7b4a0121-e5ca-4a28-aa85-7db853fd0802@group-1D4C41826DFE: start as a follower, conf=-1: peers:[6abe40d9-bbca-402e-938b-50fbed365dbf|rpc:10.1.0.44:37731|dataStream:10.1.0.44:45795|priority:1|startupRole:FOLLOWER, dbf01856-92cd-4f2e-80e3-f7bd7f97e610|rpc:10.1.0.44:43433|dataStream:10.1.0.44:34049|priority:0|startupRole:FOLLOWER, 7b4a0121-e5ca-4a28-aa85-7db853fd0802|rpc:10.1.0.44:42349|dataStream:10.1.0.44:38943|priority:0|startupRole:FOLLOWER]|listeners:[], old=null
2023-05-04 21:54:24,085 [pool-145-thread-1] INFO  server.RaftServer$Division (RaftServerImpl.java:setRole(321)) - 7b4a0121-e5ca-4a28-aa85-7db853fd0802@group-1D4C41826DFE: changes role from      null to FOLLOWER at term 0 for startAsFollower
2023-05-04 21:54:24,085 [pool-145-thread-1] INFO  impl.RoleInfo (RoleInfo.java:updateAndGet(139)) - 7b4a0121-e5ca-4a28-aa85-7db853fd0802: start 7b4a0121-e5ca-4a28-aa85-7db853fd0802@group-1D4C41826DFE-FollowerState
2023-05-04 21:54:24,086 [pool-145-thread-1] INFO  util.JmxRegister (JmxRegister.java:tryRegister(44)) - Successfully registered JMX Bean with object name Ratis:service=RaftServer,group=group-1D4C41826DFE,id=7b4a0121-e5ca-4a28-aa85-7db853fd0802
2023-05-04 21:54:24,086 [pool-145-thread-1] INFO  server.RaftServerConfigKeys (ConfUtils.java:logGet(46)) - raft.server.snapshot.auto.trigger.enabled = true (custom)
2023-05-04 21:54:24,086 [pool-145-thread-1] INFO  server.RaftServerConfigKeys (ConfUtils.java:logGet(46)) - raft.server.snapshot.auto.trigger.threshold = 10000 (custom)
2023-05-04 21:54:24,086 [pool-145-thread-1] INFO  server.RaftServerConfigKeys (ConfUtils.java:logGet(46)) - raft.server.snapshot.retention.file.num = 5 (custom)
2023-05-04 21:54:24,086 [pool-145-thread-1] INFO  server.RaftServerConfigKeys (ConfUtils.java:logGet(46)) - raft.server.log.purge.upto.snapshot.index = false (default)
2023-05-04 21:54:24,089 [7b4a0121-e5ca-4a28-aa85-7db853fd0802@group-1D4C41826DFE-FollowerState] INFO  server.RaftServerConfigKeys (ConfUtils.java:logFallback(53)) - raft.server.rpc.first-election.timeout.min = 5s (fallback to raft.server.rpc.timeout.min)
2023-05-04 21:54:24,089 [7b4a0121-e5ca-4a28-aa85-7db853fd0802@group-1D4C41826DFE-FollowerState] INFO  server.RaftServerConfigKeys (ConfUtils.java:logFallback(53)) - raft.server.rpc.first-election.timeout.max = 5200ms (fallback to raft.server.rpc.timeout.max)
2023-05-04 21:54:24,093 [Command processor thread] INFO  ratis.XceiverServerRatis (XceiverServerRatis.java:addGroup(806)) - Created group PipelineID=cb955eb6-0ea1-48aa-b3bb-1d4c41826dfe
2023-05-04 21:54:24,169 [grpc-default-executor-1] INFO  server.RaftServer (RaftServerProxy.java:addNew(96)) - dbf01856-92cd-4f2e-80e3-f7bd7f97e610: addNew group-1D4C41826DFE:[6abe40d9-bbca-402e-938b-50fbed365dbf|rpc:10.1.0.44:37731|dataStream:10.1.0.44:45795|priority:1|startupRole:FOLLOWER, dbf01856-92cd-4f2e-80e3-f7bd7f97e610|rpc:10.1.0.44:43433|dataStream:10.1.0.44:34049|priority:0|startupRole:FOLLOWER, 7b4a0121-e5ca-4a28-aa85-7db853fd0802|rpc:10.1.0.44:42349|dataStream:10.1.0.44:38943|priority:0|startupRole:FOLLOWER] returns group-1D4C41826DFE:java.util.concurrent.CompletableFuture@318755da[Not completed]
2023-05-04 21:54:24,196 [Command processor thread] INFO  commandhandler.CreatePipelineCommandHandler (CreatePipelineCommandHandler.java:handle(113)) - Created Pipeline RATIS THREE PipelineID=b7b8b290-6f3f-4782-a306-46e97eae2eed.
2023-05-04 21:54:24,206 [pool-189-thread-1] INFO  server.RaftServer$Division (RaftServerImpl.java:<init>(195)) - dbf01856-92cd-4f2e-80e3-f7bd7f97e610: new RaftServerImpl for group-1D4C41826DFE:[6abe40d9-bbca-402e-938b-50fbed365dbf|rpc:10.1.0.44:37731|dataStream:10.1.0.44:45795|priority:1|startupRole:FOLLOWER, dbf01856-92cd-4f2e-80e3-f7bd7f97e610|rpc:10.1.0.44:43433|dataStream:10.1.0.44:34049|priority:0|startupRole:FOLLOWER, 7b4a0121-e5ca-4a28-aa85-7db853fd0802|rpc:10.1.0.44:42349|dataStream:10.1.0.44:38943|priority:0|startupRole:FOLLOWER] with ContainerStateMachine:uninitialized
2023-05-04 21:54:24,207 [pool-189-thread-1] INFO  server.RaftServerConfigKeys (ConfUtils.java:logGet(46)) - raft.server.rpc.timeout.min = 5s (custom)
2023-05-04 21:54:24,207 [pool-189-thread-1] INFO  server.RaftServerConfigKeys (ConfUtils.java:logGet(46)) - raft.server.rpc.timeout.max = 5200ms (custom)
2023-05-04 21:54:24,207 [pool-189-thread-1] INFO  server.RaftServerConfigKeys (ConfUtils.java:logGet(46)) - raft.server.rpc.sleep.time = 25ms (default)
2023-05-04 21:54:24,207 [pool-189-thread-1] INFO  server.RaftServerConfigKeys (ConfUtils.java:logGet(46)) - raft.server.rpc.slowness.timeout = 300s (custom)
2023-05-04 21:54:24,207 [pool-189-thread-1] INFO  server.RaftServerConfigKeys (ConfUtils.java:logGet(46)) - raft.server.leaderelection.leader.step-down.wait-time = 10s (default)
2023-05-04 21:54:24,207 [pool-189-thread-1] INFO  server.RaftServerConfigKeys (ConfUtils.java:logGet(46)) - raft.server.sleep.deviation.threshold = 300ms (default)
2023-05-04 21:54:24,207 [pool-189-thread-1] INFO  server.RaftServer$Division (ServerState.java:<init>(118)) - dbf01856-92cd-4f2e-80e3-f7bd7f97e610@group-1D4C41826DFE: ConfigurationManager, init=-1: peers:[6abe40d9-bbca-402e-938b-50fbed365dbf|rpc:10.1.0.44:37731|dataStream:10.1.0.44:45795|priority:1|startupRole:FOLLOWER, dbf01856-92cd-4f2e-80e3-f7bd7f97e610|rpc:10.1.0.44:43433|dataStream:10.1.0.44:34049|priority:0|startupRole:FOLLOWER, 7b4a0121-e5ca-4a28-aa85-7db853fd0802|rpc:10.1.0.44:42349|dataStream:10.1.0.44:38943|priority:0|startupRole:FOLLOWER]|listeners:[], old=null, confs=<EMPTY_MAP>
2023-05-04 21:54:24,207 [pool-189-thread-1] INFO  server.RaftServerConfigKeys (ConfUtils.java:logGet(46)) - raft.server.storage.dir = [/home/runner/work/ozone/ozone/hadoop-ozone/integration-test/target/test-dir/MiniOzoneClusterImpl-52a188dd-66b8-45b2-ab7c-675c0ee04825/datanode-5/data/ratis] (custom)
2023-05-04 21:54:24,207 [pool-189-thread-1] INFO  server.RaftServerConfigKeys (ConfUtils.java:logGet(46)) - raft.server.log.corruption.policy = EXCEPTION (default)
2023-05-04 21:54:24,207 [pool-189-thread-1] INFO  server.RaftServerConfigKeys (ConfUtils.java:logGet(46)) - raft.server.storage.free-space.min = 0MB (=0) (default)
2023-05-04 21:54:24,208 [pool-189-thread-1] INFO  server.RaftServerConfigKeys (ConfUtils.java:logGet(46)) - raft.server.notification.no-leader.timeout = 300s (custom)
2023-05-04 21:54:24,208 [pool-189-thread-1] INFO  server.RaftServerConfigKeys (ConfUtils.java:logGet(46)) - raft.server.retrycache.expirytime = 600000ms (custom)
2023-05-04 21:54:24,208 [pool-189-thread-1] INFO  server.RaftServerConfigKeys (ConfUtils.java:logGet(46)) - raft.server.retrycache.statistics.expirytime = 100μs (default)
2023-05-04 21:54:24,209 [pool-189-thread-1] INFO  server.RaftServerConfigKeys (ConfUtils.java:logGet(46)) - raft.server.log.appender.install.snapshot.enabled = false (custom)
2023-05-04 21:54:24,209 [pool-189-thread-1] INFO  server.RaftServerConfigKeys (ConfUtils.java:logGet(46)) - raft.server.threadpool.server.cached = true (default)
2023-05-04 21:54:24,209 [pool-189-thread-1] INFO  server.RaftServerConfigKeys (ConfUtils.java:logGet(46)) - raft.server.threadpool.server.size = 0 (default)
2023-05-04 21:54:24,209 [pool-189-thread-1] INFO  server.RaftServerConfigKeys (ConfUtils.java:logGet(46)) - raft.server.threadpool.client.cached = true (default)
2023-05-04 21:54:24,210 [pool-189-thread-1] INFO  server.RaftServerConfigKeys (ConfUtils.java:logGet(46)) - raft.server.threadpool.client.size = 0 (default)
2023-05-04 21:54:24,211 [pool-189-thread-1] INFO  storage.RaftStorageDirectory (RaftStorageDirectoryImpl.java:analyzeStorage(137)) - The storage directory /home/runner/work/ozone/ozone/hadoop-ozone/integration-test/target/test-dir/MiniOzoneClusterImpl-52a188dd-66b8-45b2-ab7c-675c0ee04825/datanode-5/data/ratis/cb955eb6-0ea1-48aa-b3bb-1d4c41826dfe does not exist. Creating ...
2023-05-04 21:54:24,215 [pool-189-thread-1] INFO  storage.RaftStorageDirectory (RaftStorageDirectoryImpl.java:tryLock(231)) - Lock on /home/runner/work/ozone/ozone/hadoop-ozone/integration-test/target/test-dir/MiniOzoneClusterImpl-52a188dd-66b8-45b2-ab7c-675c0ee04825/datanode-5/data/ratis/cb955eb6-0ea1-48aa-b3bb-1d4c41826dfe/in_use.lock acquired by nodename 25128@fv-az133-721
2023-05-04 21:54:24,224 [pool-189-thread-1] INFO  storage.RaftStorage (RaftStorageImpl.java:format(96)) - Storage directory /home/runner/work/ozone/ozone/hadoop-ozone/integration-test/target/test-dir/MiniOzoneClusterImpl-52a188dd-66b8-45b2-ab7c-675c0ee04825/datanode-5/data/ratis/cb955eb6-0ea1-48aa-b3bb-1d4c41826dfe has been successfully formatted.
2023-05-04 21:54:24,236 [pool-189-thread-1] INFO  ratis.ContainerStateMachine (ContainerStateMachine.java:loadSnapshot(262)) - group-1D4C41826DFE: The snapshot info is null. Setting the last applied indexto:(t:0, i:~)
2023-05-04 21:54:24,237 [pool-189-thread-1] INFO  server.RaftServerConfigKeys (ConfUtils.java:logGet(46)) - raft.server.log.use.memory = false (default)
2023-05-04 21:54:24,237 [pool-189-thread-1] INFO  server.RaftServerConfigKeys (ConfUtils.java:logGet(46)) - raft.server.log.purge.gap = 1000000 (custom)
2023-05-04 21:54:24,237 [pool-189-thread-1] INFO  server.RaftServerConfigKeys (ConfUtils.java:logGet(46)) - raft.server.log.appender.buffer.byte-limit = 33554432 (custom)
2023-05-04 21:54:24,237 [pool-189-thread-1] INFO  server.RaftServerConfigKeys (ConfUtils.java:logGet(46)) - raft.server.log.statemachine.data.read.timeout = 1000ms (default)
2023-05-04 21:54:24,237 [pool-189-thread-1] INFO  server.RaftServerConfigKeys (ConfUtils.java:logGet(46)) - raft.server.log.purge.preservation.log.num = 0 (default)
2023-05-04 21:54:24,237 [pool-189-thread-1] INFO  server.RaftServerConfigKeys (ConfUtils.java:logGet(46)) - raft.server.log.segment.size.max = 1048576 (custom)
2023-05-04 21:54:24,238 [pool-189-thread-1] INFO  server.RaftServerConfigKeys (ConfUtils.java:logGet(46)) - raft.server.log.segment.cache.num.max = 2 (custom)
2023-05-04 21:54:24,238 [pool-189-thread-1] INFO  server.RaftServerConfigKeys (ConfUtils.java:logGet(46)) - raft.server.log.segment.cache.size.max = 200MB (=209715200) (default)
2023-05-04 21:54:24,238 [pool-189-thread-1] INFO  segmented.SegmentedRaftLogWorker (SegmentedRaftLogWorker.java:<init>(189)) - new dbf01856-92cd-4f2e-80e3-f7bd7f97e610@group-1D4C41826DFE-SegmentedRaftLogWorker for RaftStorageImpl:Storage Directory /home/runner/work/ozone/ozone/hadoop-ozone/integration-test/target/test-dir/MiniOzoneClusterImpl-52a188dd-66b8-45b2-ab7c-675c0ee04825/datanode-5/data/ratis/cb955eb6-0ea1-48aa-b3bb-1d4c41826dfe
2023-05-04 21:54:24,238 [pool-189-thread-1] INFO  server.RaftServerConfigKeys (ConfUtils.java:logGet(46)) - raft.server.log.queue.byte-limit = 4294967296 (custom)
2023-05-04 21:54:24,238 [pool-189-thread-1] INFO  server.RaftServerConfigKeys (ConfUtils.java:logGet(46)) - raft.server.log.queue.element-limit = 1024 (custom)
2023-05-04 21:54:24,238 [pool-189-thread-1] INFO  server.RaftServerConfigKeys (ConfUtils.java:logGet(46)) - raft.server.log.segment.size.max = 1048576 (custom)
2023-05-04 21:54:24,238 [pool-189-thread-1] INFO  server.RaftServerConfigKeys (ConfUtils.java:logGet(46)) - raft.server.log.preallocated.size = 16384 (custom)
2023-05-04 21:54:24,238 [pool-189-thread-1] INFO  server.RaftServerConfigKeys (ConfUtils.java:logGet(46)) - raft.server.log.force.sync.num = 128 (default)
2023-05-04 21:54:24,238 [pool-189-thread-1] INFO  server.RaftServerConfigKeys (ConfUtils.java:logGet(46)) - raft.server.log.statemachine.data.sync = true (default)
2023-05-04 21:54:24,238 [pool-189-thread-1] INFO  server.RaftServerConfigKeys (ConfUtils.java:logGet(46)) - raft.server.log.statemachine.data.sync.timeout = 10s (default)
2023-05-04 21:54:24,238 [pool-189-thread-1] INFO  server.RaftServerConfigKeys (ConfUtils.java:logGet(46)) - raft.server.log.statemachine.data.sync.timeout.retry = -1 (default)
2023-05-04 21:54:24,239 [pool-189-thread-1] INFO  server.RaftServerConfigKeys (ConfUtils.java:logGet(46)) - raft.server.log.write.buffer.size = 1048576 (custom)
2023-05-04 21:54:24,244 [pool-189-thread-1] INFO  server.RaftServerConfigKeys (ConfUtils.java:logGet(46)) - raft.server.log.appender.buffer.byte-limit = 33554432 (custom)
2023-05-04 21:54:24,249 [pool-189-thread-1] INFO  server.RaftServerConfigKeys (ConfUtils.java:logGet(46)) - raft.server.log.unsafe-flush.enabled = false (default)
2023-05-04 21:54:24,249 [pool-189-thread-1] INFO  server.RaftServerConfigKeys (ConfUtils.java:logGet(46)) - raft.server.log.async-flush.enabled = false (default)
2023-05-04 21:54:24,249 [pool-189-thread-1] INFO  server.RaftServerConfigKeys (ConfUtils.java:logGet(46)) - raft.server.log.statemachine.data.caching.enabled = true (custom)
2023-05-04 21:54:24,249 [pool-189-thread-1] INFO  segmented.SegmentedRaftLogWorker (SegmentedRaftLogWorker.java:lambda$new$0(135)) - dbf01856-92cd-4f2e-80e3-f7bd7f97e610@group-1D4C41826DFE-SegmentedRaftLogWorker: flushIndex: setUnconditionally 0 -> -1
2023-05-04 21:54:24,249 [pool-189-thread-1] INFO  segmented.SegmentedRaftLogWorker (SegmentedRaftLogWorker.java:lambda$new$0(135)) - dbf01856-92cd-4f2e-80e3-f7bd7f97e610@group-1D4C41826DFE-SegmentedRaftLogWorker: safeCacheEvictIndex: setUnconditionally 0 -> -1
2023-05-04 21:54:24,250 [Command processor thread] INFO  commandhandler.CreatePipelineCommandHandler (CreatePipelineCommandHandler.java:handle(113)) - Created Pipeline RATIS THREE PipelineID=b7b8b290-6f3f-4782-a306-46e97eae2eed.
2023-05-04 21:54:24,255 [Command processor thread] INFO  commandhandler.CreatePipelineCommandHandler (CreatePipelineCommandHandler.java:handle(113)) - Created Pipeline RATIS THREE PipelineID=b7b8b290-6f3f-4782-a306-46e97eae2eed.
2023-05-04 21:54:24,257 [pool-189-thread-1] INFO  server.RaftServer$Division (RaftServerImpl.java:start(334)) - dbf01856-92cd-4f2e-80e3-f7bd7f97e610@group-1D4C41826DFE: start as a follower, conf=-1: peers:[6abe40d9-bbca-402e-938b-50fbed365dbf|rpc:10.1.0.44:37731|dataStream:10.1.0.44:45795|priority:1|startupRole:FOLLOWER, dbf01856-92cd-4f2e-80e3-f7bd7f97e610|rpc:10.1.0.44:43433|dataStream:10.1.0.44:34049|priority:0|startupRole:FOLLOWER, 7b4a0121-e5ca-4a28-aa85-7db853fd0802|rpc:10.1.0.44:42349|dataStream:10.1.0.44:38943|priority:0|startupRole:FOLLOWER]|listeners:[], old=null
2023-05-04 21:54:24,257 [pool-189-thread-1] INFO  server.RaftServer$Division (RaftServerImpl.java:setRole(321)) - dbf01856-92cd-4f2e-80e3-f7bd7f97e610@group-1D4C41826DFE: changes role from      null to FOLLOWER at term 0 for startAsFollower
2023-05-04 21:54:24,258 [pool-189-thread-1] INFO  impl.RoleInfo (RoleInfo.java:updateAndGet(139)) - dbf01856-92cd-4f2e-80e3-f7bd7f97e610: start dbf01856-92cd-4f2e-80e3-f7bd7f97e610@group-1D4C41826DFE-FollowerState
2023-05-04 21:54:24,258 [pool-189-thread-1] INFO  util.JmxRegister (JmxRegister.java:tryRegister(44)) - Successfully registered JMX Bean with object name Ratis:service=RaftServer,group=group-1D4C41826DFE,id=dbf01856-92cd-4f2e-80e3-f7bd7f97e610
2023-05-04 21:54:24,258 [dbf01856-92cd-4f2e-80e3-f7bd7f97e610@group-1D4C41826DFE-FollowerState] INFO  server.RaftServerConfigKeys (ConfUtils.java:logFallback(53)) - raft.server.rpc.first-election.timeout.min = 5s (fallback to raft.server.rpc.timeout.min)
2023-05-04 21:54:24,258 [pool-189-thread-1] INFO  server.RaftServerConfigKeys (ConfUtils.java:logGet(46)) - raft.server.snapshot.auto.trigger.enabled = true (custom)
2023-05-04 21:54:24,258 [dbf01856-92cd-4f2e-80e3-f7bd7f97e610@group-1D4C41826DFE-FollowerState] INFO  server.RaftServerConfigKeys (ConfUtils.java:logFallback(53)) - raft.server.rpc.first-election.timeout.max = 5200ms (fallback to raft.server.rpc.timeout.max)
2023-05-04 21:54:24,258 [pool-189-thread-1] INFO  server.RaftServerConfigKeys (ConfUtils.java:logGet(46)) - raft.server.snapshot.auto.trigger.threshold = 10000 (custom)
2023-05-04 21:54:24,258 [pool-189-thread-1] INFO  server.RaftServerConfigKeys (ConfUtils.java:logGet(46)) - raft.server.snapshot.retention.file.num = 5 (custom)
2023-05-04 21:54:24,259 [pool-189-thread-1] INFO  server.RaftServerConfigKeys (ConfUtils.java:logGet(46)) - raft.server.log.purge.upto.snapshot.index = false (default)
2023-05-04 21:54:24,283 [Command processor thread] INFO  server.RaftServer (RaftServerProxy.java:addNew(96)) - 6abe40d9-bbca-402e-938b-50fbed365dbf: addNew group-8808EB89F905:[6abe40d9-bbca-402e-938b-50fbed365dbf|rpc:10.1.0.44:37731|dataStream:10.1.0.44:45795|priority:1|startupRole:FOLLOWER] returns group-8808EB89F905:java.util.concurrent.CompletableFuture@7a6fcdd4[Not completed]
2023-05-04 21:54:24,300 [pool-167-thread-1] INFO  server.RaftServer$Division (RaftServerImpl.java:<init>(195)) - 6abe40d9-bbca-402e-938b-50fbed365dbf: new RaftServerImpl for group-8808EB89F905:[6abe40d9-bbca-402e-938b-50fbed365dbf|rpc:10.1.0.44:37731|dataStream:10.1.0.44:45795|priority:1|startupRole:FOLLOWER] with ContainerStateMachine:uninitialized
2023-05-04 21:54:24,300 [pool-167-thread-1] INFO  server.RaftServerConfigKeys (ConfUtils.java:logGet(46)) - raft.server.rpc.timeout.min = 5s (custom)
2023-05-04 21:54:24,300 [pool-167-thread-1] INFO  server.RaftServerConfigKeys (ConfUtils.java:logGet(46)) - raft.server.rpc.timeout.max = 5200ms (custom)
2023-05-04 21:54:24,300 [pool-167-thread-1] INFO  server.RaftServerConfigKeys (ConfUtils.java:logGet(46)) - raft.server.rpc.sleep.time = 25ms (default)
2023-05-04 21:54:24,300 [pool-167-thread-1] INFO  server.RaftServerConfigKeys (ConfUtils.java:logGet(46)) - raft.server.rpc.slowness.timeout = 300s (custom)
2023-05-04 21:54:24,300 [pool-167-thread-1] INFO  server.RaftServerConfigKeys (ConfUtils.java:logGet(46)) - raft.server.leaderelection.leader.step-down.wait-time = 10s (default)
2023-05-04 21:54:24,300 [pool-167-thread-1] INFO  server.RaftServerConfigKeys (ConfUtils.java:logGet(46)) - raft.server.sleep.deviation.threshold = 300ms (default)
2023-05-04 21:54:24,300 [pool-167-thread-1] INFO  server.RaftServer$Division (ServerState.java:<init>(118)) - 6abe40d9-bbca-402e-938b-50fbed365dbf@group-8808EB89F905: ConfigurationManager, init=-1: peers:[6abe40d9-bbca-402e-938b-50fbed365dbf|rpc:10.1.0.44:37731|dataStream:10.1.0.44:45795|priority:1|startupRole:FOLLOWER]|listeners:[], old=null, confs=<EMPTY_MAP>
2023-05-04 21:54:24,301 [pool-167-thread-1] INFO  server.RaftServerConfigKeys (ConfUtils.java:logGet(46)) - raft.server.storage.dir = [/home/runner/work/ozone/ozone/hadoop-ozone/integration-test/target/test-dir/MiniOzoneClusterImpl-52a188dd-66b8-45b2-ab7c-675c0ee04825/datanode-4/data/ratis] (custom)
2023-05-04 21:54:24,301 [pool-167-thread-1] INFO  server.RaftServerConfigKeys (ConfUtils.java:logGet(46)) - raft.server.log.corruption.policy = EXCEPTION (default)
2023-05-04 21:54:24,301 [pool-167-thread-1] INFO  server.RaftServerConfigKeys (ConfUtils.java:logGet(46)) - raft.server.storage.free-space.min = 0MB (=0) (default)
2023-05-04 21:54:24,301 [pool-167-thread-1] INFO  server.RaftServerConfigKeys (ConfUtils.java:logGet(46)) - raft.server.notification.no-leader.timeout = 300s (custom)
2023-05-04 21:54:24,301 [pool-167-thread-1] INFO  server.RaftServerConfigKeys (ConfUtils.java:logGet(46)) - raft.server.retrycache.expirytime = 600000ms (custom)
2023-05-04 21:54:24,301 [pool-167-thread-1] INFO  server.RaftServerConfigKeys (ConfUtils.java:logGet(46)) - raft.server.retrycache.statistics.expirytime = 100μs (default)
2023-05-04 21:54:24,305 [pool-167-thread-1] INFO  server.RaftServerConfigKeys (ConfUtils.java:logGet(46)) - raft.server.log.appender.install.snapshot.enabled = false (custom)
2023-05-04 21:54:24,306 [pool-167-thread-1] INFO  server.RaftServerConfigKeys (ConfUtils.java:logGet(46)) - raft.server.threadpool.server.cached = true (default)
2023-05-04 21:54:24,306 [pool-167-thread-1] INFO  server.RaftServerConfigKeys (ConfUtils.java:logGet(46)) - raft.server.threadpool.server.size = 0 (default)
2023-05-04 21:54:24,306 [pool-167-thread-1] INFO  server.RaftServerConfigKeys (ConfUtils.java:logGet(46)) - raft.server.threadpool.client.cached = true (default)
2023-05-04 21:54:24,306 [pool-167-thread-1] INFO  server.RaftServerConfigKeys (ConfUtils.java:logGet(46)) - raft.server.threadpool.client.size = 0 (default)
2023-05-04 21:54:24,306 [pool-167-thread-1] INFO  storage.RaftStorageDirectory (RaftStorageDirectoryImpl.java:analyzeStorage(137)) - The storage directory /home/runner/work/ozone/ozone/hadoop-ozone/integration-test/target/test-dir/MiniOzoneClusterImpl-52a188dd-66b8-45b2-ab7c-675c0ee04825/datanode-4/data/ratis/0b6dce09-7549-4159-86e7-8808eb89f905 does not exist. Creating ...
2023-05-04 21:54:24,310 [pool-167-thread-1] INFO  storage.RaftStorageDirectory (RaftStorageDirectoryImpl.java:tryLock(231)) - Lock on /home/runner/work/ozone/ozone/hadoop-ozone/integration-test/target/test-dir/MiniOzoneClusterImpl-52a188dd-66b8-45b2-ab7c-675c0ee04825/datanode-4/data/ratis/0b6dce09-7549-4159-86e7-8808eb89f905/in_use.lock acquired by nodename 25128@fv-az133-721
2023-05-04 21:54:24,311 [pool-167-thread-1] INFO  storage.RaftStorage (RaftStorageImpl.java:format(96)) - Storage directory /home/runner/work/ozone/ozone/hadoop-ozone/integration-test/target/test-dir/MiniOzoneClusterImpl-52a188dd-66b8-45b2-ab7c-675c0ee04825/datanode-4/data/ratis/0b6dce09-7549-4159-86e7-8808eb89f905 has been successfully formatted.
2023-05-04 21:54:24,317 [pool-167-thread-1] INFO  ratis.ContainerStateMachine (ContainerStateMachine.java:loadSnapshot(262)) - group-8808EB89F905: The snapshot info is null. Setting the last applied indexto:(t:0, i:~)
2023-05-04 21:54:24,317 [pool-167-thread-1] INFO  server.RaftServerConfigKeys (ConfUtils.java:logGet(46)) - raft.server.log.use.memory = false (default)
2023-05-04 21:54:24,317 [pool-167-thread-1] INFO  server.RaftServerConfigKeys (ConfUtils.java:logGet(46)) - raft.server.log.purge.gap = 1000000 (custom)
2023-05-04 21:54:24,317 [pool-167-thread-1] INFO  server.RaftServerConfigKeys (ConfUtils.java:logGet(46)) - raft.server.log.appender.buffer.byte-limit = 33554432 (custom)
2023-05-04 21:54:24,317 [pool-167-thread-1] INFO  server.RaftServerConfigKeys (ConfUtils.java:logGet(46)) - raft.server.log.statemachine.data.read.timeout = 1000ms (default)
2023-05-04 21:54:24,317 [grpc-default-executor-1] INFO  server.RaftServer (RaftServerProxy.java:addNew(96)) - 6abe40d9-bbca-402e-938b-50fbed365dbf: addNew group-1D4C41826DFE:[6abe40d9-bbca-402e-938b-50fbed365dbf|rpc:10.1.0.44:37731|dataStream:10.1.0.44:45795|priority:1|startupRole:FOLLOWER, dbf01856-92cd-4f2e-80e3-f7bd7f97e610|rpc:10.1.0.44:43433|dataStream:10.1.0.44:34049|priority:0|startupRole:FOLLOWER, 7b4a0121-e5ca-4a28-aa85-7db853fd0802|rpc:10.1.0.44:42349|dataStream:10.1.0.44:38943|priority:0|startupRole:FOLLOWER] returns group-1D4C41826DFE:java.util.concurrent.CompletableFuture@140929af[Not completed]
2023-05-04 21:54:24,317 [pool-167-thread-1] INFO  server.RaftServerConfigKeys (ConfUtils.java:logGet(46)) - raft.server.log.purge.preservation.log.num = 0 (default)
2023-05-04 21:54:24,319 [EventQueue-PipelineReportForPipelineReportHandler] INFO  pipeline.PipelineManagerImpl (PipelineManagerImpl.java:openPipeline(367)) - Pipeline Pipeline[ Id: 0b6dce09-7549-4159-86e7-8808eb89f905, Nodes: 6abe40d9-bbca-402e-938b-50fbed365dbf(fv-az133-721.yhipumr4050edinzmvad0xeera.cx.internal.cloudapp.net/10.1.0.44), ReplicationConfig: RATIS/ONE, State:ALLOCATED, leaderId:6abe40d9-bbca-402e-938b-50fbed365dbf, CreationTimestamp2023-05-04T21:54:21.275Z[Etc/UTC]] moved to OPEN state
2023-05-04 21:54:24,321 [EventQueue-OpenPipelineForHealthyPipelineSafeModeRule] INFO  safemode.SCMSafeModeManager (HealthyPipelineSafeModeRule.java:process(137)) - SCM in safe mode. Healthy pipelines reported count is 0, required healthy pipeline reported count is 1
2023-05-04 21:54:24,321 [pool-167-thread-1] INFO  server.RaftServerConfigKeys (ConfUtils.java:logGet(46)) - raft.server.log.segment.size.max = 1048576 (custom)
2023-05-04 21:54:24,321 [pool-167-thread-1] INFO  server.RaftServerConfigKeys (ConfUtils.java:logGet(46)) - raft.server.log.segment.cache.num.max = 2 (custom)
2023-05-04 21:54:24,321 [pool-167-thread-1] INFO  server.RaftServerConfigKeys (ConfUtils.java:logGet(46)) - raft.server.log.segment.cache.size.max = 200MB (=209715200) (default)
2023-05-04 21:54:24,322 [pool-167-thread-1] INFO  segmented.SegmentedRaftLogWorker (SegmentedRaftLogWorker.java:<init>(189)) - new 6abe40d9-bbca-402e-938b-50fbed365dbf@group-8808EB89F905-SegmentedRaftLogWorker for RaftStorageImpl:Storage Directory /home/runner/work/ozone/ozone/hadoop-ozone/integration-test/target/test-dir/MiniOzoneClusterImpl-52a188dd-66b8-45b2-ab7c-675c0ee04825/datanode-4/data/ratis/0b6dce09-7549-4159-86e7-8808eb89f905
2023-05-04 21:54:24,322 [pool-167-thread-1] INFO  server.RaftServerConfigKeys (ConfUtils.java:logGet(46)) - raft.server.log.queue.byte-limit = 4294967296 (custom)
2023-05-04 21:54:24,322 [pool-167-thread-1] INFO  server.RaftServerConfigKeys (ConfUtils.java:logGet(46)) - raft.server.log.queue.element-limit = 1024 (custom)
2023-05-04 21:54:24,322 [pool-167-thread-1] INFO  server.RaftServerConfigKeys (ConfUtils.java:logGet(46)) - raft.server.log.segment.size.max = 1048576 (custom)
2023-05-04 21:54:24,322 [pool-167-thread-1] INFO  server.RaftServerConfigKeys (ConfUtils.java:logGet(46)) - raft.server.log.preallocated.size = 16384 (custom)
2023-05-04 21:54:24,322 [pool-167-thread-1] INFO  server.RaftServerConfigKeys (ConfUtils.java:logGet(46)) - raft.server.log.force.sync.num = 128 (default)
2023-05-04 21:54:24,322 [pool-167-thread-1] INFO  server.RaftServerConfigKeys (ConfUtils.java:logGet(46)) - raft.server.log.statemachine.data.sync = true (default)
2023-05-04 21:54:24,322 [pool-167-thread-1] INFO  server.RaftServerConfigKeys (ConfUtils.java:logGet(46)) - raft.server.log.statemachine.data.sync.timeout = 10s (default)
2023-05-04 21:54:24,322 [pool-167-thread-1] INFO  server.RaftServerConfigKeys (ConfUtils.java:logGet(46)) - raft.server.log.statemachine.data.sync.timeout.retry = -1 (default)
2023-05-04 21:54:24,323 [pool-167-thread-1] INFO  server.RaftServerConfigKeys (ConfUtils.java:logGet(46)) - raft.server.log.write.buffer.size = 1048576 (custom)
2023-05-04 21:54:24,324 [pool-167-thread-1] INFO  server.RaftServerConfigKeys (ConfUtils.java:logGet(46)) - raft.server.log.appender.buffer.byte-limit = 33554432 (custom)
2023-05-04 21:54:24,331 [pool-167-thread-1] INFO  server.RaftServerConfigKeys (ConfUtils.java:logGet(46)) - raft.server.log.unsafe-flush.enabled = false (default)
2023-05-04 21:54:24,331 [pool-167-thread-1] INFO  server.RaftServerConfigKeys (ConfUtils.java:logGet(46)) - raft.server.log.async-flush.enabled = false (default)
2023-05-04 21:54:24,331 [pool-167-thread-1] INFO  server.RaftServerConfigKeys (ConfUtils.java:logGet(46)) - raft.server.log.statemachine.data.caching.enabled = true (custom)
2023-05-04 21:54:24,331 [pool-167-thread-1] INFO  segmented.SegmentedRaftLogWorker (SegmentedRaftLogWorker.java:lambda$new$0(135)) - 6abe40d9-bbca-402e-938b-50fbed365dbf@group-8808EB89F905-SegmentedRaftLogWorker: flushIndex: setUnconditionally 0 -> -1
2023-05-04 21:54:24,331 [pool-167-thread-1] INFO  segmented.SegmentedRaftLogWorker (SegmentedRaftLogWorker.java:lambda$new$0(135)) - 6abe40d9-bbca-402e-938b-50fbed365dbf@group-8808EB89F905-SegmentedRaftLogWorker: safeCacheEvictIndex: setUnconditionally 0 -> -1
2023-05-04 21:54:24,331 [pool-167-thread-1] INFO  server.RaftServer$Division (RaftServerImpl.java:start(334)) - 6abe40d9-bbca-402e-938b-50fbed365dbf@group-8808EB89F905: start as a follower, conf=-1: peers:[6abe40d9-bbca-402e-938b-50fbed365dbf|rpc:10.1.0.44:37731|dataStream:10.1.0.44:45795|priority:1|startupRole:FOLLOWER]|listeners:[], old=null
2023-05-04 21:54:24,332 [pool-167-thread-1] INFO  server.RaftServer$Division (RaftServerImpl.java:setRole(321)) - 6abe40d9-bbca-402e-938b-50fbed365dbf@group-8808EB89F905: changes role from      null to FOLLOWER at term 0 for startAsFollower
2023-05-04 21:54:24,332 [pool-167-thread-1] INFO  impl.RoleInfo (RoleInfo.java:updateAndGet(139)) - 6abe40d9-bbca-402e-938b-50fbed365dbf: start 6abe40d9-bbca-402e-938b-50fbed365dbf@group-8808EB89F905-FollowerState
2023-05-04 21:54:24,332 [pool-167-thread-1] INFO  util.JmxRegister (JmxRegister.java:tryRegister(44)) - Successfully registered JMX Bean with object name Ratis:service=RaftServer,group=group-8808EB89F905,id=6abe40d9-bbca-402e-938b-50fbed365dbf
2023-05-04 21:54:24,332 [pool-167-thread-1] INFO  server.RaftServerConfigKeys (ConfUtils.java:logGet(46)) - raft.server.snapshot.auto.trigger.enabled = true (custom)
2023-05-04 21:54:24,332 [pool-167-thread-1] INFO  server.RaftServerConfigKeys (ConfUtils.java:logGet(46)) - raft.server.snapshot.auto.trigger.threshold = 10000 (custom)
2023-05-04 21:54:24,332 [pool-167-thread-1] INFO  server.RaftServerConfigKeys (ConfUtils.java:logGet(46)) - raft.server.snapshot.retention.file.num = 5 (custom)
2023-05-04 21:54:24,332 [pool-167-thread-1] INFO  server.RaftServerConfigKeys (ConfUtils.java:logGet(46)) - raft.server.log.purge.upto.snapshot.index = false (default)
2023-05-04 21:54:24,333 [6abe40d9-bbca-402e-938b-50fbed365dbf@group-8808EB89F905-FollowerState] INFO  server.RaftServerConfigKeys (ConfUtils.java:logFallback(53)) - raft.server.rpc.first-election.timeout.min = 5s (fallback to raft.server.rpc.timeout.min)
2023-05-04 21:54:24,333 [6abe40d9-bbca-402e-938b-50fbed365dbf@group-8808EB89F905-FollowerState] INFO  server.RaftServerConfigKeys (ConfUtils.java:logFallback(53)) - raft.server.rpc.first-election.timeout.max = 5200ms (fallback to raft.server.rpc.timeout.max)
2023-05-04 21:54:24,334 [pool-167-thread-1] INFO  server.RaftServer$Division (RaftServerImpl.java:<init>(195)) - 6abe40d9-bbca-402e-938b-50fbed365dbf: new RaftServerImpl for group-1D4C41826DFE:[6abe40d9-bbca-402e-938b-50fbed365dbf|rpc:10.1.0.44:37731|dataStream:10.1.0.44:45795|priority:1|startupRole:FOLLOWER, dbf01856-92cd-4f2e-80e3-f7bd7f97e610|rpc:10.1.0.44:43433|dataStream:10.1.0.44:34049|priority:0|startupRole:FOLLOWER, 7b4a0121-e5ca-4a28-aa85-7db853fd0802|rpc:10.1.0.44:42349|dataStream:10.1.0.44:38943|priority:0|startupRole:FOLLOWER] with ContainerStateMachine:uninitialized
2023-05-04 21:54:24,334 [pool-167-thread-1] INFO  server.RaftServerConfigKeys (ConfUtils.java:logGet(46)) - raft.server.rpc.timeout.min = 5s (custom)
2023-05-04 21:54:24,334 [pool-167-thread-1] INFO  server.RaftServerConfigKeys (ConfUtils.java:logGet(46)) - raft.server.rpc.timeout.max = 5200ms (custom)
2023-05-04 21:54:24,335 [pool-167-thread-1] INFO  server.RaftServerConfigKeys (ConfUtils.java:logGet(46)) - raft.server.rpc.sleep.time = 25ms (default)
2023-05-04 21:54:24,335 [pool-167-thread-1] INFO  server.RaftServerConfigKeys (ConfUtils.java:logGet(46)) - raft.server.rpc.slowness.timeout = 300s (custom)
2023-05-04 21:54:24,335 [pool-167-thread-1] INFO  server.RaftServerConfigKeys (ConfUtils.java:logGet(46)) - raft.server.leaderelection.leader.step-down.wait-time = 10s (default)
2023-05-04 21:54:24,335 [pool-167-thread-1] INFO  server.RaftServerConfigKeys (ConfUtils.java:logGet(46)) - raft.server.sleep.deviation.threshold = 300ms (default)
2023-05-04 21:54:24,335 [pool-167-thread-1] INFO  server.RaftServer$Division (ServerState.java:<init>(118)) - 6abe40d9-bbca-402e-938b-50fbed365dbf@group-1D4C41826DFE: ConfigurationManager, init=-1: peers:[6abe40d9-bbca-402e-938b-50fbed365dbf|rpc:10.1.0.44:37731|dataStream:10.1.0.44:45795|priority:1|startupRole:FOLLOWER, dbf01856-92cd-4f2e-80e3-f7bd7f97e610|rpc:10.1.0.44:43433|dataStream:10.1.0.44:34049|priority:0|startupRole:FOLLOWER, 7b4a0121-e5ca-4a28-aa85-7db853fd0802|rpc:10.1.0.44:42349|dataStream:10.1.0.44:38943|priority:0|startupRole:FOLLOWER]|listeners:[], old=null, confs=<EMPTY_MAP>
2023-05-04 21:54:24,335 [pool-167-thread-1] INFO  server.RaftServerConfigKeys (ConfUtils.java:logGet(46)) - raft.server.storage.dir = [/home/runner/work/ozone/ozone/hadoop-ozone/integration-test/target/test-dir/MiniOzoneClusterImpl-52a188dd-66b8-45b2-ab7c-675c0ee04825/datanode-4/data/ratis] (custom)
2023-05-04 21:54:24,335 [pool-167-thread-1] INFO  server.RaftServerConfigKeys (ConfUtils.java:logGet(46)) - raft.server.log.corruption.policy = EXCEPTION (default)
2023-05-04 21:54:24,335 [pool-167-thread-1] INFO  server.RaftServerConfigKeys (ConfUtils.java:logGet(46)) - raft.server.storage.free-space.min = 0MB (=0) (default)
2023-05-04 21:54:24,335 [pool-167-thread-1] INFO  server.RaftServerConfigKeys (ConfUtils.java:logGet(46)) - raft.server.notification.no-leader.timeout = 300s (custom)
2023-05-04 21:54:24,335 [pool-167-thread-1] INFO  server.RaftServerConfigKeys (ConfUtils.java:logGet(46)) - raft.server.retrycache.expirytime = 600000ms (custom)
2023-05-04 21:54:24,335 [pool-167-thread-1] INFO  server.RaftServerConfigKeys (ConfUtils.java:logGet(46)) - raft.server.retrycache.statistics.expirytime = 100μs (default)
2023-05-04 21:54:24,337 [pool-167-thread-1] INFO  server.RaftServerConfigKeys (ConfUtils.java:logGet(46)) - raft.server.log.appender.install.snapshot.enabled = false (custom)
2023-05-04 21:54:24,337 [pool-167-thread-1] INFO  server.RaftServerConfigKeys (ConfUtils.java:logGet(46)) - raft.server.threadpool.server.cached = true (default)
2023-05-04 21:54:24,337 [pool-167-thread-1] INFO  server.RaftServerConfigKeys (ConfUtils.java:logGet(46)) - raft.server.threadpool.server.size = 0 (default)
2023-05-04 21:54:24,337 [pool-167-thread-1] INFO  server.RaftServerConfigKeys (ConfUtils.java:logGet(46)) - raft.server.threadpool.client.cached = true (default)
2023-05-04 21:54:24,337 [pool-167-thread-1] INFO  server.RaftServerConfigKeys (ConfUtils.java:logGet(46)) - raft.server.threadpool.client.size = 0 (default)
2023-05-04 21:54:24,337 [pool-167-thread-1] INFO  storage.RaftStorageDirectory (RaftStorageDirectoryImpl.java:analyzeStorage(137)) - The storage directory /home/runner/work/ozone/ozone/hadoop-ozone/integration-test/target/test-dir/MiniOzoneClusterImpl-52a188dd-66b8-45b2-ab7c-675c0ee04825/datanode-4/data/ratis/cb955eb6-0ea1-48aa-b3bb-1d4c41826dfe does not exist. Creating ...
2023-05-04 21:54:24,337 [Command processor thread] INFO  ratis.XceiverServerRatis (XceiverServerRatis.java:addGroup(806)) - Created group PipelineID=0b6dce09-7549-4159-86e7-8808eb89f905
2023-05-04 21:54:24,337 [Command processor thread] INFO  commandhandler.CreatePipelineCommandHandler (CreatePipelineCommandHandler.java:handle(113)) - Created Pipeline RATIS ONE PipelineID=0b6dce09-7549-4159-86e7-8808eb89f905.
2023-05-04 21:54:24,338 [Command processor thread] INFO  server.RaftServer (RaftServerProxy.java:addNew(96)) - 6abe40d9-bbca-402e-938b-50fbed365dbf: addNew group-BE813D0FF4B6:[6abe40d9-bbca-402e-938b-50fbed365dbf|rpc:10.1.0.44:37731|dataStream:10.1.0.44:45795|priority:0|startupRole:FOLLOWER, dbf01856-92cd-4f2e-80e3-f7bd7f97e610|rpc:10.1.0.44:43433|dataStream:10.1.0.44:34049|priority:0|startupRole:FOLLOWER, 7b4a0121-e5ca-4a28-aa85-7db853fd0802|rpc:10.1.0.44:42349|dataStream:10.1.0.44:38943|priority:1|startupRole:FOLLOWER] returns group-BE813D0FF4B6:java.util.concurrent.CompletableFuture@7e505641[Not completed]
2023-05-04 21:54:24,339 [pool-167-thread-1] INFO  storage.RaftStorageDirectory (RaftStorageDirectoryImpl.java:tryLock(231)) - Lock on /home/runner/work/ozone/ozone/hadoop-ozone/integration-test/target/test-dir/MiniOzoneClusterImpl-52a188dd-66b8-45b2-ab7c-675c0ee04825/datanode-4/data/ratis/cb955eb6-0ea1-48aa-b3bb-1d4c41826dfe/in_use.lock acquired by nodename 25128@fv-az133-721
2023-05-04 21:54:24,340 [pool-167-thread-1] INFO  storage.RaftStorage (RaftStorageImpl.java:format(96)) - Storage directory /home/runner/work/ozone/ozone/hadoop-ozone/integration-test/target/test-dir/MiniOzoneClusterImpl-52a188dd-66b8-45b2-ab7c-675c0ee04825/datanode-4/data/ratis/cb955eb6-0ea1-48aa-b3bb-1d4c41826dfe has been successfully formatted.
2023-05-04 21:54:24,341 [pool-167-thread-1] INFO  ratis.ContainerStateMachine (ContainerStateMachine.java:loadSnapshot(262)) - group-1D4C41826DFE: The snapshot info is null. Setting the last applied indexto:(t:0, i:~)
2023-05-04 21:54:24,341 [pool-167-thread-1] INFO  server.RaftServerConfigKeys (ConfUtils.java:logGet(46)) - raft.server.log.use.memory = false (default)
2023-05-04 21:54:24,341 [pool-167-thread-1] INFO  server.RaftServerConfigKeys (ConfUtils.java:logGet(46)) - raft.server.log.purge.gap = 1000000 (custom)
2023-05-04 21:54:24,341 [pool-167-thread-1] INFO  server.RaftServerConfigKeys (ConfUtils.java:logGet(46)) - raft.server.log.appender.buffer.byte-limit = 33554432 (custom)
2023-05-04 21:54:24,341 [pool-167-thread-1] INFO  server.RaftServerConfigKeys (ConfUtils.java:logGet(46)) - raft.server.log.statemachine.data.read.timeout = 1000ms (default)
2023-05-04 21:54:24,341 [pool-167-thread-1] INFO  server.RaftServerConfigKeys (ConfUtils.java:logGet(46)) - raft.server.log.purge.preservation.log.num = 0 (default)
2023-05-04 21:54:24,341 [pool-167-thread-1] INFO  server.RaftServerConfigKeys (ConfUtils.java:logGet(46)) - raft.server.log.segment.size.max = 1048576 (custom)
2023-05-04 21:54:24,342 [pool-167-thread-1] INFO  server.RaftServerConfigKeys (ConfUtils.java:logGet(46)) - raft.server.log.segment.cache.num.max = 2 (custom)
2023-05-04 21:54:24,342 [pool-167-thread-1] INFO  server.RaftServerConfigKeys (ConfUtils.java:logGet(46)) - raft.server.log.segment.cache.size.max = 200MB (=209715200) (default)
2023-05-04 21:54:24,342 [pool-167-thread-1] INFO  segmented.SegmentedRaftLogWorker (SegmentedRaftLogWorker.java:<init>(189)) - new 6abe40d9-bbca-402e-938b-50fbed365dbf@group-1D4C41826DFE-SegmentedRaftLogWorker for RaftStorageImpl:Storage Directory /home/runner/work/ozone/ozone/hadoop-ozone/integration-test/target/test-dir/MiniOzoneClusterImpl-52a188dd-66b8-45b2-ab7c-675c0ee04825/datanode-4/data/ratis/cb955eb6-0ea1-48aa-b3bb-1d4c41826dfe
2023-05-04 21:54:24,342 [pool-167-thread-1] INFO  server.RaftServerConfigKeys (ConfUtils.java:logGet(46)) - raft.server.log.queue.byte-limit = 4294967296 (custom)
2023-05-04 21:54:24,342 [pool-167-thread-1] INFO  server.RaftServerConfigKeys (ConfUtils.java:logGet(46)) - raft.server.log.queue.element-limit = 1024 (custom)
2023-05-04 21:54:24,342 [pool-167-thread-1] INFO  server.RaftServerConfigKeys (ConfUtils.java:logGet(46)) - raft.server.log.segment.size.max = 1048576 (custom)
2023-05-04 21:54:24,342 [pool-167-thread-1] INFO  server.RaftServerConfigKeys (ConfUtils.java:logGet(46)) - raft.server.log.preallocated.size = 16384 (custom)
2023-05-04 21:54:24,343 [pool-167-thread-1] INFO  server.RaftServerConfigKeys (ConfUtils.java:logGet(46)) - raft.server.log.force.sync.num = 128 (default)
2023-05-04 21:54:24,343 [pool-167-thread-1] INFO  server.RaftServerConfigKeys (ConfUtils.java:logGet(46)) - raft.server.log.statemachine.data.sync = true (default)
2023-05-04 21:54:24,343 [pool-167-thread-1] INFO  server.RaftServerConfigKeys (ConfUtils.java:logGet(46)) - raft.server.log.statemachine.data.sync.timeout = 10s (default)
2023-05-04 21:54:24,343 [pool-167-thread-1] INFO  server.RaftServerConfigKeys (ConfUtils.java:logGet(46)) - raft.server.log.statemachine.data.sync.timeout.retry = -1 (default)
2023-05-04 21:54:24,343 [EventQueue-OpenPipelineForHealthyPipelineSafeModeRule] INFO  safemode.SCMSafeModeManager (HealthyPipelineSafeModeRule.java:process(137)) - SCM in safe mode. Healthy pipelines reported count is 0, required healthy pipeline reported count is 1
2023-05-04 21:54:24,344 [pool-167-thread-1] INFO  server.RaftServerConfigKeys (ConfUtils.java:logGet(46)) - raft.server.log.write.buffer.size = 1048576 (custom)
2023-05-04 21:54:24,345 [pool-167-thread-1] INFO  server.RaftServerConfigKeys (ConfUtils.java:logGet(46)) - raft.server.log.appender.buffer.byte-limit = 33554432 (custom)
2023-05-04 21:54:24,355 [pool-167-thread-1] INFO  server.RaftServerConfigKeys (ConfUtils.java:logGet(46)) - raft.server.log.unsafe-flush.enabled = false (default)
2023-05-04 21:54:24,355 [pool-167-thread-1] INFO  server.RaftServerConfigKeys (ConfUtils.java:logGet(46)) - raft.server.log.async-flush.enabled = false (default)
2023-05-04 21:54:24,355 [pool-167-thread-1] INFO  server.RaftServerConfigKeys (ConfUtils.java:logGet(46)) - raft.server.log.statemachine.data.caching.enabled = true (custom)
2023-05-04 21:54:24,356 [pool-167-thread-1] INFO  segmented.SegmentedRaftLogWorker (SegmentedRaftLogWorker.java:lambda$new$0(135)) - 6abe40d9-bbca-402e-938b-50fbed365dbf@group-1D4C41826DFE-SegmentedRaftLogWorker: flushIndex: setUnconditionally 0 -> -1
2023-05-04 21:54:24,356 [pool-167-thread-1] INFO  segmented.SegmentedRaftLogWorker (SegmentedRaftLogWorker.java:lambda$new$0(135)) - 6abe40d9-bbca-402e-938b-50fbed365dbf@group-1D4C41826DFE-SegmentedRaftLogWorker: safeCacheEvictIndex: setUnconditionally 0 -> -1
2023-05-04 21:54:24,356 [pool-167-thread-1] INFO  server.RaftServer$Division (RaftServerImpl.java:start(334)) - 6abe40d9-bbca-402e-938b-50fbed365dbf@group-1D4C41826DFE: start as a follower, conf=-1: peers:[6abe40d9-bbca-402e-938b-50fbed365dbf|rpc:10.1.0.44:37731|dataStream:10.1.0.44:45795|priority:1|startupRole:FOLLOWER, dbf01856-92cd-4f2e-80e3-f7bd7f97e610|rpc:10.1.0.44:43433|dataStream:10.1.0.44:34049|priority:0|startupRole:FOLLOWER, 7b4a0121-e5ca-4a28-aa85-7db853fd0802|rpc:10.1.0.44:42349|dataStream:10.1.0.44:38943|priority:0|startupRole:FOLLOWER]|listeners:[], old=null
2023-05-04 21:54:24,356 [pool-167-thread-1] INFO  server.RaftServer$Division (RaftServerImpl.java:setRole(321)) - 6abe40d9-bbca-402e-938b-50fbed365dbf@group-1D4C41826DFE: changes role from      null to FOLLOWER at term 0 for startAsFollower
2023-05-04 21:54:24,356 [pool-167-thread-1] INFO  impl.RoleInfo (RoleInfo.java:updateAndGet(139)) - 6abe40d9-bbca-402e-938b-50fbed365dbf: start 6abe40d9-bbca-402e-938b-50fbed365dbf@group-1D4C41826DFE-FollowerState
2023-05-04 21:54:24,357 [6abe40d9-bbca-402e-938b-50fbed365dbf@group-1D4C41826DFE-FollowerState] INFO  server.RaftServerConfigKeys (ConfUtils.java:logFallback(53)) - raft.server.rpc.first-election.timeout.min = 5s (fallback to raft.server.rpc.timeout.min)
2023-05-04 21:54:24,357 [pool-167-thread-1] INFO  util.JmxRegister (JmxRegister.java:tryRegister(44)) - Successfully registered JMX Bean with object name Ratis:service=RaftServer,group=group-1D4C41826DFE,id=6abe40d9-bbca-402e-938b-50fbed365dbf
2023-05-04 21:54:24,357 [6abe40d9-bbca-402e-938b-50fbed365dbf@group-1D4C41826DFE-FollowerState] INFO  server.RaftServerConfigKeys (ConfUtils.java:logFallback(53)) - raft.server.rpc.first-election.timeout.max = 5200ms (fallback to raft.server.rpc.timeout.max)
2023-05-04 21:54:24,357 [pool-167-thread-1] INFO  server.RaftServerConfigKeys (ConfUtils.java:logGet(46)) - raft.server.snapshot.auto.trigger.enabled = true (custom)
2023-05-04 21:54:24,358 [pool-167-thread-1] INFO  server.RaftServerConfigKeys (ConfUtils.java:logGet(46)) - raft.server.snapshot.auto.trigger.threshold = 10000 (custom)
2023-05-04 21:54:24,358 [pool-167-thread-1] INFO  server.RaftServerConfigKeys (ConfUtils.java:logGet(46)) - raft.server.snapshot.retention.file.num = 5 (custom)
2023-05-04 21:54:24,358 [pool-167-thread-1] INFO  server.RaftServerConfigKeys (ConfUtils.java:logGet(46)) - raft.server.log.purge.upto.snapshot.index = false (default)
2023-05-04 21:54:24,363 [pool-167-thread-1] INFO  server.RaftServer$Division (RaftServerImpl.java:<init>(195)) - 6abe40d9-bbca-402e-938b-50fbed365dbf: new RaftServerImpl for group-BE813D0FF4B6:[6abe40d9-bbca-402e-938b-50fbed365dbf|rpc:10.1.0.44:37731|dataStream:10.1.0.44:45795|priority:0|startupRole:FOLLOWER, dbf01856-92cd-4f2e-80e3-f7bd7f97e610|rpc:10.1.0.44:43433|dataStream:10.1.0.44:34049|priority:0|startupRole:FOLLOWER, 7b4a0121-e5ca-4a28-aa85-7db853fd0802|rpc:10.1.0.44:42349|dataStream:10.1.0.44:38943|priority:1|startupRole:FOLLOWER] with ContainerStateMachine:uninitialized
2023-05-04 21:54:24,363 [pool-167-thread-1] INFO  server.RaftServerConfigKeys (ConfUtils.java:logGet(46)) - raft.server.rpc.timeout.min = 5s (custom)
2023-05-04 21:54:24,363 [pool-167-thread-1] INFO  server.RaftServerConfigKeys (ConfUtils.java:logGet(46)) - raft.server.rpc.timeout.max = 5200ms (custom)
2023-05-04 21:54:24,363 [pool-167-thread-1] INFO  server.RaftServerConfigKeys (ConfUtils.java:logGet(46)) - raft.server.rpc.sleep.time = 25ms (default)
2023-05-04 21:54:24,363 [pool-167-thread-1] INFO  server.RaftServerConfigKeys (ConfUtils.java:logGet(46)) - raft.server.rpc.slowness.timeout = 300s (custom)
2023-05-04 21:54:24,363 [pool-167-thread-1] INFO  server.RaftServerConfigKeys (ConfUtils.java:logGet(46)) - raft.server.leaderelection.leader.step-down.wait-time = 10s (default)
2023-05-04 21:54:24,364 [pool-167-thread-1] INFO  server.RaftServerConfigKeys (ConfUtils.java:logGet(46)) - raft.server.sleep.deviation.threshold = 300ms (default)
2023-05-04 21:54:24,364 [pool-167-thread-1] INFO  server.RaftServer$Division (ServerState.java:<init>(118)) - 6abe40d9-bbca-402e-938b-50fbed365dbf@group-BE813D0FF4B6: ConfigurationManager, init=-1: peers:[6abe40d9-bbca-402e-938b-50fbed365dbf|rpc:10.1.0.44:37731|dataStream:10.1.0.44:45795|priority:0|startupRole:FOLLOWER, dbf01856-92cd-4f2e-80e3-f7bd7f97e610|rpc:10.1.0.44:43433|dataStream:10.1.0.44:34049|priority:0|startupRole:FOLLOWER, 7b4a0121-e5ca-4a28-aa85-7db853fd0802|rpc:10.1.0.44:42349|dataStream:10.1.0.44:38943|priority:1|startupRole:FOLLOWER]|listeners:[], old=null, confs=<EMPTY_MAP>
2023-05-04 21:54:24,364 [pool-167-thread-1] INFO  server.RaftServerConfigKeys (ConfUtils.java:logGet(46)) - raft.server.storage.dir = [/home/runner/work/ozone/ozone/hadoop-ozone/integration-test/target/test-dir/MiniOzoneClusterImpl-52a188dd-66b8-45b2-ab7c-675c0ee04825/datanode-4/data/ratis] (custom)
2023-05-04 21:54:24,364 [pool-167-thread-1] INFO  server.RaftServerConfigKeys (ConfUtils.java:logGet(46)) - raft.server.log.corruption.policy = EXCEPTION (default)
2023-05-04 21:54:24,364 [pool-167-thread-1] INFO  server.RaftServerConfigKeys (ConfUtils.java:logGet(46)) - raft.server.storage.free-space.min = 0MB (=0) (default)
2023-05-04 21:54:24,365 [pool-167-thread-1] INFO  server.RaftServerConfigKeys (ConfUtils.java:logGet(46)) - raft.server.notification.no-leader.timeout = 300s (custom)
2023-05-04 21:54:24,365 [pool-167-thread-1] INFO  server.RaftServerConfigKeys (ConfUtils.java:logGet(46)) - raft.server.retrycache.expirytime = 600000ms (custom)
2023-05-04 21:54:24,365 [pool-167-thread-1] INFO  server.RaftServerConfigKeys (ConfUtils.java:logGet(46)) - raft.server.retrycache.statistics.expirytime = 100μs (default)
2023-05-04 21:54:24,366 [pool-167-thread-1] INFO  server.RaftServerConfigKeys (ConfUtils.java:logGet(46)) - raft.server.log.appender.install.snapshot.enabled = false (custom)
2023-05-04 21:54:24,366 [pool-167-thread-1] INFO  server.RaftServerConfigKeys (ConfUtils.java:logGet(46)) - raft.server.threadpool.server.cached = true (default)
2023-05-04 21:54:24,366 [pool-167-thread-1] INFO  server.RaftServerConfigKeys (ConfUtils.java:logGet(46)) - raft.server.threadpool.server.size = 0 (default)
2023-05-04 21:54:24,366 [pool-167-thread-1] INFO  server.RaftServerConfigKeys (ConfUtils.java:logGet(46)) - raft.server.threadpool.client.cached = true (default)
2023-05-04 21:54:24,366 [pool-167-thread-1] INFO  server.RaftServerConfigKeys (ConfUtils.java:logGet(46)) - raft.server.threadpool.client.size = 0 (default)
2023-05-04 21:54:24,367 [pool-167-thread-1] INFO  storage.RaftStorageDirectory (RaftStorageDirectoryImpl.java:analyzeStorage(137)) - The storage directory /home/runner/work/ozone/ozone/hadoop-ozone/integration-test/target/test-dir/MiniOzoneClusterImpl-52a188dd-66b8-45b2-ab7c-675c0ee04825/datanode-4/data/ratis/ed87ea7b-697b-4c50-bde4-be813d0ff4b6 does not exist. Creating ...
2023-05-04 21:54:24,368 [pool-167-thread-1] INFO  storage.RaftStorageDirectory (RaftStorageDirectoryImpl.java:tryLock(231)) - Lock on /home/runner/work/ozone/ozone/hadoop-ozone/integration-test/target/test-dir/MiniOzoneClusterImpl-52a188dd-66b8-45b2-ab7c-675c0ee04825/datanode-4/data/ratis/ed87ea7b-697b-4c50-bde4-be813d0ff4b6/in_use.lock acquired by nodename 25128@fv-az133-721
2023-05-04 21:54:24,369 [pool-167-thread-1] INFO  storage.RaftStorage (RaftStorageImpl.java:format(96)) - Storage directory /home/runner/work/ozone/ozone/hadoop-ozone/integration-test/target/test-dir/MiniOzoneClusterImpl-52a188dd-66b8-45b2-ab7c-675c0ee04825/datanode-4/data/ratis/ed87ea7b-697b-4c50-bde4-be813d0ff4b6 has been successfully formatted.
2023-05-04 21:54:24,369 [pool-167-thread-1] INFO  ratis.ContainerStateMachine (ContainerStateMachine.java:loadSnapshot(262)) - group-BE813D0FF4B6: The snapshot info is null. Setting the last applied indexto:(t:0, i:~)
2023-05-04 21:54:24,370 [pool-167-thread-1] INFO  server.RaftServerConfigKeys (ConfUtils.java:logGet(46)) - raft.server.log.use.memory = false (default)
2023-05-04 21:54:24,370 [pool-167-thread-1] INFO  server.RaftServerConfigKeys (ConfUtils.java:logGet(46)) - raft.server.log.purge.gap = 1000000 (custom)
2023-05-04 21:54:24,370 [pool-167-thread-1] INFO  server.RaftServerConfigKeys (ConfUtils.java:logGet(46)) - raft.server.log.appender.buffer.byte-limit = 33554432 (custom)
2023-05-04 21:54:24,370 [pool-167-thread-1] INFO  server.RaftServerConfigKeys (ConfUtils.java:logGet(46)) - raft.server.log.statemachine.data.read.timeout = 1000ms (default)
2023-05-04 21:54:24,370 [pool-167-thread-1] INFO  server.RaftServerConfigKeys (ConfUtils.java:logGet(46)) - raft.server.log.purge.preservation.log.num = 0 (default)
2023-05-04 21:54:24,370 [pool-167-thread-1] INFO  server.RaftServerConfigKeys (ConfUtils.java:logGet(46)) - raft.server.log.segment.size.max = 1048576 (custom)
2023-05-04 21:54:24,371 [pool-167-thread-1] INFO  server.RaftServerConfigKeys (ConfUtils.java:logGet(46)) - raft.server.log.segment.cache.num.max = 2 (custom)
2023-05-04 21:54:24,371 [pool-167-thread-1] INFO  server.RaftServerConfigKeys (ConfUtils.java:logGet(46)) - raft.server.log.segment.cache.size.max = 200MB (=209715200) (default)
2023-05-04 21:54:24,371 [pool-167-thread-1] INFO  segmented.SegmentedRaftLogWorker (SegmentedRaftLogWorker.java:<init>(189)) - new 6abe40d9-bbca-402e-938b-50fbed365dbf@group-BE813D0FF4B6-SegmentedRaftLogWorker for RaftStorageImpl:Storage Directory /home/runner/work/ozone/ozone/hadoop-ozone/integration-test/target/test-dir/MiniOzoneClusterImpl-52a188dd-66b8-45b2-ab7c-675c0ee04825/datanode-4/data/ratis/ed87ea7b-697b-4c50-bde4-be813d0ff4b6
2023-05-04 21:54:24,371 [pool-167-thread-1] INFO  server.RaftServerConfigKeys (ConfUtils.java:logGet(46)) - raft.server.log.queue.byte-limit = 4294967296 (custom)
2023-05-04 21:54:24,371 [pool-167-thread-1] INFO  server.RaftServerConfigKeys (ConfUtils.java:logGet(46)) - raft.server.log.queue.element-limit = 1024 (custom)
2023-05-04 21:54:24,371 [pool-167-thread-1] INFO  server.RaftServerConfigKeys (ConfUtils.java:logGet(46)) - raft.server.log.segment.size.max = 1048576 (custom)
2023-05-04 21:54:24,371 [pool-167-thread-1] INFO  server.RaftServerConfigKeys (ConfUtils.java:logGet(46)) - raft.server.log.preallocated.size = 16384 (custom)
2023-05-04 21:54:24,371 [pool-167-thread-1] INFO  server.RaftServerConfigKeys (ConfUtils.java:logGet(46)) - raft.server.log.force.sync.num = 128 (default)
2023-05-04 21:54:24,371 [pool-167-thread-1] INFO  server.RaftServerConfigKeys (ConfUtils.java:logGet(46)) - raft.server.log.statemachine.data.sync = true (default)
2023-05-04 21:54:24,371 [pool-167-thread-1] INFO  server.RaftServerConfigKeys (ConfUtils.java:logGet(46)) - raft.server.log.statemachine.data.sync.timeout = 10s (default)
2023-05-04 21:54:24,371 [pool-167-thread-1] INFO  server.RaftServerConfigKeys (ConfUtils.java:logGet(46)) - raft.server.log.statemachine.data.sync.timeout.retry = -1 (default)
2023-05-04 21:54:24,372 [EventQueue-OpenPipelineForHealthyPipelineSafeModeRule] INFO  safemode.SCMSafeModeManager (HealthyPipelineSafeModeRule.java:process(137)) - SCM in safe mode. Healthy pipelines reported count is 0, required healthy pipeline reported count is 1
2023-05-04 21:54:24,372 [pool-167-thread-1] INFO  server.RaftServerConfigKeys (ConfUtils.java:logGet(46)) - raft.server.log.write.buffer.size = 1048576 (custom)
2023-05-04 21:54:24,373 [pool-167-thread-1] INFO  server.RaftServerConfigKeys (ConfUtils.java:logGet(46)) - raft.server.log.appender.buffer.byte-limit = 33554432 (custom)
2023-05-04 21:54:24,385 [pool-167-thread-1] INFO  server.RaftServerConfigKeys (ConfUtils.java:logGet(46)) - raft.server.log.unsafe-flush.enabled = false (default)
2023-05-04 21:54:24,386 [pool-167-thread-1] INFO  server.RaftServerConfigKeys (ConfUtils.java:logGet(46)) - raft.server.log.async-flush.enabled = false (default)
2023-05-04 21:54:24,386 [pool-167-thread-1] INFO  server.RaftServerConfigKeys (ConfUtils.java:logGet(46)) - raft.server.log.statemachine.data.caching.enabled = true (custom)
2023-05-04 21:54:24,386 [Command processor thread] INFO  commandhandler.CreatePipelineCommandHandler (CreatePipelineCommandHandler.java:handle(113)) - Created Pipeline RATIS THREE PipelineID=cb955eb6-0ea1-48aa-b3bb-1d4c41826dfe.
2023-05-04 21:54:24,386 [pool-167-thread-1] INFO  segmented.SegmentedRaftLogWorker (SegmentedRaftLogWorker.java:lambda$new$0(135)) - 6abe40d9-bbca-402e-938b-50fbed365dbf@group-BE813D0FF4B6-SegmentedRaftLogWorker: flushIndex: setUnconditionally 0 -> -1
2023-05-04 21:54:24,386 [pool-167-thread-1] INFO  segmented.SegmentedRaftLogWorker (SegmentedRaftLogWorker.java:lambda$new$0(135)) - 6abe40d9-bbca-402e-938b-50fbed365dbf@group-BE813D0FF4B6-SegmentedRaftLogWorker: safeCacheEvictIndex: setUnconditionally 0 -> -1
2023-05-04 21:54:24,386 [Command processor thread] INFO  server.RaftServer (RaftServerProxy.java:addNew(96)) - 7b4a0121-e5ca-4a28-aa85-7db853fd0802: addNew group-BE813D0FF4B6:[6abe40d9-bbca-402e-938b-50fbed365dbf|rpc:10.1.0.44:37731|dataStream:10.1.0.44:45795|priority:0|startupRole:FOLLOWER, dbf01856-92cd-4f2e-80e3-f7bd7f97e610|rpc:10.1.0.44:43433|dataStream:10.1.0.44:34049|priority:0|startupRole:FOLLOWER, 7b4a0121-e5ca-4a28-aa85-7db853fd0802|rpc:10.1.0.44:42349|dataStream:10.1.0.44:38943|priority:1|startupRole:FOLLOWER] returns group-BE813D0FF4B6:java.util.concurrent.CompletableFuture@79936b69[Not completed]
2023-05-04 21:54:24,386 [pool-167-thread-1] INFO  server.RaftServer$Division (RaftServerImpl.java:start(334)) - 6abe40d9-bbca-402e-938b-50fbed365dbf@group-BE813D0FF4B6: start as a follower, conf=-1: peers:[6abe40d9-bbca-402e-938b-50fbed365dbf|rpc:10.1.0.44:37731|dataStream:10.1.0.44:45795|priority:0|startupRole:FOLLOWER, dbf01856-92cd-4f2e-80e3-f7bd7f97e610|rpc:10.1.0.44:43433|dataStream:10.1.0.44:34049|priority:0|startupRole:FOLLOWER, 7b4a0121-e5ca-4a28-aa85-7db853fd0802|rpc:10.1.0.44:42349|dataStream:10.1.0.44:38943|priority:1|startupRole:FOLLOWER]|listeners:[], old=null
2023-05-04 21:54:24,386 [pool-167-thread-1] INFO  server.RaftServer$Division (RaftServerImpl.java:setRole(321)) - 6abe40d9-bbca-402e-938b-50fbed365dbf@group-BE813D0FF4B6: changes role from      null to FOLLOWER at term 0 for startAsFollower
2023-05-04 21:54:24,386 [pool-167-thread-1] INFO  impl.RoleInfo (RoleInfo.java:updateAndGet(139)) - 6abe40d9-bbca-402e-938b-50fbed365dbf: start 6abe40d9-bbca-402e-938b-50fbed365dbf@group-BE813D0FF4B6-FollowerState
2023-05-04 21:54:24,387 [pool-167-thread-1] INFO  util.JmxRegister (JmxRegister.java:tryRegister(44)) - Successfully registered JMX Bean with object name Ratis:service=RaftServer,group=group-BE813D0FF4B6,id=6abe40d9-bbca-402e-938b-50fbed365dbf
2023-05-04 21:54:24,387 [pool-167-thread-1] INFO  server.RaftServerConfigKeys (ConfUtils.java:logGet(46)) - raft.server.snapshot.auto.trigger.enabled = true (custom)
2023-05-04 21:54:24,387 [pool-167-thread-1] INFO  server.RaftServerConfigKeys (ConfUtils.java:logGet(46)) - raft.server.snapshot.auto.trigger.threshold = 10000 (custom)
2023-05-04 21:54:24,387 [pool-167-thread-1] INFO  server.RaftServerConfigKeys (ConfUtils.java:logGet(46)) - raft.server.snapshot.retention.file.num = 5 (custom)
2023-05-04 21:54:24,387 [pool-167-thread-1] INFO  server.RaftServerConfigKeys (ConfUtils.java:logGet(46)) - raft.server.log.purge.upto.snapshot.index = false (default)
2023-05-04 21:54:24,387 [pool-145-thread-1] INFO  server.RaftServer$Division (RaftServerImpl.java:<init>(195)) - 7b4a0121-e5ca-4a28-aa85-7db853fd0802: new RaftServerImpl for group-BE813D0FF4B6:[6abe40d9-bbca-402e-938b-50fbed365dbf|rpc:10.1.0.44:37731|dataStream:10.1.0.44:45795|priority:0|startupRole:FOLLOWER, dbf01856-92cd-4f2e-80e3-f7bd7f97e610|rpc:10.1.0.44:43433|dataStream:10.1.0.44:34049|priority:0|startupRole:FOLLOWER, 7b4a0121-e5ca-4a28-aa85-7db853fd0802|rpc:10.1.0.44:42349|dataStream:10.1.0.44:38943|priority:1|startupRole:FOLLOWER] with ContainerStateMachine:uninitialized
2023-05-04 21:54:24,387 [pool-145-thread-1] INFO  server.RaftServerConfigKeys (ConfUtils.java:logGet(46)) - raft.server.rpc.timeout.min = 5s (custom)
2023-05-04 21:54:24,388 [pool-145-thread-1] INFO  server.RaftServerConfigKeys (ConfUtils.java:logGet(46)) - raft.server.rpc.timeout.max = 5200ms (custom)
2023-05-04 21:54:24,388 [pool-145-thread-1] INFO  server.RaftServerConfigKeys (ConfUtils.java:logGet(46)) - raft.server.rpc.sleep.time = 25ms (default)
2023-05-04 21:54:24,388 [pool-145-thread-1] INFO  server.RaftServerConfigKeys (ConfUtils.java:logGet(46)) - raft.server.rpc.slowness.timeout = 300s (custom)
2023-05-04 21:54:24,761 [pool-145-thread-1] INFO  server.RaftServerConfigKeys (ConfUtils.java:logGet(46)) - raft.server.leaderelection.leader.step-down.wait-time = 10s (default)
2023-05-04 21:54:24,761 [pool-145-thread-1] INFO  server.RaftServerConfigKeys (ConfUtils.java:logGet(46)) - raft.server.sleep.deviation.threshold = 300ms (default)
2023-05-04 21:54:24,761 [Command processor thread] INFO  server.RaftServer (RaftServerProxy.java:addNew(96)) - dbf01856-92cd-4f2e-80e3-f7bd7f97e610: addNew group-4CB65B1C195F:[dbf01856-92cd-4f2e-80e3-f7bd7f97e610|rpc:10.1.0.44:43433|dataStream:10.1.0.44:34049|priority:1|startupRole:FOLLOWER] returns group-4CB65B1C195F:java.util.concurrent.CompletableFuture@271b1ac4[Not completed]
2023-05-04 21:54:24,388 [Command processor thread] INFO  ratis.XceiverServerRatis (XceiverServerRatis.java:addGroup(806)) - Created group PipelineID=ed87ea7b-697b-4c50-bde4-be813d0ff4b6
2023-05-04 21:54:24,762 [6abe40d9-bbca-402e-938b-50fbed365dbf@group-BE813D0FF4B6-FollowerState] INFO  server.RaftServerConfigKeys (ConfUtils.java:logFallback(53)) - raft.server.rpc.first-election.timeout.min = 5s (fallback to raft.server.rpc.timeout.min)
2023-05-04 21:54:24,762 [6abe40d9-bbca-402e-938b-50fbed365dbf@group-BE813D0FF4B6-FollowerState] INFO  server.RaftServerConfigKeys (ConfUtils.java:logFallback(53)) - raft.server.rpc.first-election.timeout.max = 5200ms (fallback to raft.server.rpc.timeout.max)
2023-05-04 21:54:24,763 [pool-189-thread-1] INFO  server.RaftServer$Division (RaftServerImpl.java:<init>(195)) - dbf01856-92cd-4f2e-80e3-f7bd7f97e610: new RaftServerImpl for group-4CB65B1C195F:[dbf01856-92cd-4f2e-80e3-f7bd7f97e610|rpc:10.1.0.44:43433|dataStream:10.1.0.44:34049|priority:1|startupRole:FOLLOWER] with ContainerStateMachine:uninitialized
2023-05-04 21:54:24,763 [pool-189-thread-1] INFO  server.RaftServerConfigKeys (ConfUtils.java:logGet(46)) - raft.server.rpc.timeout.min = 5s (custom)
2023-05-04 21:54:24,763 [pool-189-thread-1] INFO  server.RaftServerConfigKeys (ConfUtils.java:logGet(46)) - raft.server.rpc.timeout.max = 5200ms (custom)
2023-05-04 21:54:24,763 [pool-189-thread-1] INFO  server.RaftServerConfigKeys (ConfUtils.java:logGet(46)) - raft.server.rpc.sleep.time = 25ms (default)
2023-05-04 21:54:24,763 [pool-189-thread-1] INFO  server.RaftServerConfigKeys (ConfUtils.java:logGet(46)) - raft.server.rpc.slowness.timeout = 300s (custom)
2023-05-04 21:54:24,763 [pool-189-thread-1] INFO  server.RaftServerConfigKeys (ConfUtils.java:logGet(46)) - raft.server.leaderelection.leader.step-down.wait-time = 10s (default)
2023-05-04 21:54:24,763 [pool-189-thread-1] INFO  server.RaftServerConfigKeys (ConfUtils.java:logGet(46)) - raft.server.sleep.deviation.threshold = 300ms (default)
2023-05-04 21:54:24,763 [pool-189-thread-1] INFO  server.RaftServer$Division (ServerState.java:<init>(118)) - dbf01856-92cd-4f2e-80e3-f7bd7f97e610@group-4CB65B1C195F: ConfigurationManager, init=-1: peers:[dbf01856-92cd-4f2e-80e3-f7bd7f97e610|rpc:10.1.0.44:43433|dataStream:10.1.0.44:34049|priority:1|startupRole:FOLLOWER]|listeners:[], old=null, confs=<EMPTY_MAP>
2023-05-04 21:54:24,763 [pool-189-thread-1] INFO  server.RaftServerConfigKeys (ConfUtils.java:logGet(46)) - raft.server.storage.dir = [/home/runner/work/ozone/ozone/hadoop-ozone/integration-test/target/test-dir/MiniOzoneClusterImpl-52a188dd-66b8-45b2-ab7c-675c0ee04825/datanode-5/data/ratis] (custom)
2023-05-04 21:54:24,764 [pool-189-thread-1] INFO  server.RaftServerConfigKeys (ConfUtils.java:logGet(46)) - raft.server.log.corruption.policy = EXCEPTION (default)
2023-05-04 21:54:24,764 [pool-189-thread-1] INFO  server.RaftServerConfigKeys (ConfUtils.java:logGet(46)) - raft.server.storage.free-space.min = 0MB (=0) (default)
2023-05-04 21:54:24,764 [pool-189-thread-1] INFO  server.RaftServerConfigKeys (ConfUtils.java:logGet(46)) - raft.server.notification.no-leader.timeout = 300s (custom)
2023-05-04 21:54:24,764 [pool-189-thread-1] INFO  server.RaftServerConfigKeys (ConfUtils.java:logGet(46)) - raft.server.retrycache.expirytime = 600000ms (custom)
2023-05-04 21:54:24,764 [pool-189-thread-1] INFO  server.RaftServerConfigKeys (ConfUtils.java:logGet(46)) - raft.server.retrycache.statistics.expirytime = 100μs (default)
2023-05-04 21:54:24,766 [JvmPauseMonitor9] WARN  util.JvmPauseMonitor (JvmPauseMonitor.java:detectPause(126)) - JvmPauseMonitor-4c10edfb-6769-4396-b189-3c3a2dc734f1: Detected pause in JVM or host machine (eg GC): pause of approximately 106993855ns.
GC pool 'PS MarkSweep' had collection(s): count=1 time=246ms
GC pool 'PS Scavenge' had collection(s): count=1 time=123ms
2023-05-04 21:54:24,766 [JvmPauseMonitor14] WARN  util.JvmPauseMonitor (JvmPauseMonitor.java:detectPause(126)) - JvmPauseMonitor-4af14e23-4e43-4125-a3fa-4a46f775551c: Detected pause in JVM or host machine (eg GC): pause of approximately 158688206ns.
GC pool 'PS MarkSweep' had collection(s): count=1 time=246ms
GC pool 'PS Scavenge' had collection(s): count=1 time=123ms
2023-05-04 21:54:24,766 [JvmPauseMonitor3] WARN  util.JvmPauseMonitor (JvmPauseMonitor.java:detectPause(126)) - JvmPauseMonitor-4af07dde-7c26-4e14-912a-ab8f17b2e80e: Detected pause in JVM or host machine (eg GC): pause of approximately 164961372ns.
GC pool 'PS MarkSweep' had collection(s): count=1 time=246ms
GC pool 'PS Scavenge' had collection(s): count=1 time=123ms
2023-05-04 21:54:24,767 [JvmPauseMonitor13] WARN  util.JvmPauseMonitor (JvmPauseMonitor.java:detectPause(126)) - JvmPauseMonitor-1cc39e43-a1b8-4aca-9e03-172752381d1e: Detected pause in JVM or host machine (eg GC): pause of approximately 203041477ns.
GC pool 'PS MarkSweep' had collection(s): count=1 time=246ms
GC pool 'PS Scavenge' had collection(s): count=1 time=123ms
2023-05-04 21:54:24,767 [pool-189-thread-1] INFO  server.RaftServerConfigKeys (ConfUtils.java:logGet(46)) - raft.server.log.appender.install.snapshot.enabled = false (custom)
2023-05-04 21:54:24,767 [pool-189-thread-1] INFO  server.RaftServerConfigKeys (ConfUtils.java:logGet(46)) - raft.server.threadpool.server.cached = true (default)
2023-05-04 21:54:24,767 [JvmPauseMonitor10] WARN  util.JvmPauseMonitor (JvmPauseMonitor.java:detectPause(126)) - JvmPauseMonitor-d5196681-af95-4a59-85a9-5a8fb94dede6: Detected pause in JVM or host machine (eg GC): pause of approximately 206255611ns.
GC pool 'PS MarkSweep' had collection(s): count=1 time=246ms
GC pool 'PS Scavenge' had collection(s): count=1 time=123ms
2023-05-04 21:54:24,761 [pool-145-thread-1] INFO  server.RaftServer$Division (ServerState.java:<init>(118)) - 7b4a0121-e5ca-4a28-aa85-7db853fd0802@group-BE813D0FF4B6: ConfigurationManager, init=-1: peers:[6abe40d9-bbca-402e-938b-50fbed365dbf|rpc:10.1.0.44:37731|dataStream:10.1.0.44:45795|priority:0|startupRole:FOLLOWER, dbf01856-92cd-4f2e-80e3-f7bd7f97e610|rpc:10.1.0.44:43433|dataStream:10.1.0.44:34049|priority:0|startupRole:FOLLOWER, 7b4a0121-e5ca-4a28-aa85-7db853fd0802|rpc:10.1.0.44:42349|dataStream:10.1.0.44:38943|priority:1|startupRole:FOLLOWER]|listeners:[], old=null, confs=<EMPTY_MAP>
2023-05-04 21:54:24,789 [pool-145-thread-1] INFO  server.RaftServerConfigKeys (ConfUtils.java:logGet(46)) - raft.server.storage.dir = [/home/runner/work/ozone/ozone/hadoop-ozone/integration-test/target/test-dir/MiniOzoneClusterImpl-52a188dd-66b8-45b2-ab7c-675c0ee04825/datanode-3/data/ratis] (custom)
2023-05-04 21:54:24,789 [pool-145-thread-1] INFO  server.RaftServerConfigKeys (ConfUtils.java:logGet(46)) - raft.server.log.corruption.policy = EXCEPTION (default)
2023-05-04 21:54:24,789 [pool-145-thread-1] INFO  server.RaftServerConfigKeys (ConfUtils.java:logGet(46)) - raft.server.storage.free-space.min = 0MB (=0) (default)
2023-05-04 21:54:24,789 [pool-145-thread-1] INFO  server.RaftServerConfigKeys (ConfUtils.java:logGet(46)) - raft.server.notification.no-leader.timeout = 300s (custom)
2023-05-04 21:54:24,789 [pool-145-thread-1] INFO  server.RaftServerConfigKeys (ConfUtils.java:logGet(46)) - raft.server.retrycache.expirytime = 600000ms (custom)
2023-05-04 21:54:24,789 [pool-145-thread-1] INFO  server.RaftServerConfigKeys (ConfUtils.java:logGet(46)) - raft.server.retrycache.statistics.expirytime = 100μs (default)
2023-05-04 21:54:24,791 [pool-145-thread-1] INFO  server.RaftServerConfigKeys (ConfUtils.java:logGet(46)) - raft.server.log.appender.install.snapshot.enabled = false (custom)
2023-05-04 21:54:24,791 [pool-145-thread-1] INFO  server.RaftServerConfigKeys (ConfUtils.java:logGet(46)) - raft.server.threadpool.server.cached = true (default)
2023-05-04 21:54:24,791 [pool-145-thread-1] INFO  server.RaftServerConfigKeys (ConfUtils.java:logGet(46)) - raft.server.threadpool.server.size = 0 (default)
2023-05-04 21:54:24,791 [pool-145-thread-1] INFO  server.RaftServerConfigKeys (ConfUtils.java:logGet(46)) - raft.server.threadpool.client.cached = true (default)
2023-05-04 21:54:24,791 [pool-145-thread-1] INFO  server.RaftServerConfigKeys (ConfUtils.java:logGet(46)) - raft.server.threadpool.client.size = 0 (default)
2023-05-04 21:54:24,791 [pool-145-thread-1] INFO  storage.RaftStorageDirectory (RaftStorageDirectoryImpl.java:analyzeStorage(137)) - The storage directory /home/runner/work/ozone/ozone/hadoop-ozone/integration-test/target/test-dir/MiniOzoneClusterImpl-52a188dd-66b8-45b2-ab7c-675c0ee04825/datanode-3/data/ratis/ed87ea7b-697b-4c50-bde4-be813d0ff4b6 does not exist. Creating ...
2023-05-04 21:54:24,782 [JvmPauseMonitor8] WARN  util.JvmPauseMonitor (JvmPauseMonitor.java:detectPause(126)) - JvmPauseMonitor-9dbc72e3-9cc3-404d-a7a0-986f3a32b37f: Detected pause in JVM or host machine (eg GC): pause of approximately 270911699ns.
GC pool 'PS MarkSweep' had collection(s): count=1 time=246ms
GC pool 'PS Scavenge' had collection(s): count=1 time=123ms
2023-05-04 21:54:24,782 [JvmPauseMonitor7] WARN  util.JvmPauseMonitor (JvmPauseMonitor.java:detectPause(126)) - JvmPauseMonitor-7a25d7ac-269f-485a-96a1-a3fbc0da93f8: Detected pause in JVM or host machine (eg GC): pause of approximately 273677329ns.
GC pool 'PS MarkSweep' had collection(s): count=1 time=246ms
GC pool 'PS Scavenge' had collection(s): count=1 time=123ms
2023-05-04 21:54:24,782 [JvmPauseMonitor6] WARN  util.JvmPauseMonitor (JvmPauseMonitor.java:detectPause(126)) - JvmPauseMonitor-dbf01856-92cd-4f2e-80e3-f7bd7f97e610: Detected pause in JVM or host machine (eg GC): pause of approximately 274758440ns.
GC pool 'PS MarkSweep' had collection(s): count=1 time=246ms
GC pool 'PS Scavenge' had collection(s): count=1 time=123ms
2023-05-04 21:54:24,777 [JvmPauseMonitor4] WARN  util.JvmPauseMonitor (JvmPauseMonitor.java:detectPause(126)) - JvmPauseMonitor-7b4a0121-e5ca-4a28-aa85-7db853fd0802: Detected pause in JVM or host machine (eg GC): pause of approximately 283825137ns.
GC pool 'PS MarkSweep' had collection(s): count=1 time=246ms
GC pool 'PS Scavenge' had collection(s): count=1 time=123ms
2023-05-04 21:54:24,777 [Listener at 127.0.0.1/45425] INFO  ozone.MiniOzoneClusterImpl (MiniOzoneClusterImpl.java:lambda$waitForClusterToBeReady$0(223)) - Waiting for nodes to be ready. Got 11 of 14 DN Heartbeats.
2023-05-04 21:54:24,796 [Listener at 127.0.0.1/45425] INFO  ozone.MiniOzoneClusterImpl (MiniOzoneClusterImpl.java:lambda$waitForClusterToBeReady$0(226)) - Waiting for cluster to exit safe mode
2023-05-04 21:54:24,796 [Listener at 127.0.0.1/45425] INFO  ozone.MiniOzoneClusterImpl (MiniOzoneClusterImpl.java:lambda$waitForClusterToBeReady$0(228)) - SCM became leader
2023-05-04 21:54:24,773 [JvmPauseMonitor5] WARN  util.JvmPauseMonitor (JvmPauseMonitor.java:detectPause(126)) - JvmPauseMonitor-6abe40d9-bbca-402e-938b-50fbed365dbf: Detected pause in JVM or host machine (eg GC): pause of approximately 275461747ns.
GC pool 'PS MarkSweep' had collection(s): count=1 time=246ms
GC pool 'PS Scavenge' had collection(s): count=1 time=123ms
2023-05-04 21:54:24,773 [JvmPauseMonitor12] WARN  util.JvmPauseMonitor (JvmPauseMonitor.java:detectPause(126)) - JvmPauseMonitor-ba9b7234-19ea-40e1-bb60-95fa157c93f0: Detected pause in JVM or host machine (eg GC): pause of approximately 274525838ns.
GC pool 'PS MarkSweep' had collection(s): count=1 time=246ms
GC pool 'PS Scavenge' had collection(s): count=1 time=123ms
2023-05-04 21:54:24,773 [JvmPauseMonitor0] WARN  util.JvmPauseMonitor (JvmPauseMonitor.java:detectPause(126)) - JvmPauseMonitor-om1: Detected pause in JVM or host machine (eg GC): pause of approximately 274600738ns.
GC pool 'PS MarkSweep' had collection(s): count=1 time=246ms
GC pool 'PS Scavenge' had collection(s): count=1 time=123ms
2023-05-04 21:54:24,773 [JvmPauseMonitor1] WARN  util.JvmPauseMonitor (JvmPauseMonitor.java:detectPause(126)) - JvmPauseMonitor-e0862bec-a8bd-48ad-a9f8-bef0c155c835: Detected pause in JVM or host machine (eg GC): pause of approximately 274173933ns.
GC pool 'PS MarkSweep' had collection(s): count=1 time=246ms
GC pool 'PS Scavenge' had collection(s): count=1 time=123ms
2023-05-04 21:54:24,770 [JvmPauseMonitor11] WARN  util.JvmPauseMonitor (JvmPauseMonitor.java:detectPause(126)) - JvmPauseMonitor-0362f5ef-3c15-4b85-bfd5-7911b45f7638: Detected pause in JVM or host machine (eg GC): pause of approximately 248517961ns.
GC pool 'PS MarkSweep' had collection(s): count=1 time=246ms
GC pool 'PS Scavenge' had collection(s): count=1 time=123ms
2023-05-04 21:54:24,767 [pool-189-thread-1] INFO  server.RaftServerConfigKeys (ConfUtils.java:logGet(46)) - raft.server.threadpool.server.size = 0 (default)
2023-05-04 21:54:24,796 [pool-189-thread-1] INFO  server.RaftServerConfigKeys (ConfUtils.java:logGet(46)) - raft.server.threadpool.client.cached = true (default)
2023-05-04 21:54:24,796 [pool-189-thread-1] INFO  server.RaftServerConfigKeys (ConfUtils.java:logGet(46)) - raft.server.threadpool.client.size = 0 (default)
2023-05-04 21:54:24,796 [IPC Server handler 4 on default port 35509] INFO  net.NetworkTopologyImpl (NetworkTopologyImpl.java:add(112)) - Added a new node: /default-rack/ba9b7234-19ea-40e1-bb60-95fa157c93f0
2023-05-04 21:54:24,796 [pool-189-thread-1] INFO  storage.RaftStorageDirectory (RaftStorageDirectoryImpl.java:analyzeStorage(137)) - The storage directory /home/runner/work/ozone/ozone/hadoop-ozone/integration-test/target/test-dir/MiniOzoneClusterImpl-52a188dd-66b8-45b2-ab7c-675c0ee04825/datanode-5/data/ratis/87f2b2d3-4272-44b5-afda-4cb65b1c195f does not exist. Creating ...
2023-05-04 21:54:24,797 [IPC Server handler 4 on default port 35509] INFO  node.SCMNodeManager (SCMNodeManager.java:register(407)) - Registered Data node : ba9b7234-19ea-40e1-bb60-95fa157c93f0{ip: 10.1.0.44, host: fv-az133-721.yhipumr4050edinzmvad0xeera.cx.internal.cloudapp.net, ports: [HTTP=43489, REPLICATION=35599, RATIS=37815, RATIS_ADMIN=37815, RATIS_SERVER=37815, RATIS_DATASTREAM=46499, STANDALONE=45825], networkLocation: /default-rack, certSerialId: null, persistedOpState: null, persistedOpStateExpiryEpochSec: 0}
2023-05-04 21:54:24,797 [EventQueue-NewNodeForNewNodeHandler] INFO  pipeline.BackgroundPipelineCreator (BackgroundPipelineCreator.java:notifyEventTriggered(276)) - trigger a one-shot run on RatisPipelineUtilsThread.
2023-05-04 21:54:24,795 [pool-145-thread-1] INFO  storage.RaftStorageDirectory (RaftStorageDirectoryImpl.java:tryLock(231)) - Lock on /home/runner/work/ozone/ozone/hadoop-ozone/integration-test/target/test-dir/MiniOzoneClusterImpl-52a188dd-66b8-45b2-ab7c-675c0ee04825/datanode-3/data/ratis/ed87ea7b-697b-4c50-bde4-be813d0ff4b6/in_use.lock acquired by nodename 25128@fv-az133-721
2023-05-04 21:54:24,797 [RatisPipelineUtilsThread - 0] INFO  pipeline.RatisPipelineProvider (RatisPipelineProvider.java:lambda$create$0(206)) - Sending CreatePipelineCommand for pipeline:PipelineID=53d66a2a-53bb-495a-9bd6-11a6ef8c8da7 to datanode:ba9b7234-19ea-40e1-bb60-95fa157c93f0
2023-05-04 21:54:24,798 [RatisPipelineUtilsThread - 0] INFO  pipeline.PipelineStateManagerImpl (PipelineStateManagerImpl.java:addPipeline(103)) - Created pipeline Pipeline[ Id: 53d66a2a-53bb-495a-9bd6-11a6ef8c8da7, Nodes: ba9b7234-19ea-40e1-bb60-95fa157c93f0(fv-az133-721.yhipumr4050edinzmvad0xeera.cx.internal.cloudapp.net/10.1.0.44), ReplicationConfig: RATIS/ONE, State:ALLOCATED, leaderId:, CreationTimestamp2023-05-04T21:54:24.797Z[Etc/UTC]].
2023-05-04 21:54:24,798 [pool-145-thread-1] INFO  storage.RaftStorage (RaftStorageImpl.java:format(96)) - Storage directory /home/runner/work/ozone/ozone/hadoop-ozone/integration-test/target/test-dir/MiniOzoneClusterImpl-52a188dd-66b8-45b2-ab7c-675c0ee04825/datanode-3/data/ratis/ed87ea7b-697b-4c50-bde4-be813d0ff4b6 has been successfully formatted.
2023-05-04 21:54:24,799 [RatisPipelineUtilsThread - 0] INFO  pipeline.RatisPipelineProvider (RatisPipelineProvider.java:lambda$create$0(206)) - Sending CreatePipelineCommand for pipeline:PipelineID=0e3370fe-c4c0-46f5-a960-ce2ccfcecae7 to datanode:0362f5ef-3c15-4b85-bfd5-7911b45f7638
2023-05-04 21:54:24,799 [RatisPipelineUtilsThread - 0] INFO  pipeline.RatisPipelineProvider (RatisPipelineProvider.java:lambda$create$0(206)) - Sending CreatePipelineCommand for pipeline:PipelineID=0e3370fe-c4c0-46f5-a960-ce2ccfcecae7 to datanode:ba9b7234-19ea-40e1-bb60-95fa157c93f0
2023-05-04 21:54:24,799 [RatisPipelineUtilsThread - 0] INFO  pipeline.RatisPipelineProvider (RatisPipelineProvider.java:lambda$create$0(206)) - Sending CreatePipelineCommand for pipeline:PipelineID=0e3370fe-c4c0-46f5-a960-ce2ccfcecae7 to datanode:d5196681-af95-4a59-85a9-5a8fb94dede6
2023-05-04 21:54:24,800 [RatisPipelineUtilsThread - 0] INFO  pipeline.PipelineStateManagerImpl (PipelineStateManagerImpl.java:addPipeline(103)) - Created pipeline Pipeline[ Id: 0e3370fe-c4c0-46f5-a960-ce2ccfcecae7, Nodes: 0362f5ef-3c15-4b85-bfd5-7911b45f7638(fv-az133-721.yhipumr4050edinzmvad0xeera.cx.internal.cloudapp.net/10.1.0.44)ba9b7234-19ea-40e1-bb60-95fa157c93f0(fv-az133-721.yhipumr4050edinzmvad0xeera.cx.internal.cloudapp.net/10.1.0.44)d5196681-af95-4a59-85a9-5a8fb94dede6(fv-az133-721.yhipumr4050edinzmvad0xeera.cx.internal.cloudapp.net/10.1.0.44), ReplicationConfig: RATIS/THREE, State:ALLOCATED, leaderId:, CreationTimestamp2023-05-04T21:54:24.799Z[Etc/UTC]].
2023-05-04 21:54:24,800 [pool-145-thread-1] INFO  ratis.ContainerStateMachine (ContainerStateMachine.java:loadSnapshot(262)) - group-BE813D0FF4B6: The snapshot info is null. Setting the last applied indexto:(t:0, i:~)
2023-05-04 21:54:24,801 [pool-145-thread-1] INFO  server.RaftServerConfigKeys (ConfUtils.java:logGet(46)) - raft.server.log.use.memory = false (default)
2023-05-04 21:54:24,801 [pool-145-thread-1] INFO  server.RaftServerConfigKeys (ConfUtils.java:logGet(46)) - raft.server.log.purge.gap = 1000000 (custom)
2023-05-04 21:54:24,801 [pool-145-thread-1] INFO  server.RaftServerConfigKeys (ConfUtils.java:logGet(46)) - raft.server.log.appender.buffer.byte-limit = 33554432 (custom)
2023-05-04 21:54:24,801 [pool-145-thread-1] INFO  server.RaftServerConfigKeys (ConfUtils.java:logGet(46)) - raft.server.log.statemachine.data.read.timeout = 1000ms (default)
2023-05-04 21:54:24,801 [pool-145-thread-1] INFO  server.RaftServerConfigKeys (ConfUtils.java:logGet(46)) - raft.server.log.purge.preservation.log.num = 0 (default)
2023-05-04 21:54:24,801 [pool-145-thread-1] INFO  server.RaftServerConfigKeys (ConfUtils.java:logGet(46)) - raft.server.log.segment.size.max = 1048576 (custom)
2023-05-04 21:54:24,802 [EventQueue-OpenPipelineForHealthyPipelineSafeModeRule] INFO  safemode.SCMSafeModeManager (HealthyPipelineSafeModeRule.java:process(137)) - SCM in safe mode. Healthy pipelines reported count is 0, required healthy pipeline reported count is 1
2023-05-04 21:54:24,802 [pool-145-thread-1] INFO  server.RaftServerConfigKeys (ConfUtils.java:logGet(46)) - raft.server.log.segment.cache.num.max = 2 (custom)
2023-05-04 21:54:24,802 [pool-189-thread-1] INFO  storage.RaftStorageDirectory (RaftStorageDirectoryImpl.java:tryLock(231)) - Lock on /home/runner/work/ozone/ozone/hadoop-ozone/integration-test/target/test-dir/MiniOzoneClusterImpl-52a188dd-66b8-45b2-ab7c-675c0ee04825/datanode-5/data/ratis/87f2b2d3-4272-44b5-afda-4cb65b1c195f/in_use.lock acquired by nodename 25128@fv-az133-721
2023-05-04 21:54:24,803 [RatisPipelineUtilsThread - 0] INFO  pipeline.RatisPipelineProvider (RatisPipelineProvider.java:lambda$create$0(206)) - Sending CreatePipelineCommand for pipeline:PipelineID=7293fd01-d28b-4e50-8824-9f854cf4774f to datanode:d5196681-af95-4a59-85a9-5a8fb94dede6
2023-05-04 21:54:24,802 [pool-145-thread-1] INFO  server.RaftServerConfigKeys (ConfUtils.java:logGet(46)) - raft.server.log.segment.cache.size.max = 200MB (=209715200) (default)
2023-05-04 21:54:24,803 [pool-145-thread-1] INFO  segmented.SegmentedRaftLogWorker (SegmentedRaftLogWorker.java:<init>(189)) - new 7b4a0121-e5ca-4a28-aa85-7db853fd0802@group-BE813D0FF4B6-SegmentedRaftLogWorker for RaftStorageImpl:Storage Directory /home/runner/work/ozone/ozone/hadoop-ozone/integration-test/target/test-dir/MiniOzoneClusterImpl-52a188dd-66b8-45b2-ab7c-675c0ee04825/datanode-3/data/ratis/ed87ea7b-697b-4c50-bde4-be813d0ff4b6
2023-05-04 21:54:24,803 [pool-145-thread-1] INFO  server.RaftServerConfigKeys (ConfUtils.java:logGet(46)) - raft.server.log.queue.byte-limit = 4294967296 (custom)
2023-05-04 21:54:24,803 [pool-145-thread-1] INFO  server.RaftServerConfigKeys (ConfUtils.java:logGet(46)) - raft.server.log.queue.element-limit = 1024 (custom)
2023-05-04 21:54:24,803 [pool-145-thread-1] INFO  server.RaftServerConfigKeys (ConfUtils.java:logGet(46)) - raft.server.log.segment.size.max = 1048576 (custom)
2023-05-04 21:54:24,803 [pool-145-thread-1] INFO  server.RaftServerConfigKeys (ConfUtils.java:logGet(46)) - raft.server.log.preallocated.size = 16384 (custom)
2023-05-04 21:54:24,804 [pool-145-thread-1] INFO  server.RaftServerConfigKeys (ConfUtils.java:logGet(46)) - raft.server.log.force.sync.num = 128 (default)
2023-05-04 21:54:24,804 [pool-145-thread-1] INFO  server.RaftServerConfigKeys (ConfUtils.java:logGet(46)) - raft.server.log.statemachine.data.sync = true (default)
2023-05-04 21:54:24,804 [pool-145-thread-1] INFO  server.RaftServerConfigKeys (ConfUtils.java:logGet(46)) - raft.server.log.statemachine.data.sync.timeout = 10s (default)
2023-05-04 21:54:24,804 [pool-145-thread-1] INFO  server.RaftServerConfigKeys (ConfUtils.java:logGet(46)) - raft.server.log.statemachine.data.sync.timeout.retry = -1 (default)
2023-05-04 21:54:24,806 [pool-189-thread-1] INFO  storage.RaftStorage (RaftStorageImpl.java:format(96)) - Storage directory /home/runner/work/ozone/ozone/hadoop-ozone/integration-test/target/test-dir/MiniOzoneClusterImpl-52a188dd-66b8-45b2-ab7c-675c0ee04825/datanode-5/data/ratis/87f2b2d3-4272-44b5-afda-4cb65b1c195f has been successfully formatted.
2023-05-04 21:54:24,806 [pool-189-thread-1] INFO  ratis.ContainerStateMachine (ContainerStateMachine.java:loadSnapshot(262)) - group-4CB65B1C195F: The snapshot info is null. Setting the last applied indexto:(t:0, i:~)
2023-05-04 21:54:24,806 [pool-189-thread-1] INFO  server.RaftServerConfigKeys (ConfUtils.java:logGet(46)) - raft.server.log.use.memory = false (default)
2023-05-04 21:54:24,806 [pool-189-thread-1] INFO  server.RaftServerConfigKeys (ConfUtils.java:logGet(46)) - raft.server.log.purge.gap = 1000000 (custom)
2023-05-04 21:54:24,806 [pool-189-thread-1] INFO  server.RaftServerConfigKeys (ConfUtils.java:logGet(46)) - raft.server.log.appender.buffer.byte-limit = 33554432 (custom)
2023-05-04 21:54:24,807 [pool-189-thread-1] INFO  server.RaftServerConfigKeys (ConfUtils.java:logGet(46)) - raft.server.log.statemachine.data.read.timeout = 1000ms (default)
2023-05-04 21:54:24,807 [pool-189-thread-1] INFO  server.RaftServerConfigKeys (ConfUtils.java:logGet(46)) - raft.server.log.purge.preservation.log.num = 0 (default)
2023-05-04 21:54:24,807 [pool-189-thread-1] INFO  server.RaftServerConfigKeys (ConfUtils.java:logGet(46)) - raft.server.log.segment.size.max = 1048576 (custom)
2023-05-04 21:54:24,809 [pool-189-thread-1] INFO  server.RaftServerConfigKeys (ConfUtils.java:logGet(46)) - raft.server.log.segment.cache.num.max = 2 (custom)
2023-05-04 21:54:24,810 [pool-189-thread-1] INFO  server.RaftServerConfigKeys (ConfUtils.java:logGet(46)) - raft.server.log.segment.cache.size.max = 200MB (=209715200) (default)
2023-05-04 21:54:24,810 [pool-189-thread-1] INFO  segmented.SegmentedRaftLogWorker (SegmentedRaftLogWorker.java:<init>(189)) - new dbf01856-92cd-4f2e-80e3-f7bd7f97e610@group-4CB65B1C195F-SegmentedRaftLogWorker for RaftStorageImpl:Storage Directory /home/runner/work/ozone/ozone/hadoop-ozone/integration-test/target/test-dir/MiniOzoneClusterImpl-52a188dd-66b8-45b2-ab7c-675c0ee04825/datanode-5/data/ratis/87f2b2d3-4272-44b5-afda-4cb65b1c195f
2023-05-04 21:54:24,810 [pool-189-thread-1] INFO  server.RaftServerConfigKeys (ConfUtils.java:logGet(46)) - raft.server.log.queue.byte-limit = 4294967296 (custom)
2023-05-04 21:54:24,810 [pool-189-thread-1] INFO  server.RaftServerConfigKeys (ConfUtils.java:logGet(46)) - raft.server.log.queue.element-limit = 1024 (custom)
2023-05-04 21:54:24,810 [pool-189-thread-1] INFO  server.RaftServerConfigKeys (ConfUtils.java:logGet(46)) - raft.server.log.segment.size.max = 1048576 (custom)
2023-05-04 21:54:24,810 [pool-189-thread-1] INFO  server.RaftServerConfigKeys (ConfUtils.java:logGet(46)) - raft.server.log.preallocated.size = 16384 (custom)
2023-05-04 21:54:24,810 [pool-189-thread-1] INFO  server.RaftServerConfigKeys (ConfUtils.java:logGet(46)) - raft.server.log.force.sync.num = 128 (default)
2023-05-04 21:54:24,810 [pool-189-thread-1] INFO  server.RaftServerConfigKeys (ConfUtils.java:logGet(46)) - raft.server.log.statemachine.data.sync = true (default)
2023-05-04 21:54:24,810 [pool-189-thread-1] INFO  server.RaftServerConfigKeys (ConfUtils.java:logGet(46)) - raft.server.log.statemachine.data.sync.timeout = 10s (default)
2023-05-04 21:54:24,810 [pool-189-thread-1] INFO  server.RaftServerConfigKeys (ConfUtils.java:logGet(46)) - raft.server.log.statemachine.data.sync.timeout.retry = -1 (default)
2023-05-04 21:54:24,803 [RatisPipelineUtilsThread - 0] INFO  pipeline.RatisPipelineProvider (RatisPipelineProvider.java:lambda$create$0(206)) - Sending CreatePipelineCommand for pipeline:PipelineID=7293fd01-d28b-4e50-8824-9f854cf4774f to datanode:ba9b7234-19ea-40e1-bb60-95fa157c93f0
2023-05-04 21:54:24,806 [pool-145-thread-1] INFO  server.RaftServerConfigKeys (ConfUtils.java:logGet(46)) - raft.server.log.write.buffer.size = 1048576 (custom)
2023-05-04 21:54:24,811 [RatisPipelineUtilsThread - 0] INFO  pipeline.RatisPipelineProvider (RatisPipelineProvider.java:lambda$create$0(206)) - Sending CreatePipelineCommand for pipeline:PipelineID=7293fd01-d28b-4e50-8824-9f854cf4774f to datanode:0362f5ef-3c15-4b85-bfd5-7911b45f7638
2023-05-04 21:54:24,812 [pool-145-thread-1] INFO  server.RaftServerConfigKeys (ConfUtils.java:logGet(46)) - raft.server.log.appender.buffer.byte-limit = 33554432 (custom)
2023-05-04 21:54:24,812 [pool-189-thread-1] INFO  server.RaftServerConfigKeys (ConfUtils.java:logGet(46)) - raft.server.log.write.buffer.size = 1048576 (custom)
2023-05-04 21:54:24,813 [pool-189-thread-1] INFO  server.RaftServerConfigKeys (ConfUtils.java:logGet(46)) - raft.server.log.appender.buffer.byte-limit = 33554432 (custom)
2023-05-04 21:54:24,812 [RatisPipelineUtilsThread - 0] INFO  pipeline.PipelineStateManagerImpl (PipelineStateManagerImpl.java:addPipeline(103)) - Created pipeline Pipeline[ Id: 7293fd01-d28b-4e50-8824-9f854cf4774f, Nodes: d5196681-af95-4a59-85a9-5a8fb94dede6(fv-az133-721.yhipumr4050edinzmvad0xeera.cx.internal.cloudapp.net/10.1.0.44)ba9b7234-19ea-40e1-bb60-95fa157c93f0(fv-az133-721.yhipumr4050edinzmvad0xeera.cx.internal.cloudapp.net/10.1.0.44)0362f5ef-3c15-4b85-bfd5-7911b45f7638(fv-az133-721.yhipumr4050edinzmvad0xeera.cx.internal.cloudapp.net/10.1.0.44), ReplicationConfig: RATIS/THREE, State:ALLOCATED, leaderId:, CreationTimestamp2023-05-04T21:54:24.803Z[Etc/UTC]].
2023-05-04 21:54:24,814 [RatisPipelineUtilsThread - 0] INFO  pipeline.PipelineManagerImpl (PipelineManagerImpl.java:recordMetricsForPipeline(826)) - Pipeline: PipelineID=7293fd01-d28b-4e50-8824-9f854cf4774f contains same datanodes as previous pipelines: PipelineID=0e3370fe-c4c0-46f5-a960-ce2ccfcecae7 nodeIds: d5196681-af95-4a59-85a9-5a8fb94dede6, ba9b7234-19ea-40e1-bb60-95fa157c93f0, 0362f5ef-3c15-4b85-bfd5-7911b45f7638
2023-05-04 21:54:24,815 [EventQueue-PipelineReportForPipelineReportHandler] INFO  pipeline.PipelineManagerImpl (PipelineManagerImpl.java:openPipeline(367)) - Pipeline Pipeline[ Id: 87f2b2d3-4272-44b5-afda-4cb65b1c195f, Nodes: dbf01856-92cd-4f2e-80e3-f7bd7f97e610(fv-az133-721.yhipumr4050edinzmvad0xeera.cx.internal.cloudapp.net/10.1.0.44), ReplicationConfig: RATIS/ONE, State:ALLOCATED, leaderId:dbf01856-92cd-4f2e-80e3-f7bd7f97e610, CreationTimestamp2023-05-04T21:54:21.746Z[Etc/UTC]] moved to OPEN state
2023-05-04 21:54:24,816 [EventQueue-OpenPipelineForHealthyPipelineSafeModeRule] INFO  safemode.SCMSafeModeManager (HealthyPipelineSafeModeRule.java:process(137)) - SCM in safe mode. Healthy pipelines reported count is 0, required healthy pipeline reported count is 1
2023-05-04 21:54:24,817 [RatisPipelineUtilsThread - 0] WARN  pipeline.PipelinePlacementPolicy (PipelinePlacementPolicy.java:filterViableNodes(160)) - Pipeline creation failed due to no sufficient healthy datanodes. Required 3. Found 0. Excluded 12.
2023-05-04 21:54:24,818 [pool-145-thread-1] INFO  server.RaftServerConfigKeys (ConfUtils.java:logGet(46)) - raft.server.log.unsafe-flush.enabled = false (default)
2023-05-04 21:54:24,818 [pool-145-thread-1] INFO  server.RaftServerConfigKeys (ConfUtils.java:logGet(46)) - raft.server.log.async-flush.enabled = false (default)
2023-05-04 21:54:24,818 [pool-145-thread-1] INFO  server.RaftServerConfigKeys (ConfUtils.java:logGet(46)) - raft.server.log.statemachine.data.caching.enabled = true (custom)
2023-05-04 21:54:24,819 [pool-145-thread-1] INFO  segmented.SegmentedRaftLogWorker (SegmentedRaftLogWorker.java:lambda$new$0(135)) - 7b4a0121-e5ca-4a28-aa85-7db853fd0802@group-BE813D0FF4B6-SegmentedRaftLogWorker: flushIndex: setUnconditionally 0 -> -1
2023-05-04 21:54:24,819 [pool-145-thread-1] INFO  segmented.SegmentedRaftLogWorker (SegmentedRaftLogWorker.java:lambda$new$0(135)) - 7b4a0121-e5ca-4a28-aa85-7db853fd0802@group-BE813D0FF4B6-SegmentedRaftLogWorker: safeCacheEvictIndex: setUnconditionally 0 -> -1
2023-05-04 21:54:24,823 [pool-145-thread-1] INFO  server.RaftServer$Division (RaftServerImpl.java:start(334)) - 7b4a0121-e5ca-4a28-aa85-7db853fd0802@group-BE813D0FF4B6: start as a follower, conf=-1: peers:[6abe40d9-bbca-402e-938b-50fbed365dbf|rpc:10.1.0.44:37731|dataStream:10.1.0.44:45795|priority:0|startupRole:FOLLOWER, dbf01856-92cd-4f2e-80e3-f7bd7f97e610|rpc:10.1.0.44:43433|dataStream:10.1.0.44:34049|priority:0|startupRole:FOLLOWER, 7b4a0121-e5ca-4a28-aa85-7db853fd0802|rpc:10.1.0.44:42349|dataStream:10.1.0.44:38943|priority:1|startupRole:FOLLOWER]|listeners:[], old=null
2023-05-04 21:54:24,823 [pool-145-thread-1] INFO  server.RaftServer$Division (RaftServerImpl.java:setRole(321)) - 7b4a0121-e5ca-4a28-aa85-7db853fd0802@group-BE813D0FF4B6: changes role from      null to FOLLOWER at term 0 for startAsFollower
2023-05-04 21:54:24,823 [pool-145-thread-1] INFO  impl.RoleInfo (RoleInfo.java:updateAndGet(139)) - 7b4a0121-e5ca-4a28-aa85-7db853fd0802: start 7b4a0121-e5ca-4a28-aa85-7db853fd0802@group-BE813D0FF4B6-FollowerState
2023-05-04 21:54:24,826 [pool-145-thread-1] INFO  util.JmxRegister (JmxRegister.java:tryRegister(44)) - Successfully registered JMX Bean with object name Ratis:service=RaftServer,group=group-BE813D0FF4B6,id=7b4a0121-e5ca-4a28-aa85-7db853fd0802
2023-05-04 21:54:24,827 [pool-145-thread-1] INFO  server.RaftServerConfigKeys (ConfUtils.java:logGet(46)) - raft.server.snapshot.auto.trigger.enabled = true (custom)
2023-05-04 21:54:24,827 [pool-145-thread-1] INFO  server.RaftServerConfigKeys (ConfUtils.java:logGet(46)) - raft.server.snapshot.auto.trigger.threshold = 10000 (custom)
2023-05-04 21:54:24,827 [pool-145-thread-1] INFO  server.RaftServerConfigKeys (ConfUtils.java:logGet(46)) - raft.server.snapshot.retention.file.num = 5 (custom)
2023-05-04 21:54:24,827 [pool-145-thread-1] INFO  server.RaftServerConfigKeys (ConfUtils.java:logGet(46)) - raft.server.log.purge.upto.snapshot.index = false (default)
2023-05-04 21:54:24,827 [pool-189-thread-1] INFO  server.RaftServerConfigKeys (ConfUtils.java:logGet(46)) - raft.server.log.unsafe-flush.enabled = false (default)
2023-05-04 21:54:24,827 [pool-189-thread-1] INFO  server.RaftServerConfigKeys (ConfUtils.java:logGet(46)) - raft.server.log.async-flush.enabled = false (default)
2023-05-04 21:54:24,827 [pool-189-thread-1] INFO  server.RaftServerConfigKeys (ConfUtils.java:logGet(46)) - raft.server.log.statemachine.data.caching.enabled = true (custom)
2023-05-04 21:54:24,828 [pool-189-thread-1] INFO  segmented.SegmentedRaftLogWorker (SegmentedRaftLogWorker.java:lambda$new$0(135)) - dbf01856-92cd-4f2e-80e3-f7bd7f97e610@group-4CB65B1C195F-SegmentedRaftLogWorker: flushIndex: setUnconditionally 0 -> -1
2023-05-04 21:54:24,828 [pool-189-thread-1] INFO  segmented.SegmentedRaftLogWorker (SegmentedRaftLogWorker.java:lambda$new$0(135)) - dbf01856-92cd-4f2e-80e3-f7bd7f97e610@group-4CB65B1C195F-SegmentedRaftLogWorker: safeCacheEvictIndex: setUnconditionally 0 -> -1
2023-05-04 21:54:24,829 [7b4a0121-e5ca-4a28-aa85-7db853fd0802@group-BE813D0FF4B6-FollowerState] INFO  server.RaftServerConfigKeys (ConfUtils.java:logFallback(53)) - raft.server.rpc.first-election.timeout.min = 5s (fallback to raft.server.rpc.timeout.min)
2023-05-04 21:54:24,829 [7b4a0121-e5ca-4a28-aa85-7db853fd0802@group-BE813D0FF4B6-FollowerState] INFO  server.RaftServerConfigKeys (ConfUtils.java:logFallback(53)) - raft.server.rpc.first-election.timeout.max = 5200ms (fallback to raft.server.rpc.timeout.max)
2023-05-04 21:54:24,830 [Command processor thread] INFO  ratis.XceiverServerRatis (XceiverServerRatis.java:addGroup(806)) - Created group PipelineID=ed87ea7b-697b-4c50-bde4-be813d0ff4b6
2023-05-04 21:54:24,835 [grpc-default-executor-1] INFO  server.RaftServer (RaftServerProxy.java:addNew(96)) - dbf01856-92cd-4f2e-80e3-f7bd7f97e610: addNew group-BE813D0FF4B6:[6abe40d9-bbca-402e-938b-50fbed365dbf|rpc:10.1.0.44:37731|dataStream:10.1.0.44:45795|priority:0|startupRole:FOLLOWER, dbf01856-92cd-4f2e-80e3-f7bd7f97e610|rpc:10.1.0.44:43433|dataStream:10.1.0.44:34049|priority:0|startupRole:FOLLOWER, 7b4a0121-e5ca-4a28-aa85-7db853fd0802|rpc:10.1.0.44:42349|dataStream:10.1.0.44:38943|priority:1|startupRole:FOLLOWER] returns group-BE813D0FF4B6:java.util.concurrent.CompletableFuture@b1132a8[Not completed]
2023-05-04 21:54:24,847 [pool-189-thread-1] INFO  server.RaftServer$Division (RaftServerImpl.java:start(334)) - dbf01856-92cd-4f2e-80e3-f7bd7f97e610@group-4CB65B1C195F: start as a follower, conf=-1: peers:[dbf01856-92cd-4f2e-80e3-f7bd7f97e610|rpc:10.1.0.44:43433|dataStream:10.1.0.44:34049|priority:1|startupRole:FOLLOWER]|listeners:[], old=null
2023-05-04 21:54:24,847 [pool-189-thread-1] INFO  server.RaftServer$Division (RaftServerImpl.java:setRole(321)) - dbf01856-92cd-4f2e-80e3-f7bd7f97e610@group-4CB65B1C195F: changes role from      null to FOLLOWER at term 0 for startAsFollower
2023-05-04 21:54:24,847 [pool-189-thread-1] INFO  impl.RoleInfo (RoleInfo.java:updateAndGet(139)) - dbf01856-92cd-4f2e-80e3-f7bd7f97e610: start dbf01856-92cd-4f2e-80e3-f7bd7f97e610@group-4CB65B1C195F-FollowerState
2023-05-04 21:54:24,849 [pool-189-thread-1] INFO  util.JmxRegister (JmxRegister.java:tryRegister(44)) - Successfully registered JMX Bean with object name Ratis:service=RaftServer,group=group-4CB65B1C195F,id=dbf01856-92cd-4f2e-80e3-f7bd7f97e610
2023-05-04 21:54:24,849 [pool-189-thread-1] INFO  server.RaftServerConfigKeys (ConfUtils.java:logGet(46)) - raft.server.snapshot.auto.trigger.enabled = true (custom)
2023-05-04 21:54:24,849 [pool-189-thread-1] INFO  server.RaftServerConfigKeys (ConfUtils.java:logGet(46)) - raft.server.snapshot.auto.trigger.threshold = 10000 (custom)
2023-05-04 21:54:24,849 [pool-189-thread-1] INFO  server.RaftServerConfigKeys (ConfUtils.java:logGet(46)) - raft.server.snapshot.retention.file.num = 5 (custom)
2023-05-04 21:54:24,849 [pool-189-thread-1] INFO  server.RaftServerConfigKeys (ConfUtils.java:logGet(46)) - raft.server.log.purge.upto.snapshot.index = false (default)
2023-05-04 21:54:24,850 [dbf01856-92cd-4f2e-80e3-f7bd7f97e610@group-4CB65B1C195F-FollowerState] INFO  server.RaftServerConfigKeys (ConfUtils.java:logFallback(53)) - raft.server.rpc.first-election.timeout.min = 5s (fallback to raft.server.rpc.timeout.min)
2023-05-04 21:54:24,850 [dbf01856-92cd-4f2e-80e3-f7bd7f97e610@group-4CB65B1C195F-FollowerState] INFO  server.RaftServerConfigKeys (ConfUtils.java:logFallback(53)) - raft.server.rpc.first-election.timeout.max = 5200ms (fallback to raft.server.rpc.timeout.max)
2023-05-04 21:54:24,852 [pool-189-thread-1] INFO  server.RaftServer$Division (RaftServerImpl.java:<init>(195)) - dbf01856-92cd-4f2e-80e3-f7bd7f97e610: new RaftServerImpl for group-BE813D0FF4B6:[6abe40d9-bbca-402e-938b-50fbed365dbf|rpc:10.1.0.44:37731|dataStream:10.1.0.44:45795|priority:0|startupRole:FOLLOWER, dbf01856-92cd-4f2e-80e3-f7bd7f97e610|rpc:10.1.0.44:43433|dataStream:10.1.0.44:34049|priority:0|startupRole:FOLLOWER, 7b4a0121-e5ca-4a28-aa85-7db853fd0802|rpc:10.1.0.44:42349|dataStream:10.1.0.44:38943|priority:1|startupRole:FOLLOWER] with ContainerStateMachine:uninitialized
2023-05-04 21:54:24,852 [pool-189-thread-1] INFO  server.RaftServerConfigKeys (ConfUtils.java:logGet(46)) - raft.server.rpc.timeout.min = 5s (custom)
2023-05-04 21:54:24,852 [pool-189-thread-1] INFO  server.RaftServerConfigKeys (ConfUtils.java:logGet(46)) - raft.server.rpc.timeout.max = 5200ms (custom)
2023-05-04 21:54:24,852 [pool-189-thread-1] INFO  server.RaftServerConfigKeys (ConfUtils.java:logGet(46)) - raft.server.rpc.sleep.time = 25ms (default)
2023-05-04 21:54:24,852 [pool-189-thread-1] INFO  server.RaftServerConfigKeys (ConfUtils.java:logGet(46)) - raft.server.rpc.slowness.timeout = 300s (custom)
2023-05-04 21:54:24,852 [pool-189-thread-1] INFO  server.RaftServerConfigKeys (ConfUtils.java:logGet(46)) - raft.server.leaderelection.leader.step-down.wait-time = 10s (default)
2023-05-04 21:54:24,852 [pool-189-thread-1] INFO  server.RaftServerConfigKeys (ConfUtils.java:logGet(46)) - raft.server.sleep.deviation.threshold = 300ms (default)
2023-05-04 21:54:24,852 [pool-189-thread-1] INFO  server.RaftServer$Division (ServerState.java:<init>(118)) - dbf01856-92cd-4f2e-80e3-f7bd7f97e610@group-BE813D0FF4B6: ConfigurationManager, init=-1: peers:[6abe40d9-bbca-402e-938b-50fbed365dbf|rpc:10.1.0.44:37731|dataStream:10.1.0.44:45795|priority:0|startupRole:FOLLOWER, dbf01856-92cd-4f2e-80e3-f7bd7f97e610|rpc:10.1.0.44:43433|dataStream:10.1.0.44:34049|priority:0|startupRole:FOLLOWER, 7b4a0121-e5ca-4a28-aa85-7db853fd0802|rpc:10.1.0.44:42349|dataStream:10.1.0.44:38943|priority:1|startupRole:FOLLOWER]|listeners:[], old=null, confs=<EMPTY_MAP>
2023-05-04 21:54:24,852 [pool-189-thread-1] INFO  server.RaftServerConfigKeys (ConfUtils.java:logGet(46)) - raft.server.storage.dir = [/home/runner/work/ozone/ozone/hadoop-ozone/integration-test/target/test-dir/MiniOzoneClusterImpl-52a188dd-66b8-45b2-ab7c-675c0ee04825/datanode-5/data/ratis] (custom)
2023-05-04 21:54:24,852 [pool-189-thread-1] INFO  server.RaftServerConfigKeys (ConfUtils.java:logGet(46)) - raft.server.log.corruption.policy = EXCEPTION (default)
2023-05-04 21:54:24,852 [pool-189-thread-1] INFO  server.RaftServerConfigKeys (ConfUtils.java:logGet(46)) - raft.server.storage.free-space.min = 0MB (=0) (default)
2023-05-04 21:54:24,852 [pool-189-thread-1] INFO  server.RaftServerConfigKeys (ConfUtils.java:logGet(46)) - raft.server.notification.no-leader.timeout = 300s (custom)
2023-05-04 21:54:24,852 [pool-189-thread-1] INFO  server.RaftServerConfigKeys (ConfUtils.java:logGet(46)) - raft.server.retrycache.expirytime = 600000ms (custom)
2023-05-04 21:54:24,852 [pool-189-thread-1] INFO  server.RaftServerConfigKeys (ConfUtils.java:logGet(46)) - raft.server.retrycache.statistics.expirytime = 100μs (default)
2023-05-04 21:54:24,864 [pool-189-thread-1] INFO  server.RaftServerConfigKeys (ConfUtils.java:logGet(46)) - raft.server.log.appender.install.snapshot.enabled = false (custom)
2023-05-04 21:54:24,864 [pool-189-thread-1] INFO  server.RaftServerConfigKeys (ConfUtils.java:logGet(46)) - raft.server.threadpool.server.cached = true (default)
2023-05-04 21:54:24,864 [pool-189-thread-1] INFO  server.RaftServerConfigKeys (ConfUtils.java:logGet(46)) - raft.server.threadpool.server.size = 0 (default)
2023-05-04 21:54:24,864 [pool-189-thread-1] INFO  server.RaftServerConfigKeys (ConfUtils.java:logGet(46)) - raft.server.threadpool.client.cached = true (default)
2023-05-04 21:54:24,864 [pool-189-thread-1] INFO  server.RaftServerConfigKeys (ConfUtils.java:logGet(46)) - raft.server.threadpool.client.size = 0 (default)
2023-05-04 21:54:24,864 [pool-189-thread-1] INFO  storage.RaftStorageDirectory (RaftStorageDirectoryImpl.java:analyzeStorage(137)) - The storage directory /home/runner/work/ozone/ozone/hadoop-ozone/integration-test/target/test-dir/MiniOzoneClusterImpl-52a188dd-66b8-45b2-ab7c-675c0ee04825/datanode-5/data/ratis/ed87ea7b-697b-4c50-bde4-be813d0ff4b6 does not exist. Creating ...
2023-05-04 21:54:24,865 [Command processor thread] INFO  ratis.XceiverServerRatis (XceiverServerRatis.java:addGroup(806)) - Created group PipelineID=87f2b2d3-4272-44b5-afda-4cb65b1c195f
2023-05-04 21:54:24,865 [Command processor thread] INFO  commandhandler.CreatePipelineCommandHandler (CreatePipelineCommandHandler.java:handle(113)) - Created Pipeline RATIS ONE PipelineID=87f2b2d3-4272-44b5-afda-4cb65b1c195f.
2023-05-04 21:54:24,866 [pool-189-thread-1] INFO  storage.RaftStorageDirectory (RaftStorageDirectoryImpl.java:tryLock(231)) - Lock on /home/runner/work/ozone/ozone/hadoop-ozone/integration-test/target/test-dir/MiniOzoneClusterImpl-52a188dd-66b8-45b2-ab7c-675c0ee04825/datanode-5/data/ratis/ed87ea7b-697b-4c50-bde4-be813d0ff4b6/in_use.lock acquired by nodename 25128@fv-az133-721
2023-05-04 21:54:24,868 [pool-189-thread-1] INFO  storage.RaftStorage (RaftStorageImpl.java:format(96)) - Storage directory /home/runner/work/ozone/ozone/hadoop-ozone/integration-test/target/test-dir/MiniOzoneClusterImpl-52a188dd-66b8-45b2-ab7c-675c0ee04825/datanode-5/data/ratis/ed87ea7b-697b-4c50-bde4-be813d0ff4b6 has been successfully formatted.
2023-05-04 21:54:24,869 [pool-189-thread-1] INFO  ratis.ContainerStateMachine (ContainerStateMachine.java:loadSnapshot(262)) - group-BE813D0FF4B6: The snapshot info is null. Setting the last applied indexto:(t:0, i:~)
2023-05-04 21:54:24,869 [pool-189-thread-1] INFO  server.RaftServerConfigKeys (ConfUtils.java:logGet(46)) - raft.server.log.use.memory = false (default)
2023-05-04 21:54:24,869 [pool-189-thread-1] INFO  server.RaftServerConfigKeys (ConfUtils.java:logGet(46)) - raft.server.log.purge.gap = 1000000 (custom)
2023-05-04 21:54:24,869 [pool-189-thread-1] INFO  server.RaftServerConfigKeys (ConfUtils.java:logGet(46)) - raft.server.log.appender.buffer.byte-limit = 33554432 (custom)
2023-05-04 21:54:24,869 [pool-189-thread-1] INFO  server.RaftServerConfigKeys (ConfUtils.java:logGet(46)) - raft.server.log.statemachine.data.read.timeout = 1000ms (default)
2023-05-04 21:54:24,869 [pool-189-thread-1] INFO  server.RaftServerConfigKeys (ConfUtils.java:logGet(46)) - raft.server.log.purge.preservation.log.num = 0 (default)
2023-05-04 21:54:24,870 [pool-189-thread-1] INFO  server.RaftServerConfigKeys (ConfUtils.java:logGet(46)) - raft.server.log.segment.size.max = 1048576 (custom)
2023-05-04 21:54:24,870 [pool-189-thread-1] INFO  server.RaftServerConfigKeys (ConfUtils.java:logGet(46)) - raft.server.log.segment.cache.num.max = 2 (custom)
2023-05-04 21:54:24,870 [pool-189-thread-1] INFO  server.RaftServerConfigKeys (ConfUtils.java:logGet(46)) - raft.server.log.segment.cache.size.max = 200MB (=209715200) (default)
2023-05-04 21:54:24,870 [pool-189-thread-1] INFO  segmented.SegmentedRaftLogWorker (SegmentedRaftLogWorker.java:<init>(189)) - new dbf01856-92cd-4f2e-80e3-f7bd7f97e610@group-BE813D0FF4B6-SegmentedRaftLogWorker for RaftStorageImpl:Storage Directory /home/runner/work/ozone/ozone/hadoop-ozone/integration-test/target/test-dir/MiniOzoneClusterImpl-52a188dd-66b8-45b2-ab7c-675c0ee04825/datanode-5/data/ratis/ed87ea7b-697b-4c50-bde4-be813d0ff4b6
2023-05-04 21:54:24,870 [pool-189-thread-1] INFO  server.RaftServerConfigKeys (ConfUtils.java:logGet(46)) - raft.server.log.queue.byte-limit = 4294967296 (custom)
2023-05-04 21:54:24,870 [pool-189-thread-1] INFO  server.RaftServerConfigKeys (ConfUtils.java:logGet(46)) - raft.server.log.queue.element-limit = 1024 (custom)
2023-05-04 21:54:24,870 [pool-189-thread-1] INFO  server.RaftServerConfigKeys (ConfUtils.java:logGet(46)) - raft.server.log.segment.size.max = 1048576 (custom)
2023-05-04 21:54:24,870 [pool-189-thread-1] INFO  server.RaftServerConfigKeys (ConfUtils.java:logGet(46)) - raft.server.log.preallocated.size = 16384 (custom)
2023-05-04 21:54:24,870 [pool-189-thread-1] INFO  server.RaftServerConfigKeys (ConfUtils.java:logGet(46)) - raft.server.log.force.sync.num = 128 (default)
2023-05-04 21:54:24,871 [pool-189-thread-1] INFO  server.RaftServerConfigKeys (ConfUtils.java:logGet(46)) - raft.server.log.statemachine.data.sync = true (default)
2023-05-04 21:54:24,871 [pool-189-thread-1] INFO  server.RaftServerConfigKeys (ConfUtils.java:logGet(46)) - raft.server.log.statemachine.data.sync.timeout = 10s (default)
2023-05-04 21:54:24,871 [pool-189-thread-1] INFO  server.RaftServerConfigKeys (ConfUtils.java:logGet(46)) - raft.server.log.statemachine.data.sync.timeout.retry = -1 (default)
2023-05-04 21:54:24,872 [pool-189-thread-1] INFO  server.RaftServerConfigKeys (ConfUtils.java:logGet(46)) - raft.server.log.write.buffer.size = 1048576 (custom)
2023-05-04 21:54:24,875 [EventQueue-OpenPipelineForHealthyPipelineSafeModeRule] INFO  safemode.SCMSafeModeManager (HealthyPipelineSafeModeRule.java:process(137)) - SCM in safe mode. Healthy pipelines reported count is 0, required healthy pipeline reported count is 1
2023-05-04 21:54:24,877 [pool-189-thread-1] INFO  server.RaftServerConfigKeys (ConfUtils.java:logGet(46)) - raft.server.log.appender.buffer.byte-limit = 33554432 (custom)
2023-05-04 21:54:24,883 [pool-189-thread-1] INFO  server.RaftServerConfigKeys (ConfUtils.java:logGet(46)) - raft.server.log.unsafe-flush.enabled = false (default)
2023-05-04 21:54:24,883 [pool-189-thread-1] INFO  server.RaftServerConfigKeys (ConfUtils.java:logGet(46)) - raft.server.log.async-flush.enabled = false (default)
2023-05-04 21:54:24,883 [pool-189-thread-1] INFO  server.RaftServerConfigKeys (ConfUtils.java:logGet(46)) - raft.server.log.statemachine.data.caching.enabled = true (custom)
2023-05-04 21:54:24,884 [pool-189-thread-1] INFO  segmented.SegmentedRaftLogWorker (SegmentedRaftLogWorker.java:lambda$new$0(135)) - dbf01856-92cd-4f2e-80e3-f7bd7f97e610@group-BE813D0FF4B6-SegmentedRaftLogWorker: flushIndex: setUnconditionally 0 -> -1
2023-05-04 21:54:24,884 [pool-189-thread-1] INFO  segmented.SegmentedRaftLogWorker (SegmentedRaftLogWorker.java:lambda$new$0(135)) - dbf01856-92cd-4f2e-80e3-f7bd7f97e610@group-BE813D0FF4B6-SegmentedRaftLogWorker: safeCacheEvictIndex: setUnconditionally 0 -> -1
2023-05-04 21:54:24,889 [pool-189-thread-1] INFO  server.RaftServer$Division (RaftServerImpl.java:start(334)) - dbf01856-92cd-4f2e-80e3-f7bd7f97e610@group-BE813D0FF4B6: start as a follower, conf=-1: peers:[6abe40d9-bbca-402e-938b-50fbed365dbf|rpc:10.1.0.44:37731|dataStream:10.1.0.44:45795|priority:0|startupRole:FOLLOWER, dbf01856-92cd-4f2e-80e3-f7bd7f97e610|rpc:10.1.0.44:43433|dataStream:10.1.0.44:34049|priority:0|startupRole:FOLLOWER, 7b4a0121-e5ca-4a28-aa85-7db853fd0802|rpc:10.1.0.44:42349|dataStream:10.1.0.44:38943|priority:1|startupRole:FOLLOWER]|listeners:[], old=null
2023-05-04 21:54:24,890 [pool-189-thread-1] INFO  server.RaftServer$Division (RaftServerImpl.java:setRole(321)) - dbf01856-92cd-4f2e-80e3-f7bd7f97e610@group-BE813D0FF4B6: changes role from      null to FOLLOWER at term 0 for startAsFollower
2023-05-04 21:54:24,890 [pool-189-thread-1] INFO  impl.RoleInfo (RoleInfo.java:updateAndGet(139)) - dbf01856-92cd-4f2e-80e3-f7bd7f97e610: start dbf01856-92cd-4f2e-80e3-f7bd7f97e610@group-BE813D0FF4B6-FollowerState
2023-05-04 21:54:24,890 [pool-189-thread-1] INFO  util.JmxRegister (JmxRegister.java:tryRegister(44)) - Successfully registered JMX Bean with object name Ratis:service=RaftServer,group=group-BE813D0FF4B6,id=dbf01856-92cd-4f2e-80e3-f7bd7f97e610
2023-05-04 21:54:24,890 [pool-189-thread-1] INFO  server.RaftServerConfigKeys (ConfUtils.java:logGet(46)) - raft.server.snapshot.auto.trigger.enabled = true (custom)
2023-05-04 21:54:24,890 [pool-189-thread-1] INFO  server.RaftServerConfigKeys (ConfUtils.java:logGet(46)) - raft.server.snapshot.auto.trigger.threshold = 10000 (custom)
2023-05-04 21:54:24,890 [pool-189-thread-1] INFO  server.RaftServerConfigKeys (ConfUtils.java:logGet(46)) - raft.server.snapshot.retention.file.num = 5 (custom)
2023-05-04 21:54:24,890 [pool-189-thread-1] INFO  server.RaftServerConfigKeys (ConfUtils.java:logGet(46)) - raft.server.log.purge.upto.snapshot.index = false (default)
2023-05-04 21:54:24,891 [dbf01856-92cd-4f2e-80e3-f7bd7f97e610@group-BE813D0FF4B6-FollowerState] INFO  server.RaftServerConfigKeys (ConfUtils.java:logFallback(53)) - raft.server.rpc.first-election.timeout.min = 5s (fallback to raft.server.rpc.timeout.min)
2023-05-04 21:54:24,891 [dbf01856-92cd-4f2e-80e3-f7bd7f97e610@group-BE813D0FF4B6-FollowerState] INFO  server.RaftServerConfigKeys (ConfUtils.java:logFallback(53)) - raft.server.rpc.first-election.timeout.max = 5200ms (fallback to raft.server.rpc.timeout.max)
2023-05-04 21:54:24,945 [Command processor thread] INFO  commandhandler.CreatePipelineCommandHandler (CreatePipelineCommandHandler.java:handle(113)) - Created Pipeline RATIS THREE PipelineID=ed87ea7b-697b-4c50-bde4-be813d0ff4b6.
2023-05-04 21:54:24,948 [Command processor thread] INFO  commandhandler.CreatePipelineCommandHandler (CreatePipelineCommandHandler.java:handle(113)) - Created Pipeline RATIS THREE PipelineID=ed87ea7b-697b-4c50-bde4-be813d0ff4b6.
2023-05-04 21:54:24,986 [IPC Server handler 13 on default port 35509] INFO  net.NetworkTopologyImpl (NetworkTopologyImpl.java:add(112)) - Added a new node: /default-rack/1cc39e43-a1b8-4aca-9e03-172752381d1e
2023-05-04 21:54:24,986 [IPC Server handler 13 on default port 35509] INFO  node.SCMNodeManager (SCMNodeManager.java:register(407)) - Registered Data node : 1cc39e43-a1b8-4aca-9e03-172752381d1e{ip: 10.1.0.44, host: fv-az133-721.yhipumr4050edinzmvad0xeera.cx.internal.cloudapp.net, ports: [HTTP=45015, REPLICATION=41497, RATIS=34233, RATIS_ADMIN=34233, RATIS_SERVER=34233, RATIS_DATASTREAM=39453, STANDALONE=33579], networkLocation: /default-rack, certSerialId: null, persistedOpState: null, persistedOpStateExpiryEpochSec: 0}
2023-05-04 21:54:24,987 [EventQueue-NewNodeForNewNodeHandler] INFO  pipeline.BackgroundPipelineCreator (BackgroundPipelineCreator.java:notifyEventTriggered(276)) - trigger a one-shot run on RatisPipelineUtilsThread.
2023-05-04 21:54:24,987 [RatisPipelineUtilsThread - 0] INFO  pipeline.RatisPipelineProvider (RatisPipelineProvider.java:lambda$create$0(206)) - Sending CreatePipelineCommand for pipeline:PipelineID=e476fd83-53ba-44fc-9320-b87fe21fbb1c to datanode:1cc39e43-a1b8-4aca-9e03-172752381d1e
2023-05-04 21:54:24,988 [RatisPipelineUtilsThread - 0] INFO  pipeline.PipelineStateManagerImpl (PipelineStateManagerImpl.java:addPipeline(103)) - Created pipeline Pipeline[ Id: e476fd83-53ba-44fc-9320-b87fe21fbb1c, Nodes: 1cc39e43-a1b8-4aca-9e03-172752381d1e(fv-az133-721.yhipumr4050edinzmvad0xeera.cx.internal.cloudapp.net/10.1.0.44), ReplicationConfig: RATIS/ONE, State:ALLOCATED, leaderId:, CreationTimestamp2023-05-04T21:54:24.987Z[Etc/UTC]].
2023-05-04 21:54:24,989 [RatisPipelineUtilsThread - 0] WARN  pipeline.PipelinePlacementPolicy (PipelinePlacementPolicy.java:filterViableNodes(160)) - Pipeline creation failed due to no sufficient healthy datanodes. Required 3. Found 1. Excluded 12.
2023-05-04 21:54:25,215 [Command processor thread] INFO  server.RaftServer (RaftServerProxy.java:addNew(96)) - 7a25d7ac-269f-485a-96a1-a3fbc0da93f8: addNew group-6CE870F760CA:[7a25d7ac-269f-485a-96a1-a3fbc0da93f8|rpc:10.1.0.44:38519|dataStream:10.1.0.44:33389|priority:1|startupRole:FOLLOWER] returns group-6CE870F760CA:java.util.concurrent.CompletableFuture@d82b20f[Not completed]
2023-05-04 21:54:25,217 [pool-215-thread-1] INFO  server.RaftServer$Division (RaftServerImpl.java:<init>(195)) - 7a25d7ac-269f-485a-96a1-a3fbc0da93f8: new RaftServerImpl for group-6CE870F760CA:[7a25d7ac-269f-485a-96a1-a3fbc0da93f8|rpc:10.1.0.44:38519|dataStream:10.1.0.44:33389|priority:1|startupRole:FOLLOWER] with ContainerStateMachine:uninitialized
2023-05-04 21:54:25,217 [pool-215-thread-1] INFO  server.RaftServerConfigKeys (ConfUtils.java:logGet(46)) - raft.server.rpc.timeout.min = 5s (custom)
2023-05-04 21:54:25,217 [pool-215-thread-1] INFO  server.RaftServerConfigKeys (ConfUtils.java:logGet(46)) - raft.server.rpc.timeout.max = 5200ms (custom)
2023-05-04 21:54:25,218 [pool-215-thread-1] INFO  server.RaftServerConfigKeys (ConfUtils.java:logGet(46)) - raft.server.rpc.sleep.time = 25ms (default)
2023-05-04 21:54:25,218 [pool-215-thread-1] INFO  server.RaftServerConfigKeys (ConfUtils.java:logGet(46)) - raft.server.rpc.slowness.timeout = 300s (custom)
2023-05-04 21:54:25,218 [pool-215-thread-1] INFO  server.RaftServerConfigKeys (ConfUtils.java:logGet(46)) - raft.server.leaderelection.leader.step-down.wait-time = 10s (default)
2023-05-04 21:54:25,218 [pool-215-thread-1] INFO  server.RaftServerConfigKeys (ConfUtils.java:logGet(46)) - raft.server.sleep.deviation.threshold = 300ms (default)
2023-05-04 21:54:25,218 [pool-215-thread-1] INFO  server.RaftServer$Division (ServerState.java:<init>(118)) - 7a25d7ac-269f-485a-96a1-a3fbc0da93f8@group-6CE870F760CA: ConfigurationManager, init=-1: peers:[7a25d7ac-269f-485a-96a1-a3fbc0da93f8|rpc:10.1.0.44:38519|dataStream:10.1.0.44:33389|priority:1|startupRole:FOLLOWER]|listeners:[], old=null, confs=<EMPTY_MAP>
2023-05-04 21:54:25,218 [pool-215-thread-1] INFO  server.RaftServerConfigKeys (ConfUtils.java:logGet(46)) - raft.server.storage.dir = [/home/runner/work/ozone/ozone/hadoop-ozone/integration-test/target/test-dir/MiniOzoneClusterImpl-52a188dd-66b8-45b2-ab7c-675c0ee04825/datanode-6/data/ratis] (custom)
2023-05-04 21:54:25,218 [pool-215-thread-1] INFO  server.RaftServerConfigKeys (ConfUtils.java:logGet(46)) - raft.server.log.corruption.policy = EXCEPTION (default)
2023-05-04 21:54:25,218 [pool-215-thread-1] INFO  server.RaftServerConfigKeys (ConfUtils.java:logGet(46)) - raft.server.storage.free-space.min = 0MB (=0) (default)
2023-05-04 21:54:25,218 [pool-215-thread-1] INFO  server.RaftServerConfigKeys (ConfUtils.java:logGet(46)) - raft.server.notification.no-leader.timeout = 300s (custom)
2023-05-04 21:54:25,218 [pool-215-thread-1] INFO  server.RaftServerConfigKeys (ConfUtils.java:logGet(46)) - raft.server.retrycache.expirytime = 600000ms (custom)
2023-05-04 21:54:25,218 [pool-215-thread-1] INFO  server.RaftServerConfigKeys (ConfUtils.java:logGet(46)) - raft.server.retrycache.statistics.expirytime = 100μs (default)
2023-05-04 21:54:25,220 [pool-215-thread-1] INFO  server.RaftServerConfigKeys (ConfUtils.java:logGet(46)) - raft.server.log.appender.install.snapshot.enabled = false (custom)
2023-05-04 21:54:25,220 [pool-215-thread-1] INFO  server.RaftServerConfigKeys (ConfUtils.java:logGet(46)) - raft.server.threadpool.server.cached = true (default)
2023-05-04 21:54:25,220 [pool-215-thread-1] INFO  server.RaftServerConfigKeys (ConfUtils.java:logGet(46)) - raft.server.threadpool.server.size = 0 (default)
2023-05-04 21:54:25,220 [pool-215-thread-1] INFO  server.RaftServerConfigKeys (ConfUtils.java:logGet(46)) - raft.server.threadpool.client.cached = true (default)
2023-05-04 21:54:25,220 [pool-215-thread-1] INFO  server.RaftServerConfigKeys (ConfUtils.java:logGet(46)) - raft.server.threadpool.client.size = 0 (default)
2023-05-04 21:54:25,221 [pool-215-thread-1] INFO  storage.RaftStorageDirectory (RaftStorageDirectoryImpl.java:analyzeStorage(137)) - The storage directory /home/runner/work/ozone/ozone/hadoop-ozone/integration-test/target/test-dir/MiniOzoneClusterImpl-52a188dd-66b8-45b2-ab7c-675c0ee04825/datanode-6/data/ratis/d539bc3f-1695-4718-9aee-6ce870f760ca does not exist. Creating ...
2023-05-04 21:54:25,222 [pool-215-thread-1] INFO  storage.RaftStorageDirectory (RaftStorageDirectoryImpl.java:tryLock(231)) - Lock on /home/runner/work/ozone/ozone/hadoop-ozone/integration-test/target/test-dir/MiniOzoneClusterImpl-52a188dd-66b8-45b2-ab7c-675c0ee04825/datanode-6/data/ratis/d539bc3f-1695-4718-9aee-6ce870f760ca/in_use.lock acquired by nodename 25128@fv-az133-721
2023-05-04 21:54:25,223 [pool-215-thread-1] INFO  storage.RaftStorage (RaftStorageImpl.java:format(96)) - Storage directory /home/runner/work/ozone/ozone/hadoop-ozone/integration-test/target/test-dir/MiniOzoneClusterImpl-52a188dd-66b8-45b2-ab7c-675c0ee04825/datanode-6/data/ratis/d539bc3f-1695-4718-9aee-6ce870f760ca has been successfully formatted.
2023-05-04 21:54:25,227 [pool-215-thread-1] INFO  ratis.ContainerStateMachine (ContainerStateMachine.java:loadSnapshot(262)) - group-6CE870F760CA: The snapshot info is null. Setting the last applied indexto:(t:0, i:~)
2023-05-04 21:54:25,227 [pool-215-thread-1] INFO  server.RaftServerConfigKeys (ConfUtils.java:logGet(46)) - raft.server.log.use.memory = false (default)
2023-05-04 21:54:25,227 [pool-215-thread-1] INFO  server.RaftServerConfigKeys (ConfUtils.java:logGet(46)) - raft.server.log.purge.gap = 1000000 (custom)
2023-05-04 21:54:25,227 [pool-215-thread-1] INFO  server.RaftServerConfigKeys (ConfUtils.java:logGet(46)) - raft.server.log.appender.buffer.byte-limit = 33554432 (custom)
2023-05-04 21:54:25,227 [pool-215-thread-1] INFO  server.RaftServerConfigKeys (ConfUtils.java:logGet(46)) - raft.server.log.statemachine.data.read.timeout = 1000ms (default)
2023-05-04 21:54:25,227 [pool-215-thread-1] INFO  server.RaftServerConfigKeys (ConfUtils.java:logGet(46)) - raft.server.log.purge.preservation.log.num = 0 (default)
2023-05-04 21:54:25,227 [pool-215-thread-1] INFO  server.RaftServerConfigKeys (ConfUtils.java:logGet(46)) - raft.server.log.segment.size.max = 1048576 (custom)
2023-05-04 21:54:25,228 [pool-215-thread-1] INFO  server.RaftServerConfigKeys (ConfUtils.java:logGet(46)) - raft.server.log.segment.cache.num.max = 2 (custom)
2023-05-04 21:54:25,228 [pool-215-thread-1] INFO  server.RaftServerConfigKeys (ConfUtils.java:logGet(46)) - raft.server.log.segment.cache.size.max = 200MB (=209715200) (default)
2023-05-04 21:54:25,228 [pool-215-thread-1] INFO  segmented.SegmentedRaftLogWorker (SegmentedRaftLogWorker.java:<init>(189)) - new 7a25d7ac-269f-485a-96a1-a3fbc0da93f8@group-6CE870F760CA-SegmentedRaftLogWorker for RaftStorageImpl:Storage Directory /home/runner/work/ozone/ozone/hadoop-ozone/integration-test/target/test-dir/MiniOzoneClusterImpl-52a188dd-66b8-45b2-ab7c-675c0ee04825/datanode-6/data/ratis/d539bc3f-1695-4718-9aee-6ce870f760ca
2023-05-04 21:54:25,228 [pool-215-thread-1] INFO  server.RaftServerConfigKeys (ConfUtils.java:logGet(46)) - raft.server.log.queue.byte-limit = 4294967296 (custom)
2023-05-04 21:54:25,228 [pool-215-thread-1] INFO  server.RaftServerConfigKeys (ConfUtils.java:logGet(46)) - raft.server.log.queue.element-limit = 1024 (custom)
2023-05-04 21:54:25,228 [pool-215-thread-1] INFO  server.RaftServerConfigKeys (ConfUtils.java:logGet(46)) - raft.server.log.segment.size.max = 1048576 (custom)
2023-05-04 21:54:25,228 [EventQueue-PipelineReportForPipelineReportHandler] INFO  pipeline.PipelineManagerImpl (PipelineManagerImpl.java:openPipeline(367)) - Pipeline Pipeline[ Id: d539bc3f-1695-4718-9aee-6ce870f760ca, Nodes: 7a25d7ac-269f-485a-96a1-a3fbc0da93f8(fv-az133-721.yhipumr4050edinzmvad0xeera.cx.internal.cloudapp.net/10.1.0.44), ReplicationConfig: RATIS/ONE, State:ALLOCATED, leaderId:7a25d7ac-269f-485a-96a1-a3fbc0da93f8, CreationTimestamp2023-05-04T21:54:22.218Z[Etc/UTC]] moved to OPEN state
2023-05-04 21:54:25,229 [pool-215-thread-1] INFO  server.RaftServerConfigKeys (ConfUtils.java:logGet(46)) - raft.server.log.preallocated.size = 16384 (custom)
2023-05-04 21:54:25,229 [pool-215-thread-1] INFO  server.RaftServerConfigKeys (ConfUtils.java:logGet(46)) - raft.server.log.force.sync.num = 128 (default)
2023-05-04 21:54:25,229 [pool-215-thread-1] INFO  server.RaftServerConfigKeys (ConfUtils.java:logGet(46)) - raft.server.log.statemachine.data.sync = true (default)
2023-05-04 21:54:25,229 [pool-215-thread-1] INFO  server.RaftServerConfigKeys (ConfUtils.java:logGet(46)) - raft.server.log.statemachine.data.sync.timeout = 10s (default)
2023-05-04 21:54:25,229 [pool-215-thread-1] INFO  server.RaftServerConfigKeys (ConfUtils.java:logGet(46)) - raft.server.log.statemachine.data.sync.timeout.retry = -1 (default)
2023-05-04 21:54:25,230 [EventQueue-OpenPipelineForHealthyPipelineSafeModeRule] INFO  safemode.SCMSafeModeManager (HealthyPipelineSafeModeRule.java:process(137)) - SCM in safe mode. Healthy pipelines reported count is 0, required healthy pipeline reported count is 1
2023-05-04 21:54:25,231 [pool-215-thread-1] INFO  server.RaftServerConfigKeys (ConfUtils.java:logGet(46)) - raft.server.log.write.buffer.size = 1048576 (custom)
2023-05-04 21:54:25,231 [pool-215-thread-1] INFO  server.RaftServerConfigKeys (ConfUtils.java:logGet(46)) - raft.server.log.appender.buffer.byte-limit = 33554432 (custom)
2023-05-04 21:54:25,238 [pool-215-thread-1] INFO  server.RaftServerConfigKeys (ConfUtils.java:logGet(46)) - raft.server.log.unsafe-flush.enabled = false (default)
2023-05-04 21:54:25,238 [pool-215-thread-1] INFO  server.RaftServerConfigKeys (ConfUtils.java:logGet(46)) - raft.server.log.async-flush.enabled = false (default)
2023-05-04 21:54:25,238 [pool-215-thread-1] INFO  server.RaftServerConfigKeys (ConfUtils.java:logGet(46)) - raft.server.log.statemachine.data.caching.enabled = true (custom)
2023-05-04 21:54:25,238 [pool-215-thread-1] INFO  segmented.SegmentedRaftLogWorker (SegmentedRaftLogWorker.java:lambda$new$0(135)) - 7a25d7ac-269f-485a-96a1-a3fbc0da93f8@group-6CE870F760CA-SegmentedRaftLogWorker: flushIndex: setUnconditionally 0 -> -1
2023-05-04 21:54:25,238 [pool-215-thread-1] INFO  segmented.SegmentedRaftLogWorker (SegmentedRaftLogWorker.java:lambda$new$0(135)) - 7a25d7ac-269f-485a-96a1-a3fbc0da93f8@group-6CE870F760CA-SegmentedRaftLogWorker: safeCacheEvictIndex: setUnconditionally 0 -> -1
2023-05-04 21:54:25,239 [pool-215-thread-1] INFO  server.RaftServer$Division (RaftServerImpl.java:start(334)) - 7a25d7ac-269f-485a-96a1-a3fbc0da93f8@group-6CE870F760CA: start as a follower, conf=-1: peers:[7a25d7ac-269f-485a-96a1-a3fbc0da93f8|rpc:10.1.0.44:38519|dataStream:10.1.0.44:33389|priority:1|startupRole:FOLLOWER]|listeners:[], old=null
2023-05-04 21:54:25,239 [pool-215-thread-1] INFO  server.RaftServer$Division (RaftServerImpl.java:setRole(321)) - 7a25d7ac-269f-485a-96a1-a3fbc0da93f8@group-6CE870F760CA: changes role from      null to FOLLOWER at term 0 for startAsFollower
2023-05-04 21:54:25,239 [pool-215-thread-1] INFO  impl.RoleInfo (RoleInfo.java:updateAndGet(139)) - 7a25d7ac-269f-485a-96a1-a3fbc0da93f8: start 7a25d7ac-269f-485a-96a1-a3fbc0da93f8@group-6CE870F760CA-FollowerState
2023-05-04 21:54:25,245 [pool-215-thread-1] INFO  util.JmxRegister (JmxRegister.java:tryRegister(44)) - Successfully registered JMX Bean with object name Ratis:service=RaftServer,group=group-6CE870F760CA,id=7a25d7ac-269f-485a-96a1-a3fbc0da93f8
2023-05-04 21:54:25,245 [pool-215-thread-1] INFO  server.RaftServerConfigKeys (ConfUtils.java:logGet(46)) - raft.server.snapshot.auto.trigger.enabled = true (custom)
2023-05-04 21:54:25,245 [pool-215-thread-1] INFO  server.RaftServerConfigKeys (ConfUtils.java:logGet(46)) - raft.server.snapshot.auto.trigger.threshold = 10000 (custom)
2023-05-04 21:54:25,245 [pool-215-thread-1] INFO  server.RaftServerConfigKeys (ConfUtils.java:logGet(46)) - raft.server.snapshot.retention.file.num = 5 (custom)
2023-05-04 21:54:25,245 [pool-215-thread-1] INFO  server.RaftServerConfigKeys (ConfUtils.java:logGet(46)) - raft.server.log.purge.upto.snapshot.index = false (default)
2023-05-04 21:54:25,246 [Command processor thread] INFO  ratis.XceiverServerRatis (XceiverServerRatis.java:addGroup(806)) - Created group PipelineID=d539bc3f-1695-4718-9aee-6ce870f760ca
2023-05-04 21:54:25,246 [Command processor thread] INFO  commandhandler.CreatePipelineCommandHandler (CreatePipelineCommandHandler.java:handle(113)) - Created Pipeline RATIS ONE PipelineID=d539bc3f-1695-4718-9aee-6ce870f760ca.
2023-05-04 21:54:25,247 [Command processor thread] INFO  server.RaftServer (RaftServerProxy.java:addNew(96)) - 7a25d7ac-269f-485a-96a1-a3fbc0da93f8: addNew group-534E19DD0F01:[7a25d7ac-269f-485a-96a1-a3fbc0da93f8|rpc:10.1.0.44:38519|dataStream:10.1.0.44:33389|priority:0|startupRole:FOLLOWER, 9dbc72e3-9cc3-404d-a7a0-986f3a32b37f|rpc:10.1.0.44:39725|dataStream:10.1.0.44:33233|priority:0|startupRole:FOLLOWER, 4c10edfb-6769-4396-b189-3c3a2dc734f1|rpc:10.1.0.44:42105|dataStream:10.1.0.44:42449|priority:1|startupRole:FOLLOWER] returns group-534E19DD0F01:java.util.concurrent.CompletableFuture@9bd2767[Not completed]
2023-05-04 21:54:25,248 [pool-215-thread-1] INFO  server.RaftServer$Division (RaftServerImpl.java:<init>(195)) - 7a25d7ac-269f-485a-96a1-a3fbc0da93f8: new RaftServerImpl for group-534E19DD0F01:[7a25d7ac-269f-485a-96a1-a3fbc0da93f8|rpc:10.1.0.44:38519|dataStream:10.1.0.44:33389|priority:0|startupRole:FOLLOWER, 9dbc72e3-9cc3-404d-a7a0-986f3a32b37f|rpc:10.1.0.44:39725|dataStream:10.1.0.44:33233|priority:0|startupRole:FOLLOWER, 4c10edfb-6769-4396-b189-3c3a2dc734f1|rpc:10.1.0.44:42105|dataStream:10.1.0.44:42449|priority:1|startupRole:FOLLOWER] with ContainerStateMachine:uninitialized
2023-05-04 21:54:25,248 [pool-215-thread-1] INFO  server.RaftServerConfigKeys (ConfUtils.java:logGet(46)) - raft.server.rpc.timeout.min = 5s (custom)
2023-05-04 21:54:25,248 [pool-215-thread-1] INFO  server.RaftServerConfigKeys (ConfUtils.java:logGet(46)) - raft.server.rpc.timeout.max = 5200ms (custom)
2023-05-04 21:54:25,248 [pool-215-thread-1] INFO  server.RaftServerConfigKeys (ConfUtils.java:logGet(46)) - raft.server.rpc.sleep.time = 25ms (default)
2023-05-04 21:54:25,248 [pool-215-thread-1] INFO  server.RaftServerConfigKeys (ConfUtils.java:logGet(46)) - raft.server.rpc.slowness.timeout = 300s (custom)
2023-05-04 21:54:25,248 [pool-215-thread-1] INFO  server.RaftServerConfigKeys (ConfUtils.java:logGet(46)) - raft.server.leaderelection.leader.step-down.wait-time = 10s (default)
2023-05-04 21:54:25,248 [pool-215-thread-1] INFO  server.RaftServerConfigKeys (ConfUtils.java:logGet(46)) - raft.server.sleep.deviation.threshold = 300ms (default)
2023-05-04 21:54:25,248 [pool-215-thread-1] INFO  server.RaftServer$Division (ServerState.java:<init>(118)) - 7a25d7ac-269f-485a-96a1-a3fbc0da93f8@group-534E19DD0F01: ConfigurationManager, init=-1: peers:[7a25d7ac-269f-485a-96a1-a3fbc0da93f8|rpc:10.1.0.44:38519|dataStream:10.1.0.44:33389|priority:0|startupRole:FOLLOWER, 9dbc72e3-9cc3-404d-a7a0-986f3a32b37f|rpc:10.1.0.44:39725|dataStream:10.1.0.44:33233|priority:0|startupRole:FOLLOWER, 4c10edfb-6769-4396-b189-3c3a2dc734f1|rpc:10.1.0.44:42105|dataStream:10.1.0.44:42449|priority:1|startupRole:FOLLOWER]|listeners:[], old=null, confs=<EMPTY_MAP>
2023-05-04 21:54:25,248 [pool-215-thread-1] INFO  server.RaftServerConfigKeys (ConfUtils.java:logGet(46)) - raft.server.storage.dir = [/home/runner/work/ozone/ozone/hadoop-ozone/integration-test/target/test-dir/MiniOzoneClusterImpl-52a188dd-66b8-45b2-ab7c-675c0ee04825/datanode-6/data/ratis] (custom)
2023-05-04 21:54:25,248 [pool-215-thread-1] INFO  server.RaftServerConfigKeys (ConfUtils.java:logGet(46)) - raft.server.log.corruption.policy = EXCEPTION (default)
2023-05-04 21:54:25,248 [pool-215-thread-1] INFO  server.RaftServerConfigKeys (ConfUtils.java:logGet(46)) - raft.server.storage.free-space.min = 0MB (=0) (default)
2023-05-04 21:54:25,249 [pool-215-thread-1] INFO  server.RaftServerConfigKeys (ConfUtils.java:logGet(46)) - raft.server.notification.no-leader.timeout = 300s (custom)
2023-05-04 21:54:25,249 [pool-215-thread-1] INFO  server.RaftServerConfigKeys (ConfUtils.java:logGet(46)) - raft.server.retrycache.expirytime = 600000ms (custom)
2023-05-04 21:54:25,249 [pool-215-thread-1] INFO  server.RaftServerConfigKeys (ConfUtils.java:logGet(46)) - raft.server.retrycache.statistics.expirytime = 100μs (default)
2023-05-04 21:54:25,250 [pool-215-thread-1] INFO  server.RaftServerConfigKeys (ConfUtils.java:logGet(46)) - raft.server.log.appender.install.snapshot.enabled = false (custom)
2023-05-04 21:54:25,250 [pool-215-thread-1] INFO  server.RaftServerConfigKeys (ConfUtils.java:logGet(46)) - raft.server.threadpool.server.cached = true (default)
2023-05-04 21:54:25,250 [pool-215-thread-1] INFO  server.RaftServerConfigKeys (ConfUtils.java:logGet(46)) - raft.server.threadpool.server.size = 0 (default)
2023-05-04 21:54:25,250 [pool-215-thread-1] INFO  server.RaftServerConfigKeys (ConfUtils.java:logGet(46)) - raft.server.threadpool.client.cached = true (default)
2023-05-04 21:54:25,250 [pool-215-thread-1] INFO  server.RaftServerConfigKeys (ConfUtils.java:logGet(46)) - raft.server.threadpool.client.size = 0 (default)
2023-05-04 21:54:25,250 [pool-215-thread-1] INFO  storage.RaftStorageDirectory (RaftStorageDirectoryImpl.java:analyzeStorage(137)) - The storage directory /home/runner/work/ozone/ozone/hadoop-ozone/integration-test/target/test-dir/MiniOzoneClusterImpl-52a188dd-66b8-45b2-ab7c-675c0ee04825/datanode-6/data/ratis/82c1113e-5330-433c-bd2c-534e19dd0f01 does not exist. Creating ...
2023-05-04 21:54:25,252 [7a25d7ac-269f-485a-96a1-a3fbc0da93f8@group-6CE870F760CA-FollowerState] INFO  server.RaftServerConfigKeys (ConfUtils.java:logFallback(53)) - raft.server.rpc.first-election.timeout.min = 5s (fallback to raft.server.rpc.timeout.min)
2023-05-04 21:54:25,252 [7a25d7ac-269f-485a-96a1-a3fbc0da93f8@group-6CE870F760CA-FollowerState] INFO  server.RaftServerConfigKeys (ConfUtils.java:logFallback(53)) - raft.server.rpc.first-election.timeout.max = 5200ms (fallback to raft.server.rpc.timeout.max)
2023-05-04 21:54:25,254 [pool-215-thread-1] INFO  storage.RaftStorageDirectory (RaftStorageDirectoryImpl.java:tryLock(231)) - Lock on /home/runner/work/ozone/ozone/hadoop-ozone/integration-test/target/test-dir/MiniOzoneClusterImpl-52a188dd-66b8-45b2-ab7c-675c0ee04825/datanode-6/data/ratis/82c1113e-5330-433c-bd2c-534e19dd0f01/in_use.lock acquired by nodename 25128@fv-az133-721
2023-05-04 21:54:25,255 [pool-215-thread-1] INFO  storage.RaftStorage (RaftStorageImpl.java:format(96)) - Storage directory /home/runner/work/ozone/ozone/hadoop-ozone/integration-test/target/test-dir/MiniOzoneClusterImpl-52a188dd-66b8-45b2-ab7c-675c0ee04825/datanode-6/data/ratis/82c1113e-5330-433c-bd2c-534e19dd0f01 has been successfully formatted.
2023-05-04 21:54:25,255 [pool-215-thread-1] INFO  ratis.ContainerStateMachine (ContainerStateMachine.java:loadSnapshot(262)) - group-534E19DD0F01: The snapshot info is null. Setting the last applied indexto:(t:0, i:~)
2023-05-04 21:54:25,255 [pool-215-thread-1] INFO  server.RaftServerConfigKeys (ConfUtils.java:logGet(46)) - raft.server.log.use.memory = false (default)
2023-05-04 21:54:25,255 [pool-215-thread-1] INFO  server.RaftServerConfigKeys (ConfUtils.java:logGet(46)) - raft.server.log.purge.gap = 1000000 (custom)
2023-05-04 21:54:25,255 [pool-215-thread-1] INFO  server.RaftServerConfigKeys (ConfUtils.java:logGet(46)) - raft.server.log.appender.buffer.byte-limit = 33554432 (custom)
2023-05-04 21:54:25,256 [pool-215-thread-1] INFO  server.RaftServerConfigKeys (ConfUtils.java:logGet(46)) - raft.server.log.statemachine.data.read.timeout = 1000ms (default)
2023-05-04 21:54:25,256 [pool-215-thread-1] INFO  server.RaftServerConfigKeys (ConfUtils.java:logGet(46)) - raft.server.log.purge.preservation.log.num = 0 (default)
2023-05-04 21:54:25,256 [pool-215-thread-1] INFO  server.RaftServerConfigKeys (ConfUtils.java:logGet(46)) - raft.server.log.segment.size.max = 1048576 (custom)
2023-05-04 21:54:25,256 [pool-215-thread-1] INFO  server.RaftServerConfigKeys (ConfUtils.java:logGet(46)) - raft.server.log.segment.cache.num.max = 2 (custom)
2023-05-04 21:54:25,256 [pool-215-thread-1] INFO  server.RaftServerConfigKeys (ConfUtils.java:logGet(46)) - raft.server.log.segment.cache.size.max = 200MB (=209715200) (default)
2023-05-04 21:54:25,256 [pool-215-thread-1] INFO  segmented.SegmentedRaftLogWorker (SegmentedRaftLogWorker.java:<init>(189)) - new 7a25d7ac-269f-485a-96a1-a3fbc0da93f8@group-534E19DD0F01-SegmentedRaftLogWorker for RaftStorageImpl:Storage Directory /home/runner/work/ozone/ozone/hadoop-ozone/integration-test/target/test-dir/MiniOzoneClusterImpl-52a188dd-66b8-45b2-ab7c-675c0ee04825/datanode-6/data/ratis/82c1113e-5330-433c-bd2c-534e19dd0f01
2023-05-04 21:54:25,256 [pool-215-thread-1] INFO  server.RaftServerConfigKeys (ConfUtils.java:logGet(46)) - raft.server.log.queue.byte-limit = 4294967296 (custom)
2023-05-04 21:54:25,257 [EventQueue-OpenPipelineForHealthyPipelineSafeModeRule] INFO  safemode.SCMSafeModeManager (HealthyPipelineSafeModeRule.java:process(137)) - SCM in safe mode. Healthy pipelines reported count is 0, required healthy pipeline reported count is 1
2023-05-04 21:54:25,258 [pool-215-thread-1] INFO  server.RaftServerConfigKeys (ConfUtils.java:logGet(46)) - raft.server.log.queue.element-limit = 1024 (custom)
2023-05-04 21:54:25,258 [pool-215-thread-1] INFO  server.RaftServerConfigKeys (ConfUtils.java:logGet(46)) - raft.server.log.segment.size.max = 1048576 (custom)
2023-05-04 21:54:25,259 [pool-215-thread-1] INFO  server.RaftServerConfigKeys (ConfUtils.java:logGet(46)) - raft.server.log.preallocated.size = 16384 (custom)
2023-05-04 21:54:25,259 [pool-215-thread-1] INFO  server.RaftServerConfigKeys (ConfUtils.java:logGet(46)) - raft.server.log.force.sync.num = 128 (default)
2023-05-04 21:54:25,259 [pool-215-thread-1] INFO  server.RaftServerConfigKeys (ConfUtils.java:logGet(46)) - raft.server.log.statemachine.data.sync = true (default)
2023-05-04 21:54:25,259 [pool-215-thread-1] INFO  server.RaftServerConfigKeys (ConfUtils.java:logGet(46)) - raft.server.log.statemachine.data.sync.timeout = 10s (default)
2023-05-04 21:54:25,259 [pool-215-thread-1] INFO  server.RaftServerConfigKeys (ConfUtils.java:logGet(46)) - raft.server.log.statemachine.data.sync.timeout.retry = -1 (default)
2023-05-04 21:54:25,261 [pool-215-thread-1] INFO  server.RaftServerConfigKeys (ConfUtils.java:logGet(46)) - raft.server.log.write.buffer.size = 1048576 (custom)
2023-05-04 21:54:25,262 [pool-215-thread-1] INFO  server.RaftServerConfigKeys (ConfUtils.java:logGet(46)) - raft.server.log.appender.buffer.byte-limit = 33554432 (custom)
2023-05-04 21:54:25,268 [pool-215-thread-1] INFO  server.RaftServerConfigKeys (ConfUtils.java:logGet(46)) - raft.server.log.unsafe-flush.enabled = false (default)
2023-05-04 21:54:25,268 [pool-215-thread-1] INFO  server.RaftServerConfigKeys (ConfUtils.java:logGet(46)) - raft.server.log.async-flush.enabled = false (default)
2023-05-04 21:54:25,268 [pool-215-thread-1] INFO  server.RaftServerConfigKeys (ConfUtils.java:logGet(46)) - raft.server.log.statemachine.data.caching.enabled = true (custom)
2023-05-04 21:54:25,268 [pool-215-thread-1] INFO  segmented.SegmentedRaftLogWorker (SegmentedRaftLogWorker.java:lambda$new$0(135)) - 7a25d7ac-269f-485a-96a1-a3fbc0da93f8@group-534E19DD0F01-SegmentedRaftLogWorker: flushIndex: setUnconditionally 0 -> -1
2023-05-04 21:54:25,268 [pool-215-thread-1] INFO  segmented.SegmentedRaftLogWorker (SegmentedRaftLogWorker.java:lambda$new$0(135)) - 7a25d7ac-269f-485a-96a1-a3fbc0da93f8@group-534E19DD0F01-SegmentedRaftLogWorker: safeCacheEvictIndex: setUnconditionally 0 -> -1
2023-05-04 21:54:25,269 [pool-215-thread-1] INFO  server.RaftServer$Division (RaftServerImpl.java:start(334)) - 7a25d7ac-269f-485a-96a1-a3fbc0da93f8@group-534E19DD0F01: start as a follower, conf=-1: peers:[7a25d7ac-269f-485a-96a1-a3fbc0da93f8|rpc:10.1.0.44:38519|dataStream:10.1.0.44:33389|priority:0|startupRole:FOLLOWER, 9dbc72e3-9cc3-404d-a7a0-986f3a32b37f|rpc:10.1.0.44:39725|dataStream:10.1.0.44:33233|priority:0|startupRole:FOLLOWER, 4c10edfb-6769-4396-b189-3c3a2dc734f1|rpc:10.1.0.44:42105|dataStream:10.1.0.44:42449|priority:1|startupRole:FOLLOWER]|listeners:[], old=null
2023-05-04 21:54:25,269 [pool-215-thread-1] INFO  server.RaftServer$Division (RaftServerImpl.java:setRole(321)) - 7a25d7ac-269f-485a-96a1-a3fbc0da93f8@group-534E19DD0F01: changes role from      null to FOLLOWER at term 0 for startAsFollower
2023-05-04 21:54:25,269 [pool-215-thread-1] INFO  impl.RoleInfo (RoleInfo.java:updateAndGet(139)) - 7a25d7ac-269f-485a-96a1-a3fbc0da93f8: start 7a25d7ac-269f-485a-96a1-a3fbc0da93f8@group-534E19DD0F01-FollowerState
2023-05-04 21:54:25,270 [pool-215-thread-1] INFO  util.JmxRegister (JmxRegister.java:tryRegister(44)) - Successfully registered JMX Bean with object name Ratis:service=RaftServer,group=group-534E19DD0F01,id=7a25d7ac-269f-485a-96a1-a3fbc0da93f8
2023-05-04 21:54:25,270 [pool-215-thread-1] INFO  server.RaftServerConfigKeys (ConfUtils.java:logGet(46)) - raft.server.snapshot.auto.trigger.enabled = true (custom)
2023-05-04 21:54:25,270 [pool-215-thread-1] INFO  server.RaftServerConfigKeys (ConfUtils.java:logGet(46)) - raft.server.snapshot.auto.trigger.threshold = 10000 (custom)
2023-05-04 21:54:25,270 [pool-215-thread-1] INFO  server.RaftServerConfigKeys (ConfUtils.java:logGet(46)) - raft.server.snapshot.retention.file.num = 5 (custom)
2023-05-04 21:54:25,270 [pool-215-thread-1] INFO  server.RaftServerConfigKeys (ConfUtils.java:logGet(46)) - raft.server.log.purge.upto.snapshot.index = false (default)
2023-05-04 21:54:25,271 [7a25d7ac-269f-485a-96a1-a3fbc0da93f8@group-534E19DD0F01-FollowerState] INFO  server.RaftServerConfigKeys (ConfUtils.java:logFallback(53)) - raft.server.rpc.first-election.timeout.min = 5s (fallback to raft.server.rpc.timeout.min)
2023-05-04 21:54:25,271 [7a25d7ac-269f-485a-96a1-a3fbc0da93f8@group-534E19DD0F01-FollowerState] INFO  server.RaftServerConfigKeys (ConfUtils.java:logFallback(53)) - raft.server.rpc.first-election.timeout.max = 5200ms (fallback to raft.server.rpc.timeout.max)
2023-05-04 21:54:25,273 [Command processor thread] INFO  ratis.XceiverServerRatis (XceiverServerRatis.java:addGroup(806)) - Created group PipelineID=82c1113e-5330-433c-bd2c-534e19dd0f01
2023-05-04 21:54:25,290 [grpc-default-executor-1] INFO  server.RaftServer (RaftServerProxy.java:addNew(96)) - 9dbc72e3-9cc3-404d-a7a0-986f3a32b37f: addNew group-534E19DD0F01:[7a25d7ac-269f-485a-96a1-a3fbc0da93f8|rpc:10.1.0.44:38519|dataStream:10.1.0.44:33389|priority:0|startupRole:FOLLOWER, 9dbc72e3-9cc3-404d-a7a0-986f3a32b37f|rpc:10.1.0.44:39725|dataStream:10.1.0.44:33233|priority:0|startupRole:FOLLOWER, 4c10edfb-6769-4396-b189-3c3a2dc734f1|rpc:10.1.0.44:42105|dataStream:10.1.0.44:42449|priority:1|startupRole:FOLLOWER] returns group-534E19DD0F01:java.util.concurrent.CompletableFuture@3e61a8d7[Not completed]
2023-05-04 21:54:25,291 [pool-241-thread-1] INFO  server.RaftServer$Division (RaftServerImpl.java:<init>(195)) - 9dbc72e3-9cc3-404d-a7a0-986f3a32b37f: new RaftServerImpl for group-534E19DD0F01:[7a25d7ac-269f-485a-96a1-a3fbc0da93f8|rpc:10.1.0.44:38519|dataStream:10.1.0.44:33389|priority:0|startupRole:FOLLOWER, 9dbc72e3-9cc3-404d-a7a0-986f3a32b37f|rpc:10.1.0.44:39725|dataStream:10.1.0.44:33233|priority:0|startupRole:FOLLOWER, 4c10edfb-6769-4396-b189-3c3a2dc734f1|rpc:10.1.0.44:42105|dataStream:10.1.0.44:42449|priority:1|startupRole:FOLLOWER] with ContainerStateMachine:uninitialized
2023-05-04 21:54:25,291 [pool-241-thread-1] INFO  server.RaftServerConfigKeys (ConfUtils.java:logGet(46)) - raft.server.rpc.timeout.min = 5s (custom)
2023-05-04 21:54:25,291 [pool-241-thread-1] INFO  server.RaftServerConfigKeys (ConfUtils.java:logGet(46)) - raft.server.rpc.timeout.max = 5200ms (custom)
2023-05-04 21:54:25,291 [pool-241-thread-1] INFO  server.RaftServerConfigKeys (ConfUtils.java:logGet(46)) - raft.server.rpc.sleep.time = 25ms (default)
2023-05-04 21:54:25,291 [pool-241-thread-1] INFO  server.RaftServerConfigKeys (ConfUtils.java:logGet(46)) - raft.server.rpc.slowness.timeout = 300s (custom)
2023-05-04 21:54:25,292 [pool-241-thread-1] INFO  server.RaftServerConfigKeys (ConfUtils.java:logGet(46)) - raft.server.leaderelection.leader.step-down.wait-time = 10s (default)
2023-05-04 21:54:25,292 [pool-241-thread-1] INFO  server.RaftServerConfigKeys (ConfUtils.java:logGet(46)) - raft.server.sleep.deviation.threshold = 300ms (default)
2023-05-04 21:54:25,293 [pool-241-thread-1] INFO  server.RaftServer$Division (ServerState.java:<init>(118)) - 9dbc72e3-9cc3-404d-a7a0-986f3a32b37f@group-534E19DD0F01: ConfigurationManager, init=-1: peers:[7a25d7ac-269f-485a-96a1-a3fbc0da93f8|rpc:10.1.0.44:38519|dataStream:10.1.0.44:33389|priority:0|startupRole:FOLLOWER, 9dbc72e3-9cc3-404d-a7a0-986f3a32b37f|rpc:10.1.0.44:39725|dataStream:10.1.0.44:33233|priority:0|startupRole:FOLLOWER, 4c10edfb-6769-4396-b189-3c3a2dc734f1|rpc:10.1.0.44:42105|dataStream:10.1.0.44:42449|priority:1|startupRole:FOLLOWER]|listeners:[], old=null, confs=<EMPTY_MAP>
2023-05-04 21:54:25,294 [pool-241-thread-1] INFO  server.RaftServerConfigKeys (ConfUtils.java:logGet(46)) - raft.server.storage.dir = [/home/runner/work/ozone/ozone/hadoop-ozone/integration-test/target/test-dir/MiniOzoneClusterImpl-52a188dd-66b8-45b2-ab7c-675c0ee04825/datanode-7/data/ratis] (custom)
2023-05-04 21:54:25,294 [pool-241-thread-1] INFO  server.RaftServerConfigKeys (ConfUtils.java:logGet(46)) - raft.server.log.corruption.policy = EXCEPTION (default)
2023-05-04 21:54:25,294 [pool-241-thread-1] INFO  server.RaftServerConfigKeys (ConfUtils.java:logGet(46)) - raft.server.storage.free-space.min = 0MB (=0) (default)
2023-05-04 21:54:25,294 [pool-241-thread-1] INFO  server.RaftServerConfigKeys (ConfUtils.java:logGet(46)) - raft.server.notification.no-leader.timeout = 300s (custom)
2023-05-04 21:54:25,294 [pool-241-thread-1] INFO  server.RaftServerConfigKeys (ConfUtils.java:logGet(46)) - raft.server.retrycache.expirytime = 600000ms (custom)
2023-05-04 21:54:25,294 [pool-241-thread-1] INFO  server.RaftServerConfigKeys (ConfUtils.java:logGet(46)) - raft.server.retrycache.statistics.expirytime = 100μs (default)
2023-05-04 21:54:25,297 [pool-241-thread-1] INFO  server.RaftServerConfigKeys (ConfUtils.java:logGet(46)) - raft.server.log.appender.install.snapshot.enabled = false (custom)
2023-05-04 21:54:25,297 [pool-241-thread-1] INFO  server.RaftServerConfigKeys (ConfUtils.java:logGet(46)) - raft.server.threadpool.server.cached = true (default)
2023-05-04 21:54:25,297 [pool-241-thread-1] INFO  server.RaftServerConfigKeys (ConfUtils.java:logGet(46)) - raft.server.threadpool.server.size = 0 (default)
2023-05-04 21:54:25,297 [pool-241-thread-1] INFO  server.RaftServerConfigKeys (ConfUtils.java:logGet(46)) - raft.server.threadpool.client.cached = true (default)
2023-05-04 21:54:25,297 [pool-241-thread-1] INFO  server.RaftServerConfigKeys (ConfUtils.java:logGet(46)) - raft.server.threadpool.client.size = 0 (default)
2023-05-04 21:54:25,297 [pool-241-thread-1] INFO  storage.RaftStorageDirectory (RaftStorageDirectoryImpl.java:analyzeStorage(137)) - The storage directory /home/runner/work/ozone/ozone/hadoop-ozone/integration-test/target/test-dir/MiniOzoneClusterImpl-52a188dd-66b8-45b2-ab7c-675c0ee04825/datanode-7/data/ratis/82c1113e-5330-433c-bd2c-534e19dd0f01 does not exist. Creating ...
2023-05-04 21:54:25,299 [pool-241-thread-1] INFO  storage.RaftStorageDirectory (RaftStorageDirectoryImpl.java:tryLock(231)) - Lock on /home/runner/work/ozone/ozone/hadoop-ozone/integration-test/target/test-dir/MiniOzoneClusterImpl-52a188dd-66b8-45b2-ab7c-675c0ee04825/datanode-7/data/ratis/82c1113e-5330-433c-bd2c-534e19dd0f01/in_use.lock acquired by nodename 25128@fv-az133-721
2023-05-04 21:54:25,301 [pool-241-thread-1] INFO  storage.RaftStorage (RaftStorageImpl.java:format(96)) - Storage directory /home/runner/work/ozone/ozone/hadoop-ozone/integration-test/target/test-dir/MiniOzoneClusterImpl-52a188dd-66b8-45b2-ab7c-675c0ee04825/datanode-7/data/ratis/82c1113e-5330-433c-bd2c-534e19dd0f01 has been successfully formatted.
2023-05-04 21:54:25,307 [pool-241-thread-1] INFO  ratis.ContainerStateMachine (ContainerStateMachine.java:loadSnapshot(262)) - group-534E19DD0F01: The snapshot info is null. Setting the last applied indexto:(t:0, i:~)
2023-05-04 21:54:25,307 [pool-241-thread-1] INFO  server.RaftServerConfigKeys (ConfUtils.java:logGet(46)) - raft.server.log.use.memory = false (default)
2023-05-04 21:54:25,307 [pool-241-thread-1] INFO  server.RaftServerConfigKeys (ConfUtils.java:logGet(46)) - raft.server.log.purge.gap = 1000000 (custom)
2023-05-04 21:54:25,308 [pool-241-thread-1] INFO  server.RaftServerConfigKeys (ConfUtils.java:logGet(46)) - raft.server.log.appender.buffer.byte-limit = 33554432 (custom)
2023-05-04 21:54:25,308 [pool-241-thread-1] INFO  server.RaftServerConfigKeys (ConfUtils.java:logGet(46)) - raft.server.log.statemachine.data.read.timeout = 1000ms (default)
2023-05-04 21:54:25,308 [pool-241-thread-1] INFO  server.RaftServerConfigKeys (ConfUtils.java:logGet(46)) - raft.server.log.purge.preservation.log.num = 0 (default)
2023-05-04 21:54:25,308 [pool-241-thread-1] INFO  server.RaftServerConfigKeys (ConfUtils.java:logGet(46)) - raft.server.log.segment.size.max = 1048576 (custom)
2023-05-04 21:54:25,309 [pool-241-thread-1] INFO  server.RaftServerConfigKeys (ConfUtils.java:logGet(46)) - raft.server.log.segment.cache.num.max = 2 (custom)
2023-05-04 21:54:25,309 [pool-241-thread-1] INFO  server.RaftServerConfigKeys (ConfUtils.java:logGet(46)) - raft.server.log.segment.cache.size.max = 200MB (=209715200) (default)
2023-05-04 21:54:25,309 [pool-241-thread-1] INFO  segmented.SegmentedRaftLogWorker (SegmentedRaftLogWorker.java:<init>(189)) - new 9dbc72e3-9cc3-404d-a7a0-986f3a32b37f@group-534E19DD0F01-SegmentedRaftLogWorker for RaftStorageImpl:Storage Directory /home/runner/work/ozone/ozone/hadoop-ozone/integration-test/target/test-dir/MiniOzoneClusterImpl-52a188dd-66b8-45b2-ab7c-675c0ee04825/datanode-7/data/ratis/82c1113e-5330-433c-bd2c-534e19dd0f01
2023-05-04 21:54:25,309 [pool-241-thread-1] INFO  server.RaftServerConfigKeys (ConfUtils.java:logGet(46)) - raft.server.log.queue.byte-limit = 4294967296 (custom)
2023-05-04 21:54:25,310 [pool-241-thread-1] INFO  server.RaftServerConfigKeys (ConfUtils.java:logGet(46)) - raft.server.log.queue.element-limit = 1024 (custom)
2023-05-04 21:54:25,310 [pool-241-thread-1] INFO  server.RaftServerConfigKeys (ConfUtils.java:logGet(46)) - raft.server.log.segment.size.max = 1048576 (custom)
2023-05-04 21:54:25,310 [pool-241-thread-1] INFO  server.RaftServerConfigKeys (ConfUtils.java:logGet(46)) - raft.server.log.preallocated.size = 16384 (custom)
2023-05-04 21:54:25,312 [pool-241-thread-1] INFO  server.RaftServerConfigKeys (ConfUtils.java:logGet(46)) - raft.server.log.force.sync.num = 128 (default)
2023-05-04 21:54:25,313 [pool-241-thread-1] INFO  server.RaftServerConfigKeys (ConfUtils.java:logGet(46)) - raft.server.log.statemachine.data.sync = true (default)
2023-05-04 21:54:25,313 [pool-241-thread-1] INFO  server.RaftServerConfigKeys (ConfUtils.java:logGet(46)) - raft.server.log.statemachine.data.sync.timeout = 10s (default)
2023-05-04 21:54:25,313 [pool-241-thread-1] INFO  server.RaftServerConfigKeys (ConfUtils.java:logGet(46)) - raft.server.log.statemachine.data.sync.timeout.retry = -1 (default)
2023-05-04 21:54:25,314 [pool-241-thread-1] INFO  server.RaftServerConfigKeys (ConfUtils.java:logGet(46)) - raft.server.log.write.buffer.size = 1048576 (custom)
2023-05-04 21:54:25,315 [pool-241-thread-1] INFO  server.RaftServerConfigKeys (ConfUtils.java:logGet(46)) - raft.server.log.appender.buffer.byte-limit = 33554432 (custom)
2023-05-04 21:54:25,321 [pool-241-thread-1] INFO  server.RaftServerConfigKeys (ConfUtils.java:logGet(46)) - raft.server.log.unsafe-flush.enabled = false (default)
2023-05-04 21:54:25,321 [pool-241-thread-1] INFO  server.RaftServerConfigKeys (ConfUtils.java:logGet(46)) - raft.server.log.async-flush.enabled = false (default)
2023-05-04 21:54:25,321 [pool-241-thread-1] INFO  server.RaftServerConfigKeys (ConfUtils.java:logGet(46)) - raft.server.log.statemachine.data.caching.enabled = true (custom)
2023-05-04 21:54:25,321 [pool-241-thread-1] INFO  segmented.SegmentedRaftLogWorker (SegmentedRaftLogWorker.java:lambda$new$0(135)) - 9dbc72e3-9cc3-404d-a7a0-986f3a32b37f@group-534E19DD0F01-SegmentedRaftLogWorker: flushIndex: setUnconditionally 0 -> -1
2023-05-04 21:54:25,321 [pool-241-thread-1] INFO  segmented.SegmentedRaftLogWorker (SegmentedRaftLogWorker.java:lambda$new$0(135)) - 9dbc72e3-9cc3-404d-a7a0-986f3a32b37f@group-534E19DD0F01-SegmentedRaftLogWorker: safeCacheEvictIndex: setUnconditionally 0 -> -1
2023-05-04 21:54:25,322 [pool-241-thread-1] INFO  server.RaftServer$Division (RaftServerImpl.java:start(334)) - 9dbc72e3-9cc3-404d-a7a0-986f3a32b37f@group-534E19DD0F01: start as a follower, conf=-1: peers:[7a25d7ac-269f-485a-96a1-a3fbc0da93f8|rpc:10.1.0.44:38519|dataStream:10.1.0.44:33389|priority:0|startupRole:FOLLOWER, 9dbc72e3-9cc3-404d-a7a0-986f3a32b37f|rpc:10.1.0.44:39725|dataStream:10.1.0.44:33233|priority:0|startupRole:FOLLOWER, 4c10edfb-6769-4396-b189-3c3a2dc734f1|rpc:10.1.0.44:42105|dataStream:10.1.0.44:42449|priority:1|startupRole:FOLLOWER]|listeners:[], old=null
2023-05-04 21:54:25,322 [pool-241-thread-1] INFO  server.RaftServer$Division (RaftServerImpl.java:setRole(321)) - 9dbc72e3-9cc3-404d-a7a0-986f3a32b37f@group-534E19DD0F01: changes role from      null to FOLLOWER at term 0 for startAsFollower
2023-05-04 21:54:25,322 [pool-241-thread-1] INFO  impl.RoleInfo (RoleInfo.java:updateAndGet(139)) - 9dbc72e3-9cc3-404d-a7a0-986f3a32b37f: start 9dbc72e3-9cc3-404d-a7a0-986f3a32b37f@group-534E19DD0F01-FollowerState
2023-05-04 21:54:25,323 [9dbc72e3-9cc3-404d-a7a0-986f3a32b37f@group-534E19DD0F01-FollowerState] INFO  server.RaftServerConfigKeys (ConfUtils.java:logFallback(53)) - raft.server.rpc.first-election.timeout.min = 5s (fallback to raft.server.rpc.timeout.min)
2023-05-04 21:54:25,323 [pool-241-thread-1] INFO  util.JmxRegister (JmxRegister.java:tryRegister(44)) - Successfully registered JMX Bean with object name Ratis:service=RaftServer,group=group-534E19DD0F01,id=9dbc72e3-9cc3-404d-a7a0-986f3a32b37f
2023-05-04 21:54:25,323 [9dbc72e3-9cc3-404d-a7a0-986f3a32b37f@group-534E19DD0F01-FollowerState] INFO  server.RaftServerConfigKeys (ConfUtils.java:logFallback(53)) - raft.server.rpc.first-election.timeout.max = 5200ms (fallback to raft.server.rpc.timeout.max)
2023-05-04 21:54:25,323 [pool-241-thread-1] INFO  server.RaftServerConfigKeys (ConfUtils.java:logGet(46)) - raft.server.snapshot.auto.trigger.enabled = true (custom)
2023-05-04 21:54:25,323 [pool-241-thread-1] INFO  server.RaftServerConfigKeys (ConfUtils.java:logGet(46)) - raft.server.snapshot.auto.trigger.threshold = 10000 (custom)
2023-05-04 21:54:25,323 [pool-241-thread-1] INFO  server.RaftServerConfigKeys (ConfUtils.java:logGet(46)) - raft.server.snapshot.retention.file.num = 5 (custom)
2023-05-04 21:54:25,323 [pool-241-thread-1] INFO  server.RaftServerConfigKeys (ConfUtils.java:logGet(46)) - raft.server.log.purge.upto.snapshot.index = false (default)
2023-05-04 21:54:25,356 [grpc-default-executor-1] INFO  server.RaftServer (RaftServerProxy.java:addNew(96)) - 4c10edfb-6769-4396-b189-3c3a2dc734f1: addNew group-534E19DD0F01:[7a25d7ac-269f-485a-96a1-a3fbc0da93f8|rpc:10.1.0.44:38519|dataStream:10.1.0.44:33389|priority:0|startupRole:FOLLOWER, 9dbc72e3-9cc3-404d-a7a0-986f3a32b37f|rpc:10.1.0.44:39725|dataStream:10.1.0.44:33233|priority:0|startupRole:FOLLOWER, 4c10edfb-6769-4396-b189-3c3a2dc734f1|rpc:10.1.0.44:42105|dataStream:10.1.0.44:42449|priority:1|startupRole:FOLLOWER] returns group-534E19DD0F01:java.util.concurrent.CompletableFuture@7c82b135[Not completed]
2023-05-04 21:54:25,357 [pool-267-thread-1] INFO  server.RaftServer$Division (RaftServerImpl.java:<init>(195)) - 4c10edfb-6769-4396-b189-3c3a2dc734f1: new RaftServerImpl for group-534E19DD0F01:[7a25d7ac-269f-485a-96a1-a3fbc0da93f8|rpc:10.1.0.44:38519|dataStream:10.1.0.44:33389|priority:0|startupRole:FOLLOWER, 9dbc72e3-9cc3-404d-a7a0-986f3a32b37f|rpc:10.1.0.44:39725|dataStream:10.1.0.44:33233|priority:0|startupRole:FOLLOWER, 4c10edfb-6769-4396-b189-3c3a2dc734f1|rpc:10.1.0.44:42105|dataStream:10.1.0.44:42449|priority:1|startupRole:FOLLOWER] with ContainerStateMachine:uninitialized
2023-05-04 21:54:25,357 [pool-267-thread-1] INFO  server.RaftServerConfigKeys (ConfUtils.java:logGet(46)) - raft.server.rpc.timeout.min = 5s (custom)
2023-05-04 21:54:25,357 [pool-267-thread-1] INFO  server.RaftServerConfigKeys (ConfUtils.java:logGet(46)) - raft.server.rpc.timeout.max = 5200ms (custom)
2023-05-04 21:54:25,357 [pool-267-thread-1] INFO  server.RaftServerConfigKeys (ConfUtils.java:logGet(46)) - raft.server.rpc.sleep.time = 25ms (default)
2023-05-04 21:54:25,357 [pool-267-thread-1] INFO  server.RaftServerConfigKeys (ConfUtils.java:logGet(46)) - raft.server.rpc.slowness.timeout = 300s (custom)
2023-05-04 21:54:25,357 [pool-267-thread-1] INFO  server.RaftServerConfigKeys (ConfUtils.java:logGet(46)) - raft.server.leaderelection.leader.step-down.wait-time = 10s (default)
2023-05-04 21:54:25,357 [pool-267-thread-1] INFO  server.RaftServerConfigKeys (ConfUtils.java:logGet(46)) - raft.server.sleep.deviation.threshold = 300ms (default)
2023-05-04 21:54:25,358 [pool-267-thread-1] INFO  server.RaftServer$Division (ServerState.java:<init>(118)) - 4c10edfb-6769-4396-b189-3c3a2dc734f1@group-534E19DD0F01: ConfigurationManager, init=-1: peers:[7a25d7ac-269f-485a-96a1-a3fbc0da93f8|rpc:10.1.0.44:38519|dataStream:10.1.0.44:33389|priority:0|startupRole:FOLLOWER, 9dbc72e3-9cc3-404d-a7a0-986f3a32b37f|rpc:10.1.0.44:39725|dataStream:10.1.0.44:33233|priority:0|startupRole:FOLLOWER, 4c10edfb-6769-4396-b189-3c3a2dc734f1|rpc:10.1.0.44:42105|dataStream:10.1.0.44:42449|priority:1|startupRole:FOLLOWER]|listeners:[], old=null, confs=<EMPTY_MAP>
2023-05-04 21:54:25,358 [pool-267-thread-1] INFO  server.RaftServerConfigKeys (ConfUtils.java:logGet(46)) - raft.server.storage.dir = [/home/runner/work/ozone/ozone/hadoop-ozone/integration-test/target/test-dir/MiniOzoneClusterImpl-52a188dd-66b8-45b2-ab7c-675c0ee04825/datanode-8/data/ratis] (custom)
2023-05-04 21:54:25,358 [pool-267-thread-1] INFO  server.RaftServerConfigKeys (ConfUtils.java:logGet(46)) - raft.server.log.corruption.policy = EXCEPTION (default)
2023-05-04 21:54:25,358 [pool-267-thread-1] INFO  server.RaftServerConfigKeys (ConfUtils.java:logGet(46)) - raft.server.storage.free-space.min = 0MB (=0) (default)
2023-05-04 21:54:25,358 [pool-267-thread-1] INFO  server.RaftServerConfigKeys (ConfUtils.java:logGet(46)) - raft.server.notification.no-leader.timeout = 300s (custom)
2023-05-04 21:54:25,358 [pool-267-thread-1] INFO  server.RaftServerConfigKeys (ConfUtils.java:logGet(46)) - raft.server.retrycache.expirytime = 600000ms (custom)
2023-05-04 21:54:25,358 [pool-267-thread-1] INFO  server.RaftServerConfigKeys (ConfUtils.java:logGet(46)) - raft.server.retrycache.statistics.expirytime = 100μs (default)
2023-05-04 21:54:25,359 [pool-267-thread-1] INFO  server.RaftServerConfigKeys (ConfUtils.java:logGet(46)) - raft.server.log.appender.install.snapshot.enabled = false (custom)
2023-05-04 21:54:25,359 [pool-267-thread-1] INFO  server.RaftServerConfigKeys (ConfUtils.java:logGet(46)) - raft.server.threadpool.server.cached = true (default)
2023-05-04 21:54:25,360 [pool-267-thread-1] INFO  server.RaftServerConfigKeys (ConfUtils.java:logGet(46)) - raft.server.threadpool.server.size = 0 (default)
2023-05-04 21:54:25,360 [pool-267-thread-1] INFO  server.RaftServerConfigKeys (ConfUtils.java:logGet(46)) - raft.server.threadpool.client.cached = true (default)
2023-05-04 21:54:25,360 [pool-267-thread-1] INFO  server.RaftServerConfigKeys (ConfUtils.java:logGet(46)) - raft.server.threadpool.client.size = 0 (default)
2023-05-04 21:54:25,360 [pool-267-thread-1] INFO  storage.RaftStorageDirectory (RaftStorageDirectoryImpl.java:analyzeStorage(137)) - The storage directory /home/runner/work/ozone/ozone/hadoop-ozone/integration-test/target/test-dir/MiniOzoneClusterImpl-52a188dd-66b8-45b2-ab7c-675c0ee04825/datanode-8/data/ratis/82c1113e-5330-433c-bd2c-534e19dd0f01 does not exist. Creating ...
2023-05-04 21:54:25,362 [pool-267-thread-1] INFO  storage.RaftStorageDirectory (RaftStorageDirectoryImpl.java:tryLock(231)) - Lock on /home/runner/work/ozone/ozone/hadoop-ozone/integration-test/target/test-dir/MiniOzoneClusterImpl-52a188dd-66b8-45b2-ab7c-675c0ee04825/datanode-8/data/ratis/82c1113e-5330-433c-bd2c-534e19dd0f01/in_use.lock acquired by nodename 25128@fv-az133-721
2023-05-04 21:54:25,363 [pool-267-thread-1] INFO  storage.RaftStorage (RaftStorageImpl.java:format(96)) - Storage directory /home/runner/work/ozone/ozone/hadoop-ozone/integration-test/target/test-dir/MiniOzoneClusterImpl-52a188dd-66b8-45b2-ab7c-675c0ee04825/datanode-8/data/ratis/82c1113e-5330-433c-bd2c-534e19dd0f01 has been successfully formatted.
2023-05-04 21:54:25,365 [pool-267-thread-1] INFO  ratis.ContainerStateMachine (ContainerStateMachine.java:loadSnapshot(262)) - group-534E19DD0F01: The snapshot info is null. Setting the last applied indexto:(t:0, i:~)
2023-05-04 21:54:25,365 [pool-267-thread-1] INFO  server.RaftServerConfigKeys (ConfUtils.java:logGet(46)) - raft.server.log.use.memory = false (default)
2023-05-04 21:54:25,365 [pool-267-thread-1] INFO  server.RaftServerConfigKeys (ConfUtils.java:logGet(46)) - raft.server.log.purge.gap = 1000000 (custom)
2023-05-04 21:54:25,365 [pool-267-thread-1] INFO  server.RaftServerConfigKeys (ConfUtils.java:logGet(46)) - raft.server.log.appender.buffer.byte-limit = 33554432 (custom)
2023-05-04 21:54:25,365 [pool-267-thread-1] INFO  server.RaftServerConfigKeys (ConfUtils.java:logGet(46)) - raft.server.log.statemachine.data.read.timeout = 1000ms (default)
2023-05-04 21:54:25,365 [pool-267-thread-1] INFO  server.RaftServerConfigKeys (ConfUtils.java:logGet(46)) - raft.server.log.purge.preservation.log.num = 0 (default)
2023-05-04 21:54:25,368 [pool-267-thread-1] INFO  server.RaftServerConfigKeys (ConfUtils.java:logGet(46)) - raft.server.log.segment.size.max = 1048576 (custom)
2023-05-04 21:54:25,368 [pool-267-thread-1] INFO  server.RaftServerConfigKeys (ConfUtils.java:logGet(46)) - raft.server.log.segment.cache.num.max = 2 (custom)
2023-05-04 21:54:25,369 [pool-267-thread-1] INFO  server.RaftServerConfigKeys (ConfUtils.java:logGet(46)) - raft.server.log.segment.cache.size.max = 200MB (=209715200) (default)
2023-05-04 21:54:25,369 [pool-267-thread-1] INFO  segmented.SegmentedRaftLogWorker (SegmentedRaftLogWorker.java:<init>(189)) - new 4c10edfb-6769-4396-b189-3c3a2dc734f1@group-534E19DD0F01-SegmentedRaftLogWorker for RaftStorageImpl:Storage Directory /home/runner/work/ozone/ozone/hadoop-ozone/integration-test/target/test-dir/MiniOzoneClusterImpl-52a188dd-66b8-45b2-ab7c-675c0ee04825/datanode-8/data/ratis/82c1113e-5330-433c-bd2c-534e19dd0f01
2023-05-04 21:54:25,369 [pool-267-thread-1] INFO  server.RaftServerConfigKeys (ConfUtils.java:logGet(46)) - raft.server.log.queue.byte-limit = 4294967296 (custom)
2023-05-04 21:54:25,369 [pool-267-thread-1] INFO  server.RaftServerConfigKeys (ConfUtils.java:logGet(46)) - raft.server.log.queue.element-limit = 1024 (custom)
2023-05-04 21:54:25,369 [pool-267-thread-1] INFO  server.RaftServerConfigKeys (ConfUtils.java:logGet(46)) - raft.server.log.segment.size.max = 1048576 (custom)
2023-05-04 21:54:25,369 [pool-267-thread-1] INFO  server.RaftServerConfigKeys (ConfUtils.java:logGet(46)) - raft.server.log.preallocated.size = 16384 (custom)
2023-05-04 21:54:25,369 [pool-267-thread-1] INFO  server.RaftServerConfigKeys (ConfUtils.java:logGet(46)) - raft.server.log.force.sync.num = 128 (default)
2023-05-04 21:54:25,369 [pool-267-thread-1] INFO  server.RaftServerConfigKeys (ConfUtils.java:logGet(46)) - raft.server.log.statemachine.data.sync = true (default)
2023-05-04 21:54:25,369 [pool-267-thread-1] INFO  server.RaftServerConfigKeys (ConfUtils.java:logGet(46)) - raft.server.log.statemachine.data.sync.timeout = 10s (default)
2023-05-04 21:54:25,369 [pool-267-thread-1] INFO  server.RaftServerConfigKeys (ConfUtils.java:logGet(46)) - raft.server.log.statemachine.data.sync.timeout.retry = -1 (default)
2023-05-04 21:54:25,370 [pool-267-thread-1] INFO  server.RaftServerConfigKeys (ConfUtils.java:logGet(46)) - raft.server.log.write.buffer.size = 1048576 (custom)
2023-05-04 21:54:25,371 [pool-267-thread-1] INFO  server.RaftServerConfigKeys (ConfUtils.java:logGet(46)) - raft.server.log.appender.buffer.byte-limit = 33554432 (custom)
2023-05-04 21:54:25,377 [pool-267-thread-1] INFO  server.RaftServerConfigKeys (ConfUtils.java:logGet(46)) - raft.server.log.unsafe-flush.enabled = false (default)
2023-05-04 21:54:25,377 [pool-267-thread-1] INFO  server.RaftServerConfigKeys (ConfUtils.java:logGet(46)) - raft.server.log.async-flush.enabled = false (default)
2023-05-04 21:54:25,377 [pool-267-thread-1] INFO  server.RaftServerConfigKeys (ConfUtils.java:logGet(46)) - raft.server.log.statemachine.data.caching.enabled = true (custom)
2023-05-04 21:54:25,377 [pool-267-thread-1] INFO  segmented.SegmentedRaftLogWorker (SegmentedRaftLogWorker.java:lambda$new$0(135)) - 4c10edfb-6769-4396-b189-3c3a2dc734f1@group-534E19DD0F01-SegmentedRaftLogWorker: flushIndex: setUnconditionally 0 -> -1
2023-05-04 21:54:25,377 [pool-267-thread-1] INFO  segmented.SegmentedRaftLogWorker (SegmentedRaftLogWorker.java:lambda$new$0(135)) - 4c10edfb-6769-4396-b189-3c3a2dc734f1@group-534E19DD0F01-SegmentedRaftLogWorker: safeCacheEvictIndex: setUnconditionally 0 -> -1
2023-05-04 21:54:25,378 [pool-267-thread-1] INFO  server.RaftServer$Division (RaftServerImpl.java:start(334)) - 4c10edfb-6769-4396-b189-3c3a2dc734f1@group-534E19DD0F01: start as a follower, conf=-1: peers:[7a25d7ac-269f-485a-96a1-a3fbc0da93f8|rpc:10.1.0.44:38519|dataStream:10.1.0.44:33389|priority:0|startupRole:FOLLOWER, 9dbc72e3-9cc3-404d-a7a0-986f3a32b37f|rpc:10.1.0.44:39725|dataStream:10.1.0.44:33233|priority:0|startupRole:FOLLOWER, 4c10edfb-6769-4396-b189-3c3a2dc734f1|rpc:10.1.0.44:42105|dataStream:10.1.0.44:42449|priority:1|startupRole:FOLLOWER]|listeners:[], old=null
2023-05-04 21:54:25,378 [pool-267-thread-1] INFO  server.RaftServer$Division (RaftServerImpl.java:setRole(321)) - 4c10edfb-6769-4396-b189-3c3a2dc734f1@group-534E19DD0F01: changes role from      null to FOLLOWER at term 0 for startAsFollower
2023-05-04 21:54:25,378 [pool-267-thread-1] INFO  impl.RoleInfo (RoleInfo.java:updateAndGet(139)) - 4c10edfb-6769-4396-b189-3c3a2dc734f1: start 4c10edfb-6769-4396-b189-3c3a2dc734f1@group-534E19DD0F01-FollowerState
2023-05-04 21:54:25,378 [pool-267-thread-1] INFO  util.JmxRegister (JmxRegister.java:tryRegister(44)) - Successfully registered JMX Bean with object name Ratis:service=RaftServer,group=group-534E19DD0F01,id=4c10edfb-6769-4396-b189-3c3a2dc734f1
2023-05-04 21:54:25,378 [pool-267-thread-1] INFO  server.RaftServerConfigKeys (ConfUtils.java:logGet(46)) - raft.server.snapshot.auto.trigger.enabled = true (custom)
2023-05-04 21:54:25,378 [pool-267-thread-1] INFO  server.RaftServerConfigKeys (ConfUtils.java:logGet(46)) - raft.server.snapshot.auto.trigger.threshold = 10000 (custom)
2023-05-04 21:54:25,378 [pool-267-thread-1] INFO  server.RaftServerConfigKeys (ConfUtils.java:logGet(46)) - raft.server.snapshot.retention.file.num = 5 (custom)
2023-05-04 21:54:25,378 [pool-267-thread-1] INFO  server.RaftServerConfigKeys (ConfUtils.java:logGet(46)) - raft.server.log.purge.upto.snapshot.index = false (default)
2023-05-04 21:54:25,379 [4c10edfb-6769-4396-b189-3c3a2dc734f1@group-534E19DD0F01-FollowerState] INFO  server.RaftServerConfigKeys (ConfUtils.java:logFallback(53)) - raft.server.rpc.first-election.timeout.min = 5s (fallback to raft.server.rpc.timeout.min)
2023-05-04 21:54:25,379 [4c10edfb-6769-4396-b189-3c3a2dc734f1@group-534E19DD0F01-FollowerState] INFO  server.RaftServerConfigKeys (ConfUtils.java:logFallback(53)) - raft.server.rpc.first-election.timeout.max = 5200ms (fallback to raft.server.rpc.timeout.max)
2023-05-04 21:54:25,389 [Command processor thread] INFO  commandhandler.CreatePipelineCommandHandler (CreatePipelineCommandHandler.java:handle(113)) - Created Pipeline RATIS THREE PipelineID=82c1113e-5330-433c-bd2c-534e19dd0f01.
2023-05-04 21:54:25,389 [Command processor thread] INFO  server.RaftServer (RaftServerProxy.java:addNew(96)) - 7a25d7ac-269f-485a-96a1-a3fbc0da93f8: addNew group-A6537FCB2585:[7a25d7ac-269f-485a-96a1-a3fbc0da93f8|rpc:10.1.0.44:38519|dataStream:10.1.0.44:33389|priority:0|startupRole:FOLLOWER, 9dbc72e3-9cc3-404d-a7a0-986f3a32b37f|rpc:10.1.0.44:39725|dataStream:10.1.0.44:33233|priority:1|startupRole:FOLLOWER, 4c10edfb-6769-4396-b189-3c3a2dc734f1|rpc:10.1.0.44:42105|dataStream:10.1.0.44:42449|priority:0|startupRole:FOLLOWER] returns group-A6537FCB2585:java.util.concurrent.CompletableFuture@4a0a18d4[Not completed]
2023-05-04 21:54:25,390 [pool-215-thread-1] INFO  server.RaftServer$Division (RaftServerImpl.java:<init>(195)) - 7a25d7ac-269f-485a-96a1-a3fbc0da93f8: new RaftServerImpl for group-A6537FCB2585:[7a25d7ac-269f-485a-96a1-a3fbc0da93f8|rpc:10.1.0.44:38519|dataStream:10.1.0.44:33389|priority:0|startupRole:FOLLOWER, 9dbc72e3-9cc3-404d-a7a0-986f3a32b37f|rpc:10.1.0.44:39725|dataStream:10.1.0.44:33233|priority:1|startupRole:FOLLOWER, 4c10edfb-6769-4396-b189-3c3a2dc734f1|rpc:10.1.0.44:42105|dataStream:10.1.0.44:42449|priority:0|startupRole:FOLLOWER] with ContainerStateMachine:uninitialized
2023-05-04 21:54:25,390 [pool-215-thread-1] INFO  server.RaftServerConfigKeys (ConfUtils.java:logGet(46)) - raft.server.rpc.timeout.min = 5s (custom)
2023-05-04 21:54:25,390 [pool-215-thread-1] INFO  server.RaftServerConfigKeys (ConfUtils.java:logGet(46)) - raft.server.rpc.timeout.max = 5200ms (custom)
2023-05-04 21:54:25,390 [pool-215-thread-1] INFO  server.RaftServerConfigKeys (ConfUtils.java:logGet(46)) - raft.server.rpc.sleep.time = 25ms (default)
2023-05-04 21:54:25,390 [pool-215-thread-1] INFO  server.RaftServerConfigKeys (ConfUtils.java:logGet(46)) - raft.server.rpc.slowness.timeout = 300s (custom)
2023-05-04 21:54:25,390 [pool-215-thread-1] INFO  server.RaftServerConfigKeys (ConfUtils.java:logGet(46)) - raft.server.leaderelection.leader.step-down.wait-time = 10s (default)
2023-05-04 21:54:25,390 [pool-215-thread-1] INFO  server.RaftServerConfigKeys (ConfUtils.java:logGet(46)) - raft.server.sleep.deviation.threshold = 300ms (default)
2023-05-04 21:54:25,391 [pool-215-thread-1] INFO  server.RaftServer$Division (ServerState.java:<init>(118)) - 7a25d7ac-269f-485a-96a1-a3fbc0da93f8@group-A6537FCB2585: ConfigurationManager, init=-1: peers:[7a25d7ac-269f-485a-96a1-a3fbc0da93f8|rpc:10.1.0.44:38519|dataStream:10.1.0.44:33389|priority:0|startupRole:FOLLOWER, 9dbc72e3-9cc3-404d-a7a0-986f3a32b37f|rpc:10.1.0.44:39725|dataStream:10.1.0.44:33233|priority:1|startupRole:FOLLOWER, 4c10edfb-6769-4396-b189-3c3a2dc734f1|rpc:10.1.0.44:42105|dataStream:10.1.0.44:42449|priority:0|startupRole:FOLLOWER]|listeners:[], old=null, confs=<EMPTY_MAP>
2023-05-04 21:54:25,391 [pool-215-thread-1] INFO  server.RaftServerConfigKeys (ConfUtils.java:logGet(46)) - raft.server.storage.dir = [/home/runner/work/ozone/ozone/hadoop-ozone/integration-test/target/test-dir/MiniOzoneClusterImpl-52a188dd-66b8-45b2-ab7c-675c0ee04825/datanode-6/data/ratis] (custom)
2023-05-04 21:54:25,391 [pool-215-thread-1] INFO  server.RaftServerConfigKeys (ConfUtils.java:logGet(46)) - raft.server.log.corruption.policy = EXCEPTION (default)
2023-05-04 21:54:25,391 [pool-215-thread-1] INFO  server.RaftServerConfigKeys (ConfUtils.java:logGet(46)) - raft.server.storage.free-space.min = 0MB (=0) (default)
2023-05-04 21:54:25,391 [pool-215-thread-1] INFO  server.RaftServerConfigKeys (ConfUtils.java:logGet(46)) - raft.server.notification.no-leader.timeout = 300s (custom)
2023-05-04 21:54:25,391 [pool-215-thread-1] INFO  server.RaftServerConfigKeys (ConfUtils.java:logGet(46)) - raft.server.retrycache.expirytime = 600000ms (custom)
2023-05-04 21:54:25,391 [pool-215-thread-1] INFO  server.RaftServerConfigKeys (ConfUtils.java:logGet(46)) - raft.server.retrycache.statistics.expirytime = 100μs (default)
2023-05-04 21:54:25,392 [pool-215-thread-1] INFO  server.RaftServerConfigKeys (ConfUtils.java:logGet(46)) - raft.server.log.appender.install.snapshot.enabled = false (custom)
2023-05-04 21:54:25,392 [pool-215-thread-1] INFO  server.RaftServerConfigKeys (ConfUtils.java:logGet(46)) - raft.server.threadpool.server.cached = true (default)
2023-05-04 21:54:25,392 [pool-215-thread-1] INFO  server.RaftServerConfigKeys (ConfUtils.java:logGet(46)) - raft.server.threadpool.server.size = 0 (default)
2023-05-04 21:54:25,392 [pool-215-thread-1] INFO  server.RaftServerConfigKeys (ConfUtils.java:logGet(46)) - raft.server.threadpool.client.cached = true (default)
2023-05-04 21:54:25,393 [pool-215-thread-1] INFO  server.RaftServerConfigKeys (ConfUtils.java:logGet(46)) - raft.server.threadpool.client.size = 0 (default)
2023-05-04 21:54:25,393 [pool-215-thread-1] INFO  storage.RaftStorageDirectory (RaftStorageDirectoryImpl.java:analyzeStorage(137)) - The storage directory /home/runner/work/ozone/ozone/hadoop-ozone/integration-test/target/test-dir/MiniOzoneClusterImpl-52a188dd-66b8-45b2-ab7c-675c0ee04825/datanode-6/data/ratis/11aa5225-c395-4869-9ea1-a6537fcb2585 does not exist. Creating ...
2023-05-04 21:54:25,394 [pool-215-thread-1] INFO  storage.RaftStorageDirectory (RaftStorageDirectoryImpl.java:tryLock(231)) - Lock on /home/runner/work/ozone/ozone/hadoop-ozone/integration-test/target/test-dir/MiniOzoneClusterImpl-52a188dd-66b8-45b2-ab7c-675c0ee04825/datanode-6/data/ratis/11aa5225-c395-4869-9ea1-a6537fcb2585/in_use.lock acquired by nodename 25128@fv-az133-721
2023-05-04 21:54:25,395 [pool-215-thread-1] INFO  storage.RaftStorage (RaftStorageImpl.java:format(96)) - Storage directory /home/runner/work/ozone/ozone/hadoop-ozone/integration-test/target/test-dir/MiniOzoneClusterImpl-52a188dd-66b8-45b2-ab7c-675c0ee04825/datanode-6/data/ratis/11aa5225-c395-4869-9ea1-a6537fcb2585 has been successfully formatted.
2023-05-04 21:54:25,395 [pool-215-thread-1] INFO  ratis.ContainerStateMachine (ContainerStateMachine.java:loadSnapshot(262)) - group-A6537FCB2585: The snapshot info is null. Setting the last applied indexto:(t:0, i:~)
2023-05-04 21:54:25,395 [pool-215-thread-1] INFO  server.RaftServerConfigKeys (ConfUtils.java:logGet(46)) - raft.server.log.use.memory = false (default)
2023-05-04 21:54:25,395 [pool-215-thread-1] INFO  server.RaftServerConfigKeys (ConfUtils.java:logGet(46)) - raft.server.log.purge.gap = 1000000 (custom)
2023-05-04 21:54:25,396 [pool-215-thread-1] INFO  server.RaftServerConfigKeys (ConfUtils.java:logGet(46)) - raft.server.log.appender.buffer.byte-limit = 33554432 (custom)
2023-05-04 21:54:25,396 [pool-215-thread-1] INFO  server.RaftServerConfigKeys (ConfUtils.java:logGet(46)) - raft.server.log.statemachine.data.read.timeout = 1000ms (default)
2023-05-04 21:54:25,396 [pool-215-thread-1] INFO  server.RaftServerConfigKeys (ConfUtils.java:logGet(46)) - raft.server.log.purge.preservation.log.num = 0 (default)
2023-05-04 21:54:25,396 [pool-215-thread-1] INFO  server.RaftServerConfigKeys (ConfUtils.java:logGet(46)) - raft.server.log.segment.size.max = 1048576 (custom)
2023-05-04 21:54:25,396 [pool-215-thread-1] INFO  server.RaftServerConfigKeys (ConfUtils.java:logGet(46)) - raft.server.log.segment.cache.num.max = 2 (custom)
2023-05-04 21:54:25,396 [pool-215-thread-1] INFO  server.RaftServerConfigKeys (ConfUtils.java:logGet(46)) - raft.server.log.segment.cache.size.max = 200MB (=209715200) (default)
2023-05-04 21:54:25,398 [EventQueue-OpenPipelineForHealthyPipelineSafeModeRule] INFO  safemode.SCMSafeModeManager (HealthyPipelineSafeModeRule.java:process(137)) - SCM in safe mode. Healthy pipelines reported count is 0, required healthy pipeline reported count is 1
2023-05-04 21:54:25,398 [pool-215-thread-1] INFO  segmented.SegmentedRaftLogWorker (SegmentedRaftLogWorker.java:<init>(189)) - new 7a25d7ac-269f-485a-96a1-a3fbc0da93f8@group-A6537FCB2585-SegmentedRaftLogWorker for RaftStorageImpl:Storage Directory /home/runner/work/ozone/ozone/hadoop-ozone/integration-test/target/test-dir/MiniOzoneClusterImpl-52a188dd-66b8-45b2-ab7c-675c0ee04825/datanode-6/data/ratis/11aa5225-c395-4869-9ea1-a6537fcb2585
2023-05-04 21:54:25,398 [pool-215-thread-1] INFO  server.RaftServerConfigKeys (ConfUtils.java:logGet(46)) - raft.server.log.queue.byte-limit = 4294967296 (custom)
2023-05-04 21:54:25,398 [pool-215-thread-1] INFO  server.RaftServerConfigKeys (ConfUtils.java:logGet(46)) - raft.server.log.queue.element-limit = 1024 (custom)
2023-05-04 21:54:25,398 [pool-215-thread-1] INFO  server.RaftServerConfigKeys (ConfUtils.java:logGet(46)) - raft.server.log.segment.size.max = 1048576 (custom)
2023-05-04 21:54:25,398 [pool-215-thread-1] INFO  server.RaftServerConfigKeys (ConfUtils.java:logGet(46)) - raft.server.log.preallocated.size = 16384 (custom)
2023-05-04 21:54:25,398 [pool-215-thread-1] INFO  server.RaftServerConfigKeys (ConfUtils.java:logGet(46)) - raft.server.log.force.sync.num = 128 (default)
2023-05-04 21:54:25,398 [pool-215-thread-1] INFO  server.RaftServerConfigKeys (ConfUtils.java:logGet(46)) - raft.server.log.statemachine.data.sync = true (default)
2023-05-04 21:54:25,398 [pool-215-thread-1] INFO  server.RaftServerConfigKeys (ConfUtils.java:logGet(46)) - raft.server.log.statemachine.data.sync.timeout = 10s (default)
2023-05-04 21:54:25,398 [pool-215-thread-1] INFO  server.RaftServerConfigKeys (ConfUtils.java:logGet(46)) - raft.server.log.statemachine.data.sync.timeout.retry = -1 (default)
2023-05-04 21:54:25,399 [pool-215-thread-1] INFO  server.RaftServerConfigKeys (ConfUtils.java:logGet(46)) - raft.server.log.write.buffer.size = 1048576 (custom)
2023-05-04 21:54:25,400 [pool-215-thread-1] INFO  server.RaftServerConfigKeys (ConfUtils.java:logGet(46)) - raft.server.log.appender.buffer.byte-limit = 33554432 (custom)
2023-05-04 21:54:25,405 [pool-215-thread-1] INFO  server.RaftServerConfigKeys (ConfUtils.java:logGet(46)) - raft.server.log.unsafe-flush.enabled = false (default)
2023-05-04 21:54:25,405 [pool-215-thread-1] INFO  server.RaftServerConfigKeys (ConfUtils.java:logGet(46)) - raft.server.log.async-flush.enabled = false (default)
2023-05-04 21:54:25,405 [pool-215-thread-1] INFO  server.RaftServerConfigKeys (ConfUtils.java:logGet(46)) - raft.server.log.statemachine.data.caching.enabled = true (custom)
2023-05-04 21:54:25,405 [pool-215-thread-1] INFO  segmented.SegmentedRaftLogWorker (SegmentedRaftLogWorker.java:lambda$new$0(135)) - 7a25d7ac-269f-485a-96a1-a3fbc0da93f8@group-A6537FCB2585-SegmentedRaftLogWorker: flushIndex: setUnconditionally 0 -> -1
2023-05-04 21:54:25,406 [pool-215-thread-1] INFO  segmented.SegmentedRaftLogWorker (SegmentedRaftLogWorker.java:lambda$new$0(135)) - 7a25d7ac-269f-485a-96a1-a3fbc0da93f8@group-A6537FCB2585-SegmentedRaftLogWorker: safeCacheEvictIndex: setUnconditionally 0 -> -1
2023-05-04 21:54:25,406 [pool-215-thread-1] INFO  server.RaftServer$Division (RaftServerImpl.java:start(334)) - 7a25d7ac-269f-485a-96a1-a3fbc0da93f8@group-A6537FCB2585: start as a follower, conf=-1: peers:[7a25d7ac-269f-485a-96a1-a3fbc0da93f8|rpc:10.1.0.44:38519|dataStream:10.1.0.44:33389|priority:0|startupRole:FOLLOWER, 9dbc72e3-9cc3-404d-a7a0-986f3a32b37f|rpc:10.1.0.44:39725|dataStream:10.1.0.44:33233|priority:1|startupRole:FOLLOWER, 4c10edfb-6769-4396-b189-3c3a2dc734f1|rpc:10.1.0.44:42105|dataStream:10.1.0.44:42449|priority:0|startupRole:FOLLOWER]|listeners:[], old=null
2023-05-04 21:54:25,406 [pool-215-thread-1] INFO  server.RaftServer$Division (RaftServerImpl.java:setRole(321)) - 7a25d7ac-269f-485a-96a1-a3fbc0da93f8@group-A6537FCB2585: changes role from      null to FOLLOWER at term 0 for startAsFollower
2023-05-04 21:54:25,406 [pool-215-thread-1] INFO  impl.RoleInfo (RoleInfo.java:updateAndGet(139)) - 7a25d7ac-269f-485a-96a1-a3fbc0da93f8: start 7a25d7ac-269f-485a-96a1-a3fbc0da93f8@group-A6537FCB2585-FollowerState
2023-05-04 21:54:25,408 [pool-215-thread-1] INFO  util.JmxRegister (JmxRegister.java:tryRegister(44)) - Successfully registered JMX Bean with object name Ratis:service=RaftServer,group=group-A6537FCB2585,id=7a25d7ac-269f-485a-96a1-a3fbc0da93f8
2023-05-04 21:54:25,409 [pool-215-thread-1] INFO  server.RaftServerConfigKeys (ConfUtils.java:logGet(46)) - raft.server.snapshot.auto.trigger.enabled = true (custom)
2023-05-04 21:54:25,409 [pool-215-thread-1] INFO  server.RaftServerConfigKeys (ConfUtils.java:logGet(46)) - raft.server.snapshot.auto.trigger.threshold = 10000 (custom)
2023-05-04 21:54:25,409 [pool-215-thread-1] INFO  server.RaftServerConfigKeys (ConfUtils.java:logGet(46)) - raft.server.snapshot.retention.file.num = 5 (custom)
2023-05-04 21:54:25,409 [pool-215-thread-1] INFO  server.RaftServerConfigKeys (ConfUtils.java:logGet(46)) - raft.server.log.purge.upto.snapshot.index = false (default)
2023-05-04 21:54:25,410 [7a25d7ac-269f-485a-96a1-a3fbc0da93f8@group-A6537FCB2585-FollowerState] INFO  server.RaftServerConfigKeys (ConfUtils.java:logFallback(53)) - raft.server.rpc.first-election.timeout.min = 5s (fallback to raft.server.rpc.timeout.min)
2023-05-04 21:54:25,410 [7a25d7ac-269f-485a-96a1-a3fbc0da93f8@group-A6537FCB2585-FollowerState] INFO  server.RaftServerConfigKeys (ConfUtils.java:logFallback(53)) - raft.server.rpc.first-election.timeout.max = 5200ms (fallback to raft.server.rpc.timeout.max)
2023-05-04 21:54:25,410 [Command processor thread] INFO  ratis.XceiverServerRatis (XceiverServerRatis.java:addGroup(806)) - Created group PipelineID=11aa5225-c395-4869-9ea1-a6537fcb2585
2023-05-04 21:54:25,429 [grpc-default-executor-1] INFO  server.RaftServer (RaftServerProxy.java:addNew(96)) - 4c10edfb-6769-4396-b189-3c3a2dc734f1: addNew group-A6537FCB2585:[7a25d7ac-269f-485a-96a1-a3fbc0da93f8|rpc:10.1.0.44:38519|dataStream:10.1.0.44:33389|priority:0|startupRole:FOLLOWER, 9dbc72e3-9cc3-404d-a7a0-986f3a32b37f|rpc:10.1.0.44:39725|dataStream:10.1.0.44:33233|priority:1|startupRole:FOLLOWER, 4c10edfb-6769-4396-b189-3c3a2dc734f1|rpc:10.1.0.44:42105|dataStream:10.1.0.44:42449|priority:0|startupRole:FOLLOWER] returns group-A6537FCB2585:java.util.concurrent.CompletableFuture@1045a84b[Not completed]
2023-05-04 21:54:25,430 [pool-267-thread-1] INFO  server.RaftServer$Division (RaftServerImpl.java:<init>(195)) - 4c10edfb-6769-4396-b189-3c3a2dc734f1: new RaftServerImpl for group-A6537FCB2585:[7a25d7ac-269f-485a-96a1-a3fbc0da93f8|rpc:10.1.0.44:38519|dataStream:10.1.0.44:33389|priority:0|startupRole:FOLLOWER, 9dbc72e3-9cc3-404d-a7a0-986f3a32b37f|rpc:10.1.0.44:39725|dataStream:10.1.0.44:33233|priority:1|startupRole:FOLLOWER, 4c10edfb-6769-4396-b189-3c3a2dc734f1|rpc:10.1.0.44:42105|dataStream:10.1.0.44:42449|priority:0|startupRole:FOLLOWER] with ContainerStateMachine:uninitialized
2023-05-04 21:54:25,430 [pool-267-thread-1] INFO  server.RaftServerConfigKeys (ConfUtils.java:logGet(46)) - raft.server.rpc.timeout.min = 5s (custom)
2023-05-04 21:54:25,430 [pool-267-thread-1] INFO  server.RaftServerConfigKeys (ConfUtils.java:logGet(46)) - raft.server.rpc.timeout.max = 5200ms (custom)
2023-05-04 21:54:25,430 [pool-267-thread-1] INFO  server.RaftServerConfigKeys (ConfUtils.java:logGet(46)) - raft.server.rpc.sleep.time = 25ms (default)
2023-05-04 21:54:25,430 [pool-267-thread-1] INFO  server.RaftServerConfigKeys (ConfUtils.java:logGet(46)) - raft.server.rpc.slowness.timeout = 300s (custom)
2023-05-04 21:54:25,430 [pool-267-thread-1] INFO  server.RaftServerConfigKeys (ConfUtils.java:logGet(46)) - raft.server.leaderelection.leader.step-down.wait-time = 10s (default)
2023-05-04 21:54:25,430 [pool-267-thread-1] INFO  server.RaftServerConfigKeys (ConfUtils.java:logGet(46)) - raft.server.sleep.deviation.threshold = 300ms (default)
2023-05-04 21:54:25,431 [pool-267-thread-1] INFO  server.RaftServer$Division (ServerState.java:<init>(118)) - 4c10edfb-6769-4396-b189-3c3a2dc734f1@group-A6537FCB2585: ConfigurationManager, init=-1: peers:[7a25d7ac-269f-485a-96a1-a3fbc0da93f8|rpc:10.1.0.44:38519|dataStream:10.1.0.44:33389|priority:0|startupRole:FOLLOWER, 9dbc72e3-9cc3-404d-a7a0-986f3a32b37f|rpc:10.1.0.44:39725|dataStream:10.1.0.44:33233|priority:1|startupRole:FOLLOWER, 4c10edfb-6769-4396-b189-3c3a2dc734f1|rpc:10.1.0.44:42105|dataStream:10.1.0.44:42449|priority:0|startupRole:FOLLOWER]|listeners:[], old=null, confs=<EMPTY_MAP>
2023-05-04 21:54:25,432 [pool-267-thread-1] INFO  server.RaftServerConfigKeys (ConfUtils.java:logGet(46)) - raft.server.storage.dir = [/home/runner/work/ozone/ozone/hadoop-ozone/integration-test/target/test-dir/MiniOzoneClusterImpl-52a188dd-66b8-45b2-ab7c-675c0ee04825/datanode-8/data/ratis] (custom)
2023-05-04 21:54:25,432 [pool-267-thread-1] INFO  server.RaftServerConfigKeys (ConfUtils.java:logGet(46)) - raft.server.log.corruption.policy = EXCEPTION (default)
2023-05-04 21:54:25,432 [pool-267-thread-1] INFO  server.RaftServerConfigKeys (ConfUtils.java:logGet(46)) - raft.server.storage.free-space.min = 0MB (=0) (default)
2023-05-04 21:54:25,432 [pool-267-thread-1] INFO  server.RaftServerConfigKeys (ConfUtils.java:logGet(46)) - raft.server.notification.no-leader.timeout = 300s (custom)
2023-05-04 21:54:25,432 [pool-267-thread-1] INFO  server.RaftServerConfigKeys (ConfUtils.java:logGet(46)) - raft.server.retrycache.expirytime = 600000ms (custom)
2023-05-04 21:54:25,432 [pool-267-thread-1] INFO  server.RaftServerConfigKeys (ConfUtils.java:logGet(46)) - raft.server.retrycache.statistics.expirytime = 100μs (default)
2023-05-04 21:54:25,433 [pool-267-thread-1] INFO  server.RaftServerConfigKeys (ConfUtils.java:logGet(46)) - raft.server.log.appender.install.snapshot.enabled = false (custom)
2023-05-04 21:54:25,433 [pool-267-thread-1] INFO  server.RaftServerConfigKeys (ConfUtils.java:logGet(46)) - raft.server.threadpool.server.cached = true (default)
2023-05-04 21:54:25,433 [pool-267-thread-1] INFO  server.RaftServerConfigKeys (ConfUtils.java:logGet(46)) - raft.server.threadpool.server.size = 0 (default)
2023-05-04 21:54:25,433 [pool-267-thread-1] INFO  server.RaftServerConfigKeys (ConfUtils.java:logGet(46)) - raft.server.threadpool.client.cached = true (default)
2023-05-04 21:54:25,433 [pool-267-thread-1] INFO  server.RaftServerConfigKeys (ConfUtils.java:logGet(46)) - raft.server.threadpool.client.size = 0 (default)
2023-05-04 21:54:25,434 [pool-267-thread-1] INFO  storage.RaftStorageDirectory (RaftStorageDirectoryImpl.java:analyzeStorage(137)) - The storage directory /home/runner/work/ozone/ozone/hadoop-ozone/integration-test/target/test-dir/MiniOzoneClusterImpl-52a188dd-66b8-45b2-ab7c-675c0ee04825/datanode-8/data/ratis/11aa5225-c395-4869-9ea1-a6537fcb2585 does not exist. Creating ...
2023-05-04 21:54:25,439 [pool-267-thread-1] INFO  storage.RaftStorageDirectory (RaftStorageDirectoryImpl.java:tryLock(231)) - Lock on /home/runner/work/ozone/ozone/hadoop-ozone/integration-test/target/test-dir/MiniOzoneClusterImpl-52a188dd-66b8-45b2-ab7c-675c0ee04825/datanode-8/data/ratis/11aa5225-c395-4869-9ea1-a6537fcb2585/in_use.lock acquired by nodename 25128@fv-az133-721
2023-05-04 21:54:25,440 [pool-267-thread-1] INFO  storage.RaftStorage (RaftStorageImpl.java:format(96)) - Storage directory /home/runner/work/ozone/ozone/hadoop-ozone/integration-test/target/test-dir/MiniOzoneClusterImpl-52a188dd-66b8-45b2-ab7c-675c0ee04825/datanode-8/data/ratis/11aa5225-c395-4869-9ea1-a6537fcb2585 has been successfully formatted.
2023-05-04 21:54:25,441 [pool-267-thread-1] INFO  ratis.ContainerStateMachine (ContainerStateMachine.java:loadSnapshot(262)) - group-A6537FCB2585: The snapshot info is null. Setting the last applied indexto:(t:0, i:~)
2023-05-04 21:54:25,441 [pool-267-thread-1] INFO  server.RaftServerConfigKeys (ConfUtils.java:logGet(46)) - raft.server.log.use.memory = false (default)
2023-05-04 21:54:25,441 [pool-267-thread-1] INFO  server.RaftServerConfigKeys (ConfUtils.java:logGet(46)) - raft.server.log.purge.gap = 1000000 (custom)
2023-05-04 21:54:25,441 [pool-267-thread-1] INFO  server.RaftServerConfigKeys (ConfUtils.java:logGet(46)) - raft.server.log.appender.buffer.byte-limit = 33554432 (custom)
2023-05-04 21:54:25,441 [pool-267-thread-1] INFO  server.RaftServerConfigKeys (ConfUtils.java:logGet(46)) - raft.server.log.statemachine.data.read.timeout = 1000ms (default)
2023-05-04 21:54:25,441 [pool-267-thread-1] INFO  server.RaftServerConfigKeys (ConfUtils.java:logGet(46)) - raft.server.log.purge.preservation.log.num = 0 (default)
2023-05-04 21:54:25,444 [pool-267-thread-1] INFO  server.RaftServerConfigKeys (ConfUtils.java:logGet(46)) - raft.server.log.segment.size.max = 1048576 (custom)
2023-05-04 21:54:25,444 [pool-267-thread-1] INFO  server.RaftServerConfigKeys (ConfUtils.java:logGet(46)) - raft.server.log.segment.cache.num.max = 2 (custom)
2023-05-04 21:54:25,444 [pool-267-thread-1] INFO  server.RaftServerConfigKeys (ConfUtils.java:logGet(46)) - raft.server.log.segment.cache.size.max = 200MB (=209715200) (default)
2023-05-04 21:54:25,444 [pool-267-thread-1] INFO  segmented.SegmentedRaftLogWorker (SegmentedRaftLogWorker.java:<init>(189)) - new 4c10edfb-6769-4396-b189-3c3a2dc734f1@group-A6537FCB2585-SegmentedRaftLogWorker for RaftStorageImpl:Storage Directory /home/runner/work/ozone/ozone/hadoop-ozone/integration-test/target/test-dir/MiniOzoneClusterImpl-52a188dd-66b8-45b2-ab7c-675c0ee04825/datanode-8/data/ratis/11aa5225-c395-4869-9ea1-a6537fcb2585
2023-05-04 21:54:25,444 [pool-267-thread-1] INFO  server.RaftServerConfigKeys (ConfUtils.java:logGet(46)) - raft.server.log.queue.byte-limit = 4294967296 (custom)
2023-05-04 21:54:25,444 [pool-267-thread-1] INFO  server.RaftServerConfigKeys (ConfUtils.java:logGet(46)) - raft.server.log.queue.element-limit = 1024 (custom)
2023-05-04 21:54:25,444 [pool-267-thread-1] INFO  server.RaftServerConfigKeys (ConfUtils.java:logGet(46)) - raft.server.log.segment.size.max = 1048576 (custom)
2023-05-04 21:54:25,444 [pool-267-thread-1] INFO  server.RaftServerConfigKeys (ConfUtils.java:logGet(46)) - raft.server.log.preallocated.size = 16384 (custom)
2023-05-04 21:54:25,444 [pool-267-thread-1] INFO  server.RaftServerConfigKeys (ConfUtils.java:logGet(46)) - raft.server.log.force.sync.num = 128 (default)
2023-05-04 21:54:25,445 [pool-267-thread-1] INFO  server.RaftServerConfigKeys (ConfUtils.java:logGet(46)) - raft.server.log.statemachine.data.sync = true (default)
2023-05-04 21:54:25,445 [pool-267-thread-1] INFO  server.RaftServerConfigKeys (ConfUtils.java:logGet(46)) - raft.server.log.statemachine.data.sync.timeout = 10s (default)
2023-05-04 21:54:25,445 [pool-267-thread-1] INFO  server.RaftServerConfigKeys (ConfUtils.java:logGet(46)) - raft.server.log.statemachine.data.sync.timeout.retry = -1 (default)
2023-05-04 21:54:25,446 [pool-267-thread-1] INFO  server.RaftServerConfigKeys (ConfUtils.java:logGet(46)) - raft.server.log.write.buffer.size = 1048576 (custom)
2023-05-04 21:54:25,446 [pool-267-thread-1] INFO  server.RaftServerConfigKeys (ConfUtils.java:logGet(46)) - raft.server.log.appender.buffer.byte-limit = 33554432 (custom)
2023-05-04 21:54:25,456 [pool-267-thread-1] INFO  server.RaftServerConfigKeys (ConfUtils.java:logGet(46)) - raft.server.log.unsafe-flush.enabled = false (default)
2023-05-04 21:54:25,456 [pool-267-thread-1] INFO  server.RaftServerConfigKeys (ConfUtils.java:logGet(46)) - raft.server.log.async-flush.enabled = false (default)
2023-05-04 21:54:25,456 [pool-267-thread-1] INFO  server.RaftServerConfigKeys (ConfUtils.java:logGet(46)) - raft.server.log.statemachine.data.caching.enabled = true (custom)
2023-05-04 21:54:25,456 [pool-267-thread-1] INFO  segmented.SegmentedRaftLogWorker (SegmentedRaftLogWorker.java:lambda$new$0(135)) - 4c10edfb-6769-4396-b189-3c3a2dc734f1@group-A6537FCB2585-SegmentedRaftLogWorker: flushIndex: setUnconditionally 0 -> -1
2023-05-04 21:54:25,459 [pool-267-thread-1] INFO  segmented.SegmentedRaftLogWorker (SegmentedRaftLogWorker.java:lambda$new$0(135)) - 4c10edfb-6769-4396-b189-3c3a2dc734f1@group-A6537FCB2585-SegmentedRaftLogWorker: safeCacheEvictIndex: setUnconditionally 0 -> -1
2023-05-04 21:54:25,459 [pool-267-thread-1] INFO  server.RaftServer$Division (RaftServerImpl.java:start(334)) - 4c10edfb-6769-4396-b189-3c3a2dc734f1@group-A6537FCB2585: start as a follower, conf=-1: peers:[7a25d7ac-269f-485a-96a1-a3fbc0da93f8|rpc:10.1.0.44:38519|dataStream:10.1.0.44:33389|priority:0|startupRole:FOLLOWER, 9dbc72e3-9cc3-404d-a7a0-986f3a32b37f|rpc:10.1.0.44:39725|dataStream:10.1.0.44:33233|priority:1|startupRole:FOLLOWER, 4c10edfb-6769-4396-b189-3c3a2dc734f1|rpc:10.1.0.44:42105|dataStream:10.1.0.44:42449|priority:0|startupRole:FOLLOWER]|listeners:[], old=null
2023-05-04 21:54:25,459 [pool-267-thread-1] INFO  server.RaftServer$Division (RaftServerImpl.java:setRole(321)) - 4c10edfb-6769-4396-b189-3c3a2dc734f1@group-A6537FCB2585: changes role from      null to FOLLOWER at term 0 for startAsFollower
2023-05-04 21:54:25,459 [pool-267-thread-1] INFO  impl.RoleInfo (RoleInfo.java:updateAndGet(139)) - 4c10edfb-6769-4396-b189-3c3a2dc734f1: start 4c10edfb-6769-4396-b189-3c3a2dc734f1@group-A6537FCB2585-FollowerState
2023-05-04 21:54:25,460 [pool-267-thread-1] INFO  util.JmxRegister (JmxRegister.java:tryRegister(44)) - Successfully registered JMX Bean with object name Ratis:service=RaftServer,group=group-A6537FCB2585,id=4c10edfb-6769-4396-b189-3c3a2dc734f1
2023-05-04 21:54:25,460 [pool-267-thread-1] INFO  server.RaftServerConfigKeys (ConfUtils.java:logGet(46)) - raft.server.snapshot.auto.trigger.enabled = true (custom)
2023-05-04 21:54:25,460 [pool-267-thread-1] INFO  server.RaftServerConfigKeys (ConfUtils.java:logGet(46)) - raft.server.snapshot.auto.trigger.threshold = 10000 (custom)
2023-05-04 21:54:25,460 [pool-267-thread-1] INFO  server.RaftServerConfigKeys (ConfUtils.java:logGet(46)) - raft.server.snapshot.retention.file.num = 5 (custom)
2023-05-04 21:54:25,460 [pool-267-thread-1] INFO  server.RaftServerConfigKeys (ConfUtils.java:logGet(46)) - raft.server.log.purge.upto.snapshot.index = false (default)
2023-05-04 21:54:25,461 [4c10edfb-6769-4396-b189-3c3a2dc734f1@group-A6537FCB2585-FollowerState] INFO  server.RaftServerConfigKeys (ConfUtils.java:logFallback(53)) - raft.server.rpc.first-election.timeout.min = 5s (fallback to raft.server.rpc.timeout.min)
2023-05-04 21:54:25,461 [4c10edfb-6769-4396-b189-3c3a2dc734f1@group-A6537FCB2585-FollowerState] INFO  server.RaftServerConfigKeys (ConfUtils.java:logFallback(53)) - raft.server.rpc.first-election.timeout.max = 5200ms (fallback to raft.server.rpc.timeout.max)
2023-05-04 21:54:25,500 [IPC Server handler 4 on default port 35509] INFO  net.NetworkTopologyImpl (NetworkTopologyImpl.java:add(112)) - Added a new node: /default-rack/4af14e23-4e43-4125-a3fa-4a46f775551c
2023-05-04 21:54:25,500 [IPC Server handler 4 on default port 35509] INFO  node.SCMNodeManager (SCMNodeManager.java:register(407)) - Registered Data node : 4af14e23-4e43-4125-a3fa-4a46f775551c{ip: 10.1.0.44, host: fv-az133-721.yhipumr4050edinzmvad0xeera.cx.internal.cloudapp.net, ports: [HTTP=39467, REPLICATION=41405, RATIS=42289, RATIS_ADMIN=42289, RATIS_SERVER=42289, RATIS_DATASTREAM=37781, STANDALONE=33709], networkLocation: /default-rack, certSerialId: null, persistedOpState: null, persistedOpStateExpiryEpochSec: 0}
2023-05-04 21:54:25,500 [EventQueue-NewNodeForNewNodeHandler] INFO  pipeline.BackgroundPipelineCreator (BackgroundPipelineCreator.java:notifyEventTriggered(276)) - trigger a one-shot run on RatisPipelineUtilsThread.
2023-05-04 21:54:25,501 [RatisPipelineUtilsThread - 0] INFO  pipeline.RatisPipelineProvider (RatisPipelineProvider.java:lambda$create$0(206)) - Sending CreatePipelineCommand for pipeline:PipelineID=260cc495-612c-4dbb-b2ca-f197f553b77f to datanode:4af14e23-4e43-4125-a3fa-4a46f775551c
2023-05-04 21:54:25,502 [RatisPipelineUtilsThread - 0] INFO  pipeline.PipelineStateManagerImpl (PipelineStateManagerImpl.java:addPipeline(103)) - Created pipeline Pipeline[ Id: 260cc495-612c-4dbb-b2ca-f197f553b77f, Nodes: 4af14e23-4e43-4125-a3fa-4a46f775551c(fv-az133-721.yhipumr4050edinzmvad0xeera.cx.internal.cloudapp.net/10.1.0.44), ReplicationConfig: RATIS/ONE, State:ALLOCATED, leaderId:, CreationTimestamp2023-05-04T21:54:25.501Z[Etc/UTC]].
2023-05-04 21:54:25,502 [RatisPipelineUtilsThread - 0] WARN  pipeline.PipelinePlacementPolicy (PipelinePlacementPolicy.java:filterViableNodes(160)) - Pipeline creation failed due to no sufficient healthy datanodes. Required 3. Found 2. Excluded 12.
2023-05-04 21:54:25,510 [grpc-default-executor-1] INFO  server.RaftServer (RaftServerProxy.java:addNew(96)) - 9dbc72e3-9cc3-404d-a7a0-986f3a32b37f: addNew group-A6537FCB2585:[7a25d7ac-269f-485a-96a1-a3fbc0da93f8|rpc:10.1.0.44:38519|dataStream:10.1.0.44:33389|priority:0|startupRole:FOLLOWER, 9dbc72e3-9cc3-404d-a7a0-986f3a32b37f|rpc:10.1.0.44:39725|dataStream:10.1.0.44:33233|priority:1|startupRole:FOLLOWER, 4c10edfb-6769-4396-b189-3c3a2dc734f1|rpc:10.1.0.44:42105|dataStream:10.1.0.44:42449|priority:0|startupRole:FOLLOWER] returns group-A6537FCB2585:java.util.concurrent.CompletableFuture@272e1bdd[Not completed]
2023-05-04 21:54:25,511 [pool-241-thread-1] INFO  server.RaftServer$Division (RaftServerImpl.java:<init>(195)) - 9dbc72e3-9cc3-404d-a7a0-986f3a32b37f: new RaftServerImpl for group-A6537FCB2585:[7a25d7ac-269f-485a-96a1-a3fbc0da93f8|rpc:10.1.0.44:38519|dataStream:10.1.0.44:33389|priority:0|startupRole:FOLLOWER, 9dbc72e3-9cc3-404d-a7a0-986f3a32b37f|rpc:10.1.0.44:39725|dataStream:10.1.0.44:33233|priority:1|startupRole:FOLLOWER, 4c10edfb-6769-4396-b189-3c3a2dc734f1|rpc:10.1.0.44:42105|dataStream:10.1.0.44:42449|priority:0|startupRole:FOLLOWER] with ContainerStateMachine:uninitialized
2023-05-04 21:54:25,511 [pool-241-thread-1] INFO  server.RaftServerConfigKeys (ConfUtils.java:logGet(46)) - raft.server.rpc.timeout.min = 5s (custom)
2023-05-04 21:54:25,512 [pool-241-thread-1] INFO  server.RaftServerConfigKeys (ConfUtils.java:logGet(46)) - raft.server.rpc.timeout.max = 5200ms (custom)
2023-05-04 21:54:25,512 [pool-241-thread-1] INFO  server.RaftServerConfigKeys (ConfUtils.java:logGet(46)) - raft.server.rpc.sleep.time = 25ms (default)
2023-05-04 21:54:25,512 [pool-241-thread-1] INFO  server.RaftServerConfigKeys (ConfUtils.java:logGet(46)) - raft.server.rpc.slowness.timeout = 300s (custom)
2023-05-04 21:54:25,512 [pool-241-thread-1] INFO  server.RaftServerConfigKeys (ConfUtils.java:logGet(46)) - raft.server.leaderelection.leader.step-down.wait-time = 10s (default)
2023-05-04 21:54:25,512 [pool-241-thread-1] INFO  server.RaftServerConfigKeys (ConfUtils.java:logGet(46)) - raft.server.sleep.deviation.threshold = 300ms (default)
2023-05-04 21:54:25,512 [pool-241-thread-1] INFO  server.RaftServer$Division (ServerState.java:<init>(118)) - 9dbc72e3-9cc3-404d-a7a0-986f3a32b37f@group-A6537FCB2585: ConfigurationManager, init=-1: peers:[7a25d7ac-269f-485a-96a1-a3fbc0da93f8|rpc:10.1.0.44:38519|dataStream:10.1.0.44:33389|priority:0|startupRole:FOLLOWER, 9dbc72e3-9cc3-404d-a7a0-986f3a32b37f|rpc:10.1.0.44:39725|dataStream:10.1.0.44:33233|priority:1|startupRole:FOLLOWER, 4c10edfb-6769-4396-b189-3c3a2dc734f1|rpc:10.1.0.44:42105|dataStream:10.1.0.44:42449|priority:0|startupRole:FOLLOWER]|listeners:[], old=null, confs=<EMPTY_MAP>
2023-05-04 21:54:25,512 [pool-241-thread-1] INFO  server.RaftServerConfigKeys (ConfUtils.java:logGet(46)) - raft.server.storage.dir = [/home/runner/work/ozone/ozone/hadoop-ozone/integration-test/target/test-dir/MiniOzoneClusterImpl-52a188dd-66b8-45b2-ab7c-675c0ee04825/datanode-7/data/ratis] (custom)
2023-05-04 21:54:25,512 [pool-241-thread-1] INFO  server.RaftServerConfigKeys (ConfUtils.java:logGet(46)) - raft.server.log.corruption.policy = EXCEPTION (default)
2023-05-04 21:54:25,512 [pool-241-thread-1] INFO  server.RaftServerConfigKeys (ConfUtils.java:logGet(46)) - raft.server.storage.free-space.min = 0MB (=0) (default)
2023-05-04 21:54:25,512 [pool-241-thread-1] INFO  server.RaftServerConfigKeys (ConfUtils.java:logGet(46)) - raft.server.notification.no-leader.timeout = 300s (custom)
2023-05-04 21:54:25,512 [pool-241-thread-1] INFO  server.RaftServerConfigKeys (ConfUtils.java:logGet(46)) - raft.server.retrycache.expirytime = 600000ms (custom)
2023-05-04 21:54:25,512 [pool-241-thread-1] INFO  server.RaftServerConfigKeys (ConfUtils.java:logGet(46)) - raft.server.retrycache.statistics.expirytime = 100μs (default)
2023-05-04 21:54:25,514 [pool-241-thread-1] INFO  server.RaftServerConfigKeys (ConfUtils.java:logGet(46)) - raft.server.log.appender.install.snapshot.enabled = false (custom)
2023-05-04 21:54:25,514 [pool-241-thread-1] INFO  server.RaftServerConfigKeys (ConfUtils.java:logGet(46)) - raft.server.threadpool.server.cached = true (default)
2023-05-04 21:54:25,514 [pool-241-thread-1] INFO  server.RaftServerConfigKeys (ConfUtils.java:logGet(46)) - raft.server.threadpool.server.size = 0 (default)
2023-05-04 21:54:25,514 [pool-241-thread-1] INFO  server.RaftServerConfigKeys (ConfUtils.java:logGet(46)) - raft.server.threadpool.client.cached = true (default)
2023-05-04 21:54:25,514 [pool-241-thread-1] INFO  server.RaftServerConfigKeys (ConfUtils.java:logGet(46)) - raft.server.threadpool.client.size = 0 (default)
2023-05-04 21:54:25,514 [pool-241-thread-1] INFO  storage.RaftStorageDirectory (RaftStorageDirectoryImpl.java:analyzeStorage(137)) - The storage directory /home/runner/work/ozone/ozone/hadoop-ozone/integration-test/target/test-dir/MiniOzoneClusterImpl-52a188dd-66b8-45b2-ab7c-675c0ee04825/datanode-7/data/ratis/11aa5225-c395-4869-9ea1-a6537fcb2585 does not exist. Creating ...
2023-05-04 21:54:25,515 [pool-241-thread-1] INFO  storage.RaftStorageDirectory (RaftStorageDirectoryImpl.java:tryLock(231)) - Lock on /home/runner/work/ozone/ozone/hadoop-ozone/integration-test/target/test-dir/MiniOzoneClusterImpl-52a188dd-66b8-45b2-ab7c-675c0ee04825/datanode-7/data/ratis/11aa5225-c395-4869-9ea1-a6537fcb2585/in_use.lock acquired by nodename 25128@fv-az133-721
2023-05-04 21:54:25,517 [pool-241-thread-1] INFO  storage.RaftStorage (RaftStorageImpl.java:format(96)) - Storage directory /home/runner/work/ozone/ozone/hadoop-ozone/integration-test/target/test-dir/MiniOzoneClusterImpl-52a188dd-66b8-45b2-ab7c-675c0ee04825/datanode-7/data/ratis/11aa5225-c395-4869-9ea1-a6537fcb2585 has been successfully formatted.
2023-05-04 21:54:25,519 [pool-241-thread-1] INFO  ratis.ContainerStateMachine (ContainerStateMachine.java:loadSnapshot(262)) - group-A6537FCB2585: The snapshot info is null. Setting the last applied indexto:(t:0, i:~)
2023-05-04 21:54:25,519 [pool-241-thread-1] INFO  server.RaftServerConfigKeys (ConfUtils.java:logGet(46)) - raft.server.log.use.memory = false (default)
2023-05-04 21:54:25,519 [pool-241-thread-1] INFO  server.RaftServerConfigKeys (ConfUtils.java:logGet(46)) - raft.server.log.purge.gap = 1000000 (custom)
2023-05-04 21:54:25,519 [pool-241-thread-1] INFO  server.RaftServerConfigKeys (ConfUtils.java:logGet(46)) - raft.server.log.appender.buffer.byte-limit = 33554432 (custom)
2023-05-04 21:54:25,519 [pool-241-thread-1] INFO  server.RaftServerConfigKeys (ConfUtils.java:logGet(46)) - raft.server.log.statemachine.data.read.timeout = 1000ms (default)
2023-05-04 21:54:25,519 [pool-241-thread-1] INFO  server.RaftServerConfigKeys (ConfUtils.java:logGet(46)) - raft.server.log.purge.preservation.log.num = 0 (default)
2023-05-04 21:54:25,519 [pool-241-thread-1] INFO  server.RaftServerConfigKeys (ConfUtils.java:logGet(46)) - raft.server.log.segment.size.max = 1048576 (custom)
2023-05-04 21:54:25,521 [pool-241-thread-1] INFO  server.RaftServerConfigKeys (ConfUtils.java:logGet(46)) - raft.server.log.segment.cache.num.max = 2 (custom)
2023-05-04 21:54:25,521 [pool-241-thread-1] INFO  server.RaftServerConfigKeys (ConfUtils.java:logGet(46)) - raft.server.log.segment.cache.size.max = 200MB (=209715200) (default)
2023-05-04 21:54:25,521 [pool-241-thread-1] INFO  segmented.SegmentedRaftLogWorker (SegmentedRaftLogWorker.java:<init>(189)) - new 9dbc72e3-9cc3-404d-a7a0-986f3a32b37f@group-A6537FCB2585-SegmentedRaftLogWorker for RaftStorageImpl:Storage Directory /home/runner/work/ozone/ozone/hadoop-ozone/integration-test/target/test-dir/MiniOzoneClusterImpl-52a188dd-66b8-45b2-ab7c-675c0ee04825/datanode-7/data/ratis/11aa5225-c395-4869-9ea1-a6537fcb2585
2023-05-04 21:54:25,521 [pool-241-thread-1] INFO  server.RaftServerConfigKeys (ConfUtils.java:logGet(46)) - raft.server.log.queue.byte-limit = 4294967296 (custom)
2023-05-04 21:54:25,521 [pool-241-thread-1] INFO  server.RaftServerConfigKeys (ConfUtils.java:logGet(46)) - raft.server.log.queue.element-limit = 1024 (custom)
2023-05-04 21:54:25,521 [pool-241-thread-1] INFO  server.RaftServerConfigKeys (ConfUtils.java:logGet(46)) - raft.server.log.segment.size.max = 1048576 (custom)
2023-05-04 21:54:25,521 [pool-241-thread-1] INFO  server.RaftServerConfigKeys (ConfUtils.java:logGet(46)) - raft.server.log.preallocated.size = 16384 (custom)
2023-05-04 21:54:25,521 [pool-241-thread-1] INFO  server.RaftServerConfigKeys (ConfUtils.java:logGet(46)) - raft.server.log.force.sync.num = 128 (default)
2023-05-04 21:54:25,521 [pool-241-thread-1] INFO  server.RaftServerConfigKeys (ConfUtils.java:logGet(46)) - raft.server.log.statemachine.data.sync = true (default)
2023-05-04 21:54:25,521 [pool-241-thread-1] INFO  server.RaftServerConfigKeys (ConfUtils.java:logGet(46)) - raft.server.log.statemachine.data.sync.timeout = 10s (default)
2023-05-04 21:54:25,521 [pool-241-thread-1] INFO  server.RaftServerConfigKeys (ConfUtils.java:logGet(46)) - raft.server.log.statemachine.data.sync.timeout.retry = -1 (default)
2023-05-04 21:54:25,523 [pool-241-thread-1] INFO  server.RaftServerConfigKeys (ConfUtils.java:logGet(46)) - raft.server.log.write.buffer.size = 1048576 (custom)
2023-05-04 21:54:25,524 [pool-241-thread-1] INFO  server.RaftServerConfigKeys (ConfUtils.java:logGet(46)) - raft.server.log.appender.buffer.byte-limit = 33554432 (custom)
2023-05-04 21:54:25,529 [pool-241-thread-1] INFO  server.RaftServerConfigKeys (ConfUtils.java:logGet(46)) - raft.server.log.unsafe-flush.enabled = false (default)
2023-05-04 21:54:25,529 [pool-241-thread-1] INFO  server.RaftServerConfigKeys (ConfUtils.java:logGet(46)) - raft.server.log.async-flush.enabled = false (default)
2023-05-04 21:54:25,529 [pool-241-thread-1] INFO  server.RaftServerConfigKeys (ConfUtils.java:logGet(46)) - raft.server.log.statemachine.data.caching.enabled = true (custom)
2023-05-04 21:54:25,530 [pool-241-thread-1] INFO  segmented.SegmentedRaftLogWorker (SegmentedRaftLogWorker.java:lambda$new$0(135)) - 9dbc72e3-9cc3-404d-a7a0-986f3a32b37f@group-A6537FCB2585-SegmentedRaftLogWorker: flushIndex: setUnconditionally 0 -> -1
2023-05-04 21:54:25,530 [pool-241-thread-1] INFO  segmented.SegmentedRaftLogWorker (SegmentedRaftLogWorker.java:lambda$new$0(135)) - 9dbc72e3-9cc3-404d-a7a0-986f3a32b37f@group-A6537FCB2585-SegmentedRaftLogWorker: safeCacheEvictIndex: setUnconditionally 0 -> -1
2023-05-04 21:54:25,530 [pool-241-thread-1] INFO  server.RaftServer$Division (RaftServerImpl.java:start(334)) - 9dbc72e3-9cc3-404d-a7a0-986f3a32b37f@group-A6537FCB2585: start as a follower, conf=-1: peers:[7a25d7ac-269f-485a-96a1-a3fbc0da93f8|rpc:10.1.0.44:38519|dataStream:10.1.0.44:33389|priority:0|startupRole:FOLLOWER, 9dbc72e3-9cc3-404d-a7a0-986f3a32b37f|rpc:10.1.0.44:39725|dataStream:10.1.0.44:33233|priority:1|startupRole:FOLLOWER, 4c10edfb-6769-4396-b189-3c3a2dc734f1|rpc:10.1.0.44:42105|dataStream:10.1.0.44:42449|priority:0|startupRole:FOLLOWER]|listeners:[], old=null
2023-05-04 21:54:25,530 [pool-241-thread-1] INFO  server.RaftServer$Division (RaftServerImpl.java:setRole(321)) - 9dbc72e3-9cc3-404d-a7a0-986f3a32b37f@group-A6537FCB2585: changes role from      null to FOLLOWER at term 0 for startAsFollower
2023-05-04 21:54:25,530 [pool-241-thread-1] INFO  impl.RoleInfo (RoleInfo.java:updateAndGet(139)) - 9dbc72e3-9cc3-404d-a7a0-986f3a32b37f: start 9dbc72e3-9cc3-404d-a7a0-986f3a32b37f@group-A6537FCB2585-FollowerState
2023-05-04 21:54:25,532 [pool-241-thread-1] INFO  util.JmxRegister (JmxRegister.java:tryRegister(44)) - Successfully registered JMX Bean with object name Ratis:service=RaftServer,group=group-A6537FCB2585,id=9dbc72e3-9cc3-404d-a7a0-986f3a32b37f
2023-05-04 21:54:25,533 [pool-241-thread-1] INFO  server.RaftServerConfigKeys (ConfUtils.java:logGet(46)) - raft.server.snapshot.auto.trigger.enabled = true (custom)
2023-05-04 21:54:25,533 [pool-241-thread-1] INFO  server.RaftServerConfigKeys (ConfUtils.java:logGet(46)) - raft.server.snapshot.auto.trigger.threshold = 10000 (custom)
2023-05-04 21:54:25,533 [pool-241-thread-1] INFO  server.RaftServerConfigKeys (ConfUtils.java:logGet(46)) - raft.server.snapshot.retention.file.num = 5 (custom)
2023-05-04 21:54:25,533 [pool-241-thread-1] INFO  server.RaftServerConfigKeys (ConfUtils.java:logGet(46)) - raft.server.log.purge.upto.snapshot.index = false (default)
2023-05-04 21:54:25,534 [9dbc72e3-9cc3-404d-a7a0-986f3a32b37f@group-A6537FCB2585-FollowerState] INFO  server.RaftServerConfigKeys (ConfUtils.java:logFallback(53)) - raft.server.rpc.first-election.timeout.min = 5s (fallback to raft.server.rpc.timeout.min)
2023-05-04 21:54:25,534 [9dbc72e3-9cc3-404d-a7a0-986f3a32b37f@group-A6537FCB2585-FollowerState] INFO  server.RaftServerConfigKeys (ConfUtils.java:logFallback(53)) - raft.server.rpc.first-election.timeout.max = 5200ms (fallback to raft.server.rpc.timeout.max)
2023-05-04 21:54:25,549 [Command processor thread] INFO  commandhandler.CreatePipelineCommandHandler (CreatePipelineCommandHandler.java:handle(113)) - Created Pipeline RATIS THREE PipelineID=11aa5225-c395-4869-9ea1-a6537fcb2585.
2023-05-04 21:54:25,637 [Command processor thread] INFO  server.RaftServer (RaftServerProxy.java:addNew(96)) - 9dbc72e3-9cc3-404d-a7a0-986f3a32b37f: addNew group-76FBCC1860E5:[9dbc72e3-9cc3-404d-a7a0-986f3a32b37f|rpc:10.1.0.44:39725|dataStream:10.1.0.44:33233|priority:1|startupRole:FOLLOWER] returns group-76FBCC1860E5:java.util.concurrent.CompletableFuture@5bc5d343[Not completed]
2023-05-04 21:54:25,638 [pool-241-thread-1] INFO  server.RaftServer$Division (RaftServerImpl.java:<init>(195)) - 9dbc72e3-9cc3-404d-a7a0-986f3a32b37f: new RaftServerImpl for group-76FBCC1860E5:[9dbc72e3-9cc3-404d-a7a0-986f3a32b37f|rpc:10.1.0.44:39725|dataStream:10.1.0.44:33233|priority:1|startupRole:FOLLOWER] with ContainerStateMachine:uninitialized
2023-05-04 21:54:25,638 [pool-241-thread-1] INFO  server.RaftServerConfigKeys (ConfUtils.java:logGet(46)) - raft.server.rpc.timeout.min = 5s (custom)
2023-05-04 21:54:25,639 [pool-241-thread-1] INFO  server.RaftServerConfigKeys (ConfUtils.java:logGet(46)) - raft.server.rpc.timeout.max = 5200ms (custom)
2023-05-04 21:54:25,639 [pool-241-thread-1] INFO  server.RaftServerConfigKeys (ConfUtils.java:logGet(46)) - raft.server.rpc.sleep.time = 25ms (default)
2023-05-04 21:54:25,639 [pool-241-thread-1] INFO  server.RaftServerConfigKeys (ConfUtils.java:logGet(46)) - raft.server.rpc.slowness.timeout = 300s (custom)
2023-05-04 21:54:25,639 [pool-241-thread-1] INFO  server.RaftServerConfigKeys (ConfUtils.java:logGet(46)) - raft.server.leaderelection.leader.step-down.wait-time = 10s (default)
2023-05-04 21:54:25,639 [pool-241-thread-1] INFO  server.RaftServerConfigKeys (ConfUtils.java:logGet(46)) - raft.server.sleep.deviation.threshold = 300ms (default)
2023-05-04 21:54:25,639 [pool-241-thread-1] INFO  server.RaftServer$Division (ServerState.java:<init>(118)) - 9dbc72e3-9cc3-404d-a7a0-986f3a32b37f@group-76FBCC1860E5: ConfigurationManager, init=-1: peers:[9dbc72e3-9cc3-404d-a7a0-986f3a32b37f|rpc:10.1.0.44:39725|dataStream:10.1.0.44:33233|priority:1|startupRole:FOLLOWER]|listeners:[], old=null, confs=<EMPTY_MAP>
2023-05-04 21:54:25,639 [pool-241-thread-1] INFO  server.RaftServerConfigKeys (ConfUtils.java:logGet(46)) - raft.server.storage.dir = [/home/runner/work/ozone/ozone/hadoop-ozone/integration-test/target/test-dir/MiniOzoneClusterImpl-52a188dd-66b8-45b2-ab7c-675c0ee04825/datanode-7/data/ratis] (custom)
2023-05-04 21:54:25,639 [pool-241-thread-1] INFO  server.RaftServerConfigKeys (ConfUtils.java:logGet(46)) - raft.server.log.corruption.policy = EXCEPTION (default)
2023-05-04 21:54:25,639 [pool-241-thread-1] INFO  server.RaftServerConfigKeys (ConfUtils.java:logGet(46)) - raft.server.storage.free-space.min = 0MB (=0) (default)
2023-05-04 21:54:25,639 [pool-241-thread-1] INFO  server.RaftServerConfigKeys (ConfUtils.java:logGet(46)) - raft.server.notification.no-leader.timeout = 300s (custom)
2023-05-04 21:54:25,639 [pool-241-thread-1] INFO  server.RaftServerConfigKeys (ConfUtils.java:logGet(46)) - raft.server.retrycache.expirytime = 600000ms (custom)
2023-05-04 21:54:25,639 [pool-241-thread-1] INFO  server.RaftServerConfigKeys (ConfUtils.java:logGet(46)) - raft.server.retrycache.statistics.expirytime = 100μs (default)
2023-05-04 21:54:25,641 [pool-241-thread-1] INFO  server.RaftServerConfigKeys (ConfUtils.java:logGet(46)) - raft.server.log.appender.install.snapshot.enabled = false (custom)
2023-05-04 21:54:25,641 [pool-241-thread-1] INFO  server.RaftServerConfigKeys (ConfUtils.java:logGet(46)) - raft.server.threadpool.server.cached = true (default)
2023-05-04 21:54:25,641 [pool-241-thread-1] INFO  server.RaftServerConfigKeys (ConfUtils.java:logGet(46)) - raft.server.threadpool.server.size = 0 (default)
2023-05-04 21:54:25,641 [pool-241-thread-1] INFO  server.RaftServerConfigKeys (ConfUtils.java:logGet(46)) - raft.server.threadpool.client.cached = true (default)
2023-05-04 21:54:25,641 [pool-241-thread-1] INFO  server.RaftServerConfigKeys (ConfUtils.java:logGet(46)) - raft.server.threadpool.client.size = 0 (default)
2023-05-04 21:54:25,641 [pool-241-thread-1] INFO  storage.RaftStorageDirectory (RaftStorageDirectoryImpl.java:analyzeStorage(137)) - The storage directory /home/runner/work/ozone/ozone/hadoop-ozone/integration-test/target/test-dir/MiniOzoneClusterImpl-52a188dd-66b8-45b2-ab7c-675c0ee04825/datanode-7/data/ratis/7bfdeeb3-75fb-4665-9ab1-76fbcc1860e5 does not exist. Creating ...
2023-05-04 21:54:25,643 [pool-241-thread-1] INFO  storage.RaftStorageDirectory (RaftStorageDirectoryImpl.java:tryLock(231)) - Lock on /home/runner/work/ozone/ozone/hadoop-ozone/integration-test/target/test-dir/MiniOzoneClusterImpl-52a188dd-66b8-45b2-ab7c-675c0ee04825/datanode-7/data/ratis/7bfdeeb3-75fb-4665-9ab1-76fbcc1860e5/in_use.lock acquired by nodename 25128@fv-az133-721
2023-05-04 21:54:25,644 [pool-241-thread-1] INFO  storage.RaftStorage (RaftStorageImpl.java:format(96)) - Storage directory /home/runner/work/ozone/ozone/hadoop-ozone/integration-test/target/test-dir/MiniOzoneClusterImpl-52a188dd-66b8-45b2-ab7c-675c0ee04825/datanode-7/data/ratis/7bfdeeb3-75fb-4665-9ab1-76fbcc1860e5 has been successfully formatted.
2023-05-04 21:54:25,646 [pool-241-thread-1] INFO  ratis.ContainerStateMachine (ContainerStateMachine.java:loadSnapshot(262)) - group-76FBCC1860E5: The snapshot info is null. Setting the last applied indexto:(t:0, i:~)
2023-05-04 21:54:25,646 [pool-241-thread-1] INFO  server.RaftServerConfigKeys (ConfUtils.java:logGet(46)) - raft.server.log.use.memory = false (default)
2023-05-04 21:54:25,646 [pool-241-thread-1] INFO  server.RaftServerConfigKeys (ConfUtils.java:logGet(46)) - raft.server.log.purge.gap = 1000000 (custom)
2023-05-04 21:54:25,646 [pool-241-thread-1] INFO  server.RaftServerConfigKeys (ConfUtils.java:logGet(46)) - raft.server.log.appender.buffer.byte-limit = 33554432 (custom)
2023-05-04 21:54:25,646 [pool-241-thread-1] INFO  server.RaftServerConfigKeys (ConfUtils.java:logGet(46)) - raft.server.log.statemachine.data.read.timeout = 1000ms (default)
2023-05-04 21:54:25,646 [pool-241-thread-1] INFO  server.RaftServerConfigKeys (ConfUtils.java:logGet(46)) - raft.server.log.purge.preservation.log.num = 0 (default)
2023-05-04 21:54:25,647 [EventQueue-PipelineReportForPipelineReportHandler] INFO  pipeline.PipelineManagerImpl (PipelineManagerImpl.java:openPipeline(367)) - Pipeline Pipeline[ Id: 7bfdeeb3-75fb-4665-9ab1-76fbcc1860e5, Nodes: 9dbc72e3-9cc3-404d-a7a0-986f3a32b37f(fv-az133-721.yhipumr4050edinzmvad0xeera.cx.internal.cloudapp.net/10.1.0.44), ReplicationConfig: RATIS/ONE, State:ALLOCATED, leaderId:9dbc72e3-9cc3-404d-a7a0-986f3a32b37f, CreationTimestamp2023-05-04T21:54:22.643Z[Etc/UTC]] moved to OPEN state
2023-05-04 21:54:25,647 [EventQueue-OpenPipelineForHealthyPipelineSafeModeRule] INFO  safemode.SCMSafeModeManager (HealthyPipelineSafeModeRule.java:process(137)) - SCM in safe mode. Healthy pipelines reported count is 0, required healthy pipeline reported count is 1
2023-05-04 21:54:25,648 [pool-241-thread-1] INFO  server.RaftServerConfigKeys (ConfUtils.java:logGet(46)) - raft.server.log.segment.size.max = 1048576 (custom)
2023-05-04 21:54:25,648 [pool-241-thread-1] INFO  server.RaftServerConfigKeys (ConfUtils.java:logGet(46)) - raft.server.log.segment.cache.num.max = 2 (custom)
2023-05-04 21:54:25,648 [pool-241-thread-1] INFO  server.RaftServerConfigKeys (ConfUtils.java:logGet(46)) - raft.server.log.segment.cache.size.max = 200MB (=209715200) (default)
2023-05-04 21:54:25,648 [pool-241-thread-1] INFO  segmented.SegmentedRaftLogWorker (SegmentedRaftLogWorker.java:<init>(189)) - new 9dbc72e3-9cc3-404d-a7a0-986f3a32b37f@group-76FBCC1860E5-SegmentedRaftLogWorker for RaftStorageImpl:Storage Directory /home/runner/work/ozone/ozone/hadoop-ozone/integration-test/target/test-dir/MiniOzoneClusterImpl-52a188dd-66b8-45b2-ab7c-675c0ee04825/datanode-7/data/ratis/7bfdeeb3-75fb-4665-9ab1-76fbcc1860e5
2023-05-04 21:54:25,648 [pool-241-thread-1] INFO  server.RaftServerConfigKeys (ConfUtils.java:logGet(46)) - raft.server.log.queue.byte-limit = 4294967296 (custom)
2023-05-04 21:54:25,648 [pool-241-thread-1] INFO  server.RaftServerConfigKeys (ConfUtils.java:logGet(46)) - raft.server.log.queue.element-limit = 1024 (custom)
2023-05-04 21:54:25,649 [pool-241-thread-1] INFO  server.RaftServerConfigKeys (ConfUtils.java:logGet(46)) - raft.server.log.segment.size.max = 1048576 (custom)
2023-05-04 21:54:25,649 [pool-241-thread-1] INFO  server.RaftServerConfigKeys (ConfUtils.java:logGet(46)) - raft.server.log.preallocated.size = 16384 (custom)
2023-05-04 21:54:25,649 [pool-241-thread-1] INFO  server.RaftServerConfigKeys (ConfUtils.java:logGet(46)) - raft.server.log.force.sync.num = 128 (default)
2023-05-04 21:54:25,649 [pool-241-thread-1] INFO  server.RaftServerConfigKeys (ConfUtils.java:logGet(46)) - raft.server.log.statemachine.data.sync = true (default)
2023-05-04 21:54:25,649 [pool-241-thread-1] INFO  server.RaftServerConfigKeys (ConfUtils.java:logGet(46)) - raft.server.log.statemachine.data.sync.timeout = 10s (default)
2023-05-04 21:54:25,649 [pool-241-thread-1] INFO  server.RaftServerConfigKeys (ConfUtils.java:logGet(46)) - raft.server.log.statemachine.data.sync.timeout.retry = -1 (default)
2023-05-04 21:54:25,651 [pool-241-thread-1] INFO  server.RaftServerConfigKeys (ConfUtils.java:logGet(46)) - raft.server.log.write.buffer.size = 1048576 (custom)
2023-05-04 21:54:25,651 [pool-241-thread-1] INFO  server.RaftServerConfigKeys (ConfUtils.java:logGet(46)) - raft.server.log.appender.buffer.byte-limit = 33554432 (custom)
2023-05-04 21:54:25,656 [pool-241-thread-1] INFO  server.RaftServerConfigKeys (ConfUtils.java:logGet(46)) - raft.server.log.unsafe-flush.enabled = false (default)
2023-05-04 21:54:25,656 [pool-241-thread-1] INFO  server.RaftServerConfigKeys (ConfUtils.java:logGet(46)) - raft.server.log.async-flush.enabled = false (default)
2023-05-04 21:54:25,656 [pool-241-thread-1] INFO  server.RaftServerConfigKeys (ConfUtils.java:logGet(46)) - raft.server.log.statemachine.data.caching.enabled = true (custom)
2023-05-04 21:54:25,657 [pool-241-thread-1] INFO  segmented.SegmentedRaftLogWorker (SegmentedRaftLogWorker.java:lambda$new$0(135)) - 9dbc72e3-9cc3-404d-a7a0-986f3a32b37f@group-76FBCC1860E5-SegmentedRaftLogWorker: flushIndex: setUnconditionally 0 -> -1
2023-05-04 21:54:25,657 [pool-241-thread-1] INFO  segmented.SegmentedRaftLogWorker (SegmentedRaftLogWorker.java:lambda$new$0(135)) - 9dbc72e3-9cc3-404d-a7a0-986f3a32b37f@group-76FBCC1860E5-SegmentedRaftLogWorker: safeCacheEvictIndex: setUnconditionally 0 -> -1
2023-05-04 21:54:25,658 [pool-241-thread-1] INFO  server.RaftServer$Division (RaftServerImpl.java:start(334)) - 9dbc72e3-9cc3-404d-a7a0-986f3a32b37f@group-76FBCC1860E5: start as a follower, conf=-1: peers:[9dbc72e3-9cc3-404d-a7a0-986f3a32b37f|rpc:10.1.0.44:39725|dataStream:10.1.0.44:33233|priority:1|startupRole:FOLLOWER]|listeners:[], old=null
2023-05-04 21:54:25,658 [pool-241-thread-1] INFO  server.RaftServer$Division (RaftServerImpl.java:setRole(321)) - 9dbc72e3-9cc3-404d-a7a0-986f3a32b37f@group-76FBCC1860E5: changes role from      null to FOLLOWER at term 0 for startAsFollower
2023-05-04 21:54:25,658 [pool-241-thread-1] INFO  impl.RoleInfo (RoleInfo.java:updateAndGet(139)) - 9dbc72e3-9cc3-404d-a7a0-986f3a32b37f: start 9dbc72e3-9cc3-404d-a7a0-986f3a32b37f@group-76FBCC1860E5-FollowerState
2023-05-04 21:54:25,658 [pool-241-thread-1] INFO  util.JmxRegister (JmxRegister.java:tryRegister(44)) - Successfully registered JMX Bean with object name Ratis:service=RaftServer,group=group-76FBCC1860E5,id=9dbc72e3-9cc3-404d-a7a0-986f3a32b37f
2023-05-04 21:54:25,658 [pool-241-thread-1] INFO  server.RaftServerConfigKeys (ConfUtils.java:logGet(46)) - raft.server.snapshot.auto.trigger.enabled = true (custom)
2023-05-04 21:54:25,658 [pool-241-thread-1] INFO  server.RaftServerConfigKeys (ConfUtils.java:logGet(46)) - raft.server.snapshot.auto.trigger.threshold = 10000 (custom)
2023-05-04 21:54:25,658 [pool-241-thread-1] INFO  server.RaftServerConfigKeys (ConfUtils.java:logGet(46)) - raft.server.snapshot.retention.file.num = 5 (custom)
2023-05-04 21:54:25,658 [pool-241-thread-1] INFO  server.RaftServerConfigKeys (ConfUtils.java:logGet(46)) - raft.server.log.purge.upto.snapshot.index = false (default)
2023-05-04 21:54:25,659 [9dbc72e3-9cc3-404d-a7a0-986f3a32b37f@group-76FBCC1860E5-FollowerState] INFO  server.RaftServerConfigKeys (ConfUtils.java:logFallback(53)) - raft.server.rpc.first-election.timeout.min = 5s (fallback to raft.server.rpc.timeout.min)
2023-05-04 21:54:25,659 [9dbc72e3-9cc3-404d-a7a0-986f3a32b37f@group-76FBCC1860E5-FollowerState] INFO  server.RaftServerConfigKeys (ConfUtils.java:logFallback(53)) - raft.server.rpc.first-election.timeout.max = 5200ms (fallback to raft.server.rpc.timeout.max)
2023-05-04 21:54:25,660 [Command processor thread] INFO  ratis.XceiverServerRatis (XceiverServerRatis.java:addGroup(806)) - Created group PipelineID=7bfdeeb3-75fb-4665-9ab1-76fbcc1860e5
2023-05-04 21:54:25,660 [Command processor thread] INFO  commandhandler.CreatePipelineCommandHandler (CreatePipelineCommandHandler.java:handle(113)) - Created Pipeline RATIS ONE PipelineID=7bfdeeb3-75fb-4665-9ab1-76fbcc1860e5.
2023-05-04 21:54:25,796 [Listener at 127.0.0.1/45425] INFO  ozone.MiniOzoneClusterImpl (MiniOzoneClusterImpl.java:lambda$waitForClusterToBeReady$0(223)) - Nodes are ready. Got 14 of 14 DN Heartbeats.
2023-05-04 21:54:25,796 [Listener at 127.0.0.1/45425] INFO  ozone.MiniOzoneClusterImpl (MiniOzoneClusterImpl.java:lambda$waitForClusterToBeReady$0(226)) - Waiting for cluster to exit safe mode
2023-05-04 21:54:25,796 [Listener at 127.0.0.1/45425] INFO  ozone.MiniOzoneClusterImpl (MiniOzoneClusterImpl.java:lambda$waitForClusterToBeReady$0(228)) - SCM became leader
2023-05-04 21:54:26,077 [Command processor thread] INFO  server.RaftServer (RaftServerProxy.java:addNew(96)) - 4c10edfb-6769-4396-b189-3c3a2dc734f1: addNew group-3B0B24A90C8C:[4c10edfb-6769-4396-b189-3c3a2dc734f1|rpc:10.1.0.44:42105|dataStream:10.1.0.44:42449|priority:1|startupRole:FOLLOWER] returns group-3B0B24A90C8C:java.util.concurrent.CompletableFuture@7c6a857[Not completed]
2023-05-04 21:54:26,079 [pool-267-thread-1] INFO  server.RaftServer$Division (RaftServerImpl.java:<init>(195)) - 4c10edfb-6769-4396-b189-3c3a2dc734f1: new RaftServerImpl for group-3B0B24A90C8C:[4c10edfb-6769-4396-b189-3c3a2dc734f1|rpc:10.1.0.44:42105|dataStream:10.1.0.44:42449|priority:1|startupRole:FOLLOWER] with ContainerStateMachine:uninitialized
2023-05-04 21:54:26,079 [pool-267-thread-1] INFO  server.RaftServerConfigKeys (ConfUtils.java:logGet(46)) - raft.server.rpc.timeout.min = 5s (custom)
2023-05-04 21:54:26,079 [pool-267-thread-1] INFO  server.RaftServerConfigKeys (ConfUtils.java:logGet(46)) - raft.server.rpc.timeout.max = 5200ms (custom)
2023-05-04 21:54:26,079 [pool-267-thread-1] INFO  server.RaftServerConfigKeys (ConfUtils.java:logGet(46)) - raft.server.rpc.sleep.time = 25ms (default)
2023-05-04 21:54:26,079 [pool-267-thread-1] INFO  server.RaftServerConfigKeys (ConfUtils.java:logGet(46)) - raft.server.rpc.slowness.timeout = 300s (custom)
2023-05-04 21:54:26,079 [pool-267-thread-1] INFO  server.RaftServerConfigKeys (ConfUtils.java:logGet(46)) - raft.server.leaderelection.leader.step-down.wait-time = 10s (default)
2023-05-04 21:54:26,079 [pool-267-thread-1] INFO  server.RaftServerConfigKeys (ConfUtils.java:logGet(46)) - raft.server.sleep.deviation.threshold = 300ms (default)
2023-05-04 21:54:26,079 [pool-267-thread-1] INFO  server.RaftServer$Division (ServerState.java:<init>(118)) - 4c10edfb-6769-4396-b189-3c3a2dc734f1@group-3B0B24A90C8C: ConfigurationManager, init=-1: peers:[4c10edfb-6769-4396-b189-3c3a2dc734f1|rpc:10.1.0.44:42105|dataStream:10.1.0.44:42449|priority:1|startupRole:FOLLOWER]|listeners:[], old=null, confs=<EMPTY_MAP>
2023-05-04 21:54:26,079 [pool-267-thread-1] INFO  server.RaftServerConfigKeys (ConfUtils.java:logGet(46)) - raft.server.storage.dir = [/home/runner/work/ozone/ozone/hadoop-ozone/integration-test/target/test-dir/MiniOzoneClusterImpl-52a188dd-66b8-45b2-ab7c-675c0ee04825/datanode-8/data/ratis] (custom)
2023-05-04 21:54:26,080 [pool-267-thread-1] INFO  server.RaftServerConfigKeys (ConfUtils.java:logGet(46)) - raft.server.log.corruption.policy = EXCEPTION (default)
2023-05-04 21:54:26,080 [pool-267-thread-1] INFO  server.RaftServerConfigKeys (ConfUtils.java:logGet(46)) - raft.server.storage.free-space.min = 0MB (=0) (default)
2023-05-04 21:54:26,080 [pool-267-thread-1] INFO  server.RaftServerConfigKeys (ConfUtils.java:logGet(46)) - raft.server.notification.no-leader.timeout = 300s (custom)
2023-05-04 21:54:26,080 [pool-267-thread-1] INFO  server.RaftServerConfigKeys (ConfUtils.java:logGet(46)) - raft.server.retrycache.expirytime = 600000ms (custom)
2023-05-04 21:54:26,080 [pool-267-thread-1] INFO  server.RaftServerConfigKeys (ConfUtils.java:logGet(46)) - raft.server.retrycache.statistics.expirytime = 100μs (default)
2023-05-04 21:54:26,081 [pool-267-thread-1] INFO  server.RaftServerConfigKeys (ConfUtils.java:logGet(46)) - raft.server.log.appender.install.snapshot.enabled = false (custom)
2023-05-04 21:54:26,082 [pool-267-thread-1] INFO  server.RaftServerConfigKeys (ConfUtils.java:logGet(46)) - raft.server.threadpool.server.cached = true (default)
2023-05-04 21:54:26,082 [pool-267-thread-1] INFO  server.RaftServerConfigKeys (ConfUtils.java:logGet(46)) - raft.server.threadpool.server.size = 0 (default)
2023-05-04 21:54:26,082 [pool-267-thread-1] INFO  server.RaftServerConfigKeys (ConfUtils.java:logGet(46)) - raft.server.threadpool.client.cached = true (default)
2023-05-04 21:54:26,082 [pool-267-thread-1] INFO  server.RaftServerConfigKeys (ConfUtils.java:logGet(46)) - raft.server.threadpool.client.size = 0 (default)
2023-05-04 21:54:26,082 [pool-267-thread-1] INFO  storage.RaftStorageDirectory (RaftStorageDirectoryImpl.java:analyzeStorage(137)) - The storage directory /home/runner/work/ozone/ozone/hadoop-ozone/integration-test/target/test-dir/MiniOzoneClusterImpl-52a188dd-66b8-45b2-ab7c-675c0ee04825/datanode-8/data/ratis/3c03403a-96b1-4d5d-9030-3b0b24a90c8c does not exist. Creating ...
2023-05-04 21:54:26,084 [pool-267-thread-1] INFO  storage.RaftStorageDirectory (RaftStorageDirectoryImpl.java:tryLock(231)) - Lock on /home/runner/work/ozone/ozone/hadoop-ozone/integration-test/target/test-dir/MiniOzoneClusterImpl-52a188dd-66b8-45b2-ab7c-675c0ee04825/datanode-8/data/ratis/3c03403a-96b1-4d5d-9030-3b0b24a90c8c/in_use.lock acquired by nodename 25128@fv-az133-721
2023-05-04 21:54:26,085 [pool-267-thread-1] INFO  storage.RaftStorage (RaftStorageImpl.java:format(96)) - Storage directory /home/runner/work/ozone/ozone/hadoop-ozone/integration-test/target/test-dir/MiniOzoneClusterImpl-52a188dd-66b8-45b2-ab7c-675c0ee04825/datanode-8/data/ratis/3c03403a-96b1-4d5d-9030-3b0b24a90c8c has been successfully formatted.
2023-05-04 21:54:26,085 [pool-267-thread-1] INFO  ratis.ContainerStateMachine (ContainerStateMachine.java:loadSnapshot(262)) - group-3B0B24A90C8C: The snapshot info is null. Setting the last applied indexto:(t:0, i:~)
2023-05-04 21:54:26,085 [pool-267-thread-1] INFO  server.RaftServerConfigKeys (ConfUtils.java:logGet(46)) - raft.server.log.use.memory = false (default)
2023-05-04 21:54:26,085 [pool-267-thread-1] INFO  server.RaftServerConfigKeys (ConfUtils.java:logGet(46)) - raft.server.log.purge.gap = 1000000 (custom)
2023-05-04 21:54:26,085 [pool-267-thread-1] INFO  server.RaftServerConfigKeys (ConfUtils.java:logGet(46)) - raft.server.log.appender.buffer.byte-limit = 33554432 (custom)
2023-05-04 21:54:26,086 [pool-267-thread-1] INFO  server.RaftServerConfigKeys (ConfUtils.java:logGet(46)) - raft.server.log.statemachine.data.read.timeout = 1000ms (default)
2023-05-04 21:54:26,086 [pool-267-thread-1] INFO  server.RaftServerConfigKeys (ConfUtils.java:logGet(46)) - raft.server.log.purge.preservation.log.num = 0 (default)
2023-05-04 21:54:26,086 [pool-267-thread-1] INFO  server.RaftServerConfigKeys (ConfUtils.java:logGet(46)) - raft.server.log.segment.size.max = 1048576 (custom)
2023-05-04 21:54:26,086 [pool-267-thread-1] INFO  server.RaftServerConfigKeys (ConfUtils.java:logGet(46)) - raft.server.log.segment.cache.num.max = 2 (custom)
2023-05-04 21:54:26,087 [EventQueue-PipelineReportForPipelineReportHandler] INFO  pipeline.PipelineManagerImpl (PipelineManagerImpl.java:openPipeline(367)) - Pipeline Pipeline[ Id: 3c03403a-96b1-4d5d-9030-3b0b24a90c8c, Nodes: 4c10edfb-6769-4396-b189-3c3a2dc734f1(fv-az133-721.yhipumr4050edinzmvad0xeera.cx.internal.cloudapp.net/10.1.0.44), ReplicationConfig: RATIS/ONE, State:ALLOCATED, leaderId:4c10edfb-6769-4396-b189-3c3a2dc734f1, CreationTimestamp2023-05-04T21:54:23.084Z[Etc/UTC]] moved to OPEN state
2023-05-04 21:54:26,088 [EventQueue-OpenPipelineForHealthyPipelineSafeModeRule] INFO  safemode.SCMSafeModeManager (HealthyPipelineSafeModeRule.java:process(137)) - SCM in safe mode. Healthy pipelines reported count is 0, required healthy pipeline reported count is 1
2023-05-04 21:54:26,089 [pool-267-thread-1] INFO  server.RaftServerConfigKeys (ConfUtils.java:logGet(46)) - raft.server.log.segment.cache.size.max = 200MB (=209715200) (default)
2023-05-04 21:54:26,089 [pool-267-thread-1] INFO  segmented.SegmentedRaftLogWorker (SegmentedRaftLogWorker.java:<init>(189)) - new 4c10edfb-6769-4396-b189-3c3a2dc734f1@group-3B0B24A90C8C-SegmentedRaftLogWorker for RaftStorageImpl:Storage Directory /home/runner/work/ozone/ozone/hadoop-ozone/integration-test/target/test-dir/MiniOzoneClusterImpl-52a188dd-66b8-45b2-ab7c-675c0ee04825/datanode-8/data/ratis/3c03403a-96b1-4d5d-9030-3b0b24a90c8c
2023-05-04 21:54:26,089 [pool-267-thread-1] INFO  server.RaftServerConfigKeys (ConfUtils.java:logGet(46)) - raft.server.log.queue.byte-limit = 4294967296 (custom)
2023-05-04 21:54:26,089 [pool-267-thread-1] INFO  server.RaftServerConfigKeys (ConfUtils.java:logGet(46)) - raft.server.log.queue.element-limit = 1024 (custom)
2023-05-04 21:54:26,089 [pool-267-thread-1] INFO  server.RaftServerConfigKeys (ConfUtils.java:logGet(46)) - raft.server.log.segment.size.max = 1048576 (custom)
2023-05-04 21:54:26,089 [pool-267-thread-1] INFO  server.RaftServerConfigKeys (ConfUtils.java:logGet(46)) - raft.server.log.preallocated.size = 16384 (custom)
2023-05-04 21:54:26,089 [pool-267-thread-1] INFO  server.RaftServerConfigKeys (ConfUtils.java:logGet(46)) - raft.server.log.force.sync.num = 128 (default)
2023-05-04 21:54:26,090 [pool-267-thread-1] INFO  server.RaftServerConfigKeys (ConfUtils.java:logGet(46)) - raft.server.log.statemachine.data.sync = true (default)
2023-05-04 21:54:26,090 [pool-267-thread-1] INFO  server.RaftServerConfigKeys (ConfUtils.java:logGet(46)) - raft.server.log.statemachine.data.sync.timeout = 10s (default)
2023-05-04 21:54:26,090 [pool-267-thread-1] INFO  server.RaftServerConfigKeys (ConfUtils.java:logGet(46)) - raft.server.log.statemachine.data.sync.timeout.retry = -1 (default)
2023-05-04 21:54:26,092 [pool-267-thread-1] INFO  server.RaftServerConfigKeys (ConfUtils.java:logGet(46)) - raft.server.log.write.buffer.size = 1048576 (custom)
2023-05-04 21:54:26,093 [pool-267-thread-1] INFO  server.RaftServerConfigKeys (ConfUtils.java:logGet(46)) - raft.server.log.appender.buffer.byte-limit = 33554432 (custom)
2023-05-04 21:54:26,103 [pool-267-thread-1] INFO  server.RaftServerConfigKeys (ConfUtils.java:logGet(46)) - raft.server.log.unsafe-flush.enabled = false (default)
2023-05-04 21:54:26,104 [pool-267-thread-1] INFO  server.RaftServerConfigKeys (ConfUtils.java:logGet(46)) - raft.server.log.async-flush.enabled = false (default)
2023-05-04 21:54:26,104 [pool-267-thread-1] INFO  server.RaftServerConfigKeys (ConfUtils.java:logGet(46)) - raft.server.log.statemachine.data.caching.enabled = true (custom)
2023-05-04 21:54:26,104 [pool-267-thread-1] INFO  segmented.SegmentedRaftLogWorker (SegmentedRaftLogWorker.java:lambda$new$0(135)) - 4c10edfb-6769-4396-b189-3c3a2dc734f1@group-3B0B24A90C8C-SegmentedRaftLogWorker: flushIndex: setUnconditionally 0 -> -1
2023-05-04 21:54:26,104 [pool-267-thread-1] INFO  segmented.SegmentedRaftLogWorker (SegmentedRaftLogWorker.java:lambda$new$0(135)) - 4c10edfb-6769-4396-b189-3c3a2dc734f1@group-3B0B24A90C8C-SegmentedRaftLogWorker: safeCacheEvictIndex: setUnconditionally 0 -> -1
2023-05-04 21:54:26,106 [pool-267-thread-1] INFO  server.RaftServer$Division (RaftServerImpl.java:start(334)) - 4c10edfb-6769-4396-b189-3c3a2dc734f1@group-3B0B24A90C8C: start as a follower, conf=-1: peers:[4c10edfb-6769-4396-b189-3c3a2dc734f1|rpc:10.1.0.44:42105|dataStream:10.1.0.44:42449|priority:1|startupRole:FOLLOWER]|listeners:[], old=null
2023-05-04 21:54:26,106 [pool-267-thread-1] INFO  server.RaftServer$Division (RaftServerImpl.java:setRole(321)) - 4c10edfb-6769-4396-b189-3c3a2dc734f1@group-3B0B24A90C8C: changes role from      null to FOLLOWER at term 0 for startAsFollower
2023-05-04 21:54:26,106 [pool-267-thread-1] INFO  impl.RoleInfo (RoleInfo.java:updateAndGet(139)) - 4c10edfb-6769-4396-b189-3c3a2dc734f1: start 4c10edfb-6769-4396-b189-3c3a2dc734f1@group-3B0B24A90C8C-FollowerState
2023-05-04 21:54:26,110 [pool-267-thread-1] INFO  util.JmxRegister (JmxRegister.java:tryRegister(44)) - Successfully registered JMX Bean with object name Ratis:service=RaftServer,group=group-3B0B24A90C8C,id=4c10edfb-6769-4396-b189-3c3a2dc734f1
2023-05-04 21:54:26,110 [pool-267-thread-1] INFO  server.RaftServerConfigKeys (ConfUtils.java:logGet(46)) - raft.server.snapshot.auto.trigger.enabled = true (custom)
2023-05-04 21:54:26,110 [pool-267-thread-1] INFO  server.RaftServerConfigKeys (ConfUtils.java:logGet(46)) - raft.server.snapshot.auto.trigger.threshold = 10000 (custom)
2023-05-04 21:54:26,110 [pool-267-thread-1] INFO  server.RaftServerConfigKeys (ConfUtils.java:logGet(46)) - raft.server.snapshot.retention.file.num = 5 (custom)
2023-05-04 21:54:26,110 [pool-267-thread-1] INFO  server.RaftServerConfigKeys (ConfUtils.java:logGet(46)) - raft.server.log.purge.upto.snapshot.index = false (default)
2023-05-04 21:54:26,111 [4c10edfb-6769-4396-b189-3c3a2dc734f1@group-3B0B24A90C8C-FollowerState] INFO  server.RaftServerConfigKeys (ConfUtils.java:logFallback(53)) - raft.server.rpc.first-election.timeout.min = 5s (fallback to raft.server.rpc.timeout.min)
2023-05-04 21:54:26,111 [4c10edfb-6769-4396-b189-3c3a2dc734f1@group-3B0B24A90C8C-FollowerState] INFO  server.RaftServerConfigKeys (ConfUtils.java:logFallback(53)) - raft.server.rpc.first-election.timeout.max = 5200ms (fallback to raft.server.rpc.timeout.max)
2023-05-04 21:54:26,114 [Command processor thread] INFO  ratis.XceiverServerRatis (XceiverServerRatis.java:addGroup(806)) - Created group PipelineID=3c03403a-96b1-4d5d-9030-3b0b24a90c8c
2023-05-04 21:54:26,114 [Command processor thread] INFO  commandhandler.CreatePipelineCommandHandler (CreatePipelineCommandHandler.java:handle(113)) - Created Pipeline RATIS ONE PipelineID=3c03403a-96b1-4d5d-9030-3b0b24a90c8c.
2023-05-04 21:54:26,530 [Command processor thread] INFO  server.RaftServer (RaftServerProxy.java:addNew(96)) - d5196681-af95-4a59-85a9-5a8fb94dede6: addNew group-6D73F26769CC:[d5196681-af95-4a59-85a9-5a8fb94dede6|rpc:10.1.0.44:45241|dataStream:10.1.0.44:45055|priority:1|startupRole:FOLLOWER] returns group-6D73F26769CC:java.util.concurrent.CompletableFuture@1d1c3b85[Not completed]
2023-05-04 21:54:26,538 [pool-293-thread-1] INFO  server.RaftServer$Division (RaftServerImpl.java:<init>(195)) - d5196681-af95-4a59-85a9-5a8fb94dede6: new RaftServerImpl for group-6D73F26769CC:[d5196681-af95-4a59-85a9-5a8fb94dede6|rpc:10.1.0.44:45241|dataStream:10.1.0.44:45055|priority:1|startupRole:FOLLOWER] with ContainerStateMachine:uninitialized
2023-05-04 21:54:26,539 [pool-293-thread-1] INFO  server.RaftServerConfigKeys (ConfUtils.java:logGet(46)) - raft.server.rpc.timeout.min = 5s (custom)
2023-05-04 21:54:26,539 [pool-293-thread-1] INFO  server.RaftServerConfigKeys (ConfUtils.java:logGet(46)) - raft.server.rpc.timeout.max = 5200ms (custom)
2023-05-04 21:54:26,539 [pool-293-thread-1] INFO  server.RaftServerConfigKeys (ConfUtils.java:logGet(46)) - raft.server.rpc.sleep.time = 25ms (default)
2023-05-04 21:54:26,539 [pool-293-thread-1] INFO  server.RaftServerConfigKeys (ConfUtils.java:logGet(46)) - raft.server.rpc.slowness.timeout = 300s (custom)
2023-05-04 21:54:26,539 [pool-293-thread-1] INFO  server.RaftServerConfigKeys (ConfUtils.java:logGet(46)) - raft.server.leaderelection.leader.step-down.wait-time = 10s (default)
2023-05-04 21:54:26,539 [pool-293-thread-1] INFO  server.RaftServerConfigKeys (ConfUtils.java:logGet(46)) - raft.server.sleep.deviation.threshold = 300ms (default)
2023-05-04 21:54:26,539 [pool-293-thread-1] INFO  server.RaftServer$Division (ServerState.java:<init>(118)) - d5196681-af95-4a59-85a9-5a8fb94dede6@group-6D73F26769CC: ConfigurationManager, init=-1: peers:[d5196681-af95-4a59-85a9-5a8fb94dede6|rpc:10.1.0.44:45241|dataStream:10.1.0.44:45055|priority:1|startupRole:FOLLOWER]|listeners:[], old=null, confs=<EMPTY_MAP>
2023-05-04 21:54:26,539 [pool-293-thread-1] INFO  server.RaftServerConfigKeys (ConfUtils.java:logGet(46)) - raft.server.storage.dir = [/home/runner/work/ozone/ozone/hadoop-ozone/integration-test/target/test-dir/MiniOzoneClusterImpl-52a188dd-66b8-45b2-ab7c-675c0ee04825/datanode-9/data/ratis] (custom)
2023-05-04 21:54:26,539 [pool-293-thread-1] INFO  server.RaftServerConfigKeys (ConfUtils.java:logGet(46)) - raft.server.log.corruption.policy = EXCEPTION (default)
2023-05-04 21:54:26,539 [pool-293-thread-1] INFO  server.RaftServerConfigKeys (ConfUtils.java:logGet(46)) - raft.server.storage.free-space.min = 0MB (=0) (default)
2023-05-04 21:54:26,539 [pool-293-thread-1] INFO  server.RaftServerConfigKeys (ConfUtils.java:logGet(46)) - raft.server.notification.no-leader.timeout = 300s (custom)
2023-05-04 21:54:26,539 [pool-293-thread-1] INFO  server.RaftServerConfigKeys (ConfUtils.java:logGet(46)) - raft.server.retrycache.expirytime = 600000ms (custom)
2023-05-04 21:54:26,539 [pool-293-thread-1] INFO  server.RaftServerConfigKeys (ConfUtils.java:logGet(46)) - raft.server.retrycache.statistics.expirytime = 100μs (default)
2023-05-04 21:54:26,541 [pool-293-thread-1] INFO  server.RaftServerConfigKeys (ConfUtils.java:logGet(46)) - raft.server.log.appender.install.snapshot.enabled = false (custom)
2023-05-04 21:54:26,541 [pool-293-thread-1] INFO  server.RaftServerConfigKeys (ConfUtils.java:logGet(46)) - raft.server.threadpool.server.cached = true (default)
2023-05-04 21:54:26,541 [pool-293-thread-1] INFO  server.RaftServerConfigKeys (ConfUtils.java:logGet(46)) - raft.server.threadpool.server.size = 0 (default)
2023-05-04 21:54:26,541 [pool-293-thread-1] INFO  server.RaftServerConfigKeys (ConfUtils.java:logGet(46)) - raft.server.threadpool.client.cached = true (default)
2023-05-04 21:54:26,541 [pool-293-thread-1] INFO  server.RaftServerConfigKeys (ConfUtils.java:logGet(46)) - raft.server.threadpool.client.size = 0 (default)
2023-05-04 21:54:26,541 [pool-293-thread-1] INFO  storage.RaftStorageDirectory (RaftStorageDirectoryImpl.java:analyzeStorage(137)) - The storage directory /home/runner/work/ozone/ozone/hadoop-ozone/integration-test/target/test-dir/MiniOzoneClusterImpl-52a188dd-66b8-45b2-ab7c-675c0ee04825/datanode-9/data/ratis/357354b4-b159-4f9d-b403-6d73f26769cc does not exist. Creating ...
2023-05-04 21:54:26,542 [pool-293-thread-1] INFO  storage.RaftStorageDirectory (RaftStorageDirectoryImpl.java:tryLock(231)) - Lock on /home/runner/work/ozone/ozone/hadoop-ozone/integration-test/target/test-dir/MiniOzoneClusterImpl-52a188dd-66b8-45b2-ab7c-675c0ee04825/datanode-9/data/ratis/357354b4-b159-4f9d-b403-6d73f26769cc/in_use.lock acquired by nodename 25128@fv-az133-721
2023-05-04 21:54:26,543 [pool-293-thread-1] INFO  storage.RaftStorage (RaftStorageImpl.java:format(96)) - Storage directory /home/runner/work/ozone/ozone/hadoop-ozone/integration-test/target/test-dir/MiniOzoneClusterImpl-52a188dd-66b8-45b2-ab7c-675c0ee04825/datanode-9/data/ratis/357354b4-b159-4f9d-b403-6d73f26769cc has been successfully formatted.
2023-05-04 21:54:26,546 [pool-293-thread-1] INFO  ratis.ContainerStateMachine (ContainerStateMachine.java:loadSnapshot(262)) - group-6D73F26769CC: The snapshot info is null. Setting the last applied indexto:(t:0, i:~)
2023-05-04 21:54:26,546 [pool-293-thread-1] INFO  server.RaftServerConfigKeys (ConfUtils.java:logGet(46)) - raft.server.log.use.memory = false (default)
2023-05-04 21:54:26,546 [pool-293-thread-1] INFO  server.RaftServerConfigKeys (ConfUtils.java:logGet(46)) - raft.server.log.purge.gap = 1000000 (custom)
2023-05-04 21:54:26,546 [pool-293-thread-1] INFO  server.RaftServerConfigKeys (ConfUtils.java:logGet(46)) - raft.server.log.appender.buffer.byte-limit = 33554432 (custom)
2023-05-04 21:54:26,546 [pool-293-thread-1] INFO  server.RaftServerConfigKeys (ConfUtils.java:logGet(46)) - raft.server.log.statemachine.data.read.timeout = 1000ms (default)
2023-05-04 21:54:26,546 [pool-293-thread-1] INFO  server.RaftServerConfigKeys (ConfUtils.java:logGet(46)) - raft.server.log.purge.preservation.log.num = 0 (default)
2023-05-04 21:54:26,546 [pool-293-thread-1] INFO  server.RaftServerConfigKeys (ConfUtils.java:logGet(46)) - raft.server.log.segment.size.max = 1048576 (custom)
2023-05-04 21:54:26,547 [pool-293-thread-1] INFO  server.RaftServerConfigKeys (ConfUtils.java:logGet(46)) - raft.server.log.segment.cache.num.max = 2 (custom)
2023-05-04 21:54:26,547 [pool-293-thread-1] INFO  server.RaftServerConfigKeys (ConfUtils.java:logGet(46)) - raft.server.log.segment.cache.size.max = 200MB (=209715200) (default)
2023-05-04 21:54:26,547 [pool-293-thread-1] INFO  segmented.SegmentedRaftLogWorker (SegmentedRaftLogWorker.java:<init>(189)) - new d5196681-af95-4a59-85a9-5a8fb94dede6@group-6D73F26769CC-SegmentedRaftLogWorker for RaftStorageImpl:Storage Directory /home/runner/work/ozone/ozone/hadoop-ozone/integration-test/target/test-dir/MiniOzoneClusterImpl-52a188dd-66b8-45b2-ab7c-675c0ee04825/datanode-9/data/ratis/357354b4-b159-4f9d-b403-6d73f26769cc
2023-05-04 21:54:26,547 [pool-293-thread-1] INFO  server.RaftServerConfigKeys (ConfUtils.java:logGet(46)) - raft.server.log.queue.byte-limit = 4294967296 (custom)
2023-05-04 21:54:26,547 [pool-293-thread-1] INFO  server.RaftServerConfigKeys (ConfUtils.java:logGet(46)) - raft.server.log.queue.element-limit = 1024 (custom)
2023-05-04 21:54:26,547 [pool-293-thread-1] INFO  server.RaftServerConfigKeys (ConfUtils.java:logGet(46)) - raft.server.log.segment.size.max = 1048576 (custom)
2023-05-04 21:54:26,547 [pool-293-thread-1] INFO  server.RaftServerConfigKeys (ConfUtils.java:logGet(46)) - raft.server.log.preallocated.size = 16384 (custom)
2023-05-04 21:54:26,547 [pool-293-thread-1] INFO  server.RaftServerConfigKeys (ConfUtils.java:logGet(46)) - raft.server.log.force.sync.num = 128 (default)
2023-05-04 21:54:26,547 [pool-293-thread-1] INFO  server.RaftServerConfigKeys (ConfUtils.java:logGet(46)) - raft.server.log.statemachine.data.sync = true (default)
2023-05-04 21:54:26,547 [pool-293-thread-1] INFO  server.RaftServerConfigKeys (ConfUtils.java:logGet(46)) - raft.server.log.statemachine.data.sync.timeout = 10s (default)
2023-05-04 21:54:26,547 [pool-293-thread-1] INFO  server.RaftServerConfigKeys (ConfUtils.java:logGet(46)) - raft.server.log.statemachine.data.sync.timeout.retry = -1 (default)
2023-05-04 21:54:26,549 [pool-293-thread-1] INFO  server.RaftServerConfigKeys (ConfUtils.java:logGet(46)) - raft.server.log.write.buffer.size = 1048576 (custom)
2023-05-04 21:54:26,549 [EventQueue-PipelineReportForPipelineReportHandler] INFO  pipeline.PipelineManagerImpl (PipelineManagerImpl.java:openPipeline(367)) - Pipeline Pipeline[ Id: 357354b4-b159-4f9d-b403-6d73f26769cc, Nodes: d5196681-af95-4a59-85a9-5a8fb94dede6(fv-az133-721.yhipumr4050edinzmvad0xeera.cx.internal.cloudapp.net/10.1.0.44), ReplicationConfig: RATIS/ONE, State:ALLOCATED, leaderId:d5196681-af95-4a59-85a9-5a8fb94dede6, CreationTimestamp2023-05-04T21:54:23.556Z[Etc/UTC]] moved to OPEN state
2023-05-04 21:54:26,549 [pool-293-thread-1] INFO  server.RaftServerConfigKeys (ConfUtils.java:logGet(46)) - raft.server.log.appender.buffer.byte-limit = 33554432 (custom)
2023-05-04 21:54:26,550 [EventQueue-OpenPipelineForHealthyPipelineSafeModeRule] INFO  safemode.SCMSafeModeManager (HealthyPipelineSafeModeRule.java:process(137)) - SCM in safe mode. Healthy pipelines reported count is 0, required healthy pipeline reported count is 1
2023-05-04 21:54:26,554 [pool-293-thread-1] INFO  server.RaftServerConfigKeys (ConfUtils.java:logGet(46)) - raft.server.log.unsafe-flush.enabled = false (default)
2023-05-04 21:54:26,555 [pool-293-thread-1] INFO  server.RaftServerConfigKeys (ConfUtils.java:logGet(46)) - raft.server.log.async-flush.enabled = false (default)
2023-05-04 21:54:26,555 [pool-293-thread-1] INFO  server.RaftServerConfigKeys (ConfUtils.java:logGet(46)) - raft.server.log.statemachine.data.caching.enabled = true (custom)
2023-05-04 21:54:26,555 [pool-293-thread-1] INFO  segmented.SegmentedRaftLogWorker (SegmentedRaftLogWorker.java:lambda$new$0(135)) - d5196681-af95-4a59-85a9-5a8fb94dede6@group-6D73F26769CC-SegmentedRaftLogWorker: flushIndex: setUnconditionally 0 -> -1
2023-05-04 21:54:26,555 [pool-293-thread-1] INFO  segmented.SegmentedRaftLogWorker (SegmentedRaftLogWorker.java:lambda$new$0(135)) - d5196681-af95-4a59-85a9-5a8fb94dede6@group-6D73F26769CC-SegmentedRaftLogWorker: safeCacheEvictIndex: setUnconditionally 0 -> -1
2023-05-04 21:54:26,555 [pool-293-thread-1] INFO  server.RaftServer$Division (RaftServerImpl.java:start(334)) - d5196681-af95-4a59-85a9-5a8fb94dede6@group-6D73F26769CC: start as a follower, conf=-1: peers:[d5196681-af95-4a59-85a9-5a8fb94dede6|rpc:10.1.0.44:45241|dataStream:10.1.0.44:45055|priority:1|startupRole:FOLLOWER]|listeners:[], old=null
2023-05-04 21:54:26,555 [pool-293-thread-1] INFO  server.RaftServer$Division (RaftServerImpl.java:setRole(321)) - d5196681-af95-4a59-85a9-5a8fb94dede6@group-6D73F26769CC: changes role from      null to FOLLOWER at term 0 for startAsFollower
2023-05-04 21:54:26,555 [pool-293-thread-1] INFO  impl.RoleInfo (RoleInfo.java:updateAndGet(139)) - d5196681-af95-4a59-85a9-5a8fb94dede6: start d5196681-af95-4a59-85a9-5a8fb94dede6@group-6D73F26769CC-FollowerState
2023-05-04 21:54:26,556 [pool-293-thread-1] INFO  util.JmxRegister (JmxRegister.java:tryRegister(44)) - Successfully registered JMX Bean with object name Ratis:service=RaftServer,group=group-6D73F26769CC,id=d5196681-af95-4a59-85a9-5a8fb94dede6
2023-05-04 21:54:26,556 [pool-293-thread-1] INFO  server.RaftServerConfigKeys (ConfUtils.java:logGet(46)) - raft.server.snapshot.auto.trigger.enabled = true (custom)
2023-05-04 21:54:26,556 [pool-293-thread-1] INFO  server.RaftServerConfigKeys (ConfUtils.java:logGet(46)) - raft.server.snapshot.auto.trigger.threshold = 10000 (custom)
2023-05-04 21:54:26,556 [pool-293-thread-1] INFO  server.RaftServerConfigKeys (ConfUtils.java:logGet(46)) - raft.server.snapshot.retention.file.num = 5 (custom)
2023-05-04 21:54:26,556 [pool-293-thread-1] INFO  server.RaftServerConfigKeys (ConfUtils.java:logGet(46)) - raft.server.log.purge.upto.snapshot.index = false (default)
2023-05-04 21:54:26,557 [d5196681-af95-4a59-85a9-5a8fb94dede6@group-6D73F26769CC-FollowerState] INFO  server.RaftServerConfigKeys (ConfUtils.java:logFallback(53)) - raft.server.rpc.first-election.timeout.min = 5s (fallback to raft.server.rpc.timeout.min)
2023-05-04 21:54:26,557 [d5196681-af95-4a59-85a9-5a8fb94dede6@group-6D73F26769CC-FollowerState] INFO  server.RaftServerConfigKeys (ConfUtils.java:logFallback(53)) - raft.server.rpc.first-election.timeout.max = 5200ms (fallback to raft.server.rpc.timeout.max)
2023-05-04 21:54:26,558 [Command processor thread] INFO  ratis.XceiverServerRatis (XceiverServerRatis.java:addGroup(806)) - Created group PipelineID=357354b4-b159-4f9d-b403-6d73f26769cc
2023-05-04 21:54:26,558 [Command processor thread] INFO  commandhandler.CreatePipelineCommandHandler (CreatePipelineCommandHandler.java:handle(113)) - Created Pipeline RATIS ONE PipelineID=357354b4-b159-4f9d-b403-6d73f26769cc.
2023-05-04 21:54:26,558 [Command processor thread] INFO  server.RaftServer (RaftServerProxy.java:addNew(96)) - d5196681-af95-4a59-85a9-5a8fb94dede6: addNew group-CE2CCFCECAE7:[0362f5ef-3c15-4b85-bfd5-7911b45f7638|rpc:10.1.0.44:45243|dataStream:10.1.0.44:37891|priority:0|startupRole:FOLLOWER, ba9b7234-19ea-40e1-bb60-95fa157c93f0|rpc:10.1.0.44:37815|dataStream:10.1.0.44:46499|priority:1|startupRole:FOLLOWER, d5196681-af95-4a59-85a9-5a8fb94dede6|rpc:10.1.0.44:45241|dataStream:10.1.0.44:45055|priority:0|startupRole:FOLLOWER] returns group-CE2CCFCECAE7:java.util.concurrent.CompletableFuture@1923acfe[Not completed]
2023-05-04 21:54:26,559 [pool-293-thread-1] INFO  server.RaftServer$Division (RaftServerImpl.java:<init>(195)) - d5196681-af95-4a59-85a9-5a8fb94dede6: new RaftServerImpl for group-CE2CCFCECAE7:[0362f5ef-3c15-4b85-bfd5-7911b45f7638|rpc:10.1.0.44:45243|dataStream:10.1.0.44:37891|priority:0|startupRole:FOLLOWER, ba9b7234-19ea-40e1-bb60-95fa157c93f0|rpc:10.1.0.44:37815|dataStream:10.1.0.44:46499|priority:1|startupRole:FOLLOWER, d5196681-af95-4a59-85a9-5a8fb94dede6|rpc:10.1.0.44:45241|dataStream:10.1.0.44:45055|priority:0|startupRole:FOLLOWER] with ContainerStateMachine:uninitialized
2023-05-04 21:54:26,559 [pool-293-thread-1] INFO  server.RaftServerConfigKeys (ConfUtils.java:logGet(46)) - raft.server.rpc.timeout.min = 5s (custom)
2023-05-04 21:54:26,559 [pool-293-thread-1] INFO  server.RaftServerConfigKeys (ConfUtils.java:logGet(46)) - raft.server.rpc.timeout.max = 5200ms (custom)
2023-05-04 21:54:26,559 [pool-293-thread-1] INFO  server.RaftServerConfigKeys (ConfUtils.java:logGet(46)) - raft.server.rpc.sleep.time = 25ms (default)
2023-05-04 21:54:26,559 [pool-293-thread-1] INFO  server.RaftServerConfigKeys (ConfUtils.java:logGet(46)) - raft.server.rpc.slowness.timeout = 300s (custom)
2023-05-04 21:54:26,559 [pool-293-thread-1] INFO  server.RaftServerConfigKeys (ConfUtils.java:logGet(46)) - raft.server.leaderelection.leader.step-down.wait-time = 10s (default)
2023-05-04 21:54:26,559 [pool-293-thread-1] INFO  server.RaftServerConfigKeys (ConfUtils.java:logGet(46)) - raft.server.sleep.deviation.threshold = 300ms (default)
2023-05-04 21:54:26,559 [pool-293-thread-1] INFO  server.RaftServer$Division (ServerState.java:<init>(118)) - d5196681-af95-4a59-85a9-5a8fb94dede6@group-CE2CCFCECAE7: ConfigurationManager, init=-1: peers:[0362f5ef-3c15-4b85-bfd5-7911b45f7638|rpc:10.1.0.44:45243|dataStream:10.1.0.44:37891|priority:0|startupRole:FOLLOWER, ba9b7234-19ea-40e1-bb60-95fa157c93f0|rpc:10.1.0.44:37815|dataStream:10.1.0.44:46499|priority:1|startupRole:FOLLOWER, d5196681-af95-4a59-85a9-5a8fb94dede6|rpc:10.1.0.44:45241|dataStream:10.1.0.44:45055|priority:0|startupRole:FOLLOWER]|listeners:[], old=null, confs=<EMPTY_MAP>
2023-05-04 21:54:26,559 [pool-293-thread-1] INFO  server.RaftServerConfigKeys (ConfUtils.java:logGet(46)) - raft.server.storage.dir = [/home/runner/work/ozone/ozone/hadoop-ozone/integration-test/target/test-dir/MiniOzoneClusterImpl-52a188dd-66b8-45b2-ab7c-675c0ee04825/datanode-9/data/ratis] (custom)
2023-05-04 21:54:26,560 [pool-293-thread-1] INFO  server.RaftServerConfigKeys (ConfUtils.java:logGet(46)) - raft.server.log.corruption.policy = EXCEPTION (default)
2023-05-04 21:54:26,560 [pool-293-thread-1] INFO  server.RaftServerConfigKeys (ConfUtils.java:logGet(46)) - raft.server.storage.free-space.min = 0MB (=0) (default)
2023-05-04 21:54:26,560 [pool-293-thread-1] INFO  server.RaftServerConfigKeys (ConfUtils.java:logGet(46)) - raft.server.notification.no-leader.timeout = 300s (custom)
2023-05-04 21:54:26,560 [pool-293-thread-1] INFO  server.RaftServerConfigKeys (ConfUtils.java:logGet(46)) - raft.server.retrycache.expirytime = 600000ms (custom)
2023-05-04 21:54:26,560 [pool-293-thread-1] INFO  server.RaftServerConfigKeys (ConfUtils.java:logGet(46)) - raft.server.retrycache.statistics.expirytime = 100μs (default)
2023-05-04 21:54:26,561 [pool-293-thread-1] INFO  server.RaftServerConfigKeys (ConfUtils.java:logGet(46)) - raft.server.log.appender.install.snapshot.enabled = false (custom)
2023-05-04 21:54:26,561 [pool-293-thread-1] INFO  server.RaftServerConfigKeys (ConfUtils.java:logGet(46)) - raft.server.threadpool.server.cached = true (default)
2023-05-04 21:54:26,561 [pool-293-thread-1] INFO  server.RaftServerConfigKeys (ConfUtils.java:logGet(46)) - raft.server.threadpool.server.size = 0 (default)
2023-05-04 21:54:26,561 [pool-293-thread-1] INFO  server.RaftServerConfigKeys (ConfUtils.java:logGet(46)) - raft.server.threadpool.client.cached = true (default)
2023-05-04 21:54:26,561 [pool-293-thread-1] INFO  server.RaftServerConfigKeys (ConfUtils.java:logGet(46)) - raft.server.threadpool.client.size = 0 (default)
2023-05-04 21:54:26,561 [pool-293-thread-1] INFO  storage.RaftStorageDirectory (RaftStorageDirectoryImpl.java:analyzeStorage(137)) - The storage directory /home/runner/work/ozone/ozone/hadoop-ozone/integration-test/target/test-dir/MiniOzoneClusterImpl-52a188dd-66b8-45b2-ab7c-675c0ee04825/datanode-9/data/ratis/0e3370fe-c4c0-46f5-a960-ce2ccfcecae7 does not exist. Creating ...
2023-05-04 21:54:26,562 [pool-293-thread-1] INFO  storage.RaftStorageDirectory (RaftStorageDirectoryImpl.java:tryLock(231)) - Lock on /home/runner/work/ozone/ozone/hadoop-ozone/integration-test/target/test-dir/MiniOzoneClusterImpl-52a188dd-66b8-45b2-ab7c-675c0ee04825/datanode-9/data/ratis/0e3370fe-c4c0-46f5-a960-ce2ccfcecae7/in_use.lock acquired by nodename 25128@fv-az133-721
2023-05-04 21:54:26,563 [pool-293-thread-1] INFO  storage.RaftStorage (RaftStorageImpl.java:format(96)) - Storage directory /home/runner/work/ozone/ozone/hadoop-ozone/integration-test/target/test-dir/MiniOzoneClusterImpl-52a188dd-66b8-45b2-ab7c-675c0ee04825/datanode-9/data/ratis/0e3370fe-c4c0-46f5-a960-ce2ccfcecae7 has been successfully formatted.
2023-05-04 21:54:26,564 [pool-293-thread-1] INFO  ratis.ContainerStateMachine (ContainerStateMachine.java:loadSnapshot(262)) - group-CE2CCFCECAE7: The snapshot info is null. Setting the last applied indexto:(t:0, i:~)
2023-05-04 21:54:26,564 [pool-293-thread-1] INFO  server.RaftServerConfigKeys (ConfUtils.java:logGet(46)) - raft.server.log.use.memory = false (default)
2023-05-04 21:54:26,564 [pool-293-thread-1] INFO  server.RaftServerConfigKeys (ConfUtils.java:logGet(46)) - raft.server.log.purge.gap = 1000000 (custom)
2023-05-04 21:54:26,564 [pool-293-thread-1] INFO  server.RaftServerConfigKeys (ConfUtils.java:logGet(46)) - raft.server.log.appender.buffer.byte-limit = 33554432 (custom)
2023-05-04 21:54:26,564 [pool-293-thread-1] INFO  server.RaftServerConfigKeys (ConfUtils.java:logGet(46)) - raft.server.log.statemachine.data.read.timeout = 1000ms (default)
2023-05-04 21:54:26,564 [pool-293-thread-1] INFO  server.RaftServerConfigKeys (ConfUtils.java:logGet(46)) - raft.server.log.purge.preservation.log.num = 0 (default)
2023-05-04 21:54:26,564 [pool-293-thread-1] INFO  server.RaftServerConfigKeys (ConfUtils.java:logGet(46)) - raft.server.log.segment.size.max = 1048576 (custom)
2023-05-04 21:54:26,566 [pool-293-thread-1] INFO  server.RaftServerConfigKeys (ConfUtils.java:logGet(46)) - raft.server.log.segment.cache.num.max = 2 (custom)
2023-05-04 21:54:26,566 [pool-293-thread-1] INFO  server.RaftServerConfigKeys (ConfUtils.java:logGet(46)) - raft.server.log.segment.cache.size.max = 200MB (=209715200) (default)
2023-05-04 21:54:26,566 [EventQueue-OpenPipelineForHealthyPipelineSafeModeRule] INFO  safemode.SCMSafeModeManager (HealthyPipelineSafeModeRule.java:process(137)) - SCM in safe mode. Healthy pipelines reported count is 0, required healthy pipeline reported count is 1
2023-05-04 21:54:26,566 [pool-293-thread-1] INFO  segmented.SegmentedRaftLogWorker (SegmentedRaftLogWorker.java:<init>(189)) - new d5196681-af95-4a59-85a9-5a8fb94dede6@group-CE2CCFCECAE7-SegmentedRaftLogWorker for RaftStorageImpl:Storage Directory /home/runner/work/ozone/ozone/hadoop-ozone/integration-test/target/test-dir/MiniOzoneClusterImpl-52a188dd-66b8-45b2-ab7c-675c0ee04825/datanode-9/data/ratis/0e3370fe-c4c0-46f5-a960-ce2ccfcecae7
2023-05-04 21:54:26,566 [pool-293-thread-1] INFO  server.RaftServerConfigKeys (ConfUtils.java:logGet(46)) - raft.server.log.queue.byte-limit = 4294967296 (custom)
2023-05-04 21:54:26,566 [pool-293-thread-1] INFO  server.RaftServerConfigKeys (ConfUtils.java:logGet(46)) - raft.server.log.queue.element-limit = 1024 (custom)
2023-05-04 21:54:26,566 [pool-293-thread-1] INFO  server.RaftServerConfigKeys (ConfUtils.java:logGet(46)) - raft.server.log.segment.size.max = 1048576 (custom)
2023-05-04 21:54:26,566 [pool-293-thread-1] INFO  server.RaftServerConfigKeys (ConfUtils.java:logGet(46)) - raft.server.log.preallocated.size = 16384 (custom)
2023-05-04 21:54:26,566 [pool-293-thread-1] INFO  server.RaftServerConfigKeys (ConfUtils.java:logGet(46)) - raft.server.log.force.sync.num = 128 (default)
2023-05-04 21:54:26,566 [pool-293-thread-1] INFO  server.RaftServerConfigKeys (ConfUtils.java:logGet(46)) - raft.server.log.statemachine.data.sync = true (default)
2023-05-04 21:54:26,566 [pool-293-thread-1] INFO  server.RaftServerConfigKeys (ConfUtils.java:logGet(46)) - raft.server.log.statemachine.data.sync.timeout = 10s (default)
2023-05-04 21:54:26,566 [pool-293-thread-1] INFO  server.RaftServerConfigKeys (ConfUtils.java:logGet(46)) - raft.server.log.statemachine.data.sync.timeout.retry = -1 (default)
2023-05-04 21:54:26,567 [pool-293-thread-1] INFO  server.RaftServerConfigKeys (ConfUtils.java:logGet(46)) - raft.server.log.write.buffer.size = 1048576 (custom)
2023-05-04 21:54:26,568 [pool-293-thread-1] INFO  server.RaftServerConfigKeys (ConfUtils.java:logGet(46)) - raft.server.log.appender.buffer.byte-limit = 33554432 (custom)
2023-05-04 21:54:26,576 [pool-293-thread-1] INFO  server.RaftServerConfigKeys (ConfUtils.java:logGet(46)) - raft.server.log.unsafe-flush.enabled = false (default)
2023-05-04 21:54:26,576 [pool-293-thread-1] INFO  server.RaftServerConfigKeys (ConfUtils.java:logGet(46)) - raft.server.log.async-flush.enabled = false (default)
2023-05-04 21:54:26,576 [pool-293-thread-1] INFO  server.RaftServerConfigKeys (ConfUtils.java:logGet(46)) - raft.server.log.statemachine.data.caching.enabled = true (custom)
2023-05-04 21:54:26,576 [pool-293-thread-1] INFO  segmented.SegmentedRaftLogWorker (SegmentedRaftLogWorker.java:lambda$new$0(135)) - d5196681-af95-4a59-85a9-5a8fb94dede6@group-CE2CCFCECAE7-SegmentedRaftLogWorker: flushIndex: setUnconditionally 0 -> -1
2023-05-04 21:54:26,577 [pool-293-thread-1] INFO  segmented.SegmentedRaftLogWorker (SegmentedRaftLogWorker.java:lambda$new$0(135)) - d5196681-af95-4a59-85a9-5a8fb94dede6@group-CE2CCFCECAE7-SegmentedRaftLogWorker: safeCacheEvictIndex: setUnconditionally 0 -> -1
2023-05-04 21:54:26,578 [pool-293-thread-1] INFO  server.RaftServer$Division (RaftServerImpl.java:start(334)) - d5196681-af95-4a59-85a9-5a8fb94dede6@group-CE2CCFCECAE7: start as a follower, conf=-1: peers:[0362f5ef-3c15-4b85-bfd5-7911b45f7638|rpc:10.1.0.44:45243|dataStream:10.1.0.44:37891|priority:0|startupRole:FOLLOWER, ba9b7234-19ea-40e1-bb60-95fa157c93f0|rpc:10.1.0.44:37815|dataStream:10.1.0.44:46499|priority:1|startupRole:FOLLOWER, d5196681-af95-4a59-85a9-5a8fb94dede6|rpc:10.1.0.44:45241|dataStream:10.1.0.44:45055|priority:0|startupRole:FOLLOWER]|listeners:[], old=null
2023-05-04 21:54:26,578 [pool-293-thread-1] INFO  server.RaftServer$Division (RaftServerImpl.java:setRole(321)) - d5196681-af95-4a59-85a9-5a8fb94dede6@group-CE2CCFCECAE7: changes role from      null to FOLLOWER at term 0 for startAsFollower
2023-05-04 21:54:26,578 [pool-293-thread-1] INFO  impl.RoleInfo (RoleInfo.java:updateAndGet(139)) - d5196681-af95-4a59-85a9-5a8fb94dede6: start d5196681-af95-4a59-85a9-5a8fb94dede6@group-CE2CCFCECAE7-FollowerState
2023-05-04 21:54:26,580 [pool-293-thread-1] INFO  util.JmxRegister (JmxRegister.java:tryRegister(44)) - Successfully registered JMX Bean with object name Ratis:service=RaftServer,group=group-CE2CCFCECAE7,id=d5196681-af95-4a59-85a9-5a8fb94dede6
2023-05-04 21:54:26,580 [pool-293-thread-1] INFO  server.RaftServerConfigKeys (ConfUtils.java:logGet(46)) - raft.server.snapshot.auto.trigger.enabled = true (custom)
2023-05-04 21:54:26,580 [pool-293-thread-1] INFO  server.RaftServerConfigKeys (ConfUtils.java:logGet(46)) - raft.server.snapshot.auto.trigger.threshold = 10000 (custom)
2023-05-04 21:54:26,580 [pool-293-thread-1] INFO  server.RaftServerConfigKeys (ConfUtils.java:logGet(46)) - raft.server.snapshot.retention.file.num = 5 (custom)
2023-05-04 21:54:26,580 [pool-293-thread-1] INFO  server.RaftServerConfigKeys (ConfUtils.java:logGet(46)) - raft.server.log.purge.upto.snapshot.index = false (default)
2023-05-04 21:54:26,581 [d5196681-af95-4a59-85a9-5a8fb94dede6@group-CE2CCFCECAE7-FollowerState] INFO  server.RaftServerConfigKeys (ConfUtils.java:logFallback(53)) - raft.server.rpc.first-election.timeout.min = 5s (fallback to raft.server.rpc.timeout.min)
2023-05-04 21:54:26,581 [d5196681-af95-4a59-85a9-5a8fb94dede6@group-CE2CCFCECAE7-FollowerState] INFO  server.RaftServerConfigKeys (ConfUtils.java:logFallback(53)) - raft.server.rpc.first-election.timeout.max = 5200ms (fallback to raft.server.rpc.timeout.max)
2023-05-04 21:54:26,582 [Command processor thread] INFO  ratis.XceiverServerRatis (XceiverServerRatis.java:addGroup(806)) - Created group PipelineID=0e3370fe-c4c0-46f5-a960-ce2ccfcecae7
2023-05-04 21:54:26,602 [grpc-default-executor-1] INFO  server.RaftServer (RaftServerProxy.java:addNew(96)) - 0362f5ef-3c15-4b85-bfd5-7911b45f7638: addNew group-CE2CCFCECAE7:[0362f5ef-3c15-4b85-bfd5-7911b45f7638|rpc:10.1.0.44:45243|dataStream:10.1.0.44:37891|priority:0|startupRole:FOLLOWER, ba9b7234-19ea-40e1-bb60-95fa157c93f0|rpc:10.1.0.44:37815|dataStream:10.1.0.44:46499|priority:1|startupRole:FOLLOWER, d5196681-af95-4a59-85a9-5a8fb94dede6|rpc:10.1.0.44:45241|dataStream:10.1.0.44:45055|priority:0|startupRole:FOLLOWER] returns group-CE2CCFCECAE7:java.util.concurrent.CompletableFuture@7756c0df[Not completed]
2023-05-04 21:54:26,603 [pool-319-thread-1] INFO  server.RaftServer$Division (RaftServerImpl.java:<init>(195)) - 0362f5ef-3c15-4b85-bfd5-7911b45f7638: new RaftServerImpl for group-CE2CCFCECAE7:[0362f5ef-3c15-4b85-bfd5-7911b45f7638|rpc:10.1.0.44:45243|dataStream:10.1.0.44:37891|priority:0|startupRole:FOLLOWER, ba9b7234-19ea-40e1-bb60-95fa157c93f0|rpc:10.1.0.44:37815|dataStream:10.1.0.44:46499|priority:1|startupRole:FOLLOWER, d5196681-af95-4a59-85a9-5a8fb94dede6|rpc:10.1.0.44:45241|dataStream:10.1.0.44:45055|priority:0|startupRole:FOLLOWER] with ContainerStateMachine:uninitialized
2023-05-04 21:54:26,604 [pool-319-thread-1] INFO  server.RaftServerConfigKeys (ConfUtils.java:logGet(46)) - raft.server.rpc.timeout.min = 5s (custom)
2023-05-04 21:54:26,604 [pool-319-thread-1] INFO  server.RaftServerConfigKeys (ConfUtils.java:logGet(46)) - raft.server.rpc.timeout.max = 5200ms (custom)
2023-05-04 21:54:26,604 [pool-319-thread-1] INFO  server.RaftServerConfigKeys (ConfUtils.java:logGet(46)) - raft.server.rpc.sleep.time = 25ms (default)
2023-05-04 21:54:26,604 [pool-319-thread-1] INFO  server.RaftServerConfigKeys (ConfUtils.java:logGet(46)) - raft.server.rpc.slowness.timeout = 300s (custom)
2023-05-04 21:54:26,604 [pool-319-thread-1] INFO  server.RaftServerConfigKeys (ConfUtils.java:logGet(46)) - raft.server.leaderelection.leader.step-down.wait-time = 10s (default)
2023-05-04 21:54:26,604 [pool-319-thread-1] INFO  server.RaftServerConfigKeys (ConfUtils.java:logGet(46)) - raft.server.sleep.deviation.threshold = 300ms (default)
2023-05-04 21:54:26,604 [pool-319-thread-1] INFO  server.RaftServer$Division (ServerState.java:<init>(118)) - 0362f5ef-3c15-4b85-bfd5-7911b45f7638@group-CE2CCFCECAE7: ConfigurationManager, init=-1: peers:[0362f5ef-3c15-4b85-bfd5-7911b45f7638|rpc:10.1.0.44:45243|dataStream:10.1.0.44:37891|priority:0|startupRole:FOLLOWER, ba9b7234-19ea-40e1-bb60-95fa157c93f0|rpc:10.1.0.44:37815|dataStream:10.1.0.44:46499|priority:1|startupRole:FOLLOWER, d5196681-af95-4a59-85a9-5a8fb94dede6|rpc:10.1.0.44:45241|dataStream:10.1.0.44:45055|priority:0|startupRole:FOLLOWER]|listeners:[], old=null, confs=<EMPTY_MAP>
2023-05-04 21:54:26,604 [pool-319-thread-1] INFO  server.RaftServerConfigKeys (ConfUtils.java:logGet(46)) - raft.server.storage.dir = [/home/runner/work/ozone/ozone/hadoop-ozone/integration-test/target/test-dir/MiniOzoneClusterImpl-52a188dd-66b8-45b2-ab7c-675c0ee04825/datanode-10/data/ratis] (custom)
2023-05-04 21:54:26,604 [pool-319-thread-1] INFO  server.RaftServerConfigKeys (ConfUtils.java:logGet(46)) - raft.server.log.corruption.policy = EXCEPTION (default)
2023-05-04 21:54:26,604 [pool-319-thread-1] INFO  server.RaftServerConfigKeys (ConfUtils.java:logGet(46)) - raft.server.storage.free-space.min = 0MB (=0) (default)
2023-05-04 21:54:26,605 [pool-319-thread-1] INFO  server.RaftServerConfigKeys (ConfUtils.java:logGet(46)) - raft.server.notification.no-leader.timeout = 300s (custom)
2023-05-04 21:54:26,605 [pool-319-thread-1] INFO  server.RaftServerConfigKeys (ConfUtils.java:logGet(46)) - raft.server.retrycache.expirytime = 600000ms (custom)
2023-05-04 21:54:26,605 [pool-319-thread-1] INFO  server.RaftServerConfigKeys (ConfUtils.java:logGet(46)) - raft.server.retrycache.statistics.expirytime = 100μs (default)
2023-05-04 21:54:26,607 [pool-319-thread-1] INFO  server.RaftServerConfigKeys (ConfUtils.java:logGet(46)) - raft.server.log.appender.install.snapshot.enabled = false (custom)
2023-05-04 21:54:26,607 [pool-319-thread-1] INFO  server.RaftServerConfigKeys (ConfUtils.java:logGet(46)) - raft.server.threadpool.server.cached = true (default)
2023-05-04 21:54:26,607 [pool-319-thread-1] INFO  server.RaftServerConfigKeys (ConfUtils.java:logGet(46)) - raft.server.threadpool.server.size = 0 (default)
2023-05-04 21:54:26,607 [pool-319-thread-1] INFO  server.RaftServerConfigKeys (ConfUtils.java:logGet(46)) - raft.server.threadpool.client.cached = true (default)
2023-05-04 21:54:26,607 [pool-319-thread-1] INFO  server.RaftServerConfigKeys (ConfUtils.java:logGet(46)) - raft.server.threadpool.client.size = 0 (default)
2023-05-04 21:54:26,607 [pool-319-thread-1] INFO  storage.RaftStorageDirectory (RaftStorageDirectoryImpl.java:analyzeStorage(137)) - The storage directory /home/runner/work/ozone/ozone/hadoop-ozone/integration-test/target/test-dir/MiniOzoneClusterImpl-52a188dd-66b8-45b2-ab7c-675c0ee04825/datanode-10/data/ratis/0e3370fe-c4c0-46f5-a960-ce2ccfcecae7 does not exist. Creating ...
2023-05-04 21:54:26,609 [pool-319-thread-1] INFO  storage.RaftStorageDirectory (RaftStorageDirectoryImpl.java:tryLock(231)) - Lock on /home/runner/work/ozone/ozone/hadoop-ozone/integration-test/target/test-dir/MiniOzoneClusterImpl-52a188dd-66b8-45b2-ab7c-675c0ee04825/datanode-10/data/ratis/0e3370fe-c4c0-46f5-a960-ce2ccfcecae7/in_use.lock acquired by nodename 25128@fv-az133-721
2023-05-04 21:54:26,610 [pool-319-thread-1] INFO  storage.RaftStorage (RaftStorageImpl.java:format(96)) - Storage directory /home/runner/work/ozone/ozone/hadoop-ozone/integration-test/target/test-dir/MiniOzoneClusterImpl-52a188dd-66b8-45b2-ab7c-675c0ee04825/datanode-10/data/ratis/0e3370fe-c4c0-46f5-a960-ce2ccfcecae7 has been successfully formatted.
2023-05-04 21:54:26,615 [pool-319-thread-1] INFO  ratis.ContainerStateMachine (ContainerStateMachine.java:loadSnapshot(262)) - group-CE2CCFCECAE7: The snapshot info is null. Setting the last applied indexto:(t:0, i:~)
2023-05-04 21:54:26,615 [pool-319-thread-1] INFO  server.RaftServerConfigKeys (ConfUtils.java:logGet(46)) - raft.server.log.use.memory = false (default)
2023-05-04 21:54:26,615 [pool-319-thread-1] INFO  server.RaftServerConfigKeys (ConfUtils.java:logGet(46)) - raft.server.log.purge.gap = 1000000 (custom)
2023-05-04 21:54:26,615 [pool-319-thread-1] INFO  server.RaftServerConfigKeys (ConfUtils.java:logGet(46)) - raft.server.log.appender.buffer.byte-limit = 33554432 (custom)
2023-05-04 21:54:26,615 [pool-319-thread-1] INFO  server.RaftServerConfigKeys (ConfUtils.java:logGet(46)) - raft.server.log.statemachine.data.read.timeout = 1000ms (default)
2023-05-04 21:54:26,615 [pool-319-thread-1] INFO  server.RaftServerConfigKeys (ConfUtils.java:logGet(46)) - raft.server.log.purge.preservation.log.num = 0 (default)
2023-05-04 21:54:26,616 [pool-319-thread-1] INFO  server.RaftServerConfigKeys (ConfUtils.java:logGet(46)) - raft.server.log.segment.size.max = 1048576 (custom)
2023-05-04 21:54:26,616 [pool-319-thread-1] INFO  server.RaftServerConfigKeys (ConfUtils.java:logGet(46)) - raft.server.log.segment.cache.num.max = 2 (custom)
2023-05-04 21:54:26,616 [pool-319-thread-1] INFO  server.RaftServerConfigKeys (ConfUtils.java:logGet(46)) - raft.server.log.segment.cache.size.max = 200MB (=209715200) (default)
2023-05-04 21:54:26,616 [pool-319-thread-1] INFO  segmented.SegmentedRaftLogWorker (SegmentedRaftLogWorker.java:<init>(189)) - new 0362f5ef-3c15-4b85-bfd5-7911b45f7638@group-CE2CCFCECAE7-SegmentedRaftLogWorker for RaftStorageImpl:Storage Directory /home/runner/work/ozone/ozone/hadoop-ozone/integration-test/target/test-dir/MiniOzoneClusterImpl-52a188dd-66b8-45b2-ab7c-675c0ee04825/datanode-10/data/ratis/0e3370fe-c4c0-46f5-a960-ce2ccfcecae7
2023-05-04 21:54:26,616 [pool-319-thread-1] INFO  server.RaftServerConfigKeys (ConfUtils.java:logGet(46)) - raft.server.log.queue.byte-limit = 4294967296 (custom)
2023-05-04 21:54:26,616 [pool-319-thread-1] INFO  server.RaftServerConfigKeys (ConfUtils.java:logGet(46)) - raft.server.log.queue.element-limit = 1024 (custom)
2023-05-04 21:54:26,616 [pool-319-thread-1] INFO  server.RaftServerConfigKeys (ConfUtils.java:logGet(46)) - raft.server.log.segment.size.max = 1048576 (custom)
2023-05-04 21:54:26,616 [pool-319-thread-1] INFO  server.RaftServerConfigKeys (ConfUtils.java:logGet(46)) - raft.server.log.preallocated.size = 16384 (custom)
2023-05-04 21:54:26,616 [pool-319-thread-1] INFO  server.RaftServerConfigKeys (ConfUtils.java:logGet(46)) - raft.server.log.force.sync.num = 128 (default)
2023-05-04 21:54:26,617 [pool-319-thread-1] INFO  server.RaftServerConfigKeys (ConfUtils.java:logGet(46)) - raft.server.log.statemachine.data.sync = true (default)
2023-05-04 21:54:26,617 [pool-319-thread-1] INFO  server.RaftServerConfigKeys (ConfUtils.java:logGet(46)) - raft.server.log.statemachine.data.sync.timeout = 10s (default)
2023-05-04 21:54:26,617 [pool-319-thread-1] INFO  server.RaftServerConfigKeys (ConfUtils.java:logGet(46)) - raft.server.log.statemachine.data.sync.timeout.retry = -1 (default)
2023-05-04 21:54:26,618 [pool-319-thread-1] INFO  server.RaftServerConfigKeys (ConfUtils.java:logGet(46)) - raft.server.log.write.buffer.size = 1048576 (custom)
2023-05-04 21:54:26,618 [pool-319-thread-1] INFO  server.RaftServerConfigKeys (ConfUtils.java:logGet(46)) - raft.server.log.appender.buffer.byte-limit = 33554432 (custom)
2023-05-04 21:54:27,105 [Command processor thread] INFO  server.RaftServer (RaftServerProxy.java:addNew(96)) - 0362f5ef-3c15-4b85-bfd5-7911b45f7638: addNew group-9AD167B1B2C5:[0362f5ef-3c15-4b85-bfd5-7911b45f7638|rpc:10.1.0.44:45243|dataStream:10.1.0.44:37891|priority:1|startupRole:FOLLOWER] returns group-9AD167B1B2C5:java.util.concurrent.CompletableFuture@38f7220[Not completed]
2023-05-04 21:54:27,109 [JvmPauseMonitor5] WARN  util.JvmPauseMonitor (JvmPauseMonitor.java:detectPause(126)) - JvmPauseMonitor-6abe40d9-bbca-402e-938b-50fbed365dbf: Detected pause in JVM or host machine (eg GC): pause of approximately 312864946ns.
GC pool 'PS MarkSweep' had collection(s): count=1 time=339ms
GC pool 'PS Scavenge' had collection(s): count=1 time=145ms
2023-05-04 21:54:27,110 [JvmPauseMonitor1] WARN  util.JvmPauseMonitor (JvmPauseMonitor.java:detectPause(126)) - JvmPauseMonitor-e0862bec-a8bd-48ad-a9f8-bef0c155c835: Detected pause in JVM or host machine (eg GC): pause of approximately 312770444ns.
GC pool 'PS MarkSweep' had collection(s): count=1 time=339ms
GC pool 'PS Scavenge' had collection(s): count=1 time=145ms
2023-05-04 21:54:27,110 [JvmPauseMonitor0] WARN  util.JvmPauseMonitor (JvmPauseMonitor.java:detectPause(126)) - JvmPauseMonitor-om1: Detected pause in JVM or host machine (eg GC): pause of approximately 313474952ns.
GC pool 'PS MarkSweep' had collection(s): count=1 time=339ms
GC pool 'PS Scavenge' had collection(s): count=1 time=145ms
2023-05-04 21:54:27,111 [JvmPauseMonitor11] WARN  util.JvmPauseMonitor (JvmPauseMonitor.java:detectPause(126)) - JvmPauseMonitor-0362f5ef-3c15-4b85-bfd5-7911b45f7638: Detected pause in JVM or host machine (eg GC): pause of approximately 314304361ns.
GC pool 'PS MarkSweep' had collection(s): count=1 time=339ms
GC pool 'PS Scavenge' had collection(s): count=1 time=145ms
2023-05-04 21:54:27,112 [JvmPauseMonitor12] WARN  util.JvmPauseMonitor (JvmPauseMonitor.java:detectPause(126)) - JvmPauseMonitor-ba9b7234-19ea-40e1-bb60-95fa157c93f0: Detected pause in JVM or host machine (eg GC): pause of approximately 315989478ns.
GC pool 'PS MarkSweep' had collection(s): count=1 time=339ms
GC pool 'PS Scavenge' had collection(s): count=1 time=145ms
2023-05-04 21:54:27,113 [JvmPauseMonitor4] WARN  util.JvmPauseMonitor (JvmPauseMonitor.java:detectPause(126)) - JvmPauseMonitor-7b4a0121-e5ca-4a28-aa85-7db853fd0802: Detected pause in JVM or host machine (eg GC): pause of approximately 316873488ns.
GC pool 'PS MarkSweep' had collection(s): count=1 time=339ms
GC pool 'PS Scavenge' had collection(s): count=1 time=145ms
2023-05-04 21:54:27,113 [JvmPauseMonitor7] WARN  util.JvmPauseMonitor (JvmPauseMonitor.java:detectPause(126)) - JvmPauseMonitor-7a25d7ac-269f-485a-96a1-a3fbc0da93f8: Detected pause in JVM or host machine (eg GC): pause of approximately 317099290ns.
GC pool 'PS MarkSweep' had collection(s): count=1 time=339ms
GC pool 'PS Scavenge' had collection(s): count=1 time=145ms
2023-05-04 21:54:27,113 [JvmPauseMonitor8] WARN  util.JvmPauseMonitor (JvmPauseMonitor.java:detectPause(126)) - JvmPauseMonitor-9dbc72e3-9cc3-404d-a7a0-986f3a32b37f: Detected pause in JVM or host machine (eg GC): pause of approximately 317204591ns.
GC pool 'PS MarkSweep' had collection(s): count=1 time=339ms
GC pool 'PS Scavenge' had collection(s): count=1 time=145ms
2023-05-04 21:54:27,113 [JvmPauseMonitor10] WARN  util.JvmPauseMonitor (JvmPauseMonitor.java:detectPause(126)) - JvmPauseMonitor-d5196681-af95-4a59-85a9-5a8fb94dede6: Detected pause in JVM or host machine (eg GC): pause of approximately 323480158ns.
GC pool 'PS MarkSweep' had collection(s): count=1 time=339ms
GC pool 'PS Scavenge' had collection(s): count=1 time=145ms
2023-05-04 21:54:27,111 [Listener at 127.0.0.1/45425] INFO  ozone.MiniOzoneClusterImpl (MiniOzoneClusterImpl.java:lambda$waitForClusterToBeReady$0(223)) - Nodes are ready. Got 14 of 14 DN Heartbeats.
2023-05-04 21:54:27,114 [Listener at 127.0.0.1/45425] INFO  ozone.MiniOzoneClusterImpl (MiniOzoneClusterImpl.java:lambda$waitForClusterToBeReady$0(226)) - Waiting for cluster to exit safe mode
2023-05-04 21:54:27,114 [Listener at 127.0.0.1/45425] INFO  ozone.MiniOzoneClusterImpl (MiniOzoneClusterImpl.java:lambda$waitForClusterToBeReady$0(228)) - SCM became leader
2023-05-04 21:54:27,113 [JvmPauseMonitor6] WARN  util.JvmPauseMonitor (JvmPauseMonitor.java:detectPause(126)) - JvmPauseMonitor-dbf01856-92cd-4f2e-80e3-f7bd7f97e610: Detected pause in JVM or host machine (eg GC): pause of approximately 317098990ns.
GC pool 'PS MarkSweep' had collection(s): count=1 time=339ms
GC pool 'PS Scavenge' had collection(s): count=1 time=145ms
2023-05-04 21:54:27,114 [JvmPauseMonitor13] WARN  util.JvmPauseMonitor (JvmPauseMonitor.java:detectPause(126)) - JvmPauseMonitor-1cc39e43-a1b8-4aca-9e03-172752381d1e: Detected pause in JVM or host machine (eg GC): pause of approximately 347249011ns.
GC pool 'PS MarkSweep' had collection(s): count=1 time=339ms
GC pool 'PS Scavenge' had collection(s): count=1 time=145ms
2023-05-04 21:54:27,114 [JvmPauseMonitor3] WARN  util.JvmPauseMonitor (JvmPauseMonitor.java:detectPause(126)) - JvmPauseMonitor-4af07dde-7c26-4e14-912a-ab8f17b2e80e: Detected pause in JVM or host machine (eg GC): pause of approximately 348047619ns.
GC pool 'PS MarkSweep' had collection(s): count=1 time=339ms
GC pool 'PS Scavenge' had collection(s): count=1 time=145ms
2023-05-04 21:54:27,114 [JvmPauseMonitor14] WARN  util.JvmPauseMonitor (JvmPauseMonitor.java:detectPause(126)) - JvmPauseMonitor-4af14e23-4e43-4125-a3fa-4a46f775551c: Detected pause in JVM or host machine (eg GC): pause of approximately 348112020ns.
GC pool 'PS MarkSweep' had collection(s): count=1 time=339ms
GC pool 'PS Scavenge' had collection(s): count=1 time=145ms
2023-05-04 21:54:27,115 [JvmPauseMonitor9] WARN  util.JvmPauseMonitor (JvmPauseMonitor.java:detectPause(126)) - JvmPauseMonitor-4c10edfb-6769-4396-b189-3c3a2dc734f1: Detected pause in JVM or host machine (eg GC): pause of approximately 348334322ns.
GC pool 'PS MarkSweep' had collection(s): count=1 time=339ms
GC pool 'PS Scavenge' had collection(s): count=1 time=145ms
2023-05-04 21:54:27,115 [JvmPauseMonitor2] WARN  util.JvmPauseMonitor (JvmPauseMonitor.java:detectPause(126)) - JvmPauseMonitor-4332e2d2-7bb6-4f7e-906a-de641ae4498f: Detected pause in JVM or host machine (eg GC): pause of approximately 348483524ns.
GC pool 'PS MarkSweep' had collection(s): count=1 time=339ms
GC pool 'PS Scavenge' had collection(s): count=1 time=145ms
2023-05-04 21:54:27,133 [pool-319-thread-1] INFO  server.RaftServerConfigKeys (ConfUtils.java:logGet(46)) - raft.server.log.unsafe-flush.enabled = false (default)
2023-05-04 21:54:27,133 [pool-319-thread-1] INFO  server.RaftServerConfigKeys (ConfUtils.java:logGet(46)) - raft.server.log.async-flush.enabled = false (default)
2023-05-04 21:54:27,133 [pool-319-thread-1] INFO  server.RaftServerConfigKeys (ConfUtils.java:logGet(46)) - raft.server.log.statemachine.data.caching.enabled = true (custom)
2023-05-04 21:54:27,133 [pool-319-thread-1] INFO  segmented.SegmentedRaftLogWorker (SegmentedRaftLogWorker.java:lambda$new$0(135)) - 0362f5ef-3c15-4b85-bfd5-7911b45f7638@group-CE2CCFCECAE7-SegmentedRaftLogWorker: flushIndex: setUnconditionally 0 -> -1
2023-05-04 21:54:27,133 [pool-319-thread-1] INFO  segmented.SegmentedRaftLogWorker (SegmentedRaftLogWorker.java:lambda$new$0(135)) - 0362f5ef-3c15-4b85-bfd5-7911b45f7638@group-CE2CCFCECAE7-SegmentedRaftLogWorker: safeCacheEvictIndex: setUnconditionally 0 -> -1
2023-05-04 21:54:27,134 [pool-319-thread-1] INFO  server.RaftServer$Division (RaftServerImpl.java:start(334)) - 0362f5ef-3c15-4b85-bfd5-7911b45f7638@group-CE2CCFCECAE7: start as a follower, conf=-1: peers:[0362f5ef-3c15-4b85-bfd5-7911b45f7638|rpc:10.1.0.44:45243|dataStream:10.1.0.44:37891|priority:0|startupRole:FOLLOWER, ba9b7234-19ea-40e1-bb60-95fa157c93f0|rpc:10.1.0.44:37815|dataStream:10.1.0.44:46499|priority:1|startupRole:FOLLOWER, d5196681-af95-4a59-85a9-5a8fb94dede6|rpc:10.1.0.44:45241|dataStream:10.1.0.44:45055|priority:0|startupRole:FOLLOWER]|listeners:[], old=null
2023-05-04 21:54:27,134 [pool-319-thread-1] INFO  server.RaftServer$Division (RaftServerImpl.java:setRole(321)) - 0362f5ef-3c15-4b85-bfd5-7911b45f7638@group-CE2CCFCECAE7: changes role from      null to FOLLOWER at term 0 for startAsFollower
2023-05-04 21:54:27,134 [pool-319-thread-1] INFO  impl.RoleInfo (RoleInfo.java:updateAndGet(139)) - 0362f5ef-3c15-4b85-bfd5-7911b45f7638: start 0362f5ef-3c15-4b85-bfd5-7911b45f7638@group-CE2CCFCECAE7-FollowerState
2023-05-04 21:54:27,134 [pool-319-thread-1] INFO  util.JmxRegister (JmxRegister.java:tryRegister(44)) - Successfully registered JMX Bean with object name Ratis:service=RaftServer,group=group-CE2CCFCECAE7,id=0362f5ef-3c15-4b85-bfd5-7911b45f7638
2023-05-04 21:54:27,134 [pool-319-thread-1] INFO  server.RaftServerConfigKeys (ConfUtils.java:logGet(46)) - raft.server.snapshot.auto.trigger.enabled = true (custom)
2023-05-04 21:54:27,134 [pool-319-thread-1] INFO  server.RaftServerConfigKeys (ConfUtils.java:logGet(46)) - raft.server.snapshot.auto.trigger.threshold = 10000 (custom)
2023-05-04 21:54:27,134 [pool-319-thread-1] INFO  server.RaftServerConfigKeys (ConfUtils.java:logGet(46)) - raft.server.snapshot.retention.file.num = 5 (custom)
2023-05-04 21:54:27,134 [pool-319-thread-1] INFO  server.RaftServerConfigKeys (ConfUtils.java:logGet(46)) - raft.server.log.purge.upto.snapshot.index = false (default)
2023-05-04 21:54:27,135 [0362f5ef-3c15-4b85-bfd5-7911b45f7638@group-CE2CCFCECAE7-FollowerState] INFO  server.RaftServerConfigKeys (ConfUtils.java:logFallback(53)) - raft.server.rpc.first-election.timeout.min = 5s (fallback to raft.server.rpc.timeout.min)
2023-05-04 21:54:27,135 [0362f5ef-3c15-4b85-bfd5-7911b45f7638@group-CE2CCFCECAE7-FollowerState] INFO  server.RaftServerConfigKeys (ConfUtils.java:logFallback(53)) - raft.server.rpc.first-election.timeout.max = 5200ms (fallback to raft.server.rpc.timeout.max)
2023-05-04 21:54:27,138 [pool-319-thread-1] INFO  server.RaftServer$Division (RaftServerImpl.java:<init>(195)) - 0362f5ef-3c15-4b85-bfd5-7911b45f7638: new RaftServerImpl for group-9AD167B1B2C5:[0362f5ef-3c15-4b85-bfd5-7911b45f7638|rpc:10.1.0.44:45243|dataStream:10.1.0.44:37891|priority:1|startupRole:FOLLOWER] with ContainerStateMachine:uninitialized
2023-05-04 21:54:27,138 [pool-319-thread-1] INFO  server.RaftServerConfigKeys (ConfUtils.java:logGet(46)) - raft.server.rpc.timeout.min = 5s (custom)
2023-05-04 21:54:27,138 [pool-319-thread-1] INFO  server.RaftServerConfigKeys (ConfUtils.java:logGet(46)) - raft.server.rpc.timeout.max = 5200ms (custom)
2023-05-04 21:54:27,138 [pool-319-thread-1] INFO  server.RaftServerConfigKeys (ConfUtils.java:logGet(46)) - raft.server.rpc.sleep.time = 25ms (default)
2023-05-04 21:54:27,138 [pool-319-thread-1] INFO  server.RaftServerConfigKeys (ConfUtils.java:logGet(46)) - raft.server.rpc.slowness.timeout = 300s (custom)
2023-05-04 21:54:27,138 [pool-319-thread-1] INFO  server.RaftServerConfigKeys (ConfUtils.java:logGet(46)) - raft.server.leaderelection.leader.step-down.wait-time = 10s (default)
2023-05-04 21:54:27,138 [pool-319-thread-1] INFO  server.RaftServerConfigKeys (ConfUtils.java:logGet(46)) - raft.server.sleep.deviation.threshold = 300ms (default)
2023-05-04 21:54:27,138 [pool-319-thread-1] INFO  server.RaftServer$Division (ServerState.java:<init>(118)) - 0362f5ef-3c15-4b85-bfd5-7911b45f7638@group-9AD167B1B2C5: ConfigurationManager, init=-1: peers:[0362f5ef-3c15-4b85-bfd5-7911b45f7638|rpc:10.1.0.44:45243|dataStream:10.1.0.44:37891|priority:1|startupRole:FOLLOWER]|listeners:[], old=null, confs=<EMPTY_MAP>
2023-05-04 21:54:27,138 [pool-319-thread-1] INFO  server.RaftServerConfigKeys (ConfUtils.java:logGet(46)) - raft.server.storage.dir = [/home/runner/work/ozone/ozone/hadoop-ozone/integration-test/target/test-dir/MiniOzoneClusterImpl-52a188dd-66b8-45b2-ab7c-675c0ee04825/datanode-10/data/ratis] (custom)
2023-05-04 21:54:27,138 [pool-319-thread-1] INFO  server.RaftServerConfigKeys (ConfUtils.java:logGet(46)) - raft.server.log.corruption.policy = EXCEPTION (default)
2023-05-04 21:54:27,138 [pool-319-thread-1] INFO  server.RaftServerConfigKeys (ConfUtils.java:logGet(46)) - raft.server.storage.free-space.min = 0MB (=0) (default)
2023-05-04 21:54:27,139 [pool-319-thread-1] INFO  server.RaftServerConfigKeys (ConfUtils.java:logGet(46)) - raft.server.notification.no-leader.timeout = 300s (custom)
2023-05-04 21:54:27,139 [pool-319-thread-1] INFO  server.RaftServerConfigKeys (ConfUtils.java:logGet(46)) - raft.server.retrycache.expirytime = 600000ms (custom)
2023-05-04 21:54:27,139 [pool-319-thread-1] INFO  server.RaftServerConfigKeys (ConfUtils.java:logGet(46)) - raft.server.retrycache.statistics.expirytime = 100μs (default)
2023-05-04 21:54:27,140 [pool-319-thread-1] INFO  server.RaftServerConfigKeys (ConfUtils.java:logGet(46)) - raft.server.log.appender.install.snapshot.enabled = false (custom)
2023-05-04 21:54:27,140 [pool-319-thread-1] INFO  server.RaftServerConfigKeys (ConfUtils.java:logGet(46)) - raft.server.threadpool.server.cached = true (default)
2023-05-04 21:54:27,140 [pool-319-thread-1] INFO  server.RaftServerConfigKeys (ConfUtils.java:logGet(46)) - raft.server.threadpool.server.size = 0 (default)
2023-05-04 21:54:27,140 [pool-319-thread-1] INFO  server.RaftServerConfigKeys (ConfUtils.java:logGet(46)) - raft.server.threadpool.client.cached = true (default)
2023-05-04 21:54:27,140 [pool-319-thread-1] INFO  server.RaftServerConfigKeys (ConfUtils.java:logGet(46)) - raft.server.threadpool.client.size = 0 (default)
2023-05-04 21:54:27,140 [pool-319-thread-1] INFO  storage.RaftStorageDirectory (RaftStorageDirectoryImpl.java:analyzeStorage(137)) - The storage directory /home/runner/work/ozone/ozone/hadoop-ozone/integration-test/target/test-dir/MiniOzoneClusterImpl-52a188dd-66b8-45b2-ab7c-675c0ee04825/datanode-10/data/ratis/5e52e487-89a6-44d4-b795-9ad167b1b2c5 does not exist. Creating ...
2023-05-04 21:54:27,142 [pool-319-thread-1] INFO  storage.RaftStorageDirectory (RaftStorageDirectoryImpl.java:tryLock(231)) - Lock on /home/runner/work/ozone/ozone/hadoop-ozone/integration-test/target/test-dir/MiniOzoneClusterImpl-52a188dd-66b8-45b2-ab7c-675c0ee04825/datanode-10/data/ratis/5e52e487-89a6-44d4-b795-9ad167b1b2c5/in_use.lock acquired by nodename 25128@fv-az133-721
2023-05-04 21:54:27,149 [pool-319-thread-1] INFO  storage.RaftStorage (RaftStorageImpl.java:format(96)) - Storage directory /home/runner/work/ozone/ozone/hadoop-ozone/integration-test/target/test-dir/MiniOzoneClusterImpl-52a188dd-66b8-45b2-ab7c-675c0ee04825/datanode-10/data/ratis/5e52e487-89a6-44d4-b795-9ad167b1b2c5 has been successfully formatted.
2023-05-04 21:54:27,151 [pool-319-thread-1] INFO  ratis.ContainerStateMachine (ContainerStateMachine.java:loadSnapshot(262)) - group-9AD167B1B2C5: The snapshot info is null. Setting the last applied indexto:(t:0, i:~)
2023-05-04 21:54:27,152 [pool-319-thread-1] INFO  server.RaftServerConfigKeys (ConfUtils.java:logGet(46)) - raft.server.log.use.memory = false (default)
2023-05-04 21:54:27,152 [pool-319-thread-1] INFO  server.RaftServerConfigKeys (ConfUtils.java:logGet(46)) - raft.server.log.purge.gap = 1000000 (custom)
2023-05-04 21:54:27,152 [pool-319-thread-1] INFO  server.RaftServerConfigKeys (ConfUtils.java:logGet(46)) - raft.server.log.appender.buffer.byte-limit = 33554432 (custom)
2023-05-04 21:54:27,152 [pool-319-thread-1] INFO  server.RaftServerConfigKeys (ConfUtils.java:logGet(46)) - raft.server.log.statemachine.data.read.timeout = 1000ms (default)
2023-05-04 21:54:27,152 [pool-319-thread-1] INFO  server.RaftServerConfigKeys (ConfUtils.java:logGet(46)) - raft.server.log.purge.preservation.log.num = 0 (default)
2023-05-04 21:54:27,152 [pool-319-thread-1] INFO  server.RaftServerConfigKeys (ConfUtils.java:logGet(46)) - raft.server.log.segment.size.max = 1048576 (custom)
2023-05-04 21:54:27,153 [pool-319-thread-1] INFO  server.RaftServerConfigKeys (ConfUtils.java:logGet(46)) - raft.server.log.segment.cache.num.max = 2 (custom)
2023-05-04 21:54:27,153 [pool-319-thread-1] INFO  server.RaftServerConfigKeys (ConfUtils.java:logGet(46)) - raft.server.log.segment.cache.size.max = 200MB (=209715200) (default)
2023-05-04 21:54:27,153 [pool-319-thread-1] INFO  segmented.SegmentedRaftLogWorker (SegmentedRaftLogWorker.java:<init>(189)) - new 0362f5ef-3c15-4b85-bfd5-7911b45f7638@group-9AD167B1B2C5-SegmentedRaftLogWorker for RaftStorageImpl:Storage Directory /home/runner/work/ozone/ozone/hadoop-ozone/integration-test/target/test-dir/MiniOzoneClusterImpl-52a188dd-66b8-45b2-ab7c-675c0ee04825/datanode-10/data/ratis/5e52e487-89a6-44d4-b795-9ad167b1b2c5
2023-05-04 21:54:27,153 [pool-319-thread-1] INFO  server.RaftServerConfigKeys (ConfUtils.java:logGet(46)) - raft.server.log.queue.byte-limit = 4294967296 (custom)
2023-05-04 21:54:27,153 [pool-319-thread-1] INFO  server.RaftServerConfigKeys (ConfUtils.java:logGet(46)) - raft.server.log.queue.element-limit = 1024 (custom)
2023-05-04 21:54:27,153 [pool-319-thread-1] INFO  server.RaftServerConfigKeys (ConfUtils.java:logGet(46)) - raft.server.log.segment.size.max = 1048576 (custom)
2023-05-04 21:54:27,153 [pool-319-thread-1] INFO  server.RaftServerConfigKeys (ConfUtils.java:logGet(46)) - raft.server.log.preallocated.size = 16384 (custom)
2023-05-04 21:54:27,153 [pool-319-thread-1] INFO  server.RaftServerConfigKeys (ConfUtils.java:logGet(46)) - raft.server.log.force.sync.num = 128 (default)
2023-05-04 21:54:27,153 [pool-319-thread-1] INFO  server.RaftServerConfigKeys (ConfUtils.java:logGet(46)) - raft.server.log.statemachine.data.sync = true (default)
2023-05-04 21:54:27,154 [pool-319-thread-1] INFO  server.RaftServerConfigKeys (ConfUtils.java:logGet(46)) - raft.server.log.statemachine.data.sync.timeout = 10s (default)
2023-05-04 21:54:27,154 [pool-319-thread-1] INFO  server.RaftServerConfigKeys (ConfUtils.java:logGet(46)) - raft.server.log.statemachine.data.sync.timeout.retry = -1 (default)
2023-05-04 21:54:27,154 [EventQueue-PipelineReportForPipelineReportHandler] INFO  pipeline.PipelineManagerImpl (PipelineManagerImpl.java:openPipeline(367)) - Pipeline Pipeline[ Id: 5e52e487-89a6-44d4-b795-9ad167b1b2c5, Nodes: 0362f5ef-3c15-4b85-bfd5-7911b45f7638(fv-az133-721.yhipumr4050edinzmvad0xeera.cx.internal.cloudapp.net/10.1.0.44), ReplicationConfig: RATIS/ONE, State:ALLOCATED, leaderId:0362f5ef-3c15-4b85-bfd5-7911b45f7638, CreationTimestamp2023-05-04T21:54:23.975Z[Etc/UTC]] moved to OPEN state
2023-05-04 21:54:27,155 [EventQueue-OpenPipelineForHealthyPipelineSafeModeRule] INFO  safemode.SCMSafeModeManager (HealthyPipelineSafeModeRule.java:process(137)) - SCM in safe mode. Healthy pipelines reported count is 0, required healthy pipeline reported count is 1
2023-05-04 21:54:27,161 [pool-319-thread-1] INFO  server.RaftServerConfigKeys (ConfUtils.java:logGet(46)) - raft.server.log.write.buffer.size = 1048576 (custom)
2023-05-04 21:54:27,161 [pool-319-thread-1] INFO  server.RaftServerConfigKeys (ConfUtils.java:logGet(46)) - raft.server.log.appender.buffer.byte-limit = 33554432 (custom)
2023-05-04 21:54:27,170 [grpc-default-executor-1] INFO  server.RaftServer (RaftServerProxy.java:addNew(96)) - ba9b7234-19ea-40e1-bb60-95fa157c93f0: addNew group-CE2CCFCECAE7:[0362f5ef-3c15-4b85-bfd5-7911b45f7638|rpc:10.1.0.44:45243|dataStream:10.1.0.44:37891|priority:0|startupRole:FOLLOWER, ba9b7234-19ea-40e1-bb60-95fa157c93f0|rpc:10.1.0.44:37815|dataStream:10.1.0.44:46499|priority:1|startupRole:FOLLOWER, d5196681-af95-4a59-85a9-5a8fb94dede6|rpc:10.1.0.44:45241|dataStream:10.1.0.44:45055|priority:0|startupRole:FOLLOWER] returns group-CE2CCFCECAE7:java.util.concurrent.CompletableFuture@5a31e53f[Not completed]
2023-05-04 21:54:27,171 [pool-319-thread-1] INFO  server.RaftServerConfigKeys (ConfUtils.java:logGet(46)) - raft.server.log.unsafe-flush.enabled = false (default)
2023-05-04 21:54:27,171 [pool-319-thread-1] INFO  server.RaftServerConfigKeys (ConfUtils.java:logGet(46)) - raft.server.log.async-flush.enabled = false (default)
2023-05-04 21:54:27,171 [pool-319-thread-1] INFO  server.RaftServerConfigKeys (ConfUtils.java:logGet(46)) - raft.server.log.statemachine.data.caching.enabled = true (custom)
2023-05-04 21:54:27,172 [pool-319-thread-1] INFO  segmented.SegmentedRaftLogWorker (SegmentedRaftLogWorker.java:lambda$new$0(135)) - 0362f5ef-3c15-4b85-bfd5-7911b45f7638@group-9AD167B1B2C5-SegmentedRaftLogWorker: flushIndex: setUnconditionally 0 -> -1
2023-05-04 21:54:27,172 [pool-319-thread-1] INFO  segmented.SegmentedRaftLogWorker (SegmentedRaftLogWorker.java:lambda$new$0(135)) - 0362f5ef-3c15-4b85-bfd5-7911b45f7638@group-9AD167B1B2C5-SegmentedRaftLogWorker: safeCacheEvictIndex: setUnconditionally 0 -> -1
2023-05-04 21:54:27,176 [pool-319-thread-1] INFO  server.RaftServer$Division (RaftServerImpl.java:start(334)) - 0362f5ef-3c15-4b85-bfd5-7911b45f7638@group-9AD167B1B2C5: start as a follower, conf=-1: peers:[0362f5ef-3c15-4b85-bfd5-7911b45f7638|rpc:10.1.0.44:45243|dataStream:10.1.0.44:37891|priority:1|startupRole:FOLLOWER]|listeners:[], old=null
2023-05-04 21:54:27,176 [pool-319-thread-1] INFO  server.RaftServer$Division (RaftServerImpl.java:setRole(321)) - 0362f5ef-3c15-4b85-bfd5-7911b45f7638@group-9AD167B1B2C5: changes role from      null to FOLLOWER at term 0 for startAsFollower
2023-05-04 21:54:27,176 [pool-319-thread-1] INFO  impl.RoleInfo (RoleInfo.java:updateAndGet(139)) - 0362f5ef-3c15-4b85-bfd5-7911b45f7638: start 0362f5ef-3c15-4b85-bfd5-7911b45f7638@group-9AD167B1B2C5-FollowerState
2023-05-04 21:54:27,177 [pool-345-thread-1] INFO  server.RaftServer$Division (RaftServerImpl.java:<init>(195)) - ba9b7234-19ea-40e1-bb60-95fa157c93f0: new RaftServerImpl for group-CE2CCFCECAE7:[0362f5ef-3c15-4b85-bfd5-7911b45f7638|rpc:10.1.0.44:45243|dataStream:10.1.0.44:37891|priority:0|startupRole:FOLLOWER, ba9b7234-19ea-40e1-bb60-95fa157c93f0|rpc:10.1.0.44:37815|dataStream:10.1.0.44:46499|priority:1|startupRole:FOLLOWER, d5196681-af95-4a59-85a9-5a8fb94dede6|rpc:10.1.0.44:45241|dataStream:10.1.0.44:45055|priority:0|startupRole:FOLLOWER] with ContainerStateMachine:uninitialized
2023-05-04 21:54:27,177 [pool-345-thread-1] INFO  server.RaftServerConfigKeys (ConfUtils.java:logGet(46)) - raft.server.rpc.timeout.min = 5s (custom)
2023-05-04 21:54:27,177 [pool-345-thread-1] INFO  server.RaftServerConfigKeys (ConfUtils.java:logGet(46)) - raft.server.rpc.timeout.max = 5200ms (custom)
2023-05-04 21:54:27,177 [pool-345-thread-1] INFO  server.RaftServerConfigKeys (ConfUtils.java:logGet(46)) - raft.server.rpc.sleep.time = 25ms (default)
2023-05-04 21:54:27,177 [pool-345-thread-1] INFO  server.RaftServerConfigKeys (ConfUtils.java:logGet(46)) - raft.server.rpc.slowness.timeout = 300s (custom)
2023-05-04 21:54:27,177 [pool-345-thread-1] INFO  server.RaftServerConfigKeys (ConfUtils.java:logGet(46)) - raft.server.leaderelection.leader.step-down.wait-time = 10s (default)
2023-05-04 21:54:27,177 [pool-345-thread-1] INFO  server.RaftServerConfigKeys (ConfUtils.java:logGet(46)) - raft.server.sleep.deviation.threshold = 300ms (default)
2023-05-04 21:54:27,177 [pool-345-thread-1] INFO  server.RaftServer$Division (ServerState.java:<init>(118)) - ba9b7234-19ea-40e1-bb60-95fa157c93f0@group-CE2CCFCECAE7: ConfigurationManager, init=-1: peers:[0362f5ef-3c15-4b85-bfd5-7911b45f7638|rpc:10.1.0.44:45243|dataStream:10.1.0.44:37891|priority:0|startupRole:FOLLOWER, ba9b7234-19ea-40e1-bb60-95fa157c93f0|rpc:10.1.0.44:37815|dataStream:10.1.0.44:46499|priority:1|startupRole:FOLLOWER, d5196681-af95-4a59-85a9-5a8fb94dede6|rpc:10.1.0.44:45241|dataStream:10.1.0.44:45055|priority:0|startupRole:FOLLOWER]|listeners:[], old=null, confs=<EMPTY_MAP>
2023-05-04 21:54:27,177 [pool-345-thread-1] INFO  server.RaftServerConfigKeys (ConfUtils.java:logGet(46)) - raft.server.storage.dir = [/home/runner/work/ozone/ozone/hadoop-ozone/integration-test/target/test-dir/MiniOzoneClusterImpl-52a188dd-66b8-45b2-ab7c-675c0ee04825/datanode-11/data/ratis] (custom)
2023-05-04 21:54:27,178 [pool-345-thread-1] INFO  server.RaftServerConfigKeys (ConfUtils.java:logGet(46)) - raft.server.log.corruption.policy = EXCEPTION (default)
2023-05-04 21:54:27,178 [pool-345-thread-1] INFO  server.RaftServerConfigKeys (ConfUtils.java:logGet(46)) - raft.server.storage.free-space.min = 0MB (=0) (default)
2023-05-04 21:54:27,178 [pool-345-thread-1] INFO  server.RaftServerConfigKeys (ConfUtils.java:logGet(46)) - raft.server.notification.no-leader.timeout = 300s (custom)
2023-05-04 21:54:27,178 [pool-345-thread-1] INFO  server.RaftServerConfigKeys (ConfUtils.java:logGet(46)) - raft.server.retrycache.expirytime = 600000ms (custom)
2023-05-04 21:54:27,178 [pool-345-thread-1] INFO  server.RaftServerConfigKeys (ConfUtils.java:logGet(46)) - raft.server.retrycache.statistics.expirytime = 100μs (default)
2023-05-04 21:54:27,179 [pool-345-thread-1] INFO  server.RaftServerConfigKeys (ConfUtils.java:logGet(46)) - raft.server.log.appender.install.snapshot.enabled = false (custom)
2023-05-04 21:54:27,179 [pool-345-thread-1] INFO  server.RaftServerConfigKeys (ConfUtils.java:logGet(46)) - raft.server.threadpool.server.cached = true (default)
2023-05-04 21:54:27,179 [pool-345-thread-1] INFO  server.RaftServerConfigKeys (ConfUtils.java:logGet(46)) - raft.server.threadpool.server.size = 0 (default)
2023-05-04 21:54:27,179 [pool-345-thread-1] INFO  server.RaftServerConfigKeys (ConfUtils.java:logGet(46)) - raft.server.threadpool.client.cached = true (default)
2023-05-04 21:54:27,179 [pool-345-thread-1] INFO  server.RaftServerConfigKeys (ConfUtils.java:logGet(46)) - raft.server.threadpool.client.size = 0 (default)
2023-05-04 21:54:27,180 [pool-345-thread-1] INFO  storage.RaftStorageDirectory (RaftStorageDirectoryImpl.java:analyzeStorage(137)) - The storage directory /home/runner/work/ozone/ozone/hadoop-ozone/integration-test/target/test-dir/MiniOzoneClusterImpl-52a188dd-66b8-45b2-ab7c-675c0ee04825/datanode-11/data/ratis/0e3370fe-c4c0-46f5-a960-ce2ccfcecae7 does not exist. Creating ...
2023-05-04 21:54:27,180 [0362f5ef-3c15-4b85-bfd5-7911b45f7638@group-9AD167B1B2C5-FollowerState] INFO  server.RaftServerConfigKeys (ConfUtils.java:logFallback(53)) - raft.server.rpc.first-election.timeout.min = 5s (fallback to raft.server.rpc.timeout.min)
2023-05-04 21:54:27,180 [pool-319-thread-1] INFO  util.JmxRegister (JmxRegister.java:tryRegister(44)) - Successfully registered JMX Bean with object name Ratis:service=RaftServer,group=group-9AD167B1B2C5,id=0362f5ef-3c15-4b85-bfd5-7911b45f7638
2023-05-04 21:54:27,180 [0362f5ef-3c15-4b85-bfd5-7911b45f7638@group-9AD167B1B2C5-FollowerState] INFO  server.RaftServerConfigKeys (ConfUtils.java:logFallback(53)) - raft.server.rpc.first-election.timeout.max = 5200ms (fallback to raft.server.rpc.timeout.max)
2023-05-04 21:54:27,180 [pool-319-thread-1] INFO  server.RaftServerConfigKeys (ConfUtils.java:logGet(46)) - raft.server.snapshot.auto.trigger.enabled = true (custom)
2023-05-04 21:54:27,180 [pool-319-thread-1] INFO  server.RaftServerConfigKeys (ConfUtils.java:logGet(46)) - raft.server.snapshot.auto.trigger.threshold = 10000 (custom)
2023-05-04 21:54:27,181 [pool-319-thread-1] INFO  server.RaftServerConfigKeys (ConfUtils.java:logGet(46)) - raft.server.snapshot.retention.file.num = 5 (custom)
2023-05-04 21:54:27,181 [pool-319-thread-1] INFO  server.RaftServerConfigKeys (ConfUtils.java:logGet(46)) - raft.server.log.purge.upto.snapshot.index = false (default)
2023-05-04 21:54:27,181 [pool-345-thread-1] INFO  storage.RaftStorageDirectory (RaftStorageDirectoryImpl.java:tryLock(231)) - Lock on /home/runner/work/ozone/ozone/hadoop-ozone/integration-test/target/test-dir/MiniOzoneClusterImpl-52a188dd-66b8-45b2-ab7c-675c0ee04825/datanode-11/data/ratis/0e3370fe-c4c0-46f5-a960-ce2ccfcecae7/in_use.lock acquired by nodename 25128@fv-az133-721
2023-05-04 21:54:27,182 [Command processor thread] INFO  ratis.XceiverServerRatis (XceiverServerRatis.java:addGroup(806)) - Created group PipelineID=5e52e487-89a6-44d4-b795-9ad167b1b2c5
2023-05-04 21:54:27,182 [Command processor thread] INFO  commandhandler.CreatePipelineCommandHandler (CreatePipelineCommandHandler.java:handle(113)) - Created Pipeline RATIS ONE PipelineID=5e52e487-89a6-44d4-b795-9ad167b1b2c5.
2023-05-04 21:54:27,182 [pool-345-thread-1] INFO  storage.RaftStorage (RaftStorageImpl.java:format(96)) - Storage directory /home/runner/work/ozone/ozone/hadoop-ozone/integration-test/target/test-dir/MiniOzoneClusterImpl-52a188dd-66b8-45b2-ab7c-675c0ee04825/datanode-11/data/ratis/0e3370fe-c4c0-46f5-a960-ce2ccfcecae7 has been successfully formatted.
2023-05-04 21:54:27,182 [Command processor thread] INFO  server.RaftServer (RaftServerProxy.java:addNew(96)) - 0362f5ef-3c15-4b85-bfd5-7911b45f7638: addNew group-9F854CF4774F:[0362f5ef-3c15-4b85-bfd5-7911b45f7638|rpc:10.1.0.44:45243|dataStream:10.1.0.44:37891|priority:0|startupRole:FOLLOWER, ba9b7234-19ea-40e1-bb60-95fa157c93f0|rpc:10.1.0.44:37815|dataStream:10.1.0.44:46499|priority:0|startupRole:FOLLOWER, d5196681-af95-4a59-85a9-5a8fb94dede6|rpc:10.1.0.44:45241|dataStream:10.1.0.44:45055|priority:1|startupRole:FOLLOWER] returns group-9F854CF4774F:java.util.concurrent.CompletableFuture@d488c21[Not completed]
2023-05-04 21:54:27,188 [pool-345-thread-1] INFO  ratis.ContainerStateMachine (ContainerStateMachine.java:loadSnapshot(262)) - group-CE2CCFCECAE7: The snapshot info is null. Setting the last applied indexto:(t:0, i:~)
2023-05-04 21:54:27,188 [pool-345-thread-1] INFO  server.RaftServerConfigKeys (ConfUtils.java:logGet(46)) - raft.server.log.use.memory = false (default)
2023-05-04 21:54:27,188 [pool-345-thread-1] INFO  server.RaftServerConfigKeys (ConfUtils.java:logGet(46)) - raft.server.log.purge.gap = 1000000 (custom)
2023-05-04 21:54:27,188 [pool-345-thread-1] INFO  server.RaftServerConfigKeys (ConfUtils.java:logGet(46)) - raft.server.log.appender.buffer.byte-limit = 33554432 (custom)
2023-05-04 21:54:27,188 [pool-345-thread-1] INFO  server.RaftServerConfigKeys (ConfUtils.java:logGet(46)) - raft.server.log.statemachine.data.read.timeout = 1000ms (default)
2023-05-04 21:54:27,188 [pool-345-thread-1] INFO  server.RaftServerConfigKeys (ConfUtils.java:logGet(46)) - raft.server.log.purge.preservation.log.num = 0 (default)
2023-05-04 21:54:27,188 [pool-345-thread-1] INFO  server.RaftServerConfigKeys (ConfUtils.java:logGet(46)) - raft.server.log.segment.size.max = 1048576 (custom)
2023-05-04 21:54:27,188 [pool-319-thread-1] INFO  server.RaftServer$Division (RaftServerImpl.java:<init>(195)) - 0362f5ef-3c15-4b85-bfd5-7911b45f7638: new RaftServerImpl for group-9F854CF4774F:[0362f5ef-3c15-4b85-bfd5-7911b45f7638|rpc:10.1.0.44:45243|dataStream:10.1.0.44:37891|priority:0|startupRole:FOLLOWER, ba9b7234-19ea-40e1-bb60-95fa157c93f0|rpc:10.1.0.44:37815|dataStream:10.1.0.44:46499|priority:0|startupRole:FOLLOWER, d5196681-af95-4a59-85a9-5a8fb94dede6|rpc:10.1.0.44:45241|dataStream:10.1.0.44:45055|priority:1|startupRole:FOLLOWER] with ContainerStateMachine:uninitialized
2023-05-04 21:54:27,189 [pool-319-thread-1] INFO  server.RaftServerConfigKeys (ConfUtils.java:logGet(46)) - raft.server.rpc.timeout.min = 5s (custom)
2023-05-04 21:54:27,189 [pool-319-thread-1] INFO  server.RaftServerConfigKeys (ConfUtils.java:logGet(46)) - raft.server.rpc.timeout.max = 5200ms (custom)
2023-05-04 21:54:27,189 [pool-319-thread-1] INFO  server.RaftServerConfigKeys (ConfUtils.java:logGet(46)) - raft.server.rpc.sleep.time = 25ms (default)
2023-05-04 21:54:27,189 [pool-319-thread-1] INFO  server.RaftServerConfigKeys (ConfUtils.java:logGet(46)) - raft.server.rpc.slowness.timeout = 300s (custom)
2023-05-04 21:54:27,189 [pool-319-thread-1] INFO  server.RaftServerConfigKeys (ConfUtils.java:logGet(46)) - raft.server.leaderelection.leader.step-down.wait-time = 10s (default)
2023-05-04 21:54:27,189 [pool-319-thread-1] INFO  server.RaftServerConfigKeys (ConfUtils.java:logGet(46)) - raft.server.sleep.deviation.threshold = 300ms (default)
2023-05-04 21:54:27,189 [pool-319-thread-1] INFO  server.RaftServer$Division (ServerState.java:<init>(118)) - 0362f5ef-3c15-4b85-bfd5-7911b45f7638@group-9F854CF4774F: ConfigurationManager, init=-1: peers:[0362f5ef-3c15-4b85-bfd5-7911b45f7638|rpc:10.1.0.44:45243|dataStream:10.1.0.44:37891|priority:0|startupRole:FOLLOWER, ba9b7234-19ea-40e1-bb60-95fa157c93f0|rpc:10.1.0.44:37815|dataStream:10.1.0.44:46499|priority:0|startupRole:FOLLOWER, d5196681-af95-4a59-85a9-5a8fb94dede6|rpc:10.1.0.44:45241|dataStream:10.1.0.44:45055|priority:1|startupRole:FOLLOWER]|listeners:[], old=null, confs=<EMPTY_MAP>
2023-05-04 21:54:27,189 [pool-319-thread-1] INFO  server.RaftServerConfigKeys (ConfUtils.java:logGet(46)) - raft.server.storage.dir = [/home/runner/work/ozone/ozone/hadoop-ozone/integration-test/target/test-dir/MiniOzoneClusterImpl-52a188dd-66b8-45b2-ab7c-675c0ee04825/datanode-10/data/ratis] (custom)
2023-05-04 21:54:27,189 [pool-345-thread-1] INFO  server.RaftServerConfigKeys (ConfUtils.java:logGet(46)) - raft.server.log.segment.cache.num.max = 2 (custom)
2023-05-04 21:54:27,189 [pool-345-thread-1] INFO  server.RaftServerConfigKeys (ConfUtils.java:logGet(46)) - raft.server.log.segment.cache.size.max = 200MB (=209715200) (default)
2023-05-04 21:54:27,189 [pool-319-thread-1] INFO  server.RaftServerConfigKeys (ConfUtils.java:logGet(46)) - raft.server.log.corruption.policy = EXCEPTION (default)
2023-05-04 21:54:27,189 [pool-345-thread-1] INFO  segmented.SegmentedRaftLogWorker (SegmentedRaftLogWorker.java:<init>(189)) - new ba9b7234-19ea-40e1-bb60-95fa157c93f0@group-CE2CCFCECAE7-SegmentedRaftLogWorker for RaftStorageImpl:Storage Directory /home/runner/work/ozone/ozone/hadoop-ozone/integration-test/target/test-dir/MiniOzoneClusterImpl-52a188dd-66b8-45b2-ab7c-675c0ee04825/datanode-11/data/ratis/0e3370fe-c4c0-46f5-a960-ce2ccfcecae7
2023-05-04 21:54:27,189 [pool-345-thread-1] INFO  server.RaftServerConfigKeys (ConfUtils.java:logGet(46)) - raft.server.log.queue.byte-limit = 4294967296 (custom)
2023-05-04 21:54:27,189 [pool-319-thread-1] INFO  server.RaftServerConfigKeys (ConfUtils.java:logGet(46)) - raft.server.storage.free-space.min = 0MB (=0) (default)
2023-05-04 21:54:27,189 [pool-345-thread-1] INFO  server.RaftServerConfigKeys (ConfUtils.java:logGet(46)) - raft.server.log.queue.element-limit = 1024 (custom)
2023-05-04 21:54:27,189 [pool-319-thread-1] INFO  server.RaftServerConfigKeys (ConfUtils.java:logGet(46)) - raft.server.notification.no-leader.timeout = 300s (custom)
2023-05-04 21:54:27,189 [pool-345-thread-1] INFO  server.RaftServerConfigKeys (ConfUtils.java:logGet(46)) - raft.server.log.segment.size.max = 1048576 (custom)
2023-05-04 21:54:27,190 [pool-319-thread-1] INFO  server.RaftServerConfigKeys (ConfUtils.java:logGet(46)) - raft.server.retrycache.expirytime = 600000ms (custom)
2023-05-04 21:54:27,190 [pool-319-thread-1] INFO  server.RaftServerConfigKeys (ConfUtils.java:logGet(46)) - raft.server.retrycache.statistics.expirytime = 100μs (default)
2023-05-04 21:54:27,190 [pool-345-thread-1] INFO  server.RaftServerConfigKeys (ConfUtils.java:logGet(46)) - raft.server.log.preallocated.size = 16384 (custom)
2023-05-04 21:54:27,190 [pool-345-thread-1] INFO  server.RaftServerConfigKeys (ConfUtils.java:logGet(46)) - raft.server.log.force.sync.num = 128 (default)
2023-05-04 21:54:27,190 [pool-345-thread-1] INFO  server.RaftServerConfigKeys (ConfUtils.java:logGet(46)) - raft.server.log.statemachine.data.sync = true (default)
2023-05-04 21:54:27,190 [pool-345-thread-1] INFO  server.RaftServerConfigKeys (ConfUtils.java:logGet(46)) - raft.server.log.statemachine.data.sync.timeout = 10s (default)
2023-05-04 21:54:27,190 [pool-345-thread-1] INFO  server.RaftServerConfigKeys (ConfUtils.java:logGet(46)) - raft.server.log.statemachine.data.sync.timeout.retry = -1 (default)
2023-05-04 21:54:27,191 [pool-345-thread-1] INFO  server.RaftServerConfigKeys (ConfUtils.java:logGet(46)) - raft.server.log.write.buffer.size = 1048576 (custom)
2023-05-04 21:54:27,191 [pool-319-thread-1] INFO  server.RaftServerConfigKeys (ConfUtils.java:logGet(46)) - raft.server.log.appender.install.snapshot.enabled = false (custom)
2023-05-04 21:54:27,191 [pool-319-thread-1] INFO  server.RaftServerConfigKeys (ConfUtils.java:logGet(46)) - raft.server.threadpool.server.cached = true (default)
2023-05-04 21:54:27,192 [pool-319-thread-1] INFO  server.RaftServerConfigKeys (ConfUtils.java:logGet(46)) - raft.server.threadpool.server.size = 0 (default)
2023-05-04 21:54:27,192 [pool-319-thread-1] INFO  server.RaftServerConfigKeys (ConfUtils.java:logGet(46)) - raft.server.threadpool.client.cached = true (default)
2023-05-04 21:54:27,192 [pool-319-thread-1] INFO  server.RaftServerConfigKeys (ConfUtils.java:logGet(46)) - raft.server.threadpool.client.size = 0 (default)
2023-05-04 21:54:27,192 [pool-319-thread-1] INFO  storage.RaftStorageDirectory (RaftStorageDirectoryImpl.java:analyzeStorage(137)) - The storage directory /home/runner/work/ozone/ozone/hadoop-ozone/integration-test/target/test-dir/MiniOzoneClusterImpl-52a188dd-66b8-45b2-ab7c-675c0ee04825/datanode-10/data/ratis/7293fd01-d28b-4e50-8824-9f854cf4774f does not exist. Creating ...
2023-05-04 21:54:27,192 [pool-345-thread-1] INFO  server.RaftServerConfigKeys (ConfUtils.java:logGet(46)) - raft.server.log.appender.buffer.byte-limit = 33554432 (custom)
2023-05-04 21:54:27,193 [pool-319-thread-1] INFO  storage.RaftStorageDirectory (RaftStorageDirectoryImpl.java:tryLock(231)) - Lock on /home/runner/work/ozone/ozone/hadoop-ozone/integration-test/target/test-dir/MiniOzoneClusterImpl-52a188dd-66b8-45b2-ab7c-675c0ee04825/datanode-10/data/ratis/7293fd01-d28b-4e50-8824-9f854cf4774f/in_use.lock acquired by nodename 25128@fv-az133-721
2023-05-04 21:54:27,195 [pool-319-thread-1] INFO  storage.RaftStorage (RaftStorageImpl.java:format(96)) - Storage directory /home/runner/work/ozone/ozone/hadoop-ozone/integration-test/target/test-dir/MiniOzoneClusterImpl-52a188dd-66b8-45b2-ab7c-675c0ee04825/datanode-10/data/ratis/7293fd01-d28b-4e50-8824-9f854cf4774f has been successfully formatted.
2023-05-04 21:54:27,195 [pool-319-thread-1] INFO  ratis.ContainerStateMachine (ContainerStateMachine.java:loadSnapshot(262)) - group-9F854CF4774F: The snapshot info is null. Setting the last applied indexto:(t:0, i:~)
2023-05-04 21:54:27,195 [pool-319-thread-1] INFO  server.RaftServerConfigKeys (ConfUtils.java:logGet(46)) - raft.server.log.use.memory = false (default)
2023-05-04 21:54:27,195 [pool-319-thread-1] INFO  server.RaftServerConfigKeys (ConfUtils.java:logGet(46)) - raft.server.log.purge.gap = 1000000 (custom)
2023-05-04 21:54:27,195 [pool-319-thread-1] INFO  server.RaftServerConfigKeys (ConfUtils.java:logGet(46)) - raft.server.log.appender.buffer.byte-limit = 33554432 (custom)
2023-05-04 21:54:27,196 [pool-319-thread-1] INFO  server.RaftServerConfigKeys (ConfUtils.java:logGet(46)) - raft.server.log.statemachine.data.read.timeout = 1000ms (default)
2023-05-04 21:54:27,196 [pool-319-thread-1] INFO  server.RaftServerConfigKeys (ConfUtils.java:logGet(46)) - raft.server.log.purge.preservation.log.num = 0 (default)
2023-05-04 21:54:27,196 [pool-319-thread-1] INFO  server.RaftServerConfigKeys (ConfUtils.java:logGet(46)) - raft.server.log.segment.size.max = 1048576 (custom)
2023-05-04 21:54:27,197 [EventQueue-OpenPipelineForHealthyPipelineSafeModeRule] INFO  safemode.SCMSafeModeManager (HealthyPipelineSafeModeRule.java:process(137)) - SCM in safe mode. Healthy pipelines reported count is 0, required healthy pipeline reported count is 1
2023-05-04 21:54:27,198 [pool-319-thread-1] INFO  server.RaftServerConfigKeys (ConfUtils.java:logGet(46)) - raft.server.log.segment.cache.num.max = 2 (custom)
2023-05-04 21:54:27,198 [pool-319-thread-1] INFO  server.RaftServerConfigKeys (ConfUtils.java:logGet(46)) - raft.server.log.segment.cache.size.max = 200MB (=209715200) (default)
2023-05-04 21:54:27,198 [pool-319-thread-1] INFO  segmented.SegmentedRaftLogWorker (SegmentedRaftLogWorker.java:<init>(189)) - new 0362f5ef-3c15-4b85-bfd5-7911b45f7638@group-9F854CF4774F-SegmentedRaftLogWorker for RaftStorageImpl:Storage Directory /home/runner/work/ozone/ozone/hadoop-ozone/integration-test/target/test-dir/MiniOzoneClusterImpl-52a188dd-66b8-45b2-ab7c-675c0ee04825/datanode-10/data/ratis/7293fd01-d28b-4e50-8824-9f854cf4774f
2023-05-04 21:54:27,198 [pool-319-thread-1] INFO  server.RaftServerConfigKeys (ConfUtils.java:logGet(46)) - raft.server.log.queue.byte-limit = 4294967296 (custom)
2023-05-04 21:54:27,198 [pool-319-thread-1] INFO  server.RaftServerConfigKeys (ConfUtils.java:logGet(46)) - raft.server.log.queue.element-limit = 1024 (custom)
2023-05-04 21:54:27,198 [pool-319-thread-1] INFO  server.RaftServerConfigKeys (ConfUtils.java:logGet(46)) - raft.server.log.segment.size.max = 1048576 (custom)
2023-05-04 21:54:27,198 [pool-319-thread-1] INFO  server.RaftServerConfigKeys (ConfUtils.java:logGet(46)) - raft.server.log.preallocated.size = 16384 (custom)
2023-05-04 21:54:27,198 [pool-319-thread-1] INFO  server.RaftServerConfigKeys (ConfUtils.java:logGet(46)) - raft.server.log.force.sync.num = 128 (default)
2023-05-04 21:54:27,198 [pool-319-thread-1] INFO  server.RaftServerConfigKeys (ConfUtils.java:logGet(46)) - raft.server.log.statemachine.data.sync = true (default)
2023-05-04 21:54:27,198 [pool-319-thread-1] INFO  server.RaftServerConfigKeys (ConfUtils.java:logGet(46)) - raft.server.log.statemachine.data.sync.timeout = 10s (default)
2023-05-04 21:54:27,198 [pool-319-thread-1] INFO  server.RaftServerConfigKeys (ConfUtils.java:logGet(46)) - raft.server.log.statemachine.data.sync.timeout.retry = -1 (default)
2023-05-04 21:54:27,198 [pool-345-thread-1] INFO  server.RaftServerConfigKeys (ConfUtils.java:logGet(46)) - raft.server.log.unsafe-flush.enabled = false (default)
2023-05-04 21:54:27,199 [pool-345-thread-1] INFO  server.RaftServerConfigKeys (ConfUtils.java:logGet(46)) - raft.server.log.async-flush.enabled = false (default)
2023-05-04 21:54:27,199 [pool-345-thread-1] INFO  server.RaftServerConfigKeys (ConfUtils.java:logGet(46)) - raft.server.log.statemachine.data.caching.enabled = true (custom)
2023-05-04 21:54:27,199 [pool-319-thread-1] INFO  server.RaftServerConfigKeys (ConfUtils.java:logGet(46)) - raft.server.log.write.buffer.size = 1048576 (custom)
2023-05-04 21:54:27,199 [pool-345-thread-1] INFO  segmented.SegmentedRaftLogWorker (SegmentedRaftLogWorker.java:lambda$new$0(135)) - ba9b7234-19ea-40e1-bb60-95fa157c93f0@group-CE2CCFCECAE7-SegmentedRaftLogWorker: flushIndex: setUnconditionally 0 -> -1
2023-05-04 21:54:27,199 [pool-345-thread-1] INFO  segmented.SegmentedRaftLogWorker (SegmentedRaftLogWorker.java:lambda$new$0(135)) - ba9b7234-19ea-40e1-bb60-95fa157c93f0@group-CE2CCFCECAE7-SegmentedRaftLogWorker: safeCacheEvictIndex: setUnconditionally 0 -> -1
2023-05-04 21:54:27,202 [pool-345-thread-1] INFO  server.RaftServer$Division (RaftServerImpl.java:start(334)) - ba9b7234-19ea-40e1-bb60-95fa157c93f0@group-CE2CCFCECAE7: start as a follower, conf=-1: peers:[0362f5ef-3c15-4b85-bfd5-7911b45f7638|rpc:10.1.0.44:45243|dataStream:10.1.0.44:37891|priority:0|startupRole:FOLLOWER, ba9b7234-19ea-40e1-bb60-95fa157c93f0|rpc:10.1.0.44:37815|dataStream:10.1.0.44:46499|priority:1|startupRole:FOLLOWER, d5196681-af95-4a59-85a9-5a8fb94dede6|rpc:10.1.0.44:45241|dataStream:10.1.0.44:45055|priority:0|startupRole:FOLLOWER]|listeners:[], old=null
2023-05-04 21:54:27,202 [pool-345-thread-1] INFO  server.RaftServer$Division (RaftServerImpl.java:setRole(321)) - ba9b7234-19ea-40e1-bb60-95fa157c93f0@group-CE2CCFCECAE7: changes role from      null to FOLLOWER at term 0 for startAsFollower
2023-05-04 21:54:27,202 [pool-345-thread-1] INFO  impl.RoleInfo (RoleInfo.java:updateAndGet(139)) - ba9b7234-19ea-40e1-bb60-95fa157c93f0: start ba9b7234-19ea-40e1-bb60-95fa157c93f0@group-CE2CCFCECAE7-FollowerState
2023-05-04 21:54:27,202 [pool-345-thread-1] INFO  util.JmxRegister (JmxRegister.java:tryRegister(44)) - Successfully registered JMX Bean with object name Ratis:service=RaftServer,group=group-CE2CCFCECAE7,id=ba9b7234-19ea-40e1-bb60-95fa157c93f0
2023-05-04 21:54:27,202 [pool-345-thread-1] INFO  server.RaftServerConfigKeys (ConfUtils.java:logGet(46)) - raft.server.snapshot.auto.trigger.enabled = true (custom)
2023-05-04 21:54:27,202 [pool-345-thread-1] INFO  server.RaftServerConfigKeys (ConfUtils.java:logGet(46)) - raft.server.snapshot.auto.trigger.threshold = 10000 (custom)
2023-05-04 21:54:27,202 [pool-345-thread-1] INFO  server.RaftServerConfigKeys (ConfUtils.java:logGet(46)) - raft.server.snapshot.retention.file.num = 5 (custom)
2023-05-04 21:54:27,202 [pool-345-thread-1] INFO  server.RaftServerConfigKeys (ConfUtils.java:logGet(46)) - raft.server.log.purge.upto.snapshot.index = false (default)
2023-05-04 21:54:27,201 [pool-319-thread-1] INFO  server.RaftServerConfigKeys (ConfUtils.java:logGet(46)) - raft.server.log.appender.buffer.byte-limit = 33554432 (custom)
2023-05-04 21:54:27,203 [ba9b7234-19ea-40e1-bb60-95fa157c93f0@group-CE2CCFCECAE7-FollowerState] INFO  server.RaftServerConfigKeys (ConfUtils.java:logFallback(53)) - raft.server.rpc.first-election.timeout.min = 5s (fallback to raft.server.rpc.timeout.min)
2023-05-04 21:54:27,203 [ba9b7234-19ea-40e1-bb60-95fa157c93f0@group-CE2CCFCECAE7-FollowerState] INFO  server.RaftServerConfigKeys (ConfUtils.java:logFallback(53)) - raft.server.rpc.first-election.timeout.max = 5200ms (fallback to raft.server.rpc.timeout.max)
2023-05-04 21:54:27,211 [pool-319-thread-1] INFO  server.RaftServerConfigKeys (ConfUtils.java:logGet(46)) - raft.server.log.unsafe-flush.enabled = false (default)
2023-05-04 21:54:27,211 [pool-319-thread-1] INFO  server.RaftServerConfigKeys (ConfUtils.java:logGet(46)) - raft.server.log.async-flush.enabled = false (default)
2023-05-04 21:54:27,211 [pool-319-thread-1] INFO  server.RaftServerConfigKeys (ConfUtils.java:logGet(46)) - raft.server.log.statemachine.data.caching.enabled = true (custom)
2023-05-04 21:54:27,212 [pool-319-thread-1] INFO  segmented.SegmentedRaftLogWorker (SegmentedRaftLogWorker.java:lambda$new$0(135)) - 0362f5ef-3c15-4b85-bfd5-7911b45f7638@group-9F854CF4774F-SegmentedRaftLogWorker: flushIndex: setUnconditionally 0 -> -1
2023-05-04 21:54:27,213 [pool-319-thread-1] INFO  segmented.SegmentedRaftLogWorker (SegmentedRaftLogWorker.java:lambda$new$0(135)) - 0362f5ef-3c15-4b85-bfd5-7911b45f7638@group-9F854CF4774F-SegmentedRaftLogWorker: safeCacheEvictIndex: setUnconditionally 0 -> -1
2023-05-04 21:54:27,215 [pool-319-thread-1] INFO  server.RaftServer$Division (RaftServerImpl.java:start(334)) - 0362f5ef-3c15-4b85-bfd5-7911b45f7638@group-9F854CF4774F: start as a follower, conf=-1: peers:[0362f5ef-3c15-4b85-bfd5-7911b45f7638|rpc:10.1.0.44:45243|dataStream:10.1.0.44:37891|priority:0|startupRole:FOLLOWER, ba9b7234-19ea-40e1-bb60-95fa157c93f0|rpc:10.1.0.44:37815|dataStream:10.1.0.44:46499|priority:0|startupRole:FOLLOWER, d5196681-af95-4a59-85a9-5a8fb94dede6|rpc:10.1.0.44:45241|dataStream:10.1.0.44:45055|priority:1|startupRole:FOLLOWER]|listeners:[], old=null
2023-05-04 21:54:27,223 [pool-319-thread-1] INFO  server.RaftServer$Division (RaftServerImpl.java:setRole(321)) - 0362f5ef-3c15-4b85-bfd5-7911b45f7638@group-9F854CF4774F: changes role from      null to FOLLOWER at term 0 for startAsFollower
2023-05-04 21:54:27,224 [pool-319-thread-1] INFO  impl.RoleInfo (RoleInfo.java:updateAndGet(139)) - 0362f5ef-3c15-4b85-bfd5-7911b45f7638: start 0362f5ef-3c15-4b85-bfd5-7911b45f7638@group-9F854CF4774F-FollowerState
2023-05-04 21:54:27,224 [pool-319-thread-1] INFO  util.JmxRegister (JmxRegister.java:tryRegister(44)) - Successfully registered JMX Bean with object name Ratis:service=RaftServer,group=group-9F854CF4774F,id=0362f5ef-3c15-4b85-bfd5-7911b45f7638
2023-05-04 21:54:27,224 [pool-319-thread-1] INFO  server.RaftServerConfigKeys (ConfUtils.java:logGet(46)) - raft.server.snapshot.auto.trigger.enabled = true (custom)
2023-05-04 21:54:27,224 [pool-319-thread-1] INFO  server.RaftServerConfigKeys (ConfUtils.java:logGet(46)) - raft.server.snapshot.auto.trigger.threshold = 10000 (custom)
2023-05-04 21:54:27,224 [pool-319-thread-1] INFO  server.RaftServerConfigKeys (ConfUtils.java:logGet(46)) - raft.server.snapshot.retention.file.num = 5 (custom)
2023-05-04 21:54:27,224 [pool-319-thread-1] INFO  server.RaftServerConfigKeys (ConfUtils.java:logGet(46)) - raft.server.log.purge.upto.snapshot.index = false (default)
2023-05-04 21:54:27,227 [0362f5ef-3c15-4b85-bfd5-7911b45f7638@group-9F854CF4774F-FollowerState] INFO  server.RaftServerConfigKeys (ConfUtils.java:logFallback(53)) - raft.server.rpc.first-election.timeout.min = 5s (fallback to raft.server.rpc.timeout.min)
2023-05-04 21:54:27,227 [0362f5ef-3c15-4b85-bfd5-7911b45f7638@group-9F854CF4774F-FollowerState] INFO  server.RaftServerConfigKeys (ConfUtils.java:logFallback(53)) - raft.server.rpc.first-election.timeout.max = 5200ms (fallback to raft.server.rpc.timeout.max)
2023-05-04 21:54:27,229 [Command processor thread] INFO  ratis.XceiverServerRatis (XceiverServerRatis.java:addGroup(806)) - Created group PipelineID=7293fd01-d28b-4e50-8824-9f854cf4774f
2023-05-04 21:54:27,235 [Command processor thread] INFO  commandhandler.CreatePipelineCommandHandler (CreatePipelineCommandHandler.java:handle(113)) - Created Pipeline RATIS THREE PipelineID=0e3370fe-c4c0-46f5-a960-ce2ccfcecae7.
2023-05-04 21:54:27,235 [Command processor thread] INFO  server.RaftServer (RaftServerProxy.java:addNew(96)) - d5196681-af95-4a59-85a9-5a8fb94dede6: addNew group-9F854CF4774F:[0362f5ef-3c15-4b85-bfd5-7911b45f7638|rpc:10.1.0.44:45243|dataStream:10.1.0.44:37891|priority:0|startupRole:FOLLOWER, ba9b7234-19ea-40e1-bb60-95fa157c93f0|rpc:10.1.0.44:37815|dataStream:10.1.0.44:46499|priority:0|startupRole:FOLLOWER, d5196681-af95-4a59-85a9-5a8fb94dede6|rpc:10.1.0.44:45241|dataStream:10.1.0.44:45055|priority:1|startupRole:FOLLOWER] returns group-9F854CF4774F:java.util.concurrent.CompletableFuture@6adc457e[Not completed]
2023-05-04 21:54:27,236 [pool-293-thread-1] INFO  server.RaftServer$Division (RaftServerImpl.java:<init>(195)) - d5196681-af95-4a59-85a9-5a8fb94dede6: new RaftServerImpl for group-9F854CF4774F:[0362f5ef-3c15-4b85-bfd5-7911b45f7638|rpc:10.1.0.44:45243|dataStream:10.1.0.44:37891|priority:0|startupRole:FOLLOWER, ba9b7234-19ea-40e1-bb60-95fa157c93f0|rpc:10.1.0.44:37815|dataStream:10.1.0.44:46499|priority:0|startupRole:FOLLOWER, d5196681-af95-4a59-85a9-5a8fb94dede6|rpc:10.1.0.44:45241|dataStream:10.1.0.44:45055|priority:1|startupRole:FOLLOWER] with ContainerStateMachine:uninitialized
2023-05-04 21:54:27,236 [pool-293-thread-1] INFO  server.RaftServerConfigKeys (ConfUtils.java:logGet(46)) - raft.server.rpc.timeout.min = 5s (custom)
2023-05-04 21:54:27,236 [pool-293-thread-1] INFO  server.RaftServerConfigKeys (ConfUtils.java:logGet(46)) - raft.server.rpc.timeout.max = 5200ms (custom)
2023-05-04 21:54:27,236 [pool-293-thread-1] INFO  server.RaftServerConfigKeys (ConfUtils.java:logGet(46)) - raft.server.rpc.sleep.time = 25ms (default)
2023-05-04 21:54:27,236 [pool-293-thread-1] INFO  server.RaftServerConfigKeys (ConfUtils.java:logGet(46)) - raft.server.rpc.slowness.timeout = 300s (custom)
2023-05-04 21:54:27,236 [pool-293-thread-1] INFO  server.RaftServerConfigKeys (ConfUtils.java:logGet(46)) - raft.server.leaderelection.leader.step-down.wait-time = 10s (default)
2023-05-04 21:54:27,236 [pool-293-thread-1] INFO  server.RaftServerConfigKeys (ConfUtils.java:logGet(46)) - raft.server.sleep.deviation.threshold = 300ms (default)
2023-05-04 21:54:27,237 [pool-293-thread-1] INFO  server.RaftServer$Division (ServerState.java:<init>(118)) - d5196681-af95-4a59-85a9-5a8fb94dede6@group-9F854CF4774F: ConfigurationManager, init=-1: peers:[0362f5ef-3c15-4b85-bfd5-7911b45f7638|rpc:10.1.0.44:45243|dataStream:10.1.0.44:37891|priority:0|startupRole:FOLLOWER, ba9b7234-19ea-40e1-bb60-95fa157c93f0|rpc:10.1.0.44:37815|dataStream:10.1.0.44:46499|priority:0|startupRole:FOLLOWER, d5196681-af95-4a59-85a9-5a8fb94dede6|rpc:10.1.0.44:45241|dataStream:10.1.0.44:45055|priority:1|startupRole:FOLLOWER]|listeners:[], old=null, confs=<EMPTY_MAP>
2023-05-04 21:54:27,237 [pool-293-thread-1] INFO  server.RaftServerConfigKeys (ConfUtils.java:logGet(46)) - raft.server.storage.dir = [/home/runner/work/ozone/ozone/hadoop-ozone/integration-test/target/test-dir/MiniOzoneClusterImpl-52a188dd-66b8-45b2-ab7c-675c0ee04825/datanode-9/data/ratis] (custom)
2023-05-04 21:54:27,237 [pool-293-thread-1] INFO  server.RaftServerConfigKeys (ConfUtils.java:logGet(46)) - raft.server.log.corruption.policy = EXCEPTION (default)
2023-05-04 21:54:27,237 [pool-293-thread-1] INFO  server.RaftServerConfigKeys (ConfUtils.java:logGet(46)) - raft.server.storage.free-space.min = 0MB (=0) (default)
2023-05-04 21:54:27,237 [pool-293-thread-1] INFO  server.RaftServerConfigKeys (ConfUtils.java:logGet(46)) - raft.server.notification.no-leader.timeout = 300s (custom)
2023-05-04 21:54:27,237 [pool-293-thread-1] INFO  server.RaftServerConfigKeys (ConfUtils.java:logGet(46)) - raft.server.retrycache.expirytime = 600000ms (custom)
2023-05-04 21:54:27,237 [pool-293-thread-1] INFO  server.RaftServerConfigKeys (ConfUtils.java:logGet(46)) - raft.server.retrycache.statistics.expirytime = 100μs (default)
2023-05-04 21:54:27,238 [pool-293-thread-1] INFO  server.RaftServerConfigKeys (ConfUtils.java:logGet(46)) - raft.server.log.appender.install.snapshot.enabled = false (custom)
2023-05-04 21:54:27,238 [pool-293-thread-1] INFO  server.RaftServerConfigKeys (ConfUtils.java:logGet(46)) - raft.server.threadpool.server.cached = true (default)
2023-05-04 21:54:27,238 [pool-293-thread-1] INFO  server.RaftServerConfigKeys (ConfUtils.java:logGet(46)) - raft.server.threadpool.server.size = 0 (default)
2023-05-04 21:54:27,238 [pool-293-thread-1] INFO  server.RaftServerConfigKeys (ConfUtils.java:logGet(46)) - raft.server.threadpool.client.cached = true (default)
2023-05-04 21:54:27,239 [pool-293-thread-1] INFO  server.RaftServerConfigKeys (ConfUtils.java:logGet(46)) - raft.server.threadpool.client.size = 0 (default)
2023-05-04 21:54:27,239 [pool-293-thread-1] INFO  storage.RaftStorageDirectory (RaftStorageDirectoryImpl.java:analyzeStorage(137)) - The storage directory /home/runner/work/ozone/ozone/hadoop-ozone/integration-test/target/test-dir/MiniOzoneClusterImpl-52a188dd-66b8-45b2-ab7c-675c0ee04825/datanode-9/data/ratis/7293fd01-d28b-4e50-8824-9f854cf4774f does not exist. Creating ...
2023-05-04 21:54:27,240 [pool-293-thread-1] INFO  storage.RaftStorageDirectory (RaftStorageDirectoryImpl.java:tryLock(231)) - Lock on /home/runner/work/ozone/ozone/hadoop-ozone/integration-test/target/test-dir/MiniOzoneClusterImpl-52a188dd-66b8-45b2-ab7c-675c0ee04825/datanode-9/data/ratis/7293fd01-d28b-4e50-8824-9f854cf4774f/in_use.lock acquired by nodename 25128@fv-az133-721
2023-05-04 21:54:27,242 [pool-293-thread-1] INFO  storage.RaftStorage (RaftStorageImpl.java:format(96)) - Storage directory /home/runner/work/ozone/ozone/hadoop-ozone/integration-test/target/test-dir/MiniOzoneClusterImpl-52a188dd-66b8-45b2-ab7c-675c0ee04825/datanode-9/data/ratis/7293fd01-d28b-4e50-8824-9f854cf4774f has been successfully formatted.
2023-05-04 21:54:27,243 [pool-293-thread-1] INFO  ratis.ContainerStateMachine (ContainerStateMachine.java:loadSnapshot(262)) - group-9F854CF4774F: The snapshot info is null. Setting the last applied indexto:(t:0, i:~)
2023-05-04 21:54:27,243 [pool-293-thread-1] INFO  server.RaftServerConfigKeys (ConfUtils.java:logGet(46)) - raft.server.log.use.memory = false (default)
2023-05-04 21:54:27,243 [pool-293-thread-1] INFO  server.RaftServerConfigKeys (ConfUtils.java:logGet(46)) - raft.server.log.purge.gap = 1000000 (custom)
2023-05-04 21:54:27,243 [pool-293-thread-1] INFO  server.RaftServerConfigKeys (ConfUtils.java:logGet(46)) - raft.server.log.appender.buffer.byte-limit = 33554432 (custom)
2023-05-04 21:54:27,243 [pool-293-thread-1] INFO  server.RaftServerConfigKeys (ConfUtils.java:logGet(46)) - raft.server.log.statemachine.data.read.timeout = 1000ms (default)
2023-05-04 21:54:27,244 [pool-293-thread-1] INFO  server.RaftServerConfigKeys (ConfUtils.java:logGet(46)) - raft.server.log.purge.preservation.log.num = 0 (default)
2023-05-04 21:54:27,244 [pool-293-thread-1] INFO  server.RaftServerConfigKeys (ConfUtils.java:logGet(46)) - raft.server.log.segment.size.max = 1048576 (custom)
2023-05-04 21:54:27,244 [pool-293-thread-1] INFO  server.RaftServerConfigKeys (ConfUtils.java:logGet(46)) - raft.server.log.segment.cache.num.max = 2 (custom)
2023-05-04 21:54:27,244 [pool-293-thread-1] INFO  server.RaftServerConfigKeys (ConfUtils.java:logGet(46)) - raft.server.log.segment.cache.size.max = 200MB (=209715200) (default)
2023-05-04 21:54:27,244 [pool-293-thread-1] INFO  segmented.SegmentedRaftLogWorker (SegmentedRaftLogWorker.java:<init>(189)) - new d5196681-af95-4a59-85a9-5a8fb94dede6@group-9F854CF4774F-SegmentedRaftLogWorker for RaftStorageImpl:Storage Directory /home/runner/work/ozone/ozone/hadoop-ozone/integration-test/target/test-dir/MiniOzoneClusterImpl-52a188dd-66b8-45b2-ab7c-675c0ee04825/datanode-9/data/ratis/7293fd01-d28b-4e50-8824-9f854cf4774f
2023-05-04 21:54:27,244 [pool-293-thread-1] INFO  server.RaftServerConfigKeys (ConfUtils.java:logGet(46)) - raft.server.log.queue.byte-limit = 4294967296 (custom)
2023-05-04 21:54:27,244 [pool-293-thread-1] INFO  server.RaftServerConfigKeys (ConfUtils.java:logGet(46)) - raft.server.log.queue.element-limit = 1024 (custom)
2023-05-04 21:54:27,244 [pool-293-thread-1] INFO  server.RaftServerConfigKeys (ConfUtils.java:logGet(46)) - raft.server.log.segment.size.max = 1048576 (custom)
2023-05-04 21:54:27,244 [pool-293-thread-1] INFO  server.RaftServerConfigKeys (ConfUtils.java:logGet(46)) - raft.server.log.preallocated.size = 16384 (custom)
2023-05-04 21:54:27,244 [pool-293-thread-1] INFO  server.RaftServerConfigKeys (ConfUtils.java:logGet(46)) - raft.server.log.force.sync.num = 128 (default)
2023-05-04 21:54:27,244 [EventQueue-OpenPipelineForHealthyPipelineSafeModeRule] INFO  safemode.SCMSafeModeManager (HealthyPipelineSafeModeRule.java:process(137)) - SCM in safe mode. Healthy pipelines reported count is 0, required healthy pipeline reported count is 1
2023-05-04 21:54:27,244 [pool-293-thread-1] INFO  server.RaftServerConfigKeys (ConfUtils.java:logGet(46)) - raft.server.log.statemachine.data.sync = true (default)
2023-05-04 21:54:27,245 [pool-293-thread-1] INFO  server.RaftServerConfigKeys (ConfUtils.java:logGet(46)) - raft.server.log.statemachine.data.sync.timeout = 10s (default)
2023-05-04 21:54:27,245 [pool-293-thread-1] INFO  server.RaftServerConfigKeys (ConfUtils.java:logGet(46)) - raft.server.log.statemachine.data.sync.timeout.retry = -1 (default)
2023-05-04 21:54:27,246 [pool-293-thread-1] INFO  server.RaftServerConfigKeys (ConfUtils.java:logGet(46)) - raft.server.log.write.buffer.size = 1048576 (custom)
2023-05-04 21:54:27,246 [pool-293-thread-1] INFO  server.RaftServerConfigKeys (ConfUtils.java:logGet(46)) - raft.server.log.appender.buffer.byte-limit = 33554432 (custom)
2023-05-04 21:54:27,254 [pool-293-thread-1] INFO  server.RaftServerConfigKeys (ConfUtils.java:logGet(46)) - raft.server.log.unsafe-flush.enabled = false (default)
2023-05-04 21:54:27,254 [pool-293-thread-1] INFO  server.RaftServerConfigKeys (ConfUtils.java:logGet(46)) - raft.server.log.async-flush.enabled = false (default)
2023-05-04 21:54:27,254 [pool-293-thread-1] INFO  server.RaftServerConfigKeys (ConfUtils.java:logGet(46)) - raft.server.log.statemachine.data.caching.enabled = true (custom)
2023-05-04 21:54:27,254 [pool-293-thread-1] INFO  segmented.SegmentedRaftLogWorker (SegmentedRaftLogWorker.java:lambda$new$0(135)) - d5196681-af95-4a59-85a9-5a8fb94dede6@group-9F854CF4774F-SegmentedRaftLogWorker: flushIndex: setUnconditionally 0 -> -1
2023-05-04 21:54:27,255 [pool-293-thread-1] INFO  segmented.SegmentedRaftLogWorker (SegmentedRaftLogWorker.java:lambda$new$0(135)) - d5196681-af95-4a59-85a9-5a8fb94dede6@group-9F854CF4774F-SegmentedRaftLogWorker: safeCacheEvictIndex: setUnconditionally 0 -> -1
2023-05-04 21:54:27,255 [pool-293-thread-1] INFO  server.RaftServer$Division (RaftServerImpl.java:start(334)) - d5196681-af95-4a59-85a9-5a8fb94dede6@group-9F854CF4774F: start as a follower, conf=-1: peers:[0362f5ef-3c15-4b85-bfd5-7911b45f7638|rpc:10.1.0.44:45243|dataStream:10.1.0.44:37891|priority:0|startupRole:FOLLOWER, ba9b7234-19ea-40e1-bb60-95fa157c93f0|rpc:10.1.0.44:37815|dataStream:10.1.0.44:46499|priority:0|startupRole:FOLLOWER, d5196681-af95-4a59-85a9-5a8fb94dede6|rpc:10.1.0.44:45241|dataStream:10.1.0.44:45055|priority:1|startupRole:FOLLOWER]|listeners:[], old=null
2023-05-04 21:54:27,255 [pool-293-thread-1] INFO  server.RaftServer$Division (RaftServerImpl.java:setRole(321)) - d5196681-af95-4a59-85a9-5a8fb94dede6@group-9F854CF4774F: changes role from      null to FOLLOWER at term 0 for startAsFollower
2023-05-04 21:54:27,255 [pool-293-thread-1] INFO  impl.RoleInfo (RoleInfo.java:updateAndGet(139)) - d5196681-af95-4a59-85a9-5a8fb94dede6: start d5196681-af95-4a59-85a9-5a8fb94dede6@group-9F854CF4774F-FollowerState
2023-05-04 21:54:27,257 [pool-293-thread-1] INFO  util.JmxRegister (JmxRegister.java:tryRegister(44)) - Successfully registered JMX Bean with object name Ratis:service=RaftServer,group=group-9F854CF4774F,id=d5196681-af95-4a59-85a9-5a8fb94dede6
2023-05-04 21:54:27,257 [pool-293-thread-1] INFO  server.RaftServerConfigKeys (ConfUtils.java:logGet(46)) - raft.server.snapshot.auto.trigger.enabled = true (custom)
2023-05-04 21:54:27,258 [pool-293-thread-1] INFO  server.RaftServerConfigKeys (ConfUtils.java:logGet(46)) - raft.server.snapshot.auto.trigger.threshold = 10000 (custom)
2023-05-04 21:54:27,258 [pool-293-thread-1] INFO  server.RaftServerConfigKeys (ConfUtils.java:logGet(46)) - raft.server.snapshot.retention.file.num = 5 (custom)
2023-05-04 21:54:27,258 [pool-293-thread-1] INFO  server.RaftServerConfigKeys (ConfUtils.java:logGet(46)) - raft.server.log.purge.upto.snapshot.index = false (default)
2023-05-04 21:54:27,258 [d5196681-af95-4a59-85a9-5a8fb94dede6@group-9F854CF4774F-FollowerState] INFO  server.RaftServerConfigKeys (ConfUtils.java:logFallback(53)) - raft.server.rpc.first-election.timeout.min = 5s (fallback to raft.server.rpc.timeout.min)
2023-05-04 21:54:27,258 [d5196681-af95-4a59-85a9-5a8fb94dede6@group-9F854CF4774F-FollowerState] INFO  server.RaftServerConfigKeys (ConfUtils.java:logFallback(53)) - raft.server.rpc.first-election.timeout.max = 5200ms (fallback to raft.server.rpc.timeout.max)
2023-05-04 21:54:27,259 [Command processor thread] INFO  ratis.XceiverServerRatis (XceiverServerRatis.java:addGroup(806)) - Created group PipelineID=7293fd01-d28b-4e50-8824-9f854cf4774f
2023-05-04 21:54:27,276 [grpc-default-executor-1] INFO  server.RaftServer (RaftServerProxy.java:addNew(96)) - ba9b7234-19ea-40e1-bb60-95fa157c93f0: addNew group-9F854CF4774F:[0362f5ef-3c15-4b85-bfd5-7911b45f7638|rpc:10.1.0.44:45243|dataStream:10.1.0.44:37891|priority:0|startupRole:FOLLOWER, ba9b7234-19ea-40e1-bb60-95fa157c93f0|rpc:10.1.0.44:37815|dataStream:10.1.0.44:46499|priority:0|startupRole:FOLLOWER, d5196681-af95-4a59-85a9-5a8fb94dede6|rpc:10.1.0.44:45241|dataStream:10.1.0.44:45055|priority:1|startupRole:FOLLOWER] returns group-9F854CF4774F:java.util.concurrent.CompletableFuture@39343453[Not completed]
2023-05-04 21:54:27,277 [pool-345-thread-1] INFO  server.RaftServer$Division (RaftServerImpl.java:<init>(195)) - ba9b7234-19ea-40e1-bb60-95fa157c93f0: new RaftServerImpl for group-9F854CF4774F:[0362f5ef-3c15-4b85-bfd5-7911b45f7638|rpc:10.1.0.44:45243|dataStream:10.1.0.44:37891|priority:0|startupRole:FOLLOWER, ba9b7234-19ea-40e1-bb60-95fa157c93f0|rpc:10.1.0.44:37815|dataStream:10.1.0.44:46499|priority:0|startupRole:FOLLOWER, d5196681-af95-4a59-85a9-5a8fb94dede6|rpc:10.1.0.44:45241|dataStream:10.1.0.44:45055|priority:1|startupRole:FOLLOWER] with ContainerStateMachine:uninitialized
2023-05-04 21:54:27,277 [pool-345-thread-1] INFO  server.RaftServerConfigKeys (ConfUtils.java:logGet(46)) - raft.server.rpc.timeout.min = 5s (custom)
2023-05-04 21:54:27,277 [pool-345-thread-1] INFO  server.RaftServerConfigKeys (ConfUtils.java:logGet(46)) - raft.server.rpc.timeout.max = 5200ms (custom)
2023-05-04 21:54:27,277 [pool-345-thread-1] INFO  server.RaftServerConfigKeys (ConfUtils.java:logGet(46)) - raft.server.rpc.sleep.time = 25ms (default)
2023-05-04 21:54:27,277 [pool-345-thread-1] INFO  server.RaftServerConfigKeys (ConfUtils.java:logGet(46)) - raft.server.rpc.slowness.timeout = 300s (custom)
2023-05-04 21:54:27,277 [pool-345-thread-1] INFO  server.RaftServerConfigKeys (ConfUtils.java:logGet(46)) - raft.server.leaderelection.leader.step-down.wait-time = 10s (default)
2023-05-04 21:54:27,277 [pool-345-thread-1] INFO  server.RaftServerConfigKeys (ConfUtils.java:logGet(46)) - raft.server.sleep.deviation.threshold = 300ms (default)
2023-05-04 21:54:27,277 [pool-345-thread-1] INFO  server.RaftServer$Division (ServerState.java:<init>(118)) - ba9b7234-19ea-40e1-bb60-95fa157c93f0@group-9F854CF4774F: ConfigurationManager, init=-1: peers:[0362f5ef-3c15-4b85-bfd5-7911b45f7638|rpc:10.1.0.44:45243|dataStream:10.1.0.44:37891|priority:0|startupRole:FOLLOWER, ba9b7234-19ea-40e1-bb60-95fa157c93f0|rpc:10.1.0.44:37815|dataStream:10.1.0.44:46499|priority:0|startupRole:FOLLOWER, d5196681-af95-4a59-85a9-5a8fb94dede6|rpc:10.1.0.44:45241|dataStream:10.1.0.44:45055|priority:1|startupRole:FOLLOWER]|listeners:[], old=null, confs=<EMPTY_MAP>
2023-05-04 21:54:27,277 [pool-345-thread-1] INFO  server.RaftServerConfigKeys (ConfUtils.java:logGet(46)) - raft.server.storage.dir = [/home/runner/work/ozone/ozone/hadoop-ozone/integration-test/target/test-dir/MiniOzoneClusterImpl-52a188dd-66b8-45b2-ab7c-675c0ee04825/datanode-11/data/ratis] (custom)
2023-05-04 21:54:27,277 [pool-345-thread-1] INFO  server.RaftServerConfigKeys (ConfUtils.java:logGet(46)) - raft.server.log.corruption.policy = EXCEPTION (default)
2023-05-04 21:54:27,278 [pool-345-thread-1] INFO  server.RaftServerConfigKeys (ConfUtils.java:logGet(46)) - raft.server.storage.free-space.min = 0MB (=0) (default)
2023-05-04 21:54:27,278 [pool-345-thread-1] INFO  server.RaftServerConfigKeys (ConfUtils.java:logGet(46)) - raft.server.notification.no-leader.timeout = 300s (custom)
2023-05-04 21:54:27,278 [pool-345-thread-1] INFO  server.RaftServerConfigKeys (ConfUtils.java:logGet(46)) - raft.server.retrycache.expirytime = 600000ms (custom)
2023-05-04 21:54:27,278 [pool-345-thread-1] INFO  server.RaftServerConfigKeys (ConfUtils.java:logGet(46)) - raft.server.retrycache.statistics.expirytime = 100μs (default)
2023-05-04 21:54:27,279 [pool-345-thread-1] INFO  server.RaftServerConfigKeys (ConfUtils.java:logGet(46)) - raft.server.log.appender.install.snapshot.enabled = false (custom)
2023-05-04 21:54:27,279 [pool-345-thread-1] INFO  server.RaftServerConfigKeys (ConfUtils.java:logGet(46)) - raft.server.threadpool.server.cached = true (default)
2023-05-04 21:54:27,279 [pool-345-thread-1] INFO  server.RaftServerConfigKeys (ConfUtils.java:logGet(46)) - raft.server.threadpool.server.size = 0 (default)
2023-05-04 21:54:27,279 [pool-345-thread-1] INFO  server.RaftServerConfigKeys (ConfUtils.java:logGet(46)) - raft.server.threadpool.client.cached = true (default)
2023-05-04 21:54:27,279 [pool-345-thread-1] INFO  server.RaftServerConfigKeys (ConfUtils.java:logGet(46)) - raft.server.threadpool.client.size = 0 (default)
2023-05-04 21:54:27,279 [pool-345-thread-1] INFO  storage.RaftStorageDirectory (RaftStorageDirectoryImpl.java:analyzeStorage(137)) - The storage directory /home/runner/work/ozone/ozone/hadoop-ozone/integration-test/target/test-dir/MiniOzoneClusterImpl-52a188dd-66b8-45b2-ab7c-675c0ee04825/datanode-11/data/ratis/7293fd01-d28b-4e50-8824-9f854cf4774f does not exist. Creating ...
2023-05-04 21:54:27,280 [pool-345-thread-1] INFO  storage.RaftStorageDirectory (RaftStorageDirectoryImpl.java:tryLock(231)) - Lock on /home/runner/work/ozone/ozone/hadoop-ozone/integration-test/target/test-dir/MiniOzoneClusterImpl-52a188dd-66b8-45b2-ab7c-675c0ee04825/datanode-11/data/ratis/7293fd01-d28b-4e50-8824-9f854cf4774f/in_use.lock acquired by nodename 25128@fv-az133-721
2023-05-04 21:54:27,282 [pool-345-thread-1] INFO  storage.RaftStorage (RaftStorageImpl.java:format(96)) - Storage directory /home/runner/work/ozone/ozone/hadoop-ozone/integration-test/target/test-dir/MiniOzoneClusterImpl-52a188dd-66b8-45b2-ab7c-675c0ee04825/datanode-11/data/ratis/7293fd01-d28b-4e50-8824-9f854cf4774f has been successfully formatted.
2023-05-04 21:54:27,284 [pool-345-thread-1] INFO  ratis.ContainerStateMachine (ContainerStateMachine.java:loadSnapshot(262)) - group-9F854CF4774F: The snapshot info is null. Setting the last applied indexto:(t:0, i:~)
2023-05-04 21:54:27,284 [pool-345-thread-1] INFO  server.RaftServerConfigKeys (ConfUtils.java:logGet(46)) - raft.server.log.use.memory = false (default)
2023-05-04 21:54:27,284 [pool-345-thread-1] INFO  server.RaftServerConfigKeys (ConfUtils.java:logGet(46)) - raft.server.log.purge.gap = 1000000 (custom)
2023-05-04 21:54:27,284 [pool-345-thread-1] INFO  server.RaftServerConfigKeys (ConfUtils.java:logGet(46)) - raft.server.log.appender.buffer.byte-limit = 33554432 (custom)
2023-05-04 21:54:27,285 [pool-345-thread-1] INFO  server.RaftServerConfigKeys (ConfUtils.java:logGet(46)) - raft.server.log.statemachine.data.read.timeout = 1000ms (default)
2023-05-04 21:54:27,285 [pool-345-thread-1] INFO  server.RaftServerConfigKeys (ConfUtils.java:logGet(46)) - raft.server.log.purge.preservation.log.num = 0 (default)
2023-05-04 21:54:27,285 [pool-345-thread-1] INFO  server.RaftServerConfigKeys (ConfUtils.java:logGet(46)) - raft.server.log.segment.size.max = 1048576 (custom)
2023-05-04 21:54:27,295 [pool-345-thread-1] INFO  server.RaftServerConfigKeys (ConfUtils.java:logGet(46)) - raft.server.log.segment.cache.num.max = 2 (custom)
2023-05-04 21:54:27,295 [pool-345-thread-1] INFO  server.RaftServerConfigKeys (ConfUtils.java:logGet(46)) - raft.server.log.segment.cache.size.max = 200MB (=209715200) (default)
2023-05-04 21:54:27,295 [pool-345-thread-1] INFO  segmented.SegmentedRaftLogWorker (SegmentedRaftLogWorker.java:<init>(189)) - new ba9b7234-19ea-40e1-bb60-95fa157c93f0@group-9F854CF4774F-SegmentedRaftLogWorker for RaftStorageImpl:Storage Directory /home/runner/work/ozone/ozone/hadoop-ozone/integration-test/target/test-dir/MiniOzoneClusterImpl-52a188dd-66b8-45b2-ab7c-675c0ee04825/datanode-11/data/ratis/7293fd01-d28b-4e50-8824-9f854cf4774f
2023-05-04 21:54:27,295 [pool-345-thread-1] INFO  server.RaftServerConfigKeys (ConfUtils.java:logGet(46)) - raft.server.log.queue.byte-limit = 4294967296 (custom)
2023-05-04 21:54:27,295 [pool-345-thread-1] INFO  server.RaftServerConfigKeys (ConfUtils.java:logGet(46)) - raft.server.log.queue.element-limit = 1024 (custom)
2023-05-04 21:54:27,295 [pool-345-thread-1] INFO  server.RaftServerConfigKeys (ConfUtils.java:logGet(46)) - raft.server.log.segment.size.max = 1048576 (custom)
2023-05-04 21:54:27,295 [pool-345-thread-1] INFO  server.RaftServerConfigKeys (ConfUtils.java:logGet(46)) - raft.server.log.preallocated.size = 16384 (custom)
2023-05-04 21:54:27,295 [pool-345-thread-1] INFO  server.RaftServerConfigKeys (ConfUtils.java:logGet(46)) - raft.server.log.force.sync.num = 128 (default)
2023-05-04 21:54:27,295 [pool-345-thread-1] INFO  server.RaftServerConfigKeys (ConfUtils.java:logGet(46)) - raft.server.log.statemachine.data.sync = true (default)
2023-05-04 21:54:27,295 [pool-345-thread-1] INFO  server.RaftServerConfigKeys (ConfUtils.java:logGet(46)) - raft.server.log.statemachine.data.sync.timeout = 10s (default)
2023-05-04 21:54:27,295 [pool-345-thread-1] INFO  server.RaftServerConfigKeys (ConfUtils.java:logGet(46)) - raft.server.log.statemachine.data.sync.timeout.retry = -1 (default)
2023-05-04 21:54:27,305 [pool-345-thread-1] INFO  server.RaftServerConfigKeys (ConfUtils.java:logGet(46)) - raft.server.log.write.buffer.size = 1048576 (custom)
2023-05-04 21:54:27,306 [pool-345-thread-1] INFO  server.RaftServerConfigKeys (ConfUtils.java:logGet(46)) - raft.server.log.appender.buffer.byte-limit = 33554432 (custom)
2023-05-04 21:54:27,314 [pool-345-thread-1] INFO  server.RaftServerConfigKeys (ConfUtils.java:logGet(46)) - raft.server.log.unsafe-flush.enabled = false (default)
2023-05-04 21:54:27,314 [pool-345-thread-1] INFO  server.RaftServerConfigKeys (ConfUtils.java:logGet(46)) - raft.server.log.async-flush.enabled = false (default)
2023-05-04 21:54:27,314 [pool-345-thread-1] INFO  server.RaftServerConfigKeys (ConfUtils.java:logGet(46)) - raft.server.log.statemachine.data.caching.enabled = true (custom)
2023-05-04 21:54:27,314 [pool-345-thread-1] INFO  segmented.SegmentedRaftLogWorker (SegmentedRaftLogWorker.java:lambda$new$0(135)) - ba9b7234-19ea-40e1-bb60-95fa157c93f0@group-9F854CF4774F-SegmentedRaftLogWorker: flushIndex: setUnconditionally 0 -> -1
2023-05-04 21:54:27,315 [pool-345-thread-1] INFO  segmented.SegmentedRaftLogWorker (SegmentedRaftLogWorker.java:lambda$new$0(135)) - ba9b7234-19ea-40e1-bb60-95fa157c93f0@group-9F854CF4774F-SegmentedRaftLogWorker: safeCacheEvictIndex: setUnconditionally 0 -> -1
2023-05-04 21:54:27,315 [pool-345-thread-1] INFO  server.RaftServer$Division (RaftServerImpl.java:start(334)) - ba9b7234-19ea-40e1-bb60-95fa157c93f0@group-9F854CF4774F: start as a follower, conf=-1: peers:[0362f5ef-3c15-4b85-bfd5-7911b45f7638|rpc:10.1.0.44:45243|dataStream:10.1.0.44:37891|priority:0|startupRole:FOLLOWER, ba9b7234-19ea-40e1-bb60-95fa157c93f0|rpc:10.1.0.44:37815|dataStream:10.1.0.44:46499|priority:0|startupRole:FOLLOWER, d5196681-af95-4a59-85a9-5a8fb94dede6|rpc:10.1.0.44:45241|dataStream:10.1.0.44:45055|priority:1|startupRole:FOLLOWER]|listeners:[], old=null
2023-05-04 21:54:27,315 [pool-345-thread-1] INFO  server.RaftServer$Division (RaftServerImpl.java:setRole(321)) - ba9b7234-19ea-40e1-bb60-95fa157c93f0@group-9F854CF4774F: changes role from      null to FOLLOWER at term 0 for startAsFollower
2023-05-04 21:54:27,315 [pool-345-thread-1] INFO  impl.RoleInfo (RoleInfo.java:updateAndGet(139)) - ba9b7234-19ea-40e1-bb60-95fa157c93f0: start ba9b7234-19ea-40e1-bb60-95fa157c93f0@group-9F854CF4774F-FollowerState
2023-05-04 21:54:27,317 [pool-345-thread-1] INFO  util.JmxRegister (JmxRegister.java:tryRegister(44)) - Successfully registered JMX Bean with object name Ratis:service=RaftServer,group=group-9F854CF4774F,id=ba9b7234-19ea-40e1-bb60-95fa157c93f0
2023-05-04 21:54:27,317 [pool-345-thread-1] INFO  server.RaftServerConfigKeys (ConfUtils.java:logGet(46)) - raft.server.snapshot.auto.trigger.enabled = true (custom)
2023-05-04 21:54:27,317 [pool-345-thread-1] INFO  server.RaftServerConfigKeys (ConfUtils.java:logGet(46)) - raft.server.snapshot.auto.trigger.threshold = 10000 (custom)
2023-05-04 21:54:27,317 [pool-345-thread-1] INFO  server.RaftServerConfigKeys (ConfUtils.java:logGet(46)) - raft.server.snapshot.retention.file.num = 5 (custom)
2023-05-04 21:54:27,317 [pool-345-thread-1] INFO  server.RaftServerConfigKeys (ConfUtils.java:logGet(46)) - raft.server.log.purge.upto.snapshot.index = false (default)
2023-05-04 21:54:27,317 [ba9b7234-19ea-40e1-bb60-95fa157c93f0@group-9F854CF4774F-FollowerState] INFO  server.RaftServerConfigKeys (ConfUtils.java:logFallback(53)) - raft.server.rpc.first-election.timeout.min = 5s (fallback to raft.server.rpc.timeout.min)
2023-05-04 21:54:27,318 [ba9b7234-19ea-40e1-bb60-95fa157c93f0@group-9F854CF4774F-FollowerState] INFO  server.RaftServerConfigKeys (ConfUtils.java:logFallback(53)) - raft.server.rpc.first-election.timeout.max = 5200ms (fallback to raft.server.rpc.timeout.max)
2023-05-04 21:54:27,335 [Command processor thread] INFO  commandhandler.CreatePipelineCommandHandler (CreatePipelineCommandHandler.java:handle(113)) - Created Pipeline RATIS THREE PipelineID=7293fd01-d28b-4e50-8824-9f854cf4774f.
2023-05-04 21:54:27,367 [Command processor thread] INFO  commandhandler.CreatePipelineCommandHandler (CreatePipelineCommandHandler.java:handle(113)) - Created Pipeline RATIS THREE PipelineID=7293fd01-d28b-4e50-8824-9f854cf4774f.
2023-05-04 21:54:27,778 [Command processor thread] INFO  server.RaftServer (RaftServerProxy.java:addNew(96)) - ba9b7234-19ea-40e1-bb60-95fa157c93f0: addNew group-11A6EF8C8DA7:[ba9b7234-19ea-40e1-bb60-95fa157c93f0|rpc:10.1.0.44:37815|dataStream:10.1.0.44:46499|priority:1|startupRole:FOLLOWER] returns group-11A6EF8C8DA7:java.util.concurrent.CompletableFuture@5fcd1610[Not completed]
2023-05-04 21:54:27,779 [pool-345-thread-1] INFO  server.RaftServer$Division (RaftServerImpl.java:<init>(195)) - ba9b7234-19ea-40e1-bb60-95fa157c93f0: new RaftServerImpl for group-11A6EF8C8DA7:[ba9b7234-19ea-40e1-bb60-95fa157c93f0|rpc:10.1.0.44:37815|dataStream:10.1.0.44:46499|priority:1|startupRole:FOLLOWER] with ContainerStateMachine:uninitialized
2023-05-04 21:54:27,779 [pool-345-thread-1] INFO  server.RaftServerConfigKeys (ConfUtils.java:logGet(46)) - raft.server.rpc.timeout.min = 5s (custom)
2023-05-04 21:54:27,779 [pool-345-thread-1] INFO  server.RaftServerConfigKeys (ConfUtils.java:logGet(46)) - raft.server.rpc.timeout.max = 5200ms (custom)
2023-05-04 21:54:27,779 [pool-345-thread-1] INFO  server.RaftServerConfigKeys (ConfUtils.java:logGet(46)) - raft.server.rpc.sleep.time = 25ms (default)
2023-05-04 21:54:27,779 [pool-345-thread-1] INFO  server.RaftServerConfigKeys (ConfUtils.java:logGet(46)) - raft.server.rpc.slowness.timeout = 300s (custom)
2023-05-04 21:54:27,779 [pool-345-thread-1] INFO  server.RaftServerConfigKeys (ConfUtils.java:logGet(46)) - raft.server.leaderelection.leader.step-down.wait-time = 10s (default)
2023-05-04 21:54:27,780 [pool-345-thread-1] INFO  server.RaftServerConfigKeys (ConfUtils.java:logGet(46)) - raft.server.sleep.deviation.threshold = 300ms (default)
2023-05-04 21:54:27,780 [pool-345-thread-1] INFO  server.RaftServer$Division (ServerState.java:<init>(118)) - ba9b7234-19ea-40e1-bb60-95fa157c93f0@group-11A6EF8C8DA7: ConfigurationManager, init=-1: peers:[ba9b7234-19ea-40e1-bb60-95fa157c93f0|rpc:10.1.0.44:37815|dataStream:10.1.0.44:46499|priority:1|startupRole:FOLLOWER]|listeners:[], old=null, confs=<EMPTY_MAP>
2023-05-04 21:54:27,780 [pool-345-thread-1] INFO  server.RaftServerConfigKeys (ConfUtils.java:logGet(46)) - raft.server.storage.dir = [/home/runner/work/ozone/ozone/hadoop-ozone/integration-test/target/test-dir/MiniOzoneClusterImpl-52a188dd-66b8-45b2-ab7c-675c0ee04825/datanode-11/data/ratis] (custom)
2023-05-04 21:54:27,780 [pool-345-thread-1] INFO  server.RaftServerConfigKeys (ConfUtils.java:logGet(46)) - raft.server.log.corruption.policy = EXCEPTION (default)
2023-05-04 21:54:27,780 [pool-345-thread-1] INFO  server.RaftServerConfigKeys (ConfUtils.java:logGet(46)) - raft.server.storage.free-space.min = 0MB (=0) (default)
2023-05-04 21:54:27,780 [pool-345-thread-1] INFO  server.RaftServerConfigKeys (ConfUtils.java:logGet(46)) - raft.server.notification.no-leader.timeout = 300s (custom)
2023-05-04 21:54:27,780 [pool-345-thread-1] INFO  server.RaftServerConfigKeys (ConfUtils.java:logGet(46)) - raft.server.retrycache.expirytime = 600000ms (custom)
2023-05-04 21:54:27,780 [pool-345-thread-1] INFO  server.RaftServerConfigKeys (ConfUtils.java:logGet(46)) - raft.server.retrycache.statistics.expirytime = 100μs (default)
2023-05-04 21:54:27,781 [pool-345-thread-1] INFO  server.RaftServerConfigKeys (ConfUtils.java:logGet(46)) - raft.server.log.appender.install.snapshot.enabled = false (custom)
2023-05-04 21:54:27,781 [pool-345-thread-1] INFO  server.RaftServerConfigKeys (ConfUtils.java:logGet(46)) - raft.server.threadpool.server.cached = true (default)
2023-05-04 21:54:27,781 [pool-345-thread-1] INFO  server.RaftServerConfigKeys (ConfUtils.java:logGet(46)) - raft.server.threadpool.server.size = 0 (default)
2023-05-04 21:54:27,781 [e0862bec-a8bd-48ad-a9f8-bef0c155c835@group-CA8807347F24-FollowerState] INFO  impl.FollowerState (FollowerState.java:run(143)) - e0862bec-a8bd-48ad-a9f8-bef0c155c835@group-CA8807347F24-FollowerState: change to CANDIDATE, lastRpcElapsedTime:5109831638ns, electionTimeout:5092ms
2023-05-04 21:54:27,782 [e0862bec-a8bd-48ad-a9f8-bef0c155c835@group-CA8807347F24-FollowerState] INFO  impl.RoleInfo (RoleInfo.java:shutdownFollowerState(110)) - e0862bec-a8bd-48ad-a9f8-bef0c155c835: shutdown e0862bec-a8bd-48ad-a9f8-bef0c155c835@group-CA8807347F24-FollowerState
2023-05-04 21:54:27,782 [e0862bec-a8bd-48ad-a9f8-bef0c155c835@group-CA8807347F24-FollowerState] INFO  server.RaftServer$Division (RaftServerImpl.java:setRole(321)) - e0862bec-a8bd-48ad-a9f8-bef0c155c835@group-CA8807347F24: changes role from  FOLLOWER to CANDIDATE at term 0 for changeToCandidate
2023-05-04 21:54:27,782 [e0862bec-a8bd-48ad-a9f8-bef0c155c835@group-CA8807347F24-FollowerState] INFO  server.RaftServerConfigKeys (ConfUtils.java:logGet(46)) - raft.server.leaderelection.pre-vote = true (default)
2023-05-04 21:54:27,782 [e0862bec-a8bd-48ad-a9f8-bef0c155c835@group-CA8807347F24-FollowerState] INFO  impl.RoleInfo (RoleInfo.java:updateAndGet(139)) - e0862bec-a8bd-48ad-a9f8-bef0c155c835: start e0862bec-a8bd-48ad-a9f8-bef0c155c835@group-CA8807347F24-LeaderElection2
2023-05-04 21:54:27,782 [pool-345-thread-1] INFO  server.RaftServerConfigKeys (ConfUtils.java:logGet(46)) - raft.server.threadpool.client.cached = true (default)
2023-05-04 21:54:27,782 [pool-345-thread-1] INFO  server.RaftServerConfigKeys (ConfUtils.java:logGet(46)) - raft.server.threadpool.client.size = 0 (default)
2023-05-04 21:54:27,782 [pool-345-thread-1] INFO  storage.RaftStorageDirectory (RaftStorageDirectoryImpl.java:analyzeStorage(137)) - The storage directory /home/runner/work/ozone/ozone/hadoop-ozone/integration-test/target/test-dir/MiniOzoneClusterImpl-52a188dd-66b8-45b2-ab7c-675c0ee04825/datanode-11/data/ratis/53d66a2a-53bb-495a-9bd6-11a6ef8c8da7 does not exist. Creating ...
2023-05-04 21:54:27,787 [pool-345-thread-1] INFO  storage.RaftStorageDirectory (RaftStorageDirectoryImpl.java:tryLock(231)) - Lock on /home/runner/work/ozone/ozone/hadoop-ozone/integration-test/target/test-dir/MiniOzoneClusterImpl-52a188dd-66b8-45b2-ab7c-675c0ee04825/datanode-11/data/ratis/53d66a2a-53bb-495a-9bd6-11a6ef8c8da7/in_use.lock acquired by nodename 25128@fv-az133-721
2023-05-04 21:54:27,787 [e0862bec-a8bd-48ad-a9f8-bef0c155c835@group-CA8807347F24-LeaderElection2] INFO  impl.LeaderElection (LeaderElection.java:askForVotes(312)) - e0862bec-a8bd-48ad-a9f8-bef0c155c835@group-CA8807347F24-LeaderElection2 PRE_VOTE round 0: submit vote requests at term 0 for -1: peers:[e0862bec-a8bd-48ad-a9f8-bef0c155c835|rpc:10.1.0.44:39581|dataStream:10.1.0.44:35075|priority:1|startupRole:FOLLOWER]|listeners:[], old=null
2023-05-04 21:54:27,787 [e0862bec-a8bd-48ad-a9f8-bef0c155c835@group-CA8807347F24-LeaderElection2] INFO  impl.LeaderElection (LeaderElection.java:askForVotes(314)) - e0862bec-a8bd-48ad-a9f8-bef0c155c835@group-CA8807347F24-LeaderElection2 PRE_VOTE round 0: result PASSED (term=0)
2023-05-04 21:54:27,788 [pool-345-thread-1] INFO  storage.RaftStorage (RaftStorageImpl.java:format(96)) - Storage directory /home/runner/work/ozone/ozone/hadoop-ozone/integration-test/target/test-dir/MiniOzoneClusterImpl-52a188dd-66b8-45b2-ab7c-675c0ee04825/datanode-11/data/ratis/53d66a2a-53bb-495a-9bd6-11a6ef8c8da7 has been successfully formatted.
2023-05-04 21:54:27,789 [pool-345-thread-1] INFO  ratis.ContainerStateMachine (ContainerStateMachine.java:loadSnapshot(262)) - group-11A6EF8C8DA7: The snapshot info is null. Setting the last applied indexto:(t:0, i:~)
2023-05-04 21:54:27,789 [pool-345-thread-1] INFO  server.RaftServerConfigKeys (ConfUtils.java:logGet(46)) - raft.server.log.use.memory = false (default)
2023-05-04 21:54:27,790 [pool-345-thread-1] INFO  server.RaftServerConfigKeys (ConfUtils.java:logGet(46)) - raft.server.log.purge.gap = 1000000 (custom)
2023-05-04 21:54:27,790 [EventQueue-PipelineReportForPipelineReportHandler] INFO  pipeline.PipelineManagerImpl (PipelineManagerImpl.java:openPipeline(367)) - Pipeline Pipeline[ Id: 53d66a2a-53bb-495a-9bd6-11a6ef8c8da7, Nodes: ba9b7234-19ea-40e1-bb60-95fa157c93f0(fv-az133-721.yhipumr4050edinzmvad0xeera.cx.internal.cloudapp.net/10.1.0.44), ReplicationConfig: RATIS/ONE, State:ALLOCATED, leaderId:ba9b7234-19ea-40e1-bb60-95fa157c93f0, CreationTimestamp2023-05-04T21:54:24.797Z[Etc/UTC]] moved to OPEN state
2023-05-04 21:54:27,793 [EventQueue-OpenPipelineForHealthyPipelineSafeModeRule] INFO  safemode.SCMSafeModeManager (HealthyPipelineSafeModeRule.java:process(137)) - SCM in safe mode. Healthy pipelines reported count is 0, required healthy pipeline reported count is 1
2023-05-04 21:54:27,790 [e0862bec-a8bd-48ad-a9f8-bef0c155c835@group-CA8807347F24-LeaderElection2] INFO  impl.LeaderElection (LeaderElection.java:askForVotes(312)) - e0862bec-a8bd-48ad-a9f8-bef0c155c835@group-CA8807347F24-LeaderElection2 ELECTION round 0: submit vote requests at term 1 for -1: peers:[e0862bec-a8bd-48ad-a9f8-bef0c155c835|rpc:10.1.0.44:39581|dataStream:10.1.0.44:35075|priority:1|startupRole:FOLLOWER]|listeners:[], old=null
2023-05-04 21:54:27,794 [e0862bec-a8bd-48ad-a9f8-bef0c155c835@group-CA8807347F24-LeaderElection2] INFO  impl.LeaderElection (LeaderElection.java:askForVotes(314)) - e0862bec-a8bd-48ad-a9f8-bef0c155c835@group-CA8807347F24-LeaderElection2 ELECTION round 0: result PASSED (term=1)
2023-05-04 21:54:27,794 [e0862bec-a8bd-48ad-a9f8-bef0c155c835@group-CA8807347F24-LeaderElection2] INFO  impl.RoleInfo (RoleInfo.java:shutdownLeaderElection(130)) - e0862bec-a8bd-48ad-a9f8-bef0c155c835: shutdown e0862bec-a8bd-48ad-a9f8-bef0c155c835@group-CA8807347F24-LeaderElection2
2023-05-04 21:54:27,794 [e0862bec-a8bd-48ad-a9f8-bef0c155c835@group-CA8807347F24-LeaderElection2] INFO  server.RaftServer$Division (RaftServerImpl.java:setRole(321)) - e0862bec-a8bd-48ad-a9f8-bef0c155c835@group-CA8807347F24: changes role from CANDIDATE to LEADER at term 1 for changeToLeader
2023-05-04 21:54:27,794 [e0862bec-a8bd-48ad-a9f8-bef0c155c835@group-CA8807347F24-LeaderElection2] INFO  ratis.XceiverServerRatis (XceiverServerRatis.java:handleLeaderChangedNotification(904)) - Leader change notification received for group: group-CA8807347F24 with new leaderId: e0862bec-a8bd-48ad-a9f8-bef0c155c835
2023-05-04 21:54:27,794 [e0862bec-a8bd-48ad-a9f8-bef0c155c835@group-CA8807347F24-LeaderElection2] INFO  server.RaftServer$Division (ServerState.java:setLeader(313)) - e0862bec-a8bd-48ad-a9f8-bef0c155c835@group-CA8807347F24: change Leader from null to e0862bec-a8bd-48ad-a9f8-bef0c155c835 at term 1 for becomeLeader, leader elected after 5170ms
2023-05-04 21:54:27,795 [e0862bec-a8bd-48ad-a9f8-bef0c155c835@group-CA8807347F24-LeaderElection2] INFO  server.RaftServerConfigKeys (ConfUtils.java:logGet(46)) - raft.server.staging.catchup.gap = 1000 (default)
2023-05-04 21:54:27,795 [e0862bec-a8bd-48ad-a9f8-bef0c155c835@group-CA8807347F24-LeaderElection2] INFO  server.RaftServerConfigKeys (ConfUtils.java:logGet(46)) - raft.server.write.element-limit = 1024 (custom)
2023-05-04 21:54:27,795 [e0862bec-a8bd-48ad-a9f8-bef0c155c835@group-CA8807347F24-LeaderElection2] INFO  server.RaftServerConfigKeys (ConfUtils.java:logGet(46)) - raft.server.write.byte-limit = 1024 M (=1073741824) (custom)
2023-05-04 21:54:27,795 [e0862bec-a8bd-48ad-a9f8-bef0c155c835@group-CA8807347F24-LeaderElection2] INFO  server.RaftServerConfigKeys (ConfUtils.java:logGet(46)) - raft.server.watch.timeout = 180s (custom)
2023-05-04 21:54:27,795 [e0862bec-a8bd-48ad-a9f8-bef0c155c835@group-CA8807347F24-LeaderElection2] INFO  server.RaftServerConfigKeys (ConfUtils.java:logGet(46)) - raft.server.watch.timeout.denomination = 1s (default)
2023-05-04 21:54:27,795 [e0862bec-a8bd-48ad-a9f8-bef0c155c835@group-CA8807347F24-LeaderElection2] INFO  server.RaftServerConfigKeys (ConfUtils.java:logGet(46)) - raft.server.watch.element-limit = 65536 (default)
2023-05-04 21:54:27,795 [e0862bec-a8bd-48ad-a9f8-bef0c155c835@group-CA8807347F24-LeaderElection2] INFO  server.RaftServerConfigKeys (ConfUtils.java:logGet(46)) - raft.server.write.element-limit = 1024 (custom)
2023-05-04 21:54:27,795 [e0862bec-a8bd-48ad-a9f8-bef0c155c835@group-CA8807347F24-LeaderElection2] INFO  server.RaftServerConfigKeys (ConfUtils.java:logGet(46)) - raft.server.write.follower.gap.ratio.max = -1.0 (default)
2023-05-04 21:54:27,796 [e0862bec-a8bd-48ad-a9f8-bef0c155c835@group-CA8807347F24-LeaderElection2] INFO  impl.RoleInfo (RoleInfo.java:updateAndGet(139)) - e0862bec-a8bd-48ad-a9f8-bef0c155c835: start e0862bec-a8bd-48ad-a9f8-bef0c155c835@group-CA8807347F24-LeaderStateImpl
2023-05-04 21:54:27,791 [pool-345-thread-1] INFO  server.RaftServerConfigKeys (ConfUtils.java:logGet(46)) - raft.server.log.appender.buffer.byte-limit = 33554432 (custom)
2023-05-04 21:54:27,797 [e0862bec-a8bd-48ad-a9f8-bef0c155c835@group-CA8807347F24-LeaderElection2] INFO  segmented.SegmentedRaftLogWorker (SegmentedRaftLogWorker.java:startLogSegment(452)) - e0862bec-a8bd-48ad-a9f8-bef0c155c835@group-CA8807347F24-SegmentedRaftLogWorker: Starting segment from index:0
2023-05-04 21:54:27,797 [pool-345-thread-1] INFO  server.RaftServerConfigKeys (ConfUtils.java:logGet(46)) - raft.server.log.statemachine.data.read.timeout = 1000ms (default)
2023-05-04 21:54:27,796 [EventQueue-OpenPipelineForHealthyPipelineSafeModeRule] INFO  safemode.SCMSafeModeManager (HealthyPipelineSafeModeRule.java:process(137)) - SCM in safe mode. Healthy pipelines reported count is 0, required healthy pipeline reported count is 1
2023-05-04 21:54:27,797 [pool-345-thread-1] INFO  server.RaftServerConfigKeys (ConfUtils.java:logGet(46)) - raft.server.log.purge.preservation.log.num = 0 (default)
2023-05-04 21:54:27,797 [pool-345-thread-1] INFO  server.RaftServerConfigKeys (ConfUtils.java:logGet(46)) - raft.server.log.segment.size.max = 1048576 (custom)
2023-05-04 21:54:27,798 [pool-345-thread-1] INFO  server.RaftServerConfigKeys (ConfUtils.java:logGet(46)) - raft.server.log.segment.cache.num.max = 2 (custom)
2023-05-04 21:54:27,798 [pool-345-thread-1] INFO  server.RaftServerConfigKeys (ConfUtils.java:logGet(46)) - raft.server.log.segment.cache.size.max = 200MB (=209715200) (default)
2023-05-04 21:54:27,798 [pool-345-thread-1] INFO  segmented.SegmentedRaftLogWorker (SegmentedRaftLogWorker.java:<init>(189)) - new ba9b7234-19ea-40e1-bb60-95fa157c93f0@group-11A6EF8C8DA7-SegmentedRaftLogWorker for RaftStorageImpl:Storage Directory /home/runner/work/ozone/ozone/hadoop-ozone/integration-test/target/test-dir/MiniOzoneClusterImpl-52a188dd-66b8-45b2-ab7c-675c0ee04825/datanode-11/data/ratis/53d66a2a-53bb-495a-9bd6-11a6ef8c8da7
2023-05-04 21:54:27,798 [pool-345-thread-1] INFO  server.RaftServerConfigKeys (ConfUtils.java:logGet(46)) - raft.server.log.queue.byte-limit = 4294967296 (custom)
2023-05-04 21:54:27,798 [pool-345-thread-1] INFO  server.RaftServerConfigKeys (ConfUtils.java:logGet(46)) - raft.server.log.queue.element-limit = 1024 (custom)
2023-05-04 21:54:27,798 [e0862bec-a8bd-48ad-a9f8-bef0c155c835@group-CA8807347F24-SegmentedRaftLogWorker] INFO  segmented.SegmentedRaftLogWorker (SegmentedRaftLogWorker.java:execute(656)) - e0862bec-a8bd-48ad-a9f8-bef0c155c835@group-CA8807347F24-SegmentedRaftLogWorker: created new log segment /home/runner/work/ozone/ozone/hadoop-ozone/integration-test/target/test-dir/MiniOzoneClusterImpl-52a188dd-66b8-45b2-ab7c-675c0ee04825/datanode-0/data/ratis/366ac001-db4b-43df-955f-ca8807347f24/current/log_inprogress_0
2023-05-04 21:54:27,800 [pool-345-thread-1] INFO  server.RaftServerConfigKeys (ConfUtils.java:logGet(46)) - raft.server.log.segment.size.max = 1048576 (custom)
2023-05-04 21:54:27,800 [pool-345-thread-1] INFO  server.RaftServerConfigKeys (ConfUtils.java:logGet(46)) - raft.server.log.preallocated.size = 16384 (custom)
2023-05-04 21:54:27,800 [pool-345-thread-1] INFO  server.RaftServerConfigKeys (ConfUtils.java:logGet(46)) - raft.server.log.force.sync.num = 128 (default)
2023-05-04 21:54:27,800 [pool-345-thread-1] INFO  server.RaftServerConfigKeys (ConfUtils.java:logGet(46)) - raft.server.log.statemachine.data.sync = true (default)
2023-05-04 21:54:27,800 [pool-345-thread-1] INFO  server.RaftServerConfigKeys (ConfUtils.java:logGet(46)) - raft.server.log.statemachine.data.sync.timeout = 10s (default)
2023-05-04 21:54:27,800 [pool-345-thread-1] INFO  server.RaftServerConfigKeys (ConfUtils.java:logGet(46)) - raft.server.log.statemachine.data.sync.timeout.retry = -1 (default)
2023-05-04 21:54:27,807 [e0862bec-a8bd-48ad-a9f8-bef0c155c835@group-CA8807347F24-LeaderElection2] INFO  server.RaftServer$Division (ServerState.java:setRaftConf(430)) - e0862bec-a8bd-48ad-a9f8-bef0c155c835@group-CA8807347F24: set configuration 0: peers:[e0862bec-a8bd-48ad-a9f8-bef0c155c835|rpc:10.1.0.44:39581|dataStream:10.1.0.44:35075|priority:1|startupRole:FOLLOWER]|listeners:[], old=null
2023-05-04 21:54:27,812 [pool-345-thread-1] INFO  server.RaftServerConfigKeys (ConfUtils.java:logGet(46)) - raft.server.log.write.buffer.size = 1048576 (custom)
2023-05-04 21:54:27,812 [pool-345-thread-1] INFO  server.RaftServerConfigKeys (ConfUtils.java:logGet(46)) - raft.server.log.appender.buffer.byte-limit = 33554432 (custom)
2023-05-04 21:54:27,818 [pool-345-thread-1] INFO  server.RaftServerConfigKeys (ConfUtils.java:logGet(46)) - raft.server.log.unsafe-flush.enabled = false (default)
2023-05-04 21:54:27,818 [pool-345-thread-1] INFO  server.RaftServerConfigKeys (ConfUtils.java:logGet(46)) - raft.server.log.async-flush.enabled = false (default)
2023-05-04 21:54:27,818 [pool-345-thread-1] INFO  server.RaftServerConfigKeys (ConfUtils.java:logGet(46)) - raft.server.log.statemachine.data.caching.enabled = true (custom)
2023-05-04 21:54:27,818 [pool-345-thread-1] INFO  segmented.SegmentedRaftLogWorker (SegmentedRaftLogWorker.java:lambda$new$0(135)) - ba9b7234-19ea-40e1-bb60-95fa157c93f0@group-11A6EF8C8DA7-SegmentedRaftLogWorker: flushIndex: setUnconditionally 0 -> -1
2023-05-04 21:54:27,818 [pool-345-thread-1] INFO  segmented.SegmentedRaftLogWorker (SegmentedRaftLogWorker.java:lambda$new$0(135)) - ba9b7234-19ea-40e1-bb60-95fa157c93f0@group-11A6EF8C8DA7-SegmentedRaftLogWorker: safeCacheEvictIndex: setUnconditionally 0 -> -1
2023-05-04 21:54:27,819 [pool-345-thread-1] INFO  server.RaftServer$Division (RaftServerImpl.java:start(334)) - ba9b7234-19ea-40e1-bb60-95fa157c93f0@group-11A6EF8C8DA7: start as a follower, conf=-1: peers:[ba9b7234-19ea-40e1-bb60-95fa157c93f0|rpc:10.1.0.44:37815|dataStream:10.1.0.44:46499|priority:1|startupRole:FOLLOWER]|listeners:[], old=null
2023-05-04 21:54:27,819 [pool-345-thread-1] INFO  server.RaftServer$Division (RaftServerImpl.java:setRole(321)) - ba9b7234-19ea-40e1-bb60-95fa157c93f0@group-11A6EF8C8DA7: changes role from      null to FOLLOWER at term 0 for startAsFollower
2023-05-04 21:54:27,819 [pool-345-thread-1] INFO  impl.RoleInfo (RoleInfo.java:updateAndGet(139)) - ba9b7234-19ea-40e1-bb60-95fa157c93f0: start ba9b7234-19ea-40e1-bb60-95fa157c93f0@group-11A6EF8C8DA7-FollowerState
2023-05-04 21:54:27,819 [pool-345-thread-1] INFO  util.JmxRegister (JmxRegister.java:tryRegister(44)) - Successfully registered JMX Bean with object name Ratis:service=RaftServer,group=group-11A6EF8C8DA7,id=ba9b7234-19ea-40e1-bb60-95fa157c93f0
2023-05-04 21:54:27,819 [pool-345-thread-1] INFO  server.RaftServerConfigKeys (ConfUtils.java:logGet(46)) - raft.server.snapshot.auto.trigger.enabled = true (custom)
2023-05-04 21:54:27,819 [pool-345-thread-1] INFO  server.RaftServerConfigKeys (ConfUtils.java:logGet(46)) - raft.server.snapshot.auto.trigger.threshold = 10000 (custom)
2023-05-04 21:54:27,819 [pool-345-thread-1] INFO  server.RaftServerConfigKeys (ConfUtils.java:logGet(46)) - raft.server.snapshot.retention.file.num = 5 (custom)
2023-05-04 21:54:27,819 [pool-345-thread-1] INFO  server.RaftServerConfigKeys (ConfUtils.java:logGet(46)) - raft.server.log.purge.upto.snapshot.index = false (default)
2023-05-04 21:54:27,820 [ba9b7234-19ea-40e1-bb60-95fa157c93f0@group-11A6EF8C8DA7-FollowerState] INFO  server.RaftServerConfigKeys (ConfUtils.java:logFallback(53)) - raft.server.rpc.first-election.timeout.min = 5s (fallback to raft.server.rpc.timeout.min)
2023-05-04 21:54:27,820 [ba9b7234-19ea-40e1-bb60-95fa157c93f0@group-11A6EF8C8DA7-FollowerState] INFO  server.RaftServerConfigKeys (ConfUtils.java:logFallback(53)) - raft.server.rpc.first-election.timeout.max = 5200ms (fallback to raft.server.rpc.timeout.max)
2023-05-04 21:54:27,820 [Command processor thread] INFO  ratis.XceiverServerRatis (XceiverServerRatis.java:addGroup(806)) - Created group PipelineID=53d66a2a-53bb-495a-9bd6-11a6ef8c8da7
2023-05-04 21:54:27,820 [Command processor thread] INFO  commandhandler.CreatePipelineCommandHandler (CreatePipelineCommandHandler.java:handle(113)) - Created Pipeline RATIS ONE PipelineID=53d66a2a-53bb-495a-9bd6-11a6ef8c8da7.
2023-05-04 21:54:27,897 [e0862bec-a8bd-48ad-a9f8-bef0c155c835@group-54A07F66644F-FollowerState] INFO  impl.FollowerState (FollowerState.java:run(143)) - e0862bec-a8bd-48ad-a9f8-bef0c155c835@group-54A07F66644F-FollowerState: change to CANDIDATE, lastRpcElapsedTime:5170907107ns, electionTimeout:5163ms
2023-05-04 21:54:27,899 [e0862bec-a8bd-48ad-a9f8-bef0c155c835@group-54A07F66644F-FollowerState] INFO  impl.RoleInfo (RoleInfo.java:shutdownFollowerState(110)) - e0862bec-a8bd-48ad-a9f8-bef0c155c835: shutdown e0862bec-a8bd-48ad-a9f8-bef0c155c835@group-54A07F66644F-FollowerState
2023-05-04 21:54:27,899 [e0862bec-a8bd-48ad-a9f8-bef0c155c835@group-54A07F66644F-FollowerState] INFO  server.RaftServer$Division (RaftServerImpl.java:setRole(321)) - e0862bec-a8bd-48ad-a9f8-bef0c155c835@group-54A07F66644F: changes role from  FOLLOWER to CANDIDATE at term 0 for changeToCandidate
2023-05-04 21:54:27,899 [e0862bec-a8bd-48ad-a9f8-bef0c155c835@group-54A07F66644F-FollowerState] INFO  server.RaftServerConfigKeys (ConfUtils.java:logGet(46)) - raft.server.leaderelection.pre-vote = true (default)
2023-05-04 21:54:27,899 [e0862bec-a8bd-48ad-a9f8-bef0c155c835@group-54A07F66644F-FollowerState] INFO  impl.RoleInfo (RoleInfo.java:updateAndGet(139)) - e0862bec-a8bd-48ad-a9f8-bef0c155c835: start e0862bec-a8bd-48ad-a9f8-bef0c155c835@group-54A07F66644F-LeaderElection3
2023-05-04 21:54:27,902 [e0862bec-a8bd-48ad-a9f8-bef0c155c835@group-54A07F66644F-LeaderElection3] INFO  impl.LeaderElection (LeaderElection.java:askForVotes(312)) - e0862bec-a8bd-48ad-a9f8-bef0c155c835@group-54A07F66644F-LeaderElection3 PRE_VOTE round 0: submit vote requests at term 0 for -1: peers:[4332e2d2-7bb6-4f7e-906a-de641ae4498f|rpc:10.1.0.44:41005|dataStream:10.1.0.44:36391|priority:0|startupRole:FOLLOWER, 4af07dde-7c26-4e14-912a-ab8f17b2e80e|rpc:10.1.0.44:38769|dataStream:10.1.0.44:33047|priority:0|startupRole:FOLLOWER, e0862bec-a8bd-48ad-a9f8-bef0c155c835|rpc:10.1.0.44:39581|dataStream:10.1.0.44:35075|priority:1|startupRole:FOLLOWER]|listeners:[], old=null
2023-05-04 21:54:27,908 [e0862bec-a8bd-48ad-a9f8-bef0c155c835@group-54A07F66644F-LeaderElection3] INFO  server.RaftServerConfigKeys (ConfUtils.java:logFallback(53)) - raft.server.rpc.first-election.timeout.min = 5s (fallback to raft.server.rpc.timeout.min)
2023-05-04 21:54:27,908 [e0862bec-a8bd-48ad-a9f8-bef0c155c835@group-54A07F66644F-LeaderElection3] INFO  server.RaftServerConfigKeys (ConfUtils.java:logFallback(53)) - raft.server.rpc.first-election.timeout.max = 5200ms (fallback to raft.server.rpc.timeout.max)
2023-05-04 21:54:27,908 [e0862bec-a8bd-48ad-a9f8-bef0c155c835@group-54A07F66644F-LeaderElection3-1] INFO  server.GrpcServerProtocolClient (GrpcServerProtocolClient.java:<init>(63)) - Build channel for 4332e2d2-7bb6-4f7e-906a-de641ae4498f
2023-05-04 21:54:27,910 [e0862bec-a8bd-48ad-a9f8-bef0c155c835@group-54A07F66644F-LeaderElection3-2] INFO  server.GrpcServerProtocolClient (GrpcServerProtocolClient.java:<init>(63)) - Build channel for 4af07dde-7c26-4e14-912a-ab8f17b2e80e
2023-05-04 21:54:27,930 [grpc-default-executor-2] INFO  server.RaftServer$Division (RaftServerImpl.java:requestVote(1218)) - 4332e2d2-7bb6-4f7e-906a-de641ae4498f@group-54A07F66644F: receive requestVote(PRE_VOTE, e0862bec-a8bd-48ad-a9f8-bef0c155c835, group-54A07F66644F, 0, (t:0, i:0))
2023-05-04 21:54:27,932 [grpc-default-executor-1] INFO  server.RaftServer$Division (RaftServerImpl.java:requestVote(1218)) - 4af07dde-7c26-4e14-912a-ab8f17b2e80e@group-54A07F66644F: receive requestVote(PRE_VOTE, e0862bec-a8bd-48ad-a9f8-bef0c155c835, group-54A07F66644F, 0, (t:0, i:0))
2023-05-04 21:54:27,932 [grpc-default-executor-2] INFO  impl.VoteContext (VoteContext.java:log(49)) - 4332e2d2-7bb6-4f7e-906a-de641ae4498f@group-54A07F66644F-FOLLOWER: accept PRE_VOTE from e0862bec-a8bd-48ad-a9f8-bef0c155c835: our priority 0 <= candidate's priority 1
2023-05-04 21:54:27,935 [grpc-default-executor-2] INFO  server.RaftServer$Division (RaftServerImpl.java:requestVote(1251)) - 4332e2d2-7bb6-4f7e-906a-de641ae4498f@group-54A07F66644F replies to PRE_VOTE vote request: e0862bec-a8bd-48ad-a9f8-bef0c155c835<-4332e2d2-7bb6-4f7e-906a-de641ae4498f#0:OK-t0. Peer's state: 4332e2d2-7bb6-4f7e-906a-de641ae4498f@group-54A07F66644F:t0, leader=null, voted=, raftlog=Memoized:4332e2d2-7bb6-4f7e-906a-de641ae4498f@group-54A07F66644F-SegmentedRaftLog:OPENED:c-1, conf=-1: peers:[4332e2d2-7bb6-4f7e-906a-de641ae4498f|rpc:10.1.0.44:41005|dataStream:10.1.0.44:36391|priority:0|startupRole:FOLLOWER, 4af07dde-7c26-4e14-912a-ab8f17b2e80e|rpc:10.1.0.44:38769|dataStream:10.1.0.44:33047|priority:0|startupRole:FOLLOWER, e0862bec-a8bd-48ad-a9f8-bef0c155c835|rpc:10.1.0.44:39581|dataStream:10.1.0.44:35075|priority:1|startupRole:FOLLOWER]|listeners:[], old=null
2023-05-04 21:54:27,932 [grpc-default-executor-1] INFO  impl.VoteContext (VoteContext.java:log(49)) - 4af07dde-7c26-4e14-912a-ab8f17b2e80e@group-54A07F66644F-FOLLOWER: accept PRE_VOTE from e0862bec-a8bd-48ad-a9f8-bef0c155c835: our priority 0 <= candidate's priority 1
2023-05-04 21:54:27,937 [grpc-default-executor-1] INFO  server.RaftServer$Division (RaftServerImpl.java:requestVote(1251)) - 4af07dde-7c26-4e14-912a-ab8f17b2e80e@group-54A07F66644F replies to PRE_VOTE vote request: e0862bec-a8bd-48ad-a9f8-bef0c155c835<-4af07dde-7c26-4e14-912a-ab8f17b2e80e#0:OK-t0. Peer's state: 4af07dde-7c26-4e14-912a-ab8f17b2e80e@group-54A07F66644F:t0, leader=null, voted=, raftlog=Memoized:4af07dde-7c26-4e14-912a-ab8f17b2e80e@group-54A07F66644F-SegmentedRaftLog:OPENED:c-1, conf=-1: peers:[4332e2d2-7bb6-4f7e-906a-de641ae4498f|rpc:10.1.0.44:41005|dataStream:10.1.0.44:36391|priority:0|startupRole:FOLLOWER, 4af07dde-7c26-4e14-912a-ab8f17b2e80e|rpc:10.1.0.44:38769|dataStream:10.1.0.44:33047|priority:0|startupRole:FOLLOWER, e0862bec-a8bd-48ad-a9f8-bef0c155c835|rpc:10.1.0.44:39581|dataStream:10.1.0.44:35075|priority:1|startupRole:FOLLOWER]|listeners:[], old=null
2023-05-04 21:54:27,940 [e0862bec-a8bd-48ad-a9f8-bef0c155c835@group-54A07F66644F-LeaderElection3] INFO  impl.LeaderElection (LeaderElection.java:logAndReturn(90)) - e0862bec-a8bd-48ad-a9f8-bef0c155c835@group-54A07F66644F-LeaderElection3: PRE_VOTE PASSED received 1 response(s) and 0 exception(s):
2023-05-04 21:54:27,940 [e0862bec-a8bd-48ad-a9f8-bef0c155c835@group-54A07F66644F-LeaderElection3] INFO  impl.LeaderElection (LeaderElection.java:logAndReturn(94)) -   Response 0: e0862bec-a8bd-48ad-a9f8-bef0c155c835<-4af07dde-7c26-4e14-912a-ab8f17b2e80e#0:OK-t0
2023-05-04 21:54:27,940 [e0862bec-a8bd-48ad-a9f8-bef0c155c835@group-54A07F66644F-LeaderElection3] INFO  impl.LeaderElection (LeaderElection.java:askForVotes(314)) - e0862bec-a8bd-48ad-a9f8-bef0c155c835@group-54A07F66644F-LeaderElection3 PRE_VOTE round 0: result PASSED
2023-05-04 21:54:27,943 [e0862bec-a8bd-48ad-a9f8-bef0c155c835@group-54A07F66644F-LeaderElection3] INFO  impl.LeaderElection (LeaderElection.java:askForVotes(312)) - e0862bec-a8bd-48ad-a9f8-bef0c155c835@group-54A07F66644F-LeaderElection3 ELECTION round 0: submit vote requests at term 1 for -1: peers:[4332e2d2-7bb6-4f7e-906a-de641ae4498f|rpc:10.1.0.44:41005|dataStream:10.1.0.44:36391|priority:0|startupRole:FOLLOWER, 4af07dde-7c26-4e14-912a-ab8f17b2e80e|rpc:10.1.0.44:38769|dataStream:10.1.0.44:33047|priority:0|startupRole:FOLLOWER, e0862bec-a8bd-48ad-a9f8-bef0c155c835|rpc:10.1.0.44:39581|dataStream:10.1.0.44:35075|priority:1|startupRole:FOLLOWER]|listeners:[], old=null
2023-05-04 21:54:27,950 [e0862bec-a8bd-48ad-a9f8-bef0c155c835@group-54A07F66644F-LeaderElection3] INFO  server.RaftServerConfigKeys (ConfUtils.java:logFallback(53)) - raft.server.rpc.first-election.timeout.min = 5s (fallback to raft.server.rpc.timeout.min)
2023-05-04 21:54:27,950 [e0862bec-a8bd-48ad-a9f8-bef0c155c835@group-54A07F66644F-LeaderElection3] INFO  server.RaftServerConfigKeys (ConfUtils.java:logFallback(53)) - raft.server.rpc.first-election.timeout.max = 5200ms (fallback to raft.server.rpc.timeout.max)
2023-05-04 21:54:27,950 [grpc-default-executor-1] INFO  server.RaftServer$Division (RaftServerImpl.java:requestVote(1218)) - 4332e2d2-7bb6-4f7e-906a-de641ae4498f@group-54A07F66644F: receive requestVote(ELECTION, e0862bec-a8bd-48ad-a9f8-bef0c155c835, group-54A07F66644F, 1, (t:0, i:0))
2023-05-04 21:54:27,951 [grpc-default-executor-1] INFO  impl.VoteContext (VoteContext.java:log(49)) - 4332e2d2-7bb6-4f7e-906a-de641ae4498f@group-54A07F66644F-FOLLOWER: accept ELECTION from e0862bec-a8bd-48ad-a9f8-bef0c155c835: our priority 0 <= candidate's priority 1
2023-05-04 21:54:27,951 [grpc-default-executor-1] INFO  server.RaftServer$Division (RaftServerImpl.java:setRole(321)) - 4332e2d2-7bb6-4f7e-906a-de641ae4498f@group-54A07F66644F: changes role from  FOLLOWER to FOLLOWER at term 1 for candidate:e0862bec-a8bd-48ad-a9f8-bef0c155c835
2023-05-04 21:54:27,951 [grpc-default-executor-1] INFO  impl.RoleInfo (RoleInfo.java:shutdownFollowerState(110)) - 4332e2d2-7bb6-4f7e-906a-de641ae4498f: shutdown 4332e2d2-7bb6-4f7e-906a-de641ae4498f@group-54A07F66644F-FollowerState
2023-05-04 21:54:27,951 [grpc-default-executor-1] INFO  impl.RoleInfo (RoleInfo.java:updateAndGet(139)) - 4332e2d2-7bb6-4f7e-906a-de641ae4498f: start 4332e2d2-7bb6-4f7e-906a-de641ae4498f@group-54A07F66644F-FollowerState
2023-05-04 21:54:27,952 [4332e2d2-7bb6-4f7e-906a-de641ae4498f@group-54A07F66644F-FollowerState] INFO  impl.FollowerState (FollowerState.java:run(152)) - 4332e2d2-7bb6-4f7e-906a-de641ae4498f@group-54A07F66644F-FollowerState was interrupted
2023-05-04 21:54:27,955 [grpc-default-executor-1] INFO  server.RaftServer$Division (RaftServerImpl.java:requestVote(1251)) - 4332e2d2-7bb6-4f7e-906a-de641ae4498f@group-54A07F66644F replies to ELECTION vote request: e0862bec-a8bd-48ad-a9f8-bef0c155c835<-4332e2d2-7bb6-4f7e-906a-de641ae4498f#0:OK-t1. Peer's state: 4332e2d2-7bb6-4f7e-906a-de641ae4498f@group-54A07F66644F:t1, leader=null, voted=e0862bec-a8bd-48ad-a9f8-bef0c155c835, raftlog=Memoized:4332e2d2-7bb6-4f7e-906a-de641ae4498f@group-54A07F66644F-SegmentedRaftLog:OPENED:c-1, conf=-1: peers:[4332e2d2-7bb6-4f7e-906a-de641ae4498f|rpc:10.1.0.44:41005|dataStream:10.1.0.44:36391|priority:0|startupRole:FOLLOWER, 4af07dde-7c26-4e14-912a-ab8f17b2e80e|rpc:10.1.0.44:38769|dataStream:10.1.0.44:33047|priority:0|startupRole:FOLLOWER, e0862bec-a8bd-48ad-a9f8-bef0c155c835|rpc:10.1.0.44:39581|dataStream:10.1.0.44:35075|priority:1|startupRole:FOLLOWER]|listeners:[], old=null
2023-05-04 21:54:27,956 [e0862bec-a8bd-48ad-a9f8-bef0c155c835@group-54A07F66644F-LeaderElection3] INFO  impl.LeaderElection (LeaderElection.java:logAndReturn(90)) - e0862bec-a8bd-48ad-a9f8-bef0c155c835@group-54A07F66644F-LeaderElection3: ELECTION PASSED received 1 response(s) and 0 exception(s):
2023-05-04 21:54:27,956 [e0862bec-a8bd-48ad-a9f8-bef0c155c835@group-54A07F66644F-LeaderElection3] INFO  impl.LeaderElection (LeaderElection.java:logAndReturn(94)) -   Response 0: e0862bec-a8bd-48ad-a9f8-bef0c155c835<-4332e2d2-7bb6-4f7e-906a-de641ae4498f#0:OK-t1
2023-05-04 21:54:27,956 [e0862bec-a8bd-48ad-a9f8-bef0c155c835@group-54A07F66644F-LeaderElection3] INFO  impl.LeaderElection (LeaderElection.java:askForVotes(314)) - e0862bec-a8bd-48ad-a9f8-bef0c155c835@group-54A07F66644F-LeaderElection3 ELECTION round 0: result PASSED
2023-05-04 21:54:27,956 [e0862bec-a8bd-48ad-a9f8-bef0c155c835@group-54A07F66644F-LeaderElection3] INFO  impl.RoleInfo (RoleInfo.java:shutdownLeaderElection(130)) - e0862bec-a8bd-48ad-a9f8-bef0c155c835: shutdown e0862bec-a8bd-48ad-a9f8-bef0c155c835@group-54A07F66644F-LeaderElection3
2023-05-04 21:54:27,956 [e0862bec-a8bd-48ad-a9f8-bef0c155c835@group-54A07F66644F-LeaderElection3] INFO  server.RaftServer$Division (RaftServerImpl.java:setRole(321)) - e0862bec-a8bd-48ad-a9f8-bef0c155c835@group-54A07F66644F: changes role from CANDIDATE to LEADER at term 1 for changeToLeader
2023-05-04 21:54:27,956 [e0862bec-a8bd-48ad-a9f8-bef0c155c835@group-54A07F66644F-LeaderElection3] INFO  ratis.XceiverServerRatis (XceiverServerRatis.java:handleLeaderChangedNotification(904)) - Leader change notification received for group: group-54A07F66644F with new leaderId: e0862bec-a8bd-48ad-a9f8-bef0c155c835
2023-05-04 21:54:27,957 [e0862bec-a8bd-48ad-a9f8-bef0c155c835@group-54A07F66644F-LeaderElection3] INFO  server.RaftServer$Division (ServerState.java:setLeader(313)) - e0862bec-a8bd-48ad-a9f8-bef0c155c835@group-54A07F66644F: change Leader from null to e0862bec-a8bd-48ad-a9f8-bef0c155c835 at term 1 for becomeLeader, leader elected after 5263ms
2023-05-04 21:54:27,957 [e0862bec-a8bd-48ad-a9f8-bef0c155c835@group-54A07F66644F-LeaderElection3] INFO  server.RaftServerConfigKeys (ConfUtils.java:logGet(46)) - raft.server.staging.catchup.gap = 1000 (default)
2023-05-04 21:54:27,957 [e0862bec-a8bd-48ad-a9f8-bef0c155c835@group-54A07F66644F-LeaderElection3] INFO  server.RaftServerConfigKeys (ConfUtils.java:logGet(46)) - raft.server.write.element-limit = 1024 (custom)
2023-05-04 21:54:27,957 [e0862bec-a8bd-48ad-a9f8-bef0c155c835@group-54A07F66644F-LeaderElection3] INFO  server.RaftServerConfigKeys (ConfUtils.java:logGet(46)) - raft.server.write.byte-limit = 1024 M (=1073741824) (custom)
2023-05-04 21:54:27,957 [e0862bec-a8bd-48ad-a9f8-bef0c155c835@group-54A07F66644F-LeaderElection3] INFO  server.RaftServerConfigKeys (ConfUtils.java:logGet(46)) - raft.server.watch.timeout = 180s (custom)
2023-05-04 21:54:27,957 [e0862bec-a8bd-48ad-a9f8-bef0c155c835@group-54A07F66644F-LeaderElection3] INFO  server.RaftServerConfigKeys (ConfUtils.java:logGet(46)) - raft.server.watch.timeout.denomination = 1s (default)
2023-05-04 21:54:27,957 [e0862bec-a8bd-48ad-a9f8-bef0c155c835@group-54A07F66644F-LeaderElection3] INFO  server.RaftServerConfigKeys (ConfUtils.java:logGet(46)) - raft.server.watch.element-limit = 65536 (default)
2023-05-04 21:54:27,957 [e0862bec-a8bd-48ad-a9f8-bef0c155c835@group-54A07F66644F-LeaderElection3] INFO  server.RaftServerConfigKeys (ConfUtils.java:logGet(46)) - raft.server.write.element-limit = 1024 (custom)
2023-05-04 21:54:27,957 [e0862bec-a8bd-48ad-a9f8-bef0c155c835@group-54A07F66644F-LeaderElection3] INFO  server.RaftServerConfigKeys (ConfUtils.java:logGet(46)) - raft.server.write.follower.gap.ratio.max = -1.0 (default)
2023-05-04 21:54:27,958 [4332e2d2-7bb6-4f7e-906a-de641ae4498f@group-54A07F66644F-FollowerState] INFO  server.RaftServerConfigKeys (ConfUtils.java:logFallback(53)) - raft.server.rpc.first-election.timeout.min = 5s (fallback to raft.server.rpc.timeout.min)
2023-05-04 21:54:27,958 [4332e2d2-7bb6-4f7e-906a-de641ae4498f@group-54A07F66644F-FollowerState] INFO  server.RaftServerConfigKeys (ConfUtils.java:logFallback(53)) - raft.server.rpc.first-election.timeout.max = 5200ms (fallback to raft.server.rpc.timeout.max)
2023-05-04 21:54:27,959 [EventQueue-PipelineReportForPipelineReportHandler] INFO  pipeline.PipelineManagerImpl (PipelineManagerImpl.java:openPipeline(367)) - Pipeline Pipeline[ Id: c675faf1-9d96-4647-b9f5-54a07f66644f, Nodes: e0862bec-a8bd-48ad-a9f8-bef0c155c835(fv-az133-721.yhipumr4050edinzmvad0xeera.cx.internal.cloudapp.net/10.1.0.44)4af07dde-7c26-4e14-912a-ab8f17b2e80e(fv-az133-721.yhipumr4050edinzmvad0xeera.cx.internal.cloudapp.net/10.1.0.44)4332e2d2-7bb6-4f7e-906a-de641ae4498f(fv-az133-721.yhipumr4050edinzmvad0xeera.cx.internal.cloudapp.net/10.1.0.44), ReplicationConfig: RATIS/THREE, State:ALLOCATED, leaderId:e0862bec-a8bd-48ad-a9f8-bef0c155c835, CreationTimestamp2023-05-04T21:54:20.557Z[Etc/UTC]] moved to OPEN state
2023-05-04 21:54:27,960 [EventQueue-OpenPipelineForHealthyPipelineSafeModeRule] INFO  safemode.SCMSafeModeManager (HealthyPipelineSafeModeRule.java:process(137)) - SCM in safe mode. Healthy pipelines reported count is 0, required healthy pipeline reported count is 1
2023-05-04 21:54:27,960 [EventQueue-OpenPipelineForHealthyPipelineSafeModeRule] INFO  safemode.SCMSafeModeManager (HealthyPipelineSafeModeRule.java:process(137)) - SCM in safe mode. Healthy pipelines reported count is 1, required healthy pipeline reported count is 1
2023-05-04 21:54:27,960 [EventQueue-OpenPipelineForHealthyPipelineSafeModeRule] INFO  safemode.SCMSafeModeManager (SCMSafeModeManager.java:validateSafeModeExitRules(200)) - HealthyPipelineSafeModeRule rule is successfully validated
2023-05-04 21:54:27,960 [EventQueue-OpenPipelineForHealthyPipelineSafeModeRule] INFO  safemode.SCMSafeModeManager (SCMSafeModeManager.java:validateSafeModeExitRules(215)) - ScmSafeModeManager, all rules are successfully validated
2023-05-04 21:54:27,960 [EventQueue-OpenPipelineForHealthyPipelineSafeModeRule] INFO  safemode.SCMSafeModeManager (SCMSafeModeManager.java:exitSafeMode(244)) - SCM exiting safe mode.
2023-05-04 21:54:27,960 [EventQueue-OpenPipelineForHealthyPipelineSafeModeRule] INFO  ha.SCMContext (SCMContext.java:updateSafeModeStatus(228)) - Update SafeModeStatus from SafeModeStatus{safeModeStatus=true, preCheckPassed=true} to SafeModeStatus{safeModeStatus=false, preCheckPassed=true}.
2023-05-04 21:54:27,960 [EventQueue-OpenPipelineForHealthyPipelineSafeModeRule] INFO  pipeline.BackgroundPipelineCreator (BackgroundPipelineCreator.java:notifyStatusChanged(254)) - Service BackgroundPipelineCreator transitions to RUNNING.
2023-05-04 21:54:27,960 [EventQueue-OpenPipelineForHealthyPipelineSafeModeRule] INFO  BackgroundPipelineScrubber (BackgroundSCMService.java:notifyStatusChanged(82)) - Service BackgroundPipelineScrubber transitions to RUNNING.
2023-05-04 21:54:27,960 [EventQueue-OpenPipelineForHealthyPipelineSafeModeRule] INFO  ExpiredContainerReplicaOpScrubber (BackgroundSCMService.java:notifyStatusChanged(82)) - Service ExpiredContainerReplicaOpScrubber transitions to RUNNING.
2023-05-04 21:54:27,960 [EventQueue-OpenPipelineForHealthyPipelineSafeModeRule] INFO  replication.ReplicationManager (ReplicationManager.java:notifyStatusChanged(1370)) - Service ReplicationManager transitions to RUNNING.
2023-05-04 21:54:27,961 [grpc-default-executor-2] INFO  server.RaftServer$Division (RaftServerImpl.java:requestVote(1218)) - 4af07dde-7c26-4e14-912a-ab8f17b2e80e@group-54A07F66644F: receive requestVote(ELECTION, e0862bec-a8bd-48ad-a9f8-bef0c155c835, group-54A07F66644F, 1, (t:0, i:0))
2023-05-04 21:54:27,965 [grpc-default-executor-2] INFO  impl.VoteContext (VoteContext.java:log(49)) - 4af07dde-7c26-4e14-912a-ab8f17b2e80e@group-54A07F66644F-FOLLOWER: accept ELECTION from e0862bec-a8bd-48ad-a9f8-bef0c155c835: our priority 0 <= candidate's priority 1
2023-05-04 21:54:27,965 [grpc-default-executor-2] INFO  server.RaftServer$Division (RaftServerImpl.java:setRole(321)) - 4af07dde-7c26-4e14-912a-ab8f17b2e80e@group-54A07F66644F: changes role from  FOLLOWER to FOLLOWER at term 1 for candidate:e0862bec-a8bd-48ad-a9f8-bef0c155c835
2023-05-04 21:54:27,965 [grpc-default-executor-2] INFO  impl.RoleInfo (RoleInfo.java:shutdownFollowerState(110)) - 4af07dde-7c26-4e14-912a-ab8f17b2e80e: shutdown 4af07dde-7c26-4e14-912a-ab8f17b2e80e@group-54A07F66644F-FollowerState
2023-05-04 21:54:27,965 [grpc-default-executor-2] INFO  impl.RoleInfo (RoleInfo.java:updateAndGet(139)) - 4af07dde-7c26-4e14-912a-ab8f17b2e80e: start 4af07dde-7c26-4e14-912a-ab8f17b2e80e@group-54A07F66644F-FollowerState
2023-05-04 21:54:27,965 [4af07dde-7c26-4e14-912a-ab8f17b2e80e@group-54A07F66644F-FollowerState] INFO  impl.FollowerState (FollowerState.java:run(152)) - 4af07dde-7c26-4e14-912a-ab8f17b2e80e@group-54A07F66644F-FollowerState was interrupted
2023-05-04 21:54:27,970 [EventQueue-OpenPipelineForHealthyPipelineSafeModeRule] WARN  balancer.ContainerBalancer (ContainerBalancer.java:shouldRun(132)) - Could not find persisted configuration for ContainerBalancer when checking if ContainerBalancer should run. ContainerBalancer should not run now.
2023-05-04 21:54:27,970 [4af07dde-7c26-4e14-912a-ab8f17b2e80e@group-54A07F66644F-FollowerState] INFO  server.RaftServerConfigKeys (ConfUtils.java:logFallback(53)) - raft.server.rpc.first-election.timeout.min = 5s (fallback to raft.server.rpc.timeout.min)
2023-05-04 21:54:27,970 [4af07dde-7c26-4e14-912a-ab8f17b2e80e@group-54A07F66644F-FollowerState] INFO  server.RaftServerConfigKeys (ConfUtils.java:logFallback(53)) - raft.server.rpc.first-election.timeout.max = 5200ms (fallback to raft.server.rpc.timeout.max)
2023-05-04 21:54:27,970 [grpc-default-executor-2] INFO  server.RaftServer$Division (RaftServerImpl.java:requestVote(1251)) - 4af07dde-7c26-4e14-912a-ab8f17b2e80e@group-54A07F66644F replies to ELECTION vote request: e0862bec-a8bd-48ad-a9f8-bef0c155c835<-4af07dde-7c26-4e14-912a-ab8f17b2e80e#0:OK-t1. Peer's state: 4af07dde-7c26-4e14-912a-ab8f17b2e80e@group-54A07F66644F:t1, leader=null, voted=e0862bec-a8bd-48ad-a9f8-bef0c155c835, raftlog=Memoized:4af07dde-7c26-4e14-912a-ab8f17b2e80e@group-54A07F66644F-SegmentedRaftLog:OPENED:c-1, conf=-1: peers:[4332e2d2-7bb6-4f7e-906a-de641ae4498f|rpc:10.1.0.44:41005|dataStream:10.1.0.44:36391|priority:0|startupRole:FOLLOWER, 4af07dde-7c26-4e14-912a-ab8f17b2e80e|rpc:10.1.0.44:38769|dataStream:10.1.0.44:33047|priority:0|startupRole:FOLLOWER, e0862bec-a8bd-48ad-a9f8-bef0c155c835|rpc:10.1.0.44:39581|dataStream:10.1.0.44:35075|priority:1|startupRole:FOLLOWER]|listeners:[], old=null
2023-05-04 21:54:27,980 [e0862bec-a8bd-48ad-a9f8-bef0c155c835@group-54A07F66644F-LeaderElection3] INFO  server.RaftServerConfigKeys (ConfUtils.java:logGet(46)) - raft.server.log.appender.snapshot.chunk.size.max = 16MB (=16777216) (default)
2023-05-04 21:54:27,980 [e0862bec-a8bd-48ad-a9f8-bef0c155c835@group-54A07F66644F-LeaderElection3] INFO  server.RaftServerConfigKeys (ConfUtils.java:logGet(46)) - raft.server.log.appender.buffer.byte-limit = 33554432 (custom)
2023-05-04 21:54:27,981 [e0862bec-a8bd-48ad-a9f8-bef0c155c835@group-54A07F66644F-LeaderElection3] INFO  server.RaftServerConfigKeys (ConfUtils.java:logGet(46)) - raft.server.log.appender.buffer.element-limit = 1 (custom)
2023-05-04 21:54:27,983 [e0862bec-a8bd-48ad-a9f8-bef0c155c835@group-54A07F66644F-LeaderElection3] INFO  grpc.GrpcConfigKeys (ConfUtils.java:logGet(46)) - raft.grpc.server.leader.outstanding.appends.max = 128 (default)
2023-05-04 21:54:27,984 [e0862bec-a8bd-48ad-a9f8-bef0c155c835@group-54A07F66644F-LeaderElection3] INFO  server.RaftServerConfigKeys (ConfUtils.java:logGet(46)) - raft.server.rpc.request.timeout = 60s (custom)
2023-05-04 21:54:27,984 [e0862bec-a8bd-48ad-a9f8-bef0c155c835@group-54A07F66644F-LeaderElection3] INFO  server.RaftServerConfigKeys (ConfUtils.java:logGet(46)) - raft.server.log.appender.install.snapshot.enabled = false (custom)
2023-05-04 21:54:27,984 [e0862bec-a8bd-48ad-a9f8-bef0c155c835@group-54A07F66644F-LeaderElection3] INFO  grpc.GrpcConfigKeys (ConfUtils.java:logGet(46)) - raft.grpc.server.heartbeat.channel = true (default)
2023-05-04 21:54:27,984 [e0862bec-a8bd-48ad-a9f8-bef0c155c835@group-54A07F66644F-LeaderElection3] INFO  server.RaftServerConfigKeys (ConfUtils.java:logGet(46)) - raft.server.log.appender.wait-time.min = 10ms (default)
2023-05-04 21:54:27,986 [Command processor thread] INFO  server.RaftServer (RaftServerProxy.java:addNew(96)) - 1cc39e43-a1b8-4aca-9e03-172752381d1e: addNew group-B87FE21FBB1C:[1cc39e43-a1b8-4aca-9e03-172752381d1e|rpc:10.1.0.44:34233|dataStream:10.1.0.44:39453|priority:1|startupRole:FOLLOWER] returns group-B87FE21FBB1C:java.util.concurrent.CompletableFuture@604268a3[Not completed]
2023-05-04 21:54:27,992 [e0862bec-a8bd-48ad-a9f8-bef0c155c835@group-54A07F66644F-LeaderElection3] INFO  server.RaftServerConfigKeys (ConfUtils.java:logGet(46)) - raft.server.log.appender.snapshot.chunk.size.max = 16MB (=16777216) (default)
2023-05-04 21:54:27,992 [e0862bec-a8bd-48ad-a9f8-bef0c155c835@group-54A07F66644F-LeaderElection3] INFO  server.RaftServerConfigKeys (ConfUtils.java:logGet(46)) - raft.server.log.appender.buffer.byte-limit = 33554432 (custom)
2023-05-04 21:54:27,992 [e0862bec-a8bd-48ad-a9f8-bef0c155c835@group-54A07F66644F-LeaderElection3] INFO  server.RaftServerConfigKeys (ConfUtils.java:logGet(46)) - raft.server.log.appender.buffer.element-limit = 1 (custom)
2023-05-04 21:54:27,992 [e0862bec-a8bd-48ad-a9f8-bef0c155c835@group-54A07F66644F-LeaderElection3] INFO  grpc.GrpcConfigKeys (ConfUtils.java:logGet(46)) - raft.grpc.server.leader.outstanding.appends.max = 128 (default)
2023-05-04 21:54:27,992 [e0862bec-a8bd-48ad-a9f8-bef0c155c835@group-54A07F66644F-LeaderElection3] INFO  server.RaftServerConfigKeys (ConfUtils.java:logGet(46)) - raft.server.rpc.request.timeout = 60s (custom)
2023-05-04 21:54:27,993 [e0862bec-a8bd-48ad-a9f8-bef0c155c835@group-54A07F66644F-LeaderElection3] INFO  server.RaftServerConfigKeys (ConfUtils.java:logGet(46)) - raft.server.log.appender.install.snapshot.enabled = false (custom)
2023-05-04 21:54:27,993 [e0862bec-a8bd-48ad-a9f8-bef0c155c835@group-54A07F66644F-LeaderElection3] INFO  grpc.GrpcConfigKeys (ConfUtils.java:logGet(46)) - raft.grpc.server.heartbeat.channel = true (default)
2023-05-04 21:54:27,993 [e0862bec-a8bd-48ad-a9f8-bef0c155c835@group-54A07F66644F-LeaderElection3] INFO  server.RaftServerConfigKeys (ConfUtils.java:logGet(46)) - raft.server.log.appender.wait-time.min = 10ms (default)
2023-05-04 21:54:27,993 [pool-371-thread-1] INFO  server.RaftServer$Division (RaftServerImpl.java:<init>(195)) - 1cc39e43-a1b8-4aca-9e03-172752381d1e: new RaftServerImpl for group-B87FE21FBB1C:[1cc39e43-a1b8-4aca-9e03-172752381d1e|rpc:10.1.0.44:34233|dataStream:10.1.0.44:39453|priority:1|startupRole:FOLLOWER] with ContainerStateMachine:uninitialized
2023-05-04 21:54:27,993 [pool-371-thread-1] INFO  server.RaftServerConfigKeys (ConfUtils.java:logGet(46)) - raft.server.rpc.timeout.min = 5s (custom)
2023-05-04 21:54:27,993 [pool-371-thread-1] INFO  server.RaftServerConfigKeys (ConfUtils.java:logGet(46)) - raft.server.rpc.timeout.max = 5200ms (custom)
2023-05-04 21:54:27,993 [pool-371-thread-1] INFO  server.RaftServerConfigKeys (ConfUtils.java:logGet(46)) - raft.server.rpc.sleep.time = 25ms (default)
2023-05-04 21:54:27,993 [pool-371-thread-1] INFO  server.RaftServerConfigKeys (ConfUtils.java:logGet(46)) - raft.server.rpc.slowness.timeout = 300s (custom)
2023-05-04 21:54:27,993 [pool-371-thread-1] INFO  server.RaftServerConfigKeys (ConfUtils.java:logGet(46)) - raft.server.leaderelection.leader.step-down.wait-time = 10s (default)
2023-05-04 21:54:27,993 [pool-371-thread-1] INFO  server.RaftServerConfigKeys (ConfUtils.java:logGet(46)) - raft.server.sleep.deviation.threshold = 300ms (default)
2023-05-04 21:54:27,993 [pool-371-thread-1] INFO  server.RaftServer$Division (ServerState.java:<init>(118)) - 1cc39e43-a1b8-4aca-9e03-172752381d1e@group-B87FE21FBB1C: ConfigurationManager, init=-1: peers:[1cc39e43-a1b8-4aca-9e03-172752381d1e|rpc:10.1.0.44:34233|dataStream:10.1.0.44:39453|priority:1|startupRole:FOLLOWER]|listeners:[], old=null, confs=<EMPTY_MAP>
2023-05-04 21:54:27,993 [pool-371-thread-1] INFO  server.RaftServerConfigKeys (ConfUtils.java:logGet(46)) - raft.server.storage.dir = [/home/runner/work/ozone/ozone/hadoop-ozone/integration-test/target/test-dir/MiniOzoneClusterImpl-52a188dd-66b8-45b2-ab7c-675c0ee04825/datanode-12/data/ratis] (custom)
2023-05-04 21:54:27,994 [pool-371-thread-1] INFO  server.RaftServerConfigKeys (ConfUtils.java:logGet(46)) - raft.server.log.corruption.policy = EXCEPTION (default)
2023-05-04 21:54:27,994 [pool-371-thread-1] INFO  server.RaftServerConfigKeys (ConfUtils.java:logGet(46)) - raft.server.storage.free-space.min = 0MB (=0) (default)
2023-05-04 21:54:27,994 [pool-371-thread-1] INFO  server.RaftServerConfigKeys (ConfUtils.java:logGet(46)) - raft.server.notification.no-leader.timeout = 300s (custom)
2023-05-04 21:54:27,994 [pool-371-thread-1] INFO  server.RaftServerConfigKeys (ConfUtils.java:logGet(46)) - raft.server.retrycache.expirytime = 600000ms (custom)
2023-05-04 21:54:27,994 [pool-371-thread-1] INFO  server.RaftServerConfigKeys (ConfUtils.java:logGet(46)) - raft.server.retrycache.statistics.expirytime = 100μs (default)
2023-05-04 21:54:27,995 [pool-371-thread-1] INFO  server.RaftServerConfigKeys (ConfUtils.java:logGet(46)) - raft.server.log.appender.install.snapshot.enabled = false (custom)
2023-05-04 21:54:27,995 [pool-371-thread-1] INFO  server.RaftServerConfigKeys (ConfUtils.java:logGet(46)) - raft.server.threadpool.server.cached = true (default)
2023-05-04 21:54:27,995 [pool-371-thread-1] INFO  server.RaftServerConfigKeys (ConfUtils.java:logGet(46)) - raft.server.threadpool.server.size = 0 (default)
2023-05-04 21:54:27,996 [pool-371-thread-1] INFO  server.RaftServerConfigKeys (ConfUtils.java:logGet(46)) - raft.server.threadpool.client.cached = true (default)
2023-05-04 21:54:27,996 [pool-371-thread-1] INFO  server.RaftServerConfigKeys (ConfUtils.java:logGet(46)) - raft.server.threadpool.client.size = 0 (default)
2023-05-04 21:54:27,996 [pool-371-thread-1] INFO  storage.RaftStorageDirectory (RaftStorageDirectoryImpl.java:analyzeStorage(137)) - The storage directory /home/runner/work/ozone/ozone/hadoop-ozone/integration-test/target/test-dir/MiniOzoneClusterImpl-52a188dd-66b8-45b2-ab7c-675c0ee04825/datanode-12/data/ratis/e476fd83-53ba-44fc-9320-b87fe21fbb1c does not exist. Creating ...
2023-05-04 21:54:27,997 [pool-371-thread-1] INFO  storage.RaftStorageDirectory (RaftStorageDirectoryImpl.java:tryLock(231)) - Lock on /home/runner/work/ozone/ozone/hadoop-ozone/integration-test/target/test-dir/MiniOzoneClusterImpl-52a188dd-66b8-45b2-ab7c-675c0ee04825/datanode-12/data/ratis/e476fd83-53ba-44fc-9320-b87fe21fbb1c/in_use.lock acquired by nodename 25128@fv-az133-721
2023-05-04 21:54:27,998 [pool-371-thread-1] INFO  storage.RaftStorage (RaftStorageImpl.java:format(96)) - Storage directory /home/runner/work/ozone/ozone/hadoop-ozone/integration-test/target/test-dir/MiniOzoneClusterImpl-52a188dd-66b8-45b2-ab7c-675c0ee04825/datanode-12/data/ratis/e476fd83-53ba-44fc-9320-b87fe21fbb1c has been successfully formatted.
2023-05-04 21:54:28,002 [pool-371-thread-1] INFO  ratis.ContainerStateMachine (ContainerStateMachine.java:loadSnapshot(262)) - group-B87FE21FBB1C: The snapshot info is null. Setting the last applied indexto:(t:0, i:~)
2023-05-04 21:54:28,002 [pool-371-thread-1] INFO  server.RaftServerConfigKeys (ConfUtils.java:logGet(46)) - raft.server.log.use.memory = false (default)
2023-05-04 21:54:28,002 [pool-371-thread-1] INFO  server.RaftServerConfigKeys (ConfUtils.java:logGet(46)) - raft.server.log.purge.gap = 1000000 (custom)
2023-05-04 21:54:28,002 [pool-371-thread-1] INFO  server.RaftServerConfigKeys (ConfUtils.java:logGet(46)) - raft.server.log.appender.buffer.byte-limit = 33554432 (custom)
2023-05-04 21:54:28,002 [pool-371-thread-1] INFO  server.RaftServerConfigKeys (ConfUtils.java:logGet(46)) - raft.server.log.statemachine.data.read.timeout = 1000ms (default)
2023-05-04 21:54:28,002 [pool-371-thread-1] INFO  server.RaftServerConfigKeys (ConfUtils.java:logGet(46)) - raft.server.log.purge.preservation.log.num = 0 (default)
2023-05-04 21:54:28,003 [pool-371-thread-1] INFO  server.RaftServerConfigKeys (ConfUtils.java:logGet(46)) - raft.server.log.segment.size.max = 1048576 (custom)
2023-05-04 21:54:28,003 [pool-371-thread-1] INFO  server.RaftServerConfigKeys (ConfUtils.java:logGet(46)) - raft.server.log.segment.cache.num.max = 2 (custom)
2023-05-04 21:54:28,003 [pool-371-thread-1] INFO  server.RaftServerConfigKeys (ConfUtils.java:logGet(46)) - raft.server.log.segment.cache.size.max = 200MB (=209715200) (default)
2023-05-04 21:54:28,003 [pool-371-thread-1] INFO  segmented.SegmentedRaftLogWorker (SegmentedRaftLogWorker.java:<init>(189)) - new 1cc39e43-a1b8-4aca-9e03-172752381d1e@group-B87FE21FBB1C-SegmentedRaftLogWorker for RaftStorageImpl:Storage Directory /home/runner/work/ozone/ozone/hadoop-ozone/integration-test/target/test-dir/MiniOzoneClusterImpl-52a188dd-66b8-45b2-ab7c-675c0ee04825/datanode-12/data/ratis/e476fd83-53ba-44fc-9320-b87fe21fbb1c
2023-05-04 21:54:28,003 [pool-371-thread-1] INFO  server.RaftServerConfigKeys (ConfUtils.java:logGet(46)) - raft.server.log.queue.byte-limit = 4294967296 (custom)
2023-05-04 21:54:28,003 [pool-371-thread-1] INFO  server.RaftServerConfigKeys (ConfUtils.java:logGet(46)) - raft.server.log.queue.element-limit = 1024 (custom)
2023-05-04 21:54:28,003 [EventQueue-PipelineReportForPipelineReportHandler] INFO  pipeline.PipelineManagerImpl (PipelineManagerImpl.java:openPipeline(367)) - Pipeline Pipeline[ Id: e476fd83-53ba-44fc-9320-b87fe21fbb1c, Nodes: 1cc39e43-a1b8-4aca-9e03-172752381d1e(fv-az133-721.yhipumr4050edinzmvad0xeera.cx.internal.cloudapp.net/10.1.0.44), ReplicationConfig: RATIS/ONE, State:ALLOCATED, leaderId:1cc39e43-a1b8-4aca-9e03-172752381d1e, CreationTimestamp2023-05-04T21:54:24.987Z[Etc/UTC]] moved to OPEN state
2023-05-04 21:54:28,003 [pool-371-thread-1] INFO  server.RaftServerConfigKeys (ConfUtils.java:logGet(46)) - raft.server.log.segment.size.max = 1048576 (custom)
2023-05-04 21:54:28,004 [pool-371-thread-1] INFO  server.RaftServerConfigKeys (ConfUtils.java:logGet(46)) - raft.server.log.preallocated.size = 16384 (custom)
2023-05-04 21:54:28,004 [pool-371-thread-1] INFO  server.RaftServerConfigKeys (ConfUtils.java:logGet(46)) - raft.server.log.force.sync.num = 128 (default)
2023-05-04 21:54:28,004 [pool-371-thread-1] INFO  server.RaftServerConfigKeys (ConfUtils.java:logGet(46)) - raft.server.log.statemachine.data.sync = true (default)
2023-05-04 21:54:28,004 [pool-371-thread-1] INFO  server.RaftServerConfigKeys (ConfUtils.java:logGet(46)) - raft.server.log.statemachine.data.sync.timeout = 10s (default)
2023-05-04 21:54:28,004 [pool-371-thread-1] INFO  server.RaftServerConfigKeys (ConfUtils.java:logGet(46)) - raft.server.log.statemachine.data.sync.timeout.retry = -1 (default)
2023-05-04 21:54:28,005 [pool-371-thread-1] INFO  server.RaftServerConfigKeys (ConfUtils.java:logGet(46)) - raft.server.log.write.buffer.size = 1048576 (custom)
2023-05-04 21:54:28,006 [pool-371-thread-1] INFO  server.RaftServerConfigKeys (ConfUtils.java:logGet(46)) - raft.server.log.appender.buffer.byte-limit = 33554432 (custom)
2023-05-04 21:54:28,011 [pool-371-thread-1] INFO  server.RaftServerConfigKeys (ConfUtils.java:logGet(46)) - raft.server.log.unsafe-flush.enabled = false (default)
2023-05-04 21:54:28,011 [pool-371-thread-1] INFO  server.RaftServerConfigKeys (ConfUtils.java:logGet(46)) - raft.server.log.async-flush.enabled = false (default)
2023-05-04 21:54:28,011 [pool-371-thread-1] INFO  server.RaftServerConfigKeys (ConfUtils.java:logGet(46)) - raft.server.log.statemachine.data.caching.enabled = true (custom)
2023-05-04 21:54:28,011 [pool-371-thread-1] INFO  segmented.SegmentedRaftLogWorker (SegmentedRaftLogWorker.java:lambda$new$0(135)) - 1cc39e43-a1b8-4aca-9e03-172752381d1e@group-B87FE21FBB1C-SegmentedRaftLogWorker: flushIndex: setUnconditionally 0 -> -1
2023-05-04 21:54:28,011 [pool-371-thread-1] INFO  segmented.SegmentedRaftLogWorker (SegmentedRaftLogWorker.java:lambda$new$0(135)) - 1cc39e43-a1b8-4aca-9e03-172752381d1e@group-B87FE21FBB1C-SegmentedRaftLogWorker: safeCacheEvictIndex: setUnconditionally 0 -> -1
2023-05-04 21:54:28,012 [pool-371-thread-1] INFO  server.RaftServer$Division (RaftServerImpl.java:start(334)) - 1cc39e43-a1b8-4aca-9e03-172752381d1e@group-B87FE21FBB1C: start as a follower, conf=-1: peers:[1cc39e43-a1b8-4aca-9e03-172752381d1e|rpc:10.1.0.44:34233|dataStream:10.1.0.44:39453|priority:1|startupRole:FOLLOWER]|listeners:[], old=null
2023-05-04 21:54:28,012 [pool-371-thread-1] INFO  server.RaftServer$Division (RaftServerImpl.java:setRole(321)) - 1cc39e43-a1b8-4aca-9e03-172752381d1e@group-B87FE21FBB1C: changes role from      null to FOLLOWER at term 0 for startAsFollower
2023-05-04 21:54:28,012 [pool-371-thread-1] INFO  impl.RoleInfo (RoleInfo.java:updateAndGet(139)) - 1cc39e43-a1b8-4aca-9e03-172752381d1e: start 1cc39e43-a1b8-4aca-9e03-172752381d1e@group-B87FE21FBB1C-FollowerState
2023-05-04 21:54:28,012 [pool-371-thread-1] INFO  util.JmxRegister (JmxRegister.java:tryRegister(44)) - Successfully registered JMX Bean with object name Ratis:service=RaftServer,group=group-B87FE21FBB1C,id=1cc39e43-a1b8-4aca-9e03-172752381d1e
2023-05-04 21:54:28,012 [pool-371-thread-1] INFO  server.RaftServerConfigKeys (ConfUtils.java:logGet(46)) - raft.server.snapshot.auto.trigger.enabled = true (custom)
2023-05-04 21:54:28,012 [pool-371-thread-1] INFO  server.RaftServerConfigKeys (ConfUtils.java:logGet(46)) - raft.server.snapshot.auto.trigger.threshold = 10000 (custom)
2023-05-04 21:54:28,012 [pool-371-thread-1] INFO  server.RaftServerConfigKeys (ConfUtils.java:logGet(46)) - raft.server.snapshot.retention.file.num = 5 (custom)
2023-05-04 21:54:28,012 [pool-371-thread-1] INFO  server.RaftServerConfigKeys (ConfUtils.java:logGet(46)) - raft.server.log.purge.upto.snapshot.index = false (default)
2023-05-04 21:54:28,013 [1cc39e43-a1b8-4aca-9e03-172752381d1e@group-B87FE21FBB1C-FollowerState] INFO  server.RaftServerConfigKeys (ConfUtils.java:logFallback(53)) - raft.server.rpc.first-election.timeout.min = 5s (fallback to raft.server.rpc.timeout.min)
2023-05-04 21:54:28,013 [1cc39e43-a1b8-4aca-9e03-172752381d1e@group-B87FE21FBB1C-FollowerState] INFO  server.RaftServerConfigKeys (ConfUtils.java:logFallback(53)) - raft.server.rpc.first-election.timeout.max = 5200ms (fallback to raft.server.rpc.timeout.max)
2023-05-04 21:54:28,013 [Command processor thread] INFO  ratis.XceiverServerRatis (XceiverServerRatis.java:addGroup(806)) - Created group PipelineID=e476fd83-53ba-44fc-9320-b87fe21fbb1c
2023-05-04 21:54:28,013 [Command processor thread] INFO  commandhandler.CreatePipelineCommandHandler (CreatePipelineCommandHandler.java:handle(113)) - Created Pipeline RATIS ONE PipelineID=e476fd83-53ba-44fc-9320-b87fe21fbb1c.
2023-05-04 21:54:28,014 [e0862bec-a8bd-48ad-a9f8-bef0c155c835@group-54A07F66644F-LeaderElection3] INFO  impl.RoleInfo (RoleInfo.java:updateAndGet(139)) - e0862bec-a8bd-48ad-a9f8-bef0c155c835: start e0862bec-a8bd-48ad-a9f8-bef0c155c835@group-54A07F66644F-LeaderStateImpl
2023-05-04 21:54:28,014 [e0862bec-a8bd-48ad-a9f8-bef0c155c835@group-54A07F66644F-LeaderElection3] INFO  segmented.SegmentedRaftLogWorker (SegmentedRaftLogWorker.java:startLogSegment(452)) - e0862bec-a8bd-48ad-a9f8-bef0c155c835@group-54A07F66644F-SegmentedRaftLogWorker: Starting segment from index:0
2023-05-04 21:54:28,015 [e0862bec-a8bd-48ad-a9f8-bef0c155c835@group-54A07F66644F-SegmentedRaftLogWorker] INFO  segmented.SegmentedRaftLogWorker (SegmentedRaftLogWorker.java:execute(656)) - e0862bec-a8bd-48ad-a9f8-bef0c155c835@group-54A07F66644F-SegmentedRaftLogWorker: created new log segment /home/runner/work/ozone/ozone/hadoop-ozone/integration-test/target/test-dir/MiniOzoneClusterImpl-52a188dd-66b8-45b2-ab7c-675c0ee04825/datanode-0/data/ratis/c675faf1-9d96-4647-b9f5-54a07f66644f/current/log_inprogress_0
2023-05-04 21:54:28,022 [e0862bec-a8bd-48ad-a9f8-bef0c155c835@group-54A07F66644F-LeaderElection3] INFO  server.RaftServer$Division (ServerState.java:setRaftConf(430)) - e0862bec-a8bd-48ad-a9f8-bef0c155c835@group-54A07F66644F: set configuration 0: peers:[4332e2d2-7bb6-4f7e-906a-de641ae4498f|rpc:10.1.0.44:41005|dataStream:10.1.0.44:36391|priority:0|startupRole:FOLLOWER, 4af07dde-7c26-4e14-912a-ab8f17b2e80e|rpc:10.1.0.44:38769|dataStream:10.1.0.44:33047|priority:0|startupRole:FOLLOWER, e0862bec-a8bd-48ad-a9f8-bef0c155c835|rpc:10.1.0.44:39581|dataStream:10.1.0.44:35075|priority:1|startupRole:FOLLOWER]|listeners:[], old=null
2023-05-04 21:54:28,050 [4332e2d2-7bb6-4f7e-906a-de641ae4498f-server-thread1] INFO  ratis.XceiverServerRatis (XceiverServerRatis.java:handleLeaderChangedNotification(904)) - Leader change notification received for group: group-54A07F66644F with new leaderId: e0862bec-a8bd-48ad-a9f8-bef0c155c835
2023-05-04 21:54:28,050 [4332e2d2-7bb6-4f7e-906a-de641ae4498f-server-thread1] INFO  server.RaftServer$Division (ServerState.java:setLeader(313)) - 4332e2d2-7bb6-4f7e-906a-de641ae4498f@group-54A07F66644F: change Leader from null to e0862bec-a8bd-48ad-a9f8-bef0c155c835 at term 1 for appendEntries, leader elected after 4860ms
2023-05-04 21:54:28,083 [4af07dde-7c26-4e14-912a-ab8f17b2e80e-server-thread1] INFO  ratis.XceiverServerRatis (XceiverServerRatis.java:handleLeaderChangedNotification(904)) - Leader change notification received for group: group-54A07F66644F with new leaderId: e0862bec-a8bd-48ad-a9f8-bef0c155c835
2023-05-04 21:54:28,083 [4af07dde-7c26-4e14-912a-ab8f17b2e80e-server-thread1] INFO  server.RaftServer$Division (ServerState.java:setLeader(313)) - 4af07dde-7c26-4e14-912a-ab8f17b2e80e@group-54A07F66644F: change Leader from null to e0862bec-a8bd-48ad-a9f8-bef0c155c835 at term 1 for appendEntries, leader elected after 4471ms
2023-05-04 21:54:28,089 [4332e2d2-7bb6-4f7e-906a-de641ae4498f-server-thread1] INFO  server.RaftServer$Division (ServerState.java:setRaftConf(430)) - 4332e2d2-7bb6-4f7e-906a-de641ae4498f@group-54A07F66644F: set configuration 0: peers:[4332e2d2-7bb6-4f7e-906a-de641ae4498f|rpc:10.1.0.44:41005|dataStream:10.1.0.44:36391|priority:0|startupRole:FOLLOWER, 4af07dde-7c26-4e14-912a-ab8f17b2e80e|rpc:10.1.0.44:38769|dataStream:10.1.0.44:33047|priority:0|startupRole:FOLLOWER, e0862bec-a8bd-48ad-a9f8-bef0c155c835|rpc:10.1.0.44:39581|dataStream:10.1.0.44:35075|priority:1|startupRole:FOLLOWER]|listeners:[], old=null
2023-05-04 21:54:28,090 [4332e2d2-7bb6-4f7e-906a-de641ae4498f-server-thread1] INFO  segmented.SegmentedRaftLogWorker (SegmentedRaftLogWorker.java:startLogSegment(452)) - 4332e2d2-7bb6-4f7e-906a-de641ae4498f@group-54A07F66644F-SegmentedRaftLogWorker: Starting segment from index:0
2023-05-04 21:54:28,094 [4332e2d2-7bb6-4f7e-906a-de641ae4498f@group-54A07F66644F-SegmentedRaftLogWorker] INFO  segmented.SegmentedRaftLogWorker (SegmentedRaftLogWorker.java:execute(656)) - 4332e2d2-7bb6-4f7e-906a-de641ae4498f@group-54A07F66644F-SegmentedRaftLogWorker: created new log segment /home/runner/work/ozone/ozone/hadoop-ozone/integration-test/target/test-dir/MiniOzoneClusterImpl-52a188dd-66b8-45b2-ab7c-675c0ee04825/datanode-1/data/ratis/c675faf1-9d96-4647-b9f5-54a07f66644f/current/log_inprogress_0
2023-05-04 21:54:28,094 [4af07dde-7c26-4e14-912a-ab8f17b2e80e-server-thread2] INFO  server.RaftServer$Division (ServerState.java:setRaftConf(430)) - 4af07dde-7c26-4e14-912a-ab8f17b2e80e@group-54A07F66644F: set configuration 0: peers:[4332e2d2-7bb6-4f7e-906a-de641ae4498f|rpc:10.1.0.44:41005|dataStream:10.1.0.44:36391|priority:0|startupRole:FOLLOWER, 4af07dde-7c26-4e14-912a-ab8f17b2e80e|rpc:10.1.0.44:38769|dataStream:10.1.0.44:33047|priority:0|startupRole:FOLLOWER, e0862bec-a8bd-48ad-a9f8-bef0c155c835|rpc:10.1.0.44:39581|dataStream:10.1.0.44:35075|priority:1|startupRole:FOLLOWER]|listeners:[], old=null
2023-05-04 21:54:28,095 [4af07dde-7c26-4e14-912a-ab8f17b2e80e-server-thread2] INFO  segmented.SegmentedRaftLogWorker (SegmentedRaftLogWorker.java:startLogSegment(452)) - 4af07dde-7c26-4e14-912a-ab8f17b2e80e@group-54A07F66644F-SegmentedRaftLogWorker: Starting segment from index:0
2023-05-04 21:54:28,097 [4af07dde-7c26-4e14-912a-ab8f17b2e80e@group-54A07F66644F-SegmentedRaftLogWorker] INFO  segmented.SegmentedRaftLogWorker (SegmentedRaftLogWorker.java:execute(656)) - 4af07dde-7c26-4e14-912a-ab8f17b2e80e@group-54A07F66644F-SegmentedRaftLogWorker: created new log segment /home/runner/work/ozone/ozone/hadoop-ozone/integration-test/target/test-dir/MiniOzoneClusterImpl-52a188dd-66b8-45b2-ab7c-675c0ee04825/datanode-2/data/ratis/c675faf1-9d96-4647-b9f5-54a07f66644f/current/log_inprogress_0
2023-05-04 21:54:28,114 [Listener at 127.0.0.1/45425] INFO  ozone.MiniOzoneClusterImpl (MiniOzoneClusterImpl.java:lambda$waitForClusterToBeReady$0(223)) - Nodes are ready. Got 14 of 14 DN Heartbeats.
2023-05-04 21:54:28,114 [Listener at 127.0.0.1/45425] INFO  ozone.MiniOzoneClusterImpl (MiniOzoneClusterImpl.java:lambda$waitForClusterToBeReady$0(226)) - Cluster exits safe mode
2023-05-04 21:54:28,114 [Listener at 127.0.0.1/45425] INFO  ozone.MiniOzoneClusterImpl (MiniOzoneClusterImpl.java:lambda$waitForClusterToBeReady$0(228)) - SCM became leader
2023-05-04 21:54:28,172 [4332e2d2-7bb6-4f7e-906a-de641ae4498f@group-720AE4798217-FollowerState] INFO  impl.FollowerState (FollowerState.java:run(143)) - 4332e2d2-7bb6-4f7e-906a-de641ae4498f@group-720AE4798217-FollowerState: change to CANDIDATE, lastRpcElapsedTime:5017724966ns, electionTimeout:5012ms
2023-05-04 21:54:28,172 [4332e2d2-7bb6-4f7e-906a-de641ae4498f@group-720AE4798217-FollowerState] INFO  impl.RoleInfo (RoleInfo.java:shutdownFollowerState(110)) - 4332e2d2-7bb6-4f7e-906a-de641ae4498f: shutdown 4332e2d2-7bb6-4f7e-906a-de641ae4498f@group-720AE4798217-FollowerState
2023-05-04 21:54:28,172 [4332e2d2-7bb6-4f7e-906a-de641ae4498f@group-720AE4798217-FollowerState] INFO  server.RaftServer$Division (RaftServerImpl.java:setRole(321)) - 4332e2d2-7bb6-4f7e-906a-de641ae4498f@group-720AE4798217: changes role from  FOLLOWER to CANDIDATE at term 0 for changeToCandidate
2023-05-04 21:54:28,173 [4332e2d2-7bb6-4f7e-906a-de641ae4498f@group-720AE4798217-FollowerState] INFO  server.RaftServerConfigKeys (ConfUtils.java:logGet(46)) - raft.server.leaderelection.pre-vote = true (default)
2023-05-04 21:54:28,173 [4332e2d2-7bb6-4f7e-906a-de641ae4498f@group-720AE4798217-FollowerState] INFO  impl.RoleInfo (RoleInfo.java:updateAndGet(139)) - 4332e2d2-7bb6-4f7e-906a-de641ae4498f: start 4332e2d2-7bb6-4f7e-906a-de641ae4498f@group-720AE4798217-LeaderElection4
2023-05-04 21:54:28,185 [4332e2d2-7bb6-4f7e-906a-de641ae4498f@group-720AE4798217-LeaderElection4] INFO  impl.LeaderElection (LeaderElection.java:askForVotes(312)) - 4332e2d2-7bb6-4f7e-906a-de641ae4498f@group-720AE4798217-LeaderElection4 PRE_VOTE round 0: submit vote requests at term 0 for -1: peers:[4332e2d2-7bb6-4f7e-906a-de641ae4498f|rpc:10.1.0.44:41005|dataStream:10.1.0.44:36391|priority:1|startupRole:FOLLOWER]|listeners:[], old=null
2023-05-04 21:54:28,185 [4332e2d2-7bb6-4f7e-906a-de641ae4498f@group-720AE4798217-LeaderElection4] INFO  impl.LeaderElection (LeaderElection.java:askForVotes(314)) - 4332e2d2-7bb6-4f7e-906a-de641ae4498f@group-720AE4798217-LeaderElection4 PRE_VOTE round 0: result PASSED (term=0)
2023-05-04 21:54:28,186 [4332e2d2-7bb6-4f7e-906a-de641ae4498f@group-720AE4798217-LeaderElection4] INFO  impl.LeaderElection (LeaderElection.java:askForVotes(312)) - 4332e2d2-7bb6-4f7e-906a-de641ae4498f@group-720AE4798217-LeaderElection4 ELECTION round 0: submit vote requests at term 1 for -1: peers:[4332e2d2-7bb6-4f7e-906a-de641ae4498f|rpc:10.1.0.44:41005|dataStream:10.1.0.44:36391|priority:1|startupRole:FOLLOWER]|listeners:[], old=null
2023-05-04 21:54:28,186 [4332e2d2-7bb6-4f7e-906a-de641ae4498f@group-720AE4798217-LeaderElection4] INFO  impl.LeaderElection (LeaderElection.java:askForVotes(314)) - 4332e2d2-7bb6-4f7e-906a-de641ae4498f@group-720AE4798217-LeaderElection4 ELECTION round 0: result PASSED (term=1)
2023-05-04 21:54:28,187 [4332e2d2-7bb6-4f7e-906a-de641ae4498f@group-720AE4798217-LeaderElection4] INFO  impl.RoleInfo (RoleInfo.java:shutdownLeaderElection(130)) - 4332e2d2-7bb6-4f7e-906a-de641ae4498f: shutdown 4332e2d2-7bb6-4f7e-906a-de641ae4498f@group-720AE4798217-LeaderElection4
2023-05-04 21:54:28,187 [4332e2d2-7bb6-4f7e-906a-de641ae4498f@group-720AE4798217-LeaderElection4] INFO  server.RaftServer$Division (RaftServerImpl.java:setRole(321)) - 4332e2d2-7bb6-4f7e-906a-de641ae4498f@group-720AE4798217: changes role from CANDIDATE to LEADER at term 1 for changeToLeader
2023-05-04 21:54:28,187 [4332e2d2-7bb6-4f7e-906a-de641ae4498f@group-720AE4798217-LeaderElection4] INFO  ratis.XceiverServerRatis (XceiverServerRatis.java:handleLeaderChangedNotification(904)) - Leader change notification received for group: group-720AE4798217 with new leaderId: 4332e2d2-7bb6-4f7e-906a-de641ae4498f
2023-05-04 21:54:28,187 [4332e2d2-7bb6-4f7e-906a-de641ae4498f@group-720AE4798217-LeaderElection4] INFO  server.RaftServer$Division (ServerState.java:setLeader(313)) - 4332e2d2-7bb6-4f7e-906a-de641ae4498f@group-720AE4798217: change Leader from null to 4332e2d2-7bb6-4f7e-906a-de641ae4498f at term 1 for becomeLeader, leader elected after 5074ms
2023-05-04 21:54:28,187 [4332e2d2-7bb6-4f7e-906a-de641ae4498f@group-720AE4798217-LeaderElection4] INFO  server.RaftServerConfigKeys (ConfUtils.java:logGet(46)) - raft.server.staging.catchup.gap = 1000 (default)
2023-05-04 21:54:28,187 [4332e2d2-7bb6-4f7e-906a-de641ae4498f@group-720AE4798217-LeaderElection4] INFO  server.RaftServerConfigKeys (ConfUtils.java:logGet(46)) - raft.server.write.element-limit = 1024 (custom)
2023-05-04 21:54:28,187 [4332e2d2-7bb6-4f7e-906a-de641ae4498f@group-720AE4798217-LeaderElection4] INFO  server.RaftServerConfigKeys (ConfUtils.java:logGet(46)) - raft.server.write.byte-limit = 1024 M (=1073741824) (custom)
2023-05-04 21:54:28,188 [4332e2d2-7bb6-4f7e-906a-de641ae4498f@group-720AE4798217-LeaderElection4] INFO  server.RaftServerConfigKeys (ConfUtils.java:logGet(46)) - raft.server.watch.timeout = 180s (custom)
2023-05-04 21:54:28,188 [4332e2d2-7bb6-4f7e-906a-de641ae4498f@group-720AE4798217-LeaderElection4] INFO  server.RaftServerConfigKeys (ConfUtils.java:logGet(46)) - raft.server.watch.timeout.denomination = 1s (default)
2023-05-04 21:54:28,188 [4332e2d2-7bb6-4f7e-906a-de641ae4498f@group-720AE4798217-LeaderElection4] INFO  server.RaftServerConfigKeys (ConfUtils.java:logGet(46)) - raft.server.watch.element-limit = 65536 (default)
2023-05-04 21:54:28,188 [4332e2d2-7bb6-4f7e-906a-de641ae4498f@group-720AE4798217-LeaderElection4] INFO  server.RaftServerConfigKeys (ConfUtils.java:logGet(46)) - raft.server.write.element-limit = 1024 (custom)
2023-05-04 21:54:28,188 [4332e2d2-7bb6-4f7e-906a-de641ae4498f@group-720AE4798217-LeaderElection4] INFO  server.RaftServerConfigKeys (ConfUtils.java:logGet(46)) - raft.server.write.follower.gap.ratio.max = -1.0 (default)
2023-05-04 21:54:28,188 [4332e2d2-7bb6-4f7e-906a-de641ae4498f@group-720AE4798217-LeaderElection4] INFO  impl.RoleInfo (RoleInfo.java:updateAndGet(139)) - 4332e2d2-7bb6-4f7e-906a-de641ae4498f: start 4332e2d2-7bb6-4f7e-906a-de641ae4498f@group-720AE4798217-LeaderStateImpl
2023-05-04 21:54:28,188 [4332e2d2-7bb6-4f7e-906a-de641ae4498f@group-720AE4798217-LeaderElection4] INFO  segmented.SegmentedRaftLogWorker (SegmentedRaftLogWorker.java:startLogSegment(452)) - 4332e2d2-7bb6-4f7e-906a-de641ae4498f@group-720AE4798217-SegmentedRaftLogWorker: Starting segment from index:0
2023-05-04 21:54:28,192 [4332e2d2-7bb6-4f7e-906a-de641ae4498f@group-720AE4798217-SegmentedRaftLogWorker] INFO  segmented.SegmentedRaftLogWorker (SegmentedRaftLogWorker.java:execute(656)) - 4332e2d2-7bb6-4f7e-906a-de641ae4498f@group-720AE4798217-SegmentedRaftLogWorker: created new log segment /home/runner/work/ozone/ozone/hadoop-ozone/integration-test/target/test-dir/MiniOzoneClusterImpl-52a188dd-66b8-45b2-ab7c-675c0ee04825/datanode-1/data/ratis/12d30ea2-0efb-49f7-a767-720ae4798217/current/log_inprogress_0
2023-05-04 21:54:28,194 [4332e2d2-7bb6-4f7e-906a-de641ae4498f@group-720AE4798217-LeaderElection4] INFO  server.RaftServer$Division (ServerState.java:setRaftConf(430)) - 4332e2d2-7bb6-4f7e-906a-de641ae4498f@group-720AE4798217: set configuration 0: peers:[4332e2d2-7bb6-4f7e-906a-de641ae4498f|rpc:10.1.0.44:41005|dataStream:10.1.0.44:36391|priority:1|startupRole:FOLLOWER]|listeners:[], old=null
2023-05-04 21:54:28,500 [Command processor thread] INFO  server.RaftServer (RaftServerProxy.java:addNew(96)) - 4af14e23-4e43-4125-a3fa-4a46f775551c: addNew group-F197F553B77F:[4af14e23-4e43-4125-a3fa-4a46f775551c|rpc:10.1.0.44:42289|dataStream:10.1.0.44:37781|priority:1|startupRole:FOLLOWER] returns group-F197F553B77F:java.util.concurrent.CompletableFuture@7953f484[Not completed]
2023-05-04 21:54:28,501 [pool-401-thread-1] INFO  server.RaftServer$Division (RaftServerImpl.java:<init>(195)) - 4af14e23-4e43-4125-a3fa-4a46f775551c: new RaftServerImpl for group-F197F553B77F:[4af14e23-4e43-4125-a3fa-4a46f775551c|rpc:10.1.0.44:42289|dataStream:10.1.0.44:37781|priority:1|startupRole:FOLLOWER] with ContainerStateMachine:uninitialized
2023-05-04 21:54:28,501 [pool-401-thread-1] INFO  server.RaftServerConfigKeys (ConfUtils.java:logGet(46)) - raft.server.rpc.timeout.min = 5s (custom)
2023-05-04 21:54:28,501 [pool-401-thread-1] INFO  server.RaftServerConfigKeys (ConfUtils.java:logGet(46)) - raft.server.rpc.timeout.max = 5200ms (custom)
2023-05-04 21:54:28,501 [pool-401-thread-1] INFO  server.RaftServerConfigKeys (ConfUtils.java:logGet(46)) - raft.server.rpc.sleep.time = 25ms (default)
2023-05-04 21:54:28,502 [pool-401-thread-1] INFO  server.RaftServerConfigKeys (ConfUtils.java:logGet(46)) - raft.server.rpc.slowness.timeout = 300s (custom)
2023-05-04 21:54:28,502 [pool-401-thread-1] INFO  server.RaftServerConfigKeys (ConfUtils.java:logGet(46)) - raft.server.leaderelection.leader.step-down.wait-time = 10s (default)
2023-05-04 21:54:28,502 [pool-401-thread-1] INFO  server.RaftServerConfigKeys (ConfUtils.java:logGet(46)) - raft.server.sleep.deviation.threshold = 300ms (default)
2023-05-04 21:54:28,502 [pool-401-thread-1] INFO  server.RaftServer$Division (ServerState.java:<init>(118)) - 4af14e23-4e43-4125-a3fa-4a46f775551c@group-F197F553B77F: ConfigurationManager, init=-1: peers:[4af14e23-4e43-4125-a3fa-4a46f775551c|rpc:10.1.0.44:42289|dataStream:10.1.0.44:37781|priority:1|startupRole:FOLLOWER]|listeners:[], old=null, confs=<EMPTY_MAP>
2023-05-04 21:54:28,502 [pool-401-thread-1] INFO  server.RaftServerConfigKeys (ConfUtils.java:logGet(46)) - raft.server.storage.dir = [/home/runner/work/ozone/ozone/hadoop-ozone/integration-test/target/test-dir/MiniOzoneClusterImpl-52a188dd-66b8-45b2-ab7c-675c0ee04825/datanode-13/data/ratis] (custom)
2023-05-04 21:54:28,502 [pool-401-thread-1] INFO  server.RaftServerConfigKeys (ConfUtils.java:logGet(46)) - raft.server.log.corruption.policy = EXCEPTION (default)
2023-05-04 21:54:28,502 [pool-401-thread-1] INFO  server.RaftServerConfigKeys (ConfUtils.java:logGet(46)) - raft.server.storage.free-space.min = 0MB (=0) (default)
2023-05-04 21:54:28,502 [pool-401-thread-1] INFO  server.RaftServerConfigKeys (ConfUtils.java:logGet(46)) - raft.server.notification.no-leader.timeout = 300s (custom)
2023-05-04 21:54:28,502 [pool-401-thread-1] INFO  server.RaftServerConfigKeys (ConfUtils.java:logGet(46)) - raft.server.retrycache.expirytime = 600000ms (custom)
2023-05-04 21:54:28,502 [pool-401-thread-1] INFO  server.RaftServerConfigKeys (ConfUtils.java:logGet(46)) - raft.server.retrycache.statistics.expirytime = 100μs (default)
2023-05-04 21:54:28,503 [pool-401-thread-1] INFO  server.RaftServerConfigKeys (ConfUtils.java:logGet(46)) - raft.server.log.appender.install.snapshot.enabled = false (custom)
2023-05-04 21:54:28,503 [pool-401-thread-1] INFO  server.RaftServerConfigKeys (ConfUtils.java:logGet(46)) - raft.server.threadpool.server.cached = true (default)
2023-05-04 21:54:28,503 [pool-401-thread-1] INFO  server.RaftServerConfigKeys (ConfUtils.java:logGet(46)) - raft.server.threadpool.server.size = 0 (default)
2023-05-04 21:54:28,503 [pool-401-thread-1] INFO  server.RaftServerConfigKeys (ConfUtils.java:logGet(46)) - raft.server.threadpool.client.cached = true (default)
2023-05-04 21:54:28,503 [pool-401-thread-1] INFO  server.RaftServerConfigKeys (ConfUtils.java:logGet(46)) - raft.server.threadpool.client.size = 0 (default)
2023-05-04 21:54:28,503 [pool-401-thread-1] INFO  storage.RaftStorageDirectory (RaftStorageDirectoryImpl.java:analyzeStorage(137)) - The storage directory /home/runner/work/ozone/ozone/hadoop-ozone/integration-test/target/test-dir/MiniOzoneClusterImpl-52a188dd-66b8-45b2-ab7c-675c0ee04825/datanode-13/data/ratis/260cc495-612c-4dbb-b2ca-f197f553b77f does not exist. Creating ...
2023-05-04 21:54:28,505 [pool-401-thread-1] INFO  storage.RaftStorageDirectory (RaftStorageDirectoryImpl.java:tryLock(231)) - Lock on /home/runner/work/ozone/ozone/hadoop-ozone/integration-test/target/test-dir/MiniOzoneClusterImpl-52a188dd-66b8-45b2-ab7c-675c0ee04825/datanode-13/data/ratis/260cc495-612c-4dbb-b2ca-f197f553b77f/in_use.lock acquired by nodename 25128@fv-az133-721
2023-05-04 21:54:28,506 [pool-401-thread-1] INFO  storage.RaftStorage (RaftStorageImpl.java:format(96)) - Storage directory /home/runner/work/ozone/ozone/hadoop-ozone/integration-test/target/test-dir/MiniOzoneClusterImpl-52a188dd-66b8-45b2-ab7c-675c0ee04825/datanode-13/data/ratis/260cc495-612c-4dbb-b2ca-f197f553b77f has been successfully formatted.
2023-05-04 21:54:28,514 [pool-401-thread-1] INFO  ratis.ContainerStateMachine (ContainerStateMachine.java:loadSnapshot(262)) - group-F197F553B77F: The snapshot info is null. Setting the last applied indexto:(t:0, i:~)
2023-05-04 21:54:28,514 [pool-401-thread-1] INFO  server.RaftServerConfigKeys (ConfUtils.java:logGet(46)) - raft.server.log.use.memory = false (default)
2023-05-04 21:54:28,514 [pool-401-thread-1] INFO  server.RaftServerConfigKeys (ConfUtils.java:logGet(46)) - raft.server.log.purge.gap = 1000000 (custom)
2023-05-04 21:54:28,514 [pool-401-thread-1] INFO  server.RaftServerConfigKeys (ConfUtils.java:logGet(46)) - raft.server.log.appender.buffer.byte-limit = 33554432 (custom)
2023-05-04 21:54:28,514 [pool-401-thread-1] INFO  server.RaftServerConfigKeys (ConfUtils.java:logGet(46)) - raft.server.log.statemachine.data.read.timeout = 1000ms (default)
2023-05-04 21:54:28,514 [pool-401-thread-1] INFO  server.RaftServerConfigKeys (ConfUtils.java:logGet(46)) - raft.server.log.purge.preservation.log.num = 0 (default)
2023-05-04 21:54:28,514 [pool-401-thread-1] INFO  server.RaftServerConfigKeys (ConfUtils.java:logGet(46)) - raft.server.log.segment.size.max = 1048576 (custom)
2023-05-04 21:54:28,515 [pool-401-thread-1] INFO  server.RaftServerConfigKeys (ConfUtils.java:logGet(46)) - raft.server.log.segment.cache.num.max = 2 (custom)
2023-05-04 21:54:28,515 [pool-401-thread-1] INFO  server.RaftServerConfigKeys (ConfUtils.java:logGet(46)) - raft.server.log.segment.cache.size.max = 200MB (=209715200) (default)
2023-05-04 21:54:28,515 [pool-401-thread-1] INFO  segmented.SegmentedRaftLogWorker (SegmentedRaftLogWorker.java:<init>(189)) - new 4af14e23-4e43-4125-a3fa-4a46f775551c@group-F197F553B77F-SegmentedRaftLogWorker for RaftStorageImpl:Storage Directory /home/runner/work/ozone/ozone/hadoop-ozone/integration-test/target/test-dir/MiniOzoneClusterImpl-52a188dd-66b8-45b2-ab7c-675c0ee04825/datanode-13/data/ratis/260cc495-612c-4dbb-b2ca-f197f553b77f
2023-05-04 21:54:28,515 [pool-401-thread-1] INFO  server.RaftServerConfigKeys (ConfUtils.java:logGet(46)) - raft.server.log.queue.byte-limit = 4294967296 (custom)
2023-05-04 21:54:28,515 [pool-401-thread-1] INFO  server.RaftServerConfigKeys (ConfUtils.java:logGet(46)) - raft.server.log.queue.element-limit = 1024 (custom)
2023-05-04 21:54:28,515 [pool-401-thread-1] INFO  server.RaftServerConfigKeys (ConfUtils.java:logGet(46)) - raft.server.log.segment.size.max = 1048576 (custom)
2023-05-04 21:54:28,515 [pool-401-thread-1] INFO  server.RaftServerConfigKeys (ConfUtils.java:logGet(46)) - raft.server.log.preallocated.size = 16384 (custom)
2023-05-04 21:54:28,515 [pool-401-thread-1] INFO  server.RaftServerConfigKeys (ConfUtils.java:logGet(46)) - raft.server.log.force.sync.num = 128 (default)
2023-05-04 21:54:28,515 [pool-401-thread-1] INFO  server.RaftServerConfigKeys (ConfUtils.java:logGet(46)) - raft.server.log.statemachine.data.sync = true (default)
2023-05-04 21:54:28,515 [pool-401-thread-1] INFO  server.RaftServerConfigKeys (ConfUtils.java:logGet(46)) - raft.server.log.statemachine.data.sync.timeout = 10s (default)
2023-05-04 21:54:28,515 [pool-401-thread-1] INFO  server.RaftServerConfigKeys (ConfUtils.java:logGet(46)) - raft.server.log.statemachine.data.sync.timeout.retry = -1 (default)
2023-05-04 21:54:28,516 [EventQueue-PipelineReportForPipelineReportHandler] INFO  pipeline.PipelineManagerImpl (PipelineManagerImpl.java:openPipeline(367)) - Pipeline Pipeline[ Id: 260cc495-612c-4dbb-b2ca-f197f553b77f, Nodes: 4af14e23-4e43-4125-a3fa-4a46f775551c(fv-az133-721.yhipumr4050edinzmvad0xeera.cx.internal.cloudapp.net/10.1.0.44), ReplicationConfig: RATIS/ONE, State:ALLOCATED, leaderId:4af14e23-4e43-4125-a3fa-4a46f775551c, CreationTimestamp2023-05-04T21:54:25.501Z[Etc/UTC]] moved to OPEN state
2023-05-04 21:54:28,516 [pool-401-thread-1] INFO  server.RaftServerConfigKeys (ConfUtils.java:logGet(46)) - raft.server.log.write.buffer.size = 1048576 (custom)
2023-05-04 21:54:28,516 [pool-401-thread-1] INFO  server.RaftServerConfigKeys (ConfUtils.java:logGet(46)) - raft.server.log.appender.buffer.byte-limit = 33554432 (custom)
2023-05-04 21:54:28,523 [pool-401-thread-1] INFO  server.RaftServerConfigKeys (ConfUtils.java:logGet(46)) - raft.server.log.unsafe-flush.enabled = false (default)
2023-05-04 21:54:28,523 [pool-401-thread-1] INFO  server.RaftServerConfigKeys (ConfUtils.java:logGet(46)) - raft.server.log.async-flush.enabled = false (default)
2023-05-04 21:54:28,523 [pool-401-thread-1] INFO  server.RaftServerConfigKeys (ConfUtils.java:logGet(46)) - raft.server.log.statemachine.data.caching.enabled = true (custom)
2023-05-04 21:54:28,524 [pool-401-thread-1] INFO  segmented.SegmentedRaftLogWorker (SegmentedRaftLogWorker.java:lambda$new$0(135)) - 4af14e23-4e43-4125-a3fa-4a46f775551c@group-F197F553B77F-SegmentedRaftLogWorker: flushIndex: setUnconditionally 0 -> -1
2023-05-04 21:54:28,524 [pool-401-thread-1] INFO  segmented.SegmentedRaftLogWorker (SegmentedRaftLogWorker.java:lambda$new$0(135)) - 4af14e23-4e43-4125-a3fa-4a46f775551c@group-F197F553B77F-SegmentedRaftLogWorker: safeCacheEvictIndex: setUnconditionally 0 -> -1
2023-05-04 21:54:28,529 [pool-401-thread-1] INFO  server.RaftServer$Division (RaftServerImpl.java:start(334)) - 4af14e23-4e43-4125-a3fa-4a46f775551c@group-F197F553B77F: start as a follower, conf=-1: peers:[4af14e23-4e43-4125-a3fa-4a46f775551c|rpc:10.1.0.44:42289|dataStream:10.1.0.44:37781|priority:1|startupRole:FOLLOWER]|listeners:[], old=null
2023-05-04 21:54:28,529 [pool-401-thread-1] INFO  server.RaftServer$Division (RaftServerImpl.java:setRole(321)) - 4af14e23-4e43-4125-a3fa-4a46f775551c@group-F197F553B77F: changes role from      null to FOLLOWER at term 0 for startAsFollower
2023-05-04 21:54:28,529 [pool-401-thread-1] INFO  impl.RoleInfo (RoleInfo.java:updateAndGet(139)) - 4af14e23-4e43-4125-a3fa-4a46f775551c: start 4af14e23-4e43-4125-a3fa-4a46f775551c@group-F197F553B77F-FollowerState
2023-05-04 21:54:28,535 [pool-401-thread-1] INFO  util.JmxRegister (JmxRegister.java:tryRegister(44)) - Successfully registered JMX Bean with object name Ratis:service=RaftServer,group=group-F197F553B77F,id=4af14e23-4e43-4125-a3fa-4a46f775551c
2023-05-04 21:54:28,535 [pool-401-thread-1] INFO  server.RaftServerConfigKeys (ConfUtils.java:logGet(46)) - raft.server.snapshot.auto.trigger.enabled = true (custom)
2023-05-04 21:54:28,535 [pool-401-thread-1] INFO  server.RaftServerConfigKeys (ConfUtils.java:logGet(46)) - raft.server.snapshot.auto.trigger.threshold = 10000 (custom)
2023-05-04 21:54:28,535 [pool-401-thread-1] INFO  server.RaftServerConfigKeys (ConfUtils.java:logGet(46)) - raft.server.snapshot.retention.file.num = 5 (custom)
2023-05-04 21:54:28,535 [pool-401-thread-1] INFO  server.RaftServerConfigKeys (ConfUtils.java:logGet(46)) - raft.server.log.purge.upto.snapshot.index = false (default)
2023-05-04 21:54:28,536 [4af14e23-4e43-4125-a3fa-4a46f775551c@group-F197F553B77F-FollowerState] INFO  server.RaftServerConfigKeys (ConfUtils.java:logFallback(53)) - raft.server.rpc.first-election.timeout.min = 5s (fallback to raft.server.rpc.timeout.min)
2023-05-04 21:54:28,536 [4af14e23-4e43-4125-a3fa-4a46f775551c@group-F197F553B77F-FollowerState] INFO  server.RaftServerConfigKeys (ConfUtils.java:logFallback(53)) - raft.server.rpc.first-election.timeout.max = 5200ms (fallback to raft.server.rpc.timeout.max)
2023-05-04 21:54:28,546 [Command processor thread] INFO  ratis.XceiverServerRatis (XceiverServerRatis.java:addGroup(806)) - Created group PipelineID=260cc495-612c-4dbb-b2ca-f197f553b77f
2023-05-04 21:54:28,546 [Command processor thread] INFO  commandhandler.CreatePipelineCommandHandler (CreatePipelineCommandHandler.java:handle(113)) - Created Pipeline RATIS ONE PipelineID=260cc495-612c-4dbb-b2ca-f197f553b77f.
2023-05-04 21:54:28,710 [4af07dde-7c26-4e14-912a-ab8f17b2e80e@group-DDEFD96A5894-FollowerState] INFO  impl.FollowerState (FollowerState.java:run(143)) - 4af07dde-7c26-4e14-912a-ab8f17b2e80e@group-DDEFD96A5894-FollowerState: change to CANDIDATE, lastRpcElapsedTime:5104867592ns, electionTimeout:5101ms
2023-05-04 21:54:28,710 [4af07dde-7c26-4e14-912a-ab8f17b2e80e@group-DDEFD96A5894-FollowerState] INFO  impl.RoleInfo (RoleInfo.java:shutdownFollowerState(110)) - 4af07dde-7c26-4e14-912a-ab8f17b2e80e: shutdown 4af07dde-7c26-4e14-912a-ab8f17b2e80e@group-DDEFD96A5894-FollowerState
2023-05-04 21:54:28,710 [4af07dde-7c26-4e14-912a-ab8f17b2e80e@group-DDEFD96A5894-FollowerState] INFO  server.RaftServer$Division (RaftServerImpl.java:setRole(321)) - 4af07dde-7c26-4e14-912a-ab8f17b2e80e@group-DDEFD96A5894: changes role from  FOLLOWER to CANDIDATE at term 0 for changeToCandidate
2023-05-04 21:54:28,711 [4af07dde-7c26-4e14-912a-ab8f17b2e80e@group-DDEFD96A5894-FollowerState] INFO  server.RaftServerConfigKeys (ConfUtils.java:logGet(46)) - raft.server.leaderelection.pre-vote = true (default)
2023-05-04 21:54:28,711 [4af07dde-7c26-4e14-912a-ab8f17b2e80e@group-DDEFD96A5894-FollowerState] INFO  impl.RoleInfo (RoleInfo.java:updateAndGet(139)) - 4af07dde-7c26-4e14-912a-ab8f17b2e80e: start 4af07dde-7c26-4e14-912a-ab8f17b2e80e@group-DDEFD96A5894-LeaderElection5
2023-05-04 21:54:28,721 [4af07dde-7c26-4e14-912a-ab8f17b2e80e@group-DDEFD96A5894-LeaderElection5] INFO  impl.LeaderElection (LeaderElection.java:askForVotes(312)) - 4af07dde-7c26-4e14-912a-ab8f17b2e80e@group-DDEFD96A5894-LeaderElection5 PRE_VOTE round 0: submit vote requests at term 0 for -1: peers:[4af07dde-7c26-4e14-912a-ab8f17b2e80e|rpc:10.1.0.44:38769|dataStream:10.1.0.44:33047|priority:1|startupRole:FOLLOWER]|listeners:[], old=null
2023-05-04 21:54:28,721 [4af07dde-7c26-4e14-912a-ab8f17b2e80e@group-DDEFD96A5894-LeaderElection5] INFO  impl.LeaderElection (LeaderElection.java:askForVotes(314)) - 4af07dde-7c26-4e14-912a-ab8f17b2e80e@group-DDEFD96A5894-LeaderElection5 PRE_VOTE round 0: result PASSED (term=0)
2023-05-04 21:54:28,722 [4af07dde-7c26-4e14-912a-ab8f17b2e80e@group-DDEFD96A5894-LeaderElection5] INFO  impl.LeaderElection (LeaderElection.java:askForVotes(312)) - 4af07dde-7c26-4e14-912a-ab8f17b2e80e@group-DDEFD96A5894-LeaderElection5 ELECTION round 0: submit vote requests at term 1 for -1: peers:[4af07dde-7c26-4e14-912a-ab8f17b2e80e|rpc:10.1.0.44:38769|dataStream:10.1.0.44:33047|priority:1|startupRole:FOLLOWER]|listeners:[], old=null
2023-05-04 21:54:28,722 [4af07dde-7c26-4e14-912a-ab8f17b2e80e@group-DDEFD96A5894-LeaderElection5] INFO  impl.LeaderElection (LeaderElection.java:askForVotes(314)) - 4af07dde-7c26-4e14-912a-ab8f17b2e80e@group-DDEFD96A5894-LeaderElection5 ELECTION round 0: result PASSED (term=1)
2023-05-04 21:54:28,722 [4af07dde-7c26-4e14-912a-ab8f17b2e80e@group-DDEFD96A5894-LeaderElection5] INFO  impl.RoleInfo (RoleInfo.java:shutdownLeaderElection(130)) - 4af07dde-7c26-4e14-912a-ab8f17b2e80e: shutdown 4af07dde-7c26-4e14-912a-ab8f17b2e80e@group-DDEFD96A5894-LeaderElection5
2023-05-04 21:54:28,722 [4af07dde-7c26-4e14-912a-ab8f17b2e80e@group-DDEFD96A5894-LeaderElection5] INFO  server.RaftServer$Division (RaftServerImpl.java:setRole(321)) - 4af07dde-7c26-4e14-912a-ab8f17b2e80e@group-DDEFD96A5894: changes role from CANDIDATE to LEADER at term 1 for changeToLeader
2023-05-04 21:54:28,722 [4af07dde-7c26-4e14-912a-ab8f17b2e80e@group-DDEFD96A5894-LeaderElection5] INFO  ratis.XceiverServerRatis (XceiverServerRatis.java:handleLeaderChangedNotification(904)) - Leader change notification received for group: group-DDEFD96A5894 with new leaderId: 4af07dde-7c26-4e14-912a-ab8f17b2e80e
2023-05-04 21:54:28,723 [4af07dde-7c26-4e14-912a-ab8f17b2e80e@group-DDEFD96A5894-LeaderElection5] INFO  server.RaftServer$Division (ServerState.java:setLeader(313)) - 4af07dde-7c26-4e14-912a-ab8f17b2e80e@group-DDEFD96A5894: change Leader from null to 4af07dde-7c26-4e14-912a-ab8f17b2e80e at term 1 for becomeLeader, leader elected after 5165ms
2023-05-04 21:54:28,723 [4af07dde-7c26-4e14-912a-ab8f17b2e80e@group-DDEFD96A5894-LeaderElection5] INFO  server.RaftServerConfigKeys (ConfUtils.java:logGet(46)) - raft.server.staging.catchup.gap = 1000 (default)
2023-05-04 21:54:28,723 [4af07dde-7c26-4e14-912a-ab8f17b2e80e@group-DDEFD96A5894-LeaderElection5] INFO  server.RaftServerConfigKeys (ConfUtils.java:logGet(46)) - raft.server.write.element-limit = 1024 (custom)
2023-05-04 21:54:28,723 [4af07dde-7c26-4e14-912a-ab8f17b2e80e@group-DDEFD96A5894-LeaderElection5] INFO  server.RaftServerConfigKeys (ConfUtils.java:logGet(46)) - raft.server.write.byte-limit = 1024 M (=1073741824) (custom)
2023-05-04 21:54:28,723 [4af07dde-7c26-4e14-912a-ab8f17b2e80e@group-DDEFD96A5894-LeaderElection5] INFO  server.RaftServerConfigKeys (ConfUtils.java:logGet(46)) - raft.server.watch.timeout = 180s (custom)
2023-05-04 21:54:28,723 [4af07dde-7c26-4e14-912a-ab8f17b2e80e@group-DDEFD96A5894-LeaderElection5] INFO  server.RaftServerConfigKeys (ConfUtils.java:logGet(46)) - raft.server.watch.timeout.denomination = 1s (default)
2023-05-04 21:54:28,724 [4af07dde-7c26-4e14-912a-ab8f17b2e80e@group-DDEFD96A5894-LeaderElection5] INFO  server.RaftServerConfigKeys (ConfUtils.java:logGet(46)) - raft.server.watch.element-limit = 65536 (default)
2023-05-04 21:54:28,724 [4af07dde-7c26-4e14-912a-ab8f17b2e80e@group-DDEFD96A5894-LeaderElection5] INFO  server.RaftServerConfigKeys (ConfUtils.java:logGet(46)) - raft.server.write.element-limit = 1024 (custom)
2023-05-04 21:54:28,724 [4af07dde-7c26-4e14-912a-ab8f17b2e80e@group-DDEFD96A5894-LeaderElection5] INFO  server.RaftServerConfigKeys (ConfUtils.java:logGet(46)) - raft.server.write.follower.gap.ratio.max = -1.0 (default)
2023-05-04 21:54:28,724 [4af07dde-7c26-4e14-912a-ab8f17b2e80e@group-DDEFD96A5894-LeaderElection5] INFO  impl.RoleInfo (RoleInfo.java:updateAndGet(139)) - 4af07dde-7c26-4e14-912a-ab8f17b2e80e: start 4af07dde-7c26-4e14-912a-ab8f17b2e80e@group-DDEFD96A5894-LeaderStateImpl
2023-05-04 21:54:28,724 [4af07dde-7c26-4e14-912a-ab8f17b2e80e@group-DDEFD96A5894-LeaderElection5] INFO  segmented.SegmentedRaftLogWorker (SegmentedRaftLogWorker.java:startLogSegment(452)) - 4af07dde-7c26-4e14-912a-ab8f17b2e80e@group-DDEFD96A5894-SegmentedRaftLogWorker: Starting segment from index:0
2023-05-04 21:54:28,726 [4af07dde-7c26-4e14-912a-ab8f17b2e80e@group-DDEFD96A5894-SegmentedRaftLogWorker] INFO  segmented.SegmentedRaftLogWorker (SegmentedRaftLogWorker.java:execute(656)) - 4af07dde-7c26-4e14-912a-ab8f17b2e80e@group-DDEFD96A5894-SegmentedRaftLogWorker: created new log segment /home/runner/work/ozone/ozone/hadoop-ozone/integration-test/target/test-dir/MiniOzoneClusterImpl-52a188dd-66b8-45b2-ab7c-675c0ee04825/datanode-2/data/ratis/8f0af2ce-295b-4bc6-a052-ddefd96a5894/current/log_inprogress_0
2023-05-04 21:54:28,742 [4af07dde-7c26-4e14-912a-ab8f17b2e80e@group-DDEFD96A5894-LeaderElection5] INFO  server.RaftServer$Division (ServerState.java:setRaftConf(430)) - 4af07dde-7c26-4e14-912a-ab8f17b2e80e@group-DDEFD96A5894: set configuration 0: peers:[4af07dde-7c26-4e14-912a-ab8f17b2e80e|rpc:10.1.0.44:38769|dataStream:10.1.0.44:33047|priority:1|startupRole:FOLLOWER]|listeners:[], old=null
2023-05-04 21:54:28,790 [Listener at 127.0.0.1/45425] INFO  rpc.RpcClient (RpcClient.java:createVolume(476)) - Creating Volume: 96f116dd-acb8-4886-ad10-52af6c230ac2, with runner as owner and space quota set to -1 bytes, counts quota set to -1
2023-05-04 21:54:28,853 [OM StateMachine ApplyTransaction Thread - 0] INFO  volume.OMVolumeCreateRequest (OMVolumeCreateRequest.java:validateAndUpdateCache(195)) - created volume:96f116dd-acb8-4886-ad10-52af6c230ac2 for user:runner
2023-05-04 21:54:28,890 [Listener at 127.0.0.1/45425] INFO  rpc.RpcClient (RpcClient.java:createBucket(697)) - Creating Bucket: 96f116dd-acb8-4886-ad10-52af6c230ac2/b7c8b9cb-7e7a-4443-86af-b73223359116, with bucket layout OBJECT_STORE, runner as owner, Versioning true, Storage Type set to DISK and Encryption set to false, Replication Type set to server-side default replication type, Namespace Quota set to -1, Space Quota set to -1 
2023-05-04 21:54:28,917 [OM StateMachine ApplyTransaction Thread - 0] INFO  bucket.OMBucketCreateRequest (OMBucketCreateRequest.java:validateAndUpdateCache(270)) - created bucket: b7c8b9cb-7e7a-4443-86af-b73223359116 of layout OBJECT_STORE in volume: 96f116dd-acb8-4886-ad10-52af6c230ac2
2023-05-04 21:54:28,996 [IPC Server handler 7 on default port 35203] INFO  ha.SequenceIdGenerator (SequenceIdGenerator.java:getNextId(128)) - Allocate a batch for containerId, change lastId from 0 to 1000.
2023-05-04 21:54:29,012 [IPC Server handler 7 on default port 35203] WARN  ha.SequenceIdGenerator (SequenceIdGenerator.java:allocateBatch(237)) - Failed to allocate a batch for localId, expected lastId is 0, actual lastId is 111677748019200000.
2023-05-04 21:54:29,012 [IPC Server handler 7 on default port 35203] INFO  ha.SequenceIdGenerator (SequenceIdGenerator.java:getNextId(128)) - Allocate a batch for localId, change lastId from 111677748019200000 to 111677748019201000.
2023-05-04 21:54:29,016 [7b4a0121-e5ca-4a28-aa85-7db853fd0802@group-6003E1ADB018-FollowerState] INFO  impl.FollowerState (FollowerState.java:run(143)) - 7b4a0121-e5ca-4a28-aa85-7db853fd0802@group-6003E1ADB018-FollowerState: change to CANDIDATE, lastRpcElapsedTime:5012546411ns, electionTimeout:5011ms
2023-05-04 21:54:29,016 [7b4a0121-e5ca-4a28-aa85-7db853fd0802@group-6003E1ADB018-FollowerState] INFO  impl.RoleInfo (RoleInfo.java:shutdownFollowerState(110)) - 7b4a0121-e5ca-4a28-aa85-7db853fd0802: shutdown 7b4a0121-e5ca-4a28-aa85-7db853fd0802@group-6003E1ADB018-FollowerState
2023-05-04 21:54:29,016 [7b4a0121-e5ca-4a28-aa85-7db853fd0802@group-6003E1ADB018-FollowerState] INFO  server.RaftServer$Division (RaftServerImpl.java:setRole(321)) - 7b4a0121-e5ca-4a28-aa85-7db853fd0802@group-6003E1ADB018: changes role from  FOLLOWER to CANDIDATE at term 0 for changeToCandidate
2023-05-04 21:54:29,017 [7b4a0121-e5ca-4a28-aa85-7db853fd0802@group-6003E1ADB018-FollowerState] INFO  server.RaftServerConfigKeys (ConfUtils.java:logGet(46)) - raft.server.leaderelection.pre-vote = true (default)
2023-05-04 21:54:29,017 [7b4a0121-e5ca-4a28-aa85-7db853fd0802@group-6003E1ADB018-FollowerState] INFO  impl.RoleInfo (RoleInfo.java:updateAndGet(139)) - 7b4a0121-e5ca-4a28-aa85-7db853fd0802: start 7b4a0121-e5ca-4a28-aa85-7db853fd0802@group-6003E1ADB018-LeaderElection6
2023-05-04 21:54:29,017 [4332e2d2-7bb6-4f7e-906a-de641ae4498f@group-46E97EAE2EED-FollowerState] INFO  impl.FollowerState (FollowerState.java:run(143)) - 4332e2d2-7bb6-4f7e-906a-de641ae4498f@group-46E97EAE2EED-FollowerState: change to CANDIDATE, lastRpcElapsedTime:5048439792ns, electionTimeout:5021ms
2023-05-04 21:54:29,017 [4332e2d2-7bb6-4f7e-906a-de641ae4498f@group-46E97EAE2EED-FollowerState] INFO  impl.RoleInfo (RoleInfo.java:shutdownFollowerState(110)) - 4332e2d2-7bb6-4f7e-906a-de641ae4498f: shutdown 4332e2d2-7bb6-4f7e-906a-de641ae4498f@group-46E97EAE2EED-FollowerState
2023-05-04 21:54:29,017 [4332e2d2-7bb6-4f7e-906a-de641ae4498f@group-46E97EAE2EED-FollowerState] INFO  server.RaftServer$Division (RaftServerImpl.java:setRole(321)) - 4332e2d2-7bb6-4f7e-906a-de641ae4498f@group-46E97EAE2EED: changes role from  FOLLOWER to CANDIDATE at term 0 for changeToCandidate
2023-05-04 21:54:29,017 [4332e2d2-7bb6-4f7e-906a-de641ae4498f@group-46E97EAE2EED-FollowerState] INFO  server.RaftServerConfigKeys (ConfUtils.java:logGet(46)) - raft.server.leaderelection.pre-vote = true (default)
2023-05-04 21:54:29,017 [4332e2d2-7bb6-4f7e-906a-de641ae4498f@group-46E97EAE2EED-FollowerState] INFO  impl.RoleInfo (RoleInfo.java:updateAndGet(139)) - 4332e2d2-7bb6-4f7e-906a-de641ae4498f: start 4332e2d2-7bb6-4f7e-906a-de641ae4498f@group-46E97EAE2EED-LeaderElection7
2023-05-04 21:54:29,021 [7b4a0121-e5ca-4a28-aa85-7db853fd0802@group-6003E1ADB018-LeaderElection6] INFO  impl.LeaderElection (LeaderElection.java:askForVotes(312)) - 7b4a0121-e5ca-4a28-aa85-7db853fd0802@group-6003E1ADB018-LeaderElection6 PRE_VOTE round 0: submit vote requests at term 0 for -1: peers:[7b4a0121-e5ca-4a28-aa85-7db853fd0802|rpc:10.1.0.44:42349|dataStream:10.1.0.44:38943|priority:1|startupRole:FOLLOWER]|listeners:[], old=null
2023-05-04 21:54:29,021 [7b4a0121-e5ca-4a28-aa85-7db853fd0802@group-6003E1ADB018-LeaderElection6] INFO  impl.LeaderElection (LeaderElection.java:askForVotes(314)) - 7b4a0121-e5ca-4a28-aa85-7db853fd0802@group-6003E1ADB018-LeaderElection6 PRE_VOTE round 0: result PASSED (term=0)
2023-05-04 21:54:29,021 [4332e2d2-7bb6-4f7e-906a-de641ae4498f@group-46E97EAE2EED-LeaderElection7] INFO  impl.LeaderElection (LeaderElection.java:askForVotes(312)) - 4332e2d2-7bb6-4f7e-906a-de641ae4498f@group-46E97EAE2EED-LeaderElection7 PRE_VOTE round 0: submit vote requests at term 0 for -1: peers:[4332e2d2-7bb6-4f7e-906a-de641ae4498f|rpc:10.1.0.44:41005|dataStream:10.1.0.44:36391|priority:0|startupRole:FOLLOWER, 4af07dde-7c26-4e14-912a-ab8f17b2e80e|rpc:10.1.0.44:38769|dataStream:10.1.0.44:33047|priority:1|startupRole:FOLLOWER, e0862bec-a8bd-48ad-a9f8-bef0c155c835|rpc:10.1.0.44:39581|dataStream:10.1.0.44:35075|priority:0|startupRole:FOLLOWER]|listeners:[], old=null
2023-05-04 21:54:29,022 [4332e2d2-7bb6-4f7e-906a-de641ae4498f@group-46E97EAE2EED-LeaderElection7-1] INFO  server.GrpcServerProtocolClient (GrpcServerProtocolClient.java:<init>(63)) - Build channel for 4af07dde-7c26-4e14-912a-ab8f17b2e80e
2023-05-04 21:54:29,025 [7b4a0121-e5ca-4a28-aa85-7db853fd0802@group-6003E1ADB018-LeaderElection6] INFO  impl.LeaderElection (LeaderElection.java:askForVotes(312)) - 7b4a0121-e5ca-4a28-aa85-7db853fd0802@group-6003E1ADB018-LeaderElection6 ELECTION round 0: submit vote requests at term 1 for -1: peers:[7b4a0121-e5ca-4a28-aa85-7db853fd0802|rpc:10.1.0.44:42349|dataStream:10.1.0.44:38943|priority:1|startupRole:FOLLOWER]|listeners:[], old=null
2023-05-04 21:54:29,025 [7b4a0121-e5ca-4a28-aa85-7db853fd0802@group-6003E1ADB018-LeaderElection6] INFO  impl.LeaderElection (LeaderElection.java:askForVotes(314)) - 7b4a0121-e5ca-4a28-aa85-7db853fd0802@group-6003E1ADB018-LeaderElection6 ELECTION round 0: result PASSED (term=1)
2023-05-04 21:54:29,025 [7b4a0121-e5ca-4a28-aa85-7db853fd0802@group-6003E1ADB018-LeaderElection6] INFO  impl.RoleInfo (RoleInfo.java:shutdownLeaderElection(130)) - 7b4a0121-e5ca-4a28-aa85-7db853fd0802: shutdown 7b4a0121-e5ca-4a28-aa85-7db853fd0802@group-6003E1ADB018-LeaderElection6
2023-05-04 21:54:29,025 [7b4a0121-e5ca-4a28-aa85-7db853fd0802@group-6003E1ADB018-LeaderElection6] INFO  server.RaftServer$Division (RaftServerImpl.java:setRole(321)) - 7b4a0121-e5ca-4a28-aa85-7db853fd0802@group-6003E1ADB018: changes role from CANDIDATE to LEADER at term 1 for changeToLeader
2023-05-04 21:54:29,025 [7b4a0121-e5ca-4a28-aa85-7db853fd0802@group-6003E1ADB018-LeaderElection6] INFO  ratis.XceiverServerRatis (XceiverServerRatis.java:handleLeaderChangedNotification(904)) - Leader change notification received for group: group-6003E1ADB018 with new leaderId: 7b4a0121-e5ca-4a28-aa85-7db853fd0802
2023-05-04 21:54:29,026 [4332e2d2-7bb6-4f7e-906a-de641ae4498f@group-46E97EAE2EED-LeaderElection7] INFO  server.RaftServerConfigKeys (ConfUtils.java:logFallback(53)) - raft.server.rpc.first-election.timeout.min = 5s (fallback to raft.server.rpc.timeout.min)
2023-05-04 21:54:29,027 [4332e2d2-7bb6-4f7e-906a-de641ae4498f@group-46E97EAE2EED-LeaderElection7] INFO  server.RaftServerConfigKeys (ConfUtils.java:logFallback(53)) - raft.server.rpc.first-election.timeout.max = 5200ms (fallback to raft.server.rpc.timeout.max)
2023-05-04 21:54:29,027 [7b4a0121-e5ca-4a28-aa85-7db853fd0802@group-6003E1ADB018-LeaderElection6] INFO  server.RaftServer$Division (ServerState.java:setLeader(313)) - 7b4a0121-e5ca-4a28-aa85-7db853fd0802@group-6003E1ADB018: change Leader from null to 7b4a0121-e5ca-4a28-aa85-7db853fd0802 at term 1 for becomeLeader, leader elected after 5075ms
2023-05-04 21:54:29,027 [7b4a0121-e5ca-4a28-aa85-7db853fd0802@group-6003E1ADB018-LeaderElection6] INFO  server.RaftServerConfigKeys (ConfUtils.java:logGet(46)) - raft.server.staging.catchup.gap = 1000 (default)
2023-05-04 21:54:29,027 [7b4a0121-e5ca-4a28-aa85-7db853fd0802@group-6003E1ADB018-LeaderElection6] INFO  server.RaftServerConfigKeys (ConfUtils.java:logGet(46)) - raft.server.write.element-limit = 1024 (custom)
2023-05-04 21:54:29,027 [7b4a0121-e5ca-4a28-aa85-7db853fd0802@group-6003E1ADB018-LeaderElection6] INFO  server.RaftServerConfigKeys (ConfUtils.java:logGet(46)) - raft.server.write.byte-limit = 1024 M (=1073741824) (custom)
2023-05-04 21:54:29,028 [7b4a0121-e5ca-4a28-aa85-7db853fd0802@group-6003E1ADB018-LeaderElection6] INFO  server.RaftServerConfigKeys (ConfUtils.java:logGet(46)) - raft.server.watch.timeout = 180s (custom)
2023-05-04 21:54:29,028 [7b4a0121-e5ca-4a28-aa85-7db853fd0802@group-6003E1ADB018-LeaderElection6] INFO  server.RaftServerConfigKeys (ConfUtils.java:logGet(46)) - raft.server.watch.timeout.denomination = 1s (default)
2023-05-04 21:54:29,028 [7b4a0121-e5ca-4a28-aa85-7db853fd0802@group-6003E1ADB018-LeaderElection6] INFO  server.RaftServerConfigKeys (ConfUtils.java:logGet(46)) - raft.server.watch.element-limit = 65536 (default)
2023-05-04 21:54:29,028 [7b4a0121-e5ca-4a28-aa85-7db853fd0802@group-6003E1ADB018-LeaderElection6] INFO  server.RaftServerConfigKeys (ConfUtils.java:logGet(46)) - raft.server.write.element-limit = 1024 (custom)
2023-05-04 21:54:29,028 [7b4a0121-e5ca-4a28-aa85-7db853fd0802@group-6003E1ADB018-LeaderElection6] INFO  server.RaftServerConfigKeys (ConfUtils.java:logGet(46)) - raft.server.write.follower.gap.ratio.max = -1.0 (default)
2023-05-04 21:54:29,028 [7b4a0121-e5ca-4a28-aa85-7db853fd0802@group-6003E1ADB018-LeaderElection6] INFO  impl.RoleInfo (RoleInfo.java:updateAndGet(139)) - 7b4a0121-e5ca-4a28-aa85-7db853fd0802: start 7b4a0121-e5ca-4a28-aa85-7db853fd0802@group-6003E1ADB018-LeaderStateImpl
2023-05-04 21:54:29,028 [7b4a0121-e5ca-4a28-aa85-7db853fd0802@group-6003E1ADB018-LeaderElection6] INFO  segmented.SegmentedRaftLogWorker (SegmentedRaftLogWorker.java:startLogSegment(452)) - 7b4a0121-e5ca-4a28-aa85-7db853fd0802@group-6003E1ADB018-SegmentedRaftLogWorker: Starting segment from index:0
2023-05-04 21:54:29,033 [7b4a0121-e5ca-4a28-aa85-7db853fd0802@group-6003E1ADB018-SegmentedRaftLogWorker] INFO  segmented.SegmentedRaftLogWorker (SegmentedRaftLogWorker.java:execute(656)) - 7b4a0121-e5ca-4a28-aa85-7db853fd0802@group-6003E1ADB018-SegmentedRaftLogWorker: created new log segment /home/runner/work/ozone/ozone/hadoop-ozone/integration-test/target/test-dir/MiniOzoneClusterImpl-52a188dd-66b8-45b2-ab7c-675c0ee04825/datanode-3/data/ratis/0dc05a55-7120-4612-abf7-6003e1adb018/current/log_inprogress_0
2023-05-04 21:54:29,034 [4332e2d2-7bb6-4f7e-906a-de641ae4498f@group-46E97EAE2EED-LeaderElection7-2] INFO  server.GrpcServerProtocolClient (GrpcServerProtocolClient.java:<init>(63)) - Build channel for e0862bec-a8bd-48ad-a9f8-bef0c155c835
2023-05-04 21:54:29,039 [7b4a0121-e5ca-4a28-aa85-7db853fd0802@group-6003E1ADB018-LeaderElection6] INFO  server.RaftServer$Division (ServerState.java:setRaftConf(430)) - 7b4a0121-e5ca-4a28-aa85-7db853fd0802@group-6003E1ADB018: set configuration 0: peers:[7b4a0121-e5ca-4a28-aa85-7db853fd0802|rpc:10.1.0.44:42349|dataStream:10.1.0.44:38943|priority:1|startupRole:FOLLOWER]|listeners:[], old=null
2023-05-04 21:54:29,043 [grpc-default-executor-0] INFO  server.RaftServer$Division (RaftServerImpl.java:requestVote(1218)) - 4af07dde-7c26-4e14-912a-ab8f17b2e80e@group-46E97EAE2EED: receive requestVote(PRE_VOTE, 4332e2d2-7bb6-4f7e-906a-de641ae4498f, group-46E97EAE2EED, 0, (t:0, i:0))
2023-05-04 21:54:29,043 [grpc-default-executor-0] INFO  impl.VoteContext (VoteContext.java:log(49)) - 4af07dde-7c26-4e14-912a-ab8f17b2e80e@group-46E97EAE2EED-FOLLOWER: reject PRE_VOTE from 4332e2d2-7bb6-4f7e-906a-de641ae4498f: our priority 1 > candidate's priority 0
2023-05-04 21:54:29,044 [grpc-default-executor-0] INFO  server.RaftServer$Division (RaftServerImpl.java:requestVote(1251)) - 4af07dde-7c26-4e14-912a-ab8f17b2e80e@group-46E97EAE2EED replies to PRE_VOTE vote request: 4332e2d2-7bb6-4f7e-906a-de641ae4498f<-4af07dde-7c26-4e14-912a-ab8f17b2e80e#0:FAIL-t0. Peer's state: 4af07dde-7c26-4e14-912a-ab8f17b2e80e@group-46E97EAE2EED:t0, leader=null, voted=, raftlog=Memoized:4af07dde-7c26-4e14-912a-ab8f17b2e80e@group-46E97EAE2EED-SegmentedRaftLog:OPENED:c-1, conf=-1: peers:[4332e2d2-7bb6-4f7e-906a-de641ae4498f|rpc:10.1.0.44:41005|dataStream:10.1.0.44:36391|priority:0|startupRole:FOLLOWER, 4af07dde-7c26-4e14-912a-ab8f17b2e80e|rpc:10.1.0.44:38769|dataStream:10.1.0.44:33047|priority:1|startupRole:FOLLOWER, e0862bec-a8bd-48ad-a9f8-bef0c155c835|rpc:10.1.0.44:39581|dataStream:10.1.0.44:35075|priority:0|startupRole:FOLLOWER]|listeners:[], old=null
2023-05-04 21:54:29,049 [4332e2d2-7bb6-4f7e-906a-de641ae4498f@group-46E97EAE2EED-LeaderElection7] INFO  impl.LeaderElection (LeaderElection.java:logAndReturn(90)) - 4332e2d2-7bb6-4f7e-906a-de641ae4498f@group-46E97EAE2EED-LeaderElection7: PRE_VOTE REJECTED received 1 response(s) and 0 exception(s):
2023-05-04 21:54:29,050 [4332e2d2-7bb6-4f7e-906a-de641ae4498f@group-46E97EAE2EED-LeaderElection7] INFO  impl.LeaderElection (LeaderElection.java:logAndReturn(94)) -   Response 0: 4332e2d2-7bb6-4f7e-906a-de641ae4498f<-4af07dde-7c26-4e14-912a-ab8f17b2e80e#0:FAIL-t0
2023-05-04 21:54:29,050 [4332e2d2-7bb6-4f7e-906a-de641ae4498f@group-46E97EAE2EED-LeaderElection7] INFO  impl.LeaderElection (LeaderElection.java:askForVotes(314)) - 4332e2d2-7bb6-4f7e-906a-de641ae4498f@group-46E97EAE2EED-LeaderElection7 PRE_VOTE round 0: result REJECTED
2023-05-04 21:54:29,050 [4332e2d2-7bb6-4f7e-906a-de641ae4498f@group-46E97EAE2EED-LeaderElection7] INFO  server.RaftServer$Division (RaftServerImpl.java:setRole(321)) - 4332e2d2-7bb6-4f7e-906a-de641ae4498f@group-46E97EAE2EED: changes role from CANDIDATE to FOLLOWER at term 0 for REJECTED
2023-05-04 21:54:29,050 [4332e2d2-7bb6-4f7e-906a-de641ae4498f@group-46E97EAE2EED-LeaderElection7] INFO  impl.RoleInfo (RoleInfo.java:shutdownLeaderElection(130)) - 4332e2d2-7bb6-4f7e-906a-de641ae4498f: shutdown 4332e2d2-7bb6-4f7e-906a-de641ae4498f@group-46E97EAE2EED-LeaderElection7
2023-05-04 21:54:29,050 [4332e2d2-7bb6-4f7e-906a-de641ae4498f@group-46E97EAE2EED-LeaderElection7] INFO  impl.RoleInfo (RoleInfo.java:updateAndGet(139)) - 4332e2d2-7bb6-4f7e-906a-de641ae4498f: start 4332e2d2-7bb6-4f7e-906a-de641ae4498f@group-46E97EAE2EED-FollowerState
2023-05-04 21:54:29,058 [4332e2d2-7bb6-4f7e-906a-de641ae4498f@group-46E97EAE2EED-FollowerState] INFO  server.RaftServerConfigKeys (ConfUtils.java:logFallback(53)) - raft.server.rpc.first-election.timeout.min = 5s (fallback to raft.server.rpc.timeout.min)
2023-05-04 21:54:29,058 [4332e2d2-7bb6-4f7e-906a-de641ae4498f@group-46E97EAE2EED-FollowerState] INFO  server.RaftServerConfigKeys (ConfUtils.java:logFallback(53)) - raft.server.rpc.first-election.timeout.max = 5200ms (fallback to raft.server.rpc.timeout.max)
2023-05-04 21:54:29,073 [grpc-default-executor-0] INFO  server.RaftServer$Division (RaftServerImpl.java:requestVote(1218)) - e0862bec-a8bd-48ad-a9f8-bef0c155c835@group-46E97EAE2EED: receive requestVote(PRE_VOTE, 4332e2d2-7bb6-4f7e-906a-de641ae4498f, group-46E97EAE2EED, 0, (t:0, i:0))
2023-05-04 21:54:29,073 [grpc-default-executor-0] INFO  impl.VoteContext (VoteContext.java:log(49)) - e0862bec-a8bd-48ad-a9f8-bef0c155c835@group-46E97EAE2EED-FOLLOWER: accept PRE_VOTE from 4332e2d2-7bb6-4f7e-906a-de641ae4498f: our priority 0 <= candidate's priority 0
2023-05-04 21:54:29,074 [grpc-default-executor-0] INFO  server.RaftServer$Division (RaftServerImpl.java:requestVote(1251)) - e0862bec-a8bd-48ad-a9f8-bef0c155c835@group-46E97EAE2EED replies to PRE_VOTE vote request: 4332e2d2-7bb6-4f7e-906a-de641ae4498f<-e0862bec-a8bd-48ad-a9f8-bef0c155c835#0:OK-t0. Peer's state: e0862bec-a8bd-48ad-a9f8-bef0c155c835@group-46E97EAE2EED:t0, leader=null, voted=, raftlog=Memoized:e0862bec-a8bd-48ad-a9f8-bef0c155c835@group-46E97EAE2EED-SegmentedRaftLog:OPENED:c-1, conf=-1: peers:[4332e2d2-7bb6-4f7e-906a-de641ae4498f|rpc:10.1.0.44:41005|dataStream:10.1.0.44:36391|priority:0|startupRole:FOLLOWER, 4af07dde-7c26-4e14-912a-ab8f17b2e80e|rpc:10.1.0.44:38769|dataStream:10.1.0.44:33047|priority:1|startupRole:FOLLOWER, e0862bec-a8bd-48ad-a9f8-bef0c155c835|rpc:10.1.0.44:39581|dataStream:10.1.0.44:35075|priority:0|startupRole:FOLLOWER]|listeners:[], old=null
2023-05-04 21:54:29,099 [e0862bec-a8bd-48ad-a9f8-bef0c155c835@group-46E97EAE2EED-FollowerState] INFO  server.RaftServerConfigKeys (ConfUtils.java:logFallback(53)) - raft.server.rpc.first-election.timeout.min = 5s (fallback to raft.server.rpc.timeout.min)
2023-05-04 21:54:29,099 [e0862bec-a8bd-48ad-a9f8-bef0c155c835@group-46E97EAE2EED-FollowerState] INFO  server.RaftServerConfigKeys (ConfUtils.java:logFallback(53)) - raft.server.rpc.first-election.timeout.max = 5200ms (fallback to raft.server.rpc.timeout.max)
2023-05-04 21:54:29,131 [4af07dde-7c26-4e14-912a-ab8f17b2e80e@group-46E97EAE2EED-FollowerState] INFO  impl.FollowerState (FollowerState.java:run(143)) - 4af07dde-7c26-4e14-912a-ab8f17b2e80e@group-46E97EAE2EED-FollowerState: change to CANDIDATE, lastRpcElapsedTime:5124384500ns, electionTimeout:5119ms
2023-05-04 21:54:29,131 [4af07dde-7c26-4e14-912a-ab8f17b2e80e@group-46E97EAE2EED-FollowerState] INFO  impl.RoleInfo (RoleInfo.java:shutdownFollowerState(110)) - 4af07dde-7c26-4e14-912a-ab8f17b2e80e: shutdown 4af07dde-7c26-4e14-912a-ab8f17b2e80e@group-46E97EAE2EED-FollowerState
2023-05-04 21:54:29,131 [4af07dde-7c26-4e14-912a-ab8f17b2e80e@group-46E97EAE2EED-FollowerState] INFO  server.RaftServer$Division (RaftServerImpl.java:setRole(321)) - 4af07dde-7c26-4e14-912a-ab8f17b2e80e@group-46E97EAE2EED: changes role from  FOLLOWER to CANDIDATE at term 0 for changeToCandidate
2023-05-04 21:54:29,132 [4af07dde-7c26-4e14-912a-ab8f17b2e80e@group-46E97EAE2EED-FollowerState] INFO  server.RaftServerConfigKeys (ConfUtils.java:logGet(46)) - raft.server.leaderelection.pre-vote = true (default)
2023-05-04 21:54:29,132 [4af07dde-7c26-4e14-912a-ab8f17b2e80e@group-46E97EAE2EED-FollowerState] INFO  impl.RoleInfo (RoleInfo.java:updateAndGet(139)) - 4af07dde-7c26-4e14-912a-ab8f17b2e80e: start 4af07dde-7c26-4e14-912a-ab8f17b2e80e@group-46E97EAE2EED-LeaderElection8
2023-05-04 21:54:29,134 [4af07dde-7c26-4e14-912a-ab8f17b2e80e@group-46E97EAE2EED-LeaderElection8] INFO  impl.LeaderElection (LeaderElection.java:askForVotes(312)) - 4af07dde-7c26-4e14-912a-ab8f17b2e80e@group-46E97EAE2EED-LeaderElection8 PRE_VOTE round 0: submit vote requests at term 0 for -1: peers:[4332e2d2-7bb6-4f7e-906a-de641ae4498f|rpc:10.1.0.44:41005|dataStream:10.1.0.44:36391|priority:0|startupRole:FOLLOWER, 4af07dde-7c26-4e14-912a-ab8f17b2e80e|rpc:10.1.0.44:38769|dataStream:10.1.0.44:33047|priority:1|startupRole:FOLLOWER, e0862bec-a8bd-48ad-a9f8-bef0c155c835|rpc:10.1.0.44:39581|dataStream:10.1.0.44:35075|priority:0|startupRole:FOLLOWER]|listeners:[], old=null
2023-05-04 21:54:29,134 [4af07dde-7c26-4e14-912a-ab8f17b2e80e@group-46E97EAE2EED-LeaderElection8-1] INFO  server.GrpcServerProtocolClient (GrpcServerProtocolClient.java:<init>(63)) - Build channel for 4332e2d2-7bb6-4f7e-906a-de641ae4498f
2023-05-04 21:54:29,141 [4af07dde-7c26-4e14-912a-ab8f17b2e80e@group-46E97EAE2EED-LeaderElection8] INFO  server.RaftServerConfigKeys (ConfUtils.java:logFallback(53)) - raft.server.rpc.first-election.timeout.min = 5s (fallback to raft.server.rpc.timeout.min)
2023-05-04 21:54:29,142 [4af07dde-7c26-4e14-912a-ab8f17b2e80e@group-46E97EAE2EED-LeaderElection8] INFO  server.RaftServerConfigKeys (ConfUtils.java:logFallback(53)) - raft.server.rpc.first-election.timeout.max = 5200ms (fallback to raft.server.rpc.timeout.max)
2023-05-04 21:54:29,142 [4af07dde-7c26-4e14-912a-ab8f17b2e80e@group-46E97EAE2EED-LeaderElection8-2] INFO  server.GrpcServerProtocolClient (GrpcServerProtocolClient.java:<init>(63)) - Build channel for e0862bec-a8bd-48ad-a9f8-bef0c155c835
2023-05-04 21:54:29,154 [grpc-default-executor-0] INFO  server.RaftServer$Division (RaftServerImpl.java:requestVote(1218)) - 4332e2d2-7bb6-4f7e-906a-de641ae4498f@group-46E97EAE2EED: receive requestVote(PRE_VOTE, 4af07dde-7c26-4e14-912a-ab8f17b2e80e, group-46E97EAE2EED, 0, (t:0, i:0))
2023-05-04 21:54:29,154 [grpc-default-executor-0] INFO  impl.VoteContext (VoteContext.java:log(49)) - 4332e2d2-7bb6-4f7e-906a-de641ae4498f@group-46E97EAE2EED-FOLLOWER: accept PRE_VOTE from 4af07dde-7c26-4e14-912a-ab8f17b2e80e: our priority 0 <= candidate's priority 1
2023-05-04 21:54:29,155 [grpc-default-executor-0] INFO  server.RaftServer$Division (RaftServerImpl.java:requestVote(1251)) - 4332e2d2-7bb6-4f7e-906a-de641ae4498f@group-46E97EAE2EED replies to PRE_VOTE vote request: 4af07dde-7c26-4e14-912a-ab8f17b2e80e<-4332e2d2-7bb6-4f7e-906a-de641ae4498f#0:OK-t0. Peer's state: 4332e2d2-7bb6-4f7e-906a-de641ae4498f@group-46E97EAE2EED:t0, leader=null, voted=, raftlog=Memoized:4332e2d2-7bb6-4f7e-906a-de641ae4498f@group-46E97EAE2EED-SegmentedRaftLog:OPENED:c-1, conf=-1: peers:[4332e2d2-7bb6-4f7e-906a-de641ae4498f|rpc:10.1.0.44:41005|dataStream:10.1.0.44:36391|priority:0|startupRole:FOLLOWER, 4af07dde-7c26-4e14-912a-ab8f17b2e80e|rpc:10.1.0.44:38769|dataStream:10.1.0.44:33047|priority:1|startupRole:FOLLOWER, e0862bec-a8bd-48ad-a9f8-bef0c155c835|rpc:10.1.0.44:39581|dataStream:10.1.0.44:35075|priority:0|startupRole:FOLLOWER]|listeners:[], old=null
2023-05-04 21:54:29,158 [4af07dde-7c26-4e14-912a-ab8f17b2e80e@group-46E97EAE2EED-LeaderElection8] INFO  impl.LeaderElection (LeaderElection.java:logAndReturn(90)) - 4af07dde-7c26-4e14-912a-ab8f17b2e80e@group-46E97EAE2EED-LeaderElection8: PRE_VOTE PASSED received 1 response(s) and 0 exception(s):
2023-05-04 21:54:29,158 [4af07dde-7c26-4e14-912a-ab8f17b2e80e@group-46E97EAE2EED-LeaderElection8] INFO  impl.LeaderElection (LeaderElection.java:logAndReturn(94)) -   Response 0: 4af07dde-7c26-4e14-912a-ab8f17b2e80e<-4332e2d2-7bb6-4f7e-906a-de641ae4498f#0:OK-t0
2023-05-04 21:54:29,158 [4af07dde-7c26-4e14-912a-ab8f17b2e80e@group-46E97EAE2EED-LeaderElection8] INFO  impl.LeaderElection (LeaderElection.java:askForVotes(314)) - 4af07dde-7c26-4e14-912a-ab8f17b2e80e@group-46E97EAE2EED-LeaderElection8 PRE_VOTE round 0: result PASSED
2023-05-04 21:54:29,162 [4af07dde-7c26-4e14-912a-ab8f17b2e80e@group-46E97EAE2EED-LeaderElection8] INFO  impl.LeaderElection (LeaderElection.java:askForVotes(312)) - 4af07dde-7c26-4e14-912a-ab8f17b2e80e@group-46E97EAE2EED-LeaderElection8 ELECTION round 0: submit vote requests at term 1 for -1: peers:[4332e2d2-7bb6-4f7e-906a-de641ae4498f|rpc:10.1.0.44:41005|dataStream:10.1.0.44:36391|priority:0|startupRole:FOLLOWER, 4af07dde-7c26-4e14-912a-ab8f17b2e80e|rpc:10.1.0.44:38769|dataStream:10.1.0.44:33047|priority:1|startupRole:FOLLOWER, e0862bec-a8bd-48ad-a9f8-bef0c155c835|rpc:10.1.0.44:39581|dataStream:10.1.0.44:35075|priority:0|startupRole:FOLLOWER]|listeners:[], old=null
2023-05-04 21:54:29,175 [4af07dde-7c26-4e14-912a-ab8f17b2e80e@group-46E97EAE2EED-LeaderElection8] INFO  server.RaftServerConfigKeys (ConfUtils.java:logFallback(53)) - raft.server.rpc.first-election.timeout.min = 5s (fallback to raft.server.rpc.timeout.min)
2023-05-04 21:54:29,175 [4af07dde-7c26-4e14-912a-ab8f17b2e80e@group-46E97EAE2EED-LeaderElection8] INFO  server.RaftServerConfigKeys (ConfUtils.java:logFallback(53)) - raft.server.rpc.first-election.timeout.max = 5200ms (fallback to raft.server.rpc.timeout.max)
2023-05-04 21:54:29,178 [grpc-default-executor-0] INFO  server.RaftServer$Division (RaftServerImpl.java:requestVote(1218)) - 4332e2d2-7bb6-4f7e-906a-de641ae4498f@group-46E97EAE2EED: receive requestVote(ELECTION, 4af07dde-7c26-4e14-912a-ab8f17b2e80e, group-46E97EAE2EED, 1, (t:0, i:0))
2023-05-04 21:54:29,178 [grpc-default-executor-0] INFO  impl.VoteContext (VoteContext.java:log(49)) - 4332e2d2-7bb6-4f7e-906a-de641ae4498f@group-46E97EAE2EED-FOLLOWER: accept ELECTION from 4af07dde-7c26-4e14-912a-ab8f17b2e80e: our priority 0 <= candidate's priority 1
2023-05-04 21:54:29,178 [grpc-default-executor-0] INFO  server.RaftServer$Division (RaftServerImpl.java:setRole(321)) - 4332e2d2-7bb6-4f7e-906a-de641ae4498f@group-46E97EAE2EED: changes role from  FOLLOWER to FOLLOWER at term 1 for candidate:4af07dde-7c26-4e14-912a-ab8f17b2e80e
2023-05-04 21:54:29,178 [grpc-default-executor-0] INFO  impl.RoleInfo (RoleInfo.java:shutdownFollowerState(110)) - 4332e2d2-7bb6-4f7e-906a-de641ae4498f: shutdown 4332e2d2-7bb6-4f7e-906a-de641ae4498f@group-46E97EAE2EED-FollowerState
2023-05-04 21:54:29,181 [grpc-default-executor-0] INFO  impl.RoleInfo (RoleInfo.java:updateAndGet(139)) - 4332e2d2-7bb6-4f7e-906a-de641ae4498f: start 4332e2d2-7bb6-4f7e-906a-de641ae4498f@group-46E97EAE2EED-FollowerState
2023-05-04 21:54:29,181 [4332e2d2-7bb6-4f7e-906a-de641ae4498f@group-46E97EAE2EED-FollowerState] INFO  impl.FollowerState (FollowerState.java:run(152)) - 4332e2d2-7bb6-4f7e-906a-de641ae4498f@group-46E97EAE2EED-FollowerState was interrupted
2023-05-04 21:54:29,182 [4332e2d2-7bb6-4f7e-906a-de641ae4498f@group-46E97EAE2EED-FollowerState] INFO  server.RaftServerConfigKeys (ConfUtils.java:logFallback(53)) - raft.server.rpc.first-election.timeout.min = 5s (fallback to raft.server.rpc.timeout.min)
2023-05-04 21:54:29,195 [grpc-default-executor-2] INFO  server.RaftServer$Division (RaftServerImpl.java:requestVote(1218)) - e0862bec-a8bd-48ad-a9f8-bef0c155c835@group-46E97EAE2EED: receive requestVote(PRE_VOTE, 4af07dde-7c26-4e14-912a-ab8f17b2e80e, group-46E97EAE2EED, 0, (t:0, i:0))
2023-05-04 21:54:29,195 [grpc-default-executor-1] INFO  server.RaftServer$Division (RaftServerImpl.java:requestVote(1218)) - e0862bec-a8bd-48ad-a9f8-bef0c155c835@group-46E97EAE2EED: receive requestVote(ELECTION, 4af07dde-7c26-4e14-912a-ab8f17b2e80e, group-46E97EAE2EED, 1, (t:0, i:0))
2023-05-04 21:54:29,196 [4332e2d2-7bb6-4f7e-906a-de641ae4498f@group-46E97EAE2EED-FollowerState] INFO  server.RaftServerConfigKeys (ConfUtils.java:logFallback(53)) - raft.server.rpc.first-election.timeout.max = 5200ms (fallback to raft.server.rpc.timeout.max)
2023-05-04 21:54:29,196 [grpc-default-executor-2] INFO  impl.VoteContext (VoteContext.java:log(49)) - e0862bec-a8bd-48ad-a9f8-bef0c155c835@group-46E97EAE2EED-FOLLOWER: accept PRE_VOTE from 4af07dde-7c26-4e14-912a-ab8f17b2e80e: our priority 0 <= candidate's priority 1
2023-05-04 21:54:29,196 [grpc-default-executor-2] INFO  server.RaftServer$Division (RaftServerImpl.java:requestVote(1251)) - e0862bec-a8bd-48ad-a9f8-bef0c155c835@group-46E97EAE2EED replies to PRE_VOTE vote request: 4af07dde-7c26-4e14-912a-ab8f17b2e80e<-e0862bec-a8bd-48ad-a9f8-bef0c155c835#0:OK-t0. Peer's state: e0862bec-a8bd-48ad-a9f8-bef0c155c835@group-46E97EAE2EED:t0, leader=null, voted=, raftlog=Memoized:e0862bec-a8bd-48ad-a9f8-bef0c155c835@group-46E97EAE2EED-SegmentedRaftLog:OPENED:c-1, conf=-1: peers:[4332e2d2-7bb6-4f7e-906a-de641ae4498f|rpc:10.1.0.44:41005|dataStream:10.1.0.44:36391|priority:0|startupRole:FOLLOWER, 4af07dde-7c26-4e14-912a-ab8f17b2e80e|rpc:10.1.0.44:38769|dataStream:10.1.0.44:33047|priority:1|startupRole:FOLLOWER, e0862bec-a8bd-48ad-a9f8-bef0c155c835|rpc:10.1.0.44:39581|dataStream:10.1.0.44:35075|priority:0|startupRole:FOLLOWER]|listeners:[], old=null
2023-05-04 21:54:29,196 [grpc-default-executor-1] INFO  impl.VoteContext (VoteContext.java:log(49)) - e0862bec-a8bd-48ad-a9f8-bef0c155c835@group-46E97EAE2EED-FOLLOWER: accept ELECTION from 4af07dde-7c26-4e14-912a-ab8f17b2e80e: our priority 0 <= candidate's priority 1
2023-05-04 21:54:29,196 [grpc-default-executor-1] INFO  server.RaftServer$Division (RaftServerImpl.java:setRole(321)) - e0862bec-a8bd-48ad-a9f8-bef0c155c835@group-46E97EAE2EED: changes role from  FOLLOWER to FOLLOWER at term 1 for candidate:4af07dde-7c26-4e14-912a-ab8f17b2e80e
2023-05-04 21:54:29,196 [grpc-default-executor-1] INFO  impl.RoleInfo (RoleInfo.java:shutdownFollowerState(110)) - e0862bec-a8bd-48ad-a9f8-bef0c155c835: shutdown e0862bec-a8bd-48ad-a9f8-bef0c155c835@group-46E97EAE2EED-FollowerState
2023-05-04 21:54:29,196 [grpc-default-executor-1] INFO  impl.RoleInfo (RoleInfo.java:updateAndGet(139)) - e0862bec-a8bd-48ad-a9f8-bef0c155c835: start e0862bec-a8bd-48ad-a9f8-bef0c155c835@group-46E97EAE2EED-FollowerState
2023-05-04 21:54:29,196 [e0862bec-a8bd-48ad-a9f8-bef0c155c835@group-46E97EAE2EED-FollowerState] INFO  impl.FollowerState (FollowerState.java:run(152)) - e0862bec-a8bd-48ad-a9f8-bef0c155c835@group-46E97EAE2EED-FollowerState was interrupted
2023-05-04 21:54:29,198 [grpc-default-executor-0] INFO  server.RaftServer$Division (RaftServerImpl.java:requestVote(1251)) - 4332e2d2-7bb6-4f7e-906a-de641ae4498f@group-46E97EAE2EED replies to ELECTION vote request: 4af07dde-7c26-4e14-912a-ab8f17b2e80e<-4332e2d2-7bb6-4f7e-906a-de641ae4498f#0:OK-t1. Peer's state: 4332e2d2-7bb6-4f7e-906a-de641ae4498f@group-46E97EAE2EED:t1, leader=null, voted=4af07dde-7c26-4e14-912a-ab8f17b2e80e, raftlog=Memoized:4332e2d2-7bb6-4f7e-906a-de641ae4498f@group-46E97EAE2EED-SegmentedRaftLog:OPENED:c-1, conf=-1: peers:[4332e2d2-7bb6-4f7e-906a-de641ae4498f|rpc:10.1.0.44:41005|dataStream:10.1.0.44:36391|priority:0|startupRole:FOLLOWER, 4af07dde-7c26-4e14-912a-ab8f17b2e80e|rpc:10.1.0.44:38769|dataStream:10.1.0.44:33047|priority:1|startupRole:FOLLOWER, e0862bec-a8bd-48ad-a9f8-bef0c155c835|rpc:10.1.0.44:39581|dataStream:10.1.0.44:35075|priority:0|startupRole:FOLLOWER]|listeners:[], old=null
2023-05-04 21:54:29,199 [e0862bec-a8bd-48ad-a9f8-bef0c155c835@group-46E97EAE2EED-FollowerState] INFO  server.RaftServerConfigKeys (ConfUtils.java:logFallback(53)) - raft.server.rpc.first-election.timeout.min = 5s (fallback to raft.server.rpc.timeout.min)
2023-05-04 21:54:29,202 [grpc-default-executor-1] INFO  server.RaftServer$Division (RaftServerImpl.java:requestVote(1251)) - e0862bec-a8bd-48ad-a9f8-bef0c155c835@group-46E97EAE2EED replies to ELECTION vote request: 4af07dde-7c26-4e14-912a-ab8f17b2e80e<-e0862bec-a8bd-48ad-a9f8-bef0c155c835#0:OK-t1. Peer's state: e0862bec-a8bd-48ad-a9f8-bef0c155c835@group-46E97EAE2EED:t1, leader=null, voted=4af07dde-7c26-4e14-912a-ab8f17b2e80e, raftlog=Memoized:e0862bec-a8bd-48ad-a9f8-bef0c155c835@group-46E97EAE2EED-SegmentedRaftLog:OPENED:c-1, conf=-1: peers:[4332e2d2-7bb6-4f7e-906a-de641ae4498f|rpc:10.1.0.44:41005|dataStream:10.1.0.44:36391|priority:0|startupRole:FOLLOWER, 4af07dde-7c26-4e14-912a-ab8f17b2e80e|rpc:10.1.0.44:38769|dataStream:10.1.0.44:33047|priority:1|startupRole:FOLLOWER, e0862bec-a8bd-48ad-a9f8-bef0c155c835|rpc:10.1.0.44:39581|dataStream:10.1.0.44:35075|priority:0|startupRole:FOLLOWER]|listeners:[], old=null
2023-05-04 21:54:29,203 [e0862bec-a8bd-48ad-a9f8-bef0c155c835@group-46E97EAE2EED-FollowerState] INFO  server.RaftServerConfigKeys (ConfUtils.java:logFallback(53)) - raft.server.rpc.first-election.timeout.max = 5200ms (fallback to raft.server.rpc.timeout.max)
2023-05-04 21:54:29,206 [4af07dde-7c26-4e14-912a-ab8f17b2e80e@group-46E97EAE2EED-LeaderElection8] INFO  impl.LeaderElection (LeaderElection.java:logAndReturn(90)) - 4af07dde-7c26-4e14-912a-ab8f17b2e80e@group-46E97EAE2EED-LeaderElection8: ELECTION PASSED received 1 response(s) and 0 exception(s):
2023-05-04 21:54:29,206 [4af07dde-7c26-4e14-912a-ab8f17b2e80e@group-46E97EAE2EED-LeaderElection8] INFO  impl.LeaderElection (LeaderElection.java:logAndReturn(94)) -   Response 0: 4af07dde-7c26-4e14-912a-ab8f17b2e80e<-4332e2d2-7bb6-4f7e-906a-de641ae4498f#0:OK-t1
2023-05-04 21:54:29,206 [4af07dde-7c26-4e14-912a-ab8f17b2e80e@group-46E97EAE2EED-LeaderElection8] INFO  impl.LeaderElection (LeaderElection.java:askForVotes(314)) - 4af07dde-7c26-4e14-912a-ab8f17b2e80e@group-46E97EAE2EED-LeaderElection8 ELECTION round 0: result PASSED
2023-05-04 21:54:29,206 [4af07dde-7c26-4e14-912a-ab8f17b2e80e@group-46E97EAE2EED-LeaderElection8] INFO  impl.RoleInfo (RoleInfo.java:shutdownLeaderElection(130)) - 4af07dde-7c26-4e14-912a-ab8f17b2e80e: shutdown 4af07dde-7c26-4e14-912a-ab8f17b2e80e@group-46E97EAE2EED-LeaderElection8
2023-05-04 21:54:29,206 [4af07dde-7c26-4e14-912a-ab8f17b2e80e@group-46E97EAE2EED-LeaderElection8] INFO  server.RaftServer$Division (RaftServerImpl.java:setRole(321)) - 4af07dde-7c26-4e14-912a-ab8f17b2e80e@group-46E97EAE2EED: changes role from CANDIDATE to LEADER at term 1 for changeToLeader
2023-05-04 21:54:29,206 [4af07dde-7c26-4e14-912a-ab8f17b2e80e@group-46E97EAE2EED-LeaderElection8] INFO  ratis.XceiverServerRatis (XceiverServerRatis.java:handleLeaderChangedNotification(904)) - Leader change notification received for group: group-46E97EAE2EED with new leaderId: 4af07dde-7c26-4e14-912a-ab8f17b2e80e
2023-05-04 21:54:29,206 [4af07dde-7c26-4e14-912a-ab8f17b2e80e@group-46E97EAE2EED-LeaderElection8] INFO  server.RaftServer$Division (ServerState.java:setLeader(313)) - 4af07dde-7c26-4e14-912a-ab8f17b2e80e@group-46E97EAE2EED: change Leader from null to 4af07dde-7c26-4e14-912a-ab8f17b2e80e at term 1 for becomeLeader, leader elected after 5264ms
2023-05-04 21:54:29,207 [4af07dde-7c26-4e14-912a-ab8f17b2e80e@group-46E97EAE2EED-LeaderElection8] INFO  server.RaftServerConfigKeys (ConfUtils.java:logGet(46)) - raft.server.staging.catchup.gap = 1000 (default)
2023-05-04 21:54:29,207 [4af07dde-7c26-4e14-912a-ab8f17b2e80e@group-46E97EAE2EED-LeaderElection8] INFO  server.RaftServerConfigKeys (ConfUtils.java:logGet(46)) - raft.server.write.element-limit = 1024 (custom)
2023-05-04 21:54:29,207 [4af07dde-7c26-4e14-912a-ab8f17b2e80e@group-46E97EAE2EED-LeaderElection8] INFO  server.RaftServerConfigKeys (ConfUtils.java:logGet(46)) - raft.server.write.byte-limit = 1024 M (=1073741824) (custom)
2023-05-04 21:54:29,207 [4af07dde-7c26-4e14-912a-ab8f17b2e80e@group-46E97EAE2EED-LeaderElection8] INFO  server.RaftServerConfigKeys (ConfUtils.java:logGet(46)) - raft.server.watch.timeout = 180s (custom)
2023-05-04 21:54:29,207 [4af07dde-7c26-4e14-912a-ab8f17b2e80e@group-46E97EAE2EED-LeaderElection8] INFO  server.RaftServerConfigKeys (ConfUtils.java:logGet(46)) - raft.server.watch.timeout.denomination = 1s (default)
2023-05-04 21:54:29,207 [4af07dde-7c26-4e14-912a-ab8f17b2e80e@group-46E97EAE2EED-LeaderElection8] INFO  server.RaftServerConfigKeys (ConfUtils.java:logGet(46)) - raft.server.watch.element-limit = 65536 (default)
2023-05-04 21:54:29,207 [4af07dde-7c26-4e14-912a-ab8f17b2e80e@group-46E97EAE2EED-LeaderElection8] INFO  server.RaftServerConfigKeys (ConfUtils.java:logGet(46)) - raft.server.write.element-limit = 1024 (custom)
2023-05-04 21:54:29,207 [4af07dde-7c26-4e14-912a-ab8f17b2e80e@group-46E97EAE2EED-LeaderElection8] INFO  server.RaftServerConfigKeys (ConfUtils.java:logGet(46)) - raft.server.write.follower.gap.ratio.max = -1.0 (default)
2023-05-04 21:54:29,208 [4af07dde-7c26-4e14-912a-ab8f17b2e80e@group-46E97EAE2EED-LeaderElection8] INFO  server.RaftServerConfigKeys (ConfUtils.java:logGet(46)) - raft.server.log.appender.snapshot.chunk.size.max = 16MB (=16777216) (default)
2023-05-04 21:54:29,208 [4af07dde-7c26-4e14-912a-ab8f17b2e80e@group-46E97EAE2EED-LeaderElection8] INFO  server.RaftServerConfigKeys (ConfUtils.java:logGet(46)) - raft.server.log.appender.buffer.byte-limit = 33554432 (custom)
2023-05-04 21:54:29,208 [4af07dde-7c26-4e14-912a-ab8f17b2e80e@group-46E97EAE2EED-LeaderElection8] INFO  server.RaftServerConfigKeys (ConfUtils.java:logGet(46)) - raft.server.log.appender.buffer.element-limit = 1 (custom)
2023-05-04 21:54:29,208 [4af07dde-7c26-4e14-912a-ab8f17b2e80e@group-46E97EAE2EED-LeaderElection8] INFO  grpc.GrpcConfigKeys (ConfUtils.java:logGet(46)) - raft.grpc.server.leader.outstanding.appends.max = 128 (default)
2023-05-04 21:54:29,208 [4af07dde-7c26-4e14-912a-ab8f17b2e80e@group-46E97EAE2EED-LeaderElection8] INFO  server.RaftServerConfigKeys (ConfUtils.java:logGet(46)) - raft.server.rpc.request.timeout = 60s (custom)
2023-05-04 21:54:29,208 [4af07dde-7c26-4e14-912a-ab8f17b2e80e@group-46E97EAE2EED-LeaderElection8] INFO  server.RaftServerConfigKeys (ConfUtils.java:logGet(46)) - raft.server.log.appender.install.snapshot.enabled = false (custom)
2023-05-04 21:54:29,208 [4af07dde-7c26-4e14-912a-ab8f17b2e80e@group-46E97EAE2EED-LeaderElection8] INFO  grpc.GrpcConfigKeys (ConfUtils.java:logGet(46)) - raft.grpc.server.heartbeat.channel = true (default)
2023-05-04 21:54:29,208 [4af07dde-7c26-4e14-912a-ab8f17b2e80e@group-46E97EAE2EED-LeaderElection8] INFO  server.RaftServerConfigKeys (ConfUtils.java:logGet(46)) - raft.server.log.appender.wait-time.min = 10ms (default)
2023-05-04 21:54:29,209 [4af07dde-7c26-4e14-912a-ab8f17b2e80e@group-46E97EAE2EED-LeaderElection8] INFO  server.RaftServerConfigKeys (ConfUtils.java:logGet(46)) - raft.server.log.appender.snapshot.chunk.size.max = 16MB (=16777216) (default)
2023-05-04 21:54:29,209 [4af07dde-7c26-4e14-912a-ab8f17b2e80e@group-46E97EAE2EED-LeaderElection8] INFO  server.RaftServerConfigKeys (ConfUtils.java:logGet(46)) - raft.server.log.appender.buffer.byte-limit = 33554432 (custom)
2023-05-04 21:54:29,209 [4af07dde-7c26-4e14-912a-ab8f17b2e80e@group-46E97EAE2EED-LeaderElection8] INFO  server.RaftServerConfigKeys (ConfUtils.java:logGet(46)) - raft.server.log.appender.buffer.element-limit = 1 (custom)
2023-05-04 21:54:29,209 [4af07dde-7c26-4e14-912a-ab8f17b2e80e@group-46E97EAE2EED-LeaderElection8] INFO  grpc.GrpcConfigKeys (ConfUtils.java:logGet(46)) - raft.grpc.server.leader.outstanding.appends.max = 128 (default)
2023-05-04 21:54:29,212 [EventQueue-PipelineReportForPipelineReportHandler] INFO  pipeline.PipelineManagerImpl (PipelineManagerImpl.java:openPipeline(367)) - Pipeline Pipeline[ Id: b7b8b290-6f3f-4782-a306-46e97eae2eed, Nodes: 4332e2d2-7bb6-4f7e-906a-de641ae4498f(fv-az133-721.yhipumr4050edinzmvad0xeera.cx.internal.cloudapp.net/10.1.0.44)4af07dde-7c26-4e14-912a-ab8f17b2e80e(fv-az133-721.yhipumr4050edinzmvad0xeera.cx.internal.cloudapp.net/10.1.0.44)e0862bec-a8bd-48ad-a9f8-bef0c155c835(fv-az133-721.yhipumr4050edinzmvad0xeera.cx.internal.cloudapp.net/10.1.0.44), ReplicationConfig: RATIS/THREE, State:ALLOCATED, leaderId:4af07dde-7c26-4e14-912a-ab8f17b2e80e, CreationTimestamp2023-05-04T21:54:20.560Z[Etc/UTC]] moved to OPEN state
2023-05-04 21:54:29,218 [4af07dde-7c26-4e14-912a-ab8f17b2e80e@group-46E97EAE2EED-LeaderElection8] INFO  server.RaftServerConfigKeys (ConfUtils.java:logGet(46)) - raft.server.rpc.request.timeout = 60s (custom)
2023-05-04 21:54:29,218 [4af07dde-7c26-4e14-912a-ab8f17b2e80e@group-46E97EAE2EED-LeaderElection8] INFO  server.RaftServerConfigKeys (ConfUtils.java:logGet(46)) - raft.server.log.appender.install.snapshot.enabled = false (custom)
2023-05-04 21:54:29,222 [4af07dde-7c26-4e14-912a-ab8f17b2e80e@group-46E97EAE2EED-LeaderElection8] INFO  grpc.GrpcConfigKeys (ConfUtils.java:logGet(46)) - raft.grpc.server.heartbeat.channel = true (default)
2023-05-04 21:54:29,222 [4af07dde-7c26-4e14-912a-ab8f17b2e80e@group-46E97EAE2EED-LeaderElection8] INFO  server.RaftServerConfigKeys (ConfUtils.java:logGet(46)) - raft.server.log.appender.wait-time.min = 10ms (default)
2023-05-04 21:54:29,222 [4af07dde-7c26-4e14-912a-ab8f17b2e80e@group-46E97EAE2EED-LeaderElection8] INFO  impl.RoleInfo (RoleInfo.java:updateAndGet(139)) - 4af07dde-7c26-4e14-912a-ab8f17b2e80e: start 4af07dde-7c26-4e14-912a-ab8f17b2e80e@group-46E97EAE2EED-LeaderStateImpl
2023-05-04 21:54:29,223 [4af07dde-7c26-4e14-912a-ab8f17b2e80e@group-46E97EAE2EED-LeaderElection8] INFO  segmented.SegmentedRaftLogWorker (SegmentedRaftLogWorker.java:startLogSegment(452)) - 4af07dde-7c26-4e14-912a-ab8f17b2e80e@group-46E97EAE2EED-SegmentedRaftLogWorker: Starting segment from index:0
2023-05-04 21:54:29,226 [4af07dde-7c26-4e14-912a-ab8f17b2e80e@group-46E97EAE2EED-SegmentedRaftLogWorker] INFO  segmented.SegmentedRaftLogWorker (SegmentedRaftLogWorker.java:execute(656)) - 4af07dde-7c26-4e14-912a-ab8f17b2e80e@group-46E97EAE2EED-SegmentedRaftLogWorker: created new log segment /home/runner/work/ozone/ozone/hadoop-ozone/integration-test/target/test-dir/MiniOzoneClusterImpl-52a188dd-66b8-45b2-ab7c-675c0ee04825/datanode-2/data/ratis/b7b8b290-6f3f-4782-a306-46e97eae2eed/current/log_inprogress_0
2023-05-04 21:54:29,237 [7b4a0121-e5ca-4a28-aa85-7db853fd0802@group-1D4C41826DFE-FollowerState] INFO  impl.FollowerState (FollowerState.java:run(143)) - 7b4a0121-e5ca-4a28-aa85-7db853fd0802@group-1D4C41826DFE-FollowerState: change to CANDIDATE, lastRpcElapsedTime:5152017593ns, electionTimeout:5146ms
2023-05-04 21:54:29,238 [7b4a0121-e5ca-4a28-aa85-7db853fd0802@group-1D4C41826DFE-FollowerState] INFO  impl.RoleInfo (RoleInfo.java:shutdownFollowerState(110)) - 7b4a0121-e5ca-4a28-aa85-7db853fd0802: shutdown 7b4a0121-e5ca-4a28-aa85-7db853fd0802@group-1D4C41826DFE-FollowerState
2023-05-04 21:54:29,238 [7b4a0121-e5ca-4a28-aa85-7db853fd0802@group-1D4C41826DFE-FollowerState] INFO  server.RaftServer$Division (RaftServerImpl.java:setRole(321)) - 7b4a0121-e5ca-4a28-aa85-7db853fd0802@group-1D4C41826DFE: changes role from  FOLLOWER to CANDIDATE at term 0 for changeToCandidate
2023-05-04 21:54:29,246 [7b4a0121-e5ca-4a28-aa85-7db853fd0802@group-1D4C41826DFE-FollowerState] INFO  server.RaftServerConfigKeys (ConfUtils.java:logGet(46)) - raft.server.leaderelection.pre-vote = true (default)
2023-05-04 21:54:29,246 [7b4a0121-e5ca-4a28-aa85-7db853fd0802@group-1D4C41826DFE-FollowerState] INFO  impl.RoleInfo (RoleInfo.java:updateAndGet(139)) - 7b4a0121-e5ca-4a28-aa85-7db853fd0802: start 7b4a0121-e5ca-4a28-aa85-7db853fd0802@group-1D4C41826DFE-LeaderElection9
2023-05-04 21:54:29,246 [4332e2d2-7bb6-4f7e-906a-de641ae4498f-server-thread1] INFO  ratis.XceiverServerRatis (XceiverServerRatis.java:handleLeaderChangedNotification(904)) - Leader change notification received for group: group-46E97EAE2EED with new leaderId: 4af07dde-7c26-4e14-912a-ab8f17b2e80e
2023-05-04 21:54:29,246 [4332e2d2-7bb6-4f7e-906a-de641ae4498f-server-thread1] INFO  server.RaftServer$Division (ServerState.java:setLeader(313)) - 4332e2d2-7bb6-4f7e-906a-de641ae4498f@group-46E97EAE2EED: change Leader from null to 4af07dde-7c26-4e14-912a-ab8f17b2e80e at term 1 for appendEntries, leader elected after 5359ms
2023-05-04 21:54:29,277 [7b4a0121-e5ca-4a28-aa85-7db853fd0802@group-1D4C41826DFE-LeaderElection9] INFO  impl.LeaderElection (LeaderElection.java:askForVotes(312)) - 7b4a0121-e5ca-4a28-aa85-7db853fd0802@group-1D4C41826DFE-LeaderElection9 PRE_VOTE round 0: submit vote requests at term 0 for -1: peers:[6abe40d9-bbca-402e-938b-50fbed365dbf|rpc:10.1.0.44:37731|dataStream:10.1.0.44:45795|priority:1|startupRole:FOLLOWER, dbf01856-92cd-4f2e-80e3-f7bd7f97e610|rpc:10.1.0.44:43433|dataStream:10.1.0.44:34049|priority:0|startupRole:FOLLOWER, 7b4a0121-e5ca-4a28-aa85-7db853fd0802|rpc:10.1.0.44:42349|dataStream:10.1.0.44:38943|priority:0|startupRole:FOLLOWER]|listeners:[], old=null
2023-05-04 21:54:29,278 [4af07dde-7c26-4e14-912a-ab8f17b2e80e@group-46E97EAE2EED-LeaderElection8] INFO  server.RaftServer$Division (ServerState.java:setRaftConf(430)) - 4af07dde-7c26-4e14-912a-ab8f17b2e80e@group-46E97EAE2EED: set configuration 0: peers:[4332e2d2-7bb6-4f7e-906a-de641ae4498f|rpc:10.1.0.44:41005|dataStream:10.1.0.44:36391|priority:0|startupRole:FOLLOWER, 4af07dde-7c26-4e14-912a-ab8f17b2e80e|rpc:10.1.0.44:38769|dataStream:10.1.0.44:33047|priority:1|startupRole:FOLLOWER, e0862bec-a8bd-48ad-a9f8-bef0c155c835|rpc:10.1.0.44:39581|dataStream:10.1.0.44:35075|priority:0|startupRole:FOLLOWER]|listeners:[], old=null
2023-05-04 21:54:29,281 [7b4a0121-e5ca-4a28-aa85-7db853fd0802@group-1D4C41826DFE-LeaderElection9-1] INFO  server.GrpcServerProtocolClient (GrpcServerProtocolClient.java:<init>(63)) - Build channel for 6abe40d9-bbca-402e-938b-50fbed365dbf
2023-05-04 21:54:29,287 [7b4a0121-e5ca-4a28-aa85-7db853fd0802@group-1D4C41826DFE-LeaderElection9] INFO  server.RaftServerConfigKeys (ConfUtils.java:logFallback(53)) - raft.server.rpc.first-election.timeout.min = 5s (fallback to raft.server.rpc.timeout.min)
2023-05-04 21:54:29,288 [7b4a0121-e5ca-4a28-aa85-7db853fd0802@group-1D4C41826DFE-LeaderElection9] INFO  server.RaftServerConfigKeys (ConfUtils.java:logFallback(53)) - raft.server.rpc.first-election.timeout.max = 5200ms (fallback to raft.server.rpc.timeout.max)
2023-05-04 21:54:29,290 [4332e2d2-7bb6-4f7e-906a-de641ae4498f-server-thread3] INFO  server.RaftServer$Division (ServerState.java:setRaftConf(430)) - 4332e2d2-7bb6-4f7e-906a-de641ae4498f@group-46E97EAE2EED: set configuration 0: peers:[4332e2d2-7bb6-4f7e-906a-de641ae4498f|rpc:10.1.0.44:41005|dataStream:10.1.0.44:36391|priority:0|startupRole:FOLLOWER, 4af07dde-7c26-4e14-912a-ab8f17b2e80e|rpc:10.1.0.44:38769|dataStream:10.1.0.44:33047|priority:1|startupRole:FOLLOWER, e0862bec-a8bd-48ad-a9f8-bef0c155c835|rpc:10.1.0.44:39581|dataStream:10.1.0.44:35075|priority:0|startupRole:FOLLOWER]|listeners:[], old=null
2023-05-04 21:54:29,291 [dbf01856-92cd-4f2e-80e3-f7bd7f97e610@group-1D4C41826DFE-FollowerState] INFO  impl.FollowerState (FollowerState.java:run(143)) - dbf01856-92cd-4f2e-80e3-f7bd7f97e610@group-1D4C41826DFE-FollowerState: change to CANDIDATE, lastRpcElapsedTime:5033424532ns, electionTimeout:5032ms
2023-05-04 21:54:29,297 [7b4a0121-e5ca-4a28-aa85-7db853fd0802@group-1D4C41826DFE-LeaderElection9-2] INFO  server.GrpcServerProtocolClient (GrpcServerProtocolClient.java:<init>(63)) - Build channel for dbf01856-92cd-4f2e-80e3-f7bd7f97e610
2023-05-04 21:54:29,298 [e0862bec-a8bd-48ad-a9f8-bef0c155c835-server-thread1] INFO  ratis.XceiverServerRatis (XceiverServerRatis.java:handleLeaderChangedNotification(904)) - Leader change notification received for group: group-46E97EAE2EED with new leaderId: 4af07dde-7c26-4e14-912a-ab8f17b2e80e
2023-05-04 21:54:29,299 [e0862bec-a8bd-48ad-a9f8-bef0c155c835-server-thread1] INFO  server.RaftServer$Division (ServerState.java:setLeader(313)) - e0862bec-a8bd-48ad-a9f8-bef0c155c835@group-46E97EAE2EED: change Leader from null to 4af07dde-7c26-4e14-912a-ab8f17b2e80e at term 1 for appendEntries, leader elected after 5343ms
2023-05-04 21:54:29,835 [6abe40d9-bbca-402e-938b-50fbed365dbf@group-BE813D0FF4B6-FollowerState] INFO  impl.FollowerState (FollowerState.java:run(143)) - 6abe40d9-bbca-402e-938b-50fbed365dbf@group-BE813D0FF4B6-FollowerState: change to CANDIDATE, lastRpcElapsedTime:5448626948ns, electionTimeout:5060ms
2023-05-04 21:54:29,842 [JvmPauseMonitor2] WARN  util.JvmPauseMonitor (JvmPauseMonitor.java:detectPause(126)) - JvmPauseMonitor-4332e2d2-7bb6-4f7e-906a-de641ae4498f: Detected pause in JVM or host machine (eg GC): pause of approximately 225009211ns.
GC pool 'PS MarkSweep' had collection(s): count=1 time=414ms
GC pool 'PS Scavenge' had collection(s): count=1 time=117ms
2023-05-04 21:54:29,842 [JvmPauseMonitor3] WARN  util.JvmPauseMonitor (JvmPauseMonitor.java:detectPause(126)) - JvmPauseMonitor-4af07dde-7c26-4e14-912a-ab8f17b2e80e: Detected pause in JVM or host machine (eg GC): pause of approximately 225262813ns.
GC pool 'PS MarkSweep' had collection(s): count=1 time=414ms
GC pool 'PS Scavenge' had collection(s): count=1 time=117ms
2023-05-04 21:54:29,842 [JvmPauseMonitor13] WARN  util.JvmPauseMonitor (JvmPauseMonitor.java:detectPause(126)) - JvmPauseMonitor-1cc39e43-a1b8-4aca-9e03-172752381d1e: Detected pause in JVM or host machine (eg GC): pause of approximately 225402715ns.
GC pool 'PS MarkSweep' had collection(s): count=1 time=414ms
GC pool 'PS Scavenge' had collection(s): count=1 time=117ms
2023-05-04 21:54:29,842 [JvmPauseMonitor9] WARN  util.JvmPauseMonitor (JvmPauseMonitor.java:detectPause(126)) - JvmPauseMonitor-4c10edfb-6769-4396-b189-3c3a2dc734f1: Detected pause in JVM or host machine (eg GC): pause of approximately 225057311ns.
GC pool 'PS MarkSweep' had collection(s): count=1 time=414ms
GC pool 'PS Scavenge' had collection(s): count=1 time=117ms
2023-05-04 21:54:29,842 [JvmPauseMonitor6] WARN  util.JvmPauseMonitor (JvmPauseMonitor.java:detectPause(126)) - JvmPauseMonitor-dbf01856-92cd-4f2e-80e3-f7bd7f97e610: Detected pause in JVM or host machine (eg GC): pause of approximately 225601017ns.
GC pool 'PS MarkSweep' had collection(s): count=1 time=414ms
GC pool 'PS Scavenge' had collection(s): count=1 time=117ms
2023-05-04 21:54:29,843 [JvmPauseMonitor10] WARN  util.JvmPauseMonitor (JvmPauseMonitor.java:detectPause(126)) - JvmPauseMonitor-d5196681-af95-4a59-85a9-5a8fb94dede6: Detected pause in JVM or host machine (eg GC): pause of approximately 229799662ns.
GC pool 'PS MarkSweep' had collection(s): count=1 time=414ms
GC pool 'PS Scavenge' had collection(s): count=1 time=117ms
2023-05-04 21:54:29,843 [JvmPauseMonitor7] WARN  util.JvmPauseMonitor (JvmPauseMonitor.java:detectPause(126)) - JvmPauseMonitor-7a25d7ac-269f-485a-96a1-a3fbc0da93f8: Detected pause in JVM or host machine (eg GC): pause of approximately 229907262ns.
GC pool 'PS MarkSweep' had collection(s): count=1 time=414ms
GC pool 'PS Scavenge' had collection(s): count=1 time=117ms
2023-05-04 21:54:29,843 [JvmPauseMonitor8] WARN  util.JvmPauseMonitor (JvmPauseMonitor.java:detectPause(126)) - JvmPauseMonitor-9dbc72e3-9cc3-404d-a7a0-986f3a32b37f: Detected pause in JVM or host machine (eg GC): pause of approximately 230010964ns.
GC pool 'PS MarkSweep' had collection(s): count=1 time=414ms
GC pool 'PS Scavenge' had collection(s): count=1 time=117ms
2023-05-04 21:54:29,843 [JvmPauseMonitor4] WARN  util.JvmPauseMonitor (JvmPauseMonitor.java:detectPause(126)) - JvmPauseMonitor-7b4a0121-e5ca-4a28-aa85-7db853fd0802: Detected pause in JVM or host machine (eg GC): pause of approximately 230119565ns.
GC pool 'PS MarkSweep' had collection(s): count=1 time=414ms
GC pool 'PS Scavenge' had collection(s): count=1 time=117ms
2023-05-04 21:54:29,843 [JvmPauseMonitor12] WARN  util.JvmPauseMonitor (JvmPauseMonitor.java:detectPause(126)) - JvmPauseMonitor-ba9b7234-19ea-40e1-bb60-95fa157c93f0: Detected pause in JVM or host machine (eg GC): pause of approximately 230429268ns.
GC pool 'PS MarkSweep' had collection(s): count=1 time=414ms
GC pool 'PS Scavenge' had collection(s): count=1 time=117ms
2023-05-04 21:54:29,849 [JvmPauseMonitor14] WARN  util.JvmPauseMonitor (JvmPauseMonitor.java:detectPause(126)) - JvmPauseMonitor-4af14e23-4e43-4125-a3fa-4a46f775551c: Detected pause in JVM or host machine (eg GC): pause of approximately 227099833ns.
GC pool 'PS MarkSweep' had collection(s): count=1 time=414ms
GC pool 'PS Scavenge' had collection(s): count=1 time=117ms
2023-05-04 21:54:29,846 [6abe40d9-bbca-402e-938b-50fbed365dbf@group-1D4C41826DFE-FollowerState] WARN  impl.FollowerState (FollowerState.java:run(130)) - Unexpected long sleep: sleep 5001ms but took extra 487559773ns (> threshold = 300ms)
2023-05-04 21:54:29,852 [6abe40d9-bbca-402e-938b-50fbed365dbf@group-1D4C41826DFE-FollowerState] INFO  server.RaftServerConfigKeys (ConfUtils.java:logFallback(53)) - raft.server.rpc.first-election.timeout.min = 5s (fallback to raft.server.rpc.timeout.min)
2023-05-04 21:54:29,852 [6abe40d9-bbca-402e-938b-50fbed365dbf@group-1D4C41826DFE-FollowerState] INFO  server.RaftServerConfigKeys (ConfUtils.java:logFallback(53)) - raft.server.rpc.first-election.timeout.max = 5200ms (fallback to raft.server.rpc.timeout.max)
2023-05-04 21:54:29,844 [6abe40d9-bbca-402e-938b-50fbed365dbf@group-8808EB89F905-FollowerState] WARN  impl.FollowerState (FollowerState.java:run(130)) - Unexpected long sleep: sleep 5188ms but took extra 323100213ns (> threshold = 300ms)
2023-05-04 21:54:29,853 [6abe40d9-bbca-402e-938b-50fbed365dbf@group-8808EB89F905-FollowerState] INFO  server.RaftServerConfigKeys (ConfUtils.java:logFallback(53)) - raft.server.rpc.first-election.timeout.min = 5s (fallback to raft.server.rpc.timeout.min)
2023-05-04 21:54:29,853 [6abe40d9-bbca-402e-938b-50fbed365dbf@group-8808EB89F905-FollowerState] INFO  server.RaftServerConfigKeys (ConfUtils.java:logFallback(53)) - raft.server.rpc.first-election.timeout.max = 5200ms (fallback to raft.server.rpc.timeout.max)
2023-05-04 21:54:29,844 [JvmPauseMonitor5] WARN  util.JvmPauseMonitor (JvmPauseMonitor.java:detectPause(126)) - JvmPauseMonitor-6abe40d9-bbca-402e-938b-50fbed365dbf: Detected pause in JVM or host machine (eg GC): pause of approximately 233855905ns.
GC pool 'PS MarkSweep' had collection(s): count=1 time=414ms
GC pool 'PS Scavenge' had collection(s): count=1 time=117ms
2023-05-04 21:54:29,844 [JvmPauseMonitor1] WARN  util.JvmPauseMonitor (JvmPauseMonitor.java:detectPause(126)) - JvmPauseMonitor-e0862bec-a8bd-48ad-a9f8-bef0c155c835: Detected pause in JVM or host machine (eg GC): pause of approximately 233498101ns.
GC pool 'PS MarkSweep' had collection(s): count=1 time=414ms
GC pool 'PS Scavenge' had collection(s): count=1 time=117ms
2023-05-04 21:54:29,844 [JvmPauseMonitor0] WARN  util.JvmPauseMonitor (JvmPauseMonitor.java:detectPause(126)) - JvmPauseMonitor-om1: Detected pause in JVM or host machine (eg GC): pause of approximately 233391800ns.
GC pool 'PS MarkSweep' had collection(s): count=1 time=414ms
GC pool 'PS Scavenge' had collection(s): count=1 time=117ms
2023-05-04 21:54:29,844 [JvmPauseMonitor11] WARN  util.JvmPauseMonitor (JvmPauseMonitor.java:detectPause(126)) - JvmPauseMonitor-0362f5ef-3c15-4b85-bfd5-7911b45f7638: Detected pause in JVM or host machine (eg GC): pause of approximately 232873294ns.
GC pool 'PS MarkSweep' had collection(s): count=1 time=414ms
GC pool 'PS Scavenge' had collection(s): count=1 time=117ms
2023-05-04 21:54:29,858 [dbf01856-92cd-4f2e-80e3-f7bd7f97e610@group-1D4C41826DFE-FollowerState] INFO  impl.RoleInfo (RoleInfo.java:shutdownFollowerState(110)) - dbf01856-92cd-4f2e-80e3-f7bd7f97e610: shutdown dbf01856-92cd-4f2e-80e3-f7bd7f97e610@group-1D4C41826DFE-FollowerState
2023-05-04 21:54:29,858 [dbf01856-92cd-4f2e-80e3-f7bd7f97e610@group-1D4C41826DFE-FollowerState] INFO  server.RaftServer$Division (RaftServerImpl.java:setRole(321)) - dbf01856-92cd-4f2e-80e3-f7bd7f97e610@group-1D4C41826DFE: changes role from  FOLLOWER to CANDIDATE at term 0 for changeToCandidate
2023-05-04 21:54:29,859 [4332e2d2-7bb6-4f7e-906a-de641ae4498f-server-thread3] INFO  segmented.SegmentedRaftLogWorker (SegmentedRaftLogWorker.java:startLogSegment(452)) - 4332e2d2-7bb6-4f7e-906a-de641ae4498f@group-46E97EAE2EED-SegmentedRaftLogWorker: Starting segment from index:0
2023-05-04 21:54:29,859 [6abe40d9-bbca-402e-938b-50fbed365dbf@group-BE813D0FF4B6-FollowerState] INFO  impl.RoleInfo (RoleInfo.java:shutdownFollowerState(110)) - 6abe40d9-bbca-402e-938b-50fbed365dbf: shutdown 6abe40d9-bbca-402e-938b-50fbed365dbf@group-BE813D0FF4B6-FollowerState
2023-05-04 21:54:29,859 [6abe40d9-bbca-402e-938b-50fbed365dbf@group-BE813D0FF4B6-FollowerState] INFO  server.RaftServer$Division (RaftServerImpl.java:setRole(321)) - 6abe40d9-bbca-402e-938b-50fbed365dbf@group-BE813D0FF4B6: changes role from  FOLLOWER to CANDIDATE at term 0 for changeToCandidate
2023-05-04 21:54:29,863 [e0862bec-a8bd-48ad-a9f8-bef0c155c835-server-thread2] INFO  server.RaftServer$Division (ServerState.java:setRaftConf(430)) - e0862bec-a8bd-48ad-a9f8-bef0c155c835@group-46E97EAE2EED: set configuration 0: peers:[4332e2d2-7bb6-4f7e-906a-de641ae4498f|rpc:10.1.0.44:41005|dataStream:10.1.0.44:36391|priority:0|startupRole:FOLLOWER, 4af07dde-7c26-4e14-912a-ab8f17b2e80e|rpc:10.1.0.44:38769|dataStream:10.1.0.44:33047|priority:1|startupRole:FOLLOWER, e0862bec-a8bd-48ad-a9f8-bef0c155c835|rpc:10.1.0.44:39581|dataStream:10.1.0.44:35075|priority:0|startupRole:FOLLOWER]|listeners:[], old=null
2023-05-04 21:54:29,864 [e0862bec-a8bd-48ad-a9f8-bef0c155c835-server-thread2] INFO  segmented.SegmentedRaftLogWorker (SegmentedRaftLogWorker.java:startLogSegment(452)) - e0862bec-a8bd-48ad-a9f8-bef0c155c835@group-46E97EAE2EED-SegmentedRaftLogWorker: Starting segment from index:0
2023-05-04 21:54:29,864 [grpc-default-executor-1] INFO  server.RaftServer$Division (RaftServerImpl.java:requestVote(1218)) - 6abe40d9-bbca-402e-938b-50fbed365dbf@group-1D4C41826DFE: receive requestVote(PRE_VOTE, 7b4a0121-e5ca-4a28-aa85-7db853fd0802, group-1D4C41826DFE, 0, (t:0, i:0))
2023-05-04 21:54:29,864 [grpc-default-executor-1] INFO  impl.VoteContext (VoteContext.java:log(49)) - 6abe40d9-bbca-402e-938b-50fbed365dbf@group-1D4C41826DFE-FOLLOWER: reject PRE_VOTE from 7b4a0121-e5ca-4a28-aa85-7db853fd0802: our priority 1 > candidate's priority 0
2023-05-04 21:54:29,864 [grpc-default-executor-1] INFO  server.RaftServer$Division (RaftServerImpl.java:requestVote(1251)) - 6abe40d9-bbca-402e-938b-50fbed365dbf@group-1D4C41826DFE replies to PRE_VOTE vote request: 7b4a0121-e5ca-4a28-aa85-7db853fd0802<-6abe40d9-bbca-402e-938b-50fbed365dbf#0:FAIL-t0. Peer's state: 6abe40d9-bbca-402e-938b-50fbed365dbf@group-1D4C41826DFE:t0, leader=null, voted=, raftlog=Memoized:6abe40d9-bbca-402e-938b-50fbed365dbf@group-1D4C41826DFE-SegmentedRaftLog:OPENED:c-1, conf=-1: peers:[6abe40d9-bbca-402e-938b-50fbed365dbf|rpc:10.1.0.44:37731|dataStream:10.1.0.44:45795|priority:1|startupRole:FOLLOWER, dbf01856-92cd-4f2e-80e3-f7bd7f97e610|rpc:10.1.0.44:43433|dataStream:10.1.0.44:34049|priority:0|startupRole:FOLLOWER, 7b4a0121-e5ca-4a28-aa85-7db853fd0802|rpc:10.1.0.44:42349|dataStream:10.1.0.44:38943|priority:0|startupRole:FOLLOWER]|listeners:[], old=null
2023-05-04 21:54:29,865 [6abe40d9-bbca-402e-938b-50fbed365dbf@group-BE813D0FF4B6-FollowerState] INFO  server.RaftServerConfigKeys (ConfUtils.java:logGet(46)) - raft.server.leaderelection.pre-vote = true (default)
2023-05-04 21:54:29,866 [6abe40d9-bbca-402e-938b-50fbed365dbf@group-BE813D0FF4B6-FollowerState] INFO  impl.RoleInfo (RoleInfo.java:updateAndGet(139)) - 6abe40d9-bbca-402e-938b-50fbed365dbf: start 6abe40d9-bbca-402e-938b-50fbed365dbf@group-BE813D0FF4B6-LeaderElection11
2023-05-04 21:54:29,866 [dbf01856-92cd-4f2e-80e3-f7bd7f97e610@group-1D4C41826DFE-FollowerState] INFO  server.RaftServerConfigKeys (ConfUtils.java:logGet(46)) - raft.server.leaderelection.pre-vote = true (default)
2023-05-04 21:54:29,866 [dbf01856-92cd-4f2e-80e3-f7bd7f97e610@group-1D4C41826DFE-FollowerState] INFO  impl.RoleInfo (RoleInfo.java:updateAndGet(139)) - dbf01856-92cd-4f2e-80e3-f7bd7f97e610: start dbf01856-92cd-4f2e-80e3-f7bd7f97e610@group-1D4C41826DFE-LeaderElection10
2023-05-04 21:54:29,868 [4332e2d2-7bb6-4f7e-906a-de641ae4498f@group-46E97EAE2EED-SegmentedRaftLogWorker] INFO  segmented.SegmentedRaftLogWorker (SegmentedRaftLogWorker.java:execute(656)) - 4332e2d2-7bb6-4f7e-906a-de641ae4498f@group-46E97EAE2EED-SegmentedRaftLogWorker: created new log segment /home/runner/work/ozone/ozone/hadoop-ozone/integration-test/target/test-dir/MiniOzoneClusterImpl-52a188dd-66b8-45b2-ab7c-675c0ee04825/datanode-1/data/ratis/b7b8b290-6f3f-4782-a306-46e97eae2eed/current/log_inprogress_0
2023-05-04 21:54:29,868 [e0862bec-a8bd-48ad-a9f8-bef0c155c835@group-46E97EAE2EED-SegmentedRaftLogWorker] INFO  segmented.SegmentedRaftLogWorker (SegmentedRaftLogWorker.java:execute(656)) - e0862bec-a8bd-48ad-a9f8-bef0c155c835@group-46E97EAE2EED-SegmentedRaftLogWorker: created new log segment /home/runner/work/ozone/ozone/hadoop-ozone/integration-test/target/test-dir/MiniOzoneClusterImpl-52a188dd-66b8-45b2-ab7c-675c0ee04825/datanode-0/data/ratis/b7b8b290-6f3f-4782-a306-46e97eae2eed/current/log_inprogress_0
2023-05-04 21:54:29,875 [Listener at 127.0.0.1/45425] INFO  impl.MetricsSystemImpl (MetricsSystemImpl.java:init(158)) - XceiverClientMetrics metrics system started (again)
2023-05-04 21:54:29,876 [Listener at 127.0.0.1/45425] INFO  lib.Interns (Interns.java:removeEldestEntry(50)) - Metrics intern cache overflow at 2011 for MetricsSystem={MetricsSystem=MetricsInfoImpl{name=MetricsSystem, description=MetricsSystem}, MetricsSystem record=MetricsInfoImpl{name=MetricsSystem, description=MetricsSystem record}}
2023-05-04 21:54:29,877 [6abe40d9-bbca-402e-938b-50fbed365dbf@group-BE813D0FF4B6-LeaderElection11] INFO  impl.LeaderElection (LeaderElection.java:askForVotes(312)) - 6abe40d9-bbca-402e-938b-50fbed365dbf@group-BE813D0FF4B6-LeaderElection11 PRE_VOTE round 0: submit vote requests at term 0 for -1: peers:[6abe40d9-bbca-402e-938b-50fbed365dbf|rpc:10.1.0.44:37731|dataStream:10.1.0.44:45795|priority:0|startupRole:FOLLOWER, dbf01856-92cd-4f2e-80e3-f7bd7f97e610|rpc:10.1.0.44:43433|dataStream:10.1.0.44:34049|priority:0|startupRole:FOLLOWER, 7b4a0121-e5ca-4a28-aa85-7db853fd0802|rpc:10.1.0.44:42349|dataStream:10.1.0.44:38943|priority:1|startupRole:FOLLOWER]|listeners:[], old=null
2023-05-04 21:54:29,877 [dbf01856-92cd-4f2e-80e3-f7bd7f97e610@group-1D4C41826DFE-LeaderElection10] INFO  impl.LeaderElection (LeaderElection.java:askForVotes(312)) - dbf01856-92cd-4f2e-80e3-f7bd7f97e610@group-1D4C41826DFE-LeaderElection10 PRE_VOTE round 0: submit vote requests at term 0 for -1: peers:[6abe40d9-bbca-402e-938b-50fbed365dbf|rpc:10.1.0.44:37731|dataStream:10.1.0.44:45795|priority:1|startupRole:FOLLOWER, dbf01856-92cd-4f2e-80e3-f7bd7f97e610|rpc:10.1.0.44:43433|dataStream:10.1.0.44:34049|priority:0|startupRole:FOLLOWER, 7b4a0121-e5ca-4a28-aa85-7db853fd0802|rpc:10.1.0.44:42349|dataStream:10.1.0.44:38943|priority:0|startupRole:FOLLOWER]|listeners:[], old=null
2023-05-04 21:54:29,877 [6abe40d9-bbca-402e-938b-50fbed365dbf@group-BE813D0FF4B6-LeaderElection11-1] INFO  server.GrpcServerProtocolClient (GrpcServerProtocolClient.java:<init>(63)) - Build channel for dbf01856-92cd-4f2e-80e3-f7bd7f97e610
2023-05-04 21:54:29,888 [6abe40d9-bbca-402e-938b-50fbed365dbf@group-BE813D0FF4B6-LeaderElection11] INFO  server.RaftServerConfigKeys (ConfUtils.java:logFallback(53)) - raft.server.rpc.first-election.timeout.min = 5s (fallback to raft.server.rpc.timeout.min)
2023-05-04 21:54:29,888 [6abe40d9-bbca-402e-938b-50fbed365dbf@group-BE813D0FF4B6-LeaderElection11-2] INFO  server.GrpcServerProtocolClient (GrpcServerProtocolClient.java:<init>(63)) - Build channel for 7b4a0121-e5ca-4a28-aa85-7db853fd0802
2023-05-04 21:54:29,888 [6abe40d9-bbca-402e-938b-50fbed365dbf@group-BE813D0FF4B6-LeaderElection11] INFO  server.RaftServerConfigKeys (ConfUtils.java:logFallback(53)) - raft.server.rpc.first-election.timeout.max = 5200ms (fallback to raft.server.rpc.timeout.max)
2023-05-04 21:54:29,892 [dbf01856-92cd-4f2e-80e3-f7bd7f97e610@group-1D4C41826DFE-LeaderElection10-1] INFO  server.GrpcServerProtocolClient (GrpcServerProtocolClient.java:<init>(63)) - Build channel for 6abe40d9-bbca-402e-938b-50fbed365dbf
2023-05-04 21:54:29,895 [dbf01856-92cd-4f2e-80e3-f7bd7f97e610@group-1D4C41826DFE-LeaderElection10] INFO  server.RaftServerConfigKeys (ConfUtils.java:logFallback(53)) - raft.server.rpc.first-election.timeout.min = 5s (fallback to raft.server.rpc.timeout.min)
2023-05-04 21:54:29,895 [dbf01856-92cd-4f2e-80e3-f7bd7f97e610@group-1D4C41826DFE-LeaderElection10-2] INFO  server.GrpcServerProtocolClient (GrpcServerProtocolClient.java:<init>(63)) - Build channel for 7b4a0121-e5ca-4a28-aa85-7db853fd0802
2023-05-04 21:54:29,913 [grpc-default-executor-4] INFO  server.RaftServer$Division (RaftServerImpl.java:requestVote(1218)) - dbf01856-92cd-4f2e-80e3-f7bd7f97e610@group-BE813D0FF4B6: receive requestVote(PRE_VOTE, 6abe40d9-bbca-402e-938b-50fbed365dbf, group-BE813D0FF4B6, 0, (t:0, i:0))
2023-05-04 21:54:29,914 [grpc-default-executor-4] INFO  impl.VoteContext (VoteContext.java:log(49)) - dbf01856-92cd-4f2e-80e3-f7bd7f97e610@group-BE813D0FF4B6-FOLLOWER: accept PRE_VOTE from 6abe40d9-bbca-402e-938b-50fbed365dbf: our priority 0 <= candidate's priority 0
2023-05-04 21:54:29,914 [grpc-default-executor-4] INFO  server.RaftServer$Division (RaftServerImpl.java:requestVote(1251)) - dbf01856-92cd-4f2e-80e3-f7bd7f97e610@group-BE813D0FF4B6 replies to PRE_VOTE vote request: 6abe40d9-bbca-402e-938b-50fbed365dbf<-dbf01856-92cd-4f2e-80e3-f7bd7f97e610#0:OK-t0. Peer's state: dbf01856-92cd-4f2e-80e3-f7bd7f97e610@group-BE813D0FF4B6:t0, leader=null, voted=, raftlog=Memoized:dbf01856-92cd-4f2e-80e3-f7bd7f97e610@group-BE813D0FF4B6-SegmentedRaftLog:OPENED:c-1, conf=-1: peers:[6abe40d9-bbca-402e-938b-50fbed365dbf|rpc:10.1.0.44:37731|dataStream:10.1.0.44:45795|priority:0|startupRole:FOLLOWER, dbf01856-92cd-4f2e-80e3-f7bd7f97e610|rpc:10.1.0.44:43433|dataStream:10.1.0.44:34049|priority:0|startupRole:FOLLOWER, 7b4a0121-e5ca-4a28-aa85-7db853fd0802|rpc:10.1.0.44:42349|dataStream:10.1.0.44:38943|priority:1|startupRole:FOLLOWER]|listeners:[], old=null
2023-05-04 21:54:29,912 [grpc-default-executor-0] INFO  server.RaftServer$Division (RaftServerImpl.java:requestVote(1218)) - 6abe40d9-bbca-402e-938b-50fbed365dbf@group-1D4C41826DFE: receive requestVote(PRE_VOTE, dbf01856-92cd-4f2e-80e3-f7bd7f97e610, group-1D4C41826DFE, 0, (t:0, i:0))
2023-05-04 21:54:29,901 [grpc-default-executor-3] INFO  server.RaftServer$Division (RaftServerImpl.java:requestVote(1218)) - dbf01856-92cd-4f2e-80e3-f7bd7f97e610@group-1D4C41826DFE: receive requestVote(PRE_VOTE, 7b4a0121-e5ca-4a28-aa85-7db853fd0802, group-1D4C41826DFE, 0, (t:0, i:0))
2023-05-04 21:54:29,901 [7b4a0121-e5ca-4a28-aa85-7db853fd0802@group-1D4C41826DFE-LeaderElection9] INFO  impl.LeaderElection (LeaderElection.java:logAndReturn(90)) - 7b4a0121-e5ca-4a28-aa85-7db853fd0802@group-1D4C41826DFE-LeaderElection9: PRE_VOTE REJECTED received 1 response(s) and 0 exception(s):
2023-05-04 21:54:29,918 [grpc-default-executor-3] INFO  impl.VoteContext (VoteContext.java:log(49)) - dbf01856-92cd-4f2e-80e3-f7bd7f97e610@group-1D4C41826DFE-CANDIDATE: accept PRE_VOTE from 7b4a0121-e5ca-4a28-aa85-7db853fd0802: our priority 0 <= candidate's priority 0
2023-05-04 21:54:29,918 [grpc-default-executor-3] INFO  server.RaftServer$Division (RaftServerImpl.java:requestVote(1251)) - dbf01856-92cd-4f2e-80e3-f7bd7f97e610@group-1D4C41826DFE replies to PRE_VOTE vote request: 7b4a0121-e5ca-4a28-aa85-7db853fd0802<-dbf01856-92cd-4f2e-80e3-f7bd7f97e610#0:OK-t0. Peer's state: dbf01856-92cd-4f2e-80e3-f7bd7f97e610@group-1D4C41826DFE:t0, leader=null, voted=, raftlog=Memoized:dbf01856-92cd-4f2e-80e3-f7bd7f97e610@group-1D4C41826DFE-SegmentedRaftLog:OPENED:c-1, conf=-1: peers:[6abe40d9-bbca-402e-938b-50fbed365dbf|rpc:10.1.0.44:37731|dataStream:10.1.0.44:45795|priority:1|startupRole:FOLLOWER, dbf01856-92cd-4f2e-80e3-f7bd7f97e610|rpc:10.1.0.44:43433|dataStream:10.1.0.44:34049|priority:0|startupRole:FOLLOWER, 7b4a0121-e5ca-4a28-aa85-7db853fd0802|rpc:10.1.0.44:42349|dataStream:10.1.0.44:38943|priority:0|startupRole:FOLLOWER]|listeners:[], old=null
2023-05-04 21:54:29,895 [dbf01856-92cd-4f2e-80e3-f7bd7f97e610@group-1D4C41826DFE-LeaderElection10] INFO  server.RaftServerConfigKeys (ConfUtils.java:logFallback(53)) - raft.server.rpc.first-election.timeout.max = 5200ms (fallback to raft.server.rpc.timeout.max)
2023-05-04 21:54:29,918 [7b4a0121-e5ca-4a28-aa85-7db853fd0802@group-1D4C41826DFE-LeaderElection9] INFO  impl.LeaderElection (LeaderElection.java:logAndReturn(94)) -   Response 0: 7b4a0121-e5ca-4a28-aa85-7db853fd0802<-6abe40d9-bbca-402e-938b-50fbed365dbf#0:FAIL-t0
2023-05-04 21:54:29,918 [7b4a0121-e5ca-4a28-aa85-7db853fd0802@group-1D4C41826DFE-LeaderElection9] INFO  impl.LeaderElection (LeaderElection.java:askForVotes(314)) - 7b4a0121-e5ca-4a28-aa85-7db853fd0802@group-1D4C41826DFE-LeaderElection9 PRE_VOTE round 0: result REJECTED
2023-05-04 21:54:29,918 [7b4a0121-e5ca-4a28-aa85-7db853fd0802@group-1D4C41826DFE-LeaderElection9] INFO  server.RaftServer$Division (RaftServerImpl.java:setRole(321)) - 7b4a0121-e5ca-4a28-aa85-7db853fd0802@group-1D4C41826DFE: changes role from CANDIDATE to FOLLOWER at term 0 for REJECTED
2023-05-04 21:54:29,918 [7b4a0121-e5ca-4a28-aa85-7db853fd0802@group-1D4C41826DFE-LeaderElection9] INFO  impl.RoleInfo (RoleInfo.java:shutdownLeaderElection(130)) - 7b4a0121-e5ca-4a28-aa85-7db853fd0802: shutdown 7b4a0121-e5ca-4a28-aa85-7db853fd0802@group-1D4C41826DFE-LeaderElection9
2023-05-04 21:54:29,918 [7b4a0121-e5ca-4a28-aa85-7db853fd0802@group-1D4C41826DFE-LeaderElection9] INFO  impl.RoleInfo (RoleInfo.java:updateAndGet(139)) - 7b4a0121-e5ca-4a28-aa85-7db853fd0802: start 7b4a0121-e5ca-4a28-aa85-7db853fd0802@group-1D4C41826DFE-FollowerState
2023-05-04 21:54:29,919 [grpc-default-executor-3] INFO  server.RaftServer$Division (RaftServerImpl.java:requestVote(1218)) - 7b4a0121-e5ca-4a28-aa85-7db853fd0802@group-BE813D0FF4B6: receive requestVote(PRE_VOTE, 6abe40d9-bbca-402e-938b-50fbed365dbf, group-BE813D0FF4B6, 0, (t:0, i:0))
2023-05-04 21:54:29,919 [grpc-default-executor-3] INFO  impl.VoteContext (VoteContext.java:log(49)) - 7b4a0121-e5ca-4a28-aa85-7db853fd0802@group-BE813D0FF4B6-FOLLOWER: reject PRE_VOTE from 6abe40d9-bbca-402e-938b-50fbed365dbf: our priority 1 > candidate's priority 0
2023-05-04 21:54:29,919 [grpc-default-executor-3] INFO  server.RaftServer$Division (RaftServerImpl.java:requestVote(1251)) - 7b4a0121-e5ca-4a28-aa85-7db853fd0802@group-BE813D0FF4B6 replies to PRE_VOTE vote request: 6abe40d9-bbca-402e-938b-50fbed365dbf<-7b4a0121-e5ca-4a28-aa85-7db853fd0802#0:FAIL-t0. Peer's state: 7b4a0121-e5ca-4a28-aa85-7db853fd0802@group-BE813D0FF4B6:t0, leader=null, voted=, raftlog=Memoized:7b4a0121-e5ca-4a28-aa85-7db853fd0802@group-BE813D0FF4B6-SegmentedRaftLog:OPENED:c-1, conf=-1: peers:[6abe40d9-bbca-402e-938b-50fbed365dbf|rpc:10.1.0.44:37731|dataStream:10.1.0.44:45795|priority:0|startupRole:FOLLOWER, dbf01856-92cd-4f2e-80e3-f7bd7f97e610|rpc:10.1.0.44:43433|dataStream:10.1.0.44:34049|priority:0|startupRole:FOLLOWER, 7b4a0121-e5ca-4a28-aa85-7db853fd0802|rpc:10.1.0.44:42349|dataStream:10.1.0.44:38943|priority:1|startupRole:FOLLOWER]|listeners:[], old=null
2023-05-04 21:54:29,925 [grpc-default-executor-0] INFO  impl.VoteContext (VoteContext.java:log(49)) - 6abe40d9-bbca-402e-938b-50fbed365dbf@group-1D4C41826DFE-FOLLOWER: reject PRE_VOTE from dbf01856-92cd-4f2e-80e3-f7bd7f97e610: our priority 1 > candidate's priority 0
2023-05-04 21:54:29,925 [grpc-default-executor-0] INFO  server.RaftServer$Division (RaftServerImpl.java:requestVote(1251)) - 6abe40d9-bbca-402e-938b-50fbed365dbf@group-1D4C41826DFE replies to PRE_VOTE vote request: dbf01856-92cd-4f2e-80e3-f7bd7f97e610<-6abe40d9-bbca-402e-938b-50fbed365dbf#0:FAIL-t0. Peer's state: 6abe40d9-bbca-402e-938b-50fbed365dbf@group-1D4C41826DFE:t0, leader=null, voted=, raftlog=Memoized:6abe40d9-bbca-402e-938b-50fbed365dbf@group-1D4C41826DFE-SegmentedRaftLog:OPENED:c-1, conf=-1: peers:[6abe40d9-bbca-402e-938b-50fbed365dbf|rpc:10.1.0.44:37731|dataStream:10.1.0.44:45795|priority:1|startupRole:FOLLOWER, dbf01856-92cd-4f2e-80e3-f7bd7f97e610|rpc:10.1.0.44:43433|dataStream:10.1.0.44:34049|priority:0|startupRole:FOLLOWER, 7b4a0121-e5ca-4a28-aa85-7db853fd0802|rpc:10.1.0.44:42349|dataStream:10.1.0.44:38943|priority:0|startupRole:FOLLOWER]|listeners:[], old=null
2023-05-04 21:54:29,930 [6abe40d9-bbca-402e-938b-50fbed365dbf@group-BE813D0FF4B6-LeaderElection11] INFO  impl.LeaderElection (LeaderElection.java:logAndReturn(90)) - 6abe40d9-bbca-402e-938b-50fbed365dbf@group-BE813D0FF4B6-LeaderElection11: PRE_VOTE REJECTED received 2 response(s) and 0 exception(s):
2023-05-04 21:54:29,930 [6abe40d9-bbca-402e-938b-50fbed365dbf@group-BE813D0FF4B6-LeaderElection11] INFO  impl.LeaderElection (LeaderElection.java:logAndReturn(94)) -   Response 0: 6abe40d9-bbca-402e-938b-50fbed365dbf<-dbf01856-92cd-4f2e-80e3-f7bd7f97e610#0:OK-t0
2023-05-04 21:54:29,930 [6abe40d9-bbca-402e-938b-50fbed365dbf@group-BE813D0FF4B6-LeaderElection11] INFO  impl.LeaderElection (LeaderElection.java:logAndReturn(94)) -   Response 1: 6abe40d9-bbca-402e-938b-50fbed365dbf<-7b4a0121-e5ca-4a28-aa85-7db853fd0802#0:FAIL-t0
2023-05-04 21:54:29,930 [6abe40d9-bbca-402e-938b-50fbed365dbf@group-BE813D0FF4B6-LeaderElection11] INFO  impl.LeaderElection (LeaderElection.java:askForVotes(314)) - 6abe40d9-bbca-402e-938b-50fbed365dbf@group-BE813D0FF4B6-LeaderElection11 PRE_VOTE round 0: result REJECTED
2023-05-04 21:54:29,930 [6abe40d9-bbca-402e-938b-50fbed365dbf@group-BE813D0FF4B6-LeaderElection11] INFO  server.RaftServer$Division (RaftServerImpl.java:setRole(321)) - 6abe40d9-bbca-402e-938b-50fbed365dbf@group-BE813D0FF4B6: changes role from CANDIDATE to FOLLOWER at term 0 for REJECTED
2023-05-04 21:54:29,930 [6abe40d9-bbca-402e-938b-50fbed365dbf@group-BE813D0FF4B6-LeaderElection11] INFO  impl.RoleInfo (RoleInfo.java:shutdownLeaderElection(130)) - 6abe40d9-bbca-402e-938b-50fbed365dbf: shutdown 6abe40d9-bbca-402e-938b-50fbed365dbf@group-BE813D0FF4B6-LeaderElection11
2023-05-04 21:54:29,930 [6abe40d9-bbca-402e-938b-50fbed365dbf@group-BE813D0FF4B6-LeaderElection11] INFO  impl.RoleInfo (RoleInfo.java:updateAndGet(139)) - 6abe40d9-bbca-402e-938b-50fbed365dbf: start 6abe40d9-bbca-402e-938b-50fbed365dbf@group-BE813D0FF4B6-FollowerState
2023-05-04 21:54:29,931 [7b4a0121-e5ca-4a28-aa85-7db853fd0802@group-1D4C41826DFE-FollowerState] INFO  server.RaftServerConfigKeys (ConfUtils.java:logFallback(53)) - raft.server.rpc.first-election.timeout.min = 5s (fallback to raft.server.rpc.timeout.min)
2023-05-04 21:54:29,931 [7b4a0121-e5ca-4a28-aa85-7db853fd0802@group-1D4C41826DFE-FollowerState] INFO  server.RaftServerConfigKeys (ConfUtils.java:logFallback(53)) - raft.server.rpc.first-election.timeout.max = 5200ms (fallback to raft.server.rpc.timeout.max)
2023-05-04 21:54:29,940 [6abe40d9-bbca-402e-938b-50fbed365dbf@group-BE813D0FF4B6-FollowerState] INFO  server.RaftServerConfigKeys (ConfUtils.java:logFallback(53)) - raft.server.rpc.first-election.timeout.min = 5s (fallback to raft.server.rpc.timeout.min)
2023-05-04 21:54:29,940 [6abe40d9-bbca-402e-938b-50fbed365dbf@group-BE813D0FF4B6-FollowerState] INFO  server.RaftServerConfigKeys (ConfUtils.java:logFallback(53)) - raft.server.rpc.first-election.timeout.max = 5200ms (fallback to raft.server.rpc.timeout.max)
2023-05-04 21:54:29,941 [dbf01856-92cd-4f2e-80e3-f7bd7f97e610@group-1D4C41826DFE-LeaderElection10] INFO  impl.LeaderElection (LeaderElection.java:logAndReturn(90)) - dbf01856-92cd-4f2e-80e3-f7bd7f97e610@group-1D4C41826DFE-LeaderElection10: PRE_VOTE REJECTED received 1 response(s) and 0 exception(s):
2023-05-04 21:54:29,941 [dbf01856-92cd-4f2e-80e3-f7bd7f97e610@group-1D4C41826DFE-LeaderElection10] INFO  impl.LeaderElection (LeaderElection.java:logAndReturn(94)) -   Response 0: dbf01856-92cd-4f2e-80e3-f7bd7f97e610<-6abe40d9-bbca-402e-938b-50fbed365dbf#0:FAIL-t0
2023-05-04 21:54:29,941 [dbf01856-92cd-4f2e-80e3-f7bd7f97e610@group-1D4C41826DFE-LeaderElection10] INFO  impl.LeaderElection (LeaderElection.java:askForVotes(314)) - dbf01856-92cd-4f2e-80e3-f7bd7f97e610@group-1D4C41826DFE-LeaderElection10 PRE_VOTE round 0: result REJECTED
2023-05-04 21:54:29,942 [dbf01856-92cd-4f2e-80e3-f7bd7f97e610@group-1D4C41826DFE-LeaderElection10] INFO  server.RaftServer$Division (RaftServerImpl.java:setRole(321)) - dbf01856-92cd-4f2e-80e3-f7bd7f97e610@group-1D4C41826DFE: changes role from CANDIDATE to FOLLOWER at term 0 for REJECTED
2023-05-04 21:54:29,942 [dbf01856-92cd-4f2e-80e3-f7bd7f97e610@group-1D4C41826DFE-LeaderElection10] INFO  impl.RoleInfo (RoleInfo.java:shutdownLeaderElection(130)) - dbf01856-92cd-4f2e-80e3-f7bd7f97e610: shutdown dbf01856-92cd-4f2e-80e3-f7bd7f97e610@group-1D4C41826DFE-LeaderElection10
2023-05-04 21:54:29,942 [dbf01856-92cd-4f2e-80e3-f7bd7f97e610@group-1D4C41826DFE-LeaderElection10] INFO  impl.RoleInfo (RoleInfo.java:updateAndGet(139)) - dbf01856-92cd-4f2e-80e3-f7bd7f97e610: start dbf01856-92cd-4f2e-80e3-f7bd7f97e610@group-1D4C41826DFE-FollowerState
2023-05-04 21:54:29,943 [grpc-default-executor-0] INFO  server.RaftServer$Division (RaftServerImpl.java:requestVote(1218)) - 7b4a0121-e5ca-4a28-aa85-7db853fd0802@group-1D4C41826DFE: receive requestVote(PRE_VOTE, dbf01856-92cd-4f2e-80e3-f7bd7f97e610, group-1D4C41826DFE, 0, (t:0, i:0))
2023-05-04 21:54:29,943 [grpc-default-executor-0] INFO  impl.VoteContext (VoteContext.java:log(49)) - 7b4a0121-e5ca-4a28-aa85-7db853fd0802@group-1D4C41826DFE-FOLLOWER: accept PRE_VOTE from dbf01856-92cd-4f2e-80e3-f7bd7f97e610: our priority 0 <= candidate's priority 0
2023-05-04 21:54:29,943 [grpc-default-executor-0] INFO  server.RaftServer$Division (RaftServerImpl.java:requestVote(1251)) - 7b4a0121-e5ca-4a28-aa85-7db853fd0802@group-1D4C41826DFE replies to PRE_VOTE vote request: dbf01856-92cd-4f2e-80e3-f7bd7f97e610<-7b4a0121-e5ca-4a28-aa85-7db853fd0802#0:OK-t0. Peer's state: 7b4a0121-e5ca-4a28-aa85-7db853fd0802@group-1D4C41826DFE:t0, leader=null, voted=, raftlog=Memoized:7b4a0121-e5ca-4a28-aa85-7db853fd0802@group-1D4C41826DFE-SegmentedRaftLog:OPENED:c-1, conf=-1: peers:[6abe40d9-bbca-402e-938b-50fbed365dbf|rpc:10.1.0.44:37731|dataStream:10.1.0.44:45795|priority:1|startupRole:FOLLOWER, dbf01856-92cd-4f2e-80e3-f7bd7f97e610|rpc:10.1.0.44:43433|dataStream:10.1.0.44:34049|priority:0|startupRole:FOLLOWER, 7b4a0121-e5ca-4a28-aa85-7db853fd0802|rpc:10.1.0.44:42349|dataStream:10.1.0.44:38943|priority:0|startupRole:FOLLOWER]|listeners:[], old=null
2023-05-04 21:54:29,943 [dbf01856-92cd-4f2e-80e3-f7bd7f97e610@group-1D4C41826DFE-FollowerState] INFO  server.RaftServerConfigKeys (ConfUtils.java:logFallback(53)) - raft.server.rpc.first-election.timeout.min = 5s (fallback to raft.server.rpc.timeout.min)
2023-05-04 21:54:29,943 [dbf01856-92cd-4f2e-80e3-f7bd7f97e610@group-1D4C41826DFE-FollowerState] INFO  server.RaftServerConfigKeys (ConfUtils.java:logFallback(53)) - raft.server.rpc.first-election.timeout.max = 5200ms (fallback to raft.server.rpc.timeout.max)
2023-05-04 21:54:29,960 [7b4a0121-e5ca-4a28-aa85-7db853fd0802@group-BE813D0FF4B6-FollowerState] INFO  impl.FollowerState (FollowerState.java:run(143)) - 7b4a0121-e5ca-4a28-aa85-7db853fd0802@group-BE813D0FF4B6-FollowerState: change to CANDIDATE, lastRpcElapsedTime:5137012434ns, electionTimeout:5126ms
2023-05-04 21:54:29,961 [7b4a0121-e5ca-4a28-aa85-7db853fd0802@group-BE813D0FF4B6-FollowerState] INFO  impl.RoleInfo (RoleInfo.java:shutdownFollowerState(110)) - 7b4a0121-e5ca-4a28-aa85-7db853fd0802: shutdown 7b4a0121-e5ca-4a28-aa85-7db853fd0802@group-BE813D0FF4B6-FollowerState
2023-05-04 21:54:29,961 [7b4a0121-e5ca-4a28-aa85-7db853fd0802@group-BE813D0FF4B6-FollowerState] INFO  server.RaftServer$Division (RaftServerImpl.java:setRole(321)) - 7b4a0121-e5ca-4a28-aa85-7db853fd0802@group-BE813D0FF4B6: changes role from  FOLLOWER to CANDIDATE at term 0 for changeToCandidate
2023-05-04 21:54:29,961 [7b4a0121-e5ca-4a28-aa85-7db853fd0802@group-BE813D0FF4B6-FollowerState] INFO  server.RaftServerConfigKeys (ConfUtils.java:logGet(46)) - raft.server.leaderelection.pre-vote = true (default)
2023-05-04 21:54:29,961 [7b4a0121-e5ca-4a28-aa85-7db853fd0802@group-BE813D0FF4B6-FollowerState] INFO  impl.RoleInfo (RoleInfo.java:updateAndGet(139)) - 7b4a0121-e5ca-4a28-aa85-7db853fd0802: start 7b4a0121-e5ca-4a28-aa85-7db853fd0802@group-BE813D0FF4B6-LeaderElection12
2023-05-04 21:54:29,972 [dbf01856-92cd-4f2e-80e3-f7bd7f97e610@group-BE813D0FF4B6-FollowerState] INFO  server.RaftServerConfigKeys (ConfUtils.java:logFallback(53)) - raft.server.rpc.first-election.timeout.min = 5s (fallback to raft.server.rpc.timeout.min)
2023-05-04 21:54:29,972 [dbf01856-92cd-4f2e-80e3-f7bd7f97e610@group-BE813D0FF4B6-FollowerState] INFO  server.RaftServerConfigKeys (ConfUtils.java:logFallback(53)) - raft.server.rpc.first-election.timeout.max = 5200ms (fallback to raft.server.rpc.timeout.max)
2023-05-04 21:54:29,977 [7b4a0121-e5ca-4a28-aa85-7db853fd0802@group-BE813D0FF4B6-LeaderElection12] INFO  impl.LeaderElection (LeaderElection.java:askForVotes(312)) - 7b4a0121-e5ca-4a28-aa85-7db853fd0802@group-BE813D0FF4B6-LeaderElection12 PRE_VOTE round 0: submit vote requests at term 0 for -1: peers:[6abe40d9-bbca-402e-938b-50fbed365dbf|rpc:10.1.0.44:37731|dataStream:10.1.0.44:45795|priority:0|startupRole:FOLLOWER, dbf01856-92cd-4f2e-80e3-f7bd7f97e610|rpc:10.1.0.44:43433|dataStream:10.1.0.44:34049|priority:0|startupRole:FOLLOWER, 7b4a0121-e5ca-4a28-aa85-7db853fd0802|rpc:10.1.0.44:42349|dataStream:10.1.0.44:38943|priority:1|startupRole:FOLLOWER]|listeners:[], old=null
2023-05-04 21:54:29,985 [grpc-default-executor-0] INFO  server.RaftServer$Division (RaftServerImpl.java:requestVote(1218)) - 6abe40d9-bbca-402e-938b-50fbed365dbf@group-BE813D0FF4B6: receive requestVote(PRE_VOTE, 7b4a0121-e5ca-4a28-aa85-7db853fd0802, group-BE813D0FF4B6, 0, (t:0, i:0))
2023-05-04 21:54:29,985 [grpc-default-executor-0] INFO  impl.VoteContext (VoteContext.java:log(49)) - 6abe40d9-bbca-402e-938b-50fbed365dbf@group-BE813D0FF4B6-FOLLOWER: accept PRE_VOTE from 7b4a0121-e5ca-4a28-aa85-7db853fd0802: our priority 0 <= candidate's priority 1
2023-05-04 21:54:29,985 [grpc-default-executor-0] INFO  server.RaftServer$Division (RaftServerImpl.java:requestVote(1251)) - 6abe40d9-bbca-402e-938b-50fbed365dbf@group-BE813D0FF4B6 replies to PRE_VOTE vote request: 7b4a0121-e5ca-4a28-aa85-7db853fd0802<-6abe40d9-bbca-402e-938b-50fbed365dbf#0:OK-t0. Peer's state: 6abe40d9-bbca-402e-938b-50fbed365dbf@group-BE813D0FF4B6:t0, leader=null, voted=, raftlog=Memoized:6abe40d9-bbca-402e-938b-50fbed365dbf@group-BE813D0FF4B6-SegmentedRaftLog:OPENED:c-1, conf=-1: peers:[6abe40d9-bbca-402e-938b-50fbed365dbf|rpc:10.1.0.44:37731|dataStream:10.1.0.44:45795|priority:0|startupRole:FOLLOWER, dbf01856-92cd-4f2e-80e3-f7bd7f97e610|rpc:10.1.0.44:43433|dataStream:10.1.0.44:34049|priority:0|startupRole:FOLLOWER, 7b4a0121-e5ca-4a28-aa85-7db853fd0802|rpc:10.1.0.44:42349|dataStream:10.1.0.44:38943|priority:1|startupRole:FOLLOWER]|listeners:[], old=null
2023-05-04 21:54:29,991 [7b4a0121-e5ca-4a28-aa85-7db853fd0802@group-BE813D0FF4B6-LeaderElection12] INFO  server.RaftServerConfigKeys (ConfUtils.java:logFallback(53)) - raft.server.rpc.first-election.timeout.min = 5s (fallback to raft.server.rpc.timeout.min)
2023-05-04 21:54:29,991 [7b4a0121-e5ca-4a28-aa85-7db853fd0802@group-BE813D0FF4B6-LeaderElection12] INFO  server.RaftServerConfigKeys (ConfUtils.java:logFallback(53)) - raft.server.rpc.first-election.timeout.max = 5200ms (fallback to raft.server.rpc.timeout.max)
2023-05-04 21:54:29,992 [7b4a0121-e5ca-4a28-aa85-7db853fd0802@group-BE813D0FF4B6-LeaderElection12] INFO  impl.LeaderElection (LeaderElection.java:logAndReturn(90)) - 7b4a0121-e5ca-4a28-aa85-7db853fd0802@group-BE813D0FF4B6-LeaderElection12: PRE_VOTE PASSED received 1 response(s) and 0 exception(s):
2023-05-04 21:54:29,992 [7b4a0121-e5ca-4a28-aa85-7db853fd0802@group-BE813D0FF4B6-LeaderElection12] INFO  impl.LeaderElection (LeaderElection.java:logAndReturn(94)) -   Response 0: 7b4a0121-e5ca-4a28-aa85-7db853fd0802<-6abe40d9-bbca-402e-938b-50fbed365dbf#0:OK-t0
2023-05-04 21:54:29,992 [7b4a0121-e5ca-4a28-aa85-7db853fd0802@group-BE813D0FF4B6-LeaderElection12] INFO  impl.LeaderElection (LeaderElection.java:askForVotes(314)) - 7b4a0121-e5ca-4a28-aa85-7db853fd0802@group-BE813D0FF4B6-LeaderElection12 PRE_VOTE round 0: result PASSED
2023-05-04 21:54:29,996 [7b4a0121-e5ca-4a28-aa85-7db853fd0802@group-BE813D0FF4B6-LeaderElection12] INFO  impl.LeaderElection (LeaderElection.java:askForVotes(312)) - 7b4a0121-e5ca-4a28-aa85-7db853fd0802@group-BE813D0FF4B6-LeaderElection12 ELECTION round 0: submit vote requests at term 1 for -1: peers:[6abe40d9-bbca-402e-938b-50fbed365dbf|rpc:10.1.0.44:37731|dataStream:10.1.0.44:45795|priority:0|startupRole:FOLLOWER, dbf01856-92cd-4f2e-80e3-f7bd7f97e610|rpc:10.1.0.44:43433|dataStream:10.1.0.44:34049|priority:0|startupRole:FOLLOWER, 7b4a0121-e5ca-4a28-aa85-7db853fd0802|rpc:10.1.0.44:42349|dataStream:10.1.0.44:38943|priority:1|startupRole:FOLLOWER]|listeners:[], old=null
2023-05-04 21:54:29,999 [grpc-default-executor-0] INFO  server.RaftServer$Division (RaftServerImpl.java:requestVote(1218)) - dbf01856-92cd-4f2e-80e3-f7bd7f97e610@group-BE813D0FF4B6: receive requestVote(PRE_VOTE, 7b4a0121-e5ca-4a28-aa85-7db853fd0802, group-BE813D0FF4B6, 0, (t:0, i:0))
2023-05-04 21:54:29,999 [grpc-default-executor-0] INFO  impl.VoteContext (VoteContext.java:log(49)) - dbf01856-92cd-4f2e-80e3-f7bd7f97e610@group-BE813D0FF4B6-FOLLOWER: accept PRE_VOTE from 7b4a0121-e5ca-4a28-aa85-7db853fd0802: our priority 0 <= candidate's priority 1
2023-05-04 21:54:29,999 [grpc-default-executor-0] INFO  server.RaftServer$Division (RaftServerImpl.java:requestVote(1251)) - dbf01856-92cd-4f2e-80e3-f7bd7f97e610@group-BE813D0FF4B6 replies to PRE_VOTE vote request: 7b4a0121-e5ca-4a28-aa85-7db853fd0802<-dbf01856-92cd-4f2e-80e3-f7bd7f97e610#0:OK-t0. Peer's state: dbf01856-92cd-4f2e-80e3-f7bd7f97e610@group-BE813D0FF4B6:t0, leader=null, voted=, raftlog=Memoized:dbf01856-92cd-4f2e-80e3-f7bd7f97e610@group-BE813D0FF4B6-SegmentedRaftLog:OPENED:c-1, conf=-1: peers:[6abe40d9-bbca-402e-938b-50fbed365dbf|rpc:10.1.0.44:37731|dataStream:10.1.0.44:45795|priority:0|startupRole:FOLLOWER, dbf01856-92cd-4f2e-80e3-f7bd7f97e610|rpc:10.1.0.44:43433|dataStream:10.1.0.44:34049|priority:0|startupRole:FOLLOWER, 7b4a0121-e5ca-4a28-aa85-7db853fd0802|rpc:10.1.0.44:42349|dataStream:10.1.0.44:38943|priority:1|startupRole:FOLLOWER]|listeners:[], old=null
2023-05-04 21:54:30,004 [grpc-default-executor-0] INFO  server.RaftServer$Division (RaftServerImpl.java:requestVote(1218)) - 6abe40d9-bbca-402e-938b-50fbed365dbf@group-BE813D0FF4B6: receive requestVote(ELECTION, 7b4a0121-e5ca-4a28-aa85-7db853fd0802, group-BE813D0FF4B6, 1, (t:0, i:0))
2023-05-04 21:54:30,005 [7b4a0121-e5ca-4a28-aa85-7db853fd0802@group-BE813D0FF4B6-LeaderElection12] INFO  server.RaftServerConfigKeys (ConfUtils.java:logFallback(53)) - raft.server.rpc.first-election.timeout.min = 5s (fallback to raft.server.rpc.timeout.min)
2023-05-04 21:54:30,005 [grpc-default-executor-0] INFO  impl.VoteContext (VoteContext.java:log(49)) - 6abe40d9-bbca-402e-938b-50fbed365dbf@group-BE813D0FF4B6-FOLLOWER: accept ELECTION from 7b4a0121-e5ca-4a28-aa85-7db853fd0802: our priority 0 <= candidate's priority 1
2023-05-04 21:54:30,005 [7b4a0121-e5ca-4a28-aa85-7db853fd0802@group-BE813D0FF4B6-LeaderElection12] INFO  server.RaftServerConfigKeys (ConfUtils.java:logFallback(53)) - raft.server.rpc.first-election.timeout.max = 5200ms (fallback to raft.server.rpc.timeout.max)
2023-05-04 21:54:30,005 [grpc-default-executor-0] INFO  server.RaftServer$Division (RaftServerImpl.java:setRole(321)) - 6abe40d9-bbca-402e-938b-50fbed365dbf@group-BE813D0FF4B6: changes role from  FOLLOWER to FOLLOWER at term 1 for candidate:7b4a0121-e5ca-4a28-aa85-7db853fd0802
2023-05-04 21:54:30,005 [grpc-default-executor-0] INFO  impl.RoleInfo (RoleInfo.java:shutdownFollowerState(110)) - 6abe40d9-bbca-402e-938b-50fbed365dbf: shutdown 6abe40d9-bbca-402e-938b-50fbed365dbf@group-BE813D0FF4B6-FollowerState
2023-05-04 21:54:30,005 [grpc-default-executor-0] INFO  impl.RoleInfo (RoleInfo.java:updateAndGet(139)) - 6abe40d9-bbca-402e-938b-50fbed365dbf: start 6abe40d9-bbca-402e-938b-50fbed365dbf@group-BE813D0FF4B6-FollowerState
2023-05-04 21:54:30,005 [6abe40d9-bbca-402e-938b-50fbed365dbf@group-BE813D0FF4B6-FollowerState] INFO  impl.FollowerState (FollowerState.java:run(152)) - 6abe40d9-bbca-402e-938b-50fbed365dbf@group-BE813D0FF4B6-FollowerState was interrupted
2023-05-04 21:54:30,010 [grpc-default-executor-3] INFO  server.RaftServer$Division (RaftServerImpl.java:requestVote(1218)) - dbf01856-92cd-4f2e-80e3-f7bd7f97e610@group-BE813D0FF4B6: receive requestVote(ELECTION, 7b4a0121-e5ca-4a28-aa85-7db853fd0802, group-BE813D0FF4B6, 1, (t:0, i:0))
2023-05-04 21:54:30,010 [grpc-default-executor-3] INFO  impl.VoteContext (VoteContext.java:log(49)) - dbf01856-92cd-4f2e-80e3-f7bd7f97e610@group-BE813D0FF4B6-FOLLOWER: accept ELECTION from 7b4a0121-e5ca-4a28-aa85-7db853fd0802: our priority 0 <= candidate's priority 1
2023-05-04 21:54:30,010 [grpc-default-executor-3] INFO  server.RaftServer$Division (RaftServerImpl.java:setRole(321)) - dbf01856-92cd-4f2e-80e3-f7bd7f97e610@group-BE813D0FF4B6: changes role from  FOLLOWER to FOLLOWER at term 1 for candidate:7b4a0121-e5ca-4a28-aa85-7db853fd0802
2023-05-04 21:54:30,010 [grpc-default-executor-3] INFO  impl.RoleInfo (RoleInfo.java:shutdownFollowerState(110)) - dbf01856-92cd-4f2e-80e3-f7bd7f97e610: shutdown dbf01856-92cd-4f2e-80e3-f7bd7f97e610@group-BE813D0FF4B6-FollowerState
2023-05-04 21:54:30,020 [grpc-default-executor-3] INFO  impl.RoleInfo (RoleInfo.java:updateAndGet(139)) - dbf01856-92cd-4f2e-80e3-f7bd7f97e610: start dbf01856-92cd-4f2e-80e3-f7bd7f97e610@group-BE813D0FF4B6-FollowerState
2023-05-04 21:54:30,020 [dbf01856-92cd-4f2e-80e3-f7bd7f97e610@group-BE813D0FF4B6-FollowerState] INFO  impl.FollowerState (FollowerState.java:run(152)) - dbf01856-92cd-4f2e-80e3-f7bd7f97e610@group-BE813D0FF4B6-FollowerState was interrupted
2023-05-04 21:54:30,021 [6abe40d9-bbca-402e-938b-50fbed365dbf@group-BE813D0FF4B6-FollowerState] INFO  server.RaftServerConfigKeys (ConfUtils.java:logFallback(53)) - raft.server.rpc.first-election.timeout.min = 5s (fallback to raft.server.rpc.timeout.min)
2023-05-04 21:54:30,021 [6abe40d9-bbca-402e-938b-50fbed365dbf@group-BE813D0FF4B6-FollowerState] INFO  server.RaftServerConfigKeys (ConfUtils.java:logFallback(53)) - raft.server.rpc.first-election.timeout.max = 5200ms (fallback to raft.server.rpc.timeout.max)
2023-05-04 21:54:30,021 [grpc-default-executor-0] INFO  server.RaftServer$Division (RaftServerImpl.java:requestVote(1251)) - 6abe40d9-bbca-402e-938b-50fbed365dbf@group-BE813D0FF4B6 replies to ELECTION vote request: 7b4a0121-e5ca-4a28-aa85-7db853fd0802<-6abe40d9-bbca-402e-938b-50fbed365dbf#0:OK-t1. Peer's state: 6abe40d9-bbca-402e-938b-50fbed365dbf@group-BE813D0FF4B6:t1, leader=null, voted=7b4a0121-e5ca-4a28-aa85-7db853fd0802, raftlog=Memoized:6abe40d9-bbca-402e-938b-50fbed365dbf@group-BE813D0FF4B6-SegmentedRaftLog:OPENED:c-1, conf=-1: peers:[6abe40d9-bbca-402e-938b-50fbed365dbf|rpc:10.1.0.44:37731|dataStream:10.1.0.44:45795|priority:0|startupRole:FOLLOWER, dbf01856-92cd-4f2e-80e3-f7bd7f97e610|rpc:10.1.0.44:43433|dataStream:10.1.0.44:34049|priority:0|startupRole:FOLLOWER, 7b4a0121-e5ca-4a28-aa85-7db853fd0802|rpc:10.1.0.44:42349|dataStream:10.1.0.44:38943|priority:1|startupRole:FOLLOWER]|listeners:[], old=null
2023-05-04 21:54:30,021 [dbf01856-92cd-4f2e-80e3-f7bd7f97e610@group-BE813D0FF4B6-FollowerState] INFO  server.RaftServerConfigKeys (ConfUtils.java:logFallback(53)) - raft.server.rpc.first-election.timeout.min = 5s (fallback to raft.server.rpc.timeout.min)
2023-05-04 21:54:30,021 [dbf01856-92cd-4f2e-80e3-f7bd7f97e610@group-BE813D0FF4B6-FollowerState] INFO  server.RaftServerConfigKeys (ConfUtils.java:logFallback(53)) - raft.server.rpc.first-election.timeout.max = 5200ms (fallback to raft.server.rpc.timeout.max)
2023-05-04 21:54:30,023 [grpc-default-executor-3] INFO  server.RaftServer$Division (RaftServerImpl.java:requestVote(1251)) - dbf01856-92cd-4f2e-80e3-f7bd7f97e610@group-BE813D0FF4B6 replies to ELECTION vote request: 7b4a0121-e5ca-4a28-aa85-7db853fd0802<-dbf01856-92cd-4f2e-80e3-f7bd7f97e610#0:OK-t1. Peer's state: dbf01856-92cd-4f2e-80e3-f7bd7f97e610@group-BE813D0FF4B6:t1, leader=null, voted=7b4a0121-e5ca-4a28-aa85-7db853fd0802, raftlog=Memoized:dbf01856-92cd-4f2e-80e3-f7bd7f97e610@group-BE813D0FF4B6-SegmentedRaftLog:OPENED:c-1, conf=-1: peers:[6abe40d9-bbca-402e-938b-50fbed365dbf|rpc:10.1.0.44:37731|dataStream:10.1.0.44:45795|priority:0|startupRole:FOLLOWER, dbf01856-92cd-4f2e-80e3-f7bd7f97e610|rpc:10.1.0.44:43433|dataStream:10.1.0.44:34049|priority:0|startupRole:FOLLOWER, 7b4a0121-e5ca-4a28-aa85-7db853fd0802|rpc:10.1.0.44:42349|dataStream:10.1.0.44:38943|priority:1|startupRole:FOLLOWER]|listeners:[], old=null
2023-05-04 21:54:30,025 [7b4a0121-e5ca-4a28-aa85-7db853fd0802@group-BE813D0FF4B6-LeaderElection12] INFO  impl.LeaderElection (LeaderElection.java:logAndReturn(90)) - 7b4a0121-e5ca-4a28-aa85-7db853fd0802@group-BE813D0FF4B6-LeaderElection12: ELECTION PASSED received 1 response(s) and 0 exception(s):
2023-05-04 21:54:30,025 [7b4a0121-e5ca-4a28-aa85-7db853fd0802@group-BE813D0FF4B6-LeaderElection12] INFO  impl.LeaderElection (LeaderElection.java:logAndReturn(94)) -   Response 0: 7b4a0121-e5ca-4a28-aa85-7db853fd0802<-6abe40d9-bbca-402e-938b-50fbed365dbf#0:OK-t1
2023-05-04 21:54:30,025 [7b4a0121-e5ca-4a28-aa85-7db853fd0802@group-BE813D0FF4B6-LeaderElection12] INFO  impl.LeaderElection (LeaderElection.java:askForVotes(314)) - 7b4a0121-e5ca-4a28-aa85-7db853fd0802@group-BE813D0FF4B6-LeaderElection12 ELECTION round 0: result PASSED
2023-05-04 21:54:30,025 [7b4a0121-e5ca-4a28-aa85-7db853fd0802@group-BE813D0FF4B6-LeaderElection12] INFO  impl.RoleInfo (RoleInfo.java:shutdownLeaderElection(130)) - 7b4a0121-e5ca-4a28-aa85-7db853fd0802: shutdown 7b4a0121-e5ca-4a28-aa85-7db853fd0802@group-BE813D0FF4B6-LeaderElection12
2023-05-04 21:54:30,025 [7b4a0121-e5ca-4a28-aa85-7db853fd0802@group-BE813D0FF4B6-LeaderElection12] INFO  server.RaftServer$Division (RaftServerImpl.java:setRole(321)) - 7b4a0121-e5ca-4a28-aa85-7db853fd0802@group-BE813D0FF4B6: changes role from CANDIDATE to LEADER at term 1 for changeToLeader
2023-05-04 21:54:30,025 [7b4a0121-e5ca-4a28-aa85-7db853fd0802@group-BE813D0FF4B6-LeaderElection12] INFO  ratis.XceiverServerRatis (XceiverServerRatis.java:handleLeaderChangedNotification(904)) - Leader change notification received for group: group-BE813D0FF4B6 with new leaderId: 7b4a0121-e5ca-4a28-aa85-7db853fd0802
2023-05-04 21:54:30,025 [7b4a0121-e5ca-4a28-aa85-7db853fd0802@group-BE813D0FF4B6-LeaderElection12] INFO  server.RaftServer$Division (ServerState.java:setLeader(313)) - 7b4a0121-e5ca-4a28-aa85-7db853fd0802@group-BE813D0FF4B6: change Leader from null to 7b4a0121-e5ca-4a28-aa85-7db853fd0802 at term 1 for becomeLeader, leader elected after 5235ms
2023-05-04 21:54:30,025 [7b4a0121-e5ca-4a28-aa85-7db853fd0802@group-BE813D0FF4B6-LeaderElection12] INFO  server.RaftServerConfigKeys (ConfUtils.java:logGet(46)) - raft.server.staging.catchup.gap = 1000 (default)
2023-05-04 21:54:30,026 [7b4a0121-e5ca-4a28-aa85-7db853fd0802@group-BE813D0FF4B6-LeaderElection12] INFO  server.RaftServerConfigKeys (ConfUtils.java:logGet(46)) - raft.server.write.element-limit = 1024 (custom)
2023-05-04 21:54:30,026 [7b4a0121-e5ca-4a28-aa85-7db853fd0802@group-BE813D0FF4B6-LeaderElection12] INFO  server.RaftServerConfigKeys (ConfUtils.java:logGet(46)) - raft.server.write.byte-limit = 1024 M (=1073741824) (custom)
2023-05-04 21:54:30,026 [7b4a0121-e5ca-4a28-aa85-7db853fd0802@group-BE813D0FF4B6-LeaderElection12] INFO  server.RaftServerConfigKeys (ConfUtils.java:logGet(46)) - raft.server.watch.timeout = 180s (custom)
2023-05-04 21:54:30,026 [7b4a0121-e5ca-4a28-aa85-7db853fd0802@group-BE813D0FF4B6-LeaderElection12] INFO  server.RaftServerConfigKeys (ConfUtils.java:logGet(46)) - raft.server.watch.timeout.denomination = 1s (default)
2023-05-04 21:54:30,026 [7b4a0121-e5ca-4a28-aa85-7db853fd0802@group-BE813D0FF4B6-LeaderElection12] INFO  server.RaftServerConfigKeys (ConfUtils.java:logGet(46)) - raft.server.watch.element-limit = 65536 (default)
2023-05-04 21:54:30,026 [7b4a0121-e5ca-4a28-aa85-7db853fd0802@group-BE813D0FF4B6-LeaderElection12] INFO  server.RaftServerConfigKeys (ConfUtils.java:logGet(46)) - raft.server.write.element-limit = 1024 (custom)
2023-05-04 21:54:30,026 [7b4a0121-e5ca-4a28-aa85-7db853fd0802@group-BE813D0FF4B6-LeaderElection12] INFO  server.RaftServerConfigKeys (ConfUtils.java:logGet(46)) - raft.server.write.follower.gap.ratio.max = -1.0 (default)
2023-05-04 21:54:30,027 [7b4a0121-e5ca-4a28-aa85-7db853fd0802@group-BE813D0FF4B6-LeaderElection12] INFO  server.RaftServerConfigKeys (ConfUtils.java:logGet(46)) - raft.server.log.appender.snapshot.chunk.size.max = 16MB (=16777216) (default)
2023-05-04 21:54:30,027 [7b4a0121-e5ca-4a28-aa85-7db853fd0802@group-BE813D0FF4B6-LeaderElection12] INFO  server.RaftServerConfigKeys (ConfUtils.java:logGet(46)) - raft.server.log.appender.buffer.byte-limit = 33554432 (custom)
2023-05-04 21:54:30,027 [7b4a0121-e5ca-4a28-aa85-7db853fd0802@group-BE813D0FF4B6-LeaderElection12] INFO  server.RaftServerConfigKeys (ConfUtils.java:logGet(46)) - raft.server.log.appender.buffer.element-limit = 1 (custom)
2023-05-04 21:54:30,027 [7b4a0121-e5ca-4a28-aa85-7db853fd0802@group-BE813D0FF4B6-LeaderElection12] INFO  grpc.GrpcConfigKeys (ConfUtils.java:logGet(46)) - raft.grpc.server.leader.outstanding.appends.max = 128 (default)
2023-05-04 21:54:30,027 [7b4a0121-e5ca-4a28-aa85-7db853fd0802@group-BE813D0FF4B6-LeaderElection12] INFO  server.RaftServerConfigKeys (ConfUtils.java:logGet(46)) - raft.server.rpc.request.timeout = 60s (custom)
2023-05-04 21:54:30,027 [7b4a0121-e5ca-4a28-aa85-7db853fd0802@group-BE813D0FF4B6-LeaderElection12] INFO  server.RaftServerConfigKeys (ConfUtils.java:logGet(46)) - raft.server.log.appender.install.snapshot.enabled = false (custom)
2023-05-04 21:54:30,027 [7b4a0121-e5ca-4a28-aa85-7db853fd0802@group-BE813D0FF4B6-LeaderElection12] INFO  grpc.GrpcConfigKeys (ConfUtils.java:logGet(46)) - raft.grpc.server.heartbeat.channel = true (default)
2023-05-04 21:54:30,027 [7b4a0121-e5ca-4a28-aa85-7db853fd0802@group-BE813D0FF4B6-LeaderElection12] INFO  server.RaftServerConfigKeys (ConfUtils.java:logGet(46)) - raft.server.log.appender.wait-time.min = 10ms (default)
2023-05-04 21:54:30,028 [7b4a0121-e5ca-4a28-aa85-7db853fd0802@group-BE813D0FF4B6-LeaderElection12] INFO  server.RaftServerConfigKeys (ConfUtils.java:logGet(46)) - raft.server.log.appender.snapshot.chunk.size.max = 16MB (=16777216) (default)
2023-05-04 21:54:30,028 [7b4a0121-e5ca-4a28-aa85-7db853fd0802@group-BE813D0FF4B6-LeaderElection12] INFO  server.RaftServerConfigKeys (ConfUtils.java:logGet(46)) - raft.server.log.appender.buffer.byte-limit = 33554432 (custom)
2023-05-04 21:54:30,028 [7b4a0121-e5ca-4a28-aa85-7db853fd0802@group-BE813D0FF4B6-LeaderElection12] INFO  server.RaftServerConfigKeys (ConfUtils.java:logGet(46)) - raft.server.log.appender.buffer.element-limit = 1 (custom)
2023-05-04 21:54:30,028 [7b4a0121-e5ca-4a28-aa85-7db853fd0802@group-BE813D0FF4B6-LeaderElection12] INFO  grpc.GrpcConfigKeys (ConfUtils.java:logGet(46)) - raft.grpc.server.leader.outstanding.appends.max = 128 (default)
2023-05-04 21:54:30,028 [7b4a0121-e5ca-4a28-aa85-7db853fd0802@group-BE813D0FF4B6-LeaderElection12] INFO  server.RaftServerConfigKeys (ConfUtils.java:logGet(46)) - raft.server.rpc.request.timeout = 60s (custom)
2023-05-04 21:54:30,028 [7b4a0121-e5ca-4a28-aa85-7db853fd0802@group-BE813D0FF4B6-LeaderElection12] INFO  server.RaftServerConfigKeys (ConfUtils.java:logGet(46)) - raft.server.log.appender.install.snapshot.enabled = false (custom)
2023-05-04 21:54:30,028 [7b4a0121-e5ca-4a28-aa85-7db853fd0802@group-BE813D0FF4B6-LeaderElection12] INFO  grpc.GrpcConfigKeys (ConfUtils.java:logGet(46)) - raft.grpc.server.heartbeat.channel = true (default)
2023-05-04 21:54:30,028 [7b4a0121-e5ca-4a28-aa85-7db853fd0802@group-BE813D0FF4B6-LeaderElection12] INFO  server.RaftServerConfigKeys (ConfUtils.java:logGet(46)) - raft.server.log.appender.wait-time.min = 10ms (default)
2023-05-04 21:54:30,029 [7b4a0121-e5ca-4a28-aa85-7db853fd0802@group-BE813D0FF4B6-LeaderElection12] INFO  impl.RoleInfo (RoleInfo.java:updateAndGet(139)) - 7b4a0121-e5ca-4a28-aa85-7db853fd0802: start 7b4a0121-e5ca-4a28-aa85-7db853fd0802@group-BE813D0FF4B6-LeaderStateImpl
2023-05-04 21:54:30,029 [7b4a0121-e5ca-4a28-aa85-7db853fd0802@group-BE813D0FF4B6-LeaderElection12] INFO  segmented.SegmentedRaftLogWorker (SegmentedRaftLogWorker.java:startLogSegment(452)) - 7b4a0121-e5ca-4a28-aa85-7db853fd0802@group-BE813D0FF4B6-SegmentedRaftLogWorker: Starting segment from index:0
2023-05-04 21:54:30,031 [EventQueue-PipelineReportForPipelineReportHandler] INFO  pipeline.PipelineManagerImpl (PipelineManagerImpl.java:openPipeline(367)) - Pipeline Pipeline[ Id: ed87ea7b-697b-4c50-bde4-be813d0ff4b6, Nodes: dbf01856-92cd-4f2e-80e3-f7bd7f97e610(fv-az133-721.yhipumr4050edinzmvad0xeera.cx.internal.cloudapp.net/10.1.0.44)7b4a0121-e5ca-4a28-aa85-7db853fd0802(fv-az133-721.yhipumr4050edinzmvad0xeera.cx.internal.cloudapp.net/10.1.0.44)6abe40d9-bbca-402e-938b-50fbed365dbf(fv-az133-721.yhipumr4050edinzmvad0xeera.cx.internal.cloudapp.net/10.1.0.44), ReplicationConfig: RATIS/THREE, State:ALLOCATED, leaderId:7b4a0121-e5ca-4a28-aa85-7db853fd0802, CreationTimestamp2023-05-04T21:54:21.751Z[Etc/UTC]] moved to OPEN state
2023-05-04 21:54:30,032 [7b4a0121-e5ca-4a28-aa85-7db853fd0802@group-BE813D0FF4B6-SegmentedRaftLogWorker] INFO  segmented.SegmentedRaftLogWorker (SegmentedRaftLogWorker.java:execute(656)) - 7b4a0121-e5ca-4a28-aa85-7db853fd0802@group-BE813D0FF4B6-SegmentedRaftLogWorker: created new log segment /home/runner/work/ozone/ozone/hadoop-ozone/integration-test/target/test-dir/MiniOzoneClusterImpl-52a188dd-66b8-45b2-ab7c-675c0ee04825/datanode-3/data/ratis/ed87ea7b-697b-4c50-bde4-be813d0ff4b6/current/log_inprogress_0
2023-05-04 21:54:30,032 [dbf01856-92cd-4f2e-80e3-f7bd7f97e610@group-4CB65B1C195F-FollowerState] INFO  impl.FollowerState (FollowerState.java:run(143)) - dbf01856-92cd-4f2e-80e3-f7bd7f97e610@group-4CB65B1C195F-FollowerState: change to CANDIDATE, lastRpcElapsedTime:5185511550ns, electionTimeout:5181ms
2023-05-04 21:54:30,032 [dbf01856-92cd-4f2e-80e3-f7bd7f97e610@group-4CB65B1C195F-FollowerState] INFO  impl.RoleInfo (RoleInfo.java:shutdownFollowerState(110)) - dbf01856-92cd-4f2e-80e3-f7bd7f97e610: shutdown dbf01856-92cd-4f2e-80e3-f7bd7f97e610@group-4CB65B1C195F-FollowerState
2023-05-04 21:54:30,032 [dbf01856-92cd-4f2e-80e3-f7bd7f97e610@group-4CB65B1C195F-FollowerState] INFO  server.RaftServer$Division (RaftServerImpl.java:setRole(321)) - dbf01856-92cd-4f2e-80e3-f7bd7f97e610@group-4CB65B1C195F: changes role from  FOLLOWER to CANDIDATE at term 0 for changeToCandidate
2023-05-04 21:54:30,033 [dbf01856-92cd-4f2e-80e3-f7bd7f97e610@group-4CB65B1C195F-FollowerState] INFO  server.RaftServerConfigKeys (ConfUtils.java:logGet(46)) - raft.server.leaderelection.pre-vote = true (default)
2023-05-04 21:54:30,033 [dbf01856-92cd-4f2e-80e3-f7bd7f97e610@group-4CB65B1C195F-FollowerState] INFO  impl.RoleInfo (RoleInfo.java:updateAndGet(139)) - dbf01856-92cd-4f2e-80e3-f7bd7f97e610: start dbf01856-92cd-4f2e-80e3-f7bd7f97e610@group-4CB65B1C195F-LeaderElection13
2023-05-04 21:54:30,056 [dbf01856-92cd-4f2e-80e3-f7bd7f97e610@group-4CB65B1C195F-LeaderElection13] INFO  impl.LeaderElection (LeaderElection.java:askForVotes(312)) - dbf01856-92cd-4f2e-80e3-f7bd7f97e610@group-4CB65B1C195F-LeaderElection13 PRE_VOTE round 0: submit vote requests at term 0 for -1: peers:[dbf01856-92cd-4f2e-80e3-f7bd7f97e610|rpc:10.1.0.44:43433|dataStream:10.1.0.44:34049|priority:1|startupRole:FOLLOWER]|listeners:[], old=null
2023-05-04 21:54:30,056 [dbf01856-92cd-4f2e-80e3-f7bd7f97e610@group-4CB65B1C195F-LeaderElection13] INFO  impl.LeaderElection (LeaderElection.java:askForVotes(314)) - dbf01856-92cd-4f2e-80e3-f7bd7f97e610@group-4CB65B1C195F-LeaderElection13 PRE_VOTE round 0: result PASSED (term=0)
2023-05-04 21:54:30,057 [7b4a0121-e5ca-4a28-aa85-7db853fd0802@group-BE813D0FF4B6-LeaderElection12] INFO  server.RaftServer$Division (ServerState.java:setRaftConf(430)) - 7b4a0121-e5ca-4a28-aa85-7db853fd0802@group-BE813D0FF4B6: set configuration 0: peers:[6abe40d9-bbca-402e-938b-50fbed365dbf|rpc:10.1.0.44:37731|dataStream:10.1.0.44:45795|priority:0|startupRole:FOLLOWER, dbf01856-92cd-4f2e-80e3-f7bd7f97e610|rpc:10.1.0.44:43433|dataStream:10.1.0.44:34049|priority:0|startupRole:FOLLOWER, 7b4a0121-e5ca-4a28-aa85-7db853fd0802|rpc:10.1.0.44:42349|dataStream:10.1.0.44:38943|priority:1|startupRole:FOLLOWER]|listeners:[], old=null
2023-05-04 21:54:30,062 [dbf01856-92cd-4f2e-80e3-f7bd7f97e610@group-4CB65B1C195F-LeaderElection13] INFO  impl.LeaderElection (LeaderElection.java:askForVotes(312)) - dbf01856-92cd-4f2e-80e3-f7bd7f97e610@group-4CB65B1C195F-LeaderElection13 ELECTION round 0: submit vote requests at term 1 for -1: peers:[dbf01856-92cd-4f2e-80e3-f7bd7f97e610|rpc:10.1.0.44:43433|dataStream:10.1.0.44:34049|priority:1|startupRole:FOLLOWER]|listeners:[], old=null
2023-05-04 21:54:30,062 [dbf01856-92cd-4f2e-80e3-f7bd7f97e610@group-4CB65B1C195F-LeaderElection13] INFO  impl.LeaderElection (LeaderElection.java:askForVotes(314)) - dbf01856-92cd-4f2e-80e3-f7bd7f97e610@group-4CB65B1C195F-LeaderElection13 ELECTION round 0: result PASSED (term=1)
2023-05-04 21:54:30,062 [dbf01856-92cd-4f2e-80e3-f7bd7f97e610@group-4CB65B1C195F-LeaderElection13] INFO  impl.RoleInfo (RoleInfo.java:shutdownLeaderElection(130)) - dbf01856-92cd-4f2e-80e3-f7bd7f97e610: shutdown dbf01856-92cd-4f2e-80e3-f7bd7f97e610@group-4CB65B1C195F-LeaderElection13
2023-05-04 21:54:30,062 [dbf01856-92cd-4f2e-80e3-f7bd7f97e610@group-4CB65B1C195F-LeaderElection13] INFO  server.RaftServer$Division (RaftServerImpl.java:setRole(321)) - dbf01856-92cd-4f2e-80e3-f7bd7f97e610@group-4CB65B1C195F: changes role from CANDIDATE to LEADER at term 1 for changeToLeader
2023-05-04 21:54:30,062 [dbf01856-92cd-4f2e-80e3-f7bd7f97e610@group-4CB65B1C195F-LeaderElection13] INFO  ratis.XceiverServerRatis (XceiverServerRatis.java:handleLeaderChangedNotification(904)) - Leader change notification received for group: group-4CB65B1C195F with new leaderId: dbf01856-92cd-4f2e-80e3-f7bd7f97e610
2023-05-04 21:54:30,064 [6abe40d9-bbca-402e-938b-50fbed365dbf-server-thread2] INFO  ratis.XceiverServerRatis (XceiverServerRatis.java:handleLeaderChangedNotification(904)) - Leader change notification received for group: group-BE813D0FF4B6 with new leaderId: 7b4a0121-e5ca-4a28-aa85-7db853fd0802
2023-05-04 21:54:30,064 [6abe40d9-bbca-402e-938b-50fbed365dbf-server-thread2] INFO  server.RaftServer$Division (ServerState.java:setLeader(313)) - 6abe40d9-bbca-402e-938b-50fbed365dbf@group-BE813D0FF4B6: change Leader from null to 7b4a0121-e5ca-4a28-aa85-7db853fd0802 at term 1 for appendEntries, leader elected after 5699ms
2023-05-04 21:54:30,079 [dbf01856-92cd-4f2e-80e3-f7bd7f97e610@group-4CB65B1C195F-LeaderElection13] INFO  server.RaftServer$Division (ServerState.java:setLeader(313)) - dbf01856-92cd-4f2e-80e3-f7bd7f97e610@group-4CB65B1C195F: change Leader from null to dbf01856-92cd-4f2e-80e3-f7bd7f97e610 at term 1 for becomeLeader, leader elected after 5297ms
2023-05-04 21:54:30,079 [dbf01856-92cd-4f2e-80e3-f7bd7f97e610@group-4CB65B1C195F-LeaderElection13] INFO  server.RaftServerConfigKeys (ConfUtils.java:logGet(46)) - raft.server.staging.catchup.gap = 1000 (default)
2023-05-04 21:54:30,080 [dbf01856-92cd-4f2e-80e3-f7bd7f97e610@group-4CB65B1C195F-LeaderElection13] INFO  server.RaftServerConfigKeys (ConfUtils.java:logGet(46)) - raft.server.write.element-limit = 1024 (custom)
2023-05-04 21:54:30,080 [dbf01856-92cd-4f2e-80e3-f7bd7f97e610@group-4CB65B1C195F-LeaderElection13] INFO  server.RaftServerConfigKeys (ConfUtils.java:logGet(46)) - raft.server.write.byte-limit = 1024 M (=1073741824) (custom)
2023-05-04 21:54:30,080 [dbf01856-92cd-4f2e-80e3-f7bd7f97e610@group-4CB65B1C195F-LeaderElection13] INFO  server.RaftServerConfigKeys (ConfUtils.java:logGet(46)) - raft.server.watch.timeout = 180s (custom)
2023-05-04 21:54:30,080 [dbf01856-92cd-4f2e-80e3-f7bd7f97e610@group-4CB65B1C195F-LeaderElection13] INFO  server.RaftServerConfigKeys (ConfUtils.java:logGet(46)) - raft.server.watch.timeout.denomination = 1s (default)
2023-05-04 21:54:30,080 [dbf01856-92cd-4f2e-80e3-f7bd7f97e610@group-4CB65B1C195F-LeaderElection13] INFO  server.RaftServerConfigKeys (ConfUtils.java:logGet(46)) - raft.server.watch.element-limit = 65536 (default)
2023-05-04 21:54:30,080 [dbf01856-92cd-4f2e-80e3-f7bd7f97e610@group-4CB65B1C195F-LeaderElection13] INFO  server.RaftServerConfigKeys (ConfUtils.java:logGet(46)) - raft.server.write.element-limit = 1024 (custom)
2023-05-04 21:54:30,080 [dbf01856-92cd-4f2e-80e3-f7bd7f97e610@group-4CB65B1C195F-LeaderElection13] INFO  server.RaftServerConfigKeys (ConfUtils.java:logGet(46)) - raft.server.write.follower.gap.ratio.max = -1.0 (default)
2023-05-04 21:54:30,080 [dbf01856-92cd-4f2e-80e3-f7bd7f97e610@group-4CB65B1C195F-LeaderElection13] INFO  impl.RoleInfo (RoleInfo.java:updateAndGet(139)) - dbf01856-92cd-4f2e-80e3-f7bd7f97e610: start dbf01856-92cd-4f2e-80e3-f7bd7f97e610@group-4CB65B1C195F-LeaderStateImpl
2023-05-04 21:54:30,080 [dbf01856-92cd-4f2e-80e3-f7bd7f97e610@group-4CB65B1C195F-LeaderElection13] INFO  segmented.SegmentedRaftLogWorker (SegmentedRaftLogWorker.java:startLogSegment(452)) - dbf01856-92cd-4f2e-80e3-f7bd7f97e610@group-4CB65B1C195F-SegmentedRaftLogWorker: Starting segment from index:0
2023-05-04 21:54:30,083 [dbf01856-92cd-4f2e-80e3-f7bd7f97e610@group-4CB65B1C195F-LeaderElection13] INFO  server.RaftServer$Division (ServerState.java:setRaftConf(430)) - dbf01856-92cd-4f2e-80e3-f7bd7f97e610@group-4CB65B1C195F: set configuration 0: peers:[dbf01856-92cd-4f2e-80e3-f7bd7f97e610|rpc:10.1.0.44:43433|dataStream:10.1.0.44:34049|priority:1|startupRole:FOLLOWER]|listeners:[], old=null
2023-05-04 21:54:30,084 [dbf01856-92cd-4f2e-80e3-f7bd7f97e610@group-4CB65B1C195F-SegmentedRaftLogWorker] INFO  segmented.SegmentedRaftLogWorker (SegmentedRaftLogWorker.java:execute(656)) - dbf01856-92cd-4f2e-80e3-f7bd7f97e610@group-4CB65B1C195F-SegmentedRaftLogWorker: created new log segment /home/runner/work/ozone/ozone/hadoop-ozone/integration-test/target/test-dir/MiniOzoneClusterImpl-52a188dd-66b8-45b2-ab7c-675c0ee04825/datanode-5/data/ratis/87f2b2d3-4272-44b5-afda-4cb65b1c195f/current/log_inprogress_0
2023-05-04 21:54:30,084 [6abe40d9-bbca-402e-938b-50fbed365dbf-server-thread2] INFO  server.RaftServer$Division (ServerState.java:setRaftConf(430)) - 6abe40d9-bbca-402e-938b-50fbed365dbf@group-BE813D0FF4B6: set configuration 0: peers:[6abe40d9-bbca-402e-938b-50fbed365dbf|rpc:10.1.0.44:37731|dataStream:10.1.0.44:45795|priority:0|startupRole:FOLLOWER, dbf01856-92cd-4f2e-80e3-f7bd7f97e610|rpc:10.1.0.44:43433|dataStream:10.1.0.44:34049|priority:0|startupRole:FOLLOWER, 7b4a0121-e5ca-4a28-aa85-7db853fd0802|rpc:10.1.0.44:42349|dataStream:10.1.0.44:38943|priority:1|startupRole:FOLLOWER]|listeners:[], old=null
2023-05-04 21:54:30,088 [6abe40d9-bbca-402e-938b-50fbed365dbf-server-thread2] INFO  segmented.SegmentedRaftLogWorker (SegmentedRaftLogWorker.java:startLogSegment(452)) - 6abe40d9-bbca-402e-938b-50fbed365dbf@group-BE813D0FF4B6-SegmentedRaftLogWorker: Starting segment from index:0
2023-05-04 21:54:30,102 [dbf01856-92cd-4f2e-80e3-f7bd7f97e610-server-thread1] INFO  ratis.XceiverServerRatis (XceiverServerRatis.java:handleLeaderChangedNotification(904)) - Leader change notification received for group: group-BE813D0FF4B6 with new leaderId: 7b4a0121-e5ca-4a28-aa85-7db853fd0802
2023-05-04 21:54:30,102 [dbf01856-92cd-4f2e-80e3-f7bd7f97e610-server-thread1] INFO  server.RaftServer$Division (ServerState.java:setLeader(313)) - dbf01856-92cd-4f2e-80e3-f7bd7f97e610@group-BE813D0FF4B6: change Leader from null to 7b4a0121-e5ca-4a28-aa85-7db853fd0802 at term 1 for appendEntries, leader elected after 5249ms
2023-05-04 21:54:30,103 [6abe40d9-bbca-402e-938b-50fbed365dbf@group-BE813D0FF4B6-SegmentedRaftLogWorker] INFO  segmented.SegmentedRaftLogWorker (SegmentedRaftLogWorker.java:execute(656)) - 6abe40d9-bbca-402e-938b-50fbed365dbf@group-BE813D0FF4B6-SegmentedRaftLogWorker: created new log segment /home/runner/work/ozone/ozone/hadoop-ozone/integration-test/target/test-dir/MiniOzoneClusterImpl-52a188dd-66b8-45b2-ab7c-675c0ee04825/datanode-4/data/ratis/ed87ea7b-697b-4c50-bde4-be813d0ff4b6/current/log_inprogress_0
2023-05-04 21:54:30,115 [dbf01856-92cd-4f2e-80e3-f7bd7f97e610-server-thread2] INFO  server.RaftServer$Division (ServerState.java:setRaftConf(430)) - dbf01856-92cd-4f2e-80e3-f7bd7f97e610@group-BE813D0FF4B6: set configuration 0: peers:[6abe40d9-bbca-402e-938b-50fbed365dbf|rpc:10.1.0.44:37731|dataStream:10.1.0.44:45795|priority:0|startupRole:FOLLOWER, dbf01856-92cd-4f2e-80e3-f7bd7f97e610|rpc:10.1.0.44:43433|dataStream:10.1.0.44:34049|priority:0|startupRole:FOLLOWER, 7b4a0121-e5ca-4a28-aa85-7db853fd0802|rpc:10.1.0.44:42349|dataStream:10.1.0.44:38943|priority:1|startupRole:FOLLOWER]|listeners:[], old=null
2023-05-04 21:54:30,115 [dbf01856-92cd-4f2e-80e3-f7bd7f97e610-server-thread2] INFO  segmented.SegmentedRaftLogWorker (SegmentedRaftLogWorker.java:startLogSegment(452)) - dbf01856-92cd-4f2e-80e3-f7bd7f97e610@group-BE813D0FF4B6-SegmentedRaftLogWorker: Starting segment from index:0
2023-05-04 21:54:30,116 [dbf01856-92cd-4f2e-80e3-f7bd7f97e610@group-BE813D0FF4B6-SegmentedRaftLogWorker] INFO  segmented.SegmentedRaftLogWorker (SegmentedRaftLogWorker.java:execute(656)) - dbf01856-92cd-4f2e-80e3-f7bd7f97e610@group-BE813D0FF4B6-SegmentedRaftLogWorker: created new log segment /home/runner/work/ozone/ozone/hadoop-ozone/integration-test/target/test-dir/MiniOzoneClusterImpl-52a188dd-66b8-45b2-ab7c-675c0ee04825/datanode-5/data/ratis/ed87ea7b-697b-4c50-bde4-be813d0ff4b6/current/log_inprogress_0
2023-05-04 21:54:30,280 [7a25d7ac-269f-485a-96a1-a3fbc0da93f8@group-534E19DD0F01-FollowerState] INFO  impl.FollowerState (FollowerState.java:run(143)) - 7a25d7ac-269f-485a-96a1-a3fbc0da93f8@group-534E19DD0F01-FollowerState: change to CANDIDATE, lastRpcElapsedTime:5011000594ns, electionTimeout:5009ms
2023-05-04 21:54:30,280 [7a25d7ac-269f-485a-96a1-a3fbc0da93f8@group-534E19DD0F01-FollowerState] INFO  impl.RoleInfo (RoleInfo.java:shutdownFollowerState(110)) - 7a25d7ac-269f-485a-96a1-a3fbc0da93f8: shutdown 7a25d7ac-269f-485a-96a1-a3fbc0da93f8@group-534E19DD0F01-FollowerState
2023-05-04 21:54:30,280 [7a25d7ac-269f-485a-96a1-a3fbc0da93f8@group-534E19DD0F01-FollowerState] INFO  server.RaftServer$Division (RaftServerImpl.java:setRole(321)) - 7a25d7ac-269f-485a-96a1-a3fbc0da93f8@group-534E19DD0F01: changes role from  FOLLOWER to CANDIDATE at term 0 for changeToCandidate
2023-05-04 21:54:30,280 [7a25d7ac-269f-485a-96a1-a3fbc0da93f8@group-534E19DD0F01-FollowerState] INFO  server.RaftServerConfigKeys (ConfUtils.java:logGet(46)) - raft.server.leaderelection.pre-vote = true (default)
2023-05-04 21:54:30,281 [7a25d7ac-269f-485a-96a1-a3fbc0da93f8@group-534E19DD0F01-FollowerState] INFO  impl.RoleInfo (RoleInfo.java:updateAndGet(139)) - 7a25d7ac-269f-485a-96a1-a3fbc0da93f8: start 7a25d7ac-269f-485a-96a1-a3fbc0da93f8@group-534E19DD0F01-LeaderElection14
2023-05-04 21:54:30,291 [7a25d7ac-269f-485a-96a1-a3fbc0da93f8@group-534E19DD0F01-LeaderElection14] INFO  impl.LeaderElection (LeaderElection.java:askForVotes(312)) - 7a25d7ac-269f-485a-96a1-a3fbc0da93f8@group-534E19DD0F01-LeaderElection14 PRE_VOTE round 0: submit vote requests at term 0 for -1: peers:[7a25d7ac-269f-485a-96a1-a3fbc0da93f8|rpc:10.1.0.44:38519|dataStream:10.1.0.44:33389|priority:0|startupRole:FOLLOWER, 9dbc72e3-9cc3-404d-a7a0-986f3a32b37f|rpc:10.1.0.44:39725|dataStream:10.1.0.44:33233|priority:0|startupRole:FOLLOWER, 4c10edfb-6769-4396-b189-3c3a2dc734f1|rpc:10.1.0.44:42105|dataStream:10.1.0.44:42449|priority:1|startupRole:FOLLOWER]|listeners:[], old=null
2023-05-04 21:54:30,292 [7a25d7ac-269f-485a-96a1-a3fbc0da93f8@group-534E19DD0F01-LeaderElection14-1] INFO  server.GrpcServerProtocolClient (GrpcServerProtocolClient.java:<init>(63)) - Build channel for 9dbc72e3-9cc3-404d-a7a0-986f3a32b37f
2023-05-04 21:54:30,292 [7a25d7ac-269f-485a-96a1-a3fbc0da93f8@group-534E19DD0F01-LeaderElection14] INFO  server.RaftServerConfigKeys (ConfUtils.java:logFallback(53)) - raft.server.rpc.first-election.timeout.min = 5s (fallback to raft.server.rpc.timeout.min)
2023-05-04 21:54:30,292 [7a25d7ac-269f-485a-96a1-a3fbc0da93f8@group-534E19DD0F01-LeaderElection14] INFO  server.RaftServerConfigKeys (ConfUtils.java:logFallback(53)) - raft.server.rpc.first-election.timeout.max = 5200ms (fallback to raft.server.rpc.timeout.max)
2023-05-04 21:54:30,293 [7a25d7ac-269f-485a-96a1-a3fbc0da93f8@group-534E19DD0F01-LeaderElection14-2] INFO  server.GrpcServerProtocolClient (GrpcServerProtocolClient.java:<init>(63)) - Build channel for 4c10edfb-6769-4396-b189-3c3a2dc734f1
2023-05-04 21:54:30,301 [grpc-default-executor-3] INFO  server.RaftServer$Division (RaftServerImpl.java:requestVote(1218)) - 9dbc72e3-9cc3-404d-a7a0-986f3a32b37f@group-534E19DD0F01: receive requestVote(PRE_VOTE, 7a25d7ac-269f-485a-96a1-a3fbc0da93f8, group-534E19DD0F01, 0, (t:0, i:0))
2023-05-04 21:54:30,301 [grpc-default-executor-3] INFO  impl.VoteContext (VoteContext.java:log(49)) - 9dbc72e3-9cc3-404d-a7a0-986f3a32b37f@group-534E19DD0F01-FOLLOWER: accept PRE_VOTE from 7a25d7ac-269f-485a-96a1-a3fbc0da93f8: our priority 0 <= candidate's priority 0
2023-05-04 21:54:30,301 [grpc-default-executor-3] INFO  server.RaftServer$Division (RaftServerImpl.java:requestVote(1251)) - 9dbc72e3-9cc3-404d-a7a0-986f3a32b37f@group-534E19DD0F01 replies to PRE_VOTE vote request: 7a25d7ac-269f-485a-96a1-a3fbc0da93f8<-9dbc72e3-9cc3-404d-a7a0-986f3a32b37f#0:OK-t0. Peer's state: 9dbc72e3-9cc3-404d-a7a0-986f3a32b37f@group-534E19DD0F01:t0, leader=null, voted=, raftlog=Memoized:9dbc72e3-9cc3-404d-a7a0-986f3a32b37f@group-534E19DD0F01-SegmentedRaftLog:OPENED:c-1, conf=-1: peers:[7a25d7ac-269f-485a-96a1-a3fbc0da93f8|rpc:10.1.0.44:38519|dataStream:10.1.0.44:33389|priority:0|startupRole:FOLLOWER, 9dbc72e3-9cc3-404d-a7a0-986f3a32b37f|rpc:10.1.0.44:39725|dataStream:10.1.0.44:33233|priority:0|startupRole:FOLLOWER, 4c10edfb-6769-4396-b189-3c3a2dc734f1|rpc:10.1.0.44:42105|dataStream:10.1.0.44:42449|priority:1|startupRole:FOLLOWER]|listeners:[], old=null
2023-05-04 21:54:30,310 [7a25d7ac-269f-485a-96a1-a3fbc0da93f8@group-6CE870F760CA-FollowerState] INFO  impl.FollowerState (FollowerState.java:run(143)) - 7a25d7ac-269f-485a-96a1-a3fbc0da93f8@group-6CE870F760CA-FollowerState: change to CANDIDATE, lastRpcElapsedTime:5071715940ns, electionTimeout:5058ms
2023-05-04 21:54:30,311 [7a25d7ac-269f-485a-96a1-a3fbc0da93f8@group-6CE870F760CA-FollowerState] INFO  impl.RoleInfo (RoleInfo.java:shutdownFollowerState(110)) - 7a25d7ac-269f-485a-96a1-a3fbc0da93f8: shutdown 7a25d7ac-269f-485a-96a1-a3fbc0da93f8@group-6CE870F760CA-FollowerState
2023-05-04 21:54:30,311 [7a25d7ac-269f-485a-96a1-a3fbc0da93f8@group-6CE870F760CA-FollowerState] INFO  server.RaftServer$Division (RaftServerImpl.java:setRole(321)) - 7a25d7ac-269f-485a-96a1-a3fbc0da93f8@group-6CE870F760CA: changes role from  FOLLOWER to CANDIDATE at term 0 for changeToCandidate
2023-05-04 21:54:30,311 [7a25d7ac-269f-485a-96a1-a3fbc0da93f8@group-6CE870F760CA-FollowerState] INFO  server.RaftServerConfigKeys (ConfUtils.java:logGet(46)) - raft.server.leaderelection.pre-vote = true (default)
2023-05-04 21:54:30,311 [7a25d7ac-269f-485a-96a1-a3fbc0da93f8@group-6CE870F760CA-FollowerState] INFO  impl.RoleInfo (RoleInfo.java:updateAndGet(139)) - 7a25d7ac-269f-485a-96a1-a3fbc0da93f8: start 7a25d7ac-269f-485a-96a1-a3fbc0da93f8@group-6CE870F760CA-LeaderElection15
2023-05-04 21:54:30,312 [grpc-default-executor-3] INFO  server.RaftServer$Division (RaftServerImpl.java:requestVote(1218)) - 4c10edfb-6769-4396-b189-3c3a2dc734f1@group-534E19DD0F01: receive requestVote(PRE_VOTE, 7a25d7ac-269f-485a-96a1-a3fbc0da93f8, group-534E19DD0F01, 0, (t:0, i:0))
2023-05-04 21:54:30,313 [grpc-default-executor-3] INFO  impl.VoteContext (VoteContext.java:log(49)) - 4c10edfb-6769-4396-b189-3c3a2dc734f1@group-534E19DD0F01-FOLLOWER: reject PRE_VOTE from 7a25d7ac-269f-485a-96a1-a3fbc0da93f8: our priority 1 > candidate's priority 0
2023-05-04 21:54:30,313 [grpc-default-executor-3] INFO  server.RaftServer$Division (RaftServerImpl.java:requestVote(1251)) - 4c10edfb-6769-4396-b189-3c3a2dc734f1@group-534E19DD0F01 replies to PRE_VOTE vote request: 7a25d7ac-269f-485a-96a1-a3fbc0da93f8<-4c10edfb-6769-4396-b189-3c3a2dc734f1#0:FAIL-t0. Peer's state: 4c10edfb-6769-4396-b189-3c3a2dc734f1@group-534E19DD0F01:t0, leader=null, voted=, raftlog=Memoized:4c10edfb-6769-4396-b189-3c3a2dc734f1@group-534E19DD0F01-SegmentedRaftLog:OPENED:c-1, conf=-1: peers:[7a25d7ac-269f-485a-96a1-a3fbc0da93f8|rpc:10.1.0.44:38519|dataStream:10.1.0.44:33389|priority:0|startupRole:FOLLOWER, 9dbc72e3-9cc3-404d-a7a0-986f3a32b37f|rpc:10.1.0.44:39725|dataStream:10.1.0.44:33233|priority:0|startupRole:FOLLOWER, 4c10edfb-6769-4396-b189-3c3a2dc734f1|rpc:10.1.0.44:42105|dataStream:10.1.0.44:42449|priority:1|startupRole:FOLLOWER]|listeners:[], old=null
2023-05-04 21:54:30,314 [7a25d7ac-269f-485a-96a1-a3fbc0da93f8@group-534E19DD0F01-LeaderElection14] INFO  impl.LeaderElection (LeaderElection.java:logAndReturn(90)) - 7a25d7ac-269f-485a-96a1-a3fbc0da93f8@group-534E19DD0F01-LeaderElection14: PRE_VOTE REJECTED received 2 response(s) and 0 exception(s):
2023-05-04 21:54:30,314 [7a25d7ac-269f-485a-96a1-a3fbc0da93f8@group-534E19DD0F01-LeaderElection14] INFO  impl.LeaderElection (LeaderElection.java:logAndReturn(94)) -   Response 0: 7a25d7ac-269f-485a-96a1-a3fbc0da93f8<-9dbc72e3-9cc3-404d-a7a0-986f3a32b37f#0:OK-t0
2023-05-04 21:54:30,314 [7a25d7ac-269f-485a-96a1-a3fbc0da93f8@group-534E19DD0F01-LeaderElection14] INFO  impl.LeaderElection (LeaderElection.java:logAndReturn(94)) -   Response 1: 7a25d7ac-269f-485a-96a1-a3fbc0da93f8<-4c10edfb-6769-4396-b189-3c3a2dc734f1#0:FAIL-t0
2023-05-04 21:54:30,314 [7a25d7ac-269f-485a-96a1-a3fbc0da93f8@group-534E19DD0F01-LeaderElection14] INFO  impl.LeaderElection (LeaderElection.java:askForVotes(314)) - 7a25d7ac-269f-485a-96a1-a3fbc0da93f8@group-534E19DD0F01-LeaderElection14 PRE_VOTE round 0: result REJECTED
2023-05-04 21:54:30,314 [7a25d7ac-269f-485a-96a1-a3fbc0da93f8@group-534E19DD0F01-LeaderElection14] INFO  server.RaftServer$Division (RaftServerImpl.java:setRole(321)) - 7a25d7ac-269f-485a-96a1-a3fbc0da93f8@group-534E19DD0F01: changes role from CANDIDATE to FOLLOWER at term 0 for REJECTED
2023-05-04 21:54:30,314 [7a25d7ac-269f-485a-96a1-a3fbc0da93f8@group-534E19DD0F01-LeaderElection14] INFO  impl.RoleInfo (RoleInfo.java:shutdownLeaderElection(130)) - 7a25d7ac-269f-485a-96a1-a3fbc0da93f8: shutdown 7a25d7ac-269f-485a-96a1-a3fbc0da93f8@group-534E19DD0F01-LeaderElection14
2023-05-04 21:54:30,315 [7a25d7ac-269f-485a-96a1-a3fbc0da93f8@group-534E19DD0F01-LeaderElection14] INFO  impl.RoleInfo (RoleInfo.java:updateAndGet(139)) - 7a25d7ac-269f-485a-96a1-a3fbc0da93f8: start 7a25d7ac-269f-485a-96a1-a3fbc0da93f8@group-534E19DD0F01-FollowerState
2023-05-04 21:54:30,328 [7a25d7ac-269f-485a-96a1-a3fbc0da93f8@group-6CE870F760CA-LeaderElection15] INFO  impl.LeaderElection (LeaderElection.java:askForVotes(312)) - 7a25d7ac-269f-485a-96a1-a3fbc0da93f8@group-6CE870F760CA-LeaderElection15 PRE_VOTE round 0: submit vote requests at term 0 for -1: peers:[7a25d7ac-269f-485a-96a1-a3fbc0da93f8|rpc:10.1.0.44:38519|dataStream:10.1.0.44:33389|priority:1|startupRole:FOLLOWER]|listeners:[], old=null
2023-05-04 21:54:30,329 [7a25d7ac-269f-485a-96a1-a3fbc0da93f8@group-6CE870F760CA-LeaderElection15] INFO  impl.LeaderElection (LeaderElection.java:askForVotes(314)) - 7a25d7ac-269f-485a-96a1-a3fbc0da93f8@group-6CE870F760CA-LeaderElection15 PRE_VOTE round 0: result PASSED (term=0)
2023-05-04 21:54:30,329 [7a25d7ac-269f-485a-96a1-a3fbc0da93f8@group-534E19DD0F01-FollowerState] INFO  server.RaftServerConfigKeys (ConfUtils.java:logFallback(53)) - raft.server.rpc.first-election.timeout.min = 5s (fallback to raft.server.rpc.timeout.min)
2023-05-04 21:54:30,329 [7a25d7ac-269f-485a-96a1-a3fbc0da93f8@group-534E19DD0F01-FollowerState] INFO  server.RaftServerConfigKeys (ConfUtils.java:logFallback(53)) - raft.server.rpc.first-election.timeout.max = 5200ms (fallback to raft.server.rpc.timeout.max)
2023-05-04 21:54:30,332 [7a25d7ac-269f-485a-96a1-a3fbc0da93f8@group-6CE870F760CA-LeaderElection15] INFO  impl.LeaderElection (LeaderElection.java:askForVotes(312)) - 7a25d7ac-269f-485a-96a1-a3fbc0da93f8@group-6CE870F760CA-LeaderElection15 ELECTION round 0: submit vote requests at term 1 for -1: peers:[7a25d7ac-269f-485a-96a1-a3fbc0da93f8|rpc:10.1.0.44:38519|dataStream:10.1.0.44:33389|priority:1|startupRole:FOLLOWER]|listeners:[], old=null
2023-05-04 21:54:30,333 [7a25d7ac-269f-485a-96a1-a3fbc0da93f8@group-6CE870F760CA-LeaderElection15] INFO  impl.LeaderElection (LeaderElection.java:askForVotes(314)) - 7a25d7ac-269f-485a-96a1-a3fbc0da93f8@group-6CE870F760CA-LeaderElection15 ELECTION round 0: result PASSED (term=1)
2023-05-04 21:54:30,333 [7a25d7ac-269f-485a-96a1-a3fbc0da93f8@group-6CE870F760CA-LeaderElection15] INFO  impl.RoleInfo (RoleInfo.java:shutdownLeaderElection(130)) - 7a25d7ac-269f-485a-96a1-a3fbc0da93f8: shutdown 7a25d7ac-269f-485a-96a1-a3fbc0da93f8@group-6CE870F760CA-LeaderElection15
2023-05-04 21:54:30,333 [7a25d7ac-269f-485a-96a1-a3fbc0da93f8@group-6CE870F760CA-LeaderElection15] INFO  server.RaftServer$Division (RaftServerImpl.java:setRole(321)) - 7a25d7ac-269f-485a-96a1-a3fbc0da93f8@group-6CE870F760CA: changes role from CANDIDATE to LEADER at term 1 for changeToLeader
2023-05-04 21:54:30,333 [7a25d7ac-269f-485a-96a1-a3fbc0da93f8@group-6CE870F760CA-LeaderElection15] INFO  ratis.XceiverServerRatis (XceiverServerRatis.java:handleLeaderChangedNotification(904)) - Leader change notification received for group: group-6CE870F760CA with new leaderId: 7a25d7ac-269f-485a-96a1-a3fbc0da93f8
2023-05-04 21:54:30,333 [7a25d7ac-269f-485a-96a1-a3fbc0da93f8@group-6CE870F760CA-LeaderElection15] INFO  server.RaftServer$Division (ServerState.java:setLeader(313)) - 7a25d7ac-269f-485a-96a1-a3fbc0da93f8@group-6CE870F760CA: change Leader from null to 7a25d7ac-269f-485a-96a1-a3fbc0da93f8 at term 1 for becomeLeader, leader elected after 5114ms
2023-05-04 21:54:30,333 [7a25d7ac-269f-485a-96a1-a3fbc0da93f8@group-6CE870F760CA-LeaderElection15] INFO  server.RaftServerConfigKeys (ConfUtils.java:logGet(46)) - raft.server.staging.catchup.gap = 1000 (default)
2023-05-04 21:54:30,334 [7a25d7ac-269f-485a-96a1-a3fbc0da93f8@group-6CE870F760CA-LeaderElection15] INFO  server.RaftServerConfigKeys (ConfUtils.java:logGet(46)) - raft.server.write.element-limit = 1024 (custom)
2023-05-04 21:54:30,334 [7a25d7ac-269f-485a-96a1-a3fbc0da93f8@group-6CE870F760CA-LeaderElection15] INFO  server.RaftServerConfigKeys (ConfUtils.java:logGet(46)) - raft.server.write.byte-limit = 1024 M (=1073741824) (custom)
2023-05-04 21:54:30,334 [7a25d7ac-269f-485a-96a1-a3fbc0da93f8@group-6CE870F760CA-LeaderElection15] INFO  server.RaftServerConfigKeys (ConfUtils.java:logGet(46)) - raft.server.watch.timeout = 180s (custom)
2023-05-04 21:54:30,334 [7a25d7ac-269f-485a-96a1-a3fbc0da93f8@group-6CE870F760CA-LeaderElection15] INFO  server.RaftServerConfigKeys (ConfUtils.java:logGet(46)) - raft.server.watch.timeout.denomination = 1s (default)
2023-05-04 21:54:30,334 [7a25d7ac-269f-485a-96a1-a3fbc0da93f8@group-6CE870F760CA-LeaderElection15] INFO  server.RaftServerConfigKeys (ConfUtils.java:logGet(46)) - raft.server.watch.element-limit = 65536 (default)
2023-05-04 21:54:30,334 [7a25d7ac-269f-485a-96a1-a3fbc0da93f8@group-6CE870F760CA-LeaderElection15] INFO  server.RaftServerConfigKeys (ConfUtils.java:logGet(46)) - raft.server.write.element-limit = 1024 (custom)
2023-05-04 21:54:30,334 [7a25d7ac-269f-485a-96a1-a3fbc0da93f8@group-6CE870F760CA-LeaderElection15] INFO  server.RaftServerConfigKeys (ConfUtils.java:logGet(46)) - raft.server.write.follower.gap.ratio.max = -1.0 (default)
2023-05-04 21:54:30,334 [7a25d7ac-269f-485a-96a1-a3fbc0da93f8@group-6CE870F760CA-LeaderElection15] INFO  impl.RoleInfo (RoleInfo.java:updateAndGet(139)) - 7a25d7ac-269f-485a-96a1-a3fbc0da93f8: start 7a25d7ac-269f-485a-96a1-a3fbc0da93f8@group-6CE870F760CA-LeaderStateImpl
2023-05-04 21:54:30,335 [7a25d7ac-269f-485a-96a1-a3fbc0da93f8@group-6CE870F760CA-LeaderElection15] INFO  segmented.SegmentedRaftLogWorker (SegmentedRaftLogWorker.java:startLogSegment(452)) - 7a25d7ac-269f-485a-96a1-a3fbc0da93f8@group-6CE870F760CA-SegmentedRaftLogWorker: Starting segment from index:0
2023-05-04 21:54:30,336 [7a25d7ac-269f-485a-96a1-a3fbc0da93f8@group-6CE870F760CA-SegmentedRaftLogWorker] INFO  segmented.SegmentedRaftLogWorker (SegmentedRaftLogWorker.java:execute(656)) - 7a25d7ac-269f-485a-96a1-a3fbc0da93f8@group-6CE870F760CA-SegmentedRaftLogWorker: created new log segment /home/runner/work/ozone/ozone/hadoop-ozone/integration-test/target/test-dir/MiniOzoneClusterImpl-52a188dd-66b8-45b2-ab7c-675c0ee04825/datanode-6/data/ratis/d539bc3f-1695-4718-9aee-6ce870f760ca/current/log_inprogress_0
2023-05-04 21:54:30,341 [7a25d7ac-269f-485a-96a1-a3fbc0da93f8@group-6CE870F760CA-LeaderElection15] INFO  server.RaftServer$Division (ServerState.java:setRaftConf(430)) - 7a25d7ac-269f-485a-96a1-a3fbc0da93f8@group-6CE870F760CA: set configuration 0: peers:[7a25d7ac-269f-485a-96a1-a3fbc0da93f8|rpc:10.1.0.44:38519|dataStream:10.1.0.44:33389|priority:1|startupRole:FOLLOWER]|listeners:[], old=null
2023-05-04 21:54:30,410 [4c10edfb-6769-4396-b189-3c3a2dc734f1@group-534E19DD0F01-FollowerState] INFO  impl.FollowerState (FollowerState.java:run(143)) - 4c10edfb-6769-4396-b189-3c3a2dc734f1@group-534E19DD0F01-FollowerState: change to CANDIDATE, lastRpcElapsedTime:5032645424ns, electionTimeout:5031ms
2023-05-04 21:54:30,411 [4c10edfb-6769-4396-b189-3c3a2dc734f1@group-534E19DD0F01-FollowerState] INFO  impl.RoleInfo (RoleInfo.java:shutdownFollowerState(110)) - 4c10edfb-6769-4396-b189-3c3a2dc734f1: shutdown 4c10edfb-6769-4396-b189-3c3a2dc734f1@group-534E19DD0F01-FollowerState
2023-05-04 21:54:30,411 [4c10edfb-6769-4396-b189-3c3a2dc734f1@group-534E19DD0F01-FollowerState] INFO  server.RaftServer$Division (RaftServerImpl.java:setRole(321)) - 4c10edfb-6769-4396-b189-3c3a2dc734f1@group-534E19DD0F01: changes role from  FOLLOWER to CANDIDATE at term 0 for changeToCandidate
2023-05-04 21:54:30,411 [4c10edfb-6769-4396-b189-3c3a2dc734f1@group-534E19DD0F01-FollowerState] INFO  server.RaftServerConfigKeys (ConfUtils.java:logGet(46)) - raft.server.leaderelection.pre-vote = true (default)
2023-05-04 21:54:30,411 [4c10edfb-6769-4396-b189-3c3a2dc734f1@group-534E19DD0F01-FollowerState] INFO  impl.RoleInfo (RoleInfo.java:updateAndGet(139)) - 4c10edfb-6769-4396-b189-3c3a2dc734f1: start 4c10edfb-6769-4396-b189-3c3a2dc734f1@group-534E19DD0F01-LeaderElection16
2023-05-04 21:54:30,415 [4c10edfb-6769-4396-b189-3c3a2dc734f1@group-534E19DD0F01-LeaderElection16] INFO  impl.LeaderElection (LeaderElection.java:askForVotes(312)) - 4c10edfb-6769-4396-b189-3c3a2dc734f1@group-534E19DD0F01-LeaderElection16 PRE_VOTE round 0: submit vote requests at term 0 for -1: peers:[7a25d7ac-269f-485a-96a1-a3fbc0da93f8|rpc:10.1.0.44:38519|dataStream:10.1.0.44:33389|priority:0|startupRole:FOLLOWER, 9dbc72e3-9cc3-404d-a7a0-986f3a32b37f|rpc:10.1.0.44:39725|dataStream:10.1.0.44:33233|priority:0|startupRole:FOLLOWER, 4c10edfb-6769-4396-b189-3c3a2dc734f1|rpc:10.1.0.44:42105|dataStream:10.1.0.44:42449|priority:1|startupRole:FOLLOWER]|listeners:[], old=null
2023-05-04 21:54:30,416 [4c10edfb-6769-4396-b189-3c3a2dc734f1@group-534E19DD0F01-LeaderElection16-1] INFO  server.GrpcServerProtocolClient (GrpcServerProtocolClient.java:<init>(63)) - Build channel for 7a25d7ac-269f-485a-96a1-a3fbc0da93f8
2023-05-04 21:54:30,417 [4c10edfb-6769-4396-b189-3c3a2dc734f1@group-534E19DD0F01-LeaderElection16] INFO  server.RaftServerConfigKeys (ConfUtils.java:logFallback(53)) - raft.server.rpc.first-election.timeout.min = 5s (fallback to raft.server.rpc.timeout.min)
2023-05-04 21:54:30,417 [4c10edfb-6769-4396-b189-3c3a2dc734f1@group-534E19DD0F01-LeaderElection16] INFO  server.RaftServerConfigKeys (ConfUtils.java:logFallback(53)) - raft.server.rpc.first-election.timeout.max = 5200ms (fallback to raft.server.rpc.timeout.max)
2023-05-04 21:54:30,421 [4c10edfb-6769-4396-b189-3c3a2dc734f1@group-534E19DD0F01-LeaderElection16-2] INFO  server.GrpcServerProtocolClient (GrpcServerProtocolClient.java:<init>(63)) - Build channel for 9dbc72e3-9cc3-404d-a7a0-986f3a32b37f
2023-05-04 21:54:30,428 [7a25d7ac-269f-485a-96a1-a3fbc0da93f8@group-A6537FCB2585-FollowerState] INFO  impl.FollowerState (FollowerState.java:run(143)) - 7a25d7ac-269f-485a-96a1-a3fbc0da93f8@group-A6537FCB2585-FollowerState: change to CANDIDATE, lastRpcElapsedTime:5021933610ns, electionTimeout:5018ms
2023-05-04 21:54:30,428 [7a25d7ac-269f-485a-96a1-a3fbc0da93f8@group-A6537FCB2585-FollowerState] INFO  impl.RoleInfo (RoleInfo.java:shutdownFollowerState(110)) - 7a25d7ac-269f-485a-96a1-a3fbc0da93f8: shutdown 7a25d7ac-269f-485a-96a1-a3fbc0da93f8@group-A6537FCB2585-FollowerState
2023-05-04 21:54:30,428 [7a25d7ac-269f-485a-96a1-a3fbc0da93f8@group-A6537FCB2585-FollowerState] INFO  server.RaftServer$Division (RaftServerImpl.java:setRole(321)) - 7a25d7ac-269f-485a-96a1-a3fbc0da93f8@group-A6537FCB2585: changes role from  FOLLOWER to CANDIDATE at term 0 for changeToCandidate
2023-05-04 21:54:30,428 [7a25d7ac-269f-485a-96a1-a3fbc0da93f8@group-A6537FCB2585-FollowerState] INFO  server.RaftServerConfigKeys (ConfUtils.java:logGet(46)) - raft.server.leaderelection.pre-vote = true (default)
2023-05-04 21:54:30,428 [7a25d7ac-269f-485a-96a1-a3fbc0da93f8@group-A6537FCB2585-FollowerState] INFO  impl.RoleInfo (RoleInfo.java:updateAndGet(139)) - 7a25d7ac-269f-485a-96a1-a3fbc0da93f8: start 7a25d7ac-269f-485a-96a1-a3fbc0da93f8@group-A6537FCB2585-LeaderElection17
2023-05-04 21:54:30,431 [grpc-default-executor-3] INFO  server.RaftServer$Division (RaftServerImpl.java:requestVote(1218)) - 9dbc72e3-9cc3-404d-a7a0-986f3a32b37f@group-534E19DD0F01: receive requestVote(PRE_VOTE, 4c10edfb-6769-4396-b189-3c3a2dc734f1, group-534E19DD0F01, 0, (t:0, i:0))
2023-05-04 21:54:30,431 [grpc-default-executor-3] INFO  impl.VoteContext (VoteContext.java:log(49)) - 9dbc72e3-9cc3-404d-a7a0-986f3a32b37f@group-534E19DD0F01-FOLLOWER: accept PRE_VOTE from 4c10edfb-6769-4396-b189-3c3a2dc734f1: our priority 0 <= candidate's priority 1
2023-05-04 21:54:30,431 [grpc-default-executor-3] INFO  server.RaftServer$Division (RaftServerImpl.java:requestVote(1251)) - 9dbc72e3-9cc3-404d-a7a0-986f3a32b37f@group-534E19DD0F01 replies to PRE_VOTE vote request: 4c10edfb-6769-4396-b189-3c3a2dc734f1<-9dbc72e3-9cc3-404d-a7a0-986f3a32b37f#0:OK-t0. Peer's state: 9dbc72e3-9cc3-404d-a7a0-986f3a32b37f@group-534E19DD0F01:t0, leader=null, voted=, raftlog=Memoized:9dbc72e3-9cc3-404d-a7a0-986f3a32b37f@group-534E19DD0F01-SegmentedRaftLog:OPENED:c-1, conf=-1: peers:[7a25d7ac-269f-485a-96a1-a3fbc0da93f8|rpc:10.1.0.44:38519|dataStream:10.1.0.44:33389|priority:0|startupRole:FOLLOWER, 9dbc72e3-9cc3-404d-a7a0-986f3a32b37f|rpc:10.1.0.44:39725|dataStream:10.1.0.44:33233|priority:0|startupRole:FOLLOWER, 4c10edfb-6769-4396-b189-3c3a2dc734f1|rpc:10.1.0.44:42105|dataStream:10.1.0.44:42449|priority:1|startupRole:FOLLOWER]|listeners:[], old=null
2023-05-04 21:54:30,436 [7a25d7ac-269f-485a-96a1-a3fbc0da93f8@group-A6537FCB2585-LeaderElection17] INFO  impl.LeaderElection (LeaderElection.java:askForVotes(312)) - 7a25d7ac-269f-485a-96a1-a3fbc0da93f8@group-A6537FCB2585-LeaderElection17 PRE_VOTE round 0: submit vote requests at term 0 for -1: peers:[7a25d7ac-269f-485a-96a1-a3fbc0da93f8|rpc:10.1.0.44:38519|dataStream:10.1.0.44:33389|priority:0|startupRole:FOLLOWER, 9dbc72e3-9cc3-404d-a7a0-986f3a32b37f|rpc:10.1.0.44:39725|dataStream:10.1.0.44:33233|priority:1|startupRole:FOLLOWER, 4c10edfb-6769-4396-b189-3c3a2dc734f1|rpc:10.1.0.44:42105|dataStream:10.1.0.44:42449|priority:0|startupRole:FOLLOWER]|listeners:[], old=null
2023-05-04 21:54:30,437 [7a25d7ac-269f-485a-96a1-a3fbc0da93f8@group-A6537FCB2585-LeaderElection17] INFO  server.RaftServerConfigKeys (ConfUtils.java:logFallback(53)) - raft.server.rpc.first-election.timeout.min = 5s (fallback to raft.server.rpc.timeout.min)
2023-05-04 21:54:30,437 [7a25d7ac-269f-485a-96a1-a3fbc0da93f8@group-A6537FCB2585-LeaderElection17] INFO  server.RaftServerConfigKeys (ConfUtils.java:logFallback(53)) - raft.server.rpc.first-election.timeout.max = 5200ms (fallback to raft.server.rpc.timeout.max)
2023-05-04 21:54:30,441 [4c10edfb-6769-4396-b189-3c3a2dc734f1@group-534E19DD0F01-LeaderElection16] INFO  impl.LeaderElection (LeaderElection.java:logAndReturn(90)) - 4c10edfb-6769-4396-b189-3c3a2dc734f1@group-534E19DD0F01-LeaderElection16: PRE_VOTE PASSED received 1 response(s) and 0 exception(s):
2023-05-04 21:54:30,442 [4c10edfb-6769-4396-b189-3c3a2dc734f1@group-534E19DD0F01-LeaderElection16] INFO  impl.LeaderElection (LeaderElection.java:logAndReturn(94)) -   Response 0: 4c10edfb-6769-4396-b189-3c3a2dc734f1<-9dbc72e3-9cc3-404d-a7a0-986f3a32b37f#0:OK-t0
2023-05-04 21:54:30,442 [4c10edfb-6769-4396-b189-3c3a2dc734f1@group-534E19DD0F01-LeaderElection16] INFO  impl.LeaderElection (LeaderElection.java:askForVotes(314)) - 4c10edfb-6769-4396-b189-3c3a2dc734f1@group-534E19DD0F01-LeaderElection16 PRE_VOTE round 0: result PASSED
2023-05-04 21:54:30,445 [grpc-default-executor-3] INFO  server.RaftServer$Division (RaftServerImpl.java:requestVote(1218)) - 9dbc72e3-9cc3-404d-a7a0-986f3a32b37f@group-A6537FCB2585: receive requestVote(PRE_VOTE, 7a25d7ac-269f-485a-96a1-a3fbc0da93f8, group-A6537FCB2585, 0, (t:0, i:0))
2023-05-04 21:54:30,445 [grpc-default-executor-3] INFO  impl.VoteContext (VoteContext.java:log(49)) - 9dbc72e3-9cc3-404d-a7a0-986f3a32b37f@group-A6537FCB2585-FOLLOWER: reject PRE_VOTE from 7a25d7ac-269f-485a-96a1-a3fbc0da93f8: our priority 1 > candidate's priority 0
2023-05-04 21:54:30,445 [grpc-default-executor-3] INFO  server.RaftServer$Division (RaftServerImpl.java:requestVote(1251)) - 9dbc72e3-9cc3-404d-a7a0-986f3a32b37f@group-A6537FCB2585 replies to PRE_VOTE vote request: 7a25d7ac-269f-485a-96a1-a3fbc0da93f8<-9dbc72e3-9cc3-404d-a7a0-986f3a32b37f#0:FAIL-t0. Peer's state: 9dbc72e3-9cc3-404d-a7a0-986f3a32b37f@group-A6537FCB2585:t0, leader=null, voted=, raftlog=Memoized:9dbc72e3-9cc3-404d-a7a0-986f3a32b37f@group-A6537FCB2585-SegmentedRaftLog:OPENED:c-1, conf=-1: peers:[7a25d7ac-269f-485a-96a1-a3fbc0da93f8|rpc:10.1.0.44:38519|dataStream:10.1.0.44:33389|priority:0|startupRole:FOLLOWER, 9dbc72e3-9cc3-404d-a7a0-986f3a32b37f|rpc:10.1.0.44:39725|dataStream:10.1.0.44:33233|priority:1|startupRole:FOLLOWER, 4c10edfb-6769-4396-b189-3c3a2dc734f1|rpc:10.1.0.44:42105|dataStream:10.1.0.44:42449|priority:0|startupRole:FOLLOWER]|listeners:[], old=null
2023-05-04 21:54:30,446 [4c10edfb-6769-4396-b189-3c3a2dc734f1@group-534E19DD0F01-LeaderElection16] INFO  impl.LeaderElection (LeaderElection.java:askForVotes(312)) - 4c10edfb-6769-4396-b189-3c3a2dc734f1@group-534E19DD0F01-LeaderElection16 ELECTION round 0: submit vote requests at term 1 for -1: peers:[7a25d7ac-269f-485a-96a1-a3fbc0da93f8|rpc:10.1.0.44:38519|dataStream:10.1.0.44:33389|priority:0|startupRole:FOLLOWER, 9dbc72e3-9cc3-404d-a7a0-986f3a32b37f|rpc:10.1.0.44:39725|dataStream:10.1.0.44:33233|priority:0|startupRole:FOLLOWER, 4c10edfb-6769-4396-b189-3c3a2dc734f1|rpc:10.1.0.44:42105|dataStream:10.1.0.44:42449|priority:1|startupRole:FOLLOWER]|listeners:[], old=null
2023-05-04 21:54:30,446 [grpc-default-executor-0] INFO  server.RaftServer$Division (RaftServerImpl.java:requestVote(1218)) - 4c10edfb-6769-4396-b189-3c3a2dc734f1@group-A6537FCB2585: receive requestVote(PRE_VOTE, 7a25d7ac-269f-485a-96a1-a3fbc0da93f8, group-A6537FCB2585, 0, (t:0, i:0))
2023-05-04 21:54:30,446 [grpc-default-executor-0] INFO  impl.VoteContext (VoteContext.java:log(49)) - 4c10edfb-6769-4396-b189-3c3a2dc734f1@group-A6537FCB2585-FOLLOWER: accept PRE_VOTE from 7a25d7ac-269f-485a-96a1-a3fbc0da93f8: our priority 0 <= candidate's priority 0
2023-05-04 21:54:30,446 [grpc-default-executor-0] INFO  server.RaftServer$Division (RaftServerImpl.java:requestVote(1251)) - 4c10edfb-6769-4396-b189-3c3a2dc734f1@group-A6537FCB2585 replies to PRE_VOTE vote request: 7a25d7ac-269f-485a-96a1-a3fbc0da93f8<-4c10edfb-6769-4396-b189-3c3a2dc734f1#0:OK-t0. Peer's state: 4c10edfb-6769-4396-b189-3c3a2dc734f1@group-A6537FCB2585:t0, leader=null, voted=, raftlog=Memoized:4c10edfb-6769-4396-b189-3c3a2dc734f1@group-A6537FCB2585-SegmentedRaftLog:OPENED:c-1, conf=-1: peers:[7a25d7ac-269f-485a-96a1-a3fbc0da93f8|rpc:10.1.0.44:38519|dataStream:10.1.0.44:33389|priority:0|startupRole:FOLLOWER, 9dbc72e3-9cc3-404d-a7a0-986f3a32b37f|rpc:10.1.0.44:39725|dataStream:10.1.0.44:33233|priority:1|startupRole:FOLLOWER, 4c10edfb-6769-4396-b189-3c3a2dc734f1|rpc:10.1.0.44:42105|dataStream:10.1.0.44:42449|priority:0|startupRole:FOLLOWER]|listeners:[], old=null
2023-05-04 21:54:30,447 [4c10edfb-6769-4396-b189-3c3a2dc734f1@group-534E19DD0F01-LeaderElection16] INFO  server.RaftServerConfigKeys (ConfUtils.java:logFallback(53)) - raft.server.rpc.first-election.timeout.min = 5s (fallback to raft.server.rpc.timeout.min)
2023-05-04 21:54:30,447 [4c10edfb-6769-4396-b189-3c3a2dc734f1@group-534E19DD0F01-LeaderElection16] INFO  server.RaftServerConfigKeys (ConfUtils.java:logFallback(53)) - raft.server.rpc.first-election.timeout.max = 5200ms (fallback to raft.server.rpc.timeout.max)
2023-05-04 21:54:30,449 [7a25d7ac-269f-485a-96a1-a3fbc0da93f8@group-A6537FCB2585-LeaderElection17] INFO  impl.LeaderElection (LeaderElection.java:logAndReturn(90)) - 7a25d7ac-269f-485a-96a1-a3fbc0da93f8@group-A6537FCB2585-LeaderElection17: PRE_VOTE REJECTED received 1 response(s) and 0 exception(s):
2023-05-04 21:54:30,449 [7a25d7ac-269f-485a-96a1-a3fbc0da93f8@group-A6537FCB2585-LeaderElection17] INFO  impl.LeaderElection (LeaderElection.java:logAndReturn(94)) -   Response 0: 7a25d7ac-269f-485a-96a1-a3fbc0da93f8<-9dbc72e3-9cc3-404d-a7a0-986f3a32b37f#0:FAIL-t0
2023-05-04 21:54:30,449 [7a25d7ac-269f-485a-96a1-a3fbc0da93f8@group-A6537FCB2585-LeaderElection17] INFO  impl.LeaderElection (LeaderElection.java:askForVotes(314)) - 7a25d7ac-269f-485a-96a1-a3fbc0da93f8@group-A6537FCB2585-LeaderElection17 PRE_VOTE round 0: result REJECTED
2023-05-04 21:54:30,449 [7a25d7ac-269f-485a-96a1-a3fbc0da93f8@group-A6537FCB2585-LeaderElection17] INFO  server.RaftServer$Division (RaftServerImpl.java:setRole(321)) - 7a25d7ac-269f-485a-96a1-a3fbc0da93f8@group-A6537FCB2585: changes role from CANDIDATE to FOLLOWER at term 0 for REJECTED
2023-05-04 21:54:30,449 [7a25d7ac-269f-485a-96a1-a3fbc0da93f8@group-A6537FCB2585-LeaderElection17] INFO  impl.RoleInfo (RoleInfo.java:shutdownLeaderElection(130)) - 7a25d7ac-269f-485a-96a1-a3fbc0da93f8: shutdown 7a25d7ac-269f-485a-96a1-a3fbc0da93f8@group-A6537FCB2585-LeaderElection17
2023-05-04 21:54:30,449 [7a25d7ac-269f-485a-96a1-a3fbc0da93f8@group-A6537FCB2585-LeaderElection17] INFO  impl.RoleInfo (RoleInfo.java:updateAndGet(139)) - 7a25d7ac-269f-485a-96a1-a3fbc0da93f8: start 7a25d7ac-269f-485a-96a1-a3fbc0da93f8@group-A6537FCB2585-FollowerState
2023-05-04 21:54:30,450 [grpc-default-executor-0] INFO  server.RaftServer$Division (RaftServerImpl.java:requestVote(1218)) - 7a25d7ac-269f-485a-96a1-a3fbc0da93f8@group-534E19DD0F01: receive requestVote(ELECTION, 4c10edfb-6769-4396-b189-3c3a2dc734f1, group-534E19DD0F01, 1, (t:0, i:0))
2023-05-04 21:54:30,451 [grpc-default-executor-0] INFO  impl.VoteContext (VoteContext.java:log(49)) - 7a25d7ac-269f-485a-96a1-a3fbc0da93f8@group-534E19DD0F01-FOLLOWER: accept ELECTION from 4c10edfb-6769-4396-b189-3c3a2dc734f1: our priority 0 <= candidate's priority 1
2023-05-04 21:54:30,451 [grpc-default-executor-0] INFO  server.RaftServer$Division (RaftServerImpl.java:setRole(321)) - 7a25d7ac-269f-485a-96a1-a3fbc0da93f8@group-534E19DD0F01: changes role from  FOLLOWER to FOLLOWER at term 1 for candidate:4c10edfb-6769-4396-b189-3c3a2dc734f1
2023-05-04 21:54:30,451 [grpc-default-executor-0] INFO  impl.RoleInfo (RoleInfo.java:shutdownFollowerState(110)) - 7a25d7ac-269f-485a-96a1-a3fbc0da93f8: shutdown 7a25d7ac-269f-485a-96a1-a3fbc0da93f8@group-534E19DD0F01-FollowerState
2023-05-04 21:54:30,452 [grpc-default-executor-3] INFO  server.RaftServer$Division (RaftServerImpl.java:requestVote(1218)) - 7a25d7ac-269f-485a-96a1-a3fbc0da93f8@group-534E19DD0F01: receive requestVote(PRE_VOTE, 4c10edfb-6769-4396-b189-3c3a2dc734f1, group-534E19DD0F01, 0, (t:0, i:0))
2023-05-04 21:54:30,453 [grpc-default-executor-0] INFO  impl.RoleInfo (RoleInfo.java:updateAndGet(139)) - 7a25d7ac-269f-485a-96a1-a3fbc0da93f8: start 7a25d7ac-269f-485a-96a1-a3fbc0da93f8@group-534E19DD0F01-FollowerState
2023-05-04 21:54:30,453 [7a25d7ac-269f-485a-96a1-a3fbc0da93f8@group-534E19DD0F01-FollowerState] INFO  impl.FollowerState (FollowerState.java:run(152)) - 7a25d7ac-269f-485a-96a1-a3fbc0da93f8@group-534E19DD0F01-FollowerState was interrupted
2023-05-04 21:54:30,455 [grpc-default-executor-1] INFO  server.RaftServer$Division (RaftServerImpl.java:requestVote(1218)) - 9dbc72e3-9cc3-404d-a7a0-986f3a32b37f@group-534E19DD0F01: receive requestVote(ELECTION, 4c10edfb-6769-4396-b189-3c3a2dc734f1, group-534E19DD0F01, 1, (t:0, i:0))
2023-05-04 21:54:30,456 [7a25d7ac-269f-485a-96a1-a3fbc0da93f8@group-534E19DD0F01-FollowerState] INFO  server.RaftServerConfigKeys (ConfUtils.java:logFallback(53)) - raft.server.rpc.first-election.timeout.min = 5s (fallback to raft.server.rpc.timeout.min)
2023-05-04 21:54:30,456 [7a25d7ac-269f-485a-96a1-a3fbc0da93f8@group-534E19DD0F01-FollowerState] INFO  server.RaftServerConfigKeys (ConfUtils.java:logFallback(53)) - raft.server.rpc.first-election.timeout.max = 5200ms (fallback to raft.server.rpc.timeout.max)
2023-05-04 21:54:30,460 [9dbc72e3-9cc3-404d-a7a0-986f3a32b37f@group-534E19DD0F01-FollowerState] INFO  server.RaftServerConfigKeys (ConfUtils.java:logFallback(53)) - raft.server.rpc.first-election.timeout.min = 5s (fallback to raft.server.rpc.timeout.min)
2023-05-04 21:54:30,460 [9dbc72e3-9cc3-404d-a7a0-986f3a32b37f@group-534E19DD0F01-FollowerState] INFO  server.RaftServerConfigKeys (ConfUtils.java:logFallback(53)) - raft.server.rpc.first-election.timeout.max = 5200ms (fallback to raft.server.rpc.timeout.max)
2023-05-04 21:54:30,460 [grpc-default-executor-0] INFO  server.RaftServer$Division (RaftServerImpl.java:requestVote(1251)) - 7a25d7ac-269f-485a-96a1-a3fbc0da93f8@group-534E19DD0F01 replies to ELECTION vote request: 4c10edfb-6769-4396-b189-3c3a2dc734f1<-7a25d7ac-269f-485a-96a1-a3fbc0da93f8#0:OK-t1. Peer's state: 7a25d7ac-269f-485a-96a1-a3fbc0da93f8@group-534E19DD0F01:t1, leader=null, voted=4c10edfb-6769-4396-b189-3c3a2dc734f1, raftlog=Memoized:7a25d7ac-269f-485a-96a1-a3fbc0da93f8@group-534E19DD0F01-SegmentedRaftLog:OPENED:c-1, conf=-1: peers:[7a25d7ac-269f-485a-96a1-a3fbc0da93f8|rpc:10.1.0.44:38519|dataStream:10.1.0.44:33389|priority:0|startupRole:FOLLOWER, 9dbc72e3-9cc3-404d-a7a0-986f3a32b37f|rpc:10.1.0.44:39725|dataStream:10.1.0.44:33233|priority:0|startupRole:FOLLOWER, 4c10edfb-6769-4396-b189-3c3a2dc734f1|rpc:10.1.0.44:42105|dataStream:10.1.0.44:42449|priority:1|startupRole:FOLLOWER]|listeners:[], old=null
2023-05-04 21:54:30,460 [grpc-default-executor-3] INFO  impl.VoteContext (VoteContext.java:log(49)) - 7a25d7ac-269f-485a-96a1-a3fbc0da93f8@group-534E19DD0F01-FOLLOWER: accept PRE_VOTE from 4c10edfb-6769-4396-b189-3c3a2dc734f1: our priority 0 <= candidate's priority 1
2023-05-04 21:54:30,460 [grpc-default-executor-3] INFO  server.RaftServer$Division (RaftServerImpl.java:requestVote(1251)) - 7a25d7ac-269f-485a-96a1-a3fbc0da93f8@group-534E19DD0F01 replies to PRE_VOTE vote request: 4c10edfb-6769-4396-b189-3c3a2dc734f1<-7a25d7ac-269f-485a-96a1-a3fbc0da93f8#0:OK-t1. Peer's state: 7a25d7ac-269f-485a-96a1-a3fbc0da93f8@group-534E19DD0F01:t1, leader=null, voted=4c10edfb-6769-4396-b189-3c3a2dc734f1, raftlog=Memoized:7a25d7ac-269f-485a-96a1-a3fbc0da93f8@group-534E19DD0F01-SegmentedRaftLog:OPENED:c-1, conf=-1: peers:[7a25d7ac-269f-485a-96a1-a3fbc0da93f8|rpc:10.1.0.44:38519|dataStream:10.1.0.44:33389|priority:0|startupRole:FOLLOWER, 9dbc72e3-9cc3-404d-a7a0-986f3a32b37f|rpc:10.1.0.44:39725|dataStream:10.1.0.44:33233|priority:0|startupRole:FOLLOWER, 4c10edfb-6769-4396-b189-3c3a2dc734f1|rpc:10.1.0.44:42105|dataStream:10.1.0.44:42449|priority:1|startupRole:FOLLOWER]|listeners:[], old=null
2023-05-04 21:54:30,461 [grpc-default-executor-1] INFO  impl.VoteContext (VoteContext.java:log(49)) - 9dbc72e3-9cc3-404d-a7a0-986f3a32b37f@group-534E19DD0F01-FOLLOWER: accept ELECTION from 4c10edfb-6769-4396-b189-3c3a2dc734f1: our priority 0 <= candidate's priority 1
2023-05-04 21:54:30,461 [grpc-default-executor-1] INFO  server.RaftServer$Division (RaftServerImpl.java:setRole(321)) - 9dbc72e3-9cc3-404d-a7a0-986f3a32b37f@group-534E19DD0F01: changes role from  FOLLOWER to FOLLOWER at term 1 for candidate:4c10edfb-6769-4396-b189-3c3a2dc734f1
2023-05-04 21:54:30,462 [grpc-default-executor-1] INFO  impl.RoleInfo (RoleInfo.java:shutdownFollowerState(110)) - 9dbc72e3-9cc3-404d-a7a0-986f3a32b37f: shutdown 9dbc72e3-9cc3-404d-a7a0-986f3a32b37f@group-534E19DD0F01-FollowerState
2023-05-04 21:54:30,462 [grpc-default-executor-1] INFO  impl.RoleInfo (RoleInfo.java:updateAndGet(139)) - 9dbc72e3-9cc3-404d-a7a0-986f3a32b37f: start 9dbc72e3-9cc3-404d-a7a0-986f3a32b37f@group-534E19DD0F01-FollowerState
2023-05-04 21:54:30,462 [9dbc72e3-9cc3-404d-a7a0-986f3a32b37f@group-534E19DD0F01-FollowerState] INFO  impl.FollowerState (FollowerState.java:run(152)) - 9dbc72e3-9cc3-404d-a7a0-986f3a32b37f@group-534E19DD0F01-FollowerState was interrupted
2023-05-04 21:54:30,462 [9dbc72e3-9cc3-404d-a7a0-986f3a32b37f@group-534E19DD0F01-FollowerState] INFO  server.RaftServerConfigKeys (ConfUtils.java:logFallback(53)) - raft.server.rpc.first-election.timeout.min = 5s (fallback to raft.server.rpc.timeout.min)
2023-05-04 21:54:30,462 [9dbc72e3-9cc3-404d-a7a0-986f3a32b37f@group-534E19DD0F01-FollowerState] INFO  server.RaftServerConfigKeys (ConfUtils.java:logFallback(53)) - raft.server.rpc.first-election.timeout.max = 5200ms (fallback to raft.server.rpc.timeout.max)
2023-05-04 21:54:30,463 [grpc-default-executor-1] INFO  server.RaftServer$Division (RaftServerImpl.java:requestVote(1251)) - 9dbc72e3-9cc3-404d-a7a0-986f3a32b37f@group-534E19DD0F01 replies to ELECTION vote request: 4c10edfb-6769-4396-b189-3c3a2dc734f1<-9dbc72e3-9cc3-404d-a7a0-986f3a32b37f#0:OK-t1. Peer's state: 9dbc72e3-9cc3-404d-a7a0-986f3a32b37f@group-534E19DD0F01:t1, leader=null, voted=4c10edfb-6769-4396-b189-3c3a2dc734f1, raftlog=Memoized:9dbc72e3-9cc3-404d-a7a0-986f3a32b37f@group-534E19DD0F01-SegmentedRaftLog:OPENED:c-1, conf=-1: peers:[7a25d7ac-269f-485a-96a1-a3fbc0da93f8|rpc:10.1.0.44:38519|dataStream:10.1.0.44:33389|priority:0|startupRole:FOLLOWER, 9dbc72e3-9cc3-404d-a7a0-986f3a32b37f|rpc:10.1.0.44:39725|dataStream:10.1.0.44:33233|priority:0|startupRole:FOLLOWER, 4c10edfb-6769-4396-b189-3c3a2dc734f1|rpc:10.1.0.44:42105|dataStream:10.1.0.44:42449|priority:1|startupRole:FOLLOWER]|listeners:[], old=null
2023-05-04 21:54:30,464 [4c10edfb-6769-4396-b189-3c3a2dc734f1@group-534E19DD0F01-LeaderElection16] INFO  impl.LeaderElection (LeaderElection.java:logAndReturn(90)) - 4c10edfb-6769-4396-b189-3c3a2dc734f1@group-534E19DD0F01-LeaderElection16: ELECTION PASSED received 1 response(s) and 0 exception(s):
2023-05-04 21:54:30,464 [4c10edfb-6769-4396-b189-3c3a2dc734f1@group-534E19DD0F01-LeaderElection16] INFO  impl.LeaderElection (LeaderElection.java:logAndReturn(94)) -   Response 0: 4c10edfb-6769-4396-b189-3c3a2dc734f1<-9dbc72e3-9cc3-404d-a7a0-986f3a32b37f#0:OK-t1
2023-05-04 21:54:30,464 [4c10edfb-6769-4396-b189-3c3a2dc734f1@group-534E19DD0F01-LeaderElection16] INFO  impl.LeaderElection (LeaderElection.java:askForVotes(314)) - 4c10edfb-6769-4396-b189-3c3a2dc734f1@group-534E19DD0F01-LeaderElection16 ELECTION round 0: result PASSED
2023-05-04 21:54:30,464 [4c10edfb-6769-4396-b189-3c3a2dc734f1@group-534E19DD0F01-LeaderElection16] INFO  impl.RoleInfo (RoleInfo.java:shutdownLeaderElection(130)) - 4c10edfb-6769-4396-b189-3c3a2dc734f1: shutdown 4c10edfb-6769-4396-b189-3c3a2dc734f1@group-534E19DD0F01-LeaderElection16
2023-05-04 21:54:30,464 [4c10edfb-6769-4396-b189-3c3a2dc734f1@group-534E19DD0F01-LeaderElection16] INFO  server.RaftServer$Division (RaftServerImpl.java:setRole(321)) - 4c10edfb-6769-4396-b189-3c3a2dc734f1@group-534E19DD0F01: changes role from CANDIDATE to LEADER at term 1 for changeToLeader
2023-05-04 21:54:30,464 [4c10edfb-6769-4396-b189-3c3a2dc734f1@group-534E19DD0F01-LeaderElection16] INFO  ratis.XceiverServerRatis (XceiverServerRatis.java:handleLeaderChangedNotification(904)) - Leader change notification received for group: group-534E19DD0F01 with new leaderId: 4c10edfb-6769-4396-b189-3c3a2dc734f1
2023-05-04 21:54:30,465 [4c10edfb-6769-4396-b189-3c3a2dc734f1@group-534E19DD0F01-LeaderElection16] INFO  server.RaftServer$Division (ServerState.java:setLeader(313)) - 4c10edfb-6769-4396-b189-3c3a2dc734f1@group-534E19DD0F01: change Leader from null to 4c10edfb-6769-4396-b189-3c3a2dc734f1 at term 1 for becomeLeader, leader elected after 5106ms
2023-05-04 21:54:30,465 [4c10edfb-6769-4396-b189-3c3a2dc734f1@group-534E19DD0F01-LeaderElection16] INFO  server.RaftServerConfigKeys (ConfUtils.java:logGet(46)) - raft.server.staging.catchup.gap = 1000 (default)
2023-05-04 21:54:30,465 [4c10edfb-6769-4396-b189-3c3a2dc734f1@group-534E19DD0F01-LeaderElection16] INFO  server.RaftServerConfigKeys (ConfUtils.java:logGet(46)) - raft.server.write.element-limit = 1024 (custom)
2023-05-04 21:54:30,465 [4c10edfb-6769-4396-b189-3c3a2dc734f1@group-534E19DD0F01-LeaderElection16] INFO  server.RaftServerConfigKeys (ConfUtils.java:logGet(46)) - raft.server.write.byte-limit = 1024 M (=1073741824) (custom)
2023-05-04 21:54:30,465 [4c10edfb-6769-4396-b189-3c3a2dc734f1@group-534E19DD0F01-LeaderElection16] INFO  server.RaftServerConfigKeys (ConfUtils.java:logGet(46)) - raft.server.watch.timeout = 180s (custom)
2023-05-04 21:54:30,465 [4c10edfb-6769-4396-b189-3c3a2dc734f1@group-534E19DD0F01-LeaderElection16] INFO  server.RaftServerConfigKeys (ConfUtils.java:logGet(46)) - raft.server.watch.timeout.denomination = 1s (default)
2023-05-04 21:54:30,465 [4c10edfb-6769-4396-b189-3c3a2dc734f1@group-534E19DD0F01-LeaderElection16] INFO  server.RaftServerConfigKeys (ConfUtils.java:logGet(46)) - raft.server.watch.element-limit = 65536 (default)
2023-05-04 21:54:30,465 [4c10edfb-6769-4396-b189-3c3a2dc734f1@group-534E19DD0F01-LeaderElection16] INFO  server.RaftServerConfigKeys (ConfUtils.java:logGet(46)) - raft.server.write.element-limit = 1024 (custom)
2023-05-04 21:54:30,465 [4c10edfb-6769-4396-b189-3c3a2dc734f1@group-534E19DD0F01-LeaderElection16] INFO  server.RaftServerConfigKeys (ConfUtils.java:logGet(46)) - raft.server.write.follower.gap.ratio.max = -1.0 (default)
2023-05-04 21:54:30,466 [7a25d7ac-269f-485a-96a1-a3fbc0da93f8@group-A6537FCB2585-FollowerState] INFO  server.RaftServerConfigKeys (ConfUtils.java:logFallback(53)) - raft.server.rpc.first-election.timeout.min = 5s (fallback to raft.server.rpc.timeout.min)
2023-05-04 21:54:30,466 [7a25d7ac-269f-485a-96a1-a3fbc0da93f8@group-A6537FCB2585-FollowerState] INFO  server.RaftServerConfigKeys (ConfUtils.java:logFallback(53)) - raft.server.rpc.first-election.timeout.max = 5200ms (fallback to raft.server.rpc.timeout.max)
2023-05-04 21:54:30,466 [4c10edfb-6769-4396-b189-3c3a2dc734f1@group-534E19DD0F01-LeaderElection16] INFO  server.RaftServerConfigKeys (ConfUtils.java:logGet(46)) - raft.server.log.appender.snapshot.chunk.size.max = 16MB (=16777216) (default)
2023-05-04 21:54:30,466 [4c10edfb-6769-4396-b189-3c3a2dc734f1@group-534E19DD0F01-LeaderElection16] INFO  server.RaftServerConfigKeys (ConfUtils.java:logGet(46)) - raft.server.log.appender.buffer.byte-limit = 33554432 (custom)
2023-05-04 21:54:30,466 [4c10edfb-6769-4396-b189-3c3a2dc734f1@group-534E19DD0F01-LeaderElection16] INFO  server.RaftServerConfigKeys (ConfUtils.java:logGet(46)) - raft.server.log.appender.buffer.element-limit = 1 (custom)
2023-05-04 21:54:30,466 [4c10edfb-6769-4396-b189-3c3a2dc734f1@group-534E19DD0F01-LeaderElection16] INFO  grpc.GrpcConfigKeys (ConfUtils.java:logGet(46)) - raft.grpc.server.leader.outstanding.appends.max = 128 (default)
2023-05-04 21:54:30,466 [4c10edfb-6769-4396-b189-3c3a2dc734f1@group-534E19DD0F01-LeaderElection16] INFO  server.RaftServerConfigKeys (ConfUtils.java:logGet(46)) - raft.server.rpc.request.timeout = 60s (custom)
2023-05-04 21:54:30,466 [4c10edfb-6769-4396-b189-3c3a2dc734f1@group-534E19DD0F01-LeaderElection16] INFO  server.RaftServerConfigKeys (ConfUtils.java:logGet(46)) - raft.server.log.appender.install.snapshot.enabled = false (custom)
2023-05-04 21:54:30,466 [4c10edfb-6769-4396-b189-3c3a2dc734f1@group-534E19DD0F01-LeaderElection16] INFO  grpc.GrpcConfigKeys (ConfUtils.java:logGet(46)) - raft.grpc.server.heartbeat.channel = true (default)
2023-05-04 21:54:30,466 [4c10edfb-6769-4396-b189-3c3a2dc734f1@group-534E19DD0F01-LeaderElection16] INFO  server.RaftServerConfigKeys (ConfUtils.java:logGet(46)) - raft.server.log.appender.wait-time.min = 10ms (default)
2023-05-04 21:54:30,467 [4c10edfb-6769-4396-b189-3c3a2dc734f1@group-534E19DD0F01-LeaderElection16] INFO  server.RaftServerConfigKeys (ConfUtils.java:logGet(46)) - raft.server.log.appender.snapshot.chunk.size.max = 16MB (=16777216) (default)
2023-05-04 21:54:30,467 [4c10edfb-6769-4396-b189-3c3a2dc734f1@group-534E19DD0F01-LeaderElection16] INFO  server.RaftServerConfigKeys (ConfUtils.java:logGet(46)) - raft.server.log.appender.buffer.byte-limit = 33554432 (custom)
2023-05-04 21:54:30,467 [4c10edfb-6769-4396-b189-3c3a2dc734f1@group-534E19DD0F01-LeaderElection16] INFO  server.RaftServerConfigKeys (ConfUtils.java:logGet(46)) - raft.server.log.appender.buffer.element-limit = 1 (custom)
2023-05-04 21:54:30,467 [4c10edfb-6769-4396-b189-3c3a2dc734f1@group-534E19DD0F01-LeaderElection16] INFO  grpc.GrpcConfigKeys (ConfUtils.java:logGet(46)) - raft.grpc.server.leader.outstanding.appends.max = 128 (default)
2023-05-04 21:54:30,467 [4c10edfb-6769-4396-b189-3c3a2dc734f1@group-534E19DD0F01-LeaderElection16] INFO  server.RaftServerConfigKeys (ConfUtils.java:logGet(46)) - raft.server.rpc.request.timeout = 60s (custom)
2023-05-04 21:54:30,468 [4c10edfb-6769-4396-b189-3c3a2dc734f1@group-534E19DD0F01-LeaderElection16] INFO  server.RaftServerConfigKeys (ConfUtils.java:logGet(46)) - raft.server.log.appender.install.snapshot.enabled = false (custom)
2023-05-04 21:54:30,468 [4c10edfb-6769-4396-b189-3c3a2dc734f1@group-534E19DD0F01-LeaderElection16] INFO  grpc.GrpcConfigKeys (ConfUtils.java:logGet(46)) - raft.grpc.server.heartbeat.channel = true (default)
2023-05-04 21:54:30,468 [4c10edfb-6769-4396-b189-3c3a2dc734f1@group-534E19DD0F01-LeaderElection16] INFO  server.RaftServerConfigKeys (ConfUtils.java:logGet(46)) - raft.server.log.appender.wait-time.min = 10ms (default)
2023-05-04 21:54:30,468 [4c10edfb-6769-4396-b189-3c3a2dc734f1@group-534E19DD0F01-LeaderElection16] INFO  impl.RoleInfo (RoleInfo.java:updateAndGet(139)) - 4c10edfb-6769-4396-b189-3c3a2dc734f1: start 4c10edfb-6769-4396-b189-3c3a2dc734f1@group-534E19DD0F01-LeaderStateImpl
2023-05-04 21:54:30,468 [4c10edfb-6769-4396-b189-3c3a2dc734f1@group-534E19DD0F01-LeaderElection16] INFO  segmented.SegmentedRaftLogWorker (SegmentedRaftLogWorker.java:startLogSegment(452)) - 4c10edfb-6769-4396-b189-3c3a2dc734f1@group-534E19DD0F01-SegmentedRaftLogWorker: Starting segment from index:0
2023-05-04 21:54:30,470 [EventQueue-PipelineReportForPipelineReportHandler] INFO  pipeline.PipelineManagerImpl (PipelineManagerImpl.java:openPipeline(367)) - Pipeline Pipeline[ Id: 82c1113e-5330-433c-bd2c-534e19dd0f01, Nodes: 9dbc72e3-9cc3-404d-a7a0-986f3a32b37f(fv-az133-721.yhipumr4050edinzmvad0xeera.cx.internal.cloudapp.net/10.1.0.44)7a25d7ac-269f-485a-96a1-a3fbc0da93f8(fv-az133-721.yhipumr4050edinzmvad0xeera.cx.internal.cloudapp.net/10.1.0.44)4c10edfb-6769-4396-b189-3c3a2dc734f1(fv-az133-721.yhipumr4050edinzmvad0xeera.cx.internal.cloudapp.net/10.1.0.44), ReplicationConfig: RATIS/THREE, State:ALLOCATED, leaderId:4c10edfb-6769-4396-b189-3c3a2dc734f1, CreationTimestamp2023-05-04T21:54:23.091Z[Etc/UTC]] moved to OPEN state
2023-05-04 21:54:30,470 [4c10edfb-6769-4396-b189-3c3a2dc734f1@group-534E19DD0F01-SegmentedRaftLogWorker] INFO  segmented.SegmentedRaftLogWorker (SegmentedRaftLogWorker.java:execute(656)) - 4c10edfb-6769-4396-b189-3c3a2dc734f1@group-534E19DD0F01-SegmentedRaftLogWorker: created new log segment /home/runner/work/ozone/ozone/hadoop-ozone/integration-test/target/test-dir/MiniOzoneClusterImpl-52a188dd-66b8-45b2-ab7c-675c0ee04825/datanode-8/data/ratis/82c1113e-5330-433c-bd2c-534e19dd0f01/current/log_inprogress_0
2023-05-04 21:54:30,484 [4c10edfb-6769-4396-b189-3c3a2dc734f1@group-534E19DD0F01-LeaderElection16] INFO  server.RaftServer$Division (ServerState.java:setRaftConf(430)) - 4c10edfb-6769-4396-b189-3c3a2dc734f1@group-534E19DD0F01: set configuration 0: peers:[7a25d7ac-269f-485a-96a1-a3fbc0da93f8|rpc:10.1.0.44:38519|dataStream:10.1.0.44:33389|priority:0|startupRole:FOLLOWER, 9dbc72e3-9cc3-404d-a7a0-986f3a32b37f|rpc:10.1.0.44:39725|dataStream:10.1.0.44:33233|priority:0|startupRole:FOLLOWER, 4c10edfb-6769-4396-b189-3c3a2dc734f1|rpc:10.1.0.44:42105|dataStream:10.1.0.44:42449|priority:1|startupRole:FOLLOWER]|listeners:[], old=null
2023-05-04 21:54:30,511 [7a25d7ac-269f-485a-96a1-a3fbc0da93f8-server-thread1] INFO  ratis.XceiverServerRatis (XceiverServerRatis.java:handleLeaderChangedNotification(904)) - Leader change notification received for group: group-534E19DD0F01 with new leaderId: 4c10edfb-6769-4396-b189-3c3a2dc734f1
2023-05-04 21:54:30,511 [7a25d7ac-269f-485a-96a1-a3fbc0da93f8-server-thread1] INFO  server.RaftServer$Division (ServerState.java:setLeader(313)) - 7a25d7ac-269f-485a-96a1-a3fbc0da93f8@group-534E19DD0F01: change Leader from null to 4c10edfb-6769-4396-b189-3c3a2dc734f1 at term 1 for appendEntries, leader elected after 5262ms
2023-05-04 21:54:30,549 [9dbc72e3-9cc3-404d-a7a0-986f3a32b37f-server-thread2] INFO  ratis.XceiverServerRatis (XceiverServerRatis.java:handleLeaderChangedNotification(904)) - Leader change notification received for group: group-534E19DD0F01 with new leaderId: 4c10edfb-6769-4396-b189-3c3a2dc734f1
2023-05-04 21:54:30,549 [9dbc72e3-9cc3-404d-a7a0-986f3a32b37f-server-thread2] INFO  server.RaftServer$Division (ServerState.java:setLeader(313)) - 9dbc72e3-9cc3-404d-a7a0-986f3a32b37f@group-534E19DD0F01: change Leader from null to 4c10edfb-6769-4396-b189-3c3a2dc734f1 at term 1 for appendEntries, leader elected after 5254ms
2023-05-04 21:54:30,549 [7a25d7ac-269f-485a-96a1-a3fbc0da93f8-server-thread2] INFO  server.RaftServer$Division (ServerState.java:setRaftConf(430)) - 7a25d7ac-269f-485a-96a1-a3fbc0da93f8@group-534E19DD0F01: set configuration 0: peers:[7a25d7ac-269f-485a-96a1-a3fbc0da93f8|rpc:10.1.0.44:38519|dataStream:10.1.0.44:33389|priority:0|startupRole:FOLLOWER, 9dbc72e3-9cc3-404d-a7a0-986f3a32b37f|rpc:10.1.0.44:39725|dataStream:10.1.0.44:33233|priority:0|startupRole:FOLLOWER, 4c10edfb-6769-4396-b189-3c3a2dc734f1|rpc:10.1.0.44:42105|dataStream:10.1.0.44:42449|priority:1|startupRole:FOLLOWER]|listeners:[], old=null
2023-05-04 21:54:30,550 [7a25d7ac-269f-485a-96a1-a3fbc0da93f8-server-thread2] INFO  segmented.SegmentedRaftLogWorker (SegmentedRaftLogWorker.java:startLogSegment(452)) - 7a25d7ac-269f-485a-96a1-a3fbc0da93f8@group-534E19DD0F01-SegmentedRaftLogWorker: Starting segment from index:0
2023-05-04 21:54:30,552 [7a25d7ac-269f-485a-96a1-a3fbc0da93f8@group-534E19DD0F01-SegmentedRaftLogWorker] INFO  segmented.SegmentedRaftLogWorker (SegmentedRaftLogWorker.java:execute(656)) - 7a25d7ac-269f-485a-96a1-a3fbc0da93f8@group-534E19DD0F01-SegmentedRaftLogWorker: created new log segment /home/runner/work/ozone/ozone/hadoop-ozone/integration-test/target/test-dir/MiniOzoneClusterImpl-52a188dd-66b8-45b2-ab7c-675c0ee04825/datanode-6/data/ratis/82c1113e-5330-433c-bd2c-534e19dd0f01/current/log_inprogress_0
2023-05-04 21:54:30,559 [9dbc72e3-9cc3-404d-a7a0-986f3a32b37f@group-A6537FCB2585-FollowerState] INFO  impl.FollowerState (FollowerState.java:run(143)) - 9dbc72e3-9cc3-404d-a7a0-986f3a32b37f@group-A6537FCB2585-FollowerState: change to CANDIDATE, lastRpcElapsedTime:5028708582ns, electionTimeout:5017ms
2023-05-04 21:54:30,576 [9dbc72e3-9cc3-404d-a7a0-986f3a32b37f-server-thread2] INFO  server.RaftServer$Division (ServerState.java:setRaftConf(430)) - 9dbc72e3-9cc3-404d-a7a0-986f3a32b37f@group-534E19DD0F01: set configuration 0: peers:[7a25d7ac-269f-485a-96a1-a3fbc0da93f8|rpc:10.1.0.44:38519|dataStream:10.1.0.44:33389|priority:0|startupRole:FOLLOWER, 9dbc72e3-9cc3-404d-a7a0-986f3a32b37f|rpc:10.1.0.44:39725|dataStream:10.1.0.44:33233|priority:0|startupRole:FOLLOWER, 4c10edfb-6769-4396-b189-3c3a2dc734f1|rpc:10.1.0.44:42105|dataStream:10.1.0.44:42449|priority:1|startupRole:FOLLOWER]|listeners:[], old=null
2023-05-04 21:54:30,582 [4c10edfb-6769-4396-b189-3c3a2dc734f1@group-A6537FCB2585-FollowerState] INFO  server.RaftServerConfigKeys (ConfUtils.java:logFallback(53)) - raft.server.rpc.first-election.timeout.min = 5s (fallback to raft.server.rpc.timeout.min)
2023-05-04 21:54:30,582 [4c10edfb-6769-4396-b189-3c3a2dc734f1@group-A6537FCB2585-FollowerState] INFO  server.RaftServerConfigKeys (ConfUtils.java:logFallback(53)) - raft.server.rpc.first-election.timeout.max = 5200ms (fallback to raft.server.rpc.timeout.max)
2023-05-04 21:54:30,584 [9dbc72e3-9cc3-404d-a7a0-986f3a32b37f@group-A6537FCB2585-FollowerState] INFO  impl.RoleInfo (RoleInfo.java:shutdownFollowerState(110)) - 9dbc72e3-9cc3-404d-a7a0-986f3a32b37f: shutdown 9dbc72e3-9cc3-404d-a7a0-986f3a32b37f@group-A6537FCB2585-FollowerState
2023-05-04 21:54:30,584 [9dbc72e3-9cc3-404d-a7a0-986f3a32b37f@group-A6537FCB2585-FollowerState] INFO  server.RaftServer$Division (RaftServerImpl.java:setRole(321)) - 9dbc72e3-9cc3-404d-a7a0-986f3a32b37f@group-A6537FCB2585: changes role from  FOLLOWER to CANDIDATE at term 0 for changeToCandidate
2023-05-04 21:54:30,584 [9dbc72e3-9cc3-404d-a7a0-986f3a32b37f-server-thread2] INFO  segmented.SegmentedRaftLogWorker (SegmentedRaftLogWorker.java:startLogSegment(452)) - 9dbc72e3-9cc3-404d-a7a0-986f3a32b37f@group-534E19DD0F01-SegmentedRaftLogWorker: Starting segment from index:0
2023-05-04 21:54:30,589 [9dbc72e3-9cc3-404d-a7a0-986f3a32b37f@group-A6537FCB2585-FollowerState] INFO  server.RaftServerConfigKeys (ConfUtils.java:logGet(46)) - raft.server.leaderelection.pre-vote = true (default)
2023-05-04 21:54:30,590 [9dbc72e3-9cc3-404d-a7a0-986f3a32b37f@group-A6537FCB2585-FollowerState] INFO  impl.RoleInfo (RoleInfo.java:updateAndGet(139)) - 9dbc72e3-9cc3-404d-a7a0-986f3a32b37f: start 9dbc72e3-9cc3-404d-a7a0-986f3a32b37f@group-A6537FCB2585-LeaderElection18
2023-05-04 21:54:30,594 [9dbc72e3-9cc3-404d-a7a0-986f3a32b37f@group-534E19DD0F01-SegmentedRaftLogWorker] INFO  segmented.SegmentedRaftLogWorker (SegmentedRaftLogWorker.java:execute(656)) - 9dbc72e3-9cc3-404d-a7a0-986f3a32b37f@group-534E19DD0F01-SegmentedRaftLogWorker: created new log segment /home/runner/work/ozone/ozone/hadoop-ozone/integration-test/target/test-dir/MiniOzoneClusterImpl-52a188dd-66b8-45b2-ab7c-675c0ee04825/datanode-7/data/ratis/82c1113e-5330-433c-bd2c-534e19dd0f01/current/log_inprogress_0
2023-05-04 21:54:30,596 [9dbc72e3-9cc3-404d-a7a0-986f3a32b37f@group-A6537FCB2585-LeaderElection18] INFO  impl.LeaderElection (LeaderElection.java:askForVotes(312)) - 9dbc72e3-9cc3-404d-a7a0-986f3a32b37f@group-A6537FCB2585-LeaderElection18 PRE_VOTE round 0: submit vote requests at term 0 for -1: peers:[7a25d7ac-269f-485a-96a1-a3fbc0da93f8|rpc:10.1.0.44:38519|dataStream:10.1.0.44:33389|priority:0|startupRole:FOLLOWER, 9dbc72e3-9cc3-404d-a7a0-986f3a32b37f|rpc:10.1.0.44:39725|dataStream:10.1.0.44:33233|priority:1|startupRole:FOLLOWER, 4c10edfb-6769-4396-b189-3c3a2dc734f1|rpc:10.1.0.44:42105|dataStream:10.1.0.44:42449|priority:0|startupRole:FOLLOWER]|listeners:[], old=null
2023-05-04 21:54:30,615 [9dbc72e3-9cc3-404d-a7a0-986f3a32b37f@group-A6537FCB2585-LeaderElection18] INFO  server.RaftServerConfigKeys (ConfUtils.java:logFallback(53)) - raft.server.rpc.first-election.timeout.min = 5s (fallback to raft.server.rpc.timeout.min)
2023-05-04 21:54:30,615 [9dbc72e3-9cc3-404d-a7a0-986f3a32b37f@group-A6537FCB2585-LeaderElection18] INFO  server.RaftServerConfigKeys (ConfUtils.java:logFallback(53)) - raft.server.rpc.first-election.timeout.max = 5200ms (fallback to raft.server.rpc.timeout.max)
2023-05-04 21:54:30,616 [9dbc72e3-9cc3-404d-a7a0-986f3a32b37f@group-A6537FCB2585-LeaderElection18-1] INFO  server.GrpcServerProtocolClient (GrpcServerProtocolClient.java:<init>(63)) - Build channel for 7a25d7ac-269f-485a-96a1-a3fbc0da93f8
2023-05-04 21:54:30,619 [9dbc72e3-9cc3-404d-a7a0-986f3a32b37f@group-A6537FCB2585-LeaderElection18-2] INFO  server.GrpcServerProtocolClient (GrpcServerProtocolClient.java:<init>(63)) - Build channel for 4c10edfb-6769-4396-b189-3c3a2dc734f1
2023-05-04 21:54:30,652 [grpc-default-executor-5] INFO  server.RaftServer$Division (RaftServerImpl.java:requestVote(1218)) - 7a25d7ac-269f-485a-96a1-a3fbc0da93f8@group-A6537FCB2585: receive requestVote(PRE_VOTE, 9dbc72e3-9cc3-404d-a7a0-986f3a32b37f, group-A6537FCB2585, 0, (t:0, i:0))
2023-05-04 21:54:30,652 [grpc-default-executor-5] INFO  impl.VoteContext (VoteContext.java:log(49)) - 7a25d7ac-269f-485a-96a1-a3fbc0da93f8@group-A6537FCB2585-FOLLOWER: accept PRE_VOTE from 9dbc72e3-9cc3-404d-a7a0-986f3a32b37f: our priority 0 <= candidate's priority 1
2023-05-04 21:54:30,653 [grpc-default-executor-5] INFO  server.RaftServer$Division (RaftServerImpl.java:requestVote(1251)) - 7a25d7ac-269f-485a-96a1-a3fbc0da93f8@group-A6537FCB2585 replies to PRE_VOTE vote request: 9dbc72e3-9cc3-404d-a7a0-986f3a32b37f<-7a25d7ac-269f-485a-96a1-a3fbc0da93f8#0:OK-t0. Peer's state: 7a25d7ac-269f-485a-96a1-a3fbc0da93f8@group-A6537FCB2585:t0, leader=null, voted=, raftlog=Memoized:7a25d7ac-269f-485a-96a1-a3fbc0da93f8@group-A6537FCB2585-SegmentedRaftLog:OPENED:c-1, conf=-1: peers:[7a25d7ac-269f-485a-96a1-a3fbc0da93f8|rpc:10.1.0.44:38519|dataStream:10.1.0.44:33389|priority:0|startupRole:FOLLOWER, 9dbc72e3-9cc3-404d-a7a0-986f3a32b37f|rpc:10.1.0.44:39725|dataStream:10.1.0.44:33233|priority:1|startupRole:FOLLOWER, 4c10edfb-6769-4396-b189-3c3a2dc734f1|rpc:10.1.0.44:42105|dataStream:10.1.0.44:42449|priority:0|startupRole:FOLLOWER]|listeners:[], old=null
2023-05-04 21:54:30,654 [9dbc72e3-9cc3-404d-a7a0-986f3a32b37f@group-A6537FCB2585-LeaderElection18] INFO  impl.LeaderElection (LeaderElection.java:logAndReturn(90)) - 9dbc72e3-9cc3-404d-a7a0-986f3a32b37f@group-A6537FCB2585-LeaderElection18: PRE_VOTE PASSED received 1 response(s) and 0 exception(s):
2023-05-04 21:54:30,654 [9dbc72e3-9cc3-404d-a7a0-986f3a32b37f@group-A6537FCB2585-LeaderElection18] INFO  impl.LeaderElection (LeaderElection.java:logAndReturn(94)) -   Response 0: 9dbc72e3-9cc3-404d-a7a0-986f3a32b37f<-7a25d7ac-269f-485a-96a1-a3fbc0da93f8#0:OK-t0
2023-05-04 21:54:30,654 [9dbc72e3-9cc3-404d-a7a0-986f3a32b37f@group-A6537FCB2585-LeaderElection18] INFO  impl.LeaderElection (LeaderElection.java:askForVotes(314)) - 9dbc72e3-9cc3-404d-a7a0-986f3a32b37f@group-A6537FCB2585-LeaderElection18 PRE_VOTE round 0: result PASSED
2023-05-04 21:54:30,672 [9dbc72e3-9cc3-404d-a7a0-986f3a32b37f@group-A6537FCB2585-LeaderElection18] INFO  impl.LeaderElection (LeaderElection.java:askForVotes(312)) - 9dbc72e3-9cc3-404d-a7a0-986f3a32b37f@group-A6537FCB2585-LeaderElection18 ELECTION round 0: submit vote requests at term 1 for -1: peers:[7a25d7ac-269f-485a-96a1-a3fbc0da93f8|rpc:10.1.0.44:38519|dataStream:10.1.0.44:33389|priority:0|startupRole:FOLLOWER, 9dbc72e3-9cc3-404d-a7a0-986f3a32b37f|rpc:10.1.0.44:39725|dataStream:10.1.0.44:33233|priority:1|startupRole:FOLLOWER, 4c10edfb-6769-4396-b189-3c3a2dc734f1|rpc:10.1.0.44:42105|dataStream:10.1.0.44:42449|priority:0|startupRole:FOLLOWER]|listeners:[], old=null
2023-05-04 21:54:30,676 [grpc-default-executor-0] INFO  server.RaftServer$Division (RaftServerImpl.java:requestVote(1218)) - 4c10edfb-6769-4396-b189-3c3a2dc734f1@group-A6537FCB2585: receive requestVote(PRE_VOTE, 9dbc72e3-9cc3-404d-a7a0-986f3a32b37f, group-A6537FCB2585, 0, (t:0, i:0))
2023-05-04 21:54:30,676 [grpc-default-executor-0] INFO  impl.VoteContext (VoteContext.java:log(49)) - 4c10edfb-6769-4396-b189-3c3a2dc734f1@group-A6537FCB2585-FOLLOWER: accept PRE_VOTE from 9dbc72e3-9cc3-404d-a7a0-986f3a32b37f: our priority 0 <= candidate's priority 1
2023-05-04 21:54:30,676 [grpc-default-executor-0] INFO  server.RaftServer$Division (RaftServerImpl.java:requestVote(1251)) - 4c10edfb-6769-4396-b189-3c3a2dc734f1@group-A6537FCB2585 replies to PRE_VOTE vote request: 9dbc72e3-9cc3-404d-a7a0-986f3a32b37f<-4c10edfb-6769-4396-b189-3c3a2dc734f1#0:OK-t0. Peer's state: 4c10edfb-6769-4396-b189-3c3a2dc734f1@group-A6537FCB2585:t0, leader=null, voted=, raftlog=Memoized:4c10edfb-6769-4396-b189-3c3a2dc734f1@group-A6537FCB2585-SegmentedRaftLog:OPENED:c-1, conf=-1: peers:[7a25d7ac-269f-485a-96a1-a3fbc0da93f8|rpc:10.1.0.44:38519|dataStream:10.1.0.44:33389|priority:0|startupRole:FOLLOWER, 9dbc72e3-9cc3-404d-a7a0-986f3a32b37f|rpc:10.1.0.44:39725|dataStream:10.1.0.44:33233|priority:1|startupRole:FOLLOWER, 4c10edfb-6769-4396-b189-3c3a2dc734f1|rpc:10.1.0.44:42105|dataStream:10.1.0.44:42449|priority:0|startupRole:FOLLOWER]|listeners:[], old=null
2023-05-04 21:54:30,678 [grpc-default-executor-0] INFO  server.RaftServer$Division (RaftServerImpl.java:requestVote(1218)) - 7a25d7ac-269f-485a-96a1-a3fbc0da93f8@group-A6537FCB2585: receive requestVote(ELECTION, 9dbc72e3-9cc3-404d-a7a0-986f3a32b37f, group-A6537FCB2585, 1, (t:0, i:0))
2023-05-04 21:54:30,678 [grpc-default-executor-0] INFO  impl.VoteContext (VoteContext.java:log(49)) - 7a25d7ac-269f-485a-96a1-a3fbc0da93f8@group-A6537FCB2585-FOLLOWER: accept ELECTION from 9dbc72e3-9cc3-404d-a7a0-986f3a32b37f: our priority 0 <= candidate's priority 1
2023-05-04 21:54:30,678 [grpc-default-executor-0] INFO  server.RaftServer$Division (RaftServerImpl.java:setRole(321)) - 7a25d7ac-269f-485a-96a1-a3fbc0da93f8@group-A6537FCB2585: changes role from  FOLLOWER to FOLLOWER at term 1 for candidate:9dbc72e3-9cc3-404d-a7a0-986f3a32b37f
2023-05-04 21:54:30,678 [grpc-default-executor-0] INFO  impl.RoleInfo (RoleInfo.java:shutdownFollowerState(110)) - 7a25d7ac-269f-485a-96a1-a3fbc0da93f8: shutdown 7a25d7ac-269f-485a-96a1-a3fbc0da93f8@group-A6537FCB2585-FollowerState
2023-05-04 21:54:30,686 [9dbc72e3-9cc3-404d-a7a0-986f3a32b37f@group-A6537FCB2585-LeaderElection18] INFO  server.RaftServerConfigKeys (ConfUtils.java:logFallback(53)) - raft.server.rpc.first-election.timeout.min = 5s (fallback to raft.server.rpc.timeout.min)
2023-05-04 21:54:30,686 [9dbc72e3-9cc3-404d-a7a0-986f3a32b37f@group-A6537FCB2585-LeaderElection18] INFO  server.RaftServerConfigKeys (ConfUtils.java:logFallback(53)) - raft.server.rpc.first-election.timeout.max = 5200ms (fallback to raft.server.rpc.timeout.max)
2023-05-04 21:54:30,688 [grpc-default-executor-3] INFO  server.RaftServer$Division (RaftServerImpl.java:requestVote(1218)) - 4c10edfb-6769-4396-b189-3c3a2dc734f1@group-A6537FCB2585: receive requestVote(ELECTION, 9dbc72e3-9cc3-404d-a7a0-986f3a32b37f, group-A6537FCB2585, 1, (t:0, i:0))
2023-05-04 21:54:30,688 [grpc-default-executor-3] INFO  impl.VoteContext (VoteContext.java:log(49)) - 4c10edfb-6769-4396-b189-3c3a2dc734f1@group-A6537FCB2585-FOLLOWER: accept ELECTION from 9dbc72e3-9cc3-404d-a7a0-986f3a32b37f: our priority 0 <= candidate's priority 1
2023-05-04 21:54:30,688 [grpc-default-executor-3] INFO  server.RaftServer$Division (RaftServerImpl.java:setRole(321)) - 4c10edfb-6769-4396-b189-3c3a2dc734f1@group-A6537FCB2585: changes role from  FOLLOWER to FOLLOWER at term 1 for candidate:9dbc72e3-9cc3-404d-a7a0-986f3a32b37f
2023-05-04 21:54:30,688 [grpc-default-executor-3] INFO  impl.RoleInfo (RoleInfo.java:shutdownFollowerState(110)) - 4c10edfb-6769-4396-b189-3c3a2dc734f1: shutdown 4c10edfb-6769-4396-b189-3c3a2dc734f1@group-A6537FCB2585-FollowerState
2023-05-04 21:54:30,688 [grpc-default-executor-3] INFO  impl.RoleInfo (RoleInfo.java:updateAndGet(139)) - 4c10edfb-6769-4396-b189-3c3a2dc734f1: start 4c10edfb-6769-4396-b189-3c3a2dc734f1@group-A6537FCB2585-FollowerState
2023-05-04 21:54:30,688 [4c10edfb-6769-4396-b189-3c3a2dc734f1@group-A6537FCB2585-FollowerState] INFO  impl.FollowerState (FollowerState.java:run(152)) - 4c10edfb-6769-4396-b189-3c3a2dc734f1@group-A6537FCB2585-FollowerState was interrupted
2023-05-04 21:54:30,690 [grpc-default-executor-0] INFO  impl.RoleInfo (RoleInfo.java:updateAndGet(139)) - 7a25d7ac-269f-485a-96a1-a3fbc0da93f8: start 7a25d7ac-269f-485a-96a1-a3fbc0da93f8@group-A6537FCB2585-FollowerState
2023-05-04 21:54:30,690 [7a25d7ac-269f-485a-96a1-a3fbc0da93f8@group-A6537FCB2585-FollowerState] INFO  impl.FollowerState (FollowerState.java:run(152)) - 7a25d7ac-269f-485a-96a1-a3fbc0da93f8@group-A6537FCB2585-FollowerState was interrupted
2023-05-04 21:54:30,691 [grpc-default-executor-3] INFO  server.RaftServer$Division (RaftServerImpl.java:requestVote(1251)) - 4c10edfb-6769-4396-b189-3c3a2dc734f1@group-A6537FCB2585 replies to ELECTION vote request: 9dbc72e3-9cc3-404d-a7a0-986f3a32b37f<-4c10edfb-6769-4396-b189-3c3a2dc734f1#0:OK-t1. Peer's state: 4c10edfb-6769-4396-b189-3c3a2dc734f1@group-A6537FCB2585:t1, leader=null, voted=9dbc72e3-9cc3-404d-a7a0-986f3a32b37f, raftlog=Memoized:4c10edfb-6769-4396-b189-3c3a2dc734f1@group-A6537FCB2585-SegmentedRaftLog:OPENED:c-1, conf=-1: peers:[7a25d7ac-269f-485a-96a1-a3fbc0da93f8|rpc:10.1.0.44:38519|dataStream:10.1.0.44:33389|priority:0|startupRole:FOLLOWER, 9dbc72e3-9cc3-404d-a7a0-986f3a32b37f|rpc:10.1.0.44:39725|dataStream:10.1.0.44:33233|priority:1|startupRole:FOLLOWER, 4c10edfb-6769-4396-b189-3c3a2dc734f1|rpc:10.1.0.44:42105|dataStream:10.1.0.44:42449|priority:0|startupRole:FOLLOWER]|listeners:[], old=null
2023-05-04 21:54:30,694 [4c10edfb-6769-4396-b189-3c3a2dc734f1@group-A6537FCB2585-FollowerState] INFO  server.RaftServerConfigKeys (ConfUtils.java:logFallback(53)) - raft.server.rpc.first-election.timeout.min = 5s (fallback to raft.server.rpc.timeout.min)
2023-05-04 21:54:30,694 [4c10edfb-6769-4396-b189-3c3a2dc734f1@group-A6537FCB2585-FollowerState] INFO  server.RaftServerConfigKeys (ConfUtils.java:logFallback(53)) - raft.server.rpc.first-election.timeout.max = 5200ms (fallback to raft.server.rpc.timeout.max)
2023-05-04 21:54:30,701 [grpc-default-executor-0] INFO  server.RaftServer$Division (RaftServerImpl.java:requestVote(1251)) - 7a25d7ac-269f-485a-96a1-a3fbc0da93f8@group-A6537FCB2585 replies to ELECTION vote request: 9dbc72e3-9cc3-404d-a7a0-986f3a32b37f<-7a25d7ac-269f-485a-96a1-a3fbc0da93f8#0:OK-t1. Peer's state: 7a25d7ac-269f-485a-96a1-a3fbc0da93f8@group-A6537FCB2585:t1, leader=null, voted=9dbc72e3-9cc3-404d-a7a0-986f3a32b37f, raftlog=Memoized:7a25d7ac-269f-485a-96a1-a3fbc0da93f8@group-A6537FCB2585-SegmentedRaftLog:OPENED:c-1, conf=-1: peers:[7a25d7ac-269f-485a-96a1-a3fbc0da93f8|rpc:10.1.0.44:38519|dataStream:10.1.0.44:33389|priority:0|startupRole:FOLLOWER, 9dbc72e3-9cc3-404d-a7a0-986f3a32b37f|rpc:10.1.0.44:39725|dataStream:10.1.0.44:33233|priority:1|startupRole:FOLLOWER, 4c10edfb-6769-4396-b189-3c3a2dc734f1|rpc:10.1.0.44:42105|dataStream:10.1.0.44:42449|priority:0|startupRole:FOLLOWER]|listeners:[], old=null
2023-05-04 21:54:30,703 [9dbc72e3-9cc3-404d-a7a0-986f3a32b37f@group-A6537FCB2585-LeaderElection18] INFO  impl.LeaderElection (LeaderElection.java:logAndReturn(90)) - 9dbc72e3-9cc3-404d-a7a0-986f3a32b37f@group-A6537FCB2585-LeaderElection18: ELECTION PASSED received 1 response(s) and 0 exception(s):
2023-05-04 21:54:30,703 [9dbc72e3-9cc3-404d-a7a0-986f3a32b37f@group-A6537FCB2585-LeaderElection18] INFO  impl.LeaderElection (LeaderElection.java:logAndReturn(94)) -   Response 0: 9dbc72e3-9cc3-404d-a7a0-986f3a32b37f<-4c10edfb-6769-4396-b189-3c3a2dc734f1#0:OK-t1
2023-05-04 21:54:30,703 [9dbc72e3-9cc3-404d-a7a0-986f3a32b37f@group-A6537FCB2585-LeaderElection18] INFO  impl.LeaderElection (LeaderElection.java:askForVotes(314)) - 9dbc72e3-9cc3-404d-a7a0-986f3a32b37f@group-A6537FCB2585-LeaderElection18 ELECTION round 0: result PASSED
2023-05-04 21:54:30,703 [9dbc72e3-9cc3-404d-a7a0-986f3a32b37f@group-A6537FCB2585-LeaderElection18] INFO  impl.RoleInfo (RoleInfo.java:shutdownLeaderElection(130)) - 9dbc72e3-9cc3-404d-a7a0-986f3a32b37f: shutdown 9dbc72e3-9cc3-404d-a7a0-986f3a32b37f@group-A6537FCB2585-LeaderElection18
2023-05-04 21:54:30,703 [9dbc72e3-9cc3-404d-a7a0-986f3a32b37f@group-A6537FCB2585-LeaderElection18] INFO  server.RaftServer$Division (RaftServerImpl.java:setRole(321)) - 9dbc72e3-9cc3-404d-a7a0-986f3a32b37f@group-A6537FCB2585: changes role from CANDIDATE to LEADER at term 1 for changeToLeader
2023-05-04 21:54:30,703 [9dbc72e3-9cc3-404d-a7a0-986f3a32b37f@group-A6537FCB2585-LeaderElection18] INFO  ratis.XceiverServerRatis (XceiverServerRatis.java:handleLeaderChangedNotification(904)) - Leader change notification received for group: group-A6537FCB2585 with new leaderId: 9dbc72e3-9cc3-404d-a7a0-986f3a32b37f
2023-05-04 21:54:30,704 [9dbc72e3-9cc3-404d-a7a0-986f3a32b37f@group-A6537FCB2585-LeaderElection18] INFO  server.RaftServer$Division (ServerState.java:setLeader(313)) - 9dbc72e3-9cc3-404d-a7a0-986f3a32b37f@group-A6537FCB2585: change Leader from null to 9dbc72e3-9cc3-404d-a7a0-986f3a32b37f at term 1 for becomeLeader, leader elected after 5191ms
2023-05-04 21:54:30,704 [9dbc72e3-9cc3-404d-a7a0-986f3a32b37f@group-A6537FCB2585-LeaderElection18] INFO  server.RaftServerConfigKeys (ConfUtils.java:logGet(46)) - raft.server.staging.catchup.gap = 1000 (default)
2023-05-04 21:54:30,704 [9dbc72e3-9cc3-404d-a7a0-986f3a32b37f@group-A6537FCB2585-LeaderElection18] INFO  server.RaftServerConfigKeys (ConfUtils.java:logGet(46)) - raft.server.write.element-limit = 1024 (custom)
2023-05-04 21:54:30,704 [9dbc72e3-9cc3-404d-a7a0-986f3a32b37f@group-A6537FCB2585-LeaderElection18] INFO  server.RaftServerConfigKeys (ConfUtils.java:logGet(46)) - raft.server.write.byte-limit = 1024 M (=1073741824) (custom)
2023-05-04 21:54:30,704 [9dbc72e3-9cc3-404d-a7a0-986f3a32b37f@group-A6537FCB2585-LeaderElection18] INFO  server.RaftServerConfigKeys (ConfUtils.java:logGet(46)) - raft.server.watch.timeout = 180s (custom)
2023-05-04 21:54:30,704 [9dbc72e3-9cc3-404d-a7a0-986f3a32b37f@group-A6537FCB2585-LeaderElection18] INFO  server.RaftServerConfigKeys (ConfUtils.java:logGet(46)) - raft.server.watch.timeout.denomination = 1s (default)
2023-05-04 21:54:30,704 [9dbc72e3-9cc3-404d-a7a0-986f3a32b37f@group-A6537FCB2585-LeaderElection18] INFO  server.RaftServerConfigKeys (ConfUtils.java:logGet(46)) - raft.server.watch.element-limit = 65536 (default)
2023-05-04 21:54:30,705 [9dbc72e3-9cc3-404d-a7a0-986f3a32b37f@group-A6537FCB2585-LeaderElection18] INFO  server.RaftServerConfigKeys (ConfUtils.java:logGet(46)) - raft.server.write.element-limit = 1024 (custom)
2023-05-04 21:54:30,705 [9dbc72e3-9cc3-404d-a7a0-986f3a32b37f@group-A6537FCB2585-LeaderElection18] INFO  server.RaftServerConfigKeys (ConfUtils.java:logGet(46)) - raft.server.write.follower.gap.ratio.max = -1.0 (default)
2023-05-04 21:54:30,705 [9dbc72e3-9cc3-404d-a7a0-986f3a32b37f@group-A6537FCB2585-LeaderElection18] INFO  server.RaftServerConfigKeys (ConfUtils.java:logGet(46)) - raft.server.log.appender.snapshot.chunk.size.max = 16MB (=16777216) (default)
2023-05-04 21:54:30,708 [9dbc72e3-9cc3-404d-a7a0-986f3a32b37f@group-A6537FCB2585-LeaderElection18] INFO  server.RaftServerConfigKeys (ConfUtils.java:logGet(46)) - raft.server.log.appender.buffer.byte-limit = 33554432 (custom)
2023-05-04 21:54:30,708 [9dbc72e3-9cc3-404d-a7a0-986f3a32b37f@group-A6537FCB2585-LeaderElection18] INFO  server.RaftServerConfigKeys (ConfUtils.java:logGet(46)) - raft.server.log.appender.buffer.element-limit = 1 (custom)
2023-05-04 21:54:30,708 [9dbc72e3-9cc3-404d-a7a0-986f3a32b37f@group-A6537FCB2585-LeaderElection18] INFO  grpc.GrpcConfigKeys (ConfUtils.java:logGet(46)) - raft.grpc.server.leader.outstanding.appends.max = 128 (default)
2023-05-04 21:54:30,708 [9dbc72e3-9cc3-404d-a7a0-986f3a32b37f@group-A6537FCB2585-LeaderElection18] INFO  server.RaftServerConfigKeys (ConfUtils.java:logGet(46)) - raft.server.rpc.request.timeout = 60s (custom)
2023-05-04 21:54:30,708 [9dbc72e3-9cc3-404d-a7a0-986f3a32b37f@group-A6537FCB2585-LeaderElection18] INFO  server.RaftServerConfigKeys (ConfUtils.java:logGet(46)) - raft.server.log.appender.install.snapshot.enabled = false (custom)
2023-05-04 21:54:30,708 [9dbc72e3-9cc3-404d-a7a0-986f3a32b37f@group-A6537FCB2585-LeaderElection18] INFO  grpc.GrpcConfigKeys (ConfUtils.java:logGet(46)) - raft.grpc.server.heartbeat.channel = true (default)
2023-05-04 21:54:30,708 [9dbc72e3-9cc3-404d-a7a0-986f3a32b37f@group-A6537FCB2585-LeaderElection18] INFO  server.RaftServerConfigKeys (ConfUtils.java:logGet(46)) - raft.server.log.appender.wait-time.min = 10ms (default)
2023-05-04 21:54:30,709 [9dbc72e3-9cc3-404d-a7a0-986f3a32b37f@group-A6537FCB2585-LeaderElection18] INFO  server.RaftServerConfigKeys (ConfUtils.java:logGet(46)) - raft.server.log.appender.snapshot.chunk.size.max = 16MB (=16777216) (default)
2023-05-04 21:54:30,709 [9dbc72e3-9cc3-404d-a7a0-986f3a32b37f@group-A6537FCB2585-LeaderElection18] INFO  server.RaftServerConfigKeys (ConfUtils.java:logGet(46)) - raft.server.log.appender.buffer.byte-limit = 33554432 (custom)
2023-05-04 21:54:30,709 [9dbc72e3-9cc3-404d-a7a0-986f3a32b37f@group-A6537FCB2585-LeaderElection18] INFO  server.RaftServerConfigKeys (ConfUtils.java:logGet(46)) - raft.server.log.appender.buffer.element-limit = 1 (custom)
2023-05-04 21:54:30,709 [9dbc72e3-9cc3-404d-a7a0-986f3a32b37f@group-A6537FCB2585-LeaderElection18] INFO  grpc.GrpcConfigKeys (ConfUtils.java:logGet(46)) - raft.grpc.server.leader.outstanding.appends.max = 128 (default)
2023-05-04 21:54:30,708 [EventQueue-PipelineReportForPipelineReportHandler] INFO  pipeline.PipelineManagerImpl (PipelineManagerImpl.java:openPipeline(367)) - Pipeline Pipeline[ Id: 11aa5225-c395-4869-9ea1-a6537fcb2585, Nodes: 7a25d7ac-269f-485a-96a1-a3fbc0da93f8(fv-az133-721.yhipumr4050edinzmvad0xeera.cx.internal.cloudapp.net/10.1.0.44)4c10edfb-6769-4396-b189-3c3a2dc734f1(fv-az133-721.yhipumr4050edinzmvad0xeera.cx.internal.cloudapp.net/10.1.0.44)9dbc72e3-9cc3-404d-a7a0-986f3a32b37f(fv-az133-721.yhipumr4050edinzmvad0xeera.cx.internal.cloudapp.net/10.1.0.44), ReplicationConfig: RATIS/THREE, State:ALLOCATED, leaderId:9dbc72e3-9cc3-404d-a7a0-986f3a32b37f, CreationTimestamp2023-05-04T21:54:23.096Z[Etc/UTC]] moved to OPEN state
2023-05-04 21:54:30,711 [9dbc72e3-9cc3-404d-a7a0-986f3a32b37f@group-A6537FCB2585-LeaderElection18] INFO  server.RaftServerConfigKeys (ConfUtils.java:logGet(46)) - raft.server.rpc.request.timeout = 60s (custom)
2023-05-04 21:54:30,711 [9dbc72e3-9cc3-404d-a7a0-986f3a32b37f@group-A6537FCB2585-LeaderElection18] INFO  server.RaftServerConfigKeys (ConfUtils.java:logGet(46)) - raft.server.log.appender.install.snapshot.enabled = false (custom)
2023-05-04 21:54:30,712 [9dbc72e3-9cc3-404d-a7a0-986f3a32b37f@group-A6537FCB2585-LeaderElection18] INFO  grpc.GrpcConfigKeys (ConfUtils.java:logGet(46)) - raft.grpc.server.heartbeat.channel = true (default)
2023-05-04 21:54:30,712 [9dbc72e3-9cc3-404d-a7a0-986f3a32b37f@group-A6537FCB2585-LeaderElection18] INFO  server.RaftServerConfigKeys (ConfUtils.java:logGet(46)) - raft.server.log.appender.wait-time.min = 10ms (default)
2023-05-04 21:54:30,712 [9dbc72e3-9cc3-404d-a7a0-986f3a32b37f@group-A6537FCB2585-LeaderElection18] INFO  impl.RoleInfo (RoleInfo.java:updateAndGet(139)) - 9dbc72e3-9cc3-404d-a7a0-986f3a32b37f: start 9dbc72e3-9cc3-404d-a7a0-986f3a32b37f@group-A6537FCB2585-LeaderStateImpl
2023-05-04 21:54:30,712 [9dbc72e3-9cc3-404d-a7a0-986f3a32b37f@group-A6537FCB2585-LeaderElection18] INFO  segmented.SegmentedRaftLogWorker (SegmentedRaftLogWorker.java:startLogSegment(452)) - 9dbc72e3-9cc3-404d-a7a0-986f3a32b37f@group-A6537FCB2585-SegmentedRaftLogWorker: Starting segment from index:0
2023-05-04 21:54:30,712 [7a25d7ac-269f-485a-96a1-a3fbc0da93f8@group-A6537FCB2585-FollowerState] INFO  server.RaftServerConfigKeys (ConfUtils.java:logFallback(53)) - raft.server.rpc.first-election.timeout.min = 5s (fallback to raft.server.rpc.timeout.min)
2023-05-04 21:54:30,712 [7a25d7ac-269f-485a-96a1-a3fbc0da93f8@group-A6537FCB2585-FollowerState] INFO  server.RaftServerConfigKeys (ConfUtils.java:logFallback(53)) - raft.server.rpc.first-election.timeout.max = 5200ms (fallback to raft.server.rpc.timeout.max)
2023-05-04 21:54:30,714 [9dbc72e3-9cc3-404d-a7a0-986f3a32b37f@group-A6537FCB2585-SegmentedRaftLogWorker] INFO  segmented.SegmentedRaftLogWorker (SegmentedRaftLogWorker.java:execute(656)) - 9dbc72e3-9cc3-404d-a7a0-986f3a32b37f@group-A6537FCB2585-SegmentedRaftLogWorker: created new log segment /home/runner/work/ozone/ozone/hadoop-ozone/integration-test/target/test-dir/MiniOzoneClusterImpl-52a188dd-66b8-45b2-ab7c-675c0ee04825/datanode-7/data/ratis/11aa5225-c395-4869-9ea1-a6537fcb2585/current/log_inprogress_0
2023-05-04 21:54:30,738 [9dbc72e3-9cc3-404d-a7a0-986f3a32b37f@group-A6537FCB2585-LeaderElection18] INFO  server.RaftServer$Division (ServerState.java:setRaftConf(430)) - 9dbc72e3-9cc3-404d-a7a0-986f3a32b37f@group-A6537FCB2585: set configuration 0: peers:[7a25d7ac-269f-485a-96a1-a3fbc0da93f8|rpc:10.1.0.44:38519|dataStream:10.1.0.44:33389|priority:0|startupRole:FOLLOWER, 9dbc72e3-9cc3-404d-a7a0-986f3a32b37f|rpc:10.1.0.44:39725|dataStream:10.1.0.44:33233|priority:1|startupRole:FOLLOWER, 4c10edfb-6769-4396-b189-3c3a2dc734f1|rpc:10.1.0.44:42105|dataStream:10.1.0.44:42449|priority:0|startupRole:FOLLOWER]|listeners:[], old=null
2023-05-04 21:54:30,759 [7a25d7ac-269f-485a-96a1-a3fbc0da93f8-server-thread1] INFO  ratis.XceiverServerRatis (XceiverServerRatis.java:handleLeaderChangedNotification(904)) - Leader change notification received for group: group-A6537FCB2585 with new leaderId: 9dbc72e3-9cc3-404d-a7a0-986f3a32b37f
2023-05-04 21:54:30,760 [7a25d7ac-269f-485a-96a1-a3fbc0da93f8-server-thread1] INFO  server.RaftServer$Division (ServerState.java:setLeader(313)) - 7a25d7ac-269f-485a-96a1-a3fbc0da93f8@group-A6537FCB2585: change Leader from null to 9dbc72e3-9cc3-404d-a7a0-986f3a32b37f at term 1 for appendEntries, leader elected after 5368ms
2023-05-04 21:54:30,764 [4c10edfb-6769-4396-b189-3c3a2dc734f1-server-thread2] INFO  ratis.XceiverServerRatis (XceiverServerRatis.java:handleLeaderChangedNotification(904)) - Leader change notification received for group: group-A6537FCB2585 with new leaderId: 9dbc72e3-9cc3-404d-a7a0-986f3a32b37f
2023-05-04 21:54:30,764 [4c10edfb-6769-4396-b189-3c3a2dc734f1-server-thread2] INFO  server.RaftServer$Division (ServerState.java:setLeader(313)) - 4c10edfb-6769-4396-b189-3c3a2dc734f1@group-A6537FCB2585: change Leader from null to 9dbc72e3-9cc3-404d-a7a0-986f3a32b37f at term 1 for appendEntries, leader elected after 5331ms
2023-05-04 21:54:30,764 [4c10edfb-6769-4396-b189-3c3a2dc734f1-server-thread2] INFO  server.RaftServer$Division (ServerState.java:setRaftConf(430)) - 4c10edfb-6769-4396-b189-3c3a2dc734f1@group-A6537FCB2585: set configuration 0: peers:[7a25d7ac-269f-485a-96a1-a3fbc0da93f8|rpc:10.1.0.44:38519|dataStream:10.1.0.44:33389|priority:0|startupRole:FOLLOWER, 9dbc72e3-9cc3-404d-a7a0-986f3a32b37f|rpc:10.1.0.44:39725|dataStream:10.1.0.44:33233|priority:1|startupRole:FOLLOWER, 4c10edfb-6769-4396-b189-3c3a2dc734f1|rpc:10.1.0.44:42105|dataStream:10.1.0.44:42449|priority:0|startupRole:FOLLOWER]|listeners:[], old=null
2023-05-04 21:54:30,764 [4c10edfb-6769-4396-b189-3c3a2dc734f1-server-thread2] INFO  segmented.SegmentedRaftLogWorker (SegmentedRaftLogWorker.java:startLogSegment(452)) - 4c10edfb-6769-4396-b189-3c3a2dc734f1@group-A6537FCB2585-SegmentedRaftLogWorker: Starting segment from index:0
2023-05-04 21:54:30,767 [7a25d7ac-269f-485a-96a1-a3fbc0da93f8-server-thread2] INFO  server.RaftServer$Division (ServerState.java:setRaftConf(430)) - 7a25d7ac-269f-485a-96a1-a3fbc0da93f8@group-A6537FCB2585: set configuration 0: peers:[7a25d7ac-269f-485a-96a1-a3fbc0da93f8|rpc:10.1.0.44:38519|dataStream:10.1.0.44:33389|priority:0|startupRole:FOLLOWER, 9dbc72e3-9cc3-404d-a7a0-986f3a32b37f|rpc:10.1.0.44:39725|dataStream:10.1.0.44:33233|priority:1|startupRole:FOLLOWER, 4c10edfb-6769-4396-b189-3c3a2dc734f1|rpc:10.1.0.44:42105|dataStream:10.1.0.44:42449|priority:0|startupRole:FOLLOWER]|listeners:[], old=null
2023-05-04 21:54:30,769 [7a25d7ac-269f-485a-96a1-a3fbc0da93f8-server-thread2] INFO  segmented.SegmentedRaftLogWorker (SegmentedRaftLogWorker.java:startLogSegment(452)) - 7a25d7ac-269f-485a-96a1-a3fbc0da93f8@group-A6537FCB2585-SegmentedRaftLogWorker: Starting segment from index:0
2023-05-04 21:54:30,773 [4c10edfb-6769-4396-b189-3c3a2dc734f1@group-A6537FCB2585-SegmentedRaftLogWorker] INFO  segmented.SegmentedRaftLogWorker (SegmentedRaftLogWorker.java:execute(656)) - 4c10edfb-6769-4396-b189-3c3a2dc734f1@group-A6537FCB2585-SegmentedRaftLogWorker: created new log segment /home/runner/work/ozone/ozone/hadoop-ozone/integration-test/target/test-dir/MiniOzoneClusterImpl-52a188dd-66b8-45b2-ab7c-675c0ee04825/datanode-8/data/ratis/11aa5225-c395-4869-9ea1-a6537fcb2585/current/log_inprogress_0
2023-05-04 21:54:30,776 [7a25d7ac-269f-485a-96a1-a3fbc0da93f8@group-A6537FCB2585-SegmentedRaftLogWorker] INFO  segmented.SegmentedRaftLogWorker (SegmentedRaftLogWorker.java:execute(656)) - 7a25d7ac-269f-485a-96a1-a3fbc0da93f8@group-A6537FCB2585-SegmentedRaftLogWorker: created new log segment /home/runner/work/ozone/ozone/hadoop-ozone/integration-test/target/test-dir/MiniOzoneClusterImpl-52a188dd-66b8-45b2-ab7c-675c0ee04825/datanode-6/data/ratis/11aa5225-c395-4869-9ea1-a6537fcb2585/current/log_inprogress_0
2023-05-04 21:54:30,797 [9dbc72e3-9cc3-404d-a7a0-986f3a32b37f@group-76FBCC1860E5-FollowerState] INFO  impl.FollowerState (FollowerState.java:run(143)) - 9dbc72e3-9cc3-404d-a7a0-986f3a32b37f@group-76FBCC1860E5-FollowerState: change to CANDIDATE, lastRpcElapsedTime:5139544461ns, electionTimeout:5138ms
2023-05-04 21:54:30,798 [9dbc72e3-9cc3-404d-a7a0-986f3a32b37f@group-76FBCC1860E5-FollowerState] INFO  impl.RoleInfo (RoleInfo.java:shutdownFollowerState(110)) - 9dbc72e3-9cc3-404d-a7a0-986f3a32b37f: shutdown 9dbc72e3-9cc3-404d-a7a0-986f3a32b37f@group-76FBCC1860E5-FollowerState
2023-05-04 21:54:30,798 [9dbc72e3-9cc3-404d-a7a0-986f3a32b37f@group-76FBCC1860E5-FollowerState] INFO  server.RaftServer$Division (RaftServerImpl.java:setRole(321)) - 9dbc72e3-9cc3-404d-a7a0-986f3a32b37f@group-76FBCC1860E5: changes role from  FOLLOWER to CANDIDATE at term 0 for changeToCandidate
2023-05-04 21:54:30,798 [9dbc72e3-9cc3-404d-a7a0-986f3a32b37f@group-76FBCC1860E5-FollowerState] INFO  server.RaftServerConfigKeys (ConfUtils.java:logGet(46)) - raft.server.leaderelection.pre-vote = true (default)
2023-05-04 21:54:30,798 [9dbc72e3-9cc3-404d-a7a0-986f3a32b37f@group-76FBCC1860E5-FollowerState] INFO  impl.RoleInfo (RoleInfo.java:updateAndGet(139)) - 9dbc72e3-9cc3-404d-a7a0-986f3a32b37f: start 9dbc72e3-9cc3-404d-a7a0-986f3a32b37f@group-76FBCC1860E5-LeaderElection19
2023-05-04 21:54:30,816 [9dbc72e3-9cc3-404d-a7a0-986f3a32b37f@group-76FBCC1860E5-LeaderElection19] INFO  impl.LeaderElection (LeaderElection.java:askForVotes(312)) - 9dbc72e3-9cc3-404d-a7a0-986f3a32b37f@group-76FBCC1860E5-LeaderElection19 PRE_VOTE round 0: submit vote requests at term 0 for -1: peers:[9dbc72e3-9cc3-404d-a7a0-986f3a32b37f|rpc:10.1.0.44:39725|dataStream:10.1.0.44:33233|priority:1|startupRole:FOLLOWER]|listeners:[], old=null
2023-05-04 21:54:30,816 [9dbc72e3-9cc3-404d-a7a0-986f3a32b37f@group-76FBCC1860E5-LeaderElection19] INFO  impl.LeaderElection (LeaderElection.java:askForVotes(314)) - 9dbc72e3-9cc3-404d-a7a0-986f3a32b37f@group-76FBCC1860E5-LeaderElection19 PRE_VOTE round 0: result PASSED (term=0)
2023-05-04 21:54:30,818 [9dbc72e3-9cc3-404d-a7a0-986f3a32b37f@group-76FBCC1860E5-LeaderElection19] INFO  impl.LeaderElection (LeaderElection.java:askForVotes(312)) - 9dbc72e3-9cc3-404d-a7a0-986f3a32b37f@group-76FBCC1860E5-LeaderElection19 ELECTION round 0: submit vote requests at term 1 for -1: peers:[9dbc72e3-9cc3-404d-a7a0-986f3a32b37f|rpc:10.1.0.44:39725|dataStream:10.1.0.44:33233|priority:1|startupRole:FOLLOWER]|listeners:[], old=null
2023-05-04 21:54:30,818 [9dbc72e3-9cc3-404d-a7a0-986f3a32b37f@group-76FBCC1860E5-LeaderElection19] INFO  impl.LeaderElection (LeaderElection.java:askForVotes(314)) - 9dbc72e3-9cc3-404d-a7a0-986f3a32b37f@group-76FBCC1860E5-LeaderElection19 ELECTION round 0: result PASSED (term=1)
2023-05-04 21:54:30,818 [9dbc72e3-9cc3-404d-a7a0-986f3a32b37f@group-76FBCC1860E5-LeaderElection19] INFO  impl.RoleInfo (RoleInfo.java:shutdownLeaderElection(130)) - 9dbc72e3-9cc3-404d-a7a0-986f3a32b37f: shutdown 9dbc72e3-9cc3-404d-a7a0-986f3a32b37f@group-76FBCC1860E5-LeaderElection19
2023-05-04 21:54:30,818 [9dbc72e3-9cc3-404d-a7a0-986f3a32b37f@group-76FBCC1860E5-LeaderElection19] INFO  server.RaftServer$Division (RaftServerImpl.java:setRole(321)) - 9dbc72e3-9cc3-404d-a7a0-986f3a32b37f@group-76FBCC1860E5: changes role from CANDIDATE to LEADER at term 1 for changeToLeader
2023-05-04 21:54:30,818 [9dbc72e3-9cc3-404d-a7a0-986f3a32b37f@group-76FBCC1860E5-LeaderElection19] INFO  ratis.XceiverServerRatis (XceiverServerRatis.java:handleLeaderChangedNotification(904)) - Leader change notification received for group: group-76FBCC1860E5 with new leaderId: 9dbc72e3-9cc3-404d-a7a0-986f3a32b37f
2023-05-04 21:54:30,818 [9dbc72e3-9cc3-404d-a7a0-986f3a32b37f@group-76FBCC1860E5-LeaderElection19] INFO  server.RaftServer$Division (ServerState.java:setLeader(313)) - 9dbc72e3-9cc3-404d-a7a0-986f3a32b37f@group-76FBCC1860E5: change Leader from null to 9dbc72e3-9cc3-404d-a7a0-986f3a32b37f at term 1 for becomeLeader, leader elected after 5178ms
2023-05-04 21:54:30,819 [9dbc72e3-9cc3-404d-a7a0-986f3a32b37f@group-76FBCC1860E5-LeaderElection19] INFO  server.RaftServerConfigKeys (ConfUtils.java:logGet(46)) - raft.server.staging.catchup.gap = 1000 (default)
2023-05-04 21:54:30,819 [9dbc72e3-9cc3-404d-a7a0-986f3a32b37f@group-76FBCC1860E5-LeaderElection19] INFO  server.RaftServerConfigKeys (ConfUtils.java:logGet(46)) - raft.server.write.element-limit = 1024 (custom)
2023-05-04 21:54:30,819 [9dbc72e3-9cc3-404d-a7a0-986f3a32b37f@group-76FBCC1860E5-LeaderElection19] INFO  server.RaftServerConfigKeys (ConfUtils.java:logGet(46)) - raft.server.write.byte-limit = 1024 M (=1073741824) (custom)
2023-05-04 21:54:30,819 [9dbc72e3-9cc3-404d-a7a0-986f3a32b37f@group-76FBCC1860E5-LeaderElection19] INFO  server.RaftServerConfigKeys (ConfUtils.java:logGet(46)) - raft.server.watch.timeout = 180s (custom)
2023-05-04 21:54:30,819 [9dbc72e3-9cc3-404d-a7a0-986f3a32b37f@group-76FBCC1860E5-LeaderElection19] INFO  server.RaftServerConfigKeys (ConfUtils.java:logGet(46)) - raft.server.watch.timeout.denomination = 1s (default)
2023-05-04 21:54:30,819 [9dbc72e3-9cc3-404d-a7a0-986f3a32b37f@group-76FBCC1860E5-LeaderElection19] INFO  server.RaftServerConfigKeys (ConfUtils.java:logGet(46)) - raft.server.watch.element-limit = 65536 (default)
2023-05-04 21:54:30,819 [9dbc72e3-9cc3-404d-a7a0-986f3a32b37f@group-76FBCC1860E5-LeaderElection19] INFO  server.RaftServerConfigKeys (ConfUtils.java:logGet(46)) - raft.server.write.element-limit = 1024 (custom)
2023-05-04 21:54:30,819 [9dbc72e3-9cc3-404d-a7a0-986f3a32b37f@group-76FBCC1860E5-LeaderElection19] INFO  server.RaftServerConfigKeys (ConfUtils.java:logGet(46)) - raft.server.write.follower.gap.ratio.max = -1.0 (default)
2023-05-04 21:54:30,820 [9dbc72e3-9cc3-404d-a7a0-986f3a32b37f@group-76FBCC1860E5-LeaderElection19] INFO  impl.RoleInfo (RoleInfo.java:updateAndGet(139)) - 9dbc72e3-9cc3-404d-a7a0-986f3a32b37f: start 9dbc72e3-9cc3-404d-a7a0-986f3a32b37f@group-76FBCC1860E5-LeaderStateImpl
2023-05-04 21:54:30,820 [9dbc72e3-9cc3-404d-a7a0-986f3a32b37f@group-76FBCC1860E5-LeaderElection19] INFO  segmented.SegmentedRaftLogWorker (SegmentedRaftLogWorker.java:startLogSegment(452)) - 9dbc72e3-9cc3-404d-a7a0-986f3a32b37f@group-76FBCC1860E5-SegmentedRaftLogWorker: Starting segment from index:0
2023-05-04 21:54:30,821 [9dbc72e3-9cc3-404d-a7a0-986f3a32b37f@group-76FBCC1860E5-SegmentedRaftLogWorker] INFO  segmented.SegmentedRaftLogWorker (SegmentedRaftLogWorker.java:execute(656)) - 9dbc72e3-9cc3-404d-a7a0-986f3a32b37f@group-76FBCC1860E5-SegmentedRaftLogWorker: created new log segment /home/runner/work/ozone/ozone/hadoop-ozone/integration-test/target/test-dir/MiniOzoneClusterImpl-52a188dd-66b8-45b2-ab7c-675c0ee04825/datanode-7/data/ratis/7bfdeeb3-75fb-4665-9ab1-76fbcc1860e5/current/log_inprogress_0
2023-05-04 21:54:30,827 [9dbc72e3-9cc3-404d-a7a0-986f3a32b37f@group-76FBCC1860E5-LeaderElection19] INFO  server.RaftServer$Division (ServerState.java:setRaftConf(430)) - 9dbc72e3-9cc3-404d-a7a0-986f3a32b37f@group-76FBCC1860E5: set configuration 0: peers:[9dbc72e3-9cc3-404d-a7a0-986f3a32b37f|rpc:10.1.0.44:39725|dataStream:10.1.0.44:33233|priority:1|startupRole:FOLLOWER]|listeners:[], old=null
2023-05-04 21:54:31,156 [4c10edfb-6769-4396-b189-3c3a2dc734f1@group-3B0B24A90C8C-FollowerState] INFO  impl.FollowerState (FollowerState.java:run(143)) - 4c10edfb-6769-4396-b189-3c3a2dc734f1@group-3B0B24A90C8C-FollowerState: change to CANDIDATE, lastRpcElapsedTime:5050300876ns, electionTimeout:5045ms
2023-05-04 21:54:31,156 [4c10edfb-6769-4396-b189-3c3a2dc734f1@group-3B0B24A90C8C-FollowerState] INFO  impl.RoleInfo (RoleInfo.java:shutdownFollowerState(110)) - 4c10edfb-6769-4396-b189-3c3a2dc734f1: shutdown 4c10edfb-6769-4396-b189-3c3a2dc734f1@group-3B0B24A90C8C-FollowerState
2023-05-04 21:54:31,156 [4c10edfb-6769-4396-b189-3c3a2dc734f1@group-3B0B24A90C8C-FollowerState] INFO  server.RaftServer$Division (RaftServerImpl.java:setRole(321)) - 4c10edfb-6769-4396-b189-3c3a2dc734f1@group-3B0B24A90C8C: changes role from  FOLLOWER to CANDIDATE at term 0 for changeToCandidate
2023-05-04 21:54:31,157 [4c10edfb-6769-4396-b189-3c3a2dc734f1@group-3B0B24A90C8C-FollowerState] INFO  server.RaftServerConfigKeys (ConfUtils.java:logGet(46)) - raft.server.leaderelection.pre-vote = true (default)
2023-05-04 21:54:31,157 [4c10edfb-6769-4396-b189-3c3a2dc734f1@group-3B0B24A90C8C-FollowerState] INFO  impl.RoleInfo (RoleInfo.java:updateAndGet(139)) - 4c10edfb-6769-4396-b189-3c3a2dc734f1: start 4c10edfb-6769-4396-b189-3c3a2dc734f1@group-3B0B24A90C8C-LeaderElection20
2023-05-04 21:54:31,160 [4c10edfb-6769-4396-b189-3c3a2dc734f1@group-3B0B24A90C8C-LeaderElection20] INFO  impl.LeaderElection (LeaderElection.java:askForVotes(312)) - 4c10edfb-6769-4396-b189-3c3a2dc734f1@group-3B0B24A90C8C-LeaderElection20 PRE_VOTE round 0: submit vote requests at term 0 for -1: peers:[4c10edfb-6769-4396-b189-3c3a2dc734f1|rpc:10.1.0.44:42105|dataStream:10.1.0.44:42449|priority:1|startupRole:FOLLOWER]|listeners:[], old=null
2023-05-04 21:54:31,160 [4c10edfb-6769-4396-b189-3c3a2dc734f1@group-3B0B24A90C8C-LeaderElection20] INFO  impl.LeaderElection (LeaderElection.java:askForVotes(314)) - 4c10edfb-6769-4396-b189-3c3a2dc734f1@group-3B0B24A90C8C-LeaderElection20 PRE_VOTE round 0: result PASSED (term=0)
2023-05-04 21:54:31,162 [4c10edfb-6769-4396-b189-3c3a2dc734f1@group-3B0B24A90C8C-LeaderElection20] INFO  impl.LeaderElection (LeaderElection.java:askForVotes(312)) - 4c10edfb-6769-4396-b189-3c3a2dc734f1@group-3B0B24A90C8C-LeaderElection20 ELECTION round 0: submit vote requests at term 1 for -1: peers:[4c10edfb-6769-4396-b189-3c3a2dc734f1|rpc:10.1.0.44:42105|dataStream:10.1.0.44:42449|priority:1|startupRole:FOLLOWER]|listeners:[], old=null
2023-05-04 21:54:31,162 [4c10edfb-6769-4396-b189-3c3a2dc734f1@group-3B0B24A90C8C-LeaderElection20] INFO  impl.LeaderElection (LeaderElection.java:askForVotes(314)) - 4c10edfb-6769-4396-b189-3c3a2dc734f1@group-3B0B24A90C8C-LeaderElection20 ELECTION round 0: result PASSED (term=1)
2023-05-04 21:54:31,162 [4c10edfb-6769-4396-b189-3c3a2dc734f1@group-3B0B24A90C8C-LeaderElection20] INFO  impl.RoleInfo (RoleInfo.java:shutdownLeaderElection(130)) - 4c10edfb-6769-4396-b189-3c3a2dc734f1: shutdown 4c10edfb-6769-4396-b189-3c3a2dc734f1@group-3B0B24A90C8C-LeaderElection20
2023-05-04 21:54:31,162 [4c10edfb-6769-4396-b189-3c3a2dc734f1@group-3B0B24A90C8C-LeaderElection20] INFO  server.RaftServer$Division (RaftServerImpl.java:setRole(321)) - 4c10edfb-6769-4396-b189-3c3a2dc734f1@group-3B0B24A90C8C: changes role from CANDIDATE to LEADER at term 1 for changeToLeader
2023-05-04 21:54:31,162 [4c10edfb-6769-4396-b189-3c3a2dc734f1@group-3B0B24A90C8C-LeaderElection20] INFO  ratis.XceiverServerRatis (XceiverServerRatis.java:handleLeaderChangedNotification(904)) - Leader change notification received for group: group-3B0B24A90C8C with new leaderId: 4c10edfb-6769-4396-b189-3c3a2dc734f1
2023-05-04 21:54:31,162 [4c10edfb-6769-4396-b189-3c3a2dc734f1@group-3B0B24A90C8C-LeaderElection20] INFO  server.RaftServer$Division (ServerState.java:setLeader(313)) - 4c10edfb-6769-4396-b189-3c3a2dc734f1@group-3B0B24A90C8C: change Leader from null to 4c10edfb-6769-4396-b189-3c3a2dc734f1 at term 1 for becomeLeader, leader elected after 5082ms
2023-05-04 21:54:31,162 [4c10edfb-6769-4396-b189-3c3a2dc734f1@group-3B0B24A90C8C-LeaderElection20] INFO  server.RaftServerConfigKeys (ConfUtils.java:logGet(46)) - raft.server.staging.catchup.gap = 1000 (default)
2023-05-04 21:54:31,162 [4c10edfb-6769-4396-b189-3c3a2dc734f1@group-3B0B24A90C8C-LeaderElection20] INFO  server.RaftServerConfigKeys (ConfUtils.java:logGet(46)) - raft.server.write.element-limit = 1024 (custom)
2023-05-04 21:54:31,163 [4c10edfb-6769-4396-b189-3c3a2dc734f1@group-3B0B24A90C8C-LeaderElection20] INFO  server.RaftServerConfigKeys (ConfUtils.java:logGet(46)) - raft.server.write.byte-limit = 1024 M (=1073741824) (custom)
2023-05-04 21:54:31,163 [4c10edfb-6769-4396-b189-3c3a2dc734f1@group-3B0B24A90C8C-LeaderElection20] INFO  server.RaftServerConfigKeys (ConfUtils.java:logGet(46)) - raft.server.watch.timeout = 180s (custom)
2023-05-04 21:54:31,163 [4c10edfb-6769-4396-b189-3c3a2dc734f1@group-3B0B24A90C8C-LeaderElection20] INFO  server.RaftServerConfigKeys (ConfUtils.java:logGet(46)) - raft.server.watch.timeout.denomination = 1s (default)
2023-05-04 21:54:31,163 [4c10edfb-6769-4396-b189-3c3a2dc734f1@group-3B0B24A90C8C-LeaderElection20] INFO  server.RaftServerConfigKeys (ConfUtils.java:logGet(46)) - raft.server.watch.element-limit = 65536 (default)
2023-05-04 21:54:31,163 [4c10edfb-6769-4396-b189-3c3a2dc734f1@group-3B0B24A90C8C-LeaderElection20] INFO  server.RaftServerConfigKeys (ConfUtils.java:logGet(46)) - raft.server.write.element-limit = 1024 (custom)
2023-05-04 21:54:31,163 [4c10edfb-6769-4396-b189-3c3a2dc734f1@group-3B0B24A90C8C-LeaderElection20] INFO  server.RaftServerConfigKeys (ConfUtils.java:logGet(46)) - raft.server.write.follower.gap.ratio.max = -1.0 (default)
2023-05-04 21:54:31,163 [4c10edfb-6769-4396-b189-3c3a2dc734f1@group-3B0B24A90C8C-LeaderElection20] INFO  impl.RoleInfo (RoleInfo.java:updateAndGet(139)) - 4c10edfb-6769-4396-b189-3c3a2dc734f1: start 4c10edfb-6769-4396-b189-3c3a2dc734f1@group-3B0B24A90C8C-LeaderStateImpl
2023-05-04 21:54:31,163 [4c10edfb-6769-4396-b189-3c3a2dc734f1@group-3B0B24A90C8C-LeaderElection20] INFO  segmented.SegmentedRaftLogWorker (SegmentedRaftLogWorker.java:startLogSegment(452)) - 4c10edfb-6769-4396-b189-3c3a2dc734f1@group-3B0B24A90C8C-SegmentedRaftLogWorker: Starting segment from index:0
2023-05-04 21:54:31,164 [4c10edfb-6769-4396-b189-3c3a2dc734f1@group-3B0B24A90C8C-LeaderElection20] INFO  server.RaftServer$Division (ServerState.java:setRaftConf(430)) - 4c10edfb-6769-4396-b189-3c3a2dc734f1@group-3B0B24A90C8C: set configuration 0: peers:[4c10edfb-6769-4396-b189-3c3a2dc734f1|rpc:10.1.0.44:42105|dataStream:10.1.0.44:42449|priority:1|startupRole:FOLLOWER]|listeners:[], old=null
2023-05-04 21:54:31,165 [4c10edfb-6769-4396-b189-3c3a2dc734f1@group-3B0B24A90C8C-SegmentedRaftLogWorker] INFO  segmented.SegmentedRaftLogWorker (SegmentedRaftLogWorker.java:execute(656)) - 4c10edfb-6769-4396-b189-3c3a2dc734f1@group-3B0B24A90C8C-SegmentedRaftLogWorker: created new log segment /home/runner/work/ozone/ozone/hadoop-ozone/integration-test/target/test-dir/MiniOzoneClusterImpl-52a188dd-66b8-45b2-ab7c-675c0ee04825/datanode-8/data/ratis/3c03403a-96b1-4d5d-9030-3b0b24a90c8c/current/log_inprogress_0
2023-05-04 21:54:31,572 [d5196681-af95-4a59-85a9-5a8fb94dede6@group-6D73F26769CC-FollowerState] INFO  impl.FollowerState (FollowerState.java:run(143)) - d5196681-af95-4a59-85a9-5a8fb94dede6@group-6D73F26769CC-FollowerState: change to CANDIDATE, lastRpcElapsedTime:5016490335ns, electionTimeout:5015ms
2023-05-04 21:54:31,572 [d5196681-af95-4a59-85a9-5a8fb94dede6@group-6D73F26769CC-FollowerState] INFO  impl.RoleInfo (RoleInfo.java:shutdownFollowerState(110)) - d5196681-af95-4a59-85a9-5a8fb94dede6: shutdown d5196681-af95-4a59-85a9-5a8fb94dede6@group-6D73F26769CC-FollowerState
2023-05-04 21:54:31,572 [d5196681-af95-4a59-85a9-5a8fb94dede6@group-6D73F26769CC-FollowerState] INFO  server.RaftServer$Division (RaftServerImpl.java:setRole(321)) - d5196681-af95-4a59-85a9-5a8fb94dede6@group-6D73F26769CC: changes role from  FOLLOWER to CANDIDATE at term 0 for changeToCandidate
2023-05-04 21:54:31,572 [d5196681-af95-4a59-85a9-5a8fb94dede6@group-6D73F26769CC-FollowerState] INFO  server.RaftServerConfigKeys (ConfUtils.java:logGet(46)) - raft.server.leaderelection.pre-vote = true (default)
2023-05-04 21:54:31,572 [d5196681-af95-4a59-85a9-5a8fb94dede6@group-6D73F26769CC-FollowerState] INFO  impl.RoleInfo (RoleInfo.java:updateAndGet(139)) - d5196681-af95-4a59-85a9-5a8fb94dede6: start d5196681-af95-4a59-85a9-5a8fb94dede6@group-6D73F26769CC-LeaderElection21
2023-05-04 21:54:31,575 [d5196681-af95-4a59-85a9-5a8fb94dede6@group-6D73F26769CC-LeaderElection21] INFO  impl.LeaderElection (LeaderElection.java:askForVotes(312)) - d5196681-af95-4a59-85a9-5a8fb94dede6@group-6D73F26769CC-LeaderElection21 PRE_VOTE round 0: submit vote requests at term 0 for -1: peers:[d5196681-af95-4a59-85a9-5a8fb94dede6|rpc:10.1.0.44:45241|dataStream:10.1.0.44:45055|priority:1|startupRole:FOLLOWER]|listeners:[], old=null
2023-05-04 21:54:31,576 [d5196681-af95-4a59-85a9-5a8fb94dede6@group-6D73F26769CC-LeaderElection21] INFO  impl.LeaderElection (LeaderElection.java:askForVotes(314)) - d5196681-af95-4a59-85a9-5a8fb94dede6@group-6D73F26769CC-LeaderElection21 PRE_VOTE round 0: result PASSED (term=0)
2023-05-04 21:54:31,577 [d5196681-af95-4a59-85a9-5a8fb94dede6@group-6D73F26769CC-LeaderElection21] INFO  impl.LeaderElection (LeaderElection.java:askForVotes(312)) - d5196681-af95-4a59-85a9-5a8fb94dede6@group-6D73F26769CC-LeaderElection21 ELECTION round 0: submit vote requests at term 1 for -1: peers:[d5196681-af95-4a59-85a9-5a8fb94dede6|rpc:10.1.0.44:45241|dataStream:10.1.0.44:45055|priority:1|startupRole:FOLLOWER]|listeners:[], old=null
2023-05-04 21:54:31,577 [d5196681-af95-4a59-85a9-5a8fb94dede6@group-6D73F26769CC-LeaderElection21] INFO  impl.LeaderElection (LeaderElection.java:askForVotes(314)) - d5196681-af95-4a59-85a9-5a8fb94dede6@group-6D73F26769CC-LeaderElection21 ELECTION round 0: result PASSED (term=1)
2023-05-04 21:54:31,577 [d5196681-af95-4a59-85a9-5a8fb94dede6@group-6D73F26769CC-LeaderElection21] INFO  impl.RoleInfo (RoleInfo.java:shutdownLeaderElection(130)) - d5196681-af95-4a59-85a9-5a8fb94dede6: shutdown d5196681-af95-4a59-85a9-5a8fb94dede6@group-6D73F26769CC-LeaderElection21
2023-05-04 21:54:31,577 [d5196681-af95-4a59-85a9-5a8fb94dede6@group-6D73F26769CC-LeaderElection21] INFO  server.RaftServer$Division (RaftServerImpl.java:setRole(321)) - d5196681-af95-4a59-85a9-5a8fb94dede6@group-6D73F26769CC: changes role from CANDIDATE to LEADER at term 1 for changeToLeader
2023-05-04 21:54:31,577 [d5196681-af95-4a59-85a9-5a8fb94dede6@group-6D73F26769CC-LeaderElection21] INFO  ratis.XceiverServerRatis (XceiverServerRatis.java:handleLeaderChangedNotification(904)) - Leader change notification received for group: group-6D73F26769CC with new leaderId: d5196681-af95-4a59-85a9-5a8fb94dede6
2023-05-04 21:54:31,578 [d5196681-af95-4a59-85a9-5a8fb94dede6@group-6D73F26769CC-LeaderElection21] INFO  server.RaftServer$Division (ServerState.java:setLeader(313)) - d5196681-af95-4a59-85a9-5a8fb94dede6@group-6D73F26769CC: change Leader from null to d5196681-af95-4a59-85a9-5a8fb94dede6 at term 1 for becomeLeader, leader elected after 5037ms
2023-05-04 21:54:31,578 [d5196681-af95-4a59-85a9-5a8fb94dede6@group-6D73F26769CC-LeaderElection21] INFO  server.RaftServerConfigKeys (ConfUtils.java:logGet(46)) - raft.server.staging.catchup.gap = 1000 (default)
2023-05-04 21:54:31,579 [d5196681-af95-4a59-85a9-5a8fb94dede6@group-6D73F26769CC-LeaderElection21] INFO  server.RaftServerConfigKeys (ConfUtils.java:logGet(46)) - raft.server.write.element-limit = 1024 (custom)
2023-05-04 21:54:31,580 [d5196681-af95-4a59-85a9-5a8fb94dede6@group-6D73F26769CC-LeaderElection21] INFO  server.RaftServerConfigKeys (ConfUtils.java:logGet(46)) - raft.server.write.byte-limit = 1024 M (=1073741824) (custom)
2023-05-04 21:54:31,580 [d5196681-af95-4a59-85a9-5a8fb94dede6@group-6D73F26769CC-LeaderElection21] INFO  server.RaftServerConfigKeys (ConfUtils.java:logGet(46)) - raft.server.watch.timeout = 180s (custom)
2023-05-04 21:54:31,580 [d5196681-af95-4a59-85a9-5a8fb94dede6@group-6D73F26769CC-LeaderElection21] INFO  server.RaftServerConfigKeys (ConfUtils.java:logGet(46)) - raft.server.watch.timeout.denomination = 1s (default)
2023-05-04 21:54:31,580 [d5196681-af95-4a59-85a9-5a8fb94dede6@group-6D73F26769CC-LeaderElection21] INFO  server.RaftServerConfigKeys (ConfUtils.java:logGet(46)) - raft.server.watch.element-limit = 65536 (default)
2023-05-04 21:54:31,580 [d5196681-af95-4a59-85a9-5a8fb94dede6@group-6D73F26769CC-LeaderElection21] INFO  server.RaftServerConfigKeys (ConfUtils.java:logGet(46)) - raft.server.write.element-limit = 1024 (custom)
2023-05-04 21:54:31,580 [d5196681-af95-4a59-85a9-5a8fb94dede6@group-6D73F26769CC-LeaderElection21] INFO  server.RaftServerConfigKeys (ConfUtils.java:logGet(46)) - raft.server.write.follower.gap.ratio.max = -1.0 (default)
2023-05-04 21:54:31,581 [d5196681-af95-4a59-85a9-5a8fb94dede6@group-6D73F26769CC-LeaderElection21] INFO  impl.RoleInfo (RoleInfo.java:updateAndGet(139)) - d5196681-af95-4a59-85a9-5a8fb94dede6: start d5196681-af95-4a59-85a9-5a8fb94dede6@group-6D73F26769CC-LeaderStateImpl
2023-05-04 21:54:31,581 [d5196681-af95-4a59-85a9-5a8fb94dede6@group-6D73F26769CC-LeaderElection21] INFO  segmented.SegmentedRaftLogWorker (SegmentedRaftLogWorker.java:startLogSegment(452)) - d5196681-af95-4a59-85a9-5a8fb94dede6@group-6D73F26769CC-SegmentedRaftLogWorker: Starting segment from index:0
2023-05-04 21:54:31,582 [d5196681-af95-4a59-85a9-5a8fb94dede6@group-6D73F26769CC-LeaderElection21] INFO  server.RaftServer$Division (ServerState.java:setRaftConf(430)) - d5196681-af95-4a59-85a9-5a8fb94dede6@group-6D73F26769CC: set configuration 0: peers:[d5196681-af95-4a59-85a9-5a8fb94dede6|rpc:10.1.0.44:45241|dataStream:10.1.0.44:45055|priority:1|startupRole:FOLLOWER]|listeners:[], old=null
2023-05-04 21:54:31,582 [d5196681-af95-4a59-85a9-5a8fb94dede6@group-6D73F26769CC-SegmentedRaftLogWorker] INFO  segmented.SegmentedRaftLogWorker (SegmentedRaftLogWorker.java:execute(656)) - d5196681-af95-4a59-85a9-5a8fb94dede6@group-6D73F26769CC-SegmentedRaftLogWorker: created new log segment /home/runner/work/ozone/ozone/hadoop-ozone/integration-test/target/test-dir/MiniOzoneClusterImpl-52a188dd-66b8-45b2-ab7c-675c0ee04825/datanode-9/data/ratis/357354b4-b159-4f9d-b403-6d73f26769cc/current/log_inprogress_0
2023-05-04 21:54:31,775 [d5196681-af95-4a59-85a9-5a8fb94dede6@group-CE2CCFCECAE7-FollowerState] INFO  impl.FollowerState (FollowerState.java:run(143)) - d5196681-af95-4a59-85a9-5a8fb94dede6@group-CE2CCFCECAE7-FollowerState: change to CANDIDATE, lastRpcElapsedTime:5197474619ns, electionTimeout:5194ms
2023-05-04 21:54:31,775 [d5196681-af95-4a59-85a9-5a8fb94dede6@group-CE2CCFCECAE7-FollowerState] INFO  impl.RoleInfo (RoleInfo.java:shutdownFollowerState(110)) - d5196681-af95-4a59-85a9-5a8fb94dede6: shutdown d5196681-af95-4a59-85a9-5a8fb94dede6@group-CE2CCFCECAE7-FollowerState
2023-05-04 21:54:31,776 [d5196681-af95-4a59-85a9-5a8fb94dede6@group-CE2CCFCECAE7-FollowerState] INFO  server.RaftServer$Division (RaftServerImpl.java:setRole(321)) - d5196681-af95-4a59-85a9-5a8fb94dede6@group-CE2CCFCECAE7: changes role from  FOLLOWER to CANDIDATE at term 0 for changeToCandidate
2023-05-04 21:54:31,776 [d5196681-af95-4a59-85a9-5a8fb94dede6@group-CE2CCFCECAE7-FollowerState] INFO  server.RaftServerConfigKeys (ConfUtils.java:logGet(46)) - raft.server.leaderelection.pre-vote = true (default)
2023-05-04 21:54:31,776 [d5196681-af95-4a59-85a9-5a8fb94dede6@group-CE2CCFCECAE7-FollowerState] INFO  impl.RoleInfo (RoleInfo.java:updateAndGet(139)) - d5196681-af95-4a59-85a9-5a8fb94dede6: start d5196681-af95-4a59-85a9-5a8fb94dede6@group-CE2CCFCECAE7-LeaderElection22
2023-05-04 21:54:31,779 [d5196681-af95-4a59-85a9-5a8fb94dede6@group-CE2CCFCECAE7-LeaderElection22] INFO  impl.LeaderElection (LeaderElection.java:askForVotes(312)) - d5196681-af95-4a59-85a9-5a8fb94dede6@group-CE2CCFCECAE7-LeaderElection22 PRE_VOTE round 0: submit vote requests at term 0 for -1: peers:[0362f5ef-3c15-4b85-bfd5-7911b45f7638|rpc:10.1.0.44:45243|dataStream:10.1.0.44:37891|priority:0|startupRole:FOLLOWER, ba9b7234-19ea-40e1-bb60-95fa157c93f0|rpc:10.1.0.44:37815|dataStream:10.1.0.44:46499|priority:1|startupRole:FOLLOWER, d5196681-af95-4a59-85a9-5a8fb94dede6|rpc:10.1.0.44:45241|dataStream:10.1.0.44:45055|priority:0|startupRole:FOLLOWER]|listeners:[], old=null
2023-05-04 21:54:31,780 [d5196681-af95-4a59-85a9-5a8fb94dede6@group-CE2CCFCECAE7-LeaderElection22-1] INFO  server.GrpcServerProtocolClient (GrpcServerProtocolClient.java:<init>(63)) - Build channel for 0362f5ef-3c15-4b85-bfd5-7911b45f7638
2023-05-04 21:54:31,782 [d5196681-af95-4a59-85a9-5a8fb94dede6@group-CE2CCFCECAE7-LeaderElection22] INFO  server.RaftServerConfigKeys (ConfUtils.java:logFallback(53)) - raft.server.rpc.first-election.timeout.min = 5s (fallback to raft.server.rpc.timeout.min)
2023-05-04 21:54:31,782 [d5196681-af95-4a59-85a9-5a8fb94dede6@group-CE2CCFCECAE7-LeaderElection22] INFO  server.RaftServerConfigKeys (ConfUtils.java:logFallback(53)) - raft.server.rpc.first-election.timeout.max = 5200ms (fallback to raft.server.rpc.timeout.max)
2023-05-04 21:54:31,782 [d5196681-af95-4a59-85a9-5a8fb94dede6@group-CE2CCFCECAE7-LeaderElection22-2] INFO  server.GrpcServerProtocolClient (GrpcServerProtocolClient.java:<init>(63)) - Build channel for ba9b7234-19ea-40e1-bb60-95fa157c93f0
2023-05-04 21:54:31,788 [grpc-default-executor-3] INFO  server.RaftServer$Division (RaftServerImpl.java:requestVote(1218)) - 0362f5ef-3c15-4b85-bfd5-7911b45f7638@group-CE2CCFCECAE7: receive requestVote(PRE_VOTE, d5196681-af95-4a59-85a9-5a8fb94dede6, group-CE2CCFCECAE7, 0, (t:0, i:0))
2023-05-04 21:54:31,788 [grpc-default-executor-3] INFO  impl.VoteContext (VoteContext.java:log(49)) - 0362f5ef-3c15-4b85-bfd5-7911b45f7638@group-CE2CCFCECAE7-FOLLOWER: accept PRE_VOTE from d5196681-af95-4a59-85a9-5a8fb94dede6: our priority 0 <= candidate's priority 0
2023-05-04 21:54:31,788 [grpc-default-executor-3] INFO  server.RaftServer$Division (RaftServerImpl.java:requestVote(1251)) - 0362f5ef-3c15-4b85-bfd5-7911b45f7638@group-CE2CCFCECAE7 replies to PRE_VOTE vote request: d5196681-af95-4a59-85a9-5a8fb94dede6<-0362f5ef-3c15-4b85-bfd5-7911b45f7638#0:OK-t0. Peer's state: 0362f5ef-3c15-4b85-bfd5-7911b45f7638@group-CE2CCFCECAE7:t0, leader=null, voted=, raftlog=Memoized:0362f5ef-3c15-4b85-bfd5-7911b45f7638@group-CE2CCFCECAE7-SegmentedRaftLog:OPENED:c-1, conf=-1: peers:[0362f5ef-3c15-4b85-bfd5-7911b45f7638|rpc:10.1.0.44:45243|dataStream:10.1.0.44:37891|priority:0|startupRole:FOLLOWER, ba9b7234-19ea-40e1-bb60-95fa157c93f0|rpc:10.1.0.44:37815|dataStream:10.1.0.44:46499|priority:1|startupRole:FOLLOWER, d5196681-af95-4a59-85a9-5a8fb94dede6|rpc:10.1.0.44:45241|dataStream:10.1.0.44:45055|priority:0|startupRole:FOLLOWER]|listeners:[], old=null
2023-05-04 21:54:31,800 [grpc-default-executor-3] INFO  server.RaftServer$Division (RaftServerImpl.java:requestVote(1218)) - ba9b7234-19ea-40e1-bb60-95fa157c93f0@group-CE2CCFCECAE7: receive requestVote(PRE_VOTE, d5196681-af95-4a59-85a9-5a8fb94dede6, group-CE2CCFCECAE7, 0, (t:0, i:0))
2023-05-04 21:54:31,800 [grpc-default-executor-3] INFO  impl.VoteContext (VoteContext.java:log(49)) - ba9b7234-19ea-40e1-bb60-95fa157c93f0@group-CE2CCFCECAE7-FOLLOWER: reject PRE_VOTE from d5196681-af95-4a59-85a9-5a8fb94dede6: our priority 1 > candidate's priority 0
2023-05-04 21:54:31,801 [grpc-default-executor-3] INFO  server.RaftServer$Division (RaftServerImpl.java:requestVote(1251)) - ba9b7234-19ea-40e1-bb60-95fa157c93f0@group-CE2CCFCECAE7 replies to PRE_VOTE vote request: d5196681-af95-4a59-85a9-5a8fb94dede6<-ba9b7234-19ea-40e1-bb60-95fa157c93f0#0:FAIL-t0. Peer's state: ba9b7234-19ea-40e1-bb60-95fa157c93f0@group-CE2CCFCECAE7:t0, leader=null, voted=, raftlog=Memoized:ba9b7234-19ea-40e1-bb60-95fa157c93f0@group-CE2CCFCECAE7-SegmentedRaftLog:OPENED:c-1, conf=-1: peers:[0362f5ef-3c15-4b85-bfd5-7911b45f7638|rpc:10.1.0.44:45243|dataStream:10.1.0.44:37891|priority:0|startupRole:FOLLOWER, ba9b7234-19ea-40e1-bb60-95fa157c93f0|rpc:10.1.0.44:37815|dataStream:10.1.0.44:46499|priority:1|startupRole:FOLLOWER, d5196681-af95-4a59-85a9-5a8fb94dede6|rpc:10.1.0.44:45241|dataStream:10.1.0.44:45055|priority:0|startupRole:FOLLOWER]|listeners:[], old=null
2023-05-04 21:54:31,802 [d5196681-af95-4a59-85a9-5a8fb94dede6@group-CE2CCFCECAE7-LeaderElection22] INFO  impl.LeaderElection (LeaderElection.java:logAndReturn(90)) - d5196681-af95-4a59-85a9-5a8fb94dede6@group-CE2CCFCECAE7-LeaderElection22: PRE_VOTE REJECTED received 2 response(s) and 0 exception(s):
2023-05-04 21:54:31,802 [d5196681-af95-4a59-85a9-5a8fb94dede6@group-CE2CCFCECAE7-LeaderElection22] INFO  impl.LeaderElection (LeaderElection.java:logAndReturn(94)) -   Response 0: d5196681-af95-4a59-85a9-5a8fb94dede6<-0362f5ef-3c15-4b85-bfd5-7911b45f7638#0:OK-t0
2023-05-04 21:54:31,802 [d5196681-af95-4a59-85a9-5a8fb94dede6@group-CE2CCFCECAE7-LeaderElection22] INFO  impl.LeaderElection (LeaderElection.java:logAndReturn(94)) -   Response 1: d5196681-af95-4a59-85a9-5a8fb94dede6<-ba9b7234-19ea-40e1-bb60-95fa157c93f0#0:FAIL-t0
2023-05-04 21:54:31,802 [d5196681-af95-4a59-85a9-5a8fb94dede6@group-CE2CCFCECAE7-LeaderElection22] INFO  impl.LeaderElection (LeaderElection.java:askForVotes(314)) - d5196681-af95-4a59-85a9-5a8fb94dede6@group-CE2CCFCECAE7-LeaderElection22 PRE_VOTE round 0: result REJECTED
2023-05-04 21:54:31,802 [d5196681-af95-4a59-85a9-5a8fb94dede6@group-CE2CCFCECAE7-LeaderElection22] INFO  server.RaftServer$Division (RaftServerImpl.java:setRole(321)) - d5196681-af95-4a59-85a9-5a8fb94dede6@group-CE2CCFCECAE7: changes role from CANDIDATE to FOLLOWER at term 0 for REJECTED
2023-05-04 21:54:31,803 [d5196681-af95-4a59-85a9-5a8fb94dede6@group-CE2CCFCECAE7-LeaderElection22] INFO  impl.RoleInfo (RoleInfo.java:shutdownLeaderElection(130)) - d5196681-af95-4a59-85a9-5a8fb94dede6: shutdown d5196681-af95-4a59-85a9-5a8fb94dede6@group-CE2CCFCECAE7-LeaderElection22
2023-05-04 21:54:31,803 [d5196681-af95-4a59-85a9-5a8fb94dede6@group-CE2CCFCECAE7-LeaderElection22] INFO  impl.RoleInfo (RoleInfo.java:updateAndGet(139)) - d5196681-af95-4a59-85a9-5a8fb94dede6: start d5196681-af95-4a59-85a9-5a8fb94dede6@group-CE2CCFCECAE7-FollowerState
2023-05-04 21:54:31,803 [d5196681-af95-4a59-85a9-5a8fb94dede6@group-CE2CCFCECAE7-FollowerState] INFO  server.RaftServerConfigKeys (ConfUtils.java:logFallback(53)) - raft.server.rpc.first-election.timeout.min = 5s (fallback to raft.server.rpc.timeout.min)
2023-05-04 21:54:31,803 [d5196681-af95-4a59-85a9-5a8fb94dede6@group-CE2CCFCECAE7-FollowerState] INFO  server.RaftServerConfigKeys (ConfUtils.java:logFallback(53)) - raft.server.rpc.first-election.timeout.max = 5200ms (fallback to raft.server.rpc.timeout.max)
2023-05-04 21:54:32,142 [0362f5ef-3c15-4b85-bfd5-7911b45f7638@group-CE2CCFCECAE7-FollowerState] INFO  server.RaftServerConfigKeys (ConfUtils.java:logFallback(53)) - raft.server.rpc.first-election.timeout.min = 5s (fallback to raft.server.rpc.timeout.min)
2023-05-04 21:54:32,142 [0362f5ef-3c15-4b85-bfd5-7911b45f7638@group-CE2CCFCECAE7-FollowerState] INFO  server.RaftServerConfigKeys (ConfUtils.java:logFallback(53)) - raft.server.rpc.first-election.timeout.max = 5200ms (fallback to raft.server.rpc.timeout.max)
2023-05-04 21:54:32,216 [0362f5ef-3c15-4b85-bfd5-7911b45f7638@group-9AD167B1B2C5-FollowerState] INFO  impl.FollowerState (FollowerState.java:run(143)) - 0362f5ef-3c15-4b85-bfd5-7911b45f7638@group-9AD167B1B2C5-FollowerState: change to CANDIDATE, lastRpcElapsedTime:5039591452ns, electionTimeout:5035ms
2023-05-04 21:54:32,216 [0362f5ef-3c15-4b85-bfd5-7911b45f7638@group-9AD167B1B2C5-FollowerState] INFO  impl.RoleInfo (RoleInfo.java:shutdownFollowerState(110)) - 0362f5ef-3c15-4b85-bfd5-7911b45f7638: shutdown 0362f5ef-3c15-4b85-bfd5-7911b45f7638@group-9AD167B1B2C5-FollowerState
2023-05-04 21:54:32,216 [0362f5ef-3c15-4b85-bfd5-7911b45f7638@group-9AD167B1B2C5-FollowerState] INFO  server.RaftServer$Division (RaftServerImpl.java:setRole(321)) - 0362f5ef-3c15-4b85-bfd5-7911b45f7638@group-9AD167B1B2C5: changes role from  FOLLOWER to CANDIDATE at term 0 for changeToCandidate
2023-05-04 21:54:32,216 [0362f5ef-3c15-4b85-bfd5-7911b45f7638@group-9AD167B1B2C5-FollowerState] INFO  server.RaftServerConfigKeys (ConfUtils.java:logGet(46)) - raft.server.leaderelection.pre-vote = true (default)
2023-05-04 21:54:32,216 [0362f5ef-3c15-4b85-bfd5-7911b45f7638@group-9AD167B1B2C5-FollowerState] INFO  impl.RoleInfo (RoleInfo.java:updateAndGet(139)) - 0362f5ef-3c15-4b85-bfd5-7911b45f7638: start 0362f5ef-3c15-4b85-bfd5-7911b45f7638@group-9AD167B1B2C5-LeaderElection23
2023-05-04 21:54:32,219 [0362f5ef-3c15-4b85-bfd5-7911b45f7638@group-9AD167B1B2C5-LeaderElection23] INFO  impl.LeaderElection (LeaderElection.java:askForVotes(312)) - 0362f5ef-3c15-4b85-bfd5-7911b45f7638@group-9AD167B1B2C5-LeaderElection23 PRE_VOTE round 0: submit vote requests at term 0 for -1: peers:[0362f5ef-3c15-4b85-bfd5-7911b45f7638|rpc:10.1.0.44:45243|dataStream:10.1.0.44:37891|priority:1|startupRole:FOLLOWER]|listeners:[], old=null
2023-05-04 21:54:32,219 [0362f5ef-3c15-4b85-bfd5-7911b45f7638@group-9AD167B1B2C5-LeaderElection23] INFO  impl.LeaderElection (LeaderElection.java:askForVotes(314)) - 0362f5ef-3c15-4b85-bfd5-7911b45f7638@group-9AD167B1B2C5-LeaderElection23 PRE_VOTE round 0: result PASSED (term=0)
2023-05-04 21:54:32,221 [0362f5ef-3c15-4b85-bfd5-7911b45f7638@group-9AD167B1B2C5-LeaderElection23] INFO  impl.LeaderElection (LeaderElection.java:askForVotes(312)) - 0362f5ef-3c15-4b85-bfd5-7911b45f7638@group-9AD167B1B2C5-LeaderElection23 ELECTION round 0: submit vote requests at term 1 for -1: peers:[0362f5ef-3c15-4b85-bfd5-7911b45f7638|rpc:10.1.0.44:45243|dataStream:10.1.0.44:37891|priority:1|startupRole:FOLLOWER]|listeners:[], old=null
2023-05-04 21:54:32,221 [0362f5ef-3c15-4b85-bfd5-7911b45f7638@group-9AD167B1B2C5-LeaderElection23] INFO  impl.LeaderElection (LeaderElection.java:askForVotes(314)) - 0362f5ef-3c15-4b85-bfd5-7911b45f7638@group-9AD167B1B2C5-LeaderElection23 ELECTION round 0: result PASSED (term=1)
2023-05-04 21:54:32,221 [0362f5ef-3c15-4b85-bfd5-7911b45f7638@group-9AD167B1B2C5-LeaderElection23] INFO  impl.RoleInfo (RoleInfo.java:shutdownLeaderElection(130)) - 0362f5ef-3c15-4b85-bfd5-7911b45f7638: shutdown 0362f5ef-3c15-4b85-bfd5-7911b45f7638@group-9AD167B1B2C5-LeaderElection23
2023-05-04 21:54:32,221 [0362f5ef-3c15-4b85-bfd5-7911b45f7638@group-9AD167B1B2C5-LeaderElection23] INFO  server.RaftServer$Division (RaftServerImpl.java:setRole(321)) - 0362f5ef-3c15-4b85-bfd5-7911b45f7638@group-9AD167B1B2C5: changes role from CANDIDATE to LEADER at term 1 for changeToLeader
2023-05-04 21:54:32,221 [0362f5ef-3c15-4b85-bfd5-7911b45f7638@group-9AD167B1B2C5-LeaderElection23] INFO  ratis.XceiverServerRatis (XceiverServerRatis.java:handleLeaderChangedNotification(904)) - Leader change notification received for group: group-9AD167B1B2C5 with new leaderId: 0362f5ef-3c15-4b85-bfd5-7911b45f7638
2023-05-04 21:54:32,221 [0362f5ef-3c15-4b85-bfd5-7911b45f7638@group-9AD167B1B2C5-LeaderElection23] INFO  server.RaftServer$Division (ServerState.java:setLeader(313)) - 0362f5ef-3c15-4b85-bfd5-7911b45f7638@group-9AD167B1B2C5: change Leader from null to 0362f5ef-3c15-4b85-bfd5-7911b45f7638 at term 1 for becomeLeader, leader elected after 5082ms
2023-05-04 21:54:32,221 [0362f5ef-3c15-4b85-bfd5-7911b45f7638@group-9AD167B1B2C5-LeaderElection23] INFO  server.RaftServerConfigKeys (ConfUtils.java:logGet(46)) - raft.server.staging.catchup.gap = 1000 (default)
2023-05-04 21:54:32,223 [0362f5ef-3c15-4b85-bfd5-7911b45f7638@group-9AD167B1B2C5-LeaderElection23] INFO  server.RaftServerConfigKeys (ConfUtils.java:logGet(46)) - raft.server.write.element-limit = 1024 (custom)
2023-05-04 21:54:32,223 [0362f5ef-3c15-4b85-bfd5-7911b45f7638@group-9AD167B1B2C5-LeaderElection23] INFO  server.RaftServerConfigKeys (ConfUtils.java:logGet(46)) - raft.server.write.byte-limit = 1024 M (=1073741824) (custom)
2023-05-04 21:54:32,223 [0362f5ef-3c15-4b85-bfd5-7911b45f7638@group-9AD167B1B2C5-LeaderElection23] INFO  server.RaftServerConfigKeys (ConfUtils.java:logGet(46)) - raft.server.watch.timeout = 180s (custom)
2023-05-04 21:54:32,223 [0362f5ef-3c15-4b85-bfd5-7911b45f7638@group-9AD167B1B2C5-LeaderElection23] INFO  server.RaftServerConfigKeys (ConfUtils.java:logGet(46)) - raft.server.watch.timeout.denomination = 1s (default)
2023-05-04 21:54:32,223 [0362f5ef-3c15-4b85-bfd5-7911b45f7638@group-9AD167B1B2C5-LeaderElection23] INFO  server.RaftServerConfigKeys (ConfUtils.java:logGet(46)) - raft.server.watch.element-limit = 65536 (default)
2023-05-04 21:54:32,223 [0362f5ef-3c15-4b85-bfd5-7911b45f7638@group-9AD167B1B2C5-LeaderElection23] INFO  server.RaftServerConfigKeys (ConfUtils.java:logGet(46)) - raft.server.write.element-limit = 1024 (custom)
2023-05-04 21:54:32,224 [0362f5ef-3c15-4b85-bfd5-7911b45f7638@group-9AD167B1B2C5-LeaderElection23] INFO  server.RaftServerConfigKeys (ConfUtils.java:logGet(46)) - raft.server.write.follower.gap.ratio.max = -1.0 (default)
2023-05-04 21:54:32,224 [0362f5ef-3c15-4b85-bfd5-7911b45f7638@group-9AD167B1B2C5-LeaderElection23] INFO  impl.RoleInfo (RoleInfo.java:updateAndGet(139)) - 0362f5ef-3c15-4b85-bfd5-7911b45f7638: start 0362f5ef-3c15-4b85-bfd5-7911b45f7638@group-9AD167B1B2C5-LeaderStateImpl
2023-05-04 21:54:32,224 [0362f5ef-3c15-4b85-bfd5-7911b45f7638@group-9AD167B1B2C5-LeaderElection23] INFO  segmented.SegmentedRaftLogWorker (SegmentedRaftLogWorker.java:startLogSegment(452)) - 0362f5ef-3c15-4b85-bfd5-7911b45f7638@group-9AD167B1B2C5-SegmentedRaftLogWorker: Starting segment from index:0
2023-05-04 21:54:32,225 [0362f5ef-3c15-4b85-bfd5-7911b45f7638@group-9AD167B1B2C5-LeaderElection23] INFO  server.RaftServer$Division (ServerState.java:setRaftConf(430)) - 0362f5ef-3c15-4b85-bfd5-7911b45f7638@group-9AD167B1B2C5: set configuration 0: peers:[0362f5ef-3c15-4b85-bfd5-7911b45f7638|rpc:10.1.0.44:45243|dataStream:10.1.0.44:37891|priority:1|startupRole:FOLLOWER]|listeners:[], old=null
2023-05-04 21:54:32,225 [0362f5ef-3c15-4b85-bfd5-7911b45f7638@group-9AD167B1B2C5-SegmentedRaftLogWorker] INFO  segmented.SegmentedRaftLogWorker (SegmentedRaftLogWorker.java:execute(656)) - 0362f5ef-3c15-4b85-bfd5-7911b45f7638@group-9AD167B1B2C5-SegmentedRaftLogWorker: created new log segment /home/runner/work/ozone/ozone/hadoop-ozone/integration-test/target/test-dir/MiniOzoneClusterImpl-52a188dd-66b8-45b2-ab7c-675c0ee04825/datanode-10/data/ratis/5e52e487-89a6-44d4-b795-9ad167b1b2c5/current/log_inprogress_0
2023-05-04 21:54:32,306 [d5196681-af95-4a59-85a9-5a8fb94dede6@group-9F854CF4774F-FollowerState] INFO  impl.FollowerState (FollowerState.java:run(143)) - d5196681-af95-4a59-85a9-5a8fb94dede6@group-9F854CF4774F-FollowerState: change to CANDIDATE, lastRpcElapsedTime:5050690053ns, electionTimeout:5047ms
2023-05-04 21:54:32,306 [d5196681-af95-4a59-85a9-5a8fb94dede6@group-9F854CF4774F-FollowerState] INFO  impl.RoleInfo (RoleInfo.java:shutdownFollowerState(110)) - d5196681-af95-4a59-85a9-5a8fb94dede6: shutdown d5196681-af95-4a59-85a9-5a8fb94dede6@group-9F854CF4774F-FollowerState
2023-05-04 21:54:32,306 [d5196681-af95-4a59-85a9-5a8fb94dede6@group-9F854CF4774F-FollowerState] INFO  server.RaftServer$Division (RaftServerImpl.java:setRole(321)) - d5196681-af95-4a59-85a9-5a8fb94dede6@group-9F854CF4774F: changes role from  FOLLOWER to CANDIDATE at term 0 for changeToCandidate
2023-05-04 21:54:32,306 [d5196681-af95-4a59-85a9-5a8fb94dede6@group-9F854CF4774F-FollowerState] INFO  server.RaftServerConfigKeys (ConfUtils.java:logGet(46)) - raft.server.leaderelection.pre-vote = true (default)
2023-05-04 21:54:32,306 [d5196681-af95-4a59-85a9-5a8fb94dede6@group-9F854CF4774F-FollowerState] INFO  impl.RoleInfo (RoleInfo.java:updateAndGet(139)) - d5196681-af95-4a59-85a9-5a8fb94dede6: start d5196681-af95-4a59-85a9-5a8fb94dede6@group-9F854CF4774F-LeaderElection24
2023-05-04 21:54:32,309 [d5196681-af95-4a59-85a9-5a8fb94dede6@group-9F854CF4774F-LeaderElection24] INFO  impl.LeaderElection (LeaderElection.java:askForVotes(312)) - d5196681-af95-4a59-85a9-5a8fb94dede6@group-9F854CF4774F-LeaderElection24 PRE_VOTE round 0: submit vote requests at term 0 for -1: peers:[0362f5ef-3c15-4b85-bfd5-7911b45f7638|rpc:10.1.0.44:45243|dataStream:10.1.0.44:37891|priority:0|startupRole:FOLLOWER, ba9b7234-19ea-40e1-bb60-95fa157c93f0|rpc:10.1.0.44:37815|dataStream:10.1.0.44:46499|priority:0|startupRole:FOLLOWER, d5196681-af95-4a59-85a9-5a8fb94dede6|rpc:10.1.0.44:45241|dataStream:10.1.0.44:45055|priority:1|startupRole:FOLLOWER]|listeners:[], old=null
2023-05-04 21:54:32,310 [d5196681-af95-4a59-85a9-5a8fb94dede6@group-9F854CF4774F-LeaderElection24] INFO  server.RaftServerConfigKeys (ConfUtils.java:logFallback(53)) - raft.server.rpc.first-election.timeout.min = 5s (fallback to raft.server.rpc.timeout.min)
2023-05-04 21:54:32,310 [d5196681-af95-4a59-85a9-5a8fb94dede6@group-9F854CF4774F-LeaderElection24] INFO  server.RaftServerConfigKeys (ConfUtils.java:logFallback(53)) - raft.server.rpc.first-election.timeout.max = 5200ms (fallback to raft.server.rpc.timeout.max)
2023-05-04 21:54:32,312 [grpc-default-executor-3] INFO  server.RaftServer$Division (RaftServerImpl.java:requestVote(1218)) - 0362f5ef-3c15-4b85-bfd5-7911b45f7638@group-9F854CF4774F: receive requestVote(PRE_VOTE, d5196681-af95-4a59-85a9-5a8fb94dede6, group-9F854CF4774F, 0, (t:0, i:0))
2023-05-04 21:54:32,312 [grpc-default-executor-3] INFO  impl.VoteContext (VoteContext.java:log(49)) - 0362f5ef-3c15-4b85-bfd5-7911b45f7638@group-9F854CF4774F-FOLLOWER: accept PRE_VOTE from d5196681-af95-4a59-85a9-5a8fb94dede6: our priority 0 <= candidate's priority 1
2023-05-04 21:54:32,312 [grpc-default-executor-3] INFO  server.RaftServer$Division (RaftServerImpl.java:requestVote(1251)) - 0362f5ef-3c15-4b85-bfd5-7911b45f7638@group-9F854CF4774F replies to PRE_VOTE vote request: d5196681-af95-4a59-85a9-5a8fb94dede6<-0362f5ef-3c15-4b85-bfd5-7911b45f7638#0:OK-t0. Peer's state: 0362f5ef-3c15-4b85-bfd5-7911b45f7638@group-9F854CF4774F:t0, leader=null, voted=, raftlog=Memoized:0362f5ef-3c15-4b85-bfd5-7911b45f7638@group-9F854CF4774F-SegmentedRaftLog:OPENED:c-1, conf=-1: peers:[0362f5ef-3c15-4b85-bfd5-7911b45f7638|rpc:10.1.0.44:45243|dataStream:10.1.0.44:37891|priority:0|startupRole:FOLLOWER, ba9b7234-19ea-40e1-bb60-95fa157c93f0|rpc:10.1.0.44:37815|dataStream:10.1.0.44:46499|priority:0|startupRole:FOLLOWER, d5196681-af95-4a59-85a9-5a8fb94dede6|rpc:10.1.0.44:45241|dataStream:10.1.0.44:45055|priority:1|startupRole:FOLLOWER]|listeners:[], old=null
2023-05-04 21:54:32,315 [grpc-default-executor-3] INFO  server.RaftServer$Division (RaftServerImpl.java:requestVote(1218)) - ba9b7234-19ea-40e1-bb60-95fa157c93f0@group-9F854CF4774F: receive requestVote(PRE_VOTE, d5196681-af95-4a59-85a9-5a8fb94dede6, group-9F854CF4774F, 0, (t:0, i:0))
2023-05-04 21:54:32,315 [grpc-default-executor-3] INFO  impl.VoteContext (VoteContext.java:log(49)) - ba9b7234-19ea-40e1-bb60-95fa157c93f0@group-9F854CF4774F-FOLLOWER: accept PRE_VOTE from d5196681-af95-4a59-85a9-5a8fb94dede6: our priority 0 <= candidate's priority 1
2023-05-04 21:54:32,315 [grpc-default-executor-3] INFO  server.RaftServer$Division (RaftServerImpl.java:requestVote(1251)) - ba9b7234-19ea-40e1-bb60-95fa157c93f0@group-9F854CF4774F replies to PRE_VOTE vote request: d5196681-af95-4a59-85a9-5a8fb94dede6<-ba9b7234-19ea-40e1-bb60-95fa157c93f0#0:OK-t0. Peer's state: ba9b7234-19ea-40e1-bb60-95fa157c93f0@group-9F854CF4774F:t0, leader=null, voted=, raftlog=Memoized:ba9b7234-19ea-40e1-bb60-95fa157c93f0@group-9F854CF4774F-SegmentedRaftLog:OPENED:c-1, conf=-1: peers:[0362f5ef-3c15-4b85-bfd5-7911b45f7638|rpc:10.1.0.44:45243|dataStream:10.1.0.44:37891|priority:0|startupRole:FOLLOWER, ba9b7234-19ea-40e1-bb60-95fa157c93f0|rpc:10.1.0.44:37815|dataStream:10.1.0.44:46499|priority:0|startupRole:FOLLOWER, d5196681-af95-4a59-85a9-5a8fb94dede6|rpc:10.1.0.44:45241|dataStream:10.1.0.44:45055|priority:1|startupRole:FOLLOWER]|listeners:[], old=null
2023-05-04 21:54:32,315 [d5196681-af95-4a59-85a9-5a8fb94dede6@group-9F854CF4774F-LeaderElection24] INFO  impl.LeaderElection (LeaderElection.java:logAndReturn(90)) - d5196681-af95-4a59-85a9-5a8fb94dede6@group-9F854CF4774F-LeaderElection24: PRE_VOTE PASSED received 1 response(s) and 0 exception(s):
2023-05-04 21:54:32,315 [d5196681-af95-4a59-85a9-5a8fb94dede6@group-9F854CF4774F-LeaderElection24] INFO  impl.LeaderElection (LeaderElection.java:logAndReturn(94)) -   Response 0: d5196681-af95-4a59-85a9-5a8fb94dede6<-0362f5ef-3c15-4b85-bfd5-7911b45f7638#0:OK-t0
2023-05-04 21:54:32,315 [d5196681-af95-4a59-85a9-5a8fb94dede6@group-9F854CF4774F-LeaderElection24] INFO  impl.LeaderElection (LeaderElection.java:askForVotes(314)) - d5196681-af95-4a59-85a9-5a8fb94dede6@group-9F854CF4774F-LeaderElection24 PRE_VOTE round 0: result PASSED
2023-05-04 21:54:32,317 [d5196681-af95-4a59-85a9-5a8fb94dede6@group-9F854CF4774F-LeaderElection24] INFO  impl.LeaderElection (LeaderElection.java:askForVotes(312)) - d5196681-af95-4a59-85a9-5a8fb94dede6@group-9F854CF4774F-LeaderElection24 ELECTION round 0: submit vote requests at term 1 for -1: peers:[0362f5ef-3c15-4b85-bfd5-7911b45f7638|rpc:10.1.0.44:45243|dataStream:10.1.0.44:37891|priority:0|startupRole:FOLLOWER, ba9b7234-19ea-40e1-bb60-95fa157c93f0|rpc:10.1.0.44:37815|dataStream:10.1.0.44:46499|priority:0|startupRole:FOLLOWER, d5196681-af95-4a59-85a9-5a8fb94dede6|rpc:10.1.0.44:45241|dataStream:10.1.0.44:45055|priority:1|startupRole:FOLLOWER]|listeners:[], old=null
2023-05-04 21:54:32,317 [d5196681-af95-4a59-85a9-5a8fb94dede6@group-9F854CF4774F-LeaderElection24] INFO  server.RaftServerConfigKeys (ConfUtils.java:logFallback(53)) - raft.server.rpc.first-election.timeout.min = 5s (fallback to raft.server.rpc.timeout.min)
2023-05-04 21:54:32,317 [d5196681-af95-4a59-85a9-5a8fb94dede6@group-9F854CF4774F-LeaderElection24] INFO  server.RaftServerConfigKeys (ConfUtils.java:logFallback(53)) - raft.server.rpc.first-election.timeout.max = 5200ms (fallback to raft.server.rpc.timeout.max)
2023-05-04 21:54:32,318 [grpc-default-executor-3] INFO  server.RaftServer$Division (RaftServerImpl.java:requestVote(1218)) - 0362f5ef-3c15-4b85-bfd5-7911b45f7638@group-9F854CF4774F: receive requestVote(ELECTION, d5196681-af95-4a59-85a9-5a8fb94dede6, group-9F854CF4774F, 1, (t:0, i:0))
2023-05-04 21:54:32,319 [grpc-default-executor-3] INFO  impl.VoteContext (VoteContext.java:log(49)) - 0362f5ef-3c15-4b85-bfd5-7911b45f7638@group-9F854CF4774F-FOLLOWER: accept ELECTION from d5196681-af95-4a59-85a9-5a8fb94dede6: our priority 0 <= candidate's priority 1
2023-05-04 21:54:32,319 [grpc-default-executor-3] INFO  server.RaftServer$Division (RaftServerImpl.java:setRole(321)) - 0362f5ef-3c15-4b85-bfd5-7911b45f7638@group-9F854CF4774F: changes role from  FOLLOWER to FOLLOWER at term 1 for candidate:d5196681-af95-4a59-85a9-5a8fb94dede6
2023-05-04 21:54:32,319 [grpc-default-executor-3] INFO  impl.RoleInfo (RoleInfo.java:shutdownFollowerState(110)) - 0362f5ef-3c15-4b85-bfd5-7911b45f7638: shutdown 0362f5ef-3c15-4b85-bfd5-7911b45f7638@group-9F854CF4774F-FollowerState
2023-05-04 21:54:32,319 [grpc-default-executor-3] INFO  impl.RoleInfo (RoleInfo.java:updateAndGet(139)) - 0362f5ef-3c15-4b85-bfd5-7911b45f7638: start 0362f5ef-3c15-4b85-bfd5-7911b45f7638@group-9F854CF4774F-FollowerState
2023-05-04 21:54:32,319 [0362f5ef-3c15-4b85-bfd5-7911b45f7638@group-9F854CF4774F-FollowerState] INFO  impl.FollowerState (FollowerState.java:run(152)) - 0362f5ef-3c15-4b85-bfd5-7911b45f7638@group-9F854CF4774F-FollowerState was interrupted
2023-05-04 21:54:32,319 [grpc-default-executor-5] INFO  server.RaftServer$Division (RaftServerImpl.java:requestVote(1218)) - ba9b7234-19ea-40e1-bb60-95fa157c93f0@group-9F854CF4774F: receive requestVote(ELECTION, d5196681-af95-4a59-85a9-5a8fb94dede6, group-9F854CF4774F, 1, (t:0, i:0))
2023-05-04 21:54:32,323 [grpc-default-executor-5] INFO  impl.VoteContext (VoteContext.java:log(49)) - ba9b7234-19ea-40e1-bb60-95fa157c93f0@group-9F854CF4774F-FOLLOWER: accept ELECTION from d5196681-af95-4a59-85a9-5a8fb94dede6: our priority 0 <= candidate's priority 1
2023-05-04 21:54:32,323 [grpc-default-executor-5] INFO  server.RaftServer$Division (RaftServerImpl.java:setRole(321)) - ba9b7234-19ea-40e1-bb60-95fa157c93f0@group-9F854CF4774F: changes role from  FOLLOWER to FOLLOWER at term 1 for candidate:d5196681-af95-4a59-85a9-5a8fb94dede6
2023-05-04 21:54:32,323 [grpc-default-executor-5] INFO  impl.RoleInfo (RoleInfo.java:shutdownFollowerState(110)) - ba9b7234-19ea-40e1-bb60-95fa157c93f0: shutdown ba9b7234-19ea-40e1-bb60-95fa157c93f0@group-9F854CF4774F-FollowerState
2023-05-04 21:54:32,323 [grpc-default-executor-5] INFO  impl.RoleInfo (RoleInfo.java:updateAndGet(139)) - ba9b7234-19ea-40e1-bb60-95fa157c93f0: start ba9b7234-19ea-40e1-bb60-95fa157c93f0@group-9F854CF4774F-FollowerState
2023-05-04 21:54:32,324 [ba9b7234-19ea-40e1-bb60-95fa157c93f0@group-9F854CF4774F-FollowerState] INFO  impl.FollowerState (FollowerState.java:run(152)) - ba9b7234-19ea-40e1-bb60-95fa157c93f0@group-9F854CF4774F-FollowerState was interrupted
2023-05-04 21:54:32,324 [ba9b7234-19ea-40e1-bb60-95fa157c93f0@group-9F854CF4774F-FollowerState] INFO  server.RaftServerConfigKeys (ConfUtils.java:logFallback(53)) - raft.server.rpc.first-election.timeout.min = 5s (fallback to raft.server.rpc.timeout.min)
2023-05-04 21:54:32,324 [0362f5ef-3c15-4b85-bfd5-7911b45f7638@group-9F854CF4774F-FollowerState] INFO  server.RaftServerConfigKeys (ConfUtils.java:logFallback(53)) - raft.server.rpc.first-election.timeout.min = 5s (fallback to raft.server.rpc.timeout.min)
2023-05-04 21:54:32,324 [ba9b7234-19ea-40e1-bb60-95fa157c93f0@group-9F854CF4774F-FollowerState] INFO  server.RaftServerConfigKeys (ConfUtils.java:logFallback(53)) - raft.server.rpc.first-election.timeout.max = 5200ms (fallback to raft.server.rpc.timeout.max)
2023-05-04 21:54:32,324 [0362f5ef-3c15-4b85-bfd5-7911b45f7638@group-9F854CF4774F-FollowerState] INFO  server.RaftServerConfigKeys (ConfUtils.java:logFallback(53)) - raft.server.rpc.first-election.timeout.max = 5200ms (fallback to raft.server.rpc.timeout.max)
2023-05-04 21:54:32,325 [grpc-default-executor-5] INFO  server.RaftServer$Division (RaftServerImpl.java:requestVote(1251)) - ba9b7234-19ea-40e1-bb60-95fa157c93f0@group-9F854CF4774F replies to ELECTION vote request: d5196681-af95-4a59-85a9-5a8fb94dede6<-ba9b7234-19ea-40e1-bb60-95fa157c93f0#0:OK-t1. Peer's state: ba9b7234-19ea-40e1-bb60-95fa157c93f0@group-9F854CF4774F:t1, leader=null, voted=d5196681-af95-4a59-85a9-5a8fb94dede6, raftlog=Memoized:ba9b7234-19ea-40e1-bb60-95fa157c93f0@group-9F854CF4774F-SegmentedRaftLog:OPENED:c-1, conf=-1: peers:[0362f5ef-3c15-4b85-bfd5-7911b45f7638|rpc:10.1.0.44:45243|dataStream:10.1.0.44:37891|priority:0|startupRole:FOLLOWER, ba9b7234-19ea-40e1-bb60-95fa157c93f0|rpc:10.1.0.44:37815|dataStream:10.1.0.44:46499|priority:0|startupRole:FOLLOWER, d5196681-af95-4a59-85a9-5a8fb94dede6|rpc:10.1.0.44:45241|dataStream:10.1.0.44:45055|priority:1|startupRole:FOLLOWER]|listeners:[], old=null
2023-05-04 21:54:32,325 [grpc-default-executor-3] INFO  server.RaftServer$Division (RaftServerImpl.java:requestVote(1251)) - 0362f5ef-3c15-4b85-bfd5-7911b45f7638@group-9F854CF4774F replies to ELECTION vote request: d5196681-af95-4a59-85a9-5a8fb94dede6<-0362f5ef-3c15-4b85-bfd5-7911b45f7638#0:OK-t1. Peer's state: 0362f5ef-3c15-4b85-bfd5-7911b45f7638@group-9F854CF4774F:t1, leader=null, voted=d5196681-af95-4a59-85a9-5a8fb94dede6, raftlog=Memoized:0362f5ef-3c15-4b85-bfd5-7911b45f7638@group-9F854CF4774F-SegmentedRaftLog:OPENED:c-1, conf=-1: peers:[0362f5ef-3c15-4b85-bfd5-7911b45f7638|rpc:10.1.0.44:45243|dataStream:10.1.0.44:37891|priority:0|startupRole:FOLLOWER, ba9b7234-19ea-40e1-bb60-95fa157c93f0|rpc:10.1.0.44:37815|dataStream:10.1.0.44:46499|priority:0|startupRole:FOLLOWER, d5196681-af95-4a59-85a9-5a8fb94dede6|rpc:10.1.0.44:45241|dataStream:10.1.0.44:45055|priority:1|startupRole:FOLLOWER]|listeners:[], old=null
2023-05-04 21:54:32,326 [d5196681-af95-4a59-85a9-5a8fb94dede6@group-9F854CF4774F-LeaderElection24] INFO  impl.LeaderElection (LeaderElection.java:logAndReturn(90)) - d5196681-af95-4a59-85a9-5a8fb94dede6@group-9F854CF4774F-LeaderElection24: ELECTION PASSED received 1 response(s) and 0 exception(s):
2023-05-04 21:54:32,326 [d5196681-af95-4a59-85a9-5a8fb94dede6@group-9F854CF4774F-LeaderElection24] INFO  impl.LeaderElection (LeaderElection.java:logAndReturn(94)) -   Response 0: d5196681-af95-4a59-85a9-5a8fb94dede6<-ba9b7234-19ea-40e1-bb60-95fa157c93f0#0:OK-t1
2023-05-04 21:54:32,326 [d5196681-af95-4a59-85a9-5a8fb94dede6@group-9F854CF4774F-LeaderElection24] INFO  impl.LeaderElection (LeaderElection.java:askForVotes(314)) - d5196681-af95-4a59-85a9-5a8fb94dede6@group-9F854CF4774F-LeaderElection24 ELECTION round 0: result PASSED
2023-05-04 21:54:32,326 [d5196681-af95-4a59-85a9-5a8fb94dede6@group-9F854CF4774F-LeaderElection24] INFO  impl.RoleInfo (RoleInfo.java:shutdownLeaderElection(130)) - d5196681-af95-4a59-85a9-5a8fb94dede6: shutdown d5196681-af95-4a59-85a9-5a8fb94dede6@group-9F854CF4774F-LeaderElection24
2023-05-04 21:54:32,326 [d5196681-af95-4a59-85a9-5a8fb94dede6@group-9F854CF4774F-LeaderElection24] INFO  server.RaftServer$Division (RaftServerImpl.java:setRole(321)) - d5196681-af95-4a59-85a9-5a8fb94dede6@group-9F854CF4774F: changes role from CANDIDATE to LEADER at term 1 for changeToLeader
2023-05-04 21:54:32,326 [d5196681-af95-4a59-85a9-5a8fb94dede6@group-9F854CF4774F-LeaderElection24] INFO  ratis.XceiverServerRatis (XceiverServerRatis.java:handleLeaderChangedNotification(904)) - Leader change notification received for group: group-9F854CF4774F with new leaderId: d5196681-af95-4a59-85a9-5a8fb94dede6
2023-05-04 21:54:32,327 [d5196681-af95-4a59-85a9-5a8fb94dede6@group-9F854CF4774F-LeaderElection24] INFO  server.RaftServer$Division (ServerState.java:setLeader(313)) - d5196681-af95-4a59-85a9-5a8fb94dede6@group-9F854CF4774F: change Leader from null to d5196681-af95-4a59-85a9-5a8fb94dede6 at term 1 for becomeLeader, leader elected after 5089ms
2023-05-04 21:54:32,327 [d5196681-af95-4a59-85a9-5a8fb94dede6@group-9F854CF4774F-LeaderElection24] INFO  server.RaftServerConfigKeys (ConfUtils.java:logGet(46)) - raft.server.staging.catchup.gap = 1000 (default)
2023-05-04 21:54:32,327 [d5196681-af95-4a59-85a9-5a8fb94dede6@group-9F854CF4774F-LeaderElection24] INFO  server.RaftServerConfigKeys (ConfUtils.java:logGet(46)) - raft.server.write.element-limit = 1024 (custom)
2023-05-04 21:54:32,327 [d5196681-af95-4a59-85a9-5a8fb94dede6@group-9F854CF4774F-LeaderElection24] INFO  server.RaftServerConfigKeys (ConfUtils.java:logGet(46)) - raft.server.write.byte-limit = 1024 M (=1073741824) (custom)
2023-05-04 21:54:32,327 [d5196681-af95-4a59-85a9-5a8fb94dede6@group-9F854CF4774F-LeaderElection24] INFO  server.RaftServerConfigKeys (ConfUtils.java:logGet(46)) - raft.server.watch.timeout = 180s (custom)
2023-05-04 21:54:32,327 [d5196681-af95-4a59-85a9-5a8fb94dede6@group-9F854CF4774F-LeaderElection24] INFO  server.RaftServerConfigKeys (ConfUtils.java:logGet(46)) - raft.server.watch.timeout.denomination = 1s (default)
2023-05-04 21:54:32,327 [d5196681-af95-4a59-85a9-5a8fb94dede6@group-9F854CF4774F-LeaderElection24] INFO  server.RaftServerConfigKeys (ConfUtils.java:logGet(46)) - raft.server.watch.element-limit = 65536 (default)
2023-05-04 21:54:32,327 [d5196681-af95-4a59-85a9-5a8fb94dede6@group-9F854CF4774F-LeaderElection24] INFO  server.RaftServerConfigKeys (ConfUtils.java:logGet(46)) - raft.server.write.element-limit = 1024 (custom)
2023-05-04 21:54:32,327 [d5196681-af95-4a59-85a9-5a8fb94dede6@group-9F854CF4774F-LeaderElection24] INFO  server.RaftServerConfigKeys (ConfUtils.java:logGet(46)) - raft.server.write.follower.gap.ratio.max = -1.0 (default)
2023-05-04 21:54:32,328 [d5196681-af95-4a59-85a9-5a8fb94dede6@group-9F854CF4774F-LeaderElection24] INFO  server.RaftServerConfigKeys (ConfUtils.java:logGet(46)) - raft.server.log.appender.snapshot.chunk.size.max = 16MB (=16777216) (default)
2023-05-04 21:54:32,328 [d5196681-af95-4a59-85a9-5a8fb94dede6@group-9F854CF4774F-LeaderElection24] INFO  server.RaftServerConfigKeys (ConfUtils.java:logGet(46)) - raft.server.log.appender.buffer.byte-limit = 33554432 (custom)
2023-05-04 21:54:32,328 [d5196681-af95-4a59-85a9-5a8fb94dede6@group-9F854CF4774F-LeaderElection24] INFO  server.RaftServerConfigKeys (ConfUtils.java:logGet(46)) - raft.server.log.appender.buffer.element-limit = 1 (custom)
2023-05-04 21:54:32,328 [d5196681-af95-4a59-85a9-5a8fb94dede6@group-9F854CF4774F-LeaderElection24] INFO  grpc.GrpcConfigKeys (ConfUtils.java:logGet(46)) - raft.grpc.server.leader.outstanding.appends.max = 128 (default)
2023-05-04 21:54:32,328 [d5196681-af95-4a59-85a9-5a8fb94dede6@group-9F854CF4774F-LeaderElection24] INFO  server.RaftServerConfigKeys (ConfUtils.java:logGet(46)) - raft.server.rpc.request.timeout = 60s (custom)
2023-05-04 21:54:32,328 [d5196681-af95-4a59-85a9-5a8fb94dede6@group-9F854CF4774F-LeaderElection24] INFO  server.RaftServerConfigKeys (ConfUtils.java:logGet(46)) - raft.server.log.appender.install.snapshot.enabled = false (custom)
2023-05-04 21:54:32,328 [d5196681-af95-4a59-85a9-5a8fb94dede6@group-9F854CF4774F-LeaderElection24] INFO  grpc.GrpcConfigKeys (ConfUtils.java:logGet(46)) - raft.grpc.server.heartbeat.channel = true (default)
2023-05-04 21:54:32,328 [d5196681-af95-4a59-85a9-5a8fb94dede6@group-9F854CF4774F-LeaderElection24] INFO  server.RaftServerConfigKeys (ConfUtils.java:logGet(46)) - raft.server.log.appender.wait-time.min = 10ms (default)
2023-05-04 21:54:32,329 [EventQueue-PipelineReportForPipelineReportHandler] INFO  pipeline.PipelineManagerImpl (PipelineManagerImpl.java:openPipeline(367)) - Pipeline Pipeline[ Id: 7293fd01-d28b-4e50-8824-9f854cf4774f, Nodes: d5196681-af95-4a59-85a9-5a8fb94dede6(fv-az133-721.yhipumr4050edinzmvad0xeera.cx.internal.cloudapp.net/10.1.0.44)ba9b7234-19ea-40e1-bb60-95fa157c93f0(fv-az133-721.yhipumr4050edinzmvad0xeera.cx.internal.cloudapp.net/10.1.0.44)0362f5ef-3c15-4b85-bfd5-7911b45f7638(fv-az133-721.yhipumr4050edinzmvad0xeera.cx.internal.cloudapp.net/10.1.0.44), ReplicationConfig: RATIS/THREE, State:ALLOCATED, leaderId:d5196681-af95-4a59-85a9-5a8fb94dede6, CreationTimestamp2023-05-04T21:54:24.803Z[Etc/UTC]] moved to OPEN state
2023-05-04 21:54:32,329 [d5196681-af95-4a59-85a9-5a8fb94dede6@group-9F854CF4774F-LeaderElection24] INFO  server.RaftServerConfigKeys (ConfUtils.java:logGet(46)) - raft.server.log.appender.snapshot.chunk.size.max = 16MB (=16777216) (default)
2023-05-04 21:54:32,329 [d5196681-af95-4a59-85a9-5a8fb94dede6@group-9F854CF4774F-LeaderElection24] INFO  server.RaftServerConfigKeys (ConfUtils.java:logGet(46)) - raft.server.log.appender.buffer.byte-limit = 33554432 (custom)
2023-05-04 21:54:32,329 [d5196681-af95-4a59-85a9-5a8fb94dede6@group-9F854CF4774F-LeaderElection24] INFO  server.RaftServerConfigKeys (ConfUtils.java:logGet(46)) - raft.server.log.appender.buffer.element-limit = 1 (custom)
2023-05-04 21:54:32,329 [d5196681-af95-4a59-85a9-5a8fb94dede6@group-9F854CF4774F-LeaderElection24] INFO  grpc.GrpcConfigKeys (ConfUtils.java:logGet(46)) - raft.grpc.server.leader.outstanding.appends.max = 128 (default)
2023-05-04 21:54:32,329 [d5196681-af95-4a59-85a9-5a8fb94dede6@group-9F854CF4774F-LeaderElection24] INFO  server.RaftServerConfigKeys (ConfUtils.java:logGet(46)) - raft.server.rpc.request.timeout = 60s (custom)
2023-05-04 21:54:32,329 [d5196681-af95-4a59-85a9-5a8fb94dede6@group-9F854CF4774F-LeaderElection24] INFO  server.RaftServerConfigKeys (ConfUtils.java:logGet(46)) - raft.server.log.appender.install.snapshot.enabled = false (custom)
2023-05-04 21:54:32,330 [d5196681-af95-4a59-85a9-5a8fb94dede6@group-9F854CF4774F-LeaderElection24] INFO  grpc.GrpcConfigKeys (ConfUtils.java:logGet(46)) - raft.grpc.server.heartbeat.channel = true (default)
2023-05-04 21:54:32,330 [d5196681-af95-4a59-85a9-5a8fb94dede6@group-9F854CF4774F-LeaderElection24] INFO  server.RaftServerConfigKeys (ConfUtils.java:logGet(46)) - raft.server.log.appender.wait-time.min = 10ms (default)
2023-05-04 21:54:32,330 [d5196681-af95-4a59-85a9-5a8fb94dede6@group-9F854CF4774F-LeaderElection24] INFO  impl.RoleInfo (RoleInfo.java:updateAndGet(139)) - d5196681-af95-4a59-85a9-5a8fb94dede6: start d5196681-af95-4a59-85a9-5a8fb94dede6@group-9F854CF4774F-LeaderStateImpl
2023-05-04 21:54:32,330 [d5196681-af95-4a59-85a9-5a8fb94dede6@group-9F854CF4774F-LeaderElection24] INFO  segmented.SegmentedRaftLogWorker (SegmentedRaftLogWorker.java:startLogSegment(452)) - d5196681-af95-4a59-85a9-5a8fb94dede6@group-9F854CF4774F-SegmentedRaftLogWorker: Starting segment from index:0
2023-05-04 21:54:32,332 [d5196681-af95-4a59-85a9-5a8fb94dede6@group-9F854CF4774F-SegmentedRaftLogWorker] INFO  segmented.SegmentedRaftLogWorker (SegmentedRaftLogWorker.java:execute(656)) - d5196681-af95-4a59-85a9-5a8fb94dede6@group-9F854CF4774F-SegmentedRaftLogWorker: created new log segment /home/runner/work/ozone/ozone/hadoop-ozone/integration-test/target/test-dir/MiniOzoneClusterImpl-52a188dd-66b8-45b2-ab7c-675c0ee04825/datanode-9/data/ratis/7293fd01-d28b-4e50-8824-9f854cf4774f/current/log_inprogress_0
2023-05-04 21:54:32,341 [d5196681-af95-4a59-85a9-5a8fb94dede6@group-9F854CF4774F-LeaderElection24] INFO  server.RaftServer$Division (ServerState.java:setRaftConf(430)) - d5196681-af95-4a59-85a9-5a8fb94dede6@group-9F854CF4774F: set configuration 0: peers:[0362f5ef-3c15-4b85-bfd5-7911b45f7638|rpc:10.1.0.44:45243|dataStream:10.1.0.44:37891|priority:0|startupRole:FOLLOWER, ba9b7234-19ea-40e1-bb60-95fa157c93f0|rpc:10.1.0.44:37815|dataStream:10.1.0.44:46499|priority:0|startupRole:FOLLOWER, d5196681-af95-4a59-85a9-5a8fb94dede6|rpc:10.1.0.44:45241|dataStream:10.1.0.44:45055|priority:1|startupRole:FOLLOWER]|listeners:[], old=null
2023-05-04 21:54:32,344 [0362f5ef-3c15-4b85-bfd5-7911b45f7638-server-thread1] INFO  ratis.XceiverServerRatis (XceiverServerRatis.java:handleLeaderChangedNotification(904)) - Leader change notification received for group: group-9F854CF4774F with new leaderId: d5196681-af95-4a59-85a9-5a8fb94dede6
2023-05-04 21:54:32,344 [0362f5ef-3c15-4b85-bfd5-7911b45f7638-server-thread1] INFO  server.RaftServer$Division (ServerState.java:setLeader(313)) - 0362f5ef-3c15-4b85-bfd5-7911b45f7638@group-9F854CF4774F: change Leader from null to d5196681-af95-4a59-85a9-5a8fb94dede6 at term 1 for appendEntries, leader elected after 5154ms
2023-05-04 21:54:32,346 [ba9b7234-19ea-40e1-bb60-95fa157c93f0-server-thread1] INFO  ratis.XceiverServerRatis (XceiverServerRatis.java:handleLeaderChangedNotification(904)) - Leader change notification received for group: group-9F854CF4774F with new leaderId: d5196681-af95-4a59-85a9-5a8fb94dede6
2023-05-04 21:54:32,346 [ba9b7234-19ea-40e1-bb60-95fa157c93f0-server-thread1] INFO  server.RaftServer$Division (ServerState.java:setLeader(313)) - ba9b7234-19ea-40e1-bb60-95fa157c93f0@group-9F854CF4774F: change Leader from null to d5196681-af95-4a59-85a9-5a8fb94dede6 at term 1 for appendEntries, leader elected after 5068ms
2023-05-04 21:54:32,350 [ba9b7234-19ea-40e1-bb60-95fa157c93f0-server-thread2] INFO  server.RaftServer$Division (ServerState.java:setRaftConf(430)) - ba9b7234-19ea-40e1-bb60-95fa157c93f0@group-9F854CF4774F: set configuration 0: peers:[0362f5ef-3c15-4b85-bfd5-7911b45f7638|rpc:10.1.0.44:45243|dataStream:10.1.0.44:37891|priority:0|startupRole:FOLLOWER, ba9b7234-19ea-40e1-bb60-95fa157c93f0|rpc:10.1.0.44:37815|dataStream:10.1.0.44:46499|priority:0|startupRole:FOLLOWER, d5196681-af95-4a59-85a9-5a8fb94dede6|rpc:10.1.0.44:45241|dataStream:10.1.0.44:45055|priority:1|startupRole:FOLLOWER]|listeners:[], old=null
2023-05-04 21:54:32,351 [ba9b7234-19ea-40e1-bb60-95fa157c93f0-server-thread2] INFO  segmented.SegmentedRaftLogWorker (SegmentedRaftLogWorker.java:startLogSegment(452)) - ba9b7234-19ea-40e1-bb60-95fa157c93f0@group-9F854CF4774F-SegmentedRaftLogWorker: Starting segment from index:0
2023-05-04 21:54:32,352 [ba9b7234-19ea-40e1-bb60-95fa157c93f0@group-9F854CF4774F-SegmentedRaftLogWorker] INFO  segmented.SegmentedRaftLogWorker (SegmentedRaftLogWorker.java:execute(656)) - ba9b7234-19ea-40e1-bb60-95fa157c93f0@group-9F854CF4774F-SegmentedRaftLogWorker: created new log segment /home/runner/work/ozone/ozone/hadoop-ozone/integration-test/target/test-dir/MiniOzoneClusterImpl-52a188dd-66b8-45b2-ab7c-675c0ee04825/datanode-11/data/ratis/7293fd01-d28b-4e50-8824-9f854cf4774f/current/log_inprogress_0
2023-05-04 21:54:32,357 [0362f5ef-3c15-4b85-bfd5-7911b45f7638-server-thread2] INFO  server.RaftServer$Division (ServerState.java:setRaftConf(430)) - 0362f5ef-3c15-4b85-bfd5-7911b45f7638@group-9F854CF4774F: set configuration 0: peers:[0362f5ef-3c15-4b85-bfd5-7911b45f7638|rpc:10.1.0.44:45243|dataStream:10.1.0.44:37891|priority:0|startupRole:FOLLOWER, ba9b7234-19ea-40e1-bb60-95fa157c93f0|rpc:10.1.0.44:37815|dataStream:10.1.0.44:46499|priority:0|startupRole:FOLLOWER, d5196681-af95-4a59-85a9-5a8fb94dede6|rpc:10.1.0.44:45241|dataStream:10.1.0.44:45055|priority:1|startupRole:FOLLOWER]|listeners:[], old=null
2023-05-04 21:54:32,357 [0362f5ef-3c15-4b85-bfd5-7911b45f7638-server-thread2] INFO  segmented.SegmentedRaftLogWorker (SegmentedRaftLogWorker.java:startLogSegment(452)) - 0362f5ef-3c15-4b85-bfd5-7911b45f7638@group-9F854CF4774F-SegmentedRaftLogWorker: Starting segment from index:0
2023-05-04 21:54:32,358 [0362f5ef-3c15-4b85-bfd5-7911b45f7638@group-9F854CF4774F-SegmentedRaftLogWorker] INFO  segmented.SegmentedRaftLogWorker (SegmentedRaftLogWorker.java:execute(656)) - 0362f5ef-3c15-4b85-bfd5-7911b45f7638@group-9F854CF4774F-SegmentedRaftLogWorker: created new log segment /home/runner/work/ozone/ozone/hadoop-ozone/integration-test/target/test-dir/MiniOzoneClusterImpl-52a188dd-66b8-45b2-ab7c-675c0ee04825/datanode-10/data/ratis/7293fd01-d28b-4e50-8824-9f854cf4774f/current/log_inprogress_0
2023-05-04 21:54:32,393 [ba9b7234-19ea-40e1-bb60-95fa157c93f0@group-CE2CCFCECAE7-FollowerState] INFO  impl.FollowerState (FollowerState.java:run(143)) - ba9b7234-19ea-40e1-bb60-95fa157c93f0@group-CE2CCFCECAE7-FollowerState: change to CANDIDATE, lastRpcElapsedTime:5191351531ns, electionTimeout:5187ms
2023-05-04 21:54:32,393 [ba9b7234-19ea-40e1-bb60-95fa157c93f0@group-CE2CCFCECAE7-FollowerState] INFO  impl.RoleInfo (RoleInfo.java:shutdownFollowerState(110)) - ba9b7234-19ea-40e1-bb60-95fa157c93f0: shutdown ba9b7234-19ea-40e1-bb60-95fa157c93f0@group-CE2CCFCECAE7-FollowerState
2023-05-04 21:54:32,393 [ba9b7234-19ea-40e1-bb60-95fa157c93f0@group-CE2CCFCECAE7-FollowerState] INFO  server.RaftServer$Division (RaftServerImpl.java:setRole(321)) - ba9b7234-19ea-40e1-bb60-95fa157c93f0@group-CE2CCFCECAE7: changes role from  FOLLOWER to CANDIDATE at term 0 for changeToCandidate
2023-05-04 21:54:32,393 [ba9b7234-19ea-40e1-bb60-95fa157c93f0@group-CE2CCFCECAE7-FollowerState] INFO  server.RaftServerConfigKeys (ConfUtils.java:logGet(46)) - raft.server.leaderelection.pre-vote = true (default)
2023-05-04 21:54:32,394 [ba9b7234-19ea-40e1-bb60-95fa157c93f0@group-CE2CCFCECAE7-FollowerState] INFO  impl.RoleInfo (RoleInfo.java:updateAndGet(139)) - ba9b7234-19ea-40e1-bb60-95fa157c93f0: start ba9b7234-19ea-40e1-bb60-95fa157c93f0@group-CE2CCFCECAE7-LeaderElection25
2023-05-04 21:54:32,396 [ba9b7234-19ea-40e1-bb60-95fa157c93f0@group-CE2CCFCECAE7-LeaderElection25] INFO  impl.LeaderElection (LeaderElection.java:askForVotes(312)) - ba9b7234-19ea-40e1-bb60-95fa157c93f0@group-CE2CCFCECAE7-LeaderElection25 PRE_VOTE round 0: submit vote requests at term 0 for -1: peers:[0362f5ef-3c15-4b85-bfd5-7911b45f7638|rpc:10.1.0.44:45243|dataStream:10.1.0.44:37891|priority:0|startupRole:FOLLOWER, ba9b7234-19ea-40e1-bb60-95fa157c93f0|rpc:10.1.0.44:37815|dataStream:10.1.0.44:46499|priority:1|startupRole:FOLLOWER, d5196681-af95-4a59-85a9-5a8fb94dede6|rpc:10.1.0.44:45241|dataStream:10.1.0.44:45055|priority:0|startupRole:FOLLOWER]|listeners:[], old=null
2023-05-04 21:54:32,396 [ba9b7234-19ea-40e1-bb60-95fa157c93f0@group-CE2CCFCECAE7-LeaderElection25] INFO  server.RaftServerConfigKeys (ConfUtils.java:logFallback(53)) - raft.server.rpc.first-election.timeout.min = 5s (fallback to raft.server.rpc.timeout.min)
2023-05-04 21:54:32,396 [ba9b7234-19ea-40e1-bb60-95fa157c93f0@group-CE2CCFCECAE7-LeaderElection25] INFO  server.RaftServerConfigKeys (ConfUtils.java:logFallback(53)) - raft.server.rpc.first-election.timeout.max = 5200ms (fallback to raft.server.rpc.timeout.max)
2023-05-04 21:54:32,397 [ba9b7234-19ea-40e1-bb60-95fa157c93f0@group-CE2CCFCECAE7-LeaderElection25-1] INFO  server.GrpcServerProtocolClient (GrpcServerProtocolClient.java:<init>(63)) - Build channel for 0362f5ef-3c15-4b85-bfd5-7911b45f7638
2023-05-04 21:54:32,397 [ba9b7234-19ea-40e1-bb60-95fa157c93f0@group-CE2CCFCECAE7-LeaderElection25-2] INFO  server.GrpcServerProtocolClient (GrpcServerProtocolClient.java:<init>(63)) - Build channel for d5196681-af95-4a59-85a9-5a8fb94dede6
2023-05-04 21:54:32,412 [grpc-default-executor-0] INFO  server.RaftServer$Division (RaftServerImpl.java:requestVote(1218)) - d5196681-af95-4a59-85a9-5a8fb94dede6@group-CE2CCFCECAE7: receive requestVote(PRE_VOTE, ba9b7234-19ea-40e1-bb60-95fa157c93f0, group-CE2CCFCECAE7, 0, (t:0, i:0))
2023-05-04 21:54:32,412 [grpc-default-executor-0] INFO  impl.VoteContext (VoteContext.java:log(49)) - d5196681-af95-4a59-85a9-5a8fb94dede6@group-CE2CCFCECAE7-FOLLOWER: accept PRE_VOTE from ba9b7234-19ea-40e1-bb60-95fa157c93f0: our priority 0 <= candidate's priority 1
2023-05-04 21:54:32,412 [grpc-default-executor-0] INFO  server.RaftServer$Division (RaftServerImpl.java:requestVote(1251)) - d5196681-af95-4a59-85a9-5a8fb94dede6@group-CE2CCFCECAE7 replies to PRE_VOTE vote request: ba9b7234-19ea-40e1-bb60-95fa157c93f0<-d5196681-af95-4a59-85a9-5a8fb94dede6#0:OK-t0. Peer's state: d5196681-af95-4a59-85a9-5a8fb94dede6@group-CE2CCFCECAE7:t0, leader=null, voted=, raftlog=Memoized:d5196681-af95-4a59-85a9-5a8fb94dede6@group-CE2CCFCECAE7-SegmentedRaftLog:OPENED:c-1, conf=-1: peers:[0362f5ef-3c15-4b85-bfd5-7911b45f7638|rpc:10.1.0.44:45243|dataStream:10.1.0.44:37891|priority:0|startupRole:FOLLOWER, ba9b7234-19ea-40e1-bb60-95fa157c93f0|rpc:10.1.0.44:37815|dataStream:10.1.0.44:46499|priority:1|startupRole:FOLLOWER, d5196681-af95-4a59-85a9-5a8fb94dede6|rpc:10.1.0.44:45241|dataStream:10.1.0.44:45055|priority:0|startupRole:FOLLOWER]|listeners:[], old=null
2023-05-04 21:54:32,414 [grpc-default-executor-0] INFO  server.RaftServer$Division (RaftServerImpl.java:requestVote(1218)) - 0362f5ef-3c15-4b85-bfd5-7911b45f7638@group-CE2CCFCECAE7: receive requestVote(PRE_VOTE, ba9b7234-19ea-40e1-bb60-95fa157c93f0, group-CE2CCFCECAE7, 0, (t:0, i:0))
2023-05-04 21:54:32,414 [ba9b7234-19ea-40e1-bb60-95fa157c93f0@group-CE2CCFCECAE7-LeaderElection25] INFO  impl.LeaderElection (LeaderElection.java:logAndReturn(90)) - ba9b7234-19ea-40e1-bb60-95fa157c93f0@group-CE2CCFCECAE7-LeaderElection25: PRE_VOTE PASSED received 1 response(s) and 0 exception(s):
2023-05-04 21:54:32,414 [grpc-default-executor-0] INFO  impl.VoteContext (VoteContext.java:log(49)) - 0362f5ef-3c15-4b85-bfd5-7911b45f7638@group-CE2CCFCECAE7-FOLLOWER: accept PRE_VOTE from ba9b7234-19ea-40e1-bb60-95fa157c93f0: our priority 0 <= candidate's priority 1
2023-05-04 21:54:32,415 [ba9b7234-19ea-40e1-bb60-95fa157c93f0@group-CE2CCFCECAE7-LeaderElection25] INFO  impl.LeaderElection (LeaderElection.java:logAndReturn(94)) -   Response 0: ba9b7234-19ea-40e1-bb60-95fa157c93f0<-d5196681-af95-4a59-85a9-5a8fb94dede6#0:OK-t0
2023-05-04 21:54:32,415 [ba9b7234-19ea-40e1-bb60-95fa157c93f0@group-CE2CCFCECAE7-LeaderElection25] INFO  impl.LeaderElection (LeaderElection.java:askForVotes(314)) - ba9b7234-19ea-40e1-bb60-95fa157c93f0@group-CE2CCFCECAE7-LeaderElection25 PRE_VOTE round 0: result PASSED
2023-05-04 21:54:32,415 [grpc-default-executor-0] INFO  server.RaftServer$Division (RaftServerImpl.java:requestVote(1251)) - 0362f5ef-3c15-4b85-bfd5-7911b45f7638@group-CE2CCFCECAE7 replies to PRE_VOTE vote request: ba9b7234-19ea-40e1-bb60-95fa157c93f0<-0362f5ef-3c15-4b85-bfd5-7911b45f7638#0:OK-t0. Peer's state: 0362f5ef-3c15-4b85-bfd5-7911b45f7638@group-CE2CCFCECAE7:t0, leader=null, voted=, raftlog=Memoized:0362f5ef-3c15-4b85-bfd5-7911b45f7638@group-CE2CCFCECAE7-SegmentedRaftLog:OPENED:c-1, conf=-1: peers:[0362f5ef-3c15-4b85-bfd5-7911b45f7638|rpc:10.1.0.44:45243|dataStream:10.1.0.44:37891|priority:0|startupRole:FOLLOWER, ba9b7234-19ea-40e1-bb60-95fa157c93f0|rpc:10.1.0.44:37815|dataStream:10.1.0.44:46499|priority:1|startupRole:FOLLOWER, d5196681-af95-4a59-85a9-5a8fb94dede6|rpc:10.1.0.44:45241|dataStream:10.1.0.44:45055|priority:0|startupRole:FOLLOWER]|listeners:[], old=null
2023-05-04 21:54:32,416 [ba9b7234-19ea-40e1-bb60-95fa157c93f0@group-CE2CCFCECAE7-LeaderElection25] INFO  impl.LeaderElection (LeaderElection.java:askForVotes(312)) - ba9b7234-19ea-40e1-bb60-95fa157c93f0@group-CE2CCFCECAE7-LeaderElection25 ELECTION round 0: submit vote requests at term 1 for -1: peers:[0362f5ef-3c15-4b85-bfd5-7911b45f7638|rpc:10.1.0.44:45243|dataStream:10.1.0.44:37891|priority:0|startupRole:FOLLOWER, ba9b7234-19ea-40e1-bb60-95fa157c93f0|rpc:10.1.0.44:37815|dataStream:10.1.0.44:46499|priority:1|startupRole:FOLLOWER, d5196681-af95-4a59-85a9-5a8fb94dede6|rpc:10.1.0.44:45241|dataStream:10.1.0.44:45055|priority:0|startupRole:FOLLOWER]|listeners:[], old=null
2023-05-04 21:54:32,417 [ba9b7234-19ea-40e1-bb60-95fa157c93f0@group-CE2CCFCECAE7-LeaderElection25] INFO  server.RaftServerConfigKeys (ConfUtils.java:logFallback(53)) - raft.server.rpc.first-election.timeout.min = 5s (fallback to raft.server.rpc.timeout.min)
2023-05-04 21:54:32,417 [ba9b7234-19ea-40e1-bb60-95fa157c93f0@group-CE2CCFCECAE7-LeaderElection25] INFO  server.RaftServerConfigKeys (ConfUtils.java:logFallback(53)) - raft.server.rpc.first-election.timeout.max = 5200ms (fallback to raft.server.rpc.timeout.max)
2023-05-04 21:54:32,419 [grpc-default-executor-0] INFO  server.RaftServer$Division (RaftServerImpl.java:requestVote(1218)) - d5196681-af95-4a59-85a9-5a8fb94dede6@group-CE2CCFCECAE7: receive requestVote(ELECTION, ba9b7234-19ea-40e1-bb60-95fa157c93f0, group-CE2CCFCECAE7, 1, (t:0, i:0))
2023-05-04 21:54:32,419 [grpc-default-executor-0] INFO  impl.VoteContext (VoteContext.java:log(49)) - d5196681-af95-4a59-85a9-5a8fb94dede6@group-CE2CCFCECAE7-FOLLOWER: accept ELECTION from ba9b7234-19ea-40e1-bb60-95fa157c93f0: our priority 0 <= candidate's priority 1
2023-05-04 21:54:32,419 [grpc-default-executor-0] INFO  server.RaftServer$Division (RaftServerImpl.java:setRole(321)) - d5196681-af95-4a59-85a9-5a8fb94dede6@group-CE2CCFCECAE7: changes role from  FOLLOWER to FOLLOWER at term 1 for candidate:ba9b7234-19ea-40e1-bb60-95fa157c93f0
2023-05-04 21:54:32,420 [grpc-default-executor-0] INFO  impl.RoleInfo (RoleInfo.java:shutdownFollowerState(110)) - d5196681-af95-4a59-85a9-5a8fb94dede6: shutdown d5196681-af95-4a59-85a9-5a8fb94dede6@group-CE2CCFCECAE7-FollowerState
2023-05-04 21:54:32,420 [grpc-default-executor-0] INFO  impl.RoleInfo (RoleInfo.java:updateAndGet(139)) - d5196681-af95-4a59-85a9-5a8fb94dede6: start d5196681-af95-4a59-85a9-5a8fb94dede6@group-CE2CCFCECAE7-FollowerState
2023-05-04 21:54:32,420 [d5196681-af95-4a59-85a9-5a8fb94dede6@group-CE2CCFCECAE7-FollowerState] INFO  impl.FollowerState (FollowerState.java:run(152)) - d5196681-af95-4a59-85a9-5a8fb94dede6@group-CE2CCFCECAE7-FollowerState was interrupted
2023-05-04 21:54:32,420 [d5196681-af95-4a59-85a9-5a8fb94dede6@group-CE2CCFCECAE7-FollowerState] INFO  server.RaftServerConfigKeys (ConfUtils.java:logFallback(53)) - raft.server.rpc.first-election.timeout.min = 5s (fallback to raft.server.rpc.timeout.min)
2023-05-04 21:54:32,420 [d5196681-af95-4a59-85a9-5a8fb94dede6@group-CE2CCFCECAE7-FollowerState] INFO  server.RaftServerConfigKeys (ConfUtils.java:logFallback(53)) - raft.server.rpc.first-election.timeout.max = 5200ms (fallback to raft.server.rpc.timeout.max)
2023-05-04 21:54:32,424 [grpc-default-executor-0] INFO  server.RaftServer$Division (RaftServerImpl.java:requestVote(1251)) - d5196681-af95-4a59-85a9-5a8fb94dede6@group-CE2CCFCECAE7 replies to ELECTION vote request: ba9b7234-19ea-40e1-bb60-95fa157c93f0<-d5196681-af95-4a59-85a9-5a8fb94dede6#0:OK-t1. Peer's state: d5196681-af95-4a59-85a9-5a8fb94dede6@group-CE2CCFCECAE7:t1, leader=null, voted=ba9b7234-19ea-40e1-bb60-95fa157c93f0, raftlog=Memoized:d5196681-af95-4a59-85a9-5a8fb94dede6@group-CE2CCFCECAE7-SegmentedRaftLog:OPENED:c-1, conf=-1: peers:[0362f5ef-3c15-4b85-bfd5-7911b45f7638|rpc:10.1.0.44:45243|dataStream:10.1.0.44:37891|priority:0|startupRole:FOLLOWER, ba9b7234-19ea-40e1-bb60-95fa157c93f0|rpc:10.1.0.44:37815|dataStream:10.1.0.44:46499|priority:1|startupRole:FOLLOWER, d5196681-af95-4a59-85a9-5a8fb94dede6|rpc:10.1.0.44:45241|dataStream:10.1.0.44:45055|priority:0|startupRole:FOLLOWER]|listeners:[], old=null
2023-05-04 21:54:32,426 [grpc-default-executor-4] INFO  server.RaftServer$Division (RaftServerImpl.java:requestVote(1218)) - 0362f5ef-3c15-4b85-bfd5-7911b45f7638@group-CE2CCFCECAE7: receive requestVote(ELECTION, ba9b7234-19ea-40e1-bb60-95fa157c93f0, group-CE2CCFCECAE7, 1, (t:0, i:0))
2023-05-04 21:54:32,426 [grpc-default-executor-4] INFO  impl.VoteContext (VoteContext.java:log(49)) - 0362f5ef-3c15-4b85-bfd5-7911b45f7638@group-CE2CCFCECAE7-FOLLOWER: accept ELECTION from ba9b7234-19ea-40e1-bb60-95fa157c93f0: our priority 0 <= candidate's priority 1
2023-05-04 21:54:32,426 [grpc-default-executor-4] INFO  server.RaftServer$Division (RaftServerImpl.java:setRole(321)) - 0362f5ef-3c15-4b85-bfd5-7911b45f7638@group-CE2CCFCECAE7: changes role from  FOLLOWER to FOLLOWER at term 1 for candidate:ba9b7234-19ea-40e1-bb60-95fa157c93f0
2023-05-04 21:54:32,426 [grpc-default-executor-4] INFO  impl.RoleInfo (RoleInfo.java:shutdownFollowerState(110)) - 0362f5ef-3c15-4b85-bfd5-7911b45f7638: shutdown 0362f5ef-3c15-4b85-bfd5-7911b45f7638@group-CE2CCFCECAE7-FollowerState
2023-05-04 21:54:32,426 [grpc-default-executor-4] INFO  impl.RoleInfo (RoleInfo.java:updateAndGet(139)) - 0362f5ef-3c15-4b85-bfd5-7911b45f7638: start 0362f5ef-3c15-4b85-bfd5-7911b45f7638@group-CE2CCFCECAE7-FollowerState
2023-05-04 21:54:32,426 [0362f5ef-3c15-4b85-bfd5-7911b45f7638@group-CE2CCFCECAE7-FollowerState] INFO  impl.FollowerState (FollowerState.java:run(152)) - 0362f5ef-3c15-4b85-bfd5-7911b45f7638@group-CE2CCFCECAE7-FollowerState was interrupted
2023-05-04 21:54:32,427 [0362f5ef-3c15-4b85-bfd5-7911b45f7638@group-CE2CCFCECAE7-FollowerState] INFO  server.RaftServerConfigKeys (ConfUtils.java:logFallback(53)) - raft.server.rpc.first-election.timeout.min = 5s (fallback to raft.server.rpc.timeout.min)
2023-05-04 21:54:32,427 [0362f5ef-3c15-4b85-bfd5-7911b45f7638@group-CE2CCFCECAE7-FollowerState] INFO  server.RaftServerConfigKeys (ConfUtils.java:logFallback(53)) - raft.server.rpc.first-election.timeout.max = 5200ms (fallback to raft.server.rpc.timeout.max)
2023-05-04 21:54:32,428 [grpc-default-executor-4] INFO  server.RaftServer$Division (RaftServerImpl.java:requestVote(1251)) - 0362f5ef-3c15-4b85-bfd5-7911b45f7638@group-CE2CCFCECAE7 replies to ELECTION vote request: ba9b7234-19ea-40e1-bb60-95fa157c93f0<-0362f5ef-3c15-4b85-bfd5-7911b45f7638#0:OK-t1. Peer's state: 0362f5ef-3c15-4b85-bfd5-7911b45f7638@group-CE2CCFCECAE7:t1, leader=null, voted=ba9b7234-19ea-40e1-bb60-95fa157c93f0, raftlog=Memoized:0362f5ef-3c15-4b85-bfd5-7911b45f7638@group-CE2CCFCECAE7-SegmentedRaftLog:OPENED:c-1, conf=-1: peers:[0362f5ef-3c15-4b85-bfd5-7911b45f7638|rpc:10.1.0.44:45243|dataStream:10.1.0.44:37891|priority:0|startupRole:FOLLOWER, ba9b7234-19ea-40e1-bb60-95fa157c93f0|rpc:10.1.0.44:37815|dataStream:10.1.0.44:46499|priority:1|startupRole:FOLLOWER, d5196681-af95-4a59-85a9-5a8fb94dede6|rpc:10.1.0.44:45241|dataStream:10.1.0.44:45055|priority:0|startupRole:FOLLOWER]|listeners:[], old=null
2023-05-04 21:54:32,431 [ba9b7234-19ea-40e1-bb60-95fa157c93f0@group-CE2CCFCECAE7-LeaderElection25] INFO  impl.LeaderElection (LeaderElection.java:logAndReturn(90)) - ba9b7234-19ea-40e1-bb60-95fa157c93f0@group-CE2CCFCECAE7-LeaderElection25: ELECTION PASSED received 1 response(s) and 0 exception(s):
2023-05-04 21:54:32,431 [ba9b7234-19ea-40e1-bb60-95fa157c93f0@group-CE2CCFCECAE7-LeaderElection25] INFO  impl.LeaderElection (LeaderElection.java:logAndReturn(94)) -   Response 0: ba9b7234-19ea-40e1-bb60-95fa157c93f0<-d5196681-af95-4a59-85a9-5a8fb94dede6#0:OK-t1
2023-05-04 21:54:32,431 [ba9b7234-19ea-40e1-bb60-95fa157c93f0@group-CE2CCFCECAE7-LeaderElection25] INFO  impl.LeaderElection (LeaderElection.java:askForVotes(314)) - ba9b7234-19ea-40e1-bb60-95fa157c93f0@group-CE2CCFCECAE7-LeaderElection25 ELECTION round 0: result PASSED
2023-05-04 21:54:32,431 [ba9b7234-19ea-40e1-bb60-95fa157c93f0@group-CE2CCFCECAE7-LeaderElection25] INFO  impl.RoleInfo (RoleInfo.java:shutdownLeaderElection(130)) - ba9b7234-19ea-40e1-bb60-95fa157c93f0: shutdown ba9b7234-19ea-40e1-bb60-95fa157c93f0@group-CE2CCFCECAE7-LeaderElection25
2023-05-04 21:54:32,432 [ba9b7234-19ea-40e1-bb60-95fa157c93f0@group-CE2CCFCECAE7-LeaderElection25] INFO  server.RaftServer$Division (RaftServerImpl.java:setRole(321)) - ba9b7234-19ea-40e1-bb60-95fa157c93f0@group-CE2CCFCECAE7: changes role from CANDIDATE to LEADER at term 1 for changeToLeader
2023-05-04 21:54:32,432 [ba9b7234-19ea-40e1-bb60-95fa157c93f0@group-CE2CCFCECAE7-LeaderElection25] INFO  ratis.XceiverServerRatis (XceiverServerRatis.java:handleLeaderChangedNotification(904)) - Leader change notification received for group: group-CE2CCFCECAE7 with new leaderId: ba9b7234-19ea-40e1-bb60-95fa157c93f0
2023-05-04 21:54:32,432 [ba9b7234-19ea-40e1-bb60-95fa157c93f0@group-CE2CCFCECAE7-LeaderElection25] INFO  server.RaftServer$Division (ServerState.java:setLeader(313)) - ba9b7234-19ea-40e1-bb60-95fa157c93f0@group-CE2CCFCECAE7: change Leader from null to ba9b7234-19ea-40e1-bb60-95fa157c93f0 at term 1 for becomeLeader, leader elected after 5253ms
2023-05-04 21:54:32,432 [ba9b7234-19ea-40e1-bb60-95fa157c93f0@group-CE2CCFCECAE7-LeaderElection25] INFO  server.RaftServerConfigKeys (ConfUtils.java:logGet(46)) - raft.server.staging.catchup.gap = 1000 (default)
2023-05-04 21:54:32,432 [ba9b7234-19ea-40e1-bb60-95fa157c93f0@group-CE2CCFCECAE7-LeaderElection25] INFO  server.RaftServerConfigKeys (ConfUtils.java:logGet(46)) - raft.server.write.element-limit = 1024 (custom)
2023-05-04 21:54:32,432 [ba9b7234-19ea-40e1-bb60-95fa157c93f0@group-CE2CCFCECAE7-LeaderElection25] INFO  server.RaftServerConfigKeys (ConfUtils.java:logGet(46)) - raft.server.write.byte-limit = 1024 M (=1073741824) (custom)
2023-05-04 21:54:32,432 [ba9b7234-19ea-40e1-bb60-95fa157c93f0@group-CE2CCFCECAE7-LeaderElection25] INFO  server.RaftServerConfigKeys (ConfUtils.java:logGet(46)) - raft.server.watch.timeout = 180s (custom)
2023-05-04 21:54:32,432 [ba9b7234-19ea-40e1-bb60-95fa157c93f0@group-CE2CCFCECAE7-LeaderElection25] INFO  server.RaftServerConfigKeys (ConfUtils.java:logGet(46)) - raft.server.watch.timeout.denomination = 1s (default)
2023-05-04 21:54:32,433 [ba9b7234-19ea-40e1-bb60-95fa157c93f0@group-CE2CCFCECAE7-LeaderElection25] INFO  server.RaftServerConfigKeys (ConfUtils.java:logGet(46)) - raft.server.watch.element-limit = 65536 (default)
2023-05-04 21:54:32,433 [ba9b7234-19ea-40e1-bb60-95fa157c93f0@group-CE2CCFCECAE7-LeaderElection25] INFO  server.RaftServerConfigKeys (ConfUtils.java:logGet(46)) - raft.server.write.element-limit = 1024 (custom)
2023-05-04 21:54:32,433 [ba9b7234-19ea-40e1-bb60-95fa157c93f0@group-CE2CCFCECAE7-LeaderElection25] INFO  server.RaftServerConfigKeys (ConfUtils.java:logGet(46)) - raft.server.write.follower.gap.ratio.max = -1.0 (default)
2023-05-04 21:54:32,433 [ba9b7234-19ea-40e1-bb60-95fa157c93f0@group-CE2CCFCECAE7-LeaderElection25] INFO  server.RaftServerConfigKeys (ConfUtils.java:logGet(46)) - raft.server.log.appender.snapshot.chunk.size.max = 16MB (=16777216) (default)
2023-05-04 21:54:32,434 [ba9b7234-19ea-40e1-bb60-95fa157c93f0@group-CE2CCFCECAE7-LeaderElection25] INFO  server.RaftServerConfigKeys (ConfUtils.java:logGet(46)) - raft.server.log.appender.buffer.byte-limit = 33554432 (custom)
2023-05-04 21:54:32,434 [ba9b7234-19ea-40e1-bb60-95fa157c93f0@group-CE2CCFCECAE7-LeaderElection25] INFO  server.RaftServerConfigKeys (ConfUtils.java:logGet(46)) - raft.server.log.appender.buffer.element-limit = 1 (custom)
2023-05-04 21:54:32,434 [ba9b7234-19ea-40e1-bb60-95fa157c93f0@group-CE2CCFCECAE7-LeaderElection25] INFO  grpc.GrpcConfigKeys (ConfUtils.java:logGet(46)) - raft.grpc.server.leader.outstanding.appends.max = 128 (default)
2023-05-04 21:54:32,434 [ba9b7234-19ea-40e1-bb60-95fa157c93f0@group-CE2CCFCECAE7-LeaderElection25] INFO  server.RaftServerConfigKeys (ConfUtils.java:logGet(46)) - raft.server.rpc.request.timeout = 60s (custom)
2023-05-04 21:54:32,434 [ba9b7234-19ea-40e1-bb60-95fa157c93f0@group-CE2CCFCECAE7-LeaderElection25] INFO  server.RaftServerConfigKeys (ConfUtils.java:logGet(46)) - raft.server.log.appender.install.snapshot.enabled = false (custom)
2023-05-04 21:54:32,434 [ba9b7234-19ea-40e1-bb60-95fa157c93f0@group-CE2CCFCECAE7-LeaderElection25] INFO  grpc.GrpcConfigKeys (ConfUtils.java:logGet(46)) - raft.grpc.server.heartbeat.channel = true (default)
2023-05-04 21:54:32,434 [ba9b7234-19ea-40e1-bb60-95fa157c93f0@group-CE2CCFCECAE7-LeaderElection25] INFO  server.RaftServerConfigKeys (ConfUtils.java:logGet(46)) - raft.server.log.appender.wait-time.min = 10ms (default)
2023-05-04 21:54:32,435 [EventQueue-PipelineReportForPipelineReportHandler] INFO  pipeline.PipelineManagerImpl (PipelineManagerImpl.java:openPipeline(367)) - Pipeline Pipeline[ Id: 0e3370fe-c4c0-46f5-a960-ce2ccfcecae7, Nodes: 0362f5ef-3c15-4b85-bfd5-7911b45f7638(fv-az133-721.yhipumr4050edinzmvad0xeera.cx.internal.cloudapp.net/10.1.0.44)ba9b7234-19ea-40e1-bb60-95fa157c93f0(fv-az133-721.yhipumr4050edinzmvad0xeera.cx.internal.cloudapp.net/10.1.0.44)d5196681-af95-4a59-85a9-5a8fb94dede6(fv-az133-721.yhipumr4050edinzmvad0xeera.cx.internal.cloudapp.net/10.1.0.44), ReplicationConfig: RATIS/THREE, State:ALLOCATED, leaderId:ba9b7234-19ea-40e1-bb60-95fa157c93f0, CreationTimestamp2023-05-04T21:54:24.799Z[Etc/UTC]] moved to OPEN state
2023-05-04 21:54:32,435 [ba9b7234-19ea-40e1-bb60-95fa157c93f0@group-CE2CCFCECAE7-LeaderElection25] INFO  server.RaftServerConfigKeys (ConfUtils.java:logGet(46)) - raft.server.log.appender.snapshot.chunk.size.max = 16MB (=16777216) (default)
2023-05-04 21:54:32,435 [ba9b7234-19ea-40e1-bb60-95fa157c93f0@group-CE2CCFCECAE7-LeaderElection25] INFO  server.RaftServerConfigKeys (ConfUtils.java:logGet(46)) - raft.server.log.appender.buffer.byte-limit = 33554432 (custom)
2023-05-04 21:54:32,435 [ba9b7234-19ea-40e1-bb60-95fa157c93f0@group-CE2CCFCECAE7-LeaderElection25] INFO  server.RaftServerConfigKeys (ConfUtils.java:logGet(46)) - raft.server.log.appender.buffer.element-limit = 1 (custom)
2023-05-04 21:54:32,435 [ba9b7234-19ea-40e1-bb60-95fa157c93f0@group-CE2CCFCECAE7-LeaderElection25] INFO  grpc.GrpcConfigKeys (ConfUtils.java:logGet(46)) - raft.grpc.server.leader.outstanding.appends.max = 128 (default)
2023-05-04 21:54:32,435 [ba9b7234-19ea-40e1-bb60-95fa157c93f0@group-CE2CCFCECAE7-LeaderElection25] INFO  server.RaftServerConfigKeys (ConfUtils.java:logGet(46)) - raft.server.rpc.request.timeout = 60s (custom)
2023-05-04 21:54:32,435 [ba9b7234-19ea-40e1-bb60-95fa157c93f0@group-CE2CCFCECAE7-LeaderElection25] INFO  server.RaftServerConfigKeys (ConfUtils.java:logGet(46)) - raft.server.log.appender.install.snapshot.enabled = false (custom)
2023-05-04 21:54:32,435 [ba9b7234-19ea-40e1-bb60-95fa157c93f0@group-CE2CCFCECAE7-LeaderElection25] INFO  grpc.GrpcConfigKeys (ConfUtils.java:logGet(46)) - raft.grpc.server.heartbeat.channel = true (default)
2023-05-04 21:54:32,436 [ba9b7234-19ea-40e1-bb60-95fa157c93f0@group-CE2CCFCECAE7-LeaderElection25] INFO  server.RaftServerConfigKeys (ConfUtils.java:logGet(46)) - raft.server.log.appender.wait-time.min = 10ms (default)
2023-05-04 21:54:32,436 [ba9b7234-19ea-40e1-bb60-95fa157c93f0@group-CE2CCFCECAE7-LeaderElection25] INFO  impl.RoleInfo (RoleInfo.java:updateAndGet(139)) - ba9b7234-19ea-40e1-bb60-95fa157c93f0: start ba9b7234-19ea-40e1-bb60-95fa157c93f0@group-CE2CCFCECAE7-LeaderStateImpl
2023-05-04 21:54:32,436 [ba9b7234-19ea-40e1-bb60-95fa157c93f0@group-CE2CCFCECAE7-LeaderElection25] INFO  segmented.SegmentedRaftLogWorker (SegmentedRaftLogWorker.java:startLogSegment(452)) - ba9b7234-19ea-40e1-bb60-95fa157c93f0@group-CE2CCFCECAE7-SegmentedRaftLogWorker: Starting segment from index:0
2023-05-04 21:54:32,438 [ba9b7234-19ea-40e1-bb60-95fa157c93f0@group-CE2CCFCECAE7-SegmentedRaftLogWorker] INFO  segmented.SegmentedRaftLogWorker (SegmentedRaftLogWorker.java:execute(656)) - ba9b7234-19ea-40e1-bb60-95fa157c93f0@group-CE2CCFCECAE7-SegmentedRaftLogWorker: created new log segment /home/runner/work/ozone/ozone/hadoop-ozone/integration-test/target/test-dir/MiniOzoneClusterImpl-52a188dd-66b8-45b2-ab7c-675c0ee04825/datanode-11/data/ratis/0e3370fe-c4c0-46f5-a960-ce2ccfcecae7/current/log_inprogress_0
2023-05-04 21:54:32,439 [ba9b7234-19ea-40e1-bb60-95fa157c93f0@group-CE2CCFCECAE7-LeaderElection25] INFO  server.RaftServer$Division (ServerState.java:setRaftConf(430)) - ba9b7234-19ea-40e1-bb60-95fa157c93f0@group-CE2CCFCECAE7: set configuration 0: peers:[0362f5ef-3c15-4b85-bfd5-7911b45f7638|rpc:10.1.0.44:45243|dataStream:10.1.0.44:37891|priority:0|startupRole:FOLLOWER, ba9b7234-19ea-40e1-bb60-95fa157c93f0|rpc:10.1.0.44:37815|dataStream:10.1.0.44:46499|priority:1|startupRole:FOLLOWER, d5196681-af95-4a59-85a9-5a8fb94dede6|rpc:10.1.0.44:45241|dataStream:10.1.0.44:45055|priority:0|startupRole:FOLLOWER]|listeners:[], old=null
2023-05-04 21:54:32,449 [0362f5ef-3c15-4b85-bfd5-7911b45f7638-server-thread1] INFO  ratis.XceiverServerRatis (XceiverServerRatis.java:handleLeaderChangedNotification(904)) - Leader change notification received for group: group-CE2CCFCECAE7 with new leaderId: ba9b7234-19ea-40e1-bb60-95fa157c93f0
2023-05-04 21:54:32,449 [0362f5ef-3c15-4b85-bfd5-7911b45f7638-server-thread1] INFO  server.RaftServer$Division (ServerState.java:setLeader(313)) - 0362f5ef-3c15-4b85-bfd5-7911b45f7638@group-CE2CCFCECAE7: change Leader from null to ba9b7234-19ea-40e1-bb60-95fa157c93f0 at term 1 for appendEntries, leader elected after 5844ms
2023-05-04 21:54:32,449 [0362f5ef-3c15-4b85-bfd5-7911b45f7638-server-thread1] INFO  server.RaftServer$Division (ServerState.java:setRaftConf(430)) - 0362f5ef-3c15-4b85-bfd5-7911b45f7638@group-CE2CCFCECAE7: set configuration 0: peers:[0362f5ef-3c15-4b85-bfd5-7911b45f7638|rpc:10.1.0.44:45243|dataStream:10.1.0.44:37891|priority:0|startupRole:FOLLOWER, ba9b7234-19ea-40e1-bb60-95fa157c93f0|rpc:10.1.0.44:37815|dataStream:10.1.0.44:46499|priority:1|startupRole:FOLLOWER, d5196681-af95-4a59-85a9-5a8fb94dede6|rpc:10.1.0.44:45241|dataStream:10.1.0.44:45055|priority:0|startupRole:FOLLOWER]|listeners:[], old=null
2023-05-04 21:54:32,449 [0362f5ef-3c15-4b85-bfd5-7911b45f7638-server-thread1] INFO  segmented.SegmentedRaftLogWorker (SegmentedRaftLogWorker.java:startLogSegment(452)) - 0362f5ef-3c15-4b85-bfd5-7911b45f7638@group-CE2CCFCECAE7-SegmentedRaftLogWorker: Starting segment from index:0
2023-05-04 21:54:32,451 [0362f5ef-3c15-4b85-bfd5-7911b45f7638@group-CE2CCFCECAE7-SegmentedRaftLogWorker] INFO  segmented.SegmentedRaftLogWorker (SegmentedRaftLogWorker.java:execute(656)) - 0362f5ef-3c15-4b85-bfd5-7911b45f7638@group-CE2CCFCECAE7-SegmentedRaftLogWorker: created new log segment /home/runner/work/ozone/ozone/hadoop-ozone/integration-test/target/test-dir/MiniOzoneClusterImpl-52a188dd-66b8-45b2-ab7c-675c0ee04825/datanode-10/data/ratis/0e3370fe-c4c0-46f5-a960-ce2ccfcecae7/current/log_inprogress_0
2023-05-04 21:54:32,454 [d5196681-af95-4a59-85a9-5a8fb94dede6-server-thread1] INFO  ratis.XceiverServerRatis (XceiverServerRatis.java:handleLeaderChangedNotification(904)) - Leader change notification received for group: group-CE2CCFCECAE7 with new leaderId: ba9b7234-19ea-40e1-bb60-95fa157c93f0
2023-05-04 21:54:32,454 [d5196681-af95-4a59-85a9-5a8fb94dede6-server-thread1] INFO  server.RaftServer$Division (ServerState.java:setLeader(313)) - d5196681-af95-4a59-85a9-5a8fb94dede6@group-CE2CCFCECAE7: change Leader from null to ba9b7234-19ea-40e1-bb60-95fa157c93f0 at term 1 for appendEntries, leader elected after 5894ms
2023-05-04 21:54:32,456 [d5196681-af95-4a59-85a9-5a8fb94dede6-server-thread2] INFO  server.RaftServer$Division (ServerState.java:setRaftConf(430)) - d5196681-af95-4a59-85a9-5a8fb94dede6@group-CE2CCFCECAE7: set configuration 0: peers:[0362f5ef-3c15-4b85-bfd5-7911b45f7638|rpc:10.1.0.44:45243|dataStream:10.1.0.44:37891|priority:0|startupRole:FOLLOWER, ba9b7234-19ea-40e1-bb60-95fa157c93f0|rpc:10.1.0.44:37815|dataStream:10.1.0.44:46499|priority:1|startupRole:FOLLOWER, d5196681-af95-4a59-85a9-5a8fb94dede6|rpc:10.1.0.44:45241|dataStream:10.1.0.44:45055|priority:0|startupRole:FOLLOWER]|listeners:[], old=null
2023-05-04 21:54:32,456 [d5196681-af95-4a59-85a9-5a8fb94dede6-server-thread2] INFO  segmented.SegmentedRaftLogWorker (SegmentedRaftLogWorker.java:startLogSegment(452)) - d5196681-af95-4a59-85a9-5a8fb94dede6@group-CE2CCFCECAE7-SegmentedRaftLogWorker: Starting segment from index:0
2023-05-04 21:54:32,457 [d5196681-af95-4a59-85a9-5a8fb94dede6@group-CE2CCFCECAE7-SegmentedRaftLogWorker] INFO  segmented.SegmentedRaftLogWorker (SegmentedRaftLogWorker.java:execute(656)) - d5196681-af95-4a59-85a9-5a8fb94dede6@group-CE2CCFCECAE7-SegmentedRaftLogWorker: created new log segment /home/runner/work/ozone/ozone/hadoop-ozone/integration-test/target/test-dir/MiniOzoneClusterImpl-52a188dd-66b8-45b2-ab7c-675c0ee04825/datanode-9/data/ratis/0e3370fe-c4c0-46f5-a960-ce2ccfcecae7/current/log_inprogress_0
2023-05-04 21:54:32,885 [ba9b7234-19ea-40e1-bb60-95fa157c93f0@group-11A6EF8C8DA7-FollowerState] INFO  impl.FollowerState (FollowerState.java:run(143)) - ba9b7234-19ea-40e1-bb60-95fa157c93f0@group-11A6EF8C8DA7-FollowerState: change to CANDIDATE, lastRpcElapsedTime:5066394305ns, electionTimeout:5065ms
2023-05-04 21:54:32,885 [ba9b7234-19ea-40e1-bb60-95fa157c93f0@group-11A6EF8C8DA7-FollowerState] INFO  impl.RoleInfo (RoleInfo.java:shutdownFollowerState(110)) - ba9b7234-19ea-40e1-bb60-95fa157c93f0: shutdown ba9b7234-19ea-40e1-bb60-95fa157c93f0@group-11A6EF8C8DA7-FollowerState
2023-05-04 21:54:32,886 [ba9b7234-19ea-40e1-bb60-95fa157c93f0@group-11A6EF8C8DA7-FollowerState] INFO  server.RaftServer$Division (RaftServerImpl.java:setRole(321)) - ba9b7234-19ea-40e1-bb60-95fa157c93f0@group-11A6EF8C8DA7: changes role from  FOLLOWER to CANDIDATE at term 0 for changeToCandidate
2023-05-04 21:54:32,886 [ba9b7234-19ea-40e1-bb60-95fa157c93f0@group-11A6EF8C8DA7-FollowerState] INFO  server.RaftServerConfigKeys (ConfUtils.java:logGet(46)) - raft.server.leaderelection.pre-vote = true (default)
2023-05-04 21:54:32,886 [ba9b7234-19ea-40e1-bb60-95fa157c93f0@group-11A6EF8C8DA7-FollowerState] INFO  impl.RoleInfo (RoleInfo.java:updateAndGet(139)) - ba9b7234-19ea-40e1-bb60-95fa157c93f0: start ba9b7234-19ea-40e1-bb60-95fa157c93f0@group-11A6EF8C8DA7-LeaderElection26
2023-05-04 21:54:32,889 [ba9b7234-19ea-40e1-bb60-95fa157c93f0@group-11A6EF8C8DA7-LeaderElection26] INFO  impl.LeaderElection (LeaderElection.java:askForVotes(312)) - ba9b7234-19ea-40e1-bb60-95fa157c93f0@group-11A6EF8C8DA7-LeaderElection26 PRE_VOTE round 0: submit vote requests at term 0 for -1: peers:[ba9b7234-19ea-40e1-bb60-95fa157c93f0|rpc:10.1.0.44:37815|dataStream:10.1.0.44:46499|priority:1|startupRole:FOLLOWER]|listeners:[], old=null
2023-05-04 21:54:32,889 [ba9b7234-19ea-40e1-bb60-95fa157c93f0@group-11A6EF8C8DA7-LeaderElection26] INFO  impl.LeaderElection (LeaderElection.java:askForVotes(314)) - ba9b7234-19ea-40e1-bb60-95fa157c93f0@group-11A6EF8C8DA7-LeaderElection26 PRE_VOTE round 0: result PASSED (term=0)
2023-05-04 21:54:32,892 [ba9b7234-19ea-40e1-bb60-95fa157c93f0@group-11A6EF8C8DA7-LeaderElection26] INFO  impl.LeaderElection (LeaderElection.java:askForVotes(312)) - ba9b7234-19ea-40e1-bb60-95fa157c93f0@group-11A6EF8C8DA7-LeaderElection26 ELECTION round 0: submit vote requests at term 1 for -1: peers:[ba9b7234-19ea-40e1-bb60-95fa157c93f0|rpc:10.1.0.44:37815|dataStream:10.1.0.44:46499|priority:1|startupRole:FOLLOWER]|listeners:[], old=null
2023-05-04 21:54:32,892 [ba9b7234-19ea-40e1-bb60-95fa157c93f0@group-11A6EF8C8DA7-LeaderElection26] INFO  impl.LeaderElection (LeaderElection.java:askForVotes(314)) - ba9b7234-19ea-40e1-bb60-95fa157c93f0@group-11A6EF8C8DA7-LeaderElection26 ELECTION round 0: result PASSED (term=1)
2023-05-04 21:54:32,892 [ba9b7234-19ea-40e1-bb60-95fa157c93f0@group-11A6EF8C8DA7-LeaderElection26] INFO  impl.RoleInfo (RoleInfo.java:shutdownLeaderElection(130)) - ba9b7234-19ea-40e1-bb60-95fa157c93f0: shutdown ba9b7234-19ea-40e1-bb60-95fa157c93f0@group-11A6EF8C8DA7-LeaderElection26
2023-05-04 21:54:32,892 [ba9b7234-19ea-40e1-bb60-95fa157c93f0@group-11A6EF8C8DA7-LeaderElection26] INFO  server.RaftServer$Division (RaftServerImpl.java:setRole(321)) - ba9b7234-19ea-40e1-bb60-95fa157c93f0@group-11A6EF8C8DA7: changes role from CANDIDATE to LEADER at term 1 for changeToLeader
2023-05-04 21:54:32,892 [ba9b7234-19ea-40e1-bb60-95fa157c93f0@group-11A6EF8C8DA7-LeaderElection26] INFO  ratis.XceiverServerRatis (XceiverServerRatis.java:handleLeaderChangedNotification(904)) - Leader change notification received for group: group-11A6EF8C8DA7 with new leaderId: ba9b7234-19ea-40e1-bb60-95fa157c93f0
2023-05-04 21:54:32,892 [ba9b7234-19ea-40e1-bb60-95fa157c93f0@group-11A6EF8C8DA7-LeaderElection26] INFO  server.RaftServer$Division (ServerState.java:setLeader(313)) - ba9b7234-19ea-40e1-bb60-95fa157c93f0@group-11A6EF8C8DA7: change Leader from null to ba9b7234-19ea-40e1-bb60-95fa157c93f0 at term 1 for becomeLeader, leader elected after 5112ms
2023-05-04 21:54:32,892 [ba9b7234-19ea-40e1-bb60-95fa157c93f0@group-11A6EF8C8DA7-LeaderElection26] INFO  server.RaftServerConfigKeys (ConfUtils.java:logGet(46)) - raft.server.staging.catchup.gap = 1000 (default)
2023-05-04 21:54:32,893 [ba9b7234-19ea-40e1-bb60-95fa157c93f0@group-11A6EF8C8DA7-LeaderElection26] INFO  server.RaftServerConfigKeys (ConfUtils.java:logGet(46)) - raft.server.write.element-limit = 1024 (custom)
2023-05-04 21:54:32,893 [ba9b7234-19ea-40e1-bb60-95fa157c93f0@group-11A6EF8C8DA7-LeaderElection26] INFO  server.RaftServerConfigKeys (ConfUtils.java:logGet(46)) - raft.server.write.byte-limit = 1024 M (=1073741824) (custom)
2023-05-04 21:54:32,893 [ba9b7234-19ea-40e1-bb60-95fa157c93f0@group-11A6EF8C8DA7-LeaderElection26] INFO  server.RaftServerConfigKeys (ConfUtils.java:logGet(46)) - raft.server.watch.timeout = 180s (custom)
2023-05-04 21:54:32,893 [ba9b7234-19ea-40e1-bb60-95fa157c93f0@group-11A6EF8C8DA7-LeaderElection26] INFO  server.RaftServerConfigKeys (ConfUtils.java:logGet(46)) - raft.server.watch.timeout.denomination = 1s (default)
2023-05-04 21:54:32,893 [ba9b7234-19ea-40e1-bb60-95fa157c93f0@group-11A6EF8C8DA7-LeaderElection26] INFO  server.RaftServerConfigKeys (ConfUtils.java:logGet(46)) - raft.server.watch.element-limit = 65536 (default)
2023-05-04 21:54:32,897 [ba9b7234-19ea-40e1-bb60-95fa157c93f0@group-11A6EF8C8DA7-LeaderElection26] INFO  server.RaftServerConfigKeys (ConfUtils.java:logGet(46)) - raft.server.write.element-limit = 1024 (custom)
2023-05-04 21:54:32,898 [ba9b7234-19ea-40e1-bb60-95fa157c93f0@group-11A6EF8C8DA7-LeaderElection26] INFO  server.RaftServerConfigKeys (ConfUtils.java:logGet(46)) - raft.server.write.follower.gap.ratio.max = -1.0 (default)
2023-05-04 21:54:32,898 [ba9b7234-19ea-40e1-bb60-95fa157c93f0@group-11A6EF8C8DA7-LeaderElection26] INFO  impl.RoleInfo (RoleInfo.java:updateAndGet(139)) - ba9b7234-19ea-40e1-bb60-95fa157c93f0: start ba9b7234-19ea-40e1-bb60-95fa157c93f0@group-11A6EF8C8DA7-LeaderStateImpl
2023-05-04 21:54:32,898 [ba9b7234-19ea-40e1-bb60-95fa157c93f0@group-11A6EF8C8DA7-LeaderElection26] INFO  segmented.SegmentedRaftLogWorker (SegmentedRaftLogWorker.java:startLogSegment(452)) - ba9b7234-19ea-40e1-bb60-95fa157c93f0@group-11A6EF8C8DA7-SegmentedRaftLogWorker: Starting segment from index:0
2023-05-04 21:54:32,899 [ba9b7234-19ea-40e1-bb60-95fa157c93f0@group-11A6EF8C8DA7-SegmentedRaftLogWorker] INFO  segmented.SegmentedRaftLogWorker (SegmentedRaftLogWorker.java:execute(656)) - ba9b7234-19ea-40e1-bb60-95fa157c93f0@group-11A6EF8C8DA7-SegmentedRaftLogWorker: created new log segment /home/runner/work/ozone/ozone/hadoop-ozone/integration-test/target/test-dir/MiniOzoneClusterImpl-52a188dd-66b8-45b2-ab7c-675c0ee04825/datanode-11/data/ratis/53d66a2a-53bb-495a-9bd6-11a6ef8c8da7/current/log_inprogress_0
2023-05-04 21:54:32,900 [ba9b7234-19ea-40e1-bb60-95fa157c93f0@group-11A6EF8C8DA7-LeaderElection26] INFO  server.RaftServer$Division (ServerState.java:setRaftConf(430)) - ba9b7234-19ea-40e1-bb60-95fa157c93f0@group-11A6EF8C8DA7: set configuration 0: peers:[ba9b7234-19ea-40e1-bb60-95fa157c93f0|rpc:10.1.0.44:37815|dataStream:10.1.0.44:46499|priority:1|startupRole:FOLLOWER]|listeners:[], old=null
2023-05-04 21:54:33,115 [1cc39e43-a1b8-4aca-9e03-172752381d1e@group-B87FE21FBB1C-FollowerState] INFO  impl.FollowerState (FollowerState.java:run(143)) - 1cc39e43-a1b8-4aca-9e03-172752381d1e@group-B87FE21FBB1C-FollowerState: change to CANDIDATE, lastRpcElapsedTime:5103418653ns, electionTimeout:5102ms
2023-05-04 21:54:33,115 [1cc39e43-a1b8-4aca-9e03-172752381d1e@group-B87FE21FBB1C-FollowerState] INFO  impl.RoleInfo (RoleInfo.java:shutdownFollowerState(110)) - 1cc39e43-a1b8-4aca-9e03-172752381d1e: shutdown 1cc39e43-a1b8-4aca-9e03-172752381d1e@group-B87FE21FBB1C-FollowerState
2023-05-04 21:54:33,115 [1cc39e43-a1b8-4aca-9e03-172752381d1e@group-B87FE21FBB1C-FollowerState] INFO  server.RaftServer$Division (RaftServerImpl.java:setRole(321)) - 1cc39e43-a1b8-4aca-9e03-172752381d1e@group-B87FE21FBB1C: changes role from  FOLLOWER to CANDIDATE at term 0 for changeToCandidate
2023-05-04 21:54:33,116 [1cc39e43-a1b8-4aca-9e03-172752381d1e@group-B87FE21FBB1C-FollowerState] INFO  server.RaftServerConfigKeys (ConfUtils.java:logGet(46)) - raft.server.leaderelection.pre-vote = true (default)
2023-05-04 21:54:33,116 [1cc39e43-a1b8-4aca-9e03-172752381d1e@group-B87FE21FBB1C-FollowerState] INFO  impl.RoleInfo (RoleInfo.java:updateAndGet(139)) - 1cc39e43-a1b8-4aca-9e03-172752381d1e: start 1cc39e43-a1b8-4aca-9e03-172752381d1e@group-B87FE21FBB1C-LeaderElection27
2023-05-04 21:54:33,120 [1cc39e43-a1b8-4aca-9e03-172752381d1e@group-B87FE21FBB1C-LeaderElection27] INFO  impl.LeaderElection (LeaderElection.java:askForVotes(312)) - 1cc39e43-a1b8-4aca-9e03-172752381d1e@group-B87FE21FBB1C-LeaderElection27 PRE_VOTE round 0: submit vote requests at term 0 for -1: peers:[1cc39e43-a1b8-4aca-9e03-172752381d1e|rpc:10.1.0.44:34233|dataStream:10.1.0.44:39453|priority:1|startupRole:FOLLOWER]|listeners:[], old=null
2023-05-04 21:54:33,121 [1cc39e43-a1b8-4aca-9e03-172752381d1e@group-B87FE21FBB1C-LeaderElection27] INFO  impl.LeaderElection (LeaderElection.java:askForVotes(314)) - 1cc39e43-a1b8-4aca-9e03-172752381d1e@group-B87FE21FBB1C-LeaderElection27 PRE_VOTE round 0: result PASSED (term=0)
2023-05-04 21:54:33,122 [1cc39e43-a1b8-4aca-9e03-172752381d1e@group-B87FE21FBB1C-LeaderElection27] INFO  impl.LeaderElection (LeaderElection.java:askForVotes(312)) - 1cc39e43-a1b8-4aca-9e03-172752381d1e@group-B87FE21FBB1C-LeaderElection27 ELECTION round 0: submit vote requests at term 1 for -1: peers:[1cc39e43-a1b8-4aca-9e03-172752381d1e|rpc:10.1.0.44:34233|dataStream:10.1.0.44:39453|priority:1|startupRole:FOLLOWER]|listeners:[], old=null
2023-05-04 21:54:33,122 [1cc39e43-a1b8-4aca-9e03-172752381d1e@group-B87FE21FBB1C-LeaderElection27] INFO  impl.LeaderElection (LeaderElection.java:askForVotes(314)) - 1cc39e43-a1b8-4aca-9e03-172752381d1e@group-B87FE21FBB1C-LeaderElection27 ELECTION round 0: result PASSED (term=1)
2023-05-04 21:54:33,122 [1cc39e43-a1b8-4aca-9e03-172752381d1e@group-B87FE21FBB1C-LeaderElection27] INFO  impl.RoleInfo (RoleInfo.java:shutdownLeaderElection(130)) - 1cc39e43-a1b8-4aca-9e03-172752381d1e: shutdown 1cc39e43-a1b8-4aca-9e03-172752381d1e@group-B87FE21FBB1C-LeaderElection27
2023-05-04 21:54:33,122 [1cc39e43-a1b8-4aca-9e03-172752381d1e@group-B87FE21FBB1C-LeaderElection27] INFO  server.RaftServer$Division (RaftServerImpl.java:setRole(321)) - 1cc39e43-a1b8-4aca-9e03-172752381d1e@group-B87FE21FBB1C: changes role from CANDIDATE to LEADER at term 1 for changeToLeader
2023-05-04 21:54:33,122 [1cc39e43-a1b8-4aca-9e03-172752381d1e@group-B87FE21FBB1C-LeaderElection27] INFO  ratis.XceiverServerRatis (XceiverServerRatis.java:handleLeaderChangedNotification(904)) - Leader change notification received for group: group-B87FE21FBB1C with new leaderId: 1cc39e43-a1b8-4aca-9e03-172752381d1e
2023-05-04 21:54:33,123 [1cc39e43-a1b8-4aca-9e03-172752381d1e@group-B87FE21FBB1C-LeaderElection27] INFO  server.RaftServer$Division (ServerState.java:setLeader(313)) - 1cc39e43-a1b8-4aca-9e03-172752381d1e@group-B87FE21FBB1C: change Leader from null to 1cc39e43-a1b8-4aca-9e03-172752381d1e at term 1 for becomeLeader, leader elected after 5128ms
2023-05-04 21:54:33,123 [1cc39e43-a1b8-4aca-9e03-172752381d1e@group-B87FE21FBB1C-LeaderElection27] INFO  server.RaftServerConfigKeys (ConfUtils.java:logGet(46)) - raft.server.staging.catchup.gap = 1000 (default)
2023-05-04 21:54:33,123 [1cc39e43-a1b8-4aca-9e03-172752381d1e@group-B87FE21FBB1C-LeaderElection27] INFO  server.RaftServerConfigKeys (ConfUtils.java:logGet(46)) - raft.server.write.element-limit = 1024 (custom)
2023-05-04 21:54:33,123 [1cc39e43-a1b8-4aca-9e03-172752381d1e@group-B87FE21FBB1C-LeaderElection27] INFO  server.RaftServerConfigKeys (ConfUtils.java:logGet(46)) - raft.server.write.byte-limit = 1024 M (=1073741824) (custom)
2023-05-04 21:54:33,124 [1cc39e43-a1b8-4aca-9e03-172752381d1e@group-B87FE21FBB1C-LeaderElection27] INFO  server.RaftServerConfigKeys (ConfUtils.java:logGet(46)) - raft.server.watch.timeout = 180s (custom)
2023-05-04 21:54:33,124 [1cc39e43-a1b8-4aca-9e03-172752381d1e@group-B87FE21FBB1C-LeaderElection27] INFO  server.RaftServerConfigKeys (ConfUtils.java:logGet(46)) - raft.server.watch.timeout.denomination = 1s (default)
2023-05-04 21:54:33,124 [1cc39e43-a1b8-4aca-9e03-172752381d1e@group-B87FE21FBB1C-LeaderElection27] INFO  server.RaftServerConfigKeys (ConfUtils.java:logGet(46)) - raft.server.watch.element-limit = 65536 (default)
2023-05-04 21:54:33,125 [1cc39e43-a1b8-4aca-9e03-172752381d1e@group-B87FE21FBB1C-LeaderElection27] INFO  server.RaftServerConfigKeys (ConfUtils.java:logGet(46)) - raft.server.write.element-limit = 1024 (custom)
2023-05-04 21:54:33,125 [1cc39e43-a1b8-4aca-9e03-172752381d1e@group-B87FE21FBB1C-LeaderElection27] INFO  server.RaftServerConfigKeys (ConfUtils.java:logGet(46)) - raft.server.write.follower.gap.ratio.max = -1.0 (default)
2023-05-04 21:54:33,125 [1cc39e43-a1b8-4aca-9e03-172752381d1e@group-B87FE21FBB1C-LeaderElection27] INFO  impl.RoleInfo (RoleInfo.java:updateAndGet(139)) - 1cc39e43-a1b8-4aca-9e03-172752381d1e: start 1cc39e43-a1b8-4aca-9e03-172752381d1e@group-B87FE21FBB1C-LeaderStateImpl
2023-05-04 21:54:33,125 [1cc39e43-a1b8-4aca-9e03-172752381d1e@group-B87FE21FBB1C-LeaderElection27] INFO  segmented.SegmentedRaftLogWorker (SegmentedRaftLogWorker.java:startLogSegment(452)) - 1cc39e43-a1b8-4aca-9e03-172752381d1e@group-B87FE21FBB1C-SegmentedRaftLogWorker: Starting segment from index:0
2023-05-04 21:54:33,126 [1cc39e43-a1b8-4aca-9e03-172752381d1e@group-B87FE21FBB1C-LeaderElection27] INFO  server.RaftServer$Division (ServerState.java:setRaftConf(430)) - 1cc39e43-a1b8-4aca-9e03-172752381d1e@group-B87FE21FBB1C: set configuration 0: peers:[1cc39e43-a1b8-4aca-9e03-172752381d1e|rpc:10.1.0.44:34233|dataStream:10.1.0.44:39453|priority:1|startupRole:FOLLOWER]|listeners:[], old=null
2023-05-04 21:54:33,127 [1cc39e43-a1b8-4aca-9e03-172752381d1e@group-B87FE21FBB1C-SegmentedRaftLogWorker] INFO  segmented.SegmentedRaftLogWorker (SegmentedRaftLogWorker.java:execute(656)) - 1cc39e43-a1b8-4aca-9e03-172752381d1e@group-B87FE21FBB1C-SegmentedRaftLogWorker: created new log segment /home/runner/work/ozone/ozone/hadoop-ozone/integration-test/target/test-dir/MiniOzoneClusterImpl-52a188dd-66b8-45b2-ab7c-675c0ee04825/datanode-12/data/ratis/e476fd83-53ba-44fc-9320-b87fe21fbb1c/current/log_inprogress_0
2023-05-04 21:54:33,612 [4af14e23-4e43-4125-a3fa-4a46f775551c@group-F197F553B77F-FollowerState] INFO  impl.FollowerState (FollowerState.java:run(143)) - 4af14e23-4e43-4125-a3fa-4a46f775551c@group-F197F553B77F-FollowerState: change to CANDIDATE, lastRpcElapsedTime:5082453132ns, electionTimeout:5076ms
2023-05-04 21:54:33,612 [4af14e23-4e43-4125-a3fa-4a46f775551c@group-F197F553B77F-FollowerState] INFO  impl.RoleInfo (RoleInfo.java:shutdownFollowerState(110)) - 4af14e23-4e43-4125-a3fa-4a46f775551c: shutdown 4af14e23-4e43-4125-a3fa-4a46f775551c@group-F197F553B77F-FollowerState
2023-05-04 21:54:33,612 [4af14e23-4e43-4125-a3fa-4a46f775551c@group-F197F553B77F-FollowerState] INFO  server.RaftServer$Division (RaftServerImpl.java:setRole(321)) - 4af14e23-4e43-4125-a3fa-4a46f775551c@group-F197F553B77F: changes role from  FOLLOWER to CANDIDATE at term 0 for changeToCandidate
2023-05-04 21:54:33,613 [4af14e23-4e43-4125-a3fa-4a46f775551c@group-F197F553B77F-FollowerState] INFO  server.RaftServerConfigKeys (ConfUtils.java:logGet(46)) - raft.server.leaderelection.pre-vote = true (default)
2023-05-04 21:54:33,613 [4af14e23-4e43-4125-a3fa-4a46f775551c@group-F197F553B77F-FollowerState] INFO  impl.RoleInfo (RoleInfo.java:updateAndGet(139)) - 4af14e23-4e43-4125-a3fa-4a46f775551c: start 4af14e23-4e43-4125-a3fa-4a46f775551c@group-F197F553B77F-LeaderElection28
2023-05-04 21:54:33,621 [4af14e23-4e43-4125-a3fa-4a46f775551c@group-F197F553B77F-LeaderElection28] INFO  impl.LeaderElection (LeaderElection.java:askForVotes(312)) - 4af14e23-4e43-4125-a3fa-4a46f775551c@group-F197F553B77F-LeaderElection28 PRE_VOTE round 0: submit vote requests at term 0 for -1: peers:[4af14e23-4e43-4125-a3fa-4a46f775551c|rpc:10.1.0.44:42289|dataStream:10.1.0.44:37781|priority:1|startupRole:FOLLOWER]|listeners:[], old=null
2023-05-04 21:54:33,621 [4af14e23-4e43-4125-a3fa-4a46f775551c@group-F197F553B77F-LeaderElection28] INFO  impl.LeaderElection (LeaderElection.java:askForVotes(314)) - 4af14e23-4e43-4125-a3fa-4a46f775551c@group-F197F553B77F-LeaderElection28 PRE_VOTE round 0: result PASSED (term=0)
2023-05-04 21:54:33,623 [4af14e23-4e43-4125-a3fa-4a46f775551c@group-F197F553B77F-LeaderElection28] INFO  impl.LeaderElection (LeaderElection.java:askForVotes(312)) - 4af14e23-4e43-4125-a3fa-4a46f775551c@group-F197F553B77F-LeaderElection28 ELECTION round 0: submit vote requests at term 1 for -1: peers:[4af14e23-4e43-4125-a3fa-4a46f775551c|rpc:10.1.0.44:42289|dataStream:10.1.0.44:37781|priority:1|startupRole:FOLLOWER]|listeners:[], old=null
2023-05-04 21:54:33,623 [4af14e23-4e43-4125-a3fa-4a46f775551c@group-F197F553B77F-LeaderElection28] INFO  impl.LeaderElection (LeaderElection.java:askForVotes(314)) - 4af14e23-4e43-4125-a3fa-4a46f775551c@group-F197F553B77F-LeaderElection28 ELECTION round 0: result PASSED (term=1)
2023-05-04 21:54:33,623 [4af14e23-4e43-4125-a3fa-4a46f775551c@group-F197F553B77F-LeaderElection28] INFO  impl.RoleInfo (RoleInfo.java:shutdownLeaderElection(130)) - 4af14e23-4e43-4125-a3fa-4a46f775551c: shutdown 4af14e23-4e43-4125-a3fa-4a46f775551c@group-F197F553B77F-LeaderElection28
2023-05-04 21:54:33,623 [4af14e23-4e43-4125-a3fa-4a46f775551c@group-F197F553B77F-LeaderElection28] INFO  server.RaftServer$Division (RaftServerImpl.java:setRole(321)) - 4af14e23-4e43-4125-a3fa-4a46f775551c@group-F197F553B77F: changes role from CANDIDATE to LEADER at term 1 for changeToLeader
2023-05-04 21:54:33,623 [4af14e23-4e43-4125-a3fa-4a46f775551c@group-F197F553B77F-LeaderElection28] INFO  ratis.XceiverServerRatis (XceiverServerRatis.java:handleLeaderChangedNotification(904)) - Leader change notification received for group: group-F197F553B77F with new leaderId: 4af14e23-4e43-4125-a3fa-4a46f775551c
2023-05-04 21:54:33,623 [4af14e23-4e43-4125-a3fa-4a46f775551c@group-F197F553B77F-LeaderElection28] INFO  server.RaftServer$Division (ServerState.java:setLeader(313)) - 4af14e23-4e43-4125-a3fa-4a46f775551c@group-F197F553B77F: change Leader from null to 4af14e23-4e43-4125-a3fa-4a46f775551c at term 1 for becomeLeader, leader elected after 5120ms
2023-05-04 21:54:33,624 [4af14e23-4e43-4125-a3fa-4a46f775551c@group-F197F553B77F-LeaderElection28] INFO  server.RaftServerConfigKeys (ConfUtils.java:logGet(46)) - raft.server.staging.catchup.gap = 1000 (default)
2023-05-04 21:54:33,624 [4af14e23-4e43-4125-a3fa-4a46f775551c@group-F197F553B77F-LeaderElection28] INFO  server.RaftServerConfigKeys (ConfUtils.java:logGet(46)) - raft.server.write.element-limit = 1024 (custom)
2023-05-04 21:54:33,624 [4af14e23-4e43-4125-a3fa-4a46f775551c@group-F197F553B77F-LeaderElection28] INFO  server.RaftServerConfigKeys (ConfUtils.java:logGet(46)) - raft.server.write.byte-limit = 1024 M (=1073741824) (custom)
2023-05-04 21:54:33,624 [4af14e23-4e43-4125-a3fa-4a46f775551c@group-F197F553B77F-LeaderElection28] INFO  server.RaftServerConfigKeys (ConfUtils.java:logGet(46)) - raft.server.watch.timeout = 180s (custom)
2023-05-04 21:54:33,624 [4af14e23-4e43-4125-a3fa-4a46f775551c@group-F197F553B77F-LeaderElection28] INFO  server.RaftServerConfigKeys (ConfUtils.java:logGet(46)) - raft.server.watch.timeout.denomination = 1s (default)
2023-05-04 21:54:33,624 [4af14e23-4e43-4125-a3fa-4a46f775551c@group-F197F553B77F-LeaderElection28] INFO  server.RaftServerConfigKeys (ConfUtils.java:logGet(46)) - raft.server.watch.element-limit = 65536 (default)
2023-05-04 21:54:33,625 [4af14e23-4e43-4125-a3fa-4a46f775551c@group-F197F553B77F-LeaderElection28] INFO  server.RaftServerConfigKeys (ConfUtils.java:logGet(46)) - raft.server.write.element-limit = 1024 (custom)
2023-05-04 21:54:33,625 [4af14e23-4e43-4125-a3fa-4a46f775551c@group-F197F553B77F-LeaderElection28] INFO  server.RaftServerConfigKeys (ConfUtils.java:logGet(46)) - raft.server.write.follower.gap.ratio.max = -1.0 (default)
2023-05-04 21:54:33,625 [4af14e23-4e43-4125-a3fa-4a46f775551c@group-F197F553B77F-LeaderElection28] INFO  impl.RoleInfo (RoleInfo.java:updateAndGet(139)) - 4af14e23-4e43-4125-a3fa-4a46f775551c: start 4af14e23-4e43-4125-a3fa-4a46f775551c@group-F197F553B77F-LeaderStateImpl
2023-05-04 21:54:33,626 [4af14e23-4e43-4125-a3fa-4a46f775551c@group-F197F553B77F-LeaderElection28] INFO  segmented.SegmentedRaftLogWorker (SegmentedRaftLogWorker.java:startLogSegment(452)) - 4af14e23-4e43-4125-a3fa-4a46f775551c@group-F197F553B77F-SegmentedRaftLogWorker: Starting segment from index:0
2023-05-04 21:54:33,626 [4af14e23-4e43-4125-a3fa-4a46f775551c@group-F197F553B77F-LeaderElection28] INFO  server.RaftServer$Division (ServerState.java:setRaftConf(430)) - 4af14e23-4e43-4125-a3fa-4a46f775551c@group-F197F553B77F: set configuration 0: peers:[4af14e23-4e43-4125-a3fa-4a46f775551c|rpc:10.1.0.44:42289|dataStream:10.1.0.44:37781|priority:1|startupRole:FOLLOWER]|listeners:[], old=null
2023-05-04 21:54:33,629 [4af14e23-4e43-4125-a3fa-4a46f775551c@group-F197F553B77F-SegmentedRaftLogWorker] INFO  segmented.SegmentedRaftLogWorker (SegmentedRaftLogWorker.java:execute(656)) - 4af14e23-4e43-4125-a3fa-4a46f775551c@group-F197F553B77F-SegmentedRaftLogWorker: created new log segment /home/runner/work/ozone/ozone/hadoop-ozone/integration-test/target/test-dir/MiniOzoneClusterImpl-52a188dd-66b8-45b2-ab7c-675c0ee04825/datanode-13/data/ratis/260cc495-612c-4dbb-b2ca-f197f553b77f/current/log_inprogress_0
2023-05-04 21:54:34,980 [6abe40d9-bbca-402e-938b-50fbed365dbf@group-8808EB89F905-FollowerState] INFO  impl.FollowerState (FollowerState.java:run(143)) - 6abe40d9-bbca-402e-938b-50fbed365dbf@group-8808EB89F905-FollowerState: change to CANDIDATE, lastRpcElapsedTime:10648241356ns, electionTimeout:5127ms
2023-05-04 21:54:34,980 [6abe40d9-bbca-402e-938b-50fbed365dbf@group-8808EB89F905-FollowerState] INFO  impl.RoleInfo (RoleInfo.java:shutdownFollowerState(110)) - 6abe40d9-bbca-402e-938b-50fbed365dbf: shutdown 6abe40d9-bbca-402e-938b-50fbed365dbf@group-8808EB89F905-FollowerState
2023-05-04 21:54:34,980 [6abe40d9-bbca-402e-938b-50fbed365dbf@group-8808EB89F905-FollowerState] INFO  server.RaftServer$Division (RaftServerImpl.java:setRole(321)) - 6abe40d9-bbca-402e-938b-50fbed365dbf@group-8808EB89F905: changes role from  FOLLOWER to CANDIDATE at term 0 for changeToCandidate
2023-05-04 21:54:34,980 [6abe40d9-bbca-402e-938b-50fbed365dbf@group-8808EB89F905-FollowerState] INFO  server.RaftServerConfigKeys (ConfUtils.java:logGet(46)) - raft.server.leaderelection.pre-vote = true (default)
2023-05-04 21:54:34,980 [6abe40d9-bbca-402e-938b-50fbed365dbf@group-8808EB89F905-FollowerState] INFO  impl.RoleInfo (RoleInfo.java:updateAndGet(139)) - 6abe40d9-bbca-402e-938b-50fbed365dbf: start 6abe40d9-bbca-402e-938b-50fbed365dbf@group-8808EB89F905-LeaderElection29
2023-05-04 21:54:34,981 [6abe40d9-bbca-402e-938b-50fbed365dbf@group-8808EB89F905-LeaderElection29] INFO  impl.LeaderElection (LeaderElection.java:askForVotes(312)) - 6abe40d9-bbca-402e-938b-50fbed365dbf@group-8808EB89F905-LeaderElection29 PRE_VOTE round 0: submit vote requests at term 0 for -1: peers:[6abe40d9-bbca-402e-938b-50fbed365dbf|rpc:10.1.0.44:37731|dataStream:10.1.0.44:45795|priority:1|startupRole:FOLLOWER]|listeners:[], old=null
2023-05-04 21:54:34,981 [6abe40d9-bbca-402e-938b-50fbed365dbf@group-8808EB89F905-LeaderElection29] INFO  impl.LeaderElection (LeaderElection.java:askForVotes(314)) - 6abe40d9-bbca-402e-938b-50fbed365dbf@group-8808EB89F905-LeaderElection29 PRE_VOTE round 0: result PASSED (term=0)
2023-05-04 21:54:34,983 [6abe40d9-bbca-402e-938b-50fbed365dbf@group-8808EB89F905-LeaderElection29] INFO  impl.LeaderElection (LeaderElection.java:askForVotes(312)) - 6abe40d9-bbca-402e-938b-50fbed365dbf@group-8808EB89F905-LeaderElection29 ELECTION round 0: submit vote requests at term 1 for -1: peers:[6abe40d9-bbca-402e-938b-50fbed365dbf|rpc:10.1.0.44:37731|dataStream:10.1.0.44:45795|priority:1|startupRole:FOLLOWER]|listeners:[], old=null
2023-05-04 21:54:34,983 [6abe40d9-bbca-402e-938b-50fbed365dbf@group-8808EB89F905-LeaderElection29] INFO  impl.LeaderElection (LeaderElection.java:askForVotes(314)) - 6abe40d9-bbca-402e-938b-50fbed365dbf@group-8808EB89F905-LeaderElection29 ELECTION round 0: result PASSED (term=1)
2023-05-04 21:54:34,983 [6abe40d9-bbca-402e-938b-50fbed365dbf@group-8808EB89F905-LeaderElection29] INFO  impl.RoleInfo (RoleInfo.java:shutdownLeaderElection(130)) - 6abe40d9-bbca-402e-938b-50fbed365dbf: shutdown 6abe40d9-bbca-402e-938b-50fbed365dbf@group-8808EB89F905-LeaderElection29
2023-05-04 21:54:34,983 [6abe40d9-bbca-402e-938b-50fbed365dbf@group-8808EB89F905-LeaderElection29] INFO  server.RaftServer$Division (RaftServerImpl.java:setRole(321)) - 6abe40d9-bbca-402e-938b-50fbed365dbf@group-8808EB89F905: changes role from CANDIDATE to LEADER at term 1 for changeToLeader
2023-05-04 21:54:34,983 [6abe40d9-bbca-402e-938b-50fbed365dbf@group-8808EB89F905-LeaderElection29] INFO  ratis.XceiverServerRatis (XceiverServerRatis.java:handleLeaderChangedNotification(904)) - Leader change notification received for group: group-8808EB89F905 with new leaderId: 6abe40d9-bbca-402e-938b-50fbed365dbf
2023-05-04 21:54:34,983 [6abe40d9-bbca-402e-938b-50fbed365dbf@group-8808EB89F905-LeaderElection29] INFO  server.RaftServer$Division (ServerState.java:setLeader(313)) - 6abe40d9-bbca-402e-938b-50fbed365dbf@group-8808EB89F905: change Leader from null to 6abe40d9-bbca-402e-938b-50fbed365dbf at term 1 for becomeLeader, leader elected after 10681ms
2023-05-04 21:54:34,983 [6abe40d9-bbca-402e-938b-50fbed365dbf@group-8808EB89F905-LeaderElection29] INFO  server.RaftServerConfigKeys (ConfUtils.java:logGet(46)) - raft.server.staging.catchup.gap = 1000 (default)
2023-05-04 21:54:34,983 [6abe40d9-bbca-402e-938b-50fbed365dbf@group-8808EB89F905-LeaderElection29] INFO  server.RaftServerConfigKeys (ConfUtils.java:logGet(46)) - raft.server.write.element-limit = 1024 (custom)
2023-05-04 21:54:34,984 [6abe40d9-bbca-402e-938b-50fbed365dbf@group-8808EB89F905-LeaderElection29] INFO  server.RaftServerConfigKeys (ConfUtils.java:logGet(46)) - raft.server.write.byte-limit = 1024 M (=1073741824) (custom)
2023-05-04 21:54:34,984 [6abe40d9-bbca-402e-938b-50fbed365dbf@group-8808EB89F905-LeaderElection29] INFO  server.RaftServerConfigKeys (ConfUtils.java:logGet(46)) - raft.server.watch.timeout = 180s (custom)
2023-05-04 21:54:34,984 [6abe40d9-bbca-402e-938b-50fbed365dbf@group-8808EB89F905-LeaderElection29] INFO  server.RaftServerConfigKeys (ConfUtils.java:logGet(46)) - raft.server.watch.timeout.denomination = 1s (default)
2023-05-04 21:54:34,986 [6abe40d9-bbca-402e-938b-50fbed365dbf@group-8808EB89F905-LeaderElection29] INFO  server.RaftServerConfigKeys (ConfUtils.java:logGet(46)) - raft.server.watch.element-limit = 65536 (default)
2023-05-04 21:54:34,986 [6abe40d9-bbca-402e-938b-50fbed365dbf@group-8808EB89F905-LeaderElection29] INFO  server.RaftServerConfigKeys (ConfUtils.java:logGet(46)) - raft.server.write.element-limit = 1024 (custom)
2023-05-04 21:54:34,986 [6abe40d9-bbca-402e-938b-50fbed365dbf@group-8808EB89F905-LeaderElection29] INFO  server.RaftServerConfigKeys (ConfUtils.java:logGet(46)) - raft.server.write.follower.gap.ratio.max = -1.0 (default)
2023-05-04 21:54:34,986 [6abe40d9-bbca-402e-938b-50fbed365dbf@group-8808EB89F905-LeaderElection29] INFO  impl.RoleInfo (RoleInfo.java:updateAndGet(139)) - 6abe40d9-bbca-402e-938b-50fbed365dbf: start 6abe40d9-bbca-402e-938b-50fbed365dbf@group-8808EB89F905-LeaderStateImpl
2023-05-04 21:54:34,987 [6abe40d9-bbca-402e-938b-50fbed365dbf@group-8808EB89F905-LeaderElection29] INFO  segmented.SegmentedRaftLogWorker (SegmentedRaftLogWorker.java:startLogSegment(452)) - 6abe40d9-bbca-402e-938b-50fbed365dbf@group-8808EB89F905-SegmentedRaftLogWorker: Starting segment from index:0
2023-05-04 21:54:34,987 [6abe40d9-bbca-402e-938b-50fbed365dbf@group-8808EB89F905-LeaderElection29] INFO  server.RaftServer$Division (ServerState.java:setRaftConf(430)) - 6abe40d9-bbca-402e-938b-50fbed365dbf@group-8808EB89F905: set configuration 0: peers:[6abe40d9-bbca-402e-938b-50fbed365dbf|rpc:10.1.0.44:37731|dataStream:10.1.0.44:45795|priority:1|startupRole:FOLLOWER]|listeners:[], old=null
2023-05-04 21:54:34,988 [6abe40d9-bbca-402e-938b-50fbed365dbf@group-8808EB89F905-SegmentedRaftLogWorker] INFO  segmented.SegmentedRaftLogWorker (SegmentedRaftLogWorker.java:execute(656)) - 6abe40d9-bbca-402e-938b-50fbed365dbf@group-8808EB89F905-SegmentedRaftLogWorker: created new log segment /home/runner/work/ozone/ozone/hadoop-ozone/integration-test/target/test-dir/MiniOzoneClusterImpl-52a188dd-66b8-45b2-ab7c-675c0ee04825/datanode-4/data/ratis/0b6dce09-7549-4159-86e7-8808eb89f905/current/log_inprogress_0
2023-05-04 21:54:35,033 [6abe40d9-bbca-402e-938b-50fbed365dbf@group-1D4C41826DFE-FollowerState] INFO  impl.FollowerState (FollowerState.java:run(143)) - 6abe40d9-bbca-402e-938b-50fbed365dbf@group-1D4C41826DFE-FollowerState: change to CANDIDATE, lastRpcElapsedTime:10676961050ns, electionTimeout:5181ms
2023-05-04 21:54:35,034 [6abe40d9-bbca-402e-938b-50fbed365dbf@group-1D4C41826DFE-FollowerState] INFO  impl.RoleInfo (RoleInfo.java:shutdownFollowerState(110)) - 6abe40d9-bbca-402e-938b-50fbed365dbf: shutdown 6abe40d9-bbca-402e-938b-50fbed365dbf@group-1D4C41826DFE-FollowerState
2023-05-04 21:54:35,034 [6abe40d9-bbca-402e-938b-50fbed365dbf@group-1D4C41826DFE-FollowerState] INFO  server.RaftServer$Division (RaftServerImpl.java:setRole(321)) - 6abe40d9-bbca-402e-938b-50fbed365dbf@group-1D4C41826DFE: changes role from  FOLLOWER to CANDIDATE at term 0 for changeToCandidate
2023-05-04 21:54:35,034 [6abe40d9-bbca-402e-938b-50fbed365dbf@group-1D4C41826DFE-FollowerState] INFO  server.RaftServerConfigKeys (ConfUtils.java:logGet(46)) - raft.server.leaderelection.pre-vote = true (default)
2023-05-04 21:54:35,034 [6abe40d9-bbca-402e-938b-50fbed365dbf@group-1D4C41826DFE-FollowerState] INFO  impl.RoleInfo (RoleInfo.java:updateAndGet(139)) - 6abe40d9-bbca-402e-938b-50fbed365dbf: start 6abe40d9-bbca-402e-938b-50fbed365dbf@group-1D4C41826DFE-LeaderElection30
2023-05-04 21:54:35,034 [6abe40d9-bbca-402e-938b-50fbed365dbf@group-1D4C41826DFE-LeaderElection30] INFO  impl.LeaderElection (LeaderElection.java:askForVotes(312)) - 6abe40d9-bbca-402e-938b-50fbed365dbf@group-1D4C41826DFE-LeaderElection30 PRE_VOTE round 0: submit vote requests at term 0 for -1: peers:[6abe40d9-bbca-402e-938b-50fbed365dbf|rpc:10.1.0.44:37731|dataStream:10.1.0.44:45795|priority:1|startupRole:FOLLOWER, dbf01856-92cd-4f2e-80e3-f7bd7f97e610|rpc:10.1.0.44:43433|dataStream:10.1.0.44:34049|priority:0|startupRole:FOLLOWER, 7b4a0121-e5ca-4a28-aa85-7db853fd0802|rpc:10.1.0.44:42349|dataStream:10.1.0.44:38943|priority:0|startupRole:FOLLOWER]|listeners:[], old=null
2023-05-04 21:54:35,035 [6abe40d9-bbca-402e-938b-50fbed365dbf@group-1D4C41826DFE-LeaderElection30] INFO  server.RaftServerConfigKeys (ConfUtils.java:logFallback(53)) - raft.server.rpc.first-election.timeout.min = 5s (fallback to raft.server.rpc.timeout.min)
2023-05-04 21:54:35,036 [6abe40d9-bbca-402e-938b-50fbed365dbf@group-1D4C41826DFE-LeaderElection30] INFO  server.RaftServerConfigKeys (ConfUtils.java:logFallback(53)) - raft.server.rpc.first-election.timeout.max = 5200ms (fallback to raft.server.rpc.timeout.max)
2023-05-04 21:54:35,037 [grpc-default-executor-5] INFO  server.RaftServer$Division (RaftServerImpl.java:requestVote(1218)) - dbf01856-92cd-4f2e-80e3-f7bd7f97e610@group-1D4C41826DFE: receive requestVote(PRE_VOTE, 6abe40d9-bbca-402e-938b-50fbed365dbf, group-1D4C41826DFE, 0, (t:0, i:0))
2023-05-04 21:54:35,038 [grpc-default-executor-5] INFO  impl.VoteContext (VoteContext.java:log(49)) - dbf01856-92cd-4f2e-80e3-f7bd7f97e610@group-1D4C41826DFE-FOLLOWER: accept PRE_VOTE from 6abe40d9-bbca-402e-938b-50fbed365dbf: our priority 0 <= candidate's priority 1
2023-05-04 21:54:35,038 [grpc-default-executor-5] INFO  server.RaftServer$Division (RaftServerImpl.java:requestVote(1251)) - dbf01856-92cd-4f2e-80e3-f7bd7f97e610@group-1D4C41826DFE replies to PRE_VOTE vote request: 6abe40d9-bbca-402e-938b-50fbed365dbf<-dbf01856-92cd-4f2e-80e3-f7bd7f97e610#0:OK-t0. Peer's state: dbf01856-92cd-4f2e-80e3-f7bd7f97e610@group-1D4C41826DFE:t0, leader=null, voted=, raftlog=Memoized:dbf01856-92cd-4f2e-80e3-f7bd7f97e610@group-1D4C41826DFE-SegmentedRaftLog:OPENED:c-1, conf=-1: peers:[6abe40d9-bbca-402e-938b-50fbed365dbf|rpc:10.1.0.44:37731|dataStream:10.1.0.44:45795|priority:1|startupRole:FOLLOWER, dbf01856-92cd-4f2e-80e3-f7bd7f97e610|rpc:10.1.0.44:43433|dataStream:10.1.0.44:34049|priority:0|startupRole:FOLLOWER, 7b4a0121-e5ca-4a28-aa85-7db853fd0802|rpc:10.1.0.44:42349|dataStream:10.1.0.44:38943|priority:0|startupRole:FOLLOWER]|listeners:[], old=null
2023-05-04 21:54:35,038 [grpc-default-executor-0] INFO  server.RaftServer$Division (RaftServerImpl.java:requestVote(1218)) - 7b4a0121-e5ca-4a28-aa85-7db853fd0802@group-1D4C41826DFE: receive requestVote(PRE_VOTE, 6abe40d9-bbca-402e-938b-50fbed365dbf, group-1D4C41826DFE, 0, (t:0, i:0))
2023-05-04 21:54:35,038 [grpc-default-executor-0] INFO  impl.VoteContext (VoteContext.java:log(49)) - 7b4a0121-e5ca-4a28-aa85-7db853fd0802@group-1D4C41826DFE-FOLLOWER: accept PRE_VOTE from 6abe40d9-bbca-402e-938b-50fbed365dbf: our priority 0 <= candidate's priority 1
2023-05-04 21:54:35,039 [6abe40d9-bbca-402e-938b-50fbed365dbf@group-1D4C41826DFE-LeaderElection30] INFO  impl.LeaderElection (LeaderElection.java:logAndReturn(90)) - 6abe40d9-bbca-402e-938b-50fbed365dbf@group-1D4C41826DFE-LeaderElection30: PRE_VOTE PASSED received 1 response(s) and 0 exception(s):
2023-05-04 21:54:35,039 [6abe40d9-bbca-402e-938b-50fbed365dbf@group-1D4C41826DFE-LeaderElection30] INFO  impl.LeaderElection (LeaderElection.java:logAndReturn(94)) -   Response 0: 6abe40d9-bbca-402e-938b-50fbed365dbf<-dbf01856-92cd-4f2e-80e3-f7bd7f97e610#0:OK-t0
2023-05-04 21:54:35,039 [6abe40d9-bbca-402e-938b-50fbed365dbf@group-1D4C41826DFE-LeaderElection30] INFO  impl.LeaderElection (LeaderElection.java:askForVotes(314)) - 6abe40d9-bbca-402e-938b-50fbed365dbf@group-1D4C41826DFE-LeaderElection30 PRE_VOTE round 0: result PASSED
2023-05-04 21:54:35,040 [grpc-default-executor-0] INFO  server.RaftServer$Division (RaftServerImpl.java:requestVote(1251)) - 7b4a0121-e5ca-4a28-aa85-7db853fd0802@group-1D4C41826DFE replies to PRE_VOTE vote request: 6abe40d9-bbca-402e-938b-50fbed365dbf<-7b4a0121-e5ca-4a28-aa85-7db853fd0802#0:OK-t0. Peer's state: 7b4a0121-e5ca-4a28-aa85-7db853fd0802@group-1D4C41826DFE:t0, leader=null, voted=, raftlog=Memoized:7b4a0121-e5ca-4a28-aa85-7db853fd0802@group-1D4C41826DFE-SegmentedRaftLog:OPENED:c-1, conf=-1: peers:[6abe40d9-bbca-402e-938b-50fbed365dbf|rpc:10.1.0.44:37731|dataStream:10.1.0.44:45795|priority:1|startupRole:FOLLOWER, dbf01856-92cd-4f2e-80e3-f7bd7f97e610|rpc:10.1.0.44:43433|dataStream:10.1.0.44:34049|priority:0|startupRole:FOLLOWER, 7b4a0121-e5ca-4a28-aa85-7db853fd0802|rpc:10.1.0.44:42349|dataStream:10.1.0.44:38943|priority:0|startupRole:FOLLOWER]|listeners:[], old=null
2023-05-04 21:54:35,040 [6abe40d9-bbca-402e-938b-50fbed365dbf@group-1D4C41826DFE-LeaderElection30] INFO  impl.LeaderElection (LeaderElection.java:askForVotes(312)) - 6abe40d9-bbca-402e-938b-50fbed365dbf@group-1D4C41826DFE-LeaderElection30 ELECTION round 0: submit vote requests at term 1 for -1: peers:[6abe40d9-bbca-402e-938b-50fbed365dbf|rpc:10.1.0.44:37731|dataStream:10.1.0.44:45795|priority:1|startupRole:FOLLOWER, dbf01856-92cd-4f2e-80e3-f7bd7f97e610|rpc:10.1.0.44:43433|dataStream:10.1.0.44:34049|priority:0|startupRole:FOLLOWER, 7b4a0121-e5ca-4a28-aa85-7db853fd0802|rpc:10.1.0.44:42349|dataStream:10.1.0.44:38943|priority:0|startupRole:FOLLOWER]|listeners:[], old=null
2023-05-04 21:54:35,043 [6abe40d9-bbca-402e-938b-50fbed365dbf@group-1D4C41826DFE-LeaderElection30] INFO  server.RaftServerConfigKeys (ConfUtils.java:logFallback(53)) - raft.server.rpc.first-election.timeout.min = 5s (fallback to raft.server.rpc.timeout.min)
2023-05-04 21:54:35,043 [6abe40d9-bbca-402e-938b-50fbed365dbf@group-1D4C41826DFE-LeaderElection30] INFO  server.RaftServerConfigKeys (ConfUtils.java:logFallback(53)) - raft.server.rpc.first-election.timeout.max = 5200ms (fallback to raft.server.rpc.timeout.max)
2023-05-04 21:54:35,044 [grpc-default-executor-0] INFO  server.RaftServer$Division (RaftServerImpl.java:requestVote(1218)) - 7b4a0121-e5ca-4a28-aa85-7db853fd0802@group-1D4C41826DFE: receive requestVote(ELECTION, 6abe40d9-bbca-402e-938b-50fbed365dbf, group-1D4C41826DFE, 1, (t:0, i:0))
2023-05-04 21:54:35,044 [grpc-default-executor-5] INFO  server.RaftServer$Division (RaftServerImpl.java:requestVote(1218)) - dbf01856-92cd-4f2e-80e3-f7bd7f97e610@group-1D4C41826DFE: receive requestVote(ELECTION, 6abe40d9-bbca-402e-938b-50fbed365dbf, group-1D4C41826DFE, 1, (t:0, i:0))
2023-05-04 21:54:35,044 [grpc-default-executor-0] INFO  impl.VoteContext (VoteContext.java:log(49)) - 7b4a0121-e5ca-4a28-aa85-7db853fd0802@group-1D4C41826DFE-FOLLOWER: accept ELECTION from 6abe40d9-bbca-402e-938b-50fbed365dbf: our priority 0 <= candidate's priority 1
2023-05-04 21:54:35,044 [grpc-default-executor-5] INFO  impl.VoteContext (VoteContext.java:log(49)) - dbf01856-92cd-4f2e-80e3-f7bd7f97e610@group-1D4C41826DFE-FOLLOWER: accept ELECTION from 6abe40d9-bbca-402e-938b-50fbed365dbf: our priority 0 <= candidate's priority 1
2023-05-04 21:54:35,044 [grpc-default-executor-0] INFO  server.RaftServer$Division (RaftServerImpl.java:setRole(321)) - 7b4a0121-e5ca-4a28-aa85-7db853fd0802@group-1D4C41826DFE: changes role from  FOLLOWER to FOLLOWER at term 1 for candidate:6abe40d9-bbca-402e-938b-50fbed365dbf
2023-05-04 21:54:35,044 [grpc-default-executor-5] INFO  server.RaftServer$Division (RaftServerImpl.java:setRole(321)) - dbf01856-92cd-4f2e-80e3-f7bd7f97e610@group-1D4C41826DFE: changes role from  FOLLOWER to FOLLOWER at term 1 for candidate:6abe40d9-bbca-402e-938b-50fbed365dbf
2023-05-04 21:54:35,044 [grpc-default-executor-5] INFO  impl.RoleInfo (RoleInfo.java:shutdownFollowerState(110)) - dbf01856-92cd-4f2e-80e3-f7bd7f97e610: shutdown dbf01856-92cd-4f2e-80e3-f7bd7f97e610@group-1D4C41826DFE-FollowerState
2023-05-04 21:54:35,044 [grpc-default-executor-0] INFO  impl.RoleInfo (RoleInfo.java:shutdownFollowerState(110)) - 7b4a0121-e5ca-4a28-aa85-7db853fd0802: shutdown 7b4a0121-e5ca-4a28-aa85-7db853fd0802@group-1D4C41826DFE-FollowerState
2023-05-04 21:54:35,044 [grpc-default-executor-5] INFO  impl.RoleInfo (RoleInfo.java:updateAndGet(139)) - dbf01856-92cd-4f2e-80e3-f7bd7f97e610: start dbf01856-92cd-4f2e-80e3-f7bd7f97e610@group-1D4C41826DFE-FollowerState
2023-05-04 21:54:35,045 [grpc-default-executor-0] INFO  impl.RoleInfo (RoleInfo.java:updateAndGet(139)) - 7b4a0121-e5ca-4a28-aa85-7db853fd0802: start 7b4a0121-e5ca-4a28-aa85-7db853fd0802@group-1D4C41826DFE-FollowerState
2023-05-04 21:54:35,045 [dbf01856-92cd-4f2e-80e3-f7bd7f97e610@group-1D4C41826DFE-FollowerState] INFO  impl.FollowerState (FollowerState.java:run(152)) - dbf01856-92cd-4f2e-80e3-f7bd7f97e610@group-1D4C41826DFE-FollowerState was interrupted
2023-05-04 21:54:35,045 [7b4a0121-e5ca-4a28-aa85-7db853fd0802@group-1D4C41826DFE-FollowerState] INFO  impl.FollowerState (FollowerState.java:run(152)) - 7b4a0121-e5ca-4a28-aa85-7db853fd0802@group-1D4C41826DFE-FollowerState was interrupted
2023-05-04 21:54:35,048 [dbf01856-92cd-4f2e-80e3-f7bd7f97e610@group-1D4C41826DFE-FollowerState] INFO  server.RaftServerConfigKeys (ConfUtils.java:logFallback(53)) - raft.server.rpc.first-election.timeout.min = 5s (fallback to raft.server.rpc.timeout.min)
2023-05-04 21:54:35,048 [dbf01856-92cd-4f2e-80e3-f7bd7f97e610@group-1D4C41826DFE-FollowerState] INFO  server.RaftServerConfigKeys (ConfUtils.java:logFallback(53)) - raft.server.rpc.first-election.timeout.max = 5200ms (fallback to raft.server.rpc.timeout.max)
2023-05-04 21:54:35,048 [7b4a0121-e5ca-4a28-aa85-7db853fd0802@group-1D4C41826DFE-FollowerState] INFO  server.RaftServerConfigKeys (ConfUtils.java:logFallback(53)) - raft.server.rpc.first-election.timeout.min = 5s (fallback to raft.server.rpc.timeout.min)
2023-05-04 21:54:35,048 [grpc-default-executor-5] INFO  server.RaftServer$Division (RaftServerImpl.java:requestVote(1251)) - dbf01856-92cd-4f2e-80e3-f7bd7f97e610@group-1D4C41826DFE replies to ELECTION vote request: 6abe40d9-bbca-402e-938b-50fbed365dbf<-dbf01856-92cd-4f2e-80e3-f7bd7f97e610#0:OK-t1. Peer's state: dbf01856-92cd-4f2e-80e3-f7bd7f97e610@group-1D4C41826DFE:t1, leader=null, voted=6abe40d9-bbca-402e-938b-50fbed365dbf, raftlog=Memoized:dbf01856-92cd-4f2e-80e3-f7bd7f97e610@group-1D4C41826DFE-SegmentedRaftLog:OPENED:c-1, conf=-1: peers:[6abe40d9-bbca-402e-938b-50fbed365dbf|rpc:10.1.0.44:37731|dataStream:10.1.0.44:45795|priority:1|startupRole:FOLLOWER, dbf01856-92cd-4f2e-80e3-f7bd7f97e610|rpc:10.1.0.44:43433|dataStream:10.1.0.44:34049|priority:0|startupRole:FOLLOWER, 7b4a0121-e5ca-4a28-aa85-7db853fd0802|rpc:10.1.0.44:42349|dataStream:10.1.0.44:38943|priority:0|startupRole:FOLLOWER]|listeners:[], old=null
2023-05-04 21:54:35,049 [grpc-default-executor-0] INFO  server.RaftServer$Division (RaftServerImpl.java:requestVote(1251)) - 7b4a0121-e5ca-4a28-aa85-7db853fd0802@group-1D4C41826DFE replies to ELECTION vote request: 6abe40d9-bbca-402e-938b-50fbed365dbf<-7b4a0121-e5ca-4a28-aa85-7db853fd0802#0:OK-t1. Peer's state: 7b4a0121-e5ca-4a28-aa85-7db853fd0802@group-1D4C41826DFE:t1, leader=null, voted=6abe40d9-bbca-402e-938b-50fbed365dbf, raftlog=Memoized:7b4a0121-e5ca-4a28-aa85-7db853fd0802@group-1D4C41826DFE-SegmentedRaftLog:OPENED:c-1, conf=-1: peers:[6abe40d9-bbca-402e-938b-50fbed365dbf|rpc:10.1.0.44:37731|dataStream:10.1.0.44:45795|priority:1|startupRole:FOLLOWER, dbf01856-92cd-4f2e-80e3-f7bd7f97e610|rpc:10.1.0.44:43433|dataStream:10.1.0.44:34049|priority:0|startupRole:FOLLOWER, 7b4a0121-e5ca-4a28-aa85-7db853fd0802|rpc:10.1.0.44:42349|dataStream:10.1.0.44:38943|priority:0|startupRole:FOLLOWER]|listeners:[], old=null
2023-05-04 21:54:35,050 [6abe40d9-bbca-402e-938b-50fbed365dbf@group-1D4C41826DFE-LeaderElection30] INFO  impl.LeaderElection (LeaderElection.java:logAndReturn(90)) - 6abe40d9-bbca-402e-938b-50fbed365dbf@group-1D4C41826DFE-LeaderElection30: ELECTION PASSED received 1 response(s) and 0 exception(s):
2023-05-04 21:54:35,050 [6abe40d9-bbca-402e-938b-50fbed365dbf@group-1D4C41826DFE-LeaderElection30] INFO  impl.LeaderElection (LeaderElection.java:logAndReturn(94)) -   Response 0: 6abe40d9-bbca-402e-938b-50fbed365dbf<-dbf01856-92cd-4f2e-80e3-f7bd7f97e610#0:OK-t1
2023-05-04 21:54:35,051 [6abe40d9-bbca-402e-938b-50fbed365dbf@group-1D4C41826DFE-LeaderElection30] INFO  impl.LeaderElection (LeaderElection.java:askForVotes(314)) - 6abe40d9-bbca-402e-938b-50fbed365dbf@group-1D4C41826DFE-LeaderElection30 ELECTION round 0: result PASSED
2023-05-04 21:54:35,051 [6abe40d9-bbca-402e-938b-50fbed365dbf@group-1D4C41826DFE-LeaderElection30] INFO  impl.RoleInfo (RoleInfo.java:shutdownLeaderElection(130)) - 6abe40d9-bbca-402e-938b-50fbed365dbf: shutdown 6abe40d9-bbca-402e-938b-50fbed365dbf@group-1D4C41826DFE-LeaderElection30
2023-05-04 21:54:35,051 [6abe40d9-bbca-402e-938b-50fbed365dbf@group-1D4C41826DFE-LeaderElection30] INFO  server.RaftServer$Division (RaftServerImpl.java:setRole(321)) - 6abe40d9-bbca-402e-938b-50fbed365dbf@group-1D4C41826DFE: changes role from CANDIDATE to LEADER at term 1 for changeToLeader
2023-05-04 21:54:35,051 [6abe40d9-bbca-402e-938b-50fbed365dbf@group-1D4C41826DFE-LeaderElection30] INFO  ratis.XceiverServerRatis (XceiverServerRatis.java:handleLeaderChangedNotification(904)) - Leader change notification received for group: group-1D4C41826DFE with new leaderId: 6abe40d9-bbca-402e-938b-50fbed365dbf
2023-05-04 21:54:35,051 [6abe40d9-bbca-402e-938b-50fbed365dbf@group-1D4C41826DFE-LeaderElection30] INFO  server.RaftServer$Division (ServerState.java:setLeader(313)) - 6abe40d9-bbca-402e-938b-50fbed365dbf@group-1D4C41826DFE: change Leader from null to 6abe40d9-bbca-402e-938b-50fbed365dbf at term 1 for becomeLeader, leader elected after 10715ms
2023-05-04 21:54:35,051 [6abe40d9-bbca-402e-938b-50fbed365dbf@group-1D4C41826DFE-LeaderElection30] INFO  server.RaftServerConfigKeys (ConfUtils.java:logGet(46)) - raft.server.staging.catchup.gap = 1000 (default)
2023-05-04 21:54:35,051 [6abe40d9-bbca-402e-938b-50fbed365dbf@group-1D4C41826DFE-LeaderElection30] INFO  server.RaftServerConfigKeys (ConfUtils.java:logGet(46)) - raft.server.write.element-limit = 1024 (custom)
2023-05-04 21:54:35,051 [7b4a0121-e5ca-4a28-aa85-7db853fd0802@group-1D4C41826DFE-FollowerState] INFO  server.RaftServerConfigKeys (ConfUtils.java:logFallback(53)) - raft.server.rpc.first-election.timeout.max = 5200ms (fallback to raft.server.rpc.timeout.max)
2023-05-04 21:54:35,051 [6abe40d9-bbca-402e-938b-50fbed365dbf@group-1D4C41826DFE-LeaderElection30] INFO  server.RaftServerConfigKeys (ConfUtils.java:logGet(46)) - raft.server.write.byte-limit = 1024 M (=1073741824) (custom)
2023-05-04 21:54:35,052 [6abe40d9-bbca-402e-938b-50fbed365dbf@group-1D4C41826DFE-LeaderElection30] INFO  server.RaftServerConfigKeys (ConfUtils.java:logGet(46)) - raft.server.watch.timeout = 180s (custom)
2023-05-04 21:54:35,052 [6abe40d9-bbca-402e-938b-50fbed365dbf@group-1D4C41826DFE-LeaderElection30] INFO  server.RaftServerConfigKeys (ConfUtils.java:logGet(46)) - raft.server.watch.timeout.denomination = 1s (default)
2023-05-04 21:54:35,052 [6abe40d9-bbca-402e-938b-50fbed365dbf@group-1D4C41826DFE-LeaderElection30] INFO  server.RaftServerConfigKeys (ConfUtils.java:logGet(46)) - raft.server.watch.element-limit = 65536 (default)
2023-05-04 21:54:35,052 [6abe40d9-bbca-402e-938b-50fbed365dbf@group-1D4C41826DFE-LeaderElection30] INFO  server.RaftServerConfigKeys (ConfUtils.java:logGet(46)) - raft.server.write.element-limit = 1024 (custom)
2023-05-04 21:54:35,052 [6abe40d9-bbca-402e-938b-50fbed365dbf@group-1D4C41826DFE-LeaderElection30] INFO  server.RaftServerConfigKeys (ConfUtils.java:logGet(46)) - raft.server.write.follower.gap.ratio.max = -1.0 (default)
2023-05-04 21:54:35,053 [6abe40d9-bbca-402e-938b-50fbed365dbf@group-1D4C41826DFE-LeaderElection30] INFO  server.RaftServerConfigKeys (ConfUtils.java:logGet(46)) - raft.server.log.appender.snapshot.chunk.size.max = 16MB (=16777216) (default)
2023-05-04 21:54:35,053 [6abe40d9-bbca-402e-938b-50fbed365dbf@group-1D4C41826DFE-LeaderElection30] INFO  server.RaftServerConfigKeys (ConfUtils.java:logGet(46)) - raft.server.log.appender.buffer.byte-limit = 33554432 (custom)
2023-05-04 21:54:35,053 [6abe40d9-bbca-402e-938b-50fbed365dbf@group-1D4C41826DFE-LeaderElection30] INFO  server.RaftServerConfigKeys (ConfUtils.java:logGet(46)) - raft.server.log.appender.buffer.element-limit = 1 (custom)
2023-05-04 21:54:35,053 [6abe40d9-bbca-402e-938b-50fbed365dbf@group-1D4C41826DFE-LeaderElection30] INFO  grpc.GrpcConfigKeys (ConfUtils.java:logGet(46)) - raft.grpc.server.leader.outstanding.appends.max = 128 (default)
2023-05-04 21:54:35,053 [6abe40d9-bbca-402e-938b-50fbed365dbf@group-1D4C41826DFE-LeaderElection30] INFO  server.RaftServerConfigKeys (ConfUtils.java:logGet(46)) - raft.server.rpc.request.timeout = 60s (custom)
2023-05-04 21:54:35,053 [6abe40d9-bbca-402e-938b-50fbed365dbf@group-1D4C41826DFE-LeaderElection30] INFO  server.RaftServerConfigKeys (ConfUtils.java:logGet(46)) - raft.server.log.appender.install.snapshot.enabled = false (custom)
2023-05-04 21:54:35,053 [6abe40d9-bbca-402e-938b-50fbed365dbf@group-1D4C41826DFE-LeaderElection30] INFO  grpc.GrpcConfigKeys (ConfUtils.java:logGet(46)) - raft.grpc.server.heartbeat.channel = true (default)
2023-05-04 21:54:35,053 [6abe40d9-bbca-402e-938b-50fbed365dbf@group-1D4C41826DFE-LeaderElection30] INFO  server.RaftServerConfigKeys (ConfUtils.java:logGet(46)) - raft.server.log.appender.wait-time.min = 10ms (default)
2023-05-04 21:54:35,054 [6abe40d9-bbca-402e-938b-50fbed365dbf@group-1D4C41826DFE-LeaderElection30] INFO  server.RaftServerConfigKeys (ConfUtils.java:logGet(46)) - raft.server.log.appender.snapshot.chunk.size.max = 16MB (=16777216) (default)
2023-05-04 21:54:35,054 [6abe40d9-bbca-402e-938b-50fbed365dbf@group-1D4C41826DFE-LeaderElection30] INFO  server.RaftServerConfigKeys (ConfUtils.java:logGet(46)) - raft.server.log.appender.buffer.byte-limit = 33554432 (custom)
2023-05-04 21:54:35,054 [6abe40d9-bbca-402e-938b-50fbed365dbf@group-1D4C41826DFE-LeaderElection30] INFO  server.RaftServerConfigKeys (ConfUtils.java:logGet(46)) - raft.server.log.appender.buffer.element-limit = 1 (custom)
2023-05-04 21:54:35,055 [6abe40d9-bbca-402e-938b-50fbed365dbf@group-1D4C41826DFE-LeaderElection30] INFO  grpc.GrpcConfigKeys (ConfUtils.java:logGet(46)) - raft.grpc.server.leader.outstanding.appends.max = 128 (default)
2023-05-04 21:54:35,055 [6abe40d9-bbca-402e-938b-50fbed365dbf@group-1D4C41826DFE-LeaderElection30] INFO  server.RaftServerConfigKeys (ConfUtils.java:logGet(46)) - raft.server.rpc.request.timeout = 60s (custom)
2023-05-04 21:54:35,055 [6abe40d9-bbca-402e-938b-50fbed365dbf@group-1D4C41826DFE-LeaderElection30] INFO  server.RaftServerConfigKeys (ConfUtils.java:logGet(46)) - raft.server.log.appender.install.snapshot.enabled = false (custom)
2023-05-04 21:54:35,055 [6abe40d9-bbca-402e-938b-50fbed365dbf@group-1D4C41826DFE-LeaderElection30] INFO  grpc.GrpcConfigKeys (ConfUtils.java:logGet(46)) - raft.grpc.server.heartbeat.channel = true (default)
2023-05-04 21:54:35,055 [6abe40d9-bbca-402e-938b-50fbed365dbf@group-1D4C41826DFE-LeaderElection30] INFO  server.RaftServerConfigKeys (ConfUtils.java:logGet(46)) - raft.server.log.appender.wait-time.min = 10ms (default)
2023-05-04 21:54:35,055 [6abe40d9-bbca-402e-938b-50fbed365dbf@group-1D4C41826DFE-LeaderElection30] INFO  impl.RoleInfo (RoleInfo.java:updateAndGet(139)) - 6abe40d9-bbca-402e-938b-50fbed365dbf: start 6abe40d9-bbca-402e-938b-50fbed365dbf@group-1D4C41826DFE-LeaderStateImpl
2023-05-04 21:54:35,056 [6abe40d9-bbca-402e-938b-50fbed365dbf@group-1D4C41826DFE-LeaderElection30] INFO  segmented.SegmentedRaftLogWorker (SegmentedRaftLogWorker.java:startLogSegment(452)) - 6abe40d9-bbca-402e-938b-50fbed365dbf@group-1D4C41826DFE-SegmentedRaftLogWorker: Starting segment from index:0
2023-05-04 21:54:35,057 [6abe40d9-bbca-402e-938b-50fbed365dbf@group-1D4C41826DFE-SegmentedRaftLogWorker] INFO  segmented.SegmentedRaftLogWorker (SegmentedRaftLogWorker.java:execute(656)) - 6abe40d9-bbca-402e-938b-50fbed365dbf@group-1D4C41826DFE-SegmentedRaftLogWorker: created new log segment /home/runner/work/ozone/ozone/hadoop-ozone/integration-test/target/test-dir/MiniOzoneClusterImpl-52a188dd-66b8-45b2-ab7c-675c0ee04825/datanode-4/data/ratis/cb955eb6-0ea1-48aa-b3bb-1d4c41826dfe/current/log_inprogress_0
2023-05-04 21:54:35,058 [EventQueue-PipelineReportForPipelineReportHandler] INFO  pipeline.PipelineManagerImpl (PipelineManagerImpl.java:openPipeline(367)) - Pipeline Pipeline[ Id: cb955eb6-0ea1-48aa-b3bb-1d4c41826dfe, Nodes: 7b4a0121-e5ca-4a28-aa85-7db853fd0802(fv-az133-721.yhipumr4050edinzmvad0xeera.cx.internal.cloudapp.net/10.1.0.44)dbf01856-92cd-4f2e-80e3-f7bd7f97e610(fv-az133-721.yhipumr4050edinzmvad0xeera.cx.internal.cloudapp.net/10.1.0.44)6abe40d9-bbca-402e-938b-50fbed365dbf(fv-az133-721.yhipumr4050edinzmvad0xeera.cx.internal.cloudapp.net/10.1.0.44), ReplicationConfig: RATIS/THREE, State:ALLOCATED, leaderId:6abe40d9-bbca-402e-938b-50fbed365dbf, CreationTimestamp2023-05-04T21:54:21.749Z[Etc/UTC]] moved to OPEN state
2023-05-04 21:54:35,082 [6abe40d9-bbca-402e-938b-50fbed365dbf@group-1D4C41826DFE-LeaderElection30] INFO  server.RaftServer$Division (ServerState.java:setRaftConf(430)) - 6abe40d9-bbca-402e-938b-50fbed365dbf@group-1D4C41826DFE: set configuration 0: peers:[6abe40d9-bbca-402e-938b-50fbed365dbf|rpc:10.1.0.44:37731|dataStream:10.1.0.44:45795|priority:1|startupRole:FOLLOWER, dbf01856-92cd-4f2e-80e3-f7bd7f97e610|rpc:10.1.0.44:43433|dataStream:10.1.0.44:34049|priority:0|startupRole:FOLLOWER, 7b4a0121-e5ca-4a28-aa85-7db853fd0802|rpc:10.1.0.44:42349|dataStream:10.1.0.44:38943|priority:0|startupRole:FOLLOWER]|listeners:[], old=null
2023-05-04 21:54:35,089 [dbf01856-92cd-4f2e-80e3-f7bd7f97e610-server-thread1] INFO  ratis.XceiverServerRatis (XceiverServerRatis.java:handleLeaderChangedNotification(904)) - Leader change notification received for group: group-1D4C41826DFE with new leaderId: 6abe40d9-bbca-402e-938b-50fbed365dbf
2023-05-04 21:54:35,089 [dbf01856-92cd-4f2e-80e3-f7bd7f97e610-server-thread1] INFO  server.RaftServer$Division (ServerState.java:setLeader(313)) - dbf01856-92cd-4f2e-80e3-f7bd7f97e610@group-1D4C41826DFE: change Leader from null to 6abe40d9-bbca-402e-938b-50fbed365dbf at term 1 for appendEntries, leader elected after 10881ms
2023-05-04 21:54:35,097 [7b4a0121-e5ca-4a28-aa85-7db853fd0802-server-thread1] INFO  ratis.XceiverServerRatis (XceiverServerRatis.java:handleLeaderChangedNotification(904)) - Leader change notification received for group: group-1D4C41826DFE with new leaderId: 6abe40d9-bbca-402e-938b-50fbed365dbf
2023-05-04 21:54:35,097 [7b4a0121-e5ca-4a28-aa85-7db853fd0802-server-thread1] INFO  server.RaftServer$Division (ServerState.java:setLeader(313)) - 7b4a0121-e5ca-4a28-aa85-7db853fd0802@group-1D4C41826DFE: change Leader from null to 6abe40d9-bbca-402e-938b-50fbed365dbf at term 1 for appendEntries, leader elected after 11085ms
2023-05-04 21:54:35,098 [dbf01856-92cd-4f2e-80e3-f7bd7f97e610-server-thread3] INFO  server.RaftServer$Division (ServerState.java:setRaftConf(430)) - dbf01856-92cd-4f2e-80e3-f7bd7f97e610@group-1D4C41826DFE: set configuration 0: peers:[6abe40d9-bbca-402e-938b-50fbed365dbf|rpc:10.1.0.44:37731|dataStream:10.1.0.44:45795|priority:1|startupRole:FOLLOWER, dbf01856-92cd-4f2e-80e3-f7bd7f97e610|rpc:10.1.0.44:43433|dataStream:10.1.0.44:34049|priority:0|startupRole:FOLLOWER, 7b4a0121-e5ca-4a28-aa85-7db853fd0802|rpc:10.1.0.44:42349|dataStream:10.1.0.44:38943|priority:0|startupRole:FOLLOWER]|listeners:[], old=null
2023-05-04 21:54:35,098 [dbf01856-92cd-4f2e-80e3-f7bd7f97e610-server-thread3] INFO  segmented.SegmentedRaftLogWorker (SegmentedRaftLogWorker.java:startLogSegment(452)) - dbf01856-92cd-4f2e-80e3-f7bd7f97e610@group-1D4C41826DFE-SegmentedRaftLogWorker: Starting segment from index:0
2023-05-04 21:54:35,109 [dbf01856-92cd-4f2e-80e3-f7bd7f97e610@group-1D4C41826DFE-SegmentedRaftLogWorker] INFO  segmented.SegmentedRaftLogWorker (SegmentedRaftLogWorker.java:execute(656)) - dbf01856-92cd-4f2e-80e3-f7bd7f97e610@group-1D4C41826DFE-SegmentedRaftLogWorker: created new log segment /home/runner/work/ozone/ozone/hadoop-ozone/integration-test/target/test-dir/MiniOzoneClusterImpl-52a188dd-66b8-45b2-ab7c-675c0ee04825/datanode-5/data/ratis/cb955eb6-0ea1-48aa-b3bb-1d4c41826dfe/current/log_inprogress_0
2023-05-04 21:54:35,110 [7b4a0121-e5ca-4a28-aa85-7db853fd0802-server-thread2] INFO  server.RaftServer$Division (ServerState.java:setRaftConf(430)) - 7b4a0121-e5ca-4a28-aa85-7db853fd0802@group-1D4C41826DFE: set configuration 0: peers:[6abe40d9-bbca-402e-938b-50fbed365dbf|rpc:10.1.0.44:37731|dataStream:10.1.0.44:45795|priority:1|startupRole:FOLLOWER, dbf01856-92cd-4f2e-80e3-f7bd7f97e610|rpc:10.1.0.44:43433|dataStream:10.1.0.44:34049|priority:0|startupRole:FOLLOWER, 7b4a0121-e5ca-4a28-aa85-7db853fd0802|rpc:10.1.0.44:42349|dataStream:10.1.0.44:38943|priority:0|startupRole:FOLLOWER]|listeners:[], old=null
2023-05-04 21:54:35,112 [7b4a0121-e5ca-4a28-aa85-7db853fd0802-server-thread2] INFO  segmented.SegmentedRaftLogWorker (SegmentedRaftLogWorker.java:startLogSegment(452)) - 7b4a0121-e5ca-4a28-aa85-7db853fd0802@group-1D4C41826DFE-SegmentedRaftLogWorker: Starting segment from index:0
2023-05-04 21:54:35,113 [7b4a0121-e5ca-4a28-aa85-7db853fd0802@group-1D4C41826DFE-SegmentedRaftLogWorker] INFO  segmented.SegmentedRaftLogWorker (SegmentedRaftLogWorker.java:execute(656)) - 7b4a0121-e5ca-4a28-aa85-7db853fd0802@group-1D4C41826DFE-SegmentedRaftLogWorker: created new log segment /home/runner/work/ozone/ozone/hadoop-ozone/integration-test/target/test-dir/MiniOzoneClusterImpl-52a188dd-66b8-45b2-ab7c-675c0ee04825/datanode-3/data/ratis/cb955eb6-0ea1-48aa-b3bb-1d4c41826dfe/current/log_inprogress_0
]]></system-out>
  </testcase>
  <testcase name="bucketUsedBytesOverWrite(BucketLayout)[2]" classname="org.apache.hadoop.ozone.client.rpc.TestOzoneRpcClient" time="0.184">
    <system-out><![CDATA[2023-05-04 21:54:40,935 [Listener at 127.0.0.1/45425] INFO  rpc.RpcClient (RpcClient.java:createVolume(476)) - Creating Volume: 28525088-3298-4d6f-82a3-6517d66bcd2a, with runner as owner and space quota set to -1 bytes, counts quota set to -1
2023-05-04 21:54:40,940 [OM StateMachine ApplyTransaction Thread - 0] INFO  volume.OMVolumeCreateRequest (OMVolumeCreateRequest.java:validateAndUpdateCache(195)) - created volume:28525088-3298-4d6f-82a3-6517d66bcd2a for user:runner
2023-05-04 21:54:40,947 [Listener at 127.0.0.1/45425] INFO  rpc.RpcClient (RpcClient.java:createBucket(697)) - Creating Bucket: 28525088-3298-4d6f-82a3-6517d66bcd2a/b6bfbb9b-6c21-4bdd-8a35-1b1d3e7ee16a, with bucket layout LEGACY, runner as owner, Versioning true, Storage Type set to DISK and Encryption set to false, Replication Type set to server-side default replication type, Namespace Quota set to -1, Space Quota set to -1 
2023-05-04 21:54:40,951 [OM StateMachine ApplyTransaction Thread - 0] INFO  bucket.OMBucketCreateRequest (OMBucketCreateRequest.java:validateAndUpdateCache(270)) - created bucket: b6bfbb9b-6c21-4bdd-8a35-1b1d3e7ee16a of layout LEGACY in volume: 28525088-3298-4d6f-82a3-6517d66bcd2a
]]></system-out>
  </testcase>
  <testcase name="bucketUsedBytesOverWrite(BucketLayout)[3]" classname="org.apache.hadoop.ozone.client.rpc.TestOzoneRpcClient" time="0.17">
    <system-out><![CDATA[2023-05-04 21:54:41,118 [Listener at 127.0.0.1/45425] INFO  rpc.RpcClient (RpcClient.java:createVolume(476)) - Creating Volume: 69bf4d93-2cba-4c88-9585-e2addfe3c3a0, with runner as owner and space quota set to -1 bytes, counts quota set to -1
2023-05-04 21:54:41,122 [OM StateMachine ApplyTransaction Thread - 0] INFO  volume.OMVolumeCreateRequest (OMVolumeCreateRequest.java:validateAndUpdateCache(195)) - created volume:69bf4d93-2cba-4c88-9585-e2addfe3c3a0 for user:runner
2023-05-04 21:54:41,128 [Listener at 127.0.0.1/45425] INFO  rpc.RpcClient (RpcClient.java:createBucket(697)) - Creating Bucket: 69bf4d93-2cba-4c88-9585-e2addfe3c3a0/a48f004e-2825-4b86-b104-c438377b901f, with bucket layout FILE_SYSTEM_OPTIMIZED, runner as owner, Versioning true, Storage Type set to DISK and Encryption set to false, Replication Type set to server-side default replication type, Namespace Quota set to -1, Space Quota set to -1 
2023-05-04 21:54:41,132 [OM StateMachine ApplyTransaction Thread - 0] INFO  bucket.OMBucketCreateRequest (OMBucketCreateRequest.java:validateAndUpdateCache(270)) - created bucket: a48f004e-2825-4b86-b104-c438377b901f of layout FILE_SYSTEM_OPTIMIZED in volume: 69bf4d93-2cba-4c88-9585-e2addfe3c3a0
]]></system-out>
  </testcase>
  <testcase name="testAbortUploadFail" classname="org.apache.hadoop.ozone.client.rpc.TestOzoneRpcClient" time="0.054">
    <system-out><![CDATA[2023-05-04 21:54:41,288 [Listener at 127.0.0.1/45425] INFO  rpc.RpcClient (RpcClient.java:createVolume(476)) - Creating Volume: c5868068-b30c-438c-b44a-6359f8536210, with runner as owner and space quota set to -1 bytes, counts quota set to -1
2023-05-04 21:54:41,292 [OM StateMachine ApplyTransaction Thread - 0] INFO  volume.OMVolumeCreateRequest (OMVolumeCreateRequest.java:validateAndUpdateCache(195)) - created volume:c5868068-b30c-438c-b44a-6359f8536210 for user:runner
2023-05-04 21:54:41,295 [Listener at 127.0.0.1/45425] INFO  rpc.RpcClient (RpcClient.java:createBucket(697)) - Creating Bucket: c5868068-b30c-438c-b44a-6359f8536210/79f0732d-e3c4-4ed8-83af-184a38c841c3, with server-side default bucket layout, runner as owner, Versioning false, Storage Type set to DISK and Encryption set to false, Replication Type set to server-side default replication type, Namespace Quota set to -1, Space Quota set to -1 
2023-05-04 21:54:41,298 [OM StateMachine ApplyTransaction Thread - 0] INFO  bucket.OMBucketCreateRequest (OMBucketCreateRequest.java:validateAndUpdateCache(270)) - created bucket: 79f0732d-e3c4-4ed8-83af-184a38c841c3 of layout FILE_SYSTEM_OPTIMIZED in volume: c5868068-b30c-438c-b44a-6359f8536210
21:54:41.318 [OM StateMachine ApplyTransaction Thread - 0] ERROR OMAudit - user=runner | ip=127.0.0.1 | op=ABORT_MULTIPART_UPLOAD {volume=c5868068-b30c-438c-b44a-6359f8536210, bucket=79f0732d-e3c4-4ed8-83af-184a38c841c3, key=f215055a-0ea3-40ed-ac10-6b26c7a9ee54, dataSize=0, replicationType=NONE, replicationFactor=ZERO} | ret=FAILURE
org.apache.hadoop.ozone.om.exceptions.OMException: Abort Multipart Upload Failed: volume: c5868068-b30c-438c-b44a-6359f8536210bucket: 79f0732d-e3c4-4ed8-83af-184a38c841c3key: f215055a-0ea3-40ed-ac10-6b26c7a9ee54
	at org.apache.hadoop.ozone.om.request.s3.multipart.S3MultipartUploadAbortRequest.validateAndUpdateCache(S3MultipartUploadAbortRequest.java:160) ~[ozone-manager-1.4.0-SNAPSHOT.jar:?]
	at org.apache.hadoop.ozone.protocolPB.OzoneManagerRequestHandler.handleWriteRequest(OzoneManagerRequestHandler.java:337) ~[ozone-manager-1.4.0-SNAPSHOT.jar:?]
	at org.apache.hadoop.ozone.om.ratis.OzoneManagerStateMachine.runCommand(OzoneManagerStateMachine.java:567) ~[ozone-manager-1.4.0-SNAPSHOT.jar:?]
	at org.apache.hadoop.ozone.om.ratis.OzoneManagerStateMachine.lambda$1(OzoneManagerStateMachine.java:358) ~[ozone-manager-1.4.0-SNAPSHOT.jar:?]
	at java.util.concurrent.CompletableFuture$AsyncSupply.run(CompletableFuture.java:1604) [?:1.8.0_362]
	at java.util.concurrent.ThreadPoolExecutor.runWorker(ThreadPoolExecutor.java:1149) [?:1.8.0_362]
	at java.util.concurrent.ThreadPoolExecutor$Worker.run(ThreadPoolExecutor.java:624) [?:1.8.0_362]
	at java.lang.Thread.run(Thread.java:750) [?:1.8.0_362]
2023-05-04 21:54:41,338 [OM StateMachine ApplyTransaction Thread - 0] ERROR multipart.S3MultipartUploadAbortRequest (S3MultipartUploadAbortRequest.java:validateAndUpdateCache(223)) - Abort Multipart request is failed for KeyName f215055a-0ea3-40ed-ac10-6b26c7a9ee54 in VolumeName/Bucket c5868068-b30c-438c-b44a-6359f8536210/79f0732d-e3c4-4ed8-83af-184a38c841c3
NO_SUCH_MULTIPART_UPLOAD_ERROR org.apache.hadoop.ozone.om.exceptions.OMException: Abort Multipart Upload Failed: volume: c5868068-b30c-438c-b44a-6359f8536210bucket: 79f0732d-e3c4-4ed8-83af-184a38c841c3key: f215055a-0ea3-40ed-ac10-6b26c7a9ee54
	at org.apache.hadoop.ozone.om.request.s3.multipart.S3MultipartUploadAbortRequest.validateAndUpdateCache(S3MultipartUploadAbortRequest.java:160)
	at org.apache.hadoop.ozone.protocolPB.OzoneManagerRequestHandler.handleWriteRequest(OzoneManagerRequestHandler.java:337)
	at org.apache.hadoop.ozone.om.ratis.OzoneManagerStateMachine.runCommand(OzoneManagerStateMachine.java:567)
	at org.apache.hadoop.ozone.om.ratis.OzoneManagerStateMachine.lambda$1(OzoneManagerStateMachine.java:358)
	at java.util.concurrent.CompletableFuture$AsyncSupply.run(CompletableFuture.java:1604)
	at java.util.concurrent.ThreadPoolExecutor.runWorker(ThreadPoolExecutor.java:1149)
	at java.util.concurrent.ThreadPoolExecutor$Worker.run(ThreadPoolExecutor.java:624)
	at java.lang.Thread.run(Thread.java:750)
]]></system-out>
  </testcase>
  <testcase name="testAbortUploadFailWithInProgressPartUpload" classname="org.apache.hadoop.ozone.client.rpc.TestOzoneRpcClient" time="0.149">
    <system-out><![CDATA[2023-05-04 21:54:41,343 [Listener at 127.0.0.1/45425] INFO  rpc.RpcClient (RpcClient.java:createVolume(476)) - Creating Volume: be5cded4-07ce-492c-9a25-2d23b32374e9, with runner as owner and space quota set to -1 bytes, counts quota set to -1
2023-05-04 21:54:41,347 [OM StateMachine ApplyTransaction Thread - 0] INFO  volume.OMVolumeCreateRequest (OMVolumeCreateRequest.java:validateAndUpdateCache(195)) - created volume:be5cded4-07ce-492c-9a25-2d23b32374e9 for user:runner
2023-05-04 21:54:41,350 [Listener at 127.0.0.1/45425] INFO  rpc.RpcClient (RpcClient.java:createBucket(697)) - Creating Bucket: be5cded4-07ce-492c-9a25-2d23b32374e9/7c5b702c-de00-4b17-aee4-54253378e027, with server-side default bucket layout, runner as owner, Versioning false, Storage Type set to DISK and Encryption set to false, Replication Type set to server-side default replication type, Namespace Quota set to -1, Space Quota set to -1 
2023-05-04 21:54:41,357 [OM StateMachine ApplyTransaction Thread - 0] INFO  bucket.OMBucketCreateRequest (OMBucketCreateRequest.java:validateAndUpdateCache(270)) - created bucket: 7c5b702c-de00-4b17-aee4-54253378e027 of layout FILE_SYSTEM_OPTIMIZED in volume: be5cded4-07ce-492c-9a25-2d23b32374e9
21:54:41.488 [OM StateMachine ApplyTransaction Thread - 0] ERROR OMAudit - user=runner | ip=127.0.0.1 | op=COMMIT_MULTIPART_UPLOAD_PARTKEY {volume=be5cded4-07ce-492c-9a25-2d23b32374e9, bucket=7c5b702c-de00-4b17-aee4-54253378e027, key=6db489c4-53e0-48b7-80e5-96cf2ca8762a, dataSize=4, replicationType=NONE, replicationFactor=ZERO, partNumber=1, partName=/be5cded4-07ce-492c-9a25-2d23b32374e9/7c5b702c-de00-4b17-aee4-54253378e027/6db489c4-53e0-48b7-80e5-96cf2ca8762a-99cf16d7-90d3-45a2-b523-88d552866060-110312638471733255-1} | ret=FAILURE
org.apache.hadoop.ozone.om.exceptions.OMException: No such Multipart upload is with specified uploadId 99cf16d7-90d3-45a2-b523-88d552866060-110312638471733255
	at org.apache.hadoop.ozone.om.request.s3.multipart.S3MultipartUploadCommitPartRequest.validateAndUpdateCache(S3MultipartUploadCommitPartRequest.java:188) ~[ozone-manager-1.4.0-SNAPSHOT.jar:?]
	at org.apache.hadoop.ozone.protocolPB.OzoneManagerRequestHandler.handleWriteRequest(OzoneManagerRequestHandler.java:337) ~[ozone-manager-1.4.0-SNAPSHOT.jar:?]
	at org.apache.hadoop.ozone.om.ratis.OzoneManagerStateMachine.runCommand(OzoneManagerStateMachine.java:567) ~[ozone-manager-1.4.0-SNAPSHOT.jar:?]
	at org.apache.hadoop.ozone.om.ratis.OzoneManagerStateMachine.lambda$1(OzoneManagerStateMachine.java:358) ~[ozone-manager-1.4.0-SNAPSHOT.jar:?]
	at java.util.concurrent.CompletableFuture$AsyncSupply.run(CompletableFuture.java:1604) [?:1.8.0_362]
	at java.util.concurrent.ThreadPoolExecutor.runWorker(ThreadPoolExecutor.java:1149) [?:1.8.0_362]
	at java.util.concurrent.ThreadPoolExecutor$Worker.run(ThreadPoolExecutor.java:624) [?:1.8.0_362]
	at java.lang.Thread.run(Thread.java:750) [?:1.8.0_362]
2023-05-04 21:54:41,488 [OM StateMachine ApplyTransaction Thread - 0] ERROR multipart.S3MultipartUploadCommitPartRequest (S3MultipartUploadCommitPartRequest.java:logResult(327)) - MultipartUpload Commit is failed for Key:6db489c4-53e0-48b7-80e5-96cf2ca8762a in Volume/Bucket be5cded4-07ce-492c-9a25-2d23b32374e9/7c5b702c-de00-4b17-aee4-54253378e027
NO_SUCH_MULTIPART_UPLOAD_ERROR org.apache.hadoop.ozone.om.exceptions.OMException: No such Multipart upload is with specified uploadId 99cf16d7-90d3-45a2-b523-88d552866060-110312638471733255
	at org.apache.hadoop.ozone.om.request.s3.multipart.S3MultipartUploadCommitPartRequest.validateAndUpdateCache(S3MultipartUploadCommitPartRequest.java:188)
	at org.apache.hadoop.ozone.protocolPB.OzoneManagerRequestHandler.handleWriteRequest(OzoneManagerRequestHandler.java:337)
	at org.apache.hadoop.ozone.om.ratis.OzoneManagerStateMachine.runCommand(OzoneManagerStateMachine.java:567)
	at org.apache.hadoop.ozone.om.ratis.OzoneManagerStateMachine.lambda$1(OzoneManagerStateMachine.java:358)
	at java.util.concurrent.CompletableFuture$AsyncSupply.run(CompletableFuture.java:1604)
	at java.util.concurrent.ThreadPoolExecutor.runWorker(ThreadPoolExecutor.java:1149)
	at java.util.concurrent.ThreadPoolExecutor$Worker.run(ThreadPoolExecutor.java:624)
	at java.lang.Thread.run(Thread.java:750)
]]></system-out>
  </testcase>
  <testcase name="testAbortUploadSuccessWithOutAnyParts" classname="org.apache.hadoop.ozone.client.rpc.TestOzoneRpcClient" time="0.023">
    <system-out><![CDATA[2023-05-04 21:54:41,492 [Listener at 127.0.0.1/45425] INFO  rpc.RpcClient (RpcClient.java:createVolume(476)) - Creating Volume: 8f6366c9-f1bd-44a7-86fd-2b61eea2bd93, with runner as owner and space quota set to -1 bytes, counts quota set to -1
2023-05-04 21:54:41,497 [OM StateMachine ApplyTransaction Thread - 0] INFO  volume.OMVolumeCreateRequest (OMVolumeCreateRequest.java:validateAndUpdateCache(195)) - created volume:8f6366c9-f1bd-44a7-86fd-2b61eea2bd93 for user:runner
2023-05-04 21:54:41,500 [Listener at 127.0.0.1/45425] INFO  rpc.RpcClient (RpcClient.java:createBucket(697)) - Creating Bucket: 8f6366c9-f1bd-44a7-86fd-2b61eea2bd93/ae0f7c54-7839-4111-92e0-5a88588bfe8b, with server-side default bucket layout, runner as owner, Versioning false, Storage Type set to DISK and Encryption set to false, Replication Type set to server-side default replication type, Namespace Quota set to -1, Space Quota set to -1 
2023-05-04 21:54:41,503 [OM StateMachine ApplyTransaction Thread - 0] INFO  bucket.OMBucketCreateRequest (OMBucketCreateRequest.java:validateAndUpdateCache(270)) - created bucket: ae0f7c54-7839-4111-92e0-5a88588bfe8b of layout FILE_SYSTEM_OPTIMIZED in volume: 8f6366c9-f1bd-44a7-86fd-2b61eea2bd93
]]></system-out>
  </testcase>
  <testcase name="testAbortUploadSuccessWithParts" classname="org.apache.hadoop.ozone.client.rpc.TestOzoneRpcClient" time="0.073">
    <system-out><![CDATA[2023-05-04 21:54:41,515 [Listener at 127.0.0.1/45425] INFO  rpc.RpcClient (RpcClient.java:createVolume(476)) - Creating Volume: 4fcde31f-5f81-4e62-b32e-0c3dcfc6c50e, with runner as owner and space quota set to -1 bytes, counts quota set to -1
2023-05-04 21:54:41,521 [OM StateMachine ApplyTransaction Thread - 0] INFO  volume.OMVolumeCreateRequest (OMVolumeCreateRequest.java:validateAndUpdateCache(195)) - created volume:4fcde31f-5f81-4e62-b32e-0c3dcfc6c50e for user:runner
2023-05-04 21:54:41,524 [Listener at 127.0.0.1/45425] INFO  rpc.RpcClient (RpcClient.java:createBucket(697)) - Creating Bucket: 4fcde31f-5f81-4e62-b32e-0c3dcfc6c50e/b3381c5f-465a-4df7-bc07-f20a29edfa8e, with server-side default bucket layout, runner as owner, Versioning false, Storage Type set to DISK and Encryption set to false, Replication Type set to server-side default replication type, Namespace Quota set to -1, Space Quota set to -1 
2023-05-04 21:54:41,527 [OM StateMachine ApplyTransaction Thread - 0] INFO  bucket.OMBucketCreateRequest (OMBucketCreateRequest.java:validateAndUpdateCache(270)) - created bucket: b3381c5f-465a-4df7-bc07-f20a29edfa8e of layout FILE_SYSTEM_OPTIMIZED in volume: 4fcde31f-5f81-4e62-b32e-0c3dcfc6c50e
]]></system-out>
  </testcase>
  <testcase name="testAclsAfterCallingSetBucketProperty" classname="org.apache.hadoop.ozone.client.rpc.TestOzoneRpcClient" time="0.055">
    <system-out><![CDATA[2023-05-04 21:54:41,589 [Listener at 127.0.0.1/45425] INFO  rpc.RpcClient (RpcClient.java:createVolume(476)) - Creating Volume: 88c8eef2-21a7-4c2c-bde3-65de11c463b1, with runner as owner and space quota set to -1 bytes, counts quota set to -1
2023-05-04 21:54:41,593 [OM StateMachine ApplyTransaction Thread - 0] INFO  volume.OMVolumeCreateRequest (OMVolumeCreateRequest.java:validateAndUpdateCache(195)) - created volume:88c8eef2-21a7-4c2c-bde3-65de11c463b1 for user:runner
2023-05-04 21:54:41,598 [Listener at 127.0.0.1/45425] INFO  rpc.RpcClient (RpcClient.java:createBucket(697)) - Creating Bucket: 88c8eef2-21a7-4c2c-bde3-65de11c463b1/7e2a0282-2ce8-4d1d-9b37-143f3acb8126, with server-side default bucket layout, runner as owner, Versioning false, Storage Type set to DISK and Encryption set to false, Replication Type set to server-side default replication type, Namespace Quota set to -1, Space Quota set to -1 
2023-05-04 21:54:41,601 [OM StateMachine ApplyTransaction Thread - 0] INFO  bucket.OMBucketCreateRequest (OMBucketCreateRequest.java:validateAndUpdateCache(270)) - created bucket: 7e2a0282-2ce8-4d1d-9b37-143f3acb8126 of layout FILE_SYSTEM_OPTIMIZED in volume: 88c8eef2-21a7-4c2c-bde3-65de11c463b1
]]></system-out>
  </testcase>
  <testcase name="testAddBucketAcl" classname="org.apache.hadoop.ozone.client.rpc.TestOzoneRpcClient" time="0.032">
    <system-out><![CDATA[2023-05-04 21:54:41,646 [Listener at 127.0.0.1/45425] INFO  rpc.RpcClient (RpcClient.java:createVolume(476)) - Creating Volume: aff33e68-8eb0-4b1c-8cb8-76746abd19ab, with runner as owner and space quota set to -1 bytes, counts quota set to -1
2023-05-04 21:54:41,650 [OM StateMachine ApplyTransaction Thread - 0] INFO  volume.OMVolumeCreateRequest (OMVolumeCreateRequest.java:validateAndUpdateCache(195)) - created volume:aff33e68-8eb0-4b1c-8cb8-76746abd19ab for user:runner
2023-05-04 21:54:41,653 [Listener at 127.0.0.1/45425] INFO  rpc.RpcClient (RpcClient.java:createBucket(697)) - Creating Bucket: aff33e68-8eb0-4b1c-8cb8-76746abd19ab/874cbd0d-0389-4090-a0d9-f58a764a35cb, with server-side default bucket layout, runner as owner, Versioning false, Storage Type set to DISK and Encryption set to false, Replication Type set to server-side default replication type, Namespace Quota set to -1, Space Quota set to -1 
2023-05-04 21:54:41,656 [OM StateMachine ApplyTransaction Thread - 0] INFO  bucket.OMBucketCreateRequest (OMBucketCreateRequest.java:validateAndUpdateCache(270)) - created bucket: 874cbd0d-0389-4090-a0d9-f58a764a35cb of layout FILE_SYSTEM_OPTIMIZED in volume: aff33e68-8eb0-4b1c-8cb8-76746abd19ab
]]></system-out>
  </testcase>
  <testcase name="testBucketQuota(ReplicationConfig)[1]" classname="org.apache.hadoop.ozone.client.rpc.TestOzoneRpcClient" time="0.724">
    <system-out><![CDATA[2023-05-04 21:54:41,682 [Listener at 127.0.0.1/45425] INFO  rpc.RpcClient (RpcClient.java:createVolume(476)) - Creating Volume: 33fd58a0-ab78-45ed-a17e-67356ad902db, with runner as owner and space quota set to -1 bytes, counts quota set to -1
2023-05-04 21:54:41,687 [OM StateMachine ApplyTransaction Thread - 0] INFO  volume.OMVolumeCreateRequest (OMVolumeCreateRequest.java:validateAndUpdateCache(195)) - created volume:33fd58a0-ab78-45ed-a17e-67356ad902db for user:runner
2023-05-04 21:54:41,691 [Listener at 127.0.0.1/45425] INFO  rpc.RpcClient (RpcClient.java:createBucket(697)) - Creating Bucket: 33fd58a0-ab78-45ed-a17e-67356ad902db/a06fcaed-737a-4e85-9536-d6f447bfe77f, with server-side default bucket layout, runner as owner, Versioning false, Storage Type set to DISK and Encryption set to false, Replication Type set to server-side default replication type, Namespace Quota set to -1, Space Quota set to -1 
2023-05-04 21:54:41,694 [OM StateMachine ApplyTransaction Thread - 0] INFO  bucket.OMBucketCreateRequest (OMBucketCreateRequest.java:validateAndUpdateCache(270)) - created bucket: a06fcaed-737a-4e85-9536-d6f447bfe77f of layout FILE_SYSTEM_OPTIMIZED in volume: 33fd58a0-ab78-45ed-a17e-67356ad902db
2023-05-04 21:54:41,717 [OM StateMachine ApplyTransaction Thread - 0] INFO  key.OMKeyRequest (OMKeyRequest.java:wrapUncommittedBlocksAsPseudoKey(831)) - Detect allocated but uncommitted blocks [{blockID={containerID=5, localID=111677748019200009}, length=4194304, offset=0, token=null, pipeline=null, createVersion=0, partNumber=0}] in key 5e80811c-874a-40ad-b435-7692829e787d.
2023-05-04 21:54:41,739 [OM StateMachine ApplyTransaction Thread - 0] INFO  key.OMKeyRequest (OMKeyRequest.java:wrapUncommittedBlocksAsPseudoKey(831)) - Detect allocated but uncommitted blocks [{blockID={containerID=3, localID=111677748019200010}, length=4194304, offset=0, token=null, pipeline=null, createVersion=0, partNumber=0}] in key 5e80811c-874a-40ad-b435-7692829e787d.
2023-05-04 21:54:41,762 [Listener at 127.0.0.1/45425] INFO  rpc.RpcClient (RpcClient.java:createVolume(476)) - Creating Volume: 254dcacb-a2b2-44f4-a94b-e356f4694d0a, with runner as owner and space quota set to -1 bytes, counts quota set to -1
2023-05-04 21:54:41,767 [OM StateMachine ApplyTransaction Thread - 0] INFO  volume.OMVolumeCreateRequest (OMVolumeCreateRequest.java:validateAndUpdateCache(195)) - created volume:254dcacb-a2b2-44f4-a94b-e356f4694d0a for user:runner
2023-05-04 21:54:41,770 [Listener at 127.0.0.1/45425] INFO  rpc.RpcClient (RpcClient.java:createBucket(697)) - Creating Bucket: 254dcacb-a2b2-44f4-a94b-e356f4694d0a/749970bc-f171-4302-9b00-47f47a4d553e, with server-side default bucket layout, runner as owner, Versioning false, Storage Type set to DISK and Encryption set to false, Replication Type set to server-side default replication type, Namespace Quota set to -1, Space Quota set to -1 
2023-05-04 21:54:41,774 [OM StateMachine ApplyTransaction Thread - 0] INFO  bucket.OMBucketCreateRequest (OMBucketCreateRequest.java:validateAndUpdateCache(270)) - created bucket: 749970bc-f171-4302-9b00-47f47a4d553e of layout FILE_SYSTEM_OPTIMIZED in volume: 254dcacb-a2b2-44f4-a94b-e356f4694d0a
2023-05-04 21:54:41,873 [Listener at 127.0.0.1/45425] INFO  rpc.RpcClient (RpcClient.java:createVolume(476)) - Creating Volume: 1138fbe5-95d8-4746-8aac-ed4b019c0112, with runner as owner and space quota set to -1 bytes, counts quota set to -1
2023-05-04 21:54:41,876 [OM StateMachine ApplyTransaction Thread - 0] INFO  volume.OMVolumeCreateRequest (OMVolumeCreateRequest.java:validateAndUpdateCache(195)) - created volume:1138fbe5-95d8-4746-8aac-ed4b019c0112 for user:runner
2023-05-04 21:54:41,878 [Listener at 127.0.0.1/45425] INFO  rpc.RpcClient (RpcClient.java:createBucket(697)) - Creating Bucket: 1138fbe5-95d8-4746-8aac-ed4b019c0112/75624093-9641-4c40-86ac-f140649165a6, with server-side default bucket layout, runner as owner, Versioning false, Storage Type set to DISK and Encryption set to false, Replication Type set to server-side default replication type, Namespace Quota set to -1, Space Quota set to -1 
2023-05-04 21:54:41,881 [OM StateMachine ApplyTransaction Thread - 0] INFO  bucket.OMBucketCreateRequest (OMBucketCreateRequest.java:validateAndUpdateCache(270)) - created bucket: 75624093-9641-4c40-86ac-f140649165a6 of layout FILE_SYSTEM_OPTIMIZED in volume: 1138fbe5-95d8-4746-8aac-ed4b019c0112
2023-05-04 21:54:42,143 [Listener at 127.0.0.1/45425] INFO  rpc.RpcClient (RpcClient.java:createVolume(476)) - Creating Volume: bcb565bb-e476-40bf-aab0-da98f3824105, with runner as owner and space quota set to -1 bytes, counts quota set to -1
2023-05-04 21:54:42,146 [OM StateMachine ApplyTransaction Thread - 0] INFO  volume.OMVolumeCreateRequest (OMVolumeCreateRequest.java:validateAndUpdateCache(195)) - created volume:bcb565bb-e476-40bf-aab0-da98f3824105 for user:runner
2023-05-04 21:54:42,149 [Listener at 127.0.0.1/45425] INFO  rpc.RpcClient (RpcClient.java:createBucket(697)) - Creating Bucket: bcb565bb-e476-40bf-aab0-da98f3824105/b351dd75-e1f2-4f88-bb34-77f810eabc7c, with server-side default bucket layout, runner as owner, Versioning false, Storage Type set to DISK and Encryption set to false, Replication Type set to server-side default replication type, Namespace Quota set to -1, Space Quota set to -1 
2023-05-04 21:54:42,152 [OM StateMachine ApplyTransaction Thread - 0] INFO  bucket.OMBucketCreateRequest (OMBucketCreateRequest.java:validateAndUpdateCache(270)) - created bucket: b351dd75-e1f2-4f88-bb34-77f810eabc7c of layout FILE_SYSTEM_OPTIMIZED in volume: bcb565bb-e476-40bf-aab0-da98f3824105
]]></system-out>
  </testcase>
  <testcase name="testBucketQuota(ReplicationConfig)[2]" classname="org.apache.hadoop.ozone.client.rpc.TestOzoneRpcClient" time="5.109">
    <system-out><![CDATA[2023-05-04 21:54:42,405 [Listener at 127.0.0.1/45425] INFO  rpc.RpcClient (RpcClient.java:createVolume(476)) - Creating Volume: 25cecd32-f992-4585-a834-7c38330453b9, with runner as owner and space quota set to -1 bytes, counts quota set to -1
2023-05-04 21:54:42,411 [OM StateMachine ApplyTransaction Thread - 0] INFO  volume.OMVolumeCreateRequest (OMVolumeCreateRequest.java:validateAndUpdateCache(195)) - created volume:25cecd32-f992-4585-a834-7c38330453b9 for user:runner
2023-05-04 21:54:42,416 [Listener at 127.0.0.1/45425] INFO  rpc.RpcClient (RpcClient.java:createBucket(697)) - Creating Bucket: 25cecd32-f992-4585-a834-7c38330453b9/37943f04-bfee-4f7e-80c4-5c0d27509729, with server-side default bucket layout, runner as owner, Versioning false, Storage Type set to DISK and Encryption set to false, Replication Type set to server-side default replication type, Namespace Quota set to -1, Space Quota set to -1 
2023-05-04 21:54:42,420 [OM StateMachine ApplyTransaction Thread - 0] INFO  bucket.OMBucketCreateRequest (OMBucketCreateRequest.java:validateAndUpdateCache(270)) - created bucket: 37943f04-bfee-4f7e-80c4-5c0d27509729 of layout FILE_SYSTEM_OPTIMIZED in volume: 25cecd32-f992-4585-a834-7c38330453b9
2023-05-04 21:54:42,444 [OM StateMachine ApplyTransaction Thread - 0] INFO  key.OMKeyRequest (OMKeyRequest.java:wrapUncommittedBlocksAsPseudoKey(831)) - Detect allocated but uncommitted blocks [{blockID={containerID=9, localID=111677748019200019}, length=4194304, offset=0, token=null, pipeline=null, createVersion=0, partNumber=0}] in key 9ef1bdab-4939-4ac2-8e5b-0a2291102d3e.
2023-05-04 21:54:42,472 [OM StateMachine ApplyTransaction Thread - 0] INFO  key.OMKeyRequest (OMKeyRequest.java:wrapUncommittedBlocksAsPseudoKey(831)) - Detect allocated but uncommitted blocks [{blockID={containerID=10, localID=111677748019200020}, length=4194304, offset=0, token=null, pipeline=null, createVersion=0, partNumber=0}] in key 9ef1bdab-4939-4ac2-8e5b-0a2291102d3e.
2023-05-04 21:54:42,486 [Listener at 127.0.0.1/45425] INFO  rpc.RpcClient (RpcClient.java:createVolume(476)) - Creating Volume: 3addbc6c-6223-4eaf-9e22-f4cf6794e57a, with runner as owner and space quota set to -1 bytes, counts quota set to -1
2023-05-04 21:54:42,489 [OM StateMachine ApplyTransaction Thread - 0] INFO  volume.OMVolumeCreateRequest (OMVolumeCreateRequest.java:validateAndUpdateCache(195)) - created volume:3addbc6c-6223-4eaf-9e22-f4cf6794e57a for user:runner
2023-05-04 21:54:42,491 [Listener at 127.0.0.1/45425] INFO  rpc.RpcClient (RpcClient.java:createBucket(697)) - Creating Bucket: 3addbc6c-6223-4eaf-9e22-f4cf6794e57a/2a4cccef-95af-4651-96de-8634db8c13a1, with server-side default bucket layout, runner as owner, Versioning false, Storage Type set to DISK and Encryption set to false, Replication Type set to server-side default replication type, Namespace Quota set to -1, Space Quota set to -1 
2023-05-04 21:54:42,494 [OM StateMachine ApplyTransaction Thread - 0] INFO  bucket.OMBucketCreateRequest (OMBucketCreateRequest.java:validateAndUpdateCache(270)) - created bucket: 2a4cccef-95af-4651-96de-8634db8c13a1 of layout FILE_SYSTEM_OPTIMIZED in volume: 3addbc6c-6223-4eaf-9e22-f4cf6794e57a
2023-05-04 21:54:42,782 [Listener at 127.0.0.1/45425] INFO  rpc.RpcClient (RpcClient.java:createVolume(476)) - Creating Volume: c1ddc5b4-fd99-4379-bea3-949f13781dfc, with runner as owner and space quota set to -1 bytes, counts quota set to -1
2023-05-04 21:54:42,787 [OM StateMachine ApplyTransaction Thread - 0] INFO  volume.OMVolumeCreateRequest (OMVolumeCreateRequest.java:validateAndUpdateCache(195)) - created volume:c1ddc5b4-fd99-4379-bea3-949f13781dfc for user:runner
2023-05-04 21:54:42,789 [Listener at 127.0.0.1/45425] INFO  rpc.RpcClient (RpcClient.java:createBucket(697)) - Creating Bucket: c1ddc5b4-fd99-4379-bea3-949f13781dfc/9300b71f-9f26-4186-bca7-f7a1d02cd987, with server-side default bucket layout, runner as owner, Versioning false, Storage Type set to DISK and Encryption set to false, Replication Type set to server-side default replication type, Namespace Quota set to -1, Space Quota set to -1 
2023-05-04 21:54:42,793 [OM StateMachine ApplyTransaction Thread - 0] INFO  bucket.OMBucketCreateRequest (OMBucketCreateRequest.java:validateAndUpdateCache(270)) - created bucket: 9300b71f-9f26-4186-bca7-f7a1d02cd987 of layout FILE_SYSTEM_OPTIMIZED in volume: c1ddc5b4-fd99-4379-bea3-949f13781dfc
2023-05-04 21:54:43,459 [Listener at 127.0.0.1/45425] INFO  rpc.RpcClient (RpcClient.java:createVolume(476)) - Creating Volume: b3c26d54-c31f-4da2-b5a4-df839f2a0624, with runner as owner and space quota set to -1 bytes, counts quota set to -1
2023-05-04 21:54:43,462 [OM StateMachine ApplyTransaction Thread - 0] INFO  volume.OMVolumeCreateRequest (OMVolumeCreateRequest.java:validateAndUpdateCache(195)) - created volume:b3c26d54-c31f-4da2-b5a4-df839f2a0624 for user:runner
2023-05-04 21:54:43,465 [Listener at 127.0.0.1/45425] INFO  rpc.RpcClient (RpcClient.java:createBucket(697)) - Creating Bucket: b3c26d54-c31f-4da2-b5a4-df839f2a0624/843270f4-dce1-490a-93e4-60927c4d2d71, with server-side default bucket layout, runner as owner, Versioning false, Storage Type set to DISK and Encryption set to false, Replication Type set to server-side default replication type, Namespace Quota set to -1, Space Quota set to -1 
2023-05-04 21:54:43,468 [OM StateMachine ApplyTransaction Thread - 0] INFO  bucket.OMBucketCreateRequest (OMBucketCreateRequest.java:validateAndUpdateCache(270)) - created bucket: 843270f4-dce1-490a-93e4-60927c4d2d71 of layout FILE_SYSTEM_OPTIMIZED in volume: b3c26d54-c31f-4da2-b5a4-df839f2a0624
2023-05-04 21:54:44,035 [Listener at 127.0.0.1/45425] INFO  rpc.RpcClient (RpcClient.java:createVolume(476)) - Creating Volume: ce89baeb-d628-4461-88a8-77f3176b5b3d, with runner as owner and space quota set to -1 bytes, counts quota set to -1
2023-05-04 21:54:44,038 [OM StateMachine ApplyTransaction Thread - 0] INFO  volume.OMVolumeCreateRequest (OMVolumeCreateRequest.java:validateAndUpdateCache(195)) - created volume:ce89baeb-d628-4461-88a8-77f3176b5b3d for user:runner
2023-05-04 21:54:44,041 [Listener at 127.0.0.1/45425] INFO  rpc.RpcClient (RpcClient.java:createBucket(697)) - Creating Bucket: ce89baeb-d628-4461-88a8-77f3176b5b3d/8f117176-edd0-4acc-b8aa-c49f1b63fdf6, with server-side default bucket layout, runner as owner, Versioning false, Storage Type set to DISK and Encryption set to false, Replication Type set to server-side default replication type, Namespace Quota set to -1, Space Quota set to -1 
2023-05-04 21:54:44,044 [OM StateMachine ApplyTransaction Thread - 0] INFO  bucket.OMBucketCreateRequest (OMBucketCreateRequest.java:validateAndUpdateCache(270)) - created bucket: 8f117176-edd0-4acc-b8aa-c49f1b63fdf6 of layout FILE_SYSTEM_OPTIMIZED in volume: ce89baeb-d628-4461-88a8-77f3176b5b3d
2023-05-04 21:54:44,670 [Listener at 127.0.0.1/45425] INFO  rpc.RpcClient (RpcClient.java:createVolume(476)) - Creating Volume: 1d4dd8ea-e0dc-4b15-a447-8fa62051ca85, with runner as owner and space quota set to -1 bytes, counts quota set to -1
2023-05-04 21:54:44,673 [OM StateMachine ApplyTransaction Thread - 0] INFO  volume.OMVolumeCreateRequest (OMVolumeCreateRequest.java:validateAndUpdateCache(195)) - created volume:1d4dd8ea-e0dc-4b15-a447-8fa62051ca85 for user:runner
2023-05-04 21:54:44,675 [Listener at 127.0.0.1/45425] INFO  rpc.RpcClient (RpcClient.java:createBucket(697)) - Creating Bucket: 1d4dd8ea-e0dc-4b15-a447-8fa62051ca85/669ac916-3ab0-4772-904c-5e6e6fa32ebe, with server-side default bucket layout, runner as owner, Versioning false, Storage Type set to DISK and Encryption set to false, Replication Type set to server-side default replication type, Namespace Quota set to -1, Space Quota set to -1 
2023-05-04 21:54:44,678 [OM StateMachine ApplyTransaction Thread - 0] INFO  bucket.OMBucketCreateRequest (OMBucketCreateRequest.java:validateAndUpdateCache(270)) - created bucket: 669ac916-3ab0-4772-904c-5e6e6fa32ebe of layout FILE_SYSTEM_OPTIMIZED in volume: 1d4dd8ea-e0dc-4b15-a447-8fa62051ca85
2023-05-04 21:54:45,551 [Listener at 127.0.0.1/45425] INFO  rpc.RpcClient (RpcClient.java:createVolume(476)) - Creating Volume: e3200b01-b2c9-4219-b606-c132cac3544c, with runner as owner and space quota set to -1 bytes, counts quota set to -1
2023-05-04 21:54:45,554 [OM StateMachine ApplyTransaction Thread - 0] INFO  volume.OMVolumeCreateRequest (OMVolumeCreateRequest.java:validateAndUpdateCache(195)) - created volume:e3200b01-b2c9-4219-b606-c132cac3544c for user:runner
2023-05-04 21:54:45,556 [Listener at 127.0.0.1/45425] INFO  rpc.RpcClient (RpcClient.java:createBucket(697)) - Creating Bucket: e3200b01-b2c9-4219-b606-c132cac3544c/744fb864-8269-4b97-9f9e-af59a5c1a790, with server-side default bucket layout, runner as owner, Versioning false, Storage Type set to DISK and Encryption set to false, Replication Type set to server-side default replication type, Namespace Quota set to -1, Space Quota set to -1 
2023-05-04 21:54:45,558 [OM StateMachine ApplyTransaction Thread - 0] INFO  bucket.OMBucketCreateRequest (OMBucketCreateRequest.java:validateAndUpdateCache(270)) - created bucket: 744fb864-8269-4b97-9f9e-af59a5c1a790 of layout FILE_SYSTEM_OPTIMIZED in volume: e3200b01-b2c9-4219-b606-c132cac3544c
2023-05-04 21:54:46,430 [Listener at 127.0.0.1/45425] INFO  rpc.RpcClient (RpcClient.java:createVolume(476)) - Creating Volume: c0b07d5c-8330-4db4-9397-4e8d03914b15, with runner as owner and space quota set to -1 bytes, counts quota set to -1
2023-05-04 21:54:46,432 [OM StateMachine ApplyTransaction Thread - 0] INFO  volume.OMVolumeCreateRequest (OMVolumeCreateRequest.java:validateAndUpdateCache(195)) - created volume:c0b07d5c-8330-4db4-9397-4e8d03914b15 for user:runner
2023-05-04 21:54:46,434 [Listener at 127.0.0.1/45425] INFO  rpc.RpcClient (RpcClient.java:createBucket(697)) - Creating Bucket: c0b07d5c-8330-4db4-9397-4e8d03914b15/bd3c1948-342b-4576-9268-33585aaa16db, with server-side default bucket layout, runner as owner, Versioning false, Storage Type set to DISK and Encryption set to false, Replication Type set to server-side default replication type, Namespace Quota set to -1, Space Quota set to -1 
2023-05-04 21:54:46,436 [OM StateMachine ApplyTransaction Thread - 0] INFO  bucket.OMBucketCreateRequest (OMBucketCreateRequest.java:validateAndUpdateCache(270)) - created bucket: bd3c1948-342b-4576-9268-33585aaa16db of layout FILE_SYSTEM_OPTIMIZED in volume: c0b07d5c-8330-4db4-9397-4e8d03914b15
]]></system-out>
  </testcase>
  <testcase name="testBucketQuota(ReplicationConfig)[3]" classname="org.apache.hadoop.ozone.client.rpc.TestOzoneRpcClient" time="6.53">
    <system-out><![CDATA[2023-05-04 21:54:47,516 [Listener at 127.0.0.1/45425] INFO  rpc.RpcClient (RpcClient.java:createVolume(476)) - Creating Volume: 77ddec27-90c2-4039-955c-85ed736307a9, with runner as owner and space quota set to -1 bytes, counts quota set to -1
2023-05-04 21:54:47,519 [OM StateMachine ApplyTransaction Thread - 0] INFO  volume.OMVolumeCreateRequest (OMVolumeCreateRequest.java:validateAndUpdateCache(195)) - created volume:77ddec27-90c2-4039-955c-85ed736307a9 for user:runner
2023-05-04 21:54:47,520 [Listener at 127.0.0.1/45425] INFO  rpc.RpcClient (RpcClient.java:createBucket(697)) - Creating Bucket: 77ddec27-90c2-4039-955c-85ed736307a9/e605f468-ca21-41aa-aca1-ea3be34f075f, with server-side default bucket layout, runner as owner, Versioning false, Storage Type set to DISK and Encryption set to false, Replication Type set to server-side default replication type, Namespace Quota set to -1, Space Quota set to -1 
2023-05-04 21:54:47,523 [OM StateMachine ApplyTransaction Thread - 0] INFO  bucket.OMBucketCreateRequest (OMBucketCreateRequest.java:validateAndUpdateCache(270)) - created bucket: e605f468-ca21-41aa-aca1-ea3be34f075f of layout FILE_SYSTEM_OPTIMIZED in volume: 77ddec27-90c2-4039-955c-85ed736307a9
2023-05-04 21:54:47,541 [IPC Server handler 10 on default port 35203] INFO  pipeline.PipelineStateManagerImpl (PipelineStateManagerImpl.java:addPipeline(103)) - Created pipeline Pipeline[ Id: 977a6d50-d78d-45c1-9179-48c8f25eb601, Nodes: 9dbc72e3-9cc3-404d-a7a0-986f3a32b37f(fv-az133-721.yhipumr4050edinzmvad0xeera.cx.internal.cloudapp.net/10.1.0.44)4c10edfb-6769-4396-b189-3c3a2dc734f1(fv-az133-721.yhipumr4050edinzmvad0xeera.cx.internal.cloudapp.net/10.1.0.44)d5196681-af95-4a59-85a9-5a8fb94dede6(fv-az133-721.yhipumr4050edinzmvad0xeera.cx.internal.cloudapp.net/10.1.0.44)6abe40d9-bbca-402e-938b-50fbed365dbf(fv-az133-721.yhipumr4050edinzmvad0xeera.cx.internal.cloudapp.net/10.1.0.44)ba9b7234-19ea-40e1-bb60-95fa157c93f0(fv-az133-721.yhipumr4050edinzmvad0xeera.cx.internal.cloudapp.net/10.1.0.44), ReplicationConfig: EC{rs-3-2-1024k}, State:ALLOCATED, leaderId:, CreationTimestamp2023-05-04T21:54:47.541Z[Etc/UTC]].
2023-05-04 21:54:47,543 [IPC Server handler 10 on default port 35203] INFO  pipeline.PipelineManagerImpl (PipelineManagerImpl.java:openPipeline(367)) - Pipeline Pipeline[ Id: 977a6d50-d78d-45c1-9179-48c8f25eb601, Nodes: 9dbc72e3-9cc3-404d-a7a0-986f3a32b37f(fv-az133-721.yhipumr4050edinzmvad0xeera.cx.internal.cloudapp.net/10.1.0.44)4c10edfb-6769-4396-b189-3c3a2dc734f1(fv-az133-721.yhipumr4050edinzmvad0xeera.cx.internal.cloudapp.net/10.1.0.44)d5196681-af95-4a59-85a9-5a8fb94dede6(fv-az133-721.yhipumr4050edinzmvad0xeera.cx.internal.cloudapp.net/10.1.0.44)6abe40d9-bbca-402e-938b-50fbed365dbf(fv-az133-721.yhipumr4050edinzmvad0xeera.cx.internal.cloudapp.net/10.1.0.44)ba9b7234-19ea-40e1-bb60-95fa157c93f0(fv-az133-721.yhipumr4050edinzmvad0xeera.cx.internal.cloudapp.net/10.1.0.44), ReplicationConfig: EC{rs-3-2-1024k}, State:ALLOCATED, leaderId:, CreationTimestamp2023-05-04T21:54:47.541Z[Etc/UTC]] moved to OPEN state
2023-05-04 21:54:47,604 [Listener at 127.0.0.1/45425] WARN  erasurecode.ErasureCodeNative (ErasureCodeNative.java:<clinit>(55)) - ISA-L support is not available in your platform... using builtin-java codec where applicable
2023-05-04 21:54:47,703 [OM StateMachine ApplyTransaction Thread - 0] INFO  key.OMKeyRequest (OMKeyRequest.java:wrapUncommittedBlocksAsPseudoKey(831)) - Detect allocated but uncommitted blocks [{blockID={containerID=16, localID=111677748019200053}, length=4194304, offset=0, token=null, pipeline=null, createVersion=0, partNumber=0}] in key a74a27c3-54bf-4aee-9530-c3862aa69eca.
2023-05-04 21:54:47,712 [IPC Server handler 4 on default port 35203] INFO  pipeline.PipelineStateManagerImpl (PipelineStateManagerImpl.java:addPipeline(103)) - Created pipeline Pipeline[ Id: 5aa794e0-92a0-43a8-87a6-62104570ebc0, Nodes: 1cc39e43-a1b8-4aca-9e03-172752381d1e(fv-az133-721.yhipumr4050edinzmvad0xeera.cx.internal.cloudapp.net/10.1.0.44)dbf01856-92cd-4f2e-80e3-f7bd7f97e610(fv-az133-721.yhipumr4050edinzmvad0xeera.cx.internal.cloudapp.net/10.1.0.44)4af07dde-7c26-4e14-912a-ab8f17b2e80e(fv-az133-721.yhipumr4050edinzmvad0xeera.cx.internal.cloudapp.net/10.1.0.44)0362f5ef-3c15-4b85-bfd5-7911b45f7638(fv-az133-721.yhipumr4050edinzmvad0xeera.cx.internal.cloudapp.net/10.1.0.44)e0862bec-a8bd-48ad-a9f8-bef0c155c835(fv-az133-721.yhipumr4050edinzmvad0xeera.cx.internal.cloudapp.net/10.1.0.44), ReplicationConfig: EC{rs-3-2-1024k}, State:ALLOCATED, leaderId:, CreationTimestamp2023-05-04T21:54:47.711Z[Etc/UTC]].
2023-05-04 21:54:47,713 [IPC Server handler 4 on default port 35203] INFO  pipeline.PipelineManagerImpl (PipelineManagerImpl.java:openPipeline(367)) - Pipeline Pipeline[ Id: 5aa794e0-92a0-43a8-87a6-62104570ebc0, Nodes: 1cc39e43-a1b8-4aca-9e03-172752381d1e(fv-az133-721.yhipumr4050edinzmvad0xeera.cx.internal.cloudapp.net/10.1.0.44)dbf01856-92cd-4f2e-80e3-f7bd7f97e610(fv-az133-721.yhipumr4050edinzmvad0xeera.cx.internal.cloudapp.net/10.1.0.44)4af07dde-7c26-4e14-912a-ab8f17b2e80e(fv-az133-721.yhipumr4050edinzmvad0xeera.cx.internal.cloudapp.net/10.1.0.44)0362f5ef-3c15-4b85-bfd5-7911b45f7638(fv-az133-721.yhipumr4050edinzmvad0xeera.cx.internal.cloudapp.net/10.1.0.44)e0862bec-a8bd-48ad-a9f8-bef0c155c835(fv-az133-721.yhipumr4050edinzmvad0xeera.cx.internal.cloudapp.net/10.1.0.44), ReplicationConfig: EC{rs-3-2-1024k}, State:ALLOCATED, leaderId:, CreationTimestamp2023-05-04T21:54:47.711Z[Etc/UTC]] moved to OPEN state
2023-05-04 21:54:47,753 [OM StateMachine ApplyTransaction Thread - 0] INFO  key.OMKeyRequest (OMKeyRequest.java:wrapUncommittedBlocksAsPseudoKey(831)) - Detect allocated but uncommitted blocks [{blockID={containerID=17, localID=111677748019200054}, length=4194304, offset=0, token=null, pipeline=null, createVersion=0, partNumber=0}] in key a74a27c3-54bf-4aee-9530-c3862aa69eca.
2023-05-04 21:54:47,768 [Listener at 127.0.0.1/45425] INFO  rpc.RpcClient (RpcClient.java:createVolume(476)) - Creating Volume: 7c0ddcae-c3c1-440c-88b6-b4a4bfd3bd0b, with runner as owner and space quota set to -1 bytes, counts quota set to -1
2023-05-04 21:54:47,771 [OM StateMachine ApplyTransaction Thread - 0] INFO  volume.OMVolumeCreateRequest (OMVolumeCreateRequest.java:validateAndUpdateCache(195)) - created volume:7c0ddcae-c3c1-440c-88b6-b4a4bfd3bd0b for user:runner
2023-05-04 21:54:47,773 [Listener at 127.0.0.1/45425] INFO  rpc.RpcClient (RpcClient.java:createBucket(697)) - Creating Bucket: 7c0ddcae-c3c1-440c-88b6-b4a4bfd3bd0b/6ff4466a-5a97-4d11-b8ab-ac80135ae911, with server-side default bucket layout, runner as owner, Versioning false, Storage Type set to DISK and Encryption set to false, Replication Type set to server-side default replication type, Namespace Quota set to -1, Space Quota set to -1 
2023-05-04 21:54:47,776 [OM StateMachine ApplyTransaction Thread - 0] INFO  bucket.OMBucketCreateRequest (OMBucketCreateRequest.java:validateAndUpdateCache(270)) - created bucket: 6ff4466a-5a97-4d11-b8ab-ac80135ae911 of layout FILE_SYSTEM_OPTIMIZED in volume: 7c0ddcae-c3c1-440c-88b6-b4a4bfd3bd0b
2023-05-04 21:54:47,786 [IPC Server handler 18 on default port 35203] INFO  pipeline.PipelineStateManagerImpl (PipelineStateManagerImpl.java:addPipeline(103)) - Created pipeline Pipeline[ Id: aea01a0c-0afe-4d9e-80e4-0c985defc294, Nodes: d5196681-af95-4a59-85a9-5a8fb94dede6(fv-az133-721.yhipumr4050edinzmvad0xeera.cx.internal.cloudapp.net/10.1.0.44)7a25d7ac-269f-485a-96a1-a3fbc0da93f8(fv-az133-721.yhipumr4050edinzmvad0xeera.cx.internal.cloudapp.net/10.1.0.44)6abe40d9-bbca-402e-938b-50fbed365dbf(fv-az133-721.yhipumr4050edinzmvad0xeera.cx.internal.cloudapp.net/10.1.0.44)4c10edfb-6769-4396-b189-3c3a2dc734f1(fv-az133-721.yhipumr4050edinzmvad0xeera.cx.internal.cloudapp.net/10.1.0.44)1cc39e43-a1b8-4aca-9e03-172752381d1e(fv-az133-721.yhipumr4050edinzmvad0xeera.cx.internal.cloudapp.net/10.1.0.44), ReplicationConfig: EC{rs-3-2-1024k}, State:ALLOCATED, leaderId:, CreationTimestamp2023-05-04T21:54:47.785Z[Etc/UTC]].
2023-05-04 21:54:47,787 [IPC Server handler 18 on default port 35203] INFO  pipeline.PipelineManagerImpl (PipelineManagerImpl.java:openPipeline(367)) - Pipeline Pipeline[ Id: aea01a0c-0afe-4d9e-80e4-0c985defc294, Nodes: d5196681-af95-4a59-85a9-5a8fb94dede6(fv-az133-721.yhipumr4050edinzmvad0xeera.cx.internal.cloudapp.net/10.1.0.44)7a25d7ac-269f-485a-96a1-a3fbc0da93f8(fv-az133-721.yhipumr4050edinzmvad0xeera.cx.internal.cloudapp.net/10.1.0.44)6abe40d9-bbca-402e-938b-50fbed365dbf(fv-az133-721.yhipumr4050edinzmvad0xeera.cx.internal.cloudapp.net/10.1.0.44)4c10edfb-6769-4396-b189-3c3a2dc734f1(fv-az133-721.yhipumr4050edinzmvad0xeera.cx.internal.cloudapp.net/10.1.0.44)1cc39e43-a1b8-4aca-9e03-172752381d1e(fv-az133-721.yhipumr4050edinzmvad0xeera.cx.internal.cloudapp.net/10.1.0.44), ReplicationConfig: EC{rs-3-2-1024k}, State:ALLOCATED, leaderId:, CreationTimestamp2023-05-04T21:54:47.785Z[Etc/UTC]] moved to OPEN state
2023-05-04 21:54:48,052 [IPC Server handler 3 on default port 35203] INFO  pipeline.PipelineStateManagerImpl (PipelineStateManagerImpl.java:addPipeline(103)) - Created pipeline Pipeline[ Id: f241ac45-5bb3-4428-a238-e138b123f26b, Nodes: 4c10edfb-6769-4396-b189-3c3a2dc734f1(fv-az133-721.yhipumr4050edinzmvad0xeera.cx.internal.cloudapp.net/10.1.0.44)1cc39e43-a1b8-4aca-9e03-172752381d1e(fv-az133-721.yhipumr4050edinzmvad0xeera.cx.internal.cloudapp.net/10.1.0.44)4af14e23-4e43-4125-a3fa-4a46f775551c(fv-az133-721.yhipumr4050edinzmvad0xeera.cx.internal.cloudapp.net/10.1.0.44)9dbc72e3-9cc3-404d-a7a0-986f3a32b37f(fv-az133-721.yhipumr4050edinzmvad0xeera.cx.internal.cloudapp.net/10.1.0.44)7a25d7ac-269f-485a-96a1-a3fbc0da93f8(fv-az133-721.yhipumr4050edinzmvad0xeera.cx.internal.cloudapp.net/10.1.0.44), ReplicationConfig: EC{rs-3-2-1024k}, State:ALLOCATED, leaderId:, CreationTimestamp2023-05-04T21:54:48.052Z[Etc/UTC]].
2023-05-04 21:54:48,053 [IPC Server handler 3 on default port 35203] INFO  pipeline.PipelineManagerImpl (PipelineManagerImpl.java:openPipeline(367)) - Pipeline Pipeline[ Id: f241ac45-5bb3-4428-a238-e138b123f26b, Nodes: 4c10edfb-6769-4396-b189-3c3a2dc734f1(fv-az133-721.yhipumr4050edinzmvad0xeera.cx.internal.cloudapp.net/10.1.0.44)1cc39e43-a1b8-4aca-9e03-172752381d1e(fv-az133-721.yhipumr4050edinzmvad0xeera.cx.internal.cloudapp.net/10.1.0.44)4af14e23-4e43-4125-a3fa-4a46f775551c(fv-az133-721.yhipumr4050edinzmvad0xeera.cx.internal.cloudapp.net/10.1.0.44)9dbc72e3-9cc3-404d-a7a0-986f3a32b37f(fv-az133-721.yhipumr4050edinzmvad0xeera.cx.internal.cloudapp.net/10.1.0.44)7a25d7ac-269f-485a-96a1-a3fbc0da93f8(fv-az133-721.yhipumr4050edinzmvad0xeera.cx.internal.cloudapp.net/10.1.0.44), ReplicationConfig: EC{rs-3-2-1024k}, State:ALLOCATED, leaderId:, CreationTimestamp2023-05-04T21:54:48.052Z[Etc/UTC]] moved to OPEN state
2023-05-04 21:54:48,180 [Listener at 127.0.0.1/45425] INFO  rpc.RpcClient (RpcClient.java:createVolume(476)) - Creating Volume: 8038d15e-9856-4732-b669-1e5bd6048670, with runner as owner and space quota set to -1 bytes, counts quota set to -1
2023-05-04 21:54:48,183 [OM StateMachine ApplyTransaction Thread - 0] INFO  volume.OMVolumeCreateRequest (OMVolumeCreateRequest.java:validateAndUpdateCache(195)) - created volume:8038d15e-9856-4732-b669-1e5bd6048670 for user:runner
2023-05-04 21:54:48,185 [Listener at 127.0.0.1/45425] INFO  rpc.RpcClient (RpcClient.java:createBucket(697)) - Creating Bucket: 8038d15e-9856-4732-b669-1e5bd6048670/d69ffe06-e604-4934-8dac-3120582eadea, with server-side default bucket layout, runner as owner, Versioning false, Storage Type set to DISK and Encryption set to false, Replication Type set to server-side default replication type, Namespace Quota set to -1, Space Quota set to -1 
2023-05-04 21:54:48,188 [OM StateMachine ApplyTransaction Thread - 0] INFO  bucket.OMBucketCreateRequest (OMBucketCreateRequest.java:validateAndUpdateCache(270)) - created bucket: d69ffe06-e604-4934-8dac-3120582eadea of layout FILE_SYSTEM_OPTIMIZED in volume: 8038d15e-9856-4732-b669-1e5bd6048670
2023-05-04 21:54:48,193 [IPC Server handler 17 on default port 35203] INFO  pipeline.PipelineStateManagerImpl (PipelineStateManagerImpl.java:addPipeline(103)) - Created pipeline Pipeline[ Id: 445318dc-45b6-43b7-b5de-74bac327c972, Nodes: ba9b7234-19ea-40e1-bb60-95fa157c93f0(fv-az133-721.yhipumr4050edinzmvad0xeera.cx.internal.cloudapp.net/10.1.0.44)0362f5ef-3c15-4b85-bfd5-7911b45f7638(fv-az133-721.yhipumr4050edinzmvad0xeera.cx.internal.cloudapp.net/10.1.0.44)1cc39e43-a1b8-4aca-9e03-172752381d1e(fv-az133-721.yhipumr4050edinzmvad0xeera.cx.internal.cloudapp.net/10.1.0.44)7a25d7ac-269f-485a-96a1-a3fbc0da93f8(fv-az133-721.yhipumr4050edinzmvad0xeera.cx.internal.cloudapp.net/10.1.0.44)dbf01856-92cd-4f2e-80e3-f7bd7f97e610(fv-az133-721.yhipumr4050edinzmvad0xeera.cx.internal.cloudapp.net/10.1.0.44), ReplicationConfig: EC{rs-3-2-1024k}, State:ALLOCATED, leaderId:, CreationTimestamp2023-05-04T21:54:48.193Z[Etc/UTC]].
2023-05-04 21:54:48,194 [IPC Server handler 17 on default port 35203] INFO  pipeline.PipelineManagerImpl (PipelineManagerImpl.java:openPipeline(367)) - Pipeline Pipeline[ Id: 445318dc-45b6-43b7-b5de-74bac327c972, Nodes: ba9b7234-19ea-40e1-bb60-95fa157c93f0(fv-az133-721.yhipumr4050edinzmvad0xeera.cx.internal.cloudapp.net/10.1.0.44)0362f5ef-3c15-4b85-bfd5-7911b45f7638(fv-az133-721.yhipumr4050edinzmvad0xeera.cx.internal.cloudapp.net/10.1.0.44)1cc39e43-a1b8-4aca-9e03-172752381d1e(fv-az133-721.yhipumr4050edinzmvad0xeera.cx.internal.cloudapp.net/10.1.0.44)7a25d7ac-269f-485a-96a1-a3fbc0da93f8(fv-az133-721.yhipumr4050edinzmvad0xeera.cx.internal.cloudapp.net/10.1.0.44)dbf01856-92cd-4f2e-80e3-f7bd7f97e610(fv-az133-721.yhipumr4050edinzmvad0xeera.cx.internal.cloudapp.net/10.1.0.44), ReplicationConfig: EC{rs-3-2-1024k}, State:ALLOCATED, leaderId:, CreationTimestamp2023-05-04T21:54:48.193Z[Etc/UTC]] moved to OPEN state
2023-05-04 21:54:48,711 [Listener at 127.0.0.1/45425] INFO  rpc.RpcClient (RpcClient.java:createVolume(476)) - Creating Volume: 2db2799b-046b-4b76-ae92-c24f718d47a7, with runner as owner and space quota set to -1 bytes, counts quota set to -1
2023-05-04 21:54:48,714 [OM StateMachine ApplyTransaction Thread - 0] INFO  volume.OMVolumeCreateRequest (OMVolumeCreateRequest.java:validateAndUpdateCache(195)) - created volume:2db2799b-046b-4b76-ae92-c24f718d47a7 for user:runner
2023-05-04 21:54:48,715 [Listener at 127.0.0.1/45425] INFO  rpc.RpcClient (RpcClient.java:createBucket(697)) - Creating Bucket: 2db2799b-046b-4b76-ae92-c24f718d47a7/4740fd84-37d9-4056-86a4-7ab8679acbc0, with server-side default bucket layout, runner as owner, Versioning false, Storage Type set to DISK and Encryption set to false, Replication Type set to server-side default replication type, Namespace Quota set to -1, Space Quota set to -1 
2023-05-04 21:54:48,718 [OM StateMachine ApplyTransaction Thread - 0] INFO  bucket.OMBucketCreateRequest (OMBucketCreateRequest.java:validateAndUpdateCache(270)) - created bucket: 4740fd84-37d9-4056-86a4-7ab8679acbc0 of layout FILE_SYSTEM_OPTIMIZED in volume: 2db2799b-046b-4b76-ae92-c24f718d47a7
2023-05-04 21:54:49,155 [Listener at 127.0.0.1/45425] INFO  rpc.RpcClient (RpcClient.java:createVolume(476)) - Creating Volume: 7eda4077-fc4a-49ac-b6fc-7d25b7ba231f, with runner as owner and space quota set to -1 bytes, counts quota set to -1
2023-05-04 21:54:49,158 [OM StateMachine ApplyTransaction Thread - 0] INFO  volume.OMVolumeCreateRequest (OMVolumeCreateRequest.java:validateAndUpdateCache(195)) - created volume:7eda4077-fc4a-49ac-b6fc-7d25b7ba231f for user:runner
2023-05-04 21:54:49,161 [Listener at 127.0.0.1/45425] INFO  rpc.RpcClient (RpcClient.java:createBucket(697)) - Creating Bucket: 7eda4077-fc4a-49ac-b6fc-7d25b7ba231f/397a7682-3f57-4bd7-a4f7-6f16ddaea16c, with server-side default bucket layout, runner as owner, Versioning false, Storage Type set to DISK and Encryption set to false, Replication Type set to server-side default replication type, Namespace Quota set to -1, Space Quota set to -1 
2023-05-04 21:54:49,164 [OM StateMachine ApplyTransaction Thread - 0] INFO  bucket.OMBucketCreateRequest (OMBucketCreateRequest.java:validateAndUpdateCache(270)) - created bucket: 397a7682-3f57-4bd7-a4f7-6f16ddaea16c of layout FILE_SYSTEM_OPTIMIZED in volume: 7eda4077-fc4a-49ac-b6fc-7d25b7ba231f
2023-05-04 21:54:49,602 [Listener at 127.0.0.1/45425] INFO  rpc.RpcClient (RpcClient.java:createVolume(476)) - Creating Volume: 1b87920a-0c35-49b0-85d6-8ba277895e0f, with runner as owner and space quota set to -1 bytes, counts quota set to -1
2023-05-04 21:54:49,604 [OM StateMachine ApplyTransaction Thread - 0] INFO  volume.OMVolumeCreateRequest (OMVolumeCreateRequest.java:validateAndUpdateCache(195)) - created volume:1b87920a-0c35-49b0-85d6-8ba277895e0f for user:runner
2023-05-04 21:54:49,606 [Listener at 127.0.0.1/45425] INFO  rpc.RpcClient (RpcClient.java:createBucket(697)) - Creating Bucket: 1b87920a-0c35-49b0-85d6-8ba277895e0f/41777b58-7d22-441a-97c4-275be533e41f, with server-side default bucket layout, runner as owner, Versioning false, Storage Type set to DISK and Encryption set to false, Replication Type set to server-side default replication type, Namespace Quota set to -1, Space Quota set to -1 
2023-05-04 21:54:49,608 [OM StateMachine ApplyTransaction Thread - 0] INFO  bucket.OMBucketCreateRequest (OMBucketCreateRequest.java:validateAndUpdateCache(270)) - created bucket: 41777b58-7d22-441a-97c4-275be533e41f of layout FILE_SYSTEM_OPTIMIZED in volume: 1b87920a-0c35-49b0-85d6-8ba277895e0f
2023-05-04 21:54:50,001 [Listener at 127.0.0.1/45425] INFO  rpc.RpcClient (RpcClient.java:createVolume(476)) - Creating Volume: 1b318f93-e382-4311-a6c1-9cbaf92d4988, with runner as owner and space quota set to -1 bytes, counts quota set to -1
2023-05-04 21:54:50,010 [OM StateMachine ApplyTransaction Thread - 0] INFO  volume.OMVolumeCreateRequest (OMVolumeCreateRequest.java:validateAndUpdateCache(195)) - created volume:1b318f93-e382-4311-a6c1-9cbaf92d4988 for user:runner
2023-05-04 21:54:50,012 [Listener at 127.0.0.1/45425] INFO  rpc.RpcClient (RpcClient.java:createBucket(697)) - Creating Bucket: 1b318f93-e382-4311-a6c1-9cbaf92d4988/16d2e93a-87f2-4580-b7d1-6f3b72bc64b8, with server-side default bucket layout, runner as owner, Versioning false, Storage Type set to DISK and Encryption set to false, Replication Type set to server-side default replication type, Namespace Quota set to -1, Space Quota set to -1 
2023-05-04 21:54:50,016 [OM StateMachine ApplyTransaction Thread - 0] INFO  bucket.OMBucketCreateRequest (OMBucketCreateRequest.java:validateAndUpdateCache(270)) - created bucket: 16d2e93a-87f2-4580-b7d1-6f3b72bc64b8 of layout FILE_SYSTEM_OPTIMIZED in volume: 1b318f93-e382-4311-a6c1-9cbaf92d4988
2023-05-04 21:54:50,838 [Listener at 127.0.0.1/45425] INFO  rpc.RpcClient (RpcClient.java:createVolume(476)) - Creating Volume: 9af7a22e-7c6f-4eb0-bc9a-dd262db3289a, with runner as owner and space quota set to -1 bytes, counts quota set to -1
2023-05-04 21:54:50,842 [OM StateMachine ApplyTransaction Thread - 0] INFO  volume.OMVolumeCreateRequest (OMVolumeCreateRequest.java:validateAndUpdateCache(195)) - created volume:9af7a22e-7c6f-4eb0-bc9a-dd262db3289a for user:runner
2023-05-04 21:54:50,844 [Listener at 127.0.0.1/45425] INFO  rpc.RpcClient (RpcClient.java:createBucket(697)) - Creating Bucket: 9af7a22e-7c6f-4eb0-bc9a-dd262db3289a/8beaf3e3-45ef-4010-addc-f00881f92e46, with server-side default bucket layout, runner as owner, Versioning false, Storage Type set to DISK and Encryption set to false, Replication Type set to server-side default replication type, Namespace Quota set to -1, Space Quota set to -1 
2023-05-04 21:54:50,846 [OM StateMachine ApplyTransaction Thread - 0] INFO  bucket.OMBucketCreateRequest (OMBucketCreateRequest.java:validateAndUpdateCache(270)) - created bucket: 8beaf3e3-45ef-4010-addc-f00881f92e46 of layout FILE_SYSTEM_OPTIMIZED in volume: 9af7a22e-7c6f-4eb0-bc9a-dd262db3289a
2023-05-04 21:54:51,346 [Listener at 127.0.0.1/45425] INFO  rpc.RpcClient (RpcClient.java:createVolume(476)) - Creating Volume: dd196b0d-775f-4eaa-8f87-3570eb57db37, with runner as owner and space quota set to -1 bytes, counts quota set to -1
2023-05-04 21:54:51,349 [OM StateMachine ApplyTransaction Thread - 0] INFO  volume.OMVolumeCreateRequest (OMVolumeCreateRequest.java:validateAndUpdateCache(195)) - created volume:dd196b0d-775f-4eaa-8f87-3570eb57db37 for user:runner
2023-05-04 21:54:51,351 [Listener at 127.0.0.1/45425] INFO  rpc.RpcClient (RpcClient.java:createBucket(697)) - Creating Bucket: dd196b0d-775f-4eaa-8f87-3570eb57db37/671d2c11-0ba9-42ba-b1ea-28d6642e96c7, with server-side default bucket layout, runner as owner, Versioning false, Storage Type set to DISK and Encryption set to false, Replication Type set to server-side default replication type, Namespace Quota set to -1, Space Quota set to -1 
2023-05-04 21:54:51,353 [OM StateMachine ApplyTransaction Thread - 0] INFO  bucket.OMBucketCreateRequest (OMBucketCreateRequest.java:validateAndUpdateCache(270)) - created bucket: 671d2c11-0ba9-42ba-b1ea-28d6642e96c7 of layout FILE_SYSTEM_OPTIMIZED in volume: dd196b0d-775f-4eaa-8f87-3570eb57db37
2023-05-04 21:54:52,299 [Listener at 127.0.0.1/45425] INFO  rpc.RpcClient (RpcClient.java:createVolume(476)) - Creating Volume: fc7e4c7e-935d-4ec7-a997-b823dfa670c5, with runner as owner and space quota set to -1 bytes, counts quota set to -1
2023-05-04 21:54:52,302 [OM StateMachine ApplyTransaction Thread - 0] INFO  volume.OMVolumeCreateRequest (OMVolumeCreateRequest.java:validateAndUpdateCache(195)) - created volume:fc7e4c7e-935d-4ec7-a997-b823dfa670c5 for user:runner
2023-05-04 21:54:52,304 [Listener at 127.0.0.1/45425] INFO  rpc.RpcClient (RpcClient.java:createBucket(697)) - Creating Bucket: fc7e4c7e-935d-4ec7-a997-b823dfa670c5/3ffdd13e-1e18-4382-972e-0e6a0918c1a5, with server-side default bucket layout, runner as owner, Versioning false, Storage Type set to DISK and Encryption set to false, Replication Type set to server-side default replication type, Namespace Quota set to -1, Space Quota set to -1 
2023-05-04 21:54:52,307 [OM StateMachine ApplyTransaction Thread - 0] INFO  bucket.OMBucketCreateRequest (OMBucketCreateRequest.java:validateAndUpdateCache(270)) - created bucket: 3ffdd13e-1e18-4382-972e-0e6a0918c1a5 of layout FILE_SYSTEM_OPTIMIZED in volume: fc7e4c7e-935d-4ec7-a997-b823dfa670c5
2023-05-04 21:54:52,822 [Listener at 127.0.0.1/45425] INFO  rpc.RpcClient (RpcClient.java:createVolume(476)) - Creating Volume: bbf32af8-6e7b-4574-88db-779ee8130301, with runner as owner and space quota set to -1 bytes, counts quota set to -1
2023-05-04 21:54:52,825 [OM StateMachine ApplyTransaction Thread - 0] INFO  volume.OMVolumeCreateRequest (OMVolumeCreateRequest.java:validateAndUpdateCache(195)) - created volume:bbf32af8-6e7b-4574-88db-779ee8130301 for user:runner
2023-05-04 21:54:52,827 [Listener at 127.0.0.1/45425] INFO  rpc.RpcClient (RpcClient.java:createBucket(697)) - Creating Bucket: bbf32af8-6e7b-4574-88db-779ee8130301/c776f44b-1aeb-40f1-af98-a41e6bd24992, with server-side default bucket layout, runner as owner, Versioning false, Storage Type set to DISK and Encryption set to false, Replication Type set to server-side default replication type, Namespace Quota set to -1, Space Quota set to -1 
2023-05-04 21:54:52,830 [OM StateMachine ApplyTransaction Thread - 0] INFO  bucket.OMBucketCreateRequest (OMBucketCreateRequest.java:validateAndUpdateCache(270)) - created bucket: c776f44b-1aeb-40f1-af98-a41e6bd24992 of layout FILE_SYSTEM_OPTIMIZED in volume: bbf32af8-6e7b-4574-88db-779ee8130301
2023-05-04 21:54:53,416 [Listener at 127.0.0.1/45425] INFO  rpc.RpcClient (RpcClient.java:createVolume(476)) - Creating Volume: dc90c28b-3f19-4388-8977-ee346be4c3b4, with runner as owner and space quota set to -1 bytes, counts quota set to -1
2023-05-04 21:54:53,419 [OM StateMachine ApplyTransaction Thread - 0] INFO  volume.OMVolumeCreateRequest (OMVolumeCreateRequest.java:validateAndUpdateCache(195)) - created volume:dc90c28b-3f19-4388-8977-ee346be4c3b4 for user:runner
2023-05-04 21:54:53,420 [Listener at 127.0.0.1/45425] INFO  rpc.RpcClient (RpcClient.java:createBucket(697)) - Creating Bucket: dc90c28b-3f19-4388-8977-ee346be4c3b4/846e363c-6603-4a37-8c77-c1af484d57dd, with server-side default bucket layout, runner as owner, Versioning false, Storage Type set to DISK and Encryption set to false, Replication Type set to server-side default replication type, Namespace Quota set to -1, Space Quota set to -1 
2023-05-04 21:54:53,423 [OM StateMachine ApplyTransaction Thread - 0] INFO  bucket.OMBucketCreateRequest (OMBucketCreateRequest.java:validateAndUpdateCache(270)) - created bucket: 846e363c-6603-4a37-8c77-c1af484d57dd of layout FILE_SYSTEM_OPTIMIZED in volume: dc90c28b-3f19-4388-8977-ee346be4c3b4
]]></system-out>
  </testcase>
  <testcase name="testBucketQuotaInNamespace" classname="org.apache.hadoop.ozone.client.rpc.TestOzoneRpcClient" time="0.178">
    <system-out><![CDATA[2023-05-04 21:54:54,047 [Listener at 127.0.0.1/45425] INFO  rpc.RpcClient (RpcClient.java:createVolume(476)) - Creating Volume: 37f5fd2e-44a2-4fb8-a3b8-f53ddecf03f4, with runner as owner and space quota set to -1 bytes, counts quota set to -1
2023-05-04 21:54:54,050 [OM StateMachine ApplyTransaction Thread - 0] INFO  volume.OMVolumeCreateRequest (OMVolumeCreateRequest.java:validateAndUpdateCache(195)) - created volume:37f5fd2e-44a2-4fb8-a3b8-f53ddecf03f4 for user:runner
2023-05-04 21:54:54,052 [Listener at 127.0.0.1/45425] INFO  rpc.RpcClient (RpcClient.java:createBucket(697)) - Creating Bucket: 37f5fd2e-44a2-4fb8-a3b8-f53ddecf03f4/da2444e1-8cc6-41c8-83fd-08ccd24da83f, with server-side default bucket layout, runner as owner, Versioning false, Storage Type set to DISK and Encryption set to false, Replication Type set to server-side default replication type, Namespace Quota set to -1, Space Quota set to -1 
2023-05-04 21:54:54,054 [OM StateMachine ApplyTransaction Thread - 0] INFO  bucket.OMBucketCreateRequest (OMBucketCreateRequest.java:validateAndUpdateCache(270)) - created bucket: da2444e1-8cc6-41c8-83fd-08ccd24da83f of layout FILE_SYSTEM_OPTIMIZED in volume: 37f5fd2e-44a2-4fb8-a3b8-f53ddecf03f4
21:54:54.196 [OM StateMachine ApplyTransaction Thread - 0] ERROR OMAudit - user=runner | ip=127.0.0.1 | op=ALLOCATE_KEY {volume=37f5fd2e-44a2-4fb8-a3b8-f53ddecf03f4, bucket=da2444e1-8cc6-41c8-83fd-08ccd24da83f, key=e5cf03d2-1c23-4f0b-9adc-cf4deed2c14e, dataSize=12, replicationType=RATIS, replicationFactor=ONE} | ret=FAILURE
org.apache.hadoop.ozone.om.exceptions.OMException: The namespace quota of Bucket:da2444e1-8cc6-41c8-83fd-08ccd24da83f exceeded: quotaInNamespace: 2 but namespace consumed: 3.
	at org.apache.hadoop.ozone.om.request.key.OMKeyRequest.checkBucketQuotaInNamespace(OMKeyRequest.java:555) ~[ozone-manager-1.4.0-SNAPSHOT.jar:?]
	at org.apache.hadoop.ozone.om.request.key.OMKeyCreateRequestWithFSO.validateAndUpdateCache(OMKeyCreateRequestWithFSO.java:189) ~[ozone-manager-1.4.0-SNAPSHOT.jar:?]
	at org.apache.hadoop.ozone.protocolPB.OzoneManagerRequestHandler.handleWriteRequest(OzoneManagerRequestHandler.java:337) ~[ozone-manager-1.4.0-SNAPSHOT.jar:?]
	at org.apache.hadoop.ozone.om.ratis.OzoneManagerStateMachine.runCommand(OzoneManagerStateMachine.java:567) ~[ozone-manager-1.4.0-SNAPSHOT.jar:?]
	at org.apache.hadoop.ozone.om.ratis.OzoneManagerStateMachine.lambda$1(OzoneManagerStateMachine.java:358) ~[ozone-manager-1.4.0-SNAPSHOT.jar:?]
	at java.util.concurrent.CompletableFuture$AsyncSupply.run(CompletableFuture.java:1604) [?:1.8.0_362]
	at java.util.concurrent.ThreadPoolExecutor.runWorker(ThreadPoolExecutor.java:1149) [?:1.8.0_362]
	at java.util.concurrent.ThreadPoolExecutor$Worker.run(ThreadPoolExecutor.java:624) [?:1.8.0_362]
	at java.lang.Thread.run(Thread.java:750) [?:1.8.0_362]
2023-05-04 21:54:54,197 [OM StateMachine ApplyTransaction Thread - 0] ERROR key.OMKeyCreateRequest (OMKeyCreateRequest.java:logResult(379)) - Key creation failed. Volume:37f5fd2e-44a2-4fb8-a3b8-f53ddecf03f4, Bucket:da2444e1-8cc6-41c8-83fd-08ccd24da83f, Key:e5cf03d2-1c23-4f0b-9adc-cf4deed2c14e. 
QUOTA_EXCEEDED org.apache.hadoop.ozone.om.exceptions.OMException: The namespace quota of Bucket:da2444e1-8cc6-41c8-83fd-08ccd24da83f exceeded: quotaInNamespace: 2 but namespace consumed: 3.
	at org.apache.hadoop.ozone.om.request.key.OMKeyRequest.checkBucketQuotaInNamespace(OMKeyRequest.java:555)
	at org.apache.hadoop.ozone.om.request.key.OMKeyCreateRequestWithFSO.validateAndUpdateCache(OMKeyCreateRequestWithFSO.java:189)
	at org.apache.hadoop.ozone.protocolPB.OzoneManagerRequestHandler.handleWriteRequest(OzoneManagerRequestHandler.java:337)
	at org.apache.hadoop.ozone.om.ratis.OzoneManagerStateMachine.runCommand(OzoneManagerStateMachine.java:567)
	at org.apache.hadoop.ozone.om.ratis.OzoneManagerStateMachine.lambda$1(OzoneManagerStateMachine.java:358)
	at java.util.concurrent.CompletableFuture$AsyncSupply.run(CompletableFuture.java:1604)
	at java.util.concurrent.ThreadPoolExecutor.runWorker(ThreadPoolExecutor.java:1149)
	at java.util.concurrent.ThreadPoolExecutor$Worker.run(ThreadPoolExecutor.java:624)
	at java.lang.Thread.run(Thread.java:750)
]]></system-out>
  </testcase>
  <testcase name="testBucketSetOwner" classname="org.apache.hadoop.ozone.client.rpc.TestOzoneRpcClient" time="0.045">
    <system-out><![CDATA[2023-05-04 21:54:54,225 [Listener at 127.0.0.1/45425] INFO  rpc.RpcClient (RpcClient.java:createVolume(476)) - Creating Volume: e747927e-5ce2-466e-8c36-cb4b017d6b53, with runner as owner and space quota set to -1 bytes, counts quota set to -1
2023-05-04 21:54:54,228 [OM StateMachine ApplyTransaction Thread - 0] INFO  volume.OMVolumeCreateRequest (OMVolumeCreateRequest.java:validateAndUpdateCache(195)) - created volume:e747927e-5ce2-466e-8c36-cb4b017d6b53 for user:runner
2023-05-04 21:54:54,230 [Listener at 127.0.0.1/45425] INFO  rpc.RpcClient (RpcClient.java:createBucket(697)) - Creating Bucket: e747927e-5ce2-466e-8c36-cb4b017d6b53/d177bb4c-b512-4e7a-b140-6f9a22a352a0, with server-side default bucket layout, runner as owner, Versioning false, Storage Type set to DISK and Encryption set to false, Replication Type set to server-side default replication type, Namespace Quota set to -1, Space Quota set to -1 
2023-05-04 21:54:54,234 [OM StateMachine ApplyTransaction Thread - 0] INFO  bucket.OMBucketCreateRequest (OMBucketCreateRequest.java:validateAndUpdateCache(270)) - created bucket: d177bb4c-b512-4e7a-b140-6f9a22a352a0 of layout FILE_SYSTEM_OPTIMIZED in volume: e747927e-5ce2-466e-8c36-cb4b017d6b53
]]></system-out>
  </testcase>
  <testcase name="testBucketUsedBytes" classname="org.apache.hadoop.ozone.client.rpc.TestOzoneRpcClient" time="0.198">
    <system-out><![CDATA[2023-05-04 21:54:54,270 [Listener at 127.0.0.1/45425] INFO  rpc.RpcClient (RpcClient.java:createVolume(476)) - Creating Volume: a60ca8d2-5a43-4ee0-a179-30cc9ffab36d, with runner as owner and space quota set to -1 bytes, counts quota set to -1
2023-05-04 21:54:54,273 [OM StateMachine ApplyTransaction Thread - 0] INFO  volume.OMVolumeCreateRequest (OMVolumeCreateRequest.java:validateAndUpdateCache(195)) - created volume:a60ca8d2-5a43-4ee0-a179-30cc9ffab36d for user:runner
2023-05-04 21:54:54,276 [Listener at 127.0.0.1/45425] INFO  rpc.RpcClient (RpcClient.java:createBucket(697)) - Creating Bucket: a60ca8d2-5a43-4ee0-a179-30cc9ffab36d/214cdfce-6f43-448c-97db-8b020f8e1547, with bucket layout OBJECT_STORE, runner as owner, Versioning false, Storage Type set to DISK and Encryption set to false, Replication Type set to server-side default replication type, Namespace Quota set to -1, Space Quota set to -1 
2023-05-04 21:54:54,279 [OM StateMachine ApplyTransaction Thread - 0] INFO  bucket.OMBucketCreateRequest (OMBucketCreateRequest.java:validateAndUpdateCache(270)) - created bucket: 214cdfce-6f43-448c-97db-8b020f8e1547 of layout OBJECT_STORE in volume: a60ca8d2-5a43-4ee0-a179-30cc9ffab36d
2023-05-04 21:54:54,456 [OM StateMachine ApplyTransaction Thread - 0] INFO  key.OMKeyRequest (OMKeyRequest.java:wrapUncommittedBlocksAsPseudoKey(831)) - Detect allocated but uncommitted blocks [{blockID={containerID=5, localID=111677748019200093}, length=4194304, offset=0, token=null, pipeline=null, createVersion=0, partNumber=0}] in key fd441960-69da-4a6e-9f74-02778ed7b370.
]]></system-out>
  </testcase>
  <testcase name="testBucketUsedNamespace(BucketLayout)[1]" classname="org.apache.hadoop.ozone.client.rpc.TestOzoneRpcClient" time="0.394">
    <system-out><![CDATA[2023-05-04 21:54:54,472 [Listener at 127.0.0.1/45425] INFO  rpc.RpcClient (RpcClient.java:createVolume(476)) - Creating Volume: 89198ef0-617d-46c5-872f-2125f2ec9b19, with runner as owner and space quota set to -1 bytes, counts quota set to -1
2023-05-04 21:54:54,475 [OM StateMachine ApplyTransaction Thread - 0] INFO  volume.OMVolumeCreateRequest (OMVolumeCreateRequest.java:validateAndUpdateCache(195)) - created volume:89198ef0-617d-46c5-872f-2125f2ec9b19 for user:runner
2023-05-04 21:54:54,480 [Listener at 127.0.0.1/45425] INFO  rpc.RpcClient (RpcClient.java:createBucket(697)) - Creating Bucket: 89198ef0-617d-46c5-872f-2125f2ec9b19/f7eb7154-46fc-4435-a92a-d613a7fdff9b, with bucket layout OBJECT_STORE, runner as owner, Versioning false, Storage Type set to DISK and Encryption set to false, Replication Type set to server-side default replication type, Namespace Quota set to -1, Space Quota set to -1 
2023-05-04 21:54:54,486 [OM StateMachine ApplyTransaction Thread - 0] INFO  bucket.OMBucketCreateRequest (OMBucketCreateRequest.java:validateAndUpdateCache(270)) - created bucket: f7eb7154-46fc-4435-a92a-d613a7fdff9b of layout OBJECT_STORE in volume: 89198ef0-617d-46c5-872f-2125f2ec9b19
]]></system-out>
  </testcase>
  <testcase name="testBucketUsedNamespace(BucketLayout)[2]" classname="org.apache.hadoop.ozone.client.rpc.TestOzoneRpcClient" time="0.194">
    <system-out><![CDATA[2023-05-04 21:54:54,866 [Listener at 127.0.0.1/45425] INFO  rpc.RpcClient (RpcClient.java:createVolume(476)) - Creating Volume: 8d6fedf1-c09c-423b-95dd-f00be19c2577, with runner as owner and space quota set to -1 bytes, counts quota set to -1
2023-05-04 21:54:54,870 [OM StateMachine ApplyTransaction Thread - 0] INFO  volume.OMVolumeCreateRequest (OMVolumeCreateRequest.java:validateAndUpdateCache(195)) - created volume:8d6fedf1-c09c-423b-95dd-f00be19c2577 for user:runner
2023-05-04 21:54:54,872 [Listener at 127.0.0.1/45425] INFO  rpc.RpcClient (RpcClient.java:createBucket(697)) - Creating Bucket: 8d6fedf1-c09c-423b-95dd-f00be19c2577/50f95c7d-e558-4deb-8ec4-b8c2c9a2391e, with bucket layout LEGACY, runner as owner, Versioning false, Storage Type set to DISK and Encryption set to false, Replication Type set to server-side default replication type, Namespace Quota set to -1, Space Quota set to -1 
2023-05-04 21:54:54,876 [OM StateMachine ApplyTransaction Thread - 0] INFO  bucket.OMBucketCreateRequest (OMBucketCreateRequest.java:validateAndUpdateCache(270)) - created bucket: 50f95c7d-e558-4deb-8ec4-b8c2c9a2391e of layout LEGACY in volume: 8d6fedf1-c09c-423b-95dd-f00be19c2577
]]></system-out>
  </testcase>
  <testcase name="testBucketUsedNamespace(BucketLayout)[3]" classname="org.apache.hadoop.ozone.client.rpc.TestOzoneRpcClient" time="0.191">
    <system-out><![CDATA[2023-05-04 21:54:55,061 [Listener at 127.0.0.1/45425] INFO  rpc.RpcClient (RpcClient.java:createVolume(476)) - Creating Volume: 148a37d4-1ac3-4837-a8e1-8b2367dcc53b, with runner as owner and space quota set to -1 bytes, counts quota set to -1
2023-05-04 21:54:55,064 [OM StateMachine ApplyTransaction Thread - 0] INFO  volume.OMVolumeCreateRequest (OMVolumeCreateRequest.java:validateAndUpdateCache(195)) - created volume:148a37d4-1ac3-4837-a8e1-8b2367dcc53b for user:runner
2023-05-04 21:54:55,065 [Listener at 127.0.0.1/45425] INFO  rpc.RpcClient (RpcClient.java:createBucket(697)) - Creating Bucket: 148a37d4-1ac3-4837-a8e1-8b2367dcc53b/1025875d-a1fe-4dff-8d6d-71ce68bbbaae, with bucket layout FILE_SYSTEM_OPTIMIZED, runner as owner, Versioning false, Storage Type set to DISK and Encryption set to false, Replication Type set to server-side default replication type, Namespace Quota set to -1, Space Quota set to -1 
2023-05-04 21:54:55,068 [OM StateMachine ApplyTransaction Thread - 0] INFO  bucket.OMBucketCreateRequest (OMBucketCreateRequest.java:validateAndUpdateCache(270)) - created bucket: 1025875d-a1fe-4dff-8d6d-71ce68bbbaae of layout FILE_SYSTEM_OPTIMIZED in volume: 148a37d4-1ac3-4837-a8e1-8b2367dcc53b
]]></system-out>
  </testcase>
  <testcase name="testCheckUsedBytesQuota" classname="org.apache.hadoop.ozone.client.rpc.TestOzoneRpcClient" time="0.789">
    <system-out><![CDATA[2023-05-04 21:54:55,253 [Listener at 127.0.0.1/45425] INFO  rpc.RpcClient (RpcClient.java:createVolume(476)) - Creating Volume: c8c55406-934f-4a9d-aa1b-543f4ceb8c7b, with runner as owner and space quota set to -1 bytes, counts quota set to -1
2023-05-04 21:54:55,256 [OM StateMachine ApplyTransaction Thread - 0] INFO  volume.OMVolumeCreateRequest (OMVolumeCreateRequest.java:validateAndUpdateCache(195)) - created volume:c8c55406-934f-4a9d-aa1b-543f4ceb8c7b for user:runner
2023-05-04 21:54:55,258 [Listener at 127.0.0.1/45425] INFO  rpc.RpcClient (RpcClient.java:createBucket(697)) - Creating Bucket: c8c55406-934f-4a9d-aa1b-543f4ceb8c7b/2fba2209-506c-407f-8ee0-d7715e9b98f3, with server-side default bucket layout, runner as owner, Versioning false, Storage Type set to DISK and Encryption set to false, Replication Type set to server-side default replication type, Namespace Quota set to -1, Space Quota set to -1 
2023-05-04 21:54:55,260 [OM StateMachine ApplyTransaction Thread - 0] INFO  bucket.OMBucketCreateRequest (OMBucketCreateRequest.java:validateAndUpdateCache(270)) - created bucket: 2fba2209-506c-407f-8ee0-d7715e9b98f3 of layout FILE_SYSTEM_OPTIMIZED in volume: c8c55406-934f-4a9d-aa1b-543f4ceb8c7b
2023-05-04 21:54:55,265 [Listener at 127.0.0.1/45425] INFO  rpc.RpcClient (RpcClient.java:createBucket(697)) - Creating Bucket: c8c55406-934f-4a9d-aa1b-543f4ceb8c7b/c7b655c2-09a8-4f7f-be92-4d68da16fe5a, with server-side default bucket layout, runner as owner, Versioning false, Storage Type set to DISK and Encryption set to false, Replication Type set to server-side default replication type, Namespace Quota set to -1, Space Quota set to -1 
2023-05-04 21:54:55,267 [OM StateMachine ApplyTransaction Thread - 0] INFO  bucket.OMBucketCreateRequest (OMBucketCreateRequest.java:validateAndUpdateCache(270)) - created bucket: c7b655c2-09a8-4f7f-be92-4d68da16fe5a of layout FILE_SYSTEM_OPTIMIZED in volume: c8c55406-934f-4a9d-aa1b-543f4ceb8c7b
21:54:55.285 [OM StateMachine ApplyTransaction Thread - 0] ERROR OMAudit - user=runner | ip=127.0.0.1 | op=ALLOCATE_KEY {volume=c8c55406-934f-4a9d-aa1b-543f4ceb8c7b, bucket=c7b655c2-09a8-4f7f-be92-4d68da16fe5a, key=343c3c2a-a7a8-4ad8-b3eb-52e09fbac372, dataSize=12, replicationType=RATIS, replicationFactor=ONE} | ret=FAILURE
org.apache.hadoop.ozone.om.exceptions.OMException: The DiskSpace quota of bucket:c7b655c2-09a8-4f7f-be92-4d68da16fe5a exceeded quotaInBytes: 1 Bytes but diskspace consumed: 4194304 Bytes.
	at org.apache.hadoop.ozone.om.request.key.OMKeyRequest.checkBucketQuotaInBytes(OMKeyRequest.java:536) ~[ozone-manager-1.4.0-SNAPSHOT.jar:?]
	at org.apache.hadoop.ozone.om.request.key.OMKeyCreateRequestWithFSO.validateAndUpdateCache(OMKeyCreateRequestWithFSO.java:187) ~[ozone-manager-1.4.0-SNAPSHOT.jar:?]
	at org.apache.hadoop.ozone.protocolPB.OzoneManagerRequestHandler.handleWriteRequest(OzoneManagerRequestHandler.java:337) ~[ozone-manager-1.4.0-SNAPSHOT.jar:?]
	at org.apache.hadoop.ozone.om.ratis.OzoneManagerStateMachine.runCommand(OzoneManagerStateMachine.java:567) ~[ozone-manager-1.4.0-SNAPSHOT.jar:?]
	at org.apache.hadoop.ozone.om.ratis.OzoneManagerStateMachine.lambda$1(OzoneManagerStateMachine.java:358) ~[ozone-manager-1.4.0-SNAPSHOT.jar:?]
	at java.util.concurrent.CompletableFuture$AsyncSupply.run(CompletableFuture.java:1604) [?:1.8.0_362]
	at java.util.concurrent.ThreadPoolExecutor.runWorker(ThreadPoolExecutor.java:1149) [?:1.8.0_362]
	at java.util.concurrent.ThreadPoolExecutor$Worker.run(ThreadPoolExecutor.java:624) [?:1.8.0_362]
	at java.lang.Thread.run(Thread.java:750) [?:1.8.0_362]
2023-05-04 21:54:55,285 [OM StateMachine ApplyTransaction Thread - 0] ERROR key.OMKeyCreateRequest (OMKeyCreateRequest.java:logResult(379)) - Key creation failed. Volume:c8c55406-934f-4a9d-aa1b-543f4ceb8c7b, Bucket:c7b655c2-09a8-4f7f-be92-4d68da16fe5a, Key:343c3c2a-a7a8-4ad8-b3eb-52e09fbac372. 
QUOTA_EXCEEDED org.apache.hadoop.ozone.om.exceptions.OMException: The DiskSpace quota of bucket:c7b655c2-09a8-4f7f-be92-4d68da16fe5a exceeded quotaInBytes: 1 Bytes but diskspace consumed: 4194304 Bytes.
	at org.apache.hadoop.ozone.om.request.key.OMKeyRequest.checkBucketQuotaInBytes(OMKeyRequest.java:536)
	at org.apache.hadoop.ozone.om.request.key.OMKeyCreateRequestWithFSO.validateAndUpdateCache(OMKeyCreateRequestWithFSO.java:187)
	at org.apache.hadoop.ozone.protocolPB.OzoneManagerRequestHandler.handleWriteRequest(OzoneManagerRequestHandler.java:337)
	at org.apache.hadoop.ozone.om.ratis.OzoneManagerStateMachine.runCommand(OzoneManagerStateMachine.java:567)
	at org.apache.hadoop.ozone.om.ratis.OzoneManagerStateMachine.lambda$1(OzoneManagerStateMachine.java:358)
	at java.util.concurrent.CompletableFuture$AsyncSupply.run(CompletableFuture.java:1604)
	at java.util.concurrent.ThreadPoolExecutor.runWorker(ThreadPoolExecutor.java:1149)
	at java.util.concurrent.ThreadPoolExecutor$Worker.run(ThreadPoolExecutor.java:624)
	at java.lang.Thread.run(Thread.java:750)
21:54:55.301 [OM StateMachine ApplyTransaction Thread - 0] ERROR OMAudit - user=runner | ip=127.0.0.1 | op=CREATE_FILE {volume=c8c55406-934f-4a9d-aa1b-543f4ceb8c7b, bucket=c7b655c2-09a8-4f7f-be92-4d68da16fe5a, key=8888fdbf-17e7-479d-b5a2-218b44cda9c1, dataSize=4194304, replicationType=RATIS, replicationFactor=ONE} | ret=FAILURE
org.apache.hadoop.ozone.om.exceptions.OMException: The DiskSpace quota of bucket:c7b655c2-09a8-4f7f-be92-4d68da16fe5a exceeded quotaInBytes: 1 Bytes but diskspace consumed: 4194304 Bytes.
	at org.apache.hadoop.ozone.om.request.key.OMKeyRequest.checkBucketQuotaInBytes(OMKeyRequest.java:536) ~[ozone-manager-1.4.0-SNAPSHOT.jar:?]
	at org.apache.hadoop.ozone.om.request.file.OMFileCreateRequestWithFSO.validateAndUpdateCache(OMFileCreateRequestWithFSO.java:201) ~[ozone-manager-1.4.0-SNAPSHOT.jar:?]
	at org.apache.hadoop.ozone.protocolPB.OzoneManagerRequestHandler.handleWriteRequest(OzoneManagerRequestHandler.java:337) ~[ozone-manager-1.4.0-SNAPSHOT.jar:?]
	at org.apache.hadoop.ozone.om.ratis.OzoneManagerStateMachine.runCommand(OzoneManagerStateMachine.java:567) ~[ozone-manager-1.4.0-SNAPSHOT.jar:?]
	at org.apache.hadoop.ozone.om.ratis.OzoneManagerStateMachine.lambda$1(OzoneManagerStateMachine.java:358) ~[ozone-manager-1.4.0-SNAPSHOT.jar:?]
	at java.util.concurrent.CompletableFuture$AsyncSupply.run(CompletableFuture.java:1604) [?:1.8.0_362]
	at java.util.concurrent.ThreadPoolExecutor.runWorker(ThreadPoolExecutor.java:1149) [?:1.8.0_362]
	at java.util.concurrent.ThreadPoolExecutor$Worker.run(ThreadPoolExecutor.java:624) [?:1.8.0_362]
	at java.lang.Thread.run(Thread.java:750) [?:1.8.0_362]
2023-05-04 21:54:55,302 [OM StateMachine ApplyTransaction Thread - 0] ERROR file.OMFileCreateRequestWithFSO (OMFileCreateRequestWithFSO.java:validateAndUpdateCache(260)) - File create failed. Volume:c8c55406-934f-4a9d-aa1b-543f4ceb8c7b, Bucket:c7b655c2-09a8-4f7f-be92-4d68da16fe5a, Key:8888fdbf-17e7-479d-b5a2-218b44cda9c1.
QUOTA_EXCEEDED org.apache.hadoop.ozone.om.exceptions.OMException: The DiskSpace quota of bucket:c7b655c2-09a8-4f7f-be92-4d68da16fe5a exceeded quotaInBytes: 1 Bytes but diskspace consumed: 4194304 Bytes.
	at org.apache.hadoop.ozone.om.request.key.OMKeyRequest.checkBucketQuotaInBytes(OMKeyRequest.java:536)
	at org.apache.hadoop.ozone.om.request.file.OMFileCreateRequestWithFSO.validateAndUpdateCache(OMFileCreateRequestWithFSO.java:201)
	at org.apache.hadoop.ozone.protocolPB.OzoneManagerRequestHandler.handleWriteRequest(OzoneManagerRequestHandler.java:337)
	at org.apache.hadoop.ozone.om.ratis.OzoneManagerStateMachine.runCommand(OzoneManagerStateMachine.java:567)
	at org.apache.hadoop.ozone.om.ratis.OzoneManagerStateMachine.lambda$1(OzoneManagerStateMachine.java:358)
	at java.util.concurrent.CompletableFuture$AsyncSupply.run(CompletableFuture.java:1604)
	at java.util.concurrent.ThreadPoolExecutor.runWorker(ThreadPoolExecutor.java:1149)
	at java.util.concurrent.ThreadPoolExecutor$Worker.run(ThreadPoolExecutor.java:624)
	at java.lang.Thread.run(Thread.java:750)
2023-05-04 21:54:55,939 [OM StateMachine ApplyTransaction Thread - 0] ERROR key.OMAllocateBlockRequestWithFSO (OMAllocateBlockRequestWithFSO.java:validateAndUpdateCache(182)) - Allocate Block failed. Volume:c8c55406-934f-4a9d-aa1b-543f4ceb8c7b, Bucket:c7b655c2-09a8-4f7f-be92-4d68da16fe5a, OpenKey:/-9223372036854631168/-9223372036854629632/-9223372036854629632/b0010ffe-41f8-4861-a2c8-1ccd5c0e61c6/110312639385698381. Exception:{}
QUOTA_EXCEEDED org.apache.hadoop.ozone.om.exceptions.OMException: The DiskSpace quota of bucket:c7b655c2-09a8-4f7f-be92-4d68da16fe5a exceeded quotaInBytes: 16777216 Bytes but diskspace consumed: 20971520 Bytes.
	at org.apache.hadoop.ozone.om.request.key.OMKeyRequest.checkBucketQuotaInBytes(OMKeyRequest.java:536)
	at org.apache.hadoop.ozone.om.request.key.OMAllocateBlockRequestWithFSO.validateAndUpdateCache(OMAllocateBlockRequestWithFSO.java:155)
	at org.apache.hadoop.ozone.protocolPB.OzoneManagerRequestHandler.handleWriteRequest(OzoneManagerRequestHandler.java:337)
	at org.apache.hadoop.ozone.om.ratis.OzoneManagerStateMachine.runCommand(OzoneManagerStateMachine.java:567)
	at org.apache.hadoop.ozone.om.ratis.OzoneManagerStateMachine.lambda$1(OzoneManagerStateMachine.java:358)
	at java.util.concurrent.CompletableFuture$AsyncSupply.run(CompletableFuture.java:1604)
	at java.util.concurrent.ThreadPoolExecutor.runWorker(ThreadPoolExecutor.java:1149)
	at java.util.concurrent.ThreadPoolExecutor$Worker.run(ThreadPoolExecutor.java:624)
	at java.lang.Thread.run(Thread.java:750)
21:54:55.939 [OM StateMachine ApplyTransaction Thread - 0] ERROR OMAudit - user=runner | ip=127.0.0.1 | op=ALLOCATE_BLOCK {volume=c8c55406-934f-4a9d-aa1b-543f4ceb8c7b, bucket=c7b655c2-09a8-4f7f-be92-4d68da16fe5a, key=b0010ffe-41f8-4861-a2c8-1ccd5c0e61c6, dataSize=12, replicationType=RATIS, replicationFactor=ONE, clientID=110312639385698381} | ret=FAILURE
org.apache.hadoop.ozone.om.exceptions.OMException: The DiskSpace quota of bucket:c7b655c2-09a8-4f7f-be92-4d68da16fe5a exceeded quotaInBytes: 16777216 Bytes but diskspace consumed: 20971520 Bytes.
	at org.apache.hadoop.ozone.om.request.key.OMKeyRequest.checkBucketQuotaInBytes(OMKeyRequest.java:536) ~[ozone-manager-1.4.0-SNAPSHOT.jar:?]
	at org.apache.hadoop.ozone.om.request.key.OMAllocateBlockRequestWithFSO.validateAndUpdateCache(OMAllocateBlockRequestWithFSO.java:155) ~[ozone-manager-1.4.0-SNAPSHOT.jar:?]
	at org.apache.hadoop.ozone.protocolPB.OzoneManagerRequestHandler.handleWriteRequest(OzoneManagerRequestHandler.java:337) ~[ozone-manager-1.4.0-SNAPSHOT.jar:?]
	at org.apache.hadoop.ozone.om.ratis.OzoneManagerStateMachine.runCommand(OzoneManagerStateMachine.java:567) ~[ozone-manager-1.4.0-SNAPSHOT.jar:?]
	at org.apache.hadoop.ozone.om.ratis.OzoneManagerStateMachine.lambda$1(OzoneManagerStateMachine.java:358) ~[ozone-manager-1.4.0-SNAPSHOT.jar:?]
	at java.util.concurrent.CompletableFuture$AsyncSupply.run(CompletableFuture.java:1604) [?:1.8.0_362]
	at java.util.concurrent.ThreadPoolExecutor.runWorker(ThreadPoolExecutor.java:1149) [?:1.8.0_362]
	at java.util.concurrent.ThreadPoolExecutor$Worker.run(ThreadPoolExecutor.java:624) [?:1.8.0_362]
	at java.lang.Thread.run(Thread.java:750) [?:1.8.0_362]
2023-05-04 21:54:55,957 [OM StateMachine ApplyTransaction Thread - 0] INFO  key.OMKeyRequest (OMKeyRequest.java:wrapUncommittedBlocksAsPseudoKey(831)) - Detect allocated but uncommitted blocks [{blockID={containerID=23, localID=111677748019200110}, length=4194304, offset=0, token=null, pipeline=null, createVersion=0, partNumber=0}] in key b9a84ac9-46a0-453e-9780-58ace9bb7f6b.
]]></system-out>
  </testcase>
  <testcase name="testCommitPartAfterCompleteUpload" classname="org.apache.hadoop.ozone.client.rpc.TestOzoneRpcClient" time="1.206">
    <system-out><![CDATA[2023-05-04 21:54:56,043 [Listener at 127.0.0.1/45425] INFO  rpc.RpcClient (RpcClient.java:createVolume(476)) - Creating Volume: 07484c81-97b2-4370-9668-e47ee4a7f133, with runner as owner and space quota set to -1 bytes, counts quota set to -1
2023-05-04 21:54:56,045 [OM StateMachine ApplyTransaction Thread - 0] INFO  volume.OMVolumeCreateRequest (OMVolumeCreateRequest.java:validateAndUpdateCache(195)) - created volume:07484c81-97b2-4370-9668-e47ee4a7f133 for user:runner
2023-05-04 21:54:56,047 [Listener at 127.0.0.1/45425] INFO  rpc.RpcClient (RpcClient.java:createBucket(697)) - Creating Bucket: 07484c81-97b2-4370-9668-e47ee4a7f133/3cc6ce05-be3b-41aa-8252-4a6137a2d511, with server-side default bucket layout, runner as owner, Versioning false, Storage Type set to DISK and Encryption set to false, Replication Type set to server-side default replication type, Namespace Quota set to -1, Space Quota set to -1 
2023-05-04 21:54:56,049 [OM StateMachine ApplyTransaction Thread - 0] INFO  bucket.OMBucketCreateRequest (OMBucketCreateRequest.java:validateAndUpdateCache(270)) - created bucket: 3cc6ce05-be3b-41aa-8252-4a6137a2d511 of layout FILE_SYSTEM_OPTIMIZED in volume: 07484c81-97b2-4370-9668-e47ee4a7f133
2023-05-04 21:54:57,016 [IPC Server handler 1 on default port 35203] WARN  node.SCMNodeManager (SCMNodeManager.java:getNodesByAddress(1372)) - Cannot find node for address 127.0.0.1
2023-05-04 21:54:57,020 [IPC Server handler 5 on default port 35203] WARN  node.SCMNodeManager (SCMNodeManager.java:getNodesByAddress(1372)) - Cannot find node for address 127.0.0.1
21:54:57.246 [OM StateMachine ApplyTransaction Thread - 0] ERROR OMAudit - user=runner | ip=127.0.0.1 | op=COMMIT_MULTIPART_UPLOAD_PARTKEY {volume=07484c81-97b2-4370-9668-e47ee4a7f133, bucket=3cc6ce05-be3b-41aa-8252-4a6137a2d511, key=70c3530a-fef2-479f-9a10-4ac618881e2e, dataSize=5242880, replicationType=NONE, replicationFactor=ZERO, partNumber=2, partName=/07484c81-97b2-4370-9668-e47ee4a7f133/3cc6ce05-be3b-41aa-8252-4a6137a2d511/70c3530a-fef2-479f-9a10-4ac618881e2e-82d16cc4-90b5-41f6-b237-816835d9942b-110312639433998416-2} | ret=FAILURE
org.apache.hadoop.ozone.om.exceptions.OMException: No such Multipart upload is with specified uploadId 82d16cc4-90b5-41f6-b237-816835d9942b-110312639433998416
	at org.apache.hadoop.ozone.om.request.s3.multipart.S3MultipartUploadCommitPartRequest.validateAndUpdateCache(S3MultipartUploadCommitPartRequest.java:188) ~[ozone-manager-1.4.0-SNAPSHOT.jar:?]
	at org.apache.hadoop.ozone.protocolPB.OzoneManagerRequestHandler.handleWriteRequest(OzoneManagerRequestHandler.java:337) ~[ozone-manager-1.4.0-SNAPSHOT.jar:?]
	at org.apache.hadoop.ozone.om.ratis.OzoneManagerStateMachine.runCommand(OzoneManagerStateMachine.java:567) ~[ozone-manager-1.4.0-SNAPSHOT.jar:?]
	at org.apache.hadoop.ozone.om.ratis.OzoneManagerStateMachine.lambda$1(OzoneManagerStateMachine.java:358) ~[ozone-manager-1.4.0-SNAPSHOT.jar:?]
	at java.util.concurrent.CompletableFuture$AsyncSupply.run(CompletableFuture.java:1604) [?:1.8.0_362]
	at java.util.concurrent.ThreadPoolExecutor.runWorker(ThreadPoolExecutor.java:1149) [?:1.8.0_362]
	at java.util.concurrent.ThreadPoolExecutor$Worker.run(ThreadPoolExecutor.java:624) [?:1.8.0_362]
	at java.lang.Thread.run(Thread.java:750) [?:1.8.0_362]
2023-05-04 21:54:57,246 [OM StateMachine ApplyTransaction Thread - 0] ERROR multipart.S3MultipartUploadCommitPartRequest (S3MultipartUploadCommitPartRequest.java:logResult(327)) - MultipartUpload Commit is failed for Key:70c3530a-fef2-479f-9a10-4ac618881e2e in Volume/Bucket 07484c81-97b2-4370-9668-e47ee4a7f133/3cc6ce05-be3b-41aa-8252-4a6137a2d511
NO_SUCH_MULTIPART_UPLOAD_ERROR org.apache.hadoop.ozone.om.exceptions.OMException: No such Multipart upload is with specified uploadId 82d16cc4-90b5-41f6-b237-816835d9942b-110312639433998416
	at org.apache.hadoop.ozone.om.request.s3.multipart.S3MultipartUploadCommitPartRequest.validateAndUpdateCache(S3MultipartUploadCommitPartRequest.java:188)
	at org.apache.hadoop.ozone.protocolPB.OzoneManagerRequestHandler.handleWriteRequest(OzoneManagerRequestHandler.java:337)
	at org.apache.hadoop.ozone.om.ratis.OzoneManagerStateMachine.runCommand(OzoneManagerStateMachine.java:567)
	at org.apache.hadoop.ozone.om.ratis.OzoneManagerStateMachine.lambda$1(OzoneManagerStateMachine.java:358)
	at java.util.concurrent.CompletableFuture$AsyncSupply.run(CompletableFuture.java:1604)
	at java.util.concurrent.ThreadPoolExecutor.runWorker(ThreadPoolExecutor.java:1149)
	at java.util.concurrent.ThreadPoolExecutor$Worker.run(ThreadPoolExecutor.java:624)
	at java.lang.Thread.run(Thread.java:750)
]]></system-out>
  </testcase>
  <testcase name="testCreateBucket" classname="org.apache.hadoop.ozone.client.rpc.TestOzoneRpcClient" time="0.012">
    <system-out><![CDATA[2023-05-04 21:54:57,250 [Listener at 127.0.0.1/45425] INFO  rpc.RpcClient (RpcClient.java:createVolume(476)) - Creating Volume: f19a1ee1-6cd7-4d41-a58c-f3132265a916, with runner as owner and space quota set to -1 bytes, counts quota set to -1
2023-05-04 21:54:57,252 [OM StateMachine ApplyTransaction Thread - 0] INFO  volume.OMVolumeCreateRequest (OMVolumeCreateRequest.java:validateAndUpdateCache(195)) - created volume:f19a1ee1-6cd7-4d41-a58c-f3132265a916 for user:runner
2023-05-04 21:54:57,254 [Listener at 127.0.0.1/45425] INFO  rpc.RpcClient (RpcClient.java:createBucket(697)) - Creating Bucket: f19a1ee1-6cd7-4d41-a58c-f3132265a916/8fd6dc48-e9c2-4fd2-88af-dc0fed5e7c42, with server-side default bucket layout, runner as owner, Versioning false, Storage Type set to DISK and Encryption set to false, Replication Type set to server-side default replication type, Namespace Quota set to -1, Space Quota set to -1 
2023-05-04 21:54:57,257 [OM StateMachine ApplyTransaction Thread - 0] INFO  bucket.OMBucketCreateRequest (OMBucketCreateRequest.java:validateAndUpdateCache(270)) - created bucket: 8fd6dc48-e9c2-4fd2-88af-dc0fed5e7c42 of layout FILE_SYSTEM_OPTIMIZED in volume: f19a1ee1-6cd7-4d41-a58c-f3132265a916
]]></system-out>
  </testcase>
  <testcase name="testCreateBucketWithAcls" classname="org.apache.hadoop.ozone.client.rpc.TestOzoneRpcClient" time="0.013">
    <system-out><![CDATA[2023-05-04 21:54:57,262 [Listener at 127.0.0.1/45425] INFO  rpc.RpcClient (RpcClient.java:createVolume(476)) - Creating Volume: 5bb18da0-d5df-4895-8620-f03e77521520, with runner as owner and space quota set to -1 bytes, counts quota set to -1
2023-05-04 21:54:57,265 [OM StateMachine ApplyTransaction Thread - 0] INFO  volume.OMVolumeCreateRequest (OMVolumeCreateRequest.java:validateAndUpdateCache(195)) - created volume:5bb18da0-d5df-4895-8620-f03e77521520 for user:runner
2023-05-04 21:54:57,267 [Listener at 127.0.0.1/45425] INFO  rpc.RpcClient (RpcClient.java:createBucket(697)) - Creating Bucket: 5bb18da0-d5df-4895-8620-f03e77521520/5489278d-a53b-43d1-b459-f4e1a1ffad0c, with server-side default bucket layout, runner as owner, Versioning false, Storage Type set to DISK and Encryption set to false, Replication Type set to server-side default replication type, Namespace Quota set to -1, Space Quota set to -1 
2023-05-04 21:54:57,270 [OM StateMachine ApplyTransaction Thread - 0] INFO  bucket.OMBucketCreateRequest (OMBucketCreateRequest.java:validateAndUpdateCache(270)) - created bucket: 5489278d-a53b-43d1-b459-f4e1a1ffad0c of layout FILE_SYSTEM_OPTIMIZED in volume: 5bb18da0-d5df-4895-8620-f03e77521520
]]></system-out>
  </testcase>
  <testcase name="testCreateBucketWithAllArgument" classname="org.apache.hadoop.ozone.client.rpc.TestOzoneRpcClient" time="0.018">
    <system-out><![CDATA[2023-05-04 21:54:57,274 [Listener at 127.0.0.1/45425] INFO  rpc.RpcClient (RpcClient.java:createVolume(476)) - Creating Volume: 2864235d-9ee8-4367-89de-9be896b3ef50, with runner as owner and space quota set to -1 bytes, counts quota set to -1
2023-05-04 21:54:57,275 [OM StateMachine ApplyTransaction Thread - 0] INFO  volume.OMVolumeCreateRequest (OMVolumeCreateRequest.java:validateAndUpdateCache(195)) - created volume:2864235d-9ee8-4367-89de-9be896b3ef50 for user:runner
2023-05-04 21:54:57,279 [Listener at 127.0.0.1/45425] INFO  rpc.RpcClient (RpcClient.java:createBucket(697)) - Creating Bucket: 2864235d-9ee8-4367-89de-9be896b3ef50/49a8a676-696a-4d70-b7b9-f83e2107d3dd, with server-side default bucket layout, runner as owner, Versioning true, Storage Type set to SSD and Encryption set to false, Replication Type set to EC, Namespace Quota set to -1, Space Quota set to -1 
2023-05-04 21:54:57,288 [OM StateMachine ApplyTransaction Thread - 0] INFO  bucket.OMBucketCreateRequest (OMBucketCreateRequest.java:validateAndUpdateCache(270)) - created bucket: 49a8a676-696a-4d70-b7b9-f83e2107d3dd of layout FILE_SYSTEM_OPTIMIZED in volume: 2864235d-9ee8-4367-89de-9be896b3ef50
]]></system-out>
  </testcase>
  <testcase name="testCreateBucketWithMetadata" classname="org.apache.hadoop.ozone.client.rpc.TestOzoneRpcClient" time="0.01">
    <system-out><![CDATA[2023-05-04 21:54:57,292 [Listener at 127.0.0.1/45425] INFO  rpc.RpcClient (RpcClient.java:createVolume(476)) - Creating Volume: 41ea0575-0065-43ad-9988-aada93789653, with runner as owner and space quota set to -1 bytes, counts quota set to -1
2023-05-04 21:54:57,296 [OM StateMachine ApplyTransaction Thread - 0] INFO  volume.OMVolumeCreateRequest (OMVolumeCreateRequest.java:validateAndUpdateCache(195)) - created volume:41ea0575-0065-43ad-9988-aada93789653 for user:runner
2023-05-04 21:54:57,297 [Listener at 127.0.0.1/45425] INFO  rpc.RpcClient (RpcClient.java:createBucket(697)) - Creating Bucket: 41ea0575-0065-43ad-9988-aada93789653/7197796d-d8f5-4162-8d33-736bdf50019b, with server-side default bucket layout, runner as owner, Versioning false, Storage Type set to DISK and Encryption set to false, Replication Type set to server-side default replication type, Namespace Quota set to -1, Space Quota set to -1 
2023-05-04 21:54:57,300 [OM StateMachine ApplyTransaction Thread - 0] INFO  bucket.OMBucketCreateRequest (OMBucketCreateRequest.java:validateAndUpdateCache(270)) - created bucket: 7197796d-d8f5-4162-8d33-736bdf50019b of layout FILE_SYSTEM_OPTIMIZED in volume: 41ea0575-0065-43ad-9988-aada93789653
]]></system-out>
  </testcase>
  <testcase name="testCreateBucketWithReplicationConfig" classname="org.apache.hadoop.ozone.client.rpc.TestOzoneRpcClient" time="0.01">
    <system-out><![CDATA[2023-05-04 21:54:57,304 [Listener at 127.0.0.1/45425] INFO  rpc.RpcClient (RpcClient.java:createVolume(476)) - Creating Volume: 3a97a13b-8f28-42c2-8740-607be734faf4, with runner as owner and space quota set to -1 bytes, counts quota set to -1
2023-05-04 21:54:57,306 [OM StateMachine ApplyTransaction Thread - 0] INFO  volume.OMVolumeCreateRequest (OMVolumeCreateRequest.java:validateAndUpdateCache(195)) - created volume:3a97a13b-8f28-42c2-8740-607be734faf4 for user:runner
2023-05-04 21:54:57,307 [Listener at 127.0.0.1/45425] INFO  rpc.RpcClient (RpcClient.java:createBucket(697)) - Creating Bucket: 3a97a13b-8f28-42c2-8740-607be734faf4/610d90bb-b16e-4cef-b5cb-b593f3dfbfd2, with server-side default bucket layout, runner as owner, Versioning false, Storage Type set to DISK and Encryption set to false, Replication Type set to EC, Namespace Quota set to -1, Space Quota set to -1 
2023-05-04 21:54:57,309 [OM StateMachine ApplyTransaction Thread - 0] INFO  bucket.OMBucketCreateRequest (OMBucketCreateRequest.java:validateAndUpdateCache(270)) - created bucket: 610d90bb-b16e-4cef-b5cb-b593f3dfbfd2 of layout FILE_SYSTEM_OPTIMIZED in volume: 3a97a13b-8f28-42c2-8740-607be734faf4
]]></system-out>
  </testcase>
  <testcase name="testCreateBucketWithStorageType" classname="org.apache.hadoop.ozone.client.rpc.TestOzoneRpcClient" time="0.014">
    <system-out><![CDATA[2023-05-04 21:54:57,316 [Listener at 127.0.0.1/45425] INFO  rpc.RpcClient (RpcClient.java:createVolume(476)) - Creating Volume: 0aa64659-5dcd-435d-a175-f372e534cdfc, with runner as owner and space quota set to -1 bytes, counts quota set to -1
2023-05-04 21:54:57,319 [OM StateMachine ApplyTransaction Thread - 0] INFO  volume.OMVolumeCreateRequest (OMVolumeCreateRequest.java:validateAndUpdateCache(195)) - created volume:0aa64659-5dcd-435d-a175-f372e534cdfc for user:runner
2023-05-04 21:54:57,323 [Listener at 127.0.0.1/45425] INFO  rpc.RpcClient (RpcClient.java:createBucket(697)) - Creating Bucket: 0aa64659-5dcd-435d-a175-f372e534cdfc/129473e1-0bec-4473-82f8-cfc4ceb8fd0b, with server-side default bucket layout, runner as owner, Versioning false, Storage Type set to SSD and Encryption set to false, Replication Type set to server-side default replication type, Namespace Quota set to -1, Space Quota set to -1 
2023-05-04 21:54:57,325 [OM StateMachine ApplyTransaction Thread - 0] INFO  bucket.OMBucketCreateRequest (OMBucketCreateRequest.java:validateAndUpdateCache(270)) - created bucket: 129473e1-0bec-4473-82f8-cfc4ceb8fd0b of layout FILE_SYSTEM_OPTIMIZED in volume: 0aa64659-5dcd-435d-a175-f372e534cdfc
]]></system-out>
  </testcase>
  <testcase name="testCreateBucketWithVersioning" classname="org.apache.hadoop.ozone.client.rpc.TestOzoneRpcClient" time="0.007">
    <system-out><![CDATA[2023-05-04 21:54:57,328 [Listener at 127.0.0.1/45425] INFO  rpc.RpcClient (RpcClient.java:createVolume(476)) - Creating Volume: 166c4a4e-3a3d-423c-8852-a985f8985a14, with runner as owner and space quota set to -1 bytes, counts quota set to -1
2023-05-04 21:54:57,331 [OM StateMachine ApplyTransaction Thread - 0] INFO  volume.OMVolumeCreateRequest (OMVolumeCreateRequest.java:validateAndUpdateCache(195)) - created volume:166c4a4e-3a3d-423c-8852-a985f8985a14 for user:runner
2023-05-04 21:54:57,332 [Listener at 127.0.0.1/45425] INFO  rpc.RpcClient (RpcClient.java:createBucket(697)) - Creating Bucket: 166c4a4e-3a3d-423c-8852-a985f8985a14/1bc7640b-c41f-48ab-b12d-5f49726f3ab9, with server-side default bucket layout, runner as owner, Versioning true, Storage Type set to DISK and Encryption set to false, Replication Type set to server-side default replication type, Namespace Quota set to -1, Space Quota set to -1 
2023-05-04 21:54:57,334 [OM StateMachine ApplyTransaction Thread - 0] INFO  bucket.OMBucketCreateRequest (OMBucketCreateRequest.java:validateAndUpdateCache(270)) - created bucket: 1bc7640b-c41f-48ab-b12d-5f49726f3ab9 of layout FILE_SYSTEM_OPTIMIZED in volume: 166c4a4e-3a3d-423c-8852-a985f8985a14
]]></system-out>
  </testcase>
  <testcase name="testCreateS3Bucket" classname="org.apache.hadoop.ozone.client.rpc.TestOzoneRpcClient" time="0.012">
    <system-out><![CDATA[2023-05-04 21:54:57,343 [Listener at 127.0.0.1/45425] INFO  rpc.RpcClient (RpcClient.java:createBucket(697)) - Creating Bucket: s3v/fb3cdcb6-e7b7-4ac5-ac62-2162024dd931, with server-side default bucket layout, runner as owner, Versioning false, Storage Type set to DISK and Encryption set to false, Replication Type set to server-side default replication type, Namespace Quota set to -1, Space Quota set to -1 
2023-05-04 21:54:57,345 [OM StateMachine ApplyTransaction Thread - 0] INFO  bucket.OMBucketCreateRequest (OMBucketCreateRequest.java:validateAndUpdateCache(270)) - created bucket: fb3cdcb6-e7b7-4ac5-ac62-2162024dd931 of layout FILE_SYSTEM_OPTIMIZED in volume: s3v
]]></system-out>
  </testcase>
  <testcase name="testCreateVolumeWithMetadata" classname="org.apache.hadoop.ozone.client.rpc.TestOzoneRpcClient" time="0.007">
    <system-out><![CDATA[2023-05-04 21:54:57,352 [Listener at 127.0.0.1/45425] INFO  rpc.RpcClient (RpcClient.java:createVolume(476)) - Creating Volume: d468c152-4d40-48d1-b596-e2dd092e0701, with runner as owner and space quota set to -1 bytes, counts quota set to -1
2023-05-04 21:54:57,354 [OM StateMachine ApplyTransaction Thread - 0] INFO  volume.OMVolumeCreateRequest (OMVolumeCreateRequest.java:validateAndUpdateCache(195)) - created volume:d468c152-4d40-48d1-b596-e2dd092e0701 for user:runner
]]></system-out>
  </testcase>
  <testcase name="testDefaultS3GVolumeExists" classname="org.apache.hadoop.ozone.client.rpc.TestOzoneRpcClient" time="0.003"/>
  <testcase name="testDeleteBucket" classname="org.apache.hadoop.ozone.client.rpc.TestOzoneRpcClient" time="0.019">
    <system-out><![CDATA[2023-05-04 21:54:57,364 [Listener at 127.0.0.1/45425] INFO  rpc.RpcClient (RpcClient.java:createVolume(476)) - Creating Volume: 9ab62cd0-3047-4a76-94b9-cf60df2abb6e, with runner as owner and space quota set to -1 bytes, counts quota set to -1
2023-05-04 21:54:57,366 [OM StateMachine ApplyTransaction Thread - 0] INFO  volume.OMVolumeCreateRequest (OMVolumeCreateRequest.java:validateAndUpdateCache(195)) - created volume:9ab62cd0-3047-4a76-94b9-cf60df2abb6e for user:runner
2023-05-04 21:54:57,368 [Listener at 127.0.0.1/45425] INFO  rpc.RpcClient (RpcClient.java:createBucket(697)) - Creating Bucket: 9ab62cd0-3047-4a76-94b9-cf60df2abb6e/fef8eb9b-1d9e-489a-b15b-909b65d3d437, with server-side default bucket layout, runner as owner, Versioning false, Storage Type set to DISK and Encryption set to false, Replication Type set to server-side default replication type, Namespace Quota set to -1, Space Quota set to -1 
2023-05-04 21:54:57,371 [OM StateMachine ApplyTransaction Thread - 0] INFO  bucket.OMBucketCreateRequest (OMBucketCreateRequest.java:validateAndUpdateCache(270)) - created bucket: fef8eb9b-1d9e-489a-b15b-909b65d3d437 of layout FILE_SYSTEM_OPTIMIZED in volume: 9ab62cd0-3047-4a76-94b9-cf60df2abb6e
21:54:57.381 [IPC Server handler 16 on default port 45425] ERROR OMAudit - user=runner | ip=127.0.0.1 | op=READ_BUCKET {volume=9ab62cd0-3047-4a76-94b9-cf60df2abb6e, bucket=fef8eb9b-1d9e-489a-b15b-909b65d3d437} | ret=FAILURE
org.apache.hadoop.ozone.om.exceptions.OMException: Bucket not found
	at org.apache.hadoop.ozone.om.OzoneManager.getBucketOwner(OzoneManager.java:2510) ~[ozone-manager-1.4.0-SNAPSHOT.jar:?]
	at org.apache.hadoop.ozone.om.OzoneManager.getBucketOwner(OzoneManager.java:2480) ~[ozone-manager-1.4.0-SNAPSHOT.jar:?]
	at org.apache.hadoop.ozone.om.OmMetadataReader.checkAcls(OmMetadataReader.java:436) ~[ozone-manager-1.4.0-SNAPSHOT.jar:?]
	at org.apache.hadoop.ozone.om.OzoneManager.getBucketInfo(OzoneManager.java:2771) ~[ozone-manager-1.4.0-SNAPSHOT.jar:?]
	at org.apache.hadoop.ozone.protocolPB.OzoneManagerRequestHandler.infoBucket(OzoneManagerRequestHandler.java:509) ~[ozone-manager-1.4.0-SNAPSHOT.jar:?]
	at org.apache.hadoop.ozone.protocolPB.OzoneManagerRequestHandler.handleReadRequest(OzoneManagerRequestHandler.java:188) ~[ozone-manager-1.4.0-SNAPSHOT.jar:?]
	at org.apache.hadoop.ozone.protocolPB.OzoneManagerProtocolServerSideTranslatorPB.submitReadRequestToOM(OzoneManagerProtocolServerSideTranslatorPB.java:223) ~[ozone-manager-1.4.0-SNAPSHOT.jar:?]
	at org.apache.hadoop.ozone.protocolPB.OzoneManagerProtocolServerSideTranslatorPB.processRequest(OzoneManagerProtocolServerSideTranslatorPB.java:177) ~[ozone-manager-1.4.0-SNAPSHOT.jar:?]
	at org.apache.hadoop.hdds.server.OzoneProtocolMessageDispatcher.processRequest(OzoneProtocolMessageDispatcher.java:87) [hdds-server-framework-1.4.0-SNAPSHOT.jar:?]
	at org.apache.hadoop.ozone.protocolPB.OzoneManagerProtocolServerSideTranslatorPB.submitRequest(OzoneManagerProtocolServerSideTranslatorPB.java:147) [ozone-manager-1.4.0-SNAPSHOT.jar:?]
	at org.apache.hadoop.ozone.protocol.proto.OzoneManagerProtocolProtos$OzoneManagerService$2.callBlockingMethod(OzoneManagerProtocolProtos.java) [ozone-interface-client-1.4.0-SNAPSHOT.jar:?]
	at org.apache.hadoop.ipc.ProtobufRpcEngine$Server.processCall(ProtobufRpcEngine.java:484) [hadoop-common-3.3.5.jar:?]
	at org.apache.hadoop.ipc.ProtobufRpcEngine2$Server$ProtoBufRpcInvoker.call(ProtobufRpcEngine2.java:595) [hadoop-common-3.3.5.jar:?]
	at org.apache.hadoop.ipc.ProtobufRpcEngine2$Server$ProtoBufRpcInvoker.call(ProtobufRpcEngine2.java:573) [hadoop-common-3.3.5.jar:?]
	at org.apache.hadoop.ipc.RPC$Server.call(RPC.java:1213) [hadoop-common-3.3.5.jar:?]
	at org.apache.hadoop.ipc.Server$RpcCall.run(Server.java:1089) [hadoop-common-3.3.5.jar:?]
	at org.apache.hadoop.ipc.Server$RpcCall.run(Server.java:1012) [hadoop-common-3.3.5.jar:?]
	at java.security.AccessController.doPrivileged(Native Method) ~[?:1.8.0_362]
	at javax.security.auth.Subject.doAs(Subject.java:422) [?:1.8.0_362]
	at org.apache.hadoop.security.UserGroupInformation.doAs(UserGroupInformation.java:1899) [hadoop-common-3.3.5.jar:?]
	at org.apache.hadoop.ipc.Server$Handler.run(Server.java:3026) [hadoop-common-3.3.5.jar:?]
]]></system-out>
  </testcase>
  <testcase name="testDeleteBucketWithTheSamePrefix(BucketLayout)[1]" classname="org.apache.hadoop.ozone.client.rpc.TestOzoneRpcClient" time="0.028">
    <system-out><![CDATA[2023-05-04 21:54:57,387 [Listener at 127.0.0.1/45425] INFO  rpc.RpcClient (RpcClient.java:createVolume(476)) - Creating Volume: 6349da6f-e193-44cd-9e07-72bfe6a2aa2d, with runner as owner and space quota set to -1 bytes, counts quota set to -1
2023-05-04 21:54:57,390 [OM StateMachine ApplyTransaction Thread - 0] INFO  volume.OMVolumeCreateRequest (OMVolumeCreateRequest.java:validateAndUpdateCache(195)) - created volume:6349da6f-e193-44cd-9e07-72bfe6a2aa2d for user:runner
2023-05-04 21:54:57,392 [Listener at 127.0.0.1/45425] INFO  rpc.RpcClient (RpcClient.java:createBucket(697)) - Creating Bucket: 6349da6f-e193-44cd-9e07-72bfe6a2aa2d/bucket1, with bucket layout OBJECT_STORE, runner as owner, Versioning false, Storage Type set to DISK and Encryption set to false, Replication Type set to server-side default replication type, Namespace Quota set to -1, Space Quota set to -1 
2023-05-04 21:54:57,394 [OM StateMachine ApplyTransaction Thread - 0] INFO  bucket.OMBucketCreateRequest (OMBucketCreateRequest.java:validateAndUpdateCache(270)) - created bucket: bucket1 of layout OBJECT_STORE in volume: 6349da6f-e193-44cd-9e07-72bfe6a2aa2d
2023-05-04 21:54:57,394 [Listener at 127.0.0.1/45425] INFO  rpc.RpcClient (RpcClient.java:createBucket(697)) - Creating Bucket: 6349da6f-e193-44cd-9e07-72bfe6a2aa2d/bucket11, with bucket layout OBJECT_STORE, runner as owner, Versioning false, Storage Type set to DISK and Encryption set to false, Replication Type set to server-side default replication type, Namespace Quota set to -1, Space Quota set to -1 
2023-05-04 21:54:57,396 [OM StateMachine ApplyTransaction Thread - 0] INFO  bucket.OMBucketCreateRequest (OMBucketCreateRequest.java:validateAndUpdateCache(270)) - created bucket: bucket11 of layout OBJECT_STORE in volume: 6349da6f-e193-44cd-9e07-72bfe6a2aa2d
2023-05-04 21:54:57,406 [OM StateMachine ApplyTransaction Thread - 0] INFO  key.OMKeyRequest (OMKeyRequest.java:wrapUncommittedBlocksAsPseudoKey(831)) - Detect allocated but uncommitted blocks [{blockID={containerID=13, localID=111677748019200116}, length=4194304, offset=0, token=null, pipeline=null, createVersion=0, partNumber=0}] in key key.
21:54:57.413 [IPC Server handler 0 on default port 45425] ERROR OMAudit - user=runner | ip=127.0.0.1 | op=READ_BUCKET {volume=6349da6f-e193-44cd-9e07-72bfe6a2aa2d, bucket=bucket1} | ret=FAILURE
org.apache.hadoop.ozone.om.exceptions.OMException: Bucket not found
	at org.apache.hadoop.ozone.om.OzoneManager.getBucketOwner(OzoneManager.java:2510) ~[ozone-manager-1.4.0-SNAPSHOT.jar:?]
	at org.apache.hadoop.ozone.om.OzoneManager.getBucketOwner(OzoneManager.java:2480) ~[ozone-manager-1.4.0-SNAPSHOT.jar:?]
	at org.apache.hadoop.ozone.om.OmMetadataReader.checkAcls(OmMetadataReader.java:436) ~[ozone-manager-1.4.0-SNAPSHOT.jar:?]
	at org.apache.hadoop.ozone.om.OzoneManager.getBucketInfo(OzoneManager.java:2771) ~[ozone-manager-1.4.0-SNAPSHOT.jar:?]
	at org.apache.hadoop.ozone.protocolPB.OzoneManagerRequestHandler.infoBucket(OzoneManagerRequestHandler.java:509) ~[ozone-manager-1.4.0-SNAPSHOT.jar:?]
	at org.apache.hadoop.ozone.protocolPB.OzoneManagerRequestHandler.handleReadRequest(OzoneManagerRequestHandler.java:188) ~[ozone-manager-1.4.0-SNAPSHOT.jar:?]
	at org.apache.hadoop.ozone.protocolPB.OzoneManagerProtocolServerSideTranslatorPB.submitReadRequestToOM(OzoneManagerProtocolServerSideTranslatorPB.java:223) ~[ozone-manager-1.4.0-SNAPSHOT.jar:?]
	at org.apache.hadoop.ozone.protocolPB.OzoneManagerProtocolServerSideTranslatorPB.processRequest(OzoneManagerProtocolServerSideTranslatorPB.java:177) ~[ozone-manager-1.4.0-SNAPSHOT.jar:?]
	at org.apache.hadoop.hdds.server.OzoneProtocolMessageDispatcher.processRequest(OzoneProtocolMessageDispatcher.java:87) [hdds-server-framework-1.4.0-SNAPSHOT.jar:?]
	at org.apache.hadoop.ozone.protocolPB.OzoneManagerProtocolServerSideTranslatorPB.submitRequest(OzoneManagerProtocolServerSideTranslatorPB.java:147) [ozone-manager-1.4.0-SNAPSHOT.jar:?]
	at org.apache.hadoop.ozone.protocol.proto.OzoneManagerProtocolProtos$OzoneManagerService$2.callBlockingMethod(OzoneManagerProtocolProtos.java) [ozone-interface-client-1.4.0-SNAPSHOT.jar:?]
	at org.apache.hadoop.ipc.ProtobufRpcEngine$Server.processCall(ProtobufRpcEngine.java:484) [hadoop-common-3.3.5.jar:?]
	at org.apache.hadoop.ipc.ProtobufRpcEngine2$Server$ProtoBufRpcInvoker.call(ProtobufRpcEngine2.java:595) [hadoop-common-3.3.5.jar:?]
	at org.apache.hadoop.ipc.ProtobufRpcEngine2$Server$ProtoBufRpcInvoker.call(ProtobufRpcEngine2.java:573) [hadoop-common-3.3.5.jar:?]
	at org.apache.hadoop.ipc.RPC$Server.call(RPC.java:1213) [hadoop-common-3.3.5.jar:?]
	at org.apache.hadoop.ipc.Server$RpcCall.run(Server.java:1089) [hadoop-common-3.3.5.jar:?]
	at org.apache.hadoop.ipc.Server$RpcCall.run(Server.java:1012) [hadoop-common-3.3.5.jar:?]
	at java.security.AccessController.doPrivileged(Native Method) ~[?:1.8.0_362]
	at javax.security.auth.Subject.doAs(Subject.java:422) [?:1.8.0_362]
	at org.apache.hadoop.security.UserGroupInformation.doAs(UserGroupInformation.java:1899) [hadoop-common-3.3.5.jar:?]
	at org.apache.hadoop.ipc.Server$Handler.run(Server.java:3026) [hadoop-common-3.3.5.jar:?]
]]></system-out>
  </testcase>
  <testcase name="testDeleteBucketWithTheSamePrefix(BucketLayout)[2]" classname="org.apache.hadoop.ozone.client.rpc.TestOzoneRpcClient" time="0.033">
    <system-out><![CDATA[2023-05-04 21:54:57,419 [Listener at 127.0.0.1/45425] INFO  rpc.RpcClient (RpcClient.java:createVolume(476)) - Creating Volume: 38c6992e-b16d-4a7d-8498-1474d42e2e5b, with runner as owner and space quota set to -1 bytes, counts quota set to -1
2023-05-04 21:54:57,424 [OM StateMachine ApplyTransaction Thread - 0] INFO  volume.OMVolumeCreateRequest (OMVolumeCreateRequest.java:validateAndUpdateCache(195)) - created volume:38c6992e-b16d-4a7d-8498-1474d42e2e5b for user:runner
2023-05-04 21:54:57,426 [Listener at 127.0.0.1/45425] INFO  rpc.RpcClient (RpcClient.java:createBucket(697)) - Creating Bucket: 38c6992e-b16d-4a7d-8498-1474d42e2e5b/bucket1, with bucket layout LEGACY, runner as owner, Versioning false, Storage Type set to DISK and Encryption set to false, Replication Type set to server-side default replication type, Namespace Quota set to -1, Space Quota set to -1 
2023-05-04 21:54:57,429 [OM StateMachine ApplyTransaction Thread - 0] INFO  bucket.OMBucketCreateRequest (OMBucketCreateRequest.java:validateAndUpdateCache(270)) - created bucket: bucket1 of layout LEGACY in volume: 38c6992e-b16d-4a7d-8498-1474d42e2e5b
2023-05-04 21:54:57,430 [Listener at 127.0.0.1/45425] INFO  rpc.RpcClient (RpcClient.java:createBucket(697)) - Creating Bucket: 38c6992e-b16d-4a7d-8498-1474d42e2e5b/bucket11, with bucket layout LEGACY, runner as owner, Versioning false, Storage Type set to DISK and Encryption set to false, Replication Type set to server-side default replication type, Namespace Quota set to -1, Space Quota set to -1 
2023-05-04 21:54:57,432 [OM StateMachine ApplyTransaction Thread - 0] INFO  bucket.OMBucketCreateRequest (OMBucketCreateRequest.java:validateAndUpdateCache(270)) - created bucket: bucket11 of layout LEGACY in volume: 38c6992e-b16d-4a7d-8498-1474d42e2e5b
2023-05-04 21:54:57,443 [OM StateMachine ApplyTransaction Thread - 0] INFO  key.OMKeyRequest (OMKeyRequest.java:wrapUncommittedBlocksAsPseudoKey(831)) - Detect allocated but uncommitted blocks [{blockID={containerID=10, localID=111677748019200117}, length=4194304, offset=0, token=null, pipeline=null, createVersion=0, partNumber=0}] in key key.
21:54:57.447 [IPC Server handler 15 on default port 45425] ERROR OMAudit - user=runner | ip=127.0.0.1 | op=READ_BUCKET {volume=38c6992e-b16d-4a7d-8498-1474d42e2e5b, bucket=bucket1} | ret=FAILURE
org.apache.hadoop.ozone.om.exceptions.OMException: Bucket not found
	at org.apache.hadoop.ozone.om.OzoneManager.getBucketOwner(OzoneManager.java:2510) ~[ozone-manager-1.4.0-SNAPSHOT.jar:?]
	at org.apache.hadoop.ozone.om.OzoneManager.getBucketOwner(OzoneManager.java:2480) ~[ozone-manager-1.4.0-SNAPSHOT.jar:?]
	at org.apache.hadoop.ozone.om.OmMetadataReader.checkAcls(OmMetadataReader.java:436) ~[ozone-manager-1.4.0-SNAPSHOT.jar:?]
	at org.apache.hadoop.ozone.om.OzoneManager.getBucketInfo(OzoneManager.java:2771) ~[ozone-manager-1.4.0-SNAPSHOT.jar:?]
	at org.apache.hadoop.ozone.protocolPB.OzoneManagerRequestHandler.infoBucket(OzoneManagerRequestHandler.java:509) ~[ozone-manager-1.4.0-SNAPSHOT.jar:?]
	at org.apache.hadoop.ozone.protocolPB.OzoneManagerRequestHandler.handleReadRequest(OzoneManagerRequestHandler.java:188) ~[ozone-manager-1.4.0-SNAPSHOT.jar:?]
	at org.apache.hadoop.ozone.protocolPB.OzoneManagerProtocolServerSideTranslatorPB.submitReadRequestToOM(OzoneManagerProtocolServerSideTranslatorPB.java:223) ~[ozone-manager-1.4.0-SNAPSHOT.jar:?]
	at org.apache.hadoop.ozone.protocolPB.OzoneManagerProtocolServerSideTranslatorPB.processRequest(OzoneManagerProtocolServerSideTranslatorPB.java:177) ~[ozone-manager-1.4.0-SNAPSHOT.jar:?]
	at org.apache.hadoop.hdds.server.OzoneProtocolMessageDispatcher.processRequest(OzoneProtocolMessageDispatcher.java:87) [hdds-server-framework-1.4.0-SNAPSHOT.jar:?]
	at org.apache.hadoop.ozone.protocolPB.OzoneManagerProtocolServerSideTranslatorPB.submitRequest(OzoneManagerProtocolServerSideTranslatorPB.java:147) [ozone-manager-1.4.0-SNAPSHOT.jar:?]
	at org.apache.hadoop.ozone.protocol.proto.OzoneManagerProtocolProtos$OzoneManagerService$2.callBlockingMethod(OzoneManagerProtocolProtos.java) [ozone-interface-client-1.4.0-SNAPSHOT.jar:?]
	at org.apache.hadoop.ipc.ProtobufRpcEngine$Server.processCall(ProtobufRpcEngine.java:484) [hadoop-common-3.3.5.jar:?]
	at org.apache.hadoop.ipc.ProtobufRpcEngine2$Server$ProtoBufRpcInvoker.call(ProtobufRpcEngine2.java:595) [hadoop-common-3.3.5.jar:?]
	at org.apache.hadoop.ipc.ProtobufRpcEngine2$Server$ProtoBufRpcInvoker.call(ProtobufRpcEngine2.java:573) [hadoop-common-3.3.5.jar:?]
	at org.apache.hadoop.ipc.RPC$Server.call(RPC.java:1213) [hadoop-common-3.3.5.jar:?]
	at org.apache.hadoop.ipc.Server$RpcCall.run(Server.java:1089) [hadoop-common-3.3.5.jar:?]
	at org.apache.hadoop.ipc.Server$RpcCall.run(Server.java:1012) [hadoop-common-3.3.5.jar:?]
	at java.security.AccessController.doPrivileged(Native Method) ~[?:1.8.0_362]
	at javax.security.auth.Subject.doAs(Subject.java:422) [?:1.8.0_362]
	at org.apache.hadoop.security.UserGroupInformation.doAs(UserGroupInformation.java:1899) [hadoop-common-3.3.5.jar:?]
	at org.apache.hadoop.ipc.Server$Handler.run(Server.java:3026) [hadoop-common-3.3.5.jar:?]
]]></system-out>
  </testcase>
  <testcase name="testDeleteBucketWithTheSamePrefix(BucketLayout)[3]" classname="org.apache.hadoop.ozone.client.rpc.TestOzoneRpcClient" time="0.028">
    <system-out><![CDATA[2023-05-04 21:54:57,450 [Listener at 127.0.0.1/45425] INFO  rpc.RpcClient (RpcClient.java:createVolume(476)) - Creating Volume: cc2a597f-14aa-4895-9d3b-c5f24ee3cae3, with runner as owner and space quota set to -1 bytes, counts quota set to -1
2023-05-04 21:54:57,452 [OM StateMachine ApplyTransaction Thread - 0] INFO  volume.OMVolumeCreateRequest (OMVolumeCreateRequest.java:validateAndUpdateCache(195)) - created volume:cc2a597f-14aa-4895-9d3b-c5f24ee3cae3 for user:runner
2023-05-04 21:54:57,454 [Listener at 127.0.0.1/45425] INFO  rpc.RpcClient (RpcClient.java:createBucket(697)) - Creating Bucket: cc2a597f-14aa-4895-9d3b-c5f24ee3cae3/bucket1, with bucket layout FILE_SYSTEM_OPTIMIZED, runner as owner, Versioning false, Storage Type set to DISK and Encryption set to false, Replication Type set to server-side default replication type, Namespace Quota set to -1, Space Quota set to -1 
2023-05-04 21:54:57,456 [OM StateMachine ApplyTransaction Thread - 0] INFO  bucket.OMBucketCreateRequest (OMBucketCreateRequest.java:validateAndUpdateCache(270)) - created bucket: bucket1 of layout FILE_SYSTEM_OPTIMIZED in volume: cc2a597f-14aa-4895-9d3b-c5f24ee3cae3
2023-05-04 21:54:57,457 [Listener at 127.0.0.1/45425] INFO  rpc.RpcClient (RpcClient.java:createBucket(697)) - Creating Bucket: cc2a597f-14aa-4895-9d3b-c5f24ee3cae3/bucket11, with bucket layout FILE_SYSTEM_OPTIMIZED, runner as owner, Versioning false, Storage Type set to DISK and Encryption set to false, Replication Type set to server-side default replication type, Namespace Quota set to -1, Space Quota set to -1 
2023-05-04 21:54:57,459 [OM StateMachine ApplyTransaction Thread - 0] INFO  bucket.OMBucketCreateRequest (OMBucketCreateRequest.java:validateAndUpdateCache(270)) - created bucket: bucket11 of layout FILE_SYSTEM_OPTIMIZED in volume: cc2a597f-14aa-4895-9d3b-c5f24ee3cae3
2023-05-04 21:54:57,468 [OM StateMachine ApplyTransaction Thread - 0] INFO  key.OMKeyRequest (OMKeyRequest.java:wrapUncommittedBlocksAsPseudoKey(831)) - Detect allocated but uncommitted blocks [{blockID={containerID=10, localID=111677748019200118}, length=4194304, offset=0, token=null, pipeline=null, createVersion=0, partNumber=0}] in key key.
21:54:57.476 [IPC Server handler 19 on default port 45425] ERROR OMAudit - user=runner | ip=127.0.0.1 | op=READ_BUCKET {volume=cc2a597f-14aa-4895-9d3b-c5f24ee3cae3, bucket=bucket1} | ret=FAILURE
org.apache.hadoop.ozone.om.exceptions.OMException: Bucket not found
	at org.apache.hadoop.ozone.om.OzoneManager.getBucketOwner(OzoneManager.java:2510) ~[ozone-manager-1.4.0-SNAPSHOT.jar:?]
	at org.apache.hadoop.ozone.om.OzoneManager.getBucketOwner(OzoneManager.java:2480) ~[ozone-manager-1.4.0-SNAPSHOT.jar:?]
	at org.apache.hadoop.ozone.om.OmMetadataReader.checkAcls(OmMetadataReader.java:436) ~[ozone-manager-1.4.0-SNAPSHOT.jar:?]
	at org.apache.hadoop.ozone.om.OzoneManager.getBucketInfo(OzoneManager.java:2771) ~[ozone-manager-1.4.0-SNAPSHOT.jar:?]
	at org.apache.hadoop.ozone.protocolPB.OzoneManagerRequestHandler.infoBucket(OzoneManagerRequestHandler.java:509) ~[ozone-manager-1.4.0-SNAPSHOT.jar:?]
	at org.apache.hadoop.ozone.protocolPB.OzoneManagerRequestHandler.handleReadRequest(OzoneManagerRequestHandler.java:188) ~[ozone-manager-1.4.0-SNAPSHOT.jar:?]
	at org.apache.hadoop.ozone.protocolPB.OzoneManagerProtocolServerSideTranslatorPB.submitReadRequestToOM(OzoneManagerProtocolServerSideTranslatorPB.java:223) ~[ozone-manager-1.4.0-SNAPSHOT.jar:?]
	at org.apache.hadoop.ozone.protocolPB.OzoneManagerProtocolServerSideTranslatorPB.processRequest(OzoneManagerProtocolServerSideTranslatorPB.java:177) ~[ozone-manager-1.4.0-SNAPSHOT.jar:?]
	at org.apache.hadoop.hdds.server.OzoneProtocolMessageDispatcher.processRequest(OzoneProtocolMessageDispatcher.java:87) [hdds-server-framework-1.4.0-SNAPSHOT.jar:?]
	at org.apache.hadoop.ozone.protocolPB.OzoneManagerProtocolServerSideTranslatorPB.submitRequest(OzoneManagerProtocolServerSideTranslatorPB.java:147) [ozone-manager-1.4.0-SNAPSHOT.jar:?]
	at org.apache.hadoop.ozone.protocol.proto.OzoneManagerProtocolProtos$OzoneManagerService$2.callBlockingMethod(OzoneManagerProtocolProtos.java) [ozone-interface-client-1.4.0-SNAPSHOT.jar:?]
	at org.apache.hadoop.ipc.ProtobufRpcEngine$Server.processCall(ProtobufRpcEngine.java:484) [hadoop-common-3.3.5.jar:?]
	at org.apache.hadoop.ipc.ProtobufRpcEngine2$Server$ProtoBufRpcInvoker.call(ProtobufRpcEngine2.java:595) [hadoop-common-3.3.5.jar:?]
	at org.apache.hadoop.ipc.ProtobufRpcEngine2$Server$ProtoBufRpcInvoker.call(ProtobufRpcEngine2.java:573) [hadoop-common-3.3.5.jar:?]
	at org.apache.hadoop.ipc.RPC$Server.call(RPC.java:1213) [hadoop-common-3.3.5.jar:?]
	at org.apache.hadoop.ipc.Server$RpcCall.run(Server.java:1089) [hadoop-common-3.3.5.jar:?]
	at org.apache.hadoop.ipc.Server$RpcCall.run(Server.java:1012) [hadoop-common-3.3.5.jar:?]
	at java.security.AccessController.doPrivileged(Native Method) ~[?:1.8.0_362]
	at javax.security.auth.Subject.doAs(Subject.java:422) [?:1.8.0_362]
	at org.apache.hadoop.security.UserGroupInformation.doAs(UserGroupInformation.java:1899) [hadoop-common-3.3.5.jar:?]
	at org.apache.hadoop.ipc.Server$Handler.run(Server.java:3026) [hadoop-common-3.3.5.jar:?]
]]></system-out>
  </testcase>
  <testcase name="testDeleteKey" classname="org.apache.hadoop.ozone.client.rpc.TestOzoneRpcClient" time="0.058">
    <system-out><![CDATA[2023-05-04 21:54:57,478 [Listener at 127.0.0.1/45425] INFO  rpc.RpcClient (RpcClient.java:createVolume(476)) - Creating Volume: 55ebd45f-626b-4ea6-936a-360102eec1b4, with runner as owner and space quota set to -1 bytes, counts quota set to -1
2023-05-04 21:54:57,480 [OM StateMachine ApplyTransaction Thread - 0] INFO  volume.OMVolumeCreateRequest (OMVolumeCreateRequest.java:validateAndUpdateCache(195)) - created volume:55ebd45f-626b-4ea6-936a-360102eec1b4 for user:runner
2023-05-04 21:54:57,482 [Listener at 127.0.0.1/45425] INFO  rpc.RpcClient (RpcClient.java:createBucket(697)) - Creating Bucket: 55ebd45f-626b-4ea6-936a-360102eec1b4/2a816dc0-5c4c-41ca-a18d-760cbede7859, with server-side default bucket layout, runner as owner, Versioning false, Storage Type set to DISK and Encryption set to false, Replication Type set to server-side default replication type, Namespace Quota set to -1, Space Quota set to -1 
2023-05-04 21:54:57,483 [OM StateMachine ApplyTransaction Thread - 0] INFO  bucket.OMBucketCreateRequest (OMBucketCreateRequest.java:validateAndUpdateCache(270)) - created bucket: 2a816dc0-5c4c-41ca-a18d-760cbede7859 of layout FILE_SYSTEM_OPTIMIZED in volume: 55ebd45f-626b-4ea6-936a-360102eec1b4
2023-05-04 21:54:57,525 [IPC Server handler 16 on default port 35203] WARN  node.SCMNodeManager (SCMNodeManager.java:getNodesByAddress(1372)) - Cannot find node for address 127.0.0.1
21:54:57.535 [IPC Server handler 6 on default port 45425] ERROR OMAudit - user=runner | ip=127.0.0.1 | op=READ_KEY {volume=55ebd45f-626b-4ea6-936a-360102eec1b4, bucket=2a816dc0-5c4c-41ca-a18d-760cbede7859, key=df600e47-fbaf-4345-afe8-0fc150296a15, dataSize=0, replicationConfig=null} | ret=FAILURE
org.apache.hadoop.ozone.om.exceptions.OMException: Key:df600e47-fbaf-4345-afe8-0fc150296a15 not found
	at org.apache.hadoop.ozone.om.KeyManagerImpl.readKeyInfo(KeyManagerImpl.java:433) ~[ozone-manager-1.4.0-SNAPSHOT.jar:?]
	at org.apache.hadoop.ozone.om.KeyManagerImpl.lambda$9(KeyManagerImpl.java:1922) ~[ozone-manager-1.4.0-SNAPSHOT.jar:?]
	at org.apache.hadoop.util.MetricUtil.captureLatencyNs(MetricUtil.java:37) ~[hdds-common-1.4.0-SNAPSHOT.jar:?]
	at org.apache.hadoop.ozone.om.KeyManagerImpl.getKeyInfo(KeyManagerImpl.java:1920) ~[ozone-manager-1.4.0-SNAPSHOT.jar:?]
	at org.apache.hadoop.ozone.om.OmMetadataReader.getKeyInfo(OmMetadataReader.java:212) ~[ozone-manager-1.4.0-SNAPSHOT.jar:?]
	at org.apache.hadoop.ozone.om.OzoneManager.getKeyInfo(OzoneManager.java:2809) ~[ozone-manager-1.4.0-SNAPSHOT.jar:?]
	at org.apache.hadoop.ozone.protocolPB.OzoneManagerRequestHandler.getKeyInfo(OzoneManagerRequestHandler.java:549) ~[ozone-manager-1.4.0-SNAPSHOT.jar:?]
	at org.apache.hadoop.ozone.protocolPB.OzoneManagerRequestHandler.handleReadRequest(OzoneManagerRequestHandler.java:292) ~[ozone-manager-1.4.0-SNAPSHOT.jar:?]
	at org.apache.hadoop.ozone.protocolPB.OzoneManagerProtocolServerSideTranslatorPB.submitReadRequestToOM(OzoneManagerProtocolServerSideTranslatorPB.java:223) ~[ozone-manager-1.4.0-SNAPSHOT.jar:?]
	at org.apache.hadoop.ozone.protocolPB.OzoneManagerProtocolServerSideTranslatorPB.processRequest(OzoneManagerProtocolServerSideTranslatorPB.java:177) ~[ozone-manager-1.4.0-SNAPSHOT.jar:?]
	at org.apache.hadoop.hdds.server.OzoneProtocolMessageDispatcher.processRequest(OzoneProtocolMessageDispatcher.java:87) [hdds-server-framework-1.4.0-SNAPSHOT.jar:?]
	at org.apache.hadoop.ozone.protocolPB.OzoneManagerProtocolServerSideTranslatorPB.submitRequest(OzoneManagerProtocolServerSideTranslatorPB.java:147) [ozone-manager-1.4.0-SNAPSHOT.jar:?]
	at org.apache.hadoop.ozone.protocol.proto.OzoneManagerProtocolProtos$OzoneManagerService$2.callBlockingMethod(OzoneManagerProtocolProtos.java) [ozone-interface-client-1.4.0-SNAPSHOT.jar:?]
	at org.apache.hadoop.ipc.ProtobufRpcEngine$Server.processCall(ProtobufRpcEngine.java:484) [hadoop-common-3.3.5.jar:?]
	at org.apache.hadoop.ipc.ProtobufRpcEngine2$Server$ProtoBufRpcInvoker.call(ProtobufRpcEngine2.java:595) [hadoop-common-3.3.5.jar:?]
	at org.apache.hadoop.ipc.ProtobufRpcEngine2$Server$ProtoBufRpcInvoker.call(ProtobufRpcEngine2.java:573) [hadoop-common-3.3.5.jar:?]
	at org.apache.hadoop.ipc.RPC$Server.call(RPC.java:1213) [hadoop-common-3.3.5.jar:?]
	at org.apache.hadoop.ipc.Server$RpcCall.run(Server.java:1089) [hadoop-common-3.3.5.jar:?]
	at org.apache.hadoop.ipc.Server$RpcCall.run(Server.java:1012) [hadoop-common-3.3.5.jar:?]
	at java.security.AccessController.doPrivileged(Native Method) ~[?:1.8.0_362]
	at javax.security.auth.Subject.doAs(Subject.java:422) [?:1.8.0_362]
	at org.apache.hadoop.security.UserGroupInformation.doAs(UserGroupInformation.java:1899) [hadoop-common-3.3.5.jar:?]
	at org.apache.hadoop.ipc.Server$Handler.run(Server.java:3026) [hadoop-common-3.3.5.jar:?]
]]></system-out>
  </testcase>
  <testcase name="testDeleteS3Bucket" classname="org.apache.hadoop.ozone.client.rpc.TestOzoneRpcClient" time="0.013">
    <system-out><![CDATA[2023-05-04 21:54:57,539 [Listener at 127.0.0.1/45425] INFO  rpc.RpcClient (RpcClient.java:createBucket(697)) - Creating Bucket: s3v/0d124b3e-3f47-483b-b7eb-a73bfd87d3e6, with server-side default bucket layout, runner as owner, Versioning false, Storage Type set to DISK and Encryption set to false, Replication Type set to server-side default replication type, Namespace Quota set to -1, Space Quota set to -1 
2023-05-04 21:54:57,541 [OM StateMachine ApplyTransaction Thread - 0] INFO  bucket.OMBucketCreateRequest (OMBucketCreateRequest.java:validateAndUpdateCache(270)) - created bucket: 0d124b3e-3f47-483b-b7eb-a73bfd87d3e6 of layout FILE_SYSTEM_OPTIMIZED in volume: s3v
21:54:57.548 [IPC Server handler 11 on default port 45425] ERROR OMAudit - user=runner | ip=127.0.0.1 | op=READ_BUCKET {volume=s3v, bucket=0d124b3e-3f47-483b-b7eb-a73bfd87d3e6} | ret=FAILURE
org.apache.hadoop.ozone.om.exceptions.OMException: Bucket not found
	at org.apache.hadoop.ozone.om.OzoneManager.getBucketOwner(OzoneManager.java:2510) ~[ozone-manager-1.4.0-SNAPSHOT.jar:?]
	at org.apache.hadoop.ozone.om.OzoneManager.getBucketOwner(OzoneManager.java:2480) ~[ozone-manager-1.4.0-SNAPSHOT.jar:?]
	at org.apache.hadoop.ozone.om.OmMetadataReader.checkAcls(OmMetadataReader.java:436) ~[ozone-manager-1.4.0-SNAPSHOT.jar:?]
	at org.apache.hadoop.ozone.om.OzoneManager.getBucketInfo(OzoneManager.java:2771) ~[ozone-manager-1.4.0-SNAPSHOT.jar:?]
	at org.apache.hadoop.ozone.protocolPB.OzoneManagerRequestHandler.infoBucket(OzoneManagerRequestHandler.java:509) ~[ozone-manager-1.4.0-SNAPSHOT.jar:?]
	at org.apache.hadoop.ozone.protocolPB.OzoneManagerRequestHandler.handleReadRequest(OzoneManagerRequestHandler.java:188) ~[ozone-manager-1.4.0-SNAPSHOT.jar:?]
	at org.apache.hadoop.ozone.protocolPB.OzoneManagerProtocolServerSideTranslatorPB.submitReadRequestToOM(OzoneManagerProtocolServerSideTranslatorPB.java:223) ~[ozone-manager-1.4.0-SNAPSHOT.jar:?]
	at org.apache.hadoop.ozone.protocolPB.OzoneManagerProtocolServerSideTranslatorPB.processRequest(OzoneManagerProtocolServerSideTranslatorPB.java:177) ~[ozone-manager-1.4.0-SNAPSHOT.jar:?]
	at org.apache.hadoop.hdds.server.OzoneProtocolMessageDispatcher.processRequest(OzoneProtocolMessageDispatcher.java:87) [hdds-server-framework-1.4.0-SNAPSHOT.jar:?]
	at org.apache.hadoop.ozone.protocolPB.OzoneManagerProtocolServerSideTranslatorPB.submitRequest(OzoneManagerProtocolServerSideTranslatorPB.java:147) [ozone-manager-1.4.0-SNAPSHOT.jar:?]
	at org.apache.hadoop.ozone.protocol.proto.OzoneManagerProtocolProtos$OzoneManagerService$2.callBlockingMethod(OzoneManagerProtocolProtos.java) [ozone-interface-client-1.4.0-SNAPSHOT.jar:?]
	at org.apache.hadoop.ipc.ProtobufRpcEngine$Server.processCall(ProtobufRpcEngine.java:484) [hadoop-common-3.3.5.jar:?]
	at org.apache.hadoop.ipc.ProtobufRpcEngine2$Server$ProtoBufRpcInvoker.call(ProtobufRpcEngine2.java:595) [hadoop-common-3.3.5.jar:?]
	at org.apache.hadoop.ipc.ProtobufRpcEngine2$Server$ProtoBufRpcInvoker.call(ProtobufRpcEngine2.java:573) [hadoop-common-3.3.5.jar:?]
	at org.apache.hadoop.ipc.RPC$Server.call(RPC.java:1213) [hadoop-common-3.3.5.jar:?]
	at org.apache.hadoop.ipc.Server$RpcCall.run(Server.java:1089) [hadoop-common-3.3.5.jar:?]
	at org.apache.hadoop.ipc.Server$RpcCall.run(Server.java:1012) [hadoop-common-3.3.5.jar:?]
	at java.security.AccessController.doPrivileged(Native Method) ~[?:1.8.0_362]
	at javax.security.auth.Subject.doAs(Subject.java:422) [?:1.8.0_362]
	at org.apache.hadoop.security.UserGroupInformation.doAs(UserGroupInformation.java:1899) [hadoop-common-3.3.5.jar:?]
	at org.apache.hadoop.ipc.Server$Handler.run(Server.java:3026) [hadoop-common-3.3.5.jar:?]
]]></system-out>
  </testcase>
  <testcase name="testDeleteS3NonExistingBucket" classname="org.apache.hadoop.ozone.client.rpc.TestOzoneRpcClient" time="0.004">
    <system-out><![CDATA[21:54:57.553 [OM StateMachine ApplyTransaction Thread - 0] ERROR OMAudit - user=runner | ip=127.0.0.1 | op=DELETE_BUCKET {volume=s3v, bucket=2fe7e2a3-3ae1-4bcb-8555-b7e4e60b5c1e} | ret=FAILURE
org.apache.hadoop.ozone.om.exceptions.OMException: Bucket not found
	at org.apache.hadoop.ozone.om.OzoneManager.getBucketOwner(OzoneManager.java:2510) ~[ozone-manager-1.4.0-SNAPSHOT.jar:?]
	at org.apache.hadoop.ozone.om.OzoneManager.getBucketOwner(OzoneManager.java:2480) ~[ozone-manager-1.4.0-SNAPSHOT.jar:?]
	at org.apache.hadoop.ozone.om.request.OMClientRequest.checkAcls(OMClientRequest.java:217) ~[ozone-manager-1.4.0-SNAPSHOT.jar:?]
	at org.apache.hadoop.ozone.om.request.bucket.OMBucketDeleteRequest.validateAndUpdateCache(OMBucketDeleteRequest.java:112) ~[ozone-manager-1.4.0-SNAPSHOT.jar:?]
	at org.apache.hadoop.ozone.protocolPB.OzoneManagerRequestHandler.handleWriteRequest(OzoneManagerRequestHandler.java:337) ~[ozone-manager-1.4.0-SNAPSHOT.jar:?]
	at org.apache.hadoop.ozone.om.ratis.OzoneManagerStateMachine.runCommand(OzoneManagerStateMachine.java:567) ~[ozone-manager-1.4.0-SNAPSHOT.jar:?]
	at org.apache.hadoop.ozone.om.ratis.OzoneManagerStateMachine.lambda$1(OzoneManagerStateMachine.java:358) ~[ozone-manager-1.4.0-SNAPSHOT.jar:?]
	at java.util.concurrent.CompletableFuture$AsyncSupply.run(CompletableFuture.java:1604) [?:1.8.0_362]
	at java.util.concurrent.ThreadPoolExecutor.runWorker(ThreadPoolExecutor.java:1149) [?:1.8.0_362]
	at java.util.concurrent.ThreadPoolExecutor$Worker.run(ThreadPoolExecutor.java:624) [?:1.8.0_362]
	at java.lang.Thread.run(Thread.java:750) [?:1.8.0_362]
2023-05-04 21:54:57,553 [OM StateMachine ApplyTransaction Thread - 0] ERROR bucket.OMBucketDeleteRequest (OMBucketDeleteRequest.java:validateAndUpdateCache(212)) - Delete bucket failed for bucket:2fe7e2a3-3ae1-4bcb-8555-b7e4e60b5c1e in volume:s3v
BUCKET_NOT_FOUND org.apache.hadoop.ozone.om.exceptions.OMException: Bucket not found
	at org.apache.hadoop.ozone.om.OzoneManager.getBucketOwner(OzoneManager.java:2510)
	at org.apache.hadoop.ozone.om.OzoneManager.getBucketOwner(OzoneManager.java:2480)
	at org.apache.hadoop.ozone.om.request.OMClientRequest.checkAcls(OMClientRequest.java:217)
	at org.apache.hadoop.ozone.om.request.bucket.OMBucketDeleteRequest.validateAndUpdateCache(OMBucketDeleteRequest.java:112)
	at org.apache.hadoop.ozone.protocolPB.OzoneManagerRequestHandler.handleWriteRequest(OzoneManagerRequestHandler.java:337)
	at org.apache.hadoop.ozone.om.ratis.OzoneManagerStateMachine.runCommand(OzoneManagerStateMachine.java:567)
	at org.apache.hadoop.ozone.om.ratis.OzoneManagerStateMachine.lambda$1(OzoneManagerStateMachine.java:358)
	at java.util.concurrent.CompletableFuture$AsyncSupply.run(CompletableFuture.java:1604)
	at java.util.concurrent.ThreadPoolExecutor.runWorker(ThreadPoolExecutor.java:1149)
	at java.util.concurrent.ThreadPoolExecutor$Worker.run(ThreadPoolExecutor.java:624)
	at java.lang.Thread.run(Thread.java:750)
]]></system-out>
  </testcase>
  <testcase name="testDeleteVolume" classname="org.apache.hadoop.ozone.client.rpc.TestOzoneRpcClient" time="0.008">
    <system-out><![CDATA[2023-05-04 21:54:57,555 [Listener at 127.0.0.1/45425] INFO  rpc.RpcClient (RpcClient.java:createVolume(476)) - Creating Volume: e746132b-8db6-426c-aaeb-9da87d7912d9, with runner as owner and space quota set to -1 bytes, counts quota set to -1
2023-05-04 21:54:57,557 [OM StateMachine ApplyTransaction Thread - 0] INFO  volume.OMVolumeCreateRequest (OMVolumeCreateRequest.java:validateAndUpdateCache(195)) - created volume:e746132b-8db6-426c-aaeb-9da87d7912d9 for user:runner
21:54:57.562 [IPC Server handler 12 on default port 45425] ERROR OMAudit - user=runner | ip=127.0.0.1 | op=READ_VOLUME {volume=e746132b-8db6-426c-aaeb-9da87d7912d9} | ret=FAILURE
org.apache.hadoop.ozone.om.exceptions.OMException: Volume e746132b-8db6-426c-aaeb-9da87d7912d9 is not found
	at org.apache.hadoop.ozone.om.OzoneManager.getVolumeOwner(OzoneManager.java:2465) ~[ozone-manager-1.4.0-SNAPSHOT.jar:?]
	at org.apache.hadoop.ozone.om.OzoneManager.getVolumeOwner(OzoneManager.java:2438) ~[ozone-manager-1.4.0-SNAPSHOT.jar:?]
	at org.apache.hadoop.ozone.om.OmMetadataReader.checkAcls(OmMetadataReader.java:435) ~[ozone-manager-1.4.0-SNAPSHOT.jar:?]
	at org.apache.hadoop.ozone.om.OzoneManager.getVolumeInfo(OzoneManager.java:2586) ~[ozone-manager-1.4.0-SNAPSHOT.jar:?]
	at org.apache.hadoop.ozone.protocolPB.OzoneManagerRequestHandler.infoVolume(OzoneManagerRequestHandler.java:435) ~[ozone-manager-1.4.0-SNAPSHOT.jar:?]
	at org.apache.hadoop.ozone.protocolPB.OzoneManagerRequestHandler.handleReadRequest(OzoneManagerRequestHandler.java:178) ~[ozone-manager-1.4.0-SNAPSHOT.jar:?]
	at org.apache.hadoop.ozone.protocolPB.OzoneManagerProtocolServerSideTranslatorPB.submitReadRequestToOM(OzoneManagerProtocolServerSideTranslatorPB.java:223) ~[ozone-manager-1.4.0-SNAPSHOT.jar:?]
	at org.apache.hadoop.ozone.protocolPB.OzoneManagerProtocolServerSideTranslatorPB.processRequest(OzoneManagerProtocolServerSideTranslatorPB.java:177) ~[ozone-manager-1.4.0-SNAPSHOT.jar:?]
	at org.apache.hadoop.hdds.server.OzoneProtocolMessageDispatcher.processRequest(OzoneProtocolMessageDispatcher.java:87) [hdds-server-framework-1.4.0-SNAPSHOT.jar:?]
	at org.apache.hadoop.ozone.protocolPB.OzoneManagerProtocolServerSideTranslatorPB.submitRequest(OzoneManagerProtocolServerSideTranslatorPB.java:147) [ozone-manager-1.4.0-SNAPSHOT.jar:?]
	at org.apache.hadoop.ozone.protocol.proto.OzoneManagerProtocolProtos$OzoneManagerService$2.callBlockingMethod(OzoneManagerProtocolProtos.java) [ozone-interface-client-1.4.0-SNAPSHOT.jar:?]
	at org.apache.hadoop.ipc.ProtobufRpcEngine$Server.processCall(ProtobufRpcEngine.java:484) [hadoop-common-3.3.5.jar:?]
	at org.apache.hadoop.ipc.ProtobufRpcEngine2$Server$ProtoBufRpcInvoker.call(ProtobufRpcEngine2.java:595) [hadoop-common-3.3.5.jar:?]
	at org.apache.hadoop.ipc.ProtobufRpcEngine2$Server$ProtoBufRpcInvoker.call(ProtobufRpcEngine2.java:573) [hadoop-common-3.3.5.jar:?]
	at org.apache.hadoop.ipc.RPC$Server.call(RPC.java:1213) [hadoop-common-3.3.5.jar:?]
	at org.apache.hadoop.ipc.Server$RpcCall.run(Server.java:1089) [hadoop-common-3.3.5.jar:?]
	at org.apache.hadoop.ipc.Server$RpcCall.run(Server.java:1012) [hadoop-common-3.3.5.jar:?]
	at java.security.AccessController.doPrivileged(Native Method) ~[?:1.8.0_362]
	at javax.security.auth.Subject.doAs(Subject.java:422) [?:1.8.0_362]
	at org.apache.hadoop.security.UserGroupInformation.doAs(UserGroupInformation.java:1899) [hadoop-common-3.3.5.jar:?]
	at org.apache.hadoop.ipc.Server$Handler.run(Server.java:3026) [hadoop-common-3.3.5.jar:?]
]]></system-out>
  </testcase>
  <testcase name="testDeletedKeyForGDPR" classname="org.apache.hadoop.ozone.client.rpc.TestOzoneRpcClient" time="0.128">
    <system-out><![CDATA[2023-05-04 21:54:57,565 [Listener at 127.0.0.1/45425] INFO  rpc.RpcClient (RpcClient.java:createVolume(476)) - Creating Volume: 8de51be4-d81b-4c74-93ab-4e8c343df8d9, with runner as owner and space quota set to -1 bytes, counts quota set to -1
2023-05-04 21:54:57,567 [OM StateMachine ApplyTransaction Thread - 0] INFO  volume.OMVolumeCreateRequest (OMVolumeCreateRequest.java:validateAndUpdateCache(195)) - created volume:8de51be4-d81b-4c74-93ab-4e8c343df8d9 for user:runner
2023-05-04 21:54:57,570 [Listener at 127.0.0.1/45425] INFO  rpc.RpcClient (RpcClient.java:createBucket(697)) - Creating Bucket: 8de51be4-d81b-4c74-93ab-4e8c343df8d9/c01a22fb-5e17-4da6-940c-a1a6f6f9a4d6, with server-side default bucket layout, runner as owner, Versioning false, Storage Type set to DISK and Encryption set to false, Replication Type set to server-side default replication type, Namespace Quota set to -1, Space Quota set to -1 
2023-05-04 21:54:57,573 [OM StateMachine ApplyTransaction Thread - 0] INFO  bucket.OMBucketCreateRequest (OMBucketCreateRequest.java:validateAndUpdateCache(270)) - created bucket: c01a22fb-5e17-4da6-940c-a1a6f6f9a4d6 of layout FILE_SYSTEM_OPTIMIZED in volume: 8de51be4-d81b-4c74-93ab-4e8c343df8d9
2023-05-04 21:54:57,643 [IPC Server handler 14 on default port 35203] WARN  node.SCMNodeManager (SCMNodeManager.java:getNodesByAddress(1372)) - Cannot find node for address 127.0.0.1
2023-05-04 21:54:57,646 [IPC Server handler 6 on default port 35203] WARN  node.SCMNodeManager (SCMNodeManager.java:getNodesByAddress(1372)) - Cannot find node for address 127.0.0.1
]]></system-out>
  </testcase>
  <testcase name="testFSOBucketUsedBytes" classname="org.apache.hadoop.ozone.client.rpc.TestOzoneRpcClient" time="0.127">
    <system-out><![CDATA[2023-05-04 21:54:57,694 [Listener at 127.0.0.1/45425] INFO  rpc.RpcClient (RpcClient.java:createVolume(476)) - Creating Volume: 71228f70-e4ba-48ab-9300-56e9ad9f3de9, with runner as owner and space quota set to -1 bytes, counts quota set to -1
2023-05-04 21:54:57,698 [OM StateMachine ApplyTransaction Thread - 0] INFO  volume.OMVolumeCreateRequest (OMVolumeCreateRequest.java:validateAndUpdateCache(195)) - created volume:71228f70-e4ba-48ab-9300-56e9ad9f3de9 for user:runner
2023-05-04 21:54:57,700 [Listener at 127.0.0.1/45425] INFO  rpc.RpcClient (RpcClient.java:createBucket(697)) - Creating Bucket: 71228f70-e4ba-48ab-9300-56e9ad9f3de9/905f614a-ac5d-4c09-8fe9-6bf655582328, with bucket layout FILE_SYSTEM_OPTIMIZED, runner as owner, Versioning false, Storage Type set to DISK and Encryption set to false, Replication Type set to server-side default replication type, Namespace Quota set to -1, Space Quota set to -1 
2023-05-04 21:54:57,703 [OM StateMachine ApplyTransaction Thread - 0] INFO  bucket.OMBucketCreateRequest (OMBucketCreateRequest.java:validateAndUpdateCache(270)) - created bucket: 905f614a-ac5d-4c09-8fe9-6bf655582328 of layout FILE_SYSTEM_OPTIMIZED in volume: 71228f70-e4ba-48ab-9300-56e9ad9f3de9
2023-05-04 21:54:57,810 [OM StateMachine ApplyTransaction Thread - 0] INFO  key.OMKeyRequest (OMKeyRequest.java:wrapUncommittedBlocksAsPseudoKey(831)) - Detect allocated but uncommitted blocks [{blockID={containerID=1, localID=111677748019200124}, length=4194304, offset=0, token=null, pipeline=null, createVersion=0, partNumber=0}] in key f6eda687-5394-42d5-ad67-1b0775bbb067.
]]></system-out>
  </testcase>
  <testcase name="testGetKeyDetails" classname="org.apache.hadoop.ozone.client.rpc.TestOzoneRpcClient" time="0.133">
    <system-out><![CDATA[2023-05-04 21:54:57,822 [Listener at 127.0.0.1/45425] INFO  rpc.RpcClient (RpcClient.java:createVolume(476)) - Creating Volume: 31c48235-0a77-44b7-b50e-4e17e4fcffff, with runner as owner and space quota set to -1 bytes, counts quota set to -1
2023-05-04 21:54:57,825 [OM StateMachine ApplyTransaction Thread - 0] INFO  volume.OMVolumeCreateRequest (OMVolumeCreateRequest.java:validateAndUpdateCache(195)) - created volume:31c48235-0a77-44b7-b50e-4e17e4fcffff for user:runner
2023-05-04 21:54:57,827 [Listener at 127.0.0.1/45425] INFO  rpc.RpcClient (RpcClient.java:createBucket(697)) - Creating Bucket: 31c48235-0a77-44b7-b50e-4e17e4fcffff/c28c090a-3281-49c0-8e69-1197ed7c4be7, with server-side default bucket layout, runner as owner, Versioning false, Storage Type set to DISK and Encryption set to false, Replication Type set to server-side default replication type, Namespace Quota set to -1, Space Quota set to -1 
2023-05-04 21:54:57,829 [OM StateMachine ApplyTransaction Thread - 0] INFO  bucket.OMBucketCreateRequest (OMBucketCreateRequest.java:validateAndUpdateCache(270)) - created bucket: c28c090a-3281-49c0-8e69-1197ed7c4be7 of layout FILE_SYSTEM_OPTIMIZED in volume: 31c48235-0a77-44b7-b50e-4e17e4fcffff
2023-05-04 21:54:57,920 [IPC Server handler 8 on default port 35203] WARN  node.SCMNodeManager (SCMNodeManager.java:getNodesByAddress(1372)) - Cannot find node for address 127.0.0.1
]]></system-out>
  </testcase>
  <testcase name="testHeadObject" classname="org.apache.hadoop.ozone.client.rpc.TestOzoneRpcClient" time="0.067">
    <system-out><![CDATA[2023-05-04 21:54:57,956 [Listener at 127.0.0.1/45425] INFO  rpc.RpcClient (RpcClient.java:createVolume(476)) - Creating Volume: 1a8b7ff3-7ed7-4dc5-b55c-131039589cd2, with runner as owner and space quota set to -1 bytes, counts quota set to -1
2023-05-04 21:54:57,960 [OM StateMachine ApplyTransaction Thread - 0] INFO  volume.OMVolumeCreateRequest (OMVolumeCreateRequest.java:validateAndUpdateCache(195)) - created volume:1a8b7ff3-7ed7-4dc5-b55c-131039589cd2 for user:runner
2023-05-04 21:54:57,962 [Listener at 127.0.0.1/45425] INFO  rpc.RpcClient (RpcClient.java:createBucket(697)) - Creating Bucket: 1a8b7ff3-7ed7-4dc5-b55c-131039589cd2/ec8ee2c0-184c-4568-bca1-eaba654214f7, with server-side default bucket layout, runner as owner, Versioning false, Storage Type set to DISK and Encryption set to false, Replication Type set to server-side default replication type, Namespace Quota set to -1, Space Quota set to -1 
2023-05-04 21:54:57,964 [OM StateMachine ApplyTransaction Thread - 0] INFO  bucket.OMBucketCreateRequest (OMBucketCreateRequest.java:validateAndUpdateCache(270)) - created bucket: ec8ee2c0-184c-4568-bca1-eaba654214f7 of layout FILE_SYSTEM_OPTIMIZED in volume: 1a8b7ff3-7ed7-4dc5-b55c-131039589cd2
21:54:58.022 [IPC Server handler 4 on default port 45425] ERROR OMAudit - user=runner | ip=127.0.0.1 | op=READ_KEY {volume=1a8b7ff3-7ed7-4dc5-b55c-131039589cd2, bucket=ec8ee2c0-184c-4568-bca1-eaba654214f7, key=a3033096-fa91-4171-9283-6aed1925b01c, dataSize=0, replicationConfig=null} | ret=FAILURE
org.apache.hadoop.ozone.om.exceptions.OMException: Key:a3033096-fa91-4171-9283-6aed1925b01c not found
	at org.apache.hadoop.ozone.om.KeyManagerImpl.readKeyInfo(KeyManagerImpl.java:433) ~[ozone-manager-1.4.0-SNAPSHOT.jar:?]
	at org.apache.hadoop.ozone.om.KeyManagerImpl.lambda$9(KeyManagerImpl.java:1922) ~[ozone-manager-1.4.0-SNAPSHOT.jar:?]
	at org.apache.hadoop.util.MetricUtil.captureLatencyNs(MetricUtil.java:37) ~[hdds-common-1.4.0-SNAPSHOT.jar:?]
	at org.apache.hadoop.ozone.om.KeyManagerImpl.getKeyInfo(KeyManagerImpl.java:1920) ~[ozone-manager-1.4.0-SNAPSHOT.jar:?]
	at org.apache.hadoop.ozone.om.OmMetadataReader.getKeyInfo(OmMetadataReader.java:212) ~[ozone-manager-1.4.0-SNAPSHOT.jar:?]
	at org.apache.hadoop.ozone.om.OzoneManager.getKeyInfo(OzoneManager.java:2809) ~[ozone-manager-1.4.0-SNAPSHOT.jar:?]
	at org.apache.hadoop.ozone.protocolPB.OzoneManagerRequestHandler.getKeyInfo(OzoneManagerRequestHandler.java:549) ~[ozone-manager-1.4.0-SNAPSHOT.jar:?]
	at org.apache.hadoop.ozone.protocolPB.OzoneManagerRequestHandler.handleReadRequest(OzoneManagerRequestHandler.java:292) ~[ozone-manager-1.4.0-SNAPSHOT.jar:?]
	at org.apache.hadoop.ozone.protocolPB.OzoneManagerProtocolServerSideTranslatorPB.submitReadRequestToOM(OzoneManagerProtocolServerSideTranslatorPB.java:223) ~[ozone-manager-1.4.0-SNAPSHOT.jar:?]
	at org.apache.hadoop.ozone.protocolPB.OzoneManagerProtocolServerSideTranslatorPB.processRequest(OzoneManagerProtocolServerSideTranslatorPB.java:177) ~[ozone-manager-1.4.0-SNAPSHOT.jar:?]
	at org.apache.hadoop.hdds.server.OzoneProtocolMessageDispatcher.processRequest(OzoneProtocolMessageDispatcher.java:87) [hdds-server-framework-1.4.0-SNAPSHOT.jar:?]
	at org.apache.hadoop.ozone.protocolPB.OzoneManagerProtocolServerSideTranslatorPB.submitRequest(OzoneManagerProtocolServerSideTranslatorPB.java:147) [ozone-manager-1.4.0-SNAPSHOT.jar:?]
	at org.apache.hadoop.ozone.protocol.proto.OzoneManagerProtocolProtos$OzoneManagerService$2.callBlockingMethod(OzoneManagerProtocolProtos.java) [ozone-interface-client-1.4.0-SNAPSHOT.jar:?]
	at org.apache.hadoop.ipc.ProtobufRpcEngine$Server.processCall(ProtobufRpcEngine.java:484) [hadoop-common-3.3.5.jar:?]
	at org.apache.hadoop.ipc.ProtobufRpcEngine2$Server$ProtoBufRpcInvoker.call(ProtobufRpcEngine2.java:595) [hadoop-common-3.3.5.jar:?]
	at org.apache.hadoop.ipc.ProtobufRpcEngine2$Server$ProtoBufRpcInvoker.call(ProtobufRpcEngine2.java:573) [hadoop-common-3.3.5.jar:?]
	at org.apache.hadoop.ipc.RPC$Server.call(RPC.java:1213) [hadoop-common-3.3.5.jar:?]
	at org.apache.hadoop.ipc.Server$RpcCall.run(Server.java:1089) [hadoop-common-3.3.5.jar:?]
	at org.apache.hadoop.ipc.Server$RpcCall.run(Server.java:1012) [hadoop-common-3.3.5.jar:?]
	at java.security.AccessController.doPrivileged(Native Method) ~[?:1.8.0_362]
	at javax.security.auth.Subject.doAs(Subject.java:422) [?:1.8.0_362]
	at org.apache.hadoop.security.UserGroupInformation.doAs(UserGroupInformation.java:1899) [hadoop-common-3.3.5.jar:?]
	at org.apache.hadoop.ipc.Server$Handler.run(Server.java:3026) [hadoop-common-3.3.5.jar:?]
]]></system-out>
  </testcase>
  <testcase name="testInitiateMultipartUpload(ReplicationConfig)[1]" classname="org.apache.hadoop.ozone.client.rpc.TestOzoneRpcClient" time="0.018">
    <system-out><![CDATA[2023-05-04 21:54:58,025 [Listener at 127.0.0.1/45425] INFO  rpc.RpcClient (RpcClient.java:createVolume(476)) - Creating Volume: 20a1a853-2620-4e0a-a865-bf195feaca6a, with runner as owner and space quota set to -1 bytes, counts quota set to -1
2023-05-04 21:54:58,028 [OM StateMachine ApplyTransaction Thread - 0] INFO  volume.OMVolumeCreateRequest (OMVolumeCreateRequest.java:validateAndUpdateCache(195)) - created volume:20a1a853-2620-4e0a-a865-bf195feaca6a for user:runner
2023-05-04 21:54:58,031 [Listener at 127.0.0.1/45425] INFO  rpc.RpcClient (RpcClient.java:createBucket(697)) - Creating Bucket: 20a1a853-2620-4e0a-a865-bf195feaca6a/5ddc52f3-a59e-411d-98ae-3cf7bd07400a, with server-side default bucket layout, runner as owner, Versioning false, Storage Type set to DISK and Encryption set to false, Replication Type set to server-side default replication type, Namespace Quota set to -1, Space Quota set to -1 
2023-05-04 21:54:58,033 [OM StateMachine ApplyTransaction Thread - 0] INFO  bucket.OMBucketCreateRequest (OMBucketCreateRequest.java:validateAndUpdateCache(270)) - created bucket: 5ddc52f3-a59e-411d-98ae-3cf7bd07400a of layout FILE_SYSTEM_OPTIMIZED in volume: 20a1a853-2620-4e0a-a865-bf195feaca6a
]]></system-out>
  </testcase>
  <testcase name="testInitiateMultipartUpload(ReplicationConfig)[2]" classname="org.apache.hadoop.ozone.client.rpc.TestOzoneRpcClient" time="0.019">
    <system-out><![CDATA[2023-05-04 21:54:58,044 [Listener at 127.0.0.1/45425] INFO  rpc.RpcClient (RpcClient.java:createVolume(476)) - Creating Volume: 912c2ae8-b4f2-456c-8e7f-ad6cc45ad7c1, with runner as owner and space quota set to -1 bytes, counts quota set to -1
2023-05-04 21:54:58,049 [OM StateMachine ApplyTransaction Thread - 0] INFO  volume.OMVolumeCreateRequest (OMVolumeCreateRequest.java:validateAndUpdateCache(195)) - created volume:912c2ae8-b4f2-456c-8e7f-ad6cc45ad7c1 for user:runner
2023-05-04 21:54:58,051 [Listener at 127.0.0.1/45425] INFO  rpc.RpcClient (RpcClient.java:createBucket(697)) - Creating Bucket: 912c2ae8-b4f2-456c-8e7f-ad6cc45ad7c1/9f51dbb4-0ce1-4851-9739-5480e41abd45, with server-side default bucket layout, runner as owner, Versioning false, Storage Type set to DISK and Encryption set to false, Replication Type set to server-side default replication type, Namespace Quota set to -1, Space Quota set to -1 
2023-05-04 21:54:58,053 [OM StateMachine ApplyTransaction Thread - 0] INFO  bucket.OMBucketCreateRequest (OMBucketCreateRequest.java:validateAndUpdateCache(270)) - created bucket: 9f51dbb4-0ce1-4851-9739-5480e41abd45 of layout FILE_SYSTEM_OPTIMIZED in volume: 912c2ae8-b4f2-456c-8e7f-ad6cc45ad7c1
]]></system-out>
  </testcase>
  <testcase name="testInitiateMultipartUpload(ReplicationConfig)[3]" classname="org.apache.hadoop.ozone.client.rpc.TestOzoneRpcClient" time="0.017">
    <system-out><![CDATA[2023-05-04 21:54:58,064 [Listener at 127.0.0.1/45425] INFO  rpc.RpcClient (RpcClient.java:createVolume(476)) - Creating Volume: 98fa0009-fb35-4797-b0b0-ba09ef1a2b6e, with runner as owner and space quota set to -1 bytes, counts quota set to -1
2023-05-04 21:54:58,066 [OM StateMachine ApplyTransaction Thread - 0] INFO  volume.OMVolumeCreateRequest (OMVolumeCreateRequest.java:validateAndUpdateCache(195)) - created volume:98fa0009-fb35-4797-b0b0-ba09ef1a2b6e for user:runner
2023-05-04 21:54:58,069 [Listener at 127.0.0.1/45425] INFO  rpc.RpcClient (RpcClient.java:createBucket(697)) - Creating Bucket: 98fa0009-fb35-4797-b0b0-ba09ef1a2b6e/e2e3d172-3275-4424-862d-13844bc8dd4d, with server-side default bucket layout, runner as owner, Versioning false, Storage Type set to DISK and Encryption set to false, Replication Type set to server-side default replication type, Namespace Quota set to -1, Space Quota set to -1 
2023-05-04 21:54:58,071 [OM StateMachine ApplyTransaction Thread - 0] INFO  bucket.OMBucketCreateRequest (OMBucketCreateRequest.java:validateAndUpdateCache(270)) - created bucket: e2e3d172-3275-4424-862d-13844bc8dd4d of layout FILE_SYSTEM_OPTIMIZED in volume: 98fa0009-fb35-4797-b0b0-ba09ef1a2b6e
]]></system-out>
  </testcase>
  <testcase name="testInitiateMultipartUploadWithDefaultReplication" classname="org.apache.hadoop.ozone.client.rpc.TestOzoneRpcClient" time="0.014">
    <system-out><![CDATA[2023-05-04 21:54:58,081 [Listener at 127.0.0.1/45425] INFO  rpc.RpcClient (RpcClient.java:createVolume(476)) - Creating Volume: 2c0eac61-93d2-47d4-91e4-d350c614fff9, with runner as owner and space quota set to -1 bytes, counts quota set to -1
2023-05-04 21:54:58,083 [OM StateMachine ApplyTransaction Thread - 0] INFO  volume.OMVolumeCreateRequest (OMVolumeCreateRequest.java:validateAndUpdateCache(195)) - created volume:2c0eac61-93d2-47d4-91e4-d350c614fff9 for user:runner
2023-05-04 21:54:58,085 [Listener at 127.0.0.1/45425] INFO  rpc.RpcClient (RpcClient.java:createBucket(697)) - Creating Bucket: 2c0eac61-93d2-47d4-91e4-d350c614fff9/0bcebd54-97f1-4604-8766-5149b95d191c, with server-side default bucket layout, runner as owner, Versioning false, Storage Type set to DISK and Encryption set to false, Replication Type set to server-side default replication type, Namespace Quota set to -1, Space Quota set to -1 
2023-05-04 21:54:58,087 [OM StateMachine ApplyTransaction Thread - 0] INFO  bucket.OMBucketCreateRequest (OMBucketCreateRequest.java:validateAndUpdateCache(270)) - created bucket: 0bcebd54-97f1-4604-8766-5149b95d191c of layout FILE_SYSTEM_OPTIMIZED in volume: 2c0eac61-93d2-47d4-91e4-d350c614fff9
]]></system-out>
  </testcase>
  <testcase name="testInvalidBucketCreation" classname="org.apache.hadoop.ozone.client.rpc.TestOzoneRpcClient" time="0.011">
    <system-out><![CDATA[2023-05-04 21:54:58,096 [Listener at 127.0.0.1/45425] INFO  rpc.RpcClient (RpcClient.java:createVolume(476)) - Creating Volume: f30fa573-4255-4c6c-9b09-69ee3b33e624, with runner as owner and space quota set to -1 bytes, counts quota set to -1
2023-05-04 21:54:58,098 [OM StateMachine ApplyTransaction Thread - 0] INFO  volume.OMVolumeCreateRequest (OMVolumeCreateRequest.java:validateAndUpdateCache(195)) - created volume:f30fa573-4255-4c6c-9b09-69ee3b33e624 for user:runner
2023-05-04 21:54:58,105 [Listener at 127.0.0.1/45425] INFO  rpc.RpcClient (RpcClient.java:createBucket(697)) - Creating Bucket: f30fa573-4255-4c6c-9b09-69ee3b33e624/invalid#bucket, with server-side default bucket layout, runner as owner, Versioning false, Storage Type set to DISK and Encryption set to false, Replication Type set to server-side default replication type, Namespace Quota set to -1, Space Quota set to -1 
]]></system-out>
  </testcase>
  <testcase name="testKeyReadWriteForGDPR" classname="org.apache.hadoop.ozone.client.rpc.TestOzoneRpcClient" time="0.092">
    <system-out><![CDATA[2023-05-04 21:54:58,108 [Listener at 127.0.0.1/45425] INFO  rpc.RpcClient (RpcClient.java:createVolume(476)) - Creating Volume: 70f73a2d-ad61-47dc-83b1-cb5d4cfdbb52, with runner as owner and space quota set to -1 bytes, counts quota set to -1
2023-05-04 21:54:58,111 [OM StateMachine ApplyTransaction Thread - 0] INFO  volume.OMVolumeCreateRequest (OMVolumeCreateRequest.java:validateAndUpdateCache(195)) - created volume:70f73a2d-ad61-47dc-83b1-cb5d4cfdbb52 for user:runner
2023-05-04 21:54:58,115 [Listener at 127.0.0.1/45425] INFO  rpc.RpcClient (RpcClient.java:createBucket(697)) - Creating Bucket: 70f73a2d-ad61-47dc-83b1-cb5d4cfdbb52/ce8d2296-31ba-4fee-af47-9782d9d621ac, with bucket layout OBJECT_STORE, runner as owner, Versioning false, Storage Type set to DISK and Encryption set to false, Replication Type set to server-side default replication type, Namespace Quota set to -1, Space Quota set to -1 
2023-05-04 21:54:58,118 [OM StateMachine ApplyTransaction Thread - 0] INFO  bucket.OMBucketCreateRequest (OMBucketCreateRequest.java:validateAndUpdateCache(270)) - created bucket: ce8d2296-31ba-4fee-af47-9782d9d621ac of layout OBJECT_STORE in volume: 70f73a2d-ad61-47dc-83b1-cb5d4cfdbb52
2023-05-04 21:54:58,159 [IPC Server handler 15 on default port 35203] WARN  node.SCMNodeManager (SCMNodeManager.java:getNodesByAddress(1372)) - Cannot find node for address 127.0.0.1
2023-05-04 21:54:58,162 [IPC Server handler 12 on default port 35203] WARN  node.SCMNodeManager (SCMNodeManager.java:getNodesByAddress(1372)) - Cannot find node for address 127.0.0.1
2023-05-04 21:54:58,185 [IPC Server handler 9 on default port 35203] WARN  node.SCMNodeManager (SCMNodeManager.java:getNodesByAddress(1372)) - Cannot find node for address 127.0.0.1
2023-05-04 21:54:58,188 [IPC Server handler 19 on default port 35203] WARN  node.SCMNodeManager (SCMNodeManager.java:getNodesByAddress(1372)) - Cannot find node for address 127.0.0.1
]]></system-out>
  </testcase>
  <testcase name="testKeysRename" classname="org.apache.hadoop.ozone.client.rpc.TestOzoneRpcClient" time="0.184">
    <system-out><![CDATA[2023-05-04 21:54:58,201 [Listener at 127.0.0.1/45425] INFO  rpc.RpcClient (RpcClient.java:createVolume(476)) - Creating Volume: 45637b45-4847-495c-b3ed-6a330b4f9edf, with runner as owner and space quota set to -1 bytes, counts quota set to -1
2023-05-04 21:54:58,204 [OM StateMachine ApplyTransaction Thread - 0] INFO  volume.OMVolumeCreateRequest (OMVolumeCreateRequest.java:validateAndUpdateCache(195)) - created volume:45637b45-4847-495c-b3ed-6a330b4f9edf for user:runner
2023-05-04 21:54:58,207 [Listener at 127.0.0.1/45425] INFO  rpc.RpcClient (RpcClient.java:createBucket(697)) - Creating Bucket: 45637b45-4847-495c-b3ed-6a330b4f9edf/24248711-2cd6-4665-a452-6f12d3f76d15, with bucket layout OBJECT_STORE, runner as owner, Versioning false, Storage Type set to DISK and Encryption set to false, Replication Type set to server-side default replication type, Namespace Quota set to -1, Space Quota set to -1 
2023-05-04 21:54:58,210 [OM StateMachine ApplyTransaction Thread - 0] INFO  bucket.OMBucketCreateRequest (OMBucketCreateRequest.java:validateAndUpdateCache(270)) - created bucket: 24248711-2cd6-4665-a452-6f12d3f76d15 of layout OBJECT_STORE in volume: 45637b45-4847-495c-b3ed-6a330b4f9edf
2023-05-04 21:54:58,281 [IPC Server handler 13 on default port 35203] WARN  node.SCMNodeManager (SCMNodeManager.java:getNodesByAddress(1372)) - Cannot find node for address 127.0.0.1
2023-05-04 21:54:58,356 [IPC Server handler 18 on default port 35203] WARN  node.SCMNodeManager (SCMNodeManager.java:getNodesByAddress(1372)) - Cannot find node for address 127.0.0.1
2023-05-04 21:54:58,378 [IPC Server handler 3 on default port 35203] WARN  node.SCMNodeManager (SCMNodeManager.java:getNodesByAddress(1372)) - Cannot find node for address 127.0.0.1
2023-05-04 21:54:58,381 [IPC Server handler 16 on default port 35203] WARN  node.SCMNodeManager (SCMNodeManager.java:getNodesByAddress(1372)) - Cannot find node for address 127.0.0.1
21:54:58.383 [IPC Server handler 11 on default port 45425] ERROR OMAudit - user=runner | ip=127.0.0.1 | op=READ_KEY {volume=45637b45-4847-495c-b3ed-6a330b4f9edf, bucket=24248711-2cd6-4665-a452-6f12d3f76d15, key=dir/file1, dataSize=0, replicationConfig=null} | ret=FAILURE
org.apache.hadoop.ozone.om.exceptions.OMException: Key:dir/file1 not found
	at org.apache.hadoop.ozone.om.KeyManagerImpl.readKeyInfo(KeyManagerImpl.java:433) ~[ozone-manager-1.4.0-SNAPSHOT.jar:?]
	at org.apache.hadoop.ozone.om.KeyManagerImpl.lambda$9(KeyManagerImpl.java:1922) ~[ozone-manager-1.4.0-SNAPSHOT.jar:?]
	at org.apache.hadoop.util.MetricUtil.captureLatencyNs(MetricUtil.java:37) ~[hdds-common-1.4.0-SNAPSHOT.jar:?]
	at org.apache.hadoop.ozone.om.KeyManagerImpl.getKeyInfo(KeyManagerImpl.java:1920) ~[ozone-manager-1.4.0-SNAPSHOT.jar:?]
	at org.apache.hadoop.ozone.om.OmMetadataReader.getKeyInfo(OmMetadataReader.java:212) ~[ozone-manager-1.4.0-SNAPSHOT.jar:?]
	at org.apache.hadoop.ozone.om.OzoneManager.getKeyInfo(OzoneManager.java:2809) ~[ozone-manager-1.4.0-SNAPSHOT.jar:?]
	at org.apache.hadoop.ozone.protocolPB.OzoneManagerRequestHandler.getKeyInfo(OzoneManagerRequestHandler.java:549) ~[ozone-manager-1.4.0-SNAPSHOT.jar:?]
	at org.apache.hadoop.ozone.protocolPB.OzoneManagerRequestHandler.handleReadRequest(OzoneManagerRequestHandler.java:292) ~[ozone-manager-1.4.0-SNAPSHOT.jar:?]
	at org.apache.hadoop.ozone.protocolPB.OzoneManagerProtocolServerSideTranslatorPB.submitReadRequestToOM(OzoneManagerProtocolServerSideTranslatorPB.java:223) ~[ozone-manager-1.4.0-SNAPSHOT.jar:?]
	at org.apache.hadoop.ozone.protocolPB.OzoneManagerProtocolServerSideTranslatorPB.processRequest(OzoneManagerProtocolServerSideTranslatorPB.java:177) ~[ozone-manager-1.4.0-SNAPSHOT.jar:?]
	at org.apache.hadoop.hdds.server.OzoneProtocolMessageDispatcher.processRequest(OzoneProtocolMessageDispatcher.java:87) [hdds-server-framework-1.4.0-SNAPSHOT.jar:?]
	at org.apache.hadoop.ozone.protocolPB.OzoneManagerProtocolServerSideTranslatorPB.submitRequest(OzoneManagerProtocolServerSideTranslatorPB.java:147) [ozone-manager-1.4.0-SNAPSHOT.jar:?]
	at org.apache.hadoop.ozone.protocol.proto.OzoneManagerProtocolProtos$OzoneManagerService$2.callBlockingMethod(OzoneManagerProtocolProtos.java) [ozone-interface-client-1.4.0-SNAPSHOT.jar:?]
	at org.apache.hadoop.ipc.ProtobufRpcEngine$Server.processCall(ProtobufRpcEngine.java:484) [hadoop-common-3.3.5.jar:?]
	at org.apache.hadoop.ipc.ProtobufRpcEngine2$Server$ProtoBufRpcInvoker.call(ProtobufRpcEngine2.java:595) [hadoop-common-3.3.5.jar:?]
	at org.apache.hadoop.ipc.ProtobufRpcEngine2$Server$ProtoBufRpcInvoker.call(ProtobufRpcEngine2.java:573) [hadoop-common-3.3.5.jar:?]
	at org.apache.hadoop.ipc.RPC$Server.call(RPC.java:1213) [hadoop-common-3.3.5.jar:?]
	at org.apache.hadoop.ipc.Server$RpcCall.run(Server.java:1089) [hadoop-common-3.3.5.jar:?]
	at org.apache.hadoop.ipc.Server$RpcCall.run(Server.java:1012) [hadoop-common-3.3.5.jar:?]
	at java.security.AccessController.doPrivileged(Native Method) ~[?:1.8.0_362]
	at javax.security.auth.Subject.doAs(Subject.java:422) [?:1.8.0_362]
	at org.apache.hadoop.security.UserGroupInformation.doAs(UserGroupInformation.java:1899) [hadoop-common-3.3.5.jar:?]
	at org.apache.hadoop.ipc.Server$Handler.run(Server.java:3026) [hadoop-common-3.3.5.jar:?]
21:54:58.384 [IPC Server handler 10 on default port 45425] ERROR OMAudit - user=runner | ip=127.0.0.1 | op=READ_KEY {volume=45637b45-4847-495c-b3ed-6a330b4f9edf, bucket=24248711-2cd6-4665-a452-6f12d3f76d15, key=dir/file2, dataSize=0, replicationConfig=null} | ret=FAILURE
org.apache.hadoop.ozone.om.exceptions.OMException: Key:dir/file2 not found
	at org.apache.hadoop.ozone.om.KeyManagerImpl.readKeyInfo(KeyManagerImpl.java:433) ~[ozone-manager-1.4.0-SNAPSHOT.jar:?]
	at org.apache.hadoop.ozone.om.KeyManagerImpl.lambda$9(KeyManagerImpl.java:1922) ~[ozone-manager-1.4.0-SNAPSHOT.jar:?]
	at org.apache.hadoop.util.MetricUtil.captureLatencyNs(MetricUtil.java:37) ~[hdds-common-1.4.0-SNAPSHOT.jar:?]
	at org.apache.hadoop.ozone.om.KeyManagerImpl.getKeyInfo(KeyManagerImpl.java:1920) ~[ozone-manager-1.4.0-SNAPSHOT.jar:?]
	at org.apache.hadoop.ozone.om.OmMetadataReader.getKeyInfo(OmMetadataReader.java:212) ~[ozone-manager-1.4.0-SNAPSHOT.jar:?]
	at org.apache.hadoop.ozone.om.OzoneManager.getKeyInfo(OzoneManager.java:2809) ~[ozone-manager-1.4.0-SNAPSHOT.jar:?]
	at org.apache.hadoop.ozone.protocolPB.OzoneManagerRequestHandler.getKeyInfo(OzoneManagerRequestHandler.java:549) ~[ozone-manager-1.4.0-SNAPSHOT.jar:?]
	at org.apache.hadoop.ozone.protocolPB.OzoneManagerRequestHandler.handleReadRequest(OzoneManagerRequestHandler.java:292) ~[ozone-manager-1.4.0-SNAPSHOT.jar:?]
	at org.apache.hadoop.ozone.protocolPB.OzoneManagerProtocolServerSideTranslatorPB.submitReadRequestToOM(OzoneManagerProtocolServerSideTranslatorPB.java:223) ~[ozone-manager-1.4.0-SNAPSHOT.jar:?]
	at org.apache.hadoop.ozone.protocolPB.OzoneManagerProtocolServerSideTranslatorPB.processRequest(OzoneManagerProtocolServerSideTranslatorPB.java:177) ~[ozone-manager-1.4.0-SNAPSHOT.jar:?]
	at org.apache.hadoop.hdds.server.OzoneProtocolMessageDispatcher.processRequest(OzoneProtocolMessageDispatcher.java:87) [hdds-server-framework-1.4.0-SNAPSHOT.jar:?]
	at org.apache.hadoop.ozone.protocolPB.OzoneManagerProtocolServerSideTranslatorPB.submitRequest(OzoneManagerProtocolServerSideTranslatorPB.java:147) [ozone-manager-1.4.0-SNAPSHOT.jar:?]
	at org.apache.hadoop.ozone.protocol.proto.OzoneManagerProtocolProtos$OzoneManagerService$2.callBlockingMethod(OzoneManagerProtocolProtos.java) [ozone-interface-client-1.4.0-SNAPSHOT.jar:?]
	at org.apache.hadoop.ipc.ProtobufRpcEngine$Server.processCall(ProtobufRpcEngine.java:484) [hadoop-common-3.3.5.jar:?]
	at org.apache.hadoop.ipc.ProtobufRpcEngine2$Server$ProtoBufRpcInvoker.call(ProtobufRpcEngine2.java:595) [hadoop-common-3.3.5.jar:?]
	at org.apache.hadoop.ipc.ProtobufRpcEngine2$Server$ProtoBufRpcInvoker.call(ProtobufRpcEngine2.java:573) [hadoop-common-3.3.5.jar:?]
	at org.apache.hadoop.ipc.RPC$Server.call(RPC.java:1213) [hadoop-common-3.3.5.jar:?]
	at org.apache.hadoop.ipc.Server$RpcCall.run(Server.java:1089) [hadoop-common-3.3.5.jar:?]
	at org.apache.hadoop.ipc.Server$RpcCall.run(Server.java:1012) [hadoop-common-3.3.5.jar:?]
	at java.security.AccessController.doPrivileged(Native Method) ~[?:1.8.0_362]
	at javax.security.auth.Subject.doAs(Subject.java:422) [?:1.8.0_362]
	at org.apache.hadoop.security.UserGroupInformation.doAs(UserGroupInformation.java:1899) [hadoop-common-3.3.5.jar:?]
	at org.apache.hadoop.ipc.Server$Handler.run(Server.java:3026) [hadoop-common-3.3.5.jar:?]
]]></system-out>
  </testcase>
  <testcase name="testKeysRenameFail" classname="org.apache.hadoop.ozone.client.rpc.TestOzoneRpcClient" time="0.048">
    <system-out><![CDATA[2023-05-04 21:54:58,388 [Listener at 127.0.0.1/45425] INFO  rpc.RpcClient (RpcClient.java:createVolume(476)) - Creating Volume: 1a9bb5f6-dc24-4a34-8c9d-4684d9ed055f, with runner as owner and space quota set to -1 bytes, counts quota set to -1
2023-05-04 21:54:58,391 [OM StateMachine ApplyTransaction Thread - 0] INFO  volume.OMVolumeCreateRequest (OMVolumeCreateRequest.java:validateAndUpdateCache(195)) - created volume:1a9bb5f6-dc24-4a34-8c9d-4684d9ed055f for user:runner
2023-05-04 21:54:58,393 [Listener at 127.0.0.1/45425] INFO  rpc.RpcClient (RpcClient.java:createBucket(697)) - Creating Bucket: 1a9bb5f6-dc24-4a34-8c9d-4684d9ed055f/65166694-e696-4b36-9278-b12a979403e1, with bucket layout OBJECT_STORE, runner as owner, Versioning false, Storage Type set to DISK and Encryption set to false, Replication Type set to server-side default replication type, Namespace Quota set to -1, Space Quota set to -1 
2023-05-04 21:54:58,396 [OM StateMachine ApplyTransaction Thread - 0] INFO  bucket.OMBucketCreateRequest (OMBucketCreateRequest.java:validateAndUpdateCache(270)) - created bucket: 65166694-e696-4b36-9278-b12a979403e1 of layout OBJECT_STORE in volume: 1a9bb5f6-dc24-4a34-8c9d-4684d9ed055f
2023-05-04 21:54:58,422 [IPC Server handler 14 on default port 35203] WARN  node.SCMNodeManager (SCMNodeManager.java:getNodesByAddress(1372)) - Cannot find node for address 127.0.0.1
2023-05-04 21:54:58,427 [OM StateMachine ApplyTransaction Thread - 0] ERROR key.OMKeysRenameRequest (OMKeysRenameRequest.java:validateAndUpdateCache(190)) - Received a request to rename a Key does not exist /1a9bb5f6-dc24-4a34-8c9d-4684d9ed055f/65166694-e696-4b36-9278-b12a979403e1/dir/file2
2023-05-04 21:54:58,431 [IPC Server handler 6 on default port 35203] WARN  node.SCMNodeManager (SCMNodeManager.java:getNodesByAddress(1372)) - Cannot find node for address 127.0.0.1
21:54:58.434 [IPC Server handler 8 on default port 45425] ERROR OMAudit - user=runner | ip=127.0.0.1 | op=READ_KEY {volume=1a9bb5f6-dc24-4a34-8c9d-4684d9ed055f, bucket=65166694-e696-4b36-9278-b12a979403e1, key=dir/file2, dataSize=0, replicationConfig=null} | ret=FAILURE
org.apache.hadoop.ozone.om.exceptions.OMException: Key:dir/file2 not found
	at org.apache.hadoop.ozone.om.KeyManagerImpl.readKeyInfo(KeyManagerImpl.java:433) ~[ozone-manager-1.4.0-SNAPSHOT.jar:?]
	at org.apache.hadoop.ozone.om.KeyManagerImpl.lambda$9(KeyManagerImpl.java:1922) ~[ozone-manager-1.4.0-SNAPSHOT.jar:?]
	at org.apache.hadoop.util.MetricUtil.captureLatencyNs(MetricUtil.java:37) ~[hdds-common-1.4.0-SNAPSHOT.jar:?]
	at org.apache.hadoop.ozone.om.KeyManagerImpl.getKeyInfo(KeyManagerImpl.java:1920) ~[ozone-manager-1.4.0-SNAPSHOT.jar:?]
	at org.apache.hadoop.ozone.om.OmMetadataReader.getKeyInfo(OmMetadataReader.java:212) ~[ozone-manager-1.4.0-SNAPSHOT.jar:?]
	at org.apache.hadoop.ozone.om.OzoneManager.getKeyInfo(OzoneManager.java:2809) ~[ozone-manager-1.4.0-SNAPSHOT.jar:?]
	at org.apache.hadoop.ozone.protocolPB.OzoneManagerRequestHandler.getKeyInfo(OzoneManagerRequestHandler.java:549) ~[ozone-manager-1.4.0-SNAPSHOT.jar:?]
	at org.apache.hadoop.ozone.protocolPB.OzoneManagerRequestHandler.handleReadRequest(OzoneManagerRequestHandler.java:292) ~[ozone-manager-1.4.0-SNAPSHOT.jar:?]
	at org.apache.hadoop.ozone.protocolPB.OzoneManagerProtocolServerSideTranslatorPB.submitReadRequestToOM(OzoneManagerProtocolServerSideTranslatorPB.java:223) ~[ozone-manager-1.4.0-SNAPSHOT.jar:?]
	at org.apache.hadoop.ozone.protocolPB.OzoneManagerProtocolServerSideTranslatorPB.processRequest(OzoneManagerProtocolServerSideTranslatorPB.java:177) ~[ozone-manager-1.4.0-SNAPSHOT.jar:?]
	at org.apache.hadoop.hdds.server.OzoneProtocolMessageDispatcher.processRequest(OzoneProtocolMessageDispatcher.java:87) [hdds-server-framework-1.4.0-SNAPSHOT.jar:?]
	at org.apache.hadoop.ozone.protocolPB.OzoneManagerProtocolServerSideTranslatorPB.submitRequest(OzoneManagerProtocolServerSideTranslatorPB.java:147) [ozone-manager-1.4.0-SNAPSHOT.jar:?]
	at org.apache.hadoop.ozone.protocol.proto.OzoneManagerProtocolProtos$OzoneManagerService$2.callBlockingMethod(OzoneManagerProtocolProtos.java) [ozone-interface-client-1.4.0-SNAPSHOT.jar:?]
	at org.apache.hadoop.ipc.ProtobufRpcEngine$Server.processCall(ProtobufRpcEngine.java:484) [hadoop-common-3.3.5.jar:?]
	at org.apache.hadoop.ipc.ProtobufRpcEngine2$Server$ProtoBufRpcInvoker.call(ProtobufRpcEngine2.java:595) [hadoop-common-3.3.5.jar:?]
	at org.apache.hadoop.ipc.ProtobufRpcEngine2$Server$ProtoBufRpcInvoker.call(ProtobufRpcEngine2.java:573) [hadoop-common-3.3.5.jar:?]
	at org.apache.hadoop.ipc.RPC$Server.call(RPC.java:1213) [hadoop-common-3.3.5.jar:?]
	at org.apache.hadoop.ipc.Server$RpcCall.run(Server.java:1089) [hadoop-common-3.3.5.jar:?]
	at org.apache.hadoop.ipc.Server$RpcCall.run(Server.java:1012) [hadoop-common-3.3.5.jar:?]
	at java.security.AccessController.doPrivileged(Native Method) ~[?:1.8.0_362]
	at javax.security.auth.Subject.doAs(Subject.java:422) [?:1.8.0_362]
	at org.apache.hadoop.security.UserGroupInformation.doAs(UserGroupInformation.java:1899) [hadoop-common-3.3.5.jar:?]
	at org.apache.hadoop.ipc.Server$Handler.run(Server.java:3026) [hadoop-common-3.3.5.jar:?]
]]></system-out>
  </testcase>
  <testcase name="testListBucket" classname="org.apache.hadoop.ozone.client.rpc.TestOzoneRpcClient" time="0.13">
    <system-out><![CDATA[2023-05-04 21:54:58,436 [Listener at 127.0.0.1/45425] INFO  rpc.RpcClient (RpcClient.java:createVolume(476)) - Creating Volume: vol-a-92149, with runner as owner and space quota set to -1 bytes, counts quota set to -1
2023-05-04 21:54:58,438 [OM StateMachine ApplyTransaction Thread - 0] INFO  volume.OMVolumeCreateRequest (OMVolumeCreateRequest.java:validateAndUpdateCache(195)) - created volume:vol-a-92149 for user:runner
2023-05-04 21:54:58,439 [Listener at 127.0.0.1/45425] INFO  rpc.RpcClient (RpcClient.java:createVolume(476)) - Creating Volume: vol-b-90341, with runner as owner and space quota set to -1 bytes, counts quota set to -1
2023-05-04 21:54:58,441 [OM StateMachine ApplyTransaction Thread - 0] INFO  volume.OMVolumeCreateRequest (OMVolumeCreateRequest.java:validateAndUpdateCache(195)) - created volume:vol-b-90341 for user:runner
2023-05-04 21:54:58,443 [Listener at 127.0.0.1/45425] INFO  rpc.RpcClient (RpcClient.java:createBucket(697)) - Creating Bucket: vol-a-92149/bucket-a-0-93047, with server-side default bucket layout, runner as owner, Versioning false, Storage Type set to DISK and Encryption set to false, Replication Type set to server-side default replication type, Namespace Quota set to -1, Space Quota set to -1 
2023-05-04 21:54:58,445 [OM StateMachine ApplyTransaction Thread - 0] INFO  bucket.OMBucketCreateRequest (OMBucketCreateRequest.java:validateAndUpdateCache(270)) - created bucket: bucket-a-0-93047 of layout FILE_SYSTEM_OPTIMIZED in volume: vol-a-92149
2023-05-04 21:54:58,446 [Listener at 127.0.0.1/45425] INFO  rpc.RpcClient (RpcClient.java:createBucket(697)) - Creating Bucket: vol-b-90341/bucket-a-0-51724, with server-side default bucket layout, runner as owner, Versioning false, Storage Type set to DISK and Encryption set to false, Replication Type set to server-side default replication type, Namespace Quota set to -1, Space Quota set to -1 
2023-05-04 21:54:58,448 [OM StateMachine ApplyTransaction Thread - 0] INFO  bucket.OMBucketCreateRequest (OMBucketCreateRequest.java:validateAndUpdateCache(270)) - created bucket: bucket-a-0-51724 of layout FILE_SYSTEM_OPTIMIZED in volume: vol-b-90341
2023-05-04 21:54:58,448 [Listener at 127.0.0.1/45425] INFO  rpc.RpcClient (RpcClient.java:createBucket(697)) - Creating Bucket: vol-a-92149/bucket-a-1-71844, with server-side default bucket layout, runner as owner, Versioning false, Storage Type set to DISK and Encryption set to false, Replication Type set to server-side default replication type, Namespace Quota set to -1, Space Quota set to -1 
2023-05-04 21:54:58,450 [OM StateMachine ApplyTransaction Thread - 0] INFO  bucket.OMBucketCreateRequest (OMBucketCreateRequest.java:validateAndUpdateCache(270)) - created bucket: bucket-a-1-71844 of layout FILE_SYSTEM_OPTIMIZED in volume: vol-a-92149
2023-05-04 21:54:58,451 [Listener at 127.0.0.1/45425] INFO  rpc.RpcClient (RpcClient.java:createBucket(697)) - Creating Bucket: vol-b-90341/bucket-a-1-40774, with server-side default bucket layout, runner as owner, Versioning false, Storage Type set to DISK and Encryption set to false, Replication Type set to server-side default replication type, Namespace Quota set to -1, Space Quota set to -1 
2023-05-04 21:54:58,453 [OM StateMachine ApplyTransaction Thread - 0] INFO  bucket.OMBucketCreateRequest (OMBucketCreateRequest.java:validateAndUpdateCache(270)) - created bucket: bucket-a-1-40774 of layout FILE_SYSTEM_OPTIMIZED in volume: vol-b-90341
2023-05-04 21:54:58,453 [Listener at 127.0.0.1/45425] INFO  rpc.RpcClient (RpcClient.java:createBucket(697)) - Creating Bucket: vol-a-92149/bucket-a-2-90587, with server-side default bucket layout, runner as owner, Versioning false, Storage Type set to DISK and Encryption set to false, Replication Type set to server-side default replication type, Namespace Quota set to -1, Space Quota set to -1 
2023-05-04 21:54:58,455 [OM StateMachine ApplyTransaction Thread - 0] INFO  bucket.OMBucketCreateRequest (OMBucketCreateRequest.java:validateAndUpdateCache(270)) - created bucket: bucket-a-2-90587 of layout FILE_SYSTEM_OPTIMIZED in volume: vol-a-92149
2023-05-04 21:54:58,456 [Listener at 127.0.0.1/45425] INFO  rpc.RpcClient (RpcClient.java:createBucket(697)) - Creating Bucket: vol-b-90341/bucket-a-2-07392, with server-side default bucket layout, runner as owner, Versioning false, Storage Type set to DISK and Encryption set to false, Replication Type set to server-side default replication type, Namespace Quota set to -1, Space Quota set to -1 
2023-05-04 21:54:58,458 [OM StateMachine ApplyTransaction Thread - 0] INFO  bucket.OMBucketCreateRequest (OMBucketCreateRequest.java:validateAndUpdateCache(270)) - created bucket: bucket-a-2-07392 of layout FILE_SYSTEM_OPTIMIZED in volume: vol-b-90341
2023-05-04 21:54:58,458 [Listener at 127.0.0.1/45425] INFO  rpc.RpcClient (RpcClient.java:createBucket(697)) - Creating Bucket: vol-a-92149/bucket-a-3-04182, with server-side default bucket layout, runner as owner, Versioning false, Storage Type set to DISK and Encryption set to false, Replication Type set to server-side default replication type, Namespace Quota set to -1, Space Quota set to -1 
2023-05-04 21:54:58,460 [OM StateMachine ApplyTransaction Thread - 0] INFO  bucket.OMBucketCreateRequest (OMBucketCreateRequest.java:validateAndUpdateCache(270)) - created bucket: bucket-a-3-04182 of layout FILE_SYSTEM_OPTIMIZED in volume: vol-a-92149
2023-05-04 21:54:58,461 [Listener at 127.0.0.1/45425] INFO  rpc.RpcClient (RpcClient.java:createBucket(697)) - Creating Bucket: vol-b-90341/bucket-a-3-18911, with server-side default bucket layout, runner as owner, Versioning false, Storage Type set to DISK and Encryption set to false, Replication Type set to server-side default replication type, Namespace Quota set to -1, Space Quota set to -1 
2023-05-04 21:54:58,463 [OM StateMachine ApplyTransaction Thread - 0] INFO  bucket.OMBucketCreateRequest (OMBucketCreateRequest.java:validateAndUpdateCache(270)) - created bucket: bucket-a-3-18911 of layout FILE_SYSTEM_OPTIMIZED in volume: vol-b-90341
2023-05-04 21:54:58,463 [Listener at 127.0.0.1/45425] INFO  rpc.RpcClient (RpcClient.java:createBucket(697)) - Creating Bucket: vol-a-92149/bucket-a-4-08414, with server-side default bucket layout, runner as owner, Versioning false, Storage Type set to DISK and Encryption set to false, Replication Type set to server-side default replication type, Namespace Quota set to -1, Space Quota set to -1 
2023-05-04 21:54:58,465 [OM StateMachine ApplyTransaction Thread - 0] INFO  bucket.OMBucketCreateRequest (OMBucketCreateRequest.java:validateAndUpdateCache(270)) - created bucket: bucket-a-4-08414 of layout FILE_SYSTEM_OPTIMIZED in volume: vol-a-92149
2023-05-04 21:54:58,465 [Listener at 127.0.0.1/45425] INFO  rpc.RpcClient (RpcClient.java:createBucket(697)) - Creating Bucket: vol-b-90341/bucket-a-4-23853, with server-side default bucket layout, runner as owner, Versioning false, Storage Type set to DISK and Encryption set to false, Replication Type set to server-side default replication type, Namespace Quota set to -1, Space Quota set to -1 
2023-05-04 21:54:58,467 [OM StateMachine ApplyTransaction Thread - 0] INFO  bucket.OMBucketCreateRequest (OMBucketCreateRequest.java:validateAndUpdateCache(270)) - created bucket: bucket-a-4-23853 of layout FILE_SYSTEM_OPTIMIZED in volume: vol-b-90341
2023-05-04 21:54:58,467 [Listener at 127.0.0.1/45425] INFO  rpc.RpcClient (RpcClient.java:createBucket(697)) - Creating Bucket: vol-a-92149/bucket-a-5-55911, with server-side default bucket layout, runner as owner, Versioning false, Storage Type set to DISK and Encryption set to false, Replication Type set to server-side default replication type, Namespace Quota set to -1, Space Quota set to -1 
2023-05-04 21:54:58,469 [OM StateMachine ApplyTransaction Thread - 0] INFO  bucket.OMBucketCreateRequest (OMBucketCreateRequest.java:validateAndUpdateCache(270)) - created bucket: bucket-a-5-55911 of layout FILE_SYSTEM_OPTIMIZED in volume: vol-a-92149
2023-05-04 21:54:58,470 [Listener at 127.0.0.1/45425] INFO  rpc.RpcClient (RpcClient.java:createBucket(697)) - Creating Bucket: vol-b-90341/bucket-a-5-96119, with server-side default bucket layout, runner as owner, Versioning false, Storage Type set to DISK and Encryption set to false, Replication Type set to server-side default replication type, Namespace Quota set to -1, Space Quota set to -1 
2023-05-04 21:54:58,471 [OM StateMachine ApplyTransaction Thread - 0] INFO  bucket.OMBucketCreateRequest (OMBucketCreateRequest.java:validateAndUpdateCache(270)) - created bucket: bucket-a-5-96119 of layout FILE_SYSTEM_OPTIMIZED in volume: vol-b-90341
2023-05-04 21:54:58,472 [Listener at 127.0.0.1/45425] INFO  rpc.RpcClient (RpcClient.java:createBucket(697)) - Creating Bucket: vol-a-92149/bucket-a-6-02323, with server-side default bucket layout, runner as owner, Versioning false, Storage Type set to DISK and Encryption set to false, Replication Type set to server-side default replication type, Namespace Quota set to -1, Space Quota set to -1 
2023-05-04 21:54:58,473 [OM StateMachine ApplyTransaction Thread - 0] INFO  bucket.OMBucketCreateRequest (OMBucketCreateRequest.java:validateAndUpdateCache(270)) - created bucket: bucket-a-6-02323 of layout FILE_SYSTEM_OPTIMIZED in volume: vol-a-92149
2023-05-04 21:54:58,474 [Listener at 127.0.0.1/45425] INFO  rpc.RpcClient (RpcClient.java:createBucket(697)) - Creating Bucket: vol-b-90341/bucket-a-6-74674, with server-side default bucket layout, runner as owner, Versioning false, Storage Type set to DISK and Encryption set to false, Replication Type set to server-side default replication type, Namespace Quota set to -1, Space Quota set to -1 
2023-05-04 21:54:58,475 [OM StateMachine ApplyTransaction Thread - 0] INFO  bucket.OMBucketCreateRequest (OMBucketCreateRequest.java:validateAndUpdateCache(270)) - created bucket: bucket-a-6-74674 of layout FILE_SYSTEM_OPTIMIZED in volume: vol-b-90341
2023-05-04 21:54:58,476 [Listener at 127.0.0.1/45425] INFO  rpc.RpcClient (RpcClient.java:createBucket(697)) - Creating Bucket: vol-a-92149/bucket-a-7-48199, with server-side default bucket layout, runner as owner, Versioning false, Storage Type set to DISK and Encryption set to false, Replication Type set to server-side default replication type, Namespace Quota set to -1, Space Quota set to -1 
2023-05-04 21:54:58,477 [OM StateMachine ApplyTransaction Thread - 0] INFO  bucket.OMBucketCreateRequest (OMBucketCreateRequest.java:validateAndUpdateCache(270)) - created bucket: bucket-a-7-48199 of layout FILE_SYSTEM_OPTIMIZED in volume: vol-a-92149
2023-05-04 21:54:58,478 [Listener at 127.0.0.1/45425] INFO  rpc.RpcClient (RpcClient.java:createBucket(697)) - Creating Bucket: vol-b-90341/bucket-a-7-22668, with server-side default bucket layout, runner as owner, Versioning false, Storage Type set to DISK and Encryption set to false, Replication Type set to server-side default replication type, Namespace Quota set to -1, Space Quota set to -1 
2023-05-04 21:54:58,479 [OM StateMachine ApplyTransaction Thread - 0] INFO  bucket.OMBucketCreateRequest (OMBucketCreateRequest.java:validateAndUpdateCache(270)) - created bucket: bucket-a-7-22668 of layout FILE_SYSTEM_OPTIMIZED in volume: vol-b-90341
2023-05-04 21:54:58,480 [Listener at 127.0.0.1/45425] INFO  rpc.RpcClient (RpcClient.java:createBucket(697)) - Creating Bucket: vol-a-92149/bucket-a-8-36267, with server-side default bucket layout, runner as owner, Versioning false, Storage Type set to DISK and Encryption set to false, Replication Type set to server-side default replication type, Namespace Quota set to -1, Space Quota set to -1 
2023-05-04 21:54:58,481 [OM StateMachine ApplyTransaction Thread - 0] INFO  bucket.OMBucketCreateRequest (OMBucketCreateRequest.java:validateAndUpdateCache(270)) - created bucket: bucket-a-8-36267 of layout FILE_SYSTEM_OPTIMIZED in volume: vol-a-92149
2023-05-04 21:54:58,482 [Listener at 127.0.0.1/45425] INFO  rpc.RpcClient (RpcClient.java:createBucket(697)) - Creating Bucket: vol-b-90341/bucket-a-8-99410, with server-side default bucket layout, runner as owner, Versioning false, Storage Type set to DISK and Encryption set to false, Replication Type set to server-side default replication type, Namespace Quota set to -1, Space Quota set to -1 
2023-05-04 21:54:58,483 [OM StateMachine ApplyTransaction Thread - 0] INFO  bucket.OMBucketCreateRequest (OMBucketCreateRequest.java:validateAndUpdateCache(270)) - created bucket: bucket-a-8-99410 of layout FILE_SYSTEM_OPTIMIZED in volume: vol-b-90341
2023-05-04 21:54:58,484 [Listener at 127.0.0.1/45425] INFO  rpc.RpcClient (RpcClient.java:createBucket(697)) - Creating Bucket: vol-a-92149/bucket-a-9-21667, with server-side default bucket layout, runner as owner, Versioning false, Storage Type set to DISK and Encryption set to false, Replication Type set to server-side default replication type, Namespace Quota set to -1, Space Quota set to -1 
2023-05-04 21:54:58,485 [OM StateMachine ApplyTransaction Thread - 0] INFO  bucket.OMBucketCreateRequest (OMBucketCreateRequest.java:validateAndUpdateCache(270)) - created bucket: bucket-a-9-21667 of layout FILE_SYSTEM_OPTIMIZED in volume: vol-a-92149
2023-05-04 21:54:58,486 [Listener at 127.0.0.1/45425] INFO  rpc.RpcClient (RpcClient.java:createBucket(697)) - Creating Bucket: vol-b-90341/bucket-a-9-15848, with server-side default bucket layout, runner as owner, Versioning false, Storage Type set to DISK and Encryption set to false, Replication Type set to server-side default replication type, Namespace Quota set to -1, Space Quota set to -1 
2023-05-04 21:54:58,487 [OM StateMachine ApplyTransaction Thread - 0] INFO  bucket.OMBucketCreateRequest (OMBucketCreateRequest.java:validateAndUpdateCache(270)) - created bucket: bucket-a-9-15848 of layout FILE_SYSTEM_OPTIMIZED in volume: vol-b-90341
2023-05-04 21:54:58,488 [Listener at 127.0.0.1/45425] INFO  rpc.RpcClient (RpcClient.java:createBucket(697)) - Creating Bucket: vol-a-92149/bucket-b-0-11359, with server-side default bucket layout, runner as owner, Versioning false, Storage Type set to DISK and Encryption set to false, Replication Type set to server-side default replication type, Namespace Quota set to -1, Space Quota set to -1 
2023-05-04 21:54:58,489 [OM StateMachine ApplyTransaction Thread - 0] INFO  bucket.OMBucketCreateRequest (OMBucketCreateRequest.java:validateAndUpdateCache(270)) - created bucket: bucket-b-0-11359 of layout FILE_SYSTEM_OPTIMIZED in volume: vol-a-92149
2023-05-04 21:54:58,490 [Listener at 127.0.0.1/45425] INFO  rpc.RpcClient (RpcClient.java:createBucket(697)) - Creating Bucket: vol-b-90341/bucket-b-0-59898, with server-side default bucket layout, runner as owner, Versioning false, Storage Type set to DISK and Encryption set to false, Replication Type set to server-side default replication type, Namespace Quota set to -1, Space Quota set to -1 
2023-05-04 21:54:58,491 [OM StateMachine ApplyTransaction Thread - 0] INFO  bucket.OMBucketCreateRequest (OMBucketCreateRequest.java:validateAndUpdateCache(270)) - created bucket: bucket-b-0-59898 of layout FILE_SYSTEM_OPTIMIZED in volume: vol-b-90341
2023-05-04 21:54:58,492 [Listener at 127.0.0.1/45425] INFO  rpc.RpcClient (RpcClient.java:createBucket(697)) - Creating Bucket: vol-a-92149/bucket-b-1-14536, with server-side default bucket layout, runner as owner, Versioning false, Storage Type set to DISK and Encryption set to false, Replication Type set to server-side default replication type, Namespace Quota set to -1, Space Quota set to -1 
2023-05-04 21:54:58,493 [OM StateMachine ApplyTransaction Thread - 0] INFO  bucket.OMBucketCreateRequest (OMBucketCreateRequest.java:validateAndUpdateCache(270)) - created bucket: bucket-b-1-14536 of layout FILE_SYSTEM_OPTIMIZED in volume: vol-a-92149
2023-05-04 21:54:58,494 [Listener at 127.0.0.1/45425] INFO  rpc.RpcClient (RpcClient.java:createBucket(697)) - Creating Bucket: vol-b-90341/bucket-b-1-36943, with server-side default bucket layout, runner as owner, Versioning false, Storage Type set to DISK and Encryption set to false, Replication Type set to server-side default replication type, Namespace Quota set to -1, Space Quota set to -1 
2023-05-04 21:54:58,495 [OM StateMachine ApplyTransaction Thread - 0] INFO  bucket.OMBucketCreateRequest (OMBucketCreateRequest.java:validateAndUpdateCache(270)) - created bucket: bucket-b-1-36943 of layout FILE_SYSTEM_OPTIMIZED in volume: vol-b-90341
2023-05-04 21:54:58,496 [Listener at 127.0.0.1/45425] INFO  rpc.RpcClient (RpcClient.java:createBucket(697)) - Creating Bucket: vol-a-92149/bucket-b-2-67903, with server-side default bucket layout, runner as owner, Versioning false, Storage Type set to DISK and Encryption set to false, Replication Type set to server-side default replication type, Namespace Quota set to -1, Space Quota set to -1 
2023-05-04 21:54:58,497 [OM StateMachine ApplyTransaction Thread - 0] INFO  bucket.OMBucketCreateRequest (OMBucketCreateRequest.java:validateAndUpdateCache(270)) - created bucket: bucket-b-2-67903 of layout FILE_SYSTEM_OPTIMIZED in volume: vol-a-92149
2023-05-04 21:54:58,498 [Listener at 127.0.0.1/45425] INFO  rpc.RpcClient (RpcClient.java:createBucket(697)) - Creating Bucket: vol-b-90341/bucket-b-2-29429, with server-side default bucket layout, runner as owner, Versioning false, Storage Type set to DISK and Encryption set to false, Replication Type set to server-side default replication type, Namespace Quota set to -1, Space Quota set to -1 
2023-05-04 21:54:58,500 [OM StateMachine ApplyTransaction Thread - 0] INFO  bucket.OMBucketCreateRequest (OMBucketCreateRequest.java:validateAndUpdateCache(270)) - created bucket: bucket-b-2-29429 of layout FILE_SYSTEM_OPTIMIZED in volume: vol-b-90341
2023-05-04 21:54:58,500 [Listener at 127.0.0.1/45425] INFO  rpc.RpcClient (RpcClient.java:createBucket(697)) - Creating Bucket: vol-a-92149/bucket-b-3-21666, with server-side default bucket layout, runner as owner, Versioning false, Storage Type set to DISK and Encryption set to false, Replication Type set to server-side default replication type, Namespace Quota set to -1, Space Quota set to -1 
2023-05-04 21:54:58,502 [OM StateMachine ApplyTransaction Thread - 0] INFO  bucket.OMBucketCreateRequest (OMBucketCreateRequest.java:validateAndUpdateCache(270)) - created bucket: bucket-b-3-21666 of layout FILE_SYSTEM_OPTIMIZED in volume: vol-a-92149
2023-05-04 21:54:58,503 [Listener at 127.0.0.1/45425] INFO  rpc.RpcClient (RpcClient.java:createBucket(697)) - Creating Bucket: vol-b-90341/bucket-b-3-67739, with server-side default bucket layout, runner as owner, Versioning false, Storage Type set to DISK and Encryption set to false, Replication Type set to server-side default replication type, Namespace Quota set to -1, Space Quota set to -1 
2023-05-04 21:54:58,504 [OM StateMachine ApplyTransaction Thread - 0] INFO  bucket.OMBucketCreateRequest (OMBucketCreateRequest.java:validateAndUpdateCache(270)) - created bucket: bucket-b-3-67739 of layout FILE_SYSTEM_OPTIMIZED in volume: vol-b-90341
2023-05-04 21:54:58,505 [Listener at 127.0.0.1/45425] INFO  rpc.RpcClient (RpcClient.java:createBucket(697)) - Creating Bucket: vol-a-92149/bucket-b-4-34029, with server-side default bucket layout, runner as owner, Versioning false, Storage Type set to DISK and Encryption set to false, Replication Type set to server-side default replication type, Namespace Quota set to -1, Space Quota set to -1 
2023-05-04 21:54:58,507 [OM StateMachine ApplyTransaction Thread - 0] INFO  bucket.OMBucketCreateRequest (OMBucketCreateRequest.java:validateAndUpdateCache(270)) - created bucket: bucket-b-4-34029 of layout FILE_SYSTEM_OPTIMIZED in volume: vol-a-92149
2023-05-04 21:54:58,507 [Listener at 127.0.0.1/45425] INFO  rpc.RpcClient (RpcClient.java:createBucket(697)) - Creating Bucket: vol-b-90341/bucket-b-4-86252, with server-side default bucket layout, runner as owner, Versioning false, Storage Type set to DISK and Encryption set to false, Replication Type set to server-side default replication type, Namespace Quota set to -1, Space Quota set to -1 
2023-05-04 21:54:58,509 [OM StateMachine ApplyTransaction Thread - 0] INFO  bucket.OMBucketCreateRequest (OMBucketCreateRequest.java:validateAndUpdateCache(270)) - created bucket: bucket-b-4-86252 of layout FILE_SYSTEM_OPTIMIZED in volume: vol-b-90341
2023-05-04 21:54:58,510 [Listener at 127.0.0.1/45425] INFO  rpc.RpcClient (RpcClient.java:createBucket(697)) - Creating Bucket: vol-a-92149/bucket-b-5-69395, with server-side default bucket layout, runner as owner, Versioning false, Storage Type set to DISK and Encryption set to false, Replication Type set to server-side default replication type, Namespace Quota set to -1, Space Quota set to -1 
2023-05-04 21:54:58,512 [OM StateMachine ApplyTransaction Thread - 0] INFO  bucket.OMBucketCreateRequest (OMBucketCreateRequest.java:validateAndUpdateCache(270)) - created bucket: bucket-b-5-69395 of layout FILE_SYSTEM_OPTIMIZED in volume: vol-a-92149
2023-05-04 21:54:58,513 [Listener at 127.0.0.1/45425] INFO  rpc.RpcClient (RpcClient.java:createBucket(697)) - Creating Bucket: vol-b-90341/bucket-b-5-79101, with server-side default bucket layout, runner as owner, Versioning false, Storage Type set to DISK and Encryption set to false, Replication Type set to server-side default replication type, Namespace Quota set to -1, Space Quota set to -1 
2023-05-04 21:54:58,515 [OM StateMachine ApplyTransaction Thread - 0] INFO  bucket.OMBucketCreateRequest (OMBucketCreateRequest.java:validateAndUpdateCache(270)) - created bucket: bucket-b-5-79101 of layout FILE_SYSTEM_OPTIMIZED in volume: vol-b-90341
2023-05-04 21:54:58,515 [Listener at 127.0.0.1/45425] INFO  rpc.RpcClient (RpcClient.java:createBucket(697)) - Creating Bucket: vol-a-92149/bucket-b-6-07517, with server-side default bucket layout, runner as owner, Versioning false, Storage Type set to DISK and Encryption set to false, Replication Type set to server-side default replication type, Namespace Quota set to -1, Space Quota set to -1 
2023-05-04 21:54:58,517 [OM StateMachine ApplyTransaction Thread - 0] INFO  bucket.OMBucketCreateRequest (OMBucketCreateRequest.java:validateAndUpdateCache(270)) - created bucket: bucket-b-6-07517 of layout FILE_SYSTEM_OPTIMIZED in volume: vol-a-92149
2023-05-04 21:54:58,518 [Listener at 127.0.0.1/45425] INFO  rpc.RpcClient (RpcClient.java:createBucket(697)) - Creating Bucket: vol-b-90341/bucket-b-6-35630, with server-side default bucket layout, runner as owner, Versioning false, Storage Type set to DISK and Encryption set to false, Replication Type set to server-side default replication type, Namespace Quota set to -1, Space Quota set to -1 
2023-05-04 21:54:58,519 [OM StateMachine ApplyTransaction Thread - 0] INFO  bucket.OMBucketCreateRequest (OMBucketCreateRequest.java:validateAndUpdateCache(270)) - created bucket: bucket-b-6-35630 of layout FILE_SYSTEM_OPTIMIZED in volume: vol-b-90341
2023-05-04 21:54:58,520 [Listener at 127.0.0.1/45425] INFO  rpc.RpcClient (RpcClient.java:createBucket(697)) - Creating Bucket: vol-a-92149/bucket-b-7-71433, with server-side default bucket layout, runner as owner, Versioning false, Storage Type set to DISK and Encryption set to false, Replication Type set to server-side default replication type, Namespace Quota set to -1, Space Quota set to -1 
2023-05-04 21:54:58,522 [OM StateMachine ApplyTransaction Thread - 0] INFO  bucket.OMBucketCreateRequest (OMBucketCreateRequest.java:validateAndUpdateCache(270)) - created bucket: bucket-b-7-71433 of layout FILE_SYSTEM_OPTIMIZED in volume: vol-a-92149
2023-05-04 21:54:58,522 [Listener at 127.0.0.1/45425] INFO  rpc.RpcClient (RpcClient.java:createBucket(697)) - Creating Bucket: vol-b-90341/bucket-b-7-82115, with server-side default bucket layout, runner as owner, Versioning false, Storage Type set to DISK and Encryption set to false, Replication Type set to server-side default replication type, Namespace Quota set to -1, Space Quota set to -1 
2023-05-04 21:54:58,529 [OM StateMachine ApplyTransaction Thread - 0] INFO  bucket.OMBucketCreateRequest (OMBucketCreateRequest.java:validateAndUpdateCache(270)) - created bucket: bucket-b-7-82115 of layout FILE_SYSTEM_OPTIMIZED in volume: vol-b-90341
2023-05-04 21:54:58,531 [Listener at 127.0.0.1/45425] INFO  rpc.RpcClient (RpcClient.java:createBucket(697)) - Creating Bucket: vol-a-92149/bucket-b-8-07739, with server-side default bucket layout, runner as owner, Versioning false, Storage Type set to DISK and Encryption set to false, Replication Type set to server-side default replication type, Namespace Quota set to -1, Space Quota set to -1 
2023-05-04 21:54:58,533 [OM StateMachine ApplyTransaction Thread - 0] INFO  bucket.OMBucketCreateRequest (OMBucketCreateRequest.java:validateAndUpdateCache(270)) - created bucket: bucket-b-8-07739 of layout FILE_SYSTEM_OPTIMIZED in volume: vol-a-92149
2023-05-04 21:54:58,533 [Listener at 127.0.0.1/45425] INFO  rpc.RpcClient (RpcClient.java:createBucket(697)) - Creating Bucket: vol-b-90341/bucket-b-8-11969, with server-side default bucket layout, runner as owner, Versioning false, Storage Type set to DISK and Encryption set to false, Replication Type set to server-side default replication type, Namespace Quota set to -1, Space Quota set to -1 
2023-05-04 21:54:58,535 [OM StateMachine ApplyTransaction Thread - 0] INFO  bucket.OMBucketCreateRequest (OMBucketCreateRequest.java:validateAndUpdateCache(270)) - created bucket: bucket-b-8-11969 of layout FILE_SYSTEM_OPTIMIZED in volume: vol-b-90341
2023-05-04 21:54:58,536 [Listener at 127.0.0.1/45425] INFO  rpc.RpcClient (RpcClient.java:createBucket(697)) - Creating Bucket: vol-a-92149/bucket-b-9-84579, with server-side default bucket layout, runner as owner, Versioning false, Storage Type set to DISK and Encryption set to false, Replication Type set to server-side default replication type, Namespace Quota set to -1, Space Quota set to -1 
2023-05-04 21:54:58,538 [OM StateMachine ApplyTransaction Thread - 0] INFO  bucket.OMBucketCreateRequest (OMBucketCreateRequest.java:validateAndUpdateCache(270)) - created bucket: bucket-b-9-84579 of layout FILE_SYSTEM_OPTIMIZED in volume: vol-a-92149
2023-05-04 21:54:58,538 [Listener at 127.0.0.1/45425] INFO  rpc.RpcClient (RpcClient.java:createBucket(697)) - Creating Bucket: vol-b-90341/bucket-b-9-63867, with server-side default bucket layout, runner as owner, Versioning false, Storage Type set to DISK and Encryption set to false, Replication Type set to server-side default replication type, Namespace Quota set to -1, Space Quota set to -1 
2023-05-04 21:54:58,540 [OM StateMachine ApplyTransaction Thread - 0] INFO  bucket.OMBucketCreateRequest (OMBucketCreateRequest.java:validateAndUpdateCache(270)) - created bucket: bucket-b-9-63867 of layout FILE_SYSTEM_OPTIMIZED in volume: vol-b-90341
]]></system-out>
  </testcase>
  <testcase name="testListBucketsOnEmptyVolume" classname="org.apache.hadoop.ozone.client.rpc.TestOzoneRpcClient" time="0.007">
    <system-out><![CDATA[2023-05-04 21:54:58,566 [Listener at 127.0.0.1/45425] INFO  rpc.RpcClient (RpcClient.java:createVolume(476)) - Creating Volume: vol-empty, with runner as owner and space quota set to -1 bytes, counts quota set to -1
2023-05-04 21:54:58,568 [OM StateMachine ApplyTransaction Thread - 0] INFO  volume.OMVolumeCreateRequest (OMVolumeCreateRequest.java:validateAndUpdateCache(195)) - created volume:vol-empty for user:runner
]]></system-out>
  </testcase>
  <testcase name="testListBucketsReplicationConfig" classname="org.apache.hadoop.ozone.client.rpc.TestOzoneRpcClient" time="0.017">
    <system-out><![CDATA[2023-05-04 21:54:58,573 [Listener at 127.0.0.1/45425] INFO  rpc.RpcClient (RpcClient.java:createVolume(476)) - Creating Volume: ccd06e33-23e6-486a-a165-58d877bff89f, with runner as owner and space quota set to -1 bytes, counts quota set to -1
2023-05-04 21:54:58,576 [OM StateMachine ApplyTransaction Thread - 0] INFO  volume.OMVolumeCreateRequest (OMVolumeCreateRequest.java:validateAndUpdateCache(195)) - created volume:ccd06e33-23e6-486a-a165-58d877bff89f for user:runner
2023-05-04 21:54:58,578 [Listener at 127.0.0.1/45425] INFO  rpc.RpcClient (RpcClient.java:createBucket(697)) - Creating Bucket: ccd06e33-23e6-486a-a165-58d877bff89f/3803b068-ee6b-4f53-9f7d-303360883bf4, with server-side default bucket layout, runner as owner, Versioning false, Storage Type set to DISK and Encryption set to false, Replication Type set to server-side default replication type, Namespace Quota set to -1, Space Quota set to -1 
2023-05-04 21:54:58,580 [OM StateMachine ApplyTransaction Thread - 0] INFO  bucket.OMBucketCreateRequest (OMBucketCreateRequest.java:validateAndUpdateCache(270)) - created bucket: 3803b068-ee6b-4f53-9f7d-303360883bf4 of layout FILE_SYSTEM_OPTIMIZED in volume: ccd06e33-23e6-486a-a165-58d877bff89f
2023-05-04 21:54:58,581 [Listener at 127.0.0.1/45425] INFO  rpc.RpcClient (RpcClient.java:createBucket(697)) - Creating Bucket: ccd06e33-23e6-486a-a165-58d877bff89f/196cd857-65db-4996-bc5a-b44540081935, with server-side default bucket layout, runner as owner, Versioning false, Storage Type set to DISK and Encryption set to false, Replication Type set to EC, Namespace Quota set to -1, Space Quota set to -1 
2023-05-04 21:54:58,583 [OM StateMachine ApplyTransaction Thread - 0] INFO  bucket.OMBucketCreateRequest (OMBucketCreateRequest.java:validateAndUpdateCache(270)) - created bucket: 196cd857-65db-4996-bc5a-b44540081935 of layout FILE_SYSTEM_OPTIMIZED in volume: ccd06e33-23e6-486a-a165-58d877bff89f
2023-05-04 21:54:58,585 [Listener at 127.0.0.1/45425] INFO  rpc.RpcClient (RpcClient.java:createBucket(697)) - Creating Bucket: ccd06e33-23e6-486a-a165-58d877bff89f/2a038bb1-b8b5-4f10-85fb-6d6592c3a227, with server-side default bucket layout, runner as owner, Versioning false, Storage Type set to DISK and Encryption set to false, Replication Type set to RATIS, Namespace Quota set to -1, Space Quota set to -1 
2023-05-04 21:54:58,588 [OM StateMachine ApplyTransaction Thread - 0] INFO  bucket.OMBucketCreateRequest (OMBucketCreateRequest.java:validateAndUpdateCache(270)) - created bucket: 2a038bb1-b8b5-4f10-85fb-6d6592c3a227 of layout FILE_SYSTEM_OPTIMIZED in volume: ccd06e33-23e6-486a-a165-58d877bff89f
]]></system-out>
  </testcase>
  <testcase name="testListKey" classname="org.apache.hadoop.ozone.client.rpc.TestOzoneRpcClient" time="1.412">
    <system-out><![CDATA[2023-05-04 21:54:58,594 [Listener at 127.0.0.1/45425] INFO  rpc.RpcClient (RpcClient.java:createVolume(476)) - Creating Volume: vol-a-19528, with runner as owner and space quota set to -1 bytes, counts quota set to -1
2023-05-04 21:54:58,596 [OM StateMachine ApplyTransaction Thread - 0] INFO  volume.OMVolumeCreateRequest (OMVolumeCreateRequest.java:validateAndUpdateCache(195)) - created volume:vol-a-19528 for user:runner
2023-05-04 21:54:58,597 [Listener at 127.0.0.1/45425] INFO  rpc.RpcClient (RpcClient.java:createVolume(476)) - Creating Volume: vol-b-65378, with runner as owner and space quota set to -1 bytes, counts quota set to -1
2023-05-04 21:54:58,599 [OM StateMachine ApplyTransaction Thread - 0] INFO  volume.OMVolumeCreateRequest (OMVolumeCreateRequest.java:validateAndUpdateCache(195)) - created volume:vol-b-65378 for user:runner
2023-05-04 21:54:58,601 [Listener at 127.0.0.1/45425] INFO  rpc.RpcClient (RpcClient.java:createBucket(697)) - Creating Bucket: vol-a-19528/buc-a-28420, with server-side default bucket layout, runner as owner, Versioning false, Storage Type set to DISK and Encryption set to false, Replication Type set to server-side default replication type, Namespace Quota set to -1, Space Quota set to -1 
2023-05-04 21:54:58,603 [OM StateMachine ApplyTransaction Thread - 0] INFO  bucket.OMBucketCreateRequest (OMBucketCreateRequest.java:validateAndUpdateCache(270)) - created bucket: buc-a-28420 of layout FILE_SYSTEM_OPTIMIZED in volume: vol-a-19528
2023-05-04 21:54:58,604 [Listener at 127.0.0.1/45425] INFO  rpc.RpcClient (RpcClient.java:createBucket(697)) - Creating Bucket: vol-a-19528/buc-b-74678, with server-side default bucket layout, runner as owner, Versioning false, Storage Type set to DISK and Encryption set to false, Replication Type set to server-side default replication type, Namespace Quota set to -1, Space Quota set to -1 
2023-05-04 21:54:58,606 [OM StateMachine ApplyTransaction Thread - 0] INFO  bucket.OMBucketCreateRequest (OMBucketCreateRequest.java:validateAndUpdateCache(270)) - created bucket: buc-b-74678 of layout FILE_SYSTEM_OPTIMIZED in volume: vol-a-19528
2023-05-04 21:54:58,607 [Listener at 127.0.0.1/45425] INFO  rpc.RpcClient (RpcClient.java:createBucket(697)) - Creating Bucket: vol-b-65378/buc-a-28420, with server-side default bucket layout, runner as owner, Versioning false, Storage Type set to DISK and Encryption set to false, Replication Type set to server-side default replication type, Namespace Quota set to -1, Space Quota set to -1 
2023-05-04 21:54:58,609 [OM StateMachine ApplyTransaction Thread - 0] INFO  bucket.OMBucketCreateRequest (OMBucketCreateRequest.java:validateAndUpdateCache(270)) - created bucket: buc-a-28420 of layout FILE_SYSTEM_OPTIMIZED in volume: vol-b-65378
2023-05-04 21:54:58,610 [Listener at 127.0.0.1/45425] INFO  rpc.RpcClient (RpcClient.java:createBucket(697)) - Creating Bucket: vol-b-65378/buc-b-74678, with server-side default bucket layout, runner as owner, Versioning false, Storage Type set to DISK and Encryption set to false, Replication Type set to server-side default replication type, Namespace Quota set to -1, Space Quota set to -1 
2023-05-04 21:54:58,612 [OM StateMachine ApplyTransaction Thread - 0] INFO  bucket.OMBucketCreateRequest (OMBucketCreateRequest.java:validateAndUpdateCache(270)) - created bucket: buc-b-74678 of layout FILE_SYSTEM_OPTIMIZED in volume: vol-b-65378
21:54:59.963 [IPC Server handler 6 on default port 45425] ERROR OMAudit - user=runner | ip=127.0.0.1 | op=GET_FILE_STATUS {volume=vol-a-19528, bucket=buc-a-28420, key=key-, dataSize=0, replicationConfig=null} | ret=FAILURE
org.apache.hadoop.ozone.om.exceptions.OMException: Unable to get file status: volume: vol-a-19528 bucket: buc-a-28420 key: key-
	at org.apache.hadoop.ozone.om.KeyManagerImpl.getOzoneFileStatusFSO(KeyManagerImpl.java:1311) ~[ozone-manager-1.4.0-SNAPSHOT.jar:?]
	at org.apache.hadoop.ozone.om.KeyManagerImpl.getFileStatus(KeyManagerImpl.java:1103) ~[ozone-manager-1.4.0-SNAPSHOT.jar:?]
	at org.apache.hadoop.ozone.om.OmMetadataReader.getFileStatus(OmMetadataReader.java:289) ~[ozone-manager-1.4.0-SNAPSHOT.jar:?]
	at org.apache.hadoop.ozone.om.OzoneManager.getFileStatus(OzoneManager.java:3502) ~[ozone-manager-1.4.0-SNAPSHOT.jar:?]
	at org.apache.hadoop.ozone.protocolPB.OzoneManagerRequestHandler.getOzoneFileStatus(OzoneManagerRequestHandler.java:934) ~[ozone-manager-1.4.0-SNAPSHOT.jar:?]
	at org.apache.hadoop.ozone.protocolPB.OzoneManagerRequestHandler.handleReadRequest(OzoneManagerRequestHandler.java:238) ~[ozone-manager-1.4.0-SNAPSHOT.jar:?]
	at org.apache.hadoop.ozone.protocolPB.OzoneManagerProtocolServerSideTranslatorPB.submitReadRequestToOM(OzoneManagerProtocolServerSideTranslatorPB.java:223) ~[ozone-manager-1.4.0-SNAPSHOT.jar:?]
	at org.apache.hadoop.ozone.protocolPB.OzoneManagerProtocolServerSideTranslatorPB.processRequest(OzoneManagerProtocolServerSideTranslatorPB.java:177) ~[ozone-manager-1.4.0-SNAPSHOT.jar:?]
	at org.apache.hadoop.hdds.server.OzoneProtocolMessageDispatcher.processRequest(OzoneProtocolMessageDispatcher.java:87) [hdds-server-framework-1.4.0-SNAPSHOT.jar:?]
	at org.apache.hadoop.ozone.protocolPB.OzoneManagerProtocolServerSideTranslatorPB.submitRequest(OzoneManagerProtocolServerSideTranslatorPB.java:147) [ozone-manager-1.4.0-SNAPSHOT.jar:?]
	at org.apache.hadoop.ozone.protocol.proto.OzoneManagerProtocolProtos$OzoneManagerService$2.callBlockingMethod(OzoneManagerProtocolProtos.java) [ozone-interface-client-1.4.0-SNAPSHOT.jar:?]
	at org.apache.hadoop.ipc.ProtobufRpcEngine$Server.processCall(ProtobufRpcEngine.java:484) [hadoop-common-3.3.5.jar:?]
	at org.apache.hadoop.ipc.ProtobufRpcEngine2$Server$ProtoBufRpcInvoker.call(ProtobufRpcEngine2.java:595) [hadoop-common-3.3.5.jar:?]
	at org.apache.hadoop.ipc.ProtobufRpcEngine2$Server$ProtoBufRpcInvoker.call(ProtobufRpcEngine2.java:573) [hadoop-common-3.3.5.jar:?]
	at org.apache.hadoop.ipc.RPC$Server.call(RPC.java:1213) [hadoop-common-3.3.5.jar:?]
	at org.apache.hadoop.ipc.Server$RpcCall.run(Server.java:1089) [hadoop-common-3.3.5.jar:?]
	at org.apache.hadoop.ipc.Server$RpcCall.run(Server.java:1012) [hadoop-common-3.3.5.jar:?]
	at java.security.AccessController.doPrivileged(Native Method) ~[?:1.8.0_362]
	at javax.security.auth.Subject.doAs(Subject.java:422) [?:1.8.0_362]
	at org.apache.hadoop.security.UserGroupInformation.doAs(UserGroupInformation.java:1899) [hadoop-common-3.3.5.jar:?]
	at org.apache.hadoop.ipc.Server$Handler.run(Server.java:3026) [hadoop-common-3.3.5.jar:?]
21:54:59.973 [IPC Server handler 9 on default port 45425] ERROR OMAudit - user=runner | ip=127.0.0.1 | op=GET_FILE_STATUS {volume=vol-a-19528, bucket=buc-b-74678, key=key-, dataSize=0, replicationConfig=null} | ret=FAILURE
org.apache.hadoop.ozone.om.exceptions.OMException: Unable to get file status: volume: vol-a-19528 bucket: buc-b-74678 key: key-
	at org.apache.hadoop.ozone.om.KeyManagerImpl.getOzoneFileStatusFSO(KeyManagerImpl.java:1311) ~[ozone-manager-1.4.0-SNAPSHOT.jar:?]
	at org.apache.hadoop.ozone.om.KeyManagerImpl.getFileStatus(KeyManagerImpl.java:1103) ~[ozone-manager-1.4.0-SNAPSHOT.jar:?]
	at org.apache.hadoop.ozone.om.OmMetadataReader.getFileStatus(OmMetadataReader.java:289) ~[ozone-manager-1.4.0-SNAPSHOT.jar:?]
	at org.apache.hadoop.ozone.om.OzoneManager.getFileStatus(OzoneManager.java:3502) ~[ozone-manager-1.4.0-SNAPSHOT.jar:?]
	at org.apache.hadoop.ozone.protocolPB.OzoneManagerRequestHandler.getOzoneFileStatus(OzoneManagerRequestHandler.java:934) ~[ozone-manager-1.4.0-SNAPSHOT.jar:?]
	at org.apache.hadoop.ozone.protocolPB.OzoneManagerRequestHandler.handleReadRequest(OzoneManagerRequestHandler.java:238) ~[ozone-manager-1.4.0-SNAPSHOT.jar:?]
	at org.apache.hadoop.ozone.protocolPB.OzoneManagerProtocolServerSideTranslatorPB.submitReadRequestToOM(OzoneManagerProtocolServerSideTranslatorPB.java:223) ~[ozone-manager-1.4.0-SNAPSHOT.jar:?]
	at org.apache.hadoop.ozone.protocolPB.OzoneManagerProtocolServerSideTranslatorPB.processRequest(OzoneManagerProtocolServerSideTranslatorPB.java:177) ~[ozone-manager-1.4.0-SNAPSHOT.jar:?]
	at org.apache.hadoop.hdds.server.OzoneProtocolMessageDispatcher.processRequest(OzoneProtocolMessageDispatcher.java:87) [hdds-server-framework-1.4.0-SNAPSHOT.jar:?]
	at org.apache.hadoop.ozone.protocolPB.OzoneManagerProtocolServerSideTranslatorPB.submitRequest(OzoneManagerProtocolServerSideTranslatorPB.java:147) [ozone-manager-1.4.0-SNAPSHOT.jar:?]
	at org.apache.hadoop.ozone.protocol.proto.OzoneManagerProtocolProtos$OzoneManagerService$2.callBlockingMethod(OzoneManagerProtocolProtos.java) [ozone-interface-client-1.4.0-SNAPSHOT.jar:?]
	at org.apache.hadoop.ipc.ProtobufRpcEngine$Server.processCall(ProtobufRpcEngine.java:484) [hadoop-common-3.3.5.jar:?]
	at org.apache.hadoop.ipc.ProtobufRpcEngine2$Server$ProtoBufRpcInvoker.call(ProtobufRpcEngine2.java:595) [hadoop-common-3.3.5.jar:?]
	at org.apache.hadoop.ipc.ProtobufRpcEngine2$Server$ProtoBufRpcInvoker.call(ProtobufRpcEngine2.java:573) [hadoop-common-3.3.5.jar:?]
	at org.apache.hadoop.ipc.RPC$Server.call(RPC.java:1213) [hadoop-common-3.3.5.jar:?]
	at org.apache.hadoop.ipc.Server$RpcCall.run(Server.java:1089) [hadoop-common-3.3.5.jar:?]
	at org.apache.hadoop.ipc.Server$RpcCall.run(Server.java:1012) [hadoop-common-3.3.5.jar:?]
	at java.security.AccessController.doPrivileged(Native Method) ~[?:1.8.0_362]
	at javax.security.auth.Subject.doAs(Subject.java:422) [?:1.8.0_362]
	at org.apache.hadoop.security.UserGroupInformation.doAs(UserGroupInformation.java:1899) [hadoop-common-3.3.5.jar:?]
	at org.apache.hadoop.ipc.Server$Handler.run(Server.java:3026) [hadoop-common-3.3.5.jar:?]
21:54:59.981 [IPC Server handler 13 on default port 45425] ERROR OMAudit - user=runner | ip=127.0.0.1 | op=GET_FILE_STATUS {volume=vol-b-65378, bucket=buc-a-28420, key=key-, dataSize=0, replicationConfig=null} | ret=FAILURE
org.apache.hadoop.ozone.om.exceptions.OMException: Unable to get file status: volume: vol-b-65378 bucket: buc-a-28420 key: key-
	at org.apache.hadoop.ozone.om.KeyManagerImpl.getOzoneFileStatusFSO(KeyManagerImpl.java:1311) ~[ozone-manager-1.4.0-SNAPSHOT.jar:?]
	at org.apache.hadoop.ozone.om.KeyManagerImpl.getFileStatus(KeyManagerImpl.java:1103) ~[ozone-manager-1.4.0-SNAPSHOT.jar:?]
	at org.apache.hadoop.ozone.om.OmMetadataReader.getFileStatus(OmMetadataReader.java:289) ~[ozone-manager-1.4.0-SNAPSHOT.jar:?]
	at org.apache.hadoop.ozone.om.OzoneManager.getFileStatus(OzoneManager.java:3502) ~[ozone-manager-1.4.0-SNAPSHOT.jar:?]
	at org.apache.hadoop.ozone.protocolPB.OzoneManagerRequestHandler.getOzoneFileStatus(OzoneManagerRequestHandler.java:934) ~[ozone-manager-1.4.0-SNAPSHOT.jar:?]
	at org.apache.hadoop.ozone.protocolPB.OzoneManagerRequestHandler.handleReadRequest(OzoneManagerRequestHandler.java:238) ~[ozone-manager-1.4.0-SNAPSHOT.jar:?]
	at org.apache.hadoop.ozone.protocolPB.OzoneManagerProtocolServerSideTranslatorPB.submitReadRequestToOM(OzoneManagerProtocolServerSideTranslatorPB.java:223) ~[ozone-manager-1.4.0-SNAPSHOT.jar:?]
	at org.apache.hadoop.ozone.protocolPB.OzoneManagerProtocolServerSideTranslatorPB.processRequest(OzoneManagerProtocolServerSideTranslatorPB.java:177) ~[ozone-manager-1.4.0-SNAPSHOT.jar:?]
	at org.apache.hadoop.hdds.server.OzoneProtocolMessageDispatcher.processRequest(OzoneProtocolMessageDispatcher.java:87) [hdds-server-framework-1.4.0-SNAPSHOT.jar:?]
	at org.apache.hadoop.ozone.protocolPB.OzoneManagerProtocolServerSideTranslatorPB.submitRequest(OzoneManagerProtocolServerSideTranslatorPB.java:147) [ozone-manager-1.4.0-SNAPSHOT.jar:?]
	at org.apache.hadoop.ozone.protocol.proto.OzoneManagerProtocolProtos$OzoneManagerService$2.callBlockingMethod(OzoneManagerProtocolProtos.java) [ozone-interface-client-1.4.0-SNAPSHOT.jar:?]
	at org.apache.hadoop.ipc.ProtobufRpcEngine$Server.processCall(ProtobufRpcEngine.java:484) [hadoop-common-3.3.5.jar:?]
	at org.apache.hadoop.ipc.ProtobufRpcEngine2$Server$ProtoBufRpcInvoker.call(ProtobufRpcEngine2.java:595) [hadoop-common-3.3.5.jar:?]
	at org.apache.hadoop.ipc.ProtobufRpcEngine2$Server$ProtoBufRpcInvoker.call(ProtobufRpcEngine2.java:573) [hadoop-common-3.3.5.jar:?]
	at org.apache.hadoop.ipc.RPC$Server.call(RPC.java:1213) [hadoop-common-3.3.5.jar:?]
	at org.apache.hadoop.ipc.Server$RpcCall.run(Server.java:1089) [hadoop-common-3.3.5.jar:?]
	at org.apache.hadoop.ipc.Server$RpcCall.run(Server.java:1012) [hadoop-common-3.3.5.jar:?]
	at java.security.AccessController.doPrivileged(Native Method) ~[?:1.8.0_362]
	at javax.security.auth.Subject.doAs(Subject.java:422) [?:1.8.0_362]
	at org.apache.hadoop.security.UserGroupInformation.doAs(UserGroupInformation.java:1899) [hadoop-common-3.3.5.jar:?]
	at org.apache.hadoop.ipc.Server$Handler.run(Server.java:3026) [hadoop-common-3.3.5.jar:?]
21:54:59.988 [IPC Server handler 10 on default port 45425] ERROR OMAudit - user=runner | ip=127.0.0.1 | op=GET_FILE_STATUS {volume=vol-b-65378, bucket=buc-b-74678, key=key-, dataSize=0, replicationConfig=null} | ret=FAILURE
org.apache.hadoop.ozone.om.exceptions.OMException: Unable to get file status: volume: vol-b-65378 bucket: buc-b-74678 key: key-
	at org.apache.hadoop.ozone.om.KeyManagerImpl.getOzoneFileStatusFSO(KeyManagerImpl.java:1311) ~[ozone-manager-1.4.0-SNAPSHOT.jar:?]
	at org.apache.hadoop.ozone.om.KeyManagerImpl.getFileStatus(KeyManagerImpl.java:1103) ~[ozone-manager-1.4.0-SNAPSHOT.jar:?]
	at org.apache.hadoop.ozone.om.OmMetadataReader.getFileStatus(OmMetadataReader.java:289) ~[ozone-manager-1.4.0-SNAPSHOT.jar:?]
	at org.apache.hadoop.ozone.om.OzoneManager.getFileStatus(OzoneManager.java:3502) ~[ozone-manager-1.4.0-SNAPSHOT.jar:?]
	at org.apache.hadoop.ozone.protocolPB.OzoneManagerRequestHandler.getOzoneFileStatus(OzoneManagerRequestHandler.java:934) ~[ozone-manager-1.4.0-SNAPSHOT.jar:?]
	at org.apache.hadoop.ozone.protocolPB.OzoneManagerRequestHandler.handleReadRequest(OzoneManagerRequestHandler.java:238) ~[ozone-manager-1.4.0-SNAPSHOT.jar:?]
	at org.apache.hadoop.ozone.protocolPB.OzoneManagerProtocolServerSideTranslatorPB.submitReadRequestToOM(OzoneManagerProtocolServerSideTranslatorPB.java:223) ~[ozone-manager-1.4.0-SNAPSHOT.jar:?]
	at org.apache.hadoop.ozone.protocolPB.OzoneManagerProtocolServerSideTranslatorPB.processRequest(OzoneManagerProtocolServerSideTranslatorPB.java:177) ~[ozone-manager-1.4.0-SNAPSHOT.jar:?]
	at org.apache.hadoop.hdds.server.OzoneProtocolMessageDispatcher.processRequest(OzoneProtocolMessageDispatcher.java:87) [hdds-server-framework-1.4.0-SNAPSHOT.jar:?]
	at org.apache.hadoop.ozone.protocolPB.OzoneManagerProtocolServerSideTranslatorPB.submitRequest(OzoneManagerProtocolServerSideTranslatorPB.java:147) [ozone-manager-1.4.0-SNAPSHOT.jar:?]
	at org.apache.hadoop.ozone.protocol.proto.OzoneManagerProtocolProtos$OzoneManagerService$2.callBlockingMethod(OzoneManagerProtocolProtos.java) [ozone-interface-client-1.4.0-SNAPSHOT.jar:?]
	at org.apache.hadoop.ipc.ProtobufRpcEngine$Server.processCall(ProtobufRpcEngine.java:484) [hadoop-common-3.3.5.jar:?]
	at org.apache.hadoop.ipc.ProtobufRpcEngine2$Server$ProtoBufRpcInvoker.call(ProtobufRpcEngine2.java:595) [hadoop-common-3.3.5.jar:?]
	at org.apache.hadoop.ipc.ProtobufRpcEngine2$Server$ProtoBufRpcInvoker.call(ProtobufRpcEngine2.java:573) [hadoop-common-3.3.5.jar:?]
	at org.apache.hadoop.ipc.RPC$Server.call(RPC.java:1213) [hadoop-common-3.3.5.jar:?]
	at org.apache.hadoop.ipc.Server$RpcCall.run(Server.java:1089) [hadoop-common-3.3.5.jar:?]
	at org.apache.hadoop.ipc.Server$RpcCall.run(Server.java:1012) [hadoop-common-3.3.5.jar:?]
	at java.security.AccessController.doPrivileged(Native Method) ~[?:1.8.0_362]
	at javax.security.auth.Subject.doAs(Subject.java:422) [?:1.8.0_362]
	at org.apache.hadoop.security.UserGroupInformation.doAs(UserGroupInformation.java:1899) [hadoop-common-3.3.5.jar:?]
	at org.apache.hadoop.ipc.Server$Handler.run(Server.java:3026) [hadoop-common-3.3.5.jar:?]
21:54:59.993 [IPC Server handler 18 on default port 45425] ERROR OMAudit - user=runner | ip=127.0.0.1 | op=GET_FILE_STATUS {volume=vol-a-19528, bucket=buc-a-28420, key=key-a-, dataSize=0, replicationConfig=null} | ret=FAILURE
org.apache.hadoop.ozone.om.exceptions.OMException: Unable to get file status: volume: vol-a-19528 bucket: buc-a-28420 key: key-a-
	at org.apache.hadoop.ozone.om.KeyManagerImpl.getOzoneFileStatusFSO(KeyManagerImpl.java:1311) ~[ozone-manager-1.4.0-SNAPSHOT.jar:?]
	at org.apache.hadoop.ozone.om.KeyManagerImpl.getFileStatus(KeyManagerImpl.java:1103) ~[ozone-manager-1.4.0-SNAPSHOT.jar:?]
	at org.apache.hadoop.ozone.om.OmMetadataReader.getFileStatus(OmMetadataReader.java:289) ~[ozone-manager-1.4.0-SNAPSHOT.jar:?]
	at org.apache.hadoop.ozone.om.OzoneManager.getFileStatus(OzoneManager.java:3502) ~[ozone-manager-1.4.0-SNAPSHOT.jar:?]
	at org.apache.hadoop.ozone.protocolPB.OzoneManagerRequestHandler.getOzoneFileStatus(OzoneManagerRequestHandler.java:934) ~[ozone-manager-1.4.0-SNAPSHOT.jar:?]
	at org.apache.hadoop.ozone.protocolPB.OzoneManagerRequestHandler.handleReadRequest(OzoneManagerRequestHandler.java:238) ~[ozone-manager-1.4.0-SNAPSHOT.jar:?]
	at org.apache.hadoop.ozone.protocolPB.OzoneManagerProtocolServerSideTranslatorPB.submitReadRequestToOM(OzoneManagerProtocolServerSideTranslatorPB.java:223) ~[ozone-manager-1.4.0-SNAPSHOT.jar:?]
	at org.apache.hadoop.ozone.protocolPB.OzoneManagerProtocolServerSideTranslatorPB.processRequest(OzoneManagerProtocolServerSideTranslatorPB.java:177) ~[ozone-manager-1.4.0-SNAPSHOT.jar:?]
	at org.apache.hadoop.hdds.server.OzoneProtocolMessageDispatcher.processRequest(OzoneProtocolMessageDispatcher.java:87) [hdds-server-framework-1.4.0-SNAPSHOT.jar:?]
	at org.apache.hadoop.ozone.protocolPB.OzoneManagerProtocolServerSideTranslatorPB.submitRequest(OzoneManagerProtocolServerSideTranslatorPB.java:147) [ozone-manager-1.4.0-SNAPSHOT.jar:?]
	at org.apache.hadoop.ozone.protocol.proto.OzoneManagerProtocolProtos$OzoneManagerService$2.callBlockingMethod(OzoneManagerProtocolProtos.java) [ozone-interface-client-1.4.0-SNAPSHOT.jar:?]
	at org.apache.hadoop.ipc.ProtobufRpcEngine$Server.processCall(ProtobufRpcEngine.java:484) [hadoop-common-3.3.5.jar:?]
	at org.apache.hadoop.ipc.ProtobufRpcEngine2$Server$ProtoBufRpcInvoker.call(ProtobufRpcEngine2.java:595) [hadoop-common-3.3.5.jar:?]
	at org.apache.hadoop.ipc.ProtobufRpcEngine2$Server$ProtoBufRpcInvoker.call(ProtobufRpcEngine2.java:573) [hadoop-common-3.3.5.jar:?]
	at org.apache.hadoop.ipc.RPC$Server.call(RPC.java:1213) [hadoop-common-3.3.5.jar:?]
	at org.apache.hadoop.ipc.Server$RpcCall.run(Server.java:1089) [hadoop-common-3.3.5.jar:?]
	at org.apache.hadoop.ipc.Server$RpcCall.run(Server.java:1012) [hadoop-common-3.3.5.jar:?]
	at java.security.AccessController.doPrivileged(Native Method) ~[?:1.8.0_362]
	at javax.security.auth.Subject.doAs(Subject.java:422) [?:1.8.0_362]
	at org.apache.hadoop.security.UserGroupInformation.doAs(UserGroupInformation.java:1899) [hadoop-common-3.3.5.jar:?]
	at org.apache.hadoop.ipc.Server$Handler.run(Server.java:3026) [hadoop-common-3.3.5.jar:?]
21:55:00.000 [IPC Server handler 2 on default port 45425] ERROR OMAudit - user=runner | ip=127.0.0.1 | op=GET_FILE_STATUS {volume=vol-a-19528, bucket=buc-a-28420, key=key-b-, dataSize=0, replicationConfig=null} | ret=FAILURE
org.apache.hadoop.ozone.om.exceptions.OMException: Unable to get file status: volume: vol-a-19528 bucket: buc-a-28420 key: key-b-
	at org.apache.hadoop.ozone.om.KeyManagerImpl.getOzoneFileStatusFSO(KeyManagerImpl.java:1311) ~[ozone-manager-1.4.0-SNAPSHOT.jar:?]
	at org.apache.hadoop.ozone.om.KeyManagerImpl.getFileStatus(KeyManagerImpl.java:1103) ~[ozone-manager-1.4.0-SNAPSHOT.jar:?]
	at org.apache.hadoop.ozone.om.OmMetadataReader.getFileStatus(OmMetadataReader.java:289) ~[ozone-manager-1.4.0-SNAPSHOT.jar:?]
	at org.apache.hadoop.ozone.om.OzoneManager.getFileStatus(OzoneManager.java:3502) ~[ozone-manager-1.4.0-SNAPSHOT.jar:?]
	at org.apache.hadoop.ozone.protocolPB.OzoneManagerRequestHandler.getOzoneFileStatus(OzoneManagerRequestHandler.java:934) ~[ozone-manager-1.4.0-SNAPSHOT.jar:?]
	at org.apache.hadoop.ozone.protocolPB.OzoneManagerRequestHandler.handleReadRequest(OzoneManagerRequestHandler.java:238) ~[ozone-manager-1.4.0-SNAPSHOT.jar:?]
	at org.apache.hadoop.ozone.protocolPB.OzoneManagerProtocolServerSideTranslatorPB.submitReadRequestToOM(OzoneManagerProtocolServerSideTranslatorPB.java:223) ~[ozone-manager-1.4.0-SNAPSHOT.jar:?]
	at org.apache.hadoop.ozone.protocolPB.OzoneManagerProtocolServerSideTranslatorPB.processRequest(OzoneManagerProtocolServerSideTranslatorPB.java:177) ~[ozone-manager-1.4.0-SNAPSHOT.jar:?]
	at org.apache.hadoop.hdds.server.OzoneProtocolMessageDispatcher.processRequest(OzoneProtocolMessageDispatcher.java:87) [hdds-server-framework-1.4.0-SNAPSHOT.jar:?]
	at org.apache.hadoop.ozone.protocolPB.OzoneManagerProtocolServerSideTranslatorPB.submitRequest(OzoneManagerProtocolServerSideTranslatorPB.java:147) [ozone-manager-1.4.0-SNAPSHOT.jar:?]
	at org.apache.hadoop.ozone.protocol.proto.OzoneManagerProtocolProtos$OzoneManagerService$2.callBlockingMethod(OzoneManagerProtocolProtos.java) [ozone-interface-client-1.4.0-SNAPSHOT.jar:?]
	at org.apache.hadoop.ipc.ProtobufRpcEngine$Server.processCall(ProtobufRpcEngine.java:484) [hadoop-common-3.3.5.jar:?]
	at org.apache.hadoop.ipc.ProtobufRpcEngine2$Server$ProtoBufRpcInvoker.call(ProtobufRpcEngine2.java:595) [hadoop-common-3.3.5.jar:?]
	at org.apache.hadoop.ipc.ProtobufRpcEngine2$Server$ProtoBufRpcInvoker.call(ProtobufRpcEngine2.java:573) [hadoop-common-3.3.5.jar:?]
	at org.apache.hadoop.ipc.RPC$Server.call(RPC.java:1213) [hadoop-common-3.3.5.jar:?]
	at org.apache.hadoop.ipc.Server$RpcCall.run(Server.java:1089) [hadoop-common-3.3.5.jar:?]
	at org.apache.hadoop.ipc.Server$RpcCall.run(Server.java:1012) [hadoop-common-3.3.5.jar:?]
	at java.security.AccessController.doPrivileged(Native Method) ~[?:1.8.0_362]
	at javax.security.auth.Subject.doAs(Subject.java:422) [?:1.8.0_362]
	at org.apache.hadoop.security.UserGroupInformation.doAs(UserGroupInformation.java:1899) [hadoop-common-3.3.5.jar:?]
	at org.apache.hadoop.ipc.Server$Handler.run(Server.java:3026) [hadoop-common-3.3.5.jar:?]
]]></system-out>
  </testcase>
  <testcase name="testListKeyOnEmptyBucket" classname="org.apache.hadoop.ozone.client.rpc.TestOzoneRpcClient" time="0.011">
    <system-out><![CDATA[2023-05-04 21:55:00,003 [Listener at 127.0.0.1/45425] INFO  rpc.RpcClient (RpcClient.java:createVolume(476)) - Creating Volume: vol-43203, with runner as owner and space quota set to -1 bytes, counts quota set to -1
2023-05-04 21:55:00,007 [OM StateMachine ApplyTransaction Thread - 0] INFO  volume.OMVolumeCreateRequest (OMVolumeCreateRequest.java:validateAndUpdateCache(195)) - created volume:vol-43203 for user:runner
2023-05-04 21:55:00,009 [Listener at 127.0.0.1/45425] INFO  rpc.RpcClient (RpcClient.java:createBucket(697)) - Creating Bucket: vol-43203/buc-94694, with server-side default bucket layout, runner as owner, Versioning false, Storage Type set to DISK and Encryption set to false, Replication Type set to server-side default replication type, Namespace Quota set to -1, Space Quota set to -1 
2023-05-04 21:55:00,011 [OM StateMachine ApplyTransaction Thread - 0] INFO  bucket.OMBucketCreateRequest (OMBucketCreateRequest.java:validateAndUpdateCache(270)) - created bucket: buc-94694 of layout FILE_SYSTEM_OPTIMIZED in volume: vol-43203
]]></system-out>
  </testcase>
  <testcase name="testListMultipartUploadParts(ReplicationConfig)[1]" classname="org.apache.hadoop.ozone.client.rpc.TestOzoneRpcClient" time="0.187">
    <system-out><![CDATA[2023-05-04 21:55:00,016 [Listener at 127.0.0.1/45425] INFO  rpc.RpcClient (RpcClient.java:createVolume(476)) - Creating Volume: 20014d67-9734-4625-9ba1-f7fc0587ff8c, with runner as owner and space quota set to -1 bytes, counts quota set to -1
2023-05-04 21:55:00,018 [OM StateMachine ApplyTransaction Thread - 0] INFO  volume.OMVolumeCreateRequest (OMVolumeCreateRequest.java:validateAndUpdateCache(195)) - created volume:20014d67-9734-4625-9ba1-f7fc0587ff8c for user:runner
2023-05-04 21:55:00,020 [Listener at 127.0.0.1/45425] INFO  rpc.RpcClient (RpcClient.java:createBucket(697)) - Creating Bucket: 20014d67-9734-4625-9ba1-f7fc0587ff8c/d7839af0-3939-4f02-a634-34f02e91e744, with server-side default bucket layout, runner as owner, Versioning false, Storage Type set to DISK and Encryption set to false, Replication Type set to server-side default replication type, Namespace Quota set to -1, Space Quota set to -1 
2023-05-04 21:55:00,022 [OM StateMachine ApplyTransaction Thread - 0] INFO  bucket.OMBucketCreateRequest (OMBucketCreateRequest.java:validateAndUpdateCache(270)) - created bucket: d7839af0-3939-4f02-a634-34f02e91e744 of layout FILE_SYSTEM_OPTIMIZED in volume: 20014d67-9734-4625-9ba1-f7fc0587ff8c
]]></system-out>
  </testcase>
  <testcase name="testListMultipartUploadParts(ReplicationConfig)[2]" classname="org.apache.hadoop.ozone.client.rpc.TestOzoneRpcClient" time="0.609">
    <system-out><![CDATA[2023-05-04 21:55:00,211 [Listener at 127.0.0.1/45425] INFO  rpc.RpcClient (RpcClient.java:createVolume(476)) - Creating Volume: c421584a-9289-43b0-9c76-88273294895b, with runner as owner and space quota set to -1 bytes, counts quota set to -1
2023-05-04 21:55:00,214 [OM StateMachine ApplyTransaction Thread - 0] INFO  volume.OMVolumeCreateRequest (OMVolumeCreateRequest.java:validateAndUpdateCache(195)) - created volume:c421584a-9289-43b0-9c76-88273294895b for user:runner
2023-05-04 21:55:00,217 [Listener at 127.0.0.1/45425] INFO  rpc.RpcClient (RpcClient.java:createBucket(697)) - Creating Bucket: c421584a-9289-43b0-9c76-88273294895b/9f30dc01-f611-4d25-a288-dc7ced8a70e8, with server-side default bucket layout, runner as owner, Versioning false, Storage Type set to DISK and Encryption set to false, Replication Type set to server-side default replication type, Namespace Quota set to -1, Space Quota set to -1 
2023-05-04 21:55:00,220 [OM StateMachine ApplyTransaction Thread - 0] INFO  bucket.OMBucketCreateRequest (OMBucketCreateRequest.java:validateAndUpdateCache(270)) - created bucket: 9f30dc01-f611-4d25-a288-dc7ced8a70e8 of layout FILE_SYSTEM_OPTIMIZED in volume: c421584a-9289-43b0-9c76-88273294895b
]]></system-out>
  </testcase>
  <testcase name="testListMultipartUploadParts(ReplicationConfig)[3]" classname="org.apache.hadoop.ozone.client.rpc.TestOzoneRpcClient" time="0.315">
    <system-out><![CDATA[2023-05-04 21:55:00,819 [Listener at 127.0.0.1/45425] INFO  rpc.RpcClient (RpcClient.java:createVolume(476)) - Creating Volume: f8d27aad-5b1a-40d9-9d82-e4cda4a2b6cd, with runner as owner and space quota set to -1 bytes, counts quota set to -1
2023-05-04 21:55:00,822 [OM StateMachine ApplyTransaction Thread - 0] INFO  volume.OMVolumeCreateRequest (OMVolumeCreateRequest.java:validateAndUpdateCache(195)) - created volume:f8d27aad-5b1a-40d9-9d82-e4cda4a2b6cd for user:runner
2023-05-04 21:55:00,823 [Listener at 127.0.0.1/45425] INFO  rpc.RpcClient (RpcClient.java:createBucket(697)) - Creating Bucket: f8d27aad-5b1a-40d9-9d82-e4cda4a2b6cd/571427d3-dcab-4bc0-92cd-ccce0417f17c, with server-side default bucket layout, runner as owner, Versioning false, Storage Type set to DISK and Encryption set to false, Replication Type set to server-side default replication type, Namespace Quota set to -1, Space Quota set to -1 
2023-05-04 21:55:00,825 [OM StateMachine ApplyTransaction Thread - 0] INFO  bucket.OMBucketCreateRequest (OMBucketCreateRequest.java:validateAndUpdateCache(270)) - created bucket: 571427d3-dcab-4bc0-92cd-ccce0417f17c of layout FILE_SYSTEM_OPTIMIZED in volume: f8d27aad-5b1a-40d9-9d82-e4cda4a2b6cd
]]></system-out>
  </testcase>
  <testcase name="testListMultipartUploadPartsWithContinuation(ReplicationConfig)[1]" classname="org.apache.hadoop.ozone.client.rpc.TestOzoneRpcClient" time="0.2">
    <system-out><![CDATA[2023-05-04 21:55:01,136 [Listener at 127.0.0.1/45425] INFO  rpc.RpcClient (RpcClient.java:createVolume(476)) - Creating Volume: 153f8cc6-631c-4821-a48c-5788f707cae2, with runner as owner and space quota set to -1 bytes, counts quota set to -1
2023-05-04 21:55:01,139 [OM StateMachine ApplyTransaction Thread - 0] INFO  volume.OMVolumeCreateRequest (OMVolumeCreateRequest.java:validateAndUpdateCache(195)) - created volume:153f8cc6-631c-4821-a48c-5788f707cae2 for user:runner
2023-05-04 21:55:01,141 [Listener at 127.0.0.1/45425] INFO  rpc.RpcClient (RpcClient.java:createBucket(697)) - Creating Bucket: 153f8cc6-631c-4821-a48c-5788f707cae2/ec21817a-8d88-437f-a6c1-59649eee4563, with server-side default bucket layout, runner as owner, Versioning false, Storage Type set to DISK and Encryption set to false, Replication Type set to server-side default replication type, Namespace Quota set to -1, Space Quota set to -1 
2023-05-04 21:55:01,143 [OM StateMachine ApplyTransaction Thread - 0] INFO  bucket.OMBucketCreateRequest (OMBucketCreateRequest.java:validateAndUpdateCache(270)) - created bucket: ec21817a-8d88-437f-a6c1-59649eee4563 of layout FILE_SYSTEM_OPTIMIZED in volume: 153f8cc6-631c-4821-a48c-5788f707cae2
]]></system-out>
  </testcase>
  <testcase name="testListMultipartUploadPartsWithContinuation(ReplicationConfig)[2]" classname="org.apache.hadoop.ozone.client.rpc.TestOzoneRpcClient" time="0.441">
    <system-out><![CDATA[2023-05-04 21:55:01,338 [Listener at 127.0.0.1/45425] INFO  rpc.RpcClient (RpcClient.java:createVolume(476)) - Creating Volume: 44c110f9-ae2e-440c-a316-496f0e09b723, with runner as owner and space quota set to -1 bytes, counts quota set to -1
2023-05-04 21:55:01,340 [OM StateMachine ApplyTransaction Thread - 0] INFO  volume.OMVolumeCreateRequest (OMVolumeCreateRequest.java:validateAndUpdateCache(195)) - created volume:44c110f9-ae2e-440c-a316-496f0e09b723 for user:runner
2023-05-04 21:55:01,342 [Listener at 127.0.0.1/45425] INFO  rpc.RpcClient (RpcClient.java:createBucket(697)) - Creating Bucket: 44c110f9-ae2e-440c-a316-496f0e09b723/90121226-a1c3-4637-8ee9-78410e97e298, with server-side default bucket layout, runner as owner, Versioning false, Storage Type set to DISK and Encryption set to false, Replication Type set to server-side default replication type, Namespace Quota set to -1, Space Quota set to -1 
2023-05-04 21:55:01,344 [OM StateMachine ApplyTransaction Thread - 0] INFO  bucket.OMBucketCreateRequest (OMBucketCreateRequest.java:validateAndUpdateCache(270)) - created bucket: 90121226-a1c3-4637-8ee9-78410e97e298 of layout FILE_SYSTEM_OPTIMIZED in volume: 44c110f9-ae2e-440c-a316-496f0e09b723
]]></system-out>
  </testcase>
  <testcase name="testListMultipartUploadPartsWithContinuation(ReplicationConfig)[3]" classname="org.apache.hadoop.ozone.client.rpc.TestOzoneRpcClient" time="0.277">
    <system-out><![CDATA[2023-05-04 21:55:01,780 [Listener at 127.0.0.1/45425] INFO  rpc.RpcClient (RpcClient.java:createVolume(476)) - Creating Volume: 1e3529f4-ac4d-4561-a661-c4a36224e579, with runner as owner and space quota set to -1 bytes, counts quota set to -1
2023-05-04 21:55:01,782 [OM StateMachine ApplyTransaction Thread - 0] INFO  volume.OMVolumeCreateRequest (OMVolumeCreateRequest.java:validateAndUpdateCache(195)) - created volume:1e3529f4-ac4d-4561-a661-c4a36224e579 for user:runner
2023-05-04 21:55:01,783 [Listener at 127.0.0.1/45425] INFO  rpc.RpcClient (RpcClient.java:createBucket(697)) - Creating Bucket: 1e3529f4-ac4d-4561-a661-c4a36224e579/4238716e-e78d-4735-b568-6e8245f50068, with server-side default bucket layout, runner as owner, Versioning false, Storage Type set to DISK and Encryption set to false, Replication Type set to server-side default replication type, Namespace Quota set to -1, Space Quota set to -1 
2023-05-04 21:55:01,785 [OM StateMachine ApplyTransaction Thread - 0] INFO  bucket.OMBucketCreateRequest (OMBucketCreateRequest.java:validateAndUpdateCache(270)) - created bucket: 4238716e-e78d-4735-b568-6e8245f50068 of layout FILE_SYSTEM_OPTIMIZED in volume: 1e3529f4-ac4d-4561-a661-c4a36224e579
]]></system-out>
  </testcase>
  <testcase name="testListPartsInvalidMaxParts" classname="org.apache.hadoop.ozone.client.rpc.TestOzoneRpcClient" time="0.008">
    <system-out><![CDATA[2023-05-04 21:55:02,057 [Listener at 127.0.0.1/45425] INFO  rpc.RpcClient (RpcClient.java:createVolume(476)) - Creating Volume: b9dbabce-ad86-47a1-b338-921f5afb426e, with runner as owner and space quota set to -1 bytes, counts quota set to -1
2023-05-04 21:55:02,059 [OM StateMachine ApplyTransaction Thread - 0] INFO  volume.OMVolumeCreateRequest (OMVolumeCreateRequest.java:validateAndUpdateCache(195)) - created volume:b9dbabce-ad86-47a1-b338-921f5afb426e for user:runner
2023-05-04 21:55:02,060 [Listener at 127.0.0.1/45425] INFO  rpc.RpcClient (RpcClient.java:createBucket(697)) - Creating Bucket: b9dbabce-ad86-47a1-b338-921f5afb426e/622d8e6f-6218-4fef-b68e-b797a93b7f2a, with server-side default bucket layout, runner as owner, Versioning false, Storage Type set to DISK and Encryption set to false, Replication Type set to server-side default replication type, Namespace Quota set to -1, Space Quota set to -1 
2023-05-04 21:55:02,062 [OM StateMachine ApplyTransaction Thread - 0] INFO  bucket.OMBucketCreateRequest (OMBucketCreateRequest.java:validateAndUpdateCache(270)) - created bucket: 622d8e6f-6218-4fef-b68e-b797a93b7f2a of layout FILE_SYSTEM_OPTIMIZED in volume: b9dbabce-ad86-47a1-b338-921f5afb426e
]]></system-out>
  </testcase>
  <testcase name="testListPartsInvalidPartMarker" classname="org.apache.hadoop.ozone.client.rpc.TestOzoneRpcClient" time="0.007">
    <system-out><![CDATA[2023-05-04 21:55:02,065 [Listener at 127.0.0.1/45425] INFO  rpc.RpcClient (RpcClient.java:createVolume(476)) - Creating Volume: 792e7a1c-fdba-4fb9-b25f-d8692268017b, with runner as owner and space quota set to -1 bytes, counts quota set to -1
2023-05-04 21:55:02,067 [OM StateMachine ApplyTransaction Thread - 0] INFO  volume.OMVolumeCreateRequest (OMVolumeCreateRequest.java:validateAndUpdateCache(195)) - created volume:792e7a1c-fdba-4fb9-b25f-d8692268017b for user:runner
2023-05-04 21:55:02,068 [Listener at 127.0.0.1/45425] INFO  rpc.RpcClient (RpcClient.java:createBucket(697)) - Creating Bucket: 792e7a1c-fdba-4fb9-b25f-d8692268017b/67fb09e0-8c6a-49b6-873e-9194bca7d442, with server-side default bucket layout, runner as owner, Versioning false, Storage Type set to DISK and Encryption set to false, Replication Type set to server-side default replication type, Namespace Quota set to -1, Space Quota set to -1 
2023-05-04 21:55:02,070 [OM StateMachine ApplyTransaction Thread - 0] INFO  bucket.OMBucketCreateRequest (OMBucketCreateRequest.java:validateAndUpdateCache(270)) - created bucket: 67fb09e0-8c6a-49b6-873e-9194bca7d442 of layout FILE_SYSTEM_OPTIMIZED in volume: 792e7a1c-fdba-4fb9-b25f-d8692268017b
]]></system-out>
  </testcase>
  <testcase name="testListPartsWithInvalidUploadID" classname="org.apache.hadoop.ozone.client.rpc.TestOzoneRpcClient" time="0.015">
    <system-out><![CDATA[2023-05-04 21:55:02,073 [Listener at 127.0.0.1/45425] INFO  rpc.RpcClient (RpcClient.java:createVolume(476)) - Creating Volume: 4df7f8f4-bcfe-464b-aa6e-2ced7da5d013, with runner as owner and space quota set to -1 bytes, counts quota set to -1
2023-05-04 21:55:02,081 [OM StateMachine ApplyTransaction Thread - 0] INFO  volume.OMVolumeCreateRequest (OMVolumeCreateRequest.java:validateAndUpdateCache(195)) - created volume:4df7f8f4-bcfe-464b-aa6e-2ced7da5d013 for user:runner
2023-05-04 21:55:02,082 [Listener at 127.0.0.1/45425] INFO  rpc.RpcClient (RpcClient.java:createBucket(697)) - Creating Bucket: 4df7f8f4-bcfe-464b-aa6e-2ced7da5d013/abe9ea86-3b99-4a70-a5e0-232548c86bb7, with server-side default bucket layout, runner as owner, Versioning false, Storage Type set to DISK and Encryption set to false, Replication Type set to server-side default replication type, Namespace Quota set to -1, Space Quota set to -1 
2023-05-04 21:55:02,084 [OM StateMachine ApplyTransaction Thread - 0] INFO  bucket.OMBucketCreateRequest (OMBucketCreateRequest.java:validateAndUpdateCache(270)) - created bucket: abe9ea86-3b99-4a70-a5e0-232548c86bb7 of layout FILE_SYSTEM_OPTIMIZED in volume: 4df7f8f4-bcfe-464b-aa6e-2ced7da5d013
21:55:02.086 [IPC Server handler 8 on default port 45425] ERROR OMAudit - user=runner | ip=127.0.0.1 | op=LIST_MULTIPART_UPLOAD_PARTS {volume=4df7f8f4-bcfe-464b-aa6e-2ced7da5d013, bucket=abe9ea86-3b99-4a70-a5e0-232548c86bb7, key=54e8204c-d22d-4ff7-b7ce-cd4b177c6d39, uploadID=random, partNumberMarker=100, maxParts=2} | ret=FAILURE
org.apache.hadoop.ozone.om.exceptions.OMException: No Such Multipart upload exists for this key.
	at org.apache.hadoop.ozone.om.KeyManagerImpl.listParts(KeyManagerImpl.java:728) ~[ozone-manager-1.4.0-SNAPSHOT.jar:?]
	at org.apache.hadoop.ozone.om.OzoneManager.listParts(OzoneManager.java:3460) ~[ozone-manager-1.4.0-SNAPSHOT.jar:?]
	at org.apache.hadoop.ozone.protocolPB.OzoneManagerRequestHandler.listParts(OzoneManagerRequestHandler.java:846) ~[ozone-manager-1.4.0-SNAPSHOT.jar:?]
	at org.apache.hadoop.ozone.protocolPB.OzoneManagerRequestHandler.handleReadRequest(OzoneManagerRequestHandler.java:214) ~[ozone-manager-1.4.0-SNAPSHOT.jar:?]
	at org.apache.hadoop.ozone.protocolPB.OzoneManagerProtocolServerSideTranslatorPB.submitReadRequestToOM(OzoneManagerProtocolServerSideTranslatorPB.java:223) ~[ozone-manager-1.4.0-SNAPSHOT.jar:?]
	at org.apache.hadoop.ozone.protocolPB.OzoneManagerProtocolServerSideTranslatorPB.processRequest(OzoneManagerProtocolServerSideTranslatorPB.java:177) ~[ozone-manager-1.4.0-SNAPSHOT.jar:?]
	at org.apache.hadoop.hdds.server.OzoneProtocolMessageDispatcher.processRequest(OzoneProtocolMessageDispatcher.java:87) [hdds-server-framework-1.4.0-SNAPSHOT.jar:?]
	at org.apache.hadoop.ozone.protocolPB.OzoneManagerProtocolServerSideTranslatorPB.submitRequest(OzoneManagerProtocolServerSideTranslatorPB.java:147) [ozone-manager-1.4.0-SNAPSHOT.jar:?]
	at org.apache.hadoop.ozone.protocol.proto.OzoneManagerProtocolProtos$OzoneManagerService$2.callBlockingMethod(OzoneManagerProtocolProtos.java) [ozone-interface-client-1.4.0-SNAPSHOT.jar:?]
	at org.apache.hadoop.ipc.ProtobufRpcEngine$Server.processCall(ProtobufRpcEngine.java:484) [hadoop-common-3.3.5.jar:?]
	at org.apache.hadoop.ipc.ProtobufRpcEngine2$Server$ProtoBufRpcInvoker.call(ProtobufRpcEngine2.java:595) [hadoop-common-3.3.5.jar:?]
	at org.apache.hadoop.ipc.ProtobufRpcEngine2$Server$ProtoBufRpcInvoker.call(ProtobufRpcEngine2.java:573) [hadoop-common-3.3.5.jar:?]
	at org.apache.hadoop.ipc.RPC$Server.call(RPC.java:1213) [hadoop-common-3.3.5.jar:?]
	at org.apache.hadoop.ipc.Server$RpcCall.run(Server.java:1089) [hadoop-common-3.3.5.jar:?]
	at org.apache.hadoop.ipc.Server$RpcCall.run(Server.java:1012) [hadoop-common-3.3.5.jar:?]
	at java.security.AccessController.doPrivileged(Native Method) ~[?:1.8.0_362]
	at javax.security.auth.Subject.doAs(Subject.java:422) [?:1.8.0_362]
	at org.apache.hadoop.security.UserGroupInformation.doAs(UserGroupInformation.java:1899) [hadoop-common-3.3.5.jar:?]
	at org.apache.hadoop.ipc.Server$Handler.run(Server.java:3026) [hadoop-common-3.3.5.jar:?]
]]></system-out>
  </testcase>
  <testcase name="testListPartsWithPartMarkerGreaterThanPartCount" classname="org.apache.hadoop.ozone.client.rpc.TestOzoneRpcClient" time="0.053">
    <system-out><![CDATA[2023-05-04 21:55:02,088 [Listener at 127.0.0.1/45425] INFO  rpc.RpcClient (RpcClient.java:createVolume(476)) - Creating Volume: 8d0e8c93-6ccb-41e6-a7c2-02cff8c39473, with runner as owner and space quota set to -1 bytes, counts quota set to -1
2023-05-04 21:55:02,089 [OM StateMachine ApplyTransaction Thread - 0] INFO  volume.OMVolumeCreateRequest (OMVolumeCreateRequest.java:validateAndUpdateCache(195)) - created volume:8d0e8c93-6ccb-41e6-a7c2-02cff8c39473 for user:runner
2023-05-04 21:55:02,091 [Listener at 127.0.0.1/45425] INFO  rpc.RpcClient (RpcClient.java:createBucket(697)) - Creating Bucket: 8d0e8c93-6ccb-41e6-a7c2-02cff8c39473/ca0c702f-148c-4755-9173-fed81d1fb830, with server-side default bucket layout, runner as owner, Versioning false, Storage Type set to DISK and Encryption set to false, Replication Type set to server-side default replication type, Namespace Quota set to -1, Space Quota set to -1 
2023-05-04 21:55:02,093 [OM StateMachine ApplyTransaction Thread - 0] INFO  bucket.OMBucketCreateRequest (OMBucketCreateRequest.java:validateAndUpdateCache(270)) - created bucket: ca0c702f-148c-4755-9173-fed81d1fb830 of layout FILE_SYSTEM_OPTIMIZED in volume: 8d0e8c93-6ccb-41e6-a7c2-02cff8c39473
]]></system-out>
  </testcase>
  <testcase name="testListVolume" classname="org.apache.hadoop.ozone.client.rpc.TestOzoneRpcClient" time="0.063">
    <system-out><![CDATA[2023-05-04 21:55:02,141 [Listener at 127.0.0.1/45425] INFO  rpc.RpcClient (RpcClient.java:createVolume(476)) - Creating Volume: vol-list-a-0-92853, with runner as owner and space quota set to -1 bytes, counts quota set to -1
2023-05-04 21:55:02,143 [OM StateMachine ApplyTransaction Thread - 0] INFO  volume.OMVolumeCreateRequest (OMVolumeCreateRequest.java:validateAndUpdateCache(195)) - created volume:vol-list-a-0-92853 for user:runner
2023-05-04 21:55:02,143 [Listener at 127.0.0.1/45425] INFO  rpc.RpcClient (RpcClient.java:createVolume(476)) - Creating Volume: vol-list-a-1-55468, with runner as owner and space quota set to -1 bytes, counts quota set to -1
2023-05-04 21:55:02,146 [OM StateMachine ApplyTransaction Thread - 0] INFO  volume.OMVolumeCreateRequest (OMVolumeCreateRequest.java:validateAndUpdateCache(195)) - created volume:vol-list-a-1-55468 for user:runner
2023-05-04 21:55:02,148 [Listener at 127.0.0.1/45425] INFO  rpc.RpcClient (RpcClient.java:createVolume(476)) - Creating Volume: vol-list-a-2-12693, with runner as owner and space quota set to -1 bytes, counts quota set to -1
2023-05-04 21:55:02,150 [OM StateMachine ApplyTransaction Thread - 0] INFO  volume.OMVolumeCreateRequest (OMVolumeCreateRequest.java:validateAndUpdateCache(195)) - created volume:vol-list-a-2-12693 for user:runner
2023-05-04 21:55:02,151 [Listener at 127.0.0.1/45425] INFO  rpc.RpcClient (RpcClient.java:createVolume(476)) - Creating Volume: vol-list-a-3-63033, with runner as owner and space quota set to -1 bytes, counts quota set to -1
2023-05-04 21:55:02,152 [OM StateMachine ApplyTransaction Thread - 0] INFO  volume.OMVolumeCreateRequest (OMVolumeCreateRequest.java:validateAndUpdateCache(195)) - created volume:vol-list-a-3-63033 for user:runner
2023-05-04 21:55:02,153 [Listener at 127.0.0.1/45425] INFO  rpc.RpcClient (RpcClient.java:createVolume(476)) - Creating Volume: vol-list-a-4-07433, with runner as owner and space quota set to -1 bytes, counts quota set to -1
2023-05-04 21:55:02,154 [OM StateMachine ApplyTransaction Thread - 0] INFO  volume.OMVolumeCreateRequest (OMVolumeCreateRequest.java:validateAndUpdateCache(195)) - created volume:vol-list-a-4-07433 for user:runner
2023-05-04 21:55:02,156 [Listener at 127.0.0.1/45425] INFO  rpc.RpcClient (RpcClient.java:createVolume(476)) - Creating Volume: vol-list-a-5-63834, with runner as owner and space quota set to -1 bytes, counts quota set to -1
2023-05-04 21:55:02,158 [OM StateMachine ApplyTransaction Thread - 0] INFO  volume.OMVolumeCreateRequest (OMVolumeCreateRequest.java:validateAndUpdateCache(195)) - created volume:vol-list-a-5-63834 for user:runner
2023-05-04 21:55:02,159 [Listener at 127.0.0.1/45425] INFO  rpc.RpcClient (RpcClient.java:createVolume(476)) - Creating Volume: vol-list-a-6-87986, with runner as owner and space quota set to -1 bytes, counts quota set to -1
2023-05-04 21:55:02,160 [OM StateMachine ApplyTransaction Thread - 0] INFO  volume.OMVolumeCreateRequest (OMVolumeCreateRequest.java:validateAndUpdateCache(195)) - created volume:vol-list-a-6-87986 for user:runner
2023-05-04 21:55:02,161 [Listener at 127.0.0.1/45425] INFO  rpc.RpcClient (RpcClient.java:createVolume(476)) - Creating Volume: vol-list-a-7-88189, with runner as owner and space quota set to -1 bytes, counts quota set to -1
2023-05-04 21:55:02,162 [OM StateMachine ApplyTransaction Thread - 0] INFO  volume.OMVolumeCreateRequest (OMVolumeCreateRequest.java:validateAndUpdateCache(195)) - created volume:vol-list-a-7-88189 for user:runner
2023-05-04 21:55:02,163 [Listener at 127.0.0.1/45425] INFO  rpc.RpcClient (RpcClient.java:createVolume(476)) - Creating Volume: vol-list-a-8-51862, with runner as owner and space quota set to -1 bytes, counts quota set to -1
2023-05-04 21:55:02,164 [OM StateMachine ApplyTransaction Thread - 0] INFO  volume.OMVolumeCreateRequest (OMVolumeCreateRequest.java:validateAndUpdateCache(195)) - created volume:vol-list-a-8-51862 for user:runner
2023-05-04 21:55:02,165 [Listener at 127.0.0.1/45425] INFO  rpc.RpcClient (RpcClient.java:createVolume(476)) - Creating Volume: vol-list-a-9-18504, with runner as owner and space quota set to -1 bytes, counts quota set to -1
2023-05-04 21:55:02,166 [OM StateMachine ApplyTransaction Thread - 0] INFO  volume.OMVolumeCreateRequest (OMVolumeCreateRequest.java:validateAndUpdateCache(195)) - created volume:vol-list-a-9-18504 for user:runner
2023-05-04 21:55:02,167 [Listener at 127.0.0.1/45425] INFO  rpc.RpcClient (RpcClient.java:createVolume(476)) - Creating Volume: vol-list-b-0-37627, with runner as owner and space quota set to -1 bytes, counts quota set to -1
2023-05-04 21:55:02,169 [OM StateMachine ApplyTransaction Thread - 0] INFO  volume.OMVolumeCreateRequest (OMVolumeCreateRequest.java:validateAndUpdateCache(195)) - created volume:vol-list-b-0-37627 for user:runner
2023-05-04 21:55:02,170 [Listener at 127.0.0.1/45425] INFO  rpc.RpcClient (RpcClient.java:createVolume(476)) - Creating Volume: vol-list-b-1-40803, with runner as owner and space quota set to -1 bytes, counts quota set to -1
2023-05-04 21:55:02,171 [OM StateMachine ApplyTransaction Thread - 0] INFO  volume.OMVolumeCreateRequest (OMVolumeCreateRequest.java:validateAndUpdateCache(195)) - created volume:vol-list-b-1-40803 for user:runner
2023-05-04 21:55:02,173 [Listener at 127.0.0.1/45425] INFO  rpc.RpcClient (RpcClient.java:createVolume(476)) - Creating Volume: vol-list-b-2-42072, with runner as owner and space quota set to -1 bytes, counts quota set to -1
2023-05-04 21:55:02,174 [OM StateMachine ApplyTransaction Thread - 0] INFO  volume.OMVolumeCreateRequest (OMVolumeCreateRequest.java:validateAndUpdateCache(195)) - created volume:vol-list-b-2-42072 for user:runner
2023-05-04 21:55:02,175 [Listener at 127.0.0.1/45425] INFO  rpc.RpcClient (RpcClient.java:createVolume(476)) - Creating Volume: vol-list-b-3-38799, with runner as owner and space quota set to -1 bytes, counts quota set to -1
2023-05-04 21:55:02,176 [OM StateMachine ApplyTransaction Thread - 0] INFO  volume.OMVolumeCreateRequest (OMVolumeCreateRequest.java:validateAndUpdateCache(195)) - created volume:vol-list-b-3-38799 for user:runner
2023-05-04 21:55:02,177 [Listener at 127.0.0.1/45425] INFO  rpc.RpcClient (RpcClient.java:createVolume(476)) - Creating Volume: vol-list-b-4-21091, with runner as owner and space quota set to -1 bytes, counts quota set to -1
2023-05-04 21:55:02,179 [OM StateMachine ApplyTransaction Thread - 0] INFO  volume.OMVolumeCreateRequest (OMVolumeCreateRequest.java:validateAndUpdateCache(195)) - created volume:vol-list-b-4-21091 for user:runner
2023-05-04 21:55:02,179 [Listener at 127.0.0.1/45425] INFO  rpc.RpcClient (RpcClient.java:createVolume(476)) - Creating Volume: vol-list-b-5-81254, with runner as owner and space quota set to -1 bytes, counts quota set to -1
2023-05-04 21:55:02,181 [OM StateMachine ApplyTransaction Thread - 0] INFO  volume.OMVolumeCreateRequest (OMVolumeCreateRequest.java:validateAndUpdateCache(195)) - created volume:vol-list-b-5-81254 for user:runner
2023-05-04 21:55:02,182 [Listener at 127.0.0.1/45425] INFO  rpc.RpcClient (RpcClient.java:createVolume(476)) - Creating Volume: vol-list-b-6-10764, with runner as owner and space quota set to -1 bytes, counts quota set to -1
2023-05-04 21:55:02,184 [OM StateMachine ApplyTransaction Thread - 0] INFO  volume.OMVolumeCreateRequest (OMVolumeCreateRequest.java:validateAndUpdateCache(195)) - created volume:vol-list-b-6-10764 for user:runner
2023-05-04 21:55:02,184 [Listener at 127.0.0.1/45425] INFO  rpc.RpcClient (RpcClient.java:createVolume(476)) - Creating Volume: vol-list-b-7-73985, with runner as owner and space quota set to -1 bytes, counts quota set to -1
2023-05-04 21:55:02,186 [OM StateMachine ApplyTransaction Thread - 0] INFO  volume.OMVolumeCreateRequest (OMVolumeCreateRequest.java:validateAndUpdateCache(195)) - created volume:vol-list-b-7-73985 for user:runner
2023-05-04 21:55:02,188 [Listener at 127.0.0.1/45425] INFO  rpc.RpcClient (RpcClient.java:createVolume(476)) - Creating Volume: vol-list-b-8-71294, with runner as owner and space quota set to -1 bytes, counts quota set to -1
2023-05-04 21:55:02,190 [OM StateMachine ApplyTransaction Thread - 0] INFO  volume.OMVolumeCreateRequest (OMVolumeCreateRequest.java:validateAndUpdateCache(195)) - created volume:vol-list-b-8-71294 for user:runner
2023-05-04 21:55:02,190 [Listener at 127.0.0.1/45425] INFO  rpc.RpcClient (RpcClient.java:createVolume(476)) - Creating Volume: vol-list-b-9-54723, with runner as owner and space quota set to -1 bytes, counts quota set to -1
2023-05-04 21:55:02,192 [OM StateMachine ApplyTransaction Thread - 0] INFO  volume.OMVolumeCreateRequest (OMVolumeCreateRequest.java:validateAndUpdateCache(195)) - created volume:vol-list-b-9-54723 for user:runner
]]></system-out>
  </testcase>
  <testcase name="testMissingParentBucketUsedNamespace(BucketLayout)[1]" classname="org.apache.hadoop.ozone.client.rpc.TestOzoneRpcClient" time="0.029">
    <system-out><![CDATA[2023-05-04 21:55:02,209 [Listener at 127.0.0.1/45425] INFO  rpc.RpcClient (RpcClient.java:createVolume(476)) - Creating Volume: fd3795c6-7f4c-4453-8037-443934f0468d, with runner as owner and space quota set to -1 bytes, counts quota set to -1
2023-05-04 21:55:02,214 [OM StateMachine ApplyTransaction Thread - 0] INFO  volume.OMVolumeCreateRequest (OMVolumeCreateRequest.java:validateAndUpdateCache(195)) - created volume:fd3795c6-7f4c-4453-8037-443934f0468d for user:runner
2023-05-04 21:55:02,216 [Listener at 127.0.0.1/45425] INFO  rpc.RpcClient (RpcClient.java:createBucket(697)) - Creating Bucket: fd3795c6-7f4c-4453-8037-443934f0468d/c3dbd212-aae8-4218-9e53-6a6d15b9cba6, with bucket layout OBJECT_STORE, runner as owner, Versioning false, Storage Type set to DISK and Encryption set to false, Replication Type set to server-side default replication type, Namespace Quota set to -1, Space Quota set to -1 
2023-05-04 21:55:02,218 [OM StateMachine ApplyTransaction Thread - 0] INFO  bucket.OMBucketCreateRequest (OMBucketCreateRequest.java:validateAndUpdateCache(270)) - created bucket: c3dbd212-aae8-4218-9e53-6a6d15b9cba6 of layout OBJECT_STORE in volume: fd3795c6-7f4c-4453-8037-443934f0468d
]]></system-out>
  </testcase>
  <testcase name="testMissingParentBucketUsedNamespace(BucketLayout)[2]" classname="org.apache.hadoop.ozone.client.rpc.TestOzoneRpcClient" time="0.028">
    <system-out><![CDATA[2023-05-04 21:55:02,239 [Listener at 127.0.0.1/45425] INFO  rpc.RpcClient (RpcClient.java:createVolume(476)) - Creating Volume: d3155cf5-041b-4670-a476-0565d4b5bf13, with runner as owner and space quota set to -1 bytes, counts quota set to -1
2023-05-04 21:55:02,246 [OM StateMachine ApplyTransaction Thread - 0] INFO  volume.OMVolumeCreateRequest (OMVolumeCreateRequest.java:validateAndUpdateCache(195)) - created volume:d3155cf5-041b-4670-a476-0565d4b5bf13 for user:runner
2023-05-04 21:55:02,248 [Listener at 127.0.0.1/45425] INFO  rpc.RpcClient (RpcClient.java:createBucket(697)) - Creating Bucket: d3155cf5-041b-4670-a476-0565d4b5bf13/6b17e609-00aa-499b-9ab8-83f3b879185c, with bucket layout LEGACY, runner as owner, Versioning false, Storage Type set to DISK and Encryption set to false, Replication Type set to server-side default replication type, Namespace Quota set to -1, Space Quota set to -1 
2023-05-04 21:55:02,250 [OM StateMachine ApplyTransaction Thread - 0] INFO  bucket.OMBucketCreateRequest (OMBucketCreateRequest.java:validateAndUpdateCache(270)) - created bucket: 6b17e609-00aa-499b-9ab8-83f3b879185c of layout LEGACY in volume: d3155cf5-041b-4670-a476-0565d4b5bf13
]]></system-out>
  </testcase>
  <testcase name="testMissingParentBucketUsedNamespace(BucketLayout)[3]" classname="org.apache.hadoop.ozone.client.rpc.TestOzoneRpcClient" time="0.025">
    <system-out><![CDATA[2023-05-04 21:55:02,267 [Listener at 127.0.0.1/45425] INFO  rpc.RpcClient (RpcClient.java:createVolume(476)) - Creating Volume: ed6d1686-897d-4979-8d38-69356a2d4de7, with runner as owner and space quota set to -1 bytes, counts quota set to -1
2023-05-04 21:55:02,270 [OM StateMachine ApplyTransaction Thread - 0] INFO  volume.OMVolumeCreateRequest (OMVolumeCreateRequest.java:validateAndUpdateCache(195)) - created volume:ed6d1686-897d-4979-8d38-69356a2d4de7 for user:runner
2023-05-04 21:55:02,271 [Listener at 127.0.0.1/45425] INFO  rpc.RpcClient (RpcClient.java:createBucket(697)) - Creating Bucket: ed6d1686-897d-4979-8d38-69356a2d4de7/ab0b1942-41fc-441e-8619-c9a2f4b5fdfc, with bucket layout FILE_SYSTEM_OPTIMIZED, runner as owner, Versioning false, Storage Type set to DISK and Encryption set to false, Replication Type set to server-side default replication type, Namespace Quota set to -1, Space Quota set to -1 
2023-05-04 21:55:02,273 [OM StateMachine ApplyTransaction Thread - 0] INFO  bucket.OMBucketCreateRequest (OMBucketCreateRequest.java:validateAndUpdateCache(270)) - created bucket: ab0b1942-41fc-441e-8619-c9a2f4b5fdfc of layout FILE_SYSTEM_OPTIMIZED in volume: ed6d1686-897d-4979-8d38-69356a2d4de7
]]></system-out>
  </testcase>
  <testcase name="testMultipartUploadOverride(ReplicationConfig)[1]" classname="org.apache.hadoop.ozone.client.rpc.TestOzoneRpcClient" time="0.653">
    <system-out><![CDATA[2023-05-04 21:55:02,295 [Listener at 127.0.0.1/45425] INFO  rpc.RpcClient (RpcClient.java:createVolume(476)) - Creating Volume: 5a3d5c57-7cca-43a8-8c09-d1df84285e4e, with runner as owner and space quota set to -1 bytes, counts quota set to -1
2023-05-04 21:55:02,298 [OM StateMachine ApplyTransaction Thread - 0] INFO  volume.OMVolumeCreateRequest (OMVolumeCreateRequest.java:validateAndUpdateCache(195)) - created volume:5a3d5c57-7cca-43a8-8c09-d1df84285e4e for user:runner
2023-05-04 21:55:02,300 [Listener at 127.0.0.1/45425] INFO  rpc.RpcClient (RpcClient.java:createBucket(697)) - Creating Bucket: 5a3d5c57-7cca-43a8-8c09-d1df84285e4e/bcdb9e13-edc0-487c-bc0b-dfbdabd1101c, with server-side default bucket layout, runner as owner, Versioning false, Storage Type set to DISK and Encryption set to false, Replication Type set to server-side default replication type, Namespace Quota set to -1, Space Quota set to -1 
2023-05-04 21:55:02,302 [OM StateMachine ApplyTransaction Thread - 0] INFO  bucket.OMBucketCreateRequest (OMBucketCreateRequest.java:validateAndUpdateCache(270)) - created bucket: bcdb9e13-edc0-487c-bc0b-dfbdabd1101c of layout FILE_SYSTEM_OPTIMIZED in volume: 5a3d5c57-7cca-43a8-8c09-d1df84285e4e
2023-05-04 21:55:02,486 [IPC Server handler 2 on default port 35203] WARN  node.SCMNodeManager (SCMNodeManager.java:getNodesByAddress(1372)) - Cannot find node for address 127.0.0.1
2023-05-04 21:55:02,486 [IPC Server handler 14 on default port 35203] WARN  node.SCMNodeManager (SCMNodeManager.java:getNodesByAddress(1372)) - Cannot find node for address 127.0.0.1
2023-05-04 21:55:02,487 [IPC Server handler 6 on default port 35203] WARN  node.SCMNodeManager (SCMNodeManager.java:getNodesByAddress(1372)) - Cannot find node for address 127.0.0.1
2023-05-04 21:55:02,488 [IPC Server handler 11 on default port 35203] WARN  node.SCMNodeManager (SCMNodeManager.java:getNodesByAddress(1372)) - Cannot find node for address 127.0.0.1
2023-05-04 21:55:02,792 [IPC Server handler 17 on default port 35203] WARN  node.SCMNodeManager (SCMNodeManager.java:getNodesByAddress(1372)) - Cannot find node for address 127.0.0.1
2023-05-04 21:55:02,793 [IPC Server handler 15 on default port 35203] WARN  node.SCMNodeManager (SCMNodeManager.java:getNodesByAddress(1372)) - Cannot find node for address 127.0.0.1
2023-05-04 21:55:02,794 [IPC Server handler 12 on default port 35203] WARN  node.SCMNodeManager (SCMNodeManager.java:getNodesByAddress(1372)) - Cannot find node for address 127.0.0.1
2023-05-04 21:55:02,794 [IPC Server handler 9 on default port 35203] WARN  node.SCMNodeManager (SCMNodeManager.java:getNodesByAddress(1372)) - Cannot find node for address 127.0.0.1
]]></system-out>
  </testcase>
  <testcase name="testMultipartUploadOverride(ReplicationConfig)[2]" classname="org.apache.hadoop.ozone.client.rpc.TestOzoneRpcClient" time="1.287">
    <system-out><![CDATA[2023-05-04 21:55:02,950 [Listener at 127.0.0.1/45425] INFO  rpc.RpcClient (RpcClient.java:createVolume(476)) - Creating Volume: 23f0e4f2-75a5-456d-afc7-a7d4e7767685, with runner as owner and space quota set to -1 bytes, counts quota set to -1
2023-05-04 21:55:02,953 [OM StateMachine ApplyTransaction Thread - 0] INFO  volume.OMVolumeCreateRequest (OMVolumeCreateRequest.java:validateAndUpdateCache(195)) - created volume:23f0e4f2-75a5-456d-afc7-a7d4e7767685 for user:runner
2023-05-04 21:55:02,956 [Listener at 127.0.0.1/45425] INFO  rpc.RpcClient (RpcClient.java:createBucket(697)) - Creating Bucket: 23f0e4f2-75a5-456d-afc7-a7d4e7767685/69ac0aea-9c10-4aa7-b833-50d52fd8283e, with server-side default bucket layout, runner as owner, Versioning false, Storage Type set to DISK and Encryption set to false, Replication Type set to server-side default replication type, Namespace Quota set to -1, Space Quota set to -1 
2023-05-04 21:55:02,958 [OM StateMachine ApplyTransaction Thread - 0] INFO  bucket.OMBucketCreateRequest (OMBucketCreateRequest.java:validateAndUpdateCache(270)) - created bucket: 69ac0aea-9c10-4aa7-b833-50d52fd8283e of layout FILE_SYSTEM_OPTIMIZED in volume: 23f0e4f2-75a5-456d-afc7-a7d4e7767685
2023-05-04 21:55:03,643 [IPC Server handler 5 on default port 35203] WARN  node.SCMNodeManager (SCMNodeManager.java:getNodesByAddress(1372)) - Cannot find node for address 127.0.0.1
2023-05-04 21:55:03,644 [IPC Server handler 8 on default port 35203] WARN  node.SCMNodeManager (SCMNodeManager.java:getNodesByAddress(1372)) - Cannot find node for address 127.0.0.1
2023-05-04 21:55:03,645 [IPC Server handler 7 on default port 35203] WARN  node.SCMNodeManager (SCMNodeManager.java:getNodesByAddress(1372)) - Cannot find node for address 127.0.0.1
2023-05-04 21:55:04,073 [IPC Server handler 3 on default port 35203] WARN  node.SCMNodeManager (SCMNodeManager.java:getNodesByAddress(1372)) - Cannot find node for address 127.0.0.1
2023-05-04 21:55:04,074 [IPC Server handler 16 on default port 35203] WARN  node.SCMNodeManager (SCMNodeManager.java:getNodesByAddress(1372)) - Cannot find node for address 127.0.0.1
]]></system-out>
  </testcase>
  <testcase name="testMultipartUploadOverride(ReplicationConfig)[3]" classname="org.apache.hadoop.ozone.client.rpc.TestOzoneRpcClient" time="0.982">
    <system-out><![CDATA[2023-05-04 21:55:04,239 [Listener at 127.0.0.1/45425] INFO  rpc.RpcClient (RpcClient.java:createVolume(476)) - Creating Volume: 2af78379-e1ed-4e2c-8e9d-e5ca3818ef99, with runner as owner and space quota set to -1 bytes, counts quota set to -1
2023-05-04 21:55:04,242 [OM StateMachine ApplyTransaction Thread - 0] INFO  volume.OMVolumeCreateRequest (OMVolumeCreateRequest.java:validateAndUpdateCache(195)) - created volume:2af78379-e1ed-4e2c-8e9d-e5ca3818ef99 for user:runner
2023-05-04 21:55:04,244 [Listener at 127.0.0.1/45425] INFO  rpc.RpcClient (RpcClient.java:createBucket(697)) - Creating Bucket: 2af78379-e1ed-4e2c-8e9d-e5ca3818ef99/182709cf-9ddb-4d7e-9a51-929cb364a360, with server-side default bucket layout, runner as owner, Versioning false, Storage Type set to DISK and Encryption set to false, Replication Type set to server-side default replication type, Namespace Quota set to -1, Space Quota set to -1 
2023-05-04 21:55:04,246 [OM StateMachine ApplyTransaction Thread - 0] INFO  bucket.OMBucketCreateRequest (OMBucketCreateRequest.java:validateAndUpdateCache(270)) - created bucket: 182709cf-9ddb-4d7e-9a51-929cb364a360 of layout FILE_SYSTEM_OPTIMIZED in volume: 2af78379-e1ed-4e2c-8e9d-e5ca3818ef99
2023-05-04 21:55:04,574 [IPC Server handler 1 on default port 35203] WARN  node.SCMNodeManager (SCMNodeManager.java:getNodesByAddress(1372)) - Cannot find node for address 127.0.0.1
2023-05-04 21:55:04,575 [IPC Server handler 5 on default port 35203] WARN  node.SCMNodeManager (SCMNodeManager.java:getNodesByAddress(1372)) - Cannot find node for address 127.0.0.1
2023-05-04 21:55:04,576 [IPC Server handler 8 on default port 35203] WARN  node.SCMNodeManager (SCMNodeManager.java:getNodesByAddress(1372)) - Cannot find node for address 127.0.0.1
2023-05-04 21:55:05,052 [IPC Server handler 3 on default port 35203] WARN  node.SCMNodeManager (SCMNodeManager.java:getNodesByAddress(1372)) - Cannot find node for address 127.0.0.1
2023-05-04 21:55:05,054 [IPC Server handler 16 on default port 35203] WARN  node.SCMNodeManager (SCMNodeManager.java:getNodesByAddress(1372)) - Cannot find node for address 127.0.0.1
]]></system-out>
  </testcase>
  <testcase name="testMultipartUploadWithACL" classname="org.apache.hadoop.ozone.client.rpc.TestOzoneRpcClient" time="0.476">
    <system-out><![CDATA[2023-05-04 21:55:05,220 [Listener at 127.0.0.1/45425] INFO  rpc.RpcClient (RpcClient.java:createVolume(476)) - Creating Volume: 672f93bc-05cc-4a8e-b3ab-3660696e8ef3, with runner as owner and space quota set to -1 bytes, counts quota set to -1
2023-05-04 21:55:05,222 [OM StateMachine ApplyTransaction Thread - 0] INFO  volume.OMVolumeCreateRequest (OMVolumeCreateRequest.java:validateAndUpdateCache(195)) - created volume:672f93bc-05cc-4a8e-b3ab-3660696e8ef3 for user:runner
2023-05-04 21:55:05,224 [Listener at 127.0.0.1/45425] INFO  rpc.RpcClient (RpcClient.java:createBucket(697)) - Creating Bucket: 672f93bc-05cc-4a8e-b3ab-3660696e8ef3/31ce0201-9de7-4f1f-b023-79a1a58f61c1, with bucket layout OBJECT_STORE, runner as owner, Versioning false, Storage Type set to DISK and Encryption set to false, Replication Type set to server-side default replication type, Namespace Quota set to -1, Space Quota set to -1 
2023-05-04 21:55:05,227 [OM StateMachine ApplyTransaction Thread - 0] INFO  bucket.OMBucketCreateRequest (OMBucketCreateRequest.java:validateAndUpdateCache(270)) - created bucket: 31ce0201-9de7-4f1f-b023-79a1a58f61c1 of layout OBJECT_STORE in volume: 672f93bc-05cc-4a8e-b3ab-3660696e8ef3
2023-05-04 21:55:05,377 [IPC Server handler 1 on default port 35203] WARN  node.SCMNodeManager (SCMNodeManager.java:getNodesByAddress(1372)) - Cannot find node for address 127.0.0.1
2023-05-04 21:55:05,378 [IPC Server handler 5 on default port 35203] WARN  node.SCMNodeManager (SCMNodeManager.java:getNodesByAddress(1372)) - Cannot find node for address 127.0.0.1
2023-05-04 21:55:05,379 [IPC Server handler 8 on default port 35203] WARN  node.SCMNodeManager (SCMNodeManager.java:getNodesByAddress(1372)) - Cannot find node for address 127.0.0.1
2023-05-04 21:55:05,379 [IPC Server handler 7 on default port 35203] WARN  node.SCMNodeManager (SCMNodeManager.java:getNodesByAddress(1372)) - Cannot find node for address 127.0.0.1
2023-05-04 21:55:05,380 [IPC Server handler 17 on default port 35203] WARN  node.SCMNodeManager (SCMNodeManager.java:getNodesByAddress(1372)) - Cannot find node for address 127.0.0.1
2023-05-04 21:55:05,600 [OM StateMachine ApplyTransaction Thread - 0] WARN  om.OzoneManager (OmMetadataReader.java:checkAcls(498)) - User test-user doesn't have CREATE permission to access key Volume:672f93bc-05cc-4a8e-b3ab-3660696e8ef3 Bucket:31ce0201-9de7-4f1f-b023-79a1a58f61c1 Key:3ce81259-fa4e-4d5c-ab99-d32248cd5c7e
21:55:05.600 [OM StateMachine ApplyTransaction Thread - 0] ERROR OMAudit - user=test-user | ip=127.0.0.1 | op=INITIATE_MULTIPART_UPLOAD {volume=672f93bc-05cc-4a8e-b3ab-3660696e8ef3, bucket=31ce0201-9de7-4f1f-b023-79a1a58f61c1, key=3ce81259-fa4e-4d5c-ab99-d32248cd5c7e, dataSize=0, replicationType=RATIS, replicationFactor=ONE} | ret=FAILURE
org.apache.hadoop.ozone.om.exceptions.OMException: User test-user doesn't have CREATE permission to access key Volume:672f93bc-05cc-4a8e-b3ab-3660696e8ef3 Bucket:31ce0201-9de7-4f1f-b023-79a1a58f61c1 Key:3ce81259-fa4e-4d5c-ab99-d32248cd5c7e
	at org.apache.hadoop.ozone.om.OmMetadataReader.checkAcls(OmMetadataReader.java:501) ~[ozone-manager-1.4.0-SNAPSHOT.jar:?]
	at org.apache.hadoop.ozone.om.OmMetadataReader.checkAcls(OmMetadataReader.java:476) ~[ozone-manager-1.4.0-SNAPSHOT.jar:?]
	at org.apache.hadoop.ozone.om.OzoneAclUtils.checkAllAcls(OzoneAclUtils.java:121) ~[ozone-manager-1.4.0-SNAPSHOT.jar:?]
	at org.apache.hadoop.ozone.om.request.OMClientRequest.checkAcls(OMClientRequest.java:364) ~[ozone-manager-1.4.0-SNAPSHOT.jar:?]
	at org.apache.hadoop.ozone.om.request.OMClientRequest.checkAcls(OMClientRequest.java:215) ~[ozone-manager-1.4.0-SNAPSHOT.jar:?]
	at org.apache.hadoop.ozone.om.request.key.OMKeyRequest.checkKeyAcls(OMKeyRequest.java:343) ~[ozone-manager-1.4.0-SNAPSHOT.jar:?]
	at org.apache.hadoop.ozone.om.request.s3.multipart.S3InitiateMultipartUploadRequest.validateAndUpdateCache(S3InitiateMultipartUploadRequest.java:146) ~[ozone-manager-1.4.0-SNAPSHOT.jar:?]
	at org.apache.hadoop.ozone.protocolPB.OzoneManagerRequestHandler.handleWriteRequest(OzoneManagerRequestHandler.java:337) ~[ozone-manager-1.4.0-SNAPSHOT.jar:?]
	at org.apache.hadoop.ozone.om.ratis.OzoneManagerStateMachine.runCommand(OzoneManagerStateMachine.java:567) ~[ozone-manager-1.4.0-SNAPSHOT.jar:?]
	at org.apache.hadoop.ozone.om.ratis.OzoneManagerStateMachine.lambda$1(OzoneManagerStateMachine.java:358) ~[ozone-manager-1.4.0-SNAPSHOT.jar:?]
	at java.util.concurrent.CompletableFuture$AsyncSupply.run(CompletableFuture.java:1604) [?:1.8.0_362]
	at java.util.concurrent.ThreadPoolExecutor.runWorker(ThreadPoolExecutor.java:1149) [?:1.8.0_362]
	at java.util.concurrent.ThreadPoolExecutor$Worker.run(ThreadPoolExecutor.java:624) [?:1.8.0_362]
	at java.lang.Thread.run(Thread.java:750) [?:1.8.0_362]
2023-05-04 21:55:05,600 [OM StateMachine ApplyTransaction Thread - 0] ERROR multipart.S3InitiateMultipartUploadRequest (S3InitiateMultipartUploadRequest.java:logResult(269)) - S3 InitiateMultipart Upload request for Key 3ce81259-fa4e-4d5c-ab99-d32248cd5c7e in Volume/Bucket 672f93bc-05cc-4a8e-b3ab-3660696e8ef3/31ce0201-9de7-4f1f-b023-79a1a58f61c1 is failed
PERMISSION_DENIED org.apache.hadoop.ozone.om.exceptions.OMException: User test-user doesn't have CREATE permission to access key Volume:672f93bc-05cc-4a8e-b3ab-3660696e8ef3 Bucket:31ce0201-9de7-4f1f-b023-79a1a58f61c1 Key:3ce81259-fa4e-4d5c-ab99-d32248cd5c7e
	at org.apache.hadoop.ozone.om.OmMetadataReader.checkAcls(OmMetadataReader.java:501)
	at org.apache.hadoop.ozone.om.OmMetadataReader.checkAcls(OmMetadataReader.java:476)
	at org.apache.hadoop.ozone.om.OzoneAclUtils.checkAllAcls(OzoneAclUtils.java:121)
	at org.apache.hadoop.ozone.om.request.OMClientRequest.checkAcls(OMClientRequest.java:364)
	at org.apache.hadoop.ozone.om.request.OMClientRequest.checkAcls(OMClientRequest.java:215)
	at org.apache.hadoop.ozone.om.request.key.OMKeyRequest.checkKeyAcls(OMKeyRequest.java:343)
	at org.apache.hadoop.ozone.om.request.s3.multipart.S3InitiateMultipartUploadRequest.validateAndUpdateCache(S3InitiateMultipartUploadRequest.java:146)
	at org.apache.hadoop.ozone.protocolPB.OzoneManagerRequestHandler.handleWriteRequest(OzoneManagerRequestHandler.java:337)
	at org.apache.hadoop.ozone.om.ratis.OzoneManagerStateMachine.runCommand(OzoneManagerStateMachine.java:567)
	at org.apache.hadoop.ozone.om.ratis.OzoneManagerStateMachine.lambda$1(OzoneManagerStateMachine.java:358)
	at java.util.concurrent.CompletableFuture$AsyncSupply.run(CompletableFuture.java:1604)
	at java.util.concurrent.ThreadPoolExecutor.runWorker(ThreadPoolExecutor.java:1149)
	at java.util.concurrent.ThreadPoolExecutor$Worker.run(ThreadPoolExecutor.java:624)
	at java.lang.Thread.run(Thread.java:750)
2023-05-04 21:55:05,691 [IPC Server handler 14 on default port 45425] WARN  om.OzoneManager (OmMetadataReader.java:checkAcls(498)) - User test-user doesn't have READ permission to access key Volume:672f93bc-05cc-4a8e-b3ab-3660696e8ef3 Bucket:31ce0201-9de7-4f1f-b023-79a1a58f61c1 Key:697f231c-ad5e-496a-99d6-ff0860635245
21:55:05.695 [IPC Server handler 14 on default port 45425] ERROR OMAudit - user=test-user | ip=127.0.0.1 | op=READ_KEY {volume=672f93bc-05cc-4a8e-b3ab-3660696e8ef3, bucket=31ce0201-9de7-4f1f-b023-79a1a58f61c1, key=697f231c-ad5e-496a-99d6-ff0860635245, dataSize=0, replicationConfig=null} | ret=FAILURE
org.apache.hadoop.ozone.om.exceptions.OMException: User test-user doesn't have READ permission to access key Volume:672f93bc-05cc-4a8e-b3ab-3660696e8ef3 Bucket:31ce0201-9de7-4f1f-b023-79a1a58f61c1 Key:697f231c-ad5e-496a-99d6-ff0860635245
	at org.apache.hadoop.ozone.om.OmMetadataReader.checkAcls(OmMetadataReader.java:501) ~[ozone-manager-1.4.0-SNAPSHOT.jar:?]
	at org.apache.hadoop.ozone.om.OmMetadataReader.checkAcls(OmMetadataReader.java:476) ~[ozone-manager-1.4.0-SNAPSHOT.jar:?]
	at org.apache.hadoop.ozone.om.OzoneAclUtils.checkAllAcls(OzoneAclUtils.java:121) ~[ozone-manager-1.4.0-SNAPSHOT.jar:?]
	at org.apache.hadoop.ozone.om.OmMetadataReader.checkAcls(OmMetadataReader.java:438) ~[ozone-manager-1.4.0-SNAPSHOT.jar:?]
	at org.apache.hadoop.ozone.om.OmMetadataReader.lambda$3(OmMetadataReader.java:204) ~[ozone-manager-1.4.0-SNAPSHOT.jar:?]
	at org.apache.hadoop.util.MetricUtil.captureLatencyNs(MetricUtil.java:48) ~[hdds-common-1.4.0-SNAPSHOT.jar:?]
	at org.apache.hadoop.ozone.om.OmMetadataReader.getKeyInfo(OmMetadataReader.java:203) ~[ozone-manager-1.4.0-SNAPSHOT.jar:?]
	at org.apache.hadoop.ozone.om.OzoneManager.getKeyInfo(OzoneManager.java:2809) ~[ozone-manager-1.4.0-SNAPSHOT.jar:?]
	at org.apache.hadoop.ozone.protocolPB.OzoneManagerRequestHandler.getKeyInfo(OzoneManagerRequestHandler.java:549) ~[ozone-manager-1.4.0-SNAPSHOT.jar:?]
	at org.apache.hadoop.ozone.protocolPB.OzoneManagerRequestHandler.handleReadRequest(OzoneManagerRequestHandler.java:292) ~[ozone-manager-1.4.0-SNAPSHOT.jar:?]
	at org.apache.hadoop.ozone.protocolPB.OzoneManagerProtocolServerSideTranslatorPB.submitReadRequestToOM(OzoneManagerProtocolServerSideTranslatorPB.java:223) ~[ozone-manager-1.4.0-SNAPSHOT.jar:?]
	at org.apache.hadoop.ozone.protocolPB.OzoneManagerProtocolServerSideTranslatorPB.processRequest(OzoneManagerProtocolServerSideTranslatorPB.java:177) ~[ozone-manager-1.4.0-SNAPSHOT.jar:?]
	at org.apache.hadoop.hdds.server.OzoneProtocolMessageDispatcher.processRequest(OzoneProtocolMessageDispatcher.java:87) [hdds-server-framework-1.4.0-SNAPSHOT.jar:?]
	at org.apache.hadoop.ozone.protocolPB.OzoneManagerProtocolServerSideTranslatorPB.submitRequest(OzoneManagerProtocolServerSideTranslatorPB.java:147) [ozone-manager-1.4.0-SNAPSHOT.jar:?]
	at org.apache.hadoop.ozone.protocol.proto.OzoneManagerProtocolProtos$OzoneManagerService$2.callBlockingMethod(OzoneManagerProtocolProtos.java) [ozone-interface-client-1.4.0-SNAPSHOT.jar:?]
	at org.apache.hadoop.ipc.ProtobufRpcEngine$Server.processCall(ProtobufRpcEngine.java:484) [hadoop-common-3.3.5.jar:?]
	at org.apache.hadoop.ipc.ProtobufRpcEngine2$Server$ProtoBufRpcInvoker.call(ProtobufRpcEngine2.java:595) [hadoop-common-3.3.5.jar:?]
	at org.apache.hadoop.ipc.ProtobufRpcEngine2$Server$ProtoBufRpcInvoker.call(ProtobufRpcEngine2.java:573) [hadoop-common-3.3.5.jar:?]
	at org.apache.hadoop.ipc.RPC$Server.call(RPC.java:1213) [hadoop-common-3.3.5.jar:?]
	at org.apache.hadoop.ipc.Server$RpcCall.run(Server.java:1089) [hadoop-common-3.3.5.jar:?]
	at org.apache.hadoop.ipc.Server$RpcCall.run(Server.java:1012) [hadoop-common-3.3.5.jar:?]
	at java.security.AccessController.doPrivileged(Native Method) ~[?:1.8.0_362]
	at javax.security.auth.Subject.doAs(Subject.java:422) [?:1.8.0_362]
	at org.apache.hadoop.security.UserGroupInformation.doAs(UserGroupInformation.java:1899) [hadoop-common-3.3.5.jar:?]
	at org.apache.hadoop.ipc.Server$Handler.run(Server.java:3026) [hadoop-common-3.3.5.jar:?]
]]></system-out>
  </testcase>
  <testcase name="testMultipartUploadWithMissingParts" classname="org.apache.hadoop.ozone.client.rpc.TestOzoneRpcClient" time="0.032">
    <system-out><![CDATA[2023-05-04 21:55:05,697 [Listener at 127.0.0.1/45425] INFO  rpc.RpcClient (RpcClient.java:createVolume(476)) - Creating Volume: f4dba149-1f9c-4186-9099-354ebe3fa628, with runner as owner and space quota set to -1 bytes, counts quota set to -1
2023-05-04 21:55:05,700 [OM StateMachine ApplyTransaction Thread - 0] INFO  volume.OMVolumeCreateRequest (OMVolumeCreateRequest.java:validateAndUpdateCache(195)) - created volume:f4dba149-1f9c-4186-9099-354ebe3fa628 for user:runner
2023-05-04 21:55:05,701 [Listener at 127.0.0.1/45425] INFO  rpc.RpcClient (RpcClient.java:createBucket(697)) - Creating Bucket: f4dba149-1f9c-4186-9099-354ebe3fa628/f0d5d5a0-ff45-4894-bb5f-afe383fffc4a, with server-side default bucket layout, runner as owner, Versioning false, Storage Type set to DISK and Encryption set to false, Replication Type set to server-side default replication type, Namespace Quota set to -1, Space Quota set to -1 
2023-05-04 21:55:05,703 [OM StateMachine ApplyTransaction Thread - 0] INFO  bucket.OMBucketCreateRequest (OMBucketCreateRequest.java:validateAndUpdateCache(270)) - created bucket: f0d5d5a0-ff45-4894-bb5f-afe383fffc4a of layout FILE_SYSTEM_OPTIMIZED in volume: f4dba149-1f9c-4186-9099-354ebe3fa628
21:55:05.728 [OM StateMachine ApplyTransaction Thread - 0] ERROR OMAudit - user=runner | ip=127.0.0.1 | op=COMPLETE_MULTIPART_UPLOAD {volume=f4dba149-1f9c-4186-9099-354ebe3fa628, bucket=f0d5d5a0-ff45-4894-bb5f-afe383fffc4a, key=ad120c57-38f7-438d-ac0f-9e9e1d7c02d7, dataSize=0, replicationType=NONE, replicationFactor=ZERO, multipartList=[partNumber: 3 partName: "random" ]} | ret=FAILURE
org.apache.hadoop.ozone.om.exceptions.OMException: Complete Multipart Upload Failed: volume: f4dba149-1f9c-4186-9099-354ebe3fa628 bucket: f0d5d5a0-ff45-4894-bb5f-afe383fffc4a key: ad120c57-38f7-438d-ac0f-9e9e1d7c02d7. Provided Part info is { random, 3}, whereas OM has partName null
	at org.apache.hadoop.ozone.om.request.s3.multipart.S3MultipartUploadCompleteRequest.getMultipartDataSize(S3MultipartUploadCompleteRequest.java:510) ~[ozone-manager-1.4.0-SNAPSHOT.jar:?]
	at org.apache.hadoop.ozone.om.request.s3.multipart.S3MultipartUploadCompleteRequest.validateAndUpdateCache(S3MultipartUploadCompleteRequest.java:197) ~[ozone-manager-1.4.0-SNAPSHOT.jar:?]
	at org.apache.hadoop.ozone.protocolPB.OzoneManagerRequestHandler.handleWriteRequest(OzoneManagerRequestHandler.java:337) ~[ozone-manager-1.4.0-SNAPSHOT.jar:?]
	at org.apache.hadoop.ozone.om.ratis.OzoneManagerStateMachine.runCommand(OzoneManagerStateMachine.java:567) ~[ozone-manager-1.4.0-SNAPSHOT.jar:?]
	at org.apache.hadoop.ozone.om.ratis.OzoneManagerStateMachine.lambda$1(OzoneManagerStateMachine.java:358) ~[ozone-manager-1.4.0-SNAPSHOT.jar:?]
	at java.util.concurrent.CompletableFuture$AsyncSupply.run(CompletableFuture.java:1604) [?:1.8.0_362]
	at java.util.concurrent.ThreadPoolExecutor.runWorker(ThreadPoolExecutor.java:1149) [?:1.8.0_362]
	at java.util.concurrent.ThreadPoolExecutor$Worker.run(ThreadPoolExecutor.java:624) [?:1.8.0_362]
	at java.lang.Thread.run(Thread.java:750) [?:1.8.0_362]
2023-05-04 21:55:05,728 [OM StateMachine ApplyTransaction Thread - 0] ERROR multipart.S3MultipartUploadCompleteRequest (S3MultipartUploadCompleteRequest.java:logResult(354)) - MultipartUpload Complete request failed for Key: ad120c57-38f7-438d-ac0f-9e9e1d7c02d7 in Volume/Bucket f4dba149-1f9c-4186-9099-354ebe3fa628/f0d5d5a0-ff45-4894-bb5f-afe383fffc4a
INVALID_PART org.apache.hadoop.ozone.om.exceptions.OMException: Complete Multipart Upload Failed: volume: f4dba149-1f9c-4186-9099-354ebe3fa628 bucket: f0d5d5a0-ff45-4894-bb5f-afe383fffc4a key: ad120c57-38f7-438d-ac0f-9e9e1d7c02d7. Provided Part info is { random, 3}, whereas OM has partName null
	at org.apache.hadoop.ozone.om.request.s3.multipart.S3MultipartUploadCompleteRequest.getMultipartDataSize(S3MultipartUploadCompleteRequest.java:510)
	at org.apache.hadoop.ozone.om.request.s3.multipart.S3MultipartUploadCompleteRequest.validateAndUpdateCache(S3MultipartUploadCompleteRequest.java:197)
	at org.apache.hadoop.ozone.protocolPB.OzoneManagerRequestHandler.handleWriteRequest(OzoneManagerRequestHandler.java:337)
	at org.apache.hadoop.ozone.om.ratis.OzoneManagerStateMachine.runCommand(OzoneManagerStateMachine.java:567)
	at org.apache.hadoop.ozone.om.ratis.OzoneManagerStateMachine.lambda$1(OzoneManagerStateMachine.java:358)
	at java.util.concurrent.CompletableFuture$AsyncSupply.run(CompletableFuture.java:1604)
	at java.util.concurrent.ThreadPoolExecutor.runWorker(ThreadPoolExecutor.java:1149)
	at java.util.concurrent.ThreadPoolExecutor$Worker.run(ThreadPoolExecutor.java:624)
	at java.lang.Thread.run(Thread.java:750)
]]></system-out>
  </testcase>
  <testcase name="testMultipartUploadWithPartsLessThanMinSize" classname="org.apache.hadoop.ozone.client.rpc.TestOzoneRpcClient" time="0.045">
    <system-out><![CDATA[2023-05-04 21:55:05,730 [Listener at 127.0.0.1/45425] INFO  rpc.RpcClient (RpcClient.java:createVolume(476)) - Creating Volume: f26e9d64-1d80-4e59-b219-5efa7a244bde, with runner as owner and space quota set to -1 bytes, counts quota set to -1
2023-05-04 21:55:05,732 [OM StateMachine ApplyTransaction Thread - 0] INFO  volume.OMVolumeCreateRequest (OMVolumeCreateRequest.java:validateAndUpdateCache(195)) - created volume:f26e9d64-1d80-4e59-b219-5efa7a244bde for user:runner
2023-05-04 21:55:05,734 [Listener at 127.0.0.1/45425] INFO  rpc.RpcClient (RpcClient.java:createBucket(697)) - Creating Bucket: f26e9d64-1d80-4e59-b219-5efa7a244bde/9034b6ce-41c0-4129-a3d7-291df20fbeef, with server-side default bucket layout, runner as owner, Versioning false, Storage Type set to DISK and Encryption set to false, Replication Type set to server-side default replication type, Namespace Quota set to -1, Space Quota set to -1 
2023-05-04 21:55:05,736 [OM StateMachine ApplyTransaction Thread - 0] INFO  bucket.OMBucketCreateRequest (OMBucketCreateRequest.java:validateAndUpdateCache(270)) - created bucket: 9034b6ce-41c0-4129-a3d7-291df20fbeef of layout FILE_SYSTEM_OPTIMIZED in volume: f26e9d64-1d80-4e59-b219-5efa7a244bde
2023-05-04 21:55:05,773 [OM StateMachine ApplyTransaction Thread - 0] ERROR multipart.S3MultipartUploadCompleteRequest (S3MultipartUploadCompleteRequest.java:getMultipartDataSize(529)) - MultipartUpload: /f26e9d64-1d80-4e59-b219-5efa7a244bde/9034b6ce-41c0-4129-a3d7-291df20fbeef/de9ee35d-a5d3-47ac-9723-0b0a0c5af4fe Part number: 1 size 4  is less than minimum part size 5242880
21:55:05.774 [OM StateMachine ApplyTransaction Thread - 0] ERROR OMAudit - user=runner | ip=127.0.0.1 | op=COMPLETE_MULTIPART_UPLOAD {volume=f26e9d64-1d80-4e59-b219-5efa7a244bde, bucket=9034b6ce-41c0-4129-a3d7-291df20fbeef, key=de9ee35d-a5d3-47ac-9723-0b0a0c5af4fe, dataSize=0, replicationType=NONE, replicationFactor=ZERO, multipartList=[partNumber: 1 partName: "/f26e9d64-1d80-4e59-b219-5efa7a244bde/9034b6ce-41c0-4129-a3d7-291df20fbeef/de9ee35d-a5d3-47ac-9723-0b0a0c5af4fe-51f93e47-534e-462c-b235-601c193db9fd-110312640068845815-1" , partNumber: 2 partName: "/f26e9d64-1d80-4e59-b219-5efa7a244bde/9034b6ce-41c0-4129-a3d7-291df20fbeef/de9ee35d-a5d3-47ac-9723-0b0a0c5af4fe-51f93e47-534e-462c-b235-601c193db9fd-110312640068845815-2" ]} | ret=FAILURE
org.apache.hadoop.ozone.om.exceptions.OMException: Complete Multipart Upload Failed: volume: f26e9d64-1d80-4e59-b219-5efa7a244bde bucket: 9034b6ce-41c0-4129-a3d7-291df20fbeef key: de9ee35d-a5d3-47ac-9723-0b0a0c5af4fe. Entity too small.
	at org.apache.hadoop.ozone.om.request.s3.multipart.S3MultipartUploadCompleteRequest.getMultipartDataSize(S3MultipartUploadCompleteRequest.java:533) ~[ozone-manager-1.4.0-SNAPSHOT.jar:?]
	at org.apache.hadoop.ozone.om.request.s3.multipart.S3MultipartUploadCompleteRequest.validateAndUpdateCache(S3MultipartUploadCompleteRequest.java:197) ~[ozone-manager-1.4.0-SNAPSHOT.jar:?]
	at org.apache.hadoop.ozone.protocolPB.OzoneManagerRequestHandler.handleWriteRequest(OzoneManagerRequestHandler.java:337) ~[ozone-manager-1.4.0-SNAPSHOT.jar:?]
	at org.apache.hadoop.ozone.om.ratis.OzoneManagerStateMachine.runCommand(OzoneManagerStateMachine.java:567) ~[ozone-manager-1.4.0-SNAPSHOT.jar:?]
	at org.apache.hadoop.ozone.om.ratis.OzoneManagerStateMachine.lambda$1(OzoneManagerStateMachine.java:358) ~[ozone-manager-1.4.0-SNAPSHOT.jar:?]
	at java.util.concurrent.CompletableFuture$AsyncSupply.run(CompletableFuture.java:1604) [?:1.8.0_362]
	at java.util.concurrent.ThreadPoolExecutor.runWorker(ThreadPoolExecutor.java:1149) [?:1.8.0_362]
	at java.util.concurrent.ThreadPoolExecutor$Worker.run(ThreadPoolExecutor.java:624) [?:1.8.0_362]
	at java.lang.Thread.run(Thread.java:750) [?:1.8.0_362]
2023-05-04 21:55:05,774 [OM StateMachine ApplyTransaction Thread - 0] ERROR multipart.S3MultipartUploadCompleteRequest (S3MultipartUploadCompleteRequest.java:logResult(354)) - MultipartUpload Complete request failed for Key: de9ee35d-a5d3-47ac-9723-0b0a0c5af4fe in Volume/Bucket f26e9d64-1d80-4e59-b219-5efa7a244bde/9034b6ce-41c0-4129-a3d7-291df20fbeef
ENTITY_TOO_SMALL org.apache.hadoop.ozone.om.exceptions.OMException: Complete Multipart Upload Failed: volume: f26e9d64-1d80-4e59-b219-5efa7a244bde bucket: 9034b6ce-41c0-4129-a3d7-291df20fbeef key: de9ee35d-a5d3-47ac-9723-0b0a0c5af4fe. Entity too small.
	at org.apache.hadoop.ozone.om.request.s3.multipart.S3MultipartUploadCompleteRequest.getMultipartDataSize(S3MultipartUploadCompleteRequest.java:533)
	at org.apache.hadoop.ozone.om.request.s3.multipart.S3MultipartUploadCompleteRequest.validateAndUpdateCache(S3MultipartUploadCompleteRequest.java:197)
	at org.apache.hadoop.ozone.protocolPB.OzoneManagerRequestHandler.handleWriteRequest(OzoneManagerRequestHandler.java:337)
	at org.apache.hadoop.ozone.om.ratis.OzoneManagerStateMachine.runCommand(OzoneManagerStateMachine.java:567)
	at org.apache.hadoop.ozone.om.ratis.OzoneManagerStateMachine.lambda$1(OzoneManagerStateMachine.java:358)
	at java.util.concurrent.CompletableFuture$AsyncSupply.run(CompletableFuture.java:1604)
	at java.util.concurrent.ThreadPoolExecutor.runWorker(ThreadPoolExecutor.java:1149)
	at java.util.concurrent.ThreadPoolExecutor$Worker.run(ThreadPoolExecutor.java:624)
	at java.lang.Thread.run(Thread.java:750)
]]></system-out>
  </testcase>
  <testcase name="testMultipartUploadWithPartsMisMatchWithIncorrectPartName" classname="org.apache.hadoop.ozone.client.rpc.TestOzoneRpcClient" time="0.027">
    <system-out><![CDATA[2023-05-04 21:55:05,776 [Listener at 127.0.0.1/45425] INFO  rpc.RpcClient (RpcClient.java:createVolume(476)) - Creating Volume: d74486ca-dcef-4406-8569-c18e14abba31, with runner as owner and space quota set to -1 bytes, counts quota set to -1
2023-05-04 21:55:05,779 [OM StateMachine ApplyTransaction Thread - 0] INFO  volume.OMVolumeCreateRequest (OMVolumeCreateRequest.java:validateAndUpdateCache(195)) - created volume:d74486ca-dcef-4406-8569-c18e14abba31 for user:runner
2023-05-04 21:55:05,780 [Listener at 127.0.0.1/45425] INFO  rpc.RpcClient (RpcClient.java:createBucket(697)) - Creating Bucket: d74486ca-dcef-4406-8569-c18e14abba31/f70e16dd-92f0-4936-a00c-c0d1ed65872b, with server-side default bucket layout, runner as owner, Versioning false, Storage Type set to DISK and Encryption set to false, Replication Type set to server-side default replication type, Namespace Quota set to -1, Space Quota set to -1 
2023-05-04 21:55:05,782 [OM StateMachine ApplyTransaction Thread - 0] INFO  bucket.OMBucketCreateRequest (OMBucketCreateRequest.java:validateAndUpdateCache(270)) - created bucket: f70e16dd-92f0-4936-a00c-c0d1ed65872b of layout FILE_SYSTEM_OPTIMIZED in volume: d74486ca-dcef-4406-8569-c18e14abba31
21:55:05.801 [OM StateMachine ApplyTransaction Thread - 0] ERROR OMAudit - user=runner | ip=127.0.0.1 | op=COMPLETE_MULTIPART_UPLOAD {volume=d74486ca-dcef-4406-8569-c18e14abba31, bucket=f70e16dd-92f0-4936-a00c-c0d1ed65872b, key=96af5ed9-fad5-42f0-82e1-553ab9b4f3b5, dataSize=0, replicationType=NONE, replicationFactor=ZERO, multipartList=[partNumber: 1 partName: "1112ee9d-0ab8-460c-a719-878f98945c3f" ]} | ret=FAILURE
org.apache.hadoop.ozone.om.exceptions.OMException: Complete Multipart Upload Failed: volume: d74486ca-dcef-4406-8569-c18e14abba31 bucket: f70e16dd-92f0-4936-a00c-c0d1ed65872b key: 96af5ed9-fad5-42f0-82e1-553ab9b4f3b5. Provided Part info is { 1112ee9d-0ab8-460c-a719-878f98945c3f, 1}, whereas OM has partName /d74486ca-dcef-4406-8569-c18e14abba31/f70e16dd-92f0-4936-a00c-c0d1ed65872b/96af5ed9-fad5-42f0-82e1-553ab9b4f3b5-47ed66d3-f7f8-4f18-a437-bdf4f70eb0c2-110312640071794938-1
	at org.apache.hadoop.ozone.om.request.s3.multipart.S3MultipartUploadCompleteRequest.getMultipartDataSize(S3MultipartUploadCompleteRequest.java:510) ~[ozone-manager-1.4.0-SNAPSHOT.jar:?]
	at org.apache.hadoop.ozone.om.request.s3.multipart.S3MultipartUploadCompleteRequest.validateAndUpdateCache(S3MultipartUploadCompleteRequest.java:197) ~[ozone-manager-1.4.0-SNAPSHOT.jar:?]
	at org.apache.hadoop.ozone.protocolPB.OzoneManagerRequestHandler.handleWriteRequest(OzoneManagerRequestHandler.java:337) ~[ozone-manager-1.4.0-SNAPSHOT.jar:?]
	at org.apache.hadoop.ozone.om.ratis.OzoneManagerStateMachine.runCommand(OzoneManagerStateMachine.java:567) ~[ozone-manager-1.4.0-SNAPSHOT.jar:?]
	at org.apache.hadoop.ozone.om.ratis.OzoneManagerStateMachine.lambda$1(OzoneManagerStateMachine.java:358) ~[ozone-manager-1.4.0-SNAPSHOT.jar:?]
	at java.util.concurrent.CompletableFuture$AsyncSupply.run(CompletableFuture.java:1604) [?:1.8.0_362]
	at java.util.concurrent.ThreadPoolExecutor.runWorker(ThreadPoolExecutor.java:1149) [?:1.8.0_362]
	at java.util.concurrent.ThreadPoolExecutor$Worker.run(ThreadPoolExecutor.java:624) [?:1.8.0_362]
	at java.lang.Thread.run(Thread.java:750) [?:1.8.0_362]
2023-05-04 21:55:05,802 [OM StateMachine ApplyTransaction Thread - 0] ERROR multipart.S3MultipartUploadCompleteRequest (S3MultipartUploadCompleteRequest.java:logResult(354)) - MultipartUpload Complete request failed for Key: 96af5ed9-fad5-42f0-82e1-553ab9b4f3b5 in Volume/Bucket d74486ca-dcef-4406-8569-c18e14abba31/f70e16dd-92f0-4936-a00c-c0d1ed65872b
INVALID_PART org.apache.hadoop.ozone.om.exceptions.OMException: Complete Multipart Upload Failed: volume: d74486ca-dcef-4406-8569-c18e14abba31 bucket: f70e16dd-92f0-4936-a00c-c0d1ed65872b key: 96af5ed9-fad5-42f0-82e1-553ab9b4f3b5. Provided Part info is { 1112ee9d-0ab8-460c-a719-878f98945c3f, 1}, whereas OM has partName /d74486ca-dcef-4406-8569-c18e14abba31/f70e16dd-92f0-4936-a00c-c0d1ed65872b/96af5ed9-fad5-42f0-82e1-553ab9b4f3b5-47ed66d3-f7f8-4f18-a437-bdf4f70eb0c2-110312640071794938-1
	at org.apache.hadoop.ozone.om.request.s3.multipart.S3MultipartUploadCompleteRequest.getMultipartDataSize(S3MultipartUploadCompleteRequest.java:510)
	at org.apache.hadoop.ozone.om.request.s3.multipart.S3MultipartUploadCompleteRequest.validateAndUpdateCache(S3MultipartUploadCompleteRequest.java:197)
	at org.apache.hadoop.ozone.protocolPB.OzoneManagerRequestHandler.handleWriteRequest(OzoneManagerRequestHandler.java:337)
	at org.apache.hadoop.ozone.om.ratis.OzoneManagerStateMachine.runCommand(OzoneManagerStateMachine.java:567)
	at org.apache.hadoop.ozone.om.ratis.OzoneManagerStateMachine.lambda$1(OzoneManagerStateMachine.java:358)
	at java.util.concurrent.CompletableFuture$AsyncSupply.run(CompletableFuture.java:1604)
	at java.util.concurrent.ThreadPoolExecutor.runWorker(ThreadPoolExecutor.java:1149)
	at java.util.concurrent.ThreadPoolExecutor$Worker.run(ThreadPoolExecutor.java:624)
	at java.lang.Thread.run(Thread.java:750)
]]></system-out>
  </testcase>
  <testcase name="testMultipartUploadWithPartsMisMatchWithListSizeDifferent" classname="org.apache.hadoop.ozone.client.rpc.TestOzoneRpcClient" time="0.019">
    <system-out><![CDATA[2023-05-04 21:55:05,804 [Listener at 127.0.0.1/45425] INFO  rpc.RpcClient (RpcClient.java:createVolume(476)) - Creating Volume: 2600392d-f926-44d6-981e-549375a63872, with runner as owner and space quota set to -1 bytes, counts quota set to -1
2023-05-04 21:55:05,807 [OM StateMachine ApplyTransaction Thread - 0] INFO  volume.OMVolumeCreateRequest (OMVolumeCreateRequest.java:validateAndUpdateCache(195)) - created volume:2600392d-f926-44d6-981e-549375a63872 for user:runner
2023-05-04 21:55:05,809 [Listener at 127.0.0.1/45425] INFO  rpc.RpcClient (RpcClient.java:createBucket(697)) - Creating Bucket: 2600392d-f926-44d6-981e-549375a63872/4aaa638b-e693-4477-bc90-bdad040e7755, with server-side default bucket layout, runner as owner, Versioning false, Storage Type set to DISK and Encryption set to false, Replication Type set to server-side default replication type, Namespace Quota set to -1, Space Quota set to -1 
2023-05-04 21:55:05,812 [OM StateMachine ApplyTransaction Thread - 0] INFO  bucket.OMBucketCreateRequest (OMBucketCreateRequest.java:validateAndUpdateCache(270)) - created bucket: 4aaa638b-e693-4477-bc90-bdad040e7755 of layout FILE_SYSTEM_OPTIMIZED in volume: 2600392d-f926-44d6-981e-549375a63872
2023-05-04 21:55:05,820 [OM StateMachine ApplyTransaction Thread - 0] ERROR multipart.S3MultipartUploadCompleteRequest (S3MultipartUploadCompleteRequest.java:validateAndUpdateCache(183)) - Complete MultipartUpload failed for key /2600392d-f926-44d6-981e-549375a63872/4aaa638b-e693-4477-bc90-bdad040e7755/652a7b7b-f13b-4ec6-95c4-7a78335fdb93 , MPU Key has no parts in OM, parts given to upload are [partNumber: 1
partName: "1314d191-4e64-494c-91ef-a11967b60794"
]
21:55:05.820 [OM StateMachine ApplyTransaction Thread - 0] ERROR OMAudit - user=runner | ip=127.0.0.1 | op=COMPLETE_MULTIPART_UPLOAD {volume=2600392d-f926-44d6-981e-549375a63872, bucket=4aaa638b-e693-4477-bc90-bdad040e7755, key=652a7b7b-f13b-4ec6-95c4-7a78335fdb93, dataSize=0, replicationType=NONE, replicationFactor=ZERO, multipartList=[partNumber: 1 partName: "1314d191-4e64-494c-91ef-a11967b60794" ]} | ret=FAILURE
org.apache.hadoop.ozone.om.exceptions.OMException: Complete Multipart Upload Failed: volume: 2600392d-f926-44d6-981e-549375a63872 bucket: 4aaa638b-e693-4477-bc90-bdad040e7755 key: 652a7b7b-f13b-4ec6-95c4-7a78335fdb93
	at org.apache.hadoop.ozone.om.request.s3.multipart.S3MultipartUploadCompleteRequest.validateAndUpdateCache(S3MultipartUploadCompleteRequest.java:186) ~[ozone-manager-1.4.0-SNAPSHOT.jar:?]
	at org.apache.hadoop.ozone.protocolPB.OzoneManagerRequestHandler.handleWriteRequest(OzoneManagerRequestHandler.java:337) ~[ozone-manager-1.4.0-SNAPSHOT.jar:?]
	at org.apache.hadoop.ozone.om.ratis.OzoneManagerStateMachine.runCommand(OzoneManagerStateMachine.java:567) ~[ozone-manager-1.4.0-SNAPSHOT.jar:?]
	at org.apache.hadoop.ozone.om.ratis.OzoneManagerStateMachine.lambda$1(OzoneManagerStateMachine.java:358) ~[ozone-manager-1.4.0-SNAPSHOT.jar:?]
	at java.util.concurrent.CompletableFuture$AsyncSupply.run(CompletableFuture.java:1604) [?:1.8.0_362]
	at java.util.concurrent.ThreadPoolExecutor.runWorker(ThreadPoolExecutor.java:1149) [?:1.8.0_362]
	at java.util.concurrent.ThreadPoolExecutor$Worker.run(ThreadPoolExecutor.java:624) [?:1.8.0_362]
	at java.lang.Thread.run(Thread.java:750) [?:1.8.0_362]
2023-05-04 21:55:05,821 [OM StateMachine ApplyTransaction Thread - 0] ERROR multipart.S3MultipartUploadCompleteRequest (S3MultipartUploadCompleteRequest.java:logResult(354)) - MultipartUpload Complete request failed for Key: 652a7b7b-f13b-4ec6-95c4-7a78335fdb93 in Volume/Bucket 2600392d-f926-44d6-981e-549375a63872/4aaa638b-e693-4477-bc90-bdad040e7755
INVALID_PART org.apache.hadoop.ozone.om.exceptions.OMException: Complete Multipart Upload Failed: volume: 2600392d-f926-44d6-981e-549375a63872 bucket: 4aaa638b-e693-4477-bc90-bdad040e7755 key: 652a7b7b-f13b-4ec6-95c4-7a78335fdb93
	at org.apache.hadoop.ozone.om.request.s3.multipart.S3MultipartUploadCompleteRequest.validateAndUpdateCache(S3MultipartUploadCompleteRequest.java:186)
	at org.apache.hadoop.ozone.protocolPB.OzoneManagerRequestHandler.handleWriteRequest(OzoneManagerRequestHandler.java:337)
	at org.apache.hadoop.ozone.om.ratis.OzoneManagerStateMachine.runCommand(OzoneManagerStateMachine.java:567)
	at org.apache.hadoop.ozone.om.ratis.OzoneManagerStateMachine.lambda$1(OzoneManagerStateMachine.java:358)
	at java.util.concurrent.CompletableFuture$AsyncSupply.run(CompletableFuture.java:1604)
	at java.util.concurrent.ThreadPoolExecutor.runWorker(ThreadPoolExecutor.java:1149)
	at java.util.concurrent.ThreadPoolExecutor$Worker.run(ThreadPoolExecutor.java:624)
	at java.lang.Thread.run(Thread.java:750)
]]></system-out>
  </testcase>
  <testcase name="testNativeAclsForBucket" classname="org.apache.hadoop.ozone.client.rpc.TestOzoneRpcClient" time="0.109">
    <system-out><![CDATA[2023-05-04 21:55:05,823 [Listener at 127.0.0.1/45425] INFO  rpc.RpcClient (RpcClient.java:createVolume(476)) - Creating Volume: 6afce0d5-f451-4100-afed-2049dfabebbc, with runner as owner and space quota set to -1 bytes, counts quota set to -1
2023-05-04 21:55:05,825 [OM StateMachine ApplyTransaction Thread - 0] INFO  volume.OMVolumeCreateRequest (OMVolumeCreateRequest.java:validateAndUpdateCache(195)) - created volume:6afce0d5-f451-4100-afed-2049dfabebbc for user:runner
2023-05-04 21:55:05,827 [Listener at 127.0.0.1/45425] INFO  rpc.RpcClient (RpcClient.java:createBucket(697)) - Creating Bucket: 6afce0d5-f451-4100-afed-2049dfabebbc/593bb838-4960-4808-91fe-6f96d5320cbb, with server-side default bucket layout, runner as owner, Versioning false, Storage Type set to DISK and Encryption set to false, Replication Type set to server-side default replication type, Namespace Quota set to -1, Space Quota set to -1 
2023-05-04 21:55:05,829 [OM StateMachine ApplyTransaction Thread - 0] INFO  bucket.OMBucketCreateRequest (OMBucketCreateRequest.java:validateAndUpdateCache(270)) - created bucket: 593bb838-4960-4808-91fe-6f96d5320cbb of layout FILE_SYSTEM_OPTIMIZED in volume: 6afce0d5-f451-4100-afed-2049dfabebbc
2023-05-04 21:55:05,922 [Listener at 127.0.0.1/45425] INFO  rpc.RpcClient (RpcClient.java:createBucket(697)) - Creating Bucket: 6afce0d5-f451-4100-afed-2049dfabebbc/593bb838-4960-4808-91fe-6f96d5320cbb, with server-side default bucket layout, runner as owner, Versioning false, Storage Type set to DISK and Encryption set to false, Replication Type set to server-side default replication type, Namespace Quota set to -1, Space Quota set to -1 
2023-05-04 21:55:05,926 [OM StateMachine ApplyTransaction Thread - 0] INFO  bucket.OMBucketCreateRequest (OMBucketCreateRequest.java:validateAndUpdateCache(270)) - created bucket: 593bb838-4960-4808-91fe-6f96d5320cbb of layout FILE_SYSTEM_OPTIMIZED in volume: 6afce0d5-f451-4100-afed-2049dfabebbc
]]></system-out>
  </testcase>
  <testcase name="testNativeAclsForKey" classname="org.apache.hadoop.ozone.client.rpc.TestOzoneRpcClient" time="0.209">
    <system-out><![CDATA[2023-05-04 21:55:05,935 [Listener at 127.0.0.1/45425] INFO  rpc.RpcClient (RpcClient.java:createVolume(476)) - Creating Volume: af9aa1a9-ccb8-4d6a-864e-d5aec3492140, with runner as owner and space quota set to -1 bytes, counts quota set to -1
2023-05-04 21:55:05,937 [OM StateMachine ApplyTransaction Thread - 0] INFO  volume.OMVolumeCreateRequest (OMVolumeCreateRequest.java:validateAndUpdateCache(195)) - created volume:af9aa1a9-ccb8-4d6a-864e-d5aec3492140 for user:runner
2023-05-04 21:55:05,940 [Listener at 127.0.0.1/45425] INFO  rpc.RpcClient (RpcClient.java:createBucket(697)) - Creating Bucket: af9aa1a9-ccb8-4d6a-864e-d5aec3492140/4bb653d7-0053-4258-a430-9b798263a581, with server-side default bucket layout, runner as owner, Versioning false, Storage Type set to DISK and Encryption set to false, Replication Type set to server-side default replication type, Namespace Quota set to -1, Space Quota set to -1 
2023-05-04 21:55:05,942 [OM StateMachine ApplyTransaction Thread - 0] INFO  bucket.OMBucketCreateRequest (OMBucketCreateRequest.java:validateAndUpdateCache(270)) - created bucket: 4bb653d7-0053-4258-a430-9b798263a581 of layout FILE_SYSTEM_OPTIMIZED in volume: af9aa1a9-ccb8-4d6a-864e-d5aec3492140
]]></system-out>
  </testcase>
  <testcase name="testNativeAclsForPrefix" classname="org.apache.hadoop.ozone.client.rpc.TestOzoneRpcClient" time="0.092">
    <system-out><![CDATA[2023-05-04 21:55:06,144 [Listener at 127.0.0.1/45425] INFO  rpc.RpcClient (RpcClient.java:createVolume(476)) - Creating Volume: 76ab544a-e72d-499c-8f5e-0c23198a71fc, with runner as owner and space quota set to -1 bytes, counts quota set to -1
2023-05-04 21:55:06,147 [OM StateMachine ApplyTransaction Thread - 0] INFO  volume.OMVolumeCreateRequest (OMVolumeCreateRequest.java:validateAndUpdateCache(195)) - created volume:76ab544a-e72d-499c-8f5e-0c23198a71fc for user:runner
2023-05-04 21:55:06,148 [Listener at 127.0.0.1/45425] INFO  rpc.RpcClient (RpcClient.java:createBucket(697)) - Creating Bucket: 76ab544a-e72d-499c-8f5e-0c23198a71fc/d766e92f-ede3-4b7b-90de-fd60a157909c, with server-side default bucket layout, runner as owner, Versioning false, Storage Type set to DISK and Encryption set to false, Replication Type set to server-side default replication type, Namespace Quota set to -1, Space Quota set to -1 
2023-05-04 21:55:06,151 [OM StateMachine ApplyTransaction Thread - 0] INFO  bucket.OMBucketCreateRequest (OMBucketCreateRequest.java:validateAndUpdateCache(270)) - created bucket: d766e92f-ede3-4b7b-90de-fd60a157909c of layout FILE_SYSTEM_OPTIMIZED in volume: 76ab544a-e72d-499c-8f5e-0c23198a71fc
]]></system-out>
  </testcase>
  <testcase name="testNativeAclsForVolume" classname="org.apache.hadoop.ozone.client.rpc.TestOzoneRpcClient" time="0.07">
    <system-out><![CDATA[2023-05-04 21:55:06,237 [Listener at 127.0.0.1/45425] INFO  rpc.RpcClient (RpcClient.java:createVolume(476)) - Creating Volume: 512fb812-40e5-42cb-a9e1-7b30a5e80f94, with runner as owner and space quota set to -1 bytes, counts quota set to -1
2023-05-04 21:55:06,238 [OM StateMachine ApplyTransaction Thread - 0] INFO  volume.OMVolumeCreateRequest (OMVolumeCreateRequest.java:validateAndUpdateCache(195)) - created volume:512fb812-40e5-42cb-a9e1-7b30a5e80f94 for user:runner
]]></system-out>
  </testcase>
  <testcase name="testNoSuchUploadError" classname="org.apache.hadoop.ozone.client.rpc.TestOzoneRpcClient" time="0.013">
    <system-out><![CDATA[2023-05-04 21:55:06,309 [Listener at 127.0.0.1/45425] INFO  rpc.RpcClient (RpcClient.java:createVolume(476)) - Creating Volume: 391e2f4c-7e33-4bbc-ac2c-bc47663955e4, with runner as owner and space quota set to -1 bytes, counts quota set to -1
2023-05-04 21:55:06,311 [OM StateMachine ApplyTransaction Thread - 0] INFO  volume.OMVolumeCreateRequest (OMVolumeCreateRequest.java:validateAndUpdateCache(195)) - created volume:391e2f4c-7e33-4bbc-ac2c-bc47663955e4 for user:runner
2023-05-04 21:55:06,314 [Listener at 127.0.0.1/45425] INFO  rpc.RpcClient (RpcClient.java:createBucket(697)) - Creating Bucket: 391e2f4c-7e33-4bbc-ac2c-bc47663955e4/0c17529c-f947-4969-a0e3-53d9ed9991de, with server-side default bucket layout, runner as owner, Versioning false, Storage Type set to DISK and Encryption set to false, Replication Type set to server-side default replication type, Namespace Quota set to -1, Space Quota set to -1 
2023-05-04 21:55:06,316 [OM StateMachine ApplyTransaction Thread - 0] INFO  bucket.OMBucketCreateRequest (OMBucketCreateRequest.java:validateAndUpdateCache(270)) - created bucket: 0c17529c-f947-4969-a0e3-53d9ed9991de of layout FILE_SYSTEM_OPTIMIZED in volume: 391e2f4c-7e33-4bbc-ac2c-bc47663955e4
21:55:06.320 [OM StateMachine ApplyTransaction Thread - 0] ERROR OMAudit - user=runner | ip=127.0.0.1 | op=ALLOCATE_KEY {volume=391e2f4c-7e33-4bbc-ac2c-bc47663955e4, bucket=0c17529c-f947-4969-a0e3-53d9ed9991de, key=e5d8362c-c324-4911-89d7-bd2d638db7f5, dataSize=12, replicationType=NONE, replicationFactor=ZERO} | ret=FAILURE
org.apache.hadoop.ozone.om.exceptions.OMException: No such Multipart upload is with specified uploadId random
	at org.apache.hadoop.ozone.om.request.key.OMKeyRequest.prepareMultipartFileInfo(OMKeyRequest.java:765) ~[ozone-manager-1.4.0-SNAPSHOT.jar:?]
	at org.apache.hadoop.ozone.om.request.key.OMKeyRequest.prepareFileInfo(OMKeyRequest.java:652) ~[ozone-manager-1.4.0-SNAPSHOT.jar:?]
	at org.apache.hadoop.ozone.om.request.key.OMKeyCreateRequestWithFSO.validateAndUpdateCache(OMKeyCreateRequestWithFSO.java:162) ~[ozone-manager-1.4.0-SNAPSHOT.jar:?]
	at org.apache.hadoop.ozone.protocolPB.OzoneManagerRequestHandler.handleWriteRequest(OzoneManagerRequestHandler.java:337) ~[ozone-manager-1.4.0-SNAPSHOT.jar:?]
	at org.apache.hadoop.ozone.om.ratis.OzoneManagerStateMachine.runCommand(OzoneManagerStateMachine.java:567) ~[ozone-manager-1.4.0-SNAPSHOT.jar:?]
	at org.apache.hadoop.ozone.om.ratis.OzoneManagerStateMachine.lambda$1(OzoneManagerStateMachine.java:358) ~[ozone-manager-1.4.0-SNAPSHOT.jar:?]
	at java.util.concurrent.CompletableFuture$AsyncSupply.run(CompletableFuture.java:1604) [?:1.8.0_362]
	at java.util.concurrent.ThreadPoolExecutor.runWorker(ThreadPoolExecutor.java:1149) [?:1.8.0_362]
	at java.util.concurrent.ThreadPoolExecutor$Worker.run(ThreadPoolExecutor.java:624) [?:1.8.0_362]
	at java.lang.Thread.run(Thread.java:750) [?:1.8.0_362]
2023-05-04 21:55:06,320 [OM StateMachine ApplyTransaction Thread - 0] ERROR key.OMKeyCreateRequest (OMKeyCreateRequest.java:logResult(379)) - Key creation failed. Volume:391e2f4c-7e33-4bbc-ac2c-bc47663955e4, Bucket:0c17529c-f947-4969-a0e3-53d9ed9991de, Key:e5d8362c-c324-4911-89d7-bd2d638db7f5. 
NO_SUCH_MULTIPART_UPLOAD_ERROR org.apache.hadoop.ozone.om.exceptions.OMException: No such Multipart upload is with specified uploadId random
	at org.apache.hadoop.ozone.om.request.key.OMKeyRequest.prepareMultipartFileInfo(OMKeyRequest.java:765)
	at org.apache.hadoop.ozone.om.request.key.OMKeyRequest.prepareFileInfo(OMKeyRequest.java:652)
	at org.apache.hadoop.ozone.om.request.key.OMKeyCreateRequestWithFSO.validateAndUpdateCache(OMKeyCreateRequestWithFSO.java:162)
	at org.apache.hadoop.ozone.protocolPB.OzoneManagerRequestHandler.handleWriteRequest(OzoneManagerRequestHandler.java:337)
	at org.apache.hadoop.ozone.om.ratis.OzoneManagerStateMachine.runCommand(OzoneManagerStateMachine.java:567)
	at org.apache.hadoop.ozone.om.ratis.OzoneManagerStateMachine.lambda$1(OzoneManagerStateMachine.java:358)
	at java.util.concurrent.CompletableFuture$AsyncSupply.run(CompletableFuture.java:1604)
	at java.util.concurrent.ThreadPoolExecutor.runWorker(ThreadPoolExecutor.java:1149)
	at java.util.concurrent.ThreadPoolExecutor$Worker.run(ThreadPoolExecutor.java:624)
	at java.lang.Thread.run(Thread.java:750)
]]></system-out>
  </testcase>
  <testcase name="testOMClientProxyProvider" classname="org.apache.hadoop.ozone.client.rpc.TestOzoneRpcClient" time="0.002"/>
  <testcase name="testOverWriteKeyWithAndWithOutVersioning" classname="org.apache.hadoop.ozone.client.rpc.TestOzoneRpcClient" time="0.048">
    <failure type="java.lang.AssertionError"><![CDATA[java.lang.AssertionError
	at org.junit.Assert.fail(Assert.java:87)
	at org.junit.Assert.assertTrue(Assert.java:42)
	at org.junit.Assert.assertTrue(Assert.java:53)
	at org.apache.hadoop.ozone.client.rpc.TestOzoneRpcClientAbstract.checkExceptedResultForVersioningTest(TestOzoneRpcClientAbstract.java:4082)
	at org.apache.hadoop.ozone.client.rpc.TestOzoneRpcClientAbstract.testOverWriteKeyWithAndWithOutVersioning(TestOzoneRpcClientAbstract.java:4105)
	at sun.reflect.NativeMethodAccessorImpl.invoke0(Native Method)
	at sun.reflect.NativeMethodAccessorImpl.invoke(NativeMethodAccessorImpl.java:62)
	at sun.reflect.DelegatingMethodAccessorImpl.invoke(DelegatingMethodAccessorImpl.java:43)
	at java.lang.reflect.Method.invoke(Method.java:498)
	at org.junit.platform.commons.util.ReflectionUtils.invokeMethod(ReflectionUtils.java:725)
	at org.junit.jupiter.engine.execution.MethodInvocation.proceed(MethodInvocation.java:60)
	at org.junit.jupiter.engine.execution.InvocationInterceptorChain$ValidatingInvocation.proceed(InvocationInterceptorChain.java:131)
	at org.junit.jupiter.engine.extension.TimeoutInvocation.proceed(TimeoutInvocation.java:46)
	at org.junit.jupiter.engine.extension.TimeoutExtension.intercept(TimeoutExtension.java:149)
	at org.junit.jupiter.engine.extension.TimeoutExtension.interceptTestableMethod(TimeoutExtension.java:140)
	at org.junit.jupiter.engine.extension.TimeoutExtension.interceptTestMethod(TimeoutExtension.java:84)
	at org.junit.jupiter.engine.execution.ExecutableInvoker$ReflectiveInterceptorCall.lambda$ofVoidMethod$0(ExecutableInvoker.java:115)
	at org.junit.jupiter.engine.execution.ExecutableInvoker.lambda$invoke$0(ExecutableInvoker.java:105)
	at org.junit.jupiter.engine.execution.InvocationInterceptorChain$InterceptedInvocation.proceed(InvocationInterceptorChain.java:106)
	at org.junit.jupiter.engine.execution.InvocationInterceptorChain.proceed(InvocationInterceptorChain.java:64)
	at org.junit.jupiter.engine.execution.InvocationInterceptorChain.chainAndInvoke(InvocationInterceptorChain.java:45)
	at org.junit.jupiter.engine.execution.InvocationInterceptorChain.invoke(InvocationInterceptorChain.java:37)
	at org.junit.jupiter.engine.execution.ExecutableInvoker.invoke(ExecutableInvoker.java:104)
	at org.junit.jupiter.engine.execution.ExecutableInvoker.invoke(ExecutableInvoker.java:98)
	at org.junit.jupiter.engine.descriptor.TestMethodTestDescriptor.lambda$invokeTestMethod$7(TestMethodTestDescriptor.java:214)
	at org.junit.platform.engine.support.hierarchical.ThrowableCollector.execute(ThrowableCollector.java:73)
	at org.junit.jupiter.engine.descriptor.TestMethodTestDescriptor.invokeTestMethod(TestMethodTestDescriptor.java:210)
	at org.junit.jupiter.engine.descriptor.TestMethodTestDescriptor.execute(TestMethodTestDescriptor.java:135)
	at org.junit.jupiter.engine.descriptor.TestMethodTestDescriptor.execute(TestMethodTestDescriptor.java:66)
	at org.junit.platform.engine.support.hierarchical.NodeTestTask.lambda$executeRecursively$6(NodeTestTask.java:151)
	at org.junit.platform.engine.support.hierarchical.ThrowableCollector.execute(ThrowableCollector.java:73)
	at org.junit.platform.engine.support.hierarchical.NodeTestTask.lambda$executeRecursively$8(NodeTestTask.java:141)
	at org.junit.platform.engine.support.hierarchical.Node.around(Node.java:137)
	at org.junit.platform.engine.support.hierarchical.NodeTestTask.lambda$executeRecursively$9(NodeTestTask.java:139)
	at org.junit.platform.engine.support.hierarchical.ThrowableCollector.execute(ThrowableCollector.java:73)
	at org.junit.platform.engine.support.hierarchical.NodeTestTask.executeRecursively(NodeTestTask.java:138)
	at org.junit.platform.engine.support.hierarchical.NodeTestTask.execute(NodeTestTask.java:95)
	at java.util.ArrayList.forEach(ArrayList.java:1259)
	at org.junit.platform.engine.support.hierarchical.SameThreadHierarchicalTestExecutorService.invokeAll(SameThreadHierarchicalTestExecutorService.java:41)
	at org.junit.platform.engine.support.hierarchical.NodeTestTask.lambda$executeRecursively$6(NodeTestTask.java:155)
	at org.junit.platform.engine.support.hierarchical.ThrowableCollector.execute(ThrowableCollector.java:73)
	at org.junit.platform.engine.support.hierarchical.NodeTestTask.lambda$executeRecursively$8(NodeTestTask.java:141)
	at org.junit.platform.engine.support.hierarchical.Node.around(Node.java:137)
	at org.junit.platform.engine.support.hierarchical.NodeTestTask.lambda$executeRecursively$9(NodeTestTask.java:139)
	at org.junit.platform.engine.support.hierarchical.ThrowableCollector.execute(ThrowableCollector.java:73)
	at org.junit.platform.engine.support.hierarchical.NodeTestTask.executeRecursively(NodeTestTask.java:138)
	at org.junit.platform.engine.support.hierarchical.NodeTestTask.execute(NodeTestTask.java:95)
	at java.util.ArrayList.forEach(ArrayList.java:1259)
	at org.junit.platform.engine.support.hierarchical.SameThreadHierarchicalTestExecutorService.invokeAll(SameThreadHierarchicalTestExecutorService.java:41)
	at org.junit.platform.engine.support.hierarchical.NodeTestTask.lambda$executeRecursively$6(NodeTestTask.java:155)
	at org.junit.platform.engine.support.hierarchical.ThrowableCollector.execute(ThrowableCollector.java:73)
	at org.junit.platform.engine.support.hierarchical.NodeTestTask.lambda$executeRecursively$8(NodeTestTask.java:141)
	at org.junit.platform.engine.support.hierarchical.Node.around(Node.java:137)
	at org.junit.platform.engine.support.hierarchical.NodeTestTask.lambda$executeRecursively$9(NodeTestTask.java:139)
	at org.junit.platform.engine.support.hierarchical.ThrowableCollector.execute(ThrowableCollector.java:73)
	at org.junit.platform.engine.support.hierarchical.NodeTestTask.executeRecursively(NodeTestTask.java:138)
	at org.junit.platform.engine.support.hierarchical.NodeTestTask.execute(NodeTestTask.java:95)
	at org.junit.platform.engine.support.hierarchical.SameThreadHierarchicalTestExecutorService.submit(SameThreadHierarchicalTestExecutorService.java:35)
	at org.junit.platform.engine.support.hierarchical.HierarchicalTestExecutor.execute(HierarchicalTestExecutor.java:57)
	at org.junit.platform.engine.support.hierarchical.HierarchicalTestEngine.execute(HierarchicalTestEngine.java:54)
	at org.junit.platform.launcher.core.EngineExecutionOrchestrator.execute(EngineExecutionOrchestrator.java:107)
	at org.junit.platform.launcher.core.EngineExecutionOrchestrator.execute(EngineExecutionOrchestrator.java:88)
	at org.junit.platform.launcher.core.EngineExecutionOrchestrator.lambda$execute$0(EngineExecutionOrchestrator.java:54)
	at org.junit.platform.launcher.core.EngineExecutionOrchestrator.withInterceptedStreams(EngineExecutionOrchestrator.java:67)
	at org.junit.platform.launcher.core.EngineExecutionOrchestrator.execute(EngineExecutionOrchestrator.java:52)
	at org.junit.platform.launcher.core.DefaultLauncher.execute(DefaultLauncher.java:114)
	at org.junit.platform.launcher.core.DefaultLauncher.execute(DefaultLauncher.java:86)
	at org.junit.platform.launcher.core.DefaultLauncherSession$DelegatingLauncher.execute(DefaultLauncherSession.java:86)
	at org.junit.platform.launcher.core.SessionPerRequestLauncher.execute(SessionPerRequestLauncher.java:53)
	at org.apache.maven.surefire.junitplatform.JUnitPlatformProvider.execute(JUnitPlatformProvider.java:188)
	at org.apache.maven.surefire.junitplatform.JUnitPlatformProvider.invokeAllTests(JUnitPlatformProvider.java:154)
	at org.apache.maven.surefire.junitplatform.JUnitPlatformProvider.invoke(JUnitPlatformProvider.java:124)
	at org.apache.maven.surefire.booter.ForkedBooter.runSuitesInProcess(ForkedBooter.java:428)
	at org.apache.maven.surefire.booter.ForkedBooter.execute(ForkedBooter.java:162)
	at org.apache.maven.surefire.booter.ForkedBooter.run(ForkedBooter.java:562)
	at org.apache.maven.surefire.booter.ForkedBooter.main(ForkedBooter.java:548)
]]></failure>
    <system-out><![CDATA[2023-05-04 21:55:06,326 [Listener at 127.0.0.1/45425] INFO  rpc.RpcClient (RpcClient.java:createVolume(476)) - Creating Volume: 97a622b8-64d7-4b02-a655-08058328060d, with runner as owner and space quota set to -1 bytes, counts quota set to -1
2023-05-04 21:55:06,328 [OM StateMachine ApplyTransaction Thread - 0] INFO  volume.OMVolumeCreateRequest (OMVolumeCreateRequest.java:validateAndUpdateCache(195)) - created volume:97a622b8-64d7-4b02-a655-08058328060d for user:runner
2023-05-04 21:55:06,329 [Listener at 127.0.0.1/45425] INFO  rpc.RpcClient (RpcClient.java:createBucket(697)) - Creating Bucket: 97a622b8-64d7-4b02-a655-08058328060d/99d63810-04e3-4727-9937-67d7cca99d02, with bucket layout OBJECT_STORE, runner as owner, Versioning false, Storage Type set to DISK and Encryption set to false, Replication Type set to server-side default replication type, Namespace Quota set to -1, Space Quota set to -1 
2023-05-04 21:55:06,331 [OM StateMachine ApplyTransaction Thread - 0] INFO  bucket.OMBucketCreateRequest (OMBucketCreateRequest.java:validateAndUpdateCache(270)) - created bucket: 99d63810-04e3-4727-9937-67d7cca99d02 of layout OBJECT_STORE in volume: 97a622b8-64d7-4b02-a655-08058328060d
]]></system-out>
  </testcase>
  <testcase name="testPutKey" classname="org.apache.hadoop.ozone.client.rpc.TestOzoneRpcClient" time="0.276">
    <system-out><![CDATA[2023-05-04 21:55:06,380 [Listener at 127.0.0.1/45425] INFO  rpc.RpcClient (RpcClient.java:createVolume(476)) - Creating Volume: 60e75cf0-c1ab-452d-b33d-522f1999f4ae, with runner as owner and space quota set to -1 bytes, counts quota set to -1
2023-05-04 21:55:06,383 [OM StateMachine ApplyTransaction Thread - 0] INFO  volume.OMVolumeCreateRequest (OMVolumeCreateRequest.java:validateAndUpdateCache(195)) - created volume:60e75cf0-c1ab-452d-b33d-522f1999f4ae for user:runner
2023-05-04 21:55:06,384 [Listener at 127.0.0.1/45425] INFO  rpc.RpcClient (RpcClient.java:createBucket(697)) - Creating Bucket: 60e75cf0-c1ab-452d-b33d-522f1999f4ae/771df4b0-8e57-41e9-9ba6-5d6aab48129e, with server-side default bucket layout, runner as owner, Versioning false, Storage Type set to DISK and Encryption set to false, Replication Type set to server-side default replication type, Namespace Quota set to -1, Space Quota set to -1 
2023-05-04 21:55:06,386 [OM StateMachine ApplyTransaction Thread - 0] INFO  bucket.OMBucketCreateRequest (OMBucketCreateRequest.java:validateAndUpdateCache(270)) - created bucket: 771df4b0-8e57-41e9-9ba6-5d6aab48129e of layout FILE_SYSTEM_OPTIMIZED in volume: 60e75cf0-c1ab-452d-b33d-522f1999f4ae
2023-05-04 21:55:06,405 [IPC Server handler 12 on default port 35203] WARN  node.SCMNodeManager (SCMNodeManager.java:getNodesByAddress(1372)) - Cannot find node for address 127.0.0.1
2023-05-04 21:55:06,407 [IPC Server handler 9 on default port 35203] WARN  node.SCMNodeManager (SCMNodeManager.java:getNodesByAddress(1372)) - Cannot find node for address 127.0.0.1
2023-05-04 21:55:06,441 [IPC Server handler 10 on default port 35203] WARN  node.SCMNodeManager (SCMNodeManager.java:getNodesByAddress(1372)) - Cannot find node for address 127.0.0.1
2023-05-04 21:55:06,443 [IPC Server handler 13 on default port 35203] WARN  node.SCMNodeManager (SCMNodeManager.java:getNodesByAddress(1372)) - Cannot find node for address 127.0.0.1
2023-05-04 21:55:06,474 [IPC Server handler 18 on default port 35203] WARN  node.SCMNodeManager (SCMNodeManager.java:getNodesByAddress(1372)) - Cannot find node for address 127.0.0.1
2023-05-04 21:55:06,476 [IPC Server handler 3 on default port 35203] WARN  node.SCMNodeManager (SCMNodeManager.java:getNodesByAddress(1372)) - Cannot find node for address 127.0.0.1
2023-05-04 21:55:06,495 [IPC Server handler 2 on default port 35203] WARN  node.SCMNodeManager (SCMNodeManager.java:getNodesByAddress(1372)) - Cannot find node for address 127.0.0.1
2023-05-04 21:55:06,497 [IPC Server handler 14 on default port 35203] WARN  node.SCMNodeManager (SCMNodeManager.java:getNodesByAddress(1372)) - Cannot find node for address 127.0.0.1
2023-05-04 21:55:06,525 [IPC Server handler 11 on default port 35203] WARN  node.SCMNodeManager (SCMNodeManager.java:getNodesByAddress(1372)) - Cannot find node for address 127.0.0.1
2023-05-04 21:55:06,528 [IPC Server handler 0 on default port 35203] WARN  node.SCMNodeManager (SCMNodeManager.java:getNodesByAddress(1372)) - Cannot find node for address 127.0.0.1
2023-05-04 21:55:06,547 [IPC Server handler 5 on default port 35203] WARN  node.SCMNodeManager (SCMNodeManager.java:getNodesByAddress(1372)) - Cannot find node for address 127.0.0.1
2023-05-04 21:55:06,549 [IPC Server handler 8 on default port 35203] WARN  node.SCMNodeManager (SCMNodeManager.java:getNodesByAddress(1372)) - Cannot find node for address 127.0.0.1
2023-05-04 21:55:06,572 [IPC Server handler 17 on default port 35203] WARN  node.SCMNodeManager (SCMNodeManager.java:getNodesByAddress(1372)) - Cannot find node for address 127.0.0.1
2023-05-04 21:55:06,574 [IPC Server handler 15 on default port 35203] WARN  node.SCMNodeManager (SCMNodeManager.java:getNodesByAddress(1372)) - Cannot find node for address 127.0.0.1
2023-05-04 21:55:06,594 [IPC Server handler 9 on default port 35203] WARN  node.SCMNodeManager (SCMNodeManager.java:getNodesByAddress(1372)) - Cannot find node for address 127.0.0.1
2023-05-04 21:55:06,596 [IPC Server handler 19 on default port 35203] WARN  node.SCMNodeManager (SCMNodeManager.java:getNodesByAddress(1372)) - Cannot find node for address 127.0.0.1
2023-05-04 21:55:06,619 [IPC Server handler 13 on default port 35203] WARN  node.SCMNodeManager (SCMNodeManager.java:getNodesByAddress(1372)) - Cannot find node for address 127.0.0.1
2023-05-04 21:55:06,624 [IPC Server handler 4 on default port 35203] WARN  node.SCMNodeManager (SCMNodeManager.java:getNodesByAddress(1372)) - Cannot find node for address 127.0.0.1
2023-05-04 21:55:06,646 [IPC Server handler 3 on default port 35203] WARN  node.SCMNodeManager (SCMNodeManager.java:getNodesByAddress(1372)) - Cannot find node for address 127.0.0.1
2023-05-04 21:55:06,649 [IPC Server handler 16 on default port 35203] WARN  node.SCMNodeManager (SCMNodeManager.java:getNodesByAddress(1372)) - Cannot find node for address 127.0.0.1
]]></system-out>
  </testcase>
  <testcase name="testPutKeyRatisOneNode" classname="org.apache.hadoop.ozone.client.rpc.TestOzoneRpcClient" time="0.263">
    <system-out><![CDATA[2023-05-04 21:55:06,657 [Listener at 127.0.0.1/45425] INFO  rpc.RpcClient (RpcClient.java:createVolume(476)) - Creating Volume: 450a86cf-02b2-421a-af5d-a6d379d9e820, with runner as owner and space quota set to -1 bytes, counts quota set to -1
2023-05-04 21:55:06,660 [OM StateMachine ApplyTransaction Thread - 0] INFO  volume.OMVolumeCreateRequest (OMVolumeCreateRequest.java:validateAndUpdateCache(195)) - created volume:450a86cf-02b2-421a-af5d-a6d379d9e820 for user:runner
2023-05-04 21:55:06,662 [Listener at 127.0.0.1/45425] INFO  rpc.RpcClient (RpcClient.java:createBucket(697)) - Creating Bucket: 450a86cf-02b2-421a-af5d-a6d379d9e820/20316d46-7c9a-4201-bffc-9e7a96464540, with server-side default bucket layout, runner as owner, Versioning false, Storage Type set to DISK and Encryption set to false, Replication Type set to server-side default replication type, Namespace Quota set to -1, Space Quota set to -1 
2023-05-04 21:55:06,664 [OM StateMachine ApplyTransaction Thread - 0] INFO  bucket.OMBucketCreateRequest (OMBucketCreateRequest.java:validateAndUpdateCache(270)) - created bucket: 20316d46-7c9a-4201-bffc-9e7a96464540 of layout FILE_SYSTEM_OPTIMIZED in volume: 450a86cf-02b2-421a-af5d-a6d379d9e820
2023-05-04 21:55:06,681 [IPC Server handler 14 on default port 35203] WARN  node.SCMNodeManager (SCMNodeManager.java:getNodesByAddress(1372)) - Cannot find node for address 127.0.0.1
2023-05-04 21:55:06,683 [IPC Server handler 6 on default port 35203] WARN  node.SCMNodeManager (SCMNodeManager.java:getNodesByAddress(1372)) - Cannot find node for address 127.0.0.1
2023-05-04 21:55:06,705 [IPC Server handler 0 on default port 35203] WARN  node.SCMNodeManager (SCMNodeManager.java:getNodesByAddress(1372)) - Cannot find node for address 127.0.0.1
2023-05-04 21:55:06,708 [IPC Server handler 1 on default port 35203] WARN  node.SCMNodeManager (SCMNodeManager.java:getNodesByAddress(1372)) - Cannot find node for address 127.0.0.1
2023-05-04 21:55:06,730 [IPC Server handler 8 on default port 35203] WARN  node.SCMNodeManager (SCMNodeManager.java:getNodesByAddress(1372)) - Cannot find node for address 127.0.0.1
2023-05-04 21:55:06,732 [IPC Server handler 7 on default port 35203] WARN  node.SCMNodeManager (SCMNodeManager.java:getNodesByAddress(1372)) - Cannot find node for address 127.0.0.1
2023-05-04 21:55:06,750 [IPC Server handler 15 on default port 35203] WARN  node.SCMNodeManager (SCMNodeManager.java:getNodesByAddress(1372)) - Cannot find node for address 127.0.0.1
2023-05-04 21:55:06,752 [IPC Server handler 12 on default port 35203] WARN  node.SCMNodeManager (SCMNodeManager.java:getNodesByAddress(1372)) - Cannot find node for address 127.0.0.1
2023-05-04 21:55:06,774 [IPC Server handler 19 on default port 35203] WARN  node.SCMNodeManager (SCMNodeManager.java:getNodesByAddress(1372)) - Cannot find node for address 127.0.0.1
2023-05-04 21:55:06,776 [IPC Server handler 10 on default port 35203] WARN  node.SCMNodeManager (SCMNodeManager.java:getNodesByAddress(1372)) - Cannot find node for address 127.0.0.1
2023-05-04 21:55:06,799 [IPC Server handler 4 on default port 35203] WARN  node.SCMNodeManager (SCMNodeManager.java:getNodesByAddress(1372)) - Cannot find node for address 127.0.0.1
2023-05-04 21:55:06,801 [IPC Server handler 18 on default port 35203] WARN  node.SCMNodeManager (SCMNodeManager.java:getNodesByAddress(1372)) - Cannot find node for address 127.0.0.1
2023-05-04 21:55:06,823 [IPC Server handler 16 on default port 35203] WARN  node.SCMNodeManager (SCMNodeManager.java:getNodesByAddress(1372)) - Cannot find node for address 127.0.0.1
2023-05-04 21:55:06,825 [IPC Server handler 2 on default port 35203] WARN  node.SCMNodeManager (SCMNodeManager.java:getNodesByAddress(1372)) - Cannot find node for address 127.0.0.1
2023-05-04 21:55:06,848 [IPC Server handler 6 on default port 35203] WARN  node.SCMNodeManager (SCMNodeManager.java:getNodesByAddress(1372)) - Cannot find node for address 127.0.0.1
2023-05-04 21:55:06,850 [IPC Server handler 11 on default port 35203] WARN  node.SCMNodeManager (SCMNodeManager.java:getNodesByAddress(1372)) - Cannot find node for address 127.0.0.1
2023-05-04 21:55:06,876 [IPC Server handler 1 on default port 35203] WARN  node.SCMNodeManager (SCMNodeManager.java:getNodesByAddress(1372)) - Cannot find node for address 127.0.0.1
2023-05-04 21:55:06,879 [IPC Server handler 5 on default port 35203] WARN  node.SCMNodeManager (SCMNodeManager.java:getNodesByAddress(1372)) - Cannot find node for address 127.0.0.1
2023-05-04 21:55:06,902 [IPC Server handler 7 on default port 35203] WARN  node.SCMNodeManager (SCMNodeManager.java:getNodesByAddress(1372)) - Cannot find node for address 127.0.0.1
2023-05-04 21:55:06,904 [IPC Server handler 17 on default port 35203] WARN  node.SCMNodeManager (SCMNodeManager.java:getNodesByAddress(1372)) - Cannot find node for address 127.0.0.1
]]></system-out>
  </testcase>
  <testcase name="testPutKeyRatisThreeNodes" classname="org.apache.hadoop.ozone.client.rpc.TestOzoneRpcClient" time="2.785">
    <system-out><![CDATA[2023-05-04 21:55:06,920 [Listener at 127.0.0.1/45425] INFO  rpc.RpcClient (RpcClient.java:createVolume(476)) - Creating Volume: 4a94688f-14e9-4860-a814-b2a55e4aa558, with runner as owner and space quota set to -1 bytes, counts quota set to -1
2023-05-04 21:55:06,923 [OM StateMachine ApplyTransaction Thread - 0] INFO  volume.OMVolumeCreateRequest (OMVolumeCreateRequest.java:validateAndUpdateCache(195)) - created volume:4a94688f-14e9-4860-a814-b2a55e4aa558 for user:runner
2023-05-04 21:55:06,925 [Listener at 127.0.0.1/45425] INFO  rpc.RpcClient (RpcClient.java:createBucket(697)) - Creating Bucket: 4a94688f-14e9-4860-a814-b2a55e4aa558/057e9686-4bbc-4e99-9b9f-3d7e54aeb925, with server-side default bucket layout, runner as owner, Versioning false, Storage Type set to DISK and Encryption set to false, Replication Type set to server-side default replication type, Namespace Quota set to -1, Space Quota set to -1 
2023-05-04 21:55:06,927 [OM StateMachine ApplyTransaction Thread - 0] INFO  bucket.OMBucketCreateRequest (OMBucketCreateRequest.java:validateAndUpdateCache(270)) - created bucket: 057e9686-4bbc-4e99-9b9f-3d7e54aeb925 of layout FILE_SYSTEM_OPTIMIZED in volume: 4a94688f-14e9-4860-a814-b2a55e4aa558
2023-05-04 21:55:06,944 [IPC Server handler 12 on default port 35203] WARN  node.SCMNodeManager (SCMNodeManager.java:getNodesByAddress(1372)) - Cannot find node for address 127.0.0.1
2023-05-04 21:55:06,946 [IPC Server handler 9 on default port 35203] WARN  node.SCMNodeManager (SCMNodeManager.java:getNodesByAddress(1372)) - Cannot find node for address 127.0.0.1
2023-05-04 21:55:06,970 [IPC Server handler 10 on default port 35203] WARN  node.SCMNodeManager (SCMNodeManager.java:getNodesByAddress(1372)) - Cannot find node for address 127.0.0.1
2023-05-04 21:55:06,972 [IPC Server handler 13 on default port 35203] WARN  node.SCMNodeManager (SCMNodeManager.java:getNodesByAddress(1372)) - Cannot find node for address 127.0.0.1
2023-05-04 21:55:06,995 [IPC Server handler 18 on default port 35203] WARN  node.SCMNodeManager (SCMNodeManager.java:getNodesByAddress(1372)) - Cannot find node for address 127.0.0.1
2023-05-04 21:55:06,997 [IPC Server handler 3 on default port 35203] WARN  node.SCMNodeManager (SCMNodeManager.java:getNodesByAddress(1372)) - Cannot find node for address 127.0.0.1
2023-05-04 21:55:07,025 [IPC Server handler 2 on default port 35203] WARN  node.SCMNodeManager (SCMNodeManager.java:getNodesByAddress(1372)) - Cannot find node for address 127.0.0.1
2023-05-04 21:55:07,028 [IPC Server handler 14 on default port 35203] WARN  node.SCMNodeManager (SCMNodeManager.java:getNodesByAddress(1372)) - Cannot find node for address 127.0.0.1
2023-05-04 21:55:07,053 [IPC Server handler 11 on default port 35203] WARN  node.SCMNodeManager (SCMNodeManager.java:getNodesByAddress(1372)) - Cannot find node for address 127.0.0.1
2023-05-04 21:55:07,056 [IPC Server handler 0 on default port 35203] WARN  node.SCMNodeManager (SCMNodeManager.java:getNodesByAddress(1372)) - Cannot find node for address 127.0.0.1
2023-05-04 21:55:07,084 [IPC Server handler 5 on default port 35203] WARN  node.SCMNodeManager (SCMNodeManager.java:getNodesByAddress(1372)) - Cannot find node for address 127.0.0.1
2023-05-04 21:55:07,086 [IPC Server handler 8 on default port 35203] WARN  node.SCMNodeManager (SCMNodeManager.java:getNodesByAddress(1372)) - Cannot find node for address 127.0.0.1
2023-05-04 21:55:07,118 [IPC Server handler 17 on default port 35203] WARN  node.SCMNodeManager (SCMNodeManager.java:getNodesByAddress(1372)) - Cannot find node for address 127.0.0.1
2023-05-04 21:55:07,120 [IPC Server handler 15 on default port 35203] WARN  node.SCMNodeManager (SCMNodeManager.java:getNodesByAddress(1372)) - Cannot find node for address 127.0.0.1
2023-05-04 21:55:09,644 [IPC Server handler 9 on default port 35203] WARN  node.SCMNodeManager (SCMNodeManager.java:getNodesByAddress(1372)) - Cannot find node for address 127.0.0.1
2023-05-04 21:55:09,647 [IPC Server handler 19 on default port 35203] WARN  node.SCMNodeManager (SCMNodeManager.java:getNodesByAddress(1372)) - Cannot find node for address 127.0.0.1
2023-05-04 21:55:09,669 [IPC Server handler 13 on default port 35203] WARN  node.SCMNodeManager (SCMNodeManager.java:getNodesByAddress(1372)) - Cannot find node for address 127.0.0.1
2023-05-04 21:55:09,671 [IPC Server handler 4 on default port 35203] WARN  node.SCMNodeManager (SCMNodeManager.java:getNodesByAddress(1372)) - Cannot find node for address 127.0.0.1
2023-05-04 21:55:09,696 [IPC Server handler 3 on default port 35203] WARN  node.SCMNodeManager (SCMNodeManager.java:getNodesByAddress(1372)) - Cannot find node for address 127.0.0.1
2023-05-04 21:55:09,698 [IPC Server handler 16 on default port 35203] WARN  node.SCMNodeManager (SCMNodeManager.java:getNodesByAddress(1372)) - Cannot find node for address 127.0.0.1
]]></system-out>
  </testcase>
  <testcase name="testPutKeyRatisThreeNodesParallel" classname="org.apache.hadoop.ozone.client.rpc.TestOzoneRpcClient" time="6.425">
    <system-out><![CDATA[2023-05-04 21:55:09,706 [Listener at 127.0.0.1/45425] INFO  rpc.RpcClient (RpcClient.java:createVolume(476)) - Creating Volume: b36d2376-172e-4e99-b952-04d2773846fd, with runner as owner and space quota set to -1 bytes, counts quota set to -1
2023-05-04 21:55:09,708 [OM StateMachine ApplyTransaction Thread - 0] INFO  volume.OMVolumeCreateRequest (OMVolumeCreateRequest.java:validateAndUpdateCache(195)) - created volume:b36d2376-172e-4e99-b952-04d2773846fd for user:runner
2023-05-04 21:55:09,709 [Listener at 127.0.0.1/45425] INFO  rpc.RpcClient (RpcClient.java:createBucket(697)) - Creating Bucket: b36d2376-172e-4e99-b952-04d2773846fd/52448bd4-7bfb-45e2-9d35-3047b0a78c56, with server-side default bucket layout, runner as owner, Versioning false, Storage Type set to DISK and Encryption set to false, Replication Type set to server-side default replication type, Namespace Quota set to -1, Space Quota set to -1 
2023-05-04 21:55:09,711 [OM StateMachine ApplyTransaction Thread - 0] INFO  bucket.OMBucketCreateRequest (OMBucketCreateRequest.java:validateAndUpdateCache(270)) - created bucket: 52448bd4-7bfb-45e2-9d35-3047b0a78c56 of layout FILE_SYSTEM_OPTIMIZED in volume: b36d2376-172e-4e99-b952-04d2773846fd
2023-05-04 21:55:10,384 [IPC Server handler 9 on default port 35203] WARN  node.SCMNodeManager (SCMNodeManager.java:getNodesByAddress(1372)) - Cannot find node for address 127.0.0.1
2023-05-04 21:55:10,385 [IPC Server handler 19 on default port 35203] WARN  node.SCMNodeManager (SCMNodeManager.java:getNodesByAddress(1372)) - Cannot find node for address 127.0.0.1
2023-05-04 21:55:10,386 [IPC Server handler 10 on default port 35203] WARN  node.SCMNodeManager (SCMNodeManager.java:getNodesByAddress(1372)) - Cannot find node for address 127.0.0.1
2023-05-04 21:55:10,389 [IPC Server handler 13 on default port 35203] WARN  node.SCMNodeManager (SCMNodeManager.java:getNodesByAddress(1372)) - Cannot find node for address 127.0.0.1
2023-05-04 21:55:10,390 [IPC Server handler 4 on default port 35203] WARN  node.SCMNodeManager (SCMNodeManager.java:getNodesByAddress(1372)) - Cannot find node for address 127.0.0.1
2023-05-04 21:55:10,391 [IPC Server handler 18 on default port 35203] WARN  node.SCMNodeManager (SCMNodeManager.java:getNodesByAddress(1372)) - Cannot find node for address 127.0.0.1
2023-05-04 21:55:10,429 [IPC Server handler 3 on default port 35203] WARN  node.SCMNodeManager (SCMNodeManager.java:getNodesByAddress(1372)) - Cannot find node for address 127.0.0.1
2023-05-04 21:55:10,430 [IPC Server handler 16 on default port 35203] WARN  node.SCMNodeManager (SCMNodeManager.java:getNodesByAddress(1372)) - Cannot find node for address 127.0.0.1
2023-05-04 21:55:10,431 [IPC Server handler 2 on default port 35203] WARN  node.SCMNodeManager (SCMNodeManager.java:getNodesByAddress(1372)) - Cannot find node for address 127.0.0.1
2023-05-04 21:55:10,433 [IPC Server handler 14 on default port 35203] WARN  node.SCMNodeManager (SCMNodeManager.java:getNodesByAddress(1372)) - Cannot find node for address 127.0.0.1
2023-05-04 21:55:10,434 [IPC Server handler 6 on default port 35203] WARN  node.SCMNodeManager (SCMNodeManager.java:getNodesByAddress(1372)) - Cannot find node for address 127.0.0.1
2023-05-04 21:55:10,434 [IPC Server handler 11 on default port 35203] WARN  node.SCMNodeManager (SCMNodeManager.java:getNodesByAddress(1372)) - Cannot find node for address 127.0.0.1
2023-05-04 21:55:11,791 [IPC Server handler 0 on default port 35203] WARN  node.SCMNodeManager (SCMNodeManager.java:getNodesByAddress(1372)) - Cannot find node for address 127.0.0.1
2023-05-04 21:55:11,793 [IPC Server handler 1 on default port 35203] WARN  node.SCMNodeManager (SCMNodeManager.java:getNodesByAddress(1372)) - Cannot find node for address 127.0.0.1
2023-05-04 21:55:11,798 [IPC Server handler 5 on default port 35203] WARN  node.SCMNodeManager (SCMNodeManager.java:getNodesByAddress(1372)) - Cannot find node for address 127.0.0.1
2023-05-04 21:55:11,800 [IPC Server handler 8 on default port 35203] WARN  node.SCMNodeManager (SCMNodeManager.java:getNodesByAddress(1372)) - Cannot find node for address 127.0.0.1
2023-05-04 21:55:11,894 [IPC Server handler 7 on default port 35203] WARN  node.SCMNodeManager (SCMNodeManager.java:getNodesByAddress(1372)) - Cannot find node for address 127.0.0.1
2023-05-04 21:55:11,902 [IPC Server handler 17 on default port 35203] WARN  node.SCMNodeManager (SCMNodeManager.java:getNodesByAddress(1372)) - Cannot find node for address 127.0.0.1
2023-05-04 21:55:11,903 [IPC Server handler 15 on default port 35203] WARN  node.SCMNodeManager (SCMNodeManager.java:getNodesByAddress(1372)) - Cannot find node for address 127.0.0.1
2023-05-04 21:55:11,907 [IPC Server handler 12 on default port 35203] WARN  node.SCMNodeManager (SCMNodeManager.java:getNodesByAddress(1372)) - Cannot find node for address 127.0.0.1
2023-05-04 21:55:11,908 [IPC Server handler 9 on default port 35203] WARN  node.SCMNodeManager (SCMNodeManager.java:getNodesByAddress(1372)) - Cannot find node for address 127.0.0.1
2023-05-04 21:55:11,909 [IPC Server handler 19 on default port 35203] WARN  node.SCMNodeManager (SCMNodeManager.java:getNodesByAddress(1372)) - Cannot find node for address 127.0.0.1
2023-05-04 21:55:12,967 [IPC Server handler 10 on default port 35203] WARN  node.SCMNodeManager (SCMNodeManager.java:getNodesByAddress(1372)) - Cannot find node for address 127.0.0.1
2023-05-04 21:55:12,968 [IPC Server handler 13 on default port 35203] WARN  node.SCMNodeManager (SCMNodeManager.java:getNodesByAddress(1372)) - Cannot find node for address 127.0.0.1
2023-05-04 21:55:12,974 [IPC Server handler 6 on default port 35203] WARN  node.SCMNodeManager (SCMNodeManager.java:getNodesByAddress(1372)) - Cannot find node for address 127.0.0.1
2023-05-04 21:55:12,976 [IPC Server handler 11 on default port 35203] WARN  node.SCMNodeManager (SCMNodeManager.java:getNodesByAddress(1372)) - Cannot find node for address 127.0.0.1
2023-05-04 21:55:13,048 [IPC Server handler 14 on default port 35203] WARN  node.SCMNodeManager (SCMNodeManager.java:getNodesByAddress(1372)) - Cannot find node for address 127.0.0.1
2023-05-04 21:55:13,050 [IPC Server handler 3 on default port 35203] WARN  node.SCMNodeManager (SCMNodeManager.java:getNodesByAddress(1372)) - Cannot find node for address 127.0.0.1
2023-05-04 21:55:13,051 [IPC Server handler 16 on default port 35203] WARN  node.SCMNodeManager (SCMNodeManager.java:getNodesByAddress(1372)) - Cannot find node for address 127.0.0.1
2023-05-04 21:55:13,054 [IPC Server handler 2 on default port 35203] WARN  node.SCMNodeManager (SCMNodeManager.java:getNodesByAddress(1372)) - Cannot find node for address 127.0.0.1
2023-05-04 21:55:13,055 [IPC Server handler 18 on default port 35203] WARN  node.SCMNodeManager (SCMNodeManager.java:getNodesByAddress(1372)) - Cannot find node for address 127.0.0.1
2023-05-04 21:55:13,056 [IPC Server handler 4 on default port 35203] WARN  node.SCMNodeManager (SCMNodeManager.java:getNodesByAddress(1372)) - Cannot find node for address 127.0.0.1
2023-05-04 21:55:14,408 [KeyDeletingService#0] INFO  utils.BackgroundService (AbstractKeyDeletingService.java:optimizeDirDeletesAndSubmitRequest(391)) - Number of dirs deleted: 2, Number of sub-dir deleted: 0, Number of sub-files moved: 0 to DeletedTable, Number of sub-dirs moved 0 to DeletedDirectoryTable, iteration elapsed: 75ms, totalRunCount: 1
2023-05-04 21:55:14,415 [IPC Server handler 1 on default port 35203] INFO  ha.SequenceIdGenerator (SequenceIdGenerator.java:getNextId(128)) - Allocate a batch for delTxnId, change lastId from 0 to 1000.
2023-05-04 21:55:14,416 [IPC Server handler 5 on default port 35203] WARN  node.SCMNodeManager (SCMNodeManager.java:getNodesByAddress(1372)) - Cannot find node for address 127.0.0.1
2023-05-04 21:55:14,417 [IPC Server handler 8 on default port 35203] WARN  node.SCMNodeManager (SCMNodeManager.java:getNodesByAddress(1372)) - Cannot find node for address 127.0.0.1
2023-05-04 21:55:14,422 [IPC Server handler 7 on default port 35203] WARN  node.SCMNodeManager (SCMNodeManager.java:getNodesByAddress(1372)) - Cannot find node for address 127.0.0.1
2023-05-04 21:55:14,423 [IPC Server handler 17 on default port 35203] WARN  node.SCMNodeManager (SCMNodeManager.java:getNodesByAddress(1372)) - Cannot find node for address 127.0.0.1
2023-05-04 21:55:14,476 [IPC Server handler 15 on default port 35203] WARN  node.SCMNodeManager (SCMNodeManager.java:getNodesByAddress(1372)) - Cannot find node for address 127.0.0.1
2023-05-04 21:55:14,477 [IPC Server handler 12 on default port 35203] WARN  node.SCMNodeManager (SCMNodeManager.java:getNodesByAddress(1372)) - Cannot find node for address 127.0.0.1
2023-05-04 21:55:14,478 [IPC Server handler 9 on default port 35203] WARN  node.SCMNodeManager (SCMNodeManager.java:getNodesByAddress(1372)) - Cannot find node for address 127.0.0.1
2023-05-04 21:55:14,480 [IPC Server handler 19 on default port 35203] WARN  node.SCMNodeManager (SCMNodeManager.java:getNodesByAddress(1372)) - Cannot find node for address 127.0.0.1
2023-05-04 21:55:14,481 [IPC Server handler 10 on default port 35203] WARN  node.SCMNodeManager (SCMNodeManager.java:getNodesByAddress(1372)) - Cannot find node for address 127.0.0.1
2023-05-04 21:55:14,481 [IPC Server handler 13 on default port 35203] WARN  node.SCMNodeManager (SCMNodeManager.java:getNodesByAddress(1372)) - Cannot find node for address 127.0.0.1
2023-05-04 21:55:15,856 [IPC Server handler 6 on default port 35203] WARN  node.SCMNodeManager (SCMNodeManager.java:getNodesByAddress(1372)) - Cannot find node for address 127.0.0.1
2023-05-04 21:55:15,857 [IPC Server handler 11 on default port 35203] WARN  node.SCMNodeManager (SCMNodeManager.java:getNodesByAddress(1372)) - Cannot find node for address 127.0.0.1
2023-05-04 21:55:15,859 [IPC Server handler 14 on default port 35203] WARN  node.SCMNodeManager (SCMNodeManager.java:getNodesByAddress(1372)) - Cannot find node for address 127.0.0.1
2023-05-04 21:55:15,860 [IPC Server handler 3 on default port 35203] WARN  node.SCMNodeManager (SCMNodeManager.java:getNodesByAddress(1372)) - Cannot find node for address 127.0.0.1
2023-05-04 21:55:15,860 [IPC Server handler 16 on default port 35203] WARN  node.SCMNodeManager (SCMNodeManager.java:getNodesByAddress(1372)) - Cannot find node for address 127.0.0.1
2023-05-04 21:55:15,866 [IPC Server handler 2 on default port 35203] WARN  node.SCMNodeManager (SCMNodeManager.java:getNodesByAddress(1372)) - Cannot find node for address 127.0.0.1
2023-05-04 21:55:15,866 [IPC Server handler 2 on default port 35203] WARN  node.SCMNodeManager (SCMNodeManager.java:getNodesByAddress(1372)) - Cannot find node for address 127.0.0.1
2023-05-04 21:55:15,867 [IPC Server handler 4 on default port 35203] WARN  node.SCMNodeManager (SCMNodeManager.java:getNodesByAddress(1372)) - Cannot find node for address 127.0.0.1
2023-05-04 21:55:15,867 [IPC Server handler 0 on default port 35203] WARN  node.SCMNodeManager (SCMNodeManager.java:getNodesByAddress(1372)) - Cannot find node for address 127.0.0.1
2023-05-04 21:55:15,867 [IPC Server handler 5 on default port 35203] WARN  node.SCMNodeManager (SCMNodeManager.java:getNodesByAddress(1372)) - Cannot find node for address 127.0.0.1
]]></system-out>
  </testcase>
  <testcase name="testPutKeyWithReplicationConfig(String, boolean)[1]" classname="org.apache.hadoop.ozone.client.rpc.TestOzoneRpcClient" time="0.012">
    <system-out><![CDATA[2023-05-04 21:55:16,177 [Listener at 127.0.0.1/45425] INFO  rpc.RpcClient (RpcClient.java:createVolume(476)) - Creating Volume: 92ea7856-64b0-4099-8248-9479a78bdec5, with runner as owner and space quota set to -1 bytes, counts quota set to -1
2023-05-04 21:55:16,179 [OM StateMachine ApplyTransaction Thread - 0] INFO  volume.OMVolumeCreateRequest (OMVolumeCreateRequest.java:validateAndUpdateCache(195)) - created volume:92ea7856-64b0-4099-8248-9479a78bdec5 for user:runner
2023-05-04 21:55:16,181 [Listener at 127.0.0.1/45425] INFO  rpc.RpcClient (RpcClient.java:createBucket(697)) - Creating Bucket: 92ea7856-64b0-4099-8248-9479a78bdec5/e9de3c1c-1204-49a7-b9db-9181e9e011ae, with server-side default bucket layout, runner as owner, Versioning false, Storage Type set to DISK and Encryption set to false, Replication Type set to server-side default replication type, Namespace Quota set to -1, Space Quota set to -1 
2023-05-04 21:55:16,183 [OM StateMachine ApplyTransaction Thread - 0] INFO  bucket.OMBucketCreateRequest (OMBucketCreateRequest.java:validateAndUpdateCache(270)) - created bucket: e9de3c1c-1204-49a7-b9db-9181e9e011ae of layout FILE_SYSTEM_OPTIMIZED in volume: 92ea7856-64b0-4099-8248-9479a78bdec5
]]></system-out>
  </testcase>
  <testcase name="testPutKeyWithReplicationConfig(String, boolean)[2]" classname="org.apache.hadoop.ozone.client.rpc.TestOzoneRpcClient" time="0.007">
    <system-out><![CDATA[2023-05-04 21:55:16,188 [Listener at 127.0.0.1/45425] INFO  rpc.RpcClient (RpcClient.java:createVolume(476)) - Creating Volume: 200449ed-eced-448a-882c-7e3a0184c146, with runner as owner and space quota set to -1 bytes, counts quota set to -1
2023-05-04 21:55:16,190 [OM StateMachine ApplyTransaction Thread - 0] INFO  volume.OMVolumeCreateRequest (OMVolumeCreateRequest.java:validateAndUpdateCache(195)) - created volume:200449ed-eced-448a-882c-7e3a0184c146 for user:runner
2023-05-04 21:55:16,191 [Listener at 127.0.0.1/45425] INFO  rpc.RpcClient (RpcClient.java:createBucket(697)) - Creating Bucket: 200449ed-eced-448a-882c-7e3a0184c146/9cff4356-a2af-408d-bd75-61423045fa70, with server-side default bucket layout, runner as owner, Versioning false, Storage Type set to DISK and Encryption set to false, Replication Type set to server-side default replication type, Namespace Quota set to -1, Space Quota set to -1 
2023-05-04 21:55:16,193 [OM StateMachine ApplyTransaction Thread - 0] INFO  bucket.OMBucketCreateRequest (OMBucketCreateRequest.java:validateAndUpdateCache(270)) - created bucket: 9cff4356-a2af-408d-bd75-61423045fa70 of layout FILE_SYSTEM_OPTIMIZED in volume: 200449ed-eced-448a-882c-7e3a0184c146
]]></system-out>
  </testcase>
  <testcase name="testPutKeyWithReplicationConfig(String, boolean)[3]" classname="org.apache.hadoop.ozone.client.rpc.TestOzoneRpcClient" time="0.2">
    <system-out><![CDATA[2023-05-04 21:55:16,196 [Listener at 127.0.0.1/45425] INFO  rpc.RpcClient (RpcClient.java:createVolume(476)) - Creating Volume: 2c72174c-4546-4a28-91f0-1a25cade9926, with runner as owner and space quota set to -1 bytes, counts quota set to -1
2023-05-04 21:55:16,199 [OM StateMachine ApplyTransaction Thread - 0] INFO  volume.OMVolumeCreateRequest (OMVolumeCreateRequest.java:validateAndUpdateCache(195)) - created volume:2c72174c-4546-4a28-91f0-1a25cade9926 for user:runner
2023-05-04 21:55:16,200 [Listener at 127.0.0.1/45425] INFO  rpc.RpcClient (RpcClient.java:createBucket(697)) - Creating Bucket: 2c72174c-4546-4a28-91f0-1a25cade9926/25357194-b92d-42e8-ba2e-5ac0224c7ff2, with server-side default bucket layout, runner as owner, Versioning false, Storage Type set to DISK and Encryption set to false, Replication Type set to server-side default replication type, Namespace Quota set to -1, Space Quota set to -1 
2023-05-04 21:55:16,202 [OM StateMachine ApplyTransaction Thread - 0] INFO  bucket.OMBucketCreateRequest (OMBucketCreateRequest.java:validateAndUpdateCache(270)) - created bucket: 25357194-b92d-42e8-ba2e-5ac0224c7ff2 of layout FILE_SYSTEM_OPTIMIZED in volume: 2c72174c-4546-4a28-91f0-1a25cade9926
2023-05-04 21:55:16,363 [IPC Server handler 7 on default port 35203] WARN  node.SCMNodeManager (SCMNodeManager.java:getNodesByAddress(1372)) - Cannot find node for address 127.0.0.1
2023-05-04 21:55:16,365 [IPC Server handler 17 on default port 35203] WARN  node.SCMNodeManager (SCMNodeManager.java:getNodesByAddress(1372)) - Cannot find node for address 127.0.0.1
]]></system-out>
  </testcase>
  <testcase name="testPutKeyWithReplicationConfig(String, boolean)[4]" classname="org.apache.hadoop.ozone.client.rpc.TestOzoneRpcClient" time="0.155">
    <system-out><![CDATA[2023-05-04 21:55:16,397 [Listener at 127.0.0.1/45425] INFO  rpc.RpcClient (RpcClient.java:createVolume(476)) - Creating Volume: 6581f886-b0cc-4b43-946a-3965b76fd29a, with runner as owner and space quota set to -1 bytes, counts quota set to -1
2023-05-04 21:55:16,400 [OM StateMachine ApplyTransaction Thread - 0] INFO  volume.OMVolumeCreateRequest (OMVolumeCreateRequest.java:validateAndUpdateCache(195)) - created volume:6581f886-b0cc-4b43-946a-3965b76fd29a for user:runner
2023-05-04 21:55:16,402 [Listener at 127.0.0.1/45425] INFO  rpc.RpcClient (RpcClient.java:createBucket(697)) - Creating Bucket: 6581f886-b0cc-4b43-946a-3965b76fd29a/daaaf745-2d7e-4ced-92ad-5fb92a96f800, with server-side default bucket layout, runner as owner, Versioning false, Storage Type set to DISK and Encryption set to false, Replication Type set to server-side default replication type, Namespace Quota set to -1, Space Quota set to -1 
2023-05-04 21:55:16,404 [OM StateMachine ApplyTransaction Thread - 0] INFO  bucket.OMBucketCreateRequest (OMBucketCreateRequest.java:validateAndUpdateCache(270)) - created bucket: daaaf745-2d7e-4ced-92ad-5fb92a96f800 of layout FILE_SYSTEM_OPTIMIZED in volume: 6581f886-b0cc-4b43-946a-3965b76fd29a
2023-05-04 21:55:16,408 [IPC Server handler 15 on default port 35203] INFO  pipeline.PipelineStateManagerImpl (PipelineStateManagerImpl.java:addPipeline(103)) - Created pipeline Pipeline[ Id: 5bfe02d5-94e3-4f5e-8e58-dcfc3f6082b9, Nodes: 4af07dde-7c26-4e14-912a-ab8f17b2e80e(fv-az133-721.yhipumr4050edinzmvad0xeera.cx.internal.cloudapp.net/10.1.0.44)e0862bec-a8bd-48ad-a9f8-bef0c155c835(fv-az133-721.yhipumr4050edinzmvad0xeera.cx.internal.cloudapp.net/10.1.0.44)6abe40d9-bbca-402e-938b-50fbed365dbf(fv-az133-721.yhipumr4050edinzmvad0xeera.cx.internal.cloudapp.net/10.1.0.44)d5196681-af95-4a59-85a9-5a8fb94dede6(fv-az133-721.yhipumr4050edinzmvad0xeera.cx.internal.cloudapp.net/10.1.0.44)4332e2d2-7bb6-4f7e-906a-de641ae4498f(fv-az133-721.yhipumr4050edinzmvad0xeera.cx.internal.cloudapp.net/10.1.0.44)dbf01856-92cd-4f2e-80e3-f7bd7f97e610(fv-az133-721.yhipumr4050edinzmvad0xeera.cx.internal.cloudapp.net/10.1.0.44)4c10edfb-6769-4396-b189-3c3a2dc734f1(fv-az133-721.yhipumr4050edinzmvad0xeera.cx.internal.cloudapp.net/10.1.0.44)7a25d7ac-269f-485a-96a1-a3fbc0da93f8(fv-az133-721.yhipumr4050edinzmvad0xeera.cx.internal.cloudapp.net/10.1.0.44)9dbc72e3-9cc3-404d-a7a0-986f3a32b37f(fv-az133-721.yhipumr4050edinzmvad0xeera.cx.internal.cloudapp.net/10.1.0.44), ReplicationConfig: EC{rs-6-3-1024k}, State:ALLOCATED, leaderId:, CreationTimestamp2023-05-04T21:55:16.407Z[Etc/UTC]].
2023-05-04 21:55:16,408 [IPC Server handler 15 on default port 35203] INFO  pipeline.PipelineManagerImpl (PipelineManagerImpl.java:openPipeline(367)) - Pipeline Pipeline[ Id: 5bfe02d5-94e3-4f5e-8e58-dcfc3f6082b9, Nodes: 4af07dde-7c26-4e14-912a-ab8f17b2e80e(fv-az133-721.yhipumr4050edinzmvad0xeera.cx.internal.cloudapp.net/10.1.0.44)e0862bec-a8bd-48ad-a9f8-bef0c155c835(fv-az133-721.yhipumr4050edinzmvad0xeera.cx.internal.cloudapp.net/10.1.0.44)6abe40d9-bbca-402e-938b-50fbed365dbf(fv-az133-721.yhipumr4050edinzmvad0xeera.cx.internal.cloudapp.net/10.1.0.44)d5196681-af95-4a59-85a9-5a8fb94dede6(fv-az133-721.yhipumr4050edinzmvad0xeera.cx.internal.cloudapp.net/10.1.0.44)4332e2d2-7bb6-4f7e-906a-de641ae4498f(fv-az133-721.yhipumr4050edinzmvad0xeera.cx.internal.cloudapp.net/10.1.0.44)dbf01856-92cd-4f2e-80e3-f7bd7f97e610(fv-az133-721.yhipumr4050edinzmvad0xeera.cx.internal.cloudapp.net/10.1.0.44)4c10edfb-6769-4396-b189-3c3a2dc734f1(fv-az133-721.yhipumr4050edinzmvad0xeera.cx.internal.cloudapp.net/10.1.0.44)7a25d7ac-269f-485a-96a1-a3fbc0da93f8(fv-az133-721.yhipumr4050edinzmvad0xeera.cx.internal.cloudapp.net/10.1.0.44)9dbc72e3-9cc3-404d-a7a0-986f3a32b37f(fv-az133-721.yhipumr4050edinzmvad0xeera.cx.internal.cloudapp.net/10.1.0.44), ReplicationConfig: EC{rs-6-3-1024k}, State:ALLOCATED, leaderId:, CreationTimestamp2023-05-04T21:55:16.407Z[Etc/UTC]] moved to OPEN state
2023-05-04 21:55:16,537 [IPC Server handler 1 on default port 35203] WARN  node.SCMNodeManager (SCMNodeManager.java:getNodesByAddress(1372)) - Cannot find node for address 127.0.0.1
2023-05-04 21:55:16,539 [IPC Server handler 6 on default port 35203] WARN  node.SCMNodeManager (SCMNodeManager.java:getNodesByAddress(1372)) - Cannot find node for address 127.0.0.1
]]></system-out>
  </testcase>
  <testcase name="testPutKeyWithReplicationConfig(String, boolean)[5]" classname="org.apache.hadoop.ozone.client.rpc.TestOzoneRpcClient" time="0.232">
    <system-out><![CDATA[2023-05-04 21:55:16,554 [Listener at 127.0.0.1/45425] INFO  rpc.RpcClient (RpcClient.java:createVolume(476)) - Creating Volume: a3d60c5f-8ff5-46de-9740-167599073c93, with runner as owner and space quota set to -1 bytes, counts quota set to -1
2023-05-04 21:55:16,557 [OM StateMachine ApplyTransaction Thread - 0] INFO  volume.OMVolumeCreateRequest (OMVolumeCreateRequest.java:validateAndUpdateCache(195)) - created volume:a3d60c5f-8ff5-46de-9740-167599073c93 for user:runner
2023-05-04 21:55:16,558 [Listener at 127.0.0.1/45425] INFO  rpc.RpcClient (RpcClient.java:createBucket(697)) - Creating Bucket: a3d60c5f-8ff5-46de-9740-167599073c93/4e94e1d0-c7c1-42a4-8762-85318ce4c5c5, with server-side default bucket layout, runner as owner, Versioning false, Storage Type set to DISK and Encryption set to false, Replication Type set to server-side default replication type, Namespace Quota set to -1, Space Quota set to -1 
2023-05-04 21:55:16,560 [OM StateMachine ApplyTransaction Thread - 0] INFO  bucket.OMBucketCreateRequest (OMBucketCreateRequest.java:validateAndUpdateCache(270)) - created bucket: 4e94e1d0-c7c1-42a4-8762-85318ce4c5c5 of layout FILE_SYSTEM_OPTIMIZED in volume: a3d60c5f-8ff5-46de-9740-167599073c93
2023-05-04 21:55:16,564 [IPC Server handler 11 on default port 35203] INFO  pipeline.PipelineStateManagerImpl (PipelineStateManagerImpl.java:addPipeline(103)) - Created pipeline Pipeline[ Id: fe5b393a-5a20-4221-9c45-70f52b134a26, Nodes: 4332e2d2-7bb6-4f7e-906a-de641ae4498f(fv-az133-721.yhipumr4050edinzmvad0xeera.cx.internal.cloudapp.net/10.1.0.44)d5196681-af95-4a59-85a9-5a8fb94dede6(fv-az133-721.yhipumr4050edinzmvad0xeera.cx.internal.cloudapp.net/10.1.0.44)7a25d7ac-269f-485a-96a1-a3fbc0da93f8(fv-az133-721.yhipumr4050edinzmvad0xeera.cx.internal.cloudapp.net/10.1.0.44)7b4a0121-e5ca-4a28-aa85-7db853fd0802(fv-az133-721.yhipumr4050edinzmvad0xeera.cx.internal.cloudapp.net/10.1.0.44)1cc39e43-a1b8-4aca-9e03-172752381d1e(fv-az133-721.yhipumr4050edinzmvad0xeera.cx.internal.cloudapp.net/10.1.0.44)dbf01856-92cd-4f2e-80e3-f7bd7f97e610(fv-az133-721.yhipumr4050edinzmvad0xeera.cx.internal.cloudapp.net/10.1.0.44)9dbc72e3-9cc3-404d-a7a0-986f3a32b37f(fv-az133-721.yhipumr4050edinzmvad0xeera.cx.internal.cloudapp.net/10.1.0.44)6abe40d9-bbca-402e-938b-50fbed365dbf(fv-az133-721.yhipumr4050edinzmvad0xeera.cx.internal.cloudapp.net/10.1.0.44)ba9b7234-19ea-40e1-bb60-95fa157c93f0(fv-az133-721.yhipumr4050edinzmvad0xeera.cx.internal.cloudapp.net/10.1.0.44)4af14e23-4e43-4125-a3fa-4a46f775551c(fv-az133-721.yhipumr4050edinzmvad0xeera.cx.internal.cloudapp.net/10.1.0.44)e0862bec-a8bd-48ad-a9f8-bef0c155c835(fv-az133-721.yhipumr4050edinzmvad0xeera.cx.internal.cloudapp.net/10.1.0.44)4c10edfb-6769-4396-b189-3c3a2dc734f1(fv-az133-721.yhipumr4050edinzmvad0xeera.cx.internal.cloudapp.net/10.1.0.44)0362f5ef-3c15-4b85-bfd5-7911b45f7638(fv-az133-721.yhipumr4050edinzmvad0xeera.cx.internal.cloudapp.net/10.1.0.44)4af07dde-7c26-4e14-912a-ab8f17b2e80e(fv-az133-721.yhipumr4050edinzmvad0xeera.cx.internal.cloudapp.net/10.1.0.44), ReplicationConfig: EC{rs-10-4-1024k}, State:ALLOCATED, leaderId:, CreationTimestamp2023-05-04T21:55:16.564Z[Etc/UTC]].
2023-05-04 21:55:16,565 [IPC Server handler 11 on default port 35203] INFO  pipeline.PipelineManagerImpl (PipelineManagerImpl.java:openPipeline(367)) - Pipeline Pipeline[ Id: fe5b393a-5a20-4221-9c45-70f52b134a26, Nodes: 4332e2d2-7bb6-4f7e-906a-de641ae4498f(fv-az133-721.yhipumr4050edinzmvad0xeera.cx.internal.cloudapp.net/10.1.0.44)d5196681-af95-4a59-85a9-5a8fb94dede6(fv-az133-721.yhipumr4050edinzmvad0xeera.cx.internal.cloudapp.net/10.1.0.44)7a25d7ac-269f-485a-96a1-a3fbc0da93f8(fv-az133-721.yhipumr4050edinzmvad0xeera.cx.internal.cloudapp.net/10.1.0.44)7b4a0121-e5ca-4a28-aa85-7db853fd0802(fv-az133-721.yhipumr4050edinzmvad0xeera.cx.internal.cloudapp.net/10.1.0.44)1cc39e43-a1b8-4aca-9e03-172752381d1e(fv-az133-721.yhipumr4050edinzmvad0xeera.cx.internal.cloudapp.net/10.1.0.44)dbf01856-92cd-4f2e-80e3-f7bd7f97e610(fv-az133-721.yhipumr4050edinzmvad0xeera.cx.internal.cloudapp.net/10.1.0.44)9dbc72e3-9cc3-404d-a7a0-986f3a32b37f(fv-az133-721.yhipumr4050edinzmvad0xeera.cx.internal.cloudapp.net/10.1.0.44)6abe40d9-bbca-402e-938b-50fbed365dbf(fv-az133-721.yhipumr4050edinzmvad0xeera.cx.internal.cloudapp.net/10.1.0.44)ba9b7234-19ea-40e1-bb60-95fa157c93f0(fv-az133-721.yhipumr4050edinzmvad0xeera.cx.internal.cloudapp.net/10.1.0.44)4af14e23-4e43-4125-a3fa-4a46f775551c(fv-az133-721.yhipumr4050edinzmvad0xeera.cx.internal.cloudapp.net/10.1.0.44)e0862bec-a8bd-48ad-a9f8-bef0c155c835(fv-az133-721.yhipumr4050edinzmvad0xeera.cx.internal.cloudapp.net/10.1.0.44)4c10edfb-6769-4396-b189-3c3a2dc734f1(fv-az133-721.yhipumr4050edinzmvad0xeera.cx.internal.cloudapp.net/10.1.0.44)0362f5ef-3c15-4b85-bfd5-7911b45f7638(fv-az133-721.yhipumr4050edinzmvad0xeera.cx.internal.cloudapp.net/10.1.0.44)4af07dde-7c26-4e14-912a-ab8f17b2e80e(fv-az133-721.yhipumr4050edinzmvad0xeera.cx.internal.cloudapp.net/10.1.0.44), ReplicationConfig: EC{rs-10-4-1024k}, State:ALLOCATED, leaderId:, CreationTimestamp2023-05-04T21:55:16.564Z[Etc/UTC]] moved to OPEN state
2023-05-04 21:55:16,773 [IPC Server handler 14 on default port 35203] WARN  node.SCMNodeManager (SCMNodeManager.java:getNodesByAddress(1372)) - Cannot find node for address 127.0.0.1
2023-05-04 21:55:16,775 [IPC Server handler 3 on default port 35203] WARN  node.SCMNodeManager (SCMNodeManager.java:getNodesByAddress(1372)) - Cannot find node for address 127.0.0.1
]]></system-out>
  </testcase>
  <testcase name="testReadKeyWithCorruptedData" classname="org.apache.hadoop.ozone.client.rpc.TestOzoneRpcClient" time="0.116">
    <system-out><![CDATA[2023-05-04 21:55:16,785 [Listener at 127.0.0.1/45425] INFO  rpc.RpcClient (RpcClient.java:createVolume(476)) - Creating Volume: bdb1d6a1-e1be-43ea-9397-60991f308ac1, with runner as owner and space quota set to -1 bytes, counts quota set to -1
2023-05-04 21:55:16,787 [OM StateMachine ApplyTransaction Thread - 0] INFO  volume.OMVolumeCreateRequest (OMVolumeCreateRequest.java:validateAndUpdateCache(195)) - created volume:bdb1d6a1-e1be-43ea-9397-60991f308ac1 for user:runner
2023-05-04 21:55:16,788 [Listener at 127.0.0.1/45425] INFO  rpc.RpcClient (RpcClient.java:createBucket(697)) - Creating Bucket: bdb1d6a1-e1be-43ea-9397-60991f308ac1/fd2dc511-b872-46b8-8b41-7a2b7bc9d73c, with server-side default bucket layout, runner as owner, Versioning false, Storage Type set to DISK and Encryption set to false, Replication Type set to server-side default replication type, Namespace Quota set to -1, Space Quota set to -1 
2023-05-04 21:55:16,810 [OM StateMachine ApplyTransaction Thread - 0] INFO  bucket.OMBucketCreateRequest (OMBucketCreateRequest.java:validateAndUpdateCache(270)) - created bucket: fd2dc511-b872-46b8-8b41-7a2b7bc9d73c of layout FILE_SYSTEM_OPTIMIZED in volume: bdb1d6a1-e1be-43ea-9397-60991f308ac1
2023-05-04 21:55:16,855 [IPC Server handler 2 on default port 35203] WARN  node.SCMNodeManager (SCMNodeManager.java:getNodesByAddress(1372)) - Cannot find node for address 127.0.0.1
2023-05-04 21:55:16,874 [IPC Server handler 18 on default port 35203] WARN  node.SCMNodeManager (SCMNodeManager.java:getNodesByAddress(1372)) - Cannot find node for address 127.0.0.1
2023-05-04 21:55:16,893 [Listener at 127.0.0.1/45425] ERROR scm.XceiverClientGrpc (XceiverClientGrpc.java:sendCommandWithRetry(453)) - Failed to execute command ReadChunk on the pipeline Pipeline[ Id: 12d30ea2-0efb-49f7-a767-720ae4798217, Nodes: 4332e2d2-7bb6-4f7e-906a-de641ae4498f(fv-az133-721.yhipumr4050edinzmvad0xeera.cx.internal.cloudapp.net/10.1.0.44), ReplicationConfig: STANDALONE/ONE, State:OPEN, leaderId:4332e2d2-7bb6-4f7e-906a-de641ae4498f, CreationTimestamp2023-05-04T21:54:20.105Z[Etc/UTC]].
2023-05-04 21:55:16,897 [Listener at 127.0.0.1/45425] ERROR scm.XceiverClientGrpc (XceiverClientGrpc.java:sendCommandWithRetry(453)) - Failed to execute command ReadChunk on the pipeline Pipeline[ Id: 12d30ea2-0efb-49f7-a767-720ae4798217, Nodes: 4332e2d2-7bb6-4f7e-906a-de641ae4498f(fv-az133-721.yhipumr4050edinzmvad0xeera.cx.internal.cloudapp.net/10.1.0.44), ReplicationConfig: STANDALONE/ONE, State:OPEN, leaderId:4332e2d2-7bb6-4f7e-906a-de641ae4498f, CreationTimestamp2023-05-04T21:54:20.105Z[Etc/UTC]].
2023-05-04 21:55:16,899 [Listener at 127.0.0.1/45425] ERROR scm.XceiverClientGrpc (XceiverClientGrpc.java:sendCommandWithRetry(453)) - Failed to execute command ReadChunk on the pipeline Pipeline[ Id: 12d30ea2-0efb-49f7-a767-720ae4798217, Nodes: 4332e2d2-7bb6-4f7e-906a-de641ae4498f(fv-az133-721.yhipumr4050edinzmvad0xeera.cx.internal.cloudapp.net/10.1.0.44), ReplicationConfig: STANDALONE/ONE, State:OPEN, leaderId:4332e2d2-7bb6-4f7e-906a-de641ae4498f, CreationTimestamp2023-05-04T21:54:20.105Z[Etc/UTC]].
]]></system-out>
  </testcase>
  <testcase name="testReadKeyWithCorruptedDataWithMutiNodes" classname="org.apache.hadoop.ozone.client.rpc.TestOzoneRpcClient" time="0.14">
    <system-out><![CDATA[2023-05-04 21:55:16,903 [Listener at 127.0.0.1/45425] INFO  rpc.RpcClient (RpcClient.java:createVolume(476)) - Creating Volume: 87efebbb-7c0d-414c-97cd-182bc771d05f, with runner as owner and space quota set to -1 bytes, counts quota set to -1
2023-05-04 21:55:16,906 [OM StateMachine ApplyTransaction Thread - 0] INFO  volume.OMVolumeCreateRequest (OMVolumeCreateRequest.java:validateAndUpdateCache(195)) - created volume:87efebbb-7c0d-414c-97cd-182bc771d05f for user:runner
2023-05-04 21:55:16,908 [Listener at 127.0.0.1/45425] INFO  rpc.RpcClient (RpcClient.java:createBucket(697)) - Creating Bucket: 87efebbb-7c0d-414c-97cd-182bc771d05f/e92135b1-42b9-4564-bf71-b7e0f459c321, with server-side default bucket layout, runner as owner, Versioning false, Storage Type set to DISK and Encryption set to false, Replication Type set to server-side default replication type, Namespace Quota set to -1, Space Quota set to -1 
2023-05-04 21:55:16,910 [OM StateMachine ApplyTransaction Thread - 0] INFO  bucket.OMBucketCreateRequest (OMBucketCreateRequest.java:validateAndUpdateCache(270)) - created bucket: e92135b1-42b9-4564-bf71-b7e0f459c321 of layout FILE_SYSTEM_OPTIMIZED in volume: 87efebbb-7c0d-414c-97cd-182bc771d05f
2023-05-04 21:55:16,932 [IPC Server handler 7 on default port 35203] WARN  node.SCMNodeManager (SCMNodeManager.java:getNodesByAddress(1372)) - Cannot find node for address 127.0.0.1
2023-05-04 21:55:16,947 [IPC Server handler 17 on default port 35203] WARN  node.SCMNodeManager (SCMNodeManager.java:getNodesByAddress(1372)) - Cannot find node for address 127.0.0.1
2023-05-04 21:55:16,970 [IPC Server handler 15 on default port 35203] WARN  node.SCMNodeManager (SCMNodeManager.java:getNodesByAddress(1372)) - Cannot find node for address 127.0.0.1
2023-05-04 21:55:16,986 [IPC Server handler 12 on default port 35203] WARN  node.SCMNodeManager (SCMNodeManager.java:getNodesByAddress(1372)) - Cannot find node for address 127.0.0.1
2023-05-04 21:55:17,000 [Listener at 127.0.0.1/45425] ERROR scm.XceiverClientGrpc (XceiverClientGrpc.java:sendCommandWithRetry(453)) - Failed to execute command ReadChunk on the pipeline Pipeline[ Id: 7293fd01-d28b-4e50-8824-9f854cf4774f, Nodes: d5196681-af95-4a59-85a9-5a8fb94dede6(fv-az133-721.yhipumr4050edinzmvad0xeera.cx.internal.cloudapp.net/10.1.0.44)ba9b7234-19ea-40e1-bb60-95fa157c93f0(fv-az133-721.yhipumr4050edinzmvad0xeera.cx.internal.cloudapp.net/10.1.0.44)0362f5ef-3c15-4b85-bfd5-7911b45f7638(fv-az133-721.yhipumr4050edinzmvad0xeera.cx.internal.cloudapp.net/10.1.0.44), ReplicationConfig: STANDALONE/THREE, State:OPEN, leaderId:d5196681-af95-4a59-85a9-5a8fb94dede6, CreationTimestamp2023-05-04T21:54:24.803Z[Etc/UTC]].
2023-05-04 21:55:17,000 [Listener at 127.0.0.1/45425] WARN  storage.ContainerProtocolCalls (ContainerProtocolCalls.java:tryEachDatanode(147)) - Failed to read chunk 111677748019200367_chunk_1 (len=12) conID: 15 locID: 111677748019200367 bcsId: 174 from d5196681-af95-4a59-85a9-5a8fb94dede6(fv-az133-721.yhipumr4050edinzmvad0xeera.cx.internal.cloudapp.net/10.1.0.44); will try another datanode.
org.apache.hadoop.ozone.common.OzoneChecksumException: Checksum mismatch at index 0
	at org.apache.hadoop.ozone.common.ChecksumData.verifyChecksumDataMatches(ChecksumData.java:139)
	at org.apache.hadoop.ozone.common.Checksum.verifyChecksum(Checksum.java:295)
	at org.apache.hadoop.hdds.scm.storage.ChunkInputStream.lambda$new$0(ChunkInputStream.java:492)
	at org.apache.hadoop.hdds.scm.XceiverClientGrpc.sendCommandWithRetry(XceiverClientGrpc.java:410)
	at org.apache.hadoop.hdds.scm.XceiverClientGrpc.lambda$sendCommandWithTraceIDAndRetry$0(XceiverClientGrpc.java:349)
	at org.apache.hadoop.hdds.tracing.TracingUtil.executeInSpan(TracingUtil.java:196)
	at org.apache.hadoop.hdds.tracing.TracingUtil.executeInNewSpan(TracingUtil.java:170)
	at org.apache.hadoop.hdds.scm.XceiverClientGrpc.sendCommandWithTraceIDAndRetry(XceiverClientGrpc.java:343)
	at org.apache.hadoop.hdds.scm.XceiverClientGrpc.sendCommand(XceiverClientGrpc.java:324)
	at org.apache.hadoop.hdds.scm.storage.ContainerProtocolCalls.readChunk(ContainerProtocolCalls.java:355)
	at org.apache.hadoop.hdds.scm.storage.ContainerProtocolCalls.lambda$readChunk$2(ContainerProtocolCalls.java:342)
	at org.apache.hadoop.hdds.scm.storage.ContainerProtocolCalls.tryEachDatanode(ContainerProtocolCalls.java:143)
	at org.apache.hadoop.hdds.scm.storage.ContainerProtocolCalls.readChunk(ContainerProtocolCalls.java:341)
	at org.apache.hadoop.hdds.scm.storage.ChunkInputStream.readChunk(ChunkInputStream.java:430)
	at org.apache.hadoop.hdds.scm.storage.ChunkInputStream.readChunkDataIntoBuffers(ChunkInputStream.java:404)
	at org.apache.hadoop.hdds.scm.storage.ChunkInputStream.readChunkFromContainer(ChunkInputStream.java:389)
	at org.apache.hadoop.hdds.scm.storage.ChunkInputStream.prepareRead(ChunkInputStream.java:331)
	at org.apache.hadoop.hdds.scm.storage.ChunkInputStream.read(ChunkInputStream.java:175)
	at org.apache.hadoop.hdds.scm.storage.ByteArrayReader.readFromBlock(ByteArrayReader.java:57)
	at org.apache.hadoop.hdds.scm.storage.BlockInputStream.readWithStrategy(BlockInputStream.java:327)
	at org.apache.hadoop.hdds.scm.storage.ExtendedInputStream.read(ExtendedInputStream.java:56)
	at org.apache.hadoop.hdds.scm.storage.ByteArrayReader.readFromBlock(ByteArrayReader.java:57)
	at org.apache.hadoop.hdds.scm.storage.MultipartInputStream.readWithStrategy(MultipartInputStream.java:96)
	at org.apache.hadoop.hdds.scm.storage.ExtendedInputStream.read(ExtendedInputStream.java:56)
	at org.apache.hadoop.ozone.client.io.OzoneInputStream.read(OzoneInputStream.java:56)
	at java.io.InputStream.read(InputStream.java:101)
	at org.apache.hadoop.ozone.client.rpc.TestOzoneRpcClientAbstract.testReadKeyWithCorruptedDataWithMutiNodes(TestOzoneRpcClientAbstract.java:2043)
	at sun.reflect.NativeMethodAccessorImpl.invoke0(Native Method)
	at sun.reflect.NativeMethodAccessorImpl.invoke(NativeMethodAccessorImpl.java:62)
	at sun.reflect.DelegatingMethodAccessorImpl.invoke(DelegatingMethodAccessorImpl.java:43)
	at java.lang.reflect.Method.invoke(Method.java:498)
	at org.junit.platform.commons.util.ReflectionUtils.invokeMethod(ReflectionUtils.java:725)
	at org.junit.jupiter.engine.execution.MethodInvocation.proceed(MethodInvocation.java:60)
	at org.junit.jupiter.engine.execution.InvocationInterceptorChain$ValidatingInvocation.proceed(InvocationInterceptorChain.java:131)
	at org.junit.jupiter.engine.extension.TimeoutInvocation.proceed(TimeoutInvocation.java:46)
	at org.junit.jupiter.engine.extension.TimeoutExtension.intercept(TimeoutExtension.java:149)
	at org.junit.jupiter.engine.extension.TimeoutExtension.interceptTestableMethod(TimeoutExtension.java:140)
	at org.junit.jupiter.engine.extension.TimeoutExtension.interceptTestMethod(TimeoutExtension.java:84)
	at org.junit.jupiter.engine.execution.ExecutableInvoker$ReflectiveInterceptorCall.lambda$ofVoidMethod$0(ExecutableInvoker.java:115)
	at org.junit.jupiter.engine.execution.ExecutableInvoker.lambda$invoke$0(ExecutableInvoker.java:105)
	at org.junit.jupiter.engine.execution.InvocationInterceptorChain$InterceptedInvocation.proceed(InvocationInterceptorChain.java:106)
	at org.junit.jupiter.engine.execution.InvocationInterceptorChain.proceed(InvocationInterceptorChain.java:64)
	at org.junit.jupiter.engine.execution.InvocationInterceptorChain.chainAndInvoke(InvocationInterceptorChain.java:45)
	at org.junit.jupiter.engine.execution.InvocationInterceptorChain.invoke(InvocationInterceptorChain.java:37)
	at org.junit.jupiter.engine.execution.ExecutableInvoker.invoke(ExecutableInvoker.java:104)
	at org.junit.jupiter.engine.execution.ExecutableInvoker.invoke(ExecutableInvoker.java:98)
	at org.junit.jupiter.engine.descriptor.TestMethodTestDescriptor.lambda$invokeTestMethod$7(TestMethodTestDescriptor.java:214)
	at org.junit.platform.engine.support.hierarchical.ThrowableCollector.execute(ThrowableCollector.java:73)
	at org.junit.jupiter.engine.descriptor.TestMethodTestDescriptor.invokeTestMethod(TestMethodTestDescriptor.java:210)
	at org.junit.jupiter.engine.descriptor.TestMethodTestDescriptor.execute(TestMethodTestDescriptor.java:135)
	at org.junit.jupiter.engine.descriptor.TestMethodTestDescriptor.execute(TestMethodTestDescriptor.java:66)
	at org.junit.platform.engine.support.hierarchical.NodeTestTask.lambda$executeRecursively$6(NodeTestTask.java:151)
	at org.junit.platform.engine.support.hierarchical.ThrowableCollector.execute(ThrowableCollector.java:73)
	at org.junit.platform.engine.support.hierarchical.NodeTestTask.lambda$executeRecursively$8(NodeTestTask.java:141)
	at org.junit.platform.engine.support.hierarchical.Node.around(Node.java:137)
	at org.junit.platform.engine.support.hierarchical.NodeTestTask.lambda$executeRecursively$9(NodeTestTask.java:139)
	at org.junit.platform.engine.support.hierarchical.ThrowableCollector.execute(ThrowableCollector.java:73)
	at org.junit.platform.engine.support.hierarchical.NodeTestTask.executeRecursively(NodeTestTask.java:138)
	at org.junit.platform.engine.support.hierarchical.NodeTestTask.execute(NodeTestTask.java:95)
	at java.util.ArrayList.forEach(ArrayList.java:1259)
	at org.junit.platform.engine.support.hierarchical.SameThreadHierarchicalTestExecutorService.invokeAll(SameThreadHierarchicalTestExecutorService.java:41)
	at org.junit.platform.engine.support.hierarchical.NodeTestTask.lambda$executeRecursively$6(NodeTestTask.java:155)
	at org.junit.platform.engine.support.hierarchical.ThrowableCollector.execute(ThrowableCollector.java:73)
	at org.junit.platform.engine.support.hierarchical.NodeTestTask.lambda$executeRecursively$8(NodeTestTask.java:141)
	at org.junit.platform.engine.support.hierarchical.Node.around(Node.java:137)
	at org.junit.platform.engine.support.hierarchical.NodeTestTask.lambda$executeRecursively$9(NodeTestTask.java:139)
	at org.junit.platform.engine.support.hierarchical.ThrowableCollector.execute(ThrowableCollector.java:73)
	at org.junit.platform.engine.support.hierarchical.NodeTestTask.executeRecursively(NodeTestTask.java:138)
	at org.junit.platform.engine.support.hierarchical.NodeTestTask.execute(NodeTestTask.java:95)
	at java.util.ArrayList.forEach(ArrayList.java:1259)
	at org.junit.platform.engine.support.hierarchical.SameThreadHierarchicalTestExecutorService.invokeAll(SameThreadHierarchicalTestExecutorService.java:41)
	at org.junit.platform.engine.support.hierarchical.NodeTestTask.lambda$executeRecursively$6(NodeTestTask.java:155)
	at org.junit.platform.engine.support.hierarchical.ThrowableCollector.execute(ThrowableCollector.java:73)
	at org.junit.platform.engine.support.hierarchical.NodeTestTask.lambda$executeRecursively$8(NodeTestTask.java:141)
	at org.junit.platform.engine.support.hierarchical.Node.around(Node.java:137)
	at org.junit.platform.engine.support.hierarchical.NodeTestTask.lambda$executeRecursively$9(NodeTestTask.java:139)
	at org.junit.platform.engine.support.hierarchical.ThrowableCollector.execute(ThrowableCollector.java:73)
	at org.junit.platform.engine.support.hierarchical.NodeTestTask.executeRecursively(NodeTestTask.java:138)
	at org.junit.platform.engine.support.hierarchical.NodeTestTask.execute(NodeTestTask.java:95)
	at org.junit.platform.engine.support.hierarchical.SameThreadHierarchicalTestExecutorService.submit(SameThreadHierarchicalTestExecutorService.java:35)
	at org.junit.platform.engine.support.hierarchical.HierarchicalTestExecutor.execute(HierarchicalTestExecutor.java:57)
	at org.junit.platform.engine.support.hierarchical.HierarchicalTestEngine.execute(HierarchicalTestEngine.java:54)
	at org.junit.platform.launcher.core.EngineExecutionOrchestrator.execute(EngineExecutionOrchestrator.java:107)
	at org.junit.platform.launcher.core.EngineExecutionOrchestrator.execute(EngineExecutionOrchestrator.java:88)
	at org.junit.platform.launcher.core.EngineExecutionOrchestrator.lambda$execute$0(EngineExecutionOrchestrator.java:54)
	at org.junit.platform.launcher.core.EngineExecutionOrchestrator.withInterceptedStreams(EngineExecutionOrchestrator.java:67)
	at org.junit.platform.launcher.core.EngineExecutionOrchestrator.execute(EngineExecutionOrchestrator.java:52)
	at org.junit.platform.launcher.core.DefaultLauncher.execute(DefaultLauncher.java:114)
	at org.junit.platform.launcher.core.DefaultLauncher.execute(DefaultLauncher.java:86)
	at org.junit.platform.launcher.core.DefaultLauncherSession$DelegatingLauncher.execute(DefaultLauncherSession.java:86)
	at org.junit.platform.launcher.core.SessionPerRequestLauncher.execute(SessionPerRequestLauncher.java:53)
	at org.apache.maven.surefire.junitplatform.JUnitPlatformProvider.execute(JUnitPlatformProvider.java:188)
	at org.apache.maven.surefire.junitplatform.JUnitPlatformProvider.invokeAllTests(JUnitPlatformProvider.java:154)
	at org.apache.maven.surefire.junitplatform.JUnitPlatformProvider.invoke(JUnitPlatformProvider.java:124)
	at org.apache.maven.surefire.booter.ForkedBooter.runSuitesInProcess(ForkedBooter.java:428)
	at org.apache.maven.surefire.booter.ForkedBooter.execute(ForkedBooter.java:162)
	at org.apache.maven.surefire.booter.ForkedBooter.run(ForkedBooter.java:562)
	at org.apache.maven.surefire.booter.ForkedBooter.main(ForkedBooter.java:548)
2023-05-04 21:55:17,005 [Listener at 127.0.0.1/45425] ERROR scm.XceiverClientGrpc (XceiverClientGrpc.java:sendCommandWithRetry(453)) - Failed to execute command ReadChunk on the pipeline Pipeline[ Id: 7293fd01-d28b-4e50-8824-9f854cf4774f, Nodes: d5196681-af95-4a59-85a9-5a8fb94dede6(fv-az133-721.yhipumr4050edinzmvad0xeera.cx.internal.cloudapp.net/10.1.0.44)ba9b7234-19ea-40e1-bb60-95fa157c93f0(fv-az133-721.yhipumr4050edinzmvad0xeera.cx.internal.cloudapp.net/10.1.0.44)0362f5ef-3c15-4b85-bfd5-7911b45f7638(fv-az133-721.yhipumr4050edinzmvad0xeera.cx.internal.cloudapp.net/10.1.0.44), ReplicationConfig: STANDALONE/THREE, State:OPEN, leaderId:d5196681-af95-4a59-85a9-5a8fb94dede6, CreationTimestamp2023-05-04T21:54:24.803Z[Etc/UTC]].
2023-05-04 21:55:17,006 [Listener at 127.0.0.1/45425] WARN  storage.ContainerProtocolCalls (ContainerProtocolCalls.java:tryEachDatanode(147)) - Failed to read chunk 111677748019200367_chunk_1 (len=12) conID: 15 locID: 111677748019200367 bcsId: 174 from ba9b7234-19ea-40e1-bb60-95fa157c93f0(fv-az133-721.yhipumr4050edinzmvad0xeera.cx.internal.cloudapp.net/10.1.0.44); will try another datanode.
org.apache.hadoop.ozone.common.OzoneChecksumException: Checksum mismatch at index 0
	at org.apache.hadoop.ozone.common.ChecksumData.verifyChecksumDataMatches(ChecksumData.java:139)
	at org.apache.hadoop.ozone.common.Checksum.verifyChecksum(Checksum.java:295)
	at org.apache.hadoop.hdds.scm.storage.ChunkInputStream.lambda$new$0(ChunkInputStream.java:492)
	at org.apache.hadoop.hdds.scm.XceiverClientGrpc.sendCommandWithRetry(XceiverClientGrpc.java:410)
	at org.apache.hadoop.hdds.scm.XceiverClientGrpc.lambda$sendCommandWithTraceIDAndRetry$0(XceiverClientGrpc.java:349)
	at org.apache.hadoop.hdds.tracing.TracingUtil.executeInSpan(TracingUtil.java:196)
	at org.apache.hadoop.hdds.tracing.TracingUtil.executeInNewSpan(TracingUtil.java:170)
	at org.apache.hadoop.hdds.scm.XceiverClientGrpc.sendCommandWithTraceIDAndRetry(XceiverClientGrpc.java:343)
	at org.apache.hadoop.hdds.scm.XceiverClientGrpc.sendCommand(XceiverClientGrpc.java:324)
	at org.apache.hadoop.hdds.scm.storage.ContainerProtocolCalls.readChunk(ContainerProtocolCalls.java:355)
	at org.apache.hadoop.hdds.scm.storage.ContainerProtocolCalls.lambda$readChunk$2(ContainerProtocolCalls.java:342)
	at org.apache.hadoop.hdds.scm.storage.ContainerProtocolCalls.tryEachDatanode(ContainerProtocolCalls.java:143)
	at org.apache.hadoop.hdds.scm.storage.ContainerProtocolCalls.readChunk(ContainerProtocolCalls.java:341)
	at org.apache.hadoop.hdds.scm.storage.ChunkInputStream.readChunk(ChunkInputStream.java:430)
	at org.apache.hadoop.hdds.scm.storage.ChunkInputStream.readChunkDataIntoBuffers(ChunkInputStream.java:404)
	at org.apache.hadoop.hdds.scm.storage.ChunkInputStream.readChunkFromContainer(ChunkInputStream.java:389)
	at org.apache.hadoop.hdds.scm.storage.ChunkInputStream.prepareRead(ChunkInputStream.java:331)
	at org.apache.hadoop.hdds.scm.storage.ChunkInputStream.read(ChunkInputStream.java:175)
	at org.apache.hadoop.hdds.scm.storage.ByteArrayReader.readFromBlock(ByteArrayReader.java:57)
	at org.apache.hadoop.hdds.scm.storage.BlockInputStream.readWithStrategy(BlockInputStream.java:327)
	at org.apache.hadoop.hdds.scm.storage.ExtendedInputStream.read(ExtendedInputStream.java:56)
	at org.apache.hadoop.hdds.scm.storage.ByteArrayReader.readFromBlock(ByteArrayReader.java:57)
	at org.apache.hadoop.hdds.scm.storage.MultipartInputStream.readWithStrategy(MultipartInputStream.java:96)
	at org.apache.hadoop.hdds.scm.storage.ExtendedInputStream.read(ExtendedInputStream.java:56)
	at org.apache.hadoop.ozone.client.io.OzoneInputStream.read(OzoneInputStream.java:56)
	at java.io.InputStream.read(InputStream.java:101)
	at org.apache.hadoop.ozone.client.rpc.TestOzoneRpcClientAbstract.testReadKeyWithCorruptedDataWithMutiNodes(TestOzoneRpcClientAbstract.java:2043)
	at sun.reflect.NativeMethodAccessorImpl.invoke0(Native Method)
	at sun.reflect.NativeMethodAccessorImpl.invoke(NativeMethodAccessorImpl.java:62)
	at sun.reflect.DelegatingMethodAccessorImpl.invoke(DelegatingMethodAccessorImpl.java:43)
	at java.lang.reflect.Method.invoke(Method.java:498)
	at org.junit.platform.commons.util.ReflectionUtils.invokeMethod(ReflectionUtils.java:725)
	at org.junit.jupiter.engine.execution.MethodInvocation.proceed(MethodInvocation.java:60)
	at org.junit.jupiter.engine.execution.InvocationInterceptorChain$ValidatingInvocation.proceed(InvocationInterceptorChain.java:131)
	at org.junit.jupiter.engine.extension.TimeoutInvocation.proceed(TimeoutInvocation.java:46)
	at org.junit.jupiter.engine.extension.TimeoutExtension.intercept(TimeoutExtension.java:149)
	at org.junit.jupiter.engine.extension.TimeoutExtension.interceptTestableMethod(TimeoutExtension.java:140)
	at org.junit.jupiter.engine.extension.TimeoutExtension.interceptTestMethod(TimeoutExtension.java:84)
	at org.junit.jupiter.engine.execution.ExecutableInvoker$ReflectiveInterceptorCall.lambda$ofVoidMethod$0(ExecutableInvoker.java:115)
	at org.junit.jupiter.engine.execution.ExecutableInvoker.lambda$invoke$0(ExecutableInvoker.java:105)
	at org.junit.jupiter.engine.execution.InvocationInterceptorChain$InterceptedInvocation.proceed(InvocationInterceptorChain.java:106)
	at org.junit.jupiter.engine.execution.InvocationInterceptorChain.proceed(InvocationInterceptorChain.java:64)
	at org.junit.jupiter.engine.execution.InvocationInterceptorChain.chainAndInvoke(InvocationInterceptorChain.java:45)
	at org.junit.jupiter.engine.execution.InvocationInterceptorChain.invoke(InvocationInterceptorChain.java:37)
	at org.junit.jupiter.engine.execution.ExecutableInvoker.invoke(ExecutableInvoker.java:104)
	at org.junit.jupiter.engine.execution.ExecutableInvoker.invoke(ExecutableInvoker.java:98)
	at org.junit.jupiter.engine.descriptor.TestMethodTestDescriptor.lambda$invokeTestMethod$7(TestMethodTestDescriptor.java:214)
	at org.junit.platform.engine.support.hierarchical.ThrowableCollector.execute(ThrowableCollector.java:73)
	at org.junit.jupiter.engine.descriptor.TestMethodTestDescriptor.invokeTestMethod(TestMethodTestDescriptor.java:210)
	at org.junit.jupiter.engine.descriptor.TestMethodTestDescriptor.execute(TestMethodTestDescriptor.java:135)
	at org.junit.jupiter.engine.descriptor.TestMethodTestDescriptor.execute(TestMethodTestDescriptor.java:66)
	at org.junit.platform.engine.support.hierarchical.NodeTestTask.lambda$executeRecursively$6(NodeTestTask.java:151)
	at org.junit.platform.engine.support.hierarchical.ThrowableCollector.execute(ThrowableCollector.java:73)
	at org.junit.platform.engine.support.hierarchical.NodeTestTask.lambda$executeRecursively$8(NodeTestTask.java:141)
	at org.junit.platform.engine.support.hierarchical.Node.around(Node.java:137)
	at org.junit.platform.engine.support.hierarchical.NodeTestTask.lambda$executeRecursively$9(NodeTestTask.java:139)
	at org.junit.platform.engine.support.hierarchical.ThrowableCollector.execute(ThrowableCollector.java:73)
	at org.junit.platform.engine.support.hierarchical.NodeTestTask.executeRecursively(NodeTestTask.java:138)
	at org.junit.platform.engine.support.hierarchical.NodeTestTask.execute(NodeTestTask.java:95)
	at java.util.ArrayList.forEach(ArrayList.java:1259)
	at org.junit.platform.engine.support.hierarchical.SameThreadHierarchicalTestExecutorService.invokeAll(SameThreadHierarchicalTestExecutorService.java:41)
	at org.junit.platform.engine.support.hierarchical.NodeTestTask.lambda$executeRecursively$6(NodeTestTask.java:155)
	at org.junit.platform.engine.support.hierarchical.ThrowableCollector.execute(ThrowableCollector.java:73)
	at org.junit.platform.engine.support.hierarchical.NodeTestTask.lambda$executeRecursively$8(NodeTestTask.java:141)
	at org.junit.platform.engine.support.hierarchical.Node.around(Node.java:137)
	at org.junit.platform.engine.support.hierarchical.NodeTestTask.lambda$executeRecursively$9(NodeTestTask.java:139)
	at org.junit.platform.engine.support.hierarchical.ThrowableCollector.execute(ThrowableCollector.java:73)
	at org.junit.platform.engine.support.hierarchical.NodeTestTask.executeRecursively(NodeTestTask.java:138)
	at org.junit.platform.engine.support.hierarchical.NodeTestTask.execute(NodeTestTask.java:95)
	at java.util.ArrayList.forEach(ArrayList.java:1259)
	at org.junit.platform.engine.support.hierarchical.SameThreadHierarchicalTestExecutorService.invokeAll(SameThreadHierarchicalTestExecutorService.java:41)
	at org.junit.platform.engine.support.hierarchical.NodeTestTask.lambda$executeRecursively$6(NodeTestTask.java:155)
	at org.junit.platform.engine.support.hierarchical.ThrowableCollector.execute(ThrowableCollector.java:73)
	at org.junit.platform.engine.support.hierarchical.NodeTestTask.lambda$executeRecursively$8(NodeTestTask.java:141)
	at org.junit.platform.engine.support.hierarchical.Node.around(Node.java:137)
	at org.junit.platform.engine.support.hierarchical.NodeTestTask.lambda$executeRecursively$9(NodeTestTask.java:139)
	at org.junit.platform.engine.support.hierarchical.ThrowableCollector.execute(ThrowableCollector.java:73)
	at org.junit.platform.engine.support.hierarchical.NodeTestTask.executeRecursively(NodeTestTask.java:138)
	at org.junit.platform.engine.support.hierarchical.NodeTestTask.execute(NodeTestTask.java:95)
	at org.junit.platform.engine.support.hierarchical.SameThreadHierarchicalTestExecutorService.submit(SameThreadHierarchicalTestExecutorService.java:35)
	at org.junit.platform.engine.support.hierarchical.HierarchicalTestExecutor.execute(HierarchicalTestExecutor.java:57)
	at org.junit.platform.engine.support.hierarchical.HierarchicalTestEngine.execute(HierarchicalTestEngine.java:54)
	at org.junit.platform.launcher.core.EngineExecutionOrchestrator.execute(EngineExecutionOrchestrator.java:107)
	at org.junit.platform.launcher.core.EngineExecutionOrchestrator.execute(EngineExecutionOrchestrator.java:88)
	at org.junit.platform.launcher.core.EngineExecutionOrchestrator.lambda$execute$0(EngineExecutionOrchestrator.java:54)
	at org.junit.platform.launcher.core.EngineExecutionOrchestrator.withInterceptedStreams(EngineExecutionOrchestrator.java:67)
	at org.junit.platform.launcher.core.EngineExecutionOrchestrator.execute(EngineExecutionOrchestrator.java:52)
	at org.junit.platform.launcher.core.DefaultLauncher.execute(DefaultLauncher.java:114)
	at org.junit.platform.launcher.core.DefaultLauncher.execute(DefaultLauncher.java:86)
	at org.junit.platform.launcher.core.DefaultLauncherSession$DelegatingLauncher.execute(DefaultLauncherSession.java:86)
	at org.junit.platform.launcher.core.SessionPerRequestLauncher.execute(SessionPerRequestLauncher.java:53)
	at org.apache.maven.surefire.junitplatform.JUnitPlatformProvider.execute(JUnitPlatformProvider.java:188)
	at org.apache.maven.surefire.junitplatform.JUnitPlatformProvider.invokeAllTests(JUnitPlatformProvider.java:154)
	at org.apache.maven.surefire.junitplatform.JUnitPlatformProvider.invoke(JUnitPlatformProvider.java:124)
	at org.apache.maven.surefire.booter.ForkedBooter.runSuitesInProcess(ForkedBooter.java:428)
	at org.apache.maven.surefire.booter.ForkedBooter.execute(ForkedBooter.java:162)
	at org.apache.maven.surefire.booter.ForkedBooter.run(ForkedBooter.java:562)
	at org.apache.maven.surefire.booter.ForkedBooter.main(ForkedBooter.java:548)
2023-05-04 21:55:17,013 [Listener at 127.0.0.1/45425] ERROR scm.XceiverClientGrpc (XceiverClientGrpc.java:sendCommandWithRetry(453)) - Failed to execute command ReadChunk on the pipeline Pipeline[ Id: 7293fd01-d28b-4e50-8824-9f854cf4774f, Nodes: d5196681-af95-4a59-85a9-5a8fb94dede6(fv-az133-721.yhipumr4050edinzmvad0xeera.cx.internal.cloudapp.net/10.1.0.44)ba9b7234-19ea-40e1-bb60-95fa157c93f0(fv-az133-721.yhipumr4050edinzmvad0xeera.cx.internal.cloudapp.net/10.1.0.44)0362f5ef-3c15-4b85-bfd5-7911b45f7638(fv-az133-721.yhipumr4050edinzmvad0xeera.cx.internal.cloudapp.net/10.1.0.44), ReplicationConfig: STANDALONE/THREE, State:OPEN, leaderId:d5196681-af95-4a59-85a9-5a8fb94dede6, CreationTimestamp2023-05-04T21:54:24.803Z[Etc/UTC]].
2023-05-04 21:55:17,017 [Listener at 127.0.0.1/45425] ERROR scm.XceiverClientGrpc (XceiverClientGrpc.java:sendCommandWithRetry(453)) - Failed to execute command ReadChunk on the pipeline Pipeline[ Id: 7293fd01-d28b-4e50-8824-9f854cf4774f, Nodes: d5196681-af95-4a59-85a9-5a8fb94dede6(fv-az133-721.yhipumr4050edinzmvad0xeera.cx.internal.cloudapp.net/10.1.0.44)ba9b7234-19ea-40e1-bb60-95fa157c93f0(fv-az133-721.yhipumr4050edinzmvad0xeera.cx.internal.cloudapp.net/10.1.0.44)0362f5ef-3c15-4b85-bfd5-7911b45f7638(fv-az133-721.yhipumr4050edinzmvad0xeera.cx.internal.cloudapp.net/10.1.0.44), ReplicationConfig: STANDALONE/THREE, State:OPEN, leaderId:d5196681-af95-4a59-85a9-5a8fb94dede6, CreationTimestamp2023-05-04T21:54:24.803Z[Etc/UTC]].
2023-05-04 21:55:17,018 [Listener at 127.0.0.1/45425] WARN  storage.ContainerProtocolCalls (ContainerProtocolCalls.java:tryEachDatanode(147)) - Failed to read chunk 111677748019200367_chunk_1 (len=12) conID: 15 locID: 111677748019200367 bcsId: 174 from d5196681-af95-4a59-85a9-5a8fb94dede6(fv-az133-721.yhipumr4050edinzmvad0xeera.cx.internal.cloudapp.net/10.1.0.44); will try another datanode.
org.apache.hadoop.ozone.common.OzoneChecksumException: Checksum mismatch at index 0
	at org.apache.hadoop.ozone.common.ChecksumData.verifyChecksumDataMatches(ChecksumData.java:139)
	at org.apache.hadoop.ozone.common.Checksum.verifyChecksum(Checksum.java:295)
	at org.apache.hadoop.hdds.scm.storage.ChunkInputStream.lambda$new$0(ChunkInputStream.java:492)
	at org.apache.hadoop.hdds.scm.XceiverClientGrpc.sendCommandWithRetry(XceiverClientGrpc.java:410)
	at org.apache.hadoop.hdds.scm.XceiverClientGrpc.lambda$sendCommandWithTraceIDAndRetry$0(XceiverClientGrpc.java:349)
	at org.apache.hadoop.hdds.tracing.TracingUtil.executeInSpan(TracingUtil.java:196)
	at org.apache.hadoop.hdds.tracing.TracingUtil.executeInNewSpan(TracingUtil.java:170)
	at org.apache.hadoop.hdds.scm.XceiverClientGrpc.sendCommandWithTraceIDAndRetry(XceiverClientGrpc.java:343)
	at org.apache.hadoop.hdds.scm.XceiverClientGrpc.sendCommand(XceiverClientGrpc.java:324)
	at org.apache.hadoop.hdds.scm.storage.ContainerProtocolCalls.readChunk(ContainerProtocolCalls.java:355)
	at org.apache.hadoop.hdds.scm.storage.ContainerProtocolCalls.lambda$readChunk$2(ContainerProtocolCalls.java:342)
	at org.apache.hadoop.hdds.scm.storage.ContainerProtocolCalls.tryEachDatanode(ContainerProtocolCalls.java:143)
	at org.apache.hadoop.hdds.scm.storage.ContainerProtocolCalls.readChunk(ContainerProtocolCalls.java:341)
	at org.apache.hadoop.hdds.scm.storage.ChunkInputStream.readChunk(ChunkInputStream.java:430)
	at org.apache.hadoop.hdds.scm.storage.ChunkInputStream.readChunkDataIntoBuffers(ChunkInputStream.java:404)
	at org.apache.hadoop.hdds.scm.storage.ChunkInputStream.readChunkFromContainer(ChunkInputStream.java:389)
	at org.apache.hadoop.hdds.scm.storage.ChunkInputStream.prepareRead(ChunkInputStream.java:321)
	at org.apache.hadoop.hdds.scm.storage.ChunkInputStream.read(ChunkInputStream.java:175)
	at org.apache.hadoop.hdds.scm.storage.ByteArrayReader.readFromBlock(ByteArrayReader.java:57)
	at org.apache.hadoop.hdds.scm.storage.BlockInputStream.readWithStrategy(BlockInputStream.java:327)
	at org.apache.hadoop.hdds.scm.storage.ExtendedInputStream.read(ExtendedInputStream.java:56)
	at org.apache.hadoop.hdds.scm.storage.ByteArrayReader.readFromBlock(ByteArrayReader.java:57)
	at org.apache.hadoop.hdds.scm.storage.MultipartInputStream.readWithStrategy(MultipartInputStream.java:96)
	at org.apache.hadoop.hdds.scm.storage.ExtendedInputStream.read(ExtendedInputStream.java:56)
	at org.apache.hadoop.ozone.client.io.OzoneInputStream.read(OzoneInputStream.java:56)
	at java.io.InputStream.read(InputStream.java:101)
	at org.apache.hadoop.ozone.client.rpc.TestOzoneRpcClientAbstract.testReadKeyWithCorruptedDataWithMutiNodes(TestOzoneRpcClientAbstract.java:2043)
	at sun.reflect.NativeMethodAccessorImpl.invoke0(Native Method)
	at sun.reflect.NativeMethodAccessorImpl.invoke(NativeMethodAccessorImpl.java:62)
	at sun.reflect.DelegatingMethodAccessorImpl.invoke(DelegatingMethodAccessorImpl.java:43)
	at java.lang.reflect.Method.invoke(Method.java:498)
	at org.junit.platform.commons.util.ReflectionUtils.invokeMethod(ReflectionUtils.java:725)
	at org.junit.jupiter.engine.execution.MethodInvocation.proceed(MethodInvocation.java:60)
	at org.junit.jupiter.engine.execution.InvocationInterceptorChain$ValidatingInvocation.proceed(InvocationInterceptorChain.java:131)
	at org.junit.jupiter.engine.extension.TimeoutInvocation.proceed(TimeoutInvocation.java:46)
	at org.junit.jupiter.engine.extension.TimeoutExtension.intercept(TimeoutExtension.java:149)
	at org.junit.jupiter.engine.extension.TimeoutExtension.interceptTestableMethod(TimeoutExtension.java:140)
	at org.junit.jupiter.engine.extension.TimeoutExtension.interceptTestMethod(TimeoutExtension.java:84)
	at org.junit.jupiter.engine.execution.ExecutableInvoker$ReflectiveInterceptorCall.lambda$ofVoidMethod$0(ExecutableInvoker.java:115)
	at org.junit.jupiter.engine.execution.ExecutableInvoker.lambda$invoke$0(ExecutableInvoker.java:105)
	at org.junit.jupiter.engine.execution.InvocationInterceptorChain$InterceptedInvocation.proceed(InvocationInterceptorChain.java:106)
	at org.junit.jupiter.engine.execution.InvocationInterceptorChain.proceed(InvocationInterceptorChain.java:64)
	at org.junit.jupiter.engine.execution.InvocationInterceptorChain.chainAndInvoke(InvocationInterceptorChain.java:45)
	at org.junit.jupiter.engine.execution.InvocationInterceptorChain.invoke(InvocationInterceptorChain.java:37)
	at org.junit.jupiter.engine.execution.ExecutableInvoker.invoke(ExecutableInvoker.java:104)
	at org.junit.jupiter.engine.execution.ExecutableInvoker.invoke(ExecutableInvoker.java:98)
	at org.junit.jupiter.engine.descriptor.TestMethodTestDescriptor.lambda$invokeTestMethod$7(TestMethodTestDescriptor.java:214)
	at org.junit.platform.engine.support.hierarchical.ThrowableCollector.execute(ThrowableCollector.java:73)
	at org.junit.jupiter.engine.descriptor.TestMethodTestDescriptor.invokeTestMethod(TestMethodTestDescriptor.java:210)
	at org.junit.jupiter.engine.descriptor.TestMethodTestDescriptor.execute(TestMethodTestDescriptor.java:135)
	at org.junit.jupiter.engine.descriptor.TestMethodTestDescriptor.execute(TestMethodTestDescriptor.java:66)
	at org.junit.platform.engine.support.hierarchical.NodeTestTask.lambda$executeRecursively$6(NodeTestTask.java:151)
	at org.junit.platform.engine.support.hierarchical.ThrowableCollector.execute(ThrowableCollector.java:73)
	at org.junit.platform.engine.support.hierarchical.NodeTestTask.lambda$executeRecursively$8(NodeTestTask.java:141)
	at org.junit.platform.engine.support.hierarchical.Node.around(Node.java:137)
	at org.junit.platform.engine.support.hierarchical.NodeTestTask.lambda$executeRecursively$9(NodeTestTask.java:139)
	at org.junit.platform.engine.support.hierarchical.ThrowableCollector.execute(ThrowableCollector.java:73)
	at org.junit.platform.engine.support.hierarchical.NodeTestTask.executeRecursively(NodeTestTask.java:138)
	at org.junit.platform.engine.support.hierarchical.NodeTestTask.execute(NodeTestTask.java:95)
	at java.util.ArrayList.forEach(ArrayList.java:1259)
	at org.junit.platform.engine.support.hierarchical.SameThreadHierarchicalTestExecutorService.invokeAll(SameThreadHierarchicalTestExecutorService.java:41)
	at org.junit.platform.engine.support.hierarchical.NodeTestTask.lambda$executeRecursively$6(NodeTestTask.java:155)
	at org.junit.platform.engine.support.hierarchical.ThrowableCollector.execute(ThrowableCollector.java:73)
	at org.junit.platform.engine.support.hierarchical.NodeTestTask.lambda$executeRecursively$8(NodeTestTask.java:141)
	at org.junit.platform.engine.support.hierarchical.Node.around(Node.java:137)
	at org.junit.platform.engine.support.hierarchical.NodeTestTask.lambda$executeRecursively$9(NodeTestTask.java:139)
	at org.junit.platform.engine.support.hierarchical.ThrowableCollector.execute(ThrowableCollector.java:73)
	at org.junit.platform.engine.support.hierarchical.NodeTestTask.executeRecursively(NodeTestTask.java:138)
	at org.junit.platform.engine.support.hierarchical.NodeTestTask.execute(NodeTestTask.java:95)
	at java.util.ArrayList.forEach(ArrayList.java:1259)
	at org.junit.platform.engine.support.hierarchical.SameThreadHierarchicalTestExecutorService.invokeAll(SameThreadHierarchicalTestExecutorService.java:41)
	at org.junit.platform.engine.support.hierarchical.NodeTestTask.lambda$executeRecursively$6(NodeTestTask.java:155)
	at org.junit.platform.engine.support.hierarchical.ThrowableCollector.execute(ThrowableCollector.java:73)
	at org.junit.platform.engine.support.hierarchical.NodeTestTask.lambda$executeRecursively$8(NodeTestTask.java:141)
	at org.junit.platform.engine.support.hierarchical.Node.around(Node.java:137)
	at org.junit.platform.engine.support.hierarchical.NodeTestTask.lambda$executeRecursively$9(NodeTestTask.java:139)
	at org.junit.platform.engine.support.hierarchical.ThrowableCollector.execute(ThrowableCollector.java:73)
	at org.junit.platform.engine.support.hierarchical.NodeTestTask.executeRecursively(NodeTestTask.java:138)
	at org.junit.platform.engine.support.hierarchical.NodeTestTask.execute(NodeTestTask.java:95)
	at org.junit.platform.engine.support.hierarchical.SameThreadHierarchicalTestExecutorService.submit(SameThreadHierarchicalTestExecutorService.java:35)
	at org.junit.platform.engine.support.hierarchical.HierarchicalTestExecutor.execute(HierarchicalTestExecutor.java:57)
	at org.junit.platform.engine.support.hierarchical.HierarchicalTestEngine.execute(HierarchicalTestEngine.java:54)
	at org.junit.platform.launcher.core.EngineExecutionOrchestrator.execute(EngineExecutionOrchestrator.java:107)
	at org.junit.platform.launcher.core.EngineExecutionOrchestrator.execute(EngineExecutionOrchestrator.java:88)
	at org.junit.platform.launcher.core.EngineExecutionOrchestrator.lambda$execute$0(EngineExecutionOrchestrator.java:54)
	at org.junit.platform.launcher.core.EngineExecutionOrchestrator.withInterceptedStreams(EngineExecutionOrchestrator.java:67)
	at org.junit.platform.launcher.core.EngineExecutionOrchestrator.execute(EngineExecutionOrchestrator.java:52)
	at org.junit.platform.launcher.core.DefaultLauncher.execute(DefaultLauncher.java:114)
	at org.junit.platform.launcher.core.DefaultLauncher.execute(DefaultLauncher.java:86)
	at org.junit.platform.launcher.core.DefaultLauncherSession$DelegatingLauncher.execute(DefaultLauncherSession.java:86)
	at org.junit.platform.launcher.core.SessionPerRequestLauncher.execute(SessionPerRequestLauncher.java:53)
	at org.apache.maven.surefire.junitplatform.JUnitPlatformProvider.execute(JUnitPlatformProvider.java:188)
	at org.apache.maven.surefire.junitplatform.JUnitPlatformProvider.invokeAllTests(JUnitPlatformProvider.java:154)
	at org.apache.maven.surefire.junitplatform.JUnitPlatformProvider.invoke(JUnitPlatformProvider.java:124)
	at org.apache.maven.surefire.booter.ForkedBooter.runSuitesInProcess(ForkedBooter.java:428)
	at org.apache.maven.surefire.booter.ForkedBooter.execute(ForkedBooter.java:162)
	at org.apache.maven.surefire.booter.ForkedBooter.run(ForkedBooter.java:562)
	at org.apache.maven.surefire.booter.ForkedBooter.main(ForkedBooter.java:548)
2023-05-04 21:55:17,023 [Listener at 127.0.0.1/45425] ERROR scm.XceiverClientGrpc (XceiverClientGrpc.java:sendCommandWithRetry(453)) - Failed to execute command ReadChunk on the pipeline Pipeline[ Id: 7293fd01-d28b-4e50-8824-9f854cf4774f, Nodes: d5196681-af95-4a59-85a9-5a8fb94dede6(fv-az133-721.yhipumr4050edinzmvad0xeera.cx.internal.cloudapp.net/10.1.0.44)ba9b7234-19ea-40e1-bb60-95fa157c93f0(fv-az133-721.yhipumr4050edinzmvad0xeera.cx.internal.cloudapp.net/10.1.0.44)0362f5ef-3c15-4b85-bfd5-7911b45f7638(fv-az133-721.yhipumr4050edinzmvad0xeera.cx.internal.cloudapp.net/10.1.0.44), ReplicationConfig: STANDALONE/THREE, State:OPEN, leaderId:d5196681-af95-4a59-85a9-5a8fb94dede6, CreationTimestamp2023-05-04T21:54:24.803Z[Etc/UTC]].
2023-05-04 21:55:17,023 [Listener at 127.0.0.1/45425] WARN  storage.ContainerProtocolCalls (ContainerProtocolCalls.java:tryEachDatanode(147)) - Failed to read chunk 111677748019200367_chunk_1 (len=12) conID: 15 locID: 111677748019200367 bcsId: 174 from ba9b7234-19ea-40e1-bb60-95fa157c93f0(fv-az133-721.yhipumr4050edinzmvad0xeera.cx.internal.cloudapp.net/10.1.0.44); will try another datanode.
org.apache.hadoop.ozone.common.OzoneChecksumException: Checksum mismatch at index 0
	at org.apache.hadoop.ozone.common.ChecksumData.verifyChecksumDataMatches(ChecksumData.java:139)
	at org.apache.hadoop.ozone.common.Checksum.verifyChecksum(Checksum.java:295)
	at org.apache.hadoop.hdds.scm.storage.ChunkInputStream.lambda$new$0(ChunkInputStream.java:492)
	at org.apache.hadoop.hdds.scm.XceiverClientGrpc.sendCommandWithRetry(XceiverClientGrpc.java:410)
	at org.apache.hadoop.hdds.scm.XceiverClientGrpc.lambda$sendCommandWithTraceIDAndRetry$0(XceiverClientGrpc.java:349)
	at org.apache.hadoop.hdds.tracing.TracingUtil.executeInSpan(TracingUtil.java:196)
	at org.apache.hadoop.hdds.tracing.TracingUtil.executeInNewSpan(TracingUtil.java:170)
	at org.apache.hadoop.hdds.scm.XceiverClientGrpc.sendCommandWithTraceIDAndRetry(XceiverClientGrpc.java:343)
	at org.apache.hadoop.hdds.scm.XceiverClientGrpc.sendCommand(XceiverClientGrpc.java:324)
	at org.apache.hadoop.hdds.scm.storage.ContainerProtocolCalls.readChunk(ContainerProtocolCalls.java:355)
	at org.apache.hadoop.hdds.scm.storage.ContainerProtocolCalls.lambda$readChunk$2(ContainerProtocolCalls.java:342)
	at org.apache.hadoop.hdds.scm.storage.ContainerProtocolCalls.tryEachDatanode(ContainerProtocolCalls.java:143)
	at org.apache.hadoop.hdds.scm.storage.ContainerProtocolCalls.readChunk(ContainerProtocolCalls.java:341)
	at org.apache.hadoop.hdds.scm.storage.ChunkInputStream.readChunk(ChunkInputStream.java:430)
	at org.apache.hadoop.hdds.scm.storage.ChunkInputStream.readChunkDataIntoBuffers(ChunkInputStream.java:404)
	at org.apache.hadoop.hdds.scm.storage.ChunkInputStream.readChunkFromContainer(ChunkInputStream.java:389)
	at org.apache.hadoop.hdds.scm.storage.ChunkInputStream.prepareRead(ChunkInputStream.java:321)
	at org.apache.hadoop.hdds.scm.storage.ChunkInputStream.read(ChunkInputStream.java:175)
	at org.apache.hadoop.hdds.scm.storage.ByteArrayReader.readFromBlock(ByteArrayReader.java:57)
	at org.apache.hadoop.hdds.scm.storage.BlockInputStream.readWithStrategy(BlockInputStream.java:327)
	at org.apache.hadoop.hdds.scm.storage.ExtendedInputStream.read(ExtendedInputStream.java:56)
	at org.apache.hadoop.hdds.scm.storage.ByteArrayReader.readFromBlock(ByteArrayReader.java:57)
	at org.apache.hadoop.hdds.scm.storage.MultipartInputStream.readWithStrategy(MultipartInputStream.java:96)
	at org.apache.hadoop.hdds.scm.storage.ExtendedInputStream.read(ExtendedInputStream.java:56)
	at org.apache.hadoop.ozone.client.io.OzoneInputStream.read(OzoneInputStream.java:56)
	at java.io.InputStream.read(InputStream.java:101)
	at org.apache.hadoop.ozone.client.rpc.TestOzoneRpcClientAbstract.testReadKeyWithCorruptedDataWithMutiNodes(TestOzoneRpcClientAbstract.java:2043)
	at sun.reflect.NativeMethodAccessorImpl.invoke0(Native Method)
	at sun.reflect.NativeMethodAccessorImpl.invoke(NativeMethodAccessorImpl.java:62)
	at sun.reflect.DelegatingMethodAccessorImpl.invoke(DelegatingMethodAccessorImpl.java:43)
	at java.lang.reflect.Method.invoke(Method.java:498)
	at org.junit.platform.commons.util.ReflectionUtils.invokeMethod(ReflectionUtils.java:725)
	at org.junit.jupiter.engine.execution.MethodInvocation.proceed(MethodInvocation.java:60)
	at org.junit.jupiter.engine.execution.InvocationInterceptorChain$ValidatingInvocation.proceed(InvocationInterceptorChain.java:131)
	at org.junit.jupiter.engine.extension.TimeoutInvocation.proceed(TimeoutInvocation.java:46)
	at org.junit.jupiter.engine.extension.TimeoutExtension.intercept(TimeoutExtension.java:149)
	at org.junit.jupiter.engine.extension.TimeoutExtension.interceptTestableMethod(TimeoutExtension.java:140)
	at org.junit.jupiter.engine.extension.TimeoutExtension.interceptTestMethod(TimeoutExtension.java:84)
	at org.junit.jupiter.engine.execution.ExecutableInvoker$ReflectiveInterceptorCall.lambda$ofVoidMethod$0(ExecutableInvoker.java:115)
	at org.junit.jupiter.engine.execution.ExecutableInvoker.lambda$invoke$0(ExecutableInvoker.java:105)
	at org.junit.jupiter.engine.execution.InvocationInterceptorChain$InterceptedInvocation.proceed(InvocationInterceptorChain.java:106)
	at org.junit.jupiter.engine.execution.InvocationInterceptorChain.proceed(InvocationInterceptorChain.java:64)
	at org.junit.jupiter.engine.execution.InvocationInterceptorChain.chainAndInvoke(InvocationInterceptorChain.java:45)
	at org.junit.jupiter.engine.execution.InvocationInterceptorChain.invoke(InvocationInterceptorChain.java:37)
	at org.junit.jupiter.engine.execution.ExecutableInvoker.invoke(ExecutableInvoker.java:104)
	at org.junit.jupiter.engine.execution.ExecutableInvoker.invoke(ExecutableInvoker.java:98)
	at org.junit.jupiter.engine.descriptor.TestMethodTestDescriptor.lambda$invokeTestMethod$7(TestMethodTestDescriptor.java:214)
	at org.junit.platform.engine.support.hierarchical.ThrowableCollector.execute(ThrowableCollector.java:73)
	at org.junit.jupiter.engine.descriptor.TestMethodTestDescriptor.invokeTestMethod(TestMethodTestDescriptor.java:210)
	at org.junit.jupiter.engine.descriptor.TestMethodTestDescriptor.execute(TestMethodTestDescriptor.java:135)
	at org.junit.jupiter.engine.descriptor.TestMethodTestDescriptor.execute(TestMethodTestDescriptor.java:66)
	at org.junit.platform.engine.support.hierarchical.NodeTestTask.lambda$executeRecursively$6(NodeTestTask.java:151)
	at org.junit.platform.engine.support.hierarchical.ThrowableCollector.execute(ThrowableCollector.java:73)
	at org.junit.platform.engine.support.hierarchical.NodeTestTask.lambda$executeRecursively$8(NodeTestTask.java:141)
	at org.junit.platform.engine.support.hierarchical.Node.around(Node.java:137)
	at org.junit.platform.engine.support.hierarchical.NodeTestTask.lambda$executeRecursively$9(NodeTestTask.java:139)
	at org.junit.platform.engine.support.hierarchical.ThrowableCollector.execute(ThrowableCollector.java:73)
	at org.junit.platform.engine.support.hierarchical.NodeTestTask.executeRecursively(NodeTestTask.java:138)
	at org.junit.platform.engine.support.hierarchical.NodeTestTask.execute(NodeTestTask.java:95)
	at java.util.ArrayList.forEach(ArrayList.java:1259)
	at org.junit.platform.engine.support.hierarchical.SameThreadHierarchicalTestExecutorService.invokeAll(SameThreadHierarchicalTestExecutorService.java:41)
	at org.junit.platform.engine.support.hierarchical.NodeTestTask.lambda$executeRecursively$6(NodeTestTask.java:155)
	at org.junit.platform.engine.support.hierarchical.ThrowableCollector.execute(ThrowableCollector.java:73)
	at org.junit.platform.engine.support.hierarchical.NodeTestTask.lambda$executeRecursively$8(NodeTestTask.java:141)
	at org.junit.platform.engine.support.hierarchical.Node.around(Node.java:137)
	at org.junit.platform.engine.support.hierarchical.NodeTestTask.lambda$executeRecursively$9(NodeTestTask.java:139)
	at org.junit.platform.engine.support.hierarchical.ThrowableCollector.execute(ThrowableCollector.java:73)
	at org.junit.platform.engine.support.hierarchical.NodeTestTask.executeRecursively(NodeTestTask.java:138)
	at org.junit.platform.engine.support.hierarchical.NodeTestTask.execute(NodeTestTask.java:95)
	at java.util.ArrayList.forEach(ArrayList.java:1259)
	at org.junit.platform.engine.support.hierarchical.SameThreadHierarchicalTestExecutorService.invokeAll(SameThreadHierarchicalTestExecutorService.java:41)
	at org.junit.platform.engine.support.hierarchical.NodeTestTask.lambda$executeRecursively$6(NodeTestTask.java:155)
	at org.junit.platform.engine.support.hierarchical.ThrowableCollector.execute(ThrowableCollector.java:73)
	at org.junit.platform.engine.support.hierarchical.NodeTestTask.lambda$executeRecursively$8(NodeTestTask.java:141)
	at org.junit.platform.engine.support.hierarchical.Node.around(Node.java:137)
	at org.junit.platform.engine.support.hierarchical.NodeTestTask.lambda$executeRecursively$9(NodeTestTask.java:139)
	at org.junit.platform.engine.support.hierarchical.ThrowableCollector.execute(ThrowableCollector.java:73)
	at org.junit.platform.engine.support.hierarchical.NodeTestTask.executeRecursively(NodeTestTask.java:138)
	at org.junit.platform.engine.support.hierarchical.NodeTestTask.execute(NodeTestTask.java:95)
	at org.junit.platform.engine.support.hierarchical.SameThreadHierarchicalTestExecutorService.submit(SameThreadHierarchicalTestExecutorService.java:35)
	at org.junit.platform.engine.support.hierarchical.HierarchicalTestExecutor.execute(HierarchicalTestExecutor.java:57)
	at org.junit.platform.engine.support.hierarchical.HierarchicalTestEngine.execute(HierarchicalTestEngine.java:54)
	at org.junit.platform.launcher.core.EngineExecutionOrchestrator.execute(EngineExecutionOrchestrator.java:107)
	at org.junit.platform.launcher.core.EngineExecutionOrchestrator.execute(EngineExecutionOrchestrator.java:88)
	at org.junit.platform.launcher.core.EngineExecutionOrchestrator.lambda$execute$0(EngineExecutionOrchestrator.java:54)
	at org.junit.platform.launcher.core.EngineExecutionOrchestrator.withInterceptedStreams(EngineExecutionOrchestrator.java:67)
	at org.junit.platform.launcher.core.EngineExecutionOrchestrator.execute(EngineExecutionOrchestrator.java:52)
	at org.junit.platform.launcher.core.DefaultLauncher.execute(DefaultLauncher.java:114)
	at org.junit.platform.launcher.core.DefaultLauncher.execute(DefaultLauncher.java:86)
	at org.junit.platform.launcher.core.DefaultLauncherSession$DelegatingLauncher.execute(DefaultLauncherSession.java:86)
	at org.junit.platform.launcher.core.SessionPerRequestLauncher.execute(SessionPerRequestLauncher.java:53)
	at org.apache.maven.surefire.junitplatform.JUnitPlatformProvider.execute(JUnitPlatformProvider.java:188)
	at org.apache.maven.surefire.junitplatform.JUnitPlatformProvider.invokeAllTests(JUnitPlatformProvider.java:154)
	at org.apache.maven.surefire.junitplatform.JUnitPlatformProvider.invoke(JUnitPlatformProvider.java:124)
	at org.apache.maven.surefire.booter.ForkedBooter.runSuitesInProcess(ForkedBooter.java:428)
	at org.apache.maven.surefire.booter.ForkedBooter.execute(ForkedBooter.java:162)
	at org.apache.maven.surefire.booter.ForkedBooter.run(ForkedBooter.java:562)
	at org.apache.maven.surefire.booter.ForkedBooter.main(ForkedBooter.java:548)
2023-05-04 21:55:17,027 [Listener at 127.0.0.1/45425] ERROR scm.XceiverClientGrpc (XceiverClientGrpc.java:sendCommandWithRetry(453)) - Failed to execute command ReadChunk on the pipeline Pipeline[ Id: 7293fd01-d28b-4e50-8824-9f854cf4774f, Nodes: d5196681-af95-4a59-85a9-5a8fb94dede6(fv-az133-721.yhipumr4050edinzmvad0xeera.cx.internal.cloudapp.net/10.1.0.44)ba9b7234-19ea-40e1-bb60-95fa157c93f0(fv-az133-721.yhipumr4050edinzmvad0xeera.cx.internal.cloudapp.net/10.1.0.44)0362f5ef-3c15-4b85-bfd5-7911b45f7638(fv-az133-721.yhipumr4050edinzmvad0xeera.cx.internal.cloudapp.net/10.1.0.44), ReplicationConfig: STANDALONE/THREE, State:OPEN, leaderId:d5196681-af95-4a59-85a9-5a8fb94dede6, CreationTimestamp2023-05-04T21:54:24.803Z[Etc/UTC]].
2023-05-04 21:55:17,031 [Listener at 127.0.0.1/45425] ERROR scm.XceiverClientGrpc (XceiverClientGrpc.java:sendCommandWithRetry(453)) - Failed to execute command ReadChunk on the pipeline Pipeline[ Id: 7293fd01-d28b-4e50-8824-9f854cf4774f, Nodes: d5196681-af95-4a59-85a9-5a8fb94dede6(fv-az133-721.yhipumr4050edinzmvad0xeera.cx.internal.cloudapp.net/10.1.0.44)ba9b7234-19ea-40e1-bb60-95fa157c93f0(fv-az133-721.yhipumr4050edinzmvad0xeera.cx.internal.cloudapp.net/10.1.0.44)0362f5ef-3c15-4b85-bfd5-7911b45f7638(fv-az133-721.yhipumr4050edinzmvad0xeera.cx.internal.cloudapp.net/10.1.0.44), ReplicationConfig: STANDALONE/THREE, State:OPEN, leaderId:d5196681-af95-4a59-85a9-5a8fb94dede6, CreationTimestamp2023-05-04T21:54:24.803Z[Etc/UTC]].
2023-05-04 21:55:17,032 [Listener at 127.0.0.1/45425] WARN  storage.ContainerProtocolCalls (ContainerProtocolCalls.java:tryEachDatanode(147)) - Failed to read chunk 111677748019200367_chunk_1 (len=12) conID: 15 locID: 111677748019200367 bcsId: 174 from d5196681-af95-4a59-85a9-5a8fb94dede6(fv-az133-721.yhipumr4050edinzmvad0xeera.cx.internal.cloudapp.net/10.1.0.44); will try another datanode.
org.apache.hadoop.ozone.common.OzoneChecksumException: Checksum mismatch at index 0
	at org.apache.hadoop.ozone.common.ChecksumData.verifyChecksumDataMatches(ChecksumData.java:139)
	at org.apache.hadoop.ozone.common.Checksum.verifyChecksum(Checksum.java:295)
	at org.apache.hadoop.hdds.scm.storage.ChunkInputStream.lambda$new$0(ChunkInputStream.java:492)
	at org.apache.hadoop.hdds.scm.XceiverClientGrpc.sendCommandWithRetry(XceiverClientGrpc.java:410)
	at org.apache.hadoop.hdds.scm.XceiverClientGrpc.lambda$sendCommandWithTraceIDAndRetry$0(XceiverClientGrpc.java:349)
	at org.apache.hadoop.hdds.tracing.TracingUtil.executeInSpan(TracingUtil.java:196)
	at org.apache.hadoop.hdds.tracing.TracingUtil.executeInNewSpan(TracingUtil.java:170)
	at org.apache.hadoop.hdds.scm.XceiverClientGrpc.sendCommandWithTraceIDAndRetry(XceiverClientGrpc.java:343)
	at org.apache.hadoop.hdds.scm.XceiverClientGrpc.sendCommand(XceiverClientGrpc.java:324)
	at org.apache.hadoop.hdds.scm.storage.ContainerProtocolCalls.readChunk(ContainerProtocolCalls.java:355)
	at org.apache.hadoop.hdds.scm.storage.ContainerProtocolCalls.lambda$readChunk$2(ContainerProtocolCalls.java:342)
	at org.apache.hadoop.hdds.scm.storage.ContainerProtocolCalls.tryEachDatanode(ContainerProtocolCalls.java:143)
	at org.apache.hadoop.hdds.scm.storage.ContainerProtocolCalls.readChunk(ContainerProtocolCalls.java:341)
	at org.apache.hadoop.hdds.scm.storage.ChunkInputStream.readChunk(ChunkInputStream.java:430)
	at org.apache.hadoop.hdds.scm.storage.ChunkInputStream.readChunkDataIntoBuffers(ChunkInputStream.java:404)
	at org.apache.hadoop.hdds.scm.storage.ChunkInputStream.readChunkFromContainer(ChunkInputStream.java:389)
	at org.apache.hadoop.hdds.scm.storage.ChunkInputStream.prepareRead(ChunkInputStream.java:321)
	at org.apache.hadoop.hdds.scm.storage.ChunkInputStream.read(ChunkInputStream.java:175)
	at org.apache.hadoop.hdds.scm.storage.ByteArrayReader.readFromBlock(ByteArrayReader.java:57)
	at org.apache.hadoop.hdds.scm.storage.BlockInputStream.readWithStrategy(BlockInputStream.java:327)
	at org.apache.hadoop.hdds.scm.storage.ExtendedInputStream.read(ExtendedInputStream.java:56)
	at org.apache.hadoop.hdds.scm.storage.ByteArrayReader.readFromBlock(ByteArrayReader.java:57)
	at org.apache.hadoop.hdds.scm.storage.MultipartInputStream.readWithStrategy(MultipartInputStream.java:96)
	at org.apache.hadoop.hdds.scm.storage.ExtendedInputStream.read(ExtendedInputStream.java:56)
	at org.apache.hadoop.ozone.client.io.OzoneInputStream.read(OzoneInputStream.java:56)
	at java.io.InputStream.read(InputStream.java:101)
	at org.apache.hadoop.ozone.client.rpc.TestOzoneRpcClientAbstract.testReadKeyWithCorruptedDataWithMutiNodes(TestOzoneRpcClientAbstract.java:2043)
	at sun.reflect.NativeMethodAccessorImpl.invoke0(Native Method)
	at sun.reflect.NativeMethodAccessorImpl.invoke(NativeMethodAccessorImpl.java:62)
	at sun.reflect.DelegatingMethodAccessorImpl.invoke(DelegatingMethodAccessorImpl.java:43)
	at java.lang.reflect.Method.invoke(Method.java:498)
	at org.junit.platform.commons.util.ReflectionUtils.invokeMethod(ReflectionUtils.java:725)
	at org.junit.jupiter.engine.execution.MethodInvocation.proceed(MethodInvocation.java:60)
	at org.junit.jupiter.engine.execution.InvocationInterceptorChain$ValidatingInvocation.proceed(InvocationInterceptorChain.java:131)
	at org.junit.jupiter.engine.extension.TimeoutInvocation.proceed(TimeoutInvocation.java:46)
	at org.junit.jupiter.engine.extension.TimeoutExtension.intercept(TimeoutExtension.java:149)
	at org.junit.jupiter.engine.extension.TimeoutExtension.interceptTestableMethod(TimeoutExtension.java:140)
	at org.junit.jupiter.engine.extension.TimeoutExtension.interceptTestMethod(TimeoutExtension.java:84)
	at org.junit.jupiter.engine.execution.ExecutableInvoker$ReflectiveInterceptorCall.lambda$ofVoidMethod$0(ExecutableInvoker.java:115)
	at org.junit.jupiter.engine.execution.ExecutableInvoker.lambda$invoke$0(ExecutableInvoker.java:105)
	at org.junit.jupiter.engine.execution.InvocationInterceptorChain$InterceptedInvocation.proceed(InvocationInterceptorChain.java:106)
	at org.junit.jupiter.engine.execution.InvocationInterceptorChain.proceed(InvocationInterceptorChain.java:64)
	at org.junit.jupiter.engine.execution.InvocationInterceptorChain.chainAndInvoke(InvocationInterceptorChain.java:45)
	at org.junit.jupiter.engine.execution.InvocationInterceptorChain.invoke(InvocationInterceptorChain.java:37)
	at org.junit.jupiter.engine.execution.ExecutableInvoker.invoke(ExecutableInvoker.java:104)
	at org.junit.jupiter.engine.execution.ExecutableInvoker.invoke(ExecutableInvoker.java:98)
	at org.junit.jupiter.engine.descriptor.TestMethodTestDescriptor.lambda$invokeTestMethod$7(TestMethodTestDescriptor.java:214)
	at org.junit.platform.engine.support.hierarchical.ThrowableCollector.execute(ThrowableCollector.java:73)
	at org.junit.jupiter.engine.descriptor.TestMethodTestDescriptor.invokeTestMethod(TestMethodTestDescriptor.java:210)
	at org.junit.jupiter.engine.descriptor.TestMethodTestDescriptor.execute(TestMethodTestDescriptor.java:135)
	at org.junit.jupiter.engine.descriptor.TestMethodTestDescriptor.execute(TestMethodTestDescriptor.java:66)
	at org.junit.platform.engine.support.hierarchical.NodeTestTask.lambda$executeRecursively$6(NodeTestTask.java:151)
	at org.junit.platform.engine.support.hierarchical.ThrowableCollector.execute(ThrowableCollector.java:73)
	at org.junit.platform.engine.support.hierarchical.NodeTestTask.lambda$executeRecursively$8(NodeTestTask.java:141)
	at org.junit.platform.engine.support.hierarchical.Node.around(Node.java:137)
	at org.junit.platform.engine.support.hierarchical.NodeTestTask.lambda$executeRecursively$9(NodeTestTask.java:139)
	at org.junit.platform.engine.support.hierarchical.ThrowableCollector.execute(ThrowableCollector.java:73)
	at org.junit.platform.engine.support.hierarchical.NodeTestTask.executeRecursively(NodeTestTask.java:138)
	at org.junit.platform.engine.support.hierarchical.NodeTestTask.execute(NodeTestTask.java:95)
	at java.util.ArrayList.forEach(ArrayList.java:1259)
	at org.junit.platform.engine.support.hierarchical.SameThreadHierarchicalTestExecutorService.invokeAll(SameThreadHierarchicalTestExecutorService.java:41)
	at org.junit.platform.engine.support.hierarchical.NodeTestTask.lambda$executeRecursively$6(NodeTestTask.java:155)
	at org.junit.platform.engine.support.hierarchical.ThrowableCollector.execute(ThrowableCollector.java:73)
	at org.junit.platform.engine.support.hierarchical.NodeTestTask.lambda$executeRecursively$8(NodeTestTask.java:141)
	at org.junit.platform.engine.support.hierarchical.Node.around(Node.java:137)
	at org.junit.platform.engine.support.hierarchical.NodeTestTask.lambda$executeRecursively$9(NodeTestTask.java:139)
	at org.junit.platform.engine.support.hierarchical.ThrowableCollector.execute(ThrowableCollector.java:73)
	at org.junit.platform.engine.support.hierarchical.NodeTestTask.executeRecursively(NodeTestTask.java:138)
	at org.junit.platform.engine.support.hierarchical.NodeTestTask.execute(NodeTestTask.java:95)
	at java.util.ArrayList.forEach(ArrayList.java:1259)
	at org.junit.platform.engine.support.hierarchical.SameThreadHierarchicalTestExecutorService.invokeAll(SameThreadHierarchicalTestExecutorService.java:41)
	at org.junit.platform.engine.support.hierarchical.NodeTestTask.lambda$executeRecursively$6(NodeTestTask.java:155)
	at org.junit.platform.engine.support.hierarchical.ThrowableCollector.execute(ThrowableCollector.java:73)
	at org.junit.platform.engine.support.hierarchical.NodeTestTask.lambda$executeRecursively$8(NodeTestTask.java:141)
	at org.junit.platform.engine.support.hierarchical.Node.around(Node.java:137)
	at org.junit.platform.engine.support.hierarchical.NodeTestTask.lambda$executeRecursively$9(NodeTestTask.java:139)
	at org.junit.platform.engine.support.hierarchical.ThrowableCollector.execute(ThrowableCollector.java:73)
	at org.junit.platform.engine.support.hierarchical.NodeTestTask.executeRecursively(NodeTestTask.java:138)
	at org.junit.platform.engine.support.hierarchical.NodeTestTask.execute(NodeTestTask.java:95)
	at org.junit.platform.engine.support.hierarchical.SameThreadHierarchicalTestExecutorService.submit(SameThreadHierarchicalTestExecutorService.java:35)
	at org.junit.platform.engine.support.hierarchical.HierarchicalTestExecutor.execute(HierarchicalTestExecutor.java:57)
	at org.junit.platform.engine.support.hierarchical.HierarchicalTestEngine.execute(HierarchicalTestEngine.java:54)
	at org.junit.platform.launcher.core.EngineExecutionOrchestrator.execute(EngineExecutionOrchestrator.java:107)
	at org.junit.platform.launcher.core.EngineExecutionOrchestrator.execute(EngineExecutionOrchestrator.java:88)
	at org.junit.platform.launcher.core.EngineExecutionOrchestrator.lambda$execute$0(EngineExecutionOrchestrator.java:54)
	at org.junit.platform.launcher.core.EngineExecutionOrchestrator.withInterceptedStreams(EngineExecutionOrchestrator.java:67)
	at org.junit.platform.launcher.core.EngineExecutionOrchestrator.execute(EngineExecutionOrchestrator.java:52)
	at org.junit.platform.launcher.core.DefaultLauncher.execute(DefaultLauncher.java:114)
	at org.junit.platform.launcher.core.DefaultLauncher.execute(DefaultLauncher.java:86)
	at org.junit.platform.launcher.core.DefaultLauncherSession$DelegatingLauncher.execute(DefaultLauncherSession.java:86)
	at org.junit.platform.launcher.core.SessionPerRequestLauncher.execute(SessionPerRequestLauncher.java:53)
	at org.apache.maven.surefire.junitplatform.JUnitPlatformProvider.execute(JUnitPlatformProvider.java:188)
	at org.apache.maven.surefire.junitplatform.JUnitPlatformProvider.invokeAllTests(JUnitPlatformProvider.java:154)
	at org.apache.maven.surefire.junitplatform.JUnitPlatformProvider.invoke(JUnitPlatformProvider.java:124)
	at org.apache.maven.surefire.booter.ForkedBooter.runSuitesInProcess(ForkedBooter.java:428)
	at org.apache.maven.surefire.booter.ForkedBooter.execute(ForkedBooter.java:162)
	at org.apache.maven.surefire.booter.ForkedBooter.run(ForkedBooter.java:562)
	at org.apache.maven.surefire.booter.ForkedBooter.main(ForkedBooter.java:548)
2023-05-04 21:55:17,036 [Listener at 127.0.0.1/45425] ERROR scm.XceiverClientGrpc (XceiverClientGrpc.java:sendCommandWithRetry(453)) - Failed to execute command ReadChunk on the pipeline Pipeline[ Id: 7293fd01-d28b-4e50-8824-9f854cf4774f, Nodes: d5196681-af95-4a59-85a9-5a8fb94dede6(fv-az133-721.yhipumr4050edinzmvad0xeera.cx.internal.cloudapp.net/10.1.0.44)ba9b7234-19ea-40e1-bb60-95fa157c93f0(fv-az133-721.yhipumr4050edinzmvad0xeera.cx.internal.cloudapp.net/10.1.0.44)0362f5ef-3c15-4b85-bfd5-7911b45f7638(fv-az133-721.yhipumr4050edinzmvad0xeera.cx.internal.cloudapp.net/10.1.0.44), ReplicationConfig: STANDALONE/THREE, State:OPEN, leaderId:d5196681-af95-4a59-85a9-5a8fb94dede6, CreationTimestamp2023-05-04T21:54:24.803Z[Etc/UTC]].
2023-05-04 21:55:17,036 [Listener at 127.0.0.1/45425] WARN  storage.ContainerProtocolCalls (ContainerProtocolCalls.java:tryEachDatanode(147)) - Failed to read chunk 111677748019200367_chunk_1 (len=12) conID: 15 locID: 111677748019200367 bcsId: 174 from ba9b7234-19ea-40e1-bb60-95fa157c93f0(fv-az133-721.yhipumr4050edinzmvad0xeera.cx.internal.cloudapp.net/10.1.0.44); will try another datanode.
org.apache.hadoop.ozone.common.OzoneChecksumException: Checksum mismatch at index 0
	at org.apache.hadoop.ozone.common.ChecksumData.verifyChecksumDataMatches(ChecksumData.java:139)
	at org.apache.hadoop.ozone.common.Checksum.verifyChecksum(Checksum.java:295)
	at org.apache.hadoop.hdds.scm.storage.ChunkInputStream.lambda$new$0(ChunkInputStream.java:492)
	at org.apache.hadoop.hdds.scm.XceiverClientGrpc.sendCommandWithRetry(XceiverClientGrpc.java:410)
	at org.apache.hadoop.hdds.scm.XceiverClientGrpc.lambda$sendCommandWithTraceIDAndRetry$0(XceiverClientGrpc.java:349)
	at org.apache.hadoop.hdds.tracing.TracingUtil.executeInSpan(TracingUtil.java:196)
	at org.apache.hadoop.hdds.tracing.TracingUtil.executeInNewSpan(TracingUtil.java:170)
	at org.apache.hadoop.hdds.scm.XceiverClientGrpc.sendCommandWithTraceIDAndRetry(XceiverClientGrpc.java:343)
	at org.apache.hadoop.hdds.scm.XceiverClientGrpc.sendCommand(XceiverClientGrpc.java:324)
	at org.apache.hadoop.hdds.scm.storage.ContainerProtocolCalls.readChunk(ContainerProtocolCalls.java:355)
	at org.apache.hadoop.hdds.scm.storage.ContainerProtocolCalls.lambda$readChunk$2(ContainerProtocolCalls.java:342)
	at org.apache.hadoop.hdds.scm.storage.ContainerProtocolCalls.tryEachDatanode(ContainerProtocolCalls.java:143)
	at org.apache.hadoop.hdds.scm.storage.ContainerProtocolCalls.readChunk(ContainerProtocolCalls.java:341)
	at org.apache.hadoop.hdds.scm.storage.ChunkInputStream.readChunk(ChunkInputStream.java:430)
	at org.apache.hadoop.hdds.scm.storage.ChunkInputStream.readChunkDataIntoBuffers(ChunkInputStream.java:404)
	at org.apache.hadoop.hdds.scm.storage.ChunkInputStream.readChunkFromContainer(ChunkInputStream.java:389)
	at org.apache.hadoop.hdds.scm.storage.ChunkInputStream.prepareRead(ChunkInputStream.java:321)
	at org.apache.hadoop.hdds.scm.storage.ChunkInputStream.read(ChunkInputStream.java:175)
	at org.apache.hadoop.hdds.scm.storage.ByteArrayReader.readFromBlock(ByteArrayReader.java:57)
	at org.apache.hadoop.hdds.scm.storage.BlockInputStream.readWithStrategy(BlockInputStream.java:327)
	at org.apache.hadoop.hdds.scm.storage.ExtendedInputStream.read(ExtendedInputStream.java:56)
	at org.apache.hadoop.hdds.scm.storage.ByteArrayReader.readFromBlock(ByteArrayReader.java:57)
	at org.apache.hadoop.hdds.scm.storage.MultipartInputStream.readWithStrategy(MultipartInputStream.java:96)
	at org.apache.hadoop.hdds.scm.storage.ExtendedInputStream.read(ExtendedInputStream.java:56)
	at org.apache.hadoop.ozone.client.io.OzoneInputStream.read(OzoneInputStream.java:56)
	at java.io.InputStream.read(InputStream.java:101)
	at org.apache.hadoop.ozone.client.rpc.TestOzoneRpcClientAbstract.testReadKeyWithCorruptedDataWithMutiNodes(TestOzoneRpcClientAbstract.java:2043)
	at sun.reflect.NativeMethodAccessorImpl.invoke0(Native Method)
	at sun.reflect.NativeMethodAccessorImpl.invoke(NativeMethodAccessorImpl.java:62)
	at sun.reflect.DelegatingMethodAccessorImpl.invoke(DelegatingMethodAccessorImpl.java:43)
	at java.lang.reflect.Method.invoke(Method.java:498)
	at org.junit.platform.commons.util.ReflectionUtils.invokeMethod(ReflectionUtils.java:725)
	at org.junit.jupiter.engine.execution.MethodInvocation.proceed(MethodInvocation.java:60)
	at org.junit.jupiter.engine.execution.InvocationInterceptorChain$ValidatingInvocation.proceed(InvocationInterceptorChain.java:131)
	at org.junit.jupiter.engine.extension.TimeoutInvocation.proceed(TimeoutInvocation.java:46)
	at org.junit.jupiter.engine.extension.TimeoutExtension.intercept(TimeoutExtension.java:149)
	at org.junit.jupiter.engine.extension.TimeoutExtension.interceptTestableMethod(TimeoutExtension.java:140)
	at org.junit.jupiter.engine.extension.TimeoutExtension.interceptTestMethod(TimeoutExtension.java:84)
	at org.junit.jupiter.engine.execution.ExecutableInvoker$ReflectiveInterceptorCall.lambda$ofVoidMethod$0(ExecutableInvoker.java:115)
	at org.junit.jupiter.engine.execution.ExecutableInvoker.lambda$invoke$0(ExecutableInvoker.java:105)
	at org.junit.jupiter.engine.execution.InvocationInterceptorChain$InterceptedInvocation.proceed(InvocationInterceptorChain.java:106)
	at org.junit.jupiter.engine.execution.InvocationInterceptorChain.proceed(InvocationInterceptorChain.java:64)
	at org.junit.jupiter.engine.execution.InvocationInterceptorChain.chainAndInvoke(InvocationInterceptorChain.java:45)
	at org.junit.jupiter.engine.execution.InvocationInterceptorChain.invoke(InvocationInterceptorChain.java:37)
	at org.junit.jupiter.engine.execution.ExecutableInvoker.invoke(ExecutableInvoker.java:104)
	at org.junit.jupiter.engine.execution.ExecutableInvoker.invoke(ExecutableInvoker.java:98)
	at org.junit.jupiter.engine.descriptor.TestMethodTestDescriptor.lambda$invokeTestMethod$7(TestMethodTestDescriptor.java:214)
	at org.junit.platform.engine.support.hierarchical.ThrowableCollector.execute(ThrowableCollector.java:73)
	at org.junit.jupiter.engine.descriptor.TestMethodTestDescriptor.invokeTestMethod(TestMethodTestDescriptor.java:210)
	at org.junit.jupiter.engine.descriptor.TestMethodTestDescriptor.execute(TestMethodTestDescriptor.java:135)
	at org.junit.jupiter.engine.descriptor.TestMethodTestDescriptor.execute(TestMethodTestDescriptor.java:66)
	at org.junit.platform.engine.support.hierarchical.NodeTestTask.lambda$executeRecursively$6(NodeTestTask.java:151)
	at org.junit.platform.engine.support.hierarchical.ThrowableCollector.execute(ThrowableCollector.java:73)
	at org.junit.platform.engine.support.hierarchical.NodeTestTask.lambda$executeRecursively$8(NodeTestTask.java:141)
	at org.junit.platform.engine.support.hierarchical.Node.around(Node.java:137)
	at org.junit.platform.engine.support.hierarchical.NodeTestTask.lambda$executeRecursively$9(NodeTestTask.java:139)
	at org.junit.platform.engine.support.hierarchical.ThrowableCollector.execute(ThrowableCollector.java:73)
	at org.junit.platform.engine.support.hierarchical.NodeTestTask.executeRecursively(NodeTestTask.java:138)
	at org.junit.platform.engine.support.hierarchical.NodeTestTask.execute(NodeTestTask.java:95)
	at java.util.ArrayList.forEach(ArrayList.java:1259)
	at org.junit.platform.engine.support.hierarchical.SameThreadHierarchicalTestExecutorService.invokeAll(SameThreadHierarchicalTestExecutorService.java:41)
	at org.junit.platform.engine.support.hierarchical.NodeTestTask.lambda$executeRecursively$6(NodeTestTask.java:155)
	at org.junit.platform.engine.support.hierarchical.ThrowableCollector.execute(ThrowableCollector.java:73)
	at org.junit.platform.engine.support.hierarchical.NodeTestTask.lambda$executeRecursively$8(NodeTestTask.java:141)
	at org.junit.platform.engine.support.hierarchical.Node.around(Node.java:137)
	at org.junit.platform.engine.support.hierarchical.NodeTestTask.lambda$executeRecursively$9(NodeTestTask.java:139)
	at org.junit.platform.engine.support.hierarchical.ThrowableCollector.execute(ThrowableCollector.java:73)
	at org.junit.platform.engine.support.hierarchical.NodeTestTask.executeRecursively(NodeTestTask.java:138)
	at org.junit.platform.engine.support.hierarchical.NodeTestTask.execute(NodeTestTask.java:95)
	at java.util.ArrayList.forEach(ArrayList.java:1259)
	at org.junit.platform.engine.support.hierarchical.SameThreadHierarchicalTestExecutorService.invokeAll(SameThreadHierarchicalTestExecutorService.java:41)
	at org.junit.platform.engine.support.hierarchical.NodeTestTask.lambda$executeRecursively$6(NodeTestTask.java:155)
	at org.junit.platform.engine.support.hierarchical.ThrowableCollector.execute(ThrowableCollector.java:73)
	at org.junit.platform.engine.support.hierarchical.NodeTestTask.lambda$executeRecursively$8(NodeTestTask.java:141)
	at org.junit.platform.engine.support.hierarchical.Node.around(Node.java:137)
	at org.junit.platform.engine.support.hierarchical.NodeTestTask.lambda$executeRecursively$9(NodeTestTask.java:139)
	at org.junit.platform.engine.support.hierarchical.ThrowableCollector.execute(ThrowableCollector.java:73)
	at org.junit.platform.engine.support.hierarchical.NodeTestTask.executeRecursively(NodeTestTask.java:138)
	at org.junit.platform.engine.support.hierarchical.NodeTestTask.execute(NodeTestTask.java:95)
	at org.junit.platform.engine.support.hierarchical.SameThreadHierarchicalTestExecutorService.submit(SameThreadHierarchicalTestExecutorService.java:35)
	at org.junit.platform.engine.support.hierarchical.HierarchicalTestExecutor.execute(HierarchicalTestExecutor.java:57)
	at org.junit.platform.engine.support.hierarchical.HierarchicalTestEngine.execute(HierarchicalTestEngine.java:54)
	at org.junit.platform.launcher.core.EngineExecutionOrchestrator.execute(EngineExecutionOrchestrator.java:107)
	at org.junit.platform.launcher.core.EngineExecutionOrchestrator.execute(EngineExecutionOrchestrator.java:88)
	at org.junit.platform.launcher.core.EngineExecutionOrchestrator.lambda$execute$0(EngineExecutionOrchestrator.java:54)
	at org.junit.platform.launcher.core.EngineExecutionOrchestrator.withInterceptedStreams(EngineExecutionOrchestrator.java:67)
	at org.junit.platform.launcher.core.EngineExecutionOrchestrator.execute(EngineExecutionOrchestrator.java:52)
	at org.junit.platform.launcher.core.DefaultLauncher.execute(DefaultLauncher.java:114)
	at org.junit.platform.launcher.core.DefaultLauncher.execute(DefaultLauncher.java:86)
	at org.junit.platform.launcher.core.DefaultLauncherSession$DelegatingLauncher.execute(DefaultLauncherSession.java:86)
	at org.junit.platform.launcher.core.SessionPerRequestLauncher.execute(SessionPerRequestLauncher.java:53)
	at org.apache.maven.surefire.junitplatform.JUnitPlatformProvider.execute(JUnitPlatformProvider.java:188)
	at org.apache.maven.surefire.junitplatform.JUnitPlatformProvider.invokeAllTests(JUnitPlatformProvider.java:154)
	at org.apache.maven.surefire.junitplatform.JUnitPlatformProvider.invoke(JUnitPlatformProvider.java:124)
	at org.apache.maven.surefire.booter.ForkedBooter.runSuitesInProcess(ForkedBooter.java:428)
	at org.apache.maven.surefire.booter.ForkedBooter.execute(ForkedBooter.java:162)
	at org.apache.maven.surefire.booter.ForkedBooter.run(ForkedBooter.java:562)
	at org.apache.maven.surefire.booter.ForkedBooter.main(ForkedBooter.java:548)
2023-05-04 21:55:17,040 [Listener at 127.0.0.1/45425] ERROR scm.XceiverClientGrpc (XceiverClientGrpc.java:sendCommandWithRetry(453)) - Failed to execute command ReadChunk on the pipeline Pipeline[ Id: 7293fd01-d28b-4e50-8824-9f854cf4774f, Nodes: d5196681-af95-4a59-85a9-5a8fb94dede6(fv-az133-721.yhipumr4050edinzmvad0xeera.cx.internal.cloudapp.net/10.1.0.44)ba9b7234-19ea-40e1-bb60-95fa157c93f0(fv-az133-721.yhipumr4050edinzmvad0xeera.cx.internal.cloudapp.net/10.1.0.44)0362f5ef-3c15-4b85-bfd5-7911b45f7638(fv-az133-721.yhipumr4050edinzmvad0xeera.cx.internal.cloudapp.net/10.1.0.44), ReplicationConfig: STANDALONE/THREE, State:OPEN, leaderId:d5196681-af95-4a59-85a9-5a8fb94dede6, CreationTimestamp2023-05-04T21:54:24.803Z[Etc/UTC]].
]]></system-out>
  </testcase>
  <testcase name="testReadKeyWithVerifyChecksumFlagDisable" classname="org.apache.hadoop.ozone.client.rpc.TestOzoneRpcClient" time="0.06">
    <system-out><![CDATA[2023-05-04 21:55:17,042 [Listener at 127.0.0.1/45425] INFO  rpc.RpcClient (RpcClient.java:createVolume(476)) - Creating Volume: aae7bd49-2f95-44be-ab38-99fcae78c5fd, with runner as owner and space quota set to -1 bytes, counts quota set to -1
2023-05-04 21:55:17,045 [OM StateMachine ApplyTransaction Thread - 0] INFO  volume.OMVolumeCreateRequest (OMVolumeCreateRequest.java:validateAndUpdateCache(195)) - created volume:aae7bd49-2f95-44be-ab38-99fcae78c5fd for user:runner
2023-05-04 21:55:17,046 [Listener at 127.0.0.1/45425] INFO  rpc.RpcClient (RpcClient.java:createBucket(697)) - Creating Bucket: aae7bd49-2f95-44be-ab38-99fcae78c5fd/40d43d0b-bbc8-473c-afc0-075b462fddd9, with server-side default bucket layout, runner as owner, Versioning false, Storage Type set to DISK and Encryption set to false, Replication Type set to server-side default replication type, Namespace Quota set to -1, Space Quota set to -1 
2023-05-04 21:55:17,048 [OM StateMachine ApplyTransaction Thread - 0] INFO  bucket.OMBucketCreateRequest (OMBucketCreateRequest.java:validateAndUpdateCache(270)) - created bucket: 40d43d0b-bbc8-473c-afc0-075b462fddd9 of layout FILE_SYSTEM_OPTIMIZED in volume: aae7bd49-2f95-44be-ab38-99fcae78c5fd
2023-05-04 21:55:17,060 [IPC Server handler 19 on default port 35203] WARN  node.SCMNodeManager (SCMNodeManager.java:getNodesByAddress(1372)) - Cannot find node for address 127.0.0.1
2023-05-04 21:55:17,085 [IPC Server handler 10 on default port 35203] WARN  node.SCMNodeManager (SCMNodeManager.java:getNodesByAddress(1372)) - Cannot find node for address 127.0.0.1
]]></system-out>
  </testcase>
  <testcase name="testReadKeyWithVerifyChecksumFlagEnable" classname="org.apache.hadoop.ozone.client.rpc.TestOzoneRpcClient" time="0.137">
    <system-out><![CDATA[2023-05-04 21:55:17,103 [Listener at 127.0.0.1/45425] INFO  rpc.RpcClient (RpcClient.java:createVolume(476)) - Creating Volume: aa016ef0-76b4-45d5-838a-36be0fb9ca49, with runner as owner and space quota set to -1 bytes, counts quota set to -1
2023-05-04 21:55:17,106 [OM StateMachine ApplyTransaction Thread - 0] INFO  volume.OMVolumeCreateRequest (OMVolumeCreateRequest.java:validateAndUpdateCache(195)) - created volume:aa016ef0-76b4-45d5-838a-36be0fb9ca49 for user:runner
2023-05-04 21:55:17,108 [Listener at 127.0.0.1/45425] INFO  rpc.RpcClient (RpcClient.java:createBucket(697)) - Creating Bucket: aa016ef0-76b4-45d5-838a-36be0fb9ca49/d6d8b0da-8383-43a1-85f3-d588de17391d, with server-side default bucket layout, runner as owner, Versioning false, Storage Type set to DISK and Encryption set to false, Replication Type set to server-side default replication type, Namespace Quota set to -1, Space Quota set to -1 
2023-05-04 21:55:17,110 [OM StateMachine ApplyTransaction Thread - 0] INFO  bucket.OMBucketCreateRequest (OMBucketCreateRequest.java:validateAndUpdateCache(270)) - created bucket: d6d8b0da-8383-43a1-85f3-d588de17391d of layout FILE_SYSTEM_OPTIMIZED in volume: aa016ef0-76b4-45d5-838a-36be0fb9ca49
2023-05-04 21:55:17,156 [IPC Server handler 1 on default port 35203] WARN  node.SCMNodeManager (SCMNodeManager.java:getNodesByAddress(1372)) - Cannot find node for address 127.0.0.1
2023-05-04 21:55:17,217 [IPC Server handler 6 on default port 35203] WARN  node.SCMNodeManager (SCMNodeManager.java:getNodesByAddress(1372)) - Cannot find node for address 127.0.0.1
2023-05-04 21:55:17,233 [Listener at 127.0.0.1/45425] ERROR scm.XceiverClientGrpc (XceiverClientGrpc.java:sendCommandWithRetry(453)) - Failed to execute command ReadChunk on the pipeline Pipeline[ Id: 357354b4-b159-4f9d-b403-6d73f26769cc, Nodes: d5196681-af95-4a59-85a9-5a8fb94dede6(fv-az133-721.yhipumr4050edinzmvad0xeera.cx.internal.cloudapp.net/10.1.0.44), ReplicationConfig: STANDALONE/ONE, State:OPEN, leaderId:d5196681-af95-4a59-85a9-5a8fb94dede6, CreationTimestamp2023-05-04T21:54:23.556Z[Etc/UTC]].
2023-05-04 21:55:17,235 [Listener at 127.0.0.1/45425] ERROR scm.XceiverClientGrpc (XceiverClientGrpc.java:sendCommandWithRetry(453)) - Failed to execute command ReadChunk on the pipeline Pipeline[ Id: 357354b4-b159-4f9d-b403-6d73f26769cc, Nodes: d5196681-af95-4a59-85a9-5a8fb94dede6(fv-az133-721.yhipumr4050edinzmvad0xeera.cx.internal.cloudapp.net/10.1.0.44), ReplicationConfig: STANDALONE/ONE, State:OPEN, leaderId:d5196681-af95-4a59-85a9-5a8fb94dede6, CreationTimestamp2023-05-04T21:54:23.556Z[Etc/UTC]].
2023-05-04 21:55:17,238 [Listener at 127.0.0.1/45425] ERROR scm.XceiverClientGrpc (XceiverClientGrpc.java:sendCommandWithRetry(453)) - Failed to execute command ReadChunk on the pipeline Pipeline[ Id: 357354b4-b159-4f9d-b403-6d73f26769cc, Nodes: d5196681-af95-4a59-85a9-5a8fb94dede6(fv-az133-721.yhipumr4050edinzmvad0xeera.cx.internal.cloudapp.net/10.1.0.44), ReplicationConfig: STANDALONE/ONE, State:OPEN, leaderId:d5196681-af95-4a59-85a9-5a8fb94dede6, CreationTimestamp2023-05-04T21:54:23.556Z[Etc/UTC]].
]]></system-out>
  </testcase>
  <testcase name="testRemoveBucketAcl" classname="org.apache.hadoop.ozone.client.rpc.TestOzoneRpcClient" time="0.012">
    <system-out><![CDATA[2023-05-04 21:55:17,242 [Listener at 127.0.0.1/45425] INFO  rpc.RpcClient (RpcClient.java:createVolume(476)) - Creating Volume: 577f65f9-f283-4eda-aba2-b41cebe36665, with runner as owner and space quota set to -1 bytes, counts quota set to -1
2023-05-04 21:55:17,245 [OM StateMachine ApplyTransaction Thread - 0] INFO  volume.OMVolumeCreateRequest (OMVolumeCreateRequest.java:validateAndUpdateCache(195)) - created volume:577f65f9-f283-4eda-aba2-b41cebe36665 for user:runner
2023-05-04 21:55:17,247 [Listener at 127.0.0.1/45425] INFO  rpc.RpcClient (RpcClient.java:createBucket(697)) - Creating Bucket: 577f65f9-f283-4eda-aba2-b41cebe36665/7237d8a4-670c-4c75-96ba-ae7cb516e7c0, with server-side default bucket layout, runner as owner, Versioning false, Storage Type set to DISK and Encryption set to false, Replication Type set to server-side default replication type, Namespace Quota set to -1, Space Quota set to -1 
2023-05-04 21:55:17,248 [OM StateMachine ApplyTransaction Thread - 0] INFO  bucket.OMBucketCreateRequest (OMBucketCreateRequest.java:validateAndUpdateCache(270)) - created bucket: 7237d8a4-670c-4c75-96ba-ae7cb516e7c0 of layout FILE_SYSTEM_OPTIMIZED in volume: 577f65f9-f283-4eda-aba2-b41cebe36665
]]></system-out>
  </testcase>
  <testcase name="testRemoveBucketAclUsingRpcClientRemoveAcl" classname="org.apache.hadoop.ozone.client.rpc.TestOzoneRpcClient" time="0.015">
    <system-out><![CDATA[2023-05-04 21:55:17,255 [Listener at 127.0.0.1/45425] INFO  rpc.RpcClient (RpcClient.java:createVolume(476)) - Creating Volume: 3c0e8cc3-a81e-449b-a286-2fc449b3dea9, with runner as owner and space quota set to -1 bytes, counts quota set to -1
2023-05-04 21:55:17,256 [OM StateMachine ApplyTransaction Thread - 0] INFO  volume.OMVolumeCreateRequest (OMVolumeCreateRequest.java:validateAndUpdateCache(195)) - created volume:3c0e8cc3-a81e-449b-a286-2fc449b3dea9 for user:runner
2023-05-04 21:55:17,258 [Listener at 127.0.0.1/45425] INFO  rpc.RpcClient (RpcClient.java:createBucket(697)) - Creating Bucket: 3c0e8cc3-a81e-449b-a286-2fc449b3dea9/dec8afd4-ce88-48ff-bb78-c1ede2b44034, with server-side default bucket layout, runner as owner, Versioning false, Storage Type set to DISK and Encryption set to false, Replication Type set to server-side default replication type, Namespace Quota set to -1, Space Quota set to -1 
2023-05-04 21:55:17,262 [OM StateMachine ApplyTransaction Thread - 0] INFO  bucket.OMBucketCreateRequest (OMBucketCreateRequest.java:validateAndUpdateCache(270)) - created bucket: dec8afd4-ce88-48ff-bb78-c1ede2b44034 of layout FILE_SYSTEM_OPTIMIZED in volume: 3c0e8cc3-a81e-449b-a286-2fc449b3dea9
]]></system-out>
  </testcase>
  <testcase name="testRenameKey" classname="org.apache.hadoop.ozone.client.rpc.TestOzoneRpcClient" time="0.059">
    <system-out><![CDATA[2023-05-04 21:55:17,271 [Listener at 127.0.0.1/45425] INFO  rpc.RpcClient (RpcClient.java:createVolume(476)) - Creating Volume: cc5ec947-dc04-46c6-80d7-f34b7f258cf8, with runner as owner and space quota set to -1 bytes, counts quota set to -1
2023-05-04 21:55:17,273 [OM StateMachine ApplyTransaction Thread - 0] INFO  volume.OMVolumeCreateRequest (OMVolumeCreateRequest.java:validateAndUpdateCache(195)) - created volume:cc5ec947-dc04-46c6-80d7-f34b7f258cf8 for user:runner
2023-05-04 21:55:17,276 [Listener at 127.0.0.1/45425] INFO  rpc.RpcClient (RpcClient.java:createBucket(697)) - Creating Bucket: cc5ec947-dc04-46c6-80d7-f34b7f258cf8/87a5a589-0a64-4035-ad78-66cd7d2c9943, with server-side default bucket layout, runner as owner, Versioning false, Storage Type set to DISK and Encryption set to false, Replication Type set to server-side default replication type, Namespace Quota set to -1, Space Quota set to -1 
2023-05-04 21:55:17,283 [OM StateMachine ApplyTransaction Thread - 0] INFO  bucket.OMBucketCreateRequest (OMBucketCreateRequest.java:validateAndUpdateCache(270)) - created bucket: 87a5a589-0a64-4035-ad78-66cd7d2c9943 of layout FILE_SYSTEM_OPTIMIZED in volume: cc5ec947-dc04-46c6-80d7-f34b7f258cf8
2023-05-04 21:55:17,307 [IPC Server handler 14 on default port 35203] WARN  node.SCMNodeManager (SCMNodeManager.java:getNodesByAddress(1372)) - Cannot find node for address 127.0.0.1
2023-05-04 21:55:17,320 [IPC Server handler 3 on default port 35203] WARN  node.SCMNodeManager (SCMNodeManager.java:getNodesByAddress(1372)) - Cannot find node for address 127.0.0.1
21:55:17.325 [IPC Server handler 17 on default port 45425] ERROR OMAudit - user=runner | ip=127.0.0.1 | op=READ_KEY {volume=cc5ec947-dc04-46c6-80d7-f34b7f258cf8, bucket=87a5a589-0a64-4035-ad78-66cd7d2c9943, key=a20dee3d-5942-48ab-989f-3007f9ee54d0, dataSize=0, replicationConfig=null} | ret=FAILURE
org.apache.hadoop.ozone.om.exceptions.OMException: Key:a20dee3d-5942-48ab-989f-3007f9ee54d0 not found
	at org.apache.hadoop.ozone.om.KeyManagerImpl.readKeyInfo(KeyManagerImpl.java:433) ~[ozone-manager-1.4.0-SNAPSHOT.jar:?]
	at org.apache.hadoop.ozone.om.KeyManagerImpl.lambda$9(KeyManagerImpl.java:1922) ~[ozone-manager-1.4.0-SNAPSHOT.jar:?]
	at org.apache.hadoop.util.MetricUtil.captureLatencyNs(MetricUtil.java:37) ~[hdds-common-1.4.0-SNAPSHOT.jar:?]
	at org.apache.hadoop.ozone.om.KeyManagerImpl.getKeyInfo(KeyManagerImpl.java:1920) ~[ozone-manager-1.4.0-SNAPSHOT.jar:?]
	at org.apache.hadoop.ozone.om.OmMetadataReader.getKeyInfo(OmMetadataReader.java:212) ~[ozone-manager-1.4.0-SNAPSHOT.jar:?]
	at org.apache.hadoop.ozone.om.OzoneManager.getKeyInfo(OzoneManager.java:2809) ~[ozone-manager-1.4.0-SNAPSHOT.jar:?]
	at org.apache.hadoop.ozone.protocolPB.OzoneManagerRequestHandler.getKeyInfo(OzoneManagerRequestHandler.java:549) ~[ozone-manager-1.4.0-SNAPSHOT.jar:?]
	at org.apache.hadoop.ozone.protocolPB.OzoneManagerRequestHandler.handleReadRequest(OzoneManagerRequestHandler.java:292) ~[ozone-manager-1.4.0-SNAPSHOT.jar:?]
	at org.apache.hadoop.ozone.protocolPB.OzoneManagerProtocolServerSideTranslatorPB.submitReadRequestToOM(OzoneManagerProtocolServerSideTranslatorPB.java:223) ~[ozone-manager-1.4.0-SNAPSHOT.jar:?]
	at org.apache.hadoop.ozone.protocolPB.OzoneManagerProtocolServerSideTranslatorPB.processRequest(OzoneManagerProtocolServerSideTranslatorPB.java:177) ~[ozone-manager-1.4.0-SNAPSHOT.jar:?]
	at org.apache.hadoop.hdds.server.OzoneProtocolMessageDispatcher.processRequest(OzoneProtocolMessageDispatcher.java:87) [hdds-server-framework-1.4.0-SNAPSHOT.jar:?]
	at org.apache.hadoop.ozone.protocolPB.OzoneManagerProtocolServerSideTranslatorPB.submitRequest(OzoneManagerProtocolServerSideTranslatorPB.java:147) [ozone-manager-1.4.0-SNAPSHOT.jar:?]
	at org.apache.hadoop.ozone.protocol.proto.OzoneManagerProtocolProtos$OzoneManagerService$2.callBlockingMethod(OzoneManagerProtocolProtos.java) [ozone-interface-client-1.4.0-SNAPSHOT.jar:?]
	at org.apache.hadoop.ipc.ProtobufRpcEngine$Server.processCall(ProtobufRpcEngine.java:484) [hadoop-common-3.3.5.jar:?]
	at org.apache.hadoop.ipc.ProtobufRpcEngine2$Server$ProtoBufRpcInvoker.call(ProtobufRpcEngine2.java:595) [hadoop-common-3.3.5.jar:?]
	at org.apache.hadoop.ipc.ProtobufRpcEngine2$Server$ProtoBufRpcInvoker.call(ProtobufRpcEngine2.java:573) [hadoop-common-3.3.5.jar:?]
	at org.apache.hadoop.ipc.RPC$Server.call(RPC.java:1213) [hadoop-common-3.3.5.jar:?]
	at org.apache.hadoop.ipc.Server$RpcCall.run(Server.java:1089) [hadoop-common-3.3.5.jar:?]
	at org.apache.hadoop.ipc.Server$RpcCall.run(Server.java:1012) [hadoop-common-3.3.5.jar:?]
	at java.security.AccessController.doPrivileged(Native Method) ~[?:1.8.0_362]
	at javax.security.auth.Subject.doAs(Subject.java:422) [?:1.8.0_362]
	at org.apache.hadoop.security.UserGroupInformation.doAs(UserGroupInformation.java:1899) [hadoop-common-3.3.5.jar:?]
	at org.apache.hadoop.ipc.Server$Handler.run(Server.java:3026) [hadoop-common-3.3.5.jar:?]
2023-05-04 21:55:17,328 [IPC Server handler 16 on default port 35203] WARN  node.SCMNodeManager (SCMNodeManager.java:getNodesByAddress(1372)) - Cannot find node for address 127.0.0.1
]]></system-out>
  </testcase>
  <testcase name="testSetAndClrQuota" classname="org.apache.hadoop.ozone.client.rpc.TestOzoneRpcClient" time="0.075">
    <system-out><![CDATA[2023-05-04 21:55:17,330 [Listener at 127.0.0.1/45425] INFO  rpc.RpcClient (RpcClient.java:createVolume(476)) - Creating Volume: e13682ec-8c81-4ef2-ae85-860503f5d8ef, with runner as owner and space quota set to -1 bytes, counts quota set to -1
2023-05-04 21:55:17,332 [OM StateMachine ApplyTransaction Thread - 0] INFO  volume.OMVolumeCreateRequest (OMVolumeCreateRequest.java:validateAndUpdateCache(195)) - created volume:e13682ec-8c81-4ef2-ae85-860503f5d8ef for user:runner
2023-05-04 21:55:17,333 [Listener at 127.0.0.1/45425] INFO  rpc.RpcClient (RpcClient.java:createBucket(697)) - Creating Bucket: e13682ec-8c81-4ef2-ae85-860503f5d8ef/3c4f5a1b-4a0b-47b6-b6cb-a98dedce0f07, with server-side default bucket layout, runner as owner, Versioning false, Storage Type set to DISK and Encryption set to false, Replication Type set to server-side default replication type, Namespace Quota set to -1, Space Quota set to -1 
2023-05-04 21:55:17,336 [OM StateMachine ApplyTransaction Thread - 0] INFO  bucket.OMBucketCreateRequest (OMBucketCreateRequest.java:validateAndUpdateCache(270)) - created bucket: 3c4f5a1b-4a0b-47b6-b6cb-a98dedce0f07 of layout FILE_SYSTEM_OPTIMIZED in volume: e13682ec-8c81-4ef2-ae85-860503f5d8ef
2023-05-04 21:55:17,344 [Listener at 127.0.0.1/45425] INFO  rpc.RpcClient (RpcClient.java:createBucket(697)) - Creating Bucket: e13682ec-8c81-4ef2-ae85-860503f5d8ef/6b884cae-0b1b-4b14-8d81-d56ae5b8ecd2, with server-side default bucket layout, runner as owner, Versioning false, Storage Type set to DISK and Encryption set to false, Replication Type set to server-side default replication type, Namespace Quota set to -1, Space Quota set to -1 
2023-05-04 21:55:17,346 [OM StateMachine ApplyTransaction Thread - 0] INFO  bucket.OMBucketCreateRequest (OMBucketCreateRequest.java:validateAndUpdateCache(270)) - created bucket: 6b884cae-0b1b-4b14-8d81-d56ae5b8ecd2 of layout FILE_SYSTEM_OPTIMIZED in volume: e13682ec-8c81-4ef2-ae85-860503f5d8ef
21:55:17.358 [OM StateMachine ApplyTransaction Thread - 0] ERROR OMAudit - user=runner | ip=127.0.0.1 | op=UPDATE_BUCKET {volume=e13682ec-8c81-4ef2-ae85-860503f5d8ef, bucket=3c4f5a1b-4a0b-47b6-b6cb-a98dedce0f07, gdprEnabled=null, isVersionEnabled=null} | ret=FAILURE
org.apache.hadoop.ozone.om.exceptions.OMException: Can not clear bucket spaceQuota because volume spaceQuota is not cleared.
	at org.apache.hadoop.ozone.om.request.bucket.OMBucketSetPropertyRequest.checkQuotaBytesValid(OMBucketSetPropertyRequest.java:303) ~[ozone-manager-1.4.0-SNAPSHOT.jar:?]
	at org.apache.hadoop.ozone.om.request.bucket.OMBucketSetPropertyRequest.validateAndUpdateCache(OMBucketSetPropertyRequest.java:184) ~[ozone-manager-1.4.0-SNAPSHOT.jar:?]
	at org.apache.hadoop.ozone.protocolPB.OzoneManagerRequestHandler.handleWriteRequest(OzoneManagerRequestHandler.java:337) ~[ozone-manager-1.4.0-SNAPSHOT.jar:?]
	at org.apache.hadoop.ozone.om.ratis.OzoneManagerStateMachine.runCommand(OzoneManagerStateMachine.java:567) ~[ozone-manager-1.4.0-SNAPSHOT.jar:?]
	at org.apache.hadoop.ozone.om.ratis.OzoneManagerStateMachine.lambda$1(OzoneManagerStateMachine.java:358) ~[ozone-manager-1.4.0-SNAPSHOT.jar:?]
	at java.util.concurrent.CompletableFuture$AsyncSupply.run(CompletableFuture.java:1604) [?:1.8.0_362]
	at java.util.concurrent.ThreadPoolExecutor.runWorker(ThreadPoolExecutor.java:1149) [?:1.8.0_362]
	at java.util.concurrent.ThreadPoolExecutor$Worker.run(ThreadPoolExecutor.java:624) [?:1.8.0_362]
	at java.lang.Thread.run(Thread.java:750) [?:1.8.0_362]
2023-05-04 21:55:17,359 [OM StateMachine ApplyTransaction Thread - 0] ERROR bucket.OMBucketSetPropertyRequest (OMBucketSetPropertyRequest.java:validateAndUpdateCache(263)) - Setting bucket property failed for bucket:3c4f5a1b-4a0b-47b6-b6cb-a98dedce0f07 in volume:e13682ec-8c81-4ef2-ae85-860503f5d8ef
QUOTA_ERROR org.apache.hadoop.ozone.om.exceptions.OMException: Can not clear bucket spaceQuota because volume spaceQuota is not cleared.
	at org.apache.hadoop.ozone.om.request.bucket.OMBucketSetPropertyRequest.checkQuotaBytesValid(OMBucketSetPropertyRequest.java:303)
	at org.apache.hadoop.ozone.om.request.bucket.OMBucketSetPropertyRequest.validateAndUpdateCache(OMBucketSetPropertyRequest.java:184)
	at org.apache.hadoop.ozone.protocolPB.OzoneManagerRequestHandler.handleWriteRequest(OzoneManagerRequestHandler.java:337)
	at org.apache.hadoop.ozone.om.ratis.OzoneManagerStateMachine.runCommand(OzoneManagerStateMachine.java:567)
	at org.apache.hadoop.ozone.om.ratis.OzoneManagerStateMachine.lambda$1(OzoneManagerStateMachine.java:358)
	at java.util.concurrent.CompletableFuture$AsyncSupply.run(CompletableFuture.java:1604)
	at java.util.concurrent.ThreadPoolExecutor.runWorker(ThreadPoolExecutor.java:1149)
	at java.util.concurrent.ThreadPoolExecutor$Worker.run(ThreadPoolExecutor.java:624)
	at java.lang.Thread.run(Thread.java:750)
]]></system-out>
  </testcase>
  <testcase name="testSetBucketQuotaIllegal" classname="org.apache.hadoop.ozone.client.rpc.TestOzoneRpcClient" time="0.024">
    <system-out><![CDATA[2023-05-04 21:55:17,405 [Listener at 127.0.0.1/45425] INFO  rpc.RpcClient (RpcClient.java:createVolume(476)) - Creating Volume: 246f2f7e-4968-4130-9604-374e6bdd7d08, with runner as owner and space quota set to -1 bytes, counts quota set to -1
2023-05-04 21:55:17,410 [OM StateMachine ApplyTransaction Thread - 0] INFO  volume.OMVolumeCreateRequest (OMVolumeCreateRequest.java:validateAndUpdateCache(195)) - created volume:246f2f7e-4968-4130-9604-374e6bdd7d08 for user:runner
2023-05-04 21:55:17,411 [Listener at 127.0.0.1/45425] INFO  rpc.RpcClient (RpcClient.java:createBucket(697)) - Creating Bucket: 246f2f7e-4968-4130-9604-374e6bdd7d08/265f28c5-0abf-416a-9039-7409ef9f9a28, with server-side default bucket layout, runner as owner, Versioning false, Storage Type set to DISK and Encryption set to false, Replication Type set to server-side default replication type, Namespace Quota set to -1, Space Quota set to -1 
2023-05-04 21:55:17,413 [OM StateMachine ApplyTransaction Thread - 0] INFO  bucket.OMBucketCreateRequest (OMBucketCreateRequest.java:validateAndUpdateCache(270)) - created bucket: 265f28c5-0abf-416a-9039-7409ef9f9a28 of layout FILE_SYSTEM_OPTIMIZED in volume: 246f2f7e-4968-4130-9604-374e6bdd7d08
]]></system-out>
  </testcase>
  <testcase name="testSetBucketStorageType" classname="org.apache.hadoop.ozone.client.rpc.TestOzoneRpcClient" time="0.012">
    <system-out><![CDATA[2023-05-04 21:55:17,430 [Listener at 127.0.0.1/45425] INFO  rpc.RpcClient (RpcClient.java:createVolume(476)) - Creating Volume: d089e6f1-02db-4fca-b725-282f00a6012a, with runner as owner and space quota set to -1 bytes, counts quota set to -1
2023-05-04 21:55:17,433 [OM StateMachine ApplyTransaction Thread - 0] INFO  volume.OMVolumeCreateRequest (OMVolumeCreateRequest.java:validateAndUpdateCache(195)) - created volume:d089e6f1-02db-4fca-b725-282f00a6012a for user:runner
2023-05-04 21:55:17,435 [Listener at 127.0.0.1/45425] INFO  rpc.RpcClient (RpcClient.java:createBucket(697)) - Creating Bucket: d089e6f1-02db-4fca-b725-282f00a6012a/6c560736-9fb7-4d9a-bdae-baa0c03765b3, with server-side default bucket layout, runner as owner, Versioning false, Storage Type set to DISK and Encryption set to false, Replication Type set to server-side default replication type, Namespace Quota set to -1, Space Quota set to -1 
2023-05-04 21:55:17,437 [OM StateMachine ApplyTransaction Thread - 0] INFO  bucket.OMBucketCreateRequest (OMBucketCreateRequest.java:validateAndUpdateCache(270)) - created bucket: 6c560736-9fb7-4d9a-bdae-baa0c03765b3 of layout FILE_SYSTEM_OPTIMIZED in volume: d089e6f1-02db-4fca-b725-282f00a6012a
]]></system-out>
  </testcase>
  <testcase name="testSetBucketVersioning" classname="org.apache.hadoop.ozone.client.rpc.TestOzoneRpcClient" time="0.011">
    <system-out><![CDATA[2023-05-04 21:55:17,444 [Listener at 127.0.0.1/45425] INFO  rpc.RpcClient (RpcClient.java:createVolume(476)) - Creating Volume: 339a1dfd-06b5-43ce-ba6a-5d03a78d5146, with runner as owner and space quota set to -1 bytes, counts quota set to -1
2023-05-04 21:55:17,446 [OM StateMachine ApplyTransaction Thread - 0] INFO  volume.OMVolumeCreateRequest (OMVolumeCreateRequest.java:validateAndUpdateCache(195)) - created volume:339a1dfd-06b5-43ce-ba6a-5d03a78d5146 for user:runner
2023-05-04 21:55:17,448 [Listener at 127.0.0.1/45425] INFO  rpc.RpcClient (RpcClient.java:createBucket(697)) - Creating Bucket: 339a1dfd-06b5-43ce-ba6a-5d03a78d5146/70216e28-8e8a-4733-a375-705772de49ff, with server-side default bucket layout, runner as owner, Versioning false, Storage Type set to DISK and Encryption set to false, Replication Type set to server-side default replication type, Namespace Quota set to -1, Space Quota set to -1 
2023-05-04 21:55:17,450 [OM StateMachine ApplyTransaction Thread - 0] INFO  bucket.OMBucketCreateRequest (OMBucketCreateRequest.java:validateAndUpdateCache(270)) - created bucket: 70216e28-8e8a-4733-a375-705772de49ff of layout FILE_SYSTEM_OPTIMIZED in volume: 339a1dfd-06b5-43ce-ba6a-5d03a78d5146
]]></system-out>
  </testcase>
  <testcase name="testSetECReplicationConfigOnBucket" classname="org.apache.hadoop.ozone.client.rpc.TestOzoneRpcClient" time="0.018">
    <system-out><![CDATA[2023-05-04 21:55:17,456 [Listener at 127.0.0.1/45425] INFO  rpc.RpcClient (RpcClient.java:createVolume(476)) - Creating Volume: f8a248ec-ce07-495f-9e07-116fe2069f09, with runner as owner and space quota set to -1 bytes, counts quota set to -1
2023-05-04 21:55:17,458 [OM StateMachine ApplyTransaction Thread - 0] INFO  volume.OMVolumeCreateRequest (OMVolumeCreateRequest.java:validateAndUpdateCache(195)) - created volume:f8a248ec-ce07-495f-9e07-116fe2069f09 for user:runner
2023-05-04 21:55:17,459 [Listener at 127.0.0.1/45425] INFO  rpc.RpcClient (RpcClient.java:createBucket(697)) - Creating Bucket: f8a248ec-ce07-495f-9e07-116fe2069f09/ef957966-e2de-4724-9284-3a98af49623f, with server-side default bucket layout, runner as owner, Versioning true, Storage Type set to DISK and Encryption set to false, Replication Type set to STAND_ALONE, Namespace Quota set to -1, Space Quota set to -1 
2023-05-04 21:55:17,461 [OM StateMachine ApplyTransaction Thread - 0] INFO  bucket.OMBucketCreateRequest (OMBucketCreateRequest.java:validateAndUpdateCache(270)) - created bucket: ef957966-e2de-4724-9284-3a98af49623f of layout FILE_SYSTEM_OPTIMIZED in volume: f8a248ec-ce07-495f-9e07-116fe2069f09
]]></system-out>
  </testcase>
  <testcase name="testSetS3VolumeAcl" classname="org.apache.hadoop.ozone.client.rpc.TestOzoneRpcClient" time="0.005"/>
  <testcase name="testSetVolumeQuota" classname="org.apache.hadoop.ozone.client.rpc.TestOzoneRpcClient" time="0.01">
    <system-out><![CDATA[2023-05-04 21:55:17,481 [Listener at 127.0.0.1/45425] INFO  rpc.RpcClient (RpcClient.java:createVolume(476)) - Creating Volume: 4b0d0491-b1dd-40d1-94a9-d8386bd62e42, with runner as owner and space quota set to -1 bytes, counts quota set to -1
2023-05-04 21:55:17,483 [OM StateMachine ApplyTransaction Thread - 0] INFO  volume.OMVolumeCreateRequest (OMVolumeCreateRequest.java:validateAndUpdateCache(195)) - created volume:4b0d0491-b1dd-40d1-94a9-d8386bd62e42 for user:runner
]]></system-out>
  </testcase>
  <testcase name="testSetVolumeQuotaIllegal" classname="org.apache.hadoop.ozone.client.rpc.TestOzoneRpcClient" time="0.022">
    <system-out><![CDATA[2023-05-04 21:55:17,494 [Listener at 127.0.0.1/45425] INFO  rpc.RpcClient (RpcClient.java:createVolume(476)) - Creating Volume: 0e9e5162-145e-4e6b-ab9c-117ee2c7f962, with runner as owner and space quota set to -1 bytes, counts quota set to -1
2023-05-04 21:55:17,496 [OM StateMachine ApplyTransaction Thread - 0] INFO  volume.OMVolumeCreateRequest (OMVolumeCreateRequest.java:validateAndUpdateCache(195)) - created volume:0e9e5162-145e-4e6b-ab9c-117ee2c7f962 for user:runner
]]></system-out>
  </testcase>
  <testcase name="testUploadPartOverride(ReplicationConfig)[1]" classname="org.apache.hadoop.ozone.client.rpc.TestOzoneRpcClient" time="0.042">
    <system-out><![CDATA[2023-05-04 21:55:17,519 [Listener at 127.0.0.1/45425] INFO  rpc.RpcClient (RpcClient.java:createVolume(476)) - Creating Volume: 5eee519d-f6e7-4252-b5a0-20b14a8c8d73, with runner as owner and space quota set to -1 bytes, counts quota set to -1
2023-05-04 21:55:17,522 [OM StateMachine ApplyTransaction Thread - 0] INFO  volume.OMVolumeCreateRequest (OMVolumeCreateRequest.java:validateAndUpdateCache(195)) - created volume:5eee519d-f6e7-4252-b5a0-20b14a8c8d73 for user:runner
2023-05-04 21:55:17,523 [Listener at 127.0.0.1/45425] INFO  rpc.RpcClient (RpcClient.java:createBucket(697)) - Creating Bucket: 5eee519d-f6e7-4252-b5a0-20b14a8c8d73/a5c03c9a-b941-4fca-b044-fdc6e84c28e3, with server-side default bucket layout, runner as owner, Versioning false, Storage Type set to DISK and Encryption set to false, Replication Type set to server-side default replication type, Namespace Quota set to -1, Space Quota set to -1 
2023-05-04 21:55:17,525 [OM StateMachine ApplyTransaction Thread - 0] INFO  bucket.OMBucketCreateRequest (OMBucketCreateRequest.java:validateAndUpdateCache(270)) - created bucket: a5c03c9a-b941-4fca-b044-fdc6e84c28e3 of layout FILE_SYSTEM_OPTIMIZED in volume: 5eee519d-f6e7-4252-b5a0-20b14a8c8d73
]]></system-out>
  </testcase>
  <testcase name="testUploadPartOverride(ReplicationConfig)[2]" classname="org.apache.hadoop.ozone.client.rpc.TestOzoneRpcClient" time="0.048">
    <system-out><![CDATA[2023-05-04 21:55:17,561 [Listener at 127.0.0.1/45425] INFO  rpc.RpcClient (RpcClient.java:createVolume(476)) - Creating Volume: a18a537a-efdc-470a-ac22-34616e659be9, with runner as owner and space quota set to -1 bytes, counts quota set to -1
2023-05-04 21:55:17,563 [OM StateMachine ApplyTransaction Thread - 0] INFO  volume.OMVolumeCreateRequest (OMVolumeCreateRequest.java:validateAndUpdateCache(195)) - created volume:a18a537a-efdc-470a-ac22-34616e659be9 for user:runner
2023-05-04 21:55:17,565 [Listener at 127.0.0.1/45425] INFO  rpc.RpcClient (RpcClient.java:createBucket(697)) - Creating Bucket: a18a537a-efdc-470a-ac22-34616e659be9/5eaf1096-a49c-4561-9d3f-8b6023775252, with server-side default bucket layout, runner as owner, Versioning false, Storage Type set to DISK and Encryption set to false, Replication Type set to server-side default replication type, Namespace Quota set to -1, Space Quota set to -1 
2023-05-04 21:55:17,566 [OM StateMachine ApplyTransaction Thread - 0] INFO  bucket.OMBucketCreateRequest (OMBucketCreateRequest.java:validateAndUpdateCache(270)) - created bucket: 5eaf1096-a49c-4561-9d3f-8b6023775252 of layout FILE_SYSTEM_OPTIMIZED in volume: a18a537a-efdc-470a-ac22-34616e659be9
]]></system-out>
  </testcase>
  <testcase name="testUploadPartOverride(ReplicationConfig)[3]" classname="org.apache.hadoop.ozone.client.rpc.TestOzoneRpcClient" time="0.144">
    <system-out><![CDATA[2023-05-04 21:55:17,610 [Listener at 127.0.0.1/45425] INFO  rpc.RpcClient (RpcClient.java:createVolume(476)) - Creating Volume: 271d951f-fc68-4edc-bd67-4535acd04876, with runner as owner and space quota set to -1 bytes, counts quota set to -1
2023-05-04 21:55:17,612 [OM StateMachine ApplyTransaction Thread - 0] INFO  volume.OMVolumeCreateRequest (OMVolumeCreateRequest.java:validateAndUpdateCache(195)) - created volume:271d951f-fc68-4edc-bd67-4535acd04876 for user:runner
2023-05-04 21:55:17,614 [Listener at 127.0.0.1/45425] INFO  rpc.RpcClient (RpcClient.java:createBucket(697)) - Creating Bucket: 271d951f-fc68-4edc-bd67-4535acd04876/c156f73f-d0ea-4f58-bea0-388326db091b, with server-side default bucket layout, runner as owner, Versioning false, Storage Type set to DISK and Encryption set to false, Replication Type set to server-side default replication type, Namespace Quota set to -1, Space Quota set to -1 
2023-05-04 21:55:17,615 [OM StateMachine ApplyTransaction Thread - 0] INFO  bucket.OMBucketCreateRequest (OMBucketCreateRequest.java:validateAndUpdateCache(270)) - created bucket: c156f73f-d0ea-4f58-bea0-388326db091b of layout FILE_SYSTEM_OPTIMIZED in volume: 271d951f-fc68-4edc-bd67-4535acd04876
]]></system-out>
  </testcase>
  <testcase name="testUploadPartWithNoOverride(ReplicationConfig)[1]" classname="org.apache.hadoop.ozone.client.rpc.TestOzoneRpcClient" time="0.05">
    <system-out><![CDATA[2023-05-04 21:55:17,758 [Listener at 127.0.0.1/45425] INFO  rpc.RpcClient (RpcClient.java:createVolume(476)) - Creating Volume: 889eeb97-727e-4707-a008-1580e94d86b6, with runner as owner and space quota set to -1 bytes, counts quota set to -1
2023-05-04 21:55:17,761 [OM StateMachine ApplyTransaction Thread - 0] INFO  volume.OMVolumeCreateRequest (OMVolumeCreateRequest.java:validateAndUpdateCache(195)) - created volume:889eeb97-727e-4707-a008-1580e94d86b6 for user:runner
2023-05-04 21:55:17,763 [Listener at 127.0.0.1/45425] INFO  rpc.RpcClient (RpcClient.java:createBucket(697)) - Creating Bucket: 889eeb97-727e-4707-a008-1580e94d86b6/418b6879-38ff-4ecd-8245-39cec36dc582, with server-side default bucket layout, runner as owner, Versioning false, Storage Type set to DISK and Encryption set to false, Replication Type set to server-side default replication type, Namespace Quota set to -1, Space Quota set to -1 
2023-05-04 21:55:17,765 [OM StateMachine ApplyTransaction Thread - 0] INFO  bucket.OMBucketCreateRequest (OMBucketCreateRequest.java:validateAndUpdateCache(270)) - created bucket: 418b6879-38ff-4ecd-8245-39cec36dc582 of layout FILE_SYSTEM_OPTIMIZED in volume: 889eeb97-727e-4707-a008-1580e94d86b6
2023-05-04 21:55:17,777 [BlockDeletingService#0] INFO  interfaces.ContainerDeletionChoosingPolicyTemplate (ContainerDeletionChoosingPolicyTemplate.java:chooseContainerForBlockDeletion(83)) - Chosen 0/5000 blocks from 0 candidate containers.
]]></system-out>
  </testcase>
  <testcase name="testUploadPartWithNoOverride(ReplicationConfig)[2]" classname="org.apache.hadoop.ozone.client.rpc.TestOzoneRpcClient" time="0.036">
    <system-out><![CDATA[2023-05-04 21:55:17,808 [Listener at 127.0.0.1/45425] INFO  rpc.RpcClient (RpcClient.java:createVolume(476)) - Creating Volume: 11f35103-f682-43ca-88b8-b8862bfd035b, with runner as owner and space quota set to -1 bytes, counts quota set to -1
2023-05-04 21:55:17,811 [OM StateMachine ApplyTransaction Thread - 0] INFO  volume.OMVolumeCreateRequest (OMVolumeCreateRequest.java:validateAndUpdateCache(195)) - created volume:11f35103-f682-43ca-88b8-b8862bfd035b for user:runner
2023-05-04 21:55:17,813 [Listener at 127.0.0.1/45425] INFO  rpc.RpcClient (RpcClient.java:createBucket(697)) - Creating Bucket: 11f35103-f682-43ca-88b8-b8862bfd035b/5cb4290c-3e42-4bb4-bfb4-e2ec0c7a2707, with server-side default bucket layout, runner as owner, Versioning false, Storage Type set to DISK and Encryption set to false, Replication Type set to server-side default replication type, Namespace Quota set to -1, Space Quota set to -1 
2023-05-04 21:55:17,816 [OM StateMachine ApplyTransaction Thread - 0] INFO  bucket.OMBucketCreateRequest (OMBucketCreateRequest.java:validateAndUpdateCache(270)) - created bucket: 5cb4290c-3e42-4bb4-bfb4-e2ec0c7a2707 of layout FILE_SYSTEM_OPTIMIZED in volume: 11f35103-f682-43ca-88b8-b8862bfd035b
]]></system-out>
  </testcase>
  <testcase name="testUploadPartWithNoOverride(ReplicationConfig)[3]" classname="org.apache.hadoop.ozone.client.rpc.TestOzoneRpcClient" time="0.094">
    <system-out><![CDATA[2023-05-04 21:55:17,847 [Listener at 127.0.0.1/45425] INFO  rpc.RpcClient (RpcClient.java:createVolume(476)) - Creating Volume: c7676570-2e8a-4d87-b828-de60cb1c8e9b, with runner as owner and space quota set to -1 bytes, counts quota set to -1
2023-05-04 21:55:17,850 [OM StateMachine ApplyTransaction Thread - 0] INFO  volume.OMVolumeCreateRequest (OMVolumeCreateRequest.java:validateAndUpdateCache(195)) - created volume:c7676570-2e8a-4d87-b828-de60cb1c8e9b for user:runner
2023-05-04 21:55:17,853 [Listener at 127.0.0.1/45425] INFO  rpc.RpcClient (RpcClient.java:createBucket(697)) - Creating Bucket: c7676570-2e8a-4d87-b828-de60cb1c8e9b/6e0d6b97-55f2-452b-ae2d-65e10bc67d6b, with server-side default bucket layout, runner as owner, Versioning false, Storage Type set to DISK and Encryption set to false, Replication Type set to server-side default replication type, Namespace Quota set to -1, Space Quota set to -1 
2023-05-04 21:55:17,855 [OM StateMachine ApplyTransaction Thread - 0] INFO  bucket.OMBucketCreateRequest (OMBucketCreateRequest.java:validateAndUpdateCache(270)) - created bucket: 6e0d6b97-55f2-452b-ae2d-65e10bc67d6b of layout FILE_SYSTEM_OPTIMIZED in volume: c7676570-2e8a-4d87-b828-de60cb1c8e9b
]]></system-out>
  </testcase>
  <testcase name="testUsedBytesWithUploadPart" classname="org.apache.hadoop.ozone.client.rpc.TestOzoneRpcClient" time="0.312">
    <system-out><![CDATA[2023-05-04 21:55:18,102 [Listener at 127.0.0.1/45425] INFO  rpc.RpcClient (RpcClient.java:createVolume(476)) - Creating Volume: 010a360f-13a8-4ed0-ba74-1688e3df9779, with runner as owner and space quota set to -1 bytes, counts quota set to -1
2023-05-04 21:55:18,105 [OM StateMachine ApplyTransaction Thread - 0] INFO  volume.OMVolumeCreateRequest (OMVolumeCreateRequest.java:validateAndUpdateCache(195)) - created volume:010a360f-13a8-4ed0-ba74-1688e3df9779 for user:runner
2023-05-04 21:55:18,107 [Listener at 127.0.0.1/45425] INFO  rpc.RpcClient (RpcClient.java:createBucket(697)) - Creating Bucket: 010a360f-13a8-4ed0-ba74-1688e3df9779/98d730ed-6fed-4e3c-8b48-b6f26731f522, with server-side default bucket layout, runner as owner, Versioning false, Storage Type set to DISK and Encryption set to false, Replication Type set to server-side default replication type, Namespace Quota set to -1, Space Quota set to -1 
2023-05-04 21:55:18,109 [OM StateMachine ApplyTransaction Thread - 0] INFO  bucket.OMBucketCreateRequest (OMBucketCreateRequest.java:validateAndUpdateCache(270)) - created bucket: 98d730ed-6fed-4e3c-8b48-b6f26731f522 of layout FILE_SYSTEM_OPTIMIZED in volume: 010a360f-13a8-4ed0-ba74-1688e3df9779
2023-05-04 21:55:18,175 [BlockDeletingService#0] INFO  interfaces.ContainerDeletionChoosingPolicyTemplate (ContainerDeletionChoosingPolicyTemplate.java:chooseContainerForBlockDeletion(83)) - Chosen 0/5000 blocks from 0 candidate containers.
]]></system-out>
  </testcase>
  <testcase name="testValidateBlockLengthWithCommitKey" classname="org.apache.hadoop.ozone.client.rpc.TestOzoneRpcClient" time="0.018">
    <system-out><![CDATA[2023-05-04 21:55:18,254 [Listener at 127.0.0.1/45425] INFO  rpc.RpcClient (RpcClient.java:createVolume(476)) - Creating Volume: 078355b8-61ee-40e1-af51-b32508ae26c4, with runner as owner and space quota set to -1 bytes, counts quota set to -1
2023-05-04 21:55:18,256 [OM StateMachine ApplyTransaction Thread - 0] INFO  volume.OMVolumeCreateRequest (OMVolumeCreateRequest.java:validateAndUpdateCache(195)) - created volume:078355b8-61ee-40e1-af51-b32508ae26c4 for user:runner
2023-05-04 21:55:18,257 [Listener at 127.0.0.1/45425] INFO  rpc.RpcClient (RpcClient.java:createBucket(697)) - Creating Bucket: 078355b8-61ee-40e1-af51-b32508ae26c4/db140b42-b0bb-402d-8e43-474bee7c3483, with server-side default bucket layout, runner as owner, Versioning false, Storage Type set to DISK and Encryption set to false, Replication Type set to server-side default replication type, Namespace Quota set to -1, Space Quota set to -1 
2023-05-04 21:55:18,259 [OM StateMachine ApplyTransaction Thread - 0] INFO  bucket.OMBucketCreateRequest (OMBucketCreateRequest.java:validateAndUpdateCache(270)) - created bucket: db140b42-b0bb-402d-8e43-474bee7c3483 of layout FILE_SYSTEM_OPTIMIZED in volume: 078355b8-61ee-40e1-af51-b32508ae26c4
]]></system-out>
  </testcase>
  <testcase name="testVolumeSetOwner" classname="org.apache.hadoop.ozone.client.rpc.TestOzoneRpcClient" time="0.01">
    <system-out><![CDATA[2023-05-04 21:55:18,272 [Listener at 127.0.0.1/45425] INFO  rpc.RpcClient (RpcClient.java:createVolume(476)) - Creating Volume: 472b1477-83e9-43ef-9fcf-dce8c555cf55, with runner as owner and space quota set to -1 bytes, counts quota set to -1
2023-05-04 21:55:18,274 [OM StateMachine ApplyTransaction Thread - 0] INFO  volume.OMVolumeCreateRequest (OMVolumeCreateRequest.java:validateAndUpdateCache(195)) - created volume:472b1477-83e9-43ef-9fcf-dce8c555cf55 for user:runner
2023-05-04 21:55:18,281 [OM StateMachine ApplyTransaction Thread - 0] WARN  volume.OMVolumeSetOwnerRequest (OMVolumeSetOwnerRequest.java:validateAndUpdateCache(132)) - Volume '472b1477-83e9-43ef-9fcf-dce8c555cf55' owner is already user 'someRandomUser1'.
]]></system-out>
  </testcase>
  <testcase name="testVolumeUsedNamespace" classname="org.apache.hadoop.ozone.client.rpc.TestOzoneRpcClient" time="0.023">
    <system-out><![CDATA[2023-05-04 21:55:18,283 [Listener at 127.0.0.1/45425] INFO  rpc.RpcClient (RpcClient.java:createVolume(476)) - Creating Volume: b641dc4f-12ad-4954-820b-a0f9dbf0bcb9, with runner as owner and space quota set to -1 bytes, counts quota set to 1
2023-05-04 21:55:18,285 [OM StateMachine ApplyTransaction Thread - 0] INFO  volume.OMVolumeCreateRequest (OMVolumeCreateRequest.java:validateAndUpdateCache(195)) - created volume:b641dc4f-12ad-4954-820b-a0f9dbf0bcb9 for user:runner
2023-05-04 21:55:18,286 [Listener at 127.0.0.1/45425] INFO  rpc.RpcClient (RpcClient.java:createBucket(697)) - Creating Bucket: b641dc4f-12ad-4954-820b-a0f9dbf0bcb9/2323620a-efe0-4fc1-b0dd-d0b9cac3751a, with server-side default bucket layout, runner as owner, Versioning false, Storage Type set to DISK and Encryption set to false, Replication Type set to server-side default replication type, Namespace Quota set to -1, Space Quota set to -1 
2023-05-04 21:55:18,288 [OM StateMachine ApplyTransaction Thread - 0] INFO  bucket.OMBucketCreateRequest (OMBucketCreateRequest.java:validateAndUpdateCache(270)) - created bucket: 2323620a-efe0-4fc1-b0dd-d0b9cac3751a of layout FILE_SYSTEM_OPTIMIZED in volume: b641dc4f-12ad-4954-820b-a0f9dbf0bcb9
2023-05-04 21:55:18,289 [Listener at 127.0.0.1/45425] INFO  rpc.RpcClient (RpcClient.java:createBucket(697)) - Creating Bucket: b641dc4f-12ad-4954-820b-a0f9dbf0bcb9/f71d7aa1-5880-4283-9d35-a35c2088f688, with server-side default bucket layout, runner as owner, Versioning false, Storage Type set to DISK and Encryption set to false, Replication Type set to server-side default replication type, Namespace Quota set to -1, Space Quota set to -1 
21:55:18.291 [OM StateMachine ApplyTransaction Thread - 0] ERROR OMAudit - user=runner | ip=127.0.0.1 | op=CREATE_BUCKET {volume=b641dc4f-12ad-4954-820b-a0f9dbf0bcb9, bucket=f71d7aa1-5880-4283-9d35-a35c2088f688, bucketLayout=FILE_SYSTEM_OPTIMIZED, gdprEnabled=null, acls=[user:runner:a[ACCESS], group:docker:a[ACCESS], group:adm:a[ACCESS], group:systemd-journal:a[ACCESS]], isVersionEnabled=false, storageType=DISK, creationTime=1683237318289, bucketEncryptionKey=null, modificationTime=1683237318289, usedBytes=0, usedNamespace=0} | ret=FAILURE
org.apache.hadoop.ozone.om.exceptions.OMException: The namespace quota of Volume:b641dc4f-12ad-4954-820b-a0f9dbf0bcb9 exceeded: quotaInNamespace: 1 but namespace consumed: 2.
	at org.apache.hadoop.ozone.om.request.bucket.OMBucketCreateRequest.checkQuotaInNamespace(OMBucketCreateRequest.java:357) ~[ozone-manager-1.4.0-SNAPSHOT.jar:?]
	at org.apache.hadoop.ozone.om.request.bucket.OMBucketCreateRequest.validateAndUpdateCache(OMBucketCreateRequest.java:233) ~[ozone-manager-1.4.0-SNAPSHOT.jar:?]
	at org.apache.hadoop.ozone.protocolPB.OzoneManagerRequestHandler.handleWriteRequest(OzoneManagerRequestHandler.java:337) ~[ozone-manager-1.4.0-SNAPSHOT.jar:?]
	at org.apache.hadoop.ozone.om.ratis.OzoneManagerStateMachine.runCommand(OzoneManagerStateMachine.java:567) ~[ozone-manager-1.4.0-SNAPSHOT.jar:?]
	at org.apache.hadoop.ozone.om.ratis.OzoneManagerStateMachine.lambda$1(OzoneManagerStateMachine.java:358) ~[ozone-manager-1.4.0-SNAPSHOT.jar:?]
	at java.util.concurrent.CompletableFuture$AsyncSupply.run(CompletableFuture.java:1604) [?:1.8.0_362]
	at java.util.concurrent.ThreadPoolExecutor.runWorker(ThreadPoolExecutor.java:1149) [?:1.8.0_362]
	at java.util.concurrent.ThreadPoolExecutor$Worker.run(ThreadPoolExecutor.java:624) [?:1.8.0_362]
	at java.lang.Thread.run(Thread.java:750) [?:1.8.0_362]
2023-05-04 21:55:18,291 [OM StateMachine ApplyTransaction Thread - 0] ERROR bucket.OMBucketCreateRequest (OMBucketCreateRequest.java:validateAndUpdateCache(282)) - Bucket creation failed for bucket:f71d7aa1-5880-4283-9d35-a35c2088f688 in volume:b641dc4f-12ad-4954-820b-a0f9dbf0bcb9
QUOTA_EXCEEDED org.apache.hadoop.ozone.om.exceptions.OMException: The namespace quota of Volume:b641dc4f-12ad-4954-820b-a0f9dbf0bcb9 exceeded: quotaInNamespace: 1 but namespace consumed: 2.
	at org.apache.hadoop.ozone.om.request.bucket.OMBucketCreateRequest.checkQuotaInNamespace(OMBucketCreateRequest.java:357)
	at org.apache.hadoop.ozone.om.request.bucket.OMBucketCreateRequest.validateAndUpdateCache(OMBucketCreateRequest.java:233)
	at org.apache.hadoop.ozone.protocolPB.OzoneManagerRequestHandler.handleWriteRequest(OzoneManagerRequestHandler.java:337)
	at org.apache.hadoop.ozone.om.ratis.OzoneManagerStateMachine.runCommand(OzoneManagerStateMachine.java:567)
	at org.apache.hadoop.ozone.om.ratis.OzoneManagerStateMachine.lambda$1(OzoneManagerStateMachine.java:358)
	at java.util.concurrent.CompletableFuture$AsyncSupply.run(CompletableFuture.java:1604)
	at java.util.concurrent.ThreadPoolExecutor.runWorker(ThreadPoolExecutor.java:1149)
	at java.util.concurrent.ThreadPoolExecutor$Worker.run(ThreadPoolExecutor.java:624)
	at java.lang.Thread.run(Thread.java:750)
2023-05-04 21:55:18,292 [Listener at 127.0.0.1/45425] INFO  rpc.RpcClient (RpcClient.java:createVolume(476)) - Creating Volume: c4e03642-efef-409f-906c-d6353b9ec781, with runner as owner and space quota set to -1 bytes, counts quota set to -1
2023-05-04 21:55:18,295 [OM StateMachine ApplyTransaction Thread - 0] INFO  volume.OMVolumeCreateRequest (OMVolumeCreateRequest.java:validateAndUpdateCache(195)) - created volume:c4e03642-efef-409f-906c-d6353b9ec781 for user:runner
2023-05-04 21:55:18,297 [Listener at 127.0.0.1/45425] INFO  rpc.RpcClient (RpcClient.java:createBucket(697)) - Creating Bucket: c4e03642-efef-409f-906c-d6353b9ec781/db612dfd-6e43-4249-9a77-83102e483b5d, with server-side default bucket layout, runner as owner, Versioning false, Storage Type set to DISK and Encryption set to false, Replication Type set to server-side default replication type, Namespace Quota set to -1, Space Quota set to -1 
2023-05-04 21:55:18,299 [OM StateMachine ApplyTransaction Thread - 0] INFO  bucket.OMBucketCreateRequest (OMBucketCreateRequest.java:validateAndUpdateCache(270)) - created bucket: db612dfd-6e43-4249-9a77-83102e483b5d of layout FILE_SYSTEM_OPTIMIZED in volume: c4e03642-efef-409f-906c-d6353b9ec781
]]></system-out>
  </testcase>
</testsuite>