<?xml version="1.0" encoding="UTF-8"?>
<testsuite xmlns:xsi="http://www.w3.org/2001/XMLSchema-instance" xsi:noNamespaceSchemaLocation="https://maven.apache.org/surefire/maven-surefire-plugin/xsd/surefire-test-report-3.0.xsd" version="3.0" name="org.apache.hadoop.ozone.scm.pipeline.TestPipelineManagerMXBean" time="24.37" tests="1" errors="0" skipped="0" failures="1">
  <properties>
    <property name="awt.toolkit" value="sun.awt.X11.XToolkit"/>
    <property name="file.encoding.pkg" value="sun.io"/>
    <property name="java.specification.version" value="1.8"/>
    <property name="sun.cpu.isalist" value=""/>
    <property name="sun.jnu.encoding" value="UTF-8"/>
    <property name="java.class.path" value="/home/runner/work/ozone/ozone/hadoop-ozone/integration-test/target/test-classes:/home/runner/work/ozone/ozone/hadoop-ozone/integration-test/target/classes:/home/runner/.m2/repository/org/apache/ozone/ozone-common/1.4.0-SNAPSHOT/ozone-common-1.4.0-SNAPSHOT.jar:/home/runner/.m2/repository/io/grpc/grpc-netty/1.51.1/grpc-netty-1.51.1.jar:/home/runner/.m2/repository/io/grpc/grpc-core/1.51.1/grpc-core-1.51.1.jar:/home/runner/.m2/repository/com/google/android/annotations/4.1.1.4/annotations-4.1.1.4.jar:/home/runner/.m2/repository/org/codehaus/mojo/animal-sniffer-annotations/1.21/animal-sniffer-annotations-1.21.jar:/home/runner/.m2/repository/com/google/errorprone/error_prone_annotations/2.2.0/error_prone_annotations-2.2.0.jar:/home/runner/.m2/repository/io/perfmark/perfmark-api/0.25.0/perfmark-api-0.25.0.jar:/home/runner/.m2/repository/io/netty/netty-codec-http2/4.1.94.Final/netty-codec-http2-4.1.94.Final.jar:/home/runner/.m2/repository/io/netty/netty-common/4.1.94.Final/netty-common-4.1.94.Final.jar:/home/runner/.m2/repository/io/netty/netty-buffer/4.1.94.Final/netty-buffer-4.1.94.Final.jar:/home/runner/.m2/repository/io/netty/netty-codec-http/4.1.94.Final/netty-codec-http-4.1.94.Final.jar:/home/runner/.m2/repository/io/netty/netty-handler-proxy/4.1.94.Final/netty-handler-proxy-4.1.94.Final.jar:/home/runner/.m2/repository/io/netty/netty-codec-socks/4.1.94.Final/netty-codec-socks-4.1.94.Final.jar:/home/runner/.m2/repository/io/netty/netty-tcnative-boringssl-static/2.0.61.Final/netty-tcnative-boringssl-static-2.0.61.Final.jar:/home/runner/.m2/repository/io/netty/netty-tcnative-classes/2.0.61.Final/netty-tcnative-classes-2.0.61.Final.jar:/home/runner/.m2/repository/io/netty/netty-tcnative-boringssl-static/2.0.61.Final/netty-tcnative-boringssl-static-2.0.61.Final-linux-x86_64.jar:/home/runner/.m2/repository/io/netty/netty-tcnative-boringssl-static/2.0.61.Final/netty-tcnative-boringssl-static-2.0.61.Final-linux-aarch_64.jar:/home/runner/.m2/repository/io/netty/netty-tcnative-boringssl-static/2.0.61.Final/netty-tcnative-boringssl-static-2.0.61.Final-osx-x86_64.jar:/home/runner/.m2/repository/io/netty/netty-tcnative-boringssl-static/2.0.61.Final/netty-tcnative-boringssl-static-2.0.61.Final-osx-aarch_64.jar:/home/runner/.m2/repository/io/netty/netty-tcnative-boringssl-static/2.0.61.Final/netty-tcnative-boringssl-static-2.0.61.Final-windows-x86_64.jar:/home/runner/.m2/repository/org/apache/commons/commons-compress/1.21/commons-compress-1.21.jar:/home/runner/.m2/repository/org/apache/ozone/hdds-common/1.4.0-SNAPSHOT/hdds-common-1.4.0-SNAPSHOT.jar:/home/runner/.m2/repository/org/apache/ozone/hdds-client/1.4.0-SNAPSHOT/hdds-client-1.4.0-SNAPSHOT.jar:/home/runner/.m2/repository/org/apache/ozone/ozone-interface-client/1.4.0-SNAPSHOT/ozone-interface-client-1.4.0-SNAPSHOT.jar:/home/runner/.m2/repository/org/apache/hadoop/hadoop-hdfs-client/3.3.6/hadoop-hdfs-client-3.3.6.jar:/home/runner/.m2/repository/com/squareup/okhttp3/okhttp/4.9.3/okhttp-4.9.3.jar:/home/runner/.m2/repository/com/squareup/okio/okio/3.4.0/okio-3.4.0.jar:/home/runner/.m2/repository/com/squareup/okio/okio-jvm/3.4.0/okio-jvm-3.4.0.jar:/home/runner/.m2/repository/org/jetbrains/kotlin/kotlin-stdlib-jdk8/1.8.0/kotlin-stdlib-jdk8-1.8.0.jar:/home/runner/.m2/repository/org/jetbrains/kotlin/kotlin-stdlib-jdk7/1.8.0/kotlin-stdlib-jdk7-1.8.0.jar:/home/runner/.m2/repository/org/jetbrains/kotlin/kotlin-stdlib-common/1.6.21/kotlin-stdlib-common-1.6.21.jar:/home/runner/.m2/repository/org/apache/ozone/hdds-test-utils/1.4.0-SNAPSHOT/hdds-test-utils-1.4.0-SNAPSHOT.jar:/home/runner/.m2/repository/com/google/guava/guava/32.0.0-jre/guava-32.0.0-jre.jar:/home/runner/.m2/repository/com/google/guava/failureaccess/1.0.1/failureaccess-1.0.1.jar:/home/runner/.m2/repository/com/google/guava/listenablefuture/9999.0-empty-to-avoid-conflict-with-guava/listenablefuture-9999.0-empty-to-avoid-conflict-with-guava.jar:/home/runner/.m2/repository/com/google/code/findbugs/jsr305/3.0.0/jsr305-3.0.0.jar:/home/runner/.m2/repository/org/checkerframework/checker-qual/3.33.0/checker-qual-3.33.0.jar:/home/runner/.m2/repository/com/google/j2objc/j2objc-annotations/2.8/j2objc-annotations-2.8.jar:/home/runner/.m2/repository/commons-io/commons-io/2.11.0/commons-io-2.11.0.jar:/home/runner/.m2/repository/commons-logging/commons-logging/1.2/commons-logging-1.2.jar:/home/runner/.m2/repository/ch/qos/reload4j/reload4j/1.2.22/reload4j-1.2.22.jar:/home/runner/.m2/repository/org/slf4j/slf4j-api/1.7.36/slf4j-api-1.7.36.jar:/home/runner/.m2/repository/org/apache/logging/log4j/log4j-api/2.17.1/log4j-api-2.17.1.jar:/home/runner/.m2/repository/org/apache/ozone/hdds-server-scm/1.4.0-SNAPSHOT/hdds-server-scm-1.4.0-SNAPSHOT.jar:/home/runner/.m2/repository/org/apache/ozone/hdds-container-service/1.4.0-SNAPSHOT/hdds-container-service-1.4.0-SNAPSHOT.jar:/home/runner/.m2/repository/org/apache/ozone/hdds-hadoop-dependency-server/1.4.0-SNAPSHOT/hdds-hadoop-dependency-server-1.4.0-SNAPSHOT.jar:/home/runner/.m2/repository/org/apache/hadoop/hadoop-hdfs/3.3.6/hadoop-hdfs-3.3.6.jar:/home/runner/.m2/repository/commons-daemon/commons-daemon/1.0.13/commons-daemon-1.0.13.jar:/home/runner/.m2/repository/org/apache/ozone/hdds-server-framework/1.4.0-SNAPSHOT/hdds-server-framework-1.4.0-SNAPSHOT.jar:/home/runner/.m2/repository/io/dropwizard/metrics/metrics-core/3.2.4/metrics-core-3.2.4.jar:/home/runner/.m2/repository/org/apache/commons/commons-text/1.10.0/commons-text-1.10.0.jar:/home/runner/.m2/repository/org/bouncycastle/bcprov-jdk15on/1.67/bcprov-jdk15on-1.67.jar:/home/runner/.m2/repository/com/google/protobuf/protobuf-java/2.5.0/protobuf-java-2.5.0.jar:/home/runner/.m2/repository/org/apache/ozone/hdds-server-framework/1.4.0-SNAPSHOT/hdds-server-framework-1.4.0-SNAPSHOT-tests.jar:/home/runner/.m2/repository/org/apache/ozone/hdds-interface-server/1.4.0-SNAPSHOT/hdds-interface-server-1.4.0-SNAPSHOT.jar:/home/runner/.m2/repository/org/apache/ozone/hdds-interface-admin/1.4.0-SNAPSHOT/hdds-interface-admin-1.4.0-SNAPSHOT.jar:/home/runner/.m2/repository/org/apache/ozone/hdds-managed-rocksdb/1.4.0-SNAPSHOT/hdds-managed-rocksdb-1.4.0-SNAPSHOT.jar:/home/runner/.m2/repository/org/rocksdb/rocksdbjni/7.7.3/rocksdbjni-7.7.3.jar:/home/runner/.m2/repository/org/slf4j/slf4j-reload4j/1.7.36/slf4j-reload4j-1.7.36.jar:/home/runner/.m2/repository/org/apache/commons/commons-configuration2/2.1.1/commons-configuration2-2.1.1.jar:/home/runner/.m2/repository/commons-fileupload/commons-fileupload/1.5/commons-fileupload-1.5.jar:/home/runner/.m2/repository/org/apache/logging/log4j/log4j-core/2.17.1/log4j-core-2.17.1.jar:/home/runner/.m2/repository/com/lmax/disruptor/3.4.2/disruptor-3.4.2.jar:/home/runner/.m2/repository/org/eclipse/jetty/jetty-util/9.4.51.v20230217/jetty-util-9.4.51.v20230217.jar:/home/runner/.m2/repository/org/eclipse/jetty/jetty-server/9.4.51.v20230217/jetty-server-9.4.51.v20230217.jar:/home/runner/.m2/repository/org/eclipse/jetty/jetty-http/9.4.51.v20230217/jetty-http-9.4.51.v20230217.jar:/home/runner/.m2/repository/org/eclipse/jetty/jetty-io/9.4.51.v20230217/jetty-io-9.4.51.v20230217.jar:/home/runner/.m2/repository/org/eclipse/jetty/jetty-servlet/9.4.51.v20230217/jetty-servlet-9.4.51.v20230217.jar:/home/runner/.m2/repository/org/eclipse/jetty/jetty-security/9.4.51.v20230217/jetty-security-9.4.51.v20230217.jar:/home/runner/.m2/repository/org/eclipse/jetty/jetty-util-ajax/9.4.51.v20230217/jetty-util-ajax-9.4.51.v20230217.jar:/home/runner/.m2/repository/org/eclipse/jetty/jetty-webapp/9.4.51.v20230217/jetty-webapp-9.4.51.v20230217.jar:/home/runner/.m2/repository/org/eclipse/jetty/jetty-xml/9.4.51.v20230217/jetty-xml-9.4.51.v20230217.jar:/home/runner/.m2/repository/org/apache/ratis/ratis-server/2.5.1/ratis-server-2.5.1.jar:/home/runner/.m2/repository/org/apache/ratis/ratis-thirdparty-misc/1.0.4/ratis-thirdparty-misc-1.0.4.jar:/home/runner/.m2/repository/org/apache/ratis/ratis-proto/2.5.1/ratis-proto-2.5.1.jar:/home/runner/.m2/repository/org/apache/ratis/ratis-common/2.5.1/ratis-common-2.5.1.jar:/home/runner/.m2/repository/org/apache/ratis/ratis-client/2.5.1/ratis-client-2.5.1.jar:/home/runner/.m2/repository/org/apache/ratis/ratis-server-api/2.5.1/ratis-server-api-2.5.1.jar:/home/runner/.m2/repository/org/apache/ratis/ratis-metrics/2.5.1/ratis-metrics-2.5.1.jar:/home/runner/.m2/repository/io/prometheus/simpleclient_dropwizard/0.7.0/simpleclient_dropwizard-0.7.0.jar:/home/runner/.m2/repository/io/prometheus/simpleclient/0.7.0/simpleclient-0.7.0.jar:/home/runner/.m2/repository/io/prometheus/simpleclient_common/0.7.0/simpleclient_common-0.7.0.jar:/home/runner/.m2/repository/com/fasterxml/jackson/datatype/jackson-datatype-jsr310/2.13.4/jackson-datatype-jsr310-2.13.4.jar:/home/runner/.m2/repository/com/fasterxml/jackson/core/jackson-core/2.13.4/jackson-core-2.13.4.jar:/home/runner/.m2/repository/com/github/spotbugs/spotbugs-annotations/3.1.12/spotbugs-annotations-3.1.12.jar:/home/runner/.m2/repository/org/apache/ozone/rocksdb-checkpoint-differ/1.4.0-SNAPSHOT/rocksdb-checkpoint-differ-1.4.0-SNAPSHOT.jar:/home/runner/.m2/repository/org/jgrapht/jgrapht-core/1.0.1/jgrapht-core-1.0.1.jar:/home/runner/.m2/repository/org/jgrapht/jgrapht-ext/1.0.1/jgrapht-ext-1.0.1.jar:/home/runner/.m2/repository/org/tinyjee/jgraphx/jgraphx/2.0.0.1/jgraphx-2.0.0.1.jar:/home/runner/.m2/repository/jgraph/jgraph/5.13.0.0/jgraph-5.13.0.0.jar:/home/runner/.m2/repository/org/antlr/antlr4-runtime/4.5.3/antlr4-runtime-4.5.3.jar:/home/runner/.m2/repository/org/awaitility/awaitility/4.2.0/awaitility-4.2.0.jar:/home/runner/.m2/repository/org/hamcrest/hamcrest/2.1/hamcrest-2.1.jar:/home/runner/.m2/repository/org/apache/ozone/ozone-manager/1.4.0-SNAPSHOT/ozone-manager-1.4.0-SNAPSHOT.jar:/home/runner/.m2/repository/org/aspectj/aspectjrt/1.9.7/aspectjrt-1.9.7.jar:/home/runner/.m2/repository/org/aspectj/aspectjweaver/1.9.7/aspectjweaver-1.9.7.jar:/home/runner/.m2/repository/org/apache/ozone/hdds-interface-client/1.4.0-SNAPSHOT/hdds-interface-client-1.4.0-SNAPSHOT.jar:/home/runner/.m2/repository/org/apache/hadoop/thirdparty/hadoop-shaded-protobuf_3_7/1.1.1/hadoop-shaded-protobuf_3_7-1.1.1.jar:/home/runner/.m2/repository/org/apache/ozone/ozone-interface-storage/1.4.0-SNAPSHOT/ozone-interface-storage-1.4.0-SNAPSHOT.jar:/home/runner/.m2/repository/org/reflections/reflections/0.9.11/reflections-0.9.11.jar:/home/runner/.m2/repository/com/sun/jersey/jersey-client/1.19/jersey-client-1.19.jar:/home/runner/.m2/repository/org/codehaus/jackson/jackson-core-asl/1.9.13/jackson-core-asl-1.9.13.jar:/home/runner/.m2/repository/org/codehaus/jackson/jackson-mapper-asl/1.9.13/jackson-mapper-asl-1.9.13.jar:/home/runner/.m2/repository/org/codehaus/jackson/jackson-jaxrs/1.9.13/jackson-jaxrs-1.9.13.jar:/home/runner/.m2/repository/org/apache/ranger/ranger-intg/2.3.0/ranger-intg-2.3.0.jar:/home/runner/.m2/repository/org/apache/ranger/ranger-plugins-common/2.3.0/ranger-plugins-common-2.3.0.jar:/home/runner/.m2/repository/commons-lang/commons-lang/2.6/commons-lang-2.6.jar:/home/runner/.m2/repository/org/apache/ranger/ranger-plugins-cred/2.3.0/ranger-plugins-cred-2.3.0.jar:/home/runner/.m2/repository/org/apache/ranger/ranger-plugins-audit/2.3.0/ranger-plugins-audit-2.3.0.jar:/home/runner/.m2/repository/org/eclipse/jetty/jetty-client/9.4.51.v20230217/jetty-client-9.4.51.v20230217.jar:/home/runner/.m2/repository/org/apache/httpcomponents/httpmime/4.5.6/httpmime-4.5.6.jar:/home/runner/.m2/repository/org/apache/httpcomponents/httpcore-nio/4.4.13/httpcore-nio-4.4.13.jar:/home/runner/.m2/repository/org/apache/httpcomponents/httpasyncclient/4.1.3/httpasyncclient-4.1.3.jar:/home/runner/.m2/repository/com/carrotsearch/hppc/0.8.0/hppc-0.8.0.jar:/home/runner/.m2/repository/org/apache/orc/orc-core/1.5.8/orc-core-1.5.8.jar:/home/runner/.m2/repository/net/java/dev/jna/jna/5.2.0/jna-5.2.0.jar:/home/runner/.m2/repository/net/java/dev/jna/jna-platform/5.2.0/jna-platform-5.2.0.jar:/home/runner/.m2/repository/com/kstruct/gethostname4j/0.0.2/gethostname4j-0.0.2.jar:/home/runner/.m2/repository/org/apache/ranger/ranger-plugin-classloader/2.3.0/ranger-plugin-classloader-2.3.0.jar:/home/runner/.m2/repository/org/apache/ozone/hdds-rocks-native/1.4.0-SNAPSHOT/hdds-rocks-native-1.4.0-SNAPSHOT.jar:/home/runner/.m2/repository/org/apache/hadoop/hadoop-minikdc/3.3.6/hadoop-minikdc-3.3.6.jar:/home/runner/.m2/repository/org/apache/kerby/kerb-simplekdc/1.0.1/kerb-simplekdc-1.0.1.jar:/home/runner/.m2/repository/org/apache/kerby/kerb-client/1.0.1/kerb-client-1.0.1.jar:/home/runner/.m2/repository/org/apache/kerby/kerby-config/1.0.1/kerby-config-1.0.1.jar:/home/runner/.m2/repository/org/apache/kerby/kerb-common/1.0.1/kerb-common-1.0.1.jar:/home/runner/.m2/repository/org/apache/kerby/kerb-crypto/1.0.1/kerb-crypto-1.0.1.jar:/home/runner/.m2/repository/org/apache/kerby/kerb-util/1.0.1/kerb-util-1.0.1.jar:/home/runner/.m2/repository/org/apache/kerby/token-provider/1.0.1/token-provider-1.0.1.jar:/home/runner/.m2/repository/org/apache/kerby/kerb-admin/1.0.1/kerb-admin-1.0.1.jar:/home/runner/.m2/repository/org/apache/kerby/kerb-server/1.0.1/kerb-server-1.0.1.jar:/home/runner/.m2/repository/org/apache/kerby/kerb-identity/1.0.1/kerb-identity-1.0.1.jar:/home/runner/.m2/repository/org/apache/kerby/kerby-xdr/1.0.1/kerby-xdr-1.0.1.jar:/home/runner/.m2/repository/org/apache/ozone/ozone-s3gateway/1.4.0-SNAPSHOT/ozone-s3gateway-1.4.0-SNAPSHOT.jar:/home/runner/.m2/repository/org/javassist/javassist/3.21.0-GA/javassist-3.21.0-GA.jar:/home/runner/.m2/repository/org/jboss/weld/servlet/weld-servlet-shaded/3.1.9.Final/weld-servlet-shaded-3.1.9.Final.jar:/home/runner/.m2/repository/org/glassfish/jersey/containers/jersey-container-servlet-core/2.34/jersey-container-servlet-core-2.34.jar:/home/runner/.m2/repository/org/glassfish/hk2/external/jakarta.inject/2.6.1/jakarta.inject-2.6.1.jar:/home/runner/.m2/repository/org/glassfish/jersey/core/jersey-common/2.34/jersey-common-2.34.jar:/home/runner/.m2/repository/jakarta/ws/rs/jakarta.ws.rs-api/2.1.6/jakarta.ws.rs-api-2.1.6.jar:/home/runner/.m2/repository/org/glassfish/jersey/ext/cdi/jersey-cdi1x/2.34/jersey-cdi1x-2.34.jar:/home/runner/.m2/repository/org/glassfish/jersey/inject/jersey-hk2/2.34/jersey-hk2-2.34.jar:/home/runner/.m2/repository/org/glassfish/hk2/hk2-locator/2.6.1/hk2-locator-2.6.1.jar:/home/runner/.m2/repository/org/glassfish/jersey/media/jersey-media-jaxb/2.34/jersey-media-jaxb-2.34.jar:/home/runner/.m2/repository/org/glassfish/hk2/osgi-resource-locator/1.0.3/osgi-resource-locator-1.0.3.jar:/home/runner/.m2/repository/org/glassfish/hk2/hk2-api/2.5.0/hk2-api-2.5.0.jar:/home/runner/.m2/repository/org/glassfish/hk2/hk2-utils/2.5.0/hk2-utils-2.5.0.jar:/home/runner/.m2/repository/org/glassfish/hk2/external/aopalliance-repackaged/2.5.0/aopalliance-repackaged-2.5.0.jar:/home/runner/.m2/repository/com/fasterxml/jackson/dataformat/jackson-dataformat-xml/2.13.4/jackson-dataformat-xml-2.13.4.jar:/home/runner/.m2/repository/org/codehaus/woodstox/stax2-api/4.2.1/stax2-api-4.2.1.jar:/home/runner/.m2/repository/com/fasterxml/woodstox/woodstox-core/5.4.0/woodstox-core-5.4.0.jar:/home/runner/.m2/repository/com/fasterxml/jackson/module/jackson-module-jaxb-annotations/2.13.4/jackson-module-jaxb-annotations-2.13.4.jar:/home/runner/.m2/repository/jakarta/xml/bind/jakarta.xml.bind-api/2.3.3/jakarta.xml.bind-api-2.3.3.jar:/home/runner/.m2/repository/jakarta/activation/jakarta.activation-api/1.2.2/jakarta.activation-api-1.2.2.jar:/home/runner/.m2/repository/javax/enterprise/cdi-api/2.0/cdi-api-2.0.jar:/home/runner/.m2/repository/javax/el/javax.el-api/3.0.0/javax.el-api-3.0.0.jar:/home/runner/.m2/repository/javax/interceptor/javax.interceptor-api/1.2/javax.interceptor-api-1.2.jar:/home/runner/.m2/repository/javax/inject/javax.inject/1/javax.inject-1.jar:/home/runner/.m2/repository/javax/xml/bind/jaxb-api/2.3.0/jaxb-api-2.3.0.jar:/home/runner/.m2/repository/org/glassfish/jaxb/jaxb-runtime/2.3.0.1/jaxb-runtime-2.3.0.1.jar:/home/runner/.m2/repository/org/glassfish/jaxb/jaxb-core/2.3.0.1/jaxb-core-2.3.0.1.jar:/home/runner/.m2/repository/org/glassfish/jaxb/txw2/2.3.0.1/txw2-2.3.0.1.jar:/home/runner/.m2/repository/com/sun/istack/istack-commons-runtime/3.0.5/istack-commons-runtime-3.0.5.jar:/home/runner/.m2/repository/org/jvnet/staxex/stax-ex/1.7.8/stax-ex-1.7.8.jar:/home/runner/.m2/repository/com/sun/xml/fastinfoset/FastInfoset/1.2.13/FastInfoset-1.2.13.jar:/home/runner/.m2/repository/javax/activation/activation/1.1.1/activation-1.1.1.jar:/home/runner/.m2/repository/io/grpc/grpc-protobuf/1.51.1/grpc-protobuf-1.51.1.jar:/home/runner/.m2/repository/com/google/api/grpc/proto-google-common-protos/2.9.0/proto-google-common-protos-2.9.0.jar:/home/runner/.m2/repository/io/grpc/grpc-protobuf-lite/1.51.1/grpc-protobuf-lite-1.51.1.jar:/home/runner/.m2/repository/io/grpc/grpc-stub/1.51.1/grpc-stub-1.51.1.jar:/home/runner/.m2/repository/io/netty/netty-transport/4.1.94.Final/netty-transport-4.1.94.Final.jar:/home/runner/.m2/repository/io/netty/netty-resolver/4.1.94.Final/netty-resolver-4.1.94.Final.jar:/home/runner/.m2/repository/org/apache/ozone/ozone-csi/1.4.0-SNAPSHOT/ozone-csi-1.4.0-SNAPSHOT.jar:/home/runner/.m2/repository/com/google/protobuf/protobuf-java-util/3.19.6/protobuf-java-util-3.19.6.jar:/home/runner/.m2/repository/com/google/code/gson/gson/2.9.0/gson-2.9.0.jar:/home/runner/.m2/repository/org/apache/ozone/hdds-config/1.4.0-SNAPSHOT/hdds-config-1.4.0-SNAPSHOT.jar:/home/runner/.m2/repository/io/netty/netty-transport-native-epoll/4.1.94.Final/netty-transport-native-epoll-4.1.94.Final-linux-x86_64.jar:/home/runner/.m2/repository/io/netty/netty-transport-classes-epoll/4.1.94.Final/netty-transport-classes-epoll-4.1.94.Final.jar:/home/runner/.m2/repository/io/netty/netty-transport-native-unix-common/4.1.94.Final/netty-transport-native-unix-common-4.1.94.Final.jar:/home/runner/.m2/repository/org/apache/ozone/ozone-recon/1.4.0-SNAPSHOT/ozone-recon-1.4.0-SNAPSHOT.jar:/home/runner/.m2/repository/org/apache/ozone/ozone-reconcodegen/1.4.0-SNAPSHOT/ozone-reconcodegen-1.4.0-SNAPSHOT.jar:/home/runner/.m2/repository/com/google/inject/guice/5.1.0/guice-5.1.0.jar:/home/runner/.m2/repository/aopalliance/aopalliance/1.0/aopalliance-1.0.jar:/home/runner/.m2/repository/com/google/inject/extensions/guice-assistedinject/5.1.0/guice-assistedinject-5.1.0.jar:/home/runner/.m2/repository/com/google/inject/extensions/guice-servlet/5.1.0/guice-servlet-5.1.0.jar:/home/runner/.m2/repository/org/glassfish/jersey/containers/jersey-container-servlet/2.34/jersey-container-servlet-2.34.jar:/home/runner/.m2/repository/org/glassfish/hk2/guice-bridge/2.5.0/guice-bridge-2.5.0.jar:/home/runner/.m2/repository/org/glassfish/jersey/core/jersey-server/2.34/jersey-server-2.34.jar:/home/runner/.m2/repository/org/glassfish/jersey/core/jersey-client/2.34/jersey-client-2.34.jar:/home/runner/.m2/repository/jakarta/annotation/jakarta.annotation-api/1.3.5/jakarta.annotation-api-1.3.5.jar:/home/runner/.m2/repository/jakarta/validation/jakarta.validation-api/2.0.2/jakarta.validation-api-2.0.2.jar:/home/runner/.m2/repository/org/glassfish/jersey/media/jersey-media-json-jackson/2.34/jersey-media-json-jackson-2.34.jar:/home/runner/.m2/repository/org/glassfish/jersey/ext/jersey-entity-filtering/2.34/jersey-entity-filtering-2.34.jar:/home/runner/.m2/repository/org/jooq/jooq/3.11.10/jooq-3.11.10.jar:/home/runner/.m2/repository/org/jooq/jooq-meta/3.11.10/jooq-meta-3.11.10.jar:/home/runner/.m2/repository/org/jooq/jooq-codegen/3.11.10/jooq-codegen-3.11.10.jar:/home/runner/.m2/repository/com/jolbox/bonecp/0.8.0.RELEASE/bonecp-0.8.0.RELEASE.jar:/home/runner/.m2/repository/org/apache/derby/derby/10.14.2.0/derby-10.14.2.0.jar:/home/runner/.m2/repository/org/xerial/sqlite-jdbc/3.41.2.2/sqlite-jdbc-3.41.2.2.jar:/home/runner/.m2/repository/org/springframework/spring-jdbc/5.3.27/spring-jdbc-5.3.27.jar:/home/runner/.m2/repository/org/springframework/spring-beans/5.3.27/spring-beans-5.3.27.jar:/home/runner/.m2/repository/org/springframework/spring-core/5.3.27/spring-core-5.3.27.jar:/home/runner/.m2/repository/org/springframework/spring-tx/5.3.27/spring-tx-5.3.27.jar:/home/runner/.m2/repository/org/apache/ozone/ozone-client/1.4.0-SNAPSHOT/ozone-client-1.4.0-SNAPSHOT.jar:/home/runner/.m2/repository/org/apache/ozone/hdds-erasurecode/1.4.0-SNAPSHOT/hdds-erasurecode-1.4.0-SNAPSHOT.jar:/home/runner/.m2/repository/org/apache/ozone/ozone-filesystem/1.4.0-SNAPSHOT/ozone-filesystem-1.4.0-SNAPSHOT.jar:/home/runner/.m2/repository/org/apache/ozone/ozone-filesystem-common/1.4.0-SNAPSHOT/ozone-filesystem-common-1.4.0-SNAPSHOT.jar:/home/runner/.m2/repository/org/apache/ozone/ozone-tools/1.4.0-SNAPSHOT/ozone-tools-1.4.0-SNAPSHOT.jar:/home/runner/.m2/repository/com/amazonaws/aws-java-sdk-core/1.12.261/aws-java-sdk-core-1.12.261.jar:/home/runner/.m2/repository/org/apache/httpcomponents/httpclient/4.5.13/httpclient-4.5.13.jar:/home/runner/.m2/repository/org/apache/httpcomponents/httpcore/4.4.13/httpcore-4.4.13.jar:/home/runner/.m2/repository/software/amazon/ion/ion-java/1.0.2/ion-java-1.0.2.jar:/home/runner/.m2/repository/com/fasterxml/jackson/dataformat/jackson-dataformat-cbor/2.13.4/jackson-dataformat-cbor-2.13.4.jar:/home/runner/.m2/repository/joda-time/joda-time/2.10.6/joda-time-2.10.6.jar:/home/runner/.m2/repository/com/amazonaws/aws-java-sdk-s3/1.12.261/aws-java-sdk-s3-1.12.261.jar:/home/runner/.m2/repository/com/amazonaws/aws-java-sdk-kms/1.12.261/aws-java-sdk-kms-1.12.261.jar:/home/runner/.m2/repository/com/amazonaws/jmespath-java/1.12.261/jmespath-java-1.12.261.jar:/home/runner/.m2/repository/org/kohsuke/metainf-services/metainf-services/1.8/metainf-services-1.8.jar:/home/runner/.m2/repository/org/apache/ozone/hdds-tools/1.4.0-SNAPSHOT/hdds-tools-1.4.0-SNAPSHOT.jar:/home/runner/.m2/repository/org/apache/ratis/ratis-tools/2.5.1/ratis-tools-2.5.1.jar:/home/runner/.m2/repository/commons-cli/commons-cli/1.2/commons-cli-1.2.jar:/home/runner/.m2/repository/org/apache/commons/commons-lang3/3.7/commons-lang3-3.7.jar:/home/runner/.m2/repository/org/apache/ozone/ozone-manager/1.4.0-SNAPSHOT/ozone-manager-1.4.0-SNAPSHOT-tests.jar:/home/runner/.m2/repository/org/apache/ozone/hdds-common/1.4.0-SNAPSHOT/hdds-common-1.4.0-SNAPSHOT-tests.jar:/home/runner/.m2/repository/org/apache/ozone/hdds-hadoop-dependency-client/1.4.0-SNAPSHOT/hdds-hadoop-dependency-client-1.4.0-SNAPSHOT.jar:/home/runner/.m2/repository/info/picocli/picocli/4.6.1/picocli-4.6.1.jar:/home/runner/.m2/repository/com/fasterxml/jackson/core/jackson-annotations/2.13.4/jackson-annotations-2.13.4.jar:/home/runner/.m2/repository/org/apache/ozone/hdds-annotation-processing/1.4.0-SNAPSHOT/hdds-annotation-processing-1.4.0-SNAPSHOT.jar:/home/runner/.m2/repository/javax/annotation/javax.annotation-api/1.2/javax.annotation-api-1.2.jar:/home/runner/.m2/repository/org/apache/ratis/ratis-netty/2.5.1/ratis-netty-2.5.1.jar:/home/runner/.m2/repository/org/apache/ratis/ratis-grpc/2.5.1/ratis-grpc-2.5.1.jar:/home/runner/.m2/repository/org/apache/commons/commons-pool2/2.6.0/commons-pool2-2.6.0.jar:/home/runner/.m2/repository/org/bouncycastle/bcpkix-jdk15on/1.67/bcpkix-jdk15on-1.67.jar:/home/runner/.m2/repository/commons-validator/commons-validator/1.6/commons-validator-1.6.jar:/home/runner/.m2/repository/commons-beanutils/commons-beanutils/1.9.4/commons-beanutils-1.9.4.jar:/home/runner/.m2/repository/commons-digester/commons-digester/1.8.1/commons-digester-1.8.1.jar:/home/runner/.m2/repository/commons-collections/commons-collections/3.2.2/commons-collections-3.2.2.jar:/home/runner/.m2/repository/io/jaegertracing/jaeger-client/1.6.0/jaeger-client-1.6.0.jar:/home/runner/.m2/repository/io/jaegertracing/jaeger-thrift/1.6.0/jaeger-thrift-1.6.0.jar:/home/runner/.m2/repository/org/apache/thrift/libthrift/0.14.1/libthrift-0.14.1.jar:/home/runner/.m2/repository/io/jaegertracing/jaeger-core/1.6.0/jaeger-core-1.6.0.jar:/home/runner/.m2/repository/io/jaegertracing/jaeger-tracerresolver/1.6.0/jaeger-tracerresolver-1.6.0.jar:/home/runner/.m2/repository/io/opentracing/contrib/opentracing-tracerresolver/0.1.8/opentracing-tracerresolver-0.1.8.jar:/home/runner/.m2/repository/org/jetbrains/kotlin/kotlin-stdlib/1.6.21/kotlin-stdlib-1.6.21.jar:/home/runner/.m2/repository/org/jetbrains/annotations/13.0/annotations-13.0.jar:/home/runner/.m2/repository/io/opentracing/opentracing-util/0.33.0/opentracing-util-0.33.0.jar:/home/runner/.m2/repository/io/opentracing/opentracing-api/0.33.0/opentracing-api-0.33.0.jar:/home/runner/.m2/repository/io/opentracing/opentracing-noop/0.33.0/opentracing-noop-0.33.0.jar:/home/runner/.m2/repository/org/yaml/snakeyaml/2.0/snakeyaml-2.0.jar:/home/runner/.m2/repository/io/grpc/grpc-api/1.51.1/grpc-api-1.51.1.jar:/home/runner/.m2/repository/io/grpc/grpc-context/1.51.1/grpc-context-1.51.1.jar:/home/runner/.m2/repository/junit/junit/4.13.1/junit-4.13.1.jar:/home/runner/.m2/repository/org/hamcrest/hamcrest-core/1.3/hamcrest-core-1.3.jar:/home/runner/.m2/repository/org/junit/jupiter/junit-jupiter-api/5.8.2/junit-jupiter-api-5.8.2.jar:/home/runner/.m2/repository/org/opentest4j/opentest4j/1.2.0/opentest4j-1.2.0.jar:/home/runner/.m2/repository/org/junit/platform/junit-platform-commons/1.8.2/junit-platform-commons-1.8.2.jar:/home/runner/.m2/repository/org/apiguardian/apiguardian-api/1.1.2/apiguardian-api-1.1.2.jar:/home/runner/.m2/repository/org/junit/jupiter/junit-jupiter-params/5.8.2/junit-jupiter-params-5.8.2.jar:/home/runner/.m2/repository/org/junit/jupiter/junit-jupiter-migrationsupport/5.8.2/junit-jupiter-migrationsupport-5.8.2.jar:/home/runner/.m2/repository/org/junit/jupiter/junit-jupiter-engine/5.8.2/junit-jupiter-engine-5.8.2.jar:/home/runner/.m2/repository/org/junit/platform/junit-platform-engine/1.8.2/junit-platform-engine-1.8.2.jar:/home/runner/.m2/repository/org/junit/vintage/junit-vintage-engine/5.8.2/junit-vintage-engine-5.8.2.jar:/home/runner/.m2/repository/org/junit/platform/junit-platform-launcher/1.8.2/junit-platform-launcher-1.8.2.jar:/home/runner/.m2/repository/org/mockito/mockito-core/3.5.9/mockito-core-3.5.9.jar:/home/runner/.m2/repository/net/bytebuddy/byte-buddy/1.10.13/byte-buddy-1.10.13.jar:/home/runner/.m2/repository/net/bytebuddy/byte-buddy-agent/1.10.13/byte-buddy-agent-1.10.13.jar:/home/runner/.m2/repository/org/objenesis/objenesis/1.0/objenesis-1.0.jar:/home/runner/.m2/repository/org/apache/hadoop/hadoop-kms/3.3.6/hadoop-kms-3.3.6.jar:/home/runner/.m2/repository/org/apache/hadoop/hadoop-auth/3.3.6/hadoop-auth-3.3.6.jar:/home/runner/.m2/repository/com/nimbusds/nimbus-jose-jwt/9.8.1/nimbus-jose-jwt-9.8.1.jar:/home/runner/.m2/repository/com/github/stephenc/jcip/jcip-annotations/1.0-1/jcip-annotations-1.0-1.jar:/home/runner/.m2/repository/org/apache/zookeeper/zookeeper/3.5.6/zookeeper-3.5.6.jar:/home/runner/.m2/repository/org/apache/zookeeper/zookeeper-jute/3.5.6/zookeeper-jute-3.5.6.jar:/home/runner/.m2/repository/org/apache/yetus/audience-annotations/0.5.0/audience-annotations-0.5.0.jar:/home/runner/.m2/repository/org/apache/curator/curator-framework/4.2.0/curator-framework-4.2.0.jar:/home/runner/.m2/repository/org/apache/hadoop/thirdparty/hadoop-shaded-guava/1.1.1/hadoop-shaded-guava-1.1.1.jar:/home/runner/.m2/repository/com/sun/jersey/jersey-core/1.19/jersey-core-1.19.jar:/home/runner/.m2/repository/javax/ws/rs/jsr311-api/1.1.1/jsr311-api-1.1.1.jar:/home/runner/.m2/repository/com/sun/jersey/jersey-server/1.19/jersey-server-1.19.jar:/home/runner/.m2/repository/javax/servlet/javax.servlet-api/3.1.0/javax.servlet-api-3.1.0.jar:/home/runner/.m2/repository/org/apache/hadoop/hadoop-common/3.3.6/hadoop-common-3.3.6.jar:/home/runner/.m2/repository/org/apache/commons/commons-math3/3.1.1/commons-math3-3.1.1.jar:/home/runner/.m2/repository/commons-net/commons-net/3.9.0/commons-net-3.9.0.jar:/home/runner/.m2/repository/com/sun/jersey/jersey-servlet/1.19/jersey-servlet-1.19.jar:/home/runner/.m2/repository/com/github/pjfanning/jersey-json/1.20/jersey-json-1.20.jar:/home/runner/.m2/repository/org/codehaus/jettison/jettison/1.1/jettison-1.1.jar:/home/runner/.m2/repository/com/sun/xml/bind/jaxb-impl/2.2.3-1/jaxb-impl-2.2.3-1.jar:/home/runner/.m2/repository/com/google/re2j/re2j/1.1/re2j-1.1.jar:/home/runner/.m2/repository/com/jcraft/jsch/0.1.54/jsch-0.1.54.jar:/home/runner/.m2/repository/org/apache/curator/curator-client/4.2.0/curator-client-4.2.0.jar:/home/runner/.m2/repository/org/apache/curator/curator-recipes/5.2.0/curator-recipes-5.2.0.jar:/home/runner/.m2/repository/org/apache/kerby/kerb-core/1.0.1/kerb-core-1.0.1.jar:/home/runner/.m2/repository/org/apache/kerby/kerby-pkix/1.0.1/kerby-pkix-1.0.1.jar:/home/runner/.m2/repository/org/apache/kerby/kerby-asn1/1.0.1/kerby-asn1-1.0.1.jar:/home/runner/.m2/repository/org/apache/kerby/kerby-util/1.0.1/kerby-util-1.0.1.jar:/home/runner/.m2/repository/dnsjava/dnsjava/2.1.7/dnsjava-2.1.7.jar:/home/runner/.m2/repository/org/xerial/snappy/snappy-java/1.1.8.2/snappy-java-1.1.8.2.jar:/home/runner/.m2/repository/com/fasterxml/jackson/core/jackson-databind/2.13.4.2/jackson-databind-2.13.4.2.jar:/home/runner/.m2/repository/org/apache/hadoop/hadoop-kms/3.3.6/hadoop-kms-3.3.6-tests.jar:/home/runner/.m2/repository/org/apache/ozone/hdds-server-scm/1.4.0-SNAPSHOT/hdds-server-scm-1.4.0-SNAPSHOT-tests.jar:/home/runner/.m2/repository/org/apache/ozone/hdds-container-service/1.4.0-SNAPSHOT/hdds-container-service-1.4.0-SNAPSHOT-tests.jar:/home/runner/.m2/repository/com/github/luben/zstd-jni/1.5.2-5/zstd-jni-1.5.2-5.jar:/home/runner/.m2/repository/commons-codec/commons-codec/1.15/commons-codec-1.15.jar:/home/runner/.m2/repository/io/netty/netty-codec/4.1.94.Final/netty-codec-4.1.94.Final.jar:/home/runner/.m2/repository/io/netty/netty-handler/4.1.94.Final/netty-handler-4.1.94.Final.jar:/home/runner/.m2/repository/org/apache/ozone/hdds-hadoop-dependency-test/1.4.0-SNAPSHOT/hdds-hadoop-dependency-test-1.4.0-SNAPSHOT.jar:/home/runner/.m2/repository/org/apache/hadoop/hadoop-common/3.3.6/hadoop-common-3.3.6-tests.jar:/home/runner/.m2/repository/org/apache/hadoop/hadoop-hdfs/3.3.6/hadoop-hdfs-3.3.6-tests.jar:/home/runner/.m2/repository/org/assertj/assertj-core/3.12.2/assertj-core-3.12.2.jar:/home/runner/.m2/repository/org/apache/hadoop/hadoop-distcp/3.3.6/hadoop-distcp-3.3.6.jar:/home/runner/.m2/repository/org/apache/hadoop/hadoop-mapreduce-client-jobclient/3.3.6/hadoop-mapreduce-client-jobclient-3.3.6.jar:/home/runner/.m2/repository/org/apache/hadoop/hadoop-mapreduce-client-common/3.3.6/hadoop-mapreduce-client-common-3.3.6.jar:/home/runner/.m2/repository/org/apache/hadoop/hadoop-yarn-common/3.3.6/hadoop-yarn-common-3.3.6.jar:/home/runner/.m2/repository/org/apache/hadoop/hadoop-yarn-api/3.3.6/hadoop-yarn-api-3.3.6.jar:/home/runner/.m2/repository/com/sun/jersey/contribs/jersey-guice/1.19/jersey-guice-1.19.jar:/home/runner/.m2/repository/com/fasterxml/jackson/jaxrs/jackson-jaxrs-json-provider/2.13.4/jackson-jaxrs-json-provider-2.13.4.jar:/home/runner/.m2/repository/com/fasterxml/jackson/jaxrs/jackson-jaxrs-base/2.13.4/jackson-jaxrs-base-2.13.4.jar:/home/runner/.m2/repository/org/apache/hadoop/hadoop-yarn-client/3.3.6/hadoop-yarn-client-3.3.6.jar:/home/runner/.m2/repository/org/eclipse/jetty/websocket/websocket-client/9.4.51.v20230217/websocket-client-9.4.51.v20230217.jar:/home/runner/.m2/repository/org/eclipse/jetty/websocket/websocket-common/9.4.51.v20230217/websocket-common-9.4.51.v20230217.jar:/home/runner/.m2/repository/org/eclipse/jetty/websocket/websocket-api/9.4.51.v20230217/websocket-api-9.4.51.v20230217.jar:/home/runner/.m2/repository/org/jline/jline/3.9.0/jline-3.9.0.jar:/home/runner/.m2/repository/org/apache/hadoop/hadoop-mapreduce-client-core/3.3.6/hadoop-mapreduce-client-core-3.3.6.jar:/home/runner/.m2/repository/org/apache/avro/avro/1.7.7/avro-1.7.7.jar:/home/runner/.m2/repository/com/thoughtworks/paranamer/paranamer/2.3/paranamer-2.3.jar:/home/runner/.m2/repository/org/apache/hadoop/hadoop-annotations/3.3.6/hadoop-annotations-3.3.6.jar:/usr/lib/jvm/temurin-8-jdk-amd64/jre/../lib/tools.jar:/home/runner/.m2/repository/io/netty/netty/3.10.6.Final/netty-3.10.6.Final.jar:/home/runner/.m2/repository/org/apache/hadoop/hadoop-distcp/3.3.6/hadoop-distcp-3.3.6-tests.jar:/home/runner/.m2/repository/org/slf4j/jul-to-slf4j/1.7.36/jul-to-slf4j-1.7.36.jar:"/>
    <property name="java.vm.vendor" value="Temurin"/>
    <property name="sun.arch.data.model" value="64"/>
    <property name="test.build.dir" value="/home/runner/work/ozone/ozone/hadoop-ozone/integration-test/target/test-dir"/>
    <property name="test.cache.data" value=""/>
    <property name="java.vendor.url" value="https://adoptium.net/"/>
    <property name="user.timezone" value="Etc/UTC"/>
    <property name="java.vm.specification.version" value="1.8"/>
    <property name="os.name" value="Linux"/>
    <property name="test.build.data" value="/home/runner/work/ozone/ozone/hadoop-ozone/integration-test/target/test-dir"/>
    <property name="sun.java.launcher" value="SUN_STANDARD"/>
    <property name="sun.boot.library.path" value="/usr/lib/jvm/temurin-8-jdk-amd64/jre/lib/amd64"/>
    <property name="sun.java.command" value="/home/runner/work/ozone/ozone/hadoop-ozone/integration-test/target/surefire/surefirebooter2356251437457069060.jar /home/runner/work/ozone/ozone/hadoop-ozone/integration-test/target/surefire 2023-07-21T20-45-48_317-jvmRun1 surefire7443929942164510758tmp surefire_12671717292257413527tmp"/>
    <property name="native.lib.tmp.dir" value="/tmp"/>
    <property name="surefire.test.class.path" value="/home/runner/work/ozone/ozone/hadoop-ozone/integration-test/target/test-classes:/home/runner/work/ozone/ozone/hadoop-ozone/integration-test/target/classes:/home/runner/.m2/repository/org/apache/ozone/ozone-common/1.4.0-SNAPSHOT/ozone-common-1.4.0-SNAPSHOT.jar:/home/runner/.m2/repository/io/grpc/grpc-netty/1.51.1/grpc-netty-1.51.1.jar:/home/runner/.m2/repository/io/grpc/grpc-core/1.51.1/grpc-core-1.51.1.jar:/home/runner/.m2/repository/com/google/android/annotations/4.1.1.4/annotations-4.1.1.4.jar:/home/runner/.m2/repository/org/codehaus/mojo/animal-sniffer-annotations/1.21/animal-sniffer-annotations-1.21.jar:/home/runner/.m2/repository/com/google/errorprone/error_prone_annotations/2.2.0/error_prone_annotations-2.2.0.jar:/home/runner/.m2/repository/io/perfmark/perfmark-api/0.25.0/perfmark-api-0.25.0.jar:/home/runner/.m2/repository/io/netty/netty-codec-http2/4.1.94.Final/netty-codec-http2-4.1.94.Final.jar:/home/runner/.m2/repository/io/netty/netty-common/4.1.94.Final/netty-common-4.1.94.Final.jar:/home/runner/.m2/repository/io/netty/netty-buffer/4.1.94.Final/netty-buffer-4.1.94.Final.jar:/home/runner/.m2/repository/io/netty/netty-codec-http/4.1.94.Final/netty-codec-http-4.1.94.Final.jar:/home/runner/.m2/repository/io/netty/netty-handler-proxy/4.1.94.Final/netty-handler-proxy-4.1.94.Final.jar:/home/runner/.m2/repository/io/netty/netty-codec-socks/4.1.94.Final/netty-codec-socks-4.1.94.Final.jar:/home/runner/.m2/repository/io/netty/netty-tcnative-boringssl-static/2.0.61.Final/netty-tcnative-boringssl-static-2.0.61.Final.jar:/home/runner/.m2/repository/io/netty/netty-tcnative-classes/2.0.61.Final/netty-tcnative-classes-2.0.61.Final.jar:/home/runner/.m2/repository/io/netty/netty-tcnative-boringssl-static/2.0.61.Final/netty-tcnative-boringssl-static-2.0.61.Final-linux-x86_64.jar:/home/runner/.m2/repository/io/netty/netty-tcnative-boringssl-static/2.0.61.Final/netty-tcnative-boringssl-static-2.0.61.Final-linux-aarch_64.jar:/home/runner/.m2/repository/io/netty/netty-tcnative-boringssl-static/2.0.61.Final/netty-tcnative-boringssl-static-2.0.61.Final-osx-x86_64.jar:/home/runner/.m2/repository/io/netty/netty-tcnative-boringssl-static/2.0.61.Final/netty-tcnative-boringssl-static-2.0.61.Final-osx-aarch_64.jar:/home/runner/.m2/repository/io/netty/netty-tcnative-boringssl-static/2.0.61.Final/netty-tcnative-boringssl-static-2.0.61.Final-windows-x86_64.jar:/home/runner/.m2/repository/org/apache/commons/commons-compress/1.21/commons-compress-1.21.jar:/home/runner/.m2/repository/org/apache/ozone/hdds-common/1.4.0-SNAPSHOT/hdds-common-1.4.0-SNAPSHOT.jar:/home/runner/.m2/repository/org/apache/ozone/hdds-client/1.4.0-SNAPSHOT/hdds-client-1.4.0-SNAPSHOT.jar:/home/runner/.m2/repository/org/apache/ozone/ozone-interface-client/1.4.0-SNAPSHOT/ozone-interface-client-1.4.0-SNAPSHOT.jar:/home/runner/.m2/repository/org/apache/hadoop/hadoop-hdfs-client/3.3.6/hadoop-hdfs-client-3.3.6.jar:/home/runner/.m2/repository/com/squareup/okhttp3/okhttp/4.9.3/okhttp-4.9.3.jar:/home/runner/.m2/repository/com/squareup/okio/okio/3.4.0/okio-3.4.0.jar:/home/runner/.m2/repository/com/squareup/okio/okio-jvm/3.4.0/okio-jvm-3.4.0.jar:/home/runner/.m2/repository/org/jetbrains/kotlin/kotlin-stdlib-jdk8/1.8.0/kotlin-stdlib-jdk8-1.8.0.jar:/home/runner/.m2/repository/org/jetbrains/kotlin/kotlin-stdlib-jdk7/1.8.0/kotlin-stdlib-jdk7-1.8.0.jar:/home/runner/.m2/repository/org/jetbrains/kotlin/kotlin-stdlib-common/1.6.21/kotlin-stdlib-common-1.6.21.jar:/home/runner/.m2/repository/org/apache/ozone/hdds-test-utils/1.4.0-SNAPSHOT/hdds-test-utils-1.4.0-SNAPSHOT.jar:/home/runner/.m2/repository/com/google/guava/guava/32.0.0-jre/guava-32.0.0-jre.jar:/home/runner/.m2/repository/com/google/guava/failureaccess/1.0.1/failureaccess-1.0.1.jar:/home/runner/.m2/repository/com/google/guava/listenablefuture/9999.0-empty-to-avoid-conflict-with-guava/listenablefuture-9999.0-empty-to-avoid-conflict-with-guava.jar:/home/runner/.m2/repository/com/google/code/findbugs/jsr305/3.0.0/jsr305-3.0.0.jar:/home/runner/.m2/repository/org/checkerframework/checker-qual/3.33.0/checker-qual-3.33.0.jar:/home/runner/.m2/repository/com/google/j2objc/j2objc-annotations/2.8/j2objc-annotations-2.8.jar:/home/runner/.m2/repository/commons-io/commons-io/2.11.0/commons-io-2.11.0.jar:/home/runner/.m2/repository/commons-logging/commons-logging/1.2/commons-logging-1.2.jar:/home/runner/.m2/repository/ch/qos/reload4j/reload4j/1.2.22/reload4j-1.2.22.jar:/home/runner/.m2/repository/org/slf4j/slf4j-api/1.7.36/slf4j-api-1.7.36.jar:/home/runner/.m2/repository/org/apache/logging/log4j/log4j-api/2.17.1/log4j-api-2.17.1.jar:/home/runner/.m2/repository/org/apache/ozone/hdds-server-scm/1.4.0-SNAPSHOT/hdds-server-scm-1.4.0-SNAPSHOT.jar:/home/runner/.m2/repository/org/apache/ozone/hdds-container-service/1.4.0-SNAPSHOT/hdds-container-service-1.4.0-SNAPSHOT.jar:/home/runner/.m2/repository/org/apache/ozone/hdds-hadoop-dependency-server/1.4.0-SNAPSHOT/hdds-hadoop-dependency-server-1.4.0-SNAPSHOT.jar:/home/runner/.m2/repository/org/apache/hadoop/hadoop-hdfs/3.3.6/hadoop-hdfs-3.3.6.jar:/home/runner/.m2/repository/commons-daemon/commons-daemon/1.0.13/commons-daemon-1.0.13.jar:/home/runner/.m2/repository/org/apache/ozone/hdds-server-framework/1.4.0-SNAPSHOT/hdds-server-framework-1.4.0-SNAPSHOT.jar:/home/runner/.m2/repository/io/dropwizard/metrics/metrics-core/3.2.4/metrics-core-3.2.4.jar:/home/runner/.m2/repository/org/apache/commons/commons-text/1.10.0/commons-text-1.10.0.jar:/home/runner/.m2/repository/org/bouncycastle/bcprov-jdk15on/1.67/bcprov-jdk15on-1.67.jar:/home/runner/.m2/repository/com/google/protobuf/protobuf-java/2.5.0/protobuf-java-2.5.0.jar:/home/runner/.m2/repository/org/apache/ozone/hdds-server-framework/1.4.0-SNAPSHOT/hdds-server-framework-1.4.0-SNAPSHOT-tests.jar:/home/runner/.m2/repository/org/apache/ozone/hdds-interface-server/1.4.0-SNAPSHOT/hdds-interface-server-1.4.0-SNAPSHOT.jar:/home/runner/.m2/repository/org/apache/ozone/hdds-interface-admin/1.4.0-SNAPSHOT/hdds-interface-admin-1.4.0-SNAPSHOT.jar:/home/runner/.m2/repository/org/apache/ozone/hdds-managed-rocksdb/1.4.0-SNAPSHOT/hdds-managed-rocksdb-1.4.0-SNAPSHOT.jar:/home/runner/.m2/repository/org/rocksdb/rocksdbjni/7.7.3/rocksdbjni-7.7.3.jar:/home/runner/.m2/repository/org/slf4j/slf4j-reload4j/1.7.36/slf4j-reload4j-1.7.36.jar:/home/runner/.m2/repository/org/apache/commons/commons-configuration2/2.1.1/commons-configuration2-2.1.1.jar:/home/runner/.m2/repository/commons-fileupload/commons-fileupload/1.5/commons-fileupload-1.5.jar:/home/runner/.m2/repository/org/apache/logging/log4j/log4j-core/2.17.1/log4j-core-2.17.1.jar:/home/runner/.m2/repository/com/lmax/disruptor/3.4.2/disruptor-3.4.2.jar:/home/runner/.m2/repository/org/eclipse/jetty/jetty-util/9.4.51.v20230217/jetty-util-9.4.51.v20230217.jar:/home/runner/.m2/repository/org/eclipse/jetty/jetty-server/9.4.51.v20230217/jetty-server-9.4.51.v20230217.jar:/home/runner/.m2/repository/org/eclipse/jetty/jetty-http/9.4.51.v20230217/jetty-http-9.4.51.v20230217.jar:/home/runner/.m2/repository/org/eclipse/jetty/jetty-io/9.4.51.v20230217/jetty-io-9.4.51.v20230217.jar:/home/runner/.m2/repository/org/eclipse/jetty/jetty-servlet/9.4.51.v20230217/jetty-servlet-9.4.51.v20230217.jar:/home/runner/.m2/repository/org/eclipse/jetty/jetty-security/9.4.51.v20230217/jetty-security-9.4.51.v20230217.jar:/home/runner/.m2/repository/org/eclipse/jetty/jetty-util-ajax/9.4.51.v20230217/jetty-util-ajax-9.4.51.v20230217.jar:/home/runner/.m2/repository/org/eclipse/jetty/jetty-webapp/9.4.51.v20230217/jetty-webapp-9.4.51.v20230217.jar:/home/runner/.m2/repository/org/eclipse/jetty/jetty-xml/9.4.51.v20230217/jetty-xml-9.4.51.v20230217.jar:/home/runner/.m2/repository/org/apache/ratis/ratis-server/2.5.1/ratis-server-2.5.1.jar:/home/runner/.m2/repository/org/apache/ratis/ratis-thirdparty-misc/1.0.4/ratis-thirdparty-misc-1.0.4.jar:/home/runner/.m2/repository/org/apache/ratis/ratis-proto/2.5.1/ratis-proto-2.5.1.jar:/home/runner/.m2/repository/org/apache/ratis/ratis-common/2.5.1/ratis-common-2.5.1.jar:/home/runner/.m2/repository/org/apache/ratis/ratis-client/2.5.1/ratis-client-2.5.1.jar:/home/runner/.m2/repository/org/apache/ratis/ratis-server-api/2.5.1/ratis-server-api-2.5.1.jar:/home/runner/.m2/repository/org/apache/ratis/ratis-metrics/2.5.1/ratis-metrics-2.5.1.jar:/home/runner/.m2/repository/io/prometheus/simpleclient_dropwizard/0.7.0/simpleclient_dropwizard-0.7.0.jar:/home/runner/.m2/repository/io/prometheus/simpleclient/0.7.0/simpleclient-0.7.0.jar:/home/runner/.m2/repository/io/prometheus/simpleclient_common/0.7.0/simpleclient_common-0.7.0.jar:/home/runner/.m2/repository/com/fasterxml/jackson/datatype/jackson-datatype-jsr310/2.13.4/jackson-datatype-jsr310-2.13.4.jar:/home/runner/.m2/repository/com/fasterxml/jackson/core/jackson-core/2.13.4/jackson-core-2.13.4.jar:/home/runner/.m2/repository/com/github/spotbugs/spotbugs-annotations/3.1.12/spotbugs-annotations-3.1.12.jar:/home/runner/.m2/repository/org/apache/ozone/rocksdb-checkpoint-differ/1.4.0-SNAPSHOT/rocksdb-checkpoint-differ-1.4.0-SNAPSHOT.jar:/home/runner/.m2/repository/org/jgrapht/jgrapht-core/1.0.1/jgrapht-core-1.0.1.jar:/home/runner/.m2/repository/org/jgrapht/jgrapht-ext/1.0.1/jgrapht-ext-1.0.1.jar:/home/runner/.m2/repository/org/tinyjee/jgraphx/jgraphx/2.0.0.1/jgraphx-2.0.0.1.jar:/home/runner/.m2/repository/jgraph/jgraph/5.13.0.0/jgraph-5.13.0.0.jar:/home/runner/.m2/repository/org/antlr/antlr4-runtime/4.5.3/antlr4-runtime-4.5.3.jar:/home/runner/.m2/repository/org/awaitility/awaitility/4.2.0/awaitility-4.2.0.jar:/home/runner/.m2/repository/org/hamcrest/hamcrest/2.1/hamcrest-2.1.jar:/home/runner/.m2/repository/org/apache/ozone/ozone-manager/1.4.0-SNAPSHOT/ozone-manager-1.4.0-SNAPSHOT.jar:/home/runner/.m2/repository/org/aspectj/aspectjrt/1.9.7/aspectjrt-1.9.7.jar:/home/runner/.m2/repository/org/aspectj/aspectjweaver/1.9.7/aspectjweaver-1.9.7.jar:/home/runner/.m2/repository/org/apache/ozone/hdds-interface-client/1.4.0-SNAPSHOT/hdds-interface-client-1.4.0-SNAPSHOT.jar:/home/runner/.m2/repository/org/apache/hadoop/thirdparty/hadoop-shaded-protobuf_3_7/1.1.1/hadoop-shaded-protobuf_3_7-1.1.1.jar:/home/runner/.m2/repository/org/apache/ozone/ozone-interface-storage/1.4.0-SNAPSHOT/ozone-interface-storage-1.4.0-SNAPSHOT.jar:/home/runner/.m2/repository/org/reflections/reflections/0.9.11/reflections-0.9.11.jar:/home/runner/.m2/repository/com/sun/jersey/jersey-client/1.19/jersey-client-1.19.jar:/home/runner/.m2/repository/org/codehaus/jackson/jackson-core-asl/1.9.13/jackson-core-asl-1.9.13.jar:/home/runner/.m2/repository/org/codehaus/jackson/jackson-mapper-asl/1.9.13/jackson-mapper-asl-1.9.13.jar:/home/runner/.m2/repository/org/codehaus/jackson/jackson-jaxrs/1.9.13/jackson-jaxrs-1.9.13.jar:/home/runner/.m2/repository/org/apache/ranger/ranger-intg/2.3.0/ranger-intg-2.3.0.jar:/home/runner/.m2/repository/org/apache/ranger/ranger-plugins-common/2.3.0/ranger-plugins-common-2.3.0.jar:/home/runner/.m2/repository/commons-lang/commons-lang/2.6/commons-lang-2.6.jar:/home/runner/.m2/repository/org/apache/ranger/ranger-plugins-cred/2.3.0/ranger-plugins-cred-2.3.0.jar:/home/runner/.m2/repository/org/apache/ranger/ranger-plugins-audit/2.3.0/ranger-plugins-audit-2.3.0.jar:/home/runner/.m2/repository/org/eclipse/jetty/jetty-client/9.4.51.v20230217/jetty-client-9.4.51.v20230217.jar:/home/runner/.m2/repository/org/apache/httpcomponents/httpmime/4.5.6/httpmime-4.5.6.jar:/home/runner/.m2/repository/org/apache/httpcomponents/httpcore-nio/4.4.13/httpcore-nio-4.4.13.jar:/home/runner/.m2/repository/org/apache/httpcomponents/httpasyncclient/4.1.3/httpasyncclient-4.1.3.jar:/home/runner/.m2/repository/com/carrotsearch/hppc/0.8.0/hppc-0.8.0.jar:/home/runner/.m2/repository/org/apache/orc/orc-core/1.5.8/orc-core-1.5.8.jar:/home/runner/.m2/repository/net/java/dev/jna/jna/5.2.0/jna-5.2.0.jar:/home/runner/.m2/repository/net/java/dev/jna/jna-platform/5.2.0/jna-platform-5.2.0.jar:/home/runner/.m2/repository/com/kstruct/gethostname4j/0.0.2/gethostname4j-0.0.2.jar:/home/runner/.m2/repository/org/apache/ranger/ranger-plugin-classloader/2.3.0/ranger-plugin-classloader-2.3.0.jar:/home/runner/.m2/repository/org/apache/ozone/hdds-rocks-native/1.4.0-SNAPSHOT/hdds-rocks-native-1.4.0-SNAPSHOT.jar:/home/runner/.m2/repository/org/apache/hadoop/hadoop-minikdc/3.3.6/hadoop-minikdc-3.3.6.jar:/home/runner/.m2/repository/org/apache/kerby/kerb-simplekdc/1.0.1/kerb-simplekdc-1.0.1.jar:/home/runner/.m2/repository/org/apache/kerby/kerb-client/1.0.1/kerb-client-1.0.1.jar:/home/runner/.m2/repository/org/apache/kerby/kerby-config/1.0.1/kerby-config-1.0.1.jar:/home/runner/.m2/repository/org/apache/kerby/kerb-common/1.0.1/kerb-common-1.0.1.jar:/home/runner/.m2/repository/org/apache/kerby/kerb-crypto/1.0.1/kerb-crypto-1.0.1.jar:/home/runner/.m2/repository/org/apache/kerby/kerb-util/1.0.1/kerb-util-1.0.1.jar:/home/runner/.m2/repository/org/apache/kerby/token-provider/1.0.1/token-provider-1.0.1.jar:/home/runner/.m2/repository/org/apache/kerby/kerb-admin/1.0.1/kerb-admin-1.0.1.jar:/home/runner/.m2/repository/org/apache/kerby/kerb-server/1.0.1/kerb-server-1.0.1.jar:/home/runner/.m2/repository/org/apache/kerby/kerb-identity/1.0.1/kerb-identity-1.0.1.jar:/home/runner/.m2/repository/org/apache/kerby/kerby-xdr/1.0.1/kerby-xdr-1.0.1.jar:/home/runner/.m2/repository/org/apache/ozone/ozone-s3gateway/1.4.0-SNAPSHOT/ozone-s3gateway-1.4.0-SNAPSHOT.jar:/home/runner/.m2/repository/org/javassist/javassist/3.21.0-GA/javassist-3.21.0-GA.jar:/home/runner/.m2/repository/org/jboss/weld/servlet/weld-servlet-shaded/3.1.9.Final/weld-servlet-shaded-3.1.9.Final.jar:/home/runner/.m2/repository/org/glassfish/jersey/containers/jersey-container-servlet-core/2.34/jersey-container-servlet-core-2.34.jar:/home/runner/.m2/repository/org/glassfish/hk2/external/jakarta.inject/2.6.1/jakarta.inject-2.6.1.jar:/home/runner/.m2/repository/org/glassfish/jersey/core/jersey-common/2.34/jersey-common-2.34.jar:/home/runner/.m2/repository/jakarta/ws/rs/jakarta.ws.rs-api/2.1.6/jakarta.ws.rs-api-2.1.6.jar:/home/runner/.m2/repository/org/glassfish/jersey/ext/cdi/jersey-cdi1x/2.34/jersey-cdi1x-2.34.jar:/home/runner/.m2/repository/org/glassfish/jersey/inject/jersey-hk2/2.34/jersey-hk2-2.34.jar:/home/runner/.m2/repository/org/glassfish/hk2/hk2-locator/2.6.1/hk2-locator-2.6.1.jar:/home/runner/.m2/repository/org/glassfish/jersey/media/jersey-media-jaxb/2.34/jersey-media-jaxb-2.34.jar:/home/runner/.m2/repository/org/glassfish/hk2/osgi-resource-locator/1.0.3/osgi-resource-locator-1.0.3.jar:/home/runner/.m2/repository/org/glassfish/hk2/hk2-api/2.5.0/hk2-api-2.5.0.jar:/home/runner/.m2/repository/org/glassfish/hk2/hk2-utils/2.5.0/hk2-utils-2.5.0.jar:/home/runner/.m2/repository/org/glassfish/hk2/external/aopalliance-repackaged/2.5.0/aopalliance-repackaged-2.5.0.jar:/home/runner/.m2/repository/com/fasterxml/jackson/dataformat/jackson-dataformat-xml/2.13.4/jackson-dataformat-xml-2.13.4.jar:/home/runner/.m2/repository/org/codehaus/woodstox/stax2-api/4.2.1/stax2-api-4.2.1.jar:/home/runner/.m2/repository/com/fasterxml/woodstox/woodstox-core/5.4.0/woodstox-core-5.4.0.jar:/home/runner/.m2/repository/com/fasterxml/jackson/module/jackson-module-jaxb-annotations/2.13.4/jackson-module-jaxb-annotations-2.13.4.jar:/home/runner/.m2/repository/jakarta/xml/bind/jakarta.xml.bind-api/2.3.3/jakarta.xml.bind-api-2.3.3.jar:/home/runner/.m2/repository/jakarta/activation/jakarta.activation-api/1.2.2/jakarta.activation-api-1.2.2.jar:/home/runner/.m2/repository/javax/enterprise/cdi-api/2.0/cdi-api-2.0.jar:/home/runner/.m2/repository/javax/el/javax.el-api/3.0.0/javax.el-api-3.0.0.jar:/home/runner/.m2/repository/javax/interceptor/javax.interceptor-api/1.2/javax.interceptor-api-1.2.jar:/home/runner/.m2/repository/javax/inject/javax.inject/1/javax.inject-1.jar:/home/runner/.m2/repository/javax/xml/bind/jaxb-api/2.3.0/jaxb-api-2.3.0.jar:/home/runner/.m2/repository/org/glassfish/jaxb/jaxb-runtime/2.3.0.1/jaxb-runtime-2.3.0.1.jar:/home/runner/.m2/repository/org/glassfish/jaxb/jaxb-core/2.3.0.1/jaxb-core-2.3.0.1.jar:/home/runner/.m2/repository/org/glassfish/jaxb/txw2/2.3.0.1/txw2-2.3.0.1.jar:/home/runner/.m2/repository/com/sun/istack/istack-commons-runtime/3.0.5/istack-commons-runtime-3.0.5.jar:/home/runner/.m2/repository/org/jvnet/staxex/stax-ex/1.7.8/stax-ex-1.7.8.jar:/home/runner/.m2/repository/com/sun/xml/fastinfoset/FastInfoset/1.2.13/FastInfoset-1.2.13.jar:/home/runner/.m2/repository/javax/activation/activation/1.1.1/activation-1.1.1.jar:/home/runner/.m2/repository/io/grpc/grpc-protobuf/1.51.1/grpc-protobuf-1.51.1.jar:/home/runner/.m2/repository/com/google/api/grpc/proto-google-common-protos/2.9.0/proto-google-common-protos-2.9.0.jar:/home/runner/.m2/repository/io/grpc/grpc-protobuf-lite/1.51.1/grpc-protobuf-lite-1.51.1.jar:/home/runner/.m2/repository/io/grpc/grpc-stub/1.51.1/grpc-stub-1.51.1.jar:/home/runner/.m2/repository/io/netty/netty-transport/4.1.94.Final/netty-transport-4.1.94.Final.jar:/home/runner/.m2/repository/io/netty/netty-resolver/4.1.94.Final/netty-resolver-4.1.94.Final.jar:/home/runner/.m2/repository/org/apache/ozone/ozone-csi/1.4.0-SNAPSHOT/ozone-csi-1.4.0-SNAPSHOT.jar:/home/runner/.m2/repository/com/google/protobuf/protobuf-java-util/3.19.6/protobuf-java-util-3.19.6.jar:/home/runner/.m2/repository/com/google/code/gson/gson/2.9.0/gson-2.9.0.jar:/home/runner/.m2/repository/org/apache/ozone/hdds-config/1.4.0-SNAPSHOT/hdds-config-1.4.0-SNAPSHOT.jar:/home/runner/.m2/repository/io/netty/netty-transport-native-epoll/4.1.94.Final/netty-transport-native-epoll-4.1.94.Final-linux-x86_64.jar:/home/runner/.m2/repository/io/netty/netty-transport-classes-epoll/4.1.94.Final/netty-transport-classes-epoll-4.1.94.Final.jar:/home/runner/.m2/repository/io/netty/netty-transport-native-unix-common/4.1.94.Final/netty-transport-native-unix-common-4.1.94.Final.jar:/home/runner/.m2/repository/org/apache/ozone/ozone-recon/1.4.0-SNAPSHOT/ozone-recon-1.4.0-SNAPSHOT.jar:/home/runner/.m2/repository/org/apache/ozone/ozone-reconcodegen/1.4.0-SNAPSHOT/ozone-reconcodegen-1.4.0-SNAPSHOT.jar:/home/runner/.m2/repository/com/google/inject/guice/5.1.0/guice-5.1.0.jar:/home/runner/.m2/repository/aopalliance/aopalliance/1.0/aopalliance-1.0.jar:/home/runner/.m2/repository/com/google/inject/extensions/guice-assistedinject/5.1.0/guice-assistedinject-5.1.0.jar:/home/runner/.m2/repository/com/google/inject/extensions/guice-servlet/5.1.0/guice-servlet-5.1.0.jar:/home/runner/.m2/repository/org/glassfish/jersey/containers/jersey-container-servlet/2.34/jersey-container-servlet-2.34.jar:/home/runner/.m2/repository/org/glassfish/hk2/guice-bridge/2.5.0/guice-bridge-2.5.0.jar:/home/runner/.m2/repository/org/glassfish/jersey/core/jersey-server/2.34/jersey-server-2.34.jar:/home/runner/.m2/repository/org/glassfish/jersey/core/jersey-client/2.34/jersey-client-2.34.jar:/home/runner/.m2/repository/jakarta/annotation/jakarta.annotation-api/1.3.5/jakarta.annotation-api-1.3.5.jar:/home/runner/.m2/repository/jakarta/validation/jakarta.validation-api/2.0.2/jakarta.validation-api-2.0.2.jar:/home/runner/.m2/repository/org/glassfish/jersey/media/jersey-media-json-jackson/2.34/jersey-media-json-jackson-2.34.jar:/home/runner/.m2/repository/org/glassfish/jersey/ext/jersey-entity-filtering/2.34/jersey-entity-filtering-2.34.jar:/home/runner/.m2/repository/org/jooq/jooq/3.11.10/jooq-3.11.10.jar:/home/runner/.m2/repository/org/jooq/jooq-meta/3.11.10/jooq-meta-3.11.10.jar:/home/runner/.m2/repository/org/jooq/jooq-codegen/3.11.10/jooq-codegen-3.11.10.jar:/home/runner/.m2/repository/com/jolbox/bonecp/0.8.0.RELEASE/bonecp-0.8.0.RELEASE.jar:/home/runner/.m2/repository/org/apache/derby/derby/10.14.2.0/derby-10.14.2.0.jar:/home/runner/.m2/repository/org/xerial/sqlite-jdbc/3.41.2.2/sqlite-jdbc-3.41.2.2.jar:/home/runner/.m2/repository/org/springframework/spring-jdbc/5.3.27/spring-jdbc-5.3.27.jar:/home/runner/.m2/repository/org/springframework/spring-beans/5.3.27/spring-beans-5.3.27.jar:/home/runner/.m2/repository/org/springframework/spring-core/5.3.27/spring-core-5.3.27.jar:/home/runner/.m2/repository/org/springframework/spring-tx/5.3.27/spring-tx-5.3.27.jar:/home/runner/.m2/repository/org/apache/ozone/ozone-client/1.4.0-SNAPSHOT/ozone-client-1.4.0-SNAPSHOT.jar:/home/runner/.m2/repository/org/apache/ozone/hdds-erasurecode/1.4.0-SNAPSHOT/hdds-erasurecode-1.4.0-SNAPSHOT.jar:/home/runner/.m2/repository/org/apache/ozone/ozone-filesystem/1.4.0-SNAPSHOT/ozone-filesystem-1.4.0-SNAPSHOT.jar:/home/runner/.m2/repository/org/apache/ozone/ozone-filesystem-common/1.4.0-SNAPSHOT/ozone-filesystem-common-1.4.0-SNAPSHOT.jar:/home/runner/.m2/repository/org/apache/ozone/ozone-tools/1.4.0-SNAPSHOT/ozone-tools-1.4.0-SNAPSHOT.jar:/home/runner/.m2/repository/com/amazonaws/aws-java-sdk-core/1.12.261/aws-java-sdk-core-1.12.261.jar:/home/runner/.m2/repository/org/apache/httpcomponents/httpclient/4.5.13/httpclient-4.5.13.jar:/home/runner/.m2/repository/org/apache/httpcomponents/httpcore/4.4.13/httpcore-4.4.13.jar:/home/runner/.m2/repository/software/amazon/ion/ion-java/1.0.2/ion-java-1.0.2.jar:/home/runner/.m2/repository/com/fasterxml/jackson/dataformat/jackson-dataformat-cbor/2.13.4/jackson-dataformat-cbor-2.13.4.jar:/home/runner/.m2/repository/joda-time/joda-time/2.10.6/joda-time-2.10.6.jar:/home/runner/.m2/repository/com/amazonaws/aws-java-sdk-s3/1.12.261/aws-java-sdk-s3-1.12.261.jar:/home/runner/.m2/repository/com/amazonaws/aws-java-sdk-kms/1.12.261/aws-java-sdk-kms-1.12.261.jar:/home/runner/.m2/repository/com/amazonaws/jmespath-java/1.12.261/jmespath-java-1.12.261.jar:/home/runner/.m2/repository/org/kohsuke/metainf-services/metainf-services/1.8/metainf-services-1.8.jar:/home/runner/.m2/repository/org/apache/ozone/hdds-tools/1.4.0-SNAPSHOT/hdds-tools-1.4.0-SNAPSHOT.jar:/home/runner/.m2/repository/org/apache/ratis/ratis-tools/2.5.1/ratis-tools-2.5.1.jar:/home/runner/.m2/repository/commons-cli/commons-cli/1.2/commons-cli-1.2.jar:/home/runner/.m2/repository/org/apache/commons/commons-lang3/3.7/commons-lang3-3.7.jar:/home/runner/.m2/repository/org/apache/ozone/ozone-manager/1.4.0-SNAPSHOT/ozone-manager-1.4.0-SNAPSHOT-tests.jar:/home/runner/.m2/repository/org/apache/ozone/hdds-common/1.4.0-SNAPSHOT/hdds-common-1.4.0-SNAPSHOT-tests.jar:/home/runner/.m2/repository/org/apache/ozone/hdds-hadoop-dependency-client/1.4.0-SNAPSHOT/hdds-hadoop-dependency-client-1.4.0-SNAPSHOT.jar:/home/runner/.m2/repository/info/picocli/picocli/4.6.1/picocli-4.6.1.jar:/home/runner/.m2/repository/com/fasterxml/jackson/core/jackson-annotations/2.13.4/jackson-annotations-2.13.4.jar:/home/runner/.m2/repository/org/apache/ozone/hdds-annotation-processing/1.4.0-SNAPSHOT/hdds-annotation-processing-1.4.0-SNAPSHOT.jar:/home/runner/.m2/repository/javax/annotation/javax.annotation-api/1.2/javax.annotation-api-1.2.jar:/home/runner/.m2/repository/org/apache/ratis/ratis-netty/2.5.1/ratis-netty-2.5.1.jar:/home/runner/.m2/repository/org/apache/ratis/ratis-grpc/2.5.1/ratis-grpc-2.5.1.jar:/home/runner/.m2/repository/org/apache/commons/commons-pool2/2.6.0/commons-pool2-2.6.0.jar:/home/runner/.m2/repository/org/bouncycastle/bcpkix-jdk15on/1.67/bcpkix-jdk15on-1.67.jar:/home/runner/.m2/repository/commons-validator/commons-validator/1.6/commons-validator-1.6.jar:/home/runner/.m2/repository/commons-beanutils/commons-beanutils/1.9.4/commons-beanutils-1.9.4.jar:/home/runner/.m2/repository/commons-digester/commons-digester/1.8.1/commons-digester-1.8.1.jar:/home/runner/.m2/repository/commons-collections/commons-collections/3.2.2/commons-collections-3.2.2.jar:/home/runner/.m2/repository/io/jaegertracing/jaeger-client/1.6.0/jaeger-client-1.6.0.jar:/home/runner/.m2/repository/io/jaegertracing/jaeger-thrift/1.6.0/jaeger-thrift-1.6.0.jar:/home/runner/.m2/repository/org/apache/thrift/libthrift/0.14.1/libthrift-0.14.1.jar:/home/runner/.m2/repository/io/jaegertracing/jaeger-core/1.6.0/jaeger-core-1.6.0.jar:/home/runner/.m2/repository/io/jaegertracing/jaeger-tracerresolver/1.6.0/jaeger-tracerresolver-1.6.0.jar:/home/runner/.m2/repository/io/opentracing/contrib/opentracing-tracerresolver/0.1.8/opentracing-tracerresolver-0.1.8.jar:/home/runner/.m2/repository/org/jetbrains/kotlin/kotlin-stdlib/1.6.21/kotlin-stdlib-1.6.21.jar:/home/runner/.m2/repository/org/jetbrains/annotations/13.0/annotations-13.0.jar:/home/runner/.m2/repository/io/opentracing/opentracing-util/0.33.0/opentracing-util-0.33.0.jar:/home/runner/.m2/repository/io/opentracing/opentracing-api/0.33.0/opentracing-api-0.33.0.jar:/home/runner/.m2/repository/io/opentracing/opentracing-noop/0.33.0/opentracing-noop-0.33.0.jar:/home/runner/.m2/repository/org/yaml/snakeyaml/2.0/snakeyaml-2.0.jar:/home/runner/.m2/repository/io/grpc/grpc-api/1.51.1/grpc-api-1.51.1.jar:/home/runner/.m2/repository/io/grpc/grpc-context/1.51.1/grpc-context-1.51.1.jar:/home/runner/.m2/repository/junit/junit/4.13.1/junit-4.13.1.jar:/home/runner/.m2/repository/org/hamcrest/hamcrest-core/1.3/hamcrest-core-1.3.jar:/home/runner/.m2/repository/org/junit/jupiter/junit-jupiter-api/5.8.2/junit-jupiter-api-5.8.2.jar:/home/runner/.m2/repository/org/opentest4j/opentest4j/1.2.0/opentest4j-1.2.0.jar:/home/runner/.m2/repository/org/junit/platform/junit-platform-commons/1.8.2/junit-platform-commons-1.8.2.jar:/home/runner/.m2/repository/org/apiguardian/apiguardian-api/1.1.2/apiguardian-api-1.1.2.jar:/home/runner/.m2/repository/org/junit/jupiter/junit-jupiter-params/5.8.2/junit-jupiter-params-5.8.2.jar:/home/runner/.m2/repository/org/junit/jupiter/junit-jupiter-migrationsupport/5.8.2/junit-jupiter-migrationsupport-5.8.2.jar:/home/runner/.m2/repository/org/junit/jupiter/junit-jupiter-engine/5.8.2/junit-jupiter-engine-5.8.2.jar:/home/runner/.m2/repository/org/junit/platform/junit-platform-engine/1.8.2/junit-platform-engine-1.8.2.jar:/home/runner/.m2/repository/org/junit/vintage/junit-vintage-engine/5.8.2/junit-vintage-engine-5.8.2.jar:/home/runner/.m2/repository/org/junit/platform/junit-platform-launcher/1.8.2/junit-platform-launcher-1.8.2.jar:/home/runner/.m2/repository/org/mockito/mockito-core/3.5.9/mockito-core-3.5.9.jar:/home/runner/.m2/repository/net/bytebuddy/byte-buddy/1.10.13/byte-buddy-1.10.13.jar:/home/runner/.m2/repository/net/bytebuddy/byte-buddy-agent/1.10.13/byte-buddy-agent-1.10.13.jar:/home/runner/.m2/repository/org/objenesis/objenesis/1.0/objenesis-1.0.jar:/home/runner/.m2/repository/org/apache/hadoop/hadoop-kms/3.3.6/hadoop-kms-3.3.6.jar:/home/runner/.m2/repository/org/apache/hadoop/hadoop-auth/3.3.6/hadoop-auth-3.3.6.jar:/home/runner/.m2/repository/com/nimbusds/nimbus-jose-jwt/9.8.1/nimbus-jose-jwt-9.8.1.jar:/home/runner/.m2/repository/com/github/stephenc/jcip/jcip-annotations/1.0-1/jcip-annotations-1.0-1.jar:/home/runner/.m2/repository/org/apache/zookeeper/zookeeper/3.5.6/zookeeper-3.5.6.jar:/home/runner/.m2/repository/org/apache/zookeeper/zookeeper-jute/3.5.6/zookeeper-jute-3.5.6.jar:/home/runner/.m2/repository/org/apache/yetus/audience-annotations/0.5.0/audience-annotations-0.5.0.jar:/home/runner/.m2/repository/org/apache/curator/curator-framework/4.2.0/curator-framework-4.2.0.jar:/home/runner/.m2/repository/org/apache/hadoop/thirdparty/hadoop-shaded-guava/1.1.1/hadoop-shaded-guava-1.1.1.jar:/home/runner/.m2/repository/com/sun/jersey/jersey-core/1.19/jersey-core-1.19.jar:/home/runner/.m2/repository/javax/ws/rs/jsr311-api/1.1.1/jsr311-api-1.1.1.jar:/home/runner/.m2/repository/com/sun/jersey/jersey-server/1.19/jersey-server-1.19.jar:/home/runner/.m2/repository/javax/servlet/javax.servlet-api/3.1.0/javax.servlet-api-3.1.0.jar:/home/runner/.m2/repository/org/apache/hadoop/hadoop-common/3.3.6/hadoop-common-3.3.6.jar:/home/runner/.m2/repository/org/apache/commons/commons-math3/3.1.1/commons-math3-3.1.1.jar:/home/runner/.m2/repository/commons-net/commons-net/3.9.0/commons-net-3.9.0.jar:/home/runner/.m2/repository/com/sun/jersey/jersey-servlet/1.19/jersey-servlet-1.19.jar:/home/runner/.m2/repository/com/github/pjfanning/jersey-json/1.20/jersey-json-1.20.jar:/home/runner/.m2/repository/org/codehaus/jettison/jettison/1.1/jettison-1.1.jar:/home/runner/.m2/repository/com/sun/xml/bind/jaxb-impl/2.2.3-1/jaxb-impl-2.2.3-1.jar:/home/runner/.m2/repository/com/google/re2j/re2j/1.1/re2j-1.1.jar:/home/runner/.m2/repository/com/jcraft/jsch/0.1.54/jsch-0.1.54.jar:/home/runner/.m2/repository/org/apache/curator/curator-client/4.2.0/curator-client-4.2.0.jar:/home/runner/.m2/repository/org/apache/curator/curator-recipes/5.2.0/curator-recipes-5.2.0.jar:/home/runner/.m2/repository/org/apache/kerby/kerb-core/1.0.1/kerb-core-1.0.1.jar:/home/runner/.m2/repository/org/apache/kerby/kerby-pkix/1.0.1/kerby-pkix-1.0.1.jar:/home/runner/.m2/repository/org/apache/kerby/kerby-asn1/1.0.1/kerby-asn1-1.0.1.jar:/home/runner/.m2/repository/org/apache/kerby/kerby-util/1.0.1/kerby-util-1.0.1.jar:/home/runner/.m2/repository/dnsjava/dnsjava/2.1.7/dnsjava-2.1.7.jar:/home/runner/.m2/repository/org/xerial/snappy/snappy-java/1.1.8.2/snappy-java-1.1.8.2.jar:/home/runner/.m2/repository/com/fasterxml/jackson/core/jackson-databind/2.13.4.2/jackson-databind-2.13.4.2.jar:/home/runner/.m2/repository/org/apache/hadoop/hadoop-kms/3.3.6/hadoop-kms-3.3.6-tests.jar:/home/runner/.m2/repository/org/apache/ozone/hdds-server-scm/1.4.0-SNAPSHOT/hdds-server-scm-1.4.0-SNAPSHOT-tests.jar:/home/runner/.m2/repository/org/apache/ozone/hdds-container-service/1.4.0-SNAPSHOT/hdds-container-service-1.4.0-SNAPSHOT-tests.jar:/home/runner/.m2/repository/com/github/luben/zstd-jni/1.5.2-5/zstd-jni-1.5.2-5.jar:/home/runner/.m2/repository/commons-codec/commons-codec/1.15/commons-codec-1.15.jar:/home/runner/.m2/repository/io/netty/netty-codec/4.1.94.Final/netty-codec-4.1.94.Final.jar:/home/runner/.m2/repository/io/netty/netty-handler/4.1.94.Final/netty-handler-4.1.94.Final.jar:/home/runner/.m2/repository/org/apache/ozone/hdds-hadoop-dependency-test/1.4.0-SNAPSHOT/hdds-hadoop-dependency-test-1.4.0-SNAPSHOT.jar:/home/runner/.m2/repository/org/apache/hadoop/hadoop-common/3.3.6/hadoop-common-3.3.6-tests.jar:/home/runner/.m2/repository/org/apache/hadoop/hadoop-hdfs/3.3.6/hadoop-hdfs-3.3.6-tests.jar:/home/runner/.m2/repository/org/assertj/assertj-core/3.12.2/assertj-core-3.12.2.jar:/home/runner/.m2/repository/org/apache/hadoop/hadoop-distcp/3.3.6/hadoop-distcp-3.3.6.jar:/home/runner/.m2/repository/org/apache/hadoop/hadoop-mapreduce-client-jobclient/3.3.6/hadoop-mapreduce-client-jobclient-3.3.6.jar:/home/runner/.m2/repository/org/apache/hadoop/hadoop-mapreduce-client-common/3.3.6/hadoop-mapreduce-client-common-3.3.6.jar:/home/runner/.m2/repository/org/apache/hadoop/hadoop-yarn-common/3.3.6/hadoop-yarn-common-3.3.6.jar:/home/runner/.m2/repository/org/apache/hadoop/hadoop-yarn-api/3.3.6/hadoop-yarn-api-3.3.6.jar:/home/runner/.m2/repository/com/sun/jersey/contribs/jersey-guice/1.19/jersey-guice-1.19.jar:/home/runner/.m2/repository/com/fasterxml/jackson/jaxrs/jackson-jaxrs-json-provider/2.13.4/jackson-jaxrs-json-provider-2.13.4.jar:/home/runner/.m2/repository/com/fasterxml/jackson/jaxrs/jackson-jaxrs-base/2.13.4/jackson-jaxrs-base-2.13.4.jar:/home/runner/.m2/repository/org/apache/hadoop/hadoop-yarn-client/3.3.6/hadoop-yarn-client-3.3.6.jar:/home/runner/.m2/repository/org/eclipse/jetty/websocket/websocket-client/9.4.51.v20230217/websocket-client-9.4.51.v20230217.jar:/home/runner/.m2/repository/org/eclipse/jetty/websocket/websocket-common/9.4.51.v20230217/websocket-common-9.4.51.v20230217.jar:/home/runner/.m2/repository/org/eclipse/jetty/websocket/websocket-api/9.4.51.v20230217/websocket-api-9.4.51.v20230217.jar:/home/runner/.m2/repository/org/jline/jline/3.9.0/jline-3.9.0.jar:/home/runner/.m2/repository/org/apache/hadoop/hadoop-mapreduce-client-core/3.3.6/hadoop-mapreduce-client-core-3.3.6.jar:/home/runner/.m2/repository/org/apache/avro/avro/1.7.7/avro-1.7.7.jar:/home/runner/.m2/repository/com/thoughtworks/paranamer/paranamer/2.3/paranamer-2.3.jar:/home/runner/.m2/repository/org/apache/hadoop/hadoop-annotations/3.3.6/hadoop-annotations-3.3.6.jar:/usr/lib/jvm/temurin-8-jdk-amd64/jre/../lib/tools.jar:/home/runner/.m2/repository/io/netty/netty/3.10.6.Final/netty-3.10.6.Final.jar:/home/runner/.m2/repository/org/apache/hadoop/hadoop-distcp/3.3.6/hadoop-distcp-3.3.6-tests.jar:/home/runner/.m2/repository/org/slf4j/jul-to-slf4j/1.7.36/jul-to-slf4j-1.7.36.jar:"/>
    <property name="sun.cpu.endian" value="little"/>
    <property name="user.home" value="/home/runner"/>
    <property name="user.language" value="en"/>
    <property name="java.specification.vendor" value="Oracle Corporation"/>
    <property name="java.home" value="/usr/lib/jvm/temurin-8-jdk-amd64/jre"/>
    <property name="java.security.krb5.conf" value="/home/runner/work/ozone/ozone/hadoop-ozone/integration-test/target/test-classes/krb5.conf"/>
    <property name="basedir" value="/home/runner/work/ozone/ozone/hadoop-ozone/integration-test"/>
    <property name="file.separator" value="/"/>
    <property name="line.separator" value="&#10;"/>
    <property name="java.vm.specification.vendor" value="Oracle Corporation"/>
    <property name="java.specification.name" value="Java Platform API Specification"/>
    <property name="java.awt.graphicsenv" value="sun.awt.X11GraphicsEnvironment"/>
    <property name="skip.installnpx" value="true"/>
    <property name="surefire.real.class.path" value="/home/runner/work/ozone/ozone/hadoop-ozone/integration-test/target/surefire/surefirebooter2356251437457069060.jar:/home/runner/.m2/repository/org/jacoco/org.jacoco.agent/0.8.5/org.jacoco.agent-0.8.5-runtime.jar"/>
    <property name="hadoop.log.dir" value="/home/runner/work/ozone/ozone/hadoop-ozone/integration-test/target/log"/>
    <property name="sun.boot.class.path" value="/usr/lib/jvm/temurin-8-jdk-amd64/jre/lib/resources.jar:/usr/lib/jvm/temurin-8-jdk-amd64/jre/lib/rt.jar:/usr/lib/jvm/temurin-8-jdk-amd64/jre/lib/sunrsasign.jar:/usr/lib/jvm/temurin-8-jdk-amd64/jre/lib/jsse.jar:/usr/lib/jvm/temurin-8-jdk-amd64/jre/lib/jce.jar:/usr/lib/jvm/temurin-8-jdk-amd64/jre/lib/charsets.jar:/usr/lib/jvm/temurin-8-jdk-amd64/jre/lib/jfr.jar:/usr/lib/jvm/temurin-8-jdk-amd64/jre/classes"/>
    <property name="sun.management.compiler" value="HotSpot 64-Bit Tiered Compilers"/>
    <property name="skip.npx" value="true"/>
    <property name="java.runtime.version" value="1.8.0_372-b07"/>
    <property name="java.net.preferIPv4Stack" value="true"/>
    <property name="user.name" value="runner"/>
    <property name="path.separator" value=":"/>
    <property name="java.security.egd" value="file:///dev/urandom"/>
    <property name="os.version" value="5.15.0-1041-azure"/>
    <property name="java.endorsed.dirs" value="/usr/lib/jvm/temurin-8-jdk-amd64/jre/lib/endorsed"/>
    <property name="java.runtime.name" value="OpenJDK Runtime Environment"/>
    <property name="file.encoding" value="UTF-8"/>
    <property name="java.vm.name" value="OpenJDK 64-Bit Server VM"/>
    <property name="test.build.webapps" value=""/>
    <property name="localRepository" value="/home/runner/.m2/repository"/>
    <property name="jetty.git.hash" value="b45c405e4544384de066f814ed42ae3dceacdd49"/>
    <property name="java.vendor.url.bug" value="https://github.com/adoptium/adoptium-support/issues"/>
    <property name="java.io.tmpdir" value="/tmp"/>
    <property name="require.test.libhadoop" value=""/>
    <property name="java.version" value="1.8.0_372"/>
    <property name="user.dir" value="/home/runner/work/ozone/ozone/hadoop-ozone/integration-test"/>
    <property name="os.arch" value="amd64"/>
    <property name="java.vm.specification.name" value="Java Virtual Machine Specification"/>
    <property name="test.build.classes" value="/home/runner/work/ozone/ozone/hadoop-ozone/integration-test/target/test-classes"/>
    <property name="java.awt.printerjob" value="sun.print.PSPrinterJob"/>
    <property name="sun.os.patch.level" value="unknown"/>
    <property name="org.apache.ratis.thirdparty.io.netty.allocator.useCacheForAllThreads" value="false"/>
    <property name="hadoop.tmp.dir" value="/home/runner/work/ozone/ozone/hadoop-ozone/integration-test/target/tmp"/>
    <property name="java.library.path" value="/usr/java/packages/lib/amd64:/usr/lib64:/lib64:/lib:/usr/lib"/>
    <property name="java.vm.info" value="mixed mode"/>
    <property name="java.vendor" value="Temurin"/>
    <property name="java.vm.version" value="25.372-b07"/>
    <property name="java.specification.maintenance.version" value="4"/>
    <property name="java.ext.dirs" value="/usr/lib/jvm/temurin-8-jdk-amd64/jre/lib/ext:/usr/java/packages/lib/ext"/>
    <property name="sun.io.unicode.encoding" value="UnicodeLittle"/>
    <property name="java.class.version" value="52.0"/>
  </properties>
  <testcase name="testPipelineInfo" classname="org.apache.hadoop.ozone.scm.pipeline.TestPipelineManagerMXBean" time="24.329">
    <failure type="org.opentest4j.AssertionFailedError"><![CDATA[org.opentest4j.AssertionFailedError: expected: <0> but was: <1>
	at org.junit.jupiter.api.AssertionUtils.fail(AssertionUtils.java:55)
	at org.junit.jupiter.api.AssertionUtils.failNotEqual(AssertionUtils.java:62)
	at org.junit.jupiter.api.AssertEquals.assertEquals(AssertEquals.java:166)
	at org.junit.jupiter.api.AssertEquals.assertEquals(AssertEquals.java:161)
	at org.junit.jupiter.api.Assertions.assertEquals(Assertions.java:628)
	at org.apache.hadoop.ozone.scm.pipeline.TestPipelineManagerMXBean.verifyEquals(TestPipelineManagerMXBean.java:89)
	at org.apache.hadoop.ozone.scm.pipeline.TestPipelineManagerMXBean.testPipelineInfo(TestPipelineManagerMXBean.java:73)
	at sun.reflect.NativeMethodAccessorImpl.invoke0(Native Method)
	at sun.reflect.NativeMethodAccessorImpl.invoke(NativeMethodAccessorImpl.java:62)
	at sun.reflect.DelegatingMethodAccessorImpl.invoke(DelegatingMethodAccessorImpl.java:43)
	at java.lang.reflect.Method.invoke(Method.java:498)
	at org.junit.platform.commons.util.ReflectionUtils.invokeMethod(ReflectionUtils.java:725)
	at org.junit.jupiter.engine.execution.MethodInvocation.proceed(MethodInvocation.java:60)
	at org.junit.jupiter.engine.execution.InvocationInterceptorChain$ValidatingInvocation.proceed(InvocationInterceptorChain.java:131)
	at org.junit.jupiter.engine.extension.TimeoutInvocation.proceed(TimeoutInvocation.java:46)
	at org.junit.jupiter.engine.extension.TimeoutExtension.intercept(TimeoutExtension.java:149)
	at org.junit.jupiter.engine.extension.TimeoutExtension.interceptTestableMethod(TimeoutExtension.java:140)
	at org.junit.jupiter.engine.extension.TimeoutExtension.interceptTestMethod(TimeoutExtension.java:84)
	at org.junit.jupiter.engine.execution.ExecutableInvoker$ReflectiveInterceptorCall.lambda$ofVoidMethod$0(ExecutableInvoker.java:115)
	at org.junit.jupiter.engine.execution.ExecutableInvoker.lambda$invoke$0(ExecutableInvoker.java:105)
	at org.junit.jupiter.engine.execution.InvocationInterceptorChain$InterceptedInvocation.proceed(InvocationInterceptorChain.java:106)
	at org.junit.jupiter.engine.execution.InvocationInterceptorChain.proceed(InvocationInterceptorChain.java:64)
	at org.junit.jupiter.engine.execution.InvocationInterceptorChain.chainAndInvoke(InvocationInterceptorChain.java:45)
	at org.junit.jupiter.engine.execution.InvocationInterceptorChain.invoke(InvocationInterceptorChain.java:37)
	at org.junit.jupiter.engine.execution.ExecutableInvoker.invoke(ExecutableInvoker.java:104)
	at org.junit.jupiter.engine.execution.ExecutableInvoker.invoke(ExecutableInvoker.java:98)
	at org.junit.jupiter.engine.descriptor.TestMethodTestDescriptor.lambda$invokeTestMethod$7(TestMethodTestDescriptor.java:214)
	at org.junit.platform.engine.support.hierarchical.ThrowableCollector.execute(ThrowableCollector.java:73)
	at org.junit.jupiter.engine.descriptor.TestMethodTestDescriptor.invokeTestMethod(TestMethodTestDescriptor.java:210)
	at org.junit.jupiter.engine.descriptor.TestMethodTestDescriptor.execute(TestMethodTestDescriptor.java:135)
	at org.junit.jupiter.engine.descriptor.TestMethodTestDescriptor.execute(TestMethodTestDescriptor.java:66)
	at org.junit.platform.engine.support.hierarchical.NodeTestTask.lambda$executeRecursively$6(NodeTestTask.java:151)
	at org.junit.platform.engine.support.hierarchical.ThrowableCollector.execute(ThrowableCollector.java:73)
	at org.junit.platform.engine.support.hierarchical.NodeTestTask.lambda$executeRecursively$8(NodeTestTask.java:141)
	at org.junit.platform.engine.support.hierarchical.Node.around(Node.java:137)
	at org.junit.platform.engine.support.hierarchical.NodeTestTask.lambda$executeRecursively$9(NodeTestTask.java:139)
	at org.junit.platform.engine.support.hierarchical.ThrowableCollector.execute(ThrowableCollector.java:73)
	at org.junit.platform.engine.support.hierarchical.NodeTestTask.executeRecursively(NodeTestTask.java:138)
	at org.junit.platform.engine.support.hierarchical.NodeTestTask.execute(NodeTestTask.java:95)
	at java.util.ArrayList.forEach(ArrayList.java:1259)
	at org.junit.platform.engine.support.hierarchical.SameThreadHierarchicalTestExecutorService.invokeAll(SameThreadHierarchicalTestExecutorService.java:41)
	at org.junit.platform.engine.support.hierarchical.NodeTestTask.lambda$executeRecursively$6(NodeTestTask.java:155)
	at org.junit.platform.engine.support.hierarchical.ThrowableCollector.execute(ThrowableCollector.java:73)
	at org.junit.platform.engine.support.hierarchical.NodeTestTask.lambda$executeRecursively$8(NodeTestTask.java:141)
	at org.junit.platform.engine.support.hierarchical.Node.around(Node.java:137)
	at org.junit.platform.engine.support.hierarchical.NodeTestTask.lambda$executeRecursively$9(NodeTestTask.java:139)
	at org.junit.platform.engine.support.hierarchical.ThrowableCollector.execute(ThrowableCollector.java:73)
	at org.junit.platform.engine.support.hierarchical.NodeTestTask.executeRecursively(NodeTestTask.java:138)
	at org.junit.platform.engine.support.hierarchical.NodeTestTask.execute(NodeTestTask.java:95)
	at java.util.ArrayList.forEach(ArrayList.java:1259)
	at org.junit.platform.engine.support.hierarchical.SameThreadHierarchicalTestExecutorService.invokeAll(SameThreadHierarchicalTestExecutorService.java:41)
	at org.junit.platform.engine.support.hierarchical.NodeTestTask.lambda$executeRecursively$6(NodeTestTask.java:155)
	at org.junit.platform.engine.support.hierarchical.ThrowableCollector.execute(ThrowableCollector.java:73)
	at org.junit.platform.engine.support.hierarchical.NodeTestTask.lambda$executeRecursively$8(NodeTestTask.java:141)
	at org.junit.platform.engine.support.hierarchical.Node.around(Node.java:137)
	at org.junit.platform.engine.support.hierarchical.NodeTestTask.lambda$executeRecursively$9(NodeTestTask.java:139)
	at org.junit.platform.engine.support.hierarchical.ThrowableCollector.execute(ThrowableCollector.java:73)
	at org.junit.platform.engine.support.hierarchical.NodeTestTask.executeRecursively(NodeTestTask.java:138)
	at org.junit.platform.engine.support.hierarchical.NodeTestTask.execute(NodeTestTask.java:95)
	at org.junit.platform.engine.support.hierarchical.SameThreadHierarchicalTestExecutorService.submit(SameThreadHierarchicalTestExecutorService.java:35)
	at org.junit.platform.engine.support.hierarchical.HierarchicalTestExecutor.execute(HierarchicalTestExecutor.java:57)
	at org.junit.platform.engine.support.hierarchical.HierarchicalTestEngine.execute(HierarchicalTestEngine.java:54)
	at org.junit.platform.launcher.core.EngineExecutionOrchestrator.execute(EngineExecutionOrchestrator.java:107)
	at org.junit.platform.launcher.core.EngineExecutionOrchestrator.execute(EngineExecutionOrchestrator.java:88)
	at org.junit.platform.launcher.core.EngineExecutionOrchestrator.lambda$execute$0(EngineExecutionOrchestrator.java:54)
	at org.junit.platform.launcher.core.EngineExecutionOrchestrator.withInterceptedStreams(EngineExecutionOrchestrator.java:67)
	at org.junit.platform.launcher.core.EngineExecutionOrchestrator.execute(EngineExecutionOrchestrator.java:52)
	at org.junit.platform.launcher.core.DefaultLauncher.execute(DefaultLauncher.java:114)
	at org.junit.platform.launcher.core.DefaultLauncher.execute(DefaultLauncher.java:86)
	at org.junit.platform.launcher.core.DefaultLauncherSession$DelegatingLauncher.execute(DefaultLauncherSession.java:86)
	at org.junit.platform.launcher.core.SessionPerRequestLauncher.execute(SessionPerRequestLauncher.java:53)
	at org.apache.maven.surefire.junitplatform.JUnitPlatformProvider.execute(JUnitPlatformProvider.java:188)
	at org.apache.maven.surefire.junitplatform.JUnitPlatformProvider.invokeAllTests(JUnitPlatformProvider.java:154)
	at org.apache.maven.surefire.junitplatform.JUnitPlatformProvider.invoke(JUnitPlatformProvider.java:124)
	at org.apache.maven.surefire.booter.ForkedBooter.runSuitesInProcess(ForkedBooter.java:428)
	at org.apache.maven.surefire.booter.ForkedBooter.execute(ForkedBooter.java:162)
	at org.apache.maven.surefire.booter.ForkedBooter.run(ForkedBooter.java:562)
	at org.apache.maven.surefire.booter.ForkedBooter.main(ForkedBooter.java:548)
]]></failure>
    <system-out><![CDATA[2023-07-21 21:00:44,685 [main] WARN  server.ServerUtils (ServerUtils.java:getScmDbDir(155)) - ozone.scm.db.dirs is not configured. We recommend adding this setting. Falling back to ozone.metadata.dirs instead.
2023-07-21 21:00:44,928 [main] INFO  reflections.Reflections (Reflections.java:scan(232)) - Reflections took 163 ms to scan 7 urls, producing 160 keys and 377 values 
2023-07-21 21:00:45,092 [main] WARN  server.ServerUtils (ServerUtils.java:getScmDbDir(155)) - ozone.scm.db.dirs is not configured. We recommend adding this setting. Falling back to ozone.metadata.dirs instead.
2023-07-21 21:00:45,095 [main] INFO  ha.SCMHANodeDetails (SCMHANodeDetails.java:loadSCMHAConfig(210)) - ServiceID for StorageContainerManager is null
2023-07-21 21:00:45,103 [main] WARN  ha.SCMHANodeDetails (SCMHANodeDetails.java:validateSCMHAConfig(183)) - Invalid config ozone.scm.ratis.enable. The config was not specified, but the default value true conflicts with the expected config value false. Falling back to the expected value. Current State of SCM: SCM is running in Non-HA without Ratis Ratis SCM -> Non Ratis SCM or Non HA SCM -> HA SCM is not supported
2023-07-21 21:00:45,103 [main] INFO  ha.SCMHANodeDetails (SCMHANodeDetails.java:loadSCMHAConfig(215)) - ozone.scm.default.service.id is not defined, falling back to ozone.scm.service.ids to find serviceID for StorageContainerManager if it is HA enabled cluster
2023-07-21 21:00:45,766 [main] WARN  utils.HAUtils (HAUtils.java:getMetaDir(339)) - ozone.scm.db.dirs is not configured. We recommend adding this setting. Falling back to ozone.metadata.dirs instead.
2023-07-21 21:00:45,913 [main] WARN  db.DBStoreBuilder (DBStoreBuilder.java:applyDBDefinition(166)) - ozone.scm.db.dirs is not configured. We recommend adding this setting. Falling back to ozone.metadata.dirs instead.
2023-07-21 21:00:46,122 [main] INFO  net.NodeSchemaLoader (NodeSchemaLoader.java:loadSchemaFromFile(129)) - Loading schema from [jar:file:/home/runner/.m2/repository/org/apache/ozone/hdds-common/1.4.0-SNAPSHOT/hdds-common-1.4.0-SNAPSHOT.jar!/network-topology-default.xml]
2023-07-21 21:00:46,124 [main] INFO  net.NodeSchemaLoader (NodeSchemaLoader.java:loadSchema(176)) - Loading network topology layer schema file
2023-07-21 21:00:46,164 [main] INFO  metrics.MetricRegistries (MetricRegistriesLoader.java:load(64)) - Loaded MetricRegistries class org.apache.ratis.metrics.impl.MetricRegistriesImpl
2023-07-21 21:00:46,178 [main] INFO  upgrade.AbstractLayoutVersionManager (AbstractLayoutVersionManager.java:init(83)) - Initializing Layout version manager with metadata layout = HADOOP_PRC_PORTS_IN_DATANODEDETAILS (version = 7), software layout = HADOOP_PRC_PORTS_IN_DATANODEDETAILS (version = 7)
2023-07-21 21:00:46,356 [main] INFO  ha.SequenceIdGenerator (SequenceIdGenerator.java:upgradeToSequenceId(365)) - upgrade localId to 111677748019200000
2023-07-21 21:00:46,358 [main] INFO  ha.SequenceIdGenerator (SequenceIdGenerator.java:upgradeToSequenceId(375)) - upgrade delTxnId to 0
2023-07-21 21:00:46,385 [main] INFO  ha.SequenceIdGenerator (SequenceIdGenerator.java:upgradeToSequenceId(392)) - upgrade containerId to 0
2023-07-21 21:00:46,388 [main] INFO  ha.SequenceIdGenerator (SequenceIdGenerator.java:upgradeToSequenceId(428)) - upgrade rootCertificateId to 1
2023-07-21 21:00:46,390 [main] INFO  ha.SequenceIdGenerator (SequenceIdGenerator.java:<init>(236)) - Init the HA SequenceIdGenerator.
2023-07-21 21:00:46,440 [main] WARN  server.ServerUtils (ServerUtils.java:sanitizeUserArgs(80)) - ozone.scm.stale.node.interval value = 300000 is larger than max = 100000 based on the key value of ozone.scm.heartbeat.thread.interval, reset to the max value 100000.
2023-07-21 21:00:46,441 [main] WARN  server.ServerUtils (ServerUtils.java:sanitizeUserArgs(80)) - ozone.scm.stale.node.interval value = 300000 is larger than max = 100000 based on the key value of ozone.scm.heartbeat.thread.interval, reset to the max value 100000.
2023-07-21 21:00:46,447 [main] INFO  node.SCMNodeManager (SCMNodeManager.java:<init>(157)) - Entering startup safe mode.
2023-07-21 21:00:46,463 [main] INFO  algorithms.ContainerPlacementPolicyFactory (ContainerPlacementPolicyFactory.java:getPolicyInternal(86)) - Create container placement policy of type org.apache.hadoop.hdds.scm.container.placement.algorithms.SCMContainerPlacementRackAware
2023-07-21 21:00:46,466 [main] INFO  algorithms.ContainerPlacementPolicyFactory (ContainerPlacementPolicyFactory.java:getPolicyInternal(86)) - Create container placement policy of type org.apache.hadoop.hdds.scm.container.placement.algorithms.SCMContainerPlacementRackScatter
2023-07-21 21:00:46,475 [main] INFO  pipeline.PipelineStateManagerImpl (PipelineStateManagerImpl.java:initialize(78)) - No pipeline exists in current db
2023-07-21 21:00:46,488 [main] INFO  algorithms.LeaderChoosePolicyFactory (LeaderChoosePolicyFactory.java:getPolicy(57)) - Create leader choose policy of type org.apache.hadoop.hdds.scm.pipeline.leader.choose.algorithms.MinLeaderCountChoosePolicy
2023-07-21 21:00:46,488 [main] INFO  algorithms.ContainerPlacementPolicyFactory (ContainerPlacementPolicyFactory.java:getPolicyInternal(86)) - Create container placement policy of type org.apache.hadoop.hdds.scm.container.placement.algorithms.SCMContainerPlacementRackScatter
2023-07-21 21:00:46,494 [main] INFO  ha.SCMServiceManager (SCMServiceManager.java:register(42)) - Registering service BackgroundPipelineCreator.
2023-07-21 21:00:46,494 [main] INFO  pipeline.BackgroundPipelineCreator (BackgroundPipelineCreator.java:start(124)) - Starting RatisPipelineUtilsThread.
2023-07-21 21:00:46,500 [main] INFO  BackgroundPipelineScrubber (BackgroundSCMService.java:start(68)) - Starting BackgroundPipelineScrubber Service.
2023-07-21 21:00:46,500 [main] INFO  ha.SCMServiceManager (SCMServiceManager.java:register(42)) - Registering service BackgroundPipelineScrubber.
2023-07-21 21:00:46,507 [main] INFO  ExpiredContainerReplicaOpScrubber (BackgroundSCMService.java:start(68)) - Starting ExpiredContainerReplicaOpScrubber Service.
2023-07-21 21:00:46,507 [main] INFO  ha.SCMServiceManager (SCMServiceManager.java:register(42)) - Registering service ExpiredContainerReplicaOpScrubber.
2023-07-21 21:00:46,529 [main] INFO  algorithms.PipelineChoosePolicyFactory (PipelineChoosePolicyFactory.java:createPipelineChoosePolicyFromClass(78)) - Create pipeline choose policy of type org.apache.hadoop.hdds.scm.pipeline.choose.algorithms.RandomPipelineChoosePolicy
2023-07-21 21:00:46,530 [main] INFO  algorithms.PipelineChoosePolicyFactory (PipelineChoosePolicyFactory.java:createPipelineChoosePolicyFromClass(78)) - Create pipeline choose policy of type org.apache.hadoop.hdds.scm.pipeline.choose.algorithms.RandomPipelineChoosePolicy
2023-07-21 21:00:46,550 [main] INFO  ha.SCMServiceManager (SCMServiceManager.java:register(42)) - Registering service SCMBlockDeletingService.
2023-07-21 21:00:46,604 [main] INFO  replication.ReplicationManager (ReplicationManager.java:start(286)) - Starting Replication Monitor Thread.
2023-07-21 21:00:46,621 [main] INFO  ha.SCMServiceManager (SCMServiceManager.java:register(42)) - Registering service ReplicationManager.
2023-07-21 21:00:46,626 [ReplicationMonitor] INFO  replication.ReplicationManager (ReplicationManager.java:processAll(361)) - Replication Manager is not ready to run until 3000ms after safemode exit
2023-07-21 21:00:46,632 [main] INFO  safemode.ContainerSafeModeRule (ContainerSafeModeRule.java:<init>(89)) - containers with one replica threshold count 0
2023-07-21 21:00:46,636 [main] INFO  safemode.HealthyPipelineSafeModeRule (HealthyPipelineSafeModeRule.java:initializeRule(169)) - Total pipeline count is 0, healthy pipeline threshold count is 1
2023-07-21 21:00:46,638 [main] INFO  safemode.OneReplicaPipelineSafeModeRule (OneReplicaPipelineSafeModeRule.java:initializeRule(180)) - Total pipeline count is 0, pipeline's with at least one datanode reported threshold count is 0
2023-07-21 21:00:46,682 [main] INFO  server.StorageContainerManager (StorageContainerManager.java:<init>(424)) - SCM start with adminUsers: [runner]
2023-07-21 21:00:47,049 [main] INFO  audit.AuditLogger (AuditLogger.java:refreshDebugCmdSet(126)) - Refresh DebugCmdSet for SCMAudit to [].
2023-07-21 21:00:47,086 [main] INFO  ipc.CallQueueManager (CallQueueManager.java:<init>(90)) - Using callQueue: class java.util.concurrent.LinkedBlockingQueue, queueCapacity: 2000, scheduler: class org.apache.hadoop.ipc.DefaultRpcScheduler, ipcBackoff: false.
2023-07-21 21:00:47,123 [main] INFO  ipc.Server (Server.java:<init>(1287)) - Listener at 0.0.0.0:15002
2023-07-21 21:00:47,127 [Socket Reader #1 for port 15002] INFO  ipc.Server (Server.java:run(1323)) - Starting Socket Reader #1 for port 15002
2023-07-21 21:00:47,185 [main] INFO  audit.AuditLogger (AuditLogger.java:refreshDebugCmdSet(126)) - Refresh DebugCmdSet for SCMAudit to [].
2023-07-21 21:00:47,190 [main] INFO  ipc.CallQueueManager (CallQueueManager.java:<init>(90)) - Using callQueue: class java.util.concurrent.LinkedBlockingQueue, queueCapacity: 2000, scheduler: class org.apache.hadoop.ipc.DefaultRpcScheduler, ipcBackoff: false.
2023-07-21 21:00:47,191 [main] INFO  ipc.Server (Server.java:<init>(1287)) - Listener at 0.0.0.0:15001
2023-07-21 21:00:47,194 [Socket Reader #1 for port 15001] INFO  ipc.Server (Server.java:run(1323)) - Starting Socket Reader #1 for port 15001
2023-07-21 21:00:47,233 [main] INFO  audit.AuditLogger (AuditLogger.java:refreshDebugCmdSet(126)) - Refresh DebugCmdSet for SCMAudit to [].
2023-07-21 21:00:47,245 [main] INFO  ipc.CallQueueManager (CallQueueManager.java:<init>(90)) - Using callQueue: class java.util.concurrent.LinkedBlockingQueue, queueCapacity: 2000, scheduler: class org.apache.hadoop.ipc.DefaultRpcScheduler, ipcBackoff: false.
2023-07-21 21:00:47,245 [main] INFO  ipc.Server (Server.java:<init>(1287)) - Listener at 0.0.0.0:15000
2023-07-21 21:00:47,246 [Socket Reader #1 for port 15000] INFO  ipc.Server (Server.java:run(1323)) - Starting Socket Reader #1 for port 15000
2023-07-21 21:00:47,293 [main] INFO  ha.SCMServiceManager (SCMServiceManager.java:register(42)) - Registering service ContainerBalancer.
2023-07-21 21:00:47,296 [main] INFO  server.StorageContainerManager (StorageContainerManager.java:<init>(437)) - 
Container Balancer status:
Key                            Value
Running                        false
Container Balancer Configuration values:
Key                                                Value
Threshold                                          10
Max Datanodes to Involve per Iteration(percent)    20
Max Size to Move per Iteration                     500GB
Max Size Entering Target per Iteration             26GB
Max Size Leaving Source per Iteration              26GB

2023-07-21 21:00:47,296 [main] INFO  ha.SCMContext (SCMContext.java:updateSafeModeStatus(228)) - Update SafeModeStatus from SafeModeStatus{safeModeStatus=true, preCheckPassed=false} to SafeModeStatus{safeModeStatus=true, preCheckPassed=false}.
2023-07-21 21:00:47,306 [main] INFO  server.StorageContainerManager (StorageContainerManager.java:start(1491)) - StorageContainerLocationProtocol RPC server is listening at /0.0.0.0:15000
2023-07-21 21:00:47,378 [main] WARN  impl.MetricsConfig (MetricsConfig.java:loadFirst(136)) - Cannot locate configuration: tried hadoop-metrics2-storagecontainermanager.properties,hadoop-metrics2.properties
2023-07-21 21:00:47,393 [main] INFO  impl.MetricsSystemImpl (MetricsSystemImpl.java:startTimer(378)) - Scheduled Metric snapshot period at 10 second(s).
2023-07-21 21:00:47,393 [main] INFO  impl.MetricsSystemImpl (MetricsSystemImpl.java:start(191)) - StorageContainerManager metrics system started
2023-07-21 21:00:47,662 [main] INFO  server.SCMClientProtocolServer (SCMClientProtocolServer.java:start(200)) - RPC server for Client  is listening at /0.0.0.0:15000
2023-07-21 21:00:47,663 [IPC Server Responder] INFO  ipc.Server (Server.java:run(1562)) - IPC Server Responder: starting
2023-07-21 21:00:47,665 [IPC Server listener on 15000] INFO  ipc.Server (Server.java:run(1402)) - IPC Server listener on 15000: starting
2023-07-21 21:00:47,677 [main] INFO  server.StorageContainerManager (StorageContainerManager.java:start(1504)) - ScmBlockLocationProtocol RPC server is listening at /0.0.0.0:15001
2023-07-21 21:00:47,678 [main] INFO  server.SCMBlockProtocolServer (SCMBlockProtocolServer.java:start(152)) - RPC server for Block Protocol is listening at /0.0.0.0:15001
2023-07-21 21:00:47,691 [IPC Server Responder] INFO  ipc.Server (Server.java:run(1562)) - IPC Server Responder: starting
2023-07-21 21:00:47,694 [IPC Server listener on 15001] INFO  ipc.Server (Server.java:run(1402)) - IPC Server listener on 15001: starting
2023-07-21 21:00:47,702 [main] INFO  server.SCMDatanodeProtocolServer (SCMDatanodeProtocolServer.java:start(193)) - ScmDatanodeProtocol RPC server for DataNodes is listening at /0.0.0.0:15002
2023-07-21 21:00:47,703 [IPC Server Responder] INFO  ipc.Server (Server.java:run(1562)) - IPC Server Responder: starting
2023-07-21 21:00:47,703 [IPC Server listener on 15002] INFO  ipc.Server (Server.java:run(1402)) - IPC Server listener on 15002: starting
2023-07-21 21:00:47,726 [JvmPauseMonitor0] INFO  util.JvmPauseMonitor (JvmPauseMonitor.java:run(103)) - JvmPauseMonitor-5e74f777-eef9-490a-a21d-1dfd987fb4b6: Started
2023-07-21 21:00:47,737 [main] INFO  http.BaseHttpServer (BaseHttpServer.java:newHttpServer2BuilderForOzone(224)) - Starting Web-server for scm at: http://0.0.0.0:15003
2023-07-21 21:00:47,737 [main] INFO  http.BaseHttpServer (BaseHttpServer.java:<init>(111)) - Hadoop Security Enabled: false Ozone Security Enabled: false Ozone HTTP Security Enabled: false 
2023-07-21 21:00:47,761 [main] INFO  util.log (Log.java:initialized(170)) - Logging initialized @4490ms to org.eclipse.jetty.util.log.Slf4jLog
2023-07-21 21:00:47,844 [main] WARN  server.AuthenticationFilter (AuthenticationFilter.java:constructSecretProvider(240)) - Unable to initialize FileSignerSecretProvider, falling back to use random secrets. Reason: Could not read signature secret file: /home/runner/hadoop-http-auth-signature-secret
2023-07-21 21:00:47,850 [main] INFO  http.HttpRequestLog (HttpRequestLog.java:getRequestLog(86)) - Http request log for http.requests.scm is not defined
2023-07-21 21:00:47,856 [main] INFO  http.HttpServer2 (HttpServer2.java:addGlobalFilter(1031)) - Added global filter 'safety' (class=org.apache.hadoop.hdds.server.http.HttpServer2$QuotingInputFilter)
2023-07-21 21:00:47,858 [main] INFO  http.HttpServer2 (HttpServer2.java:addFilter(1007)) - Added filter static_user_filter (class=org.apache.hadoop.http.lib.StaticUserWebFilter$StaticUserFilter) to context scm
2023-07-21 21:00:47,858 [main] INFO  http.HttpServer2 (HttpServer2.java:addFilter(1015)) - Added filter static_user_filter (class=org.apache.hadoop.http.lib.StaticUserWebFilter$StaticUserFilter) to context logs
2023-07-21 21:00:47,859 [main] INFO  http.HttpServer2 (HttpServer2.java:addFilter(1015)) - Added filter static_user_filter (class=org.apache.hadoop.http.lib.StaticUserWebFilter$StaticUserFilter) to context static
2023-07-21 21:00:47,892 [main] INFO  http.BaseHttpServer (BaseHttpServer.java:<init>(190)) - HTTP server of scm uses base directory /home/runner/work/ozone/ozone/hadoop-ozone/integration-test/target/test-dir/MiniOzoneClusterImpl-b68b6c12-fe62-42d1-a50b-75b7569d3ce9/ozone-meta/webserver
2023-07-21 21:00:47,893 [main] INFO  http.HttpServer2 (HttpServer2.java:bindListener(1250)) - Jetty bound to port 15003
2023-07-21 21:00:47,894 [main] INFO  server.Server (Server.java:doStart(375)) - jetty-9.4.51.v20230217; built: 2023-02-17T08:19:37.309Z; git: b45c405e4544384de066f814ed42ae3dceacdd49; jvm 1.8.0_372-b07
2023-07-21 21:00:47,921 [main] INFO  server.session (DefaultSessionIdManager.java:doStart(334)) - DefaultSessionIdManager workerName=node0
2023-07-21 21:00:47,922 [main] INFO  server.session (DefaultSessionIdManager.java:doStart(339)) - No SessionScavenger set, using defaults
2023-07-21 21:00:47,924 [main] INFO  server.session (HouseKeeper.java:startScavenging(132)) - node0 Scavenging every 600000ms
2023-07-21 21:00:47,947 [main] INFO  handler.ContextHandler (ContextHandler.java:doStart(921)) - Started o.e.j.s.ServletContextHandler@56897de0{logs,/logs,file:///home/runner/work/ozone/ozone/hadoop-ozone/integration-test/target/log,AVAILABLE}
2023-07-21 21:00:47,949 [main] INFO  handler.ContextHandler (ContextHandler.java:doStart(921)) - Started o.e.j.s.ServletContextHandler@696a6506{static,/static,file:///home/runner/work/ozone/ozone/hadoop-ozone/integration-test/target/test-classes/webapps/static,AVAILABLE}
2023-07-21 21:00:47,991 [main] INFO  handler.ContextHandler (ContextHandler.java:doStart(921)) - Started o.e.j.w.WebAppContext@5bbeb9e3{scm,/,file:///home/runner/work/ozone/ozone/hadoop-ozone/integration-test/target/test-classes/webapps/scm/,AVAILABLE}{file:/home/runner/work/ozone/ozone/hadoop-ozone/integration-test/target/test-classes/webapps/scm}
2023-07-21 21:00:47,999 [main] INFO  server.AbstractConnector (AbstractConnector.java:doStart(333)) - Started ServerConnector@7d0e46dd{HTTP/1.1, (http/1.1)}{0.0.0.0:15003}
2023-07-21 21:00:48,000 [main] INFO  server.Server (Server.java:doStart(415)) - Started @4730ms
2023-07-21 21:00:48,003 [main] INFO  impl.MetricsSinkAdapter (MetricsSinkAdapter.java:start(204)) - Sink prometheus started
2023-07-21 21:00:48,003 [main] INFO  impl.MetricsSystemImpl (MetricsSystemImpl.java:registerSink(305)) - Registered sink prometheus
2023-07-21 21:00:48,004 [main] INFO  http.BaseHttpServer (BaseHttpServer.java:updateConnectorAddress(344)) - HTTP server of scm listening at http://0.0.0.0:15003
2023-07-21 21:00:48,008 [main] WARN  server.ServerUtils (ServerUtils.java:getDBPath(311)) - ozone.om.db.dirs is not configured. We recommend adding this setting. Falling back to ozone.metadata.dirs instead.
2023-07-21 21:00:48,068 [main] INFO  audit.AuditLogger (AuditLogger.java:refreshDebugCmdSet(126)) - Refresh DebugCmdSet for OMAudit to [].
2023-07-21 21:00:48,153 [main] INFO  ha.OMHANodeDetails (OMHANodeDetails.java:loadOMHAConfig(115)) - ozone.om.internal.service.id is not defined, falling back to ozone.om.service.ids to find serviceID for OzoneManager if it is HA enabled cluster
2023-07-21 21:00:48,157 [main] INFO  ha.OMHANodeDetails (OMHANodeDetails.java:loadOMHAConfig(226)) - Configuration does not have ozone.om.address set. Falling back to the default OM address /127.0.0.1:15004
2023-07-21 21:00:48,157 [main] INFO  ha.OMHANodeDetails (OMHANodeDetails.java:getOMNodeDetailsForNonHA(254)) - OM Service ID is not set. Setting it to the default ID: omServiceIdDefault
2023-07-21 21:00:48,157 [main] INFO  ha.OMHANodeDetails (OMHANodeDetails.java:getOMNodeDetailsForNonHA(261)) - OM Node ID is not set. Setting it to the default ID: om1
2023-07-21 21:00:48,162 [main] WARN  server.ServerUtils (ServerUtils.java:getDBPath(311)) - ozone.om.db.dirs is not configured. We recommend adding this setting. Falling back to ozone.metadata.dirs instead.
2023-07-21 21:00:48,165 [main] INFO  upgrade.AbstractLayoutVersionManager (AbstractLayoutVersionManager.java:init(83)) - Initializing Layout version manager with metadata layout = QUOTA (version = 6), software layout = QUOTA (version = 6)
2023-07-21 21:00:48,264 [main] INFO  reflections.Reflections (Reflections.java:scan(232)) - Reflections took 95 ms to scan 2 urls, producing 188 keys and 512 values [using 2 cores]
2023-07-21 21:00:48,272 [main] INFO  upgrade.OMLayoutVersionManager (OMLayoutVersionManager.java:lambda$0(115)) - Skipping Upgrade Action QuotaRepairUpgradeAction since it has been finalized.
2023-07-21 21:00:48,274 [main] INFO  upgrade.OMLayoutVersionManager (OMLayoutVersionManager.java:lambda$0(115)) - Skipping Upgrade Action MockOmUpgradeAction since it has been finalized.
2023-07-21 21:00:48,277 [main] WARN  server.ServerUtils (ServerUtils.java:getDBPath(311)) - ozone.om.db.dirs is not configured. We recommend adding this setting. Falling back to ozone.metadata.dirs instead.
2023-07-21 21:00:48,487 [main] INFO  proxy.SCMBlockLocationFailoverProxyProvider (SCMBlockLocationFailoverProxyProvider.java:<init>(114)) - Created block location fail-over proxy with 1 nodes: [nodeId=scmNodeId,nodeAddress=/0.0.0.0:15001]
2023-07-21 21:00:48,520 [main] INFO  proxy.SCMBlockLocationFailoverProxyProvider (SCMBlockLocationFailoverProxyProvider.java:<init>(114)) - Created block location fail-over proxy with 1 nodes: [nodeId=scmNodeId,nodeAddress=/0.0.0.0:15001]
2023-07-21 21:00:48,768 [main] INFO  om.OzoneManager (OzoneManager.java:<init>(663)) - OM start with adminUsers: [runner]
2023-07-21 21:00:48,798 [main] WARN  server.ServerUtils (ServerUtils.java:getDBPath(311)) - ozone.om.db.dirs is not configured. We recommend adding this setting. Falling back to ozone.metadata.dirs instead.
2023-07-21 21:00:48,829 [main] INFO  helpers.OmKeyInfo (OmKeyInfo.java:getCodec(71)) - OmKeyInfo.getCodec ignorePipeline = true
2023-07-21 21:00:49,124 [main] INFO  om.OzoneManager (OzoneManager.java:instantiateServices(792)) - S3 Multi-Tenancy is disabled
2023-07-21 21:00:49,159 [main] INFO  om.OmSnapshotManager (OmSnapshotManager.java:<init>(175)) - Ozone filesystem snapshot feature is enabled.
2023-07-21 21:00:49,170 [main] WARN  server.ServerUtils (ServerUtils.java:getDBPath(311)) - ozone.om.snapshot.diff.db.dir is not configured. We recommend adding this setting. Falling back to ozone.metadata.dirs instead.
2023-07-21 21:00:49,215 [main] INFO  utils.NativeLibraryLoader (NativeLibraryLoader.java:loadLibrary(105)) - Loading Library: ozone_rocksdb_tools
2023-07-21 21:00:49,217 [main] INFO  snapshot.SnapshotDiffManager (SnapshotDiffManager.java:closeExecutorService(1720)) - Shutting down executorService: 'SstDumpToolExecutor'
2023-07-21 21:00:49,292 [main] INFO  om.OzoneManager (OzoneManager.java:addS3GVolumeToDB(4298)) - Created Volume s3v With Owner runner required for S3Gateway operations.
2023-07-21 21:00:49,383 [main] WARN  server.ServerUtils (ServerUtils.java:getDefaultRatisDirectory(323)) - Storage directory for Ratis is not configured. It is a good idea to map this to an SSD disk. Falling back to ozone.metadata.dirs
2023-07-21 21:00:49,384 [main] WARN  utils.OzoneManagerRatisUtils (OzoneManagerRatisUtils.java:getOMRatisSnapshotDirectory(461)) - ozone.om.ratis.snapshot.dir is not configured. Falling back to ozone.metadata.dirs config
2023-07-21 21:00:49,400 [main] WARN  server.ServerUtils (ServerUtils.java:getDefaultRatisDirectory(323)) - Storage directory for Ratis is not configured. It is a good idea to map this to an SSD disk. Falling back to ozone.metadata.dirs
2023-07-21 21:00:49,431 [main] INFO  ratis.OzoneManagerRatisServer (OzoneManagerRatisServer.java:<init>(163)) - Instantiating OM Ratis server with groupID: omServiceIdDefault and peers: localhost:15007
2023-07-21 21:00:49,442 [main] INFO  ratis.OzoneManagerStateMachine (OzoneManagerStateMachine.java:loadSnapshotInfoFromDB(670)) - LastAppliedIndex is set from TransactionInfo from OM DB as (t:0, i:~)
2023-07-21 21:00:49,515 [main] INFO  server.RaftServer (ConfUtils.java:logGet(46)) - raft.rpc.type = GRPC (default)
2023-07-21 21:00:49,527 [main] INFO  grpc.GrpcConfigKeys (ConfUtils.java:logFallback(53)) - raft.grpc.admin.host = null (fallback to raft.grpc.server.host)
2023-07-21 21:00:49,529 [main] INFO  grpc.GrpcConfigKeys (ConfUtils.java:logFallback(53)) - raft.grpc.admin.port = 15007 (fallback to raft.grpc.server.port)
2023-07-21 21:00:49,530 [main] INFO  grpc.GrpcConfigKeys (ConfUtils.java:logFallback(53)) - raft.grpc.client.host = null (fallback to raft.grpc.server.host)
2023-07-21 21:00:49,531 [main] INFO  grpc.GrpcConfigKeys (ConfUtils.java:logFallback(53)) - raft.grpc.client.port = 15007 (fallback to raft.grpc.server.port)
2023-07-21 21:00:49,531 [main] INFO  grpc.GrpcConfigKeys (ConfUtils.java:logGet(46)) - raft.grpc.server.host = null (default)
2023-07-21 21:00:49,532 [main] INFO  grpc.GrpcConfigKeys (ConfUtils.java:logGet(46)) - raft.grpc.server.port = 15007 (custom)
2023-07-21 21:00:49,533 [main] INFO  server.GrpcService (ConfUtils.java:logGet(46)) - raft.grpc.message.size.max = 33554432 (custom)
2023-07-21 21:00:49,534 [main] INFO  server.RaftServerConfigKeys (ConfUtils.java:logGet(46)) - raft.server.log.appender.buffer.byte-limit = 33554432 (custom)
2023-07-21 21:00:49,534 [main] INFO  server.GrpcService (ConfUtils.java:logGet(46)) - raft.grpc.flow.control.window = 1MB (=1048576) (default)
2023-07-21 21:00:49,535 [main] INFO  server.RaftServerConfigKeys (ConfUtils.java:logGet(46)) - raft.server.rpc.request.timeout = 3000ms (default)
2023-07-21 21:00:49,548 [main] INFO  grpc.GrpcConfigKeys (ConfUtils.java:logGet(46)) - raft.grpc.server.heartbeat.channel = true (default)
2023-07-21 21:00:49,555 [main] INFO  grpc.GrpcConfigKeys (ConfUtils.java:logGet(46)) - raft.grpc.server.async.request.thread.pool.cached = true (default)
2023-07-21 21:00:49,556 [main] INFO  grpc.GrpcConfigKeys (ConfUtils.java:logGet(46)) - raft.grpc.server.async.request.thread.pool.size = 32 (default)
2023-07-21 21:00:49,768 [main] INFO  impl.DataStreamServerImpl (ConfUtils.java:logGet(46)) - raft.datastream.type = DISABLED (default)
2023-07-21 21:00:49,771 [main] INFO  server.RaftServerConfigKeys (ConfUtils.java:logGet(46)) - raft.server.threadpool.proxy.cached = true (default)
2023-07-21 21:00:49,772 [main] INFO  server.RaftServerConfigKeys (ConfUtils.java:logGet(46)) - raft.server.threadpool.proxy.size = 0 (default)
2023-07-21 21:00:49,772 [main] INFO  server.RaftServerConfigKeys (ConfUtils.java:logGet(46)) - raft.server.rpc.slowness.timeout = 120s (custom)
2023-07-21 21:00:49,772 [main] INFO  server.RaftServerConfigKeys (ConfUtils.java:logGet(46)) - raft.server.leaderelection.leader.step-down.wait-time = 10s (default)
2023-07-21 21:00:49,774 [main] INFO  server.RaftServerConfigKeys (ConfUtils.java:logGet(46)) - raft.server.storage.dir = [/home/runner/work/ozone/ozone/hadoop-ozone/integration-test/target/test-dir/MiniOzoneClusterImpl-b68b6c12-fe62-42d1-a50b-75b7569d3ce9/ozone-meta/ratis] (custom)
2023-07-21 21:00:49,781 [main] INFO  server.RaftServer (RaftServerProxy.java:addNew(98)) - om1: addNew group-C5BA1605619E:[om1|rpc:localhost:15007|priority:0|startupRole:FOLLOWER] returns group-C5BA1605619E:java.util.concurrent.CompletableFuture@390e6f21[Not completed]
2023-07-21 21:00:49,781 [main] INFO  om.OzoneManager (OzoneManager.java:initializeRatisServer(2139)) - OzoneManager Ratis server initialized at port 15007
2023-07-21 21:00:49,784 [main] INFO  om.OzoneManager (OzoneManager.java:getRpcServer(1194)) - Creating RPC Server
2023-07-21 21:00:49,963 [om1-groupManagement] INFO  server.RaftServer$Division (RaftServerImpl.java:<init>(198)) - om1: new RaftServerImpl for group-C5BA1605619E:[om1|rpc:localhost:15007|priority:0|startupRole:FOLLOWER] with OzoneManagerStateMachine:uninitialized
2023-07-21 21:00:49,966 [om1-groupManagement] INFO  server.RaftServerConfigKeys (ConfUtils.java:logGet(46)) - raft.server.rpc.timeout.min = 1s (custom)
2023-07-21 21:00:49,966 [om1-groupManagement] INFO  server.RaftServerConfigKeys (ConfUtils.java:logGet(46)) - raft.server.rpc.timeout.max = 1200ms (custom)
2023-07-21 21:00:49,967 [om1-groupManagement] INFO  server.RaftServerConfigKeys (ConfUtils.java:logGet(46)) - raft.server.rpc.sleep.time = 25ms (default)
2023-07-21 21:00:49,967 [om1-groupManagement] INFO  server.RaftServerConfigKeys (ConfUtils.java:logGet(46)) - raft.server.rpc.slowness.timeout = 120s (custom)
2023-07-21 21:00:49,967 [om1-groupManagement] INFO  server.RaftServerConfigKeys (ConfUtils.java:logGet(46)) - raft.server.leaderelection.leader.step-down.wait-time = 10s (default)
2023-07-21 21:00:49,967 [om1-groupManagement] INFO  server.RaftServerConfigKeys (ConfUtils.java:logGet(46)) - raft.server.sleep.deviation.threshold = 300ms (default)
2023-07-21 21:00:49,974 [om1-groupManagement] INFO  server.RaftServer$Division (ServerState.java:<init>(120)) - om1@group-C5BA1605619E: ConfigurationManager, init=-1: peers:[om1|rpc:localhost:15007|priority:0|startupRole:FOLLOWER]|listeners:[], old=null, confs=<EMPTY_MAP>
2023-07-21 21:00:49,974 [om1-groupManagement] INFO  server.RaftServerConfigKeys (ConfUtils.java:logGet(46)) - raft.server.storage.dir = [/home/runner/work/ozone/ozone/hadoop-ozone/integration-test/target/test-dir/MiniOzoneClusterImpl-b68b6c12-fe62-42d1-a50b-75b7569d3ce9/ozone-meta/ratis] (custom)
2023-07-21 21:00:49,983 [om1-groupManagement] INFO  server.RaftServerConfigKeys (ConfUtils.java:logGet(46)) - raft.server.log.corruption.policy = EXCEPTION (default)
2023-07-21 21:00:49,983 [om1-groupManagement] INFO  server.RaftServerConfigKeys (ConfUtils.java:logGet(46)) - raft.server.storage.free-space.min = 0MB (=0) (default)
2023-07-21 21:00:49,990 [om1-groupManagement] INFO  server.RaftServerConfigKeys (ConfUtils.java:logGet(46)) - raft.server.notification.no-leader.timeout = 120s (custom)
2023-07-21 21:00:49,994 [om1-groupManagement] INFO  server.RaftServerConfigKeys (ConfUtils.java:logGet(46)) - raft.server.read.timeout = 10s (default)
2023-07-21 21:00:49,997 [om1-groupManagement] INFO  server.RaftServerConfigKeys (ConfUtils.java:logGet(46)) - raft.server.retrycache.expirytime = 300s (custom)
2023-07-21 21:00:49,997 [om1-groupManagement] INFO  server.RaftServerConfigKeys (ConfUtils.java:logGet(46)) - raft.server.retrycache.statistics.expirytime = 100μs (default)
2023-07-21 21:00:50,061 [om1-groupManagement] INFO  server.RaftServerConfigKeys (ConfUtils.java:logGet(46)) - raft.server.read.option = DEFAULT (default)
2023-07-21 21:00:50,127 [om1-groupManagement] INFO  server.RaftServerConfigKeys (ConfUtils.java:logGet(46)) - raft.server.rpc.request.timeout = 3000ms (default)
2023-07-21 21:00:50,139 [om1-groupManagement] INFO  server.RaftServerConfigKeys (ConfUtils.java:logGet(46)) - raft.server.log.appender.install.snapshot.enabled = false (custom)
2023-07-21 21:00:50,140 [om1-groupManagement] INFO  server.RaftServerConfigKeys (ConfUtils.java:logGet(46)) - raft.server.threadpool.server.cached = true (default)
2023-07-21 21:00:50,140 [om1-groupManagement] INFO  server.RaftServerConfigKeys (ConfUtils.java:logGet(46)) - raft.server.threadpool.server.size = 0 (default)
2023-07-21 21:00:50,140 [om1-groupManagement] INFO  server.RaftServerConfigKeys (ConfUtils.java:logGet(46)) - raft.server.threadpool.client.cached = true (default)
2023-07-21 21:00:50,141 [om1-groupManagement] INFO  server.RaftServerConfigKeys (ConfUtils.java:logGet(46)) - raft.server.threadpool.client.size = 0 (default)
2023-07-21 21:00:50,667 [main] INFO  reflections.Reflections (Reflections.java:scan(232)) - Reflections took 658 ms to scan 19 urls, producing 70 keys and 5565 values [using 2 cores]
2023-07-21 21:00:50,850 [main] INFO  ipc.CallQueueManager (CallQueueManager.java:<init>(90)) - Using callQueue: class java.util.concurrent.LinkedBlockingQueue, queueCapacity: 2000, scheduler: class org.apache.hadoop.ipc.DefaultRpcScheduler, ipcBackoff: false.
2023-07-21 21:00:50,850 [main] INFO  ipc.Server (Server.java:<init>(1287)) - Listener at 127.0.0.1:15004
2023-07-21 21:00:50,851 [Socket Reader #1 for port 15004] INFO  ipc.Server (Server.java:run(1323)) - Starting Socket Reader #1 for port 15004
2023-07-21 21:00:50,893 [main] INFO  impl.MetricsSystemImpl (MetricsSystemImpl.java:init(158)) - OzoneManager metrics system started (again)
2023-07-21 21:00:50,906 [main] INFO  om.OzoneManager (OzoneManager.java:start(1624)) - OzoneManager RPC server is listening at localhost/127.0.0.1:15004
2023-07-21 21:00:50,907 [main] INFO  ratis.OzoneManagerRatisServer (OzoneManagerRatisServer.java:start(558)) - Starting OzoneManagerRatisServer om1 at port 15007
2023-07-21 21:00:50,910 [om1-impl-thread1] INFO  storage.RaftStorageDirectory (RaftStorageDirectoryImpl.java:analyzeStorage(137)) - The storage directory /home/runner/work/ozone/ozone/hadoop-ozone/integration-test/target/test-dir/MiniOzoneClusterImpl-b68b6c12-fe62-42d1-a50b-75b7569d3ce9/ozone-meta/ratis/bf265839-605b-3f16-9796-c5ba1605619e does not exist. Creating ...
2023-07-21 21:00:50,914 [om1-impl-thread1] INFO  storage.RaftStorageDirectory (RaftStorageDirectoryImpl.java:tryLock(231)) - Lock on /home/runner/work/ozone/ozone/hadoop-ozone/integration-test/target/test-dir/MiniOzoneClusterImpl-b68b6c12-fe62-42d1-a50b-75b7569d3ce9/ozone-meta/ratis/bf265839-605b-3f16-9796-c5ba1605619e/in_use.lock acquired by nodename 26061@fv-az202-275
2023-07-21 21:00:50,919 [om1-impl-thread1] INFO  storage.RaftStorage (RaftStorageImpl.java:format(96)) - Storage directory /home/runner/work/ozone/ozone/hadoop-ozone/integration-test/target/test-dir/MiniOzoneClusterImpl-b68b6c12-fe62-42d1-a50b-75b7569d3ce9/ozone-meta/ratis/bf265839-605b-3f16-9796-c5ba1605619e has been successfully formatted.
2023-07-21 21:00:50,922 [om1-impl-thread1] INFO  server.RaftServerConfigKeys (ConfUtils.java:logGet(46)) - raft.server.log.use.memory = false (default)
2023-07-21 21:00:50,929 [om1-impl-thread1] INFO  server.RaftServerConfigKeys (ConfUtils.java:logGet(46)) - raft.server.log.purge.gap = 1000000 (custom)
2023-07-21 21:00:50,929 [om1-impl-thread1] INFO  server.RaftServerConfigKeys (ConfUtils.java:logGet(46)) - raft.server.log.appender.buffer.byte-limit = 33554432 (custom)
2023-07-21 21:00:50,931 [om1-impl-thread1] INFO  server.RaftServerConfigKeys (ConfUtils.java:logGet(46)) - raft.server.log.statemachine.data.read.timeout = 1000ms (default)
2023-07-21 21:00:50,931 [om1-impl-thread1] INFO  server.RaftServerConfigKeys (ConfUtils.java:logGet(46)) - raft.server.log.purge.preservation.log.num = 0 (default)
2023-07-21 21:00:50,933 [om1-impl-thread1] INFO  server.RaftServerConfigKeys (ConfUtils.java:logGet(46)) - raft.server.log.segment.size.max = 4194304 (custom)
2023-07-21 21:00:50,939 [om1-impl-thread1] INFO  server.RaftServerConfigKeys (ConfUtils.java:logGet(46)) - raft.server.log.segment.cache.num.max = 2 (custom)
2023-07-21 21:00:50,939 [om1-impl-thread1] INFO  server.RaftServerConfigKeys (ConfUtils.java:logGet(46)) - raft.server.log.segment.cache.size.max = 200MB (=209715200) (default)
2023-07-21 21:00:50,939 [om1-impl-thread1] INFO  server.RaftServerConfigKeys (ConfUtils.java:logGet(46)) - raft.server.log.appender.buffer.byte-limit = 33554432 (custom)
2023-07-21 21:00:50,945 [om1-impl-thread1] INFO  segmented.SegmentedRaftLogWorker (SegmentedRaftLogWorker.java:<init>(188)) - new om1@group-C5BA1605619E-SegmentedRaftLogWorker for RaftStorageImpl:Storage Directory /home/runner/work/ozone/ozone/hadoop-ozone/integration-test/target/test-dir/MiniOzoneClusterImpl-b68b6c12-fe62-42d1-a50b-75b7569d3ce9/ozone-meta/ratis/bf265839-605b-3f16-9796-c5ba1605619e
2023-07-21 21:00:50,945 [om1-impl-thread1] INFO  server.RaftServerConfigKeys (ConfUtils.java:logGet(46)) - raft.server.log.queue.byte-limit = 64MB (=67108864) (default)
2023-07-21 21:00:50,945 [om1-impl-thread1] INFO  server.RaftServerConfigKeys (ConfUtils.java:logGet(46)) - raft.server.log.queue.element-limit = 4096 (default)
2023-07-21 21:00:50,946 [om1-impl-thread1] INFO  server.RaftServerConfigKeys (ConfUtils.java:logGet(46)) - raft.server.log.segment.size.max = 4194304 (custom)
2023-07-21 21:00:50,947 [om1-impl-thread1] INFO  server.RaftServerConfigKeys (ConfUtils.java:logGet(46)) - raft.server.log.preallocated.size = 4194304 (custom)
2023-07-21 21:00:50,947 [om1-impl-thread1] INFO  server.RaftServerConfigKeys (ConfUtils.java:logGet(46)) - raft.server.log.force.sync.num = 128 (default)
2023-07-21 21:00:50,948 [om1-impl-thread1] INFO  server.RaftServerConfigKeys (ConfUtils.java:logGet(46)) - raft.server.log.statemachine.data.sync = true (default)
2023-07-21 21:00:50,948 [om1-impl-thread1] INFO  server.RaftServerConfigKeys (ConfUtils.java:logGet(46)) - raft.server.log.statemachine.data.sync.timeout = 10s (default)
2023-07-21 21:00:50,948 [om1-impl-thread1] INFO  server.RaftServerConfigKeys (ConfUtils.java:logGet(46)) - raft.server.log.statemachine.data.sync.timeout.retry = -1 (default)
2023-07-21 21:00:50,957 [om1-impl-thread1] INFO  server.RaftServerConfigKeys (ConfUtils.java:logGet(46)) - raft.server.log.write.buffer.size = 64KB (=65536) (default)
2023-07-21 21:00:50,957 [om1-impl-thread1] INFO  server.RaftServerConfigKeys (ConfUtils.java:logGet(46)) - raft.server.log.appender.buffer.byte-limit = 33554432 (custom)
2023-07-21 21:00:50,965 [om1-impl-thread1] INFO  server.RaftServerConfigKeys (ConfUtils.java:logGet(46)) - raft.server.log.unsafe-flush.enabled = false (default)
2023-07-21 21:00:50,965 [om1-impl-thread1] INFO  server.RaftServerConfigKeys (ConfUtils.java:logGet(46)) - raft.server.log.async-flush.enabled = false (default)
2023-07-21 21:00:50,965 [om1-impl-thread1] INFO  server.RaftServerConfigKeys (ConfUtils.java:logGet(46)) - raft.server.log.statemachine.data.caching.enabled = false (default)
2023-07-21 21:00:50,971 [om1-impl-thread1] INFO  segmented.SegmentedRaftLogWorker (SegmentedRaftLogWorker.java:lambda$new$0(135)) - om1@group-C5BA1605619E-SegmentedRaftLogWorker: flushIndex: setUnconditionally 0 -> -1
2023-07-21 21:00:50,971 [om1-impl-thread1] INFO  segmented.SegmentedRaftLogWorker (SegmentedRaftLogWorker.java:lambda$new$0(135)) - om1@group-C5BA1605619E-SegmentedRaftLogWorker: safeCacheEvictIndex: setUnconditionally 0 -> -1
2023-07-21 21:00:50,973 [om1-impl-thread1] INFO  server.RaftServer$Division (RaftServerImpl.java:start(342)) - om1@group-C5BA1605619E: start as a follower, conf=-1: peers:[om1|rpc:localhost:15007|priority:0|startupRole:FOLLOWER]|listeners:[], old=null
2023-07-21 21:00:50,975 [om1-impl-thread1] INFO  server.RaftServer$Division (RaftServerImpl.java:setRole(329)) - om1@group-C5BA1605619E: changes role from      null to FOLLOWER at term 0 for startAsFollower
2023-07-21 21:00:50,976 [om1-impl-thread1] INFO  impl.RoleInfo (RoleInfo.java:updateAndGet(139)) - om1: start om1@group-C5BA1605619E-FollowerState
2023-07-21 21:00:50,984 [om1-impl-thread1] INFO  util.JmxRegister (JmxRegister.java:tryRegister(44)) - Successfully registered JMX Bean with object name Ratis:service=RaftServer,group=group-C5BA1605619E,id=om1
2023-07-21 21:00:50,986 [om1-impl-thread1] INFO  server.RaftServerConfigKeys (ConfUtils.java:logGet(46)) - raft.server.snapshot.auto.trigger.enabled = true (custom)
2023-07-21 21:00:50,986 [om1@group-C5BA1605619E-FollowerState] INFO  server.RaftServerConfigKeys (ConfUtils.java:logFallback(53)) - raft.server.rpc.first-election.timeout.min = 1s (fallback to raft.server.rpc.timeout.min)
2023-07-21 21:00:50,986 [om1@group-C5BA1605619E-FollowerState] INFO  server.RaftServerConfigKeys (ConfUtils.java:logFallback(53)) - raft.server.rpc.first-election.timeout.max = 1200ms (fallback to raft.server.rpc.timeout.max)
2023-07-21 21:00:50,986 [om1-impl-thread1] INFO  server.RaftServerConfigKeys (ConfUtils.java:logGet(46)) - raft.server.snapshot.auto.trigger.threshold = 400000 (default)
2023-07-21 21:00:50,987 [om1-impl-thread1] INFO  server.RaftServerConfigKeys (ConfUtils.java:logGet(46)) - raft.server.snapshot.retention.file.num = -1 (default)
2023-07-21 21:00:50,987 [om1-impl-thread1] INFO  server.RaftServerConfigKeys (ConfUtils.java:logGet(46)) - raft.server.log.purge.upto.snapshot.index = true (custom)
2023-07-21 21:00:50,991 [main] INFO  server.RaftServer (RaftServerProxy.java:startImpl(400)) - om1: start RPC server
2023-07-21 21:00:51,091 [main] INFO  server.GrpcService (GrpcService.java:startImpl(302)) - om1: GrpcService started, listening on 15007
2023-07-21 21:00:51,094 [main] INFO  om.OzoneManager (OzoneManager.java:start(1640)) - Version File has different layout version (6) than OM DB (null). That is expected if this OM has never been finalized to a newer layout version.
2023-07-21 21:00:51,100 [JvmPauseMonitor1] INFO  util.JvmPauseMonitor (JvmPauseMonitor.java:run(103)) - JvmPauseMonitor-om1: Started
2023-07-21 21:00:51,123 [main] INFO  http.BaseHttpServer (BaseHttpServer.java:newHttpServer2BuilderForOzone(224)) - Starting Web-server for ozoneManager at: http://0.0.0.0:15005
2023-07-21 21:00:51,124 [main] INFO  http.BaseHttpServer (BaseHttpServer.java:<init>(111)) - Hadoop Security Enabled: false Ozone Security Enabled: false Ozone HTTP Security Enabled: false 
2023-07-21 21:00:51,127 [main] WARN  server.AuthenticationFilter (AuthenticationFilter.java:constructSecretProvider(240)) - Unable to initialize FileSignerSecretProvider, falling back to use random secrets. Reason: Could not read signature secret file: /home/runner/hadoop-http-auth-signature-secret
2023-07-21 21:00:51,133 [main] INFO  http.HttpRequestLog (HttpRequestLog.java:getRequestLog(86)) - Http request log for http.requests.ozoneManager is not defined
2023-07-21 21:00:51,134 [main] INFO  http.HttpServer2 (HttpServer2.java:addGlobalFilter(1031)) - Added global filter 'safety' (class=org.apache.hadoop.hdds.server.http.HttpServer2$QuotingInputFilter)
2023-07-21 21:00:51,136 [main] INFO  http.HttpServer2 (HttpServer2.java:addFilter(1007)) - Added filter static_user_filter (class=org.apache.hadoop.http.lib.StaticUserWebFilter$StaticUserFilter) to context ozoneManager
2023-07-21 21:00:51,136 [main] INFO  http.HttpServer2 (HttpServer2.java:addFilter(1015)) - Added filter static_user_filter (class=org.apache.hadoop.http.lib.StaticUserWebFilter$StaticUserFilter) to context logs
2023-07-21 21:00:51,136 [main] INFO  http.HttpServer2 (HttpServer2.java:addFilter(1015)) - Added filter static_user_filter (class=org.apache.hadoop.http.lib.StaticUserWebFilter$StaticUserFilter) to context static
2023-07-21 21:00:51,137 [main] INFO  http.BaseHttpServer (BaseHttpServer.java:<init>(190)) - HTTP server of ozoneManager uses base directory /home/runner/work/ozone/ozone/hadoop-ozone/integration-test/target/test-dir/MiniOzoneClusterImpl-b68b6c12-fe62-42d1-a50b-75b7569d3ce9/ozone-meta/webserver
2023-07-21 21:00:51,140 [main] INFO  http.HttpServer2 (HttpServer2.java:bindListener(1250)) - Jetty bound to port 15005
2023-07-21 21:00:51,140 [main] INFO  server.Server (Server.java:doStart(375)) - jetty-9.4.51.v20230217; built: 2023-02-17T08:19:37.309Z; git: b45c405e4544384de066f814ed42ae3dceacdd49; jvm 1.8.0_372-b07
2023-07-21 21:00:51,148 [main] INFO  server.session (DefaultSessionIdManager.java:doStart(334)) - DefaultSessionIdManager workerName=node0
2023-07-21 21:00:51,148 [main] INFO  server.session (DefaultSessionIdManager.java:doStart(339)) - No SessionScavenger set, using defaults
2023-07-21 21:00:51,149 [main] INFO  server.session (HouseKeeper.java:startScavenging(132)) - node0 Scavenging every 600000ms
2023-07-21 21:00:51,150 [main] INFO  handler.ContextHandler (ContextHandler.java:doStart(921)) - Started o.e.j.s.ServletContextHandler@720574a4{logs,/logs,file:///home/runner/work/ozone/ozone/hadoop-ozone/integration-test/target/log,AVAILABLE}
2023-07-21 21:00:51,150 [main] INFO  handler.ContextHandler (ContextHandler.java:doStart(921)) - Started o.e.j.s.ServletContextHandler@59d768de{static,/static,file:///home/runner/work/ozone/ozone/hadoop-ozone/integration-test/target/test-classes/webapps/static,AVAILABLE}
2023-07-21 21:00:51,155 [main] INFO  handler.ContextHandler (ContextHandler.java:doStart(921)) - Started o.e.j.w.WebAppContext@6a92832{ozoneManager,/,file:///home/runner/work/ozone/ozone/hadoop-ozone/integration-test/target/test-classes/webapps/ozoneManager/,AVAILABLE}{file:/home/runner/work/ozone/ozone/hadoop-ozone/integration-test/target/test-classes/webapps/ozoneManager}
2023-07-21 21:00:51,156 [main] INFO  server.AbstractConnector (AbstractConnector.java:doStart(333)) - Started ServerConnector@7c90e595{HTTP/1.1, (http/1.1)}{0.0.0.0:15005}
2023-07-21 21:00:51,157 [main] INFO  server.Server (Server.java:doStart(415)) - Started @7886ms
2023-07-21 21:00:51,157 [main] WARN  impl.MetricsSystemImpl (MetricsSystemImpl.java:register(279)) - Sink prometheus already exists!
2023-07-21 21:00:51,157 [main] INFO  http.BaseHttpServer (BaseHttpServer.java:updateConnectorAddress(344)) - HTTP server of ozoneManager listening at http://0.0.0.0:15005
2023-07-21 21:00:51,158 [IPC Server Responder] INFO  ipc.Server (Server.java:run(1562)) - IPC Server Responder: starting
2023-07-21 21:00:51,161 [IPC Server listener on 15004] INFO  ipc.Server (Server.java:run(1402)) - IPC Server listener on 15004: starting
2023-07-21 21:00:51,171 [main] INFO  om.OzoneManager (OzoneManager.java:startTrashEmptier(2092)) - Trash Interval set to 0. Files deleted won't move to trash
2023-07-21 21:00:51,327 [main] WARN  impl.MetricRegistriesImpl (MetricRegistriesImpl.java:addReporterRegistration(111)) - New reporters are added after registries were created. Some metrics will be missing from the reporter. Please add reporter before adding any new registry.
2023-07-21 21:00:51,327 [main] WARN  impl.MetricRegistriesImpl (MetricRegistriesImpl.java:addReporterRegistration(111)) - New reporters are added after registries were created. Some metrics will be missing from the reporter. Please add reporter before adding any new registry.
2023-07-21 21:00:51,327 [main] INFO  impl.MetricsSystemImpl (MetricsSystemImpl.java:init(158)) - HddsDatanode metrics system started (again)
2023-07-21 21:00:51,350 [main] INFO  ozone.HddsDatanodeService (HddsDatanodeService.java:start(237)) - HddsDatanodeService host:fv-az202-275.ngw3kpfb2bguzbtcwuqjmbcvef.gx.internal.cloudapp.net ip:10.1.0.132
2023-07-21 21:00:51,381 [main] INFO  upgrade.AbstractLayoutVersionManager (AbstractLayoutVersionManager.java:init(83)) - Initializing Layout version manager with metadata layout = HADOOP_PRC_PORTS_IN_DATANODEDETAILS (version = 7), software layout = HADOOP_PRC_PORTS_IN_DATANODEDETAILS (version = 7)
2023-07-21 21:00:51,384 [main] INFO  statemachine.DatanodeStateMachine (DatanodeStateMachine.java:getEndPointTaskThreadPoolSize(279)) - Datanode State Machine Task Thread Pool size 2
2023-07-21 21:00:51,444 [main] INFO  volume.HddsVolume (HddsVolume.java:<init>(126)) - Creating HddsVolume: /home/runner/work/ozone/ozone/hadoop-ozone/integration-test/target/test-dir/MiniOzoneClusterImpl-b68b6c12-fe62-42d1-a50b-75b7569d3ce9/datanode-0/data-0/containers/hdds of storage type : DISK capacity : 9223372036854775807
2023-07-21 21:00:51,447 [main] INFO  volume.MutableVolumeSet (MutableVolumeSet.java:initializeVolumeSet(175)) - Added Volume : /home/runner/work/ozone/ozone/hadoop-ozone/integration-test/target/test-dir/MiniOzoneClusterImpl-b68b6c12-fe62-42d1-a50b-75b7569d3ce9/datanode-0/data-0/containers/hdds to VolumeSet
2023-07-21 21:00:51,448 [main] INFO  volume.ThrottledAsyncChecker (ThrottledAsyncChecker.java:schedule(141)) - Scheduling a check for /home/runner/work/ozone/ozone/hadoop-ozone/integration-test/target/test-dir/MiniOzoneClusterImpl-b68b6c12-fe62-42d1-a50b-75b7569d3ce9/datanode-0/data-0/containers/hdds
2023-07-21 21:00:51,461 [main] INFO  volume.StorageVolumeChecker (StorageVolumeChecker.java:checkAllVolumes(202)) - Scheduled health check for volume /home/runner/work/ozone/ozone/hadoop-ozone/integration-test/target/test-dir/MiniOzoneClusterImpl-b68b6c12-fe62-42d1-a50b-75b7569d3ce9/datanode-0/data-0/containers/hdds
2023-07-21 21:00:51,472 [main] INFO  volume.MutableVolumeSet (MutableVolumeSet.java:initializeVolumeSet(175)) - Added Volume : /home/runner/work/ozone/ozone/hadoop-ozone/integration-test/target/test-dir/MiniOzoneClusterImpl-b68b6c12-fe62-42d1-a50b-75b7569d3ce9/datanode-0/data/ratis to VolumeSet
2023-07-21 21:00:51,472 [main] INFO  volume.ThrottledAsyncChecker (ThrottledAsyncChecker.java:schedule(141)) - Scheduling a check for /home/runner/work/ozone/ozone/hadoop-ozone/integration-test/target/test-dir/MiniOzoneClusterImpl-b68b6c12-fe62-42d1-a50b-75b7569d3ce9/datanode-0/data/ratis
2023-07-21 21:00:51,473 [main] INFO  volume.StorageVolumeChecker (StorageVolumeChecker.java:checkAllVolumes(202)) - Scheduled health check for volume /home/runner/work/ozone/ozone/hadoop-ozone/integration-test/target/test-dir/MiniOzoneClusterImpl-b68b6c12-fe62-42d1-a50b-75b7569d3ce9/datanode-0/data/ratis
2023-07-21 21:00:51,494 [Thread-139] INFO  ozoneimpl.ContainerReader (ContainerReader.java:readVolume(177)) - Finish verifying containers on volume /home/runner/work/ozone/ozone/hadoop-ozone/integration-test/target/test-dir/MiniOzoneClusterImpl-b68b6c12-fe62-42d1-a50b-75b7569d3ce9/datanode-0/data-0/containers/hdds
2023-07-21 21:00:51,497 [main] INFO  ozoneimpl.OzoneContainer (OzoneContainer.java:buildContainerSet(316)) - Build ContainerSet costs 0s
2023-07-21 21:00:51,560 [main] INFO  audit.AuditLogger (AuditLogger.java:refreshDebugCmdSet(126)) - Refresh DebugCmdSet for DNAudit to [].
2023-07-21 21:00:51,602 [main] INFO  server.RaftServer (ConfUtils.java:logGet(46)) - raft.rpc.type = GRPC (default)
2023-07-21 21:00:51,603 [main] INFO  grpc.GrpcConfigKeys (ConfUtils.java:logFallback(53)) - raft.grpc.admin.host = null (fallback to raft.grpc.server.host)
2023-07-21 21:00:51,605 [main] INFO  grpc.GrpcConfigKeys (ConfUtils.java:logGet(46)) - raft.grpc.admin.port = 15013 (custom)
2023-07-21 21:00:51,605 [main] INFO  grpc.GrpcConfigKeys (ConfUtils.java:logFallback(53)) - raft.grpc.client.host = null (fallback to raft.grpc.server.host)
2023-07-21 21:00:51,605 [main] INFO  grpc.GrpcConfigKeys (ConfUtils.java:logGet(46)) - raft.grpc.client.port = 15012 (custom)
2023-07-21 21:00:51,606 [main] INFO  grpc.GrpcConfigKeys (ConfUtils.java:logGet(46)) - raft.grpc.server.host = null (default)
2023-07-21 21:00:51,606 [main] INFO  grpc.GrpcConfigKeys (ConfUtils.java:logGet(46)) - raft.grpc.server.port = 15014 (custom)
2023-07-21 21:00:51,606 [main] INFO  server.GrpcService (ConfUtils.java:logGet(46)) - raft.grpc.message.size.max = 32MB (=33554432) (custom)
2023-07-21 21:00:51,606 [main] INFO  server.RaftServerConfigKeys (ConfUtils.java:logGet(46)) - raft.server.log.appender.buffer.byte-limit = 33554432 (custom)
2023-07-21 21:00:51,606 [main] INFO  server.GrpcService (ConfUtils.java:logGet(46)) - raft.grpc.flow.control.window = 5MB (=5242880) (custom)
2023-07-21 21:00:51,607 [main] INFO  server.RaftServerConfigKeys (ConfUtils.java:logGet(46)) - raft.server.rpc.request.timeout = 60s (custom)
2023-07-21 21:00:51,607 [main] INFO  grpc.GrpcConfigKeys (ConfUtils.java:logGet(46)) - raft.grpc.server.heartbeat.channel = true (default)
2023-07-21 21:00:51,607 [main] INFO  grpc.GrpcConfigKeys (ConfUtils.java:logGet(46)) - raft.grpc.server.async.request.thread.pool.cached = true (default)
2023-07-21 21:00:51,607 [main] INFO  grpc.GrpcConfigKeys (ConfUtils.java:logGet(46)) - raft.grpc.server.async.request.thread.pool.size = 32 (default)
2023-07-21 21:00:51,612 [main] INFO  impl.DataStreamServerImpl (ConfUtils.java:logGet(46)) - raft.datastream.type = NETTY (custom)
2023-07-21 21:00:51,624 [main] INFO  server.RaftServerConfigKeys (ConfUtils.java:logGet(46)) - raft.server.data-stream.async.request.thread.pool.cached = false (default)
2023-07-21 21:00:51,625 [main] INFO  server.RaftServerConfigKeys (ConfUtils.java:logGet(46)) - raft.server.data-stream.async.request.thread.pool.size = 20 (custom)
2023-07-21 21:00:51,626 [main] INFO  server.RaftServerConfigKeys (ConfUtils.java:logGet(46)) - raft.server.data-stream.async.write.thread.pool.size = 16 (default)
2023-07-21 21:00:51,627 [main] INFO  server.RaftServerConfigKeys (ConfUtils.java:logGet(46)) - raft.server.data-stream.client.pool.size = 10 (default)
2023-07-21 21:00:51,630 [main] INFO  netty.NettyConfigKeys$DataStream (ConfUtils.java:logGet(46)) - raft.netty.dataStream.server.use-epoll = false (default)
2023-07-21 21:00:51,630 [main] INFO  netty.NettyConfigKeys$DataStream (ConfUtils.java:logGet(46)) - raft.netty.dataStream.server.boss-group.size = 0 (default)
2023-07-21 21:00:51,641 [main] INFO  netty.NettyConfigKeys$DataStream (ConfUtils.java:logGet(46)) - raft.netty.dataStream.server.worker-group.size = 0 (default)
2023-07-21 21:00:51,642 [main] INFO  netty.NettyConfigKeys$DataStream (ConfUtils.java:logGet(46)) - raft.netty.dataStream.server.tls.conf = null (default)
2023-07-21 21:00:51,643 [main] INFO  netty.NettyConfigKeys$DataStream (ConfUtils.java:logGet(46)) - raft.netty.dataStream.host = null (default)
2023-07-21 21:00:51,644 [main] INFO  netty.NettyConfigKeys$DataStream (ConfUtils.java:logGet(46)) - raft.netty.dataStream.port = 15015 (custom)
2023-07-21 21:00:51,673 [main] INFO  server.RaftServerConfigKeys (ConfUtils.java:logGet(46)) - raft.server.threadpool.proxy.cached = true (default)
2023-07-21 21:00:51,673 [main] INFO  server.RaftServerConfigKeys (ConfUtils.java:logGet(46)) - raft.server.threadpool.proxy.size = 0 (default)
2023-07-21 21:00:51,673 [main] INFO  server.RaftServerConfigKeys (ConfUtils.java:logGet(46)) - raft.server.rpc.slowness.timeout = 300s (custom)
2023-07-21 21:00:51,674 [main] INFO  server.RaftServerConfigKeys (ConfUtils.java:logGet(46)) - raft.server.leaderelection.leader.step-down.wait-time = 10s (default)
2023-07-21 21:00:51,674 [main] INFO  server.RaftServerConfigKeys (ConfUtils.java:logGet(46)) - raft.server.storage.dir = [/home/runner/work/ozone/ozone/hadoop-ozone/integration-test/target/test-dir/MiniOzoneClusterImpl-b68b6c12-fe62-42d1-a50b-75b7569d3ce9/datanode-0/data/ratis] (custom)
2023-07-21 21:00:51,702 [34a92578-a80c-453f-883a-7c67a7b5d4e2-NettyServerStreamRpc-bossGroup--thread1] INFO  logging.LoggingHandler (AbstractInternalLogger.java:log(148)) - [id: 0x409686ae] REGISTERED
2023-07-21 21:00:51,702 [34a92578-a80c-453f-883a-7c67a7b5d4e2-NettyServerStreamRpc-bossGroup--thread1] INFO  logging.LoggingHandler (AbstractInternalLogger.java:log(148)) - [id: 0x409686ae] BIND: 0.0.0.0/0.0.0.0:15015
2023-07-21 21:00:51,704 [34a92578-a80c-453f-883a-7c67a7b5d4e2-NettyServerStreamRpc-bossGroup--thread1] INFO  logging.LoggingHandler (AbstractInternalLogger.java:log(148)) - [id: 0x409686ae, L:/0:0:0:0:0:0:0:0:15015] ACTIVE
2023-07-21 21:00:51,718 [main] INFO  server.XceiverServerGrpc (XceiverServerGrpc.java:<init>(132)) - GrpcServer channel type EpollServerSocketChannel
2023-07-21 21:00:51,765 [main] INFO  replication.ReplicationSupervisor (ReplicationSupervisor.java:nodeStateUpdated(305)) - Node state updated to IN_SERVICE, scaling executor pool size to 10
2023-07-21 21:00:51,821 [main] INFO  http.BaseHttpServer (BaseHttpServer.java:newHttpServer2BuilderForOzone(224)) - Starting Web-server for hddsDatanode at: http://0.0.0.0:15009
2023-07-21 21:00:51,822 [main] INFO  http.BaseHttpServer (BaseHttpServer.java:<init>(111)) - Hadoop Security Enabled: false Ozone Security Enabled: false Ozone HTTP Security Enabled: false 
2023-07-21 21:00:51,824 [main] WARN  server.AuthenticationFilter (AuthenticationFilter.java:constructSecretProvider(240)) - Unable to initialize FileSignerSecretProvider, falling back to use random secrets. Reason: Could not read signature secret file: /home/runner/hadoop-http-auth-signature-secret
2023-07-21 21:00:51,826 [main] INFO  http.HttpRequestLog (HttpRequestLog.java:getRequestLog(86)) - Http request log for http.requests.hddsDatanode is not defined
2023-07-21 21:00:51,829 [main] INFO  http.HttpServer2 (HttpServer2.java:addGlobalFilter(1031)) - Added global filter 'safety' (class=org.apache.hadoop.hdds.server.http.HttpServer2$QuotingInputFilter)
2023-07-21 21:00:51,830 [main] INFO  http.HttpServer2 (HttpServer2.java:addFilter(1007)) - Added filter static_user_filter (class=org.apache.hadoop.http.lib.StaticUserWebFilter$StaticUserFilter) to context hddsDatanode
2023-07-21 21:00:51,830 [main] INFO  http.HttpServer2 (HttpServer2.java:addFilter(1015)) - Added filter static_user_filter (class=org.apache.hadoop.http.lib.StaticUserWebFilter$StaticUserFilter) to context static
2023-07-21 21:00:51,830 [main] INFO  http.HttpServer2 (HttpServer2.java:addFilter(1015)) - Added filter static_user_filter (class=org.apache.hadoop.http.lib.StaticUserWebFilter$StaticUserFilter) to context logs
2023-07-21 21:00:51,835 [main] INFO  http.BaseHttpServer (BaseHttpServer.java:<init>(190)) - HTTP server of hddsDatanode uses base directory /home/runner/work/ozone/ozone/hadoop-ozone/integration-test/target/test-dir/MiniOzoneClusterImpl-b68b6c12-fe62-42d1-a50b-75b7569d3ce9/datanode-0/meta/webserver
2023-07-21 21:00:51,835 [main] INFO  http.HttpServer2 (HttpServer2.java:bindListener(1250)) - Jetty bound to port 15009
2023-07-21 21:00:51,835 [main] INFO  server.Server (Server.java:doStart(375)) - jetty-9.4.51.v20230217; built: 2023-02-17T08:19:37.309Z; git: b45c405e4544384de066f814ed42ae3dceacdd49; jvm 1.8.0_372-b07
2023-07-21 21:00:51,839 [main] INFO  server.session (DefaultSessionIdManager.java:doStart(334)) - DefaultSessionIdManager workerName=node0
2023-07-21 21:00:51,839 [main] INFO  server.session (DefaultSessionIdManager.java:doStart(339)) - No SessionScavenger set, using defaults
2023-07-21 21:00:51,839 [main] INFO  server.session (HouseKeeper.java:startScavenging(132)) - node0 Scavenging every 600000ms
2023-07-21 21:00:51,840 [main] INFO  handler.ContextHandler (ContextHandler.java:doStart(921)) - Started o.e.j.s.ServletContextHandler@1c0e1290{logs,/logs,file:///home/runner/work/ozone/ozone/hadoop-ozone/integration-test/target/log,AVAILABLE}
2023-07-21 21:00:51,841 [main] INFO  handler.ContextHandler (ContextHandler.java:doStart(921)) - Started o.e.j.s.ServletContextHandler@49eb9a66{static,/static,jar:file:/home/runner/.m2/repository/org/apache/ozone/hdds-container-service/1.4.0-SNAPSHOT/hdds-container-service-1.4.0-SNAPSHOT.jar!/webapps/static,AVAILABLE}
2023-07-21 21:00:52,105 [main] INFO  handler.ContextHandler (ContextHandler.java:doStart(921)) - Started o.e.j.w.WebAppContext@716516ce{hddsDatanode,/,file:///home/runner/work/ozone/ozone/hadoop-ozone/integration-test/target/test-dir/MiniOzoneClusterImpl-b68b6c12-fe62-42d1-a50b-75b7569d3ce9/datanode-0/meta/webserver/jetty-0_0_0_0-15009-hdds-container-service-1_4_0-SNAPSHOT_jar-_-any-6709104311511324139/webapp/,AVAILABLE}{jar:file:/home/runner/.m2/repository/org/apache/ozone/hdds-container-service/1.4.0-SNAPSHOT/hdds-container-service-1.4.0-SNAPSHOT.jar!/webapps/hddsDatanode}
2023-07-21 21:00:52,108 [main] INFO  server.AbstractConnector (AbstractConnector.java:doStart(333)) - Started ServerConnector@6f2984cb{HTTP/1.1, (http/1.1)}{0.0.0.0:15009}
2023-07-21 21:00:52,108 [main] INFO  server.Server (Server.java:doStart(415)) - Started @8837ms
2023-07-21 21:00:52,108 [main] WARN  impl.MetricsSystemImpl (MetricsSystemImpl.java:register(279)) - Sink prometheus already exists!
2023-07-21 21:00:52,109 [main] INFO  http.BaseHttpServer (BaseHttpServer.java:updateConnectorAddress(344)) - HTTP server of hddsDatanode listening at http://0.0.0.0:15009
2023-07-21 21:00:52,115 [main] INFO  ipc.CallQueueManager (CallQueueManager.java:<init>(90)) - Using callQueue: class java.util.concurrent.LinkedBlockingQueue, queueCapacity: 100, scheduler: class org.apache.hadoop.ipc.DefaultRpcScheduler, ipcBackoff: false.
2023-07-21 21:00:52,116 [main] INFO  ipc.Server (Server.java:<init>(1287)) - Listener at 0.0.0.0:15010
2023-07-21 21:00:52,117 [Socket Reader #1 for port 15010] INFO  ipc.Server (Server.java:run(1323)) - Starting Socket Reader #1 for port 15010
2023-07-21 21:00:52,128 [main] INFO  ozone.HddsDatanodeService (HddsDatanodeService.java:start(315)) - Datanode start with admins: [runner]
2023-07-21 21:00:52,128 [main] INFO  ozone.HddsDatanodeClientProtocolServer (HddsDatanodeClientProtocolServer.java:start(72)) - RPC server for Client /0.0.0.0:15010
2023-07-21 21:00:52,129 [IPC Server Responder] INFO  ipc.Server (Server.java:run(1562)) - IPC Server Responder: starting
2023-07-21 21:00:52,129 [IPC Server listener on 15010] INFO  ipc.Server (Server.java:run(1402)) - IPC Server listener on 15010: starting
2023-07-21 21:00:52,131 [main] WARN  impl.MetricRegistriesImpl (MetricRegistriesImpl.java:addReporterRegistration(111)) - New reporters are added after registries were created. Some metrics will be missing from the reporter. Please add reporter before adding any new registry.
2023-07-21 21:00:52,131 [main] WARN  impl.MetricRegistriesImpl (MetricRegistriesImpl.java:addReporterRegistration(111)) - New reporters are added after registries were created. Some metrics will be missing from the reporter. Please add reporter before adding any new registry.
2023-07-21 21:00:52,131 [main] INFO  impl.MetricsSystemImpl (MetricsSystemImpl.java:init(158)) - HddsDatanode metrics system started (again)
2023-07-21 21:00:52,139 [Datanode State Machine Daemon Thread] INFO  statemachine.DatanodeStateMachine (DatanodeStateMachine.java:lambda$startDaemon$0(531)) - Ozone container server started.
2023-07-21 21:00:52,151 [main] INFO  ozone.HddsDatanodeService (HddsDatanodeService.java:start(237)) - HddsDatanodeService host:fv-az202-275.ngw3kpfb2bguzbtcwuqjmbcvef.gx.internal.cloudapp.net ip:10.1.0.132
2023-07-21 21:00:52,157 [om1@group-C5BA1605619E-FollowerState] INFO  impl.FollowerState (FollowerState.java:run(143)) - om1@group-C5BA1605619E-FollowerState: change to CANDIDATE, lastRpcElapsedTime:1181022705ns, electionTimeout:1169ms
2023-07-21 21:00:52,159 [om1@group-C5BA1605619E-FollowerState] INFO  impl.RoleInfo (RoleInfo.java:shutdownFollowerState(110)) - om1: shutdown om1@group-C5BA1605619E-FollowerState
2023-07-21 21:00:52,161 [om1@group-C5BA1605619E-FollowerState] INFO  server.RaftServer$Division (RaftServerImpl.java:setRole(329)) - om1@group-C5BA1605619E: changes role from  FOLLOWER to CANDIDATE at term 0 for changeToCandidate
2023-07-21 21:00:52,165 [om1@group-C5BA1605619E-FollowerState] INFO  server.RaftServerConfigKeys (ConfUtils.java:logGet(46)) - raft.server.leaderelection.pre-vote = true (default)
2023-07-21 21:00:52,165 [om1@group-C5BA1605619E-FollowerState] INFO  impl.RoleInfo (RoleInfo.java:updateAndGet(139)) - om1: start om1@group-C5BA1605619E-LeaderElection1
2023-07-21 21:00:52,188 [om1@group-C5BA1605619E-LeaderElection1] INFO  impl.LeaderElection (LeaderElection.java:askForVotes(321)) - om1@group-C5BA1605619E-LeaderElection1 PRE_VOTE round 0: submit vote requests at term 0 for -1: peers:[om1|rpc:localhost:15007|priority:0|startupRole:FOLLOWER]|listeners:[], old=null
2023-07-21 21:00:52,189 [om1@group-C5BA1605619E-LeaderElection1] INFO  impl.LeaderElection (LeaderElection.java:askForVotes(323)) - om1@group-C5BA1605619E-LeaderElection1 PRE_VOTE round 0: result PASSED (term=0)
2023-07-21 21:00:52,194 [om1@group-C5BA1605619E-LeaderElection1] INFO  impl.LeaderElection (LeaderElection.java:askForVotes(321)) - om1@group-C5BA1605619E-LeaderElection1 ELECTION round 0: submit vote requests at term 1 for -1: peers:[om1|rpc:localhost:15007|priority:0|startupRole:FOLLOWER]|listeners:[], old=null
2023-07-21 21:00:52,195 [om1@group-C5BA1605619E-LeaderElection1] INFO  impl.LeaderElection (LeaderElection.java:askForVotes(323)) - om1@group-C5BA1605619E-LeaderElection1 ELECTION round 0: result PASSED (term=1)
2023-07-21 21:00:52,195 [om1@group-C5BA1605619E-LeaderElection1] INFO  impl.RoleInfo (RoleInfo.java:shutdownLeaderElection(130)) - om1: shutdown om1@group-C5BA1605619E-LeaderElection1
2023-07-21 21:00:52,196 [om1@group-C5BA1605619E-LeaderElection1] INFO  server.RaftServer$Division (RaftServerImpl.java:setRole(329)) - om1@group-C5BA1605619E: changes role from CANDIDATE to LEADER at term 1 for changeToLeader
2023-07-21 21:00:52,198 [main] INFO  upgrade.AbstractLayoutVersionManager (AbstractLayoutVersionManager.java:init(83)) - Initializing Layout version manager with metadata layout = HADOOP_PRC_PORTS_IN_DATANODEDETAILS (version = 7), software layout = HADOOP_PRC_PORTS_IN_DATANODEDETAILS (version = 7)
2023-07-21 21:00:52,199 [main] INFO  statemachine.DatanodeStateMachine (DatanodeStateMachine.java:getEndPointTaskThreadPoolSize(279)) - Datanode State Machine Task Thread Pool size 2
2023-07-21 21:00:52,206 [om1@group-C5BA1605619E-LeaderElection1] INFO  server.RaftServer$Division (ServerState.java:setLeader(317)) - om1@group-C5BA1605619E: change Leader from null to om1 at term 1 for becomeLeader, leader elected after 2207ms
2023-07-21 21:00:52,216 [main] INFO  volume.HddsVolume (HddsVolume.java:<init>(126)) - Creating HddsVolume: /home/runner/work/ozone/ozone/hadoop-ozone/integration-test/target/test-dir/MiniOzoneClusterImpl-b68b6c12-fe62-42d1-a50b-75b7569d3ce9/datanode-1/data-0/containers/hdds of storage type : DISK capacity : 9223372036854775807
2023-07-21 21:00:52,216 [main] INFO  volume.MutableVolumeSet (MutableVolumeSet.java:initializeVolumeSet(175)) - Added Volume : /home/runner/work/ozone/ozone/hadoop-ozone/integration-test/target/test-dir/MiniOzoneClusterImpl-b68b6c12-fe62-42d1-a50b-75b7569d3ce9/datanode-1/data-0/containers/hdds to VolumeSet
2023-07-21 21:00:52,217 [main] INFO  volume.ThrottledAsyncChecker (ThrottledAsyncChecker.java:schedule(141)) - Scheduling a check for /home/runner/work/ozone/ozone/hadoop-ozone/integration-test/target/test-dir/MiniOzoneClusterImpl-b68b6c12-fe62-42d1-a50b-75b7569d3ce9/datanode-1/data-0/containers/hdds
2023-07-21 21:00:52,218 [main] INFO  volume.StorageVolumeChecker (StorageVolumeChecker.java:checkAllVolumes(202)) - Scheduled health check for volume /home/runner/work/ozone/ozone/hadoop-ozone/integration-test/target/test-dir/MiniOzoneClusterImpl-b68b6c12-fe62-42d1-a50b-75b7569d3ce9/datanode-1/data-0/containers/hdds
2023-07-21 21:00:52,230 [main] INFO  volume.MutableVolumeSet (MutableVolumeSet.java:initializeVolumeSet(175)) - Added Volume : /home/runner/work/ozone/ozone/hadoop-ozone/integration-test/target/test-dir/MiniOzoneClusterImpl-b68b6c12-fe62-42d1-a50b-75b7569d3ce9/datanode-1/data/ratis to VolumeSet
2023-07-21 21:00:52,230 [main] INFO  volume.ThrottledAsyncChecker (ThrottledAsyncChecker.java:schedule(141)) - Scheduling a check for /home/runner/work/ozone/ozone/hadoop-ozone/integration-test/target/test-dir/MiniOzoneClusterImpl-b68b6c12-fe62-42d1-a50b-75b7569d3ce9/datanode-1/data/ratis
2023-07-21 21:00:52,242 [main] INFO  volume.StorageVolumeChecker (StorageVolumeChecker.java:checkAllVolumes(202)) - Scheduled health check for volume /home/runner/work/ozone/ozone/hadoop-ozone/integration-test/target/test-dir/MiniOzoneClusterImpl-b68b6c12-fe62-42d1-a50b-75b7569d3ce9/datanode-1/data/ratis
2023-07-21 21:00:52,247 [om1@group-C5BA1605619E-LeaderElection1] INFO  server.RaftServerConfigKeys (ConfUtils.java:logGet(46)) - raft.server.staging.catchup.gap = 1000 (default)
2023-07-21 21:00:52,263 [om1@group-C5BA1605619E-LeaderElection1] INFO  server.RaftServerConfigKeys (ConfUtils.java:logGet(46)) - raft.server.write.element-limit = 4096 (default)
2023-07-21 21:00:52,264 [om1@group-C5BA1605619E-LeaderElection1] INFO  server.RaftServerConfigKeys (ConfUtils.java:logGet(46)) - raft.server.write.byte-limit = 64MB (=67108864) (default)
2023-07-21 21:00:52,268 [om1@group-C5BA1605619E-LeaderElection1] INFO  server.RaftServerConfigKeys (ConfUtils.java:logGet(46)) - raft.server.watch.timeout = 10s (default)
2023-07-21 21:00:52,268 [om1@group-C5BA1605619E-LeaderElection1] INFO  server.RaftServerConfigKeys (ConfUtils.java:logGet(46)) - raft.server.watch.timeout.denomination = 1s (default)
2023-07-21 21:00:52,269 [om1@group-C5BA1605619E-LeaderElection1] INFO  server.RaftServerConfigKeys (ConfUtils.java:logGet(46)) - raft.server.watch.element-limit = 65536 (default)
2023-07-21 21:00:52,271 [Thread-157] INFO  ozoneimpl.ContainerReader (ContainerReader.java:readVolume(177)) - Finish verifying containers on volume /home/runner/work/ozone/ozone/hadoop-ozone/integration-test/target/test-dir/MiniOzoneClusterImpl-b68b6c12-fe62-42d1-a50b-75b7569d3ce9/datanode-1/data-0/containers/hdds
2023-07-21 21:00:52,273 [main] INFO  ozoneimpl.OzoneContainer (OzoneContainer.java:buildContainerSet(316)) - Build ContainerSet costs 0s
2023-07-21 21:00:52,277 [main] INFO  server.RaftServer (ConfUtils.java:logGet(46)) - raft.rpc.type = GRPC (default)
2023-07-21 21:00:52,281 [main] INFO  grpc.GrpcConfigKeys (ConfUtils.java:logFallback(53)) - raft.grpc.admin.host = null (fallback to raft.grpc.server.host)
2023-07-21 21:00:52,282 [main] INFO  grpc.GrpcConfigKeys (ConfUtils.java:logGet(46)) - raft.grpc.admin.port = 15022 (custom)
2023-07-21 21:00:52,282 [main] INFO  grpc.GrpcConfigKeys (ConfUtils.java:logFallback(53)) - raft.grpc.client.host = null (fallback to raft.grpc.server.host)
2023-07-21 21:00:52,282 [main] INFO  grpc.GrpcConfigKeys (ConfUtils.java:logGet(46)) - raft.grpc.client.port = 15021 (custom)
2023-07-21 21:00:52,282 [main] INFO  grpc.GrpcConfigKeys (ConfUtils.java:logGet(46)) - raft.grpc.server.host = null (default)
2023-07-21 21:00:52,283 [main] INFO  grpc.GrpcConfigKeys (ConfUtils.java:logGet(46)) - raft.grpc.server.port = 15023 (custom)
2023-07-21 21:00:52,283 [main] INFO  server.GrpcService (ConfUtils.java:logGet(46)) - raft.grpc.message.size.max = 32MB (=33554432) (custom)
2023-07-21 21:00:52,283 [main] INFO  server.RaftServerConfigKeys (ConfUtils.java:logGet(46)) - raft.server.log.appender.buffer.byte-limit = 33554432 (custom)
2023-07-21 21:00:52,283 [main] INFO  server.GrpcService (ConfUtils.java:logGet(46)) - raft.grpc.flow.control.window = 5MB (=5242880) (custom)
2023-07-21 21:00:52,283 [main] INFO  server.RaftServerConfigKeys (ConfUtils.java:logGet(46)) - raft.server.rpc.request.timeout = 60s (custom)
2023-07-21 21:00:52,283 [main] INFO  grpc.GrpcConfigKeys (ConfUtils.java:logGet(46)) - raft.grpc.server.heartbeat.channel = true (default)
2023-07-21 21:00:52,284 [main] INFO  grpc.GrpcConfigKeys (ConfUtils.java:logGet(46)) - raft.grpc.server.async.request.thread.pool.cached = true (default)
2023-07-21 21:00:52,284 [main] INFO  grpc.GrpcConfigKeys (ConfUtils.java:logGet(46)) - raft.grpc.server.async.request.thread.pool.size = 32 (default)
2023-07-21 21:00:52,293 [om1@group-C5BA1605619E-LeaderElection1] INFO  server.RaftServerConfigKeys (ConfUtils.java:logGet(46)) - raft.server.write.element-limit = 4096 (default)
2023-07-21 21:00:52,296 [main] INFO  impl.DataStreamServerImpl (ConfUtils.java:logGet(46)) - raft.datastream.type = NETTY (custom)
2023-07-21 21:00:52,297 [main] INFO  server.RaftServerConfigKeys (ConfUtils.java:logGet(46)) - raft.server.data-stream.async.request.thread.pool.cached = false (default)
2023-07-21 21:00:52,297 [main] INFO  server.RaftServerConfigKeys (ConfUtils.java:logGet(46)) - raft.server.data-stream.async.request.thread.pool.size = 20 (custom)
2023-07-21 21:00:52,297 [main] INFO  server.RaftServerConfigKeys (ConfUtils.java:logGet(46)) - raft.server.data-stream.async.write.thread.pool.size = 16 (default)
2023-07-21 21:00:52,297 [main] INFO  server.RaftServerConfigKeys (ConfUtils.java:logGet(46)) - raft.server.data-stream.client.pool.size = 10 (default)
2023-07-21 21:00:52,298 [main] INFO  netty.NettyConfigKeys$DataStream (ConfUtils.java:logGet(46)) - raft.netty.dataStream.server.use-epoll = false (default)
2023-07-21 21:00:52,298 [main] INFO  netty.NettyConfigKeys$DataStream (ConfUtils.java:logGet(46)) - raft.netty.dataStream.server.boss-group.size = 0 (default)
2023-07-21 21:00:52,298 [main] INFO  netty.NettyConfigKeys$DataStream (ConfUtils.java:logGet(46)) - raft.netty.dataStream.server.worker-group.size = 0 (default)
2023-07-21 21:00:52,299 [main] INFO  netty.NettyConfigKeys$DataStream (ConfUtils.java:logGet(46)) - raft.netty.dataStream.server.tls.conf = null (default)
2023-07-21 21:00:52,299 [main] INFO  netty.NettyConfigKeys$DataStream (ConfUtils.java:logGet(46)) - raft.netty.dataStream.host = null (default)
2023-07-21 21:00:52,299 [main] INFO  netty.NettyConfigKeys$DataStream (ConfUtils.java:logGet(46)) - raft.netty.dataStream.port = 15024 (custom)
2023-07-21 21:00:52,302 [om1@group-C5BA1605619E-LeaderElection1] INFO  server.RaftServerConfigKeys (ConfUtils.java:logGet(46)) - raft.server.write.follower.gap.ratio.max = -1.0 (default)
2023-07-21 21:00:52,303 [om1@group-C5BA1605619E-LeaderElection1] INFO  impl.RoleInfo (RoleInfo.java:updateAndGet(139)) - om1: start om1@group-C5BA1605619E-LeaderStateImpl
2023-07-21 21:00:52,307 [main] INFO  server.RaftServerConfigKeys (ConfUtils.java:logGet(46)) - raft.server.threadpool.proxy.cached = true (default)
2023-07-21 21:00:52,308 [main] INFO  server.RaftServerConfigKeys (ConfUtils.java:logGet(46)) - raft.server.threadpool.proxy.size = 0 (default)
2023-07-21 21:00:52,321 [main] INFO  server.RaftServerConfigKeys (ConfUtils.java:logGet(46)) - raft.server.rpc.slowness.timeout = 300s (custom)
2023-07-21 21:00:52,321 [main] INFO  server.RaftServerConfigKeys (ConfUtils.java:logGet(46)) - raft.server.leaderelection.leader.step-down.wait-time = 10s (default)
2023-07-21 21:00:52,321 [main] INFO  server.RaftServerConfigKeys (ConfUtils.java:logGet(46)) - raft.server.storage.dir = [/home/runner/work/ozone/ozone/hadoop-ozone/integration-test/target/test-dir/MiniOzoneClusterImpl-b68b6c12-fe62-42d1-a50b-75b7569d3ce9/datanode-1/data/ratis] (custom)
2023-07-21 21:00:52,323 [81969248-ee02-4e21-8d11-8b7a6db0983e-NettyServerStreamRpc-bossGroup--thread1] INFO  logging.LoggingHandler (AbstractInternalLogger.java:log(148)) - [id: 0x139ce34d] REGISTERED
2023-07-21 21:00:52,329 [81969248-ee02-4e21-8d11-8b7a6db0983e-NettyServerStreamRpc-bossGroup--thread1] INFO  logging.LoggingHandler (AbstractInternalLogger.java:log(148)) - [id: 0x139ce34d] BIND: 0.0.0.0/0.0.0.0:15024
2023-07-21 21:00:52,329 [81969248-ee02-4e21-8d11-8b7a6db0983e-NettyServerStreamRpc-bossGroup--thread1] INFO  logging.LoggingHandler (AbstractInternalLogger.java:log(148)) - [id: 0x139ce34d, L:/0:0:0:0:0:0:0:0:15024] ACTIVE
2023-07-21 21:00:52,335 [main] INFO  server.XceiverServerGrpc (XceiverServerGrpc.java:<init>(132)) - GrpcServer channel type EpollServerSocketChannel
2023-07-21 21:00:52,346 [main] INFO  replication.ReplicationSupervisor (ReplicationSupervisor.java:nodeStateUpdated(305)) - Node state updated to IN_SERVICE, scaling executor pool size to 10
2023-07-21 21:00:52,356 [main] INFO  http.BaseHttpServer (BaseHttpServer.java:newHttpServer2BuilderForOzone(224)) - Starting Web-server for hddsDatanode at: http://0.0.0.0:15018
2023-07-21 21:00:52,356 [main] INFO  http.BaseHttpServer (BaseHttpServer.java:<init>(111)) - Hadoop Security Enabled: false Ozone Security Enabled: false Ozone HTTP Security Enabled: false 
2023-07-21 21:00:52,360 [main] WARN  server.AuthenticationFilter (AuthenticationFilter.java:constructSecretProvider(240)) - Unable to initialize FileSignerSecretProvider, falling back to use random secrets. Reason: Could not read signature secret file: /home/runner/hadoop-http-auth-signature-secret
2023-07-21 21:00:52,375 [main] INFO  http.HttpRequestLog (HttpRequestLog.java:getRequestLog(86)) - Http request log for http.requests.hddsDatanode is not defined
2023-07-21 21:00:52,377 [main] INFO  http.HttpServer2 (HttpServer2.java:addGlobalFilter(1031)) - Added global filter 'safety' (class=org.apache.hadoop.hdds.server.http.HttpServer2$QuotingInputFilter)
2023-07-21 21:00:52,379 [main] INFO  http.HttpServer2 (HttpServer2.java:addFilter(1007)) - Added filter static_user_filter (class=org.apache.hadoop.http.lib.StaticUserWebFilter$StaticUserFilter) to context hddsDatanode
2023-07-21 21:00:52,379 [main] INFO  http.HttpServer2 (HttpServer2.java:addFilter(1015)) - Added filter static_user_filter (class=org.apache.hadoop.http.lib.StaticUserWebFilter$StaticUserFilter) to context static
2023-07-21 21:00:52,379 [main] INFO  http.HttpServer2 (HttpServer2.java:addFilter(1015)) - Added filter static_user_filter (class=org.apache.hadoop.http.lib.StaticUserWebFilter$StaticUserFilter) to context logs
2023-07-21 21:00:52,380 [main] INFO  http.BaseHttpServer (BaseHttpServer.java:<init>(190)) - HTTP server of hddsDatanode uses base directory /home/runner/work/ozone/ozone/hadoop-ozone/integration-test/target/test-dir/MiniOzoneClusterImpl-b68b6c12-fe62-42d1-a50b-75b7569d3ce9/datanode-1/meta/webserver
2023-07-21 21:00:52,380 [main] INFO  http.HttpServer2 (HttpServer2.java:bindListener(1250)) - Jetty bound to port 15018
2023-07-21 21:00:52,380 [main] INFO  server.Server (Server.java:doStart(375)) - jetty-9.4.51.v20230217; built: 2023-02-17T08:19:37.309Z; git: b45c405e4544384de066f814ed42ae3dceacdd49; jvm 1.8.0_372-b07
2023-07-21 21:00:52,378 [om1@group-C5BA1605619E-LeaderElection1] INFO  segmented.SegmentedRaftLogWorker (SegmentedRaftLogWorker.java:startLogSegment(447)) - om1@group-C5BA1605619E-SegmentedRaftLogWorker: Starting segment from index:0
2023-07-21 21:00:52,450 [main] INFO  server.session (DefaultSessionIdManager.java:doStart(334)) - DefaultSessionIdManager workerName=node0
2023-07-21 21:00:52,450 [main] INFO  server.session (DefaultSessionIdManager.java:doStart(339)) - No SessionScavenger set, using defaults
2023-07-21 21:00:52,451 [main] INFO  server.session (HouseKeeper.java:startScavenging(132)) - node0 Scavenging every 600000ms
2023-07-21 21:00:52,458 [main] INFO  handler.ContextHandler (ContextHandler.java:doStart(921)) - Started o.e.j.s.ServletContextHandler@746cae96{logs,/logs,file:///home/runner/work/ozone/ozone/hadoop-ozone/integration-test/target/log,AVAILABLE}
2023-07-21 21:00:52,459 [main] INFO  handler.ContextHandler (ContextHandler.java:doStart(921)) - Started o.e.j.s.ServletContextHandler@71769652{static,/static,jar:file:/home/runner/.m2/repository/org/apache/ozone/hdds-container-service/1.4.0-SNAPSHOT/hdds-container-service-1.4.0-SNAPSHOT.jar!/webapps/static,AVAILABLE}
2023-07-21 21:00:52,480 [om1@group-C5BA1605619E-LeaderElection1] INFO  server.RaftServer$Division (ServerState.java:setRaftConf(434)) - om1@group-C5BA1605619E: set configuration 0: peers:[om1|rpc:localhost:15007|admin:|client:|dataStream:|priority:0|startupRole:FOLLOWER]|listeners:[], old=null
2023-07-21 21:00:52,493 [Datanode State Machine Task Thread - 0] INFO  datanode.InitDatanodeState (InitDatanodeState.java:persistContainerDatanodeDetails(138)) - DatanodeDetails is persisted to /home/runner/work/ozone/ozone/hadoop-ozone/integration-test/target/test-dir/MiniOzoneClusterImpl-b68b6c12-fe62-42d1-a50b-75b7569d3ce9/datanode-0/meta/datanode.id
2023-07-21 21:00:52,591 [om1@group-C5BA1605619E-SegmentedRaftLogWorker] INFO  segmented.SegmentedRaftLogWorker (SegmentedRaftLogWorker.java:execute(651)) - om1@group-C5BA1605619E-SegmentedRaftLogWorker: created new log segment /home/runner/work/ozone/ozone/hadoop-ozone/integration-test/target/test-dir/MiniOzoneClusterImpl-b68b6c12-fe62-42d1-a50b-75b7569d3ce9/ozone-meta/ratis/bf265839-605b-3f16-9796-c5ba1605619e/current/log_inprogress_0
2023-07-21 21:00:52,746 [om1@group-C5BA1605619E-StateMachineUpdater] INFO  ratis.OzoneManagerStateMachine (OzoneManagerStateMachine.java:notifyConfigurationChanged(201)) - Received Configuration change notification from Ratis. New Peer list:
[id: "om1"
address: "localhost:15007"
startupRole: FOLLOWER
]
2023-07-21 21:00:52,751 [main] INFO  handler.ContextHandler (ContextHandler.java:doStart(921)) - Started o.e.j.w.WebAppContext@5a358e59{hddsDatanode,/,file:///home/runner/work/ozone/ozone/hadoop-ozone/integration-test/target/test-dir/MiniOzoneClusterImpl-b68b6c12-fe62-42d1-a50b-75b7569d3ce9/datanode-1/meta/webserver/jetty-0_0_0_0-15018-hdds-container-service-1_4_0-SNAPSHOT_jar-_-any-1516567541490242577/webapp/,AVAILABLE}{jar:file:/home/runner/.m2/repository/org/apache/ozone/hdds-container-service/1.4.0-SNAPSHOT/hdds-container-service-1.4.0-SNAPSHOT.jar!/webapps/hddsDatanode}
2023-07-21 21:00:52,753 [main] INFO  server.AbstractConnector (AbstractConnector.java:doStart(333)) - Started ServerConnector@5c65480d{HTTP/1.1, (http/1.1)}{0.0.0.0:15018}
2023-07-21 21:00:52,754 [main] INFO  server.Server (Server.java:doStart(415)) - Started @9483ms
2023-07-21 21:00:52,754 [main] WARN  impl.MetricsSystemImpl (MetricsSystemImpl.java:register(279)) - Sink prometheus already exists!
2023-07-21 21:00:52,755 [main] INFO  http.BaseHttpServer (BaseHttpServer.java:updateConnectorAddress(344)) - HTTP server of hddsDatanode listening at http://0.0.0.0:15018
2023-07-21 21:00:52,756 [main] INFO  ipc.CallQueueManager (CallQueueManager.java:<init>(90)) - Using callQueue: class java.util.concurrent.LinkedBlockingQueue, queueCapacity: 100, scheduler: class org.apache.hadoop.ipc.DefaultRpcScheduler, ipcBackoff: false.
2023-07-21 21:00:52,757 [main] INFO  ipc.Server (Server.java:<init>(1287)) - Listener at 0.0.0.0:15019
2023-07-21 21:00:52,758 [Socket Reader #1 for port 15019] INFO  ipc.Server (Server.java:run(1323)) - Starting Socket Reader #1 for port 15019
2023-07-21 21:00:52,767 [main] INFO  ozone.HddsDatanodeService (HddsDatanodeService.java:start(315)) - Datanode start with admins: [runner]
2023-07-21 21:00:52,767 [main] INFO  ozone.HddsDatanodeClientProtocolServer (HddsDatanodeClientProtocolServer.java:start(72)) - RPC server for Client /0.0.0.0:15019
2023-07-21 21:00:52,767 [IPC Server Responder] INFO  ipc.Server (Server.java:run(1562)) - IPC Server Responder: starting
2023-07-21 21:00:52,768 [IPC Server listener on 15019] INFO  ipc.Server (Server.java:run(1402)) - IPC Server listener on 15019: starting
2023-07-21 21:00:52,768 [main] WARN  impl.MetricRegistriesImpl (MetricRegistriesImpl.java:addReporterRegistration(111)) - New reporters are added after registries were created. Some metrics will be missing from the reporter. Please add reporter before adding any new registry.
2023-07-21 21:00:52,768 [main] WARN  impl.MetricRegistriesImpl (MetricRegistriesImpl.java:addReporterRegistration(111)) - New reporters are added after registries were created. Some metrics will be missing from the reporter. Please add reporter before adding any new registry.
2023-07-21 21:00:52,768 [main] INFO  impl.MetricsSystemImpl (MetricsSystemImpl.java:init(158)) - HddsDatanode metrics system started (again)
2023-07-21 21:00:52,776 [Datanode State Machine Daemon Thread] INFO  statemachine.DatanodeStateMachine (DatanodeStateMachine.java:lambda$startDaemon$0(531)) - Ozone container server started.
2023-07-21 21:00:52,786 [main] INFO  ozone.HddsDatanodeService (HddsDatanodeService.java:start(237)) - HddsDatanodeService host:fv-az202-275.ngw3kpfb2bguzbtcwuqjmbcvef.gx.internal.cloudapp.net ip:10.1.0.132
2023-07-21 21:00:52,807 [Datanode State Machine Task Thread - 0] INFO  datanode.InitDatanodeState (InitDatanodeState.java:persistContainerDatanodeDetails(138)) - DatanodeDetails is persisted to /home/runner/work/ozone/ozone/hadoop-ozone/integration-test/target/test-dir/MiniOzoneClusterImpl-b68b6c12-fe62-42d1-a50b-75b7569d3ce9/datanode-1/meta/datanode.id
2023-07-21 21:00:52,826 [main] INFO  upgrade.AbstractLayoutVersionManager (AbstractLayoutVersionManager.java:init(83)) - Initializing Layout version manager with metadata layout = HADOOP_PRC_PORTS_IN_DATANODEDETAILS (version = 7), software layout = HADOOP_PRC_PORTS_IN_DATANODEDETAILS (version = 7)
2023-07-21 21:00:52,827 [main] INFO  statemachine.DatanodeStateMachine (DatanodeStateMachine.java:getEndPointTaskThreadPoolSize(279)) - Datanode State Machine Task Thread Pool size 2
2023-07-21 21:00:52,838 [main] INFO  volume.HddsVolume (HddsVolume.java:<init>(126)) - Creating HddsVolume: /home/runner/work/ozone/ozone/hadoop-ozone/integration-test/target/test-dir/MiniOzoneClusterImpl-b68b6c12-fe62-42d1-a50b-75b7569d3ce9/datanode-2/data-0/containers/hdds of storage type : DISK capacity : 9223372036854775807
2023-07-21 21:00:52,841 [main] INFO  volume.MutableVolumeSet (MutableVolumeSet.java:initializeVolumeSet(175)) - Added Volume : /home/runner/work/ozone/ozone/hadoop-ozone/integration-test/target/test-dir/MiniOzoneClusterImpl-b68b6c12-fe62-42d1-a50b-75b7569d3ce9/datanode-2/data-0/containers/hdds to VolumeSet
2023-07-21 21:00:52,843 [main] INFO  volume.ThrottledAsyncChecker (ThrottledAsyncChecker.java:schedule(141)) - Scheduling a check for /home/runner/work/ozone/ozone/hadoop-ozone/integration-test/target/test-dir/MiniOzoneClusterImpl-b68b6c12-fe62-42d1-a50b-75b7569d3ce9/datanode-2/data-0/containers/hdds
2023-07-21 21:00:52,844 [main] INFO  volume.StorageVolumeChecker (StorageVolumeChecker.java:checkAllVolumes(202)) - Scheduled health check for volume /home/runner/work/ozone/ozone/hadoop-ozone/integration-test/target/test-dir/MiniOzoneClusterImpl-b68b6c12-fe62-42d1-a50b-75b7569d3ce9/datanode-2/data-0/containers/hdds
2023-07-21 21:00:52,854 [main] INFO  volume.MutableVolumeSet (MutableVolumeSet.java:initializeVolumeSet(175)) - Added Volume : /home/runner/work/ozone/ozone/hadoop-ozone/integration-test/target/test-dir/MiniOzoneClusterImpl-b68b6c12-fe62-42d1-a50b-75b7569d3ce9/datanode-2/data/ratis to VolumeSet
2023-07-21 21:00:52,854 [main] INFO  volume.ThrottledAsyncChecker (ThrottledAsyncChecker.java:schedule(141)) - Scheduling a check for /home/runner/work/ozone/ozone/hadoop-ozone/integration-test/target/test-dir/MiniOzoneClusterImpl-b68b6c12-fe62-42d1-a50b-75b7569d3ce9/datanode-2/data/ratis
2023-07-21 21:00:52,855 [main] INFO  volume.StorageVolumeChecker (StorageVolumeChecker.java:checkAllVolumes(202)) - Scheduled health check for volume /home/runner/work/ozone/ozone/hadoop-ozone/integration-test/target/test-dir/MiniOzoneClusterImpl-b68b6c12-fe62-42d1-a50b-75b7569d3ce9/datanode-2/data/ratis
2023-07-21 21:00:52,866 [Thread-175] INFO  ozoneimpl.ContainerReader (ContainerReader.java:readVolume(177)) - Finish verifying containers on volume /home/runner/work/ozone/ozone/hadoop-ozone/integration-test/target/test-dir/MiniOzoneClusterImpl-b68b6c12-fe62-42d1-a50b-75b7569d3ce9/datanode-2/data-0/containers/hdds
2023-07-21 21:00:52,866 [main] INFO  ozoneimpl.OzoneContainer (OzoneContainer.java:buildContainerSet(316)) - Build ContainerSet costs 0s
2023-07-21 21:00:52,870 [main] INFO  server.RaftServer (ConfUtils.java:logGet(46)) - raft.rpc.type = GRPC (default)
2023-07-21 21:00:52,870 [main] INFO  grpc.GrpcConfigKeys (ConfUtils.java:logFallback(53)) - raft.grpc.admin.host = null (fallback to raft.grpc.server.host)
2023-07-21 21:00:52,871 [main] INFO  grpc.GrpcConfigKeys (ConfUtils.java:logGet(46)) - raft.grpc.admin.port = 15031 (custom)
2023-07-21 21:00:52,871 [main] INFO  grpc.GrpcConfigKeys (ConfUtils.java:logFallback(53)) - raft.grpc.client.host = null (fallback to raft.grpc.server.host)
2023-07-21 21:00:52,871 [main] INFO  grpc.GrpcConfigKeys (ConfUtils.java:logGet(46)) - raft.grpc.client.port = 15030 (custom)
2023-07-21 21:00:52,871 [main] INFO  grpc.GrpcConfigKeys (ConfUtils.java:logGet(46)) - raft.grpc.server.host = null (default)
2023-07-21 21:00:52,871 [main] INFO  grpc.GrpcConfigKeys (ConfUtils.java:logGet(46)) - raft.grpc.server.port = 15032 (custom)
2023-07-21 21:00:52,871 [main] INFO  server.GrpcService (ConfUtils.java:logGet(46)) - raft.grpc.message.size.max = 32MB (=33554432) (custom)
2023-07-21 21:00:52,871 [main] INFO  server.RaftServerConfigKeys (ConfUtils.java:logGet(46)) - raft.server.log.appender.buffer.byte-limit = 33554432 (custom)
2023-07-21 21:00:52,872 [main] INFO  server.GrpcService (ConfUtils.java:logGet(46)) - raft.grpc.flow.control.window = 5MB (=5242880) (custom)
2023-07-21 21:00:52,872 [main] INFO  server.RaftServerConfigKeys (ConfUtils.java:logGet(46)) - raft.server.rpc.request.timeout = 60s (custom)
2023-07-21 21:00:52,872 [main] INFO  grpc.GrpcConfigKeys (ConfUtils.java:logGet(46)) - raft.grpc.server.heartbeat.channel = true (default)
2023-07-21 21:00:52,872 [main] INFO  grpc.GrpcConfigKeys (ConfUtils.java:logGet(46)) - raft.grpc.server.async.request.thread.pool.cached = true (default)
2023-07-21 21:00:52,872 [main] INFO  grpc.GrpcConfigKeys (ConfUtils.java:logGet(46)) - raft.grpc.server.async.request.thread.pool.size = 32 (default)
2023-07-21 21:00:52,877 [main] INFO  impl.DataStreamServerImpl (ConfUtils.java:logGet(46)) - raft.datastream.type = NETTY (custom)
2023-07-21 21:00:52,881 [main] INFO  server.RaftServerConfigKeys (ConfUtils.java:logGet(46)) - raft.server.data-stream.async.request.thread.pool.cached = false (default)
2023-07-21 21:00:52,882 [main] INFO  server.RaftServerConfigKeys (ConfUtils.java:logGet(46)) - raft.server.data-stream.async.request.thread.pool.size = 20 (custom)
2023-07-21 21:00:52,882 [main] INFO  server.RaftServerConfigKeys (ConfUtils.java:logGet(46)) - raft.server.data-stream.async.write.thread.pool.size = 16 (default)
2023-07-21 21:00:52,882 [main] INFO  server.RaftServerConfigKeys (ConfUtils.java:logGet(46)) - raft.server.data-stream.client.pool.size = 10 (default)
2023-07-21 21:00:52,882 [main] INFO  netty.NettyConfigKeys$DataStream (ConfUtils.java:logGet(46)) - raft.netty.dataStream.server.use-epoll = false (default)
2023-07-21 21:00:52,883 [main] INFO  netty.NettyConfigKeys$DataStream (ConfUtils.java:logGet(46)) - raft.netty.dataStream.server.boss-group.size = 0 (default)
2023-07-21 21:00:52,883 [main] INFO  netty.NettyConfigKeys$DataStream (ConfUtils.java:logGet(46)) - raft.netty.dataStream.server.worker-group.size = 0 (default)
2023-07-21 21:00:52,884 [main] INFO  netty.NettyConfigKeys$DataStream (ConfUtils.java:logGet(46)) - raft.netty.dataStream.server.tls.conf = null (default)
2023-07-21 21:00:52,884 [main] INFO  netty.NettyConfigKeys$DataStream (ConfUtils.java:logGet(46)) - raft.netty.dataStream.host = null (default)
2023-07-21 21:00:52,884 [main] INFO  netty.NettyConfigKeys$DataStream (ConfUtils.java:logGet(46)) - raft.netty.dataStream.port = 15033 (custom)
2023-07-21 21:00:52,885 [main] INFO  server.RaftServerConfigKeys (ConfUtils.java:logGet(46)) - raft.server.threadpool.proxy.cached = true (default)
2023-07-21 21:00:52,890 [main] INFO  server.RaftServerConfigKeys (ConfUtils.java:logGet(46)) - raft.server.threadpool.proxy.size = 0 (default)
2023-07-21 21:00:52,891 [main] INFO  server.RaftServerConfigKeys (ConfUtils.java:logGet(46)) - raft.server.rpc.slowness.timeout = 300s (custom)
2023-07-21 21:00:52,891 [main] INFO  server.RaftServerConfigKeys (ConfUtils.java:logGet(46)) - raft.server.leaderelection.leader.step-down.wait-time = 10s (default)
2023-07-21 21:00:52,892 [main] INFO  server.RaftServerConfigKeys (ConfUtils.java:logGet(46)) - raft.server.storage.dir = [/home/runner/work/ozone/ozone/hadoop-ozone/integration-test/target/test-dir/MiniOzoneClusterImpl-b68b6c12-fe62-42d1-a50b-75b7569d3ce9/datanode-2/data/ratis] (custom)
2023-07-21 21:00:52,892 [7f3a4710-33bf-48d3-982c-8a30dd90a1ed-NettyServerStreamRpc-bossGroup--thread1] INFO  logging.LoggingHandler (AbstractInternalLogger.java:log(148)) - [id: 0xf2e2d0b1] REGISTERED
2023-07-21 21:00:52,892 [7f3a4710-33bf-48d3-982c-8a30dd90a1ed-NettyServerStreamRpc-bossGroup--thread1] INFO  logging.LoggingHandler (AbstractInternalLogger.java:log(148)) - [id: 0xf2e2d0b1] BIND: 0.0.0.0/0.0.0.0:15033
2023-07-21 21:00:52,892 [7f3a4710-33bf-48d3-982c-8a30dd90a1ed-NettyServerStreamRpc-bossGroup--thread1] INFO  logging.LoggingHandler (AbstractInternalLogger.java:log(148)) - [id: 0xf2e2d0b1, L:/0:0:0:0:0:0:0:0:15033] ACTIVE
2023-07-21 21:00:52,901 [main] INFO  server.XceiverServerGrpc (XceiverServerGrpc.java:<init>(132)) - GrpcServer channel type EpollServerSocketChannel
2023-07-21 21:00:52,909 [main] INFO  replication.ReplicationSupervisor (ReplicationSupervisor.java:nodeStateUpdated(305)) - Node state updated to IN_SERVICE, scaling executor pool size to 10
2023-07-21 21:00:52,918 [main] INFO  http.BaseHttpServer (BaseHttpServer.java:newHttpServer2BuilderForOzone(224)) - Starting Web-server for hddsDatanode at: http://0.0.0.0:15027
2023-07-21 21:00:52,918 [main] INFO  http.BaseHttpServer (BaseHttpServer.java:<init>(111)) - Hadoop Security Enabled: false Ozone Security Enabled: false Ozone HTTP Security Enabled: false 
2023-07-21 21:00:52,920 [main] WARN  server.AuthenticationFilter (AuthenticationFilter.java:constructSecretProvider(240)) - Unable to initialize FileSignerSecretProvider, falling back to use random secrets. Reason: Could not read signature secret file: /home/runner/hadoop-http-auth-signature-secret
2023-07-21 21:00:52,921 [main] INFO  http.HttpRequestLog (HttpRequestLog.java:getRequestLog(86)) - Http request log for http.requests.hddsDatanode is not defined
2023-07-21 21:00:52,923 [main] INFO  http.HttpServer2 (HttpServer2.java:addGlobalFilter(1031)) - Added global filter 'safety' (class=org.apache.hadoop.hdds.server.http.HttpServer2$QuotingInputFilter)
2023-07-21 21:00:52,927 [main] INFO  http.HttpServer2 (HttpServer2.java:addFilter(1007)) - Added filter static_user_filter (class=org.apache.hadoop.http.lib.StaticUserWebFilter$StaticUserFilter) to context hddsDatanode
2023-07-21 21:00:52,927 [main] INFO  http.HttpServer2 (HttpServer2.java:addFilter(1015)) - Added filter static_user_filter (class=org.apache.hadoop.http.lib.StaticUserWebFilter$StaticUserFilter) to context static
2023-07-21 21:00:52,927 [main] INFO  http.HttpServer2 (HttpServer2.java:addFilter(1015)) - Added filter static_user_filter (class=org.apache.hadoop.http.lib.StaticUserWebFilter$StaticUserFilter) to context logs
2023-07-21 21:00:52,929 [main] INFO  http.BaseHttpServer (BaseHttpServer.java:<init>(190)) - HTTP server of hddsDatanode uses base directory /home/runner/work/ozone/ozone/hadoop-ozone/integration-test/target/test-dir/MiniOzoneClusterImpl-b68b6c12-fe62-42d1-a50b-75b7569d3ce9/datanode-2/meta/webserver
2023-07-21 21:00:52,929 [main] INFO  http.HttpServer2 (HttpServer2.java:bindListener(1250)) - Jetty bound to port 15027
2023-07-21 21:00:52,930 [main] INFO  server.Server (Server.java:doStart(375)) - jetty-9.4.51.v20230217; built: 2023-02-17T08:19:37.309Z; git: b45c405e4544384de066f814ed42ae3dceacdd49; jvm 1.8.0_372-b07
2023-07-21 21:00:52,932 [main] INFO  server.session (DefaultSessionIdManager.java:doStart(334)) - DefaultSessionIdManager workerName=node0
2023-07-21 21:00:52,933 [main] INFO  server.session (DefaultSessionIdManager.java:doStart(339)) - No SessionScavenger set, using defaults
2023-07-21 21:00:52,933 [main] INFO  server.session (HouseKeeper.java:startScavenging(132)) - node0 Scavenging every 600000ms
2023-07-21 21:00:52,934 [main] INFO  handler.ContextHandler (ContextHandler.java:doStart(921)) - Started o.e.j.s.ServletContextHandler@619a61c1{logs,/logs,file:///home/runner/work/ozone/ozone/hadoop-ozone/integration-test/target/log,AVAILABLE}
2023-07-21 21:00:52,936 [main] INFO  handler.ContextHandler (ContextHandler.java:doStart(921)) - Started o.e.j.s.ServletContextHandler@1cb50215{static,/static,jar:file:/home/runner/.m2/repository/org/apache/ozone/hdds-container-service/1.4.0-SNAPSHOT/hdds-container-service-1.4.0-SNAPSHOT.jar!/webapps/static,AVAILABLE}
2023-07-21 21:00:53,147 [main] INFO  handler.ContextHandler (ContextHandler.java:doStart(921)) - Started o.e.j.w.WebAppContext@6d3a662a{hddsDatanode,/,file:///home/runner/work/ozone/ozone/hadoop-ozone/integration-test/target/test-dir/MiniOzoneClusterImpl-b68b6c12-fe62-42d1-a50b-75b7569d3ce9/datanode-2/meta/webserver/jetty-0_0_0_0-15027-hdds-container-service-1_4_0-SNAPSHOT_jar-_-any-5228218808942149079/webapp/,AVAILABLE}{jar:file:/home/runner/.m2/repository/org/apache/ozone/hdds-container-service/1.4.0-SNAPSHOT/hdds-container-service-1.4.0-SNAPSHOT.jar!/webapps/hddsDatanode}
2023-07-21 21:00:53,173 [main] INFO  server.AbstractConnector (AbstractConnector.java:doStart(333)) - Started ServerConnector@56f94ad2{HTTP/1.1, (http/1.1)}{0.0.0.0:15027}
2023-07-21 21:00:53,174 [main] INFO  server.Server (Server.java:doStart(415)) - Started @9904ms
2023-07-21 21:00:53,175 [main] WARN  impl.MetricsSystemImpl (MetricsSystemImpl.java:register(279)) - Sink prometheus already exists!
2023-07-21 21:00:53,176 [main] INFO  http.BaseHttpServer (BaseHttpServer.java:updateConnectorAddress(344)) - HTTP server of hddsDatanode listening at http://0.0.0.0:15027
2023-07-21 21:00:53,177 [main] INFO  ipc.CallQueueManager (CallQueueManager.java:<init>(90)) - Using callQueue: class java.util.concurrent.LinkedBlockingQueue, queueCapacity: 100, scheduler: class org.apache.hadoop.ipc.DefaultRpcScheduler, ipcBackoff: false.
2023-07-21 21:00:53,177 [main] INFO  ipc.Server (Server.java:<init>(1287)) - Listener at 0.0.0.0:15028
2023-07-21 21:00:53,179 [Socket Reader #1 for port 15028] INFO  ipc.Server (Server.java:run(1323)) - Starting Socket Reader #1 for port 15028
2023-07-21 21:00:53,184 [main] INFO  ozone.HddsDatanodeService (HddsDatanodeService.java:start(315)) - Datanode start with admins: [runner]
2023-07-21 21:00:53,185 [main] INFO  ozone.HddsDatanodeClientProtocolServer (HddsDatanodeClientProtocolServer.java:start(72)) - RPC server for Client /0.0.0.0:15028
2023-07-21 21:00:53,185 [IPC Server Responder] INFO  ipc.Server (Server.java:run(1562)) - IPC Server Responder: starting
2023-07-21 21:00:53,185 [IPC Server listener on 15028] INFO  ipc.Server (Server.java:run(1402)) - IPC Server listener on 15028: starting
2023-07-21 21:00:53,193 [main] INFO  ozone.MiniOzoneClusterImpl (MiniOzoneClusterImpl.java:lambda$waitForClusterToBeReady$0(224)) - Waiting for nodes to be ready. Got 0 of 3 DN Heartbeats.
2023-07-21 21:00:53,193 [main] INFO  ozone.MiniOzoneClusterImpl (MiniOzoneClusterImpl.java:lambda$waitForClusterToBeReady$0(227)) - Waiting for cluster to exit safe mode
2023-07-21 21:00:53,193 [main] INFO  ozone.MiniOzoneClusterImpl (MiniOzoneClusterImpl.java:lambda$waitForClusterToBeReady$0(229)) - SCM became leader
2023-07-21 21:00:53,194 [Datanode State Machine Daemon Thread] INFO  statemachine.DatanodeStateMachine (DatanodeStateMachine.java:lambda$startDaemon$0(531)) - Ozone container server started.
2023-07-21 21:00:53,202 [Datanode State Machine Task Thread - 0] INFO  datanode.InitDatanodeState (InitDatanodeState.java:persistContainerDatanodeDetails(138)) - DatanodeDetails is persisted to /home/runner/work/ozone/ozone/hadoop-ozone/integration-test/target/test-dir/MiniOzoneClusterImpl-b68b6c12-fe62-42d1-a50b-75b7569d3ce9/datanode-2/meta/datanode.id
2023-07-21 21:00:54,194 [main] INFO  ozone.MiniOzoneClusterImpl (MiniOzoneClusterImpl.java:lambda$waitForClusterToBeReady$0(224)) - Waiting for nodes to be ready. Got 0 of 3 DN Heartbeats.
2023-07-21 21:00:54,194 [main] INFO  ozone.MiniOzoneClusterImpl (MiniOzoneClusterImpl.java:lambda$waitForClusterToBeReady$0(227)) - Waiting for cluster to exit safe mode
2023-07-21 21:00:54,194 [main] INFO  ozone.MiniOzoneClusterImpl (MiniOzoneClusterImpl.java:lambda$waitForClusterToBeReady$0(229)) - SCM became leader
2023-07-21 21:00:54,317 [EndpointStateMachine task thread for /0.0.0.0:15002 - 0 ] INFO  utils.DatanodeStoreCache (DatanodeStoreCache.java:addDB(66)) - Added db /home/runner/work/ozone/ozone/hadoop-ozone/integration-test/target/test-dir/MiniOzoneClusterImpl-b68b6c12-fe62-42d1-a50b-75b7569d3ce9/datanode-0/data-0/containers/hdds/b68b6c12-fe62-42d1-a50b-75b7569d3ce9/DS-439be497-1f4f-46a6-bb1f-b0d78d7e1c2c/container.db to cache
2023-07-21 21:00:54,322 [EndpointStateMachine task thread for /0.0.0.0:15002 - 0 ] INFO  volume.HddsVolume (HddsVolume.java:createDbStore(422)) - SchemaV3 db is created and loaded at /home/runner/work/ozone/ozone/hadoop-ozone/integration-test/target/test-dir/MiniOzoneClusterImpl-b68b6c12-fe62-42d1-a50b-75b7569d3ce9/datanode-0/data-0/containers/hdds/b68b6c12-fe62-42d1-a50b-75b7569d3ce9/DS-439be497-1f4f-46a6-bb1f-b0d78d7e1c2c/container.db for volume DS-439be497-1f4f-46a6-bb1f-b0d78d7e1c2c
2023-07-21 21:00:54,325 [EndpointStateMachine task thread for /0.0.0.0:15002 - 0 ] INFO  ozoneimpl.OzoneContainer (OzoneContainer.java:start(419)) - Attempting to start container services.
2023-07-21 21:00:54,329 [EndpointStateMachine task thread for /0.0.0.0:15002 - 0 ] INFO  ozoneimpl.OzoneContainer (OzoneContainer.java:startContainerScrub(327)) - Scheduled background container scanners and the on-demand container scanner have been disabled.
2023-07-21 21:00:54,330 [EndpointStateMachine task thread for /0.0.0.0:15002 - 0 ] INFO  replication.ReplicationServer (ReplicationServer.java:start(128)) - ReplicationServer is started using port 15016
2023-07-21 21:00:54,330 [EndpointStateMachine task thread for /0.0.0.0:15002 - 0 ] INFO  ratis.XceiverServerRatis (XceiverServerRatis.java:start(517)) - Starting XceiverServerRatis 34a92578-a80c-453f-883a-7c67a7b5d4e2
2023-07-21 21:00:54,341 [EndpointStateMachine task thread for /0.0.0.0:15002 - 0 ] INFO  server.RaftServer (RaftServerProxy.java:startImpl(400)) - 34a92578-a80c-453f-883a-7c67a7b5d4e2: start RPC server
2023-07-21 21:00:54,350 [EndpointStateMachine task thread for /0.0.0.0:15002 - 0 ] INFO  server.GrpcService (GrpcService.java:startImpl(302)) - 34a92578-a80c-453f-883a-7c67a7b5d4e2: GrpcService started, listening on 15012
2023-07-21 21:00:54,351 [EndpointStateMachine task thread for /0.0.0.0:15002 - 0 ] INFO  server.GrpcService (GrpcService.java:startImpl(302)) - 34a92578-a80c-453f-883a-7c67a7b5d4e2: GrpcService started, listening on 15014
2023-07-21 21:00:54,353 [EndpointStateMachine task thread for /0.0.0.0:15002 - 0 ] INFO  server.GrpcService (GrpcService.java:startImpl(302)) - 34a92578-a80c-453f-883a-7c67a7b5d4e2: GrpcService started, listening on 15013
2023-07-21 21:00:54,354 [EndpointStateMachine task thread for /0.0.0.0:15002 - 0 ] INFO  ratis.XceiverServerRatis (XceiverServerRatis.java:getRealPort(543)) - XceiverServerRatis 34a92578-a80c-453f-883a-7c67a7b5d4e2 is started using port 15012 for RATIS
2023-07-21 21:00:54,354 [EndpointStateMachine task thread for /0.0.0.0:15002 - 0 ] INFO  ratis.XceiverServerRatis (XceiverServerRatis.java:getRealPort(543)) - XceiverServerRatis 34a92578-a80c-453f-883a-7c67a7b5d4e2 is started using port 15013 for RATIS_ADMIN
2023-07-21 21:00:54,354 [EndpointStateMachine task thread for /0.0.0.0:15002 - 0 ] INFO  ratis.XceiverServerRatis (XceiverServerRatis.java:getRealPort(543)) - XceiverServerRatis 34a92578-a80c-453f-883a-7c67a7b5d4e2 is started using port 15014 for RATIS_SERVER
2023-07-21 21:00:54,354 [EndpointStateMachine task thread for /0.0.0.0:15002 - 0 ] INFO  ratis.XceiverServerRatis (XceiverServerRatis.java:getRealPort(543)) - XceiverServerRatis 34a92578-a80c-453f-883a-7c67a7b5d4e2 is started using port 15015 for RATIS_DATASTREAM
2023-07-21 21:00:54,355 [JvmPauseMonitor2] INFO  util.JvmPauseMonitor (JvmPauseMonitor.java:run(103)) - JvmPauseMonitor-34a92578-a80c-453f-883a-7c67a7b5d4e2: Started
2023-07-21 21:00:54,373 [BlockDeletingService#0] INFO  interfaces.ContainerDeletionChoosingPolicyTemplate (ContainerDeletionChoosingPolicyTemplate.java:chooseContainerForBlockDeletion(83)) - Chosen 0/5000 blocks from 0 candidate containers.
2023-07-21 21:00:54,841 [EndpointStateMachine task thread for /0.0.0.0:15002 - 0 ] INFO  utils.DatanodeStoreCache (DatanodeStoreCache.java:addDB(66)) - Added db /home/runner/work/ozone/ozone/hadoop-ozone/integration-test/target/test-dir/MiniOzoneClusterImpl-b68b6c12-fe62-42d1-a50b-75b7569d3ce9/datanode-1/data-0/containers/hdds/b68b6c12-fe62-42d1-a50b-75b7569d3ce9/DS-e5e5eb5f-0c09-4046-9b3e-5f2b774854e6/container.db to cache
2023-07-21 21:00:54,841 [EndpointStateMachine task thread for /0.0.0.0:15002 - 0 ] INFO  volume.HddsVolume (HddsVolume.java:createDbStore(422)) - SchemaV3 db is created and loaded at /home/runner/work/ozone/ozone/hadoop-ozone/integration-test/target/test-dir/MiniOzoneClusterImpl-b68b6c12-fe62-42d1-a50b-75b7569d3ce9/datanode-1/data-0/containers/hdds/b68b6c12-fe62-42d1-a50b-75b7569d3ce9/DS-e5e5eb5f-0c09-4046-9b3e-5f2b774854e6/container.db for volume DS-e5e5eb5f-0c09-4046-9b3e-5f2b774854e6
2023-07-21 21:00:54,843 [EndpointStateMachine task thread for /0.0.0.0:15002 - 0 ] INFO  ozoneimpl.OzoneContainer (OzoneContainer.java:start(419)) - Attempting to start container services.
2023-07-21 21:00:54,843 [EndpointStateMachine task thread for /0.0.0.0:15002 - 0 ] INFO  ozoneimpl.OzoneContainer (OzoneContainer.java:startContainerScrub(327)) - Scheduled background container scanners and the on-demand container scanner have been disabled.
2023-07-21 21:00:54,845 [EndpointStateMachine task thread for /0.0.0.0:15002 - 0 ] INFO  replication.ReplicationServer (ReplicationServer.java:start(128)) - ReplicationServer is started using port 15025
2023-07-21 21:00:54,846 [EndpointStateMachine task thread for /0.0.0.0:15002 - 0 ] INFO  ratis.XceiverServerRatis (XceiverServerRatis.java:start(517)) - Starting XceiverServerRatis 81969248-ee02-4e21-8d11-8b7a6db0983e
2023-07-21 21:00:54,850 [EndpointStateMachine task thread for /0.0.0.0:15002 - 0 ] INFO  server.RaftServer (RaftServerProxy.java:startImpl(400)) - 81969248-ee02-4e21-8d11-8b7a6db0983e: start RPC server
2023-07-21 21:00:54,852 [EndpointStateMachine task thread for /0.0.0.0:15002 - 0 ] INFO  server.GrpcService (GrpcService.java:startImpl(302)) - 81969248-ee02-4e21-8d11-8b7a6db0983e: GrpcService started, listening on 15021
2023-07-21 21:00:54,856 [EndpointStateMachine task thread for /0.0.0.0:15002 - 0 ] INFO  server.GrpcService (GrpcService.java:startImpl(302)) - 81969248-ee02-4e21-8d11-8b7a6db0983e: GrpcService started, listening on 15023
2023-07-21 21:00:54,860 [EndpointStateMachine task thread for /0.0.0.0:15002 - 0 ] INFO  server.GrpcService (GrpcService.java:startImpl(302)) - 81969248-ee02-4e21-8d11-8b7a6db0983e: GrpcService started, listening on 15022
2023-07-21 21:00:54,860 [EndpointStateMachine task thread for /0.0.0.0:15002 - 0 ] INFO  ratis.XceiverServerRatis (XceiverServerRatis.java:getRealPort(543)) - XceiverServerRatis 81969248-ee02-4e21-8d11-8b7a6db0983e is started using port 15021 for RATIS
2023-07-21 21:00:54,860 [JvmPauseMonitor3] INFO  util.JvmPauseMonitor (JvmPauseMonitor.java:run(103)) - JvmPauseMonitor-81969248-ee02-4e21-8d11-8b7a6db0983e: Started
2023-07-21 21:00:54,860 [EndpointStateMachine task thread for /0.0.0.0:15002 - 0 ] INFO  ratis.XceiverServerRatis (XceiverServerRatis.java:getRealPort(543)) - XceiverServerRatis 81969248-ee02-4e21-8d11-8b7a6db0983e is started using port 15022 for RATIS_ADMIN
2023-07-21 21:00:54,860 [EndpointStateMachine task thread for /0.0.0.0:15002 - 0 ] INFO  ratis.XceiverServerRatis (XceiverServerRatis.java:getRealPort(543)) - XceiverServerRatis 81969248-ee02-4e21-8d11-8b7a6db0983e is started using port 15023 for RATIS_SERVER
2023-07-21 21:00:54,860 [EndpointStateMachine task thread for /0.0.0.0:15002 - 0 ] INFO  ratis.XceiverServerRatis (XceiverServerRatis.java:getRealPort(543)) - XceiverServerRatis 81969248-ee02-4e21-8d11-8b7a6db0983e is started using port 15024 for RATIS_DATASTREAM
2023-07-21 21:00:54,866 [BlockDeletingService#0] INFO  interfaces.ContainerDeletionChoosingPolicyTemplate (ContainerDeletionChoosingPolicyTemplate.java:chooseContainerForBlockDeletion(83)) - Chosen 0/5000 blocks from 0 candidate containers.
2023-07-21 21:00:55,196 [main] INFO  ozone.MiniOzoneClusterImpl (MiniOzoneClusterImpl.java:lambda$waitForClusterToBeReady$0(224)) - Waiting for nodes to be ready. Got 0 of 3 DN Heartbeats.
2023-07-21 21:00:55,196 [main] INFO  ozone.MiniOzoneClusterImpl (MiniOzoneClusterImpl.java:lambda$waitForClusterToBeReady$0(227)) - Waiting for cluster to exit safe mode
2023-07-21 21:00:55,197 [main] INFO  ozone.MiniOzoneClusterImpl (MiniOzoneClusterImpl.java:lambda$waitForClusterToBeReady$0(229)) - SCM became leader
2023-07-21 21:00:55,232 [EndpointStateMachine task thread for /0.0.0.0:15002 - 0 ] INFO  utils.DatanodeStoreCache (DatanodeStoreCache.java:addDB(66)) - Added db /home/runner/work/ozone/ozone/hadoop-ozone/integration-test/target/test-dir/MiniOzoneClusterImpl-b68b6c12-fe62-42d1-a50b-75b7569d3ce9/datanode-2/data-0/containers/hdds/b68b6c12-fe62-42d1-a50b-75b7569d3ce9/DS-968a076f-eba8-46b3-887a-4ba084d47592/container.db to cache
2023-07-21 21:00:55,232 [EndpointStateMachine task thread for /0.0.0.0:15002 - 0 ] INFO  volume.HddsVolume (HddsVolume.java:createDbStore(422)) - SchemaV3 db is created and loaded at /home/runner/work/ozone/ozone/hadoop-ozone/integration-test/target/test-dir/MiniOzoneClusterImpl-b68b6c12-fe62-42d1-a50b-75b7569d3ce9/datanode-2/data-0/containers/hdds/b68b6c12-fe62-42d1-a50b-75b7569d3ce9/DS-968a076f-eba8-46b3-887a-4ba084d47592/container.db for volume DS-968a076f-eba8-46b3-887a-4ba084d47592
2023-07-21 21:00:55,236 [EndpointStateMachine task thread for /0.0.0.0:15002 - 0 ] INFO  ozoneimpl.OzoneContainer (OzoneContainer.java:start(419)) - Attempting to start container services.
2023-07-21 21:00:55,236 [EndpointStateMachine task thread for /0.0.0.0:15002 - 0 ] INFO  ozoneimpl.OzoneContainer (OzoneContainer.java:startContainerScrub(327)) - Scheduled background container scanners and the on-demand container scanner have been disabled.
2023-07-21 21:00:55,239 [EndpointStateMachine task thread for /0.0.0.0:15002 - 0 ] INFO  replication.ReplicationServer (ReplicationServer.java:start(128)) - ReplicationServer is started using port 15034
2023-07-21 21:00:55,240 [EndpointStateMachine task thread for /0.0.0.0:15002 - 0 ] INFO  ratis.XceiverServerRatis (XceiverServerRatis.java:start(517)) - Starting XceiverServerRatis 7f3a4710-33bf-48d3-982c-8a30dd90a1ed
2023-07-21 21:00:55,240 [EndpointStateMachine task thread for /0.0.0.0:15002 - 0 ] INFO  server.RaftServer (RaftServerProxy.java:startImpl(400)) - 7f3a4710-33bf-48d3-982c-8a30dd90a1ed: start RPC server
2023-07-21 21:00:55,243 [EndpointStateMachine task thread for /0.0.0.0:15002 - 0 ] INFO  server.GrpcService (GrpcService.java:startImpl(302)) - 7f3a4710-33bf-48d3-982c-8a30dd90a1ed: GrpcService started, listening on 15030
2023-07-21 21:00:55,245 [EndpointStateMachine task thread for /0.0.0.0:15002 - 0 ] INFO  server.GrpcService (GrpcService.java:startImpl(302)) - 7f3a4710-33bf-48d3-982c-8a30dd90a1ed: GrpcService started, listening on 15032
2023-07-21 21:00:55,248 [EndpointStateMachine task thread for /0.0.0.0:15002 - 0 ] INFO  server.GrpcService (GrpcService.java:startImpl(302)) - 7f3a4710-33bf-48d3-982c-8a30dd90a1ed: GrpcService started, listening on 15031
2023-07-21 21:00:55,248 [EndpointStateMachine task thread for /0.0.0.0:15002 - 0 ] INFO  ratis.XceiverServerRatis (XceiverServerRatis.java:getRealPort(543)) - XceiverServerRatis 7f3a4710-33bf-48d3-982c-8a30dd90a1ed is started using port 15030 for RATIS
2023-07-21 21:00:55,249 [EndpointStateMachine task thread for /0.0.0.0:15002 - 0 ] INFO  ratis.XceiverServerRatis (XceiverServerRatis.java:getRealPort(543)) - XceiverServerRatis 7f3a4710-33bf-48d3-982c-8a30dd90a1ed is started using port 15031 for RATIS_ADMIN
2023-07-21 21:00:55,249 [EndpointStateMachine task thread for /0.0.0.0:15002 - 0 ] INFO  ratis.XceiverServerRatis (XceiverServerRatis.java:getRealPort(543)) - XceiverServerRatis 7f3a4710-33bf-48d3-982c-8a30dd90a1ed is started using port 15032 for RATIS_SERVER
2023-07-21 21:00:55,249 [EndpointStateMachine task thread for /0.0.0.0:15002 - 0 ] INFO  ratis.XceiverServerRatis (XceiverServerRatis.java:getRealPort(543)) - XceiverServerRatis 7f3a4710-33bf-48d3-982c-8a30dd90a1ed is started using port 15033 for RATIS_DATASTREAM
2023-07-21 21:00:55,250 [JvmPauseMonitor4] INFO  util.JvmPauseMonitor (JvmPauseMonitor.java:run(103)) - JvmPauseMonitor-7f3a4710-33bf-48d3-982c-8a30dd90a1ed: Started
2023-07-21 21:00:55,258 [BlockDeletingService#0] INFO  interfaces.ContainerDeletionChoosingPolicyTemplate (ContainerDeletionChoosingPolicyTemplate.java:chooseContainerForBlockDeletion(83)) - Chosen 0/5000 blocks from 0 candidate containers.
2023-07-21 21:00:56,197 [main] INFO  ozone.MiniOzoneClusterImpl (MiniOzoneClusterImpl.java:lambda$waitForClusterToBeReady$0(224)) - Waiting for nodes to be ready. Got 0 of 3 DN Heartbeats.
2023-07-21 21:00:56,197 [main] INFO  ozone.MiniOzoneClusterImpl (MiniOzoneClusterImpl.java:lambda$waitForClusterToBeReady$0(227)) - Waiting for cluster to exit safe mode
2023-07-21 21:00:56,197 [main] INFO  ozone.MiniOzoneClusterImpl (MiniOzoneClusterImpl.java:lambda$waitForClusterToBeReady$0(229)) - SCM became leader
2023-07-21 21:00:56,208 [IPC Server handler 2 on default port 15002] INFO  net.NetworkTopologyImpl (NetworkTopologyImpl.java:add(112)) - Added a new node: /default-rack/34a92578-a80c-453f-883a-7c67a7b5d4e2
2023-07-21 21:00:56,212 [IPC Server handler 2 on default port 15002] INFO  node.SCMNodeManager (SCMNodeManager.java:register(405)) - Registered Data node : 34a92578-a80c-453f-883a-7c67a7b5d4e2{ip: 10.1.0.132, host: fv-az202-275.ngw3kpfb2bguzbtcwuqjmbcvef.gx.internal.cloudapp.net, ports: [HTTP=15009, CLIENT_RPC=15010, REPLICATION=15016, RATIS=15012, RATIS_ADMIN=15013, RATIS_SERVER=15014, RATIS_DATASTREAM=15015, STANDALONE=15011], networkLocation: /default-rack, certSerialId: null, persistedOpState: null, persistedOpStateExpiryEpochSec: 0}
2023-07-21 21:00:56,216 [EventQueue-NodeRegistrationContainerReportForContainerSafeModeRule] INFO  safemode.SCMSafeModeManager (SCMSafeModeManager.java:validateSafeModeExitRules(200)) - ContainerSafeModeRule rule is successfully validated
2023-07-21 21:00:56,217 [EventQueue-NodeRegistrationContainerReportForDataNodeSafeModeRule] INFO  safemode.SCMSafeModeManager (DataNodeSafeModeRule.java:process(71)) - SCM in safe mode. 1 DataNodes registered, 3 required.
2023-07-21 21:00:56,220 [EventQueue-NewNodeForNewNodeHandler] INFO  pipeline.BackgroundPipelineCreator (BackgroundPipelineCreator.java:notifyEventTriggered(277)) - trigger a one-shot run on RatisPipelineUtilsThread.
2023-07-21 21:00:56,231 [RatisPipelineUtilsThread - 0] INFO  pipeline.RatisPipelineProvider (RatisPipelineProvider.java:lambda$create$0(206)) - Sending CreatePipelineCommand for pipeline:PipelineID=99d5af05-588f-4b8c-9002-943babb2928e to datanode:34a92578-a80c-453f-883a-7c67a7b5d4e2
2023-07-21 21:00:56,232 [EventQueue-PipelineReportForOneReplicaPipelineSafeModeRule] INFO  safemode.SCMSafeModeManager (SCMSafeModeManager.java:validateSafeModeExitRules(200)) - AtleastOneDatanodeReportedRule rule is successfully validated
2023-07-21 21:00:56,248 [RatisPipelineUtilsThread - 0] INFO  pipeline.BackgroundPipelineCreator (BackgroundPipelineCreator.java:createPipelines(233)) - Created new pipeline Pipeline[ Id: 99d5af05-588f-4b8c-9002-943babb2928e, Nodes: 34a92578-a80c-453f-883a-7c67a7b5d4e2(fv-az202-275.ngw3kpfb2bguzbtcwuqjmbcvef.gx.internal.cloudapp.net/10.1.0.132), ReplicationConfig: RATIS/ONE, State:ALLOCATED, leaderId:, CreationTimestamp2023-07-21T21:00:56.230Z[Etc/UTC]]
2023-07-21 21:00:56,804 [IPC Server handler 0 on default port 15002] INFO  net.NetworkTopologyImpl (NetworkTopologyImpl.java:add(112)) - Added a new node: /default-rack/81969248-ee02-4e21-8d11-8b7a6db0983e
2023-07-21 21:00:56,804 [IPC Server handler 0 on default port 15002] INFO  node.SCMNodeManager (SCMNodeManager.java:register(405)) - Registered Data node : 81969248-ee02-4e21-8d11-8b7a6db0983e{ip: 10.1.0.132, host: fv-az202-275.ngw3kpfb2bguzbtcwuqjmbcvef.gx.internal.cloudapp.net, ports: [HTTP=15018, CLIENT_RPC=15019, REPLICATION=15025, RATIS=15021, RATIS_ADMIN=15022, RATIS_SERVER=15023, RATIS_DATASTREAM=15024, STANDALONE=15020], networkLocation: /default-rack, certSerialId: null, persistedOpState: null, persistedOpStateExpiryEpochSec: 0}
2023-07-21 21:00:56,805 [EventQueue-NewNodeForNewNodeHandler] INFO  pipeline.BackgroundPipelineCreator (BackgroundPipelineCreator.java:notifyEventTriggered(277)) - trigger a one-shot run on RatisPipelineUtilsThread.
2023-07-21 21:00:56,805 [EventQueue-NodeRegistrationContainerReportForDataNodeSafeModeRule] INFO  safemode.SCMSafeModeManager (DataNodeSafeModeRule.java:process(71)) - SCM in safe mode. 2 DataNodes registered, 3 required.
2023-07-21 21:00:56,808 [RatisPipelineUtilsThread - 0] INFO  pipeline.RatisPipelineProvider (RatisPipelineProvider.java:lambda$create$0(206)) - Sending CreatePipelineCommand for pipeline:PipelineID=dc363d63-fd31-4770-81ad-2e99a972c8c6 to datanode:81969248-ee02-4e21-8d11-8b7a6db0983e
2023-07-21 21:00:56,810 [RatisPipelineUtilsThread - 0] INFO  pipeline.BackgroundPipelineCreator (BackgroundPipelineCreator.java:createPipelines(233)) - Created new pipeline Pipeline[ Id: dc363d63-fd31-4770-81ad-2e99a972c8c6, Nodes: 81969248-ee02-4e21-8d11-8b7a6db0983e(fv-az202-275.ngw3kpfb2bguzbtcwuqjmbcvef.gx.internal.cloudapp.net/10.1.0.132), ReplicationConfig: RATIS/ONE, State:ALLOCATED, leaderId:, CreationTimestamp2023-07-21T21:00:56.808Z[Etc/UTC]]
2023-07-21 21:00:57,199 [main] INFO  ozone.MiniOzoneClusterImpl (MiniOzoneClusterImpl.java:lambda$waitForClusterToBeReady$0(224)) - Waiting for nodes to be ready. Got 2 of 3 DN Heartbeats.
2023-07-21 21:00:57,199 [main] INFO  ozone.MiniOzoneClusterImpl (MiniOzoneClusterImpl.java:lambda$waitForClusterToBeReady$0(227)) - Waiting for cluster to exit safe mode
2023-07-21 21:00:57,199 [main] INFO  ozone.MiniOzoneClusterImpl (MiniOzoneClusterImpl.java:lambda$waitForClusterToBeReady$0(229)) - SCM became leader
2023-07-21 21:00:57,199 [IPC Server handler 1 on default port 15002] INFO  net.NetworkTopologyImpl (NetworkTopologyImpl.java:add(112)) - Added a new node: /default-rack/7f3a4710-33bf-48d3-982c-8a30dd90a1ed
2023-07-21 21:00:57,199 [IPC Server handler 1 on default port 15002] INFO  node.SCMNodeManager (SCMNodeManager.java:register(405)) - Registered Data node : 7f3a4710-33bf-48d3-982c-8a30dd90a1ed{ip: 10.1.0.132, host: fv-az202-275.ngw3kpfb2bguzbtcwuqjmbcvef.gx.internal.cloudapp.net, ports: [HTTP=15027, CLIENT_RPC=15028, REPLICATION=15034, RATIS=15030, RATIS_ADMIN=15031, RATIS_SERVER=15032, RATIS_DATASTREAM=15033, STANDALONE=15029], networkLocation: /default-rack, certSerialId: null, persistedOpState: null, persistedOpStateExpiryEpochSec: 0}
2023-07-21 21:00:57,200 [EventQueue-NewNodeForNewNodeHandler] INFO  pipeline.BackgroundPipelineCreator (BackgroundPipelineCreator.java:notifyEventTriggered(277)) - trigger a one-shot run on RatisPipelineUtilsThread.
2023-07-21 21:00:57,200 [EventQueue-NodeRegistrationContainerReportForDataNodeSafeModeRule] INFO  safemode.SCMSafeModeManager (DataNodeSafeModeRule.java:process(71)) - SCM in safe mode. 3 DataNodes registered, 3 required.
2023-07-21 21:00:57,201 [EventQueue-NodeRegistrationContainerReportForDataNodeSafeModeRule] INFO  safemode.SCMSafeModeManager (SCMSafeModeManager.java:validateSafeModeExitRules(200)) - DataNodeSafeModeRule rule is successfully validated
2023-07-21 21:00:57,201 [EventQueue-NodeRegistrationContainerReportForDataNodeSafeModeRule] INFO  safemode.SCMSafeModeManager (SCMSafeModeManager.java:completePreCheck(229)) - All SCM safe mode pre check rules have passed
2023-07-21 21:00:57,201 [EventQueue-NodeRegistrationContainerReportForDataNodeSafeModeRule] INFO  ha.SCMContext (SCMContext.java:updateSafeModeStatus(228)) - Update SafeModeStatus from SafeModeStatus{safeModeStatus=true, preCheckPassed=false} to SafeModeStatus{safeModeStatus=true, preCheckPassed=true}.
2023-07-21 21:00:57,201 [EventQueue-NodeRegistrationContainerReportForDataNodeSafeModeRule] INFO  pipeline.BackgroundPipelineCreator (BackgroundPipelineCreator.java:notifyEventTriggered(277)) - trigger a one-shot run on RatisPipelineUtilsThread.
2023-07-21 21:00:57,201 [RatisPipelineUtilsThread - 0] INFO  pipeline.RatisPipelineProvider (RatisPipelineProvider.java:lambda$create$0(206)) - Sending CreatePipelineCommand for pipeline:PipelineID=cd7f64c6-29a7-4c99-8fc7-aae0e9440e73 to datanode:7f3a4710-33bf-48d3-982c-8a30dd90a1ed
2023-07-21 21:00:57,203 [RatisPipelineUtilsThread - 0] INFO  pipeline.BackgroundPipelineCreator (BackgroundPipelineCreator.java:createPipelines(233)) - Created new pipeline Pipeline[ Id: cd7f64c6-29a7-4c99-8fc7-aae0e9440e73, Nodes: 7f3a4710-33bf-48d3-982c-8a30dd90a1ed(fv-az202-275.ngw3kpfb2bguzbtcwuqjmbcvef.gx.internal.cloudapp.net/10.1.0.132), ReplicationConfig: RATIS/ONE, State:ALLOCATED, leaderId:, CreationTimestamp2023-07-21T21:00:57.201Z[Etc/UTC]]
2023-07-21 21:00:57,209 [RatisPipelineUtilsThread - 0] INFO  pipeline.RatisPipelineProvider (RatisPipelineProvider.java:lambda$create$0(206)) - Sending CreatePipelineCommand for pipeline:PipelineID=062a8413-b2ff-4709-b8da-ed15a032931c to datanode:7f3a4710-33bf-48d3-982c-8a30dd90a1ed
2023-07-21 21:00:57,209 [RatisPipelineUtilsThread - 0] INFO  pipeline.RatisPipelineProvider (RatisPipelineProvider.java:lambda$create$0(206)) - Sending CreatePipelineCommand for pipeline:PipelineID=062a8413-b2ff-4709-b8da-ed15a032931c to datanode:81969248-ee02-4e21-8d11-8b7a6db0983e
2023-07-21 21:00:57,210 [RatisPipelineUtilsThread - 0] INFO  pipeline.RatisPipelineProvider (RatisPipelineProvider.java:lambda$create$0(206)) - Sending CreatePipelineCommand for pipeline:PipelineID=062a8413-b2ff-4709-b8da-ed15a032931c to datanode:34a92578-a80c-453f-883a-7c67a7b5d4e2
2023-07-21 21:00:57,211 [RatisPipelineUtilsThread - 0] INFO  pipeline.BackgroundPipelineCreator (BackgroundPipelineCreator.java:createPipelines(233)) - Created new pipeline Pipeline[ Id: 062a8413-b2ff-4709-b8da-ed15a032931c, Nodes: 7f3a4710-33bf-48d3-982c-8a30dd90a1ed(fv-az202-275.ngw3kpfb2bguzbtcwuqjmbcvef.gx.internal.cloudapp.net/10.1.0.132)81969248-ee02-4e21-8d11-8b7a6db0983e(fv-az202-275.ngw3kpfb2bguzbtcwuqjmbcvef.gx.internal.cloudapp.net/10.1.0.132)34a92578-a80c-453f-883a-7c67a7b5d4e2(fv-az202-275.ngw3kpfb2bguzbtcwuqjmbcvef.gx.internal.cloudapp.net/10.1.0.132), ReplicationConfig: RATIS/THREE, State:ALLOCATED, leaderId:, CreationTimestamp2023-07-21T21:00:57.209Z[Etc/UTC]]
2023-07-21 21:00:57,212 [RatisPipelineUtilsThread - 0] INFO  pipeline.RatisPipelineProvider (RatisPipelineProvider.java:lambda$create$0(206)) - Sending CreatePipelineCommand for pipeline:PipelineID=70df405a-b2b2-4ac2-84c7-bda6e8294138 to datanode:7f3a4710-33bf-48d3-982c-8a30dd90a1ed
2023-07-21 21:00:57,212 [RatisPipelineUtilsThread - 0] INFO  pipeline.RatisPipelineProvider (RatisPipelineProvider.java:lambda$create$0(206)) - Sending CreatePipelineCommand for pipeline:PipelineID=70df405a-b2b2-4ac2-84c7-bda6e8294138 to datanode:34a92578-a80c-453f-883a-7c67a7b5d4e2
2023-07-21 21:00:57,213 [RatisPipelineUtilsThread - 0] INFO  pipeline.RatisPipelineProvider (RatisPipelineProvider.java:lambda$create$0(206)) - Sending CreatePipelineCommand for pipeline:PipelineID=70df405a-b2b2-4ac2-84c7-bda6e8294138 to datanode:81969248-ee02-4e21-8d11-8b7a6db0983e
2023-07-21 21:00:57,214 [RatisPipelineUtilsThread - 0] INFO  pipeline.PipelineManagerImpl (PipelineManagerImpl.java:recordMetricsForPipeline(895)) - Pipeline: PipelineID=70df405a-b2b2-4ac2-84c7-bda6e8294138 contains same datanodes as previous pipelines: PipelineID=062a8413-b2ff-4709-b8da-ed15a032931c nodeIds: 7f3a4710-33bf-48d3-982c-8a30dd90a1ed, 34a92578-a80c-453f-883a-7c67a7b5d4e2, 81969248-ee02-4e21-8d11-8b7a6db0983e
2023-07-21 21:00:57,216 [RatisPipelineUtilsThread - 0] INFO  pipeline.BackgroundPipelineCreator (BackgroundPipelineCreator.java:createPipelines(233)) - Created new pipeline Pipeline[ Id: 70df405a-b2b2-4ac2-84c7-bda6e8294138, Nodes: 7f3a4710-33bf-48d3-982c-8a30dd90a1ed(fv-az202-275.ngw3kpfb2bguzbtcwuqjmbcvef.gx.internal.cloudapp.net/10.1.0.132)34a92578-a80c-453f-883a-7c67a7b5d4e2(fv-az202-275.ngw3kpfb2bguzbtcwuqjmbcvef.gx.internal.cloudapp.net/10.1.0.132)81969248-ee02-4e21-8d11-8b7a6db0983e(fv-az202-275.ngw3kpfb2bguzbtcwuqjmbcvef.gx.internal.cloudapp.net/10.1.0.132), ReplicationConfig: RATIS/THREE, State:ALLOCATED, leaderId:, CreationTimestamp2023-07-21T21:00:57.212Z[Etc/UTC]]
2023-07-21 21:00:57,216 [RatisPipelineUtilsThread - 0] WARN  pipeline.PipelinePlacementPolicy (PipelinePlacementPolicy.java:filterViableNodes(166)) - Pipeline creation failed due to no sufficient healthy datanodes. Required 3. Found 0. Excluded 3.
2023-07-21 21:00:58,199 [main] INFO  ozone.MiniOzoneClusterImpl (MiniOzoneClusterImpl.java:lambda$waitForClusterToBeReady$0(224)) - Nodes are ready. Got 3 of 3 DN Heartbeats.
2023-07-21 21:00:58,201 [main] INFO  ozone.MiniOzoneClusterImpl (MiniOzoneClusterImpl.java:lambda$waitForClusterToBeReady$0(227)) - Waiting for cluster to exit safe mode
2023-07-21 21:00:58,201 [main] INFO  ozone.MiniOzoneClusterImpl (MiniOzoneClusterImpl.java:lambda$waitForClusterToBeReady$0(229)) - SCM became leader
2023-07-21 21:00:59,201 [main] INFO  ozone.MiniOzoneClusterImpl (MiniOzoneClusterImpl.java:lambda$waitForClusterToBeReady$0(224)) - Nodes are ready. Got 3 of 3 DN Heartbeats.
2023-07-21 21:00:59,201 [main] INFO  ozone.MiniOzoneClusterImpl (MiniOzoneClusterImpl.java:lambda$waitForClusterToBeReady$0(227)) - Waiting for cluster to exit safe mode
2023-07-21 21:00:59,201 [main] INFO  ozone.MiniOzoneClusterImpl (MiniOzoneClusterImpl.java:lambda$waitForClusterToBeReady$0(229)) - SCM became leader
2023-07-21 21:00:59,218 [PipelineCommandHandlerThread-0] INFO  server.RaftServer (RaftServerProxy.java:addNew(98)) - 34a92578-a80c-453f-883a-7c67a7b5d4e2: addNew group-943BABB2928E:[34a92578-a80c-453f-883a-7c67a7b5d4e2|rpc:10.1.0.132:15014|admin:10.1.0.132:15013|client:10.1.0.132:15012|dataStream:10.1.0.132:15015|priority:1|startupRole:FOLLOWER] returns group-943BABB2928E:java.util.concurrent.CompletableFuture@797a5a9a[Not completed]
2023-07-21 21:00:59,227 [34a92578-a80c-453f-883a-7c67a7b5d4e2-groupManagement] INFO  server.RaftServer$Division (RaftServerImpl.java:<init>(198)) - 34a92578-a80c-453f-883a-7c67a7b5d4e2: new RaftServerImpl for group-943BABB2928E:[34a92578-a80c-453f-883a-7c67a7b5d4e2|rpc:10.1.0.132:15014|admin:10.1.0.132:15013|client:10.1.0.132:15012|dataStream:10.1.0.132:15015|priority:1|startupRole:FOLLOWER] with ContainerStateMachine:uninitialized
2023-07-21 21:00:59,227 [34a92578-a80c-453f-883a-7c67a7b5d4e2-groupManagement] INFO  server.RaftServerConfigKeys (ConfUtils.java:logGet(46)) - raft.server.rpc.timeout.min = 5s (custom)
2023-07-21 21:00:59,227 [34a92578-a80c-453f-883a-7c67a7b5d4e2-groupManagement] INFO  server.RaftServerConfigKeys (ConfUtils.java:logGet(46)) - raft.server.rpc.timeout.max = 5200ms (custom)
2023-07-21 21:00:59,227 [34a92578-a80c-453f-883a-7c67a7b5d4e2-groupManagement] INFO  server.RaftServerConfigKeys (ConfUtils.java:logGet(46)) - raft.server.rpc.sleep.time = 25ms (default)
2023-07-21 21:00:59,227 [34a92578-a80c-453f-883a-7c67a7b5d4e2-groupManagement] INFO  server.RaftServerConfigKeys (ConfUtils.java:logGet(46)) - raft.server.rpc.slowness.timeout = 300s (custom)
2023-07-21 21:00:59,227 [34a92578-a80c-453f-883a-7c67a7b5d4e2-groupManagement] INFO  server.RaftServerConfigKeys (ConfUtils.java:logGet(46)) - raft.server.leaderelection.leader.step-down.wait-time = 10s (default)
2023-07-21 21:00:59,227 [34a92578-a80c-453f-883a-7c67a7b5d4e2-groupManagement] INFO  server.RaftServerConfigKeys (ConfUtils.java:logGet(46)) - raft.server.sleep.deviation.threshold = 300ms (default)
2023-07-21 21:00:59,228 [34a92578-a80c-453f-883a-7c67a7b5d4e2-groupManagement] INFO  server.RaftServer$Division (ServerState.java:<init>(120)) - 34a92578-a80c-453f-883a-7c67a7b5d4e2@group-943BABB2928E: ConfigurationManager, init=-1: peers:[34a92578-a80c-453f-883a-7c67a7b5d4e2|rpc:10.1.0.132:15014|admin:10.1.0.132:15013|client:10.1.0.132:15012|dataStream:10.1.0.132:15015|priority:1|startupRole:FOLLOWER]|listeners:[], old=null, confs=<EMPTY_MAP>
2023-07-21 21:00:59,228 [34a92578-a80c-453f-883a-7c67a7b5d4e2-groupManagement] INFO  server.RaftServerConfigKeys (ConfUtils.java:logGet(46)) - raft.server.storage.dir = [/home/runner/work/ozone/ozone/hadoop-ozone/integration-test/target/test-dir/MiniOzoneClusterImpl-b68b6c12-fe62-42d1-a50b-75b7569d3ce9/datanode-0/data/ratis] (custom)
2023-07-21 21:00:59,228 [34a92578-a80c-453f-883a-7c67a7b5d4e2-groupManagement] INFO  server.RaftServerConfigKeys (ConfUtils.java:logGet(46)) - raft.server.log.corruption.policy = EXCEPTION (default)
2023-07-21 21:00:59,228 [34a92578-a80c-453f-883a-7c67a7b5d4e2-groupManagement] INFO  server.RaftServerConfigKeys (ConfUtils.java:logGet(46)) - raft.server.storage.free-space.min = 0MB (=0) (default)
2023-07-21 21:00:59,228 [34a92578-a80c-453f-883a-7c67a7b5d4e2-groupManagement] INFO  server.RaftServerConfigKeys (ConfUtils.java:logGet(46)) - raft.server.notification.no-leader.timeout = 300s (custom)
2023-07-21 21:00:59,228 [34a92578-a80c-453f-883a-7c67a7b5d4e2-groupManagement] INFO  server.RaftServerConfigKeys (ConfUtils.java:logGet(46)) - raft.server.read.timeout = 10s (default)
2023-07-21 21:00:59,228 [34a92578-a80c-453f-883a-7c67a7b5d4e2-groupManagement] INFO  server.RaftServerConfigKeys (ConfUtils.java:logGet(46)) - raft.server.retrycache.expirytime = 600000ms (custom)
2023-07-21 21:00:59,228 [34a92578-a80c-453f-883a-7c67a7b5d4e2-groupManagement] INFO  server.RaftServerConfigKeys (ConfUtils.java:logGet(46)) - raft.server.retrycache.statistics.expirytime = 100μs (default)
2023-07-21 21:00:59,229 [34a92578-a80c-453f-883a-7c67a7b5d4e2-groupManagement] INFO  server.RaftServerConfigKeys (ConfUtils.java:logGet(46)) - raft.server.read.option = DEFAULT (default)
2023-07-21 21:00:59,230 [34a92578-a80c-453f-883a-7c67a7b5d4e2-groupManagement] INFO  server.RaftServerConfigKeys (ConfUtils.java:logGet(46)) - raft.server.rpc.request.timeout = 60s (custom)
2023-07-21 21:00:59,231 [34a92578-a80c-453f-883a-7c67a7b5d4e2-groupManagement] INFO  server.RaftServerConfigKeys (ConfUtils.java:logGet(46)) - raft.server.log.appender.install.snapshot.enabled = false (custom)
2023-07-21 21:00:59,231 [34a92578-a80c-453f-883a-7c67a7b5d4e2-groupManagement] INFO  server.RaftServerConfigKeys (ConfUtils.java:logGet(46)) - raft.server.threadpool.server.cached = true (default)
2023-07-21 21:00:59,231 [34a92578-a80c-453f-883a-7c67a7b5d4e2-groupManagement] INFO  server.RaftServerConfigKeys (ConfUtils.java:logGet(46)) - raft.server.threadpool.server.size = 0 (default)
2023-07-21 21:00:59,231 [34a92578-a80c-453f-883a-7c67a7b5d4e2-groupManagement] INFO  server.RaftServerConfigKeys (ConfUtils.java:logGet(46)) - raft.server.threadpool.client.cached = true (default)
2023-07-21 21:00:59,231 [34a92578-a80c-453f-883a-7c67a7b5d4e2-groupManagement] INFO  server.RaftServerConfigKeys (ConfUtils.java:logGet(46)) - raft.server.threadpool.client.size = 0 (default)
2023-07-21 21:00:59,231 [34a92578-a80c-453f-883a-7c67a7b5d4e2-groupManagement] INFO  storage.RaftStorageDirectory (RaftStorageDirectoryImpl.java:analyzeStorage(137)) - The storage directory /home/runner/work/ozone/ozone/hadoop-ozone/integration-test/target/test-dir/MiniOzoneClusterImpl-b68b6c12-fe62-42d1-a50b-75b7569d3ce9/datanode-0/data/ratis/99d5af05-588f-4b8c-9002-943babb2928e does not exist. Creating ...
2023-07-21 21:00:59,233 [34a92578-a80c-453f-883a-7c67a7b5d4e2-groupManagement] INFO  storage.RaftStorageDirectory (RaftStorageDirectoryImpl.java:tryLock(231)) - Lock on /home/runner/work/ozone/ozone/hadoop-ozone/integration-test/target/test-dir/MiniOzoneClusterImpl-b68b6c12-fe62-42d1-a50b-75b7569d3ce9/datanode-0/data/ratis/99d5af05-588f-4b8c-9002-943babb2928e/in_use.lock acquired by nodename 26061@fv-az202-275
2023-07-21 21:00:59,234 [34a92578-a80c-453f-883a-7c67a7b5d4e2-groupManagement] INFO  storage.RaftStorage (RaftStorageImpl.java:format(96)) - Storage directory /home/runner/work/ozone/ozone/hadoop-ozone/integration-test/target/test-dir/MiniOzoneClusterImpl-b68b6c12-fe62-42d1-a50b-75b7569d3ce9/datanode-0/data/ratis/99d5af05-588f-4b8c-9002-943babb2928e has been successfully formatted.
2023-07-21 21:00:59,239 [34a92578-a80c-453f-883a-7c67a7b5d4e2-groupManagement] INFO  ratis.ContainerStateMachine (ContainerStateMachine.java:loadSnapshot(262)) - group-943BABB2928E: The snapshot info is null. Setting the last applied indexto:(t:0, i:~)
2023-07-21 21:00:59,239 [34a92578-a80c-453f-883a-7c67a7b5d4e2-groupManagement] INFO  server.RaftServerConfigKeys (ConfUtils.java:logGet(46)) - raft.server.log.use.memory = false (default)
2023-07-21 21:00:59,240 [34a92578-a80c-453f-883a-7c67a7b5d4e2-groupManagement] INFO  server.RaftServerConfigKeys (ConfUtils.java:logGet(46)) - raft.server.log.purge.gap = 1000000 (custom)
2023-07-21 21:00:59,240 [34a92578-a80c-453f-883a-7c67a7b5d4e2-groupManagement] INFO  server.RaftServerConfigKeys (ConfUtils.java:logGet(46)) - raft.server.log.appender.buffer.byte-limit = 33554432 (custom)
2023-07-21 21:00:59,240 [34a92578-a80c-453f-883a-7c67a7b5d4e2-groupManagement] INFO  server.RaftServerConfigKeys (ConfUtils.java:logGet(46)) - raft.server.log.statemachine.data.read.timeout = 1000ms (default)
2023-07-21 21:00:59,240 [34a92578-a80c-453f-883a-7c67a7b5d4e2-groupManagement] INFO  server.RaftServerConfigKeys (ConfUtils.java:logGet(46)) - raft.server.log.purge.preservation.log.num = 0 (default)
2023-07-21 21:00:59,240 [34a92578-a80c-453f-883a-7c67a7b5d4e2-groupManagement] INFO  server.RaftServerConfigKeys (ConfUtils.java:logGet(46)) - raft.server.log.segment.size.max = 1048576 (custom)
2023-07-21 21:00:59,241 [34a92578-a80c-453f-883a-7c67a7b5d4e2-groupManagement] INFO  server.RaftServerConfigKeys (ConfUtils.java:logGet(46)) - raft.server.log.segment.cache.num.max = 2 (custom)
2023-07-21 21:00:59,241 [34a92578-a80c-453f-883a-7c67a7b5d4e2-groupManagement] INFO  server.RaftServerConfigKeys (ConfUtils.java:logGet(46)) - raft.server.log.segment.cache.size.max = 200MB (=209715200) (default)
2023-07-21 21:00:59,241 [34a92578-a80c-453f-883a-7c67a7b5d4e2-groupManagement] INFO  server.RaftServerConfigKeys (ConfUtils.java:logGet(46)) - raft.server.log.appender.buffer.byte-limit = 33554432 (custom)
2023-07-21 21:00:59,241 [34a92578-a80c-453f-883a-7c67a7b5d4e2-groupManagement] INFO  segmented.SegmentedRaftLogWorker (SegmentedRaftLogWorker.java:<init>(188)) - new 34a92578-a80c-453f-883a-7c67a7b5d4e2@group-943BABB2928E-SegmentedRaftLogWorker for RaftStorageImpl:Storage Directory /home/runner/work/ozone/ozone/hadoop-ozone/integration-test/target/test-dir/MiniOzoneClusterImpl-b68b6c12-fe62-42d1-a50b-75b7569d3ce9/datanode-0/data/ratis/99d5af05-588f-4b8c-9002-943babb2928e
2023-07-21 21:00:59,241 [34a92578-a80c-453f-883a-7c67a7b5d4e2-groupManagement] INFO  server.RaftServerConfigKeys (ConfUtils.java:logGet(46)) - raft.server.log.queue.byte-limit = 4294967296 (custom)
2023-07-21 21:00:59,241 [34a92578-a80c-453f-883a-7c67a7b5d4e2-groupManagement] INFO  server.RaftServerConfigKeys (ConfUtils.java:logGet(46)) - raft.server.log.queue.element-limit = 1024 (custom)
2023-07-21 21:00:59,241 [34a92578-a80c-453f-883a-7c67a7b5d4e2-groupManagement] INFO  server.RaftServerConfigKeys (ConfUtils.java:logGet(46)) - raft.server.log.segment.size.max = 1048576 (custom)
2023-07-21 21:00:59,241 [34a92578-a80c-453f-883a-7c67a7b5d4e2-groupManagement] INFO  server.RaftServerConfigKeys (ConfUtils.java:logGet(46)) - raft.server.log.preallocated.size = 16384 (custom)
2023-07-21 21:00:59,241 [34a92578-a80c-453f-883a-7c67a7b5d4e2-groupManagement] INFO  server.RaftServerConfigKeys (ConfUtils.java:logGet(46)) - raft.server.log.force.sync.num = 128 (default)
2023-07-21 21:00:59,241 [34a92578-a80c-453f-883a-7c67a7b5d4e2-groupManagement] INFO  server.RaftServerConfigKeys (ConfUtils.java:logGet(46)) - raft.server.log.statemachine.data.sync = true (default)
2023-07-21 21:00:59,241 [34a92578-a80c-453f-883a-7c67a7b5d4e2-groupManagement] INFO  server.RaftServerConfigKeys (ConfUtils.java:logGet(46)) - raft.server.log.statemachine.data.sync.timeout = 10s (default)
2023-07-21 21:00:59,241 [34a92578-a80c-453f-883a-7c67a7b5d4e2-groupManagement] INFO  server.RaftServerConfigKeys (ConfUtils.java:logGet(46)) - raft.server.log.statemachine.data.sync.timeout.retry = -1 (default)
2023-07-21 21:00:59,243 [34a92578-a80c-453f-883a-7c67a7b5d4e2-groupManagement] INFO  server.RaftServerConfigKeys (ConfUtils.java:logGet(46)) - raft.server.log.write.buffer.size = 1048576 (custom)
2023-07-21 21:00:59,243 [34a92578-a80c-453f-883a-7c67a7b5d4e2-groupManagement] INFO  server.RaftServerConfigKeys (ConfUtils.java:logGet(46)) - raft.server.log.appender.buffer.byte-limit = 33554432 (custom)
2023-07-21 21:00:59,248 [34a92578-a80c-453f-883a-7c67a7b5d4e2-groupManagement] INFO  server.RaftServerConfigKeys (ConfUtils.java:logGet(46)) - raft.server.log.unsafe-flush.enabled = false (default)
2023-07-21 21:00:59,249 [34a92578-a80c-453f-883a-7c67a7b5d4e2-groupManagement] INFO  server.RaftServerConfigKeys (ConfUtils.java:logGet(46)) - raft.server.log.async-flush.enabled = false (default)
2023-07-21 21:00:59,249 [34a92578-a80c-453f-883a-7c67a7b5d4e2-groupManagement] INFO  server.RaftServerConfigKeys (ConfUtils.java:logGet(46)) - raft.server.log.statemachine.data.caching.enabled = true (custom)
2023-07-21 21:00:59,249 [34a92578-a80c-453f-883a-7c67a7b5d4e2-groupManagement] INFO  segmented.SegmentedRaftLogWorker (SegmentedRaftLogWorker.java:lambda$new$0(135)) - 34a92578-a80c-453f-883a-7c67a7b5d4e2@group-943BABB2928E-SegmentedRaftLogWorker: flushIndex: setUnconditionally 0 -> -1
2023-07-21 21:00:59,249 [34a92578-a80c-453f-883a-7c67a7b5d4e2-groupManagement] INFO  segmented.SegmentedRaftLogWorker (SegmentedRaftLogWorker.java:lambda$new$0(135)) - 34a92578-a80c-453f-883a-7c67a7b5d4e2@group-943BABB2928E-SegmentedRaftLogWorker: safeCacheEvictIndex: setUnconditionally 0 -> -1
2023-07-21 21:00:59,249 [34a92578-a80c-453f-883a-7c67a7b5d4e2-groupManagement] INFO  server.RaftServer$Division (RaftServerImpl.java:start(342)) - 34a92578-a80c-453f-883a-7c67a7b5d4e2@group-943BABB2928E: start as a follower, conf=-1: peers:[34a92578-a80c-453f-883a-7c67a7b5d4e2|rpc:10.1.0.132:15014|admin:10.1.0.132:15013|client:10.1.0.132:15012|dataStream:10.1.0.132:15015|priority:1|startupRole:FOLLOWER]|listeners:[], old=null
2023-07-21 21:00:59,249 [34a92578-a80c-453f-883a-7c67a7b5d4e2-groupManagement] INFO  server.RaftServer$Division (RaftServerImpl.java:setRole(329)) - 34a92578-a80c-453f-883a-7c67a7b5d4e2@group-943BABB2928E: changes role from      null to FOLLOWER at term 0 for startAsFollower
2023-07-21 21:00:59,249 [34a92578-a80c-453f-883a-7c67a7b5d4e2-groupManagement] INFO  impl.RoleInfo (RoleInfo.java:updateAndGet(139)) - 34a92578-a80c-453f-883a-7c67a7b5d4e2: start 34a92578-a80c-453f-883a-7c67a7b5d4e2@group-943BABB2928E-FollowerState
2023-07-21 21:00:59,251 [34a92578-a80c-453f-883a-7c67a7b5d4e2-groupManagement] INFO  util.JmxRegister (JmxRegister.java:tryRegister(44)) - Successfully registered JMX Bean with object name Ratis:service=RaftServer,group=group-943BABB2928E,id=34a92578-a80c-453f-883a-7c67a7b5d4e2
2023-07-21 21:00:59,252 [34a92578-a80c-453f-883a-7c67a7b5d4e2-groupManagement] INFO  server.RaftServerConfigKeys (ConfUtils.java:logGet(46)) - raft.server.snapshot.auto.trigger.enabled = true (custom)
2023-07-21 21:00:59,252 [34a92578-a80c-453f-883a-7c67a7b5d4e2-groupManagement] INFO  server.RaftServerConfigKeys (ConfUtils.java:logGet(46)) - raft.server.snapshot.auto.trigger.threshold = 10000 (custom)
2023-07-21 21:00:59,252 [34a92578-a80c-453f-883a-7c67a7b5d4e2-groupManagement] INFO  server.RaftServerConfigKeys (ConfUtils.java:logGet(46)) - raft.server.snapshot.retention.file.num = 5 (custom)
2023-07-21 21:00:59,252 [34a92578-a80c-453f-883a-7c67a7b5d4e2-groupManagement] INFO  server.RaftServerConfigKeys (ConfUtils.java:logGet(46)) - raft.server.log.purge.upto.snapshot.index = false (default)
2023-07-21 21:00:59,257 [34a92578-a80c-453f-883a-7c67a7b5d4e2@group-943BABB2928E-FollowerState] INFO  server.RaftServerConfigKeys (ConfUtils.java:logFallback(53)) - raft.server.rpc.first-election.timeout.min = 5s (fallback to raft.server.rpc.timeout.min)
2023-07-21 21:00:59,257 [34a92578-a80c-453f-883a-7c67a7b5d4e2@group-943BABB2928E-FollowerState] INFO  server.RaftServerConfigKeys (ConfUtils.java:logFallback(53)) - raft.server.rpc.first-election.timeout.max = 5200ms (fallback to raft.server.rpc.timeout.max)
2023-07-21 21:00:59,265 [EventQueue-PipelineReportForPipelineReportHandler] INFO  pipeline.PipelineReportHandler (PipelineReportHandler.java:processPipelineReport(136)) - Opened pipeline PipelineID=99d5af05-588f-4b8c-9002-943babb2928e
2023-07-21 21:00:59,269 [EventQueue-OpenPipelineForHealthyPipelineSafeModeRule] INFO  safemode.SCMSafeModeManager (HealthyPipelineSafeModeRule.java:process(137)) - SCM in safe mode. Healthy pipelines reported count is 0, required healthy pipeline reported count is 1
2023-07-21 21:00:59,269 [PipelineCommandHandlerThread-0] INFO  ratis.XceiverServerRatis (XceiverServerRatis.java:addGroup(804)) - Created group PipelineID=99d5af05-588f-4b8c-9002-943babb2928e
2023-07-21 21:00:59,270 [PipelineCommandHandlerThread-0] INFO  commandhandler.CreatePipelineCommandHandler (CreatePipelineCommandHandler.java:lambda$handle$2(124)) - Created Pipeline RATIS ONE PipelineID=99d5af05-588f-4b8c-9002-943babb2928e.
2023-07-21 21:00:59,270 [PipelineCommandHandlerThread-0] INFO  server.RaftServer (RaftServerProxy.java:addNew(98)) - 34a92578-a80c-453f-883a-7c67a7b5d4e2: addNew group-ED15A032931C:[34a92578-a80c-453f-883a-7c67a7b5d4e2|rpc:10.1.0.132:15014|admin:10.1.0.132:15013|client:10.1.0.132:15012|dataStream:10.1.0.132:15015|priority:0|startupRole:FOLLOWER, 7f3a4710-33bf-48d3-982c-8a30dd90a1ed|rpc:10.1.0.132:15032|admin:10.1.0.132:15031|client:10.1.0.132:15030|dataStream:10.1.0.132:15033|priority:1|startupRole:FOLLOWER, 81969248-ee02-4e21-8d11-8b7a6db0983e|rpc:10.1.0.132:15023|admin:10.1.0.132:15022|client:10.1.0.132:15021|dataStream:10.1.0.132:15024|priority:0|startupRole:FOLLOWER] returns group-ED15A032931C:java.util.concurrent.CompletableFuture@4587ae68[Not completed]
2023-07-21 21:00:59,271 [34a92578-a80c-453f-883a-7c67a7b5d4e2-groupManagement] INFO  server.RaftServer$Division (RaftServerImpl.java:<init>(198)) - 34a92578-a80c-453f-883a-7c67a7b5d4e2: new RaftServerImpl for group-ED15A032931C:[34a92578-a80c-453f-883a-7c67a7b5d4e2|rpc:10.1.0.132:15014|admin:10.1.0.132:15013|client:10.1.0.132:15012|dataStream:10.1.0.132:15015|priority:0|startupRole:FOLLOWER, 7f3a4710-33bf-48d3-982c-8a30dd90a1ed|rpc:10.1.0.132:15032|admin:10.1.0.132:15031|client:10.1.0.132:15030|dataStream:10.1.0.132:15033|priority:1|startupRole:FOLLOWER, 81969248-ee02-4e21-8d11-8b7a6db0983e|rpc:10.1.0.132:15023|admin:10.1.0.132:15022|client:10.1.0.132:15021|dataStream:10.1.0.132:15024|priority:0|startupRole:FOLLOWER] with ContainerStateMachine:uninitialized
2023-07-21 21:00:59,272 [34a92578-a80c-453f-883a-7c67a7b5d4e2-groupManagement] INFO  server.RaftServerConfigKeys (ConfUtils.java:logGet(46)) - raft.server.rpc.timeout.min = 5s (custom)
2023-07-21 21:00:59,272 [34a92578-a80c-453f-883a-7c67a7b5d4e2-groupManagement] INFO  server.RaftServerConfigKeys (ConfUtils.java:logGet(46)) - raft.server.rpc.timeout.max = 5200ms (custom)
2023-07-21 21:00:59,272 [34a92578-a80c-453f-883a-7c67a7b5d4e2-groupManagement] INFO  server.RaftServerConfigKeys (ConfUtils.java:logGet(46)) - raft.server.rpc.sleep.time = 25ms (default)
2023-07-21 21:00:59,272 [34a92578-a80c-453f-883a-7c67a7b5d4e2-groupManagement] INFO  server.RaftServerConfigKeys (ConfUtils.java:logGet(46)) - raft.server.rpc.slowness.timeout = 300s (custom)
2023-07-21 21:00:59,272 [34a92578-a80c-453f-883a-7c67a7b5d4e2-groupManagement] INFO  server.RaftServerConfigKeys (ConfUtils.java:logGet(46)) - raft.server.leaderelection.leader.step-down.wait-time = 10s (default)
2023-07-21 21:00:59,272 [34a92578-a80c-453f-883a-7c67a7b5d4e2-groupManagement] INFO  server.RaftServerConfigKeys (ConfUtils.java:logGet(46)) - raft.server.sleep.deviation.threshold = 300ms (default)
2023-07-21 21:00:59,272 [34a92578-a80c-453f-883a-7c67a7b5d4e2-groupManagement] INFO  server.RaftServer$Division (ServerState.java:<init>(120)) - 34a92578-a80c-453f-883a-7c67a7b5d4e2@group-ED15A032931C: ConfigurationManager, init=-1: peers:[34a92578-a80c-453f-883a-7c67a7b5d4e2|rpc:10.1.0.132:15014|admin:10.1.0.132:15013|client:10.1.0.132:15012|dataStream:10.1.0.132:15015|priority:0|startupRole:FOLLOWER, 7f3a4710-33bf-48d3-982c-8a30dd90a1ed|rpc:10.1.0.132:15032|admin:10.1.0.132:15031|client:10.1.0.132:15030|dataStream:10.1.0.132:15033|priority:1|startupRole:FOLLOWER, 81969248-ee02-4e21-8d11-8b7a6db0983e|rpc:10.1.0.132:15023|admin:10.1.0.132:15022|client:10.1.0.132:15021|dataStream:10.1.0.132:15024|priority:0|startupRole:FOLLOWER]|listeners:[], old=null, confs=<EMPTY_MAP>
2023-07-21 21:00:59,272 [34a92578-a80c-453f-883a-7c67a7b5d4e2-groupManagement] INFO  server.RaftServerConfigKeys (ConfUtils.java:logGet(46)) - raft.server.storage.dir = [/home/runner/work/ozone/ozone/hadoop-ozone/integration-test/target/test-dir/MiniOzoneClusterImpl-b68b6c12-fe62-42d1-a50b-75b7569d3ce9/datanode-0/data/ratis] (custom)
2023-07-21 21:00:59,272 [34a92578-a80c-453f-883a-7c67a7b5d4e2-groupManagement] INFO  server.RaftServerConfigKeys (ConfUtils.java:logGet(46)) - raft.server.log.corruption.policy = EXCEPTION (default)
2023-07-21 21:00:59,272 [34a92578-a80c-453f-883a-7c67a7b5d4e2-groupManagement] INFO  server.RaftServerConfigKeys (ConfUtils.java:logGet(46)) - raft.server.storage.free-space.min = 0MB (=0) (default)
2023-07-21 21:00:59,273 [34a92578-a80c-453f-883a-7c67a7b5d4e2-groupManagement] INFO  server.RaftServerConfigKeys (ConfUtils.java:logGet(46)) - raft.server.notification.no-leader.timeout = 300s (custom)
2023-07-21 21:00:59,273 [34a92578-a80c-453f-883a-7c67a7b5d4e2-groupManagement] INFO  server.RaftServerConfigKeys (ConfUtils.java:logGet(46)) - raft.server.read.timeout = 10s (default)
2023-07-21 21:00:59,273 [34a92578-a80c-453f-883a-7c67a7b5d4e2-groupManagement] INFO  server.RaftServerConfigKeys (ConfUtils.java:logGet(46)) - raft.server.retrycache.expirytime = 600000ms (custom)
2023-07-21 21:00:59,273 [34a92578-a80c-453f-883a-7c67a7b5d4e2-groupManagement] INFO  server.RaftServerConfigKeys (ConfUtils.java:logGet(46)) - raft.server.retrycache.statistics.expirytime = 100μs (default)
2023-07-21 21:00:59,273 [34a92578-a80c-453f-883a-7c67a7b5d4e2-groupManagement] INFO  server.RaftServerConfigKeys (ConfUtils.java:logGet(46)) - raft.server.read.option = DEFAULT (default)
2023-07-21 21:00:59,275 [34a92578-a80c-453f-883a-7c67a7b5d4e2-groupManagement] INFO  server.RaftServerConfigKeys (ConfUtils.java:logGet(46)) - raft.server.rpc.request.timeout = 60s (custom)
2023-07-21 21:00:59,275 [34a92578-a80c-453f-883a-7c67a7b5d4e2-groupManagement] INFO  server.RaftServerConfigKeys (ConfUtils.java:logGet(46)) - raft.server.log.appender.install.snapshot.enabled = false (custom)
2023-07-21 21:00:59,275 [34a92578-a80c-453f-883a-7c67a7b5d4e2-groupManagement] INFO  server.RaftServerConfigKeys (ConfUtils.java:logGet(46)) - raft.server.threadpool.server.cached = true (default)
2023-07-21 21:00:59,275 [34a92578-a80c-453f-883a-7c67a7b5d4e2-groupManagement] INFO  server.RaftServerConfigKeys (ConfUtils.java:logGet(46)) - raft.server.threadpool.server.size = 0 (default)
2023-07-21 21:00:59,275 [34a92578-a80c-453f-883a-7c67a7b5d4e2-groupManagement] INFO  server.RaftServerConfigKeys (ConfUtils.java:logGet(46)) - raft.server.threadpool.client.cached = true (default)
2023-07-21 21:00:59,275 [34a92578-a80c-453f-883a-7c67a7b5d4e2-groupManagement] INFO  server.RaftServerConfigKeys (ConfUtils.java:logGet(46)) - raft.server.threadpool.client.size = 0 (default)
2023-07-21 21:00:59,275 [34a92578-a80c-453f-883a-7c67a7b5d4e2-groupManagement] INFO  storage.RaftStorageDirectory (RaftStorageDirectoryImpl.java:analyzeStorage(137)) - The storage directory /home/runner/work/ozone/ozone/hadoop-ozone/integration-test/target/test-dir/MiniOzoneClusterImpl-b68b6c12-fe62-42d1-a50b-75b7569d3ce9/datanode-0/data/ratis/062a8413-b2ff-4709-b8da-ed15a032931c does not exist. Creating ...
2023-07-21 21:00:59,277 [34a92578-a80c-453f-883a-7c67a7b5d4e2-groupManagement] INFO  storage.RaftStorageDirectory (RaftStorageDirectoryImpl.java:tryLock(231)) - Lock on /home/runner/work/ozone/ozone/hadoop-ozone/integration-test/target/test-dir/MiniOzoneClusterImpl-b68b6c12-fe62-42d1-a50b-75b7569d3ce9/datanode-0/data/ratis/062a8413-b2ff-4709-b8da-ed15a032931c/in_use.lock acquired by nodename 26061@fv-az202-275
2023-07-21 21:00:59,278 [34a92578-a80c-453f-883a-7c67a7b5d4e2-groupManagement] INFO  storage.RaftStorage (RaftStorageImpl.java:format(96)) - Storage directory /home/runner/work/ozone/ozone/hadoop-ozone/integration-test/target/test-dir/MiniOzoneClusterImpl-b68b6c12-fe62-42d1-a50b-75b7569d3ce9/datanode-0/data/ratis/062a8413-b2ff-4709-b8da-ed15a032931c has been successfully formatted.
2023-07-21 21:00:59,280 [34a92578-a80c-453f-883a-7c67a7b5d4e2-groupManagement] INFO  ratis.ContainerStateMachine (ContainerStateMachine.java:loadSnapshot(262)) - group-ED15A032931C: The snapshot info is null. Setting the last applied indexto:(t:0, i:~)
2023-07-21 21:00:59,280 [34a92578-a80c-453f-883a-7c67a7b5d4e2-groupManagement] INFO  server.RaftServerConfigKeys (ConfUtils.java:logGet(46)) - raft.server.log.use.memory = false (default)
2023-07-21 21:00:59,280 [34a92578-a80c-453f-883a-7c67a7b5d4e2-groupManagement] INFO  server.RaftServerConfigKeys (ConfUtils.java:logGet(46)) - raft.server.log.purge.gap = 1000000 (custom)
2023-07-21 21:00:59,280 [34a92578-a80c-453f-883a-7c67a7b5d4e2-groupManagement] INFO  server.RaftServerConfigKeys (ConfUtils.java:logGet(46)) - raft.server.log.appender.buffer.byte-limit = 33554432 (custom)
2023-07-21 21:00:59,280 [34a92578-a80c-453f-883a-7c67a7b5d4e2-groupManagement] INFO  server.RaftServerConfigKeys (ConfUtils.java:logGet(46)) - raft.server.log.statemachine.data.read.timeout = 1000ms (default)
2023-07-21 21:00:59,280 [34a92578-a80c-453f-883a-7c67a7b5d4e2-groupManagement] INFO  server.RaftServerConfigKeys (ConfUtils.java:logGet(46)) - raft.server.log.purge.preservation.log.num = 0 (default)
2023-07-21 21:00:59,281 [34a92578-a80c-453f-883a-7c67a7b5d4e2-groupManagement] INFO  server.RaftServerConfigKeys (ConfUtils.java:logGet(46)) - raft.server.log.segment.size.max = 1048576 (custom)
2023-07-21 21:00:59,282 [34a92578-a80c-453f-883a-7c67a7b5d4e2-groupManagement] INFO  server.RaftServerConfigKeys (ConfUtils.java:logGet(46)) - raft.server.log.segment.cache.num.max = 2 (custom)
2023-07-21 21:00:59,282 [34a92578-a80c-453f-883a-7c67a7b5d4e2-groupManagement] INFO  server.RaftServerConfigKeys (ConfUtils.java:logGet(46)) - raft.server.log.segment.cache.size.max = 200MB (=209715200) (default)
2023-07-21 21:00:59,282 [34a92578-a80c-453f-883a-7c67a7b5d4e2-groupManagement] INFO  server.RaftServerConfigKeys (ConfUtils.java:logGet(46)) - raft.server.log.appender.buffer.byte-limit = 33554432 (custom)
2023-07-21 21:00:59,282 [34a92578-a80c-453f-883a-7c67a7b5d4e2-groupManagement] INFO  segmented.SegmentedRaftLogWorker (SegmentedRaftLogWorker.java:<init>(188)) - new 34a92578-a80c-453f-883a-7c67a7b5d4e2@group-ED15A032931C-SegmentedRaftLogWorker for RaftStorageImpl:Storage Directory /home/runner/work/ozone/ozone/hadoop-ozone/integration-test/target/test-dir/MiniOzoneClusterImpl-b68b6c12-fe62-42d1-a50b-75b7569d3ce9/datanode-0/data/ratis/062a8413-b2ff-4709-b8da-ed15a032931c
2023-07-21 21:00:59,282 [34a92578-a80c-453f-883a-7c67a7b5d4e2-groupManagement] INFO  server.RaftServerConfigKeys (ConfUtils.java:logGet(46)) - raft.server.log.queue.byte-limit = 4294967296 (custom)
2023-07-21 21:00:59,282 [34a92578-a80c-453f-883a-7c67a7b5d4e2-groupManagement] INFO  server.RaftServerConfigKeys (ConfUtils.java:logGet(46)) - raft.server.log.queue.element-limit = 1024 (custom)
2023-07-21 21:00:59,282 [34a92578-a80c-453f-883a-7c67a7b5d4e2-groupManagement] INFO  server.RaftServerConfigKeys (ConfUtils.java:logGet(46)) - raft.server.log.segment.size.max = 1048576 (custom)
2023-07-21 21:00:59,282 [34a92578-a80c-453f-883a-7c67a7b5d4e2-groupManagement] INFO  server.RaftServerConfigKeys (ConfUtils.java:logGet(46)) - raft.server.log.preallocated.size = 16384 (custom)
2023-07-21 21:00:59,282 [34a92578-a80c-453f-883a-7c67a7b5d4e2-groupManagement] INFO  server.RaftServerConfigKeys (ConfUtils.java:logGet(46)) - raft.server.log.force.sync.num = 128 (default)
2023-07-21 21:00:59,282 [EventQueue-OpenPipelineForHealthyPipelineSafeModeRule] INFO  safemode.SCMSafeModeManager (HealthyPipelineSafeModeRule.java:process(137)) - SCM in safe mode. Healthy pipelines reported count is 0, required healthy pipeline reported count is 1
2023-07-21 21:00:59,286 [34a92578-a80c-453f-883a-7c67a7b5d4e2-groupManagement] INFO  server.RaftServerConfigKeys (ConfUtils.java:logGet(46)) - raft.server.log.statemachine.data.sync = true (default)
2023-07-21 21:00:59,287 [34a92578-a80c-453f-883a-7c67a7b5d4e2-groupManagement] INFO  server.RaftServerConfigKeys (ConfUtils.java:logGet(46)) - raft.server.log.statemachine.data.sync.timeout = 10s (default)
2023-07-21 21:00:59,287 [34a92578-a80c-453f-883a-7c67a7b5d4e2-groupManagement] INFO  server.RaftServerConfigKeys (ConfUtils.java:logGet(46)) - raft.server.log.statemachine.data.sync.timeout.retry = -1 (default)
2023-07-21 21:00:59,288 [34a92578-a80c-453f-883a-7c67a7b5d4e2-groupManagement] INFO  server.RaftServerConfigKeys (ConfUtils.java:logGet(46)) - raft.server.log.write.buffer.size = 1048576 (custom)
2023-07-21 21:00:59,289 [34a92578-a80c-453f-883a-7c67a7b5d4e2-groupManagement] INFO  server.RaftServerConfigKeys (ConfUtils.java:logGet(46)) - raft.server.log.appender.buffer.byte-limit = 33554432 (custom)
2023-07-21 21:00:59,294 [34a92578-a80c-453f-883a-7c67a7b5d4e2-groupManagement] INFO  server.RaftServerConfigKeys (ConfUtils.java:logGet(46)) - raft.server.log.unsafe-flush.enabled = false (default)
2023-07-21 21:00:59,294 [34a92578-a80c-453f-883a-7c67a7b5d4e2-groupManagement] INFO  server.RaftServerConfigKeys (ConfUtils.java:logGet(46)) - raft.server.log.async-flush.enabled = false (default)
2023-07-21 21:00:59,294 [34a92578-a80c-453f-883a-7c67a7b5d4e2-groupManagement] INFO  server.RaftServerConfigKeys (ConfUtils.java:logGet(46)) - raft.server.log.statemachine.data.caching.enabled = true (custom)
2023-07-21 21:00:59,294 [34a92578-a80c-453f-883a-7c67a7b5d4e2-groupManagement] INFO  segmented.SegmentedRaftLogWorker (SegmentedRaftLogWorker.java:lambda$new$0(135)) - 34a92578-a80c-453f-883a-7c67a7b5d4e2@group-ED15A032931C-SegmentedRaftLogWorker: flushIndex: setUnconditionally 0 -> -1
2023-07-21 21:00:59,294 [34a92578-a80c-453f-883a-7c67a7b5d4e2-groupManagement] INFO  segmented.SegmentedRaftLogWorker (SegmentedRaftLogWorker.java:lambda$new$0(135)) - 34a92578-a80c-453f-883a-7c67a7b5d4e2@group-ED15A032931C-SegmentedRaftLogWorker: safeCacheEvictIndex: setUnconditionally 0 -> -1
2023-07-21 21:00:59,294 [34a92578-a80c-453f-883a-7c67a7b5d4e2-groupManagement] INFO  server.RaftServer$Division (RaftServerImpl.java:start(342)) - 34a92578-a80c-453f-883a-7c67a7b5d4e2@group-ED15A032931C: start as a follower, conf=-1: peers:[34a92578-a80c-453f-883a-7c67a7b5d4e2|rpc:10.1.0.132:15014|admin:10.1.0.132:15013|client:10.1.0.132:15012|dataStream:10.1.0.132:15015|priority:0|startupRole:FOLLOWER, 7f3a4710-33bf-48d3-982c-8a30dd90a1ed|rpc:10.1.0.132:15032|admin:10.1.0.132:15031|client:10.1.0.132:15030|dataStream:10.1.0.132:15033|priority:1|startupRole:FOLLOWER, 81969248-ee02-4e21-8d11-8b7a6db0983e|rpc:10.1.0.132:15023|admin:10.1.0.132:15022|client:10.1.0.132:15021|dataStream:10.1.0.132:15024|priority:0|startupRole:FOLLOWER]|listeners:[], old=null
2023-07-21 21:00:59,295 [34a92578-a80c-453f-883a-7c67a7b5d4e2-groupManagement] INFO  server.RaftServer$Division (RaftServerImpl.java:setRole(329)) - 34a92578-a80c-453f-883a-7c67a7b5d4e2@group-ED15A032931C: changes role from      null to FOLLOWER at term 0 for startAsFollower
2023-07-21 21:00:59,295 [34a92578-a80c-453f-883a-7c67a7b5d4e2-groupManagement] INFO  impl.RoleInfo (RoleInfo.java:updateAndGet(139)) - 34a92578-a80c-453f-883a-7c67a7b5d4e2: start 34a92578-a80c-453f-883a-7c67a7b5d4e2@group-ED15A032931C-FollowerState
2023-07-21 21:00:59,295 [34a92578-a80c-453f-883a-7c67a7b5d4e2-groupManagement] INFO  util.JmxRegister (JmxRegister.java:tryRegister(44)) - Successfully registered JMX Bean with object name Ratis:service=RaftServer,group=group-ED15A032931C,id=34a92578-a80c-453f-883a-7c67a7b5d4e2
2023-07-21 21:00:59,295 [34a92578-a80c-453f-883a-7c67a7b5d4e2-groupManagement] INFO  server.RaftServerConfigKeys (ConfUtils.java:logGet(46)) - raft.server.snapshot.auto.trigger.enabled = true (custom)
2023-07-21 21:00:59,295 [34a92578-a80c-453f-883a-7c67a7b5d4e2-groupManagement] INFO  server.RaftServerConfigKeys (ConfUtils.java:logGet(46)) - raft.server.snapshot.auto.trigger.threshold = 10000 (custom)
2023-07-21 21:00:59,295 [34a92578-a80c-453f-883a-7c67a7b5d4e2-groupManagement] INFO  server.RaftServerConfigKeys (ConfUtils.java:logGet(46)) - raft.server.snapshot.retention.file.num = 5 (custom)
2023-07-21 21:00:59,295 [34a92578-a80c-453f-883a-7c67a7b5d4e2-groupManagement] INFO  server.RaftServerConfigKeys (ConfUtils.java:logGet(46)) - raft.server.log.purge.upto.snapshot.index = false (default)
2023-07-21 21:00:59,296 [34a92578-a80c-453f-883a-7c67a7b5d4e2@group-ED15A032931C-FollowerState] INFO  server.RaftServerConfigKeys (ConfUtils.java:logFallback(53)) - raft.server.rpc.first-election.timeout.min = 5s (fallback to raft.server.rpc.timeout.min)
2023-07-21 21:00:59,297 [34a92578-a80c-453f-883a-7c67a7b5d4e2@group-ED15A032931C-FollowerState] INFO  server.RaftServerConfigKeys (ConfUtils.java:logFallback(53)) - raft.server.rpc.first-election.timeout.max = 5200ms (fallback to raft.server.rpc.timeout.max)
2023-07-21 21:00:59,297 [PipelineCommandHandlerThread-0] INFO  ratis.XceiverServerRatis (XceiverServerRatis.java:addGroup(804)) - Created group PipelineID=062a8413-b2ff-4709-b8da-ed15a032931c
2023-07-21 21:00:59,677 [grpc-default-executor-0] INFO  server.RaftServer (RaftServerProxy.java:addNew(98)) - 7f3a4710-33bf-48d3-982c-8a30dd90a1ed: addNew group-ED15A032931C:[34a92578-a80c-453f-883a-7c67a7b5d4e2|rpc:10.1.0.132:15014|admin:10.1.0.132:15013|client:10.1.0.132:15012|dataStream:10.1.0.132:15015|priority:0|startupRole:FOLLOWER, 7f3a4710-33bf-48d3-982c-8a30dd90a1ed|rpc:10.1.0.132:15032|admin:10.1.0.132:15031|client:10.1.0.132:15030|dataStream:10.1.0.132:15033|priority:1|startupRole:FOLLOWER, 81969248-ee02-4e21-8d11-8b7a6db0983e|rpc:10.1.0.132:15023|admin:10.1.0.132:15022|client:10.1.0.132:15021|dataStream:10.1.0.132:15024|priority:0|startupRole:FOLLOWER] returns group-ED15A032931C:java.util.concurrent.CompletableFuture@401f6436[Not completed]
2023-07-21 21:00:59,679 [7f3a4710-33bf-48d3-982c-8a30dd90a1ed-groupManagement] INFO  server.RaftServer$Division (RaftServerImpl.java:<init>(198)) - 7f3a4710-33bf-48d3-982c-8a30dd90a1ed: new RaftServerImpl for group-ED15A032931C:[34a92578-a80c-453f-883a-7c67a7b5d4e2|rpc:10.1.0.132:15014|admin:10.1.0.132:15013|client:10.1.0.132:15012|dataStream:10.1.0.132:15015|priority:0|startupRole:FOLLOWER, 7f3a4710-33bf-48d3-982c-8a30dd90a1ed|rpc:10.1.0.132:15032|admin:10.1.0.132:15031|client:10.1.0.132:15030|dataStream:10.1.0.132:15033|priority:1|startupRole:FOLLOWER, 81969248-ee02-4e21-8d11-8b7a6db0983e|rpc:10.1.0.132:15023|admin:10.1.0.132:15022|client:10.1.0.132:15021|dataStream:10.1.0.132:15024|priority:0|startupRole:FOLLOWER] with ContainerStateMachine:uninitialized
2023-07-21 21:00:59,679 [7f3a4710-33bf-48d3-982c-8a30dd90a1ed-groupManagement] INFO  server.RaftServerConfigKeys (ConfUtils.java:logGet(46)) - raft.server.rpc.timeout.min = 5s (custom)
2023-07-21 21:00:59,679 [7f3a4710-33bf-48d3-982c-8a30dd90a1ed-groupManagement] INFO  server.RaftServerConfigKeys (ConfUtils.java:logGet(46)) - raft.server.rpc.timeout.max = 5200ms (custom)
2023-07-21 21:00:59,679 [7f3a4710-33bf-48d3-982c-8a30dd90a1ed-groupManagement] INFO  server.RaftServerConfigKeys (ConfUtils.java:logGet(46)) - raft.server.rpc.sleep.time = 25ms (default)
2023-07-21 21:00:59,679 [7f3a4710-33bf-48d3-982c-8a30dd90a1ed-groupManagement] INFO  server.RaftServerConfigKeys (ConfUtils.java:logGet(46)) - raft.server.rpc.slowness.timeout = 300s (custom)
2023-07-21 21:00:59,679 [7f3a4710-33bf-48d3-982c-8a30dd90a1ed-groupManagement] INFO  server.RaftServerConfigKeys (ConfUtils.java:logGet(46)) - raft.server.leaderelection.leader.step-down.wait-time = 10s (default)
2023-07-21 21:00:59,679 [7f3a4710-33bf-48d3-982c-8a30dd90a1ed-groupManagement] INFO  server.RaftServerConfigKeys (ConfUtils.java:logGet(46)) - raft.server.sleep.deviation.threshold = 300ms (default)
2023-07-21 21:00:59,679 [7f3a4710-33bf-48d3-982c-8a30dd90a1ed-groupManagement] INFO  server.RaftServer$Division (ServerState.java:<init>(120)) - 7f3a4710-33bf-48d3-982c-8a30dd90a1ed@group-ED15A032931C: ConfigurationManager, init=-1: peers:[34a92578-a80c-453f-883a-7c67a7b5d4e2|rpc:10.1.0.132:15014|admin:10.1.0.132:15013|client:10.1.0.132:15012|dataStream:10.1.0.132:15015|priority:0|startupRole:FOLLOWER, 7f3a4710-33bf-48d3-982c-8a30dd90a1ed|rpc:10.1.0.132:15032|admin:10.1.0.132:15031|client:10.1.0.132:15030|dataStream:10.1.0.132:15033|priority:1|startupRole:FOLLOWER, 81969248-ee02-4e21-8d11-8b7a6db0983e|rpc:10.1.0.132:15023|admin:10.1.0.132:15022|client:10.1.0.132:15021|dataStream:10.1.0.132:15024|priority:0|startupRole:FOLLOWER]|listeners:[], old=null, confs=<EMPTY_MAP>
2023-07-21 21:00:59,680 [7f3a4710-33bf-48d3-982c-8a30dd90a1ed-groupManagement] INFO  server.RaftServerConfigKeys (ConfUtils.java:logGet(46)) - raft.server.storage.dir = [/home/runner/work/ozone/ozone/hadoop-ozone/integration-test/target/test-dir/MiniOzoneClusterImpl-b68b6c12-fe62-42d1-a50b-75b7569d3ce9/datanode-2/data/ratis] (custom)
2023-07-21 21:00:59,680 [7f3a4710-33bf-48d3-982c-8a30dd90a1ed-groupManagement] INFO  server.RaftServerConfigKeys (ConfUtils.java:logGet(46)) - raft.server.log.corruption.policy = EXCEPTION (default)
2023-07-21 21:00:59,680 [7f3a4710-33bf-48d3-982c-8a30dd90a1ed-groupManagement] INFO  server.RaftServerConfigKeys (ConfUtils.java:logGet(46)) - raft.server.storage.free-space.min = 0MB (=0) (default)
2023-07-21 21:00:59,680 [7f3a4710-33bf-48d3-982c-8a30dd90a1ed-groupManagement] INFO  server.RaftServerConfigKeys (ConfUtils.java:logGet(46)) - raft.server.notification.no-leader.timeout = 300s (custom)
2023-07-21 21:00:59,680 [7f3a4710-33bf-48d3-982c-8a30dd90a1ed-groupManagement] INFO  server.RaftServerConfigKeys (ConfUtils.java:logGet(46)) - raft.server.read.timeout = 10s (default)
2023-07-21 21:00:59,680 [7f3a4710-33bf-48d3-982c-8a30dd90a1ed-groupManagement] INFO  server.RaftServerConfigKeys (ConfUtils.java:logGet(46)) - raft.server.retrycache.expirytime = 600000ms (custom)
2023-07-21 21:00:59,680 [7f3a4710-33bf-48d3-982c-8a30dd90a1ed-groupManagement] INFO  server.RaftServerConfigKeys (ConfUtils.java:logGet(46)) - raft.server.retrycache.statistics.expirytime = 100μs (default)
2023-07-21 21:00:59,680 [7f3a4710-33bf-48d3-982c-8a30dd90a1ed-groupManagement] INFO  server.RaftServerConfigKeys (ConfUtils.java:logGet(46)) - raft.server.read.option = DEFAULT (default)
2023-07-21 21:00:59,682 [7f3a4710-33bf-48d3-982c-8a30dd90a1ed-groupManagement] INFO  server.RaftServerConfigKeys (ConfUtils.java:logGet(46)) - raft.server.rpc.request.timeout = 60s (custom)
2023-07-21 21:00:59,682 [7f3a4710-33bf-48d3-982c-8a30dd90a1ed-groupManagement] INFO  server.RaftServerConfigKeys (ConfUtils.java:logGet(46)) - raft.server.log.appender.install.snapshot.enabled = false (custom)
2023-07-21 21:00:59,682 [7f3a4710-33bf-48d3-982c-8a30dd90a1ed-groupManagement] INFO  server.RaftServerConfigKeys (ConfUtils.java:logGet(46)) - raft.server.threadpool.server.cached = true (default)
2023-07-21 21:00:59,682 [7f3a4710-33bf-48d3-982c-8a30dd90a1ed-groupManagement] INFO  server.RaftServerConfigKeys (ConfUtils.java:logGet(46)) - raft.server.threadpool.server.size = 0 (default)
2023-07-21 21:00:59,683 [7f3a4710-33bf-48d3-982c-8a30dd90a1ed-groupManagement] INFO  server.RaftServerConfigKeys (ConfUtils.java:logGet(46)) - raft.server.threadpool.client.cached = true (default)
2023-07-21 21:00:59,683 [7f3a4710-33bf-48d3-982c-8a30dd90a1ed-groupManagement] INFO  server.RaftServerConfigKeys (ConfUtils.java:logGet(46)) - raft.server.threadpool.client.size = 0 (default)
2023-07-21 21:00:59,683 [7f3a4710-33bf-48d3-982c-8a30dd90a1ed-groupManagement] INFO  storage.RaftStorageDirectory (RaftStorageDirectoryImpl.java:analyzeStorage(137)) - The storage directory /home/runner/work/ozone/ozone/hadoop-ozone/integration-test/target/test-dir/MiniOzoneClusterImpl-b68b6c12-fe62-42d1-a50b-75b7569d3ce9/datanode-2/data/ratis/062a8413-b2ff-4709-b8da-ed15a032931c does not exist. Creating ...
2023-07-21 21:00:59,684 [7f3a4710-33bf-48d3-982c-8a30dd90a1ed-groupManagement] INFO  storage.RaftStorageDirectory (RaftStorageDirectoryImpl.java:tryLock(231)) - Lock on /home/runner/work/ozone/ozone/hadoop-ozone/integration-test/target/test-dir/MiniOzoneClusterImpl-b68b6c12-fe62-42d1-a50b-75b7569d3ce9/datanode-2/data/ratis/062a8413-b2ff-4709-b8da-ed15a032931c/in_use.lock acquired by nodename 26061@fv-az202-275
2023-07-21 21:00:59,686 [7f3a4710-33bf-48d3-982c-8a30dd90a1ed-groupManagement] INFO  storage.RaftStorage (RaftStorageImpl.java:format(96)) - Storage directory /home/runner/work/ozone/ozone/hadoop-ozone/integration-test/target/test-dir/MiniOzoneClusterImpl-b68b6c12-fe62-42d1-a50b-75b7569d3ce9/datanode-2/data/ratis/062a8413-b2ff-4709-b8da-ed15a032931c has been successfully formatted.
2023-07-21 21:00:59,690 [7f3a4710-33bf-48d3-982c-8a30dd90a1ed-groupManagement] INFO  ratis.ContainerStateMachine (ContainerStateMachine.java:loadSnapshot(262)) - group-ED15A032931C: The snapshot info is null. Setting the last applied indexto:(t:0, i:~)
2023-07-21 21:00:59,692 [7f3a4710-33bf-48d3-982c-8a30dd90a1ed-groupManagement] INFO  server.RaftServerConfigKeys (ConfUtils.java:logGet(46)) - raft.server.log.use.memory = false (default)
2023-07-21 21:00:59,692 [7f3a4710-33bf-48d3-982c-8a30dd90a1ed-groupManagement] INFO  server.RaftServerConfigKeys (ConfUtils.java:logGet(46)) - raft.server.log.purge.gap = 1000000 (custom)
2023-07-21 21:00:59,692 [7f3a4710-33bf-48d3-982c-8a30dd90a1ed-groupManagement] INFO  server.RaftServerConfigKeys (ConfUtils.java:logGet(46)) - raft.server.log.appender.buffer.byte-limit = 33554432 (custom)
2023-07-21 21:00:59,692 [7f3a4710-33bf-48d3-982c-8a30dd90a1ed-groupManagement] INFO  server.RaftServerConfigKeys (ConfUtils.java:logGet(46)) - raft.server.log.statemachine.data.read.timeout = 1000ms (default)
2023-07-21 21:00:59,692 [7f3a4710-33bf-48d3-982c-8a30dd90a1ed-groupManagement] INFO  server.RaftServerConfigKeys (ConfUtils.java:logGet(46)) - raft.server.log.purge.preservation.log.num = 0 (default)
2023-07-21 21:00:59,693 [7f3a4710-33bf-48d3-982c-8a30dd90a1ed-groupManagement] INFO  server.RaftServerConfigKeys (ConfUtils.java:logGet(46)) - raft.server.log.segment.size.max = 1048576 (custom)
2023-07-21 21:00:59,695 [7f3a4710-33bf-48d3-982c-8a30dd90a1ed-groupManagement] INFO  server.RaftServerConfigKeys (ConfUtils.java:logGet(46)) - raft.server.log.segment.cache.num.max = 2 (custom)
2023-07-21 21:00:59,695 [7f3a4710-33bf-48d3-982c-8a30dd90a1ed-groupManagement] INFO  server.RaftServerConfigKeys (ConfUtils.java:logGet(46)) - raft.server.log.segment.cache.size.max = 200MB (=209715200) (default)
2023-07-21 21:00:59,695 [7f3a4710-33bf-48d3-982c-8a30dd90a1ed-groupManagement] INFO  server.RaftServerConfigKeys (ConfUtils.java:logGet(46)) - raft.server.log.appender.buffer.byte-limit = 33554432 (custom)
2023-07-21 21:00:59,695 [7f3a4710-33bf-48d3-982c-8a30dd90a1ed-groupManagement] INFO  segmented.SegmentedRaftLogWorker (SegmentedRaftLogWorker.java:<init>(188)) - new 7f3a4710-33bf-48d3-982c-8a30dd90a1ed@group-ED15A032931C-SegmentedRaftLogWorker for RaftStorageImpl:Storage Directory /home/runner/work/ozone/ozone/hadoop-ozone/integration-test/target/test-dir/MiniOzoneClusterImpl-b68b6c12-fe62-42d1-a50b-75b7569d3ce9/datanode-2/data/ratis/062a8413-b2ff-4709-b8da-ed15a032931c
2023-07-21 21:00:59,695 [7f3a4710-33bf-48d3-982c-8a30dd90a1ed-groupManagement] INFO  server.RaftServerConfigKeys (ConfUtils.java:logGet(46)) - raft.server.log.queue.byte-limit = 4294967296 (custom)
2023-07-21 21:00:59,695 [7f3a4710-33bf-48d3-982c-8a30dd90a1ed-groupManagement] INFO  server.RaftServerConfigKeys (ConfUtils.java:logGet(46)) - raft.server.log.queue.element-limit = 1024 (custom)
2023-07-21 21:00:59,695 [7f3a4710-33bf-48d3-982c-8a30dd90a1ed-groupManagement] INFO  server.RaftServerConfigKeys (ConfUtils.java:logGet(46)) - raft.server.log.segment.size.max = 1048576 (custom)
2023-07-21 21:00:59,695 [7f3a4710-33bf-48d3-982c-8a30dd90a1ed-groupManagement] INFO  server.RaftServerConfigKeys (ConfUtils.java:logGet(46)) - raft.server.log.preallocated.size = 16384 (custom)
2023-07-21 21:00:59,695 [7f3a4710-33bf-48d3-982c-8a30dd90a1ed-groupManagement] INFO  server.RaftServerConfigKeys (ConfUtils.java:logGet(46)) - raft.server.log.force.sync.num = 128 (default)
2023-07-21 21:00:59,699 [7f3a4710-33bf-48d3-982c-8a30dd90a1ed-groupManagement] INFO  server.RaftServerConfigKeys (ConfUtils.java:logGet(46)) - raft.server.log.statemachine.data.sync = true (default)
2023-07-21 21:00:59,699 [7f3a4710-33bf-48d3-982c-8a30dd90a1ed-groupManagement] INFO  server.RaftServerConfigKeys (ConfUtils.java:logGet(46)) - raft.server.log.statemachine.data.sync.timeout = 10s (default)
2023-07-21 21:00:59,699 [7f3a4710-33bf-48d3-982c-8a30dd90a1ed-groupManagement] INFO  server.RaftServerConfigKeys (ConfUtils.java:logGet(46)) - raft.server.log.statemachine.data.sync.timeout.retry = -1 (default)
2023-07-21 21:00:59,702 [7f3a4710-33bf-48d3-982c-8a30dd90a1ed-groupManagement] INFO  server.RaftServerConfigKeys (ConfUtils.java:logGet(46)) - raft.server.log.write.buffer.size = 1048576 (custom)
2023-07-21 21:00:59,703 [7f3a4710-33bf-48d3-982c-8a30dd90a1ed-groupManagement] INFO  server.RaftServerConfigKeys (ConfUtils.java:logGet(46)) - raft.server.log.appender.buffer.byte-limit = 33554432 (custom)
2023-07-21 21:00:59,711 [7f3a4710-33bf-48d3-982c-8a30dd90a1ed-groupManagement] INFO  server.RaftServerConfigKeys (ConfUtils.java:logGet(46)) - raft.server.log.unsafe-flush.enabled = false (default)
2023-07-21 21:00:59,711 [7f3a4710-33bf-48d3-982c-8a30dd90a1ed-groupManagement] INFO  server.RaftServerConfigKeys (ConfUtils.java:logGet(46)) - raft.server.log.async-flush.enabled = false (default)
2023-07-21 21:00:59,711 [7f3a4710-33bf-48d3-982c-8a30dd90a1ed-groupManagement] INFO  server.RaftServerConfigKeys (ConfUtils.java:logGet(46)) - raft.server.log.statemachine.data.caching.enabled = true (custom)
2023-07-21 21:00:59,712 [7f3a4710-33bf-48d3-982c-8a30dd90a1ed-groupManagement] INFO  segmented.SegmentedRaftLogWorker (SegmentedRaftLogWorker.java:lambda$new$0(135)) - 7f3a4710-33bf-48d3-982c-8a30dd90a1ed@group-ED15A032931C-SegmentedRaftLogWorker: flushIndex: setUnconditionally 0 -> -1
2023-07-21 21:00:59,712 [7f3a4710-33bf-48d3-982c-8a30dd90a1ed-groupManagement] INFO  segmented.SegmentedRaftLogWorker (SegmentedRaftLogWorker.java:lambda$new$0(135)) - 7f3a4710-33bf-48d3-982c-8a30dd90a1ed@group-ED15A032931C-SegmentedRaftLogWorker: safeCacheEvictIndex: setUnconditionally 0 -> -1
2023-07-21 21:00:59,712 [7f3a4710-33bf-48d3-982c-8a30dd90a1ed-groupManagement] INFO  server.RaftServer$Division (RaftServerImpl.java:start(342)) - 7f3a4710-33bf-48d3-982c-8a30dd90a1ed@group-ED15A032931C: start as a follower, conf=-1: peers:[34a92578-a80c-453f-883a-7c67a7b5d4e2|rpc:10.1.0.132:15014|admin:10.1.0.132:15013|client:10.1.0.132:15012|dataStream:10.1.0.132:15015|priority:0|startupRole:FOLLOWER, 7f3a4710-33bf-48d3-982c-8a30dd90a1ed|rpc:10.1.0.132:15032|admin:10.1.0.132:15031|client:10.1.0.132:15030|dataStream:10.1.0.132:15033|priority:1|startupRole:FOLLOWER, 81969248-ee02-4e21-8d11-8b7a6db0983e|rpc:10.1.0.132:15023|admin:10.1.0.132:15022|client:10.1.0.132:15021|dataStream:10.1.0.132:15024|priority:0|startupRole:FOLLOWER]|listeners:[], old=null
2023-07-21 21:00:59,712 [7f3a4710-33bf-48d3-982c-8a30dd90a1ed-groupManagement] INFO  server.RaftServer$Division (RaftServerImpl.java:setRole(329)) - 7f3a4710-33bf-48d3-982c-8a30dd90a1ed@group-ED15A032931C: changes role from      null to FOLLOWER at term 0 for startAsFollower
2023-07-21 21:00:59,712 [7f3a4710-33bf-48d3-982c-8a30dd90a1ed-groupManagement] INFO  impl.RoleInfo (RoleInfo.java:updateAndGet(139)) - 7f3a4710-33bf-48d3-982c-8a30dd90a1ed: start 7f3a4710-33bf-48d3-982c-8a30dd90a1ed@group-ED15A032931C-FollowerState
2023-07-21 21:00:59,714 [7f3a4710-33bf-48d3-982c-8a30dd90a1ed@group-ED15A032931C-FollowerState] INFO  server.RaftServerConfigKeys (ConfUtils.java:logFallback(53)) - raft.server.rpc.first-election.timeout.min = 5s (fallback to raft.server.rpc.timeout.min)
2023-07-21 21:00:59,715 [7f3a4710-33bf-48d3-982c-8a30dd90a1ed-groupManagement] INFO  util.JmxRegister (JmxRegister.java:tryRegister(44)) - Successfully registered JMX Bean with object name Ratis:service=RaftServer,group=group-ED15A032931C,id=7f3a4710-33bf-48d3-982c-8a30dd90a1ed
2023-07-21 21:00:59,715 [7f3a4710-33bf-48d3-982c-8a30dd90a1ed-groupManagement] INFO  server.RaftServerConfigKeys (ConfUtils.java:logGet(46)) - raft.server.snapshot.auto.trigger.enabled = true (custom)
2023-07-21 21:00:59,716 [7f3a4710-33bf-48d3-982c-8a30dd90a1ed-groupManagement] INFO  server.RaftServerConfigKeys (ConfUtils.java:logGet(46)) - raft.server.snapshot.auto.trigger.threshold = 10000 (custom)
2023-07-21 21:00:59,716 [7f3a4710-33bf-48d3-982c-8a30dd90a1ed-groupManagement] INFO  server.RaftServerConfigKeys (ConfUtils.java:logGet(46)) - raft.server.snapshot.retention.file.num = 5 (custom)
2023-07-21 21:00:59,716 [7f3a4710-33bf-48d3-982c-8a30dd90a1ed-groupManagement] INFO  server.RaftServerConfigKeys (ConfUtils.java:logGet(46)) - raft.server.log.purge.upto.snapshot.index = false (default)
2023-07-21 21:00:59,715 [7f3a4710-33bf-48d3-982c-8a30dd90a1ed@group-ED15A032931C-FollowerState] INFO  server.RaftServerConfigKeys (ConfUtils.java:logFallback(53)) - raft.server.rpc.first-election.timeout.max = 5200ms (fallback to raft.server.rpc.timeout.max)
2023-07-21 21:00:59,788 [grpc-default-executor-0] INFO  server.RaftServer (RaftServerProxy.java:addNew(98)) - 81969248-ee02-4e21-8d11-8b7a6db0983e: addNew group-ED15A032931C:[34a92578-a80c-453f-883a-7c67a7b5d4e2|rpc:10.1.0.132:15014|admin:10.1.0.132:15013|client:10.1.0.132:15012|dataStream:10.1.0.132:15015|priority:0|startupRole:FOLLOWER, 7f3a4710-33bf-48d3-982c-8a30dd90a1ed|rpc:10.1.0.132:15032|admin:10.1.0.132:15031|client:10.1.0.132:15030|dataStream:10.1.0.132:15033|priority:1|startupRole:FOLLOWER, 81969248-ee02-4e21-8d11-8b7a6db0983e|rpc:10.1.0.132:15023|admin:10.1.0.132:15022|client:10.1.0.132:15021|dataStream:10.1.0.132:15024|priority:0|startupRole:FOLLOWER] returns group-ED15A032931C:java.util.concurrent.CompletableFuture@2f0888b6[Not completed]
2023-07-21 21:00:59,791 [81969248-ee02-4e21-8d11-8b7a6db0983e-groupManagement] INFO  server.RaftServer$Division (RaftServerImpl.java:<init>(198)) - 81969248-ee02-4e21-8d11-8b7a6db0983e: new RaftServerImpl for group-ED15A032931C:[34a92578-a80c-453f-883a-7c67a7b5d4e2|rpc:10.1.0.132:15014|admin:10.1.0.132:15013|client:10.1.0.132:15012|dataStream:10.1.0.132:15015|priority:0|startupRole:FOLLOWER, 7f3a4710-33bf-48d3-982c-8a30dd90a1ed|rpc:10.1.0.132:15032|admin:10.1.0.132:15031|client:10.1.0.132:15030|dataStream:10.1.0.132:15033|priority:1|startupRole:FOLLOWER, 81969248-ee02-4e21-8d11-8b7a6db0983e|rpc:10.1.0.132:15023|admin:10.1.0.132:15022|client:10.1.0.132:15021|dataStream:10.1.0.132:15024|priority:0|startupRole:FOLLOWER] with ContainerStateMachine:uninitialized
2023-07-21 21:00:59,791 [81969248-ee02-4e21-8d11-8b7a6db0983e-groupManagement] INFO  server.RaftServerConfigKeys (ConfUtils.java:logGet(46)) - raft.server.rpc.timeout.min = 5s (custom)
2023-07-21 21:00:59,791 [81969248-ee02-4e21-8d11-8b7a6db0983e-groupManagement] INFO  server.RaftServerConfigKeys (ConfUtils.java:logGet(46)) - raft.server.rpc.timeout.max = 5200ms (custom)
2023-07-21 21:00:59,791 [81969248-ee02-4e21-8d11-8b7a6db0983e-groupManagement] INFO  server.RaftServerConfigKeys (ConfUtils.java:logGet(46)) - raft.server.rpc.sleep.time = 25ms (default)
2023-07-21 21:00:59,791 [81969248-ee02-4e21-8d11-8b7a6db0983e-groupManagement] INFO  server.RaftServerConfigKeys (ConfUtils.java:logGet(46)) - raft.server.rpc.slowness.timeout = 300s (custom)
2023-07-21 21:00:59,791 [81969248-ee02-4e21-8d11-8b7a6db0983e-groupManagement] INFO  server.RaftServerConfigKeys (ConfUtils.java:logGet(46)) - raft.server.leaderelection.leader.step-down.wait-time = 10s (default)
2023-07-21 21:00:59,791 [81969248-ee02-4e21-8d11-8b7a6db0983e-groupManagement] INFO  server.RaftServerConfigKeys (ConfUtils.java:logGet(46)) - raft.server.sleep.deviation.threshold = 300ms (default)
2023-07-21 21:00:59,791 [81969248-ee02-4e21-8d11-8b7a6db0983e-groupManagement] INFO  server.RaftServer$Division (ServerState.java:<init>(120)) - 81969248-ee02-4e21-8d11-8b7a6db0983e@group-ED15A032931C: ConfigurationManager, init=-1: peers:[34a92578-a80c-453f-883a-7c67a7b5d4e2|rpc:10.1.0.132:15014|admin:10.1.0.132:15013|client:10.1.0.132:15012|dataStream:10.1.0.132:15015|priority:0|startupRole:FOLLOWER, 7f3a4710-33bf-48d3-982c-8a30dd90a1ed|rpc:10.1.0.132:15032|admin:10.1.0.132:15031|client:10.1.0.132:15030|dataStream:10.1.0.132:15033|priority:1|startupRole:FOLLOWER, 81969248-ee02-4e21-8d11-8b7a6db0983e|rpc:10.1.0.132:15023|admin:10.1.0.132:15022|client:10.1.0.132:15021|dataStream:10.1.0.132:15024|priority:0|startupRole:FOLLOWER]|listeners:[], old=null, confs=<EMPTY_MAP>
2023-07-21 21:00:59,791 [81969248-ee02-4e21-8d11-8b7a6db0983e-groupManagement] INFO  server.RaftServerConfigKeys (ConfUtils.java:logGet(46)) - raft.server.storage.dir = [/home/runner/work/ozone/ozone/hadoop-ozone/integration-test/target/test-dir/MiniOzoneClusterImpl-b68b6c12-fe62-42d1-a50b-75b7569d3ce9/datanode-1/data/ratis] (custom)
2023-07-21 21:00:59,792 [81969248-ee02-4e21-8d11-8b7a6db0983e-groupManagement] INFO  server.RaftServerConfigKeys (ConfUtils.java:logGet(46)) - raft.server.log.corruption.policy = EXCEPTION (default)
2023-07-21 21:00:59,792 [81969248-ee02-4e21-8d11-8b7a6db0983e-groupManagement] INFO  server.RaftServerConfigKeys (ConfUtils.java:logGet(46)) - raft.server.storage.free-space.min = 0MB (=0) (default)
2023-07-21 21:00:59,792 [81969248-ee02-4e21-8d11-8b7a6db0983e-groupManagement] INFO  server.RaftServerConfigKeys (ConfUtils.java:logGet(46)) - raft.server.notification.no-leader.timeout = 300s (custom)
2023-07-21 21:00:59,792 [81969248-ee02-4e21-8d11-8b7a6db0983e-groupManagement] INFO  server.RaftServerConfigKeys (ConfUtils.java:logGet(46)) - raft.server.read.timeout = 10s (default)
2023-07-21 21:00:59,792 [81969248-ee02-4e21-8d11-8b7a6db0983e-groupManagement] INFO  server.RaftServerConfigKeys (ConfUtils.java:logGet(46)) - raft.server.retrycache.expirytime = 600000ms (custom)
2023-07-21 21:00:59,792 [81969248-ee02-4e21-8d11-8b7a6db0983e-groupManagement] INFO  server.RaftServerConfigKeys (ConfUtils.java:logGet(46)) - raft.server.retrycache.statistics.expirytime = 100μs (default)
2023-07-21 21:00:59,792 [81969248-ee02-4e21-8d11-8b7a6db0983e-groupManagement] INFO  server.RaftServerConfigKeys (ConfUtils.java:logGet(46)) - raft.server.read.option = DEFAULT (default)
2023-07-21 21:00:59,793 [81969248-ee02-4e21-8d11-8b7a6db0983e-groupManagement] INFO  server.RaftServerConfigKeys (ConfUtils.java:logGet(46)) - raft.server.rpc.request.timeout = 60s (custom)
2023-07-21 21:00:59,793 [81969248-ee02-4e21-8d11-8b7a6db0983e-groupManagement] INFO  server.RaftServerConfigKeys (ConfUtils.java:logGet(46)) - raft.server.log.appender.install.snapshot.enabled = false (custom)
2023-07-21 21:00:59,793 [81969248-ee02-4e21-8d11-8b7a6db0983e-groupManagement] INFO  server.RaftServerConfigKeys (ConfUtils.java:logGet(46)) - raft.server.threadpool.server.cached = true (default)
2023-07-21 21:00:59,793 [81969248-ee02-4e21-8d11-8b7a6db0983e-groupManagement] INFO  server.RaftServerConfigKeys (ConfUtils.java:logGet(46)) - raft.server.threadpool.server.size = 0 (default)
2023-07-21 21:00:59,797 [81969248-ee02-4e21-8d11-8b7a6db0983e-groupManagement] INFO  server.RaftServerConfigKeys (ConfUtils.java:logGet(46)) - raft.server.threadpool.client.cached = true (default)
2023-07-21 21:00:59,798 [81969248-ee02-4e21-8d11-8b7a6db0983e-groupManagement] INFO  server.RaftServerConfigKeys (ConfUtils.java:logGet(46)) - raft.server.threadpool.client.size = 0 (default)
2023-07-21 21:00:59,798 [81969248-ee02-4e21-8d11-8b7a6db0983e-groupManagement] INFO  storage.RaftStorageDirectory (RaftStorageDirectoryImpl.java:analyzeStorage(137)) - The storage directory /home/runner/work/ozone/ozone/hadoop-ozone/integration-test/target/test-dir/MiniOzoneClusterImpl-b68b6c12-fe62-42d1-a50b-75b7569d3ce9/datanode-1/data/ratis/062a8413-b2ff-4709-b8da-ed15a032931c does not exist. Creating ...
2023-07-21 21:00:59,804 [81969248-ee02-4e21-8d11-8b7a6db0983e-groupManagement] INFO  storage.RaftStorageDirectory (RaftStorageDirectoryImpl.java:tryLock(231)) - Lock on /home/runner/work/ozone/ozone/hadoop-ozone/integration-test/target/test-dir/MiniOzoneClusterImpl-b68b6c12-fe62-42d1-a50b-75b7569d3ce9/datanode-1/data/ratis/062a8413-b2ff-4709-b8da-ed15a032931c/in_use.lock acquired by nodename 26061@fv-az202-275
2023-07-21 21:00:59,807 [PipelineCommandHandlerThread-0] INFO  server.RaftServer (RaftServerProxy.java:addNew(98)) - 81969248-ee02-4e21-8d11-8b7a6db0983e: addNew group-2E99A972C8C6:[81969248-ee02-4e21-8d11-8b7a6db0983e|rpc:10.1.0.132:15023|admin:10.1.0.132:15022|client:10.1.0.132:15021|dataStream:10.1.0.132:15024|priority:1|startupRole:FOLLOWER] returns group-2E99A972C8C6:java.util.concurrent.CompletableFuture@67e04d0c[Not completed]
2023-07-21 21:00:59,811 [81969248-ee02-4e21-8d11-8b7a6db0983e-groupManagement] INFO  storage.RaftStorage (RaftStorageImpl.java:format(96)) - Storage directory /home/runner/work/ozone/ozone/hadoop-ozone/integration-test/target/test-dir/MiniOzoneClusterImpl-b68b6c12-fe62-42d1-a50b-75b7569d3ce9/datanode-1/data/ratis/062a8413-b2ff-4709-b8da-ed15a032931c has been successfully formatted.
2023-07-21 21:00:59,811 [81969248-ee02-4e21-8d11-8b7a6db0983e-groupManagement] INFO  ratis.ContainerStateMachine (ContainerStateMachine.java:loadSnapshot(262)) - group-ED15A032931C: The snapshot info is null. Setting the last applied indexto:(t:0, i:~)
2023-07-21 21:00:59,812 [81969248-ee02-4e21-8d11-8b7a6db0983e-groupManagement] INFO  server.RaftServerConfigKeys (ConfUtils.java:logGet(46)) - raft.server.log.use.memory = false (default)
2023-07-21 21:00:59,812 [81969248-ee02-4e21-8d11-8b7a6db0983e-groupManagement] INFO  server.RaftServerConfigKeys (ConfUtils.java:logGet(46)) - raft.server.log.purge.gap = 1000000 (custom)
2023-07-21 21:00:59,812 [81969248-ee02-4e21-8d11-8b7a6db0983e-groupManagement] INFO  server.RaftServerConfigKeys (ConfUtils.java:logGet(46)) - raft.server.log.appender.buffer.byte-limit = 33554432 (custom)
2023-07-21 21:00:59,812 [81969248-ee02-4e21-8d11-8b7a6db0983e-groupManagement] INFO  server.RaftServerConfigKeys (ConfUtils.java:logGet(46)) - raft.server.log.statemachine.data.read.timeout = 1000ms (default)
2023-07-21 21:00:59,812 [81969248-ee02-4e21-8d11-8b7a6db0983e-groupManagement] INFO  server.RaftServerConfigKeys (ConfUtils.java:logGet(46)) - raft.server.log.purge.preservation.log.num = 0 (default)
2023-07-21 21:00:59,813 [81969248-ee02-4e21-8d11-8b7a6db0983e-groupManagement] INFO  server.RaftServerConfigKeys (ConfUtils.java:logGet(46)) - raft.server.log.segment.size.max = 1048576 (custom)
2023-07-21 21:00:59,813 [81969248-ee02-4e21-8d11-8b7a6db0983e-groupManagement] INFO  server.RaftServerConfigKeys (ConfUtils.java:logGet(46)) - raft.server.log.segment.cache.num.max = 2 (custom)
2023-07-21 21:00:59,813 [81969248-ee02-4e21-8d11-8b7a6db0983e-groupManagement] INFO  server.RaftServerConfigKeys (ConfUtils.java:logGet(46)) - raft.server.log.segment.cache.size.max = 200MB (=209715200) (default)
2023-07-21 21:00:59,813 [81969248-ee02-4e21-8d11-8b7a6db0983e-groupManagement] INFO  server.RaftServerConfigKeys (ConfUtils.java:logGet(46)) - raft.server.log.appender.buffer.byte-limit = 33554432 (custom)
2023-07-21 21:00:59,813 [81969248-ee02-4e21-8d11-8b7a6db0983e-groupManagement] INFO  segmented.SegmentedRaftLogWorker (SegmentedRaftLogWorker.java:<init>(188)) - new 81969248-ee02-4e21-8d11-8b7a6db0983e@group-ED15A032931C-SegmentedRaftLogWorker for RaftStorageImpl:Storage Directory /home/runner/work/ozone/ozone/hadoop-ozone/integration-test/target/test-dir/MiniOzoneClusterImpl-b68b6c12-fe62-42d1-a50b-75b7569d3ce9/datanode-1/data/ratis/062a8413-b2ff-4709-b8da-ed15a032931c
2023-07-21 21:00:59,813 [81969248-ee02-4e21-8d11-8b7a6db0983e-groupManagement] INFO  server.RaftServerConfigKeys (ConfUtils.java:logGet(46)) - raft.server.log.queue.byte-limit = 4294967296 (custom)
2023-07-21 21:00:59,813 [81969248-ee02-4e21-8d11-8b7a6db0983e-groupManagement] INFO  server.RaftServerConfigKeys (ConfUtils.java:logGet(46)) - raft.server.log.queue.element-limit = 1024 (custom)
2023-07-21 21:00:59,813 [81969248-ee02-4e21-8d11-8b7a6db0983e-groupManagement] INFO  server.RaftServerConfigKeys (ConfUtils.java:logGet(46)) - raft.server.log.segment.size.max = 1048576 (custom)
2023-07-21 21:00:59,813 [81969248-ee02-4e21-8d11-8b7a6db0983e-groupManagement] INFO  server.RaftServerConfigKeys (ConfUtils.java:logGet(46)) - raft.server.log.preallocated.size = 16384 (custom)
2023-07-21 21:00:59,814 [81969248-ee02-4e21-8d11-8b7a6db0983e-groupManagement] INFO  server.RaftServerConfigKeys (ConfUtils.java:logGet(46)) - raft.server.log.force.sync.num = 128 (default)
2023-07-21 21:00:59,814 [81969248-ee02-4e21-8d11-8b7a6db0983e-groupManagement] INFO  server.RaftServerConfigKeys (ConfUtils.java:logGet(46)) - raft.server.log.statemachine.data.sync = true (default)
2023-07-21 21:00:59,814 [81969248-ee02-4e21-8d11-8b7a6db0983e-groupManagement] INFO  server.RaftServerConfigKeys (ConfUtils.java:logGet(46)) - raft.server.log.statemachine.data.sync.timeout = 10s (default)
2023-07-21 21:00:59,814 [81969248-ee02-4e21-8d11-8b7a6db0983e-groupManagement] INFO  server.RaftServerConfigKeys (ConfUtils.java:logGet(46)) - raft.server.log.statemachine.data.sync.timeout.retry = -1 (default)
2023-07-21 21:00:59,818 [81969248-ee02-4e21-8d11-8b7a6db0983e-groupManagement] INFO  server.RaftServerConfigKeys (ConfUtils.java:logGet(46)) - raft.server.log.write.buffer.size = 1048576 (custom)
2023-07-21 21:00:59,819 [81969248-ee02-4e21-8d11-8b7a6db0983e-groupManagement] INFO  server.RaftServerConfigKeys (ConfUtils.java:logGet(46)) - raft.server.log.appender.buffer.byte-limit = 33554432 (custom)
2023-07-21 21:00:59,821 [EventQueue-PipelineReportForPipelineReportHandler] INFO  pipeline.PipelineReportHandler (PipelineReportHandler.java:processPipelineReport(136)) - Opened pipeline PipelineID=dc363d63-fd31-4770-81ad-2e99a972c8c6
2023-07-21 21:00:59,821 [EventQueue-OpenPipelineForHealthyPipelineSafeModeRule] INFO  safemode.SCMSafeModeManager (HealthyPipelineSafeModeRule.java:process(137)) - SCM in safe mode. Healthy pipelines reported count is 0, required healthy pipeline reported count is 1
2023-07-21 21:00:59,826 [81969248-ee02-4e21-8d11-8b7a6db0983e-groupManagement] INFO  server.RaftServerConfigKeys (ConfUtils.java:logGet(46)) - raft.server.log.unsafe-flush.enabled = false (default)
2023-07-21 21:00:59,826 [81969248-ee02-4e21-8d11-8b7a6db0983e-groupManagement] INFO  server.RaftServerConfigKeys (ConfUtils.java:logGet(46)) - raft.server.log.async-flush.enabled = false (default)
2023-07-21 21:00:59,826 [81969248-ee02-4e21-8d11-8b7a6db0983e-groupManagement] INFO  server.RaftServerConfigKeys (ConfUtils.java:logGet(46)) - raft.server.log.statemachine.data.caching.enabled = true (custom)
2023-07-21 21:00:59,826 [81969248-ee02-4e21-8d11-8b7a6db0983e-groupManagement] INFO  segmented.SegmentedRaftLogWorker (SegmentedRaftLogWorker.java:lambda$new$0(135)) - 81969248-ee02-4e21-8d11-8b7a6db0983e@group-ED15A032931C-SegmentedRaftLogWorker: flushIndex: setUnconditionally 0 -> -1
2023-07-21 21:00:59,826 [81969248-ee02-4e21-8d11-8b7a6db0983e-groupManagement] INFO  segmented.SegmentedRaftLogWorker (SegmentedRaftLogWorker.java:lambda$new$0(135)) - 81969248-ee02-4e21-8d11-8b7a6db0983e@group-ED15A032931C-SegmentedRaftLogWorker: safeCacheEvictIndex: setUnconditionally 0 -> -1
2023-07-21 21:00:59,827 [81969248-ee02-4e21-8d11-8b7a6db0983e-groupManagement] INFO  server.RaftServer$Division (RaftServerImpl.java:start(342)) - 81969248-ee02-4e21-8d11-8b7a6db0983e@group-ED15A032931C: start as a follower, conf=-1: peers:[34a92578-a80c-453f-883a-7c67a7b5d4e2|rpc:10.1.0.132:15014|admin:10.1.0.132:15013|client:10.1.0.132:15012|dataStream:10.1.0.132:15015|priority:0|startupRole:FOLLOWER, 7f3a4710-33bf-48d3-982c-8a30dd90a1ed|rpc:10.1.0.132:15032|admin:10.1.0.132:15031|client:10.1.0.132:15030|dataStream:10.1.0.132:15033|priority:1|startupRole:FOLLOWER, 81969248-ee02-4e21-8d11-8b7a6db0983e|rpc:10.1.0.132:15023|admin:10.1.0.132:15022|client:10.1.0.132:15021|dataStream:10.1.0.132:15024|priority:0|startupRole:FOLLOWER]|listeners:[], old=null
2023-07-21 21:00:59,827 [81969248-ee02-4e21-8d11-8b7a6db0983e-groupManagement] INFO  server.RaftServer$Division (RaftServerImpl.java:setRole(329)) - 81969248-ee02-4e21-8d11-8b7a6db0983e@group-ED15A032931C: changes role from      null to FOLLOWER at term 0 for startAsFollower
2023-07-21 21:00:59,827 [81969248-ee02-4e21-8d11-8b7a6db0983e-groupManagement] INFO  impl.RoleInfo (RoleInfo.java:updateAndGet(139)) - 81969248-ee02-4e21-8d11-8b7a6db0983e: start 81969248-ee02-4e21-8d11-8b7a6db0983e@group-ED15A032931C-FollowerState
2023-07-21 21:00:59,827 [81969248-ee02-4e21-8d11-8b7a6db0983e-groupManagement] INFO  util.JmxRegister (JmxRegister.java:tryRegister(44)) - Successfully registered JMX Bean with object name Ratis:service=RaftServer,group=group-ED15A032931C,id=81969248-ee02-4e21-8d11-8b7a6db0983e
2023-07-21 21:00:59,827 [81969248-ee02-4e21-8d11-8b7a6db0983e-groupManagement] INFO  server.RaftServerConfigKeys (ConfUtils.java:logGet(46)) - raft.server.snapshot.auto.trigger.enabled = true (custom)
2023-07-21 21:00:59,827 [81969248-ee02-4e21-8d11-8b7a6db0983e-groupManagement] INFO  server.RaftServerConfigKeys (ConfUtils.java:logGet(46)) - raft.server.snapshot.auto.trigger.threshold = 10000 (custom)
2023-07-21 21:00:59,827 [81969248-ee02-4e21-8d11-8b7a6db0983e-groupManagement] INFO  server.RaftServerConfigKeys (ConfUtils.java:logGet(46)) - raft.server.snapshot.retention.file.num = 5 (custom)
2023-07-21 21:00:59,827 [81969248-ee02-4e21-8d11-8b7a6db0983e-groupManagement] INFO  server.RaftServerConfigKeys (ConfUtils.java:logGet(46)) - raft.server.log.purge.upto.snapshot.index = false (default)
2023-07-21 21:00:59,829 [81969248-ee02-4e21-8d11-8b7a6db0983e@group-ED15A032931C-FollowerState] INFO  server.RaftServerConfigKeys (ConfUtils.java:logFallback(53)) - raft.server.rpc.first-election.timeout.min = 5s (fallback to raft.server.rpc.timeout.min)
2023-07-21 21:00:59,829 [81969248-ee02-4e21-8d11-8b7a6db0983e@group-ED15A032931C-FollowerState] INFO  server.RaftServerConfigKeys (ConfUtils.java:logFallback(53)) - raft.server.rpc.first-election.timeout.max = 5200ms (fallback to raft.server.rpc.timeout.max)
2023-07-21 21:00:59,831 [81969248-ee02-4e21-8d11-8b7a6db0983e-groupManagement] INFO  server.RaftServer$Division (RaftServerImpl.java:<init>(198)) - 81969248-ee02-4e21-8d11-8b7a6db0983e: new RaftServerImpl for group-2E99A972C8C6:[81969248-ee02-4e21-8d11-8b7a6db0983e|rpc:10.1.0.132:15023|admin:10.1.0.132:15022|client:10.1.0.132:15021|dataStream:10.1.0.132:15024|priority:1|startupRole:FOLLOWER] with ContainerStateMachine:uninitialized
2023-07-21 21:00:59,831 [81969248-ee02-4e21-8d11-8b7a6db0983e-groupManagement] INFO  server.RaftServerConfigKeys (ConfUtils.java:logGet(46)) - raft.server.rpc.timeout.min = 5s (custom)
2023-07-21 21:00:59,831 [81969248-ee02-4e21-8d11-8b7a6db0983e-groupManagement] INFO  server.RaftServerConfigKeys (ConfUtils.java:logGet(46)) - raft.server.rpc.timeout.max = 5200ms (custom)
2023-07-21 21:00:59,831 [81969248-ee02-4e21-8d11-8b7a6db0983e-groupManagement] INFO  server.RaftServerConfigKeys (ConfUtils.java:logGet(46)) - raft.server.rpc.sleep.time = 25ms (default)
2023-07-21 21:00:59,831 [81969248-ee02-4e21-8d11-8b7a6db0983e-groupManagement] INFO  server.RaftServerConfigKeys (ConfUtils.java:logGet(46)) - raft.server.rpc.slowness.timeout = 300s (custom)
2023-07-21 21:00:59,831 [81969248-ee02-4e21-8d11-8b7a6db0983e-groupManagement] INFO  server.RaftServerConfigKeys (ConfUtils.java:logGet(46)) - raft.server.leaderelection.leader.step-down.wait-time = 10s (default)
2023-07-21 21:00:59,831 [81969248-ee02-4e21-8d11-8b7a6db0983e-groupManagement] INFO  server.RaftServerConfigKeys (ConfUtils.java:logGet(46)) - raft.server.sleep.deviation.threshold = 300ms (default)
2023-07-21 21:00:59,831 [81969248-ee02-4e21-8d11-8b7a6db0983e-groupManagement] INFO  server.RaftServer$Division (ServerState.java:<init>(120)) - 81969248-ee02-4e21-8d11-8b7a6db0983e@group-2E99A972C8C6: ConfigurationManager, init=-1: peers:[81969248-ee02-4e21-8d11-8b7a6db0983e|rpc:10.1.0.132:15023|admin:10.1.0.132:15022|client:10.1.0.132:15021|dataStream:10.1.0.132:15024|priority:1|startupRole:FOLLOWER]|listeners:[], old=null, confs=<EMPTY_MAP>
2023-07-21 21:00:59,831 [81969248-ee02-4e21-8d11-8b7a6db0983e-groupManagement] INFO  server.RaftServerConfigKeys (ConfUtils.java:logGet(46)) - raft.server.storage.dir = [/home/runner/work/ozone/ozone/hadoop-ozone/integration-test/target/test-dir/MiniOzoneClusterImpl-b68b6c12-fe62-42d1-a50b-75b7569d3ce9/datanode-1/data/ratis] (custom)
2023-07-21 21:00:59,832 [81969248-ee02-4e21-8d11-8b7a6db0983e-groupManagement] INFO  server.RaftServerConfigKeys (ConfUtils.java:logGet(46)) - raft.server.log.corruption.policy = EXCEPTION (default)
2023-07-21 21:00:59,832 [81969248-ee02-4e21-8d11-8b7a6db0983e-groupManagement] INFO  server.RaftServerConfigKeys (ConfUtils.java:logGet(46)) - raft.server.storage.free-space.min = 0MB (=0) (default)
2023-07-21 21:00:59,832 [81969248-ee02-4e21-8d11-8b7a6db0983e-groupManagement] INFO  server.RaftServerConfigKeys (ConfUtils.java:logGet(46)) - raft.server.notification.no-leader.timeout = 300s (custom)
2023-07-21 21:00:59,832 [81969248-ee02-4e21-8d11-8b7a6db0983e-groupManagement] INFO  server.RaftServerConfigKeys (ConfUtils.java:logGet(46)) - raft.server.read.timeout = 10s (default)
2023-07-21 21:00:59,832 [81969248-ee02-4e21-8d11-8b7a6db0983e-groupManagement] INFO  server.RaftServerConfigKeys (ConfUtils.java:logGet(46)) - raft.server.retrycache.expirytime = 600000ms (custom)
2023-07-21 21:00:59,832 [81969248-ee02-4e21-8d11-8b7a6db0983e-groupManagement] INFO  server.RaftServerConfigKeys (ConfUtils.java:logGet(46)) - raft.server.retrycache.statistics.expirytime = 100μs (default)
2023-07-21 21:00:59,832 [81969248-ee02-4e21-8d11-8b7a6db0983e-groupManagement] INFO  server.RaftServerConfigKeys (ConfUtils.java:logGet(46)) - raft.server.read.option = DEFAULT (default)
2023-07-21 21:00:59,834 [81969248-ee02-4e21-8d11-8b7a6db0983e-groupManagement] INFO  server.RaftServerConfigKeys (ConfUtils.java:logGet(46)) - raft.server.rpc.request.timeout = 60s (custom)
2023-07-21 21:00:59,834 [81969248-ee02-4e21-8d11-8b7a6db0983e-groupManagement] INFO  server.RaftServerConfigKeys (ConfUtils.java:logGet(46)) - raft.server.log.appender.install.snapshot.enabled = false (custom)
2023-07-21 21:00:59,834 [81969248-ee02-4e21-8d11-8b7a6db0983e-groupManagement] INFO  server.RaftServerConfigKeys (ConfUtils.java:logGet(46)) - raft.server.threadpool.server.cached = true (default)
2023-07-21 21:00:59,834 [81969248-ee02-4e21-8d11-8b7a6db0983e-groupManagement] INFO  server.RaftServerConfigKeys (ConfUtils.java:logGet(46)) - raft.server.threadpool.server.size = 0 (default)
2023-07-21 21:00:59,834 [81969248-ee02-4e21-8d11-8b7a6db0983e-groupManagement] INFO  server.RaftServerConfigKeys (ConfUtils.java:logGet(46)) - raft.server.threadpool.client.cached = true (default)
2023-07-21 21:00:59,834 [81969248-ee02-4e21-8d11-8b7a6db0983e-groupManagement] INFO  server.RaftServerConfigKeys (ConfUtils.java:logGet(46)) - raft.server.threadpool.client.size = 0 (default)
2023-07-21 21:00:59,834 [81969248-ee02-4e21-8d11-8b7a6db0983e-groupManagement] INFO  storage.RaftStorageDirectory (RaftStorageDirectoryImpl.java:analyzeStorage(137)) - The storage directory /home/runner/work/ozone/ozone/hadoop-ozone/integration-test/target/test-dir/MiniOzoneClusterImpl-b68b6c12-fe62-42d1-a50b-75b7569d3ce9/datanode-1/data/ratis/dc363d63-fd31-4770-81ad-2e99a972c8c6 does not exist. Creating ...
2023-07-21 21:00:59,837 [81969248-ee02-4e21-8d11-8b7a6db0983e-groupManagement] INFO  storage.RaftStorageDirectory (RaftStorageDirectoryImpl.java:tryLock(231)) - Lock on /home/runner/work/ozone/ozone/hadoop-ozone/integration-test/target/test-dir/MiniOzoneClusterImpl-b68b6c12-fe62-42d1-a50b-75b7569d3ce9/datanode-1/data/ratis/dc363d63-fd31-4770-81ad-2e99a972c8c6/in_use.lock acquired by nodename 26061@fv-az202-275
2023-07-21 21:00:59,840 [81969248-ee02-4e21-8d11-8b7a6db0983e-groupManagement] INFO  storage.RaftStorage (RaftStorageImpl.java:format(96)) - Storage directory /home/runner/work/ozone/ozone/hadoop-ozone/integration-test/target/test-dir/MiniOzoneClusterImpl-b68b6c12-fe62-42d1-a50b-75b7569d3ce9/datanode-1/data/ratis/dc363d63-fd31-4770-81ad-2e99a972c8c6 has been successfully formatted.
2023-07-21 21:00:59,845 [81969248-ee02-4e21-8d11-8b7a6db0983e-groupManagement] INFO  ratis.ContainerStateMachine (ContainerStateMachine.java:loadSnapshot(262)) - group-2E99A972C8C6: The snapshot info is null. Setting the last applied indexto:(t:0, i:~)
2023-07-21 21:00:59,845 [81969248-ee02-4e21-8d11-8b7a6db0983e-groupManagement] INFO  server.RaftServerConfigKeys (ConfUtils.java:logGet(46)) - raft.server.log.use.memory = false (default)
2023-07-21 21:00:59,845 [81969248-ee02-4e21-8d11-8b7a6db0983e-groupManagement] INFO  server.RaftServerConfigKeys (ConfUtils.java:logGet(46)) - raft.server.log.purge.gap = 1000000 (custom)
2023-07-21 21:00:59,845 [81969248-ee02-4e21-8d11-8b7a6db0983e-groupManagement] INFO  server.RaftServerConfigKeys (ConfUtils.java:logGet(46)) - raft.server.log.appender.buffer.byte-limit = 33554432 (custom)
2023-07-21 21:00:59,845 [81969248-ee02-4e21-8d11-8b7a6db0983e-groupManagement] INFO  server.RaftServerConfigKeys (ConfUtils.java:logGet(46)) - raft.server.log.statemachine.data.read.timeout = 1000ms (default)
2023-07-21 21:00:59,846 [81969248-ee02-4e21-8d11-8b7a6db0983e-groupManagement] INFO  server.RaftServerConfigKeys (ConfUtils.java:logGet(46)) - raft.server.log.purge.preservation.log.num = 0 (default)
2023-07-21 21:00:59,853 [81969248-ee02-4e21-8d11-8b7a6db0983e-groupManagement] INFO  server.RaftServerConfigKeys (ConfUtils.java:logGet(46)) - raft.server.log.segment.size.max = 1048576 (custom)
2023-07-21 21:00:59,854 [81969248-ee02-4e21-8d11-8b7a6db0983e-groupManagement] INFO  server.RaftServerConfigKeys (ConfUtils.java:logGet(46)) - raft.server.log.segment.cache.num.max = 2 (custom)
2023-07-21 21:00:59,854 [81969248-ee02-4e21-8d11-8b7a6db0983e-groupManagement] INFO  server.RaftServerConfigKeys (ConfUtils.java:logGet(46)) - raft.server.log.segment.cache.size.max = 200MB (=209715200) (default)
2023-07-21 21:00:59,854 [81969248-ee02-4e21-8d11-8b7a6db0983e-groupManagement] INFO  server.RaftServerConfigKeys (ConfUtils.java:logGet(46)) - raft.server.log.appender.buffer.byte-limit = 33554432 (custom)
2023-07-21 21:00:59,854 [81969248-ee02-4e21-8d11-8b7a6db0983e-groupManagement] INFO  segmented.SegmentedRaftLogWorker (SegmentedRaftLogWorker.java:<init>(188)) - new 81969248-ee02-4e21-8d11-8b7a6db0983e@group-2E99A972C8C6-SegmentedRaftLogWorker for RaftStorageImpl:Storage Directory /home/runner/work/ozone/ozone/hadoop-ozone/integration-test/target/test-dir/MiniOzoneClusterImpl-b68b6c12-fe62-42d1-a50b-75b7569d3ce9/datanode-1/data/ratis/dc363d63-fd31-4770-81ad-2e99a972c8c6
2023-07-21 21:00:59,854 [81969248-ee02-4e21-8d11-8b7a6db0983e-groupManagement] INFO  server.RaftServerConfigKeys (ConfUtils.java:logGet(46)) - raft.server.log.queue.byte-limit = 4294967296 (custom)
2023-07-21 21:00:59,854 [81969248-ee02-4e21-8d11-8b7a6db0983e-groupManagement] INFO  server.RaftServerConfigKeys (ConfUtils.java:logGet(46)) - raft.server.log.queue.element-limit = 1024 (custom)
2023-07-21 21:00:59,854 [81969248-ee02-4e21-8d11-8b7a6db0983e-groupManagement] INFO  server.RaftServerConfigKeys (ConfUtils.java:logGet(46)) - raft.server.log.segment.size.max = 1048576 (custom)
2023-07-21 21:00:59,854 [81969248-ee02-4e21-8d11-8b7a6db0983e-groupManagement] INFO  server.RaftServerConfigKeys (ConfUtils.java:logGet(46)) - raft.server.log.preallocated.size = 16384 (custom)
2023-07-21 21:00:59,854 [81969248-ee02-4e21-8d11-8b7a6db0983e-groupManagement] INFO  server.RaftServerConfigKeys (ConfUtils.java:logGet(46)) - raft.server.log.force.sync.num = 128 (default)
2023-07-21 21:00:59,854 [81969248-ee02-4e21-8d11-8b7a6db0983e-groupManagement] INFO  server.RaftServerConfigKeys (ConfUtils.java:logGet(46)) - raft.server.log.statemachine.data.sync = true (default)
2023-07-21 21:00:59,854 [81969248-ee02-4e21-8d11-8b7a6db0983e-groupManagement] INFO  server.RaftServerConfigKeys (ConfUtils.java:logGet(46)) - raft.server.log.statemachine.data.sync.timeout = 10s (default)
2023-07-21 21:00:59,854 [81969248-ee02-4e21-8d11-8b7a6db0983e-groupManagement] INFO  server.RaftServerConfigKeys (ConfUtils.java:logGet(46)) - raft.server.log.statemachine.data.sync.timeout.retry = -1 (default)
2023-07-21 21:00:59,855 [81969248-ee02-4e21-8d11-8b7a6db0983e-groupManagement] INFO  server.RaftServerConfigKeys (ConfUtils.java:logGet(46)) - raft.server.log.write.buffer.size = 1048576 (custom)
2023-07-21 21:00:59,855 [81969248-ee02-4e21-8d11-8b7a6db0983e-groupManagement] INFO  server.RaftServerConfigKeys (ConfUtils.java:logGet(46)) - raft.server.log.appender.buffer.byte-limit = 33554432 (custom)
2023-07-21 21:01:00,073 [JvmPauseMonitor3] WARN  util.JvmPauseMonitor (JvmPauseMonitor.java:detectPause(124)) - JvmPauseMonitor-81969248-ee02-4e21-8d11-8b7a6db0983e: Detected pause in JVM or host machine approximately 0.210s with 0.212s GC time.
GC pool 'PS MarkSweep' had collection(s): count=1 time=158ms
GC pool 'PS Scavenge' had collection(s): count=1 time=54ms
2023-07-21 21:01:00,073 [81969248-ee02-4e21-8d11-8b7a6db0983e-groupManagement] INFO  server.RaftServerConfigKeys (ConfUtils.java:logGet(46)) - raft.server.log.unsafe-flush.enabled = false (default)
2023-07-21 21:01:00,074 [81969248-ee02-4e21-8d11-8b7a6db0983e-groupManagement] INFO  server.RaftServerConfigKeys (ConfUtils.java:logGet(46)) - raft.server.log.async-flush.enabled = false (default)
2023-07-21 21:01:00,074 [81969248-ee02-4e21-8d11-8b7a6db0983e-groupManagement] INFO  server.RaftServerConfigKeys (ConfUtils.java:logGet(46)) - raft.server.log.statemachine.data.caching.enabled = true (custom)
2023-07-21 21:01:00,074 [81969248-ee02-4e21-8d11-8b7a6db0983e-groupManagement] INFO  segmented.SegmentedRaftLogWorker (SegmentedRaftLogWorker.java:lambda$new$0(135)) - 81969248-ee02-4e21-8d11-8b7a6db0983e@group-2E99A972C8C6-SegmentedRaftLogWorker: flushIndex: setUnconditionally 0 -> -1
2023-07-21 21:01:00,074 [81969248-ee02-4e21-8d11-8b7a6db0983e-groupManagement] INFO  segmented.SegmentedRaftLogWorker (SegmentedRaftLogWorker.java:lambda$new$0(135)) - 81969248-ee02-4e21-8d11-8b7a6db0983e@group-2E99A972C8C6-SegmentedRaftLogWorker: safeCacheEvictIndex: setUnconditionally 0 -> -1
2023-07-21 21:01:00,075 [81969248-ee02-4e21-8d11-8b7a6db0983e-groupManagement] INFO  server.RaftServer$Division (RaftServerImpl.java:start(342)) - 81969248-ee02-4e21-8d11-8b7a6db0983e@group-2E99A972C8C6: start as a follower, conf=-1: peers:[81969248-ee02-4e21-8d11-8b7a6db0983e|rpc:10.1.0.132:15023|admin:10.1.0.132:15022|client:10.1.0.132:15021|dataStream:10.1.0.132:15024|priority:1|startupRole:FOLLOWER]|listeners:[], old=null
2023-07-21 21:01:00,075 [81969248-ee02-4e21-8d11-8b7a6db0983e-groupManagement] INFO  server.RaftServer$Division (RaftServerImpl.java:setRole(329)) - 81969248-ee02-4e21-8d11-8b7a6db0983e@group-2E99A972C8C6: changes role from      null to FOLLOWER at term 0 for startAsFollower
2023-07-21 21:01:00,075 [81969248-ee02-4e21-8d11-8b7a6db0983e-groupManagement] INFO  impl.RoleInfo (RoleInfo.java:updateAndGet(139)) - 81969248-ee02-4e21-8d11-8b7a6db0983e: start 81969248-ee02-4e21-8d11-8b7a6db0983e@group-2E99A972C8C6-FollowerState
2023-07-21 21:01:00,075 [81969248-ee02-4e21-8d11-8b7a6db0983e-groupManagement] INFO  util.JmxRegister (JmxRegister.java:tryRegister(44)) - Successfully registered JMX Bean with object name Ratis:service=RaftServer,group=group-2E99A972C8C6,id=81969248-ee02-4e21-8d11-8b7a6db0983e
2023-07-21 21:01:00,075 [81969248-ee02-4e21-8d11-8b7a6db0983e-groupManagement] INFO  server.RaftServerConfigKeys (ConfUtils.java:logGet(46)) - raft.server.snapshot.auto.trigger.enabled = true (custom)
2023-07-21 21:01:00,075 [81969248-ee02-4e21-8d11-8b7a6db0983e-groupManagement] INFO  server.RaftServerConfigKeys (ConfUtils.java:logGet(46)) - raft.server.snapshot.auto.trigger.threshold = 10000 (custom)
2023-07-21 21:01:00,075 [81969248-ee02-4e21-8d11-8b7a6db0983e-groupManagement] INFO  server.RaftServerConfigKeys (ConfUtils.java:logGet(46)) - raft.server.snapshot.retention.file.num = 5 (custom)
2023-07-21 21:01:00,075 [81969248-ee02-4e21-8d11-8b7a6db0983e-groupManagement] INFO  server.RaftServerConfigKeys (ConfUtils.java:logGet(46)) - raft.server.log.purge.upto.snapshot.index = false (default)
2023-07-21 21:01:00,076 [81969248-ee02-4e21-8d11-8b7a6db0983e@group-2E99A972C8C6-FollowerState] INFO  server.RaftServerConfigKeys (ConfUtils.java:logFallback(53)) - raft.server.rpc.first-election.timeout.min = 5s (fallback to raft.server.rpc.timeout.min)
2023-07-21 21:01:00,076 [81969248-ee02-4e21-8d11-8b7a6db0983e@group-2E99A972C8C6-FollowerState] INFO  server.RaftServerConfigKeys (ConfUtils.java:logFallback(53)) - raft.server.rpc.first-election.timeout.max = 5200ms (fallback to raft.server.rpc.timeout.max)
2023-07-21 21:01:00,077 [PipelineCommandHandlerThread-0] INFO  ratis.XceiverServerRatis (XceiverServerRatis.java:addGroup(804)) - Created group PipelineID=dc363d63-fd31-4770-81ad-2e99a972c8c6
2023-07-21 21:01:00,077 [PipelineCommandHandlerThread-0] INFO  commandhandler.CreatePipelineCommandHandler (CreatePipelineCommandHandler.java:lambda$handle$2(124)) - Created Pipeline RATIS ONE PipelineID=dc363d63-fd31-4770-81ad-2e99a972c8c6.
2023-07-21 21:01:00,077 [PipelineCommandHandlerThread-0] INFO  server.RaftServer (RaftServerProxy.java:addNew(98)) - 81969248-ee02-4e21-8d11-8b7a6db0983e: addNew group-BDA6E8294138:[34a92578-a80c-453f-883a-7c67a7b5d4e2|rpc:10.1.0.132:15014|admin:10.1.0.132:15013|client:10.1.0.132:15012|dataStream:10.1.0.132:15015|priority:1|startupRole:FOLLOWER, 7f3a4710-33bf-48d3-982c-8a30dd90a1ed|rpc:10.1.0.132:15032|admin:10.1.0.132:15031|client:10.1.0.132:15030|dataStream:10.1.0.132:15033|priority:0|startupRole:FOLLOWER, 81969248-ee02-4e21-8d11-8b7a6db0983e|rpc:10.1.0.132:15023|admin:10.1.0.132:15022|client:10.1.0.132:15021|dataStream:10.1.0.132:15024|priority:0|startupRole:FOLLOWER] returns group-BDA6E8294138:java.util.concurrent.CompletableFuture@6927bf80[Not completed]
2023-07-21 21:01:00,079 [81969248-ee02-4e21-8d11-8b7a6db0983e-groupManagement] INFO  server.RaftServer$Division (RaftServerImpl.java:<init>(198)) - 81969248-ee02-4e21-8d11-8b7a6db0983e: new RaftServerImpl for group-BDA6E8294138:[34a92578-a80c-453f-883a-7c67a7b5d4e2|rpc:10.1.0.132:15014|admin:10.1.0.132:15013|client:10.1.0.132:15012|dataStream:10.1.0.132:15015|priority:1|startupRole:FOLLOWER, 7f3a4710-33bf-48d3-982c-8a30dd90a1ed|rpc:10.1.0.132:15032|admin:10.1.0.132:15031|client:10.1.0.132:15030|dataStream:10.1.0.132:15033|priority:0|startupRole:FOLLOWER, 81969248-ee02-4e21-8d11-8b7a6db0983e|rpc:10.1.0.132:15023|admin:10.1.0.132:15022|client:10.1.0.132:15021|dataStream:10.1.0.132:15024|priority:0|startupRole:FOLLOWER] with ContainerStateMachine:uninitialized
2023-07-21 21:01:00,079 [81969248-ee02-4e21-8d11-8b7a6db0983e-groupManagement] INFO  server.RaftServerConfigKeys (ConfUtils.java:logGet(46)) - raft.server.rpc.timeout.min = 5s (custom)
2023-07-21 21:01:00,079 [81969248-ee02-4e21-8d11-8b7a6db0983e-groupManagement] INFO  server.RaftServerConfigKeys (ConfUtils.java:logGet(46)) - raft.server.rpc.timeout.max = 5200ms (custom)
2023-07-21 21:01:00,079 [81969248-ee02-4e21-8d11-8b7a6db0983e-groupManagement] INFO  server.RaftServerConfigKeys (ConfUtils.java:logGet(46)) - raft.server.rpc.sleep.time = 25ms (default)
2023-07-21 21:01:00,079 [81969248-ee02-4e21-8d11-8b7a6db0983e-groupManagement] INFO  server.RaftServerConfigKeys (ConfUtils.java:logGet(46)) - raft.server.rpc.slowness.timeout = 300s (custom)
2023-07-21 21:01:00,079 [81969248-ee02-4e21-8d11-8b7a6db0983e-groupManagement] INFO  server.RaftServerConfigKeys (ConfUtils.java:logGet(46)) - raft.server.leaderelection.leader.step-down.wait-time = 10s (default)
2023-07-21 21:01:00,079 [81969248-ee02-4e21-8d11-8b7a6db0983e-groupManagement] INFO  server.RaftServerConfigKeys (ConfUtils.java:logGet(46)) - raft.server.sleep.deviation.threshold = 300ms (default)
2023-07-21 21:01:00,079 [81969248-ee02-4e21-8d11-8b7a6db0983e-groupManagement] INFO  server.RaftServer$Division (ServerState.java:<init>(120)) - 81969248-ee02-4e21-8d11-8b7a6db0983e@group-BDA6E8294138: ConfigurationManager, init=-1: peers:[34a92578-a80c-453f-883a-7c67a7b5d4e2|rpc:10.1.0.132:15014|admin:10.1.0.132:15013|client:10.1.0.132:15012|dataStream:10.1.0.132:15015|priority:1|startupRole:FOLLOWER, 7f3a4710-33bf-48d3-982c-8a30dd90a1ed|rpc:10.1.0.132:15032|admin:10.1.0.132:15031|client:10.1.0.132:15030|dataStream:10.1.0.132:15033|priority:0|startupRole:FOLLOWER, 81969248-ee02-4e21-8d11-8b7a6db0983e|rpc:10.1.0.132:15023|admin:10.1.0.132:15022|client:10.1.0.132:15021|dataStream:10.1.0.132:15024|priority:0|startupRole:FOLLOWER]|listeners:[], old=null, confs=<EMPTY_MAP>
2023-07-21 21:01:00,079 [81969248-ee02-4e21-8d11-8b7a6db0983e-groupManagement] INFO  server.RaftServerConfigKeys (ConfUtils.java:logGet(46)) - raft.server.storage.dir = [/home/runner/work/ozone/ozone/hadoop-ozone/integration-test/target/test-dir/MiniOzoneClusterImpl-b68b6c12-fe62-42d1-a50b-75b7569d3ce9/datanode-1/data/ratis] (custom)
2023-07-21 21:01:00,079 [81969248-ee02-4e21-8d11-8b7a6db0983e-groupManagement] INFO  server.RaftServerConfigKeys (ConfUtils.java:logGet(46)) - raft.server.log.corruption.policy = EXCEPTION (default)
2023-07-21 21:01:00,080 [81969248-ee02-4e21-8d11-8b7a6db0983e-groupManagement] INFO  server.RaftServerConfigKeys (ConfUtils.java:logGet(46)) - raft.server.storage.free-space.min = 0MB (=0) (default)
2023-07-21 21:01:00,080 [81969248-ee02-4e21-8d11-8b7a6db0983e-groupManagement] INFO  server.RaftServerConfigKeys (ConfUtils.java:logGet(46)) - raft.server.notification.no-leader.timeout = 300s (custom)
2023-07-21 21:01:00,080 [81969248-ee02-4e21-8d11-8b7a6db0983e-groupManagement] INFO  server.RaftServerConfigKeys (ConfUtils.java:logGet(46)) - raft.server.read.timeout = 10s (default)
2023-07-21 21:01:00,080 [81969248-ee02-4e21-8d11-8b7a6db0983e-groupManagement] INFO  server.RaftServerConfigKeys (ConfUtils.java:logGet(46)) - raft.server.retrycache.expirytime = 600000ms (custom)
2023-07-21 21:01:00,080 [81969248-ee02-4e21-8d11-8b7a6db0983e-groupManagement] INFO  server.RaftServerConfigKeys (ConfUtils.java:logGet(46)) - raft.server.retrycache.statistics.expirytime = 100μs (default)
2023-07-21 21:01:00,080 [81969248-ee02-4e21-8d11-8b7a6db0983e-groupManagement] INFO  server.RaftServerConfigKeys (ConfUtils.java:logGet(46)) - raft.server.read.option = DEFAULT (default)
2023-07-21 21:01:00,081 [81969248-ee02-4e21-8d11-8b7a6db0983e-groupManagement] INFO  server.RaftServerConfigKeys (ConfUtils.java:logGet(46)) - raft.server.rpc.request.timeout = 60s (custom)
2023-07-21 21:01:00,081 [81969248-ee02-4e21-8d11-8b7a6db0983e-groupManagement] INFO  server.RaftServerConfigKeys (ConfUtils.java:logGet(46)) - raft.server.log.appender.install.snapshot.enabled = false (custom)
2023-07-21 21:01:00,081 [81969248-ee02-4e21-8d11-8b7a6db0983e-groupManagement] INFO  server.RaftServerConfigKeys (ConfUtils.java:logGet(46)) - raft.server.threadpool.server.cached = true (default)
2023-07-21 21:01:00,081 [81969248-ee02-4e21-8d11-8b7a6db0983e-groupManagement] INFO  server.RaftServerConfigKeys (ConfUtils.java:logGet(46)) - raft.server.threadpool.server.size = 0 (default)
2023-07-21 21:01:00,081 [81969248-ee02-4e21-8d11-8b7a6db0983e-groupManagement] INFO  server.RaftServerConfigKeys (ConfUtils.java:logGet(46)) - raft.server.threadpool.client.cached = true (default)
2023-07-21 21:01:00,081 [81969248-ee02-4e21-8d11-8b7a6db0983e-groupManagement] INFO  server.RaftServerConfigKeys (ConfUtils.java:logGet(46)) - raft.server.threadpool.client.size = 0 (default)
2023-07-21 21:01:00,081 [81969248-ee02-4e21-8d11-8b7a6db0983e-groupManagement] INFO  storage.RaftStorageDirectory (RaftStorageDirectoryImpl.java:analyzeStorage(137)) - The storage directory /home/runner/work/ozone/ozone/hadoop-ozone/integration-test/target/test-dir/MiniOzoneClusterImpl-b68b6c12-fe62-42d1-a50b-75b7569d3ce9/datanode-1/data/ratis/70df405a-b2b2-4ac2-84c7-bda6e8294138 does not exist. Creating ...
2023-07-21 21:01:00,082 [EventQueue-OpenPipelineForHealthyPipelineSafeModeRule] INFO  safemode.SCMSafeModeManager (HealthyPipelineSafeModeRule.java:process(137)) - SCM in safe mode. Healthy pipelines reported count is 0, required healthy pipeline reported count is 1
2023-07-21 21:01:00,074 [JvmPauseMonitor2] WARN  util.JvmPauseMonitor (JvmPauseMonitor.java:detectPause(124)) - JvmPauseMonitor-34a92578-a80c-453f-883a-7c67a7b5d4e2: Detected pause in JVM or host machine approximately 0.216s with 0.212s GC time.
GC pool 'PS MarkSweep' had collection(s): count=1 time=158ms
GC pool 'PS Scavenge' had collection(s): count=1 time=54ms
2023-07-21 21:01:00,084 [81969248-ee02-4e21-8d11-8b7a6db0983e-groupManagement] INFO  storage.RaftStorageDirectory (RaftStorageDirectoryImpl.java:tryLock(231)) - Lock on /home/runner/work/ozone/ozone/hadoop-ozone/integration-test/target/test-dir/MiniOzoneClusterImpl-b68b6c12-fe62-42d1-a50b-75b7569d3ce9/datanode-1/data/ratis/70df405a-b2b2-4ac2-84c7-bda6e8294138/in_use.lock acquired by nodename 26061@fv-az202-275
2023-07-21 21:01:00,087 [81969248-ee02-4e21-8d11-8b7a6db0983e-groupManagement] INFO  storage.RaftStorage (RaftStorageImpl.java:format(96)) - Storage directory /home/runner/work/ozone/ozone/hadoop-ozone/integration-test/target/test-dir/MiniOzoneClusterImpl-b68b6c12-fe62-42d1-a50b-75b7569d3ce9/datanode-1/data/ratis/70df405a-b2b2-4ac2-84c7-bda6e8294138 has been successfully formatted.
2023-07-21 21:01:00,087 [81969248-ee02-4e21-8d11-8b7a6db0983e-groupManagement] INFO  ratis.ContainerStateMachine (ContainerStateMachine.java:loadSnapshot(262)) - group-BDA6E8294138: The snapshot info is null. Setting the last applied indexto:(t:0, i:~)
2023-07-21 21:01:00,087 [81969248-ee02-4e21-8d11-8b7a6db0983e-groupManagement] INFO  server.RaftServerConfigKeys (ConfUtils.java:logGet(46)) - raft.server.log.use.memory = false (default)
2023-07-21 21:01:00,088 [81969248-ee02-4e21-8d11-8b7a6db0983e-groupManagement] INFO  server.RaftServerConfigKeys (ConfUtils.java:logGet(46)) - raft.server.log.purge.gap = 1000000 (custom)
2023-07-21 21:01:00,088 [81969248-ee02-4e21-8d11-8b7a6db0983e-groupManagement] INFO  server.RaftServerConfigKeys (ConfUtils.java:logGet(46)) - raft.server.log.appender.buffer.byte-limit = 33554432 (custom)
2023-07-21 21:01:00,088 [81969248-ee02-4e21-8d11-8b7a6db0983e-groupManagement] INFO  server.RaftServerConfigKeys (ConfUtils.java:logGet(46)) - raft.server.log.statemachine.data.read.timeout = 1000ms (default)
2023-07-21 21:01:00,089 [81969248-ee02-4e21-8d11-8b7a6db0983e-groupManagement] INFO  server.RaftServerConfigKeys (ConfUtils.java:logGet(46)) - raft.server.log.purge.preservation.log.num = 0 (default)
2023-07-21 21:01:00,089 [81969248-ee02-4e21-8d11-8b7a6db0983e-groupManagement] INFO  server.RaftServerConfigKeys (ConfUtils.java:logGet(46)) - raft.server.log.segment.size.max = 1048576 (custom)
2023-07-21 21:01:00,089 [81969248-ee02-4e21-8d11-8b7a6db0983e-groupManagement] INFO  server.RaftServerConfigKeys (ConfUtils.java:logGet(46)) - raft.server.log.segment.cache.num.max = 2 (custom)
2023-07-21 21:01:00,089 [81969248-ee02-4e21-8d11-8b7a6db0983e-groupManagement] INFO  server.RaftServerConfigKeys (ConfUtils.java:logGet(46)) - raft.server.log.segment.cache.size.max = 200MB (=209715200) (default)
2023-07-21 21:01:00,089 [81969248-ee02-4e21-8d11-8b7a6db0983e-groupManagement] INFO  server.RaftServerConfigKeys (ConfUtils.java:logGet(46)) - raft.server.log.appender.buffer.byte-limit = 33554432 (custom)
2023-07-21 21:01:00,089 [81969248-ee02-4e21-8d11-8b7a6db0983e-groupManagement] INFO  segmented.SegmentedRaftLogWorker (SegmentedRaftLogWorker.java:<init>(188)) - new 81969248-ee02-4e21-8d11-8b7a6db0983e@group-BDA6E8294138-SegmentedRaftLogWorker for RaftStorageImpl:Storage Directory /home/runner/work/ozone/ozone/hadoop-ozone/integration-test/target/test-dir/MiniOzoneClusterImpl-b68b6c12-fe62-42d1-a50b-75b7569d3ce9/datanode-1/data/ratis/70df405a-b2b2-4ac2-84c7-bda6e8294138
2023-07-21 21:01:00,090 [81969248-ee02-4e21-8d11-8b7a6db0983e-groupManagement] INFO  server.RaftServerConfigKeys (ConfUtils.java:logGet(46)) - raft.server.log.queue.byte-limit = 4294967296 (custom)
2023-07-21 21:01:00,091 [81969248-ee02-4e21-8d11-8b7a6db0983e-groupManagement] INFO  server.RaftServerConfigKeys (ConfUtils.java:logGet(46)) - raft.server.log.queue.element-limit = 1024 (custom)
2023-07-21 21:01:00,091 [81969248-ee02-4e21-8d11-8b7a6db0983e-groupManagement] INFO  server.RaftServerConfigKeys (ConfUtils.java:logGet(46)) - raft.server.log.segment.size.max = 1048576 (custom)
2023-07-21 21:01:00,091 [81969248-ee02-4e21-8d11-8b7a6db0983e-groupManagement] INFO  server.RaftServerConfigKeys (ConfUtils.java:logGet(46)) - raft.server.log.preallocated.size = 16384 (custom)
2023-07-21 21:01:00,091 [81969248-ee02-4e21-8d11-8b7a6db0983e-groupManagement] INFO  server.RaftServerConfigKeys (ConfUtils.java:logGet(46)) - raft.server.log.force.sync.num = 128 (default)
2023-07-21 21:01:00,091 [81969248-ee02-4e21-8d11-8b7a6db0983e-groupManagement] INFO  server.RaftServerConfigKeys (ConfUtils.java:logGet(46)) - raft.server.log.statemachine.data.sync = true (default)
2023-07-21 21:01:00,091 [81969248-ee02-4e21-8d11-8b7a6db0983e-groupManagement] INFO  server.RaftServerConfigKeys (ConfUtils.java:logGet(46)) - raft.server.log.statemachine.data.sync.timeout = 10s (default)
2023-07-21 21:01:00,091 [81969248-ee02-4e21-8d11-8b7a6db0983e-groupManagement] INFO  server.RaftServerConfigKeys (ConfUtils.java:logGet(46)) - raft.server.log.statemachine.data.sync.timeout.retry = -1 (default)
2023-07-21 21:01:00,085 [PipelineCommandHandlerThread-0] INFO  commandhandler.CreatePipelineCommandHandler (CreatePipelineCommandHandler.java:lambda$handle$2(124)) - Created Pipeline RATIS THREE PipelineID=062a8413-b2ff-4709-b8da-ed15a032931c.
2023-07-21 21:01:00,093 [PipelineCommandHandlerThread-0] INFO  server.RaftServer (RaftServerProxy.java:addNew(98)) - 34a92578-a80c-453f-883a-7c67a7b5d4e2: addNew group-BDA6E8294138:[34a92578-a80c-453f-883a-7c67a7b5d4e2|rpc:10.1.0.132:15014|admin:10.1.0.132:15013|client:10.1.0.132:15012|dataStream:10.1.0.132:15015|priority:1|startupRole:FOLLOWER, 7f3a4710-33bf-48d3-982c-8a30dd90a1ed|rpc:10.1.0.132:15032|admin:10.1.0.132:15031|client:10.1.0.132:15030|dataStream:10.1.0.132:15033|priority:0|startupRole:FOLLOWER, 81969248-ee02-4e21-8d11-8b7a6db0983e|rpc:10.1.0.132:15023|admin:10.1.0.132:15022|client:10.1.0.132:15021|dataStream:10.1.0.132:15024|priority:0|startupRole:FOLLOWER] returns group-BDA6E8294138:java.util.concurrent.CompletableFuture@620d26b8[Not completed]
2023-07-21 21:01:00,095 [EventQueue-OpenPipelineForHealthyPipelineSafeModeRule] INFO  safemode.SCMSafeModeManager (HealthyPipelineSafeModeRule.java:process(137)) - SCM in safe mode. Healthy pipelines reported count is 0, required healthy pipeline reported count is 1
2023-07-21 21:01:00,096 [34a92578-a80c-453f-883a-7c67a7b5d4e2-groupManagement] INFO  server.RaftServer$Division (RaftServerImpl.java:<init>(198)) - 34a92578-a80c-453f-883a-7c67a7b5d4e2: new RaftServerImpl for group-BDA6E8294138:[34a92578-a80c-453f-883a-7c67a7b5d4e2|rpc:10.1.0.132:15014|admin:10.1.0.132:15013|client:10.1.0.132:15012|dataStream:10.1.0.132:15015|priority:1|startupRole:FOLLOWER, 7f3a4710-33bf-48d3-982c-8a30dd90a1ed|rpc:10.1.0.132:15032|admin:10.1.0.132:15031|client:10.1.0.132:15030|dataStream:10.1.0.132:15033|priority:0|startupRole:FOLLOWER, 81969248-ee02-4e21-8d11-8b7a6db0983e|rpc:10.1.0.132:15023|admin:10.1.0.132:15022|client:10.1.0.132:15021|dataStream:10.1.0.132:15024|priority:0|startupRole:FOLLOWER] with ContainerStateMachine:uninitialized
2023-07-21 21:01:00,099 [34a92578-a80c-453f-883a-7c67a7b5d4e2-groupManagement] INFO  server.RaftServerConfigKeys (ConfUtils.java:logGet(46)) - raft.server.rpc.timeout.min = 5s (custom)
2023-07-21 21:01:00,099 [34a92578-a80c-453f-883a-7c67a7b5d4e2-groupManagement] INFO  server.RaftServerConfigKeys (ConfUtils.java:logGet(46)) - raft.server.rpc.timeout.max = 5200ms (custom)
2023-07-21 21:01:00,099 [34a92578-a80c-453f-883a-7c67a7b5d4e2-groupManagement] INFO  server.RaftServerConfigKeys (ConfUtils.java:logGet(46)) - raft.server.rpc.sleep.time = 25ms (default)
2023-07-21 21:01:00,099 [34a92578-a80c-453f-883a-7c67a7b5d4e2-groupManagement] INFO  server.RaftServerConfigKeys (ConfUtils.java:logGet(46)) - raft.server.rpc.slowness.timeout = 300s (custom)
2023-07-21 21:01:00,099 [34a92578-a80c-453f-883a-7c67a7b5d4e2-groupManagement] INFO  server.RaftServerConfigKeys (ConfUtils.java:logGet(46)) - raft.server.leaderelection.leader.step-down.wait-time = 10s (default)
2023-07-21 21:01:00,099 [34a92578-a80c-453f-883a-7c67a7b5d4e2-groupManagement] INFO  server.RaftServerConfigKeys (ConfUtils.java:logGet(46)) - raft.server.sleep.deviation.threshold = 300ms (default)
2023-07-21 21:01:00,099 [34a92578-a80c-453f-883a-7c67a7b5d4e2-groupManagement] INFO  server.RaftServer$Division (ServerState.java:<init>(120)) - 34a92578-a80c-453f-883a-7c67a7b5d4e2@group-BDA6E8294138: ConfigurationManager, init=-1: peers:[34a92578-a80c-453f-883a-7c67a7b5d4e2|rpc:10.1.0.132:15014|admin:10.1.0.132:15013|client:10.1.0.132:15012|dataStream:10.1.0.132:15015|priority:1|startupRole:FOLLOWER, 7f3a4710-33bf-48d3-982c-8a30dd90a1ed|rpc:10.1.0.132:15032|admin:10.1.0.132:15031|client:10.1.0.132:15030|dataStream:10.1.0.132:15033|priority:0|startupRole:FOLLOWER, 81969248-ee02-4e21-8d11-8b7a6db0983e|rpc:10.1.0.132:15023|admin:10.1.0.132:15022|client:10.1.0.132:15021|dataStream:10.1.0.132:15024|priority:0|startupRole:FOLLOWER]|listeners:[], old=null, confs=<EMPTY_MAP>
2023-07-21 21:01:00,099 [34a92578-a80c-453f-883a-7c67a7b5d4e2-groupManagement] INFO  server.RaftServerConfigKeys (ConfUtils.java:logGet(46)) - raft.server.storage.dir = [/home/runner/work/ozone/ozone/hadoop-ozone/integration-test/target/test-dir/MiniOzoneClusterImpl-b68b6c12-fe62-42d1-a50b-75b7569d3ce9/datanode-0/data/ratis] (custom)
2023-07-21 21:01:00,099 [34a92578-a80c-453f-883a-7c67a7b5d4e2-groupManagement] INFO  server.RaftServerConfigKeys (ConfUtils.java:logGet(46)) - raft.server.log.corruption.policy = EXCEPTION (default)
2023-07-21 21:01:00,099 [34a92578-a80c-453f-883a-7c67a7b5d4e2-groupManagement] INFO  server.RaftServerConfigKeys (ConfUtils.java:logGet(46)) - raft.server.storage.free-space.min = 0MB (=0) (default)
2023-07-21 21:01:00,100 [34a92578-a80c-453f-883a-7c67a7b5d4e2-groupManagement] INFO  server.RaftServerConfigKeys (ConfUtils.java:logGet(46)) - raft.server.notification.no-leader.timeout = 300s (custom)
2023-07-21 21:01:00,100 [34a92578-a80c-453f-883a-7c67a7b5d4e2-groupManagement] INFO  server.RaftServerConfigKeys (ConfUtils.java:logGet(46)) - raft.server.read.timeout = 10s (default)
2023-07-21 21:01:00,100 [34a92578-a80c-453f-883a-7c67a7b5d4e2-groupManagement] INFO  server.RaftServerConfigKeys (ConfUtils.java:logGet(46)) - raft.server.retrycache.expirytime = 600000ms (custom)
2023-07-21 21:01:00,100 [34a92578-a80c-453f-883a-7c67a7b5d4e2-groupManagement] INFO  server.RaftServerConfigKeys (ConfUtils.java:logGet(46)) - raft.server.retrycache.statistics.expirytime = 100μs (default)
2023-07-21 21:01:00,100 [34a92578-a80c-453f-883a-7c67a7b5d4e2-groupManagement] INFO  server.RaftServerConfigKeys (ConfUtils.java:logGet(46)) - raft.server.read.option = DEFAULT (default)
2023-07-21 21:01:00,101 [34a92578-a80c-453f-883a-7c67a7b5d4e2-groupManagement] INFO  server.RaftServerConfigKeys (ConfUtils.java:logGet(46)) - raft.server.rpc.request.timeout = 60s (custom)
2023-07-21 21:01:00,101 [34a92578-a80c-453f-883a-7c67a7b5d4e2-groupManagement] INFO  server.RaftServerConfigKeys (ConfUtils.java:logGet(46)) - raft.server.log.appender.install.snapshot.enabled = false (custom)
2023-07-21 21:01:00,101 [34a92578-a80c-453f-883a-7c67a7b5d4e2-groupManagement] INFO  server.RaftServerConfigKeys (ConfUtils.java:logGet(46)) - raft.server.threadpool.server.cached = true (default)
2023-07-21 21:01:00,101 [34a92578-a80c-453f-883a-7c67a7b5d4e2-groupManagement] INFO  server.RaftServerConfigKeys (ConfUtils.java:logGet(46)) - raft.server.threadpool.server.size = 0 (default)
2023-07-21 21:01:00,101 [34a92578-a80c-453f-883a-7c67a7b5d4e2-groupManagement] INFO  server.RaftServerConfigKeys (ConfUtils.java:logGet(46)) - raft.server.threadpool.client.cached = true (default)
2023-07-21 21:01:00,101 [34a92578-a80c-453f-883a-7c67a7b5d4e2-groupManagement] INFO  server.RaftServerConfigKeys (ConfUtils.java:logGet(46)) - raft.server.threadpool.client.size = 0 (default)
2023-07-21 21:01:00,101 [34a92578-a80c-453f-883a-7c67a7b5d4e2-groupManagement] INFO  storage.RaftStorageDirectory (RaftStorageDirectoryImpl.java:analyzeStorage(137)) - The storage directory /home/runner/work/ozone/ozone/hadoop-ozone/integration-test/target/test-dir/MiniOzoneClusterImpl-b68b6c12-fe62-42d1-a50b-75b7569d3ce9/datanode-0/data/ratis/70df405a-b2b2-4ac2-84c7-bda6e8294138 does not exist. Creating ...
2023-07-21 21:01:00,097 [81969248-ee02-4e21-8d11-8b7a6db0983e-groupManagement] INFO  server.RaftServerConfigKeys (ConfUtils.java:logGet(46)) - raft.server.log.write.buffer.size = 1048576 (custom)
2023-07-21 21:01:00,103 [81969248-ee02-4e21-8d11-8b7a6db0983e-groupManagement] INFO  server.RaftServerConfigKeys (ConfUtils.java:logGet(46)) - raft.server.log.appender.buffer.byte-limit = 33554432 (custom)
2023-07-21 21:01:00,102 [34a92578-a80c-453f-883a-7c67a7b5d4e2-groupManagement] INFO  storage.RaftStorageDirectory (RaftStorageDirectoryImpl.java:tryLock(231)) - Lock on /home/runner/work/ozone/ozone/hadoop-ozone/integration-test/target/test-dir/MiniOzoneClusterImpl-b68b6c12-fe62-42d1-a50b-75b7569d3ce9/datanode-0/data/ratis/70df405a-b2b2-4ac2-84c7-bda6e8294138/in_use.lock acquired by nodename 26061@fv-az202-275
2023-07-21 21:01:00,109 [34a92578-a80c-453f-883a-7c67a7b5d4e2-groupManagement] INFO  storage.RaftStorage (RaftStorageImpl.java:format(96)) - Storage directory /home/runner/work/ozone/ozone/hadoop-ozone/integration-test/target/test-dir/MiniOzoneClusterImpl-b68b6c12-fe62-42d1-a50b-75b7569d3ce9/datanode-0/data/ratis/70df405a-b2b2-4ac2-84c7-bda6e8294138 has been successfully formatted.
2023-07-21 21:01:00,109 [34a92578-a80c-453f-883a-7c67a7b5d4e2-groupManagement] INFO  ratis.ContainerStateMachine (ContainerStateMachine.java:loadSnapshot(262)) - group-BDA6E8294138: The snapshot info is null. Setting the last applied indexto:(t:0, i:~)
2023-07-21 21:01:00,110 [34a92578-a80c-453f-883a-7c67a7b5d4e2-groupManagement] INFO  server.RaftServerConfigKeys (ConfUtils.java:logGet(46)) - raft.server.log.use.memory = false (default)
2023-07-21 21:01:00,110 [34a92578-a80c-453f-883a-7c67a7b5d4e2-groupManagement] INFO  server.RaftServerConfigKeys (ConfUtils.java:logGet(46)) - raft.server.log.purge.gap = 1000000 (custom)
2023-07-21 21:01:00,110 [34a92578-a80c-453f-883a-7c67a7b5d4e2-groupManagement] INFO  server.RaftServerConfigKeys (ConfUtils.java:logGet(46)) - raft.server.log.appender.buffer.byte-limit = 33554432 (custom)
2023-07-21 21:01:00,110 [34a92578-a80c-453f-883a-7c67a7b5d4e2-groupManagement] INFO  server.RaftServerConfigKeys (ConfUtils.java:logGet(46)) - raft.server.log.statemachine.data.read.timeout = 1000ms (default)
2023-07-21 21:01:00,110 [34a92578-a80c-453f-883a-7c67a7b5d4e2-groupManagement] INFO  server.RaftServerConfigKeys (ConfUtils.java:logGet(46)) - raft.server.log.purge.preservation.log.num = 0 (default)
2023-07-21 21:01:00,110 [34a92578-a80c-453f-883a-7c67a7b5d4e2-groupManagement] INFO  server.RaftServerConfigKeys (ConfUtils.java:logGet(46)) - raft.server.log.segment.size.max = 1048576 (custom)
2023-07-21 21:01:00,110 [34a92578-a80c-453f-883a-7c67a7b5d4e2-groupManagement] INFO  server.RaftServerConfigKeys (ConfUtils.java:logGet(46)) - raft.server.log.segment.cache.num.max = 2 (custom)
2023-07-21 21:01:00,110 [34a92578-a80c-453f-883a-7c67a7b5d4e2-groupManagement] INFO  server.RaftServerConfigKeys (ConfUtils.java:logGet(46)) - raft.server.log.segment.cache.size.max = 200MB (=209715200) (default)
2023-07-21 21:01:00,113 [EventQueue-OpenPipelineForHealthyPipelineSafeModeRule] INFO  safemode.SCMSafeModeManager (HealthyPipelineSafeModeRule.java:process(137)) - SCM in safe mode. Healthy pipelines reported count is 0, required healthy pipeline reported count is 1
2023-07-21 21:01:00,114 [34a92578-a80c-453f-883a-7c67a7b5d4e2-groupManagement] INFO  server.RaftServerConfigKeys (ConfUtils.java:logGet(46)) - raft.server.log.appender.buffer.byte-limit = 33554432 (custom)
2023-07-21 21:01:00,114 [34a92578-a80c-453f-883a-7c67a7b5d4e2-groupManagement] INFO  segmented.SegmentedRaftLogWorker (SegmentedRaftLogWorker.java:<init>(188)) - new 34a92578-a80c-453f-883a-7c67a7b5d4e2@group-BDA6E8294138-SegmentedRaftLogWorker for RaftStorageImpl:Storage Directory /home/runner/work/ozone/ozone/hadoop-ozone/integration-test/target/test-dir/MiniOzoneClusterImpl-b68b6c12-fe62-42d1-a50b-75b7569d3ce9/datanode-0/data/ratis/70df405a-b2b2-4ac2-84c7-bda6e8294138
2023-07-21 21:01:00,114 [34a92578-a80c-453f-883a-7c67a7b5d4e2-groupManagement] INFO  server.RaftServerConfigKeys (ConfUtils.java:logGet(46)) - raft.server.log.queue.byte-limit = 4294967296 (custom)
2023-07-21 21:01:00,114 [34a92578-a80c-453f-883a-7c67a7b5d4e2-groupManagement] INFO  server.RaftServerConfigKeys (ConfUtils.java:logGet(46)) - raft.server.log.queue.element-limit = 1024 (custom)
2023-07-21 21:01:00,114 [34a92578-a80c-453f-883a-7c67a7b5d4e2-groupManagement] INFO  server.RaftServerConfigKeys (ConfUtils.java:logGet(46)) - raft.server.log.segment.size.max = 1048576 (custom)
2023-07-21 21:01:00,114 [34a92578-a80c-453f-883a-7c67a7b5d4e2-groupManagement] INFO  server.RaftServerConfigKeys (ConfUtils.java:logGet(46)) - raft.server.log.preallocated.size = 16384 (custom)
2023-07-21 21:01:00,114 [34a92578-a80c-453f-883a-7c67a7b5d4e2-groupManagement] INFO  server.RaftServerConfigKeys (ConfUtils.java:logGet(46)) - raft.server.log.force.sync.num = 128 (default)
2023-07-21 21:01:00,114 [34a92578-a80c-453f-883a-7c67a7b5d4e2-groupManagement] INFO  server.RaftServerConfigKeys (ConfUtils.java:logGet(46)) - raft.server.log.statemachine.data.sync = true (default)
2023-07-21 21:01:00,114 [34a92578-a80c-453f-883a-7c67a7b5d4e2-groupManagement] INFO  server.RaftServerConfigKeys (ConfUtils.java:logGet(46)) - raft.server.log.statemachine.data.sync.timeout = 10s (default)
2023-07-21 21:01:00,114 [34a92578-a80c-453f-883a-7c67a7b5d4e2-groupManagement] INFO  server.RaftServerConfigKeys (ConfUtils.java:logGet(46)) - raft.server.log.statemachine.data.sync.timeout.retry = -1 (default)
2023-07-21 21:01:00,115 [34a92578-a80c-453f-883a-7c67a7b5d4e2-groupManagement] INFO  server.RaftServerConfigKeys (ConfUtils.java:logGet(46)) - raft.server.log.write.buffer.size = 1048576 (custom)
2023-07-21 21:01:00,116 [34a92578-a80c-453f-883a-7c67a7b5d4e2-groupManagement] INFO  server.RaftServerConfigKeys (ConfUtils.java:logGet(46)) - raft.server.log.appender.buffer.byte-limit = 33554432 (custom)
2023-07-21 21:01:00,120 [81969248-ee02-4e21-8d11-8b7a6db0983e-groupManagement] INFO  server.RaftServerConfigKeys (ConfUtils.java:logGet(46)) - raft.server.log.unsafe-flush.enabled = false (default)
2023-07-21 21:01:00,120 [81969248-ee02-4e21-8d11-8b7a6db0983e-groupManagement] INFO  server.RaftServerConfigKeys (ConfUtils.java:logGet(46)) - raft.server.log.async-flush.enabled = false (default)
2023-07-21 21:01:00,120 [81969248-ee02-4e21-8d11-8b7a6db0983e-groupManagement] INFO  server.RaftServerConfigKeys (ConfUtils.java:logGet(46)) - raft.server.log.statemachine.data.caching.enabled = true (custom)
2023-07-21 21:01:00,120 [81969248-ee02-4e21-8d11-8b7a6db0983e-groupManagement] INFO  segmented.SegmentedRaftLogWorker (SegmentedRaftLogWorker.java:lambda$new$0(135)) - 81969248-ee02-4e21-8d11-8b7a6db0983e@group-BDA6E8294138-SegmentedRaftLogWorker: flushIndex: setUnconditionally 0 -> -1
2023-07-21 21:01:00,120 [81969248-ee02-4e21-8d11-8b7a6db0983e-groupManagement] INFO  segmented.SegmentedRaftLogWorker (SegmentedRaftLogWorker.java:lambda$new$0(135)) - 81969248-ee02-4e21-8d11-8b7a6db0983e@group-BDA6E8294138-SegmentedRaftLogWorker: safeCacheEvictIndex: setUnconditionally 0 -> -1
2023-07-21 21:01:00,124 [34a92578-a80c-453f-883a-7c67a7b5d4e2-groupManagement] INFO  server.RaftServerConfigKeys (ConfUtils.java:logGet(46)) - raft.server.log.unsafe-flush.enabled = false (default)
2023-07-21 21:01:00,125 [34a92578-a80c-453f-883a-7c67a7b5d4e2-groupManagement] INFO  server.RaftServerConfigKeys (ConfUtils.java:logGet(46)) - raft.server.log.async-flush.enabled = false (default)
2023-07-21 21:01:00,125 [34a92578-a80c-453f-883a-7c67a7b5d4e2-groupManagement] INFO  server.RaftServerConfigKeys (ConfUtils.java:logGet(46)) - raft.server.log.statemachine.data.caching.enabled = true (custom)
2023-07-21 21:01:00,125 [34a92578-a80c-453f-883a-7c67a7b5d4e2-groupManagement] INFO  segmented.SegmentedRaftLogWorker (SegmentedRaftLogWorker.java:lambda$new$0(135)) - 34a92578-a80c-453f-883a-7c67a7b5d4e2@group-BDA6E8294138-SegmentedRaftLogWorker: flushIndex: setUnconditionally 0 -> -1
2023-07-21 21:01:00,125 [34a92578-a80c-453f-883a-7c67a7b5d4e2-groupManagement] INFO  segmented.SegmentedRaftLogWorker (SegmentedRaftLogWorker.java:lambda$new$0(135)) - 34a92578-a80c-453f-883a-7c67a7b5d4e2@group-BDA6E8294138-SegmentedRaftLogWorker: safeCacheEvictIndex: setUnconditionally 0 -> -1
2023-07-21 21:01:00,125 [81969248-ee02-4e21-8d11-8b7a6db0983e-groupManagement] INFO  server.RaftServer$Division (RaftServerImpl.java:start(342)) - 81969248-ee02-4e21-8d11-8b7a6db0983e@group-BDA6E8294138: start as a follower, conf=-1: peers:[34a92578-a80c-453f-883a-7c67a7b5d4e2|rpc:10.1.0.132:15014|admin:10.1.0.132:15013|client:10.1.0.132:15012|dataStream:10.1.0.132:15015|priority:1|startupRole:FOLLOWER, 7f3a4710-33bf-48d3-982c-8a30dd90a1ed|rpc:10.1.0.132:15032|admin:10.1.0.132:15031|client:10.1.0.132:15030|dataStream:10.1.0.132:15033|priority:0|startupRole:FOLLOWER, 81969248-ee02-4e21-8d11-8b7a6db0983e|rpc:10.1.0.132:15023|admin:10.1.0.132:15022|client:10.1.0.132:15021|dataStream:10.1.0.132:15024|priority:0|startupRole:FOLLOWER]|listeners:[], old=null
2023-07-21 21:01:00,125 [81969248-ee02-4e21-8d11-8b7a6db0983e-groupManagement] INFO  server.RaftServer$Division (RaftServerImpl.java:setRole(329)) - 81969248-ee02-4e21-8d11-8b7a6db0983e@group-BDA6E8294138: changes role from      null to FOLLOWER at term 0 for startAsFollower
2023-07-21 21:01:00,125 [81969248-ee02-4e21-8d11-8b7a6db0983e-groupManagement] INFO  impl.RoleInfo (RoleInfo.java:updateAndGet(139)) - 81969248-ee02-4e21-8d11-8b7a6db0983e: start 81969248-ee02-4e21-8d11-8b7a6db0983e@group-BDA6E8294138-FollowerState
2023-07-21 21:01:00,129 [81969248-ee02-4e21-8d11-8b7a6db0983e-groupManagement] INFO  util.JmxRegister (JmxRegister.java:tryRegister(44)) - Successfully registered JMX Bean with object name Ratis:service=RaftServer,group=group-BDA6E8294138,id=81969248-ee02-4e21-8d11-8b7a6db0983e
2023-07-21 21:01:00,129 [81969248-ee02-4e21-8d11-8b7a6db0983e-groupManagement] INFO  server.RaftServerConfigKeys (ConfUtils.java:logGet(46)) - raft.server.snapshot.auto.trigger.enabled = true (custom)
2023-07-21 21:01:00,129 [81969248-ee02-4e21-8d11-8b7a6db0983e-groupManagement] INFO  server.RaftServerConfigKeys (ConfUtils.java:logGet(46)) - raft.server.snapshot.auto.trigger.threshold = 10000 (custom)
2023-07-21 21:01:00,129 [81969248-ee02-4e21-8d11-8b7a6db0983e-groupManagement] INFO  server.RaftServerConfigKeys (ConfUtils.java:logGet(46)) - raft.server.snapshot.retention.file.num = 5 (custom)
2023-07-21 21:01:00,129 [81969248-ee02-4e21-8d11-8b7a6db0983e-groupManagement] INFO  server.RaftServerConfigKeys (ConfUtils.java:logGet(46)) - raft.server.log.purge.upto.snapshot.index = false (default)
2023-07-21 21:01:00,130 [81969248-ee02-4e21-8d11-8b7a6db0983e@group-BDA6E8294138-FollowerState] INFO  server.RaftServerConfigKeys (ConfUtils.java:logFallback(53)) - raft.server.rpc.first-election.timeout.min = 5s (fallback to raft.server.rpc.timeout.min)
2023-07-21 21:01:00,133 [PipelineCommandHandlerThread-0] INFO  ratis.XceiverServerRatis (XceiverServerRatis.java:addGroup(804)) - Created group PipelineID=70df405a-b2b2-4ac2-84c7-bda6e8294138
2023-07-21 21:01:00,134 [34a92578-a80c-453f-883a-7c67a7b5d4e2-groupManagement] INFO  server.RaftServer$Division (RaftServerImpl.java:start(342)) - 34a92578-a80c-453f-883a-7c67a7b5d4e2@group-BDA6E8294138: start as a follower, conf=-1: peers:[34a92578-a80c-453f-883a-7c67a7b5d4e2|rpc:10.1.0.132:15014|admin:10.1.0.132:15013|client:10.1.0.132:15012|dataStream:10.1.0.132:15015|priority:1|startupRole:FOLLOWER, 7f3a4710-33bf-48d3-982c-8a30dd90a1ed|rpc:10.1.0.132:15032|admin:10.1.0.132:15031|client:10.1.0.132:15030|dataStream:10.1.0.132:15033|priority:0|startupRole:FOLLOWER, 81969248-ee02-4e21-8d11-8b7a6db0983e|rpc:10.1.0.132:15023|admin:10.1.0.132:15022|client:10.1.0.132:15021|dataStream:10.1.0.132:15024|priority:0|startupRole:FOLLOWER]|listeners:[], old=null
2023-07-21 21:01:00,134 [34a92578-a80c-453f-883a-7c67a7b5d4e2-groupManagement] INFO  server.RaftServer$Division (RaftServerImpl.java:setRole(329)) - 34a92578-a80c-453f-883a-7c67a7b5d4e2@group-BDA6E8294138: changes role from      null to FOLLOWER at term 0 for startAsFollower
2023-07-21 21:01:00,134 [34a92578-a80c-453f-883a-7c67a7b5d4e2-groupManagement] INFO  impl.RoleInfo (RoleInfo.java:updateAndGet(139)) - 34a92578-a80c-453f-883a-7c67a7b5d4e2: start 34a92578-a80c-453f-883a-7c67a7b5d4e2@group-BDA6E8294138-FollowerState
2023-07-21 21:01:00,135 [34a92578-a80c-453f-883a-7c67a7b5d4e2-groupManagement] INFO  util.JmxRegister (JmxRegister.java:tryRegister(44)) - Successfully registered JMX Bean with object name Ratis:service=RaftServer,group=group-BDA6E8294138,id=34a92578-a80c-453f-883a-7c67a7b5d4e2
2023-07-21 21:01:00,135 [34a92578-a80c-453f-883a-7c67a7b5d4e2-groupManagement] INFO  server.RaftServerConfigKeys (ConfUtils.java:logGet(46)) - raft.server.snapshot.auto.trigger.enabled = true (custom)
2023-07-21 21:01:00,135 [34a92578-a80c-453f-883a-7c67a7b5d4e2-groupManagement] INFO  server.RaftServerConfigKeys (ConfUtils.java:logGet(46)) - raft.server.snapshot.auto.trigger.threshold = 10000 (custom)
2023-07-21 21:01:00,135 [34a92578-a80c-453f-883a-7c67a7b5d4e2-groupManagement] INFO  server.RaftServerConfigKeys (ConfUtils.java:logGet(46)) - raft.server.snapshot.retention.file.num = 5 (custom)
2023-07-21 21:01:00,135 [34a92578-a80c-453f-883a-7c67a7b5d4e2-groupManagement] INFO  server.RaftServerConfigKeys (ConfUtils.java:logGet(46)) - raft.server.log.purge.upto.snapshot.index = false (default)
2023-07-21 21:01:00,135 [34a92578-a80c-453f-883a-7c67a7b5d4e2@group-BDA6E8294138-FollowerState] INFO  server.RaftServerConfigKeys (ConfUtils.java:logFallback(53)) - raft.server.rpc.first-election.timeout.min = 5s (fallback to raft.server.rpc.timeout.min)
2023-07-21 21:01:00,142 [34a92578-a80c-453f-883a-7c67a7b5d4e2@group-BDA6E8294138-FollowerState] INFO  server.RaftServerConfigKeys (ConfUtils.java:logFallback(53)) - raft.server.rpc.first-election.timeout.max = 5200ms (fallback to raft.server.rpc.timeout.max)
2023-07-21 21:01:00,142 [81969248-ee02-4e21-8d11-8b7a6db0983e@group-BDA6E8294138-FollowerState] INFO  server.RaftServerConfigKeys (ConfUtils.java:logFallback(53)) - raft.server.rpc.first-election.timeout.max = 5200ms (fallback to raft.server.rpc.timeout.max)
2023-07-21 21:01:00,143 [PipelineCommandHandlerThread-0] INFO  ratis.XceiverServerRatis (XceiverServerRatis.java:addGroup(804)) - Created group PipelineID=70df405a-b2b2-4ac2-84c7-bda6e8294138
2023-07-21 21:01:00,165 [grpc-default-executor-0] INFO  server.RaftServer (RaftServerProxy.java:addNew(98)) - 7f3a4710-33bf-48d3-982c-8a30dd90a1ed: addNew group-BDA6E8294138:[34a92578-a80c-453f-883a-7c67a7b5d4e2|rpc:10.1.0.132:15014|admin:10.1.0.132:15013|client:10.1.0.132:15012|dataStream:10.1.0.132:15015|priority:1|startupRole:FOLLOWER, 7f3a4710-33bf-48d3-982c-8a30dd90a1ed|rpc:10.1.0.132:15032|admin:10.1.0.132:15031|client:10.1.0.132:15030|dataStream:10.1.0.132:15033|priority:0|startupRole:FOLLOWER, 81969248-ee02-4e21-8d11-8b7a6db0983e|rpc:10.1.0.132:15023|admin:10.1.0.132:15022|client:10.1.0.132:15021|dataStream:10.1.0.132:15024|priority:0|startupRole:FOLLOWER] returns group-BDA6E8294138:java.util.concurrent.CompletableFuture@7296a805[Not completed]
2023-07-21 21:01:00,167 [7f3a4710-33bf-48d3-982c-8a30dd90a1ed-groupManagement] INFO  server.RaftServer$Division (RaftServerImpl.java:<init>(198)) - 7f3a4710-33bf-48d3-982c-8a30dd90a1ed: new RaftServerImpl for group-BDA6E8294138:[34a92578-a80c-453f-883a-7c67a7b5d4e2|rpc:10.1.0.132:15014|admin:10.1.0.132:15013|client:10.1.0.132:15012|dataStream:10.1.0.132:15015|priority:1|startupRole:FOLLOWER, 7f3a4710-33bf-48d3-982c-8a30dd90a1ed|rpc:10.1.0.132:15032|admin:10.1.0.132:15031|client:10.1.0.132:15030|dataStream:10.1.0.132:15033|priority:0|startupRole:FOLLOWER, 81969248-ee02-4e21-8d11-8b7a6db0983e|rpc:10.1.0.132:15023|admin:10.1.0.132:15022|client:10.1.0.132:15021|dataStream:10.1.0.132:15024|priority:0|startupRole:FOLLOWER] with ContainerStateMachine:uninitialized
2023-07-21 21:01:00,167 [7f3a4710-33bf-48d3-982c-8a30dd90a1ed-groupManagement] INFO  server.RaftServerConfigKeys (ConfUtils.java:logGet(46)) - raft.server.rpc.timeout.min = 5s (custom)
2023-07-21 21:01:00,167 [7f3a4710-33bf-48d3-982c-8a30dd90a1ed-groupManagement] INFO  server.RaftServerConfigKeys (ConfUtils.java:logGet(46)) - raft.server.rpc.timeout.max = 5200ms (custom)
2023-07-21 21:01:00,167 [7f3a4710-33bf-48d3-982c-8a30dd90a1ed-groupManagement] INFO  server.RaftServerConfigKeys (ConfUtils.java:logGet(46)) - raft.server.rpc.sleep.time = 25ms (default)
2023-07-21 21:01:00,167 [7f3a4710-33bf-48d3-982c-8a30dd90a1ed-groupManagement] INFO  server.RaftServerConfigKeys (ConfUtils.java:logGet(46)) - raft.server.rpc.slowness.timeout = 300s (custom)
2023-07-21 21:01:00,167 [7f3a4710-33bf-48d3-982c-8a30dd90a1ed-groupManagement] INFO  server.RaftServerConfigKeys (ConfUtils.java:logGet(46)) - raft.server.leaderelection.leader.step-down.wait-time = 10s (default)
2023-07-21 21:01:00,167 [7f3a4710-33bf-48d3-982c-8a30dd90a1ed-groupManagement] INFO  server.RaftServerConfigKeys (ConfUtils.java:logGet(46)) - raft.server.sleep.deviation.threshold = 300ms (default)
2023-07-21 21:01:00,167 [7f3a4710-33bf-48d3-982c-8a30dd90a1ed-groupManagement] INFO  server.RaftServer$Division (ServerState.java:<init>(120)) - 7f3a4710-33bf-48d3-982c-8a30dd90a1ed@group-BDA6E8294138: ConfigurationManager, init=-1: peers:[34a92578-a80c-453f-883a-7c67a7b5d4e2|rpc:10.1.0.132:15014|admin:10.1.0.132:15013|client:10.1.0.132:15012|dataStream:10.1.0.132:15015|priority:1|startupRole:FOLLOWER, 7f3a4710-33bf-48d3-982c-8a30dd90a1ed|rpc:10.1.0.132:15032|admin:10.1.0.132:15031|client:10.1.0.132:15030|dataStream:10.1.0.132:15033|priority:0|startupRole:FOLLOWER, 81969248-ee02-4e21-8d11-8b7a6db0983e|rpc:10.1.0.132:15023|admin:10.1.0.132:15022|client:10.1.0.132:15021|dataStream:10.1.0.132:15024|priority:0|startupRole:FOLLOWER]|listeners:[], old=null, confs=<EMPTY_MAP>
2023-07-21 21:01:00,167 [7f3a4710-33bf-48d3-982c-8a30dd90a1ed-groupManagement] INFO  server.RaftServerConfigKeys (ConfUtils.java:logGet(46)) - raft.server.storage.dir = [/home/runner/work/ozone/ozone/hadoop-ozone/integration-test/target/test-dir/MiniOzoneClusterImpl-b68b6c12-fe62-42d1-a50b-75b7569d3ce9/datanode-2/data/ratis] (custom)
2023-07-21 21:01:00,168 [7f3a4710-33bf-48d3-982c-8a30dd90a1ed-groupManagement] INFO  server.RaftServerConfigKeys (ConfUtils.java:logGet(46)) - raft.server.log.corruption.policy = EXCEPTION (default)
2023-07-21 21:01:00,168 [7f3a4710-33bf-48d3-982c-8a30dd90a1ed-groupManagement] INFO  server.RaftServerConfigKeys (ConfUtils.java:logGet(46)) - raft.server.storage.free-space.min = 0MB (=0) (default)
2023-07-21 21:01:00,168 [7f3a4710-33bf-48d3-982c-8a30dd90a1ed-groupManagement] INFO  server.RaftServerConfigKeys (ConfUtils.java:logGet(46)) - raft.server.notification.no-leader.timeout = 300s (custom)
2023-07-21 21:01:00,168 [7f3a4710-33bf-48d3-982c-8a30dd90a1ed-groupManagement] INFO  server.RaftServerConfigKeys (ConfUtils.java:logGet(46)) - raft.server.read.timeout = 10s (default)
2023-07-21 21:01:00,168 [7f3a4710-33bf-48d3-982c-8a30dd90a1ed-groupManagement] INFO  server.RaftServerConfigKeys (ConfUtils.java:logGet(46)) - raft.server.retrycache.expirytime = 600000ms (custom)
2023-07-21 21:01:00,168 [7f3a4710-33bf-48d3-982c-8a30dd90a1ed-groupManagement] INFO  server.RaftServerConfigKeys (ConfUtils.java:logGet(46)) - raft.server.retrycache.statistics.expirytime = 100μs (default)
2023-07-21 21:01:00,168 [7f3a4710-33bf-48d3-982c-8a30dd90a1ed-groupManagement] INFO  server.RaftServerConfigKeys (ConfUtils.java:logGet(46)) - raft.server.read.option = DEFAULT (default)
2023-07-21 21:01:00,169 [7f3a4710-33bf-48d3-982c-8a30dd90a1ed-groupManagement] INFO  server.RaftServerConfigKeys (ConfUtils.java:logGet(46)) - raft.server.rpc.request.timeout = 60s (custom)
2023-07-21 21:01:00,169 [7f3a4710-33bf-48d3-982c-8a30dd90a1ed-groupManagement] INFO  server.RaftServerConfigKeys (ConfUtils.java:logGet(46)) - raft.server.log.appender.install.snapshot.enabled = false (custom)
2023-07-21 21:01:00,169 [7f3a4710-33bf-48d3-982c-8a30dd90a1ed-groupManagement] INFO  server.RaftServerConfigKeys (ConfUtils.java:logGet(46)) - raft.server.threadpool.server.cached = true (default)
2023-07-21 21:01:00,169 [7f3a4710-33bf-48d3-982c-8a30dd90a1ed-groupManagement] INFO  server.RaftServerConfigKeys (ConfUtils.java:logGet(46)) - raft.server.threadpool.server.size = 0 (default)
2023-07-21 21:01:00,169 [7f3a4710-33bf-48d3-982c-8a30dd90a1ed-groupManagement] INFO  server.RaftServerConfigKeys (ConfUtils.java:logGet(46)) - raft.server.threadpool.client.cached = true (default)
2023-07-21 21:01:00,169 [7f3a4710-33bf-48d3-982c-8a30dd90a1ed-groupManagement] INFO  server.RaftServerConfigKeys (ConfUtils.java:logGet(46)) - raft.server.threadpool.client.size = 0 (default)
2023-07-21 21:01:00,173 [7f3a4710-33bf-48d3-982c-8a30dd90a1ed-groupManagement] INFO  storage.RaftStorageDirectory (RaftStorageDirectoryImpl.java:analyzeStorage(137)) - The storage directory /home/runner/work/ozone/ozone/hadoop-ozone/integration-test/target/test-dir/MiniOzoneClusterImpl-b68b6c12-fe62-42d1-a50b-75b7569d3ce9/datanode-2/data/ratis/70df405a-b2b2-4ac2-84c7-bda6e8294138 does not exist. Creating ...
2023-07-21 21:01:00,175 [7f3a4710-33bf-48d3-982c-8a30dd90a1ed-groupManagement] INFO  storage.RaftStorageDirectory (RaftStorageDirectoryImpl.java:tryLock(231)) - Lock on /home/runner/work/ozone/ozone/hadoop-ozone/integration-test/target/test-dir/MiniOzoneClusterImpl-b68b6c12-fe62-42d1-a50b-75b7569d3ce9/datanode-2/data/ratis/70df405a-b2b2-4ac2-84c7-bda6e8294138/in_use.lock acquired by nodename 26061@fv-az202-275
2023-07-21 21:01:00,176 [7f3a4710-33bf-48d3-982c-8a30dd90a1ed-groupManagement] INFO  storage.RaftStorage (RaftStorageImpl.java:format(96)) - Storage directory /home/runner/work/ozone/ozone/hadoop-ozone/integration-test/target/test-dir/MiniOzoneClusterImpl-b68b6c12-fe62-42d1-a50b-75b7569d3ce9/datanode-2/data/ratis/70df405a-b2b2-4ac2-84c7-bda6e8294138 has been successfully formatted.
2023-07-21 21:01:00,183 [7f3a4710-33bf-48d3-982c-8a30dd90a1ed-groupManagement] INFO  ratis.ContainerStateMachine (ContainerStateMachine.java:loadSnapshot(262)) - group-BDA6E8294138: The snapshot info is null. Setting the last applied indexto:(t:0, i:~)
2023-07-21 21:01:00,184 [7f3a4710-33bf-48d3-982c-8a30dd90a1ed-groupManagement] INFO  server.RaftServerConfigKeys (ConfUtils.java:logGet(46)) - raft.server.log.use.memory = false (default)
2023-07-21 21:01:00,184 [7f3a4710-33bf-48d3-982c-8a30dd90a1ed-groupManagement] INFO  server.RaftServerConfigKeys (ConfUtils.java:logGet(46)) - raft.server.log.purge.gap = 1000000 (custom)
2023-07-21 21:01:00,184 [7f3a4710-33bf-48d3-982c-8a30dd90a1ed-groupManagement] INFO  server.RaftServerConfigKeys (ConfUtils.java:logGet(46)) - raft.server.log.appender.buffer.byte-limit = 33554432 (custom)
2023-07-21 21:01:00,184 [7f3a4710-33bf-48d3-982c-8a30dd90a1ed-groupManagement] INFO  server.RaftServerConfigKeys (ConfUtils.java:logGet(46)) - raft.server.log.statemachine.data.read.timeout = 1000ms (default)
2023-07-21 21:01:00,184 [7f3a4710-33bf-48d3-982c-8a30dd90a1ed-groupManagement] INFO  server.RaftServerConfigKeys (ConfUtils.java:logGet(46)) - raft.server.log.purge.preservation.log.num = 0 (default)
2023-07-21 21:01:00,185 [7f3a4710-33bf-48d3-982c-8a30dd90a1ed-groupManagement] INFO  server.RaftServerConfigKeys (ConfUtils.java:logGet(46)) - raft.server.log.segment.size.max = 1048576 (custom)
2023-07-21 21:01:00,185 [7f3a4710-33bf-48d3-982c-8a30dd90a1ed-groupManagement] INFO  server.RaftServerConfigKeys (ConfUtils.java:logGet(46)) - raft.server.log.segment.cache.num.max = 2 (custom)
2023-07-21 21:01:00,185 [7f3a4710-33bf-48d3-982c-8a30dd90a1ed-groupManagement] INFO  server.RaftServerConfigKeys (ConfUtils.java:logGet(46)) - raft.server.log.segment.cache.size.max = 200MB (=209715200) (default)
2023-07-21 21:01:00,185 [7f3a4710-33bf-48d3-982c-8a30dd90a1ed-groupManagement] INFO  server.RaftServerConfigKeys (ConfUtils.java:logGet(46)) - raft.server.log.appender.buffer.byte-limit = 33554432 (custom)
2023-07-21 21:01:00,185 [7f3a4710-33bf-48d3-982c-8a30dd90a1ed-groupManagement] INFO  segmented.SegmentedRaftLogWorker (SegmentedRaftLogWorker.java:<init>(188)) - new 7f3a4710-33bf-48d3-982c-8a30dd90a1ed@group-BDA6E8294138-SegmentedRaftLogWorker for RaftStorageImpl:Storage Directory /home/runner/work/ozone/ozone/hadoop-ozone/integration-test/target/test-dir/MiniOzoneClusterImpl-b68b6c12-fe62-42d1-a50b-75b7569d3ce9/datanode-2/data/ratis/70df405a-b2b2-4ac2-84c7-bda6e8294138
2023-07-21 21:01:00,185 [7f3a4710-33bf-48d3-982c-8a30dd90a1ed-groupManagement] INFO  server.RaftServerConfigKeys (ConfUtils.java:logGet(46)) - raft.server.log.queue.byte-limit = 4294967296 (custom)
2023-07-21 21:01:00,185 [7f3a4710-33bf-48d3-982c-8a30dd90a1ed-groupManagement] INFO  server.RaftServerConfigKeys (ConfUtils.java:logGet(46)) - raft.server.log.queue.element-limit = 1024 (custom)
2023-07-21 21:01:00,185 [7f3a4710-33bf-48d3-982c-8a30dd90a1ed-groupManagement] INFO  server.RaftServerConfigKeys (ConfUtils.java:logGet(46)) - raft.server.log.segment.size.max = 1048576 (custom)
2023-07-21 21:01:00,185 [7f3a4710-33bf-48d3-982c-8a30dd90a1ed-groupManagement] INFO  server.RaftServerConfigKeys (ConfUtils.java:logGet(46)) - raft.server.log.preallocated.size = 16384 (custom)
2023-07-21 21:01:00,185 [7f3a4710-33bf-48d3-982c-8a30dd90a1ed-groupManagement] INFO  server.RaftServerConfigKeys (ConfUtils.java:logGet(46)) - raft.server.log.force.sync.num = 128 (default)
2023-07-21 21:01:00,185 [7f3a4710-33bf-48d3-982c-8a30dd90a1ed-groupManagement] INFO  server.RaftServerConfigKeys (ConfUtils.java:logGet(46)) - raft.server.log.statemachine.data.sync = true (default)
2023-07-21 21:01:00,185 [7f3a4710-33bf-48d3-982c-8a30dd90a1ed-groupManagement] INFO  server.RaftServerConfigKeys (ConfUtils.java:logGet(46)) - raft.server.log.statemachine.data.sync.timeout = 10s (default)
2023-07-21 21:01:00,186 [7f3a4710-33bf-48d3-982c-8a30dd90a1ed-groupManagement] INFO  server.RaftServerConfigKeys (ConfUtils.java:logGet(46)) - raft.server.log.statemachine.data.sync.timeout.retry = -1 (default)
2023-07-21 21:01:00,190 [7f3a4710-33bf-48d3-982c-8a30dd90a1ed-groupManagement] INFO  server.RaftServerConfigKeys (ConfUtils.java:logGet(46)) - raft.server.log.write.buffer.size = 1048576 (custom)
2023-07-21 21:01:00,190 [7f3a4710-33bf-48d3-982c-8a30dd90a1ed-groupManagement] INFO  server.RaftServerConfigKeys (ConfUtils.java:logGet(46)) - raft.server.log.appender.buffer.byte-limit = 33554432 (custom)
2023-07-21 21:01:00,199 [7f3a4710-33bf-48d3-982c-8a30dd90a1ed-groupManagement] INFO  server.RaftServerConfigKeys (ConfUtils.java:logGet(46)) - raft.server.log.unsafe-flush.enabled = false (default)
2023-07-21 21:01:00,199 [7f3a4710-33bf-48d3-982c-8a30dd90a1ed-groupManagement] INFO  server.RaftServerConfigKeys (ConfUtils.java:logGet(46)) - raft.server.log.async-flush.enabled = false (default)
2023-07-21 21:01:00,199 [7f3a4710-33bf-48d3-982c-8a30dd90a1ed-groupManagement] INFO  server.RaftServerConfigKeys (ConfUtils.java:logGet(46)) - raft.server.log.statemachine.data.caching.enabled = true (custom)
2023-07-21 21:01:00,199 [7f3a4710-33bf-48d3-982c-8a30dd90a1ed-groupManagement] INFO  segmented.SegmentedRaftLogWorker (SegmentedRaftLogWorker.java:lambda$new$0(135)) - 7f3a4710-33bf-48d3-982c-8a30dd90a1ed@group-BDA6E8294138-SegmentedRaftLogWorker: flushIndex: setUnconditionally 0 -> -1
2023-07-21 21:01:00,199 [7f3a4710-33bf-48d3-982c-8a30dd90a1ed-groupManagement] INFO  segmented.SegmentedRaftLogWorker (SegmentedRaftLogWorker.java:lambda$new$0(135)) - 7f3a4710-33bf-48d3-982c-8a30dd90a1ed@group-BDA6E8294138-SegmentedRaftLogWorker: safeCacheEvictIndex: setUnconditionally 0 -> -1
2023-07-21 21:01:00,202 [main] INFO  ozone.MiniOzoneClusterImpl (MiniOzoneClusterImpl.java:lambda$waitForClusterToBeReady$0(224)) - Nodes are ready. Got 3 of 3 DN Heartbeats.
2023-07-21 21:01:00,205 [7f3a4710-33bf-48d3-982c-8a30dd90a1ed-groupManagement] INFO  server.RaftServer$Division (RaftServerImpl.java:start(342)) - 7f3a4710-33bf-48d3-982c-8a30dd90a1ed@group-BDA6E8294138: start as a follower, conf=-1: peers:[34a92578-a80c-453f-883a-7c67a7b5d4e2|rpc:10.1.0.132:15014|admin:10.1.0.132:15013|client:10.1.0.132:15012|dataStream:10.1.0.132:15015|priority:1|startupRole:FOLLOWER, 7f3a4710-33bf-48d3-982c-8a30dd90a1ed|rpc:10.1.0.132:15032|admin:10.1.0.132:15031|client:10.1.0.132:15030|dataStream:10.1.0.132:15033|priority:0|startupRole:FOLLOWER, 81969248-ee02-4e21-8d11-8b7a6db0983e|rpc:10.1.0.132:15023|admin:10.1.0.132:15022|client:10.1.0.132:15021|dataStream:10.1.0.132:15024|priority:0|startupRole:FOLLOWER]|listeners:[], old=null
2023-07-21 21:01:00,205 [main] INFO  ozone.MiniOzoneClusterImpl (MiniOzoneClusterImpl.java:lambda$waitForClusterToBeReady$0(227)) - Waiting for cluster to exit safe mode
2023-07-21 21:01:00,205 [main] INFO  ozone.MiniOzoneClusterImpl (MiniOzoneClusterImpl.java:lambda$waitForClusterToBeReady$0(229)) - SCM became leader
2023-07-21 21:01:00,205 [7f3a4710-33bf-48d3-982c-8a30dd90a1ed-groupManagement] INFO  server.RaftServer$Division (RaftServerImpl.java:setRole(329)) - 7f3a4710-33bf-48d3-982c-8a30dd90a1ed@group-BDA6E8294138: changes role from      null to FOLLOWER at term 0 for startAsFollower
2023-07-21 21:01:00,207 [7f3a4710-33bf-48d3-982c-8a30dd90a1ed-groupManagement] INFO  impl.RoleInfo (RoleInfo.java:updateAndGet(139)) - 7f3a4710-33bf-48d3-982c-8a30dd90a1ed: start 7f3a4710-33bf-48d3-982c-8a30dd90a1ed@group-BDA6E8294138-FollowerState
2023-07-21 21:01:00,208 [7f3a4710-33bf-48d3-982c-8a30dd90a1ed-groupManagement] INFO  util.JmxRegister (JmxRegister.java:tryRegister(44)) - Successfully registered JMX Bean with object name Ratis:service=RaftServer,group=group-BDA6E8294138,id=7f3a4710-33bf-48d3-982c-8a30dd90a1ed
2023-07-21 21:01:00,208 [7f3a4710-33bf-48d3-982c-8a30dd90a1ed@group-BDA6E8294138-FollowerState] INFO  server.RaftServerConfigKeys (ConfUtils.java:logFallback(53)) - raft.server.rpc.first-election.timeout.min = 5s (fallback to raft.server.rpc.timeout.min)
2023-07-21 21:01:00,208 [7f3a4710-33bf-48d3-982c-8a30dd90a1ed-groupManagement] INFO  server.RaftServerConfigKeys (ConfUtils.java:logGet(46)) - raft.server.snapshot.auto.trigger.enabled = true (custom)
2023-07-21 21:01:00,208 [7f3a4710-33bf-48d3-982c-8a30dd90a1ed-groupManagement] INFO  server.RaftServerConfigKeys (ConfUtils.java:logGet(46)) - raft.server.snapshot.auto.trigger.threshold = 10000 (custom)
2023-07-21 21:01:00,208 [7f3a4710-33bf-48d3-982c-8a30dd90a1ed-groupManagement] INFO  server.RaftServerConfigKeys (ConfUtils.java:logGet(46)) - raft.server.snapshot.retention.file.num = 5 (custom)
2023-07-21 21:01:00,208 [7f3a4710-33bf-48d3-982c-8a30dd90a1ed-groupManagement] INFO  server.RaftServerConfigKeys (ConfUtils.java:logGet(46)) - raft.server.log.purge.upto.snapshot.index = false (default)
2023-07-21 21:01:00,209 [PipelineCommandHandlerThread-0] INFO  server.RaftServer (RaftServerProxy.java:addNew(98)) - 7f3a4710-33bf-48d3-982c-8a30dd90a1ed: addNew group-AAE0E9440E73:[7f3a4710-33bf-48d3-982c-8a30dd90a1ed|rpc:10.1.0.132:15032|admin:10.1.0.132:15031|client:10.1.0.132:15030|dataStream:10.1.0.132:15033|priority:1|startupRole:FOLLOWER] returns group-AAE0E9440E73:java.util.concurrent.CompletableFuture@40ad9e1a[Not completed]
2023-07-21 21:01:00,209 [7f3a4710-33bf-48d3-982c-8a30dd90a1ed@group-BDA6E8294138-FollowerState] INFO  server.RaftServerConfigKeys (ConfUtils.java:logFallback(53)) - raft.server.rpc.first-election.timeout.max = 5200ms (fallback to raft.server.rpc.timeout.max)
2023-07-21 21:01:00,214 [7f3a4710-33bf-48d3-982c-8a30dd90a1ed-groupManagement] INFO  server.RaftServer$Division (RaftServerImpl.java:<init>(198)) - 7f3a4710-33bf-48d3-982c-8a30dd90a1ed: new RaftServerImpl for group-AAE0E9440E73:[7f3a4710-33bf-48d3-982c-8a30dd90a1ed|rpc:10.1.0.132:15032|admin:10.1.0.132:15031|client:10.1.0.132:15030|dataStream:10.1.0.132:15033|priority:1|startupRole:FOLLOWER] with ContainerStateMachine:uninitialized
2023-07-21 21:01:00,214 [7f3a4710-33bf-48d3-982c-8a30dd90a1ed-groupManagement] INFO  server.RaftServerConfigKeys (ConfUtils.java:logGet(46)) - raft.server.rpc.timeout.min = 5s (custom)
2023-07-21 21:01:00,214 [7f3a4710-33bf-48d3-982c-8a30dd90a1ed-groupManagement] INFO  server.RaftServerConfigKeys (ConfUtils.java:logGet(46)) - raft.server.rpc.timeout.max = 5200ms (custom)
2023-07-21 21:01:00,214 [7f3a4710-33bf-48d3-982c-8a30dd90a1ed-groupManagement] INFO  server.RaftServerConfigKeys (ConfUtils.java:logGet(46)) - raft.server.rpc.sleep.time = 25ms (default)
2023-07-21 21:01:00,214 [7f3a4710-33bf-48d3-982c-8a30dd90a1ed-groupManagement] INFO  server.RaftServerConfigKeys (ConfUtils.java:logGet(46)) - raft.server.rpc.slowness.timeout = 300s (custom)
2023-07-21 21:01:00,214 [7f3a4710-33bf-48d3-982c-8a30dd90a1ed-groupManagement] INFO  server.RaftServerConfigKeys (ConfUtils.java:logGet(46)) - raft.server.leaderelection.leader.step-down.wait-time = 10s (default)
2023-07-21 21:01:00,214 [7f3a4710-33bf-48d3-982c-8a30dd90a1ed-groupManagement] INFO  server.RaftServerConfigKeys (ConfUtils.java:logGet(46)) - raft.server.sleep.deviation.threshold = 300ms (default)
2023-07-21 21:01:00,214 [7f3a4710-33bf-48d3-982c-8a30dd90a1ed-groupManagement] INFO  server.RaftServer$Division (ServerState.java:<init>(120)) - 7f3a4710-33bf-48d3-982c-8a30dd90a1ed@group-AAE0E9440E73: ConfigurationManager, init=-1: peers:[7f3a4710-33bf-48d3-982c-8a30dd90a1ed|rpc:10.1.0.132:15032|admin:10.1.0.132:15031|client:10.1.0.132:15030|dataStream:10.1.0.132:15033|priority:1|startupRole:FOLLOWER]|listeners:[], old=null, confs=<EMPTY_MAP>
2023-07-21 21:01:00,214 [7f3a4710-33bf-48d3-982c-8a30dd90a1ed-groupManagement] INFO  server.RaftServerConfigKeys (ConfUtils.java:logGet(46)) - raft.server.storage.dir = [/home/runner/work/ozone/ozone/hadoop-ozone/integration-test/target/test-dir/MiniOzoneClusterImpl-b68b6c12-fe62-42d1-a50b-75b7569d3ce9/datanode-2/data/ratis] (custom)
2023-07-21 21:01:00,215 [7f3a4710-33bf-48d3-982c-8a30dd90a1ed-groupManagement] INFO  server.RaftServerConfigKeys (ConfUtils.java:logGet(46)) - raft.server.log.corruption.policy = EXCEPTION (default)
2023-07-21 21:01:00,215 [7f3a4710-33bf-48d3-982c-8a30dd90a1ed-groupManagement] INFO  server.RaftServerConfigKeys (ConfUtils.java:logGet(46)) - raft.server.storage.free-space.min = 0MB (=0) (default)
2023-07-21 21:01:00,215 [7f3a4710-33bf-48d3-982c-8a30dd90a1ed-groupManagement] INFO  server.RaftServerConfigKeys (ConfUtils.java:logGet(46)) - raft.server.notification.no-leader.timeout = 300s (custom)
2023-07-21 21:01:00,215 [7f3a4710-33bf-48d3-982c-8a30dd90a1ed-groupManagement] INFO  server.RaftServerConfigKeys (ConfUtils.java:logGet(46)) - raft.server.read.timeout = 10s (default)
2023-07-21 21:01:00,215 [7f3a4710-33bf-48d3-982c-8a30dd90a1ed-groupManagement] INFO  server.RaftServerConfigKeys (ConfUtils.java:logGet(46)) - raft.server.retrycache.expirytime = 600000ms (custom)
2023-07-21 21:01:00,215 [7f3a4710-33bf-48d3-982c-8a30dd90a1ed-groupManagement] INFO  server.RaftServerConfigKeys (ConfUtils.java:logGet(46)) - raft.server.retrycache.statistics.expirytime = 100μs (default)
2023-07-21 21:01:00,215 [7f3a4710-33bf-48d3-982c-8a30dd90a1ed-groupManagement] INFO  server.RaftServerConfigKeys (ConfUtils.java:logGet(46)) - raft.server.read.option = DEFAULT (default)
2023-07-21 21:01:00,216 [7f3a4710-33bf-48d3-982c-8a30dd90a1ed-groupManagement] INFO  server.RaftServerConfigKeys (ConfUtils.java:logGet(46)) - raft.server.rpc.request.timeout = 60s (custom)
2023-07-21 21:01:00,216 [7f3a4710-33bf-48d3-982c-8a30dd90a1ed-groupManagement] INFO  server.RaftServerConfigKeys (ConfUtils.java:logGet(46)) - raft.server.log.appender.install.snapshot.enabled = false (custom)
2023-07-21 21:01:00,216 [7f3a4710-33bf-48d3-982c-8a30dd90a1ed-groupManagement] INFO  server.RaftServerConfigKeys (ConfUtils.java:logGet(46)) - raft.server.threadpool.server.cached = true (default)
2023-07-21 21:01:00,216 [7f3a4710-33bf-48d3-982c-8a30dd90a1ed-groupManagement] INFO  server.RaftServerConfigKeys (ConfUtils.java:logGet(46)) - raft.server.threadpool.server.size = 0 (default)
2023-07-21 21:01:00,216 [7f3a4710-33bf-48d3-982c-8a30dd90a1ed-groupManagement] INFO  server.RaftServerConfigKeys (ConfUtils.java:logGet(46)) - raft.server.threadpool.client.cached = true (default)
2023-07-21 21:01:00,216 [7f3a4710-33bf-48d3-982c-8a30dd90a1ed-groupManagement] INFO  server.RaftServerConfigKeys (ConfUtils.java:logGet(46)) - raft.server.threadpool.client.size = 0 (default)
2023-07-21 21:01:00,216 [7f3a4710-33bf-48d3-982c-8a30dd90a1ed-groupManagement] INFO  storage.RaftStorageDirectory (RaftStorageDirectoryImpl.java:analyzeStorage(137)) - The storage directory /home/runner/work/ozone/ozone/hadoop-ozone/integration-test/target/test-dir/MiniOzoneClusterImpl-b68b6c12-fe62-42d1-a50b-75b7569d3ce9/datanode-2/data/ratis/cd7f64c6-29a7-4c99-8fc7-aae0e9440e73 does not exist. Creating ...
2023-07-21 21:01:00,220 [7f3a4710-33bf-48d3-982c-8a30dd90a1ed-groupManagement] INFO  storage.RaftStorageDirectory (RaftStorageDirectoryImpl.java:tryLock(231)) - Lock on /home/runner/work/ozone/ozone/hadoop-ozone/integration-test/target/test-dir/MiniOzoneClusterImpl-b68b6c12-fe62-42d1-a50b-75b7569d3ce9/datanode-2/data/ratis/cd7f64c6-29a7-4c99-8fc7-aae0e9440e73/in_use.lock acquired by nodename 26061@fv-az202-275
2023-07-21 21:01:00,222 [7f3a4710-33bf-48d3-982c-8a30dd90a1ed-groupManagement] INFO  storage.RaftStorage (RaftStorageImpl.java:format(96)) - Storage directory /home/runner/work/ozone/ozone/hadoop-ozone/integration-test/target/test-dir/MiniOzoneClusterImpl-b68b6c12-fe62-42d1-a50b-75b7569d3ce9/datanode-2/data/ratis/cd7f64c6-29a7-4c99-8fc7-aae0e9440e73 has been successfully formatted.
2023-07-21 21:01:00,223 [7f3a4710-33bf-48d3-982c-8a30dd90a1ed-groupManagement] INFO  ratis.ContainerStateMachine (ContainerStateMachine.java:loadSnapshot(262)) - group-AAE0E9440E73: The snapshot info is null. Setting the last applied indexto:(t:0, i:~)
2023-07-21 21:01:00,223 [7f3a4710-33bf-48d3-982c-8a30dd90a1ed-groupManagement] INFO  server.RaftServerConfigKeys (ConfUtils.java:logGet(46)) - raft.server.log.use.memory = false (default)
2023-07-21 21:01:00,223 [7f3a4710-33bf-48d3-982c-8a30dd90a1ed-groupManagement] INFO  server.RaftServerConfigKeys (ConfUtils.java:logGet(46)) - raft.server.log.purge.gap = 1000000 (custom)
2023-07-21 21:01:00,223 [7f3a4710-33bf-48d3-982c-8a30dd90a1ed-groupManagement] INFO  server.RaftServerConfigKeys (ConfUtils.java:logGet(46)) - raft.server.log.appender.buffer.byte-limit = 33554432 (custom)
2023-07-21 21:01:00,223 [7f3a4710-33bf-48d3-982c-8a30dd90a1ed-groupManagement] INFO  server.RaftServerConfigKeys (ConfUtils.java:logGet(46)) - raft.server.log.statemachine.data.read.timeout = 1000ms (default)
2023-07-21 21:01:00,223 [7f3a4710-33bf-48d3-982c-8a30dd90a1ed-groupManagement] INFO  server.RaftServerConfigKeys (ConfUtils.java:logGet(46)) - raft.server.log.purge.preservation.log.num = 0 (default)
2023-07-21 21:01:00,223 [7f3a4710-33bf-48d3-982c-8a30dd90a1ed-groupManagement] INFO  server.RaftServerConfigKeys (ConfUtils.java:logGet(46)) - raft.server.log.segment.size.max = 1048576 (custom)
2023-07-21 21:01:00,229 [7f3a4710-33bf-48d3-982c-8a30dd90a1ed-groupManagement] INFO  server.RaftServerConfigKeys (ConfUtils.java:logGet(46)) - raft.server.log.segment.cache.num.max = 2 (custom)
2023-07-21 21:01:00,230 [EventQueue-PipelineReportForPipelineReportHandler] INFO  pipeline.PipelineReportHandler (PipelineReportHandler.java:processPipelineReport(136)) - Opened pipeline PipelineID=cd7f64c6-29a7-4c99-8fc7-aae0e9440e73
2023-07-21 21:01:00,230 [EventQueue-OpenPipelineForHealthyPipelineSafeModeRule] INFO  safemode.SCMSafeModeManager (HealthyPipelineSafeModeRule.java:process(137)) - SCM in safe mode. Healthy pipelines reported count is 0, required healthy pipeline reported count is 1
2023-07-21 21:01:00,230 [7f3a4710-33bf-48d3-982c-8a30dd90a1ed-groupManagement] INFO  server.RaftServerConfigKeys (ConfUtils.java:logGet(46)) - raft.server.log.segment.cache.size.max = 200MB (=209715200) (default)
2023-07-21 21:01:00,230 [7f3a4710-33bf-48d3-982c-8a30dd90a1ed-groupManagement] INFO  server.RaftServerConfigKeys (ConfUtils.java:logGet(46)) - raft.server.log.appender.buffer.byte-limit = 33554432 (custom)
2023-07-21 21:01:00,230 [7f3a4710-33bf-48d3-982c-8a30dd90a1ed-groupManagement] INFO  segmented.SegmentedRaftLogWorker (SegmentedRaftLogWorker.java:<init>(188)) - new 7f3a4710-33bf-48d3-982c-8a30dd90a1ed@group-AAE0E9440E73-SegmentedRaftLogWorker for RaftStorageImpl:Storage Directory /home/runner/work/ozone/ozone/hadoop-ozone/integration-test/target/test-dir/MiniOzoneClusterImpl-b68b6c12-fe62-42d1-a50b-75b7569d3ce9/datanode-2/data/ratis/cd7f64c6-29a7-4c99-8fc7-aae0e9440e73
2023-07-21 21:01:00,230 [7f3a4710-33bf-48d3-982c-8a30dd90a1ed-groupManagement] INFO  server.RaftServerConfigKeys (ConfUtils.java:logGet(46)) - raft.server.log.queue.byte-limit = 4294967296 (custom)
2023-07-21 21:01:00,230 [7f3a4710-33bf-48d3-982c-8a30dd90a1ed-groupManagement] INFO  server.RaftServerConfigKeys (ConfUtils.java:logGet(46)) - raft.server.log.queue.element-limit = 1024 (custom)
2023-07-21 21:01:00,230 [7f3a4710-33bf-48d3-982c-8a30dd90a1ed-groupManagement] INFO  server.RaftServerConfigKeys (ConfUtils.java:logGet(46)) - raft.server.log.segment.size.max = 1048576 (custom)
2023-07-21 21:01:00,230 [7f3a4710-33bf-48d3-982c-8a30dd90a1ed-groupManagement] INFO  server.RaftServerConfigKeys (ConfUtils.java:logGet(46)) - raft.server.log.preallocated.size = 16384 (custom)
2023-07-21 21:01:00,230 [7f3a4710-33bf-48d3-982c-8a30dd90a1ed-groupManagement] INFO  server.RaftServerConfigKeys (ConfUtils.java:logGet(46)) - raft.server.log.force.sync.num = 128 (default)
2023-07-21 21:01:00,230 [7f3a4710-33bf-48d3-982c-8a30dd90a1ed-groupManagement] INFO  server.RaftServerConfigKeys (ConfUtils.java:logGet(46)) - raft.server.log.statemachine.data.sync = true (default)
2023-07-21 21:01:00,230 [7f3a4710-33bf-48d3-982c-8a30dd90a1ed-groupManagement] INFO  server.RaftServerConfigKeys (ConfUtils.java:logGet(46)) - raft.server.log.statemachine.data.sync.timeout = 10s (default)
2023-07-21 21:01:00,231 [7f3a4710-33bf-48d3-982c-8a30dd90a1ed-groupManagement] INFO  server.RaftServerConfigKeys (ConfUtils.java:logGet(46)) - raft.server.log.statemachine.data.sync.timeout.retry = -1 (default)
2023-07-21 21:01:00,232 [7f3a4710-33bf-48d3-982c-8a30dd90a1ed-groupManagement] INFO  server.RaftServerConfigKeys (ConfUtils.java:logGet(46)) - raft.server.log.write.buffer.size = 1048576 (custom)
2023-07-21 21:01:00,234 [7f3a4710-33bf-48d3-982c-8a30dd90a1ed-groupManagement] INFO  server.RaftServerConfigKeys (ConfUtils.java:logGet(46)) - raft.server.log.appender.buffer.byte-limit = 33554432 (custom)
2023-07-21 21:01:00,248 [7f3a4710-33bf-48d3-982c-8a30dd90a1ed-groupManagement] INFO  server.RaftServerConfigKeys (ConfUtils.java:logGet(46)) - raft.server.log.unsafe-flush.enabled = false (default)
2023-07-21 21:01:00,248 [7f3a4710-33bf-48d3-982c-8a30dd90a1ed-groupManagement] INFO  server.RaftServerConfigKeys (ConfUtils.java:logGet(46)) - raft.server.log.async-flush.enabled = false (default)
2023-07-21 21:01:00,248 [7f3a4710-33bf-48d3-982c-8a30dd90a1ed-groupManagement] INFO  server.RaftServerConfigKeys (ConfUtils.java:logGet(46)) - raft.server.log.statemachine.data.caching.enabled = true (custom)
2023-07-21 21:01:00,248 [7f3a4710-33bf-48d3-982c-8a30dd90a1ed-groupManagement] INFO  segmented.SegmentedRaftLogWorker (SegmentedRaftLogWorker.java:lambda$new$0(135)) - 7f3a4710-33bf-48d3-982c-8a30dd90a1ed@group-AAE0E9440E73-SegmentedRaftLogWorker: flushIndex: setUnconditionally 0 -> -1
2023-07-21 21:01:00,248 [7f3a4710-33bf-48d3-982c-8a30dd90a1ed-groupManagement] INFO  segmented.SegmentedRaftLogWorker (SegmentedRaftLogWorker.java:lambda$new$0(135)) - 7f3a4710-33bf-48d3-982c-8a30dd90a1ed@group-AAE0E9440E73-SegmentedRaftLogWorker: safeCacheEvictIndex: setUnconditionally 0 -> -1
2023-07-21 21:01:00,250 [7f3a4710-33bf-48d3-982c-8a30dd90a1ed-groupManagement] INFO  server.RaftServer$Division (RaftServerImpl.java:start(342)) - 7f3a4710-33bf-48d3-982c-8a30dd90a1ed@group-AAE0E9440E73: start as a follower, conf=-1: peers:[7f3a4710-33bf-48d3-982c-8a30dd90a1ed|rpc:10.1.0.132:15032|admin:10.1.0.132:15031|client:10.1.0.132:15030|dataStream:10.1.0.132:15033|priority:1|startupRole:FOLLOWER]|listeners:[], old=null
2023-07-21 21:01:00,250 [7f3a4710-33bf-48d3-982c-8a30dd90a1ed-groupManagement] INFO  server.RaftServer$Division (RaftServerImpl.java:setRole(329)) - 7f3a4710-33bf-48d3-982c-8a30dd90a1ed@group-AAE0E9440E73: changes role from      null to FOLLOWER at term 0 for startAsFollower
2023-07-21 21:01:00,250 [7f3a4710-33bf-48d3-982c-8a30dd90a1ed-groupManagement] INFO  impl.RoleInfo (RoleInfo.java:updateAndGet(139)) - 7f3a4710-33bf-48d3-982c-8a30dd90a1ed: start 7f3a4710-33bf-48d3-982c-8a30dd90a1ed@group-AAE0E9440E73-FollowerState
2023-07-21 21:01:00,253 [7f3a4710-33bf-48d3-982c-8a30dd90a1ed-groupManagement] INFO  util.JmxRegister (JmxRegister.java:tryRegister(44)) - Successfully registered JMX Bean with object name Ratis:service=RaftServer,group=group-AAE0E9440E73,id=7f3a4710-33bf-48d3-982c-8a30dd90a1ed
2023-07-21 21:01:00,253 [7f3a4710-33bf-48d3-982c-8a30dd90a1ed-groupManagement] INFO  server.RaftServerConfigKeys (ConfUtils.java:logGet(46)) - raft.server.snapshot.auto.trigger.enabled = true (custom)
2023-07-21 21:01:00,253 [7f3a4710-33bf-48d3-982c-8a30dd90a1ed-groupManagement] INFO  server.RaftServerConfigKeys (ConfUtils.java:logGet(46)) - raft.server.snapshot.auto.trigger.threshold = 10000 (custom)
2023-07-21 21:01:00,254 [7f3a4710-33bf-48d3-982c-8a30dd90a1ed-groupManagement] INFO  server.RaftServerConfigKeys (ConfUtils.java:logGet(46)) - raft.server.snapshot.retention.file.num = 5 (custom)
2023-07-21 21:01:00,254 [7f3a4710-33bf-48d3-982c-8a30dd90a1ed-groupManagement] INFO  server.RaftServerConfigKeys (ConfUtils.java:logGet(46)) - raft.server.log.purge.upto.snapshot.index = false (default)
2023-07-21 21:01:00,255 [PipelineCommandHandlerThread-0] INFO  ratis.XceiverServerRatis (XceiverServerRatis.java:addGroup(804)) - Created group PipelineID=cd7f64c6-29a7-4c99-8fc7-aae0e9440e73
2023-07-21 21:01:00,255 [PipelineCommandHandlerThread-0] INFO  commandhandler.CreatePipelineCommandHandler (CreatePipelineCommandHandler.java:lambda$handle$2(124)) - Created Pipeline RATIS ONE PipelineID=cd7f64c6-29a7-4c99-8fc7-aae0e9440e73.
2023-07-21 21:01:00,258 [7f3a4710-33bf-48d3-982c-8a30dd90a1ed@group-AAE0E9440E73-FollowerState] INFO  server.RaftServerConfigKeys (ConfUtils.java:logFallback(53)) - raft.server.rpc.first-election.timeout.min = 5s (fallback to raft.server.rpc.timeout.min)
2023-07-21 21:01:00,258 [7f3a4710-33bf-48d3-982c-8a30dd90a1ed@group-AAE0E9440E73-FollowerState] INFO  server.RaftServerConfigKeys (ConfUtils.java:logFallback(53)) - raft.server.rpc.first-election.timeout.max = 5200ms (fallback to raft.server.rpc.timeout.max)
2023-07-21 21:01:00,304 [PipelineCommandHandlerThread-0] INFO  commandhandler.CreatePipelineCommandHandler (CreatePipelineCommandHandler.java:lambda$handle$2(124)) - Created Pipeline RATIS THREE PipelineID=70df405a-b2b2-4ac2-84c7-bda6e8294138.
2023-07-21 21:01:00,322 [PipelineCommandHandlerThread-0] INFO  commandhandler.CreatePipelineCommandHandler (CreatePipelineCommandHandler.java:lambda$handle$2(124)) - Created Pipeline RATIS THREE PipelineID=70df405a-b2b2-4ac2-84c7-bda6e8294138.
2023-07-21 21:01:01,205 [main] INFO  ozone.MiniOzoneClusterImpl (MiniOzoneClusterImpl.java:lambda$waitForClusterToBeReady$0(224)) - Nodes are ready. Got 3 of 3 DN Heartbeats.
2023-07-21 21:01:01,206 [main] INFO  ozone.MiniOzoneClusterImpl (MiniOzoneClusterImpl.java:lambda$waitForClusterToBeReady$0(227)) - Waiting for cluster to exit safe mode
2023-07-21 21:01:01,206 [main] INFO  ozone.MiniOzoneClusterImpl (MiniOzoneClusterImpl.java:lambda$waitForClusterToBeReady$0(229)) - SCM became leader
2023-07-21 21:01:02,206 [main] INFO  ozone.MiniOzoneClusterImpl (MiniOzoneClusterImpl.java:lambda$waitForClusterToBeReady$0(224)) - Nodes are ready. Got 3 of 3 DN Heartbeats.
2023-07-21 21:01:02,206 [main] INFO  ozone.MiniOzoneClusterImpl (MiniOzoneClusterImpl.java:lambda$waitForClusterToBeReady$0(227)) - Waiting for cluster to exit safe mode
2023-07-21 21:01:02,206 [main] INFO  ozone.MiniOzoneClusterImpl (MiniOzoneClusterImpl.java:lambda$waitForClusterToBeReady$0(229)) - SCM became leader
2023-07-21 21:01:03,207 [main] INFO  ozone.MiniOzoneClusterImpl (MiniOzoneClusterImpl.java:lambda$waitForClusterToBeReady$0(224)) - Nodes are ready. Got 3 of 3 DN Heartbeats.
2023-07-21 21:01:03,207 [main] INFO  ozone.MiniOzoneClusterImpl (MiniOzoneClusterImpl.java:lambda$waitForClusterToBeReady$0(227)) - Waiting for cluster to exit safe mode
2023-07-21 21:01:03,207 [main] INFO  ozone.MiniOzoneClusterImpl (MiniOzoneClusterImpl.java:lambda$waitForClusterToBeReady$0(229)) - SCM became leader
2023-07-21 21:01:04,208 [main] INFO  ozone.MiniOzoneClusterImpl (MiniOzoneClusterImpl.java:lambda$waitForClusterToBeReady$0(224)) - Nodes are ready. Got 3 of 3 DN Heartbeats.
2023-07-21 21:01:04,208 [main] INFO  ozone.MiniOzoneClusterImpl (MiniOzoneClusterImpl.java:lambda$waitForClusterToBeReady$0(227)) - Waiting for cluster to exit safe mode
2023-07-21 21:01:04,208 [main] INFO  ozone.MiniOzoneClusterImpl (MiniOzoneClusterImpl.java:lambda$waitForClusterToBeReady$0(229)) - SCM became leader
2023-07-21 21:01:04,299 [34a92578-a80c-453f-883a-7c67a7b5d4e2@group-ED15A032931C-FollowerState] INFO  impl.FollowerState (FollowerState.java:run(143)) - 34a92578-a80c-453f-883a-7c67a7b5d4e2@group-ED15A032931C-FollowerState: change to CANDIDATE, lastRpcElapsedTime:5004678594ns, electionTimeout:5002ms
2023-07-21 21:01:04,300 [34a92578-a80c-453f-883a-7c67a7b5d4e2@group-ED15A032931C-FollowerState] INFO  impl.RoleInfo (RoleInfo.java:shutdownFollowerState(110)) - 34a92578-a80c-453f-883a-7c67a7b5d4e2: shutdown 34a92578-a80c-453f-883a-7c67a7b5d4e2@group-ED15A032931C-FollowerState
2023-07-21 21:01:04,300 [34a92578-a80c-453f-883a-7c67a7b5d4e2@group-ED15A032931C-FollowerState] INFO  server.RaftServer$Division (RaftServerImpl.java:setRole(329)) - 34a92578-a80c-453f-883a-7c67a7b5d4e2@group-ED15A032931C: changes role from  FOLLOWER to CANDIDATE at term 0 for changeToCandidate
2023-07-21 21:01:04,301 [34a92578-a80c-453f-883a-7c67a7b5d4e2@group-ED15A032931C-FollowerState] INFO  server.RaftServerConfigKeys (ConfUtils.java:logGet(46)) - raft.server.leaderelection.pre-vote = true (default)
2023-07-21 21:01:04,301 [34a92578-a80c-453f-883a-7c67a7b5d4e2@group-ED15A032931C-FollowerState] INFO  impl.RoleInfo (RoleInfo.java:updateAndGet(139)) - 34a92578-a80c-453f-883a-7c67a7b5d4e2: start 34a92578-a80c-453f-883a-7c67a7b5d4e2@group-ED15A032931C-LeaderElection2
2023-07-21 21:01:04,303 [34a92578-a80c-453f-883a-7c67a7b5d4e2@group-ED15A032931C-LeaderElection2] INFO  impl.LeaderElection (LeaderElection.java:askForVotes(321)) - 34a92578-a80c-453f-883a-7c67a7b5d4e2@group-ED15A032931C-LeaderElection2 PRE_VOTE round 0: submit vote requests at term 0 for -1: peers:[34a92578-a80c-453f-883a-7c67a7b5d4e2|rpc:10.1.0.132:15014|admin:10.1.0.132:15013|client:10.1.0.132:15012|dataStream:10.1.0.132:15015|priority:0|startupRole:FOLLOWER, 7f3a4710-33bf-48d3-982c-8a30dd90a1ed|rpc:10.1.0.132:15032|admin:10.1.0.132:15031|client:10.1.0.132:15030|dataStream:10.1.0.132:15033|priority:1|startupRole:FOLLOWER, 81969248-ee02-4e21-8d11-8b7a6db0983e|rpc:10.1.0.132:15023|admin:10.1.0.132:15022|client:10.1.0.132:15021|dataStream:10.1.0.132:15024|priority:0|startupRole:FOLLOWER]|listeners:[], old=null
2023-07-21 21:01:04,309 [34a92578-a80c-453f-883a-7c67a7b5d4e2@group-ED15A032931C-LeaderElection2] INFO  server.RaftServerConfigKeys (ConfUtils.java:logFallback(53)) - raft.server.rpc.first-election.timeout.min = 5s (fallback to raft.server.rpc.timeout.min)
2023-07-21 21:01:04,309 [34a92578-a80c-453f-883a-7c67a7b5d4e2@group-ED15A032931C-LeaderElection2] INFO  server.RaftServerConfigKeys (ConfUtils.java:logFallback(53)) - raft.server.rpc.first-election.timeout.max = 5200ms (fallback to raft.server.rpc.timeout.max)
2023-07-21 21:01:04,312 [34a92578-a80c-453f-883a-7c67a7b5d4e2@group-ED15A032931C-LeaderElection2-1] INFO  server.GrpcServerProtocolClient (GrpcServerProtocolClient.java:<init>(65)) - Build channel for 7f3a4710-33bf-48d3-982c-8a30dd90a1ed
2023-07-21 21:01:04,320 [34a92578-a80c-453f-883a-7c67a7b5d4e2@group-ED15A032931C-LeaderElection2-2] INFO  server.GrpcServerProtocolClient (GrpcServerProtocolClient.java:<init>(65)) - Build channel for 81969248-ee02-4e21-8d11-8b7a6db0983e
2023-07-21 21:01:04,342 [grpc-default-executor-0] INFO  server.RaftServer$Division (RaftServerImpl.java:requestVote(1302)) - 81969248-ee02-4e21-8d11-8b7a6db0983e@group-ED15A032931C: receive requestVote(PRE_VOTE, 34a92578-a80c-453f-883a-7c67a7b5d4e2, group-ED15A032931C, 0, (t:0, i:0))
2023-07-21 21:01:04,345 [grpc-default-executor-0] INFO  impl.VoteContext (VoteContext.java:log(49)) - 81969248-ee02-4e21-8d11-8b7a6db0983e@group-ED15A032931C-FOLLOWER: accept PRE_VOTE from 34a92578-a80c-453f-883a-7c67a7b5d4e2: our priority 0 <= candidate's priority 0
2023-07-21 21:01:04,350 [grpc-default-executor-0] INFO  server.RaftServer$Division (RaftServerImpl.java:requestVote(1335)) - 81969248-ee02-4e21-8d11-8b7a6db0983e@group-ED15A032931C replies to PRE_VOTE vote request: 34a92578-a80c-453f-883a-7c67a7b5d4e2<-81969248-ee02-4e21-8d11-8b7a6db0983e#0:OK-t0. Peer's state: 81969248-ee02-4e21-8d11-8b7a6db0983e@group-ED15A032931C:t0, leader=null, voted=, raftlog=Memoized:81969248-ee02-4e21-8d11-8b7a6db0983e@group-ED15A032931C-SegmentedRaftLog:OPENED:c-1, conf=-1: peers:[34a92578-a80c-453f-883a-7c67a7b5d4e2|rpc:10.1.0.132:15014|admin:10.1.0.132:15013|client:10.1.0.132:15012|dataStream:10.1.0.132:15015|priority:0|startupRole:FOLLOWER, 7f3a4710-33bf-48d3-982c-8a30dd90a1ed|rpc:10.1.0.132:15032|admin:10.1.0.132:15031|client:10.1.0.132:15030|dataStream:10.1.0.132:15033|priority:1|startupRole:FOLLOWER, 81969248-ee02-4e21-8d11-8b7a6db0983e|rpc:10.1.0.132:15023|admin:10.1.0.132:15022|client:10.1.0.132:15021|dataStream:10.1.0.132:15024|priority:0|startupRole:FOLLOWER]|listeners:[], old=null
2023-07-21 21:01:04,358 [grpc-default-executor-1] INFO  server.RaftServer$Division (RaftServerImpl.java:requestVote(1302)) - 7f3a4710-33bf-48d3-982c-8a30dd90a1ed@group-ED15A032931C: receive requestVote(PRE_VOTE, 34a92578-a80c-453f-883a-7c67a7b5d4e2, group-ED15A032931C, 0, (t:0, i:0))
2023-07-21 21:01:04,358 [grpc-default-executor-1] INFO  impl.VoteContext (VoteContext.java:log(49)) - 7f3a4710-33bf-48d3-982c-8a30dd90a1ed@group-ED15A032931C-FOLLOWER: reject PRE_VOTE from 34a92578-a80c-453f-883a-7c67a7b5d4e2: our priority 1 > candidate's priority 0
2023-07-21 21:01:04,359 [grpc-default-executor-1] INFO  server.RaftServer$Division (RaftServerImpl.java:requestVote(1335)) - 7f3a4710-33bf-48d3-982c-8a30dd90a1ed@group-ED15A032931C replies to PRE_VOTE vote request: 34a92578-a80c-453f-883a-7c67a7b5d4e2<-7f3a4710-33bf-48d3-982c-8a30dd90a1ed#0:FAIL-t0. Peer's state: 7f3a4710-33bf-48d3-982c-8a30dd90a1ed@group-ED15A032931C:t0, leader=null, voted=, raftlog=Memoized:7f3a4710-33bf-48d3-982c-8a30dd90a1ed@group-ED15A032931C-SegmentedRaftLog:OPENED:c-1, conf=-1: peers:[34a92578-a80c-453f-883a-7c67a7b5d4e2|rpc:10.1.0.132:15014|admin:10.1.0.132:15013|client:10.1.0.132:15012|dataStream:10.1.0.132:15015|priority:0|startupRole:FOLLOWER, 7f3a4710-33bf-48d3-982c-8a30dd90a1ed|rpc:10.1.0.132:15032|admin:10.1.0.132:15031|client:10.1.0.132:15030|dataStream:10.1.0.132:15033|priority:1|startupRole:FOLLOWER, 81969248-ee02-4e21-8d11-8b7a6db0983e|rpc:10.1.0.132:15023|admin:10.1.0.132:15022|client:10.1.0.132:15021|dataStream:10.1.0.132:15024|priority:0|startupRole:FOLLOWER]|listeners:[], old=null
2023-07-21 21:01:04,362 [34a92578-a80c-453f-883a-7c67a7b5d4e2@group-ED15A032931C-LeaderElection2] INFO  impl.LeaderElection (LeaderElection.java:logAndReturn(90)) - 34a92578-a80c-453f-883a-7c67a7b5d4e2@group-ED15A032931C-LeaderElection2: PRE_VOTE REJECTED received 2 response(s) and 0 exception(s):
2023-07-21 21:01:04,363 [34a92578-a80c-453f-883a-7c67a7b5d4e2@group-ED15A032931C-LeaderElection2] INFO  impl.LeaderElection (LeaderElection.java:logAndReturn(94)) -   Response 0: 34a92578-a80c-453f-883a-7c67a7b5d4e2<-81969248-ee02-4e21-8d11-8b7a6db0983e#0:OK-t0
2023-07-21 21:01:04,363 [34a92578-a80c-453f-883a-7c67a7b5d4e2@group-ED15A032931C-LeaderElection2] INFO  impl.LeaderElection (LeaderElection.java:logAndReturn(94)) -   Response 1: 34a92578-a80c-453f-883a-7c67a7b5d4e2<-7f3a4710-33bf-48d3-982c-8a30dd90a1ed#0:FAIL-t0
2023-07-21 21:01:04,363 [34a92578-a80c-453f-883a-7c67a7b5d4e2@group-ED15A032931C-LeaderElection2] INFO  impl.LeaderElection (LeaderElection.java:askForVotes(323)) - 34a92578-a80c-453f-883a-7c67a7b5d4e2@group-ED15A032931C-LeaderElection2 PRE_VOTE round 0: result REJECTED
2023-07-21 21:01:04,364 [34a92578-a80c-453f-883a-7c67a7b5d4e2@group-ED15A032931C-LeaderElection2] INFO  server.RaftServer$Division (RaftServerImpl.java:setRole(329)) - 34a92578-a80c-453f-883a-7c67a7b5d4e2@group-ED15A032931C: changes role from CANDIDATE to FOLLOWER at term 0 for REJECTED
2023-07-21 21:01:04,364 [34a92578-a80c-453f-883a-7c67a7b5d4e2@group-ED15A032931C-LeaderElection2] INFO  impl.RoleInfo (RoleInfo.java:shutdownLeaderElection(130)) - 34a92578-a80c-453f-883a-7c67a7b5d4e2: shutdown 34a92578-a80c-453f-883a-7c67a7b5d4e2@group-ED15A032931C-LeaderElection2
2023-07-21 21:01:04,364 [34a92578-a80c-453f-883a-7c67a7b5d4e2@group-ED15A032931C-LeaderElection2] INFO  impl.RoleInfo (RoleInfo.java:updateAndGet(139)) - 34a92578-a80c-453f-883a-7c67a7b5d4e2: start 34a92578-a80c-453f-883a-7c67a7b5d4e2@group-ED15A032931C-FollowerState
2023-07-21 21:01:04,380 [34a92578-a80c-453f-883a-7c67a7b5d4e2@group-943BABB2928E-FollowerState] INFO  impl.FollowerState (FollowerState.java:run(143)) - 34a92578-a80c-453f-883a-7c67a7b5d4e2@group-943BABB2928E-FollowerState: change to CANDIDATE, lastRpcElapsedTime:5130137683ns, electionTimeout:5122ms
2023-07-21 21:01:04,381 [34a92578-a80c-453f-883a-7c67a7b5d4e2@group-943BABB2928E-FollowerState] INFO  impl.RoleInfo (RoleInfo.java:shutdownFollowerState(110)) - 34a92578-a80c-453f-883a-7c67a7b5d4e2: shutdown 34a92578-a80c-453f-883a-7c67a7b5d4e2@group-943BABB2928E-FollowerState
2023-07-21 21:01:04,381 [34a92578-a80c-453f-883a-7c67a7b5d4e2@group-943BABB2928E-FollowerState] INFO  server.RaftServer$Division (RaftServerImpl.java:setRole(329)) - 34a92578-a80c-453f-883a-7c67a7b5d4e2@group-943BABB2928E: changes role from  FOLLOWER to CANDIDATE at term 0 for changeToCandidate
2023-07-21 21:01:04,382 [34a92578-a80c-453f-883a-7c67a7b5d4e2@group-943BABB2928E-FollowerState] INFO  server.RaftServerConfigKeys (ConfUtils.java:logGet(46)) - raft.server.leaderelection.pre-vote = true (default)
2023-07-21 21:01:04,382 [34a92578-a80c-453f-883a-7c67a7b5d4e2@group-943BABB2928E-FollowerState] INFO  impl.RoleInfo (RoleInfo.java:updateAndGet(139)) - 34a92578-a80c-453f-883a-7c67a7b5d4e2: start 34a92578-a80c-453f-883a-7c67a7b5d4e2@group-943BABB2928E-LeaderElection3
2023-07-21 21:01:04,383 [34a92578-a80c-453f-883a-7c67a7b5d4e2@group-943BABB2928E-LeaderElection3] INFO  impl.LeaderElection (LeaderElection.java:askForVotes(321)) - 34a92578-a80c-453f-883a-7c67a7b5d4e2@group-943BABB2928E-LeaderElection3 PRE_VOTE round 0: submit vote requests at term 0 for -1: peers:[34a92578-a80c-453f-883a-7c67a7b5d4e2|rpc:10.1.0.132:15014|admin:10.1.0.132:15013|client:10.1.0.132:15012|dataStream:10.1.0.132:15015|priority:1|startupRole:FOLLOWER]|listeners:[], old=null
2023-07-21 21:01:04,383 [34a92578-a80c-453f-883a-7c67a7b5d4e2@group-943BABB2928E-LeaderElection3] INFO  impl.LeaderElection (LeaderElection.java:askForVotes(323)) - 34a92578-a80c-453f-883a-7c67a7b5d4e2@group-943BABB2928E-LeaderElection3 PRE_VOTE round 0: result PASSED (term=0)
2023-07-21 21:01:04,385 [34a92578-a80c-453f-883a-7c67a7b5d4e2@group-943BABB2928E-LeaderElection3] INFO  impl.LeaderElection (LeaderElection.java:askForVotes(321)) - 34a92578-a80c-453f-883a-7c67a7b5d4e2@group-943BABB2928E-LeaderElection3 ELECTION round 0: submit vote requests at term 1 for -1: peers:[34a92578-a80c-453f-883a-7c67a7b5d4e2|rpc:10.1.0.132:15014|admin:10.1.0.132:15013|client:10.1.0.132:15012|dataStream:10.1.0.132:15015|priority:1|startupRole:FOLLOWER]|listeners:[], old=null
2023-07-21 21:01:04,385 [34a92578-a80c-453f-883a-7c67a7b5d4e2@group-943BABB2928E-LeaderElection3] INFO  impl.LeaderElection (LeaderElection.java:askForVotes(323)) - 34a92578-a80c-453f-883a-7c67a7b5d4e2@group-943BABB2928E-LeaderElection3 ELECTION round 0: result PASSED (term=1)
2023-07-21 21:01:04,385 [34a92578-a80c-453f-883a-7c67a7b5d4e2@group-943BABB2928E-LeaderElection3] INFO  impl.RoleInfo (RoleInfo.java:shutdownLeaderElection(130)) - 34a92578-a80c-453f-883a-7c67a7b5d4e2: shutdown 34a92578-a80c-453f-883a-7c67a7b5d4e2@group-943BABB2928E-LeaderElection3
2023-07-21 21:01:04,385 [34a92578-a80c-453f-883a-7c67a7b5d4e2@group-943BABB2928E-LeaderElection3] INFO  server.RaftServer$Division (RaftServerImpl.java:setRole(329)) - 34a92578-a80c-453f-883a-7c67a7b5d4e2@group-943BABB2928E: changes role from CANDIDATE to LEADER at term 1 for changeToLeader
2023-07-21 21:01:04,385 [34a92578-a80c-453f-883a-7c67a7b5d4e2@group-943BABB2928E-LeaderElection3] INFO  ratis.XceiverServerRatis (XceiverServerRatis.java:handleLeaderChangedNotification(902)) - Leader change notification received for group: group-943BABB2928E with new leaderId: 34a92578-a80c-453f-883a-7c67a7b5d4e2
2023-07-21 21:01:04,386 [34a92578-a80c-453f-883a-7c67a7b5d4e2@group-943BABB2928E-LeaderElection3] INFO  server.RaftServer$Division (ServerState.java:setLeader(317)) - 34a92578-a80c-453f-883a-7c67a7b5d4e2@group-943BABB2928E: change Leader from null to 34a92578-a80c-453f-883a-7c67a7b5d4e2 at term 1 for becomeLeader, leader elected after 5157ms
2023-07-21 21:01:04,386 [34a92578-a80c-453f-883a-7c67a7b5d4e2@group-943BABB2928E-LeaderElection3] INFO  server.RaftServerConfigKeys (ConfUtils.java:logGet(46)) - raft.server.staging.catchup.gap = 1000 (default)
2023-07-21 21:01:04,392 [EventQueue-OpenPipelineForHealthyPipelineSafeModeRule] INFO  safemode.SCMSafeModeManager (HealthyPipelineSafeModeRule.java:process(137)) - SCM in safe mode. Healthy pipelines reported count is 0, required healthy pipeline reported count is 1
2023-07-21 21:01:04,394 [34a92578-a80c-453f-883a-7c67a7b5d4e2@group-943BABB2928E-LeaderElection3] INFO  server.RaftServerConfigKeys (ConfUtils.java:logGet(46)) - raft.server.write.element-limit = 1024 (custom)
2023-07-21 21:01:04,395 [34a92578-a80c-453f-883a-7c67a7b5d4e2@group-943BABB2928E-LeaderElection3] INFO  server.RaftServerConfigKeys (ConfUtils.java:logGet(46)) - raft.server.write.byte-limit = 1024 M (=1073741824) (custom)
2023-07-21 21:01:04,395 [34a92578-a80c-453f-883a-7c67a7b5d4e2@group-943BABB2928E-LeaderElection3] INFO  server.RaftServerConfigKeys (ConfUtils.java:logGet(46)) - raft.server.watch.timeout = 180s (custom)
2023-07-21 21:01:04,395 [34a92578-a80c-453f-883a-7c67a7b5d4e2@group-943BABB2928E-LeaderElection3] INFO  server.RaftServerConfigKeys (ConfUtils.java:logGet(46)) - raft.server.watch.timeout.denomination = 1s (default)
2023-07-21 21:01:04,395 [34a92578-a80c-453f-883a-7c67a7b5d4e2@group-943BABB2928E-LeaderElection3] INFO  server.RaftServerConfigKeys (ConfUtils.java:logGet(46)) - raft.server.watch.element-limit = 65536 (default)
2023-07-21 21:01:04,396 [34a92578-a80c-453f-883a-7c67a7b5d4e2@group-943BABB2928E-LeaderElection3] INFO  server.RaftServerConfigKeys (ConfUtils.java:logGet(46)) - raft.server.write.element-limit = 1024 (custom)
2023-07-21 21:01:04,396 [34a92578-a80c-453f-883a-7c67a7b5d4e2@group-943BABB2928E-LeaderElection3] INFO  server.RaftServerConfigKeys (ConfUtils.java:logGet(46)) - raft.server.write.follower.gap.ratio.max = -1.0 (default)
2023-07-21 21:01:04,396 [34a92578-a80c-453f-883a-7c67a7b5d4e2@group-943BABB2928E-LeaderElection3] INFO  impl.RoleInfo (RoleInfo.java:updateAndGet(139)) - 34a92578-a80c-453f-883a-7c67a7b5d4e2: start 34a92578-a80c-453f-883a-7c67a7b5d4e2@group-943BABB2928E-LeaderStateImpl
2023-07-21 21:01:04,396 [34a92578-a80c-453f-883a-7c67a7b5d4e2@group-943BABB2928E-LeaderElection3] INFO  segmented.SegmentedRaftLogWorker (SegmentedRaftLogWorker.java:startLogSegment(447)) - 34a92578-a80c-453f-883a-7c67a7b5d4e2@group-943BABB2928E-SegmentedRaftLogWorker: Starting segment from index:0
2023-07-21 21:01:04,398 [34a92578-a80c-453f-883a-7c67a7b5d4e2@group-943BABB2928E-SegmentedRaftLogWorker] INFO  segmented.SegmentedRaftLogWorker (SegmentedRaftLogWorker.java:execute(651)) - 34a92578-a80c-453f-883a-7c67a7b5d4e2@group-943BABB2928E-SegmentedRaftLogWorker: created new log segment /home/runner/work/ozone/ozone/hadoop-ozone/integration-test/target/test-dir/MiniOzoneClusterImpl-b68b6c12-fe62-42d1-a50b-75b7569d3ce9/datanode-0/data/ratis/99d5af05-588f-4b8c-9002-943babb2928e/current/log_inprogress_0
2023-07-21 21:01:04,403 [34a92578-a80c-453f-883a-7c67a7b5d4e2@group-943BABB2928E-LeaderElection3] INFO  server.RaftServer$Division (ServerState.java:setRaftConf(434)) - 34a92578-a80c-453f-883a-7c67a7b5d4e2@group-943BABB2928E: set configuration 0: peers:[34a92578-a80c-453f-883a-7c67a7b5d4e2|rpc:10.1.0.132:15014|admin:10.1.0.132:15013|client:10.1.0.132:15012|dataStream:10.1.0.132:15015|priority:1|startupRole:FOLLOWER]|listeners:[], old=null
2023-07-21 21:01:04,811 [7f3a4710-33bf-48d3-982c-8a30dd90a1ed@group-ED15A032931C-FollowerState] INFO  impl.FollowerState (FollowerState.java:run(143)) - 7f3a4710-33bf-48d3-982c-8a30dd90a1ed@group-ED15A032931C-FollowerState: change to CANDIDATE, lastRpcElapsedTime:5098436884ns, electionTimeout:5091ms
2023-07-21 21:01:04,811 [7f3a4710-33bf-48d3-982c-8a30dd90a1ed@group-ED15A032931C-FollowerState] INFO  impl.RoleInfo (RoleInfo.java:shutdownFollowerState(110)) - 7f3a4710-33bf-48d3-982c-8a30dd90a1ed: shutdown 7f3a4710-33bf-48d3-982c-8a30dd90a1ed@group-ED15A032931C-FollowerState
2023-07-21 21:01:04,811 [7f3a4710-33bf-48d3-982c-8a30dd90a1ed@group-ED15A032931C-FollowerState] INFO  server.RaftServer$Division (RaftServerImpl.java:setRole(329)) - 7f3a4710-33bf-48d3-982c-8a30dd90a1ed@group-ED15A032931C: changes role from  FOLLOWER to CANDIDATE at term 0 for changeToCandidate
2023-07-21 21:01:04,813 [7f3a4710-33bf-48d3-982c-8a30dd90a1ed@group-ED15A032931C-FollowerState] INFO  server.RaftServerConfigKeys (ConfUtils.java:logGet(46)) - raft.server.leaderelection.pre-vote = true (default)
2023-07-21 21:01:04,813 [7f3a4710-33bf-48d3-982c-8a30dd90a1ed@group-ED15A032931C-FollowerState] INFO  impl.RoleInfo (RoleInfo.java:updateAndGet(139)) - 7f3a4710-33bf-48d3-982c-8a30dd90a1ed: start 7f3a4710-33bf-48d3-982c-8a30dd90a1ed@group-ED15A032931C-LeaderElection4
2023-07-21 21:01:04,814 [7f3a4710-33bf-48d3-982c-8a30dd90a1ed@group-ED15A032931C-LeaderElection4] INFO  impl.LeaderElection (LeaderElection.java:askForVotes(321)) - 7f3a4710-33bf-48d3-982c-8a30dd90a1ed@group-ED15A032931C-LeaderElection4 PRE_VOTE round 0: submit vote requests at term 0 for -1: peers:[34a92578-a80c-453f-883a-7c67a7b5d4e2|rpc:10.1.0.132:15014|admin:10.1.0.132:15013|client:10.1.0.132:15012|dataStream:10.1.0.132:15015|priority:0|startupRole:FOLLOWER, 7f3a4710-33bf-48d3-982c-8a30dd90a1ed|rpc:10.1.0.132:15032|admin:10.1.0.132:15031|client:10.1.0.132:15030|dataStream:10.1.0.132:15033|priority:1|startupRole:FOLLOWER, 81969248-ee02-4e21-8d11-8b7a6db0983e|rpc:10.1.0.132:15023|admin:10.1.0.132:15022|client:10.1.0.132:15021|dataStream:10.1.0.132:15024|priority:0|startupRole:FOLLOWER]|listeners:[], old=null
2023-07-21 21:01:04,818 [7f3a4710-33bf-48d3-982c-8a30dd90a1ed@group-ED15A032931C-LeaderElection4-1] INFO  server.GrpcServerProtocolClient (GrpcServerProtocolClient.java:<init>(65)) - Build channel for 34a92578-a80c-453f-883a-7c67a7b5d4e2
2023-07-21 21:01:04,818 [7f3a4710-33bf-48d3-982c-8a30dd90a1ed@group-ED15A032931C-LeaderElection4] INFO  server.RaftServerConfigKeys (ConfUtils.java:logFallback(53)) - raft.server.rpc.first-election.timeout.min = 5s (fallback to raft.server.rpc.timeout.min)
2023-07-21 21:01:04,823 [7f3a4710-33bf-48d3-982c-8a30dd90a1ed@group-ED15A032931C-LeaderElection4] INFO  server.RaftServerConfigKeys (ConfUtils.java:logFallback(53)) - raft.server.rpc.first-election.timeout.max = 5200ms (fallback to raft.server.rpc.timeout.max)
2023-07-21 21:01:04,823 [7f3a4710-33bf-48d3-982c-8a30dd90a1ed@group-ED15A032931C-LeaderElection4-2] INFO  server.GrpcServerProtocolClient (GrpcServerProtocolClient.java:<init>(65)) - Build channel for 81969248-ee02-4e21-8d11-8b7a6db0983e
2023-07-21 21:01:04,855 [grpc-default-executor-1] INFO  server.RaftServer$Division (RaftServerImpl.java:requestVote(1302)) - 34a92578-a80c-453f-883a-7c67a7b5d4e2@group-ED15A032931C: receive requestVote(PRE_VOTE, 7f3a4710-33bf-48d3-982c-8a30dd90a1ed, group-ED15A032931C, 0, (t:0, i:0))
2023-07-21 21:01:04,855 [grpc-default-executor-1] INFO  impl.VoteContext (VoteContext.java:log(49)) - 34a92578-a80c-453f-883a-7c67a7b5d4e2@group-ED15A032931C-FOLLOWER: accept PRE_VOTE from 7f3a4710-33bf-48d3-982c-8a30dd90a1ed: our priority 0 <= candidate's priority 1
2023-07-21 21:01:04,855 [grpc-default-executor-1] INFO  server.RaftServer$Division (RaftServerImpl.java:requestVote(1335)) - 34a92578-a80c-453f-883a-7c67a7b5d4e2@group-ED15A032931C replies to PRE_VOTE vote request: 7f3a4710-33bf-48d3-982c-8a30dd90a1ed<-34a92578-a80c-453f-883a-7c67a7b5d4e2#0:OK-t0. Peer's state: 34a92578-a80c-453f-883a-7c67a7b5d4e2@group-ED15A032931C:t0, leader=null, voted=, raftlog=Memoized:34a92578-a80c-453f-883a-7c67a7b5d4e2@group-ED15A032931C-SegmentedRaftLog:OPENED:c-1, conf=-1: peers:[34a92578-a80c-453f-883a-7c67a7b5d4e2|rpc:10.1.0.132:15014|admin:10.1.0.132:15013|client:10.1.0.132:15012|dataStream:10.1.0.132:15015|priority:0|startupRole:FOLLOWER, 7f3a4710-33bf-48d3-982c-8a30dd90a1ed|rpc:10.1.0.132:15032|admin:10.1.0.132:15031|client:10.1.0.132:15030|dataStream:10.1.0.132:15033|priority:1|startupRole:FOLLOWER, 81969248-ee02-4e21-8d11-8b7a6db0983e|rpc:10.1.0.132:15023|admin:10.1.0.132:15022|client:10.1.0.132:15021|dataStream:10.1.0.132:15024|priority:0|startupRole:FOLLOWER]|listeners:[], old=null
2023-07-21 21:01:04,860 [7f3a4710-33bf-48d3-982c-8a30dd90a1ed@group-ED15A032931C-LeaderElection4] INFO  impl.LeaderElection (LeaderElection.java:logAndReturn(90)) - 7f3a4710-33bf-48d3-982c-8a30dd90a1ed@group-ED15A032931C-LeaderElection4: PRE_VOTE PASSED received 1 response(s) and 0 exception(s):
2023-07-21 21:01:04,860 [7f3a4710-33bf-48d3-982c-8a30dd90a1ed@group-ED15A032931C-LeaderElection4] INFO  impl.LeaderElection (LeaderElection.java:logAndReturn(94)) -   Response 0: 7f3a4710-33bf-48d3-982c-8a30dd90a1ed<-34a92578-a80c-453f-883a-7c67a7b5d4e2#0:OK-t0
2023-07-21 21:01:04,860 [7f3a4710-33bf-48d3-982c-8a30dd90a1ed@group-ED15A032931C-LeaderElection4] INFO  impl.LeaderElection (LeaderElection.java:askForVotes(323)) - 7f3a4710-33bf-48d3-982c-8a30dd90a1ed@group-ED15A032931C-LeaderElection4 PRE_VOTE round 0: result PASSED
2023-07-21 21:01:04,862 [7f3a4710-33bf-48d3-982c-8a30dd90a1ed@group-ED15A032931C-LeaderElection4] INFO  impl.LeaderElection (LeaderElection.java:askForVotes(321)) - 7f3a4710-33bf-48d3-982c-8a30dd90a1ed@group-ED15A032931C-LeaderElection4 ELECTION round 0: submit vote requests at term 1 for -1: peers:[34a92578-a80c-453f-883a-7c67a7b5d4e2|rpc:10.1.0.132:15014|admin:10.1.0.132:15013|client:10.1.0.132:15012|dataStream:10.1.0.132:15015|priority:0|startupRole:FOLLOWER, 7f3a4710-33bf-48d3-982c-8a30dd90a1ed|rpc:10.1.0.132:15032|admin:10.1.0.132:15031|client:10.1.0.132:15030|dataStream:10.1.0.132:15033|priority:1|startupRole:FOLLOWER, 81969248-ee02-4e21-8d11-8b7a6db0983e|rpc:10.1.0.132:15023|admin:10.1.0.132:15022|client:10.1.0.132:15021|dataStream:10.1.0.132:15024|priority:0|startupRole:FOLLOWER]|listeners:[], old=null
2023-07-21 21:01:04,868 [7f3a4710-33bf-48d3-982c-8a30dd90a1ed@group-ED15A032931C-LeaderElection4] INFO  server.RaftServerConfigKeys (ConfUtils.java:logFallback(53)) - raft.server.rpc.first-election.timeout.min = 5s (fallback to raft.server.rpc.timeout.min)
2023-07-21 21:01:04,868 [7f3a4710-33bf-48d3-982c-8a30dd90a1ed@group-ED15A032931C-LeaderElection4] INFO  server.RaftServerConfigKeys (ConfUtils.java:logFallback(53)) - raft.server.rpc.first-election.timeout.max = 5200ms (fallback to raft.server.rpc.timeout.max)
2023-07-21 21:01:04,872 [81969248-ee02-4e21-8d11-8b7a6db0983e@group-ED15A032931C-FollowerState] INFO  server.RaftServerConfigKeys (ConfUtils.java:logFallback(53)) - raft.server.rpc.first-election.timeout.min = 5s (fallback to raft.server.rpc.timeout.min)
2023-07-21 21:01:04,874 [81969248-ee02-4e21-8d11-8b7a6db0983e@group-ED15A032931C-FollowerState] INFO  server.RaftServerConfigKeys (ConfUtils.java:logFallback(53)) - raft.server.rpc.first-election.timeout.max = 5200ms (fallback to raft.server.rpc.timeout.max)
2023-07-21 21:01:04,875 [grpc-default-executor-1] INFO  server.RaftServer$Division (RaftServerImpl.java:requestVote(1302)) - 34a92578-a80c-453f-883a-7c67a7b5d4e2@group-ED15A032931C: receive requestVote(ELECTION, 7f3a4710-33bf-48d3-982c-8a30dd90a1ed, group-ED15A032931C, 1, (t:0, i:0))
2023-07-21 21:01:04,875 [grpc-default-executor-1] INFO  impl.VoteContext (VoteContext.java:log(49)) - 34a92578-a80c-453f-883a-7c67a7b5d4e2@group-ED15A032931C-FOLLOWER: accept ELECTION from 7f3a4710-33bf-48d3-982c-8a30dd90a1ed: our priority 0 <= candidate's priority 1
2023-07-21 21:01:04,875 [grpc-default-executor-1] INFO  server.RaftServer$Division (RaftServerImpl.java:setRole(329)) - 34a92578-a80c-453f-883a-7c67a7b5d4e2@group-ED15A032931C: changes role from  FOLLOWER to FOLLOWER at term 1 for candidate:7f3a4710-33bf-48d3-982c-8a30dd90a1ed
2023-07-21 21:01:04,875 [grpc-default-executor-1] INFO  impl.RoleInfo (RoleInfo.java:shutdownFollowerState(110)) - 34a92578-a80c-453f-883a-7c67a7b5d4e2: shutdown 34a92578-a80c-453f-883a-7c67a7b5d4e2@group-ED15A032931C-FollowerState
2023-07-21 21:01:04,875 [grpc-default-executor-1] INFO  impl.RoleInfo (RoleInfo.java:updateAndGet(139)) - 34a92578-a80c-453f-883a-7c67a7b5d4e2: start 34a92578-a80c-453f-883a-7c67a7b5d4e2@group-ED15A032931C-FollowerState
2023-07-21 21:01:04,876 [34a92578-a80c-453f-883a-7c67a7b5d4e2@group-ED15A032931C-FollowerState] INFO  impl.FollowerState (FollowerState.java:run(152)) - 34a92578-a80c-453f-883a-7c67a7b5d4e2@group-ED15A032931C-FollowerState was interrupted
2023-07-21 21:01:04,877 [grpc-default-executor-1] INFO  server.RaftServer$Division (RaftServerImpl.java:requestVote(1335)) - 34a92578-a80c-453f-883a-7c67a7b5d4e2@group-ED15A032931C replies to ELECTION vote request: 7f3a4710-33bf-48d3-982c-8a30dd90a1ed<-34a92578-a80c-453f-883a-7c67a7b5d4e2#0:OK-t1. Peer's state: 34a92578-a80c-453f-883a-7c67a7b5d4e2@group-ED15A032931C:t1, leader=null, voted=7f3a4710-33bf-48d3-982c-8a30dd90a1ed, raftlog=Memoized:34a92578-a80c-453f-883a-7c67a7b5d4e2@group-ED15A032931C-SegmentedRaftLog:OPENED:c-1, conf=-1: peers:[34a92578-a80c-453f-883a-7c67a7b5d4e2|rpc:10.1.0.132:15014|admin:10.1.0.132:15013|client:10.1.0.132:15012|dataStream:10.1.0.132:15015|priority:0|startupRole:FOLLOWER, 7f3a4710-33bf-48d3-982c-8a30dd90a1ed|rpc:10.1.0.132:15032|admin:10.1.0.132:15031|client:10.1.0.132:15030|dataStream:10.1.0.132:15033|priority:1|startupRole:FOLLOWER, 81969248-ee02-4e21-8d11-8b7a6db0983e|rpc:10.1.0.132:15023|admin:10.1.0.132:15022|client:10.1.0.132:15021|dataStream:10.1.0.132:15024|priority:0|startupRole:FOLLOWER]|listeners:[], old=null
2023-07-21 21:01:04,883 [7f3a4710-33bf-48d3-982c-8a30dd90a1ed@group-ED15A032931C-LeaderElection4] INFO  impl.LeaderElection (LeaderElection.java:logAndReturn(90)) - 7f3a4710-33bf-48d3-982c-8a30dd90a1ed@group-ED15A032931C-LeaderElection4: ELECTION PASSED received 1 response(s) and 0 exception(s):
2023-07-21 21:01:04,883 [7f3a4710-33bf-48d3-982c-8a30dd90a1ed@group-ED15A032931C-LeaderElection4] INFO  impl.LeaderElection (LeaderElection.java:logAndReturn(94)) -   Response 0: 7f3a4710-33bf-48d3-982c-8a30dd90a1ed<-34a92578-a80c-453f-883a-7c67a7b5d4e2#0:OK-t1
2023-07-21 21:01:04,883 [7f3a4710-33bf-48d3-982c-8a30dd90a1ed@group-ED15A032931C-LeaderElection4] INFO  impl.LeaderElection (LeaderElection.java:askForVotes(323)) - 7f3a4710-33bf-48d3-982c-8a30dd90a1ed@group-ED15A032931C-LeaderElection4 ELECTION round 0: result PASSED
2023-07-21 21:01:04,883 [7f3a4710-33bf-48d3-982c-8a30dd90a1ed@group-ED15A032931C-LeaderElection4] INFO  impl.RoleInfo (RoleInfo.java:shutdownLeaderElection(130)) - 7f3a4710-33bf-48d3-982c-8a30dd90a1ed: shutdown 7f3a4710-33bf-48d3-982c-8a30dd90a1ed@group-ED15A032931C-LeaderElection4
2023-07-21 21:01:04,883 [7f3a4710-33bf-48d3-982c-8a30dd90a1ed@group-ED15A032931C-LeaderElection4] INFO  server.RaftServer$Division (RaftServerImpl.java:setRole(329)) - 7f3a4710-33bf-48d3-982c-8a30dd90a1ed@group-ED15A032931C: changes role from CANDIDATE to LEADER at term 1 for changeToLeader
2023-07-21 21:01:04,883 [7f3a4710-33bf-48d3-982c-8a30dd90a1ed@group-ED15A032931C-LeaderElection4] INFO  ratis.XceiverServerRatis (XceiverServerRatis.java:handleLeaderChangedNotification(902)) - Leader change notification received for group: group-ED15A032931C with new leaderId: 7f3a4710-33bf-48d3-982c-8a30dd90a1ed
2023-07-21 21:01:04,883 [7f3a4710-33bf-48d3-982c-8a30dd90a1ed@group-ED15A032931C-LeaderElection4] INFO  server.RaftServer$Division (ServerState.java:setLeader(317)) - 7f3a4710-33bf-48d3-982c-8a30dd90a1ed@group-ED15A032931C: change Leader from null to 7f3a4710-33bf-48d3-982c-8a30dd90a1ed at term 1 for becomeLeader, leader elected after 5203ms
2023-07-21 21:01:04,884 [7f3a4710-33bf-48d3-982c-8a30dd90a1ed@group-ED15A032931C-LeaderElection4] INFO  server.RaftServerConfigKeys (ConfUtils.java:logGet(46)) - raft.server.staging.catchup.gap = 1000 (default)
2023-07-21 21:01:04,884 [7f3a4710-33bf-48d3-982c-8a30dd90a1ed@group-ED15A032931C-LeaderElection4] INFO  server.RaftServerConfigKeys (ConfUtils.java:logGet(46)) - raft.server.write.element-limit = 1024 (custom)
2023-07-21 21:01:04,884 [7f3a4710-33bf-48d3-982c-8a30dd90a1ed@group-ED15A032931C-LeaderElection4] INFO  server.RaftServerConfigKeys (ConfUtils.java:logGet(46)) - raft.server.write.byte-limit = 1024 M (=1073741824) (custom)
2023-07-21 21:01:04,884 [7f3a4710-33bf-48d3-982c-8a30dd90a1ed@group-ED15A032931C-LeaderElection4] INFO  server.RaftServerConfigKeys (ConfUtils.java:logGet(46)) - raft.server.watch.timeout = 180s (custom)
2023-07-21 21:01:04,884 [7f3a4710-33bf-48d3-982c-8a30dd90a1ed@group-ED15A032931C-LeaderElection4] INFO  server.RaftServerConfigKeys (ConfUtils.java:logGet(46)) - raft.server.watch.timeout.denomination = 1s (default)
2023-07-21 21:01:04,884 [7f3a4710-33bf-48d3-982c-8a30dd90a1ed@group-ED15A032931C-LeaderElection4] INFO  server.RaftServerConfigKeys (ConfUtils.java:logGet(46)) - raft.server.watch.element-limit = 65536 (default)
2023-07-21 21:01:04,884 [7f3a4710-33bf-48d3-982c-8a30dd90a1ed@group-ED15A032931C-LeaderElection4] INFO  server.RaftServerConfigKeys (ConfUtils.java:logGet(46)) - raft.server.write.element-limit = 1024 (custom)
2023-07-21 21:01:04,884 [7f3a4710-33bf-48d3-982c-8a30dd90a1ed@group-ED15A032931C-LeaderElection4] INFO  server.RaftServerConfigKeys (ConfUtils.java:logGet(46)) - raft.server.write.follower.gap.ratio.max = -1.0 (default)
2023-07-21 21:01:04,887 [grpc-default-executor-1] INFO  server.RaftServer$Division (RaftServerImpl.java:requestVote(1302)) - 81969248-ee02-4e21-8d11-8b7a6db0983e@group-ED15A032931C: receive requestVote(PRE_VOTE, 7f3a4710-33bf-48d3-982c-8a30dd90a1ed, group-ED15A032931C, 0, (t:0, i:0))
2023-07-21 21:01:04,890 [grpc-default-executor-1] INFO  impl.VoteContext (VoteContext.java:log(49)) - 81969248-ee02-4e21-8d11-8b7a6db0983e@group-ED15A032931C-FOLLOWER: accept PRE_VOTE from 7f3a4710-33bf-48d3-982c-8a30dd90a1ed: our priority 0 <= candidate's priority 1
2023-07-21 21:01:04,890 [grpc-default-executor-1] INFO  server.RaftServer$Division (RaftServerImpl.java:requestVote(1335)) - 81969248-ee02-4e21-8d11-8b7a6db0983e@group-ED15A032931C replies to PRE_VOTE vote request: 7f3a4710-33bf-48d3-982c-8a30dd90a1ed<-81969248-ee02-4e21-8d11-8b7a6db0983e#0:OK-t0. Peer's state: 81969248-ee02-4e21-8d11-8b7a6db0983e@group-ED15A032931C:t0, leader=null, voted=, raftlog=Memoized:81969248-ee02-4e21-8d11-8b7a6db0983e@group-ED15A032931C-SegmentedRaftLog:OPENED:c-1, conf=-1: peers:[34a92578-a80c-453f-883a-7c67a7b5d4e2|rpc:10.1.0.132:15014|admin:10.1.0.132:15013|client:10.1.0.132:15012|dataStream:10.1.0.132:15015|priority:0|startupRole:FOLLOWER, 7f3a4710-33bf-48d3-982c-8a30dd90a1ed|rpc:10.1.0.132:15032|admin:10.1.0.132:15031|client:10.1.0.132:15030|dataStream:10.1.0.132:15033|priority:1|startupRole:FOLLOWER, 81969248-ee02-4e21-8d11-8b7a6db0983e|rpc:10.1.0.132:15023|admin:10.1.0.132:15022|client:10.1.0.132:15021|dataStream:10.1.0.132:15024|priority:0|startupRole:FOLLOWER]|listeners:[], old=null
2023-07-21 21:01:04,894 [EventQueue-PipelineReportForPipelineReportHandler] INFO  pipeline.PipelineReportHandler (PipelineReportHandler.java:processPipelineReport(136)) - Opened pipeline PipelineID=062a8413-b2ff-4709-b8da-ed15a032931c
2023-07-21 21:01:04,895 [EventQueue-OpenPipelineForHealthyPipelineSafeModeRule] INFO  safemode.SCMSafeModeManager (HealthyPipelineSafeModeRule.java:process(137)) - SCM in safe mode. Healthy pipelines reported count is 0, required healthy pipeline reported count is 1
2023-07-21 21:01:04,896 [grpc-default-executor-1] INFO  server.RaftServer$Division (RaftServerImpl.java:requestVote(1302)) - 81969248-ee02-4e21-8d11-8b7a6db0983e@group-ED15A032931C: receive requestVote(ELECTION, 7f3a4710-33bf-48d3-982c-8a30dd90a1ed, group-ED15A032931C, 1, (t:0, i:0))
2023-07-21 21:01:04,899 [EventQueue-OpenPipelineForHealthyPipelineSafeModeRule] INFO  safemode.SCMSafeModeManager (HealthyPipelineSafeModeRule.java:process(137)) - SCM in safe mode. Healthy pipelines reported count is 1, required healthy pipeline reported count is 1
2023-07-21 21:01:04,899 [EventQueue-OpenPipelineForHealthyPipelineSafeModeRule] INFO  safemode.SCMSafeModeManager (SCMSafeModeManager.java:validateSafeModeExitRules(200)) - HealthyPipelineSafeModeRule rule is successfully validated
2023-07-21 21:01:04,899 [EventQueue-OpenPipelineForHealthyPipelineSafeModeRule] INFO  safemode.SCMSafeModeManager (SCMSafeModeManager.java:validateSafeModeExitRules(215)) - ScmSafeModeManager, all rules are successfully validated
2023-07-21 21:01:04,899 [EventQueue-OpenPipelineForHealthyPipelineSafeModeRule] INFO  safemode.SCMSafeModeManager (SCMSafeModeManager.java:exitSafeMode(244)) - SCM exiting safe mode.
2023-07-21 21:01:04,899 [EventQueue-OpenPipelineForHealthyPipelineSafeModeRule] INFO  ha.SCMContext (SCMContext.java:updateSafeModeStatus(228)) - Update SafeModeStatus from SafeModeStatus{safeModeStatus=true, preCheckPassed=true} to SafeModeStatus{safeModeStatus=false, preCheckPassed=true}.
2023-07-21 21:01:04,899 [grpc-default-executor-1] INFO  impl.VoteContext (VoteContext.java:log(49)) - 81969248-ee02-4e21-8d11-8b7a6db0983e@group-ED15A032931C-FOLLOWER: accept ELECTION from 7f3a4710-33bf-48d3-982c-8a30dd90a1ed: our priority 0 <= candidate's priority 1
2023-07-21 21:01:04,899 [EventQueue-OpenPipelineForHealthyPipelineSafeModeRule] INFO  pipeline.BackgroundPipelineCreator (BackgroundPipelineCreator.java:notifyStatusChanged(255)) - Service BackgroundPipelineCreator transitions to RUNNING.
2023-07-21 21:01:04,899 [grpc-default-executor-1] INFO  server.RaftServer$Division (RaftServerImpl.java:setRole(329)) - 81969248-ee02-4e21-8d11-8b7a6db0983e@group-ED15A032931C: changes role from  FOLLOWER to FOLLOWER at term 1 for candidate:7f3a4710-33bf-48d3-982c-8a30dd90a1ed
2023-07-21 21:01:04,899 [EventQueue-OpenPipelineForHealthyPipelineSafeModeRule] INFO  BackgroundPipelineScrubber (BackgroundSCMService.java:notifyStatusChanged(82)) - Service BackgroundPipelineScrubber transitions to RUNNING.
2023-07-21 21:01:04,899 [grpc-default-executor-1] INFO  impl.RoleInfo (RoleInfo.java:shutdownFollowerState(110)) - 81969248-ee02-4e21-8d11-8b7a6db0983e: shutdown 81969248-ee02-4e21-8d11-8b7a6db0983e@group-ED15A032931C-FollowerState
2023-07-21 21:01:04,899 [EventQueue-OpenPipelineForHealthyPipelineSafeModeRule] INFO  ExpiredContainerReplicaOpScrubber (BackgroundSCMService.java:notifyStatusChanged(82)) - Service ExpiredContainerReplicaOpScrubber transitions to RUNNING.
2023-07-21 21:01:04,899 [grpc-default-executor-1] INFO  impl.RoleInfo (RoleInfo.java:updateAndGet(139)) - 81969248-ee02-4e21-8d11-8b7a6db0983e: start 81969248-ee02-4e21-8d11-8b7a6db0983e@group-ED15A032931C-FollowerState
2023-07-21 21:01:04,899 [EventQueue-OpenPipelineForHealthyPipelineSafeModeRule] INFO  replication.ReplicationManager (ReplicationManager.java:notifyStatusChanged(1366)) - Service ReplicationManager transitions to RUNNING.
2023-07-21 21:01:04,899 [81969248-ee02-4e21-8d11-8b7a6db0983e@group-ED15A032931C-FollowerState] INFO  impl.FollowerState (FollowerState.java:run(152)) - 81969248-ee02-4e21-8d11-8b7a6db0983e@group-ED15A032931C-FollowerState was interrupted
2023-07-21 21:01:04,903 [EventQueue-OpenPipelineForHealthyPipelineSafeModeRule] WARN  balancer.ContainerBalancer (ContainerBalancer.java:shouldRun(134)) - Could not find persisted configuration for ContainerBalancer when checking if ContainerBalancer should run. ContainerBalancer should not run now.
2023-07-21 21:01:04,905 [7f3a4710-33bf-48d3-982c-8a30dd90a1ed@group-ED15A032931C-LeaderElection4] INFO  server.RaftServerConfigKeys (ConfUtils.java:logGet(46)) - raft.server.log.appender.snapshot.chunk.size.max = 16MB (=16777216) (default)
2023-07-21 21:01:04,905 [7f3a4710-33bf-48d3-982c-8a30dd90a1ed@group-ED15A032931C-LeaderElection4] INFO  server.RaftServerConfigKeys (ConfUtils.java:logGet(46)) - raft.server.log.appender.buffer.byte-limit = 33554432 (custom)
2023-07-21 21:01:04,905 [7f3a4710-33bf-48d3-982c-8a30dd90a1ed@group-ED15A032931C-LeaderElection4] INFO  server.RaftServerConfigKeys (ConfUtils.java:logGet(46)) - raft.server.log.appender.buffer.element-limit = 1 (custom)
2023-07-21 21:01:04,908 [grpc-default-executor-1] INFO  server.RaftServer$Division (RaftServerImpl.java:requestVote(1335)) - 81969248-ee02-4e21-8d11-8b7a6db0983e@group-ED15A032931C replies to ELECTION vote request: 7f3a4710-33bf-48d3-982c-8a30dd90a1ed<-81969248-ee02-4e21-8d11-8b7a6db0983e#0:OK-t1. Peer's state: 81969248-ee02-4e21-8d11-8b7a6db0983e@group-ED15A032931C:t1, leader=null, voted=7f3a4710-33bf-48d3-982c-8a30dd90a1ed, raftlog=Memoized:81969248-ee02-4e21-8d11-8b7a6db0983e@group-ED15A032931C-SegmentedRaftLog:OPENED:c-1, conf=-1: peers:[34a92578-a80c-453f-883a-7c67a7b5d4e2|rpc:10.1.0.132:15014|admin:10.1.0.132:15013|client:10.1.0.132:15012|dataStream:10.1.0.132:15015|priority:0|startupRole:FOLLOWER, 7f3a4710-33bf-48d3-982c-8a30dd90a1ed|rpc:10.1.0.132:15032|admin:10.1.0.132:15031|client:10.1.0.132:15030|dataStream:10.1.0.132:15033|priority:1|startupRole:FOLLOWER, 81969248-ee02-4e21-8d11-8b7a6db0983e|rpc:10.1.0.132:15023|admin:10.1.0.132:15022|client:10.1.0.132:15021|dataStream:10.1.0.132:15024|priority:0|startupRole:FOLLOWER]|listeners:[], old=null
2023-07-21 21:01:04,916 [7f3a4710-33bf-48d3-982c-8a30dd90a1ed@group-ED15A032931C-LeaderElection4] INFO  server.RaftServerConfigKeys (ConfUtils.java:logGet(46)) - raft.server.log.appender.wait-time.min = 10ms (default)
2023-07-21 21:01:04,917 [7f3a4710-33bf-48d3-982c-8a30dd90a1ed@group-ED15A032931C-LeaderElection4] INFO  grpc.GrpcConfigKeys (ConfUtils.java:logGet(46)) - raft.grpc.server.leader.outstanding.appends.max = 128 (default)
2023-07-21 21:01:04,917 [7f3a4710-33bf-48d3-982c-8a30dd90a1ed@group-ED15A032931C-LeaderElection4] INFO  server.RaftServerConfigKeys (ConfUtils.java:logGet(46)) - raft.server.rpc.request.timeout = 60s (custom)
2023-07-21 21:01:04,918 [7f3a4710-33bf-48d3-982c-8a30dd90a1ed@group-ED15A032931C-LeaderElection4] INFO  grpc.GrpcConfigKeys (ConfUtils.java:logGet(46)) - raft.grpc.server.install_snapshot.request.element-limit = 8 (default)
2023-07-21 21:01:04,918 [7f3a4710-33bf-48d3-982c-8a30dd90a1ed@group-ED15A032931C-LeaderElection4] INFO  grpc.GrpcConfigKeys (ConfUtils.java:logGet(46)) - raft.grpc.server.install_snapshot.request.timeout = 3000ms (default)
2023-07-21 21:01:04,918 [7f3a4710-33bf-48d3-982c-8a30dd90a1ed@group-ED15A032931C-LeaderElection4] INFO  server.RaftServerConfigKeys (ConfUtils.java:logGet(46)) - raft.server.log.appender.install.snapshot.enabled = false (custom)
2023-07-21 21:01:04,918 [7f3a4710-33bf-48d3-982c-8a30dd90a1ed@group-ED15A032931C-LeaderElection4] INFO  grpc.GrpcConfigKeys (ConfUtils.java:logGet(46)) - raft.grpc.server.heartbeat.channel = true (default)
2023-07-21 21:01:04,920 [7f3a4710-33bf-48d3-982c-8a30dd90a1ed@group-ED15A032931C-LeaderElection4] INFO  server.RaftServerConfigKeys (ConfUtils.java:logGet(46)) - raft.server.log.appender.snapshot.chunk.size.max = 16MB (=16777216) (default)
2023-07-21 21:01:04,921 [7f3a4710-33bf-48d3-982c-8a30dd90a1ed@group-ED15A032931C-LeaderElection4] INFO  server.RaftServerConfigKeys (ConfUtils.java:logGet(46)) - raft.server.log.appender.buffer.byte-limit = 33554432 (custom)
2023-07-21 21:01:04,921 [7f3a4710-33bf-48d3-982c-8a30dd90a1ed@group-ED15A032931C-LeaderElection4] INFO  server.RaftServerConfigKeys (ConfUtils.java:logGet(46)) - raft.server.log.appender.buffer.element-limit = 1 (custom)
2023-07-21 21:01:04,921 [7f3a4710-33bf-48d3-982c-8a30dd90a1ed@group-ED15A032931C-LeaderElection4] INFO  server.RaftServerConfigKeys (ConfUtils.java:logGet(46)) - raft.server.log.appender.wait-time.min = 10ms (default)
2023-07-21 21:01:04,921 [7f3a4710-33bf-48d3-982c-8a30dd90a1ed@group-ED15A032931C-LeaderElection4] INFO  grpc.GrpcConfigKeys (ConfUtils.java:logGet(46)) - raft.grpc.server.leader.outstanding.appends.max = 128 (default)
2023-07-21 21:01:04,921 [7f3a4710-33bf-48d3-982c-8a30dd90a1ed@group-ED15A032931C-LeaderElection4] INFO  server.RaftServerConfigKeys (ConfUtils.java:logGet(46)) - raft.server.rpc.request.timeout = 60s (custom)
2023-07-21 21:01:04,921 [7f3a4710-33bf-48d3-982c-8a30dd90a1ed@group-ED15A032931C-LeaderElection4] INFO  grpc.GrpcConfigKeys (ConfUtils.java:logGet(46)) - raft.grpc.server.install_snapshot.request.element-limit = 8 (default)
2023-07-21 21:01:04,921 [7f3a4710-33bf-48d3-982c-8a30dd90a1ed@group-ED15A032931C-LeaderElection4] INFO  grpc.GrpcConfigKeys (ConfUtils.java:logGet(46)) - raft.grpc.server.install_snapshot.request.timeout = 3000ms (default)
2023-07-21 21:01:04,921 [7f3a4710-33bf-48d3-982c-8a30dd90a1ed@group-ED15A032931C-LeaderElection4] INFO  server.RaftServerConfigKeys (ConfUtils.java:logGet(46)) - raft.server.log.appender.install.snapshot.enabled = false (custom)
2023-07-21 21:01:04,921 [7f3a4710-33bf-48d3-982c-8a30dd90a1ed@group-ED15A032931C-LeaderElection4] INFO  grpc.GrpcConfigKeys (ConfUtils.java:logGet(46)) - raft.grpc.server.heartbeat.channel = true (default)
2023-07-21 21:01:04,922 [7f3a4710-33bf-48d3-982c-8a30dd90a1ed@group-ED15A032931C-LeaderElection4] INFO  impl.RoleInfo (RoleInfo.java:updateAndGet(139)) - 7f3a4710-33bf-48d3-982c-8a30dd90a1ed: start 7f3a4710-33bf-48d3-982c-8a30dd90a1ed@group-ED15A032931C-LeaderStateImpl
2023-07-21 21:01:04,922 [7f3a4710-33bf-48d3-982c-8a30dd90a1ed@group-ED15A032931C-LeaderElection4] INFO  segmented.SegmentedRaftLogWorker (SegmentedRaftLogWorker.java:startLogSegment(447)) - 7f3a4710-33bf-48d3-982c-8a30dd90a1ed@group-ED15A032931C-SegmentedRaftLogWorker: Starting segment from index:0
2023-07-21 21:01:04,924 [7f3a4710-33bf-48d3-982c-8a30dd90a1ed@group-ED15A032931C-SegmentedRaftLogWorker] INFO  segmented.SegmentedRaftLogWorker (SegmentedRaftLogWorker.java:execute(651)) - 7f3a4710-33bf-48d3-982c-8a30dd90a1ed@group-ED15A032931C-SegmentedRaftLogWorker: created new log segment /home/runner/work/ozone/ozone/hadoop-ozone/integration-test/target/test-dir/MiniOzoneClusterImpl-b68b6c12-fe62-42d1-a50b-75b7569d3ce9/datanode-2/data/ratis/062a8413-b2ff-4709-b8da-ed15a032931c/current/log_inprogress_0
2023-07-21 21:01:04,935 [7f3a4710-33bf-48d3-982c-8a30dd90a1ed@group-ED15A032931C-LeaderElection4] INFO  server.RaftServer$Division (ServerState.java:setRaftConf(434)) - 7f3a4710-33bf-48d3-982c-8a30dd90a1ed@group-ED15A032931C: set configuration 0: peers:[34a92578-a80c-453f-883a-7c67a7b5d4e2|rpc:10.1.0.132:15014|admin:10.1.0.132:15013|client:10.1.0.132:15012|dataStream:10.1.0.132:15015|priority:0|startupRole:FOLLOWER, 7f3a4710-33bf-48d3-982c-8a30dd90a1ed|rpc:10.1.0.132:15032|admin:10.1.0.132:15031|client:10.1.0.132:15030|dataStream:10.1.0.132:15033|priority:1|startupRole:FOLLOWER, 81969248-ee02-4e21-8d11-8b7a6db0983e|rpc:10.1.0.132:15023|admin:10.1.0.132:15022|client:10.1.0.132:15021|dataStream:10.1.0.132:15024|priority:0|startupRole:FOLLOWER]|listeners:[], old=null
2023-07-21 21:01:04,986 [81969248-ee02-4e21-8d11-8b7a6db0983e-server-thread1] INFO  ratis.XceiverServerRatis (XceiverServerRatis.java:handleLeaderChangedNotification(902)) - Leader change notification received for group: group-ED15A032931C with new leaderId: 7f3a4710-33bf-48d3-982c-8a30dd90a1ed
2023-07-21 21:01:04,987 [81969248-ee02-4e21-8d11-8b7a6db0983e-server-thread1] INFO  server.RaftServer$Division (ServerState.java:setLeader(317)) - 81969248-ee02-4e21-8d11-8b7a6db0983e@group-ED15A032931C: change Leader from null to 7f3a4710-33bf-48d3-982c-8a30dd90a1ed at term 1 for appendEntries, leader elected after 5191ms
2023-07-21 21:01:04,999 [34a92578-a80c-453f-883a-7c67a7b5d4e2-server-thread1] INFO  ratis.XceiverServerRatis (XceiverServerRatis.java:handleLeaderChangedNotification(902)) - Leader change notification received for group: group-ED15A032931C with new leaderId: 7f3a4710-33bf-48d3-982c-8a30dd90a1ed
2023-07-21 21:01:05,007 [34a92578-a80c-453f-883a-7c67a7b5d4e2-server-thread1] INFO  server.RaftServer$Division (ServerState.java:setLeader(317)) - 34a92578-a80c-453f-883a-7c67a7b5d4e2@group-ED15A032931C: change Leader from null to 7f3a4710-33bf-48d3-982c-8a30dd90a1ed at term 1 for appendEntries, leader elected after 5726ms
2023-07-21 21:01:05,012 [81969248-ee02-4e21-8d11-8b7a6db0983e-server-thread3] INFO  server.RaftServer$Division (ServerState.java:setRaftConf(434)) - 81969248-ee02-4e21-8d11-8b7a6db0983e@group-ED15A032931C: set configuration 0: peers:[34a92578-a80c-453f-883a-7c67a7b5d4e2|rpc:10.1.0.132:15014|admin:10.1.0.132:15013|client:10.1.0.132:15012|dataStream:10.1.0.132:15015|priority:0|startupRole:FOLLOWER, 7f3a4710-33bf-48d3-982c-8a30dd90a1ed|rpc:10.1.0.132:15032|admin:10.1.0.132:15031|client:10.1.0.132:15030|dataStream:10.1.0.132:15033|priority:1|startupRole:FOLLOWER, 81969248-ee02-4e21-8d11-8b7a6db0983e|rpc:10.1.0.132:15023|admin:10.1.0.132:15022|client:10.1.0.132:15021|dataStream:10.1.0.132:15024|priority:0|startupRole:FOLLOWER]|listeners:[], old=null
2023-07-21 21:01:05,012 [81969248-ee02-4e21-8d11-8b7a6db0983e-server-thread3] INFO  segmented.SegmentedRaftLogWorker (SegmentedRaftLogWorker.java:startLogSegment(447)) - 81969248-ee02-4e21-8d11-8b7a6db0983e@group-ED15A032931C-SegmentedRaftLogWorker: Starting segment from index:0
2023-07-21 21:01:05,014 [34a92578-a80c-453f-883a-7c67a7b5d4e2-server-thread1] INFO  server.RaftServer$Division (ServerState.java:setRaftConf(434)) - 34a92578-a80c-453f-883a-7c67a7b5d4e2@group-ED15A032931C: set configuration 0: peers:[34a92578-a80c-453f-883a-7c67a7b5d4e2|rpc:10.1.0.132:15014|admin:10.1.0.132:15013|client:10.1.0.132:15012|dataStream:10.1.0.132:15015|priority:0|startupRole:FOLLOWER, 7f3a4710-33bf-48d3-982c-8a30dd90a1ed|rpc:10.1.0.132:15032|admin:10.1.0.132:15031|client:10.1.0.132:15030|dataStream:10.1.0.132:15033|priority:1|startupRole:FOLLOWER, 81969248-ee02-4e21-8d11-8b7a6db0983e|rpc:10.1.0.132:15023|admin:10.1.0.132:15022|client:10.1.0.132:15021|dataStream:10.1.0.132:15024|priority:0|startupRole:FOLLOWER]|listeners:[], old=null
2023-07-21 21:01:05,015 [81969248-ee02-4e21-8d11-8b7a6db0983e@group-ED15A032931C-SegmentedRaftLogWorker] INFO  segmented.SegmentedRaftLogWorker (SegmentedRaftLogWorker.java:execute(651)) - 81969248-ee02-4e21-8d11-8b7a6db0983e@group-ED15A032931C-SegmentedRaftLogWorker: created new log segment /home/runner/work/ozone/ozone/hadoop-ozone/integration-test/target/test-dir/MiniOzoneClusterImpl-b68b6c12-fe62-42d1-a50b-75b7569d3ce9/datanode-1/data/ratis/062a8413-b2ff-4709-b8da-ed15a032931c/current/log_inprogress_0
2023-07-21 21:01:05,016 [34a92578-a80c-453f-883a-7c67a7b5d4e2-server-thread1] INFO  segmented.SegmentedRaftLogWorker (SegmentedRaftLogWorker.java:startLogSegment(447)) - 34a92578-a80c-453f-883a-7c67a7b5d4e2@group-ED15A032931C-SegmentedRaftLogWorker: Starting segment from index:0
2023-07-21 21:01:05,029 [34a92578-a80c-453f-883a-7c67a7b5d4e2@group-ED15A032931C-SegmentedRaftLogWorker] INFO  segmented.SegmentedRaftLogWorker (SegmentedRaftLogWorker.java:execute(651)) - 34a92578-a80c-453f-883a-7c67a7b5d4e2@group-ED15A032931C-SegmentedRaftLogWorker: created new log segment /home/runner/work/ozone/ozone/hadoop-ozone/integration-test/target/test-dir/MiniOzoneClusterImpl-b68b6c12-fe62-42d1-a50b-75b7569d3ce9/datanode-0/data/ratis/062a8413-b2ff-4709-b8da-ed15a032931c/current/log_inprogress_0
2023-07-21 21:01:05,130 [81969248-ee02-4e21-8d11-8b7a6db0983e@group-2E99A972C8C6-FollowerState] INFO  impl.FollowerState (FollowerState.java:run(143)) - 81969248-ee02-4e21-8d11-8b7a6db0983e@group-2E99A972C8C6-FollowerState: change to CANDIDATE, lastRpcElapsedTime:5054830718ns, electionTimeout:5053ms
2023-07-21 21:01:05,130 [81969248-ee02-4e21-8d11-8b7a6db0983e@group-2E99A972C8C6-FollowerState] INFO  impl.RoleInfo (RoleInfo.java:shutdownFollowerState(110)) - 81969248-ee02-4e21-8d11-8b7a6db0983e: shutdown 81969248-ee02-4e21-8d11-8b7a6db0983e@group-2E99A972C8C6-FollowerState
2023-07-21 21:01:05,130 [81969248-ee02-4e21-8d11-8b7a6db0983e@group-2E99A972C8C6-FollowerState] INFO  server.RaftServer$Division (RaftServerImpl.java:setRole(329)) - 81969248-ee02-4e21-8d11-8b7a6db0983e@group-2E99A972C8C6: changes role from  FOLLOWER to CANDIDATE at term 0 for changeToCandidate
2023-07-21 21:01:05,130 [81969248-ee02-4e21-8d11-8b7a6db0983e@group-2E99A972C8C6-FollowerState] INFO  server.RaftServerConfigKeys (ConfUtils.java:logGet(46)) - raft.server.leaderelection.pre-vote = true (default)
2023-07-21 21:01:05,130 [81969248-ee02-4e21-8d11-8b7a6db0983e@group-2E99A972C8C6-FollowerState] INFO  impl.RoleInfo (RoleInfo.java:updateAndGet(139)) - 81969248-ee02-4e21-8d11-8b7a6db0983e: start 81969248-ee02-4e21-8d11-8b7a6db0983e@group-2E99A972C8C6-LeaderElection5
2023-07-21 21:01:05,135 [81969248-ee02-4e21-8d11-8b7a6db0983e@group-2E99A972C8C6-LeaderElection5] INFO  impl.LeaderElection (LeaderElection.java:askForVotes(321)) - 81969248-ee02-4e21-8d11-8b7a6db0983e@group-2E99A972C8C6-LeaderElection5 PRE_VOTE round 0: submit vote requests at term 0 for -1: peers:[81969248-ee02-4e21-8d11-8b7a6db0983e|rpc:10.1.0.132:15023|admin:10.1.0.132:15022|client:10.1.0.132:15021|dataStream:10.1.0.132:15024|priority:1|startupRole:FOLLOWER]|listeners:[], old=null
2023-07-21 21:01:05,136 [81969248-ee02-4e21-8d11-8b7a6db0983e@group-2E99A972C8C6-LeaderElection5] INFO  impl.LeaderElection (LeaderElection.java:askForVotes(323)) - 81969248-ee02-4e21-8d11-8b7a6db0983e@group-2E99A972C8C6-LeaderElection5 PRE_VOTE round 0: result PASSED (term=0)
2023-07-21 21:01:05,137 [81969248-ee02-4e21-8d11-8b7a6db0983e@group-2E99A972C8C6-LeaderElection5] INFO  impl.LeaderElection (LeaderElection.java:askForVotes(321)) - 81969248-ee02-4e21-8d11-8b7a6db0983e@group-2E99A972C8C6-LeaderElection5 ELECTION round 0: submit vote requests at term 1 for -1: peers:[81969248-ee02-4e21-8d11-8b7a6db0983e|rpc:10.1.0.132:15023|admin:10.1.0.132:15022|client:10.1.0.132:15021|dataStream:10.1.0.132:15024|priority:1|startupRole:FOLLOWER]|listeners:[], old=null
2023-07-21 21:01:05,137 [81969248-ee02-4e21-8d11-8b7a6db0983e@group-2E99A972C8C6-LeaderElection5] INFO  impl.LeaderElection (LeaderElection.java:askForVotes(323)) - 81969248-ee02-4e21-8d11-8b7a6db0983e@group-2E99A972C8C6-LeaderElection5 ELECTION round 0: result PASSED (term=1)
2023-07-21 21:01:05,137 [81969248-ee02-4e21-8d11-8b7a6db0983e@group-2E99A972C8C6-LeaderElection5] INFO  impl.RoleInfo (RoleInfo.java:shutdownLeaderElection(130)) - 81969248-ee02-4e21-8d11-8b7a6db0983e: shutdown 81969248-ee02-4e21-8d11-8b7a6db0983e@group-2E99A972C8C6-LeaderElection5
2023-07-21 21:01:05,137 [81969248-ee02-4e21-8d11-8b7a6db0983e@group-2E99A972C8C6-LeaderElection5] INFO  server.RaftServer$Division (RaftServerImpl.java:setRole(329)) - 81969248-ee02-4e21-8d11-8b7a6db0983e@group-2E99A972C8C6: changes role from CANDIDATE to LEADER at term 1 for changeToLeader
2023-07-21 21:01:05,137 [81969248-ee02-4e21-8d11-8b7a6db0983e@group-2E99A972C8C6-LeaderElection5] INFO  ratis.XceiverServerRatis (XceiverServerRatis.java:handleLeaderChangedNotification(902)) - Leader change notification received for group: group-2E99A972C8C6 with new leaderId: 81969248-ee02-4e21-8d11-8b7a6db0983e
2023-07-21 21:01:05,138 [81969248-ee02-4e21-8d11-8b7a6db0983e@group-2E99A972C8C6-LeaderElection5] INFO  server.RaftServer$Division (ServerState.java:setLeader(317)) - 81969248-ee02-4e21-8d11-8b7a6db0983e@group-2E99A972C8C6: change Leader from null to 81969248-ee02-4e21-8d11-8b7a6db0983e at term 1 for becomeLeader, leader elected after 5305ms
2023-07-21 21:01:05,140 [81969248-ee02-4e21-8d11-8b7a6db0983e@group-2E99A972C8C6-LeaderElection5] INFO  server.RaftServerConfigKeys (ConfUtils.java:logGet(46)) - raft.server.staging.catchup.gap = 1000 (default)
2023-07-21 21:01:05,141 [81969248-ee02-4e21-8d11-8b7a6db0983e@group-2E99A972C8C6-LeaderElection5] INFO  server.RaftServerConfigKeys (ConfUtils.java:logGet(46)) - raft.server.write.element-limit = 1024 (custom)
2023-07-21 21:01:05,141 [81969248-ee02-4e21-8d11-8b7a6db0983e@group-2E99A972C8C6-LeaderElection5] INFO  server.RaftServerConfigKeys (ConfUtils.java:logGet(46)) - raft.server.write.byte-limit = 1024 M (=1073741824) (custom)
2023-07-21 21:01:05,142 [81969248-ee02-4e21-8d11-8b7a6db0983e@group-2E99A972C8C6-LeaderElection5] INFO  server.RaftServerConfigKeys (ConfUtils.java:logGet(46)) - raft.server.watch.timeout = 180s (custom)
2023-07-21 21:01:05,142 [81969248-ee02-4e21-8d11-8b7a6db0983e@group-2E99A972C8C6-LeaderElection5] INFO  server.RaftServerConfigKeys (ConfUtils.java:logGet(46)) - raft.server.watch.timeout.denomination = 1s (default)
2023-07-21 21:01:05,142 [81969248-ee02-4e21-8d11-8b7a6db0983e@group-2E99A972C8C6-LeaderElection5] INFO  server.RaftServerConfigKeys (ConfUtils.java:logGet(46)) - raft.server.watch.element-limit = 65536 (default)
2023-07-21 21:01:05,142 [81969248-ee02-4e21-8d11-8b7a6db0983e@group-2E99A972C8C6-LeaderElection5] INFO  server.RaftServerConfigKeys (ConfUtils.java:logGet(46)) - raft.server.write.element-limit = 1024 (custom)
2023-07-21 21:01:05,142 [81969248-ee02-4e21-8d11-8b7a6db0983e@group-2E99A972C8C6-LeaderElection5] INFO  server.RaftServerConfigKeys (ConfUtils.java:logGet(46)) - raft.server.write.follower.gap.ratio.max = -1.0 (default)
2023-07-21 21:01:05,142 [81969248-ee02-4e21-8d11-8b7a6db0983e@group-2E99A972C8C6-LeaderElection5] INFO  impl.RoleInfo (RoleInfo.java:updateAndGet(139)) - 81969248-ee02-4e21-8d11-8b7a6db0983e: start 81969248-ee02-4e21-8d11-8b7a6db0983e@group-2E99A972C8C6-LeaderStateImpl
2023-07-21 21:01:05,142 [81969248-ee02-4e21-8d11-8b7a6db0983e@group-2E99A972C8C6-LeaderElection5] INFO  segmented.SegmentedRaftLogWorker (SegmentedRaftLogWorker.java:startLogSegment(447)) - 81969248-ee02-4e21-8d11-8b7a6db0983e@group-2E99A972C8C6-SegmentedRaftLogWorker: Starting segment from index:0
2023-07-21 21:01:05,144 [81969248-ee02-4e21-8d11-8b7a6db0983e@group-2E99A972C8C6-SegmentedRaftLogWorker] INFO  segmented.SegmentedRaftLogWorker (SegmentedRaftLogWorker.java:execute(651)) - 81969248-ee02-4e21-8d11-8b7a6db0983e@group-2E99A972C8C6-SegmentedRaftLogWorker: created new log segment /home/runner/work/ozone/ozone/hadoop-ozone/integration-test/target/test-dir/MiniOzoneClusterImpl-b68b6c12-fe62-42d1-a50b-75b7569d3ce9/datanode-1/data/ratis/dc363d63-fd31-4770-81ad-2e99a972c8c6/current/log_inprogress_0
2023-07-21 21:01:05,150 [81969248-ee02-4e21-8d11-8b7a6db0983e@group-2E99A972C8C6-LeaderElection5] INFO  server.RaftServer$Division (ServerState.java:setRaftConf(434)) - 81969248-ee02-4e21-8d11-8b7a6db0983e@group-2E99A972C8C6: set configuration 0: peers:[81969248-ee02-4e21-8d11-8b7a6db0983e|rpc:10.1.0.132:15023|admin:10.1.0.132:15022|client:10.1.0.132:15021|dataStream:10.1.0.132:15024|priority:1|startupRole:FOLLOWER]|listeners:[], old=null
2023-07-21 21:01:05,188 [34a92578-a80c-453f-883a-7c67a7b5d4e2@group-BDA6E8294138-FollowerState] INFO  impl.FollowerState (FollowerState.java:run(143)) - 34a92578-a80c-453f-883a-7c67a7b5d4e2@group-BDA6E8294138-FollowerState: change to CANDIDATE, lastRpcElapsedTime:5054247896ns, electionTimeout:5046ms
2023-07-21 21:01:05,189 [34a92578-a80c-453f-883a-7c67a7b5d4e2@group-BDA6E8294138-FollowerState] INFO  impl.RoleInfo (RoleInfo.java:shutdownFollowerState(110)) - 34a92578-a80c-453f-883a-7c67a7b5d4e2: shutdown 34a92578-a80c-453f-883a-7c67a7b5d4e2@group-BDA6E8294138-FollowerState
2023-07-21 21:01:05,189 [34a92578-a80c-453f-883a-7c67a7b5d4e2@group-BDA6E8294138-FollowerState] INFO  server.RaftServer$Division (RaftServerImpl.java:setRole(329)) - 34a92578-a80c-453f-883a-7c67a7b5d4e2@group-BDA6E8294138: changes role from  FOLLOWER to CANDIDATE at term 0 for changeToCandidate
2023-07-21 21:01:05,189 [34a92578-a80c-453f-883a-7c67a7b5d4e2@group-BDA6E8294138-FollowerState] INFO  server.RaftServerConfigKeys (ConfUtils.java:logGet(46)) - raft.server.leaderelection.pre-vote = true (default)
2023-07-21 21:01:05,189 [34a92578-a80c-453f-883a-7c67a7b5d4e2@group-BDA6E8294138-FollowerState] INFO  impl.RoleInfo (RoleInfo.java:updateAndGet(139)) - 34a92578-a80c-453f-883a-7c67a7b5d4e2: start 34a92578-a80c-453f-883a-7c67a7b5d4e2@group-BDA6E8294138-LeaderElection6
2023-07-21 21:01:05,198 [34a92578-a80c-453f-883a-7c67a7b5d4e2@group-BDA6E8294138-LeaderElection6] INFO  impl.LeaderElection (LeaderElection.java:askForVotes(321)) - 34a92578-a80c-453f-883a-7c67a7b5d4e2@group-BDA6E8294138-LeaderElection6 PRE_VOTE round 0: submit vote requests at term 0 for -1: peers:[34a92578-a80c-453f-883a-7c67a7b5d4e2|rpc:10.1.0.132:15014|admin:10.1.0.132:15013|client:10.1.0.132:15012|dataStream:10.1.0.132:15015|priority:1|startupRole:FOLLOWER, 7f3a4710-33bf-48d3-982c-8a30dd90a1ed|rpc:10.1.0.132:15032|admin:10.1.0.132:15031|client:10.1.0.132:15030|dataStream:10.1.0.132:15033|priority:0|startupRole:FOLLOWER, 81969248-ee02-4e21-8d11-8b7a6db0983e|rpc:10.1.0.132:15023|admin:10.1.0.132:15022|client:10.1.0.132:15021|dataStream:10.1.0.132:15024|priority:0|startupRole:FOLLOWER]|listeners:[], old=null
2023-07-21 21:01:05,199 [34a92578-a80c-453f-883a-7c67a7b5d4e2@group-BDA6E8294138-LeaderElection6] INFO  server.RaftServerConfigKeys (ConfUtils.java:logFallback(53)) - raft.server.rpc.first-election.timeout.min = 5s (fallback to raft.server.rpc.timeout.min)
2023-07-21 21:01:05,199 [34a92578-a80c-453f-883a-7c67a7b5d4e2@group-BDA6E8294138-LeaderElection6] INFO  server.RaftServerConfigKeys (ConfUtils.java:logFallback(53)) - raft.server.rpc.first-election.timeout.max = 5200ms (fallback to raft.server.rpc.timeout.max)
2023-07-21 21:01:05,204 [grpc-default-executor-2] INFO  server.RaftServer$Division (RaftServerImpl.java:requestVote(1302)) - 81969248-ee02-4e21-8d11-8b7a6db0983e@group-BDA6E8294138: receive requestVote(PRE_VOTE, 34a92578-a80c-453f-883a-7c67a7b5d4e2, group-BDA6E8294138, 0, (t:0, i:0))
2023-07-21 21:01:05,205 [grpc-default-executor-2] INFO  impl.VoteContext (VoteContext.java:log(49)) - 81969248-ee02-4e21-8d11-8b7a6db0983e@group-BDA6E8294138-FOLLOWER: accept PRE_VOTE from 34a92578-a80c-453f-883a-7c67a7b5d4e2: our priority 0 <= candidate's priority 1
2023-07-21 21:01:05,206 [grpc-default-executor-2] INFO  server.RaftServer$Division (RaftServerImpl.java:requestVote(1335)) - 81969248-ee02-4e21-8d11-8b7a6db0983e@group-BDA6E8294138 replies to PRE_VOTE vote request: 34a92578-a80c-453f-883a-7c67a7b5d4e2<-81969248-ee02-4e21-8d11-8b7a6db0983e#0:OK-t0. Peer's state: 81969248-ee02-4e21-8d11-8b7a6db0983e@group-BDA6E8294138:t0, leader=null, voted=, raftlog=Memoized:81969248-ee02-4e21-8d11-8b7a6db0983e@group-BDA6E8294138-SegmentedRaftLog:OPENED:c-1, conf=-1: peers:[34a92578-a80c-453f-883a-7c67a7b5d4e2|rpc:10.1.0.132:15014|admin:10.1.0.132:15013|client:10.1.0.132:15012|dataStream:10.1.0.132:15015|priority:1|startupRole:FOLLOWER, 7f3a4710-33bf-48d3-982c-8a30dd90a1ed|rpc:10.1.0.132:15032|admin:10.1.0.132:15031|client:10.1.0.132:15030|dataStream:10.1.0.132:15033|priority:0|startupRole:FOLLOWER, 81969248-ee02-4e21-8d11-8b7a6db0983e|rpc:10.1.0.132:15023|admin:10.1.0.132:15022|client:10.1.0.132:15021|dataStream:10.1.0.132:15024|priority:0|startupRole:FOLLOWER]|listeners:[], old=null
2023-07-21 21:01:05,205 [grpc-default-executor-3] INFO  server.RaftServer$Division (RaftServerImpl.java:requestVote(1302)) - 7f3a4710-33bf-48d3-982c-8a30dd90a1ed@group-BDA6E8294138: receive requestVote(PRE_VOTE, 34a92578-a80c-453f-883a-7c67a7b5d4e2, group-BDA6E8294138, 0, (t:0, i:0))
2023-07-21 21:01:05,206 [grpc-default-executor-3] INFO  impl.VoteContext (VoteContext.java:log(49)) - 7f3a4710-33bf-48d3-982c-8a30dd90a1ed@group-BDA6E8294138-FOLLOWER: accept PRE_VOTE from 34a92578-a80c-453f-883a-7c67a7b5d4e2: our priority 0 <= candidate's priority 1
2023-07-21 21:01:05,207 [grpc-default-executor-3] INFO  server.RaftServer$Division (RaftServerImpl.java:requestVote(1335)) - 7f3a4710-33bf-48d3-982c-8a30dd90a1ed@group-BDA6E8294138 replies to PRE_VOTE vote request: 34a92578-a80c-453f-883a-7c67a7b5d4e2<-7f3a4710-33bf-48d3-982c-8a30dd90a1ed#0:OK-t0. Peer's state: 7f3a4710-33bf-48d3-982c-8a30dd90a1ed@group-BDA6E8294138:t0, leader=null, voted=, raftlog=Memoized:7f3a4710-33bf-48d3-982c-8a30dd90a1ed@group-BDA6E8294138-SegmentedRaftLog:OPENED:c-1, conf=-1: peers:[34a92578-a80c-453f-883a-7c67a7b5d4e2|rpc:10.1.0.132:15014|admin:10.1.0.132:15013|client:10.1.0.132:15012|dataStream:10.1.0.132:15015|priority:1|startupRole:FOLLOWER, 7f3a4710-33bf-48d3-982c-8a30dd90a1ed|rpc:10.1.0.132:15032|admin:10.1.0.132:15031|client:10.1.0.132:15030|dataStream:10.1.0.132:15033|priority:0|startupRole:FOLLOWER, 81969248-ee02-4e21-8d11-8b7a6db0983e|rpc:10.1.0.132:15023|admin:10.1.0.132:15022|client:10.1.0.132:15021|dataStream:10.1.0.132:15024|priority:0|startupRole:FOLLOWER]|listeners:[], old=null
2023-07-21 21:01:05,209 [34a92578-a80c-453f-883a-7c67a7b5d4e2@group-BDA6E8294138-LeaderElection6] INFO  impl.LeaderElection (LeaderElection.java:logAndReturn(90)) - 34a92578-a80c-453f-883a-7c67a7b5d4e2@group-BDA6E8294138-LeaderElection6: PRE_VOTE PASSED received 1 response(s) and 0 exception(s):
2023-07-21 21:01:05,209 [main] INFO  ozone.MiniOzoneClusterImpl (MiniOzoneClusterImpl.java:lambda$waitForClusterToBeReady$0(224)) - Nodes are ready. Got 3 of 3 DN Heartbeats.
2023-07-21 21:01:05,211 [main] INFO  ozone.MiniOzoneClusterImpl (MiniOzoneClusterImpl.java:lambda$waitForClusterToBeReady$0(227)) - Cluster exits safe mode
2023-07-21 21:01:05,211 [main] INFO  ozone.MiniOzoneClusterImpl (MiniOzoneClusterImpl.java:lambda$waitForClusterToBeReady$0(229)) - SCM became leader
2023-07-21 21:01:05,211 [34a92578-a80c-453f-883a-7c67a7b5d4e2@group-BDA6E8294138-LeaderElection6] INFO  impl.LeaderElection (LeaderElection.java:logAndReturn(94)) -   Response 0: 34a92578-a80c-453f-883a-7c67a7b5d4e2<-7f3a4710-33bf-48d3-982c-8a30dd90a1ed#0:OK-t0
2023-07-21 21:01:05,212 [34a92578-a80c-453f-883a-7c67a7b5d4e2@group-BDA6E8294138-LeaderElection6] INFO  impl.LeaderElection (LeaderElection.java:askForVotes(323)) - 34a92578-a80c-453f-883a-7c67a7b5d4e2@group-BDA6E8294138-LeaderElection6 PRE_VOTE round 0: result PASSED
2023-07-21 21:01:05,213 [34a92578-a80c-453f-883a-7c67a7b5d4e2@group-BDA6E8294138-LeaderElection6] INFO  impl.LeaderElection (LeaderElection.java:askForVotes(321)) - 34a92578-a80c-453f-883a-7c67a7b5d4e2@group-BDA6E8294138-LeaderElection6 ELECTION round 0: submit vote requests at term 1 for -1: peers:[34a92578-a80c-453f-883a-7c67a7b5d4e2|rpc:10.1.0.132:15014|admin:10.1.0.132:15013|client:10.1.0.132:15012|dataStream:10.1.0.132:15015|priority:1|startupRole:FOLLOWER, 7f3a4710-33bf-48d3-982c-8a30dd90a1ed|rpc:10.1.0.132:15032|admin:10.1.0.132:15031|client:10.1.0.132:15030|dataStream:10.1.0.132:15033|priority:0|startupRole:FOLLOWER, 81969248-ee02-4e21-8d11-8b7a6db0983e|rpc:10.1.0.132:15023|admin:10.1.0.132:15022|client:10.1.0.132:15021|dataStream:10.1.0.132:15024|priority:0|startupRole:FOLLOWER]|listeners:[], old=null
2023-07-21 21:01:05,220 [34a92578-a80c-453f-883a-7c67a7b5d4e2@group-BDA6E8294138-LeaderElection6] INFO  server.RaftServerConfigKeys (ConfUtils.java:logFallback(53)) - raft.server.rpc.first-election.timeout.min = 5s (fallback to raft.server.rpc.timeout.min)
2023-07-21 21:01:05,220 [34a92578-a80c-453f-883a-7c67a7b5d4e2@group-BDA6E8294138-LeaderElection6] INFO  server.RaftServerConfigKeys (ConfUtils.java:logFallback(53)) - raft.server.rpc.first-election.timeout.max = 5200ms (fallback to raft.server.rpc.timeout.max)
2023-07-21 21:01:05,221 [grpc-default-executor-3] INFO  server.RaftServer$Division (RaftServerImpl.java:requestVote(1302)) - 7f3a4710-33bf-48d3-982c-8a30dd90a1ed@group-BDA6E8294138: receive requestVote(ELECTION, 34a92578-a80c-453f-883a-7c67a7b5d4e2, group-BDA6E8294138, 1, (t:0, i:0))
2023-07-21 21:01:05,227 [grpc-default-executor-3] INFO  impl.VoteContext (VoteContext.java:log(49)) - 7f3a4710-33bf-48d3-982c-8a30dd90a1ed@group-BDA6E8294138-FOLLOWER: accept ELECTION from 34a92578-a80c-453f-883a-7c67a7b5d4e2: our priority 0 <= candidate's priority 1
2023-07-21 21:01:05,227 [grpc-default-executor-3] INFO  server.RaftServer$Division (RaftServerImpl.java:setRole(329)) - 7f3a4710-33bf-48d3-982c-8a30dd90a1ed@group-BDA6E8294138: changes role from  FOLLOWER to FOLLOWER at term 1 for candidate:34a92578-a80c-453f-883a-7c67a7b5d4e2
2023-07-21 21:01:05,227 [grpc-default-executor-3] INFO  impl.RoleInfo (RoleInfo.java:shutdownFollowerState(110)) - 7f3a4710-33bf-48d3-982c-8a30dd90a1ed: shutdown 7f3a4710-33bf-48d3-982c-8a30dd90a1ed@group-BDA6E8294138-FollowerState
2023-07-21 21:01:05,227 [grpc-default-executor-3] INFO  impl.RoleInfo (RoleInfo.java:updateAndGet(139)) - 7f3a4710-33bf-48d3-982c-8a30dd90a1ed: start 7f3a4710-33bf-48d3-982c-8a30dd90a1ed@group-BDA6E8294138-FollowerState
2023-07-21 21:01:05,227 [7f3a4710-33bf-48d3-982c-8a30dd90a1ed@group-BDA6E8294138-FollowerState] INFO  impl.FollowerState (FollowerState.java:run(152)) - 7f3a4710-33bf-48d3-982c-8a30dd90a1ed@group-BDA6E8294138-FollowerState was interrupted
2023-07-21 21:01:05,228 [grpc-default-executor-3] INFO  server.RaftServer$Division (RaftServerImpl.java:requestVote(1335)) - 7f3a4710-33bf-48d3-982c-8a30dd90a1ed@group-BDA6E8294138 replies to ELECTION vote request: 34a92578-a80c-453f-883a-7c67a7b5d4e2<-7f3a4710-33bf-48d3-982c-8a30dd90a1ed#0:OK-t1. Peer's state: 7f3a4710-33bf-48d3-982c-8a30dd90a1ed@group-BDA6E8294138:t1, leader=null, voted=34a92578-a80c-453f-883a-7c67a7b5d4e2, raftlog=Memoized:7f3a4710-33bf-48d3-982c-8a30dd90a1ed@group-BDA6E8294138-SegmentedRaftLog:OPENED:c-1, conf=-1: peers:[34a92578-a80c-453f-883a-7c67a7b5d4e2|rpc:10.1.0.132:15014|admin:10.1.0.132:15013|client:10.1.0.132:15012|dataStream:10.1.0.132:15015|priority:1|startupRole:FOLLOWER, 7f3a4710-33bf-48d3-982c-8a30dd90a1ed|rpc:10.1.0.132:15032|admin:10.1.0.132:15031|client:10.1.0.132:15030|dataStream:10.1.0.132:15033|priority:0|startupRole:FOLLOWER, 81969248-ee02-4e21-8d11-8b7a6db0983e|rpc:10.1.0.132:15023|admin:10.1.0.132:15022|client:10.1.0.132:15021|dataStream:10.1.0.132:15024|priority:0|startupRole:FOLLOWER]|listeners:[], old=null
2023-07-21 21:01:05,230 [34a92578-a80c-453f-883a-7c67a7b5d4e2@group-BDA6E8294138-LeaderElection6] INFO  impl.LeaderElection (LeaderElection.java:logAndReturn(90)) - 34a92578-a80c-453f-883a-7c67a7b5d4e2@group-BDA6E8294138-LeaderElection6: ELECTION PASSED received 1 response(s) and 0 exception(s):
2023-07-21 21:01:05,230 [34a92578-a80c-453f-883a-7c67a7b5d4e2@group-BDA6E8294138-LeaderElection6] INFO  impl.LeaderElection (LeaderElection.java:logAndReturn(94)) -   Response 0: 34a92578-a80c-453f-883a-7c67a7b5d4e2<-7f3a4710-33bf-48d3-982c-8a30dd90a1ed#0:OK-t1
2023-07-21 21:01:05,230 [34a92578-a80c-453f-883a-7c67a7b5d4e2@group-BDA6E8294138-LeaderElection6] INFO  impl.LeaderElection (LeaderElection.java:askForVotes(323)) - 34a92578-a80c-453f-883a-7c67a7b5d4e2@group-BDA6E8294138-LeaderElection6 ELECTION round 0: result PASSED
2023-07-21 21:01:05,230 [34a92578-a80c-453f-883a-7c67a7b5d4e2@group-BDA6E8294138-LeaderElection6] INFO  impl.RoleInfo (RoleInfo.java:shutdownLeaderElection(130)) - 34a92578-a80c-453f-883a-7c67a7b5d4e2: shutdown 34a92578-a80c-453f-883a-7c67a7b5d4e2@group-BDA6E8294138-LeaderElection6
2023-07-21 21:01:05,230 [34a92578-a80c-453f-883a-7c67a7b5d4e2@group-BDA6E8294138-LeaderElection6] INFO  server.RaftServer$Division (RaftServerImpl.java:setRole(329)) - 34a92578-a80c-453f-883a-7c67a7b5d4e2@group-BDA6E8294138: changes role from CANDIDATE to LEADER at term 1 for changeToLeader
2023-07-21 21:01:05,230 [34a92578-a80c-453f-883a-7c67a7b5d4e2@group-BDA6E8294138-LeaderElection6] INFO  ratis.XceiverServerRatis (XceiverServerRatis.java:handleLeaderChangedNotification(902)) - Leader change notification received for group: group-BDA6E8294138 with new leaderId: 34a92578-a80c-453f-883a-7c67a7b5d4e2
2023-07-21 21:01:05,231 [34a92578-a80c-453f-883a-7c67a7b5d4e2@group-BDA6E8294138-LeaderElection6] INFO  server.RaftServer$Division (ServerState.java:setLeader(317)) - 34a92578-a80c-453f-883a-7c67a7b5d4e2@group-BDA6E8294138: change Leader from null to 34a92578-a80c-453f-883a-7c67a7b5d4e2 at term 1 for becomeLeader, leader elected after 5130ms
2023-07-21 21:01:05,231 [34a92578-a80c-453f-883a-7c67a7b5d4e2@group-BDA6E8294138-LeaderElection6] INFO  server.RaftServerConfigKeys (ConfUtils.java:logGet(46)) - raft.server.staging.catchup.gap = 1000 (default)
2023-07-21 21:01:05,231 [34a92578-a80c-453f-883a-7c67a7b5d4e2@group-BDA6E8294138-LeaderElection6] INFO  server.RaftServerConfigKeys (ConfUtils.java:logGet(46)) - raft.server.write.element-limit = 1024 (custom)
2023-07-21 21:01:05,231 [34a92578-a80c-453f-883a-7c67a7b5d4e2@group-BDA6E8294138-LeaderElection6] INFO  server.RaftServerConfigKeys (ConfUtils.java:logGet(46)) - raft.server.write.byte-limit = 1024 M (=1073741824) (custom)
2023-07-21 21:01:05,231 [34a92578-a80c-453f-883a-7c67a7b5d4e2@group-BDA6E8294138-LeaderElection6] INFO  server.RaftServerConfigKeys (ConfUtils.java:logGet(46)) - raft.server.watch.timeout = 180s (custom)
2023-07-21 21:01:05,232 [34a92578-a80c-453f-883a-7c67a7b5d4e2@group-BDA6E8294138-LeaderElection6] INFO  server.RaftServerConfigKeys (ConfUtils.java:logGet(46)) - raft.server.watch.timeout.denomination = 1s (default)
2023-07-21 21:01:05,232 [34a92578-a80c-453f-883a-7c67a7b5d4e2@group-BDA6E8294138-LeaderElection6] INFO  server.RaftServerConfigKeys (ConfUtils.java:logGet(46)) - raft.server.watch.element-limit = 65536 (default)
2023-07-21 21:01:05,232 [34a92578-a80c-453f-883a-7c67a7b5d4e2@group-BDA6E8294138-LeaderElection6] INFO  server.RaftServerConfigKeys (ConfUtils.java:logGet(46)) - raft.server.write.element-limit = 1024 (custom)
2023-07-21 21:01:05,232 [34a92578-a80c-453f-883a-7c67a7b5d4e2@group-BDA6E8294138-LeaderElection6] INFO  server.RaftServerConfigKeys (ConfUtils.java:logGet(46)) - raft.server.write.follower.gap.ratio.max = -1.0 (default)
2023-07-21 21:01:05,232 [34a92578-a80c-453f-883a-7c67a7b5d4e2@group-BDA6E8294138-LeaderElection6] INFO  server.RaftServerConfigKeys (ConfUtils.java:logGet(46)) - raft.server.log.appender.snapshot.chunk.size.max = 16MB (=16777216) (default)
2023-07-21 21:01:05,232 [34a92578-a80c-453f-883a-7c67a7b5d4e2@group-BDA6E8294138-LeaderElection6] INFO  server.RaftServerConfigKeys (ConfUtils.java:logGet(46)) - raft.server.log.appender.buffer.byte-limit = 33554432 (custom)
2023-07-21 21:01:05,232 [34a92578-a80c-453f-883a-7c67a7b5d4e2@group-BDA6E8294138-LeaderElection6] INFO  server.RaftServerConfigKeys (ConfUtils.java:logGet(46)) - raft.server.log.appender.buffer.element-limit = 1 (custom)
2023-07-21 21:01:05,232 [34a92578-a80c-453f-883a-7c67a7b5d4e2@group-BDA6E8294138-LeaderElection6] INFO  server.RaftServerConfigKeys (ConfUtils.java:logGet(46)) - raft.server.log.appender.wait-time.min = 10ms (default)
2023-07-21 21:01:05,236 [grpc-default-executor-2] INFO  server.RaftServer$Division (RaftServerImpl.java:requestVote(1302)) - 81969248-ee02-4e21-8d11-8b7a6db0983e@group-BDA6E8294138: receive requestVote(ELECTION, 34a92578-a80c-453f-883a-7c67a7b5d4e2, group-BDA6E8294138, 1, (t:0, i:0))
2023-07-21 21:01:05,238 [grpc-default-executor-2] INFO  impl.VoteContext (VoteContext.java:log(49)) - 81969248-ee02-4e21-8d11-8b7a6db0983e@group-BDA6E8294138-FOLLOWER: accept ELECTION from 34a92578-a80c-453f-883a-7c67a7b5d4e2: our priority 0 <= candidate's priority 1
2023-07-21 21:01:05,238 [grpc-default-executor-2] INFO  server.RaftServer$Division (RaftServerImpl.java:setRole(329)) - 81969248-ee02-4e21-8d11-8b7a6db0983e@group-BDA6E8294138: changes role from  FOLLOWER to FOLLOWER at term 1 for candidate:34a92578-a80c-453f-883a-7c67a7b5d4e2
2023-07-21 21:01:05,238 [grpc-default-executor-2] INFO  impl.RoleInfo (RoleInfo.java:shutdownFollowerState(110)) - 81969248-ee02-4e21-8d11-8b7a6db0983e: shutdown 81969248-ee02-4e21-8d11-8b7a6db0983e@group-BDA6E8294138-FollowerState
2023-07-21 21:01:05,238 [grpc-default-executor-2] INFO  impl.RoleInfo (RoleInfo.java:updateAndGet(139)) - 81969248-ee02-4e21-8d11-8b7a6db0983e: start 81969248-ee02-4e21-8d11-8b7a6db0983e@group-BDA6E8294138-FollowerState
2023-07-21 21:01:05,238 [81969248-ee02-4e21-8d11-8b7a6db0983e@group-BDA6E8294138-FollowerState] INFO  impl.FollowerState (FollowerState.java:run(152)) - 81969248-ee02-4e21-8d11-8b7a6db0983e@group-BDA6E8294138-FollowerState was interrupted
2023-07-21 21:01:05,232 [34a92578-a80c-453f-883a-7c67a7b5d4e2@group-BDA6E8294138-LeaderElection6] INFO  grpc.GrpcConfigKeys (ConfUtils.java:logGet(46)) - raft.grpc.server.leader.outstanding.appends.max = 128 (default)
2023-07-21 21:01:05,238 [34a92578-a80c-453f-883a-7c67a7b5d4e2@group-BDA6E8294138-LeaderElection6] INFO  server.RaftServerConfigKeys (ConfUtils.java:logGet(46)) - raft.server.rpc.request.timeout = 60s (custom)
2023-07-21 21:01:05,238 [34a92578-a80c-453f-883a-7c67a7b5d4e2@group-BDA6E8294138-LeaderElection6] INFO  grpc.GrpcConfigKeys (ConfUtils.java:logGet(46)) - raft.grpc.server.install_snapshot.request.element-limit = 8 (default)
2023-07-21 21:01:05,240 [34a92578-a80c-453f-883a-7c67a7b5d4e2@group-BDA6E8294138-LeaderElection6] INFO  grpc.GrpcConfigKeys (ConfUtils.java:logGet(46)) - raft.grpc.server.install_snapshot.request.timeout = 3000ms (default)
2023-07-21 21:01:05,240 [34a92578-a80c-453f-883a-7c67a7b5d4e2@group-BDA6E8294138-LeaderElection6] INFO  server.RaftServerConfigKeys (ConfUtils.java:logGet(46)) - raft.server.log.appender.install.snapshot.enabled = false (custom)
2023-07-21 21:01:05,241 [34a92578-a80c-453f-883a-7c67a7b5d4e2@group-BDA6E8294138-LeaderElection6] INFO  grpc.GrpcConfigKeys (ConfUtils.java:logGet(46)) - raft.grpc.server.heartbeat.channel = true (default)
2023-07-21 21:01:05,241 [34a92578-a80c-453f-883a-7c67a7b5d4e2@group-BDA6E8294138-LeaderElection6] INFO  server.RaftServerConfigKeys (ConfUtils.java:logGet(46)) - raft.server.log.appender.snapshot.chunk.size.max = 16MB (=16777216) (default)
2023-07-21 21:01:05,241 [34a92578-a80c-453f-883a-7c67a7b5d4e2@group-BDA6E8294138-LeaderElection6] INFO  server.RaftServerConfigKeys (ConfUtils.java:logGet(46)) - raft.server.log.appender.buffer.byte-limit = 33554432 (custom)
2023-07-21 21:01:05,241 [34a92578-a80c-453f-883a-7c67a7b5d4e2@group-BDA6E8294138-LeaderElection6] INFO  server.RaftServerConfigKeys (ConfUtils.java:logGet(46)) - raft.server.log.appender.buffer.element-limit = 1 (custom)
2023-07-21 21:01:05,241 [34a92578-a80c-453f-883a-7c67a7b5d4e2@group-BDA6E8294138-LeaderElection6] INFO  server.RaftServerConfigKeys (ConfUtils.java:logGet(46)) - raft.server.log.appender.wait-time.min = 10ms (default)
2023-07-21 21:01:05,242 [34a92578-a80c-453f-883a-7c67a7b5d4e2@group-BDA6E8294138-LeaderElection6] INFO  grpc.GrpcConfigKeys (ConfUtils.java:logGet(46)) - raft.grpc.server.leader.outstanding.appends.max = 128 (default)
2023-07-21 21:01:05,242 [34a92578-a80c-453f-883a-7c67a7b5d4e2@group-BDA6E8294138-LeaderElection6] INFO  server.RaftServerConfigKeys (ConfUtils.java:logGet(46)) - raft.server.rpc.request.timeout = 60s (custom)
2023-07-21 21:01:05,242 [34a92578-a80c-453f-883a-7c67a7b5d4e2@group-BDA6E8294138-LeaderElection6] INFO  grpc.GrpcConfigKeys (ConfUtils.java:logGet(46)) - raft.grpc.server.install_snapshot.request.element-limit = 8 (default)
2023-07-21 21:01:05,242 [34a92578-a80c-453f-883a-7c67a7b5d4e2@group-BDA6E8294138-LeaderElection6] INFO  grpc.GrpcConfigKeys (ConfUtils.java:logGet(46)) - raft.grpc.server.install_snapshot.request.timeout = 3000ms (default)
2023-07-21 21:01:05,242 [EventQueue-PipelineReportForPipelineReportHandler] INFO  pipeline.PipelineReportHandler (PipelineReportHandler.java:processPipelineReport(136)) - Opened pipeline PipelineID=70df405a-b2b2-4ac2-84c7-bda6e8294138
2023-07-21 21:01:05,242 [34a92578-a80c-453f-883a-7c67a7b5d4e2@group-BDA6E8294138-LeaderElection6] INFO  server.RaftServerConfigKeys (ConfUtils.java:logGet(46)) - raft.server.log.appender.install.snapshot.enabled = false (custom)
2023-07-21 21:01:05,243 [34a92578-a80c-453f-883a-7c67a7b5d4e2@group-BDA6E8294138-LeaderElection6] INFO  grpc.GrpcConfigKeys (ConfUtils.java:logGet(46)) - raft.grpc.server.heartbeat.channel = true (default)
2023-07-21 21:01:05,243 [34a92578-a80c-453f-883a-7c67a7b5d4e2@group-BDA6E8294138-LeaderElection6] INFO  impl.RoleInfo (RoleInfo.java:updateAndGet(139)) - 34a92578-a80c-453f-883a-7c67a7b5d4e2: start 34a92578-a80c-453f-883a-7c67a7b5d4e2@group-BDA6E8294138-LeaderStateImpl
2023-07-21 21:01:05,243 [34a92578-a80c-453f-883a-7c67a7b5d4e2@group-BDA6E8294138-LeaderElection6] INFO  segmented.SegmentedRaftLogWorker (SegmentedRaftLogWorker.java:startLogSegment(447)) - 34a92578-a80c-453f-883a-7c67a7b5d4e2@group-BDA6E8294138-SegmentedRaftLogWorker: Starting segment from index:0
2023-07-21 21:01:05,244 [grpc-default-executor-2] INFO  server.RaftServer$Division (RaftServerImpl.java:requestVote(1335)) - 81969248-ee02-4e21-8d11-8b7a6db0983e@group-BDA6E8294138 replies to ELECTION vote request: 34a92578-a80c-453f-883a-7c67a7b5d4e2<-81969248-ee02-4e21-8d11-8b7a6db0983e#0:OK-t1. Peer's state: 81969248-ee02-4e21-8d11-8b7a6db0983e@group-BDA6E8294138:t1, leader=null, voted=34a92578-a80c-453f-883a-7c67a7b5d4e2, raftlog=Memoized:81969248-ee02-4e21-8d11-8b7a6db0983e@group-BDA6E8294138-SegmentedRaftLog:OPENED:c-1, conf=-1: peers:[34a92578-a80c-453f-883a-7c67a7b5d4e2|rpc:10.1.0.132:15014|admin:10.1.0.132:15013|client:10.1.0.132:15012|dataStream:10.1.0.132:15015|priority:1|startupRole:FOLLOWER, 7f3a4710-33bf-48d3-982c-8a30dd90a1ed|rpc:10.1.0.132:15032|admin:10.1.0.132:15031|client:10.1.0.132:15030|dataStream:10.1.0.132:15033|priority:0|startupRole:FOLLOWER, 81969248-ee02-4e21-8d11-8b7a6db0983e|rpc:10.1.0.132:15023|admin:10.1.0.132:15022|client:10.1.0.132:15021|dataStream:10.1.0.132:15024|priority:0|startupRole:FOLLOWER]|listeners:[], old=null
2023-07-21 21:01:05,247 [34a92578-a80c-453f-883a-7c67a7b5d4e2@group-BDA6E8294138-SegmentedRaftLogWorker] INFO  segmented.SegmentedRaftLogWorker (SegmentedRaftLogWorker.java:execute(651)) - 34a92578-a80c-453f-883a-7c67a7b5d4e2@group-BDA6E8294138-SegmentedRaftLogWorker: created new log segment /home/runner/work/ozone/ozone/hadoop-ozone/integration-test/target/test-dir/MiniOzoneClusterImpl-b68b6c12-fe62-42d1-a50b-75b7569d3ce9/datanode-0/data/ratis/70df405a-b2b2-4ac2-84c7-bda6e8294138/current/log_inprogress_0
2023-07-21 21:01:05,255 [34a92578-a80c-453f-883a-7c67a7b5d4e2@group-BDA6E8294138-LeaderElection6] INFO  server.RaftServer$Division (ServerState.java:setRaftConf(434)) - 34a92578-a80c-453f-883a-7c67a7b5d4e2@group-BDA6E8294138: set configuration 0: peers:[34a92578-a80c-453f-883a-7c67a7b5d4e2|rpc:10.1.0.132:15014|admin:10.1.0.132:15013|client:10.1.0.132:15012|dataStream:10.1.0.132:15015|priority:1|startupRole:FOLLOWER, 7f3a4710-33bf-48d3-982c-8a30dd90a1ed|rpc:10.1.0.132:15032|admin:10.1.0.132:15031|client:10.1.0.132:15030|dataStream:10.1.0.132:15033|priority:0|startupRole:FOLLOWER, 81969248-ee02-4e21-8d11-8b7a6db0983e|rpc:10.1.0.132:15023|admin:10.1.0.132:15022|client:10.1.0.132:15021|dataStream:10.1.0.132:15024|priority:0|startupRole:FOLLOWER]|listeners:[], old=null
2023-07-21 21:01:05,274 [7f3a4710-33bf-48d3-982c-8a30dd90a1ed-server-thread1] INFO  ratis.XceiverServerRatis (XceiverServerRatis.java:handleLeaderChangedNotification(902)) - Leader change notification received for group: group-BDA6E8294138 with new leaderId: 34a92578-a80c-453f-883a-7c67a7b5d4e2
2023-07-21 21:01:05,274 [7f3a4710-33bf-48d3-982c-8a30dd90a1ed-server-thread1] INFO  server.RaftServer$Division (ServerState.java:setLeader(317)) - 7f3a4710-33bf-48d3-982c-8a30dd90a1ed@group-BDA6E8294138: change Leader from null to 34a92578-a80c-453f-883a-7c67a7b5d4e2 at term 1 for appendEntries, leader elected after 5106ms
2023-07-21 21:01:05,276 [7f3a4710-33bf-48d3-982c-8a30dd90a1ed-server-thread2] INFO  server.RaftServer$Division (ServerState.java:setRaftConf(434)) - 7f3a4710-33bf-48d3-982c-8a30dd90a1ed@group-BDA6E8294138: set configuration 0: peers:[34a92578-a80c-453f-883a-7c67a7b5d4e2|rpc:10.1.0.132:15014|admin:10.1.0.132:15013|client:10.1.0.132:15012|dataStream:10.1.0.132:15015|priority:1|startupRole:FOLLOWER, 7f3a4710-33bf-48d3-982c-8a30dd90a1ed|rpc:10.1.0.132:15032|admin:10.1.0.132:15031|client:10.1.0.132:15030|dataStream:10.1.0.132:15033|priority:0|startupRole:FOLLOWER, 81969248-ee02-4e21-8d11-8b7a6db0983e|rpc:10.1.0.132:15023|admin:10.1.0.132:15022|client:10.1.0.132:15021|dataStream:10.1.0.132:15024|priority:0|startupRole:FOLLOWER]|listeners:[], old=null
2023-07-21 21:01:05,277 [7f3a4710-33bf-48d3-982c-8a30dd90a1ed-server-thread2] INFO  segmented.SegmentedRaftLogWorker (SegmentedRaftLogWorker.java:startLogSegment(447)) - 7f3a4710-33bf-48d3-982c-8a30dd90a1ed@group-BDA6E8294138-SegmentedRaftLogWorker: Starting segment from index:0
2023-07-21 21:01:05,279 [7f3a4710-33bf-48d3-982c-8a30dd90a1ed@group-BDA6E8294138-SegmentedRaftLogWorker] INFO  segmented.SegmentedRaftLogWorker (SegmentedRaftLogWorker.java:execute(651)) - 7f3a4710-33bf-48d3-982c-8a30dd90a1ed@group-BDA6E8294138-SegmentedRaftLogWorker: created new log segment /home/runner/work/ozone/ozone/hadoop-ozone/integration-test/target/test-dir/MiniOzoneClusterImpl-b68b6c12-fe62-42d1-a50b-75b7569d3ce9/datanode-2/data/ratis/70df405a-b2b2-4ac2-84c7-bda6e8294138/current/log_inprogress_0
2023-07-21 21:01:05,300 [main] INFO  ozone.MiniOzoneClusterImpl (MiniOzoneClusterImpl.java:shutdown(443)) - Shutting down the Mini Ozone Cluster
2023-07-21 21:01:05,302 [81969248-ee02-4e21-8d11-8b7a6db0983e-server-thread1] INFO  ratis.XceiverServerRatis (XceiverServerRatis.java:handleLeaderChangedNotification(902)) - Leader change notification received for group: group-BDA6E8294138 with new leaderId: 34a92578-a80c-453f-883a-7c67a7b5d4e2
2023-07-21 21:01:05,302 [81969248-ee02-4e21-8d11-8b7a6db0983e-server-thread1] INFO  server.RaftServer$Division (ServerState.java:setLeader(317)) - 81969248-ee02-4e21-8d11-8b7a6db0983e@group-BDA6E8294138: change Leader from null to 34a92578-a80c-453f-883a-7c67a7b5d4e2 at term 1 for appendEntries, leader elected after 5222ms
2023-07-21 21:01:05,306 [7f3a4710-33bf-48d3-982c-8a30dd90a1ed@group-AAE0E9440E73-FollowerState] INFO  impl.FollowerState (FollowerState.java:run(143)) - 7f3a4710-33bf-48d3-982c-8a30dd90a1ed@group-AAE0E9440E73-FollowerState: change to CANDIDATE, lastRpcElapsedTime:5055607293ns, electionTimeout:5047ms
2023-07-21 21:01:05,306 [7f3a4710-33bf-48d3-982c-8a30dd90a1ed@group-AAE0E9440E73-FollowerState] INFO  impl.RoleInfo (RoleInfo.java:shutdownFollowerState(110)) - 7f3a4710-33bf-48d3-982c-8a30dd90a1ed: shutdown 7f3a4710-33bf-48d3-982c-8a30dd90a1ed@group-AAE0E9440E73-FollowerState
2023-07-21 21:01:05,306 [7f3a4710-33bf-48d3-982c-8a30dd90a1ed@group-AAE0E9440E73-FollowerState] INFO  server.RaftServer$Division (RaftServerImpl.java:setRole(329)) - 7f3a4710-33bf-48d3-982c-8a30dd90a1ed@group-AAE0E9440E73: changes role from  FOLLOWER to CANDIDATE at term 0 for changeToCandidate
2023-07-21 21:01:05,306 [7f3a4710-33bf-48d3-982c-8a30dd90a1ed@group-AAE0E9440E73-FollowerState] INFO  server.RaftServerConfigKeys (ConfUtils.java:logGet(46)) - raft.server.leaderelection.pre-vote = true (default)
2023-07-21 21:01:05,306 [7f3a4710-33bf-48d3-982c-8a30dd90a1ed@group-AAE0E9440E73-FollowerState] INFO  impl.RoleInfo (RoleInfo.java:updateAndGet(139)) - 7f3a4710-33bf-48d3-982c-8a30dd90a1ed: start 7f3a4710-33bf-48d3-982c-8a30dd90a1ed@group-AAE0E9440E73-LeaderElection7
2023-07-21 21:01:05,307 [main] INFO  ozone.MiniOzoneClusterImpl (MiniOzoneClusterImpl.java:stop(460)) - Stopping the Mini Ozone Cluster
2023-07-21 21:01:05,307 [main] INFO  ozone.MiniOzoneClusterImpl (MiniOzoneClusterImpl.java:stopOM(551)) - Stopping the OzoneManager
2023-07-21 21:01:05,307 [main] INFO  om.OzoneManager (OzoneManager.java:stop(2198)) - om1[localhost:15004]: Stopping Ozone Manager
2023-07-21 21:01:05,307 [main] INFO  ipc.Server (Server.java:stop(3523)) - Stopping server on 15004
2023-07-21 21:01:05,310 [7f3a4710-33bf-48d3-982c-8a30dd90a1ed@group-AAE0E9440E73-LeaderElection7] INFO  impl.LeaderElection (LeaderElection.java:askForVotes(321)) - 7f3a4710-33bf-48d3-982c-8a30dd90a1ed@group-AAE0E9440E73-LeaderElection7 PRE_VOTE round 0: submit vote requests at term 0 for -1: peers:[7f3a4710-33bf-48d3-982c-8a30dd90a1ed|rpc:10.1.0.132:15032|admin:10.1.0.132:15031|client:10.1.0.132:15030|dataStream:10.1.0.132:15033|priority:1|startupRole:FOLLOWER]|listeners:[], old=null
2023-07-21 21:01:05,310 [7f3a4710-33bf-48d3-982c-8a30dd90a1ed@group-AAE0E9440E73-LeaderElection7] INFO  impl.LeaderElection (LeaderElection.java:askForVotes(323)) - 7f3a4710-33bf-48d3-982c-8a30dd90a1ed@group-AAE0E9440E73-LeaderElection7 PRE_VOTE round 0: result PASSED (term=0)
2023-07-21 21:01:05,310 [81969248-ee02-4e21-8d11-8b7a6db0983e-server-thread2] INFO  server.RaftServer$Division (ServerState.java:setRaftConf(434)) - 81969248-ee02-4e21-8d11-8b7a6db0983e@group-BDA6E8294138: set configuration 0: peers:[34a92578-a80c-453f-883a-7c67a7b5d4e2|rpc:10.1.0.132:15014|admin:10.1.0.132:15013|client:10.1.0.132:15012|dataStream:10.1.0.132:15015|priority:1|startupRole:FOLLOWER, 7f3a4710-33bf-48d3-982c-8a30dd90a1ed|rpc:10.1.0.132:15032|admin:10.1.0.132:15031|client:10.1.0.132:15030|dataStream:10.1.0.132:15033|priority:0|startupRole:FOLLOWER, 81969248-ee02-4e21-8d11-8b7a6db0983e|rpc:10.1.0.132:15023|admin:10.1.0.132:15022|client:10.1.0.132:15021|dataStream:10.1.0.132:15024|priority:0|startupRole:FOLLOWER]|listeners:[], old=null
2023-07-21 21:01:05,310 [81969248-ee02-4e21-8d11-8b7a6db0983e-server-thread2] INFO  segmented.SegmentedRaftLogWorker (SegmentedRaftLogWorker.java:startLogSegment(447)) - 81969248-ee02-4e21-8d11-8b7a6db0983e@group-BDA6E8294138-SegmentedRaftLogWorker: Starting segment from index:0
2023-07-21 21:01:05,317 [IPC Server Responder] INFO  ipc.Server (Server.java:run(1567)) - Stopping IPC Server Responder
2023-07-21 21:01:05,319 [IPC Server listener on 15004] INFO  ipc.Server (Server.java:run(1434)) - Stopping IPC Server listener on 15004
2023-07-21 21:01:05,321 [81969248-ee02-4e21-8d11-8b7a6db0983e@group-BDA6E8294138-SegmentedRaftLogWorker] INFO  segmented.SegmentedRaftLogWorker (SegmentedRaftLogWorker.java:execute(651)) - 81969248-ee02-4e21-8d11-8b7a6db0983e@group-BDA6E8294138-SegmentedRaftLogWorker: created new log segment /home/runner/work/ozone/ozone/hadoop-ozone/integration-test/target/test-dir/MiniOzoneClusterImpl-b68b6c12-fe62-42d1-a50b-75b7569d3ce9/datanode-1/data/ratis/70df405a-b2b2-4ac2-84c7-bda6e8294138/current/log_inprogress_0
2023-07-21 21:01:05,322 [7f3a4710-33bf-48d3-982c-8a30dd90a1ed@group-AAE0E9440E73-LeaderElection7] INFO  impl.LeaderElection (LeaderElection.java:askForVotes(321)) - 7f3a4710-33bf-48d3-982c-8a30dd90a1ed@group-AAE0E9440E73-LeaderElection7 ELECTION round 0: submit vote requests at term 1 for -1: peers:[7f3a4710-33bf-48d3-982c-8a30dd90a1ed|rpc:10.1.0.132:15032|admin:10.1.0.132:15031|client:10.1.0.132:15030|dataStream:10.1.0.132:15033|priority:1|startupRole:FOLLOWER]|listeners:[], old=null
2023-07-21 21:01:05,322 [7f3a4710-33bf-48d3-982c-8a30dd90a1ed@group-AAE0E9440E73-LeaderElection7] INFO  impl.LeaderElection (LeaderElection.java:askForVotes(323)) - 7f3a4710-33bf-48d3-982c-8a30dd90a1ed@group-AAE0E9440E73-LeaderElection7 ELECTION round 0: result PASSED (term=1)
2023-07-21 21:01:05,322 [7f3a4710-33bf-48d3-982c-8a30dd90a1ed@group-AAE0E9440E73-LeaderElection7] INFO  impl.RoleInfo (RoleInfo.java:shutdownLeaderElection(130)) - 7f3a4710-33bf-48d3-982c-8a30dd90a1ed: shutdown 7f3a4710-33bf-48d3-982c-8a30dd90a1ed@group-AAE0E9440E73-LeaderElection7
2023-07-21 21:01:05,323 [7f3a4710-33bf-48d3-982c-8a30dd90a1ed@group-AAE0E9440E73-LeaderElection7] INFO  server.RaftServer$Division (RaftServerImpl.java:setRole(329)) - 7f3a4710-33bf-48d3-982c-8a30dd90a1ed@group-AAE0E9440E73: changes role from CANDIDATE to LEADER at term 1 for changeToLeader
2023-07-21 21:01:05,325 [7f3a4710-33bf-48d3-982c-8a30dd90a1ed@group-AAE0E9440E73-LeaderElection7] INFO  ratis.XceiverServerRatis (XceiverServerRatis.java:handleLeaderChangedNotification(902)) - Leader change notification received for group: group-AAE0E9440E73 with new leaderId: 7f3a4710-33bf-48d3-982c-8a30dd90a1ed
2023-07-21 21:01:05,327 [7f3a4710-33bf-48d3-982c-8a30dd90a1ed@group-AAE0E9440E73-LeaderElection7] INFO  server.RaftServer$Division (ServerState.java:setLeader(317)) - 7f3a4710-33bf-48d3-982c-8a30dd90a1ed@group-AAE0E9440E73: change Leader from null to 7f3a4710-33bf-48d3-982c-8a30dd90a1ed at term 1 for becomeLeader, leader elected after 5107ms
2023-07-21 21:01:05,327 [7f3a4710-33bf-48d3-982c-8a30dd90a1ed@group-AAE0E9440E73-LeaderElection7] INFO  server.RaftServerConfigKeys (ConfUtils.java:logGet(46)) - raft.server.staging.catchup.gap = 1000 (default)
2023-07-21 21:01:05,335 [7f3a4710-33bf-48d3-982c-8a30dd90a1ed@group-AAE0E9440E73-LeaderElection7] INFO  server.RaftServerConfigKeys (ConfUtils.java:logGet(46)) - raft.server.write.element-limit = 1024 (custom)
2023-07-21 21:01:05,335 [7f3a4710-33bf-48d3-982c-8a30dd90a1ed@group-AAE0E9440E73-LeaderElection7] INFO  server.RaftServerConfigKeys (ConfUtils.java:logGet(46)) - raft.server.write.byte-limit = 1024 M (=1073741824) (custom)
2023-07-21 21:01:05,336 [7f3a4710-33bf-48d3-982c-8a30dd90a1ed@group-AAE0E9440E73-LeaderElection7] INFO  server.RaftServerConfigKeys (ConfUtils.java:logGet(46)) - raft.server.watch.timeout = 180s (custom)
2023-07-21 21:01:05,336 [7f3a4710-33bf-48d3-982c-8a30dd90a1ed@group-AAE0E9440E73-LeaderElection7] INFO  server.RaftServerConfigKeys (ConfUtils.java:logGet(46)) - raft.server.watch.timeout.denomination = 1s (default)
2023-07-21 21:01:05,336 [7f3a4710-33bf-48d3-982c-8a30dd90a1ed@group-AAE0E9440E73-LeaderElection7] INFO  server.RaftServerConfigKeys (ConfUtils.java:logGet(46)) - raft.server.watch.element-limit = 65536 (default)
2023-07-21 21:01:05,336 [7f3a4710-33bf-48d3-982c-8a30dd90a1ed@group-AAE0E9440E73-LeaderElection7] INFO  server.RaftServerConfigKeys (ConfUtils.java:logGet(46)) - raft.server.write.element-limit = 1024 (custom)
2023-07-21 21:01:05,338 [7f3a4710-33bf-48d3-982c-8a30dd90a1ed@group-AAE0E9440E73-LeaderElection7] INFO  server.RaftServerConfigKeys (ConfUtils.java:logGet(46)) - raft.server.write.follower.gap.ratio.max = -1.0 (default)
2023-07-21 21:01:05,338 [7f3a4710-33bf-48d3-982c-8a30dd90a1ed@group-AAE0E9440E73-LeaderElection7] INFO  impl.RoleInfo (RoleInfo.java:updateAndGet(139)) - 7f3a4710-33bf-48d3-982c-8a30dd90a1ed: start 7f3a4710-33bf-48d3-982c-8a30dd90a1ed@group-AAE0E9440E73-LeaderStateImpl
2023-07-21 21:01:05,338 [7f3a4710-33bf-48d3-982c-8a30dd90a1ed@group-AAE0E9440E73-LeaderElection7] INFO  segmented.SegmentedRaftLogWorker (SegmentedRaftLogWorker.java:startLogSegment(447)) - 7f3a4710-33bf-48d3-982c-8a30dd90a1ed@group-AAE0E9440E73-SegmentedRaftLogWorker: Starting segment from index:0
2023-07-21 21:01:05,339 [main] INFO  server.RaftServer (RaftServerProxy.java:lambda$close$6(416)) - om1: close
2023-07-21 21:01:05,345 [7f3a4710-33bf-48d3-982c-8a30dd90a1ed@group-AAE0E9440E73-LeaderElection7] INFO  server.RaftServer$Division (ServerState.java:setRaftConf(434)) - 7f3a4710-33bf-48d3-982c-8a30dd90a1ed@group-AAE0E9440E73: set configuration 0: peers:[7f3a4710-33bf-48d3-982c-8a30dd90a1ed|rpc:10.1.0.132:15032|admin:10.1.0.132:15031|client:10.1.0.132:15030|dataStream:10.1.0.132:15033|priority:1|startupRole:FOLLOWER]|listeners:[], old=null
2023-07-21 21:01:05,345 [om1-impl-thread1] INFO  server.RaftServer$Division (RaftServerImpl.java:lambda$close$4(466)) - om1@group-C5BA1605619E: shutdown
2023-07-21 21:01:05,345 [om1-impl-thread1] INFO  util.JmxRegister (JmxRegister.java:unregister(73)) - Successfully un-registered JMX Bean with object name Ratis:service=RaftServer,group=group-C5BA1605619E,id=om1
2023-07-21 21:01:05,346 [om1-impl-thread1] INFO  impl.RoleInfo (RoleInfo.java:shutdownLeaderState(93)) - om1: shutdown om1@group-C5BA1605619E-LeaderStateImpl
2023-07-21 21:01:05,346 [om1-impl-thread1] INFO  impl.PendingRequests (PendingRequests.java:sendNotLeaderResponses(289)) - om1@group-C5BA1605619E-PendingRequests: sendNotLeaderResponses
2023-07-21 21:01:05,347 [main] INFO  server.GrpcService (GrpcService.java:closeImpl(311)) - om1: shutdown server GrpcServerProtocolService now
2023-07-21 21:01:05,348 [7f3a4710-33bf-48d3-982c-8a30dd90a1ed@group-AAE0E9440E73-SegmentedRaftLogWorker] INFO  segmented.SegmentedRaftLogWorker (SegmentedRaftLogWorker.java:execute(651)) - 7f3a4710-33bf-48d3-982c-8a30dd90a1ed@group-AAE0E9440E73-SegmentedRaftLogWorker: created new log segment /home/runner/work/ozone/ozone/hadoop-ozone/integration-test/target/test-dir/MiniOzoneClusterImpl-b68b6c12-fe62-42d1-a50b-75b7569d3ce9/datanode-2/data/ratis/cd7f64c6-29a7-4c99-8fc7-aae0e9440e73/current/log_inprogress_0
2023-07-21 21:01:05,350 [om1@group-C5BA1605619E-StateMachineUpdater] INFO  ratis.OzoneManagerStateMachine (OzoneManagerStateMachine.java:takeSnapshot(479)) - Current Snapshot Index (t:1, i:0)
2023-07-21 21:01:05,354 [om1-impl-thread1] INFO  impl.StateMachineUpdater (StateMachineUpdater.java:stopAndJoin(155)) - om1@group-C5BA1605619E-StateMachineUpdater: set stopIndex = 0
2023-07-21 21:01:05,358 [main] INFO  server.GrpcService (GrpcService.java:closeImpl(320)) - om1: shutdown server GrpcServerProtocolService successfully
2023-07-21 21:01:05,370 [om1@group-C5BA1605619E-StateMachineUpdater] INFO  impl.StateMachineUpdater (StateMachineUpdater.java:takeSnapshot(291)) - om1@group-C5BA1605619E-StateMachineUpdater: Took a snapshot at index 0
2023-07-21 21:01:05,371 [om1@group-C5BA1605619E-StateMachineUpdater] INFO  impl.StateMachineUpdater (StateMachineUpdater.java:lambda$new$0(97)) - om1@group-C5BA1605619E-StateMachineUpdater: snapshotIndex: updateIncreasingly -1 -> 0
2023-07-21 21:01:05,371 [om1@group-C5BA1605619E-StateMachineUpdater] INFO  ratis.OzoneManagerStateMachine (OzoneManagerStateMachine.java:close(533)) - StateMachine has shutdown. Shutdown OzoneManager if not already shutdown.
2023-07-21 21:01:05,372 [om1@group-C5BA1605619E-StateMachineUpdater] INFO  ratis.OzoneManagerDoubleBuffer (OzoneManagerDoubleBuffer.java:stopDaemon(551)) - Stopping OMDoubleBuffer flush thread
2023-07-21 21:01:05,372 [OMDoubleBufferFlushThread] INFO  ratis.OzoneManagerDoubleBuffer (OzoneManagerDoubleBuffer.java:canFlush(638)) - OMDoubleBuffer flush thread OMDoubleBufferFlushThread is interrupted and will exit.
2023-07-21 21:01:05,374 [om1-impl-thread1] INFO  server.RaftServer$Division (ServerState.java:close(472)) - om1@group-C5BA1605619E: closes. applyIndex: 0
2023-07-21 21:01:05,608 [om1-impl-thread1] INFO  segmented.SegmentedRaftLogWorker (SegmentedRaftLogWorker.java:close(252)) - om1@group-C5BA1605619E-SegmentedRaftLogWorker close()
2023-07-21 21:01:05,608 [JvmPauseMonitor1] INFO  util.JvmPauseMonitor (JvmPauseMonitor.java:run(109)) - JvmPauseMonitor-om1: Stopped
2023-07-21 21:01:05,609 [main] INFO  ratis.OzoneManagerStateMachine (OzoneManagerStateMachine.java:close(533)) - StateMachine has shutdown. Shutdown OzoneManager if not already shutdown.
2023-07-21 21:01:05,609 [main] INFO  ratis.OzoneManagerDoubleBuffer (OzoneManagerDoubleBuffer.java:stopDaemon(560)) - OMDoubleBuffer flush thread is not running.
2023-07-21 21:01:05,610 [main] INFO  utils.BackgroundService (BackgroundService.java:shutdown(141)) - Shutting down service KeyDeletingService
2023-07-21 21:01:05,610 [main] INFO  utils.BackgroundService (BackgroundService.java:shutdown(141)) - Shutting down service KeyDeletingService
2023-07-21 21:01:05,611 [main] INFO  utils.BackgroundService (BackgroundService.java:shutdown(141)) - Shutting down service OpenKeyCleanupService
2023-07-21 21:01:05,611 [main] INFO  utils.BackgroundService (BackgroundService.java:shutdown(141)) - Shutting down service SstFilteringService
2023-07-21 21:01:05,612 [main] INFO  utils.BackgroundService (BackgroundService.java:shutdown(141)) - Shutting down service SnapshotDeletingService
2023-07-21 21:01:05,614 [main] INFO  handler.ContextHandler (ContextHandler.java:doStop(1159)) - Stopped o.e.j.w.WebAppContext@6a92832{ozoneManager,/,null,STOPPED}{file:/home/runner/work/ozone/ozone/hadoop-ozone/integration-test/target/test-classes/webapps/ozoneManager}
2023-07-21 21:01:05,618 [main] INFO  server.AbstractConnector (AbstractConnector.java:doStop(383)) - Stopped ServerConnector@7c90e595{HTTP/1.1, (http/1.1)}{0.0.0.0:15005}
2023-07-21 21:01:05,618 [main] INFO  server.session (HouseKeeper.java:stopScavenging(149)) - node0 Stopped scavenging
2023-07-21 21:01:05,618 [main] INFO  handler.ContextHandler (ContextHandler.java:doStop(1159)) - Stopped o.e.j.s.ServletContextHandler@59d768de{static,/static,file:///home/runner/work/ozone/ozone/hadoop-ozone/integration-test/target/test-classes/webapps/static,STOPPED}
2023-07-21 21:01:05,619 [main] INFO  handler.ContextHandler (ContextHandler.java:doStop(1159)) - Stopped o.e.j.s.ServletContextHandler@720574a4{logs,/logs,file:///home/runner/work/ozone/ozone/hadoop-ozone/integration-test/target/log,STOPPED}
2023-07-21 21:01:05,626 [main] INFO  snapshot.SnapshotDiffManager (SnapshotDiffManager.java:closeExecutorService(1720)) - Shutting down executorService: 'SnapDiffExecutor'
2023-07-21 21:01:05,626 [main] INFO  snapshot.SnapshotDiffManager (SnapshotDiffManager.java:closeExecutorService(1720)) - Shutting down executorService: 'SstDumpToolExecutor'
2023-07-21 21:01:05,626 [main] INFO  utils.BackgroundService (BackgroundService.java:shutdown(141)) - Shutting down service SnapshotDiffCleanupService
2023-07-21 21:01:05,628 [main] INFO  ozone.MiniOzoneClusterImpl (MiniOzoneClusterImpl.java:stopDatanodes(528)) - Stopping the HddsDatanodes
2023-07-21 21:01:05,634 [main] INFO  ozoneimpl.OzoneContainer (OzoneContainer.java:stop(441)) - Attempting to stop container services.
2023-07-21 21:01:05,635 [main] INFO  server.RaftServer (RaftServerProxy.java:lambda$close$6(416)) - 81969248-ee02-4e21-8d11-8b7a6db0983e: close
2023-07-21 21:01:05,636 [81969248-ee02-4e21-8d11-8b7a6db0983e-impl-thread2] INFO  server.RaftServer$Division (RaftServerImpl.java:lambda$close$4(466)) - 81969248-ee02-4e21-8d11-8b7a6db0983e@group-BDA6E8294138: shutdown
2023-07-21 21:01:05,636 [81969248-ee02-4e21-8d11-8b7a6db0983e-impl-thread2] INFO  util.JmxRegister (JmxRegister.java:unregister(73)) - Successfully un-registered JMX Bean with object name Ratis:service=RaftServer,group=group-BDA6E8294138,id=81969248-ee02-4e21-8d11-8b7a6db0983e
2023-07-21 21:01:05,636 [81969248-ee02-4e21-8d11-8b7a6db0983e-impl-thread2] INFO  impl.RoleInfo (RoleInfo.java:shutdownFollowerState(110)) - 81969248-ee02-4e21-8d11-8b7a6db0983e: shutdown 81969248-ee02-4e21-8d11-8b7a6db0983e@group-BDA6E8294138-FollowerState
2023-07-21 21:01:05,636 [main] INFO  server.GrpcService (GrpcService.java:closeImpl(311)) - 81969248-ee02-4e21-8d11-8b7a6db0983e: shutdown server org.apache.ratis.grpc.server.GrpcClientProtocolService now
2023-07-21 21:01:05,638 [ForkJoinPool.commonPool-worker-0] INFO  ozoneimpl.OzoneContainer (OzoneContainer.java:stop(441)) - Attempting to stop container services.
2023-07-21 21:01:05,639 [81969248-ee02-4e21-8d11-8b7a6db0983e-impl-thread1] INFO  server.RaftServer$Division (RaftServerImpl.java:lambda$close$4(466)) - 81969248-ee02-4e21-8d11-8b7a6db0983e@group-2E99A972C8C6: shutdown
2023-07-21 21:01:05,639 [81969248-ee02-4e21-8d11-8b7a6db0983e-impl-thread1] INFO  util.JmxRegister (JmxRegister.java:unregister(73)) - Successfully un-registered JMX Bean with object name Ratis:service=RaftServer,group=group-2E99A972C8C6,id=81969248-ee02-4e21-8d11-8b7a6db0983e
2023-07-21 21:01:05,639 [81969248-ee02-4e21-8d11-8b7a6db0983e-impl-thread1] INFO  impl.RoleInfo (RoleInfo.java:shutdownLeaderState(93)) - 81969248-ee02-4e21-8d11-8b7a6db0983e: shutdown 81969248-ee02-4e21-8d11-8b7a6db0983e@group-2E99A972C8C6-LeaderStateImpl
2023-07-21 21:01:05,639 [81969248-ee02-4e21-8d11-8b7a6db0983e-impl-thread1] INFO  impl.PendingRequests (PendingRequests.java:sendNotLeaderResponses(289)) - 81969248-ee02-4e21-8d11-8b7a6db0983e@group-2E99A972C8C6-PendingRequests: sendNotLeaderResponses
2023-07-21 21:01:05,640 [81969248-ee02-4e21-8d11-8b7a6db0983e@group-BDA6E8294138-StateMachineUpdater] INFO  ratis.ContainerStateMachine (ContainerStateMachine.java:takeSnapshot(330)) - group-BDA6E8294138: Taking a snapshot at:(t:1, i:0) file /home/runner/work/ozone/ozone/hadoop-ozone/integration-test/target/test-dir/MiniOzoneClusterImpl-b68b6c12-fe62-42d1-a50b-75b7569d3ce9/datanode-1/data/ratis/70df405a-b2b2-4ac2-84c7-bda6e8294138/sm/snapshot.1_0
2023-07-21 21:01:05,640 [81969248-ee02-4e21-8d11-8b7a6db0983e-impl-thread1] INFO  impl.StateMachineUpdater (StateMachineUpdater.java:stopAndJoin(155)) - 81969248-ee02-4e21-8d11-8b7a6db0983e@group-2E99A972C8C6-StateMachineUpdater: set stopIndex = 0
2023-07-21 21:01:05,640 [81969248-ee02-4e21-8d11-8b7a6db0983e@group-BDA6E8294138-FollowerState] INFO  impl.FollowerState (FollowerState.java:run(152)) - 81969248-ee02-4e21-8d11-8b7a6db0983e@group-BDA6E8294138-FollowerState was interrupted
2023-07-21 21:01:05,642 [81969248-ee02-4e21-8d11-8b7a6db0983e@group-2E99A972C8C6-StateMachineUpdater] INFO  ratis.ContainerStateMachine (ContainerStateMachine.java:takeSnapshot(330)) - group-2E99A972C8C6: Taking a snapshot at:(t:1, i:0) file /home/runner/work/ozone/ozone/hadoop-ozone/integration-test/target/test-dir/MiniOzoneClusterImpl-b68b6c12-fe62-42d1-a50b-75b7569d3ce9/datanode-1/data/ratis/dc363d63-fd31-4770-81ad-2e99a972c8c6/sm/snapshot.1_0
2023-07-21 21:01:05,643 [81969248-ee02-4e21-8d11-8b7a6db0983e-impl-thread3] INFO  server.RaftServer$Division (RaftServerImpl.java:lambda$close$4(466)) - 81969248-ee02-4e21-8d11-8b7a6db0983e@group-ED15A032931C: shutdown
2023-07-21 21:01:05,643 [81969248-ee02-4e21-8d11-8b7a6db0983e-impl-thread3] INFO  util.JmxRegister (JmxRegister.java:unregister(73)) - Successfully un-registered JMX Bean with object name Ratis:service=RaftServer,group=group-ED15A032931C,id=81969248-ee02-4e21-8d11-8b7a6db0983e
2023-07-21 21:01:05,643 [81969248-ee02-4e21-8d11-8b7a6db0983e-impl-thread3] INFO  impl.RoleInfo (RoleInfo.java:shutdownFollowerState(110)) - 81969248-ee02-4e21-8d11-8b7a6db0983e: shutdown 81969248-ee02-4e21-8d11-8b7a6db0983e@group-ED15A032931C-FollowerState
2023-07-21 21:01:05,643 [81969248-ee02-4e21-8d11-8b7a6db0983e-impl-thread2] INFO  impl.StateMachineUpdater (StateMachineUpdater.java:stopAndJoin(155)) - 81969248-ee02-4e21-8d11-8b7a6db0983e@group-BDA6E8294138-StateMachineUpdater: set stopIndex = 0
2023-07-21 21:01:05,653 [81969248-ee02-4e21-8d11-8b7a6db0983e@group-ED15A032931C-FollowerState] INFO  impl.FollowerState (FollowerState.java:run(152)) - 81969248-ee02-4e21-8d11-8b7a6db0983e@group-ED15A032931C-FollowerState was interrupted
2023-07-21 21:01:05,653 [ForkJoinPool.commonPool-worker-0] INFO  server.RaftServer (RaftServerProxy.java:lambda$close$6(416)) - 34a92578-a80c-453f-883a-7c67a7b5d4e2: close
2023-07-21 21:01:05,656 [81969248-ee02-4e21-8d11-8b7a6db0983e-impl-thread3] INFO  impl.StateMachineUpdater (StateMachineUpdater.java:stopAndJoin(155)) - 81969248-ee02-4e21-8d11-8b7a6db0983e@group-ED15A032931C-StateMachineUpdater: set stopIndex = -1
2023-07-21 21:01:05,656 [81969248-ee02-4e21-8d11-8b7a6db0983e-impl-thread3] INFO  server.RaftServer$Division (ServerState.java:close(472)) - 81969248-ee02-4e21-8d11-8b7a6db0983e@group-ED15A032931C: closes. applyIndex: -1
2023-07-21 21:01:05,656 [34a92578-a80c-453f-883a-7c67a7b5d4e2-impl-thread1] INFO  server.RaftServer$Division (RaftServerImpl.java:lambda$close$4(466)) - 34a92578-a80c-453f-883a-7c67a7b5d4e2@group-BDA6E8294138: shutdown
2023-07-21 21:01:05,656 [34a92578-a80c-453f-883a-7c67a7b5d4e2-impl-thread1] INFO  util.JmxRegister (JmxRegister.java:unregister(73)) - Successfully un-registered JMX Bean with object name Ratis:service=RaftServer,group=group-BDA6E8294138,id=34a92578-a80c-453f-883a-7c67a7b5d4e2
2023-07-21 21:01:05,656 [34a92578-a80c-453f-883a-7c67a7b5d4e2-impl-thread1] INFO  impl.RoleInfo (RoleInfo.java:shutdownLeaderState(93)) - 34a92578-a80c-453f-883a-7c67a7b5d4e2: shutdown 34a92578-a80c-453f-883a-7c67a7b5d4e2@group-BDA6E8294138-LeaderStateImpl
2023-07-21 21:01:05,657 [34a92578-a80c-453f-883a-7c67a7b5d4e2-impl-thread1] INFO  impl.PendingRequests (PendingRequests.java:sendNotLeaderResponses(289)) - 34a92578-a80c-453f-883a-7c67a7b5d4e2@group-BDA6E8294138-PendingRequests: sendNotLeaderResponses
2023-07-21 21:01:05,657 [34a92578-a80c-453f-883a-7c67a7b5d4e2-impl-thread1] INFO  impl.StateMachineUpdater (StateMachineUpdater.java:stopAndJoin(155)) - 34a92578-a80c-453f-883a-7c67a7b5d4e2@group-BDA6E8294138-StateMachineUpdater: set stopIndex = 0
2023-07-21 21:01:05,657 [34a92578-a80c-453f-883a-7c67a7b5d4e2@group-BDA6E8294138->7f3a4710-33bf-48d3-982c-8a30dd90a1ed-GrpcLogAppender-LogAppenderDaemon] WARN  server.GrpcLogAppender (GrpcLogAppender.java:mayWait(199)) - 34a92578-a80c-453f-883a-7c67a7b5d4e2@group-BDA6E8294138->7f3a4710-33bf-48d3-982c-8a30dd90a1ed-GrpcLogAppender: Wait interrupted by java.lang.InterruptedException
2023-07-21 21:01:05,657 [34a92578-a80c-453f-883a-7c67a7b5d4e2@group-BDA6E8294138-StateMachineUpdater] INFO  ratis.ContainerStateMachine (ContainerStateMachine.java:takeSnapshot(330)) - group-BDA6E8294138: Taking a snapshot at:(t:1, i:0) file /home/runner/work/ozone/ozone/hadoop-ozone/integration-test/target/test-dir/MiniOzoneClusterImpl-b68b6c12-fe62-42d1-a50b-75b7569d3ce9/datanode-0/data/ratis/70df405a-b2b2-4ac2-84c7-bda6e8294138/sm/snapshot.1_0
2023-07-21 21:01:05,662 [grpc-default-executor-2] INFO  server.GrpcServerProtocolService (GrpcServerProtocolService.java:onCompleted(155)) - 7f3a4710-33bf-48d3-982c-8a30dd90a1ed: Completed APPEND_ENTRIES, lastRequest: 34a92578-a80c-453f-883a-7c67a7b5d4e2->7f3a4710-33bf-48d3-982c-8a30dd90a1ed#1-t1,previous=(t:0, i:0),leaderCommit=-1,initializing? true,entries: size=1, first=(t:1, i:0), CONFIGURATIONENTRY(current:id: "34a92578-a80c-453f-883a-7c67a7b5d4e2"
address: "10.1.0.132:15014"
priority: 1
dataStreamAddress: "10.1.0.132:15015"
clientAddress: "10.1.0.132:15012"
adminAddress: "10.1.0.132:15013"
startupRole: FOLLOWER
,id: "7f3a4710-33bf-48d3-982c-8a30dd90a1ed"
address: "10.1.0.132:15032"
dataStreamAddress: "10.1.0.132:15033"
clientAddress: "10.1.0.132:15030"
adminAddress: "10.1.0.132:15031"
startupRole: FOLLOWER
,id: "81969248-ee02-4e21-8d11-8b7a6db0983e"
address: "10.1.0.132:15023"
dataStreamAddress: "10.1.0.132:15024"
clientAddress: "10.1.0.132:15021"
adminAddress: "10.1.0.132:15022"
startupRole: FOLLOWER
, old:)
2023-07-21 21:01:05,662 [grpc-default-executor-2] INFO  server.GrpcServerProtocolService (GrpcServerProtocolService.java:lambda$onCompleted$5(157)) - 7f3a4710-33bf-48d3-982c-8a30dd90a1ed: Completed APPEND_ENTRIES, lastReply: null
2023-07-21 21:01:05,671 [34a92578-a80c-453f-883a-7c67a7b5d4e2-impl-thread2] INFO  server.RaftServer$Division (RaftServerImpl.java:lambda$close$4(466)) - 34a92578-a80c-453f-883a-7c67a7b5d4e2@group-943BABB2928E: shutdown
2023-07-21 21:01:05,671 [34a92578-a80c-453f-883a-7c67a7b5d4e2-impl-thread2] INFO  util.JmxRegister (JmxRegister.java:unregister(73)) - Successfully un-registered JMX Bean with object name Ratis:service=RaftServer,group=group-943BABB2928E,id=34a92578-a80c-453f-883a-7c67a7b5d4e2
2023-07-21 21:01:05,671 [34a92578-a80c-453f-883a-7c67a7b5d4e2-impl-thread2] INFO  impl.RoleInfo (RoleInfo.java:shutdownLeaderState(93)) - 34a92578-a80c-453f-883a-7c67a7b5d4e2: shutdown 34a92578-a80c-453f-883a-7c67a7b5d4e2@group-943BABB2928E-LeaderStateImpl
2023-07-21 21:01:05,671 [34a92578-a80c-453f-883a-7c67a7b5d4e2-impl-thread2] INFO  impl.PendingRequests (PendingRequests.java:sendNotLeaderResponses(289)) - 34a92578-a80c-453f-883a-7c67a7b5d4e2@group-943BABB2928E-PendingRequests: sendNotLeaderResponses
2023-07-21 21:01:05,671 [34a92578-a80c-453f-883a-7c67a7b5d4e2@group-943BABB2928E-StateMachineUpdater] INFO  ratis.ContainerStateMachine (ContainerStateMachine.java:takeSnapshot(330)) - group-943BABB2928E: Taking a snapshot at:(t:1, i:0) file /home/runner/work/ozone/ozone/hadoop-ozone/integration-test/target/test-dir/MiniOzoneClusterImpl-b68b6c12-fe62-42d1-a50b-75b7569d3ce9/datanode-0/data/ratis/99d5af05-588f-4b8c-9002-943babb2928e/sm/snapshot.1_0
2023-07-21 21:01:05,672 [34a92578-a80c-453f-883a-7c67a7b5d4e2-impl-thread2] INFO  impl.StateMachineUpdater (StateMachineUpdater.java:stopAndJoin(155)) - 34a92578-a80c-453f-883a-7c67a7b5d4e2@group-943BABB2928E-StateMachineUpdater: set stopIndex = 0
2023-07-21 21:01:05,675 [ForkJoinPool.commonPool-worker-0] INFO  server.GrpcService (GrpcService.java:closeImpl(311)) - 34a92578-a80c-453f-883a-7c67a7b5d4e2: shutdown server org.apache.ratis.grpc.server.GrpcClientProtocolService now
2023-07-21 21:01:05,658 [34a92578-a80c-453f-883a-7c67a7b5d4e2@group-BDA6E8294138->81969248-ee02-4e21-8d11-8b7a6db0983e-GrpcLogAppender-LogAppenderDaemon] WARN  server.GrpcLogAppender (GrpcLogAppender.java:mayWait(199)) - 34a92578-a80c-453f-883a-7c67a7b5d4e2@group-BDA6E8294138->81969248-ee02-4e21-8d11-8b7a6db0983e-GrpcLogAppender: Wait interrupted by java.lang.InterruptedException
2023-07-21 21:01:05,664 [grpc-default-executor-1] INFO  server.GrpcLogAppender (GrpcLogAppender.java:onCompleted(428)) - 34a92578-a80c-453f-883a-7c67a7b5d4e2@group-BDA6E8294138->7f3a4710-33bf-48d3-982c-8a30dd90a1ed-AppendLogResponseHandler: follower responses appendEntries COMPLETED
2023-07-21 21:01:05,663 [grpc-default-executor-3] INFO  server.GrpcServerProtocolService (GrpcServerProtocolService.java:onCompleted(155)) - 7f3a4710-33bf-48d3-982c-8a30dd90a1ed: Completed APPEND_ENTRIES, lastRequest: null
2023-07-21 21:01:05,683 [grpc-default-executor-3] INFO  server.GrpcServerProtocolService (GrpcServerProtocolService.java:lambda$onCompleted$5(157)) - 7f3a4710-33bf-48d3-982c-8a30dd90a1ed: Completed APPEND_ENTRIES, lastReply: serverReply {
  requestorId: "34a92578-a80c-453f-883a-7c67a7b5d4e2"
  replyId: "7f3a4710-33bf-48d3-982c-8a30dd90a1ed"
  raftGroupId {
    id: "p\337@Z\262\262J\302\204\307\275\246\350)A8"
  }
  success: true
}
term: 1
nextIndex: 1
followerCommit: 18446744073709551615
matchIndex: 18446744073709551615
isHearbeat: true

2023-07-21 21:01:05,684 [grpc-default-executor-2] INFO  server.GrpcServerProtocolService (GrpcServerProtocolService.java:onCompleted(155)) - 81969248-ee02-4e21-8d11-8b7a6db0983e: Completed APPEND_ENTRIES, lastRequest: 34a92578-a80c-453f-883a-7c67a7b5d4e2->81969248-ee02-4e21-8d11-8b7a6db0983e#1-t1,previous=(t:0, i:0),leaderCommit=0,initializing? true,entries: size=1, first=(t:1, i:0), CONFIGURATIONENTRY(current:id: "34a92578-a80c-453f-883a-7c67a7b5d4e2"
address: "10.1.0.132:15014"
priority: 1
dataStreamAddress: "10.1.0.132:15015"
clientAddress: "10.1.0.132:15012"
adminAddress: "10.1.0.132:15013"
startupRole: FOLLOWER
,id: "7f3a4710-33bf-48d3-982c-8a30dd90a1ed"
address: "10.1.0.132:15032"
dataStreamAddress: "10.1.0.132:15033"
clientAddress: "10.1.0.132:15030"
adminAddress: "10.1.0.132:15031"
startupRole: FOLLOWER
,id: "81969248-ee02-4e21-8d11-8b7a6db0983e"
address: "10.1.0.132:15023"
dataStreamAddress: "10.1.0.132:15024"
clientAddress: "10.1.0.132:15021"
adminAddress: "10.1.0.132:15022"
startupRole: FOLLOWER
, old:)
2023-07-21 21:01:05,684 [grpc-default-executor-2] INFO  server.GrpcServerProtocolService (GrpcServerProtocolService.java:lambda$onCompleted$5(157)) - 81969248-ee02-4e21-8d11-8b7a6db0983e: Completed APPEND_ENTRIES, lastReply: null
2023-07-21 21:01:05,689 [grpc-default-executor-2] INFO  server.GrpcServerProtocolService (GrpcServerProtocolService.java:onCompleted(155)) - 81969248-ee02-4e21-8d11-8b7a6db0983e: Completed APPEND_ENTRIES, lastRequest: null
2023-07-21 21:01:05,690 [grpc-default-executor-1] INFO  leader.FollowerInfo (FollowerInfoImpl.java:lambda$new$0(52)) - 34a92578-a80c-453f-883a-7c67a7b5d4e2@group-BDA6E8294138->7f3a4710-33bf-48d3-982c-8a30dd90a1ed: decreaseNextIndex nextIndex: updateUnconditionally 1 -> 0
2023-07-21 21:01:05,691 [grpc-default-executor-2] INFO  server.GrpcServerProtocolService (GrpcServerProtocolService.java:lambda$onCompleted$5(157)) - 81969248-ee02-4e21-8d11-8b7a6db0983e: Completed APPEND_ENTRIES, lastReply: serverReply {
  requestorId: "34a92578-a80c-453f-883a-7c67a7b5d4e2"
  replyId: "81969248-ee02-4e21-8d11-8b7a6db0983e"
  raftGroupId {
    id: "p\337@Z\262\262J\302\204\307\275\246\350)A8"
  }
  success: true
}
term: 1
followerCommit: 18446744073709551615
matchIndex: 18446744073709551615
isHearbeat: true

2023-07-21 21:01:05,691 [grpc-default-executor-2] INFO  server.GrpcLogAppender (GrpcLogAppender.java:onCompleted(428)) - 34a92578-a80c-453f-883a-7c67a7b5d4e2@group-BDA6E8294138->81969248-ee02-4e21-8d11-8b7a6db0983e-AppendLogResponseHandler: follower responses appendEntries COMPLETED
2023-07-21 21:01:05,692 [grpc-default-executor-3] INFO  server.GrpcLogAppender (GrpcLogAppender.java:onCompleted(428)) - 34a92578-a80c-453f-883a-7c67a7b5d4e2@group-BDA6E8294138->81969248-ee02-4e21-8d11-8b7a6db0983e-AppendLogResponseHandler: follower responses appendEntries COMPLETED
2023-07-21 21:01:05,692 [34a92578-a80c-453f-883a-7c67a7b5d4e2-impl-thread3] INFO  server.RaftServer$Division (RaftServerImpl.java:lambda$close$4(466)) - 34a92578-a80c-453f-883a-7c67a7b5d4e2@group-ED15A032931C: shutdown
2023-07-21 21:01:05,692 [34a92578-a80c-453f-883a-7c67a7b5d4e2-impl-thread3] INFO  util.JmxRegister (JmxRegister.java:unregister(73)) - Successfully un-registered JMX Bean with object name Ratis:service=RaftServer,group=group-ED15A032931C,id=34a92578-a80c-453f-883a-7c67a7b5d4e2
2023-07-21 21:01:05,692 [34a92578-a80c-453f-883a-7c67a7b5d4e2-impl-thread3] INFO  impl.RoleInfo (RoleInfo.java:shutdownFollowerState(110)) - 34a92578-a80c-453f-883a-7c67a7b5d4e2: shutdown 34a92578-a80c-453f-883a-7c67a7b5d4e2@group-ED15A032931C-FollowerState
2023-07-21 21:01:05,693 [34a92578-a80c-453f-883a-7c67a7b5d4e2@group-ED15A032931C-FollowerState] INFO  impl.FollowerState (FollowerState.java:run(152)) - 34a92578-a80c-453f-883a-7c67a7b5d4e2@group-ED15A032931C-FollowerState was interrupted
2023-07-21 21:01:05,693 [34a92578-a80c-453f-883a-7c67a7b5d4e2-impl-thread3] INFO  impl.StateMachineUpdater (StateMachineUpdater.java:stopAndJoin(155)) - 34a92578-a80c-453f-883a-7c67a7b5d4e2@group-ED15A032931C-StateMachineUpdater: set stopIndex = -1
2023-07-21 21:01:05,693 [34a92578-a80c-453f-883a-7c67a7b5d4e2-impl-thread3] INFO  server.RaftServer$Division (ServerState.java:close(472)) - 34a92578-a80c-453f-883a-7c67a7b5d4e2@group-ED15A032931C: closes. applyIndex: -1
2023-07-21 21:01:05,693 [grpc-default-executor-4] INFO  server.GrpcLogAppender (GrpcLogAppender.java:onCompleted(428)) - 34a92578-a80c-453f-883a-7c67a7b5d4e2@group-BDA6E8294138->7f3a4710-33bf-48d3-982c-8a30dd90a1ed-AppendLogResponseHandler: follower responses appendEntries COMPLETED
2023-07-21 21:01:05,692 [grpc-default-executor-2] INFO  leader.FollowerInfo (FollowerInfoImpl.java:lambda$new$0(52)) - 34a92578-a80c-453f-883a-7c67a7b5d4e2@group-BDA6E8294138->81969248-ee02-4e21-8d11-8b7a6db0983e: decreaseNextIndex nextIndex: updateUnconditionally 1 -> 0
2023-07-21 21:01:05,708 [Thread-365] INFO  server.GrpcServerProtocolClient (GrpcServerProtocolClient.java:close(103)) - 7f3a4710-33bf-48d3-982c-8a30dd90a1ed Close channels
2023-07-21 21:01:05,711 [Thread-366] INFO  server.GrpcServerProtocolClient (GrpcServerProtocolClient.java:close(103)) - 81969248-ee02-4e21-8d11-8b7a6db0983e Close channels
2023-07-21 21:01:05,720 [ForkJoinPool.commonPool-worker-1] INFO  ozoneimpl.OzoneContainer (OzoneContainer.java:stop(441)) - Attempting to stop container services.
2023-07-21 21:01:05,722 [ForkJoinPool.commonPool-worker-1] INFO  server.RaftServer (RaftServerProxy.java:lambda$close$6(416)) - 7f3a4710-33bf-48d3-982c-8a30dd90a1ed: close
2023-07-21 21:01:05,722 [7f3a4710-33bf-48d3-982c-8a30dd90a1ed-impl-thread1] INFO  server.RaftServer$Division (RaftServerImpl.java:lambda$close$4(466)) - 7f3a4710-33bf-48d3-982c-8a30dd90a1ed@group-BDA6E8294138: shutdown
2023-07-21 21:01:05,723 [7f3a4710-33bf-48d3-982c-8a30dd90a1ed-impl-thread1] INFO  util.JmxRegister (JmxRegister.java:unregister(73)) - Successfully un-registered JMX Bean with object name Ratis:service=RaftServer,group=group-BDA6E8294138,id=7f3a4710-33bf-48d3-982c-8a30dd90a1ed
2023-07-21 21:01:05,723 [7f3a4710-33bf-48d3-982c-8a30dd90a1ed-impl-thread1] INFO  impl.RoleInfo (RoleInfo.java:shutdownFollowerState(110)) - 7f3a4710-33bf-48d3-982c-8a30dd90a1ed: shutdown 7f3a4710-33bf-48d3-982c-8a30dd90a1ed@group-BDA6E8294138-FollowerState
2023-07-21 21:01:05,723 [7f3a4710-33bf-48d3-982c-8a30dd90a1ed-impl-thread2] INFO  server.RaftServer$Division (RaftServerImpl.java:lambda$close$4(466)) - 7f3a4710-33bf-48d3-982c-8a30dd90a1ed@group-AAE0E9440E73: shutdown
2023-07-21 21:01:05,723 [7f3a4710-33bf-48d3-982c-8a30dd90a1ed-impl-thread2] INFO  util.JmxRegister (JmxRegister.java:unregister(73)) - Successfully un-registered JMX Bean with object name Ratis:service=RaftServer,group=group-AAE0E9440E73,id=7f3a4710-33bf-48d3-982c-8a30dd90a1ed
2023-07-21 21:01:05,723 [7f3a4710-33bf-48d3-982c-8a30dd90a1ed-impl-thread2] INFO  impl.RoleInfo (RoleInfo.java:shutdownLeaderState(93)) - 7f3a4710-33bf-48d3-982c-8a30dd90a1ed: shutdown 7f3a4710-33bf-48d3-982c-8a30dd90a1ed@group-AAE0E9440E73-LeaderStateImpl
2023-07-21 21:01:05,723 [7f3a4710-33bf-48d3-982c-8a30dd90a1ed-impl-thread2] INFO  impl.PendingRequests (PendingRequests.java:sendNotLeaderResponses(289)) - 7f3a4710-33bf-48d3-982c-8a30dd90a1ed@group-AAE0E9440E73-PendingRequests: sendNotLeaderResponses
2023-07-21 21:01:05,724 [7f3a4710-33bf-48d3-982c-8a30dd90a1ed@group-AAE0E9440E73-StateMachineUpdater] INFO  ratis.ContainerStateMachine (ContainerStateMachine.java:takeSnapshot(330)) - group-AAE0E9440E73: Taking a snapshot at:(t:1, i:0) file /home/runner/work/ozone/ozone/hadoop-ozone/integration-test/target/test-dir/MiniOzoneClusterImpl-b68b6c12-fe62-42d1-a50b-75b7569d3ce9/datanode-2/data/ratis/cd7f64c6-29a7-4c99-8fc7-aae0e9440e73/sm/snapshot.1_0
2023-07-21 21:01:05,725 [7f3a4710-33bf-48d3-982c-8a30dd90a1ed-impl-thread2] INFO  impl.StateMachineUpdater (StateMachineUpdater.java:stopAndJoin(155)) - 7f3a4710-33bf-48d3-982c-8a30dd90a1ed@group-AAE0E9440E73-StateMachineUpdater: set stopIndex = 0
2023-07-21 21:01:05,725 [ForkJoinPool.commonPool-worker-1] INFO  server.GrpcService (GrpcService.java:closeImpl(311)) - 7f3a4710-33bf-48d3-982c-8a30dd90a1ed: shutdown server org.apache.ratis.grpc.server.GrpcClientProtocolService now
2023-07-21 21:01:05,725 [7f3a4710-33bf-48d3-982c-8a30dd90a1ed-impl-thread3] INFO  server.RaftServer$Division (RaftServerImpl.java:lambda$close$4(466)) - 7f3a4710-33bf-48d3-982c-8a30dd90a1ed@group-ED15A032931C: shutdown
2023-07-21 21:01:05,725 [7f3a4710-33bf-48d3-982c-8a30dd90a1ed-impl-thread3] INFO  util.JmxRegister (JmxRegister.java:unregister(73)) - Successfully un-registered JMX Bean with object name Ratis:service=RaftServer,group=group-ED15A032931C,id=7f3a4710-33bf-48d3-982c-8a30dd90a1ed
2023-07-21 21:01:05,725 [7f3a4710-33bf-48d3-982c-8a30dd90a1ed-impl-thread3] INFO  impl.RoleInfo (RoleInfo.java:shutdownLeaderState(93)) - 7f3a4710-33bf-48d3-982c-8a30dd90a1ed: shutdown 7f3a4710-33bf-48d3-982c-8a30dd90a1ed@group-ED15A032931C-LeaderStateImpl
2023-07-21 21:01:05,726 [7f3a4710-33bf-48d3-982c-8a30dd90a1ed@group-ED15A032931C->34a92578-a80c-453f-883a-7c67a7b5d4e2-GrpcLogAppender-LogAppenderDaemon] WARN  server.GrpcLogAppender (GrpcLogAppender.java:mayWait(199)) - 7f3a4710-33bf-48d3-982c-8a30dd90a1ed@group-ED15A032931C->34a92578-a80c-453f-883a-7c67a7b5d4e2-GrpcLogAppender: Wait interrupted by java.lang.InterruptedException
2023-07-21 21:01:05,726 [7f3a4710-33bf-48d3-982c-8a30dd90a1ed-impl-thread3] INFO  impl.PendingRequests (PendingRequests.java:sendNotLeaderResponses(289)) - 7f3a4710-33bf-48d3-982c-8a30dd90a1ed@group-ED15A032931C-PendingRequests: sendNotLeaderResponses
2023-07-21 21:01:05,726 [7f3a4710-33bf-48d3-982c-8a30dd90a1ed@group-ED15A032931C-StateMachineUpdater] INFO  ratis.ContainerStateMachine (ContainerStateMachine.java:takeSnapshot(330)) - group-ED15A032931C: Taking a snapshot at:(t:1, i:0) file /home/runner/work/ozone/ozone/hadoop-ozone/integration-test/target/test-dir/MiniOzoneClusterImpl-b68b6c12-fe62-42d1-a50b-75b7569d3ce9/datanode-2/data/ratis/062a8413-b2ff-4709-b8da-ed15a032931c/sm/snapshot.1_0
2023-07-21 21:01:05,727 [7f3a4710-33bf-48d3-982c-8a30dd90a1ed-impl-thread3] INFO  impl.StateMachineUpdater (StateMachineUpdater.java:stopAndJoin(155)) - 7f3a4710-33bf-48d3-982c-8a30dd90a1ed@group-ED15A032931C-StateMachineUpdater: set stopIndex = 0
2023-07-21 21:01:05,727 [7f3a4710-33bf-48d3-982c-8a30dd90a1ed@group-ED15A032931C->81969248-ee02-4e21-8d11-8b7a6db0983e-GrpcLogAppender-LogAppenderDaemon] WARN  server.GrpcLogAppender (GrpcLogAppender.java:mayWait(199)) - 7f3a4710-33bf-48d3-982c-8a30dd90a1ed@group-ED15A032931C->81969248-ee02-4e21-8d11-8b7a6db0983e-GrpcLogAppender: Wait interrupted by java.lang.InterruptedException
2023-07-21 21:01:05,728 [34a92578-a80c-453f-883a-7c67a7b5d4e2@group-943BABB2928E-StateMachineUpdater] INFO  ratis.ContainerStateMachine (ContainerStateMachine.java:takeSnapshot(341)) - group-943BABB2928E: Finished taking a snapshot at:(t:1, i:0) file:/home/runner/work/ozone/ozone/hadoop-ozone/integration-test/target/test-dir/MiniOzoneClusterImpl-b68b6c12-fe62-42d1-a50b-75b7569d3ce9/datanode-0/data/ratis/99d5af05-588f-4b8c-9002-943babb2928e/sm/snapshot.1_0 took: 56 ms
2023-07-21 21:01:05,728 [7f3a4710-33bf-48d3-982c-8a30dd90a1ed@group-AAE0E9440E73-StateMachineUpdater] INFO  ratis.ContainerStateMachine (ContainerStateMachine.java:takeSnapshot(341)) - group-AAE0E9440E73: Finished taking a snapshot at:(t:1, i:0) file:/home/runner/work/ozone/ozone/hadoop-ozone/integration-test/target/test-dir/MiniOzoneClusterImpl-b68b6c12-fe62-42d1-a50b-75b7569d3ce9/datanode-2/data/ratis/cd7f64c6-29a7-4c99-8fc7-aae0e9440e73/sm/snapshot.1_0 took: 4 ms
2023-07-21 21:01:05,729 [7f3a4710-33bf-48d3-982c-8a30dd90a1ed@group-ED15A032931C-StateMachineUpdater] INFO  ratis.ContainerStateMachine (ContainerStateMachine.java:takeSnapshot(341)) - group-ED15A032931C: Finished taking a snapshot at:(t:1, i:0) file:/home/runner/work/ozone/ozone/hadoop-ozone/integration-test/target/test-dir/MiniOzoneClusterImpl-b68b6c12-fe62-42d1-a50b-75b7569d3ce9/datanode-2/data/ratis/062a8413-b2ff-4709-b8da-ed15a032931c/sm/snapshot.1_0 took: 3 ms
2023-07-21 21:01:05,730 [34a92578-a80c-453f-883a-7c67a7b5d4e2@group-943BABB2928E-StateMachineUpdater] INFO  impl.StateMachineUpdater (StateMachineUpdater.java:takeSnapshot(291)) - 34a92578-a80c-453f-883a-7c67a7b5d4e2@group-943BABB2928E-StateMachineUpdater: Took a snapshot at index 0
2023-07-21 21:01:05,730 [7f3a4710-33bf-48d3-982c-8a30dd90a1ed@group-ED15A032931C-StateMachineUpdater] INFO  impl.StateMachineUpdater (StateMachineUpdater.java:takeSnapshot(291)) - 7f3a4710-33bf-48d3-982c-8a30dd90a1ed@group-ED15A032931C-StateMachineUpdater: Took a snapshot at index 0
2023-07-21 21:01:05,730 [7f3a4710-33bf-48d3-982c-8a30dd90a1ed@group-ED15A032931C-StateMachineUpdater] INFO  impl.StateMachineUpdater (StateMachineUpdater.java:lambda$new$0(97)) - 7f3a4710-33bf-48d3-982c-8a30dd90a1ed@group-ED15A032931C-StateMachineUpdater: snapshotIndex: updateIncreasingly -1 -> 0
2023-07-21 21:01:05,728 [34a92578-a80c-453f-883a-7c67a7b5d4e2@group-BDA6E8294138-StateMachineUpdater] INFO  ratis.ContainerStateMachine (ContainerStateMachine.java:takeSnapshot(341)) - group-BDA6E8294138: Finished taking a snapshot at:(t:1, i:0) file:/home/runner/work/ozone/ozone/hadoop-ozone/integration-test/target/test-dir/MiniOzoneClusterImpl-b68b6c12-fe62-42d1-a50b-75b7569d3ce9/datanode-0/data/ratis/70df405a-b2b2-4ac2-84c7-bda6e8294138/sm/snapshot.1_0 took: 71 ms
2023-07-21 21:01:05,731 [34a92578-a80c-453f-883a-7c67a7b5d4e2@group-BDA6E8294138-StateMachineUpdater] INFO  impl.StateMachineUpdater (StateMachineUpdater.java:takeSnapshot(291)) - 34a92578-a80c-453f-883a-7c67a7b5d4e2@group-BDA6E8294138-StateMachineUpdater: Took a snapshot at index 0
2023-07-21 21:01:05,731 [34a92578-a80c-453f-883a-7c67a7b5d4e2@group-BDA6E8294138-StateMachineUpdater] INFO  impl.StateMachineUpdater (StateMachineUpdater.java:lambda$new$0(97)) - 34a92578-a80c-453f-883a-7c67a7b5d4e2@group-BDA6E8294138-StateMachineUpdater: snapshotIndex: updateIncreasingly -1 -> 0
2023-07-21 21:01:05,728 [81969248-ee02-4e21-8d11-8b7a6db0983e@group-BDA6E8294138-StateMachineUpdater] INFO  ratis.ContainerStateMachine (ContainerStateMachine.java:takeSnapshot(341)) - group-BDA6E8294138: Finished taking a snapshot at:(t:1, i:0) file:/home/runner/work/ozone/ozone/hadoop-ozone/integration-test/target/test-dir/MiniOzoneClusterImpl-b68b6c12-fe62-42d1-a50b-75b7569d3ce9/datanode-1/data/ratis/70df405a-b2b2-4ac2-84c7-bda6e8294138/sm/snapshot.1_0 took: 88 ms
2023-07-21 21:01:05,730 [34a92578-a80c-453f-883a-7c67a7b5d4e2@group-943BABB2928E-StateMachineUpdater] INFO  impl.StateMachineUpdater (StateMachineUpdater.java:lambda$new$0(97)) - 34a92578-a80c-453f-883a-7c67a7b5d4e2@group-943BABB2928E-StateMachineUpdater: snapshotIndex: updateIncreasingly -1 -> 0
2023-07-21 21:01:05,732 [81969248-ee02-4e21-8d11-8b7a6db0983e@group-BDA6E8294138-StateMachineUpdater] INFO  impl.StateMachineUpdater (StateMachineUpdater.java:takeSnapshot(291)) - 81969248-ee02-4e21-8d11-8b7a6db0983e@group-BDA6E8294138-StateMachineUpdater: Took a snapshot at index 0
2023-07-21 21:01:05,732 [81969248-ee02-4e21-8d11-8b7a6db0983e@group-BDA6E8294138-StateMachineUpdater] INFO  impl.StateMachineUpdater (StateMachineUpdater.java:lambda$new$0(97)) - 81969248-ee02-4e21-8d11-8b7a6db0983e@group-BDA6E8294138-StateMachineUpdater: snapshotIndex: updateIncreasingly -1 -> 0
2023-07-21 21:01:05,730 [7f3a4710-33bf-48d3-982c-8a30dd90a1ed@group-AAE0E9440E73-StateMachineUpdater] INFO  impl.StateMachineUpdater (StateMachineUpdater.java:takeSnapshot(291)) - 7f3a4710-33bf-48d3-982c-8a30dd90a1ed@group-AAE0E9440E73-StateMachineUpdater: Took a snapshot at index 0
2023-07-21 21:01:05,732 [7f3a4710-33bf-48d3-982c-8a30dd90a1ed@group-AAE0E9440E73-StateMachineUpdater] INFO  impl.StateMachineUpdater (StateMachineUpdater.java:lambda$new$0(97)) - 7f3a4710-33bf-48d3-982c-8a30dd90a1ed@group-AAE0E9440E73-StateMachineUpdater: snapshotIndex: updateIncreasingly -1 -> 0
2023-07-21 21:01:05,733 [7f3a4710-33bf-48d3-982c-8a30dd90a1ed-impl-thread2] INFO  server.RaftServer$Division (ServerState.java:close(472)) - 7f3a4710-33bf-48d3-982c-8a30dd90a1ed@group-AAE0E9440E73: closes. applyIndex: 0
2023-07-21 21:01:05,733 [81969248-ee02-4e21-8d11-8b7a6db0983e-impl-thread2] INFO  server.RaftServer$Division (ServerState.java:close(472)) - 81969248-ee02-4e21-8d11-8b7a6db0983e@group-BDA6E8294138: closes. applyIndex: 0
2023-07-21 21:01:05,734 [34a92578-a80c-453f-883a-7c67a7b5d4e2-impl-thread2] INFO  server.RaftServer$Division (ServerState.java:close(472)) - 34a92578-a80c-453f-883a-7c67a7b5d4e2@group-943BABB2928E: closes. applyIndex: 0
2023-07-21 21:01:05,734 [34a92578-a80c-453f-883a-7c67a7b5d4e2-impl-thread1] INFO  server.RaftServer$Division (ServerState.java:close(472)) - 34a92578-a80c-453f-883a-7c67a7b5d4e2@group-BDA6E8294138: closes. applyIndex: 0
2023-07-21 21:01:05,734 [7f3a4710-33bf-48d3-982c-8a30dd90a1ed-impl-thread3] INFO  server.RaftServer$Division (ServerState.java:close(472)) - 7f3a4710-33bf-48d3-982c-8a30dd90a1ed@group-ED15A032931C: closes. applyIndex: 0
2023-07-21 21:01:05,735 [81969248-ee02-4e21-8d11-8b7a6db0983e@group-2E99A972C8C6-StateMachineUpdater] INFO  ratis.ContainerStateMachine (ContainerStateMachine.java:takeSnapshot(341)) - group-2E99A972C8C6: Finished taking a snapshot at:(t:1, i:0) file:/home/runner/work/ozone/ozone/hadoop-ozone/integration-test/target/test-dir/MiniOzoneClusterImpl-b68b6c12-fe62-42d1-a50b-75b7569d3ce9/datanode-1/data/ratis/dc363d63-fd31-4770-81ad-2e99a972c8c6/sm/snapshot.1_0 took: 93 ms
2023-07-21 21:01:05,735 [81969248-ee02-4e21-8d11-8b7a6db0983e@group-2E99A972C8C6-StateMachineUpdater] INFO  impl.StateMachineUpdater (StateMachineUpdater.java:takeSnapshot(291)) - 81969248-ee02-4e21-8d11-8b7a6db0983e@group-2E99A972C8C6-StateMachineUpdater: Took a snapshot at index 0
2023-07-21 21:01:05,735 [81969248-ee02-4e21-8d11-8b7a6db0983e@group-2E99A972C8C6-StateMachineUpdater] INFO  impl.StateMachineUpdater (StateMachineUpdater.java:lambda$new$0(97)) - 81969248-ee02-4e21-8d11-8b7a6db0983e@group-2E99A972C8C6-StateMachineUpdater: snapshotIndex: updateIncreasingly -1 -> 0
2023-07-21 21:01:05,735 [81969248-ee02-4e21-8d11-8b7a6db0983e-impl-thread1] INFO  server.RaftServer$Division (ServerState.java:close(472)) - 81969248-ee02-4e21-8d11-8b7a6db0983e@group-2E99A972C8C6: closes. applyIndex: 0
2023-07-21 21:01:05,735 [main] INFO  server.GrpcService (GrpcService.java:closeImpl(320)) - 81969248-ee02-4e21-8d11-8b7a6db0983e: shutdown server org.apache.ratis.grpc.server.GrpcClientProtocolService successfully
2023-07-21 21:01:05,735 [main] INFO  server.GrpcService (GrpcService.java:closeImpl(311)) - 81969248-ee02-4e21-8d11-8b7a6db0983e: shutdown server GrpcServerProtocolService now
2023-07-21 21:01:05,738 [7f3a4710-33bf-48d3-982c-8a30dd90a1ed-impl-thread1] INFO  impl.StateMachineUpdater (StateMachineUpdater.java:stopAndJoin(155)) - 7f3a4710-33bf-48d3-982c-8a30dd90a1ed@group-BDA6E8294138-StateMachineUpdater: set stopIndex = -1
2023-07-21 21:01:05,738 [7f3a4710-33bf-48d3-982c-8a30dd90a1ed@group-BDA6E8294138-FollowerState] INFO  impl.FollowerState (FollowerState.java:run(152)) - 7f3a4710-33bf-48d3-982c-8a30dd90a1ed@group-BDA6E8294138-FollowerState was interrupted
2023-07-21 21:01:05,750 [ForkJoinPool.commonPool-worker-0] INFO  server.GrpcService (GrpcService.java:closeImpl(320)) - 34a92578-a80c-453f-883a-7c67a7b5d4e2: shutdown server org.apache.ratis.grpc.server.GrpcClientProtocolService successfully
2023-07-21 21:01:05,752 [ForkJoinPool.commonPool-worker-0] INFO  server.GrpcService (GrpcService.java:closeImpl(311)) - 34a92578-a80c-453f-883a-7c67a7b5d4e2: shutdown server GrpcServerProtocolService now
2023-07-21 21:01:05,750 [grpc-default-executor-3] INFO  server.GrpcServerProtocolService (GrpcServerProtocolService.java:onCompleted(155)) - 34a92578-a80c-453f-883a-7c67a7b5d4e2: Completed APPEND_ENTRIES, lastRequest: null
2023-07-21 21:01:05,746 [Thread-370] INFO  server.GrpcServerProtocolClient (GrpcServerProtocolClient.java:close(103)) - 81969248-ee02-4e21-8d11-8b7a6db0983e Close channels
2023-07-21 21:01:05,752 [7f3a4710-33bf-48d3-982c-8a30dd90a1ed-impl-thread1] INFO  server.RaftServer$Division (ServerState.java:close(472)) - 7f3a4710-33bf-48d3-982c-8a30dd90a1ed@group-BDA6E8294138: closes. applyIndex: -1
2023-07-21 21:01:05,746 [Thread-369] INFO  server.GrpcServerProtocolClient (GrpcServerProtocolClient.java:close(103)) - 34a92578-a80c-453f-883a-7c67a7b5d4e2 Close channels
2023-07-21 21:01:05,755 [grpc-default-executor-2] INFO  server.GrpcLogAppender (GrpcLogAppender.java:onError(417)) - 7f3a4710-33bf-48d3-982c-8a30dd90a1ed@group-ED15A032931C->81969248-ee02-4e21-8d11-8b7a6db0983e-GrpcLogAppender is already stopped
2023-07-21 21:01:05,755 [grpc-default-executor-0] WARN  server.GrpcServerProtocolService (LogUtils.java:warn(122)) - 81969248-ee02-4e21-8d11-8b7a6db0983e: APPEND_ENTRIES onError, lastRequest: null: org.apache.ratis.thirdparty.io.grpc.StatusRuntimeException: CANCELLED: client cancelled
2023-07-21 21:01:05,756 [grpc-default-executor-3] INFO  server.GrpcServerProtocolService (GrpcServerProtocolService.java:lambda$onCompleted$5(157)) - 34a92578-a80c-453f-883a-7c67a7b5d4e2: Completed APPEND_ENTRIES, lastReply: serverReply {
  requestorId: "7f3a4710-33bf-48d3-982c-8a30dd90a1ed"
  replyId: "34a92578-a80c-453f-883a-7c67a7b5d4e2"
  raftGroupId {
    id: "\006*\204\023\262\377G\t\270\332\355\025\2402\223\034"
  }
  success: true
}
term: 1
nextIndex: 1
followerCommit: 18446744073709551615
matchIndex: 18446744073709551615
isHearbeat: true

2023-07-21 21:01:05,758 [grpc-default-executor-1] WARN  server.GrpcServerProtocolService (LogUtils.java:warn(122)) - 81969248-ee02-4e21-8d11-8b7a6db0983e: APPEND_ENTRIES onError, lastRequest: 7f3a4710-33bf-48d3-982c-8a30dd90a1ed->81969248-ee02-4e21-8d11-8b7a6db0983e#1-t1,previous=(t:0, i:0),leaderCommit=-1,initializing? true,entries: size=1, first=(t:1, i:0), CONFIGURATIONENTRY(current:id: "34a92578-a80c-453f-883a-7c67a7b5d4e2"
address: "10.1.0.132:15014"
dataStreamAddress: "10.1.0.132:15015"
clientAddress: "10.1.0.132:15012"
adminAddress: "10.1.0.132:15013"
startupRole: FOLLOWER
,id: "7f3a4710-33bf-48d3-982c-8a30dd90a1ed"
address: "10.1.0.132:15032"
priority: 1
dataStreamAddress: "10.1.0.132:15033"
clientAddress: "10.1.0.132:15030"
adminAddress: "10.1.0.132:15031"
startupRole: FOLLOWER
,id: "81969248-ee02-4e21-8d11-8b7a6db0983e"
address: "10.1.0.132:15023"
dataStreamAddress: "10.1.0.132:15024"
clientAddress: "10.1.0.132:15021"
adminAddress: "10.1.0.132:15022"
startupRole: FOLLOWER
, old:): org.apache.ratis.thirdparty.io.grpc.StatusRuntimeException: CANCELLED: client cancelled
2023-07-21 21:01:05,766 [main] INFO  server.GrpcService (GrpcService.java:closeImpl(320)) - 81969248-ee02-4e21-8d11-8b7a6db0983e: shutdown server GrpcServerProtocolService successfully
2023-07-21 21:01:05,766 [main] INFO  server.GrpcService (GrpcService.java:closeImpl(311)) - 81969248-ee02-4e21-8d11-8b7a6db0983e: shutdown server org.apache.ratis.grpc.server.GrpcAdminProtocolService now
2023-07-21 21:01:05,770 [grpc-default-executor-3] INFO  server.GrpcLogAppender (GrpcLogAppender.java:onError(417)) - 7f3a4710-33bf-48d3-982c-8a30dd90a1ed@group-ED15A032931C->81969248-ee02-4e21-8d11-8b7a6db0983e-GrpcLogAppender is already stopped
2023-07-21 21:01:05,771 [grpc-default-executor-0] WARN  server.GrpcServerProtocolService (LogUtils.java:warn(122)) - 34a92578-a80c-453f-883a-7c67a7b5d4e2: APPEND_ENTRIES onError, lastRequest: 7f3a4710-33bf-48d3-982c-8a30dd90a1ed->34a92578-a80c-453f-883a-7c67a7b5d4e2#1-t1,previous=(t:0, i:0),leaderCommit=-1,initializing? true,entries: size=1, first=(t:1, i:0), CONFIGURATIONENTRY(current:id: "34a92578-a80c-453f-883a-7c67a7b5d4e2"
address: "10.1.0.132:15014"
dataStreamAddress: "10.1.0.132:15015"
clientAddress: "10.1.0.132:15012"
adminAddress: "10.1.0.132:15013"
startupRole: FOLLOWER
,id: "7f3a4710-33bf-48d3-982c-8a30dd90a1ed"
address: "10.1.0.132:15032"
priority: 1
dataStreamAddress: "10.1.0.132:15033"
clientAddress: "10.1.0.132:15030"
adminAddress: "10.1.0.132:15031"
startupRole: FOLLOWER
,id: "81969248-ee02-4e21-8d11-8b7a6db0983e"
address: "10.1.0.132:15023"
dataStreamAddress: "10.1.0.132:15024"
clientAddress: "10.1.0.132:15021"
adminAddress: "10.1.0.132:15022"
startupRole: FOLLOWER
, old:): org.apache.ratis.thirdparty.io.grpc.StatusRuntimeException: CANCELLED: client cancelled
2023-07-21 21:01:05,773 [ForkJoinPool.commonPool-worker-0] INFO  server.GrpcService (GrpcService.java:closeImpl(320)) - 34a92578-a80c-453f-883a-7c67a7b5d4e2: shutdown server GrpcServerProtocolService successfully
2023-07-21 21:01:05,773 [ForkJoinPool.commonPool-worker-0] INFO  server.GrpcService (GrpcService.java:closeImpl(311)) - 34a92578-a80c-453f-883a-7c67a7b5d4e2: shutdown server org.apache.ratis.grpc.server.GrpcAdminProtocolService now
2023-07-21 21:01:05,779 [grpc-default-executor-3] INFO  server.GrpcLogAppender (GrpcLogAppender.java:onError(417)) - 7f3a4710-33bf-48d3-982c-8a30dd90a1ed@group-ED15A032931C->34a92578-a80c-453f-883a-7c67a7b5d4e2-GrpcLogAppender is already stopped
2023-07-21 21:01:05,783 [main] INFO  server.GrpcService (GrpcService.java:closeImpl(320)) - 81969248-ee02-4e21-8d11-8b7a6db0983e: shutdown server org.apache.ratis.grpc.server.GrpcAdminProtocolService successfully
2023-07-21 21:01:05,784 [ForkJoinPool.commonPool-worker-0] INFO  server.GrpcService (GrpcService.java:closeImpl(320)) - 34a92578-a80c-453f-883a-7c67a7b5d4e2: shutdown server org.apache.ratis.grpc.server.GrpcAdminProtocolService successfully
2023-07-21 21:01:05,784 [81969248-ee02-4e21-8d11-8b7a6db0983e-NettyServerStreamRpc-bossGroup--thread1] INFO  logging.LoggingHandler (AbstractInternalLogger.java:log(148)) - [id: 0x139ce34d, L:/0:0:0:0:0:0:0:0:15024] CLOSE
2023-07-21 21:01:05,784 [81969248-ee02-4e21-8d11-8b7a6db0983e-NettyServerStreamRpc-bossGroup--thread1] INFO  logging.LoggingHandler (AbstractInternalLogger.java:log(148)) - [id: 0x139ce34d, L:/0:0:0:0:0:0:0:0:15024] INACTIVE
2023-07-21 21:01:05,784 [81969248-ee02-4e21-8d11-8b7a6db0983e-NettyServerStreamRpc-bossGroup--thread1] INFO  logging.LoggingHandler (AbstractInternalLogger.java:log(148)) - [id: 0x139ce34d, L:/0:0:0:0:0:0:0:0:15024] UNREGISTERED
2023-07-21 21:01:05,785 [34a92578-a80c-453f-883a-7c67a7b5d4e2-NettyServerStreamRpc-bossGroup--thread1] INFO  logging.LoggingHandler (AbstractInternalLogger.java:log(148)) - [id: 0x409686ae, L:/0:0:0:0:0:0:0:0:15015] CLOSE
2023-07-21 21:01:05,785 [34a92578-a80c-453f-883a-7c67a7b5d4e2-NettyServerStreamRpc-bossGroup--thread1] INFO  logging.LoggingHandler (AbstractInternalLogger.java:log(148)) - [id: 0x409686ae, L:/0:0:0:0:0:0:0:0:15015] INACTIVE
2023-07-21 21:01:05,785 [34a92578-a80c-453f-883a-7c67a7b5d4e2-NettyServerStreamRpc-bossGroup--thread1] INFO  logging.LoggingHandler (AbstractInternalLogger.java:log(148)) - [id: 0x409686ae, L:/0:0:0:0:0:0:0:0:15015] UNREGISTERED
2023-07-21 21:01:05,785 [grpc-default-executor-3] INFO  server.GrpcLogAppender (GrpcLogAppender.java:onError(417)) - 7f3a4710-33bf-48d3-982c-8a30dd90a1ed@group-ED15A032931C->34a92578-a80c-453f-883a-7c67a7b5d4e2-GrpcLogAppender is already stopped
2023-07-21 21:01:05,795 [ForkJoinPool.commonPool-worker-1] INFO  server.GrpcService (GrpcService.java:closeImpl(320)) - 7f3a4710-33bf-48d3-982c-8a30dd90a1ed: shutdown server org.apache.ratis.grpc.server.GrpcClientProtocolService successfully
2023-07-21 21:01:05,795 [ForkJoinPool.commonPool-worker-1] INFO  server.GrpcService (GrpcService.java:closeImpl(311)) - 7f3a4710-33bf-48d3-982c-8a30dd90a1ed: shutdown server GrpcServerProtocolService now
2023-07-21 21:01:05,810 [ForkJoinPool.commonPool-worker-1] INFO  server.GrpcService (GrpcService.java:closeImpl(320)) - 7f3a4710-33bf-48d3-982c-8a30dd90a1ed: shutdown server GrpcServerProtocolService successfully
2023-07-21 21:01:05,811 [ForkJoinPool.commonPool-worker-1] INFO  server.GrpcService (GrpcService.java:closeImpl(311)) - 7f3a4710-33bf-48d3-982c-8a30dd90a1ed: shutdown server org.apache.ratis.grpc.server.GrpcAdminProtocolService now
2023-07-21 21:01:05,819 [ForkJoinPool.commonPool-worker-1] INFO  server.GrpcService (GrpcService.java:closeImpl(320)) - 7f3a4710-33bf-48d3-982c-8a30dd90a1ed: shutdown server org.apache.ratis.grpc.server.GrpcAdminProtocolService successfully
2023-07-21 21:01:05,819 [7f3a4710-33bf-48d3-982c-8a30dd90a1ed-NettyServerStreamRpc-bossGroup--thread1] INFO  logging.LoggingHandler (AbstractInternalLogger.java:log(148)) - [id: 0xf2e2d0b1, L:/0:0:0:0:0:0:0:0:15033] CLOSE
2023-07-21 21:01:05,819 [7f3a4710-33bf-48d3-982c-8a30dd90a1ed-NettyServerStreamRpc-bossGroup--thread1] INFO  logging.LoggingHandler (AbstractInternalLogger.java:log(148)) - [id: 0xf2e2d0b1, L:/0:0:0:0:0:0:0:0:15033] INACTIVE
2023-07-21 21:01:05,819 [7f3a4710-33bf-48d3-982c-8a30dd90a1ed-NettyServerStreamRpc-bossGroup--thread1] INFO  logging.LoggingHandler (AbstractInternalLogger.java:log(148)) - [id: 0xf2e2d0b1, L:/0:0:0:0:0:0:0:0:15033] UNREGISTERED
2023-07-21 21:01:05,927 [7f3a4710-33bf-48d3-982c-8a30dd90a1ed-impl-thread3] INFO  segmented.SegmentedRaftLogWorker (SegmentedRaftLogWorker.java:close(252)) - 7f3a4710-33bf-48d3-982c-8a30dd90a1ed@group-ED15A032931C-SegmentedRaftLogWorker close()
2023-07-21 21:01:06,026 [81969248-ee02-4e21-8d11-8b7a6db0983e-impl-thread3] INFO  segmented.SegmentedRaftLogWorker (SegmentedRaftLogWorker.java:close(252)) - 81969248-ee02-4e21-8d11-8b7a6db0983e@group-ED15A032931C-SegmentedRaftLogWorker close()
2023-07-21 21:01:06,035 [34a92578-a80c-453f-883a-7c67a7b5d4e2-impl-thread3] INFO  segmented.SegmentedRaftLogWorker (SegmentedRaftLogWorker.java:close(252)) - 34a92578-a80c-453f-883a-7c67a7b5d4e2@group-ED15A032931C-SegmentedRaftLogWorker close()
2023-07-21 21:01:06,146 [81969248-ee02-4e21-8d11-8b7a6db0983e-impl-thread1] INFO  segmented.SegmentedRaftLogWorker (SegmentedRaftLogWorker.java:close(252)) - 81969248-ee02-4e21-8d11-8b7a6db0983e@group-2E99A972C8C6-SegmentedRaftLogWorker close()
2023-07-21 21:01:06,249 [34a92578-a80c-453f-883a-7c67a7b5d4e2-impl-thread1] INFO  segmented.SegmentedRaftLogWorker (SegmentedRaftLogWorker.java:close(252)) - 34a92578-a80c-453f-883a-7c67a7b5d4e2@group-BDA6E8294138-SegmentedRaftLogWorker close()
2023-07-21 21:01:06,281 [7f3a4710-33bf-48d3-982c-8a30dd90a1ed-impl-thread1] INFO  segmented.SegmentedRaftLogWorker (SegmentedRaftLogWorker.java:close(252)) - 7f3a4710-33bf-48d3-982c-8a30dd90a1ed@group-BDA6E8294138-SegmentedRaftLogWorker close()
2023-07-21 21:01:06,324 [81969248-ee02-4e21-8d11-8b7a6db0983e-impl-thread2] INFO  segmented.SegmentedRaftLogWorker (SegmentedRaftLogWorker.java:close(252)) - 81969248-ee02-4e21-8d11-8b7a6db0983e@group-BDA6E8294138-SegmentedRaftLogWorker close()
2023-07-21 21:01:06,326 [JvmPauseMonitor3] INFO  util.JvmPauseMonitor (JvmPauseMonitor.java:run(109)) - JvmPauseMonitor-81969248-ee02-4e21-8d11-8b7a6db0983e: Stopped
2023-07-21 21:01:06,350 [7f3a4710-33bf-48d3-982c-8a30dd90a1ed-impl-thread2] INFO  segmented.SegmentedRaftLogWorker (SegmentedRaftLogWorker.java:close(252)) - 7f3a4710-33bf-48d3-982c-8a30dd90a1ed@group-AAE0E9440E73-SegmentedRaftLogWorker close()
2023-07-21 21:01:06,352 [JvmPauseMonitor4] INFO  util.JvmPauseMonitor (JvmPauseMonitor.java:run(109)) - JvmPauseMonitor-7f3a4710-33bf-48d3-982c-8a30dd90a1ed: Stopped
2023-07-21 21:01:06,406 [34a92578-a80c-453f-883a-7c67a7b5d4e2-impl-thread2] INFO  segmented.SegmentedRaftLogWorker (SegmentedRaftLogWorker.java:close(252)) - 34a92578-a80c-453f-883a-7c67a7b5d4e2@group-943BABB2928E-SegmentedRaftLogWorker close()
2023-07-21 21:01:06,407 [JvmPauseMonitor2] INFO  util.JvmPauseMonitor (JvmPauseMonitor.java:run(109)) - JvmPauseMonitor-34a92578-a80c-453f-883a-7c67a7b5d4e2: Stopped
2023-07-21 21:01:08,353 [main] INFO  utils.DatanodeStoreCache (DatanodeStoreCache.java:shutdownCache(110)) - Skip clearing cache in mini cluster mode. Entries left: [/home/runner/work/ozone/ozone/hadoop-ozone/integration-test/target/test-dir/MiniOzoneClusterImpl-b68b6c12-fe62-42d1-a50b-75b7569d3ce9/datanode-0/data-0/containers/hdds/b68b6c12-fe62-42d1-a50b-75b7569d3ce9/DS-439be497-1f4f-46a6-bb1f-b0d78d7e1c2c/container.db, /home/runner/work/ozone/ozone/hadoop-ozone/integration-test/target/test-dir/MiniOzoneClusterImpl-b68b6c12-fe62-42d1-a50b-75b7569d3ce9/datanode-1/data-0/containers/hdds/b68b6c12-fe62-42d1-a50b-75b7569d3ce9/DS-e5e5eb5f-0c09-4046-9b3e-5f2b774854e6/container.db, /home/runner/work/ozone/ozone/hadoop-ozone/integration-test/target/test-dir/MiniOzoneClusterImpl-b68b6c12-fe62-42d1-a50b-75b7569d3ce9/datanode-2/data-0/containers/hdds/b68b6c12-fe62-42d1-a50b-75b7569d3ce9/DS-968a076f-eba8-46b3-887a-4ba084d47592/container.db]
2023-07-21 21:01:08,359 [ForkJoinPool.commonPool-worker-1] INFO  utils.DatanodeStoreCache (DatanodeStoreCache.java:shutdownCache(110)) - Skip clearing cache in mini cluster mode. Entries left: [/home/runner/work/ozone/ozone/hadoop-ozone/integration-test/target/test-dir/MiniOzoneClusterImpl-b68b6c12-fe62-42d1-a50b-75b7569d3ce9/datanode-0/data-0/containers/hdds/b68b6c12-fe62-42d1-a50b-75b7569d3ce9/DS-439be497-1f4f-46a6-bb1f-b0d78d7e1c2c/container.db, /home/runner/work/ozone/ozone/hadoop-ozone/integration-test/target/test-dir/MiniOzoneClusterImpl-b68b6c12-fe62-42d1-a50b-75b7569d3ce9/datanode-2/data-0/containers/hdds/b68b6c12-fe62-42d1-a50b-75b7569d3ce9/DS-968a076f-eba8-46b3-887a-4ba084d47592/container.db]
2023-07-21 21:01:08,361 [ForkJoinPool.commonPool-worker-1] INFO  utils.DatanodeStoreCache (DatanodeStoreCache.java:removeDB(104)) - Removed db /home/runner/work/ozone/ozone/hadoop-ozone/integration-test/target/test-dir/MiniOzoneClusterImpl-b68b6c12-fe62-42d1-a50b-75b7569d3ce9/datanode-2/data-0/containers/hdds/b68b6c12-fe62-42d1-a50b-75b7569d3ce9/DS-968a076f-eba8-46b3-887a-4ba084d47592/container.db from cache
2023-07-21 21:01:08,362 [ForkJoinPool.commonPool-worker-1] INFO  volume.HddsVolume (HddsVolume.java:closeDbStore(453)) - SchemaV3 db is stopped at /home/runner/work/ozone/ozone/hadoop-ozone/integration-test/target/test-dir/MiniOzoneClusterImpl-b68b6c12-fe62-42d1-a50b-75b7569d3ce9/datanode-2/data-0/containers/hdds/b68b6c12-fe62-42d1-a50b-75b7569d3ce9/DS-968a076f-eba8-46b3-887a-4ba084d47592/container.db for volume DS-968a076f-eba8-46b3-887a-4ba084d47592
2023-07-21 21:01:08,362 [ForkJoinPool.commonPool-worker-1] INFO  utils.BackgroundService (BackgroundService.java:shutdown(141)) - Shutting down service BlockDeletingService
2023-07-21 21:01:08,363 [ForkJoinPool.commonPool-worker-1] INFO  utils.BackgroundService (BackgroundService.java:shutdown(141)) - Shutting down service StaleRecoveringContainerScrubbingService
2023-07-21 21:01:08,364 [main] INFO  utils.DatanodeStoreCache (DatanodeStoreCache.java:removeDB(104)) - Removed db /home/runner/work/ozone/ozone/hadoop-ozone/integration-test/target/test-dir/MiniOzoneClusterImpl-b68b6c12-fe62-42d1-a50b-75b7569d3ce9/datanode-1/data-0/containers/hdds/b68b6c12-fe62-42d1-a50b-75b7569d3ce9/DS-e5e5eb5f-0c09-4046-9b3e-5f2b774854e6/container.db from cache
2023-07-21 21:01:08,365 [main] INFO  volume.HddsVolume (HddsVolume.java:closeDbStore(453)) - SchemaV3 db is stopped at /home/runner/work/ozone/ozone/hadoop-ozone/integration-test/target/test-dir/MiniOzoneClusterImpl-b68b6c12-fe62-42d1-a50b-75b7569d3ce9/datanode-1/data-0/containers/hdds/b68b6c12-fe62-42d1-a50b-75b7569d3ce9/DS-e5e5eb5f-0c09-4046-9b3e-5f2b774854e6/container.db for volume DS-e5e5eb5f-0c09-4046-9b3e-5f2b774854e6
2023-07-21 21:01:08,365 [ForkJoinPool.commonPool-worker-1] INFO  statemachine.DatanodeStateMachine (DatanodeStateMachine.java:stopDaemon(613)) - Ozone container server stopped.
2023-07-21 21:01:08,366 [main] INFO  utils.BackgroundService (BackgroundService.java:shutdown(141)) - Shutting down service BlockDeletingService
2023-07-21 21:01:08,371 [main] INFO  utils.BackgroundService (BackgroundService.java:shutdown(141)) - Shutting down service StaleRecoveringContainerScrubbingService
2023-07-21 21:01:08,374 [main] INFO  statemachine.DatanodeStateMachine (DatanodeStateMachine.java:stopDaemon(613)) - Ozone container server stopped.
2023-07-21 21:01:08,383 [ForkJoinPool.commonPool-worker-1] INFO  handler.ContextHandler (ContextHandler.java:doStop(1159)) - Stopped o.e.j.w.WebAppContext@6d3a662a{hddsDatanode,/,null,STOPPED}{jar:file:/home/runner/.m2/repository/org/apache/ozone/hdds-container-service/1.4.0-SNAPSHOT/hdds-container-service-1.4.0-SNAPSHOT.jar!/webapps/hddsDatanode}
2023-07-21 21:01:08,391 [ForkJoinPool.commonPool-worker-1] INFO  server.AbstractConnector (AbstractConnector.java:doStop(383)) - Stopped ServerConnector@56f94ad2{HTTP/1.1, (http/1.1)}{0.0.0.0:15027}
2023-07-21 21:01:08,394 [ForkJoinPool.commonPool-worker-1] INFO  server.session (HouseKeeper.java:stopScavenging(149)) - node0 Stopped scavenging
2023-07-21 21:01:08,397 [ForkJoinPool.commonPool-worker-1] INFO  handler.ContextHandler (ContextHandler.java:doStop(1159)) - Stopped o.e.j.s.ServletContextHandler@1cb50215{static,/static,jar:file:/home/runner/.m2/repository/org/apache/ozone/hdds-container-service/1.4.0-SNAPSHOT/hdds-container-service-1.4.0-SNAPSHOT.jar!/webapps/static,STOPPED}
2023-07-21 21:01:08,398 [ForkJoinPool.commonPool-worker-1] INFO  handler.ContextHandler (ContextHandler.java:doStop(1159)) - Stopped o.e.j.s.ServletContextHandler@619a61c1{logs,/logs,file:///home/runner/work/ozone/ozone/hadoop-ozone/integration-test/target/log,STOPPED}
2023-07-21 21:01:08,399 [main] INFO  handler.ContextHandler (ContextHandler.java:doStop(1159)) - Stopped o.e.j.w.WebAppContext@5a358e59{hddsDatanode,/,null,STOPPED}{jar:file:/home/runner/.m2/repository/org/apache/ozone/hdds-container-service/1.4.0-SNAPSHOT/hdds-container-service-1.4.0-SNAPSHOT.jar!/webapps/hddsDatanode}
2023-07-21 21:01:08,399 [ForkJoinPool.commonPool-worker-1] INFO  ozone.HddsDatanodeClientProtocolServer (HddsDatanodeClientProtocolServer.java:stop(78)) - Stopping the RPC server for Client Protocol
2023-07-21 21:01:08,404 [ForkJoinPool.commonPool-worker-1] INFO  ipc.Server (Server.java:stop(3523)) - Stopping server on 15028
2023-07-21 21:01:08,405 [IPC Server listener on 15028] INFO  ipc.Server (Server.java:run(1434)) - Stopping IPC Server listener on 15028
2023-07-21 21:01:08,406 [IPC Server Responder] INFO  ipc.Server (Server.java:run(1567)) - Stopping IPC Server Responder
2023-07-21 21:01:08,408 [main] INFO  server.AbstractConnector (AbstractConnector.java:doStop(383)) - Stopped ServerConnector@5c65480d{HTTP/1.1, (http/1.1)}{0.0.0.0:15018}
2023-07-21 21:01:08,408 [main] INFO  server.session (HouseKeeper.java:stopScavenging(149)) - node0 Stopped scavenging
2023-07-21 21:01:08,409 [main] INFO  handler.ContextHandler (ContextHandler.java:doStop(1159)) - Stopped o.e.j.s.ServletContextHandler@71769652{static,/static,jar:file:/home/runner/.m2/repository/org/apache/ozone/hdds-container-service/1.4.0-SNAPSHOT/hdds-container-service-1.4.0-SNAPSHOT.jar!/webapps/static,STOPPED}
2023-07-21 21:01:08,409 [main] INFO  handler.ContextHandler (ContextHandler.java:doStop(1159)) - Stopped o.e.j.s.ServletContextHandler@746cae96{logs,/logs,file:///home/runner/work/ozone/ozone/hadoop-ozone/integration-test/target/log,STOPPED}
2023-07-21 21:01:08,410 [main] INFO  ozone.HddsDatanodeClientProtocolServer (HddsDatanodeClientProtocolServer.java:stop(78)) - Stopping the RPC server for Client Protocol
2023-07-21 21:01:08,411 [main] INFO  ipc.Server (Server.java:stop(3523)) - Stopping server on 15019
2023-07-21 21:01:08,412 [IPC Server Responder] INFO  ipc.Server (Server.java:run(1567)) - Stopping IPC Server Responder
2023-07-21 21:01:08,412 [IPC Server listener on 15019] INFO  ipc.Server (Server.java:run(1434)) - Stopping IPC Server listener on 15019
2023-07-21 21:01:08,414 [ForkJoinPool.commonPool-worker-0] INFO  utils.DatanodeStoreCache (DatanodeStoreCache.java:shutdownCache(110)) - Skip clearing cache in mini cluster mode. Entries left: [/home/runner/work/ozone/ozone/hadoop-ozone/integration-test/target/test-dir/MiniOzoneClusterImpl-b68b6c12-fe62-42d1-a50b-75b7569d3ce9/datanode-0/data-0/containers/hdds/b68b6c12-fe62-42d1-a50b-75b7569d3ce9/DS-439be497-1f4f-46a6-bb1f-b0d78d7e1c2c/container.db]
2023-07-21 21:01:08,417 [ForkJoinPool.commonPool-worker-0] INFO  utils.DatanodeStoreCache (DatanodeStoreCache.java:removeDB(104)) - Removed db /home/runner/work/ozone/ozone/hadoop-ozone/integration-test/target/test-dir/MiniOzoneClusterImpl-b68b6c12-fe62-42d1-a50b-75b7569d3ce9/datanode-0/data-0/containers/hdds/b68b6c12-fe62-42d1-a50b-75b7569d3ce9/DS-439be497-1f4f-46a6-bb1f-b0d78d7e1c2c/container.db from cache
2023-07-21 21:01:08,417 [ForkJoinPool.commonPool-worker-0] INFO  volume.HddsVolume (HddsVolume.java:closeDbStore(453)) - SchemaV3 db is stopped at /home/runner/work/ozone/ozone/hadoop-ozone/integration-test/target/test-dir/MiniOzoneClusterImpl-b68b6c12-fe62-42d1-a50b-75b7569d3ce9/datanode-0/data-0/containers/hdds/b68b6c12-fe62-42d1-a50b-75b7569d3ce9/DS-439be497-1f4f-46a6-bb1f-b0d78d7e1c2c/container.db for volume DS-439be497-1f4f-46a6-bb1f-b0d78d7e1c2c
2023-07-21 21:01:08,417 [ForkJoinPool.commonPool-worker-0] INFO  utils.BackgroundService (BackgroundService.java:shutdown(141)) - Shutting down service BlockDeletingService
2023-07-21 21:01:08,418 [ForkJoinPool.commonPool-worker-0] INFO  utils.BackgroundService (BackgroundService.java:shutdown(141)) - Shutting down service StaleRecoveringContainerScrubbingService
2023-07-21 21:01:08,419 [ForkJoinPool.commonPool-worker-0] INFO  statemachine.DatanodeStateMachine (DatanodeStateMachine.java:stopDaemon(613)) - Ozone container server stopped.
2023-07-21 21:01:08,429 [ForkJoinPool.commonPool-worker-0] INFO  handler.ContextHandler (ContextHandler.java:doStop(1159)) - Stopped o.e.j.w.WebAppContext@716516ce{hddsDatanode,/,null,STOPPED}{jar:file:/home/runner/.m2/repository/org/apache/ozone/hdds-container-service/1.4.0-SNAPSHOT/hdds-container-service-1.4.0-SNAPSHOT.jar!/webapps/hddsDatanode}
2023-07-21 21:01:08,431 [ForkJoinPool.commonPool-worker-0] INFO  server.AbstractConnector (AbstractConnector.java:doStop(383)) - Stopped ServerConnector@6f2984cb{HTTP/1.1, (http/1.1)}{0.0.0.0:15009}
2023-07-21 21:01:08,431 [ForkJoinPool.commonPool-worker-0] INFO  server.session (HouseKeeper.java:stopScavenging(149)) - node0 Stopped scavenging
2023-07-21 21:01:08,432 [ForkJoinPool.commonPool-worker-0] INFO  handler.ContextHandler (ContextHandler.java:doStop(1159)) - Stopped o.e.j.s.ServletContextHandler@49eb9a66{static,/static,jar:file:/home/runner/.m2/repository/org/apache/ozone/hdds-container-service/1.4.0-SNAPSHOT/hdds-container-service-1.4.0-SNAPSHOT.jar!/webapps/static,STOPPED}
2023-07-21 21:01:08,432 [ForkJoinPool.commonPool-worker-0] INFO  handler.ContextHandler (ContextHandler.java:doStop(1159)) - Stopped o.e.j.s.ServletContextHandler@1c0e1290{logs,/logs,file:///home/runner/work/ozone/ozone/hadoop-ozone/integration-test/target/log,STOPPED}
2023-07-21 21:01:08,433 [ForkJoinPool.commonPool-worker-0] INFO  ozone.HddsDatanodeClientProtocolServer (HddsDatanodeClientProtocolServer.java:stop(78)) - Stopping the RPC server for Client Protocol
2023-07-21 21:01:08,434 [ForkJoinPool.commonPool-worker-0] INFO  ipc.Server (Server.java:stop(3523)) - Stopping server on 15010
2023-07-21 21:01:08,435 [IPC Server Responder] INFO  ipc.Server (Server.java:run(1567)) - Stopping IPC Server Responder
2023-07-21 21:01:08,436 [IPC Server listener on 15010] INFO  ipc.Server (Server.java:run(1434)) - Stopping IPC Server listener on 15010
2023-07-21 21:01:08,436 [main] INFO  ozone.MiniOzoneClusterImpl (MiniOzoneClusterImpl.java:stopSCM(543)) - Stopping the StorageContainerManager
2023-07-21 21:01:08,437 [main] INFO  server.StorageContainerManager (StorageContainerManager.java:stop(1592)) - Container Balancer is not running.
2023-07-21 21:01:08,437 [main] INFO  server.StorageContainerManager (StorageContainerManager.java:stopReplicationManager(1725)) - Stopping Replication Manager Service.
2023-07-21 21:01:08,437 [main] INFO  replication.ReplicationManager (ReplicationManager.java:stop(319)) - Stopping Replication Monitor Thread.
2023-07-21 21:01:08,437 [Under Replicated Processor] WARN  replication.UnhealthyReplicationProcessor (UnhealthyReplicationProcessor.java:run(180)) - Under Replicated Processor interrupted. Exiting...
2023-07-21 21:01:08,437 [Over Replicated Processor] WARN  replication.UnhealthyReplicationProcessor (UnhealthyReplicationProcessor.java:run(180)) - Over Replicated Processor interrupted. Exiting...
2023-07-21 21:01:08,438 [ReplicationMonitor] INFO  replication.ReplicationManager (ReplicationManager.java:run(917)) - Replication Monitor Thread is stopped
2023-07-21 21:01:08,438 [main] INFO  server.StorageContainerManager (StorageContainerManager.java:stop(1601)) - Stopping the Datanode Admin Monitor.
2023-07-21 21:01:08,438 [main] INFO  server.StorageContainerManager (StorageContainerManager.java:stop(1608)) - Stopping datanode service RPC server
2023-07-21 21:01:08,438 [main] INFO  server.SCMDatanodeProtocolServer (SCMDatanodeProtocolServer.java:stop(424)) - Stopping the RPC server for DataNodes
2023-07-21 21:01:08,438 [main] INFO  ipc.Server (Server.java:stop(3523)) - Stopping server on 15002
2023-07-21 21:01:08,440 [IPC Server listener on 15002] INFO  ipc.Server (Server.java:run(1434)) - Stopping IPC Server listener on 15002
2023-07-21 21:01:08,440 [IPC Server Responder] INFO  ipc.Server (Server.java:run(1567)) - Stopping IPC Server Responder
2023-07-21 21:01:08,505 [SCM Heartbeat Processing Thread - 0] WARN  node.NodeStateManager (NodeStateManager.java:scheduleNextHealthCheck(874)) - Current Thread is interrupted, shutting down HB processing thread for Node Manager.
2023-07-21 21:01:08,506 [main] INFO  server.StorageContainerManager (StorageContainerManager.java:stop(1616)) - Stopping block service RPC server
2023-07-21 21:01:08,506 [main] INFO  server.SCMBlockProtocolServer (SCMBlockProtocolServer.java:stop(161)) - Stopping the RPC server for Block Protocol
2023-07-21 21:01:08,506 [main] INFO  ipc.Server (Server.java:stop(3523)) - Stopping server on 15001
2023-07-21 21:01:08,508 [IPC Server listener on 15001] INFO  ipc.Server (Server.java:run(1434)) - Stopping IPC Server listener on 15001
2023-07-21 21:01:08,508 [main] INFO  server.StorageContainerManager (StorageContainerManager.java:stop(1623)) - Stopping the StorageContainerLocationProtocol RPC server
2023-07-21 21:01:08,508 [IPC Server Responder] INFO  ipc.Server (Server.java:run(1567)) - Stopping IPC Server Responder
2023-07-21 21:01:08,509 [main] INFO  server.SCMClientProtocolServer (SCMClientProtocolServer.java:stop(209)) - Stopping the RPC server for Client Protocol
2023-07-21 21:01:08,509 [main] INFO  ipc.Server (Server.java:stop(3523)) - Stopping server on 15000
2023-07-21 21:01:08,511 [IPC Server listener on 15000] INFO  ipc.Server (Server.java:run(1434)) - Stopping IPC Server listener on 15000
2023-07-21 21:01:08,511 [IPC Server Responder] INFO  ipc.Server (Server.java:run(1567)) - Stopping IPC Server Responder
2023-07-21 21:01:08,511 [main] INFO  server.StorageContainerManager (StorageContainerManager.java:stop(1630)) - Stopping Storage Container Manager HTTP server.
2023-07-21 21:01:08,512 [main] INFO  handler.ContextHandler (ContextHandler.java:doStop(1159)) - Stopped o.e.j.w.WebAppContext@5bbeb9e3{scm,/,null,STOPPED}{file:/home/runner/work/ozone/ozone/hadoop-ozone/integration-test/target/test-classes/webapps/scm}
2023-07-21 21:01:08,513 [main] INFO  server.AbstractConnector (AbstractConnector.java:doStop(383)) - Stopped ServerConnector@7d0e46dd{HTTP/1.1, (http/1.1)}{0.0.0.0:15003}
2023-07-21 21:01:08,513 [main] INFO  server.session (HouseKeeper.java:stopScavenging(149)) - node0 Stopped scavenging
2023-07-21 21:01:08,513 [main] INFO  handler.ContextHandler (ContextHandler.java:doStop(1159)) - Stopped o.e.j.s.ServletContextHandler@696a6506{static,/static,file:///home/runner/work/ozone/ozone/hadoop-ozone/integration-test/target/test-classes/webapps/static,STOPPED}
2023-07-21 21:01:08,514 [main] INFO  handler.ContextHandler (ContextHandler.java:doStop(1159)) - Stopped o.e.j.s.ServletContextHandler@56897de0{logs,/logs,file:///home/runner/work/ozone/ozone/hadoop-ozone/integration-test/target/log,STOPPED}
2023-07-21 21:01:08,514 [main] INFO  server.StorageContainerManager (StorageContainerManager.java:stop(1638)) - Stopping SCM LayoutVersionManager Service.
2023-07-21 21:01:08,515 [main] INFO  server.StorageContainerManager (StorageContainerManager.java:stop(1650)) - Stopping Block Manager Service.
2023-07-21 21:01:08,515 [main] INFO  utils.BackgroundService (BackgroundService.java:shutdown(141)) - Shutting down service SCMBlockDeletingService
2023-07-21 21:01:08,515 [main] INFO  utils.BackgroundService (BackgroundService.java:shutdown(141)) - Shutting down service SCMBlockDeletingService
2023-07-21 21:01:08,515 [main] INFO  server.StorageContainerManager (StorageContainerManager.java:stop(1670)) - Stopping SCM Event Queue.
2023-07-21 21:01:08,517 [JvmPauseMonitor0] INFO  util.JvmPauseMonitor (JvmPauseMonitor.java:run(109)) - JvmPauseMonitor-5e74f777-eef9-490a-a21d-1dfd987fb4b6: Stopped
2023-07-21 21:01:08,517 [main] INFO  server.StorageContainerManager (StorageContainerManager.java:stop(1681)) - Stopping SCM HA services.
2023-07-21 21:01:08,518 [main] INFO  pipeline.BackgroundPipelineCreator (BackgroundPipelineCreator.java:stop(149)) - Stopping RatisPipelineUtilsThread.
2023-07-21 21:01:08,518 [RatisPipelineUtilsThread - 0] WARN  pipeline.BackgroundPipelineCreator (BackgroundPipelineCreator.java:run(180)) - RatisPipelineUtilsThread is interrupted.
2023-07-21 21:01:08,518 [BackgroundPipelineScrubberThread] WARN  BackgroundPipelineScrubber (BackgroundSCMService.java:run(115)) - BackgroundPipelineScrubber is interrupted, exit
2023-07-21 21:01:08,518 [main] INFO  BackgroundPipelineScrubber (BackgroundSCMService.java:stop(131)) - Stopping BackgroundPipelineScrubber Service.
2023-07-21 21:01:08,519 [main] INFO  impl.MetricsSystemImpl (MetricsSystemImpl.java:stop(210)) - Stopping HddsDatanode metrics system...
2023-07-21 21:01:08,522 [prometheus] INFO  impl.MetricsSinkAdapter (MetricsSinkAdapter.java:publishMetricsFromQueue(141)) - prometheus thread interrupted.
2023-07-21 21:01:08,522 [main] INFO  impl.MetricsSystemImpl (MetricsSystemImpl.java:stop(216)) - HddsDatanode metrics system stopped.
2023-07-21 21:01:08,524 [main] WARN  pipeline.BackgroundPipelineCreator (BackgroundPipelineCreator.java:stop(145)) - RatisPipelineUtilsThread is not running, just ignore.
2023-07-21 21:01:08,524 [main] INFO  BackgroundPipelineScrubber (BackgroundSCMService.java:stop(126)) - BackgroundPipelineScrubber Service is not running, skip stop.
2023-07-21 21:01:08,524 [ExpiredContainerReplicaOpScrubberThread] WARN  ExpiredContainerReplicaOpScrubber (BackgroundSCMService.java:run(115)) - ExpiredContainerReplicaOpScrubber is interrupted, exit
2023-07-21 21:01:08,524 [main] INFO  ExpiredContainerReplicaOpScrubber (BackgroundSCMService.java:stop(131)) - Stopping ExpiredContainerReplicaOpScrubber Service.
2023-07-21 21:01:08,524 [main] INFO  utils.BackgroundService (BackgroundService.java:shutdown(141)) - Shutting down service SCMBlockDeletingService
2023-07-21 21:01:08,524 [main] INFO  replication.ReplicationManager (ReplicationManager.java:stop(329)) - Replication Monitor Thread is not running.
2023-07-21 21:01:08,525 [main] WARN  balancer.ContainerBalancer (ContainerBalancer.java:stop(326)) - Cannot stop Container Balancer because it's not running or stopping
2023-07-21 21:01:08,525 [main] INFO  server.StorageContainerManager (StorageContainerManager.java:stop(1716)) - Stopping SCM MetadataStore.
2023-07-21 21:01:08,525 [Lease Manager-LeaseManager#LeaseMonitor] WARN  lease.LeaseManager (LeaseManager.java:run(272)) - Lease manager is interrupted. Shutting down...
java.lang.InterruptedException
	at java.util.concurrent.locks.AbstractQueuedSynchronizer.doAcquireSharedNanos(AbstractQueuedSynchronizer.java:1039)
	at java.util.concurrent.locks.AbstractQueuedSynchronizer.tryAcquireSharedNanos(AbstractQueuedSynchronizer.java:1328)
	at java.util.concurrent.Semaphore.tryAcquire(Semaphore.java:409)
	at org.apache.hadoop.ozone.lease.LeaseManager$LeaseMonitor.run(LeaseManager.java:270)
	at java.lang.Thread.run(Thread.java:750)
]]></system-out>
  </testcase>
</testsuite>