<?xml version="1.0" encoding="UTF-8"?>
<testsuite xmlns:xsi="http://www.w3.org/2001/XMLSchema-instance" xsi:noNamespaceSchemaLocation="https://maven.apache.org/surefire/maven-surefire-plugin/xsd/surefire-test-report-3.0.xsd" version="3.0" name="org.apache.hadoop.fs.ozone.TestRootedOzoneFileSystemWithFSO" time="216.623" tests="108" errors="0" skipped="16" failures="0">
  <properties>
    <property name="awt.toolkit" value="sun.awt.X11.XToolkit"/>
    <property name="file.encoding.pkg" value="sun.io"/>
    <property name="java.specification.version" value="1.8"/>
    <property name="sun.cpu.isalist" value=""/>
    <property name="sun.jnu.encoding" value="UTF-8"/>
    <property name="java.class.path" value="/home/runner/work/ozone/ozone/hadoop-ozone/integration-test/target/test-classes:/home/runner/work/ozone/ozone/hadoop-ozone/integration-test/target/classes:/home/runner/.m2/repository/org/apache/ozone/ozone-common/1.4.0-SNAPSHOT/ozone-common-1.4.0-SNAPSHOT.jar:/home/runner/.m2/repository/io/grpc/grpc-netty/1.51.1/grpc-netty-1.51.1.jar:/home/runner/.m2/repository/io/grpc/grpc-core/1.51.1/grpc-core-1.51.1.jar:/home/runner/.m2/repository/com/google/android/annotations/4.1.1.4/annotations-4.1.1.4.jar:/home/runner/.m2/repository/org/codehaus/mojo/animal-sniffer-annotations/1.21/animal-sniffer-annotations-1.21.jar:/home/runner/.m2/repository/com/google/errorprone/error_prone_annotations/2.2.0/error_prone_annotations-2.2.0.jar:/home/runner/.m2/repository/io/perfmark/perfmark-api/0.25.0/perfmark-api-0.25.0.jar:/home/runner/.m2/repository/io/netty/netty-codec-http2/4.1.94.Final/netty-codec-http2-4.1.94.Final.jar:/home/runner/.m2/repository/io/netty/netty-common/4.1.94.Final/netty-common-4.1.94.Final.jar:/home/runner/.m2/repository/io/netty/netty-buffer/4.1.94.Final/netty-buffer-4.1.94.Final.jar:/home/runner/.m2/repository/io/netty/netty-codec-http/4.1.94.Final/netty-codec-http-4.1.94.Final.jar:/home/runner/.m2/repository/io/netty/netty-handler-proxy/4.1.94.Final/netty-handler-proxy-4.1.94.Final.jar:/home/runner/.m2/repository/io/netty/netty-codec-socks/4.1.94.Final/netty-codec-socks-4.1.94.Final.jar:/home/runner/.m2/repository/io/netty/netty-tcnative-boringssl-static/2.0.61.Final/netty-tcnative-boringssl-static-2.0.61.Final.jar:/home/runner/.m2/repository/io/netty/netty-tcnative-classes/2.0.61.Final/netty-tcnative-classes-2.0.61.Final.jar:/home/runner/.m2/repository/io/netty/netty-tcnative-boringssl-static/2.0.61.Final/netty-tcnative-boringssl-static-2.0.61.Final-linux-x86_64.jar:/home/runner/.m2/repository/io/netty/netty-tcnative-boringssl-static/2.0.61.Final/netty-tcnative-boringssl-static-2.0.61.Final-linux-aarch_64.jar:/home/runner/.m2/repository/io/netty/netty-tcnative-boringssl-static/2.0.61.Final/netty-tcnative-boringssl-static-2.0.61.Final-osx-x86_64.jar:/home/runner/.m2/repository/io/netty/netty-tcnative-boringssl-static/2.0.61.Final/netty-tcnative-boringssl-static-2.0.61.Final-osx-aarch_64.jar:/home/runner/.m2/repository/io/netty/netty-tcnative-boringssl-static/2.0.61.Final/netty-tcnative-boringssl-static-2.0.61.Final-windows-x86_64.jar:/home/runner/.m2/repository/org/apache/commons/commons-compress/1.21/commons-compress-1.21.jar:/home/runner/.m2/repository/org/apache/ozone/hdds-common/1.4.0-SNAPSHOT/hdds-common-1.4.0-SNAPSHOT.jar:/home/runner/.m2/repository/org/apache/ozone/hdds-client/1.4.0-SNAPSHOT/hdds-client-1.4.0-SNAPSHOT.jar:/home/runner/.m2/repository/org/apache/ozone/ozone-interface-client/1.4.0-SNAPSHOT/ozone-interface-client-1.4.0-SNAPSHOT.jar:/home/runner/.m2/repository/org/apache/hadoop/hadoop-hdfs-client/3.3.6/hadoop-hdfs-client-3.3.6.jar:/home/runner/.m2/repository/com/squareup/okhttp3/okhttp/4.9.3/okhttp-4.9.3.jar:/home/runner/.m2/repository/com/squareup/okio/okio/3.4.0/okio-3.4.0.jar:/home/runner/.m2/repository/com/squareup/okio/okio-jvm/3.4.0/okio-jvm-3.4.0.jar:/home/runner/.m2/repository/org/jetbrains/kotlin/kotlin-stdlib-jdk8/1.8.0/kotlin-stdlib-jdk8-1.8.0.jar:/home/runner/.m2/repository/org/jetbrains/kotlin/kotlin-stdlib-jdk7/1.8.0/kotlin-stdlib-jdk7-1.8.0.jar:/home/runner/.m2/repository/org/jetbrains/kotlin/kotlin-stdlib-common/1.6.21/kotlin-stdlib-common-1.6.21.jar:/home/runner/.m2/repository/org/apache/ozone/hdds-test-utils/1.4.0-SNAPSHOT/hdds-test-utils-1.4.0-SNAPSHOT.jar:/home/runner/.m2/repository/com/google/guava/guava/32.0.0-jre/guava-32.0.0-jre.jar:/home/runner/.m2/repository/com/google/guava/failureaccess/1.0.1/failureaccess-1.0.1.jar:/home/runner/.m2/repository/com/google/guava/listenablefuture/9999.0-empty-to-avoid-conflict-with-guava/listenablefuture-9999.0-empty-to-avoid-conflict-with-guava.jar:/home/runner/.m2/repository/com/google/code/findbugs/jsr305/3.0.0/jsr305-3.0.0.jar:/home/runner/.m2/repository/org/checkerframework/checker-qual/3.33.0/checker-qual-3.33.0.jar:/home/runner/.m2/repository/com/google/j2objc/j2objc-annotations/2.8/j2objc-annotations-2.8.jar:/home/runner/.m2/repository/commons-io/commons-io/2.11.0/commons-io-2.11.0.jar:/home/runner/.m2/repository/commons-logging/commons-logging/1.2/commons-logging-1.2.jar:/home/runner/.m2/repository/ch/qos/reload4j/reload4j/1.2.22/reload4j-1.2.22.jar:/home/runner/.m2/repository/org/slf4j/slf4j-api/1.7.36/slf4j-api-1.7.36.jar:/home/runner/.m2/repository/org/apache/logging/log4j/log4j-api/2.17.1/log4j-api-2.17.1.jar:/home/runner/.m2/repository/org/apache/ozone/hdds-server-scm/1.4.0-SNAPSHOT/hdds-server-scm-1.4.0-SNAPSHOT.jar:/home/runner/.m2/repository/org/apache/ozone/hdds-container-service/1.4.0-SNAPSHOT/hdds-container-service-1.4.0-SNAPSHOT.jar:/home/runner/.m2/repository/org/apache/ozone/hdds-hadoop-dependency-server/1.4.0-SNAPSHOT/hdds-hadoop-dependency-server-1.4.0-SNAPSHOT.jar:/home/runner/.m2/repository/org/apache/hadoop/hadoop-hdfs/3.3.6/hadoop-hdfs-3.3.6.jar:/home/runner/.m2/repository/commons-daemon/commons-daemon/1.0.13/commons-daemon-1.0.13.jar:/home/runner/.m2/repository/org/apache/ozone/hdds-server-framework/1.4.0-SNAPSHOT/hdds-server-framework-1.4.0-SNAPSHOT.jar:/home/runner/.m2/repository/io/dropwizard/metrics/metrics-core/3.2.4/metrics-core-3.2.4.jar:/home/runner/.m2/repository/org/apache/commons/commons-text/1.10.0/commons-text-1.10.0.jar:/home/runner/.m2/repository/org/bouncycastle/bcprov-jdk15on/1.67/bcprov-jdk15on-1.67.jar:/home/runner/.m2/repository/com/google/protobuf/protobuf-java/2.5.0/protobuf-java-2.5.0.jar:/home/runner/.m2/repository/org/apache/ozone/hdds-server-framework/1.4.0-SNAPSHOT/hdds-server-framework-1.4.0-SNAPSHOT-tests.jar:/home/runner/.m2/repository/org/apache/ozone/hdds-interface-server/1.4.0-SNAPSHOT/hdds-interface-server-1.4.0-SNAPSHOT.jar:/home/runner/.m2/repository/org/apache/ozone/hdds-interface-admin/1.4.0-SNAPSHOT/hdds-interface-admin-1.4.0-SNAPSHOT.jar:/home/runner/.m2/repository/org/apache/ozone/hdds-managed-rocksdb/1.4.0-SNAPSHOT/hdds-managed-rocksdb-1.4.0-SNAPSHOT.jar:/home/runner/.m2/repository/org/rocksdb/rocksdbjni/7.7.3/rocksdbjni-7.7.3.jar:/home/runner/.m2/repository/org/slf4j/slf4j-reload4j/1.7.36/slf4j-reload4j-1.7.36.jar:/home/runner/.m2/repository/org/apache/commons/commons-configuration2/2.1.1/commons-configuration2-2.1.1.jar:/home/runner/.m2/repository/commons-fileupload/commons-fileupload/1.5/commons-fileupload-1.5.jar:/home/runner/.m2/repository/org/apache/logging/log4j/log4j-core/2.17.1/log4j-core-2.17.1.jar:/home/runner/.m2/repository/com/lmax/disruptor/3.4.2/disruptor-3.4.2.jar:/home/runner/.m2/repository/org/eclipse/jetty/jetty-util/9.4.52.v20230823/jetty-util-9.4.52.v20230823.jar:/home/runner/.m2/repository/org/eclipse/jetty/jetty-server/9.4.52.v20230823/jetty-server-9.4.52.v20230823.jar:/home/runner/.m2/repository/org/eclipse/jetty/jetty-http/9.4.52.v20230823/jetty-http-9.4.52.v20230823.jar:/home/runner/.m2/repository/org/eclipse/jetty/jetty-io/9.4.52.v20230823/jetty-io-9.4.52.v20230823.jar:/home/runner/.m2/repository/org/eclipse/jetty/jetty-servlet/9.4.52.v20230823/jetty-servlet-9.4.52.v20230823.jar:/home/runner/.m2/repository/org/eclipse/jetty/jetty-security/9.4.52.v20230823/jetty-security-9.4.52.v20230823.jar:/home/runner/.m2/repository/org/eclipse/jetty/jetty-util-ajax/9.4.52.v20230823/jetty-util-ajax-9.4.52.v20230823.jar:/home/runner/.m2/repository/org/eclipse/jetty/jetty-webapp/9.4.52.v20230823/jetty-webapp-9.4.52.v20230823.jar:/home/runner/.m2/repository/org/eclipse/jetty/jetty-xml/9.4.52.v20230823/jetty-xml-9.4.52.v20230823.jar:/home/runner/.m2/repository/org/apache/ratis/ratis-server/2.5.1/ratis-server-2.5.1.jar:/home/runner/.m2/repository/org/apache/ratis/ratis-thirdparty-misc/1.0.4/ratis-thirdparty-misc-1.0.4.jar:/home/runner/.m2/repository/org/apache/ratis/ratis-proto/2.5.1/ratis-proto-2.5.1.jar:/home/runner/.m2/repository/org/apache/ratis/ratis-common/2.5.1/ratis-common-2.5.1.jar:/home/runner/.m2/repository/org/apache/ratis/ratis-client/2.5.1/ratis-client-2.5.1.jar:/home/runner/.m2/repository/org/apache/ratis/ratis-server-api/2.5.1/ratis-server-api-2.5.1.jar:/home/runner/.m2/repository/org/apache/ratis/ratis-metrics/2.5.1/ratis-metrics-2.5.1.jar:/home/runner/.m2/repository/io/prometheus/simpleclient_dropwizard/0.7.0/simpleclient_dropwizard-0.7.0.jar:/home/runner/.m2/repository/io/prometheus/simpleclient/0.7.0/simpleclient-0.7.0.jar:/home/runner/.m2/repository/io/prometheus/simpleclient_common/0.7.0/simpleclient_common-0.7.0.jar:/home/runner/.m2/repository/com/fasterxml/jackson/datatype/jackson-datatype-jsr310/2.13.4/jackson-datatype-jsr310-2.13.4.jar:/home/runner/.m2/repository/com/fasterxml/jackson/core/jackson-core/2.13.4/jackson-core-2.13.4.jar:/home/runner/.m2/repository/com/github/spotbugs/spotbugs-annotations/3.1.12/spotbugs-annotations-3.1.12.jar:/home/runner/.m2/repository/org/apache/ozone/rocksdb-checkpoint-differ/1.4.0-SNAPSHOT/rocksdb-checkpoint-differ-1.4.0-SNAPSHOT.jar:/home/runner/.m2/repository/org/jgrapht/jgrapht-core/1.0.1/jgrapht-core-1.0.1.jar:/home/runner/.m2/repository/org/jgrapht/jgrapht-ext/1.0.1/jgrapht-ext-1.0.1.jar:/home/runner/.m2/repository/org/tinyjee/jgraphx/jgraphx/2.0.0.1/jgraphx-2.0.0.1.jar:/home/runner/.m2/repository/jgraph/jgraph/5.13.0.0/jgraph-5.13.0.0.jar:/home/runner/.m2/repository/org/antlr/antlr4-runtime/4.5.3/antlr4-runtime-4.5.3.jar:/home/runner/.m2/repository/org/awaitility/awaitility/4.2.0/awaitility-4.2.0.jar:/home/runner/.m2/repository/org/hamcrest/hamcrest/2.1/hamcrest-2.1.jar:/home/runner/.m2/repository/org/apache/ozone/ozone-manager/1.4.0-SNAPSHOT/ozone-manager-1.4.0-SNAPSHOT.jar:/home/runner/.m2/repository/org/aspectj/aspectjrt/1.9.7/aspectjrt-1.9.7.jar:/home/runner/.m2/repository/org/aspectj/aspectjweaver/1.9.7/aspectjweaver-1.9.7.jar:/home/runner/.m2/repository/org/apache/ozone/hdds-interface-client/1.4.0-SNAPSHOT/hdds-interface-client-1.4.0-SNAPSHOT.jar:/home/runner/.m2/repository/org/apache/hadoop/thirdparty/hadoop-shaded-protobuf_3_7/1.1.1/hadoop-shaded-protobuf_3_7-1.1.1.jar:/home/runner/.m2/repository/org/apache/ozone/ozone-interface-storage/1.4.0-SNAPSHOT/ozone-interface-storage-1.4.0-SNAPSHOT.jar:/home/runner/.m2/repository/org/reflections/reflections/0.9.11/reflections-0.9.11.jar:/home/runner/.m2/repository/com/sun/jersey/jersey-client/1.19/jersey-client-1.19.jar:/home/runner/.m2/repository/org/codehaus/jackson/jackson-core-asl/1.9.13/jackson-core-asl-1.9.13.jar:/home/runner/.m2/repository/org/codehaus/jackson/jackson-mapper-asl/1.9.13/jackson-mapper-asl-1.9.13.jar:/home/runner/.m2/repository/org/codehaus/jackson/jackson-jaxrs/1.9.13/jackson-jaxrs-1.9.13.jar:/home/runner/.m2/repository/org/apache/ranger/ranger-intg/2.3.0/ranger-intg-2.3.0.jar:/home/runner/.m2/repository/org/apache/ranger/ranger-plugins-common/2.3.0/ranger-plugins-common-2.3.0.jar:/home/runner/.m2/repository/commons-lang/commons-lang/2.6/commons-lang-2.6.jar:/home/runner/.m2/repository/org/apache/ranger/ranger-plugins-cred/2.3.0/ranger-plugins-cred-2.3.0.jar:/home/runner/.m2/repository/org/apache/ranger/ranger-plugins-audit/2.3.0/ranger-plugins-audit-2.3.0.jar:/home/runner/.m2/repository/org/eclipse/jetty/jetty-client/9.4.52.v20230823/jetty-client-9.4.52.v20230823.jar:/home/runner/.m2/repository/org/apache/httpcomponents/httpmime/4.5.6/httpmime-4.5.6.jar:/home/runner/.m2/repository/org/apache/httpcomponents/httpcore-nio/4.4.13/httpcore-nio-4.4.13.jar:/home/runner/.m2/repository/org/apache/httpcomponents/httpasyncclient/4.1.3/httpasyncclient-4.1.3.jar:/home/runner/.m2/repository/com/carrotsearch/hppc/0.8.0/hppc-0.8.0.jar:/home/runner/.m2/repository/org/apache/orc/orc-core/1.5.8/orc-core-1.5.8.jar:/home/runner/.m2/repository/net/java/dev/jna/jna/5.2.0/jna-5.2.0.jar:/home/runner/.m2/repository/net/java/dev/jna/jna-platform/5.2.0/jna-platform-5.2.0.jar:/home/runner/.m2/repository/com/kstruct/gethostname4j/0.0.2/gethostname4j-0.0.2.jar:/home/runner/.m2/repository/org/apache/ranger/ranger-plugin-classloader/2.3.0/ranger-plugin-classloader-2.3.0.jar:/home/runner/.m2/repository/org/apache/ozone/hdds-rocks-native/1.4.0-SNAPSHOT/hdds-rocks-native-1.4.0-SNAPSHOT.jar:/home/runner/.m2/repository/org/apache/hadoop/hadoop-minikdc/3.3.6/hadoop-minikdc-3.3.6.jar:/home/runner/.m2/repository/org/apache/kerby/kerb-simplekdc/1.0.1/kerb-simplekdc-1.0.1.jar:/home/runner/.m2/repository/org/apache/kerby/kerb-client/1.0.1/kerb-client-1.0.1.jar:/home/runner/.m2/repository/org/apache/kerby/kerby-config/1.0.1/kerby-config-1.0.1.jar:/home/runner/.m2/repository/org/apache/kerby/kerb-common/1.0.1/kerb-common-1.0.1.jar:/home/runner/.m2/repository/org/apache/kerby/kerb-crypto/1.0.1/kerb-crypto-1.0.1.jar:/home/runner/.m2/repository/org/apache/kerby/kerb-util/1.0.1/kerb-util-1.0.1.jar:/home/runner/.m2/repository/org/apache/kerby/token-provider/1.0.1/token-provider-1.0.1.jar:/home/runner/.m2/repository/org/apache/kerby/kerb-admin/1.0.1/kerb-admin-1.0.1.jar:/home/runner/.m2/repository/org/apache/kerby/kerb-server/1.0.1/kerb-server-1.0.1.jar:/home/runner/.m2/repository/org/apache/kerby/kerb-identity/1.0.1/kerb-identity-1.0.1.jar:/home/runner/.m2/repository/org/apache/kerby/kerby-xdr/1.0.1/kerby-xdr-1.0.1.jar:/home/runner/.m2/repository/org/apache/ozone/ozone-s3gateway/1.4.0-SNAPSHOT/ozone-s3gateway-1.4.0-SNAPSHOT.jar:/home/runner/.m2/repository/org/javassist/javassist/3.21.0-GA/javassist-3.21.0-GA.jar:/home/runner/.m2/repository/org/jboss/weld/servlet/weld-servlet-shaded/3.1.9.Final/weld-servlet-shaded-3.1.9.Final.jar:/home/runner/.m2/repository/org/glassfish/jersey/containers/jersey-container-servlet-core/2.34/jersey-container-servlet-core-2.34.jar:/home/runner/.m2/repository/org/glassfish/hk2/external/jakarta.inject/2.6.1/jakarta.inject-2.6.1.jar:/home/runner/.m2/repository/org/glassfish/jersey/core/jersey-common/2.34/jersey-common-2.34.jar:/home/runner/.m2/repository/jakarta/ws/rs/jakarta.ws.rs-api/2.1.6/jakarta.ws.rs-api-2.1.6.jar:/home/runner/.m2/repository/org/glassfish/jersey/ext/cdi/jersey-cdi1x/2.34/jersey-cdi1x-2.34.jar:/home/runner/.m2/repository/org/glassfish/jersey/inject/jersey-hk2/2.34/jersey-hk2-2.34.jar:/home/runner/.m2/repository/org/glassfish/hk2/hk2-locator/2.6.1/hk2-locator-2.6.1.jar:/home/runner/.m2/repository/org/glassfish/jersey/media/jersey-media-jaxb/2.34/jersey-media-jaxb-2.34.jar:/home/runner/.m2/repository/org/glassfish/hk2/osgi-resource-locator/1.0.3/osgi-resource-locator-1.0.3.jar:/home/runner/.m2/repository/org/glassfish/hk2/hk2-api/2.5.0/hk2-api-2.5.0.jar:/home/runner/.m2/repository/org/glassfish/hk2/hk2-utils/2.5.0/hk2-utils-2.5.0.jar:/home/runner/.m2/repository/org/glassfish/hk2/external/aopalliance-repackaged/2.5.0/aopalliance-repackaged-2.5.0.jar:/home/runner/.m2/repository/com/fasterxml/jackson/dataformat/jackson-dataformat-xml/2.13.4/jackson-dataformat-xml-2.13.4.jar:/home/runner/.m2/repository/org/codehaus/woodstox/stax2-api/4.2.1/stax2-api-4.2.1.jar:/home/runner/.m2/repository/com/fasterxml/woodstox/woodstox-core/5.4.0/woodstox-core-5.4.0.jar:/home/runner/.m2/repository/com/fasterxml/jackson/module/jackson-module-jaxb-annotations/2.13.4/jackson-module-jaxb-annotations-2.13.4.jar:/home/runner/.m2/repository/jakarta/xml/bind/jakarta.xml.bind-api/2.3.3/jakarta.xml.bind-api-2.3.3.jar:/home/runner/.m2/repository/jakarta/activation/jakarta.activation-api/1.2.2/jakarta.activation-api-1.2.2.jar:/home/runner/.m2/repository/javax/enterprise/cdi-api/2.0/cdi-api-2.0.jar:/home/runner/.m2/repository/javax/el/javax.el-api/3.0.0/javax.el-api-3.0.0.jar:/home/runner/.m2/repository/javax/interceptor/javax.interceptor-api/1.2/javax.interceptor-api-1.2.jar:/home/runner/.m2/repository/javax/inject/javax.inject/1/javax.inject-1.jar:/home/runner/.m2/repository/javax/xml/bind/jaxb-api/2.3.0/jaxb-api-2.3.0.jar:/home/runner/.m2/repository/org/glassfish/jaxb/jaxb-runtime/2.3.0.1/jaxb-runtime-2.3.0.1.jar:/home/runner/.m2/repository/org/glassfish/jaxb/jaxb-core/2.3.0.1/jaxb-core-2.3.0.1.jar:/home/runner/.m2/repository/org/glassfish/jaxb/txw2/2.3.0.1/txw2-2.3.0.1.jar:/home/runner/.m2/repository/com/sun/istack/istack-commons-runtime/3.0.5/istack-commons-runtime-3.0.5.jar:/home/runner/.m2/repository/org/jvnet/staxex/stax-ex/1.7.8/stax-ex-1.7.8.jar:/home/runner/.m2/repository/com/sun/xml/fastinfoset/FastInfoset/1.2.13/FastInfoset-1.2.13.jar:/home/runner/.m2/repository/javax/activation/activation/1.1.1/activation-1.1.1.jar:/home/runner/.m2/repository/io/grpc/grpc-protobuf/1.51.1/grpc-protobuf-1.51.1.jar:/home/runner/.m2/repository/com/google/api/grpc/proto-google-common-protos/2.9.0/proto-google-common-protos-2.9.0.jar:/home/runner/.m2/repository/io/grpc/grpc-protobuf-lite/1.51.1/grpc-protobuf-lite-1.51.1.jar:/home/runner/.m2/repository/io/grpc/grpc-stub/1.51.1/grpc-stub-1.51.1.jar:/home/runner/.m2/repository/io/netty/netty-transport/4.1.94.Final/netty-transport-4.1.94.Final.jar:/home/runner/.m2/repository/io/netty/netty-resolver/4.1.94.Final/netty-resolver-4.1.94.Final.jar:/home/runner/.m2/repository/org/apache/ozone/ozone-csi/1.4.0-SNAPSHOT/ozone-csi-1.4.0-SNAPSHOT.jar:/home/runner/.m2/repository/com/google/protobuf/protobuf-java-util/3.19.6/protobuf-java-util-3.19.6.jar:/home/runner/.m2/repository/com/google/code/gson/gson/2.9.0/gson-2.9.0.jar:/home/runner/.m2/repository/org/apache/ozone/hdds-config/1.4.0-SNAPSHOT/hdds-config-1.4.0-SNAPSHOT.jar:/home/runner/.m2/repository/io/netty/netty-transport-native-epoll/4.1.94.Final/netty-transport-native-epoll-4.1.94.Final-linux-x86_64.jar:/home/runner/.m2/repository/io/netty/netty-transport-classes-epoll/4.1.94.Final/netty-transport-classes-epoll-4.1.94.Final.jar:/home/runner/.m2/repository/io/netty/netty-transport-native-unix-common/4.1.94.Final/netty-transport-native-unix-common-4.1.94.Final.jar:/home/runner/.m2/repository/org/apache/ozone/ozone-recon/1.4.0-SNAPSHOT/ozone-recon-1.4.0-SNAPSHOT.jar:/home/runner/.m2/repository/org/apache/ozone/ozone-reconcodegen/1.4.0-SNAPSHOT/ozone-reconcodegen-1.4.0-SNAPSHOT.jar:/home/runner/.m2/repository/com/google/inject/guice/5.1.0/guice-5.1.0.jar:/home/runner/.m2/repository/aopalliance/aopalliance/1.0/aopalliance-1.0.jar:/home/runner/.m2/repository/com/google/inject/extensions/guice-assistedinject/5.1.0/guice-assistedinject-5.1.0.jar:/home/runner/.m2/repository/com/google/inject/extensions/guice-servlet/5.1.0/guice-servlet-5.1.0.jar:/home/runner/.m2/repository/org/glassfish/jersey/containers/jersey-container-servlet/2.34/jersey-container-servlet-2.34.jar:/home/runner/.m2/repository/org/glassfish/hk2/guice-bridge/2.5.0/guice-bridge-2.5.0.jar:/home/runner/.m2/repository/org/glassfish/jersey/core/jersey-server/2.34/jersey-server-2.34.jar:/home/runner/.m2/repository/org/glassfish/jersey/core/jersey-client/2.34/jersey-client-2.34.jar:/home/runner/.m2/repository/jakarta/annotation/jakarta.annotation-api/1.3.5/jakarta.annotation-api-1.3.5.jar:/home/runner/.m2/repository/jakarta/validation/jakarta.validation-api/2.0.2/jakarta.validation-api-2.0.2.jar:/home/runner/.m2/repository/org/glassfish/jersey/media/jersey-media-json-jackson/2.34/jersey-media-json-jackson-2.34.jar:/home/runner/.m2/repository/org/glassfish/jersey/ext/jersey-entity-filtering/2.34/jersey-entity-filtering-2.34.jar:/home/runner/.m2/repository/org/jooq/jooq/3.11.10/jooq-3.11.10.jar:/home/runner/.m2/repository/org/jooq/jooq-meta/3.11.10/jooq-meta-3.11.10.jar:/home/runner/.m2/repository/org/jooq/jooq-codegen/3.11.10/jooq-codegen-3.11.10.jar:/home/runner/.m2/repository/com/jolbox/bonecp/0.8.0.RELEASE/bonecp-0.8.0.RELEASE.jar:/home/runner/.m2/repository/org/apache/derby/derby/10.14.2.0/derby-10.14.2.0.jar:/home/runner/.m2/repository/org/xerial/sqlite-jdbc/3.41.2.2/sqlite-jdbc-3.41.2.2.jar:/home/runner/.m2/repository/org/springframework/spring-jdbc/5.3.27/spring-jdbc-5.3.27.jar:/home/runner/.m2/repository/org/springframework/spring-beans/5.3.27/spring-beans-5.3.27.jar:/home/runner/.m2/repository/org/springframework/spring-core/5.3.27/spring-core-5.3.27.jar:/home/runner/.m2/repository/org/springframework/spring-tx/5.3.27/spring-tx-5.3.27.jar:/home/runner/.m2/repository/org/apache/ozone/ozone-client/1.4.0-SNAPSHOT/ozone-client-1.4.0-SNAPSHOT.jar:/home/runner/.m2/repository/org/apache/ozone/hdds-erasurecode/1.4.0-SNAPSHOT/hdds-erasurecode-1.4.0-SNAPSHOT.jar:/home/runner/.m2/repository/org/apache/ozone/ozone-filesystem/1.4.0-SNAPSHOT/ozone-filesystem-1.4.0-SNAPSHOT.jar:/home/runner/.m2/repository/org/apache/ozone/ozone-filesystem-common/1.4.0-SNAPSHOT/ozone-filesystem-common-1.4.0-SNAPSHOT.jar:/home/runner/.m2/repository/org/apache/ozone/ozone-tools/1.4.0-SNAPSHOT/ozone-tools-1.4.0-SNAPSHOT.jar:/home/runner/.m2/repository/com/amazonaws/aws-java-sdk-core/1.12.261/aws-java-sdk-core-1.12.261.jar:/home/runner/.m2/repository/org/apache/httpcomponents/httpclient/4.5.13/httpclient-4.5.13.jar:/home/runner/.m2/repository/org/apache/httpcomponents/httpcore/4.4.13/httpcore-4.4.13.jar:/home/runner/.m2/repository/software/amazon/ion/ion-java/1.0.2/ion-java-1.0.2.jar:/home/runner/.m2/repository/com/fasterxml/jackson/dataformat/jackson-dataformat-cbor/2.13.4/jackson-dataformat-cbor-2.13.4.jar:/home/runner/.m2/repository/joda-time/joda-time/2.10.6/joda-time-2.10.6.jar:/home/runner/.m2/repository/com/amazonaws/aws-java-sdk-s3/1.12.261/aws-java-sdk-s3-1.12.261.jar:/home/runner/.m2/repository/com/amazonaws/aws-java-sdk-kms/1.12.261/aws-java-sdk-kms-1.12.261.jar:/home/runner/.m2/repository/com/amazonaws/jmespath-java/1.12.261/jmespath-java-1.12.261.jar:/home/runner/.m2/repository/org/kohsuke/metainf-services/metainf-services/1.8/metainf-services-1.8.jar:/home/runner/.m2/repository/org/apache/ozone/hdds-tools/1.4.0-SNAPSHOT/hdds-tools-1.4.0-SNAPSHOT.jar:/home/runner/.m2/repository/org/apache/ratis/ratis-tools/2.5.1/ratis-tools-2.5.1.jar:/home/runner/.m2/repository/commons-cli/commons-cli/1.2/commons-cli-1.2.jar:/home/runner/.m2/repository/org/apache/commons/commons-lang3/3.7/commons-lang3-3.7.jar:/home/runner/.m2/repository/org/apache/ozone/ozone-manager/1.4.0-SNAPSHOT/ozone-manager-1.4.0-SNAPSHOT-tests.jar:/home/runner/.m2/repository/org/apache/ozone/hdds-common/1.4.0-SNAPSHOT/hdds-common-1.4.0-SNAPSHOT-tests.jar:/home/runner/.m2/repository/org/apache/ozone/hdds-hadoop-dependency-client/1.4.0-SNAPSHOT/hdds-hadoop-dependency-client-1.4.0-SNAPSHOT.jar:/home/runner/.m2/repository/info/picocli/picocli/4.6.1/picocli-4.6.1.jar:/home/runner/.m2/repository/com/fasterxml/jackson/core/jackson-annotations/2.13.4/jackson-annotations-2.13.4.jar:/home/runner/.m2/repository/org/apache/ozone/hdds-annotation-processing/1.4.0-SNAPSHOT/hdds-annotation-processing-1.4.0-SNAPSHOT.jar:/home/runner/.m2/repository/javax/annotation/javax.annotation-api/1.2/javax.annotation-api-1.2.jar:/home/runner/.m2/repository/org/apache/ratis/ratis-netty/2.5.1/ratis-netty-2.5.1.jar:/home/runner/.m2/repository/org/apache/ratis/ratis-grpc/2.5.1/ratis-grpc-2.5.1.jar:/home/runner/.m2/repository/org/apache/commons/commons-pool2/2.6.0/commons-pool2-2.6.0.jar:/home/runner/.m2/repository/org/bouncycastle/bcpkix-jdk15on/1.67/bcpkix-jdk15on-1.67.jar:/home/runner/.m2/repository/commons-validator/commons-validator/1.6/commons-validator-1.6.jar:/home/runner/.m2/repository/commons-beanutils/commons-beanutils/1.9.4/commons-beanutils-1.9.4.jar:/home/runner/.m2/repository/commons-digester/commons-digester/1.8.1/commons-digester-1.8.1.jar:/home/runner/.m2/repository/commons-collections/commons-collections/3.2.2/commons-collections-3.2.2.jar:/home/runner/.m2/repository/io/jaegertracing/jaeger-client/1.6.0/jaeger-client-1.6.0.jar:/home/runner/.m2/repository/io/jaegertracing/jaeger-thrift/1.6.0/jaeger-thrift-1.6.0.jar:/home/runner/.m2/repository/org/apache/thrift/libthrift/0.14.1/libthrift-0.14.1.jar:/home/runner/.m2/repository/io/jaegertracing/jaeger-core/1.6.0/jaeger-core-1.6.0.jar:/home/runner/.m2/repository/io/jaegertracing/jaeger-tracerresolver/1.6.0/jaeger-tracerresolver-1.6.0.jar:/home/runner/.m2/repository/io/opentracing/contrib/opentracing-tracerresolver/0.1.8/opentracing-tracerresolver-0.1.8.jar:/home/runner/.m2/repository/org/jetbrains/kotlin/kotlin-stdlib/1.6.21/kotlin-stdlib-1.6.21.jar:/home/runner/.m2/repository/org/jetbrains/annotations/13.0/annotations-13.0.jar:/home/runner/.m2/repository/io/opentracing/opentracing-util/0.33.0/opentracing-util-0.33.0.jar:/home/runner/.m2/repository/io/opentracing/opentracing-api/0.33.0/opentracing-api-0.33.0.jar:/home/runner/.m2/repository/io/opentracing/opentracing-noop/0.33.0/opentracing-noop-0.33.0.jar:/home/runner/.m2/repository/org/yaml/snakeyaml/2.0/snakeyaml-2.0.jar:/home/runner/.m2/repository/io/grpc/grpc-api/1.51.1/grpc-api-1.51.1.jar:/home/runner/.m2/repository/io/grpc/grpc-context/1.51.1/grpc-context-1.51.1.jar:/home/runner/.m2/repository/junit/junit/4.13.1/junit-4.13.1.jar:/home/runner/.m2/repository/org/hamcrest/hamcrest-core/1.3/hamcrest-core-1.3.jar:/home/runner/.m2/repository/org/junit/jupiter/junit-jupiter-api/5.8.2/junit-jupiter-api-5.8.2.jar:/home/runner/.m2/repository/org/opentest4j/opentest4j/1.2.0/opentest4j-1.2.0.jar:/home/runner/.m2/repository/org/junit/platform/junit-platform-commons/1.8.2/junit-platform-commons-1.8.2.jar:/home/runner/.m2/repository/org/apiguardian/apiguardian-api/1.1.2/apiguardian-api-1.1.2.jar:/home/runner/.m2/repository/org/junit/jupiter/junit-jupiter-params/5.8.2/junit-jupiter-params-5.8.2.jar:/home/runner/.m2/repository/org/junit/jupiter/junit-jupiter-migrationsupport/5.8.2/junit-jupiter-migrationsupport-5.8.2.jar:/home/runner/.m2/repository/org/junit/jupiter/junit-jupiter-engine/5.8.2/junit-jupiter-engine-5.8.2.jar:/home/runner/.m2/repository/org/junit/platform/junit-platform-engine/1.8.2/junit-platform-engine-1.8.2.jar:/home/runner/.m2/repository/org/junit/vintage/junit-vintage-engine/5.8.2/junit-vintage-engine-5.8.2.jar:/home/runner/.m2/repository/org/junit/platform/junit-platform-launcher/1.8.2/junit-platform-launcher-1.8.2.jar:/home/runner/.m2/repository/org/mockito/mockito-core/3.5.9/mockito-core-3.5.9.jar:/home/runner/.m2/repository/net/bytebuddy/byte-buddy/1.10.13/byte-buddy-1.10.13.jar:/home/runner/.m2/repository/net/bytebuddy/byte-buddy-agent/1.10.13/byte-buddy-agent-1.10.13.jar:/home/runner/.m2/repository/org/objenesis/objenesis/1.0/objenesis-1.0.jar:/home/runner/.m2/repository/org/apache/hadoop/hadoop-kms/3.3.6/hadoop-kms-3.3.6.jar:/home/runner/.m2/repository/org/apache/hadoop/hadoop-auth/3.3.6/hadoop-auth-3.3.6.jar:/home/runner/.m2/repository/com/nimbusds/nimbus-jose-jwt/9.8.1/nimbus-jose-jwt-9.8.1.jar:/home/runner/.m2/repository/com/github/stephenc/jcip/jcip-annotations/1.0-1/jcip-annotations-1.0-1.jar:/home/runner/.m2/repository/org/apache/zookeeper/zookeeper/3.5.6/zookeeper-3.5.6.jar:/home/runner/.m2/repository/org/apache/zookeeper/zookeeper-jute/3.5.6/zookeeper-jute-3.5.6.jar:/home/runner/.m2/repository/org/apache/yetus/audience-annotations/0.5.0/audience-annotations-0.5.0.jar:/home/runner/.m2/repository/org/apache/curator/curator-framework/4.2.0/curator-framework-4.2.0.jar:/home/runner/.m2/repository/org/apache/hadoop/thirdparty/hadoop-shaded-guava/1.1.1/hadoop-shaded-guava-1.1.1.jar:/home/runner/.m2/repository/com/sun/jersey/jersey-core/1.19/jersey-core-1.19.jar:/home/runner/.m2/repository/javax/ws/rs/jsr311-api/1.1.1/jsr311-api-1.1.1.jar:/home/runner/.m2/repository/com/sun/jersey/jersey-server/1.19/jersey-server-1.19.jar:/home/runner/.m2/repository/javax/servlet/javax.servlet-api/3.1.0/javax.servlet-api-3.1.0.jar:/home/runner/.m2/repository/org/apache/hadoop/hadoop-common/3.3.6/hadoop-common-3.3.6.jar:/home/runner/.m2/repository/org/apache/commons/commons-math3/3.1.1/commons-math3-3.1.1.jar:/home/runner/.m2/repository/commons-net/commons-net/3.9.0/commons-net-3.9.0.jar:/home/runner/.m2/repository/com/sun/jersey/jersey-servlet/1.19/jersey-servlet-1.19.jar:/home/runner/.m2/repository/com/github/pjfanning/jersey-json/1.20/jersey-json-1.20.jar:/home/runner/.m2/repository/org/codehaus/jettison/jettison/1.1/jettison-1.1.jar:/home/runner/.m2/repository/com/sun/xml/bind/jaxb-impl/2.2.3-1/jaxb-impl-2.2.3-1.jar:/home/runner/.m2/repository/com/google/re2j/re2j/1.1/re2j-1.1.jar:/home/runner/.m2/repository/com/jcraft/jsch/0.1.54/jsch-0.1.54.jar:/home/runner/.m2/repository/org/apache/curator/curator-client/4.2.0/curator-client-4.2.0.jar:/home/runner/.m2/repository/org/apache/curator/curator-recipes/5.2.0/curator-recipes-5.2.0.jar:/home/runner/.m2/repository/org/apache/kerby/kerb-core/1.0.1/kerb-core-1.0.1.jar:/home/runner/.m2/repository/org/apache/kerby/kerby-pkix/1.0.1/kerby-pkix-1.0.1.jar:/home/runner/.m2/repository/org/apache/kerby/kerby-asn1/1.0.1/kerby-asn1-1.0.1.jar:/home/runner/.m2/repository/org/apache/kerby/kerby-util/1.0.1/kerby-util-1.0.1.jar:/home/runner/.m2/repository/dnsjava/dnsjava/2.1.7/dnsjava-2.1.7.jar:/home/runner/.m2/repository/org/xerial/snappy/snappy-java/1.1.8.2/snappy-java-1.1.8.2.jar:/home/runner/.m2/repository/com/fasterxml/jackson/core/jackson-databind/2.13.4.2/jackson-databind-2.13.4.2.jar:/home/runner/.m2/repository/org/apache/hadoop/hadoop-kms/3.3.6/hadoop-kms-3.3.6-tests.jar:/home/runner/.m2/repository/org/apache/ozone/hdds-server-scm/1.4.0-SNAPSHOT/hdds-server-scm-1.4.0-SNAPSHOT-tests.jar:/home/runner/.m2/repository/org/apache/ozone/hdds-container-service/1.4.0-SNAPSHOT/hdds-container-service-1.4.0-SNAPSHOT-tests.jar:/home/runner/.m2/repository/com/github/luben/zstd-jni/1.5.2-5/zstd-jni-1.5.2-5.jar:/home/runner/.m2/repository/commons-codec/commons-codec/1.15/commons-codec-1.15.jar:/home/runner/.m2/repository/io/netty/netty-codec/4.1.94.Final/netty-codec-4.1.94.Final.jar:/home/runner/.m2/repository/io/netty/netty-handler/4.1.94.Final/netty-handler-4.1.94.Final.jar:/home/runner/.m2/repository/org/apache/ozone/hdds-hadoop-dependency-test/1.4.0-SNAPSHOT/hdds-hadoop-dependency-test-1.4.0-SNAPSHOT.jar:/home/runner/.m2/repository/org/apache/hadoop/hadoop-common/3.3.6/hadoop-common-3.3.6-tests.jar:/home/runner/.m2/repository/org/apache/hadoop/hadoop-hdfs/3.3.6/hadoop-hdfs-3.3.6-tests.jar:/home/runner/.m2/repository/org/assertj/assertj-core/3.12.2/assertj-core-3.12.2.jar:/home/runner/.m2/repository/org/apache/hadoop/hadoop-distcp/3.3.6/hadoop-distcp-3.3.6.jar:/home/runner/.m2/repository/org/apache/hadoop/hadoop-mapreduce-client-jobclient/3.3.6/hadoop-mapreduce-client-jobclient-3.3.6.jar:/home/runner/.m2/repository/org/apache/hadoop/hadoop-mapreduce-client-common/3.3.6/hadoop-mapreduce-client-common-3.3.6.jar:/home/runner/.m2/repository/org/apache/hadoop/hadoop-yarn-common/3.3.6/hadoop-yarn-common-3.3.6.jar:/home/runner/.m2/repository/org/apache/hadoop/hadoop-yarn-api/3.3.6/hadoop-yarn-api-3.3.6.jar:/home/runner/.m2/repository/com/sun/jersey/contribs/jersey-guice/1.19/jersey-guice-1.19.jar:/home/runner/.m2/repository/com/fasterxml/jackson/jaxrs/jackson-jaxrs-json-provider/2.13.4/jackson-jaxrs-json-provider-2.13.4.jar:/home/runner/.m2/repository/com/fasterxml/jackson/jaxrs/jackson-jaxrs-base/2.13.4/jackson-jaxrs-base-2.13.4.jar:/home/runner/.m2/repository/org/apache/hadoop/hadoop-yarn-client/3.3.6/hadoop-yarn-client-3.3.6.jar:/home/runner/.m2/repository/org/eclipse/jetty/websocket/websocket-client/9.4.51.v20230217/websocket-client-9.4.51.v20230217.jar:/home/runner/.m2/repository/org/eclipse/jetty/websocket/websocket-common/9.4.51.v20230217/websocket-common-9.4.51.v20230217.jar:/home/runner/.m2/repository/org/eclipse/jetty/websocket/websocket-api/9.4.51.v20230217/websocket-api-9.4.51.v20230217.jar:/home/runner/.m2/repository/org/jline/jline/3.9.0/jline-3.9.0.jar:/home/runner/.m2/repository/org/apache/hadoop/hadoop-mapreduce-client-core/3.3.6/hadoop-mapreduce-client-core-3.3.6.jar:/home/runner/.m2/repository/org/apache/avro/avro/1.7.7/avro-1.7.7.jar:/home/runner/.m2/repository/com/thoughtworks/paranamer/paranamer/2.3/paranamer-2.3.jar:/home/runner/.m2/repository/org/apache/hadoop/hadoop-annotations/3.3.6/hadoop-annotations-3.3.6.jar:/usr/lib/jvm/temurin-8-jdk-amd64/jre/../lib/tools.jar:/home/runner/.m2/repository/io/netty/netty/3.10.6.Final/netty-3.10.6.Final.jar:/home/runner/.m2/repository/org/apache/hadoop/hadoop-distcp/3.3.6/hadoop-distcp-3.3.6-tests.jar:/home/runner/.m2/repository/org/slf4j/jul-to-slf4j/1.7.36/jul-to-slf4j-1.7.36.jar:"/>
    <property name="java.vm.vendor" value="Temurin"/>
    <property name="sun.arch.data.model" value="64"/>
    <property name="test.build.dir" value="/home/runner/work/ozone/ozone/hadoop-ozone/integration-test/target/test-dir"/>
    <property name="test.cache.data" value=""/>
    <property name="java.vendor.url" value="https://adoptium.net/"/>
    <property name="user.timezone" value="Etc/UTC"/>
    <property name="java.vm.specification.version" value="1.8"/>
    <property name="os.name" value="Linux"/>
    <property name="test.build.data" value="/home/runner/work/ozone/ozone/hadoop-ozone/integration-test/target/test-dir"/>
    <property name="sun.java.launcher" value="SUN_STANDARD"/>
    <property name="sun.boot.library.path" value="/usr/lib/jvm/temurin-8-jdk-amd64/jre/lib/amd64"/>
    <property name="sun.java.command" value="/home/runner/work/ozone/ozone/hadoop-ozone/integration-test/target/surefire/surefirebooter681703411075389453.jar /home/runner/work/ozone/ozone/hadoop-ozone/integration-test/target/surefire 2023-09-29T08-59-55_911-jvmRun1 surefire1094488278050091959tmp surefire_72357771547660552690tmp"/>
    <property name="native.lib.tmp.dir" value="/tmp"/>
    <property name="surefire.test.class.path" value="/home/runner/work/ozone/ozone/hadoop-ozone/integration-test/target/test-classes:/home/runner/work/ozone/ozone/hadoop-ozone/integration-test/target/classes:/home/runner/.m2/repository/org/apache/ozone/ozone-common/1.4.0-SNAPSHOT/ozone-common-1.4.0-SNAPSHOT.jar:/home/runner/.m2/repository/io/grpc/grpc-netty/1.51.1/grpc-netty-1.51.1.jar:/home/runner/.m2/repository/io/grpc/grpc-core/1.51.1/grpc-core-1.51.1.jar:/home/runner/.m2/repository/com/google/android/annotations/4.1.1.4/annotations-4.1.1.4.jar:/home/runner/.m2/repository/org/codehaus/mojo/animal-sniffer-annotations/1.21/animal-sniffer-annotations-1.21.jar:/home/runner/.m2/repository/com/google/errorprone/error_prone_annotations/2.2.0/error_prone_annotations-2.2.0.jar:/home/runner/.m2/repository/io/perfmark/perfmark-api/0.25.0/perfmark-api-0.25.0.jar:/home/runner/.m2/repository/io/netty/netty-codec-http2/4.1.94.Final/netty-codec-http2-4.1.94.Final.jar:/home/runner/.m2/repository/io/netty/netty-common/4.1.94.Final/netty-common-4.1.94.Final.jar:/home/runner/.m2/repository/io/netty/netty-buffer/4.1.94.Final/netty-buffer-4.1.94.Final.jar:/home/runner/.m2/repository/io/netty/netty-codec-http/4.1.94.Final/netty-codec-http-4.1.94.Final.jar:/home/runner/.m2/repository/io/netty/netty-handler-proxy/4.1.94.Final/netty-handler-proxy-4.1.94.Final.jar:/home/runner/.m2/repository/io/netty/netty-codec-socks/4.1.94.Final/netty-codec-socks-4.1.94.Final.jar:/home/runner/.m2/repository/io/netty/netty-tcnative-boringssl-static/2.0.61.Final/netty-tcnative-boringssl-static-2.0.61.Final.jar:/home/runner/.m2/repository/io/netty/netty-tcnative-classes/2.0.61.Final/netty-tcnative-classes-2.0.61.Final.jar:/home/runner/.m2/repository/io/netty/netty-tcnative-boringssl-static/2.0.61.Final/netty-tcnative-boringssl-static-2.0.61.Final-linux-x86_64.jar:/home/runner/.m2/repository/io/netty/netty-tcnative-boringssl-static/2.0.61.Final/netty-tcnative-boringssl-static-2.0.61.Final-linux-aarch_64.jar:/home/runner/.m2/repository/io/netty/netty-tcnative-boringssl-static/2.0.61.Final/netty-tcnative-boringssl-static-2.0.61.Final-osx-x86_64.jar:/home/runner/.m2/repository/io/netty/netty-tcnative-boringssl-static/2.0.61.Final/netty-tcnative-boringssl-static-2.0.61.Final-osx-aarch_64.jar:/home/runner/.m2/repository/io/netty/netty-tcnative-boringssl-static/2.0.61.Final/netty-tcnative-boringssl-static-2.0.61.Final-windows-x86_64.jar:/home/runner/.m2/repository/org/apache/commons/commons-compress/1.21/commons-compress-1.21.jar:/home/runner/.m2/repository/org/apache/ozone/hdds-common/1.4.0-SNAPSHOT/hdds-common-1.4.0-SNAPSHOT.jar:/home/runner/.m2/repository/org/apache/ozone/hdds-client/1.4.0-SNAPSHOT/hdds-client-1.4.0-SNAPSHOT.jar:/home/runner/.m2/repository/org/apache/ozone/ozone-interface-client/1.4.0-SNAPSHOT/ozone-interface-client-1.4.0-SNAPSHOT.jar:/home/runner/.m2/repository/org/apache/hadoop/hadoop-hdfs-client/3.3.6/hadoop-hdfs-client-3.3.6.jar:/home/runner/.m2/repository/com/squareup/okhttp3/okhttp/4.9.3/okhttp-4.9.3.jar:/home/runner/.m2/repository/com/squareup/okio/okio/3.4.0/okio-3.4.0.jar:/home/runner/.m2/repository/com/squareup/okio/okio-jvm/3.4.0/okio-jvm-3.4.0.jar:/home/runner/.m2/repository/org/jetbrains/kotlin/kotlin-stdlib-jdk8/1.8.0/kotlin-stdlib-jdk8-1.8.0.jar:/home/runner/.m2/repository/org/jetbrains/kotlin/kotlin-stdlib-jdk7/1.8.0/kotlin-stdlib-jdk7-1.8.0.jar:/home/runner/.m2/repository/org/jetbrains/kotlin/kotlin-stdlib-common/1.6.21/kotlin-stdlib-common-1.6.21.jar:/home/runner/.m2/repository/org/apache/ozone/hdds-test-utils/1.4.0-SNAPSHOT/hdds-test-utils-1.4.0-SNAPSHOT.jar:/home/runner/.m2/repository/com/google/guava/guava/32.0.0-jre/guava-32.0.0-jre.jar:/home/runner/.m2/repository/com/google/guava/failureaccess/1.0.1/failureaccess-1.0.1.jar:/home/runner/.m2/repository/com/google/guava/listenablefuture/9999.0-empty-to-avoid-conflict-with-guava/listenablefuture-9999.0-empty-to-avoid-conflict-with-guava.jar:/home/runner/.m2/repository/com/google/code/findbugs/jsr305/3.0.0/jsr305-3.0.0.jar:/home/runner/.m2/repository/org/checkerframework/checker-qual/3.33.0/checker-qual-3.33.0.jar:/home/runner/.m2/repository/com/google/j2objc/j2objc-annotations/2.8/j2objc-annotations-2.8.jar:/home/runner/.m2/repository/commons-io/commons-io/2.11.0/commons-io-2.11.0.jar:/home/runner/.m2/repository/commons-logging/commons-logging/1.2/commons-logging-1.2.jar:/home/runner/.m2/repository/ch/qos/reload4j/reload4j/1.2.22/reload4j-1.2.22.jar:/home/runner/.m2/repository/org/slf4j/slf4j-api/1.7.36/slf4j-api-1.7.36.jar:/home/runner/.m2/repository/org/apache/logging/log4j/log4j-api/2.17.1/log4j-api-2.17.1.jar:/home/runner/.m2/repository/org/apache/ozone/hdds-server-scm/1.4.0-SNAPSHOT/hdds-server-scm-1.4.0-SNAPSHOT.jar:/home/runner/.m2/repository/org/apache/ozone/hdds-container-service/1.4.0-SNAPSHOT/hdds-container-service-1.4.0-SNAPSHOT.jar:/home/runner/.m2/repository/org/apache/ozone/hdds-hadoop-dependency-server/1.4.0-SNAPSHOT/hdds-hadoop-dependency-server-1.4.0-SNAPSHOT.jar:/home/runner/.m2/repository/org/apache/hadoop/hadoop-hdfs/3.3.6/hadoop-hdfs-3.3.6.jar:/home/runner/.m2/repository/commons-daemon/commons-daemon/1.0.13/commons-daemon-1.0.13.jar:/home/runner/.m2/repository/org/apache/ozone/hdds-server-framework/1.4.0-SNAPSHOT/hdds-server-framework-1.4.0-SNAPSHOT.jar:/home/runner/.m2/repository/io/dropwizard/metrics/metrics-core/3.2.4/metrics-core-3.2.4.jar:/home/runner/.m2/repository/org/apache/commons/commons-text/1.10.0/commons-text-1.10.0.jar:/home/runner/.m2/repository/org/bouncycastle/bcprov-jdk15on/1.67/bcprov-jdk15on-1.67.jar:/home/runner/.m2/repository/com/google/protobuf/protobuf-java/2.5.0/protobuf-java-2.5.0.jar:/home/runner/.m2/repository/org/apache/ozone/hdds-server-framework/1.4.0-SNAPSHOT/hdds-server-framework-1.4.0-SNAPSHOT-tests.jar:/home/runner/.m2/repository/org/apache/ozone/hdds-interface-server/1.4.0-SNAPSHOT/hdds-interface-server-1.4.0-SNAPSHOT.jar:/home/runner/.m2/repository/org/apache/ozone/hdds-interface-admin/1.4.0-SNAPSHOT/hdds-interface-admin-1.4.0-SNAPSHOT.jar:/home/runner/.m2/repository/org/apache/ozone/hdds-managed-rocksdb/1.4.0-SNAPSHOT/hdds-managed-rocksdb-1.4.0-SNAPSHOT.jar:/home/runner/.m2/repository/org/rocksdb/rocksdbjni/7.7.3/rocksdbjni-7.7.3.jar:/home/runner/.m2/repository/org/slf4j/slf4j-reload4j/1.7.36/slf4j-reload4j-1.7.36.jar:/home/runner/.m2/repository/org/apache/commons/commons-configuration2/2.1.1/commons-configuration2-2.1.1.jar:/home/runner/.m2/repository/commons-fileupload/commons-fileupload/1.5/commons-fileupload-1.5.jar:/home/runner/.m2/repository/org/apache/logging/log4j/log4j-core/2.17.1/log4j-core-2.17.1.jar:/home/runner/.m2/repository/com/lmax/disruptor/3.4.2/disruptor-3.4.2.jar:/home/runner/.m2/repository/org/eclipse/jetty/jetty-util/9.4.52.v20230823/jetty-util-9.4.52.v20230823.jar:/home/runner/.m2/repository/org/eclipse/jetty/jetty-server/9.4.52.v20230823/jetty-server-9.4.52.v20230823.jar:/home/runner/.m2/repository/org/eclipse/jetty/jetty-http/9.4.52.v20230823/jetty-http-9.4.52.v20230823.jar:/home/runner/.m2/repository/org/eclipse/jetty/jetty-io/9.4.52.v20230823/jetty-io-9.4.52.v20230823.jar:/home/runner/.m2/repository/org/eclipse/jetty/jetty-servlet/9.4.52.v20230823/jetty-servlet-9.4.52.v20230823.jar:/home/runner/.m2/repository/org/eclipse/jetty/jetty-security/9.4.52.v20230823/jetty-security-9.4.52.v20230823.jar:/home/runner/.m2/repository/org/eclipse/jetty/jetty-util-ajax/9.4.52.v20230823/jetty-util-ajax-9.4.52.v20230823.jar:/home/runner/.m2/repository/org/eclipse/jetty/jetty-webapp/9.4.52.v20230823/jetty-webapp-9.4.52.v20230823.jar:/home/runner/.m2/repository/org/eclipse/jetty/jetty-xml/9.4.52.v20230823/jetty-xml-9.4.52.v20230823.jar:/home/runner/.m2/repository/org/apache/ratis/ratis-server/2.5.1/ratis-server-2.5.1.jar:/home/runner/.m2/repository/org/apache/ratis/ratis-thirdparty-misc/1.0.4/ratis-thirdparty-misc-1.0.4.jar:/home/runner/.m2/repository/org/apache/ratis/ratis-proto/2.5.1/ratis-proto-2.5.1.jar:/home/runner/.m2/repository/org/apache/ratis/ratis-common/2.5.1/ratis-common-2.5.1.jar:/home/runner/.m2/repository/org/apache/ratis/ratis-client/2.5.1/ratis-client-2.5.1.jar:/home/runner/.m2/repository/org/apache/ratis/ratis-server-api/2.5.1/ratis-server-api-2.5.1.jar:/home/runner/.m2/repository/org/apache/ratis/ratis-metrics/2.5.1/ratis-metrics-2.5.1.jar:/home/runner/.m2/repository/io/prometheus/simpleclient_dropwizard/0.7.0/simpleclient_dropwizard-0.7.0.jar:/home/runner/.m2/repository/io/prometheus/simpleclient/0.7.0/simpleclient-0.7.0.jar:/home/runner/.m2/repository/io/prometheus/simpleclient_common/0.7.0/simpleclient_common-0.7.0.jar:/home/runner/.m2/repository/com/fasterxml/jackson/datatype/jackson-datatype-jsr310/2.13.4/jackson-datatype-jsr310-2.13.4.jar:/home/runner/.m2/repository/com/fasterxml/jackson/core/jackson-core/2.13.4/jackson-core-2.13.4.jar:/home/runner/.m2/repository/com/github/spotbugs/spotbugs-annotations/3.1.12/spotbugs-annotations-3.1.12.jar:/home/runner/.m2/repository/org/apache/ozone/rocksdb-checkpoint-differ/1.4.0-SNAPSHOT/rocksdb-checkpoint-differ-1.4.0-SNAPSHOT.jar:/home/runner/.m2/repository/org/jgrapht/jgrapht-core/1.0.1/jgrapht-core-1.0.1.jar:/home/runner/.m2/repository/org/jgrapht/jgrapht-ext/1.0.1/jgrapht-ext-1.0.1.jar:/home/runner/.m2/repository/org/tinyjee/jgraphx/jgraphx/2.0.0.1/jgraphx-2.0.0.1.jar:/home/runner/.m2/repository/jgraph/jgraph/5.13.0.0/jgraph-5.13.0.0.jar:/home/runner/.m2/repository/org/antlr/antlr4-runtime/4.5.3/antlr4-runtime-4.5.3.jar:/home/runner/.m2/repository/org/awaitility/awaitility/4.2.0/awaitility-4.2.0.jar:/home/runner/.m2/repository/org/hamcrest/hamcrest/2.1/hamcrest-2.1.jar:/home/runner/.m2/repository/org/apache/ozone/ozone-manager/1.4.0-SNAPSHOT/ozone-manager-1.4.0-SNAPSHOT.jar:/home/runner/.m2/repository/org/aspectj/aspectjrt/1.9.7/aspectjrt-1.9.7.jar:/home/runner/.m2/repository/org/aspectj/aspectjweaver/1.9.7/aspectjweaver-1.9.7.jar:/home/runner/.m2/repository/org/apache/ozone/hdds-interface-client/1.4.0-SNAPSHOT/hdds-interface-client-1.4.0-SNAPSHOT.jar:/home/runner/.m2/repository/org/apache/hadoop/thirdparty/hadoop-shaded-protobuf_3_7/1.1.1/hadoop-shaded-protobuf_3_7-1.1.1.jar:/home/runner/.m2/repository/org/apache/ozone/ozone-interface-storage/1.4.0-SNAPSHOT/ozone-interface-storage-1.4.0-SNAPSHOT.jar:/home/runner/.m2/repository/org/reflections/reflections/0.9.11/reflections-0.9.11.jar:/home/runner/.m2/repository/com/sun/jersey/jersey-client/1.19/jersey-client-1.19.jar:/home/runner/.m2/repository/org/codehaus/jackson/jackson-core-asl/1.9.13/jackson-core-asl-1.9.13.jar:/home/runner/.m2/repository/org/codehaus/jackson/jackson-mapper-asl/1.9.13/jackson-mapper-asl-1.9.13.jar:/home/runner/.m2/repository/org/codehaus/jackson/jackson-jaxrs/1.9.13/jackson-jaxrs-1.9.13.jar:/home/runner/.m2/repository/org/apache/ranger/ranger-intg/2.3.0/ranger-intg-2.3.0.jar:/home/runner/.m2/repository/org/apache/ranger/ranger-plugins-common/2.3.0/ranger-plugins-common-2.3.0.jar:/home/runner/.m2/repository/commons-lang/commons-lang/2.6/commons-lang-2.6.jar:/home/runner/.m2/repository/org/apache/ranger/ranger-plugins-cred/2.3.0/ranger-plugins-cred-2.3.0.jar:/home/runner/.m2/repository/org/apache/ranger/ranger-plugins-audit/2.3.0/ranger-plugins-audit-2.3.0.jar:/home/runner/.m2/repository/org/eclipse/jetty/jetty-client/9.4.52.v20230823/jetty-client-9.4.52.v20230823.jar:/home/runner/.m2/repository/org/apache/httpcomponents/httpmime/4.5.6/httpmime-4.5.6.jar:/home/runner/.m2/repository/org/apache/httpcomponents/httpcore-nio/4.4.13/httpcore-nio-4.4.13.jar:/home/runner/.m2/repository/org/apache/httpcomponents/httpasyncclient/4.1.3/httpasyncclient-4.1.3.jar:/home/runner/.m2/repository/com/carrotsearch/hppc/0.8.0/hppc-0.8.0.jar:/home/runner/.m2/repository/org/apache/orc/orc-core/1.5.8/orc-core-1.5.8.jar:/home/runner/.m2/repository/net/java/dev/jna/jna/5.2.0/jna-5.2.0.jar:/home/runner/.m2/repository/net/java/dev/jna/jna-platform/5.2.0/jna-platform-5.2.0.jar:/home/runner/.m2/repository/com/kstruct/gethostname4j/0.0.2/gethostname4j-0.0.2.jar:/home/runner/.m2/repository/org/apache/ranger/ranger-plugin-classloader/2.3.0/ranger-plugin-classloader-2.3.0.jar:/home/runner/.m2/repository/org/apache/ozone/hdds-rocks-native/1.4.0-SNAPSHOT/hdds-rocks-native-1.4.0-SNAPSHOT.jar:/home/runner/.m2/repository/org/apache/hadoop/hadoop-minikdc/3.3.6/hadoop-minikdc-3.3.6.jar:/home/runner/.m2/repository/org/apache/kerby/kerb-simplekdc/1.0.1/kerb-simplekdc-1.0.1.jar:/home/runner/.m2/repository/org/apache/kerby/kerb-client/1.0.1/kerb-client-1.0.1.jar:/home/runner/.m2/repository/org/apache/kerby/kerby-config/1.0.1/kerby-config-1.0.1.jar:/home/runner/.m2/repository/org/apache/kerby/kerb-common/1.0.1/kerb-common-1.0.1.jar:/home/runner/.m2/repository/org/apache/kerby/kerb-crypto/1.0.1/kerb-crypto-1.0.1.jar:/home/runner/.m2/repository/org/apache/kerby/kerb-util/1.0.1/kerb-util-1.0.1.jar:/home/runner/.m2/repository/org/apache/kerby/token-provider/1.0.1/token-provider-1.0.1.jar:/home/runner/.m2/repository/org/apache/kerby/kerb-admin/1.0.1/kerb-admin-1.0.1.jar:/home/runner/.m2/repository/org/apache/kerby/kerb-server/1.0.1/kerb-server-1.0.1.jar:/home/runner/.m2/repository/org/apache/kerby/kerb-identity/1.0.1/kerb-identity-1.0.1.jar:/home/runner/.m2/repository/org/apache/kerby/kerby-xdr/1.0.1/kerby-xdr-1.0.1.jar:/home/runner/.m2/repository/org/apache/ozone/ozone-s3gateway/1.4.0-SNAPSHOT/ozone-s3gateway-1.4.0-SNAPSHOT.jar:/home/runner/.m2/repository/org/javassist/javassist/3.21.0-GA/javassist-3.21.0-GA.jar:/home/runner/.m2/repository/org/jboss/weld/servlet/weld-servlet-shaded/3.1.9.Final/weld-servlet-shaded-3.1.9.Final.jar:/home/runner/.m2/repository/org/glassfish/jersey/containers/jersey-container-servlet-core/2.34/jersey-container-servlet-core-2.34.jar:/home/runner/.m2/repository/org/glassfish/hk2/external/jakarta.inject/2.6.1/jakarta.inject-2.6.1.jar:/home/runner/.m2/repository/org/glassfish/jersey/core/jersey-common/2.34/jersey-common-2.34.jar:/home/runner/.m2/repository/jakarta/ws/rs/jakarta.ws.rs-api/2.1.6/jakarta.ws.rs-api-2.1.6.jar:/home/runner/.m2/repository/org/glassfish/jersey/ext/cdi/jersey-cdi1x/2.34/jersey-cdi1x-2.34.jar:/home/runner/.m2/repository/org/glassfish/jersey/inject/jersey-hk2/2.34/jersey-hk2-2.34.jar:/home/runner/.m2/repository/org/glassfish/hk2/hk2-locator/2.6.1/hk2-locator-2.6.1.jar:/home/runner/.m2/repository/org/glassfish/jersey/media/jersey-media-jaxb/2.34/jersey-media-jaxb-2.34.jar:/home/runner/.m2/repository/org/glassfish/hk2/osgi-resource-locator/1.0.3/osgi-resource-locator-1.0.3.jar:/home/runner/.m2/repository/org/glassfish/hk2/hk2-api/2.5.0/hk2-api-2.5.0.jar:/home/runner/.m2/repository/org/glassfish/hk2/hk2-utils/2.5.0/hk2-utils-2.5.0.jar:/home/runner/.m2/repository/org/glassfish/hk2/external/aopalliance-repackaged/2.5.0/aopalliance-repackaged-2.5.0.jar:/home/runner/.m2/repository/com/fasterxml/jackson/dataformat/jackson-dataformat-xml/2.13.4/jackson-dataformat-xml-2.13.4.jar:/home/runner/.m2/repository/org/codehaus/woodstox/stax2-api/4.2.1/stax2-api-4.2.1.jar:/home/runner/.m2/repository/com/fasterxml/woodstox/woodstox-core/5.4.0/woodstox-core-5.4.0.jar:/home/runner/.m2/repository/com/fasterxml/jackson/module/jackson-module-jaxb-annotations/2.13.4/jackson-module-jaxb-annotations-2.13.4.jar:/home/runner/.m2/repository/jakarta/xml/bind/jakarta.xml.bind-api/2.3.3/jakarta.xml.bind-api-2.3.3.jar:/home/runner/.m2/repository/jakarta/activation/jakarta.activation-api/1.2.2/jakarta.activation-api-1.2.2.jar:/home/runner/.m2/repository/javax/enterprise/cdi-api/2.0/cdi-api-2.0.jar:/home/runner/.m2/repository/javax/el/javax.el-api/3.0.0/javax.el-api-3.0.0.jar:/home/runner/.m2/repository/javax/interceptor/javax.interceptor-api/1.2/javax.interceptor-api-1.2.jar:/home/runner/.m2/repository/javax/inject/javax.inject/1/javax.inject-1.jar:/home/runner/.m2/repository/javax/xml/bind/jaxb-api/2.3.0/jaxb-api-2.3.0.jar:/home/runner/.m2/repository/org/glassfish/jaxb/jaxb-runtime/2.3.0.1/jaxb-runtime-2.3.0.1.jar:/home/runner/.m2/repository/org/glassfish/jaxb/jaxb-core/2.3.0.1/jaxb-core-2.3.0.1.jar:/home/runner/.m2/repository/org/glassfish/jaxb/txw2/2.3.0.1/txw2-2.3.0.1.jar:/home/runner/.m2/repository/com/sun/istack/istack-commons-runtime/3.0.5/istack-commons-runtime-3.0.5.jar:/home/runner/.m2/repository/org/jvnet/staxex/stax-ex/1.7.8/stax-ex-1.7.8.jar:/home/runner/.m2/repository/com/sun/xml/fastinfoset/FastInfoset/1.2.13/FastInfoset-1.2.13.jar:/home/runner/.m2/repository/javax/activation/activation/1.1.1/activation-1.1.1.jar:/home/runner/.m2/repository/io/grpc/grpc-protobuf/1.51.1/grpc-protobuf-1.51.1.jar:/home/runner/.m2/repository/com/google/api/grpc/proto-google-common-protos/2.9.0/proto-google-common-protos-2.9.0.jar:/home/runner/.m2/repository/io/grpc/grpc-protobuf-lite/1.51.1/grpc-protobuf-lite-1.51.1.jar:/home/runner/.m2/repository/io/grpc/grpc-stub/1.51.1/grpc-stub-1.51.1.jar:/home/runner/.m2/repository/io/netty/netty-transport/4.1.94.Final/netty-transport-4.1.94.Final.jar:/home/runner/.m2/repository/io/netty/netty-resolver/4.1.94.Final/netty-resolver-4.1.94.Final.jar:/home/runner/.m2/repository/org/apache/ozone/ozone-csi/1.4.0-SNAPSHOT/ozone-csi-1.4.0-SNAPSHOT.jar:/home/runner/.m2/repository/com/google/protobuf/protobuf-java-util/3.19.6/protobuf-java-util-3.19.6.jar:/home/runner/.m2/repository/com/google/code/gson/gson/2.9.0/gson-2.9.0.jar:/home/runner/.m2/repository/org/apache/ozone/hdds-config/1.4.0-SNAPSHOT/hdds-config-1.4.0-SNAPSHOT.jar:/home/runner/.m2/repository/io/netty/netty-transport-native-epoll/4.1.94.Final/netty-transport-native-epoll-4.1.94.Final-linux-x86_64.jar:/home/runner/.m2/repository/io/netty/netty-transport-classes-epoll/4.1.94.Final/netty-transport-classes-epoll-4.1.94.Final.jar:/home/runner/.m2/repository/io/netty/netty-transport-native-unix-common/4.1.94.Final/netty-transport-native-unix-common-4.1.94.Final.jar:/home/runner/.m2/repository/org/apache/ozone/ozone-recon/1.4.0-SNAPSHOT/ozone-recon-1.4.0-SNAPSHOT.jar:/home/runner/.m2/repository/org/apache/ozone/ozone-reconcodegen/1.4.0-SNAPSHOT/ozone-reconcodegen-1.4.0-SNAPSHOT.jar:/home/runner/.m2/repository/com/google/inject/guice/5.1.0/guice-5.1.0.jar:/home/runner/.m2/repository/aopalliance/aopalliance/1.0/aopalliance-1.0.jar:/home/runner/.m2/repository/com/google/inject/extensions/guice-assistedinject/5.1.0/guice-assistedinject-5.1.0.jar:/home/runner/.m2/repository/com/google/inject/extensions/guice-servlet/5.1.0/guice-servlet-5.1.0.jar:/home/runner/.m2/repository/org/glassfish/jersey/containers/jersey-container-servlet/2.34/jersey-container-servlet-2.34.jar:/home/runner/.m2/repository/org/glassfish/hk2/guice-bridge/2.5.0/guice-bridge-2.5.0.jar:/home/runner/.m2/repository/org/glassfish/jersey/core/jersey-server/2.34/jersey-server-2.34.jar:/home/runner/.m2/repository/org/glassfish/jersey/core/jersey-client/2.34/jersey-client-2.34.jar:/home/runner/.m2/repository/jakarta/annotation/jakarta.annotation-api/1.3.5/jakarta.annotation-api-1.3.5.jar:/home/runner/.m2/repository/jakarta/validation/jakarta.validation-api/2.0.2/jakarta.validation-api-2.0.2.jar:/home/runner/.m2/repository/org/glassfish/jersey/media/jersey-media-json-jackson/2.34/jersey-media-json-jackson-2.34.jar:/home/runner/.m2/repository/org/glassfish/jersey/ext/jersey-entity-filtering/2.34/jersey-entity-filtering-2.34.jar:/home/runner/.m2/repository/org/jooq/jooq/3.11.10/jooq-3.11.10.jar:/home/runner/.m2/repository/org/jooq/jooq-meta/3.11.10/jooq-meta-3.11.10.jar:/home/runner/.m2/repository/org/jooq/jooq-codegen/3.11.10/jooq-codegen-3.11.10.jar:/home/runner/.m2/repository/com/jolbox/bonecp/0.8.0.RELEASE/bonecp-0.8.0.RELEASE.jar:/home/runner/.m2/repository/org/apache/derby/derby/10.14.2.0/derby-10.14.2.0.jar:/home/runner/.m2/repository/org/xerial/sqlite-jdbc/3.41.2.2/sqlite-jdbc-3.41.2.2.jar:/home/runner/.m2/repository/org/springframework/spring-jdbc/5.3.27/spring-jdbc-5.3.27.jar:/home/runner/.m2/repository/org/springframework/spring-beans/5.3.27/spring-beans-5.3.27.jar:/home/runner/.m2/repository/org/springframework/spring-core/5.3.27/spring-core-5.3.27.jar:/home/runner/.m2/repository/org/springframework/spring-tx/5.3.27/spring-tx-5.3.27.jar:/home/runner/.m2/repository/org/apache/ozone/ozone-client/1.4.0-SNAPSHOT/ozone-client-1.4.0-SNAPSHOT.jar:/home/runner/.m2/repository/org/apache/ozone/hdds-erasurecode/1.4.0-SNAPSHOT/hdds-erasurecode-1.4.0-SNAPSHOT.jar:/home/runner/.m2/repository/org/apache/ozone/ozone-filesystem/1.4.0-SNAPSHOT/ozone-filesystem-1.4.0-SNAPSHOT.jar:/home/runner/.m2/repository/org/apache/ozone/ozone-filesystem-common/1.4.0-SNAPSHOT/ozone-filesystem-common-1.4.0-SNAPSHOT.jar:/home/runner/.m2/repository/org/apache/ozone/ozone-tools/1.4.0-SNAPSHOT/ozone-tools-1.4.0-SNAPSHOT.jar:/home/runner/.m2/repository/com/amazonaws/aws-java-sdk-core/1.12.261/aws-java-sdk-core-1.12.261.jar:/home/runner/.m2/repository/org/apache/httpcomponents/httpclient/4.5.13/httpclient-4.5.13.jar:/home/runner/.m2/repository/org/apache/httpcomponents/httpcore/4.4.13/httpcore-4.4.13.jar:/home/runner/.m2/repository/software/amazon/ion/ion-java/1.0.2/ion-java-1.0.2.jar:/home/runner/.m2/repository/com/fasterxml/jackson/dataformat/jackson-dataformat-cbor/2.13.4/jackson-dataformat-cbor-2.13.4.jar:/home/runner/.m2/repository/joda-time/joda-time/2.10.6/joda-time-2.10.6.jar:/home/runner/.m2/repository/com/amazonaws/aws-java-sdk-s3/1.12.261/aws-java-sdk-s3-1.12.261.jar:/home/runner/.m2/repository/com/amazonaws/aws-java-sdk-kms/1.12.261/aws-java-sdk-kms-1.12.261.jar:/home/runner/.m2/repository/com/amazonaws/jmespath-java/1.12.261/jmespath-java-1.12.261.jar:/home/runner/.m2/repository/org/kohsuke/metainf-services/metainf-services/1.8/metainf-services-1.8.jar:/home/runner/.m2/repository/org/apache/ozone/hdds-tools/1.4.0-SNAPSHOT/hdds-tools-1.4.0-SNAPSHOT.jar:/home/runner/.m2/repository/org/apache/ratis/ratis-tools/2.5.1/ratis-tools-2.5.1.jar:/home/runner/.m2/repository/commons-cli/commons-cli/1.2/commons-cli-1.2.jar:/home/runner/.m2/repository/org/apache/commons/commons-lang3/3.7/commons-lang3-3.7.jar:/home/runner/.m2/repository/org/apache/ozone/ozone-manager/1.4.0-SNAPSHOT/ozone-manager-1.4.0-SNAPSHOT-tests.jar:/home/runner/.m2/repository/org/apache/ozone/hdds-common/1.4.0-SNAPSHOT/hdds-common-1.4.0-SNAPSHOT-tests.jar:/home/runner/.m2/repository/org/apache/ozone/hdds-hadoop-dependency-client/1.4.0-SNAPSHOT/hdds-hadoop-dependency-client-1.4.0-SNAPSHOT.jar:/home/runner/.m2/repository/info/picocli/picocli/4.6.1/picocli-4.6.1.jar:/home/runner/.m2/repository/com/fasterxml/jackson/core/jackson-annotations/2.13.4/jackson-annotations-2.13.4.jar:/home/runner/.m2/repository/org/apache/ozone/hdds-annotation-processing/1.4.0-SNAPSHOT/hdds-annotation-processing-1.4.0-SNAPSHOT.jar:/home/runner/.m2/repository/javax/annotation/javax.annotation-api/1.2/javax.annotation-api-1.2.jar:/home/runner/.m2/repository/org/apache/ratis/ratis-netty/2.5.1/ratis-netty-2.5.1.jar:/home/runner/.m2/repository/org/apache/ratis/ratis-grpc/2.5.1/ratis-grpc-2.5.1.jar:/home/runner/.m2/repository/org/apache/commons/commons-pool2/2.6.0/commons-pool2-2.6.0.jar:/home/runner/.m2/repository/org/bouncycastle/bcpkix-jdk15on/1.67/bcpkix-jdk15on-1.67.jar:/home/runner/.m2/repository/commons-validator/commons-validator/1.6/commons-validator-1.6.jar:/home/runner/.m2/repository/commons-beanutils/commons-beanutils/1.9.4/commons-beanutils-1.9.4.jar:/home/runner/.m2/repository/commons-digester/commons-digester/1.8.1/commons-digester-1.8.1.jar:/home/runner/.m2/repository/commons-collections/commons-collections/3.2.2/commons-collections-3.2.2.jar:/home/runner/.m2/repository/io/jaegertracing/jaeger-client/1.6.0/jaeger-client-1.6.0.jar:/home/runner/.m2/repository/io/jaegertracing/jaeger-thrift/1.6.0/jaeger-thrift-1.6.0.jar:/home/runner/.m2/repository/org/apache/thrift/libthrift/0.14.1/libthrift-0.14.1.jar:/home/runner/.m2/repository/io/jaegertracing/jaeger-core/1.6.0/jaeger-core-1.6.0.jar:/home/runner/.m2/repository/io/jaegertracing/jaeger-tracerresolver/1.6.0/jaeger-tracerresolver-1.6.0.jar:/home/runner/.m2/repository/io/opentracing/contrib/opentracing-tracerresolver/0.1.8/opentracing-tracerresolver-0.1.8.jar:/home/runner/.m2/repository/org/jetbrains/kotlin/kotlin-stdlib/1.6.21/kotlin-stdlib-1.6.21.jar:/home/runner/.m2/repository/org/jetbrains/annotations/13.0/annotations-13.0.jar:/home/runner/.m2/repository/io/opentracing/opentracing-util/0.33.0/opentracing-util-0.33.0.jar:/home/runner/.m2/repository/io/opentracing/opentracing-api/0.33.0/opentracing-api-0.33.0.jar:/home/runner/.m2/repository/io/opentracing/opentracing-noop/0.33.0/opentracing-noop-0.33.0.jar:/home/runner/.m2/repository/org/yaml/snakeyaml/2.0/snakeyaml-2.0.jar:/home/runner/.m2/repository/io/grpc/grpc-api/1.51.1/grpc-api-1.51.1.jar:/home/runner/.m2/repository/io/grpc/grpc-context/1.51.1/grpc-context-1.51.1.jar:/home/runner/.m2/repository/junit/junit/4.13.1/junit-4.13.1.jar:/home/runner/.m2/repository/org/hamcrest/hamcrest-core/1.3/hamcrest-core-1.3.jar:/home/runner/.m2/repository/org/junit/jupiter/junit-jupiter-api/5.8.2/junit-jupiter-api-5.8.2.jar:/home/runner/.m2/repository/org/opentest4j/opentest4j/1.2.0/opentest4j-1.2.0.jar:/home/runner/.m2/repository/org/junit/platform/junit-platform-commons/1.8.2/junit-platform-commons-1.8.2.jar:/home/runner/.m2/repository/org/apiguardian/apiguardian-api/1.1.2/apiguardian-api-1.1.2.jar:/home/runner/.m2/repository/org/junit/jupiter/junit-jupiter-params/5.8.2/junit-jupiter-params-5.8.2.jar:/home/runner/.m2/repository/org/junit/jupiter/junit-jupiter-migrationsupport/5.8.2/junit-jupiter-migrationsupport-5.8.2.jar:/home/runner/.m2/repository/org/junit/jupiter/junit-jupiter-engine/5.8.2/junit-jupiter-engine-5.8.2.jar:/home/runner/.m2/repository/org/junit/platform/junit-platform-engine/1.8.2/junit-platform-engine-1.8.2.jar:/home/runner/.m2/repository/org/junit/vintage/junit-vintage-engine/5.8.2/junit-vintage-engine-5.8.2.jar:/home/runner/.m2/repository/org/junit/platform/junit-platform-launcher/1.8.2/junit-platform-launcher-1.8.2.jar:/home/runner/.m2/repository/org/mockito/mockito-core/3.5.9/mockito-core-3.5.9.jar:/home/runner/.m2/repository/net/bytebuddy/byte-buddy/1.10.13/byte-buddy-1.10.13.jar:/home/runner/.m2/repository/net/bytebuddy/byte-buddy-agent/1.10.13/byte-buddy-agent-1.10.13.jar:/home/runner/.m2/repository/org/objenesis/objenesis/1.0/objenesis-1.0.jar:/home/runner/.m2/repository/org/apache/hadoop/hadoop-kms/3.3.6/hadoop-kms-3.3.6.jar:/home/runner/.m2/repository/org/apache/hadoop/hadoop-auth/3.3.6/hadoop-auth-3.3.6.jar:/home/runner/.m2/repository/com/nimbusds/nimbus-jose-jwt/9.8.1/nimbus-jose-jwt-9.8.1.jar:/home/runner/.m2/repository/com/github/stephenc/jcip/jcip-annotations/1.0-1/jcip-annotations-1.0-1.jar:/home/runner/.m2/repository/org/apache/zookeeper/zookeeper/3.5.6/zookeeper-3.5.6.jar:/home/runner/.m2/repository/org/apache/zookeeper/zookeeper-jute/3.5.6/zookeeper-jute-3.5.6.jar:/home/runner/.m2/repository/org/apache/yetus/audience-annotations/0.5.0/audience-annotations-0.5.0.jar:/home/runner/.m2/repository/org/apache/curator/curator-framework/4.2.0/curator-framework-4.2.0.jar:/home/runner/.m2/repository/org/apache/hadoop/thirdparty/hadoop-shaded-guava/1.1.1/hadoop-shaded-guava-1.1.1.jar:/home/runner/.m2/repository/com/sun/jersey/jersey-core/1.19/jersey-core-1.19.jar:/home/runner/.m2/repository/javax/ws/rs/jsr311-api/1.1.1/jsr311-api-1.1.1.jar:/home/runner/.m2/repository/com/sun/jersey/jersey-server/1.19/jersey-server-1.19.jar:/home/runner/.m2/repository/javax/servlet/javax.servlet-api/3.1.0/javax.servlet-api-3.1.0.jar:/home/runner/.m2/repository/org/apache/hadoop/hadoop-common/3.3.6/hadoop-common-3.3.6.jar:/home/runner/.m2/repository/org/apache/commons/commons-math3/3.1.1/commons-math3-3.1.1.jar:/home/runner/.m2/repository/commons-net/commons-net/3.9.0/commons-net-3.9.0.jar:/home/runner/.m2/repository/com/sun/jersey/jersey-servlet/1.19/jersey-servlet-1.19.jar:/home/runner/.m2/repository/com/github/pjfanning/jersey-json/1.20/jersey-json-1.20.jar:/home/runner/.m2/repository/org/codehaus/jettison/jettison/1.1/jettison-1.1.jar:/home/runner/.m2/repository/com/sun/xml/bind/jaxb-impl/2.2.3-1/jaxb-impl-2.2.3-1.jar:/home/runner/.m2/repository/com/google/re2j/re2j/1.1/re2j-1.1.jar:/home/runner/.m2/repository/com/jcraft/jsch/0.1.54/jsch-0.1.54.jar:/home/runner/.m2/repository/org/apache/curator/curator-client/4.2.0/curator-client-4.2.0.jar:/home/runner/.m2/repository/org/apache/curator/curator-recipes/5.2.0/curator-recipes-5.2.0.jar:/home/runner/.m2/repository/org/apache/kerby/kerb-core/1.0.1/kerb-core-1.0.1.jar:/home/runner/.m2/repository/org/apache/kerby/kerby-pkix/1.0.1/kerby-pkix-1.0.1.jar:/home/runner/.m2/repository/org/apache/kerby/kerby-asn1/1.0.1/kerby-asn1-1.0.1.jar:/home/runner/.m2/repository/org/apache/kerby/kerby-util/1.0.1/kerby-util-1.0.1.jar:/home/runner/.m2/repository/dnsjava/dnsjava/2.1.7/dnsjava-2.1.7.jar:/home/runner/.m2/repository/org/xerial/snappy/snappy-java/1.1.8.2/snappy-java-1.1.8.2.jar:/home/runner/.m2/repository/com/fasterxml/jackson/core/jackson-databind/2.13.4.2/jackson-databind-2.13.4.2.jar:/home/runner/.m2/repository/org/apache/hadoop/hadoop-kms/3.3.6/hadoop-kms-3.3.6-tests.jar:/home/runner/.m2/repository/org/apache/ozone/hdds-server-scm/1.4.0-SNAPSHOT/hdds-server-scm-1.4.0-SNAPSHOT-tests.jar:/home/runner/.m2/repository/org/apache/ozone/hdds-container-service/1.4.0-SNAPSHOT/hdds-container-service-1.4.0-SNAPSHOT-tests.jar:/home/runner/.m2/repository/com/github/luben/zstd-jni/1.5.2-5/zstd-jni-1.5.2-5.jar:/home/runner/.m2/repository/commons-codec/commons-codec/1.15/commons-codec-1.15.jar:/home/runner/.m2/repository/io/netty/netty-codec/4.1.94.Final/netty-codec-4.1.94.Final.jar:/home/runner/.m2/repository/io/netty/netty-handler/4.1.94.Final/netty-handler-4.1.94.Final.jar:/home/runner/.m2/repository/org/apache/ozone/hdds-hadoop-dependency-test/1.4.0-SNAPSHOT/hdds-hadoop-dependency-test-1.4.0-SNAPSHOT.jar:/home/runner/.m2/repository/org/apache/hadoop/hadoop-common/3.3.6/hadoop-common-3.3.6-tests.jar:/home/runner/.m2/repository/org/apache/hadoop/hadoop-hdfs/3.3.6/hadoop-hdfs-3.3.6-tests.jar:/home/runner/.m2/repository/org/assertj/assertj-core/3.12.2/assertj-core-3.12.2.jar:/home/runner/.m2/repository/org/apache/hadoop/hadoop-distcp/3.3.6/hadoop-distcp-3.3.6.jar:/home/runner/.m2/repository/org/apache/hadoop/hadoop-mapreduce-client-jobclient/3.3.6/hadoop-mapreduce-client-jobclient-3.3.6.jar:/home/runner/.m2/repository/org/apache/hadoop/hadoop-mapreduce-client-common/3.3.6/hadoop-mapreduce-client-common-3.3.6.jar:/home/runner/.m2/repository/org/apache/hadoop/hadoop-yarn-common/3.3.6/hadoop-yarn-common-3.3.6.jar:/home/runner/.m2/repository/org/apache/hadoop/hadoop-yarn-api/3.3.6/hadoop-yarn-api-3.3.6.jar:/home/runner/.m2/repository/com/sun/jersey/contribs/jersey-guice/1.19/jersey-guice-1.19.jar:/home/runner/.m2/repository/com/fasterxml/jackson/jaxrs/jackson-jaxrs-json-provider/2.13.4/jackson-jaxrs-json-provider-2.13.4.jar:/home/runner/.m2/repository/com/fasterxml/jackson/jaxrs/jackson-jaxrs-base/2.13.4/jackson-jaxrs-base-2.13.4.jar:/home/runner/.m2/repository/org/apache/hadoop/hadoop-yarn-client/3.3.6/hadoop-yarn-client-3.3.6.jar:/home/runner/.m2/repository/org/eclipse/jetty/websocket/websocket-client/9.4.51.v20230217/websocket-client-9.4.51.v20230217.jar:/home/runner/.m2/repository/org/eclipse/jetty/websocket/websocket-common/9.4.51.v20230217/websocket-common-9.4.51.v20230217.jar:/home/runner/.m2/repository/org/eclipse/jetty/websocket/websocket-api/9.4.51.v20230217/websocket-api-9.4.51.v20230217.jar:/home/runner/.m2/repository/org/jline/jline/3.9.0/jline-3.9.0.jar:/home/runner/.m2/repository/org/apache/hadoop/hadoop-mapreduce-client-core/3.3.6/hadoop-mapreduce-client-core-3.3.6.jar:/home/runner/.m2/repository/org/apache/avro/avro/1.7.7/avro-1.7.7.jar:/home/runner/.m2/repository/com/thoughtworks/paranamer/paranamer/2.3/paranamer-2.3.jar:/home/runner/.m2/repository/org/apache/hadoop/hadoop-annotations/3.3.6/hadoop-annotations-3.3.6.jar:/usr/lib/jvm/temurin-8-jdk-amd64/jre/../lib/tools.jar:/home/runner/.m2/repository/io/netty/netty/3.10.6.Final/netty-3.10.6.Final.jar:/home/runner/.m2/repository/org/apache/hadoop/hadoop-distcp/3.3.6/hadoop-distcp-3.3.6-tests.jar:/home/runner/.m2/repository/org/slf4j/jul-to-slf4j/1.7.36/jul-to-slf4j-1.7.36.jar:"/>
    <property name="sun.cpu.endian" value="little"/>
    <property name="user.home" value="/home/runner"/>
    <property name="user.language" value="en"/>
    <property name="java.specification.vendor" value="Oracle Corporation"/>
    <property name="java.home" value="/usr/lib/jvm/temurin-8-jdk-amd64/jre"/>
    <property name="java.security.krb5.conf" value="/home/runner/work/ozone/ozone/hadoop-ozone/integration-test/target/test-classes/krb5.conf"/>
    <property name="basedir" value="/home/runner/work/ozone/ozone/hadoop-ozone/integration-test"/>
    <property name="file.separator" value="/"/>
    <property name="line.separator" value="&#10;"/>
    <property name="java.vm.specification.vendor" value="Oracle Corporation"/>
    <property name="java.specification.name" value="Java Platform API Specification"/>
    <property name="java.awt.graphicsenv" value="sun.awt.X11GraphicsEnvironment"/>
    <property name="skip.installnpx" value="true"/>
    <property name="surefire.real.class.path" value="/home/runner/work/ozone/ozone/hadoop-ozone/integration-test/target/surefire/surefirebooter681703411075389453.jar:/home/runner/.m2/repository/org/jacoco/org.jacoco.agent/0.8.5/org.jacoco.agent-0.8.5-runtime.jar"/>
    <property name="hadoop.log.dir" value="/home/runner/work/ozone/ozone/hadoop-ozone/integration-test/target/log"/>
    <property name="sun.boot.class.path" value="/usr/lib/jvm/temurin-8-jdk-amd64/jre/lib/resources.jar:/usr/lib/jvm/temurin-8-jdk-amd64/jre/lib/rt.jar:/usr/lib/jvm/temurin-8-jdk-amd64/jre/lib/sunrsasign.jar:/usr/lib/jvm/temurin-8-jdk-amd64/jre/lib/jsse.jar:/usr/lib/jvm/temurin-8-jdk-amd64/jre/lib/jce.jar:/usr/lib/jvm/temurin-8-jdk-amd64/jre/lib/charsets.jar:/usr/lib/jvm/temurin-8-jdk-amd64/jre/lib/jfr.jar:/usr/lib/jvm/temurin-8-jdk-amd64/jre/classes"/>
    <property name="sun.management.compiler" value="HotSpot 64-Bit Tiered Compilers"/>
    <property name="skip.npx" value="true"/>
    <property name="java.runtime.version" value="1.8.0_382-b05"/>
    <property name="java.net.preferIPv4Stack" value="true"/>
    <property name="user.name" value="runner"/>
    <property name="path.separator" value=":"/>
    <property name="java.security.egd" value="file:///dev/urandom"/>
    <property name="os.version" value="5.15.0-1047-azure"/>
    <property name="java.endorsed.dirs" value="/usr/lib/jvm/temurin-8-jdk-amd64/jre/lib/endorsed"/>
    <property name="java.runtime.name" value="OpenJDK Runtime Environment"/>
    <property name="file.encoding" value="UTF-8"/>
    <property name="java.vm.name" value="OpenJDK 64-Bit Server VM"/>
    <property name="test.build.webapps" value=""/>
    <property name="localRepository" value="/home/runner/.m2/repository"/>
    <property name="jetty.git.hash" value="abdcda73818a1a2c705da276edb0bf6581e7997e"/>
    <property name="java.vendor.url.bug" value="https://github.com/adoptium/adoptium-support/issues"/>
    <property name="java.io.tmpdir" value="/tmp"/>
    <property name="require.test.libhadoop" value=""/>
    <property name="java.version" value="1.8.0_382"/>
    <property name="user.dir" value="/home/runner/work/ozone/ozone/hadoop-ozone/integration-test"/>
    <property name="os.arch" value="amd64"/>
    <property name="java.vm.specification.name" value="Java Virtual Machine Specification"/>
    <property name="test.build.classes" value="/home/runner/work/ozone/ozone/hadoop-ozone/integration-test/target/test-classes"/>
    <property name="java.awt.printerjob" value="sun.print.PSPrinterJob"/>
    <property name="sun.os.patch.level" value="unknown"/>
    <property name="org.apache.ratis.thirdparty.io.netty.allocator.useCacheForAllThreads" value="false"/>
    <property name="hadoop.tmp.dir" value="/home/runner/work/ozone/ozone/hadoop-ozone/integration-test/target/tmp"/>
    <property name="java.library.path" value="/usr/java/packages/lib/amd64:/usr/lib64:/lib64:/lib:/usr/lib"/>
    <property name="java.vm.info" value="mixed mode"/>
    <property name="java.vendor" value="Temurin"/>
    <property name="java.vm.version" value="25.382-b05"/>
    <property name="java.specification.maintenance.version" value="5"/>
    <property name="java.ext.dirs" value="/usr/lib/jvm/temurin-8-jdk-amd64/jre/lib/ext:/usr/java/packages/lib/ext"/>
    <property name="sun.io.unicode.encoding" value="UnicodeLittle"/>
    <property name="java.class.version" value="52.0"/>
  </properties>
  <testcase name="testRenameDir" classname="TestRootedOzoneFileSystemWithFSO" time="0.521">
    <system-out><![CDATA[2023-09-29 09:12:45,259 [main] WARN  server.ServerUtils (ServerUtils.java:getScmDbDir(155)) - ozone.scm.db.dirs is not configured. We recommend adding this setting. Falling back to ozone.metadata.dirs instead.
2023-09-29 09:12:45,527 [main] INFO  reflections.Reflections (Reflections.java:scan(232)) - Reflections took 218 ms to scan 7 urls, producing 164 keys and 383 values 
2023-09-29 09:12:45,682 [main] WARN  server.ServerUtils (ServerUtils.java:getScmDbDir(155)) - ozone.scm.db.dirs is not configured. We recommend adding this setting. Falling back to ozone.metadata.dirs instead.
2023-09-29 09:12:45,687 [main] INFO  ha.SCMHANodeDetails (SCMHANodeDetails.java:loadSCMHAConfig(210)) - ServiceID for StorageContainerManager is null
2023-09-29 09:12:45,696 [main] WARN  ha.SCMHANodeDetails (SCMHANodeDetails.java:validateSCMHAConfig(183)) - Invalid config ozone.scm.ratis.enable. The config was not specified, but the default value true conflicts with the expected config value false. Falling back to the expected value. Current State of SCM: SCM is running in Non-HA without Ratis Ratis SCM -> Non Ratis SCM or Non HA SCM -> HA SCM is not supported
2023-09-29 09:12:45,696 [main] INFO  ha.SCMHANodeDetails (SCMHANodeDetails.java:loadSCMHAConfig(215)) - ozone.scm.default.service.id is not defined, falling back to ozone.scm.service.ids to find serviceID for StorageContainerManager if it is HA enabled cluster
2023-09-29 09:12:46,433 [main] WARN  utils.HAUtils (HAUtils.java:getMetaDir(339)) - ozone.scm.db.dirs is not configured. We recommend adding this setting. Falling back to ozone.metadata.dirs instead.
2023-09-29 09:12:46,614 [main] WARN  db.DBStoreBuilder (DBStoreBuilder.java:applyDBDefinition(166)) - ozone.scm.db.dirs is not configured. We recommend adding this setting. Falling back to ozone.metadata.dirs instead.
2023-09-29 09:12:46,914 [main] INFO  net.NodeSchemaLoader (NodeSchemaLoader.java:loadSchemaFromFile(129)) - Loading schema from [jar:file:/home/runner/.m2/repository/org/apache/ozone/hdds-common/1.4.0-SNAPSHOT/hdds-common-1.4.0-SNAPSHOT.jar!/network-topology-default.xml]
2023-09-29 09:12:46,916 [main] INFO  net.NodeSchemaLoader (NodeSchemaLoader.java:loadSchema(176)) - Loading network topology layer schema file
2023-09-29 09:12:46,975 [main] INFO  metrics.MetricRegistries (MetricRegistriesLoader.java:load(64)) - Loaded MetricRegistries class org.apache.ratis.metrics.impl.MetricRegistriesImpl
2023-09-29 09:12:46,993 [main] INFO  upgrade.AbstractLayoutVersionManager (AbstractLayoutVersionManager.java:init(83)) - Initializing Layout version manager with metadata layout = HADOOP_PRC_PORTS_IN_DATANODEDETAILS (version = 7), software layout = HADOOP_PRC_PORTS_IN_DATANODEDETAILS (version = 7)
2023-09-29 09:12:47,267 [main] INFO  ha.SequenceIdGenerator (SequenceIdGenerator.java:upgradeToSequenceId(365)) - upgrade localId to 111677748019200000
2023-09-29 09:12:47,269 [main] INFO  ha.SequenceIdGenerator (SequenceIdGenerator.java:upgradeToSequenceId(375)) - upgrade delTxnId to 0
2023-09-29 09:12:47,278 [main] INFO  ha.SequenceIdGenerator (SequenceIdGenerator.java:upgradeToSequenceId(392)) - upgrade containerId to 0
2023-09-29 09:12:47,281 [main] INFO  ha.SequenceIdGenerator (SequenceIdGenerator.java:upgradeToSequenceId(428)) - upgrade rootCertificateId to 1
2023-09-29 09:12:47,284 [main] INFO  ha.SequenceIdGenerator (SequenceIdGenerator.java:<init>(236)) - Init the HA SequenceIdGenerator.
2023-09-29 09:12:47,352 [main] WARN  server.ServerUtils (ServerUtils.java:sanitizeUserArgs(80)) - ozone.scm.stale.node.interval value = 300000 is larger than max = 100000 based on the key value of ozone.scm.heartbeat.thread.interval, reset to the max value 100000.
2023-09-29 09:12:47,352 [main] WARN  server.ServerUtils (ServerUtils.java:sanitizeUserArgs(80)) - ozone.scm.stale.node.interval value = 300000 is larger than max = 100000 based on the key value of ozone.scm.heartbeat.thread.interval, reset to the max value 100000.
2023-09-29 09:12:47,359 [main] INFO  node.SCMNodeManager (SCMNodeManager.java:<init>(157)) - Entering startup safe mode.
2023-09-29 09:12:47,383 [main] INFO  algorithms.ContainerPlacementPolicyFactory (ContainerPlacementPolicyFactory.java:getPolicyInternal(86)) - Create container placement policy of type org.apache.hadoop.hdds.scm.container.placement.algorithms.SCMContainerPlacementRackAware
2023-09-29 09:12:47,387 [main] INFO  algorithms.ContainerPlacementPolicyFactory (ContainerPlacementPolicyFactory.java:getPolicyInternal(86)) - Create container placement policy of type org.apache.hadoop.hdds.scm.container.placement.algorithms.SCMContainerPlacementRackScatter
2023-09-29 09:12:47,398 [main] INFO  pipeline.PipelineStateManagerImpl (PipelineStateManagerImpl.java:initialize(78)) - No pipeline exists in current db
2023-09-29 09:12:47,415 [main] INFO  algorithms.LeaderChoosePolicyFactory (LeaderChoosePolicyFactory.java:getPolicy(57)) - Create leader choose policy of type org.apache.hadoop.hdds.scm.pipeline.leader.choose.algorithms.MinLeaderCountChoosePolicy
2023-09-29 09:12:47,416 [main] INFO  algorithms.ContainerPlacementPolicyFactory (ContainerPlacementPolicyFactory.java:getPolicyInternal(86)) - Create container placement policy of type org.apache.hadoop.hdds.scm.container.placement.algorithms.SCMContainerPlacementRackScatter
2023-09-29 09:12:47,429 [main] INFO  ha.SCMServiceManager (SCMServiceManager.java:register(42)) - Registering service BackgroundPipelineCreator.
2023-09-29 09:12:47,430 [main] INFO  pipeline.BackgroundPipelineCreator (BackgroundPipelineCreator.java:start(124)) - Starting RatisPipelineUtilsThread.
2023-09-29 09:12:47,436 [main] INFO  BackgroundPipelineScrubber (BackgroundSCMService.java:start(68)) - Starting BackgroundPipelineScrubber Service.
2023-09-29 09:12:47,437 [main] INFO  ha.SCMServiceManager (SCMServiceManager.java:register(42)) - Registering service BackgroundPipelineScrubber.
2023-09-29 09:12:47,445 [main] INFO  ExpiredContainerReplicaOpScrubber (BackgroundSCMService.java:start(68)) - Starting ExpiredContainerReplicaOpScrubber Service.
2023-09-29 09:12:47,445 [main] INFO  ha.SCMServiceManager (SCMServiceManager.java:register(42)) - Registering service ExpiredContainerReplicaOpScrubber.
2023-09-29 09:12:47,485 [main] INFO  algorithms.PipelineChoosePolicyFactory (PipelineChoosePolicyFactory.java:createPipelineChoosePolicyFromClass(78)) - Create pipeline choose policy of type org.apache.hadoop.hdds.scm.pipeline.choose.algorithms.RandomPipelineChoosePolicy
2023-09-29 09:12:47,491 [main] INFO  algorithms.PipelineChoosePolicyFactory (PipelineChoosePolicyFactory.java:createPipelineChoosePolicyFromClass(78)) - Create pipeline choose policy of type org.apache.hadoop.hdds.scm.pipeline.choose.algorithms.RandomPipelineChoosePolicy
2023-09-29 09:12:47,520 [main] INFO  ha.SCMServiceManager (SCMServiceManager.java:register(42)) - Registering service SCMBlockDeletingService.
2023-09-29 09:12:47,610 [main] INFO  replication.ReplicationManager (ReplicationManager.java:start(291)) - Starting Replication Monitor Thread.
2023-09-29 09:12:47,620 [main] INFO  ha.SCMServiceManager (SCMServiceManager.java:register(42)) - Registering service ReplicationManager.
2023-09-29 09:12:47,625 [ReplicationMonitor] INFO  replication.ReplicationManager (ReplicationManager.java:processAll(365)) - Replication Manager is not ready to run until 3000ms after safemode exit
2023-09-29 09:12:47,633 [main] INFO  safemode.ContainerSafeModeRule (ContainerSafeModeRule.java:<init>(90)) - containers with one replica threshold count 0
2023-09-29 09:12:47,639 [main] INFO  safemode.HealthyPipelineSafeModeRule (HealthyPipelineSafeModeRule.java:initializeRule(169)) - Total pipeline count is 0, healthy pipeline threshold count is 1
2023-09-29 09:12:47,641 [main] INFO  safemode.OneReplicaPipelineSafeModeRule (OneReplicaPipelineSafeModeRule.java:initializeRule(180)) - Total pipeline count is 0, pipeline's with at least one datanode reported threshold count is 0
2023-09-29 09:12:47,657 [main] INFO  server.StorageContainerManager (StorageContainerManager.java:<init>(425)) - SCM start with adminUsers: [runner]
2023-09-29 09:12:48,119 [main] INFO  audit.AuditLogger (AuditLogger.java:refreshDebugCmdSet(126)) - Refresh DebugCmdSet for SCMAudit to [].
2023-09-29 09:12:48,159 [main] INFO  ipc.CallQueueManager (CallQueueManager.java:<init>(90)) - Using callQueue: class java.util.concurrent.LinkedBlockingQueue, queueCapacity: 2000, scheduler: class org.apache.hadoop.ipc.DefaultRpcScheduler, ipcBackoff: false.
2023-09-29 09:12:48,205 [main] INFO  ipc.Server (Server.java:<init>(1287)) - Listener at 0.0.0.0:15002
2023-09-29 09:12:48,208 [Socket Reader #1 for port 15002] INFO  ipc.Server (Server.java:run(1323)) - Starting Socket Reader #1 for port 15002
2023-09-29 09:12:48,301 [main] INFO  audit.AuditLogger (AuditLogger.java:refreshDebugCmdSet(126)) - Refresh DebugCmdSet for SCMAudit to [].
2023-09-29 09:12:48,310 [main] INFO  ipc.CallQueueManager (CallQueueManager.java:<init>(90)) - Using callQueue: class java.util.concurrent.LinkedBlockingQueue, queueCapacity: 2000, scheduler: class org.apache.hadoop.ipc.DefaultRpcScheduler, ipcBackoff: false.
2023-09-29 09:12:48,311 [main] INFO  ipc.Server (Server.java:<init>(1287)) - Listener at 0.0.0.0:15001
2023-09-29 09:12:48,325 [Socket Reader #1 for port 15001] INFO  ipc.Server (Server.java:run(1323)) - Starting Socket Reader #1 for port 15001
2023-09-29 09:12:48,372 [main] INFO  audit.AuditLogger (AuditLogger.java:refreshDebugCmdSet(126)) - Refresh DebugCmdSet for SCMAudit to [].
2023-09-29 09:12:48,384 [main] INFO  ipc.CallQueueManager (CallQueueManager.java:<init>(90)) - Using callQueue: class java.util.concurrent.LinkedBlockingQueue, queueCapacity: 2000, scheduler: class org.apache.hadoop.ipc.DefaultRpcScheduler, ipcBackoff: false.
2023-09-29 09:12:48,385 [main] INFO  ipc.Server (Server.java:<init>(1287)) - Listener at 0.0.0.0:15000
2023-09-29 09:12:48,388 [Socket Reader #1 for port 15000] INFO  ipc.Server (Server.java:run(1323)) - Starting Socket Reader #1 for port 15000
2023-09-29 09:12:48,472 [main] INFO  ha.SCMServiceManager (SCMServiceManager.java:register(42)) - Registering service ContainerBalancer.
2023-09-29 09:12:48,473 [main] INFO  server.StorageContainerManager (StorageContainerManager.java:<init>(438)) - 
Container Balancer status:
Key                            Value
Running                        false
Container Balancer Configuration values:
Key                                                Value
Threshold                                          10
Max Datanodes to Involve per Iteration(percent)    20
Max Size to Move per Iteration                     500GB
Max Size Entering Target per Iteration             26GB
Max Size Leaving Source per Iteration              26GB
Number of Iterations                               10
Time Limit for Single Container's Movement         65min
Time Limit for Single Container's Replication      50min
Interval between each Iteration                    70min
Whether to Enable Network Topology                 false
Whether to Trigger Refresh Datanode Usage Info     false
Container IDs to Exclude from Balancing            None
Datanodes Specified to be Balanced                 None
Datanodes Excluded from Balancing                  None

2023-09-29 09:12:48,480 [main] INFO  ha.SCMContext (SCMContext.java:updateSafeModeStatus(228)) - Update SafeModeStatus from SafeModeStatus{safeModeStatus=true, preCheckPassed=false} to SafeModeStatus{safeModeStatus=true, preCheckPassed=false}.
2023-09-29 09:12:48,484 [main] INFO  server.StorageContainerManager (StorageContainerManager.java:start(1483)) - StorageContainerLocationProtocol RPC server is listening at /0.0.0.0:15000
2023-09-29 09:12:48,573 [main] WARN  impl.MetricsConfig (MetricsConfig.java:loadFirst(136)) - Cannot locate configuration: tried hadoop-metrics2-storagecontainermanager.properties,hadoop-metrics2.properties
2023-09-29 09:12:48,589 [main] INFO  impl.MetricsSystemImpl (MetricsSystemImpl.java:startTimer(378)) - Scheduled Metric snapshot period at 10 second(s).
2023-09-29 09:12:48,590 [main] INFO  impl.MetricsSystemImpl (MetricsSystemImpl.java:start(191)) - StorageContainerManager metrics system started
2023-09-29 09:12:48,927 [main] INFO  server.SCMClientProtocolServer (SCMClientProtocolServer.java:start(201)) - RPC server for Client  is listening at /0.0.0.0:15000
2023-09-29 09:12:48,928 [IPC Server Responder] INFO  ipc.Server (Server.java:run(1562)) - IPC Server Responder: starting
2023-09-29 09:12:48,947 [main] INFO  server.StorageContainerManager (StorageContainerManager.java:start(1496)) - ScmBlockLocationProtocol RPC server is listening at /0.0.0.0:15001
2023-09-29 09:12:48,953 [main] INFO  server.SCMBlockProtocolServer (SCMBlockProtocolServer.java:start(154)) - RPC server for Block Protocol is listening at /0.0.0.0:15001
2023-09-29 09:12:48,930 [IPC Server listener on 15000] INFO  ipc.Server (Server.java:run(1402)) - IPC Server listener on 15000: starting
2023-09-29 09:12:48,954 [IPC Server Responder] INFO  ipc.Server (Server.java:run(1562)) - IPC Server Responder: starting
2023-09-29 09:12:48,958 [main] INFO  server.SCMDatanodeProtocolServer (SCMDatanodeProtocolServer.java:start(193)) - ScmDatanodeProtocol RPC server for DataNodes is listening at /0.0.0.0:15002
2023-09-29 09:12:48,998 [IPC Server listener on 15001] INFO  ipc.Server (Server.java:run(1402)) - IPC Server listener on 15001: starting
2023-09-29 09:12:48,998 [JvmPauseMonitor0] INFO  util.JvmPauseMonitor (JvmPauseMonitor.java:run(103)) - JvmPauseMonitor-b95bfd46-8215-4d69-940c-984db88920a6: Started
2023-09-29 09:12:49,005 [IPC Server Responder] INFO  ipc.Server (Server.java:run(1562)) - IPC Server Responder: starting
2023-09-29 09:12:49,005 [IPC Server listener on 15002] INFO  ipc.Server (Server.java:run(1402)) - IPC Server listener on 15002: starting
2023-09-29 09:12:49,021 [main] INFO  http.BaseHttpServer (BaseHttpServer.java:newHttpServer2BuilderForOzone(223)) - Starting Web-server for scm at: http://0.0.0.0:15003
2023-09-29 09:12:49,021 [main] INFO  http.BaseHttpServer (BaseHttpServer.java:<init>(110)) - Hadoop Security Enabled: false Ozone Security Enabled: false Ozone HTTP Security Enabled: false 
2023-09-29 09:12:49,070 [main] INFO  util.log (Log.java:initialized(170)) - Logging initialized @6029ms to org.eclipse.jetty.util.log.Slf4jLog
2023-09-29 09:12:49,267 [main] WARN  server.AuthenticationFilter (AuthenticationFilter.java:constructSecretProvider(240)) - Unable to initialize FileSignerSecretProvider, falling back to use random secrets. Reason: Could not read signature secret file: /home/runner/hadoop-http-auth-signature-secret
2023-09-29 09:12:49,276 [main] INFO  http.HttpRequestLog (HttpRequestLog.java:getRequestLog(86)) - Http request log for http.requests.scm is not defined
2023-09-29 09:12:49,285 [main] INFO  http.HttpServer2 (HttpServer2.java:addGlobalFilter(1031)) - Added global filter 'safety' (class=org.apache.hadoop.hdds.server.http.HttpServer2$QuotingInputFilter)
2023-09-29 09:12:49,291 [main] INFO  http.HttpServer2 (HttpServer2.java:addFilter(1007)) - Added filter static_user_filter (class=org.apache.hadoop.http.lib.StaticUserWebFilter$StaticUserFilter) to context scm
2023-09-29 09:12:49,291 [main] INFO  http.HttpServer2 (HttpServer2.java:addFilter(1015)) - Added filter static_user_filter (class=org.apache.hadoop.http.lib.StaticUserWebFilter$StaticUserFilter) to context static
2023-09-29 09:12:49,291 [main] INFO  http.HttpServer2 (HttpServer2.java:addFilter(1015)) - Added filter static_user_filter (class=org.apache.hadoop.http.lib.StaticUserWebFilter$StaticUserFilter) to context logs
2023-09-29 09:12:49,346 [main] INFO  http.BaseHttpServer (BaseHttpServer.java:<init>(189)) - HTTP server of scm uses base directory /home/runner/work/ozone/ozone/hadoop-ozone/integration-test/target/test-dir/MiniOzoneClusterImpl-2a0ec25a-3990-4628-8b93-857bbff79694/ozone-meta/webserver
2023-09-29 09:12:49,347 [main] INFO  http.HttpServer2 (HttpServer2.java:bindListener(1231)) - Jetty bound to port 15003
2023-09-29 09:12:49,349 [main] INFO  server.Server (Server.java:doStart(375)) - jetty-9.4.52.v20230823; built: 2023-08-23T19:29:37.669Z; git: abdcda73818a1a2c705da276edb0bf6581e7997e; jvm 1.8.0_382-b05
2023-09-29 09:12:49,405 [main] INFO  server.session (DefaultSessionIdManager.java:doStart(334)) - DefaultSessionIdManager workerName=node0
2023-09-29 09:12:49,407 [main] INFO  server.session (DefaultSessionIdManager.java:doStart(339)) - No SessionScavenger set, using defaults
2023-09-29 09:12:49,409 [main] INFO  server.session (HouseKeeper.java:startScavenging(132)) - node0 Scavenging every 660000ms
2023-09-29 09:12:49,449 [main] INFO  handler.ContextHandler (ContextHandler.java:doStart(921)) - Started o.e.j.s.ServletContextHandler@7892635c{logs,/logs,file:///home/runner/work/ozone/ozone/hadoop-ozone/integration-test/target/log,AVAILABLE}
2023-09-29 09:12:49,452 [main] INFO  handler.ContextHandler (ContextHandler.java:doStart(921)) - Started o.e.j.s.ServletContextHandler@28ab7ffb{static,/static,file:///home/runner/work/ozone/ozone/hadoop-ozone/integration-test/target/test-classes/webapps/static,AVAILABLE}
2023-09-29 09:12:49,524 [main] INFO  handler.ContextHandler (ContextHandler.java:doStart(921)) - Started o.e.j.w.WebAppContext@117bfeb8{scm,/,file:///home/runner/work/ozone/ozone/hadoop-ozone/integration-test/target/test-classes/webapps/scm/,AVAILABLE}{file:/home/runner/work/ozone/ozone/hadoop-ozone/integration-test/target/test-classes/webapps/scm}
2023-09-29 09:12:49,538 [main] INFO  server.AbstractConnector (AbstractConnector.java:doStart(333)) - Started ServerConnector@608f79a8{HTTP/1.1, (http/1.1)}{0.0.0.0:15003}
2023-09-29 09:12:49,539 [main] INFO  server.Server (Server.java:doStart(415)) - Started @6498ms
2023-09-29 09:12:49,548 [main] INFO  impl.MetricsSinkAdapter (MetricsSinkAdapter.java:start(204)) - Sink prometheus started
2023-09-29 09:12:49,548 [main] INFO  impl.MetricsSystemImpl (MetricsSystemImpl.java:registerSink(305)) - Registered sink prometheus
2023-09-29 09:12:49,550 [main] INFO  http.BaseHttpServer (BaseHttpServer.java:updateConnectorAddress(354)) - HTTP server of scm listening at http://0.0.0.0:15003
2023-09-29 09:12:49,556 [main] WARN  server.ServerUtils (ServerUtils.java:getDBPath(311)) - ozone.om.db.dirs is not configured. We recommend adding this setting. Falling back to ozone.metadata.dirs instead.
2023-09-29 09:12:49,651 [main] INFO  audit.AuditLogger (AuditLogger.java:refreshDebugCmdSet(126)) - Refresh DebugCmdSet for OMAudit to [].
2023-09-29 09:12:49,755 [main] INFO  ha.OMHANodeDetails (OMHANodeDetails.java:loadOMHAConfig(115)) - ozone.om.internal.service.id is not defined, falling back to ozone.om.service.ids to find serviceID for OzoneManager if it is HA enabled cluster
2023-09-29 09:12:49,760 [main] INFO  ha.OMHANodeDetails (OMHANodeDetails.java:loadOMHAConfig(226)) - Configuration does not have ozone.om.address set. Falling back to the default OM address /127.0.0.1:15004
2023-09-29 09:12:49,760 [main] INFO  ha.OMHANodeDetails (OMHANodeDetails.java:getOMNodeDetailsForNonHA(254)) - OM Service ID is not set. Setting it to the default ID: omServiceIdDefault
2023-09-29 09:12:49,760 [main] INFO  ha.OMHANodeDetails (OMHANodeDetails.java:getOMNodeDetailsForNonHA(261)) - OM Node ID is not set. Setting it to the default ID: om1
2023-09-29 09:12:49,768 [main] WARN  server.ServerUtils (ServerUtils.java:getDBPath(311)) - ozone.om.db.dirs is not configured. We recommend adding this setting. Falling back to ozone.metadata.dirs instead.
2023-09-29 09:12:49,773 [main] INFO  upgrade.AbstractLayoutVersionManager (AbstractLayoutVersionManager.java:init(83)) - Initializing Layout version manager with metadata layout = QUOTA (version = 6), software layout = QUOTA (version = 6)
2023-09-29 09:12:49,910 [main] INFO  reflections.Reflections (Reflections.java:scan(232)) - Reflections took 129 ms to scan 2 urls, producing 188 keys and 516 values [using 2 cores]
2023-09-29 09:12:49,920 [main] INFO  upgrade.OMLayoutVersionManager (OMLayoutVersionManager.java:lambda$0(115)) - Skipping Upgrade Action QuotaRepairUpgradeAction since it has been finalized.
2023-09-29 09:12:49,922 [main] INFO  upgrade.OMLayoutVersionManager (OMLayoutVersionManager.java:lambda$0(115)) - Skipping Upgrade Action MockOmUpgradeAction since it has been finalized.
2023-09-29 09:12:49,924 [main] WARN  server.ServerUtils (ServerUtils.java:getDBPath(311)) - ozone.om.db.dirs is not configured. We recommend adding this setting. Falling back to ozone.metadata.dirs instead.
2023-09-29 09:12:50,163 [main] INFO  proxy.SCMBlockLocationFailoverProxyProvider (SCMBlockLocationFailoverProxyProvider.java:<init>(114)) - Created block location fail-over proxy with 1 nodes: [nodeId=scmNodeId,nodeAddress=/0.0.0.0:15001]
2023-09-29 09:12:50,204 [main] INFO  proxy.SCMBlockLocationFailoverProxyProvider (SCMBlockLocationFailoverProxyProvider.java:<init>(114)) - Created block location fail-over proxy with 1 nodes: [nodeId=scmNodeId,nodeAddress=/0.0.0.0:15001]
2023-09-29 09:12:50,509 [main] INFO  om.OzoneManager (OzoneManager.java:<init>(668)) - OM start with adminUsers: [runner]
2023-09-29 09:12:50,529 [main] WARN  server.ServerUtils (ServerUtils.java:getDBPath(311)) - ozone.om.db.dirs is not configured. We recommend adding this setting. Falling back to ozone.metadata.dirs instead.
2023-09-29 09:12:50,565 [main] INFO  helpers.OmKeyInfo (OmKeyInfo.java:getCodec(71)) - OmKeyInfo.getCodec ignorePipeline = true
2023-09-29 09:12:50,958 [main] INFO  om.OzoneManager (OzoneManager.java:instantiateServices(797)) - S3 Multi-Tenancy is disabled
2023-09-29 09:12:51,001 [main] INFO  om.OmSnapshotManager (OmSnapshotManager.java:<init>(174)) - Ozone filesystem snapshot feature is enabled.
2023-09-29 09:12:51,011 [main] WARN  server.ServerUtils (ServerUtils.java:getDBPath(311)) - ozone.om.snapshot.diff.db.dir is not configured. We recommend adding this setting. Falling back to ozone.metadata.dirs instead.
2023-09-29 09:12:51,067 [main] INFO  utils.NativeLibraryLoader (NativeLibraryLoader.java:loadLibrary(108)) - Loading Library: ozone_rocksdb_tools
2023-09-29 09:12:51,068 [main] INFO  snapshot.SnapshotDiffManager (SnapshotDiffManager.java:closeExecutorService(1718)) - Shutting down executorService: 'SstDumpToolExecutor'
2023-09-29 09:12:51,194 [main] INFO  om.OzoneManager (OzoneManager.java:addS3GVolumeToDB(4324)) - Created Volume s3v With Owner runner required for S3Gateway operations.
2023-09-29 09:12:51,273 [main] WARN  server.ServerUtils (ServerUtils.java:getDefaultRatisDirectory(323)) - Storage directory for Ratis is not configured. It is a good idea to map this to an SSD disk. Falling back to ozone.metadata.dirs
2023-09-29 09:12:51,275 [main] WARN  utils.OzoneManagerRatisUtils (OzoneManagerRatisUtils.java:getOMRatisSnapshotDirectory(464)) - ozone.om.ratis.snapshot.dir is not configured. Falling back to ozone.metadata.dirs config
2023-09-29 09:12:51,299 [main] WARN  server.ServerUtils (ServerUtils.java:getDefaultRatisDirectory(323)) - Storage directory for Ratis is not configured. It is a good idea to map this to an SSD disk. Falling back to ozone.metadata.dirs
2023-09-29 09:12:51,348 [main] INFO  ratis.OzoneManagerRatisServer (OzoneManagerRatisServer.java:<init>(163)) - Instantiating OM Ratis server with groupID: omServiceIdDefault and peers: localhost:15007
2023-09-29 09:12:51,361 [main] INFO  ratis.OzoneManagerStateMachine (OzoneManagerStateMachine.java:loadSnapshotInfoFromDB(687)) - LastAppliedIndex is set from TransactionInfo from OM DB as (t:0, i:~)
2023-09-29 09:12:51,452 [main] INFO  server.RaftServer (ConfUtils.java:logGet(46)) - raft.rpc.type = GRPC (default)
2023-09-29 09:12:51,465 [main] INFO  grpc.GrpcConfigKeys (ConfUtils.java:logFallback(53)) - raft.grpc.admin.host = null (fallback to raft.grpc.server.host)
2023-09-29 09:12:51,467 [main] INFO  grpc.GrpcConfigKeys (ConfUtils.java:logFallback(53)) - raft.grpc.admin.port = 15007 (fallback to raft.grpc.server.port)
2023-09-29 09:12:51,467 [main] INFO  grpc.GrpcConfigKeys (ConfUtils.java:logFallback(53)) - raft.grpc.client.host = null (fallback to raft.grpc.server.host)
2023-09-29 09:12:51,468 [main] INFO  grpc.GrpcConfigKeys (ConfUtils.java:logFallback(53)) - raft.grpc.client.port = 15007 (fallback to raft.grpc.server.port)
2023-09-29 09:12:51,468 [main] INFO  grpc.GrpcConfigKeys (ConfUtils.java:logGet(46)) - raft.grpc.server.host = null (default)
2023-09-29 09:12:51,469 [main] INFO  grpc.GrpcConfigKeys (ConfUtils.java:logGet(46)) - raft.grpc.server.port = 15007 (custom)
2023-09-29 09:12:51,470 [main] INFO  server.GrpcService (ConfUtils.java:logGet(46)) - raft.grpc.message.size.max = 33554432 (custom)
2023-09-29 09:12:51,471 [main] INFO  server.RaftServerConfigKeys (ConfUtils.java:logGet(46)) - raft.server.log.appender.buffer.byte-limit = 33554432 (custom)
2023-09-29 09:12:51,472 [main] INFO  server.GrpcService (ConfUtils.java:logGet(46)) - raft.grpc.flow.control.window = 1MB (=1048576) (default)
2023-09-29 09:12:51,473 [main] INFO  server.RaftServerConfigKeys (ConfUtils.java:logGet(46)) - raft.server.rpc.request.timeout = 3000ms (default)
2023-09-29 09:12:51,488 [main] INFO  grpc.GrpcConfigKeys (ConfUtils.java:logGet(46)) - raft.grpc.server.heartbeat.channel = true (default)
2023-09-29 09:12:51,493 [main] INFO  grpc.GrpcConfigKeys (ConfUtils.java:logGet(46)) - raft.grpc.server.async.request.thread.pool.cached = true (default)
2023-09-29 09:12:51,494 [main] INFO  grpc.GrpcConfigKeys (ConfUtils.java:logGet(46)) - raft.grpc.server.async.request.thread.pool.size = 32 (default)
2023-09-29 09:12:51,775 [main] INFO  impl.DataStreamServerImpl (ConfUtils.java:logGet(46)) - raft.datastream.type = DISABLED (default)
2023-09-29 09:12:51,781 [main] INFO  server.RaftServerConfigKeys (ConfUtils.java:logGet(46)) - raft.server.threadpool.proxy.cached = true (default)
2023-09-29 09:12:51,782 [main] INFO  server.RaftServerConfigKeys (ConfUtils.java:logGet(46)) - raft.server.threadpool.proxy.size = 0 (default)
2023-09-29 09:12:51,782 [main] INFO  server.RaftServerConfigKeys (ConfUtils.java:logGet(46)) - raft.server.rpc.slowness.timeout = 120s (custom)
2023-09-29 09:12:51,782 [main] INFO  server.RaftServerConfigKeys (ConfUtils.java:logGet(46)) - raft.server.leaderelection.leader.step-down.wait-time = 10s (default)
2023-09-29 09:12:51,784 [main] INFO  server.RaftServerConfigKeys (ConfUtils.java:logGet(46)) - raft.server.storage.dir = [/home/runner/work/ozone/ozone/hadoop-ozone/integration-test/target/test-dir/MiniOzoneClusterImpl-2a0ec25a-3990-4628-8b93-857bbff79694/ozone-meta/ratis] (custom)
2023-09-29 09:12:51,795 [main] INFO  server.RaftServer (RaftServerProxy.java:addNew(98)) - om1: addNew group-C5BA1605619E:[om1|rpc:localhost:15007|priority:0|startupRole:FOLLOWER] returns group-C5BA1605619E:java.util.concurrent.CompletableFuture@12a22dc4[Not completed]
2023-09-29 09:12:51,795 [main] INFO  om.OzoneManager (OzoneManager.java:initializeRatisServer(2151)) - OzoneManager Ratis server initialized at port 15007
2023-09-29 09:12:51,799 [main] INFO  om.OzoneManager (OzoneManager.java:getRpcServer(1199)) - Creating RPC Server
2023-09-29 09:12:51,998 [om1-groupManagement] INFO  server.RaftServer$Division (RaftServerImpl.java:<init>(198)) - om1: new RaftServerImpl for group-C5BA1605619E:[om1|rpc:localhost:15007|priority:0|startupRole:FOLLOWER] with OzoneManagerStateMachine:uninitialized
2023-09-29 09:12:52,001 [om1-groupManagement] INFO  server.RaftServerConfigKeys (ConfUtils.java:logGet(46)) - raft.server.rpc.timeout.min = 1s (custom)
2023-09-29 09:12:52,001 [om1-groupManagement] INFO  server.RaftServerConfigKeys (ConfUtils.java:logGet(46)) - raft.server.rpc.timeout.max = 1200ms (custom)
2023-09-29 09:12:52,001 [om1-groupManagement] INFO  server.RaftServerConfigKeys (ConfUtils.java:logGet(46)) - raft.server.rpc.sleep.time = 25ms (default)
2023-09-29 09:12:52,001 [om1-groupManagement] INFO  server.RaftServerConfigKeys (ConfUtils.java:logGet(46)) - raft.server.rpc.slowness.timeout = 120s (custom)
2023-09-29 09:12:52,002 [om1-groupManagement] INFO  server.RaftServerConfigKeys (ConfUtils.java:logGet(46)) - raft.server.leaderelection.leader.step-down.wait-time = 10s (default)
2023-09-29 09:12:52,002 [om1-groupManagement] INFO  server.RaftServerConfigKeys (ConfUtils.java:logGet(46)) - raft.server.sleep.deviation.threshold = 300ms (default)
2023-09-29 09:12:52,015 [om1-groupManagement] INFO  server.RaftServer$Division (ServerState.java:<init>(120)) - om1@group-C5BA1605619E: ConfigurationManager, init=-1: peers:[om1|rpc:localhost:15007|priority:0|startupRole:FOLLOWER]|listeners:[], old=null, confs=<EMPTY_MAP>
2023-09-29 09:12:52,021 [om1-groupManagement] INFO  server.RaftServerConfigKeys (ConfUtils.java:logGet(46)) - raft.server.storage.dir = [/home/runner/work/ozone/ozone/hadoop-ozone/integration-test/target/test-dir/MiniOzoneClusterImpl-2a0ec25a-3990-4628-8b93-857bbff79694/ozone-meta/ratis] (custom)
2023-09-29 09:12:52,042 [om1-groupManagement] INFO  server.RaftServerConfigKeys (ConfUtils.java:logGet(46)) - raft.server.log.corruption.policy = EXCEPTION (default)
2023-09-29 09:12:52,044 [om1-groupManagement] INFO  server.RaftServerConfigKeys (ConfUtils.java:logGet(46)) - raft.server.storage.free-space.min = 0MB (=0) (default)
2023-09-29 09:12:52,087 [om1-groupManagement] INFO  server.RaftServerConfigKeys (ConfUtils.java:logGet(46)) - raft.server.notification.no-leader.timeout = 120s (custom)
2023-09-29 09:12:52,101 [om1-groupManagement] INFO  server.RaftServerConfigKeys (ConfUtils.java:logGet(46)) - raft.server.read.timeout = 10s (default)
2023-09-29 09:12:52,118 [om1-groupManagement] INFO  server.RaftServerConfigKeys (ConfUtils.java:logGet(46)) - raft.server.retrycache.expirytime = 300s (custom)
2023-09-29 09:12:52,118 [om1-groupManagement] INFO  server.RaftServerConfigKeys (ConfUtils.java:logGet(46)) - raft.server.retrycache.statistics.expirytime = 100μs (default)
2023-09-29 09:12:52,191 [om1-groupManagement] INFO  server.RaftServerConfigKeys (ConfUtils.java:logGet(46)) - raft.server.read.option = DEFAULT (default)
2023-09-29 09:12:52,251 [om1-groupManagement] INFO  server.RaftServerConfigKeys (ConfUtils.java:logGet(46)) - raft.server.rpc.request.timeout = 3000ms (default)
2023-09-29 09:12:52,259 [om1-groupManagement] INFO  server.RaftServerConfigKeys (ConfUtils.java:logGet(46)) - raft.server.log.appender.install.snapshot.enabled = false (custom)
2023-09-29 09:12:52,260 [om1-groupManagement] INFO  server.RaftServerConfigKeys (ConfUtils.java:logGet(46)) - raft.server.threadpool.server.cached = true (default)
2023-09-29 09:12:52,260 [om1-groupManagement] INFO  server.RaftServerConfigKeys (ConfUtils.java:logGet(46)) - raft.server.threadpool.server.size = 0 (default)
2023-09-29 09:12:52,262 [om1-groupManagement] INFO  server.RaftServerConfigKeys (ConfUtils.java:logGet(46)) - raft.server.threadpool.client.cached = true (default)
2023-09-29 09:12:52,262 [om1-groupManagement] INFO  server.RaftServerConfigKeys (ConfUtils.java:logGet(46)) - raft.server.threadpool.client.size = 0 (default)
2023-09-29 09:12:53,086 [main] INFO  reflections.Reflections (Reflections.java:scan(232)) - Reflections took 1051 ms to scan 20 urls, producing 71 keys and 6039 values [using 2 cores]
2023-09-29 09:12:53,304 [main] INFO  ipc.CallQueueManager (CallQueueManager.java:<init>(90)) - Using callQueue: class java.util.concurrent.LinkedBlockingQueue, queueCapacity: 2000, scheduler: class org.apache.hadoop.ipc.DefaultRpcScheduler, ipcBackoff: false.
2023-09-29 09:12:53,305 [main] INFO  ipc.Server (Server.java:<init>(1287)) - Listener at 127.0.0.1:15004
2023-09-29 09:12:53,305 [Socket Reader #1 for port 15004] INFO  ipc.Server (Server.java:run(1323)) - Starting Socket Reader #1 for port 15004
2023-09-29 09:12:53,345 [main] INFO  impl.MetricsSystemImpl (MetricsSystemImpl.java:init(158)) - OzoneManager metrics system started (again)
2023-09-29 09:12:53,359 [main] INFO  om.OzoneManager (OzoneManager.java:start(1636)) - OzoneManager RPC server is listening at localhost/127.0.0.1:15004
2023-09-29 09:12:53,359 [main] INFO  ratis.OzoneManagerRatisServer (OzoneManagerRatisServer.java:start(558)) - Starting OzoneManagerRatisServer om1 at port 15007
2023-09-29 09:12:53,362 [om1-impl-thread1] INFO  storage.RaftStorageDirectory (RaftStorageDirectoryImpl.java:analyzeStorage(137)) - The storage directory /home/runner/work/ozone/ozone/hadoop-ozone/integration-test/target/test-dir/MiniOzoneClusterImpl-2a0ec25a-3990-4628-8b93-857bbff79694/ozone-meta/ratis/bf265839-605b-3f16-9796-c5ba1605619e does not exist. Creating ...
2023-09-29 09:12:53,368 [om1-impl-thread1] INFO  storage.RaftStorageDirectory (RaftStorageDirectoryImpl.java:tryLock(231)) - Lock on /home/runner/work/ozone/ozone/hadoop-ozone/integration-test/target/test-dir/MiniOzoneClusterImpl-2a0ec25a-3990-4628-8b93-857bbff79694/ozone-meta/ratis/bf265839-605b-3f16-9796-c5ba1605619e/in_use.lock acquired by nodename 20785@fv-az83-343
2023-09-29 09:12:53,374 [om1-impl-thread1] INFO  storage.RaftStorage (RaftStorageImpl.java:format(96)) - Storage directory /home/runner/work/ozone/ozone/hadoop-ozone/integration-test/target/test-dir/MiniOzoneClusterImpl-2a0ec25a-3990-4628-8b93-857bbff79694/ozone-meta/ratis/bf265839-605b-3f16-9796-c5ba1605619e has been successfully formatted.
2023-09-29 09:12:53,378 [om1-impl-thread1] INFO  server.RaftServerConfigKeys (ConfUtils.java:logGet(46)) - raft.server.log.use.memory = false (default)
2023-09-29 09:12:53,388 [om1-impl-thread1] INFO  server.RaftServerConfigKeys (ConfUtils.java:logGet(46)) - raft.server.log.purge.gap = 1000000 (custom)
2023-09-29 09:12:53,388 [om1-impl-thread1] INFO  server.RaftServerConfigKeys (ConfUtils.java:logGet(46)) - raft.server.log.appender.buffer.byte-limit = 33554432 (custom)
2023-09-29 09:12:53,390 [om1-impl-thread1] INFO  server.RaftServerConfigKeys (ConfUtils.java:logGet(46)) - raft.server.log.statemachine.data.read.timeout = 1000ms (default)
2023-09-29 09:12:53,391 [om1-impl-thread1] INFO  server.RaftServerConfigKeys (ConfUtils.java:logGet(46)) - raft.server.log.purge.preservation.log.num = 0 (default)
2023-09-29 09:12:53,394 [om1-impl-thread1] INFO  server.RaftServerConfigKeys (ConfUtils.java:logGet(46)) - raft.server.log.segment.size.max = 4194304 (custom)
2023-09-29 09:12:53,401 [om1-impl-thread1] INFO  server.RaftServerConfigKeys (ConfUtils.java:logGet(46)) - raft.server.log.segment.cache.num.max = 2 (custom)
2023-09-29 09:12:53,401 [om1-impl-thread1] INFO  server.RaftServerConfigKeys (ConfUtils.java:logGet(46)) - raft.server.log.segment.cache.size.max = 200MB (=209715200) (default)
2023-09-29 09:12:53,401 [om1-impl-thread1] INFO  server.RaftServerConfigKeys (ConfUtils.java:logGet(46)) - raft.server.log.appender.buffer.byte-limit = 33554432 (custom)
2023-09-29 09:12:53,409 [om1-impl-thread1] INFO  segmented.SegmentedRaftLogWorker (SegmentedRaftLogWorker.java:<init>(188)) - new om1@group-C5BA1605619E-SegmentedRaftLogWorker for RaftStorageImpl:Storage Directory /home/runner/work/ozone/ozone/hadoop-ozone/integration-test/target/test-dir/MiniOzoneClusterImpl-2a0ec25a-3990-4628-8b93-857bbff79694/ozone-meta/ratis/bf265839-605b-3f16-9796-c5ba1605619e
2023-09-29 09:12:53,409 [om1-impl-thread1] INFO  server.RaftServerConfigKeys (ConfUtils.java:logGet(46)) - raft.server.log.queue.byte-limit = 64MB (=67108864) (default)
2023-09-29 09:12:53,410 [om1-impl-thread1] INFO  server.RaftServerConfigKeys (ConfUtils.java:logGet(46)) - raft.server.log.queue.element-limit = 4096 (default)
2023-09-29 09:12:53,411 [om1-impl-thread1] INFO  server.RaftServerConfigKeys (ConfUtils.java:logGet(46)) - raft.server.log.segment.size.max = 4194304 (custom)
2023-09-29 09:12:53,411 [om1-impl-thread1] INFO  server.RaftServerConfigKeys (ConfUtils.java:logGet(46)) - raft.server.log.preallocated.size = 4194304 (custom)
2023-09-29 09:12:53,412 [om1-impl-thread1] INFO  server.RaftServerConfigKeys (ConfUtils.java:logGet(46)) - raft.server.log.force.sync.num = 128 (default)
2023-09-29 09:12:53,413 [om1-impl-thread1] INFO  server.RaftServerConfigKeys (ConfUtils.java:logGet(46)) - raft.server.log.statemachine.data.sync = true (default)
2023-09-29 09:12:53,413 [om1-impl-thread1] INFO  server.RaftServerConfigKeys (ConfUtils.java:logGet(46)) - raft.server.log.statemachine.data.sync.timeout = 10s (default)
2023-09-29 09:12:53,414 [om1-impl-thread1] INFO  server.RaftServerConfigKeys (ConfUtils.java:logGet(46)) - raft.server.log.statemachine.data.sync.timeout.retry = -1 (default)
2023-09-29 09:12:53,426 [om1-impl-thread1] INFO  server.RaftServerConfigKeys (ConfUtils.java:logGet(46)) - raft.server.log.write.buffer.size = 64KB (=65536) (default)
2023-09-29 09:12:53,426 [om1-impl-thread1] INFO  server.RaftServerConfigKeys (ConfUtils.java:logGet(46)) - raft.server.log.appender.buffer.byte-limit = 33554432 (custom)
2023-09-29 09:12:53,443 [om1-impl-thread1] INFO  server.RaftServerConfigKeys (ConfUtils.java:logGet(46)) - raft.server.log.unsafe-flush.enabled = false (default)
2023-09-29 09:12:53,445 [om1-impl-thread1] INFO  server.RaftServerConfigKeys (ConfUtils.java:logGet(46)) - raft.server.log.async-flush.enabled = false (default)
2023-09-29 09:12:53,446 [om1-impl-thread1] INFO  server.RaftServerConfigKeys (ConfUtils.java:logGet(46)) - raft.server.log.statemachine.data.caching.enabled = false (default)
2023-09-29 09:12:53,453 [om1-impl-thread1] INFO  segmented.SegmentedRaftLogWorker (SegmentedRaftLogWorker.java:lambda$new$0(135)) - om1@group-C5BA1605619E-SegmentedRaftLogWorker: flushIndex: setUnconditionally 0 -> -1
2023-09-29 09:12:53,453 [om1-impl-thread1] INFO  segmented.SegmentedRaftLogWorker (SegmentedRaftLogWorker.java:lambda$new$0(135)) - om1@group-C5BA1605619E-SegmentedRaftLogWorker: safeCacheEvictIndex: setUnconditionally 0 -> -1
2023-09-29 09:12:53,454 [om1-impl-thread1] INFO  server.RaftServer$Division (RaftServerImpl.java:start(342)) - om1@group-C5BA1605619E: start as a follower, conf=-1: peers:[om1|rpc:localhost:15007|priority:0|startupRole:FOLLOWER]|listeners:[], old=null
2023-09-29 09:12:53,461 [om1-impl-thread1] INFO  server.RaftServer$Division (RaftServerImpl.java:setRole(329)) - om1@group-C5BA1605619E: changes role from      null to FOLLOWER at term 0 for startAsFollower
2023-09-29 09:12:53,463 [om1-impl-thread1] INFO  impl.RoleInfo (RoleInfo.java:updateAndGet(139)) - om1: start om1@group-C5BA1605619E-FollowerState
2023-09-29 09:12:53,469 [om1@group-C5BA1605619E-FollowerState] INFO  server.RaftServerConfigKeys (ConfUtils.java:logFallback(53)) - raft.server.rpc.first-election.timeout.min = 1s (fallback to raft.server.rpc.timeout.min)
2023-09-29 09:12:53,469 [om1-impl-thread1] INFO  util.JmxRegister (JmxRegister.java:tryRegister(44)) - Successfully registered JMX Bean with object name Ratis:service=RaftServer,group=group-C5BA1605619E,id=om1
2023-09-29 09:12:53,471 [om1@group-C5BA1605619E-FollowerState] INFO  server.RaftServerConfigKeys (ConfUtils.java:logFallback(53)) - raft.server.rpc.first-election.timeout.max = 1200ms (fallback to raft.server.rpc.timeout.max)
2023-09-29 09:12:53,473 [om1-impl-thread1] INFO  server.RaftServerConfigKeys (ConfUtils.java:logGet(46)) - raft.server.snapshot.auto.trigger.enabled = true (custom)
2023-09-29 09:12:53,474 [om1-impl-thread1] INFO  server.RaftServerConfigKeys (ConfUtils.java:logGet(46)) - raft.server.snapshot.auto.trigger.threshold = 400000 (default)
2023-09-29 09:12:53,474 [om1-impl-thread1] INFO  server.RaftServerConfigKeys (ConfUtils.java:logGet(46)) - raft.server.snapshot.retention.file.num = -1 (default)
2023-09-29 09:12:53,475 [om1-impl-thread1] INFO  server.RaftServerConfigKeys (ConfUtils.java:logGet(46)) - raft.server.log.purge.upto.snapshot.index = true (custom)
2023-09-29 09:12:53,479 [main] INFO  server.RaftServer (RaftServerProxy.java:startImpl(400)) - om1: start RPC server
2023-09-29 09:12:53,552 [main] INFO  server.GrpcService (GrpcService.java:startImpl(302)) - om1: GrpcService started, listening on 15007
2023-09-29 09:12:53,555 [main] INFO  om.OzoneManager (OzoneManager.java:start(1652)) - Version File has different layout version (6) than OM DB (null). That is expected if this OM has never been finalized to a newer layout version.
2023-09-29 09:12:53,562 [JvmPauseMonitor1] INFO  util.JvmPauseMonitor (JvmPauseMonitor.java:run(103)) - JvmPauseMonitor-om1: Started
2023-09-29 09:12:53,600 [main] INFO  http.BaseHttpServer (BaseHttpServer.java:newHttpServer2BuilderForOzone(223)) - Starting Web-server for ozoneManager at: http://0.0.0.0:15005
2023-09-29 09:12:53,600 [main] INFO  http.BaseHttpServer (BaseHttpServer.java:<init>(110)) - Hadoop Security Enabled: false Ozone Security Enabled: false Ozone HTTP Security Enabled: false 
2023-09-29 09:12:53,602 [main] WARN  server.AuthenticationFilter (AuthenticationFilter.java:constructSecretProvider(240)) - Unable to initialize FileSignerSecretProvider, falling back to use random secrets. Reason: Could not read signature secret file: /home/runner/hadoop-http-auth-signature-secret
2023-09-29 09:12:53,608 [main] INFO  http.HttpRequestLog (HttpRequestLog.java:getRequestLog(86)) - Http request log for http.requests.ozoneManager is not defined
2023-09-29 09:12:53,617 [main] INFO  http.HttpServer2 (HttpServer2.java:addGlobalFilter(1031)) - Added global filter 'safety' (class=org.apache.hadoop.hdds.server.http.HttpServer2$QuotingInputFilter)
2023-09-29 09:12:53,619 [main] INFO  http.HttpServer2 (HttpServer2.java:addFilter(1007)) - Added filter static_user_filter (class=org.apache.hadoop.http.lib.StaticUserWebFilter$StaticUserFilter) to context ozoneManager
2023-09-29 09:12:53,619 [main] INFO  http.HttpServer2 (HttpServer2.java:addFilter(1015)) - Added filter static_user_filter (class=org.apache.hadoop.http.lib.StaticUserWebFilter$StaticUserFilter) to context static
2023-09-29 09:12:53,619 [main] INFO  http.HttpServer2 (HttpServer2.java:addFilter(1015)) - Added filter static_user_filter (class=org.apache.hadoop.http.lib.StaticUserWebFilter$StaticUserFilter) to context logs
2023-09-29 09:12:53,621 [main] INFO  http.BaseHttpServer (BaseHttpServer.java:<init>(189)) - HTTP server of ozoneManager uses base directory /home/runner/work/ozone/ozone/hadoop-ozone/integration-test/target/test-dir/MiniOzoneClusterImpl-2a0ec25a-3990-4628-8b93-857bbff79694/ozone-meta/webserver
2023-09-29 09:12:53,625 [main] INFO  http.HttpServer2 (HttpServer2.java:bindListener(1231)) - Jetty bound to port 15005
2023-09-29 09:12:53,626 [main] INFO  server.Server (Server.java:doStart(375)) - jetty-9.4.52.v20230823; built: 2023-08-23T19:29:37.669Z; git: abdcda73818a1a2c705da276edb0bf6581e7997e; jvm 1.8.0_382-b05
2023-09-29 09:12:53,635 [main] INFO  server.session (DefaultSessionIdManager.java:doStart(334)) - DefaultSessionIdManager workerName=node0
2023-09-29 09:12:53,635 [main] INFO  server.session (DefaultSessionIdManager.java:doStart(339)) - No SessionScavenger set, using defaults
2023-09-29 09:12:53,636 [main] INFO  server.session (HouseKeeper.java:startScavenging(132)) - node0 Scavenging every 660000ms
2023-09-29 09:12:53,637 [main] INFO  handler.ContextHandler (ContextHandler.java:doStart(921)) - Started o.e.j.s.ServletContextHandler@39946f0{logs,/logs,file:///home/runner/work/ozone/ozone/hadoop-ozone/integration-test/target/log,AVAILABLE}
2023-09-29 09:12:53,637 [main] INFO  handler.ContextHandler (ContextHandler.java:doStart(921)) - Started o.e.j.s.ServletContextHandler@2ef73704{static,/static,file:///home/runner/work/ozone/ozone/hadoop-ozone/integration-test/target/test-classes/webapps/static,AVAILABLE}
2023-09-29 09:12:53,642 [main] INFO  handler.ContextHandler (ContextHandler.java:doStart(921)) - Started o.e.j.w.WebAppContext@3b4cc0f6{ozoneManager,/,file:///home/runner/work/ozone/ozone/hadoop-ozone/integration-test/target/test-classes/webapps/ozoneManager/,AVAILABLE}{file:/home/runner/work/ozone/ozone/hadoop-ozone/integration-test/target/test-classes/webapps/ozoneManager}
2023-09-29 09:12:53,643 [main] INFO  server.AbstractConnector (AbstractConnector.java:doStart(333)) - Started ServerConnector@5ef60f95{HTTP/1.1, (http/1.1)}{0.0.0.0:15005}
2023-09-29 09:12:53,643 [main] INFO  server.Server (Server.java:doStart(415)) - Started @10602ms
2023-09-29 09:12:53,643 [main] WARN  impl.MetricsSystemImpl (MetricsSystemImpl.java:register(279)) - Sink prometheus already exists!
2023-09-29 09:12:53,644 [main] INFO  http.BaseHttpServer (BaseHttpServer.java:updateConnectorAddress(354)) - HTTP server of ozoneManager listening at http://0.0.0.0:15005
2023-09-29 09:12:53,645 [IPC Server Responder] INFO  ipc.Server (Server.java:run(1562)) - IPC Server Responder: starting
2023-09-29 09:12:53,646 [IPC Server listener on 15004] INFO  ipc.Server (Server.java:run(1402)) - IPC Server listener on 15004: starting
2023-09-29 09:12:53,760 [main] INFO  om.TrashPolicyOzone (TrashPolicyOzone.java:<init>(281)) - Ozone Manager trash configuration: Deletion interval = 0 minutes, Emptier interval = 0 minutes.
2023-09-29 09:12:53,956 [main] INFO  db.CodecBuffer (CodecBuffer.java:set(60)) - Successfully set constructor to org.apache.hadoop.hdds.utils.db.CodecBuffer$$Lambda$775/1870846921@6db89763
2023-09-29 09:12:53,958 [main] WARN  impl.MetricRegistriesImpl (MetricRegistriesImpl.java:addReporterRegistration(111)) - New reporters are added after registries were created. Some metrics will be missing from the reporter. Please add reporter before adding any new registry.
2023-09-29 09:12:53,959 [main] WARN  impl.MetricRegistriesImpl (MetricRegistriesImpl.java:addReporterRegistration(111)) - New reporters are added after registries were created. Some metrics will be missing from the reporter. Please add reporter before adding any new registry.
2023-09-29 09:12:53,959 [main] INFO  impl.MetricsSystemImpl (MetricsSystemImpl.java:init(158)) - HddsDatanode metrics system started (again)
2023-09-29 09:12:53,983 [main] INFO  ozone.HddsDatanodeService (HddsDatanodeService.java:start(237)) - HddsDatanodeService host:fv-az83-343.uavyq1izdhte5b0ne1us2eqzhb.jx.internal.cloudapp.net ip:10.1.0.30
2023-09-29 09:12:54,021 [main] INFO  upgrade.AbstractLayoutVersionManager (AbstractLayoutVersionManager.java:init(83)) - Initializing Layout version manager with metadata layout = HADOOP_PRC_PORTS_IN_DATANODEDETAILS (version = 7), software layout = HADOOP_PRC_PORTS_IN_DATANODEDETAILS (version = 7)
2023-09-29 09:12:54,023 [main] INFO  statemachine.DatanodeStateMachine (DatanodeStateMachine.java:getEndPointTaskThreadPoolSize(283)) - Datanode State Machine Task Thread Pool size 2
2023-09-29 09:12:54,091 [main] INFO  volume.HddsVolume (HddsVolume.java:<init>(126)) - Creating HddsVolume: /home/runner/work/ozone/ozone/hadoop-ozone/integration-test/target/test-dir/MiniOzoneClusterImpl-2a0ec25a-3990-4628-8b93-857bbff79694/datanode-0/data-0/containers/hdds of storage type : DISK capacity : 9223372036854775807
2023-09-29 09:12:54,094 [main] INFO  volume.MutableVolumeSet (MutableVolumeSet.java:initializeVolumeSet(173)) - Added Volume : /home/runner/work/ozone/ozone/hadoop-ozone/integration-test/target/test-dir/MiniOzoneClusterImpl-2a0ec25a-3990-4628-8b93-857bbff79694/datanode-0/data-0/containers/hdds to VolumeSet
2023-09-29 09:12:54,098 [main] INFO  volume.MutableVolumeSet (MutableVolumeSet.java:initializeVolumeSet(173)) - Added Volume : /home/runner/work/ozone/ozone/hadoop-ozone/integration-test/target/test-dir/MiniOzoneClusterImpl-2a0ec25a-3990-4628-8b93-857bbff79694/datanode-0/data/ratis to VolumeSet
2023-09-29 09:12:54,113 [Thread-140] INFO  ozoneimpl.ContainerReader (ContainerReader.java:readVolume(177)) - Finish verifying containers on volume /home/runner/work/ozone/ozone/hadoop-ozone/integration-test/target/test-dir/MiniOzoneClusterImpl-2a0ec25a-3990-4628-8b93-857bbff79694/datanode-0/data-0/containers/hdds
2023-09-29 09:12:54,113 [main] INFO  ozoneimpl.OzoneContainer (OzoneContainer.java:buildContainerSet(314)) - Build ContainerSet costs 0s
2023-09-29 09:12:54,171 [main] INFO  audit.AuditLogger (AuditLogger.java:refreshDebugCmdSet(126)) - Refresh DebugCmdSet for DNAudit to [].
2023-09-29 09:12:54,204 [main] INFO  server.RaftServer (ConfUtils.java:logGet(46)) - raft.rpc.type = GRPC (default)
2023-09-29 09:12:54,205 [main] INFO  grpc.GrpcConfigKeys (ConfUtils.java:logFallback(53)) - raft.grpc.admin.host = null (fallback to raft.grpc.server.host)
2023-09-29 09:12:54,205 [main] INFO  grpc.GrpcConfigKeys (ConfUtils.java:logGet(46)) - raft.grpc.admin.port = 15013 (custom)
2023-09-29 09:12:54,206 [main] INFO  grpc.GrpcConfigKeys (ConfUtils.java:logFallback(53)) - raft.grpc.client.host = null (fallback to raft.grpc.server.host)
2023-09-29 09:12:54,206 [main] INFO  grpc.GrpcConfigKeys (ConfUtils.java:logGet(46)) - raft.grpc.client.port = 15012 (custom)
2023-09-29 09:12:54,206 [main] INFO  grpc.GrpcConfigKeys (ConfUtils.java:logGet(46)) - raft.grpc.server.host = null (default)
2023-09-29 09:12:54,206 [main] INFO  grpc.GrpcConfigKeys (ConfUtils.java:logGet(46)) - raft.grpc.server.port = 15014 (custom)
2023-09-29 09:12:54,206 [main] INFO  server.GrpcService (ConfUtils.java:logGet(46)) - raft.grpc.message.size.max = 32MB (=33554432) (custom)
2023-09-29 09:12:54,207 [main] INFO  server.RaftServerConfigKeys (ConfUtils.java:logGet(46)) - raft.server.log.appender.buffer.byte-limit = 33554432 (custom)
2023-09-29 09:12:54,207 [main] INFO  server.GrpcService (ConfUtils.java:logGet(46)) - raft.grpc.flow.control.window = 5MB (=5242880) (custom)
2023-09-29 09:12:54,207 [main] INFO  server.RaftServerConfigKeys (ConfUtils.java:logGet(46)) - raft.server.rpc.request.timeout = 60s (custom)
2023-09-29 09:12:54,207 [main] INFO  grpc.GrpcConfigKeys (ConfUtils.java:logGet(46)) - raft.grpc.server.heartbeat.channel = true (default)
2023-09-29 09:12:54,207 [main] INFO  grpc.GrpcConfigKeys (ConfUtils.java:logGet(46)) - raft.grpc.server.async.request.thread.pool.cached = true (default)
2023-09-29 09:12:54,208 [main] INFO  grpc.GrpcConfigKeys (ConfUtils.java:logGet(46)) - raft.grpc.server.async.request.thread.pool.size = 32 (default)
2023-09-29 09:12:54,211 [main] INFO  impl.DataStreamServerImpl (ConfUtils.java:logGet(46)) - raft.datastream.type = NETTY (custom)
2023-09-29 09:12:54,223 [main] INFO  server.RaftServerConfigKeys (ConfUtils.java:logGet(46)) - raft.server.data-stream.async.request.thread.pool.cached = false (default)
2023-09-29 09:12:54,223 [main] INFO  server.RaftServerConfigKeys (ConfUtils.java:logGet(46)) - raft.server.data-stream.async.request.thread.pool.size = 20 (custom)
2023-09-29 09:12:54,224 [main] INFO  server.RaftServerConfigKeys (ConfUtils.java:logGet(46)) - raft.server.data-stream.async.write.thread.pool.size = 16 (default)
2023-09-29 09:12:54,225 [main] INFO  server.RaftServerConfigKeys (ConfUtils.java:logGet(46)) - raft.server.data-stream.client.pool.size = 10 (default)
2023-09-29 09:12:54,228 [main] INFO  netty.NettyConfigKeys$DataStream (ConfUtils.java:logGet(46)) - raft.netty.dataStream.server.use-epoll = false (default)
2023-09-29 09:12:54,229 [main] INFO  netty.NettyConfigKeys$DataStream (ConfUtils.java:logGet(46)) - raft.netty.dataStream.server.boss-group.size = 0 (default)
2023-09-29 09:12:54,237 [main] INFO  netty.NettyConfigKeys$DataStream (ConfUtils.java:logGet(46)) - raft.netty.dataStream.server.worker-group.size = 0 (default)
2023-09-29 09:12:54,249 [main] INFO  netty.NettyConfigKeys$DataStream (ConfUtils.java:logGet(46)) - raft.netty.dataStream.server.tls.conf = null (default)
2023-09-29 09:12:54,250 [main] INFO  netty.NettyConfigKeys$DataStream (ConfUtils.java:logGet(46)) - raft.netty.dataStream.host = null (default)
2023-09-29 09:12:54,251 [main] INFO  netty.NettyConfigKeys$DataStream (ConfUtils.java:logGet(46)) - raft.netty.dataStream.port = 15015 (custom)
2023-09-29 09:12:54,262 [main] INFO  server.RaftServerConfigKeys (ConfUtils.java:logGet(46)) - raft.server.threadpool.proxy.cached = true (default)
2023-09-29 09:12:54,262 [main] INFO  server.RaftServerConfigKeys (ConfUtils.java:logGet(46)) - raft.server.threadpool.proxy.size = 0 (default)
2023-09-29 09:12:54,262 [main] INFO  server.RaftServerConfigKeys (ConfUtils.java:logGet(46)) - raft.server.rpc.slowness.timeout = 300s (custom)
2023-09-29 09:12:54,262 [main] INFO  server.RaftServerConfigKeys (ConfUtils.java:logGet(46)) - raft.server.leaderelection.leader.step-down.wait-time = 10s (default)
2023-09-29 09:12:54,263 [main] INFO  server.RaftServerConfigKeys (ConfUtils.java:logGet(46)) - raft.server.storage.dir = [/home/runner/work/ozone/ozone/hadoop-ozone/integration-test/target/test-dir/MiniOzoneClusterImpl-2a0ec25a-3990-4628-8b93-857bbff79694/datanode-0/data/ratis] (custom)
2023-09-29 09:12:54,267 [808e3967-7510-49b7-87ea-3b9eb7a0b48e-impl-thread1] INFO  server.RaftServer (RaftServerProxy.java:initGroupDir(258)) - 808e3967-7510-49b7-87ea-3b9eb7a0b48e: found a subdirectory /home/runner/work/ozone/ozone/hadoop-ozone/integration-test/target/test-dir/MiniOzoneClusterImpl-2a0ec25a-3990-4628-8b93-857bbff79694/datanode-0/data/ratis/tmp
2023-09-29 09:12:54,268 [808e3967-7510-49b7-87ea-3b9eb7a0b48e-impl-thread1] INFO  server.RaftServer (RaftServerProxy.java:initGroupDir(263)) - 808e3967-7510-49b7-87ea-3b9eb7a0b48e: The directory /home/runner/work/ozone/ozone/hadoop-ozone/integration-test/target/test-dir/MiniOzoneClusterImpl-2a0ec25a-3990-4628-8b93-857bbff79694/datanode-0/data/ratis/tmp is not a group directory; ignoring it. 
2023-09-29 09:12:54,271 [main] INFO  replication.ReplicationServer (ReplicationServer.java:<init>(83)) - Initializing replication server with thread count = 10 queue length = 4096
2023-09-29 09:12:54,290 [808e3967-7510-49b7-87ea-3b9eb7a0b48e-NettyServerStreamRpc-bossGroup--thread1] INFO  logging.LoggingHandler (AbstractInternalLogger.java:log(148)) - [id: 0x3e8cea32] REGISTERED
2023-09-29 09:12:54,291 [808e3967-7510-49b7-87ea-3b9eb7a0b48e-NettyServerStreamRpc-bossGroup--thread1] INFO  logging.LoggingHandler (AbstractInternalLogger.java:log(148)) - [id: 0x3e8cea32] BIND: 0.0.0.0/0.0.0.0:15015
2023-09-29 09:12:54,294 [808e3967-7510-49b7-87ea-3b9eb7a0b48e-NettyServerStreamRpc-bossGroup--thread1] INFO  logging.LoggingHandler (AbstractInternalLogger.java:log(148)) - [id: 0x3e8cea32, L:/0:0:0:0:0:0:0:0:15015] ACTIVE
2023-09-29 09:12:54,305 [main] INFO  server.XceiverServerGrpc (XceiverServerGrpc.java:<init>(132)) - GrpcServer channel type EpollServerSocketChannel
2023-09-29 09:12:54,351 [main] INFO  replication.ReplicationSupervisor (ReplicationSupervisor.java:build(155)) - Initializing replication supervisor with thread count = 10
2023-09-29 09:12:54,352 [main] INFO  replication.ReplicationSupervisor (ReplicationSupervisor.java:nodeStateUpdated(307)) - Node state updated to IN_SERVICE, scaling executor pool size to 10
2023-09-29 09:12:54,418 [main] INFO  http.BaseHttpServer (BaseHttpServer.java:newHttpServer2BuilderForOzone(223)) - Starting Web-server for hddsDatanode at: http://0.0.0.0:15009
2023-09-29 09:12:54,419 [main] INFO  http.BaseHttpServer (BaseHttpServer.java:<init>(110)) - Hadoop Security Enabled: false Ozone Security Enabled: false Ozone HTTP Security Enabled: false 
2023-09-29 09:12:54,421 [main] WARN  server.AuthenticationFilter (AuthenticationFilter.java:constructSecretProvider(240)) - Unable to initialize FileSignerSecretProvider, falling back to use random secrets. Reason: Could not read signature secret file: /home/runner/hadoop-http-auth-signature-secret
2023-09-29 09:12:54,424 [main] INFO  http.HttpRequestLog (HttpRequestLog.java:getRequestLog(86)) - Http request log for http.requests.hddsDatanode is not defined
2023-09-29 09:12:54,426 [main] INFO  http.HttpServer2 (HttpServer2.java:addGlobalFilter(1031)) - Added global filter 'safety' (class=org.apache.hadoop.hdds.server.http.HttpServer2$QuotingInputFilter)
2023-09-29 09:12:54,427 [main] INFO  http.HttpServer2 (HttpServer2.java:addFilter(1007)) - Added filter static_user_filter (class=org.apache.hadoop.http.lib.StaticUserWebFilter$StaticUserFilter) to context hddsDatanode
2023-09-29 09:12:54,427 [main] INFO  http.HttpServer2 (HttpServer2.java:addFilter(1015)) - Added filter static_user_filter (class=org.apache.hadoop.http.lib.StaticUserWebFilter$StaticUserFilter) to context logs
2023-09-29 09:12:54,428 [main] INFO  http.HttpServer2 (HttpServer2.java:addFilter(1015)) - Added filter static_user_filter (class=org.apache.hadoop.http.lib.StaticUserWebFilter$StaticUserFilter) to context static
2023-09-29 09:12:54,433 [main] INFO  http.BaseHttpServer (BaseHttpServer.java:<init>(189)) - HTTP server of hddsDatanode uses base directory /home/runner/work/ozone/ozone/hadoop-ozone/integration-test/target/test-dir/MiniOzoneClusterImpl-2a0ec25a-3990-4628-8b93-857bbff79694/datanode-0/meta/webserver
2023-09-29 09:12:54,433 [main] INFO  http.HttpServer2 (HttpServer2.java:bindListener(1231)) - Jetty bound to port 15009
2023-09-29 09:12:54,433 [main] INFO  server.Server (Server.java:doStart(375)) - jetty-9.4.52.v20230823; built: 2023-08-23T19:29:37.669Z; git: abdcda73818a1a2c705da276edb0bf6581e7997e; jvm 1.8.0_382-b05
2023-09-29 09:12:54,438 [main] INFO  server.session (DefaultSessionIdManager.java:doStart(334)) - DefaultSessionIdManager workerName=node0
2023-09-29 09:12:54,438 [main] INFO  server.session (DefaultSessionIdManager.java:doStart(339)) - No SessionScavenger set, using defaults
2023-09-29 09:12:54,439 [main] INFO  server.session (HouseKeeper.java:startScavenging(132)) - node0 Scavenging every 660000ms
2023-09-29 09:12:54,439 [main] INFO  handler.ContextHandler (ContextHandler.java:doStart(921)) - Started o.e.j.s.ServletContextHandler@161dca1d{logs,/logs,file:///home/runner/work/ozone/ozone/hadoop-ozone/integration-test/target/log,AVAILABLE}
2023-09-29 09:12:54,444 [main] INFO  handler.ContextHandler (ContextHandler.java:doStart(921)) - Started o.e.j.s.ServletContextHandler@167cb588{static,/static,jar:file:/home/runner/.m2/repository/org/apache/ozone/hdds-container-service/1.4.0-SNAPSHOT/hdds-container-service-1.4.0-SNAPSHOT.jar!/webapps/static,AVAILABLE}
2023-09-29 09:12:54,670 [om1@group-C5BA1605619E-FollowerState] INFO  impl.FollowerState (FollowerState.java:run(143)) - om1@group-C5BA1605619E-FollowerState: change to CANDIDATE, lastRpcElapsedTime:1207554726ns, electionTimeout:1198ms
2023-09-29 09:12:54,671 [om1@group-C5BA1605619E-FollowerState] INFO  impl.RoleInfo (RoleInfo.java:shutdownFollowerState(110)) - om1: shutdown om1@group-C5BA1605619E-FollowerState
2023-09-29 09:12:54,672 [om1@group-C5BA1605619E-FollowerState] INFO  server.RaftServer$Division (RaftServerImpl.java:setRole(329)) - om1@group-C5BA1605619E: changes role from  FOLLOWER to CANDIDATE at term 0 for changeToCandidate
2023-09-29 09:12:54,677 [om1@group-C5BA1605619E-FollowerState] INFO  server.RaftServerConfigKeys (ConfUtils.java:logGet(46)) - raft.server.leaderelection.pre-vote = true (default)
2023-09-29 09:12:54,677 [om1@group-C5BA1605619E-FollowerState] INFO  impl.RoleInfo (RoleInfo.java:updateAndGet(139)) - om1: start om1@group-C5BA1605619E-LeaderElection1
2023-09-29 09:12:54,685 [om1@group-C5BA1605619E-LeaderElection1] INFO  impl.LeaderElection (LeaderElection.java:askForVotes(321)) - om1@group-C5BA1605619E-LeaderElection1 PRE_VOTE round 0: submit vote requests at term 0 for -1: peers:[om1|rpc:localhost:15007|priority:0|startupRole:FOLLOWER]|listeners:[], old=null
2023-09-29 09:12:54,686 [om1@group-C5BA1605619E-LeaderElection1] INFO  impl.LeaderElection (LeaderElection.java:askForVotes(323)) - om1@group-C5BA1605619E-LeaderElection1 PRE_VOTE round 0: result PASSED (term=0)
2023-09-29 09:12:54,689 [om1@group-C5BA1605619E-LeaderElection1] INFO  impl.LeaderElection (LeaderElection.java:askForVotes(321)) - om1@group-C5BA1605619E-LeaderElection1 ELECTION round 0: submit vote requests at term 1 for -1: peers:[om1|rpc:localhost:15007|priority:0|startupRole:FOLLOWER]|listeners:[], old=null
2023-09-29 09:12:54,691 [om1@group-C5BA1605619E-LeaderElection1] INFO  impl.LeaderElection (LeaderElection.java:askForVotes(323)) - om1@group-C5BA1605619E-LeaderElection1 ELECTION round 0: result PASSED (term=1)
2023-09-29 09:12:54,691 [om1@group-C5BA1605619E-LeaderElection1] INFO  impl.RoleInfo (RoleInfo.java:shutdownLeaderElection(130)) - om1: shutdown om1@group-C5BA1605619E-LeaderElection1
2023-09-29 09:12:54,692 [om1@group-C5BA1605619E-LeaderElection1] INFO  server.RaftServer$Division (RaftServerImpl.java:setRole(329)) - om1@group-C5BA1605619E: changes role from CANDIDATE to LEADER at term 1 for changeToLeader
2023-09-29 09:12:54,696 [om1@group-C5BA1605619E-LeaderElection1] INFO  server.RaftServer$Division (ServerState.java:setLeader(317)) - om1@group-C5BA1605619E: change Leader from null to om1 at term 1 for becomeLeader, leader elected after 2605ms
2023-09-29 09:12:54,716 [om1@group-C5BA1605619E-LeaderElection1] INFO  server.RaftServerConfigKeys (ConfUtils.java:logGet(46)) - raft.server.staging.catchup.gap = 1000 (default)
2023-09-29 09:12:54,727 [om1@group-C5BA1605619E-LeaderElection1] INFO  server.RaftServerConfigKeys (ConfUtils.java:logGet(46)) - raft.server.write.element-limit = 4096 (default)
2023-09-29 09:12:54,730 [om1@group-C5BA1605619E-LeaderElection1] INFO  server.RaftServerConfigKeys (ConfUtils.java:logGet(46)) - raft.server.write.byte-limit = 64MB (=67108864) (default)
2023-09-29 09:12:54,740 [om1@group-C5BA1605619E-LeaderElection1] INFO  server.RaftServerConfigKeys (ConfUtils.java:logGet(46)) - raft.server.watch.timeout = 10s (default)
2023-09-29 09:12:54,741 [om1@group-C5BA1605619E-LeaderElection1] INFO  server.RaftServerConfigKeys (ConfUtils.java:logGet(46)) - raft.server.watch.timeout.denomination = 1s (default)
2023-09-29 09:12:54,741 [om1@group-C5BA1605619E-LeaderElection1] INFO  server.RaftServerConfigKeys (ConfUtils.java:logGet(46)) - raft.server.watch.element-limit = 65536 (default)
2023-09-29 09:12:54,748 [om1@group-C5BA1605619E-LeaderElection1] INFO  server.RaftServerConfigKeys (ConfUtils.java:logGet(46)) - raft.server.write.element-limit = 4096 (default)
2023-09-29 09:12:54,752 [om1@group-C5BA1605619E-LeaderElection1] INFO  server.RaftServerConfigKeys (ConfUtils.java:logGet(46)) - raft.server.write.follower.gap.ratio.max = -1.0 (default)
2023-09-29 09:12:54,755 [om1@group-C5BA1605619E-LeaderElection1] INFO  impl.RoleInfo (RoleInfo.java:updateAndGet(139)) - om1: start om1@group-C5BA1605619E-LeaderStateImpl
2023-09-29 09:12:54,790 [om1@group-C5BA1605619E-LeaderElection1] INFO  segmented.SegmentedRaftLogWorker (SegmentedRaftLogWorker.java:startLogSegment(447)) - om1@group-C5BA1605619E-SegmentedRaftLogWorker: Starting segment from index:0
2023-09-29 09:12:54,799 [main] INFO  handler.ContextHandler (ContextHandler.java:doStart(921)) - Started o.e.j.w.WebAppContext@5bb37521{hddsDatanode,/,file:///home/runner/work/ozone/ozone/hadoop-ozone/integration-test/target/test-dir/MiniOzoneClusterImpl-2a0ec25a-3990-4628-8b93-857bbff79694/datanode-0/meta/webserver/jetty-0_0_0_0-15009-hdds-container-service-1_4_0-SNAPSHOT_jar-_-any-7298809366722124323/webapp/,AVAILABLE}{jar:file:/home/runner/.m2/repository/org/apache/ozone/hdds-container-service/1.4.0-SNAPSHOT/hdds-container-service-1.4.0-SNAPSHOT.jar!/webapps/hddsDatanode}
2023-09-29 09:12:54,809 [main] INFO  server.AbstractConnector (AbstractConnector.java:doStart(333)) - Started ServerConnector@3d8e94e0{HTTP/1.1, (http/1.1)}{0.0.0.0:15009}
2023-09-29 09:12:54,809 [main] INFO  server.Server (Server.java:doStart(415)) - Started @11768ms
2023-09-29 09:12:54,809 [main] WARN  impl.MetricsSystemImpl (MetricsSystemImpl.java:register(279)) - Sink prometheus already exists!
2023-09-29 09:12:54,810 [main] INFO  http.BaseHttpServer (BaseHttpServer.java:updateConnectorAddress(354)) - HTTP server of hddsDatanode listening at http://0.0.0.0:15009
2023-09-29 09:12:54,815 [main] INFO  ipc.CallQueueManager (CallQueueManager.java:<init>(90)) - Using callQueue: class java.util.concurrent.LinkedBlockingQueue, queueCapacity: 100, scheduler: class org.apache.hadoop.ipc.DefaultRpcScheduler, ipcBackoff: false.
2023-09-29 09:12:54,815 [main] INFO  ipc.Server (Server.java:<init>(1287)) - Listener at 0.0.0.0:15010
2023-09-29 09:12:54,816 [Socket Reader #1 for port 15010] INFO  ipc.Server (Server.java:run(1323)) - Starting Socket Reader #1 for port 15010
2023-09-29 09:12:54,820 [main] INFO  ozone.HddsDatanodeService (HddsDatanodeService.java:start(315)) - Datanode start with admins: [runner]
2023-09-29 09:12:54,822 [main] INFO  ozone.HddsDatanodeClientProtocolServer (HddsDatanodeClientProtocolServer.java:start(72)) - RPC server for Client /0.0.0.0:15010
2023-09-29 09:12:54,822 [IPC Server Responder] INFO  ipc.Server (Server.java:run(1562)) - IPC Server Responder: starting
2023-09-29 09:12:54,824 [IPC Server listener on 15010] INFO  ipc.Server (Server.java:run(1402)) - IPC Server listener on 15010: starting
2023-09-29 09:12:54,825 [main] WARN  impl.MetricRegistriesImpl (MetricRegistriesImpl.java:addReporterRegistration(111)) - New reporters are added after registries were created. Some metrics will be missing from the reporter. Please add reporter before adding any new registry.
2023-09-29 09:12:54,826 [main] WARN  impl.MetricRegistriesImpl (MetricRegistriesImpl.java:addReporterRegistration(111)) - New reporters are added after registries were created. Some metrics will be missing from the reporter. Please add reporter before adding any new registry.
2023-09-29 09:12:54,826 [main] INFO  impl.MetricsSystemImpl (MetricsSystemImpl.java:init(158)) - HddsDatanode metrics system started (again)
2023-09-29 09:12:54,839 [Datanode State Machine Daemon Thread] INFO  statemachine.DatanodeStateMachine (DatanodeStateMachine.java:lambda$startDaemon$0(539)) - Ozone container server started.
2023-09-29 09:12:54,869 [main] INFO  ozone.HddsDatanodeService (HddsDatanodeService.java:start(237)) - HddsDatanodeService host:fv-az83-343.uavyq1izdhte5b0ne1us2eqzhb.jx.internal.cloudapp.net ip:10.1.0.30
2023-09-29 09:12:54,897 [om1@group-C5BA1605619E-LeaderElection1] INFO  server.RaftServer$Division (ServerState.java:setRaftConf(434)) - om1@group-C5BA1605619E: set configuration 0: peers:[om1|rpc:localhost:15007|admin:|client:|dataStream:|priority:0|startupRole:FOLLOWER]|listeners:[], old=null
2023-09-29 09:12:54,918 [main] INFO  upgrade.AbstractLayoutVersionManager (AbstractLayoutVersionManager.java:init(83)) - Initializing Layout version manager with metadata layout = HADOOP_PRC_PORTS_IN_DATANODEDETAILS (version = 7), software layout = HADOOP_PRC_PORTS_IN_DATANODEDETAILS (version = 7)
2023-09-29 09:12:54,920 [main] INFO  statemachine.DatanodeStateMachine (DatanodeStateMachine.java:getEndPointTaskThreadPoolSize(283)) - Datanode State Machine Task Thread Pool size 2
2023-09-29 09:12:54,933 [main] INFO  volume.HddsVolume (HddsVolume.java:<init>(126)) - Creating HddsVolume: /home/runner/work/ozone/ozone/hadoop-ozone/integration-test/target/test-dir/MiniOzoneClusterImpl-2a0ec25a-3990-4628-8b93-857bbff79694/datanode-1/data-0/containers/hdds of storage type : DISK capacity : 9223372036854775807
2023-09-29 09:12:54,934 [main] INFO  volume.MutableVolumeSet (MutableVolumeSet.java:initializeVolumeSet(173)) - Added Volume : /home/runner/work/ozone/ozone/hadoop-ozone/integration-test/target/test-dir/MiniOzoneClusterImpl-2a0ec25a-3990-4628-8b93-857bbff79694/datanode-1/data-0/containers/hdds to VolumeSet
2023-09-29 09:12:54,935 [main] INFO  volume.MutableVolumeSet (MutableVolumeSet.java:initializeVolumeSet(173)) - Added Volume : /home/runner/work/ozone/ozone/hadoop-ozone/integration-test/target/test-dir/MiniOzoneClusterImpl-2a0ec25a-3990-4628-8b93-857bbff79694/datanode-1/data/ratis to VolumeSet
2023-09-29 09:12:54,939 [Thread-159] INFO  ozoneimpl.ContainerReader (ContainerReader.java:readVolume(177)) - Finish verifying containers on volume /home/runner/work/ozone/ozone/hadoop-ozone/integration-test/target/test-dir/MiniOzoneClusterImpl-2a0ec25a-3990-4628-8b93-857bbff79694/datanode-1/data-0/containers/hdds
2023-09-29 09:12:54,944 [main] INFO  ozoneimpl.OzoneContainer (OzoneContainer.java:buildContainerSet(314)) - Build ContainerSet costs 0s
2023-09-29 09:12:54,948 [main] INFO  server.RaftServer (ConfUtils.java:logGet(46)) - raft.rpc.type = GRPC (default)
2023-09-29 09:12:54,949 [main] INFO  grpc.GrpcConfigKeys (ConfUtils.java:logFallback(53)) - raft.grpc.admin.host = null (fallback to raft.grpc.server.host)
2023-09-29 09:12:54,949 [main] INFO  grpc.GrpcConfigKeys (ConfUtils.java:logGet(46)) - raft.grpc.admin.port = 15022 (custom)
2023-09-29 09:12:54,949 [main] INFO  grpc.GrpcConfigKeys (ConfUtils.java:logFallback(53)) - raft.grpc.client.host = null (fallback to raft.grpc.server.host)
2023-09-29 09:12:54,949 [main] INFO  grpc.GrpcConfigKeys (ConfUtils.java:logGet(46)) - raft.grpc.client.port = 15021 (custom)
2023-09-29 09:12:54,950 [main] INFO  grpc.GrpcConfigKeys (ConfUtils.java:logGet(46)) - raft.grpc.server.host = null (default)
2023-09-29 09:12:54,950 [main] INFO  grpc.GrpcConfigKeys (ConfUtils.java:logGet(46)) - raft.grpc.server.port = 15023 (custom)
2023-09-29 09:12:54,950 [main] INFO  server.GrpcService (ConfUtils.java:logGet(46)) - raft.grpc.message.size.max = 32MB (=33554432) (custom)
2023-09-29 09:12:54,950 [main] INFO  server.RaftServerConfigKeys (ConfUtils.java:logGet(46)) - raft.server.log.appender.buffer.byte-limit = 33554432 (custom)
2023-09-29 09:12:54,950 [main] INFO  server.GrpcService (ConfUtils.java:logGet(46)) - raft.grpc.flow.control.window = 5MB (=5242880) (custom)
2023-09-29 09:12:54,950 [main] INFO  server.RaftServerConfigKeys (ConfUtils.java:logGet(46)) - raft.server.rpc.request.timeout = 60s (custom)
2023-09-29 09:12:54,951 [main] INFO  grpc.GrpcConfigKeys (ConfUtils.java:logGet(46)) - raft.grpc.server.heartbeat.channel = true (default)
2023-09-29 09:12:54,951 [main] INFO  grpc.GrpcConfigKeys (ConfUtils.java:logGet(46)) - raft.grpc.server.async.request.thread.pool.cached = true (default)
2023-09-29 09:12:54,951 [main] INFO  grpc.GrpcConfigKeys (ConfUtils.java:logGet(46)) - raft.grpc.server.async.request.thread.pool.size = 32 (default)
2023-09-29 09:12:54,956 [main] INFO  impl.DataStreamServerImpl (ConfUtils.java:logGet(46)) - raft.datastream.type = NETTY (custom)
2023-09-29 09:12:54,961 [main] INFO  server.RaftServerConfigKeys (ConfUtils.java:logGet(46)) - raft.server.data-stream.async.request.thread.pool.cached = false (default)
2023-09-29 09:12:54,961 [main] INFO  server.RaftServerConfigKeys (ConfUtils.java:logGet(46)) - raft.server.data-stream.async.request.thread.pool.size = 20 (custom)
2023-09-29 09:12:54,961 [main] INFO  server.RaftServerConfigKeys (ConfUtils.java:logGet(46)) - raft.server.data-stream.async.write.thread.pool.size = 16 (default)
2023-09-29 09:12:54,961 [main] INFO  server.RaftServerConfigKeys (ConfUtils.java:logGet(46)) - raft.server.data-stream.client.pool.size = 10 (default)
2023-09-29 09:12:54,961 [main] INFO  netty.NettyConfigKeys$DataStream (ConfUtils.java:logGet(46)) - raft.netty.dataStream.server.use-epoll = false (default)
2023-09-29 09:12:54,973 [main] INFO  netty.NettyConfigKeys$DataStream (ConfUtils.java:logGet(46)) - raft.netty.dataStream.server.boss-group.size = 0 (default)
2023-09-29 09:12:54,974 [main] INFO  netty.NettyConfigKeys$DataStream (ConfUtils.java:logGet(46)) - raft.netty.dataStream.server.worker-group.size = 0 (default)
2023-09-29 09:12:54,974 [main] INFO  netty.NettyConfigKeys$DataStream (ConfUtils.java:logGet(46)) - raft.netty.dataStream.server.tls.conf = null (default)
2023-09-29 09:12:54,977 [main] INFO  netty.NettyConfigKeys$DataStream (ConfUtils.java:logGet(46)) - raft.netty.dataStream.host = null (default)
2023-09-29 09:12:54,977 [main] INFO  netty.NettyConfigKeys$DataStream (ConfUtils.java:logGet(46)) - raft.netty.dataStream.port = 15024 (custom)
2023-09-29 09:12:54,989 [main] INFO  server.RaftServerConfigKeys (ConfUtils.java:logGet(46)) - raft.server.threadpool.proxy.cached = true (default)
2023-09-29 09:12:54,989 [main] INFO  server.RaftServerConfigKeys (ConfUtils.java:logGet(46)) - raft.server.threadpool.proxy.size = 0 (default)
2023-09-29 09:12:54,989 [main] INFO  server.RaftServerConfigKeys (ConfUtils.java:logGet(46)) - raft.server.rpc.slowness.timeout = 300s (custom)
2023-09-29 09:12:54,990 [main] INFO  server.RaftServerConfigKeys (ConfUtils.java:logGet(46)) - raft.server.leaderelection.leader.step-down.wait-time = 10s (default)
2023-09-29 09:12:54,990 [main] INFO  server.RaftServerConfigKeys (ConfUtils.java:logGet(46)) - raft.server.storage.dir = [/home/runner/work/ozone/ozone/hadoop-ozone/integration-test/target/test-dir/MiniOzoneClusterImpl-2a0ec25a-3990-4628-8b93-857bbff79694/datanode-1/data/ratis] (custom)
2023-09-29 09:12:54,999 [f9652e80-d58c-49ab-ab0e-27e6fff13d69-impl-thread1] INFO  server.RaftServer (RaftServerProxy.java:initGroupDir(258)) - f9652e80-d58c-49ab-ab0e-27e6fff13d69: found a subdirectory /home/runner/work/ozone/ozone/hadoop-ozone/integration-test/target/test-dir/MiniOzoneClusterImpl-2a0ec25a-3990-4628-8b93-857bbff79694/datanode-1/data/ratis/tmp
2023-09-29 09:12:54,999 [f9652e80-d58c-49ab-ab0e-27e6fff13d69-impl-thread1] INFO  server.RaftServer (RaftServerProxy.java:initGroupDir(263)) - f9652e80-d58c-49ab-ab0e-27e6fff13d69: The directory /home/runner/work/ozone/ozone/hadoop-ozone/integration-test/target/test-dir/MiniOzoneClusterImpl-2a0ec25a-3990-4628-8b93-857bbff79694/datanode-1/data/ratis/tmp is not a group directory; ignoring it. 
2023-09-29 09:12:55,000 [f9652e80-d58c-49ab-ab0e-27e6fff13d69-NettyServerStreamRpc-bossGroup--thread1] INFO  logging.LoggingHandler (AbstractInternalLogger.java:log(148)) - [id: 0x0b0ef6f2] REGISTERED
2023-09-29 09:12:55,000 [f9652e80-d58c-49ab-ab0e-27e6fff13d69-NettyServerStreamRpc-bossGroup--thread1] INFO  logging.LoggingHandler (AbstractInternalLogger.java:log(148)) - [id: 0x0b0ef6f2] BIND: 0.0.0.0/0.0.0.0:15024
2023-09-29 09:12:55,001 [main] INFO  replication.ReplicationServer (ReplicationServer.java:<init>(83)) - Initializing replication server with thread count = 10 queue length = 4096
2023-09-29 09:12:55,003 [main] INFO  server.XceiverServerGrpc (XceiverServerGrpc.java:<init>(132)) - GrpcServer channel type EpollServerSocketChannel
2023-09-29 09:12:55,006 [f9652e80-d58c-49ab-ab0e-27e6fff13d69-NettyServerStreamRpc-bossGroup--thread1] INFO  logging.LoggingHandler (AbstractInternalLogger.java:log(148)) - [id: 0x0b0ef6f2, L:/0:0:0:0:0:0:0:0:15024] ACTIVE
2023-09-29 09:12:55,006 [main] INFO  replication.ReplicationSupervisor (ReplicationSupervisor.java:build(155)) - Initializing replication supervisor with thread count = 10
2023-09-29 09:12:55,007 [main] INFO  replication.ReplicationSupervisor (ReplicationSupervisor.java:nodeStateUpdated(307)) - Node state updated to IN_SERVICE, scaling executor pool size to 10
2023-09-29 09:12:55,016 [main] INFO  http.BaseHttpServer (BaseHttpServer.java:newHttpServer2BuilderForOzone(223)) - Starting Web-server for hddsDatanode at: http://0.0.0.0:15018
2023-09-29 09:12:55,017 [main] INFO  http.BaseHttpServer (BaseHttpServer.java:<init>(110)) - Hadoop Security Enabled: false Ozone Security Enabled: false Ozone HTTP Security Enabled: false 
2023-09-29 09:12:55,019 [main] WARN  server.AuthenticationFilter (AuthenticationFilter.java:constructSecretProvider(240)) - Unable to initialize FileSignerSecretProvider, falling back to use random secrets. Reason: Could not read signature secret file: /home/runner/hadoop-http-auth-signature-secret
2023-09-29 09:12:55,032 [main] INFO  http.HttpRequestLog (HttpRequestLog.java:getRequestLog(86)) - Http request log for http.requests.hddsDatanode is not defined
2023-09-29 09:12:55,034 [main] INFO  http.HttpServer2 (HttpServer2.java:addGlobalFilter(1031)) - Added global filter 'safety' (class=org.apache.hadoop.hdds.server.http.HttpServer2$QuotingInputFilter)
2023-09-29 09:12:55,035 [main] INFO  http.HttpServer2 (HttpServer2.java:addFilter(1007)) - Added filter static_user_filter (class=org.apache.hadoop.http.lib.StaticUserWebFilter$StaticUserFilter) to context hddsDatanode
2023-09-29 09:12:55,035 [main] INFO  http.HttpServer2 (HttpServer2.java:addFilter(1015)) - Added filter static_user_filter (class=org.apache.hadoop.http.lib.StaticUserWebFilter$StaticUserFilter) to context static
2023-09-29 09:12:55,035 [main] INFO  http.HttpServer2 (HttpServer2.java:addFilter(1015)) - Added filter static_user_filter (class=org.apache.hadoop.http.lib.StaticUserWebFilter$StaticUserFilter) to context logs
2023-09-29 09:12:55,036 [main] INFO  http.BaseHttpServer (BaseHttpServer.java:<init>(189)) - HTTP server of hddsDatanode uses base directory /home/runner/work/ozone/ozone/hadoop-ozone/integration-test/target/test-dir/MiniOzoneClusterImpl-2a0ec25a-3990-4628-8b93-857bbff79694/datanode-1/meta/webserver
2023-09-29 09:12:55,037 [main] INFO  http.HttpServer2 (HttpServer2.java:bindListener(1231)) - Jetty bound to port 15018
2023-09-29 09:12:55,037 [main] INFO  server.Server (Server.java:doStart(375)) - jetty-9.4.52.v20230823; built: 2023-08-23T19:29:37.669Z; git: abdcda73818a1a2c705da276edb0bf6581e7997e; jvm 1.8.0_382-b05
2023-09-29 09:12:55,073 [main] INFO  server.session (DefaultSessionIdManager.java:doStart(334)) - DefaultSessionIdManager workerName=node0
2023-09-29 09:12:55,074 [main] INFO  server.session (DefaultSessionIdManager.java:doStart(339)) - No SessionScavenger set, using defaults
2023-09-29 09:12:55,074 [main] INFO  server.session (HouseKeeper.java:startScavenging(132)) - node0 Scavenging every 660000ms
2023-09-29 09:12:55,084 [om1@group-C5BA1605619E-SegmentedRaftLogWorker] INFO  segmented.SegmentedRaftLogWorker (SegmentedRaftLogWorker.java:execute(651)) - om1@group-C5BA1605619E-SegmentedRaftLogWorker: created new log segment /home/runner/work/ozone/ozone/hadoop-ozone/integration-test/target/test-dir/MiniOzoneClusterImpl-2a0ec25a-3990-4628-8b93-857bbff79694/ozone-meta/ratis/bf265839-605b-3f16-9796-c5ba1605619e/current/log_inprogress_0
2023-09-29 09:12:55,084 [main] INFO  handler.ContextHandler (ContextHandler.java:doStart(921)) - Started o.e.j.s.ServletContextHandler@23fbe411{logs,/logs,file:///home/runner/work/ozone/ozone/hadoop-ozone/integration-test/target/log,AVAILABLE}
2023-09-29 09:12:55,085 [main] INFO  handler.ContextHandler (ContextHandler.java:doStart(921)) - Started o.e.j.s.ServletContextHandler@26dacb9a{static,/static,jar:file:/home/runner/.m2/repository/org/apache/ozone/hdds-container-service/1.4.0-SNAPSHOT/hdds-container-service-1.4.0-SNAPSHOT.jar!/webapps/static,AVAILABLE}
2023-09-29 09:12:55,183 [Datanode State Machine Task Thread - 0] INFO  datanode.InitDatanodeState (InitDatanodeState.java:persistContainerDatanodeDetails(138)) - DatanodeDetails is persisted to /home/runner/work/ozone/ozone/hadoop-ozone/integration-test/target/test-dir/MiniOzoneClusterImpl-2a0ec25a-3990-4628-8b93-857bbff79694/datanode-0/meta/datanode.id
2023-09-29 09:12:55,264 [om1@group-C5BA1605619E-StateMachineUpdater] INFO  ratis.OzoneManagerStateMachine (OzoneManagerStateMachine.java:notifyConfigurationChanged(202)) - Received Configuration change notification from Ratis. New Peer list:
[id: "om1"
address: "localhost:15007"
startupRole: FOLLOWER
]
2023-09-29 09:12:55,408 [main] INFO  handler.ContextHandler (ContextHandler.java:doStart(921)) - Started o.e.j.w.WebAppContext@1ba45a7d{hddsDatanode,/,file:///home/runner/work/ozone/ozone/hadoop-ozone/integration-test/target/test-dir/MiniOzoneClusterImpl-2a0ec25a-3990-4628-8b93-857bbff79694/datanode-1/meta/webserver/jetty-0_0_0_0-15018-hdds-container-service-1_4_0-SNAPSHOT_jar-_-any-9033189065477687792/webapp/,AVAILABLE}{jar:file:/home/runner/.m2/repository/org/apache/ozone/hdds-container-service/1.4.0-SNAPSHOT/hdds-container-service-1.4.0-SNAPSHOT.jar!/webapps/hddsDatanode}
2023-09-29 09:12:55,411 [main] INFO  server.AbstractConnector (AbstractConnector.java:doStart(333)) - Started ServerConnector@2f2fa9be{HTTP/1.1, (http/1.1)}{0.0.0.0:15018}
2023-09-29 09:12:55,411 [main] INFO  server.Server (Server.java:doStart(415)) - Started @12370ms
2023-09-29 09:12:55,412 [main] WARN  impl.MetricsSystemImpl (MetricsSystemImpl.java:register(279)) - Sink prometheus already exists!
2023-09-29 09:12:55,413 [main] INFO  http.BaseHttpServer (BaseHttpServer.java:updateConnectorAddress(354)) - HTTP server of hddsDatanode listening at http://0.0.0.0:15018
2023-09-29 09:12:55,414 [main] INFO  ipc.CallQueueManager (CallQueueManager.java:<init>(90)) - Using callQueue: class java.util.concurrent.LinkedBlockingQueue, queueCapacity: 100, scheduler: class org.apache.hadoop.ipc.DefaultRpcScheduler, ipcBackoff: false.
2023-09-29 09:12:55,415 [main] INFO  ipc.Server (Server.java:<init>(1287)) - Listener at 0.0.0.0:15019
2023-09-29 09:12:55,420 [Socket Reader #1 for port 15019] INFO  ipc.Server (Server.java:run(1323)) - Starting Socket Reader #1 for port 15019
2023-09-29 09:12:55,423 [main] INFO  ozone.HddsDatanodeService (HddsDatanodeService.java:start(315)) - Datanode start with admins: [runner]
2023-09-29 09:12:55,424 [main] INFO  ozone.HddsDatanodeClientProtocolServer (HddsDatanodeClientProtocolServer.java:start(72)) - RPC server for Client /0.0.0.0:15019
2023-09-29 09:12:55,425 [IPC Server Responder] INFO  ipc.Server (Server.java:run(1562)) - IPC Server Responder: starting
2023-09-29 09:12:55,425 [Datanode State Machine Daemon Thread] INFO  statemachine.DatanodeStateMachine (DatanodeStateMachine.java:lambda$startDaemon$0(539)) - Ozone container server started.
2023-09-29 09:12:55,425 [main] WARN  impl.MetricRegistriesImpl (MetricRegistriesImpl.java:addReporterRegistration(111)) - New reporters are added after registries were created. Some metrics will be missing from the reporter. Please add reporter before adding any new registry.
2023-09-29 09:12:55,425 [main] WARN  impl.MetricRegistriesImpl (MetricRegistriesImpl.java:addReporterRegistration(111)) - New reporters are added after registries were created. Some metrics will be missing from the reporter. Please add reporter before adding any new registry.
2023-09-29 09:12:55,426 [main] INFO  impl.MetricsSystemImpl (MetricsSystemImpl.java:init(158)) - HddsDatanode metrics system started (again)
2023-09-29 09:12:55,433 [IPC Server listener on 15019] INFO  ipc.Server (Server.java:run(1402)) - IPC Server listener on 15019: starting
2023-09-29 09:12:55,465 [Datanode State Machine Task Thread - 0] INFO  datanode.InitDatanodeState (InitDatanodeState.java:persistContainerDatanodeDetails(138)) - DatanodeDetails is persisted to /home/runner/work/ozone/ozone/hadoop-ozone/integration-test/target/test-dir/MiniOzoneClusterImpl-2a0ec25a-3990-4628-8b93-857bbff79694/datanode-1/meta/datanode.id
2023-09-29 09:12:55,469 [main] INFO  ozone.HddsDatanodeService (HddsDatanodeService.java:start(237)) - HddsDatanodeService host:fv-az83-343.uavyq1izdhte5b0ne1us2eqzhb.jx.internal.cloudapp.net ip:10.1.0.30
2023-09-29 09:12:55,502 [main] INFO  upgrade.AbstractLayoutVersionManager (AbstractLayoutVersionManager.java:init(83)) - Initializing Layout version manager with metadata layout = HADOOP_PRC_PORTS_IN_DATANODEDETAILS (version = 7), software layout = HADOOP_PRC_PORTS_IN_DATANODEDETAILS (version = 7)
2023-09-29 09:12:55,505 [main] INFO  statemachine.DatanodeStateMachine (DatanodeStateMachine.java:getEndPointTaskThreadPoolSize(283)) - Datanode State Machine Task Thread Pool size 2
2023-09-29 09:12:55,512 [main] INFO  volume.HddsVolume (HddsVolume.java:<init>(126)) - Creating HddsVolume: /home/runner/work/ozone/ozone/hadoop-ozone/integration-test/target/test-dir/MiniOzoneClusterImpl-2a0ec25a-3990-4628-8b93-857bbff79694/datanode-2/data-0/containers/hdds of storage type : DISK capacity : 9223372036854775807
2023-09-29 09:12:55,512 [main] INFO  volume.MutableVolumeSet (MutableVolumeSet.java:initializeVolumeSet(173)) - Added Volume : /home/runner/work/ozone/ozone/hadoop-ozone/integration-test/target/test-dir/MiniOzoneClusterImpl-2a0ec25a-3990-4628-8b93-857bbff79694/datanode-2/data-0/containers/hdds to VolumeSet
2023-09-29 09:12:55,519 [main] INFO  volume.MutableVolumeSet (MutableVolumeSet.java:initializeVolumeSet(173)) - Added Volume : /home/runner/work/ozone/ozone/hadoop-ozone/integration-test/target/test-dir/MiniOzoneClusterImpl-2a0ec25a-3990-4628-8b93-857bbff79694/datanode-2/data/ratis to VolumeSet
2023-09-29 09:12:55,521 [Thread-176] INFO  ozoneimpl.ContainerReader (ContainerReader.java:readVolume(177)) - Finish verifying containers on volume /home/runner/work/ozone/ozone/hadoop-ozone/integration-test/target/test-dir/MiniOzoneClusterImpl-2a0ec25a-3990-4628-8b93-857bbff79694/datanode-2/data-0/containers/hdds
2023-09-29 09:12:55,521 [main] INFO  ozoneimpl.OzoneContainer (OzoneContainer.java:buildContainerSet(314)) - Build ContainerSet costs 0s
2023-09-29 09:12:55,533 [main] INFO  server.RaftServer (ConfUtils.java:logGet(46)) - raft.rpc.type = GRPC (default)
2023-09-29 09:12:55,534 [main] INFO  grpc.GrpcConfigKeys (ConfUtils.java:logFallback(53)) - raft.grpc.admin.host = null (fallback to raft.grpc.server.host)
2023-09-29 09:12:55,534 [main] INFO  grpc.GrpcConfigKeys (ConfUtils.java:logGet(46)) - raft.grpc.admin.port = 15031 (custom)
2023-09-29 09:12:55,534 [main] INFO  grpc.GrpcConfigKeys (ConfUtils.java:logFallback(53)) - raft.grpc.client.host = null (fallback to raft.grpc.server.host)
2023-09-29 09:12:55,534 [main] INFO  grpc.GrpcConfigKeys (ConfUtils.java:logGet(46)) - raft.grpc.client.port = 15030 (custom)
2023-09-29 09:12:55,535 [main] INFO  grpc.GrpcConfigKeys (ConfUtils.java:logGet(46)) - raft.grpc.server.host = null (default)
2023-09-29 09:12:55,536 [main] INFO  grpc.GrpcConfigKeys (ConfUtils.java:logGet(46)) - raft.grpc.server.port = 15032 (custom)
2023-09-29 09:12:55,536 [main] INFO  server.GrpcService (ConfUtils.java:logGet(46)) - raft.grpc.message.size.max = 32MB (=33554432) (custom)
2023-09-29 09:12:55,536 [main] INFO  server.RaftServerConfigKeys (ConfUtils.java:logGet(46)) - raft.server.log.appender.buffer.byte-limit = 33554432 (custom)
2023-09-29 09:12:55,536 [main] INFO  server.GrpcService (ConfUtils.java:logGet(46)) - raft.grpc.flow.control.window = 5MB (=5242880) (custom)
2023-09-29 09:12:55,537 [main] INFO  server.RaftServerConfigKeys (ConfUtils.java:logGet(46)) - raft.server.rpc.request.timeout = 60s (custom)
2023-09-29 09:12:55,537 [main] INFO  grpc.GrpcConfigKeys (ConfUtils.java:logGet(46)) - raft.grpc.server.heartbeat.channel = true (default)
2023-09-29 09:12:55,537 [main] INFO  grpc.GrpcConfigKeys (ConfUtils.java:logGet(46)) - raft.grpc.server.async.request.thread.pool.cached = true (default)
2023-09-29 09:12:55,537 [main] INFO  grpc.GrpcConfigKeys (ConfUtils.java:logGet(46)) - raft.grpc.server.async.request.thread.pool.size = 32 (default)
2023-09-29 09:12:55,541 [main] INFO  impl.DataStreamServerImpl (ConfUtils.java:logGet(46)) - raft.datastream.type = NETTY (custom)
2023-09-29 09:12:55,542 [main] INFO  server.RaftServerConfigKeys (ConfUtils.java:logGet(46)) - raft.server.data-stream.async.request.thread.pool.cached = false (default)
2023-09-29 09:12:55,542 [main] INFO  server.RaftServerConfigKeys (ConfUtils.java:logGet(46)) - raft.server.data-stream.async.request.thread.pool.size = 20 (custom)
2023-09-29 09:12:55,542 [main] INFO  server.RaftServerConfigKeys (ConfUtils.java:logGet(46)) - raft.server.data-stream.async.write.thread.pool.size = 16 (default)
2023-09-29 09:12:55,543 [main] INFO  server.RaftServerConfigKeys (ConfUtils.java:logGet(46)) - raft.server.data-stream.client.pool.size = 10 (default)
2023-09-29 09:12:55,543 [main] INFO  netty.NettyConfigKeys$DataStream (ConfUtils.java:logGet(46)) - raft.netty.dataStream.server.use-epoll = false (default)
2023-09-29 09:12:55,543 [main] INFO  netty.NettyConfigKeys$DataStream (ConfUtils.java:logGet(46)) - raft.netty.dataStream.server.boss-group.size = 0 (default)
2023-09-29 09:12:55,544 [main] INFO  netty.NettyConfigKeys$DataStream (ConfUtils.java:logGet(46)) - raft.netty.dataStream.server.worker-group.size = 0 (default)
2023-09-29 09:12:55,556 [main] INFO  netty.NettyConfigKeys$DataStream (ConfUtils.java:logGet(46)) - raft.netty.dataStream.server.tls.conf = null (default)
2023-09-29 09:12:55,556 [main] INFO  netty.NettyConfigKeys$DataStream (ConfUtils.java:logGet(46)) - raft.netty.dataStream.host = null (default)
2023-09-29 09:12:55,556 [main] INFO  netty.NettyConfigKeys$DataStream (ConfUtils.java:logGet(46)) - raft.netty.dataStream.port = 15033 (custom)
2023-09-29 09:12:55,557 [main] INFO  server.RaftServerConfigKeys (ConfUtils.java:logGet(46)) - raft.server.threadpool.proxy.cached = true (default)
2023-09-29 09:12:55,558 [main] INFO  server.RaftServerConfigKeys (ConfUtils.java:logGet(46)) - raft.server.threadpool.proxy.size = 0 (default)
2023-09-29 09:12:55,559 [main] INFO  server.RaftServerConfigKeys (ConfUtils.java:logGet(46)) - raft.server.rpc.slowness.timeout = 300s (custom)
2023-09-29 09:12:55,559 [2a19af63-c44c-4b61-8149-4383770f1009-NettyServerStreamRpc-bossGroup--thread1] INFO  logging.LoggingHandler (AbstractInternalLogger.java:log(148)) - [id: 0x8cf8fc39] REGISTERED
2023-09-29 09:12:55,560 [2a19af63-c44c-4b61-8149-4383770f1009-NettyServerStreamRpc-bossGroup--thread1] INFO  logging.LoggingHandler (AbstractInternalLogger.java:log(148)) - [id: 0x8cf8fc39] BIND: 0.0.0.0/0.0.0.0:15033
2023-09-29 09:12:55,560 [2a19af63-c44c-4b61-8149-4383770f1009-NettyServerStreamRpc-bossGroup--thread1] INFO  logging.LoggingHandler (AbstractInternalLogger.java:log(148)) - [id: 0x8cf8fc39, L:/0:0:0:0:0:0:0:0:15033] ACTIVE
2023-09-29 09:12:55,560 [main] INFO  server.RaftServerConfigKeys (ConfUtils.java:logGet(46)) - raft.server.leaderelection.leader.step-down.wait-time = 10s (default)
2023-09-29 09:12:55,560 [main] INFO  server.RaftServerConfigKeys (ConfUtils.java:logGet(46)) - raft.server.storage.dir = [/home/runner/work/ozone/ozone/hadoop-ozone/integration-test/target/test-dir/MiniOzoneClusterImpl-2a0ec25a-3990-4628-8b93-857bbff79694/datanode-2/data/ratis] (custom)
2023-09-29 09:12:55,562 [2a19af63-c44c-4b61-8149-4383770f1009-impl-thread1] INFO  server.RaftServer (RaftServerProxy.java:initGroupDir(258)) - 2a19af63-c44c-4b61-8149-4383770f1009: found a subdirectory /home/runner/work/ozone/ozone/hadoop-ozone/integration-test/target/test-dir/MiniOzoneClusterImpl-2a0ec25a-3990-4628-8b93-857bbff79694/datanode-2/data/ratis/tmp
2023-09-29 09:12:55,562 [2a19af63-c44c-4b61-8149-4383770f1009-impl-thread1] INFO  server.RaftServer (RaftServerProxy.java:initGroupDir(263)) - 2a19af63-c44c-4b61-8149-4383770f1009: The directory /home/runner/work/ozone/ozone/hadoop-ozone/integration-test/target/test-dir/MiniOzoneClusterImpl-2a0ec25a-3990-4628-8b93-857bbff79694/datanode-2/data/ratis/tmp is not a group directory; ignoring it. 
2023-09-29 09:12:55,562 [main] INFO  replication.ReplicationServer (ReplicationServer.java:<init>(83)) - Initializing replication server with thread count = 10 queue length = 4096
2023-09-29 09:12:55,565 [main] INFO  server.XceiverServerGrpc (XceiverServerGrpc.java:<init>(132)) - GrpcServer channel type EpollServerSocketChannel
2023-09-29 09:12:55,572 [main] INFO  replication.ReplicationSupervisor (ReplicationSupervisor.java:build(155)) - Initializing replication supervisor with thread count = 10
2023-09-29 09:12:55,573 [main] INFO  replication.ReplicationSupervisor (ReplicationSupervisor.java:nodeStateUpdated(307)) - Node state updated to IN_SERVICE, scaling executor pool size to 10
2023-09-29 09:12:55,576 [main] INFO  http.BaseHttpServer (BaseHttpServer.java:newHttpServer2BuilderForOzone(223)) - Starting Web-server for hddsDatanode at: http://0.0.0.0:15027
2023-09-29 09:12:55,576 [main] INFO  http.BaseHttpServer (BaseHttpServer.java:<init>(110)) - Hadoop Security Enabled: false Ozone Security Enabled: false Ozone HTTP Security Enabled: false 
2023-09-29 09:12:55,579 [main] WARN  server.AuthenticationFilter (AuthenticationFilter.java:constructSecretProvider(240)) - Unable to initialize FileSignerSecretProvider, falling back to use random secrets. Reason: Could not read signature secret file: /home/runner/hadoop-http-auth-signature-secret
2023-09-29 09:12:55,595 [main] INFO  http.HttpRequestLog (HttpRequestLog.java:getRequestLog(86)) - Http request log for http.requests.hddsDatanode is not defined
2023-09-29 09:12:55,597 [main] INFO  http.HttpServer2 (HttpServer2.java:addGlobalFilter(1031)) - Added global filter 'safety' (class=org.apache.hadoop.hdds.server.http.HttpServer2$QuotingInputFilter)
2023-09-29 09:12:55,598 [main] INFO  http.HttpServer2 (HttpServer2.java:addFilter(1007)) - Added filter static_user_filter (class=org.apache.hadoop.http.lib.StaticUserWebFilter$StaticUserFilter) to context hddsDatanode
2023-09-29 09:12:55,598 [main] INFO  http.HttpServer2 (HttpServer2.java:addFilter(1015)) - Added filter static_user_filter (class=org.apache.hadoop.http.lib.StaticUserWebFilter$StaticUserFilter) to context logs
2023-09-29 09:12:55,599 [main] INFO  http.HttpServer2 (HttpServer2.java:addFilter(1015)) - Added filter static_user_filter (class=org.apache.hadoop.http.lib.StaticUserWebFilter$StaticUserFilter) to context static
2023-09-29 09:12:55,599 [main] INFO  http.BaseHttpServer (BaseHttpServer.java:<init>(189)) - HTTP server of hddsDatanode uses base directory /home/runner/work/ozone/ozone/hadoop-ozone/integration-test/target/test-dir/MiniOzoneClusterImpl-2a0ec25a-3990-4628-8b93-857bbff79694/datanode-2/meta/webserver
2023-09-29 09:12:55,600 [main] INFO  http.HttpServer2 (HttpServer2.java:bindListener(1231)) - Jetty bound to port 15027
2023-09-29 09:12:55,600 [main] INFO  server.Server (Server.java:doStart(375)) - jetty-9.4.52.v20230823; built: 2023-08-23T19:29:37.669Z; git: abdcda73818a1a2c705da276edb0bf6581e7997e; jvm 1.8.0_382-b05
2023-09-29 09:12:55,606 [main] INFO  server.session (DefaultSessionIdManager.java:doStart(334)) - DefaultSessionIdManager workerName=node0
2023-09-29 09:12:55,606 [main] INFO  server.session (DefaultSessionIdManager.java:doStart(339)) - No SessionScavenger set, using defaults
2023-09-29 09:12:55,606 [main] INFO  server.session (HouseKeeper.java:startScavenging(132)) - node0 Scavenging every 660000ms
2023-09-29 09:12:55,608 [main] INFO  handler.ContextHandler (ContextHandler.java:doStart(921)) - Started o.e.j.s.ServletContextHandler@442611ac{logs,/logs,file:///home/runner/work/ozone/ozone/hadoop-ozone/integration-test/target/log,AVAILABLE}
2023-09-29 09:12:55,608 [main] INFO  handler.ContextHandler (ContextHandler.java:doStart(921)) - Started o.e.j.s.ServletContextHandler@2ab90dd4{static,/static,jar:file:/home/runner/.m2/repository/org/apache/ozone/hdds-container-service/1.4.0-SNAPSHOT/hdds-container-service-1.4.0-SNAPSHOT.jar!/webapps/static,AVAILABLE}
2023-09-29 09:12:55,870 [main] INFO  handler.ContextHandler (ContextHandler.java:doStart(921)) - Started o.e.j.w.WebAppContext@251dafbd{hddsDatanode,/,file:///home/runner/work/ozone/ozone/hadoop-ozone/integration-test/target/test-dir/MiniOzoneClusterImpl-2a0ec25a-3990-4628-8b93-857bbff79694/datanode-2/meta/webserver/jetty-0_0_0_0-15027-hdds-container-service-1_4_0-SNAPSHOT_jar-_-any-2818890587684648685/webapp/,AVAILABLE}{jar:file:/home/runner/.m2/repository/org/apache/ozone/hdds-container-service/1.4.0-SNAPSHOT/hdds-container-service-1.4.0-SNAPSHOT.jar!/webapps/hddsDatanode}
2023-09-29 09:12:55,872 [main] INFO  server.AbstractConnector (AbstractConnector.java:doStart(333)) - Started ServerConnector@17353fbd{HTTP/1.1, (http/1.1)}{0.0.0.0:15027}
2023-09-29 09:12:55,872 [main] INFO  server.Server (Server.java:doStart(415)) - Started @12831ms
2023-09-29 09:12:55,872 [main] WARN  impl.MetricsSystemImpl (MetricsSystemImpl.java:register(279)) - Sink prometheus already exists!
2023-09-29 09:12:55,873 [main] INFO  http.BaseHttpServer (BaseHttpServer.java:updateConnectorAddress(354)) - HTTP server of hddsDatanode listening at http://0.0.0.0:15027
2023-09-29 09:12:55,873 [main] INFO  ipc.CallQueueManager (CallQueueManager.java:<init>(90)) - Using callQueue: class java.util.concurrent.LinkedBlockingQueue, queueCapacity: 100, scheduler: class org.apache.hadoop.ipc.DefaultRpcScheduler, ipcBackoff: false.
2023-09-29 09:12:55,874 [main] INFO  ipc.Server (Server.java:<init>(1287)) - Listener at 0.0.0.0:15028
2023-09-29 09:12:55,874 [Socket Reader #1 for port 15028] INFO  ipc.Server (Server.java:run(1323)) - Starting Socket Reader #1 for port 15028
2023-09-29 09:12:55,879 [main] INFO  ozone.HddsDatanodeService (HddsDatanodeService.java:start(315)) - Datanode start with admins: [runner]
2023-09-29 09:12:55,879 [main] INFO  ozone.HddsDatanodeClientProtocolServer (HddsDatanodeClientProtocolServer.java:start(72)) - RPC server for Client /0.0.0.0:15028
2023-09-29 09:12:55,879 [IPC Server Responder] INFO  ipc.Server (Server.java:run(1562)) - IPC Server Responder: starting
2023-09-29 09:12:55,888 [Datanode State Machine Daemon Thread] INFO  statemachine.DatanodeStateMachine (DatanodeStateMachine.java:lambda$startDaemon$0(539)) - Ozone container server started.
2023-09-29 09:12:55,888 [IPC Server listener on 15028] INFO  ipc.Server (Server.java:run(1402)) - IPC Server listener on 15028: starting
2023-09-29 09:12:55,889 [main] WARN  impl.MetricRegistriesImpl (MetricRegistriesImpl.java:addReporterRegistration(111)) - New reporters are added after registries were created. Some metrics will be missing from the reporter. Please add reporter before adding any new registry.
2023-09-29 09:12:55,889 [main] WARN  impl.MetricRegistriesImpl (MetricRegistriesImpl.java:addReporterRegistration(111)) - New reporters are added after registries were created. Some metrics will be missing from the reporter. Please add reporter before adding any new registry.
2023-09-29 09:12:55,889 [main] INFO  impl.MetricsSystemImpl (MetricsSystemImpl.java:init(158)) - HddsDatanode metrics system started (again)
2023-09-29 09:12:55,905 [main] INFO  ozone.HddsDatanodeService (HddsDatanodeService.java:start(237)) - HddsDatanodeService host:fv-az83-343.uavyq1izdhte5b0ne1us2eqzhb.jx.internal.cloudapp.net ip:10.1.0.30
2023-09-29 09:12:55,910 [Datanode State Machine Task Thread - 0] INFO  datanode.InitDatanodeState (InitDatanodeState.java:persistContainerDatanodeDetails(138)) - DatanodeDetails is persisted to /home/runner/work/ozone/ozone/hadoop-ozone/integration-test/target/test-dir/MiniOzoneClusterImpl-2a0ec25a-3990-4628-8b93-857bbff79694/datanode-2/meta/datanode.id
2023-09-29 09:12:55,945 [main] INFO  upgrade.AbstractLayoutVersionManager (AbstractLayoutVersionManager.java:init(83)) - Initializing Layout version manager with metadata layout = HADOOP_PRC_PORTS_IN_DATANODEDETAILS (version = 7), software layout = HADOOP_PRC_PORTS_IN_DATANODEDETAILS (version = 7)
2023-09-29 09:12:55,947 [main] INFO  statemachine.DatanodeStateMachine (DatanodeStateMachine.java:getEndPointTaskThreadPoolSize(283)) - Datanode State Machine Task Thread Pool size 2
2023-09-29 09:12:55,950 [main] INFO  volume.HddsVolume (HddsVolume.java:<init>(126)) - Creating HddsVolume: /home/runner/work/ozone/ozone/hadoop-ozone/integration-test/target/test-dir/MiniOzoneClusterImpl-2a0ec25a-3990-4628-8b93-857bbff79694/datanode-3/data-0/containers/hdds of storage type : DISK capacity : 9223372036854775807
2023-09-29 09:12:55,950 [main] INFO  volume.MutableVolumeSet (MutableVolumeSet.java:initializeVolumeSet(173)) - Added Volume : /home/runner/work/ozone/ozone/hadoop-ozone/integration-test/target/test-dir/MiniOzoneClusterImpl-2a0ec25a-3990-4628-8b93-857bbff79694/datanode-3/data-0/containers/hdds to VolumeSet
2023-09-29 09:12:55,952 [main] INFO  volume.MutableVolumeSet (MutableVolumeSet.java:initializeVolumeSet(173)) - Added Volume : /home/runner/work/ozone/ozone/hadoop-ozone/integration-test/target/test-dir/MiniOzoneClusterImpl-2a0ec25a-3990-4628-8b93-857bbff79694/datanode-3/data/ratis to VolumeSet
2023-09-29 09:12:55,953 [Thread-193] INFO  ozoneimpl.ContainerReader (ContainerReader.java:readVolume(177)) - Finish verifying containers on volume /home/runner/work/ozone/ozone/hadoop-ozone/integration-test/target/test-dir/MiniOzoneClusterImpl-2a0ec25a-3990-4628-8b93-857bbff79694/datanode-3/data-0/containers/hdds
2023-09-29 09:12:55,953 [main] INFO  ozoneimpl.OzoneContainer (OzoneContainer.java:buildContainerSet(314)) - Build ContainerSet costs 0s
2023-09-29 09:12:55,957 [main] INFO  server.RaftServer (ConfUtils.java:logGet(46)) - raft.rpc.type = GRPC (default)
2023-09-29 09:12:55,957 [main] INFO  grpc.GrpcConfigKeys (ConfUtils.java:logFallback(53)) - raft.grpc.admin.host = null (fallback to raft.grpc.server.host)
2023-09-29 09:12:55,958 [main] INFO  grpc.GrpcConfigKeys (ConfUtils.java:logGet(46)) - raft.grpc.admin.port = 15040 (custom)
2023-09-29 09:12:55,958 [main] INFO  grpc.GrpcConfigKeys (ConfUtils.java:logFallback(53)) - raft.grpc.client.host = null (fallback to raft.grpc.server.host)
2023-09-29 09:12:55,958 [main] INFO  grpc.GrpcConfigKeys (ConfUtils.java:logGet(46)) - raft.grpc.client.port = 15039 (custom)
2023-09-29 09:12:55,958 [main] INFO  grpc.GrpcConfigKeys (ConfUtils.java:logGet(46)) - raft.grpc.server.host = null (default)
2023-09-29 09:12:55,959 [main] INFO  grpc.GrpcConfigKeys (ConfUtils.java:logGet(46)) - raft.grpc.server.port = 15041 (custom)
2023-09-29 09:12:55,959 [main] INFO  server.GrpcService (ConfUtils.java:logGet(46)) - raft.grpc.message.size.max = 32MB (=33554432) (custom)
2023-09-29 09:12:55,959 [main] INFO  server.RaftServerConfigKeys (ConfUtils.java:logGet(46)) - raft.server.log.appender.buffer.byte-limit = 33554432 (custom)
2023-09-29 09:12:55,959 [main] INFO  server.GrpcService (ConfUtils.java:logGet(46)) - raft.grpc.flow.control.window = 5MB (=5242880) (custom)
2023-09-29 09:12:55,959 [main] INFO  server.RaftServerConfigKeys (ConfUtils.java:logGet(46)) - raft.server.rpc.request.timeout = 60s (custom)
2023-09-29 09:12:55,960 [main] INFO  grpc.GrpcConfigKeys (ConfUtils.java:logGet(46)) - raft.grpc.server.heartbeat.channel = true (default)
2023-09-29 09:12:55,960 [main] INFO  grpc.GrpcConfigKeys (ConfUtils.java:logGet(46)) - raft.grpc.server.async.request.thread.pool.cached = true (default)
2023-09-29 09:12:55,960 [main] INFO  grpc.GrpcConfigKeys (ConfUtils.java:logGet(46)) - raft.grpc.server.async.request.thread.pool.size = 32 (default)
2023-09-29 09:12:55,963 [main] INFO  impl.DataStreamServerImpl (ConfUtils.java:logGet(46)) - raft.datastream.type = NETTY (custom)
2023-09-29 09:12:55,964 [main] INFO  server.RaftServerConfigKeys (ConfUtils.java:logGet(46)) - raft.server.data-stream.async.request.thread.pool.cached = false (default)
2023-09-29 09:12:55,964 [main] INFO  server.RaftServerConfigKeys (ConfUtils.java:logGet(46)) - raft.server.data-stream.async.request.thread.pool.size = 20 (custom)
2023-09-29 09:12:55,964 [main] INFO  server.RaftServerConfigKeys (ConfUtils.java:logGet(46)) - raft.server.data-stream.async.write.thread.pool.size = 16 (default)
2023-09-29 09:12:55,964 [main] INFO  server.RaftServerConfigKeys (ConfUtils.java:logGet(46)) - raft.server.data-stream.client.pool.size = 10 (default)
2023-09-29 09:12:55,965 [main] INFO  netty.NettyConfigKeys$DataStream (ConfUtils.java:logGet(46)) - raft.netty.dataStream.server.use-epoll = false (default)
2023-09-29 09:12:55,965 [main] INFO  netty.NettyConfigKeys$DataStream (ConfUtils.java:logGet(46)) - raft.netty.dataStream.server.boss-group.size = 0 (default)
2023-09-29 09:12:55,965 [main] INFO  netty.NettyConfigKeys$DataStream (ConfUtils.java:logGet(46)) - raft.netty.dataStream.server.worker-group.size = 0 (default)
2023-09-29 09:12:55,966 [main] INFO  netty.NettyConfigKeys$DataStream (ConfUtils.java:logGet(46)) - raft.netty.dataStream.server.tls.conf = null (default)
2023-09-29 09:12:55,966 [main] INFO  netty.NettyConfigKeys$DataStream (ConfUtils.java:logGet(46)) - raft.netty.dataStream.host = null (default)
2023-09-29 09:12:55,966 [main] INFO  netty.NettyConfigKeys$DataStream (ConfUtils.java:logGet(46)) - raft.netty.dataStream.port = 15042 (custom)
2023-09-29 09:12:55,967 [main] INFO  server.RaftServerConfigKeys (ConfUtils.java:logGet(46)) - raft.server.threadpool.proxy.cached = true (default)
2023-09-29 09:12:55,967 [main] INFO  server.RaftServerConfigKeys (ConfUtils.java:logGet(46)) - raft.server.threadpool.proxy.size = 0 (default)
2023-09-29 09:12:55,967 [main] INFO  server.RaftServerConfigKeys (ConfUtils.java:logGet(46)) - raft.server.rpc.slowness.timeout = 300s (custom)
2023-09-29 09:12:55,967 [main] INFO  server.RaftServerConfigKeys (ConfUtils.java:logGet(46)) - raft.server.leaderelection.leader.step-down.wait-time = 10s (default)
2023-09-29 09:12:55,968 [main] INFO  server.RaftServerConfigKeys (ConfUtils.java:logGet(46)) - raft.server.storage.dir = [/home/runner/work/ozone/ozone/hadoop-ozone/integration-test/target/test-dir/MiniOzoneClusterImpl-2a0ec25a-3990-4628-8b93-857bbff79694/datanode-3/data/ratis] (custom)
2023-09-29 09:12:55,971 [a6468106-3f01-4ed8-9704-c326dd06b734-impl-thread1] INFO  server.RaftServer (RaftServerProxy.java:initGroupDir(258)) - a6468106-3f01-4ed8-9704-c326dd06b734: found a subdirectory /home/runner/work/ozone/ozone/hadoop-ozone/integration-test/target/test-dir/MiniOzoneClusterImpl-2a0ec25a-3990-4628-8b93-857bbff79694/datanode-3/data/ratis/tmp
2023-09-29 09:12:55,972 [a6468106-3f01-4ed8-9704-c326dd06b734-impl-thread1] INFO  server.RaftServer (RaftServerProxy.java:initGroupDir(263)) - a6468106-3f01-4ed8-9704-c326dd06b734: The directory /home/runner/work/ozone/ozone/hadoop-ozone/integration-test/target/test-dir/MiniOzoneClusterImpl-2a0ec25a-3990-4628-8b93-857bbff79694/datanode-3/data/ratis/tmp is not a group directory; ignoring it. 
2023-09-29 09:12:55,972 [a6468106-3f01-4ed8-9704-c326dd06b734-NettyServerStreamRpc-bossGroup--thread1] INFO  logging.LoggingHandler (AbstractInternalLogger.java:log(148)) - [id: 0xa3221dca] REGISTERED
2023-09-29 09:12:55,972 [main] INFO  replication.ReplicationServer (ReplicationServer.java:<init>(83)) - Initializing replication server with thread count = 10 queue length = 4096
2023-09-29 09:12:55,974 [main] INFO  server.XceiverServerGrpc (XceiverServerGrpc.java:<init>(132)) - GrpcServer channel type EpollServerSocketChannel
2023-09-29 09:12:55,977 [main] INFO  replication.ReplicationSupervisor (ReplicationSupervisor.java:build(155)) - Initializing replication supervisor with thread count = 10
2023-09-29 09:12:55,977 [main] INFO  replication.ReplicationSupervisor (ReplicationSupervisor.java:nodeStateUpdated(307)) - Node state updated to IN_SERVICE, scaling executor pool size to 10
2023-09-29 09:12:55,979 [a6468106-3f01-4ed8-9704-c326dd06b734-NettyServerStreamRpc-bossGroup--thread1] INFO  logging.LoggingHandler (AbstractInternalLogger.java:log(148)) - [id: 0xa3221dca] BIND: 0.0.0.0/0.0.0.0:15042
2023-09-29 09:12:55,979 [a6468106-3f01-4ed8-9704-c326dd06b734-NettyServerStreamRpc-bossGroup--thread1] INFO  logging.LoggingHandler (AbstractInternalLogger.java:log(148)) - [id: 0xa3221dca, L:/0:0:0:0:0:0:0:0:15042] ACTIVE
2023-09-29 09:12:55,981 [main] INFO  http.BaseHttpServer (BaseHttpServer.java:newHttpServer2BuilderForOzone(223)) - Starting Web-server for hddsDatanode at: http://0.0.0.0:15036
2023-09-29 09:12:55,982 [main] INFO  http.BaseHttpServer (BaseHttpServer.java:<init>(110)) - Hadoop Security Enabled: false Ozone Security Enabled: false Ozone HTTP Security Enabled: false 
2023-09-29 09:12:55,983 [main] WARN  server.AuthenticationFilter (AuthenticationFilter.java:constructSecretProvider(240)) - Unable to initialize FileSignerSecretProvider, falling back to use random secrets. Reason: Could not read signature secret file: /home/runner/hadoop-http-auth-signature-secret
2023-09-29 09:12:55,984 [main] INFO  http.HttpRequestLog (HttpRequestLog.java:getRequestLog(86)) - Http request log for http.requests.hddsDatanode is not defined
2023-09-29 09:12:55,988 [main] INFO  http.HttpServer2 (HttpServer2.java:addGlobalFilter(1031)) - Added global filter 'safety' (class=org.apache.hadoop.hdds.server.http.HttpServer2$QuotingInputFilter)
2023-09-29 09:12:55,990 [main] INFO  http.HttpServer2 (HttpServer2.java:addFilter(1007)) - Added filter static_user_filter (class=org.apache.hadoop.http.lib.StaticUserWebFilter$StaticUserFilter) to context hddsDatanode
2023-09-29 09:12:55,990 [main] INFO  http.HttpServer2 (HttpServer2.java:addFilter(1015)) - Added filter static_user_filter (class=org.apache.hadoop.http.lib.StaticUserWebFilter$StaticUserFilter) to context logs
2023-09-29 09:12:55,990 [main] INFO  http.HttpServer2 (HttpServer2.java:addFilter(1015)) - Added filter static_user_filter (class=org.apache.hadoop.http.lib.StaticUserWebFilter$StaticUserFilter) to context static
2023-09-29 09:12:55,993 [main] INFO  http.BaseHttpServer (BaseHttpServer.java:<init>(189)) - HTTP server of hddsDatanode uses base directory /home/runner/work/ozone/ozone/hadoop-ozone/integration-test/target/test-dir/MiniOzoneClusterImpl-2a0ec25a-3990-4628-8b93-857bbff79694/datanode-3/meta/webserver
2023-09-29 09:12:55,993 [main] INFO  http.HttpServer2 (HttpServer2.java:bindListener(1231)) - Jetty bound to port 15036
2023-09-29 09:12:55,994 [main] INFO  server.Server (Server.java:doStart(375)) - jetty-9.4.52.v20230823; built: 2023-08-23T19:29:37.669Z; git: abdcda73818a1a2c705da276edb0bf6581e7997e; jvm 1.8.0_382-b05
2023-09-29 09:12:55,996 [main] INFO  server.session (DefaultSessionIdManager.java:doStart(334)) - DefaultSessionIdManager workerName=node0
2023-09-29 09:12:55,996 [main] INFO  server.session (DefaultSessionIdManager.java:doStart(339)) - No SessionScavenger set, using defaults
2023-09-29 09:12:55,997 [main] INFO  server.session (HouseKeeper.java:startScavenging(132)) - node0 Scavenging every 660000ms
2023-09-29 09:12:55,999 [main] INFO  handler.ContextHandler (ContextHandler.java:doStart(921)) - Started o.e.j.s.ServletContextHandler@3eed7564{logs,/logs,file:///home/runner/work/ozone/ozone/hadoop-ozone/integration-test/target/log,AVAILABLE}
2023-09-29 09:12:56,000 [main] INFO  handler.ContextHandler (ContextHandler.java:doStart(921)) - Started o.e.j.s.ServletContextHandler@7bed2ec1{static,/static,jar:file:/home/runner/.m2/repository/org/apache/ozone/hdds-container-service/1.4.0-SNAPSHOT/hdds-container-service-1.4.0-SNAPSHOT.jar!/webapps/static,AVAILABLE}
2023-09-29 09:12:56,252 [main] INFO  handler.ContextHandler (ContextHandler.java:doStart(921)) - Started o.e.j.w.WebAppContext@1ba5b2a8{hddsDatanode,/,file:///home/runner/work/ozone/ozone/hadoop-ozone/integration-test/target/test-dir/MiniOzoneClusterImpl-2a0ec25a-3990-4628-8b93-857bbff79694/datanode-3/meta/webserver/jetty-0_0_0_0-15036-hdds-container-service-1_4_0-SNAPSHOT_jar-_-any-1913381453363492025/webapp/,AVAILABLE}{jar:file:/home/runner/.m2/repository/org/apache/ozone/hdds-container-service/1.4.0-SNAPSHOT/hdds-container-service-1.4.0-SNAPSHOT.jar!/webapps/hddsDatanode}
2023-09-29 09:12:56,254 [main] INFO  server.AbstractConnector (AbstractConnector.java:doStart(333)) - Started ServerConnector@688ebf26{HTTP/1.1, (http/1.1)}{0.0.0.0:15036}
2023-09-29 09:12:56,255 [main] INFO  server.Server (Server.java:doStart(415)) - Started @13213ms
2023-09-29 09:12:56,255 [main] WARN  impl.MetricsSystemImpl (MetricsSystemImpl.java:register(279)) - Sink prometheus already exists!
2023-09-29 09:12:56,256 [main] INFO  http.BaseHttpServer (BaseHttpServer.java:updateConnectorAddress(354)) - HTTP server of hddsDatanode listening at http://0.0.0.0:15036
2023-09-29 09:12:56,256 [main] INFO  ipc.CallQueueManager (CallQueueManager.java:<init>(90)) - Using callQueue: class java.util.concurrent.LinkedBlockingQueue, queueCapacity: 100, scheduler: class org.apache.hadoop.ipc.DefaultRpcScheduler, ipcBackoff: false.
2023-09-29 09:12:56,256 [main] INFO  ipc.Server (Server.java:<init>(1287)) - Listener at 0.0.0.0:15037
2023-09-29 09:12:56,259 [Socket Reader #1 for port 15037] INFO  ipc.Server (Server.java:run(1323)) - Starting Socket Reader #1 for port 15037
2023-09-29 09:12:56,263 [main] INFO  ozone.HddsDatanodeService (HddsDatanodeService.java:start(315)) - Datanode start with admins: [runner]
2023-09-29 09:12:56,263 [main] INFO  ozone.HddsDatanodeClientProtocolServer (HddsDatanodeClientProtocolServer.java:start(72)) - RPC server for Client /0.0.0.0:15037
2023-09-29 09:12:56,263 [IPC Server Responder] INFO  ipc.Server (Server.java:run(1562)) - IPC Server Responder: starting
2023-09-29 09:12:56,268 [Datanode State Machine Daemon Thread] INFO  statemachine.DatanodeStateMachine (DatanodeStateMachine.java:lambda$startDaemon$0(539)) - Ozone container server started.
2023-09-29 09:12:56,269 [IPC Server listener on 15037] INFO  ipc.Server (Server.java:run(1402)) - IPC Server listener on 15037: starting
2023-09-29 09:12:56,269 [main] WARN  impl.MetricRegistriesImpl (MetricRegistriesImpl.java:addReporterRegistration(111)) - New reporters are added after registries were created. Some metrics will be missing from the reporter. Please add reporter before adding any new registry.
2023-09-29 09:12:56,270 [main] WARN  impl.MetricRegistriesImpl (MetricRegistriesImpl.java:addReporterRegistration(111)) - New reporters are added after registries were created. Some metrics will be missing from the reporter. Please add reporter before adding any new registry.
2023-09-29 09:12:56,270 [main] INFO  impl.MetricsSystemImpl (MetricsSystemImpl.java:init(158)) - HddsDatanode metrics system started (again)
2023-09-29 09:12:56,290 [main] INFO  ozone.HddsDatanodeService (HddsDatanodeService.java:start(237)) - HddsDatanodeService host:fv-az83-343.uavyq1izdhte5b0ne1us2eqzhb.jx.internal.cloudapp.net ip:10.1.0.30
2023-09-29 09:12:56,293 [Datanode State Machine Task Thread - 0] INFO  datanode.InitDatanodeState (InitDatanodeState.java:persistContainerDatanodeDetails(138)) - DatanodeDetails is persisted to /home/runner/work/ozone/ozone/hadoop-ozone/integration-test/target/test-dir/MiniOzoneClusterImpl-2a0ec25a-3990-4628-8b93-857bbff79694/datanode-3/meta/datanode.id
2023-09-29 09:12:56,324 [main] INFO  upgrade.AbstractLayoutVersionManager (AbstractLayoutVersionManager.java:init(83)) - Initializing Layout version manager with metadata layout = HADOOP_PRC_PORTS_IN_DATANODEDETAILS (version = 7), software layout = HADOOP_PRC_PORTS_IN_DATANODEDETAILS (version = 7)
2023-09-29 09:12:56,325 [main] INFO  statemachine.DatanodeStateMachine (DatanodeStateMachine.java:getEndPointTaskThreadPoolSize(283)) - Datanode State Machine Task Thread Pool size 2
2023-09-29 09:12:56,338 [main] INFO  volume.HddsVolume (HddsVolume.java:<init>(126)) - Creating HddsVolume: /home/runner/work/ozone/ozone/hadoop-ozone/integration-test/target/test-dir/MiniOzoneClusterImpl-2a0ec25a-3990-4628-8b93-857bbff79694/datanode-4/data-0/containers/hdds of storage type : DISK capacity : 9223372036854775807
2023-09-29 09:12:56,338 [main] INFO  volume.MutableVolumeSet (MutableVolumeSet.java:initializeVolumeSet(173)) - Added Volume : /home/runner/work/ozone/ozone/hadoop-ozone/integration-test/target/test-dir/MiniOzoneClusterImpl-2a0ec25a-3990-4628-8b93-857bbff79694/datanode-4/data-0/containers/hdds to VolumeSet
2023-09-29 09:12:56,342 [main] INFO  volume.MutableVolumeSet (MutableVolumeSet.java:initializeVolumeSet(173)) - Added Volume : /home/runner/work/ozone/ozone/hadoop-ozone/integration-test/target/test-dir/MiniOzoneClusterImpl-2a0ec25a-3990-4628-8b93-857bbff79694/datanode-4/data/ratis to VolumeSet
2023-09-29 09:12:56,343 [Thread-210] INFO  ozoneimpl.ContainerReader (ContainerReader.java:readVolume(177)) - Finish verifying containers on volume /home/runner/work/ozone/ozone/hadoop-ozone/integration-test/target/test-dir/MiniOzoneClusterImpl-2a0ec25a-3990-4628-8b93-857bbff79694/datanode-4/data-0/containers/hdds
2023-09-29 09:12:56,343 [main] INFO  ozoneimpl.OzoneContainer (OzoneContainer.java:buildContainerSet(314)) - Build ContainerSet costs 0s
2023-09-29 09:12:56,347 [main] INFO  server.RaftServer (ConfUtils.java:logGet(46)) - raft.rpc.type = GRPC (default)
2023-09-29 09:12:56,347 [main] INFO  grpc.GrpcConfigKeys (ConfUtils.java:logFallback(53)) - raft.grpc.admin.host = null (fallback to raft.grpc.server.host)
2023-09-29 09:12:56,348 [main] INFO  grpc.GrpcConfigKeys (ConfUtils.java:logGet(46)) - raft.grpc.admin.port = 15049 (custom)
2023-09-29 09:12:56,348 [main] INFO  grpc.GrpcConfigKeys (ConfUtils.java:logFallback(53)) - raft.grpc.client.host = null (fallback to raft.grpc.server.host)
2023-09-29 09:12:56,348 [main] INFO  grpc.GrpcConfigKeys (ConfUtils.java:logGet(46)) - raft.grpc.client.port = 15048 (custom)
2023-09-29 09:12:56,348 [main] INFO  grpc.GrpcConfigKeys (ConfUtils.java:logGet(46)) - raft.grpc.server.host = null (default)
2023-09-29 09:12:56,348 [main] INFO  grpc.GrpcConfigKeys (ConfUtils.java:logGet(46)) - raft.grpc.server.port = 15050 (custom)
2023-09-29 09:12:56,349 [main] INFO  server.GrpcService (ConfUtils.java:logGet(46)) - raft.grpc.message.size.max = 32MB (=33554432) (custom)
2023-09-29 09:12:56,352 [main] INFO  server.RaftServerConfigKeys (ConfUtils.java:logGet(46)) - raft.server.log.appender.buffer.byte-limit = 33554432 (custom)
2023-09-29 09:12:56,352 [main] INFO  server.GrpcService (ConfUtils.java:logGet(46)) - raft.grpc.flow.control.window = 5MB (=5242880) (custom)
2023-09-29 09:12:56,352 [main] INFO  server.RaftServerConfigKeys (ConfUtils.java:logGet(46)) - raft.server.rpc.request.timeout = 60s (custom)
2023-09-29 09:12:56,352 [main] INFO  grpc.GrpcConfigKeys (ConfUtils.java:logGet(46)) - raft.grpc.server.heartbeat.channel = true (default)
2023-09-29 09:12:56,353 [main] INFO  grpc.GrpcConfigKeys (ConfUtils.java:logGet(46)) - raft.grpc.server.async.request.thread.pool.cached = true (default)
2023-09-29 09:12:56,353 [main] INFO  grpc.GrpcConfigKeys (ConfUtils.java:logGet(46)) - raft.grpc.server.async.request.thread.pool.size = 32 (default)
2023-09-29 09:12:56,356 [main] INFO  impl.DataStreamServerImpl (ConfUtils.java:logGet(46)) - raft.datastream.type = NETTY (custom)
2023-09-29 09:12:56,357 [main] INFO  server.RaftServerConfigKeys (ConfUtils.java:logGet(46)) - raft.server.data-stream.async.request.thread.pool.cached = false (default)
2023-09-29 09:12:56,357 [main] INFO  server.RaftServerConfigKeys (ConfUtils.java:logGet(46)) - raft.server.data-stream.async.request.thread.pool.size = 20 (custom)
2023-09-29 09:12:56,357 [main] INFO  server.RaftServerConfigKeys (ConfUtils.java:logGet(46)) - raft.server.data-stream.async.write.thread.pool.size = 16 (default)
2023-09-29 09:12:56,357 [main] INFO  server.RaftServerConfigKeys (ConfUtils.java:logGet(46)) - raft.server.data-stream.client.pool.size = 10 (default)
2023-09-29 09:12:56,358 [main] INFO  netty.NettyConfigKeys$DataStream (ConfUtils.java:logGet(46)) - raft.netty.dataStream.server.use-epoll = false (default)
2023-09-29 09:12:56,358 [main] INFO  netty.NettyConfigKeys$DataStream (ConfUtils.java:logGet(46)) - raft.netty.dataStream.server.boss-group.size = 0 (default)
2023-09-29 09:12:56,358 [main] INFO  netty.NettyConfigKeys$DataStream (ConfUtils.java:logGet(46)) - raft.netty.dataStream.server.worker-group.size = 0 (default)
2023-09-29 09:12:56,360 [main] INFO  netty.NettyConfigKeys$DataStream (ConfUtils.java:logGet(46)) - raft.netty.dataStream.server.tls.conf = null (default)
2023-09-29 09:12:56,360 [main] INFO  netty.NettyConfigKeys$DataStream (ConfUtils.java:logGet(46)) - raft.netty.dataStream.host = null (default)
2023-09-29 09:12:56,360 [main] INFO  netty.NettyConfigKeys$DataStream (ConfUtils.java:logGet(46)) - raft.netty.dataStream.port = 15051 (custom)
2023-09-29 09:12:56,361 [main] INFO  server.RaftServerConfigKeys (ConfUtils.java:logGet(46)) - raft.server.threadpool.proxy.cached = true (default)
2023-09-29 09:12:56,361 [main] INFO  server.RaftServerConfigKeys (ConfUtils.java:logGet(46)) - raft.server.threadpool.proxy.size = 0 (default)
2023-09-29 09:12:56,362 [main] INFO  server.RaftServerConfigKeys (ConfUtils.java:logGet(46)) - raft.server.rpc.slowness.timeout = 300s (custom)
2023-09-29 09:12:56,363 [main] INFO  server.RaftServerConfigKeys (ConfUtils.java:logGet(46)) - raft.server.leaderelection.leader.step-down.wait-time = 10s (default)
2023-09-29 09:12:56,363 [main] INFO  server.RaftServerConfigKeys (ConfUtils.java:logGet(46)) - raft.server.storage.dir = [/home/runner/work/ozone/ozone/hadoop-ozone/integration-test/target/test-dir/MiniOzoneClusterImpl-2a0ec25a-3990-4628-8b93-857bbff79694/datanode-4/data/ratis] (custom)
2023-09-29 09:12:56,366 [dd913d19-83ff-47ba-9363-dfe8430831a0-NettyServerStreamRpc-bossGroup--thread1] INFO  logging.LoggingHandler (AbstractInternalLogger.java:log(148)) - [id: 0x94925535] REGISTERED
2023-09-29 09:12:56,367 [dd913d19-83ff-47ba-9363-dfe8430831a0-NettyServerStreamRpc-bossGroup--thread1] INFO  logging.LoggingHandler (AbstractInternalLogger.java:log(148)) - [id: 0x94925535] BIND: 0.0.0.0/0.0.0.0:15051
2023-09-29 09:12:56,376 [dd913d19-83ff-47ba-9363-dfe8430831a0-NettyServerStreamRpc-bossGroup--thread1] INFO  logging.LoggingHandler (AbstractInternalLogger.java:log(148)) - [id: 0x94925535, L:/0:0:0:0:0:0:0:0:15051] ACTIVE
2023-09-29 09:12:56,382 [dd913d19-83ff-47ba-9363-dfe8430831a0-impl-thread1] INFO  server.RaftServer (RaftServerProxy.java:initGroupDir(258)) - dd913d19-83ff-47ba-9363-dfe8430831a0: found a subdirectory /home/runner/work/ozone/ozone/hadoop-ozone/integration-test/target/test-dir/MiniOzoneClusterImpl-2a0ec25a-3990-4628-8b93-857bbff79694/datanode-4/data/ratis/tmp
2023-09-29 09:12:56,382 [dd913d19-83ff-47ba-9363-dfe8430831a0-impl-thread1] INFO  server.RaftServer (RaftServerProxy.java:initGroupDir(263)) - dd913d19-83ff-47ba-9363-dfe8430831a0: The directory /home/runner/work/ozone/ozone/hadoop-ozone/integration-test/target/test-dir/MiniOzoneClusterImpl-2a0ec25a-3990-4628-8b93-857bbff79694/datanode-4/data/ratis/tmp is not a group directory; ignoring it. 
2023-09-29 09:12:56,382 [main] INFO  replication.ReplicationServer (ReplicationServer.java:<init>(83)) - Initializing replication server with thread count = 10 queue length = 4096
2023-09-29 09:12:56,384 [main] INFO  server.XceiverServerGrpc (XceiverServerGrpc.java:<init>(132)) - GrpcServer channel type EpollServerSocketChannel
2023-09-29 09:12:56,389 [main] INFO  replication.ReplicationSupervisor (ReplicationSupervisor.java:build(155)) - Initializing replication supervisor with thread count = 10
2023-09-29 09:12:56,389 [main] INFO  replication.ReplicationSupervisor (ReplicationSupervisor.java:nodeStateUpdated(307)) - Node state updated to IN_SERVICE, scaling executor pool size to 10
2023-09-29 09:12:56,397 [main] INFO  http.BaseHttpServer (BaseHttpServer.java:newHttpServer2BuilderForOzone(223)) - Starting Web-server for hddsDatanode at: http://0.0.0.0:15045
2023-09-29 09:12:56,397 [main] INFO  http.BaseHttpServer (BaseHttpServer.java:<init>(110)) - Hadoop Security Enabled: false Ozone Security Enabled: false Ozone HTTP Security Enabled: false 
2023-09-29 09:12:56,400 [main] WARN  server.AuthenticationFilter (AuthenticationFilter.java:constructSecretProvider(240)) - Unable to initialize FileSignerSecretProvider, falling back to use random secrets. Reason: Could not read signature secret file: /home/runner/hadoop-http-auth-signature-secret
2023-09-29 09:12:56,408 [main] INFO  http.HttpRequestLog (HttpRequestLog.java:getRequestLog(86)) - Http request log for http.requests.hddsDatanode is not defined
2023-09-29 09:12:56,410 [main] INFO  http.HttpServer2 (HttpServer2.java:addGlobalFilter(1031)) - Added global filter 'safety' (class=org.apache.hadoop.hdds.server.http.HttpServer2$QuotingInputFilter)
2023-09-29 09:12:56,411 [main] INFO  http.HttpServer2 (HttpServer2.java:addFilter(1007)) - Added filter static_user_filter (class=org.apache.hadoop.http.lib.StaticUserWebFilter$StaticUserFilter) to context hddsDatanode
2023-09-29 09:12:56,412 [main] INFO  http.HttpServer2 (HttpServer2.java:addFilter(1015)) - Added filter static_user_filter (class=org.apache.hadoop.http.lib.StaticUserWebFilter$StaticUserFilter) to context static
2023-09-29 09:12:56,412 [main] INFO  http.HttpServer2 (HttpServer2.java:addFilter(1015)) - Added filter static_user_filter (class=org.apache.hadoop.http.lib.StaticUserWebFilter$StaticUserFilter) to context logs
2023-09-29 09:12:56,414 [main] INFO  http.BaseHttpServer (BaseHttpServer.java:<init>(189)) - HTTP server of hddsDatanode uses base directory /home/runner/work/ozone/ozone/hadoop-ozone/integration-test/target/test-dir/MiniOzoneClusterImpl-2a0ec25a-3990-4628-8b93-857bbff79694/datanode-4/meta/webserver
2023-09-29 09:12:56,415 [main] INFO  http.HttpServer2 (HttpServer2.java:bindListener(1231)) - Jetty bound to port 15045
2023-09-29 09:12:56,415 [main] INFO  server.Server (Server.java:doStart(375)) - jetty-9.4.52.v20230823; built: 2023-08-23T19:29:37.669Z; git: abdcda73818a1a2c705da276edb0bf6581e7997e; jvm 1.8.0_382-b05
2023-09-29 09:12:56,418 [main] INFO  server.session (DefaultSessionIdManager.java:doStart(334)) - DefaultSessionIdManager workerName=node0
2023-09-29 09:12:56,418 [main] INFO  server.session (DefaultSessionIdManager.java:doStart(339)) - No SessionScavenger set, using defaults
2023-09-29 09:12:56,418 [main] INFO  server.session (HouseKeeper.java:startScavenging(132)) - node0 Scavenging every 660000ms
2023-09-29 09:12:56,420 [main] INFO  handler.ContextHandler (ContextHandler.java:doStart(921)) - Started o.e.j.s.ServletContextHandler@5343ec9a{logs,/logs,file:///home/runner/work/ozone/ozone/hadoop-ozone/integration-test/target/log,AVAILABLE}
2023-09-29 09:12:56,420 [main] INFO  handler.ContextHandler (ContextHandler.java:doStart(921)) - Started o.e.j.s.ServletContextHandler@792333b0{static,/static,jar:file:/home/runner/.m2/repository/org/apache/ozone/hdds-container-service/1.4.0-SNAPSHOT/hdds-container-service-1.4.0-SNAPSHOT.jar!/webapps/static,AVAILABLE}
2023-09-29 09:12:56,666 [main] INFO  handler.ContextHandler (ContextHandler.java:doStart(921)) - Started o.e.j.w.WebAppContext@73128b78{hddsDatanode,/,file:///home/runner/work/ozone/ozone/hadoop-ozone/integration-test/target/test-dir/MiniOzoneClusterImpl-2a0ec25a-3990-4628-8b93-857bbff79694/datanode-4/meta/webserver/jetty-0_0_0_0-15045-hdds-container-service-1_4_0-SNAPSHOT_jar-_-any-3297242004109257409/webapp/,AVAILABLE}{jar:file:/home/runner/.m2/repository/org/apache/ozone/hdds-container-service/1.4.0-SNAPSHOT/hdds-container-service-1.4.0-SNAPSHOT.jar!/webapps/hddsDatanode}
2023-09-29 09:12:56,667 [main] INFO  server.AbstractConnector (AbstractConnector.java:doStart(333)) - Started ServerConnector@76a79d92{HTTP/1.1, (http/1.1)}{0.0.0.0:15045}
2023-09-29 09:12:56,668 [main] INFO  server.Server (Server.java:doStart(415)) - Started @13626ms
2023-09-29 09:12:56,668 [main] WARN  impl.MetricsSystemImpl (MetricsSystemImpl.java:register(279)) - Sink prometheus already exists!
2023-09-29 09:12:56,669 [main] INFO  http.BaseHttpServer (BaseHttpServer.java:updateConnectorAddress(354)) - HTTP server of hddsDatanode listening at http://0.0.0.0:15045
2023-09-29 09:12:56,669 [main] INFO  ipc.CallQueueManager (CallQueueManager.java:<init>(90)) - Using callQueue: class java.util.concurrent.LinkedBlockingQueue, queueCapacity: 100, scheduler: class org.apache.hadoop.ipc.DefaultRpcScheduler, ipcBackoff: false.
2023-09-29 09:12:56,669 [main] INFO  ipc.Server (Server.java:<init>(1287)) - Listener at 0.0.0.0:15046
2023-09-29 09:12:56,670 [Socket Reader #1 for port 15046] INFO  ipc.Server (Server.java:run(1323)) - Starting Socket Reader #1 for port 15046
2023-09-29 09:12:56,675 [main] INFO  ozone.HddsDatanodeService (HddsDatanodeService.java:start(315)) - Datanode start with admins: [runner]
2023-09-29 09:12:56,675 [main] INFO  ozone.HddsDatanodeClientProtocolServer (HddsDatanodeClientProtocolServer.java:start(72)) - RPC server for Client /0.0.0.0:15046
2023-09-29 09:12:56,676 [IPC Server Responder] INFO  ipc.Server (Server.java:run(1562)) - IPC Server Responder: starting
2023-09-29 09:12:56,676 [IPC Server listener on 15046] INFO  ipc.Server (Server.java:run(1402)) - IPC Server listener on 15046: starting
2023-09-29 09:12:56,684 [Datanode State Machine Daemon Thread] INFO  statemachine.DatanodeStateMachine (DatanodeStateMachine.java:lambda$startDaemon$0(539)) - Ozone container server started.
2023-09-29 09:12:56,684 [main] INFO  ozone.MiniOzoneClusterImpl (MiniOzoneClusterImpl.java:lambda$waitForClusterToBeReady$0(229)) - Waiting for nodes to be ready. Got 0 of 5 DN Heartbeats.
2023-09-29 09:12:56,686 [main] INFO  ozone.MiniOzoneClusterImpl (MiniOzoneClusterImpl.java:lambda$waitForClusterToBeReady$0(232)) - Waiting for cluster to exit safe mode
2023-09-29 09:12:56,686 [main] INFO  ozone.MiniOzoneClusterImpl (MiniOzoneClusterImpl.java:lambda$waitForClusterToBeReady$0(234)) - SCM became leader
2023-09-29 09:12:56,697 [Datanode State Machine Task Thread - 0] INFO  datanode.InitDatanodeState (InitDatanodeState.java:persistContainerDatanodeDetails(138)) - DatanodeDetails is persisted to /home/runner/work/ozone/ozone/hadoop-ozone/integration-test/target/test-dir/MiniOzoneClusterImpl-2a0ec25a-3990-4628-8b93-857bbff79694/datanode-4/meta/datanode.id
2023-09-29 09:12:57,048 [EndpointStateMachine task thread for /0.0.0.0:15002 - 0 ] INFO  utils.DatanodeStoreCache (DatanodeStoreCache.java:addDB(66)) - Added db /home/runner/work/ozone/ozone/hadoop-ozone/integration-test/target/test-dir/MiniOzoneClusterImpl-2a0ec25a-3990-4628-8b93-857bbff79694/datanode-0/data-0/containers/hdds/2a0ec25a-3990-4628-8b93-857bbff79694/DS-1b6f5a83-bc5d-453a-8e72-f8c4ad5a9c75/container.db to cache
2023-09-29 09:12:57,048 [EndpointStateMachine task thread for /0.0.0.0:15002 - 0 ] INFO  volume.HddsVolume (HddsVolume.java:createDbStore(422)) - SchemaV3 db is created and loaded at /home/runner/work/ozone/ozone/hadoop-ozone/integration-test/target/test-dir/MiniOzoneClusterImpl-2a0ec25a-3990-4628-8b93-857bbff79694/datanode-0/data-0/containers/hdds/2a0ec25a-3990-4628-8b93-857bbff79694/DS-1b6f5a83-bc5d-453a-8e72-f8c4ad5a9c75/container.db for volume DS-1b6f5a83-bc5d-453a-8e72-f8c4ad5a9c75
2023-09-29 09:12:57,052 [EndpointStateMachine task thread for /0.0.0.0:15002 - 0 ] INFO  volume.ThrottledAsyncChecker (ThrottledAsyncChecker.java:schedule(141)) - Scheduling a check for /home/runner/work/ozone/ozone/hadoop-ozone/integration-test/target/test-dir/MiniOzoneClusterImpl-2a0ec25a-3990-4628-8b93-857bbff79694/datanode-0/data-0/containers/hdds
2023-09-29 09:12:57,075 [EndpointStateMachine task thread for /0.0.0.0:15002 - 0 ] INFO  volume.StorageVolumeChecker (StorageVolumeChecker.java:checkAllVolumes(213)) - Scheduled health check for volume /home/runner/work/ozone/ozone/hadoop-ozone/integration-test/target/test-dir/MiniOzoneClusterImpl-2a0ec25a-3990-4628-8b93-857bbff79694/datanode-0/data-0/containers/hdds
2023-09-29 09:12:57,085 [EndpointStateMachine task thread for /0.0.0.0:15002 - 0 ] INFO  volume.ThrottledAsyncChecker (ThrottledAsyncChecker.java:schedule(141)) - Scheduling a check for /home/runner/work/ozone/ozone/hadoop-ozone/integration-test/target/test-dir/MiniOzoneClusterImpl-2a0ec25a-3990-4628-8b93-857bbff79694/datanode-0/data/ratis
2023-09-29 09:12:57,085 [EndpointStateMachine task thread for /0.0.0.0:15002 - 0 ] INFO  volume.StorageVolumeChecker (StorageVolumeChecker.java:checkAllVolumes(213)) - Scheduled health check for volume /home/runner/work/ozone/ozone/hadoop-ozone/integration-test/target/test-dir/MiniOzoneClusterImpl-2a0ec25a-3990-4628-8b93-857bbff79694/datanode-0/data/ratis
2023-09-29 09:12:57,087 [EndpointStateMachine task thread for /0.0.0.0:15002 - 0 ] INFO  ozoneimpl.OzoneContainer (OzoneContainer.java:start(429)) - Attempting to start container services.
2023-09-29 09:12:57,090 [EndpointStateMachine task thread for /0.0.0.0:15002 - 0 ] INFO  ozoneimpl.OzoneContainer (OzoneContainer.java:startContainerScrub(325)) - Scheduled background container scanners and the on-demand container scanner have been disabled.
2023-09-29 09:12:57,092 [EndpointStateMachine task thread for /0.0.0.0:15002 - 0 ] INFO  replication.ReplicationServer (ReplicationServer.java:start(134)) - ReplicationServer is started using port 15016
2023-09-29 09:12:57,092 [EndpointStateMachine task thread for /0.0.0.0:15002 - 0 ] INFO  ratis.XceiverServerRatis (XceiverServerRatis.java:start(517)) - Starting XceiverServerRatis 808e3967-7510-49b7-87ea-3b9eb7a0b48e
2023-09-29 09:12:57,096 [EndpointStateMachine task thread for /0.0.0.0:15002 - 0 ] INFO  server.RaftServer (RaftServerProxy.java:startImpl(400)) - 808e3967-7510-49b7-87ea-3b9eb7a0b48e: start RPC server
2023-09-29 09:12:57,099 [EndpointStateMachine task thread for /0.0.0.0:15002 - 0 ] INFO  server.GrpcService (GrpcService.java:startImpl(302)) - 808e3967-7510-49b7-87ea-3b9eb7a0b48e: GrpcService started, listening on 15012
2023-09-29 09:12:57,102 [EndpointStateMachine task thread for /0.0.0.0:15002 - 0 ] INFO  server.GrpcService (GrpcService.java:startImpl(302)) - 808e3967-7510-49b7-87ea-3b9eb7a0b48e: GrpcService started, listening on 15014
2023-09-29 09:12:57,104 [EndpointStateMachine task thread for /0.0.0.0:15002 - 0 ] INFO  server.GrpcService (GrpcService.java:startImpl(302)) - 808e3967-7510-49b7-87ea-3b9eb7a0b48e: GrpcService started, listening on 15013
2023-09-29 09:12:57,112 [EndpointStateMachine task thread for /0.0.0.0:15002 - 0 ] INFO  ratis.XceiverServerRatis (XceiverServerRatis.java:getRealPort(543)) - XceiverServerRatis 808e3967-7510-49b7-87ea-3b9eb7a0b48e is started using port 15012 for RATIS
2023-09-29 09:12:57,112 [EndpointStateMachine task thread for /0.0.0.0:15002 - 0 ] INFO  ratis.XceiverServerRatis (XceiverServerRatis.java:getRealPort(543)) - XceiverServerRatis 808e3967-7510-49b7-87ea-3b9eb7a0b48e is started using port 15013 for RATIS_ADMIN
2023-09-29 09:12:57,112 [EndpointStateMachine task thread for /0.0.0.0:15002 - 0 ] INFO  ratis.XceiverServerRatis (XceiverServerRatis.java:getRealPort(543)) - XceiverServerRatis 808e3967-7510-49b7-87ea-3b9eb7a0b48e is started using port 15014 for RATIS_SERVER
2023-09-29 09:12:57,112 [EndpointStateMachine task thread for /0.0.0.0:15002 - 0 ] INFO  ratis.XceiverServerRatis (XceiverServerRatis.java:getRealPort(543)) - XceiverServerRatis 808e3967-7510-49b7-87ea-3b9eb7a0b48e is started using port 15015 for RATIS_DATASTREAM
2023-09-29 09:12:57,112 [JvmPauseMonitor2] INFO  util.JvmPauseMonitor (JvmPauseMonitor.java:run(103)) - JvmPauseMonitor-808e3967-7510-49b7-87ea-3b9eb7a0b48e: Started
2023-09-29 09:12:57,134 [BlockDeletingService#0] INFO  interfaces.ContainerDeletionChoosingPolicyTemplate (ContainerDeletionChoosingPolicyTemplate.java:chooseContainerForBlockDeletion(85)) - Chosen 0/5000 blocks from 0 candidate containers.
2023-09-29 09:12:57,486 [EndpointStateMachine task thread for /0.0.0.0:15002 - 0 ] INFO  utils.DatanodeStoreCache (DatanodeStoreCache.java:addDB(66)) - Added db /home/runner/work/ozone/ozone/hadoop-ozone/integration-test/target/test-dir/MiniOzoneClusterImpl-2a0ec25a-3990-4628-8b93-857bbff79694/datanode-1/data-0/containers/hdds/2a0ec25a-3990-4628-8b93-857bbff79694/DS-fc6865aa-ac25-4c16-ad19-a68387fb359b/container.db to cache
2023-09-29 09:12:57,486 [EndpointStateMachine task thread for /0.0.0.0:15002 - 0 ] INFO  volume.HddsVolume (HddsVolume.java:createDbStore(422)) - SchemaV3 db is created and loaded at /home/runner/work/ozone/ozone/hadoop-ozone/integration-test/target/test-dir/MiniOzoneClusterImpl-2a0ec25a-3990-4628-8b93-857bbff79694/datanode-1/data-0/containers/hdds/2a0ec25a-3990-4628-8b93-857bbff79694/DS-fc6865aa-ac25-4c16-ad19-a68387fb359b/container.db for volume DS-fc6865aa-ac25-4c16-ad19-a68387fb359b
2023-09-29 09:12:57,487 [EndpointStateMachine task thread for /0.0.0.0:15002 - 0 ] INFO  volume.ThrottledAsyncChecker (ThrottledAsyncChecker.java:schedule(141)) - Scheduling a check for /home/runner/work/ozone/ozone/hadoop-ozone/integration-test/target/test-dir/MiniOzoneClusterImpl-2a0ec25a-3990-4628-8b93-857bbff79694/datanode-1/data-0/containers/hdds
2023-09-29 09:12:57,493 [EndpointStateMachine task thread for /0.0.0.0:15002 - 0 ] INFO  volume.StorageVolumeChecker (StorageVolumeChecker.java:checkAllVolumes(213)) - Scheduled health check for volume /home/runner/work/ozone/ozone/hadoop-ozone/integration-test/target/test-dir/MiniOzoneClusterImpl-2a0ec25a-3990-4628-8b93-857bbff79694/datanode-1/data-0/containers/hdds
2023-09-29 09:12:57,499 [EndpointStateMachine task thread for /0.0.0.0:15002 - 0 ] INFO  volume.ThrottledAsyncChecker (ThrottledAsyncChecker.java:schedule(141)) - Scheduling a check for /home/runner/work/ozone/ozone/hadoop-ozone/integration-test/target/test-dir/MiniOzoneClusterImpl-2a0ec25a-3990-4628-8b93-857bbff79694/datanode-1/data/ratis
2023-09-29 09:12:57,499 [EndpointStateMachine task thread for /0.0.0.0:15002 - 0 ] INFO  volume.StorageVolumeChecker (StorageVolumeChecker.java:checkAllVolumes(213)) - Scheduled health check for volume /home/runner/work/ozone/ozone/hadoop-ozone/integration-test/target/test-dir/MiniOzoneClusterImpl-2a0ec25a-3990-4628-8b93-857bbff79694/datanode-1/data/ratis
2023-09-29 09:12:57,501 [EndpointStateMachine task thread for /0.0.0.0:15002 - 0 ] INFO  ozoneimpl.OzoneContainer (OzoneContainer.java:start(429)) - Attempting to start container services.
2023-09-29 09:12:57,501 [EndpointStateMachine task thread for /0.0.0.0:15002 - 0 ] INFO  ozoneimpl.OzoneContainer (OzoneContainer.java:startContainerScrub(325)) - Scheduled background container scanners and the on-demand container scanner have been disabled.
2023-09-29 09:12:57,505 [EndpointStateMachine task thread for /0.0.0.0:15002 - 0 ] INFO  replication.ReplicationServer (ReplicationServer.java:start(134)) - ReplicationServer is started using port 15025
2023-09-29 09:12:57,505 [EndpointStateMachine task thread for /0.0.0.0:15002 - 0 ] INFO  ratis.XceiverServerRatis (XceiverServerRatis.java:start(517)) - Starting XceiverServerRatis f9652e80-d58c-49ab-ab0e-27e6fff13d69
2023-09-29 09:12:57,506 [EndpointStateMachine task thread for /0.0.0.0:15002 - 0 ] INFO  server.RaftServer (RaftServerProxy.java:startImpl(400)) - f9652e80-d58c-49ab-ab0e-27e6fff13d69: start RPC server
2023-09-29 09:12:57,509 [EndpointStateMachine task thread for /0.0.0.0:15002 - 0 ] INFO  server.GrpcService (GrpcService.java:startImpl(302)) - f9652e80-d58c-49ab-ab0e-27e6fff13d69: GrpcService started, listening on 15021
2023-09-29 09:12:57,511 [EndpointStateMachine task thread for /0.0.0.0:15002 - 0 ] INFO  server.GrpcService (GrpcService.java:startImpl(302)) - f9652e80-d58c-49ab-ab0e-27e6fff13d69: GrpcService started, listening on 15023
2023-09-29 09:12:57,514 [EndpointStateMachine task thread for /0.0.0.0:15002 - 0 ] INFO  server.GrpcService (GrpcService.java:startImpl(302)) - f9652e80-d58c-49ab-ab0e-27e6fff13d69: GrpcService started, listening on 15022
2023-09-29 09:12:57,515 [EndpointStateMachine task thread for /0.0.0.0:15002 - 0 ] INFO  ratis.XceiverServerRatis (XceiverServerRatis.java:getRealPort(543)) - XceiverServerRatis f9652e80-d58c-49ab-ab0e-27e6fff13d69 is started using port 15021 for RATIS
2023-09-29 09:12:57,515 [JvmPauseMonitor3] INFO  util.JvmPauseMonitor (JvmPauseMonitor.java:run(103)) - JvmPauseMonitor-f9652e80-d58c-49ab-ab0e-27e6fff13d69: Started
2023-09-29 09:12:57,515 [EndpointStateMachine task thread for /0.0.0.0:15002 - 0 ] INFO  ratis.XceiverServerRatis (XceiverServerRatis.java:getRealPort(543)) - XceiverServerRatis f9652e80-d58c-49ab-ab0e-27e6fff13d69 is started using port 15022 for RATIS_ADMIN
2023-09-29 09:12:57,515 [EndpointStateMachine task thread for /0.0.0.0:15002 - 0 ] INFO  ratis.XceiverServerRatis (XceiverServerRatis.java:getRealPort(543)) - XceiverServerRatis f9652e80-d58c-49ab-ab0e-27e6fff13d69 is started using port 15023 for RATIS_SERVER
2023-09-29 09:12:57,515 [EndpointStateMachine task thread for /0.0.0.0:15002 - 0 ] INFO  ratis.XceiverServerRatis (XceiverServerRatis.java:getRealPort(543)) - XceiverServerRatis f9652e80-d58c-49ab-ab0e-27e6fff13d69 is started using port 15024 for RATIS_DATASTREAM
2023-09-29 09:12:57,531 [BlockDeletingService#0] INFO  interfaces.ContainerDeletionChoosingPolicyTemplate (ContainerDeletionChoosingPolicyTemplate.java:chooseContainerForBlockDeletion(85)) - Chosen 0/5000 blocks from 0 candidate containers.
2023-09-29 09:12:57,686 [main] INFO  ozone.MiniOzoneClusterImpl (MiniOzoneClusterImpl.java:lambda$waitForClusterToBeReady$0(229)) - Waiting for nodes to be ready. Got 0 of 5 DN Heartbeats.
2023-09-29 09:12:57,686 [main] INFO  ozone.MiniOzoneClusterImpl (MiniOzoneClusterImpl.java:lambda$waitForClusterToBeReady$0(232)) - Waiting for cluster to exit safe mode
2023-09-29 09:12:57,686 [main] INFO  ozone.MiniOzoneClusterImpl (MiniOzoneClusterImpl.java:lambda$waitForClusterToBeReady$0(234)) - SCM became leader
2023-09-29 09:12:57,953 [EndpointStateMachine task thread for /0.0.0.0:15002 - 0 ] INFO  utils.DatanodeStoreCache (DatanodeStoreCache.java:addDB(66)) - Added db /home/runner/work/ozone/ozone/hadoop-ozone/integration-test/target/test-dir/MiniOzoneClusterImpl-2a0ec25a-3990-4628-8b93-857bbff79694/datanode-2/data-0/containers/hdds/2a0ec25a-3990-4628-8b93-857bbff79694/DS-fdf40922-9cd4-4d5b-8e6f-de294f8ee99e/container.db to cache
2023-09-29 09:12:57,953 [EndpointStateMachine task thread for /0.0.0.0:15002 - 0 ] INFO  volume.HddsVolume (HddsVolume.java:createDbStore(422)) - SchemaV3 db is created and loaded at /home/runner/work/ozone/ozone/hadoop-ozone/integration-test/target/test-dir/MiniOzoneClusterImpl-2a0ec25a-3990-4628-8b93-857bbff79694/datanode-2/data-0/containers/hdds/2a0ec25a-3990-4628-8b93-857bbff79694/DS-fdf40922-9cd4-4d5b-8e6f-de294f8ee99e/container.db for volume DS-fdf40922-9cd4-4d5b-8e6f-de294f8ee99e
2023-09-29 09:12:57,954 [EndpointStateMachine task thread for /0.0.0.0:15002 - 0 ] INFO  volume.ThrottledAsyncChecker (ThrottledAsyncChecker.java:schedule(141)) - Scheduling a check for /home/runner/work/ozone/ozone/hadoop-ozone/integration-test/target/test-dir/MiniOzoneClusterImpl-2a0ec25a-3990-4628-8b93-857bbff79694/datanode-2/data-0/containers/hdds
2023-09-29 09:12:57,960 [EndpointStateMachine task thread for /0.0.0.0:15002 - 0 ] INFO  volume.StorageVolumeChecker (StorageVolumeChecker.java:checkAllVolumes(213)) - Scheduled health check for volume /home/runner/work/ozone/ozone/hadoop-ozone/integration-test/target/test-dir/MiniOzoneClusterImpl-2a0ec25a-3990-4628-8b93-857bbff79694/datanode-2/data-0/containers/hdds
2023-09-29 09:12:57,963 [EndpointStateMachine task thread for /0.0.0.0:15002 - 0 ] INFO  volume.ThrottledAsyncChecker (ThrottledAsyncChecker.java:schedule(141)) - Scheduling a check for /home/runner/work/ozone/ozone/hadoop-ozone/integration-test/target/test-dir/MiniOzoneClusterImpl-2a0ec25a-3990-4628-8b93-857bbff79694/datanode-2/data/ratis
2023-09-29 09:12:57,963 [EndpointStateMachine task thread for /0.0.0.0:15002 - 0 ] INFO  volume.StorageVolumeChecker (StorageVolumeChecker.java:checkAllVolumes(213)) - Scheduled health check for volume /home/runner/work/ozone/ozone/hadoop-ozone/integration-test/target/test-dir/MiniOzoneClusterImpl-2a0ec25a-3990-4628-8b93-857bbff79694/datanode-2/data/ratis
2023-09-29 09:12:57,965 [EndpointStateMachine task thread for /0.0.0.0:15002 - 0 ] INFO  ozoneimpl.OzoneContainer (OzoneContainer.java:start(429)) - Attempting to start container services.
2023-09-29 09:12:57,965 [EndpointStateMachine task thread for /0.0.0.0:15002 - 0 ] INFO  ozoneimpl.OzoneContainer (OzoneContainer.java:startContainerScrub(325)) - Scheduled background container scanners and the on-demand container scanner have been disabled.
2023-09-29 09:12:57,967 [EndpointStateMachine task thread for /0.0.0.0:15002 - 0 ] INFO  replication.ReplicationServer (ReplicationServer.java:start(134)) - ReplicationServer is started using port 15034
2023-09-29 09:12:57,967 [EndpointStateMachine task thread for /0.0.0.0:15002 - 0 ] INFO  ratis.XceiverServerRatis (XceiverServerRatis.java:start(517)) - Starting XceiverServerRatis 2a19af63-c44c-4b61-8149-4383770f1009
2023-09-29 09:12:57,973 [EndpointStateMachine task thread for /0.0.0.0:15002 - 0 ] INFO  server.RaftServer (RaftServerProxy.java:startImpl(400)) - 2a19af63-c44c-4b61-8149-4383770f1009: start RPC server
2023-09-29 09:12:57,976 [EndpointStateMachine task thread for /0.0.0.0:15002 - 0 ] INFO  server.GrpcService (GrpcService.java:startImpl(302)) - 2a19af63-c44c-4b61-8149-4383770f1009: GrpcService started, listening on 15030
2023-09-29 09:12:57,978 [EndpointStateMachine task thread for /0.0.0.0:15002 - 0 ] INFO  server.GrpcService (GrpcService.java:startImpl(302)) - 2a19af63-c44c-4b61-8149-4383770f1009: GrpcService started, listening on 15032
2023-09-29 09:12:57,983 [EndpointStateMachine task thread for /0.0.0.0:15002 - 0 ] INFO  server.GrpcService (GrpcService.java:startImpl(302)) - 2a19af63-c44c-4b61-8149-4383770f1009: GrpcService started, listening on 15031
2023-09-29 09:12:57,983 [EndpointStateMachine task thread for /0.0.0.0:15002 - 0 ] INFO  ratis.XceiverServerRatis (XceiverServerRatis.java:getRealPort(543)) - XceiverServerRatis 2a19af63-c44c-4b61-8149-4383770f1009 is started using port 15030 for RATIS
2023-09-29 09:12:57,983 [JvmPauseMonitor4] INFO  util.JvmPauseMonitor (JvmPauseMonitor.java:run(103)) - JvmPauseMonitor-2a19af63-c44c-4b61-8149-4383770f1009: Started
2023-09-29 09:12:57,983 [EndpointStateMachine task thread for /0.0.0.0:15002 - 0 ] INFO  ratis.XceiverServerRatis (XceiverServerRatis.java:getRealPort(543)) - XceiverServerRatis 2a19af63-c44c-4b61-8149-4383770f1009 is started using port 15031 for RATIS_ADMIN
2023-09-29 09:12:57,983 [EndpointStateMachine task thread for /0.0.0.0:15002 - 0 ] INFO  ratis.XceiverServerRatis (XceiverServerRatis.java:getRealPort(543)) - XceiverServerRatis 2a19af63-c44c-4b61-8149-4383770f1009 is started using port 15032 for RATIS_SERVER
2023-09-29 09:12:57,983 [EndpointStateMachine task thread for /0.0.0.0:15002 - 0 ] INFO  ratis.XceiverServerRatis (XceiverServerRatis.java:getRealPort(543)) - XceiverServerRatis 2a19af63-c44c-4b61-8149-4383770f1009 is started using port 15033 for RATIS_DATASTREAM
2023-09-29 09:12:57,993 [BlockDeletingService#0] INFO  interfaces.ContainerDeletionChoosingPolicyTemplate (ContainerDeletionChoosingPolicyTemplate.java:chooseContainerForBlockDeletion(85)) - Chosen 0/5000 blocks from 0 candidate containers.
2023-09-29 09:12:58,333 [EndpointStateMachine task thread for /0.0.0.0:15002 - 0 ] INFO  utils.DatanodeStoreCache (DatanodeStoreCache.java:addDB(66)) - Added db /home/runner/work/ozone/ozone/hadoop-ozone/integration-test/target/test-dir/MiniOzoneClusterImpl-2a0ec25a-3990-4628-8b93-857bbff79694/datanode-3/data-0/containers/hdds/2a0ec25a-3990-4628-8b93-857bbff79694/DS-251fd790-b2d8-4cb2-9189-8069a2c762a7/container.db to cache
2023-09-29 09:12:58,334 [EndpointStateMachine task thread for /0.0.0.0:15002 - 0 ] INFO  volume.HddsVolume (HddsVolume.java:createDbStore(422)) - SchemaV3 db is created and loaded at /home/runner/work/ozone/ozone/hadoop-ozone/integration-test/target/test-dir/MiniOzoneClusterImpl-2a0ec25a-3990-4628-8b93-857bbff79694/datanode-3/data-0/containers/hdds/2a0ec25a-3990-4628-8b93-857bbff79694/DS-251fd790-b2d8-4cb2-9189-8069a2c762a7/container.db for volume DS-251fd790-b2d8-4cb2-9189-8069a2c762a7
2023-09-29 09:12:58,338 [EndpointStateMachine task thread for /0.0.0.0:15002 - 0 ] INFO  volume.ThrottledAsyncChecker (ThrottledAsyncChecker.java:schedule(141)) - Scheduling a check for /home/runner/work/ozone/ozone/hadoop-ozone/integration-test/target/test-dir/MiniOzoneClusterImpl-2a0ec25a-3990-4628-8b93-857bbff79694/datanode-3/data-0/containers/hdds
2023-09-29 09:12:58,339 [EndpointStateMachine task thread for /0.0.0.0:15002 - 0 ] INFO  volume.StorageVolumeChecker (StorageVolumeChecker.java:checkAllVolumes(213)) - Scheduled health check for volume /home/runner/work/ozone/ozone/hadoop-ozone/integration-test/target/test-dir/MiniOzoneClusterImpl-2a0ec25a-3990-4628-8b93-857bbff79694/datanode-3/data-0/containers/hdds
2023-09-29 09:12:58,344 [EndpointStateMachine task thread for /0.0.0.0:15002 - 0 ] INFO  volume.ThrottledAsyncChecker (ThrottledAsyncChecker.java:schedule(141)) - Scheduling a check for /home/runner/work/ozone/ozone/hadoop-ozone/integration-test/target/test-dir/MiniOzoneClusterImpl-2a0ec25a-3990-4628-8b93-857bbff79694/datanode-3/data/ratis
2023-09-29 09:12:58,344 [EndpointStateMachine task thread for /0.0.0.0:15002 - 0 ] INFO  volume.StorageVolumeChecker (StorageVolumeChecker.java:checkAllVolumes(213)) - Scheduled health check for volume /home/runner/work/ozone/ozone/hadoop-ozone/integration-test/target/test-dir/MiniOzoneClusterImpl-2a0ec25a-3990-4628-8b93-857bbff79694/datanode-3/data/ratis
2023-09-29 09:12:58,346 [EndpointStateMachine task thread for /0.0.0.0:15002 - 0 ] INFO  ozoneimpl.OzoneContainer (OzoneContainer.java:start(429)) - Attempting to start container services.
2023-09-29 09:12:58,346 [EndpointStateMachine task thread for /0.0.0.0:15002 - 0 ] INFO  ozoneimpl.OzoneContainer (OzoneContainer.java:startContainerScrub(325)) - Scheduled background container scanners and the on-demand container scanner have been disabled.
2023-09-29 09:12:58,348 [EndpointStateMachine task thread for /0.0.0.0:15002 - 0 ] INFO  replication.ReplicationServer (ReplicationServer.java:start(134)) - ReplicationServer is started using port 15043
2023-09-29 09:12:58,349 [EndpointStateMachine task thread for /0.0.0.0:15002 - 0 ] INFO  ratis.XceiverServerRatis (XceiverServerRatis.java:start(517)) - Starting XceiverServerRatis a6468106-3f01-4ed8-9704-c326dd06b734
2023-09-29 09:12:58,349 [EndpointStateMachine task thread for /0.0.0.0:15002 - 0 ] INFO  server.RaftServer (RaftServerProxy.java:startImpl(400)) - a6468106-3f01-4ed8-9704-c326dd06b734: start RPC server
2023-09-29 09:12:58,353 [EndpointStateMachine task thread for /0.0.0.0:15002 - 0 ] INFO  server.GrpcService (GrpcService.java:startImpl(302)) - a6468106-3f01-4ed8-9704-c326dd06b734: GrpcService started, listening on 15039
2023-09-29 09:12:58,355 [EndpointStateMachine task thread for /0.0.0.0:15002 - 0 ] INFO  server.GrpcService (GrpcService.java:startImpl(302)) - a6468106-3f01-4ed8-9704-c326dd06b734: GrpcService started, listening on 15041
2023-09-29 09:12:58,359 [EndpointStateMachine task thread for /0.0.0.0:15002 - 0 ] INFO  server.GrpcService (GrpcService.java:startImpl(302)) - a6468106-3f01-4ed8-9704-c326dd06b734: GrpcService started, listening on 15040
2023-09-29 09:12:58,360 [EndpointStateMachine task thread for /0.0.0.0:15002 - 0 ] INFO  ratis.XceiverServerRatis (XceiverServerRatis.java:getRealPort(543)) - XceiverServerRatis a6468106-3f01-4ed8-9704-c326dd06b734 is started using port 15039 for RATIS
2023-09-29 09:12:58,360 [JvmPauseMonitor5] INFO  util.JvmPauseMonitor (JvmPauseMonitor.java:run(103)) - JvmPauseMonitor-a6468106-3f01-4ed8-9704-c326dd06b734: Started
2023-09-29 09:12:58,360 [EndpointStateMachine task thread for /0.0.0.0:15002 - 0 ] INFO  ratis.XceiverServerRatis (XceiverServerRatis.java:getRealPort(543)) - XceiverServerRatis a6468106-3f01-4ed8-9704-c326dd06b734 is started using port 15040 for RATIS_ADMIN
2023-09-29 09:12:58,361 [EndpointStateMachine task thread for /0.0.0.0:15002 - 0 ] INFO  ratis.XceiverServerRatis (XceiverServerRatis.java:getRealPort(543)) - XceiverServerRatis a6468106-3f01-4ed8-9704-c326dd06b734 is started using port 15041 for RATIS_SERVER
2023-09-29 09:12:58,361 [EndpointStateMachine task thread for /0.0.0.0:15002 - 0 ] INFO  ratis.XceiverServerRatis (XceiverServerRatis.java:getRealPort(543)) - XceiverServerRatis a6468106-3f01-4ed8-9704-c326dd06b734 is started using port 15042 for RATIS_DATASTREAM
2023-09-29 09:12:58,367 [BlockDeletingService#0] INFO  interfaces.ContainerDeletionChoosingPolicyTemplate (ContainerDeletionChoosingPolicyTemplate.java:chooseContainerForBlockDeletion(85)) - Chosen 0/5000 blocks from 0 candidate containers.
2023-09-29 09:12:58,687 [main] INFO  ozone.MiniOzoneClusterImpl (MiniOzoneClusterImpl.java:lambda$waitForClusterToBeReady$0(229)) - Waiting for nodes to be ready. Got 0 of 5 DN Heartbeats.
2023-09-29 09:12:58,687 [main] INFO  ozone.MiniOzoneClusterImpl (MiniOzoneClusterImpl.java:lambda$waitForClusterToBeReady$0(232)) - Waiting for cluster to exit safe mode
2023-09-29 09:12:58,687 [main] INFO  ozone.MiniOzoneClusterImpl (MiniOzoneClusterImpl.java:lambda$waitForClusterToBeReady$0(234)) - SCM became leader
2023-09-29 09:12:58,755 [EndpointStateMachine task thread for /0.0.0.0:15002 - 0 ] INFO  utils.DatanodeStoreCache (DatanodeStoreCache.java:addDB(66)) - Added db /home/runner/work/ozone/ozone/hadoop-ozone/integration-test/target/test-dir/MiniOzoneClusterImpl-2a0ec25a-3990-4628-8b93-857bbff79694/datanode-4/data-0/containers/hdds/2a0ec25a-3990-4628-8b93-857bbff79694/DS-3ae5e3cc-bb73-4e50-977b-f43ad0eb1e17/container.db to cache
2023-09-29 09:12:58,755 [EndpointStateMachine task thread for /0.0.0.0:15002 - 0 ] INFO  volume.HddsVolume (HddsVolume.java:createDbStore(422)) - SchemaV3 db is created and loaded at /home/runner/work/ozone/ozone/hadoop-ozone/integration-test/target/test-dir/MiniOzoneClusterImpl-2a0ec25a-3990-4628-8b93-857bbff79694/datanode-4/data-0/containers/hdds/2a0ec25a-3990-4628-8b93-857bbff79694/DS-3ae5e3cc-bb73-4e50-977b-f43ad0eb1e17/container.db for volume DS-3ae5e3cc-bb73-4e50-977b-f43ad0eb1e17
2023-09-29 09:12:58,756 [EndpointStateMachine task thread for /0.0.0.0:15002 - 0 ] INFO  volume.ThrottledAsyncChecker (ThrottledAsyncChecker.java:schedule(141)) - Scheduling a check for /home/runner/work/ozone/ozone/hadoop-ozone/integration-test/target/test-dir/MiniOzoneClusterImpl-2a0ec25a-3990-4628-8b93-857bbff79694/datanode-4/data-0/containers/hdds
2023-09-29 09:12:58,757 [EndpointStateMachine task thread for /0.0.0.0:15002 - 0 ] INFO  volume.StorageVolumeChecker (StorageVolumeChecker.java:checkAllVolumes(213)) - Scheduled health check for volume /home/runner/work/ozone/ozone/hadoop-ozone/integration-test/target/test-dir/MiniOzoneClusterImpl-2a0ec25a-3990-4628-8b93-857bbff79694/datanode-4/data-0/containers/hdds
2023-09-29 09:12:58,766 [EndpointStateMachine task thread for /0.0.0.0:15002 - 0 ] INFO  volume.ThrottledAsyncChecker (ThrottledAsyncChecker.java:schedule(141)) - Scheduling a check for /home/runner/work/ozone/ozone/hadoop-ozone/integration-test/target/test-dir/MiniOzoneClusterImpl-2a0ec25a-3990-4628-8b93-857bbff79694/datanode-4/data/ratis
2023-09-29 09:12:58,766 [EndpointStateMachine task thread for /0.0.0.0:15002 - 0 ] INFO  volume.StorageVolumeChecker (StorageVolumeChecker.java:checkAllVolumes(213)) - Scheduled health check for volume /home/runner/work/ozone/ozone/hadoop-ozone/integration-test/target/test-dir/MiniOzoneClusterImpl-2a0ec25a-3990-4628-8b93-857bbff79694/datanode-4/data/ratis
2023-09-29 09:12:58,767 [EndpointStateMachine task thread for /0.0.0.0:15002 - 0 ] INFO  ozoneimpl.OzoneContainer (OzoneContainer.java:start(429)) - Attempting to start container services.
2023-09-29 09:12:58,767 [EndpointStateMachine task thread for /0.0.0.0:15002 - 0 ] INFO  ozoneimpl.OzoneContainer (OzoneContainer.java:startContainerScrub(325)) - Scheduled background container scanners and the on-demand container scanner have been disabled.
2023-09-29 09:12:58,770 [EndpointStateMachine task thread for /0.0.0.0:15002 - 0 ] INFO  replication.ReplicationServer (ReplicationServer.java:start(134)) - ReplicationServer is started using port 15052
2023-09-29 09:12:58,770 [EndpointStateMachine task thread for /0.0.0.0:15002 - 0 ] INFO  ratis.XceiverServerRatis (XceiverServerRatis.java:start(517)) - Starting XceiverServerRatis dd913d19-83ff-47ba-9363-dfe8430831a0
2023-09-29 09:12:58,779 [EndpointStateMachine task thread for /0.0.0.0:15002 - 0 ] INFO  server.RaftServer (RaftServerProxy.java:startImpl(400)) - dd913d19-83ff-47ba-9363-dfe8430831a0: start RPC server
2023-09-29 09:12:58,784 [EndpointStateMachine task thread for /0.0.0.0:15002 - 0 ] INFO  server.GrpcService (GrpcService.java:startImpl(302)) - dd913d19-83ff-47ba-9363-dfe8430831a0: GrpcService started, listening on 15048
2023-09-29 09:12:58,785 [EndpointStateMachine task thread for /0.0.0.0:15002 - 0 ] INFO  server.GrpcService (GrpcService.java:startImpl(302)) - dd913d19-83ff-47ba-9363-dfe8430831a0: GrpcService started, listening on 15050
2023-09-29 09:12:58,786 [EndpointStateMachine task thread for /0.0.0.0:15002 - 0 ] INFO  server.GrpcService (GrpcService.java:startImpl(302)) - dd913d19-83ff-47ba-9363-dfe8430831a0: GrpcService started, listening on 15049
2023-09-29 09:12:58,787 [EndpointStateMachine task thread for /0.0.0.0:15002 - 0 ] INFO  ratis.XceiverServerRatis (XceiverServerRatis.java:getRealPort(543)) - XceiverServerRatis dd913d19-83ff-47ba-9363-dfe8430831a0 is started using port 15048 for RATIS
2023-09-29 09:12:58,787 [EndpointStateMachine task thread for /0.0.0.0:15002 - 0 ] INFO  ratis.XceiverServerRatis (XceiverServerRatis.java:getRealPort(543)) - XceiverServerRatis dd913d19-83ff-47ba-9363-dfe8430831a0 is started using port 15049 for RATIS_ADMIN
2023-09-29 09:12:58,787 [JvmPauseMonitor6] INFO  util.JvmPauseMonitor (JvmPauseMonitor.java:run(103)) - JvmPauseMonitor-dd913d19-83ff-47ba-9363-dfe8430831a0: Started
2023-09-29 09:12:58,787 [EndpointStateMachine task thread for /0.0.0.0:15002 - 0 ] INFO  ratis.XceiverServerRatis (XceiverServerRatis.java:getRealPort(543)) - XceiverServerRatis dd913d19-83ff-47ba-9363-dfe8430831a0 is started using port 15050 for RATIS_SERVER
2023-09-29 09:12:58,787 [EndpointStateMachine task thread for /0.0.0.0:15002 - 0 ] INFO  ratis.XceiverServerRatis (XceiverServerRatis.java:getRealPort(543)) - XceiverServerRatis dd913d19-83ff-47ba-9363-dfe8430831a0 is started using port 15051 for RATIS_DATASTREAM
2023-09-29 09:12:58,812 [BlockDeletingService#0] INFO  interfaces.ContainerDeletionChoosingPolicyTemplate (ContainerDeletionChoosingPolicyTemplate.java:chooseContainerForBlockDeletion(85)) - Chosen 0/5000 blocks from 0 candidate containers.
2023-09-29 09:12:58,910 [IPC Server handler 15 on default port 15002] INFO  net.NetworkTopologyImpl (NetworkTopologyImpl.java:add(112)) - Added a new node: /default-rack/808e3967-7510-49b7-87ea-3b9eb7a0b48e
2023-09-29 09:12:58,913 [IPC Server handler 15 on default port 15002] INFO  node.SCMNodeManager (SCMNodeManager.java:register(405)) - Registered Data node : 808e3967-7510-49b7-87ea-3b9eb7a0b48e{ip: 10.1.0.30, host: fv-az83-343.uavyq1izdhte5b0ne1us2eqzhb.jx.internal.cloudapp.net, ports: [HTTP=15009, CLIENT_RPC=15010, REPLICATION=15016, RATIS=15012, RATIS_ADMIN=15013, RATIS_SERVER=15014, RATIS_DATASTREAM=15015, STANDALONE=15011], networkLocation: /default-rack, certSerialId: null, persistedOpState: null, persistedOpStateExpiryEpochSec: 0}
2023-09-29 09:12:58,916 [EventQueue-NewNodeForNewNodeHandler] INFO  pipeline.BackgroundPipelineCreator (BackgroundPipelineCreator.java:notifyEventTriggered(277)) - trigger a one-shot run on RatisPipelineUtilsThread.
2023-09-29 09:12:58,927 [RatisPipelineUtilsThread - 0] INFO  pipeline.RatisPipelineProvider (RatisPipelineProvider.java:lambda$create$0(206)) - Sending CreatePipelineCommand for pipeline:PipelineID=8629ba0f-fd46-46aa-a1e4-65ebce1c6144 to datanode:808e3967-7510-49b7-87ea-3b9eb7a0b48e
2023-09-29 09:12:58,930 [EventQueue-NodeRegistrationContainerReportForDataNodeSafeModeRule] INFO  safemode.SCMSafeModeManager (DataNodeSafeModeRule.java:process(71)) - SCM in safe mode. 1 DataNodes registered, 3 required.
2023-09-29 09:12:58,931 [EventQueue-NodeRegistrationContainerReportForContainerSafeModeRule] INFO  safemode.SCMSafeModeManager (SCMSafeModeManager.java:validateSafeModeExitRules(200)) - ContainerSafeModeRule rule is successfully validated
2023-09-29 09:12:58,953 [EventQueue-PipelineReportForOneReplicaPipelineSafeModeRule] INFO  safemode.SCMSafeModeManager (SCMSafeModeManager.java:validateSafeModeExitRules(200)) - AtleastOneDatanodeReportedRule rule is successfully validated
2023-09-29 09:12:58,959 [RatisPipelineUtilsThread - 0] INFO  pipeline.BackgroundPipelineCreator (BackgroundPipelineCreator.java:createPipelines(233)) - Created new pipeline Pipeline[ Id: 8629ba0f-fd46-46aa-a1e4-65ebce1c6144, Nodes: 808e3967-7510-49b7-87ea-3b9eb7a0b48e(fv-az83-343.uavyq1izdhte5b0ne1us2eqzhb.jx.internal.cloudapp.net/10.1.0.30), ReplicationConfig: RATIS/ONE, State:ALLOCATED, leaderId:, CreationTimestamp2023-09-29T09:12:58.925Z[Etc/UTC]]
2023-09-29 09:12:59,439 [IPC Server handler 16 on default port 15002] INFO  net.NetworkTopologyImpl (NetworkTopologyImpl.java:add(112)) - Added a new node: /default-rack/f9652e80-d58c-49ab-ab0e-27e6fff13d69
2023-09-29 09:12:59,439 [IPC Server handler 16 on default port 15002] INFO  node.SCMNodeManager (SCMNodeManager.java:register(405)) - Registered Data node : f9652e80-d58c-49ab-ab0e-27e6fff13d69{ip: 10.1.0.30, host: fv-az83-343.uavyq1izdhte5b0ne1us2eqzhb.jx.internal.cloudapp.net, ports: [HTTP=15018, CLIENT_RPC=15019, REPLICATION=15025, RATIS=15021, RATIS_ADMIN=15022, RATIS_SERVER=15023, RATIS_DATASTREAM=15024, STANDALONE=15020], networkLocation: /default-rack, certSerialId: null, persistedOpState: null, persistedOpStateExpiryEpochSec: 0}
2023-09-29 09:12:59,440 [EventQueue-NodeRegistrationContainerReportForDataNodeSafeModeRule] INFO  safemode.SCMSafeModeManager (DataNodeSafeModeRule.java:process(71)) - SCM in safe mode. 2 DataNodes registered, 3 required.
2023-09-29 09:12:59,440 [EventQueue-NewNodeForNewNodeHandler] INFO  pipeline.BackgroundPipelineCreator (BackgroundPipelineCreator.java:notifyEventTriggered(277)) - trigger a one-shot run on RatisPipelineUtilsThread.
2023-09-29 09:12:59,444 [RatisPipelineUtilsThread - 0] INFO  pipeline.RatisPipelineProvider (RatisPipelineProvider.java:lambda$create$0(206)) - Sending CreatePipelineCommand for pipeline:PipelineID=76d9e4d3-c63c-44b5-bea8-c06849071740 to datanode:f9652e80-d58c-49ab-ab0e-27e6fff13d69
2023-09-29 09:12:59,445 [RatisPipelineUtilsThread - 0] INFO  pipeline.BackgroundPipelineCreator (BackgroundPipelineCreator.java:createPipelines(233)) - Created new pipeline Pipeline[ Id: 76d9e4d3-c63c-44b5-bea8-c06849071740, Nodes: f9652e80-d58c-49ab-ab0e-27e6fff13d69(fv-az83-343.uavyq1izdhte5b0ne1us2eqzhb.jx.internal.cloudapp.net/10.1.0.30), ReplicationConfig: RATIS/ONE, State:ALLOCATED, leaderId:, CreationTimestamp2023-09-29T09:12:59.444Z[Etc/UTC]]
2023-09-29 09:12:59,688 [main] INFO  ozone.MiniOzoneClusterImpl (MiniOzoneClusterImpl.java:lambda$waitForClusterToBeReady$0(229)) - Waiting for nodes to be ready. Got 2 of 5 DN Heartbeats.
2023-09-29 09:12:59,688 [main] INFO  ozone.MiniOzoneClusterImpl (MiniOzoneClusterImpl.java:lambda$waitForClusterToBeReady$0(232)) - Waiting for cluster to exit safe mode
2023-09-29 09:12:59,688 [main] INFO  ozone.MiniOzoneClusterImpl (MiniOzoneClusterImpl.java:lambda$waitForClusterToBeReady$0(234)) - SCM became leader
2023-09-29 09:12:59,906 [IPC Server handler 15 on default port 15002] INFO  net.NetworkTopologyImpl (NetworkTopologyImpl.java:add(112)) - Added a new node: /default-rack/2a19af63-c44c-4b61-8149-4383770f1009
2023-09-29 09:12:59,907 [IPC Server handler 15 on default port 15002] INFO  node.SCMNodeManager (SCMNodeManager.java:register(405)) - Registered Data node : 2a19af63-c44c-4b61-8149-4383770f1009{ip: 10.1.0.30, host: fv-az83-343.uavyq1izdhte5b0ne1us2eqzhb.jx.internal.cloudapp.net, ports: [HTTP=15027, CLIENT_RPC=15028, REPLICATION=15034, RATIS=15030, RATIS_ADMIN=15031, RATIS_SERVER=15032, RATIS_DATASTREAM=15033, STANDALONE=15029], networkLocation: /default-rack, certSerialId: null, persistedOpState: null, persistedOpStateExpiryEpochSec: 0}
2023-09-29 09:12:59,907 [EventQueue-NewNodeForNewNodeHandler] INFO  pipeline.BackgroundPipelineCreator (BackgroundPipelineCreator.java:notifyEventTriggered(277)) - trigger a one-shot run on RatisPipelineUtilsThread.
2023-09-29 09:12:59,909 [RatisPipelineUtilsThread - 0] INFO  pipeline.RatisPipelineProvider (RatisPipelineProvider.java:lambda$create$0(206)) - Sending CreatePipelineCommand for pipeline:PipelineID=f374d761-443b-41ca-b47b-8c93d2fe0cf0 to datanode:2a19af63-c44c-4b61-8149-4383770f1009
2023-09-29 09:12:59,909 [EventQueue-NodeRegistrationContainerReportForDataNodeSafeModeRule] INFO  safemode.SCMSafeModeManager (DataNodeSafeModeRule.java:process(71)) - SCM in safe mode. 3 DataNodes registered, 3 required.
2023-09-29 09:12:59,910 [EventQueue-NodeRegistrationContainerReportForDataNodeSafeModeRule] INFO  safemode.SCMSafeModeManager (SCMSafeModeManager.java:validateSafeModeExitRules(200)) - DataNodeSafeModeRule rule is successfully validated
2023-09-29 09:12:59,910 [EventQueue-NodeRegistrationContainerReportForDataNodeSafeModeRule] INFO  safemode.SCMSafeModeManager (SCMSafeModeManager.java:completePreCheck(229)) - All SCM safe mode pre check rules have passed
2023-09-29 09:12:59,910 [EventQueue-NodeRegistrationContainerReportForDataNodeSafeModeRule] INFO  ha.SCMContext (SCMContext.java:updateSafeModeStatus(228)) - Update SafeModeStatus from SafeModeStatus{safeModeStatus=true, preCheckPassed=false} to SafeModeStatus{safeModeStatus=true, preCheckPassed=true}.
2023-09-29 09:12:59,910 [EventQueue-NodeRegistrationContainerReportForDataNodeSafeModeRule] INFO  pipeline.BackgroundPipelineCreator (BackgroundPipelineCreator.java:notifyEventTriggered(277)) - trigger a one-shot run on RatisPipelineUtilsThread.
2023-09-29 09:12:59,911 [RatisPipelineUtilsThread - 0] INFO  pipeline.BackgroundPipelineCreator (BackgroundPipelineCreator.java:createPipelines(233)) - Created new pipeline Pipeline[ Id: f374d761-443b-41ca-b47b-8c93d2fe0cf0, Nodes: 2a19af63-c44c-4b61-8149-4383770f1009(fv-az83-343.uavyq1izdhte5b0ne1us2eqzhb.jx.internal.cloudapp.net/10.1.0.30), ReplicationConfig: RATIS/ONE, State:ALLOCATED, leaderId:, CreationTimestamp2023-09-29T09:12:59.909Z[Etc/UTC]]
2023-09-29 09:12:59,916 [RatisPipelineUtilsThread - 0] INFO  pipeline.RatisPipelineProvider (RatisPipelineProvider.java:lambda$create$0(206)) - Sending CreatePipelineCommand for pipeline:PipelineID=8c5c8929-5404-440d-9621-21480694bb4b to datanode:2a19af63-c44c-4b61-8149-4383770f1009
2023-09-29 09:12:59,916 [RatisPipelineUtilsThread - 0] INFO  pipeline.RatisPipelineProvider (RatisPipelineProvider.java:lambda$create$0(206)) - Sending CreatePipelineCommand for pipeline:PipelineID=8c5c8929-5404-440d-9621-21480694bb4b to datanode:f9652e80-d58c-49ab-ab0e-27e6fff13d69
2023-09-29 09:12:59,916 [RatisPipelineUtilsThread - 0] INFO  pipeline.RatisPipelineProvider (RatisPipelineProvider.java:lambda$create$0(206)) - Sending CreatePipelineCommand for pipeline:PipelineID=8c5c8929-5404-440d-9621-21480694bb4b to datanode:808e3967-7510-49b7-87ea-3b9eb7a0b48e
2023-09-29 09:12:59,918 [RatisPipelineUtilsThread - 0] INFO  pipeline.BackgroundPipelineCreator (BackgroundPipelineCreator.java:createPipelines(233)) - Created new pipeline Pipeline[ Id: 8c5c8929-5404-440d-9621-21480694bb4b, Nodes: 2a19af63-c44c-4b61-8149-4383770f1009(fv-az83-343.uavyq1izdhte5b0ne1us2eqzhb.jx.internal.cloudapp.net/10.1.0.30)f9652e80-d58c-49ab-ab0e-27e6fff13d69(fv-az83-343.uavyq1izdhte5b0ne1us2eqzhb.jx.internal.cloudapp.net/10.1.0.30)808e3967-7510-49b7-87ea-3b9eb7a0b48e(fv-az83-343.uavyq1izdhte5b0ne1us2eqzhb.jx.internal.cloudapp.net/10.1.0.30), ReplicationConfig: RATIS/THREE, State:ALLOCATED, leaderId:, CreationTimestamp2023-09-29T09:12:59.916Z[Etc/UTC]]
2023-09-29 09:12:59,919 [RatisPipelineUtilsThread - 0] INFO  pipeline.RatisPipelineProvider (RatisPipelineProvider.java:lambda$create$0(206)) - Sending CreatePipelineCommand for pipeline:PipelineID=2272ba57-cbf2-4b0e-b784-79d0840543ae to datanode:808e3967-7510-49b7-87ea-3b9eb7a0b48e
2023-09-29 09:12:59,919 [RatisPipelineUtilsThread - 0] INFO  pipeline.RatisPipelineProvider (RatisPipelineProvider.java:lambda$create$0(206)) - Sending CreatePipelineCommand for pipeline:PipelineID=2272ba57-cbf2-4b0e-b784-79d0840543ae to datanode:f9652e80-d58c-49ab-ab0e-27e6fff13d69
2023-09-29 09:12:59,919 [RatisPipelineUtilsThread - 0] INFO  pipeline.RatisPipelineProvider (RatisPipelineProvider.java:lambda$create$0(206)) - Sending CreatePipelineCommand for pipeline:PipelineID=2272ba57-cbf2-4b0e-b784-79d0840543ae to datanode:2a19af63-c44c-4b61-8149-4383770f1009
2023-09-29 09:12:59,921 [RatisPipelineUtilsThread - 0] INFO  pipeline.PipelineManagerImpl (PipelineManagerImpl.java:recordMetricsForPipeline(895)) - Pipeline: PipelineID=2272ba57-cbf2-4b0e-b784-79d0840543ae contains same datanodes as previous pipelines: PipelineID=8c5c8929-5404-440d-9621-21480694bb4b nodeIds: 808e3967-7510-49b7-87ea-3b9eb7a0b48e, f9652e80-d58c-49ab-ab0e-27e6fff13d69, 2a19af63-c44c-4b61-8149-4383770f1009
2023-09-29 09:12:59,921 [RatisPipelineUtilsThread - 0] INFO  pipeline.BackgroundPipelineCreator (BackgroundPipelineCreator.java:createPipelines(233)) - Created new pipeline Pipeline[ Id: 2272ba57-cbf2-4b0e-b784-79d0840543ae, Nodes: 808e3967-7510-49b7-87ea-3b9eb7a0b48e(fv-az83-343.uavyq1izdhte5b0ne1us2eqzhb.jx.internal.cloudapp.net/10.1.0.30)f9652e80-d58c-49ab-ab0e-27e6fff13d69(fv-az83-343.uavyq1izdhte5b0ne1us2eqzhb.jx.internal.cloudapp.net/10.1.0.30)2a19af63-c44c-4b61-8149-4383770f1009(fv-az83-343.uavyq1izdhte5b0ne1us2eqzhb.jx.internal.cloudapp.net/10.1.0.30), ReplicationConfig: RATIS/THREE, State:ALLOCATED, leaderId:, CreationTimestamp2023-09-29T09:12:59.919Z[Etc/UTC]]
2023-09-29 09:13:00,286 [IPC Server handler 11 on default port 15002] INFO  net.NetworkTopologyImpl (NetworkTopologyImpl.java:add(112)) - Added a new node: /default-rack/a6468106-3f01-4ed8-9704-c326dd06b734
2023-09-29 09:13:00,287 [IPC Server handler 11 on default port 15002] INFO  node.SCMNodeManager (SCMNodeManager.java:register(405)) - Registered Data node : a6468106-3f01-4ed8-9704-c326dd06b734{ip: 10.1.0.30, host: fv-az83-343.uavyq1izdhte5b0ne1us2eqzhb.jx.internal.cloudapp.net, ports: [HTTP=15036, CLIENT_RPC=15037, REPLICATION=15043, RATIS=15039, RATIS_ADMIN=15040, RATIS_SERVER=15041, RATIS_DATASTREAM=15042, STANDALONE=15038], networkLocation: /default-rack, certSerialId: null, persistedOpState: null, persistedOpStateExpiryEpochSec: 0}
2023-09-29 09:13:00,287 [EventQueue-NewNodeForNewNodeHandler] INFO  pipeline.BackgroundPipelineCreator (BackgroundPipelineCreator.java:notifyEventTriggered(277)) - trigger a one-shot run on RatisPipelineUtilsThread.
2023-09-29 09:13:00,289 [RatisPipelineUtilsThread - 0] INFO  pipeline.RatisPipelineProvider (RatisPipelineProvider.java:lambda$create$0(206)) - Sending CreatePipelineCommand for pipeline:PipelineID=4e691c9a-a91a-4503-8247-b15112c7ae0f to datanode:a6468106-3f01-4ed8-9704-c326dd06b734
2023-09-29 09:13:00,291 [RatisPipelineUtilsThread - 0] INFO  pipeline.BackgroundPipelineCreator (BackgroundPipelineCreator.java:createPipelines(233)) - Created new pipeline Pipeline[ Id: 4e691c9a-a91a-4503-8247-b15112c7ae0f, Nodes: a6468106-3f01-4ed8-9704-c326dd06b734(fv-az83-343.uavyq1izdhte5b0ne1us2eqzhb.jx.internal.cloudapp.net/10.1.0.30), ReplicationConfig: RATIS/ONE, State:ALLOCATED, leaderId:, CreationTimestamp2023-09-29T09:13:00.289Z[Etc/UTC]]
2023-09-29 09:13:00,688 [main] INFO  ozone.MiniOzoneClusterImpl (MiniOzoneClusterImpl.java:lambda$waitForClusterToBeReady$0(229)) - Waiting for nodes to be ready. Got 4 of 5 DN Heartbeats.
2023-09-29 09:13:00,689 [main] INFO  ozone.MiniOzoneClusterImpl (MiniOzoneClusterImpl.java:lambda$waitForClusterToBeReady$0(232)) - Waiting for cluster to exit safe mode
2023-09-29 09:13:00,689 [main] INFO  ozone.MiniOzoneClusterImpl (MiniOzoneClusterImpl.java:lambda$waitForClusterToBeReady$0(234)) - SCM became leader
2023-09-29 09:13:00,698 [IPC Server handler 15 on default port 15002] INFO  net.NetworkTopologyImpl (NetworkTopologyImpl.java:add(112)) - Added a new node: /default-rack/dd913d19-83ff-47ba-9363-dfe8430831a0
2023-09-29 09:13:00,698 [IPC Server handler 15 on default port 15002] INFO  node.SCMNodeManager (SCMNodeManager.java:register(405)) - Registered Data node : dd913d19-83ff-47ba-9363-dfe8430831a0{ip: 10.1.0.30, host: fv-az83-343.uavyq1izdhte5b0ne1us2eqzhb.jx.internal.cloudapp.net, ports: [HTTP=15045, CLIENT_RPC=15046, REPLICATION=15052, RATIS=15048, RATIS_ADMIN=15049, RATIS_SERVER=15050, RATIS_DATASTREAM=15051, STANDALONE=15047], networkLocation: /default-rack, certSerialId: null, persistedOpState: null, persistedOpStateExpiryEpochSec: 0}
2023-09-29 09:13:00,698 [EventQueue-NewNodeForNewNodeHandler] INFO  pipeline.BackgroundPipelineCreator (BackgroundPipelineCreator.java:notifyEventTriggered(277)) - trigger a one-shot run on RatisPipelineUtilsThread.
2023-09-29 09:13:00,699 [RatisPipelineUtilsThread - 0] INFO  pipeline.RatisPipelineProvider (RatisPipelineProvider.java:lambda$create$0(206)) - Sending CreatePipelineCommand for pipeline:PipelineID=e00295f4-d4b0-449b-a1eb-de1d064b2062 to datanode:dd913d19-83ff-47ba-9363-dfe8430831a0
2023-09-29 09:13:00,701 [RatisPipelineUtilsThread - 0] INFO  pipeline.BackgroundPipelineCreator (BackgroundPipelineCreator.java:createPipelines(233)) - Created new pipeline Pipeline[ Id: e00295f4-d4b0-449b-a1eb-de1d064b2062, Nodes: dd913d19-83ff-47ba-9363-dfe8430831a0(fv-az83-343.uavyq1izdhte5b0ne1us2eqzhb.jx.internal.cloudapp.net/10.1.0.30), ReplicationConfig: RATIS/ONE, State:ALLOCATED, leaderId:, CreationTimestamp2023-09-29T09:13:00.699Z[Etc/UTC]]
2023-09-29 09:13:01,689 [main] INFO  ozone.MiniOzoneClusterImpl (MiniOzoneClusterImpl.java:lambda$waitForClusterToBeReady$0(229)) - Nodes are ready. Got 5 of 5 DN Heartbeats.
2023-09-29 09:13:01,689 [main] INFO  ozone.MiniOzoneClusterImpl (MiniOzoneClusterImpl.java:lambda$waitForClusterToBeReady$0(232)) - Waiting for cluster to exit safe mode
2023-09-29 09:13:01,689 [main] INFO  ozone.MiniOzoneClusterImpl (MiniOzoneClusterImpl.java:lambda$waitForClusterToBeReady$0(234)) - SCM became leader
2023-09-29 09:13:01,905 [PipelineCommandHandlerThread-0] INFO  server.RaftServer (RaftServerProxy.java:addNew(98)) - 808e3967-7510-49b7-87ea-3b9eb7a0b48e: addNew group-65EBCE1C6144:[808e3967-7510-49b7-87ea-3b9eb7a0b48e|rpc:10.1.0.30:15014|admin:10.1.0.30:15013|client:10.1.0.30:15012|dataStream:10.1.0.30:15015|priority:1|startupRole:FOLLOWER] returns group-65EBCE1C6144:java.util.concurrent.CompletableFuture@3f71bfdb[Not completed]
2023-09-29 09:13:01,938 [808e3967-7510-49b7-87ea-3b9eb7a0b48e-groupManagement] INFO  server.RaftServer$Division (RaftServerImpl.java:<init>(198)) - 808e3967-7510-49b7-87ea-3b9eb7a0b48e: new RaftServerImpl for group-65EBCE1C6144:[808e3967-7510-49b7-87ea-3b9eb7a0b48e|rpc:10.1.0.30:15014|admin:10.1.0.30:15013|client:10.1.0.30:15012|dataStream:10.1.0.30:15015|priority:1|startupRole:FOLLOWER] with ContainerStateMachine:uninitialized
2023-09-29 09:13:01,938 [808e3967-7510-49b7-87ea-3b9eb7a0b48e-groupManagement] INFO  server.RaftServerConfigKeys (ConfUtils.java:logGet(46)) - raft.server.rpc.timeout.min = 5s (custom)
2023-09-29 09:13:01,938 [808e3967-7510-49b7-87ea-3b9eb7a0b48e-groupManagement] INFO  server.RaftServerConfigKeys (ConfUtils.java:logGet(46)) - raft.server.rpc.timeout.max = 5200ms (custom)
2023-09-29 09:13:01,939 [808e3967-7510-49b7-87ea-3b9eb7a0b48e-groupManagement] INFO  server.RaftServerConfigKeys (ConfUtils.java:logGet(46)) - raft.server.rpc.sleep.time = 25ms (default)
2023-09-29 09:13:01,939 [808e3967-7510-49b7-87ea-3b9eb7a0b48e-groupManagement] INFO  server.RaftServerConfigKeys (ConfUtils.java:logGet(46)) - raft.server.rpc.slowness.timeout = 300s (custom)
2023-09-29 09:13:01,939 [808e3967-7510-49b7-87ea-3b9eb7a0b48e-groupManagement] INFO  server.RaftServerConfigKeys (ConfUtils.java:logGet(46)) - raft.server.leaderelection.leader.step-down.wait-time = 10s (default)
2023-09-29 09:13:01,939 [808e3967-7510-49b7-87ea-3b9eb7a0b48e-groupManagement] INFO  server.RaftServerConfigKeys (ConfUtils.java:logGet(46)) - raft.server.sleep.deviation.threshold = 300ms (default)
2023-09-29 09:13:01,939 [808e3967-7510-49b7-87ea-3b9eb7a0b48e-groupManagement] INFO  server.RaftServer$Division (ServerState.java:<init>(120)) - 808e3967-7510-49b7-87ea-3b9eb7a0b48e@group-65EBCE1C6144: ConfigurationManager, init=-1: peers:[808e3967-7510-49b7-87ea-3b9eb7a0b48e|rpc:10.1.0.30:15014|admin:10.1.0.30:15013|client:10.1.0.30:15012|dataStream:10.1.0.30:15015|priority:1|startupRole:FOLLOWER]|listeners:[], old=null, confs=<EMPTY_MAP>
2023-09-29 09:13:01,939 [808e3967-7510-49b7-87ea-3b9eb7a0b48e-groupManagement] INFO  server.RaftServerConfigKeys (ConfUtils.java:logGet(46)) - raft.server.storage.dir = [/home/runner/work/ozone/ozone/hadoop-ozone/integration-test/target/test-dir/MiniOzoneClusterImpl-2a0ec25a-3990-4628-8b93-857bbff79694/datanode-0/data/ratis] (custom)
2023-09-29 09:13:01,939 [808e3967-7510-49b7-87ea-3b9eb7a0b48e-groupManagement] INFO  server.RaftServerConfigKeys (ConfUtils.java:logGet(46)) - raft.server.log.corruption.policy = EXCEPTION (default)
2023-09-29 09:13:01,940 [808e3967-7510-49b7-87ea-3b9eb7a0b48e-groupManagement] INFO  server.RaftServerConfigKeys (ConfUtils.java:logGet(46)) - raft.server.storage.free-space.min = 0MB (=0) (default)
2023-09-29 09:13:01,940 [808e3967-7510-49b7-87ea-3b9eb7a0b48e-groupManagement] INFO  server.RaftServerConfigKeys (ConfUtils.java:logGet(46)) - raft.server.notification.no-leader.timeout = 300s (custom)
2023-09-29 09:13:01,940 [808e3967-7510-49b7-87ea-3b9eb7a0b48e-groupManagement] INFO  server.RaftServerConfigKeys (ConfUtils.java:logGet(46)) - raft.server.read.timeout = 10s (default)
2023-09-29 09:13:01,940 [808e3967-7510-49b7-87ea-3b9eb7a0b48e-groupManagement] INFO  server.RaftServerConfigKeys (ConfUtils.java:logGet(46)) - raft.server.retrycache.expirytime = 600000ms (custom)
2023-09-29 09:13:01,940 [808e3967-7510-49b7-87ea-3b9eb7a0b48e-groupManagement] INFO  server.RaftServerConfigKeys (ConfUtils.java:logGet(46)) - raft.server.retrycache.statistics.expirytime = 100μs (default)
2023-09-29 09:13:01,940 [808e3967-7510-49b7-87ea-3b9eb7a0b48e-groupManagement] INFO  server.RaftServerConfigKeys (ConfUtils.java:logGet(46)) - raft.server.read.option = DEFAULT (default)
2023-09-29 09:13:01,944 [808e3967-7510-49b7-87ea-3b9eb7a0b48e-groupManagement] INFO  server.RaftServerConfigKeys (ConfUtils.java:logGet(46)) - raft.server.rpc.request.timeout = 60s (custom)
2023-09-29 09:13:01,944 [808e3967-7510-49b7-87ea-3b9eb7a0b48e-groupManagement] INFO  server.RaftServerConfigKeys (ConfUtils.java:logGet(46)) - raft.server.log.appender.install.snapshot.enabled = false (custom)
2023-09-29 09:13:01,945 [808e3967-7510-49b7-87ea-3b9eb7a0b48e-groupManagement] INFO  server.RaftServerConfigKeys (ConfUtils.java:logGet(46)) - raft.server.threadpool.server.cached = true (default)
2023-09-29 09:13:01,945 [808e3967-7510-49b7-87ea-3b9eb7a0b48e-groupManagement] INFO  server.RaftServerConfigKeys (ConfUtils.java:logGet(46)) - raft.server.threadpool.server.size = 0 (default)
2023-09-29 09:13:01,945 [808e3967-7510-49b7-87ea-3b9eb7a0b48e-groupManagement] INFO  server.RaftServerConfigKeys (ConfUtils.java:logGet(46)) - raft.server.threadpool.client.cached = true (default)
2023-09-29 09:13:01,945 [808e3967-7510-49b7-87ea-3b9eb7a0b48e-groupManagement] INFO  server.RaftServerConfigKeys (ConfUtils.java:logGet(46)) - raft.server.threadpool.client.size = 0 (default)
2023-09-29 09:13:01,945 [808e3967-7510-49b7-87ea-3b9eb7a0b48e-groupManagement] INFO  storage.RaftStorageDirectory (RaftStorageDirectoryImpl.java:analyzeStorage(137)) - The storage directory /home/runner/work/ozone/ozone/hadoop-ozone/integration-test/target/test-dir/MiniOzoneClusterImpl-2a0ec25a-3990-4628-8b93-857bbff79694/datanode-0/data/ratis/8629ba0f-fd46-46aa-a1e4-65ebce1c6144 does not exist. Creating ...
2023-09-29 09:13:01,947 [808e3967-7510-49b7-87ea-3b9eb7a0b48e-groupManagement] INFO  storage.RaftStorageDirectory (RaftStorageDirectoryImpl.java:tryLock(231)) - Lock on /home/runner/work/ozone/ozone/hadoop-ozone/integration-test/target/test-dir/MiniOzoneClusterImpl-2a0ec25a-3990-4628-8b93-857bbff79694/datanode-0/data/ratis/8629ba0f-fd46-46aa-a1e4-65ebce1c6144/in_use.lock acquired by nodename 20785@fv-az83-343
2023-09-29 09:13:01,953 [808e3967-7510-49b7-87ea-3b9eb7a0b48e-groupManagement] INFO  storage.RaftStorage (RaftStorageImpl.java:format(96)) - Storage directory /home/runner/work/ozone/ozone/hadoop-ozone/integration-test/target/test-dir/MiniOzoneClusterImpl-2a0ec25a-3990-4628-8b93-857bbff79694/datanode-0/data/ratis/8629ba0f-fd46-46aa-a1e4-65ebce1c6144 has been successfully formatted.
2023-09-29 09:13:01,972 [808e3967-7510-49b7-87ea-3b9eb7a0b48e-groupManagement] INFO  ratis.ContainerStateMachine (ContainerStateMachine.java:loadSnapshot(262)) - group-65EBCE1C6144: The snapshot info is null. Setting the last applied indexto:(t:0, i:~)
2023-09-29 09:13:01,972 [808e3967-7510-49b7-87ea-3b9eb7a0b48e-groupManagement] INFO  server.RaftServerConfigKeys (ConfUtils.java:logGet(46)) - raft.server.log.use.memory = false (default)
2023-09-29 09:13:01,973 [808e3967-7510-49b7-87ea-3b9eb7a0b48e-groupManagement] INFO  server.RaftServerConfigKeys (ConfUtils.java:logGet(46)) - raft.server.log.purge.gap = 1000000 (custom)
2023-09-29 09:13:01,973 [808e3967-7510-49b7-87ea-3b9eb7a0b48e-groupManagement] INFO  server.RaftServerConfigKeys (ConfUtils.java:logGet(46)) - raft.server.log.appender.buffer.byte-limit = 33554432 (custom)
2023-09-29 09:13:01,973 [808e3967-7510-49b7-87ea-3b9eb7a0b48e-groupManagement] INFO  server.RaftServerConfigKeys (ConfUtils.java:logGet(46)) - raft.server.log.statemachine.data.read.timeout = 1000ms (default)
2023-09-29 09:13:01,973 [808e3967-7510-49b7-87ea-3b9eb7a0b48e-groupManagement] INFO  server.RaftServerConfigKeys (ConfUtils.java:logGet(46)) - raft.server.log.purge.preservation.log.num = 0 (default)
2023-09-29 09:13:01,981 [808e3967-7510-49b7-87ea-3b9eb7a0b48e-groupManagement] INFO  server.RaftServerConfigKeys (ConfUtils.java:logGet(46)) - raft.server.log.segment.size.max = 1048576 (custom)
2023-09-29 09:13:01,989 [808e3967-7510-49b7-87ea-3b9eb7a0b48e-groupManagement] INFO  server.RaftServerConfigKeys (ConfUtils.java:logGet(46)) - raft.server.log.segment.cache.num.max = 2 (custom)
2023-09-29 09:13:01,989 [808e3967-7510-49b7-87ea-3b9eb7a0b48e-groupManagement] INFO  server.RaftServerConfigKeys (ConfUtils.java:logGet(46)) - raft.server.log.segment.cache.size.max = 200MB (=209715200) (default)
2023-09-29 09:13:01,989 [808e3967-7510-49b7-87ea-3b9eb7a0b48e-groupManagement] INFO  server.RaftServerConfigKeys (ConfUtils.java:logGet(46)) - raft.server.log.appender.buffer.byte-limit = 33554432 (custom)
2023-09-29 09:13:01,989 [808e3967-7510-49b7-87ea-3b9eb7a0b48e-groupManagement] INFO  segmented.SegmentedRaftLogWorker (SegmentedRaftLogWorker.java:<init>(188)) - new 808e3967-7510-49b7-87ea-3b9eb7a0b48e@group-65EBCE1C6144-SegmentedRaftLogWorker for RaftStorageImpl:Storage Directory /home/runner/work/ozone/ozone/hadoop-ozone/integration-test/target/test-dir/MiniOzoneClusterImpl-2a0ec25a-3990-4628-8b93-857bbff79694/datanode-0/data/ratis/8629ba0f-fd46-46aa-a1e4-65ebce1c6144
2023-09-29 09:13:01,989 [808e3967-7510-49b7-87ea-3b9eb7a0b48e-groupManagement] INFO  server.RaftServerConfigKeys (ConfUtils.java:logGet(46)) - raft.server.log.queue.byte-limit = 4294967296 (custom)
2023-09-29 09:13:01,989 [808e3967-7510-49b7-87ea-3b9eb7a0b48e-groupManagement] INFO  server.RaftServerConfigKeys (ConfUtils.java:logGet(46)) - raft.server.log.queue.element-limit = 1024 (custom)
2023-09-29 09:13:01,991 [808e3967-7510-49b7-87ea-3b9eb7a0b48e-groupManagement] INFO  server.RaftServerConfigKeys (ConfUtils.java:logGet(46)) - raft.server.log.segment.size.max = 1048576 (custom)
2023-09-29 09:13:01,991 [808e3967-7510-49b7-87ea-3b9eb7a0b48e-groupManagement] INFO  server.RaftServerConfigKeys (ConfUtils.java:logGet(46)) - raft.server.log.preallocated.size = 16384 (custom)
2023-09-29 09:13:01,991 [808e3967-7510-49b7-87ea-3b9eb7a0b48e-groupManagement] INFO  server.RaftServerConfigKeys (ConfUtils.java:logGet(46)) - raft.server.log.force.sync.num = 128 (default)
2023-09-29 09:13:01,991 [808e3967-7510-49b7-87ea-3b9eb7a0b48e-groupManagement] INFO  server.RaftServerConfigKeys (ConfUtils.java:logGet(46)) - raft.server.log.statemachine.data.sync = true (default)
2023-09-29 09:13:01,991 [808e3967-7510-49b7-87ea-3b9eb7a0b48e-groupManagement] INFO  server.RaftServerConfigKeys (ConfUtils.java:logGet(46)) - raft.server.log.statemachine.data.sync.timeout = 10s (default)
2023-09-29 09:13:01,991 [808e3967-7510-49b7-87ea-3b9eb7a0b48e-groupManagement] INFO  server.RaftServerConfigKeys (ConfUtils.java:logGet(46)) - raft.server.log.statemachine.data.sync.timeout.retry = -1 (default)
2023-09-29 09:13:02,000 [808e3967-7510-49b7-87ea-3b9eb7a0b48e-groupManagement] INFO  server.RaftServerConfigKeys (ConfUtils.java:logGet(46)) - raft.server.log.write.buffer.size = 1048576 (custom)
2023-09-29 09:13:02,000 [808e3967-7510-49b7-87ea-3b9eb7a0b48e-groupManagement] INFO  server.RaftServerConfigKeys (ConfUtils.java:logGet(46)) - raft.server.log.appender.buffer.byte-limit = 33554432 (custom)
2023-09-29 09:13:02,009 [808e3967-7510-49b7-87ea-3b9eb7a0b48e-groupManagement] INFO  server.RaftServerConfigKeys (ConfUtils.java:logGet(46)) - raft.server.log.unsafe-flush.enabled = false (default)
2023-09-29 09:13:02,010 [808e3967-7510-49b7-87ea-3b9eb7a0b48e-groupManagement] INFO  server.RaftServerConfigKeys (ConfUtils.java:logGet(46)) - raft.server.log.async-flush.enabled = false (default)
2023-09-29 09:13:02,010 [808e3967-7510-49b7-87ea-3b9eb7a0b48e-groupManagement] INFO  server.RaftServerConfigKeys (ConfUtils.java:logGet(46)) - raft.server.log.statemachine.data.caching.enabled = true (custom)
2023-09-29 09:13:02,010 [808e3967-7510-49b7-87ea-3b9eb7a0b48e-groupManagement] INFO  segmented.SegmentedRaftLogWorker (SegmentedRaftLogWorker.java:lambda$new$0(135)) - 808e3967-7510-49b7-87ea-3b9eb7a0b48e@group-65EBCE1C6144-SegmentedRaftLogWorker: flushIndex: setUnconditionally 0 -> -1
2023-09-29 09:13:02,010 [808e3967-7510-49b7-87ea-3b9eb7a0b48e-groupManagement] INFO  segmented.SegmentedRaftLogWorker (SegmentedRaftLogWorker.java:lambda$new$0(135)) - 808e3967-7510-49b7-87ea-3b9eb7a0b48e@group-65EBCE1C6144-SegmentedRaftLogWorker: safeCacheEvictIndex: setUnconditionally 0 -> -1
2023-09-29 09:13:02,011 [808e3967-7510-49b7-87ea-3b9eb7a0b48e-groupManagement] INFO  server.RaftServer$Division (RaftServerImpl.java:start(342)) - 808e3967-7510-49b7-87ea-3b9eb7a0b48e@group-65EBCE1C6144: start as a follower, conf=-1: peers:[808e3967-7510-49b7-87ea-3b9eb7a0b48e|rpc:10.1.0.30:15014|admin:10.1.0.30:15013|client:10.1.0.30:15012|dataStream:10.1.0.30:15015|priority:1|startupRole:FOLLOWER]|listeners:[], old=null
2023-09-29 09:13:02,011 [808e3967-7510-49b7-87ea-3b9eb7a0b48e-groupManagement] INFO  server.RaftServer$Division (RaftServerImpl.java:setRole(329)) - 808e3967-7510-49b7-87ea-3b9eb7a0b48e@group-65EBCE1C6144: changes role from      null to FOLLOWER at term 0 for startAsFollower
2023-09-29 09:13:02,011 [808e3967-7510-49b7-87ea-3b9eb7a0b48e-groupManagement] INFO  impl.RoleInfo (RoleInfo.java:updateAndGet(139)) - 808e3967-7510-49b7-87ea-3b9eb7a0b48e: start 808e3967-7510-49b7-87ea-3b9eb7a0b48e@group-65EBCE1C6144-FollowerState
2023-09-29 09:13:02,011 [808e3967-7510-49b7-87ea-3b9eb7a0b48e-groupManagement] INFO  util.JmxRegister (JmxRegister.java:tryRegister(44)) - Successfully registered JMX Bean with object name Ratis:service=RaftServer,group=group-65EBCE1C6144,id=808e3967-7510-49b7-87ea-3b9eb7a0b48e
2023-09-29 09:13:02,011 [808e3967-7510-49b7-87ea-3b9eb7a0b48e-groupManagement] INFO  server.RaftServerConfigKeys (ConfUtils.java:logGet(46)) - raft.server.snapshot.auto.trigger.enabled = true (custom)
2023-09-29 09:13:02,012 [808e3967-7510-49b7-87ea-3b9eb7a0b48e-groupManagement] INFO  server.RaftServerConfigKeys (ConfUtils.java:logGet(46)) - raft.server.snapshot.auto.trigger.threshold = 10000 (custom)
2023-09-29 09:13:02,012 [808e3967-7510-49b7-87ea-3b9eb7a0b48e-groupManagement] INFO  server.RaftServerConfigKeys (ConfUtils.java:logGet(46)) - raft.server.snapshot.retention.file.num = 5 (custom)
2023-09-29 09:13:02,012 [808e3967-7510-49b7-87ea-3b9eb7a0b48e-groupManagement] INFO  server.RaftServerConfigKeys (ConfUtils.java:logGet(46)) - raft.server.log.purge.upto.snapshot.index = false (default)
2023-09-29 09:13:02,013 [808e3967-7510-49b7-87ea-3b9eb7a0b48e@group-65EBCE1C6144-FollowerState] INFO  server.RaftServerConfigKeys (ConfUtils.java:logFallback(53)) - raft.server.rpc.first-election.timeout.min = 5s (fallback to raft.server.rpc.timeout.min)
2023-09-29 09:13:02,013 [808e3967-7510-49b7-87ea-3b9eb7a0b48e@group-65EBCE1C6144-FollowerState] INFO  server.RaftServerConfigKeys (ConfUtils.java:logFallback(53)) - raft.server.rpc.first-election.timeout.max = 5200ms (fallback to raft.server.rpc.timeout.max)
2023-09-29 09:13:02,032 [PipelineCommandHandlerThread-0] INFO  ratis.XceiverServerRatis (XceiverServerRatis.java:addGroup(804)) - Created group PipelineID=8629ba0f-fd46-46aa-a1e4-65ebce1c6144
2023-09-29 09:13:02,033 [PipelineCommandHandlerThread-0] INFO  commandhandler.CreatePipelineCommandHandler (CreatePipelineCommandHandler.java:lambda$handle$2(124)) - Created Pipeline RATIS ONE PipelineID=8629ba0f-fd46-46aa-a1e4-65ebce1c6144.
2023-09-29 09:13:02,033 [PipelineCommandHandlerThread-0] INFO  server.RaftServer (RaftServerProxy.java:addNew(98)) - 808e3967-7510-49b7-87ea-3b9eb7a0b48e: addNew group-21480694BB4B:[2a19af63-c44c-4b61-8149-4383770f1009|rpc:10.1.0.30:15032|admin:10.1.0.30:15031|client:10.1.0.30:15030|dataStream:10.1.0.30:15033|priority:0|startupRole:FOLLOWER, f9652e80-d58c-49ab-ab0e-27e6fff13d69|rpc:10.1.0.30:15023|admin:10.1.0.30:15022|client:10.1.0.30:15021|dataStream:10.1.0.30:15024|priority:1|startupRole:FOLLOWER, 808e3967-7510-49b7-87ea-3b9eb7a0b48e|rpc:10.1.0.30:15014|admin:10.1.0.30:15013|client:10.1.0.30:15012|dataStream:10.1.0.30:15015|priority:0|startupRole:FOLLOWER] returns group-21480694BB4B:java.util.concurrent.CompletableFuture@683d33a3[Not completed]
2023-09-29 09:13:02,035 [808e3967-7510-49b7-87ea-3b9eb7a0b48e-groupManagement] INFO  server.RaftServer$Division (RaftServerImpl.java:<init>(198)) - 808e3967-7510-49b7-87ea-3b9eb7a0b48e: new RaftServerImpl for group-21480694BB4B:[2a19af63-c44c-4b61-8149-4383770f1009|rpc:10.1.0.30:15032|admin:10.1.0.30:15031|client:10.1.0.30:15030|dataStream:10.1.0.30:15033|priority:0|startupRole:FOLLOWER, f9652e80-d58c-49ab-ab0e-27e6fff13d69|rpc:10.1.0.30:15023|admin:10.1.0.30:15022|client:10.1.0.30:15021|dataStream:10.1.0.30:15024|priority:1|startupRole:FOLLOWER, 808e3967-7510-49b7-87ea-3b9eb7a0b48e|rpc:10.1.0.30:15014|admin:10.1.0.30:15013|client:10.1.0.30:15012|dataStream:10.1.0.30:15015|priority:0|startupRole:FOLLOWER] with ContainerStateMachine:uninitialized
2023-09-29 09:13:02,035 [808e3967-7510-49b7-87ea-3b9eb7a0b48e-groupManagement] INFO  server.RaftServerConfigKeys (ConfUtils.java:logGet(46)) - raft.server.rpc.timeout.min = 5s (custom)
2023-09-29 09:13:02,035 [808e3967-7510-49b7-87ea-3b9eb7a0b48e-groupManagement] INFO  server.RaftServerConfigKeys (ConfUtils.java:logGet(46)) - raft.server.rpc.timeout.max = 5200ms (custom)
2023-09-29 09:13:02,035 [808e3967-7510-49b7-87ea-3b9eb7a0b48e-groupManagement] INFO  server.RaftServerConfigKeys (ConfUtils.java:logGet(46)) - raft.server.rpc.sleep.time = 25ms (default)
2023-09-29 09:13:02,035 [808e3967-7510-49b7-87ea-3b9eb7a0b48e-groupManagement] INFO  server.RaftServerConfigKeys (ConfUtils.java:logGet(46)) - raft.server.rpc.slowness.timeout = 300s (custom)
2023-09-29 09:13:02,035 [808e3967-7510-49b7-87ea-3b9eb7a0b48e-groupManagement] INFO  server.RaftServerConfigKeys (ConfUtils.java:logGet(46)) - raft.server.leaderelection.leader.step-down.wait-time = 10s (default)
2023-09-29 09:13:02,035 [808e3967-7510-49b7-87ea-3b9eb7a0b48e-groupManagement] INFO  server.RaftServerConfigKeys (ConfUtils.java:logGet(46)) - raft.server.sleep.deviation.threshold = 300ms (default)
2023-09-29 09:13:02,037 [808e3967-7510-49b7-87ea-3b9eb7a0b48e-groupManagement] INFO  server.RaftServer$Division (ServerState.java:<init>(120)) - 808e3967-7510-49b7-87ea-3b9eb7a0b48e@group-21480694BB4B: ConfigurationManager, init=-1: peers:[2a19af63-c44c-4b61-8149-4383770f1009|rpc:10.1.0.30:15032|admin:10.1.0.30:15031|client:10.1.0.30:15030|dataStream:10.1.0.30:15033|priority:0|startupRole:FOLLOWER, f9652e80-d58c-49ab-ab0e-27e6fff13d69|rpc:10.1.0.30:15023|admin:10.1.0.30:15022|client:10.1.0.30:15021|dataStream:10.1.0.30:15024|priority:1|startupRole:FOLLOWER, 808e3967-7510-49b7-87ea-3b9eb7a0b48e|rpc:10.1.0.30:15014|admin:10.1.0.30:15013|client:10.1.0.30:15012|dataStream:10.1.0.30:15015|priority:0|startupRole:FOLLOWER]|listeners:[], old=null, confs=<EMPTY_MAP>
2023-09-29 09:13:02,037 [808e3967-7510-49b7-87ea-3b9eb7a0b48e-groupManagement] INFO  server.RaftServerConfigKeys (ConfUtils.java:logGet(46)) - raft.server.storage.dir = [/home/runner/work/ozone/ozone/hadoop-ozone/integration-test/target/test-dir/MiniOzoneClusterImpl-2a0ec25a-3990-4628-8b93-857bbff79694/datanode-0/data/ratis] (custom)
2023-09-29 09:13:02,037 [808e3967-7510-49b7-87ea-3b9eb7a0b48e-groupManagement] INFO  server.RaftServerConfigKeys (ConfUtils.java:logGet(46)) - raft.server.log.corruption.policy = EXCEPTION (default)
2023-09-29 09:13:02,037 [808e3967-7510-49b7-87ea-3b9eb7a0b48e-groupManagement] INFO  server.RaftServerConfigKeys (ConfUtils.java:logGet(46)) - raft.server.storage.free-space.min = 0MB (=0) (default)
2023-09-29 09:13:02,037 [808e3967-7510-49b7-87ea-3b9eb7a0b48e-groupManagement] INFO  server.RaftServerConfigKeys (ConfUtils.java:logGet(46)) - raft.server.notification.no-leader.timeout = 300s (custom)
2023-09-29 09:13:02,037 [808e3967-7510-49b7-87ea-3b9eb7a0b48e-groupManagement] INFO  server.RaftServerConfigKeys (ConfUtils.java:logGet(46)) - raft.server.read.timeout = 10s (default)
2023-09-29 09:13:02,037 [808e3967-7510-49b7-87ea-3b9eb7a0b48e-groupManagement] INFO  server.RaftServerConfigKeys (ConfUtils.java:logGet(46)) - raft.server.retrycache.expirytime = 600000ms (custom)
2023-09-29 09:13:02,038 [808e3967-7510-49b7-87ea-3b9eb7a0b48e-groupManagement] INFO  server.RaftServerConfigKeys (ConfUtils.java:logGet(46)) - raft.server.retrycache.statistics.expirytime = 100μs (default)
2023-09-29 09:13:02,038 [808e3967-7510-49b7-87ea-3b9eb7a0b48e-groupManagement] INFO  server.RaftServerConfigKeys (ConfUtils.java:logGet(46)) - raft.server.read.option = DEFAULT (default)
2023-09-29 09:13:02,044 [EventQueue-PipelineReportForPipelineReportHandler] INFO  pipeline.PipelineReportHandler (PipelineReportHandler.java:processPipelineReport(136)) - Opened pipeline PipelineID=8629ba0f-fd46-46aa-a1e4-65ebce1c6144
2023-09-29 09:13:02,061 [808e3967-7510-49b7-87ea-3b9eb7a0b48e-groupManagement] INFO  server.RaftServerConfigKeys (ConfUtils.java:logGet(46)) - raft.server.rpc.request.timeout = 60s (custom)
2023-09-29 09:13:02,065 [808e3967-7510-49b7-87ea-3b9eb7a0b48e-groupManagement] INFO  server.RaftServerConfigKeys (ConfUtils.java:logGet(46)) - raft.server.log.appender.install.snapshot.enabled = false (custom)
2023-09-29 09:13:02,065 [808e3967-7510-49b7-87ea-3b9eb7a0b48e-groupManagement] INFO  server.RaftServerConfigKeys (ConfUtils.java:logGet(46)) - raft.server.threadpool.server.cached = true (default)
2023-09-29 09:13:02,065 [808e3967-7510-49b7-87ea-3b9eb7a0b48e-groupManagement] INFO  server.RaftServerConfigKeys (ConfUtils.java:logGet(46)) - raft.server.threadpool.server.size = 0 (default)
2023-09-29 09:13:02,065 [808e3967-7510-49b7-87ea-3b9eb7a0b48e-groupManagement] INFO  server.RaftServerConfigKeys (ConfUtils.java:logGet(46)) - raft.server.threadpool.client.cached = true (default)
2023-09-29 09:13:02,065 [808e3967-7510-49b7-87ea-3b9eb7a0b48e-groupManagement] INFO  server.RaftServerConfigKeys (ConfUtils.java:logGet(46)) - raft.server.threadpool.client.size = 0 (default)
2023-09-29 09:13:02,066 [808e3967-7510-49b7-87ea-3b9eb7a0b48e-groupManagement] INFO  storage.RaftStorageDirectory (RaftStorageDirectoryImpl.java:analyzeStorage(137)) - The storage directory /home/runner/work/ozone/ozone/hadoop-ozone/integration-test/target/test-dir/MiniOzoneClusterImpl-2a0ec25a-3990-4628-8b93-857bbff79694/datanode-0/data/ratis/8c5c8929-5404-440d-9621-21480694bb4b does not exist. Creating ...
2023-09-29 09:13:02,067 [808e3967-7510-49b7-87ea-3b9eb7a0b48e-groupManagement] INFO  storage.RaftStorageDirectory (RaftStorageDirectoryImpl.java:tryLock(231)) - Lock on /home/runner/work/ozone/ozone/hadoop-ozone/integration-test/target/test-dir/MiniOzoneClusterImpl-2a0ec25a-3990-4628-8b93-857bbff79694/datanode-0/data/ratis/8c5c8929-5404-440d-9621-21480694bb4b/in_use.lock acquired by nodename 20785@fv-az83-343
2023-09-29 09:13:02,069 [EventQueue-OpenPipelineForHealthyPipelineSafeModeRule] INFO  safemode.SCMSafeModeManager (HealthyPipelineSafeModeRule.java:process(137)) - SCM in safe mode. Healthy pipelines reported count is 0, required healthy pipeline reported count is 1
2023-09-29 09:13:02,069 [808e3967-7510-49b7-87ea-3b9eb7a0b48e-groupManagement] INFO  storage.RaftStorage (RaftStorageImpl.java:format(96)) - Storage directory /home/runner/work/ozone/ozone/hadoop-ozone/integration-test/target/test-dir/MiniOzoneClusterImpl-2a0ec25a-3990-4628-8b93-857bbff79694/datanode-0/data/ratis/8c5c8929-5404-440d-9621-21480694bb4b has been successfully formatted.
2023-09-29 09:13:02,071 [808e3967-7510-49b7-87ea-3b9eb7a0b48e-groupManagement] INFO  ratis.ContainerStateMachine (ContainerStateMachine.java:loadSnapshot(262)) - group-21480694BB4B: The snapshot info is null. Setting the last applied indexto:(t:0, i:~)
2023-09-29 09:13:02,071 [808e3967-7510-49b7-87ea-3b9eb7a0b48e-groupManagement] INFO  server.RaftServerConfigKeys (ConfUtils.java:logGet(46)) - raft.server.log.use.memory = false (default)
2023-09-29 09:13:02,072 [808e3967-7510-49b7-87ea-3b9eb7a0b48e-groupManagement] INFO  server.RaftServerConfigKeys (ConfUtils.java:logGet(46)) - raft.server.log.purge.gap = 1000000 (custom)
2023-09-29 09:13:02,072 [808e3967-7510-49b7-87ea-3b9eb7a0b48e-groupManagement] INFO  server.RaftServerConfigKeys (ConfUtils.java:logGet(46)) - raft.server.log.appender.buffer.byte-limit = 33554432 (custom)
2023-09-29 09:13:02,072 [808e3967-7510-49b7-87ea-3b9eb7a0b48e-groupManagement] INFO  server.RaftServerConfigKeys (ConfUtils.java:logGet(46)) - raft.server.log.statemachine.data.read.timeout = 1000ms (default)
2023-09-29 09:13:02,072 [808e3967-7510-49b7-87ea-3b9eb7a0b48e-groupManagement] INFO  server.RaftServerConfigKeys (ConfUtils.java:logGet(46)) - raft.server.log.purge.preservation.log.num = 0 (default)
2023-09-29 09:13:02,074 [EventQueue-OpenPipelineForHealthyPipelineSafeModeRule] INFO  safemode.SCMSafeModeManager (HealthyPipelineSafeModeRule.java:process(137)) - SCM in safe mode. Healthy pipelines reported count is 0, required healthy pipeline reported count is 1
2023-09-29 09:13:02,075 [808e3967-7510-49b7-87ea-3b9eb7a0b48e-groupManagement] INFO  server.RaftServerConfigKeys (ConfUtils.java:logGet(46)) - raft.server.log.segment.size.max = 1048576 (custom)
2023-09-29 09:13:02,076 [808e3967-7510-49b7-87ea-3b9eb7a0b48e-groupManagement] INFO  server.RaftServerConfigKeys (ConfUtils.java:logGet(46)) - raft.server.log.segment.cache.num.max = 2 (custom)
2023-09-29 09:13:02,076 [808e3967-7510-49b7-87ea-3b9eb7a0b48e-groupManagement] INFO  server.RaftServerConfigKeys (ConfUtils.java:logGet(46)) - raft.server.log.segment.cache.size.max = 200MB (=209715200) (default)
2023-09-29 09:13:02,076 [808e3967-7510-49b7-87ea-3b9eb7a0b48e-groupManagement] INFO  server.RaftServerConfigKeys (ConfUtils.java:logGet(46)) - raft.server.log.appender.buffer.byte-limit = 33554432 (custom)
2023-09-29 09:13:02,076 [808e3967-7510-49b7-87ea-3b9eb7a0b48e-groupManagement] INFO  segmented.SegmentedRaftLogWorker (SegmentedRaftLogWorker.java:<init>(188)) - new 808e3967-7510-49b7-87ea-3b9eb7a0b48e@group-21480694BB4B-SegmentedRaftLogWorker for RaftStorageImpl:Storage Directory /home/runner/work/ozone/ozone/hadoop-ozone/integration-test/target/test-dir/MiniOzoneClusterImpl-2a0ec25a-3990-4628-8b93-857bbff79694/datanode-0/data/ratis/8c5c8929-5404-440d-9621-21480694bb4b
2023-09-29 09:13:02,076 [808e3967-7510-49b7-87ea-3b9eb7a0b48e-groupManagement] INFO  server.RaftServerConfigKeys (ConfUtils.java:logGet(46)) - raft.server.log.queue.byte-limit = 4294967296 (custom)
2023-09-29 09:13:02,077 [808e3967-7510-49b7-87ea-3b9eb7a0b48e-groupManagement] INFO  server.RaftServerConfigKeys (ConfUtils.java:logGet(46)) - raft.server.log.queue.element-limit = 1024 (custom)
2023-09-29 09:13:02,077 [808e3967-7510-49b7-87ea-3b9eb7a0b48e-groupManagement] INFO  server.RaftServerConfigKeys (ConfUtils.java:logGet(46)) - raft.server.log.segment.size.max = 1048576 (custom)
2023-09-29 09:13:02,077 [808e3967-7510-49b7-87ea-3b9eb7a0b48e-groupManagement] INFO  server.RaftServerConfigKeys (ConfUtils.java:logGet(46)) - raft.server.log.preallocated.size = 16384 (custom)
2023-09-29 09:13:02,077 [808e3967-7510-49b7-87ea-3b9eb7a0b48e-groupManagement] INFO  server.RaftServerConfigKeys (ConfUtils.java:logGet(46)) - raft.server.log.force.sync.num = 128 (default)
2023-09-29 09:13:02,077 [808e3967-7510-49b7-87ea-3b9eb7a0b48e-groupManagement] INFO  server.RaftServerConfigKeys (ConfUtils.java:logGet(46)) - raft.server.log.statemachine.data.sync = true (default)
2023-09-29 09:13:02,077 [808e3967-7510-49b7-87ea-3b9eb7a0b48e-groupManagement] INFO  server.RaftServerConfigKeys (ConfUtils.java:logGet(46)) - raft.server.log.statemachine.data.sync.timeout = 10s (default)
2023-09-29 09:13:02,084 [808e3967-7510-49b7-87ea-3b9eb7a0b48e-groupManagement] INFO  server.RaftServerConfigKeys (ConfUtils.java:logGet(46)) - raft.server.log.statemachine.data.sync.timeout.retry = -1 (default)
2023-09-29 09:13:02,089 [808e3967-7510-49b7-87ea-3b9eb7a0b48e-groupManagement] INFO  server.RaftServerConfigKeys (ConfUtils.java:logGet(46)) - raft.server.log.write.buffer.size = 1048576 (custom)
2023-09-29 09:13:02,090 [808e3967-7510-49b7-87ea-3b9eb7a0b48e-groupManagement] INFO  server.RaftServerConfigKeys (ConfUtils.java:logGet(46)) - raft.server.log.appender.buffer.byte-limit = 33554432 (custom)
2023-09-29 09:13:02,099 [808e3967-7510-49b7-87ea-3b9eb7a0b48e-groupManagement] INFO  server.RaftServerConfigKeys (ConfUtils.java:logGet(46)) - raft.server.log.unsafe-flush.enabled = false (default)
2023-09-29 09:13:02,100 [808e3967-7510-49b7-87ea-3b9eb7a0b48e-groupManagement] INFO  server.RaftServerConfigKeys (ConfUtils.java:logGet(46)) - raft.server.log.async-flush.enabled = false (default)
2023-09-29 09:13:02,101 [808e3967-7510-49b7-87ea-3b9eb7a0b48e-groupManagement] INFO  server.RaftServerConfigKeys (ConfUtils.java:logGet(46)) - raft.server.log.statemachine.data.caching.enabled = true (custom)
2023-09-29 09:13:02,101 [808e3967-7510-49b7-87ea-3b9eb7a0b48e-groupManagement] INFO  segmented.SegmentedRaftLogWorker (SegmentedRaftLogWorker.java:lambda$new$0(135)) - 808e3967-7510-49b7-87ea-3b9eb7a0b48e@group-21480694BB4B-SegmentedRaftLogWorker: flushIndex: setUnconditionally 0 -> -1
2023-09-29 09:13:02,102 [808e3967-7510-49b7-87ea-3b9eb7a0b48e-groupManagement] INFO  segmented.SegmentedRaftLogWorker (SegmentedRaftLogWorker.java:lambda$new$0(135)) - 808e3967-7510-49b7-87ea-3b9eb7a0b48e@group-21480694BB4B-SegmentedRaftLogWorker: safeCacheEvictIndex: setUnconditionally 0 -> -1
2023-09-29 09:13:02,102 [808e3967-7510-49b7-87ea-3b9eb7a0b48e-groupManagement] INFO  server.RaftServer$Division (RaftServerImpl.java:start(342)) - 808e3967-7510-49b7-87ea-3b9eb7a0b48e@group-21480694BB4B: start as a follower, conf=-1: peers:[2a19af63-c44c-4b61-8149-4383770f1009|rpc:10.1.0.30:15032|admin:10.1.0.30:15031|client:10.1.0.30:15030|dataStream:10.1.0.30:15033|priority:0|startupRole:FOLLOWER, f9652e80-d58c-49ab-ab0e-27e6fff13d69|rpc:10.1.0.30:15023|admin:10.1.0.30:15022|client:10.1.0.30:15021|dataStream:10.1.0.30:15024|priority:1|startupRole:FOLLOWER, 808e3967-7510-49b7-87ea-3b9eb7a0b48e|rpc:10.1.0.30:15014|admin:10.1.0.30:15013|client:10.1.0.30:15012|dataStream:10.1.0.30:15015|priority:0|startupRole:FOLLOWER]|listeners:[], old=null
2023-09-29 09:13:02,102 [808e3967-7510-49b7-87ea-3b9eb7a0b48e-groupManagement] INFO  server.RaftServer$Division (RaftServerImpl.java:setRole(329)) - 808e3967-7510-49b7-87ea-3b9eb7a0b48e@group-21480694BB4B: changes role from      null to FOLLOWER at term 0 for startAsFollower
2023-09-29 09:13:02,102 [808e3967-7510-49b7-87ea-3b9eb7a0b48e-groupManagement] INFO  impl.RoleInfo (RoleInfo.java:updateAndGet(139)) - 808e3967-7510-49b7-87ea-3b9eb7a0b48e: start 808e3967-7510-49b7-87ea-3b9eb7a0b48e@group-21480694BB4B-FollowerState
2023-09-29 09:13:02,104 [808e3967-7510-49b7-87ea-3b9eb7a0b48e-groupManagement] INFO  util.JmxRegister (JmxRegister.java:tryRegister(44)) - Successfully registered JMX Bean with object name Ratis:service=RaftServer,group=group-21480694BB4B,id=808e3967-7510-49b7-87ea-3b9eb7a0b48e
2023-09-29 09:13:02,104 [808e3967-7510-49b7-87ea-3b9eb7a0b48e-groupManagement] INFO  server.RaftServerConfigKeys (ConfUtils.java:logGet(46)) - raft.server.snapshot.auto.trigger.enabled = true (custom)
2023-09-29 09:13:02,104 [808e3967-7510-49b7-87ea-3b9eb7a0b48e-groupManagement] INFO  server.RaftServerConfigKeys (ConfUtils.java:logGet(46)) - raft.server.snapshot.auto.trigger.threshold = 10000 (custom)
2023-09-29 09:13:02,104 [808e3967-7510-49b7-87ea-3b9eb7a0b48e-groupManagement] INFO  server.RaftServerConfigKeys (ConfUtils.java:logGet(46)) - raft.server.snapshot.retention.file.num = 5 (custom)
2023-09-29 09:13:02,104 [808e3967-7510-49b7-87ea-3b9eb7a0b48e-groupManagement] INFO  server.RaftServerConfigKeys (ConfUtils.java:logGet(46)) - raft.server.log.purge.upto.snapshot.index = false (default)
2023-09-29 09:13:02,107 [808e3967-7510-49b7-87ea-3b9eb7a0b48e@group-21480694BB4B-FollowerState] INFO  server.RaftServerConfigKeys (ConfUtils.java:logFallback(53)) - raft.server.rpc.first-election.timeout.min = 5s (fallback to raft.server.rpc.timeout.min)
2023-09-29 09:13:02,108 [808e3967-7510-49b7-87ea-3b9eb7a0b48e@group-21480694BB4B-FollowerState] INFO  server.RaftServerConfigKeys (ConfUtils.java:logFallback(53)) - raft.server.rpc.first-election.timeout.max = 5200ms (fallback to raft.server.rpc.timeout.max)
2023-09-29 09:13:02,109 [PipelineCommandHandlerThread-0] INFO  ratis.XceiverServerRatis (XceiverServerRatis.java:addGroup(804)) - Created group PipelineID=8c5c8929-5404-440d-9621-21480694bb4b
2023-09-29 09:13:02,453 [PipelineCommandHandlerThread-0] INFO  server.RaftServer (RaftServerProxy.java:addNew(98)) - f9652e80-d58c-49ab-ab0e-27e6fff13d69: addNew group-C06849071740:[f9652e80-d58c-49ab-ab0e-27e6fff13d69|rpc:10.1.0.30:15023|admin:10.1.0.30:15022|client:10.1.0.30:15021|dataStream:10.1.0.30:15024|priority:1|startupRole:FOLLOWER] returns group-C06849071740:java.util.concurrent.CompletableFuture@3bf2ee70[Not completed]
2023-09-29 09:13:02,459 [f9652e80-d58c-49ab-ab0e-27e6fff13d69-groupManagement] INFO  server.RaftServer$Division (RaftServerImpl.java:<init>(198)) - f9652e80-d58c-49ab-ab0e-27e6fff13d69: new RaftServerImpl for group-C06849071740:[f9652e80-d58c-49ab-ab0e-27e6fff13d69|rpc:10.1.0.30:15023|admin:10.1.0.30:15022|client:10.1.0.30:15021|dataStream:10.1.0.30:15024|priority:1|startupRole:FOLLOWER] with ContainerStateMachine:uninitialized
2023-09-29 09:13:02,460 [f9652e80-d58c-49ab-ab0e-27e6fff13d69-groupManagement] INFO  server.RaftServerConfigKeys (ConfUtils.java:logGet(46)) - raft.server.rpc.timeout.min = 5s (custom)
2023-09-29 09:13:02,460 [f9652e80-d58c-49ab-ab0e-27e6fff13d69-groupManagement] INFO  server.RaftServerConfigKeys (ConfUtils.java:logGet(46)) - raft.server.rpc.timeout.max = 5200ms (custom)
2023-09-29 09:13:02,460 [f9652e80-d58c-49ab-ab0e-27e6fff13d69-groupManagement] INFO  server.RaftServerConfigKeys (ConfUtils.java:logGet(46)) - raft.server.rpc.sleep.time = 25ms (default)
2023-09-29 09:13:02,460 [f9652e80-d58c-49ab-ab0e-27e6fff13d69-groupManagement] INFO  server.RaftServerConfigKeys (ConfUtils.java:logGet(46)) - raft.server.rpc.slowness.timeout = 300s (custom)
2023-09-29 09:13:02,461 [f9652e80-d58c-49ab-ab0e-27e6fff13d69-groupManagement] INFO  server.RaftServerConfigKeys (ConfUtils.java:logGet(46)) - raft.server.leaderelection.leader.step-down.wait-time = 10s (default)
2023-09-29 09:13:02,461 [f9652e80-d58c-49ab-ab0e-27e6fff13d69-groupManagement] INFO  server.RaftServerConfigKeys (ConfUtils.java:logGet(46)) - raft.server.sleep.deviation.threshold = 300ms (default)
2023-09-29 09:13:02,461 [f9652e80-d58c-49ab-ab0e-27e6fff13d69-groupManagement] INFO  server.RaftServer$Division (ServerState.java:<init>(120)) - f9652e80-d58c-49ab-ab0e-27e6fff13d69@group-C06849071740: ConfigurationManager, init=-1: peers:[f9652e80-d58c-49ab-ab0e-27e6fff13d69|rpc:10.1.0.30:15023|admin:10.1.0.30:15022|client:10.1.0.30:15021|dataStream:10.1.0.30:15024|priority:1|startupRole:FOLLOWER]|listeners:[], old=null, confs=<EMPTY_MAP>
2023-09-29 09:13:02,461 [f9652e80-d58c-49ab-ab0e-27e6fff13d69-groupManagement] INFO  server.RaftServerConfigKeys (ConfUtils.java:logGet(46)) - raft.server.storage.dir = [/home/runner/work/ozone/ozone/hadoop-ozone/integration-test/target/test-dir/MiniOzoneClusterImpl-2a0ec25a-3990-4628-8b93-857bbff79694/datanode-1/data/ratis] (custom)
2023-09-29 09:13:02,461 [f9652e80-d58c-49ab-ab0e-27e6fff13d69-groupManagement] INFO  server.RaftServerConfigKeys (ConfUtils.java:logGet(46)) - raft.server.log.corruption.policy = EXCEPTION (default)
2023-09-29 09:13:02,461 [f9652e80-d58c-49ab-ab0e-27e6fff13d69-groupManagement] INFO  server.RaftServerConfigKeys (ConfUtils.java:logGet(46)) - raft.server.storage.free-space.min = 0MB (=0) (default)
2023-09-29 09:13:02,461 [f9652e80-d58c-49ab-ab0e-27e6fff13d69-groupManagement] INFO  server.RaftServerConfigKeys (ConfUtils.java:logGet(46)) - raft.server.notification.no-leader.timeout = 300s (custom)
2023-09-29 09:13:02,462 [f9652e80-d58c-49ab-ab0e-27e6fff13d69-groupManagement] INFO  server.RaftServerConfigKeys (ConfUtils.java:logGet(46)) - raft.server.read.timeout = 10s (default)
2023-09-29 09:13:02,462 [f9652e80-d58c-49ab-ab0e-27e6fff13d69-groupManagement] INFO  server.RaftServerConfigKeys (ConfUtils.java:logGet(46)) - raft.server.retrycache.expirytime = 600000ms (custom)
2023-09-29 09:13:02,462 [f9652e80-d58c-49ab-ab0e-27e6fff13d69-groupManagement] INFO  server.RaftServerConfigKeys (ConfUtils.java:logGet(46)) - raft.server.retrycache.statistics.expirytime = 100μs (default)
2023-09-29 09:13:02,462 [f9652e80-d58c-49ab-ab0e-27e6fff13d69-groupManagement] INFO  server.RaftServerConfigKeys (ConfUtils.java:logGet(46)) - raft.server.read.option = DEFAULT (default)
2023-09-29 09:13:02,480 [f9652e80-d58c-49ab-ab0e-27e6fff13d69-groupManagement] INFO  server.RaftServerConfigKeys (ConfUtils.java:logGet(46)) - raft.server.rpc.request.timeout = 60s (custom)
2023-09-29 09:13:02,480 [f9652e80-d58c-49ab-ab0e-27e6fff13d69-groupManagement] INFO  server.RaftServerConfigKeys (ConfUtils.java:logGet(46)) - raft.server.log.appender.install.snapshot.enabled = false (custom)
2023-09-29 09:13:02,480 [f9652e80-d58c-49ab-ab0e-27e6fff13d69-groupManagement] INFO  server.RaftServerConfigKeys (ConfUtils.java:logGet(46)) - raft.server.threadpool.server.cached = true (default)
2023-09-29 09:13:02,480 [f9652e80-d58c-49ab-ab0e-27e6fff13d69-groupManagement] INFO  server.RaftServerConfigKeys (ConfUtils.java:logGet(46)) - raft.server.threadpool.server.size = 0 (default)
2023-09-29 09:13:02,480 [f9652e80-d58c-49ab-ab0e-27e6fff13d69-groupManagement] INFO  server.RaftServerConfigKeys (ConfUtils.java:logGet(46)) - raft.server.threadpool.client.cached = true (default)
2023-09-29 09:13:02,480 [f9652e80-d58c-49ab-ab0e-27e6fff13d69-groupManagement] INFO  server.RaftServerConfigKeys (ConfUtils.java:logGet(46)) - raft.server.threadpool.client.size = 0 (default)
2023-09-29 09:13:02,482 [f9652e80-d58c-49ab-ab0e-27e6fff13d69-groupManagement] INFO  storage.RaftStorageDirectory (RaftStorageDirectoryImpl.java:analyzeStorage(137)) - The storage directory /home/runner/work/ozone/ozone/hadoop-ozone/integration-test/target/test-dir/MiniOzoneClusterImpl-2a0ec25a-3990-4628-8b93-857bbff79694/datanode-1/data/ratis/76d9e4d3-c63c-44b5-bea8-c06849071740 does not exist. Creating ...
2023-09-29 09:13:02,486 [f9652e80-d58c-49ab-ab0e-27e6fff13d69-groupManagement] INFO  storage.RaftStorageDirectory (RaftStorageDirectoryImpl.java:tryLock(231)) - Lock on /home/runner/work/ozone/ozone/hadoop-ozone/integration-test/target/test-dir/MiniOzoneClusterImpl-2a0ec25a-3990-4628-8b93-857bbff79694/datanode-1/data/ratis/76d9e4d3-c63c-44b5-bea8-c06849071740/in_use.lock acquired by nodename 20785@fv-az83-343
2023-09-29 09:13:02,487 [f9652e80-d58c-49ab-ab0e-27e6fff13d69-groupManagement] INFO  storage.RaftStorage (RaftStorageImpl.java:format(96)) - Storage directory /home/runner/work/ozone/ozone/hadoop-ozone/integration-test/target/test-dir/MiniOzoneClusterImpl-2a0ec25a-3990-4628-8b93-857bbff79694/datanode-1/data/ratis/76d9e4d3-c63c-44b5-bea8-c06849071740 has been successfully formatted.
2023-09-29 09:13:02,489 [f9652e80-d58c-49ab-ab0e-27e6fff13d69-groupManagement] INFO  ratis.ContainerStateMachine (ContainerStateMachine.java:loadSnapshot(262)) - group-C06849071740: The snapshot info is null. Setting the last applied indexto:(t:0, i:~)
2023-09-29 09:13:02,495 [f9652e80-d58c-49ab-ab0e-27e6fff13d69-groupManagement] INFO  server.RaftServerConfigKeys (ConfUtils.java:logGet(46)) - raft.server.log.use.memory = false (default)
2023-09-29 09:13:02,495 [f9652e80-d58c-49ab-ab0e-27e6fff13d69-groupManagement] INFO  server.RaftServerConfigKeys (ConfUtils.java:logGet(46)) - raft.server.log.purge.gap = 1000000 (custom)
2023-09-29 09:13:02,496 [f9652e80-d58c-49ab-ab0e-27e6fff13d69-groupManagement] INFO  server.RaftServerConfigKeys (ConfUtils.java:logGet(46)) - raft.server.log.appender.buffer.byte-limit = 33554432 (custom)
2023-09-29 09:13:02,496 [f9652e80-d58c-49ab-ab0e-27e6fff13d69-groupManagement] INFO  server.RaftServerConfigKeys (ConfUtils.java:logGet(46)) - raft.server.log.statemachine.data.read.timeout = 1000ms (default)
2023-09-29 09:13:02,496 [EventQueue-PipelineReportForPipelineReportHandler] INFO  pipeline.PipelineReportHandler (PipelineReportHandler.java:processPipelineReport(136)) - Opened pipeline PipelineID=76d9e4d3-c63c-44b5-bea8-c06849071740
2023-09-29 09:13:02,496 [f9652e80-d58c-49ab-ab0e-27e6fff13d69-groupManagement] INFO  server.RaftServerConfigKeys (ConfUtils.java:logGet(46)) - raft.server.log.purge.preservation.log.num = 0 (default)
2023-09-29 09:13:02,496 [EventQueue-OpenPipelineForHealthyPipelineSafeModeRule] INFO  safemode.SCMSafeModeManager (HealthyPipelineSafeModeRule.java:process(137)) - SCM in safe mode. Healthy pipelines reported count is 0, required healthy pipeline reported count is 1
2023-09-29 09:13:02,497 [f9652e80-d58c-49ab-ab0e-27e6fff13d69-groupManagement] INFO  server.RaftServerConfigKeys (ConfUtils.java:logGet(46)) - raft.server.log.segment.size.max = 1048576 (custom)
2023-09-29 09:13:02,497 [f9652e80-d58c-49ab-ab0e-27e6fff13d69-groupManagement] INFO  server.RaftServerConfigKeys (ConfUtils.java:logGet(46)) - raft.server.log.segment.cache.num.max = 2 (custom)
2023-09-29 09:13:02,497 [f9652e80-d58c-49ab-ab0e-27e6fff13d69-groupManagement] INFO  server.RaftServerConfigKeys (ConfUtils.java:logGet(46)) - raft.server.log.segment.cache.size.max = 200MB (=209715200) (default)
2023-09-29 09:13:02,497 [f9652e80-d58c-49ab-ab0e-27e6fff13d69-groupManagement] INFO  server.RaftServerConfigKeys (ConfUtils.java:logGet(46)) - raft.server.log.appender.buffer.byte-limit = 33554432 (custom)
2023-09-29 09:13:02,497 [f9652e80-d58c-49ab-ab0e-27e6fff13d69-groupManagement] INFO  segmented.SegmentedRaftLogWorker (SegmentedRaftLogWorker.java:<init>(188)) - new f9652e80-d58c-49ab-ab0e-27e6fff13d69@group-C06849071740-SegmentedRaftLogWorker for RaftStorageImpl:Storage Directory /home/runner/work/ozone/ozone/hadoop-ozone/integration-test/target/test-dir/MiniOzoneClusterImpl-2a0ec25a-3990-4628-8b93-857bbff79694/datanode-1/data/ratis/76d9e4d3-c63c-44b5-bea8-c06849071740
2023-09-29 09:13:02,498 [f9652e80-d58c-49ab-ab0e-27e6fff13d69-groupManagement] INFO  server.RaftServerConfigKeys (ConfUtils.java:logGet(46)) - raft.server.log.queue.byte-limit = 4294967296 (custom)
2023-09-29 09:13:02,498 [f9652e80-d58c-49ab-ab0e-27e6fff13d69-groupManagement] INFO  server.RaftServerConfigKeys (ConfUtils.java:logGet(46)) - raft.server.log.queue.element-limit = 1024 (custom)
2023-09-29 09:13:02,498 [f9652e80-d58c-49ab-ab0e-27e6fff13d69-groupManagement] INFO  server.RaftServerConfigKeys (ConfUtils.java:logGet(46)) - raft.server.log.segment.size.max = 1048576 (custom)
2023-09-29 09:13:02,498 [f9652e80-d58c-49ab-ab0e-27e6fff13d69-groupManagement] INFO  server.RaftServerConfigKeys (ConfUtils.java:logGet(46)) - raft.server.log.preallocated.size = 16384 (custom)
2023-09-29 09:13:02,498 [f9652e80-d58c-49ab-ab0e-27e6fff13d69-groupManagement] INFO  server.RaftServerConfigKeys (ConfUtils.java:logGet(46)) - raft.server.log.force.sync.num = 128 (default)
2023-09-29 09:13:02,498 [f9652e80-d58c-49ab-ab0e-27e6fff13d69-groupManagement] INFO  server.RaftServerConfigKeys (ConfUtils.java:logGet(46)) - raft.server.log.statemachine.data.sync = true (default)
2023-09-29 09:13:02,498 [f9652e80-d58c-49ab-ab0e-27e6fff13d69-groupManagement] INFO  server.RaftServerConfigKeys (ConfUtils.java:logGet(46)) - raft.server.log.statemachine.data.sync.timeout = 10s (default)
2023-09-29 09:13:02,498 [f9652e80-d58c-49ab-ab0e-27e6fff13d69-groupManagement] INFO  server.RaftServerConfigKeys (ConfUtils.java:logGet(46)) - raft.server.log.statemachine.data.sync.timeout.retry = -1 (default)
2023-09-29 09:13:02,503 [f9652e80-d58c-49ab-ab0e-27e6fff13d69-groupManagement] INFO  server.RaftServerConfigKeys (ConfUtils.java:logGet(46)) - raft.server.log.write.buffer.size = 1048576 (custom)
2023-09-29 09:13:02,503 [f9652e80-d58c-49ab-ab0e-27e6fff13d69-groupManagement] INFO  server.RaftServerConfigKeys (ConfUtils.java:logGet(46)) - raft.server.log.appender.buffer.byte-limit = 33554432 (custom)
2023-09-29 09:13:02,511 [f9652e80-d58c-49ab-ab0e-27e6fff13d69-groupManagement] INFO  server.RaftServerConfigKeys (ConfUtils.java:logGet(46)) - raft.server.log.unsafe-flush.enabled = false (default)
2023-09-29 09:13:02,512 [f9652e80-d58c-49ab-ab0e-27e6fff13d69-groupManagement] INFO  server.RaftServerConfigKeys (ConfUtils.java:logGet(46)) - raft.server.log.async-flush.enabled = false (default)
2023-09-29 09:13:02,512 [f9652e80-d58c-49ab-ab0e-27e6fff13d69-groupManagement] INFO  server.RaftServerConfigKeys (ConfUtils.java:logGet(46)) - raft.server.log.statemachine.data.caching.enabled = true (custom)
2023-09-29 09:13:02,512 [f9652e80-d58c-49ab-ab0e-27e6fff13d69-groupManagement] INFO  segmented.SegmentedRaftLogWorker (SegmentedRaftLogWorker.java:lambda$new$0(135)) - f9652e80-d58c-49ab-ab0e-27e6fff13d69@group-C06849071740-SegmentedRaftLogWorker: flushIndex: setUnconditionally 0 -> -1
2023-09-29 09:13:02,512 [f9652e80-d58c-49ab-ab0e-27e6fff13d69-groupManagement] INFO  segmented.SegmentedRaftLogWorker (SegmentedRaftLogWorker.java:lambda$new$0(135)) - f9652e80-d58c-49ab-ab0e-27e6fff13d69@group-C06849071740-SegmentedRaftLogWorker: safeCacheEvictIndex: setUnconditionally 0 -> -1
2023-09-29 09:13:02,513 [f9652e80-d58c-49ab-ab0e-27e6fff13d69-groupManagement] INFO  server.RaftServer$Division (RaftServerImpl.java:start(342)) - f9652e80-d58c-49ab-ab0e-27e6fff13d69@group-C06849071740: start as a follower, conf=-1: peers:[f9652e80-d58c-49ab-ab0e-27e6fff13d69|rpc:10.1.0.30:15023|admin:10.1.0.30:15022|client:10.1.0.30:15021|dataStream:10.1.0.30:15024|priority:1|startupRole:FOLLOWER]|listeners:[], old=null
2023-09-29 09:13:02,513 [f9652e80-d58c-49ab-ab0e-27e6fff13d69-groupManagement] INFO  server.RaftServer$Division (RaftServerImpl.java:setRole(329)) - f9652e80-d58c-49ab-ab0e-27e6fff13d69@group-C06849071740: changes role from      null to FOLLOWER at term 0 for startAsFollower
2023-09-29 09:13:02,513 [f9652e80-d58c-49ab-ab0e-27e6fff13d69-groupManagement] INFO  impl.RoleInfo (RoleInfo.java:updateAndGet(139)) - f9652e80-d58c-49ab-ab0e-27e6fff13d69: start f9652e80-d58c-49ab-ab0e-27e6fff13d69@group-C06849071740-FollowerState
2023-09-29 09:13:02,513 [f9652e80-d58c-49ab-ab0e-27e6fff13d69-groupManagement] INFO  util.JmxRegister (JmxRegister.java:tryRegister(44)) - Successfully registered JMX Bean with object name Ratis:service=RaftServer,group=group-C06849071740,id=f9652e80-d58c-49ab-ab0e-27e6fff13d69
2023-09-29 09:13:02,514 [f9652e80-d58c-49ab-ab0e-27e6fff13d69-groupManagement] INFO  server.RaftServerConfigKeys (ConfUtils.java:logGet(46)) - raft.server.snapshot.auto.trigger.enabled = true (custom)
2023-09-29 09:13:02,514 [f9652e80-d58c-49ab-ab0e-27e6fff13d69-groupManagement] INFO  server.RaftServerConfigKeys (ConfUtils.java:logGet(46)) - raft.server.snapshot.auto.trigger.threshold = 10000 (custom)
2023-09-29 09:13:02,515 [f9652e80-d58c-49ab-ab0e-27e6fff13d69-groupManagement] INFO  server.RaftServerConfigKeys (ConfUtils.java:logGet(46)) - raft.server.snapshot.retention.file.num = 5 (custom)
2023-09-29 09:13:02,515 [f9652e80-d58c-49ab-ab0e-27e6fff13d69-groupManagement] INFO  server.RaftServerConfigKeys (ConfUtils.java:logGet(46)) - raft.server.log.purge.upto.snapshot.index = false (default)
2023-09-29 09:13:02,519 [PipelineCommandHandlerThread-0] INFO  ratis.XceiverServerRatis (XceiverServerRatis.java:addGroup(804)) - Created group PipelineID=76d9e4d3-c63c-44b5-bea8-c06849071740
2023-09-29 09:13:02,519 [PipelineCommandHandlerThread-0] INFO  commandhandler.CreatePipelineCommandHandler (CreatePipelineCommandHandler.java:lambda$handle$2(124)) - Created Pipeline RATIS ONE PipelineID=76d9e4d3-c63c-44b5-bea8-c06849071740.
2023-09-29 09:13:02,520 [PipelineCommandHandlerThread-0] INFO  server.RaftServer (RaftServerProxy.java:addNew(98)) - f9652e80-d58c-49ab-ab0e-27e6fff13d69: addNew group-21480694BB4B:[2a19af63-c44c-4b61-8149-4383770f1009|rpc:10.1.0.30:15032|admin:10.1.0.30:15031|client:10.1.0.30:15030|dataStream:10.1.0.30:15033|priority:0|startupRole:FOLLOWER, f9652e80-d58c-49ab-ab0e-27e6fff13d69|rpc:10.1.0.30:15023|admin:10.1.0.30:15022|client:10.1.0.30:15021|dataStream:10.1.0.30:15024|priority:1|startupRole:FOLLOWER, 808e3967-7510-49b7-87ea-3b9eb7a0b48e|rpc:10.1.0.30:15014|admin:10.1.0.30:15013|client:10.1.0.30:15012|dataStream:10.1.0.30:15015|priority:0|startupRole:FOLLOWER] returns group-21480694BB4B:java.util.concurrent.CompletableFuture@3fcd7dd6[Not completed]
2023-09-29 09:13:02,522 [f9652e80-d58c-49ab-ab0e-27e6fff13d69-groupManagement] INFO  server.RaftServer$Division (RaftServerImpl.java:<init>(198)) - f9652e80-d58c-49ab-ab0e-27e6fff13d69: new RaftServerImpl for group-21480694BB4B:[2a19af63-c44c-4b61-8149-4383770f1009|rpc:10.1.0.30:15032|admin:10.1.0.30:15031|client:10.1.0.30:15030|dataStream:10.1.0.30:15033|priority:0|startupRole:FOLLOWER, f9652e80-d58c-49ab-ab0e-27e6fff13d69|rpc:10.1.0.30:15023|admin:10.1.0.30:15022|client:10.1.0.30:15021|dataStream:10.1.0.30:15024|priority:1|startupRole:FOLLOWER, 808e3967-7510-49b7-87ea-3b9eb7a0b48e|rpc:10.1.0.30:15014|admin:10.1.0.30:15013|client:10.1.0.30:15012|dataStream:10.1.0.30:15015|priority:0|startupRole:FOLLOWER] with ContainerStateMachine:uninitialized
2023-09-29 09:13:02,522 [f9652e80-d58c-49ab-ab0e-27e6fff13d69-groupManagement] INFO  server.RaftServerConfigKeys (ConfUtils.java:logGet(46)) - raft.server.rpc.timeout.min = 5s (custom)
2023-09-29 09:13:02,522 [f9652e80-d58c-49ab-ab0e-27e6fff13d69-groupManagement] INFO  server.RaftServerConfigKeys (ConfUtils.java:logGet(46)) - raft.server.rpc.timeout.max = 5200ms (custom)
2023-09-29 09:13:02,522 [f9652e80-d58c-49ab-ab0e-27e6fff13d69-groupManagement] INFO  server.RaftServerConfigKeys (ConfUtils.java:logGet(46)) - raft.server.rpc.sleep.time = 25ms (default)
2023-09-29 09:13:02,522 [f9652e80-d58c-49ab-ab0e-27e6fff13d69-groupManagement] INFO  server.RaftServerConfigKeys (ConfUtils.java:logGet(46)) - raft.server.rpc.slowness.timeout = 300s (custom)
2023-09-29 09:13:02,522 [f9652e80-d58c-49ab-ab0e-27e6fff13d69-groupManagement] INFO  server.RaftServerConfigKeys (ConfUtils.java:logGet(46)) - raft.server.leaderelection.leader.step-down.wait-time = 10s (default)
2023-09-29 09:13:02,522 [f9652e80-d58c-49ab-ab0e-27e6fff13d69-groupManagement] INFO  server.RaftServerConfigKeys (ConfUtils.java:logGet(46)) - raft.server.sleep.deviation.threshold = 300ms (default)
2023-09-29 09:13:02,523 [f9652e80-d58c-49ab-ab0e-27e6fff13d69-groupManagement] INFO  server.RaftServer$Division (ServerState.java:<init>(120)) - f9652e80-d58c-49ab-ab0e-27e6fff13d69@group-21480694BB4B: ConfigurationManager, init=-1: peers:[2a19af63-c44c-4b61-8149-4383770f1009|rpc:10.1.0.30:15032|admin:10.1.0.30:15031|client:10.1.0.30:15030|dataStream:10.1.0.30:15033|priority:0|startupRole:FOLLOWER, f9652e80-d58c-49ab-ab0e-27e6fff13d69|rpc:10.1.0.30:15023|admin:10.1.0.30:15022|client:10.1.0.30:15021|dataStream:10.1.0.30:15024|priority:1|startupRole:FOLLOWER, 808e3967-7510-49b7-87ea-3b9eb7a0b48e|rpc:10.1.0.30:15014|admin:10.1.0.30:15013|client:10.1.0.30:15012|dataStream:10.1.0.30:15015|priority:0|startupRole:FOLLOWER]|listeners:[], old=null, confs=<EMPTY_MAP>
2023-09-29 09:13:02,523 [f9652e80-d58c-49ab-ab0e-27e6fff13d69-groupManagement] INFO  server.RaftServerConfigKeys (ConfUtils.java:logGet(46)) - raft.server.storage.dir = [/home/runner/work/ozone/ozone/hadoop-ozone/integration-test/target/test-dir/MiniOzoneClusterImpl-2a0ec25a-3990-4628-8b93-857bbff79694/datanode-1/data/ratis] (custom)
2023-09-29 09:13:02,523 [f9652e80-d58c-49ab-ab0e-27e6fff13d69-groupManagement] INFO  server.RaftServerConfigKeys (ConfUtils.java:logGet(46)) - raft.server.log.corruption.policy = EXCEPTION (default)
2023-09-29 09:13:02,523 [f9652e80-d58c-49ab-ab0e-27e6fff13d69-groupManagement] INFO  server.RaftServerConfigKeys (ConfUtils.java:logGet(46)) - raft.server.storage.free-space.min = 0MB (=0) (default)
2023-09-29 09:13:02,523 [f9652e80-d58c-49ab-ab0e-27e6fff13d69-groupManagement] INFO  server.RaftServerConfigKeys (ConfUtils.java:logGet(46)) - raft.server.notification.no-leader.timeout = 300s (custom)
2023-09-29 09:13:02,523 [f9652e80-d58c-49ab-ab0e-27e6fff13d69-groupManagement] INFO  server.RaftServerConfigKeys (ConfUtils.java:logGet(46)) - raft.server.read.timeout = 10s (default)
2023-09-29 09:13:02,523 [f9652e80-d58c-49ab-ab0e-27e6fff13d69-groupManagement] INFO  server.RaftServerConfigKeys (ConfUtils.java:logGet(46)) - raft.server.retrycache.expirytime = 600000ms (custom)
2023-09-29 09:13:02,523 [f9652e80-d58c-49ab-ab0e-27e6fff13d69-groupManagement] INFO  server.RaftServerConfigKeys (ConfUtils.java:logGet(46)) - raft.server.retrycache.statistics.expirytime = 100μs (default)
2023-09-29 09:13:02,523 [f9652e80-d58c-49ab-ab0e-27e6fff13d69-groupManagement] INFO  server.RaftServerConfigKeys (ConfUtils.java:logGet(46)) - raft.server.read.option = DEFAULT (default)
2023-09-29 09:13:02,526 [f9652e80-d58c-49ab-ab0e-27e6fff13d69-groupManagement] INFO  server.RaftServerConfigKeys (ConfUtils.java:logGet(46)) - raft.server.rpc.request.timeout = 60s (custom)
2023-09-29 09:13:02,526 [f9652e80-d58c-49ab-ab0e-27e6fff13d69-groupManagement] INFO  server.RaftServerConfigKeys (ConfUtils.java:logGet(46)) - raft.server.log.appender.install.snapshot.enabled = false (custom)
2023-09-29 09:13:02,526 [f9652e80-d58c-49ab-ab0e-27e6fff13d69-groupManagement] INFO  server.RaftServerConfigKeys (ConfUtils.java:logGet(46)) - raft.server.threadpool.server.cached = true (default)
2023-09-29 09:13:02,526 [f9652e80-d58c-49ab-ab0e-27e6fff13d69-groupManagement] INFO  server.RaftServerConfigKeys (ConfUtils.java:logGet(46)) - raft.server.threadpool.server.size = 0 (default)
2023-09-29 09:13:02,526 [f9652e80-d58c-49ab-ab0e-27e6fff13d69-groupManagement] INFO  server.RaftServerConfigKeys (ConfUtils.java:logGet(46)) - raft.server.threadpool.client.cached = true (default)
2023-09-29 09:13:02,526 [f9652e80-d58c-49ab-ab0e-27e6fff13d69-groupManagement] INFO  server.RaftServerConfigKeys (ConfUtils.java:logGet(46)) - raft.server.threadpool.client.size = 0 (default)
2023-09-29 09:13:02,526 [f9652e80-d58c-49ab-ab0e-27e6fff13d69-groupManagement] INFO  storage.RaftStorageDirectory (RaftStorageDirectoryImpl.java:analyzeStorage(137)) - The storage directory /home/runner/work/ozone/ozone/hadoop-ozone/integration-test/target/test-dir/MiniOzoneClusterImpl-2a0ec25a-3990-4628-8b93-857bbff79694/datanode-1/data/ratis/8c5c8929-5404-440d-9621-21480694bb4b does not exist. Creating ...
2023-09-29 09:13:02,527 [f9652e80-d58c-49ab-ab0e-27e6fff13d69@group-C06849071740-FollowerState] INFO  server.RaftServerConfigKeys (ConfUtils.java:logFallback(53)) - raft.server.rpc.first-election.timeout.min = 5s (fallback to raft.server.rpc.timeout.min)
2023-09-29 09:13:02,534 [f9652e80-d58c-49ab-ab0e-27e6fff13d69@group-C06849071740-FollowerState] INFO  server.RaftServerConfigKeys (ConfUtils.java:logFallback(53)) - raft.server.rpc.first-election.timeout.max = 5200ms (fallback to raft.server.rpc.timeout.max)
2023-09-29 09:13:02,535 [f9652e80-d58c-49ab-ab0e-27e6fff13d69-groupManagement] INFO  storage.RaftStorageDirectory (RaftStorageDirectoryImpl.java:tryLock(231)) - Lock on /home/runner/work/ozone/ozone/hadoop-ozone/integration-test/target/test-dir/MiniOzoneClusterImpl-2a0ec25a-3990-4628-8b93-857bbff79694/datanode-1/data/ratis/8c5c8929-5404-440d-9621-21480694bb4b/in_use.lock acquired by nodename 20785@fv-az83-343
2023-09-29 09:13:02,537 [f9652e80-d58c-49ab-ab0e-27e6fff13d69-groupManagement] INFO  storage.RaftStorage (RaftStorageImpl.java:format(96)) - Storage directory /home/runner/work/ozone/ozone/hadoop-ozone/integration-test/target/test-dir/MiniOzoneClusterImpl-2a0ec25a-3990-4628-8b93-857bbff79694/datanode-1/data/ratis/8c5c8929-5404-440d-9621-21480694bb4b has been successfully formatted.
2023-09-29 09:13:02,537 [f9652e80-d58c-49ab-ab0e-27e6fff13d69-groupManagement] INFO  ratis.ContainerStateMachine (ContainerStateMachine.java:loadSnapshot(262)) - group-21480694BB4B: The snapshot info is null. Setting the last applied indexto:(t:0, i:~)
2023-09-29 09:13:02,538 [f9652e80-d58c-49ab-ab0e-27e6fff13d69-groupManagement] INFO  server.RaftServerConfigKeys (ConfUtils.java:logGet(46)) - raft.server.log.use.memory = false (default)
2023-09-29 09:13:02,538 [f9652e80-d58c-49ab-ab0e-27e6fff13d69-groupManagement] INFO  server.RaftServerConfigKeys (ConfUtils.java:logGet(46)) - raft.server.log.purge.gap = 1000000 (custom)
2023-09-29 09:13:02,538 [f9652e80-d58c-49ab-ab0e-27e6fff13d69-groupManagement] INFO  server.RaftServerConfigKeys (ConfUtils.java:logGet(46)) - raft.server.log.appender.buffer.byte-limit = 33554432 (custom)
2023-09-29 09:13:02,538 [f9652e80-d58c-49ab-ab0e-27e6fff13d69-groupManagement] INFO  server.RaftServerConfigKeys (ConfUtils.java:logGet(46)) - raft.server.log.statemachine.data.read.timeout = 1000ms (default)
2023-09-29 09:13:02,538 [f9652e80-d58c-49ab-ab0e-27e6fff13d69-groupManagement] INFO  server.RaftServerConfigKeys (ConfUtils.java:logGet(46)) - raft.server.log.purge.preservation.log.num = 0 (default)
2023-09-29 09:13:02,538 [f9652e80-d58c-49ab-ab0e-27e6fff13d69-groupManagement] INFO  server.RaftServerConfigKeys (ConfUtils.java:logGet(46)) - raft.server.log.segment.size.max = 1048576 (custom)
2023-09-29 09:13:02,540 [f9652e80-d58c-49ab-ab0e-27e6fff13d69-groupManagement] INFO  server.RaftServerConfigKeys (ConfUtils.java:logGet(46)) - raft.server.log.segment.cache.num.max = 2 (custom)
2023-09-29 09:13:02,540 [f9652e80-d58c-49ab-ab0e-27e6fff13d69-groupManagement] INFO  server.RaftServerConfigKeys (ConfUtils.java:logGet(46)) - raft.server.log.segment.cache.size.max = 200MB (=209715200) (default)
2023-09-29 09:13:02,540 [f9652e80-d58c-49ab-ab0e-27e6fff13d69-groupManagement] INFO  server.RaftServerConfigKeys (ConfUtils.java:logGet(46)) - raft.server.log.appender.buffer.byte-limit = 33554432 (custom)
2023-09-29 09:13:02,540 [f9652e80-d58c-49ab-ab0e-27e6fff13d69-groupManagement] INFO  segmented.SegmentedRaftLogWorker (SegmentedRaftLogWorker.java:<init>(188)) - new f9652e80-d58c-49ab-ab0e-27e6fff13d69@group-21480694BB4B-SegmentedRaftLogWorker for RaftStorageImpl:Storage Directory /home/runner/work/ozone/ozone/hadoop-ozone/integration-test/target/test-dir/MiniOzoneClusterImpl-2a0ec25a-3990-4628-8b93-857bbff79694/datanode-1/data/ratis/8c5c8929-5404-440d-9621-21480694bb4b
2023-09-29 09:13:02,540 [f9652e80-d58c-49ab-ab0e-27e6fff13d69-groupManagement] INFO  server.RaftServerConfigKeys (ConfUtils.java:logGet(46)) - raft.server.log.queue.byte-limit = 4294967296 (custom)
2023-09-29 09:13:02,541 [f9652e80-d58c-49ab-ab0e-27e6fff13d69-groupManagement] INFO  server.RaftServerConfigKeys (ConfUtils.java:logGet(46)) - raft.server.log.queue.element-limit = 1024 (custom)
2023-09-29 09:13:02,540 [EventQueue-OpenPipelineForHealthyPipelineSafeModeRule] INFO  safemode.SCMSafeModeManager (HealthyPipelineSafeModeRule.java:process(137)) - SCM in safe mode. Healthy pipelines reported count is 0, required healthy pipeline reported count is 1
2023-09-29 09:13:02,541 [f9652e80-d58c-49ab-ab0e-27e6fff13d69-groupManagement] INFO  server.RaftServerConfigKeys (ConfUtils.java:logGet(46)) - raft.server.log.segment.size.max = 1048576 (custom)
2023-09-29 09:13:02,541 [f9652e80-d58c-49ab-ab0e-27e6fff13d69-groupManagement] INFO  server.RaftServerConfigKeys (ConfUtils.java:logGet(46)) - raft.server.log.preallocated.size = 16384 (custom)
2023-09-29 09:13:02,541 [f9652e80-d58c-49ab-ab0e-27e6fff13d69-groupManagement] INFO  server.RaftServerConfigKeys (ConfUtils.java:logGet(46)) - raft.server.log.force.sync.num = 128 (default)
2023-09-29 09:13:02,541 [f9652e80-d58c-49ab-ab0e-27e6fff13d69-groupManagement] INFO  server.RaftServerConfigKeys (ConfUtils.java:logGet(46)) - raft.server.log.statemachine.data.sync = true (default)
2023-09-29 09:13:02,541 [f9652e80-d58c-49ab-ab0e-27e6fff13d69-groupManagement] INFO  server.RaftServerConfigKeys (ConfUtils.java:logGet(46)) - raft.server.log.statemachine.data.sync.timeout = 10s (default)
2023-09-29 09:13:02,541 [f9652e80-d58c-49ab-ab0e-27e6fff13d69-groupManagement] INFO  server.RaftServerConfigKeys (ConfUtils.java:logGet(46)) - raft.server.log.statemachine.data.sync.timeout.retry = -1 (default)
2023-09-29 09:13:02,545 [f9652e80-d58c-49ab-ab0e-27e6fff13d69-groupManagement] INFO  server.RaftServerConfigKeys (ConfUtils.java:logGet(46)) - raft.server.log.write.buffer.size = 1048576 (custom)
2023-09-29 09:13:02,545 [f9652e80-d58c-49ab-ab0e-27e6fff13d69-groupManagement] INFO  server.RaftServerConfigKeys (ConfUtils.java:logGet(46)) - raft.server.log.appender.buffer.byte-limit = 33554432 (custom)
2023-09-29 09:13:02,552 [f9652e80-d58c-49ab-ab0e-27e6fff13d69-groupManagement] INFO  server.RaftServerConfigKeys (ConfUtils.java:logGet(46)) - raft.server.log.unsafe-flush.enabled = false (default)
2023-09-29 09:13:02,552 [f9652e80-d58c-49ab-ab0e-27e6fff13d69-groupManagement] INFO  server.RaftServerConfigKeys (ConfUtils.java:logGet(46)) - raft.server.log.async-flush.enabled = false (default)
2023-09-29 09:13:02,552 [f9652e80-d58c-49ab-ab0e-27e6fff13d69-groupManagement] INFO  server.RaftServerConfigKeys (ConfUtils.java:logGet(46)) - raft.server.log.statemachine.data.caching.enabled = true (custom)
2023-09-29 09:13:02,552 [f9652e80-d58c-49ab-ab0e-27e6fff13d69-groupManagement] INFO  segmented.SegmentedRaftLogWorker (SegmentedRaftLogWorker.java:lambda$new$0(135)) - f9652e80-d58c-49ab-ab0e-27e6fff13d69@group-21480694BB4B-SegmentedRaftLogWorker: flushIndex: setUnconditionally 0 -> -1
2023-09-29 09:13:02,552 [f9652e80-d58c-49ab-ab0e-27e6fff13d69-groupManagement] INFO  segmented.SegmentedRaftLogWorker (SegmentedRaftLogWorker.java:lambda$new$0(135)) - f9652e80-d58c-49ab-ab0e-27e6fff13d69@group-21480694BB4B-SegmentedRaftLogWorker: safeCacheEvictIndex: setUnconditionally 0 -> -1
2023-09-29 09:13:02,553 [f9652e80-d58c-49ab-ab0e-27e6fff13d69-groupManagement] INFO  server.RaftServer$Division (RaftServerImpl.java:start(342)) - f9652e80-d58c-49ab-ab0e-27e6fff13d69@group-21480694BB4B: start as a follower, conf=-1: peers:[2a19af63-c44c-4b61-8149-4383770f1009|rpc:10.1.0.30:15032|admin:10.1.0.30:15031|client:10.1.0.30:15030|dataStream:10.1.0.30:15033|priority:0|startupRole:FOLLOWER, f9652e80-d58c-49ab-ab0e-27e6fff13d69|rpc:10.1.0.30:15023|admin:10.1.0.30:15022|client:10.1.0.30:15021|dataStream:10.1.0.30:15024|priority:1|startupRole:FOLLOWER, 808e3967-7510-49b7-87ea-3b9eb7a0b48e|rpc:10.1.0.30:15014|admin:10.1.0.30:15013|client:10.1.0.30:15012|dataStream:10.1.0.30:15015|priority:0|startupRole:FOLLOWER]|listeners:[], old=null
2023-09-29 09:13:02,553 [f9652e80-d58c-49ab-ab0e-27e6fff13d69-groupManagement] INFO  server.RaftServer$Division (RaftServerImpl.java:setRole(329)) - f9652e80-d58c-49ab-ab0e-27e6fff13d69@group-21480694BB4B: changes role from      null to FOLLOWER at term 0 for startAsFollower
2023-09-29 09:13:02,553 [f9652e80-d58c-49ab-ab0e-27e6fff13d69-groupManagement] INFO  impl.RoleInfo (RoleInfo.java:updateAndGet(139)) - f9652e80-d58c-49ab-ab0e-27e6fff13d69: start f9652e80-d58c-49ab-ab0e-27e6fff13d69@group-21480694BB4B-FollowerState
2023-09-29 09:13:02,553 [f9652e80-d58c-49ab-ab0e-27e6fff13d69-groupManagement] INFO  util.JmxRegister (JmxRegister.java:tryRegister(44)) - Successfully registered JMX Bean with object name Ratis:service=RaftServer,group=group-21480694BB4B,id=f9652e80-d58c-49ab-ab0e-27e6fff13d69
2023-09-29 09:13:02,554 [f9652e80-d58c-49ab-ab0e-27e6fff13d69-groupManagement] INFO  server.RaftServerConfigKeys (ConfUtils.java:logGet(46)) - raft.server.snapshot.auto.trigger.enabled = true (custom)
2023-09-29 09:13:02,554 [f9652e80-d58c-49ab-ab0e-27e6fff13d69-groupManagement] INFO  server.RaftServerConfigKeys (ConfUtils.java:logGet(46)) - raft.server.snapshot.auto.trigger.threshold = 10000 (custom)
2023-09-29 09:13:02,554 [f9652e80-d58c-49ab-ab0e-27e6fff13d69-groupManagement] INFO  server.RaftServerConfigKeys (ConfUtils.java:logGet(46)) - raft.server.snapshot.retention.file.num = 5 (custom)
2023-09-29 09:13:02,554 [f9652e80-d58c-49ab-ab0e-27e6fff13d69-groupManagement] INFO  server.RaftServerConfigKeys (ConfUtils.java:logGet(46)) - raft.server.log.purge.upto.snapshot.index = false (default)
2023-09-29 09:13:02,555 [f9652e80-d58c-49ab-ab0e-27e6fff13d69@group-21480694BB4B-FollowerState] INFO  server.RaftServerConfigKeys (ConfUtils.java:logFallback(53)) - raft.server.rpc.first-election.timeout.min = 5s (fallback to raft.server.rpc.timeout.min)
2023-09-29 09:13:02,555 [PipelineCommandHandlerThread-0] INFO  ratis.XceiverServerRatis (XceiverServerRatis.java:addGroup(804)) - Created group PipelineID=8c5c8929-5404-440d-9621-21480694bb4b
2023-09-29 09:13:02,560 [f9652e80-d58c-49ab-ab0e-27e6fff13d69@group-21480694BB4B-FollowerState] INFO  server.RaftServerConfigKeys (ConfUtils.java:logFallback(53)) - raft.server.rpc.first-election.timeout.max = 5200ms (fallback to raft.server.rpc.timeout.max)
2023-09-29 09:13:02,690 [main] INFO  ozone.MiniOzoneClusterImpl (MiniOzoneClusterImpl.java:lambda$waitForClusterToBeReady$0(229)) - Nodes are ready. Got 5 of 5 DN Heartbeats.
2023-09-29 09:13:02,690 [main] INFO  ozone.MiniOzoneClusterImpl (MiniOzoneClusterImpl.java:lambda$waitForClusterToBeReady$0(232)) - Waiting for cluster to exit safe mode
2023-09-29 09:13:02,690 [main] INFO  ozone.MiniOzoneClusterImpl (MiniOzoneClusterImpl.java:lambda$waitForClusterToBeReady$0(234)) - SCM became leader
2023-09-29 09:13:02,740 [grpc-default-executor-1] INFO  server.RaftServer (RaftServerProxy.java:addNew(98)) - 2a19af63-c44c-4b61-8149-4383770f1009: addNew group-21480694BB4B:[2a19af63-c44c-4b61-8149-4383770f1009|rpc:10.1.0.30:15032|admin:10.1.0.30:15031|client:10.1.0.30:15030|dataStream:10.1.0.30:15033|priority:0|startupRole:FOLLOWER, f9652e80-d58c-49ab-ab0e-27e6fff13d69|rpc:10.1.0.30:15023|admin:10.1.0.30:15022|client:10.1.0.30:15021|dataStream:10.1.0.30:15024|priority:1|startupRole:FOLLOWER, 808e3967-7510-49b7-87ea-3b9eb7a0b48e|rpc:10.1.0.30:15014|admin:10.1.0.30:15013|client:10.1.0.30:15012|dataStream:10.1.0.30:15015|priority:0|startupRole:FOLLOWER] returns group-21480694BB4B:java.util.concurrent.CompletableFuture@4ff6e1af[Not completed]
2023-09-29 09:13:02,746 [2a19af63-c44c-4b61-8149-4383770f1009-groupManagement] INFO  server.RaftServer$Division (RaftServerImpl.java:<init>(198)) - 2a19af63-c44c-4b61-8149-4383770f1009: new RaftServerImpl for group-21480694BB4B:[2a19af63-c44c-4b61-8149-4383770f1009|rpc:10.1.0.30:15032|admin:10.1.0.30:15031|client:10.1.0.30:15030|dataStream:10.1.0.30:15033|priority:0|startupRole:FOLLOWER, f9652e80-d58c-49ab-ab0e-27e6fff13d69|rpc:10.1.0.30:15023|admin:10.1.0.30:15022|client:10.1.0.30:15021|dataStream:10.1.0.30:15024|priority:1|startupRole:FOLLOWER, 808e3967-7510-49b7-87ea-3b9eb7a0b48e|rpc:10.1.0.30:15014|admin:10.1.0.30:15013|client:10.1.0.30:15012|dataStream:10.1.0.30:15015|priority:0|startupRole:FOLLOWER] with ContainerStateMachine:uninitialized
2023-09-29 09:13:02,747 [2a19af63-c44c-4b61-8149-4383770f1009-groupManagement] INFO  server.RaftServerConfigKeys (ConfUtils.java:logGet(46)) - raft.server.rpc.timeout.min = 5s (custom)
2023-09-29 09:13:02,747 [2a19af63-c44c-4b61-8149-4383770f1009-groupManagement] INFO  server.RaftServerConfigKeys (ConfUtils.java:logGet(46)) - raft.server.rpc.timeout.max = 5200ms (custom)
2023-09-29 09:13:02,747 [2a19af63-c44c-4b61-8149-4383770f1009-groupManagement] INFO  server.RaftServerConfigKeys (ConfUtils.java:logGet(46)) - raft.server.rpc.sleep.time = 25ms (default)
2023-09-29 09:13:02,747 [2a19af63-c44c-4b61-8149-4383770f1009-groupManagement] INFO  server.RaftServerConfigKeys (ConfUtils.java:logGet(46)) - raft.server.rpc.slowness.timeout = 300s (custom)
2023-09-29 09:13:02,747 [2a19af63-c44c-4b61-8149-4383770f1009-groupManagement] INFO  server.RaftServerConfigKeys (ConfUtils.java:logGet(46)) - raft.server.leaderelection.leader.step-down.wait-time = 10s (default)
2023-09-29 09:13:02,747 [2a19af63-c44c-4b61-8149-4383770f1009-groupManagement] INFO  server.RaftServerConfigKeys (ConfUtils.java:logGet(46)) - raft.server.sleep.deviation.threshold = 300ms (default)
2023-09-29 09:13:02,748 [2a19af63-c44c-4b61-8149-4383770f1009-groupManagement] INFO  server.RaftServer$Division (ServerState.java:<init>(120)) - 2a19af63-c44c-4b61-8149-4383770f1009@group-21480694BB4B: ConfigurationManager, init=-1: peers:[2a19af63-c44c-4b61-8149-4383770f1009|rpc:10.1.0.30:15032|admin:10.1.0.30:15031|client:10.1.0.30:15030|dataStream:10.1.0.30:15033|priority:0|startupRole:FOLLOWER, f9652e80-d58c-49ab-ab0e-27e6fff13d69|rpc:10.1.0.30:15023|admin:10.1.0.30:15022|client:10.1.0.30:15021|dataStream:10.1.0.30:15024|priority:1|startupRole:FOLLOWER, 808e3967-7510-49b7-87ea-3b9eb7a0b48e|rpc:10.1.0.30:15014|admin:10.1.0.30:15013|client:10.1.0.30:15012|dataStream:10.1.0.30:15015|priority:0|startupRole:FOLLOWER]|listeners:[], old=null, confs=<EMPTY_MAP>
2023-09-29 09:13:02,748 [2a19af63-c44c-4b61-8149-4383770f1009-groupManagement] INFO  server.RaftServerConfigKeys (ConfUtils.java:logGet(46)) - raft.server.storage.dir = [/home/runner/work/ozone/ozone/hadoop-ozone/integration-test/target/test-dir/MiniOzoneClusterImpl-2a0ec25a-3990-4628-8b93-857bbff79694/datanode-2/data/ratis] (custom)
2023-09-29 09:13:02,748 [2a19af63-c44c-4b61-8149-4383770f1009-groupManagement] INFO  server.RaftServerConfigKeys (ConfUtils.java:logGet(46)) - raft.server.log.corruption.policy = EXCEPTION (default)
2023-09-29 09:13:02,749 [2a19af63-c44c-4b61-8149-4383770f1009-groupManagement] INFO  server.RaftServerConfigKeys (ConfUtils.java:logGet(46)) - raft.server.storage.free-space.min = 0MB (=0) (default)
2023-09-29 09:13:02,749 [2a19af63-c44c-4b61-8149-4383770f1009-groupManagement] INFO  server.RaftServerConfigKeys (ConfUtils.java:logGet(46)) - raft.server.notification.no-leader.timeout = 300s (custom)
2023-09-29 09:13:02,749 [2a19af63-c44c-4b61-8149-4383770f1009-groupManagement] INFO  server.RaftServerConfigKeys (ConfUtils.java:logGet(46)) - raft.server.read.timeout = 10s (default)
2023-09-29 09:13:02,749 [2a19af63-c44c-4b61-8149-4383770f1009-groupManagement] INFO  server.RaftServerConfigKeys (ConfUtils.java:logGet(46)) - raft.server.retrycache.expirytime = 600000ms (custom)
2023-09-29 09:13:02,749 [2a19af63-c44c-4b61-8149-4383770f1009-groupManagement] INFO  server.RaftServerConfigKeys (ConfUtils.java:logGet(46)) - raft.server.retrycache.statistics.expirytime = 100μs (default)
2023-09-29 09:13:02,749 [2a19af63-c44c-4b61-8149-4383770f1009-groupManagement] INFO  server.RaftServerConfigKeys (ConfUtils.java:logGet(46)) - raft.server.read.option = DEFAULT (default)
2023-09-29 09:13:02,763 [2a19af63-c44c-4b61-8149-4383770f1009-groupManagement] INFO  server.RaftServerConfigKeys (ConfUtils.java:logGet(46)) - raft.server.rpc.request.timeout = 60s (custom)
2023-09-29 09:13:02,763 [2a19af63-c44c-4b61-8149-4383770f1009-groupManagement] INFO  server.RaftServerConfigKeys (ConfUtils.java:logGet(46)) - raft.server.log.appender.install.snapshot.enabled = false (custom)
2023-09-29 09:13:02,763 [2a19af63-c44c-4b61-8149-4383770f1009-groupManagement] INFO  server.RaftServerConfigKeys (ConfUtils.java:logGet(46)) - raft.server.threadpool.server.cached = true (default)
2023-09-29 09:13:02,763 [2a19af63-c44c-4b61-8149-4383770f1009-groupManagement] INFO  server.RaftServerConfigKeys (ConfUtils.java:logGet(46)) - raft.server.threadpool.server.size = 0 (default)
2023-09-29 09:13:02,763 [2a19af63-c44c-4b61-8149-4383770f1009-groupManagement] INFO  server.RaftServerConfigKeys (ConfUtils.java:logGet(46)) - raft.server.threadpool.client.cached = true (default)
2023-09-29 09:13:02,763 [2a19af63-c44c-4b61-8149-4383770f1009-groupManagement] INFO  server.RaftServerConfigKeys (ConfUtils.java:logGet(46)) - raft.server.threadpool.client.size = 0 (default)
2023-09-29 09:13:02,763 [2a19af63-c44c-4b61-8149-4383770f1009-groupManagement] INFO  storage.RaftStorageDirectory (RaftStorageDirectoryImpl.java:analyzeStorage(137)) - The storage directory /home/runner/work/ozone/ozone/hadoop-ozone/integration-test/target/test-dir/MiniOzoneClusterImpl-2a0ec25a-3990-4628-8b93-857bbff79694/datanode-2/data/ratis/8c5c8929-5404-440d-9621-21480694bb4b does not exist. Creating ...
2023-09-29 09:13:02,765 [2a19af63-c44c-4b61-8149-4383770f1009-groupManagement] INFO  storage.RaftStorageDirectory (RaftStorageDirectoryImpl.java:tryLock(231)) - Lock on /home/runner/work/ozone/ozone/hadoop-ozone/integration-test/target/test-dir/MiniOzoneClusterImpl-2a0ec25a-3990-4628-8b93-857bbff79694/datanode-2/data/ratis/8c5c8929-5404-440d-9621-21480694bb4b/in_use.lock acquired by nodename 20785@fv-az83-343
2023-09-29 09:13:02,767 [2a19af63-c44c-4b61-8149-4383770f1009-groupManagement] INFO  storage.RaftStorage (RaftStorageImpl.java:format(96)) - Storage directory /home/runner/work/ozone/ozone/hadoop-ozone/integration-test/target/test-dir/MiniOzoneClusterImpl-2a0ec25a-3990-4628-8b93-857bbff79694/datanode-2/data/ratis/8c5c8929-5404-440d-9621-21480694bb4b has been successfully formatted.
2023-09-29 09:13:02,773 [2a19af63-c44c-4b61-8149-4383770f1009-groupManagement] INFO  ratis.ContainerStateMachine (ContainerStateMachine.java:loadSnapshot(262)) - group-21480694BB4B: The snapshot info is null. Setting the last applied indexto:(t:0, i:~)
2023-09-29 09:13:02,773 [2a19af63-c44c-4b61-8149-4383770f1009-groupManagement] INFO  server.RaftServerConfigKeys (ConfUtils.java:logGet(46)) - raft.server.log.use.memory = false (default)
2023-09-29 09:13:02,773 [2a19af63-c44c-4b61-8149-4383770f1009-groupManagement] INFO  server.RaftServerConfigKeys (ConfUtils.java:logGet(46)) - raft.server.log.purge.gap = 1000000 (custom)
2023-09-29 09:13:02,776 [2a19af63-c44c-4b61-8149-4383770f1009-groupManagement] INFO  server.RaftServerConfigKeys (ConfUtils.java:logGet(46)) - raft.server.log.appender.buffer.byte-limit = 33554432 (custom)
2023-09-29 09:13:02,777 [2a19af63-c44c-4b61-8149-4383770f1009-groupManagement] INFO  server.RaftServerConfigKeys (ConfUtils.java:logGet(46)) - raft.server.log.statemachine.data.read.timeout = 1000ms (default)
2023-09-29 09:13:02,777 [2a19af63-c44c-4b61-8149-4383770f1009-groupManagement] INFO  server.RaftServerConfigKeys (ConfUtils.java:logGet(46)) - raft.server.log.purge.preservation.log.num = 0 (default)
2023-09-29 09:13:02,782 [2a19af63-c44c-4b61-8149-4383770f1009-groupManagement] INFO  server.RaftServerConfigKeys (ConfUtils.java:logGet(46)) - raft.server.log.segment.size.max = 1048576 (custom)
2023-09-29 09:13:02,783 [2a19af63-c44c-4b61-8149-4383770f1009-groupManagement] INFO  server.RaftServerConfigKeys (ConfUtils.java:logGet(46)) - raft.server.log.segment.cache.num.max = 2 (custom)
2023-09-29 09:13:02,783 [2a19af63-c44c-4b61-8149-4383770f1009-groupManagement] INFO  server.RaftServerConfigKeys (ConfUtils.java:logGet(46)) - raft.server.log.segment.cache.size.max = 200MB (=209715200) (default)
2023-09-29 09:13:02,783 [2a19af63-c44c-4b61-8149-4383770f1009-groupManagement] INFO  server.RaftServerConfigKeys (ConfUtils.java:logGet(46)) - raft.server.log.appender.buffer.byte-limit = 33554432 (custom)
2023-09-29 09:13:02,783 [2a19af63-c44c-4b61-8149-4383770f1009-groupManagement] INFO  segmented.SegmentedRaftLogWorker (SegmentedRaftLogWorker.java:<init>(188)) - new 2a19af63-c44c-4b61-8149-4383770f1009@group-21480694BB4B-SegmentedRaftLogWorker for RaftStorageImpl:Storage Directory /home/runner/work/ozone/ozone/hadoop-ozone/integration-test/target/test-dir/MiniOzoneClusterImpl-2a0ec25a-3990-4628-8b93-857bbff79694/datanode-2/data/ratis/8c5c8929-5404-440d-9621-21480694bb4b
2023-09-29 09:13:02,783 [2a19af63-c44c-4b61-8149-4383770f1009-groupManagement] INFO  server.RaftServerConfigKeys (ConfUtils.java:logGet(46)) - raft.server.log.queue.byte-limit = 4294967296 (custom)
2023-09-29 09:13:02,783 [2a19af63-c44c-4b61-8149-4383770f1009-groupManagement] INFO  server.RaftServerConfigKeys (ConfUtils.java:logGet(46)) - raft.server.log.queue.element-limit = 1024 (custom)
2023-09-29 09:13:02,784 [2a19af63-c44c-4b61-8149-4383770f1009-groupManagement] INFO  server.RaftServerConfigKeys (ConfUtils.java:logGet(46)) - raft.server.log.segment.size.max = 1048576 (custom)
2023-09-29 09:13:02,784 [2a19af63-c44c-4b61-8149-4383770f1009-groupManagement] INFO  server.RaftServerConfigKeys (ConfUtils.java:logGet(46)) - raft.server.log.preallocated.size = 16384 (custom)
2023-09-29 09:13:02,784 [2a19af63-c44c-4b61-8149-4383770f1009-groupManagement] INFO  server.RaftServerConfigKeys (ConfUtils.java:logGet(46)) - raft.server.log.force.sync.num = 128 (default)
2023-09-29 09:13:02,784 [2a19af63-c44c-4b61-8149-4383770f1009-groupManagement] INFO  server.RaftServerConfigKeys (ConfUtils.java:logGet(46)) - raft.server.log.statemachine.data.sync = true (default)
2023-09-29 09:13:02,784 [2a19af63-c44c-4b61-8149-4383770f1009-groupManagement] INFO  server.RaftServerConfigKeys (ConfUtils.java:logGet(46)) - raft.server.log.statemachine.data.sync.timeout = 10s (default)
2023-09-29 09:13:02,784 [2a19af63-c44c-4b61-8149-4383770f1009-groupManagement] INFO  server.RaftServerConfigKeys (ConfUtils.java:logGet(46)) - raft.server.log.statemachine.data.sync.timeout.retry = -1 (default)
2023-09-29 09:13:02,787 [2a19af63-c44c-4b61-8149-4383770f1009-groupManagement] INFO  server.RaftServerConfigKeys (ConfUtils.java:logGet(46)) - raft.server.log.write.buffer.size = 1048576 (custom)
2023-09-29 09:13:02,787 [2a19af63-c44c-4b61-8149-4383770f1009-groupManagement] INFO  server.RaftServerConfigKeys (ConfUtils.java:logGet(46)) - raft.server.log.appender.buffer.byte-limit = 33554432 (custom)
2023-09-29 09:13:02,799 [2a19af63-c44c-4b61-8149-4383770f1009-groupManagement] INFO  server.RaftServerConfigKeys (ConfUtils.java:logGet(46)) - raft.server.log.unsafe-flush.enabled = false (default)
2023-09-29 09:13:02,799 [2a19af63-c44c-4b61-8149-4383770f1009-groupManagement] INFO  server.RaftServerConfigKeys (ConfUtils.java:logGet(46)) - raft.server.log.async-flush.enabled = false (default)
2023-09-29 09:13:02,799 [2a19af63-c44c-4b61-8149-4383770f1009-groupManagement] INFO  server.RaftServerConfigKeys (ConfUtils.java:logGet(46)) - raft.server.log.statemachine.data.caching.enabled = true (custom)
2023-09-29 09:13:02,799 [2a19af63-c44c-4b61-8149-4383770f1009-groupManagement] INFO  segmented.SegmentedRaftLogWorker (SegmentedRaftLogWorker.java:lambda$new$0(135)) - 2a19af63-c44c-4b61-8149-4383770f1009@group-21480694BB4B-SegmentedRaftLogWorker: flushIndex: setUnconditionally 0 -> -1
2023-09-29 09:13:02,799 [2a19af63-c44c-4b61-8149-4383770f1009-groupManagement] INFO  segmented.SegmentedRaftLogWorker (SegmentedRaftLogWorker.java:lambda$new$0(135)) - 2a19af63-c44c-4b61-8149-4383770f1009@group-21480694BB4B-SegmentedRaftLogWorker: safeCacheEvictIndex: setUnconditionally 0 -> -1
2023-09-29 09:13:02,800 [2a19af63-c44c-4b61-8149-4383770f1009-groupManagement] INFO  server.RaftServer$Division (RaftServerImpl.java:start(342)) - 2a19af63-c44c-4b61-8149-4383770f1009@group-21480694BB4B: start as a follower, conf=-1: peers:[2a19af63-c44c-4b61-8149-4383770f1009|rpc:10.1.0.30:15032|admin:10.1.0.30:15031|client:10.1.0.30:15030|dataStream:10.1.0.30:15033|priority:0|startupRole:FOLLOWER, f9652e80-d58c-49ab-ab0e-27e6fff13d69|rpc:10.1.0.30:15023|admin:10.1.0.30:15022|client:10.1.0.30:15021|dataStream:10.1.0.30:15024|priority:1|startupRole:FOLLOWER, 808e3967-7510-49b7-87ea-3b9eb7a0b48e|rpc:10.1.0.30:15014|admin:10.1.0.30:15013|client:10.1.0.30:15012|dataStream:10.1.0.30:15015|priority:0|startupRole:FOLLOWER]|listeners:[], old=null
2023-09-29 09:13:02,800 [2a19af63-c44c-4b61-8149-4383770f1009-groupManagement] INFO  server.RaftServer$Division (RaftServerImpl.java:setRole(329)) - 2a19af63-c44c-4b61-8149-4383770f1009@group-21480694BB4B: changes role from      null to FOLLOWER at term 0 for startAsFollower
2023-09-29 09:13:02,800 [2a19af63-c44c-4b61-8149-4383770f1009-groupManagement] INFO  impl.RoleInfo (RoleInfo.java:updateAndGet(139)) - 2a19af63-c44c-4b61-8149-4383770f1009: start 2a19af63-c44c-4b61-8149-4383770f1009@group-21480694BB4B-FollowerState
2023-09-29 09:13:02,803 [2a19af63-c44c-4b61-8149-4383770f1009-groupManagement] INFO  util.JmxRegister (JmxRegister.java:tryRegister(44)) - Successfully registered JMX Bean with object name Ratis:service=RaftServer,group=group-21480694BB4B,id=2a19af63-c44c-4b61-8149-4383770f1009
2023-09-29 09:13:02,803 [2a19af63-c44c-4b61-8149-4383770f1009-groupManagement] INFO  server.RaftServerConfigKeys (ConfUtils.java:logGet(46)) - raft.server.snapshot.auto.trigger.enabled = true (custom)
2023-09-29 09:13:02,803 [2a19af63-c44c-4b61-8149-4383770f1009-groupManagement] INFO  server.RaftServerConfigKeys (ConfUtils.java:logGet(46)) - raft.server.snapshot.auto.trigger.threshold = 10000 (custom)
2023-09-29 09:13:02,803 [2a19af63-c44c-4b61-8149-4383770f1009-groupManagement] INFO  server.RaftServerConfigKeys (ConfUtils.java:logGet(46)) - raft.server.snapshot.retention.file.num = 5 (custom)
2023-09-29 09:13:02,803 [2a19af63-c44c-4b61-8149-4383770f1009-groupManagement] INFO  server.RaftServerConfigKeys (ConfUtils.java:logGet(46)) - raft.server.log.purge.upto.snapshot.index = false (default)
2023-09-29 09:13:02,813 [2a19af63-c44c-4b61-8149-4383770f1009@group-21480694BB4B-FollowerState] INFO  server.RaftServerConfigKeys (ConfUtils.java:logFallback(53)) - raft.server.rpc.first-election.timeout.min = 5s (fallback to raft.server.rpc.timeout.min)
2023-09-29 09:13:02,814 [2a19af63-c44c-4b61-8149-4383770f1009@group-21480694BB4B-FollowerState] INFO  server.RaftServerConfigKeys (ConfUtils.java:logFallback(53)) - raft.server.rpc.first-election.timeout.max = 5200ms (fallback to raft.server.rpc.timeout.max)
2023-09-29 09:13:02,925 [PipelineCommandHandlerThread-0] INFO  server.RaftServer (RaftServerProxy.java:addNew(98)) - 2a19af63-c44c-4b61-8149-4383770f1009: addNew group-8C93D2FE0CF0:[2a19af63-c44c-4b61-8149-4383770f1009|rpc:10.1.0.30:15032|admin:10.1.0.30:15031|client:10.1.0.30:15030|dataStream:10.1.0.30:15033|priority:1|startupRole:FOLLOWER] returns group-8C93D2FE0CF0:java.util.concurrent.CompletableFuture@7a4a4ff8[Not completed]
2023-09-29 09:13:02,930 [2a19af63-c44c-4b61-8149-4383770f1009-groupManagement] INFO  server.RaftServer$Division (RaftServerImpl.java:<init>(198)) - 2a19af63-c44c-4b61-8149-4383770f1009: new RaftServerImpl for group-8C93D2FE0CF0:[2a19af63-c44c-4b61-8149-4383770f1009|rpc:10.1.0.30:15032|admin:10.1.0.30:15031|client:10.1.0.30:15030|dataStream:10.1.0.30:15033|priority:1|startupRole:FOLLOWER] with ContainerStateMachine:uninitialized
2023-09-29 09:13:02,930 [2a19af63-c44c-4b61-8149-4383770f1009-groupManagement] INFO  server.RaftServerConfigKeys (ConfUtils.java:logGet(46)) - raft.server.rpc.timeout.min = 5s (custom)
2023-09-29 09:13:02,930 [2a19af63-c44c-4b61-8149-4383770f1009-groupManagement] INFO  server.RaftServerConfigKeys (ConfUtils.java:logGet(46)) - raft.server.rpc.timeout.max = 5200ms (custom)
2023-09-29 09:13:02,930 [2a19af63-c44c-4b61-8149-4383770f1009-groupManagement] INFO  server.RaftServerConfigKeys (ConfUtils.java:logGet(46)) - raft.server.rpc.sleep.time = 25ms (default)
2023-09-29 09:13:02,930 [2a19af63-c44c-4b61-8149-4383770f1009-groupManagement] INFO  server.RaftServerConfigKeys (ConfUtils.java:logGet(46)) - raft.server.rpc.slowness.timeout = 300s (custom)
2023-09-29 09:13:02,930 [2a19af63-c44c-4b61-8149-4383770f1009-groupManagement] INFO  server.RaftServerConfigKeys (ConfUtils.java:logGet(46)) - raft.server.leaderelection.leader.step-down.wait-time = 10s (default)
2023-09-29 09:13:02,931 [2a19af63-c44c-4b61-8149-4383770f1009-groupManagement] INFO  server.RaftServerConfigKeys (ConfUtils.java:logGet(46)) - raft.server.sleep.deviation.threshold = 300ms (default)
2023-09-29 09:13:02,931 [2a19af63-c44c-4b61-8149-4383770f1009-groupManagement] INFO  server.RaftServer$Division (ServerState.java:<init>(120)) - 2a19af63-c44c-4b61-8149-4383770f1009@group-8C93D2FE0CF0: ConfigurationManager, init=-1: peers:[2a19af63-c44c-4b61-8149-4383770f1009|rpc:10.1.0.30:15032|admin:10.1.0.30:15031|client:10.1.0.30:15030|dataStream:10.1.0.30:15033|priority:1|startupRole:FOLLOWER]|listeners:[], old=null, confs=<EMPTY_MAP>
2023-09-29 09:13:02,931 [2a19af63-c44c-4b61-8149-4383770f1009-groupManagement] INFO  server.RaftServerConfigKeys (ConfUtils.java:logGet(46)) - raft.server.storage.dir = [/home/runner/work/ozone/ozone/hadoop-ozone/integration-test/target/test-dir/MiniOzoneClusterImpl-2a0ec25a-3990-4628-8b93-857bbff79694/datanode-2/data/ratis] (custom)
2023-09-29 09:13:02,932 [2a19af63-c44c-4b61-8149-4383770f1009-groupManagement] INFO  server.RaftServerConfigKeys (ConfUtils.java:logGet(46)) - raft.server.log.corruption.policy = EXCEPTION (default)
2023-09-29 09:13:02,932 [2a19af63-c44c-4b61-8149-4383770f1009-groupManagement] INFO  server.RaftServerConfigKeys (ConfUtils.java:logGet(46)) - raft.server.storage.free-space.min = 0MB (=0) (default)
2023-09-29 09:13:02,932 [2a19af63-c44c-4b61-8149-4383770f1009-groupManagement] INFO  server.RaftServerConfigKeys (ConfUtils.java:logGet(46)) - raft.server.notification.no-leader.timeout = 300s (custom)
2023-09-29 09:13:02,932 [2a19af63-c44c-4b61-8149-4383770f1009-groupManagement] INFO  server.RaftServerConfigKeys (ConfUtils.java:logGet(46)) - raft.server.read.timeout = 10s (default)
2023-09-29 09:13:02,932 [2a19af63-c44c-4b61-8149-4383770f1009-groupManagement] INFO  server.RaftServerConfigKeys (ConfUtils.java:logGet(46)) - raft.server.retrycache.expirytime = 600000ms (custom)
2023-09-29 09:13:02,932 [2a19af63-c44c-4b61-8149-4383770f1009-groupManagement] INFO  server.RaftServerConfigKeys (ConfUtils.java:logGet(46)) - raft.server.retrycache.statistics.expirytime = 100μs (default)
2023-09-29 09:13:02,932 [2a19af63-c44c-4b61-8149-4383770f1009-groupManagement] INFO  server.RaftServerConfigKeys (ConfUtils.java:logGet(46)) - raft.server.read.option = DEFAULT (default)
2023-09-29 09:13:02,934 [2a19af63-c44c-4b61-8149-4383770f1009-groupManagement] INFO  server.RaftServerConfigKeys (ConfUtils.java:logGet(46)) - raft.server.rpc.request.timeout = 60s (custom)
2023-09-29 09:13:02,934 [2a19af63-c44c-4b61-8149-4383770f1009-groupManagement] INFO  server.RaftServerConfigKeys (ConfUtils.java:logGet(46)) - raft.server.log.appender.install.snapshot.enabled = false (custom)
2023-09-29 09:13:02,935 [2a19af63-c44c-4b61-8149-4383770f1009-groupManagement] INFO  server.RaftServerConfigKeys (ConfUtils.java:logGet(46)) - raft.server.threadpool.server.cached = true (default)
2023-09-29 09:13:02,935 [2a19af63-c44c-4b61-8149-4383770f1009-groupManagement] INFO  server.RaftServerConfigKeys (ConfUtils.java:logGet(46)) - raft.server.threadpool.server.size = 0 (default)
2023-09-29 09:13:02,935 [2a19af63-c44c-4b61-8149-4383770f1009-groupManagement] INFO  server.RaftServerConfigKeys (ConfUtils.java:logGet(46)) - raft.server.threadpool.client.cached = true (default)
2023-09-29 09:13:02,935 [2a19af63-c44c-4b61-8149-4383770f1009-groupManagement] INFO  server.RaftServerConfigKeys (ConfUtils.java:logGet(46)) - raft.server.threadpool.client.size = 0 (default)
2023-09-29 09:13:02,936 [2a19af63-c44c-4b61-8149-4383770f1009-groupManagement] INFO  storage.RaftStorageDirectory (RaftStorageDirectoryImpl.java:analyzeStorage(137)) - The storage directory /home/runner/work/ozone/ozone/hadoop-ozone/integration-test/target/test-dir/MiniOzoneClusterImpl-2a0ec25a-3990-4628-8b93-857bbff79694/datanode-2/data/ratis/f374d761-443b-41ca-b47b-8c93d2fe0cf0 does not exist. Creating ...
2023-09-29 09:13:02,938 [2a19af63-c44c-4b61-8149-4383770f1009-groupManagement] INFO  storage.RaftStorageDirectory (RaftStorageDirectoryImpl.java:tryLock(231)) - Lock on /home/runner/work/ozone/ozone/hadoop-ozone/integration-test/target/test-dir/MiniOzoneClusterImpl-2a0ec25a-3990-4628-8b93-857bbff79694/datanode-2/data/ratis/f374d761-443b-41ca-b47b-8c93d2fe0cf0/in_use.lock acquired by nodename 20785@fv-az83-343
2023-09-29 09:13:02,940 [2a19af63-c44c-4b61-8149-4383770f1009-groupManagement] INFO  storage.RaftStorage (RaftStorageImpl.java:format(96)) - Storage directory /home/runner/work/ozone/ozone/hadoop-ozone/integration-test/target/test-dir/MiniOzoneClusterImpl-2a0ec25a-3990-4628-8b93-857bbff79694/datanode-2/data/ratis/f374d761-443b-41ca-b47b-8c93d2fe0cf0 has been successfully formatted.
2023-09-29 09:13:02,952 [2a19af63-c44c-4b61-8149-4383770f1009-groupManagement] INFO  ratis.ContainerStateMachine (ContainerStateMachine.java:loadSnapshot(262)) - group-8C93D2FE0CF0: The snapshot info is null. Setting the last applied indexto:(t:0, i:~)
2023-09-29 09:13:02,952 [2a19af63-c44c-4b61-8149-4383770f1009-groupManagement] INFO  server.RaftServerConfigKeys (ConfUtils.java:logGet(46)) - raft.server.log.use.memory = false (default)
2023-09-29 09:13:02,953 [2a19af63-c44c-4b61-8149-4383770f1009-groupManagement] INFO  server.RaftServerConfigKeys (ConfUtils.java:logGet(46)) - raft.server.log.purge.gap = 1000000 (custom)
2023-09-29 09:13:02,953 [2a19af63-c44c-4b61-8149-4383770f1009-groupManagement] INFO  server.RaftServerConfigKeys (ConfUtils.java:logGet(46)) - raft.server.log.appender.buffer.byte-limit = 33554432 (custom)
2023-09-29 09:13:02,953 [2a19af63-c44c-4b61-8149-4383770f1009-groupManagement] INFO  server.RaftServerConfigKeys (ConfUtils.java:logGet(46)) - raft.server.log.statemachine.data.read.timeout = 1000ms (default)
2023-09-29 09:13:02,953 [2a19af63-c44c-4b61-8149-4383770f1009-groupManagement] INFO  server.RaftServerConfigKeys (ConfUtils.java:logGet(46)) - raft.server.log.purge.preservation.log.num = 0 (default)
2023-09-29 09:13:02,953 [2a19af63-c44c-4b61-8149-4383770f1009-groupManagement] INFO  server.RaftServerConfigKeys (ConfUtils.java:logGet(46)) - raft.server.log.segment.size.max = 1048576 (custom)
2023-09-29 09:13:02,954 [2a19af63-c44c-4b61-8149-4383770f1009-groupManagement] INFO  server.RaftServerConfigKeys (ConfUtils.java:logGet(46)) - raft.server.log.segment.cache.num.max = 2 (custom)
2023-09-29 09:13:02,954 [2a19af63-c44c-4b61-8149-4383770f1009-groupManagement] INFO  server.RaftServerConfigKeys (ConfUtils.java:logGet(46)) - raft.server.log.segment.cache.size.max = 200MB (=209715200) (default)
2023-09-29 09:13:02,954 [2a19af63-c44c-4b61-8149-4383770f1009-groupManagement] INFO  server.RaftServerConfigKeys (ConfUtils.java:logGet(46)) - raft.server.log.appender.buffer.byte-limit = 33554432 (custom)
2023-09-29 09:13:02,954 [2a19af63-c44c-4b61-8149-4383770f1009-groupManagement] INFO  segmented.SegmentedRaftLogWorker (SegmentedRaftLogWorker.java:<init>(188)) - new 2a19af63-c44c-4b61-8149-4383770f1009@group-8C93D2FE0CF0-SegmentedRaftLogWorker for RaftStorageImpl:Storage Directory /home/runner/work/ozone/ozone/hadoop-ozone/integration-test/target/test-dir/MiniOzoneClusterImpl-2a0ec25a-3990-4628-8b93-857bbff79694/datanode-2/data/ratis/f374d761-443b-41ca-b47b-8c93d2fe0cf0
2023-09-29 09:13:02,954 [2a19af63-c44c-4b61-8149-4383770f1009-groupManagement] INFO  server.RaftServerConfigKeys (ConfUtils.java:logGet(46)) - raft.server.log.queue.byte-limit = 4294967296 (custom)
2023-09-29 09:13:02,954 [2a19af63-c44c-4b61-8149-4383770f1009-groupManagement] INFO  server.RaftServerConfigKeys (ConfUtils.java:logGet(46)) - raft.server.log.queue.element-limit = 1024 (custom)
2023-09-29 09:13:02,954 [2a19af63-c44c-4b61-8149-4383770f1009-groupManagement] INFO  server.RaftServerConfigKeys (ConfUtils.java:logGet(46)) - raft.server.log.segment.size.max = 1048576 (custom)
2023-09-29 09:13:02,955 [2a19af63-c44c-4b61-8149-4383770f1009-groupManagement] INFO  server.RaftServerConfigKeys (ConfUtils.java:logGet(46)) - raft.server.log.preallocated.size = 16384 (custom)
2023-09-29 09:13:02,955 [2a19af63-c44c-4b61-8149-4383770f1009-groupManagement] INFO  server.RaftServerConfigKeys (ConfUtils.java:logGet(46)) - raft.server.log.force.sync.num = 128 (default)
2023-09-29 09:13:02,955 [2a19af63-c44c-4b61-8149-4383770f1009-groupManagement] INFO  server.RaftServerConfigKeys (ConfUtils.java:logGet(46)) - raft.server.log.statemachine.data.sync = true (default)
2023-09-29 09:13:02,955 [2a19af63-c44c-4b61-8149-4383770f1009-groupManagement] INFO  server.RaftServerConfigKeys (ConfUtils.java:logGet(46)) - raft.server.log.statemachine.data.sync.timeout = 10s (default)
2023-09-29 09:13:02,955 [2a19af63-c44c-4b61-8149-4383770f1009-groupManagement] INFO  server.RaftServerConfigKeys (ConfUtils.java:logGet(46)) - raft.server.log.statemachine.data.sync.timeout.retry = -1 (default)
2023-09-29 09:13:02,956 [2a19af63-c44c-4b61-8149-4383770f1009-groupManagement] INFO  server.RaftServerConfigKeys (ConfUtils.java:logGet(46)) - raft.server.log.write.buffer.size = 1048576 (custom)
2023-09-29 09:13:02,956 [2a19af63-c44c-4b61-8149-4383770f1009-groupManagement] INFO  server.RaftServerConfigKeys (ConfUtils.java:logGet(46)) - raft.server.log.appender.buffer.byte-limit = 33554432 (custom)
2023-09-29 09:13:02,971 [2a19af63-c44c-4b61-8149-4383770f1009-groupManagement] INFO  server.RaftServerConfigKeys (ConfUtils.java:logGet(46)) - raft.server.log.unsafe-flush.enabled = false (default)
2023-09-29 09:13:02,971 [2a19af63-c44c-4b61-8149-4383770f1009-groupManagement] INFO  server.RaftServerConfigKeys (ConfUtils.java:logGet(46)) - raft.server.log.async-flush.enabled = false (default)
2023-09-29 09:13:02,971 [2a19af63-c44c-4b61-8149-4383770f1009-groupManagement] INFO  server.RaftServerConfigKeys (ConfUtils.java:logGet(46)) - raft.server.log.statemachine.data.caching.enabled = true (custom)
2023-09-29 09:13:02,971 [2a19af63-c44c-4b61-8149-4383770f1009-groupManagement] INFO  segmented.SegmentedRaftLogWorker (SegmentedRaftLogWorker.java:lambda$new$0(135)) - 2a19af63-c44c-4b61-8149-4383770f1009@group-8C93D2FE0CF0-SegmentedRaftLogWorker: flushIndex: setUnconditionally 0 -> -1
2023-09-29 09:13:02,971 [2a19af63-c44c-4b61-8149-4383770f1009-groupManagement] INFO  segmented.SegmentedRaftLogWorker (SegmentedRaftLogWorker.java:lambda$new$0(135)) - 2a19af63-c44c-4b61-8149-4383770f1009@group-8C93D2FE0CF0-SegmentedRaftLogWorker: safeCacheEvictIndex: setUnconditionally 0 -> -1
2023-09-29 09:13:02,972 [2a19af63-c44c-4b61-8149-4383770f1009-groupManagement] INFO  server.RaftServer$Division (RaftServerImpl.java:start(342)) - 2a19af63-c44c-4b61-8149-4383770f1009@group-8C93D2FE0CF0: start as a follower, conf=-1: peers:[2a19af63-c44c-4b61-8149-4383770f1009|rpc:10.1.0.30:15032|admin:10.1.0.30:15031|client:10.1.0.30:15030|dataStream:10.1.0.30:15033|priority:1|startupRole:FOLLOWER]|listeners:[], old=null
2023-09-29 09:13:02,972 [EventQueue-PipelineReportForPipelineReportHandler] INFO  pipeline.PipelineReportHandler (PipelineReportHandler.java:processPipelineReport(136)) - Opened pipeline PipelineID=f374d761-443b-41ca-b47b-8c93d2fe0cf0
2023-09-29 09:13:02,972 [2a19af63-c44c-4b61-8149-4383770f1009-groupManagement] INFO  server.RaftServer$Division (RaftServerImpl.java:setRole(329)) - 2a19af63-c44c-4b61-8149-4383770f1009@group-8C93D2FE0CF0: changes role from      null to FOLLOWER at term 0 for startAsFollower
2023-09-29 09:13:02,972 [EventQueue-OpenPipelineForHealthyPipelineSafeModeRule] INFO  safemode.SCMSafeModeManager (HealthyPipelineSafeModeRule.java:process(137)) - SCM in safe mode. Healthy pipelines reported count is 0, required healthy pipeline reported count is 1
2023-09-29 09:13:02,972 [2a19af63-c44c-4b61-8149-4383770f1009-groupManagement] INFO  impl.RoleInfo (RoleInfo.java:updateAndGet(139)) - 2a19af63-c44c-4b61-8149-4383770f1009: start 2a19af63-c44c-4b61-8149-4383770f1009@group-8C93D2FE0CF0-FollowerState
2023-09-29 09:13:02,984 [2a19af63-c44c-4b61-8149-4383770f1009-groupManagement] INFO  util.JmxRegister (JmxRegister.java:tryRegister(44)) - Successfully registered JMX Bean with object name Ratis:service=RaftServer,group=group-8C93D2FE0CF0,id=2a19af63-c44c-4b61-8149-4383770f1009
2023-09-29 09:13:02,984 [2a19af63-c44c-4b61-8149-4383770f1009-groupManagement] INFO  server.RaftServerConfigKeys (ConfUtils.java:logGet(46)) - raft.server.snapshot.auto.trigger.enabled = true (custom)
2023-09-29 09:13:02,984 [2a19af63-c44c-4b61-8149-4383770f1009-groupManagement] INFO  server.RaftServerConfigKeys (ConfUtils.java:logGet(46)) - raft.server.snapshot.auto.trigger.threshold = 10000 (custom)
2023-09-29 09:13:02,984 [2a19af63-c44c-4b61-8149-4383770f1009-groupManagement] INFO  server.RaftServerConfigKeys (ConfUtils.java:logGet(46)) - raft.server.snapshot.retention.file.num = 5 (custom)
2023-09-29 09:13:02,984 [2a19af63-c44c-4b61-8149-4383770f1009-groupManagement] INFO  server.RaftServerConfigKeys (ConfUtils.java:logGet(46)) - raft.server.log.purge.upto.snapshot.index = false (default)
2023-09-29 09:13:02,985 [2a19af63-c44c-4b61-8149-4383770f1009@group-8C93D2FE0CF0-FollowerState] INFO  server.RaftServerConfigKeys (ConfUtils.java:logFallback(53)) - raft.server.rpc.first-election.timeout.min = 5s (fallback to raft.server.rpc.timeout.min)
2023-09-29 09:13:02,985 [2a19af63-c44c-4b61-8149-4383770f1009@group-8C93D2FE0CF0-FollowerState] INFO  server.RaftServerConfigKeys (ConfUtils.java:logFallback(53)) - raft.server.rpc.first-election.timeout.max = 5200ms (fallback to raft.server.rpc.timeout.max)
2023-09-29 09:13:02,986 [PipelineCommandHandlerThread-0] INFO  ratis.XceiverServerRatis (XceiverServerRatis.java:addGroup(804)) - Created group PipelineID=f374d761-443b-41ca-b47b-8c93d2fe0cf0
2023-09-29 09:13:02,986 [PipelineCommandHandlerThread-0] INFO  commandhandler.CreatePipelineCommandHandler (CreatePipelineCommandHandler.java:lambda$handle$2(124)) - Created Pipeline RATIS ONE PipelineID=f374d761-443b-41ca-b47b-8c93d2fe0cf0.
2023-09-29 09:13:02,986 [PipelineCommandHandlerThread-0] INFO  server.RaftServer (RaftServerProxy.java:addNew(98)) - 2a19af63-c44c-4b61-8149-4383770f1009: addNew group-79D0840543AE:[2a19af63-c44c-4b61-8149-4383770f1009|rpc:10.1.0.30:15032|admin:10.1.0.30:15031|client:10.1.0.30:15030|dataStream:10.1.0.30:15033|priority:0|startupRole:FOLLOWER, f9652e80-d58c-49ab-ab0e-27e6fff13d69|rpc:10.1.0.30:15023|admin:10.1.0.30:15022|client:10.1.0.30:15021|dataStream:10.1.0.30:15024|priority:0|startupRole:FOLLOWER, 808e3967-7510-49b7-87ea-3b9eb7a0b48e|rpc:10.1.0.30:15014|admin:10.1.0.30:15013|client:10.1.0.30:15012|dataStream:10.1.0.30:15015|priority:1|startupRole:FOLLOWER] returns group-79D0840543AE:java.util.concurrent.CompletableFuture@748daec1[Not completed]
2023-09-29 09:13:02,989 [PipelineCommandHandlerThread-0] INFO  commandhandler.CreatePipelineCommandHandler (CreatePipelineCommandHandler.java:lambda$handle$2(124)) - Created Pipeline RATIS THREE PipelineID=8c5c8929-5404-440d-9621-21480694bb4b.
2023-09-29 09:13:02,989 [PipelineCommandHandlerThread-0] INFO  commandhandler.CreatePipelineCommandHandler (CreatePipelineCommandHandler.java:lambda$handle$2(124)) - Created Pipeline RATIS THREE PipelineID=8c5c8929-5404-440d-9621-21480694bb4b.
2023-09-29 09:13:02,992 [PipelineCommandHandlerThread-0] INFO  server.RaftServer (RaftServerProxy.java:addNew(98)) - f9652e80-d58c-49ab-ab0e-27e6fff13d69: addNew group-79D0840543AE:[2a19af63-c44c-4b61-8149-4383770f1009|rpc:10.1.0.30:15032|admin:10.1.0.30:15031|client:10.1.0.30:15030|dataStream:10.1.0.30:15033|priority:0|startupRole:FOLLOWER, f9652e80-d58c-49ab-ab0e-27e6fff13d69|rpc:10.1.0.30:15023|admin:10.1.0.30:15022|client:10.1.0.30:15021|dataStream:10.1.0.30:15024|priority:0|startupRole:FOLLOWER, 808e3967-7510-49b7-87ea-3b9eb7a0b48e|rpc:10.1.0.30:15014|admin:10.1.0.30:15013|client:10.1.0.30:15012|dataStream:10.1.0.30:15015|priority:1|startupRole:FOLLOWER] returns group-79D0840543AE:java.util.concurrent.CompletableFuture@4b487b7b[Not completed]
2023-09-29 09:13:02,993 [2a19af63-c44c-4b61-8149-4383770f1009-groupManagement] INFO  server.RaftServer$Division (RaftServerImpl.java:<init>(198)) - 2a19af63-c44c-4b61-8149-4383770f1009: new RaftServerImpl for group-79D0840543AE:[2a19af63-c44c-4b61-8149-4383770f1009|rpc:10.1.0.30:15032|admin:10.1.0.30:15031|client:10.1.0.30:15030|dataStream:10.1.0.30:15033|priority:0|startupRole:FOLLOWER, f9652e80-d58c-49ab-ab0e-27e6fff13d69|rpc:10.1.0.30:15023|admin:10.1.0.30:15022|client:10.1.0.30:15021|dataStream:10.1.0.30:15024|priority:0|startupRole:FOLLOWER, 808e3967-7510-49b7-87ea-3b9eb7a0b48e|rpc:10.1.0.30:15014|admin:10.1.0.30:15013|client:10.1.0.30:15012|dataStream:10.1.0.30:15015|priority:1|startupRole:FOLLOWER] with ContainerStateMachine:uninitialized
2023-09-29 09:13:02,993 [2a19af63-c44c-4b61-8149-4383770f1009-groupManagement] INFO  server.RaftServerConfigKeys (ConfUtils.java:logGet(46)) - raft.server.rpc.timeout.min = 5s (custom)
2023-09-29 09:13:02,993 [2a19af63-c44c-4b61-8149-4383770f1009-groupManagement] INFO  server.RaftServerConfigKeys (ConfUtils.java:logGet(46)) - raft.server.rpc.timeout.max = 5200ms (custom)
2023-09-29 09:13:02,994 [f9652e80-d58c-49ab-ab0e-27e6fff13d69-groupManagement] INFO  server.RaftServer$Division (RaftServerImpl.java:<init>(198)) - f9652e80-d58c-49ab-ab0e-27e6fff13d69: new RaftServerImpl for group-79D0840543AE:[2a19af63-c44c-4b61-8149-4383770f1009|rpc:10.1.0.30:15032|admin:10.1.0.30:15031|client:10.1.0.30:15030|dataStream:10.1.0.30:15033|priority:0|startupRole:FOLLOWER, f9652e80-d58c-49ab-ab0e-27e6fff13d69|rpc:10.1.0.30:15023|admin:10.1.0.30:15022|client:10.1.0.30:15021|dataStream:10.1.0.30:15024|priority:0|startupRole:FOLLOWER, 808e3967-7510-49b7-87ea-3b9eb7a0b48e|rpc:10.1.0.30:15014|admin:10.1.0.30:15013|client:10.1.0.30:15012|dataStream:10.1.0.30:15015|priority:1|startupRole:FOLLOWER] with ContainerStateMachine:uninitialized
2023-09-29 09:13:02,998 [f9652e80-d58c-49ab-ab0e-27e6fff13d69-groupManagement] INFO  server.RaftServerConfigKeys (ConfUtils.java:logGet(46)) - raft.server.rpc.timeout.min = 5s (custom)
2023-09-29 09:13:02,998 [f9652e80-d58c-49ab-ab0e-27e6fff13d69-groupManagement] INFO  server.RaftServerConfigKeys (ConfUtils.java:logGet(46)) - raft.server.rpc.timeout.max = 5200ms (custom)
2023-09-29 09:13:02,998 [f9652e80-d58c-49ab-ab0e-27e6fff13d69-groupManagement] INFO  server.RaftServerConfigKeys (ConfUtils.java:logGet(46)) - raft.server.rpc.sleep.time = 25ms (default)
2023-09-29 09:13:02,998 [f9652e80-d58c-49ab-ab0e-27e6fff13d69-groupManagement] INFO  server.RaftServerConfigKeys (ConfUtils.java:logGet(46)) - raft.server.rpc.slowness.timeout = 300s (custom)
2023-09-29 09:13:02,998 [f9652e80-d58c-49ab-ab0e-27e6fff13d69-groupManagement] INFO  server.RaftServerConfigKeys (ConfUtils.java:logGet(46)) - raft.server.leaderelection.leader.step-down.wait-time = 10s (default)
2023-09-29 09:13:02,998 [f9652e80-d58c-49ab-ab0e-27e6fff13d69-groupManagement] INFO  server.RaftServerConfigKeys (ConfUtils.java:logGet(46)) - raft.server.sleep.deviation.threshold = 300ms (default)
2023-09-29 09:13:02,999 [f9652e80-d58c-49ab-ab0e-27e6fff13d69-groupManagement] INFO  server.RaftServer$Division (ServerState.java:<init>(120)) - f9652e80-d58c-49ab-ab0e-27e6fff13d69@group-79D0840543AE: ConfigurationManager, init=-1: peers:[2a19af63-c44c-4b61-8149-4383770f1009|rpc:10.1.0.30:15032|admin:10.1.0.30:15031|client:10.1.0.30:15030|dataStream:10.1.0.30:15033|priority:0|startupRole:FOLLOWER, f9652e80-d58c-49ab-ab0e-27e6fff13d69|rpc:10.1.0.30:15023|admin:10.1.0.30:15022|client:10.1.0.30:15021|dataStream:10.1.0.30:15024|priority:0|startupRole:FOLLOWER, 808e3967-7510-49b7-87ea-3b9eb7a0b48e|rpc:10.1.0.30:15014|admin:10.1.0.30:15013|client:10.1.0.30:15012|dataStream:10.1.0.30:15015|priority:1|startupRole:FOLLOWER]|listeners:[], old=null, confs=<EMPTY_MAP>
2023-09-29 09:13:02,999 [f9652e80-d58c-49ab-ab0e-27e6fff13d69-groupManagement] INFO  server.RaftServerConfigKeys (ConfUtils.java:logGet(46)) - raft.server.storage.dir = [/home/runner/work/ozone/ozone/hadoop-ozone/integration-test/target/test-dir/MiniOzoneClusterImpl-2a0ec25a-3990-4628-8b93-857bbff79694/datanode-1/data/ratis] (custom)
2023-09-29 09:13:02,999 [f9652e80-d58c-49ab-ab0e-27e6fff13d69-groupManagement] INFO  server.RaftServerConfigKeys (ConfUtils.java:logGet(46)) - raft.server.log.corruption.policy = EXCEPTION (default)
2023-09-29 09:13:02,999 [f9652e80-d58c-49ab-ab0e-27e6fff13d69-groupManagement] INFO  server.RaftServerConfigKeys (ConfUtils.java:logGet(46)) - raft.server.storage.free-space.min = 0MB (=0) (default)
2023-09-29 09:13:02,999 [f9652e80-d58c-49ab-ab0e-27e6fff13d69-groupManagement] INFO  server.RaftServerConfigKeys (ConfUtils.java:logGet(46)) - raft.server.notification.no-leader.timeout = 300s (custom)
2023-09-29 09:13:02,999 [f9652e80-d58c-49ab-ab0e-27e6fff13d69-groupManagement] INFO  server.RaftServerConfigKeys (ConfUtils.java:logGet(46)) - raft.server.read.timeout = 10s (default)
2023-09-29 09:13:02,999 [f9652e80-d58c-49ab-ab0e-27e6fff13d69-groupManagement] INFO  server.RaftServerConfigKeys (ConfUtils.java:logGet(46)) - raft.server.retrycache.expirytime = 600000ms (custom)
2023-09-29 09:13:02,999 [f9652e80-d58c-49ab-ab0e-27e6fff13d69-groupManagement] INFO  server.RaftServerConfigKeys (ConfUtils.java:logGet(46)) - raft.server.retrycache.statistics.expirytime = 100μs (default)
2023-09-29 09:13:03,000 [f9652e80-d58c-49ab-ab0e-27e6fff13d69-groupManagement] INFO  server.RaftServerConfigKeys (ConfUtils.java:logGet(46)) - raft.server.read.option = DEFAULT (default)
2023-09-29 09:13:02,995 [808e3967-7510-49b7-87ea-3b9eb7a0b48e-groupManagement] INFO  server.RaftServer$Division (RaftServerImpl.java:<init>(198)) - 808e3967-7510-49b7-87ea-3b9eb7a0b48e: new RaftServerImpl for group-79D0840543AE:[2a19af63-c44c-4b61-8149-4383770f1009|rpc:10.1.0.30:15032|admin:10.1.0.30:15031|client:10.1.0.30:15030|dataStream:10.1.0.30:15033|priority:0|startupRole:FOLLOWER, f9652e80-d58c-49ab-ab0e-27e6fff13d69|rpc:10.1.0.30:15023|admin:10.1.0.30:15022|client:10.1.0.30:15021|dataStream:10.1.0.30:15024|priority:0|startupRole:FOLLOWER, 808e3967-7510-49b7-87ea-3b9eb7a0b48e|rpc:10.1.0.30:15014|admin:10.1.0.30:15013|client:10.1.0.30:15012|dataStream:10.1.0.30:15015|priority:1|startupRole:FOLLOWER] with ContainerStateMachine:uninitialized
2023-09-29 09:13:03,001 [808e3967-7510-49b7-87ea-3b9eb7a0b48e-groupManagement] INFO  server.RaftServerConfigKeys (ConfUtils.java:logGet(46)) - raft.server.rpc.timeout.min = 5s (custom)
2023-09-29 09:13:03,001 [808e3967-7510-49b7-87ea-3b9eb7a0b48e-groupManagement] INFO  server.RaftServerConfigKeys (ConfUtils.java:logGet(46)) - raft.server.rpc.timeout.max = 5200ms (custom)
2023-09-29 09:13:03,001 [808e3967-7510-49b7-87ea-3b9eb7a0b48e-groupManagement] INFO  server.RaftServerConfigKeys (ConfUtils.java:logGet(46)) - raft.server.rpc.sleep.time = 25ms (default)
2023-09-29 09:13:03,001 [808e3967-7510-49b7-87ea-3b9eb7a0b48e-groupManagement] INFO  server.RaftServerConfigKeys (ConfUtils.java:logGet(46)) - raft.server.rpc.slowness.timeout = 300s (custom)
2023-09-29 09:13:03,001 [808e3967-7510-49b7-87ea-3b9eb7a0b48e-groupManagement] INFO  server.RaftServerConfigKeys (ConfUtils.java:logGet(46)) - raft.server.leaderelection.leader.step-down.wait-time = 10s (default)
2023-09-29 09:13:03,001 [808e3967-7510-49b7-87ea-3b9eb7a0b48e-groupManagement] INFO  server.RaftServerConfigKeys (ConfUtils.java:logGet(46)) - raft.server.sleep.deviation.threshold = 300ms (default)
2023-09-29 09:13:03,001 [808e3967-7510-49b7-87ea-3b9eb7a0b48e-groupManagement] INFO  server.RaftServer$Division (ServerState.java:<init>(120)) - 808e3967-7510-49b7-87ea-3b9eb7a0b48e@group-79D0840543AE: ConfigurationManager, init=-1: peers:[2a19af63-c44c-4b61-8149-4383770f1009|rpc:10.1.0.30:15032|admin:10.1.0.30:15031|client:10.1.0.30:15030|dataStream:10.1.0.30:15033|priority:0|startupRole:FOLLOWER, f9652e80-d58c-49ab-ab0e-27e6fff13d69|rpc:10.1.0.30:15023|admin:10.1.0.30:15022|client:10.1.0.30:15021|dataStream:10.1.0.30:15024|priority:0|startupRole:FOLLOWER, 808e3967-7510-49b7-87ea-3b9eb7a0b48e|rpc:10.1.0.30:15014|admin:10.1.0.30:15013|client:10.1.0.30:15012|dataStream:10.1.0.30:15015|priority:1|startupRole:FOLLOWER]|listeners:[], old=null, confs=<EMPTY_MAP>
2023-09-29 09:13:03,001 [808e3967-7510-49b7-87ea-3b9eb7a0b48e-groupManagement] INFO  server.RaftServerConfigKeys (ConfUtils.java:logGet(46)) - raft.server.storage.dir = [/home/runner/work/ozone/ozone/hadoop-ozone/integration-test/target/test-dir/MiniOzoneClusterImpl-2a0ec25a-3990-4628-8b93-857bbff79694/datanode-0/data/ratis] (custom)
2023-09-29 09:13:03,001 [808e3967-7510-49b7-87ea-3b9eb7a0b48e-groupManagement] INFO  server.RaftServerConfigKeys (ConfUtils.java:logGet(46)) - raft.server.log.corruption.policy = EXCEPTION (default)
2023-09-29 09:13:03,001 [808e3967-7510-49b7-87ea-3b9eb7a0b48e-groupManagement] INFO  server.RaftServerConfigKeys (ConfUtils.java:logGet(46)) - raft.server.storage.free-space.min = 0MB (=0) (default)
2023-09-29 09:13:03,001 [808e3967-7510-49b7-87ea-3b9eb7a0b48e-groupManagement] INFO  server.RaftServerConfigKeys (ConfUtils.java:logGet(46)) - raft.server.notification.no-leader.timeout = 300s (custom)
2023-09-29 09:13:03,002 [808e3967-7510-49b7-87ea-3b9eb7a0b48e-groupManagement] INFO  server.RaftServerConfigKeys (ConfUtils.java:logGet(46)) - raft.server.read.timeout = 10s (default)
2023-09-29 09:13:03,002 [808e3967-7510-49b7-87ea-3b9eb7a0b48e-groupManagement] INFO  server.RaftServerConfigKeys (ConfUtils.java:logGet(46)) - raft.server.retrycache.expirytime = 600000ms (custom)
2023-09-29 09:13:03,002 [808e3967-7510-49b7-87ea-3b9eb7a0b48e-groupManagement] INFO  server.RaftServerConfigKeys (ConfUtils.java:logGet(46)) - raft.server.retrycache.statistics.expirytime = 100μs (default)
2023-09-29 09:13:03,002 [808e3967-7510-49b7-87ea-3b9eb7a0b48e-groupManagement] INFO  server.RaftServerConfigKeys (ConfUtils.java:logGet(46)) - raft.server.read.option = DEFAULT (default)
2023-09-29 09:13:02,994 [PipelineCommandHandlerThread-0] INFO  server.RaftServer (RaftServerProxy.java:addNew(98)) - 808e3967-7510-49b7-87ea-3b9eb7a0b48e: addNew group-79D0840543AE:[2a19af63-c44c-4b61-8149-4383770f1009|rpc:10.1.0.30:15032|admin:10.1.0.30:15031|client:10.1.0.30:15030|dataStream:10.1.0.30:15033|priority:0|startupRole:FOLLOWER, f9652e80-d58c-49ab-ab0e-27e6fff13d69|rpc:10.1.0.30:15023|admin:10.1.0.30:15022|client:10.1.0.30:15021|dataStream:10.1.0.30:15024|priority:0|startupRole:FOLLOWER, 808e3967-7510-49b7-87ea-3b9eb7a0b48e|rpc:10.1.0.30:15014|admin:10.1.0.30:15013|client:10.1.0.30:15012|dataStream:10.1.0.30:15015|priority:1|startupRole:FOLLOWER] returns group-79D0840543AE:java.util.concurrent.CompletableFuture@12fa6573[Not completed]
2023-09-29 09:13:02,994 [2a19af63-c44c-4b61-8149-4383770f1009-groupManagement] INFO  server.RaftServerConfigKeys (ConfUtils.java:logGet(46)) - raft.server.rpc.sleep.time = 25ms (default)
2023-09-29 09:13:03,004 [2a19af63-c44c-4b61-8149-4383770f1009-groupManagement] INFO  server.RaftServerConfigKeys (ConfUtils.java:logGet(46)) - raft.server.rpc.slowness.timeout = 300s (custom)
2023-09-29 09:13:03,005 [2a19af63-c44c-4b61-8149-4383770f1009-groupManagement] INFO  server.RaftServerConfigKeys (ConfUtils.java:logGet(46)) - raft.server.leaderelection.leader.step-down.wait-time = 10s (default)
2023-09-29 09:13:03,005 [2a19af63-c44c-4b61-8149-4383770f1009-groupManagement] INFO  server.RaftServerConfigKeys (ConfUtils.java:logGet(46)) - raft.server.sleep.deviation.threshold = 300ms (default)
2023-09-29 09:13:03,006 [2a19af63-c44c-4b61-8149-4383770f1009-groupManagement] INFO  server.RaftServer$Division (ServerState.java:<init>(120)) - 2a19af63-c44c-4b61-8149-4383770f1009@group-79D0840543AE: ConfigurationManager, init=-1: peers:[2a19af63-c44c-4b61-8149-4383770f1009|rpc:10.1.0.30:15032|admin:10.1.0.30:15031|client:10.1.0.30:15030|dataStream:10.1.0.30:15033|priority:0|startupRole:FOLLOWER, f9652e80-d58c-49ab-ab0e-27e6fff13d69|rpc:10.1.0.30:15023|admin:10.1.0.30:15022|client:10.1.0.30:15021|dataStream:10.1.0.30:15024|priority:0|startupRole:FOLLOWER, 808e3967-7510-49b7-87ea-3b9eb7a0b48e|rpc:10.1.0.30:15014|admin:10.1.0.30:15013|client:10.1.0.30:15012|dataStream:10.1.0.30:15015|priority:1|startupRole:FOLLOWER]|listeners:[], old=null, confs=<EMPTY_MAP>
2023-09-29 09:13:03,006 [2a19af63-c44c-4b61-8149-4383770f1009-groupManagement] INFO  server.RaftServerConfigKeys (ConfUtils.java:logGet(46)) - raft.server.storage.dir = [/home/runner/work/ozone/ozone/hadoop-ozone/integration-test/target/test-dir/MiniOzoneClusterImpl-2a0ec25a-3990-4628-8b93-857bbff79694/datanode-2/data/ratis] (custom)
2023-09-29 09:13:03,006 [2a19af63-c44c-4b61-8149-4383770f1009-groupManagement] INFO  server.RaftServerConfigKeys (ConfUtils.java:logGet(46)) - raft.server.log.corruption.policy = EXCEPTION (default)
2023-09-29 09:13:03,006 [2a19af63-c44c-4b61-8149-4383770f1009-groupManagement] INFO  server.RaftServerConfigKeys (ConfUtils.java:logGet(46)) - raft.server.storage.free-space.min = 0MB (=0) (default)
2023-09-29 09:13:03,006 [2a19af63-c44c-4b61-8149-4383770f1009-groupManagement] INFO  server.RaftServerConfigKeys (ConfUtils.java:logGet(46)) - raft.server.notification.no-leader.timeout = 300s (custom)
2023-09-29 09:13:03,006 [2a19af63-c44c-4b61-8149-4383770f1009-groupManagement] INFO  server.RaftServerConfigKeys (ConfUtils.java:logGet(46)) - raft.server.read.timeout = 10s (default)
2023-09-29 09:13:03,006 [2a19af63-c44c-4b61-8149-4383770f1009-groupManagement] INFO  server.RaftServerConfigKeys (ConfUtils.java:logGet(46)) - raft.server.retrycache.expirytime = 600000ms (custom)
2023-09-29 09:13:03,006 [2a19af63-c44c-4b61-8149-4383770f1009-groupManagement] INFO  server.RaftServerConfigKeys (ConfUtils.java:logGet(46)) - raft.server.retrycache.statistics.expirytime = 100μs (default)
2023-09-29 09:13:03,007 [2a19af63-c44c-4b61-8149-4383770f1009-groupManagement] INFO  server.RaftServerConfigKeys (ConfUtils.java:logGet(46)) - raft.server.read.option = DEFAULT (default)
2023-09-29 09:13:03,005 [808e3967-7510-49b7-87ea-3b9eb7a0b48e-groupManagement] INFO  server.RaftServerConfigKeys (ConfUtils.java:logGet(46)) - raft.server.rpc.request.timeout = 60s (custom)
2023-09-29 09:13:03,008 [808e3967-7510-49b7-87ea-3b9eb7a0b48e-groupManagement] INFO  server.RaftServerConfigKeys (ConfUtils.java:logGet(46)) - raft.server.log.appender.install.snapshot.enabled = false (custom)
2023-09-29 09:13:03,008 [808e3967-7510-49b7-87ea-3b9eb7a0b48e-groupManagement] INFO  server.RaftServerConfigKeys (ConfUtils.java:logGet(46)) - raft.server.threadpool.server.cached = true (default)
2023-09-29 09:13:03,008 [808e3967-7510-49b7-87ea-3b9eb7a0b48e-groupManagement] INFO  server.RaftServerConfigKeys (ConfUtils.java:logGet(46)) - raft.server.threadpool.server.size = 0 (default)
2023-09-29 09:13:03,008 [808e3967-7510-49b7-87ea-3b9eb7a0b48e-groupManagement] INFO  server.RaftServerConfigKeys (ConfUtils.java:logGet(46)) - raft.server.threadpool.client.cached = true (default)
2023-09-29 09:13:03,008 [808e3967-7510-49b7-87ea-3b9eb7a0b48e-groupManagement] INFO  server.RaftServerConfigKeys (ConfUtils.java:logGet(46)) - raft.server.threadpool.client.size = 0 (default)
2023-09-29 09:13:03,009 [808e3967-7510-49b7-87ea-3b9eb7a0b48e-groupManagement] INFO  storage.RaftStorageDirectory (RaftStorageDirectoryImpl.java:analyzeStorage(137)) - The storage directory /home/runner/work/ozone/ozone/hadoop-ozone/integration-test/target/test-dir/MiniOzoneClusterImpl-2a0ec25a-3990-4628-8b93-857bbff79694/datanode-0/data/ratis/2272ba57-cbf2-4b0e-b784-79d0840543ae does not exist. Creating ...
2023-09-29 09:13:03,010 [808e3967-7510-49b7-87ea-3b9eb7a0b48e-groupManagement] INFO  storage.RaftStorageDirectory (RaftStorageDirectoryImpl.java:tryLock(231)) - Lock on /home/runner/work/ozone/ozone/hadoop-ozone/integration-test/target/test-dir/MiniOzoneClusterImpl-2a0ec25a-3990-4628-8b93-857bbff79694/datanode-0/data/ratis/2272ba57-cbf2-4b0e-b784-79d0840543ae/in_use.lock acquired by nodename 20785@fv-az83-343
2023-09-29 09:13:03,012 [f9652e80-d58c-49ab-ab0e-27e6fff13d69-groupManagement] INFO  server.RaftServerConfigKeys (ConfUtils.java:logGet(46)) - raft.server.rpc.request.timeout = 60s (custom)
2023-09-29 09:13:03,012 [f9652e80-d58c-49ab-ab0e-27e6fff13d69-groupManagement] INFO  server.RaftServerConfigKeys (ConfUtils.java:logGet(46)) - raft.server.log.appender.install.snapshot.enabled = false (custom)
2023-09-29 09:13:03,012 [f9652e80-d58c-49ab-ab0e-27e6fff13d69-groupManagement] INFO  server.RaftServerConfigKeys (ConfUtils.java:logGet(46)) - raft.server.threadpool.server.cached = true (default)
2023-09-29 09:13:03,012 [f9652e80-d58c-49ab-ab0e-27e6fff13d69-groupManagement] INFO  server.RaftServerConfigKeys (ConfUtils.java:logGet(46)) - raft.server.threadpool.server.size = 0 (default)
2023-09-29 09:13:03,013 [f9652e80-d58c-49ab-ab0e-27e6fff13d69-groupManagement] INFO  server.RaftServerConfigKeys (ConfUtils.java:logGet(46)) - raft.server.threadpool.client.cached = true (default)
2023-09-29 09:13:03,013 [f9652e80-d58c-49ab-ab0e-27e6fff13d69-groupManagement] INFO  server.RaftServerConfigKeys (ConfUtils.java:logGet(46)) - raft.server.threadpool.client.size = 0 (default)
2023-09-29 09:13:03,014 [f9652e80-d58c-49ab-ab0e-27e6fff13d69-groupManagement] INFO  storage.RaftStorageDirectory (RaftStorageDirectoryImpl.java:analyzeStorage(137)) - The storage directory /home/runner/work/ozone/ozone/hadoop-ozone/integration-test/target/test-dir/MiniOzoneClusterImpl-2a0ec25a-3990-4628-8b93-857bbff79694/datanode-1/data/ratis/2272ba57-cbf2-4b0e-b784-79d0840543ae does not exist. Creating ...
2023-09-29 09:13:03,014 [2a19af63-c44c-4b61-8149-4383770f1009-groupManagement] INFO  server.RaftServerConfigKeys (ConfUtils.java:logGet(46)) - raft.server.rpc.request.timeout = 60s (custom)
2023-09-29 09:13:03,014 [2a19af63-c44c-4b61-8149-4383770f1009-groupManagement] INFO  server.RaftServerConfigKeys (ConfUtils.java:logGet(46)) - raft.server.log.appender.install.snapshot.enabled = false (custom)
2023-09-29 09:13:03,014 [2a19af63-c44c-4b61-8149-4383770f1009-groupManagement] INFO  server.RaftServerConfigKeys (ConfUtils.java:logGet(46)) - raft.server.threadpool.server.cached = true (default)
2023-09-29 09:13:03,014 [2a19af63-c44c-4b61-8149-4383770f1009-groupManagement] INFO  server.RaftServerConfigKeys (ConfUtils.java:logGet(46)) - raft.server.threadpool.server.size = 0 (default)
2023-09-29 09:13:03,014 [2a19af63-c44c-4b61-8149-4383770f1009-groupManagement] INFO  server.RaftServerConfigKeys (ConfUtils.java:logGet(46)) - raft.server.threadpool.client.cached = true (default)
2023-09-29 09:13:03,015 [2a19af63-c44c-4b61-8149-4383770f1009-groupManagement] INFO  server.RaftServerConfigKeys (ConfUtils.java:logGet(46)) - raft.server.threadpool.client.size = 0 (default)
2023-09-29 09:13:03,015 [2a19af63-c44c-4b61-8149-4383770f1009-groupManagement] INFO  storage.RaftStorageDirectory (RaftStorageDirectoryImpl.java:analyzeStorage(137)) - The storage directory /home/runner/work/ozone/ozone/hadoop-ozone/integration-test/target/test-dir/MiniOzoneClusterImpl-2a0ec25a-3990-4628-8b93-857bbff79694/datanode-2/data/ratis/2272ba57-cbf2-4b0e-b784-79d0840543ae does not exist. Creating ...
2023-09-29 09:13:03,015 [808e3967-7510-49b7-87ea-3b9eb7a0b48e-groupManagement] INFO  storage.RaftStorage (RaftStorageImpl.java:format(96)) - Storage directory /home/runner/work/ozone/ozone/hadoop-ozone/integration-test/target/test-dir/MiniOzoneClusterImpl-2a0ec25a-3990-4628-8b93-857bbff79694/datanode-0/data/ratis/2272ba57-cbf2-4b0e-b784-79d0840543ae has been successfully formatted.
2023-09-29 09:13:03,015 [f9652e80-d58c-49ab-ab0e-27e6fff13d69-groupManagement] INFO  storage.RaftStorageDirectory (RaftStorageDirectoryImpl.java:tryLock(231)) - Lock on /home/runner/work/ozone/ozone/hadoop-ozone/integration-test/target/test-dir/MiniOzoneClusterImpl-2a0ec25a-3990-4628-8b93-857bbff79694/datanode-1/data/ratis/2272ba57-cbf2-4b0e-b784-79d0840543ae/in_use.lock acquired by nodename 20785@fv-az83-343
2023-09-29 09:13:03,017 [2a19af63-c44c-4b61-8149-4383770f1009-groupManagement] INFO  storage.RaftStorageDirectory (RaftStorageDirectoryImpl.java:tryLock(231)) - Lock on /home/runner/work/ozone/ozone/hadoop-ozone/integration-test/target/test-dir/MiniOzoneClusterImpl-2a0ec25a-3990-4628-8b93-857bbff79694/datanode-2/data/ratis/2272ba57-cbf2-4b0e-b784-79d0840543ae/in_use.lock acquired by nodename 20785@fv-az83-343
2023-09-29 09:13:03,018 [808e3967-7510-49b7-87ea-3b9eb7a0b48e-groupManagement] INFO  ratis.ContainerStateMachine (ContainerStateMachine.java:loadSnapshot(262)) - group-79D0840543AE: The snapshot info is null. Setting the last applied indexto:(t:0, i:~)
2023-09-29 09:13:03,018 [808e3967-7510-49b7-87ea-3b9eb7a0b48e-groupManagement] INFO  server.RaftServerConfigKeys (ConfUtils.java:logGet(46)) - raft.server.log.use.memory = false (default)
2023-09-29 09:13:03,018 [808e3967-7510-49b7-87ea-3b9eb7a0b48e-groupManagement] INFO  server.RaftServerConfigKeys (ConfUtils.java:logGet(46)) - raft.server.log.purge.gap = 1000000 (custom)
2023-09-29 09:13:03,018 [808e3967-7510-49b7-87ea-3b9eb7a0b48e-groupManagement] INFO  server.RaftServerConfigKeys (ConfUtils.java:logGet(46)) - raft.server.log.appender.buffer.byte-limit = 33554432 (custom)
2023-09-29 09:13:03,018 [808e3967-7510-49b7-87ea-3b9eb7a0b48e-groupManagement] INFO  server.RaftServerConfigKeys (ConfUtils.java:logGet(46)) - raft.server.log.statemachine.data.read.timeout = 1000ms (default)
2023-09-29 09:13:03,018 [808e3967-7510-49b7-87ea-3b9eb7a0b48e-groupManagement] INFO  server.RaftServerConfigKeys (ConfUtils.java:logGet(46)) - raft.server.log.purge.preservation.log.num = 0 (default)
2023-09-29 09:13:03,018 [808e3967-7510-49b7-87ea-3b9eb7a0b48e-groupManagement] INFO  server.RaftServerConfigKeys (ConfUtils.java:logGet(46)) - raft.server.log.segment.size.max = 1048576 (custom)
2023-09-29 09:13:03,020 [f9652e80-d58c-49ab-ab0e-27e6fff13d69-groupManagement] INFO  storage.RaftStorage (RaftStorageImpl.java:format(96)) - Storage directory /home/runner/work/ozone/ozone/hadoop-ozone/integration-test/target/test-dir/MiniOzoneClusterImpl-2a0ec25a-3990-4628-8b93-857bbff79694/datanode-1/data/ratis/2272ba57-cbf2-4b0e-b784-79d0840543ae has been successfully formatted.
2023-09-29 09:13:03,021 [EventQueue-OpenPipelineForHealthyPipelineSafeModeRule] INFO  safemode.SCMSafeModeManager (HealthyPipelineSafeModeRule.java:process(137)) - SCM in safe mode. Healthy pipelines reported count is 0, required healthy pipeline reported count is 1
2023-09-29 09:13:03,020 [808e3967-7510-49b7-87ea-3b9eb7a0b48e-groupManagement] INFO  server.RaftServerConfigKeys (ConfUtils.java:logGet(46)) - raft.server.log.segment.cache.num.max = 2 (custom)
2023-09-29 09:13:03,023 [808e3967-7510-49b7-87ea-3b9eb7a0b48e-groupManagement] INFO  server.RaftServerConfigKeys (ConfUtils.java:logGet(46)) - raft.server.log.segment.cache.size.max = 200MB (=209715200) (default)
2023-09-29 09:13:03,023 [808e3967-7510-49b7-87ea-3b9eb7a0b48e-groupManagement] INFO  server.RaftServerConfigKeys (ConfUtils.java:logGet(46)) - raft.server.log.appender.buffer.byte-limit = 33554432 (custom)
2023-09-29 09:13:03,023 [808e3967-7510-49b7-87ea-3b9eb7a0b48e-groupManagement] INFO  segmented.SegmentedRaftLogWorker (SegmentedRaftLogWorker.java:<init>(188)) - new 808e3967-7510-49b7-87ea-3b9eb7a0b48e@group-79D0840543AE-SegmentedRaftLogWorker for RaftStorageImpl:Storage Directory /home/runner/work/ozone/ozone/hadoop-ozone/integration-test/target/test-dir/MiniOzoneClusterImpl-2a0ec25a-3990-4628-8b93-857bbff79694/datanode-0/data/ratis/2272ba57-cbf2-4b0e-b784-79d0840543ae
2023-09-29 09:13:03,023 [808e3967-7510-49b7-87ea-3b9eb7a0b48e-groupManagement] INFO  server.RaftServerConfigKeys (ConfUtils.java:logGet(46)) - raft.server.log.queue.byte-limit = 4294967296 (custom)
2023-09-29 09:13:03,024 [808e3967-7510-49b7-87ea-3b9eb7a0b48e-groupManagement] INFO  server.RaftServerConfigKeys (ConfUtils.java:logGet(46)) - raft.server.log.queue.element-limit = 1024 (custom)
2023-09-29 09:13:03,024 [808e3967-7510-49b7-87ea-3b9eb7a0b48e-groupManagement] INFO  server.RaftServerConfigKeys (ConfUtils.java:logGet(46)) - raft.server.log.segment.size.max = 1048576 (custom)
2023-09-29 09:13:03,024 [808e3967-7510-49b7-87ea-3b9eb7a0b48e-groupManagement] INFO  server.RaftServerConfigKeys (ConfUtils.java:logGet(46)) - raft.server.log.preallocated.size = 16384 (custom)
2023-09-29 09:13:03,024 [808e3967-7510-49b7-87ea-3b9eb7a0b48e-groupManagement] INFO  server.RaftServerConfigKeys (ConfUtils.java:logGet(46)) - raft.server.log.force.sync.num = 128 (default)
2023-09-29 09:13:03,024 [808e3967-7510-49b7-87ea-3b9eb7a0b48e-groupManagement] INFO  server.RaftServerConfigKeys (ConfUtils.java:logGet(46)) - raft.server.log.statemachine.data.sync = true (default)
2023-09-29 09:13:03,024 [808e3967-7510-49b7-87ea-3b9eb7a0b48e-groupManagement] INFO  server.RaftServerConfigKeys (ConfUtils.java:logGet(46)) - raft.server.log.statemachine.data.sync.timeout = 10s (default)
2023-09-29 09:13:03,029 [EventQueue-OpenPipelineForHealthyPipelineSafeModeRule] INFO  safemode.SCMSafeModeManager (HealthyPipelineSafeModeRule.java:process(137)) - SCM in safe mode. Healthy pipelines reported count is 0, required healthy pipeline reported count is 1
2023-09-29 09:13:03,032 [808e3967-7510-49b7-87ea-3b9eb7a0b48e-groupManagement] INFO  server.RaftServerConfigKeys (ConfUtils.java:logGet(46)) - raft.server.log.statemachine.data.sync.timeout.retry = -1 (default)
2023-09-29 09:13:03,033 [808e3967-7510-49b7-87ea-3b9eb7a0b48e-groupManagement] INFO  server.RaftServerConfigKeys (ConfUtils.java:logGet(46)) - raft.server.log.write.buffer.size = 1048576 (custom)
2023-09-29 09:13:03,034 [2a19af63-c44c-4b61-8149-4383770f1009-groupManagement] INFO  storage.RaftStorage (RaftStorageImpl.java:format(96)) - Storage directory /home/runner/work/ozone/ozone/hadoop-ozone/integration-test/target/test-dir/MiniOzoneClusterImpl-2a0ec25a-3990-4628-8b93-857bbff79694/datanode-2/data/ratis/2272ba57-cbf2-4b0e-b784-79d0840543ae has been successfully formatted.
2023-09-29 09:13:03,034 [f9652e80-d58c-49ab-ab0e-27e6fff13d69-groupManagement] INFO  ratis.ContainerStateMachine (ContainerStateMachine.java:loadSnapshot(262)) - group-79D0840543AE: The snapshot info is null. Setting the last applied indexto:(t:0, i:~)
2023-09-29 09:13:03,035 [f9652e80-d58c-49ab-ab0e-27e6fff13d69-groupManagement] INFO  server.RaftServerConfigKeys (ConfUtils.java:logGet(46)) - raft.server.log.use.memory = false (default)
2023-09-29 09:13:03,035 [f9652e80-d58c-49ab-ab0e-27e6fff13d69-groupManagement] INFO  server.RaftServerConfigKeys (ConfUtils.java:logGet(46)) - raft.server.log.purge.gap = 1000000 (custom)
2023-09-29 09:13:03,035 [f9652e80-d58c-49ab-ab0e-27e6fff13d69-groupManagement] INFO  server.RaftServerConfigKeys (ConfUtils.java:logGet(46)) - raft.server.log.appender.buffer.byte-limit = 33554432 (custom)
2023-09-29 09:13:03,035 [f9652e80-d58c-49ab-ab0e-27e6fff13d69-groupManagement] INFO  server.RaftServerConfigKeys (ConfUtils.java:logGet(46)) - raft.server.log.statemachine.data.read.timeout = 1000ms (default)
2023-09-29 09:13:03,035 [f9652e80-d58c-49ab-ab0e-27e6fff13d69-groupManagement] INFO  server.RaftServerConfigKeys (ConfUtils.java:logGet(46)) - raft.server.log.purge.preservation.log.num = 0 (default)
2023-09-29 09:13:03,038 [EventQueue-OpenPipelineForHealthyPipelineSafeModeRule] INFO  safemode.SCMSafeModeManager (HealthyPipelineSafeModeRule.java:process(137)) - SCM in safe mode. Healthy pipelines reported count is 0, required healthy pipeline reported count is 1
2023-09-29 09:13:03,038 [2a19af63-c44c-4b61-8149-4383770f1009-groupManagement] INFO  ratis.ContainerStateMachine (ContainerStateMachine.java:loadSnapshot(262)) - group-79D0840543AE: The snapshot info is null. Setting the last applied indexto:(t:0, i:~)
2023-09-29 09:13:03,039 [2a19af63-c44c-4b61-8149-4383770f1009-groupManagement] INFO  server.RaftServerConfigKeys (ConfUtils.java:logGet(46)) - raft.server.log.use.memory = false (default)
2023-09-29 09:13:03,039 [2a19af63-c44c-4b61-8149-4383770f1009-groupManagement] INFO  server.RaftServerConfigKeys (ConfUtils.java:logGet(46)) - raft.server.log.purge.gap = 1000000 (custom)
2023-09-29 09:13:03,039 [2a19af63-c44c-4b61-8149-4383770f1009-groupManagement] INFO  server.RaftServerConfigKeys (ConfUtils.java:logGet(46)) - raft.server.log.appender.buffer.byte-limit = 33554432 (custom)
2023-09-29 09:13:03,039 [2a19af63-c44c-4b61-8149-4383770f1009-groupManagement] INFO  server.RaftServerConfigKeys (ConfUtils.java:logGet(46)) - raft.server.log.statemachine.data.read.timeout = 1000ms (default)
2023-09-29 09:13:03,039 [2a19af63-c44c-4b61-8149-4383770f1009-groupManagement] INFO  server.RaftServerConfigKeys (ConfUtils.java:logGet(46)) - raft.server.log.purge.preservation.log.num = 0 (default)
2023-09-29 09:13:03,034 [808e3967-7510-49b7-87ea-3b9eb7a0b48e-groupManagement] INFO  server.RaftServerConfigKeys (ConfUtils.java:logGet(46)) - raft.server.log.appender.buffer.byte-limit = 33554432 (custom)
2023-09-29 09:13:03,318 [808e3967-7510-49b7-87ea-3b9eb7a0b48e-groupManagement] INFO  server.RaftServerConfigKeys (ConfUtils.java:logGet(46)) - raft.server.log.unsafe-flush.enabled = false (default)
2023-09-29 09:13:03,318 [808e3967-7510-49b7-87ea-3b9eb7a0b48e-groupManagement] INFO  server.RaftServerConfigKeys (ConfUtils.java:logGet(46)) - raft.server.log.async-flush.enabled = false (default)
2023-09-29 09:13:03,318 [808e3967-7510-49b7-87ea-3b9eb7a0b48e-groupManagement] INFO  server.RaftServerConfigKeys (ConfUtils.java:logGet(46)) - raft.server.log.statemachine.data.caching.enabled = true (custom)
2023-09-29 09:13:03,318 [808e3967-7510-49b7-87ea-3b9eb7a0b48e-groupManagement] INFO  segmented.SegmentedRaftLogWorker (SegmentedRaftLogWorker.java:lambda$new$0(135)) - 808e3967-7510-49b7-87ea-3b9eb7a0b48e@group-79D0840543AE-SegmentedRaftLogWorker: flushIndex: setUnconditionally 0 -> -1
2023-09-29 09:13:03,319 [808e3967-7510-49b7-87ea-3b9eb7a0b48e-groupManagement] INFO  segmented.SegmentedRaftLogWorker (SegmentedRaftLogWorker.java:lambda$new$0(135)) - 808e3967-7510-49b7-87ea-3b9eb7a0b48e@group-79D0840543AE-SegmentedRaftLogWorker: safeCacheEvictIndex: setUnconditionally 0 -> -1
2023-09-29 09:13:03,319 [808e3967-7510-49b7-87ea-3b9eb7a0b48e-groupManagement] INFO  server.RaftServer$Division (RaftServerImpl.java:start(342)) - 808e3967-7510-49b7-87ea-3b9eb7a0b48e@group-79D0840543AE: start as a follower, conf=-1: peers:[2a19af63-c44c-4b61-8149-4383770f1009|rpc:10.1.0.30:15032|admin:10.1.0.30:15031|client:10.1.0.30:15030|dataStream:10.1.0.30:15033|priority:0|startupRole:FOLLOWER, f9652e80-d58c-49ab-ab0e-27e6fff13d69|rpc:10.1.0.30:15023|admin:10.1.0.30:15022|client:10.1.0.30:15021|dataStream:10.1.0.30:15024|priority:0|startupRole:FOLLOWER, 808e3967-7510-49b7-87ea-3b9eb7a0b48e|rpc:10.1.0.30:15014|admin:10.1.0.30:15013|client:10.1.0.30:15012|dataStream:10.1.0.30:15015|priority:1|startupRole:FOLLOWER]|listeners:[], old=null
2023-09-29 09:13:03,319 [808e3967-7510-49b7-87ea-3b9eb7a0b48e-groupManagement] INFO  server.RaftServer$Division (RaftServerImpl.java:setRole(329)) - 808e3967-7510-49b7-87ea-3b9eb7a0b48e@group-79D0840543AE: changes role from      null to FOLLOWER at term 0 for startAsFollower
2023-09-29 09:13:03,319 [808e3967-7510-49b7-87ea-3b9eb7a0b48e-groupManagement] INFO  impl.RoleInfo (RoleInfo.java:updateAndGet(139)) - 808e3967-7510-49b7-87ea-3b9eb7a0b48e: start 808e3967-7510-49b7-87ea-3b9eb7a0b48e@group-79D0840543AE-FollowerState
2023-09-29 09:13:03,320 [808e3967-7510-49b7-87ea-3b9eb7a0b48e-groupManagement] INFO  util.JmxRegister (JmxRegister.java:tryRegister(44)) - Successfully registered JMX Bean with object name Ratis:service=RaftServer,group=group-79D0840543AE,id=808e3967-7510-49b7-87ea-3b9eb7a0b48e
2023-09-29 09:13:03,320 [808e3967-7510-49b7-87ea-3b9eb7a0b48e-groupManagement] INFO  server.RaftServerConfigKeys (ConfUtils.java:logGet(46)) - raft.server.snapshot.auto.trigger.enabled = true (custom)
2023-09-29 09:13:03,320 [808e3967-7510-49b7-87ea-3b9eb7a0b48e-groupManagement] INFO  server.RaftServerConfigKeys (ConfUtils.java:logGet(46)) - raft.server.snapshot.auto.trigger.threshold = 10000 (custom)
2023-09-29 09:13:03,320 [808e3967-7510-49b7-87ea-3b9eb7a0b48e-groupManagement] INFO  server.RaftServerConfigKeys (ConfUtils.java:logGet(46)) - raft.server.snapshot.retention.file.num = 5 (custom)
2023-09-29 09:13:03,320 [808e3967-7510-49b7-87ea-3b9eb7a0b48e-groupManagement] INFO  server.RaftServerConfigKeys (ConfUtils.java:logGet(46)) - raft.server.log.purge.upto.snapshot.index = false (default)
2023-09-29 09:13:03,321 [PipelineCommandHandlerThread-0] INFO  ratis.XceiverServerRatis (XceiverServerRatis.java:addGroup(804)) - Created group PipelineID=2272ba57-cbf2-4b0e-b784-79d0840543ae
2023-09-29 09:13:03,330 [PipelineCommandHandlerThread-0] INFO  server.RaftServer (RaftServerProxy.java:addNew(98)) - a6468106-3f01-4ed8-9704-c326dd06b734: addNew group-B15112C7AE0F:[a6468106-3f01-4ed8-9704-c326dd06b734|rpc:10.1.0.30:15041|admin:10.1.0.30:15040|client:10.1.0.30:15039|dataStream:10.1.0.30:15042|priority:1|startupRole:FOLLOWER] returns group-B15112C7AE0F:java.util.concurrent.CompletableFuture@7e5d92c4[Not completed]
2023-09-29 09:13:03,331 [a6468106-3f01-4ed8-9704-c326dd06b734-groupManagement] INFO  server.RaftServer$Division (RaftServerImpl.java:<init>(198)) - a6468106-3f01-4ed8-9704-c326dd06b734: new RaftServerImpl for group-B15112C7AE0F:[a6468106-3f01-4ed8-9704-c326dd06b734|rpc:10.1.0.30:15041|admin:10.1.0.30:15040|client:10.1.0.30:15039|dataStream:10.1.0.30:15042|priority:1|startupRole:FOLLOWER] with ContainerStateMachine:uninitialized
2023-09-29 09:13:03,331 [a6468106-3f01-4ed8-9704-c326dd06b734-groupManagement] INFO  server.RaftServerConfigKeys (ConfUtils.java:logGet(46)) - raft.server.rpc.timeout.min = 5s (custom)
2023-09-29 09:13:03,331 [a6468106-3f01-4ed8-9704-c326dd06b734-groupManagement] INFO  server.RaftServerConfigKeys (ConfUtils.java:logGet(46)) - raft.server.rpc.timeout.max = 5200ms (custom)
2023-09-29 09:13:03,331 [a6468106-3f01-4ed8-9704-c326dd06b734-groupManagement] INFO  server.RaftServerConfigKeys (ConfUtils.java:logGet(46)) - raft.server.rpc.sleep.time = 25ms (default)
2023-09-29 09:13:03,324 [2a19af63-c44c-4b61-8149-4383770f1009-groupManagement] INFO  server.RaftServerConfigKeys (ConfUtils.java:logGet(46)) - raft.server.log.segment.size.max = 1048576 (custom)
2023-09-29 09:13:03,340 [2a19af63-c44c-4b61-8149-4383770f1009-groupManagement] INFO  server.RaftServerConfigKeys (ConfUtils.java:logGet(46)) - raft.server.log.segment.cache.num.max = 2 (custom)
2023-09-29 09:13:03,340 [2a19af63-c44c-4b61-8149-4383770f1009-groupManagement] INFO  server.RaftServerConfigKeys (ConfUtils.java:logGet(46)) - raft.server.log.segment.cache.size.max = 200MB (=209715200) (default)
2023-09-29 09:13:03,341 [2a19af63-c44c-4b61-8149-4383770f1009-groupManagement] INFO  server.RaftServerConfigKeys (ConfUtils.java:logGet(46)) - raft.server.log.appender.buffer.byte-limit = 33554432 (custom)
2023-09-29 09:13:03,341 [2a19af63-c44c-4b61-8149-4383770f1009-groupManagement] INFO  segmented.SegmentedRaftLogWorker (SegmentedRaftLogWorker.java:<init>(188)) - new 2a19af63-c44c-4b61-8149-4383770f1009@group-79D0840543AE-SegmentedRaftLogWorker for RaftStorageImpl:Storage Directory /home/runner/work/ozone/ozone/hadoop-ozone/integration-test/target/test-dir/MiniOzoneClusterImpl-2a0ec25a-3990-4628-8b93-857bbff79694/datanode-2/data/ratis/2272ba57-cbf2-4b0e-b784-79d0840543ae
2023-09-29 09:13:03,341 [2a19af63-c44c-4b61-8149-4383770f1009-groupManagement] INFO  server.RaftServerConfigKeys (ConfUtils.java:logGet(46)) - raft.server.log.queue.byte-limit = 4294967296 (custom)
2023-09-29 09:13:03,341 [2a19af63-c44c-4b61-8149-4383770f1009-groupManagement] INFO  server.RaftServerConfigKeys (ConfUtils.java:logGet(46)) - raft.server.log.queue.element-limit = 1024 (custom)
2023-09-29 09:13:03,341 [2a19af63-c44c-4b61-8149-4383770f1009-groupManagement] INFO  server.RaftServerConfigKeys (ConfUtils.java:logGet(46)) - raft.server.log.segment.size.max = 1048576 (custom)
2023-09-29 09:13:03,341 [2a19af63-c44c-4b61-8149-4383770f1009-groupManagement] INFO  server.RaftServerConfigKeys (ConfUtils.java:logGet(46)) - raft.server.log.preallocated.size = 16384 (custom)
2023-09-29 09:13:03,341 [2a19af63-c44c-4b61-8149-4383770f1009-groupManagement] INFO  server.RaftServerConfigKeys (ConfUtils.java:logGet(46)) - raft.server.log.force.sync.num = 128 (default)
2023-09-29 09:13:03,341 [2a19af63-c44c-4b61-8149-4383770f1009-groupManagement] INFO  server.RaftServerConfigKeys (ConfUtils.java:logGet(46)) - raft.server.log.statemachine.data.sync = true (default)
2023-09-29 09:13:03,341 [2a19af63-c44c-4b61-8149-4383770f1009-groupManagement] INFO  server.RaftServerConfigKeys (ConfUtils.java:logGet(46)) - raft.server.log.statemachine.data.sync.timeout = 10s (default)
2023-09-29 09:13:03,341 [2a19af63-c44c-4b61-8149-4383770f1009-groupManagement] INFO  server.RaftServerConfigKeys (ConfUtils.java:logGet(46)) - raft.server.log.statemachine.data.sync.timeout.retry = -1 (default)
2023-09-29 09:13:03,342 [2a19af63-c44c-4b61-8149-4383770f1009-groupManagement] INFO  server.RaftServerConfigKeys (ConfUtils.java:logGet(46)) - raft.server.log.write.buffer.size = 1048576 (custom)
2023-09-29 09:13:03,343 [2a19af63-c44c-4b61-8149-4383770f1009-groupManagement] INFO  server.RaftServerConfigKeys (ConfUtils.java:logGet(46)) - raft.server.log.appender.buffer.byte-limit = 33554432 (custom)
2023-09-29 09:13:03,324 [f9652e80-d58c-49ab-ab0e-27e6fff13d69-groupManagement] INFO  server.RaftServerConfigKeys (ConfUtils.java:logGet(46)) - raft.server.log.segment.size.max = 1048576 (custom)
2023-09-29 09:13:03,344 [f9652e80-d58c-49ab-ab0e-27e6fff13d69-groupManagement] INFO  server.RaftServerConfigKeys (ConfUtils.java:logGet(46)) - raft.server.log.segment.cache.num.max = 2 (custom)
2023-09-29 09:13:03,344 [f9652e80-d58c-49ab-ab0e-27e6fff13d69-groupManagement] INFO  server.RaftServerConfigKeys (ConfUtils.java:logGet(46)) - raft.server.log.segment.cache.size.max = 200MB (=209715200) (default)
2023-09-29 09:13:03,344 [f9652e80-d58c-49ab-ab0e-27e6fff13d69-groupManagement] INFO  server.RaftServerConfigKeys (ConfUtils.java:logGet(46)) - raft.server.log.appender.buffer.byte-limit = 33554432 (custom)
2023-09-29 09:13:03,344 [f9652e80-d58c-49ab-ab0e-27e6fff13d69-groupManagement] INFO  segmented.SegmentedRaftLogWorker (SegmentedRaftLogWorker.java:<init>(188)) - new f9652e80-d58c-49ab-ab0e-27e6fff13d69@group-79D0840543AE-SegmentedRaftLogWorker for RaftStorageImpl:Storage Directory /home/runner/work/ozone/ozone/hadoop-ozone/integration-test/target/test-dir/MiniOzoneClusterImpl-2a0ec25a-3990-4628-8b93-857bbff79694/datanode-1/data/ratis/2272ba57-cbf2-4b0e-b784-79d0840543ae
2023-09-29 09:13:03,344 [f9652e80-d58c-49ab-ab0e-27e6fff13d69-groupManagement] INFO  server.RaftServerConfigKeys (ConfUtils.java:logGet(46)) - raft.server.log.queue.byte-limit = 4294967296 (custom)
2023-09-29 09:13:03,345 [f9652e80-d58c-49ab-ab0e-27e6fff13d69-groupManagement] INFO  server.RaftServerConfigKeys (ConfUtils.java:logGet(46)) - raft.server.log.queue.element-limit = 1024 (custom)
2023-09-29 09:13:03,345 [f9652e80-d58c-49ab-ab0e-27e6fff13d69-groupManagement] INFO  server.RaftServerConfigKeys (ConfUtils.java:logGet(46)) - raft.server.log.segment.size.max = 1048576 (custom)
2023-09-29 09:13:03,345 [f9652e80-d58c-49ab-ab0e-27e6fff13d69-groupManagement] INFO  server.RaftServerConfigKeys (ConfUtils.java:logGet(46)) - raft.server.log.preallocated.size = 16384 (custom)
2023-09-29 09:13:03,345 [f9652e80-d58c-49ab-ab0e-27e6fff13d69-groupManagement] INFO  server.RaftServerConfigKeys (ConfUtils.java:logGet(46)) - raft.server.log.force.sync.num = 128 (default)
2023-09-29 09:13:03,345 [f9652e80-d58c-49ab-ab0e-27e6fff13d69-groupManagement] INFO  server.RaftServerConfigKeys (ConfUtils.java:logGet(46)) - raft.server.log.statemachine.data.sync = true (default)
2023-09-29 09:13:03,345 [f9652e80-d58c-49ab-ab0e-27e6fff13d69-groupManagement] INFO  server.RaftServerConfigKeys (ConfUtils.java:logGet(46)) - raft.server.log.statemachine.data.sync.timeout = 10s (default)
2023-09-29 09:13:03,345 [f9652e80-d58c-49ab-ab0e-27e6fff13d69-groupManagement] INFO  server.RaftServerConfigKeys (ConfUtils.java:logGet(46)) - raft.server.log.statemachine.data.sync.timeout.retry = -1 (default)
2023-09-29 09:13:03,346 [f9652e80-d58c-49ab-ab0e-27e6fff13d69-groupManagement] INFO  server.RaftServerConfigKeys (ConfUtils.java:logGet(46)) - raft.server.log.write.buffer.size = 1048576 (custom)
2023-09-29 09:13:03,346 [f9652e80-d58c-49ab-ab0e-27e6fff13d69-groupManagement] INFO  server.RaftServerConfigKeys (ConfUtils.java:logGet(46)) - raft.server.log.appender.buffer.byte-limit = 33554432 (custom)
2023-09-29 09:13:03,322 [JvmPauseMonitor1] WARN  util.JvmPauseMonitor (JvmPauseMonitor.java:detectPause(124)) - JvmPauseMonitor-om1: Detected pause in JVM or host machine approximately 0.254s with 0.271s GC time.
GC pool 'PS MarkSweep' had collection(s): count=1 time=188ms
GC pool 'PS Scavenge' had collection(s): count=1 time=83ms
2023-09-29 09:13:03,322 [808e3967-7510-49b7-87ea-3b9eb7a0b48e@group-79D0840543AE-FollowerState] INFO  server.RaftServerConfigKeys (ConfUtils.java:logFallback(53)) - raft.server.rpc.first-election.timeout.min = 5s (fallback to raft.server.rpc.timeout.min)
2023-09-29 09:13:03,358 [a6468106-3f01-4ed8-9704-c326dd06b734-groupManagement] INFO  server.RaftServerConfigKeys (ConfUtils.java:logGet(46)) - raft.server.rpc.slowness.timeout = 300s (custom)
2023-09-29 09:13:03,358 [a6468106-3f01-4ed8-9704-c326dd06b734-groupManagement] INFO  server.RaftServerConfigKeys (ConfUtils.java:logGet(46)) - raft.server.leaderelection.leader.step-down.wait-time = 10s (default)
2023-09-29 09:13:03,321 [JvmPauseMonitor2] WARN  util.JvmPauseMonitor (JvmPauseMonitor.java:detectPause(124)) - JvmPauseMonitor-808e3967-7510-49b7-87ea-3b9eb7a0b48e: Detected pause in JVM or host machine approximately 0.202s with 0.271s GC time.
GC pool 'PS MarkSweep' had collection(s): count=1 time=188ms
GC pool 'PS Scavenge' had collection(s): count=1 time=83ms
2023-09-29 09:13:03,358 [808e3967-7510-49b7-87ea-3b9eb7a0b48e@group-79D0840543AE-FollowerState] INFO  server.RaftServerConfigKeys (ConfUtils.java:logFallback(53)) - raft.server.rpc.first-election.timeout.max = 5200ms (fallback to raft.server.rpc.timeout.max)
2023-09-29 09:13:03,366 [a6468106-3f01-4ed8-9704-c326dd06b734-groupManagement] INFO  server.RaftServerConfigKeys (ConfUtils.java:logGet(46)) - raft.server.sleep.deviation.threshold = 300ms (default)
2023-09-29 09:13:03,366 [f9652e80-d58c-49ab-ab0e-27e6fff13d69-groupManagement] INFO  server.RaftServerConfigKeys (ConfUtils.java:logGet(46)) - raft.server.log.unsafe-flush.enabled = false (default)
2023-09-29 09:13:03,374 [a6468106-3f01-4ed8-9704-c326dd06b734-groupManagement] INFO  server.RaftServer$Division (ServerState.java:<init>(120)) - a6468106-3f01-4ed8-9704-c326dd06b734@group-B15112C7AE0F: ConfigurationManager, init=-1: peers:[a6468106-3f01-4ed8-9704-c326dd06b734|rpc:10.1.0.30:15041|admin:10.1.0.30:15040|client:10.1.0.30:15039|dataStream:10.1.0.30:15042|priority:1|startupRole:FOLLOWER]|listeners:[], old=null, confs=<EMPTY_MAP>
2023-09-29 09:13:03,376 [f9652e80-d58c-49ab-ab0e-27e6fff13d69-groupManagement] INFO  server.RaftServerConfigKeys (ConfUtils.java:logGet(46)) - raft.server.log.async-flush.enabled = false (default)
2023-09-29 09:13:03,377 [f9652e80-d58c-49ab-ab0e-27e6fff13d69-groupManagement] INFO  server.RaftServerConfigKeys (ConfUtils.java:logGet(46)) - raft.server.log.statemachine.data.caching.enabled = true (custom)
2023-09-29 09:13:03,377 [a6468106-3f01-4ed8-9704-c326dd06b734-groupManagement] INFO  server.RaftServerConfigKeys (ConfUtils.java:logGet(46)) - raft.server.storage.dir = [/home/runner/work/ozone/ozone/hadoop-ozone/integration-test/target/test-dir/MiniOzoneClusterImpl-2a0ec25a-3990-4628-8b93-857bbff79694/datanode-3/data/ratis] (custom)
2023-09-29 09:13:03,377 [f9652e80-d58c-49ab-ab0e-27e6fff13d69-groupManagement] INFO  segmented.SegmentedRaftLogWorker (SegmentedRaftLogWorker.java:lambda$new$0(135)) - f9652e80-d58c-49ab-ab0e-27e6fff13d69@group-79D0840543AE-SegmentedRaftLogWorker: flushIndex: setUnconditionally 0 -> -1
2023-09-29 09:13:03,377 [a6468106-3f01-4ed8-9704-c326dd06b734-groupManagement] INFO  server.RaftServerConfigKeys (ConfUtils.java:logGet(46)) - raft.server.log.corruption.policy = EXCEPTION (default)
2023-09-29 09:13:03,377 [a6468106-3f01-4ed8-9704-c326dd06b734-groupManagement] INFO  server.RaftServerConfigKeys (ConfUtils.java:logGet(46)) - raft.server.storage.free-space.min = 0MB (=0) (default)
2023-09-29 09:13:03,378 [a6468106-3f01-4ed8-9704-c326dd06b734-groupManagement] INFO  server.RaftServerConfigKeys (ConfUtils.java:logGet(46)) - raft.server.notification.no-leader.timeout = 300s (custom)
2023-09-29 09:13:03,378 [a6468106-3f01-4ed8-9704-c326dd06b734-groupManagement] INFO  server.RaftServerConfigKeys (ConfUtils.java:logGet(46)) - raft.server.read.timeout = 10s (default)
2023-09-29 09:13:03,378 [a6468106-3f01-4ed8-9704-c326dd06b734-groupManagement] INFO  server.RaftServerConfigKeys (ConfUtils.java:logGet(46)) - raft.server.retrycache.expirytime = 600000ms (custom)
2023-09-29 09:13:03,378 [a6468106-3f01-4ed8-9704-c326dd06b734-groupManagement] INFO  server.RaftServerConfigKeys (ConfUtils.java:logGet(46)) - raft.server.retrycache.statistics.expirytime = 100μs (default)
2023-09-29 09:13:03,378 [a6468106-3f01-4ed8-9704-c326dd06b734-groupManagement] INFO  server.RaftServerConfigKeys (ConfUtils.java:logGet(46)) - raft.server.read.option = DEFAULT (default)
2023-09-29 09:13:03,372 [2a19af63-c44c-4b61-8149-4383770f1009-groupManagement] INFO  server.RaftServerConfigKeys (ConfUtils.java:logGet(46)) - raft.server.log.unsafe-flush.enabled = false (default)
2023-09-29 09:13:03,378 [2a19af63-c44c-4b61-8149-4383770f1009-groupManagement] INFO  server.RaftServerConfigKeys (ConfUtils.java:logGet(46)) - raft.server.log.async-flush.enabled = false (default)
2023-09-29 09:13:03,378 [2a19af63-c44c-4b61-8149-4383770f1009-groupManagement] INFO  server.RaftServerConfigKeys (ConfUtils.java:logGet(46)) - raft.server.log.statemachine.data.caching.enabled = true (custom)
2023-09-29 09:13:03,379 [2a19af63-c44c-4b61-8149-4383770f1009-groupManagement] INFO  segmented.SegmentedRaftLogWorker (SegmentedRaftLogWorker.java:lambda$new$0(135)) - 2a19af63-c44c-4b61-8149-4383770f1009@group-79D0840543AE-SegmentedRaftLogWorker: flushIndex: setUnconditionally 0 -> -1
2023-09-29 09:13:03,382 [2a19af63-c44c-4b61-8149-4383770f1009-groupManagement] INFO  segmented.SegmentedRaftLogWorker (SegmentedRaftLogWorker.java:lambda$new$0(135)) - 2a19af63-c44c-4b61-8149-4383770f1009@group-79D0840543AE-SegmentedRaftLogWorker: safeCacheEvictIndex: setUnconditionally 0 -> -1
2023-09-29 09:13:03,377 [f9652e80-d58c-49ab-ab0e-27e6fff13d69-groupManagement] INFO  segmented.SegmentedRaftLogWorker (SegmentedRaftLogWorker.java:lambda$new$0(135)) - f9652e80-d58c-49ab-ab0e-27e6fff13d69@group-79D0840543AE-SegmentedRaftLogWorker: safeCacheEvictIndex: setUnconditionally 0 -> -1
2023-09-29 09:13:03,384 [2a19af63-c44c-4b61-8149-4383770f1009-groupManagement] INFO  server.RaftServer$Division (RaftServerImpl.java:start(342)) - 2a19af63-c44c-4b61-8149-4383770f1009@group-79D0840543AE: start as a follower, conf=-1: peers:[2a19af63-c44c-4b61-8149-4383770f1009|rpc:10.1.0.30:15032|admin:10.1.0.30:15031|client:10.1.0.30:15030|dataStream:10.1.0.30:15033|priority:0|startupRole:FOLLOWER, f9652e80-d58c-49ab-ab0e-27e6fff13d69|rpc:10.1.0.30:15023|admin:10.1.0.30:15022|client:10.1.0.30:15021|dataStream:10.1.0.30:15024|priority:0|startupRole:FOLLOWER, 808e3967-7510-49b7-87ea-3b9eb7a0b48e|rpc:10.1.0.30:15014|admin:10.1.0.30:15013|client:10.1.0.30:15012|dataStream:10.1.0.30:15015|priority:1|startupRole:FOLLOWER]|listeners:[], old=null
2023-09-29 09:13:03,384 [2a19af63-c44c-4b61-8149-4383770f1009-groupManagement] INFO  server.RaftServer$Division (RaftServerImpl.java:setRole(329)) - 2a19af63-c44c-4b61-8149-4383770f1009@group-79D0840543AE: changes role from      null to FOLLOWER at term 0 for startAsFollower
2023-09-29 09:13:03,384 [2a19af63-c44c-4b61-8149-4383770f1009-groupManagement] INFO  impl.RoleInfo (RoleInfo.java:updateAndGet(139)) - 2a19af63-c44c-4b61-8149-4383770f1009: start 2a19af63-c44c-4b61-8149-4383770f1009@group-79D0840543AE-FollowerState
2023-09-29 09:13:03,388 [2a19af63-c44c-4b61-8149-4383770f1009-groupManagement] INFO  util.JmxRegister (JmxRegister.java:tryRegister(44)) - Successfully registered JMX Bean with object name Ratis:service=RaftServer,group=group-79D0840543AE,id=2a19af63-c44c-4b61-8149-4383770f1009
2023-09-29 09:13:03,388 [2a19af63-c44c-4b61-8149-4383770f1009-groupManagement] INFO  server.RaftServerConfigKeys (ConfUtils.java:logGet(46)) - raft.server.snapshot.auto.trigger.enabled = true (custom)
2023-09-29 09:13:03,388 [2a19af63-c44c-4b61-8149-4383770f1009-groupManagement] INFO  server.RaftServerConfigKeys (ConfUtils.java:logGet(46)) - raft.server.snapshot.auto.trigger.threshold = 10000 (custom)
2023-09-29 09:13:03,388 [2a19af63-c44c-4b61-8149-4383770f1009-groupManagement] INFO  server.RaftServerConfigKeys (ConfUtils.java:logGet(46)) - raft.server.snapshot.retention.file.num = 5 (custom)
2023-09-29 09:13:03,388 [2a19af63-c44c-4b61-8149-4383770f1009-groupManagement] INFO  server.RaftServerConfigKeys (ConfUtils.java:logGet(46)) - raft.server.log.purge.upto.snapshot.index = false (default)
2023-09-29 09:13:03,390 [f9652e80-d58c-49ab-ab0e-27e6fff13d69-groupManagement] INFO  server.RaftServer$Division (RaftServerImpl.java:start(342)) - f9652e80-d58c-49ab-ab0e-27e6fff13d69@group-79D0840543AE: start as a follower, conf=-1: peers:[2a19af63-c44c-4b61-8149-4383770f1009|rpc:10.1.0.30:15032|admin:10.1.0.30:15031|client:10.1.0.30:15030|dataStream:10.1.0.30:15033|priority:0|startupRole:FOLLOWER, f9652e80-d58c-49ab-ab0e-27e6fff13d69|rpc:10.1.0.30:15023|admin:10.1.0.30:15022|client:10.1.0.30:15021|dataStream:10.1.0.30:15024|priority:0|startupRole:FOLLOWER, 808e3967-7510-49b7-87ea-3b9eb7a0b48e|rpc:10.1.0.30:15014|admin:10.1.0.30:15013|client:10.1.0.30:15012|dataStream:10.1.0.30:15015|priority:1|startupRole:FOLLOWER]|listeners:[], old=null
2023-09-29 09:13:03,393 [f9652e80-d58c-49ab-ab0e-27e6fff13d69-groupManagement] INFO  server.RaftServer$Division (RaftServerImpl.java:setRole(329)) - f9652e80-d58c-49ab-ab0e-27e6fff13d69@group-79D0840543AE: changes role from      null to FOLLOWER at term 0 for startAsFollower
2023-09-29 09:13:03,393 [f9652e80-d58c-49ab-ab0e-27e6fff13d69-groupManagement] INFO  impl.RoleInfo (RoleInfo.java:updateAndGet(139)) - f9652e80-d58c-49ab-ab0e-27e6fff13d69: start f9652e80-d58c-49ab-ab0e-27e6fff13d69@group-79D0840543AE-FollowerState
2023-09-29 09:13:03,392 [a6468106-3f01-4ed8-9704-c326dd06b734-groupManagement] INFO  server.RaftServerConfigKeys (ConfUtils.java:logGet(46)) - raft.server.rpc.request.timeout = 60s (custom)
2023-09-29 09:13:03,398 [a6468106-3f01-4ed8-9704-c326dd06b734-groupManagement] INFO  server.RaftServerConfigKeys (ConfUtils.java:logGet(46)) - raft.server.log.appender.install.snapshot.enabled = false (custom)
2023-09-29 09:13:03,398 [a6468106-3f01-4ed8-9704-c326dd06b734-groupManagement] INFO  server.RaftServerConfigKeys (ConfUtils.java:logGet(46)) - raft.server.threadpool.server.cached = true (default)
2023-09-29 09:13:03,398 [a6468106-3f01-4ed8-9704-c326dd06b734-groupManagement] INFO  server.RaftServerConfigKeys (ConfUtils.java:logGet(46)) - raft.server.threadpool.server.size = 0 (default)
2023-09-29 09:13:03,398 [a6468106-3f01-4ed8-9704-c326dd06b734-groupManagement] INFO  server.RaftServerConfigKeys (ConfUtils.java:logGet(46)) - raft.server.threadpool.client.cached = true (default)
2023-09-29 09:13:03,398 [a6468106-3f01-4ed8-9704-c326dd06b734-groupManagement] INFO  server.RaftServerConfigKeys (ConfUtils.java:logGet(46)) - raft.server.threadpool.client.size = 0 (default)
2023-09-29 09:13:03,399 [a6468106-3f01-4ed8-9704-c326dd06b734-groupManagement] INFO  storage.RaftStorageDirectory (RaftStorageDirectoryImpl.java:analyzeStorage(137)) - The storage directory /home/runner/work/ozone/ozone/hadoop-ozone/integration-test/target/test-dir/MiniOzoneClusterImpl-2a0ec25a-3990-4628-8b93-857bbff79694/datanode-3/data/ratis/4e691c9a-a91a-4503-8247-b15112c7ae0f does not exist. Creating ...
2023-09-29 09:13:03,390 [PipelineCommandHandlerThread-0] INFO  ratis.XceiverServerRatis (XceiverServerRatis.java:addGroup(804)) - Created group PipelineID=2272ba57-cbf2-4b0e-b784-79d0840543ae
2023-09-29 09:13:03,393 [f9652e80-d58c-49ab-ab0e-27e6fff13d69-groupManagement] INFO  util.JmxRegister (JmxRegister.java:tryRegister(44)) - Successfully registered JMX Bean with object name Ratis:service=RaftServer,group=group-79D0840543AE,id=f9652e80-d58c-49ab-ab0e-27e6fff13d69
2023-09-29 09:13:03,400 [f9652e80-d58c-49ab-ab0e-27e6fff13d69-groupManagement] INFO  server.RaftServerConfigKeys (ConfUtils.java:logGet(46)) - raft.server.snapshot.auto.trigger.enabled = true (custom)
2023-09-29 09:13:03,400 [a6468106-3f01-4ed8-9704-c326dd06b734-groupManagement] INFO  storage.RaftStorageDirectory (RaftStorageDirectoryImpl.java:tryLock(231)) - Lock on /home/runner/work/ozone/ozone/hadoop-ozone/integration-test/target/test-dir/MiniOzoneClusterImpl-2a0ec25a-3990-4628-8b93-857bbff79694/datanode-3/data/ratis/4e691c9a-a91a-4503-8247-b15112c7ae0f/in_use.lock acquired by nodename 20785@fv-az83-343
2023-09-29 09:13:03,400 [f9652e80-d58c-49ab-ab0e-27e6fff13d69-groupManagement] INFO  server.RaftServerConfigKeys (ConfUtils.java:logGet(46)) - raft.server.snapshot.auto.trigger.threshold = 10000 (custom)
2023-09-29 09:13:03,404 [f9652e80-d58c-49ab-ab0e-27e6fff13d69-groupManagement] INFO  server.RaftServerConfigKeys (ConfUtils.java:logGet(46)) - raft.server.snapshot.retention.file.num = 5 (custom)
2023-09-29 09:13:03,404 [f9652e80-d58c-49ab-ab0e-27e6fff13d69-groupManagement] INFO  server.RaftServerConfigKeys (ConfUtils.java:logGet(46)) - raft.server.log.purge.upto.snapshot.index = false (default)
2023-09-29 09:13:03,404 [a6468106-3f01-4ed8-9704-c326dd06b734-groupManagement] INFO  storage.RaftStorage (RaftStorageImpl.java:format(96)) - Storage directory /home/runner/work/ozone/ozone/hadoop-ozone/integration-test/target/test-dir/MiniOzoneClusterImpl-2a0ec25a-3990-4628-8b93-857bbff79694/datanode-3/data/ratis/4e691c9a-a91a-4503-8247-b15112c7ae0f has been successfully formatted.
2023-09-29 09:13:03,407 [PipelineCommandHandlerThread-0] INFO  ratis.XceiverServerRatis (XceiverServerRatis.java:addGroup(804)) - Created group PipelineID=2272ba57-cbf2-4b0e-b784-79d0840543ae
2023-09-29 09:13:03,407 [2a19af63-c44c-4b61-8149-4383770f1009@group-79D0840543AE-FollowerState] INFO  server.RaftServerConfigKeys (ConfUtils.java:logFallback(53)) - raft.server.rpc.first-election.timeout.min = 5s (fallback to raft.server.rpc.timeout.min)
2023-09-29 09:13:03,407 [2a19af63-c44c-4b61-8149-4383770f1009@group-79D0840543AE-FollowerState] INFO  server.RaftServerConfigKeys (ConfUtils.java:logFallback(53)) - raft.server.rpc.first-election.timeout.max = 5200ms (fallback to raft.server.rpc.timeout.max)
2023-09-29 09:13:03,412 [f9652e80-d58c-49ab-ab0e-27e6fff13d69@group-79D0840543AE-FollowerState] INFO  server.RaftServerConfigKeys (ConfUtils.java:logFallback(53)) - raft.server.rpc.first-election.timeout.min = 5s (fallback to raft.server.rpc.timeout.min)
2023-09-29 09:13:03,413 [a6468106-3f01-4ed8-9704-c326dd06b734-groupManagement] INFO  ratis.ContainerStateMachine (ContainerStateMachine.java:loadSnapshot(262)) - group-B15112C7AE0F: The snapshot info is null. Setting the last applied indexto:(t:0, i:~)
2023-09-29 09:13:03,417 [a6468106-3f01-4ed8-9704-c326dd06b734-groupManagement] INFO  server.RaftServerConfigKeys (ConfUtils.java:logGet(46)) - raft.server.log.use.memory = false (default)
2023-09-29 09:13:03,419 [a6468106-3f01-4ed8-9704-c326dd06b734-groupManagement] INFO  server.RaftServerConfigKeys (ConfUtils.java:logGet(46)) - raft.server.log.purge.gap = 1000000 (custom)
2023-09-29 09:13:03,422 [a6468106-3f01-4ed8-9704-c326dd06b734-groupManagement] INFO  server.RaftServerConfigKeys (ConfUtils.java:logGet(46)) - raft.server.log.appender.buffer.byte-limit = 33554432 (custom)
2023-09-29 09:13:03,422 [a6468106-3f01-4ed8-9704-c326dd06b734-groupManagement] INFO  server.RaftServerConfigKeys (ConfUtils.java:logGet(46)) - raft.server.log.statemachine.data.read.timeout = 1000ms (default)
2023-09-29 09:13:03,422 [a6468106-3f01-4ed8-9704-c326dd06b734-groupManagement] INFO  server.RaftServerConfigKeys (ConfUtils.java:logGet(46)) - raft.server.log.purge.preservation.log.num = 0 (default)
2023-09-29 09:13:03,423 [a6468106-3f01-4ed8-9704-c326dd06b734-groupManagement] INFO  server.RaftServerConfigKeys (ConfUtils.java:logGet(46)) - raft.server.log.segment.size.max = 1048576 (custom)
2023-09-29 09:13:03,423 [a6468106-3f01-4ed8-9704-c326dd06b734-groupManagement] INFO  server.RaftServerConfigKeys (ConfUtils.java:logGet(46)) - raft.server.log.segment.cache.num.max = 2 (custom)
2023-09-29 09:13:03,423 [a6468106-3f01-4ed8-9704-c326dd06b734-groupManagement] INFO  server.RaftServerConfigKeys (ConfUtils.java:logGet(46)) - raft.server.log.segment.cache.size.max = 200MB (=209715200) (default)
2023-09-29 09:13:03,423 [a6468106-3f01-4ed8-9704-c326dd06b734-groupManagement] INFO  server.RaftServerConfigKeys (ConfUtils.java:logGet(46)) - raft.server.log.appender.buffer.byte-limit = 33554432 (custom)
2023-09-29 09:13:03,423 [a6468106-3f01-4ed8-9704-c326dd06b734-groupManagement] INFO  segmented.SegmentedRaftLogWorker (SegmentedRaftLogWorker.java:<init>(188)) - new a6468106-3f01-4ed8-9704-c326dd06b734@group-B15112C7AE0F-SegmentedRaftLogWorker for RaftStorageImpl:Storage Directory /home/runner/work/ozone/ozone/hadoop-ozone/integration-test/target/test-dir/MiniOzoneClusterImpl-2a0ec25a-3990-4628-8b93-857bbff79694/datanode-3/data/ratis/4e691c9a-a91a-4503-8247-b15112c7ae0f
2023-09-29 09:13:03,424 [a6468106-3f01-4ed8-9704-c326dd06b734-groupManagement] INFO  server.RaftServerConfigKeys (ConfUtils.java:logGet(46)) - raft.server.log.queue.byte-limit = 4294967296 (custom)
2023-09-29 09:13:03,424 [a6468106-3f01-4ed8-9704-c326dd06b734-groupManagement] INFO  server.RaftServerConfigKeys (ConfUtils.java:logGet(46)) - raft.server.log.queue.element-limit = 1024 (custom)
2023-09-29 09:13:03,426 [a6468106-3f01-4ed8-9704-c326dd06b734-groupManagement] INFO  server.RaftServerConfigKeys (ConfUtils.java:logGet(46)) - raft.server.log.segment.size.max = 1048576 (custom)
2023-09-29 09:13:03,426 [a6468106-3f01-4ed8-9704-c326dd06b734-groupManagement] INFO  server.RaftServerConfigKeys (ConfUtils.java:logGet(46)) - raft.server.log.preallocated.size = 16384 (custom)
2023-09-29 09:13:03,426 [a6468106-3f01-4ed8-9704-c326dd06b734-groupManagement] INFO  server.RaftServerConfigKeys (ConfUtils.java:logGet(46)) - raft.server.log.force.sync.num = 128 (default)
2023-09-29 09:13:03,426 [a6468106-3f01-4ed8-9704-c326dd06b734-groupManagement] INFO  server.RaftServerConfigKeys (ConfUtils.java:logGet(46)) - raft.server.log.statemachine.data.sync = true (default)
2023-09-29 09:13:03,426 [a6468106-3f01-4ed8-9704-c326dd06b734-groupManagement] INFO  server.RaftServerConfigKeys (ConfUtils.java:logGet(46)) - raft.server.log.statemachine.data.sync.timeout = 10s (default)
2023-09-29 09:13:03,426 [a6468106-3f01-4ed8-9704-c326dd06b734-groupManagement] INFO  server.RaftServerConfigKeys (ConfUtils.java:logGet(46)) - raft.server.log.statemachine.data.sync.timeout.retry = -1 (default)
2023-09-29 09:13:03,417 [f9652e80-d58c-49ab-ab0e-27e6fff13d69@group-79D0840543AE-FollowerState] INFO  server.RaftServerConfigKeys (ConfUtils.java:logFallback(53)) - raft.server.rpc.first-election.timeout.max = 5200ms (fallback to raft.server.rpc.timeout.max)
2023-09-29 09:13:03,417 [EventQueue-PipelineReportForPipelineReportHandler] INFO  pipeline.PipelineReportHandler (PipelineReportHandler.java:processPipelineReport(136)) - Opened pipeline PipelineID=4e691c9a-a91a-4503-8247-b15112c7ae0f
2023-09-29 09:13:03,427 [EventQueue-OpenPipelineForHealthyPipelineSafeModeRule] INFO  safemode.SCMSafeModeManager (HealthyPipelineSafeModeRule.java:process(137)) - SCM in safe mode. Healthy pipelines reported count is 0, required healthy pipeline reported count is 1
2023-09-29 09:13:03,427 [a6468106-3f01-4ed8-9704-c326dd06b734-groupManagement] INFO  server.RaftServerConfigKeys (ConfUtils.java:logGet(46)) - raft.server.log.write.buffer.size = 1048576 (custom)
2023-09-29 09:13:03,428 [a6468106-3f01-4ed8-9704-c326dd06b734-groupManagement] INFO  server.RaftServerConfigKeys (ConfUtils.java:logGet(46)) - raft.server.log.appender.buffer.byte-limit = 33554432 (custom)
2023-09-29 09:13:03,434 [a6468106-3f01-4ed8-9704-c326dd06b734-groupManagement] INFO  server.RaftServerConfigKeys (ConfUtils.java:logGet(46)) - raft.server.log.unsafe-flush.enabled = false (default)
2023-09-29 09:13:03,435 [a6468106-3f01-4ed8-9704-c326dd06b734-groupManagement] INFO  server.RaftServerConfigKeys (ConfUtils.java:logGet(46)) - raft.server.log.async-flush.enabled = false (default)
2023-09-29 09:13:03,435 [a6468106-3f01-4ed8-9704-c326dd06b734-groupManagement] INFO  server.RaftServerConfigKeys (ConfUtils.java:logGet(46)) - raft.server.log.statemachine.data.caching.enabled = true (custom)
2023-09-29 09:13:03,435 [a6468106-3f01-4ed8-9704-c326dd06b734-groupManagement] INFO  segmented.SegmentedRaftLogWorker (SegmentedRaftLogWorker.java:lambda$new$0(135)) - a6468106-3f01-4ed8-9704-c326dd06b734@group-B15112C7AE0F-SegmentedRaftLogWorker: flushIndex: setUnconditionally 0 -> -1
2023-09-29 09:13:03,435 [a6468106-3f01-4ed8-9704-c326dd06b734-groupManagement] INFO  segmented.SegmentedRaftLogWorker (SegmentedRaftLogWorker.java:lambda$new$0(135)) - a6468106-3f01-4ed8-9704-c326dd06b734@group-B15112C7AE0F-SegmentedRaftLogWorker: safeCacheEvictIndex: setUnconditionally 0 -> -1
2023-09-29 09:13:03,438 [a6468106-3f01-4ed8-9704-c326dd06b734-groupManagement] INFO  server.RaftServer$Division (RaftServerImpl.java:start(342)) - a6468106-3f01-4ed8-9704-c326dd06b734@group-B15112C7AE0F: start as a follower, conf=-1: peers:[a6468106-3f01-4ed8-9704-c326dd06b734|rpc:10.1.0.30:15041|admin:10.1.0.30:15040|client:10.1.0.30:15039|dataStream:10.1.0.30:15042|priority:1|startupRole:FOLLOWER]|listeners:[], old=null
2023-09-29 09:13:03,439 [a6468106-3f01-4ed8-9704-c326dd06b734-groupManagement] INFO  server.RaftServer$Division (RaftServerImpl.java:setRole(329)) - a6468106-3f01-4ed8-9704-c326dd06b734@group-B15112C7AE0F: changes role from      null to FOLLOWER at term 0 for startAsFollower
2023-09-29 09:13:03,439 [a6468106-3f01-4ed8-9704-c326dd06b734-groupManagement] INFO  impl.RoleInfo (RoleInfo.java:updateAndGet(139)) - a6468106-3f01-4ed8-9704-c326dd06b734: start a6468106-3f01-4ed8-9704-c326dd06b734@group-B15112C7AE0F-FollowerState
2023-09-29 09:13:03,439 [a6468106-3f01-4ed8-9704-c326dd06b734-groupManagement] INFO  util.JmxRegister (JmxRegister.java:tryRegister(44)) - Successfully registered JMX Bean with object name Ratis:service=RaftServer,group=group-B15112C7AE0F,id=a6468106-3f01-4ed8-9704-c326dd06b734
2023-09-29 09:13:03,439 [a6468106-3f01-4ed8-9704-c326dd06b734-groupManagement] INFO  server.RaftServerConfigKeys (ConfUtils.java:logGet(46)) - raft.server.snapshot.auto.trigger.enabled = true (custom)
2023-09-29 09:13:03,439 [a6468106-3f01-4ed8-9704-c326dd06b734-groupManagement] INFO  server.RaftServerConfigKeys (ConfUtils.java:logGet(46)) - raft.server.snapshot.auto.trigger.threshold = 10000 (custom)
2023-09-29 09:13:03,439 [a6468106-3f01-4ed8-9704-c326dd06b734-groupManagement] INFO  server.RaftServerConfigKeys (ConfUtils.java:logGet(46)) - raft.server.snapshot.retention.file.num = 5 (custom)
2023-09-29 09:13:03,439 [a6468106-3f01-4ed8-9704-c326dd06b734-groupManagement] INFO  server.RaftServerConfigKeys (ConfUtils.java:logGet(46)) - raft.server.log.purge.upto.snapshot.index = false (default)
2023-09-29 09:13:03,444 [PipelineCommandHandlerThread-0] INFO  ratis.XceiverServerRatis (XceiverServerRatis.java:addGroup(804)) - Created group PipelineID=4e691c9a-a91a-4503-8247-b15112c7ae0f
2023-09-29 09:13:03,444 [PipelineCommandHandlerThread-0] INFO  commandhandler.CreatePipelineCommandHandler (CreatePipelineCommandHandler.java:lambda$handle$2(124)) - Created Pipeline RATIS ONE PipelineID=4e691c9a-a91a-4503-8247-b15112c7ae0f.
2023-09-29 09:13:03,464 [a6468106-3f01-4ed8-9704-c326dd06b734@group-B15112C7AE0F-FollowerState] INFO  server.RaftServerConfigKeys (ConfUtils.java:logFallback(53)) - raft.server.rpc.first-election.timeout.min = 5s (fallback to raft.server.rpc.timeout.min)
2023-09-29 09:13:03,464 [a6468106-3f01-4ed8-9704-c326dd06b734@group-B15112C7AE0F-FollowerState] INFO  server.RaftServerConfigKeys (ConfUtils.java:logFallback(53)) - raft.server.rpc.first-election.timeout.max = 5200ms (fallback to raft.server.rpc.timeout.max)
2023-09-29 09:13:03,543 [PipelineCommandHandlerThread-0] INFO  commandhandler.CreatePipelineCommandHandler (CreatePipelineCommandHandler.java:lambda$handle$2(124)) - Created Pipeline RATIS THREE PipelineID=2272ba57-cbf2-4b0e-b784-79d0840543ae.
2023-09-29 09:13:03,612 [PipelineCommandHandlerThread-0] INFO  commandhandler.CreatePipelineCommandHandler (CreatePipelineCommandHandler.java:lambda$handle$2(124)) - Created Pipeline RATIS THREE PipelineID=2272ba57-cbf2-4b0e-b784-79d0840543ae.
2023-09-29 09:13:03,622 [PipelineCommandHandlerThread-0] INFO  commandhandler.CreatePipelineCommandHandler (CreatePipelineCommandHandler.java:lambda$handle$2(124)) - Created Pipeline RATIS THREE PipelineID=2272ba57-cbf2-4b0e-b784-79d0840543ae.
2023-09-29 09:13:03,690 [main] INFO  ozone.MiniOzoneClusterImpl (MiniOzoneClusterImpl.java:lambda$waitForClusterToBeReady$0(229)) - Nodes are ready. Got 5 of 5 DN Heartbeats.
2023-09-29 09:13:03,691 [main] INFO  ozone.MiniOzoneClusterImpl (MiniOzoneClusterImpl.java:lambda$waitForClusterToBeReady$0(232)) - Waiting for cluster to exit safe mode
2023-09-29 09:13:03,691 [main] INFO  ozone.MiniOzoneClusterImpl (MiniOzoneClusterImpl.java:lambda$waitForClusterToBeReady$0(234)) - SCM became leader
2023-09-29 09:13:03,701 [PipelineCommandHandlerThread-0] INFO  server.RaftServer (RaftServerProxy.java:addNew(98)) - dd913d19-83ff-47ba-9363-dfe8430831a0: addNew group-DE1D064B2062:[dd913d19-83ff-47ba-9363-dfe8430831a0|rpc:10.1.0.30:15050|admin:10.1.0.30:15049|client:10.1.0.30:15048|dataStream:10.1.0.30:15051|priority:1|startupRole:FOLLOWER] returns group-DE1D064B2062:java.util.concurrent.CompletableFuture@6ee2dac9[Not completed]
2023-09-29 09:13:03,703 [dd913d19-83ff-47ba-9363-dfe8430831a0-groupManagement] INFO  server.RaftServer$Division (RaftServerImpl.java:<init>(198)) - dd913d19-83ff-47ba-9363-dfe8430831a0: new RaftServerImpl for group-DE1D064B2062:[dd913d19-83ff-47ba-9363-dfe8430831a0|rpc:10.1.0.30:15050|admin:10.1.0.30:15049|client:10.1.0.30:15048|dataStream:10.1.0.30:15051|priority:1|startupRole:FOLLOWER] with ContainerStateMachine:uninitialized
2023-09-29 09:13:03,703 [dd913d19-83ff-47ba-9363-dfe8430831a0-groupManagement] INFO  server.RaftServerConfigKeys (ConfUtils.java:logGet(46)) - raft.server.rpc.timeout.min = 5s (custom)
2023-09-29 09:13:03,703 [dd913d19-83ff-47ba-9363-dfe8430831a0-groupManagement] INFO  server.RaftServerConfigKeys (ConfUtils.java:logGet(46)) - raft.server.rpc.timeout.max = 5200ms (custom)
2023-09-29 09:13:03,703 [dd913d19-83ff-47ba-9363-dfe8430831a0-groupManagement] INFO  server.RaftServerConfigKeys (ConfUtils.java:logGet(46)) - raft.server.rpc.sleep.time = 25ms (default)
2023-09-29 09:13:03,703 [dd913d19-83ff-47ba-9363-dfe8430831a0-groupManagement] INFO  server.RaftServerConfigKeys (ConfUtils.java:logGet(46)) - raft.server.rpc.slowness.timeout = 300s (custom)
2023-09-29 09:13:03,703 [dd913d19-83ff-47ba-9363-dfe8430831a0-groupManagement] INFO  server.RaftServerConfigKeys (ConfUtils.java:logGet(46)) - raft.server.leaderelection.leader.step-down.wait-time = 10s (default)
2023-09-29 09:13:03,703 [dd913d19-83ff-47ba-9363-dfe8430831a0-groupManagement] INFO  server.RaftServerConfigKeys (ConfUtils.java:logGet(46)) - raft.server.sleep.deviation.threshold = 300ms (default)
2023-09-29 09:13:03,703 [dd913d19-83ff-47ba-9363-dfe8430831a0-groupManagement] INFO  server.RaftServer$Division (ServerState.java:<init>(120)) - dd913d19-83ff-47ba-9363-dfe8430831a0@group-DE1D064B2062: ConfigurationManager, init=-1: peers:[dd913d19-83ff-47ba-9363-dfe8430831a0|rpc:10.1.0.30:15050|admin:10.1.0.30:15049|client:10.1.0.30:15048|dataStream:10.1.0.30:15051|priority:1|startupRole:FOLLOWER]|listeners:[], old=null, confs=<EMPTY_MAP>
2023-09-29 09:13:03,704 [dd913d19-83ff-47ba-9363-dfe8430831a0-groupManagement] INFO  server.RaftServerConfigKeys (ConfUtils.java:logGet(46)) - raft.server.storage.dir = [/home/runner/work/ozone/ozone/hadoop-ozone/integration-test/target/test-dir/MiniOzoneClusterImpl-2a0ec25a-3990-4628-8b93-857bbff79694/datanode-4/data/ratis] (custom)
2023-09-29 09:13:03,704 [dd913d19-83ff-47ba-9363-dfe8430831a0-groupManagement] INFO  server.RaftServerConfigKeys (ConfUtils.java:logGet(46)) - raft.server.log.corruption.policy = EXCEPTION (default)
2023-09-29 09:13:03,704 [dd913d19-83ff-47ba-9363-dfe8430831a0-groupManagement] INFO  server.RaftServerConfigKeys (ConfUtils.java:logGet(46)) - raft.server.storage.free-space.min = 0MB (=0) (default)
2023-09-29 09:13:03,704 [dd913d19-83ff-47ba-9363-dfe8430831a0-groupManagement] INFO  server.RaftServerConfigKeys (ConfUtils.java:logGet(46)) - raft.server.notification.no-leader.timeout = 300s (custom)
2023-09-29 09:13:03,704 [dd913d19-83ff-47ba-9363-dfe8430831a0-groupManagement] INFO  server.RaftServerConfigKeys (ConfUtils.java:logGet(46)) - raft.server.read.timeout = 10s (default)
2023-09-29 09:13:03,704 [dd913d19-83ff-47ba-9363-dfe8430831a0-groupManagement] INFO  server.RaftServerConfigKeys (ConfUtils.java:logGet(46)) - raft.server.retrycache.expirytime = 600000ms (custom)
2023-09-29 09:13:03,705 [dd913d19-83ff-47ba-9363-dfe8430831a0-groupManagement] INFO  server.RaftServerConfigKeys (ConfUtils.java:logGet(46)) - raft.server.retrycache.statistics.expirytime = 100μs (default)
2023-09-29 09:13:03,705 [dd913d19-83ff-47ba-9363-dfe8430831a0-groupManagement] INFO  server.RaftServerConfigKeys (ConfUtils.java:logGet(46)) - raft.server.read.option = DEFAULT (default)
2023-09-29 09:13:03,707 [dd913d19-83ff-47ba-9363-dfe8430831a0-groupManagement] INFO  server.RaftServerConfigKeys (ConfUtils.java:logGet(46)) - raft.server.rpc.request.timeout = 60s (custom)
2023-09-29 09:13:03,707 [dd913d19-83ff-47ba-9363-dfe8430831a0-groupManagement] INFO  server.RaftServerConfigKeys (ConfUtils.java:logGet(46)) - raft.server.log.appender.install.snapshot.enabled = false (custom)
2023-09-29 09:13:03,708 [dd913d19-83ff-47ba-9363-dfe8430831a0-groupManagement] INFO  server.RaftServerConfigKeys (ConfUtils.java:logGet(46)) - raft.server.threadpool.server.cached = true (default)
2023-09-29 09:13:03,708 [dd913d19-83ff-47ba-9363-dfe8430831a0-groupManagement] INFO  server.RaftServerConfigKeys (ConfUtils.java:logGet(46)) - raft.server.threadpool.server.size = 0 (default)
2023-09-29 09:13:03,709 [dd913d19-83ff-47ba-9363-dfe8430831a0-groupManagement] INFO  server.RaftServerConfigKeys (ConfUtils.java:logGet(46)) - raft.server.threadpool.client.cached = true (default)
2023-09-29 09:13:03,709 [dd913d19-83ff-47ba-9363-dfe8430831a0-groupManagement] INFO  server.RaftServerConfigKeys (ConfUtils.java:logGet(46)) - raft.server.threadpool.client.size = 0 (default)
2023-09-29 09:13:03,709 [dd913d19-83ff-47ba-9363-dfe8430831a0-groupManagement] INFO  storage.RaftStorageDirectory (RaftStorageDirectoryImpl.java:analyzeStorage(137)) - The storage directory /home/runner/work/ozone/ozone/hadoop-ozone/integration-test/target/test-dir/MiniOzoneClusterImpl-2a0ec25a-3990-4628-8b93-857bbff79694/datanode-4/data/ratis/e00295f4-d4b0-449b-a1eb-de1d064b2062 does not exist. Creating ...
2023-09-29 09:13:03,713 [dd913d19-83ff-47ba-9363-dfe8430831a0-groupManagement] INFO  storage.RaftStorageDirectory (RaftStorageDirectoryImpl.java:tryLock(231)) - Lock on /home/runner/work/ozone/ozone/hadoop-ozone/integration-test/target/test-dir/MiniOzoneClusterImpl-2a0ec25a-3990-4628-8b93-857bbff79694/datanode-4/data/ratis/e00295f4-d4b0-449b-a1eb-de1d064b2062/in_use.lock acquired by nodename 20785@fv-az83-343
2023-09-29 09:13:03,715 [dd913d19-83ff-47ba-9363-dfe8430831a0-groupManagement] INFO  storage.RaftStorage (RaftStorageImpl.java:format(96)) - Storage directory /home/runner/work/ozone/ozone/hadoop-ozone/integration-test/target/test-dir/MiniOzoneClusterImpl-2a0ec25a-3990-4628-8b93-857bbff79694/datanode-4/data/ratis/e00295f4-d4b0-449b-a1eb-de1d064b2062 has been successfully formatted.
2023-09-29 09:13:03,716 [dd913d19-83ff-47ba-9363-dfe8430831a0-groupManagement] INFO  ratis.ContainerStateMachine (ContainerStateMachine.java:loadSnapshot(262)) - group-DE1D064B2062: The snapshot info is null. Setting the last applied indexto:(t:0, i:~)
2023-09-29 09:13:03,716 [dd913d19-83ff-47ba-9363-dfe8430831a0-groupManagement] INFO  server.RaftServerConfigKeys (ConfUtils.java:logGet(46)) - raft.server.log.use.memory = false (default)
2023-09-29 09:13:03,716 [dd913d19-83ff-47ba-9363-dfe8430831a0-groupManagement] INFO  server.RaftServerConfigKeys (ConfUtils.java:logGet(46)) - raft.server.log.purge.gap = 1000000 (custom)
2023-09-29 09:13:03,717 [dd913d19-83ff-47ba-9363-dfe8430831a0-groupManagement] INFO  server.RaftServerConfigKeys (ConfUtils.java:logGet(46)) - raft.server.log.appender.buffer.byte-limit = 33554432 (custom)
2023-09-29 09:13:03,717 [dd913d19-83ff-47ba-9363-dfe8430831a0-groupManagement] INFO  server.RaftServerConfigKeys (ConfUtils.java:logGet(46)) - raft.server.log.statemachine.data.read.timeout = 1000ms (default)
2023-09-29 09:13:03,717 [dd913d19-83ff-47ba-9363-dfe8430831a0-groupManagement] INFO  server.RaftServerConfigKeys (ConfUtils.java:logGet(46)) - raft.server.log.purge.preservation.log.num = 0 (default)
2023-09-29 09:13:03,718 [dd913d19-83ff-47ba-9363-dfe8430831a0-groupManagement] INFO  server.RaftServerConfigKeys (ConfUtils.java:logGet(46)) - raft.server.log.segment.size.max = 1048576 (custom)
2023-09-29 09:13:03,718 [dd913d19-83ff-47ba-9363-dfe8430831a0-groupManagement] INFO  server.RaftServerConfigKeys (ConfUtils.java:logGet(46)) - raft.server.log.segment.cache.num.max = 2 (custom)
2023-09-29 09:13:03,718 [dd913d19-83ff-47ba-9363-dfe8430831a0-groupManagement] INFO  server.RaftServerConfigKeys (ConfUtils.java:logGet(46)) - raft.server.log.segment.cache.size.max = 200MB (=209715200) (default)
2023-09-29 09:13:03,718 [dd913d19-83ff-47ba-9363-dfe8430831a0-groupManagement] INFO  server.RaftServerConfigKeys (ConfUtils.java:logGet(46)) - raft.server.log.appender.buffer.byte-limit = 33554432 (custom)
2023-09-29 09:13:03,719 [dd913d19-83ff-47ba-9363-dfe8430831a0-groupManagement] INFO  segmented.SegmentedRaftLogWorker (SegmentedRaftLogWorker.java:<init>(188)) - new dd913d19-83ff-47ba-9363-dfe8430831a0@group-DE1D064B2062-SegmentedRaftLogWorker for RaftStorageImpl:Storage Directory /home/runner/work/ozone/ozone/hadoop-ozone/integration-test/target/test-dir/MiniOzoneClusterImpl-2a0ec25a-3990-4628-8b93-857bbff79694/datanode-4/data/ratis/e00295f4-d4b0-449b-a1eb-de1d064b2062
2023-09-29 09:13:03,719 [dd913d19-83ff-47ba-9363-dfe8430831a0-groupManagement] INFO  server.RaftServerConfigKeys (ConfUtils.java:logGet(46)) - raft.server.log.queue.byte-limit = 4294967296 (custom)
2023-09-29 09:13:03,719 [dd913d19-83ff-47ba-9363-dfe8430831a0-groupManagement] INFO  server.RaftServerConfigKeys (ConfUtils.java:logGet(46)) - raft.server.log.queue.element-limit = 1024 (custom)
2023-09-29 09:13:03,719 [dd913d19-83ff-47ba-9363-dfe8430831a0-groupManagement] INFO  server.RaftServerConfigKeys (ConfUtils.java:logGet(46)) - raft.server.log.segment.size.max = 1048576 (custom)
2023-09-29 09:13:03,719 [dd913d19-83ff-47ba-9363-dfe8430831a0-groupManagement] INFO  server.RaftServerConfigKeys (ConfUtils.java:logGet(46)) - raft.server.log.preallocated.size = 16384 (custom)
2023-09-29 09:13:03,719 [dd913d19-83ff-47ba-9363-dfe8430831a0-groupManagement] INFO  server.RaftServerConfigKeys (ConfUtils.java:logGet(46)) - raft.server.log.force.sync.num = 128 (default)
2023-09-29 09:13:03,719 [dd913d19-83ff-47ba-9363-dfe8430831a0-groupManagement] INFO  server.RaftServerConfigKeys (ConfUtils.java:logGet(46)) - raft.server.log.statemachine.data.sync = true (default)
2023-09-29 09:13:03,719 [dd913d19-83ff-47ba-9363-dfe8430831a0-groupManagement] INFO  server.RaftServerConfigKeys (ConfUtils.java:logGet(46)) - raft.server.log.statemachine.data.sync.timeout = 10s (default)
2023-09-29 09:13:03,719 [dd913d19-83ff-47ba-9363-dfe8430831a0-groupManagement] INFO  server.RaftServerConfigKeys (ConfUtils.java:logGet(46)) - raft.server.log.statemachine.data.sync.timeout.retry = -1 (default)
2023-09-29 09:13:03,720 [EventQueue-PipelineReportForPipelineReportHandler] INFO  pipeline.PipelineReportHandler (PipelineReportHandler.java:processPipelineReport(136)) - Opened pipeline PipelineID=e00295f4-d4b0-449b-a1eb-de1d064b2062
2023-09-29 09:13:03,720 [EventQueue-OpenPipelineForHealthyPipelineSafeModeRule] INFO  safemode.SCMSafeModeManager (HealthyPipelineSafeModeRule.java:process(137)) - SCM in safe mode. Healthy pipelines reported count is 0, required healthy pipeline reported count is 1
2023-09-29 09:13:03,724 [dd913d19-83ff-47ba-9363-dfe8430831a0-groupManagement] INFO  server.RaftServerConfigKeys (ConfUtils.java:logGet(46)) - raft.server.log.write.buffer.size = 1048576 (custom)
2023-09-29 09:13:03,725 [dd913d19-83ff-47ba-9363-dfe8430831a0-groupManagement] INFO  server.RaftServerConfigKeys (ConfUtils.java:logGet(46)) - raft.server.log.appender.buffer.byte-limit = 33554432 (custom)
2023-09-29 09:13:03,732 [dd913d19-83ff-47ba-9363-dfe8430831a0-groupManagement] INFO  server.RaftServerConfigKeys (ConfUtils.java:logGet(46)) - raft.server.log.unsafe-flush.enabled = false (default)
2023-09-29 09:13:03,732 [dd913d19-83ff-47ba-9363-dfe8430831a0-groupManagement] INFO  server.RaftServerConfigKeys (ConfUtils.java:logGet(46)) - raft.server.log.async-flush.enabled = false (default)
2023-09-29 09:13:03,732 [dd913d19-83ff-47ba-9363-dfe8430831a0-groupManagement] INFO  server.RaftServerConfigKeys (ConfUtils.java:logGet(46)) - raft.server.log.statemachine.data.caching.enabled = true (custom)
2023-09-29 09:13:03,733 [dd913d19-83ff-47ba-9363-dfe8430831a0-groupManagement] INFO  segmented.SegmentedRaftLogWorker (SegmentedRaftLogWorker.java:lambda$new$0(135)) - dd913d19-83ff-47ba-9363-dfe8430831a0@group-DE1D064B2062-SegmentedRaftLogWorker: flushIndex: setUnconditionally 0 -> -1
2023-09-29 09:13:03,733 [dd913d19-83ff-47ba-9363-dfe8430831a0-groupManagement] INFO  segmented.SegmentedRaftLogWorker (SegmentedRaftLogWorker.java:lambda$new$0(135)) - dd913d19-83ff-47ba-9363-dfe8430831a0@group-DE1D064B2062-SegmentedRaftLogWorker: safeCacheEvictIndex: setUnconditionally 0 -> -1
2023-09-29 09:13:03,734 [dd913d19-83ff-47ba-9363-dfe8430831a0-groupManagement] INFO  server.RaftServer$Division (RaftServerImpl.java:start(342)) - dd913d19-83ff-47ba-9363-dfe8430831a0@group-DE1D064B2062: start as a follower, conf=-1: peers:[dd913d19-83ff-47ba-9363-dfe8430831a0|rpc:10.1.0.30:15050|admin:10.1.0.30:15049|client:10.1.0.30:15048|dataStream:10.1.0.30:15051|priority:1|startupRole:FOLLOWER]|listeners:[], old=null
2023-09-29 09:13:03,734 [dd913d19-83ff-47ba-9363-dfe8430831a0-groupManagement] INFO  server.RaftServer$Division (RaftServerImpl.java:setRole(329)) - dd913d19-83ff-47ba-9363-dfe8430831a0@group-DE1D064B2062: changes role from      null to FOLLOWER at term 0 for startAsFollower
2023-09-29 09:13:03,734 [dd913d19-83ff-47ba-9363-dfe8430831a0-groupManagement] INFO  impl.RoleInfo (RoleInfo.java:updateAndGet(139)) - dd913d19-83ff-47ba-9363-dfe8430831a0: start dd913d19-83ff-47ba-9363-dfe8430831a0@group-DE1D064B2062-FollowerState
2023-09-29 09:13:03,734 [dd913d19-83ff-47ba-9363-dfe8430831a0@group-DE1D064B2062-FollowerState] INFO  server.RaftServerConfigKeys (ConfUtils.java:logFallback(53)) - raft.server.rpc.first-election.timeout.min = 5s (fallback to raft.server.rpc.timeout.min)
2023-09-29 09:13:03,734 [dd913d19-83ff-47ba-9363-dfe8430831a0-groupManagement] INFO  util.JmxRegister (JmxRegister.java:tryRegister(44)) - Successfully registered JMX Bean with object name Ratis:service=RaftServer,group=group-DE1D064B2062,id=dd913d19-83ff-47ba-9363-dfe8430831a0
2023-09-29 09:13:03,734 [dd913d19-83ff-47ba-9363-dfe8430831a0@group-DE1D064B2062-FollowerState] INFO  server.RaftServerConfigKeys (ConfUtils.java:logFallback(53)) - raft.server.rpc.first-election.timeout.max = 5200ms (fallback to raft.server.rpc.timeout.max)
2023-09-29 09:13:03,734 [dd913d19-83ff-47ba-9363-dfe8430831a0-groupManagement] INFO  server.RaftServerConfigKeys (ConfUtils.java:logGet(46)) - raft.server.snapshot.auto.trigger.enabled = true (custom)
2023-09-29 09:13:03,735 [dd913d19-83ff-47ba-9363-dfe8430831a0-groupManagement] INFO  server.RaftServerConfigKeys (ConfUtils.java:logGet(46)) - raft.server.snapshot.auto.trigger.threshold = 10000 (custom)
2023-09-29 09:13:03,735 [dd913d19-83ff-47ba-9363-dfe8430831a0-groupManagement] INFO  server.RaftServerConfigKeys (ConfUtils.java:logGet(46)) - raft.server.snapshot.retention.file.num = 5 (custom)
2023-09-29 09:13:03,735 [dd913d19-83ff-47ba-9363-dfe8430831a0-groupManagement] INFO  server.RaftServerConfigKeys (ConfUtils.java:logGet(46)) - raft.server.log.purge.upto.snapshot.index = false (default)
2023-09-29 09:13:03,736 [PipelineCommandHandlerThread-0] INFO  ratis.XceiverServerRatis (XceiverServerRatis.java:addGroup(804)) - Created group PipelineID=e00295f4-d4b0-449b-a1eb-de1d064b2062
2023-09-29 09:13:03,736 [PipelineCommandHandlerThread-0] INFO  commandhandler.CreatePipelineCommandHandler (CreatePipelineCommandHandler.java:lambda$handle$2(124)) - Created Pipeline RATIS ONE PipelineID=e00295f4-d4b0-449b-a1eb-de1d064b2062.
2023-09-29 09:13:04,691 [main] INFO  ozone.MiniOzoneClusterImpl (MiniOzoneClusterImpl.java:lambda$waitForClusterToBeReady$0(229)) - Nodes are ready. Got 5 of 5 DN Heartbeats.
2023-09-29 09:13:04,691 [main] INFO  ozone.MiniOzoneClusterImpl (MiniOzoneClusterImpl.java:lambda$waitForClusterToBeReady$0(232)) - Waiting for cluster to exit safe mode
2023-09-29 09:13:04,692 [main] INFO  ozone.MiniOzoneClusterImpl (MiniOzoneClusterImpl.java:lambda$waitForClusterToBeReady$0(234)) - SCM became leader
2023-09-29 09:13:05,692 [main] INFO  ozone.MiniOzoneClusterImpl (MiniOzoneClusterImpl.java:lambda$waitForClusterToBeReady$0(229)) - Nodes are ready. Got 5 of 5 DN Heartbeats.
2023-09-29 09:13:05,692 [main] INFO  ozone.MiniOzoneClusterImpl (MiniOzoneClusterImpl.java:lambda$waitForClusterToBeReady$0(232)) - Waiting for cluster to exit safe mode
2023-09-29 09:13:05,692 [main] INFO  ozone.MiniOzoneClusterImpl (MiniOzoneClusterImpl.java:lambda$waitForClusterToBeReady$0(234)) - SCM became leader
2023-09-29 09:13:06,693 [main] INFO  ozone.MiniOzoneClusterImpl (MiniOzoneClusterImpl.java:lambda$waitForClusterToBeReady$0(229)) - Nodes are ready. Got 5 of 5 DN Heartbeats.
2023-09-29 09:13:06,693 [main] INFO  ozone.MiniOzoneClusterImpl (MiniOzoneClusterImpl.java:lambda$waitForClusterToBeReady$0(232)) - Waiting for cluster to exit safe mode
2023-09-29 09:13:06,693 [main] INFO  ozone.MiniOzoneClusterImpl (MiniOzoneClusterImpl.java:lambda$waitForClusterToBeReady$0(234)) - SCM became leader
2023-09-29 09:13:07,016 [808e3967-7510-49b7-87ea-3b9eb7a0b48e@group-65EBCE1C6144-FollowerState] INFO  impl.FollowerState (FollowerState.java:run(143)) - 808e3967-7510-49b7-87ea-3b9eb7a0b48e@group-65EBCE1C6144-FollowerState: change to CANDIDATE, lastRpcElapsedTime:5005556131ns, electionTimeout:5003ms
2023-09-29 09:13:07,017 [808e3967-7510-49b7-87ea-3b9eb7a0b48e@group-65EBCE1C6144-FollowerState] INFO  impl.RoleInfo (RoleInfo.java:shutdownFollowerState(110)) - 808e3967-7510-49b7-87ea-3b9eb7a0b48e: shutdown 808e3967-7510-49b7-87ea-3b9eb7a0b48e@group-65EBCE1C6144-FollowerState
2023-09-29 09:13:07,017 [808e3967-7510-49b7-87ea-3b9eb7a0b48e@group-65EBCE1C6144-FollowerState] INFO  server.RaftServer$Division (RaftServerImpl.java:setRole(329)) - 808e3967-7510-49b7-87ea-3b9eb7a0b48e@group-65EBCE1C6144: changes role from  FOLLOWER to CANDIDATE at term 0 for changeToCandidate
2023-09-29 09:13:07,018 [808e3967-7510-49b7-87ea-3b9eb7a0b48e@group-65EBCE1C6144-FollowerState] INFO  server.RaftServerConfigKeys (ConfUtils.java:logGet(46)) - raft.server.leaderelection.pre-vote = true (default)
2023-09-29 09:13:07,018 [808e3967-7510-49b7-87ea-3b9eb7a0b48e@group-65EBCE1C6144-FollowerState] INFO  impl.RoleInfo (RoleInfo.java:updateAndGet(139)) - 808e3967-7510-49b7-87ea-3b9eb7a0b48e: start 808e3967-7510-49b7-87ea-3b9eb7a0b48e@group-65EBCE1C6144-LeaderElection2
2023-09-29 09:13:07,032 [808e3967-7510-49b7-87ea-3b9eb7a0b48e@group-65EBCE1C6144-LeaderElection2] INFO  impl.LeaderElection (LeaderElection.java:askForVotes(321)) - 808e3967-7510-49b7-87ea-3b9eb7a0b48e@group-65EBCE1C6144-LeaderElection2 PRE_VOTE round 0: submit vote requests at term 0 for -1: peers:[808e3967-7510-49b7-87ea-3b9eb7a0b48e|rpc:10.1.0.30:15014|admin:10.1.0.30:15013|client:10.1.0.30:15012|dataStream:10.1.0.30:15015|priority:1|startupRole:FOLLOWER]|listeners:[], old=null
2023-09-29 09:13:07,033 [808e3967-7510-49b7-87ea-3b9eb7a0b48e@group-65EBCE1C6144-LeaderElection2] INFO  impl.LeaderElection (LeaderElection.java:askForVotes(323)) - 808e3967-7510-49b7-87ea-3b9eb7a0b48e@group-65EBCE1C6144-LeaderElection2 PRE_VOTE round 0: result PASSED (term=0)
2023-09-29 09:13:07,035 [808e3967-7510-49b7-87ea-3b9eb7a0b48e@group-65EBCE1C6144-LeaderElection2] INFO  impl.LeaderElection (LeaderElection.java:askForVotes(321)) - 808e3967-7510-49b7-87ea-3b9eb7a0b48e@group-65EBCE1C6144-LeaderElection2 ELECTION round 0: submit vote requests at term 1 for -1: peers:[808e3967-7510-49b7-87ea-3b9eb7a0b48e|rpc:10.1.0.30:15014|admin:10.1.0.30:15013|client:10.1.0.30:15012|dataStream:10.1.0.30:15015|priority:1|startupRole:FOLLOWER]|listeners:[], old=null
2023-09-29 09:13:07,035 [808e3967-7510-49b7-87ea-3b9eb7a0b48e@group-65EBCE1C6144-LeaderElection2] INFO  impl.LeaderElection (LeaderElection.java:askForVotes(323)) - 808e3967-7510-49b7-87ea-3b9eb7a0b48e@group-65EBCE1C6144-LeaderElection2 ELECTION round 0: result PASSED (term=1)
2023-09-29 09:13:07,035 [808e3967-7510-49b7-87ea-3b9eb7a0b48e@group-65EBCE1C6144-LeaderElection2] INFO  impl.RoleInfo (RoleInfo.java:shutdownLeaderElection(130)) - 808e3967-7510-49b7-87ea-3b9eb7a0b48e: shutdown 808e3967-7510-49b7-87ea-3b9eb7a0b48e@group-65EBCE1C6144-LeaderElection2
2023-09-29 09:13:07,035 [808e3967-7510-49b7-87ea-3b9eb7a0b48e@group-65EBCE1C6144-LeaderElection2] INFO  server.RaftServer$Division (RaftServerImpl.java:setRole(329)) - 808e3967-7510-49b7-87ea-3b9eb7a0b48e@group-65EBCE1C6144: changes role from CANDIDATE to LEADER at term 1 for changeToLeader
2023-09-29 09:13:07,035 [808e3967-7510-49b7-87ea-3b9eb7a0b48e@group-65EBCE1C6144-LeaderElection2] INFO  ratis.XceiverServerRatis (XceiverServerRatis.java:handleLeaderChangedNotification(902)) - Leader change notification received for group: group-65EBCE1C6144 with new leaderId: 808e3967-7510-49b7-87ea-3b9eb7a0b48e
2023-09-29 09:13:07,035 [808e3967-7510-49b7-87ea-3b9eb7a0b48e@group-65EBCE1C6144-LeaderElection2] INFO  server.RaftServer$Division (ServerState.java:setLeader(317)) - 808e3967-7510-49b7-87ea-3b9eb7a0b48e@group-65EBCE1C6144: change Leader from null to 808e3967-7510-49b7-87ea-3b9eb7a0b48e at term 1 for becomeLeader, leader elected after 5095ms
2023-09-29 09:13:07,038 [EventQueue-OpenPipelineForHealthyPipelineSafeModeRule] INFO  safemode.SCMSafeModeManager (HealthyPipelineSafeModeRule.java:process(137)) - SCM in safe mode. Healthy pipelines reported count is 0, required healthy pipeline reported count is 1
2023-09-29 09:13:07,039 [808e3967-7510-49b7-87ea-3b9eb7a0b48e@group-65EBCE1C6144-LeaderElection2] INFO  server.RaftServerConfigKeys (ConfUtils.java:logGet(46)) - raft.server.staging.catchup.gap = 1000 (default)
2023-09-29 09:13:07,040 [808e3967-7510-49b7-87ea-3b9eb7a0b48e@group-65EBCE1C6144-LeaderElection2] INFO  server.RaftServerConfigKeys (ConfUtils.java:logGet(46)) - raft.server.write.element-limit = 1024 (custom)
2023-09-29 09:13:07,040 [808e3967-7510-49b7-87ea-3b9eb7a0b48e@group-65EBCE1C6144-LeaderElection2] INFO  server.RaftServerConfigKeys (ConfUtils.java:logGet(46)) - raft.server.write.byte-limit = 1024 M (=1073741824) (custom)
2023-09-29 09:13:07,040 [808e3967-7510-49b7-87ea-3b9eb7a0b48e@group-65EBCE1C6144-LeaderElection2] INFO  server.RaftServerConfigKeys (ConfUtils.java:logGet(46)) - raft.server.watch.timeout = 180s (custom)
2023-09-29 09:13:07,040 [808e3967-7510-49b7-87ea-3b9eb7a0b48e@group-65EBCE1C6144-LeaderElection2] INFO  server.RaftServerConfigKeys (ConfUtils.java:logGet(46)) - raft.server.watch.timeout.denomination = 1s (default)
2023-09-29 09:13:07,041 [808e3967-7510-49b7-87ea-3b9eb7a0b48e@group-65EBCE1C6144-LeaderElection2] INFO  server.RaftServerConfigKeys (ConfUtils.java:logGet(46)) - raft.server.watch.element-limit = 65536 (default)
2023-09-29 09:13:07,041 [808e3967-7510-49b7-87ea-3b9eb7a0b48e@group-65EBCE1C6144-LeaderElection2] INFO  server.RaftServerConfigKeys (ConfUtils.java:logGet(46)) - raft.server.write.element-limit = 1024 (custom)
2023-09-29 09:13:07,041 [808e3967-7510-49b7-87ea-3b9eb7a0b48e@group-65EBCE1C6144-LeaderElection2] INFO  server.RaftServerConfigKeys (ConfUtils.java:logGet(46)) - raft.server.write.follower.gap.ratio.max = -1.0 (default)
2023-09-29 09:13:07,041 [808e3967-7510-49b7-87ea-3b9eb7a0b48e@group-65EBCE1C6144-LeaderElection2] INFO  impl.RoleInfo (RoleInfo.java:updateAndGet(139)) - 808e3967-7510-49b7-87ea-3b9eb7a0b48e: start 808e3967-7510-49b7-87ea-3b9eb7a0b48e@group-65EBCE1C6144-LeaderStateImpl
2023-09-29 09:13:07,041 [808e3967-7510-49b7-87ea-3b9eb7a0b48e@group-65EBCE1C6144-LeaderElection2] INFO  segmented.SegmentedRaftLogWorker (SegmentedRaftLogWorker.java:startLogSegment(447)) - 808e3967-7510-49b7-87ea-3b9eb7a0b48e@group-65EBCE1C6144-SegmentedRaftLogWorker: Starting segment from index:0
2023-09-29 09:13:07,043 [808e3967-7510-49b7-87ea-3b9eb7a0b48e@group-65EBCE1C6144-SegmentedRaftLogWorker] INFO  segmented.SegmentedRaftLogWorker (SegmentedRaftLogWorker.java:execute(651)) - 808e3967-7510-49b7-87ea-3b9eb7a0b48e@group-65EBCE1C6144-SegmentedRaftLogWorker: created new log segment /home/runner/work/ozone/ozone/hadoop-ozone/integration-test/target/test-dir/MiniOzoneClusterImpl-2a0ec25a-3990-4628-8b93-857bbff79694/datanode-0/data/ratis/8629ba0f-fd46-46aa-a1e4-65ebce1c6144/current/log_inprogress_0
2023-09-29 09:13:07,045 [808e3967-7510-49b7-87ea-3b9eb7a0b48e@group-65EBCE1C6144-LeaderElection2] INFO  server.RaftServer$Division (ServerState.java:setRaftConf(434)) - 808e3967-7510-49b7-87ea-3b9eb7a0b48e@group-65EBCE1C6144: set configuration 0: peers:[808e3967-7510-49b7-87ea-3b9eb7a0b48e|rpc:10.1.0.30:15014|admin:10.1.0.30:15013|client:10.1.0.30:15012|dataStream:10.1.0.30:15015|priority:1|startupRole:FOLLOWER]|listeners:[], old=null
2023-09-29 09:13:07,215 [808e3967-7510-49b7-87ea-3b9eb7a0b48e@group-21480694BB4B-FollowerState] INFO  impl.FollowerState (FollowerState.java:run(143)) - 808e3967-7510-49b7-87ea-3b9eb7a0b48e@group-21480694BB4B-FollowerState: change to CANDIDATE, lastRpcElapsedTime:5112610506ns, electionTimeout:5106ms
2023-09-29 09:13:07,216 [808e3967-7510-49b7-87ea-3b9eb7a0b48e@group-21480694BB4B-FollowerState] INFO  impl.RoleInfo (RoleInfo.java:shutdownFollowerState(110)) - 808e3967-7510-49b7-87ea-3b9eb7a0b48e: shutdown 808e3967-7510-49b7-87ea-3b9eb7a0b48e@group-21480694BB4B-FollowerState
2023-09-29 09:13:07,217 [808e3967-7510-49b7-87ea-3b9eb7a0b48e@group-21480694BB4B-FollowerState] INFO  server.RaftServer$Division (RaftServerImpl.java:setRole(329)) - 808e3967-7510-49b7-87ea-3b9eb7a0b48e@group-21480694BB4B: changes role from  FOLLOWER to CANDIDATE at term 0 for changeToCandidate
2023-09-29 09:13:07,217 [808e3967-7510-49b7-87ea-3b9eb7a0b48e@group-21480694BB4B-FollowerState] INFO  server.RaftServerConfigKeys (ConfUtils.java:logGet(46)) - raft.server.leaderelection.pre-vote = true (default)
2023-09-29 09:13:07,217 [808e3967-7510-49b7-87ea-3b9eb7a0b48e@group-21480694BB4B-FollowerState] INFO  impl.RoleInfo (RoleInfo.java:updateAndGet(139)) - 808e3967-7510-49b7-87ea-3b9eb7a0b48e: start 808e3967-7510-49b7-87ea-3b9eb7a0b48e@group-21480694BB4B-LeaderElection3
2023-09-29 09:13:07,222 [808e3967-7510-49b7-87ea-3b9eb7a0b48e@group-21480694BB4B-LeaderElection3] INFO  impl.LeaderElection (LeaderElection.java:askForVotes(321)) - 808e3967-7510-49b7-87ea-3b9eb7a0b48e@group-21480694BB4B-LeaderElection3 PRE_VOTE round 0: submit vote requests at term 0 for -1: peers:[2a19af63-c44c-4b61-8149-4383770f1009|rpc:10.1.0.30:15032|admin:10.1.0.30:15031|client:10.1.0.30:15030|dataStream:10.1.0.30:15033|priority:0|startupRole:FOLLOWER, f9652e80-d58c-49ab-ab0e-27e6fff13d69|rpc:10.1.0.30:15023|admin:10.1.0.30:15022|client:10.1.0.30:15021|dataStream:10.1.0.30:15024|priority:1|startupRole:FOLLOWER, 808e3967-7510-49b7-87ea-3b9eb7a0b48e|rpc:10.1.0.30:15014|admin:10.1.0.30:15013|client:10.1.0.30:15012|dataStream:10.1.0.30:15015|priority:0|startupRole:FOLLOWER]|listeners:[], old=null
2023-09-29 09:13:07,228 [808e3967-7510-49b7-87ea-3b9eb7a0b48e@group-21480694BB4B-LeaderElection3] INFO  server.RaftServerConfigKeys (ConfUtils.java:logFallback(53)) - raft.server.rpc.first-election.timeout.min = 5s (fallback to raft.server.rpc.timeout.min)
2023-09-29 09:13:07,228 [808e3967-7510-49b7-87ea-3b9eb7a0b48e@group-21480694BB4B-LeaderElection3] INFO  server.RaftServerConfigKeys (ConfUtils.java:logFallback(53)) - raft.server.rpc.first-election.timeout.max = 5200ms (fallback to raft.server.rpc.timeout.max)
2023-09-29 09:13:07,235 [808e3967-7510-49b7-87ea-3b9eb7a0b48e@group-21480694BB4B-LeaderElection3-2] INFO  server.GrpcServerProtocolClient (GrpcServerProtocolClient.java:<init>(65)) - Build channel for f9652e80-d58c-49ab-ab0e-27e6fff13d69
2023-09-29 09:13:07,236 [808e3967-7510-49b7-87ea-3b9eb7a0b48e@group-21480694BB4B-LeaderElection3-1] INFO  server.GrpcServerProtocolClient (GrpcServerProtocolClient.java:<init>(65)) - Build channel for 2a19af63-c44c-4b61-8149-4383770f1009
2023-09-29 09:13:07,266 [grpc-default-executor-1] INFO  server.RaftServer$Division (RaftServerImpl.java:requestVote(1302)) - f9652e80-d58c-49ab-ab0e-27e6fff13d69@group-21480694BB4B: receive requestVote(PRE_VOTE, 808e3967-7510-49b7-87ea-3b9eb7a0b48e, group-21480694BB4B, 0, (t:0, i:0))
2023-09-29 09:13:07,268 [grpc-default-executor-1] INFO  impl.VoteContext (VoteContext.java:log(49)) - f9652e80-d58c-49ab-ab0e-27e6fff13d69@group-21480694BB4B-FOLLOWER: reject PRE_VOTE from 808e3967-7510-49b7-87ea-3b9eb7a0b48e: our priority 1 > candidate's priority 0
2023-09-29 09:13:07,271 [grpc-default-executor-1] INFO  server.RaftServer$Division (RaftServerImpl.java:requestVote(1335)) - f9652e80-d58c-49ab-ab0e-27e6fff13d69@group-21480694BB4B replies to PRE_VOTE vote request: 808e3967-7510-49b7-87ea-3b9eb7a0b48e<-f9652e80-d58c-49ab-ab0e-27e6fff13d69#0:FAIL-t0. Peer's state: f9652e80-d58c-49ab-ab0e-27e6fff13d69@group-21480694BB4B:t0, leader=null, voted=, raftlog=Memoized:f9652e80-d58c-49ab-ab0e-27e6fff13d69@group-21480694BB4B-SegmentedRaftLog:OPENED:c-1, conf=-1: peers:[2a19af63-c44c-4b61-8149-4383770f1009|rpc:10.1.0.30:15032|admin:10.1.0.30:15031|client:10.1.0.30:15030|dataStream:10.1.0.30:15033|priority:0|startupRole:FOLLOWER, f9652e80-d58c-49ab-ab0e-27e6fff13d69|rpc:10.1.0.30:15023|admin:10.1.0.30:15022|client:10.1.0.30:15021|dataStream:10.1.0.30:15024|priority:1|startupRole:FOLLOWER, 808e3967-7510-49b7-87ea-3b9eb7a0b48e|rpc:10.1.0.30:15014|admin:10.1.0.30:15013|client:10.1.0.30:15012|dataStream:10.1.0.30:15015|priority:0|startupRole:FOLLOWER]|listeners:[], old=null
2023-09-29 09:13:07,272 [grpc-default-executor-0] INFO  server.RaftServer$Division (RaftServerImpl.java:requestVote(1302)) - 2a19af63-c44c-4b61-8149-4383770f1009@group-21480694BB4B: receive requestVote(PRE_VOTE, 808e3967-7510-49b7-87ea-3b9eb7a0b48e, group-21480694BB4B, 0, (t:0, i:0))
2023-09-29 09:13:07,272 [grpc-default-executor-0] INFO  impl.VoteContext (VoteContext.java:log(49)) - 2a19af63-c44c-4b61-8149-4383770f1009@group-21480694BB4B-FOLLOWER: accept PRE_VOTE from 808e3967-7510-49b7-87ea-3b9eb7a0b48e: our priority 0 <= candidate's priority 0
2023-09-29 09:13:07,275 [grpc-default-executor-0] INFO  server.RaftServer$Division (RaftServerImpl.java:requestVote(1335)) - 2a19af63-c44c-4b61-8149-4383770f1009@group-21480694BB4B replies to PRE_VOTE vote request: 808e3967-7510-49b7-87ea-3b9eb7a0b48e<-2a19af63-c44c-4b61-8149-4383770f1009#0:OK-t0. Peer's state: 2a19af63-c44c-4b61-8149-4383770f1009@group-21480694BB4B:t0, leader=null, voted=, raftlog=Memoized:2a19af63-c44c-4b61-8149-4383770f1009@group-21480694BB4B-SegmentedRaftLog:OPENED:c-1, conf=-1: peers:[2a19af63-c44c-4b61-8149-4383770f1009|rpc:10.1.0.30:15032|admin:10.1.0.30:15031|client:10.1.0.30:15030|dataStream:10.1.0.30:15033|priority:0|startupRole:FOLLOWER, f9652e80-d58c-49ab-ab0e-27e6fff13d69|rpc:10.1.0.30:15023|admin:10.1.0.30:15022|client:10.1.0.30:15021|dataStream:10.1.0.30:15024|priority:1|startupRole:FOLLOWER, 808e3967-7510-49b7-87ea-3b9eb7a0b48e|rpc:10.1.0.30:15014|admin:10.1.0.30:15013|client:10.1.0.30:15012|dataStream:10.1.0.30:15015|priority:0|startupRole:FOLLOWER]|listeners:[], old=null
2023-09-29 09:13:07,280 [808e3967-7510-49b7-87ea-3b9eb7a0b48e@group-21480694BB4B-LeaderElection3] INFO  impl.LeaderElection (LeaderElection.java:logAndReturn(90)) - 808e3967-7510-49b7-87ea-3b9eb7a0b48e@group-21480694BB4B-LeaderElection3: PRE_VOTE REJECTED received 1 response(s) and 0 exception(s):
2023-09-29 09:13:07,281 [808e3967-7510-49b7-87ea-3b9eb7a0b48e@group-21480694BB4B-LeaderElection3] INFO  impl.LeaderElection (LeaderElection.java:logAndReturn(94)) -   Response 0: 808e3967-7510-49b7-87ea-3b9eb7a0b48e<-f9652e80-d58c-49ab-ab0e-27e6fff13d69#0:FAIL-t0
2023-09-29 09:13:07,281 [808e3967-7510-49b7-87ea-3b9eb7a0b48e@group-21480694BB4B-LeaderElection3] INFO  impl.LeaderElection (LeaderElection.java:askForVotes(323)) - 808e3967-7510-49b7-87ea-3b9eb7a0b48e@group-21480694BB4B-LeaderElection3 PRE_VOTE round 0: result REJECTED
2023-09-29 09:13:07,282 [808e3967-7510-49b7-87ea-3b9eb7a0b48e@group-21480694BB4B-LeaderElection3] INFO  server.RaftServer$Division (RaftServerImpl.java:setRole(329)) - 808e3967-7510-49b7-87ea-3b9eb7a0b48e@group-21480694BB4B: changes role from CANDIDATE to FOLLOWER at term 0 for REJECTED
2023-09-29 09:13:07,283 [808e3967-7510-49b7-87ea-3b9eb7a0b48e@group-21480694BB4B-LeaderElection3] INFO  impl.RoleInfo (RoleInfo.java:shutdownLeaderElection(130)) - 808e3967-7510-49b7-87ea-3b9eb7a0b48e: shutdown 808e3967-7510-49b7-87ea-3b9eb7a0b48e@group-21480694BB4B-LeaderElection3
2023-09-29 09:13:07,283 [808e3967-7510-49b7-87ea-3b9eb7a0b48e@group-21480694BB4B-LeaderElection3] INFO  impl.RoleInfo (RoleInfo.java:updateAndGet(139)) - 808e3967-7510-49b7-87ea-3b9eb7a0b48e: start 808e3967-7510-49b7-87ea-3b9eb7a0b48e@group-21480694BB4B-FollowerState
2023-09-29 09:13:07,615 [f9652e80-d58c-49ab-ab0e-27e6fff13d69@group-21480694BB4B-FollowerState] INFO  impl.FollowerState (FollowerState.java:run(143)) - f9652e80-d58c-49ab-ab0e-27e6fff13d69@group-21480694BB4B-FollowerState: change to CANDIDATE, lastRpcElapsedTime:5061821816ns, electionTimeout:5051ms
2023-09-29 09:13:07,616 [f9652e80-d58c-49ab-ab0e-27e6fff13d69@group-21480694BB4B-FollowerState] INFO  impl.RoleInfo (RoleInfo.java:shutdownFollowerState(110)) - f9652e80-d58c-49ab-ab0e-27e6fff13d69: shutdown f9652e80-d58c-49ab-ab0e-27e6fff13d69@group-21480694BB4B-FollowerState
2023-09-29 09:13:07,616 [f9652e80-d58c-49ab-ab0e-27e6fff13d69@group-21480694BB4B-FollowerState] INFO  server.RaftServer$Division (RaftServerImpl.java:setRole(329)) - f9652e80-d58c-49ab-ab0e-27e6fff13d69@group-21480694BB4B: changes role from  FOLLOWER to CANDIDATE at term 0 for changeToCandidate
2023-09-29 09:13:07,617 [f9652e80-d58c-49ab-ab0e-27e6fff13d69@group-21480694BB4B-FollowerState] INFO  server.RaftServerConfigKeys (ConfUtils.java:logGet(46)) - raft.server.leaderelection.pre-vote = true (default)
2023-09-29 09:13:07,618 [f9652e80-d58c-49ab-ab0e-27e6fff13d69@group-21480694BB4B-FollowerState] INFO  impl.RoleInfo (RoleInfo.java:updateAndGet(139)) - f9652e80-d58c-49ab-ab0e-27e6fff13d69: start f9652e80-d58c-49ab-ab0e-27e6fff13d69@group-21480694BB4B-LeaderElection4
2023-09-29 09:13:07,619 [f9652e80-d58c-49ab-ab0e-27e6fff13d69@group-21480694BB4B-LeaderElection4] INFO  impl.LeaderElection (LeaderElection.java:askForVotes(321)) - f9652e80-d58c-49ab-ab0e-27e6fff13d69@group-21480694BB4B-LeaderElection4 PRE_VOTE round 0: submit vote requests at term 0 for -1: peers:[2a19af63-c44c-4b61-8149-4383770f1009|rpc:10.1.0.30:15032|admin:10.1.0.30:15031|client:10.1.0.30:15030|dataStream:10.1.0.30:15033|priority:0|startupRole:FOLLOWER, f9652e80-d58c-49ab-ab0e-27e6fff13d69|rpc:10.1.0.30:15023|admin:10.1.0.30:15022|client:10.1.0.30:15021|dataStream:10.1.0.30:15024|priority:1|startupRole:FOLLOWER, 808e3967-7510-49b7-87ea-3b9eb7a0b48e|rpc:10.1.0.30:15014|admin:10.1.0.30:15013|client:10.1.0.30:15012|dataStream:10.1.0.30:15015|priority:0|startupRole:FOLLOWER]|listeners:[], old=null
2023-09-29 09:13:07,620 [f9652e80-d58c-49ab-ab0e-27e6fff13d69@group-21480694BB4B-LeaderElection4-1] INFO  server.GrpcServerProtocolClient (GrpcServerProtocolClient.java:<init>(65)) - Build channel for 2a19af63-c44c-4b61-8149-4383770f1009
2023-09-29 09:13:07,625 [f9652e80-d58c-49ab-ab0e-27e6fff13d69@group-21480694BB4B-LeaderElection4] INFO  server.RaftServerConfigKeys (ConfUtils.java:logFallback(53)) - raft.server.rpc.first-election.timeout.min = 5s (fallback to raft.server.rpc.timeout.min)
2023-09-29 09:13:07,631 [f9652e80-d58c-49ab-ab0e-27e6fff13d69@group-21480694BB4B-LeaderElection4] INFO  server.RaftServerConfigKeys (ConfUtils.java:logFallback(53)) - raft.server.rpc.first-election.timeout.max = 5200ms (fallback to raft.server.rpc.timeout.max)
2023-09-29 09:13:07,625 [f9652e80-d58c-49ab-ab0e-27e6fff13d69@group-21480694BB4B-LeaderElection4-2] INFO  server.GrpcServerProtocolClient (GrpcServerProtocolClient.java:<init>(65)) - Build channel for 808e3967-7510-49b7-87ea-3b9eb7a0b48e
2023-09-29 09:13:07,636 [grpc-default-executor-0] INFO  server.RaftServer$Division (RaftServerImpl.java:requestVote(1302)) - 2a19af63-c44c-4b61-8149-4383770f1009@group-21480694BB4B: receive requestVote(PRE_VOTE, f9652e80-d58c-49ab-ab0e-27e6fff13d69, group-21480694BB4B, 0, (t:0, i:0))
2023-09-29 09:13:07,638 [grpc-default-executor-0] INFO  impl.VoteContext (VoteContext.java:log(49)) - 2a19af63-c44c-4b61-8149-4383770f1009@group-21480694BB4B-FOLLOWER: accept PRE_VOTE from f9652e80-d58c-49ab-ab0e-27e6fff13d69: our priority 0 <= candidate's priority 1
2023-09-29 09:13:07,638 [grpc-default-executor-0] INFO  server.RaftServer$Division (RaftServerImpl.java:requestVote(1335)) - 2a19af63-c44c-4b61-8149-4383770f1009@group-21480694BB4B replies to PRE_VOTE vote request: f9652e80-d58c-49ab-ab0e-27e6fff13d69<-2a19af63-c44c-4b61-8149-4383770f1009#0:OK-t0. Peer's state: 2a19af63-c44c-4b61-8149-4383770f1009@group-21480694BB4B:t0, leader=null, voted=, raftlog=Memoized:2a19af63-c44c-4b61-8149-4383770f1009@group-21480694BB4B-SegmentedRaftLog:OPENED:c-1, conf=-1: peers:[2a19af63-c44c-4b61-8149-4383770f1009|rpc:10.1.0.30:15032|admin:10.1.0.30:15031|client:10.1.0.30:15030|dataStream:10.1.0.30:15033|priority:0|startupRole:FOLLOWER, f9652e80-d58c-49ab-ab0e-27e6fff13d69|rpc:10.1.0.30:15023|admin:10.1.0.30:15022|client:10.1.0.30:15021|dataStream:10.1.0.30:15024|priority:1|startupRole:FOLLOWER, 808e3967-7510-49b7-87ea-3b9eb7a0b48e|rpc:10.1.0.30:15014|admin:10.1.0.30:15013|client:10.1.0.30:15012|dataStream:10.1.0.30:15015|priority:0|startupRole:FOLLOWER]|listeners:[], old=null
2023-09-29 09:13:07,642 [f9652e80-d58c-49ab-ab0e-27e6fff13d69@group-21480694BB4B-LeaderElection4] INFO  impl.LeaderElection (LeaderElection.java:logAndReturn(90)) - f9652e80-d58c-49ab-ab0e-27e6fff13d69@group-21480694BB4B-LeaderElection4: PRE_VOTE PASSED received 1 response(s) and 0 exception(s):
2023-09-29 09:13:07,642 [f9652e80-d58c-49ab-ab0e-27e6fff13d69@group-21480694BB4B-LeaderElection4] INFO  impl.LeaderElection (LeaderElection.java:logAndReturn(94)) -   Response 0: f9652e80-d58c-49ab-ab0e-27e6fff13d69<-2a19af63-c44c-4b61-8149-4383770f1009#0:OK-t0
2023-09-29 09:13:07,642 [f9652e80-d58c-49ab-ab0e-27e6fff13d69@group-21480694BB4B-LeaderElection4] INFO  impl.LeaderElection (LeaderElection.java:askForVotes(323)) - f9652e80-d58c-49ab-ab0e-27e6fff13d69@group-21480694BB4B-LeaderElection4 PRE_VOTE round 0: result PASSED
2023-09-29 09:13:07,655 [f9652e80-d58c-49ab-ab0e-27e6fff13d69@group-21480694BB4B-LeaderElection4] INFO  impl.LeaderElection (LeaderElection.java:askForVotes(321)) - f9652e80-d58c-49ab-ab0e-27e6fff13d69@group-21480694BB4B-LeaderElection4 ELECTION round 0: submit vote requests at term 1 for -1: peers:[2a19af63-c44c-4b61-8149-4383770f1009|rpc:10.1.0.30:15032|admin:10.1.0.30:15031|client:10.1.0.30:15030|dataStream:10.1.0.30:15033|priority:0|startupRole:FOLLOWER, f9652e80-d58c-49ab-ab0e-27e6fff13d69|rpc:10.1.0.30:15023|admin:10.1.0.30:15022|client:10.1.0.30:15021|dataStream:10.1.0.30:15024|priority:1|startupRole:FOLLOWER, 808e3967-7510-49b7-87ea-3b9eb7a0b48e|rpc:10.1.0.30:15014|admin:10.1.0.30:15013|client:10.1.0.30:15012|dataStream:10.1.0.30:15015|priority:0|startupRole:FOLLOWER]|listeners:[], old=null
2023-09-29 09:13:07,656 [f9652e80-d58c-49ab-ab0e-27e6fff13d69@group-21480694BB4B-LeaderElection4] INFO  server.RaftServerConfigKeys (ConfUtils.java:logFallback(53)) - raft.server.rpc.first-election.timeout.min = 5s (fallback to raft.server.rpc.timeout.min)
2023-09-29 09:13:07,657 [f9652e80-d58c-49ab-ab0e-27e6fff13d69@group-21480694BB4B-LeaderElection4] INFO  server.RaftServerConfigKeys (ConfUtils.java:logFallback(53)) - raft.server.rpc.first-election.timeout.max = 5200ms (fallback to raft.server.rpc.timeout.max)
2023-09-29 09:13:07,661 [grpc-default-executor-0] INFO  server.RaftServer$Division (RaftServerImpl.java:requestVote(1302)) - 2a19af63-c44c-4b61-8149-4383770f1009@group-21480694BB4B: receive requestVote(ELECTION, f9652e80-d58c-49ab-ab0e-27e6fff13d69, group-21480694BB4B, 1, (t:0, i:0))
2023-09-29 09:13:07,664 [grpc-default-executor-0] INFO  impl.VoteContext (VoteContext.java:log(49)) - 2a19af63-c44c-4b61-8149-4383770f1009@group-21480694BB4B-FOLLOWER: accept ELECTION from f9652e80-d58c-49ab-ab0e-27e6fff13d69: our priority 0 <= candidate's priority 1
2023-09-29 09:13:07,664 [grpc-default-executor-0] INFO  server.RaftServer$Division (RaftServerImpl.java:setRole(329)) - 2a19af63-c44c-4b61-8149-4383770f1009@group-21480694BB4B: changes role from  FOLLOWER to FOLLOWER at term 1 for candidate:f9652e80-d58c-49ab-ab0e-27e6fff13d69
2023-09-29 09:13:07,664 [grpc-default-executor-0] INFO  impl.RoleInfo (RoleInfo.java:shutdownFollowerState(110)) - 2a19af63-c44c-4b61-8149-4383770f1009: shutdown 2a19af63-c44c-4b61-8149-4383770f1009@group-21480694BB4B-FollowerState
2023-09-29 09:13:07,661 [f9652e80-d58c-49ab-ab0e-27e6fff13d69@group-C06849071740-FollowerState] INFO  impl.FollowerState (FollowerState.java:run(143)) - f9652e80-d58c-49ab-ab0e-27e6fff13d69@group-C06849071740-FollowerState: change to CANDIDATE, lastRpcElapsedTime:5148698596ns, electionTimeout:5127ms
2023-09-29 09:13:07,664 [2a19af63-c44c-4b61-8149-4383770f1009@group-21480694BB4B-FollowerState] INFO  impl.FollowerState (FollowerState.java:run(152)) - 2a19af63-c44c-4b61-8149-4383770f1009@group-21480694BB4B-FollowerState was interrupted
2023-09-29 09:13:07,665 [f9652e80-d58c-49ab-ab0e-27e6fff13d69@group-C06849071740-FollowerState] INFO  impl.RoleInfo (RoleInfo.java:shutdownFollowerState(110)) - f9652e80-d58c-49ab-ab0e-27e6fff13d69: shutdown f9652e80-d58c-49ab-ab0e-27e6fff13d69@group-C06849071740-FollowerState
2023-09-29 09:13:07,665 [f9652e80-d58c-49ab-ab0e-27e6fff13d69@group-C06849071740-FollowerState] INFO  server.RaftServer$Division (RaftServerImpl.java:setRole(329)) - f9652e80-d58c-49ab-ab0e-27e6fff13d69@group-C06849071740: changes role from  FOLLOWER to CANDIDATE at term 0 for changeToCandidate
2023-09-29 09:13:07,667 [grpc-default-executor-0] INFO  impl.RoleInfo (RoleInfo.java:updateAndGet(139)) - 2a19af63-c44c-4b61-8149-4383770f1009: start 2a19af63-c44c-4b61-8149-4383770f1009@group-21480694BB4B-FollowerState
2023-09-29 09:13:07,667 [f9652e80-d58c-49ab-ab0e-27e6fff13d69@group-C06849071740-FollowerState] INFO  server.RaftServerConfigKeys (ConfUtils.java:logGet(46)) - raft.server.leaderelection.pre-vote = true (default)
2023-09-29 09:13:07,668 [f9652e80-d58c-49ab-ab0e-27e6fff13d69@group-C06849071740-FollowerState] INFO  impl.RoleInfo (RoleInfo.java:updateAndGet(139)) - f9652e80-d58c-49ab-ab0e-27e6fff13d69: start f9652e80-d58c-49ab-ab0e-27e6fff13d69@group-C06849071740-LeaderElection5
2023-09-29 09:13:07,670 [grpc-default-executor-0] INFO  server.RaftServer$Division (RaftServerImpl.java:requestVote(1335)) - 2a19af63-c44c-4b61-8149-4383770f1009@group-21480694BB4B replies to ELECTION vote request: f9652e80-d58c-49ab-ab0e-27e6fff13d69<-2a19af63-c44c-4b61-8149-4383770f1009#0:OK-t1. Peer's state: 2a19af63-c44c-4b61-8149-4383770f1009@group-21480694BB4B:t1, leader=null, voted=f9652e80-d58c-49ab-ab0e-27e6fff13d69, raftlog=Memoized:2a19af63-c44c-4b61-8149-4383770f1009@group-21480694BB4B-SegmentedRaftLog:OPENED:c-1, conf=-1: peers:[2a19af63-c44c-4b61-8149-4383770f1009|rpc:10.1.0.30:15032|admin:10.1.0.30:15031|client:10.1.0.30:15030|dataStream:10.1.0.30:15033|priority:0|startupRole:FOLLOWER, f9652e80-d58c-49ab-ab0e-27e6fff13d69|rpc:10.1.0.30:15023|admin:10.1.0.30:15022|client:10.1.0.30:15021|dataStream:10.1.0.30:15024|priority:1|startupRole:FOLLOWER, 808e3967-7510-49b7-87ea-3b9eb7a0b48e|rpc:10.1.0.30:15014|admin:10.1.0.30:15013|client:10.1.0.30:15012|dataStream:10.1.0.30:15015|priority:0|startupRole:FOLLOWER]|listeners:[], old=null
2023-09-29 09:13:07,674 [f9652e80-d58c-49ab-ab0e-27e6fff13d69@group-C06849071740-LeaderElection5] INFO  impl.LeaderElection (LeaderElection.java:askForVotes(321)) - f9652e80-d58c-49ab-ab0e-27e6fff13d69@group-C06849071740-LeaderElection5 PRE_VOTE round 0: submit vote requests at term 0 for -1: peers:[f9652e80-d58c-49ab-ab0e-27e6fff13d69|rpc:10.1.0.30:15023|admin:10.1.0.30:15022|client:10.1.0.30:15021|dataStream:10.1.0.30:15024|priority:1|startupRole:FOLLOWER]|listeners:[], old=null
2023-09-29 09:13:07,674 [f9652e80-d58c-49ab-ab0e-27e6fff13d69@group-C06849071740-LeaderElection5] INFO  impl.LeaderElection (LeaderElection.java:askForVotes(323)) - f9652e80-d58c-49ab-ab0e-27e6fff13d69@group-C06849071740-LeaderElection5 PRE_VOTE round 0: result PASSED (term=0)
2023-09-29 09:13:07,676 [f9652e80-d58c-49ab-ab0e-27e6fff13d69@group-21480694BB4B-LeaderElection4] INFO  impl.LeaderElection (LeaderElection.java:logAndReturn(90)) - f9652e80-d58c-49ab-ab0e-27e6fff13d69@group-21480694BB4B-LeaderElection4: ELECTION PASSED received 1 response(s) and 0 exception(s):
2023-09-29 09:13:07,677 [f9652e80-d58c-49ab-ab0e-27e6fff13d69@group-21480694BB4B-LeaderElection4] INFO  impl.LeaderElection (LeaderElection.java:logAndReturn(94)) -   Response 0: f9652e80-d58c-49ab-ab0e-27e6fff13d69<-2a19af63-c44c-4b61-8149-4383770f1009#0:OK-t1
2023-09-29 09:13:07,677 [f9652e80-d58c-49ab-ab0e-27e6fff13d69@group-21480694BB4B-LeaderElection4] INFO  impl.LeaderElection (LeaderElection.java:askForVotes(323)) - f9652e80-d58c-49ab-ab0e-27e6fff13d69@group-21480694BB4B-LeaderElection4 ELECTION round 0: result PASSED
2023-09-29 09:13:07,677 [f9652e80-d58c-49ab-ab0e-27e6fff13d69@group-21480694BB4B-LeaderElection4] INFO  impl.RoleInfo (RoleInfo.java:shutdownLeaderElection(130)) - f9652e80-d58c-49ab-ab0e-27e6fff13d69: shutdown f9652e80-d58c-49ab-ab0e-27e6fff13d69@group-21480694BB4B-LeaderElection4
2023-09-29 09:13:07,677 [f9652e80-d58c-49ab-ab0e-27e6fff13d69@group-21480694BB4B-LeaderElection4] INFO  server.RaftServer$Division (RaftServerImpl.java:setRole(329)) - f9652e80-d58c-49ab-ab0e-27e6fff13d69@group-21480694BB4B: changes role from CANDIDATE to LEADER at term 1 for changeToLeader
2023-09-29 09:13:07,677 [f9652e80-d58c-49ab-ab0e-27e6fff13d69@group-21480694BB4B-LeaderElection4] INFO  ratis.XceiverServerRatis (XceiverServerRatis.java:handleLeaderChangedNotification(902)) - Leader change notification received for group: group-21480694BB4B with new leaderId: f9652e80-d58c-49ab-ab0e-27e6fff13d69
2023-09-29 09:13:07,677 [f9652e80-d58c-49ab-ab0e-27e6fff13d69@group-C06849071740-LeaderElection5] INFO  impl.LeaderElection (LeaderElection.java:askForVotes(321)) - f9652e80-d58c-49ab-ab0e-27e6fff13d69@group-C06849071740-LeaderElection5 ELECTION round 0: submit vote requests at term 1 for -1: peers:[f9652e80-d58c-49ab-ab0e-27e6fff13d69|rpc:10.1.0.30:15023|admin:10.1.0.30:15022|client:10.1.0.30:15021|dataStream:10.1.0.30:15024|priority:1|startupRole:FOLLOWER]|listeners:[], old=null
2023-09-29 09:13:07,677 [f9652e80-d58c-49ab-ab0e-27e6fff13d69@group-21480694BB4B-LeaderElection4] INFO  server.RaftServer$Division (ServerState.java:setLeader(317)) - f9652e80-d58c-49ab-ab0e-27e6fff13d69@group-21480694BB4B: change Leader from null to f9652e80-d58c-49ab-ab0e-27e6fff13d69 at term 1 for becomeLeader, leader elected after 5154ms
2023-09-29 09:13:07,677 [f9652e80-d58c-49ab-ab0e-27e6fff13d69@group-C06849071740-LeaderElection5] INFO  impl.LeaderElection (LeaderElection.java:askForVotes(323)) - f9652e80-d58c-49ab-ab0e-27e6fff13d69@group-C06849071740-LeaderElection5 ELECTION round 0: result PASSED (term=1)
2023-09-29 09:13:07,677 [f9652e80-d58c-49ab-ab0e-27e6fff13d69@group-C06849071740-LeaderElection5] INFO  impl.RoleInfo (RoleInfo.java:shutdownLeaderElection(130)) - f9652e80-d58c-49ab-ab0e-27e6fff13d69: shutdown f9652e80-d58c-49ab-ab0e-27e6fff13d69@group-C06849071740-LeaderElection5
2023-09-29 09:13:07,678 [f9652e80-d58c-49ab-ab0e-27e6fff13d69@group-C06849071740-LeaderElection5] INFO  server.RaftServer$Division (RaftServerImpl.java:setRole(329)) - f9652e80-d58c-49ab-ab0e-27e6fff13d69@group-C06849071740: changes role from CANDIDATE to LEADER at term 1 for changeToLeader
2023-09-29 09:13:07,678 [f9652e80-d58c-49ab-ab0e-27e6fff13d69@group-C06849071740-LeaderElection5] INFO  ratis.XceiverServerRatis (XceiverServerRatis.java:handleLeaderChangedNotification(902)) - Leader change notification received for group: group-C06849071740 with new leaderId: f9652e80-d58c-49ab-ab0e-27e6fff13d69
2023-09-29 09:13:07,678 [f9652e80-d58c-49ab-ab0e-27e6fff13d69@group-C06849071740-LeaderElection5] INFO  server.RaftServer$Division (ServerState.java:setLeader(317)) - f9652e80-d58c-49ab-ab0e-27e6fff13d69@group-C06849071740: change Leader from null to f9652e80-d58c-49ab-ab0e-27e6fff13d69 at term 1 for becomeLeader, leader elected after 5216ms
2023-09-29 09:13:07,678 [f9652e80-d58c-49ab-ab0e-27e6fff13d69@group-C06849071740-LeaderElection5] INFO  server.RaftServerConfigKeys (ConfUtils.java:logGet(46)) - raft.server.staging.catchup.gap = 1000 (default)
2023-09-29 09:13:07,676 [grpc-default-executor-1] INFO  server.RaftServer$Division (RaftServerImpl.java:requestVote(1302)) - 808e3967-7510-49b7-87ea-3b9eb7a0b48e@group-21480694BB4B: receive requestVote(PRE_VOTE, f9652e80-d58c-49ab-ab0e-27e6fff13d69, group-21480694BB4B, 0, (t:0, i:0))
2023-09-29 09:13:07,679 [grpc-default-executor-1] INFO  impl.VoteContext (VoteContext.java:log(49)) - 808e3967-7510-49b7-87ea-3b9eb7a0b48e@group-21480694BB4B-FOLLOWER: accept PRE_VOTE from f9652e80-d58c-49ab-ab0e-27e6fff13d69: our priority 0 <= candidate's priority 1
2023-09-29 09:13:07,679 [grpc-default-executor-1] INFO  server.RaftServer$Division (RaftServerImpl.java:requestVote(1335)) - 808e3967-7510-49b7-87ea-3b9eb7a0b48e@group-21480694BB4B replies to PRE_VOTE vote request: f9652e80-d58c-49ab-ab0e-27e6fff13d69<-808e3967-7510-49b7-87ea-3b9eb7a0b48e#0:OK-t0. Peer's state: 808e3967-7510-49b7-87ea-3b9eb7a0b48e@group-21480694BB4B:t0, leader=null, voted=, raftlog=Memoized:808e3967-7510-49b7-87ea-3b9eb7a0b48e@group-21480694BB4B-SegmentedRaftLog:OPENED:c-1, conf=-1: peers:[2a19af63-c44c-4b61-8149-4383770f1009|rpc:10.1.0.30:15032|admin:10.1.0.30:15031|client:10.1.0.30:15030|dataStream:10.1.0.30:15033|priority:0|startupRole:FOLLOWER, f9652e80-d58c-49ab-ab0e-27e6fff13d69|rpc:10.1.0.30:15023|admin:10.1.0.30:15022|client:10.1.0.30:15021|dataStream:10.1.0.30:15024|priority:1|startupRole:FOLLOWER, 808e3967-7510-49b7-87ea-3b9eb7a0b48e|rpc:10.1.0.30:15014|admin:10.1.0.30:15013|client:10.1.0.30:15012|dataStream:10.1.0.30:15015|priority:0|startupRole:FOLLOWER]|listeners:[], old=null
2023-09-29 09:13:07,680 [EventQueue-OpenPipelineForHealthyPipelineSafeModeRule] INFO  safemode.SCMSafeModeManager (HealthyPipelineSafeModeRule.java:process(137)) - SCM in safe mode. Healthy pipelines reported count is 0, required healthy pipeline reported count is 1
2023-09-29 09:13:07,677 [f9652e80-d58c-49ab-ab0e-27e6fff13d69@group-21480694BB4B-LeaderElection4] INFO  server.RaftServerConfigKeys (ConfUtils.java:logGet(46)) - raft.server.staging.catchup.gap = 1000 (default)
2023-09-29 09:13:07,681 [EventQueue-PipelineReportForPipelineReportHandler] INFO  pipeline.PipelineReportHandler (PipelineReportHandler.java:processPipelineReport(136)) - Opened pipeline PipelineID=8c5c8929-5404-440d-9621-21480694bb4b
2023-09-29 09:13:07,685 [f9652e80-d58c-49ab-ab0e-27e6fff13d69@group-21480694BB4B-LeaderElection4] INFO  server.RaftServerConfigKeys (ConfUtils.java:logGet(46)) - raft.server.write.element-limit = 1024 (custom)
2023-09-29 09:13:07,685 [EventQueue-OpenPipelineForHealthyPipelineSafeModeRule] INFO  safemode.SCMSafeModeManager (HealthyPipelineSafeModeRule.java:process(137)) - SCM in safe mode. Healthy pipelines reported count is 1, required healthy pipeline reported count is 1
2023-09-29 09:13:07,685 [f9652e80-d58c-49ab-ab0e-27e6fff13d69@group-21480694BB4B-LeaderElection4] INFO  server.RaftServerConfigKeys (ConfUtils.java:logGet(46)) - raft.server.write.byte-limit = 1024 M (=1073741824) (custom)
2023-09-29 09:13:07,685 [EventQueue-OpenPipelineForHealthyPipelineSafeModeRule] INFO  safemode.SCMSafeModeManager (SCMSafeModeManager.java:validateSafeModeExitRules(200)) - HealthyPipelineSafeModeRule rule is successfully validated
2023-09-29 09:13:07,685 [EventQueue-OpenPipelineForHealthyPipelineSafeModeRule] INFO  safemode.SCMSafeModeManager (SCMSafeModeManager.java:validateSafeModeExitRules(215)) - ScmSafeModeManager, all rules are successfully validated
2023-09-29 09:13:07,685 [EventQueue-OpenPipelineForHealthyPipelineSafeModeRule] INFO  safemode.SCMSafeModeManager (SCMSafeModeManager.java:exitSafeMode(244)) - SCM exiting safe mode.
2023-09-29 09:13:07,685 [EventQueue-OpenPipelineForHealthyPipelineSafeModeRule] INFO  ha.SCMContext (SCMContext.java:updateSafeModeStatus(228)) - Update SafeModeStatus from SafeModeStatus{safeModeStatus=true, preCheckPassed=true} to SafeModeStatus{safeModeStatus=false, preCheckPassed=true}.
2023-09-29 09:13:07,685 [f9652e80-d58c-49ab-ab0e-27e6fff13d69@group-21480694BB4B-LeaderElection4] INFO  server.RaftServerConfigKeys (ConfUtils.java:logGet(46)) - raft.server.watch.timeout = 180s (custom)
2023-09-29 09:13:07,685 [EventQueue-OpenPipelineForHealthyPipelineSafeModeRule] INFO  pipeline.BackgroundPipelineCreator (BackgroundPipelineCreator.java:notifyStatusChanged(255)) - Service BackgroundPipelineCreator transitions to RUNNING.
2023-09-29 09:13:07,685 [f9652e80-d58c-49ab-ab0e-27e6fff13d69@group-21480694BB4B-LeaderElection4] INFO  server.RaftServerConfigKeys (ConfUtils.java:logGet(46)) - raft.server.watch.timeout.denomination = 1s (default)
2023-09-29 09:13:07,685 [EventQueue-OpenPipelineForHealthyPipelineSafeModeRule] INFO  BackgroundPipelineScrubber (BackgroundSCMService.java:notifyStatusChanged(82)) - Service BackgroundPipelineScrubber transitions to RUNNING.
2023-09-29 09:13:07,686 [EventQueue-OpenPipelineForHealthyPipelineSafeModeRule] INFO  ExpiredContainerReplicaOpScrubber (BackgroundSCMService.java:notifyStatusChanged(82)) - Service ExpiredContainerReplicaOpScrubber transitions to RUNNING.
2023-09-29 09:13:07,686 [EventQueue-OpenPipelineForHealthyPipelineSafeModeRule] INFO  replication.ReplicationManager (ReplicationManager.java:notifyStatusChanged(1370)) - Service ReplicationManager transitions to RUNNING.
2023-09-29 09:13:07,685 [f9652e80-d58c-49ab-ab0e-27e6fff13d69@group-21480694BB4B-LeaderElection4] INFO  server.RaftServerConfigKeys (ConfUtils.java:logGet(46)) - raft.server.watch.element-limit = 65536 (default)
2023-09-29 09:13:07,686 [f9652e80-d58c-49ab-ab0e-27e6fff13d69@group-21480694BB4B-LeaderElection4] INFO  server.RaftServerConfigKeys (ConfUtils.java:logGet(46)) - raft.server.write.element-limit = 1024 (custom)
2023-09-29 09:13:07,686 [f9652e80-d58c-49ab-ab0e-27e6fff13d69@group-21480694BB4B-LeaderElection4] INFO  server.RaftServerConfigKeys (ConfUtils.java:logGet(46)) - raft.server.write.follower.gap.ratio.max = -1.0 (default)
2023-09-29 09:13:07,692 [grpc-default-executor-2] INFO  server.RaftServer$Division (RaftServerImpl.java:requestVote(1302)) - 808e3967-7510-49b7-87ea-3b9eb7a0b48e@group-21480694BB4B: receive requestVote(ELECTION, f9652e80-d58c-49ab-ab0e-27e6fff13d69, group-21480694BB4B, 1, (t:0, i:0))
2023-09-29 09:13:07,692 [grpc-default-executor-2] INFO  impl.VoteContext (VoteContext.java:log(49)) - 808e3967-7510-49b7-87ea-3b9eb7a0b48e@group-21480694BB4B-FOLLOWER: accept ELECTION from f9652e80-d58c-49ab-ab0e-27e6fff13d69: our priority 0 <= candidate's priority 1
2023-09-29 09:13:07,693 [EventQueue-OpenPipelineForHealthyPipelineSafeModeRule] WARN  balancer.ContainerBalancer (ContainerBalancer.java:shouldRun(134)) - Could not find persisted configuration for ContainerBalancer when checking if ContainerBalancer should run. ContainerBalancer should not run now.
2023-09-29 09:13:07,694 [main] INFO  ozone.MiniOzoneClusterImpl (MiniOzoneClusterImpl.java:lambda$waitForClusterToBeReady$0(229)) - Nodes are ready. Got 5 of 5 DN Heartbeats.
2023-09-29 09:13:07,695 [main] INFO  ozone.MiniOzoneClusterImpl (MiniOzoneClusterImpl.java:lambda$waitForClusterToBeReady$0(232)) - Cluster exits safe mode
2023-09-29 09:13:07,695 [main] INFO  ozone.MiniOzoneClusterImpl (MiniOzoneClusterImpl.java:lambda$waitForClusterToBeReady$0(234)) - SCM became leader
2023-09-29 09:13:07,698 [f9652e80-d58c-49ab-ab0e-27e6fff13d69@group-C06849071740-LeaderElection5] INFO  server.RaftServerConfigKeys (ConfUtils.java:logGet(46)) - raft.server.write.element-limit = 1024 (custom)
2023-09-29 09:13:07,698 [f9652e80-d58c-49ab-ab0e-27e6fff13d69@group-C06849071740-LeaderElection5] INFO  server.RaftServerConfigKeys (ConfUtils.java:logGet(46)) - raft.server.write.byte-limit = 1024 M (=1073741824) (custom)
2023-09-29 09:13:07,698 [f9652e80-d58c-49ab-ab0e-27e6fff13d69@group-C06849071740-LeaderElection5] INFO  server.RaftServerConfigKeys (ConfUtils.java:logGet(46)) - raft.server.watch.timeout = 180s (custom)
2023-09-29 09:13:07,699 [f9652e80-d58c-49ab-ab0e-27e6fff13d69@group-C06849071740-LeaderElection5] INFO  server.RaftServerConfigKeys (ConfUtils.java:logGet(46)) - raft.server.watch.timeout.denomination = 1s (default)
2023-09-29 09:13:07,699 [f9652e80-d58c-49ab-ab0e-27e6fff13d69@group-C06849071740-LeaderElection5] INFO  server.RaftServerConfigKeys (ConfUtils.java:logGet(46)) - raft.server.watch.element-limit = 65536 (default)
2023-09-29 09:13:07,699 [f9652e80-d58c-49ab-ab0e-27e6fff13d69@group-C06849071740-LeaderElection5] INFO  server.RaftServerConfigKeys (ConfUtils.java:logGet(46)) - raft.server.write.element-limit = 1024 (custom)
2023-09-29 09:13:07,699 [f9652e80-d58c-49ab-ab0e-27e6fff13d69@group-C06849071740-LeaderElection5] INFO  server.RaftServerConfigKeys (ConfUtils.java:logGet(46)) - raft.server.write.follower.gap.ratio.max = -1.0 (default)
2023-09-29 09:13:07,700 [f9652e80-d58c-49ab-ab0e-27e6fff13d69@group-C06849071740-LeaderElection5] INFO  impl.RoleInfo (RoleInfo.java:updateAndGet(139)) - f9652e80-d58c-49ab-ab0e-27e6fff13d69: start f9652e80-d58c-49ab-ab0e-27e6fff13d69@group-C06849071740-LeaderStateImpl
2023-09-29 09:13:07,700 [f9652e80-d58c-49ab-ab0e-27e6fff13d69@group-C06849071740-LeaderElection5] INFO  segmented.SegmentedRaftLogWorker (SegmentedRaftLogWorker.java:startLogSegment(447)) - f9652e80-d58c-49ab-ab0e-27e6fff13d69@group-C06849071740-SegmentedRaftLogWorker: Starting segment from index:0
2023-09-29 09:13:07,701 [grpc-default-executor-2] INFO  server.RaftServer$Division (RaftServerImpl.java:setRole(329)) - 808e3967-7510-49b7-87ea-3b9eb7a0b48e@group-21480694BB4B: changes role from  FOLLOWER to FOLLOWER at term 1 for candidate:f9652e80-d58c-49ab-ab0e-27e6fff13d69
2023-09-29 09:13:07,701 [grpc-default-executor-2] INFO  impl.RoleInfo (RoleInfo.java:shutdownFollowerState(110)) - 808e3967-7510-49b7-87ea-3b9eb7a0b48e: shutdown 808e3967-7510-49b7-87ea-3b9eb7a0b48e@group-21480694BB4B-FollowerState
2023-09-29 09:13:07,701 [grpc-default-executor-2] INFO  impl.RoleInfo (RoleInfo.java:updateAndGet(139)) - 808e3967-7510-49b7-87ea-3b9eb7a0b48e: start 808e3967-7510-49b7-87ea-3b9eb7a0b48e@group-21480694BB4B-FollowerState
2023-09-29 09:13:07,701 [808e3967-7510-49b7-87ea-3b9eb7a0b48e@group-21480694BB4B-FollowerState] INFO  impl.FollowerState (FollowerState.java:run(152)) - 808e3967-7510-49b7-87ea-3b9eb7a0b48e@group-21480694BB4B-FollowerState was interrupted
2023-09-29 09:13:07,704 [f9652e80-d58c-49ab-ab0e-27e6fff13d69@group-C06849071740-SegmentedRaftLogWorker] INFO  segmented.SegmentedRaftLogWorker (SegmentedRaftLogWorker.java:execute(651)) - f9652e80-d58c-49ab-ab0e-27e6fff13d69@group-C06849071740-SegmentedRaftLogWorker: created new log segment /home/runner/work/ozone/ozone/hadoop-ozone/integration-test/target/test-dir/MiniOzoneClusterImpl-2a0ec25a-3990-4628-8b93-857bbff79694/datanode-1/data/ratis/76d9e4d3-c63c-44b5-bea8-c06849071740/current/log_inprogress_0
2023-09-29 09:13:07,713 [f9652e80-d58c-49ab-ab0e-27e6fff13d69@group-21480694BB4B-LeaderElection4] INFO  server.RaftServerConfigKeys (ConfUtils.java:logGet(46)) - raft.server.log.appender.snapshot.chunk.size.max = 16MB (=16777216) (default)
2023-09-29 09:13:07,713 [f9652e80-d58c-49ab-ab0e-27e6fff13d69@group-21480694BB4B-LeaderElection4] INFO  server.RaftServerConfigKeys (ConfUtils.java:logGet(46)) - raft.server.log.appender.buffer.byte-limit = 33554432 (custom)
2023-09-29 09:13:07,713 [f9652e80-d58c-49ab-ab0e-27e6fff13d69@group-21480694BB4B-LeaderElection4] INFO  server.RaftServerConfigKeys (ConfUtils.java:logGet(46)) - raft.server.log.appender.buffer.element-limit = 1 (custom)
2023-09-29 09:13:07,715 [grpc-default-executor-2] INFO  server.RaftServer$Division (RaftServerImpl.java:requestVote(1335)) - 808e3967-7510-49b7-87ea-3b9eb7a0b48e@group-21480694BB4B replies to ELECTION vote request: f9652e80-d58c-49ab-ab0e-27e6fff13d69<-808e3967-7510-49b7-87ea-3b9eb7a0b48e#0:OK-t1. Peer's state: 808e3967-7510-49b7-87ea-3b9eb7a0b48e@group-21480694BB4B:t1, leader=null, voted=f9652e80-d58c-49ab-ab0e-27e6fff13d69, raftlog=Memoized:808e3967-7510-49b7-87ea-3b9eb7a0b48e@group-21480694BB4B-SegmentedRaftLog:OPENED:c-1, conf=-1: peers:[2a19af63-c44c-4b61-8149-4383770f1009|rpc:10.1.0.30:15032|admin:10.1.0.30:15031|client:10.1.0.30:15030|dataStream:10.1.0.30:15033|priority:0|startupRole:FOLLOWER, f9652e80-d58c-49ab-ab0e-27e6fff13d69|rpc:10.1.0.30:15023|admin:10.1.0.30:15022|client:10.1.0.30:15021|dataStream:10.1.0.30:15024|priority:1|startupRole:FOLLOWER, 808e3967-7510-49b7-87ea-3b9eb7a0b48e|rpc:10.1.0.30:15014|admin:10.1.0.30:15013|client:10.1.0.30:15012|dataStream:10.1.0.30:15015|priority:0|startupRole:FOLLOWER]|listeners:[], old=null
2023-09-29 09:13:07,716 [f9652e80-d58c-49ab-ab0e-27e6fff13d69@group-C06849071740-LeaderElection5] INFO  server.RaftServer$Division (ServerState.java:setRaftConf(434)) - f9652e80-d58c-49ab-ab0e-27e6fff13d69@group-C06849071740: set configuration 0: peers:[f9652e80-d58c-49ab-ab0e-27e6fff13d69|rpc:10.1.0.30:15023|admin:10.1.0.30:15022|client:10.1.0.30:15021|dataStream:10.1.0.30:15024|priority:1|startupRole:FOLLOWER]|listeners:[], old=null
2023-09-29 09:13:07,728 [f9652e80-d58c-49ab-ab0e-27e6fff13d69@group-21480694BB4B-LeaderElection4] INFO  server.RaftServerConfigKeys (ConfUtils.java:logGet(46)) - raft.server.log.appender.wait-time.min = 10ms (default)
2023-09-29 09:13:07,730 [f9652e80-d58c-49ab-ab0e-27e6fff13d69@group-21480694BB4B-LeaderElection4] INFO  grpc.GrpcConfigKeys (ConfUtils.java:logGet(46)) - raft.grpc.server.leader.outstanding.appends.max = 128 (default)
2023-09-29 09:13:07,730 [f9652e80-d58c-49ab-ab0e-27e6fff13d69@group-21480694BB4B-LeaderElection4] INFO  server.RaftServerConfigKeys (ConfUtils.java:logGet(46)) - raft.server.rpc.request.timeout = 60s (custom)
2023-09-29 09:13:07,731 [f9652e80-d58c-49ab-ab0e-27e6fff13d69@group-21480694BB4B-LeaderElection4] INFO  grpc.GrpcConfigKeys (ConfUtils.java:logGet(46)) - raft.grpc.server.install_snapshot.request.element-limit = 8 (default)
2023-09-29 09:13:07,731 [f9652e80-d58c-49ab-ab0e-27e6fff13d69@group-21480694BB4B-LeaderElection4] INFO  grpc.GrpcConfigKeys (ConfUtils.java:logGet(46)) - raft.grpc.server.install_snapshot.request.timeout = 3000ms (default)
2023-09-29 09:13:07,731 [f9652e80-d58c-49ab-ab0e-27e6fff13d69@group-21480694BB4B-LeaderElection4] INFO  server.RaftServerConfigKeys (ConfUtils.java:logGet(46)) - raft.server.log.appender.install.snapshot.enabled = false (custom)
2023-09-29 09:13:07,731 [f9652e80-d58c-49ab-ab0e-27e6fff13d69@group-21480694BB4B-LeaderElection4] INFO  grpc.GrpcConfigKeys (ConfUtils.java:logGet(46)) - raft.grpc.server.heartbeat.channel = true (default)
2023-09-29 09:13:07,738 [f9652e80-d58c-49ab-ab0e-27e6fff13d69@group-21480694BB4B-LeaderElection4] INFO  server.RaftServerConfigKeys (ConfUtils.java:logGet(46)) - raft.server.log.appender.snapshot.chunk.size.max = 16MB (=16777216) (default)
2023-09-29 09:13:07,738 [f9652e80-d58c-49ab-ab0e-27e6fff13d69@group-21480694BB4B-LeaderElection4] INFO  server.RaftServerConfigKeys (ConfUtils.java:logGet(46)) - raft.server.log.appender.buffer.byte-limit = 33554432 (custom)
2023-09-29 09:13:07,738 [f9652e80-d58c-49ab-ab0e-27e6fff13d69@group-21480694BB4B-LeaderElection4] INFO  server.RaftServerConfigKeys (ConfUtils.java:logGet(46)) - raft.server.log.appender.buffer.element-limit = 1 (custom)
2023-09-29 09:13:07,738 [f9652e80-d58c-49ab-ab0e-27e6fff13d69@group-21480694BB4B-LeaderElection4] INFO  server.RaftServerConfigKeys (ConfUtils.java:logGet(46)) - raft.server.log.appender.wait-time.min = 10ms (default)
2023-09-29 09:13:07,738 [f9652e80-d58c-49ab-ab0e-27e6fff13d69@group-21480694BB4B-LeaderElection4] INFO  grpc.GrpcConfigKeys (ConfUtils.java:logGet(46)) - raft.grpc.server.leader.outstanding.appends.max = 128 (default)
2023-09-29 09:13:07,738 [f9652e80-d58c-49ab-ab0e-27e6fff13d69@group-21480694BB4B-LeaderElection4] INFO  server.RaftServerConfigKeys (ConfUtils.java:logGet(46)) - raft.server.rpc.request.timeout = 60s (custom)
2023-09-29 09:13:07,738 [f9652e80-d58c-49ab-ab0e-27e6fff13d69@group-21480694BB4B-LeaderElection4] INFO  grpc.GrpcConfigKeys (ConfUtils.java:logGet(46)) - raft.grpc.server.install_snapshot.request.element-limit = 8 (default)
2023-09-29 09:13:07,738 [f9652e80-d58c-49ab-ab0e-27e6fff13d69@group-21480694BB4B-LeaderElection4] INFO  grpc.GrpcConfigKeys (ConfUtils.java:logGet(46)) - raft.grpc.server.install_snapshot.request.timeout = 3000ms (default)
2023-09-29 09:13:07,738 [f9652e80-d58c-49ab-ab0e-27e6fff13d69@group-21480694BB4B-LeaderElection4] INFO  server.RaftServerConfigKeys (ConfUtils.java:logGet(46)) - raft.server.log.appender.install.snapshot.enabled = false (custom)
2023-09-29 09:13:07,738 [f9652e80-d58c-49ab-ab0e-27e6fff13d69@group-21480694BB4B-LeaderElection4] INFO  grpc.GrpcConfigKeys (ConfUtils.java:logGet(46)) - raft.grpc.server.heartbeat.channel = true (default)
2023-09-29 09:13:07,739 [f9652e80-d58c-49ab-ab0e-27e6fff13d69@group-21480694BB4B-LeaderElection4] INFO  impl.RoleInfo (RoleInfo.java:updateAndGet(139)) - f9652e80-d58c-49ab-ab0e-27e6fff13d69: start f9652e80-d58c-49ab-ab0e-27e6fff13d69@group-21480694BB4B-LeaderStateImpl
2023-09-29 09:13:07,740 [f9652e80-d58c-49ab-ab0e-27e6fff13d69@group-21480694BB4B-LeaderElection4] INFO  segmented.SegmentedRaftLogWorker (SegmentedRaftLogWorker.java:startLogSegment(447)) - f9652e80-d58c-49ab-ab0e-27e6fff13d69@group-21480694BB4B-SegmentedRaftLogWorker: Starting segment from index:0
2023-09-29 09:13:07,742 [f9652e80-d58c-49ab-ab0e-27e6fff13d69@group-21480694BB4B-SegmentedRaftLogWorker] INFO  segmented.SegmentedRaftLogWorker (SegmentedRaftLogWorker.java:execute(651)) - f9652e80-d58c-49ab-ab0e-27e6fff13d69@group-21480694BB4B-SegmentedRaftLogWorker: created new log segment /home/runner/work/ozone/ozone/hadoop-ozone/integration-test/target/test-dir/MiniOzoneClusterImpl-2a0ec25a-3990-4628-8b93-857bbff79694/datanode-1/data/ratis/8c5c8929-5404-440d-9621-21480694bb4b/current/log_inprogress_0
2023-09-29 09:13:07,752 [f9652e80-d58c-49ab-ab0e-27e6fff13d69@group-21480694BB4B-LeaderElection4] INFO  server.RaftServer$Division (ServerState.java:setRaftConf(434)) - f9652e80-d58c-49ab-ab0e-27e6fff13d69@group-21480694BB4B: set configuration 0: peers:[2a19af63-c44c-4b61-8149-4383770f1009|rpc:10.1.0.30:15032|admin:10.1.0.30:15031|client:10.1.0.30:15030|dataStream:10.1.0.30:15033|priority:0|startupRole:FOLLOWER, f9652e80-d58c-49ab-ab0e-27e6fff13d69|rpc:10.1.0.30:15023|admin:10.1.0.30:15022|client:10.1.0.30:15021|dataStream:10.1.0.30:15024|priority:1|startupRole:FOLLOWER, 808e3967-7510-49b7-87ea-3b9eb7a0b48e|rpc:10.1.0.30:15014|admin:10.1.0.30:15013|client:10.1.0.30:15012|dataStream:10.1.0.30:15015|priority:0|startupRole:FOLLOWER]|listeners:[], old=null
2023-09-29 09:13:07,813 [808e3967-7510-49b7-87ea-3b9eb7a0b48e-server-thread1] INFO  ratis.XceiverServerRatis (XceiverServerRatis.java:handleLeaderChangedNotification(902)) - Leader change notification received for group: group-21480694BB4B with new leaderId: f9652e80-d58c-49ab-ab0e-27e6fff13d69
2023-09-29 09:13:07,813 [808e3967-7510-49b7-87ea-3b9eb7a0b48e-server-thread1] INFO  server.RaftServer$Division (ServerState.java:setLeader(317)) - 808e3967-7510-49b7-87ea-3b9eb7a0b48e@group-21480694BB4B: change Leader from null to f9652e80-d58c-49ab-ab0e-27e6fff13d69 at term 1 for appendEntries, leader elected after 5775ms
2023-09-29 09:13:07,829 [2a19af63-c44c-4b61-8149-4383770f1009-server-thread1] INFO  ratis.XceiverServerRatis (XceiverServerRatis.java:handleLeaderChangedNotification(902)) - Leader change notification received for group: group-21480694BB4B with new leaderId: f9652e80-d58c-49ab-ab0e-27e6fff13d69
2023-09-29 09:13:07,829 [2a19af63-c44c-4b61-8149-4383770f1009-server-thread1] INFO  server.RaftServer$Division (ServerState.java:setLeader(317)) - 2a19af63-c44c-4b61-8149-4383770f1009@group-21480694BB4B: change Leader from null to f9652e80-d58c-49ab-ab0e-27e6fff13d69 at term 1 for appendEntries, leader elected after 5079ms
2023-09-29 09:13:07,854 [2a19af63-c44c-4b61-8149-4383770f1009-server-thread2] INFO  server.RaftServer$Division (ServerState.java:setRaftConf(434)) - 2a19af63-c44c-4b61-8149-4383770f1009@group-21480694BB4B: set configuration 0: peers:[2a19af63-c44c-4b61-8149-4383770f1009|rpc:10.1.0.30:15032|admin:10.1.0.30:15031|client:10.1.0.30:15030|dataStream:10.1.0.30:15033|priority:0|startupRole:FOLLOWER, f9652e80-d58c-49ab-ab0e-27e6fff13d69|rpc:10.1.0.30:15023|admin:10.1.0.30:15022|client:10.1.0.30:15021|dataStream:10.1.0.30:15024|priority:1|startupRole:FOLLOWER, 808e3967-7510-49b7-87ea-3b9eb7a0b48e|rpc:10.1.0.30:15014|admin:10.1.0.30:15013|client:10.1.0.30:15012|dataStream:10.1.0.30:15015|priority:0|startupRole:FOLLOWER]|listeners:[], old=null
2023-09-29 09:13:07,854 [2a19af63-c44c-4b61-8149-4383770f1009-server-thread2] INFO  segmented.SegmentedRaftLogWorker (SegmentedRaftLogWorker.java:startLogSegment(447)) - 2a19af63-c44c-4b61-8149-4383770f1009@group-21480694BB4B-SegmentedRaftLogWorker: Starting segment from index:0
2023-09-29 09:13:07,857 [2a19af63-c44c-4b61-8149-4383770f1009@group-21480694BB4B-SegmentedRaftLogWorker] INFO  segmented.SegmentedRaftLogWorker (SegmentedRaftLogWorker.java:execute(651)) - 2a19af63-c44c-4b61-8149-4383770f1009@group-21480694BB4B-SegmentedRaftLogWorker: created new log segment /home/runner/work/ozone/ozone/hadoop-ozone/integration-test/target/test-dir/MiniOzoneClusterImpl-2a0ec25a-3990-4628-8b93-857bbff79694/datanode-2/data/ratis/8c5c8929-5404-440d-9621-21480694bb4b/current/log_inprogress_0
2023-09-29 09:13:07,858 [808e3967-7510-49b7-87ea-3b9eb7a0b48e-server-thread2] INFO  server.RaftServer$Division (ServerState.java:setRaftConf(434)) - 808e3967-7510-49b7-87ea-3b9eb7a0b48e@group-21480694BB4B: set configuration 0: peers:[2a19af63-c44c-4b61-8149-4383770f1009|rpc:10.1.0.30:15032|admin:10.1.0.30:15031|client:10.1.0.30:15030|dataStream:10.1.0.30:15033|priority:0|startupRole:FOLLOWER, f9652e80-d58c-49ab-ab0e-27e6fff13d69|rpc:10.1.0.30:15023|admin:10.1.0.30:15022|client:10.1.0.30:15021|dataStream:10.1.0.30:15024|priority:1|startupRole:FOLLOWER, 808e3967-7510-49b7-87ea-3b9eb7a0b48e|rpc:10.1.0.30:15014|admin:10.1.0.30:15013|client:10.1.0.30:15012|dataStream:10.1.0.30:15015|priority:0|startupRole:FOLLOWER]|listeners:[], old=null
2023-09-29 09:13:07,866 [808e3967-7510-49b7-87ea-3b9eb7a0b48e-server-thread2] INFO  segmented.SegmentedRaftLogWorker (SegmentedRaftLogWorker.java:startLogSegment(447)) - 808e3967-7510-49b7-87ea-3b9eb7a0b48e@group-21480694BB4B-SegmentedRaftLogWorker: Starting segment from index:0
2023-09-29 09:13:07,868 [808e3967-7510-49b7-87ea-3b9eb7a0b48e@group-21480694BB4B-SegmentedRaftLogWorker] INFO  segmented.SegmentedRaftLogWorker (SegmentedRaftLogWorker.java:execute(651)) - 808e3967-7510-49b7-87ea-3b9eb7a0b48e@group-21480694BB4B-SegmentedRaftLogWorker: created new log segment /home/runner/work/ozone/ozone/hadoop-ozone/integration-test/target/test-dir/MiniOzoneClusterImpl-2a0ec25a-3990-4628-8b93-857bbff79694/datanode-0/data/ratis/8c5c8929-5404-440d-9621-21480694bb4b/current/log_inprogress_0
2023-09-29 09:13:08,124 [2a19af63-c44c-4b61-8149-4383770f1009@group-8C93D2FE0CF0-FollowerState] INFO  impl.FollowerState (FollowerState.java:run(143)) - 2a19af63-c44c-4b61-8149-4383770f1009@group-8C93D2FE0CF0-FollowerState: change to CANDIDATE, lastRpcElapsedTime:5151311995ns, electionTimeout:5138ms
2023-09-29 09:13:08,124 [2a19af63-c44c-4b61-8149-4383770f1009@group-8C93D2FE0CF0-FollowerState] INFO  impl.RoleInfo (RoleInfo.java:shutdownFollowerState(110)) - 2a19af63-c44c-4b61-8149-4383770f1009: shutdown 2a19af63-c44c-4b61-8149-4383770f1009@group-8C93D2FE0CF0-FollowerState
2023-09-29 09:13:08,124 [2a19af63-c44c-4b61-8149-4383770f1009@group-8C93D2FE0CF0-FollowerState] INFO  server.RaftServer$Division (RaftServerImpl.java:setRole(329)) - 2a19af63-c44c-4b61-8149-4383770f1009@group-8C93D2FE0CF0: changes role from  FOLLOWER to CANDIDATE at term 0 for changeToCandidate
2023-09-29 09:13:08,136 [2a19af63-c44c-4b61-8149-4383770f1009@group-8C93D2FE0CF0-FollowerState] INFO  server.RaftServerConfigKeys (ConfUtils.java:logGet(46)) - raft.server.leaderelection.pre-vote = true (default)
2023-09-29 09:13:08,136 [2a19af63-c44c-4b61-8149-4383770f1009@group-8C93D2FE0CF0-FollowerState] INFO  impl.RoleInfo (RoleInfo.java:updateAndGet(139)) - 2a19af63-c44c-4b61-8149-4383770f1009: start 2a19af63-c44c-4b61-8149-4383770f1009@group-8C93D2FE0CF0-LeaderElection6
2023-09-29 09:13:08,166 [2a19af63-c44c-4b61-8149-4383770f1009@group-8C93D2FE0CF0-LeaderElection6] INFO  impl.LeaderElection (LeaderElection.java:askForVotes(321)) - 2a19af63-c44c-4b61-8149-4383770f1009@group-8C93D2FE0CF0-LeaderElection6 PRE_VOTE round 0: submit vote requests at term 0 for -1: peers:[2a19af63-c44c-4b61-8149-4383770f1009|rpc:10.1.0.30:15032|admin:10.1.0.30:15031|client:10.1.0.30:15030|dataStream:10.1.0.30:15033|priority:1|startupRole:FOLLOWER]|listeners:[], old=null
2023-09-29 09:13:08,166 [2a19af63-c44c-4b61-8149-4383770f1009@group-8C93D2FE0CF0-LeaderElection6] INFO  impl.LeaderElection (LeaderElection.java:askForVotes(323)) - 2a19af63-c44c-4b61-8149-4383770f1009@group-8C93D2FE0CF0-LeaderElection6 PRE_VOTE round 0: result PASSED (term=0)
2023-09-29 09:13:08,168 [2a19af63-c44c-4b61-8149-4383770f1009@group-8C93D2FE0CF0-LeaderElection6] INFO  impl.LeaderElection (LeaderElection.java:askForVotes(321)) - 2a19af63-c44c-4b61-8149-4383770f1009@group-8C93D2FE0CF0-LeaderElection6 ELECTION round 0: submit vote requests at term 1 for -1: peers:[2a19af63-c44c-4b61-8149-4383770f1009|rpc:10.1.0.30:15032|admin:10.1.0.30:15031|client:10.1.0.30:15030|dataStream:10.1.0.30:15033|priority:1|startupRole:FOLLOWER]|listeners:[], old=null
2023-09-29 09:13:08,168 [2a19af63-c44c-4b61-8149-4383770f1009@group-8C93D2FE0CF0-LeaderElection6] INFO  impl.LeaderElection (LeaderElection.java:askForVotes(323)) - 2a19af63-c44c-4b61-8149-4383770f1009@group-8C93D2FE0CF0-LeaderElection6 ELECTION round 0: result PASSED (term=1)
2023-09-29 09:13:08,168 [2a19af63-c44c-4b61-8149-4383770f1009@group-8C93D2FE0CF0-LeaderElection6] INFO  impl.RoleInfo (RoleInfo.java:shutdownLeaderElection(130)) - 2a19af63-c44c-4b61-8149-4383770f1009: shutdown 2a19af63-c44c-4b61-8149-4383770f1009@group-8C93D2FE0CF0-LeaderElection6
2023-09-29 09:13:08,168 [2a19af63-c44c-4b61-8149-4383770f1009@group-8C93D2FE0CF0-LeaderElection6] INFO  server.RaftServer$Division (RaftServerImpl.java:setRole(329)) - 2a19af63-c44c-4b61-8149-4383770f1009@group-8C93D2FE0CF0: changes role from CANDIDATE to LEADER at term 1 for changeToLeader
2023-09-29 09:13:08,168 [2a19af63-c44c-4b61-8149-4383770f1009@group-8C93D2FE0CF0-LeaderElection6] INFO  ratis.XceiverServerRatis (XceiverServerRatis.java:handleLeaderChangedNotification(902)) - Leader change notification received for group: group-8C93D2FE0CF0 with new leaderId: 2a19af63-c44c-4b61-8149-4383770f1009
2023-09-29 09:13:08,168 [2a19af63-c44c-4b61-8149-4383770f1009@group-8C93D2FE0CF0-LeaderElection6] INFO  server.RaftServer$Division (ServerState.java:setLeader(317)) - 2a19af63-c44c-4b61-8149-4383770f1009@group-8C93D2FE0CF0: change Leader from null to 2a19af63-c44c-4b61-8149-4383770f1009 at term 1 for becomeLeader, leader elected after 5236ms
2023-09-29 09:13:08,169 [2a19af63-c44c-4b61-8149-4383770f1009@group-8C93D2FE0CF0-LeaderElection6] INFO  server.RaftServerConfigKeys (ConfUtils.java:logGet(46)) - raft.server.staging.catchup.gap = 1000 (default)
2023-09-29 09:13:08,169 [2a19af63-c44c-4b61-8149-4383770f1009@group-8C93D2FE0CF0-LeaderElection6] INFO  server.RaftServerConfigKeys (ConfUtils.java:logGet(46)) - raft.server.write.element-limit = 1024 (custom)
2023-09-29 09:13:08,169 [2a19af63-c44c-4b61-8149-4383770f1009@group-8C93D2FE0CF0-LeaderElection6] INFO  server.RaftServerConfigKeys (ConfUtils.java:logGet(46)) - raft.server.write.byte-limit = 1024 M (=1073741824) (custom)
2023-09-29 09:13:08,169 [2a19af63-c44c-4b61-8149-4383770f1009@group-8C93D2FE0CF0-LeaderElection6] INFO  server.RaftServerConfigKeys (ConfUtils.java:logGet(46)) - raft.server.watch.timeout = 180s (custom)
2023-09-29 09:13:08,169 [2a19af63-c44c-4b61-8149-4383770f1009@group-8C93D2FE0CF0-LeaderElection6] INFO  server.RaftServerConfigKeys (ConfUtils.java:logGet(46)) - raft.server.watch.timeout.denomination = 1s (default)
2023-09-29 09:13:08,170 [2a19af63-c44c-4b61-8149-4383770f1009@group-8C93D2FE0CF0-LeaderElection6] INFO  server.RaftServerConfigKeys (ConfUtils.java:logGet(46)) - raft.server.watch.element-limit = 65536 (default)
2023-09-29 09:13:08,170 [2a19af63-c44c-4b61-8149-4383770f1009@group-8C93D2FE0CF0-LeaderElection6] INFO  server.RaftServerConfigKeys (ConfUtils.java:logGet(46)) - raft.server.write.element-limit = 1024 (custom)
2023-09-29 09:13:08,170 [2a19af63-c44c-4b61-8149-4383770f1009@group-8C93D2FE0CF0-LeaderElection6] INFO  server.RaftServerConfigKeys (ConfUtils.java:logGet(46)) - raft.server.write.follower.gap.ratio.max = -1.0 (default)
2023-09-29 09:13:08,170 [2a19af63-c44c-4b61-8149-4383770f1009@group-8C93D2FE0CF0-LeaderElection6] INFO  impl.RoleInfo (RoleInfo.java:updateAndGet(139)) - 2a19af63-c44c-4b61-8149-4383770f1009: start 2a19af63-c44c-4b61-8149-4383770f1009@group-8C93D2FE0CF0-LeaderStateImpl
2023-09-29 09:13:08,170 [2a19af63-c44c-4b61-8149-4383770f1009@group-8C93D2FE0CF0-LeaderElection6] INFO  segmented.SegmentedRaftLogWorker (SegmentedRaftLogWorker.java:startLogSegment(447)) - 2a19af63-c44c-4b61-8149-4383770f1009@group-8C93D2FE0CF0-SegmentedRaftLogWorker: Starting segment from index:0
2023-09-29 09:13:08,172 [2a19af63-c44c-4b61-8149-4383770f1009@group-8C93D2FE0CF0-SegmentedRaftLogWorker] INFO  segmented.SegmentedRaftLogWorker (SegmentedRaftLogWorker.java:execute(651)) - 2a19af63-c44c-4b61-8149-4383770f1009@group-8C93D2FE0CF0-SegmentedRaftLogWorker: created new log segment /home/runner/work/ozone/ozone/hadoop-ozone/integration-test/target/test-dir/MiniOzoneClusterImpl-2a0ec25a-3990-4628-8b93-857bbff79694/datanode-2/data/ratis/f374d761-443b-41ca-b47b-8c93d2fe0cf0/current/log_inprogress_0
2023-09-29 09:13:08,180 [2a19af63-c44c-4b61-8149-4383770f1009@group-8C93D2FE0CF0-LeaderElection6] INFO  server.RaftServer$Division (ServerState.java:setRaftConf(434)) - 2a19af63-c44c-4b61-8149-4383770f1009@group-8C93D2FE0CF0: set configuration 0: peers:[2a19af63-c44c-4b61-8149-4383770f1009|rpc:10.1.0.30:15032|admin:10.1.0.30:15031|client:10.1.0.30:15030|dataStream:10.1.0.30:15033|priority:1|startupRole:FOLLOWER]|listeners:[], old=null
2023-09-29 09:13:08,415 [808e3967-7510-49b7-87ea-3b9eb7a0b48e@group-79D0840543AE-FollowerState] INFO  impl.FollowerState (FollowerState.java:run(143)) - 808e3967-7510-49b7-87ea-3b9eb7a0b48e@group-79D0840543AE-FollowerState: change to CANDIDATE, lastRpcElapsedTime:5095563208ns, electionTimeout:5049ms
2023-09-29 09:13:08,415 [808e3967-7510-49b7-87ea-3b9eb7a0b48e@group-79D0840543AE-FollowerState] INFO  impl.RoleInfo (RoleInfo.java:shutdownFollowerState(110)) - 808e3967-7510-49b7-87ea-3b9eb7a0b48e: shutdown 808e3967-7510-49b7-87ea-3b9eb7a0b48e@group-79D0840543AE-FollowerState
2023-09-29 09:13:08,415 [808e3967-7510-49b7-87ea-3b9eb7a0b48e@group-79D0840543AE-FollowerState] INFO  server.RaftServer$Division (RaftServerImpl.java:setRole(329)) - 808e3967-7510-49b7-87ea-3b9eb7a0b48e@group-79D0840543AE: changes role from  FOLLOWER to CANDIDATE at term 0 for changeToCandidate
2023-09-29 09:13:08,416 [808e3967-7510-49b7-87ea-3b9eb7a0b48e@group-79D0840543AE-FollowerState] INFO  server.RaftServerConfigKeys (ConfUtils.java:logGet(46)) - raft.server.leaderelection.pre-vote = true (default)
2023-09-29 09:13:08,416 [808e3967-7510-49b7-87ea-3b9eb7a0b48e@group-79D0840543AE-FollowerState] INFO  impl.RoleInfo (RoleInfo.java:updateAndGet(139)) - 808e3967-7510-49b7-87ea-3b9eb7a0b48e: start 808e3967-7510-49b7-87ea-3b9eb7a0b48e@group-79D0840543AE-LeaderElection7
2023-09-29 09:13:08,457 [808e3967-7510-49b7-87ea-3b9eb7a0b48e@group-79D0840543AE-LeaderElection7] INFO  impl.LeaderElection (LeaderElection.java:askForVotes(321)) - 808e3967-7510-49b7-87ea-3b9eb7a0b48e@group-79D0840543AE-LeaderElection7 PRE_VOTE round 0: submit vote requests at term 0 for -1: peers:[2a19af63-c44c-4b61-8149-4383770f1009|rpc:10.1.0.30:15032|admin:10.1.0.30:15031|client:10.1.0.30:15030|dataStream:10.1.0.30:15033|priority:0|startupRole:FOLLOWER, f9652e80-d58c-49ab-ab0e-27e6fff13d69|rpc:10.1.0.30:15023|admin:10.1.0.30:15022|client:10.1.0.30:15021|dataStream:10.1.0.30:15024|priority:0|startupRole:FOLLOWER, 808e3967-7510-49b7-87ea-3b9eb7a0b48e|rpc:10.1.0.30:15014|admin:10.1.0.30:15013|client:10.1.0.30:15012|dataStream:10.1.0.30:15015|priority:1|startupRole:FOLLOWER]|listeners:[], old=null
2023-09-29 09:13:08,463 [808e3967-7510-49b7-87ea-3b9eb7a0b48e@group-79D0840543AE-LeaderElection7] INFO  server.RaftServerConfigKeys (ConfUtils.java:logFallback(53)) - raft.server.rpc.first-election.timeout.min = 5s (fallback to raft.server.rpc.timeout.min)
2023-09-29 09:13:08,463 [808e3967-7510-49b7-87ea-3b9eb7a0b48e@group-79D0840543AE-LeaderElection7] INFO  server.RaftServerConfigKeys (ConfUtils.java:logFallback(53)) - raft.server.rpc.first-election.timeout.max = 5200ms (fallback to raft.server.rpc.timeout.max)
2023-09-29 09:13:08,474 [grpc-default-executor-2] INFO  server.RaftServer$Division (RaftServerImpl.java:requestVote(1302)) - f9652e80-d58c-49ab-ab0e-27e6fff13d69@group-79D0840543AE: receive requestVote(PRE_VOTE, 808e3967-7510-49b7-87ea-3b9eb7a0b48e, group-79D0840543AE, 0, (t:0, i:0))
2023-09-29 09:13:08,476 [grpc-default-executor-2] INFO  impl.VoteContext (VoteContext.java:log(49)) - f9652e80-d58c-49ab-ab0e-27e6fff13d69@group-79D0840543AE-FOLLOWER: accept PRE_VOTE from 808e3967-7510-49b7-87ea-3b9eb7a0b48e: our priority 0 <= candidate's priority 1
2023-09-29 09:13:08,476 [grpc-default-executor-2] INFO  server.RaftServer$Division (RaftServerImpl.java:requestVote(1335)) - f9652e80-d58c-49ab-ab0e-27e6fff13d69@group-79D0840543AE replies to PRE_VOTE vote request: 808e3967-7510-49b7-87ea-3b9eb7a0b48e<-f9652e80-d58c-49ab-ab0e-27e6fff13d69#0:OK-t0. Peer's state: f9652e80-d58c-49ab-ab0e-27e6fff13d69@group-79D0840543AE:t0, leader=null, voted=, raftlog=Memoized:f9652e80-d58c-49ab-ab0e-27e6fff13d69@group-79D0840543AE-SegmentedRaftLog:OPENED:c-1, conf=-1: peers:[2a19af63-c44c-4b61-8149-4383770f1009|rpc:10.1.0.30:15032|admin:10.1.0.30:15031|client:10.1.0.30:15030|dataStream:10.1.0.30:15033|priority:0|startupRole:FOLLOWER, f9652e80-d58c-49ab-ab0e-27e6fff13d69|rpc:10.1.0.30:15023|admin:10.1.0.30:15022|client:10.1.0.30:15021|dataStream:10.1.0.30:15024|priority:0|startupRole:FOLLOWER, 808e3967-7510-49b7-87ea-3b9eb7a0b48e|rpc:10.1.0.30:15014|admin:10.1.0.30:15013|client:10.1.0.30:15012|dataStream:10.1.0.30:15015|priority:1|startupRole:FOLLOWER]|listeners:[], old=null
2023-09-29 09:13:08,474 [grpc-default-executor-1] INFO  server.RaftServer$Division (RaftServerImpl.java:requestVote(1302)) - 2a19af63-c44c-4b61-8149-4383770f1009@group-79D0840543AE: receive requestVote(PRE_VOTE, 808e3967-7510-49b7-87ea-3b9eb7a0b48e, group-79D0840543AE, 0, (t:0, i:0))
2023-09-29 09:13:08,476 [grpc-default-executor-1] INFO  impl.VoteContext (VoteContext.java:log(49)) - 2a19af63-c44c-4b61-8149-4383770f1009@group-79D0840543AE-FOLLOWER: accept PRE_VOTE from 808e3967-7510-49b7-87ea-3b9eb7a0b48e: our priority 0 <= candidate's priority 1
2023-09-29 09:13:08,477 [grpc-default-executor-1] INFO  server.RaftServer$Division (RaftServerImpl.java:requestVote(1335)) - 2a19af63-c44c-4b61-8149-4383770f1009@group-79D0840543AE replies to PRE_VOTE vote request: 808e3967-7510-49b7-87ea-3b9eb7a0b48e<-2a19af63-c44c-4b61-8149-4383770f1009#0:OK-t0. Peer's state: 2a19af63-c44c-4b61-8149-4383770f1009@group-79D0840543AE:t0, leader=null, voted=, raftlog=Memoized:2a19af63-c44c-4b61-8149-4383770f1009@group-79D0840543AE-SegmentedRaftLog:OPENED:c-1, conf=-1: peers:[2a19af63-c44c-4b61-8149-4383770f1009|rpc:10.1.0.30:15032|admin:10.1.0.30:15031|client:10.1.0.30:15030|dataStream:10.1.0.30:15033|priority:0|startupRole:FOLLOWER, f9652e80-d58c-49ab-ab0e-27e6fff13d69|rpc:10.1.0.30:15023|admin:10.1.0.30:15022|client:10.1.0.30:15021|dataStream:10.1.0.30:15024|priority:0|startupRole:FOLLOWER, 808e3967-7510-49b7-87ea-3b9eb7a0b48e|rpc:10.1.0.30:15014|admin:10.1.0.30:15013|client:10.1.0.30:15012|dataStream:10.1.0.30:15015|priority:1|startupRole:FOLLOWER]|listeners:[], old=null
2023-09-29 09:13:08,479 [808e3967-7510-49b7-87ea-3b9eb7a0b48e@group-79D0840543AE-LeaderElection7] INFO  impl.LeaderElection (LeaderElection.java:logAndReturn(90)) - 808e3967-7510-49b7-87ea-3b9eb7a0b48e@group-79D0840543AE-LeaderElection7: PRE_VOTE PASSED received 1 response(s) and 0 exception(s):
2023-09-29 09:13:08,485 [808e3967-7510-49b7-87ea-3b9eb7a0b48e@group-79D0840543AE-LeaderElection7] INFO  impl.LeaderElection (LeaderElection.java:logAndReturn(94)) -   Response 0: 808e3967-7510-49b7-87ea-3b9eb7a0b48e<-f9652e80-d58c-49ab-ab0e-27e6fff13d69#0:OK-t0
2023-09-29 09:13:08,485 [808e3967-7510-49b7-87ea-3b9eb7a0b48e@group-79D0840543AE-LeaderElection7] INFO  impl.LeaderElection (LeaderElection.java:askForVotes(323)) - 808e3967-7510-49b7-87ea-3b9eb7a0b48e@group-79D0840543AE-LeaderElection7 PRE_VOTE round 0: result PASSED
2023-09-29 09:13:08,487 [808e3967-7510-49b7-87ea-3b9eb7a0b48e@group-79D0840543AE-LeaderElection7] INFO  impl.LeaderElection (LeaderElection.java:askForVotes(321)) - 808e3967-7510-49b7-87ea-3b9eb7a0b48e@group-79D0840543AE-LeaderElection7 ELECTION round 0: submit vote requests at term 1 for -1: peers:[2a19af63-c44c-4b61-8149-4383770f1009|rpc:10.1.0.30:15032|admin:10.1.0.30:15031|client:10.1.0.30:15030|dataStream:10.1.0.30:15033|priority:0|startupRole:FOLLOWER, f9652e80-d58c-49ab-ab0e-27e6fff13d69|rpc:10.1.0.30:15023|admin:10.1.0.30:15022|client:10.1.0.30:15021|dataStream:10.1.0.30:15024|priority:0|startupRole:FOLLOWER, 808e3967-7510-49b7-87ea-3b9eb7a0b48e|rpc:10.1.0.30:15014|admin:10.1.0.30:15013|client:10.1.0.30:15012|dataStream:10.1.0.30:15015|priority:1|startupRole:FOLLOWER]|listeners:[], old=null
2023-09-29 09:13:08,499 [grpc-default-executor-1] INFO  server.RaftServer$Division (RaftServerImpl.java:requestVote(1302)) - 2a19af63-c44c-4b61-8149-4383770f1009@group-79D0840543AE: receive requestVote(ELECTION, 808e3967-7510-49b7-87ea-3b9eb7a0b48e, group-79D0840543AE, 1, (t:0, i:0))
2023-09-29 09:13:08,502 [grpc-default-executor-1] INFO  impl.VoteContext (VoteContext.java:log(49)) - 2a19af63-c44c-4b61-8149-4383770f1009@group-79D0840543AE-FOLLOWER: accept ELECTION from 808e3967-7510-49b7-87ea-3b9eb7a0b48e: our priority 0 <= candidate's priority 1
2023-09-29 09:13:08,502 [grpc-default-executor-1] INFO  server.RaftServer$Division (RaftServerImpl.java:setRole(329)) - 2a19af63-c44c-4b61-8149-4383770f1009@group-79D0840543AE: changes role from  FOLLOWER to FOLLOWER at term 1 for candidate:808e3967-7510-49b7-87ea-3b9eb7a0b48e
2023-09-29 09:13:08,502 [grpc-default-executor-1] INFO  impl.RoleInfo (RoleInfo.java:shutdownFollowerState(110)) - 2a19af63-c44c-4b61-8149-4383770f1009: shutdown 2a19af63-c44c-4b61-8149-4383770f1009@group-79D0840543AE-FollowerState
2023-09-29 09:13:08,504 [2a19af63-c44c-4b61-8149-4383770f1009@group-79D0840543AE-FollowerState] INFO  impl.FollowerState (FollowerState.java:run(152)) - 2a19af63-c44c-4b61-8149-4383770f1009@group-79D0840543AE-FollowerState was interrupted
2023-09-29 09:13:08,504 [808e3967-7510-49b7-87ea-3b9eb7a0b48e@group-79D0840543AE-LeaderElection7] INFO  server.RaftServerConfigKeys (ConfUtils.java:logFallback(53)) - raft.server.rpc.first-election.timeout.min = 5s (fallback to raft.server.rpc.timeout.min)
2023-09-29 09:13:08,504 [808e3967-7510-49b7-87ea-3b9eb7a0b48e@group-79D0840543AE-LeaderElection7] INFO  server.RaftServerConfigKeys (ConfUtils.java:logFallback(53)) - raft.server.rpc.first-election.timeout.max = 5200ms (fallback to raft.server.rpc.timeout.max)
2023-09-29 09:13:08,507 [grpc-default-executor-1] INFO  impl.RoleInfo (RoleInfo.java:updateAndGet(139)) - 2a19af63-c44c-4b61-8149-4383770f1009: start 2a19af63-c44c-4b61-8149-4383770f1009@group-79D0840543AE-FollowerState
2023-09-29 09:13:08,518 [grpc-default-executor-2] INFO  server.RaftServer$Division (RaftServerImpl.java:requestVote(1302)) - f9652e80-d58c-49ab-ab0e-27e6fff13d69@group-79D0840543AE: receive requestVote(ELECTION, 808e3967-7510-49b7-87ea-3b9eb7a0b48e, group-79D0840543AE, 1, (t:0, i:0))
2023-09-29 09:13:08,518 [grpc-default-executor-2] INFO  impl.VoteContext (VoteContext.java:log(49)) - f9652e80-d58c-49ab-ab0e-27e6fff13d69@group-79D0840543AE-FOLLOWER: accept ELECTION from 808e3967-7510-49b7-87ea-3b9eb7a0b48e: our priority 0 <= candidate's priority 1
2023-09-29 09:13:08,518 [grpc-default-executor-2] INFO  server.RaftServer$Division (RaftServerImpl.java:setRole(329)) - f9652e80-d58c-49ab-ab0e-27e6fff13d69@group-79D0840543AE: changes role from  FOLLOWER to FOLLOWER at term 1 for candidate:808e3967-7510-49b7-87ea-3b9eb7a0b48e
2023-09-29 09:13:08,518 [grpc-default-executor-2] INFO  impl.RoleInfo (RoleInfo.java:shutdownFollowerState(110)) - f9652e80-d58c-49ab-ab0e-27e6fff13d69: shutdown f9652e80-d58c-49ab-ab0e-27e6fff13d69@group-79D0840543AE-FollowerState
2023-09-29 09:13:08,518 [f9652e80-d58c-49ab-ab0e-27e6fff13d69@group-79D0840543AE-FollowerState] INFO  impl.FollowerState (FollowerState.java:run(152)) - f9652e80-d58c-49ab-ab0e-27e6fff13d69@group-79D0840543AE-FollowerState was interrupted
2023-09-29 09:13:08,519 [grpc-default-executor-2] INFO  impl.RoleInfo (RoleInfo.java:updateAndGet(139)) - f9652e80-d58c-49ab-ab0e-27e6fff13d69: start f9652e80-d58c-49ab-ab0e-27e6fff13d69@group-79D0840543AE-FollowerState
2023-09-29 09:13:08,520 [grpc-default-executor-2] INFO  server.RaftServer$Division (RaftServerImpl.java:requestVote(1335)) - f9652e80-d58c-49ab-ab0e-27e6fff13d69@group-79D0840543AE replies to ELECTION vote request: 808e3967-7510-49b7-87ea-3b9eb7a0b48e<-f9652e80-d58c-49ab-ab0e-27e6fff13d69#0:OK-t1. Peer's state: f9652e80-d58c-49ab-ab0e-27e6fff13d69@group-79D0840543AE:t1, leader=null, voted=808e3967-7510-49b7-87ea-3b9eb7a0b48e, raftlog=Memoized:f9652e80-d58c-49ab-ab0e-27e6fff13d69@group-79D0840543AE-SegmentedRaftLog:OPENED:c-1, conf=-1: peers:[2a19af63-c44c-4b61-8149-4383770f1009|rpc:10.1.0.30:15032|admin:10.1.0.30:15031|client:10.1.0.30:15030|dataStream:10.1.0.30:15033|priority:0|startupRole:FOLLOWER, f9652e80-d58c-49ab-ab0e-27e6fff13d69|rpc:10.1.0.30:15023|admin:10.1.0.30:15022|client:10.1.0.30:15021|dataStream:10.1.0.30:15024|priority:0|startupRole:FOLLOWER, 808e3967-7510-49b7-87ea-3b9eb7a0b48e|rpc:10.1.0.30:15014|admin:10.1.0.30:15013|client:10.1.0.30:15012|dataStream:10.1.0.30:15015|priority:1|startupRole:FOLLOWER]|listeners:[], old=null
2023-09-29 09:13:08,522 [808e3967-7510-49b7-87ea-3b9eb7a0b48e@group-79D0840543AE-LeaderElection7] INFO  impl.LeaderElection (LeaderElection.java:logAndReturn(90)) - 808e3967-7510-49b7-87ea-3b9eb7a0b48e@group-79D0840543AE-LeaderElection7: ELECTION PASSED received 1 response(s) and 0 exception(s):
2023-09-29 09:13:08,522 [808e3967-7510-49b7-87ea-3b9eb7a0b48e@group-79D0840543AE-LeaderElection7] INFO  impl.LeaderElection (LeaderElection.java:logAndReturn(94)) -   Response 0: 808e3967-7510-49b7-87ea-3b9eb7a0b48e<-f9652e80-d58c-49ab-ab0e-27e6fff13d69#0:OK-t1
2023-09-29 09:13:08,522 [808e3967-7510-49b7-87ea-3b9eb7a0b48e@group-79D0840543AE-LeaderElection7] INFO  impl.LeaderElection (LeaderElection.java:askForVotes(323)) - 808e3967-7510-49b7-87ea-3b9eb7a0b48e@group-79D0840543AE-LeaderElection7 ELECTION round 0: result PASSED
2023-09-29 09:13:08,522 [808e3967-7510-49b7-87ea-3b9eb7a0b48e@group-79D0840543AE-LeaderElection7] INFO  impl.RoleInfo (RoleInfo.java:shutdownLeaderElection(130)) - 808e3967-7510-49b7-87ea-3b9eb7a0b48e: shutdown 808e3967-7510-49b7-87ea-3b9eb7a0b48e@group-79D0840543AE-LeaderElection7
2023-09-29 09:13:08,522 [808e3967-7510-49b7-87ea-3b9eb7a0b48e@group-79D0840543AE-LeaderElection7] INFO  server.RaftServer$Division (RaftServerImpl.java:setRole(329)) - 808e3967-7510-49b7-87ea-3b9eb7a0b48e@group-79D0840543AE: changes role from CANDIDATE to LEADER at term 1 for changeToLeader
2023-09-29 09:13:08,523 [808e3967-7510-49b7-87ea-3b9eb7a0b48e@group-79D0840543AE-LeaderElection7] INFO  ratis.XceiverServerRatis (XceiverServerRatis.java:handleLeaderChangedNotification(902)) - Leader change notification received for group: group-79D0840543AE with new leaderId: 808e3967-7510-49b7-87ea-3b9eb7a0b48e
2023-09-29 09:13:08,523 [808e3967-7510-49b7-87ea-3b9eb7a0b48e@group-79D0840543AE-LeaderElection7] INFO  server.RaftServer$Division (ServerState.java:setLeader(317)) - 808e3967-7510-49b7-87ea-3b9eb7a0b48e@group-79D0840543AE: change Leader from null to 808e3967-7510-49b7-87ea-3b9eb7a0b48e at term 1 for becomeLeader, leader elected after 5521ms
2023-09-29 09:13:08,523 [808e3967-7510-49b7-87ea-3b9eb7a0b48e@group-79D0840543AE-LeaderElection7] INFO  server.RaftServerConfigKeys (ConfUtils.java:logGet(46)) - raft.server.staging.catchup.gap = 1000 (default)
2023-09-29 09:13:08,523 [808e3967-7510-49b7-87ea-3b9eb7a0b48e@group-79D0840543AE-LeaderElection7] INFO  server.RaftServerConfigKeys (ConfUtils.java:logGet(46)) - raft.server.write.element-limit = 1024 (custom)
2023-09-29 09:13:08,523 [808e3967-7510-49b7-87ea-3b9eb7a0b48e@group-79D0840543AE-LeaderElection7] INFO  server.RaftServerConfigKeys (ConfUtils.java:logGet(46)) - raft.server.write.byte-limit = 1024 M (=1073741824) (custom)
2023-09-29 09:13:08,524 [808e3967-7510-49b7-87ea-3b9eb7a0b48e@group-79D0840543AE-LeaderElection7] INFO  server.RaftServerConfigKeys (ConfUtils.java:logGet(46)) - raft.server.watch.timeout = 180s (custom)
2023-09-29 09:13:08,524 [808e3967-7510-49b7-87ea-3b9eb7a0b48e@group-79D0840543AE-LeaderElection7] INFO  server.RaftServerConfigKeys (ConfUtils.java:logGet(46)) - raft.server.watch.timeout.denomination = 1s (default)
2023-09-29 09:13:08,524 [808e3967-7510-49b7-87ea-3b9eb7a0b48e@group-79D0840543AE-LeaderElection7] INFO  server.RaftServerConfigKeys (ConfUtils.java:logGet(46)) - raft.server.watch.element-limit = 65536 (default)
2023-09-29 09:13:08,524 [808e3967-7510-49b7-87ea-3b9eb7a0b48e@group-79D0840543AE-LeaderElection7] INFO  server.RaftServerConfigKeys (ConfUtils.java:logGet(46)) - raft.server.write.element-limit = 1024 (custom)
2023-09-29 09:13:08,524 [808e3967-7510-49b7-87ea-3b9eb7a0b48e@group-79D0840543AE-LeaderElection7] INFO  server.RaftServerConfigKeys (ConfUtils.java:logGet(46)) - raft.server.write.follower.gap.ratio.max = -1.0 (default)
2023-09-29 09:13:08,525 [808e3967-7510-49b7-87ea-3b9eb7a0b48e@group-79D0840543AE-LeaderElection7] INFO  server.RaftServerConfigKeys (ConfUtils.java:logGet(46)) - raft.server.log.appender.snapshot.chunk.size.max = 16MB (=16777216) (default)
2023-09-29 09:13:08,525 [808e3967-7510-49b7-87ea-3b9eb7a0b48e@group-79D0840543AE-LeaderElection7] INFO  server.RaftServerConfigKeys (ConfUtils.java:logGet(46)) - raft.server.log.appender.buffer.byte-limit = 33554432 (custom)
2023-09-29 09:13:08,525 [808e3967-7510-49b7-87ea-3b9eb7a0b48e@group-79D0840543AE-LeaderElection7] INFO  server.RaftServerConfigKeys (ConfUtils.java:logGet(46)) - raft.server.log.appender.buffer.element-limit = 1 (custom)
2023-09-29 09:13:08,525 [808e3967-7510-49b7-87ea-3b9eb7a0b48e@group-79D0840543AE-LeaderElection7] INFO  server.RaftServerConfigKeys (ConfUtils.java:logGet(46)) - raft.server.log.appender.wait-time.min = 10ms (default)
2023-09-29 09:13:08,528 [grpc-default-executor-1] INFO  server.RaftServer$Division (RaftServerImpl.java:requestVote(1335)) - 2a19af63-c44c-4b61-8149-4383770f1009@group-79D0840543AE replies to ELECTION vote request: 808e3967-7510-49b7-87ea-3b9eb7a0b48e<-2a19af63-c44c-4b61-8149-4383770f1009#0:OK-t1. Peer's state: 2a19af63-c44c-4b61-8149-4383770f1009@group-79D0840543AE:t1, leader=null, voted=808e3967-7510-49b7-87ea-3b9eb7a0b48e, raftlog=Memoized:2a19af63-c44c-4b61-8149-4383770f1009@group-79D0840543AE-SegmentedRaftLog:OPENED:c-1, conf=-1: peers:[2a19af63-c44c-4b61-8149-4383770f1009|rpc:10.1.0.30:15032|admin:10.1.0.30:15031|client:10.1.0.30:15030|dataStream:10.1.0.30:15033|priority:0|startupRole:FOLLOWER, f9652e80-d58c-49ab-ab0e-27e6fff13d69|rpc:10.1.0.30:15023|admin:10.1.0.30:15022|client:10.1.0.30:15021|dataStream:10.1.0.30:15024|priority:0|startupRole:FOLLOWER, 808e3967-7510-49b7-87ea-3b9eb7a0b48e|rpc:10.1.0.30:15014|admin:10.1.0.30:15013|client:10.1.0.30:15012|dataStream:10.1.0.30:15015|priority:1|startupRole:FOLLOWER]|listeners:[], old=null
2023-09-29 09:13:08,525 [808e3967-7510-49b7-87ea-3b9eb7a0b48e@group-79D0840543AE-LeaderElection7] INFO  grpc.GrpcConfigKeys (ConfUtils.java:logGet(46)) - raft.grpc.server.leader.outstanding.appends.max = 128 (default)
2023-09-29 09:13:08,538 [808e3967-7510-49b7-87ea-3b9eb7a0b48e@group-79D0840543AE-LeaderElection7] INFO  server.RaftServerConfigKeys (ConfUtils.java:logGet(46)) - raft.server.rpc.request.timeout = 60s (custom)
2023-09-29 09:13:08,538 [808e3967-7510-49b7-87ea-3b9eb7a0b48e@group-79D0840543AE-LeaderElection7] INFO  grpc.GrpcConfigKeys (ConfUtils.java:logGet(46)) - raft.grpc.server.install_snapshot.request.element-limit = 8 (default)
2023-09-29 09:13:08,538 [808e3967-7510-49b7-87ea-3b9eb7a0b48e@group-79D0840543AE-LeaderElection7] INFO  grpc.GrpcConfigKeys (ConfUtils.java:logGet(46)) - raft.grpc.server.install_snapshot.request.timeout = 3000ms (default)
2023-09-29 09:13:08,538 [808e3967-7510-49b7-87ea-3b9eb7a0b48e@group-79D0840543AE-LeaderElection7] INFO  server.RaftServerConfigKeys (ConfUtils.java:logGet(46)) - raft.server.log.appender.install.snapshot.enabled = false (custom)
2023-09-29 09:13:08,538 [808e3967-7510-49b7-87ea-3b9eb7a0b48e@group-79D0840543AE-LeaderElection7] INFO  grpc.GrpcConfigKeys (ConfUtils.java:logGet(46)) - raft.grpc.server.heartbeat.channel = true (default)
2023-09-29 09:13:08,539 [808e3967-7510-49b7-87ea-3b9eb7a0b48e@group-79D0840543AE-LeaderElection7] INFO  server.RaftServerConfigKeys (ConfUtils.java:logGet(46)) - raft.server.log.appender.snapshot.chunk.size.max = 16MB (=16777216) (default)
2023-09-29 09:13:08,539 [808e3967-7510-49b7-87ea-3b9eb7a0b48e@group-79D0840543AE-LeaderElection7] INFO  server.RaftServerConfigKeys (ConfUtils.java:logGet(46)) - raft.server.log.appender.buffer.byte-limit = 33554432 (custom)
2023-09-29 09:13:08,539 [808e3967-7510-49b7-87ea-3b9eb7a0b48e@group-79D0840543AE-LeaderElection7] INFO  server.RaftServerConfigKeys (ConfUtils.java:logGet(46)) - raft.server.log.appender.buffer.element-limit = 1 (custom)
2023-09-29 09:13:08,539 [808e3967-7510-49b7-87ea-3b9eb7a0b48e@group-79D0840543AE-LeaderElection7] INFO  server.RaftServerConfigKeys (ConfUtils.java:logGet(46)) - raft.server.log.appender.wait-time.min = 10ms (default)
2023-09-29 09:13:08,539 [808e3967-7510-49b7-87ea-3b9eb7a0b48e@group-79D0840543AE-LeaderElection7] INFO  grpc.GrpcConfigKeys (ConfUtils.java:logGet(46)) - raft.grpc.server.leader.outstanding.appends.max = 128 (default)
2023-09-29 09:13:08,540 [808e3967-7510-49b7-87ea-3b9eb7a0b48e@group-79D0840543AE-LeaderElection7] INFO  server.RaftServerConfigKeys (ConfUtils.java:logGet(46)) - raft.server.rpc.request.timeout = 60s (custom)
2023-09-29 09:13:08,540 [808e3967-7510-49b7-87ea-3b9eb7a0b48e@group-79D0840543AE-LeaderElection7] INFO  grpc.GrpcConfigKeys (ConfUtils.java:logGet(46)) - raft.grpc.server.install_snapshot.request.element-limit = 8 (default)
2023-09-29 09:13:08,540 [808e3967-7510-49b7-87ea-3b9eb7a0b48e@group-79D0840543AE-LeaderElection7] INFO  grpc.GrpcConfigKeys (ConfUtils.java:logGet(46)) - raft.grpc.server.install_snapshot.request.timeout = 3000ms (default)
2023-09-29 09:13:08,540 [808e3967-7510-49b7-87ea-3b9eb7a0b48e@group-79D0840543AE-LeaderElection7] INFO  server.RaftServerConfigKeys (ConfUtils.java:logGet(46)) - raft.server.log.appender.install.snapshot.enabled = false (custom)
2023-09-29 09:13:08,540 [808e3967-7510-49b7-87ea-3b9eb7a0b48e@group-79D0840543AE-LeaderElection7] INFO  grpc.GrpcConfigKeys (ConfUtils.java:logGet(46)) - raft.grpc.server.heartbeat.channel = true (default)
2023-09-29 09:13:08,540 [808e3967-7510-49b7-87ea-3b9eb7a0b48e@group-79D0840543AE-LeaderElection7] INFO  impl.RoleInfo (RoleInfo.java:updateAndGet(139)) - 808e3967-7510-49b7-87ea-3b9eb7a0b48e: start 808e3967-7510-49b7-87ea-3b9eb7a0b48e@group-79D0840543AE-LeaderStateImpl
2023-09-29 09:13:08,541 [808e3967-7510-49b7-87ea-3b9eb7a0b48e@group-79D0840543AE-LeaderElection7] INFO  segmented.SegmentedRaftLogWorker (SegmentedRaftLogWorker.java:startLogSegment(447)) - 808e3967-7510-49b7-87ea-3b9eb7a0b48e@group-79D0840543AE-SegmentedRaftLogWorker: Starting segment from index:0
2023-09-29 09:13:08,543 [808e3967-7510-49b7-87ea-3b9eb7a0b48e@group-79D0840543AE-SegmentedRaftLogWorker] INFO  segmented.SegmentedRaftLogWorker (SegmentedRaftLogWorker.java:execute(651)) - 808e3967-7510-49b7-87ea-3b9eb7a0b48e@group-79D0840543AE-SegmentedRaftLogWorker: created new log segment /home/runner/work/ozone/ozone/hadoop-ozone/integration-test/target/test-dir/MiniOzoneClusterImpl-2a0ec25a-3990-4628-8b93-857bbff79694/datanode-0/data/ratis/2272ba57-cbf2-4b0e-b784-79d0840543ae/current/log_inprogress_0
2023-09-29 09:13:08,577 [808e3967-7510-49b7-87ea-3b9eb7a0b48e@group-79D0840543AE-LeaderElection7] INFO  server.RaftServer$Division (ServerState.java:setRaftConf(434)) - 808e3967-7510-49b7-87ea-3b9eb7a0b48e@group-79D0840543AE: set configuration 0: peers:[2a19af63-c44c-4b61-8149-4383770f1009|rpc:10.1.0.30:15032|admin:10.1.0.30:15031|client:10.1.0.30:15030|dataStream:10.1.0.30:15033|priority:0|startupRole:FOLLOWER, f9652e80-d58c-49ab-ab0e-27e6fff13d69|rpc:10.1.0.30:15023|admin:10.1.0.30:15022|client:10.1.0.30:15021|dataStream:10.1.0.30:15024|priority:0|startupRole:FOLLOWER, 808e3967-7510-49b7-87ea-3b9eb7a0b48e|rpc:10.1.0.30:15014|admin:10.1.0.30:15013|client:10.1.0.30:15012|dataStream:10.1.0.30:15015|priority:1|startupRole:FOLLOWER]|listeners:[], old=null
2023-09-29 09:13:08,606 [2a19af63-c44c-4b61-8149-4383770f1009-server-thread2] INFO  ratis.XceiverServerRatis (XceiverServerRatis.java:handleLeaderChangedNotification(902)) - Leader change notification received for group: group-79D0840543AE with new leaderId: 808e3967-7510-49b7-87ea-3b9eb7a0b48e
2023-09-29 09:13:08,607 [2a19af63-c44c-4b61-8149-4383770f1009-server-thread2] INFO  server.RaftServer$Division (ServerState.java:setLeader(317)) - 2a19af63-c44c-4b61-8149-4383770f1009@group-79D0840543AE: change Leader from null to 808e3967-7510-49b7-87ea-3b9eb7a0b48e at term 1 for appendEntries, leader elected after 5600ms
2023-09-29 09:13:08,607 [f9652e80-d58c-49ab-ab0e-27e6fff13d69-server-thread2] INFO  ratis.XceiverServerRatis (XceiverServerRatis.java:handleLeaderChangedNotification(902)) - Leader change notification received for group: group-79D0840543AE with new leaderId: 808e3967-7510-49b7-87ea-3b9eb7a0b48e
2023-09-29 09:13:08,607 [f9652e80-d58c-49ab-ab0e-27e6fff13d69-server-thread2] INFO  server.RaftServer$Division (ServerState.java:setLeader(317)) - f9652e80-d58c-49ab-ab0e-27e6fff13d69@group-79D0840543AE: change Leader from null to 808e3967-7510-49b7-87ea-3b9eb7a0b48e at term 1 for appendEntries, leader elected after 5607ms
2023-09-29 09:13:08,618 [a6468106-3f01-4ed8-9704-c326dd06b734@group-B15112C7AE0F-FollowerState] INFO  impl.FollowerState (FollowerState.java:run(143)) - a6468106-3f01-4ed8-9704-c326dd06b734@group-B15112C7AE0F-FollowerState: change to CANDIDATE, lastRpcElapsedTime:5179181588ns, electionTimeout:5139ms
2023-09-29 09:13:08,618 [a6468106-3f01-4ed8-9704-c326dd06b734@group-B15112C7AE0F-FollowerState] INFO  impl.RoleInfo (RoleInfo.java:shutdownFollowerState(110)) - a6468106-3f01-4ed8-9704-c326dd06b734: shutdown a6468106-3f01-4ed8-9704-c326dd06b734@group-B15112C7AE0F-FollowerState
2023-09-29 09:13:08,618 [a6468106-3f01-4ed8-9704-c326dd06b734@group-B15112C7AE0F-FollowerState] INFO  server.RaftServer$Division (RaftServerImpl.java:setRole(329)) - a6468106-3f01-4ed8-9704-c326dd06b734@group-B15112C7AE0F: changes role from  FOLLOWER to CANDIDATE at term 0 for changeToCandidate
2023-09-29 09:13:08,650 [f9652e80-d58c-49ab-ab0e-27e6fff13d69-server-thread2] INFO  server.RaftServer$Division (ServerState.java:setRaftConf(434)) - f9652e80-d58c-49ab-ab0e-27e6fff13d69@group-79D0840543AE: set configuration 0: peers:[2a19af63-c44c-4b61-8149-4383770f1009|rpc:10.1.0.30:15032|admin:10.1.0.30:15031|client:10.1.0.30:15030|dataStream:10.1.0.30:15033|priority:0|startupRole:FOLLOWER, f9652e80-d58c-49ab-ab0e-27e6fff13d69|rpc:10.1.0.30:15023|admin:10.1.0.30:15022|client:10.1.0.30:15021|dataStream:10.1.0.30:15024|priority:0|startupRole:FOLLOWER, 808e3967-7510-49b7-87ea-3b9eb7a0b48e|rpc:10.1.0.30:15014|admin:10.1.0.30:15013|client:10.1.0.30:15012|dataStream:10.1.0.30:15015|priority:1|startupRole:FOLLOWER]|listeners:[], old=null
2023-09-29 09:13:08,650 [f9652e80-d58c-49ab-ab0e-27e6fff13d69-server-thread2] INFO  segmented.SegmentedRaftLogWorker (SegmentedRaftLogWorker.java:startLogSegment(447)) - f9652e80-d58c-49ab-ab0e-27e6fff13d69@group-79D0840543AE-SegmentedRaftLogWorker: Starting segment from index:0
2023-09-29 09:13:08,651 [a6468106-3f01-4ed8-9704-c326dd06b734@group-B15112C7AE0F-FollowerState] INFO  server.RaftServerConfigKeys (ConfUtils.java:logGet(46)) - raft.server.leaderelection.pre-vote = true (default)
2023-09-29 09:13:08,651 [a6468106-3f01-4ed8-9704-c326dd06b734@group-B15112C7AE0F-FollowerState] INFO  impl.RoleInfo (RoleInfo.java:updateAndGet(139)) - a6468106-3f01-4ed8-9704-c326dd06b734: start a6468106-3f01-4ed8-9704-c326dd06b734@group-B15112C7AE0F-LeaderElection8
2023-09-29 09:13:08,656 [2a19af63-c44c-4b61-8149-4383770f1009-server-thread1] INFO  server.RaftServer$Division (ServerState.java:setRaftConf(434)) - 2a19af63-c44c-4b61-8149-4383770f1009@group-79D0840543AE: set configuration 0: peers:[2a19af63-c44c-4b61-8149-4383770f1009|rpc:10.1.0.30:15032|admin:10.1.0.30:15031|client:10.1.0.30:15030|dataStream:10.1.0.30:15033|priority:0|startupRole:FOLLOWER, f9652e80-d58c-49ab-ab0e-27e6fff13d69|rpc:10.1.0.30:15023|admin:10.1.0.30:15022|client:10.1.0.30:15021|dataStream:10.1.0.30:15024|priority:0|startupRole:FOLLOWER, 808e3967-7510-49b7-87ea-3b9eb7a0b48e|rpc:10.1.0.30:15014|admin:10.1.0.30:15013|client:10.1.0.30:15012|dataStream:10.1.0.30:15015|priority:1|startupRole:FOLLOWER]|listeners:[], old=null
2023-09-29 09:13:08,657 [2a19af63-c44c-4b61-8149-4383770f1009-server-thread1] INFO  segmented.SegmentedRaftLogWorker (SegmentedRaftLogWorker.java:startLogSegment(447)) - 2a19af63-c44c-4b61-8149-4383770f1009@group-79D0840543AE-SegmentedRaftLogWorker: Starting segment from index:0
2023-09-29 09:13:08,658 [EventQueue-PipelineReportForPipelineReportHandler] INFO  pipeline.PipelineReportHandler (PipelineReportHandler.java:processPipelineReport(136)) - Opened pipeline PipelineID=2272ba57-cbf2-4b0e-b784-79d0840543ae
2023-09-29 09:13:08,664 [f9652e80-d58c-49ab-ab0e-27e6fff13d69@group-79D0840543AE-SegmentedRaftLogWorker] INFO  segmented.SegmentedRaftLogWorker (SegmentedRaftLogWorker.java:execute(651)) - f9652e80-d58c-49ab-ab0e-27e6fff13d69@group-79D0840543AE-SegmentedRaftLogWorker: created new log segment /home/runner/work/ozone/ozone/hadoop-ozone/integration-test/target/test-dir/MiniOzoneClusterImpl-2a0ec25a-3990-4628-8b93-857bbff79694/datanode-1/data/ratis/2272ba57-cbf2-4b0e-b784-79d0840543ae/current/log_inprogress_0
2023-09-29 09:13:08,676 [2a19af63-c44c-4b61-8149-4383770f1009@group-79D0840543AE-SegmentedRaftLogWorker] INFO  segmented.SegmentedRaftLogWorker (SegmentedRaftLogWorker.java:execute(651)) - 2a19af63-c44c-4b61-8149-4383770f1009@group-79D0840543AE-SegmentedRaftLogWorker: created new log segment /home/runner/work/ozone/ozone/hadoop-ozone/integration-test/target/test-dir/MiniOzoneClusterImpl-2a0ec25a-3990-4628-8b93-857bbff79694/datanode-2/data/ratis/2272ba57-cbf2-4b0e-b784-79d0840543ae/current/log_inprogress_0
2023-09-29 09:13:08,703 [a6468106-3f01-4ed8-9704-c326dd06b734@group-B15112C7AE0F-LeaderElection8] INFO  impl.LeaderElection (LeaderElection.java:askForVotes(321)) - a6468106-3f01-4ed8-9704-c326dd06b734@group-B15112C7AE0F-LeaderElection8 PRE_VOTE round 0: submit vote requests at term 0 for -1: peers:[a6468106-3f01-4ed8-9704-c326dd06b734|rpc:10.1.0.30:15041|admin:10.1.0.30:15040|client:10.1.0.30:15039|dataStream:10.1.0.30:15042|priority:1|startupRole:FOLLOWER]|listeners:[], old=null
2023-09-29 09:13:08,703 [a6468106-3f01-4ed8-9704-c326dd06b734@group-B15112C7AE0F-LeaderElection8] INFO  impl.LeaderElection (LeaderElection.java:askForVotes(323)) - a6468106-3f01-4ed8-9704-c326dd06b734@group-B15112C7AE0F-LeaderElection8 PRE_VOTE round 0: result PASSED (term=0)
2023-09-29 09:13:08,710 [a6468106-3f01-4ed8-9704-c326dd06b734@group-B15112C7AE0F-LeaderElection8] INFO  impl.LeaderElection (LeaderElection.java:askForVotes(321)) - a6468106-3f01-4ed8-9704-c326dd06b734@group-B15112C7AE0F-LeaderElection8 ELECTION round 0: submit vote requests at term 1 for -1: peers:[a6468106-3f01-4ed8-9704-c326dd06b734|rpc:10.1.0.30:15041|admin:10.1.0.30:15040|client:10.1.0.30:15039|dataStream:10.1.0.30:15042|priority:1|startupRole:FOLLOWER]|listeners:[], old=null
2023-09-29 09:13:08,710 [a6468106-3f01-4ed8-9704-c326dd06b734@group-B15112C7AE0F-LeaderElection8] INFO  impl.LeaderElection (LeaderElection.java:askForVotes(323)) - a6468106-3f01-4ed8-9704-c326dd06b734@group-B15112C7AE0F-LeaderElection8 ELECTION round 0: result PASSED (term=1)
2023-09-29 09:13:08,710 [a6468106-3f01-4ed8-9704-c326dd06b734@group-B15112C7AE0F-LeaderElection8] INFO  impl.RoleInfo (RoleInfo.java:shutdownLeaderElection(130)) - a6468106-3f01-4ed8-9704-c326dd06b734: shutdown a6468106-3f01-4ed8-9704-c326dd06b734@group-B15112C7AE0F-LeaderElection8
2023-09-29 09:13:08,710 [a6468106-3f01-4ed8-9704-c326dd06b734@group-B15112C7AE0F-LeaderElection8] INFO  server.RaftServer$Division (RaftServerImpl.java:setRole(329)) - a6468106-3f01-4ed8-9704-c326dd06b734@group-B15112C7AE0F: changes role from CANDIDATE to LEADER at term 1 for changeToLeader
2023-09-29 09:13:08,711 [a6468106-3f01-4ed8-9704-c326dd06b734@group-B15112C7AE0F-LeaderElection8] INFO  ratis.XceiverServerRatis (XceiverServerRatis.java:handleLeaderChangedNotification(902)) - Leader change notification received for group: group-B15112C7AE0F with new leaderId: a6468106-3f01-4ed8-9704-c326dd06b734
2023-09-29 09:13:08,711 [a6468106-3f01-4ed8-9704-c326dd06b734@group-B15112C7AE0F-LeaderElection8] INFO  server.RaftServer$Division (ServerState.java:setLeader(317)) - a6468106-3f01-4ed8-9704-c326dd06b734@group-B15112C7AE0F: change Leader from null to a6468106-3f01-4ed8-9704-c326dd06b734 at term 1 for becomeLeader, leader elected after 5333ms
2023-09-29 09:13:08,711 [a6468106-3f01-4ed8-9704-c326dd06b734@group-B15112C7AE0F-LeaderElection8] INFO  server.RaftServerConfigKeys (ConfUtils.java:logGet(46)) - raft.server.staging.catchup.gap = 1000 (default)
2023-09-29 09:13:08,712 [a6468106-3f01-4ed8-9704-c326dd06b734@group-B15112C7AE0F-LeaderElection8] INFO  server.RaftServerConfigKeys (ConfUtils.java:logGet(46)) - raft.server.write.element-limit = 1024 (custom)
2023-09-29 09:13:08,712 [a6468106-3f01-4ed8-9704-c326dd06b734@group-B15112C7AE0F-LeaderElection8] INFO  server.RaftServerConfigKeys (ConfUtils.java:logGet(46)) - raft.server.write.byte-limit = 1024 M (=1073741824) (custom)
2023-09-29 09:13:08,715 [a6468106-3f01-4ed8-9704-c326dd06b734@group-B15112C7AE0F-LeaderElection8] INFO  server.RaftServerConfigKeys (ConfUtils.java:logGet(46)) - raft.server.watch.timeout = 180s (custom)
2023-09-29 09:13:08,715 [a6468106-3f01-4ed8-9704-c326dd06b734@group-B15112C7AE0F-LeaderElection8] INFO  server.RaftServerConfigKeys (ConfUtils.java:logGet(46)) - raft.server.watch.timeout.denomination = 1s (default)
2023-09-29 09:13:08,715 [a6468106-3f01-4ed8-9704-c326dd06b734@group-B15112C7AE0F-LeaderElection8] INFO  server.RaftServerConfigKeys (ConfUtils.java:logGet(46)) - raft.server.watch.element-limit = 65536 (default)
2023-09-29 09:13:08,715 [a6468106-3f01-4ed8-9704-c326dd06b734@group-B15112C7AE0F-LeaderElection8] INFO  server.RaftServerConfigKeys (ConfUtils.java:logGet(46)) - raft.server.write.element-limit = 1024 (custom)
2023-09-29 09:13:08,715 [a6468106-3f01-4ed8-9704-c326dd06b734@group-B15112C7AE0F-LeaderElection8] INFO  server.RaftServerConfigKeys (ConfUtils.java:logGet(46)) - raft.server.write.follower.gap.ratio.max = -1.0 (default)
2023-09-29 09:13:08,716 [a6468106-3f01-4ed8-9704-c326dd06b734@group-B15112C7AE0F-LeaderElection8] INFO  impl.RoleInfo (RoleInfo.java:updateAndGet(139)) - a6468106-3f01-4ed8-9704-c326dd06b734: start a6468106-3f01-4ed8-9704-c326dd06b734@group-B15112C7AE0F-LeaderStateImpl
2023-09-29 09:13:08,719 [a6468106-3f01-4ed8-9704-c326dd06b734@group-B15112C7AE0F-LeaderElection8] INFO  segmented.SegmentedRaftLogWorker (SegmentedRaftLogWorker.java:startLogSegment(447)) - a6468106-3f01-4ed8-9704-c326dd06b734@group-B15112C7AE0F-SegmentedRaftLogWorker: Starting segment from index:0
2023-09-29 09:13:08,721 [a6468106-3f01-4ed8-9704-c326dd06b734@group-B15112C7AE0F-SegmentedRaftLogWorker] INFO  segmented.SegmentedRaftLogWorker (SegmentedRaftLogWorker.java:execute(651)) - a6468106-3f01-4ed8-9704-c326dd06b734@group-B15112C7AE0F-SegmentedRaftLogWorker: created new log segment /home/runner/work/ozone/ozone/hadoop-ozone/integration-test/target/test-dir/MiniOzoneClusterImpl-2a0ec25a-3990-4628-8b93-857bbff79694/datanode-3/data/ratis/4e691c9a-a91a-4503-8247-b15112c7ae0f/current/log_inprogress_0
2023-09-29 09:13:08,746 [a6468106-3f01-4ed8-9704-c326dd06b734@group-B15112C7AE0F-LeaderElection8] INFO  server.RaftServer$Division (ServerState.java:setRaftConf(434)) - a6468106-3f01-4ed8-9704-c326dd06b734@group-B15112C7AE0F: set configuration 0: peers:[a6468106-3f01-4ed8-9704-c326dd06b734|rpc:10.1.0.30:15041|admin:10.1.0.30:15040|client:10.1.0.30:15039|dataStream:10.1.0.30:15042|priority:1|startupRole:FOLLOWER]|listeners:[], old=null
2023-09-29 09:13:08,829 [dd913d19-83ff-47ba-9363-dfe8430831a0@group-DE1D064B2062-FollowerState] INFO  impl.FollowerState (FollowerState.java:run(143)) - dd913d19-83ff-47ba-9363-dfe8430831a0@group-DE1D064B2062-FollowerState: change to CANDIDATE, lastRpcElapsedTime:5095584006ns, electionTimeout:5091ms
2023-09-29 09:13:08,830 [dd913d19-83ff-47ba-9363-dfe8430831a0@group-DE1D064B2062-FollowerState] INFO  impl.RoleInfo (RoleInfo.java:shutdownFollowerState(110)) - dd913d19-83ff-47ba-9363-dfe8430831a0: shutdown dd913d19-83ff-47ba-9363-dfe8430831a0@group-DE1D064B2062-FollowerState
2023-09-29 09:13:08,830 [dd913d19-83ff-47ba-9363-dfe8430831a0@group-DE1D064B2062-FollowerState] INFO  server.RaftServer$Division (RaftServerImpl.java:setRole(329)) - dd913d19-83ff-47ba-9363-dfe8430831a0@group-DE1D064B2062: changes role from  FOLLOWER to CANDIDATE at term 0 for changeToCandidate
2023-09-29 09:13:08,830 [dd913d19-83ff-47ba-9363-dfe8430831a0@group-DE1D064B2062-FollowerState] INFO  server.RaftServerConfigKeys (ConfUtils.java:logGet(46)) - raft.server.leaderelection.pre-vote = true (default)
2023-09-29 09:13:08,830 [dd913d19-83ff-47ba-9363-dfe8430831a0@group-DE1D064B2062-FollowerState] INFO  impl.RoleInfo (RoleInfo.java:updateAndGet(139)) - dd913d19-83ff-47ba-9363-dfe8430831a0: start dd913d19-83ff-47ba-9363-dfe8430831a0@group-DE1D064B2062-LeaderElection9
2023-09-29 09:13:08,851 [dd913d19-83ff-47ba-9363-dfe8430831a0@group-DE1D064B2062-LeaderElection9] INFO  impl.LeaderElection (LeaderElection.java:askForVotes(321)) - dd913d19-83ff-47ba-9363-dfe8430831a0@group-DE1D064B2062-LeaderElection9 PRE_VOTE round 0: submit vote requests at term 0 for -1: peers:[dd913d19-83ff-47ba-9363-dfe8430831a0|rpc:10.1.0.30:15050|admin:10.1.0.30:15049|client:10.1.0.30:15048|dataStream:10.1.0.30:15051|priority:1|startupRole:FOLLOWER]|listeners:[], old=null
2023-09-29 09:13:08,851 [dd913d19-83ff-47ba-9363-dfe8430831a0@group-DE1D064B2062-LeaderElection9] INFO  impl.LeaderElection (LeaderElection.java:askForVotes(323)) - dd913d19-83ff-47ba-9363-dfe8430831a0@group-DE1D064B2062-LeaderElection9 PRE_VOTE round 0: result PASSED (term=0)
2023-09-29 09:13:08,853 [dd913d19-83ff-47ba-9363-dfe8430831a0@group-DE1D064B2062-LeaderElection9] INFO  impl.LeaderElection (LeaderElection.java:askForVotes(321)) - dd913d19-83ff-47ba-9363-dfe8430831a0@group-DE1D064B2062-LeaderElection9 ELECTION round 0: submit vote requests at term 1 for -1: peers:[dd913d19-83ff-47ba-9363-dfe8430831a0|rpc:10.1.0.30:15050|admin:10.1.0.30:15049|client:10.1.0.30:15048|dataStream:10.1.0.30:15051|priority:1|startupRole:FOLLOWER]|listeners:[], old=null
2023-09-29 09:13:08,853 [dd913d19-83ff-47ba-9363-dfe8430831a0@group-DE1D064B2062-LeaderElection9] INFO  impl.LeaderElection (LeaderElection.java:askForVotes(323)) - dd913d19-83ff-47ba-9363-dfe8430831a0@group-DE1D064B2062-LeaderElection9 ELECTION round 0: result PASSED (term=1)
2023-09-29 09:13:08,853 [dd913d19-83ff-47ba-9363-dfe8430831a0@group-DE1D064B2062-LeaderElection9] INFO  impl.RoleInfo (RoleInfo.java:shutdownLeaderElection(130)) - dd913d19-83ff-47ba-9363-dfe8430831a0: shutdown dd913d19-83ff-47ba-9363-dfe8430831a0@group-DE1D064B2062-LeaderElection9
2023-09-29 09:13:08,853 [dd913d19-83ff-47ba-9363-dfe8430831a0@group-DE1D064B2062-LeaderElection9] INFO  server.RaftServer$Division (RaftServerImpl.java:setRole(329)) - dd913d19-83ff-47ba-9363-dfe8430831a0@group-DE1D064B2062: changes role from CANDIDATE to LEADER at term 1 for changeToLeader
2023-09-29 09:13:08,853 [dd913d19-83ff-47ba-9363-dfe8430831a0@group-DE1D064B2062-LeaderElection9] INFO  ratis.XceiverServerRatis (XceiverServerRatis.java:handleLeaderChangedNotification(902)) - Leader change notification received for group: group-DE1D064B2062 with new leaderId: dd913d19-83ff-47ba-9363-dfe8430831a0
2023-09-29 09:13:08,853 [dd913d19-83ff-47ba-9363-dfe8430831a0@group-DE1D064B2062-LeaderElection9] INFO  server.RaftServer$Division (ServerState.java:setLeader(317)) - dd913d19-83ff-47ba-9363-dfe8430831a0@group-DE1D064B2062: change Leader from null to dd913d19-83ff-47ba-9363-dfe8430831a0 at term 1 for becomeLeader, leader elected after 5148ms
2023-09-29 09:13:08,855 [dd913d19-83ff-47ba-9363-dfe8430831a0@group-DE1D064B2062-LeaderElection9] INFO  server.RaftServerConfigKeys (ConfUtils.java:logGet(46)) - raft.server.staging.catchup.gap = 1000 (default)
2023-09-29 09:13:08,855 [dd913d19-83ff-47ba-9363-dfe8430831a0@group-DE1D064B2062-LeaderElection9] INFO  server.RaftServerConfigKeys (ConfUtils.java:logGet(46)) - raft.server.write.element-limit = 1024 (custom)
2023-09-29 09:13:08,855 [dd913d19-83ff-47ba-9363-dfe8430831a0@group-DE1D064B2062-LeaderElection9] INFO  server.RaftServerConfigKeys (ConfUtils.java:logGet(46)) - raft.server.write.byte-limit = 1024 M (=1073741824) (custom)
2023-09-29 09:13:08,856 [dd913d19-83ff-47ba-9363-dfe8430831a0@group-DE1D064B2062-LeaderElection9] INFO  server.RaftServerConfigKeys (ConfUtils.java:logGet(46)) - raft.server.watch.timeout = 180s (custom)
2023-09-29 09:13:08,856 [dd913d19-83ff-47ba-9363-dfe8430831a0@group-DE1D064B2062-LeaderElection9] INFO  server.RaftServerConfigKeys (ConfUtils.java:logGet(46)) - raft.server.watch.timeout.denomination = 1s (default)
2023-09-29 09:13:08,856 [dd913d19-83ff-47ba-9363-dfe8430831a0@group-DE1D064B2062-LeaderElection9] INFO  server.RaftServerConfigKeys (ConfUtils.java:logGet(46)) - raft.server.watch.element-limit = 65536 (default)
2023-09-29 09:13:08,856 [dd913d19-83ff-47ba-9363-dfe8430831a0@group-DE1D064B2062-LeaderElection9] INFO  server.RaftServerConfigKeys (ConfUtils.java:logGet(46)) - raft.server.write.element-limit = 1024 (custom)
2023-09-29 09:13:08,856 [dd913d19-83ff-47ba-9363-dfe8430831a0@group-DE1D064B2062-LeaderElection9] INFO  server.RaftServerConfigKeys (ConfUtils.java:logGet(46)) - raft.server.write.follower.gap.ratio.max = -1.0 (default)
2023-09-29 09:13:08,856 [dd913d19-83ff-47ba-9363-dfe8430831a0@group-DE1D064B2062-LeaderElection9] INFO  impl.RoleInfo (RoleInfo.java:updateAndGet(139)) - dd913d19-83ff-47ba-9363-dfe8430831a0: start dd913d19-83ff-47ba-9363-dfe8430831a0@group-DE1D064B2062-LeaderStateImpl
2023-09-29 09:13:08,857 [dd913d19-83ff-47ba-9363-dfe8430831a0@group-DE1D064B2062-LeaderElection9] INFO  segmented.SegmentedRaftLogWorker (SegmentedRaftLogWorker.java:startLogSegment(447)) - dd913d19-83ff-47ba-9363-dfe8430831a0@group-DE1D064B2062-SegmentedRaftLogWorker: Starting segment from index:0
2023-09-29 09:13:08,860 [dd913d19-83ff-47ba-9363-dfe8430831a0@group-DE1D064B2062-SegmentedRaftLogWorker] INFO  segmented.SegmentedRaftLogWorker (SegmentedRaftLogWorker.java:execute(651)) - dd913d19-83ff-47ba-9363-dfe8430831a0@group-DE1D064B2062-SegmentedRaftLogWorker: created new log segment /home/runner/work/ozone/ozone/hadoop-ozone/integration-test/target/test-dir/MiniOzoneClusterImpl-2a0ec25a-3990-4628-8b93-857bbff79694/datanode-4/data/ratis/e00295f4-d4b0-449b-a1eb-de1d064b2062/current/log_inprogress_0
2023-09-29 09:13:08,860 [dd913d19-83ff-47ba-9363-dfe8430831a0@group-DE1D064B2062-LeaderElection9] INFO  server.RaftServer$Division (ServerState.java:setRaftConf(434)) - dd913d19-83ff-47ba-9363-dfe8430831a0@group-DE1D064B2062: set configuration 0: peers:[dd913d19-83ff-47ba-9363-dfe8430831a0|rpc:10.1.0.30:15050|admin:10.1.0.30:15049|client:10.1.0.30:15048|dataStream:10.1.0.30:15051|priority:1|startupRole:FOLLOWER]|listeners:[], old=null
2023-09-29 09:13:08,952 [Time-limited test] INFO  rpc.RpcClient (RpcClient.java:createVolume(462)) - Creating Volume: volume05352, with user27150 as owner and space quota set to -1 bytes, counts quota set to -1
2023-09-29 09:13:09,009 [OM StateMachine ApplyTransaction Thread - 0] INFO  volume.OMVolumeCreateRequest (OMVolumeCreateRequest.java:validateAndUpdateCache(196)) - created volume:volume05352 for user:user27150
2023-09-29 09:13:09,035 [Time-limited test] INFO  rpc.RpcClient (RpcClient.java:createBucket(689)) - Creating Bucket: volume05352/bucket39007, with bucket layout FILE_SYSTEM_OPTIMIZED, runner as owner, Versioning false, Storage Type set to DISK and Encryption set to false, Replication Type set to server-side default replication type, Namespace Quota set to -1, Space Quota set to -1 
2023-09-29 09:13:09,063 [OM StateMachine ApplyTransaction Thread - 0] INFO  bucket.OMBucketCreateRequest (OMBucketCreateRequest.java:validateAndUpdateCache(270)) - created bucket: bucket39007 of layout FILE_SYSTEM_OPTIMIZED in volume: volume05352
2023-09-29 09:13:09,230 [Time-limited test] INFO  ozone.TestRootedOzoneFileSystemWithFSO (TestRootedOzoneFileSystemWithFSO.java:testRenameDir(168)) - Created dir /volume05352/bucket39007/dir1/sub_dir1
2023-09-29 09:13:09,230 [Time-limited test] INFO  ozone.TestRootedOzoneFileSystemWithFSO (TestRootedOzoneFileSystemWithFSO.java:testRenameDir(169)) - Will move /volume05352/bucket39007/dir1 to /volume05352/bucket39007/dir1.renamed
]]></system-out>
  </testcase>
  <testcase name="testRenameDir" classname="TestRootedOzoneFileSystemWithFSO" time="0.087">
    <system-out><![CDATA[2023-09-29 09:14:46,061 [main] INFO  ozone.MiniOzoneClusterImpl (MiniOzoneClusterImpl.java:shutdown(448)) - Shutting down the Mini Ozone Cluster
2023-09-29 09:14:46,062 [main] INFO  ozone.MiniOzoneClusterImpl (MiniOzoneClusterImpl.java:stop(465)) - Stopping the Mini Ozone Cluster
2023-09-29 09:14:46,062 [main] INFO  ozone.MiniOzoneClusterImpl (MiniOzoneClusterImpl.java:stopOM(556)) - Stopping the OzoneManager
2023-09-29 09:14:46,062 [main] INFO  om.OzoneManager (OzoneManager.java:stop(2210)) - om1[localhost:15004]: Stopping Ozone Manager
2023-09-29 09:14:46,062 [main] INFO  ipc.Server (Server.java:stop(3523)) - Stopping server on 15004
2023-09-29 09:14:46,075 [IPC Server listener on 15004] INFO  ipc.Server (Server.java:run(1434)) - Stopping IPC Server listener on 15004
2023-09-29 09:14:46,076 [IPC Server Responder] INFO  ipc.Server (Server.java:run(1567)) - Stopping IPC Server Responder
2023-09-29 09:14:46,077 [main] INFO  server.RaftServer (RaftServerProxy.java:lambda$close$6(416)) - om1: close
2023-09-29 09:14:46,081 [main] INFO  server.GrpcService (GrpcService.java:closeImpl(311)) - om1: shutdown server GrpcServerProtocolService now
2023-09-29 09:14:46,092 [om1-impl-thread2] INFO  server.RaftServer$Division (RaftServerImpl.java:lambda$close$4(466)) - om1@group-C5BA1605619E: shutdown
2023-09-29 09:14:46,093 [om1-impl-thread2] INFO  util.JmxRegister (JmxRegister.java:unregister(73)) - Successfully un-registered JMX Bean with object name Ratis:service=RaftServer,group=group-C5BA1605619E,id=om1
2023-09-29 09:14:46,093 [om1-impl-thread2] INFO  impl.RoleInfo (RoleInfo.java:shutdownLeaderState(93)) - om1: shutdown om1@group-C5BA1605619E-LeaderStateImpl
2023-09-29 09:14:46,093 [main] INFO  server.GrpcService (GrpcService.java:closeImpl(320)) - om1: shutdown server GrpcServerProtocolService successfully
2023-09-29 09:14:46,093 [om1-impl-thread2] INFO  impl.PendingRequests (PendingRequests.java:sendNotLeaderResponses(289)) - om1@group-C5BA1605619E-PendingRequests: sendNotLeaderResponses
2023-09-29 09:14:46,106 [om1-impl-thread2] INFO  impl.StateMachineUpdater (StateMachineUpdater.java:stopAndJoin(155)) - om1@group-C5BA1605619E-StateMachineUpdater: set stopIndex = 41047
2023-09-29 09:14:46,107 [om1@group-C5BA1605619E-StateMachineUpdater] INFO  ratis.OzoneManagerStateMachine (OzoneManagerStateMachine.java:takeSnapshot(480)) - Current Snapshot Index (t:1, i:41047)
2023-09-29 09:14:46,192 [om1@group-C5BA1605619E-StateMachineUpdater] INFO  impl.StateMachineUpdater (StateMachineUpdater.java:takeSnapshot(291)) - om1@group-C5BA1605619E-StateMachineUpdater: Took a snapshot at index 41047
2023-09-29 09:14:46,193 [om1@group-C5BA1605619E-StateMachineUpdater] INFO  impl.StateMachineUpdater (StateMachineUpdater.java:lambda$new$0(97)) - om1@group-C5BA1605619E-StateMachineUpdater: snapshotIndex: updateIncreasingly -1 -> 41047
2023-09-29 09:14:46,193 [om1@group-C5BA1605619E-StateMachineUpdater] INFO  ratis.OzoneManagerStateMachine (OzoneManagerStateMachine.java:close(534)) - StateMachine has shutdown. Shutdown OzoneManager if not already shutdown.
2023-09-29 09:14:46,193 [om1@group-C5BA1605619E-StateMachineUpdater] INFO  ratis.OzoneManagerDoubleBuffer (OzoneManagerDoubleBuffer.java:stopDaemon(551)) - Stopping OMDoubleBuffer flush thread
2023-09-29 09:14:46,194 [OMDoubleBufferFlushThread] INFO  ratis.OzoneManagerDoubleBuffer (OzoneManagerDoubleBuffer.java:canFlush(638)) - OMDoubleBuffer flush thread OMDoubleBufferFlushThread is interrupted and will exit.
2023-09-29 09:14:46,197 [om1-impl-thread2] INFO  server.RaftServer$Division (ServerState.java:close(472)) - om1@group-C5BA1605619E: closes. applyIndex: 41047
2023-09-29 09:14:47,029 [om1-impl-thread2] INFO  segmented.SegmentedRaftLogWorker (SegmentedRaftLogWorker.java:close(252)) - om1@group-C5BA1605619E-SegmentedRaftLogWorker close()
2023-09-29 09:14:47,032 [JvmPauseMonitor1] INFO  util.JvmPauseMonitor (JvmPauseMonitor.java:run(109)) - JvmPauseMonitor-om1: Stopped
2023-09-29 09:14:47,032 [main] INFO  ratis.OzoneManagerStateMachine (OzoneManagerStateMachine.java:close(534)) - StateMachine has shutdown. Shutdown OzoneManager if not already shutdown.
2023-09-29 09:14:47,033 [main] INFO  ratis.OzoneManagerDoubleBuffer (OzoneManagerDoubleBuffer.java:stopDaemon(560)) - OMDoubleBuffer flush thread is not running.
2023-09-29 09:14:47,034 [main] INFO  utils.BackgroundService (BackgroundService.java:shutdown(141)) - Shutting down service KeyDeletingService
2023-09-29 09:14:47,034 [main] INFO  utils.BackgroundService (BackgroundService.java:shutdown(141)) - Shutting down service KeyDeletingService
2023-09-29 09:14:47,034 [main] INFO  utils.BackgroundService (BackgroundService.java:shutdown(141)) - Shutting down service OpenKeyCleanupService
2023-09-29 09:14:47,034 [main] INFO  utils.BackgroundService (BackgroundService.java:shutdown(141)) - Shutting down service SstFilteringService
2023-09-29 09:14:47,035 [main] INFO  utils.BackgroundService (BackgroundService.java:shutdown(141)) - Shutting down service SnapshotDeletingService
2023-09-29 09:14:47,037 [main] INFO  handler.ContextHandler (ContextHandler.java:doStop(1159)) - Stopped o.e.j.w.WebAppContext@3b4cc0f6{ozoneManager,/,null,STOPPED}{file:/home/runner/work/ozone/ozone/hadoop-ozone/integration-test/target/test-classes/webapps/ozoneManager}
2023-09-29 09:14:47,041 [main] INFO  server.AbstractConnector (AbstractConnector.java:doStop(383)) - Stopped ServerConnector@5ef60f95{HTTP/1.1, (http/1.1)}{0.0.0.0:15005}
2023-09-29 09:14:47,041 [main] INFO  server.session (HouseKeeper.java:stopScavenging(149)) - node0 Stopped scavenging
2023-09-29 09:14:47,042 [main] INFO  handler.ContextHandler (ContextHandler.java:doStop(1159)) - Stopped o.e.j.s.ServletContextHandler@2ef73704{static,/static,file:///home/runner/work/ozone/ozone/hadoop-ozone/integration-test/target/test-classes/webapps/static,STOPPED}
2023-09-29 09:14:47,042 [main] INFO  handler.ContextHandler (ContextHandler.java:doStop(1159)) - Stopped o.e.j.s.ServletContextHandler@39946f0{logs,/logs,file:///home/runner/work/ozone/ozone/hadoop-ozone/integration-test/target/log,STOPPED}
2023-09-29 09:14:47,045 [main] INFO  rocksdiff.RocksDBCheckpointDiffer (RocksDBCheckpointDiffer.java:close(343)) - Shutting down CompactionDagPruningService.
2023-09-29 09:14:47,045 [Trash Emptier] ERROR om.TrashPolicyOzone (TrashPolicyOzone.java:run(354)) - Error attempting to shutdown
java.lang.InterruptedException
	at java.util.concurrent.locks.AbstractQueuedSynchronizer$ConditionObject.awaitNanos(AbstractQueuedSynchronizer.java:2067)
	at java.util.concurrent.ThreadPoolExecutor.awaitTermination(ThreadPoolExecutor.java:1475)
	at org.apache.hadoop.ozone.om.TrashPolicyOzone$Emptier.run(TrashPolicyOzone.java:352)
	at java.lang.Thread.run(Thread.java:750)
2023-09-29 09:14:47,054 [main] INFO  snapshot.SnapshotDiffManager (SnapshotDiffManager.java:closeExecutorService(1718)) - Shutting down executorService: 'SnapDiffExecutor'
2023-09-29 09:14:47,058 [main] INFO  snapshot.SnapshotDiffManager (SnapshotDiffManager.java:closeExecutorService(1718)) - Shutting down executorService: 'SstDumpToolExecutor'
2023-09-29 09:14:47,079 [main] INFO  utils.BackgroundService (BackgroundService.java:shutdown(141)) - Shutting down service SnapshotDiffCleanupService
2023-09-29 09:14:47,081 [main] INFO  ozone.MiniOzoneClusterImpl (MiniOzoneClusterImpl.java:stopDatanodes(533)) - Stopping the HddsDatanodes
2023-09-29 09:14:47,089 [ForkJoinPool.commonPool-worker-1] INFO  ozoneimpl.OzoneContainer (OzoneContainer.java:stop(451)) - Attempting to stop container services.
2023-09-29 09:14:47,091 [ForkJoinPool.commonPool-worker-1] INFO  server.RaftServer (RaftServerProxy.java:lambda$close$6(416)) - f9652e80-d58c-49ab-ab0e-27e6fff13d69: close
2023-09-29 09:14:47,092 [f9652e80-d58c-49ab-ab0e-27e6fff13d69-impl-thread2] INFO  server.RaftServer$Division (RaftServerImpl.java:lambda$close$4(466)) - f9652e80-d58c-49ab-ab0e-27e6fff13d69@group-C06849071740: shutdown
2023-09-29 09:14:47,092 [f9652e80-d58c-49ab-ab0e-27e6fff13d69-impl-thread2] INFO  util.JmxRegister (JmxRegister.java:unregister(73)) - Successfully un-registered JMX Bean with object name Ratis:service=RaftServer,group=group-C06849071740,id=f9652e80-d58c-49ab-ab0e-27e6fff13d69
2023-09-29 09:14:47,092 [f9652e80-d58c-49ab-ab0e-27e6fff13d69-impl-thread2] INFO  impl.RoleInfo (RoleInfo.java:shutdownLeaderState(93)) - f9652e80-d58c-49ab-ab0e-27e6fff13d69: shutdown f9652e80-d58c-49ab-ab0e-27e6fff13d69@group-C06849071740-LeaderStateImpl
2023-09-29 09:14:47,092 [f9652e80-d58c-49ab-ab0e-27e6fff13d69-impl-thread2] INFO  impl.PendingRequests (PendingRequests.java:sendNotLeaderResponses(289)) - f9652e80-d58c-49ab-ab0e-27e6fff13d69@group-C06849071740-PendingRequests: sendNotLeaderResponses
2023-09-29 09:14:47,093 [f9652e80-d58c-49ab-ab0e-27e6fff13d69-impl-thread3] INFO  server.RaftServer$Division (RaftServerImpl.java:lambda$close$4(466)) - f9652e80-d58c-49ab-ab0e-27e6fff13d69@group-79D0840543AE: shutdown
2023-09-29 09:14:47,095 [f9652e80-d58c-49ab-ab0e-27e6fff13d69-impl-thread4] INFO  server.RaftServer$Division (RaftServerImpl.java:lambda$close$4(466)) - f9652e80-d58c-49ab-ab0e-27e6fff13d69@group-21480694BB4B: shutdown
2023-09-29 09:14:47,095 [f9652e80-d58c-49ab-ab0e-27e6fff13d69-impl-thread3] INFO  util.JmxRegister (JmxRegister.java:unregister(73)) - Successfully un-registered JMX Bean with object name Ratis:service=RaftServer,group=group-79D0840543AE,id=f9652e80-d58c-49ab-ab0e-27e6fff13d69
2023-09-29 09:14:47,095 [ForkJoinPool.commonPool-worker-1] INFO  server.GrpcService (GrpcService.java:closeImpl(311)) - f9652e80-d58c-49ab-ab0e-27e6fff13d69: shutdown server org.apache.ratis.grpc.server.GrpcClientProtocolService now
2023-09-29 09:14:47,094 [f9652e80-d58c-49ab-ab0e-27e6fff13d69@group-C06849071740-StateMachineUpdater] INFO  ratis.ContainerStateMachine (ContainerStateMachine.java:takeSnapshot(330)) - group-C06849071740: Taking a snapshot at:(t:1, i:0) file /home/runner/work/ozone/ozone/hadoop-ozone/integration-test/target/test-dir/MiniOzoneClusterImpl-2a0ec25a-3990-4628-8b93-857bbff79694/datanode-1/data/ratis/76d9e4d3-c63c-44b5-bea8-c06849071740/sm/snapshot.1_0
2023-09-29 09:14:47,094 [f9652e80-d58c-49ab-ab0e-27e6fff13d69-impl-thread2] INFO  impl.StateMachineUpdater (StateMachineUpdater.java:stopAndJoin(155)) - f9652e80-d58c-49ab-ab0e-27e6fff13d69@group-C06849071740-StateMachineUpdater: set stopIndex = 0
2023-09-29 09:14:47,093 [main] INFO  ozoneimpl.OzoneContainer (OzoneContainer.java:stop(451)) - Attempting to stop container services.
2023-09-29 09:14:47,101 [grpc-default-executor-7] WARN  server.GrpcClientProtocolService (LogUtils.java:warn(122)) - 0-OrderedRequestStreamObserver0: onError: org.apache.ratis.thirdparty.io.grpc.StatusRuntimeException: CANCELLED: client cancelled
2023-09-29 09:14:47,095 [f9652e80-d58c-49ab-ab0e-27e6fff13d69-impl-thread3] INFO  impl.RoleInfo (RoleInfo.java:shutdownFollowerState(110)) - f9652e80-d58c-49ab-ab0e-27e6fff13d69: shutdown f9652e80-d58c-49ab-ab0e-27e6fff13d69@group-79D0840543AE-FollowerState
2023-09-29 09:14:47,095 [f9652e80-d58c-49ab-ab0e-27e6fff13d69-impl-thread4] INFO  util.JmxRegister (JmxRegister.java:unregister(73)) - Successfully un-registered JMX Bean with object name Ratis:service=RaftServer,group=group-21480694BB4B,id=f9652e80-d58c-49ab-ab0e-27e6fff13d69
2023-09-29 09:14:47,106 [f9652e80-d58c-49ab-ab0e-27e6fff13d69-impl-thread4] INFO  impl.RoleInfo (RoleInfo.java:shutdownLeaderState(93)) - f9652e80-d58c-49ab-ab0e-27e6fff13d69: shutdown f9652e80-d58c-49ab-ab0e-27e6fff13d69@group-21480694BB4B-LeaderStateImpl
2023-09-29 09:14:47,118 [f9652e80-d58c-49ab-ab0e-27e6fff13d69-impl-thread4] INFO  impl.PendingRequests (PendingRequests.java:sendNotLeaderResponses(289)) - f9652e80-d58c-49ab-ab0e-27e6fff13d69@group-21480694BB4B-PendingRequests: sendNotLeaderResponses
2023-09-29 09:14:47,119 [f9652e80-d58c-49ab-ab0e-27e6fff13d69@group-21480694BB4B->2a19af63-c44c-4b61-8149-4383770f1009-GrpcLogAppender-LogAppenderDaemon] WARN  server.GrpcLogAppender (GrpcLogAppender.java:mayWait(199)) - f9652e80-d58c-49ab-ab0e-27e6fff13d69@group-21480694BB4B->2a19af63-c44c-4b61-8149-4383770f1009-GrpcLogAppender: Wait interrupted by java.lang.InterruptedException
2023-09-29 09:14:47,120 [f9652e80-d58c-49ab-ab0e-27e6fff13d69-impl-thread3] INFO  impl.StateMachineUpdater (StateMachineUpdater.java:stopAndJoin(155)) - f9652e80-d58c-49ab-ab0e-27e6fff13d69@group-79D0840543AE-StateMachineUpdater: set stopIndex = 40
2023-09-29 09:14:47,121 [grpc-default-executor-2] INFO  server.GrpcServerProtocolService (GrpcServerProtocolService.java:onCompleted(155)) - 2a19af63-c44c-4b61-8149-4383770f1009: Completed APPEND_ENTRIES, lastRequest: f9652e80-d58c-49ab-ab0e-27e6fff13d69->2a19af63-c44c-4b61-8149-4383770f1009#96-t1,previous=(t:1, i:35),leaderCommit=34,initializing? true,entries: size=1, first=(t:1, i:36), METADATAENTRY(c:34)
2023-09-29 09:14:47,121 [grpc-default-executor-2] INFO  server.GrpcServerProtocolService (GrpcServerProtocolService.java:lambda$onCompleted$5(157)) - 2a19af63-c44c-4b61-8149-4383770f1009: Completed APPEND_ENTRIES, lastReply: null
2023-09-29 09:14:47,121 [f9652e80-d58c-49ab-ab0e-27e6fff13d69@group-79D0840543AE-FollowerState] INFO  impl.FollowerState (FollowerState.java:run(152)) - f9652e80-d58c-49ab-ab0e-27e6fff13d69@group-79D0840543AE-FollowerState was interrupted
2023-09-29 09:14:47,125 [grpc-default-executor-5] WARN  server.GrpcClientProtocolService (LogUtils.java:warn(122)) - 7-UnorderedRequestStreamObserver7: onError: org.apache.ratis.thirdparty.io.grpc.StatusRuntimeException: CANCELLED: client cancelled
2023-09-29 09:14:47,101 [grpc-default-executor-4] WARN  server.GrpcClientProtocolService (LogUtils.java:warn(122)) - 6-OrderedRequestStreamObserver6: onError: org.apache.ratis.thirdparty.io.grpc.StatusRuntimeException: CANCELLED: client cancelled
2023-09-29 09:14:47,126 [main] INFO  server.RaftServer (RaftServerProxy.java:lambda$close$6(416)) - 2a19af63-c44c-4b61-8149-4383770f1009: close
2023-09-29 09:14:47,102 [grpc-default-executor-6] WARN  server.GrpcClientProtocolService (LogUtils.java:warn(122)) - 1-UnorderedRequestStreamObserver1: onError: org.apache.ratis.thirdparty.io.grpc.StatusRuntimeException: CANCELLED: client cancelled
2023-09-29 09:14:47,120 [f9652e80-d58c-49ab-ab0e-27e6fff13d69@group-21480694BB4B->808e3967-7510-49b7-87ea-3b9eb7a0b48e-GrpcLogAppender-LogAppenderDaemon] WARN  server.GrpcLogAppender (GrpcLogAppender.java:mayWait(199)) - f9652e80-d58c-49ab-ab0e-27e6fff13d69@group-21480694BB4B->808e3967-7510-49b7-87ea-3b9eb7a0b48e-GrpcLogAppender: Wait interrupted by java.lang.InterruptedException
2023-09-29 09:14:47,128 [f9652e80-d58c-49ab-ab0e-27e6fff13d69-impl-thread4] INFO  impl.StateMachineUpdater (StateMachineUpdater.java:stopAndJoin(155)) - f9652e80-d58c-49ab-ab0e-27e6fff13d69@group-21480694BB4B-StateMachineUpdater: set stopIndex = 36
2023-09-29 09:14:47,128 [f9652e80-d58c-49ab-ab0e-27e6fff13d69@group-21480694BB4B-StateMachineUpdater] INFO  ratis.ContainerStateMachine (ContainerStateMachine.java:takeSnapshot(330)) - group-21480694BB4B: Taking a snapshot at:(t:1, i:36) file /home/runner/work/ozone/ozone/hadoop-ozone/integration-test/target/test-dir/MiniOzoneClusterImpl-2a0ec25a-3990-4628-8b93-857bbff79694/datanode-1/data/ratis/8c5c8929-5404-440d-9621-21480694bb4b/sm/snapshot.1_36
2023-09-29 09:14:47,129 [Thread-1630] INFO  server.GrpcServerProtocolClient (GrpcServerProtocolClient.java:close(103)) - 2a19af63-c44c-4b61-8149-4383770f1009 Close channels
2023-09-29 09:14:47,134 [2a19af63-c44c-4b61-8149-4383770f1009-impl-thread2] INFO  server.RaftServer$Division (RaftServerImpl.java:lambda$close$4(466)) - 2a19af63-c44c-4b61-8149-4383770f1009@group-8C93D2FE0CF0: shutdown
2023-09-29 09:14:47,134 [2a19af63-c44c-4b61-8149-4383770f1009-impl-thread2] INFO  util.JmxRegister (JmxRegister.java:unregister(73)) - Successfully un-registered JMX Bean with object name Ratis:service=RaftServer,group=group-8C93D2FE0CF0,id=2a19af63-c44c-4b61-8149-4383770f1009
2023-09-29 09:14:47,134 [2a19af63-c44c-4b61-8149-4383770f1009-impl-thread2] INFO  impl.RoleInfo (RoleInfo.java:shutdownLeaderState(93)) - 2a19af63-c44c-4b61-8149-4383770f1009: shutdown 2a19af63-c44c-4b61-8149-4383770f1009@group-8C93D2FE0CF0-LeaderStateImpl
2023-09-29 09:14:47,134 [2a19af63-c44c-4b61-8149-4383770f1009-impl-thread2] INFO  impl.PendingRequests (PendingRequests.java:sendNotLeaderResponses(289)) - 2a19af63-c44c-4b61-8149-4383770f1009@group-8C93D2FE0CF0-PendingRequests: sendNotLeaderResponses
2023-09-29 09:14:47,134 [2a19af63-c44c-4b61-8149-4383770f1009@group-8C93D2FE0CF0-StateMachineUpdater] INFO  ratis.ContainerStateMachine (ContainerStateMachine.java:takeSnapshot(330)) - group-8C93D2FE0CF0: Taking a snapshot at:(t:1, i:0) file /home/runner/work/ozone/ozone/hadoop-ozone/integration-test/target/test-dir/MiniOzoneClusterImpl-2a0ec25a-3990-4628-8b93-857bbff79694/datanode-2/data/ratis/f374d761-443b-41ca-b47b-8c93d2fe0cf0/sm/snapshot.1_0
2023-09-29 09:14:47,135 [2a19af63-c44c-4b61-8149-4383770f1009-impl-thread2] INFO  impl.StateMachineUpdater (StateMachineUpdater.java:stopAndJoin(155)) - 2a19af63-c44c-4b61-8149-4383770f1009@group-8C93D2FE0CF0-StateMachineUpdater: set stopIndex = 0
2023-09-29 09:14:47,140 [2a19af63-c44c-4b61-8149-4383770f1009-impl-thread3] INFO  server.RaftServer$Division (RaftServerImpl.java:lambda$close$4(466)) - 2a19af63-c44c-4b61-8149-4383770f1009@group-79D0840543AE: shutdown
2023-09-29 09:14:47,140 [2a19af63-c44c-4b61-8149-4383770f1009-impl-thread3] INFO  util.JmxRegister (JmxRegister.java:unregister(73)) - Successfully un-registered JMX Bean with object name Ratis:service=RaftServer,group=group-79D0840543AE,id=2a19af63-c44c-4b61-8149-4383770f1009
2023-09-29 09:14:47,140 [2a19af63-c44c-4b61-8149-4383770f1009-impl-thread3] INFO  impl.RoleInfo (RoleInfo.java:shutdownFollowerState(110)) - 2a19af63-c44c-4b61-8149-4383770f1009: shutdown 2a19af63-c44c-4b61-8149-4383770f1009@group-79D0840543AE-FollowerState
2023-09-29 09:14:47,144 [main] INFO  server.GrpcService (GrpcService.java:closeImpl(311)) - 2a19af63-c44c-4b61-8149-4383770f1009: shutdown server org.apache.ratis.grpc.server.GrpcClientProtocolService now
2023-09-29 09:14:47,144 [2a19af63-c44c-4b61-8149-4383770f1009-impl-thread4] INFO  server.RaftServer$Division (RaftServerImpl.java:lambda$close$4(466)) - 2a19af63-c44c-4b61-8149-4383770f1009@group-21480694BB4B: shutdown
2023-09-29 09:14:47,144 [2a19af63-c44c-4b61-8149-4383770f1009-impl-thread4] INFO  util.JmxRegister (JmxRegister.java:unregister(73)) - Successfully un-registered JMX Bean with object name Ratis:service=RaftServer,group=group-21480694BB4B,id=2a19af63-c44c-4b61-8149-4383770f1009
2023-09-29 09:14:47,144 [2a19af63-c44c-4b61-8149-4383770f1009-impl-thread4] INFO  impl.RoleInfo (RoleInfo.java:shutdownFollowerState(110)) - 2a19af63-c44c-4b61-8149-4383770f1009: shutdown 2a19af63-c44c-4b61-8149-4383770f1009@group-21480694BB4B-FollowerState
2023-09-29 09:14:47,154 [f9652e80-d58c-49ab-ab0e-27e6fff13d69@group-79D0840543AE-StateMachineUpdater] INFO  ratis.ContainerStateMachine (ContainerStateMachine.java:takeSnapshot(330)) - group-79D0840543AE: Taking a snapshot at:(t:1, i:40) file /home/runner/work/ozone/ozone/hadoop-ozone/integration-test/target/test-dir/MiniOzoneClusterImpl-2a0ec25a-3990-4628-8b93-857bbff79694/datanode-1/data/ratis/2272ba57-cbf2-4b0e-b784-79d0840543ae/sm/snapshot.1_40
2023-09-29 09:14:47,158 [grpc-default-executor-7] INFO  server.GrpcLogAppender (GrpcLogAppender.java:onCompleted(428)) - f9652e80-d58c-49ab-ab0e-27e6fff13d69@group-21480694BB4B->2a19af63-c44c-4b61-8149-4383770f1009-AppendLogResponseHandler: follower responses appendEntries COMPLETED
2023-09-29 09:14:47,158 [2a19af63-c44c-4b61-8149-4383770f1009-impl-thread4] INFO  impl.StateMachineUpdater (StateMachineUpdater.java:stopAndJoin(155)) - 2a19af63-c44c-4b61-8149-4383770f1009@group-21480694BB4B-StateMachineUpdater: set stopIndex = 34
2023-09-29 09:14:47,159 [2a19af63-c44c-4b61-8149-4383770f1009@group-21480694BB4B-FollowerState] INFO  impl.FollowerState (FollowerState.java:run(152)) - 2a19af63-c44c-4b61-8149-4383770f1009@group-21480694BB4B-FollowerState was interrupted
2023-09-29 09:14:47,165 [2a19af63-c44c-4b61-8149-4383770f1009@group-21480694BB4B-StateMachineUpdater] INFO  ratis.ContainerStateMachine (ContainerStateMachine.java:takeSnapshot(330)) - group-21480694BB4B: Taking a snapshot at:(t:1, i:34) file /home/runner/work/ozone/ozone/hadoop-ozone/integration-test/target/test-dir/MiniOzoneClusterImpl-2a0ec25a-3990-4628-8b93-857bbff79694/datanode-2/data/ratis/8c5c8929-5404-440d-9621-21480694bb4b/sm/snapshot.1_34
2023-09-29 09:14:47,166 [2a19af63-c44c-4b61-8149-4383770f1009@group-8C93D2FE0CF0-StateMachineUpdater] INFO  ratis.ContainerStateMachine (ContainerStateMachine.java:takeSnapshot(341)) - group-8C93D2FE0CF0: Finished taking a snapshot at:(t:1, i:0) file:/home/runner/work/ozone/ozone/hadoop-ozone/integration-test/target/test-dir/MiniOzoneClusterImpl-2a0ec25a-3990-4628-8b93-857bbff79694/datanode-2/data/ratis/f374d761-443b-41ca-b47b-8c93d2fe0cf0/sm/snapshot.1_0 took: 32 ms
2023-09-29 09:14:47,129 [grpc-default-executor-3] INFO  server.GrpcServerProtocolService (GrpcServerProtocolService.java:onCompleted(155)) - 808e3967-7510-49b7-87ea-3b9eb7a0b48e: Completed APPEND_ENTRIES, lastRequest: f9652e80-d58c-49ab-ab0e-27e6fff13d69->808e3967-7510-49b7-87ea-3b9eb7a0b48e#100-t1,previous=(t:1, i:35),leaderCommit=35,initializing? true,entries: size=1, first=(t:1, i:36), METADATAENTRY(c:34)
2023-09-29 09:14:47,166 [grpc-default-executor-3] INFO  server.GrpcServerProtocolService (GrpcServerProtocolService.java:lambda$onCompleted$5(157)) - 808e3967-7510-49b7-87ea-3b9eb7a0b48e: Completed APPEND_ENTRIES, lastReply: null
2023-09-29 09:14:47,167 [Thread-1632] INFO  server.GrpcServerProtocolClient (GrpcServerProtocolClient.java:close(103)) - 808e3967-7510-49b7-87ea-3b9eb7a0b48e Close channels
2023-09-29 09:14:47,167 [2a19af63-c44c-4b61-8149-4383770f1009@group-79D0840543AE-StateMachineUpdater] INFO  ratis.ContainerStateMachine (ContainerStateMachine.java:takeSnapshot(330)) - group-79D0840543AE: Taking a snapshot at:(t:1, i:40) file /home/runner/work/ozone/ozone/hadoop-ozone/integration-test/target/test-dir/MiniOzoneClusterImpl-2a0ec25a-3990-4628-8b93-857bbff79694/datanode-2/data/ratis/2272ba57-cbf2-4b0e-b784-79d0840543ae/sm/snapshot.1_40
2023-09-29 09:14:47,157 [grpc-default-executor-0] INFO  server.GrpcServerProtocolService (GrpcServerProtocolService.java:onCompleted(155)) - 808e3967-7510-49b7-87ea-3b9eb7a0b48e: Completed APPEND_ENTRIES, lastRequest: null
2023-09-29 09:14:47,127 [grpc-default-executor-5] INFO  server.GrpcServerProtocolService (GrpcServerProtocolService.java:onCompleted(155)) - 2a19af63-c44c-4b61-8149-4383770f1009: Completed APPEND_ENTRIES, lastRequest: null
2023-09-29 09:14:47,165 [2a19af63-c44c-4b61-8149-4383770f1009@group-79D0840543AE-FollowerState] INFO  impl.FollowerState (FollowerState.java:run(152)) - 2a19af63-c44c-4b61-8149-4383770f1009@group-79D0840543AE-FollowerState was interrupted
2023-09-29 09:14:47,159 [2a19af63-c44c-4b61-8149-4383770f1009-impl-thread3] INFO  impl.StateMachineUpdater (StateMachineUpdater.java:stopAndJoin(155)) - 2a19af63-c44c-4b61-8149-4383770f1009@group-79D0840543AE-StateMachineUpdater: set stopIndex = 40
2023-09-29 09:14:47,167 [main] INFO  server.GrpcService (GrpcService.java:closeImpl(320)) - 2a19af63-c44c-4b61-8149-4383770f1009: shutdown server org.apache.ratis.grpc.server.GrpcClientProtocolService successfully
2023-09-29 09:14:47,168 [main] INFO  server.GrpcService (GrpcService.java:closeImpl(311)) - 2a19af63-c44c-4b61-8149-4383770f1009: shutdown server GrpcServerProtocolService now
2023-09-29 09:14:47,171 [grpc-default-executor-0] INFO  server.GrpcServerProtocolService (GrpcServerProtocolService.java:lambda$onCompleted$5(157)) - 808e3967-7510-49b7-87ea-3b9eb7a0b48e: Completed APPEND_ENTRIES, lastReply: serverReply {
  requestorId: "f9652e80-d58c-49ab-ab0e-27e6fff13d69"
  replyId: "808e3967-7510-49b7-87ea-3b9eb7a0b48e"
  raftGroupId {
    id: "\214\\\211)T\004D\r\226!!H\006\224\273K"
  }
  callId: 96
  success: true
}
term: 1
nextIndex: 33
followerCommit: 32
matchIndex: 18446744073709551615
isHearbeat: true

2023-09-29 09:14:47,171 [grpc-default-executor-7] WARN  server.GrpcLogAppender (GrpcLogAppender.java:resetClient(137)) - f9652e80-d58c-49ab-ab0e-27e6fff13d69@group-21480694BB4B->2a19af63-c44c-4b61-8149-4383770f1009-GrpcLogAppender: Failed to getClient for 2a19af63-c44c-4b61-8149-4383770f1009
org.apache.ratis.protocol.exceptions.AlreadyClosedException: f9652e80-d58c-49ab-ab0e-27e6fff13d69 is already CLOSED
	at org.apache.ratis.util.PeerProxyMap$PeerAndProxy.getProxy(PeerProxyMap.java:61)
	at org.apache.ratis.util.PeerProxyMap.getProxy(PeerProxyMap.java:115)
	at org.apache.ratis.grpc.server.GrpcLogAppender.getClient(GrpcLogAppender.java:112)
	at org.apache.ratis.grpc.server.GrpcLogAppender.resetClient(GrpcLogAppender.java:117)
	at org.apache.ratis.grpc.server.GrpcLogAppender.access$500(GrpcLogAppender.java:56)
	at org.apache.ratis.grpc.server.GrpcLogAppender$AppendLogResponseHandler.onCompleted(GrpcLogAppender.java:429)
	at org.apache.ratis.thirdparty.io.grpc.stub.ClientCalls$StreamObserverToCallListenerAdapter.onClose(ClientCalls.java:485)
	at org.apache.ratis.thirdparty.io.grpc.internal.ClientCallImpl.closeObserver(ClientCallImpl.java:563)
	at org.apache.ratis.thirdparty.io.grpc.internal.ClientCallImpl.access$300(ClientCallImpl.java:70)
	at org.apache.ratis.thirdparty.io.grpc.internal.ClientCallImpl$ClientStreamListenerImpl$1StreamClosed.runInternal(ClientCallImpl.java:744)
	at org.apache.ratis.thirdparty.io.grpc.internal.ClientCallImpl$ClientStreamListenerImpl$1StreamClosed.runInContext(ClientCallImpl.java:723)
	at org.apache.ratis.thirdparty.io.grpc.internal.ContextRunnable.run(ContextRunnable.java:37)
	at org.apache.ratis.thirdparty.io.grpc.internal.SerializingExecutor.run(SerializingExecutor.java:133)
	at java.util.concurrent.ThreadPoolExecutor.runWorker(ThreadPoolExecutor.java:1149)
	at java.util.concurrent.ThreadPoolExecutor$Worker.run(ThreadPoolExecutor.java:624)
	at java.lang.Thread.run(Thread.java:750)
2023-09-29 09:14:47,173 [grpc-default-executor-4] INFO  server.GrpcLogAppender (GrpcLogAppender.java:onCompleted(428)) - f9652e80-d58c-49ab-ab0e-27e6fff13d69@group-21480694BB4B->808e3967-7510-49b7-87ea-3b9eb7a0b48e-AppendLogResponseHandler: follower responses appendEntries COMPLETED
2023-09-29 09:14:47,173 [grpc-default-executor-4] WARN  server.GrpcLogAppender (GrpcLogAppender.java:resetClient(137)) - f9652e80-d58c-49ab-ab0e-27e6fff13d69@group-21480694BB4B->808e3967-7510-49b7-87ea-3b9eb7a0b48e-GrpcLogAppender: Failed to getClient for 808e3967-7510-49b7-87ea-3b9eb7a0b48e
org.apache.ratis.protocol.exceptions.AlreadyClosedException: f9652e80-d58c-49ab-ab0e-27e6fff13d69 is already CLOSED
	at org.apache.ratis.util.PeerProxyMap$PeerAndProxy.getProxy(PeerProxyMap.java:61)
	at org.apache.ratis.util.PeerProxyMap.getProxy(PeerProxyMap.java:115)
	at org.apache.ratis.grpc.server.GrpcLogAppender.getClient(GrpcLogAppender.java:112)
	at org.apache.ratis.grpc.server.GrpcLogAppender.resetClient(GrpcLogAppender.java:117)
	at org.apache.ratis.grpc.server.GrpcLogAppender.access$500(GrpcLogAppender.java:56)
	at org.apache.ratis.grpc.server.GrpcLogAppender$AppendLogResponseHandler.onCompleted(GrpcLogAppender.java:429)
	at org.apache.ratis.thirdparty.io.grpc.stub.ClientCalls$StreamObserverToCallListenerAdapter.onClose(ClientCalls.java:485)
	at org.apache.ratis.thirdparty.io.grpc.internal.ClientCallImpl.closeObserver(ClientCallImpl.java:563)
	at org.apache.ratis.thirdparty.io.grpc.internal.ClientCallImpl.access$300(ClientCallImpl.java:70)
	at org.apache.ratis.thirdparty.io.grpc.internal.ClientCallImpl$ClientStreamListenerImpl$1StreamClosed.runInternal(ClientCallImpl.java:744)
	at org.apache.ratis.thirdparty.io.grpc.internal.ClientCallImpl$ClientStreamListenerImpl$1StreamClosed.runInContext(ClientCallImpl.java:723)
	at org.apache.ratis.thirdparty.io.grpc.internal.ContextRunnable.run(ContextRunnable.java:37)
	at org.apache.ratis.thirdparty.io.grpc.internal.SerializingExecutor.run(SerializingExecutor.java:133)
	at java.util.concurrent.ThreadPoolExecutor.runWorker(ThreadPoolExecutor.java:1149)
	at java.util.concurrent.ThreadPoolExecutor$Worker.run(ThreadPoolExecutor.java:624)
	at java.lang.Thread.run(Thread.java:750)
2023-09-29 09:14:47,173 [grpc-default-executor-3] INFO  server.GrpcLogAppender (GrpcLogAppender.java:onCompleted(428)) - f9652e80-d58c-49ab-ab0e-27e6fff13d69@group-21480694BB4B->808e3967-7510-49b7-87ea-3b9eb7a0b48e-AppendLogResponseHandler: follower responses appendEntries COMPLETED
2023-09-29 09:14:47,173 [grpc-default-executor-3] WARN  server.GrpcLogAppender (GrpcLogAppender.java:resetClient(137)) - f9652e80-d58c-49ab-ab0e-27e6fff13d69@group-21480694BB4B->808e3967-7510-49b7-87ea-3b9eb7a0b48e-GrpcLogAppender: Failed to getClient for 808e3967-7510-49b7-87ea-3b9eb7a0b48e
org.apache.ratis.protocol.exceptions.AlreadyClosedException: f9652e80-d58c-49ab-ab0e-27e6fff13d69 is already CLOSED
	at org.apache.ratis.util.PeerProxyMap$PeerAndProxy.getProxy(PeerProxyMap.java:61)
	at org.apache.ratis.util.PeerProxyMap.getProxy(PeerProxyMap.java:115)
	at org.apache.ratis.grpc.server.GrpcLogAppender.getClient(GrpcLogAppender.java:112)
	at org.apache.ratis.grpc.server.GrpcLogAppender.resetClient(GrpcLogAppender.java:117)
	at org.apache.ratis.grpc.server.GrpcLogAppender.access$500(GrpcLogAppender.java:56)
	at org.apache.ratis.grpc.server.GrpcLogAppender$AppendLogResponseHandler.onCompleted(GrpcLogAppender.java:429)
	at org.apache.ratis.thirdparty.io.grpc.stub.ClientCalls$StreamObserverToCallListenerAdapter.onClose(ClientCalls.java:485)
	at org.apache.ratis.thirdparty.io.grpc.internal.ClientCallImpl.closeObserver(ClientCallImpl.java:563)
	at org.apache.ratis.thirdparty.io.grpc.internal.ClientCallImpl.access$300(ClientCallImpl.java:70)
	at org.apache.ratis.thirdparty.io.grpc.internal.ClientCallImpl$ClientStreamListenerImpl$1StreamClosed.runInternal(ClientCallImpl.java:744)
	at org.apache.ratis.thirdparty.io.grpc.internal.ClientCallImpl$ClientStreamListenerImpl$1StreamClosed.runInContext(ClientCallImpl.java:723)
	at org.apache.ratis.thirdparty.io.grpc.internal.ContextRunnable.run(ContextRunnable.java:37)
	at org.apache.ratis.thirdparty.io.grpc.internal.SerializingExecutor.run(SerializingExecutor.java:133)
	at java.util.concurrent.ThreadPoolExecutor.runWorker(ThreadPoolExecutor.java:1149)
	at java.util.concurrent.ThreadPoolExecutor$Worker.run(ThreadPoolExecutor.java:624)
	at java.lang.Thread.run(Thread.java:750)
2023-09-29 09:14:47,174 [grpc-default-executor-5] INFO  server.GrpcServerProtocolService (GrpcServerProtocolService.java:lambda$onCompleted$5(157)) - 2a19af63-c44c-4b61-8149-4383770f1009: Completed APPEND_ENTRIES, lastReply: serverReply {
  requestorId: "f9652e80-d58c-49ab-ab0e-27e6fff13d69"
  replyId: "2a19af63-c44c-4b61-8149-4383770f1009"
  raftGroupId {
    id: "\214\\\211)T\004D\r\226!!H\006\224\273K"
  }
  callId: 92
  success: true
}
term: 1
nextIndex: 33
followerCommit: 32
matchIndex: 18446744073709551615
isHearbeat: true

2023-09-29 09:14:47,175 [2a19af63-c44c-4b61-8149-4383770f1009@group-79D0840543AE-StateMachineUpdater] INFO  ratis.ContainerStateMachine (ContainerStateMachine.java:takeSnapshot(341)) - group-79D0840543AE: Finished taking a snapshot at:(t:1, i:40) file:/home/runner/work/ozone/ozone/hadoop-ozone/integration-test/target/test-dir/MiniOzoneClusterImpl-2a0ec25a-3990-4628-8b93-857bbff79694/datanode-2/data/ratis/2272ba57-cbf2-4b0e-b784-79d0840543ae/sm/snapshot.1_40 took: 8 ms
2023-09-29 09:14:47,175 [2a19af63-c44c-4b61-8149-4383770f1009@group-21480694BB4B-StateMachineUpdater] INFO  ratis.ContainerStateMachine (ContainerStateMachine.java:takeSnapshot(341)) - group-21480694BB4B: Finished taking a snapshot at:(t:1, i:34) file:/home/runner/work/ozone/ozone/hadoop-ozone/integration-test/target/test-dir/MiniOzoneClusterImpl-2a0ec25a-3990-4628-8b93-857bbff79694/datanode-2/data/ratis/8c5c8929-5404-440d-9621-21480694bb4b/sm/snapshot.1_34 took: 10 ms
2023-09-29 09:14:47,176 [grpc-default-executor-2] WARN  server.GrpcServerProtocolService (LogUtils.java:warn(122)) - 2a19af63-c44c-4b61-8149-4383770f1009: APPEND_ENTRIES onError, lastRequest: 808e3967-7510-49b7-87ea-3b9eb7a0b48e->2a19af63-c44c-4b61-8149-4383770f1009#103-t1,previous=(t:1, i:39),leaderCommit=39,initializing? true,entries: size=1, first=(t:1, i:40), METADATAENTRY(c:38): org.apache.ratis.thirdparty.io.grpc.StatusRuntimeException: CANCELLED: client cancelled
2023-09-29 09:14:47,176 [grpc-default-executor-7] WARN  server.GrpcLogAppender (LogUtils.java:warn(122)) - 808e3967-7510-49b7-87ea-3b9eb7a0b48e@group-79D0840543AE->2a19af63-c44c-4b61-8149-4383770f1009-AppendLogResponseHandler: Failed appendEntries: org.apache.ratis.thirdparty.io.grpc.StatusRuntimeException: CANCELLED: RST_STREAM closed stream. HTTP/2 error code: CANCEL
2023-09-29 09:14:47,177 [2a19af63-c44c-4b61-8149-4383770f1009@group-8C93D2FE0CF0-StateMachineUpdater] INFO  impl.StateMachineUpdater (StateMachineUpdater.java:takeSnapshot(291)) - 2a19af63-c44c-4b61-8149-4383770f1009@group-8C93D2FE0CF0-StateMachineUpdater: Took a snapshot at index 0
2023-09-29 09:14:47,177 [2a19af63-c44c-4b61-8149-4383770f1009@group-8C93D2FE0CF0-StateMachineUpdater] INFO  impl.StateMachineUpdater (StateMachineUpdater.java:lambda$new$0(97)) - 2a19af63-c44c-4b61-8149-4383770f1009@group-8C93D2FE0CF0-StateMachineUpdater: snapshotIndex: updateIncreasingly -1 -> 0
2023-09-29 09:14:47,177 [2a19af63-c44c-4b61-8149-4383770f1009@group-21480694BB4B-StateMachineUpdater] INFO  impl.StateMachineUpdater (StateMachineUpdater.java:takeSnapshot(291)) - 2a19af63-c44c-4b61-8149-4383770f1009@group-21480694BB4B-StateMachineUpdater: Took a snapshot at index 34
2023-09-29 09:14:47,177 [2a19af63-c44c-4b61-8149-4383770f1009@group-21480694BB4B-StateMachineUpdater] INFO  impl.StateMachineUpdater (StateMachineUpdater.java:lambda$new$0(97)) - 2a19af63-c44c-4b61-8149-4383770f1009@group-21480694BB4B-StateMachineUpdater: snapshotIndex: updateIncreasingly -1 -> 34
2023-09-29 09:14:47,178 [2a19af63-c44c-4b61-8149-4383770f1009@group-79D0840543AE-StateMachineUpdater] INFO  impl.StateMachineUpdater (StateMachineUpdater.java:takeSnapshot(291)) - 2a19af63-c44c-4b61-8149-4383770f1009@group-79D0840543AE-StateMachineUpdater: Took a snapshot at index 40
2023-09-29 09:14:47,178 [2a19af63-c44c-4b61-8149-4383770f1009@group-79D0840543AE-StateMachineUpdater] INFO  impl.StateMachineUpdater (StateMachineUpdater.java:lambda$new$0(97)) - 2a19af63-c44c-4b61-8149-4383770f1009@group-79D0840543AE-StateMachineUpdater: snapshotIndex: updateIncreasingly -1 -> 40
2023-09-29 09:14:47,178 [f9652e80-d58c-49ab-ab0e-27e6fff13d69@group-21480694BB4B-StateMachineUpdater] INFO  ratis.ContainerStateMachine (ContainerStateMachine.java:takeSnapshot(341)) - group-21480694BB4B: Finished taking a snapshot at:(t:1, i:36) file:/home/runner/work/ozone/ozone/hadoop-ozone/integration-test/target/test-dir/MiniOzoneClusterImpl-2a0ec25a-3990-4628-8b93-857bbff79694/datanode-1/data/ratis/8c5c8929-5404-440d-9621-21480694bb4b/sm/snapshot.1_36 took: 50 ms
2023-09-29 09:14:47,178 [f9652e80-d58c-49ab-ab0e-27e6fff13d69@group-21480694BB4B-StateMachineUpdater] INFO  impl.StateMachineUpdater (StateMachineUpdater.java:takeSnapshot(291)) - f9652e80-d58c-49ab-ab0e-27e6fff13d69@group-21480694BB4B-StateMachineUpdater: Took a snapshot at index 36
2023-09-29 09:14:47,178 [f9652e80-d58c-49ab-ab0e-27e6fff13d69@group-21480694BB4B-StateMachineUpdater] INFO  impl.StateMachineUpdater (StateMachineUpdater.java:lambda$new$0(97)) - f9652e80-d58c-49ab-ab0e-27e6fff13d69@group-21480694BB4B-StateMachineUpdater: snapshotIndex: updateIncreasingly -1 -> 36
2023-09-29 09:14:47,179 [f9652e80-d58c-49ab-ab0e-27e6fff13d69@group-79D0840543AE-StateMachineUpdater] INFO  ratis.ContainerStateMachine (ContainerStateMachine.java:takeSnapshot(341)) - group-79D0840543AE: Finished taking a snapshot at:(t:1, i:40) file:/home/runner/work/ozone/ozone/hadoop-ozone/integration-test/target/test-dir/MiniOzoneClusterImpl-2a0ec25a-3990-4628-8b93-857bbff79694/datanode-1/data/ratis/2272ba57-cbf2-4b0e-b784-79d0840543ae/sm/snapshot.1_40 took: 25 ms
2023-09-29 09:14:47,179 [f9652e80-d58c-49ab-ab0e-27e6fff13d69@group-79D0840543AE-StateMachineUpdater] INFO  impl.StateMachineUpdater (StateMachineUpdater.java:takeSnapshot(291)) - f9652e80-d58c-49ab-ab0e-27e6fff13d69@group-79D0840543AE-StateMachineUpdater: Took a snapshot at index 40
2023-09-29 09:14:47,179 [f9652e80-d58c-49ab-ab0e-27e6fff13d69@group-79D0840543AE-StateMachineUpdater] INFO  impl.StateMachineUpdater (StateMachineUpdater.java:lambda$new$0(97)) - f9652e80-d58c-49ab-ab0e-27e6fff13d69@group-79D0840543AE-StateMachineUpdater: snapshotIndex: updateIncreasingly -1 -> 40
2023-09-29 09:14:47,179 [f9652e80-d58c-49ab-ab0e-27e6fff13d69@group-C06849071740-StateMachineUpdater] INFO  ratis.ContainerStateMachine (ContainerStateMachine.java:takeSnapshot(341)) - group-C06849071740: Finished taking a snapshot at:(t:1, i:0) file:/home/runner/work/ozone/ozone/hadoop-ozone/integration-test/target/test-dir/MiniOzoneClusterImpl-2a0ec25a-3990-4628-8b93-857bbff79694/datanode-1/data/ratis/76d9e4d3-c63c-44b5-bea8-c06849071740/sm/snapshot.1_0 took: 85 ms
2023-09-29 09:14:47,179 [f9652e80-d58c-49ab-ab0e-27e6fff13d69@group-C06849071740-StateMachineUpdater] INFO  impl.StateMachineUpdater (StateMachineUpdater.java:takeSnapshot(291)) - f9652e80-d58c-49ab-ab0e-27e6fff13d69@group-C06849071740-StateMachineUpdater: Took a snapshot at index 0
2023-09-29 09:14:47,179 [f9652e80-d58c-49ab-ab0e-27e6fff13d69@group-C06849071740-StateMachineUpdater] INFO  impl.StateMachineUpdater (StateMachineUpdater.java:lambda$new$0(97)) - f9652e80-d58c-49ab-ab0e-27e6fff13d69@group-C06849071740-StateMachineUpdater: snapshotIndex: updateIncreasingly -1 -> 0
2023-09-29 09:14:47,187 [grpc-default-executor-8] WARN  server.GrpcServerProtocolService (LogUtils.java:warn(122)) - 2a19af63-c44c-4b61-8149-4383770f1009: APPEND_ENTRIES onError, lastRequest: null: org.apache.ratis.thirdparty.io.grpc.StatusRuntimeException: CANCELLED: client cancelled
2023-09-29 09:14:47,189 [grpc-default-executor-4] WARN  server.GrpcLogAppender (LogUtils.java:warn(122)) - 808e3967-7510-49b7-87ea-3b9eb7a0b48e@group-79D0840543AE->2a19af63-c44c-4b61-8149-4383770f1009-AppendLogResponseHandler: Failed appendEntries: org.apache.ratis.thirdparty.io.grpc.StatusRuntimeException: CANCELLED: RST_STREAM closed stream. HTTP/2 error code: CANCEL
2023-09-29 09:14:47,190 [2a19af63-c44c-4b61-8149-4383770f1009-impl-thread2] INFO  server.RaftServer$Division (ServerState.java:close(472)) - 2a19af63-c44c-4b61-8149-4383770f1009@group-8C93D2FE0CF0: closes. applyIndex: 0
2023-09-29 09:14:47,190 [ForkJoinPool.commonPool-worker-0] INFO  ozoneimpl.OzoneContainer (OzoneContainer.java:stop(451)) - Attempting to stop container services.
2023-09-29 09:14:47,191 [ForkJoinPool.commonPool-worker-0] INFO  server.RaftServer (RaftServerProxy.java:lambda$close$6(416)) - dd913d19-83ff-47ba-9363-dfe8430831a0: close
2023-09-29 09:14:47,191 [2a19af63-c44c-4b61-8149-4383770f1009-impl-thread3] INFO  server.RaftServer$Division (ServerState.java:close(472)) - 2a19af63-c44c-4b61-8149-4383770f1009@group-79D0840543AE: closes. applyIndex: 40
2023-09-29 09:14:47,191 [2a19af63-c44c-4b61-8149-4383770f1009-impl-thread4] INFO  server.RaftServer$Division (ServerState.java:close(472)) - 2a19af63-c44c-4b61-8149-4383770f1009@group-21480694BB4B: closes. applyIndex: 34
2023-09-29 09:14:47,191 [grpc-default-executor-7] INFO  leader.FollowerInfo (FollowerInfoImpl.java:lambda$new$0(52)) - 808e3967-7510-49b7-87ea-3b9eb7a0b48e@group-79D0840543AE->2a19af63-c44c-4b61-8149-4383770f1009: decreaseNextIndex nextIndex: updateUnconditionally 41 -> 40
2023-09-29 09:14:47,192 [f9652e80-d58c-49ab-ab0e-27e6fff13d69-impl-thread3] INFO  server.RaftServer$Division (ServerState.java:close(472)) - f9652e80-d58c-49ab-ab0e-27e6fff13d69@group-79D0840543AE: closes. applyIndex: 40
2023-09-29 09:14:47,192 [f9652e80-d58c-49ab-ab0e-27e6fff13d69-impl-thread2] INFO  server.RaftServer$Division (ServerState.java:close(472)) - f9652e80-d58c-49ab-ab0e-27e6fff13d69@group-C06849071740: closes. applyIndex: 0
2023-09-29 09:14:47,192 [main] INFO  server.GrpcService (GrpcService.java:closeImpl(320)) - 2a19af63-c44c-4b61-8149-4383770f1009: shutdown server GrpcServerProtocolService successfully
2023-09-29 09:14:47,193 [dd913d19-83ff-47ba-9363-dfe8430831a0-impl-thread2] INFO  server.RaftServer$Division (RaftServerImpl.java:lambda$close$4(466)) - dd913d19-83ff-47ba-9363-dfe8430831a0@group-DE1D064B2062: shutdown
2023-09-29 09:14:47,193 [main] INFO  server.GrpcService (GrpcService.java:closeImpl(311)) - 2a19af63-c44c-4b61-8149-4383770f1009: shutdown server org.apache.ratis.grpc.server.GrpcAdminProtocolService now
2023-09-29 09:14:47,192 [ForkJoinPool.commonPool-worker-0] INFO  server.GrpcService (GrpcService.java:closeImpl(311)) - dd913d19-83ff-47ba-9363-dfe8430831a0: shutdown server org.apache.ratis.grpc.server.GrpcClientProtocolService now
2023-09-29 09:14:47,193 [dd913d19-83ff-47ba-9363-dfe8430831a0-impl-thread2] INFO  util.JmxRegister (JmxRegister.java:unregister(73)) - Successfully un-registered JMX Bean with object name Ratis:service=RaftServer,group=group-DE1D064B2062,id=dd913d19-83ff-47ba-9363-dfe8430831a0
2023-09-29 09:14:47,193 [dd913d19-83ff-47ba-9363-dfe8430831a0-impl-thread2] INFO  impl.RoleInfo (RoleInfo.java:shutdownLeaderState(93)) - dd913d19-83ff-47ba-9363-dfe8430831a0: shutdown dd913d19-83ff-47ba-9363-dfe8430831a0@group-DE1D064B2062-LeaderStateImpl
2023-09-29 09:14:47,194 [dd913d19-83ff-47ba-9363-dfe8430831a0-impl-thread2] INFO  impl.PendingRequests (PendingRequests.java:sendNotLeaderResponses(289)) - dd913d19-83ff-47ba-9363-dfe8430831a0@group-DE1D064B2062-PendingRequests: sendNotLeaderResponses
2023-09-29 09:14:47,196 [grpc-default-executor-2] INFO  server.GrpcLogAppender (GrpcLogAppender.java:onError(417)) - f9652e80-d58c-49ab-ab0e-27e6fff13d69@group-21480694BB4B->2a19af63-c44c-4b61-8149-4383770f1009-GrpcLogAppender is already stopped
2023-09-29 09:14:47,196 [ForkJoinPool.commonPool-worker-1] INFO  server.GrpcService (GrpcService.java:closeImpl(320)) - f9652e80-d58c-49ab-ab0e-27e6fff13d69: shutdown server org.apache.ratis.grpc.server.GrpcClientProtocolService successfully
2023-09-29 09:14:47,196 [ForkJoinPool.commonPool-worker-1] INFO  server.GrpcService (GrpcService.java:closeImpl(311)) - f9652e80-d58c-49ab-ab0e-27e6fff13d69: shutdown server GrpcServerProtocolService now
2023-09-29 09:14:47,192 [grpc-default-executor-4] INFO  leader.FollowerInfo (FollowerInfoImpl.java:lambda$new$0(52)) - 808e3967-7510-49b7-87ea-3b9eb7a0b48e@group-79D0840543AE->2a19af63-c44c-4b61-8149-4383770f1009: decreaseNextIndex nextIndex: updateUnconditionally 40 -> 39
2023-09-29 09:14:47,199 [f9652e80-d58c-49ab-ab0e-27e6fff13d69-impl-thread4] INFO  server.RaftServer$Division (ServerState.java:close(472)) - f9652e80-d58c-49ab-ab0e-27e6fff13d69@group-21480694BB4B: closes. applyIndex: 36
2023-09-29 09:14:47,204 [grpc-default-executor-3] WARN  server.GrpcServerProtocolService (LogUtils.java:warn(122)) - f9652e80-d58c-49ab-ab0e-27e6fff13d69: APPEND_ENTRIES onError, lastRequest: 808e3967-7510-49b7-87ea-3b9eb7a0b48e->f9652e80-d58c-49ab-ab0e-27e6fff13d69#96-t1,previous=(t:1, i:39),leaderCommit=39,initializing? true,entries: size=1, first=(t:1, i:40), METADATAENTRY(c:38): org.apache.ratis.thirdparty.io.grpc.StatusRuntimeException: CANCELLED: client cancelled
2023-09-29 09:14:47,204 [grpc-default-executor-8] WARN  server.GrpcServerProtocolService (LogUtils.java:warn(122)) - f9652e80-d58c-49ab-ab0e-27e6fff13d69: APPEND_ENTRIES onError, lastRequest: null: org.apache.ratis.thirdparty.io.grpc.StatusRuntimeException: CANCELLED: client cancelled
2023-09-29 09:14:47,204 [ForkJoinPool.commonPool-worker-1] INFO  server.GrpcService (GrpcService.java:closeImpl(320)) - f9652e80-d58c-49ab-ab0e-27e6fff13d69: shutdown server GrpcServerProtocolService successfully
2023-09-29 09:14:47,204 [ForkJoinPool.commonPool-worker-1] INFO  server.GrpcService (GrpcService.java:closeImpl(311)) - f9652e80-d58c-49ab-ab0e-27e6fff13d69: shutdown server org.apache.ratis.grpc.server.GrpcAdminProtocolService now
2023-09-29 09:14:47,205 [grpc-default-executor-7] WARN  server.GrpcLogAppender (LogUtils.java:warn(122)) - 808e3967-7510-49b7-87ea-3b9eb7a0b48e@group-79D0840543AE->f9652e80-d58c-49ab-ab0e-27e6fff13d69-AppendLogResponseHandler: Failed appendEntries: org.apache.ratis.thirdparty.io.grpc.StatusRuntimeException: CANCELLED: RST_STREAM closed stream. HTTP/2 error code: CANCEL
2023-09-29 09:14:47,205 [grpc-default-executor-7] INFO  leader.FollowerInfo (FollowerInfoImpl.java:lambda$new$0(52)) - 808e3967-7510-49b7-87ea-3b9eb7a0b48e@group-79D0840543AE->f9652e80-d58c-49ab-ab0e-27e6fff13d69: decreaseNextIndex nextIndex: updateUnconditionally 41 -> 40
2023-09-29 09:14:47,206 [dd913d19-83ff-47ba-9363-dfe8430831a0-impl-thread2] INFO  impl.StateMachineUpdater (StateMachineUpdater.java:stopAndJoin(155)) - dd913d19-83ff-47ba-9363-dfe8430831a0@group-DE1D064B2062-StateMachineUpdater: set stopIndex = 0
2023-09-29 09:14:47,206 [dd913d19-83ff-47ba-9363-dfe8430831a0@group-DE1D064B2062-StateMachineUpdater] INFO  ratis.ContainerStateMachine (ContainerStateMachine.java:takeSnapshot(330)) - group-DE1D064B2062: Taking a snapshot at:(t:1, i:0) file /home/runner/work/ozone/ozone/hadoop-ozone/integration-test/target/test-dir/MiniOzoneClusterImpl-2a0ec25a-3990-4628-8b93-857bbff79694/datanode-4/data/ratis/e00295f4-d4b0-449b-a1eb-de1d064b2062/sm/snapshot.1_0
2023-09-29 09:14:47,207 [dd913d19-83ff-47ba-9363-dfe8430831a0@group-DE1D064B2062-StateMachineUpdater] INFO  ratis.ContainerStateMachine (ContainerStateMachine.java:takeSnapshot(341)) - group-DE1D064B2062: Finished taking a snapshot at:(t:1, i:0) file:/home/runner/work/ozone/ozone/hadoop-ozone/integration-test/target/test-dir/MiniOzoneClusterImpl-2a0ec25a-3990-4628-8b93-857bbff79694/datanode-4/data/ratis/e00295f4-d4b0-449b-a1eb-de1d064b2062/sm/snapshot.1_0 took: 1 ms
2023-09-29 09:14:47,207 [dd913d19-83ff-47ba-9363-dfe8430831a0@group-DE1D064B2062-StateMachineUpdater] INFO  impl.StateMachineUpdater (StateMachineUpdater.java:takeSnapshot(291)) - dd913d19-83ff-47ba-9363-dfe8430831a0@group-DE1D064B2062-StateMachineUpdater: Took a snapshot at index 0
2023-09-29 09:14:47,207 [dd913d19-83ff-47ba-9363-dfe8430831a0@group-DE1D064B2062-StateMachineUpdater] INFO  impl.StateMachineUpdater (StateMachineUpdater.java:lambda$new$0(97)) - dd913d19-83ff-47ba-9363-dfe8430831a0@group-DE1D064B2062-StateMachineUpdater: snapshotIndex: updateIncreasingly -1 -> 0
2023-09-29 09:14:47,209 [dd913d19-83ff-47ba-9363-dfe8430831a0-impl-thread2] INFO  server.RaftServer$Division (ServerState.java:close(472)) - dd913d19-83ff-47ba-9363-dfe8430831a0@group-DE1D064B2062: closes. applyIndex: 0
2023-09-29 09:14:47,211 [ForkJoinPool.commonPool-worker-0] INFO  server.GrpcService (GrpcService.java:closeImpl(320)) - dd913d19-83ff-47ba-9363-dfe8430831a0: shutdown server org.apache.ratis.grpc.server.GrpcClientProtocolService successfully
2023-09-29 09:14:47,211 [ForkJoinPool.commonPool-worker-0] INFO  server.GrpcService (GrpcService.java:closeImpl(311)) - dd913d19-83ff-47ba-9363-dfe8430831a0: shutdown server GrpcServerProtocolService now
2023-09-29 09:14:47,213 [main] INFO  server.GrpcService (GrpcService.java:closeImpl(320)) - 2a19af63-c44c-4b61-8149-4383770f1009: shutdown server org.apache.ratis.grpc.server.GrpcAdminProtocolService successfully
2023-09-29 09:14:47,214 [2a19af63-c44c-4b61-8149-4383770f1009-NettyServerStreamRpc-bossGroup--thread1] INFO  logging.LoggingHandler (AbstractInternalLogger.java:log(148)) - [id: 0x8cf8fc39, L:/0:0:0:0:0:0:0:0:15033] CLOSE
2023-09-29 09:14:47,215 [grpc-default-executor-4] WARN  server.GrpcLogAppender (LogUtils.java:warn(122)) - 808e3967-7510-49b7-87ea-3b9eb7a0b48e@group-79D0840543AE->f9652e80-d58c-49ab-ab0e-27e6fff13d69-AppendLogResponseHandler: Failed appendEntries: org.apache.ratis.thirdparty.io.grpc.StatusRuntimeException: CANCELLED: RST_STREAM closed stream. HTTP/2 error code: CANCEL
2023-09-29 09:14:47,215 [grpc-default-executor-4] INFO  leader.FollowerInfo (FollowerInfoImpl.java:lambda$new$0(52)) - 808e3967-7510-49b7-87ea-3b9eb7a0b48e@group-79D0840543AE->f9652e80-d58c-49ab-ab0e-27e6fff13d69: decreaseNextIndex nextIndex: updateUnconditionally 40 -> 39
2023-09-29 09:14:47,216 [2a19af63-c44c-4b61-8149-4383770f1009-NettyServerStreamRpc-bossGroup--thread1] INFO  logging.LoggingHandler (AbstractInternalLogger.java:log(148)) - [id: 0x8cf8fc39, L:/0:0:0:0:0:0:0:0:15033] INACTIVE
2023-09-29 09:14:47,217 [2a19af63-c44c-4b61-8149-4383770f1009-NettyServerStreamRpc-bossGroup--thread1] INFO  logging.LoggingHandler (AbstractInternalLogger.java:log(148)) - [id: 0x8cf8fc39, L:/0:0:0:0:0:0:0:0:15033] UNREGISTERED
2023-09-29 09:14:47,221 [ForkJoinPool.commonPool-worker-1] INFO  server.GrpcService (GrpcService.java:closeImpl(320)) - f9652e80-d58c-49ab-ab0e-27e6fff13d69: shutdown server org.apache.ratis.grpc.server.GrpcAdminProtocolService successfully
2023-09-29 09:14:47,222 [f9652e80-d58c-49ab-ab0e-27e6fff13d69-NettyServerStreamRpc-bossGroup--thread1] INFO  logging.LoggingHandler (AbstractInternalLogger.java:log(148)) - [id: 0x0b0ef6f2, L:/0:0:0:0:0:0:0:0:15024] CLOSE
2023-09-29 09:14:47,222 [f9652e80-d58c-49ab-ab0e-27e6fff13d69-NettyServerStreamRpc-bossGroup--thread1] INFO  logging.LoggingHandler (AbstractInternalLogger.java:log(148)) - [id: 0x0b0ef6f2, L:/0:0:0:0:0:0:0:0:15024] INACTIVE
2023-09-29 09:14:47,222 [f9652e80-d58c-49ab-ab0e-27e6fff13d69-NettyServerStreamRpc-bossGroup--thread1] INFO  logging.LoggingHandler (AbstractInternalLogger.java:log(148)) - [id: 0x0b0ef6f2, L:/0:0:0:0:0:0:0:0:15024] UNREGISTERED
2023-09-29 09:14:47,234 [ForkJoinPool.commonPool-worker-0] INFO  server.GrpcService (GrpcService.java:closeImpl(320)) - dd913d19-83ff-47ba-9363-dfe8430831a0: shutdown server GrpcServerProtocolService successfully
2023-09-29 09:14:47,234 [ForkJoinPool.commonPool-worker-0] INFO  server.GrpcService (GrpcService.java:closeImpl(311)) - dd913d19-83ff-47ba-9363-dfe8430831a0: shutdown server org.apache.ratis.grpc.server.GrpcAdminProtocolService now
2023-09-29 09:14:47,241 [ForkJoinPool.commonPool-worker-0] INFO  server.GrpcService (GrpcService.java:closeImpl(320)) - dd913d19-83ff-47ba-9363-dfe8430831a0: shutdown server org.apache.ratis.grpc.server.GrpcAdminProtocolService successfully
2023-09-29 09:14:47,241 [dd913d19-83ff-47ba-9363-dfe8430831a0-NettyServerStreamRpc-bossGroup--thread1] INFO  logging.LoggingHandler (AbstractInternalLogger.java:log(148)) - [id: 0x94925535, L:/0:0:0:0:0:0:0:0:15051] CLOSE
2023-09-29 09:14:47,241 [dd913d19-83ff-47ba-9363-dfe8430831a0-NettyServerStreamRpc-bossGroup--thread1] INFO  logging.LoggingHandler (AbstractInternalLogger.java:log(148)) - [id: 0x94925535, L:/0:0:0:0:0:0:0:0:15051] INACTIVE
2023-09-29 09:14:47,241 [dd913d19-83ff-47ba-9363-dfe8430831a0-NettyServerStreamRpc-bossGroup--thread1] INFO  logging.LoggingHandler (AbstractInternalLogger.java:log(148)) - [id: 0x94925535, L:/0:0:0:0:0:0:0:0:15051] UNREGISTERED
2023-09-29 09:14:47,248 [ForkJoinPool.commonPool-worker-3] INFO  ozoneimpl.OzoneContainer (OzoneContainer.java:stop(451)) - Attempting to stop container services.
2023-09-29 09:14:47,249 [ForkJoinPool.commonPool-worker-3] INFO  server.RaftServer (RaftServerProxy.java:lambda$close$6(416)) - 808e3967-7510-49b7-87ea-3b9eb7a0b48e: close
2023-09-29 09:14:47,256 [808e3967-7510-49b7-87ea-3b9eb7a0b48e-impl-thread2] INFO  server.RaftServer$Division (RaftServerImpl.java:lambda$close$4(466)) - 808e3967-7510-49b7-87ea-3b9eb7a0b48e@group-79D0840543AE: shutdown
2023-09-29 09:14:47,256 [808e3967-7510-49b7-87ea-3b9eb7a0b48e-impl-thread2] INFO  util.JmxRegister (JmxRegister.java:unregister(73)) - Successfully un-registered JMX Bean with object name Ratis:service=RaftServer,group=group-79D0840543AE,id=808e3967-7510-49b7-87ea-3b9eb7a0b48e
2023-09-29 09:14:47,256 [808e3967-7510-49b7-87ea-3b9eb7a0b48e-impl-thread2] INFO  impl.RoleInfo (RoleInfo.java:shutdownLeaderState(93)) - 808e3967-7510-49b7-87ea-3b9eb7a0b48e: shutdown 808e3967-7510-49b7-87ea-3b9eb7a0b48e@group-79D0840543AE-LeaderStateImpl
2023-09-29 09:14:47,256 [808e3967-7510-49b7-87ea-3b9eb7a0b48e-impl-thread3] INFO  server.RaftServer$Division (RaftServerImpl.java:lambda$close$4(466)) - 808e3967-7510-49b7-87ea-3b9eb7a0b48e@group-21480694BB4B: shutdown
2023-09-29 09:14:47,257 [808e3967-7510-49b7-87ea-3b9eb7a0b48e-impl-thread3] INFO  util.JmxRegister (JmxRegister.java:unregister(73)) - Successfully un-registered JMX Bean with object name Ratis:service=RaftServer,group=group-21480694BB4B,id=808e3967-7510-49b7-87ea-3b9eb7a0b48e
2023-09-29 09:14:47,257 [808e3967-7510-49b7-87ea-3b9eb7a0b48e-impl-thread3] INFO  impl.RoleInfo (RoleInfo.java:shutdownFollowerState(110)) - 808e3967-7510-49b7-87ea-3b9eb7a0b48e: shutdown 808e3967-7510-49b7-87ea-3b9eb7a0b48e@group-21480694BB4B-FollowerState
2023-09-29 09:14:47,257 [ForkJoinPool.commonPool-worker-3] INFO  server.GrpcService (GrpcService.java:closeImpl(311)) - 808e3967-7510-49b7-87ea-3b9eb7a0b48e: shutdown server org.apache.ratis.grpc.server.GrpcClientProtocolService now
2023-09-29 09:14:47,261 [808e3967-7510-49b7-87ea-3b9eb7a0b48e-impl-thread4] INFO  server.RaftServer$Division (RaftServerImpl.java:lambda$close$4(466)) - 808e3967-7510-49b7-87ea-3b9eb7a0b48e@group-65EBCE1C6144: shutdown
2023-09-29 09:14:47,261 [808e3967-7510-49b7-87ea-3b9eb7a0b48e-impl-thread4] INFO  util.JmxRegister (JmxRegister.java:unregister(73)) - Successfully un-registered JMX Bean with object name Ratis:service=RaftServer,group=group-65EBCE1C6144,id=808e3967-7510-49b7-87ea-3b9eb7a0b48e
2023-09-29 09:14:47,261 [808e3967-7510-49b7-87ea-3b9eb7a0b48e-impl-thread4] INFO  impl.RoleInfo (RoleInfo.java:shutdownLeaderState(93)) - 808e3967-7510-49b7-87ea-3b9eb7a0b48e: shutdown 808e3967-7510-49b7-87ea-3b9eb7a0b48e@group-65EBCE1C6144-LeaderStateImpl
2023-09-29 09:14:47,261 [808e3967-7510-49b7-87ea-3b9eb7a0b48e-impl-thread4] INFO  impl.PendingRequests (PendingRequests.java:sendNotLeaderResponses(289)) - 808e3967-7510-49b7-87ea-3b9eb7a0b48e@group-65EBCE1C6144-PendingRequests: sendNotLeaderResponses
2023-09-29 09:14:47,262 [808e3967-7510-49b7-87ea-3b9eb7a0b48e-impl-thread3] INFO  impl.StateMachineUpdater (StateMachineUpdater.java:stopAndJoin(155)) - 808e3967-7510-49b7-87ea-3b9eb7a0b48e@group-21480694BB4B-StateMachineUpdater: set stopIndex = 35
2023-09-29 09:14:47,262 [808e3967-7510-49b7-87ea-3b9eb7a0b48e@group-21480694BB4B-FollowerState] INFO  impl.FollowerState (FollowerState.java:run(152)) - 808e3967-7510-49b7-87ea-3b9eb7a0b48e@group-21480694BB4B-FollowerState was interrupted
2023-09-29 09:14:47,263 [808e3967-7510-49b7-87ea-3b9eb7a0b48e-impl-thread2] INFO  impl.PendingRequests (PendingRequests.java:sendNotLeaderResponses(289)) - 808e3967-7510-49b7-87ea-3b9eb7a0b48e@group-79D0840543AE-PendingRequests: sendNotLeaderResponses
2023-09-29 09:14:47,263 [808e3967-7510-49b7-87ea-3b9eb7a0b48e@group-79D0840543AE->2a19af63-c44c-4b61-8149-4383770f1009-GrpcLogAppender-LogAppenderDaemon] WARN  server.GrpcLogAppender (GrpcLogAppender.java:mayWait(199)) - 808e3967-7510-49b7-87ea-3b9eb7a0b48e@group-79D0840543AE->2a19af63-c44c-4b61-8149-4383770f1009-GrpcLogAppender: Wait interrupted by java.lang.InterruptedException
2023-09-29 09:14:47,263 [808e3967-7510-49b7-87ea-3b9eb7a0b48e@group-21480694BB4B-StateMachineUpdater] INFO  ratis.ContainerStateMachine (ContainerStateMachine.java:takeSnapshot(330)) - group-21480694BB4B: Taking a snapshot at:(t:1, i:35) file /home/runner/work/ozone/ozone/hadoop-ozone/integration-test/target/test-dir/MiniOzoneClusterImpl-2a0ec25a-3990-4628-8b93-857bbff79694/datanode-0/data/ratis/8c5c8929-5404-440d-9621-21480694bb4b/sm/snapshot.1_35
2023-09-29 09:14:47,263 [808e3967-7510-49b7-87ea-3b9eb7a0b48e@group-79D0840543AE->f9652e80-d58c-49ab-ab0e-27e6fff13d69-GrpcLogAppender-LogAppenderDaemon] WARN  server.GrpcLogAppender (GrpcLogAppender.java:mayWait(199)) - 808e3967-7510-49b7-87ea-3b9eb7a0b48e@group-79D0840543AE->f9652e80-d58c-49ab-ab0e-27e6fff13d69-GrpcLogAppender: Wait interrupted by java.lang.InterruptedException
2023-09-29 09:14:47,269 [808e3967-7510-49b7-87ea-3b9eb7a0b48e-impl-thread4] INFO  impl.StateMachineUpdater (StateMachineUpdater.java:stopAndJoin(155)) - 808e3967-7510-49b7-87ea-3b9eb7a0b48e@group-65EBCE1C6144-StateMachineUpdater: set stopIndex = 0
2023-09-29 09:14:47,269 [808e3967-7510-49b7-87ea-3b9eb7a0b48e@group-65EBCE1C6144-StateMachineUpdater] INFO  ratis.ContainerStateMachine (ContainerStateMachine.java:takeSnapshot(330)) - group-65EBCE1C6144: Taking a snapshot at:(t:1, i:0) file /home/runner/work/ozone/ozone/hadoop-ozone/integration-test/target/test-dir/MiniOzoneClusterImpl-2a0ec25a-3990-4628-8b93-857bbff79694/datanode-0/data/ratis/8629ba0f-fd46-46aa-a1e4-65ebce1c6144/sm/snapshot.1_0
2023-09-29 09:14:47,269 [Thread-1695] INFO  server.GrpcServerProtocolClient (GrpcServerProtocolClient.java:close(103)) - 2a19af63-c44c-4b61-8149-4383770f1009 Close channels
2023-09-29 09:14:47,270 [808e3967-7510-49b7-87ea-3b9eb7a0b48e@group-65EBCE1C6144-StateMachineUpdater] INFO  ratis.ContainerStateMachine (ContainerStateMachine.java:takeSnapshot(341)) - group-65EBCE1C6144: Finished taking a snapshot at:(t:1, i:0) file:/home/runner/work/ozone/ozone/hadoop-ozone/integration-test/target/test-dir/MiniOzoneClusterImpl-2a0ec25a-3990-4628-8b93-857bbff79694/datanode-0/data/ratis/8629ba0f-fd46-46aa-a1e4-65ebce1c6144/sm/snapshot.1_0 took: 1 ms
2023-09-29 09:14:47,270 [808e3967-7510-49b7-87ea-3b9eb7a0b48e@group-65EBCE1C6144-StateMachineUpdater] INFO  impl.StateMachineUpdater (StateMachineUpdater.java:takeSnapshot(291)) - 808e3967-7510-49b7-87ea-3b9eb7a0b48e@group-65EBCE1C6144-StateMachineUpdater: Took a snapshot at index 0
2023-09-29 09:14:47,270 [808e3967-7510-49b7-87ea-3b9eb7a0b48e@group-65EBCE1C6144-StateMachineUpdater] INFO  impl.StateMachineUpdater (StateMachineUpdater.java:lambda$new$0(97)) - 808e3967-7510-49b7-87ea-3b9eb7a0b48e@group-65EBCE1C6144-StateMachineUpdater: snapshotIndex: updateIncreasingly -1 -> 0
2023-09-29 09:14:47,272 [ForkJoinPool.commonPool-worker-2] INFO  ozoneimpl.OzoneContainer (OzoneContainer.java:stop(451)) - Attempting to stop container services.
2023-09-29 09:14:47,273 [808e3967-7510-49b7-87ea-3b9eb7a0b48e@group-21480694BB4B-StateMachineUpdater] INFO  ratis.ContainerStateMachine (ContainerStateMachine.java:takeSnapshot(341)) - group-21480694BB4B: Finished taking a snapshot at:(t:1, i:35) file:/home/runner/work/ozone/ozone/hadoop-ozone/integration-test/target/test-dir/MiniOzoneClusterImpl-2a0ec25a-3990-4628-8b93-857bbff79694/datanode-0/data/ratis/8c5c8929-5404-440d-9621-21480694bb4b/sm/snapshot.1_35 took: 10 ms
2023-09-29 09:14:47,273 [grpc-default-executor-2] WARN  server.GrpcClientProtocolService (LogUtils.java:warn(122)) - 3-UnorderedRequestStreamObserver3: onError: org.apache.ratis.thirdparty.io.grpc.StatusRuntimeException: CANCELLED: client cancelled
2023-09-29 09:14:47,274 [Thread-1696] INFO  server.GrpcServerProtocolClient (GrpcServerProtocolClient.java:close(103)) - f9652e80-d58c-49ab-ab0e-27e6fff13d69 Close channels
2023-09-29 09:14:47,277 [ForkJoinPool.commonPool-worker-2] INFO  server.RaftServer (RaftServerProxy.java:lambda$close$6(416)) - a6468106-3f01-4ed8-9704-c326dd06b734: close
2023-09-29 09:14:47,278 [808e3967-7510-49b7-87ea-3b9eb7a0b48e-impl-thread4] INFO  server.RaftServer$Division (ServerState.java:close(472)) - 808e3967-7510-49b7-87ea-3b9eb7a0b48e@group-65EBCE1C6144: closes. applyIndex: 0
2023-09-29 09:14:47,279 [808e3967-7510-49b7-87ea-3b9eb7a0b48e-impl-thread2] INFO  impl.StateMachineUpdater (StateMachineUpdater.java:stopAndJoin(155)) - 808e3967-7510-49b7-87ea-3b9eb7a0b48e@group-79D0840543AE-StateMachineUpdater: set stopIndex = 40
2023-09-29 09:14:47,280 [808e3967-7510-49b7-87ea-3b9eb7a0b48e@group-79D0840543AE-StateMachineUpdater] INFO  ratis.ContainerStateMachine (ContainerStateMachine.java:takeSnapshot(330)) - group-79D0840543AE: Taking a snapshot at:(t:1, i:40) file /home/runner/work/ozone/ozone/hadoop-ozone/integration-test/target/test-dir/MiniOzoneClusterImpl-2a0ec25a-3990-4628-8b93-857bbff79694/datanode-0/data/ratis/2272ba57-cbf2-4b0e-b784-79d0840543ae/sm/snapshot.1_40
2023-09-29 09:14:47,282 [ForkJoinPool.commonPool-worker-3] INFO  server.GrpcService (GrpcService.java:closeImpl(320)) - 808e3967-7510-49b7-87ea-3b9eb7a0b48e: shutdown server org.apache.ratis.grpc.server.GrpcClientProtocolService successfully
2023-09-29 09:14:47,282 [ForkJoinPool.commonPool-worker-3] INFO  server.GrpcService (GrpcService.java:closeImpl(311)) - 808e3967-7510-49b7-87ea-3b9eb7a0b48e: shutdown server GrpcServerProtocolService now
2023-09-29 09:14:47,282 [grpc-default-executor-2] WARN  server.GrpcClientProtocolService (LogUtils.java:warn(122)) - 7-UnorderedRequestStreamObserver7: onError: org.apache.ratis.thirdparty.io.grpc.StatusRuntimeException: CANCELLED: client cancelled
2023-09-29 09:14:47,283 [808e3967-7510-49b7-87ea-3b9eb7a0b48e@group-79D0840543AE-StateMachineUpdater] INFO  ratis.ContainerStateMachine (ContainerStateMachine.java:takeSnapshot(341)) - group-79D0840543AE: Finished taking a snapshot at:(t:1, i:40) file:/home/runner/work/ozone/ozone/hadoop-ozone/integration-test/target/test-dir/MiniOzoneClusterImpl-2a0ec25a-3990-4628-8b93-857bbff79694/datanode-0/data/ratis/2272ba57-cbf2-4b0e-b784-79d0840543ae/sm/snapshot.1_40 took: 3 ms
2023-09-29 09:14:47,284 [808e3967-7510-49b7-87ea-3b9eb7a0b48e@group-79D0840543AE-StateMachineUpdater] INFO  impl.StateMachineUpdater (StateMachineUpdater.java:takeSnapshot(291)) - 808e3967-7510-49b7-87ea-3b9eb7a0b48e@group-79D0840543AE-StateMachineUpdater: Took a snapshot at index 40
2023-09-29 09:14:47,284 [808e3967-7510-49b7-87ea-3b9eb7a0b48e@group-21480694BB4B-StateMachineUpdater] INFO  impl.StateMachineUpdater (StateMachineUpdater.java:takeSnapshot(291)) - 808e3967-7510-49b7-87ea-3b9eb7a0b48e@group-21480694BB4B-StateMachineUpdater: Took a snapshot at index 35
2023-09-29 09:14:47,284 [808e3967-7510-49b7-87ea-3b9eb7a0b48e@group-21480694BB4B-StateMachineUpdater] INFO  impl.StateMachineUpdater (StateMachineUpdater.java:lambda$new$0(97)) - 808e3967-7510-49b7-87ea-3b9eb7a0b48e@group-21480694BB4B-StateMachineUpdater: snapshotIndex: updateIncreasingly -1 -> 35
2023-09-29 09:14:47,284 [808e3967-7510-49b7-87ea-3b9eb7a0b48e@group-79D0840543AE-StateMachineUpdater] INFO  impl.StateMachineUpdater (StateMachineUpdater.java:lambda$new$0(97)) - 808e3967-7510-49b7-87ea-3b9eb7a0b48e@group-79D0840543AE-StateMachineUpdater: snapshotIndex: updateIncreasingly -1 -> 40
2023-09-29 09:14:47,297 [ForkJoinPool.commonPool-worker-2] INFO  server.GrpcService (GrpcService.java:closeImpl(311)) - a6468106-3f01-4ed8-9704-c326dd06b734: shutdown server org.apache.ratis.grpc.server.GrpcClientProtocolService now
2023-09-29 09:14:47,297 [a6468106-3f01-4ed8-9704-c326dd06b734-impl-thread2] INFO  server.RaftServer$Division (RaftServerImpl.java:lambda$close$4(466)) - a6468106-3f01-4ed8-9704-c326dd06b734@group-B15112C7AE0F: shutdown
2023-09-29 09:14:47,301 [a6468106-3f01-4ed8-9704-c326dd06b734-impl-thread2] INFO  util.JmxRegister (JmxRegister.java:unregister(73)) - Successfully un-registered JMX Bean with object name Ratis:service=RaftServer,group=group-B15112C7AE0F,id=a6468106-3f01-4ed8-9704-c326dd06b734
2023-09-29 09:14:47,301 [a6468106-3f01-4ed8-9704-c326dd06b734-impl-thread2] INFO  impl.RoleInfo (RoleInfo.java:shutdownLeaderState(93)) - a6468106-3f01-4ed8-9704-c326dd06b734: shutdown a6468106-3f01-4ed8-9704-c326dd06b734@group-B15112C7AE0F-LeaderStateImpl
2023-09-29 09:14:47,301 [808e3967-7510-49b7-87ea-3b9eb7a0b48e-impl-thread3] INFO  server.RaftServer$Division (ServerState.java:close(472)) - 808e3967-7510-49b7-87ea-3b9eb7a0b48e@group-21480694BB4B: closes. applyIndex: 35
2023-09-29 09:14:47,301 [808e3967-7510-49b7-87ea-3b9eb7a0b48e-impl-thread2] INFO  server.RaftServer$Division (ServerState.java:close(472)) - 808e3967-7510-49b7-87ea-3b9eb7a0b48e@group-79D0840543AE: closes. applyIndex: 40
2023-09-29 09:14:47,303 [a6468106-3f01-4ed8-9704-c326dd06b734-impl-thread2] INFO  impl.PendingRequests (PendingRequests.java:sendNotLeaderResponses(289)) - a6468106-3f01-4ed8-9704-c326dd06b734@group-B15112C7AE0F-PendingRequests: sendNotLeaderResponses
2023-09-29 09:14:47,304 [a6468106-3f01-4ed8-9704-c326dd06b734-impl-thread2] INFO  impl.StateMachineUpdater (StateMachineUpdater.java:stopAndJoin(155)) - a6468106-3f01-4ed8-9704-c326dd06b734@group-B15112C7AE0F-StateMachineUpdater: set stopIndex = 0
2023-09-29 09:14:47,304 [a6468106-3f01-4ed8-9704-c326dd06b734@group-B15112C7AE0F-StateMachineUpdater] INFO  ratis.ContainerStateMachine (ContainerStateMachine.java:takeSnapshot(330)) - group-B15112C7AE0F: Taking a snapshot at:(t:1, i:0) file /home/runner/work/ozone/ozone/hadoop-ozone/integration-test/target/test-dir/MiniOzoneClusterImpl-2a0ec25a-3990-4628-8b93-857bbff79694/datanode-3/data/ratis/4e691c9a-a91a-4503-8247-b15112c7ae0f/sm/snapshot.1_0
2023-09-29 09:14:47,297 [ForkJoinPool.commonPool-worker-2] INFO  server.GrpcService (GrpcService.java:closeImpl(320)) - a6468106-3f01-4ed8-9704-c326dd06b734: shutdown server org.apache.ratis.grpc.server.GrpcClientProtocolService successfully
2023-09-29 09:14:47,305 [ForkJoinPool.commonPool-worker-2] INFO  server.GrpcService (GrpcService.java:closeImpl(311)) - a6468106-3f01-4ed8-9704-c326dd06b734: shutdown server GrpcServerProtocolService now
2023-09-29 09:14:47,305 [a6468106-3f01-4ed8-9704-c326dd06b734@group-B15112C7AE0F-StateMachineUpdater] INFO  ratis.ContainerStateMachine (ContainerStateMachine.java:takeSnapshot(341)) - group-B15112C7AE0F: Finished taking a snapshot at:(t:1, i:0) file:/home/runner/work/ozone/ozone/hadoop-ozone/integration-test/target/test-dir/MiniOzoneClusterImpl-2a0ec25a-3990-4628-8b93-857bbff79694/datanode-3/data/ratis/4e691c9a-a91a-4503-8247-b15112c7ae0f/sm/snapshot.1_0 took: 1 ms
2023-09-29 09:14:47,305 [a6468106-3f01-4ed8-9704-c326dd06b734@group-B15112C7AE0F-StateMachineUpdater] INFO  impl.StateMachineUpdater (StateMachineUpdater.java:takeSnapshot(291)) - a6468106-3f01-4ed8-9704-c326dd06b734@group-B15112C7AE0F-StateMachineUpdater: Took a snapshot at index 0
2023-09-29 09:14:47,305 [a6468106-3f01-4ed8-9704-c326dd06b734@group-B15112C7AE0F-StateMachineUpdater] INFO  impl.StateMachineUpdater (StateMachineUpdater.java:lambda$new$0(97)) - a6468106-3f01-4ed8-9704-c326dd06b734@group-B15112C7AE0F-StateMachineUpdater: snapshotIndex: updateIncreasingly -1 -> 0
2023-09-29 09:14:47,306 [a6468106-3f01-4ed8-9704-c326dd06b734-impl-thread2] INFO  server.RaftServer$Division (ServerState.java:close(472)) - a6468106-3f01-4ed8-9704-c326dd06b734@group-B15112C7AE0F: closes. applyIndex: 0
2023-09-29 09:14:47,312 [ForkJoinPool.commonPool-worker-3] INFO  server.GrpcService (GrpcService.java:closeImpl(320)) - 808e3967-7510-49b7-87ea-3b9eb7a0b48e: shutdown server GrpcServerProtocolService successfully
2023-09-29 09:14:47,312 [ForkJoinPool.commonPool-worker-3] INFO  server.GrpcService (GrpcService.java:closeImpl(311)) - 808e3967-7510-49b7-87ea-3b9eb7a0b48e: shutdown server org.apache.ratis.grpc.server.GrpcAdminProtocolService now
2023-09-29 09:14:47,315 [ForkJoinPool.commonPool-worker-2] INFO  server.GrpcService (GrpcService.java:closeImpl(320)) - a6468106-3f01-4ed8-9704-c326dd06b734: shutdown server GrpcServerProtocolService successfully
2023-09-29 09:14:47,316 [ForkJoinPool.commonPool-worker-2] INFO  server.GrpcService (GrpcService.java:closeImpl(311)) - a6468106-3f01-4ed8-9704-c326dd06b734: shutdown server org.apache.ratis.grpc.server.GrpcAdminProtocolService now
2023-09-29 09:14:47,324 [ForkJoinPool.commonPool-worker-3] INFO  server.GrpcService (GrpcService.java:closeImpl(320)) - 808e3967-7510-49b7-87ea-3b9eb7a0b48e: shutdown server org.apache.ratis.grpc.server.GrpcAdminProtocolService successfully
2023-09-29 09:14:47,325 [808e3967-7510-49b7-87ea-3b9eb7a0b48e-NettyServerStreamRpc-bossGroup--thread1] INFO  logging.LoggingHandler (AbstractInternalLogger.java:log(148)) - [id: 0x3e8cea32, L:/0:0:0:0:0:0:0:0:15015] CLOSE
2023-09-29 09:14:47,325 [808e3967-7510-49b7-87ea-3b9eb7a0b48e-NettyServerStreamRpc-bossGroup--thread1] INFO  logging.LoggingHandler (AbstractInternalLogger.java:log(148)) - [id: 0x3e8cea32, L:/0:0:0:0:0:0:0:0:15015] INACTIVE
2023-09-29 09:14:47,325 [808e3967-7510-49b7-87ea-3b9eb7a0b48e-NettyServerStreamRpc-bossGroup--thread1] INFO  logging.LoggingHandler (AbstractInternalLogger.java:log(148)) - [id: 0x3e8cea32, L:/0:0:0:0:0:0:0:0:15015] UNREGISTERED
2023-09-29 09:14:47,336 [ForkJoinPool.commonPool-worker-2] INFO  server.GrpcService (GrpcService.java:closeImpl(320)) - a6468106-3f01-4ed8-9704-c326dd06b734: shutdown server org.apache.ratis.grpc.server.GrpcAdminProtocolService successfully
2023-09-29 09:14:47,336 [a6468106-3f01-4ed8-9704-c326dd06b734-NettyServerStreamRpc-bossGroup--thread1] INFO  logging.LoggingHandler (AbstractInternalLogger.java:log(148)) - [id: 0xa3221dca, L:/0:0:0:0:0:0:0:0:15042] CLOSE
2023-09-29 09:14:47,340 [a6468106-3f01-4ed8-9704-c326dd06b734-NettyServerStreamRpc-bossGroup--thread1] INFO  logging.LoggingHandler (AbstractInternalLogger.java:log(148)) - [id: 0xa3221dca, L:/0:0:0:0:0:0:0:0:15042] INACTIVE
2023-09-29 09:14:47,340 [a6468106-3f01-4ed8-9704-c326dd06b734-NettyServerStreamRpc-bossGroup--thread1] INFO  logging.LoggingHandler (AbstractInternalLogger.java:log(148)) - [id: 0xa3221dca, L:/0:0:0:0:0:0:0:0:15042] UNREGISTERED
2023-09-29 09:14:47,852 [dd913d19-83ff-47ba-9363-dfe8430831a0-impl-thread2] INFO  segmented.SegmentedRaftLogWorker (SegmentedRaftLogWorker.java:close(252)) - dd913d19-83ff-47ba-9363-dfe8430831a0@group-DE1D064B2062-SegmentedRaftLogWorker close()
2023-09-29 09:14:47,854 [JvmPauseMonitor6] INFO  util.JvmPauseMonitor (JvmPauseMonitor.java:run(109)) - JvmPauseMonitor-dd913d19-83ff-47ba-9363-dfe8430831a0: Stopped
2023-09-29 09:14:47,854 [2a19af63-c44c-4b61-8149-4383770f1009-impl-thread2] INFO  segmented.SegmentedRaftLogWorker (SegmentedRaftLogWorker.java:close(252)) - 2a19af63-c44c-4b61-8149-4383770f1009@group-8C93D2FE0CF0-SegmentedRaftLogWorker close()
2023-09-29 09:14:47,862 [808e3967-7510-49b7-87ea-3b9eb7a0b48e-impl-thread4] INFO  segmented.SegmentedRaftLogWorker (SegmentedRaftLogWorker.java:close(252)) - 808e3967-7510-49b7-87ea-3b9eb7a0b48e@group-65EBCE1C6144-SegmentedRaftLogWorker close()
2023-09-29 09:14:47,867 [f9652e80-d58c-49ab-ab0e-27e6fff13d69-impl-thread2] INFO  segmented.SegmentedRaftLogWorker (SegmentedRaftLogWorker.java:close(252)) - f9652e80-d58c-49ab-ab0e-27e6fff13d69@group-C06849071740-SegmentedRaftLogWorker close()
2023-09-29 09:14:47,867 [a6468106-3f01-4ed8-9704-c326dd06b734-impl-thread2] INFO  segmented.SegmentedRaftLogWorker (SegmentedRaftLogWorker.java:close(252)) - a6468106-3f01-4ed8-9704-c326dd06b734@group-B15112C7AE0F-SegmentedRaftLogWorker close()
2023-09-29 09:14:47,869 [JvmPauseMonitor5] INFO  util.JvmPauseMonitor (JvmPauseMonitor.java:run(109)) - JvmPauseMonitor-a6468106-3f01-4ed8-9704-c326dd06b734: Stopped
2023-09-29 09:14:47,949 [f9652e80-d58c-49ab-ab0e-27e6fff13d69-impl-thread4] INFO  segmented.SegmentedRaftLogWorker (SegmentedRaftLogWorker.java:close(252)) - f9652e80-d58c-49ab-ab0e-27e6fff13d69@group-21480694BB4B-SegmentedRaftLogWorker close()
2023-09-29 09:14:47,968 [2a19af63-c44c-4b61-8149-4383770f1009-impl-thread4] INFO  segmented.SegmentedRaftLogWorker (SegmentedRaftLogWorker.java:close(252)) - 2a19af63-c44c-4b61-8149-4383770f1009@group-21480694BB4B-SegmentedRaftLogWorker close()
2023-09-29 09:14:47,969 [808e3967-7510-49b7-87ea-3b9eb7a0b48e-impl-thread3] INFO  segmented.SegmentedRaftLogWorker (SegmentedRaftLogWorker.java:close(252)) - 808e3967-7510-49b7-87ea-3b9eb7a0b48e@group-21480694BB4B-SegmentedRaftLogWorker close()
2023-09-29 09:14:48,036 [808e3967-7510-49b7-87ea-3b9eb7a0b48e-impl-thread2] INFO  segmented.SegmentedRaftLogWorker (SegmentedRaftLogWorker.java:close(252)) - 808e3967-7510-49b7-87ea-3b9eb7a0b48e@group-79D0840543AE-SegmentedRaftLogWorker close()
2023-09-29 09:14:48,039 [JvmPauseMonitor2] INFO  util.JvmPauseMonitor (JvmPauseMonitor.java:run(109)) - JvmPauseMonitor-808e3967-7510-49b7-87ea-3b9eb7a0b48e: Stopped
2023-09-29 09:14:48,064 [2a19af63-c44c-4b61-8149-4383770f1009-impl-thread3] INFO  segmented.SegmentedRaftLogWorker (SegmentedRaftLogWorker.java:close(252)) - 2a19af63-c44c-4b61-8149-4383770f1009@group-79D0840543AE-SegmentedRaftLogWorker close()
2023-09-29 09:14:48,064 [f9652e80-d58c-49ab-ab0e-27e6fff13d69-impl-thread3] INFO  segmented.SegmentedRaftLogWorker (SegmentedRaftLogWorker.java:close(252)) - f9652e80-d58c-49ab-ab0e-27e6fff13d69@group-79D0840543AE-SegmentedRaftLogWorker close()
2023-09-29 09:14:48,067 [JvmPauseMonitor4] INFO  util.JvmPauseMonitor (JvmPauseMonitor.java:run(109)) - JvmPauseMonitor-2a19af63-c44c-4b61-8149-4383770f1009: Stopped
2023-09-29 09:14:48,067 [JvmPauseMonitor3] INFO  util.JvmPauseMonitor (JvmPauseMonitor.java:run(109)) - JvmPauseMonitor-f9652e80-d58c-49ab-ab0e-27e6fff13d69: Stopped
2023-09-29 09:14:49,891 [ForkJoinPool.commonPool-worker-2] INFO  utils.DatanodeStoreCache (DatanodeStoreCache.java:shutdownCache(110)) - Skip clearing cache in mini cluster mode. Entries left: [/home/runner/work/ozone/ozone/hadoop-ozone/integration-test/target/test-dir/MiniOzoneClusterImpl-2a0ec25a-3990-4628-8b93-857bbff79694/datanode-0/data-0/containers/hdds/2a0ec25a-3990-4628-8b93-857bbff79694/DS-1b6f5a83-bc5d-453a-8e72-f8c4ad5a9c75/container.db, /home/runner/work/ozone/ozone/hadoop-ozone/integration-test/target/test-dir/MiniOzoneClusterImpl-2a0ec25a-3990-4628-8b93-857bbff79694/datanode-1/data-0/containers/hdds/2a0ec25a-3990-4628-8b93-857bbff79694/DS-fc6865aa-ac25-4c16-ad19-a68387fb359b/container.db, /home/runner/work/ozone/ozone/hadoop-ozone/integration-test/target/test-dir/MiniOzoneClusterImpl-2a0ec25a-3990-4628-8b93-857bbff79694/datanode-2/data-0/containers/hdds/2a0ec25a-3990-4628-8b93-857bbff79694/DS-fdf40922-9cd4-4d5b-8e6f-de294f8ee99e/container.db, /home/runner/work/ozone/ozone/hadoop-ozone/integration-test/target/test-dir/MiniOzoneClusterImpl-2a0ec25a-3990-4628-8b93-857bbff79694/datanode-3/data-0/containers/hdds/2a0ec25a-3990-4628-8b93-857bbff79694/DS-251fd790-b2d8-4cb2-9189-8069a2c762a7/container.db, /home/runner/work/ozone/ozone/hadoop-ozone/integration-test/target/test-dir/MiniOzoneClusterImpl-2a0ec25a-3990-4628-8b93-857bbff79694/datanode-4/data-0/containers/hdds/2a0ec25a-3990-4628-8b93-857bbff79694/DS-3ae5e3cc-bb73-4e50-977b-f43ad0eb1e17/container.db]
2023-09-29 09:14:49,891 [ForkJoinPool.commonPool-worker-0] INFO  utils.DatanodeStoreCache (DatanodeStoreCache.java:shutdownCache(110)) - Skip clearing cache in mini cluster mode. Entries left: [/home/runner/work/ozone/ozone/hadoop-ozone/integration-test/target/test-dir/MiniOzoneClusterImpl-2a0ec25a-3990-4628-8b93-857bbff79694/datanode-0/data-0/containers/hdds/2a0ec25a-3990-4628-8b93-857bbff79694/DS-1b6f5a83-bc5d-453a-8e72-f8c4ad5a9c75/container.db, /home/runner/work/ozone/ozone/hadoop-ozone/integration-test/target/test-dir/MiniOzoneClusterImpl-2a0ec25a-3990-4628-8b93-857bbff79694/datanode-1/data-0/containers/hdds/2a0ec25a-3990-4628-8b93-857bbff79694/DS-fc6865aa-ac25-4c16-ad19-a68387fb359b/container.db, /home/runner/work/ozone/ozone/hadoop-ozone/integration-test/target/test-dir/MiniOzoneClusterImpl-2a0ec25a-3990-4628-8b93-857bbff79694/datanode-2/data-0/containers/hdds/2a0ec25a-3990-4628-8b93-857bbff79694/DS-fdf40922-9cd4-4d5b-8e6f-de294f8ee99e/container.db, /home/runner/work/ozone/ozone/hadoop-ozone/integration-test/target/test-dir/MiniOzoneClusterImpl-2a0ec25a-3990-4628-8b93-857bbff79694/datanode-3/data-0/containers/hdds/2a0ec25a-3990-4628-8b93-857bbff79694/DS-251fd790-b2d8-4cb2-9189-8069a2c762a7/container.db, /home/runner/work/ozone/ozone/hadoop-ozone/integration-test/target/test-dir/MiniOzoneClusterImpl-2a0ec25a-3990-4628-8b93-857bbff79694/datanode-4/data-0/containers/hdds/2a0ec25a-3990-4628-8b93-857bbff79694/DS-3ae5e3cc-bb73-4e50-977b-f43ad0eb1e17/container.db]
2023-09-29 09:14:49,897 [ForkJoinPool.commonPool-worker-0] INFO  utils.DatanodeStoreCache (DatanodeStoreCache.java:removeDB(104)) - Removed db /home/runner/work/ozone/ozone/hadoop-ozone/integration-test/target/test-dir/MiniOzoneClusterImpl-2a0ec25a-3990-4628-8b93-857bbff79694/datanode-4/data-0/containers/hdds/2a0ec25a-3990-4628-8b93-857bbff79694/DS-3ae5e3cc-bb73-4e50-977b-f43ad0eb1e17/container.db from cache
2023-09-29 09:14:49,897 [ForkJoinPool.commonPool-worker-0] INFO  volume.HddsVolume (HddsVolume.java:closeDbStore(453)) - SchemaV3 db is stopped at /home/runner/work/ozone/ozone/hadoop-ozone/integration-test/target/test-dir/MiniOzoneClusterImpl-2a0ec25a-3990-4628-8b93-857bbff79694/datanode-4/data-0/containers/hdds/2a0ec25a-3990-4628-8b93-857bbff79694/DS-3ae5e3cc-bb73-4e50-977b-f43ad0eb1e17/container.db for volume DS-3ae5e3cc-bb73-4e50-977b-f43ad0eb1e17
2023-09-29 09:14:49,898 [ForkJoinPool.commonPool-worker-0] INFO  utils.BackgroundService (BackgroundService.java:shutdown(141)) - Shutting down service BlockDeletingService
2023-09-29 09:14:49,899 [ForkJoinPool.commonPool-worker-2] INFO  utils.DatanodeStoreCache (DatanodeStoreCache.java:removeDB(104)) - Removed db /home/runner/work/ozone/ozone/hadoop-ozone/integration-test/target/test-dir/MiniOzoneClusterImpl-2a0ec25a-3990-4628-8b93-857bbff79694/datanode-3/data-0/containers/hdds/2a0ec25a-3990-4628-8b93-857bbff79694/DS-251fd790-b2d8-4cb2-9189-8069a2c762a7/container.db from cache
2023-09-29 09:14:49,899 [ForkJoinPool.commonPool-worker-2] INFO  volume.HddsVolume (HddsVolume.java:closeDbStore(453)) - SchemaV3 db is stopped at /home/runner/work/ozone/ozone/hadoop-ozone/integration-test/target/test-dir/MiniOzoneClusterImpl-2a0ec25a-3990-4628-8b93-857bbff79694/datanode-3/data-0/containers/hdds/2a0ec25a-3990-4628-8b93-857bbff79694/DS-251fd790-b2d8-4cb2-9189-8069a2c762a7/container.db for volume DS-251fd790-b2d8-4cb2-9189-8069a2c762a7
2023-09-29 09:14:49,899 [ForkJoinPool.commonPool-worker-0] INFO  utils.BackgroundService (BackgroundService.java:shutdown(141)) - Shutting down service StaleRecoveringContainerScrubbingService
2023-09-29 09:14:49,900 [ForkJoinPool.commonPool-worker-2] INFO  utils.BackgroundService (BackgroundService.java:shutdown(141)) - Shutting down service BlockDeletingService
2023-09-29 09:14:49,901 [ForkJoinPool.commonPool-worker-0] INFO  statemachine.DatanodeStateMachine (DatanodeStateMachine.java:stopDaemon(621)) - Ozone container server stopped.
2023-09-29 09:14:49,902 [ForkJoinPool.commonPool-worker-2] INFO  utils.BackgroundService (BackgroundService.java:shutdown(141)) - Shutting down service StaleRecoveringContainerScrubbingService
2023-09-29 09:14:49,904 [ForkJoinPool.commonPool-worker-2] INFO  statemachine.DatanodeStateMachine (DatanodeStateMachine.java:stopDaemon(621)) - Ozone container server stopped.
2023-09-29 09:14:49,926 [ForkJoinPool.commonPool-worker-0] INFO  handler.ContextHandler (ContextHandler.java:doStop(1159)) - Stopped o.e.j.w.WebAppContext@73128b78{hddsDatanode,/,null,STOPPED}{jar:file:/home/runner/.m2/repository/org/apache/ozone/hdds-container-service/1.4.0-SNAPSHOT/hdds-container-service-1.4.0-SNAPSHOT.jar!/webapps/hddsDatanode}
2023-09-29 09:14:49,927 [ForkJoinPool.commonPool-worker-0] INFO  server.AbstractConnector (AbstractConnector.java:doStop(383)) - Stopped ServerConnector@76a79d92{HTTP/1.1, (http/1.1)}{0.0.0.0:15045}
2023-09-29 09:14:49,928 [ForkJoinPool.commonPool-worker-0] INFO  server.session (HouseKeeper.java:stopScavenging(149)) - node0 Stopped scavenging
2023-09-29 09:14:49,930 [ForkJoinPool.commonPool-worker-0] INFO  handler.ContextHandler (ContextHandler.java:doStop(1159)) - Stopped o.e.j.s.ServletContextHandler@792333b0{static,/static,jar:file:/home/runner/.m2/repository/org/apache/ozone/hdds-container-service/1.4.0-SNAPSHOT/hdds-container-service-1.4.0-SNAPSHOT.jar!/webapps/static,STOPPED}
2023-09-29 09:14:49,930 [ForkJoinPool.commonPool-worker-0] INFO  handler.ContextHandler (ContextHandler.java:doStop(1159)) - Stopped o.e.j.s.ServletContextHandler@5343ec9a{logs,/logs,file:///home/runner/work/ozone/ozone/hadoop-ozone/integration-test/target/log,STOPPED}
2023-09-29 09:14:49,933 [ForkJoinPool.commonPool-worker-2] INFO  handler.ContextHandler (ContextHandler.java:doStop(1159)) - Stopped o.e.j.w.WebAppContext@1ba5b2a8{hddsDatanode,/,null,STOPPED}{jar:file:/home/runner/.m2/repository/org/apache/ozone/hdds-container-service/1.4.0-SNAPSHOT/hdds-container-service-1.4.0-SNAPSHOT.jar!/webapps/hddsDatanode}
2023-09-29 09:14:49,934 [ForkJoinPool.commonPool-worker-0] INFO  ozone.HddsDatanodeClientProtocolServer (HddsDatanodeClientProtocolServer.java:stop(78)) - Stopping the RPC server for Client Protocol
2023-09-29 09:14:49,935 [ForkJoinPool.commonPool-worker-0] INFO  ipc.Server (Server.java:stop(3523)) - Stopping server on 15046
2023-09-29 09:14:49,935 [ForkJoinPool.commonPool-worker-2] INFO  server.AbstractConnector (AbstractConnector.java:doStop(383)) - Stopped ServerConnector@688ebf26{HTTP/1.1, (http/1.1)}{0.0.0.0:15036}
2023-09-29 09:14:49,936 [ForkJoinPool.commonPool-worker-2] INFO  server.session (HouseKeeper.java:stopScavenging(149)) - node0 Stopped scavenging
2023-09-29 09:14:49,937 [ForkJoinPool.commonPool-worker-2] INFO  handler.ContextHandler (ContextHandler.java:doStop(1159)) - Stopped o.e.j.s.ServletContextHandler@7bed2ec1{static,/static,jar:file:/home/runner/.m2/repository/org/apache/ozone/hdds-container-service/1.4.0-SNAPSHOT/hdds-container-service-1.4.0-SNAPSHOT.jar!/webapps/static,STOPPED}
2023-09-29 09:14:49,937 [IPC Server listener on 15046] INFO  ipc.Server (Server.java:run(1434)) - Stopping IPC Server listener on 15046
2023-09-29 09:14:49,937 [IPC Server Responder] INFO  ipc.Server (Server.java:run(1567)) - Stopping IPC Server Responder
2023-09-29 09:14:49,941 [ForkJoinPool.commonPool-worker-2] INFO  handler.ContextHandler (ContextHandler.java:doStop(1159)) - Stopped o.e.j.s.ServletContextHandler@3eed7564{logs,/logs,file:///home/runner/work/ozone/ozone/hadoop-ozone/integration-test/target/log,STOPPED}
2023-09-29 09:14:49,944 [ForkJoinPool.commonPool-worker-2] INFO  ozone.HddsDatanodeClientProtocolServer (HddsDatanodeClientProtocolServer.java:stop(78)) - Stopping the RPC server for Client Protocol
2023-09-29 09:14:49,946 [ForkJoinPool.commonPool-worker-2] INFO  ipc.Server (Server.java:stop(3523)) - Stopping server on 15037
2023-09-29 09:14:49,946 [IPC Server listener on 15037] INFO  ipc.Server (Server.java:run(1434)) - Stopping IPC Server listener on 15037
2023-09-29 09:14:49,947 [IPC Server Responder] INFO  ipc.Server (Server.java:run(1567)) - Stopping IPC Server Responder
2023-09-29 09:14:50,047 [ForkJoinPool.commonPool-worker-3] INFO  utils.DatanodeStoreCache (DatanodeStoreCache.java:shutdownCache(110)) - Skip clearing cache in mini cluster mode. Entries left: [/home/runner/work/ozone/ozone/hadoop-ozone/integration-test/target/test-dir/MiniOzoneClusterImpl-2a0ec25a-3990-4628-8b93-857bbff79694/datanode-0/data-0/containers/hdds/2a0ec25a-3990-4628-8b93-857bbff79694/DS-1b6f5a83-bc5d-453a-8e72-f8c4ad5a9c75/container.db, /home/runner/work/ozone/ozone/hadoop-ozone/integration-test/target/test-dir/MiniOzoneClusterImpl-2a0ec25a-3990-4628-8b93-857bbff79694/datanode-1/data-0/containers/hdds/2a0ec25a-3990-4628-8b93-857bbff79694/DS-fc6865aa-ac25-4c16-ad19-a68387fb359b/container.db, /home/runner/work/ozone/ozone/hadoop-ozone/integration-test/target/test-dir/MiniOzoneClusterImpl-2a0ec25a-3990-4628-8b93-857bbff79694/datanode-2/data-0/containers/hdds/2a0ec25a-3990-4628-8b93-857bbff79694/DS-fdf40922-9cd4-4d5b-8e6f-de294f8ee99e/container.db]
2023-09-29 09:14:50,051 [ForkJoinPool.commonPool-worker-3] INFO  utils.DatanodeStoreCache (DatanodeStoreCache.java:removeDB(104)) - Removed db /home/runner/work/ozone/ozone/hadoop-ozone/integration-test/target/test-dir/MiniOzoneClusterImpl-2a0ec25a-3990-4628-8b93-857bbff79694/datanode-0/data-0/containers/hdds/2a0ec25a-3990-4628-8b93-857bbff79694/DS-1b6f5a83-bc5d-453a-8e72-f8c4ad5a9c75/container.db from cache
2023-09-29 09:14:50,051 [ForkJoinPool.commonPool-worker-3] INFO  volume.HddsVolume (HddsVolume.java:closeDbStore(453)) - SchemaV3 db is stopped at /home/runner/work/ozone/ozone/hadoop-ozone/integration-test/target/test-dir/MiniOzoneClusterImpl-2a0ec25a-3990-4628-8b93-857bbff79694/datanode-0/data-0/containers/hdds/2a0ec25a-3990-4628-8b93-857bbff79694/DS-1b6f5a83-bc5d-453a-8e72-f8c4ad5a9c75/container.db for volume DS-1b6f5a83-bc5d-453a-8e72-f8c4ad5a9c75
2023-09-29 09:14:50,051 [ForkJoinPool.commonPool-worker-3] INFO  utils.BackgroundService (BackgroundService.java:shutdown(141)) - Shutting down service BlockDeletingService
2023-09-29 09:14:50,052 [ForkJoinPool.commonPool-worker-3] INFO  utils.BackgroundService (BackgroundService.java:shutdown(141)) - Shutting down service StaleRecoveringContainerScrubbingService
2023-09-29 09:14:50,053 [ForkJoinPool.commonPool-worker-3] INFO  statemachine.DatanodeStateMachine (DatanodeStateMachine.java:stopDaemon(621)) - Ozone container server stopped.
2023-09-29 09:14:50,070 [ForkJoinPool.commonPool-worker-3] INFO  handler.ContextHandler (ContextHandler.java:doStop(1159)) - Stopped o.e.j.w.WebAppContext@5bb37521{hddsDatanode,/,null,STOPPED}{jar:file:/home/runner/.m2/repository/org/apache/ozone/hdds-container-service/1.4.0-SNAPSHOT/hdds-container-service-1.4.0-SNAPSHOT.jar!/webapps/hddsDatanode}
2023-09-29 09:14:50,071 [ForkJoinPool.commonPool-worker-3] INFO  server.AbstractConnector (AbstractConnector.java:doStop(383)) - Stopped ServerConnector@3d8e94e0{HTTP/1.1, (http/1.1)}{0.0.0.0:15009}
2023-09-29 09:14:50,071 [ForkJoinPool.commonPool-worker-3] INFO  server.session (HouseKeeper.java:stopScavenging(149)) - node0 Stopped scavenging
2023-09-29 09:14:50,073 [ForkJoinPool.commonPool-worker-3] INFO  handler.ContextHandler (ContextHandler.java:doStop(1159)) - Stopped o.e.j.s.ServletContextHandler@167cb588{static,/static,jar:file:/home/runner/.m2/repository/org/apache/ozone/hdds-container-service/1.4.0-SNAPSHOT/hdds-container-service-1.4.0-SNAPSHOT.jar!/webapps/static,STOPPED}
2023-09-29 09:14:50,074 [ForkJoinPool.commonPool-worker-3] INFO  handler.ContextHandler (ContextHandler.java:doStop(1159)) - Stopped o.e.j.s.ServletContextHandler@161dca1d{logs,/logs,file:///home/runner/work/ozone/ozone/hadoop-ozone/integration-test/target/log,STOPPED}
2023-09-29 09:14:50,075 [ForkJoinPool.commonPool-worker-3] INFO  ozone.HddsDatanodeClientProtocolServer (HddsDatanodeClientProtocolServer.java:stop(78)) - Stopping the RPC server for Client Protocol
2023-09-29 09:14:50,077 [ForkJoinPool.commonPool-worker-3] INFO  ipc.Server (Server.java:stop(3523)) - Stopping server on 15010
2023-09-29 09:14:50,077 [main] INFO  utils.DatanodeStoreCache (DatanodeStoreCache.java:shutdownCache(110)) - Skip clearing cache in mini cluster mode. Entries left: [/home/runner/work/ozone/ozone/hadoop-ozone/integration-test/target/test-dir/MiniOzoneClusterImpl-2a0ec25a-3990-4628-8b93-857bbff79694/datanode-1/data-0/containers/hdds/2a0ec25a-3990-4628-8b93-857bbff79694/DS-fc6865aa-ac25-4c16-ad19-a68387fb359b/container.db, /home/runner/work/ozone/ozone/hadoop-ozone/integration-test/target/test-dir/MiniOzoneClusterImpl-2a0ec25a-3990-4628-8b93-857bbff79694/datanode-2/data-0/containers/hdds/2a0ec25a-3990-4628-8b93-857bbff79694/DS-fdf40922-9cd4-4d5b-8e6f-de294f8ee99e/container.db]
2023-09-29 09:14:50,084 [ForkJoinPool.commonPool-worker-1] INFO  utils.DatanodeStoreCache (DatanodeStoreCache.java:shutdownCache(110)) - Skip clearing cache in mini cluster mode. Entries left: [/home/runner/work/ozone/ozone/hadoop-ozone/integration-test/target/test-dir/MiniOzoneClusterImpl-2a0ec25a-3990-4628-8b93-857bbff79694/datanode-1/data-0/containers/hdds/2a0ec25a-3990-4628-8b93-857bbff79694/DS-fc6865aa-ac25-4c16-ad19-a68387fb359b/container.db, /home/runner/work/ozone/ozone/hadoop-ozone/integration-test/target/test-dir/MiniOzoneClusterImpl-2a0ec25a-3990-4628-8b93-857bbff79694/datanode-2/data-0/containers/hdds/2a0ec25a-3990-4628-8b93-857bbff79694/DS-fdf40922-9cd4-4d5b-8e6f-de294f8ee99e/container.db]
2023-09-29 09:14:50,077 [IPC Server listener on 15010] INFO  ipc.Server (Server.java:run(1434)) - Stopping IPC Server listener on 15010
2023-09-29 09:14:50,085 [main] INFO  utils.DatanodeStoreCache (DatanodeStoreCache.java:removeDB(104)) - Removed db /home/runner/work/ozone/ozone/hadoop-ozone/integration-test/target/test-dir/MiniOzoneClusterImpl-2a0ec25a-3990-4628-8b93-857bbff79694/datanode-2/data-0/containers/hdds/2a0ec25a-3990-4628-8b93-857bbff79694/DS-fdf40922-9cd4-4d5b-8e6f-de294f8ee99e/container.db from cache
2023-09-29 09:14:50,085 [main] INFO  volume.HddsVolume (HddsVolume.java:closeDbStore(453)) - SchemaV3 db is stopped at /home/runner/work/ozone/ozone/hadoop-ozone/integration-test/target/test-dir/MiniOzoneClusterImpl-2a0ec25a-3990-4628-8b93-857bbff79694/datanode-2/data-0/containers/hdds/2a0ec25a-3990-4628-8b93-857bbff79694/DS-fdf40922-9cd4-4d5b-8e6f-de294f8ee99e/container.db for volume DS-fdf40922-9cd4-4d5b-8e6f-de294f8ee99e
2023-09-29 09:14:50,086 [main] INFO  utils.BackgroundService (BackgroundService.java:shutdown(141)) - Shutting down service BlockDeletingService
2023-09-29 09:14:50,086 [main] INFO  utils.BackgroundService (BackgroundService.java:shutdown(141)) - Shutting down service StaleRecoveringContainerScrubbingService
2023-09-29 09:14:50,093 [ForkJoinPool.commonPool-worker-1] INFO  utils.DatanodeStoreCache (DatanodeStoreCache.java:removeDB(104)) - Removed db /home/runner/work/ozone/ozone/hadoop-ozone/integration-test/target/test-dir/MiniOzoneClusterImpl-2a0ec25a-3990-4628-8b93-857bbff79694/datanode-1/data-0/containers/hdds/2a0ec25a-3990-4628-8b93-857bbff79694/DS-fc6865aa-ac25-4c16-ad19-a68387fb359b/container.db from cache
2023-09-29 09:14:50,093 [ForkJoinPool.commonPool-worker-1] INFO  volume.HddsVolume (HddsVolume.java:closeDbStore(453)) - SchemaV3 db is stopped at /home/runner/work/ozone/ozone/hadoop-ozone/integration-test/target/test-dir/MiniOzoneClusterImpl-2a0ec25a-3990-4628-8b93-857bbff79694/datanode-1/data-0/containers/hdds/2a0ec25a-3990-4628-8b93-857bbff79694/DS-fc6865aa-ac25-4c16-ad19-a68387fb359b/container.db for volume DS-fc6865aa-ac25-4c16-ad19-a68387fb359b
2023-09-29 09:14:50,094 [ForkJoinPool.commonPool-worker-1] INFO  utils.BackgroundService (BackgroundService.java:shutdown(141)) - Shutting down service BlockDeletingService
2023-09-29 09:14:50,095 [ForkJoinPool.commonPool-worker-1] INFO  utils.BackgroundService (BackgroundService.java:shutdown(141)) - Shutting down service StaleRecoveringContainerScrubbingService
2023-09-29 09:14:50,095 [IPC Server Responder] INFO  ipc.Server (Server.java:run(1567)) - Stopping IPC Server Responder
2023-09-29 09:14:50,097 [ForkJoinPool.commonPool-worker-1] INFO  statemachine.DatanodeStateMachine (DatanodeStateMachine.java:stopDaemon(621)) - Ozone container server stopped.
2023-09-29 09:14:50,098 [main] INFO  statemachine.DatanodeStateMachine (DatanodeStateMachine.java:stopDaemon(621)) - Ozone container server stopped.
2023-09-29 09:14:50,123 [main] INFO  handler.ContextHandler (ContextHandler.java:doStop(1159)) - Stopped o.e.j.w.WebAppContext@251dafbd{hddsDatanode,/,null,STOPPED}{jar:file:/home/runner/.m2/repository/org/apache/ozone/hdds-container-service/1.4.0-SNAPSHOT/hdds-container-service-1.4.0-SNAPSHOT.jar!/webapps/hddsDatanode}
2023-09-29 09:14:50,123 [main] INFO  server.AbstractConnector (AbstractConnector.java:doStop(383)) - Stopped ServerConnector@17353fbd{HTTP/1.1, (http/1.1)}{0.0.0.0:15027}
2023-09-29 09:14:50,124 [main] INFO  server.session (HouseKeeper.java:stopScavenging(149)) - node0 Stopped scavenging
2023-09-29 09:14:50,124 [main] INFO  handler.ContextHandler (ContextHandler.java:doStop(1159)) - Stopped o.e.j.s.ServletContextHandler@2ab90dd4{static,/static,jar:file:/home/runner/.m2/repository/org/apache/ozone/hdds-container-service/1.4.0-SNAPSHOT/hdds-container-service-1.4.0-SNAPSHOT.jar!/webapps/static,STOPPED}
2023-09-29 09:14:50,124 [main] INFO  handler.ContextHandler (ContextHandler.java:doStop(1159)) - Stopped o.e.j.s.ServletContextHandler@442611ac{logs,/logs,file:///home/runner/work/ozone/ozone/hadoop-ozone/integration-test/target/log,STOPPED}
2023-09-29 09:14:50,129 [main] INFO  ozone.HddsDatanodeClientProtocolServer (HddsDatanodeClientProtocolServer.java:stop(78)) - Stopping the RPC server for Client Protocol
2023-09-29 09:14:50,129 [ForkJoinPool.commonPool-worker-1] INFO  handler.ContextHandler (ContextHandler.java:doStop(1159)) - Stopped o.e.j.w.WebAppContext@1ba45a7d{hddsDatanode,/,null,STOPPED}{jar:file:/home/runner/.m2/repository/org/apache/ozone/hdds-container-service/1.4.0-SNAPSHOT/hdds-container-service-1.4.0-SNAPSHOT.jar!/webapps/hddsDatanode}
2023-09-29 09:14:50,129 [main] INFO  ipc.Server (Server.java:stop(3523)) - Stopping server on 15028
2023-09-29 09:14:50,130 [ForkJoinPool.commonPool-worker-1] INFO  server.AbstractConnector (AbstractConnector.java:doStop(383)) - Stopped ServerConnector@2f2fa9be{HTTP/1.1, (http/1.1)}{0.0.0.0:15018}
2023-09-29 09:14:50,130 [ForkJoinPool.commonPool-worker-1] INFO  server.session (HouseKeeper.java:stopScavenging(149)) - node0 Stopped scavenging
2023-09-29 09:14:50,130 [IPC Server listener on 15028] INFO  ipc.Server (Server.java:run(1434)) - Stopping IPC Server listener on 15028
2023-09-29 09:14:50,136 [ForkJoinPool.commonPool-worker-1] INFO  handler.ContextHandler (ContextHandler.java:doStop(1159)) - Stopped o.e.j.s.ServletContextHandler@26dacb9a{static,/static,jar:file:/home/runner/.m2/repository/org/apache/ozone/hdds-container-service/1.4.0-SNAPSHOT/hdds-container-service-1.4.0-SNAPSHOT.jar!/webapps/static,STOPPED}
2023-09-29 09:14:50,137 [IPC Server Responder] INFO  ipc.Server (Server.java:run(1567)) - Stopping IPC Server Responder
2023-09-29 09:14:50,137 [ForkJoinPool.commonPool-worker-1] INFO  handler.ContextHandler (ContextHandler.java:doStop(1159)) - Stopped o.e.j.s.ServletContextHandler@23fbe411{logs,/logs,file:///home/runner/work/ozone/ozone/hadoop-ozone/integration-test/target/log,STOPPED}
2023-09-29 09:14:50,139 [ForkJoinPool.commonPool-worker-1] INFO  ozone.HddsDatanodeClientProtocolServer (HddsDatanodeClientProtocolServer.java:stop(78)) - Stopping the RPC server for Client Protocol
2023-09-29 09:14:50,140 [ForkJoinPool.commonPool-worker-1] INFO  ipc.Server (Server.java:stop(3523)) - Stopping server on 15019
2023-09-29 09:14:50,141 [IPC Server listener on 15019] INFO  ipc.Server (Server.java:run(1434)) - Stopping IPC Server listener on 15019
2023-09-29 09:14:50,142 [IPC Server Responder] INFO  ipc.Server (Server.java:run(1567)) - Stopping IPC Server Responder
2023-09-29 09:14:50,143 [main] INFO  ozone.MiniOzoneClusterImpl (MiniOzoneClusterImpl.java:stopSCM(548)) - Stopping the StorageContainerManager
2023-09-29 09:14:50,144 [main] INFO  server.StorageContainerManager (StorageContainerManager.java:stop(1591)) - Container Balancer is not running.
2023-09-29 09:14:50,144 [main] INFO  server.StorageContainerManager (StorageContainerManager.java:stopReplicationManager(1724)) - Stopping Replication Manager Service.
2023-09-29 09:14:50,144 [main] INFO  replication.ReplicationManager (ReplicationManager.java:stop(323)) - Stopping Replication Monitor Thread.
2023-09-29 09:14:50,144 [Under Replicated Processor] WARN  replication.UnhealthyReplicationProcessor (UnhealthyReplicationProcessor.java:run(180)) - Under Replicated Processor interrupted. Exiting...
2023-09-29 09:14:50,145 [Over Replicated Processor] WARN  replication.UnhealthyReplicationProcessor (UnhealthyReplicationProcessor.java:run(180)) - Over Replicated Processor interrupted. Exiting...
2023-09-29 09:14:50,145 [ReplicationMonitor] INFO  replication.ReplicationManager (ReplicationManager.java:run(921)) - Replication Monitor Thread is stopped
2023-09-29 09:14:50,145 [main] INFO  server.StorageContainerManager (StorageContainerManager.java:stop(1600)) - Stopping the Datanode Admin Monitor.
2023-09-29 09:14:50,146 [main] INFO  server.StorageContainerManager (StorageContainerManager.java:stop(1607)) - Stopping datanode service RPC server
2023-09-29 09:14:50,146 [main] INFO  server.SCMDatanodeProtocolServer (SCMDatanodeProtocolServer.java:stop(424)) - Stopping the RPC server for DataNodes
2023-09-29 09:14:50,146 [main] INFO  ipc.Server (Server.java:stop(3523)) - Stopping server on 15002
2023-09-29 09:14:50,148 [IPC Server listener on 15002] INFO  ipc.Server (Server.java:run(1434)) - Stopping IPC Server listener on 15002
2023-09-29 09:14:50,150 [IPC Server Responder] INFO  ipc.Server (Server.java:run(1567)) - Stopping IPC Server Responder
2023-09-29 09:14:50,186 [SCM Heartbeat Processing Thread - 0] WARN  node.NodeStateManager (NodeStateManager.java:scheduleNextHealthCheck(874)) - Current Thread is interrupted, shutting down HB processing thread for Node Manager.
2023-09-29 09:14:50,187 [main] INFO  server.StorageContainerManager (StorageContainerManager.java:stop(1615)) - Stopping block service RPC server
2023-09-29 09:14:50,187 [main] INFO  server.SCMBlockProtocolServer (SCMBlockProtocolServer.java:stop(163)) - Stopping the RPC server for Block Protocol
2023-09-29 09:14:50,187 [main] INFO  ipc.Server (Server.java:stop(3523)) - Stopping server on 15001
2023-09-29 09:14:50,190 [IPC Server listener on 15001] INFO  ipc.Server (Server.java:run(1434)) - Stopping IPC Server listener on 15001
2023-09-29 09:14:50,196 [IPC Server Responder] INFO  ipc.Server (Server.java:run(1567)) - Stopping IPC Server Responder
2023-09-29 09:14:50,196 [main] INFO  server.StorageContainerManager (StorageContainerManager.java:stop(1622)) - Stopping the StorageContainerLocationProtocol RPC server
2023-09-29 09:14:50,196 [main] INFO  server.SCMClientProtocolServer (SCMClientProtocolServer.java:stop(210)) - Stopping the RPC server for Client Protocol
2023-09-29 09:14:50,197 [main] INFO  ipc.Server (Server.java:stop(3523)) - Stopping server on 15000
2023-09-29 09:14:50,198 [IPC Server listener on 15000] INFO  ipc.Server (Server.java:run(1434)) - Stopping IPC Server listener on 15000
2023-09-29 09:14:50,201 [IPC Server Responder] INFO  ipc.Server (Server.java:run(1567)) - Stopping IPC Server Responder
2023-09-29 09:14:50,201 [main] INFO  server.StorageContainerManager (StorageContainerManager.java:stop(1629)) - Stopping Storage Container Manager HTTP server.
2023-09-29 09:14:50,205 [main] INFO  handler.ContextHandler (ContextHandler.java:doStop(1159)) - Stopped o.e.j.w.WebAppContext@117bfeb8{scm,/,null,STOPPED}{file:/home/runner/work/ozone/ozone/hadoop-ozone/integration-test/target/test-classes/webapps/scm}
2023-09-29 09:14:50,206 [main] INFO  server.AbstractConnector (AbstractConnector.java:doStop(383)) - Stopped ServerConnector@608f79a8{HTTP/1.1, (http/1.1)}{0.0.0.0:15003}
2023-09-29 09:14:50,206 [main] INFO  server.session (HouseKeeper.java:stopScavenging(149)) - node0 Stopped scavenging
2023-09-29 09:14:50,207 [main] INFO  handler.ContextHandler (ContextHandler.java:doStop(1159)) - Stopped o.e.j.s.ServletContextHandler@28ab7ffb{static,/static,file:///home/runner/work/ozone/ozone/hadoop-ozone/integration-test/target/test-classes/webapps/static,STOPPED}
2023-09-29 09:14:50,207 [main] INFO  handler.ContextHandler (ContextHandler.java:doStop(1159)) - Stopped o.e.j.s.ServletContextHandler@7892635c{logs,/logs,file:///home/runner/work/ozone/ozone/hadoop-ozone/integration-test/target/log,STOPPED}
2023-09-29 09:14:50,208 [main] INFO  server.StorageContainerManager (StorageContainerManager.java:stop(1637)) - Stopping SCM LayoutVersionManager Service.
2023-09-29 09:14:50,208 [main] INFO  server.StorageContainerManager (StorageContainerManager.java:stop(1649)) - Stopping Block Manager Service.
2023-09-29 09:14:50,208 [main] INFO  utils.BackgroundService (BackgroundService.java:shutdown(141)) - Shutting down service SCMBlockDeletingService
2023-09-29 09:14:50,209 [main] INFO  utils.BackgroundService (BackgroundService.java:shutdown(141)) - Shutting down service SCMBlockDeletingService
2023-09-29 09:14:50,209 [main] INFO  server.StorageContainerManager (StorageContainerManager.java:stop(1669)) - Stopping SCM Event Queue.
2023-09-29 09:14:50,212 [JvmPauseMonitor0] INFO  util.JvmPauseMonitor (JvmPauseMonitor.java:run(109)) - JvmPauseMonitor-b95bfd46-8215-4d69-940c-984db88920a6: Stopped
2023-09-29 09:14:50,212 [main] INFO  server.StorageContainerManager (StorageContainerManager.java:stop(1680)) - Stopping SCM HA services.
2023-09-29 09:14:50,212 [main] INFO  pipeline.BackgroundPipelineCreator (BackgroundPipelineCreator.java:stop(149)) - Stopping RatisPipelineUtilsThread.
2023-09-29 09:14:50,214 [RatisPipelineUtilsThread - 0] WARN  pipeline.BackgroundPipelineCreator (BackgroundPipelineCreator.java:run(180)) - RatisPipelineUtilsThread is interrupted.
2023-09-29 09:14:50,214 [main] INFO  BackgroundPipelineScrubber (BackgroundSCMService.java:stop(131)) - Stopping BackgroundPipelineScrubber Service.
2023-09-29 09:14:50,214 [BackgroundPipelineScrubberThread] WARN  BackgroundPipelineScrubber (BackgroundSCMService.java:run(115)) - BackgroundPipelineScrubber is interrupted, exit
2023-09-29 09:14:50,215 [main] INFO  impl.MetricsSystemImpl (MetricsSystemImpl.java:stop(210)) - Stopping XceiverClientMetrics metrics system...
2023-09-29 09:14:50,227 [prometheus] INFO  impl.MetricsSinkAdapter (MetricsSinkAdapter.java:publishMetricsFromQueue(141)) - prometheus thread interrupted.
2023-09-29 09:14:50,227 [main] INFO  impl.MetricsSystemImpl (MetricsSystemImpl.java:stop(216)) - XceiverClientMetrics metrics system stopped.
2023-09-29 09:14:50,231 [main] WARN  pipeline.BackgroundPipelineCreator (BackgroundPipelineCreator.java:stop(145)) - RatisPipelineUtilsThread is not running, just ignore.
2023-09-29 09:14:50,231 [main] INFO  BackgroundPipelineScrubber (BackgroundSCMService.java:stop(126)) - BackgroundPipelineScrubber Service is not running, skip stop.
2023-09-29 09:14:50,232 [ExpiredContainerReplicaOpScrubberThread] WARN  ExpiredContainerReplicaOpScrubber (BackgroundSCMService.java:run(115)) - ExpiredContainerReplicaOpScrubber is interrupted, exit
2023-09-29 09:14:50,232 [main] INFO  ExpiredContainerReplicaOpScrubber (BackgroundSCMService.java:stop(131)) - Stopping ExpiredContainerReplicaOpScrubber Service.
2023-09-29 09:14:50,232 [main] INFO  utils.BackgroundService (BackgroundService.java:shutdown(141)) - Shutting down service SCMBlockDeletingService
2023-09-29 09:14:50,232 [main] INFO  replication.ReplicationManager (ReplicationManager.java:stop(333)) - Replication Monitor Thread is not running.
2023-09-29 09:14:50,232 [main] WARN  balancer.ContainerBalancer (ContainerBalancer.java:stop(326)) - Cannot stop Container Balancer because it's not running or stopping
2023-09-29 09:14:50,233 [Lease Manager-LeaseManager#LeaseMonitor] WARN  lease.LeaseManager (LeaseManager.java:run(287)) - Lease manager is interrupted. Shutting down...
java.lang.InterruptedException
	at java.util.concurrent.locks.AbstractQueuedSynchronizer.doAcquireSharedNanos(AbstractQueuedSynchronizer.java:1039)
	at java.util.concurrent.locks.AbstractQueuedSynchronizer.tryAcquireSharedNanos(AbstractQueuedSynchronizer.java:1328)
	at java.util.concurrent.Semaphore.tryAcquire(Semaphore.java:409)
	at org.apache.hadoop.ozone.lease.LeaseManager$LeaseMonitor.run(LeaseManager.java:285)
	at java.lang.Thread.run(Thread.java:750)
2023-09-29 09:14:50,233 [main] INFO  server.StorageContainerManager (StorageContainerManager.java:stop(1715)) - Stopping SCM MetadataStore.
2023-09-29 09:14:50,422 [main] INFO  db.CodecTestUtil (CodecTestUtil.java:gc(47)) - gc 0
2023-09-29 09:14:51,036 [main] WARN  server.ServerUtils (ServerUtils.java:getScmDbDir(155)) - ozone.scm.db.dirs is not configured. We recommend adding this setting. Falling back to ozone.metadata.dirs instead.
2023-09-29 09:14:51,043 [main] WARN  server.ServerUtils (ServerUtils.java:getScmDbDir(155)) - ozone.scm.db.dirs is not configured. We recommend adding this setting. Falling back to ozone.metadata.dirs instead.
2023-09-29 09:14:51,044 [main] INFO  ha.SCMHANodeDetails (SCMHANodeDetails.java:loadSCMHAConfig(210)) - ServiceID for StorageContainerManager is null
2023-09-29 09:14:51,044 [main] INFO  ha.SCMHANodeDetails (SCMHANodeDetails.java:loadSCMHAConfig(215)) - ozone.scm.default.service.id is not defined, falling back to ozone.scm.service.ids to find serviceID for StorageContainerManager if it is HA enabled cluster
2023-09-29 09:14:51,045 [main] WARN  utils.HAUtils (HAUtils.java:getMetaDir(339)) - ozone.scm.db.dirs is not configured. We recommend adding this setting. Falling back to ozone.metadata.dirs instead.
2023-09-29 09:14:51,046 [main] WARN  db.DBStoreBuilder (DBStoreBuilder.java:applyDBDefinition(166)) - ozone.scm.db.dirs is not configured. We recommend adding this setting. Falling back to ozone.metadata.dirs instead.
2023-09-29 09:14:51,185 [main] INFO  net.NodeSchemaLoader (NodeSchemaLoader.java:loadSchemaFromFile(129)) - Loading schema from [jar:file:/home/runner/.m2/repository/org/apache/ozone/hdds-common/1.4.0-SNAPSHOT/hdds-common-1.4.0-SNAPSHOT.jar!/network-topology-default.xml]
2023-09-29 09:14:51,185 [main] INFO  net.NodeSchemaLoader (NodeSchemaLoader.java:loadSchema(176)) - Loading network topology layer schema file
2023-09-29 09:14:51,188 [main] INFO  upgrade.AbstractLayoutVersionManager (AbstractLayoutVersionManager.java:init(83)) - Initializing Layout version manager with metadata layout = HADOOP_PRC_PORTS_IN_DATANODEDETAILS (version = 7), software layout = HADOOP_PRC_PORTS_IN_DATANODEDETAILS (version = 7)
2023-09-29 09:14:51,190 [main] INFO  ha.SequenceIdGenerator (SequenceIdGenerator.java:upgradeToSequenceId(365)) - upgrade localId to 111677748019200000
2023-09-29 09:14:51,191 [main] INFO  ha.SequenceIdGenerator (SequenceIdGenerator.java:upgradeToSequenceId(375)) - upgrade delTxnId to 0
2023-09-29 09:14:51,192 [main] INFO  ha.SequenceIdGenerator (SequenceIdGenerator.java:upgradeToSequenceId(392)) - upgrade containerId to 0
2023-09-29 09:14:51,193 [main] INFO  ha.SequenceIdGenerator (SequenceIdGenerator.java:upgradeToSequenceId(428)) - upgrade rootCertificateId to 1
2023-09-29 09:14:51,193 [main] INFO  ha.SequenceIdGenerator (SequenceIdGenerator.java:<init>(236)) - Init the HA SequenceIdGenerator.
2023-09-29 09:14:51,193 [main] WARN  server.ServerUtils (ServerUtils.java:sanitizeUserArgs(80)) - ozone.scm.stale.node.interval value = 300000 is larger than max = 100000 based on the key value of ozone.scm.heartbeat.thread.interval, reset to the max value 100000.
2023-09-29 09:14:51,194 [main] WARN  server.ServerUtils (ServerUtils.java:sanitizeUserArgs(80)) - ozone.scm.stale.node.interval value = 300000 is larger than max = 100000 based on the key value of ozone.scm.heartbeat.thread.interval, reset to the max value 100000.
2023-09-29 09:14:51,194 [main] INFO  node.SCMNodeManager (SCMNodeManager.java:<init>(157)) - Entering startup safe mode.
2023-09-29 09:14:51,195 [main] INFO  algorithms.ContainerPlacementPolicyFactory (ContainerPlacementPolicyFactory.java:getPolicyInternal(86)) - Create container placement policy of type org.apache.hadoop.hdds.scm.container.placement.algorithms.SCMContainerPlacementRackAware
2023-09-29 09:14:51,195 [main] INFO  algorithms.ContainerPlacementPolicyFactory (ContainerPlacementPolicyFactory.java:getPolicyInternal(86)) - Create container placement policy of type org.apache.hadoop.hdds.scm.container.placement.algorithms.SCMContainerPlacementRackScatter
2023-09-29 09:14:51,196 [main] INFO  pipeline.PipelineStateManagerImpl (PipelineStateManagerImpl.java:initialize(78)) - No pipeline exists in current db
2023-09-29 09:14:51,196 [main] INFO  algorithms.LeaderChoosePolicyFactory (LeaderChoosePolicyFactory.java:getPolicy(57)) - Create leader choose policy of type org.apache.hadoop.hdds.scm.pipeline.leader.choose.algorithms.MinLeaderCountChoosePolicy
2023-09-29 09:14:51,196 [main] INFO  algorithms.ContainerPlacementPolicyFactory (ContainerPlacementPolicyFactory.java:getPolicyInternal(86)) - Create container placement policy of type org.apache.hadoop.hdds.scm.container.placement.algorithms.SCMContainerPlacementRackScatter
2023-09-29 09:14:51,196 [main] INFO  ha.SCMServiceManager (SCMServiceManager.java:register(42)) - Registering service BackgroundPipelineCreator.
2023-09-29 09:14:51,197 [main] INFO  pipeline.BackgroundPipelineCreator (BackgroundPipelineCreator.java:start(124)) - Starting RatisPipelineUtilsThread.
2023-09-29 09:14:51,197 [main] INFO  BackgroundPipelineScrubber (BackgroundSCMService.java:start(68)) - Starting BackgroundPipelineScrubber Service.
2023-09-29 09:14:51,197 [main] INFO  ha.SCMServiceManager (SCMServiceManager.java:register(42)) - Registering service BackgroundPipelineScrubber.
2023-09-29 09:14:51,197 [main] INFO  ExpiredContainerReplicaOpScrubber (BackgroundSCMService.java:start(68)) - Starting ExpiredContainerReplicaOpScrubber Service.
2023-09-29 09:14:51,197 [main] INFO  ha.SCMServiceManager (SCMServiceManager.java:register(42)) - Registering service ExpiredContainerReplicaOpScrubber.
2023-09-29 09:14:51,198 [main] INFO  algorithms.PipelineChoosePolicyFactory (PipelineChoosePolicyFactory.java:createPipelineChoosePolicyFromClass(78)) - Create pipeline choose policy of type org.apache.hadoop.hdds.scm.pipeline.choose.algorithms.RandomPipelineChoosePolicy
2023-09-29 09:14:51,198 [main] INFO  algorithms.PipelineChoosePolicyFactory (PipelineChoosePolicyFactory.java:createPipelineChoosePolicyFromClass(78)) - Create pipeline choose policy of type org.apache.hadoop.hdds.scm.pipeline.choose.algorithms.RandomPipelineChoosePolicy
2023-09-29 09:14:51,199 [main] INFO  ha.SCMServiceManager (SCMServiceManager.java:register(42)) - Registering service SCMBlockDeletingService.
2023-09-29 09:14:51,200 [main] INFO  replication.ReplicationManager (ReplicationManager.java:start(291)) - Starting Replication Monitor Thread.
2023-09-29 09:14:51,201 [main] INFO  ha.SCMServiceManager (SCMServiceManager.java:register(42)) - Registering service ReplicationManager.
2023-09-29 09:14:51,201 [main] INFO  safemode.ContainerSafeModeRule (ContainerSafeModeRule.java:<init>(90)) - containers with one replica threshold count 0
2023-09-29 09:14:51,201 [main] INFO  safemode.HealthyPipelineSafeModeRule (HealthyPipelineSafeModeRule.java:initializeRule(169)) - Total pipeline count is 0, healthy pipeline threshold count is 1
2023-09-29 09:14:51,202 [main] INFO  safemode.OneReplicaPipelineSafeModeRule (OneReplicaPipelineSafeModeRule.java:initializeRule(180)) - Total pipeline count is 0, pipeline's with at least one datanode reported threshold count is 0
2023-09-29 09:14:51,202 [main] INFO  server.StorageContainerManager (StorageContainerManager.java:<init>(425)) - SCM start with adminUsers: [runner]
2023-09-29 09:14:51,203 [main] INFO  ipc.CallQueueManager (CallQueueManager.java:<init>(90)) - Using callQueue: class java.util.concurrent.LinkedBlockingQueue, queueCapacity: 2000, scheduler: class org.apache.hadoop.ipc.DefaultRpcScheduler, ipcBackoff: false.
2023-09-29 09:14:51,203 [main] INFO  ipc.Server (Server.java:<init>(1287)) - Listener at 0.0.0.0:15055
2023-09-29 09:14:51,208 [Socket Reader #1 for port 15055] INFO  ipc.Server (Server.java:run(1323)) - Starting Socket Reader #1 for port 15055
2023-09-29 09:14:51,208 [ReplicationMonitor] INFO  replication.ReplicationManager (ReplicationManager.java:processAll(365)) - Replication Manager is not ready to run until 3000ms after safemode exit
2023-09-29 09:14:51,210 [main] INFO  ipc.CallQueueManager (CallQueueManager.java:<init>(90)) - Using callQueue: class java.util.concurrent.LinkedBlockingQueue, queueCapacity: 2000, scheduler: class org.apache.hadoop.ipc.DefaultRpcScheduler, ipcBackoff: false.
2023-09-29 09:14:51,210 [main] INFO  ipc.Server (Server.java:<init>(1287)) - Listener at 0.0.0.0:15054
2023-09-29 09:14:51,211 [Socket Reader #1 for port 15054] INFO  ipc.Server (Server.java:run(1323)) - Starting Socket Reader #1 for port 15054
2023-09-29 09:14:51,212 [main] INFO  ipc.CallQueueManager (CallQueueManager.java:<init>(90)) - Using callQueue: class java.util.concurrent.LinkedBlockingQueue, queueCapacity: 2000, scheduler: class org.apache.hadoop.ipc.DefaultRpcScheduler, ipcBackoff: false.
2023-09-29 09:14:51,212 [main] INFO  ipc.Server (Server.java:<init>(1287)) - Listener at 0.0.0.0:15053
2023-09-29 09:14:51,213 [Socket Reader #1 for port 15053] INFO  ipc.Server (Server.java:run(1323)) - Starting Socket Reader #1 for port 15053
2023-09-29 09:14:51,226 [main] INFO  ha.SCMServiceManager (SCMServiceManager.java:register(42)) - Registering service ContainerBalancer.
2023-09-29 09:14:51,227 [main] INFO  server.StorageContainerManager (StorageContainerManager.java:<init>(438)) - 
Container Balancer status:
Key                            Value
Running                        false
Container Balancer Configuration values:
Key                                                Value
Threshold                                          10
Max Datanodes to Involve per Iteration(percent)    20
Max Size to Move per Iteration                     500GB
Max Size Entering Target per Iteration             26GB
Max Size Leaving Source per Iteration              26GB
Number of Iterations                               10
Time Limit for Single Container's Movement         65min
Time Limit for Single Container's Replication      50min
Interval between each Iteration                    70min
Whether to Enable Network Topology                 false
Whether to Trigger Refresh Datanode Usage Info     false
Container IDs to Exclude from Balancing            None
Datanodes Specified to be Balanced                 None
Datanodes Excluded from Balancing                  None

2023-09-29 09:14:51,227 [main] INFO  ha.SCMContext (SCMContext.java:updateSafeModeStatus(228)) - Update SafeModeStatus from SafeModeStatus{safeModeStatus=true, preCheckPassed=false} to SafeModeStatus{safeModeStatus=true, preCheckPassed=false}.
2023-09-29 09:14:51,228 [main] INFO  server.StorageContainerManager (StorageContainerManager.java:start(1483)) - StorageContainerLocationProtocol RPC server is listening at /0.0.0.0:15053
2023-09-29 09:14:51,229 [main] WARN  impl.MetricsConfig (MetricsConfig.java:loadFirst(136)) - Cannot locate configuration: tried hadoop-metrics2-storagecontainermanager.properties,hadoop-metrics2.properties
2023-09-29 09:14:51,230 [main] INFO  impl.MetricsSystemImpl (MetricsSystemImpl.java:startTimer(378)) - Scheduled Metric snapshot period at 10 second(s).
2023-09-29 09:14:51,230 [main] INFO  impl.MetricsSystemImpl (MetricsSystemImpl.java:start(191)) - StorageContainerManager metrics system started
2023-09-29 09:14:51,239 [main] INFO  impl.MetricsSinkAdapter (MetricsSinkAdapter.java:start(204)) - Sink prometheus started
2023-09-29 09:14:51,240 [main] INFO  impl.MetricsSystemImpl (MetricsSystemImpl.java:registerSink(305)) - Registered sink prometheus
2023-09-29 09:14:51,273 [main] INFO  server.SCMClientProtocolServer (SCMClientProtocolServer.java:start(201)) - RPC server for Client  is listening at /0.0.0.0:15053
2023-09-29 09:14:51,273 [IPC Server Responder] INFO  ipc.Server (Server.java:run(1562)) - IPC Server Responder: starting
2023-09-29 09:14:51,276 [IPC Server listener on 15053] INFO  ipc.Server (Server.java:run(1402)) - IPC Server listener on 15053: starting
2023-09-29 09:14:51,281 [main] INFO  server.StorageContainerManager (StorageContainerManager.java:start(1496)) - ScmBlockLocationProtocol RPC server is listening at /0.0.0.0:15054
2023-09-29 09:14:51,282 [main] INFO  server.SCMBlockProtocolServer (SCMBlockProtocolServer.java:start(154)) - RPC server for Block Protocol is listening at /0.0.0.0:15054
2023-09-29 09:14:51,282 [IPC Server listener on 15054] INFO  ipc.Server (Server.java:run(1402)) - IPC Server listener on 15054: starting
2023-09-29 09:14:51,282 [IPC Server Responder] INFO  ipc.Server (Server.java:run(1562)) - IPC Server Responder: starting
2023-09-29 09:14:51,284 [main] INFO  server.SCMDatanodeProtocolServer (SCMDatanodeProtocolServer.java:start(193)) - ScmDatanodeProtocol RPC server for DataNodes is listening at /0.0.0.0:15055
2023-09-29 09:14:51,285 [IPC Server Responder] INFO  ipc.Server (Server.java:run(1562)) - IPC Server Responder: starting
2023-09-29 09:14:51,285 [IPC Server listener on 15055] INFO  ipc.Server (Server.java:run(1402)) - IPC Server listener on 15055: starting
2023-09-29 09:14:51,299 [JvmPauseMonitor7] INFO  util.JvmPauseMonitor (JvmPauseMonitor.java:run(103)) - JvmPauseMonitor-d8391c1d-32ef-49c0-88f2-97321ddc181a: Started
2023-09-29 09:14:51,299 [main] INFO  http.BaseHttpServer (BaseHttpServer.java:newHttpServer2BuilderForOzone(223)) - Starting Web-server for scm at: http://0.0.0.0:15056
2023-09-29 09:14:51,299 [main] INFO  http.BaseHttpServer (BaseHttpServer.java:<init>(110)) - Hadoop Security Enabled: false Ozone Security Enabled: false Ozone HTTP Security Enabled: false 
2023-09-29 09:14:51,301 [main] WARN  server.AuthenticationFilter (AuthenticationFilter.java:constructSecretProvider(240)) - Unable to initialize FileSignerSecretProvider, falling back to use random secrets. Reason: Could not read signature secret file: /home/runner/hadoop-http-auth-signature-secret
2023-09-29 09:14:51,302 [main] INFO  http.HttpRequestLog (HttpRequestLog.java:getRequestLog(86)) - Http request log for http.requests.scm is not defined
2023-09-29 09:14:51,308 [main] INFO  http.HttpServer2 (HttpServer2.java:addGlobalFilter(1031)) - Added global filter 'safety' (class=org.apache.hadoop.hdds.server.http.HttpServer2$QuotingInputFilter)
2023-09-29 09:14:51,309 [main] INFO  http.HttpServer2 (HttpServer2.java:addFilter(1007)) - Added filter static_user_filter (class=org.apache.hadoop.http.lib.StaticUserWebFilter$StaticUserFilter) to context scm
2023-09-29 09:14:51,309 [main] INFO  http.HttpServer2 (HttpServer2.java:addFilter(1015)) - Added filter static_user_filter (class=org.apache.hadoop.http.lib.StaticUserWebFilter$StaticUserFilter) to context logs
2023-09-29 09:14:51,309 [main] INFO  http.HttpServer2 (HttpServer2.java:addFilter(1015)) - Added filter static_user_filter (class=org.apache.hadoop.http.lib.StaticUserWebFilter$StaticUserFilter) to context static
2023-09-29 09:14:51,313 [main] INFO  http.BaseHttpServer (BaseHttpServer.java:<init>(189)) - HTTP server of scm uses base directory /home/runner/work/ozone/ozone/hadoop-ozone/integration-test/target/test-dir/MiniOzoneClusterImpl-23fe215d-70cc-4cc8-8e82-38d5ce4d8890/ozone-meta/webserver
2023-09-29 09:14:51,314 [main] INFO  http.HttpServer2 (HttpServer2.java:bindListener(1231)) - Jetty bound to port 15056
2023-09-29 09:14:51,314 [main] INFO  server.Server (Server.java:doStart(375)) - jetty-9.4.52.v20230823; built: 2023-08-23T19:29:37.669Z; git: abdcda73818a1a2c705da276edb0bf6581e7997e; jvm 1.8.0_382-b05
2023-09-29 09:14:51,318 [main] INFO  server.session (DefaultSessionIdManager.java:doStart(334)) - DefaultSessionIdManager workerName=node0
2023-09-29 09:14:51,318 [main] INFO  server.session (DefaultSessionIdManager.java:doStart(339)) - No SessionScavenger set, using defaults
2023-09-29 09:14:51,318 [main] INFO  server.session (HouseKeeper.java:startScavenging(132)) - node0 Scavenging every 660000ms
2023-09-29 09:14:51,320 [main] INFO  handler.ContextHandler (ContextHandler.java:doStart(921)) - Started o.e.j.s.ServletContextHandler@37d5b78d{logs,/logs,file:///home/runner/work/ozone/ozone/hadoop-ozone/integration-test/target/log,AVAILABLE}
2023-09-29 09:14:51,321 [main] INFO  handler.ContextHandler (ContextHandler.java:doStart(921)) - Started o.e.j.s.ServletContextHandler@64798aa7{static,/static,file:///home/runner/work/ozone/ozone/hadoop-ozone/integration-test/target/test-classes/webapps/static,AVAILABLE}
2023-09-29 09:14:51,326 [main] INFO  handler.ContextHandler (ContextHandler.java:doStart(921)) - Started o.e.j.w.WebAppContext@20a0dbfa{scm,/,file:///home/runner/work/ozone/ozone/hadoop-ozone/integration-test/target/test-classes/webapps/scm/,AVAILABLE}{file:/home/runner/work/ozone/ozone/hadoop-ozone/integration-test/target/test-classes/webapps/scm}
2023-09-29 09:14:51,327 [main] INFO  server.AbstractConnector (AbstractConnector.java:doStart(333)) - Started ServerConnector@5bd1d1e3{HTTP/1.1, (http/1.1)}{0.0.0.0:15056}
2023-09-29 09:14:51,327 [main] INFO  server.Server (Server.java:doStart(415)) - Started @128286ms
2023-09-29 09:14:51,328 [main] WARN  impl.MetricsSystemImpl (MetricsSystemImpl.java:register(279)) - Sink prometheus already exists!
2023-09-29 09:14:51,328 [main] INFO  http.BaseHttpServer (BaseHttpServer.java:updateConnectorAddress(354)) - HTTP server of scm listening at http://0.0.0.0:15056
2023-09-29 09:14:51,329 [main] WARN  server.ServerUtils (ServerUtils.java:getDBPath(311)) - ozone.om.db.dirs is not configured. We recommend adding this setting. Falling back to ozone.metadata.dirs instead.
2023-09-29 09:14:51,331 [main] INFO  ha.OMHANodeDetails (OMHANodeDetails.java:loadOMHAConfig(115)) - ozone.om.internal.service.id is not defined, falling back to ozone.om.service.ids to find serviceID for OzoneManager if it is HA enabled cluster
2023-09-29 09:14:51,331 [main] INFO  ha.OMHANodeDetails (OMHANodeDetails.java:loadOMHAConfig(226)) - Configuration does not have ozone.om.address set. Falling back to the default OM address /127.0.0.1:15057
2023-09-29 09:14:51,331 [main] INFO  ha.OMHANodeDetails (OMHANodeDetails.java:getOMNodeDetailsForNonHA(254)) - OM Service ID is not set. Setting it to the default ID: omServiceIdDefault
2023-09-29 09:14:51,331 [main] INFO  ha.OMHANodeDetails (OMHANodeDetails.java:getOMNodeDetailsForNonHA(261)) - OM Node ID is not set. Setting it to the default ID: om1
2023-09-29 09:14:51,332 [main] WARN  server.ServerUtils (ServerUtils.java:getDBPath(311)) - ozone.om.db.dirs is not configured. We recommend adding this setting. Falling back to ozone.metadata.dirs instead.
2023-09-29 09:14:51,333 [main] INFO  upgrade.AbstractLayoutVersionManager (AbstractLayoutVersionManager.java:init(83)) - Initializing Layout version manager with metadata layout = QUOTA (version = 6), software layout = QUOTA (version = 6)
2023-09-29 09:14:51,449 [main] INFO  reflections.Reflections (Reflections.java:scan(232)) - Reflections took 115 ms to scan 2 urls, producing 188 keys and 516 values [using 2 cores]
2023-09-29 09:14:51,450 [main] INFO  upgrade.OMLayoutVersionManager (OMLayoutVersionManager.java:lambda$0(115)) - Skipping Upgrade Action QuotaRepairUpgradeAction since it has been finalized.
2023-09-29 09:14:51,450 [main] INFO  upgrade.OMLayoutVersionManager (OMLayoutVersionManager.java:lambda$0(115)) - Skipping Upgrade Action MockOmUpgradeAction since it has been finalized.
2023-09-29 09:14:51,450 [main] WARN  server.ServerUtils (ServerUtils.java:getDBPath(311)) - ozone.om.db.dirs is not configured. We recommend adding this setting. Falling back to ozone.metadata.dirs instead.
2023-09-29 09:14:51,451 [main] INFO  proxy.SCMBlockLocationFailoverProxyProvider (SCMBlockLocationFailoverProxyProvider.java:<init>(114)) - Created block location fail-over proxy with 1 nodes: [nodeId=scmNodeId,nodeAddress=/0.0.0.0:15054]
2023-09-29 09:14:51,454 [main] INFO  proxy.SCMBlockLocationFailoverProxyProvider (SCMBlockLocationFailoverProxyProvider.java:<init>(114)) - Created block location fail-over proxy with 1 nodes: [nodeId=scmNodeId,nodeAddress=/0.0.0.0:15054]
2023-09-29 09:14:51,464 [main] INFO  om.OzoneManager (OzoneManager.java:<init>(668)) - OM start with adminUsers: [runner]
2023-09-29 09:14:51,465 [main] WARN  server.ServerUtils (ServerUtils.java:getDBPath(311)) - ozone.om.db.dirs is not configured. We recommend adding this setting. Falling back to ozone.metadata.dirs instead.
2023-09-29 09:14:51,466 [main] INFO  helpers.OmKeyInfo (OmKeyInfo.java:getCodec(71)) - OmKeyInfo.getCodec ignorePipeline = true
2023-09-29 09:14:51,715 [main] INFO  om.OzoneManager (OzoneManager.java:instantiateServices(797)) - S3 Multi-Tenancy is disabled
2023-09-29 09:14:51,715 [main] INFO  om.OmSnapshotManager (OmSnapshotManager.java:<init>(174)) - Ozone filesystem snapshot feature is enabled.
2023-09-29 09:14:51,715 [main] WARN  server.ServerUtils (ServerUtils.java:getDBPath(311)) - ozone.om.snapshot.diff.db.dir is not configured. We recommend adding this setting. Falling back to ozone.metadata.dirs instead.
2023-09-29 09:14:51,742 [main] INFO  snapshot.SnapshotDiffManager (SnapshotDiffManager.java:closeExecutorService(1718)) - Shutting down executorService: 'SstDumpToolExecutor'
2023-09-29 09:14:51,744 [main] INFO  om.OzoneManager (OzoneManager.java:addS3GVolumeToDB(4324)) - Created Volume s3v With Owner runner required for S3Gateway operations.
2023-09-29 09:14:51,744 [main] INFO  om.OzoneManager (OzoneManager.java:getRpcServer(1199)) - Creating RPC Server
2023-09-29 09:14:52,334 [main] INFO  reflections.Reflections (Reflections.java:scan(232)) - Reflections took 585 ms to scan 20 urls, producing 71 keys and 6039 values [using 2 cores]
2023-09-29 09:14:52,336 [main] INFO  ipc.CallQueueManager (CallQueueManager.java:<init>(90)) - Using callQueue: class java.util.concurrent.LinkedBlockingQueue, queueCapacity: 2000, scheduler: class org.apache.hadoop.ipc.DefaultRpcScheduler, ipcBackoff: false.
2023-09-29 09:14:52,336 [main] INFO  ipc.Server (Server.java:<init>(1287)) - Listener at 127.0.0.1:15057
2023-09-29 09:14:52,341 [Socket Reader #1 for port 15057] INFO  ipc.Server (Server.java:run(1323)) - Starting Socket Reader #1 for port 15057
2023-09-29 09:14:52,373 [main] INFO  impl.MetricsSystemImpl (MetricsSystemImpl.java:init(158)) - OzoneManager metrics system started (again)
2023-09-29 09:14:52,385 [main] INFO  om.OzoneManager (OzoneManager.java:start(1636)) - OzoneManager RPC server is listening at localhost/127.0.0.1:15057
2023-09-29 09:14:52,385 [main] INFO  om.OzoneManager (OzoneManager.java:start(1652)) - Version File has different layout version (6) than OM DB (null). That is expected if this OM has never been finalized to a newer layout version.
2023-09-29 09:14:52,400 [main] INFO  http.BaseHttpServer (BaseHttpServer.java:newHttpServer2BuilderForOzone(223)) - Starting Web-server for ozoneManager at: http://0.0.0.0:15058
2023-09-29 09:14:52,400 [main] INFO  http.BaseHttpServer (BaseHttpServer.java:<init>(110)) - Hadoop Security Enabled: false Ozone Security Enabled: false Ozone HTTP Security Enabled: false 
2023-09-29 09:14:52,402 [main] WARN  server.AuthenticationFilter (AuthenticationFilter.java:constructSecretProvider(240)) - Unable to initialize FileSignerSecretProvider, falling back to use random secrets. Reason: Could not read signature secret file: /home/runner/hadoop-http-auth-signature-secret
2023-09-29 09:14:52,404 [main] INFO  http.HttpRequestLog (HttpRequestLog.java:getRequestLog(86)) - Http request log for http.requests.ozoneManager is not defined
2023-09-29 09:14:52,407 [main] INFO  http.HttpServer2 (HttpServer2.java:addGlobalFilter(1031)) - Added global filter 'safety' (class=org.apache.hadoop.hdds.server.http.HttpServer2$QuotingInputFilter)
2023-09-29 09:14:52,410 [main] INFO  http.HttpServer2 (HttpServer2.java:addFilter(1007)) - Added filter static_user_filter (class=org.apache.hadoop.http.lib.StaticUserWebFilter$StaticUserFilter) to context ozoneManager
2023-09-29 09:14:52,410 [main] INFO  http.HttpServer2 (HttpServer2.java:addFilter(1015)) - Added filter static_user_filter (class=org.apache.hadoop.http.lib.StaticUserWebFilter$StaticUserFilter) to context logs
2023-09-29 09:14:52,410 [main] INFO  http.HttpServer2 (HttpServer2.java:addFilter(1015)) - Added filter static_user_filter (class=org.apache.hadoop.http.lib.StaticUserWebFilter$StaticUserFilter) to context static
2023-09-29 09:14:52,412 [main] INFO  http.BaseHttpServer (BaseHttpServer.java:<init>(189)) - HTTP server of ozoneManager uses base directory /home/runner/work/ozone/ozone/hadoop-ozone/integration-test/target/test-dir/MiniOzoneClusterImpl-23fe215d-70cc-4cc8-8e82-38d5ce4d8890/ozone-meta/webserver
2023-09-29 09:14:52,412 [main] INFO  http.HttpServer2 (HttpServer2.java:bindListener(1231)) - Jetty bound to port 15058
2023-09-29 09:14:52,412 [main] INFO  server.Server (Server.java:doStart(375)) - jetty-9.4.52.v20230823; built: 2023-08-23T19:29:37.669Z; git: abdcda73818a1a2c705da276edb0bf6581e7997e; jvm 1.8.0_382-b05
2023-09-29 09:14:52,421 [main] INFO  server.session (DefaultSessionIdManager.java:doStart(334)) - DefaultSessionIdManager workerName=node0
2023-09-29 09:14:52,421 [main] INFO  server.session (DefaultSessionIdManager.java:doStart(339)) - No SessionScavenger set, using defaults
2023-09-29 09:14:52,421 [main] INFO  server.session (HouseKeeper.java:startScavenging(132)) - node0 Scavenging every 600000ms
2023-09-29 09:14:52,424 [main] INFO  handler.ContextHandler (ContextHandler.java:doStart(921)) - Started o.e.j.s.ServletContextHandler@479473f{logs,/logs,file:///home/runner/work/ozone/ozone/hadoop-ozone/integration-test/target/log,AVAILABLE}
2023-09-29 09:14:52,424 [main] INFO  handler.ContextHandler (ContextHandler.java:doStart(921)) - Started o.e.j.s.ServletContextHandler@bb3fec5{static,/static,file:///home/runner/work/ozone/ozone/hadoop-ozone/integration-test/target/test-classes/webapps/static,AVAILABLE}
2023-09-29 09:14:52,431 [main] INFO  handler.ContextHandler (ContextHandler.java:doStart(921)) - Started o.e.j.w.WebAppContext@7cff47d3{ozoneManager,/,file:///home/runner/work/ozone/ozone/hadoop-ozone/integration-test/target/test-classes/webapps/ozoneManager/,AVAILABLE}{file:/home/runner/work/ozone/ozone/hadoop-ozone/integration-test/target/test-classes/webapps/ozoneManager}
2023-09-29 09:14:52,433 [main] INFO  server.AbstractConnector (AbstractConnector.java:doStart(333)) - Started ServerConnector@7987d129{HTTP/1.1, (http/1.1)}{0.0.0.0:15058}
2023-09-29 09:14:52,433 [main] INFO  server.Server (Server.java:doStart(415)) - Started @129392ms
2023-09-29 09:14:52,433 [main] WARN  impl.MetricsSystemImpl (MetricsSystemImpl.java:register(279)) - Sink prometheus already exists!
2023-09-29 09:14:52,434 [main] INFO  http.BaseHttpServer (BaseHttpServer.java:updateConnectorAddress(354)) - HTTP server of ozoneManager listening at http://0.0.0.0:15058
2023-09-29 09:14:52,434 [IPC Server Responder] INFO  ipc.Server (Server.java:run(1562)) - IPC Server Responder: starting
2023-09-29 09:14:52,436 [IPC Server listener on 15057] INFO  ipc.Server (Server.java:run(1402)) - IPC Server listener on 15057: starting
2023-09-29 09:14:52,442 [main] INFO  om.TrashPolicyOzone (TrashPolicyOzone.java:<init>(281)) - Ozone Manager trash configuration: Deletion interval = 0 minutes, Emptier interval = 0 minutes.
2023-09-29 09:14:52,450 [JvmPauseMonitor8] INFO  util.JvmPauseMonitor (JvmPauseMonitor.java:run(103)) - JvmPauseMonitor-08de34fd-1411-4b67-b8ff-38ec8c60c046: Started
2023-09-29 09:14:52,473 [main] INFO  impl.MetricsSystemImpl (MetricsSystemImpl.java:init(158)) - HddsDatanode metrics system started (again)
2023-09-29 09:14:52,486 [main] INFO  ozone.HddsDatanodeService (HddsDatanodeService.java:start(237)) - HddsDatanodeService host:fv-az83-343.uavyq1izdhte5b0ne1us2eqzhb.jx.internal.cloudapp.net ip:10.1.0.30
2023-09-29 09:14:52,516 [main] INFO  upgrade.AbstractLayoutVersionManager (AbstractLayoutVersionManager.java:init(83)) - Initializing Layout version manager with metadata layout = HADOOP_PRC_PORTS_IN_DATANODEDETAILS (version = 7), software layout = HADOOP_PRC_PORTS_IN_DATANODEDETAILS (version = 7)
2023-09-29 09:14:52,522 [main] INFO  statemachine.DatanodeStateMachine (DatanodeStateMachine.java:getEndPointTaskThreadPoolSize(283)) - Datanode State Machine Task Thread Pool size 2
2023-09-29 09:14:52,527 [main] INFO  volume.HddsVolume (HddsVolume.java:<init>(126)) - Creating HddsVolume: /home/runner/work/ozone/ozone/hadoop-ozone/integration-test/target/test-dir/MiniOzoneClusterImpl-23fe215d-70cc-4cc8-8e82-38d5ce4d8890/datanode-0/data-0/containers/hdds of storage type : DISK capacity : 9223372036854775807
2023-09-29 09:14:52,528 [main] INFO  volume.MutableVolumeSet (MutableVolumeSet.java:initializeVolumeSet(173)) - Added Volume : /home/runner/work/ozone/ozone/hadoop-ozone/integration-test/target/test-dir/MiniOzoneClusterImpl-23fe215d-70cc-4cc8-8e82-38d5ce4d8890/datanode-0/data-0/containers/hdds to VolumeSet
2023-09-29 09:14:52,529 [main] INFO  volume.MutableVolumeSet (MutableVolumeSet.java:initializeVolumeSet(173)) - Added Volume : /home/runner/work/ozone/ozone/hadoop-ozone/integration-test/target/test-dir/MiniOzoneClusterImpl-23fe215d-70cc-4cc8-8e82-38d5ce4d8890/datanode-0/data/ratis to VolumeSet
2023-09-29 09:14:52,530 [Thread-1901] INFO  ozoneimpl.ContainerReader (ContainerReader.java:readVolume(177)) - Finish verifying containers on volume /home/runner/work/ozone/ozone/hadoop-ozone/integration-test/target/test-dir/MiniOzoneClusterImpl-23fe215d-70cc-4cc8-8e82-38d5ce4d8890/datanode-0/data-0/containers/hdds
2023-09-29 09:14:52,530 [main] INFO  ozoneimpl.OzoneContainer (OzoneContainer.java:buildContainerSet(314)) - Build ContainerSet costs 0s
2023-09-29 09:14:52,535 [main] INFO  server.RaftServer (ConfUtils.java:logGet(46)) - raft.rpc.type = GRPC (default)
2023-09-29 09:14:52,535 [main] INFO  grpc.GrpcConfigKeys (ConfUtils.java:logFallback(53)) - raft.grpc.admin.host = null (fallback to raft.grpc.server.host)
2023-09-29 09:14:52,535 [main] INFO  grpc.GrpcConfigKeys (ConfUtils.java:logGet(46)) - raft.grpc.admin.port = 15066 (custom)
2023-09-29 09:14:52,535 [main] INFO  grpc.GrpcConfigKeys (ConfUtils.java:logFallback(53)) - raft.grpc.client.host = null (fallback to raft.grpc.server.host)
2023-09-29 09:14:52,535 [main] INFO  grpc.GrpcConfigKeys (ConfUtils.java:logGet(46)) - raft.grpc.client.port = 15065 (custom)
2023-09-29 09:14:52,536 [main] INFO  grpc.GrpcConfigKeys (ConfUtils.java:logGet(46)) - raft.grpc.server.host = null (default)
2023-09-29 09:14:52,536 [main] INFO  grpc.GrpcConfigKeys (ConfUtils.java:logGet(46)) - raft.grpc.server.port = 15067 (custom)
2023-09-29 09:14:52,536 [main] INFO  server.GrpcService (ConfUtils.java:logGet(46)) - raft.grpc.message.size.max = 32MB (=33554432) (custom)
2023-09-29 09:14:52,536 [main] INFO  server.RaftServerConfigKeys (ConfUtils.java:logGet(46)) - raft.server.log.appender.buffer.byte-limit = 33554432 (custom)
2023-09-29 09:14:52,536 [main] INFO  server.GrpcService (ConfUtils.java:logGet(46)) - raft.grpc.flow.control.window = 5MB (=5242880) (custom)
2023-09-29 09:14:52,537 [main] INFO  server.RaftServerConfigKeys (ConfUtils.java:logGet(46)) - raft.server.rpc.request.timeout = 60s (custom)
2023-09-29 09:14:52,537 [main] INFO  grpc.GrpcConfigKeys (ConfUtils.java:logGet(46)) - raft.grpc.server.heartbeat.channel = true (default)
2023-09-29 09:14:52,537 [main] INFO  grpc.GrpcConfigKeys (ConfUtils.java:logGet(46)) - raft.grpc.server.async.request.thread.pool.cached = true (default)
2023-09-29 09:14:52,537 [main] INFO  grpc.GrpcConfigKeys (ConfUtils.java:logGet(46)) - raft.grpc.server.async.request.thread.pool.size = 32 (default)
2023-09-29 09:14:52,541 [main] INFO  impl.DataStreamServerImpl (ConfUtils.java:logGet(46)) - raft.datastream.type = NETTY (custom)
2023-09-29 09:14:52,541 [main] INFO  server.RaftServerConfigKeys (ConfUtils.java:logGet(46)) - raft.server.data-stream.async.request.thread.pool.cached = false (default)
2023-09-29 09:14:52,541 [main] INFO  server.RaftServerConfigKeys (ConfUtils.java:logGet(46)) - raft.server.data-stream.async.request.thread.pool.size = 20 (custom)
2023-09-29 09:14:52,541 [main] INFO  server.RaftServerConfigKeys (ConfUtils.java:logGet(46)) - raft.server.data-stream.async.write.thread.pool.size = 16 (default)
2023-09-29 09:14:52,541 [main] INFO  server.RaftServerConfigKeys (ConfUtils.java:logGet(46)) - raft.server.data-stream.client.pool.size = 10 (default)
2023-09-29 09:14:52,542 [main] INFO  netty.NettyConfigKeys$DataStream (ConfUtils.java:logGet(46)) - raft.netty.dataStream.server.use-epoll = false (default)
2023-09-29 09:14:52,542 [main] INFO  netty.NettyConfigKeys$DataStream (ConfUtils.java:logGet(46)) - raft.netty.dataStream.server.boss-group.size = 0 (default)
2023-09-29 09:14:52,542 [main] INFO  netty.NettyConfigKeys$DataStream (ConfUtils.java:logGet(46)) - raft.netty.dataStream.server.worker-group.size = 0 (default)
2023-09-29 09:14:52,543 [main] INFO  netty.NettyConfigKeys$DataStream (ConfUtils.java:logGet(46)) - raft.netty.dataStream.server.tls.conf = null (default)
2023-09-29 09:14:52,543 [main] INFO  netty.NettyConfigKeys$DataStream (ConfUtils.java:logGet(46)) - raft.netty.dataStream.host = null (default)
2023-09-29 09:14:52,543 [main] INFO  netty.NettyConfigKeys$DataStream (ConfUtils.java:logGet(46)) - raft.netty.dataStream.port = 15068 (custom)
2023-09-29 09:14:52,544 [main] INFO  server.RaftServerConfigKeys (ConfUtils.java:logGet(46)) - raft.server.threadpool.proxy.cached = true (default)
2023-09-29 09:14:52,544 [main] INFO  server.RaftServerConfigKeys (ConfUtils.java:logGet(46)) - raft.server.threadpool.proxy.size = 0 (default)
2023-09-29 09:14:52,544 [main] INFO  server.RaftServerConfigKeys (ConfUtils.java:logGet(46)) - raft.server.rpc.slowness.timeout = 300s (custom)
2023-09-29 09:14:52,544 [main] INFO  server.RaftServerConfigKeys (ConfUtils.java:logGet(46)) - raft.server.leaderelection.leader.step-down.wait-time = 10s (default)
2023-09-29 09:14:52,545 [main] INFO  server.RaftServerConfigKeys (ConfUtils.java:logGet(46)) - raft.server.storage.dir = [/home/runner/work/ozone/ozone/hadoop-ozone/integration-test/target/test-dir/MiniOzoneClusterImpl-23fe215d-70cc-4cc8-8e82-38d5ce4d8890/datanode-0/data/ratis] (custom)
2023-09-29 09:14:52,545 [380230e5-39f9-49de-9a23-78c86f98f3f3-NettyServerStreamRpc-bossGroup--thread1] INFO  logging.LoggingHandler (AbstractInternalLogger.java:log(148)) - [id: 0xb3fc7c40] REGISTERED
2023-09-29 09:14:52,545 [380230e5-39f9-49de-9a23-78c86f98f3f3-NettyServerStreamRpc-bossGroup--thread1] INFO  logging.LoggingHandler (AbstractInternalLogger.java:log(148)) - [id: 0xb3fc7c40] BIND: 0.0.0.0/0.0.0.0:15068
2023-09-29 09:14:52,546 [380230e5-39f9-49de-9a23-78c86f98f3f3-NettyServerStreamRpc-bossGroup--thread1] INFO  logging.LoggingHandler (AbstractInternalLogger.java:log(148)) - [id: 0xb3fc7c40, L:/0:0:0:0:0:0:0:0:15068] ACTIVE
2023-09-29 09:14:52,547 [380230e5-39f9-49de-9a23-78c86f98f3f3-impl-thread1] INFO  server.RaftServer (RaftServerProxy.java:initGroupDir(258)) - 380230e5-39f9-49de-9a23-78c86f98f3f3: found a subdirectory /home/runner/work/ozone/ozone/hadoop-ozone/integration-test/target/test-dir/MiniOzoneClusterImpl-23fe215d-70cc-4cc8-8e82-38d5ce4d8890/datanode-0/data/ratis/tmp
2023-09-29 09:14:52,547 [380230e5-39f9-49de-9a23-78c86f98f3f3-impl-thread1] INFO  server.RaftServer (RaftServerProxy.java:initGroupDir(263)) - 380230e5-39f9-49de-9a23-78c86f98f3f3: The directory /home/runner/work/ozone/ozone/hadoop-ozone/integration-test/target/test-dir/MiniOzoneClusterImpl-23fe215d-70cc-4cc8-8e82-38d5ce4d8890/datanode-0/data/ratis/tmp is not a group directory; ignoring it. 
2023-09-29 09:14:52,547 [main] INFO  replication.ReplicationServer (ReplicationServer.java:<init>(83)) - Initializing replication server with thread count = 10 queue length = 4096
2023-09-29 09:14:52,549 [main] INFO  server.XceiverServerGrpc (XceiverServerGrpc.java:<init>(132)) - GrpcServer channel type EpollServerSocketChannel
2023-09-29 09:14:52,550 [main] INFO  replication.ReplicationSupervisor (ReplicationSupervisor.java:build(155)) - Initializing replication supervisor with thread count = 10
2023-09-29 09:14:52,551 [main] INFO  replication.ReplicationSupervisor (ReplicationSupervisor.java:nodeStateUpdated(307)) - Node state updated to IN_SERVICE, scaling executor pool size to 10
2023-09-29 09:14:52,556 [main] INFO  http.BaseHttpServer (BaseHttpServer.java:newHttpServer2BuilderForOzone(223)) - Starting Web-server for hddsDatanode at: http://0.0.0.0:15062
2023-09-29 09:14:52,556 [main] INFO  http.BaseHttpServer (BaseHttpServer.java:<init>(110)) - Hadoop Security Enabled: false Ozone Security Enabled: false Ozone HTTP Security Enabled: false 
2023-09-29 09:14:52,558 [main] WARN  server.AuthenticationFilter (AuthenticationFilter.java:constructSecretProvider(240)) - Unable to initialize FileSignerSecretProvider, falling back to use random secrets. Reason: Could not read signature secret file: /home/runner/hadoop-http-auth-signature-secret
2023-09-29 09:14:52,559 [main] INFO  http.HttpRequestLog (HttpRequestLog.java:getRequestLog(86)) - Http request log for http.requests.hddsDatanode is not defined
2023-09-29 09:14:52,560 [main] INFO  http.HttpServer2 (HttpServer2.java:addGlobalFilter(1031)) - Added global filter 'safety' (class=org.apache.hadoop.hdds.server.http.HttpServer2$QuotingInputFilter)
2023-09-29 09:14:52,560 [main] INFO  http.HttpServer2 (HttpServer2.java:addFilter(1007)) - Added filter static_user_filter (class=org.apache.hadoop.http.lib.StaticUserWebFilter$StaticUserFilter) to context hddsDatanode
2023-09-29 09:14:52,561 [main] INFO  http.HttpServer2 (HttpServer2.java:addFilter(1015)) - Added filter static_user_filter (class=org.apache.hadoop.http.lib.StaticUserWebFilter$StaticUserFilter) to context static
2023-09-29 09:14:52,561 [main] INFO  http.HttpServer2 (HttpServer2.java:addFilter(1015)) - Added filter static_user_filter (class=org.apache.hadoop.http.lib.StaticUserWebFilter$StaticUserFilter) to context logs
2023-09-29 09:14:52,562 [main] INFO  http.BaseHttpServer (BaseHttpServer.java:<init>(189)) - HTTP server of hddsDatanode uses base directory /home/runner/work/ozone/ozone/hadoop-ozone/integration-test/target/test-dir/MiniOzoneClusterImpl-23fe215d-70cc-4cc8-8e82-38d5ce4d8890/datanode-0/meta/webserver
2023-09-29 09:14:52,563 [main] INFO  http.HttpServer2 (HttpServer2.java:bindListener(1231)) - Jetty bound to port 15062
2023-09-29 09:14:52,563 [main] INFO  server.Server (Server.java:doStart(375)) - jetty-9.4.52.v20230823; built: 2023-08-23T19:29:37.669Z; git: abdcda73818a1a2c705da276edb0bf6581e7997e; jvm 1.8.0_382-b05
2023-09-29 09:14:52,571 [main] INFO  server.session (DefaultSessionIdManager.java:doStart(334)) - DefaultSessionIdManager workerName=node0
2023-09-29 09:14:52,571 [main] INFO  server.session (DefaultSessionIdManager.java:doStart(339)) - No SessionScavenger set, using defaults
2023-09-29 09:14:52,571 [main] INFO  server.session (HouseKeeper.java:startScavenging(132)) - node0 Scavenging every 600000ms
2023-09-29 09:14:52,572 [main] INFO  handler.ContextHandler (ContextHandler.java:doStart(921)) - Started o.e.j.s.ServletContextHandler@745eeda5{logs,/logs,file:///home/runner/work/ozone/ozone/hadoop-ozone/integration-test/target/log,AVAILABLE}
2023-09-29 09:14:52,573 [main] INFO  handler.ContextHandler (ContextHandler.java:doStart(921)) - Started o.e.j.s.ServletContextHandler@1563b6d3{static,/static,jar:file:/home/runner/.m2/repository/org/apache/ozone/hdds-container-service/1.4.0-SNAPSHOT/hdds-container-service-1.4.0-SNAPSHOT.jar!/webapps/static,AVAILABLE}
2023-09-29 09:14:52,833 [main] INFO  handler.ContextHandler (ContextHandler.java:doStart(921)) - Started o.e.j.w.WebAppContext@4144264{hddsDatanode,/,file:///home/runner/work/ozone/ozone/hadoop-ozone/integration-test/target/test-dir/MiniOzoneClusterImpl-23fe215d-70cc-4cc8-8e82-38d5ce4d8890/datanode-0/meta/webserver/jetty-0_0_0_0-15062-hdds-container-service-1_4_0-SNAPSHOT_jar-_-any-5176590609065040740/webapp/,AVAILABLE}{jar:file:/home/runner/.m2/repository/org/apache/ozone/hdds-container-service/1.4.0-SNAPSHOT/hdds-container-service-1.4.0-SNAPSHOT.jar!/webapps/hddsDatanode}
2023-09-29 09:14:52,835 [main] INFO  server.AbstractConnector (AbstractConnector.java:doStart(333)) - Started ServerConnector@7cfeee84{HTTP/1.1, (http/1.1)}{0.0.0.0:15062}
2023-09-29 09:14:52,835 [main] INFO  server.Server (Server.java:doStart(415)) - Started @129794ms
2023-09-29 09:14:52,835 [main] WARN  impl.MetricsSystemImpl (MetricsSystemImpl.java:register(279)) - Sink prometheus already exists!
2023-09-29 09:14:52,836 [main] INFO  http.BaseHttpServer (BaseHttpServer.java:updateConnectorAddress(354)) - HTTP server of hddsDatanode listening at http://0.0.0.0:15062
2023-09-29 09:14:52,837 [main] INFO  ipc.CallQueueManager (CallQueueManager.java:<init>(90)) - Using callQueue: class java.util.concurrent.LinkedBlockingQueue, queueCapacity: 100, scheduler: class org.apache.hadoop.ipc.DefaultRpcScheduler, ipcBackoff: false.
2023-09-29 09:14:52,837 [main] INFO  ipc.Server (Server.java:<init>(1287)) - Listener at 0.0.0.0:15063
2023-09-29 09:14:52,838 [Socket Reader #1 for port 15063] INFO  ipc.Server (Server.java:run(1323)) - Starting Socket Reader #1 for port 15063
2023-09-29 09:14:52,843 [main] INFO  ozone.HddsDatanodeService (HddsDatanodeService.java:start(315)) - Datanode start with admins: [runner]
2023-09-29 09:14:52,843 [main] INFO  ozone.HddsDatanodeClientProtocolServer (HddsDatanodeClientProtocolServer.java:start(72)) - RPC server for Client /0.0.0.0:15063
2023-09-29 09:14:52,846 [IPC Server Responder] INFO  ipc.Server (Server.java:run(1562)) - IPC Server Responder: starting
2023-09-29 09:14:52,846 [IPC Server listener on 15063] INFO  ipc.Server (Server.java:run(1402)) - IPC Server listener on 15063: starting
2023-09-29 09:14:52,852 [Datanode State Machine Daemon Thread] INFO  statemachine.DatanodeStateMachine (DatanodeStateMachine.java:lambda$startDaemon$0(539)) - Ozone container server started.
2023-09-29 09:14:52,854 [main] WARN  impl.MetricRegistriesImpl (MetricRegistriesImpl.java:addReporterRegistration(111)) - New reporters are added after registries were created. Some metrics will be missing from the reporter. Please add reporter before adding any new registry.
2023-09-29 09:14:52,854 [main] WARN  impl.MetricRegistriesImpl (MetricRegistriesImpl.java:addReporterRegistration(111)) - New reporters are added after registries were created. Some metrics will be missing from the reporter. Please add reporter before adding any new registry.
2023-09-29 09:14:52,854 [main] INFO  impl.MetricsSystemImpl (MetricsSystemImpl.java:init(158)) - HddsDatanode metrics system started (again)
2023-09-29 09:14:52,861 [Datanode State Machine Task Thread - 0] INFO  datanode.InitDatanodeState (InitDatanodeState.java:persistContainerDatanodeDetails(138)) - DatanodeDetails is persisted to /home/runner/work/ozone/ozone/hadoop-ozone/integration-test/target/test-dir/MiniOzoneClusterImpl-23fe215d-70cc-4cc8-8e82-38d5ce4d8890/datanode-0/meta/datanode.id
2023-09-29 09:14:52,873 [main] INFO  ozone.HddsDatanodeService (HddsDatanodeService.java:start(237)) - HddsDatanodeService host:fv-az83-343.uavyq1izdhte5b0ne1us2eqzhb.jx.internal.cloudapp.net ip:10.1.0.30
2023-09-29 09:14:52,915 [main] INFO  upgrade.AbstractLayoutVersionManager (AbstractLayoutVersionManager.java:init(83)) - Initializing Layout version manager with metadata layout = HADOOP_PRC_PORTS_IN_DATANODEDETAILS (version = 7), software layout = HADOOP_PRC_PORTS_IN_DATANODEDETAILS (version = 7)
2023-09-29 09:14:52,916 [main] INFO  statemachine.DatanodeStateMachine (DatanodeStateMachine.java:getEndPointTaskThreadPoolSize(283)) - Datanode State Machine Task Thread Pool size 2
2023-09-29 09:14:52,918 [main] INFO  volume.HddsVolume (HddsVolume.java:<init>(126)) - Creating HddsVolume: /home/runner/work/ozone/ozone/hadoop-ozone/integration-test/target/test-dir/MiniOzoneClusterImpl-23fe215d-70cc-4cc8-8e82-38d5ce4d8890/datanode-1/data-0/containers/hdds of storage type : DISK capacity : 9223372036854775807
2023-09-29 09:14:52,918 [main] INFO  volume.MutableVolumeSet (MutableVolumeSet.java:initializeVolumeSet(173)) - Added Volume : /home/runner/work/ozone/ozone/hadoop-ozone/integration-test/target/test-dir/MiniOzoneClusterImpl-23fe215d-70cc-4cc8-8e82-38d5ce4d8890/datanode-1/data-0/containers/hdds to VolumeSet
2023-09-29 09:14:52,919 [main] INFO  volume.MutableVolumeSet (MutableVolumeSet.java:initializeVolumeSet(173)) - Added Volume : /home/runner/work/ozone/ozone/hadoop-ozone/integration-test/target/test-dir/MiniOzoneClusterImpl-23fe215d-70cc-4cc8-8e82-38d5ce4d8890/datanode-1/data/ratis to VolumeSet
2023-09-29 09:14:52,920 [Thread-1918] INFO  ozoneimpl.ContainerReader (ContainerReader.java:readVolume(177)) - Finish verifying containers on volume /home/runner/work/ozone/ozone/hadoop-ozone/integration-test/target/test-dir/MiniOzoneClusterImpl-23fe215d-70cc-4cc8-8e82-38d5ce4d8890/datanode-1/data-0/containers/hdds
2023-09-29 09:14:52,920 [main] INFO  ozoneimpl.OzoneContainer (OzoneContainer.java:buildContainerSet(314)) - Build ContainerSet costs 0s
2023-09-29 09:14:52,922 [main] INFO  server.RaftServer (ConfUtils.java:logGet(46)) - raft.rpc.type = GRPC (default)
2023-09-29 09:14:52,922 [main] INFO  grpc.GrpcConfigKeys (ConfUtils.java:logFallback(53)) - raft.grpc.admin.host = null (fallback to raft.grpc.server.host)
2023-09-29 09:14:52,923 [main] INFO  grpc.GrpcConfigKeys (ConfUtils.java:logGet(46)) - raft.grpc.admin.port = 15075 (custom)
2023-09-29 09:14:52,923 [main] INFO  grpc.GrpcConfigKeys (ConfUtils.java:logFallback(53)) - raft.grpc.client.host = null (fallback to raft.grpc.server.host)
2023-09-29 09:14:52,923 [main] INFO  grpc.GrpcConfigKeys (ConfUtils.java:logGet(46)) - raft.grpc.client.port = 15074 (custom)
2023-09-29 09:14:52,923 [main] INFO  grpc.GrpcConfigKeys (ConfUtils.java:logGet(46)) - raft.grpc.server.host = null (default)
2023-09-29 09:14:52,923 [main] INFO  grpc.GrpcConfigKeys (ConfUtils.java:logGet(46)) - raft.grpc.server.port = 15076 (custom)
2023-09-29 09:14:52,923 [main] INFO  server.GrpcService (ConfUtils.java:logGet(46)) - raft.grpc.message.size.max = 32MB (=33554432) (custom)
2023-09-29 09:14:52,923 [main] INFO  server.RaftServerConfigKeys (ConfUtils.java:logGet(46)) - raft.server.log.appender.buffer.byte-limit = 33554432 (custom)
2023-09-29 09:14:52,924 [main] INFO  server.GrpcService (ConfUtils.java:logGet(46)) - raft.grpc.flow.control.window = 5MB (=5242880) (custom)
2023-09-29 09:14:52,924 [main] INFO  server.RaftServerConfigKeys (ConfUtils.java:logGet(46)) - raft.server.rpc.request.timeout = 60s (custom)
2023-09-29 09:14:52,924 [main] INFO  grpc.GrpcConfigKeys (ConfUtils.java:logGet(46)) - raft.grpc.server.heartbeat.channel = true (default)
2023-09-29 09:14:52,924 [main] INFO  grpc.GrpcConfigKeys (ConfUtils.java:logGet(46)) - raft.grpc.server.async.request.thread.pool.cached = true (default)
2023-09-29 09:14:52,924 [main] INFO  grpc.GrpcConfigKeys (ConfUtils.java:logGet(46)) - raft.grpc.server.async.request.thread.pool.size = 32 (default)
2023-09-29 09:14:52,927 [main] INFO  impl.DataStreamServerImpl (ConfUtils.java:logGet(46)) - raft.datastream.type = NETTY (custom)
2023-09-29 09:14:52,928 [main] INFO  server.RaftServerConfigKeys (ConfUtils.java:logGet(46)) - raft.server.data-stream.async.request.thread.pool.cached = false (default)
2023-09-29 09:14:52,928 [main] INFO  server.RaftServerConfigKeys (ConfUtils.java:logGet(46)) - raft.server.data-stream.async.request.thread.pool.size = 20 (custom)
2023-09-29 09:14:52,928 [main] INFO  server.RaftServerConfigKeys (ConfUtils.java:logGet(46)) - raft.server.data-stream.async.write.thread.pool.size = 16 (default)
2023-09-29 09:14:52,928 [main] INFO  server.RaftServerConfigKeys (ConfUtils.java:logGet(46)) - raft.server.data-stream.client.pool.size = 10 (default)
2023-09-29 09:14:52,928 [main] INFO  netty.NettyConfigKeys$DataStream (ConfUtils.java:logGet(46)) - raft.netty.dataStream.server.use-epoll = false (default)
2023-09-29 09:14:52,929 [main] INFO  netty.NettyConfigKeys$DataStream (ConfUtils.java:logGet(46)) - raft.netty.dataStream.server.boss-group.size = 0 (default)
2023-09-29 09:14:52,929 [main] INFO  netty.NettyConfigKeys$DataStream (ConfUtils.java:logGet(46)) - raft.netty.dataStream.server.worker-group.size = 0 (default)
2023-09-29 09:14:52,929 [main] INFO  netty.NettyConfigKeys$DataStream (ConfUtils.java:logGet(46)) - raft.netty.dataStream.server.tls.conf = null (default)
2023-09-29 09:14:52,930 [main] INFO  netty.NettyConfigKeys$DataStream (ConfUtils.java:logGet(46)) - raft.netty.dataStream.host = null (default)
2023-09-29 09:14:52,930 [main] INFO  netty.NettyConfigKeys$DataStream (ConfUtils.java:logGet(46)) - raft.netty.dataStream.port = 15077 (custom)
2023-09-29 09:14:52,930 [main] INFO  server.RaftServerConfigKeys (ConfUtils.java:logGet(46)) - raft.server.threadpool.proxy.cached = true (default)
2023-09-29 09:14:52,930 [main] INFO  server.RaftServerConfigKeys (ConfUtils.java:logGet(46)) - raft.server.threadpool.proxy.size = 0 (default)
2023-09-29 09:14:52,931 [main] INFO  server.RaftServerConfigKeys (ConfUtils.java:logGet(46)) - raft.server.rpc.slowness.timeout = 300s (custom)
2023-09-29 09:14:52,931 [main] INFO  server.RaftServerConfigKeys (ConfUtils.java:logGet(46)) - raft.server.leaderelection.leader.step-down.wait-time = 10s (default)
2023-09-29 09:14:52,931 [main] INFO  server.RaftServerConfigKeys (ConfUtils.java:logGet(46)) - raft.server.storage.dir = [/home/runner/work/ozone/ozone/hadoop-ozone/integration-test/target/test-dir/MiniOzoneClusterImpl-23fe215d-70cc-4cc8-8e82-38d5ce4d8890/datanode-1/data/ratis] (custom)
2023-09-29 09:14:52,931 [3a494423-7ff4-4963-8d96-e6fb16151c55-NettyServerStreamRpc-bossGroup--thread1] INFO  logging.LoggingHandler (AbstractInternalLogger.java:log(148)) - [id: 0x75ec73d6] REGISTERED
2023-09-29 09:14:52,932 [3a494423-7ff4-4963-8d96-e6fb16151c55-NettyServerStreamRpc-bossGroup--thread1] INFO  logging.LoggingHandler (AbstractInternalLogger.java:log(148)) - [id: 0x75ec73d6] BIND: 0.0.0.0/0.0.0.0:15077
2023-09-29 09:14:52,932 [3a494423-7ff4-4963-8d96-e6fb16151c55-NettyServerStreamRpc-bossGroup--thread1] INFO  logging.LoggingHandler (AbstractInternalLogger.java:log(148)) - [id: 0x75ec73d6, L:/0:0:0:0:0:0:0:0:15077] ACTIVE
2023-09-29 09:14:52,936 [3a494423-7ff4-4963-8d96-e6fb16151c55-impl-thread1] INFO  server.RaftServer (RaftServerProxy.java:initGroupDir(258)) - 3a494423-7ff4-4963-8d96-e6fb16151c55: found a subdirectory /home/runner/work/ozone/ozone/hadoop-ozone/integration-test/target/test-dir/MiniOzoneClusterImpl-23fe215d-70cc-4cc8-8e82-38d5ce4d8890/datanode-1/data/ratis/tmp
2023-09-29 09:14:52,936 [3a494423-7ff4-4963-8d96-e6fb16151c55-impl-thread1] INFO  server.RaftServer (RaftServerProxy.java:initGroupDir(263)) - 3a494423-7ff4-4963-8d96-e6fb16151c55: The directory /home/runner/work/ozone/ozone/hadoop-ozone/integration-test/target/test-dir/MiniOzoneClusterImpl-23fe215d-70cc-4cc8-8e82-38d5ce4d8890/datanode-1/data/ratis/tmp is not a group directory; ignoring it. 
2023-09-29 09:14:52,936 [main] INFO  replication.ReplicationServer (ReplicationServer.java:<init>(83)) - Initializing replication server with thread count = 10 queue length = 4096
2023-09-29 09:14:52,938 [main] INFO  server.XceiverServerGrpc (XceiverServerGrpc.java:<init>(132)) - GrpcServer channel type EpollServerSocketChannel
2023-09-29 09:14:52,940 [main] INFO  replication.ReplicationSupervisor (ReplicationSupervisor.java:build(155)) - Initializing replication supervisor with thread count = 10
2023-09-29 09:14:52,940 [main] INFO  replication.ReplicationSupervisor (ReplicationSupervisor.java:nodeStateUpdated(307)) - Node state updated to IN_SERVICE, scaling executor pool size to 10
2023-09-29 09:14:52,944 [main] INFO  http.BaseHttpServer (BaseHttpServer.java:newHttpServer2BuilderForOzone(223)) - Starting Web-server for hddsDatanode at: http://0.0.0.0:15071
2023-09-29 09:14:52,944 [main] INFO  http.BaseHttpServer (BaseHttpServer.java:<init>(110)) - Hadoop Security Enabled: false Ozone Security Enabled: false Ozone HTTP Security Enabled: false 
2023-09-29 09:14:52,946 [main] WARN  server.AuthenticationFilter (AuthenticationFilter.java:constructSecretProvider(240)) - Unable to initialize FileSignerSecretProvider, falling back to use random secrets. Reason: Could not read signature secret file: /home/runner/hadoop-http-auth-signature-secret
2023-09-29 09:14:52,950 [main] INFO  http.HttpRequestLog (HttpRequestLog.java:getRequestLog(86)) - Http request log for http.requests.hddsDatanode is not defined
2023-09-29 09:14:52,952 [main] INFO  http.HttpServer2 (HttpServer2.java:addGlobalFilter(1031)) - Added global filter 'safety' (class=org.apache.hadoop.hdds.server.http.HttpServer2$QuotingInputFilter)
2023-09-29 09:14:52,953 [main] INFO  http.HttpServer2 (HttpServer2.java:addFilter(1007)) - Added filter static_user_filter (class=org.apache.hadoop.http.lib.StaticUserWebFilter$StaticUserFilter) to context hddsDatanode
2023-09-29 09:14:52,953 [main] INFO  http.HttpServer2 (HttpServer2.java:addFilter(1015)) - Added filter static_user_filter (class=org.apache.hadoop.http.lib.StaticUserWebFilter$StaticUserFilter) to context logs
2023-09-29 09:14:52,953 [main] INFO  http.HttpServer2 (HttpServer2.java:addFilter(1015)) - Added filter static_user_filter (class=org.apache.hadoop.http.lib.StaticUserWebFilter$StaticUserFilter) to context static
2023-09-29 09:14:52,954 [main] INFO  http.BaseHttpServer (BaseHttpServer.java:<init>(189)) - HTTP server of hddsDatanode uses base directory /home/runner/work/ozone/ozone/hadoop-ozone/integration-test/target/test-dir/MiniOzoneClusterImpl-23fe215d-70cc-4cc8-8e82-38d5ce4d8890/datanode-1/meta/webserver
2023-09-29 09:14:52,954 [main] INFO  http.HttpServer2 (HttpServer2.java:bindListener(1231)) - Jetty bound to port 15071
2023-09-29 09:14:52,955 [main] INFO  server.Server (Server.java:doStart(375)) - jetty-9.4.52.v20230823; built: 2023-08-23T19:29:37.669Z; git: abdcda73818a1a2c705da276edb0bf6581e7997e; jvm 1.8.0_382-b05
2023-09-29 09:14:52,957 [main] INFO  server.session (DefaultSessionIdManager.java:doStart(334)) - DefaultSessionIdManager workerName=node0
2023-09-29 09:14:52,957 [main] INFO  server.session (DefaultSessionIdManager.java:doStart(339)) - No SessionScavenger set, using defaults
2023-09-29 09:14:52,958 [main] INFO  server.session (HouseKeeper.java:startScavenging(132)) - node0 Scavenging every 660000ms
2023-09-29 09:14:52,959 [main] INFO  handler.ContextHandler (ContextHandler.java:doStart(921)) - Started o.e.j.s.ServletContextHandler@2121c739{logs,/logs,file:///home/runner/work/ozone/ozone/hadoop-ozone/integration-test/target/log,AVAILABLE}
2023-09-29 09:14:52,960 [main] INFO  handler.ContextHandler (ContextHandler.java:doStart(921)) - Started o.e.j.s.ServletContextHandler@7ca6dbbd{static,/static,jar:file:/home/runner/.m2/repository/org/apache/ozone/hdds-container-service/1.4.0-SNAPSHOT/hdds-container-service-1.4.0-SNAPSHOT.jar!/webapps/static,AVAILABLE}
2023-09-29 09:14:53,199 [main] INFO  handler.ContextHandler (ContextHandler.java:doStart(921)) - Started o.e.j.w.WebAppContext@2334aa2{hddsDatanode,/,file:///home/runner/work/ozone/ozone/hadoop-ozone/integration-test/target/test-dir/MiniOzoneClusterImpl-23fe215d-70cc-4cc8-8e82-38d5ce4d8890/datanode-1/meta/webserver/jetty-0_0_0_0-15071-hdds-container-service-1_4_0-SNAPSHOT_jar-_-any-862441154881567100/webapp/,AVAILABLE}{jar:file:/home/runner/.m2/repository/org/apache/ozone/hdds-container-service/1.4.0-SNAPSHOT/hdds-container-service-1.4.0-SNAPSHOT.jar!/webapps/hddsDatanode}
2023-09-29 09:14:53,202 [main] INFO  server.AbstractConnector (AbstractConnector.java:doStart(333)) - Started ServerConnector@6fd48fa4{HTTP/1.1, (http/1.1)}{0.0.0.0:15071}
2023-09-29 09:14:53,203 [main] INFO  server.Server (Server.java:doStart(415)) - Started @130161ms
2023-09-29 09:14:53,203 [main] WARN  impl.MetricsSystemImpl (MetricsSystemImpl.java:register(279)) - Sink prometheus already exists!
2023-09-29 09:14:53,204 [main] INFO  http.BaseHttpServer (BaseHttpServer.java:updateConnectorAddress(354)) - HTTP server of hddsDatanode listening at http://0.0.0.0:15071
2023-09-29 09:14:53,204 [main] INFO  ipc.CallQueueManager (CallQueueManager.java:<init>(90)) - Using callQueue: class java.util.concurrent.LinkedBlockingQueue, queueCapacity: 100, scheduler: class org.apache.hadoop.ipc.DefaultRpcScheduler, ipcBackoff: false.
2023-09-29 09:14:53,204 [main] INFO  ipc.Server (Server.java:<init>(1287)) - Listener at 0.0.0.0:15072
2023-09-29 09:14:53,205 [Socket Reader #1 for port 15072] INFO  ipc.Server (Server.java:run(1323)) - Starting Socket Reader #1 for port 15072
2023-09-29 09:14:53,208 [main] INFO  ozone.HddsDatanodeService (HddsDatanodeService.java:start(315)) - Datanode start with admins: [runner]
2023-09-29 09:14:53,208 [main] INFO  ozone.HddsDatanodeClientProtocolServer (HddsDatanodeClientProtocolServer.java:start(72)) - RPC server for Client /0.0.0.0:15072
2023-09-29 09:14:53,208 [IPC Server Responder] INFO  ipc.Server (Server.java:run(1562)) - IPC Server Responder: starting
2023-09-29 09:14:53,212 [Datanode State Machine Daemon Thread] INFO  statemachine.DatanodeStateMachine (DatanodeStateMachine.java:lambda$startDaemon$0(539)) - Ozone container server started.
2023-09-29 09:14:53,213 [IPC Server listener on 15072] INFO  ipc.Server (Server.java:run(1402)) - IPC Server listener on 15072: starting
2023-09-29 09:14:53,213 [main] WARN  impl.MetricRegistriesImpl (MetricRegistriesImpl.java:addReporterRegistration(111)) - New reporters are added after registries were created. Some metrics will be missing from the reporter. Please add reporter before adding any new registry.
2023-09-29 09:14:53,216 [main] WARN  impl.MetricRegistriesImpl (MetricRegistriesImpl.java:addReporterRegistration(111)) - New reporters are added after registries were created. Some metrics will be missing from the reporter. Please add reporter before adding any new registry.
2023-09-29 09:14:53,216 [main] INFO  impl.MetricsSystemImpl (MetricsSystemImpl.java:init(158)) - HddsDatanode metrics system started (again)
2023-09-29 09:14:53,236 [main] INFO  ozone.HddsDatanodeService (HddsDatanodeService.java:start(237)) - HddsDatanodeService host:fv-az83-343.uavyq1izdhte5b0ne1us2eqzhb.jx.internal.cloudapp.net ip:10.1.0.30
2023-09-29 09:14:53,252 [Datanode State Machine Task Thread - 0] INFO  datanode.InitDatanodeState (InitDatanodeState.java:persistContainerDatanodeDetails(138)) - DatanodeDetails is persisted to /home/runner/work/ozone/ozone/hadoop-ozone/integration-test/target/test-dir/MiniOzoneClusterImpl-23fe215d-70cc-4cc8-8e82-38d5ce4d8890/datanode-1/meta/datanode.id
2023-09-29 09:14:53,268 [main] INFO  upgrade.AbstractLayoutVersionManager (AbstractLayoutVersionManager.java:init(83)) - Initializing Layout version manager with metadata layout = HADOOP_PRC_PORTS_IN_DATANODEDETAILS (version = 7), software layout = HADOOP_PRC_PORTS_IN_DATANODEDETAILS (version = 7)
2023-09-29 09:14:53,269 [main] INFO  statemachine.DatanodeStateMachine (DatanodeStateMachine.java:getEndPointTaskThreadPoolSize(283)) - Datanode State Machine Task Thread Pool size 2
2023-09-29 09:14:53,272 [main] INFO  volume.HddsVolume (HddsVolume.java:<init>(126)) - Creating HddsVolume: /home/runner/work/ozone/ozone/hadoop-ozone/integration-test/target/test-dir/MiniOzoneClusterImpl-23fe215d-70cc-4cc8-8e82-38d5ce4d8890/datanode-2/data-0/containers/hdds of storage type : DISK capacity : 9223372036854775807
2023-09-29 09:14:53,272 [main] INFO  volume.MutableVolumeSet (MutableVolumeSet.java:initializeVolumeSet(173)) - Added Volume : /home/runner/work/ozone/ozone/hadoop-ozone/integration-test/target/test-dir/MiniOzoneClusterImpl-23fe215d-70cc-4cc8-8e82-38d5ce4d8890/datanode-2/data-0/containers/hdds to VolumeSet
2023-09-29 09:14:53,276 [main] INFO  volume.MutableVolumeSet (MutableVolumeSet.java:initializeVolumeSet(173)) - Added Volume : /home/runner/work/ozone/ozone/hadoop-ozone/integration-test/target/test-dir/MiniOzoneClusterImpl-23fe215d-70cc-4cc8-8e82-38d5ce4d8890/datanode-2/data/ratis to VolumeSet
2023-09-29 09:14:53,283 [Thread-1935] INFO  ozoneimpl.ContainerReader (ContainerReader.java:readVolume(177)) - Finish verifying containers on volume /home/runner/work/ozone/ozone/hadoop-ozone/integration-test/target/test-dir/MiniOzoneClusterImpl-23fe215d-70cc-4cc8-8e82-38d5ce4d8890/datanode-2/data-0/containers/hdds
2023-09-29 09:14:53,283 [main] INFO  ozoneimpl.OzoneContainer (OzoneContainer.java:buildContainerSet(314)) - Build ContainerSet costs 0s
2023-09-29 09:14:53,294 [main] INFO  server.RaftServer (ConfUtils.java:logGet(46)) - raft.rpc.type = GRPC (default)
2023-09-29 09:14:53,295 [main] INFO  grpc.GrpcConfigKeys (ConfUtils.java:logFallback(53)) - raft.grpc.admin.host = null (fallback to raft.grpc.server.host)
2023-09-29 09:14:53,295 [main] INFO  grpc.GrpcConfigKeys (ConfUtils.java:logGet(46)) - raft.grpc.admin.port = 15084 (custom)
2023-09-29 09:14:53,296 [main] INFO  grpc.GrpcConfigKeys (ConfUtils.java:logFallback(53)) - raft.grpc.client.host = null (fallback to raft.grpc.server.host)
2023-09-29 09:14:53,296 [main] INFO  grpc.GrpcConfigKeys (ConfUtils.java:logGet(46)) - raft.grpc.client.port = 15083 (custom)
2023-09-29 09:14:53,296 [main] INFO  grpc.GrpcConfigKeys (ConfUtils.java:logGet(46)) - raft.grpc.server.host = null (default)
2023-09-29 09:14:53,296 [main] INFO  grpc.GrpcConfigKeys (ConfUtils.java:logGet(46)) - raft.grpc.server.port = 15085 (custom)
2023-09-29 09:14:53,296 [main] INFO  server.GrpcService (ConfUtils.java:logGet(46)) - raft.grpc.message.size.max = 32MB (=33554432) (custom)
2023-09-29 09:14:53,296 [main] INFO  server.RaftServerConfigKeys (ConfUtils.java:logGet(46)) - raft.server.log.appender.buffer.byte-limit = 33554432 (custom)
2023-09-29 09:14:53,297 [main] INFO  server.GrpcService (ConfUtils.java:logGet(46)) - raft.grpc.flow.control.window = 5MB (=5242880) (custom)
2023-09-29 09:14:53,297 [main] INFO  server.RaftServerConfigKeys (ConfUtils.java:logGet(46)) - raft.server.rpc.request.timeout = 60s (custom)
2023-09-29 09:14:53,297 [main] INFO  grpc.GrpcConfigKeys (ConfUtils.java:logGet(46)) - raft.grpc.server.heartbeat.channel = true (default)
2023-09-29 09:14:53,298 [main] INFO  grpc.GrpcConfigKeys (ConfUtils.java:logGet(46)) - raft.grpc.server.async.request.thread.pool.cached = true (default)
2023-09-29 09:14:53,299 [main] INFO  grpc.GrpcConfigKeys (ConfUtils.java:logGet(46)) - raft.grpc.server.async.request.thread.pool.size = 32 (default)
2023-09-29 09:14:53,302 [main] INFO  impl.DataStreamServerImpl (ConfUtils.java:logGet(46)) - raft.datastream.type = NETTY (custom)
2023-09-29 09:14:53,303 [main] INFO  server.RaftServerConfigKeys (ConfUtils.java:logGet(46)) - raft.server.data-stream.async.request.thread.pool.cached = false (default)
2023-09-29 09:14:53,304 [main] INFO  server.RaftServerConfigKeys (ConfUtils.java:logGet(46)) - raft.server.data-stream.async.request.thread.pool.size = 20 (custom)
2023-09-29 09:14:53,304 [main] INFO  server.RaftServerConfigKeys (ConfUtils.java:logGet(46)) - raft.server.data-stream.async.write.thread.pool.size = 16 (default)
2023-09-29 09:14:53,304 [main] INFO  server.RaftServerConfigKeys (ConfUtils.java:logGet(46)) - raft.server.data-stream.client.pool.size = 10 (default)
2023-09-29 09:14:53,304 [main] INFO  netty.NettyConfigKeys$DataStream (ConfUtils.java:logGet(46)) - raft.netty.dataStream.server.use-epoll = false (default)
2023-09-29 09:14:53,304 [main] INFO  netty.NettyConfigKeys$DataStream (ConfUtils.java:logGet(46)) - raft.netty.dataStream.server.boss-group.size = 0 (default)
2023-09-29 09:14:53,305 [main] INFO  netty.NettyConfigKeys$DataStream (ConfUtils.java:logGet(46)) - raft.netty.dataStream.server.worker-group.size = 0 (default)
2023-09-29 09:14:53,305 [main] INFO  netty.NettyConfigKeys$DataStream (ConfUtils.java:logGet(46)) - raft.netty.dataStream.server.tls.conf = null (default)
2023-09-29 09:14:53,306 [main] INFO  netty.NettyConfigKeys$DataStream (ConfUtils.java:logGet(46)) - raft.netty.dataStream.host = null (default)
2023-09-29 09:14:53,306 [main] INFO  netty.NettyConfigKeys$DataStream (ConfUtils.java:logGet(46)) - raft.netty.dataStream.port = 15086 (custom)
2023-09-29 09:14:53,306 [main] INFO  server.RaftServerConfigKeys (ConfUtils.java:logGet(46)) - raft.server.threadpool.proxy.cached = true (default)
2023-09-29 09:14:53,306 [main] INFO  server.RaftServerConfigKeys (ConfUtils.java:logGet(46)) - raft.server.threadpool.proxy.size = 0 (default)
2023-09-29 09:14:53,307 [10e0b218-8303-4db1-a541-e155d4944b6e-NettyServerStreamRpc-bossGroup--thread1] INFO  logging.LoggingHandler (AbstractInternalLogger.java:log(148)) - [id: 0x5c20cc0a] REGISTERED
2023-09-29 09:14:53,307 [main] INFO  server.RaftServerConfigKeys (ConfUtils.java:logGet(46)) - raft.server.rpc.slowness.timeout = 300s (custom)
2023-09-29 09:14:53,307 [10e0b218-8303-4db1-a541-e155d4944b6e-NettyServerStreamRpc-bossGroup--thread1] INFO  logging.LoggingHandler (AbstractInternalLogger.java:log(148)) - [id: 0x5c20cc0a] BIND: 0.0.0.0/0.0.0.0:15086
2023-09-29 09:14:53,307 [main] INFO  server.RaftServerConfigKeys (ConfUtils.java:logGet(46)) - raft.server.leaderelection.leader.step-down.wait-time = 10s (default)
2023-09-29 09:14:53,307 [10e0b218-8303-4db1-a541-e155d4944b6e-NettyServerStreamRpc-bossGroup--thread1] INFO  logging.LoggingHandler (AbstractInternalLogger.java:log(148)) - [id: 0x5c20cc0a, L:/0:0:0:0:0:0:0:0:15086] ACTIVE
2023-09-29 09:14:53,307 [main] INFO  server.RaftServerConfigKeys (ConfUtils.java:logGet(46)) - raft.server.storage.dir = [/home/runner/work/ozone/ozone/hadoop-ozone/integration-test/target/test-dir/MiniOzoneClusterImpl-23fe215d-70cc-4cc8-8e82-38d5ce4d8890/datanode-2/data/ratis] (custom)
2023-09-29 09:14:53,308 [10e0b218-8303-4db1-a541-e155d4944b6e-impl-thread1] INFO  server.RaftServer (RaftServerProxy.java:initGroupDir(258)) - 10e0b218-8303-4db1-a541-e155d4944b6e: found a subdirectory /home/runner/work/ozone/ozone/hadoop-ozone/integration-test/target/test-dir/MiniOzoneClusterImpl-23fe215d-70cc-4cc8-8e82-38d5ce4d8890/datanode-2/data/ratis/tmp
2023-09-29 09:14:53,308 [10e0b218-8303-4db1-a541-e155d4944b6e-impl-thread1] INFO  server.RaftServer (RaftServerProxy.java:initGroupDir(263)) - 10e0b218-8303-4db1-a541-e155d4944b6e: The directory /home/runner/work/ozone/ozone/hadoop-ozone/integration-test/target/test-dir/MiniOzoneClusterImpl-23fe215d-70cc-4cc8-8e82-38d5ce4d8890/datanode-2/data/ratis/tmp is not a group directory; ignoring it. 
2023-09-29 09:14:53,308 [main] INFO  replication.ReplicationServer (ReplicationServer.java:<init>(83)) - Initializing replication server with thread count = 10 queue length = 4096
2023-09-29 09:14:53,309 [main] INFO  server.XceiverServerGrpc (XceiverServerGrpc.java:<init>(132)) - GrpcServer channel type EpollServerSocketChannel
2023-09-29 09:14:53,311 [main] INFO  replication.ReplicationSupervisor (ReplicationSupervisor.java:build(155)) - Initializing replication supervisor with thread count = 10
2023-09-29 09:14:53,312 [main] INFO  replication.ReplicationSupervisor (ReplicationSupervisor.java:nodeStateUpdated(307)) - Node state updated to IN_SERVICE, scaling executor pool size to 10
2023-09-29 09:14:53,314 [main] INFO  http.BaseHttpServer (BaseHttpServer.java:newHttpServer2BuilderForOzone(223)) - Starting Web-server for hddsDatanode at: http://0.0.0.0:15080
2023-09-29 09:14:53,314 [main] INFO  http.BaseHttpServer (BaseHttpServer.java:<init>(110)) - Hadoop Security Enabled: false Ozone Security Enabled: false Ozone HTTP Security Enabled: false 
2023-09-29 09:14:53,315 [main] WARN  server.AuthenticationFilter (AuthenticationFilter.java:constructSecretProvider(240)) - Unable to initialize FileSignerSecretProvider, falling back to use random secrets. Reason: Could not read signature secret file: /home/runner/hadoop-http-auth-signature-secret
2023-09-29 09:14:53,317 [main] INFO  http.HttpRequestLog (HttpRequestLog.java:getRequestLog(86)) - Http request log for http.requests.hddsDatanode is not defined
2023-09-29 09:14:53,320 [main] INFO  http.HttpServer2 (HttpServer2.java:addGlobalFilter(1031)) - Added global filter 'safety' (class=org.apache.hadoop.hdds.server.http.HttpServer2$QuotingInputFilter)
2023-09-29 09:14:53,321 [main] INFO  http.HttpServer2 (HttpServer2.java:addFilter(1007)) - Added filter static_user_filter (class=org.apache.hadoop.http.lib.StaticUserWebFilter$StaticUserFilter) to context hddsDatanode
2023-09-29 09:14:53,321 [main] INFO  http.HttpServer2 (HttpServer2.java:addFilter(1015)) - Added filter static_user_filter (class=org.apache.hadoop.http.lib.StaticUserWebFilter$StaticUserFilter) to context logs
2023-09-29 09:14:53,321 [main] INFO  http.HttpServer2 (HttpServer2.java:addFilter(1015)) - Added filter static_user_filter (class=org.apache.hadoop.http.lib.StaticUserWebFilter$StaticUserFilter) to context static
2023-09-29 09:14:53,322 [main] INFO  http.BaseHttpServer (BaseHttpServer.java:<init>(189)) - HTTP server of hddsDatanode uses base directory /home/runner/work/ozone/ozone/hadoop-ozone/integration-test/target/test-dir/MiniOzoneClusterImpl-23fe215d-70cc-4cc8-8e82-38d5ce4d8890/datanode-2/meta/webserver
2023-09-29 09:14:53,322 [main] INFO  http.HttpServer2 (HttpServer2.java:bindListener(1231)) - Jetty bound to port 15080
2023-09-29 09:14:53,322 [main] INFO  server.Server (Server.java:doStart(375)) - jetty-9.4.52.v20230823; built: 2023-08-23T19:29:37.669Z; git: abdcda73818a1a2c705da276edb0bf6581e7997e; jvm 1.8.0_382-b05
2023-09-29 09:14:53,325 [main] INFO  server.session (DefaultSessionIdManager.java:doStart(334)) - DefaultSessionIdManager workerName=node0
2023-09-29 09:14:53,325 [main] INFO  server.session (DefaultSessionIdManager.java:doStart(339)) - No SessionScavenger set, using defaults
2023-09-29 09:14:53,325 [main] INFO  server.session (HouseKeeper.java:startScavenging(132)) - node0 Scavenging every 600000ms
2023-09-29 09:14:53,326 [main] INFO  handler.ContextHandler (ContextHandler.java:doStart(921)) - Started o.e.j.s.ServletContextHandler@2a43fb15{logs,/logs,file:///home/runner/work/ozone/ozone/hadoop-ozone/integration-test/target/log,AVAILABLE}
2023-09-29 09:14:53,327 [main] INFO  handler.ContextHandler (ContextHandler.java:doStart(921)) - Started o.e.j.s.ServletContextHandler@672035c7{static,/static,jar:file:/home/runner/.m2/repository/org/apache/ozone/hdds-container-service/1.4.0-SNAPSHOT/hdds-container-service-1.4.0-SNAPSHOT.jar!/webapps/static,AVAILABLE}
2023-09-29 09:14:53,572 [main] INFO  handler.ContextHandler (ContextHandler.java:doStart(921)) - Started o.e.j.w.WebAppContext@25c6abfa{hddsDatanode,/,file:///home/runner/work/ozone/ozone/hadoop-ozone/integration-test/target/test-dir/MiniOzoneClusterImpl-23fe215d-70cc-4cc8-8e82-38d5ce4d8890/datanode-2/meta/webserver/jetty-0_0_0_0-15080-hdds-container-service-1_4_0-SNAPSHOT_jar-_-any-1669821452173663936/webapp/,AVAILABLE}{jar:file:/home/runner/.m2/repository/org/apache/ozone/hdds-container-service/1.4.0-SNAPSHOT/hdds-container-service-1.4.0-SNAPSHOT.jar!/webapps/hddsDatanode}
2023-09-29 09:14:53,577 [main] INFO  server.AbstractConnector (AbstractConnector.java:doStart(333)) - Started ServerConnector@7a6d66a8{HTTP/1.1, (http/1.1)}{0.0.0.0:15080}
2023-09-29 09:14:53,577 [main] INFO  server.Server (Server.java:doStart(415)) - Started @130536ms
2023-09-29 09:14:53,578 [main] WARN  impl.MetricsSystemImpl (MetricsSystemImpl.java:register(279)) - Sink prometheus already exists!
2023-09-29 09:14:53,578 [main] INFO  http.BaseHttpServer (BaseHttpServer.java:updateConnectorAddress(354)) - HTTP server of hddsDatanode listening at http://0.0.0.0:15080
2023-09-29 09:14:53,581 [main] INFO  ipc.CallQueueManager (CallQueueManager.java:<init>(90)) - Using callQueue: class java.util.concurrent.LinkedBlockingQueue, queueCapacity: 100, scheduler: class org.apache.hadoop.ipc.DefaultRpcScheduler, ipcBackoff: false.
2023-09-29 09:14:53,581 [main] INFO  ipc.Server (Server.java:<init>(1287)) - Listener at 0.0.0.0:15081
2023-09-29 09:14:53,581 [Socket Reader #1 for port 15081] INFO  ipc.Server (Server.java:run(1323)) - Starting Socket Reader #1 for port 15081
2023-09-29 09:14:53,585 [main] INFO  ozone.HddsDatanodeService (HddsDatanodeService.java:start(315)) - Datanode start with admins: [runner]
2023-09-29 09:14:53,585 [main] INFO  ozone.HddsDatanodeClientProtocolServer (HddsDatanodeClientProtocolServer.java:start(72)) - RPC server for Client /0.0.0.0:15081
2023-09-29 09:14:53,585 [IPC Server Responder] INFO  ipc.Server (Server.java:run(1562)) - IPC Server Responder: starting
2023-09-29 09:14:53,586 [IPC Server listener on 15081] INFO  ipc.Server (Server.java:run(1402)) - IPC Server listener on 15081: starting
2023-09-29 09:14:53,588 [main] WARN  impl.MetricRegistriesImpl (MetricRegistriesImpl.java:addReporterRegistration(111)) - New reporters are added after registries were created. Some metrics will be missing from the reporter. Please add reporter before adding any new registry.
2023-09-29 09:14:53,588 [main] WARN  impl.MetricRegistriesImpl (MetricRegistriesImpl.java:addReporterRegistration(111)) - New reporters are added after registries were created. Some metrics will be missing from the reporter. Please add reporter before adding any new registry.
2023-09-29 09:14:53,589 [main] INFO  impl.MetricsSystemImpl (MetricsSystemImpl.java:init(158)) - HddsDatanode metrics system started (again)
2023-09-29 09:14:53,594 [Datanode State Machine Daemon Thread] INFO  statemachine.DatanodeStateMachine (DatanodeStateMachine.java:lambda$startDaemon$0(539)) - Ozone container server started.
2023-09-29 09:14:53,606 [main] INFO  ozone.HddsDatanodeService (HddsDatanodeService.java:start(237)) - HddsDatanodeService host:fv-az83-343.uavyq1izdhte5b0ne1us2eqzhb.jx.internal.cloudapp.net ip:10.1.0.30
2023-09-29 09:14:53,608 [Datanode State Machine Task Thread - 0] INFO  datanode.InitDatanodeState (InitDatanodeState.java:persistContainerDatanodeDetails(138)) - DatanodeDetails is persisted to /home/runner/work/ozone/ozone/hadoop-ozone/integration-test/target/test-dir/MiniOzoneClusterImpl-23fe215d-70cc-4cc8-8e82-38d5ce4d8890/datanode-2/meta/datanode.id
2023-09-29 09:14:53,638 [main] INFO  upgrade.AbstractLayoutVersionManager (AbstractLayoutVersionManager.java:init(83)) - Initializing Layout version manager with metadata layout = HADOOP_PRC_PORTS_IN_DATANODEDETAILS (version = 7), software layout = HADOOP_PRC_PORTS_IN_DATANODEDETAILS (version = 7)
2023-09-29 09:14:53,639 [main] INFO  statemachine.DatanodeStateMachine (DatanodeStateMachine.java:getEndPointTaskThreadPoolSize(283)) - Datanode State Machine Task Thread Pool size 2
2023-09-29 09:14:53,641 [main] INFO  volume.HddsVolume (HddsVolume.java:<init>(126)) - Creating HddsVolume: /home/runner/work/ozone/ozone/hadoop-ozone/integration-test/target/test-dir/MiniOzoneClusterImpl-23fe215d-70cc-4cc8-8e82-38d5ce4d8890/datanode-3/data-0/containers/hdds of storage type : DISK capacity : 9223372036854775807
2023-09-29 09:14:53,641 [main] INFO  volume.MutableVolumeSet (MutableVolumeSet.java:initializeVolumeSet(173)) - Added Volume : /home/runner/work/ozone/ozone/hadoop-ozone/integration-test/target/test-dir/MiniOzoneClusterImpl-23fe215d-70cc-4cc8-8e82-38d5ce4d8890/datanode-3/data-0/containers/hdds to VolumeSet
2023-09-29 09:14:53,642 [main] INFO  volume.MutableVolumeSet (MutableVolumeSet.java:initializeVolumeSet(173)) - Added Volume : /home/runner/work/ozone/ozone/hadoop-ozone/integration-test/target/test-dir/MiniOzoneClusterImpl-23fe215d-70cc-4cc8-8e82-38d5ce4d8890/datanode-3/data/ratis to VolumeSet
2023-09-29 09:14:53,643 [Thread-1952] INFO  ozoneimpl.ContainerReader (ContainerReader.java:readVolume(177)) - Finish verifying containers on volume /home/runner/work/ozone/ozone/hadoop-ozone/integration-test/target/test-dir/MiniOzoneClusterImpl-23fe215d-70cc-4cc8-8e82-38d5ce4d8890/datanode-3/data-0/containers/hdds
2023-09-29 09:14:53,643 [main] INFO  ozoneimpl.OzoneContainer (OzoneContainer.java:buildContainerSet(314)) - Build ContainerSet costs 0s
2023-09-29 09:14:53,645 [main] INFO  server.RaftServer (ConfUtils.java:logGet(46)) - raft.rpc.type = GRPC (default)
2023-09-29 09:14:53,646 [main] INFO  grpc.GrpcConfigKeys (ConfUtils.java:logFallback(53)) - raft.grpc.admin.host = null (fallback to raft.grpc.server.host)
2023-09-29 09:14:53,646 [main] INFO  grpc.GrpcConfigKeys (ConfUtils.java:logGet(46)) - raft.grpc.admin.port = 15093 (custom)
2023-09-29 09:14:53,646 [main] INFO  grpc.GrpcConfigKeys (ConfUtils.java:logFallback(53)) - raft.grpc.client.host = null (fallback to raft.grpc.server.host)
2023-09-29 09:14:53,646 [main] INFO  grpc.GrpcConfigKeys (ConfUtils.java:logGet(46)) - raft.grpc.client.port = 15092 (custom)
2023-09-29 09:14:53,646 [main] INFO  grpc.GrpcConfigKeys (ConfUtils.java:logGet(46)) - raft.grpc.server.host = null (default)
2023-09-29 09:14:53,646 [main] INFO  grpc.GrpcConfigKeys (ConfUtils.java:logGet(46)) - raft.grpc.server.port = 15094 (custom)
2023-09-29 09:14:53,646 [main] INFO  server.GrpcService (ConfUtils.java:logGet(46)) - raft.grpc.message.size.max = 32MB (=33554432) (custom)
2023-09-29 09:14:53,647 [main] INFO  server.RaftServerConfigKeys (ConfUtils.java:logGet(46)) - raft.server.log.appender.buffer.byte-limit = 33554432 (custom)
2023-09-29 09:14:53,647 [main] INFO  server.GrpcService (ConfUtils.java:logGet(46)) - raft.grpc.flow.control.window = 5MB (=5242880) (custom)
2023-09-29 09:14:53,647 [main] INFO  server.RaftServerConfigKeys (ConfUtils.java:logGet(46)) - raft.server.rpc.request.timeout = 60s (custom)
2023-09-29 09:14:53,647 [main] INFO  grpc.GrpcConfigKeys (ConfUtils.java:logGet(46)) - raft.grpc.server.heartbeat.channel = true (default)
2023-09-29 09:14:53,647 [main] INFO  grpc.GrpcConfigKeys (ConfUtils.java:logGet(46)) - raft.grpc.server.async.request.thread.pool.cached = true (default)
2023-09-29 09:14:53,647 [main] INFO  grpc.GrpcConfigKeys (ConfUtils.java:logGet(46)) - raft.grpc.server.async.request.thread.pool.size = 32 (default)
2023-09-29 09:14:53,650 [main] INFO  impl.DataStreamServerImpl (ConfUtils.java:logGet(46)) - raft.datastream.type = NETTY (custom)
2023-09-29 09:14:53,651 [main] INFO  server.RaftServerConfigKeys (ConfUtils.java:logGet(46)) - raft.server.data-stream.async.request.thread.pool.cached = false (default)
2023-09-29 09:14:53,651 [main] INFO  server.RaftServerConfigKeys (ConfUtils.java:logGet(46)) - raft.server.data-stream.async.request.thread.pool.size = 20 (custom)
2023-09-29 09:14:53,651 [main] INFO  server.RaftServerConfigKeys (ConfUtils.java:logGet(46)) - raft.server.data-stream.async.write.thread.pool.size = 16 (default)
2023-09-29 09:14:53,651 [main] INFO  server.RaftServerConfigKeys (ConfUtils.java:logGet(46)) - raft.server.data-stream.client.pool.size = 10 (default)
2023-09-29 09:14:53,651 [main] INFO  netty.NettyConfigKeys$DataStream (ConfUtils.java:logGet(46)) - raft.netty.dataStream.server.use-epoll = false (default)
2023-09-29 09:14:53,651 [main] INFO  netty.NettyConfigKeys$DataStream (ConfUtils.java:logGet(46)) - raft.netty.dataStream.server.boss-group.size = 0 (default)
2023-09-29 09:14:53,652 [main] INFO  netty.NettyConfigKeys$DataStream (ConfUtils.java:logGet(46)) - raft.netty.dataStream.server.worker-group.size = 0 (default)
2023-09-29 09:14:53,653 [main] INFO  netty.NettyConfigKeys$DataStream (ConfUtils.java:logGet(46)) - raft.netty.dataStream.server.tls.conf = null (default)
2023-09-29 09:14:53,653 [main] INFO  netty.NettyConfigKeys$DataStream (ConfUtils.java:logGet(46)) - raft.netty.dataStream.host = null (default)
2023-09-29 09:14:53,653 [main] INFO  netty.NettyConfigKeys$DataStream (ConfUtils.java:logGet(46)) - raft.netty.dataStream.port = 15095 (custom)
2023-09-29 09:14:53,654 [main] INFO  server.RaftServerConfigKeys (ConfUtils.java:logGet(46)) - raft.server.threadpool.proxy.cached = true (default)
2023-09-29 09:14:53,654 [main] INFO  server.RaftServerConfigKeys (ConfUtils.java:logGet(46)) - raft.server.threadpool.proxy.size = 0 (default)
2023-09-29 09:14:53,654 [main] INFO  server.RaftServerConfigKeys (ConfUtils.java:logGet(46)) - raft.server.rpc.slowness.timeout = 300s (custom)
2023-09-29 09:14:53,654 [main] INFO  server.RaftServerConfigKeys (ConfUtils.java:logGet(46)) - raft.server.leaderelection.leader.step-down.wait-time = 10s (default)
2023-09-29 09:14:53,654 [main] INFO  server.RaftServerConfigKeys (ConfUtils.java:logGet(46)) - raft.server.storage.dir = [/home/runner/work/ozone/ozone/hadoop-ozone/integration-test/target/test-dir/MiniOzoneClusterImpl-23fe215d-70cc-4cc8-8e82-38d5ce4d8890/datanode-3/data/ratis] (custom)
2023-09-29 09:14:53,655 [c0cdbf58-0bce-4385-b76e-2e20c526d69e-NettyServerStreamRpc-bossGroup--thread1] INFO  logging.LoggingHandler (AbstractInternalLogger.java:log(148)) - [id: 0xa165a56e] REGISTERED
2023-09-29 09:14:53,655 [c0cdbf58-0bce-4385-b76e-2e20c526d69e-NettyServerStreamRpc-bossGroup--thread1] INFO  logging.LoggingHandler (AbstractInternalLogger.java:log(148)) - [id: 0xa165a56e] BIND: 0.0.0.0/0.0.0.0:15095
2023-09-29 09:14:53,655 [c0cdbf58-0bce-4385-b76e-2e20c526d69e-NettyServerStreamRpc-bossGroup--thread1] INFO  logging.LoggingHandler (AbstractInternalLogger.java:log(148)) - [id: 0xa165a56e, L:/0:0:0:0:0:0:0:0:15095] ACTIVE
2023-09-29 09:14:53,658 [c0cdbf58-0bce-4385-b76e-2e20c526d69e-impl-thread1] INFO  server.RaftServer (RaftServerProxy.java:initGroupDir(258)) - c0cdbf58-0bce-4385-b76e-2e20c526d69e: found a subdirectory /home/runner/work/ozone/ozone/hadoop-ozone/integration-test/target/test-dir/MiniOzoneClusterImpl-23fe215d-70cc-4cc8-8e82-38d5ce4d8890/datanode-3/data/ratis/tmp
2023-09-29 09:14:53,658 [c0cdbf58-0bce-4385-b76e-2e20c526d69e-impl-thread1] INFO  server.RaftServer (RaftServerProxy.java:initGroupDir(263)) - c0cdbf58-0bce-4385-b76e-2e20c526d69e: The directory /home/runner/work/ozone/ozone/hadoop-ozone/integration-test/target/test-dir/MiniOzoneClusterImpl-23fe215d-70cc-4cc8-8e82-38d5ce4d8890/datanode-3/data/ratis/tmp is not a group directory; ignoring it. 
2023-09-29 09:14:53,658 [main] INFO  replication.ReplicationServer (ReplicationServer.java:<init>(83)) - Initializing replication server with thread count = 10 queue length = 4096
2023-09-29 09:14:53,659 [main] INFO  server.XceiverServerGrpc (XceiverServerGrpc.java:<init>(132)) - GrpcServer channel type EpollServerSocketChannel
2023-09-29 09:14:53,661 [main] INFO  replication.ReplicationSupervisor (ReplicationSupervisor.java:build(155)) - Initializing replication supervisor with thread count = 10
2023-09-29 09:14:53,661 [main] INFO  replication.ReplicationSupervisor (ReplicationSupervisor.java:nodeStateUpdated(307)) - Node state updated to IN_SERVICE, scaling executor pool size to 10
2023-09-29 09:14:53,664 [main] INFO  http.BaseHttpServer (BaseHttpServer.java:newHttpServer2BuilderForOzone(223)) - Starting Web-server for hddsDatanode at: http://0.0.0.0:15089
2023-09-29 09:14:53,664 [main] INFO  http.BaseHttpServer (BaseHttpServer.java:<init>(110)) - Hadoop Security Enabled: false Ozone Security Enabled: false Ozone HTTP Security Enabled: false 
2023-09-29 09:14:53,665 [main] WARN  server.AuthenticationFilter (AuthenticationFilter.java:constructSecretProvider(240)) - Unable to initialize FileSignerSecretProvider, falling back to use random secrets. Reason: Could not read signature secret file: /home/runner/hadoop-http-auth-signature-secret
2023-09-29 09:14:53,668 [main] INFO  http.HttpRequestLog (HttpRequestLog.java:getRequestLog(86)) - Http request log for http.requests.hddsDatanode is not defined
2023-09-29 09:14:53,669 [main] INFO  http.HttpServer2 (HttpServer2.java:addGlobalFilter(1031)) - Added global filter 'safety' (class=org.apache.hadoop.hdds.server.http.HttpServer2$QuotingInputFilter)
2023-09-29 09:14:53,671 [main] INFO  http.HttpServer2 (HttpServer2.java:addFilter(1007)) - Added filter static_user_filter (class=org.apache.hadoop.http.lib.StaticUserWebFilter$StaticUserFilter) to context hddsDatanode
2023-09-29 09:14:53,671 [main] INFO  http.HttpServer2 (HttpServer2.java:addFilter(1015)) - Added filter static_user_filter (class=org.apache.hadoop.http.lib.StaticUserWebFilter$StaticUserFilter) to context static
2023-09-29 09:14:53,672 [main] INFO  http.HttpServer2 (HttpServer2.java:addFilter(1015)) - Added filter static_user_filter (class=org.apache.hadoop.http.lib.StaticUserWebFilter$StaticUserFilter) to context logs
2023-09-29 09:14:53,672 [main] INFO  http.BaseHttpServer (BaseHttpServer.java:<init>(189)) - HTTP server of hddsDatanode uses base directory /home/runner/work/ozone/ozone/hadoop-ozone/integration-test/target/test-dir/MiniOzoneClusterImpl-23fe215d-70cc-4cc8-8e82-38d5ce4d8890/datanode-3/meta/webserver
2023-09-29 09:14:53,672 [main] INFO  http.HttpServer2 (HttpServer2.java:bindListener(1231)) - Jetty bound to port 15089
2023-09-29 09:14:53,673 [main] INFO  server.Server (Server.java:doStart(375)) - jetty-9.4.52.v20230823; built: 2023-08-23T19:29:37.669Z; git: abdcda73818a1a2c705da276edb0bf6581e7997e; jvm 1.8.0_382-b05
2023-09-29 09:14:53,674 [main] INFO  server.session (DefaultSessionIdManager.java:doStart(334)) - DefaultSessionIdManager workerName=node0
2023-09-29 09:14:53,675 [main] INFO  server.session (DefaultSessionIdManager.java:doStart(339)) - No SessionScavenger set, using defaults
2023-09-29 09:14:53,675 [main] INFO  server.session (HouseKeeper.java:startScavenging(132)) - node0 Scavenging every 600000ms
2023-09-29 09:14:53,676 [main] INFO  handler.ContextHandler (ContextHandler.java:doStart(921)) - Started o.e.j.s.ServletContextHandler@158e1548{logs,/logs,file:///home/runner/work/ozone/ozone/hadoop-ozone/integration-test/target/log,AVAILABLE}
2023-09-29 09:14:53,676 [main] INFO  handler.ContextHandler (ContextHandler.java:doStart(921)) - Started o.e.j.s.ServletContextHandler@4b42f207{static,/static,jar:file:/home/runner/.m2/repository/org/apache/ozone/hdds-container-service/1.4.0-SNAPSHOT/hdds-container-service-1.4.0-SNAPSHOT.jar!/webapps/static,AVAILABLE}
2023-09-29 09:14:53,909 [main] INFO  handler.ContextHandler (ContextHandler.java:doStart(921)) - Started o.e.j.w.WebAppContext@5fd66298{hddsDatanode,/,file:///home/runner/work/ozone/ozone/hadoop-ozone/integration-test/target/test-dir/MiniOzoneClusterImpl-23fe215d-70cc-4cc8-8e82-38d5ce4d8890/datanode-3/meta/webserver/jetty-0_0_0_0-15089-hdds-container-service-1_4_0-SNAPSHOT_jar-_-any-6831664093764706406/webapp/,AVAILABLE}{jar:file:/home/runner/.m2/repository/org/apache/ozone/hdds-container-service/1.4.0-SNAPSHOT/hdds-container-service-1.4.0-SNAPSHOT.jar!/webapps/hddsDatanode}
2023-09-29 09:14:53,911 [main] INFO  server.AbstractConnector (AbstractConnector.java:doStart(333)) - Started ServerConnector@46815bf{HTTP/1.1, (http/1.1)}{0.0.0.0:15089}
2023-09-29 09:14:53,911 [main] INFO  server.Server (Server.java:doStart(415)) - Started @130870ms
2023-09-29 09:14:53,911 [main] WARN  impl.MetricsSystemImpl (MetricsSystemImpl.java:register(279)) - Sink prometheus already exists!
2023-09-29 09:14:53,912 [main] INFO  http.BaseHttpServer (BaseHttpServer.java:updateConnectorAddress(354)) - HTTP server of hddsDatanode listening at http://0.0.0.0:15089
2023-09-29 09:14:53,912 [main] INFO  ipc.CallQueueManager (CallQueueManager.java:<init>(90)) - Using callQueue: class java.util.concurrent.LinkedBlockingQueue, queueCapacity: 100, scheduler: class org.apache.hadoop.ipc.DefaultRpcScheduler, ipcBackoff: false.
2023-09-29 09:14:53,913 [main] INFO  ipc.Server (Server.java:<init>(1287)) - Listener at 0.0.0.0:15090
2023-09-29 09:14:53,913 [Socket Reader #1 for port 15090] INFO  ipc.Server (Server.java:run(1323)) - Starting Socket Reader #1 for port 15090
2023-09-29 09:14:53,918 [main] INFO  ozone.HddsDatanodeService (HddsDatanodeService.java:start(315)) - Datanode start with admins: [runner]
2023-09-29 09:14:53,918 [main] INFO  ozone.HddsDatanodeClientProtocolServer (HddsDatanodeClientProtocolServer.java:start(72)) - RPC server for Client /0.0.0.0:15090
2023-09-29 09:14:53,918 [IPC Server Responder] INFO  ipc.Server (Server.java:run(1562)) - IPC Server Responder: starting
2023-09-29 09:14:53,918 [IPC Server listener on 15090] INFO  ipc.Server (Server.java:run(1402)) - IPC Server listener on 15090: starting
2023-09-29 09:14:53,919 [Datanode State Machine Daemon Thread] INFO  statemachine.DatanodeStateMachine (DatanodeStateMachine.java:lambda$startDaemon$0(539)) - Ozone container server started.
2023-09-29 09:14:53,919 [main] WARN  impl.MetricRegistriesImpl (MetricRegistriesImpl.java:addReporterRegistration(111)) - New reporters are added after registries were created. Some metrics will be missing from the reporter. Please add reporter before adding any new registry.
2023-09-29 09:14:53,919 [main] WARN  impl.MetricRegistriesImpl (MetricRegistriesImpl.java:addReporterRegistration(111)) - New reporters are added after registries were created. Some metrics will be missing from the reporter. Please add reporter before adding any new registry.
2023-09-29 09:14:53,919 [main] INFO  impl.MetricsSystemImpl (MetricsSystemImpl.java:init(158)) - HddsDatanode metrics system started (again)
2023-09-29 09:14:53,940 [Datanode State Machine Task Thread - 0] INFO  datanode.InitDatanodeState (InitDatanodeState.java:persistContainerDatanodeDetails(138)) - DatanodeDetails is persisted to /home/runner/work/ozone/ozone/hadoop-ozone/integration-test/target/test-dir/MiniOzoneClusterImpl-23fe215d-70cc-4cc8-8e82-38d5ce4d8890/datanode-3/meta/datanode.id
2023-09-29 09:14:53,945 [main] INFO  ozone.HddsDatanodeService (HddsDatanodeService.java:start(237)) - HddsDatanodeService host:fv-az83-343.uavyq1izdhte5b0ne1us2eqzhb.jx.internal.cloudapp.net ip:10.1.0.30
2023-09-29 09:14:53,977 [main] INFO  upgrade.AbstractLayoutVersionManager (AbstractLayoutVersionManager.java:init(83)) - Initializing Layout version manager with metadata layout = HADOOP_PRC_PORTS_IN_DATANODEDETAILS (version = 7), software layout = HADOOP_PRC_PORTS_IN_DATANODEDETAILS (version = 7)
2023-09-29 09:14:53,978 [main] INFO  statemachine.DatanodeStateMachine (DatanodeStateMachine.java:getEndPointTaskThreadPoolSize(283)) - Datanode State Machine Task Thread Pool size 2
2023-09-29 09:14:53,979 [main] INFO  volume.HddsVolume (HddsVolume.java:<init>(126)) - Creating HddsVolume: /home/runner/work/ozone/ozone/hadoop-ozone/integration-test/target/test-dir/MiniOzoneClusterImpl-23fe215d-70cc-4cc8-8e82-38d5ce4d8890/datanode-4/data-0/containers/hdds of storage type : DISK capacity : 9223372036854775807
2023-09-29 09:14:53,979 [main] INFO  volume.MutableVolumeSet (MutableVolumeSet.java:initializeVolumeSet(173)) - Added Volume : /home/runner/work/ozone/ozone/hadoop-ozone/integration-test/target/test-dir/MiniOzoneClusterImpl-23fe215d-70cc-4cc8-8e82-38d5ce4d8890/datanode-4/data-0/containers/hdds to VolumeSet
2023-09-29 09:14:53,980 [main] INFO  volume.MutableVolumeSet (MutableVolumeSet.java:initializeVolumeSet(173)) - Added Volume : /home/runner/work/ozone/ozone/hadoop-ozone/integration-test/target/test-dir/MiniOzoneClusterImpl-23fe215d-70cc-4cc8-8e82-38d5ce4d8890/datanode-4/data/ratis to VolumeSet
2023-09-29 09:14:53,981 [Thread-1969] INFO  ozoneimpl.ContainerReader (ContainerReader.java:readVolume(177)) - Finish verifying containers on volume /home/runner/work/ozone/ozone/hadoop-ozone/integration-test/target/test-dir/MiniOzoneClusterImpl-23fe215d-70cc-4cc8-8e82-38d5ce4d8890/datanode-4/data-0/containers/hdds
2023-09-29 09:14:53,981 [main] INFO  ozoneimpl.OzoneContainer (OzoneContainer.java:buildContainerSet(314)) - Build ContainerSet costs 0s
2023-09-29 09:14:53,983 [main] INFO  server.RaftServer (ConfUtils.java:logGet(46)) - raft.rpc.type = GRPC (default)
2023-09-29 09:14:53,984 [main] INFO  grpc.GrpcConfigKeys (ConfUtils.java:logFallback(53)) - raft.grpc.admin.host = null (fallback to raft.grpc.server.host)
2023-09-29 09:14:53,984 [main] INFO  grpc.GrpcConfigKeys (ConfUtils.java:logGet(46)) - raft.grpc.admin.port = 15102 (custom)
2023-09-29 09:14:53,984 [main] INFO  grpc.GrpcConfigKeys (ConfUtils.java:logFallback(53)) - raft.grpc.client.host = null (fallback to raft.grpc.server.host)
2023-09-29 09:14:53,984 [main] INFO  grpc.GrpcConfigKeys (ConfUtils.java:logGet(46)) - raft.grpc.client.port = 15101 (custom)
2023-09-29 09:14:53,984 [main] INFO  grpc.GrpcConfigKeys (ConfUtils.java:logGet(46)) - raft.grpc.server.host = null (default)
2023-09-29 09:14:53,984 [main] INFO  grpc.GrpcConfigKeys (ConfUtils.java:logGet(46)) - raft.grpc.server.port = 15103 (custom)
2023-09-29 09:14:53,985 [main] INFO  server.GrpcService (ConfUtils.java:logGet(46)) - raft.grpc.message.size.max = 32MB (=33554432) (custom)
2023-09-29 09:14:53,985 [main] INFO  server.RaftServerConfigKeys (ConfUtils.java:logGet(46)) - raft.server.log.appender.buffer.byte-limit = 33554432 (custom)
2023-09-29 09:14:53,985 [main] INFO  server.GrpcService (ConfUtils.java:logGet(46)) - raft.grpc.flow.control.window = 5MB (=5242880) (custom)
2023-09-29 09:14:53,985 [main] INFO  server.RaftServerConfigKeys (ConfUtils.java:logGet(46)) - raft.server.rpc.request.timeout = 60s (custom)
2023-09-29 09:14:53,985 [main] INFO  grpc.GrpcConfigKeys (ConfUtils.java:logGet(46)) - raft.grpc.server.heartbeat.channel = true (default)
2023-09-29 09:14:53,986 [main] INFO  grpc.GrpcConfigKeys (ConfUtils.java:logGet(46)) - raft.grpc.server.async.request.thread.pool.cached = true (default)
2023-09-29 09:14:53,986 [main] INFO  grpc.GrpcConfigKeys (ConfUtils.java:logGet(46)) - raft.grpc.server.async.request.thread.pool.size = 32 (default)
2023-09-29 09:14:53,989 [main] INFO  impl.DataStreamServerImpl (ConfUtils.java:logGet(46)) - raft.datastream.type = NETTY (custom)
2023-09-29 09:14:53,992 [main] INFO  server.RaftServerConfigKeys (ConfUtils.java:logGet(46)) - raft.server.data-stream.async.request.thread.pool.cached = false (default)
2023-09-29 09:14:53,992 [main] INFO  server.RaftServerConfigKeys (ConfUtils.java:logGet(46)) - raft.server.data-stream.async.request.thread.pool.size = 20 (custom)
2023-09-29 09:14:53,992 [main] INFO  server.RaftServerConfigKeys (ConfUtils.java:logGet(46)) - raft.server.data-stream.async.write.thread.pool.size = 16 (default)
2023-09-29 09:14:53,992 [main] INFO  server.RaftServerConfigKeys (ConfUtils.java:logGet(46)) - raft.server.data-stream.client.pool.size = 10 (default)
2023-09-29 09:14:53,992 [main] INFO  netty.NettyConfigKeys$DataStream (ConfUtils.java:logGet(46)) - raft.netty.dataStream.server.use-epoll = false (default)
2023-09-29 09:14:53,993 [main] INFO  netty.NettyConfigKeys$DataStream (ConfUtils.java:logGet(46)) - raft.netty.dataStream.server.boss-group.size = 0 (default)
2023-09-29 09:14:53,993 [main] INFO  netty.NettyConfigKeys$DataStream (ConfUtils.java:logGet(46)) - raft.netty.dataStream.server.worker-group.size = 0 (default)
2023-09-29 09:14:53,994 [main] INFO  netty.NettyConfigKeys$DataStream (ConfUtils.java:logGet(46)) - raft.netty.dataStream.server.tls.conf = null (default)
2023-09-29 09:14:53,994 [main] INFO  netty.NettyConfigKeys$DataStream (ConfUtils.java:logGet(46)) - raft.netty.dataStream.host = null (default)
2023-09-29 09:14:53,995 [main] INFO  netty.NettyConfigKeys$DataStream (ConfUtils.java:logGet(46)) - raft.netty.dataStream.port = 15104 (custom)
2023-09-29 09:14:53,995 [main] INFO  server.RaftServerConfigKeys (ConfUtils.java:logGet(46)) - raft.server.threadpool.proxy.cached = true (default)
2023-09-29 09:14:53,995 [main] INFO  server.RaftServerConfigKeys (ConfUtils.java:logGet(46)) - raft.server.threadpool.proxy.size = 0 (default)
2023-09-29 09:14:53,996 [main] INFO  server.RaftServerConfigKeys (ConfUtils.java:logGet(46)) - raft.server.rpc.slowness.timeout = 300s (custom)
2023-09-29 09:14:53,996 [main] INFO  server.RaftServerConfigKeys (ConfUtils.java:logGet(46)) - raft.server.leaderelection.leader.step-down.wait-time = 10s (default)
2023-09-29 09:14:53,996 [main] INFO  server.RaftServerConfigKeys (ConfUtils.java:logGet(46)) - raft.server.storage.dir = [/home/runner/work/ozone/ozone/hadoop-ozone/integration-test/target/test-dir/MiniOzoneClusterImpl-23fe215d-70cc-4cc8-8e82-38d5ce4d8890/datanode-4/data/ratis] (custom)
2023-09-29 09:14:53,996 [621c2e90-a4eb-4c74-8f52-bedc5a92b31f-impl-thread1] INFO  server.RaftServer (RaftServerProxy.java:initGroupDir(258)) - 621c2e90-a4eb-4c74-8f52-bedc5a92b31f: found a subdirectory /home/runner/work/ozone/ozone/hadoop-ozone/integration-test/target/test-dir/MiniOzoneClusterImpl-23fe215d-70cc-4cc8-8e82-38d5ce4d8890/datanode-4/data/ratis/tmp
2023-09-29 09:14:53,997 [621c2e90-a4eb-4c74-8f52-bedc5a92b31f-impl-thread1] INFO  server.RaftServer (RaftServerProxy.java:initGroupDir(263)) - 621c2e90-a4eb-4c74-8f52-bedc5a92b31f: The directory /home/runner/work/ozone/ozone/hadoop-ozone/integration-test/target/test-dir/MiniOzoneClusterImpl-23fe215d-70cc-4cc8-8e82-38d5ce4d8890/datanode-4/data/ratis/tmp is not a group directory; ignoring it. 
2023-09-29 09:14:53,997 [main] INFO  replication.ReplicationServer (ReplicationServer.java:<init>(83)) - Initializing replication server with thread count = 10 queue length = 4096
2023-09-29 09:14:53,998 [main] INFO  server.XceiverServerGrpc (XceiverServerGrpc.java:<init>(132)) - GrpcServer channel type EpollServerSocketChannel
2023-09-29 09:14:54,000 [main] INFO  replication.ReplicationSupervisor (ReplicationSupervisor.java:build(155)) - Initializing replication supervisor with thread count = 10
2023-09-29 09:14:54,000 [main] INFO  replication.ReplicationSupervisor (ReplicationSupervisor.java:nodeStateUpdated(307)) - Node state updated to IN_SERVICE, scaling executor pool size to 10
2023-09-29 09:14:54,002 [621c2e90-a4eb-4c74-8f52-bedc5a92b31f-NettyServerStreamRpc-bossGroup--thread1] INFO  logging.LoggingHandler (AbstractInternalLogger.java:log(148)) - [id: 0x714a7262] REGISTERED
2023-09-29 09:14:54,002 [621c2e90-a4eb-4c74-8f52-bedc5a92b31f-NettyServerStreamRpc-bossGroup--thread1] INFO  logging.LoggingHandler (AbstractInternalLogger.java:log(148)) - [id: 0x714a7262] BIND: 0.0.0.0/0.0.0.0:15104
2023-09-29 09:14:54,003 [621c2e90-a4eb-4c74-8f52-bedc5a92b31f-NettyServerStreamRpc-bossGroup--thread1] INFO  logging.LoggingHandler (AbstractInternalLogger.java:log(148)) - [id: 0x714a7262, L:/0:0:0:0:0:0:0:0:15104] ACTIVE
2023-09-29 09:14:54,004 [main] INFO  http.BaseHttpServer (BaseHttpServer.java:newHttpServer2BuilderForOzone(223)) - Starting Web-server for hddsDatanode at: http://0.0.0.0:15098
2023-09-29 09:14:54,004 [main] INFO  http.BaseHttpServer (BaseHttpServer.java:<init>(110)) - Hadoop Security Enabled: false Ozone Security Enabled: false Ozone HTTP Security Enabled: false 
2023-09-29 09:14:54,006 [main] WARN  server.AuthenticationFilter (AuthenticationFilter.java:constructSecretProvider(240)) - Unable to initialize FileSignerSecretProvider, falling back to use random secrets. Reason: Could not read signature secret file: /home/runner/hadoop-http-auth-signature-secret
2023-09-29 09:14:54,007 [main] INFO  http.HttpRequestLog (HttpRequestLog.java:getRequestLog(86)) - Http request log for http.requests.hddsDatanode is not defined
2023-09-29 09:14:54,009 [main] INFO  http.HttpServer2 (HttpServer2.java:addGlobalFilter(1031)) - Added global filter 'safety' (class=org.apache.hadoop.hdds.server.http.HttpServer2$QuotingInputFilter)
2023-09-29 09:14:54,010 [main] INFO  http.HttpServer2 (HttpServer2.java:addFilter(1007)) - Added filter static_user_filter (class=org.apache.hadoop.http.lib.StaticUserWebFilter$StaticUserFilter) to context hddsDatanode
2023-09-29 09:14:54,010 [main] INFO  http.HttpServer2 (HttpServer2.java:addFilter(1015)) - Added filter static_user_filter (class=org.apache.hadoop.http.lib.StaticUserWebFilter$StaticUserFilter) to context static
2023-09-29 09:14:54,010 [main] INFO  http.HttpServer2 (HttpServer2.java:addFilter(1015)) - Added filter static_user_filter (class=org.apache.hadoop.http.lib.StaticUserWebFilter$StaticUserFilter) to context logs
2023-09-29 09:14:54,011 [main] INFO  http.BaseHttpServer (BaseHttpServer.java:<init>(189)) - HTTP server of hddsDatanode uses base directory /home/runner/work/ozone/ozone/hadoop-ozone/integration-test/target/test-dir/MiniOzoneClusterImpl-23fe215d-70cc-4cc8-8e82-38d5ce4d8890/datanode-4/meta/webserver
2023-09-29 09:14:54,011 [main] INFO  http.HttpServer2 (HttpServer2.java:bindListener(1231)) - Jetty bound to port 15098
2023-09-29 09:14:54,011 [main] INFO  server.Server (Server.java:doStart(375)) - jetty-9.4.52.v20230823; built: 2023-08-23T19:29:37.669Z; git: abdcda73818a1a2c705da276edb0bf6581e7997e; jvm 1.8.0_382-b05
2023-09-29 09:14:54,013 [main] INFO  server.session (DefaultSessionIdManager.java:doStart(334)) - DefaultSessionIdManager workerName=node0
2023-09-29 09:14:54,013 [main] INFO  server.session (DefaultSessionIdManager.java:doStart(339)) - No SessionScavenger set, using defaults
2023-09-29 09:14:54,013 [main] INFO  server.session (HouseKeeper.java:startScavenging(132)) - node0 Scavenging every 600000ms
2023-09-29 09:14:54,014 [main] INFO  handler.ContextHandler (ContextHandler.java:doStart(921)) - Started o.e.j.s.ServletContextHandler@1a64f46b{logs,/logs,file:///home/runner/work/ozone/ozone/hadoop-ozone/integration-test/target/log,AVAILABLE}
2023-09-29 09:14:54,014 [main] INFO  handler.ContextHandler (ContextHandler.java:doStart(921)) - Started o.e.j.s.ServletContextHandler@7afcc9e6{static,/static,jar:file:/home/runner/.m2/repository/org/apache/ozone/hdds-container-service/1.4.0-SNAPSHOT/hdds-container-service-1.4.0-SNAPSHOT.jar!/webapps/static,AVAILABLE}
2023-09-29 09:14:54,272 [main] INFO  handler.ContextHandler (ContextHandler.java:doStart(921)) - Started o.e.j.w.WebAppContext@5addd523{hddsDatanode,/,file:///home/runner/work/ozone/ozone/hadoop-ozone/integration-test/target/test-dir/MiniOzoneClusterImpl-23fe215d-70cc-4cc8-8e82-38d5ce4d8890/datanode-4/meta/webserver/jetty-0_0_0_0-15098-hdds-container-service-1_4_0-SNAPSHOT_jar-_-any-3408042375076864299/webapp/,AVAILABLE}{jar:file:/home/runner/.m2/repository/org/apache/ozone/hdds-container-service/1.4.0-SNAPSHOT/hdds-container-service-1.4.0-SNAPSHOT.jar!/webapps/hddsDatanode}
2023-09-29 09:14:54,274 [main] INFO  server.AbstractConnector (AbstractConnector.java:doStart(333)) - Started ServerConnector@658ccbb8{HTTP/1.1, (http/1.1)}{0.0.0.0:15098}
2023-09-29 09:14:54,274 [main] INFO  server.Server (Server.java:doStart(415)) - Started @131233ms
2023-09-29 09:14:54,274 [main] WARN  impl.MetricsSystemImpl (MetricsSystemImpl.java:register(279)) - Sink prometheus already exists!
2023-09-29 09:14:54,275 [main] INFO  http.BaseHttpServer (BaseHttpServer.java:updateConnectorAddress(354)) - HTTP server of hddsDatanode listening at http://0.0.0.0:15098
2023-09-29 09:14:54,275 [main] INFO  ipc.CallQueueManager (CallQueueManager.java:<init>(90)) - Using callQueue: class java.util.concurrent.LinkedBlockingQueue, queueCapacity: 100, scheduler: class org.apache.hadoop.ipc.DefaultRpcScheduler, ipcBackoff: false.
2023-09-29 09:14:54,276 [main] INFO  ipc.Server (Server.java:<init>(1287)) - Listener at 0.0.0.0:15099
2023-09-29 09:14:54,276 [Socket Reader #1 for port 15099] INFO  ipc.Server (Server.java:run(1323)) - Starting Socket Reader #1 for port 15099
2023-09-29 09:14:54,296 [main] INFO  ozone.HddsDatanodeService (HddsDatanodeService.java:start(315)) - Datanode start with admins: [runner]
2023-09-29 09:14:54,296 [main] INFO  ozone.HddsDatanodeClientProtocolServer (HddsDatanodeClientProtocolServer.java:start(72)) - RPC server for Client /0.0.0.0:15099
2023-09-29 09:14:54,300 [IPC Server Responder] INFO  ipc.Server (Server.java:run(1562)) - IPC Server Responder: starting
2023-09-29 09:14:54,310 [IPC Server listener on 15099] INFO  ipc.Server (Server.java:run(1402)) - IPC Server listener on 15099: starting
2023-09-29 09:14:54,310 [Datanode State Machine Daemon Thread] INFO  statemachine.DatanodeStateMachine (DatanodeStateMachine.java:lambda$startDaemon$0(539)) - Ozone container server started.
2023-09-29 09:14:54,310 [main] INFO  ozone.MiniOzoneClusterImpl (MiniOzoneClusterImpl.java:lambda$waitForClusterToBeReady$0(229)) - Waiting for nodes to be ready. Got 0 of 5 DN Heartbeats.
2023-09-29 09:14:54,310 [main] INFO  ozone.MiniOzoneClusterImpl (MiniOzoneClusterImpl.java:lambda$waitForClusterToBeReady$0(232)) - Waiting for cluster to exit safe mode
2023-09-29 09:14:54,310 [main] INFO  ozone.MiniOzoneClusterImpl (MiniOzoneClusterImpl.java:lambda$waitForClusterToBeReady$0(234)) - SCM became leader
2023-09-29 09:14:54,330 [Datanode State Machine Task Thread - 0] INFO  datanode.InitDatanodeState (InitDatanodeState.java:persistContainerDatanodeDetails(138)) - DatanodeDetails is persisted to /home/runner/work/ozone/ozone/hadoop-ozone/integration-test/target/test-dir/MiniOzoneClusterImpl-23fe215d-70cc-4cc8-8e82-38d5ce4d8890/datanode-4/meta/datanode.id
2023-09-29 09:14:54,914 [EndpointStateMachine task thread for /0.0.0.0:15055 - 0 ] INFO  utils.DatanodeStoreCache (DatanodeStoreCache.java:addDB(66)) - Added db /home/runner/work/ozone/ozone/hadoop-ozone/integration-test/target/test-dir/MiniOzoneClusterImpl-23fe215d-70cc-4cc8-8e82-38d5ce4d8890/datanode-0/data-0/containers/hdds/23fe215d-70cc-4cc8-8e82-38d5ce4d8890/DS-a98823e4-d52e-4bc8-80a5-a539d711b6a1/container.db to cache
2023-09-29 09:14:54,914 [EndpointStateMachine task thread for /0.0.0.0:15055 - 0 ] INFO  volume.HddsVolume (HddsVolume.java:createDbStore(422)) - SchemaV3 db is created and loaded at /home/runner/work/ozone/ozone/hadoop-ozone/integration-test/target/test-dir/MiniOzoneClusterImpl-23fe215d-70cc-4cc8-8e82-38d5ce4d8890/datanode-0/data-0/containers/hdds/23fe215d-70cc-4cc8-8e82-38d5ce4d8890/DS-a98823e4-d52e-4bc8-80a5-a539d711b6a1/container.db for volume DS-a98823e4-d52e-4bc8-80a5-a539d711b6a1
2023-09-29 09:14:54,915 [EndpointStateMachine task thread for /0.0.0.0:15055 - 0 ] INFO  volume.ThrottledAsyncChecker (ThrottledAsyncChecker.java:schedule(141)) - Scheduling a check for /home/runner/work/ozone/ozone/hadoop-ozone/integration-test/target/test-dir/MiniOzoneClusterImpl-23fe215d-70cc-4cc8-8e82-38d5ce4d8890/datanode-0/data-0/containers/hdds
2023-09-29 09:14:54,915 [EndpointStateMachine task thread for /0.0.0.0:15055 - 0 ] INFO  volume.StorageVolumeChecker (StorageVolumeChecker.java:checkAllVolumes(213)) - Scheduled health check for volume /home/runner/work/ozone/ozone/hadoop-ozone/integration-test/target/test-dir/MiniOzoneClusterImpl-23fe215d-70cc-4cc8-8e82-38d5ce4d8890/datanode-0/data-0/containers/hdds
2023-09-29 09:14:54,921 [EndpointStateMachine task thread for /0.0.0.0:15055 - 0 ] INFO  volume.ThrottledAsyncChecker (ThrottledAsyncChecker.java:schedule(141)) - Scheduling a check for /home/runner/work/ozone/ozone/hadoop-ozone/integration-test/target/test-dir/MiniOzoneClusterImpl-23fe215d-70cc-4cc8-8e82-38d5ce4d8890/datanode-0/data/ratis
2023-09-29 09:14:54,921 [EndpointStateMachine task thread for /0.0.0.0:15055 - 0 ] INFO  volume.StorageVolumeChecker (StorageVolumeChecker.java:checkAllVolumes(213)) - Scheduled health check for volume /home/runner/work/ozone/ozone/hadoop-ozone/integration-test/target/test-dir/MiniOzoneClusterImpl-23fe215d-70cc-4cc8-8e82-38d5ce4d8890/datanode-0/data/ratis
2023-09-29 09:14:54,922 [EndpointStateMachine task thread for /0.0.0.0:15055 - 0 ] INFO  ozoneimpl.OzoneContainer (OzoneContainer.java:start(429)) - Attempting to start container services.
2023-09-29 09:14:54,922 [EndpointStateMachine task thread for /0.0.0.0:15055 - 0 ] INFO  ozoneimpl.OzoneContainer (OzoneContainer.java:startContainerScrub(325)) - Scheduled background container scanners and the on-demand container scanner have been disabled.
2023-09-29 09:14:54,924 [EndpointStateMachine task thread for /0.0.0.0:15055 - 0 ] INFO  replication.ReplicationServer (ReplicationServer.java:start(134)) - ReplicationServer is started using port 15069
2023-09-29 09:14:54,924 [EndpointStateMachine task thread for /0.0.0.0:15055 - 0 ] INFO  ratis.XceiverServerRatis (XceiverServerRatis.java:start(517)) - Starting XceiverServerRatis 380230e5-39f9-49de-9a23-78c86f98f3f3
2023-09-29 09:14:54,926 [EndpointStateMachine task thread for /0.0.0.0:15055 - 0 ] INFO  server.RaftServer (RaftServerProxy.java:startImpl(400)) - 380230e5-39f9-49de-9a23-78c86f98f3f3: start RPC server
2023-09-29 09:14:54,927 [EndpointStateMachine task thread for /0.0.0.0:15055 - 0 ] INFO  server.GrpcService (GrpcService.java:startImpl(302)) - 380230e5-39f9-49de-9a23-78c86f98f3f3: GrpcService started, listening on 15065
2023-09-29 09:14:54,929 [EndpointStateMachine task thread for /0.0.0.0:15055 - 0 ] INFO  server.GrpcService (GrpcService.java:startImpl(302)) - 380230e5-39f9-49de-9a23-78c86f98f3f3: GrpcService started, listening on 15067
2023-09-29 09:14:54,932 [EndpointStateMachine task thread for /0.0.0.0:15055 - 0 ] INFO  server.GrpcService (GrpcService.java:startImpl(302)) - 380230e5-39f9-49de-9a23-78c86f98f3f3: GrpcService started, listening on 15066
2023-09-29 09:14:54,936 [EndpointStateMachine task thread for /0.0.0.0:15055 - 0 ] INFO  ratis.XceiverServerRatis (XceiverServerRatis.java:getRealPort(543)) - XceiverServerRatis 380230e5-39f9-49de-9a23-78c86f98f3f3 is started using port 15065 for RATIS
2023-09-29 09:14:54,936 [EndpointStateMachine task thread for /0.0.0.0:15055 - 0 ] INFO  ratis.XceiverServerRatis (XceiverServerRatis.java:getRealPort(543)) - XceiverServerRatis 380230e5-39f9-49de-9a23-78c86f98f3f3 is started using port 15066 for RATIS_ADMIN
2023-09-29 09:14:54,936 [EndpointStateMachine task thread for /0.0.0.0:15055 - 0 ] INFO  ratis.XceiverServerRatis (XceiverServerRatis.java:getRealPort(543)) - XceiverServerRatis 380230e5-39f9-49de-9a23-78c86f98f3f3 is started using port 15067 for RATIS_SERVER
2023-09-29 09:14:54,936 [EndpointStateMachine task thread for /0.0.0.0:15055 - 0 ] INFO  ratis.XceiverServerRatis (XceiverServerRatis.java:getRealPort(543)) - XceiverServerRatis 380230e5-39f9-49de-9a23-78c86f98f3f3 is started using port 15068 for RATIS_DATASTREAM
2023-09-29 09:14:54,936 [JvmPauseMonitor9] INFO  util.JvmPauseMonitor (JvmPauseMonitor.java:run(103)) - JvmPauseMonitor-380230e5-39f9-49de-9a23-78c86f98f3f3: Started
2023-09-29 09:14:54,938 [BlockDeletingService#0] INFO  interfaces.ContainerDeletionChoosingPolicyTemplate (ContainerDeletionChoosingPolicyTemplate.java:chooseContainerForBlockDeletion(85)) - Chosen 0/5000 blocks from 0 candidate containers.
2023-09-29 09:14:55,288 [EndpointStateMachine task thread for /0.0.0.0:15055 - 0 ] INFO  utils.DatanodeStoreCache (DatanodeStoreCache.java:addDB(66)) - Added db /home/runner/work/ozone/ozone/hadoop-ozone/integration-test/target/test-dir/MiniOzoneClusterImpl-23fe215d-70cc-4cc8-8e82-38d5ce4d8890/datanode-1/data-0/containers/hdds/23fe215d-70cc-4cc8-8e82-38d5ce4d8890/DS-d9b56ac7-2146-41a3-98e2-fecdd47a5a48/container.db to cache
2023-09-29 09:14:55,292 [EndpointStateMachine task thread for /0.0.0.0:15055 - 0 ] INFO  volume.HddsVolume (HddsVolume.java:createDbStore(422)) - SchemaV3 db is created and loaded at /home/runner/work/ozone/ozone/hadoop-ozone/integration-test/target/test-dir/MiniOzoneClusterImpl-23fe215d-70cc-4cc8-8e82-38d5ce4d8890/datanode-1/data-0/containers/hdds/23fe215d-70cc-4cc8-8e82-38d5ce4d8890/DS-d9b56ac7-2146-41a3-98e2-fecdd47a5a48/container.db for volume DS-d9b56ac7-2146-41a3-98e2-fecdd47a5a48
2023-09-29 09:14:55,293 [EndpointStateMachine task thread for /0.0.0.0:15055 - 0 ] INFO  volume.ThrottledAsyncChecker (ThrottledAsyncChecker.java:schedule(141)) - Scheduling a check for /home/runner/work/ozone/ozone/hadoop-ozone/integration-test/target/test-dir/MiniOzoneClusterImpl-23fe215d-70cc-4cc8-8e82-38d5ce4d8890/datanode-1/data-0/containers/hdds
2023-09-29 09:14:55,293 [EndpointStateMachine task thread for /0.0.0.0:15055 - 0 ] INFO  volume.StorageVolumeChecker (StorageVolumeChecker.java:checkAllVolumes(213)) - Scheduled health check for volume /home/runner/work/ozone/ozone/hadoop-ozone/integration-test/target/test-dir/MiniOzoneClusterImpl-23fe215d-70cc-4cc8-8e82-38d5ce4d8890/datanode-1/data-0/containers/hdds
2023-09-29 09:14:55,297 [EndpointStateMachine task thread for /0.0.0.0:15055 - 0 ] INFO  volume.ThrottledAsyncChecker (ThrottledAsyncChecker.java:schedule(141)) - Scheduling a check for /home/runner/work/ozone/ozone/hadoop-ozone/integration-test/target/test-dir/MiniOzoneClusterImpl-23fe215d-70cc-4cc8-8e82-38d5ce4d8890/datanode-1/data/ratis
2023-09-29 09:14:55,297 [EndpointStateMachine task thread for /0.0.0.0:15055 - 0 ] INFO  volume.StorageVolumeChecker (StorageVolumeChecker.java:checkAllVolumes(213)) - Scheduled health check for volume /home/runner/work/ozone/ozone/hadoop-ozone/integration-test/target/test-dir/MiniOzoneClusterImpl-23fe215d-70cc-4cc8-8e82-38d5ce4d8890/datanode-1/data/ratis
2023-09-29 09:14:55,299 [EndpointStateMachine task thread for /0.0.0.0:15055 - 0 ] INFO  ozoneimpl.OzoneContainer (OzoneContainer.java:start(429)) - Attempting to start container services.
2023-09-29 09:14:55,299 [EndpointStateMachine task thread for /0.0.0.0:15055 - 0 ] INFO  ozoneimpl.OzoneContainer (OzoneContainer.java:startContainerScrub(325)) - Scheduled background container scanners and the on-demand container scanner have been disabled.
2023-09-29 09:14:55,300 [EndpointStateMachine task thread for /0.0.0.0:15055 - 0 ] INFO  replication.ReplicationServer (ReplicationServer.java:start(134)) - ReplicationServer is started using port 15078
2023-09-29 09:14:55,300 [EndpointStateMachine task thread for /0.0.0.0:15055 - 0 ] INFO  ratis.XceiverServerRatis (XceiverServerRatis.java:start(517)) - Starting XceiverServerRatis 3a494423-7ff4-4963-8d96-e6fb16151c55
2023-09-29 09:14:55,301 [EndpointStateMachine task thread for /0.0.0.0:15055 - 0 ] INFO  server.RaftServer (RaftServerProxy.java:startImpl(400)) - 3a494423-7ff4-4963-8d96-e6fb16151c55: start RPC server
2023-09-29 09:14:55,304 [EndpointStateMachine task thread for /0.0.0.0:15055 - 0 ] INFO  server.GrpcService (GrpcService.java:startImpl(302)) - 3a494423-7ff4-4963-8d96-e6fb16151c55: GrpcService started, listening on 15074
2023-09-29 09:14:55,305 [EndpointStateMachine task thread for /0.0.0.0:15055 - 0 ] INFO  server.GrpcService (GrpcService.java:startImpl(302)) - 3a494423-7ff4-4963-8d96-e6fb16151c55: GrpcService started, listening on 15076
2023-09-29 09:14:55,307 [EndpointStateMachine task thread for /0.0.0.0:15055 - 0 ] INFO  server.GrpcService (GrpcService.java:startImpl(302)) - 3a494423-7ff4-4963-8d96-e6fb16151c55: GrpcService started, listening on 15075
2023-09-29 09:14:55,311 [main] INFO  ozone.MiniOzoneClusterImpl (MiniOzoneClusterImpl.java:lambda$waitForClusterToBeReady$0(229)) - Waiting for nodes to be ready. Got 0 of 5 DN Heartbeats.
2023-09-29 09:14:55,311 [main] INFO  ozone.MiniOzoneClusterImpl (MiniOzoneClusterImpl.java:lambda$waitForClusterToBeReady$0(232)) - Waiting for cluster to exit safe mode
2023-09-29 09:14:55,311 [main] INFO  ozone.MiniOzoneClusterImpl (MiniOzoneClusterImpl.java:lambda$waitForClusterToBeReady$0(234)) - SCM became leader
2023-09-29 09:14:55,312 [EndpointStateMachine task thread for /0.0.0.0:15055 - 0 ] INFO  ratis.XceiverServerRatis (XceiverServerRatis.java:getRealPort(543)) - XceiverServerRatis 3a494423-7ff4-4963-8d96-e6fb16151c55 is started using port 15074 for RATIS
2023-09-29 09:14:55,312 [EndpointStateMachine task thread for /0.0.0.0:15055 - 0 ] INFO  ratis.XceiverServerRatis (XceiverServerRatis.java:getRealPort(543)) - XceiverServerRatis 3a494423-7ff4-4963-8d96-e6fb16151c55 is started using port 15075 for RATIS_ADMIN
2023-09-29 09:14:55,312 [EndpointStateMachine task thread for /0.0.0.0:15055 - 0 ] INFO  ratis.XceiverServerRatis (XceiverServerRatis.java:getRealPort(543)) - XceiverServerRatis 3a494423-7ff4-4963-8d96-e6fb16151c55 is started using port 15076 for RATIS_SERVER
2023-09-29 09:14:55,312 [EndpointStateMachine task thread for /0.0.0.0:15055 - 0 ] INFO  ratis.XceiverServerRatis (XceiverServerRatis.java:getRealPort(543)) - XceiverServerRatis 3a494423-7ff4-4963-8d96-e6fb16151c55 is started using port 15077 for RATIS_DATASTREAM
2023-09-29 09:14:55,312 [JvmPauseMonitor10] INFO  util.JvmPauseMonitor (JvmPauseMonitor.java:run(103)) - JvmPauseMonitor-3a494423-7ff4-4963-8d96-e6fb16151c55: Started
2023-09-29 09:14:55,315 [BlockDeletingService#0] INFO  interfaces.ContainerDeletionChoosingPolicyTemplate (ContainerDeletionChoosingPolicyTemplate.java:chooseContainerForBlockDeletion(85)) - Chosen 0/5000 blocks from 0 candidate containers.
2023-09-29 09:14:55,639 [EndpointStateMachine task thread for /0.0.0.0:15055 - 0 ] INFO  utils.DatanodeStoreCache (DatanodeStoreCache.java:addDB(66)) - Added db /home/runner/work/ozone/ozone/hadoop-ozone/integration-test/target/test-dir/MiniOzoneClusterImpl-23fe215d-70cc-4cc8-8e82-38d5ce4d8890/datanode-2/data-0/containers/hdds/23fe215d-70cc-4cc8-8e82-38d5ce4d8890/DS-780988c8-6a80-4a54-a75f-c750db37d6c5/container.db to cache
2023-09-29 09:14:55,639 [EndpointStateMachine task thread for /0.0.0.0:15055 - 0 ] INFO  volume.HddsVolume (HddsVolume.java:createDbStore(422)) - SchemaV3 db is created and loaded at /home/runner/work/ozone/ozone/hadoop-ozone/integration-test/target/test-dir/MiniOzoneClusterImpl-23fe215d-70cc-4cc8-8e82-38d5ce4d8890/datanode-2/data-0/containers/hdds/23fe215d-70cc-4cc8-8e82-38d5ce4d8890/DS-780988c8-6a80-4a54-a75f-c750db37d6c5/container.db for volume DS-780988c8-6a80-4a54-a75f-c750db37d6c5
2023-09-29 09:14:55,641 [EndpointStateMachine task thread for /0.0.0.0:15055 - 0 ] INFO  volume.ThrottledAsyncChecker (ThrottledAsyncChecker.java:schedule(141)) - Scheduling a check for /home/runner/work/ozone/ozone/hadoop-ozone/integration-test/target/test-dir/MiniOzoneClusterImpl-23fe215d-70cc-4cc8-8e82-38d5ce4d8890/datanode-2/data-0/containers/hdds
2023-09-29 09:14:55,641 [EndpointStateMachine task thread for /0.0.0.0:15055 - 0 ] INFO  volume.StorageVolumeChecker (StorageVolumeChecker.java:checkAllVolumes(213)) - Scheduled health check for volume /home/runner/work/ozone/ozone/hadoop-ozone/integration-test/target/test-dir/MiniOzoneClusterImpl-23fe215d-70cc-4cc8-8e82-38d5ce4d8890/datanode-2/data-0/containers/hdds
2023-09-29 09:14:55,645 [EndpointStateMachine task thread for /0.0.0.0:15055 - 0 ] INFO  volume.ThrottledAsyncChecker (ThrottledAsyncChecker.java:schedule(141)) - Scheduling a check for /home/runner/work/ozone/ozone/hadoop-ozone/integration-test/target/test-dir/MiniOzoneClusterImpl-23fe215d-70cc-4cc8-8e82-38d5ce4d8890/datanode-2/data/ratis
2023-09-29 09:14:55,645 [EndpointStateMachine task thread for /0.0.0.0:15055 - 0 ] INFO  volume.StorageVolumeChecker (StorageVolumeChecker.java:checkAllVolumes(213)) - Scheduled health check for volume /home/runner/work/ozone/ozone/hadoop-ozone/integration-test/target/test-dir/MiniOzoneClusterImpl-23fe215d-70cc-4cc8-8e82-38d5ce4d8890/datanode-2/data/ratis
2023-09-29 09:14:55,649 [EndpointStateMachine task thread for /0.0.0.0:15055 - 0 ] INFO  ozoneimpl.OzoneContainer (OzoneContainer.java:start(429)) - Attempting to start container services.
2023-09-29 09:14:55,649 [EndpointStateMachine task thread for /0.0.0.0:15055 - 0 ] INFO  ozoneimpl.OzoneContainer (OzoneContainer.java:startContainerScrub(325)) - Scheduled background container scanners and the on-demand container scanner have been disabled.
2023-09-29 09:14:55,650 [EndpointStateMachine task thread for /0.0.0.0:15055 - 0 ] INFO  replication.ReplicationServer (ReplicationServer.java:start(134)) - ReplicationServer is started using port 15087
2023-09-29 09:14:55,651 [EndpointStateMachine task thread for /0.0.0.0:15055 - 0 ] INFO  ratis.XceiverServerRatis (XceiverServerRatis.java:start(517)) - Starting XceiverServerRatis 10e0b218-8303-4db1-a541-e155d4944b6e
2023-09-29 09:14:55,655 [EndpointStateMachine task thread for /0.0.0.0:15055 - 0 ] INFO  server.RaftServer (RaftServerProxy.java:startImpl(400)) - 10e0b218-8303-4db1-a541-e155d4944b6e: start RPC server
2023-09-29 09:14:55,659 [EndpointStateMachine task thread for /0.0.0.0:15055 - 0 ] INFO  server.GrpcService (GrpcService.java:startImpl(302)) - 10e0b218-8303-4db1-a541-e155d4944b6e: GrpcService started, listening on 15083
2023-09-29 09:14:55,661 [EndpointStateMachine task thread for /0.0.0.0:15055 - 0 ] INFO  server.GrpcService (GrpcService.java:startImpl(302)) - 10e0b218-8303-4db1-a541-e155d4944b6e: GrpcService started, listening on 15085
2023-09-29 09:14:55,662 [EndpointStateMachine task thread for /0.0.0.0:15055 - 0 ] INFO  server.GrpcService (GrpcService.java:startImpl(302)) - 10e0b218-8303-4db1-a541-e155d4944b6e: GrpcService started, listening on 15084
2023-09-29 09:14:55,662 [EndpointStateMachine task thread for /0.0.0.0:15055 - 0 ] INFO  ratis.XceiverServerRatis (XceiverServerRatis.java:getRealPort(543)) - XceiverServerRatis 10e0b218-8303-4db1-a541-e155d4944b6e is started using port 15083 for RATIS
2023-09-29 09:14:55,662 [JvmPauseMonitor11] INFO  util.JvmPauseMonitor (JvmPauseMonitor.java:run(103)) - JvmPauseMonitor-10e0b218-8303-4db1-a541-e155d4944b6e: Started
2023-09-29 09:14:55,662 [EndpointStateMachine task thread for /0.0.0.0:15055 - 0 ] INFO  ratis.XceiverServerRatis (XceiverServerRatis.java:getRealPort(543)) - XceiverServerRatis 10e0b218-8303-4db1-a541-e155d4944b6e is started using port 15084 for RATIS_ADMIN
2023-09-29 09:14:55,662 [EndpointStateMachine task thread for /0.0.0.0:15055 - 0 ] INFO  ratis.XceiverServerRatis (XceiverServerRatis.java:getRealPort(543)) - XceiverServerRatis 10e0b218-8303-4db1-a541-e155d4944b6e is started using port 15085 for RATIS_SERVER
2023-09-29 09:14:55,662 [EndpointStateMachine task thread for /0.0.0.0:15055 - 0 ] INFO  ratis.XceiverServerRatis (XceiverServerRatis.java:getRealPort(543)) - XceiverServerRatis 10e0b218-8303-4db1-a541-e155d4944b6e is started using port 15086 for RATIS_DATASTREAM
2023-09-29 09:14:55,669 [BlockDeletingService#0] INFO  interfaces.ContainerDeletionChoosingPolicyTemplate (ContainerDeletionChoosingPolicyTemplate.java:chooseContainerForBlockDeletion(85)) - Chosen 0/5000 blocks from 0 candidate containers.
2023-09-29 09:14:55,976 [EndpointStateMachine task thread for /0.0.0.0:15055 - 0 ] INFO  utils.DatanodeStoreCache (DatanodeStoreCache.java:addDB(66)) - Added db /home/runner/work/ozone/ozone/hadoop-ozone/integration-test/target/test-dir/MiniOzoneClusterImpl-23fe215d-70cc-4cc8-8e82-38d5ce4d8890/datanode-3/data-0/containers/hdds/23fe215d-70cc-4cc8-8e82-38d5ce4d8890/DS-408afa4e-c11c-4760-9183-c1cf163286f1/container.db to cache
2023-09-29 09:14:55,976 [EndpointStateMachine task thread for /0.0.0.0:15055 - 0 ] INFO  volume.HddsVolume (HddsVolume.java:createDbStore(422)) - SchemaV3 db is created and loaded at /home/runner/work/ozone/ozone/hadoop-ozone/integration-test/target/test-dir/MiniOzoneClusterImpl-23fe215d-70cc-4cc8-8e82-38d5ce4d8890/datanode-3/data-0/containers/hdds/23fe215d-70cc-4cc8-8e82-38d5ce4d8890/DS-408afa4e-c11c-4760-9183-c1cf163286f1/container.db for volume DS-408afa4e-c11c-4760-9183-c1cf163286f1
2023-09-29 09:14:55,980 [EndpointStateMachine task thread for /0.0.0.0:15055 - 0 ] INFO  volume.ThrottledAsyncChecker (ThrottledAsyncChecker.java:schedule(141)) - Scheduling a check for /home/runner/work/ozone/ozone/hadoop-ozone/integration-test/target/test-dir/MiniOzoneClusterImpl-23fe215d-70cc-4cc8-8e82-38d5ce4d8890/datanode-3/data-0/containers/hdds
2023-09-29 09:14:55,982 [EndpointStateMachine task thread for /0.0.0.0:15055 - 0 ] INFO  volume.StorageVolumeChecker (StorageVolumeChecker.java:checkAllVolumes(213)) - Scheduled health check for volume /home/runner/work/ozone/ozone/hadoop-ozone/integration-test/target/test-dir/MiniOzoneClusterImpl-23fe215d-70cc-4cc8-8e82-38d5ce4d8890/datanode-3/data-0/containers/hdds
2023-09-29 09:14:55,985 [EndpointStateMachine task thread for /0.0.0.0:15055 - 0 ] INFO  volume.ThrottledAsyncChecker (ThrottledAsyncChecker.java:schedule(141)) - Scheduling a check for /home/runner/work/ozone/ozone/hadoop-ozone/integration-test/target/test-dir/MiniOzoneClusterImpl-23fe215d-70cc-4cc8-8e82-38d5ce4d8890/datanode-3/data/ratis
2023-09-29 09:14:55,986 [EndpointStateMachine task thread for /0.0.0.0:15055 - 0 ] INFO  volume.StorageVolumeChecker (StorageVolumeChecker.java:checkAllVolumes(213)) - Scheduled health check for volume /home/runner/work/ozone/ozone/hadoop-ozone/integration-test/target/test-dir/MiniOzoneClusterImpl-23fe215d-70cc-4cc8-8e82-38d5ce4d8890/datanode-3/data/ratis
2023-09-29 09:14:55,988 [EndpointStateMachine task thread for /0.0.0.0:15055 - 0 ] INFO  ozoneimpl.OzoneContainer (OzoneContainer.java:start(429)) - Attempting to start container services.
2023-09-29 09:14:55,989 [EndpointStateMachine task thread for /0.0.0.0:15055 - 0 ] INFO  ozoneimpl.OzoneContainer (OzoneContainer.java:startContainerScrub(325)) - Scheduled background container scanners and the on-demand container scanner have been disabled.
2023-09-29 09:14:55,990 [EndpointStateMachine task thread for /0.0.0.0:15055 - 0 ] INFO  replication.ReplicationServer (ReplicationServer.java:start(134)) - ReplicationServer is started using port 15096
2023-09-29 09:14:55,990 [EndpointStateMachine task thread for /0.0.0.0:15055 - 0 ] INFO  ratis.XceiverServerRatis (XceiverServerRatis.java:start(517)) - Starting XceiverServerRatis c0cdbf58-0bce-4385-b76e-2e20c526d69e
2023-09-29 09:14:55,994 [EndpointStateMachine task thread for /0.0.0.0:15055 - 0 ] INFO  server.RaftServer (RaftServerProxy.java:startImpl(400)) - c0cdbf58-0bce-4385-b76e-2e20c526d69e: start RPC server
2023-09-29 09:14:56,007 [EndpointStateMachine task thread for /0.0.0.0:15055 - 0 ] INFO  server.GrpcService (GrpcService.java:startImpl(302)) - c0cdbf58-0bce-4385-b76e-2e20c526d69e: GrpcService started, listening on 15092
2023-09-29 09:14:56,010 [EndpointStateMachine task thread for /0.0.0.0:15055 - 0 ] INFO  server.GrpcService (GrpcService.java:startImpl(302)) - c0cdbf58-0bce-4385-b76e-2e20c526d69e: GrpcService started, listening on 15094
2023-09-29 09:14:56,015 [EndpointStateMachine task thread for /0.0.0.0:15055 - 0 ] INFO  server.GrpcService (GrpcService.java:startImpl(302)) - c0cdbf58-0bce-4385-b76e-2e20c526d69e: GrpcService started, listening on 15093
2023-09-29 09:14:56,016 [EndpointStateMachine task thread for /0.0.0.0:15055 - 0 ] INFO  ratis.XceiverServerRatis (XceiverServerRatis.java:getRealPort(543)) - XceiverServerRatis c0cdbf58-0bce-4385-b76e-2e20c526d69e is started using port 15092 for RATIS
2023-09-29 09:14:56,016 [EndpointStateMachine task thread for /0.0.0.0:15055 - 0 ] INFO  ratis.XceiverServerRatis (XceiverServerRatis.java:getRealPort(543)) - XceiverServerRatis c0cdbf58-0bce-4385-b76e-2e20c526d69e is started using port 15093 for RATIS_ADMIN
2023-09-29 09:14:56,016 [EndpointStateMachine task thread for /0.0.0.0:15055 - 0 ] INFO  ratis.XceiverServerRatis (XceiverServerRatis.java:getRealPort(543)) - XceiverServerRatis c0cdbf58-0bce-4385-b76e-2e20c526d69e is started using port 15094 for RATIS_SERVER
2023-09-29 09:14:56,016 [EndpointStateMachine task thread for /0.0.0.0:15055 - 0 ] INFO  ratis.XceiverServerRatis (XceiverServerRatis.java:getRealPort(543)) - XceiverServerRatis c0cdbf58-0bce-4385-b76e-2e20c526d69e is started using port 15095 for RATIS_DATASTREAM
2023-09-29 09:14:56,016 [JvmPauseMonitor12] INFO  util.JvmPauseMonitor (JvmPauseMonitor.java:run(103)) - JvmPauseMonitor-c0cdbf58-0bce-4385-b76e-2e20c526d69e: Started
2023-09-29 09:14:56,028 [BlockDeletingService#0] INFO  interfaces.ContainerDeletionChoosingPolicyTemplate (ContainerDeletionChoosingPolicyTemplate.java:chooseContainerForBlockDeletion(85)) - Chosen 0/5000 blocks from 0 candidate containers.
2023-09-29 09:14:56,311 [main] INFO  ozone.MiniOzoneClusterImpl (MiniOzoneClusterImpl.java:lambda$waitForClusterToBeReady$0(229)) - Waiting for nodes to be ready. Got 0 of 5 DN Heartbeats.
2023-09-29 09:14:56,311 [main] INFO  ozone.MiniOzoneClusterImpl (MiniOzoneClusterImpl.java:lambda$waitForClusterToBeReady$0(232)) - Waiting for cluster to exit safe mode
2023-09-29 09:14:56,312 [main] INFO  ozone.MiniOzoneClusterImpl (MiniOzoneClusterImpl.java:lambda$waitForClusterToBeReady$0(234)) - SCM became leader
2023-09-29 09:14:56,368 [EndpointStateMachine task thread for /0.0.0.0:15055 - 0 ] INFO  utils.DatanodeStoreCache (DatanodeStoreCache.java:addDB(66)) - Added db /home/runner/work/ozone/ozone/hadoop-ozone/integration-test/target/test-dir/MiniOzoneClusterImpl-23fe215d-70cc-4cc8-8e82-38d5ce4d8890/datanode-4/data-0/containers/hdds/23fe215d-70cc-4cc8-8e82-38d5ce4d8890/DS-39729e9f-81af-4ac9-85d3-26697e7403ba/container.db to cache
2023-09-29 09:14:56,368 [EndpointStateMachine task thread for /0.0.0.0:15055 - 0 ] INFO  volume.HddsVolume (HddsVolume.java:createDbStore(422)) - SchemaV3 db is created and loaded at /home/runner/work/ozone/ozone/hadoop-ozone/integration-test/target/test-dir/MiniOzoneClusterImpl-23fe215d-70cc-4cc8-8e82-38d5ce4d8890/datanode-4/data-0/containers/hdds/23fe215d-70cc-4cc8-8e82-38d5ce4d8890/DS-39729e9f-81af-4ac9-85d3-26697e7403ba/container.db for volume DS-39729e9f-81af-4ac9-85d3-26697e7403ba
2023-09-29 09:14:56,369 [EndpointStateMachine task thread for /0.0.0.0:15055 - 0 ] INFO  volume.ThrottledAsyncChecker (ThrottledAsyncChecker.java:schedule(141)) - Scheduling a check for /home/runner/work/ozone/ozone/hadoop-ozone/integration-test/target/test-dir/MiniOzoneClusterImpl-23fe215d-70cc-4cc8-8e82-38d5ce4d8890/datanode-4/data-0/containers/hdds
2023-09-29 09:14:56,370 [EndpointStateMachine task thread for /0.0.0.0:15055 - 0 ] INFO  volume.StorageVolumeChecker (StorageVolumeChecker.java:checkAllVolumes(213)) - Scheduled health check for volume /home/runner/work/ozone/ozone/hadoop-ozone/integration-test/target/test-dir/MiniOzoneClusterImpl-23fe215d-70cc-4cc8-8e82-38d5ce4d8890/datanode-4/data-0/containers/hdds
2023-09-29 09:14:56,374 [EndpointStateMachine task thread for /0.0.0.0:15055 - 0 ] INFO  volume.ThrottledAsyncChecker (ThrottledAsyncChecker.java:schedule(141)) - Scheduling a check for /home/runner/work/ozone/ozone/hadoop-ozone/integration-test/target/test-dir/MiniOzoneClusterImpl-23fe215d-70cc-4cc8-8e82-38d5ce4d8890/datanode-4/data/ratis
2023-09-29 09:14:56,374 [EndpointStateMachine task thread for /0.0.0.0:15055 - 0 ] INFO  volume.StorageVolumeChecker (StorageVolumeChecker.java:checkAllVolumes(213)) - Scheduled health check for volume /home/runner/work/ozone/ozone/hadoop-ozone/integration-test/target/test-dir/MiniOzoneClusterImpl-23fe215d-70cc-4cc8-8e82-38d5ce4d8890/datanode-4/data/ratis
2023-09-29 09:14:56,376 [EndpointStateMachine task thread for /0.0.0.0:15055 - 0 ] INFO  ozoneimpl.OzoneContainer (OzoneContainer.java:start(429)) - Attempting to start container services.
2023-09-29 09:14:56,376 [EndpointStateMachine task thread for /0.0.0.0:15055 - 0 ] INFO  ozoneimpl.OzoneContainer (OzoneContainer.java:startContainerScrub(325)) - Scheduled background container scanners and the on-demand container scanner have been disabled.
2023-09-29 09:14:56,377 [EndpointStateMachine task thread for /0.0.0.0:15055 - 0 ] INFO  replication.ReplicationServer (ReplicationServer.java:start(134)) - ReplicationServer is started using port 15105
2023-09-29 09:14:56,377 [EndpointStateMachine task thread for /0.0.0.0:15055 - 0 ] INFO  ratis.XceiverServerRatis (XceiverServerRatis.java:start(517)) - Starting XceiverServerRatis 621c2e90-a4eb-4c74-8f52-bedc5a92b31f
2023-09-29 09:14:56,378 [EndpointStateMachine task thread for /0.0.0.0:15055 - 0 ] INFO  server.RaftServer (RaftServerProxy.java:startImpl(400)) - 621c2e90-a4eb-4c74-8f52-bedc5a92b31f: start RPC server
2023-09-29 09:14:56,379 [EndpointStateMachine task thread for /0.0.0.0:15055 - 0 ] INFO  server.GrpcService (GrpcService.java:startImpl(302)) - 621c2e90-a4eb-4c74-8f52-bedc5a92b31f: GrpcService started, listening on 15101
2023-09-29 09:14:56,380 [EndpointStateMachine task thread for /0.0.0.0:15055 - 0 ] INFO  server.GrpcService (GrpcService.java:startImpl(302)) - 621c2e90-a4eb-4c74-8f52-bedc5a92b31f: GrpcService started, listening on 15103
2023-09-29 09:14:56,381 [EndpointStateMachine task thread for /0.0.0.0:15055 - 0 ] INFO  server.GrpcService (GrpcService.java:startImpl(302)) - 621c2e90-a4eb-4c74-8f52-bedc5a92b31f: GrpcService started, listening on 15102
2023-09-29 09:14:56,381 [EndpointStateMachine task thread for /0.0.0.0:15055 - 0 ] INFO  ratis.XceiverServerRatis (XceiverServerRatis.java:getRealPort(543)) - XceiverServerRatis 621c2e90-a4eb-4c74-8f52-bedc5a92b31f is started using port 15101 for RATIS
2023-09-29 09:14:56,381 [EndpointStateMachine task thread for /0.0.0.0:15055 - 0 ] INFO  ratis.XceiverServerRatis (XceiverServerRatis.java:getRealPort(543)) - XceiverServerRatis 621c2e90-a4eb-4c74-8f52-bedc5a92b31f is started using port 15102 for RATIS_ADMIN
2023-09-29 09:14:56,381 [EndpointStateMachine task thread for /0.0.0.0:15055 - 0 ] INFO  ratis.XceiverServerRatis (XceiverServerRatis.java:getRealPort(543)) - XceiverServerRatis 621c2e90-a4eb-4c74-8f52-bedc5a92b31f is started using port 15103 for RATIS_SERVER
2023-09-29 09:14:56,381 [EndpointStateMachine task thread for /0.0.0.0:15055 - 0 ] INFO  ratis.XceiverServerRatis (XceiverServerRatis.java:getRealPort(543)) - XceiverServerRatis 621c2e90-a4eb-4c74-8f52-bedc5a92b31f is started using port 15104 for RATIS_DATASTREAM
2023-09-29 09:14:56,382 [JvmPauseMonitor13] INFO  util.JvmPauseMonitor (JvmPauseMonitor.java:run(103)) - JvmPauseMonitor-621c2e90-a4eb-4c74-8f52-bedc5a92b31f: Started
2023-09-29 09:14:56,389 [BlockDeletingService#0] INFO  interfaces.ContainerDeletionChoosingPolicyTemplate (ContainerDeletionChoosingPolicyTemplate.java:chooseContainerForBlockDeletion(85)) - Chosen 0/5000 blocks from 0 candidate containers.
2023-09-29 09:14:56,857 [IPC Server handler 8 on default port 15055] INFO  net.NetworkTopologyImpl (NetworkTopologyImpl.java:add(112)) - Added a new node: /default-rack/380230e5-39f9-49de-9a23-78c86f98f3f3
2023-09-29 09:14:56,857 [IPC Server handler 8 on default port 15055] INFO  node.SCMNodeManager (SCMNodeManager.java:register(405)) - Registered Data node : 380230e5-39f9-49de-9a23-78c86f98f3f3{ip: 10.1.0.30, host: fv-az83-343.uavyq1izdhte5b0ne1us2eqzhb.jx.internal.cloudapp.net, ports: [HTTP=15062, CLIENT_RPC=15063, REPLICATION=15069, RATIS=15065, RATIS_ADMIN=15066, RATIS_SERVER=15067, RATIS_DATASTREAM=15068, STANDALONE=15064], networkLocation: /default-rack, certSerialId: null, persistedOpState: null, persistedOpStateExpiryEpochSec: 0}
2023-09-29 09:14:56,860 [EventQueue-NodeRegistrationContainerReportForContainerSafeModeRule] INFO  safemode.SCMSafeModeManager (SCMSafeModeManager.java:validateSafeModeExitRules(200)) - ContainerSafeModeRule rule is successfully validated
2023-09-29 09:14:56,860 [EventQueue-NodeRegistrationContainerReportForDataNodeSafeModeRule] INFO  safemode.SCMSafeModeManager (DataNodeSafeModeRule.java:process(71)) - SCM in safe mode. 1 DataNodes registered, 3 required.
2023-09-29 09:14:56,861 [EventQueue-NewNodeForNewNodeHandler] INFO  pipeline.BackgroundPipelineCreator (BackgroundPipelineCreator.java:notifyEventTriggered(277)) - trigger a one-shot run on RatisPipelineUtilsThread.
2023-09-29 09:14:56,862 [RatisPipelineUtilsThread - 0] INFO  pipeline.RatisPipelineProvider (RatisPipelineProvider.java:lambda$create$0(206)) - Sending CreatePipelineCommand for pipeline:PipelineID=36803913-73e2-42ad-ad24-dd7eb260e326 to datanode:380230e5-39f9-49de-9a23-78c86f98f3f3
2023-09-29 09:14:56,863 [RatisPipelineUtilsThread - 0] INFO  pipeline.BackgroundPipelineCreator (BackgroundPipelineCreator.java:createPipelines(233)) - Created new pipeline Pipeline[ Id: 36803913-73e2-42ad-ad24-dd7eb260e326, Nodes: 380230e5-39f9-49de-9a23-78c86f98f3f3(fv-az83-343.uavyq1izdhte5b0ne1us2eqzhb.jx.internal.cloudapp.net/10.1.0.30), ReplicationConfig: RATIS/ONE, State:ALLOCATED, leaderId:, CreationTimestamp2023-09-29T09:14:56.862Z[Etc/UTC]]
2023-09-29 09:14:56,864 [EventQueue-PipelineReportForOneReplicaPipelineSafeModeRule] INFO  safemode.SCMSafeModeManager (SCMSafeModeManager.java:validateSafeModeExitRules(200)) - AtleastOneDatanodeReportedRule rule is successfully validated
2023-09-29 09:14:57,240 [IPC Server handler 6 on default port 15055] INFO  net.NetworkTopologyImpl (NetworkTopologyImpl.java:add(112)) - Added a new node: /default-rack/3a494423-7ff4-4963-8d96-e6fb16151c55
2023-09-29 09:14:57,240 [IPC Server handler 6 on default port 15055] INFO  node.SCMNodeManager (SCMNodeManager.java:register(405)) - Registered Data node : 3a494423-7ff4-4963-8d96-e6fb16151c55{ip: 10.1.0.30, host: fv-az83-343.uavyq1izdhte5b0ne1us2eqzhb.jx.internal.cloudapp.net, ports: [HTTP=15071, CLIENT_RPC=15072, REPLICATION=15078, RATIS=15074, RATIS_ADMIN=15075, RATIS_SERVER=15076, RATIS_DATASTREAM=15077, STANDALONE=15073], networkLocation: /default-rack, certSerialId: null, persistedOpState: null, persistedOpStateExpiryEpochSec: 0}
2023-09-29 09:14:57,242 [EventQueue-NodeRegistrationContainerReportForDataNodeSafeModeRule] INFO  safemode.SCMSafeModeManager (DataNodeSafeModeRule.java:process(71)) - SCM in safe mode. 2 DataNodes registered, 3 required.
2023-09-29 09:14:57,242 [EventQueue-NewNodeForNewNodeHandler] INFO  pipeline.BackgroundPipelineCreator (BackgroundPipelineCreator.java:notifyEventTriggered(277)) - trigger a one-shot run on RatisPipelineUtilsThread.
2023-09-29 09:14:57,243 [RatisPipelineUtilsThread - 0] INFO  pipeline.RatisPipelineProvider (RatisPipelineProvider.java:lambda$create$0(206)) - Sending CreatePipelineCommand for pipeline:PipelineID=035332b4-7730-48c6-bfaf-666a1dbe2890 to datanode:3a494423-7ff4-4963-8d96-e6fb16151c55
2023-09-29 09:14:57,244 [RatisPipelineUtilsThread - 0] INFO  pipeline.BackgroundPipelineCreator (BackgroundPipelineCreator.java:createPipelines(233)) - Created new pipeline Pipeline[ Id: 035332b4-7730-48c6-bfaf-666a1dbe2890, Nodes: 3a494423-7ff4-4963-8d96-e6fb16151c55(fv-az83-343.uavyq1izdhte5b0ne1us2eqzhb.jx.internal.cloudapp.net/10.1.0.30), ReplicationConfig: RATIS/ONE, State:ALLOCATED, leaderId:, CreationTimestamp2023-09-29T09:14:57.243Z[Etc/UTC]]
2023-09-29 09:14:57,312 [main] INFO  ozone.MiniOzoneClusterImpl (MiniOzoneClusterImpl.java:lambda$waitForClusterToBeReady$0(229)) - Waiting for nodes to be ready. Got 2 of 5 DN Heartbeats.
2023-09-29 09:14:57,312 [main] INFO  ozone.MiniOzoneClusterImpl (MiniOzoneClusterImpl.java:lambda$waitForClusterToBeReady$0(232)) - Waiting for cluster to exit safe mode
2023-09-29 09:14:57,312 [main] INFO  ozone.MiniOzoneClusterImpl (MiniOzoneClusterImpl.java:lambda$waitForClusterToBeReady$0(234)) - SCM became leader
2023-09-29 09:14:57,597 [IPC Server handler 8 on default port 15055] INFO  net.NetworkTopologyImpl (NetworkTopologyImpl.java:add(112)) - Added a new node: /default-rack/10e0b218-8303-4db1-a541-e155d4944b6e
2023-09-29 09:14:57,598 [IPC Server handler 8 on default port 15055] INFO  node.SCMNodeManager (SCMNodeManager.java:register(405)) - Registered Data node : 10e0b218-8303-4db1-a541-e155d4944b6e{ip: 10.1.0.30, host: fv-az83-343.uavyq1izdhte5b0ne1us2eqzhb.jx.internal.cloudapp.net, ports: [HTTP=15080, CLIENT_RPC=15081, REPLICATION=15087, RATIS=15083, RATIS_ADMIN=15084, RATIS_SERVER=15085, RATIS_DATASTREAM=15086, STANDALONE=15082], networkLocation: /default-rack, certSerialId: null, persistedOpState: null, persistedOpStateExpiryEpochSec: 0}
2023-09-29 09:14:57,598 [EventQueue-NewNodeForNewNodeHandler] INFO  pipeline.BackgroundPipelineCreator (BackgroundPipelineCreator.java:notifyEventTriggered(277)) - trigger a one-shot run on RatisPipelineUtilsThread.
2023-09-29 09:14:57,598 [EventQueue-NodeRegistrationContainerReportForDataNodeSafeModeRule] INFO  safemode.SCMSafeModeManager (DataNodeSafeModeRule.java:process(71)) - SCM in safe mode. 3 DataNodes registered, 3 required.
2023-09-29 09:14:57,598 [EventQueue-NodeRegistrationContainerReportForDataNodeSafeModeRule] INFO  safemode.SCMSafeModeManager (SCMSafeModeManager.java:validateSafeModeExitRules(200)) - DataNodeSafeModeRule rule is successfully validated
2023-09-29 09:14:57,598 [EventQueue-NodeRegistrationContainerReportForDataNodeSafeModeRule] INFO  safemode.SCMSafeModeManager (SCMSafeModeManager.java:completePreCheck(229)) - All SCM safe mode pre check rules have passed
2023-09-29 09:14:57,598 [EventQueue-NodeRegistrationContainerReportForDataNodeSafeModeRule] INFO  ha.SCMContext (SCMContext.java:updateSafeModeStatus(228)) - Update SafeModeStatus from SafeModeStatus{safeModeStatus=true, preCheckPassed=false} to SafeModeStatus{safeModeStatus=true, preCheckPassed=true}.
2023-09-29 09:14:57,598 [EventQueue-NodeRegistrationContainerReportForDataNodeSafeModeRule] INFO  pipeline.BackgroundPipelineCreator (BackgroundPipelineCreator.java:notifyEventTriggered(277)) - trigger a one-shot run on RatisPipelineUtilsThread.
2023-09-29 09:14:57,599 [RatisPipelineUtilsThread - 0] INFO  pipeline.RatisPipelineProvider (RatisPipelineProvider.java:lambda$create$0(206)) - Sending CreatePipelineCommand for pipeline:PipelineID=41b7993d-7e6d-499e-9379-acde7c9166ee to datanode:10e0b218-8303-4db1-a541-e155d4944b6e
2023-09-29 09:14:57,600 [RatisPipelineUtilsThread - 0] INFO  pipeline.BackgroundPipelineCreator (BackgroundPipelineCreator.java:createPipelines(233)) - Created new pipeline Pipeline[ Id: 41b7993d-7e6d-499e-9379-acde7c9166ee, Nodes: 10e0b218-8303-4db1-a541-e155d4944b6e(fv-az83-343.uavyq1izdhte5b0ne1us2eqzhb.jx.internal.cloudapp.net/10.1.0.30), ReplicationConfig: RATIS/ONE, State:ALLOCATED, leaderId:, CreationTimestamp2023-09-29T09:14:57.599Z[Etc/UTC]]
2023-09-29 09:14:57,600 [RatisPipelineUtilsThread - 0] INFO  pipeline.RatisPipelineProvider (RatisPipelineProvider.java:lambda$create$0(206)) - Sending CreatePipelineCommand for pipeline:PipelineID=bb865f4c-78dd-4156-a10a-fd3ffea034fd to datanode:10e0b218-8303-4db1-a541-e155d4944b6e
2023-09-29 09:14:57,600 [RatisPipelineUtilsThread - 0] INFO  pipeline.RatisPipelineProvider (RatisPipelineProvider.java:lambda$create$0(206)) - Sending CreatePipelineCommand for pipeline:PipelineID=bb865f4c-78dd-4156-a10a-fd3ffea034fd to datanode:3a494423-7ff4-4963-8d96-e6fb16151c55
2023-09-29 09:14:57,601 [RatisPipelineUtilsThread - 0] INFO  pipeline.RatisPipelineProvider (RatisPipelineProvider.java:lambda$create$0(206)) - Sending CreatePipelineCommand for pipeline:PipelineID=bb865f4c-78dd-4156-a10a-fd3ffea034fd to datanode:380230e5-39f9-49de-9a23-78c86f98f3f3
2023-09-29 09:14:57,601 [RatisPipelineUtilsThread - 0] INFO  pipeline.BackgroundPipelineCreator (BackgroundPipelineCreator.java:createPipelines(233)) - Created new pipeline Pipeline[ Id: bb865f4c-78dd-4156-a10a-fd3ffea034fd, Nodes: 10e0b218-8303-4db1-a541-e155d4944b6e(fv-az83-343.uavyq1izdhte5b0ne1us2eqzhb.jx.internal.cloudapp.net/10.1.0.30)3a494423-7ff4-4963-8d96-e6fb16151c55(fv-az83-343.uavyq1izdhte5b0ne1us2eqzhb.jx.internal.cloudapp.net/10.1.0.30)380230e5-39f9-49de-9a23-78c86f98f3f3(fv-az83-343.uavyq1izdhte5b0ne1us2eqzhb.jx.internal.cloudapp.net/10.1.0.30), ReplicationConfig: RATIS/THREE, State:ALLOCATED, leaderId:, CreationTimestamp2023-09-29T09:14:57.600Z[Etc/UTC]]
2023-09-29 09:14:57,602 [RatisPipelineUtilsThread - 0] INFO  pipeline.RatisPipelineProvider (RatisPipelineProvider.java:lambda$create$0(206)) - Sending CreatePipelineCommand for pipeline:PipelineID=82ca702f-bac0-4790-b256-e0a40844f82e to datanode:10e0b218-8303-4db1-a541-e155d4944b6e
2023-09-29 09:14:57,602 [RatisPipelineUtilsThread - 0] INFO  pipeline.RatisPipelineProvider (RatisPipelineProvider.java:lambda$create$0(206)) - Sending CreatePipelineCommand for pipeline:PipelineID=82ca702f-bac0-4790-b256-e0a40844f82e to datanode:3a494423-7ff4-4963-8d96-e6fb16151c55
2023-09-29 09:14:57,602 [RatisPipelineUtilsThread - 0] INFO  pipeline.RatisPipelineProvider (RatisPipelineProvider.java:lambda$create$0(206)) - Sending CreatePipelineCommand for pipeline:PipelineID=82ca702f-bac0-4790-b256-e0a40844f82e to datanode:380230e5-39f9-49de-9a23-78c86f98f3f3
2023-09-29 09:14:57,602 [RatisPipelineUtilsThread - 0] INFO  pipeline.PipelineManagerImpl (PipelineManagerImpl.java:recordMetricsForPipeline(895)) - Pipeline: PipelineID=82ca702f-bac0-4790-b256-e0a40844f82e contains same datanodes as previous pipelines: PipelineID=bb865f4c-78dd-4156-a10a-fd3ffea034fd nodeIds: 10e0b218-8303-4db1-a541-e155d4944b6e, 3a494423-7ff4-4963-8d96-e6fb16151c55, 380230e5-39f9-49de-9a23-78c86f98f3f3
2023-09-29 09:14:57,603 [RatisPipelineUtilsThread - 0] INFO  pipeline.BackgroundPipelineCreator (BackgroundPipelineCreator.java:createPipelines(233)) - Created new pipeline Pipeline[ Id: 82ca702f-bac0-4790-b256-e0a40844f82e, Nodes: 10e0b218-8303-4db1-a541-e155d4944b6e(fv-az83-343.uavyq1izdhte5b0ne1us2eqzhb.jx.internal.cloudapp.net/10.1.0.30)3a494423-7ff4-4963-8d96-e6fb16151c55(fv-az83-343.uavyq1izdhte5b0ne1us2eqzhb.jx.internal.cloudapp.net/10.1.0.30)380230e5-39f9-49de-9a23-78c86f98f3f3(fv-az83-343.uavyq1izdhte5b0ne1us2eqzhb.jx.internal.cloudapp.net/10.1.0.30), ReplicationConfig: RATIS/THREE, State:ALLOCATED, leaderId:, CreationTimestamp2023-09-29T09:14:57.602Z[Etc/UTC]]
2023-09-29 09:14:57,932 [IPC Server handler 6 on default port 15055] INFO  net.NetworkTopologyImpl (NetworkTopologyImpl.java:add(112)) - Added a new node: /default-rack/c0cdbf58-0bce-4385-b76e-2e20c526d69e
2023-09-29 09:14:57,932 [IPC Server handler 6 on default port 15055] INFO  node.SCMNodeManager (SCMNodeManager.java:register(405)) - Registered Data node : c0cdbf58-0bce-4385-b76e-2e20c526d69e{ip: 10.1.0.30, host: fv-az83-343.uavyq1izdhte5b0ne1us2eqzhb.jx.internal.cloudapp.net, ports: [HTTP=15089, CLIENT_RPC=15090, REPLICATION=15096, RATIS=15092, RATIS_ADMIN=15093, RATIS_SERVER=15094, RATIS_DATASTREAM=15095, STANDALONE=15091], networkLocation: /default-rack, certSerialId: null, persistedOpState: null, persistedOpStateExpiryEpochSec: 0}
2023-09-29 09:14:57,932 [EventQueue-NewNodeForNewNodeHandler] INFO  pipeline.BackgroundPipelineCreator (BackgroundPipelineCreator.java:notifyEventTriggered(277)) - trigger a one-shot run on RatisPipelineUtilsThread.
2023-09-29 09:14:57,933 [RatisPipelineUtilsThread - 0] INFO  pipeline.RatisPipelineProvider (RatisPipelineProvider.java:lambda$create$0(206)) - Sending CreatePipelineCommand for pipeline:PipelineID=812d4560-ae5d-4992-b858-33c5c56a9a97 to datanode:c0cdbf58-0bce-4385-b76e-2e20c526d69e
2023-09-29 09:14:57,936 [RatisPipelineUtilsThread - 0] INFO  pipeline.BackgroundPipelineCreator (BackgroundPipelineCreator.java:createPipelines(233)) - Created new pipeline Pipeline[ Id: 812d4560-ae5d-4992-b858-33c5c56a9a97, Nodes: c0cdbf58-0bce-4385-b76e-2e20c526d69e(fv-az83-343.uavyq1izdhte5b0ne1us2eqzhb.jx.internal.cloudapp.net/10.1.0.30), ReplicationConfig: RATIS/ONE, State:ALLOCATED, leaderId:, CreationTimestamp2023-09-29T09:14:57.933Z[Etc/UTC]]
2023-09-29 09:14:58,313 [main] INFO  ozone.MiniOzoneClusterImpl (MiniOzoneClusterImpl.java:lambda$waitForClusterToBeReady$0(229)) - Waiting for nodes to be ready. Got 4 of 5 DN Heartbeats.
2023-09-29 09:14:58,313 [main] INFO  ozone.MiniOzoneClusterImpl (MiniOzoneClusterImpl.java:lambda$waitForClusterToBeReady$0(232)) - Waiting for cluster to exit safe mode
2023-09-29 09:14:58,313 [main] INFO  ozone.MiniOzoneClusterImpl (MiniOzoneClusterImpl.java:lambda$waitForClusterToBeReady$0(234)) - SCM became leader
2023-09-29 09:14:58,322 [IPC Server handler 7 on default port 15055] INFO  net.NetworkTopologyImpl (NetworkTopologyImpl.java:add(112)) - Added a new node: /default-rack/621c2e90-a4eb-4c74-8f52-bedc5a92b31f
2023-09-29 09:14:58,322 [IPC Server handler 7 on default port 15055] INFO  node.SCMNodeManager (SCMNodeManager.java:register(405)) - Registered Data node : 621c2e90-a4eb-4c74-8f52-bedc5a92b31f{ip: 10.1.0.30, host: fv-az83-343.uavyq1izdhte5b0ne1us2eqzhb.jx.internal.cloudapp.net, ports: [HTTP=15098, CLIENT_RPC=15099, REPLICATION=15105, RATIS=15101, RATIS_ADMIN=15102, RATIS_SERVER=15103, RATIS_DATASTREAM=15104, STANDALONE=15100], networkLocation: /default-rack, certSerialId: null, persistedOpState: null, persistedOpStateExpiryEpochSec: 0}
2023-09-29 09:14:58,322 [EventQueue-NewNodeForNewNodeHandler] INFO  pipeline.BackgroundPipelineCreator (BackgroundPipelineCreator.java:notifyEventTriggered(277)) - trigger a one-shot run on RatisPipelineUtilsThread.
2023-09-29 09:14:58,324 [RatisPipelineUtilsThread - 0] INFO  pipeline.RatisPipelineProvider (RatisPipelineProvider.java:lambda$create$0(206)) - Sending CreatePipelineCommand for pipeline:PipelineID=018d3ef2-b015-407a-9137-d59fe00375ce to datanode:621c2e90-a4eb-4c74-8f52-bedc5a92b31f
2023-09-29 09:14:58,325 [RatisPipelineUtilsThread - 0] INFO  pipeline.BackgroundPipelineCreator (BackgroundPipelineCreator.java:createPipelines(233)) - Created new pipeline Pipeline[ Id: 018d3ef2-b015-407a-9137-d59fe00375ce, Nodes: 621c2e90-a4eb-4c74-8f52-bedc5a92b31f(fv-az83-343.uavyq1izdhte5b0ne1us2eqzhb.jx.internal.cloudapp.net/10.1.0.30), ReplicationConfig: RATIS/ONE, State:ALLOCATED, leaderId:, CreationTimestamp2023-09-29T09:14:58.324Z[Etc/UTC]]
2023-09-29 09:14:59,314 [main] INFO  ozone.MiniOzoneClusterImpl (MiniOzoneClusterImpl.java:lambda$waitForClusterToBeReady$0(229)) - Nodes are ready. Got 5 of 5 DN Heartbeats.
2023-09-29 09:14:59,314 [main] INFO  ozone.MiniOzoneClusterImpl (MiniOzoneClusterImpl.java:lambda$waitForClusterToBeReady$0(232)) - Waiting for cluster to exit safe mode
2023-09-29 09:14:59,314 [main] INFO  ozone.MiniOzoneClusterImpl (MiniOzoneClusterImpl.java:lambda$waitForClusterToBeReady$0(234)) - SCM became leader
2023-09-29 09:14:59,861 [PipelineCommandHandlerThread-0] INFO  server.RaftServer (RaftServerProxy.java:addNew(98)) - 380230e5-39f9-49de-9a23-78c86f98f3f3: addNew group-DD7EB260E326:[380230e5-39f9-49de-9a23-78c86f98f3f3|rpc:10.1.0.30:15067|admin:10.1.0.30:15066|client:10.1.0.30:15065|dataStream:10.1.0.30:15068|priority:1|startupRole:FOLLOWER] returns group-DD7EB260E326:java.util.concurrent.CompletableFuture@2cf0c288[Not completed]
2023-09-29 09:14:59,862 [380230e5-39f9-49de-9a23-78c86f98f3f3-groupManagement] INFO  server.RaftServer$Division (RaftServerImpl.java:<init>(198)) - 380230e5-39f9-49de-9a23-78c86f98f3f3: new RaftServerImpl for group-DD7EB260E326:[380230e5-39f9-49de-9a23-78c86f98f3f3|rpc:10.1.0.30:15067|admin:10.1.0.30:15066|client:10.1.0.30:15065|dataStream:10.1.0.30:15068|priority:1|startupRole:FOLLOWER] with ContainerStateMachine:uninitialized
2023-09-29 09:14:59,863 [380230e5-39f9-49de-9a23-78c86f98f3f3-groupManagement] INFO  server.RaftServerConfigKeys (ConfUtils.java:logGet(46)) - raft.server.rpc.timeout.min = 5s (custom)
2023-09-29 09:14:59,863 [380230e5-39f9-49de-9a23-78c86f98f3f3-groupManagement] INFO  server.RaftServerConfigKeys (ConfUtils.java:logGet(46)) - raft.server.rpc.timeout.max = 5200ms (custom)
2023-09-29 09:14:59,863 [380230e5-39f9-49de-9a23-78c86f98f3f3-groupManagement] INFO  server.RaftServerConfigKeys (ConfUtils.java:logGet(46)) - raft.server.rpc.sleep.time = 25ms (default)
2023-09-29 09:14:59,863 [380230e5-39f9-49de-9a23-78c86f98f3f3-groupManagement] INFO  server.RaftServerConfigKeys (ConfUtils.java:logGet(46)) - raft.server.rpc.slowness.timeout = 300s (custom)
2023-09-29 09:14:59,863 [380230e5-39f9-49de-9a23-78c86f98f3f3-groupManagement] INFO  server.RaftServerConfigKeys (ConfUtils.java:logGet(46)) - raft.server.leaderelection.leader.step-down.wait-time = 10s (default)
2023-09-29 09:14:59,863 [380230e5-39f9-49de-9a23-78c86f98f3f3-groupManagement] INFO  server.RaftServerConfigKeys (ConfUtils.java:logGet(46)) - raft.server.sleep.deviation.threshold = 300ms (default)
2023-09-29 09:14:59,863 [380230e5-39f9-49de-9a23-78c86f98f3f3-groupManagement] INFO  server.RaftServer$Division (ServerState.java:<init>(120)) - 380230e5-39f9-49de-9a23-78c86f98f3f3@group-DD7EB260E326: ConfigurationManager, init=-1: peers:[380230e5-39f9-49de-9a23-78c86f98f3f3|rpc:10.1.0.30:15067|admin:10.1.0.30:15066|client:10.1.0.30:15065|dataStream:10.1.0.30:15068|priority:1|startupRole:FOLLOWER]|listeners:[], old=null, confs=<EMPTY_MAP>
2023-09-29 09:14:59,863 [380230e5-39f9-49de-9a23-78c86f98f3f3-groupManagement] INFO  server.RaftServerConfigKeys (ConfUtils.java:logGet(46)) - raft.server.storage.dir = [/home/runner/work/ozone/ozone/hadoop-ozone/integration-test/target/test-dir/MiniOzoneClusterImpl-23fe215d-70cc-4cc8-8e82-38d5ce4d8890/datanode-0/data/ratis] (custom)
2023-09-29 09:14:59,863 [380230e5-39f9-49de-9a23-78c86f98f3f3-groupManagement] INFO  server.RaftServerConfigKeys (ConfUtils.java:logGet(46)) - raft.server.log.corruption.policy = EXCEPTION (default)
2023-09-29 09:14:59,863 [380230e5-39f9-49de-9a23-78c86f98f3f3-groupManagement] INFO  server.RaftServerConfigKeys (ConfUtils.java:logGet(46)) - raft.server.storage.free-space.min = 0MB (=0) (default)
2023-09-29 09:14:59,864 [380230e5-39f9-49de-9a23-78c86f98f3f3-groupManagement] INFO  server.RaftServerConfigKeys (ConfUtils.java:logGet(46)) - raft.server.notification.no-leader.timeout = 300s (custom)
2023-09-29 09:14:59,864 [380230e5-39f9-49de-9a23-78c86f98f3f3-groupManagement] INFO  server.RaftServerConfigKeys (ConfUtils.java:logGet(46)) - raft.server.read.timeout = 10s (default)
2023-09-29 09:14:59,864 [380230e5-39f9-49de-9a23-78c86f98f3f3-groupManagement] INFO  server.RaftServerConfigKeys (ConfUtils.java:logGet(46)) - raft.server.retrycache.expirytime = 600000ms (custom)
2023-09-29 09:14:59,864 [380230e5-39f9-49de-9a23-78c86f98f3f3-groupManagement] INFO  server.RaftServerConfigKeys (ConfUtils.java:logGet(46)) - raft.server.retrycache.statistics.expirytime = 100μs (default)
2023-09-29 09:14:59,865 [380230e5-39f9-49de-9a23-78c86f98f3f3-groupManagement] INFO  server.RaftServerConfigKeys (ConfUtils.java:logGet(46)) - raft.server.read.option = DEFAULT (default)
2023-09-29 09:14:59,867 [380230e5-39f9-49de-9a23-78c86f98f3f3-groupManagement] INFO  server.RaftServerConfigKeys (ConfUtils.java:logGet(46)) - raft.server.rpc.request.timeout = 60s (custom)
2023-09-29 09:14:59,867 [380230e5-39f9-49de-9a23-78c86f98f3f3-groupManagement] INFO  server.RaftServerConfigKeys (ConfUtils.java:logGet(46)) - raft.server.log.appender.install.snapshot.enabled = false (custom)
2023-09-29 09:14:59,867 [380230e5-39f9-49de-9a23-78c86f98f3f3-groupManagement] INFO  server.RaftServerConfigKeys (ConfUtils.java:logGet(46)) - raft.server.threadpool.server.cached = true (default)
2023-09-29 09:14:59,867 [380230e5-39f9-49de-9a23-78c86f98f3f3-groupManagement] INFO  server.RaftServerConfigKeys (ConfUtils.java:logGet(46)) - raft.server.threadpool.server.size = 0 (default)
2023-09-29 09:14:59,867 [380230e5-39f9-49de-9a23-78c86f98f3f3-groupManagement] INFO  server.RaftServerConfigKeys (ConfUtils.java:logGet(46)) - raft.server.threadpool.client.cached = true (default)
2023-09-29 09:14:59,867 [380230e5-39f9-49de-9a23-78c86f98f3f3-groupManagement] INFO  server.RaftServerConfigKeys (ConfUtils.java:logGet(46)) - raft.server.threadpool.client.size = 0 (default)
2023-09-29 09:14:59,868 [380230e5-39f9-49de-9a23-78c86f98f3f3-groupManagement] INFO  storage.RaftStorageDirectory (RaftStorageDirectoryImpl.java:analyzeStorage(137)) - The storage directory /home/runner/work/ozone/ozone/hadoop-ozone/integration-test/target/test-dir/MiniOzoneClusterImpl-23fe215d-70cc-4cc8-8e82-38d5ce4d8890/datanode-0/data/ratis/36803913-73e2-42ad-ad24-dd7eb260e326 does not exist. Creating ...
2023-09-29 09:14:59,869 [380230e5-39f9-49de-9a23-78c86f98f3f3-groupManagement] INFO  storage.RaftStorageDirectory (RaftStorageDirectoryImpl.java:tryLock(231)) - Lock on /home/runner/work/ozone/ozone/hadoop-ozone/integration-test/target/test-dir/MiniOzoneClusterImpl-23fe215d-70cc-4cc8-8e82-38d5ce4d8890/datanode-0/data/ratis/36803913-73e2-42ad-ad24-dd7eb260e326/in_use.lock acquired by nodename 20785@fv-az83-343
2023-09-29 09:14:59,871 [380230e5-39f9-49de-9a23-78c86f98f3f3-groupManagement] INFO  storage.RaftStorage (RaftStorageImpl.java:format(96)) - Storage directory /home/runner/work/ozone/ozone/hadoop-ozone/integration-test/target/test-dir/MiniOzoneClusterImpl-23fe215d-70cc-4cc8-8e82-38d5ce4d8890/datanode-0/data/ratis/36803913-73e2-42ad-ad24-dd7eb260e326 has been successfully formatted.
2023-09-29 09:14:59,873 [380230e5-39f9-49de-9a23-78c86f98f3f3-groupManagement] INFO  ratis.ContainerStateMachine (ContainerStateMachine.java:loadSnapshot(262)) - group-DD7EB260E326: The snapshot info is null. Setting the last applied indexto:(t:0, i:~)
2023-09-29 09:14:59,873 [380230e5-39f9-49de-9a23-78c86f98f3f3-groupManagement] INFO  server.RaftServerConfigKeys (ConfUtils.java:logGet(46)) - raft.server.log.use.memory = false (default)
2023-09-29 09:14:59,874 [380230e5-39f9-49de-9a23-78c86f98f3f3-groupManagement] INFO  server.RaftServerConfigKeys (ConfUtils.java:logGet(46)) - raft.server.log.purge.gap = 1000000 (custom)
2023-09-29 09:14:59,874 [380230e5-39f9-49de-9a23-78c86f98f3f3-groupManagement] INFO  server.RaftServerConfigKeys (ConfUtils.java:logGet(46)) - raft.server.log.appender.buffer.byte-limit = 33554432 (custom)
2023-09-29 09:14:59,874 [380230e5-39f9-49de-9a23-78c86f98f3f3-groupManagement] INFO  server.RaftServerConfigKeys (ConfUtils.java:logGet(46)) - raft.server.log.statemachine.data.read.timeout = 1000ms (default)
2023-09-29 09:14:59,874 [380230e5-39f9-49de-9a23-78c86f98f3f3-groupManagement] INFO  server.RaftServerConfigKeys (ConfUtils.java:logGet(46)) - raft.server.log.purge.preservation.log.num = 0 (default)
2023-09-29 09:14:59,875 [380230e5-39f9-49de-9a23-78c86f98f3f3-groupManagement] INFO  server.RaftServerConfigKeys (ConfUtils.java:logGet(46)) - raft.server.log.segment.size.max = 1048576 (custom)
2023-09-29 09:14:59,875 [EventQueue-PipelineReportForPipelineReportHandler] INFO  pipeline.PipelineReportHandler (PipelineReportHandler.java:processPipelineReport(136)) - Opened pipeline PipelineID=36803913-73e2-42ad-ad24-dd7eb260e326
2023-09-29 09:14:59,875 [380230e5-39f9-49de-9a23-78c86f98f3f3-groupManagement] INFO  server.RaftServerConfigKeys (ConfUtils.java:logGet(46)) - raft.server.log.segment.cache.num.max = 2 (custom)
2023-09-29 09:14:59,877 [EventQueue-OpenPipelineForHealthyPipelineSafeModeRule] INFO  safemode.SCMSafeModeManager (HealthyPipelineSafeModeRule.java:process(137)) - SCM in safe mode. Healthy pipelines reported count is 0, required healthy pipeline reported count is 1
2023-09-29 09:14:59,877 [380230e5-39f9-49de-9a23-78c86f98f3f3-groupManagement] INFO  server.RaftServerConfigKeys (ConfUtils.java:logGet(46)) - raft.server.log.segment.cache.size.max = 200MB (=209715200) (default)
2023-09-29 09:14:59,878 [380230e5-39f9-49de-9a23-78c86f98f3f3-groupManagement] INFO  server.RaftServerConfigKeys (ConfUtils.java:logGet(46)) - raft.server.log.appender.buffer.byte-limit = 33554432 (custom)
2023-09-29 09:14:59,878 [380230e5-39f9-49de-9a23-78c86f98f3f3-groupManagement] INFO  segmented.SegmentedRaftLogWorker (SegmentedRaftLogWorker.java:<init>(188)) - new 380230e5-39f9-49de-9a23-78c86f98f3f3@group-DD7EB260E326-SegmentedRaftLogWorker for RaftStorageImpl:Storage Directory /home/runner/work/ozone/ozone/hadoop-ozone/integration-test/target/test-dir/MiniOzoneClusterImpl-23fe215d-70cc-4cc8-8e82-38d5ce4d8890/datanode-0/data/ratis/36803913-73e2-42ad-ad24-dd7eb260e326
2023-09-29 09:14:59,878 [380230e5-39f9-49de-9a23-78c86f98f3f3-groupManagement] INFO  server.RaftServerConfigKeys (ConfUtils.java:logGet(46)) - raft.server.log.queue.byte-limit = 4294967296 (custom)
2023-09-29 09:14:59,878 [380230e5-39f9-49de-9a23-78c86f98f3f3-groupManagement] INFO  server.RaftServerConfigKeys (ConfUtils.java:logGet(46)) - raft.server.log.queue.element-limit = 1024 (custom)
2023-09-29 09:14:59,878 [380230e5-39f9-49de-9a23-78c86f98f3f3-groupManagement] INFO  server.RaftServerConfigKeys (ConfUtils.java:logGet(46)) - raft.server.log.segment.size.max = 1048576 (custom)
2023-09-29 09:14:59,878 [380230e5-39f9-49de-9a23-78c86f98f3f3-groupManagement] INFO  server.RaftServerConfigKeys (ConfUtils.java:logGet(46)) - raft.server.log.preallocated.size = 16384 (custom)
2023-09-29 09:14:59,878 [380230e5-39f9-49de-9a23-78c86f98f3f3-groupManagement] INFO  server.RaftServerConfigKeys (ConfUtils.java:logGet(46)) - raft.server.log.force.sync.num = 128 (default)
2023-09-29 09:14:59,878 [380230e5-39f9-49de-9a23-78c86f98f3f3-groupManagement] INFO  server.RaftServerConfigKeys (ConfUtils.java:logGet(46)) - raft.server.log.statemachine.data.sync = true (default)
2023-09-29 09:14:59,878 [380230e5-39f9-49de-9a23-78c86f98f3f3-groupManagement] INFO  server.RaftServerConfigKeys (ConfUtils.java:logGet(46)) - raft.server.log.statemachine.data.sync.timeout = 10s (default)
2023-09-29 09:14:59,878 [380230e5-39f9-49de-9a23-78c86f98f3f3-groupManagement] INFO  server.RaftServerConfigKeys (ConfUtils.java:logGet(46)) - raft.server.log.statemachine.data.sync.timeout.retry = -1 (default)
2023-09-29 09:14:59,879 [380230e5-39f9-49de-9a23-78c86f98f3f3-groupManagement] INFO  server.RaftServerConfigKeys (ConfUtils.java:logGet(46)) - raft.server.log.write.buffer.size = 1048576 (custom)
2023-09-29 09:14:59,879 [380230e5-39f9-49de-9a23-78c86f98f3f3-groupManagement] INFO  server.RaftServerConfigKeys (ConfUtils.java:logGet(46)) - raft.server.log.appender.buffer.byte-limit = 33554432 (custom)
2023-09-29 09:14:59,885 [380230e5-39f9-49de-9a23-78c86f98f3f3-groupManagement] INFO  server.RaftServerConfigKeys (ConfUtils.java:logGet(46)) - raft.server.log.unsafe-flush.enabled = false (default)
2023-09-29 09:14:59,885 [380230e5-39f9-49de-9a23-78c86f98f3f3-groupManagement] INFO  server.RaftServerConfigKeys (ConfUtils.java:logGet(46)) - raft.server.log.async-flush.enabled = false (default)
2023-09-29 09:14:59,886 [380230e5-39f9-49de-9a23-78c86f98f3f3-groupManagement] INFO  server.RaftServerConfigKeys (ConfUtils.java:logGet(46)) - raft.server.log.statemachine.data.caching.enabled = true (custom)
2023-09-29 09:14:59,886 [380230e5-39f9-49de-9a23-78c86f98f3f3-groupManagement] INFO  segmented.SegmentedRaftLogWorker (SegmentedRaftLogWorker.java:lambda$new$0(135)) - 380230e5-39f9-49de-9a23-78c86f98f3f3@group-DD7EB260E326-SegmentedRaftLogWorker: flushIndex: setUnconditionally 0 -> -1
2023-09-29 09:14:59,886 [380230e5-39f9-49de-9a23-78c86f98f3f3-groupManagement] INFO  segmented.SegmentedRaftLogWorker (SegmentedRaftLogWorker.java:lambda$new$0(135)) - 380230e5-39f9-49de-9a23-78c86f98f3f3@group-DD7EB260E326-SegmentedRaftLogWorker: safeCacheEvictIndex: setUnconditionally 0 -> -1
2023-09-29 09:14:59,886 [380230e5-39f9-49de-9a23-78c86f98f3f3-groupManagement] INFO  server.RaftServer$Division (RaftServerImpl.java:start(342)) - 380230e5-39f9-49de-9a23-78c86f98f3f3@group-DD7EB260E326: start as a follower, conf=-1: peers:[380230e5-39f9-49de-9a23-78c86f98f3f3|rpc:10.1.0.30:15067|admin:10.1.0.30:15066|client:10.1.0.30:15065|dataStream:10.1.0.30:15068|priority:1|startupRole:FOLLOWER]|listeners:[], old=null
2023-09-29 09:14:59,886 [380230e5-39f9-49de-9a23-78c86f98f3f3-groupManagement] INFO  server.RaftServer$Division (RaftServerImpl.java:setRole(329)) - 380230e5-39f9-49de-9a23-78c86f98f3f3@group-DD7EB260E326: changes role from      null to FOLLOWER at term 0 for startAsFollower
2023-09-29 09:14:59,886 [380230e5-39f9-49de-9a23-78c86f98f3f3-groupManagement] INFO  impl.RoleInfo (RoleInfo.java:updateAndGet(139)) - 380230e5-39f9-49de-9a23-78c86f98f3f3: start 380230e5-39f9-49de-9a23-78c86f98f3f3@group-DD7EB260E326-FollowerState
2023-09-29 09:14:59,887 [380230e5-39f9-49de-9a23-78c86f98f3f3-groupManagement] INFO  util.JmxRegister (JmxRegister.java:tryRegister(44)) - Successfully registered JMX Bean with object name Ratis:service=RaftServer,group=group-DD7EB260E326,id=380230e5-39f9-49de-9a23-78c86f98f3f3
2023-09-29 09:14:59,887 [380230e5-39f9-49de-9a23-78c86f98f3f3-groupManagement] INFO  server.RaftServerConfigKeys (ConfUtils.java:logGet(46)) - raft.server.snapshot.auto.trigger.enabled = true (custom)
2023-09-29 09:14:59,887 [380230e5-39f9-49de-9a23-78c86f98f3f3-groupManagement] INFO  server.RaftServerConfigKeys (ConfUtils.java:logGet(46)) - raft.server.snapshot.auto.trigger.threshold = 10000 (custom)
2023-09-29 09:14:59,887 [380230e5-39f9-49de-9a23-78c86f98f3f3-groupManagement] INFO  server.RaftServerConfigKeys (ConfUtils.java:logGet(46)) - raft.server.snapshot.retention.file.num = 5 (custom)
2023-09-29 09:14:59,887 [380230e5-39f9-49de-9a23-78c86f98f3f3-groupManagement] INFO  server.RaftServerConfigKeys (ConfUtils.java:logGet(46)) - raft.server.log.purge.upto.snapshot.index = false (default)
2023-09-29 09:14:59,889 [380230e5-39f9-49de-9a23-78c86f98f3f3@group-DD7EB260E326-FollowerState] INFO  server.RaftServerConfigKeys (ConfUtils.java:logFallback(53)) - raft.server.rpc.first-election.timeout.min = 5s (fallback to raft.server.rpc.timeout.min)
2023-09-29 09:14:59,889 [380230e5-39f9-49de-9a23-78c86f98f3f3@group-DD7EB260E326-FollowerState] INFO  server.RaftServerConfigKeys (ConfUtils.java:logFallback(53)) - raft.server.rpc.first-election.timeout.max = 5200ms (fallback to raft.server.rpc.timeout.max)
2023-09-29 09:14:59,891 [PipelineCommandHandlerThread-0] INFO  ratis.XceiverServerRatis (XceiverServerRatis.java:addGroup(804)) - Created group PipelineID=36803913-73e2-42ad-ad24-dd7eb260e326
2023-09-29 09:14:59,891 [PipelineCommandHandlerThread-0] INFO  commandhandler.CreatePipelineCommandHandler (CreatePipelineCommandHandler.java:lambda$handle$2(124)) - Created Pipeline RATIS ONE PipelineID=36803913-73e2-42ad-ad24-dd7eb260e326.
2023-09-29 09:14:59,892 [PipelineCommandHandlerThread-0] INFO  server.RaftServer (RaftServerProxy.java:addNew(98)) - 380230e5-39f9-49de-9a23-78c86f98f3f3: addNew group-FD3FFEA034FD:[10e0b218-8303-4db1-a541-e155d4944b6e|rpc:10.1.0.30:15085|admin:10.1.0.30:15084|client:10.1.0.30:15083|dataStream:10.1.0.30:15086|priority:0|startupRole:FOLLOWER, 3a494423-7ff4-4963-8d96-e6fb16151c55|rpc:10.1.0.30:15076|admin:10.1.0.30:15075|client:10.1.0.30:15074|dataStream:10.1.0.30:15077|priority:1|startupRole:FOLLOWER, 380230e5-39f9-49de-9a23-78c86f98f3f3|rpc:10.1.0.30:15067|admin:10.1.0.30:15066|client:10.1.0.30:15065|dataStream:10.1.0.30:15068|priority:0|startupRole:FOLLOWER] returns group-FD3FFEA034FD:java.util.concurrent.CompletableFuture@28cf53ce[Not completed]
2023-09-29 09:14:59,893 [380230e5-39f9-49de-9a23-78c86f98f3f3-groupManagement] INFO  server.RaftServer$Division (RaftServerImpl.java:<init>(198)) - 380230e5-39f9-49de-9a23-78c86f98f3f3: new RaftServerImpl for group-FD3FFEA034FD:[10e0b218-8303-4db1-a541-e155d4944b6e|rpc:10.1.0.30:15085|admin:10.1.0.30:15084|client:10.1.0.30:15083|dataStream:10.1.0.30:15086|priority:0|startupRole:FOLLOWER, 3a494423-7ff4-4963-8d96-e6fb16151c55|rpc:10.1.0.30:15076|admin:10.1.0.30:15075|client:10.1.0.30:15074|dataStream:10.1.0.30:15077|priority:1|startupRole:FOLLOWER, 380230e5-39f9-49de-9a23-78c86f98f3f3|rpc:10.1.0.30:15067|admin:10.1.0.30:15066|client:10.1.0.30:15065|dataStream:10.1.0.30:15068|priority:0|startupRole:FOLLOWER] with ContainerStateMachine:uninitialized
2023-09-29 09:14:59,893 [380230e5-39f9-49de-9a23-78c86f98f3f3-groupManagement] INFO  server.RaftServerConfigKeys (ConfUtils.java:logGet(46)) - raft.server.rpc.timeout.min = 5s (custom)
2023-09-29 09:14:59,893 [380230e5-39f9-49de-9a23-78c86f98f3f3-groupManagement] INFO  server.RaftServerConfigKeys (ConfUtils.java:logGet(46)) - raft.server.rpc.timeout.max = 5200ms (custom)
2023-09-29 09:14:59,893 [380230e5-39f9-49de-9a23-78c86f98f3f3-groupManagement] INFO  server.RaftServerConfigKeys (ConfUtils.java:logGet(46)) - raft.server.rpc.sleep.time = 25ms (default)
2023-09-29 09:14:59,893 [380230e5-39f9-49de-9a23-78c86f98f3f3-groupManagement] INFO  server.RaftServerConfigKeys (ConfUtils.java:logGet(46)) - raft.server.rpc.slowness.timeout = 300s (custom)
2023-09-29 09:14:59,893 [380230e5-39f9-49de-9a23-78c86f98f3f3-groupManagement] INFO  server.RaftServerConfigKeys (ConfUtils.java:logGet(46)) - raft.server.leaderelection.leader.step-down.wait-time = 10s (default)
2023-09-29 09:14:59,893 [380230e5-39f9-49de-9a23-78c86f98f3f3-groupManagement] INFO  server.RaftServerConfigKeys (ConfUtils.java:logGet(46)) - raft.server.sleep.deviation.threshold = 300ms (default)
2023-09-29 09:14:59,893 [380230e5-39f9-49de-9a23-78c86f98f3f3-groupManagement] INFO  server.RaftServer$Division (ServerState.java:<init>(120)) - 380230e5-39f9-49de-9a23-78c86f98f3f3@group-FD3FFEA034FD: ConfigurationManager, init=-1: peers:[10e0b218-8303-4db1-a541-e155d4944b6e|rpc:10.1.0.30:15085|admin:10.1.0.30:15084|client:10.1.0.30:15083|dataStream:10.1.0.30:15086|priority:0|startupRole:FOLLOWER, 3a494423-7ff4-4963-8d96-e6fb16151c55|rpc:10.1.0.30:15076|admin:10.1.0.30:15075|client:10.1.0.30:15074|dataStream:10.1.0.30:15077|priority:1|startupRole:FOLLOWER, 380230e5-39f9-49de-9a23-78c86f98f3f3|rpc:10.1.0.30:15067|admin:10.1.0.30:15066|client:10.1.0.30:15065|dataStream:10.1.0.30:15068|priority:0|startupRole:FOLLOWER]|listeners:[], old=null, confs=<EMPTY_MAP>
2023-09-29 09:14:59,893 [380230e5-39f9-49de-9a23-78c86f98f3f3-groupManagement] INFO  server.RaftServerConfigKeys (ConfUtils.java:logGet(46)) - raft.server.storage.dir = [/home/runner/work/ozone/ozone/hadoop-ozone/integration-test/target/test-dir/MiniOzoneClusterImpl-23fe215d-70cc-4cc8-8e82-38d5ce4d8890/datanode-0/data/ratis] (custom)
2023-09-29 09:14:59,894 [380230e5-39f9-49de-9a23-78c86f98f3f3-groupManagement] INFO  server.RaftServerConfigKeys (ConfUtils.java:logGet(46)) - raft.server.log.corruption.policy = EXCEPTION (default)
2023-09-29 09:14:59,894 [380230e5-39f9-49de-9a23-78c86f98f3f3-groupManagement] INFO  server.RaftServerConfigKeys (ConfUtils.java:logGet(46)) - raft.server.storage.free-space.min = 0MB (=0) (default)
2023-09-29 09:14:59,894 [380230e5-39f9-49de-9a23-78c86f98f3f3-groupManagement] INFO  server.RaftServerConfigKeys (ConfUtils.java:logGet(46)) - raft.server.notification.no-leader.timeout = 300s (custom)
2023-09-29 09:14:59,894 [380230e5-39f9-49de-9a23-78c86f98f3f3-groupManagement] INFO  server.RaftServerConfigKeys (ConfUtils.java:logGet(46)) - raft.server.read.timeout = 10s (default)
2023-09-29 09:14:59,894 [380230e5-39f9-49de-9a23-78c86f98f3f3-groupManagement] INFO  server.RaftServerConfigKeys (ConfUtils.java:logGet(46)) - raft.server.retrycache.expirytime = 600000ms (custom)
2023-09-29 09:14:59,894 [380230e5-39f9-49de-9a23-78c86f98f3f3-groupManagement] INFO  server.RaftServerConfigKeys (ConfUtils.java:logGet(46)) - raft.server.retrycache.statistics.expirytime = 100μs (default)
2023-09-29 09:14:59,894 [380230e5-39f9-49de-9a23-78c86f98f3f3-groupManagement] INFO  server.RaftServerConfigKeys (ConfUtils.java:logGet(46)) - raft.server.read.option = DEFAULT (default)
2023-09-29 09:14:59,896 [380230e5-39f9-49de-9a23-78c86f98f3f3-groupManagement] INFO  server.RaftServerConfigKeys (ConfUtils.java:logGet(46)) - raft.server.rpc.request.timeout = 60s (custom)
2023-09-29 09:14:59,897 [380230e5-39f9-49de-9a23-78c86f98f3f3-groupManagement] INFO  server.RaftServerConfigKeys (ConfUtils.java:logGet(46)) - raft.server.log.appender.install.snapshot.enabled = false (custom)
2023-09-29 09:14:59,897 [380230e5-39f9-49de-9a23-78c86f98f3f3-groupManagement] INFO  server.RaftServerConfigKeys (ConfUtils.java:logGet(46)) - raft.server.threadpool.server.cached = true (default)
2023-09-29 09:14:59,897 [380230e5-39f9-49de-9a23-78c86f98f3f3-groupManagement] INFO  server.RaftServerConfigKeys (ConfUtils.java:logGet(46)) - raft.server.threadpool.server.size = 0 (default)
2023-09-29 09:14:59,897 [380230e5-39f9-49de-9a23-78c86f98f3f3-groupManagement] INFO  server.RaftServerConfigKeys (ConfUtils.java:logGet(46)) - raft.server.threadpool.client.cached = true (default)
2023-09-29 09:14:59,897 [380230e5-39f9-49de-9a23-78c86f98f3f3-groupManagement] INFO  server.RaftServerConfigKeys (ConfUtils.java:logGet(46)) - raft.server.threadpool.client.size = 0 (default)
2023-09-29 09:14:59,897 [380230e5-39f9-49de-9a23-78c86f98f3f3-groupManagement] INFO  storage.RaftStorageDirectory (RaftStorageDirectoryImpl.java:analyzeStorage(137)) - The storage directory /home/runner/work/ozone/ozone/hadoop-ozone/integration-test/target/test-dir/MiniOzoneClusterImpl-23fe215d-70cc-4cc8-8e82-38d5ce4d8890/datanode-0/data/ratis/bb865f4c-78dd-4156-a10a-fd3ffea034fd does not exist. Creating ...
2023-09-29 09:14:59,898 [380230e5-39f9-49de-9a23-78c86f98f3f3-groupManagement] INFO  storage.RaftStorageDirectory (RaftStorageDirectoryImpl.java:tryLock(231)) - Lock on /home/runner/work/ozone/ozone/hadoop-ozone/integration-test/target/test-dir/MiniOzoneClusterImpl-23fe215d-70cc-4cc8-8e82-38d5ce4d8890/datanode-0/data/ratis/bb865f4c-78dd-4156-a10a-fd3ffea034fd/in_use.lock acquired by nodename 20785@fv-az83-343
2023-09-29 09:14:59,900 [380230e5-39f9-49de-9a23-78c86f98f3f3-groupManagement] INFO  storage.RaftStorage (RaftStorageImpl.java:format(96)) - Storage directory /home/runner/work/ozone/ozone/hadoop-ozone/integration-test/target/test-dir/MiniOzoneClusterImpl-23fe215d-70cc-4cc8-8e82-38d5ce4d8890/datanode-0/data/ratis/bb865f4c-78dd-4156-a10a-fd3ffea034fd has been successfully formatted.
2023-09-29 09:14:59,900 [380230e5-39f9-49de-9a23-78c86f98f3f3-groupManagement] INFO  ratis.ContainerStateMachine (ContainerStateMachine.java:loadSnapshot(262)) - group-FD3FFEA034FD: The snapshot info is null. Setting the last applied indexto:(t:0, i:~)
2023-09-29 09:14:59,900 [380230e5-39f9-49de-9a23-78c86f98f3f3-groupManagement] INFO  server.RaftServerConfigKeys (ConfUtils.java:logGet(46)) - raft.server.log.use.memory = false (default)
2023-09-29 09:14:59,901 [380230e5-39f9-49de-9a23-78c86f98f3f3-groupManagement] INFO  server.RaftServerConfigKeys (ConfUtils.java:logGet(46)) - raft.server.log.purge.gap = 1000000 (custom)
2023-09-29 09:14:59,901 [EventQueue-OpenPipelineForHealthyPipelineSafeModeRule] INFO  safemode.SCMSafeModeManager (HealthyPipelineSafeModeRule.java:process(137)) - SCM in safe mode. Healthy pipelines reported count is 0, required healthy pipeline reported count is 1
2023-09-29 09:14:59,902 [380230e5-39f9-49de-9a23-78c86f98f3f3-groupManagement] INFO  server.RaftServerConfigKeys (ConfUtils.java:logGet(46)) - raft.server.log.appender.buffer.byte-limit = 33554432 (custom)
2023-09-29 09:14:59,902 [380230e5-39f9-49de-9a23-78c86f98f3f3-groupManagement] INFO  server.RaftServerConfigKeys (ConfUtils.java:logGet(46)) - raft.server.log.statemachine.data.read.timeout = 1000ms (default)
2023-09-29 09:14:59,902 [380230e5-39f9-49de-9a23-78c86f98f3f3-groupManagement] INFO  server.RaftServerConfigKeys (ConfUtils.java:logGet(46)) - raft.server.log.purge.preservation.log.num = 0 (default)
2023-09-29 09:14:59,902 [380230e5-39f9-49de-9a23-78c86f98f3f3-groupManagement] INFO  server.RaftServerConfigKeys (ConfUtils.java:logGet(46)) - raft.server.log.segment.size.max = 1048576 (custom)
2023-09-29 09:14:59,903 [380230e5-39f9-49de-9a23-78c86f98f3f3-groupManagement] INFO  server.RaftServerConfigKeys (ConfUtils.java:logGet(46)) - raft.server.log.segment.cache.num.max = 2 (custom)
2023-09-29 09:14:59,903 [380230e5-39f9-49de-9a23-78c86f98f3f3-groupManagement] INFO  server.RaftServerConfigKeys (ConfUtils.java:logGet(46)) - raft.server.log.segment.cache.size.max = 200MB (=209715200) (default)
2023-09-29 09:14:59,903 [380230e5-39f9-49de-9a23-78c86f98f3f3-groupManagement] INFO  server.RaftServerConfigKeys (ConfUtils.java:logGet(46)) - raft.server.log.appender.buffer.byte-limit = 33554432 (custom)
2023-09-29 09:14:59,903 [380230e5-39f9-49de-9a23-78c86f98f3f3-groupManagement] INFO  segmented.SegmentedRaftLogWorker (SegmentedRaftLogWorker.java:<init>(188)) - new 380230e5-39f9-49de-9a23-78c86f98f3f3@group-FD3FFEA034FD-SegmentedRaftLogWorker for RaftStorageImpl:Storage Directory /home/runner/work/ozone/ozone/hadoop-ozone/integration-test/target/test-dir/MiniOzoneClusterImpl-23fe215d-70cc-4cc8-8e82-38d5ce4d8890/datanode-0/data/ratis/bb865f4c-78dd-4156-a10a-fd3ffea034fd
2023-09-29 09:14:59,903 [380230e5-39f9-49de-9a23-78c86f98f3f3-groupManagement] INFO  server.RaftServerConfigKeys (ConfUtils.java:logGet(46)) - raft.server.log.queue.byte-limit = 4294967296 (custom)
2023-09-29 09:14:59,903 [380230e5-39f9-49de-9a23-78c86f98f3f3-groupManagement] INFO  server.RaftServerConfigKeys (ConfUtils.java:logGet(46)) - raft.server.log.queue.element-limit = 1024 (custom)
2023-09-29 09:14:59,903 [380230e5-39f9-49de-9a23-78c86f98f3f3-groupManagement] INFO  server.RaftServerConfigKeys (ConfUtils.java:logGet(46)) - raft.server.log.segment.size.max = 1048576 (custom)
2023-09-29 09:14:59,903 [380230e5-39f9-49de-9a23-78c86f98f3f3-groupManagement] INFO  server.RaftServerConfigKeys (ConfUtils.java:logGet(46)) - raft.server.log.preallocated.size = 16384 (custom)
2023-09-29 09:14:59,903 [380230e5-39f9-49de-9a23-78c86f98f3f3-groupManagement] INFO  server.RaftServerConfigKeys (ConfUtils.java:logGet(46)) - raft.server.log.force.sync.num = 128 (default)
2023-09-29 09:14:59,903 [380230e5-39f9-49de-9a23-78c86f98f3f3-groupManagement] INFO  server.RaftServerConfigKeys (ConfUtils.java:logGet(46)) - raft.server.log.statemachine.data.sync = true (default)
2023-09-29 09:14:59,903 [380230e5-39f9-49de-9a23-78c86f98f3f3-groupManagement] INFO  server.RaftServerConfigKeys (ConfUtils.java:logGet(46)) - raft.server.log.statemachine.data.sync.timeout = 10s (default)
2023-09-29 09:14:59,903 [380230e5-39f9-49de-9a23-78c86f98f3f3-groupManagement] INFO  server.RaftServerConfigKeys (ConfUtils.java:logGet(46)) - raft.server.log.statemachine.data.sync.timeout.retry = -1 (default)
2023-09-29 09:14:59,904 [380230e5-39f9-49de-9a23-78c86f98f3f3-groupManagement] INFO  server.RaftServerConfigKeys (ConfUtils.java:logGet(46)) - raft.server.log.write.buffer.size = 1048576 (custom)
2023-09-29 09:14:59,905 [380230e5-39f9-49de-9a23-78c86f98f3f3-groupManagement] INFO  server.RaftServerConfigKeys (ConfUtils.java:logGet(46)) - raft.server.log.appender.buffer.byte-limit = 33554432 (custom)
2023-09-29 09:14:59,911 [380230e5-39f9-49de-9a23-78c86f98f3f3-groupManagement] INFO  server.RaftServerConfigKeys (ConfUtils.java:logGet(46)) - raft.server.log.unsafe-flush.enabled = false (default)
2023-09-29 09:14:59,911 [380230e5-39f9-49de-9a23-78c86f98f3f3-groupManagement] INFO  server.RaftServerConfigKeys (ConfUtils.java:logGet(46)) - raft.server.log.async-flush.enabled = false (default)
2023-09-29 09:14:59,911 [380230e5-39f9-49de-9a23-78c86f98f3f3-groupManagement] INFO  server.RaftServerConfigKeys (ConfUtils.java:logGet(46)) - raft.server.log.statemachine.data.caching.enabled = true (custom)
2023-09-29 09:14:59,911 [380230e5-39f9-49de-9a23-78c86f98f3f3-groupManagement] INFO  segmented.SegmentedRaftLogWorker (SegmentedRaftLogWorker.java:lambda$new$0(135)) - 380230e5-39f9-49de-9a23-78c86f98f3f3@group-FD3FFEA034FD-SegmentedRaftLogWorker: flushIndex: setUnconditionally 0 -> -1
2023-09-29 09:14:59,911 [380230e5-39f9-49de-9a23-78c86f98f3f3-groupManagement] INFO  segmented.SegmentedRaftLogWorker (SegmentedRaftLogWorker.java:lambda$new$0(135)) - 380230e5-39f9-49de-9a23-78c86f98f3f3@group-FD3FFEA034FD-SegmentedRaftLogWorker: safeCacheEvictIndex: setUnconditionally 0 -> -1
2023-09-29 09:14:59,912 [380230e5-39f9-49de-9a23-78c86f98f3f3-groupManagement] INFO  server.RaftServer$Division (RaftServerImpl.java:start(342)) - 380230e5-39f9-49de-9a23-78c86f98f3f3@group-FD3FFEA034FD: start as a follower, conf=-1: peers:[10e0b218-8303-4db1-a541-e155d4944b6e|rpc:10.1.0.30:15085|admin:10.1.0.30:15084|client:10.1.0.30:15083|dataStream:10.1.0.30:15086|priority:0|startupRole:FOLLOWER, 3a494423-7ff4-4963-8d96-e6fb16151c55|rpc:10.1.0.30:15076|admin:10.1.0.30:15075|client:10.1.0.30:15074|dataStream:10.1.0.30:15077|priority:1|startupRole:FOLLOWER, 380230e5-39f9-49de-9a23-78c86f98f3f3|rpc:10.1.0.30:15067|admin:10.1.0.30:15066|client:10.1.0.30:15065|dataStream:10.1.0.30:15068|priority:0|startupRole:FOLLOWER]|listeners:[], old=null
2023-09-29 09:14:59,912 [380230e5-39f9-49de-9a23-78c86f98f3f3-groupManagement] INFO  server.RaftServer$Division (RaftServerImpl.java:setRole(329)) - 380230e5-39f9-49de-9a23-78c86f98f3f3@group-FD3FFEA034FD: changes role from      null to FOLLOWER at term 0 for startAsFollower
2023-09-29 09:14:59,912 [380230e5-39f9-49de-9a23-78c86f98f3f3-groupManagement] INFO  impl.RoleInfo (RoleInfo.java:updateAndGet(139)) - 380230e5-39f9-49de-9a23-78c86f98f3f3: start 380230e5-39f9-49de-9a23-78c86f98f3f3@group-FD3FFEA034FD-FollowerState
2023-09-29 09:14:59,916 [380230e5-39f9-49de-9a23-78c86f98f3f3-groupManagement] INFO  util.JmxRegister (JmxRegister.java:tryRegister(44)) - Successfully registered JMX Bean with object name Ratis:service=RaftServer,group=group-FD3FFEA034FD,id=380230e5-39f9-49de-9a23-78c86f98f3f3
2023-09-29 09:14:59,916 [380230e5-39f9-49de-9a23-78c86f98f3f3-groupManagement] INFO  server.RaftServerConfigKeys (ConfUtils.java:logGet(46)) - raft.server.snapshot.auto.trigger.enabled = true (custom)
2023-09-29 09:14:59,916 [380230e5-39f9-49de-9a23-78c86f98f3f3-groupManagement] INFO  server.RaftServerConfigKeys (ConfUtils.java:logGet(46)) - raft.server.snapshot.auto.trigger.threshold = 10000 (custom)
2023-09-29 09:14:59,916 [380230e5-39f9-49de-9a23-78c86f98f3f3-groupManagement] INFO  server.RaftServerConfigKeys (ConfUtils.java:logGet(46)) - raft.server.snapshot.retention.file.num = 5 (custom)
2023-09-29 09:14:59,916 [380230e5-39f9-49de-9a23-78c86f98f3f3-groupManagement] INFO  server.RaftServerConfigKeys (ConfUtils.java:logGet(46)) - raft.server.log.purge.upto.snapshot.index = false (default)
2023-09-29 09:14:59,917 [380230e5-39f9-49de-9a23-78c86f98f3f3@group-FD3FFEA034FD-FollowerState] INFO  server.RaftServerConfigKeys (ConfUtils.java:logFallback(53)) - raft.server.rpc.first-election.timeout.min = 5s (fallback to raft.server.rpc.timeout.min)
2023-09-29 09:14:59,917 [380230e5-39f9-49de-9a23-78c86f98f3f3@group-FD3FFEA034FD-FollowerState] INFO  server.RaftServerConfigKeys (ConfUtils.java:logFallback(53)) - raft.server.rpc.first-election.timeout.max = 5200ms (fallback to raft.server.rpc.timeout.max)
2023-09-29 09:14:59,917 [PipelineCommandHandlerThread-0] INFO  ratis.XceiverServerRatis (XceiverServerRatis.java:addGroup(804)) - Created group PipelineID=bb865f4c-78dd-4156-a10a-fd3ffea034fd
2023-09-29 09:14:59,943 [grpc-default-executor-3] INFO  server.RaftServer (RaftServerProxy.java:addNew(98)) - 10e0b218-8303-4db1-a541-e155d4944b6e: addNew group-FD3FFEA034FD:[10e0b218-8303-4db1-a541-e155d4944b6e|rpc:10.1.0.30:15085|admin:10.1.0.30:15084|client:10.1.0.30:15083|dataStream:10.1.0.30:15086|priority:0|startupRole:FOLLOWER, 3a494423-7ff4-4963-8d96-e6fb16151c55|rpc:10.1.0.30:15076|admin:10.1.0.30:15075|client:10.1.0.30:15074|dataStream:10.1.0.30:15077|priority:1|startupRole:FOLLOWER, 380230e5-39f9-49de-9a23-78c86f98f3f3|rpc:10.1.0.30:15067|admin:10.1.0.30:15066|client:10.1.0.30:15065|dataStream:10.1.0.30:15068|priority:0|startupRole:FOLLOWER] returns group-FD3FFEA034FD:java.util.concurrent.CompletableFuture@5244d075[Not completed]
2023-09-29 09:14:59,945 [10e0b218-8303-4db1-a541-e155d4944b6e-groupManagement] INFO  server.RaftServer$Division (RaftServerImpl.java:<init>(198)) - 10e0b218-8303-4db1-a541-e155d4944b6e: new RaftServerImpl for group-FD3FFEA034FD:[10e0b218-8303-4db1-a541-e155d4944b6e|rpc:10.1.0.30:15085|admin:10.1.0.30:15084|client:10.1.0.30:15083|dataStream:10.1.0.30:15086|priority:0|startupRole:FOLLOWER, 3a494423-7ff4-4963-8d96-e6fb16151c55|rpc:10.1.0.30:15076|admin:10.1.0.30:15075|client:10.1.0.30:15074|dataStream:10.1.0.30:15077|priority:1|startupRole:FOLLOWER, 380230e5-39f9-49de-9a23-78c86f98f3f3|rpc:10.1.0.30:15067|admin:10.1.0.30:15066|client:10.1.0.30:15065|dataStream:10.1.0.30:15068|priority:0|startupRole:FOLLOWER] with ContainerStateMachine:uninitialized
2023-09-29 09:14:59,945 [10e0b218-8303-4db1-a541-e155d4944b6e-groupManagement] INFO  server.RaftServerConfigKeys (ConfUtils.java:logGet(46)) - raft.server.rpc.timeout.min = 5s (custom)
2023-09-29 09:14:59,945 [10e0b218-8303-4db1-a541-e155d4944b6e-groupManagement] INFO  server.RaftServerConfigKeys (ConfUtils.java:logGet(46)) - raft.server.rpc.timeout.max = 5200ms (custom)
2023-09-29 09:14:59,945 [10e0b218-8303-4db1-a541-e155d4944b6e-groupManagement] INFO  server.RaftServerConfigKeys (ConfUtils.java:logGet(46)) - raft.server.rpc.sleep.time = 25ms (default)
2023-09-29 09:14:59,945 [10e0b218-8303-4db1-a541-e155d4944b6e-groupManagement] INFO  server.RaftServerConfigKeys (ConfUtils.java:logGet(46)) - raft.server.rpc.slowness.timeout = 300s (custom)
2023-09-29 09:14:59,945 [10e0b218-8303-4db1-a541-e155d4944b6e-groupManagement] INFO  server.RaftServerConfigKeys (ConfUtils.java:logGet(46)) - raft.server.leaderelection.leader.step-down.wait-time = 10s (default)
2023-09-29 09:14:59,945 [10e0b218-8303-4db1-a541-e155d4944b6e-groupManagement] INFO  server.RaftServerConfigKeys (ConfUtils.java:logGet(46)) - raft.server.sleep.deviation.threshold = 300ms (default)
2023-09-29 09:14:59,945 [10e0b218-8303-4db1-a541-e155d4944b6e-groupManagement] INFO  server.RaftServer$Division (ServerState.java:<init>(120)) - 10e0b218-8303-4db1-a541-e155d4944b6e@group-FD3FFEA034FD: ConfigurationManager, init=-1: peers:[10e0b218-8303-4db1-a541-e155d4944b6e|rpc:10.1.0.30:15085|admin:10.1.0.30:15084|client:10.1.0.30:15083|dataStream:10.1.0.30:15086|priority:0|startupRole:FOLLOWER, 3a494423-7ff4-4963-8d96-e6fb16151c55|rpc:10.1.0.30:15076|admin:10.1.0.30:15075|client:10.1.0.30:15074|dataStream:10.1.0.30:15077|priority:1|startupRole:FOLLOWER, 380230e5-39f9-49de-9a23-78c86f98f3f3|rpc:10.1.0.30:15067|admin:10.1.0.30:15066|client:10.1.0.30:15065|dataStream:10.1.0.30:15068|priority:0|startupRole:FOLLOWER]|listeners:[], old=null, confs=<EMPTY_MAP>
2023-09-29 09:14:59,945 [10e0b218-8303-4db1-a541-e155d4944b6e-groupManagement] INFO  server.RaftServerConfigKeys (ConfUtils.java:logGet(46)) - raft.server.storage.dir = [/home/runner/work/ozone/ozone/hadoop-ozone/integration-test/target/test-dir/MiniOzoneClusterImpl-23fe215d-70cc-4cc8-8e82-38d5ce4d8890/datanode-2/data/ratis] (custom)
2023-09-29 09:14:59,946 [10e0b218-8303-4db1-a541-e155d4944b6e-groupManagement] INFO  server.RaftServerConfigKeys (ConfUtils.java:logGet(46)) - raft.server.log.corruption.policy = EXCEPTION (default)
2023-09-29 09:14:59,946 [10e0b218-8303-4db1-a541-e155d4944b6e-groupManagement] INFO  server.RaftServerConfigKeys (ConfUtils.java:logGet(46)) - raft.server.storage.free-space.min = 0MB (=0) (default)
2023-09-29 09:14:59,946 [10e0b218-8303-4db1-a541-e155d4944b6e-groupManagement] INFO  server.RaftServerConfigKeys (ConfUtils.java:logGet(46)) - raft.server.notification.no-leader.timeout = 300s (custom)
2023-09-29 09:14:59,946 [10e0b218-8303-4db1-a541-e155d4944b6e-groupManagement] INFO  server.RaftServerConfigKeys (ConfUtils.java:logGet(46)) - raft.server.read.timeout = 10s (default)
2023-09-29 09:14:59,946 [10e0b218-8303-4db1-a541-e155d4944b6e-groupManagement] INFO  server.RaftServerConfigKeys (ConfUtils.java:logGet(46)) - raft.server.retrycache.expirytime = 600000ms (custom)
2023-09-29 09:14:59,946 [10e0b218-8303-4db1-a541-e155d4944b6e-groupManagement] INFO  server.RaftServerConfigKeys (ConfUtils.java:logGet(46)) - raft.server.retrycache.statistics.expirytime = 100μs (default)
2023-09-29 09:14:59,946 [10e0b218-8303-4db1-a541-e155d4944b6e-groupManagement] INFO  server.RaftServerConfigKeys (ConfUtils.java:logGet(46)) - raft.server.read.option = DEFAULT (default)
2023-09-29 09:14:59,947 [10e0b218-8303-4db1-a541-e155d4944b6e-groupManagement] INFO  server.RaftServerConfigKeys (ConfUtils.java:logGet(46)) - raft.server.rpc.request.timeout = 60s (custom)
2023-09-29 09:14:59,947 [10e0b218-8303-4db1-a541-e155d4944b6e-groupManagement] INFO  server.RaftServerConfigKeys (ConfUtils.java:logGet(46)) - raft.server.log.appender.install.snapshot.enabled = false (custom)
2023-09-29 09:14:59,951 [10e0b218-8303-4db1-a541-e155d4944b6e-groupManagement] INFO  server.RaftServerConfigKeys (ConfUtils.java:logGet(46)) - raft.server.threadpool.server.cached = true (default)
2023-09-29 09:14:59,951 [10e0b218-8303-4db1-a541-e155d4944b6e-groupManagement] INFO  server.RaftServerConfigKeys (ConfUtils.java:logGet(46)) - raft.server.threadpool.server.size = 0 (default)
2023-09-29 09:14:59,951 [10e0b218-8303-4db1-a541-e155d4944b6e-groupManagement] INFO  server.RaftServerConfigKeys (ConfUtils.java:logGet(46)) - raft.server.threadpool.client.cached = true (default)
2023-09-29 09:14:59,951 [10e0b218-8303-4db1-a541-e155d4944b6e-groupManagement] INFO  server.RaftServerConfigKeys (ConfUtils.java:logGet(46)) - raft.server.threadpool.client.size = 0 (default)
2023-09-29 09:14:59,951 [10e0b218-8303-4db1-a541-e155d4944b6e-groupManagement] INFO  storage.RaftStorageDirectory (RaftStorageDirectoryImpl.java:analyzeStorage(137)) - The storage directory /home/runner/work/ozone/ozone/hadoop-ozone/integration-test/target/test-dir/MiniOzoneClusterImpl-23fe215d-70cc-4cc8-8e82-38d5ce4d8890/datanode-2/data/ratis/bb865f4c-78dd-4156-a10a-fd3ffea034fd does not exist. Creating ...
2023-09-29 09:14:59,952 [10e0b218-8303-4db1-a541-e155d4944b6e-groupManagement] INFO  storage.RaftStorageDirectory (RaftStorageDirectoryImpl.java:tryLock(231)) - Lock on /home/runner/work/ozone/ozone/hadoop-ozone/integration-test/target/test-dir/MiniOzoneClusterImpl-23fe215d-70cc-4cc8-8e82-38d5ce4d8890/datanode-2/data/ratis/bb865f4c-78dd-4156-a10a-fd3ffea034fd/in_use.lock acquired by nodename 20785@fv-az83-343
2023-09-29 09:14:59,954 [10e0b218-8303-4db1-a541-e155d4944b6e-groupManagement] INFO  storage.RaftStorage (RaftStorageImpl.java:format(96)) - Storage directory /home/runner/work/ozone/ozone/hadoop-ozone/integration-test/target/test-dir/MiniOzoneClusterImpl-23fe215d-70cc-4cc8-8e82-38d5ce4d8890/datanode-2/data/ratis/bb865f4c-78dd-4156-a10a-fd3ffea034fd has been successfully formatted.
2023-09-29 09:14:59,957 [10e0b218-8303-4db1-a541-e155d4944b6e-groupManagement] INFO  ratis.ContainerStateMachine (ContainerStateMachine.java:loadSnapshot(262)) - group-FD3FFEA034FD: The snapshot info is null. Setting the last applied indexto:(t:0, i:~)
2023-09-29 09:14:59,958 [10e0b218-8303-4db1-a541-e155d4944b6e-groupManagement] INFO  server.RaftServerConfigKeys (ConfUtils.java:logGet(46)) - raft.server.log.use.memory = false (default)
2023-09-29 09:14:59,958 [10e0b218-8303-4db1-a541-e155d4944b6e-groupManagement] INFO  server.RaftServerConfigKeys (ConfUtils.java:logGet(46)) - raft.server.log.purge.gap = 1000000 (custom)
2023-09-29 09:14:59,958 [10e0b218-8303-4db1-a541-e155d4944b6e-groupManagement] INFO  server.RaftServerConfigKeys (ConfUtils.java:logGet(46)) - raft.server.log.appender.buffer.byte-limit = 33554432 (custom)
2023-09-29 09:14:59,958 [10e0b218-8303-4db1-a541-e155d4944b6e-groupManagement] INFO  server.RaftServerConfigKeys (ConfUtils.java:logGet(46)) - raft.server.log.statemachine.data.read.timeout = 1000ms (default)
2023-09-29 09:14:59,958 [10e0b218-8303-4db1-a541-e155d4944b6e-groupManagement] INFO  server.RaftServerConfigKeys (ConfUtils.java:logGet(46)) - raft.server.log.purge.preservation.log.num = 0 (default)
2023-09-29 09:14:59,958 [10e0b218-8303-4db1-a541-e155d4944b6e-groupManagement] INFO  server.RaftServerConfigKeys (ConfUtils.java:logGet(46)) - raft.server.log.segment.size.max = 1048576 (custom)
2023-09-29 09:14:59,958 [10e0b218-8303-4db1-a541-e155d4944b6e-groupManagement] INFO  server.RaftServerConfigKeys (ConfUtils.java:logGet(46)) - raft.server.log.segment.cache.num.max = 2 (custom)
2023-09-29 09:14:59,959 [10e0b218-8303-4db1-a541-e155d4944b6e-groupManagement] INFO  server.RaftServerConfigKeys (ConfUtils.java:logGet(46)) - raft.server.log.segment.cache.size.max = 200MB (=209715200) (default)
2023-09-29 09:14:59,959 [10e0b218-8303-4db1-a541-e155d4944b6e-groupManagement] INFO  server.RaftServerConfigKeys (ConfUtils.java:logGet(46)) - raft.server.log.appender.buffer.byte-limit = 33554432 (custom)
2023-09-29 09:14:59,959 [10e0b218-8303-4db1-a541-e155d4944b6e-groupManagement] INFO  segmented.SegmentedRaftLogWorker (SegmentedRaftLogWorker.java:<init>(188)) - new 10e0b218-8303-4db1-a541-e155d4944b6e@group-FD3FFEA034FD-SegmentedRaftLogWorker for RaftStorageImpl:Storage Directory /home/runner/work/ozone/ozone/hadoop-ozone/integration-test/target/test-dir/MiniOzoneClusterImpl-23fe215d-70cc-4cc8-8e82-38d5ce4d8890/datanode-2/data/ratis/bb865f4c-78dd-4156-a10a-fd3ffea034fd
2023-09-29 09:14:59,959 [10e0b218-8303-4db1-a541-e155d4944b6e-groupManagement] INFO  server.RaftServerConfigKeys (ConfUtils.java:logGet(46)) - raft.server.log.queue.byte-limit = 4294967296 (custom)
2023-09-29 09:14:59,959 [10e0b218-8303-4db1-a541-e155d4944b6e-groupManagement] INFO  server.RaftServerConfigKeys (ConfUtils.java:logGet(46)) - raft.server.log.queue.element-limit = 1024 (custom)
2023-09-29 09:14:59,960 [10e0b218-8303-4db1-a541-e155d4944b6e-groupManagement] INFO  server.RaftServerConfigKeys (ConfUtils.java:logGet(46)) - raft.server.log.segment.size.max = 1048576 (custom)
2023-09-29 09:14:59,961 [10e0b218-8303-4db1-a541-e155d4944b6e-groupManagement] INFO  server.RaftServerConfigKeys (ConfUtils.java:logGet(46)) - raft.server.log.preallocated.size = 16384 (custom)
2023-09-29 09:14:59,961 [10e0b218-8303-4db1-a541-e155d4944b6e-groupManagement] INFO  server.RaftServerConfigKeys (ConfUtils.java:logGet(46)) - raft.server.log.force.sync.num = 128 (default)
2023-09-29 09:14:59,961 [10e0b218-8303-4db1-a541-e155d4944b6e-groupManagement] INFO  server.RaftServerConfigKeys (ConfUtils.java:logGet(46)) - raft.server.log.statemachine.data.sync = true (default)
2023-09-29 09:14:59,961 [10e0b218-8303-4db1-a541-e155d4944b6e-groupManagement] INFO  server.RaftServerConfigKeys (ConfUtils.java:logGet(46)) - raft.server.log.statemachine.data.sync.timeout = 10s (default)
2023-09-29 09:14:59,961 [10e0b218-8303-4db1-a541-e155d4944b6e-groupManagement] INFO  server.RaftServerConfigKeys (ConfUtils.java:logGet(46)) - raft.server.log.statemachine.data.sync.timeout.retry = -1 (default)
2023-09-29 09:14:59,962 [10e0b218-8303-4db1-a541-e155d4944b6e-groupManagement] INFO  server.RaftServerConfigKeys (ConfUtils.java:logGet(46)) - raft.server.log.write.buffer.size = 1048576 (custom)
2023-09-29 09:14:59,963 [10e0b218-8303-4db1-a541-e155d4944b6e-groupManagement] INFO  server.RaftServerConfigKeys (ConfUtils.java:logGet(46)) - raft.server.log.appender.buffer.byte-limit = 33554432 (custom)
2023-09-29 09:14:59,969 [10e0b218-8303-4db1-a541-e155d4944b6e-groupManagement] INFO  server.RaftServerConfigKeys (ConfUtils.java:logGet(46)) - raft.server.log.unsafe-flush.enabled = false (default)
2023-09-29 09:14:59,969 [10e0b218-8303-4db1-a541-e155d4944b6e-groupManagement] INFO  server.RaftServerConfigKeys (ConfUtils.java:logGet(46)) - raft.server.log.async-flush.enabled = false (default)
2023-09-29 09:14:59,969 [10e0b218-8303-4db1-a541-e155d4944b6e-groupManagement] INFO  server.RaftServerConfigKeys (ConfUtils.java:logGet(46)) - raft.server.log.statemachine.data.caching.enabled = true (custom)
2023-09-29 09:14:59,969 [10e0b218-8303-4db1-a541-e155d4944b6e-groupManagement] INFO  segmented.SegmentedRaftLogWorker (SegmentedRaftLogWorker.java:lambda$new$0(135)) - 10e0b218-8303-4db1-a541-e155d4944b6e@group-FD3FFEA034FD-SegmentedRaftLogWorker: flushIndex: setUnconditionally 0 -> -1
2023-09-29 09:14:59,969 [10e0b218-8303-4db1-a541-e155d4944b6e-groupManagement] INFO  segmented.SegmentedRaftLogWorker (SegmentedRaftLogWorker.java:lambda$new$0(135)) - 10e0b218-8303-4db1-a541-e155d4944b6e@group-FD3FFEA034FD-SegmentedRaftLogWorker: safeCacheEvictIndex: setUnconditionally 0 -> -1
2023-09-29 09:14:59,970 [10e0b218-8303-4db1-a541-e155d4944b6e-groupManagement] INFO  server.RaftServer$Division (RaftServerImpl.java:start(342)) - 10e0b218-8303-4db1-a541-e155d4944b6e@group-FD3FFEA034FD: start as a follower, conf=-1: peers:[10e0b218-8303-4db1-a541-e155d4944b6e|rpc:10.1.0.30:15085|admin:10.1.0.30:15084|client:10.1.0.30:15083|dataStream:10.1.0.30:15086|priority:0|startupRole:FOLLOWER, 3a494423-7ff4-4963-8d96-e6fb16151c55|rpc:10.1.0.30:15076|admin:10.1.0.30:15075|client:10.1.0.30:15074|dataStream:10.1.0.30:15077|priority:1|startupRole:FOLLOWER, 380230e5-39f9-49de-9a23-78c86f98f3f3|rpc:10.1.0.30:15067|admin:10.1.0.30:15066|client:10.1.0.30:15065|dataStream:10.1.0.30:15068|priority:0|startupRole:FOLLOWER]|listeners:[], old=null
2023-09-29 09:14:59,970 [10e0b218-8303-4db1-a541-e155d4944b6e-groupManagement] INFO  server.RaftServer$Division (RaftServerImpl.java:setRole(329)) - 10e0b218-8303-4db1-a541-e155d4944b6e@group-FD3FFEA034FD: changes role from      null to FOLLOWER at term 0 for startAsFollower
2023-09-29 09:14:59,970 [10e0b218-8303-4db1-a541-e155d4944b6e-groupManagement] INFO  impl.RoleInfo (RoleInfo.java:updateAndGet(139)) - 10e0b218-8303-4db1-a541-e155d4944b6e: start 10e0b218-8303-4db1-a541-e155d4944b6e@group-FD3FFEA034FD-FollowerState
2023-09-29 09:14:59,970 [10e0b218-8303-4db1-a541-e155d4944b6e-groupManagement] INFO  util.JmxRegister (JmxRegister.java:tryRegister(44)) - Successfully registered JMX Bean with object name Ratis:service=RaftServer,group=group-FD3FFEA034FD,id=10e0b218-8303-4db1-a541-e155d4944b6e
2023-09-29 09:14:59,971 [10e0b218-8303-4db1-a541-e155d4944b6e-groupManagement] INFO  server.RaftServerConfigKeys (ConfUtils.java:logGet(46)) - raft.server.snapshot.auto.trigger.enabled = true (custom)
2023-09-29 09:14:59,971 [10e0b218-8303-4db1-a541-e155d4944b6e-groupManagement] INFO  server.RaftServerConfigKeys (ConfUtils.java:logGet(46)) - raft.server.snapshot.auto.trigger.threshold = 10000 (custom)
2023-09-29 09:14:59,971 [10e0b218-8303-4db1-a541-e155d4944b6e-groupManagement] INFO  server.RaftServerConfigKeys (ConfUtils.java:logGet(46)) - raft.server.snapshot.retention.file.num = 5 (custom)
2023-09-29 09:14:59,971 [10e0b218-8303-4db1-a541-e155d4944b6e-groupManagement] INFO  server.RaftServerConfigKeys (ConfUtils.java:logGet(46)) - raft.server.log.purge.upto.snapshot.index = false (default)
2023-09-29 09:14:59,971 [10e0b218-8303-4db1-a541-e155d4944b6e@group-FD3FFEA034FD-FollowerState] INFO  server.RaftServerConfigKeys (ConfUtils.java:logFallback(53)) - raft.server.rpc.first-election.timeout.min = 5s (fallback to raft.server.rpc.timeout.min)
2023-09-29 09:14:59,971 [10e0b218-8303-4db1-a541-e155d4944b6e@group-FD3FFEA034FD-FollowerState] INFO  server.RaftServerConfigKeys (ConfUtils.java:logFallback(53)) - raft.server.rpc.first-election.timeout.max = 5200ms (fallback to raft.server.rpc.timeout.max)
2023-09-29 09:14:59,998 [grpc-default-executor-3] INFO  server.RaftServer (RaftServerProxy.java:addNew(98)) - 3a494423-7ff4-4963-8d96-e6fb16151c55: addNew group-FD3FFEA034FD:[10e0b218-8303-4db1-a541-e155d4944b6e|rpc:10.1.0.30:15085|admin:10.1.0.30:15084|client:10.1.0.30:15083|dataStream:10.1.0.30:15086|priority:0|startupRole:FOLLOWER, 3a494423-7ff4-4963-8d96-e6fb16151c55|rpc:10.1.0.30:15076|admin:10.1.0.30:15075|client:10.1.0.30:15074|dataStream:10.1.0.30:15077|priority:1|startupRole:FOLLOWER, 380230e5-39f9-49de-9a23-78c86f98f3f3|rpc:10.1.0.30:15067|admin:10.1.0.30:15066|client:10.1.0.30:15065|dataStream:10.1.0.30:15068|priority:0|startupRole:FOLLOWER] returns group-FD3FFEA034FD:java.util.concurrent.CompletableFuture@285081f9[Not completed]
2023-09-29 09:15:00,002 [3a494423-7ff4-4963-8d96-e6fb16151c55-groupManagement] INFO  server.RaftServer$Division (RaftServerImpl.java:<init>(198)) - 3a494423-7ff4-4963-8d96-e6fb16151c55: new RaftServerImpl for group-FD3FFEA034FD:[10e0b218-8303-4db1-a541-e155d4944b6e|rpc:10.1.0.30:15085|admin:10.1.0.30:15084|client:10.1.0.30:15083|dataStream:10.1.0.30:15086|priority:0|startupRole:FOLLOWER, 3a494423-7ff4-4963-8d96-e6fb16151c55|rpc:10.1.0.30:15076|admin:10.1.0.30:15075|client:10.1.0.30:15074|dataStream:10.1.0.30:15077|priority:1|startupRole:FOLLOWER, 380230e5-39f9-49de-9a23-78c86f98f3f3|rpc:10.1.0.30:15067|admin:10.1.0.30:15066|client:10.1.0.30:15065|dataStream:10.1.0.30:15068|priority:0|startupRole:FOLLOWER] with ContainerStateMachine:uninitialized
2023-09-29 09:15:00,002 [3a494423-7ff4-4963-8d96-e6fb16151c55-groupManagement] INFO  server.RaftServerConfigKeys (ConfUtils.java:logGet(46)) - raft.server.rpc.timeout.min = 5s (custom)
2023-09-29 09:15:00,002 [3a494423-7ff4-4963-8d96-e6fb16151c55-groupManagement] INFO  server.RaftServerConfigKeys (ConfUtils.java:logGet(46)) - raft.server.rpc.timeout.max = 5200ms (custom)
2023-09-29 09:15:00,002 [3a494423-7ff4-4963-8d96-e6fb16151c55-groupManagement] INFO  server.RaftServerConfigKeys (ConfUtils.java:logGet(46)) - raft.server.rpc.sleep.time = 25ms (default)
2023-09-29 09:15:00,002 [3a494423-7ff4-4963-8d96-e6fb16151c55-groupManagement] INFO  server.RaftServerConfigKeys (ConfUtils.java:logGet(46)) - raft.server.rpc.slowness.timeout = 300s (custom)
2023-09-29 09:15:00,002 [3a494423-7ff4-4963-8d96-e6fb16151c55-groupManagement] INFO  server.RaftServerConfigKeys (ConfUtils.java:logGet(46)) - raft.server.leaderelection.leader.step-down.wait-time = 10s (default)
2023-09-29 09:15:00,003 [3a494423-7ff4-4963-8d96-e6fb16151c55-groupManagement] INFO  server.RaftServerConfigKeys (ConfUtils.java:logGet(46)) - raft.server.sleep.deviation.threshold = 300ms (default)
2023-09-29 09:15:00,003 [3a494423-7ff4-4963-8d96-e6fb16151c55-groupManagement] INFO  server.RaftServer$Division (ServerState.java:<init>(120)) - 3a494423-7ff4-4963-8d96-e6fb16151c55@group-FD3FFEA034FD: ConfigurationManager, init=-1: peers:[10e0b218-8303-4db1-a541-e155d4944b6e|rpc:10.1.0.30:15085|admin:10.1.0.30:15084|client:10.1.0.30:15083|dataStream:10.1.0.30:15086|priority:0|startupRole:FOLLOWER, 3a494423-7ff4-4963-8d96-e6fb16151c55|rpc:10.1.0.30:15076|admin:10.1.0.30:15075|client:10.1.0.30:15074|dataStream:10.1.0.30:15077|priority:1|startupRole:FOLLOWER, 380230e5-39f9-49de-9a23-78c86f98f3f3|rpc:10.1.0.30:15067|admin:10.1.0.30:15066|client:10.1.0.30:15065|dataStream:10.1.0.30:15068|priority:0|startupRole:FOLLOWER]|listeners:[], old=null, confs=<EMPTY_MAP>
2023-09-29 09:15:00,004 [3a494423-7ff4-4963-8d96-e6fb16151c55-groupManagement] INFO  server.RaftServerConfigKeys (ConfUtils.java:logGet(46)) - raft.server.storage.dir = [/home/runner/work/ozone/ozone/hadoop-ozone/integration-test/target/test-dir/MiniOzoneClusterImpl-23fe215d-70cc-4cc8-8e82-38d5ce4d8890/datanode-1/data/ratis] (custom)
2023-09-29 09:15:00,004 [3a494423-7ff4-4963-8d96-e6fb16151c55-groupManagement] INFO  server.RaftServerConfigKeys (ConfUtils.java:logGet(46)) - raft.server.log.corruption.policy = EXCEPTION (default)
2023-09-29 09:15:00,004 [3a494423-7ff4-4963-8d96-e6fb16151c55-groupManagement] INFO  server.RaftServerConfigKeys (ConfUtils.java:logGet(46)) - raft.server.storage.free-space.min = 0MB (=0) (default)
2023-09-29 09:15:00,005 [3a494423-7ff4-4963-8d96-e6fb16151c55-groupManagement] INFO  server.RaftServerConfigKeys (ConfUtils.java:logGet(46)) - raft.server.notification.no-leader.timeout = 300s (custom)
2023-09-29 09:15:00,005 [3a494423-7ff4-4963-8d96-e6fb16151c55-groupManagement] INFO  server.RaftServerConfigKeys (ConfUtils.java:logGet(46)) - raft.server.read.timeout = 10s (default)
2023-09-29 09:15:00,005 [3a494423-7ff4-4963-8d96-e6fb16151c55-groupManagement] INFO  server.RaftServerConfigKeys (ConfUtils.java:logGet(46)) - raft.server.retrycache.expirytime = 600000ms (custom)
2023-09-29 09:15:00,005 [3a494423-7ff4-4963-8d96-e6fb16151c55-groupManagement] INFO  server.RaftServerConfigKeys (ConfUtils.java:logGet(46)) - raft.server.retrycache.statistics.expirytime = 100μs (default)
2023-09-29 09:15:00,005 [3a494423-7ff4-4963-8d96-e6fb16151c55-groupManagement] INFO  server.RaftServerConfigKeys (ConfUtils.java:logGet(46)) - raft.server.read.option = DEFAULT (default)
2023-09-29 09:15:00,006 [3a494423-7ff4-4963-8d96-e6fb16151c55-groupManagement] INFO  server.RaftServerConfigKeys (ConfUtils.java:logGet(46)) - raft.server.rpc.request.timeout = 60s (custom)
2023-09-29 09:15:00,007 [3a494423-7ff4-4963-8d96-e6fb16151c55-groupManagement] INFO  server.RaftServerConfigKeys (ConfUtils.java:logGet(46)) - raft.server.log.appender.install.snapshot.enabled = false (custom)
2023-09-29 09:15:00,007 [3a494423-7ff4-4963-8d96-e6fb16151c55-groupManagement] INFO  server.RaftServerConfigKeys (ConfUtils.java:logGet(46)) - raft.server.threadpool.server.cached = true (default)
2023-09-29 09:15:00,007 [3a494423-7ff4-4963-8d96-e6fb16151c55-groupManagement] INFO  server.RaftServerConfigKeys (ConfUtils.java:logGet(46)) - raft.server.threadpool.server.size = 0 (default)
2023-09-29 09:15:00,007 [3a494423-7ff4-4963-8d96-e6fb16151c55-groupManagement] INFO  server.RaftServerConfigKeys (ConfUtils.java:logGet(46)) - raft.server.threadpool.client.cached = true (default)
2023-09-29 09:15:00,007 [3a494423-7ff4-4963-8d96-e6fb16151c55-groupManagement] INFO  server.RaftServerConfigKeys (ConfUtils.java:logGet(46)) - raft.server.threadpool.client.size = 0 (default)
2023-09-29 09:15:00,007 [3a494423-7ff4-4963-8d96-e6fb16151c55-groupManagement] INFO  storage.RaftStorageDirectory (RaftStorageDirectoryImpl.java:analyzeStorage(137)) - The storage directory /home/runner/work/ozone/ozone/hadoop-ozone/integration-test/target/test-dir/MiniOzoneClusterImpl-23fe215d-70cc-4cc8-8e82-38d5ce4d8890/datanode-1/data/ratis/bb865f4c-78dd-4156-a10a-fd3ffea034fd does not exist. Creating ...
2023-09-29 09:15:00,008 [3a494423-7ff4-4963-8d96-e6fb16151c55-groupManagement] INFO  storage.RaftStorageDirectory (RaftStorageDirectoryImpl.java:tryLock(231)) - Lock on /home/runner/work/ozone/ozone/hadoop-ozone/integration-test/target/test-dir/MiniOzoneClusterImpl-23fe215d-70cc-4cc8-8e82-38d5ce4d8890/datanode-1/data/ratis/bb865f4c-78dd-4156-a10a-fd3ffea034fd/in_use.lock acquired by nodename 20785@fv-az83-343
2023-09-29 09:15:00,011 [3a494423-7ff4-4963-8d96-e6fb16151c55-groupManagement] INFO  storage.RaftStorage (RaftStorageImpl.java:format(96)) - Storage directory /home/runner/work/ozone/ozone/hadoop-ozone/integration-test/target/test-dir/MiniOzoneClusterImpl-23fe215d-70cc-4cc8-8e82-38d5ce4d8890/datanode-1/data/ratis/bb865f4c-78dd-4156-a10a-fd3ffea034fd has been successfully formatted.
2023-09-29 09:15:00,012 [3a494423-7ff4-4963-8d96-e6fb16151c55-groupManagement] INFO  ratis.ContainerStateMachine (ContainerStateMachine.java:loadSnapshot(262)) - group-FD3FFEA034FD: The snapshot info is null. Setting the last applied indexto:(t:0, i:~)
2023-09-29 09:15:00,012 [3a494423-7ff4-4963-8d96-e6fb16151c55-groupManagement] INFO  server.RaftServerConfigKeys (ConfUtils.java:logGet(46)) - raft.server.log.use.memory = false (default)
2023-09-29 09:15:00,012 [3a494423-7ff4-4963-8d96-e6fb16151c55-groupManagement] INFO  server.RaftServerConfigKeys (ConfUtils.java:logGet(46)) - raft.server.log.purge.gap = 1000000 (custom)
2023-09-29 09:15:00,012 [3a494423-7ff4-4963-8d96-e6fb16151c55-groupManagement] INFO  server.RaftServerConfigKeys (ConfUtils.java:logGet(46)) - raft.server.log.appender.buffer.byte-limit = 33554432 (custom)
2023-09-29 09:15:00,013 [3a494423-7ff4-4963-8d96-e6fb16151c55-groupManagement] INFO  server.RaftServerConfigKeys (ConfUtils.java:logGet(46)) - raft.server.log.statemachine.data.read.timeout = 1000ms (default)
2023-09-29 09:15:00,013 [3a494423-7ff4-4963-8d96-e6fb16151c55-groupManagement] INFO  server.RaftServerConfigKeys (ConfUtils.java:logGet(46)) - raft.server.log.purge.preservation.log.num = 0 (default)
2023-09-29 09:15:00,013 [3a494423-7ff4-4963-8d96-e6fb16151c55-groupManagement] INFO  server.RaftServerConfigKeys (ConfUtils.java:logGet(46)) - raft.server.log.segment.size.max = 1048576 (custom)
2023-09-29 09:15:00,013 [3a494423-7ff4-4963-8d96-e6fb16151c55-groupManagement] INFO  server.RaftServerConfigKeys (ConfUtils.java:logGet(46)) - raft.server.log.segment.cache.num.max = 2 (custom)
2023-09-29 09:15:00,013 [3a494423-7ff4-4963-8d96-e6fb16151c55-groupManagement] INFO  server.RaftServerConfigKeys (ConfUtils.java:logGet(46)) - raft.server.log.segment.cache.size.max = 200MB (=209715200) (default)
2023-09-29 09:15:00,013 [3a494423-7ff4-4963-8d96-e6fb16151c55-groupManagement] INFO  server.RaftServerConfigKeys (ConfUtils.java:logGet(46)) - raft.server.log.appender.buffer.byte-limit = 33554432 (custom)
2023-09-29 09:15:00,014 [3a494423-7ff4-4963-8d96-e6fb16151c55-groupManagement] INFO  segmented.SegmentedRaftLogWorker (SegmentedRaftLogWorker.java:<init>(188)) - new 3a494423-7ff4-4963-8d96-e6fb16151c55@group-FD3FFEA034FD-SegmentedRaftLogWorker for RaftStorageImpl:Storage Directory /home/runner/work/ozone/ozone/hadoop-ozone/integration-test/target/test-dir/MiniOzoneClusterImpl-23fe215d-70cc-4cc8-8e82-38d5ce4d8890/datanode-1/data/ratis/bb865f4c-78dd-4156-a10a-fd3ffea034fd
2023-09-29 09:15:00,014 [3a494423-7ff4-4963-8d96-e6fb16151c55-groupManagement] INFO  server.RaftServerConfigKeys (ConfUtils.java:logGet(46)) - raft.server.log.queue.byte-limit = 4294967296 (custom)
2023-09-29 09:15:00,014 [3a494423-7ff4-4963-8d96-e6fb16151c55-groupManagement] INFO  server.RaftServerConfigKeys (ConfUtils.java:logGet(46)) - raft.server.log.queue.element-limit = 1024 (custom)
2023-09-29 09:15:00,014 [3a494423-7ff4-4963-8d96-e6fb16151c55-groupManagement] INFO  server.RaftServerConfigKeys (ConfUtils.java:logGet(46)) - raft.server.log.segment.size.max = 1048576 (custom)
2023-09-29 09:15:00,014 [3a494423-7ff4-4963-8d96-e6fb16151c55-groupManagement] INFO  server.RaftServerConfigKeys (ConfUtils.java:logGet(46)) - raft.server.log.preallocated.size = 16384 (custom)
2023-09-29 09:15:00,014 [3a494423-7ff4-4963-8d96-e6fb16151c55-groupManagement] INFO  server.RaftServerConfigKeys (ConfUtils.java:logGet(46)) - raft.server.log.force.sync.num = 128 (default)
2023-09-29 09:15:00,014 [3a494423-7ff4-4963-8d96-e6fb16151c55-groupManagement] INFO  server.RaftServerConfigKeys (ConfUtils.java:logGet(46)) - raft.server.log.statemachine.data.sync = true (default)
2023-09-29 09:15:00,014 [3a494423-7ff4-4963-8d96-e6fb16151c55-groupManagement] INFO  server.RaftServerConfigKeys (ConfUtils.java:logGet(46)) - raft.server.log.statemachine.data.sync.timeout = 10s (default)
2023-09-29 09:15:00,014 [3a494423-7ff4-4963-8d96-e6fb16151c55-groupManagement] INFO  server.RaftServerConfigKeys (ConfUtils.java:logGet(46)) - raft.server.log.statemachine.data.sync.timeout.retry = -1 (default)
2023-09-29 09:15:00,015 [3a494423-7ff4-4963-8d96-e6fb16151c55-groupManagement] INFO  server.RaftServerConfigKeys (ConfUtils.java:logGet(46)) - raft.server.log.write.buffer.size = 1048576 (custom)
2023-09-29 09:15:00,016 [3a494423-7ff4-4963-8d96-e6fb16151c55-groupManagement] INFO  server.RaftServerConfigKeys (ConfUtils.java:logGet(46)) - raft.server.log.appender.buffer.byte-limit = 33554432 (custom)
2023-09-29 09:15:00,022 [3a494423-7ff4-4963-8d96-e6fb16151c55-groupManagement] INFO  server.RaftServerConfigKeys (ConfUtils.java:logGet(46)) - raft.server.log.unsafe-flush.enabled = false (default)
2023-09-29 09:15:00,022 [3a494423-7ff4-4963-8d96-e6fb16151c55-groupManagement] INFO  server.RaftServerConfigKeys (ConfUtils.java:logGet(46)) - raft.server.log.async-flush.enabled = false (default)
2023-09-29 09:15:00,022 [3a494423-7ff4-4963-8d96-e6fb16151c55-groupManagement] INFO  server.RaftServerConfigKeys (ConfUtils.java:logGet(46)) - raft.server.log.statemachine.data.caching.enabled = true (custom)
2023-09-29 09:15:00,023 [3a494423-7ff4-4963-8d96-e6fb16151c55-groupManagement] INFO  segmented.SegmentedRaftLogWorker (SegmentedRaftLogWorker.java:lambda$new$0(135)) - 3a494423-7ff4-4963-8d96-e6fb16151c55@group-FD3FFEA034FD-SegmentedRaftLogWorker: flushIndex: setUnconditionally 0 -> -1
2023-09-29 09:15:00,023 [3a494423-7ff4-4963-8d96-e6fb16151c55-groupManagement] INFO  segmented.SegmentedRaftLogWorker (SegmentedRaftLogWorker.java:lambda$new$0(135)) - 3a494423-7ff4-4963-8d96-e6fb16151c55@group-FD3FFEA034FD-SegmentedRaftLogWorker: safeCacheEvictIndex: setUnconditionally 0 -> -1
2023-09-29 09:15:00,023 [3a494423-7ff4-4963-8d96-e6fb16151c55-groupManagement] INFO  server.RaftServer$Division (RaftServerImpl.java:start(342)) - 3a494423-7ff4-4963-8d96-e6fb16151c55@group-FD3FFEA034FD: start as a follower, conf=-1: peers:[10e0b218-8303-4db1-a541-e155d4944b6e|rpc:10.1.0.30:15085|admin:10.1.0.30:15084|client:10.1.0.30:15083|dataStream:10.1.0.30:15086|priority:0|startupRole:FOLLOWER, 3a494423-7ff4-4963-8d96-e6fb16151c55|rpc:10.1.0.30:15076|admin:10.1.0.30:15075|client:10.1.0.30:15074|dataStream:10.1.0.30:15077|priority:1|startupRole:FOLLOWER, 380230e5-39f9-49de-9a23-78c86f98f3f3|rpc:10.1.0.30:15067|admin:10.1.0.30:15066|client:10.1.0.30:15065|dataStream:10.1.0.30:15068|priority:0|startupRole:FOLLOWER]|listeners:[], old=null
2023-09-29 09:15:00,023 [3a494423-7ff4-4963-8d96-e6fb16151c55-groupManagement] INFO  server.RaftServer$Division (RaftServerImpl.java:setRole(329)) - 3a494423-7ff4-4963-8d96-e6fb16151c55@group-FD3FFEA034FD: changes role from      null to FOLLOWER at term 0 for startAsFollower
2023-09-29 09:15:00,023 [3a494423-7ff4-4963-8d96-e6fb16151c55-groupManagement] INFO  impl.RoleInfo (RoleInfo.java:updateAndGet(139)) - 3a494423-7ff4-4963-8d96-e6fb16151c55: start 3a494423-7ff4-4963-8d96-e6fb16151c55@group-FD3FFEA034FD-FollowerState
2023-09-29 09:15:00,023 [3a494423-7ff4-4963-8d96-e6fb16151c55@group-FD3FFEA034FD-FollowerState] INFO  server.RaftServerConfigKeys (ConfUtils.java:logFallback(53)) - raft.server.rpc.first-election.timeout.min = 5s (fallback to raft.server.rpc.timeout.min)
2023-09-29 09:15:00,023 [3a494423-7ff4-4963-8d96-e6fb16151c55-groupManagement] INFO  util.JmxRegister (JmxRegister.java:tryRegister(44)) - Successfully registered JMX Bean with object name Ratis:service=RaftServer,group=group-FD3FFEA034FD,id=3a494423-7ff4-4963-8d96-e6fb16151c55
2023-09-29 09:15:00,024 [3a494423-7ff4-4963-8d96-e6fb16151c55@group-FD3FFEA034FD-FollowerState] INFO  server.RaftServerConfigKeys (ConfUtils.java:logFallback(53)) - raft.server.rpc.first-election.timeout.max = 5200ms (fallback to raft.server.rpc.timeout.max)
2023-09-29 09:15:00,024 [3a494423-7ff4-4963-8d96-e6fb16151c55-groupManagement] INFO  server.RaftServerConfigKeys (ConfUtils.java:logGet(46)) - raft.server.snapshot.auto.trigger.enabled = true (custom)
2023-09-29 09:15:00,024 [3a494423-7ff4-4963-8d96-e6fb16151c55-groupManagement] INFO  server.RaftServerConfigKeys (ConfUtils.java:logGet(46)) - raft.server.snapshot.auto.trigger.threshold = 10000 (custom)
2023-09-29 09:15:00,024 [3a494423-7ff4-4963-8d96-e6fb16151c55-groupManagement] INFO  server.RaftServerConfigKeys (ConfUtils.java:logGet(46)) - raft.server.snapshot.retention.file.num = 5 (custom)
2023-09-29 09:15:00,024 [3a494423-7ff4-4963-8d96-e6fb16151c55-groupManagement] INFO  server.RaftServerConfigKeys (ConfUtils.java:logGet(46)) - raft.server.log.purge.upto.snapshot.index = false (default)
2023-09-29 09:15:00,033 [PipelineCommandHandlerThread-0] INFO  commandhandler.CreatePipelineCommandHandler (CreatePipelineCommandHandler.java:lambda$handle$2(124)) - Created Pipeline RATIS THREE PipelineID=bb865f4c-78dd-4156-a10a-fd3ffea034fd.
2023-09-29 09:15:00,034 [PipelineCommandHandlerThread-0] INFO  server.RaftServer (RaftServerProxy.java:addNew(98)) - 380230e5-39f9-49de-9a23-78c86f98f3f3: addNew group-E0A40844F82E:[10e0b218-8303-4db1-a541-e155d4944b6e|rpc:10.1.0.30:15085|admin:10.1.0.30:15084|client:10.1.0.30:15083|dataStream:10.1.0.30:15086|priority:0|startupRole:FOLLOWER, 3a494423-7ff4-4963-8d96-e6fb16151c55|rpc:10.1.0.30:15076|admin:10.1.0.30:15075|client:10.1.0.30:15074|dataStream:10.1.0.30:15077|priority:0|startupRole:FOLLOWER, 380230e5-39f9-49de-9a23-78c86f98f3f3|rpc:10.1.0.30:15067|admin:10.1.0.30:15066|client:10.1.0.30:15065|dataStream:10.1.0.30:15068|priority:1|startupRole:FOLLOWER] returns group-E0A40844F82E:java.util.concurrent.CompletableFuture@3c852850[Not completed]
2023-09-29 09:15:00,035 [380230e5-39f9-49de-9a23-78c86f98f3f3-groupManagement] INFO  server.RaftServer$Division (RaftServerImpl.java:<init>(198)) - 380230e5-39f9-49de-9a23-78c86f98f3f3: new RaftServerImpl for group-E0A40844F82E:[10e0b218-8303-4db1-a541-e155d4944b6e|rpc:10.1.0.30:15085|admin:10.1.0.30:15084|client:10.1.0.30:15083|dataStream:10.1.0.30:15086|priority:0|startupRole:FOLLOWER, 3a494423-7ff4-4963-8d96-e6fb16151c55|rpc:10.1.0.30:15076|admin:10.1.0.30:15075|client:10.1.0.30:15074|dataStream:10.1.0.30:15077|priority:0|startupRole:FOLLOWER, 380230e5-39f9-49de-9a23-78c86f98f3f3|rpc:10.1.0.30:15067|admin:10.1.0.30:15066|client:10.1.0.30:15065|dataStream:10.1.0.30:15068|priority:1|startupRole:FOLLOWER] with ContainerStateMachine:uninitialized
2023-09-29 09:15:00,035 [380230e5-39f9-49de-9a23-78c86f98f3f3-groupManagement] INFO  server.RaftServerConfigKeys (ConfUtils.java:logGet(46)) - raft.server.rpc.timeout.min = 5s (custom)
2023-09-29 09:15:00,035 [380230e5-39f9-49de-9a23-78c86f98f3f3-groupManagement] INFO  server.RaftServerConfigKeys (ConfUtils.java:logGet(46)) - raft.server.rpc.timeout.max = 5200ms (custom)
2023-09-29 09:15:00,035 [380230e5-39f9-49de-9a23-78c86f98f3f3-groupManagement] INFO  server.RaftServerConfigKeys (ConfUtils.java:logGet(46)) - raft.server.rpc.sleep.time = 25ms (default)
2023-09-29 09:15:00,035 [380230e5-39f9-49de-9a23-78c86f98f3f3-groupManagement] INFO  server.RaftServerConfigKeys (ConfUtils.java:logGet(46)) - raft.server.rpc.slowness.timeout = 300s (custom)
2023-09-29 09:15:00,035 [380230e5-39f9-49de-9a23-78c86f98f3f3-groupManagement] INFO  server.RaftServerConfigKeys (ConfUtils.java:logGet(46)) - raft.server.leaderelection.leader.step-down.wait-time = 10s (default)
2023-09-29 09:15:00,035 [380230e5-39f9-49de-9a23-78c86f98f3f3-groupManagement] INFO  server.RaftServerConfigKeys (ConfUtils.java:logGet(46)) - raft.server.sleep.deviation.threshold = 300ms (default)
2023-09-29 09:15:00,035 [380230e5-39f9-49de-9a23-78c86f98f3f3-groupManagement] INFO  server.RaftServer$Division (ServerState.java:<init>(120)) - 380230e5-39f9-49de-9a23-78c86f98f3f3@group-E0A40844F82E: ConfigurationManager, init=-1: peers:[10e0b218-8303-4db1-a541-e155d4944b6e|rpc:10.1.0.30:15085|admin:10.1.0.30:15084|client:10.1.0.30:15083|dataStream:10.1.0.30:15086|priority:0|startupRole:FOLLOWER, 3a494423-7ff4-4963-8d96-e6fb16151c55|rpc:10.1.0.30:15076|admin:10.1.0.30:15075|client:10.1.0.30:15074|dataStream:10.1.0.30:15077|priority:0|startupRole:FOLLOWER, 380230e5-39f9-49de-9a23-78c86f98f3f3|rpc:10.1.0.30:15067|admin:10.1.0.30:15066|client:10.1.0.30:15065|dataStream:10.1.0.30:15068|priority:1|startupRole:FOLLOWER]|listeners:[], old=null, confs=<EMPTY_MAP>
2023-09-29 09:15:00,035 [380230e5-39f9-49de-9a23-78c86f98f3f3-groupManagement] INFO  server.RaftServerConfigKeys (ConfUtils.java:logGet(46)) - raft.server.storage.dir = [/home/runner/work/ozone/ozone/hadoop-ozone/integration-test/target/test-dir/MiniOzoneClusterImpl-23fe215d-70cc-4cc8-8e82-38d5ce4d8890/datanode-0/data/ratis] (custom)
2023-09-29 09:15:00,036 [380230e5-39f9-49de-9a23-78c86f98f3f3-groupManagement] INFO  server.RaftServerConfigKeys (ConfUtils.java:logGet(46)) - raft.server.log.corruption.policy = EXCEPTION (default)
2023-09-29 09:15:00,036 [380230e5-39f9-49de-9a23-78c86f98f3f3-groupManagement] INFO  server.RaftServerConfigKeys (ConfUtils.java:logGet(46)) - raft.server.storage.free-space.min = 0MB (=0) (default)
2023-09-29 09:15:00,036 [380230e5-39f9-49de-9a23-78c86f98f3f3-groupManagement] INFO  server.RaftServerConfigKeys (ConfUtils.java:logGet(46)) - raft.server.notification.no-leader.timeout = 300s (custom)
2023-09-29 09:15:00,036 [380230e5-39f9-49de-9a23-78c86f98f3f3-groupManagement] INFO  server.RaftServerConfigKeys (ConfUtils.java:logGet(46)) - raft.server.read.timeout = 10s (default)
2023-09-29 09:15:00,036 [380230e5-39f9-49de-9a23-78c86f98f3f3-groupManagement] INFO  server.RaftServerConfigKeys (ConfUtils.java:logGet(46)) - raft.server.retrycache.expirytime = 600000ms (custom)
2023-09-29 09:15:00,036 [380230e5-39f9-49de-9a23-78c86f98f3f3-groupManagement] INFO  server.RaftServerConfigKeys (ConfUtils.java:logGet(46)) - raft.server.retrycache.statistics.expirytime = 100μs (default)
2023-09-29 09:15:00,036 [380230e5-39f9-49de-9a23-78c86f98f3f3-groupManagement] INFO  server.RaftServerConfigKeys (ConfUtils.java:logGet(46)) - raft.server.read.option = DEFAULT (default)
2023-09-29 09:15:00,038 [380230e5-39f9-49de-9a23-78c86f98f3f3-groupManagement] INFO  server.RaftServerConfigKeys (ConfUtils.java:logGet(46)) - raft.server.rpc.request.timeout = 60s (custom)
2023-09-29 09:15:00,038 [380230e5-39f9-49de-9a23-78c86f98f3f3-groupManagement] INFO  server.RaftServerConfigKeys (ConfUtils.java:logGet(46)) - raft.server.log.appender.install.snapshot.enabled = false (custom)
2023-09-29 09:15:00,038 [380230e5-39f9-49de-9a23-78c86f98f3f3-groupManagement] INFO  server.RaftServerConfigKeys (ConfUtils.java:logGet(46)) - raft.server.threadpool.server.cached = true (default)
2023-09-29 09:15:00,038 [380230e5-39f9-49de-9a23-78c86f98f3f3-groupManagement] INFO  server.RaftServerConfigKeys (ConfUtils.java:logGet(46)) - raft.server.threadpool.server.size = 0 (default)
2023-09-29 09:15:00,038 [380230e5-39f9-49de-9a23-78c86f98f3f3-groupManagement] INFO  server.RaftServerConfigKeys (ConfUtils.java:logGet(46)) - raft.server.threadpool.client.cached = true (default)
2023-09-29 09:15:00,038 [380230e5-39f9-49de-9a23-78c86f98f3f3-groupManagement] INFO  server.RaftServerConfigKeys (ConfUtils.java:logGet(46)) - raft.server.threadpool.client.size = 0 (default)
2023-09-29 09:15:00,038 [380230e5-39f9-49de-9a23-78c86f98f3f3-groupManagement] INFO  storage.RaftStorageDirectory (RaftStorageDirectoryImpl.java:analyzeStorage(137)) - The storage directory /home/runner/work/ozone/ozone/hadoop-ozone/integration-test/target/test-dir/MiniOzoneClusterImpl-23fe215d-70cc-4cc8-8e82-38d5ce4d8890/datanode-0/data/ratis/82ca702f-bac0-4790-b256-e0a40844f82e does not exist. Creating ...
2023-09-29 09:15:00,040 [380230e5-39f9-49de-9a23-78c86f98f3f3-groupManagement] INFO  storage.RaftStorageDirectory (RaftStorageDirectoryImpl.java:tryLock(231)) - Lock on /home/runner/work/ozone/ozone/hadoop-ozone/integration-test/target/test-dir/MiniOzoneClusterImpl-23fe215d-70cc-4cc8-8e82-38d5ce4d8890/datanode-0/data/ratis/82ca702f-bac0-4790-b256-e0a40844f82e/in_use.lock acquired by nodename 20785@fv-az83-343
2023-09-29 09:15:00,042 [380230e5-39f9-49de-9a23-78c86f98f3f3-groupManagement] INFO  storage.RaftStorage (RaftStorageImpl.java:format(96)) - Storage directory /home/runner/work/ozone/ozone/hadoop-ozone/integration-test/target/test-dir/MiniOzoneClusterImpl-23fe215d-70cc-4cc8-8e82-38d5ce4d8890/datanode-0/data/ratis/82ca702f-bac0-4790-b256-e0a40844f82e has been successfully formatted.
2023-09-29 09:15:00,043 [380230e5-39f9-49de-9a23-78c86f98f3f3-groupManagement] INFO  ratis.ContainerStateMachine (ContainerStateMachine.java:loadSnapshot(262)) - group-E0A40844F82E: The snapshot info is null. Setting the last applied indexto:(t:0, i:~)
2023-09-29 09:15:00,043 [380230e5-39f9-49de-9a23-78c86f98f3f3-groupManagement] INFO  server.RaftServerConfigKeys (ConfUtils.java:logGet(46)) - raft.server.log.use.memory = false (default)
2023-09-29 09:15:00,043 [380230e5-39f9-49de-9a23-78c86f98f3f3-groupManagement] INFO  server.RaftServerConfigKeys (ConfUtils.java:logGet(46)) - raft.server.log.purge.gap = 1000000 (custom)
2023-09-29 09:15:00,043 [380230e5-39f9-49de-9a23-78c86f98f3f3-groupManagement] INFO  server.RaftServerConfigKeys (ConfUtils.java:logGet(46)) - raft.server.log.appender.buffer.byte-limit = 33554432 (custom)
2023-09-29 09:15:00,043 [380230e5-39f9-49de-9a23-78c86f98f3f3-groupManagement] INFO  server.RaftServerConfigKeys (ConfUtils.java:logGet(46)) - raft.server.log.statemachine.data.read.timeout = 1000ms (default)
2023-09-29 09:15:00,043 [380230e5-39f9-49de-9a23-78c86f98f3f3-groupManagement] INFO  server.RaftServerConfigKeys (ConfUtils.java:logGet(46)) - raft.server.log.purge.preservation.log.num = 0 (default)
2023-09-29 09:15:00,044 [EventQueue-OpenPipelineForHealthyPipelineSafeModeRule] INFO  safemode.SCMSafeModeManager (HealthyPipelineSafeModeRule.java:process(137)) - SCM in safe mode. Healthy pipelines reported count is 0, required healthy pipeline reported count is 1
2023-09-29 09:15:00,044 [380230e5-39f9-49de-9a23-78c86f98f3f3-groupManagement] INFO  server.RaftServerConfigKeys (ConfUtils.java:logGet(46)) - raft.server.log.segment.size.max = 1048576 (custom)
2023-09-29 09:15:00,045 [380230e5-39f9-49de-9a23-78c86f98f3f3-groupManagement] INFO  server.RaftServerConfigKeys (ConfUtils.java:logGet(46)) - raft.server.log.segment.cache.num.max = 2 (custom)
2023-09-29 09:15:00,045 [380230e5-39f9-49de-9a23-78c86f98f3f3-groupManagement] INFO  server.RaftServerConfigKeys (ConfUtils.java:logGet(46)) - raft.server.log.segment.cache.size.max = 200MB (=209715200) (default)
2023-09-29 09:15:00,045 [380230e5-39f9-49de-9a23-78c86f98f3f3-groupManagement] INFO  server.RaftServerConfigKeys (ConfUtils.java:logGet(46)) - raft.server.log.appender.buffer.byte-limit = 33554432 (custom)
2023-09-29 09:15:00,045 [380230e5-39f9-49de-9a23-78c86f98f3f3-groupManagement] INFO  segmented.SegmentedRaftLogWorker (SegmentedRaftLogWorker.java:<init>(188)) - new 380230e5-39f9-49de-9a23-78c86f98f3f3@group-E0A40844F82E-SegmentedRaftLogWorker for RaftStorageImpl:Storage Directory /home/runner/work/ozone/ozone/hadoop-ozone/integration-test/target/test-dir/MiniOzoneClusterImpl-23fe215d-70cc-4cc8-8e82-38d5ce4d8890/datanode-0/data/ratis/82ca702f-bac0-4790-b256-e0a40844f82e
2023-09-29 09:15:00,045 [380230e5-39f9-49de-9a23-78c86f98f3f3-groupManagement] INFO  server.RaftServerConfigKeys (ConfUtils.java:logGet(46)) - raft.server.log.queue.byte-limit = 4294967296 (custom)
2023-09-29 09:15:00,045 [380230e5-39f9-49de-9a23-78c86f98f3f3-groupManagement] INFO  server.RaftServerConfigKeys (ConfUtils.java:logGet(46)) - raft.server.log.queue.element-limit = 1024 (custom)
2023-09-29 09:15:00,045 [380230e5-39f9-49de-9a23-78c86f98f3f3-groupManagement] INFO  server.RaftServerConfigKeys (ConfUtils.java:logGet(46)) - raft.server.log.segment.size.max = 1048576 (custom)
2023-09-29 09:15:00,045 [380230e5-39f9-49de-9a23-78c86f98f3f3-groupManagement] INFO  server.RaftServerConfigKeys (ConfUtils.java:logGet(46)) - raft.server.log.preallocated.size = 16384 (custom)
2023-09-29 09:15:00,045 [380230e5-39f9-49de-9a23-78c86f98f3f3-groupManagement] INFO  server.RaftServerConfigKeys (ConfUtils.java:logGet(46)) - raft.server.log.force.sync.num = 128 (default)
2023-09-29 09:15:00,047 [380230e5-39f9-49de-9a23-78c86f98f3f3-groupManagement] INFO  server.RaftServerConfigKeys (ConfUtils.java:logGet(46)) - raft.server.log.statemachine.data.sync = true (default)
2023-09-29 09:15:00,047 [380230e5-39f9-49de-9a23-78c86f98f3f3-groupManagement] INFO  server.RaftServerConfigKeys (ConfUtils.java:logGet(46)) - raft.server.log.statemachine.data.sync.timeout = 10s (default)
2023-09-29 09:15:00,047 [380230e5-39f9-49de-9a23-78c86f98f3f3-groupManagement] INFO  server.RaftServerConfigKeys (ConfUtils.java:logGet(46)) - raft.server.log.statemachine.data.sync.timeout.retry = -1 (default)
2023-09-29 09:15:00,047 [380230e5-39f9-49de-9a23-78c86f98f3f3-groupManagement] INFO  server.RaftServerConfigKeys (ConfUtils.java:logGet(46)) - raft.server.log.write.buffer.size = 1048576 (custom)
2023-09-29 09:15:00,048 [380230e5-39f9-49de-9a23-78c86f98f3f3-groupManagement] INFO  server.RaftServerConfigKeys (ConfUtils.java:logGet(46)) - raft.server.log.appender.buffer.byte-limit = 33554432 (custom)
2023-09-29 09:15:00,054 [380230e5-39f9-49de-9a23-78c86f98f3f3-groupManagement] INFO  server.RaftServerConfigKeys (ConfUtils.java:logGet(46)) - raft.server.log.unsafe-flush.enabled = false (default)
2023-09-29 09:15:00,055 [380230e5-39f9-49de-9a23-78c86f98f3f3-groupManagement] INFO  server.RaftServerConfigKeys (ConfUtils.java:logGet(46)) - raft.server.log.async-flush.enabled = false (default)
2023-09-29 09:15:00,055 [380230e5-39f9-49de-9a23-78c86f98f3f3-groupManagement] INFO  server.RaftServerConfigKeys (ConfUtils.java:logGet(46)) - raft.server.log.statemachine.data.caching.enabled = true (custom)
2023-09-29 09:15:00,055 [380230e5-39f9-49de-9a23-78c86f98f3f3-groupManagement] INFO  segmented.SegmentedRaftLogWorker (SegmentedRaftLogWorker.java:lambda$new$0(135)) - 380230e5-39f9-49de-9a23-78c86f98f3f3@group-E0A40844F82E-SegmentedRaftLogWorker: flushIndex: setUnconditionally 0 -> -1
2023-09-29 09:15:00,055 [380230e5-39f9-49de-9a23-78c86f98f3f3-groupManagement] INFO  segmented.SegmentedRaftLogWorker (SegmentedRaftLogWorker.java:lambda$new$0(135)) - 380230e5-39f9-49de-9a23-78c86f98f3f3@group-E0A40844F82E-SegmentedRaftLogWorker: safeCacheEvictIndex: setUnconditionally 0 -> -1
2023-09-29 09:15:00,056 [380230e5-39f9-49de-9a23-78c86f98f3f3-groupManagement] INFO  server.RaftServer$Division (RaftServerImpl.java:start(342)) - 380230e5-39f9-49de-9a23-78c86f98f3f3@group-E0A40844F82E: start as a follower, conf=-1: peers:[10e0b218-8303-4db1-a541-e155d4944b6e|rpc:10.1.0.30:15085|admin:10.1.0.30:15084|client:10.1.0.30:15083|dataStream:10.1.0.30:15086|priority:0|startupRole:FOLLOWER, 3a494423-7ff4-4963-8d96-e6fb16151c55|rpc:10.1.0.30:15076|admin:10.1.0.30:15075|client:10.1.0.30:15074|dataStream:10.1.0.30:15077|priority:0|startupRole:FOLLOWER, 380230e5-39f9-49de-9a23-78c86f98f3f3|rpc:10.1.0.30:15067|admin:10.1.0.30:15066|client:10.1.0.30:15065|dataStream:10.1.0.30:15068|priority:1|startupRole:FOLLOWER]|listeners:[], old=null
2023-09-29 09:15:00,056 [380230e5-39f9-49de-9a23-78c86f98f3f3-groupManagement] INFO  server.RaftServer$Division (RaftServerImpl.java:setRole(329)) - 380230e5-39f9-49de-9a23-78c86f98f3f3@group-E0A40844F82E: changes role from      null to FOLLOWER at term 0 for startAsFollower
2023-09-29 09:15:00,056 [380230e5-39f9-49de-9a23-78c86f98f3f3-groupManagement] INFO  impl.RoleInfo (RoleInfo.java:updateAndGet(139)) - 380230e5-39f9-49de-9a23-78c86f98f3f3: start 380230e5-39f9-49de-9a23-78c86f98f3f3@group-E0A40844F82E-FollowerState
2023-09-29 09:15:00,060 [380230e5-39f9-49de-9a23-78c86f98f3f3-groupManagement] INFO  util.JmxRegister (JmxRegister.java:tryRegister(44)) - Successfully registered JMX Bean with object name Ratis:service=RaftServer,group=group-E0A40844F82E,id=380230e5-39f9-49de-9a23-78c86f98f3f3
2023-09-29 09:15:00,060 [380230e5-39f9-49de-9a23-78c86f98f3f3-groupManagement] INFO  server.RaftServerConfigKeys (ConfUtils.java:logGet(46)) - raft.server.snapshot.auto.trigger.enabled = true (custom)
2023-09-29 09:15:00,060 [380230e5-39f9-49de-9a23-78c86f98f3f3-groupManagement] INFO  server.RaftServerConfigKeys (ConfUtils.java:logGet(46)) - raft.server.snapshot.auto.trigger.threshold = 10000 (custom)
2023-09-29 09:15:00,060 [380230e5-39f9-49de-9a23-78c86f98f3f3-groupManagement] INFO  server.RaftServerConfigKeys (ConfUtils.java:logGet(46)) - raft.server.snapshot.retention.file.num = 5 (custom)
2023-09-29 09:15:00,060 [380230e5-39f9-49de-9a23-78c86f98f3f3-groupManagement] INFO  server.RaftServerConfigKeys (ConfUtils.java:logGet(46)) - raft.server.log.purge.upto.snapshot.index = false (default)
2023-09-29 09:15:00,063 [380230e5-39f9-49de-9a23-78c86f98f3f3@group-E0A40844F82E-FollowerState] INFO  server.RaftServerConfigKeys (ConfUtils.java:logFallback(53)) - raft.server.rpc.first-election.timeout.min = 5s (fallback to raft.server.rpc.timeout.min)
2023-09-29 09:15:00,063 [PipelineCommandHandlerThread-0] INFO  ratis.XceiverServerRatis (XceiverServerRatis.java:addGroup(804)) - Created group PipelineID=82ca702f-bac0-4790-b256-e0a40844f82e
2023-09-29 09:15:00,063 [380230e5-39f9-49de-9a23-78c86f98f3f3@group-E0A40844F82E-FollowerState] INFO  server.RaftServerConfigKeys (ConfUtils.java:logFallback(53)) - raft.server.rpc.first-election.timeout.max = 5200ms (fallback to raft.server.rpc.timeout.max)
2023-09-29 09:15:00,072 [grpc-default-executor-3] INFO  server.RaftServer (RaftServerProxy.java:addNew(98)) - 10e0b218-8303-4db1-a541-e155d4944b6e: addNew group-E0A40844F82E:[10e0b218-8303-4db1-a541-e155d4944b6e|rpc:10.1.0.30:15085|admin:10.1.0.30:15084|client:10.1.0.30:15083|dataStream:10.1.0.30:15086|priority:0|startupRole:FOLLOWER, 3a494423-7ff4-4963-8d96-e6fb16151c55|rpc:10.1.0.30:15076|admin:10.1.0.30:15075|client:10.1.0.30:15074|dataStream:10.1.0.30:15077|priority:0|startupRole:FOLLOWER, 380230e5-39f9-49de-9a23-78c86f98f3f3|rpc:10.1.0.30:15067|admin:10.1.0.30:15066|client:10.1.0.30:15065|dataStream:10.1.0.30:15068|priority:1|startupRole:FOLLOWER] returns group-E0A40844F82E:java.util.concurrent.CompletableFuture@24b07903[Not completed]
2023-09-29 09:15:00,073 [10e0b218-8303-4db1-a541-e155d4944b6e-groupManagement] INFO  server.RaftServer$Division (RaftServerImpl.java:<init>(198)) - 10e0b218-8303-4db1-a541-e155d4944b6e: new RaftServerImpl for group-E0A40844F82E:[10e0b218-8303-4db1-a541-e155d4944b6e|rpc:10.1.0.30:15085|admin:10.1.0.30:15084|client:10.1.0.30:15083|dataStream:10.1.0.30:15086|priority:0|startupRole:FOLLOWER, 3a494423-7ff4-4963-8d96-e6fb16151c55|rpc:10.1.0.30:15076|admin:10.1.0.30:15075|client:10.1.0.30:15074|dataStream:10.1.0.30:15077|priority:0|startupRole:FOLLOWER, 380230e5-39f9-49de-9a23-78c86f98f3f3|rpc:10.1.0.30:15067|admin:10.1.0.30:15066|client:10.1.0.30:15065|dataStream:10.1.0.30:15068|priority:1|startupRole:FOLLOWER] with ContainerStateMachine:uninitialized
2023-09-29 09:15:00,073 [10e0b218-8303-4db1-a541-e155d4944b6e-groupManagement] INFO  server.RaftServerConfigKeys (ConfUtils.java:logGet(46)) - raft.server.rpc.timeout.min = 5s (custom)
2023-09-29 09:15:00,074 [10e0b218-8303-4db1-a541-e155d4944b6e-groupManagement] INFO  server.RaftServerConfigKeys (ConfUtils.java:logGet(46)) - raft.server.rpc.timeout.max = 5200ms (custom)
2023-09-29 09:15:00,074 [10e0b218-8303-4db1-a541-e155d4944b6e-groupManagement] INFO  server.RaftServerConfigKeys (ConfUtils.java:logGet(46)) - raft.server.rpc.sleep.time = 25ms (default)
2023-09-29 09:15:00,074 [10e0b218-8303-4db1-a541-e155d4944b6e-groupManagement] INFO  server.RaftServerConfigKeys (ConfUtils.java:logGet(46)) - raft.server.rpc.slowness.timeout = 300s (custom)
2023-09-29 09:15:00,074 [10e0b218-8303-4db1-a541-e155d4944b6e-groupManagement] INFO  server.RaftServerConfigKeys (ConfUtils.java:logGet(46)) - raft.server.leaderelection.leader.step-down.wait-time = 10s (default)
2023-09-29 09:15:00,074 [10e0b218-8303-4db1-a541-e155d4944b6e-groupManagement] INFO  server.RaftServerConfigKeys (ConfUtils.java:logGet(46)) - raft.server.sleep.deviation.threshold = 300ms (default)
2023-09-29 09:15:00,074 [10e0b218-8303-4db1-a541-e155d4944b6e-groupManagement] INFO  server.RaftServer$Division (ServerState.java:<init>(120)) - 10e0b218-8303-4db1-a541-e155d4944b6e@group-E0A40844F82E: ConfigurationManager, init=-1: peers:[10e0b218-8303-4db1-a541-e155d4944b6e|rpc:10.1.0.30:15085|admin:10.1.0.30:15084|client:10.1.0.30:15083|dataStream:10.1.0.30:15086|priority:0|startupRole:FOLLOWER, 3a494423-7ff4-4963-8d96-e6fb16151c55|rpc:10.1.0.30:15076|admin:10.1.0.30:15075|client:10.1.0.30:15074|dataStream:10.1.0.30:15077|priority:0|startupRole:FOLLOWER, 380230e5-39f9-49de-9a23-78c86f98f3f3|rpc:10.1.0.30:15067|admin:10.1.0.30:15066|client:10.1.0.30:15065|dataStream:10.1.0.30:15068|priority:1|startupRole:FOLLOWER]|listeners:[], old=null, confs=<EMPTY_MAP>
2023-09-29 09:15:00,074 [10e0b218-8303-4db1-a541-e155d4944b6e-groupManagement] INFO  server.RaftServerConfigKeys (ConfUtils.java:logGet(46)) - raft.server.storage.dir = [/home/runner/work/ozone/ozone/hadoop-ozone/integration-test/target/test-dir/MiniOzoneClusterImpl-23fe215d-70cc-4cc8-8e82-38d5ce4d8890/datanode-2/data/ratis] (custom)
2023-09-29 09:15:00,074 [10e0b218-8303-4db1-a541-e155d4944b6e-groupManagement] INFO  server.RaftServerConfigKeys (ConfUtils.java:logGet(46)) - raft.server.log.corruption.policy = EXCEPTION (default)
2023-09-29 09:15:00,074 [10e0b218-8303-4db1-a541-e155d4944b6e-groupManagement] INFO  server.RaftServerConfigKeys (ConfUtils.java:logGet(46)) - raft.server.storage.free-space.min = 0MB (=0) (default)
2023-09-29 09:15:00,074 [10e0b218-8303-4db1-a541-e155d4944b6e-groupManagement] INFO  server.RaftServerConfigKeys (ConfUtils.java:logGet(46)) - raft.server.notification.no-leader.timeout = 300s (custom)
2023-09-29 09:15:00,075 [10e0b218-8303-4db1-a541-e155d4944b6e-groupManagement] INFO  server.RaftServerConfigKeys (ConfUtils.java:logGet(46)) - raft.server.read.timeout = 10s (default)
2023-09-29 09:15:00,075 [10e0b218-8303-4db1-a541-e155d4944b6e-groupManagement] INFO  server.RaftServerConfigKeys (ConfUtils.java:logGet(46)) - raft.server.retrycache.expirytime = 600000ms (custom)
2023-09-29 09:15:00,075 [10e0b218-8303-4db1-a541-e155d4944b6e-groupManagement] INFO  server.RaftServerConfigKeys (ConfUtils.java:logGet(46)) - raft.server.retrycache.statistics.expirytime = 100μs (default)
2023-09-29 09:15:00,075 [10e0b218-8303-4db1-a541-e155d4944b6e-groupManagement] INFO  server.RaftServerConfigKeys (ConfUtils.java:logGet(46)) - raft.server.read.option = DEFAULT (default)
2023-09-29 09:15:00,076 [10e0b218-8303-4db1-a541-e155d4944b6e-groupManagement] INFO  server.RaftServerConfigKeys (ConfUtils.java:logGet(46)) - raft.server.rpc.request.timeout = 60s (custom)
2023-09-29 09:15:00,076 [10e0b218-8303-4db1-a541-e155d4944b6e-groupManagement] INFO  server.RaftServerConfigKeys (ConfUtils.java:logGet(46)) - raft.server.log.appender.install.snapshot.enabled = false (custom)
2023-09-29 09:15:00,076 [10e0b218-8303-4db1-a541-e155d4944b6e-groupManagement] INFO  server.RaftServerConfigKeys (ConfUtils.java:logGet(46)) - raft.server.threadpool.server.cached = true (default)
2023-09-29 09:15:00,076 [10e0b218-8303-4db1-a541-e155d4944b6e-groupManagement] INFO  server.RaftServerConfigKeys (ConfUtils.java:logGet(46)) - raft.server.threadpool.server.size = 0 (default)
2023-09-29 09:15:00,076 [10e0b218-8303-4db1-a541-e155d4944b6e-groupManagement] INFO  server.RaftServerConfigKeys (ConfUtils.java:logGet(46)) - raft.server.threadpool.client.cached = true (default)
2023-09-29 09:15:00,076 [10e0b218-8303-4db1-a541-e155d4944b6e-groupManagement] INFO  server.RaftServerConfigKeys (ConfUtils.java:logGet(46)) - raft.server.threadpool.client.size = 0 (default)
2023-09-29 09:15:00,076 [10e0b218-8303-4db1-a541-e155d4944b6e-groupManagement] INFO  storage.RaftStorageDirectory (RaftStorageDirectoryImpl.java:analyzeStorage(137)) - The storage directory /home/runner/work/ozone/ozone/hadoop-ozone/integration-test/target/test-dir/MiniOzoneClusterImpl-23fe215d-70cc-4cc8-8e82-38d5ce4d8890/datanode-2/data/ratis/82ca702f-bac0-4790-b256-e0a40844f82e does not exist. Creating ...
2023-09-29 09:15:00,078 [10e0b218-8303-4db1-a541-e155d4944b6e-groupManagement] INFO  storage.RaftStorageDirectory (RaftStorageDirectoryImpl.java:tryLock(231)) - Lock on /home/runner/work/ozone/ozone/hadoop-ozone/integration-test/target/test-dir/MiniOzoneClusterImpl-23fe215d-70cc-4cc8-8e82-38d5ce4d8890/datanode-2/data/ratis/82ca702f-bac0-4790-b256-e0a40844f82e/in_use.lock acquired by nodename 20785@fv-az83-343
2023-09-29 09:15:00,080 [10e0b218-8303-4db1-a541-e155d4944b6e-groupManagement] INFO  storage.RaftStorage (RaftStorageImpl.java:format(96)) - Storage directory /home/runner/work/ozone/ozone/hadoop-ozone/integration-test/target/test-dir/MiniOzoneClusterImpl-23fe215d-70cc-4cc8-8e82-38d5ce4d8890/datanode-2/data/ratis/82ca702f-bac0-4790-b256-e0a40844f82e has been successfully formatted.
2023-09-29 09:15:00,082 [10e0b218-8303-4db1-a541-e155d4944b6e-groupManagement] INFO  ratis.ContainerStateMachine (ContainerStateMachine.java:loadSnapshot(262)) - group-E0A40844F82E: The snapshot info is null. Setting the last applied indexto:(t:0, i:~)
2023-09-29 09:15:00,082 [10e0b218-8303-4db1-a541-e155d4944b6e-groupManagement] INFO  server.RaftServerConfigKeys (ConfUtils.java:logGet(46)) - raft.server.log.use.memory = false (default)
2023-09-29 09:15:00,082 [10e0b218-8303-4db1-a541-e155d4944b6e-groupManagement] INFO  server.RaftServerConfigKeys (ConfUtils.java:logGet(46)) - raft.server.log.purge.gap = 1000000 (custom)
2023-09-29 09:15:00,082 [10e0b218-8303-4db1-a541-e155d4944b6e-groupManagement] INFO  server.RaftServerConfigKeys (ConfUtils.java:logGet(46)) - raft.server.log.appender.buffer.byte-limit = 33554432 (custom)
2023-09-29 09:15:00,082 [10e0b218-8303-4db1-a541-e155d4944b6e-groupManagement] INFO  server.RaftServerConfigKeys (ConfUtils.java:logGet(46)) - raft.server.log.statemachine.data.read.timeout = 1000ms (default)
2023-09-29 09:15:00,082 [10e0b218-8303-4db1-a541-e155d4944b6e-groupManagement] INFO  server.RaftServerConfigKeys (ConfUtils.java:logGet(46)) - raft.server.log.purge.preservation.log.num = 0 (default)
2023-09-29 09:15:00,082 [10e0b218-8303-4db1-a541-e155d4944b6e-groupManagement] INFO  server.RaftServerConfigKeys (ConfUtils.java:logGet(46)) - raft.server.log.segment.size.max = 1048576 (custom)
2023-09-29 09:15:00,083 [10e0b218-8303-4db1-a541-e155d4944b6e-groupManagement] INFO  server.RaftServerConfigKeys (ConfUtils.java:logGet(46)) - raft.server.log.segment.cache.num.max = 2 (custom)
2023-09-29 09:15:00,083 [10e0b218-8303-4db1-a541-e155d4944b6e-groupManagement] INFO  server.RaftServerConfigKeys (ConfUtils.java:logGet(46)) - raft.server.log.segment.cache.size.max = 200MB (=209715200) (default)
2023-09-29 09:15:00,083 [10e0b218-8303-4db1-a541-e155d4944b6e-groupManagement] INFO  server.RaftServerConfigKeys (ConfUtils.java:logGet(46)) - raft.server.log.appender.buffer.byte-limit = 33554432 (custom)
2023-09-29 09:15:00,083 [10e0b218-8303-4db1-a541-e155d4944b6e-groupManagement] INFO  segmented.SegmentedRaftLogWorker (SegmentedRaftLogWorker.java:<init>(188)) - new 10e0b218-8303-4db1-a541-e155d4944b6e@group-E0A40844F82E-SegmentedRaftLogWorker for RaftStorageImpl:Storage Directory /home/runner/work/ozone/ozone/hadoop-ozone/integration-test/target/test-dir/MiniOzoneClusterImpl-23fe215d-70cc-4cc8-8e82-38d5ce4d8890/datanode-2/data/ratis/82ca702f-bac0-4790-b256-e0a40844f82e
2023-09-29 09:15:00,083 [10e0b218-8303-4db1-a541-e155d4944b6e-groupManagement] INFO  server.RaftServerConfigKeys (ConfUtils.java:logGet(46)) - raft.server.log.queue.byte-limit = 4294967296 (custom)
2023-09-29 09:15:00,083 [10e0b218-8303-4db1-a541-e155d4944b6e-groupManagement] INFO  server.RaftServerConfigKeys (ConfUtils.java:logGet(46)) - raft.server.log.queue.element-limit = 1024 (custom)
2023-09-29 09:15:00,083 [10e0b218-8303-4db1-a541-e155d4944b6e-groupManagement] INFO  server.RaftServerConfigKeys (ConfUtils.java:logGet(46)) - raft.server.log.segment.size.max = 1048576 (custom)
2023-09-29 09:15:00,083 [10e0b218-8303-4db1-a541-e155d4944b6e-groupManagement] INFO  server.RaftServerConfigKeys (ConfUtils.java:logGet(46)) - raft.server.log.preallocated.size = 16384 (custom)
2023-09-29 09:15:00,083 [10e0b218-8303-4db1-a541-e155d4944b6e-groupManagement] INFO  server.RaftServerConfigKeys (ConfUtils.java:logGet(46)) - raft.server.log.force.sync.num = 128 (default)
2023-09-29 09:15:00,083 [10e0b218-8303-4db1-a541-e155d4944b6e-groupManagement] INFO  server.RaftServerConfigKeys (ConfUtils.java:logGet(46)) - raft.server.log.statemachine.data.sync = true (default)
2023-09-29 09:15:00,083 [10e0b218-8303-4db1-a541-e155d4944b6e-groupManagement] INFO  server.RaftServerConfigKeys (ConfUtils.java:logGet(46)) - raft.server.log.statemachine.data.sync.timeout = 10s (default)
2023-09-29 09:15:00,084 [10e0b218-8303-4db1-a541-e155d4944b6e-groupManagement] INFO  server.RaftServerConfigKeys (ConfUtils.java:logGet(46)) - raft.server.log.statemachine.data.sync.timeout.retry = -1 (default)
2023-09-29 09:15:00,084 [10e0b218-8303-4db1-a541-e155d4944b6e-groupManagement] INFO  server.RaftServerConfigKeys (ConfUtils.java:logGet(46)) - raft.server.log.write.buffer.size = 1048576 (custom)
2023-09-29 09:15:00,085 [10e0b218-8303-4db1-a541-e155d4944b6e-groupManagement] INFO  server.RaftServerConfigKeys (ConfUtils.java:logGet(46)) - raft.server.log.appender.buffer.byte-limit = 33554432 (custom)
2023-09-29 09:15:00,091 [10e0b218-8303-4db1-a541-e155d4944b6e-groupManagement] INFO  server.RaftServerConfigKeys (ConfUtils.java:logGet(46)) - raft.server.log.unsafe-flush.enabled = false (default)
2023-09-29 09:15:00,091 [10e0b218-8303-4db1-a541-e155d4944b6e-groupManagement] INFO  server.RaftServerConfigKeys (ConfUtils.java:logGet(46)) - raft.server.log.async-flush.enabled = false (default)
2023-09-29 09:15:00,091 [10e0b218-8303-4db1-a541-e155d4944b6e-groupManagement] INFO  server.RaftServerConfigKeys (ConfUtils.java:logGet(46)) - raft.server.log.statemachine.data.caching.enabled = true (custom)
2023-09-29 09:15:00,092 [10e0b218-8303-4db1-a541-e155d4944b6e-groupManagement] INFO  segmented.SegmentedRaftLogWorker (SegmentedRaftLogWorker.java:lambda$new$0(135)) - 10e0b218-8303-4db1-a541-e155d4944b6e@group-E0A40844F82E-SegmentedRaftLogWorker: flushIndex: setUnconditionally 0 -> -1
2023-09-29 09:15:00,092 [10e0b218-8303-4db1-a541-e155d4944b6e-groupManagement] INFO  segmented.SegmentedRaftLogWorker (SegmentedRaftLogWorker.java:lambda$new$0(135)) - 10e0b218-8303-4db1-a541-e155d4944b6e@group-E0A40844F82E-SegmentedRaftLogWorker: safeCacheEvictIndex: setUnconditionally 0 -> -1
2023-09-29 09:15:00,092 [10e0b218-8303-4db1-a541-e155d4944b6e-groupManagement] INFO  server.RaftServer$Division (RaftServerImpl.java:start(342)) - 10e0b218-8303-4db1-a541-e155d4944b6e@group-E0A40844F82E: start as a follower, conf=-1: peers:[10e0b218-8303-4db1-a541-e155d4944b6e|rpc:10.1.0.30:15085|admin:10.1.0.30:15084|client:10.1.0.30:15083|dataStream:10.1.0.30:15086|priority:0|startupRole:FOLLOWER, 3a494423-7ff4-4963-8d96-e6fb16151c55|rpc:10.1.0.30:15076|admin:10.1.0.30:15075|client:10.1.0.30:15074|dataStream:10.1.0.30:15077|priority:0|startupRole:FOLLOWER, 380230e5-39f9-49de-9a23-78c86f98f3f3|rpc:10.1.0.30:15067|admin:10.1.0.30:15066|client:10.1.0.30:15065|dataStream:10.1.0.30:15068|priority:1|startupRole:FOLLOWER]|listeners:[], old=null
2023-09-29 09:15:00,092 [10e0b218-8303-4db1-a541-e155d4944b6e-groupManagement] INFO  server.RaftServer$Division (RaftServerImpl.java:setRole(329)) - 10e0b218-8303-4db1-a541-e155d4944b6e@group-E0A40844F82E: changes role from      null to FOLLOWER at term 0 for startAsFollower
2023-09-29 09:15:00,092 [10e0b218-8303-4db1-a541-e155d4944b6e-groupManagement] INFO  impl.RoleInfo (RoleInfo.java:updateAndGet(139)) - 10e0b218-8303-4db1-a541-e155d4944b6e: start 10e0b218-8303-4db1-a541-e155d4944b6e@group-E0A40844F82E-FollowerState
2023-09-29 09:15:00,095 [10e0b218-8303-4db1-a541-e155d4944b6e-groupManagement] INFO  util.JmxRegister (JmxRegister.java:tryRegister(44)) - Successfully registered JMX Bean with object name Ratis:service=RaftServer,group=group-E0A40844F82E,id=10e0b218-8303-4db1-a541-e155d4944b6e
2023-09-29 09:15:00,095 [10e0b218-8303-4db1-a541-e155d4944b6e-groupManagement] INFO  server.RaftServerConfigKeys (ConfUtils.java:logGet(46)) - raft.server.snapshot.auto.trigger.enabled = true (custom)
2023-09-29 09:15:00,095 [10e0b218-8303-4db1-a541-e155d4944b6e-groupManagement] INFO  server.RaftServerConfigKeys (ConfUtils.java:logGet(46)) - raft.server.snapshot.auto.trigger.threshold = 10000 (custom)
2023-09-29 09:15:00,095 [10e0b218-8303-4db1-a541-e155d4944b6e-groupManagement] INFO  server.RaftServerConfigKeys (ConfUtils.java:logGet(46)) - raft.server.snapshot.retention.file.num = 5 (custom)
2023-09-29 09:15:00,096 [10e0b218-8303-4db1-a541-e155d4944b6e-groupManagement] INFO  server.RaftServerConfigKeys (ConfUtils.java:logGet(46)) - raft.server.log.purge.upto.snapshot.index = false (default)
2023-09-29 09:15:00,097 [10e0b218-8303-4db1-a541-e155d4944b6e@group-E0A40844F82E-FollowerState] INFO  server.RaftServerConfigKeys (ConfUtils.java:logFallback(53)) - raft.server.rpc.first-election.timeout.min = 5s (fallback to raft.server.rpc.timeout.min)
2023-09-29 09:15:00,097 [10e0b218-8303-4db1-a541-e155d4944b6e@group-E0A40844F82E-FollowerState] INFO  server.RaftServerConfigKeys (ConfUtils.java:logFallback(53)) - raft.server.rpc.first-election.timeout.max = 5200ms (fallback to raft.server.rpc.timeout.max)
2023-09-29 09:15:00,116 [grpc-default-executor-3] INFO  server.RaftServer (RaftServerProxy.java:addNew(98)) - 3a494423-7ff4-4963-8d96-e6fb16151c55: addNew group-E0A40844F82E:[10e0b218-8303-4db1-a541-e155d4944b6e|rpc:10.1.0.30:15085|admin:10.1.0.30:15084|client:10.1.0.30:15083|dataStream:10.1.0.30:15086|priority:0|startupRole:FOLLOWER, 3a494423-7ff4-4963-8d96-e6fb16151c55|rpc:10.1.0.30:15076|admin:10.1.0.30:15075|client:10.1.0.30:15074|dataStream:10.1.0.30:15077|priority:0|startupRole:FOLLOWER, 380230e5-39f9-49de-9a23-78c86f98f3f3|rpc:10.1.0.30:15067|admin:10.1.0.30:15066|client:10.1.0.30:15065|dataStream:10.1.0.30:15068|priority:1|startupRole:FOLLOWER] returns group-E0A40844F82E:java.util.concurrent.CompletableFuture@51412e0[Not completed]
2023-09-29 09:15:00,117 [3a494423-7ff4-4963-8d96-e6fb16151c55-groupManagement] INFO  server.RaftServer$Division (RaftServerImpl.java:<init>(198)) - 3a494423-7ff4-4963-8d96-e6fb16151c55: new RaftServerImpl for group-E0A40844F82E:[10e0b218-8303-4db1-a541-e155d4944b6e|rpc:10.1.0.30:15085|admin:10.1.0.30:15084|client:10.1.0.30:15083|dataStream:10.1.0.30:15086|priority:0|startupRole:FOLLOWER, 3a494423-7ff4-4963-8d96-e6fb16151c55|rpc:10.1.0.30:15076|admin:10.1.0.30:15075|client:10.1.0.30:15074|dataStream:10.1.0.30:15077|priority:0|startupRole:FOLLOWER, 380230e5-39f9-49de-9a23-78c86f98f3f3|rpc:10.1.0.30:15067|admin:10.1.0.30:15066|client:10.1.0.30:15065|dataStream:10.1.0.30:15068|priority:1|startupRole:FOLLOWER] with ContainerStateMachine:uninitialized
2023-09-29 09:15:00,117 [3a494423-7ff4-4963-8d96-e6fb16151c55-groupManagement] INFO  server.RaftServerConfigKeys (ConfUtils.java:logGet(46)) - raft.server.rpc.timeout.min = 5s (custom)
2023-09-29 09:15:00,117 [3a494423-7ff4-4963-8d96-e6fb16151c55-groupManagement] INFO  server.RaftServerConfigKeys (ConfUtils.java:logGet(46)) - raft.server.rpc.timeout.max = 5200ms (custom)
2023-09-29 09:15:00,117 [3a494423-7ff4-4963-8d96-e6fb16151c55-groupManagement] INFO  server.RaftServerConfigKeys (ConfUtils.java:logGet(46)) - raft.server.rpc.sleep.time = 25ms (default)
2023-09-29 09:15:00,117 [3a494423-7ff4-4963-8d96-e6fb16151c55-groupManagement] INFO  server.RaftServerConfigKeys (ConfUtils.java:logGet(46)) - raft.server.rpc.slowness.timeout = 300s (custom)
2023-09-29 09:15:00,117 [3a494423-7ff4-4963-8d96-e6fb16151c55-groupManagement] INFO  server.RaftServerConfigKeys (ConfUtils.java:logGet(46)) - raft.server.leaderelection.leader.step-down.wait-time = 10s (default)
2023-09-29 09:15:00,117 [3a494423-7ff4-4963-8d96-e6fb16151c55-groupManagement] INFO  server.RaftServerConfigKeys (ConfUtils.java:logGet(46)) - raft.server.sleep.deviation.threshold = 300ms (default)
2023-09-29 09:15:00,117 [3a494423-7ff4-4963-8d96-e6fb16151c55-groupManagement] INFO  server.RaftServer$Division (ServerState.java:<init>(120)) - 3a494423-7ff4-4963-8d96-e6fb16151c55@group-E0A40844F82E: ConfigurationManager, init=-1: peers:[10e0b218-8303-4db1-a541-e155d4944b6e|rpc:10.1.0.30:15085|admin:10.1.0.30:15084|client:10.1.0.30:15083|dataStream:10.1.0.30:15086|priority:0|startupRole:FOLLOWER, 3a494423-7ff4-4963-8d96-e6fb16151c55|rpc:10.1.0.30:15076|admin:10.1.0.30:15075|client:10.1.0.30:15074|dataStream:10.1.0.30:15077|priority:0|startupRole:FOLLOWER, 380230e5-39f9-49de-9a23-78c86f98f3f3|rpc:10.1.0.30:15067|admin:10.1.0.30:15066|client:10.1.0.30:15065|dataStream:10.1.0.30:15068|priority:1|startupRole:FOLLOWER]|listeners:[], old=null, confs=<EMPTY_MAP>
2023-09-29 09:15:00,118 [3a494423-7ff4-4963-8d96-e6fb16151c55-groupManagement] INFO  server.RaftServerConfigKeys (ConfUtils.java:logGet(46)) - raft.server.storage.dir = [/home/runner/work/ozone/ozone/hadoop-ozone/integration-test/target/test-dir/MiniOzoneClusterImpl-23fe215d-70cc-4cc8-8e82-38d5ce4d8890/datanode-1/data/ratis] (custom)
2023-09-29 09:15:00,118 [3a494423-7ff4-4963-8d96-e6fb16151c55-groupManagement] INFO  server.RaftServerConfigKeys (ConfUtils.java:logGet(46)) - raft.server.log.corruption.policy = EXCEPTION (default)
2023-09-29 09:15:00,118 [3a494423-7ff4-4963-8d96-e6fb16151c55-groupManagement] INFO  server.RaftServerConfigKeys (ConfUtils.java:logGet(46)) - raft.server.storage.free-space.min = 0MB (=0) (default)
2023-09-29 09:15:00,118 [3a494423-7ff4-4963-8d96-e6fb16151c55-groupManagement] INFO  server.RaftServerConfigKeys (ConfUtils.java:logGet(46)) - raft.server.notification.no-leader.timeout = 300s (custom)
2023-09-29 09:15:00,118 [3a494423-7ff4-4963-8d96-e6fb16151c55-groupManagement] INFO  server.RaftServerConfigKeys (ConfUtils.java:logGet(46)) - raft.server.read.timeout = 10s (default)
2023-09-29 09:15:00,118 [3a494423-7ff4-4963-8d96-e6fb16151c55-groupManagement] INFO  server.RaftServerConfigKeys (ConfUtils.java:logGet(46)) - raft.server.retrycache.expirytime = 600000ms (custom)
2023-09-29 09:15:00,118 [3a494423-7ff4-4963-8d96-e6fb16151c55-groupManagement] INFO  server.RaftServerConfigKeys (ConfUtils.java:logGet(46)) - raft.server.retrycache.statistics.expirytime = 100μs (default)
2023-09-29 09:15:00,118 [3a494423-7ff4-4963-8d96-e6fb16151c55-groupManagement] INFO  server.RaftServerConfigKeys (ConfUtils.java:logGet(46)) - raft.server.read.option = DEFAULT (default)
2023-09-29 09:15:00,119 [3a494423-7ff4-4963-8d96-e6fb16151c55-groupManagement] INFO  server.RaftServerConfigKeys (ConfUtils.java:logGet(46)) - raft.server.rpc.request.timeout = 60s (custom)
2023-09-29 09:15:00,119 [3a494423-7ff4-4963-8d96-e6fb16151c55-groupManagement] INFO  server.RaftServerConfigKeys (ConfUtils.java:logGet(46)) - raft.server.log.appender.install.snapshot.enabled = false (custom)
2023-09-29 09:15:00,119 [3a494423-7ff4-4963-8d96-e6fb16151c55-groupManagement] INFO  server.RaftServerConfigKeys (ConfUtils.java:logGet(46)) - raft.server.threadpool.server.cached = true (default)
2023-09-29 09:15:00,119 [3a494423-7ff4-4963-8d96-e6fb16151c55-groupManagement] INFO  server.RaftServerConfigKeys (ConfUtils.java:logGet(46)) - raft.server.threadpool.server.size = 0 (default)
2023-09-29 09:15:00,119 [3a494423-7ff4-4963-8d96-e6fb16151c55-groupManagement] INFO  server.RaftServerConfigKeys (ConfUtils.java:logGet(46)) - raft.server.threadpool.client.cached = true (default)
2023-09-29 09:15:00,119 [3a494423-7ff4-4963-8d96-e6fb16151c55-groupManagement] INFO  server.RaftServerConfigKeys (ConfUtils.java:logGet(46)) - raft.server.threadpool.client.size = 0 (default)
2023-09-29 09:15:00,119 [3a494423-7ff4-4963-8d96-e6fb16151c55-groupManagement] INFO  storage.RaftStorageDirectory (RaftStorageDirectoryImpl.java:analyzeStorage(137)) - The storage directory /home/runner/work/ozone/ozone/hadoop-ozone/integration-test/target/test-dir/MiniOzoneClusterImpl-23fe215d-70cc-4cc8-8e82-38d5ce4d8890/datanode-1/data/ratis/82ca702f-bac0-4790-b256-e0a40844f82e does not exist. Creating ...
2023-09-29 09:15:00,121 [3a494423-7ff4-4963-8d96-e6fb16151c55-groupManagement] INFO  storage.RaftStorageDirectory (RaftStorageDirectoryImpl.java:tryLock(231)) - Lock on /home/runner/work/ozone/ozone/hadoop-ozone/integration-test/target/test-dir/MiniOzoneClusterImpl-23fe215d-70cc-4cc8-8e82-38d5ce4d8890/datanode-1/data/ratis/82ca702f-bac0-4790-b256-e0a40844f82e/in_use.lock acquired by nodename 20785@fv-az83-343
2023-09-29 09:15:00,122 [3a494423-7ff4-4963-8d96-e6fb16151c55-groupManagement] INFO  storage.RaftStorage (RaftStorageImpl.java:format(96)) - Storage directory /home/runner/work/ozone/ozone/hadoop-ozone/integration-test/target/test-dir/MiniOzoneClusterImpl-23fe215d-70cc-4cc8-8e82-38d5ce4d8890/datanode-1/data/ratis/82ca702f-bac0-4790-b256-e0a40844f82e has been successfully formatted.
2023-09-29 09:15:00,123 [3a494423-7ff4-4963-8d96-e6fb16151c55-groupManagement] INFO  ratis.ContainerStateMachine (ContainerStateMachine.java:loadSnapshot(262)) - group-E0A40844F82E: The snapshot info is null. Setting the last applied indexto:(t:0, i:~)
2023-09-29 09:15:00,123 [3a494423-7ff4-4963-8d96-e6fb16151c55-groupManagement] INFO  server.RaftServerConfigKeys (ConfUtils.java:logGet(46)) - raft.server.log.use.memory = false (default)
2023-09-29 09:15:00,123 [3a494423-7ff4-4963-8d96-e6fb16151c55-groupManagement] INFO  server.RaftServerConfigKeys (ConfUtils.java:logGet(46)) - raft.server.log.purge.gap = 1000000 (custom)
2023-09-29 09:15:00,123 [3a494423-7ff4-4963-8d96-e6fb16151c55-groupManagement] INFO  server.RaftServerConfigKeys (ConfUtils.java:logGet(46)) - raft.server.log.appender.buffer.byte-limit = 33554432 (custom)
2023-09-29 09:15:00,123 [3a494423-7ff4-4963-8d96-e6fb16151c55-groupManagement] INFO  server.RaftServerConfigKeys (ConfUtils.java:logGet(46)) - raft.server.log.statemachine.data.read.timeout = 1000ms (default)
2023-09-29 09:15:00,124 [3a494423-7ff4-4963-8d96-e6fb16151c55-groupManagement] INFO  server.RaftServerConfigKeys (ConfUtils.java:logGet(46)) - raft.server.log.purge.preservation.log.num = 0 (default)
2023-09-29 09:15:00,124 [3a494423-7ff4-4963-8d96-e6fb16151c55-groupManagement] INFO  server.RaftServerConfigKeys (ConfUtils.java:logGet(46)) - raft.server.log.segment.size.max = 1048576 (custom)
2023-09-29 09:15:00,125 [3a494423-7ff4-4963-8d96-e6fb16151c55-groupManagement] INFO  server.RaftServerConfigKeys (ConfUtils.java:logGet(46)) - raft.server.log.segment.cache.num.max = 2 (custom)
2023-09-29 09:15:00,125 [3a494423-7ff4-4963-8d96-e6fb16151c55-groupManagement] INFO  server.RaftServerConfigKeys (ConfUtils.java:logGet(46)) - raft.server.log.segment.cache.size.max = 200MB (=209715200) (default)
2023-09-29 09:15:00,125 [3a494423-7ff4-4963-8d96-e6fb16151c55-groupManagement] INFO  server.RaftServerConfigKeys (ConfUtils.java:logGet(46)) - raft.server.log.appender.buffer.byte-limit = 33554432 (custom)
2023-09-29 09:15:00,125 [3a494423-7ff4-4963-8d96-e6fb16151c55-groupManagement] INFO  segmented.SegmentedRaftLogWorker (SegmentedRaftLogWorker.java:<init>(188)) - new 3a494423-7ff4-4963-8d96-e6fb16151c55@group-E0A40844F82E-SegmentedRaftLogWorker for RaftStorageImpl:Storage Directory /home/runner/work/ozone/ozone/hadoop-ozone/integration-test/target/test-dir/MiniOzoneClusterImpl-23fe215d-70cc-4cc8-8e82-38d5ce4d8890/datanode-1/data/ratis/82ca702f-bac0-4790-b256-e0a40844f82e
2023-09-29 09:15:00,125 [3a494423-7ff4-4963-8d96-e6fb16151c55-groupManagement] INFO  server.RaftServerConfigKeys (ConfUtils.java:logGet(46)) - raft.server.log.queue.byte-limit = 4294967296 (custom)
2023-09-29 09:15:00,125 [3a494423-7ff4-4963-8d96-e6fb16151c55-groupManagement] INFO  server.RaftServerConfigKeys (ConfUtils.java:logGet(46)) - raft.server.log.queue.element-limit = 1024 (custom)
2023-09-29 09:15:00,125 [3a494423-7ff4-4963-8d96-e6fb16151c55-groupManagement] INFO  server.RaftServerConfigKeys (ConfUtils.java:logGet(46)) - raft.server.log.segment.size.max = 1048576 (custom)
2023-09-29 09:15:00,125 [3a494423-7ff4-4963-8d96-e6fb16151c55-groupManagement] INFO  server.RaftServerConfigKeys (ConfUtils.java:logGet(46)) - raft.server.log.preallocated.size = 16384 (custom)
2023-09-29 09:15:00,125 [3a494423-7ff4-4963-8d96-e6fb16151c55-groupManagement] INFO  server.RaftServerConfigKeys (ConfUtils.java:logGet(46)) - raft.server.log.force.sync.num = 128 (default)
2023-09-29 09:15:00,125 [3a494423-7ff4-4963-8d96-e6fb16151c55-groupManagement] INFO  server.RaftServerConfigKeys (ConfUtils.java:logGet(46)) - raft.server.log.statemachine.data.sync = true (default)
2023-09-29 09:15:00,125 [3a494423-7ff4-4963-8d96-e6fb16151c55-groupManagement] INFO  server.RaftServerConfigKeys (ConfUtils.java:logGet(46)) - raft.server.log.statemachine.data.sync.timeout = 10s (default)
2023-09-29 09:15:00,125 [3a494423-7ff4-4963-8d96-e6fb16151c55-groupManagement] INFO  server.RaftServerConfigKeys (ConfUtils.java:logGet(46)) - raft.server.log.statemachine.data.sync.timeout.retry = -1 (default)
2023-09-29 09:15:00,126 [3a494423-7ff4-4963-8d96-e6fb16151c55-groupManagement] INFO  server.RaftServerConfigKeys (ConfUtils.java:logGet(46)) - raft.server.log.write.buffer.size = 1048576 (custom)
2023-09-29 09:15:00,127 [3a494423-7ff4-4963-8d96-e6fb16151c55-groupManagement] INFO  server.RaftServerConfigKeys (ConfUtils.java:logGet(46)) - raft.server.log.appender.buffer.byte-limit = 33554432 (custom)
2023-09-29 09:15:00,134 [3a494423-7ff4-4963-8d96-e6fb16151c55-groupManagement] INFO  server.RaftServerConfigKeys (ConfUtils.java:logGet(46)) - raft.server.log.unsafe-flush.enabled = false (default)
2023-09-29 09:15:00,134 [3a494423-7ff4-4963-8d96-e6fb16151c55-groupManagement] INFO  server.RaftServerConfigKeys (ConfUtils.java:logGet(46)) - raft.server.log.async-flush.enabled = false (default)
2023-09-29 09:15:00,134 [3a494423-7ff4-4963-8d96-e6fb16151c55-groupManagement] INFO  server.RaftServerConfigKeys (ConfUtils.java:logGet(46)) - raft.server.log.statemachine.data.caching.enabled = true (custom)
2023-09-29 09:15:00,134 [3a494423-7ff4-4963-8d96-e6fb16151c55-groupManagement] INFO  segmented.SegmentedRaftLogWorker (SegmentedRaftLogWorker.java:lambda$new$0(135)) - 3a494423-7ff4-4963-8d96-e6fb16151c55@group-E0A40844F82E-SegmentedRaftLogWorker: flushIndex: setUnconditionally 0 -> -1
2023-09-29 09:15:00,134 [3a494423-7ff4-4963-8d96-e6fb16151c55-groupManagement] INFO  segmented.SegmentedRaftLogWorker (SegmentedRaftLogWorker.java:lambda$new$0(135)) - 3a494423-7ff4-4963-8d96-e6fb16151c55@group-E0A40844F82E-SegmentedRaftLogWorker: safeCacheEvictIndex: setUnconditionally 0 -> -1
2023-09-29 09:15:00,134 [3a494423-7ff4-4963-8d96-e6fb16151c55-groupManagement] INFO  server.RaftServer$Division (RaftServerImpl.java:start(342)) - 3a494423-7ff4-4963-8d96-e6fb16151c55@group-E0A40844F82E: start as a follower, conf=-1: peers:[10e0b218-8303-4db1-a541-e155d4944b6e|rpc:10.1.0.30:15085|admin:10.1.0.30:15084|client:10.1.0.30:15083|dataStream:10.1.0.30:15086|priority:0|startupRole:FOLLOWER, 3a494423-7ff4-4963-8d96-e6fb16151c55|rpc:10.1.0.30:15076|admin:10.1.0.30:15075|client:10.1.0.30:15074|dataStream:10.1.0.30:15077|priority:0|startupRole:FOLLOWER, 380230e5-39f9-49de-9a23-78c86f98f3f3|rpc:10.1.0.30:15067|admin:10.1.0.30:15066|client:10.1.0.30:15065|dataStream:10.1.0.30:15068|priority:1|startupRole:FOLLOWER]|listeners:[], old=null
2023-09-29 09:15:00,135 [3a494423-7ff4-4963-8d96-e6fb16151c55-groupManagement] INFO  server.RaftServer$Division (RaftServerImpl.java:setRole(329)) - 3a494423-7ff4-4963-8d96-e6fb16151c55@group-E0A40844F82E: changes role from      null to FOLLOWER at term 0 for startAsFollower
2023-09-29 09:15:00,135 [3a494423-7ff4-4963-8d96-e6fb16151c55-groupManagement] INFO  impl.RoleInfo (RoleInfo.java:updateAndGet(139)) - 3a494423-7ff4-4963-8d96-e6fb16151c55: start 3a494423-7ff4-4963-8d96-e6fb16151c55@group-E0A40844F82E-FollowerState
2023-09-29 09:15:00,136 [3a494423-7ff4-4963-8d96-e6fb16151c55-groupManagement] INFO  util.JmxRegister (JmxRegister.java:tryRegister(44)) - Successfully registered JMX Bean with object name Ratis:service=RaftServer,group=group-E0A40844F82E,id=3a494423-7ff4-4963-8d96-e6fb16151c55
2023-09-29 09:15:00,136 [3a494423-7ff4-4963-8d96-e6fb16151c55-groupManagement] INFO  server.RaftServerConfigKeys (ConfUtils.java:logGet(46)) - raft.server.snapshot.auto.trigger.enabled = true (custom)
2023-09-29 09:15:00,136 [3a494423-7ff4-4963-8d96-e6fb16151c55-groupManagement] INFO  server.RaftServerConfigKeys (ConfUtils.java:logGet(46)) - raft.server.snapshot.auto.trigger.threshold = 10000 (custom)
2023-09-29 09:15:00,136 [3a494423-7ff4-4963-8d96-e6fb16151c55-groupManagement] INFO  server.RaftServerConfigKeys (ConfUtils.java:logGet(46)) - raft.server.snapshot.retention.file.num = 5 (custom)
2023-09-29 09:15:00,136 [3a494423-7ff4-4963-8d96-e6fb16151c55-groupManagement] INFO  server.RaftServerConfigKeys (ConfUtils.java:logGet(46)) - raft.server.log.purge.upto.snapshot.index = false (default)
2023-09-29 09:15:00,137 [3a494423-7ff4-4963-8d96-e6fb16151c55@group-E0A40844F82E-FollowerState] INFO  server.RaftServerConfigKeys (ConfUtils.java:logFallback(53)) - raft.server.rpc.first-election.timeout.min = 5s (fallback to raft.server.rpc.timeout.min)
2023-09-29 09:15:00,137 [3a494423-7ff4-4963-8d96-e6fb16151c55@group-E0A40844F82E-FollowerState] INFO  server.RaftServerConfigKeys (ConfUtils.java:logFallback(53)) - raft.server.rpc.first-election.timeout.max = 5200ms (fallback to raft.server.rpc.timeout.max)
2023-09-29 09:15:00,148 [PipelineCommandHandlerThread-0] INFO  commandhandler.CreatePipelineCommandHandler (CreatePipelineCommandHandler.java:lambda$handle$2(124)) - Created Pipeline RATIS THREE PipelineID=82ca702f-bac0-4790-b256-e0a40844f82e.
2023-09-29 09:15:00,239 [PipelineCommandHandlerThread-0] INFO  server.RaftServer (RaftServerProxy.java:addNew(98)) - 3a494423-7ff4-4963-8d96-e6fb16151c55: addNew group-666A1DBE2890:[3a494423-7ff4-4963-8d96-e6fb16151c55|rpc:10.1.0.30:15076|admin:10.1.0.30:15075|client:10.1.0.30:15074|dataStream:10.1.0.30:15077|priority:1|startupRole:FOLLOWER] returns group-666A1DBE2890:java.util.concurrent.CompletableFuture@7b0f901f[Not completed]
2023-09-29 09:15:00,241 [3a494423-7ff4-4963-8d96-e6fb16151c55-groupManagement] INFO  server.RaftServer$Division (RaftServerImpl.java:<init>(198)) - 3a494423-7ff4-4963-8d96-e6fb16151c55: new RaftServerImpl for group-666A1DBE2890:[3a494423-7ff4-4963-8d96-e6fb16151c55|rpc:10.1.0.30:15076|admin:10.1.0.30:15075|client:10.1.0.30:15074|dataStream:10.1.0.30:15077|priority:1|startupRole:FOLLOWER] with ContainerStateMachine:uninitialized
2023-09-29 09:15:00,241 [3a494423-7ff4-4963-8d96-e6fb16151c55-groupManagement] INFO  server.RaftServerConfigKeys (ConfUtils.java:logGet(46)) - raft.server.rpc.timeout.min = 5s (custom)
2023-09-29 09:15:00,241 [3a494423-7ff4-4963-8d96-e6fb16151c55-groupManagement] INFO  server.RaftServerConfigKeys (ConfUtils.java:logGet(46)) - raft.server.rpc.timeout.max = 5200ms (custom)
2023-09-29 09:15:00,241 [3a494423-7ff4-4963-8d96-e6fb16151c55-groupManagement] INFO  server.RaftServerConfigKeys (ConfUtils.java:logGet(46)) - raft.server.rpc.sleep.time = 25ms (default)
2023-09-29 09:15:00,241 [3a494423-7ff4-4963-8d96-e6fb16151c55-groupManagement] INFO  server.RaftServerConfigKeys (ConfUtils.java:logGet(46)) - raft.server.rpc.slowness.timeout = 300s (custom)
2023-09-29 09:15:00,241 [3a494423-7ff4-4963-8d96-e6fb16151c55-groupManagement] INFO  server.RaftServerConfigKeys (ConfUtils.java:logGet(46)) - raft.server.leaderelection.leader.step-down.wait-time = 10s (default)
2023-09-29 09:15:00,241 [3a494423-7ff4-4963-8d96-e6fb16151c55-groupManagement] INFO  server.RaftServerConfigKeys (ConfUtils.java:logGet(46)) - raft.server.sleep.deviation.threshold = 300ms (default)
2023-09-29 09:15:00,241 [3a494423-7ff4-4963-8d96-e6fb16151c55-groupManagement] INFO  server.RaftServer$Division (ServerState.java:<init>(120)) - 3a494423-7ff4-4963-8d96-e6fb16151c55@group-666A1DBE2890: ConfigurationManager, init=-1: peers:[3a494423-7ff4-4963-8d96-e6fb16151c55|rpc:10.1.0.30:15076|admin:10.1.0.30:15075|client:10.1.0.30:15074|dataStream:10.1.0.30:15077|priority:1|startupRole:FOLLOWER]|listeners:[], old=null, confs=<EMPTY_MAP>
2023-09-29 09:15:00,241 [3a494423-7ff4-4963-8d96-e6fb16151c55-groupManagement] INFO  server.RaftServerConfigKeys (ConfUtils.java:logGet(46)) - raft.server.storage.dir = [/home/runner/work/ozone/ozone/hadoop-ozone/integration-test/target/test-dir/MiniOzoneClusterImpl-23fe215d-70cc-4cc8-8e82-38d5ce4d8890/datanode-1/data/ratis] (custom)
2023-09-29 09:15:00,241 [3a494423-7ff4-4963-8d96-e6fb16151c55-groupManagement] INFO  server.RaftServerConfigKeys (ConfUtils.java:logGet(46)) - raft.server.log.corruption.policy = EXCEPTION (default)
2023-09-29 09:15:00,242 [3a494423-7ff4-4963-8d96-e6fb16151c55-groupManagement] INFO  server.RaftServerConfigKeys (ConfUtils.java:logGet(46)) - raft.server.storage.free-space.min = 0MB (=0) (default)
2023-09-29 09:15:00,242 [3a494423-7ff4-4963-8d96-e6fb16151c55-groupManagement] INFO  server.RaftServerConfigKeys (ConfUtils.java:logGet(46)) - raft.server.notification.no-leader.timeout = 300s (custom)
2023-09-29 09:15:00,242 [3a494423-7ff4-4963-8d96-e6fb16151c55-groupManagement] INFO  server.RaftServerConfigKeys (ConfUtils.java:logGet(46)) - raft.server.read.timeout = 10s (default)
2023-09-29 09:15:00,242 [3a494423-7ff4-4963-8d96-e6fb16151c55-groupManagement] INFO  server.RaftServerConfigKeys (ConfUtils.java:logGet(46)) - raft.server.retrycache.expirytime = 600000ms (custom)
2023-09-29 09:15:00,242 [3a494423-7ff4-4963-8d96-e6fb16151c55-groupManagement] INFO  server.RaftServerConfigKeys (ConfUtils.java:logGet(46)) - raft.server.retrycache.statistics.expirytime = 100μs (default)
2023-09-29 09:15:00,242 [3a494423-7ff4-4963-8d96-e6fb16151c55-groupManagement] INFO  server.RaftServerConfigKeys (ConfUtils.java:logGet(46)) - raft.server.read.option = DEFAULT (default)
2023-09-29 09:15:00,243 [3a494423-7ff4-4963-8d96-e6fb16151c55-groupManagement] INFO  server.RaftServerConfigKeys (ConfUtils.java:logGet(46)) - raft.server.rpc.request.timeout = 60s (custom)
2023-09-29 09:15:00,243 [3a494423-7ff4-4963-8d96-e6fb16151c55-groupManagement] INFO  server.RaftServerConfigKeys (ConfUtils.java:logGet(46)) - raft.server.log.appender.install.snapshot.enabled = false (custom)
2023-09-29 09:15:00,243 [3a494423-7ff4-4963-8d96-e6fb16151c55-groupManagement] INFO  server.RaftServerConfigKeys (ConfUtils.java:logGet(46)) - raft.server.threadpool.server.cached = true (default)
2023-09-29 09:15:00,243 [3a494423-7ff4-4963-8d96-e6fb16151c55-groupManagement] INFO  server.RaftServerConfigKeys (ConfUtils.java:logGet(46)) - raft.server.threadpool.server.size = 0 (default)
2023-09-29 09:15:00,243 [3a494423-7ff4-4963-8d96-e6fb16151c55-groupManagement] INFO  server.RaftServerConfigKeys (ConfUtils.java:logGet(46)) - raft.server.threadpool.client.cached = true (default)
2023-09-29 09:15:00,243 [3a494423-7ff4-4963-8d96-e6fb16151c55-groupManagement] INFO  server.RaftServerConfigKeys (ConfUtils.java:logGet(46)) - raft.server.threadpool.client.size = 0 (default)
2023-09-29 09:15:00,243 [3a494423-7ff4-4963-8d96-e6fb16151c55-groupManagement] INFO  storage.RaftStorageDirectory (RaftStorageDirectoryImpl.java:analyzeStorage(137)) - The storage directory /home/runner/work/ozone/ozone/hadoop-ozone/integration-test/target/test-dir/MiniOzoneClusterImpl-23fe215d-70cc-4cc8-8e82-38d5ce4d8890/datanode-1/data/ratis/035332b4-7730-48c6-bfaf-666a1dbe2890 does not exist. Creating ...
2023-09-29 09:15:00,245 [3a494423-7ff4-4963-8d96-e6fb16151c55-groupManagement] INFO  storage.RaftStorageDirectory (RaftStorageDirectoryImpl.java:tryLock(231)) - Lock on /home/runner/work/ozone/ozone/hadoop-ozone/integration-test/target/test-dir/MiniOzoneClusterImpl-23fe215d-70cc-4cc8-8e82-38d5ce4d8890/datanode-1/data/ratis/035332b4-7730-48c6-bfaf-666a1dbe2890/in_use.lock acquired by nodename 20785@fv-az83-343
2023-09-29 09:15:00,247 [3a494423-7ff4-4963-8d96-e6fb16151c55-groupManagement] INFO  storage.RaftStorage (RaftStorageImpl.java:format(96)) - Storage directory /home/runner/work/ozone/ozone/hadoop-ozone/integration-test/target/test-dir/MiniOzoneClusterImpl-23fe215d-70cc-4cc8-8e82-38d5ce4d8890/datanode-1/data/ratis/035332b4-7730-48c6-bfaf-666a1dbe2890 has been successfully formatted.
2023-09-29 09:15:00,248 [3a494423-7ff4-4963-8d96-e6fb16151c55-groupManagement] INFO  ratis.ContainerStateMachine (ContainerStateMachine.java:loadSnapshot(262)) - group-666A1DBE2890: The snapshot info is null. Setting the last applied indexto:(t:0, i:~)
2023-09-29 09:15:00,248 [3a494423-7ff4-4963-8d96-e6fb16151c55-groupManagement] INFO  server.RaftServerConfigKeys (ConfUtils.java:logGet(46)) - raft.server.log.use.memory = false (default)
2023-09-29 09:15:00,249 [EventQueue-PipelineReportForPipelineReportHandler] INFO  pipeline.PipelineReportHandler (PipelineReportHandler.java:processPipelineReport(136)) - Opened pipeline PipelineID=035332b4-7730-48c6-bfaf-666a1dbe2890
2023-09-29 09:15:00,250 [EventQueue-OpenPipelineForHealthyPipelineSafeModeRule] INFO  safemode.SCMSafeModeManager (HealthyPipelineSafeModeRule.java:process(137)) - SCM in safe mode. Healthy pipelines reported count is 0, required healthy pipeline reported count is 1
2023-09-29 09:15:00,250 [3a494423-7ff4-4963-8d96-e6fb16151c55-groupManagement] INFO  server.RaftServerConfigKeys (ConfUtils.java:logGet(46)) - raft.server.log.purge.gap = 1000000 (custom)
2023-09-29 09:15:00,250 [3a494423-7ff4-4963-8d96-e6fb16151c55-groupManagement] INFO  server.RaftServerConfigKeys (ConfUtils.java:logGet(46)) - raft.server.log.appender.buffer.byte-limit = 33554432 (custom)
2023-09-29 09:15:00,253 [3a494423-7ff4-4963-8d96-e6fb16151c55-groupManagement] INFO  server.RaftServerConfigKeys (ConfUtils.java:logGet(46)) - raft.server.log.statemachine.data.read.timeout = 1000ms (default)
2023-09-29 09:15:00,253 [3a494423-7ff4-4963-8d96-e6fb16151c55-groupManagement] INFO  server.RaftServerConfigKeys (ConfUtils.java:logGet(46)) - raft.server.log.purge.preservation.log.num = 0 (default)
2023-09-29 09:15:00,253 [3a494423-7ff4-4963-8d96-e6fb16151c55-groupManagement] INFO  server.RaftServerConfigKeys (ConfUtils.java:logGet(46)) - raft.server.log.segment.size.max = 1048576 (custom)
2023-09-29 09:15:00,253 [3a494423-7ff4-4963-8d96-e6fb16151c55-groupManagement] INFO  server.RaftServerConfigKeys (ConfUtils.java:logGet(46)) - raft.server.log.segment.cache.num.max = 2 (custom)
2023-09-29 09:15:00,253 [3a494423-7ff4-4963-8d96-e6fb16151c55-groupManagement] INFO  server.RaftServerConfigKeys (ConfUtils.java:logGet(46)) - raft.server.log.segment.cache.size.max = 200MB (=209715200) (default)
2023-09-29 09:15:00,254 [3a494423-7ff4-4963-8d96-e6fb16151c55-groupManagement] INFO  server.RaftServerConfigKeys (ConfUtils.java:logGet(46)) - raft.server.log.appender.buffer.byte-limit = 33554432 (custom)
2023-09-29 09:15:00,254 [3a494423-7ff4-4963-8d96-e6fb16151c55-groupManagement] INFO  segmented.SegmentedRaftLogWorker (SegmentedRaftLogWorker.java:<init>(188)) - new 3a494423-7ff4-4963-8d96-e6fb16151c55@group-666A1DBE2890-SegmentedRaftLogWorker for RaftStorageImpl:Storage Directory /home/runner/work/ozone/ozone/hadoop-ozone/integration-test/target/test-dir/MiniOzoneClusterImpl-23fe215d-70cc-4cc8-8e82-38d5ce4d8890/datanode-1/data/ratis/035332b4-7730-48c6-bfaf-666a1dbe2890
2023-09-29 09:15:00,254 [3a494423-7ff4-4963-8d96-e6fb16151c55-groupManagement] INFO  server.RaftServerConfigKeys (ConfUtils.java:logGet(46)) - raft.server.log.queue.byte-limit = 4294967296 (custom)
2023-09-29 09:15:00,254 [3a494423-7ff4-4963-8d96-e6fb16151c55-groupManagement] INFO  server.RaftServerConfigKeys (ConfUtils.java:logGet(46)) - raft.server.log.queue.element-limit = 1024 (custom)
2023-09-29 09:15:00,254 [3a494423-7ff4-4963-8d96-e6fb16151c55-groupManagement] INFO  server.RaftServerConfigKeys (ConfUtils.java:logGet(46)) - raft.server.log.segment.size.max = 1048576 (custom)
2023-09-29 09:15:00,254 [3a494423-7ff4-4963-8d96-e6fb16151c55-groupManagement] INFO  server.RaftServerConfigKeys (ConfUtils.java:logGet(46)) - raft.server.log.preallocated.size = 16384 (custom)
2023-09-29 09:15:00,254 [3a494423-7ff4-4963-8d96-e6fb16151c55-groupManagement] INFO  server.RaftServerConfigKeys (ConfUtils.java:logGet(46)) - raft.server.log.force.sync.num = 128 (default)
2023-09-29 09:15:00,254 [3a494423-7ff4-4963-8d96-e6fb16151c55-groupManagement] INFO  server.RaftServerConfigKeys (ConfUtils.java:logGet(46)) - raft.server.log.statemachine.data.sync = true (default)
2023-09-29 09:15:00,254 [3a494423-7ff4-4963-8d96-e6fb16151c55-groupManagement] INFO  server.RaftServerConfigKeys (ConfUtils.java:logGet(46)) - raft.server.log.statemachine.data.sync.timeout = 10s (default)
2023-09-29 09:15:00,254 [3a494423-7ff4-4963-8d96-e6fb16151c55-groupManagement] INFO  server.RaftServerConfigKeys (ConfUtils.java:logGet(46)) - raft.server.log.statemachine.data.sync.timeout.retry = -1 (default)
2023-09-29 09:15:00,255 [3a494423-7ff4-4963-8d96-e6fb16151c55-groupManagement] INFO  server.RaftServerConfigKeys (ConfUtils.java:logGet(46)) - raft.server.log.write.buffer.size = 1048576 (custom)
2023-09-29 09:15:00,256 [3a494423-7ff4-4963-8d96-e6fb16151c55-groupManagement] INFO  server.RaftServerConfigKeys (ConfUtils.java:logGet(46)) - raft.server.log.appender.buffer.byte-limit = 33554432 (custom)
2023-09-29 09:15:00,262 [3a494423-7ff4-4963-8d96-e6fb16151c55-groupManagement] INFO  server.RaftServerConfigKeys (ConfUtils.java:logGet(46)) - raft.server.log.unsafe-flush.enabled = false (default)
2023-09-29 09:15:00,263 [3a494423-7ff4-4963-8d96-e6fb16151c55-groupManagement] INFO  server.RaftServerConfigKeys (ConfUtils.java:logGet(46)) - raft.server.log.async-flush.enabled = false (default)
2023-09-29 09:15:00,263 [3a494423-7ff4-4963-8d96-e6fb16151c55-groupManagement] INFO  server.RaftServerConfigKeys (ConfUtils.java:logGet(46)) - raft.server.log.statemachine.data.caching.enabled = true (custom)
2023-09-29 09:15:00,263 [3a494423-7ff4-4963-8d96-e6fb16151c55-groupManagement] INFO  segmented.SegmentedRaftLogWorker (SegmentedRaftLogWorker.java:lambda$new$0(135)) - 3a494423-7ff4-4963-8d96-e6fb16151c55@group-666A1DBE2890-SegmentedRaftLogWorker: flushIndex: setUnconditionally 0 -> -1
2023-09-29 09:15:00,263 [3a494423-7ff4-4963-8d96-e6fb16151c55-groupManagement] INFO  segmented.SegmentedRaftLogWorker (SegmentedRaftLogWorker.java:lambda$new$0(135)) - 3a494423-7ff4-4963-8d96-e6fb16151c55@group-666A1DBE2890-SegmentedRaftLogWorker: safeCacheEvictIndex: setUnconditionally 0 -> -1
2023-09-29 09:15:00,263 [3a494423-7ff4-4963-8d96-e6fb16151c55-groupManagement] INFO  server.RaftServer$Division (RaftServerImpl.java:start(342)) - 3a494423-7ff4-4963-8d96-e6fb16151c55@group-666A1DBE2890: start as a follower, conf=-1: peers:[3a494423-7ff4-4963-8d96-e6fb16151c55|rpc:10.1.0.30:15076|admin:10.1.0.30:15075|client:10.1.0.30:15074|dataStream:10.1.0.30:15077|priority:1|startupRole:FOLLOWER]|listeners:[], old=null
2023-09-29 09:15:00,263 [3a494423-7ff4-4963-8d96-e6fb16151c55-groupManagement] INFO  server.RaftServer$Division (RaftServerImpl.java:setRole(329)) - 3a494423-7ff4-4963-8d96-e6fb16151c55@group-666A1DBE2890: changes role from      null to FOLLOWER at term 0 for startAsFollower
2023-09-29 09:15:00,263 [3a494423-7ff4-4963-8d96-e6fb16151c55-groupManagement] INFO  impl.RoleInfo (RoleInfo.java:updateAndGet(139)) - 3a494423-7ff4-4963-8d96-e6fb16151c55: start 3a494423-7ff4-4963-8d96-e6fb16151c55@group-666A1DBE2890-FollowerState
2023-09-29 09:15:00,268 [3a494423-7ff4-4963-8d96-e6fb16151c55-groupManagement] INFO  util.JmxRegister (JmxRegister.java:tryRegister(44)) - Successfully registered JMX Bean with object name Ratis:service=RaftServer,group=group-666A1DBE2890,id=3a494423-7ff4-4963-8d96-e6fb16151c55
2023-09-29 09:15:00,268 [3a494423-7ff4-4963-8d96-e6fb16151c55-groupManagement] INFO  server.RaftServerConfigKeys (ConfUtils.java:logGet(46)) - raft.server.snapshot.auto.trigger.enabled = true (custom)
2023-09-29 09:15:00,268 [3a494423-7ff4-4963-8d96-e6fb16151c55-groupManagement] INFO  server.RaftServerConfigKeys (ConfUtils.java:logGet(46)) - raft.server.snapshot.auto.trigger.threshold = 10000 (custom)
2023-09-29 09:15:00,268 [3a494423-7ff4-4963-8d96-e6fb16151c55-groupManagement] INFO  server.RaftServerConfigKeys (ConfUtils.java:logGet(46)) - raft.server.snapshot.retention.file.num = 5 (custom)
2023-09-29 09:15:00,268 [3a494423-7ff4-4963-8d96-e6fb16151c55-groupManagement] INFO  server.RaftServerConfigKeys (ConfUtils.java:logGet(46)) - raft.server.log.purge.upto.snapshot.index = false (default)
2023-09-29 09:15:00,269 [PipelineCommandHandlerThread-0] INFO  ratis.XceiverServerRatis (XceiverServerRatis.java:addGroup(804)) - Created group PipelineID=035332b4-7730-48c6-bfaf-666a1dbe2890
2023-09-29 09:15:00,269 [PipelineCommandHandlerThread-0] INFO  commandhandler.CreatePipelineCommandHandler (CreatePipelineCommandHandler.java:lambda$handle$2(124)) - Created Pipeline RATIS ONE PipelineID=035332b4-7730-48c6-bfaf-666a1dbe2890.
2023-09-29 09:15:00,269 [3a494423-7ff4-4963-8d96-e6fb16151c55@group-666A1DBE2890-FollowerState] INFO  server.RaftServerConfigKeys (ConfUtils.java:logFallback(53)) - raft.server.rpc.first-election.timeout.min = 5s (fallback to raft.server.rpc.timeout.min)
2023-09-29 09:15:00,269 [3a494423-7ff4-4963-8d96-e6fb16151c55@group-666A1DBE2890-FollowerState] INFO  server.RaftServerConfigKeys (ConfUtils.java:logFallback(53)) - raft.server.rpc.first-election.timeout.max = 5200ms (fallback to raft.server.rpc.timeout.max)
2023-09-29 09:15:00,314 [main] INFO  ozone.MiniOzoneClusterImpl (MiniOzoneClusterImpl.java:lambda$waitForClusterToBeReady$0(229)) - Nodes are ready. Got 5 of 5 DN Heartbeats.
2023-09-29 09:15:00,314 [main] INFO  ozone.MiniOzoneClusterImpl (MiniOzoneClusterImpl.java:lambda$waitForClusterToBeReady$0(232)) - Waiting for cluster to exit safe mode
2023-09-29 09:15:00,315 [main] INFO  ozone.MiniOzoneClusterImpl (MiniOzoneClusterImpl.java:lambda$waitForClusterToBeReady$0(234)) - SCM became leader
2023-09-29 09:15:00,597 [PipelineCommandHandlerThread-0] INFO  server.RaftServer (RaftServerProxy.java:addNew(98)) - 10e0b218-8303-4db1-a541-e155d4944b6e: addNew group-ACDE7C9166EE:[10e0b218-8303-4db1-a541-e155d4944b6e|rpc:10.1.0.30:15085|admin:10.1.0.30:15084|client:10.1.0.30:15083|dataStream:10.1.0.30:15086|priority:1|startupRole:FOLLOWER] returns group-ACDE7C9166EE:java.util.concurrent.CompletableFuture@1cfa9bf6[Not completed]
2023-09-29 09:15:00,598 [10e0b218-8303-4db1-a541-e155d4944b6e-groupManagement] INFO  server.RaftServer$Division (RaftServerImpl.java:<init>(198)) - 10e0b218-8303-4db1-a541-e155d4944b6e: new RaftServerImpl for group-ACDE7C9166EE:[10e0b218-8303-4db1-a541-e155d4944b6e|rpc:10.1.0.30:15085|admin:10.1.0.30:15084|client:10.1.0.30:15083|dataStream:10.1.0.30:15086|priority:1|startupRole:FOLLOWER] with ContainerStateMachine:uninitialized
2023-09-29 09:15:00,599 [10e0b218-8303-4db1-a541-e155d4944b6e-groupManagement] INFO  server.RaftServerConfigKeys (ConfUtils.java:logGet(46)) - raft.server.rpc.timeout.min = 5s (custom)
2023-09-29 09:15:00,599 [10e0b218-8303-4db1-a541-e155d4944b6e-groupManagement] INFO  server.RaftServerConfigKeys (ConfUtils.java:logGet(46)) - raft.server.rpc.timeout.max = 5200ms (custom)
2023-09-29 09:15:00,599 [10e0b218-8303-4db1-a541-e155d4944b6e-groupManagement] INFO  server.RaftServerConfigKeys (ConfUtils.java:logGet(46)) - raft.server.rpc.sleep.time = 25ms (default)
2023-09-29 09:15:00,599 [10e0b218-8303-4db1-a541-e155d4944b6e-groupManagement] INFO  server.RaftServerConfigKeys (ConfUtils.java:logGet(46)) - raft.server.rpc.slowness.timeout = 300s (custom)
2023-09-29 09:15:00,599 [10e0b218-8303-4db1-a541-e155d4944b6e-groupManagement] INFO  server.RaftServerConfigKeys (ConfUtils.java:logGet(46)) - raft.server.leaderelection.leader.step-down.wait-time = 10s (default)
2023-09-29 09:15:00,599 [10e0b218-8303-4db1-a541-e155d4944b6e-groupManagement] INFO  server.RaftServerConfigKeys (ConfUtils.java:logGet(46)) - raft.server.sleep.deviation.threshold = 300ms (default)
2023-09-29 09:15:00,599 [10e0b218-8303-4db1-a541-e155d4944b6e-groupManagement] INFO  server.RaftServer$Division (ServerState.java:<init>(120)) - 10e0b218-8303-4db1-a541-e155d4944b6e@group-ACDE7C9166EE: ConfigurationManager, init=-1: peers:[10e0b218-8303-4db1-a541-e155d4944b6e|rpc:10.1.0.30:15085|admin:10.1.0.30:15084|client:10.1.0.30:15083|dataStream:10.1.0.30:15086|priority:1|startupRole:FOLLOWER]|listeners:[], old=null, confs=<EMPTY_MAP>
2023-09-29 09:15:00,599 [10e0b218-8303-4db1-a541-e155d4944b6e-groupManagement] INFO  server.RaftServerConfigKeys (ConfUtils.java:logGet(46)) - raft.server.storage.dir = [/home/runner/work/ozone/ozone/hadoop-ozone/integration-test/target/test-dir/MiniOzoneClusterImpl-23fe215d-70cc-4cc8-8e82-38d5ce4d8890/datanode-2/data/ratis] (custom)
2023-09-29 09:15:00,599 [10e0b218-8303-4db1-a541-e155d4944b6e-groupManagement] INFO  server.RaftServerConfigKeys (ConfUtils.java:logGet(46)) - raft.server.log.corruption.policy = EXCEPTION (default)
2023-09-29 09:15:00,599 [10e0b218-8303-4db1-a541-e155d4944b6e-groupManagement] INFO  server.RaftServerConfigKeys (ConfUtils.java:logGet(46)) - raft.server.storage.free-space.min = 0MB (=0) (default)
2023-09-29 09:15:00,600 [10e0b218-8303-4db1-a541-e155d4944b6e-groupManagement] INFO  server.RaftServerConfigKeys (ConfUtils.java:logGet(46)) - raft.server.notification.no-leader.timeout = 300s (custom)
2023-09-29 09:15:00,600 [10e0b218-8303-4db1-a541-e155d4944b6e-groupManagement] INFO  server.RaftServerConfigKeys (ConfUtils.java:logGet(46)) - raft.server.read.timeout = 10s (default)
2023-09-29 09:15:00,600 [10e0b218-8303-4db1-a541-e155d4944b6e-groupManagement] INFO  server.RaftServerConfigKeys (ConfUtils.java:logGet(46)) - raft.server.retrycache.expirytime = 600000ms (custom)
2023-09-29 09:15:00,600 [10e0b218-8303-4db1-a541-e155d4944b6e-groupManagement] INFO  server.RaftServerConfigKeys (ConfUtils.java:logGet(46)) - raft.server.retrycache.statistics.expirytime = 100μs (default)
2023-09-29 09:15:00,600 [10e0b218-8303-4db1-a541-e155d4944b6e-groupManagement] INFO  server.RaftServerConfigKeys (ConfUtils.java:logGet(46)) - raft.server.read.option = DEFAULT (default)
2023-09-29 09:15:00,601 [10e0b218-8303-4db1-a541-e155d4944b6e-groupManagement] INFO  server.RaftServerConfigKeys (ConfUtils.java:logGet(46)) - raft.server.rpc.request.timeout = 60s (custom)
2023-09-29 09:15:00,601 [10e0b218-8303-4db1-a541-e155d4944b6e-groupManagement] INFO  server.RaftServerConfigKeys (ConfUtils.java:logGet(46)) - raft.server.log.appender.install.snapshot.enabled = false (custom)
2023-09-29 09:15:00,601 [10e0b218-8303-4db1-a541-e155d4944b6e-groupManagement] INFO  server.RaftServerConfigKeys (ConfUtils.java:logGet(46)) - raft.server.threadpool.server.cached = true (default)
2023-09-29 09:15:00,601 [10e0b218-8303-4db1-a541-e155d4944b6e-groupManagement] INFO  server.RaftServerConfigKeys (ConfUtils.java:logGet(46)) - raft.server.threadpool.server.size = 0 (default)
2023-09-29 09:15:00,601 [10e0b218-8303-4db1-a541-e155d4944b6e-groupManagement] INFO  server.RaftServerConfigKeys (ConfUtils.java:logGet(46)) - raft.server.threadpool.client.cached = true (default)
2023-09-29 09:15:00,601 [10e0b218-8303-4db1-a541-e155d4944b6e-groupManagement] INFO  server.RaftServerConfigKeys (ConfUtils.java:logGet(46)) - raft.server.threadpool.client.size = 0 (default)
2023-09-29 09:15:00,601 [10e0b218-8303-4db1-a541-e155d4944b6e-groupManagement] INFO  storage.RaftStorageDirectory (RaftStorageDirectoryImpl.java:analyzeStorage(137)) - The storage directory /home/runner/work/ozone/ozone/hadoop-ozone/integration-test/target/test-dir/MiniOzoneClusterImpl-23fe215d-70cc-4cc8-8e82-38d5ce4d8890/datanode-2/data/ratis/41b7993d-7e6d-499e-9379-acde7c9166ee does not exist. Creating ...
2023-09-29 09:15:00,603 [10e0b218-8303-4db1-a541-e155d4944b6e-groupManagement] INFO  storage.RaftStorageDirectory (RaftStorageDirectoryImpl.java:tryLock(231)) - Lock on /home/runner/work/ozone/ozone/hadoop-ozone/integration-test/target/test-dir/MiniOzoneClusterImpl-23fe215d-70cc-4cc8-8e82-38d5ce4d8890/datanode-2/data/ratis/41b7993d-7e6d-499e-9379-acde7c9166ee/in_use.lock acquired by nodename 20785@fv-az83-343
2023-09-29 09:15:00,605 [10e0b218-8303-4db1-a541-e155d4944b6e-groupManagement] INFO  storage.RaftStorage (RaftStorageImpl.java:format(96)) - Storage directory /home/runner/work/ozone/ozone/hadoop-ozone/integration-test/target/test-dir/MiniOzoneClusterImpl-23fe215d-70cc-4cc8-8e82-38d5ce4d8890/datanode-2/data/ratis/41b7993d-7e6d-499e-9379-acde7c9166ee has been successfully formatted.
2023-09-29 09:15:00,605 [10e0b218-8303-4db1-a541-e155d4944b6e-groupManagement] INFO  ratis.ContainerStateMachine (ContainerStateMachine.java:loadSnapshot(262)) - group-ACDE7C9166EE: The snapshot info is null. Setting the last applied indexto:(t:0, i:~)
2023-09-29 09:15:00,605 [10e0b218-8303-4db1-a541-e155d4944b6e-groupManagement] INFO  server.RaftServerConfigKeys (ConfUtils.java:logGet(46)) - raft.server.log.use.memory = false (default)
2023-09-29 09:15:00,605 [10e0b218-8303-4db1-a541-e155d4944b6e-groupManagement] INFO  server.RaftServerConfigKeys (ConfUtils.java:logGet(46)) - raft.server.log.purge.gap = 1000000 (custom)
2023-09-29 09:15:00,605 [10e0b218-8303-4db1-a541-e155d4944b6e-groupManagement] INFO  server.RaftServerConfigKeys (ConfUtils.java:logGet(46)) - raft.server.log.appender.buffer.byte-limit = 33554432 (custom)
2023-09-29 09:15:00,606 [10e0b218-8303-4db1-a541-e155d4944b6e-groupManagement] INFO  server.RaftServerConfigKeys (ConfUtils.java:logGet(46)) - raft.server.log.statemachine.data.read.timeout = 1000ms (default)
2023-09-29 09:15:00,606 [10e0b218-8303-4db1-a541-e155d4944b6e-groupManagement] INFO  server.RaftServerConfigKeys (ConfUtils.java:logGet(46)) - raft.server.log.purge.preservation.log.num = 0 (default)
2023-09-29 09:15:00,606 [EventQueue-PipelineReportForPipelineReportHandler] INFO  pipeline.PipelineReportHandler (PipelineReportHandler.java:processPipelineReport(136)) - Opened pipeline PipelineID=41b7993d-7e6d-499e-9379-acde7c9166ee
2023-09-29 09:15:00,606 [10e0b218-8303-4db1-a541-e155d4944b6e-groupManagement] INFO  server.RaftServerConfigKeys (ConfUtils.java:logGet(46)) - raft.server.log.segment.size.max = 1048576 (custom)
2023-09-29 09:15:00,607 [EventQueue-OpenPipelineForHealthyPipelineSafeModeRule] INFO  safemode.SCMSafeModeManager (HealthyPipelineSafeModeRule.java:process(137)) - SCM in safe mode. Healthy pipelines reported count is 0, required healthy pipeline reported count is 1
2023-09-29 09:15:00,607 [10e0b218-8303-4db1-a541-e155d4944b6e-groupManagement] INFO  server.RaftServerConfigKeys (ConfUtils.java:logGet(46)) - raft.server.log.segment.cache.num.max = 2 (custom)
2023-09-29 09:15:00,607 [10e0b218-8303-4db1-a541-e155d4944b6e-groupManagement] INFO  server.RaftServerConfigKeys (ConfUtils.java:logGet(46)) - raft.server.log.segment.cache.size.max = 200MB (=209715200) (default)
2023-09-29 09:15:00,607 [10e0b218-8303-4db1-a541-e155d4944b6e-groupManagement] INFO  server.RaftServerConfigKeys (ConfUtils.java:logGet(46)) - raft.server.log.appender.buffer.byte-limit = 33554432 (custom)
2023-09-29 09:15:00,607 [10e0b218-8303-4db1-a541-e155d4944b6e-groupManagement] INFO  segmented.SegmentedRaftLogWorker (SegmentedRaftLogWorker.java:<init>(188)) - new 10e0b218-8303-4db1-a541-e155d4944b6e@group-ACDE7C9166EE-SegmentedRaftLogWorker for RaftStorageImpl:Storage Directory /home/runner/work/ozone/ozone/hadoop-ozone/integration-test/target/test-dir/MiniOzoneClusterImpl-23fe215d-70cc-4cc8-8e82-38d5ce4d8890/datanode-2/data/ratis/41b7993d-7e6d-499e-9379-acde7c9166ee
2023-09-29 09:15:00,607 [10e0b218-8303-4db1-a541-e155d4944b6e-groupManagement] INFO  server.RaftServerConfigKeys (ConfUtils.java:logGet(46)) - raft.server.log.queue.byte-limit = 4294967296 (custom)
2023-09-29 09:15:00,607 [10e0b218-8303-4db1-a541-e155d4944b6e-groupManagement] INFO  server.RaftServerConfigKeys (ConfUtils.java:logGet(46)) - raft.server.log.queue.element-limit = 1024 (custom)
2023-09-29 09:15:00,607 [10e0b218-8303-4db1-a541-e155d4944b6e-groupManagement] INFO  server.RaftServerConfigKeys (ConfUtils.java:logGet(46)) - raft.server.log.segment.size.max = 1048576 (custom)
2023-09-29 09:15:00,608 [10e0b218-8303-4db1-a541-e155d4944b6e-groupManagement] INFO  server.RaftServerConfigKeys (ConfUtils.java:logGet(46)) - raft.server.log.preallocated.size = 16384 (custom)
2023-09-29 09:15:00,608 [10e0b218-8303-4db1-a541-e155d4944b6e-groupManagement] INFO  server.RaftServerConfigKeys (ConfUtils.java:logGet(46)) - raft.server.log.force.sync.num = 128 (default)
2023-09-29 09:15:00,608 [10e0b218-8303-4db1-a541-e155d4944b6e-groupManagement] INFO  server.RaftServerConfigKeys (ConfUtils.java:logGet(46)) - raft.server.log.statemachine.data.sync = true (default)
2023-09-29 09:15:00,608 [10e0b218-8303-4db1-a541-e155d4944b6e-groupManagement] INFO  server.RaftServerConfigKeys (ConfUtils.java:logGet(46)) - raft.server.log.statemachine.data.sync.timeout = 10s (default)
2023-09-29 09:15:00,608 [10e0b218-8303-4db1-a541-e155d4944b6e-groupManagement] INFO  server.RaftServerConfigKeys (ConfUtils.java:logGet(46)) - raft.server.log.statemachine.data.sync.timeout.retry = -1 (default)
2023-09-29 09:15:00,609 [10e0b218-8303-4db1-a541-e155d4944b6e-groupManagement] INFO  server.RaftServerConfigKeys (ConfUtils.java:logGet(46)) - raft.server.log.write.buffer.size = 1048576 (custom)
2023-09-29 09:15:00,609 [10e0b218-8303-4db1-a541-e155d4944b6e-groupManagement] INFO  server.RaftServerConfigKeys (ConfUtils.java:logGet(46)) - raft.server.log.appender.buffer.byte-limit = 33554432 (custom)
2023-09-29 09:15:00,708 [10e0b218-8303-4db1-a541-e155d4944b6e-groupManagement] INFO  server.RaftServerConfigKeys (ConfUtils.java:logGet(46)) - raft.server.log.unsafe-flush.enabled = false (default)
2023-09-29 09:15:00,709 [10e0b218-8303-4db1-a541-e155d4944b6e-groupManagement] INFO  server.RaftServerConfigKeys (ConfUtils.java:logGet(46)) - raft.server.log.async-flush.enabled = false (default)
2023-09-29 09:15:00,709 [10e0b218-8303-4db1-a541-e155d4944b6e-groupManagement] INFO  server.RaftServerConfigKeys (ConfUtils.java:logGet(46)) - raft.server.log.statemachine.data.caching.enabled = true (custom)
2023-09-29 09:15:00,709 [10e0b218-8303-4db1-a541-e155d4944b6e-groupManagement] INFO  segmented.SegmentedRaftLogWorker (SegmentedRaftLogWorker.java:lambda$new$0(135)) - 10e0b218-8303-4db1-a541-e155d4944b6e@group-ACDE7C9166EE-SegmentedRaftLogWorker: flushIndex: setUnconditionally 0 -> -1
2023-09-29 09:15:00,713 [10e0b218-8303-4db1-a541-e155d4944b6e-groupManagement] INFO  segmented.SegmentedRaftLogWorker (SegmentedRaftLogWorker.java:lambda$new$0(135)) - 10e0b218-8303-4db1-a541-e155d4944b6e@group-ACDE7C9166EE-SegmentedRaftLogWorker: safeCacheEvictIndex: setUnconditionally 0 -> -1
2023-09-29 09:15:00,716 [10e0b218-8303-4db1-a541-e155d4944b6e-groupManagement] INFO  server.RaftServer$Division (RaftServerImpl.java:start(342)) - 10e0b218-8303-4db1-a541-e155d4944b6e@group-ACDE7C9166EE: start as a follower, conf=-1: peers:[10e0b218-8303-4db1-a541-e155d4944b6e|rpc:10.1.0.30:15085|admin:10.1.0.30:15084|client:10.1.0.30:15083|dataStream:10.1.0.30:15086|priority:1|startupRole:FOLLOWER]|listeners:[], old=null
2023-09-29 09:15:00,716 [10e0b218-8303-4db1-a541-e155d4944b6e-groupManagement] INFO  server.RaftServer$Division (RaftServerImpl.java:setRole(329)) - 10e0b218-8303-4db1-a541-e155d4944b6e@group-ACDE7C9166EE: changes role from      null to FOLLOWER at term 0 for startAsFollower
2023-09-29 09:15:00,716 [10e0b218-8303-4db1-a541-e155d4944b6e-groupManagement] INFO  impl.RoleInfo (RoleInfo.java:updateAndGet(139)) - 10e0b218-8303-4db1-a541-e155d4944b6e: start 10e0b218-8303-4db1-a541-e155d4944b6e@group-ACDE7C9166EE-FollowerState
2023-09-29 09:15:00,721 [10e0b218-8303-4db1-a541-e155d4944b6e-groupManagement] INFO  util.JmxRegister (JmxRegister.java:tryRegister(44)) - Successfully registered JMX Bean with object name Ratis:service=RaftServer,group=group-ACDE7C9166EE,id=10e0b218-8303-4db1-a541-e155d4944b6e
2023-09-29 09:15:00,723 [10e0b218-8303-4db1-a541-e155d4944b6e-groupManagement] INFO  server.RaftServerConfigKeys (ConfUtils.java:logGet(46)) - raft.server.snapshot.auto.trigger.enabled = true (custom)
2023-09-29 09:15:00,723 [10e0b218-8303-4db1-a541-e155d4944b6e-groupManagement] INFO  server.RaftServerConfigKeys (ConfUtils.java:logGet(46)) - raft.server.snapshot.auto.trigger.threshold = 10000 (custom)
2023-09-29 09:15:00,724 [10e0b218-8303-4db1-a541-e155d4944b6e-groupManagement] INFO  server.RaftServerConfigKeys (ConfUtils.java:logGet(46)) - raft.server.snapshot.retention.file.num = 5 (custom)
2023-09-29 09:15:00,724 [10e0b218-8303-4db1-a541-e155d4944b6e-groupManagement] INFO  server.RaftServerConfigKeys (ConfUtils.java:logGet(46)) - raft.server.log.purge.upto.snapshot.index = false (default)
2023-09-29 09:15:00,723 [10e0b218-8303-4db1-a541-e155d4944b6e@group-ACDE7C9166EE-FollowerState] INFO  server.RaftServerConfigKeys (ConfUtils.java:logFallback(53)) - raft.server.rpc.first-election.timeout.min = 5s (fallback to raft.server.rpc.timeout.min)
2023-09-29 09:15:00,724 [10e0b218-8303-4db1-a541-e155d4944b6e@group-ACDE7C9166EE-FollowerState] INFO  server.RaftServerConfigKeys (ConfUtils.java:logFallback(53)) - raft.server.rpc.first-election.timeout.max = 5200ms (fallback to raft.server.rpc.timeout.max)
2023-09-29 09:15:00,724 [PipelineCommandHandlerThread-0] INFO  ratis.XceiverServerRatis (XceiverServerRatis.java:addGroup(804)) - Created group PipelineID=41b7993d-7e6d-499e-9379-acde7c9166ee
2023-09-29 09:15:00,724 [PipelineCommandHandlerThread-0] INFO  commandhandler.CreatePipelineCommandHandler (CreatePipelineCommandHandler.java:lambda$handle$2(124)) - Created Pipeline RATIS ONE PipelineID=41b7993d-7e6d-499e-9379-acde7c9166ee.
2023-09-29 09:15:00,932 [PipelineCommandHandlerThread-0] INFO  server.RaftServer (RaftServerProxy.java:addNew(98)) - c0cdbf58-0bce-4385-b76e-2e20c526d69e: addNew group-33C5C56A9A97:[c0cdbf58-0bce-4385-b76e-2e20c526d69e|rpc:10.1.0.30:15094|admin:10.1.0.30:15093|client:10.1.0.30:15092|dataStream:10.1.0.30:15095|priority:1|startupRole:FOLLOWER] returns group-33C5C56A9A97:java.util.concurrent.CompletableFuture@21b6f964[Not completed]
2023-09-29 09:15:00,934 [c0cdbf58-0bce-4385-b76e-2e20c526d69e-groupManagement] INFO  server.RaftServer$Division (RaftServerImpl.java:<init>(198)) - c0cdbf58-0bce-4385-b76e-2e20c526d69e: new RaftServerImpl for group-33C5C56A9A97:[c0cdbf58-0bce-4385-b76e-2e20c526d69e|rpc:10.1.0.30:15094|admin:10.1.0.30:15093|client:10.1.0.30:15092|dataStream:10.1.0.30:15095|priority:1|startupRole:FOLLOWER] with ContainerStateMachine:uninitialized
2023-09-29 09:15:00,934 [c0cdbf58-0bce-4385-b76e-2e20c526d69e-groupManagement] INFO  server.RaftServerConfigKeys (ConfUtils.java:logGet(46)) - raft.server.rpc.timeout.min = 5s (custom)
2023-09-29 09:15:00,934 [c0cdbf58-0bce-4385-b76e-2e20c526d69e-groupManagement] INFO  server.RaftServerConfigKeys (ConfUtils.java:logGet(46)) - raft.server.rpc.timeout.max = 5200ms (custom)
2023-09-29 09:15:00,934 [c0cdbf58-0bce-4385-b76e-2e20c526d69e-groupManagement] INFO  server.RaftServerConfigKeys (ConfUtils.java:logGet(46)) - raft.server.rpc.sleep.time = 25ms (default)
2023-09-29 09:15:00,934 [c0cdbf58-0bce-4385-b76e-2e20c526d69e-groupManagement] INFO  server.RaftServerConfigKeys (ConfUtils.java:logGet(46)) - raft.server.rpc.slowness.timeout = 300s (custom)
2023-09-29 09:15:00,934 [c0cdbf58-0bce-4385-b76e-2e20c526d69e-groupManagement] INFO  server.RaftServerConfigKeys (ConfUtils.java:logGet(46)) - raft.server.leaderelection.leader.step-down.wait-time = 10s (default)
2023-09-29 09:15:00,934 [c0cdbf58-0bce-4385-b76e-2e20c526d69e-groupManagement] INFO  server.RaftServerConfigKeys (ConfUtils.java:logGet(46)) - raft.server.sleep.deviation.threshold = 300ms (default)
2023-09-29 09:15:00,935 [c0cdbf58-0bce-4385-b76e-2e20c526d69e-groupManagement] INFO  server.RaftServer$Division (ServerState.java:<init>(120)) - c0cdbf58-0bce-4385-b76e-2e20c526d69e@group-33C5C56A9A97: ConfigurationManager, init=-1: peers:[c0cdbf58-0bce-4385-b76e-2e20c526d69e|rpc:10.1.0.30:15094|admin:10.1.0.30:15093|client:10.1.0.30:15092|dataStream:10.1.0.30:15095|priority:1|startupRole:FOLLOWER]|listeners:[], old=null, confs=<EMPTY_MAP>
2023-09-29 09:15:00,935 [c0cdbf58-0bce-4385-b76e-2e20c526d69e-groupManagement] INFO  server.RaftServerConfigKeys (ConfUtils.java:logGet(46)) - raft.server.storage.dir = [/home/runner/work/ozone/ozone/hadoop-ozone/integration-test/target/test-dir/MiniOzoneClusterImpl-23fe215d-70cc-4cc8-8e82-38d5ce4d8890/datanode-3/data/ratis] (custom)
2023-09-29 09:15:00,935 [c0cdbf58-0bce-4385-b76e-2e20c526d69e-groupManagement] INFO  server.RaftServerConfigKeys (ConfUtils.java:logGet(46)) - raft.server.log.corruption.policy = EXCEPTION (default)
2023-09-29 09:15:00,935 [c0cdbf58-0bce-4385-b76e-2e20c526d69e-groupManagement] INFO  server.RaftServerConfigKeys (ConfUtils.java:logGet(46)) - raft.server.storage.free-space.min = 0MB (=0) (default)
2023-09-29 09:15:00,935 [c0cdbf58-0bce-4385-b76e-2e20c526d69e-groupManagement] INFO  server.RaftServerConfigKeys (ConfUtils.java:logGet(46)) - raft.server.notification.no-leader.timeout = 300s (custom)
2023-09-29 09:15:00,935 [c0cdbf58-0bce-4385-b76e-2e20c526d69e-groupManagement] INFO  server.RaftServerConfigKeys (ConfUtils.java:logGet(46)) - raft.server.read.timeout = 10s (default)
2023-09-29 09:15:00,935 [c0cdbf58-0bce-4385-b76e-2e20c526d69e-groupManagement] INFO  server.RaftServerConfigKeys (ConfUtils.java:logGet(46)) - raft.server.retrycache.expirytime = 600000ms (custom)
2023-09-29 09:15:00,935 [c0cdbf58-0bce-4385-b76e-2e20c526d69e-groupManagement] INFO  server.RaftServerConfigKeys (ConfUtils.java:logGet(46)) - raft.server.retrycache.statistics.expirytime = 100μs (default)
2023-09-29 09:15:00,935 [c0cdbf58-0bce-4385-b76e-2e20c526d69e-groupManagement] INFO  server.RaftServerConfigKeys (ConfUtils.java:logGet(46)) - raft.server.read.option = DEFAULT (default)
2023-09-29 09:15:00,936 [c0cdbf58-0bce-4385-b76e-2e20c526d69e-groupManagement] INFO  server.RaftServerConfigKeys (ConfUtils.java:logGet(46)) - raft.server.rpc.request.timeout = 60s (custom)
2023-09-29 09:15:00,936 [c0cdbf58-0bce-4385-b76e-2e20c526d69e-groupManagement] INFO  server.RaftServerConfigKeys (ConfUtils.java:logGet(46)) - raft.server.log.appender.install.snapshot.enabled = false (custom)
2023-09-29 09:15:00,936 [c0cdbf58-0bce-4385-b76e-2e20c526d69e-groupManagement] INFO  server.RaftServerConfigKeys (ConfUtils.java:logGet(46)) - raft.server.threadpool.server.cached = true (default)
2023-09-29 09:15:00,936 [c0cdbf58-0bce-4385-b76e-2e20c526d69e-groupManagement] INFO  server.RaftServerConfigKeys (ConfUtils.java:logGet(46)) - raft.server.threadpool.server.size = 0 (default)
2023-09-29 09:15:00,937 [c0cdbf58-0bce-4385-b76e-2e20c526d69e-groupManagement] INFO  server.RaftServerConfigKeys (ConfUtils.java:logGet(46)) - raft.server.threadpool.client.cached = true (default)
2023-09-29 09:15:00,937 [c0cdbf58-0bce-4385-b76e-2e20c526d69e-groupManagement] INFO  server.RaftServerConfigKeys (ConfUtils.java:logGet(46)) - raft.server.threadpool.client.size = 0 (default)
2023-09-29 09:15:00,937 [c0cdbf58-0bce-4385-b76e-2e20c526d69e-groupManagement] INFO  storage.RaftStorageDirectory (RaftStorageDirectoryImpl.java:analyzeStorage(137)) - The storage directory /home/runner/work/ozone/ozone/hadoop-ozone/integration-test/target/test-dir/MiniOzoneClusterImpl-23fe215d-70cc-4cc8-8e82-38d5ce4d8890/datanode-3/data/ratis/812d4560-ae5d-4992-b858-33c5c56a9a97 does not exist. Creating ...
2023-09-29 09:15:00,938 [c0cdbf58-0bce-4385-b76e-2e20c526d69e-groupManagement] INFO  storage.RaftStorageDirectory (RaftStorageDirectoryImpl.java:tryLock(231)) - Lock on /home/runner/work/ozone/ozone/hadoop-ozone/integration-test/target/test-dir/MiniOzoneClusterImpl-23fe215d-70cc-4cc8-8e82-38d5ce4d8890/datanode-3/data/ratis/812d4560-ae5d-4992-b858-33c5c56a9a97/in_use.lock acquired by nodename 20785@fv-az83-343
2023-09-29 09:15:00,940 [c0cdbf58-0bce-4385-b76e-2e20c526d69e-groupManagement] INFO  storage.RaftStorage (RaftStorageImpl.java:format(96)) - Storage directory /home/runner/work/ozone/ozone/hadoop-ozone/integration-test/target/test-dir/MiniOzoneClusterImpl-23fe215d-70cc-4cc8-8e82-38d5ce4d8890/datanode-3/data/ratis/812d4560-ae5d-4992-b858-33c5c56a9a97 has been successfully formatted.
2023-09-29 09:15:00,942 [c0cdbf58-0bce-4385-b76e-2e20c526d69e-groupManagement] INFO  ratis.ContainerStateMachine (ContainerStateMachine.java:loadSnapshot(262)) - group-33C5C56A9A97: The snapshot info is null. Setting the last applied indexto:(t:0, i:~)
2023-09-29 09:15:00,942 [c0cdbf58-0bce-4385-b76e-2e20c526d69e-groupManagement] INFO  server.RaftServerConfigKeys (ConfUtils.java:logGet(46)) - raft.server.log.use.memory = false (default)
2023-09-29 09:15:00,942 [c0cdbf58-0bce-4385-b76e-2e20c526d69e-groupManagement] INFO  server.RaftServerConfigKeys (ConfUtils.java:logGet(46)) - raft.server.log.purge.gap = 1000000 (custom)
2023-09-29 09:15:00,943 [c0cdbf58-0bce-4385-b76e-2e20c526d69e-groupManagement] INFO  server.RaftServerConfigKeys (ConfUtils.java:logGet(46)) - raft.server.log.appender.buffer.byte-limit = 33554432 (custom)
2023-09-29 09:15:00,943 [c0cdbf58-0bce-4385-b76e-2e20c526d69e-groupManagement] INFO  server.RaftServerConfigKeys (ConfUtils.java:logGet(46)) - raft.server.log.statemachine.data.read.timeout = 1000ms (default)
2023-09-29 09:15:00,943 [c0cdbf58-0bce-4385-b76e-2e20c526d69e-groupManagement] INFO  server.RaftServerConfigKeys (ConfUtils.java:logGet(46)) - raft.server.log.purge.preservation.log.num = 0 (default)
2023-09-29 09:15:00,943 [c0cdbf58-0bce-4385-b76e-2e20c526d69e-groupManagement] INFO  server.RaftServerConfigKeys (ConfUtils.java:logGet(46)) - raft.server.log.segment.size.max = 1048576 (custom)
2023-09-29 09:15:00,943 [c0cdbf58-0bce-4385-b76e-2e20c526d69e-groupManagement] INFO  server.RaftServerConfigKeys (ConfUtils.java:logGet(46)) - raft.server.log.segment.cache.num.max = 2 (custom)
2023-09-29 09:15:00,943 [c0cdbf58-0bce-4385-b76e-2e20c526d69e-groupManagement] INFO  server.RaftServerConfigKeys (ConfUtils.java:logGet(46)) - raft.server.log.segment.cache.size.max = 200MB (=209715200) (default)
2023-09-29 09:15:00,943 [EventQueue-PipelineReportForPipelineReportHandler] INFO  pipeline.PipelineReportHandler (PipelineReportHandler.java:processPipelineReport(136)) - Opened pipeline PipelineID=812d4560-ae5d-4992-b858-33c5c56a9a97
2023-09-29 09:15:00,943 [c0cdbf58-0bce-4385-b76e-2e20c526d69e-groupManagement] INFO  server.RaftServerConfigKeys (ConfUtils.java:logGet(46)) - raft.server.log.appender.buffer.byte-limit = 33554432 (custom)
2023-09-29 09:15:00,944 [c0cdbf58-0bce-4385-b76e-2e20c526d69e-groupManagement] INFO  segmented.SegmentedRaftLogWorker (SegmentedRaftLogWorker.java:<init>(188)) - new c0cdbf58-0bce-4385-b76e-2e20c526d69e@group-33C5C56A9A97-SegmentedRaftLogWorker for RaftStorageImpl:Storage Directory /home/runner/work/ozone/ozone/hadoop-ozone/integration-test/target/test-dir/MiniOzoneClusterImpl-23fe215d-70cc-4cc8-8e82-38d5ce4d8890/datanode-3/data/ratis/812d4560-ae5d-4992-b858-33c5c56a9a97
2023-09-29 09:15:00,944 [EventQueue-OpenPipelineForHealthyPipelineSafeModeRule] INFO  safemode.SCMSafeModeManager (HealthyPipelineSafeModeRule.java:process(137)) - SCM in safe mode. Healthy pipelines reported count is 0, required healthy pipeline reported count is 1
2023-09-29 09:15:00,944 [c0cdbf58-0bce-4385-b76e-2e20c526d69e-groupManagement] INFO  server.RaftServerConfigKeys (ConfUtils.java:logGet(46)) - raft.server.log.queue.byte-limit = 4294967296 (custom)
2023-09-29 09:15:00,944 [c0cdbf58-0bce-4385-b76e-2e20c526d69e-groupManagement] INFO  server.RaftServerConfigKeys (ConfUtils.java:logGet(46)) - raft.server.log.queue.element-limit = 1024 (custom)
2023-09-29 09:15:00,944 [c0cdbf58-0bce-4385-b76e-2e20c526d69e-groupManagement] INFO  server.RaftServerConfigKeys (ConfUtils.java:logGet(46)) - raft.server.log.segment.size.max = 1048576 (custom)
2023-09-29 09:15:00,944 [c0cdbf58-0bce-4385-b76e-2e20c526d69e-groupManagement] INFO  server.RaftServerConfigKeys (ConfUtils.java:logGet(46)) - raft.server.log.preallocated.size = 16384 (custom)
2023-09-29 09:15:00,944 [c0cdbf58-0bce-4385-b76e-2e20c526d69e-groupManagement] INFO  server.RaftServerConfigKeys (ConfUtils.java:logGet(46)) - raft.server.log.force.sync.num = 128 (default)
2023-09-29 09:15:00,946 [c0cdbf58-0bce-4385-b76e-2e20c526d69e-groupManagement] INFO  server.RaftServerConfigKeys (ConfUtils.java:logGet(46)) - raft.server.log.statemachine.data.sync = true (default)
2023-09-29 09:15:00,946 [c0cdbf58-0bce-4385-b76e-2e20c526d69e-groupManagement] INFO  server.RaftServerConfigKeys (ConfUtils.java:logGet(46)) - raft.server.log.statemachine.data.sync.timeout = 10s (default)
2023-09-29 09:15:00,946 [c0cdbf58-0bce-4385-b76e-2e20c526d69e-groupManagement] INFO  server.RaftServerConfigKeys (ConfUtils.java:logGet(46)) - raft.server.log.statemachine.data.sync.timeout.retry = -1 (default)
2023-09-29 09:15:00,947 [c0cdbf58-0bce-4385-b76e-2e20c526d69e-groupManagement] INFO  server.RaftServerConfigKeys (ConfUtils.java:logGet(46)) - raft.server.log.write.buffer.size = 1048576 (custom)
2023-09-29 09:15:00,947 [c0cdbf58-0bce-4385-b76e-2e20c526d69e-groupManagement] INFO  server.RaftServerConfigKeys (ConfUtils.java:logGet(46)) - raft.server.log.appender.buffer.byte-limit = 33554432 (custom)
2023-09-29 09:15:00,953 [c0cdbf58-0bce-4385-b76e-2e20c526d69e-groupManagement] INFO  server.RaftServerConfigKeys (ConfUtils.java:logGet(46)) - raft.server.log.unsafe-flush.enabled = false (default)
2023-09-29 09:15:00,954 [c0cdbf58-0bce-4385-b76e-2e20c526d69e-groupManagement] INFO  server.RaftServerConfigKeys (ConfUtils.java:logGet(46)) - raft.server.log.async-flush.enabled = false (default)
2023-09-29 09:15:00,954 [c0cdbf58-0bce-4385-b76e-2e20c526d69e-groupManagement] INFO  server.RaftServerConfigKeys (ConfUtils.java:logGet(46)) - raft.server.log.statemachine.data.caching.enabled = true (custom)
2023-09-29 09:15:00,954 [c0cdbf58-0bce-4385-b76e-2e20c526d69e-groupManagement] INFO  segmented.SegmentedRaftLogWorker (SegmentedRaftLogWorker.java:lambda$new$0(135)) - c0cdbf58-0bce-4385-b76e-2e20c526d69e@group-33C5C56A9A97-SegmentedRaftLogWorker: flushIndex: setUnconditionally 0 -> -1
2023-09-29 09:15:00,954 [c0cdbf58-0bce-4385-b76e-2e20c526d69e-groupManagement] INFO  segmented.SegmentedRaftLogWorker (SegmentedRaftLogWorker.java:lambda$new$0(135)) - c0cdbf58-0bce-4385-b76e-2e20c526d69e@group-33C5C56A9A97-SegmentedRaftLogWorker: safeCacheEvictIndex: setUnconditionally 0 -> -1
2023-09-29 09:15:00,954 [c0cdbf58-0bce-4385-b76e-2e20c526d69e-groupManagement] INFO  server.RaftServer$Division (RaftServerImpl.java:start(342)) - c0cdbf58-0bce-4385-b76e-2e20c526d69e@group-33C5C56A9A97: start as a follower, conf=-1: peers:[c0cdbf58-0bce-4385-b76e-2e20c526d69e|rpc:10.1.0.30:15094|admin:10.1.0.30:15093|client:10.1.0.30:15092|dataStream:10.1.0.30:15095|priority:1|startupRole:FOLLOWER]|listeners:[], old=null
2023-09-29 09:15:00,954 [c0cdbf58-0bce-4385-b76e-2e20c526d69e-groupManagement] INFO  server.RaftServer$Division (RaftServerImpl.java:setRole(329)) - c0cdbf58-0bce-4385-b76e-2e20c526d69e@group-33C5C56A9A97: changes role from      null to FOLLOWER at term 0 for startAsFollower
2023-09-29 09:15:00,955 [c0cdbf58-0bce-4385-b76e-2e20c526d69e-groupManagement] INFO  impl.RoleInfo (RoleInfo.java:updateAndGet(139)) - c0cdbf58-0bce-4385-b76e-2e20c526d69e: start c0cdbf58-0bce-4385-b76e-2e20c526d69e@group-33C5C56A9A97-FollowerState
2023-09-29 09:15:00,956 [c0cdbf58-0bce-4385-b76e-2e20c526d69e-groupManagement] INFO  util.JmxRegister (JmxRegister.java:tryRegister(44)) - Successfully registered JMX Bean with object name Ratis:service=RaftServer,group=group-33C5C56A9A97,id=c0cdbf58-0bce-4385-b76e-2e20c526d69e
2023-09-29 09:15:00,956 [c0cdbf58-0bce-4385-b76e-2e20c526d69e-groupManagement] INFO  server.RaftServerConfigKeys (ConfUtils.java:logGet(46)) - raft.server.snapshot.auto.trigger.enabled = true (custom)
2023-09-29 09:15:00,956 [c0cdbf58-0bce-4385-b76e-2e20c526d69e-groupManagement] INFO  server.RaftServerConfigKeys (ConfUtils.java:logGet(46)) - raft.server.snapshot.auto.trigger.threshold = 10000 (custom)
2023-09-29 09:15:00,956 [c0cdbf58-0bce-4385-b76e-2e20c526d69e-groupManagement] INFO  server.RaftServerConfigKeys (ConfUtils.java:logGet(46)) - raft.server.snapshot.retention.file.num = 5 (custom)
2023-09-29 09:15:00,956 [c0cdbf58-0bce-4385-b76e-2e20c526d69e-groupManagement] INFO  server.RaftServerConfigKeys (ConfUtils.java:logGet(46)) - raft.server.log.purge.upto.snapshot.index = false (default)
2023-09-29 09:15:00,957 [c0cdbf58-0bce-4385-b76e-2e20c526d69e@group-33C5C56A9A97-FollowerState] INFO  server.RaftServerConfigKeys (ConfUtils.java:logFallback(53)) - raft.server.rpc.first-election.timeout.min = 5s (fallback to raft.server.rpc.timeout.min)
2023-09-29 09:15:00,957 [c0cdbf58-0bce-4385-b76e-2e20c526d69e@group-33C5C56A9A97-FollowerState] INFO  server.RaftServerConfigKeys (ConfUtils.java:logFallback(53)) - raft.server.rpc.first-election.timeout.max = 5200ms (fallback to raft.server.rpc.timeout.max)
2023-09-29 09:15:00,960 [PipelineCommandHandlerThread-0] INFO  ratis.XceiverServerRatis (XceiverServerRatis.java:addGroup(804)) - Created group PipelineID=812d4560-ae5d-4992-b858-33c5c56a9a97
2023-09-29 09:15:00,960 [PipelineCommandHandlerThread-0] INFO  commandhandler.CreatePipelineCommandHandler (CreatePipelineCommandHandler.java:lambda$handle$2(124)) - Created Pipeline RATIS ONE PipelineID=812d4560-ae5d-4992-b858-33c5c56a9a97.
2023-09-29 09:15:01,315 [main] INFO  ozone.MiniOzoneClusterImpl (MiniOzoneClusterImpl.java:lambda$waitForClusterToBeReady$0(229)) - Nodes are ready. Got 5 of 5 DN Heartbeats.
2023-09-29 09:15:01,315 [main] INFO  ozone.MiniOzoneClusterImpl (MiniOzoneClusterImpl.java:lambda$waitForClusterToBeReady$0(232)) - Waiting for cluster to exit safe mode
2023-09-29 09:15:01,315 [main] INFO  ozone.MiniOzoneClusterImpl (MiniOzoneClusterImpl.java:lambda$waitForClusterToBeReady$0(234)) - SCM became leader
2023-09-29 09:15:01,324 [PipelineCommandHandlerThread-0] INFO  server.RaftServer (RaftServerProxy.java:addNew(98)) - 621c2e90-a4eb-4c74-8f52-bedc5a92b31f: addNew group-D59FE00375CE:[621c2e90-a4eb-4c74-8f52-bedc5a92b31f|rpc:10.1.0.30:15103|admin:10.1.0.30:15102|client:10.1.0.30:15101|dataStream:10.1.0.30:15104|priority:1|startupRole:FOLLOWER] returns group-D59FE00375CE:java.util.concurrent.CompletableFuture@788911c[Not completed]
2023-09-29 09:15:01,328 [621c2e90-a4eb-4c74-8f52-bedc5a92b31f-groupManagement] INFO  server.RaftServer$Division (RaftServerImpl.java:<init>(198)) - 621c2e90-a4eb-4c74-8f52-bedc5a92b31f: new RaftServerImpl for group-D59FE00375CE:[621c2e90-a4eb-4c74-8f52-bedc5a92b31f|rpc:10.1.0.30:15103|admin:10.1.0.30:15102|client:10.1.0.30:15101|dataStream:10.1.0.30:15104|priority:1|startupRole:FOLLOWER] with ContainerStateMachine:uninitialized
2023-09-29 09:15:01,328 [621c2e90-a4eb-4c74-8f52-bedc5a92b31f-groupManagement] INFO  server.RaftServerConfigKeys (ConfUtils.java:logGet(46)) - raft.server.rpc.timeout.min = 5s (custom)
2023-09-29 09:15:01,328 [621c2e90-a4eb-4c74-8f52-bedc5a92b31f-groupManagement] INFO  server.RaftServerConfigKeys (ConfUtils.java:logGet(46)) - raft.server.rpc.timeout.max = 5200ms (custom)
2023-09-29 09:15:01,328 [621c2e90-a4eb-4c74-8f52-bedc5a92b31f-groupManagement] INFO  server.RaftServerConfigKeys (ConfUtils.java:logGet(46)) - raft.server.rpc.sleep.time = 25ms (default)
2023-09-29 09:15:01,328 [621c2e90-a4eb-4c74-8f52-bedc5a92b31f-groupManagement] INFO  server.RaftServerConfigKeys (ConfUtils.java:logGet(46)) - raft.server.rpc.slowness.timeout = 300s (custom)
2023-09-29 09:15:01,328 [621c2e90-a4eb-4c74-8f52-bedc5a92b31f-groupManagement] INFO  server.RaftServerConfigKeys (ConfUtils.java:logGet(46)) - raft.server.leaderelection.leader.step-down.wait-time = 10s (default)
2023-09-29 09:15:01,328 [621c2e90-a4eb-4c74-8f52-bedc5a92b31f-groupManagement] INFO  server.RaftServerConfigKeys (ConfUtils.java:logGet(46)) - raft.server.sleep.deviation.threshold = 300ms (default)
2023-09-29 09:15:01,329 [621c2e90-a4eb-4c74-8f52-bedc5a92b31f-groupManagement] INFO  server.RaftServer$Division (ServerState.java:<init>(120)) - 621c2e90-a4eb-4c74-8f52-bedc5a92b31f@group-D59FE00375CE: ConfigurationManager, init=-1: peers:[621c2e90-a4eb-4c74-8f52-bedc5a92b31f|rpc:10.1.0.30:15103|admin:10.1.0.30:15102|client:10.1.0.30:15101|dataStream:10.1.0.30:15104|priority:1|startupRole:FOLLOWER]|listeners:[], old=null, confs=<EMPTY_MAP>
2023-09-29 09:15:01,329 [621c2e90-a4eb-4c74-8f52-bedc5a92b31f-groupManagement] INFO  server.RaftServerConfigKeys (ConfUtils.java:logGet(46)) - raft.server.storage.dir = [/home/runner/work/ozone/ozone/hadoop-ozone/integration-test/target/test-dir/MiniOzoneClusterImpl-23fe215d-70cc-4cc8-8e82-38d5ce4d8890/datanode-4/data/ratis] (custom)
2023-09-29 09:15:01,329 [621c2e90-a4eb-4c74-8f52-bedc5a92b31f-groupManagement] INFO  server.RaftServerConfigKeys (ConfUtils.java:logGet(46)) - raft.server.log.corruption.policy = EXCEPTION (default)
2023-09-29 09:15:01,329 [621c2e90-a4eb-4c74-8f52-bedc5a92b31f-groupManagement] INFO  server.RaftServerConfigKeys (ConfUtils.java:logGet(46)) - raft.server.storage.free-space.min = 0MB (=0) (default)
2023-09-29 09:15:01,329 [621c2e90-a4eb-4c74-8f52-bedc5a92b31f-groupManagement] INFO  server.RaftServerConfigKeys (ConfUtils.java:logGet(46)) - raft.server.notification.no-leader.timeout = 300s (custom)
2023-09-29 09:15:01,329 [621c2e90-a4eb-4c74-8f52-bedc5a92b31f-groupManagement] INFO  server.RaftServerConfigKeys (ConfUtils.java:logGet(46)) - raft.server.read.timeout = 10s (default)
2023-09-29 09:15:01,329 [621c2e90-a4eb-4c74-8f52-bedc5a92b31f-groupManagement] INFO  server.RaftServerConfigKeys (ConfUtils.java:logGet(46)) - raft.server.retrycache.expirytime = 600000ms (custom)
2023-09-29 09:15:01,329 [621c2e90-a4eb-4c74-8f52-bedc5a92b31f-groupManagement] INFO  server.RaftServerConfigKeys (ConfUtils.java:logGet(46)) - raft.server.retrycache.statistics.expirytime = 100μs (default)
2023-09-29 09:15:01,330 [621c2e90-a4eb-4c74-8f52-bedc5a92b31f-groupManagement] INFO  server.RaftServerConfigKeys (ConfUtils.java:logGet(46)) - raft.server.read.option = DEFAULT (default)
2023-09-29 09:15:01,330 [621c2e90-a4eb-4c74-8f52-bedc5a92b31f-groupManagement] INFO  server.RaftServerConfigKeys (ConfUtils.java:logGet(46)) - raft.server.rpc.request.timeout = 60s (custom)
2023-09-29 09:15:01,331 [621c2e90-a4eb-4c74-8f52-bedc5a92b31f-groupManagement] INFO  server.RaftServerConfigKeys (ConfUtils.java:logGet(46)) - raft.server.log.appender.install.snapshot.enabled = false (custom)
2023-09-29 09:15:01,331 [621c2e90-a4eb-4c74-8f52-bedc5a92b31f-groupManagement] INFO  server.RaftServerConfigKeys (ConfUtils.java:logGet(46)) - raft.server.threadpool.server.cached = true (default)
2023-09-29 09:15:01,331 [621c2e90-a4eb-4c74-8f52-bedc5a92b31f-groupManagement] INFO  server.RaftServerConfigKeys (ConfUtils.java:logGet(46)) - raft.server.threadpool.server.size = 0 (default)
2023-09-29 09:15:01,331 [621c2e90-a4eb-4c74-8f52-bedc5a92b31f-groupManagement] INFO  server.RaftServerConfigKeys (ConfUtils.java:logGet(46)) - raft.server.threadpool.client.cached = true (default)
2023-09-29 09:15:01,331 [621c2e90-a4eb-4c74-8f52-bedc5a92b31f-groupManagement] INFO  server.RaftServerConfigKeys (ConfUtils.java:logGet(46)) - raft.server.threadpool.client.size = 0 (default)
2023-09-29 09:15:01,331 [621c2e90-a4eb-4c74-8f52-bedc5a92b31f-groupManagement] INFO  storage.RaftStorageDirectory (RaftStorageDirectoryImpl.java:analyzeStorage(137)) - The storage directory /home/runner/work/ozone/ozone/hadoop-ozone/integration-test/target/test-dir/MiniOzoneClusterImpl-23fe215d-70cc-4cc8-8e82-38d5ce4d8890/datanode-4/data/ratis/018d3ef2-b015-407a-9137-d59fe00375ce does not exist. Creating ...
2023-09-29 09:15:01,333 [621c2e90-a4eb-4c74-8f52-bedc5a92b31f-groupManagement] INFO  storage.RaftStorageDirectory (RaftStorageDirectoryImpl.java:tryLock(231)) - Lock on /home/runner/work/ozone/ozone/hadoop-ozone/integration-test/target/test-dir/MiniOzoneClusterImpl-23fe215d-70cc-4cc8-8e82-38d5ce4d8890/datanode-4/data/ratis/018d3ef2-b015-407a-9137-d59fe00375ce/in_use.lock acquired by nodename 20785@fv-az83-343
2023-09-29 09:15:01,334 [621c2e90-a4eb-4c74-8f52-bedc5a92b31f-groupManagement] INFO  storage.RaftStorage (RaftStorageImpl.java:format(96)) - Storage directory /home/runner/work/ozone/ozone/hadoop-ozone/integration-test/target/test-dir/MiniOzoneClusterImpl-23fe215d-70cc-4cc8-8e82-38d5ce4d8890/datanode-4/data/ratis/018d3ef2-b015-407a-9137-d59fe00375ce has been successfully formatted.
2023-09-29 09:15:01,343 [621c2e90-a4eb-4c74-8f52-bedc5a92b31f-groupManagement] INFO  ratis.ContainerStateMachine (ContainerStateMachine.java:loadSnapshot(262)) - group-D59FE00375CE: The snapshot info is null. Setting the last applied indexto:(t:0, i:~)
2023-09-29 09:15:01,343 [EventQueue-PipelineReportForPipelineReportHandler] INFO  pipeline.PipelineReportHandler (PipelineReportHandler.java:processPipelineReport(136)) - Opened pipeline PipelineID=018d3ef2-b015-407a-9137-d59fe00375ce
2023-09-29 09:15:01,343 [EventQueue-OpenPipelineForHealthyPipelineSafeModeRule] INFO  safemode.SCMSafeModeManager (HealthyPipelineSafeModeRule.java:process(137)) - SCM in safe mode. Healthy pipelines reported count is 0, required healthy pipeline reported count is 1
2023-09-29 09:15:01,343 [621c2e90-a4eb-4c74-8f52-bedc5a92b31f-groupManagement] INFO  server.RaftServerConfigKeys (ConfUtils.java:logGet(46)) - raft.server.log.use.memory = false (default)
2023-09-29 09:15:01,344 [621c2e90-a4eb-4c74-8f52-bedc5a92b31f-groupManagement] INFO  server.RaftServerConfigKeys (ConfUtils.java:logGet(46)) - raft.server.log.purge.gap = 1000000 (custom)
2023-09-29 09:15:01,344 [621c2e90-a4eb-4c74-8f52-bedc5a92b31f-groupManagement] INFO  server.RaftServerConfigKeys (ConfUtils.java:logGet(46)) - raft.server.log.appender.buffer.byte-limit = 33554432 (custom)
2023-09-29 09:15:01,344 [621c2e90-a4eb-4c74-8f52-bedc5a92b31f-groupManagement] INFO  server.RaftServerConfigKeys (ConfUtils.java:logGet(46)) - raft.server.log.statemachine.data.read.timeout = 1000ms (default)
2023-09-29 09:15:01,344 [621c2e90-a4eb-4c74-8f52-bedc5a92b31f-groupManagement] INFO  server.RaftServerConfigKeys (ConfUtils.java:logGet(46)) - raft.server.log.purge.preservation.log.num = 0 (default)
2023-09-29 09:15:01,344 [621c2e90-a4eb-4c74-8f52-bedc5a92b31f-groupManagement] INFO  server.RaftServerConfigKeys (ConfUtils.java:logGet(46)) - raft.server.log.segment.size.max = 1048576 (custom)
2023-09-29 09:15:01,346 [621c2e90-a4eb-4c74-8f52-bedc5a92b31f-groupManagement] INFO  server.RaftServerConfigKeys (ConfUtils.java:logGet(46)) - raft.server.log.segment.cache.num.max = 2 (custom)
2023-09-29 09:15:01,346 [621c2e90-a4eb-4c74-8f52-bedc5a92b31f-groupManagement] INFO  server.RaftServerConfigKeys (ConfUtils.java:logGet(46)) - raft.server.log.segment.cache.size.max = 200MB (=209715200) (default)
2023-09-29 09:15:01,346 [621c2e90-a4eb-4c74-8f52-bedc5a92b31f-groupManagement] INFO  server.RaftServerConfigKeys (ConfUtils.java:logGet(46)) - raft.server.log.appender.buffer.byte-limit = 33554432 (custom)
2023-09-29 09:15:01,346 [621c2e90-a4eb-4c74-8f52-bedc5a92b31f-groupManagement] INFO  segmented.SegmentedRaftLogWorker (SegmentedRaftLogWorker.java:<init>(188)) - new 621c2e90-a4eb-4c74-8f52-bedc5a92b31f@group-D59FE00375CE-SegmentedRaftLogWorker for RaftStorageImpl:Storage Directory /home/runner/work/ozone/ozone/hadoop-ozone/integration-test/target/test-dir/MiniOzoneClusterImpl-23fe215d-70cc-4cc8-8e82-38d5ce4d8890/datanode-4/data/ratis/018d3ef2-b015-407a-9137-d59fe00375ce
2023-09-29 09:15:01,346 [621c2e90-a4eb-4c74-8f52-bedc5a92b31f-groupManagement] INFO  server.RaftServerConfigKeys (ConfUtils.java:logGet(46)) - raft.server.log.queue.byte-limit = 4294967296 (custom)
2023-09-29 09:15:01,347 [621c2e90-a4eb-4c74-8f52-bedc5a92b31f-groupManagement] INFO  server.RaftServerConfigKeys (ConfUtils.java:logGet(46)) - raft.server.log.queue.element-limit = 1024 (custom)
2023-09-29 09:15:01,347 [621c2e90-a4eb-4c74-8f52-bedc5a92b31f-groupManagement] INFO  server.RaftServerConfigKeys (ConfUtils.java:logGet(46)) - raft.server.log.segment.size.max = 1048576 (custom)
2023-09-29 09:15:01,347 [621c2e90-a4eb-4c74-8f52-bedc5a92b31f-groupManagement] INFO  server.RaftServerConfigKeys (ConfUtils.java:logGet(46)) - raft.server.log.preallocated.size = 16384 (custom)
2023-09-29 09:15:01,347 [621c2e90-a4eb-4c74-8f52-bedc5a92b31f-groupManagement] INFO  server.RaftServerConfigKeys (ConfUtils.java:logGet(46)) - raft.server.log.force.sync.num = 128 (default)
2023-09-29 09:15:01,347 [621c2e90-a4eb-4c74-8f52-bedc5a92b31f-groupManagement] INFO  server.RaftServerConfigKeys (ConfUtils.java:logGet(46)) - raft.server.log.statemachine.data.sync = true (default)
2023-09-29 09:15:01,348 [621c2e90-a4eb-4c74-8f52-bedc5a92b31f-groupManagement] INFO  server.RaftServerConfigKeys (ConfUtils.java:logGet(46)) - raft.server.log.statemachine.data.sync.timeout = 10s (default)
2023-09-29 09:15:01,348 [621c2e90-a4eb-4c74-8f52-bedc5a92b31f-groupManagement] INFO  server.RaftServerConfigKeys (ConfUtils.java:logGet(46)) - raft.server.log.statemachine.data.sync.timeout.retry = -1 (default)
2023-09-29 09:15:01,349 [621c2e90-a4eb-4c74-8f52-bedc5a92b31f-groupManagement] INFO  server.RaftServerConfigKeys (ConfUtils.java:logGet(46)) - raft.server.log.write.buffer.size = 1048576 (custom)
2023-09-29 09:15:01,351 [621c2e90-a4eb-4c74-8f52-bedc5a92b31f-groupManagement] INFO  server.RaftServerConfigKeys (ConfUtils.java:logGet(46)) - raft.server.log.appender.buffer.byte-limit = 33554432 (custom)
2023-09-29 09:15:01,358 [621c2e90-a4eb-4c74-8f52-bedc5a92b31f-groupManagement] INFO  server.RaftServerConfigKeys (ConfUtils.java:logGet(46)) - raft.server.log.unsafe-flush.enabled = false (default)
2023-09-29 09:15:01,359 [621c2e90-a4eb-4c74-8f52-bedc5a92b31f-groupManagement] INFO  server.RaftServerConfigKeys (ConfUtils.java:logGet(46)) - raft.server.log.async-flush.enabled = false (default)
2023-09-29 09:15:01,359 [621c2e90-a4eb-4c74-8f52-bedc5a92b31f-groupManagement] INFO  server.RaftServerConfigKeys (ConfUtils.java:logGet(46)) - raft.server.log.statemachine.data.caching.enabled = true (custom)
2023-09-29 09:15:01,359 [621c2e90-a4eb-4c74-8f52-bedc5a92b31f-groupManagement] INFO  segmented.SegmentedRaftLogWorker (SegmentedRaftLogWorker.java:lambda$new$0(135)) - 621c2e90-a4eb-4c74-8f52-bedc5a92b31f@group-D59FE00375CE-SegmentedRaftLogWorker: flushIndex: setUnconditionally 0 -> -1
2023-09-29 09:15:01,359 [621c2e90-a4eb-4c74-8f52-bedc5a92b31f-groupManagement] INFO  segmented.SegmentedRaftLogWorker (SegmentedRaftLogWorker.java:lambda$new$0(135)) - 621c2e90-a4eb-4c74-8f52-bedc5a92b31f@group-D59FE00375CE-SegmentedRaftLogWorker: safeCacheEvictIndex: setUnconditionally 0 -> -1
2023-09-29 09:15:01,359 [621c2e90-a4eb-4c74-8f52-bedc5a92b31f-groupManagement] INFO  server.RaftServer$Division (RaftServerImpl.java:start(342)) - 621c2e90-a4eb-4c74-8f52-bedc5a92b31f@group-D59FE00375CE: start as a follower, conf=-1: peers:[621c2e90-a4eb-4c74-8f52-bedc5a92b31f|rpc:10.1.0.30:15103|admin:10.1.0.30:15102|client:10.1.0.30:15101|dataStream:10.1.0.30:15104|priority:1|startupRole:FOLLOWER]|listeners:[], old=null
2023-09-29 09:15:01,359 [621c2e90-a4eb-4c74-8f52-bedc5a92b31f-groupManagement] INFO  server.RaftServer$Division (RaftServerImpl.java:setRole(329)) - 621c2e90-a4eb-4c74-8f52-bedc5a92b31f@group-D59FE00375CE: changes role from      null to FOLLOWER at term 0 for startAsFollower
2023-09-29 09:15:01,360 [621c2e90-a4eb-4c74-8f52-bedc5a92b31f-groupManagement] INFO  impl.RoleInfo (RoleInfo.java:updateAndGet(139)) - 621c2e90-a4eb-4c74-8f52-bedc5a92b31f: start 621c2e90-a4eb-4c74-8f52-bedc5a92b31f@group-D59FE00375CE-FollowerState
2023-09-29 09:15:01,360 [621c2e90-a4eb-4c74-8f52-bedc5a92b31f-groupManagement] INFO  util.JmxRegister (JmxRegister.java:tryRegister(44)) - Successfully registered JMX Bean with object name Ratis:service=RaftServer,group=group-D59FE00375CE,id=621c2e90-a4eb-4c74-8f52-bedc5a92b31f
2023-09-29 09:15:01,360 [621c2e90-a4eb-4c74-8f52-bedc5a92b31f-groupManagement] INFO  server.RaftServerConfigKeys (ConfUtils.java:logGet(46)) - raft.server.snapshot.auto.trigger.enabled = true (custom)
2023-09-29 09:15:01,360 [621c2e90-a4eb-4c74-8f52-bedc5a92b31f-groupManagement] INFO  server.RaftServerConfigKeys (ConfUtils.java:logGet(46)) - raft.server.snapshot.auto.trigger.threshold = 10000 (custom)
2023-09-29 09:15:01,360 [621c2e90-a4eb-4c74-8f52-bedc5a92b31f-groupManagement] INFO  server.RaftServerConfigKeys (ConfUtils.java:logGet(46)) - raft.server.snapshot.retention.file.num = 5 (custom)
2023-09-29 09:15:01,360 [621c2e90-a4eb-4c74-8f52-bedc5a92b31f-groupManagement] INFO  server.RaftServerConfigKeys (ConfUtils.java:logGet(46)) - raft.server.log.purge.upto.snapshot.index = false (default)
2023-09-29 09:15:01,361 [621c2e90-a4eb-4c74-8f52-bedc5a92b31f@group-D59FE00375CE-FollowerState] INFO  server.RaftServerConfigKeys (ConfUtils.java:logFallback(53)) - raft.server.rpc.first-election.timeout.min = 5s (fallback to raft.server.rpc.timeout.min)
2023-09-29 09:15:01,361 [621c2e90-a4eb-4c74-8f52-bedc5a92b31f@group-D59FE00375CE-FollowerState] INFO  server.RaftServerConfigKeys (ConfUtils.java:logFallback(53)) - raft.server.rpc.first-election.timeout.max = 5200ms (fallback to raft.server.rpc.timeout.max)
2023-09-29 09:15:01,362 [PipelineCommandHandlerThread-0] INFO  ratis.XceiverServerRatis (XceiverServerRatis.java:addGroup(804)) - Created group PipelineID=018d3ef2-b015-407a-9137-d59fe00375ce
2023-09-29 09:15:01,362 [PipelineCommandHandlerThread-0] INFO  commandhandler.CreatePipelineCommandHandler (CreatePipelineCommandHandler.java:lambda$handle$2(124)) - Created Pipeline RATIS ONE PipelineID=018d3ef2-b015-407a-9137-d59fe00375ce.
2023-09-29 09:15:02,316 [main] INFO  ozone.MiniOzoneClusterImpl (MiniOzoneClusterImpl.java:lambda$waitForClusterToBeReady$0(229)) - Nodes are ready. Got 5 of 5 DN Heartbeats.
2023-09-29 09:15:02,316 [main] INFO  ozone.MiniOzoneClusterImpl (MiniOzoneClusterImpl.java:lambda$waitForClusterToBeReady$0(232)) - Waiting for cluster to exit safe mode
2023-09-29 09:15:02,316 [main] INFO  ozone.MiniOzoneClusterImpl (MiniOzoneClusterImpl.java:lambda$waitForClusterToBeReady$0(234)) - SCM became leader
2023-09-29 09:15:03,316 [main] INFO  ozone.MiniOzoneClusterImpl (MiniOzoneClusterImpl.java:lambda$waitForClusterToBeReady$0(229)) - Nodes are ready. Got 5 of 5 DN Heartbeats.
2023-09-29 09:15:03,317 [main] INFO  ozone.MiniOzoneClusterImpl (MiniOzoneClusterImpl.java:lambda$waitForClusterToBeReady$0(232)) - Waiting for cluster to exit safe mode
2023-09-29 09:15:03,317 [main] INFO  ozone.MiniOzoneClusterImpl (MiniOzoneClusterImpl.java:lambda$waitForClusterToBeReady$0(234)) - SCM became leader
2023-09-29 09:15:04,317 [main] INFO  ozone.MiniOzoneClusterImpl (MiniOzoneClusterImpl.java:lambda$waitForClusterToBeReady$0(229)) - Nodes are ready. Got 5 of 5 DN Heartbeats.
2023-09-29 09:15:04,317 [main] INFO  ozone.MiniOzoneClusterImpl (MiniOzoneClusterImpl.java:lambda$waitForClusterToBeReady$0(232)) - Waiting for cluster to exit safe mode
2023-09-29 09:15:04,317 [main] INFO  ozone.MiniOzoneClusterImpl (MiniOzoneClusterImpl.java:lambda$waitForClusterToBeReady$0(234)) - SCM became leader
2023-09-29 09:15:05,017 [380230e5-39f9-49de-9a23-78c86f98f3f3@group-FD3FFEA034FD-FollowerState] INFO  impl.FollowerState (FollowerState.java:run(143)) - 380230e5-39f9-49de-9a23-78c86f98f3f3@group-FD3FFEA034FD-FollowerState: change to CANDIDATE, lastRpcElapsedTime:5105272257ns, electionTimeout:5100ms
2023-09-29 09:15:05,017 [380230e5-39f9-49de-9a23-78c86f98f3f3@group-FD3FFEA034FD-FollowerState] INFO  impl.RoleInfo (RoleInfo.java:shutdownFollowerState(110)) - 380230e5-39f9-49de-9a23-78c86f98f3f3: shutdown 380230e5-39f9-49de-9a23-78c86f98f3f3@group-FD3FFEA034FD-FollowerState
2023-09-29 09:15:05,018 [380230e5-39f9-49de-9a23-78c86f98f3f3@group-FD3FFEA034FD-FollowerState] INFO  server.RaftServer$Division (RaftServerImpl.java:setRole(329)) - 380230e5-39f9-49de-9a23-78c86f98f3f3@group-FD3FFEA034FD: changes role from  FOLLOWER to CANDIDATE at term 0 for changeToCandidate
2023-09-29 09:15:05,018 [380230e5-39f9-49de-9a23-78c86f98f3f3@group-FD3FFEA034FD-FollowerState] INFO  server.RaftServerConfigKeys (ConfUtils.java:logGet(46)) - raft.server.leaderelection.pre-vote = true (default)
2023-09-29 09:15:05,018 [380230e5-39f9-49de-9a23-78c86f98f3f3@group-FD3FFEA034FD-FollowerState] INFO  impl.RoleInfo (RoleInfo.java:updateAndGet(139)) - 380230e5-39f9-49de-9a23-78c86f98f3f3: start 380230e5-39f9-49de-9a23-78c86f98f3f3@group-FD3FFEA034FD-LeaderElection10
2023-09-29 09:15:05,022 [380230e5-39f9-49de-9a23-78c86f98f3f3@group-FD3FFEA034FD-LeaderElection10] INFO  impl.LeaderElection (LeaderElection.java:askForVotes(321)) - 380230e5-39f9-49de-9a23-78c86f98f3f3@group-FD3FFEA034FD-LeaderElection10 PRE_VOTE round 0: submit vote requests at term 0 for -1: peers:[10e0b218-8303-4db1-a541-e155d4944b6e|rpc:10.1.0.30:15085|admin:10.1.0.30:15084|client:10.1.0.30:15083|dataStream:10.1.0.30:15086|priority:0|startupRole:FOLLOWER, 3a494423-7ff4-4963-8d96-e6fb16151c55|rpc:10.1.0.30:15076|admin:10.1.0.30:15075|client:10.1.0.30:15074|dataStream:10.1.0.30:15077|priority:1|startupRole:FOLLOWER, 380230e5-39f9-49de-9a23-78c86f98f3f3|rpc:10.1.0.30:15067|admin:10.1.0.30:15066|client:10.1.0.30:15065|dataStream:10.1.0.30:15068|priority:0|startupRole:FOLLOWER]|listeners:[], old=null
2023-09-29 09:15:05,022 [380230e5-39f9-49de-9a23-78c86f98f3f3@group-FD3FFEA034FD-LeaderElection10] INFO  server.RaftServerConfigKeys (ConfUtils.java:logFallback(53)) - raft.server.rpc.first-election.timeout.min = 5s (fallback to raft.server.rpc.timeout.min)
2023-09-29 09:15:05,022 [380230e5-39f9-49de-9a23-78c86f98f3f3@group-FD3FFEA034FD-LeaderElection10-1] INFO  server.GrpcServerProtocolClient (GrpcServerProtocolClient.java:<init>(65)) - Build channel for 10e0b218-8303-4db1-a541-e155d4944b6e
2023-09-29 09:15:05,022 [380230e5-39f9-49de-9a23-78c86f98f3f3@group-FD3FFEA034FD-LeaderElection10] INFO  server.RaftServerConfigKeys (ConfUtils.java:logFallback(53)) - raft.server.rpc.first-election.timeout.max = 5200ms (fallback to raft.server.rpc.timeout.max)
2023-09-29 09:15:05,023 [380230e5-39f9-49de-9a23-78c86f98f3f3@group-FD3FFEA034FD-LeaderElection10-2] INFO  server.GrpcServerProtocolClient (GrpcServerProtocolClient.java:<init>(65)) - Build channel for 3a494423-7ff4-4963-8d96-e6fb16151c55
2023-09-29 09:15:05,030 [grpc-default-executor-3] INFO  server.RaftServer$Division (RaftServerImpl.java:requestVote(1302)) - 10e0b218-8303-4db1-a541-e155d4944b6e@group-FD3FFEA034FD: receive requestVote(PRE_VOTE, 380230e5-39f9-49de-9a23-78c86f98f3f3, group-FD3FFEA034FD, 0, (t:0, i:0))
2023-09-29 09:15:05,030 [grpc-default-executor-3] INFO  impl.VoteContext (VoteContext.java:log(49)) - 10e0b218-8303-4db1-a541-e155d4944b6e@group-FD3FFEA034FD-FOLLOWER: accept PRE_VOTE from 380230e5-39f9-49de-9a23-78c86f98f3f3: our priority 0 <= candidate's priority 0
2023-09-29 09:15:05,030 [grpc-default-executor-3] INFO  server.RaftServer$Division (RaftServerImpl.java:requestVote(1335)) - 10e0b218-8303-4db1-a541-e155d4944b6e@group-FD3FFEA034FD replies to PRE_VOTE vote request: 380230e5-39f9-49de-9a23-78c86f98f3f3<-10e0b218-8303-4db1-a541-e155d4944b6e#0:OK-t0. Peer's state: 10e0b218-8303-4db1-a541-e155d4944b6e@group-FD3FFEA034FD:t0, leader=null, voted=, raftlog=Memoized:10e0b218-8303-4db1-a541-e155d4944b6e@group-FD3FFEA034FD-SegmentedRaftLog:OPENED:c-1, conf=-1: peers:[10e0b218-8303-4db1-a541-e155d4944b6e|rpc:10.1.0.30:15085|admin:10.1.0.30:15084|client:10.1.0.30:15083|dataStream:10.1.0.30:15086|priority:0|startupRole:FOLLOWER, 3a494423-7ff4-4963-8d96-e6fb16151c55|rpc:10.1.0.30:15076|admin:10.1.0.30:15075|client:10.1.0.30:15074|dataStream:10.1.0.30:15077|priority:1|startupRole:FOLLOWER, 380230e5-39f9-49de-9a23-78c86f98f3f3|rpc:10.1.0.30:15067|admin:10.1.0.30:15066|client:10.1.0.30:15065|dataStream:10.1.0.30:15068|priority:0|startupRole:FOLLOWER]|listeners:[], old=null
2023-09-29 09:15:05,031 [380230e5-39f9-49de-9a23-78c86f98f3f3@group-DD7EB260E326-FollowerState] INFO  impl.FollowerState (FollowerState.java:run(143)) - 380230e5-39f9-49de-9a23-78c86f98f3f3@group-DD7EB260E326-FollowerState: change to CANDIDATE, lastRpcElapsedTime:5144985454ns, electionTimeout:5142ms
2023-09-29 09:15:05,031 [380230e5-39f9-49de-9a23-78c86f98f3f3@group-DD7EB260E326-FollowerState] INFO  impl.RoleInfo (RoleInfo.java:shutdownFollowerState(110)) - 380230e5-39f9-49de-9a23-78c86f98f3f3: shutdown 380230e5-39f9-49de-9a23-78c86f98f3f3@group-DD7EB260E326-FollowerState
2023-09-29 09:15:05,032 [380230e5-39f9-49de-9a23-78c86f98f3f3@group-DD7EB260E326-FollowerState] INFO  server.RaftServer$Division (RaftServerImpl.java:setRole(329)) - 380230e5-39f9-49de-9a23-78c86f98f3f3@group-DD7EB260E326: changes role from  FOLLOWER to CANDIDATE at term 0 for changeToCandidate
2023-09-29 09:15:05,032 [380230e5-39f9-49de-9a23-78c86f98f3f3@group-DD7EB260E326-FollowerState] INFO  server.RaftServerConfigKeys (ConfUtils.java:logGet(46)) - raft.server.leaderelection.pre-vote = true (default)
2023-09-29 09:15:05,032 [380230e5-39f9-49de-9a23-78c86f98f3f3@group-DD7EB260E326-FollowerState] INFO  impl.RoleInfo (RoleInfo.java:updateAndGet(139)) - 380230e5-39f9-49de-9a23-78c86f98f3f3: start 380230e5-39f9-49de-9a23-78c86f98f3f3@group-DD7EB260E326-LeaderElection11
2023-09-29 09:15:05,037 [grpc-default-executor-3] INFO  server.RaftServer$Division (RaftServerImpl.java:requestVote(1302)) - 3a494423-7ff4-4963-8d96-e6fb16151c55@group-FD3FFEA034FD: receive requestVote(PRE_VOTE, 380230e5-39f9-49de-9a23-78c86f98f3f3, group-FD3FFEA034FD, 0, (t:0, i:0))
2023-09-29 09:15:05,038 [grpc-default-executor-3] INFO  impl.VoteContext (VoteContext.java:log(49)) - 3a494423-7ff4-4963-8d96-e6fb16151c55@group-FD3FFEA034FD-FOLLOWER: reject PRE_VOTE from 380230e5-39f9-49de-9a23-78c86f98f3f3: our priority 1 > candidate's priority 0
2023-09-29 09:15:05,038 [grpc-default-executor-3] INFO  server.RaftServer$Division (RaftServerImpl.java:requestVote(1335)) - 3a494423-7ff4-4963-8d96-e6fb16151c55@group-FD3FFEA034FD replies to PRE_VOTE vote request: 380230e5-39f9-49de-9a23-78c86f98f3f3<-3a494423-7ff4-4963-8d96-e6fb16151c55#0:FAIL-t0. Peer's state: 3a494423-7ff4-4963-8d96-e6fb16151c55@group-FD3FFEA034FD:t0, leader=null, voted=, raftlog=Memoized:3a494423-7ff4-4963-8d96-e6fb16151c55@group-FD3FFEA034FD-SegmentedRaftLog:OPENED:c-1, conf=-1: peers:[10e0b218-8303-4db1-a541-e155d4944b6e|rpc:10.1.0.30:15085|admin:10.1.0.30:15084|client:10.1.0.30:15083|dataStream:10.1.0.30:15086|priority:0|startupRole:FOLLOWER, 3a494423-7ff4-4963-8d96-e6fb16151c55|rpc:10.1.0.30:15076|admin:10.1.0.30:15075|client:10.1.0.30:15074|dataStream:10.1.0.30:15077|priority:1|startupRole:FOLLOWER, 380230e5-39f9-49de-9a23-78c86f98f3f3|rpc:10.1.0.30:15067|admin:10.1.0.30:15066|client:10.1.0.30:15065|dataStream:10.1.0.30:15068|priority:0|startupRole:FOLLOWER]|listeners:[], old=null
2023-09-29 09:15:05,048 [380230e5-39f9-49de-9a23-78c86f98f3f3@group-DD7EB260E326-LeaderElection11] INFO  impl.LeaderElection (LeaderElection.java:askForVotes(321)) - 380230e5-39f9-49de-9a23-78c86f98f3f3@group-DD7EB260E326-LeaderElection11 PRE_VOTE round 0: submit vote requests at term 0 for -1: peers:[380230e5-39f9-49de-9a23-78c86f98f3f3|rpc:10.1.0.30:15067|admin:10.1.0.30:15066|client:10.1.0.30:15065|dataStream:10.1.0.30:15068|priority:1|startupRole:FOLLOWER]|listeners:[], old=null
2023-09-29 09:15:05,048 [380230e5-39f9-49de-9a23-78c86f98f3f3@group-DD7EB260E326-LeaderElection11] INFO  impl.LeaderElection (LeaderElection.java:askForVotes(323)) - 380230e5-39f9-49de-9a23-78c86f98f3f3@group-DD7EB260E326-LeaderElection11 PRE_VOTE round 0: result PASSED (term=0)
2023-09-29 09:15:05,049 [380230e5-39f9-49de-9a23-78c86f98f3f3@group-FD3FFEA034FD-LeaderElection10] INFO  impl.LeaderElection (LeaderElection.java:logAndReturn(90)) - 380230e5-39f9-49de-9a23-78c86f98f3f3@group-FD3FFEA034FD-LeaderElection10: PRE_VOTE REJECTED received 2 response(s) and 0 exception(s):
2023-09-29 09:15:05,049 [380230e5-39f9-49de-9a23-78c86f98f3f3@group-FD3FFEA034FD-LeaderElection10] INFO  impl.LeaderElection (LeaderElection.java:logAndReturn(94)) -   Response 0: 380230e5-39f9-49de-9a23-78c86f98f3f3<-10e0b218-8303-4db1-a541-e155d4944b6e#0:OK-t0
2023-09-29 09:15:05,049 [380230e5-39f9-49de-9a23-78c86f98f3f3@group-FD3FFEA034FD-LeaderElection10] INFO  impl.LeaderElection (LeaderElection.java:logAndReturn(94)) -   Response 1: 380230e5-39f9-49de-9a23-78c86f98f3f3<-3a494423-7ff4-4963-8d96-e6fb16151c55#0:FAIL-t0
2023-09-29 09:15:05,049 [380230e5-39f9-49de-9a23-78c86f98f3f3@group-FD3FFEA034FD-LeaderElection10] INFO  impl.LeaderElection (LeaderElection.java:askForVotes(323)) - 380230e5-39f9-49de-9a23-78c86f98f3f3@group-FD3FFEA034FD-LeaderElection10 PRE_VOTE round 0: result REJECTED
2023-09-29 09:15:05,049 [380230e5-39f9-49de-9a23-78c86f98f3f3@group-FD3FFEA034FD-LeaderElection10] INFO  server.RaftServer$Division (RaftServerImpl.java:setRole(329)) - 380230e5-39f9-49de-9a23-78c86f98f3f3@group-FD3FFEA034FD: changes role from CANDIDATE to FOLLOWER at term 0 for REJECTED
2023-09-29 09:15:05,049 [380230e5-39f9-49de-9a23-78c86f98f3f3@group-FD3FFEA034FD-LeaderElection10] INFO  impl.RoleInfo (RoleInfo.java:shutdownLeaderElection(130)) - 380230e5-39f9-49de-9a23-78c86f98f3f3: shutdown 380230e5-39f9-49de-9a23-78c86f98f3f3@group-FD3FFEA034FD-LeaderElection10
2023-09-29 09:15:05,049 [380230e5-39f9-49de-9a23-78c86f98f3f3@group-FD3FFEA034FD-LeaderElection10] INFO  impl.RoleInfo (RoleInfo.java:updateAndGet(139)) - 380230e5-39f9-49de-9a23-78c86f98f3f3: start 380230e5-39f9-49de-9a23-78c86f98f3f3@group-FD3FFEA034FD-FollowerState
2023-09-29 09:15:05,056 [380230e5-39f9-49de-9a23-78c86f98f3f3@group-DD7EB260E326-LeaderElection11] INFO  impl.LeaderElection (LeaderElection.java:askForVotes(321)) - 380230e5-39f9-49de-9a23-78c86f98f3f3@group-DD7EB260E326-LeaderElection11 ELECTION round 0: submit vote requests at term 1 for -1: peers:[380230e5-39f9-49de-9a23-78c86f98f3f3|rpc:10.1.0.30:15067|admin:10.1.0.30:15066|client:10.1.0.30:15065|dataStream:10.1.0.30:15068|priority:1|startupRole:FOLLOWER]|listeners:[], old=null
2023-09-29 09:15:05,056 [380230e5-39f9-49de-9a23-78c86f98f3f3@group-DD7EB260E326-LeaderElection11] INFO  impl.LeaderElection (LeaderElection.java:askForVotes(323)) - 380230e5-39f9-49de-9a23-78c86f98f3f3@group-DD7EB260E326-LeaderElection11 ELECTION round 0: result PASSED (term=1)
2023-09-29 09:15:05,056 [380230e5-39f9-49de-9a23-78c86f98f3f3@group-DD7EB260E326-LeaderElection11] INFO  impl.RoleInfo (RoleInfo.java:shutdownLeaderElection(130)) - 380230e5-39f9-49de-9a23-78c86f98f3f3: shutdown 380230e5-39f9-49de-9a23-78c86f98f3f3@group-DD7EB260E326-LeaderElection11
2023-09-29 09:15:05,056 [380230e5-39f9-49de-9a23-78c86f98f3f3@group-DD7EB260E326-LeaderElection11] INFO  server.RaftServer$Division (RaftServerImpl.java:setRole(329)) - 380230e5-39f9-49de-9a23-78c86f98f3f3@group-DD7EB260E326: changes role from CANDIDATE to LEADER at term 1 for changeToLeader
2023-09-29 09:15:05,056 [380230e5-39f9-49de-9a23-78c86f98f3f3@group-DD7EB260E326-LeaderElection11] INFO  ratis.XceiverServerRatis (XceiverServerRatis.java:handleLeaderChangedNotification(902)) - Leader change notification received for group: group-DD7EB260E326 with new leaderId: 380230e5-39f9-49de-9a23-78c86f98f3f3
2023-09-29 09:15:05,060 [EventQueue-OpenPipelineForHealthyPipelineSafeModeRule] INFO  safemode.SCMSafeModeManager (HealthyPipelineSafeModeRule.java:process(137)) - SCM in safe mode. Healthy pipelines reported count is 0, required healthy pipeline reported count is 1
2023-09-29 09:15:05,062 [380230e5-39f9-49de-9a23-78c86f98f3f3@group-DD7EB260E326-LeaderElection11] INFO  server.RaftServer$Division (ServerState.java:setLeader(317)) - 380230e5-39f9-49de-9a23-78c86f98f3f3@group-DD7EB260E326: change Leader from null to 380230e5-39f9-49de-9a23-78c86f98f3f3 at term 1 for becomeLeader, leader elected after 5192ms
2023-09-29 09:15:05,063 [380230e5-39f9-49de-9a23-78c86f98f3f3@group-DD7EB260E326-LeaderElection11] INFO  server.RaftServerConfigKeys (ConfUtils.java:logGet(46)) - raft.server.staging.catchup.gap = 1000 (default)
2023-09-29 09:15:05,063 [380230e5-39f9-49de-9a23-78c86f98f3f3@group-DD7EB260E326-LeaderElection11] INFO  server.RaftServerConfigKeys (ConfUtils.java:logGet(46)) - raft.server.write.element-limit = 1024 (custom)
2023-09-29 09:15:05,063 [380230e5-39f9-49de-9a23-78c86f98f3f3@group-DD7EB260E326-LeaderElection11] INFO  server.RaftServerConfigKeys (ConfUtils.java:logGet(46)) - raft.server.write.byte-limit = 1024 M (=1073741824) (custom)
2023-09-29 09:15:05,063 [380230e5-39f9-49de-9a23-78c86f98f3f3@group-DD7EB260E326-LeaderElection11] INFO  server.RaftServerConfigKeys (ConfUtils.java:logGet(46)) - raft.server.watch.timeout = 180s (custom)
2023-09-29 09:15:05,063 [380230e5-39f9-49de-9a23-78c86f98f3f3@group-DD7EB260E326-LeaderElection11] INFO  server.RaftServerConfigKeys (ConfUtils.java:logGet(46)) - raft.server.watch.timeout.denomination = 1s (default)
2023-09-29 09:15:05,063 [380230e5-39f9-49de-9a23-78c86f98f3f3@group-DD7EB260E326-LeaderElection11] INFO  server.RaftServerConfigKeys (ConfUtils.java:logGet(46)) - raft.server.watch.element-limit = 65536 (default)
2023-09-29 09:15:05,063 [380230e5-39f9-49de-9a23-78c86f98f3f3@group-DD7EB260E326-LeaderElection11] INFO  server.RaftServerConfigKeys (ConfUtils.java:logGet(46)) - raft.server.write.element-limit = 1024 (custom)
2023-09-29 09:15:05,064 [380230e5-39f9-49de-9a23-78c86f98f3f3@group-DD7EB260E326-LeaderElection11] INFO  server.RaftServerConfigKeys (ConfUtils.java:logGet(46)) - raft.server.write.follower.gap.ratio.max = -1.0 (default)
2023-09-29 09:15:05,064 [380230e5-39f9-49de-9a23-78c86f98f3f3@group-DD7EB260E326-LeaderElection11] INFO  impl.RoleInfo (RoleInfo.java:updateAndGet(139)) - 380230e5-39f9-49de-9a23-78c86f98f3f3: start 380230e5-39f9-49de-9a23-78c86f98f3f3@group-DD7EB260E326-LeaderStateImpl
2023-09-29 09:15:05,064 [380230e5-39f9-49de-9a23-78c86f98f3f3@group-DD7EB260E326-LeaderElection11] INFO  segmented.SegmentedRaftLogWorker (SegmentedRaftLogWorker.java:startLogSegment(447)) - 380230e5-39f9-49de-9a23-78c86f98f3f3@group-DD7EB260E326-SegmentedRaftLogWorker: Starting segment from index:0
2023-09-29 09:15:05,067 [380230e5-39f9-49de-9a23-78c86f98f3f3@group-DD7EB260E326-SegmentedRaftLogWorker] INFO  segmented.SegmentedRaftLogWorker (SegmentedRaftLogWorker.java:execute(651)) - 380230e5-39f9-49de-9a23-78c86f98f3f3@group-DD7EB260E326-SegmentedRaftLogWorker: created new log segment /home/runner/work/ozone/ozone/hadoop-ozone/integration-test/target/test-dir/MiniOzoneClusterImpl-23fe215d-70cc-4cc8-8e82-38d5ce4d8890/datanode-0/data/ratis/36803913-73e2-42ad-ad24-dd7eb260e326/current/log_inprogress_0
2023-09-29 09:15:05,076 [380230e5-39f9-49de-9a23-78c86f98f3f3@group-DD7EB260E326-LeaderElection11] INFO  server.RaftServer$Division (ServerState.java:setRaftConf(434)) - 380230e5-39f9-49de-9a23-78c86f98f3f3@group-DD7EB260E326: set configuration 0: peers:[380230e5-39f9-49de-9a23-78c86f98f3f3|rpc:10.1.0.30:15067|admin:10.1.0.30:15066|client:10.1.0.30:15065|dataStream:10.1.0.30:15068|priority:1|startupRole:FOLLOWER]|listeners:[], old=null
2023-09-29 09:15:05,081 [3a494423-7ff4-4963-8d96-e6fb16151c55@group-FD3FFEA034FD-FollowerState] INFO  impl.FollowerState (FollowerState.java:run(143)) - 3a494423-7ff4-4963-8d96-e6fb16151c55@group-FD3FFEA034FD-FollowerState: change to CANDIDATE, lastRpcElapsedTime:5057565862ns, electionTimeout:5056ms
2023-09-29 09:15:05,081 [3a494423-7ff4-4963-8d96-e6fb16151c55@group-FD3FFEA034FD-FollowerState] INFO  impl.RoleInfo (RoleInfo.java:shutdownFollowerState(110)) - 3a494423-7ff4-4963-8d96-e6fb16151c55: shutdown 3a494423-7ff4-4963-8d96-e6fb16151c55@group-FD3FFEA034FD-FollowerState
2023-09-29 09:15:05,081 [3a494423-7ff4-4963-8d96-e6fb16151c55@group-FD3FFEA034FD-FollowerState] INFO  server.RaftServer$Division (RaftServerImpl.java:setRole(329)) - 3a494423-7ff4-4963-8d96-e6fb16151c55@group-FD3FFEA034FD: changes role from  FOLLOWER to CANDIDATE at term 0 for changeToCandidate
2023-09-29 09:15:05,081 [3a494423-7ff4-4963-8d96-e6fb16151c55@group-FD3FFEA034FD-FollowerState] INFO  server.RaftServerConfigKeys (ConfUtils.java:logGet(46)) - raft.server.leaderelection.pre-vote = true (default)
2023-09-29 09:15:05,081 [3a494423-7ff4-4963-8d96-e6fb16151c55@group-FD3FFEA034FD-FollowerState] INFO  impl.RoleInfo (RoleInfo.java:updateAndGet(139)) - 3a494423-7ff4-4963-8d96-e6fb16151c55: start 3a494423-7ff4-4963-8d96-e6fb16151c55@group-FD3FFEA034FD-LeaderElection12
2023-09-29 09:15:05,089 [3a494423-7ff4-4963-8d96-e6fb16151c55@group-FD3FFEA034FD-LeaderElection12] INFO  impl.LeaderElection (LeaderElection.java:askForVotes(321)) - 3a494423-7ff4-4963-8d96-e6fb16151c55@group-FD3FFEA034FD-LeaderElection12 PRE_VOTE round 0: submit vote requests at term 0 for -1: peers:[10e0b218-8303-4db1-a541-e155d4944b6e|rpc:10.1.0.30:15085|admin:10.1.0.30:15084|client:10.1.0.30:15083|dataStream:10.1.0.30:15086|priority:0|startupRole:FOLLOWER, 3a494423-7ff4-4963-8d96-e6fb16151c55|rpc:10.1.0.30:15076|admin:10.1.0.30:15075|client:10.1.0.30:15074|dataStream:10.1.0.30:15077|priority:1|startupRole:FOLLOWER, 380230e5-39f9-49de-9a23-78c86f98f3f3|rpc:10.1.0.30:15067|admin:10.1.0.30:15066|client:10.1.0.30:15065|dataStream:10.1.0.30:15068|priority:0|startupRole:FOLLOWER]|listeners:[], old=null
2023-09-29 09:15:05,090 [3a494423-7ff4-4963-8d96-e6fb16151c55@group-FD3FFEA034FD-LeaderElection12-1] INFO  server.GrpcServerProtocolClient (GrpcServerProtocolClient.java:<init>(65)) - Build channel for 10e0b218-8303-4db1-a541-e155d4944b6e
2023-09-29 09:15:05,093 [3a494423-7ff4-4963-8d96-e6fb16151c55@group-FD3FFEA034FD-LeaderElection12] INFO  server.RaftServerConfigKeys (ConfUtils.java:logFallback(53)) - raft.server.rpc.first-election.timeout.min = 5s (fallback to raft.server.rpc.timeout.min)
2023-09-29 09:15:05,093 [3a494423-7ff4-4963-8d96-e6fb16151c55@group-FD3FFEA034FD-LeaderElection12] INFO  server.RaftServerConfigKeys (ConfUtils.java:logFallback(53)) - raft.server.rpc.first-election.timeout.max = 5200ms (fallback to raft.server.rpc.timeout.max)
2023-09-29 09:15:05,093 [3a494423-7ff4-4963-8d96-e6fb16151c55@group-FD3FFEA034FD-LeaderElection12-2] INFO  server.GrpcServerProtocolClient (GrpcServerProtocolClient.java:<init>(65)) - Build channel for 380230e5-39f9-49de-9a23-78c86f98f3f3
2023-09-29 09:15:05,099 [grpc-default-executor-3] INFO  server.RaftServer$Division (RaftServerImpl.java:requestVote(1302)) - 10e0b218-8303-4db1-a541-e155d4944b6e@group-FD3FFEA034FD: receive requestVote(PRE_VOTE, 3a494423-7ff4-4963-8d96-e6fb16151c55, group-FD3FFEA034FD, 0, (t:0, i:0))
2023-09-29 09:15:05,099 [grpc-default-executor-3] INFO  impl.VoteContext (VoteContext.java:log(49)) - 10e0b218-8303-4db1-a541-e155d4944b6e@group-FD3FFEA034FD-FOLLOWER: accept PRE_VOTE from 3a494423-7ff4-4963-8d96-e6fb16151c55: our priority 0 <= candidate's priority 1
2023-09-29 09:15:05,099 [grpc-default-executor-3] INFO  server.RaftServer$Division (RaftServerImpl.java:requestVote(1335)) - 10e0b218-8303-4db1-a541-e155d4944b6e@group-FD3FFEA034FD replies to PRE_VOTE vote request: 3a494423-7ff4-4963-8d96-e6fb16151c55<-10e0b218-8303-4db1-a541-e155d4944b6e#0:OK-t0. Peer's state: 10e0b218-8303-4db1-a541-e155d4944b6e@group-FD3FFEA034FD:t0, leader=null, voted=, raftlog=Memoized:10e0b218-8303-4db1-a541-e155d4944b6e@group-FD3FFEA034FD-SegmentedRaftLog:OPENED:c-1, conf=-1: peers:[10e0b218-8303-4db1-a541-e155d4944b6e|rpc:10.1.0.30:15085|admin:10.1.0.30:15084|client:10.1.0.30:15083|dataStream:10.1.0.30:15086|priority:0|startupRole:FOLLOWER, 3a494423-7ff4-4963-8d96-e6fb16151c55|rpc:10.1.0.30:15076|admin:10.1.0.30:15075|client:10.1.0.30:15074|dataStream:10.1.0.30:15077|priority:1|startupRole:FOLLOWER, 380230e5-39f9-49de-9a23-78c86f98f3f3|rpc:10.1.0.30:15067|admin:10.1.0.30:15066|client:10.1.0.30:15065|dataStream:10.1.0.30:15068|priority:0|startupRole:FOLLOWER]|listeners:[], old=null
2023-09-29 09:15:05,101 [grpc-default-executor-2] INFO  server.RaftServer$Division (RaftServerImpl.java:requestVote(1302)) - 380230e5-39f9-49de-9a23-78c86f98f3f3@group-FD3FFEA034FD: receive requestVote(PRE_VOTE, 3a494423-7ff4-4963-8d96-e6fb16151c55, group-FD3FFEA034FD, 0, (t:0, i:0))
2023-09-29 09:15:05,101 [grpc-default-executor-2] INFO  impl.VoteContext (VoteContext.java:log(49)) - 380230e5-39f9-49de-9a23-78c86f98f3f3@group-FD3FFEA034FD-FOLLOWER: accept PRE_VOTE from 3a494423-7ff4-4963-8d96-e6fb16151c55: our priority 0 <= candidate's priority 1
2023-09-29 09:15:05,101 [grpc-default-executor-2] INFO  server.RaftServer$Division (RaftServerImpl.java:requestVote(1335)) - 380230e5-39f9-49de-9a23-78c86f98f3f3@group-FD3FFEA034FD replies to PRE_VOTE vote request: 3a494423-7ff4-4963-8d96-e6fb16151c55<-380230e5-39f9-49de-9a23-78c86f98f3f3#0:OK-t0. Peer's state: 380230e5-39f9-49de-9a23-78c86f98f3f3@group-FD3FFEA034FD:t0, leader=null, voted=, raftlog=Memoized:380230e5-39f9-49de-9a23-78c86f98f3f3@group-FD3FFEA034FD-SegmentedRaftLog:OPENED:c-1, conf=-1: peers:[10e0b218-8303-4db1-a541-e155d4944b6e|rpc:10.1.0.30:15085|admin:10.1.0.30:15084|client:10.1.0.30:15083|dataStream:10.1.0.30:15086|priority:0|startupRole:FOLLOWER, 3a494423-7ff4-4963-8d96-e6fb16151c55|rpc:10.1.0.30:15076|admin:10.1.0.30:15075|client:10.1.0.30:15074|dataStream:10.1.0.30:15077|priority:1|startupRole:FOLLOWER, 380230e5-39f9-49de-9a23-78c86f98f3f3|rpc:10.1.0.30:15067|admin:10.1.0.30:15066|client:10.1.0.30:15065|dataStream:10.1.0.30:15068|priority:0|startupRole:FOLLOWER]|listeners:[], old=null
2023-09-29 09:15:05,104 [3a494423-7ff4-4963-8d96-e6fb16151c55@group-FD3FFEA034FD-LeaderElection12] INFO  impl.LeaderElection (LeaderElection.java:logAndReturn(90)) - 3a494423-7ff4-4963-8d96-e6fb16151c55@group-FD3FFEA034FD-LeaderElection12: PRE_VOTE PASSED received 1 response(s) and 0 exception(s):
2023-09-29 09:15:05,104 [3a494423-7ff4-4963-8d96-e6fb16151c55@group-FD3FFEA034FD-LeaderElection12] INFO  impl.LeaderElection (LeaderElection.java:logAndReturn(94)) -   Response 0: 3a494423-7ff4-4963-8d96-e6fb16151c55<-10e0b218-8303-4db1-a541-e155d4944b6e#0:OK-t0
2023-09-29 09:15:05,104 [3a494423-7ff4-4963-8d96-e6fb16151c55@group-FD3FFEA034FD-LeaderElection12] INFO  impl.LeaderElection (LeaderElection.java:askForVotes(323)) - 3a494423-7ff4-4963-8d96-e6fb16151c55@group-FD3FFEA034FD-LeaderElection12 PRE_VOTE round 0: result PASSED
2023-09-29 09:15:05,107 [3a494423-7ff4-4963-8d96-e6fb16151c55@group-FD3FFEA034FD-LeaderElection12] INFO  impl.LeaderElection (LeaderElection.java:askForVotes(321)) - 3a494423-7ff4-4963-8d96-e6fb16151c55@group-FD3FFEA034FD-LeaderElection12 ELECTION round 0: submit vote requests at term 1 for -1: peers:[10e0b218-8303-4db1-a541-e155d4944b6e|rpc:10.1.0.30:15085|admin:10.1.0.30:15084|client:10.1.0.30:15083|dataStream:10.1.0.30:15086|priority:0|startupRole:FOLLOWER, 3a494423-7ff4-4963-8d96-e6fb16151c55|rpc:10.1.0.30:15076|admin:10.1.0.30:15075|client:10.1.0.30:15074|dataStream:10.1.0.30:15077|priority:1|startupRole:FOLLOWER, 380230e5-39f9-49de-9a23-78c86f98f3f3|rpc:10.1.0.30:15067|admin:10.1.0.30:15066|client:10.1.0.30:15065|dataStream:10.1.0.30:15068|priority:0|startupRole:FOLLOWER]|listeners:[], old=null
2023-09-29 09:15:05,108 [3a494423-7ff4-4963-8d96-e6fb16151c55@group-FD3FFEA034FD-LeaderElection12] INFO  server.RaftServerConfigKeys (ConfUtils.java:logFallback(53)) - raft.server.rpc.first-election.timeout.min = 5s (fallback to raft.server.rpc.timeout.min)
2023-09-29 09:15:05,108 [3a494423-7ff4-4963-8d96-e6fb16151c55@group-FD3FFEA034FD-LeaderElection12] INFO  server.RaftServerConfigKeys (ConfUtils.java:logFallback(53)) - raft.server.rpc.first-election.timeout.max = 5200ms (fallback to raft.server.rpc.timeout.max)
2023-09-29 09:15:05,108 [grpc-default-executor-3] INFO  server.RaftServer$Division (RaftServerImpl.java:requestVote(1302)) - 10e0b218-8303-4db1-a541-e155d4944b6e@group-FD3FFEA034FD: receive requestVote(ELECTION, 3a494423-7ff4-4963-8d96-e6fb16151c55, group-FD3FFEA034FD, 1, (t:0, i:0))
2023-09-29 09:15:05,108 [grpc-default-executor-3] INFO  impl.VoteContext (VoteContext.java:log(49)) - 10e0b218-8303-4db1-a541-e155d4944b6e@group-FD3FFEA034FD-FOLLOWER: accept ELECTION from 3a494423-7ff4-4963-8d96-e6fb16151c55: our priority 0 <= candidate's priority 1
2023-09-29 09:15:05,109 [grpc-default-executor-3] INFO  server.RaftServer$Division (RaftServerImpl.java:setRole(329)) - 10e0b218-8303-4db1-a541-e155d4944b6e@group-FD3FFEA034FD: changes role from  FOLLOWER to FOLLOWER at term 1 for candidate:3a494423-7ff4-4963-8d96-e6fb16151c55
2023-09-29 09:15:05,109 [grpc-default-executor-3] INFO  impl.RoleInfo (RoleInfo.java:shutdownFollowerState(110)) - 10e0b218-8303-4db1-a541-e155d4944b6e: shutdown 10e0b218-8303-4db1-a541-e155d4944b6e@group-FD3FFEA034FD-FollowerState
2023-09-29 09:15:05,109 [grpc-default-executor-3] INFO  impl.RoleInfo (RoleInfo.java:updateAndGet(139)) - 10e0b218-8303-4db1-a541-e155d4944b6e: start 10e0b218-8303-4db1-a541-e155d4944b6e@group-FD3FFEA034FD-FollowerState
2023-09-29 09:15:05,109 [10e0b218-8303-4db1-a541-e155d4944b6e@group-FD3FFEA034FD-FollowerState] INFO  impl.FollowerState (FollowerState.java:run(152)) - 10e0b218-8303-4db1-a541-e155d4944b6e@group-FD3FFEA034FD-FollowerState was interrupted
2023-09-29 09:15:05,111 [grpc-default-executor-2] INFO  server.RaftServer$Division (RaftServerImpl.java:requestVote(1302)) - 380230e5-39f9-49de-9a23-78c86f98f3f3@group-FD3FFEA034FD: receive requestVote(ELECTION, 3a494423-7ff4-4963-8d96-e6fb16151c55, group-FD3FFEA034FD, 1, (t:0, i:0))
2023-09-29 09:15:05,111 [grpc-default-executor-2] INFO  impl.VoteContext (VoteContext.java:log(49)) - 380230e5-39f9-49de-9a23-78c86f98f3f3@group-FD3FFEA034FD-FOLLOWER: accept ELECTION from 3a494423-7ff4-4963-8d96-e6fb16151c55: our priority 0 <= candidate's priority 1
2023-09-29 09:15:05,111 [grpc-default-executor-2] INFO  server.RaftServer$Division (RaftServerImpl.java:setRole(329)) - 380230e5-39f9-49de-9a23-78c86f98f3f3@group-FD3FFEA034FD: changes role from  FOLLOWER to FOLLOWER at term 1 for candidate:3a494423-7ff4-4963-8d96-e6fb16151c55
2023-09-29 09:15:05,111 [grpc-default-executor-2] INFO  impl.RoleInfo (RoleInfo.java:shutdownFollowerState(110)) - 380230e5-39f9-49de-9a23-78c86f98f3f3: shutdown 380230e5-39f9-49de-9a23-78c86f98f3f3@group-FD3FFEA034FD-FollowerState
2023-09-29 09:15:05,111 [grpc-default-executor-3] INFO  server.RaftServer$Division (RaftServerImpl.java:requestVote(1335)) - 10e0b218-8303-4db1-a541-e155d4944b6e@group-FD3FFEA034FD replies to ELECTION vote request: 3a494423-7ff4-4963-8d96-e6fb16151c55<-10e0b218-8303-4db1-a541-e155d4944b6e#0:OK-t1. Peer's state: 10e0b218-8303-4db1-a541-e155d4944b6e@group-FD3FFEA034FD:t1, leader=null, voted=3a494423-7ff4-4963-8d96-e6fb16151c55, raftlog=Memoized:10e0b218-8303-4db1-a541-e155d4944b6e@group-FD3FFEA034FD-SegmentedRaftLog:OPENED:c-1, conf=-1: peers:[10e0b218-8303-4db1-a541-e155d4944b6e|rpc:10.1.0.30:15085|admin:10.1.0.30:15084|client:10.1.0.30:15083|dataStream:10.1.0.30:15086|priority:0|startupRole:FOLLOWER, 3a494423-7ff4-4963-8d96-e6fb16151c55|rpc:10.1.0.30:15076|admin:10.1.0.30:15075|client:10.1.0.30:15074|dataStream:10.1.0.30:15077|priority:1|startupRole:FOLLOWER, 380230e5-39f9-49de-9a23-78c86f98f3f3|rpc:10.1.0.30:15067|admin:10.1.0.30:15066|client:10.1.0.30:15065|dataStream:10.1.0.30:15068|priority:0|startupRole:FOLLOWER]|listeners:[], old=null
2023-09-29 09:15:05,111 [380230e5-39f9-49de-9a23-78c86f98f3f3@group-FD3FFEA034FD-FollowerState] INFO  impl.FollowerState (FollowerState.java:run(152)) - 380230e5-39f9-49de-9a23-78c86f98f3f3@group-FD3FFEA034FD-FollowerState was interrupted
2023-09-29 09:15:05,111 [grpc-default-executor-2] INFO  impl.RoleInfo (RoleInfo.java:updateAndGet(139)) - 380230e5-39f9-49de-9a23-78c86f98f3f3: start 380230e5-39f9-49de-9a23-78c86f98f3f3@group-FD3FFEA034FD-FollowerState
2023-09-29 09:15:05,115 [3a494423-7ff4-4963-8d96-e6fb16151c55@group-FD3FFEA034FD-LeaderElection12] INFO  impl.LeaderElection (LeaderElection.java:logAndReturn(90)) - 3a494423-7ff4-4963-8d96-e6fb16151c55@group-FD3FFEA034FD-LeaderElection12: ELECTION PASSED received 1 response(s) and 0 exception(s):
2023-09-29 09:15:05,115 [3a494423-7ff4-4963-8d96-e6fb16151c55@group-FD3FFEA034FD-LeaderElection12] INFO  impl.LeaderElection (LeaderElection.java:logAndReturn(94)) -   Response 0: 3a494423-7ff4-4963-8d96-e6fb16151c55<-10e0b218-8303-4db1-a541-e155d4944b6e#0:OK-t1
2023-09-29 09:15:05,115 [3a494423-7ff4-4963-8d96-e6fb16151c55@group-FD3FFEA034FD-LeaderElection12] INFO  impl.LeaderElection (LeaderElection.java:askForVotes(323)) - 3a494423-7ff4-4963-8d96-e6fb16151c55@group-FD3FFEA034FD-LeaderElection12 ELECTION round 0: result PASSED
2023-09-29 09:15:05,116 [3a494423-7ff4-4963-8d96-e6fb16151c55@group-FD3FFEA034FD-LeaderElection12] INFO  impl.RoleInfo (RoleInfo.java:shutdownLeaderElection(130)) - 3a494423-7ff4-4963-8d96-e6fb16151c55: shutdown 3a494423-7ff4-4963-8d96-e6fb16151c55@group-FD3FFEA034FD-LeaderElection12
2023-09-29 09:15:05,116 [3a494423-7ff4-4963-8d96-e6fb16151c55@group-FD3FFEA034FD-LeaderElection12] INFO  server.RaftServer$Division (RaftServerImpl.java:setRole(329)) - 3a494423-7ff4-4963-8d96-e6fb16151c55@group-FD3FFEA034FD: changes role from CANDIDATE to LEADER at term 1 for changeToLeader
2023-09-29 09:15:05,116 [3a494423-7ff4-4963-8d96-e6fb16151c55@group-FD3FFEA034FD-LeaderElection12] INFO  ratis.XceiverServerRatis (XceiverServerRatis.java:handleLeaderChangedNotification(902)) - Leader change notification received for group: group-FD3FFEA034FD with new leaderId: 3a494423-7ff4-4963-8d96-e6fb16151c55
2023-09-29 09:15:05,116 [grpc-default-executor-2] INFO  server.RaftServer$Division (RaftServerImpl.java:requestVote(1335)) - 380230e5-39f9-49de-9a23-78c86f98f3f3@group-FD3FFEA034FD replies to ELECTION vote request: 3a494423-7ff4-4963-8d96-e6fb16151c55<-380230e5-39f9-49de-9a23-78c86f98f3f3#0:OK-t1. Peer's state: 380230e5-39f9-49de-9a23-78c86f98f3f3@group-FD3FFEA034FD:t1, leader=null, voted=3a494423-7ff4-4963-8d96-e6fb16151c55, raftlog=Memoized:380230e5-39f9-49de-9a23-78c86f98f3f3@group-FD3FFEA034FD-SegmentedRaftLog:OPENED:c-1, conf=-1: peers:[10e0b218-8303-4db1-a541-e155d4944b6e|rpc:10.1.0.30:15085|admin:10.1.0.30:15084|client:10.1.0.30:15083|dataStream:10.1.0.30:15086|priority:0|startupRole:FOLLOWER, 3a494423-7ff4-4963-8d96-e6fb16151c55|rpc:10.1.0.30:15076|admin:10.1.0.30:15075|client:10.1.0.30:15074|dataStream:10.1.0.30:15077|priority:1|startupRole:FOLLOWER, 380230e5-39f9-49de-9a23-78c86f98f3f3|rpc:10.1.0.30:15067|admin:10.1.0.30:15066|client:10.1.0.30:15065|dataStream:10.1.0.30:15068|priority:0|startupRole:FOLLOWER]|listeners:[], old=null
2023-09-29 09:15:05,116 [3a494423-7ff4-4963-8d96-e6fb16151c55@group-FD3FFEA034FD-LeaderElection12] INFO  server.RaftServer$Division (ServerState.java:setLeader(317)) - 3a494423-7ff4-4963-8d96-e6fb16151c55@group-FD3FFEA034FD: change Leader from null to 3a494423-7ff4-4963-8d96-e6fb16151c55 at term 1 for becomeLeader, leader elected after 5111ms
2023-09-29 09:15:05,116 [3a494423-7ff4-4963-8d96-e6fb16151c55@group-FD3FFEA034FD-LeaderElection12] INFO  server.RaftServerConfigKeys (ConfUtils.java:logGet(46)) - raft.server.staging.catchup.gap = 1000 (default)
2023-09-29 09:15:05,116 [3a494423-7ff4-4963-8d96-e6fb16151c55@group-FD3FFEA034FD-LeaderElection12] INFO  server.RaftServerConfigKeys (ConfUtils.java:logGet(46)) - raft.server.write.element-limit = 1024 (custom)
2023-09-29 09:15:05,116 [3a494423-7ff4-4963-8d96-e6fb16151c55@group-FD3FFEA034FD-LeaderElection12] INFO  server.RaftServerConfigKeys (ConfUtils.java:logGet(46)) - raft.server.write.byte-limit = 1024 M (=1073741824) (custom)
2023-09-29 09:15:05,117 [3a494423-7ff4-4963-8d96-e6fb16151c55@group-FD3FFEA034FD-LeaderElection12] INFO  server.RaftServerConfigKeys (ConfUtils.java:logGet(46)) - raft.server.watch.timeout = 180s (custom)
2023-09-29 09:15:05,117 [3a494423-7ff4-4963-8d96-e6fb16151c55@group-FD3FFEA034FD-LeaderElection12] INFO  server.RaftServerConfigKeys (ConfUtils.java:logGet(46)) - raft.server.watch.timeout.denomination = 1s (default)
2023-09-29 09:15:05,117 [3a494423-7ff4-4963-8d96-e6fb16151c55@group-FD3FFEA034FD-LeaderElection12] INFO  server.RaftServerConfigKeys (ConfUtils.java:logGet(46)) - raft.server.watch.element-limit = 65536 (default)
2023-09-29 09:15:05,117 [3a494423-7ff4-4963-8d96-e6fb16151c55@group-FD3FFEA034FD-LeaderElection12] INFO  server.RaftServerConfigKeys (ConfUtils.java:logGet(46)) - raft.server.write.element-limit = 1024 (custom)
2023-09-29 09:15:05,117 [3a494423-7ff4-4963-8d96-e6fb16151c55@group-FD3FFEA034FD-LeaderElection12] INFO  server.RaftServerConfigKeys (ConfUtils.java:logGet(46)) - raft.server.write.follower.gap.ratio.max = -1.0 (default)
2023-09-29 09:15:05,117 [3a494423-7ff4-4963-8d96-e6fb16151c55@group-FD3FFEA034FD-LeaderElection12] INFO  server.RaftServerConfigKeys (ConfUtils.java:logGet(46)) - raft.server.log.appender.snapshot.chunk.size.max = 16MB (=16777216) (default)
2023-09-29 09:15:05,118 [3a494423-7ff4-4963-8d96-e6fb16151c55@group-FD3FFEA034FD-LeaderElection12] INFO  server.RaftServerConfigKeys (ConfUtils.java:logGet(46)) - raft.server.log.appender.buffer.byte-limit = 33554432 (custom)
2023-09-29 09:15:05,118 [3a494423-7ff4-4963-8d96-e6fb16151c55@group-FD3FFEA034FD-LeaderElection12] INFO  server.RaftServerConfigKeys (ConfUtils.java:logGet(46)) - raft.server.log.appender.buffer.element-limit = 1 (custom)
2023-09-29 09:15:05,118 [3a494423-7ff4-4963-8d96-e6fb16151c55@group-FD3FFEA034FD-LeaderElection12] INFO  server.RaftServerConfigKeys (ConfUtils.java:logGet(46)) - raft.server.log.appender.wait-time.min = 10ms (default)
2023-09-29 09:15:05,118 [3a494423-7ff4-4963-8d96-e6fb16151c55@group-FD3FFEA034FD-LeaderElection12] INFO  grpc.GrpcConfigKeys (ConfUtils.java:logGet(46)) - raft.grpc.server.leader.outstanding.appends.max = 128 (default)
2023-09-29 09:15:05,118 [3a494423-7ff4-4963-8d96-e6fb16151c55@group-FD3FFEA034FD-LeaderElection12] INFO  server.RaftServerConfigKeys (ConfUtils.java:logGet(46)) - raft.server.rpc.request.timeout = 60s (custom)
2023-09-29 09:15:05,118 [3a494423-7ff4-4963-8d96-e6fb16151c55@group-FD3FFEA034FD-LeaderElection12] INFO  grpc.GrpcConfigKeys (ConfUtils.java:logGet(46)) - raft.grpc.server.install_snapshot.request.element-limit = 8 (default)
2023-09-29 09:15:05,118 [3a494423-7ff4-4963-8d96-e6fb16151c55@group-FD3FFEA034FD-LeaderElection12] INFO  grpc.GrpcConfigKeys (ConfUtils.java:logGet(46)) - raft.grpc.server.install_snapshot.request.timeout = 3000ms (default)
2023-09-29 09:15:05,118 [3a494423-7ff4-4963-8d96-e6fb16151c55@group-FD3FFEA034FD-LeaderElection12] INFO  server.RaftServerConfigKeys (ConfUtils.java:logGet(46)) - raft.server.log.appender.install.snapshot.enabled = false (custom)
2023-09-29 09:15:05,118 [3a494423-7ff4-4963-8d96-e6fb16151c55@group-FD3FFEA034FD-LeaderElection12] INFO  grpc.GrpcConfigKeys (ConfUtils.java:logGet(46)) - raft.grpc.server.heartbeat.channel = true (default)
2023-09-29 09:15:05,119 [3a494423-7ff4-4963-8d96-e6fb16151c55@group-FD3FFEA034FD-LeaderElection12] INFO  server.RaftServerConfigKeys (ConfUtils.java:logGet(46)) - raft.server.log.appender.snapshot.chunk.size.max = 16MB (=16777216) (default)
2023-09-29 09:15:05,119 [3a494423-7ff4-4963-8d96-e6fb16151c55@group-FD3FFEA034FD-LeaderElection12] INFO  server.RaftServerConfigKeys (ConfUtils.java:logGet(46)) - raft.server.log.appender.buffer.byte-limit = 33554432 (custom)
2023-09-29 09:15:05,119 [3a494423-7ff4-4963-8d96-e6fb16151c55@group-FD3FFEA034FD-LeaderElection12] INFO  server.RaftServerConfigKeys (ConfUtils.java:logGet(46)) - raft.server.log.appender.buffer.element-limit = 1 (custom)
2023-09-29 09:15:05,119 [3a494423-7ff4-4963-8d96-e6fb16151c55@group-FD3FFEA034FD-LeaderElection12] INFO  server.RaftServerConfigKeys (ConfUtils.java:logGet(46)) - raft.server.log.appender.wait-time.min = 10ms (default)
2023-09-29 09:15:05,119 [3a494423-7ff4-4963-8d96-e6fb16151c55@group-FD3FFEA034FD-LeaderElection12] INFO  grpc.GrpcConfigKeys (ConfUtils.java:logGet(46)) - raft.grpc.server.leader.outstanding.appends.max = 128 (default)
2023-09-29 09:15:05,119 [3a494423-7ff4-4963-8d96-e6fb16151c55@group-FD3FFEA034FD-LeaderElection12] INFO  server.RaftServerConfigKeys (ConfUtils.java:logGet(46)) - raft.server.rpc.request.timeout = 60s (custom)
2023-09-29 09:15:05,119 [3a494423-7ff4-4963-8d96-e6fb16151c55@group-FD3FFEA034FD-LeaderElection12] INFO  grpc.GrpcConfigKeys (ConfUtils.java:logGet(46)) - raft.grpc.server.install_snapshot.request.element-limit = 8 (default)
2023-09-29 09:15:05,119 [3a494423-7ff4-4963-8d96-e6fb16151c55@group-FD3FFEA034FD-LeaderElection12] INFO  grpc.GrpcConfigKeys (ConfUtils.java:logGet(46)) - raft.grpc.server.install_snapshot.request.timeout = 3000ms (default)
2023-09-29 09:15:05,119 [3a494423-7ff4-4963-8d96-e6fb16151c55@group-FD3FFEA034FD-LeaderElection12] INFO  server.RaftServerConfigKeys (ConfUtils.java:logGet(46)) - raft.server.log.appender.install.snapshot.enabled = false (custom)
2023-09-29 09:15:05,119 [3a494423-7ff4-4963-8d96-e6fb16151c55@group-FD3FFEA034FD-LeaderElection12] INFO  grpc.GrpcConfigKeys (ConfUtils.java:logGet(46)) - raft.grpc.server.heartbeat.channel = true (default)
2023-09-29 09:15:05,121 [EventQueue-PipelineReportForPipelineReportHandler] INFO  pipeline.PipelineReportHandler (PipelineReportHandler.java:processPipelineReport(136)) - Opened pipeline PipelineID=bb865f4c-78dd-4156-a10a-fd3ffea034fd
2023-09-29 09:15:05,121 [EventQueue-OpenPipelineForHealthyPipelineSafeModeRule] INFO  safemode.SCMSafeModeManager (HealthyPipelineSafeModeRule.java:process(137)) - SCM in safe mode. Healthy pipelines reported count is 1, required healthy pipeline reported count is 1
2023-09-29 09:15:05,121 [EventQueue-OpenPipelineForHealthyPipelineSafeModeRule] INFO  safemode.SCMSafeModeManager (SCMSafeModeManager.java:validateSafeModeExitRules(200)) - HealthyPipelineSafeModeRule rule is successfully validated
2023-09-29 09:15:05,121 [EventQueue-OpenPipelineForHealthyPipelineSafeModeRule] INFO  safemode.SCMSafeModeManager (SCMSafeModeManager.java:validateSafeModeExitRules(215)) - ScmSafeModeManager, all rules are successfully validated
2023-09-29 09:15:05,121 [EventQueue-OpenPipelineForHealthyPipelineSafeModeRule] INFO  safemode.SCMSafeModeManager (SCMSafeModeManager.java:exitSafeMode(244)) - SCM exiting safe mode.
2023-09-29 09:15:05,121 [EventQueue-OpenPipelineForHealthyPipelineSafeModeRule] INFO  ha.SCMContext (SCMContext.java:updateSafeModeStatus(228)) - Update SafeModeStatus from SafeModeStatus{safeModeStatus=true, preCheckPassed=true} to SafeModeStatus{safeModeStatus=false, preCheckPassed=true}.
2023-09-29 09:15:05,122 [EventQueue-OpenPipelineForHealthyPipelineSafeModeRule] INFO  pipeline.BackgroundPipelineCreator (BackgroundPipelineCreator.java:notifyStatusChanged(255)) - Service BackgroundPipelineCreator transitions to RUNNING.
2023-09-29 09:15:05,122 [EventQueue-OpenPipelineForHealthyPipelineSafeModeRule] INFO  BackgroundPipelineScrubber (BackgroundSCMService.java:notifyStatusChanged(82)) - Service BackgroundPipelineScrubber transitions to RUNNING.
2023-09-29 09:15:05,122 [EventQueue-OpenPipelineForHealthyPipelineSafeModeRule] INFO  ExpiredContainerReplicaOpScrubber (BackgroundSCMService.java:notifyStatusChanged(82)) - Service ExpiredContainerReplicaOpScrubber transitions to RUNNING.
2023-09-29 09:15:05,122 [EventQueue-OpenPipelineForHealthyPipelineSafeModeRule] INFO  replication.ReplicationManager (ReplicationManager.java:notifyStatusChanged(1370)) - Service ReplicationManager transitions to RUNNING.
2023-09-29 09:15:05,122 [EventQueue-OpenPipelineForHealthyPipelineSafeModeRule] WARN  balancer.ContainerBalancer (ContainerBalancer.java:shouldRun(134)) - Could not find persisted configuration for ContainerBalancer when checking if ContainerBalancer should run. ContainerBalancer should not run now.
2023-09-29 09:15:05,126 [3a494423-7ff4-4963-8d96-e6fb16151c55@group-FD3FFEA034FD-LeaderElection12] INFO  impl.RoleInfo (RoleInfo.java:updateAndGet(139)) - 3a494423-7ff4-4963-8d96-e6fb16151c55: start 3a494423-7ff4-4963-8d96-e6fb16151c55@group-FD3FFEA034FD-LeaderStateImpl
2023-09-29 09:15:05,126 [3a494423-7ff4-4963-8d96-e6fb16151c55@group-FD3FFEA034FD-LeaderElection12] INFO  segmented.SegmentedRaftLogWorker (SegmentedRaftLogWorker.java:startLogSegment(447)) - 3a494423-7ff4-4963-8d96-e6fb16151c55@group-FD3FFEA034FD-SegmentedRaftLogWorker: Starting segment from index:0
2023-09-29 09:15:05,128 [3a494423-7ff4-4963-8d96-e6fb16151c55@group-FD3FFEA034FD-SegmentedRaftLogWorker] INFO  segmented.SegmentedRaftLogWorker (SegmentedRaftLogWorker.java:execute(651)) - 3a494423-7ff4-4963-8d96-e6fb16151c55@group-FD3FFEA034FD-SegmentedRaftLogWorker: created new log segment /home/runner/work/ozone/ozone/hadoop-ozone/integration-test/target/test-dir/MiniOzoneClusterImpl-23fe215d-70cc-4cc8-8e82-38d5ce4d8890/datanode-1/data/ratis/bb865f4c-78dd-4156-a10a-fd3ffea034fd/current/log_inprogress_0
2023-09-29 09:15:05,140 [3a494423-7ff4-4963-8d96-e6fb16151c55@group-FD3FFEA034FD-LeaderElection12] INFO  server.RaftServer$Division (ServerState.java:setRaftConf(434)) - 3a494423-7ff4-4963-8d96-e6fb16151c55@group-FD3FFEA034FD: set configuration 0: peers:[10e0b218-8303-4db1-a541-e155d4944b6e|rpc:10.1.0.30:15085|admin:10.1.0.30:15084|client:10.1.0.30:15083|dataStream:10.1.0.30:15086|priority:0|startupRole:FOLLOWER, 3a494423-7ff4-4963-8d96-e6fb16151c55|rpc:10.1.0.30:15076|admin:10.1.0.30:15075|client:10.1.0.30:15074|dataStream:10.1.0.30:15077|priority:1|startupRole:FOLLOWER, 380230e5-39f9-49de-9a23-78c86f98f3f3|rpc:10.1.0.30:15067|admin:10.1.0.30:15066|client:10.1.0.30:15065|dataStream:10.1.0.30:15068|priority:0|startupRole:FOLLOWER]|listeners:[], old=null
2023-09-29 09:15:05,159 [10e0b218-8303-4db1-a541-e155d4944b6e-server-thread1] INFO  ratis.XceiverServerRatis (XceiverServerRatis.java:handleLeaderChangedNotification(902)) - Leader change notification received for group: group-FD3FFEA034FD with new leaderId: 3a494423-7ff4-4963-8d96-e6fb16151c55
2023-09-29 09:15:05,159 [10e0b218-8303-4db1-a541-e155d4944b6e-server-thread1] INFO  server.RaftServer$Division (ServerState.java:setLeader(317)) - 10e0b218-8303-4db1-a541-e155d4944b6e@group-FD3FFEA034FD: change Leader from null to 3a494423-7ff4-4963-8d96-e6fb16151c55 at term 1 for appendEntries, leader elected after 5212ms
2023-09-29 09:15:05,159 [380230e5-39f9-49de-9a23-78c86f98f3f3-server-thread1] INFO  ratis.XceiverServerRatis (XceiverServerRatis.java:handleLeaderChangedNotification(902)) - Leader change notification received for group: group-FD3FFEA034FD with new leaderId: 3a494423-7ff4-4963-8d96-e6fb16151c55
2023-09-29 09:15:05,160 [380230e5-39f9-49de-9a23-78c86f98f3f3-server-thread1] INFO  server.RaftServer$Division (ServerState.java:setLeader(317)) - 380230e5-39f9-49de-9a23-78c86f98f3f3@group-FD3FFEA034FD: change Leader from null to 3a494423-7ff4-4963-8d96-e6fb16151c55 at term 1 for appendEntries, leader elected after 5265ms
2023-09-29 09:15:05,168 [380230e5-39f9-49de-9a23-78c86f98f3f3-server-thread2] INFO  server.RaftServer$Division (ServerState.java:setRaftConf(434)) - 380230e5-39f9-49de-9a23-78c86f98f3f3@group-FD3FFEA034FD: set configuration 0: peers:[10e0b218-8303-4db1-a541-e155d4944b6e|rpc:10.1.0.30:15085|admin:10.1.0.30:15084|client:10.1.0.30:15083|dataStream:10.1.0.30:15086|priority:0|startupRole:FOLLOWER, 3a494423-7ff4-4963-8d96-e6fb16151c55|rpc:10.1.0.30:15076|admin:10.1.0.30:15075|client:10.1.0.30:15074|dataStream:10.1.0.30:15077|priority:1|startupRole:FOLLOWER, 380230e5-39f9-49de-9a23-78c86f98f3f3|rpc:10.1.0.30:15067|admin:10.1.0.30:15066|client:10.1.0.30:15065|dataStream:10.1.0.30:15068|priority:0|startupRole:FOLLOWER]|listeners:[], old=null
2023-09-29 09:15:05,168 [380230e5-39f9-49de-9a23-78c86f98f3f3-server-thread2] INFO  segmented.SegmentedRaftLogWorker (SegmentedRaftLogWorker.java:startLogSegment(447)) - 380230e5-39f9-49de-9a23-78c86f98f3f3@group-FD3FFEA034FD-SegmentedRaftLogWorker: Starting segment from index:0
2023-09-29 09:15:05,168 [10e0b218-8303-4db1-a541-e155d4944b6e-server-thread2] INFO  server.RaftServer$Division (ServerState.java:setRaftConf(434)) - 10e0b218-8303-4db1-a541-e155d4944b6e@group-FD3FFEA034FD: set configuration 0: peers:[10e0b218-8303-4db1-a541-e155d4944b6e|rpc:10.1.0.30:15085|admin:10.1.0.30:15084|client:10.1.0.30:15083|dataStream:10.1.0.30:15086|priority:0|startupRole:FOLLOWER, 3a494423-7ff4-4963-8d96-e6fb16151c55|rpc:10.1.0.30:15076|admin:10.1.0.30:15075|client:10.1.0.30:15074|dataStream:10.1.0.30:15077|priority:1|startupRole:FOLLOWER, 380230e5-39f9-49de-9a23-78c86f98f3f3|rpc:10.1.0.30:15067|admin:10.1.0.30:15066|client:10.1.0.30:15065|dataStream:10.1.0.30:15068|priority:0|startupRole:FOLLOWER]|listeners:[], old=null
2023-09-29 09:15:05,169 [10e0b218-8303-4db1-a541-e155d4944b6e-server-thread2] INFO  segmented.SegmentedRaftLogWorker (SegmentedRaftLogWorker.java:startLogSegment(447)) - 10e0b218-8303-4db1-a541-e155d4944b6e@group-FD3FFEA034FD-SegmentedRaftLogWorker: Starting segment from index:0
2023-09-29 09:15:05,174 [380230e5-39f9-49de-9a23-78c86f98f3f3@group-FD3FFEA034FD-SegmentedRaftLogWorker] INFO  segmented.SegmentedRaftLogWorker (SegmentedRaftLogWorker.java:execute(651)) - 380230e5-39f9-49de-9a23-78c86f98f3f3@group-FD3FFEA034FD-SegmentedRaftLogWorker: created new log segment /home/runner/work/ozone/ozone/hadoop-ozone/integration-test/target/test-dir/MiniOzoneClusterImpl-23fe215d-70cc-4cc8-8e82-38d5ce4d8890/datanode-0/data/ratis/bb865f4c-78dd-4156-a10a-fd3ffea034fd/current/log_inprogress_0
2023-09-29 09:15:05,174 [10e0b218-8303-4db1-a541-e155d4944b6e@group-FD3FFEA034FD-SegmentedRaftLogWorker] INFO  segmented.SegmentedRaftLogWorker (SegmentedRaftLogWorker.java:execute(651)) - 10e0b218-8303-4db1-a541-e155d4944b6e@group-FD3FFEA034FD-SegmentedRaftLogWorker: created new log segment /home/runner/work/ozone/ozone/hadoop-ozone/integration-test/target/test-dir/MiniOzoneClusterImpl-23fe215d-70cc-4cc8-8e82-38d5ce4d8890/datanode-2/data/ratis/bb865f4c-78dd-4156-a10a-fd3ffea034fd/current/log_inprogress_0
2023-09-29 09:15:05,175 [10e0b218-8303-4db1-a541-e155d4944b6e@group-E0A40844F82E-FollowerState] INFO  impl.FollowerState (FollowerState.java:run(143)) - 10e0b218-8303-4db1-a541-e155d4944b6e@group-E0A40844F82E-FollowerState: change to CANDIDATE, lastRpcElapsedTime:5082455960ns, electionTimeout:5077ms
2023-09-29 09:15:05,175 [10e0b218-8303-4db1-a541-e155d4944b6e@group-E0A40844F82E-FollowerState] INFO  impl.RoleInfo (RoleInfo.java:shutdownFollowerState(110)) - 10e0b218-8303-4db1-a541-e155d4944b6e: shutdown 10e0b218-8303-4db1-a541-e155d4944b6e@group-E0A40844F82E-FollowerState
2023-09-29 09:15:05,175 [10e0b218-8303-4db1-a541-e155d4944b6e@group-E0A40844F82E-FollowerState] INFO  server.RaftServer$Division (RaftServerImpl.java:setRole(329)) - 10e0b218-8303-4db1-a541-e155d4944b6e@group-E0A40844F82E: changes role from  FOLLOWER to CANDIDATE at term 0 for changeToCandidate
2023-09-29 09:15:05,175 [10e0b218-8303-4db1-a541-e155d4944b6e@group-E0A40844F82E-FollowerState] INFO  server.RaftServerConfigKeys (ConfUtils.java:logGet(46)) - raft.server.leaderelection.pre-vote = true (default)
2023-09-29 09:15:05,175 [10e0b218-8303-4db1-a541-e155d4944b6e@group-E0A40844F82E-FollowerState] INFO  impl.RoleInfo (RoleInfo.java:updateAndGet(139)) - 10e0b218-8303-4db1-a541-e155d4944b6e: start 10e0b218-8303-4db1-a541-e155d4944b6e@group-E0A40844F82E-LeaderElection13
2023-09-29 09:15:05,183 [10e0b218-8303-4db1-a541-e155d4944b6e@group-E0A40844F82E-LeaderElection13] INFO  impl.LeaderElection (LeaderElection.java:askForVotes(321)) - 10e0b218-8303-4db1-a541-e155d4944b6e@group-E0A40844F82E-LeaderElection13 PRE_VOTE round 0: submit vote requests at term 0 for -1: peers:[10e0b218-8303-4db1-a541-e155d4944b6e|rpc:10.1.0.30:15085|admin:10.1.0.30:15084|client:10.1.0.30:15083|dataStream:10.1.0.30:15086|priority:0|startupRole:FOLLOWER, 3a494423-7ff4-4963-8d96-e6fb16151c55|rpc:10.1.0.30:15076|admin:10.1.0.30:15075|client:10.1.0.30:15074|dataStream:10.1.0.30:15077|priority:0|startupRole:FOLLOWER, 380230e5-39f9-49de-9a23-78c86f98f3f3|rpc:10.1.0.30:15067|admin:10.1.0.30:15066|client:10.1.0.30:15065|dataStream:10.1.0.30:15068|priority:1|startupRole:FOLLOWER]|listeners:[], old=null
2023-09-29 09:15:05,184 [10e0b218-8303-4db1-a541-e155d4944b6e@group-E0A40844F82E-LeaderElection13-1] INFO  server.GrpcServerProtocolClient (GrpcServerProtocolClient.java:<init>(65)) - Build channel for 3a494423-7ff4-4963-8d96-e6fb16151c55
2023-09-29 09:15:05,190 [10e0b218-8303-4db1-a541-e155d4944b6e@group-E0A40844F82E-LeaderElection13] INFO  server.RaftServerConfigKeys (ConfUtils.java:logFallback(53)) - raft.server.rpc.first-election.timeout.min = 5s (fallback to raft.server.rpc.timeout.min)
2023-09-29 09:15:05,190 [10e0b218-8303-4db1-a541-e155d4944b6e@group-E0A40844F82E-LeaderElection13-2] INFO  server.GrpcServerProtocolClient (GrpcServerProtocolClient.java:<init>(65)) - Build channel for 380230e5-39f9-49de-9a23-78c86f98f3f3
2023-09-29 09:15:05,190 [10e0b218-8303-4db1-a541-e155d4944b6e@group-E0A40844F82E-LeaderElection13] INFO  server.RaftServerConfigKeys (ConfUtils.java:logFallback(53)) - raft.server.rpc.first-election.timeout.max = 5200ms (fallback to raft.server.rpc.timeout.max)
2023-09-29 09:15:05,213 [grpc-default-executor-3] INFO  server.RaftServer$Division (RaftServerImpl.java:requestVote(1302)) - 3a494423-7ff4-4963-8d96-e6fb16151c55@group-E0A40844F82E: receive requestVote(PRE_VOTE, 10e0b218-8303-4db1-a541-e155d4944b6e, group-E0A40844F82E, 0, (t:0, i:0))
2023-09-29 09:15:05,213 [grpc-default-executor-3] INFO  impl.VoteContext (VoteContext.java:log(49)) - 3a494423-7ff4-4963-8d96-e6fb16151c55@group-E0A40844F82E-FOLLOWER: accept PRE_VOTE from 10e0b218-8303-4db1-a541-e155d4944b6e: our priority 0 <= candidate's priority 0
2023-09-29 09:15:05,213 [grpc-default-executor-3] INFO  server.RaftServer$Division (RaftServerImpl.java:requestVote(1335)) - 3a494423-7ff4-4963-8d96-e6fb16151c55@group-E0A40844F82E replies to PRE_VOTE vote request: 10e0b218-8303-4db1-a541-e155d4944b6e<-3a494423-7ff4-4963-8d96-e6fb16151c55#0:OK-t0. Peer's state: 3a494423-7ff4-4963-8d96-e6fb16151c55@group-E0A40844F82E:t0, leader=null, voted=, raftlog=Memoized:3a494423-7ff4-4963-8d96-e6fb16151c55@group-E0A40844F82E-SegmentedRaftLog:OPENED:c-1, conf=-1: peers:[10e0b218-8303-4db1-a541-e155d4944b6e|rpc:10.1.0.30:15085|admin:10.1.0.30:15084|client:10.1.0.30:15083|dataStream:10.1.0.30:15086|priority:0|startupRole:FOLLOWER, 3a494423-7ff4-4963-8d96-e6fb16151c55|rpc:10.1.0.30:15076|admin:10.1.0.30:15075|client:10.1.0.30:15074|dataStream:10.1.0.30:15077|priority:0|startupRole:FOLLOWER, 380230e5-39f9-49de-9a23-78c86f98f3f3|rpc:10.1.0.30:15067|admin:10.1.0.30:15066|client:10.1.0.30:15065|dataStream:10.1.0.30:15068|priority:1|startupRole:FOLLOWER]|listeners:[], old=null
2023-09-29 09:15:05,213 [grpc-default-executor-4] INFO  server.RaftServer$Division (RaftServerImpl.java:requestVote(1302)) - 380230e5-39f9-49de-9a23-78c86f98f3f3@group-E0A40844F82E: receive requestVote(PRE_VOTE, 10e0b218-8303-4db1-a541-e155d4944b6e, group-E0A40844F82E, 0, (t:0, i:0))
2023-09-29 09:15:05,214 [grpc-default-executor-4] INFO  impl.VoteContext (VoteContext.java:log(49)) - 380230e5-39f9-49de-9a23-78c86f98f3f3@group-E0A40844F82E-FOLLOWER: reject PRE_VOTE from 10e0b218-8303-4db1-a541-e155d4944b6e: our priority 1 > candidate's priority 0
2023-09-29 09:15:05,214 [grpc-default-executor-4] INFO  server.RaftServer$Division (RaftServerImpl.java:requestVote(1335)) - 380230e5-39f9-49de-9a23-78c86f98f3f3@group-E0A40844F82E replies to PRE_VOTE vote request: 10e0b218-8303-4db1-a541-e155d4944b6e<-380230e5-39f9-49de-9a23-78c86f98f3f3#0:FAIL-t0. Peer's state: 380230e5-39f9-49de-9a23-78c86f98f3f3@group-E0A40844F82E:t0, leader=null, voted=, raftlog=Memoized:380230e5-39f9-49de-9a23-78c86f98f3f3@group-E0A40844F82E-SegmentedRaftLog:OPENED:c-1, conf=-1: peers:[10e0b218-8303-4db1-a541-e155d4944b6e|rpc:10.1.0.30:15085|admin:10.1.0.30:15084|client:10.1.0.30:15083|dataStream:10.1.0.30:15086|priority:0|startupRole:FOLLOWER, 3a494423-7ff4-4963-8d96-e6fb16151c55|rpc:10.1.0.30:15076|admin:10.1.0.30:15075|client:10.1.0.30:15074|dataStream:10.1.0.30:15077|priority:0|startupRole:FOLLOWER, 380230e5-39f9-49de-9a23-78c86f98f3f3|rpc:10.1.0.30:15067|admin:10.1.0.30:15066|client:10.1.0.30:15065|dataStream:10.1.0.30:15068|priority:1|startupRole:FOLLOWER]|listeners:[], old=null
2023-09-29 09:15:05,217 [10e0b218-8303-4db1-a541-e155d4944b6e@group-E0A40844F82E-LeaderElection13] INFO  impl.LeaderElection (LeaderElection.java:logAndReturn(90)) - 10e0b218-8303-4db1-a541-e155d4944b6e@group-E0A40844F82E-LeaderElection13: PRE_VOTE REJECTED received 1 response(s) and 0 exception(s):
2023-09-29 09:15:05,217 [10e0b218-8303-4db1-a541-e155d4944b6e@group-E0A40844F82E-LeaderElection13] INFO  impl.LeaderElection (LeaderElection.java:logAndReturn(94)) -   Response 0: 10e0b218-8303-4db1-a541-e155d4944b6e<-380230e5-39f9-49de-9a23-78c86f98f3f3#0:FAIL-t0
2023-09-29 09:15:05,217 [10e0b218-8303-4db1-a541-e155d4944b6e@group-E0A40844F82E-LeaderElection13] INFO  impl.LeaderElection (LeaderElection.java:askForVotes(323)) - 10e0b218-8303-4db1-a541-e155d4944b6e@group-E0A40844F82E-LeaderElection13 PRE_VOTE round 0: result REJECTED
2023-09-29 09:15:05,217 [10e0b218-8303-4db1-a541-e155d4944b6e@group-E0A40844F82E-LeaderElection13] INFO  server.RaftServer$Division (RaftServerImpl.java:setRole(329)) - 10e0b218-8303-4db1-a541-e155d4944b6e@group-E0A40844F82E: changes role from CANDIDATE to FOLLOWER at term 0 for REJECTED
2023-09-29 09:15:05,217 [10e0b218-8303-4db1-a541-e155d4944b6e@group-E0A40844F82E-LeaderElection13] INFO  impl.RoleInfo (RoleInfo.java:shutdownLeaderElection(130)) - 10e0b218-8303-4db1-a541-e155d4944b6e: shutdown 10e0b218-8303-4db1-a541-e155d4944b6e@group-E0A40844F82E-LeaderElection13
2023-09-29 09:15:05,217 [10e0b218-8303-4db1-a541-e155d4944b6e@group-E0A40844F82E-LeaderElection13] INFO  impl.RoleInfo (RoleInfo.java:updateAndGet(139)) - 10e0b218-8303-4db1-a541-e155d4944b6e: start 10e0b218-8303-4db1-a541-e155d4944b6e@group-E0A40844F82E-FollowerState
2023-09-29 09:15:05,221 [380230e5-39f9-49de-9a23-78c86f98f3f3@group-E0A40844F82E-FollowerState] INFO  impl.FollowerState (FollowerState.java:run(143)) - 380230e5-39f9-49de-9a23-78c86f98f3f3@group-E0A40844F82E-FollowerState: change to CANDIDATE, lastRpcElapsedTime:5164742853ns, electionTimeout:5154ms
2023-09-29 09:15:05,221 [380230e5-39f9-49de-9a23-78c86f98f3f3@group-E0A40844F82E-FollowerState] INFO  impl.RoleInfo (RoleInfo.java:shutdownFollowerState(110)) - 380230e5-39f9-49de-9a23-78c86f98f3f3: shutdown 380230e5-39f9-49de-9a23-78c86f98f3f3@group-E0A40844F82E-FollowerState
2023-09-29 09:15:05,221 [380230e5-39f9-49de-9a23-78c86f98f3f3@group-E0A40844F82E-FollowerState] INFO  server.RaftServer$Division (RaftServerImpl.java:setRole(329)) - 380230e5-39f9-49de-9a23-78c86f98f3f3@group-E0A40844F82E: changes role from  FOLLOWER to CANDIDATE at term 0 for changeToCandidate
2023-09-29 09:15:05,221 [380230e5-39f9-49de-9a23-78c86f98f3f3@group-E0A40844F82E-FollowerState] INFO  server.RaftServerConfigKeys (ConfUtils.java:logGet(46)) - raft.server.leaderelection.pre-vote = true (default)
2023-09-29 09:15:05,221 [380230e5-39f9-49de-9a23-78c86f98f3f3@group-E0A40844F82E-FollowerState] INFO  impl.RoleInfo (RoleInfo.java:updateAndGet(139)) - 380230e5-39f9-49de-9a23-78c86f98f3f3: start 380230e5-39f9-49de-9a23-78c86f98f3f3@group-E0A40844F82E-LeaderElection14
2023-09-29 09:15:05,222 [380230e5-39f9-49de-9a23-78c86f98f3f3@group-E0A40844F82E-LeaderElection14] INFO  impl.LeaderElection (LeaderElection.java:askForVotes(321)) - 380230e5-39f9-49de-9a23-78c86f98f3f3@group-E0A40844F82E-LeaderElection14 PRE_VOTE round 0: submit vote requests at term 0 for -1: peers:[10e0b218-8303-4db1-a541-e155d4944b6e|rpc:10.1.0.30:15085|admin:10.1.0.30:15084|client:10.1.0.30:15083|dataStream:10.1.0.30:15086|priority:0|startupRole:FOLLOWER, 3a494423-7ff4-4963-8d96-e6fb16151c55|rpc:10.1.0.30:15076|admin:10.1.0.30:15075|client:10.1.0.30:15074|dataStream:10.1.0.30:15077|priority:0|startupRole:FOLLOWER, 380230e5-39f9-49de-9a23-78c86f98f3f3|rpc:10.1.0.30:15067|admin:10.1.0.30:15066|client:10.1.0.30:15065|dataStream:10.1.0.30:15068|priority:1|startupRole:FOLLOWER]|listeners:[], old=null
2023-09-29 09:15:05,223 [380230e5-39f9-49de-9a23-78c86f98f3f3@group-E0A40844F82E-LeaderElection14] INFO  server.RaftServerConfigKeys (ConfUtils.java:logFallback(53)) - raft.server.rpc.first-election.timeout.min = 5s (fallback to raft.server.rpc.timeout.min)
2023-09-29 09:15:05,223 [380230e5-39f9-49de-9a23-78c86f98f3f3@group-E0A40844F82E-LeaderElection14] INFO  server.RaftServerConfigKeys (ConfUtils.java:logFallback(53)) - raft.server.rpc.first-election.timeout.max = 5200ms (fallback to raft.server.rpc.timeout.max)
2023-09-29 09:15:05,224 [grpc-default-executor-3] INFO  server.RaftServer$Division (RaftServerImpl.java:requestVote(1302)) - 10e0b218-8303-4db1-a541-e155d4944b6e@group-E0A40844F82E: receive requestVote(PRE_VOTE, 380230e5-39f9-49de-9a23-78c86f98f3f3, group-E0A40844F82E, 0, (t:0, i:0))
2023-09-29 09:15:05,224 [grpc-default-executor-3] INFO  impl.VoteContext (VoteContext.java:log(49)) - 10e0b218-8303-4db1-a541-e155d4944b6e@group-E0A40844F82E-FOLLOWER: accept PRE_VOTE from 380230e5-39f9-49de-9a23-78c86f98f3f3: our priority 0 <= candidate's priority 1
2023-09-29 09:15:05,224 [grpc-default-executor-3] INFO  server.RaftServer$Division (RaftServerImpl.java:requestVote(1335)) - 10e0b218-8303-4db1-a541-e155d4944b6e@group-E0A40844F82E replies to PRE_VOTE vote request: 380230e5-39f9-49de-9a23-78c86f98f3f3<-10e0b218-8303-4db1-a541-e155d4944b6e#0:OK-t0. Peer's state: 10e0b218-8303-4db1-a541-e155d4944b6e@group-E0A40844F82E:t0, leader=null, voted=, raftlog=Memoized:10e0b218-8303-4db1-a541-e155d4944b6e@group-E0A40844F82E-SegmentedRaftLog:OPENED:c-1, conf=-1: peers:[10e0b218-8303-4db1-a541-e155d4944b6e|rpc:10.1.0.30:15085|admin:10.1.0.30:15084|client:10.1.0.30:15083|dataStream:10.1.0.30:15086|priority:0|startupRole:FOLLOWER, 3a494423-7ff4-4963-8d96-e6fb16151c55|rpc:10.1.0.30:15076|admin:10.1.0.30:15075|client:10.1.0.30:15074|dataStream:10.1.0.30:15077|priority:0|startupRole:FOLLOWER, 380230e5-39f9-49de-9a23-78c86f98f3f3|rpc:10.1.0.30:15067|admin:10.1.0.30:15066|client:10.1.0.30:15065|dataStream:10.1.0.30:15068|priority:1|startupRole:FOLLOWER]|listeners:[], old=null
2023-09-29 09:15:05,225 [grpc-default-executor-4] INFO  server.RaftServer$Division (RaftServerImpl.java:requestVote(1302)) - 3a494423-7ff4-4963-8d96-e6fb16151c55@group-E0A40844F82E: receive requestVote(PRE_VOTE, 380230e5-39f9-49de-9a23-78c86f98f3f3, group-E0A40844F82E, 0, (t:0, i:0))
2023-09-29 09:15:05,228 [grpc-default-executor-4] INFO  impl.VoteContext (VoteContext.java:log(49)) - 3a494423-7ff4-4963-8d96-e6fb16151c55@group-E0A40844F82E-FOLLOWER: accept PRE_VOTE from 380230e5-39f9-49de-9a23-78c86f98f3f3: our priority 0 <= candidate's priority 1
2023-09-29 09:15:05,228 [grpc-default-executor-4] INFO  server.RaftServer$Division (RaftServerImpl.java:requestVote(1335)) - 3a494423-7ff4-4963-8d96-e6fb16151c55@group-E0A40844F82E replies to PRE_VOTE vote request: 380230e5-39f9-49de-9a23-78c86f98f3f3<-3a494423-7ff4-4963-8d96-e6fb16151c55#0:OK-t0. Peer's state: 3a494423-7ff4-4963-8d96-e6fb16151c55@group-E0A40844F82E:t0, leader=null, voted=, raftlog=Memoized:3a494423-7ff4-4963-8d96-e6fb16151c55@group-E0A40844F82E-SegmentedRaftLog:OPENED:c-1, conf=-1: peers:[10e0b218-8303-4db1-a541-e155d4944b6e|rpc:10.1.0.30:15085|admin:10.1.0.30:15084|client:10.1.0.30:15083|dataStream:10.1.0.30:15086|priority:0|startupRole:FOLLOWER, 3a494423-7ff4-4963-8d96-e6fb16151c55|rpc:10.1.0.30:15076|admin:10.1.0.30:15075|client:10.1.0.30:15074|dataStream:10.1.0.30:15077|priority:0|startupRole:FOLLOWER, 380230e5-39f9-49de-9a23-78c86f98f3f3|rpc:10.1.0.30:15067|admin:10.1.0.30:15066|client:10.1.0.30:15065|dataStream:10.1.0.30:15068|priority:1|startupRole:FOLLOWER]|listeners:[], old=null
2023-09-29 09:15:05,230 [380230e5-39f9-49de-9a23-78c86f98f3f3@group-E0A40844F82E-LeaderElection14] INFO  impl.LeaderElection (LeaderElection.java:logAndReturn(90)) - 380230e5-39f9-49de-9a23-78c86f98f3f3@group-E0A40844F82E-LeaderElection14: PRE_VOTE PASSED received 1 response(s) and 0 exception(s):
2023-09-29 09:15:05,230 [380230e5-39f9-49de-9a23-78c86f98f3f3@group-E0A40844F82E-LeaderElection14] INFO  impl.LeaderElection (LeaderElection.java:logAndReturn(94)) -   Response 0: 380230e5-39f9-49de-9a23-78c86f98f3f3<-10e0b218-8303-4db1-a541-e155d4944b6e#0:OK-t0
2023-09-29 09:15:05,230 [380230e5-39f9-49de-9a23-78c86f98f3f3@group-E0A40844F82E-LeaderElection14] INFO  impl.LeaderElection (LeaderElection.java:askForVotes(323)) - 380230e5-39f9-49de-9a23-78c86f98f3f3@group-E0A40844F82E-LeaderElection14 PRE_VOTE round 0: result PASSED
2023-09-29 09:15:05,232 [380230e5-39f9-49de-9a23-78c86f98f3f3@group-E0A40844F82E-LeaderElection14] INFO  impl.LeaderElection (LeaderElection.java:askForVotes(321)) - 380230e5-39f9-49de-9a23-78c86f98f3f3@group-E0A40844F82E-LeaderElection14 ELECTION round 0: submit vote requests at term 1 for -1: peers:[10e0b218-8303-4db1-a541-e155d4944b6e|rpc:10.1.0.30:15085|admin:10.1.0.30:15084|client:10.1.0.30:15083|dataStream:10.1.0.30:15086|priority:0|startupRole:FOLLOWER, 3a494423-7ff4-4963-8d96-e6fb16151c55|rpc:10.1.0.30:15076|admin:10.1.0.30:15075|client:10.1.0.30:15074|dataStream:10.1.0.30:15077|priority:0|startupRole:FOLLOWER, 380230e5-39f9-49de-9a23-78c86f98f3f3|rpc:10.1.0.30:15067|admin:10.1.0.30:15066|client:10.1.0.30:15065|dataStream:10.1.0.30:15068|priority:1|startupRole:FOLLOWER]|listeners:[], old=null
2023-09-29 09:15:05,234 [grpc-default-executor-3] INFO  server.RaftServer$Division (RaftServerImpl.java:requestVote(1302)) - 10e0b218-8303-4db1-a541-e155d4944b6e@group-E0A40844F82E: receive requestVote(ELECTION, 380230e5-39f9-49de-9a23-78c86f98f3f3, group-E0A40844F82E, 1, (t:0, i:0))
2023-09-29 09:15:05,234 [grpc-default-executor-3] INFO  impl.VoteContext (VoteContext.java:log(49)) - 10e0b218-8303-4db1-a541-e155d4944b6e@group-E0A40844F82E-FOLLOWER: accept ELECTION from 380230e5-39f9-49de-9a23-78c86f98f3f3: our priority 0 <= candidate's priority 1
2023-09-29 09:15:05,234 [grpc-default-executor-3] INFO  server.RaftServer$Division (RaftServerImpl.java:setRole(329)) - 10e0b218-8303-4db1-a541-e155d4944b6e@group-E0A40844F82E: changes role from  FOLLOWER to FOLLOWER at term 1 for candidate:380230e5-39f9-49de-9a23-78c86f98f3f3
2023-09-29 09:15:05,234 [grpc-default-executor-3] INFO  impl.RoleInfo (RoleInfo.java:shutdownFollowerState(110)) - 10e0b218-8303-4db1-a541-e155d4944b6e: shutdown 10e0b218-8303-4db1-a541-e155d4944b6e@group-E0A40844F82E-FollowerState
2023-09-29 09:15:05,234 [380230e5-39f9-49de-9a23-78c86f98f3f3@group-E0A40844F82E-LeaderElection14] INFO  server.RaftServerConfigKeys (ConfUtils.java:logFallback(53)) - raft.server.rpc.first-election.timeout.min = 5s (fallback to raft.server.rpc.timeout.min)
2023-09-29 09:15:05,234 [380230e5-39f9-49de-9a23-78c86f98f3f3@group-E0A40844F82E-LeaderElection14] INFO  server.RaftServerConfigKeys (ConfUtils.java:logFallback(53)) - raft.server.rpc.first-election.timeout.max = 5200ms (fallback to raft.server.rpc.timeout.max)
2023-09-29 09:15:05,234 [grpc-default-executor-3] INFO  impl.RoleInfo (RoleInfo.java:updateAndGet(139)) - 10e0b218-8303-4db1-a541-e155d4944b6e: start 10e0b218-8303-4db1-a541-e155d4944b6e@group-E0A40844F82E-FollowerState
2023-09-29 09:15:05,234 [10e0b218-8303-4db1-a541-e155d4944b6e@group-E0A40844F82E-FollowerState] INFO  impl.FollowerState (FollowerState.java:run(152)) - 10e0b218-8303-4db1-a541-e155d4944b6e@group-E0A40844F82E-FollowerState was interrupted
2023-09-29 09:15:05,235 [grpc-default-executor-4] INFO  server.RaftServer$Division (RaftServerImpl.java:requestVote(1302)) - 3a494423-7ff4-4963-8d96-e6fb16151c55@group-E0A40844F82E: receive requestVote(ELECTION, 380230e5-39f9-49de-9a23-78c86f98f3f3, group-E0A40844F82E, 1, (t:0, i:0))
2023-09-29 09:15:05,235 [grpc-default-executor-4] INFO  impl.VoteContext (VoteContext.java:log(49)) - 3a494423-7ff4-4963-8d96-e6fb16151c55@group-E0A40844F82E-FOLLOWER: accept ELECTION from 380230e5-39f9-49de-9a23-78c86f98f3f3: our priority 0 <= candidate's priority 1
2023-09-29 09:15:05,235 [grpc-default-executor-4] INFO  server.RaftServer$Division (RaftServerImpl.java:setRole(329)) - 3a494423-7ff4-4963-8d96-e6fb16151c55@group-E0A40844F82E: changes role from  FOLLOWER to FOLLOWER at term 1 for candidate:380230e5-39f9-49de-9a23-78c86f98f3f3
2023-09-29 09:15:05,235 [grpc-default-executor-4] INFO  impl.RoleInfo (RoleInfo.java:shutdownFollowerState(110)) - 3a494423-7ff4-4963-8d96-e6fb16151c55: shutdown 3a494423-7ff4-4963-8d96-e6fb16151c55@group-E0A40844F82E-FollowerState
2023-09-29 09:15:05,239 [grpc-default-executor-3] INFO  server.RaftServer$Division (RaftServerImpl.java:requestVote(1335)) - 10e0b218-8303-4db1-a541-e155d4944b6e@group-E0A40844F82E replies to ELECTION vote request: 380230e5-39f9-49de-9a23-78c86f98f3f3<-10e0b218-8303-4db1-a541-e155d4944b6e#0:OK-t1. Peer's state: 10e0b218-8303-4db1-a541-e155d4944b6e@group-E0A40844F82E:t1, leader=null, voted=380230e5-39f9-49de-9a23-78c86f98f3f3, raftlog=Memoized:10e0b218-8303-4db1-a541-e155d4944b6e@group-E0A40844F82E-SegmentedRaftLog:OPENED:c-1, conf=-1: peers:[10e0b218-8303-4db1-a541-e155d4944b6e|rpc:10.1.0.30:15085|admin:10.1.0.30:15084|client:10.1.0.30:15083|dataStream:10.1.0.30:15086|priority:0|startupRole:FOLLOWER, 3a494423-7ff4-4963-8d96-e6fb16151c55|rpc:10.1.0.30:15076|admin:10.1.0.30:15075|client:10.1.0.30:15074|dataStream:10.1.0.30:15077|priority:0|startupRole:FOLLOWER, 380230e5-39f9-49de-9a23-78c86f98f3f3|rpc:10.1.0.30:15067|admin:10.1.0.30:15066|client:10.1.0.30:15065|dataStream:10.1.0.30:15068|priority:1|startupRole:FOLLOWER]|listeners:[], old=null
2023-09-29 09:15:05,239 [3a494423-7ff4-4963-8d96-e6fb16151c55@group-E0A40844F82E-FollowerState] INFO  impl.FollowerState (FollowerState.java:run(152)) - 3a494423-7ff4-4963-8d96-e6fb16151c55@group-E0A40844F82E-FollowerState was interrupted
2023-09-29 09:15:05,239 [grpc-default-executor-4] INFO  impl.RoleInfo (RoleInfo.java:updateAndGet(139)) - 3a494423-7ff4-4963-8d96-e6fb16151c55: start 3a494423-7ff4-4963-8d96-e6fb16151c55@group-E0A40844F82E-FollowerState
2023-09-29 09:15:05,240 [380230e5-39f9-49de-9a23-78c86f98f3f3@group-E0A40844F82E-LeaderElection14] INFO  impl.LeaderElection (LeaderElection.java:logAndReturn(90)) - 380230e5-39f9-49de-9a23-78c86f98f3f3@group-E0A40844F82E-LeaderElection14: ELECTION PASSED received 1 response(s) and 0 exception(s):
2023-09-29 09:15:05,240 [380230e5-39f9-49de-9a23-78c86f98f3f3@group-E0A40844F82E-LeaderElection14] INFO  impl.LeaderElection (LeaderElection.java:logAndReturn(94)) -   Response 0: 380230e5-39f9-49de-9a23-78c86f98f3f3<-10e0b218-8303-4db1-a541-e155d4944b6e#0:OK-t1
2023-09-29 09:15:05,240 [380230e5-39f9-49de-9a23-78c86f98f3f3@group-E0A40844F82E-LeaderElection14] INFO  impl.LeaderElection (LeaderElection.java:askForVotes(323)) - 380230e5-39f9-49de-9a23-78c86f98f3f3@group-E0A40844F82E-LeaderElection14 ELECTION round 0: result PASSED
2023-09-29 09:15:05,240 [380230e5-39f9-49de-9a23-78c86f98f3f3@group-E0A40844F82E-LeaderElection14] INFO  impl.RoleInfo (RoleInfo.java:shutdownLeaderElection(130)) - 380230e5-39f9-49de-9a23-78c86f98f3f3: shutdown 380230e5-39f9-49de-9a23-78c86f98f3f3@group-E0A40844F82E-LeaderElection14
2023-09-29 09:15:05,240 [380230e5-39f9-49de-9a23-78c86f98f3f3@group-E0A40844F82E-LeaderElection14] INFO  server.RaftServer$Division (RaftServerImpl.java:setRole(329)) - 380230e5-39f9-49de-9a23-78c86f98f3f3@group-E0A40844F82E: changes role from CANDIDATE to LEADER at term 1 for changeToLeader
2023-09-29 09:15:05,240 [380230e5-39f9-49de-9a23-78c86f98f3f3@group-E0A40844F82E-LeaderElection14] INFO  ratis.XceiverServerRatis (XceiverServerRatis.java:handleLeaderChangedNotification(902)) - Leader change notification received for group: group-E0A40844F82E with new leaderId: 380230e5-39f9-49de-9a23-78c86f98f3f3
2023-09-29 09:15:05,241 [380230e5-39f9-49de-9a23-78c86f98f3f3@group-E0A40844F82E-LeaderElection14] INFO  server.RaftServer$Division (ServerState.java:setLeader(317)) - 380230e5-39f9-49de-9a23-78c86f98f3f3@group-E0A40844F82E: change Leader from null to 380230e5-39f9-49de-9a23-78c86f98f3f3 at term 1 for becomeLeader, leader elected after 5204ms
2023-09-29 09:15:05,241 [380230e5-39f9-49de-9a23-78c86f98f3f3@group-E0A40844F82E-LeaderElection14] INFO  server.RaftServerConfigKeys (ConfUtils.java:logGet(46)) - raft.server.staging.catchup.gap = 1000 (default)
2023-09-29 09:15:05,241 [380230e5-39f9-49de-9a23-78c86f98f3f3@group-E0A40844F82E-LeaderElection14] INFO  server.RaftServerConfigKeys (ConfUtils.java:logGet(46)) - raft.server.write.element-limit = 1024 (custom)
2023-09-29 09:15:05,241 [380230e5-39f9-49de-9a23-78c86f98f3f3@group-E0A40844F82E-LeaderElection14] INFO  server.RaftServerConfigKeys (ConfUtils.java:logGet(46)) - raft.server.write.byte-limit = 1024 M (=1073741824) (custom)
2023-09-29 09:15:05,242 [380230e5-39f9-49de-9a23-78c86f98f3f3@group-E0A40844F82E-LeaderElection14] INFO  server.RaftServerConfigKeys (ConfUtils.java:logGet(46)) - raft.server.watch.timeout = 180s (custom)
2023-09-29 09:15:05,242 [380230e5-39f9-49de-9a23-78c86f98f3f3@group-E0A40844F82E-LeaderElection14] INFO  server.RaftServerConfigKeys (ConfUtils.java:logGet(46)) - raft.server.watch.timeout.denomination = 1s (default)
2023-09-29 09:15:05,242 [380230e5-39f9-49de-9a23-78c86f98f3f3@group-E0A40844F82E-LeaderElection14] INFO  server.RaftServerConfigKeys (ConfUtils.java:logGet(46)) - raft.server.watch.element-limit = 65536 (default)
2023-09-29 09:15:05,242 [380230e5-39f9-49de-9a23-78c86f98f3f3@group-E0A40844F82E-LeaderElection14] INFO  server.RaftServerConfigKeys (ConfUtils.java:logGet(46)) - raft.server.write.element-limit = 1024 (custom)
2023-09-29 09:15:05,242 [380230e5-39f9-49de-9a23-78c86f98f3f3@group-E0A40844F82E-LeaderElection14] INFO  server.RaftServerConfigKeys (ConfUtils.java:logGet(46)) - raft.server.write.follower.gap.ratio.max = -1.0 (default)
2023-09-29 09:15:05,243 [380230e5-39f9-49de-9a23-78c86f98f3f3@group-E0A40844F82E-LeaderElection14] INFO  server.RaftServerConfigKeys (ConfUtils.java:logGet(46)) - raft.server.log.appender.snapshot.chunk.size.max = 16MB (=16777216) (default)
2023-09-29 09:15:05,243 [380230e5-39f9-49de-9a23-78c86f98f3f3@group-E0A40844F82E-LeaderElection14] INFO  server.RaftServerConfigKeys (ConfUtils.java:logGet(46)) - raft.server.log.appender.buffer.byte-limit = 33554432 (custom)
2023-09-29 09:15:05,243 [380230e5-39f9-49de-9a23-78c86f98f3f3@group-E0A40844F82E-LeaderElection14] INFO  server.RaftServerConfigKeys (ConfUtils.java:logGet(46)) - raft.server.log.appender.buffer.element-limit = 1 (custom)
2023-09-29 09:15:05,243 [380230e5-39f9-49de-9a23-78c86f98f3f3@group-E0A40844F82E-LeaderElection14] INFO  server.RaftServerConfigKeys (ConfUtils.java:logGet(46)) - raft.server.log.appender.wait-time.min = 10ms (default)
2023-09-29 09:15:05,243 [380230e5-39f9-49de-9a23-78c86f98f3f3@group-E0A40844F82E-LeaderElection14] INFO  grpc.GrpcConfigKeys (ConfUtils.java:logGet(46)) - raft.grpc.server.leader.outstanding.appends.max = 128 (default)
2023-09-29 09:15:05,243 [380230e5-39f9-49de-9a23-78c86f98f3f3@group-E0A40844F82E-LeaderElection14] INFO  server.RaftServerConfigKeys (ConfUtils.java:logGet(46)) - raft.server.rpc.request.timeout = 60s (custom)
2023-09-29 09:15:05,243 [380230e5-39f9-49de-9a23-78c86f98f3f3@group-E0A40844F82E-LeaderElection14] INFO  grpc.GrpcConfigKeys (ConfUtils.java:logGet(46)) - raft.grpc.server.install_snapshot.request.element-limit = 8 (default)
2023-09-29 09:15:05,243 [380230e5-39f9-49de-9a23-78c86f98f3f3@group-E0A40844F82E-LeaderElection14] INFO  grpc.GrpcConfigKeys (ConfUtils.java:logGet(46)) - raft.grpc.server.install_snapshot.request.timeout = 3000ms (default)
2023-09-29 09:15:05,243 [380230e5-39f9-49de-9a23-78c86f98f3f3@group-E0A40844F82E-LeaderElection14] INFO  server.RaftServerConfigKeys (ConfUtils.java:logGet(46)) - raft.server.log.appender.install.snapshot.enabled = false (custom)
2023-09-29 09:15:05,243 [380230e5-39f9-49de-9a23-78c86f98f3f3@group-E0A40844F82E-LeaderElection14] INFO  grpc.GrpcConfigKeys (ConfUtils.java:logGet(46)) - raft.grpc.server.heartbeat.channel = true (default)
2023-09-29 09:15:05,244 [grpc-default-executor-4] INFO  server.RaftServer$Division (RaftServerImpl.java:requestVote(1335)) - 3a494423-7ff4-4963-8d96-e6fb16151c55@group-E0A40844F82E replies to ELECTION vote request: 380230e5-39f9-49de-9a23-78c86f98f3f3<-3a494423-7ff4-4963-8d96-e6fb16151c55#0:OK-t1. Peer's state: 3a494423-7ff4-4963-8d96-e6fb16151c55@group-E0A40844F82E:t1, leader=null, voted=380230e5-39f9-49de-9a23-78c86f98f3f3, raftlog=Memoized:3a494423-7ff4-4963-8d96-e6fb16151c55@group-E0A40844F82E-SegmentedRaftLog:OPENED:c-1, conf=-1: peers:[10e0b218-8303-4db1-a541-e155d4944b6e|rpc:10.1.0.30:15085|admin:10.1.0.30:15084|client:10.1.0.30:15083|dataStream:10.1.0.30:15086|priority:0|startupRole:FOLLOWER, 3a494423-7ff4-4963-8d96-e6fb16151c55|rpc:10.1.0.30:15076|admin:10.1.0.30:15075|client:10.1.0.30:15074|dataStream:10.1.0.30:15077|priority:0|startupRole:FOLLOWER, 380230e5-39f9-49de-9a23-78c86f98f3f3|rpc:10.1.0.30:15067|admin:10.1.0.30:15066|client:10.1.0.30:15065|dataStream:10.1.0.30:15068|priority:1|startupRole:FOLLOWER]|listeners:[], old=null
2023-09-29 09:15:05,245 [380230e5-39f9-49de-9a23-78c86f98f3f3@group-E0A40844F82E-LeaderElection14] INFO  server.RaftServerConfigKeys (ConfUtils.java:logGet(46)) - raft.server.log.appender.snapshot.chunk.size.max = 16MB (=16777216) (default)
2023-09-29 09:15:05,245 [380230e5-39f9-49de-9a23-78c86f98f3f3@group-E0A40844F82E-LeaderElection14] INFO  server.RaftServerConfigKeys (ConfUtils.java:logGet(46)) - raft.server.log.appender.buffer.byte-limit = 33554432 (custom)
2023-09-29 09:15:05,247 [380230e5-39f9-49de-9a23-78c86f98f3f3@group-E0A40844F82E-LeaderElection14] INFO  server.RaftServerConfigKeys (ConfUtils.java:logGet(46)) - raft.server.log.appender.buffer.element-limit = 1 (custom)
2023-09-29 09:15:05,247 [EventQueue-PipelineReportForPipelineReportHandler] INFO  pipeline.PipelineReportHandler (PipelineReportHandler.java:processPipelineReport(136)) - Opened pipeline PipelineID=82ca702f-bac0-4790-b256-e0a40844f82e
2023-09-29 09:15:05,247 [380230e5-39f9-49de-9a23-78c86f98f3f3@group-E0A40844F82E-LeaderElection14] INFO  server.RaftServerConfigKeys (ConfUtils.java:logGet(46)) - raft.server.log.appender.wait-time.min = 10ms (default)
2023-09-29 09:15:05,247 [380230e5-39f9-49de-9a23-78c86f98f3f3@group-E0A40844F82E-LeaderElection14] INFO  grpc.GrpcConfigKeys (ConfUtils.java:logGet(46)) - raft.grpc.server.leader.outstanding.appends.max = 128 (default)
2023-09-29 09:15:05,247 [380230e5-39f9-49de-9a23-78c86f98f3f3@group-E0A40844F82E-LeaderElection14] INFO  server.RaftServerConfigKeys (ConfUtils.java:logGet(46)) - raft.server.rpc.request.timeout = 60s (custom)
2023-09-29 09:15:05,247 [380230e5-39f9-49de-9a23-78c86f98f3f3@group-E0A40844F82E-LeaderElection14] INFO  grpc.GrpcConfigKeys (ConfUtils.java:logGet(46)) - raft.grpc.server.install_snapshot.request.element-limit = 8 (default)
2023-09-29 09:15:05,247 [380230e5-39f9-49de-9a23-78c86f98f3f3@group-E0A40844F82E-LeaderElection14] INFO  grpc.GrpcConfigKeys (ConfUtils.java:logGet(46)) - raft.grpc.server.install_snapshot.request.timeout = 3000ms (default)
2023-09-29 09:15:05,247 [380230e5-39f9-49de-9a23-78c86f98f3f3@group-E0A40844F82E-LeaderElection14] INFO  server.RaftServerConfigKeys (ConfUtils.java:logGet(46)) - raft.server.log.appender.install.snapshot.enabled = false (custom)
2023-09-29 09:15:05,247 [380230e5-39f9-49de-9a23-78c86f98f3f3@group-E0A40844F82E-LeaderElection14] INFO  grpc.GrpcConfigKeys (ConfUtils.java:logGet(46)) - raft.grpc.server.heartbeat.channel = true (default)
2023-09-29 09:15:05,248 [380230e5-39f9-49de-9a23-78c86f98f3f3@group-E0A40844F82E-LeaderElection14] INFO  impl.RoleInfo (RoleInfo.java:updateAndGet(139)) - 380230e5-39f9-49de-9a23-78c86f98f3f3: start 380230e5-39f9-49de-9a23-78c86f98f3f3@group-E0A40844F82E-LeaderStateImpl
2023-09-29 09:15:05,248 [380230e5-39f9-49de-9a23-78c86f98f3f3@group-E0A40844F82E-LeaderElection14] INFO  segmented.SegmentedRaftLogWorker (SegmentedRaftLogWorker.java:startLogSegment(447)) - 380230e5-39f9-49de-9a23-78c86f98f3f3@group-E0A40844F82E-SegmentedRaftLogWorker: Starting segment from index:0
2023-09-29 09:15:05,257 [380230e5-39f9-49de-9a23-78c86f98f3f3@group-E0A40844F82E-LeaderElection14] INFO  server.RaftServer$Division (ServerState.java:setRaftConf(434)) - 380230e5-39f9-49de-9a23-78c86f98f3f3@group-E0A40844F82E: set configuration 0: peers:[10e0b218-8303-4db1-a541-e155d4944b6e|rpc:10.1.0.30:15085|admin:10.1.0.30:15084|client:10.1.0.30:15083|dataStream:10.1.0.30:15086|priority:0|startupRole:FOLLOWER, 3a494423-7ff4-4963-8d96-e6fb16151c55|rpc:10.1.0.30:15076|admin:10.1.0.30:15075|client:10.1.0.30:15074|dataStream:10.1.0.30:15077|priority:0|startupRole:FOLLOWER, 380230e5-39f9-49de-9a23-78c86f98f3f3|rpc:10.1.0.30:15067|admin:10.1.0.30:15066|client:10.1.0.30:15065|dataStream:10.1.0.30:15068|priority:1|startupRole:FOLLOWER]|listeners:[], old=null
2023-09-29 09:15:05,257 [380230e5-39f9-49de-9a23-78c86f98f3f3@group-E0A40844F82E-SegmentedRaftLogWorker] INFO  segmented.SegmentedRaftLogWorker (SegmentedRaftLogWorker.java:execute(651)) - 380230e5-39f9-49de-9a23-78c86f98f3f3@group-E0A40844F82E-SegmentedRaftLogWorker: created new log segment /home/runner/work/ozone/ozone/hadoop-ozone/integration-test/target/test-dir/MiniOzoneClusterImpl-23fe215d-70cc-4cc8-8e82-38d5ce4d8890/datanode-0/data/ratis/82ca702f-bac0-4790-b256-e0a40844f82e/current/log_inprogress_0
2023-09-29 09:15:05,280 [3a494423-7ff4-4963-8d96-e6fb16151c55-server-thread1] INFO  ratis.XceiverServerRatis (XceiverServerRatis.java:handleLeaderChangedNotification(902)) - Leader change notification received for group: group-E0A40844F82E with new leaderId: 380230e5-39f9-49de-9a23-78c86f98f3f3
2023-09-29 09:15:05,281 [3a494423-7ff4-4963-8d96-e6fb16151c55-server-thread1] INFO  server.RaftServer$Division (ServerState.java:setLeader(317)) - 3a494423-7ff4-4963-8d96-e6fb16151c55@group-E0A40844F82E: change Leader from null to 380230e5-39f9-49de-9a23-78c86f98f3f3 at term 1 for appendEntries, leader elected after 5162ms
2023-09-29 09:15:05,283 [10e0b218-8303-4db1-a541-e155d4944b6e-server-thread1] INFO  ratis.XceiverServerRatis (XceiverServerRatis.java:handleLeaderChangedNotification(902)) - Leader change notification received for group: group-E0A40844F82E with new leaderId: 380230e5-39f9-49de-9a23-78c86f98f3f3
2023-09-29 09:15:05,283 [10e0b218-8303-4db1-a541-e155d4944b6e-server-thread1] INFO  server.RaftServer$Division (ServerState.java:setLeader(317)) - 10e0b218-8303-4db1-a541-e155d4944b6e@group-E0A40844F82E: change Leader from null to 380230e5-39f9-49de-9a23-78c86f98f3f3 at term 1 for appendEntries, leader elected after 5208ms
2023-09-29 09:15:05,287 [10e0b218-8303-4db1-a541-e155d4944b6e-server-thread1] INFO  server.RaftServer$Division (ServerState.java:setRaftConf(434)) - 10e0b218-8303-4db1-a541-e155d4944b6e@group-E0A40844F82E: set configuration 0: peers:[10e0b218-8303-4db1-a541-e155d4944b6e|rpc:10.1.0.30:15085|admin:10.1.0.30:15084|client:10.1.0.30:15083|dataStream:10.1.0.30:15086|priority:0|startupRole:FOLLOWER, 3a494423-7ff4-4963-8d96-e6fb16151c55|rpc:10.1.0.30:15076|admin:10.1.0.30:15075|client:10.1.0.30:15074|dataStream:10.1.0.30:15077|priority:0|startupRole:FOLLOWER, 380230e5-39f9-49de-9a23-78c86f98f3f3|rpc:10.1.0.30:15067|admin:10.1.0.30:15066|client:10.1.0.30:15065|dataStream:10.1.0.30:15068|priority:1|startupRole:FOLLOWER]|listeners:[], old=null
2023-09-29 09:15:05,287 [10e0b218-8303-4db1-a541-e155d4944b6e-server-thread1] INFO  segmented.SegmentedRaftLogWorker (SegmentedRaftLogWorker.java:startLogSegment(447)) - 10e0b218-8303-4db1-a541-e155d4944b6e@group-E0A40844F82E-SegmentedRaftLogWorker: Starting segment from index:0
2023-09-29 09:15:05,291 [10e0b218-8303-4db1-a541-e155d4944b6e@group-E0A40844F82E-SegmentedRaftLogWorker] INFO  segmented.SegmentedRaftLogWorker (SegmentedRaftLogWorker.java:execute(651)) - 10e0b218-8303-4db1-a541-e155d4944b6e@group-E0A40844F82E-SegmentedRaftLogWorker: created new log segment /home/runner/work/ozone/ozone/hadoop-ozone/integration-test/target/test-dir/MiniOzoneClusterImpl-23fe215d-70cc-4cc8-8e82-38d5ce4d8890/datanode-2/data/ratis/82ca702f-bac0-4790-b256-e0a40844f82e/current/log_inprogress_0
2023-09-29 09:15:05,294 [3a494423-7ff4-4963-8d96-e6fb16151c55-server-thread2] INFO  server.RaftServer$Division (ServerState.java:setRaftConf(434)) - 3a494423-7ff4-4963-8d96-e6fb16151c55@group-E0A40844F82E: set configuration 0: peers:[10e0b218-8303-4db1-a541-e155d4944b6e|rpc:10.1.0.30:15085|admin:10.1.0.30:15084|client:10.1.0.30:15083|dataStream:10.1.0.30:15086|priority:0|startupRole:FOLLOWER, 3a494423-7ff4-4963-8d96-e6fb16151c55|rpc:10.1.0.30:15076|admin:10.1.0.30:15075|client:10.1.0.30:15074|dataStream:10.1.0.30:15077|priority:0|startupRole:FOLLOWER, 380230e5-39f9-49de-9a23-78c86f98f3f3|rpc:10.1.0.30:15067|admin:10.1.0.30:15066|client:10.1.0.30:15065|dataStream:10.1.0.30:15068|priority:1|startupRole:FOLLOWER]|listeners:[], old=null
2023-09-29 09:15:05,294 [3a494423-7ff4-4963-8d96-e6fb16151c55-server-thread2] INFO  segmented.SegmentedRaftLogWorker (SegmentedRaftLogWorker.java:startLogSegment(447)) - 3a494423-7ff4-4963-8d96-e6fb16151c55@group-E0A40844F82E-SegmentedRaftLogWorker: Starting segment from index:0
2023-09-29 09:15:05,295 [3a494423-7ff4-4963-8d96-e6fb16151c55@group-E0A40844F82E-SegmentedRaftLogWorker] INFO  segmented.SegmentedRaftLogWorker (SegmentedRaftLogWorker.java:execute(651)) - 3a494423-7ff4-4963-8d96-e6fb16151c55@group-E0A40844F82E-SegmentedRaftLogWorker: created new log segment /home/runner/work/ozone/ozone/hadoop-ozone/integration-test/target/test-dir/MiniOzoneClusterImpl-23fe215d-70cc-4cc8-8e82-38d5ce4d8890/datanode-1/data/ratis/82ca702f-bac0-4790-b256-e0a40844f82e/current/log_inprogress_0
2023-09-29 09:15:05,318 [main] INFO  ozone.MiniOzoneClusterImpl (MiniOzoneClusterImpl.java:lambda$waitForClusterToBeReady$0(229)) - Nodes are ready. Got 5 of 5 DN Heartbeats.
2023-09-29 09:15:05,318 [main] INFO  ozone.MiniOzoneClusterImpl (MiniOzoneClusterImpl.java:lambda$waitForClusterToBeReady$0(232)) - Cluster exits safe mode
2023-09-29 09:15:05,318 [main] INFO  ozone.MiniOzoneClusterImpl (MiniOzoneClusterImpl.java:lambda$waitForClusterToBeReady$0(234)) - SCM became leader
2023-09-29 09:15:05,372 [3a494423-7ff4-4963-8d96-e6fb16151c55@group-666A1DBE2890-FollowerState] INFO  impl.FollowerState (FollowerState.java:run(143)) - 3a494423-7ff4-4963-8d96-e6fb16151c55@group-666A1DBE2890-FollowerState: change to CANDIDATE, lastRpcElapsedTime:5108877458ns, electionTimeout:5103ms
2023-09-29 09:15:05,373 [3a494423-7ff4-4963-8d96-e6fb16151c55@group-666A1DBE2890-FollowerState] INFO  impl.RoleInfo (RoleInfo.java:shutdownFollowerState(110)) - 3a494423-7ff4-4963-8d96-e6fb16151c55: shutdown 3a494423-7ff4-4963-8d96-e6fb16151c55@group-666A1DBE2890-FollowerState
2023-09-29 09:15:05,373 [3a494423-7ff4-4963-8d96-e6fb16151c55@group-666A1DBE2890-FollowerState] INFO  server.RaftServer$Division (RaftServerImpl.java:setRole(329)) - 3a494423-7ff4-4963-8d96-e6fb16151c55@group-666A1DBE2890: changes role from  FOLLOWER to CANDIDATE at term 0 for changeToCandidate
2023-09-29 09:15:05,373 [3a494423-7ff4-4963-8d96-e6fb16151c55@group-666A1DBE2890-FollowerState] INFO  server.RaftServerConfigKeys (ConfUtils.java:logGet(46)) - raft.server.leaderelection.pre-vote = true (default)
2023-09-29 09:15:05,373 [3a494423-7ff4-4963-8d96-e6fb16151c55@group-666A1DBE2890-FollowerState] INFO  impl.RoleInfo (RoleInfo.java:updateAndGet(139)) - 3a494423-7ff4-4963-8d96-e6fb16151c55: start 3a494423-7ff4-4963-8d96-e6fb16151c55@group-666A1DBE2890-LeaderElection15
2023-09-29 09:15:05,374 [3a494423-7ff4-4963-8d96-e6fb16151c55@group-666A1DBE2890-LeaderElection15] INFO  impl.LeaderElection (LeaderElection.java:askForVotes(321)) - 3a494423-7ff4-4963-8d96-e6fb16151c55@group-666A1DBE2890-LeaderElection15 PRE_VOTE round 0: submit vote requests at term 0 for -1: peers:[3a494423-7ff4-4963-8d96-e6fb16151c55|rpc:10.1.0.30:15076|admin:10.1.0.30:15075|client:10.1.0.30:15074|dataStream:10.1.0.30:15077|priority:1|startupRole:FOLLOWER]|listeners:[], old=null
2023-09-29 09:15:05,374 [3a494423-7ff4-4963-8d96-e6fb16151c55@group-666A1DBE2890-LeaderElection15] INFO  impl.LeaderElection (LeaderElection.java:askForVotes(323)) - 3a494423-7ff4-4963-8d96-e6fb16151c55@group-666A1DBE2890-LeaderElection15 PRE_VOTE round 0: result PASSED (term=0)
2023-09-29 09:15:05,376 [3a494423-7ff4-4963-8d96-e6fb16151c55@group-666A1DBE2890-LeaderElection15] INFO  impl.LeaderElection (LeaderElection.java:askForVotes(321)) - 3a494423-7ff4-4963-8d96-e6fb16151c55@group-666A1DBE2890-LeaderElection15 ELECTION round 0: submit vote requests at term 1 for -1: peers:[3a494423-7ff4-4963-8d96-e6fb16151c55|rpc:10.1.0.30:15076|admin:10.1.0.30:15075|client:10.1.0.30:15074|dataStream:10.1.0.30:15077|priority:1|startupRole:FOLLOWER]|listeners:[], old=null
2023-09-29 09:15:05,376 [3a494423-7ff4-4963-8d96-e6fb16151c55@group-666A1DBE2890-LeaderElection15] INFO  impl.LeaderElection (LeaderElection.java:askForVotes(323)) - 3a494423-7ff4-4963-8d96-e6fb16151c55@group-666A1DBE2890-LeaderElection15 ELECTION round 0: result PASSED (term=1)
2023-09-29 09:15:05,376 [3a494423-7ff4-4963-8d96-e6fb16151c55@group-666A1DBE2890-LeaderElection15] INFO  impl.RoleInfo (RoleInfo.java:shutdownLeaderElection(130)) - 3a494423-7ff4-4963-8d96-e6fb16151c55: shutdown 3a494423-7ff4-4963-8d96-e6fb16151c55@group-666A1DBE2890-LeaderElection15
2023-09-29 09:15:05,379 [Time-limited test] INFO  rpc.RpcClient (RpcClient.java:createVolume(462)) - Creating Volume: volume07051, with user86266 as owner and space quota set to -1 bytes, counts quota set to -1
2023-09-29 09:15:05,380 [3a494423-7ff4-4963-8d96-e6fb16151c55@group-666A1DBE2890-LeaderElection15] INFO  server.RaftServer$Division (RaftServerImpl.java:setRole(329)) - 3a494423-7ff4-4963-8d96-e6fb16151c55@group-666A1DBE2890: changes role from CANDIDATE to LEADER at term 1 for changeToLeader
2023-09-29 09:15:05,380 [3a494423-7ff4-4963-8d96-e6fb16151c55@group-666A1DBE2890-LeaderElection15] INFO  ratis.XceiverServerRatis (XceiverServerRatis.java:handleLeaderChangedNotification(902)) - Leader change notification received for group: group-666A1DBE2890 with new leaderId: 3a494423-7ff4-4963-8d96-e6fb16151c55
2023-09-29 09:15:05,381 [3a494423-7ff4-4963-8d96-e6fb16151c55@group-666A1DBE2890-LeaderElection15] INFO  server.RaftServer$Division (ServerState.java:setLeader(317)) - 3a494423-7ff4-4963-8d96-e6fb16151c55@group-666A1DBE2890: change Leader from null to 3a494423-7ff4-4963-8d96-e6fb16151c55 at term 1 for becomeLeader, leader elected after 5138ms
2023-09-29 09:15:05,382 [3a494423-7ff4-4963-8d96-e6fb16151c55@group-666A1DBE2890-LeaderElection15] INFO  server.RaftServerConfigKeys (ConfUtils.java:logGet(46)) - raft.server.staging.catchup.gap = 1000 (default)
2023-09-29 09:15:05,382 [3a494423-7ff4-4963-8d96-e6fb16151c55@group-666A1DBE2890-LeaderElection15] INFO  server.RaftServerConfigKeys (ConfUtils.java:logGet(46)) - raft.server.write.element-limit = 1024 (custom)
2023-09-29 09:15:05,382 [3a494423-7ff4-4963-8d96-e6fb16151c55@group-666A1DBE2890-LeaderElection15] INFO  server.RaftServerConfigKeys (ConfUtils.java:logGet(46)) - raft.server.write.byte-limit = 1024 M (=1073741824) (custom)
2023-09-29 09:15:05,383 [3a494423-7ff4-4963-8d96-e6fb16151c55@group-666A1DBE2890-LeaderElection15] INFO  server.RaftServerConfigKeys (ConfUtils.java:logGet(46)) - raft.server.watch.timeout = 180s (custom)
2023-09-29 09:15:05,383 [3a494423-7ff4-4963-8d96-e6fb16151c55@group-666A1DBE2890-LeaderElection15] INFO  server.RaftServerConfigKeys (ConfUtils.java:logGet(46)) - raft.server.watch.timeout.denomination = 1s (default)
2023-09-29 09:15:05,383 [3a494423-7ff4-4963-8d96-e6fb16151c55@group-666A1DBE2890-LeaderElection15] INFO  server.RaftServerConfigKeys (ConfUtils.java:logGet(46)) - raft.server.watch.element-limit = 65536 (default)
2023-09-29 09:15:05,383 [3a494423-7ff4-4963-8d96-e6fb16151c55@group-666A1DBE2890-LeaderElection15] INFO  server.RaftServerConfigKeys (ConfUtils.java:logGet(46)) - raft.server.write.element-limit = 1024 (custom)
2023-09-29 09:15:05,383 [3a494423-7ff4-4963-8d96-e6fb16151c55@group-666A1DBE2890-LeaderElection15] INFO  server.RaftServerConfigKeys (ConfUtils.java:logGet(46)) - raft.server.write.follower.gap.ratio.max = -1.0 (default)
2023-09-29 09:15:05,382 [IPC Server handler 0 on default port 15057] INFO  volume.OMVolumeCreateRequest (OMVolumeCreateRequest.java:validateAndUpdateCache(196)) - created volume:volume07051 for user:user86266
2023-09-29 09:15:05,384 [3a494423-7ff4-4963-8d96-e6fb16151c55@group-666A1DBE2890-LeaderElection15] INFO  impl.RoleInfo (RoleInfo.java:updateAndGet(139)) - 3a494423-7ff4-4963-8d96-e6fb16151c55: start 3a494423-7ff4-4963-8d96-e6fb16151c55@group-666A1DBE2890-LeaderStateImpl
2023-09-29 09:15:05,392 [Time-limited test] INFO  rpc.RpcClient (RpcClient.java:createBucket(689)) - Creating Bucket: volume07051/bucket58319, with bucket layout FILE_SYSTEM_OPTIMIZED, runner as owner, Versioning false, Storage Type set to DISK and Encryption set to false, Replication Type set to server-side default replication type, Namespace Quota set to -1, Space Quota set to -1 
2023-09-29 09:15:05,393 [IPC Server handler 6 on default port 15057] INFO  bucket.OMBucketCreateRequest (OMBucketCreateRequest.java:validateAndUpdateCache(270)) - created bucket: bucket58319 of layout FILE_SYSTEM_OPTIMIZED in volume: volume07051
2023-09-29 09:15:05,398 [3a494423-7ff4-4963-8d96-e6fb16151c55@group-666A1DBE2890-LeaderElection15] INFO  segmented.SegmentedRaftLogWorker (SegmentedRaftLogWorker.java:startLogSegment(447)) - 3a494423-7ff4-4963-8d96-e6fb16151c55@group-666A1DBE2890-SegmentedRaftLogWorker: Starting segment from index:0
2023-09-29 09:15:05,400 [3a494423-7ff4-4963-8d96-e6fb16151c55@group-666A1DBE2890-SegmentedRaftLogWorker] INFO  segmented.SegmentedRaftLogWorker (SegmentedRaftLogWorker.java:execute(651)) - 3a494423-7ff4-4963-8d96-e6fb16151c55@group-666A1DBE2890-SegmentedRaftLogWorker: created new log segment /home/runner/work/ozone/ozone/hadoop-ozone/integration-test/target/test-dir/MiniOzoneClusterImpl-23fe215d-70cc-4cc8-8e82-38d5ce4d8890/datanode-1/data/ratis/035332b4-7730-48c6-bfaf-666a1dbe2890/current/log_inprogress_0
2023-09-29 09:15:05,411 [3a494423-7ff4-4963-8d96-e6fb16151c55@group-666A1DBE2890-LeaderElection15] INFO  server.RaftServer$Division (ServerState.java:setRaftConf(434)) - 3a494423-7ff4-4963-8d96-e6fb16151c55@group-666A1DBE2890: set configuration 0: peers:[3a494423-7ff4-4963-8d96-e6fb16151c55|rpc:10.1.0.30:15076|admin:10.1.0.30:15075|client:10.1.0.30:15074|dataStream:10.1.0.30:15077|priority:1|startupRole:FOLLOWER]|listeners:[], old=null
2023-09-29 09:15:05,412 [Time-limited test] INFO  ozone.TestRootedOzoneFileSystemWithFSO (TestRootedOzoneFileSystemWithFSO.java:testRenameDir(168)) - Created dir /volume07051/bucket58319/dir1/sub_dir1
2023-09-29 09:15:05,412 [Time-limited test] INFO  ozone.TestRootedOzoneFileSystemWithFSO (TestRootedOzoneFileSystemWithFSO.java:testRenameDir(169)) - Will move /volume07051/bucket58319/dir1 to /volume07051/bucket58319/dir1.renamed
]]></system-out>
  </testcase>
  <testcase name="testTempMount" classname="TestRootedOzoneFileSystemWithFSO" time="0">
    <skipped message="HDDS-2939"/>
  </testcase>
  <testcase name="testTempMount" classname="TestRootedOzoneFileSystemWithFSO" time="0">
    <skipped message="HDDS-2939"/>
  </testcase>
  <testcase name="testDeleteVolumeAndBucket" classname="TestRootedOzoneFileSystemWithFSO" time="1.523">
    <system-out><![CDATA[2023-09-29 09:13:09,453 [Time-limited test] INFO  rpc.RpcClient (RpcClient.java:createVolume(462)) - Creating Volume: volume20560, with user73688 as owner and space quota set to -1 bytes, counts quota set to -1
2023-09-29 09:13:09,461 [OM StateMachine ApplyTransaction Thread - 0] INFO  volume.OMVolumeCreateRequest (OMVolumeCreateRequest.java:validateAndUpdateCache(196)) - created volume:volume20560 for user:user73688
2023-09-29 09:13:09,466 [Time-limited test] INFO  rpc.RpcClient (RpcClient.java:createBucket(689)) - Creating Bucket: volume20560/bucket87185, with bucket layout FILE_SYSTEM_OPTIMIZED, runner as owner, Versioning false, Storage Type set to DISK and Encryption set to false, Replication Type set to server-side default replication type, Namespace Quota set to -1, Space Quota set to -1 
2023-09-29 09:13:09,474 [OM StateMachine ApplyTransaction Thread - 0] INFO  bucket.OMBucketCreateRequest (OMBucketCreateRequest.java:validateAndUpdateCache(270)) - created bucket: bucket87185 of layout FILE_SYSTEM_OPTIMIZED in volume: volume20560
09:13:09.489 [IPC Server handler 8 on default port 15004] ERROR OMAudit - user=runner | ip=127.0.0.1 | op=READ_BUCKET {volume=volume-65620, bucket=bucket3} | ret=FAILURE
org.apache.hadoop.ozone.om.exceptions.OMException: Volume not found when getting bucket info
	at org.apache.hadoop.ozone.om.BucketManagerImpl.getBucketInfo(BucketManagerImpl.java:81) ~[ozone-manager-1.4.0-SNAPSHOT.jar:?]
	at org.apache.hadoop.ozone.om.OzoneManager.getBucketInfo(OzoneManager.java:2798) ~[ozone-manager-1.4.0-SNAPSHOT.jar:?]
	at org.apache.hadoop.ozone.protocolPB.OzoneManagerRequestHandler.infoBucket(OzoneManagerRequestHandler.java:554) ~[ozone-manager-1.4.0-SNAPSHOT.jar:?]
	at org.apache.hadoop.ozone.protocolPB.OzoneManagerRequestHandler.handleReadRequest(OzoneManagerRequestHandler.java:204) ~[ozone-manager-1.4.0-SNAPSHOT.jar:?]
	at org.apache.hadoop.ozone.protocolPB.OzoneManagerProtocolServerSideTranslatorPB.submitReadRequestToOM(OzoneManagerProtocolServerSideTranslatorPB.java:225) ~[ozone-manager-1.4.0-SNAPSHOT.jar:?]
	at org.apache.hadoop.ozone.protocolPB.OzoneManagerProtocolServerSideTranslatorPB.processRequest(OzoneManagerProtocolServerSideTranslatorPB.java:179) ~[ozone-manager-1.4.0-SNAPSHOT.jar:?]
	at org.apache.hadoop.hdds.server.OzoneProtocolMessageDispatcher.processRequest(OzoneProtocolMessageDispatcher.java:87) [hdds-server-framework-1.4.0-SNAPSHOT.jar:?]
	at org.apache.hadoop.ozone.protocolPB.OzoneManagerProtocolServerSideTranslatorPB.submitRequest(OzoneManagerProtocolServerSideTranslatorPB.java:148) [ozone-manager-1.4.0-SNAPSHOT.jar:?]
	at org.apache.hadoop.ozone.protocol.proto.OzoneManagerProtocolProtos$OzoneManagerService$2.callBlockingMethod(OzoneManagerProtocolProtos.java) [ozone-interface-client-1.4.0-SNAPSHOT.jar:?]
	at org.apache.hadoop.ipc.ProtobufRpcEngine$Server.processCall(ProtobufRpcEngine.java:484) [hadoop-common-3.3.6.jar:?]
	at org.apache.hadoop.ipc.ProtobufRpcEngine2$Server$ProtoBufRpcInvoker.call(ProtobufRpcEngine2.java:595) [hadoop-common-3.3.6.jar:?]
	at org.apache.hadoop.ipc.ProtobufRpcEngine2$Server$ProtoBufRpcInvoker.call(ProtobufRpcEngine2.java:573) [hadoop-common-3.3.6.jar:?]
	at org.apache.hadoop.ipc.RPC$Server.call(RPC.java:1227) [hadoop-common-3.3.6.jar:?]
	at org.apache.hadoop.ipc.Server$RpcCall.run(Server.java:1094) [hadoop-common-3.3.6.jar:?]
	at org.apache.hadoop.ipc.Server$RpcCall.run(Server.java:1017) [hadoop-common-3.3.6.jar:?]
	at java.security.AccessController.doPrivileged(Native Method) ~[?:1.8.0_382]
	at javax.security.auth.Subject.doAs(Subject.java:422) [?:1.8.0_382]
	at org.apache.hadoop.security.UserGroupInformation.doAs(UserGroupInformation.java:1899) [hadoop-common-3.3.6.jar:?]
	at org.apache.hadoop.ipc.Server$Handler.run(Server.java:3048) [hadoop-common-3.3.6.jar:?]
2023-09-29 09:13:09,505 [Time-limited test] INFO  rpc.RpcClient (RpcClient.java:createVolume(462)) - Creating Volume: volume-65620, with runner as owner and space quota set to -1 bytes, counts quota set to -1
2023-09-29 09:13:09,509 [OM StateMachine ApplyTransaction Thread - 0] INFO  volume.OMVolumeCreateRequest (OMVolumeCreateRequest.java:validateAndUpdateCache(196)) - created volume:volume-65620 for user:runner
2023-09-29 09:13:09,514 [Time-limited test] INFO  rpc.RpcClient (RpcClient.java:createBucket(689)) - Creating Bucket: volume-65620/bucket3, with bucket layout FILE_SYSTEM_OPTIMIZED, runner as owner, Versioning false, Storage Type set to DISK and Encryption set to false, Replication Type set to server-side default replication type, Namespace Quota set to -1, Space Quota set to -1 
2023-09-29 09:13:09,517 [OM StateMachine ApplyTransaction Thread - 0] INFO  bucket.OMBucketCreateRequest (OMBucketCreateRequest.java:validateAndUpdateCache(270)) - created bucket: bucket3 of layout FILE_SYSTEM_OPTIMIZED in volume: volume-65620
2023-09-29 09:13:09,577 [IPC Server handler 5 on default port 15001] INFO  ha.SequenceIdGenerator (SequenceIdGenerator.java:getNextId(140)) - Allocate a batch for containerId, change lastId from 0 to 1000.
2023-09-29 09:13:09,590 [IPC Server handler 5 on default port 15001] WARN  ha.SequenceIdGenerator (SequenceIdGenerator.java:allocateBatch(253)) - Failed to allocate a batch for localId, expected lastId is 0, actual lastId is 111677748019200000.
2023-09-29 09:13:09,591 [IPC Server handler 5 on default port 15001] INFO  ha.SequenceIdGenerator (SequenceIdGenerator.java:getNextId(140)) - Allocate a batch for localId, change lastId from 111677748019200000 to 111677748019201000.
2023-09-29 09:13:09,689 [Time-limited test] INFO  impl.MetricsSystemImpl (MetricsSystemImpl.java:init(158)) - XceiverClientMetrics metrics system started (again)
2023-09-29 09:13:09,690 [Time-limited test] INFO  lib.Interns (Interns.java:removeEldestEntry(50)) - Metrics intern cache overflow at 2011 for MetricsSystem={MetricsSystem=MetricsInfoImpl{name=MetricsSystem, description=MetricsSystem}, MetricsSystem record=MetricsInfoImpl{name=MetricsSystem, description=MetricsSystem record}}
]]></system-out>
  </testcase>
  <testcase name="testDeleteVolumeAndBucket" classname="TestRootedOzoneFileSystemWithFSO" time="0.528">
    <system-out><![CDATA[2023-09-29 09:15:05,460 [Time-limited test] INFO  rpc.RpcClient (RpcClient.java:createVolume(462)) - Creating Volume: volume34038, with user29445 as owner and space quota set to -1 bytes, counts quota set to -1
2023-09-29 09:15:05,461 [IPC Server handler 14 on default port 15057] INFO  volume.OMVolumeCreateRequest (OMVolumeCreateRequest.java:validateAndUpdateCache(196)) - created volume:volume34038 for user:user29445
2023-09-29 09:15:05,464 [Time-limited test] INFO  rpc.RpcClient (RpcClient.java:createBucket(689)) - Creating Bucket: volume34038/bucket69495, with bucket layout FILE_SYSTEM_OPTIMIZED, runner as owner, Versioning false, Storage Type set to DISK and Encryption set to false, Replication Type set to server-side default replication type, Namespace Quota set to -1, Space Quota set to -1 
2023-09-29 09:15:05,465 [IPC Server handler 17 on default port 15057] INFO  bucket.OMBucketCreateRequest (OMBucketCreateRequest.java:validateAndUpdateCache(270)) - created bucket: bucket69495 of layout FILE_SYSTEM_OPTIMIZED in volume: volume34038
09:15:05.468 [IPC Server handler 19 on default port 15057] ERROR OMAudit - user=runner | ip=127.0.0.1 | op=READ_BUCKET {volume=volume-37048, bucket=bucket3} | ret=FAILURE
org.apache.hadoop.ozone.om.exceptions.OMException: Volume not found when getting bucket info
	at org.apache.hadoop.ozone.om.BucketManagerImpl.getBucketInfo(BucketManagerImpl.java:81) ~[ozone-manager-1.4.0-SNAPSHOT.jar:?]
	at org.apache.hadoop.ozone.om.OzoneManager.getBucketInfo(OzoneManager.java:2798) ~[ozone-manager-1.4.0-SNAPSHOT.jar:?]
	at org.apache.hadoop.ozone.protocolPB.OzoneManagerRequestHandler.infoBucket(OzoneManagerRequestHandler.java:554) ~[ozone-manager-1.4.0-SNAPSHOT.jar:?]
	at org.apache.hadoop.ozone.protocolPB.OzoneManagerRequestHandler.handleReadRequest(OzoneManagerRequestHandler.java:204) ~[ozone-manager-1.4.0-SNAPSHOT.jar:?]
	at org.apache.hadoop.ozone.protocolPB.OzoneManagerProtocolServerSideTranslatorPB.submitRequestDirectlyToOM(OzoneManagerProtocolServerSideTranslatorPB.java:274) ~[ozone-manager-1.4.0-SNAPSHOT.jar:?]
	at org.apache.hadoop.ozone.protocolPB.OzoneManagerProtocolServerSideTranslatorPB.processRequest(OzoneManagerProtocolServerSideTranslatorPB.java:175) ~[ozone-manager-1.4.0-SNAPSHOT.jar:?]
	at org.apache.hadoop.hdds.server.OzoneProtocolMessageDispatcher.processRequest(OzoneProtocolMessageDispatcher.java:87) [hdds-server-framework-1.4.0-SNAPSHOT.jar:?]
	at org.apache.hadoop.ozone.protocolPB.OzoneManagerProtocolServerSideTranslatorPB.submitRequest(OzoneManagerProtocolServerSideTranslatorPB.java:148) [ozone-manager-1.4.0-SNAPSHOT.jar:?]
	at org.apache.hadoop.ozone.protocol.proto.OzoneManagerProtocolProtos$OzoneManagerService$2.callBlockingMethod(OzoneManagerProtocolProtos.java) [ozone-interface-client-1.4.0-SNAPSHOT.jar:?]
	at org.apache.hadoop.ipc.ProtobufRpcEngine$Server.processCall(ProtobufRpcEngine.java:484) [hadoop-common-3.3.6.jar:?]
	at org.apache.hadoop.ipc.ProtobufRpcEngine2$Server$ProtoBufRpcInvoker.call(ProtobufRpcEngine2.java:595) [hadoop-common-3.3.6.jar:?]
	at org.apache.hadoop.ipc.ProtobufRpcEngine2$Server$ProtoBufRpcInvoker.call(ProtobufRpcEngine2.java:573) [hadoop-common-3.3.6.jar:?]
	at org.apache.hadoop.ipc.RPC$Server.call(RPC.java:1227) [hadoop-common-3.3.6.jar:?]
	at org.apache.hadoop.ipc.Server$RpcCall.run(Server.java:1094) [hadoop-common-3.3.6.jar:?]
	at org.apache.hadoop.ipc.Server$RpcCall.run(Server.java:1017) [hadoop-common-3.3.6.jar:?]
	at java.security.AccessController.doPrivileged(Native Method) ~[?:1.8.0_382]
	at javax.security.auth.Subject.doAs(Subject.java:422) [?:1.8.0_382]
	at org.apache.hadoop.security.UserGroupInformation.doAs(UserGroupInformation.java:1899) [hadoop-common-3.3.6.jar:?]
	at org.apache.hadoop.ipc.Server$Handler.run(Server.java:3048) [hadoop-common-3.3.6.jar:?]
2023-09-29 09:15:05,469 [Time-limited test] INFO  rpc.RpcClient (RpcClient.java:createVolume(462)) - Creating Volume: volume-37048, with runner as owner and space quota set to -1 bytes, counts quota set to -1
2023-09-29 09:15:05,469 [IPC Server handler 1 on default port 15057] INFO  volume.OMVolumeCreateRequest (OMVolumeCreateRequest.java:validateAndUpdateCache(196)) - created volume:volume-37048 for user:runner
2023-09-29 09:15:05,471 [Time-limited test] INFO  rpc.RpcClient (RpcClient.java:createBucket(689)) - Creating Bucket: volume-37048/bucket3, with bucket layout FILE_SYSTEM_OPTIMIZED, runner as owner, Versioning false, Storage Type set to DISK and Encryption set to false, Replication Type set to server-side default replication type, Namespace Quota set to -1, Space Quota set to -1 
2023-09-29 09:15:05,471 [IPC Server handler 2 on default port 15057] INFO  bucket.OMBucketCreateRequest (OMBucketCreateRequest.java:validateAndUpdateCache(270)) - created bucket: bucket3 of layout FILE_SYSTEM_OPTIMIZED in volume: volume-37048
2023-09-29 09:15:05,489 [IPC Server handler 13 on default port 15054] INFO  ha.SequenceIdGenerator (SequenceIdGenerator.java:getNextId(140)) - Allocate a batch for containerId, change lastId from 0 to 1000.
2023-09-29 09:15:05,490 [IPC Server handler 13 on default port 15054] WARN  ha.SequenceIdGenerator (SequenceIdGenerator.java:allocateBatch(253)) - Failed to allocate a batch for localId, expected lastId is 0, actual lastId is 111677748019200000.
2023-09-29 09:15:05,490 [IPC Server handler 13 on default port 15054] INFO  ha.SequenceIdGenerator (SequenceIdGenerator.java:getNextId(140)) - Allocate a batch for localId, change lastId from 111677748019200000 to 111677748019201000.
2023-09-29 09:15:05,890 [10e0b218-8303-4db1-a541-e155d4944b6e@group-ACDE7C9166EE-FollowerState] INFO  impl.FollowerState (FollowerState.java:run(143)) - 10e0b218-8303-4db1-a541-e155d4944b6e@group-ACDE7C9166EE-FollowerState: change to CANDIDATE, lastRpcElapsedTime:5174442741ns, electionTimeout:5166ms
2023-09-29 09:15:05,891 [10e0b218-8303-4db1-a541-e155d4944b6e@group-ACDE7C9166EE-FollowerState] INFO  impl.RoleInfo (RoleInfo.java:shutdownFollowerState(110)) - 10e0b218-8303-4db1-a541-e155d4944b6e: shutdown 10e0b218-8303-4db1-a541-e155d4944b6e@group-ACDE7C9166EE-FollowerState
2023-09-29 09:15:05,891 [10e0b218-8303-4db1-a541-e155d4944b6e@group-ACDE7C9166EE-FollowerState] INFO  server.RaftServer$Division (RaftServerImpl.java:setRole(329)) - 10e0b218-8303-4db1-a541-e155d4944b6e@group-ACDE7C9166EE: changes role from  FOLLOWER to CANDIDATE at term 0 for changeToCandidate
2023-09-29 09:15:05,894 [10e0b218-8303-4db1-a541-e155d4944b6e@group-ACDE7C9166EE-FollowerState] INFO  server.RaftServerConfigKeys (ConfUtils.java:logGet(46)) - raft.server.leaderelection.pre-vote = true (default)
2023-09-29 09:15:05,894 [10e0b218-8303-4db1-a541-e155d4944b6e@group-ACDE7C9166EE-FollowerState] INFO  impl.RoleInfo (RoleInfo.java:updateAndGet(139)) - 10e0b218-8303-4db1-a541-e155d4944b6e: start 10e0b218-8303-4db1-a541-e155d4944b6e@group-ACDE7C9166EE-LeaderElection16
2023-09-29 09:15:05,927 [10e0b218-8303-4db1-a541-e155d4944b6e@group-ACDE7C9166EE-LeaderElection16] INFO  impl.LeaderElection (LeaderElection.java:askForVotes(321)) - 10e0b218-8303-4db1-a541-e155d4944b6e@group-ACDE7C9166EE-LeaderElection16 PRE_VOTE round 0: submit vote requests at term 0 for -1: peers:[10e0b218-8303-4db1-a541-e155d4944b6e|rpc:10.1.0.30:15085|admin:10.1.0.30:15084|client:10.1.0.30:15083|dataStream:10.1.0.30:15086|priority:1|startupRole:FOLLOWER]|listeners:[], old=null
2023-09-29 09:15:05,927 [10e0b218-8303-4db1-a541-e155d4944b6e@group-ACDE7C9166EE-LeaderElection16] INFO  impl.LeaderElection (LeaderElection.java:askForVotes(323)) - 10e0b218-8303-4db1-a541-e155d4944b6e@group-ACDE7C9166EE-LeaderElection16 PRE_VOTE round 0: result PASSED (term=0)
2023-09-29 09:15:05,932 [10e0b218-8303-4db1-a541-e155d4944b6e@group-ACDE7C9166EE-LeaderElection16] INFO  impl.LeaderElection (LeaderElection.java:askForVotes(321)) - 10e0b218-8303-4db1-a541-e155d4944b6e@group-ACDE7C9166EE-LeaderElection16 ELECTION round 0: submit vote requests at term 1 for -1: peers:[10e0b218-8303-4db1-a541-e155d4944b6e|rpc:10.1.0.30:15085|admin:10.1.0.30:15084|client:10.1.0.30:15083|dataStream:10.1.0.30:15086|priority:1|startupRole:FOLLOWER]|listeners:[], old=null
2023-09-29 09:15:05,932 [10e0b218-8303-4db1-a541-e155d4944b6e@group-ACDE7C9166EE-LeaderElection16] INFO  impl.LeaderElection (LeaderElection.java:askForVotes(323)) - 10e0b218-8303-4db1-a541-e155d4944b6e@group-ACDE7C9166EE-LeaderElection16 ELECTION round 0: result PASSED (term=1)
2023-09-29 09:15:05,932 [10e0b218-8303-4db1-a541-e155d4944b6e@group-ACDE7C9166EE-LeaderElection16] INFO  impl.RoleInfo (RoleInfo.java:shutdownLeaderElection(130)) - 10e0b218-8303-4db1-a541-e155d4944b6e: shutdown 10e0b218-8303-4db1-a541-e155d4944b6e@group-ACDE7C9166EE-LeaderElection16
2023-09-29 09:15:05,932 [10e0b218-8303-4db1-a541-e155d4944b6e@group-ACDE7C9166EE-LeaderElection16] INFO  server.RaftServer$Division (RaftServerImpl.java:setRole(329)) - 10e0b218-8303-4db1-a541-e155d4944b6e@group-ACDE7C9166EE: changes role from CANDIDATE to LEADER at term 1 for changeToLeader
2023-09-29 09:15:05,932 [10e0b218-8303-4db1-a541-e155d4944b6e@group-ACDE7C9166EE-LeaderElection16] INFO  ratis.XceiverServerRatis (XceiverServerRatis.java:handleLeaderChangedNotification(902)) - Leader change notification received for group: group-ACDE7C9166EE with new leaderId: 10e0b218-8303-4db1-a541-e155d4944b6e
2023-09-29 09:15:05,934 [10e0b218-8303-4db1-a541-e155d4944b6e@group-ACDE7C9166EE-LeaderElection16] INFO  server.RaftServer$Division (ServerState.java:setLeader(317)) - 10e0b218-8303-4db1-a541-e155d4944b6e@group-ACDE7C9166EE: change Leader from null to 10e0b218-8303-4db1-a541-e155d4944b6e at term 1 for becomeLeader, leader elected after 5332ms
2023-09-29 09:15:05,934 [10e0b218-8303-4db1-a541-e155d4944b6e@group-ACDE7C9166EE-LeaderElection16] INFO  server.RaftServerConfigKeys (ConfUtils.java:logGet(46)) - raft.server.staging.catchup.gap = 1000 (default)
2023-09-29 09:15:05,934 [10e0b218-8303-4db1-a541-e155d4944b6e@group-ACDE7C9166EE-LeaderElection16] INFO  server.RaftServerConfigKeys (ConfUtils.java:logGet(46)) - raft.server.write.element-limit = 1024 (custom)
2023-09-29 09:15:05,935 [10e0b218-8303-4db1-a541-e155d4944b6e@group-ACDE7C9166EE-LeaderElection16] INFO  server.RaftServerConfigKeys (ConfUtils.java:logGet(46)) - raft.server.write.byte-limit = 1024 M (=1073741824) (custom)
2023-09-29 09:15:05,935 [10e0b218-8303-4db1-a541-e155d4944b6e@group-ACDE7C9166EE-LeaderElection16] INFO  server.RaftServerConfigKeys (ConfUtils.java:logGet(46)) - raft.server.watch.timeout = 180s (custom)
2023-09-29 09:15:05,935 [10e0b218-8303-4db1-a541-e155d4944b6e@group-ACDE7C9166EE-LeaderElection16] INFO  server.RaftServerConfigKeys (ConfUtils.java:logGet(46)) - raft.server.watch.timeout.denomination = 1s (default)
2023-09-29 09:15:05,935 [10e0b218-8303-4db1-a541-e155d4944b6e@group-ACDE7C9166EE-LeaderElection16] INFO  server.RaftServerConfigKeys (ConfUtils.java:logGet(46)) - raft.server.watch.element-limit = 65536 (default)
2023-09-29 09:15:05,935 [10e0b218-8303-4db1-a541-e155d4944b6e@group-ACDE7C9166EE-LeaderElection16] INFO  server.RaftServerConfigKeys (ConfUtils.java:logGet(46)) - raft.server.write.element-limit = 1024 (custom)
2023-09-29 09:15:05,935 [10e0b218-8303-4db1-a541-e155d4944b6e@group-ACDE7C9166EE-LeaderElection16] INFO  server.RaftServerConfigKeys (ConfUtils.java:logGet(46)) - raft.server.write.follower.gap.ratio.max = -1.0 (default)
2023-09-29 09:15:05,935 [10e0b218-8303-4db1-a541-e155d4944b6e@group-ACDE7C9166EE-LeaderElection16] INFO  impl.RoleInfo (RoleInfo.java:updateAndGet(139)) - 10e0b218-8303-4db1-a541-e155d4944b6e: start 10e0b218-8303-4db1-a541-e155d4944b6e@group-ACDE7C9166EE-LeaderStateImpl
2023-09-29 09:15:05,936 [10e0b218-8303-4db1-a541-e155d4944b6e@group-ACDE7C9166EE-LeaderElection16] INFO  segmented.SegmentedRaftLogWorker (SegmentedRaftLogWorker.java:startLogSegment(447)) - 10e0b218-8303-4db1-a541-e155d4944b6e@group-ACDE7C9166EE-SegmentedRaftLogWorker: Starting segment from index:0
2023-09-29 09:15:05,938 [10e0b218-8303-4db1-a541-e155d4944b6e@group-ACDE7C9166EE-SegmentedRaftLogWorker] INFO  segmented.SegmentedRaftLogWorker (SegmentedRaftLogWorker.java:execute(651)) - 10e0b218-8303-4db1-a541-e155d4944b6e@group-ACDE7C9166EE-SegmentedRaftLogWorker: created new log segment /home/runner/work/ozone/ozone/hadoop-ozone/integration-test/target/test-dir/MiniOzoneClusterImpl-23fe215d-70cc-4cc8-8e82-38d5ce4d8890/datanode-2/data/ratis/41b7993d-7e6d-499e-9379-acde7c9166ee/current/log_inprogress_0
2023-09-29 09:15:05,942 [10e0b218-8303-4db1-a541-e155d4944b6e@group-ACDE7C9166EE-LeaderElection16] INFO  server.RaftServer$Division (ServerState.java:setRaftConf(434)) - 10e0b218-8303-4db1-a541-e155d4944b6e@group-ACDE7C9166EE: set configuration 0: peers:[10e0b218-8303-4db1-a541-e155d4944b6e|rpc:10.1.0.30:15085|admin:10.1.0.30:15084|client:10.1.0.30:15083|dataStream:10.1.0.30:15086|priority:1|startupRole:FOLLOWER]|listeners:[], old=null
]]></system-out>
  </testcase>
  <testcase name="testRenameDirToItsOwnSubDir" classname="TestRootedOzoneFileSystemWithFSO" time="0.125">
    <system-out><![CDATA[2023-09-29 09:13:10,980 [Time-limited test] INFO  rpc.RpcClient (RpcClient.java:createVolume(462)) - Creating Volume: volume18381, with user80492 as owner and space quota set to -1 bytes, counts quota set to -1
2023-09-29 09:13:10,985 [OM StateMachine ApplyTransaction Thread - 0] INFO  volume.OMVolumeCreateRequest (OMVolumeCreateRequest.java:validateAndUpdateCache(196)) - created volume:volume18381 for user:user80492
2023-09-29 09:13:10,989 [Time-limited test] INFO  rpc.RpcClient (RpcClient.java:createBucket(689)) - Creating Bucket: volume18381/bucket11771, with bucket layout FILE_SYSTEM_OPTIMIZED, runner as owner, Versioning false, Storage Type set to DISK and Encryption set to false, Replication Type set to server-side default replication type, Namespace Quota set to -1, Space Quota set to -1 
2023-09-29 09:13:10,993 [OM StateMachine ApplyTransaction Thread - 0] INFO  bucket.OMBucketCreateRequest (OMBucketCreateRequest.java:validateAndUpdateCache(270)) - created bucket: bucket11771 of layout FILE_SYSTEM_OPTIMIZED in volume: volume18381
2023-09-29 09:13:11,010 [Time-limited test] INFO  ozone.TestRootedOzoneFileSystemWithFSO (TestRootedOzoneFileSystemWithFSO.java:testRenameDirToItsOwnSubDir(193)) - Created dir1 /volume18381/bucket11771/root/dir1/sub_dir1
2023-09-29 09:13:11,010 [Time-limited test] INFO  ozone.TestRootedOzoneFileSystemWithFSO (TestRootedOzoneFileSystemWithFSO.java:testRenameDirToItsOwnSubDir(194)) - Rename op-> source:/volume18381/bucket11771/root to destin:/volume18381/bucket11771/root/dir1/sub_dir1
09:13:11.019 [OM StateMachine ApplyTransaction Thread - 0] ERROR OMAudit - user=runner | ip=127.0.0.1 | op=RENAME_KEY {volume=volume18381, bucket=bucket11771, dataSize=0, replicationType=NONE, replicationFactor=ZERO, srcKey=root, dstKey=root/dir1/sub_dir1} | ret=FAILURE
org.apache.hadoop.ozone.om.exceptions.OMException: Cannot rename a directory to its own subdirectory
	at org.apache.hadoop.ozone.om.request.file.OMFileRequest.verifyToDirIsASubDirOfFromDirectory(OMFileRequest.java:783) ~[ozone-manager-1.4.0-SNAPSHOT.jar:?]
	at org.apache.hadoop.ozone.om.request.key.OMKeyRenameRequestWithFSO.validateAndUpdateCache(OMKeyRenameRequestWithFSO.java:159) ~[ozone-manager-1.4.0-SNAPSHOT.jar:?]
	at org.apache.hadoop.ozone.protocolPB.OzoneManagerRequestHandler.handleWriteRequest(OzoneManagerRequestHandler.java:382) ~[ozone-manager-1.4.0-SNAPSHOT.jar:?]
	at org.apache.hadoop.ozone.om.ratis.OzoneManagerStateMachine.runCommand(OzoneManagerStateMachine.java:568) ~[ozone-manager-1.4.0-SNAPSHOT.jar:?]
	at org.apache.hadoop.ozone.om.ratis.OzoneManagerStateMachine.lambda$1(OzoneManagerStateMachine.java:359) ~[ozone-manager-1.4.0-SNAPSHOT.jar:?]
	at java.util.concurrent.CompletableFuture$AsyncSupply.run(CompletableFuture.java:1604) [?:1.8.0_382]
	at java.util.concurrent.ThreadPoolExecutor.runWorker(ThreadPoolExecutor.java:1149) [?:1.8.0_382]
	at java.util.concurrent.ThreadPoolExecutor$Worker.run(ThreadPoolExecutor.java:624) [?:1.8.0_382]
	at java.lang.Thread.run(Thread.java:750) [?:1.8.0_382]
2023-09-29 09:13:11,021 [OM StateMachine ApplyTransaction Thread - 0] ERROR key.OMKeyRenameRequestWithFSO (OMKeyRenameRequestWithFSO.java:validateAndUpdateCache(250)) - Rename key failed for volume:volume18381 bucket:bucket11771 fromKey:root toKey:root/dir1/sub_dir1. Exception: Cannot rename a directory to its own subdirectory.
2023-09-29 09:13:11,022 [Time-limited test] ERROR ozone.BasicRootedOzoneFileSystem (BasicRootedOzoneFileSystem.java:renameFSO(486)) - rename key failed: Cannot rename a directory to its own subdirectory. source:volume18381/bucket11771/root, destin:volume18381/bucket11771/root/dir1/sub_dir1
]]></system-out>
  </testcase>
  <testcase name="testRenameDirToItsOwnSubDir" classname="TestRootedOzoneFileSystemWithFSO" time="0.039">
    <system-out><![CDATA[2023-09-29 09:15:05,991 [Time-limited test] INFO  rpc.RpcClient (RpcClient.java:createVolume(462)) - Creating Volume: volume20283, with user18414 as owner and space quota set to -1 bytes, counts quota set to -1
2023-09-29 09:15:05,992 [IPC Server handler 4 on default port 15057] INFO  volume.OMVolumeCreateRequest (OMVolumeCreateRequest.java:validateAndUpdateCache(196)) - created volume:volume20283 for user:user18414
2023-09-29 09:15:05,993 [Time-limited test] INFO  rpc.RpcClient (RpcClient.java:createBucket(689)) - Creating Bucket: volume20283/bucket90472, with bucket layout FILE_SYSTEM_OPTIMIZED, runner as owner, Versioning false, Storage Type set to DISK and Encryption set to false, Replication Type set to server-side default replication type, Namespace Quota set to -1, Space Quota set to -1 
2023-09-29 09:15:05,994 [IPC Server handler 0 on default port 15057] INFO  bucket.OMBucketCreateRequest (OMBucketCreateRequest.java:validateAndUpdateCache(270)) - created bucket: bucket90472 of layout FILE_SYSTEM_OPTIMIZED in volume: volume20283
2023-09-29 09:15:05,997 [Time-limited test] INFO  ozone.TestRootedOzoneFileSystemWithFSO (TestRootedOzoneFileSystemWithFSO.java:testRenameDirToItsOwnSubDir(193)) - Created dir1 /volume20283/bucket90472/root/dir1/sub_dir1
2023-09-29 09:15:05,997 [Time-limited test] INFO  ozone.TestRootedOzoneFileSystemWithFSO (TestRootedOzoneFileSystemWithFSO.java:testRenameDirToItsOwnSubDir(194)) - Rename op-> source:/volume20283/bucket90472/root to destin:/volume20283/bucket90472/root/dir1/sub_dir1
09:15:05.999 [IPC Server handler 13 on default port 15057] ERROR OMAudit - user=runner | ip=127.0.0.1 | op=RENAME_KEY {volume=volume20283, bucket=bucket90472, dataSize=0, replicationType=NONE, replicationFactor=ZERO, srcKey=root, dstKey=root/dir1/sub_dir1} | ret=FAILURE
org.apache.hadoop.ozone.om.exceptions.OMException: Cannot rename a directory to its own subdirectory
	at org.apache.hadoop.ozone.om.request.file.OMFileRequest.verifyToDirIsASubDirOfFromDirectory(OMFileRequest.java:783) ~[ozone-manager-1.4.0-SNAPSHOT.jar:?]
	at org.apache.hadoop.ozone.om.request.key.OMKeyRenameRequestWithFSO.validateAndUpdateCache(OMKeyRenameRequestWithFSO.java:159) ~[ozone-manager-1.4.0-SNAPSHOT.jar:?]
	at org.apache.hadoop.ozone.protocolPB.OzoneManagerRequestHandler.handleWriteRequest(OzoneManagerRequestHandler.java:382) ~[ozone-manager-1.4.0-SNAPSHOT.jar:?]
	at org.apache.hadoop.ozone.protocolPB.OzoneManagerProtocolServerSideTranslatorPB.submitRequestDirectlyToOM(OzoneManagerProtocolServerSideTranslatorPB.java:280) ~[ozone-manager-1.4.0-SNAPSHOT.jar:?]
	at org.apache.hadoop.ozone.protocolPB.OzoneManagerProtocolServerSideTranslatorPB.processRequest(OzoneManagerProtocolServerSideTranslatorPB.java:175) ~[ozone-manager-1.4.0-SNAPSHOT.jar:?]
	at org.apache.hadoop.hdds.server.OzoneProtocolMessageDispatcher.processRequest(OzoneProtocolMessageDispatcher.java:87) [hdds-server-framework-1.4.0-SNAPSHOT.jar:?]
	at org.apache.hadoop.ozone.protocolPB.OzoneManagerProtocolServerSideTranslatorPB.submitRequest(OzoneManagerProtocolServerSideTranslatorPB.java:148) [ozone-manager-1.4.0-SNAPSHOT.jar:?]
	at org.apache.hadoop.ozone.protocol.proto.OzoneManagerProtocolProtos$OzoneManagerService$2.callBlockingMethod(OzoneManagerProtocolProtos.java) [ozone-interface-client-1.4.0-SNAPSHOT.jar:?]
	at org.apache.hadoop.ipc.ProtobufRpcEngine$Server.processCall(ProtobufRpcEngine.java:484) [hadoop-common-3.3.6.jar:?]
	at org.apache.hadoop.ipc.ProtobufRpcEngine2$Server$ProtoBufRpcInvoker.call(ProtobufRpcEngine2.java:595) [hadoop-common-3.3.6.jar:?]
	at org.apache.hadoop.ipc.ProtobufRpcEngine2$Server$ProtoBufRpcInvoker.call(ProtobufRpcEngine2.java:573) [hadoop-common-3.3.6.jar:?]
	at org.apache.hadoop.ipc.RPC$Server.call(RPC.java:1227) [hadoop-common-3.3.6.jar:?]
	at org.apache.hadoop.ipc.Server$RpcCall.run(Server.java:1094) [hadoop-common-3.3.6.jar:?]
	at org.apache.hadoop.ipc.Server$RpcCall.run(Server.java:1017) [hadoop-common-3.3.6.jar:?]
	at java.security.AccessController.doPrivileged(Native Method) ~[?:1.8.0_382]
	at javax.security.auth.Subject.doAs(Subject.java:422) [?:1.8.0_382]
	at org.apache.hadoop.security.UserGroupInformation.doAs(UserGroupInformation.java:1899) [hadoop-common-3.3.6.jar:?]
	at org.apache.hadoop.ipc.Server$Handler.run(Server.java:3048) [hadoop-common-3.3.6.jar:?]
2023-09-29 09:15:05,999 [IPC Server handler 13 on default port 15057] ERROR key.OMKeyRenameRequestWithFSO (OMKeyRenameRequestWithFSO.java:validateAndUpdateCache(250)) - Rename key failed for volume:volume20283 bucket:bucket90472 fromKey:root toKey:root/dir1/sub_dir1. Exception: Cannot rename a directory to its own subdirectory.
2023-09-29 09:15:05,999 [Time-limited test] ERROR ozone.BasicRootedOzoneFileSystem (BasicRootedOzoneFileSystem.java:renameFSO(486)) - rename key failed: Cannot rename a directory to its own subdirectory. source:volume20283/bucket90472/root, destin:volume20283/bucket90472/root/dir1/sub_dir1
]]></system-out>
  </testcase>
  <testcase name="testKeyRenameToBucketLevel" classname="TestRootedOzoneFileSystemWithFSO" time="0.136">
    <system-out><![CDATA[2023-09-29 09:13:11,098 [Time-limited test] INFO  rpc.RpcClient (RpcClient.java:createVolume(462)) - Creating Volume: volume81705, with user92457 as owner and space quota set to -1 bytes, counts quota set to -1
2023-09-29 09:13:11,102 [OM StateMachine ApplyTransaction Thread - 0] INFO  volume.OMVolumeCreateRequest (OMVolumeCreateRequest.java:validateAndUpdateCache(196)) - created volume:volume81705 for user:user92457
2023-09-29 09:13:11,108 [Time-limited test] INFO  rpc.RpcClient (RpcClient.java:createBucket(689)) - Creating Bucket: volume81705/bucket32349, with bucket layout FILE_SYSTEM_OPTIMIZED, runner as owner, Versioning false, Storage Type set to DISK and Encryption set to false, Replication Type set to server-side default replication type, Namespace Quota set to -1, Space Quota set to -1 
2023-09-29 09:13:11,113 [OM StateMachine ApplyTransaction Thread - 0] INFO  bucket.OMBucketCreateRequest (OMBucketCreateRequest.java:validateAndUpdateCache(270)) - created bucket: bucket32349 of layout FILE_SYSTEM_OPTIMIZED in volume: volume81705
2023-09-29 09:13:11,125 [Time-limited test] INFO  ozone.TestRootedOzoneFileSystemWithFSO (TestRootedOzoneFileSystemWithFSO.java:testKeyRenameToBucketLevel(152)) - Will move /volume81705/bucket32349/dir1/key1 to /volume81705/bucket32349
09:13:11.195 [IPC Server handler 16 on default port 15004] ERROR OMAudit - user=runner | ip=127.0.0.1 | op=READ_BUCKET {volume=volume81705, bucket=bucket32349} | ret=FAILURE
org.apache.hadoop.ozone.om.exceptions.OMException: Bucket not found
	at org.apache.hadoop.ozone.om.BucketManagerImpl.getBucketInfo(BucketManagerImpl.java:85) ~[ozone-manager-1.4.0-SNAPSHOT.jar:?]
	at org.apache.hadoop.ozone.om.OzoneManager.getBucketInfo(OzoneManager.java:2798) ~[ozone-manager-1.4.0-SNAPSHOT.jar:?]
	at org.apache.hadoop.ozone.protocolPB.OzoneManagerRequestHandler.infoBucket(OzoneManagerRequestHandler.java:554) ~[ozone-manager-1.4.0-SNAPSHOT.jar:?]
	at org.apache.hadoop.ozone.protocolPB.OzoneManagerRequestHandler.handleReadRequest(OzoneManagerRequestHandler.java:204) ~[ozone-manager-1.4.0-SNAPSHOT.jar:?]
	at org.apache.hadoop.ozone.protocolPB.OzoneManagerProtocolServerSideTranslatorPB.submitReadRequestToOM(OzoneManagerProtocolServerSideTranslatorPB.java:225) ~[ozone-manager-1.4.0-SNAPSHOT.jar:?]
	at org.apache.hadoop.ozone.protocolPB.OzoneManagerProtocolServerSideTranslatorPB.processRequest(OzoneManagerProtocolServerSideTranslatorPB.java:179) ~[ozone-manager-1.4.0-SNAPSHOT.jar:?]
	at org.apache.hadoop.hdds.server.OzoneProtocolMessageDispatcher.processRequest(OzoneProtocolMessageDispatcher.java:87) [hdds-server-framework-1.4.0-SNAPSHOT.jar:?]
	at org.apache.hadoop.ozone.protocolPB.OzoneManagerProtocolServerSideTranslatorPB.submitRequest(OzoneManagerProtocolServerSideTranslatorPB.java:148) [ozone-manager-1.4.0-SNAPSHOT.jar:?]
	at org.apache.hadoop.ozone.protocol.proto.OzoneManagerProtocolProtos$OzoneManagerService$2.callBlockingMethod(OzoneManagerProtocolProtos.java) [ozone-interface-client-1.4.0-SNAPSHOT.jar:?]
	at org.apache.hadoop.ipc.ProtobufRpcEngine$Server.processCall(ProtobufRpcEngine.java:484) [hadoop-common-3.3.6.jar:?]
	at org.apache.hadoop.ipc.ProtobufRpcEngine2$Server$ProtoBufRpcInvoker.call(ProtobufRpcEngine2.java:595) [hadoop-common-3.3.6.jar:?]
	at org.apache.hadoop.ipc.ProtobufRpcEngine2$Server$ProtoBufRpcInvoker.call(ProtobufRpcEngine2.java:573) [hadoop-common-3.3.6.jar:?]
	at org.apache.hadoop.ipc.RPC$Server.call(RPC.java:1227) [hadoop-common-3.3.6.jar:?]
	at org.apache.hadoop.ipc.Server$RpcCall.run(Server.java:1094) [hadoop-common-3.3.6.jar:?]
	at org.apache.hadoop.ipc.Server$RpcCall.run(Server.java:1017) [hadoop-common-3.3.6.jar:?]
	at java.security.AccessController.doPrivileged(Native Method) ~[?:1.8.0_382]
	at javax.security.auth.Subject.doAs(Subject.java:422) [?:1.8.0_382]
	at org.apache.hadoop.security.UserGroupInformation.doAs(UserGroupInformation.java:1899) [hadoop-common-3.3.6.jar:?]
	at org.apache.hadoop.ipc.Server$Handler.run(Server.java:3048) [hadoop-common-3.3.6.jar:?]
09:13:11.199 [IPC Server handler 14 on default port 15004] ERROR OMAudit - user=runner | ip=127.0.0.1 | op=READ_BUCKET {volume=volume81705, bucket=bucket32349} | ret=FAILURE
org.apache.hadoop.ozone.om.exceptions.OMException: Bucket not found
	at org.apache.hadoop.ozone.om.BucketManagerImpl.getBucketInfo(BucketManagerImpl.java:85) ~[ozone-manager-1.4.0-SNAPSHOT.jar:?]
	at org.apache.hadoop.ozone.om.OzoneManager.getBucketInfo(OzoneManager.java:2798) ~[ozone-manager-1.4.0-SNAPSHOT.jar:?]
	at org.apache.hadoop.ozone.protocolPB.OzoneManagerRequestHandler.infoBucket(OzoneManagerRequestHandler.java:554) ~[ozone-manager-1.4.0-SNAPSHOT.jar:?]
	at org.apache.hadoop.ozone.protocolPB.OzoneManagerRequestHandler.handleReadRequest(OzoneManagerRequestHandler.java:204) ~[ozone-manager-1.4.0-SNAPSHOT.jar:?]
	at org.apache.hadoop.ozone.protocolPB.OzoneManagerProtocolServerSideTranslatorPB.submitReadRequestToOM(OzoneManagerProtocolServerSideTranslatorPB.java:225) ~[ozone-manager-1.4.0-SNAPSHOT.jar:?]
	at org.apache.hadoop.ozone.protocolPB.OzoneManagerProtocolServerSideTranslatorPB.processRequest(OzoneManagerProtocolServerSideTranslatorPB.java:179) ~[ozone-manager-1.4.0-SNAPSHOT.jar:?]
	at org.apache.hadoop.hdds.server.OzoneProtocolMessageDispatcher.processRequest(OzoneProtocolMessageDispatcher.java:87) [hdds-server-framework-1.4.0-SNAPSHOT.jar:?]
	at org.apache.hadoop.ozone.protocolPB.OzoneManagerProtocolServerSideTranslatorPB.submitRequest(OzoneManagerProtocolServerSideTranslatorPB.java:148) [ozone-manager-1.4.0-SNAPSHOT.jar:?]
	at org.apache.hadoop.ozone.protocol.proto.OzoneManagerProtocolProtos$OzoneManagerService$2.callBlockingMethod(OzoneManagerProtocolProtos.java) [ozone-interface-client-1.4.0-SNAPSHOT.jar:?]
	at org.apache.hadoop.ipc.ProtobufRpcEngine$Server.processCall(ProtobufRpcEngine.java:484) [hadoop-common-3.3.6.jar:?]
	at org.apache.hadoop.ipc.ProtobufRpcEngine2$Server$ProtoBufRpcInvoker.call(ProtobufRpcEngine2.java:595) [hadoop-common-3.3.6.jar:?]
	at org.apache.hadoop.ipc.ProtobufRpcEngine2$Server$ProtoBufRpcInvoker.call(ProtobufRpcEngine2.java:573) [hadoop-common-3.3.6.jar:?]
	at org.apache.hadoop.ipc.RPC$Server.call(RPC.java:1227) [hadoop-common-3.3.6.jar:?]
	at org.apache.hadoop.ipc.Server$RpcCall.run(Server.java:1094) [hadoop-common-3.3.6.jar:?]
	at org.apache.hadoop.ipc.Server$RpcCall.run(Server.java:1017) [hadoop-common-3.3.6.jar:?]
	at java.security.AccessController.doPrivileged(Native Method) ~[?:1.8.0_382]
	at javax.security.auth.Subject.doAs(Subject.java:422) [?:1.8.0_382]
	at org.apache.hadoop.security.UserGroupInformation.doAs(UserGroupInformation.java:1899) [hadoop-common-3.3.6.jar:?]
	at org.apache.hadoop.ipc.Server$Handler.run(Server.java:3048) [hadoop-common-3.3.6.jar:?]
2023-09-29 09:13:11,202 [Time-limited test] ERROR ozone.BasicRootedOzoneFileSystem (BasicRootedOzoneFileSystem.java:isLinkBucket(780)) - Exception while getting bucket link information, considered it as false
BUCKET_NOT_FOUND org.apache.hadoop.ozone.om.exceptions.OMException: Bucket not found
	at org.apache.hadoop.ozone.om.protocolPB.OzoneManagerProtocolClientSideTranslatorPB.handleError(OzoneManagerProtocolClientSideTranslatorPB.java:733)
	at org.apache.hadoop.ozone.om.protocolPB.OzoneManagerProtocolClientSideTranslatorPB.getBucketInfo(OzoneManagerProtocolClientSideTranslatorPB.java:582)
	at org.apache.hadoop.ozone.client.rpc.RpcClient.getBucketDetails(RpcClient.java:1244)
	at org.apache.hadoop.fs.ozone.BasicRootedOzoneClientAdapterImpl.getBucket(BasicRootedOzoneClientAdapterImpl.java:274)
	at org.apache.hadoop.fs.ozone.BasicRootedOzoneClientAdapterImpl.getBucket(BasicRootedOzoneClientAdapterImpl.java:248)
	at org.apache.hadoop.fs.ozone.BasicRootedOzoneFileSystem.isLinkBucket(BasicRootedOzoneFileSystem.java:775)
	at org.apache.hadoop.fs.ozone.BasicRootedOzoneFileSystem.deleteBucket(BasicRootedOzoneFileSystem.java:742)
	at org.apache.hadoop.fs.ozone.BasicRootedOzoneFileSystem.delete(BasicRootedOzoneFileSystem.java:696)
	at org.apache.hadoop.fs.ozone.TestRootedOzoneFileSystem.cleanup(TestRootedOzoneFileSystem.java:201)
	at sun.reflect.NativeMethodAccessorImpl.invoke0(Native Method)
	at sun.reflect.NativeMethodAccessorImpl.invoke(NativeMethodAccessorImpl.java:62)
	at sun.reflect.DelegatingMethodAccessorImpl.invoke(DelegatingMethodAccessorImpl.java:43)
	at java.lang.reflect.Method.invoke(Method.java:498)
	at org.junit.runners.model.FrameworkMethod$1.runReflectiveCall(FrameworkMethod.java:59)
	at org.junit.internal.runners.model.ReflectiveCallable.run(ReflectiveCallable.java:12)
	at org.junit.runners.model.FrameworkMethod.invokeExplosively(FrameworkMethod.java:56)
	at org.junit.internal.runners.statements.RunAfters.invokeMethod(RunAfters.java:46)
	at org.junit.internal.runners.statements.RunAfters.evaluate(RunAfters.java:33)
	at org.junit.internal.runners.statements.FailOnTimeout$CallableStatement.call(FailOnTimeout.java:288)
	at org.junit.internal.runners.statements.FailOnTimeout$CallableStatement.call(FailOnTimeout.java:282)
	at java.util.concurrent.FutureTask.run(FutureTask.java:266)
	at java.lang.Thread.run(Thread.java:750)
2023-09-29 09:13:11,209 [Time-limited test] WARN  ozone.BasicRootedOzoneFileSystem (BasicRootedOzoneFileSystem.java:deleteBucket(746)) - delete: Path does not exist: /volume81705/bucket32349
]]></system-out>
  </testcase>
  <testcase name="testKeyRenameToBucketLevel" classname="TestRootedOzoneFileSystemWithFSO" time="0.045">
    <system-out><![CDATA[2023-09-29 09:15:06,031 [Time-limited test] INFO  rpc.RpcClient (RpcClient.java:createVolume(462)) - Creating Volume: volume31004, with user55766 as owner and space quota set to -1 bytes, counts quota set to -1
2023-09-29 09:15:06,032 [IPC Server handler 13 on default port 15057] INFO  volume.OMVolumeCreateRequest (OMVolumeCreateRequest.java:validateAndUpdateCache(196)) - created volume:volume31004 for user:user55766
2023-09-29 09:15:06,033 [Time-limited test] INFO  rpc.RpcClient (RpcClient.java:createBucket(689)) - Creating Bucket: volume31004/bucket59580, with bucket layout FILE_SYSTEM_OPTIMIZED, runner as owner, Versioning false, Storage Type set to DISK and Encryption set to false, Replication Type set to server-side default replication type, Namespace Quota set to -1, Space Quota set to -1 
2023-09-29 09:15:06,034 [IPC Server handler 11 on default port 15057] INFO  bucket.OMBucketCreateRequest (OMBucketCreateRequest.java:validateAndUpdateCache(270)) - created bucket: bucket59580 of layout FILE_SYSTEM_OPTIMIZED in volume: volume31004
2023-09-29 09:15:06,037 [Time-limited test] INFO  ozone.TestRootedOzoneFileSystemWithFSO (TestRootedOzoneFileSystemWithFSO.java:testKeyRenameToBucketLevel(152)) - Will move /volume31004/bucket59580/dir1/key1 to /volume31004/bucket59580
09:15:06.054 [IPC Server handler 3 on default port 15057] ERROR OMAudit - user=runner | ip=127.0.0.1 | op=READ_BUCKET {volume=volume31004, bucket=bucket59580} | ret=FAILURE
org.apache.hadoop.ozone.om.exceptions.OMException: Bucket not found
	at org.apache.hadoop.ozone.om.BucketManagerImpl.getBucketInfo(BucketManagerImpl.java:85) ~[ozone-manager-1.4.0-SNAPSHOT.jar:?]
	at org.apache.hadoop.ozone.om.OzoneManager.getBucketInfo(OzoneManager.java:2798) ~[ozone-manager-1.4.0-SNAPSHOT.jar:?]
	at org.apache.hadoop.ozone.protocolPB.OzoneManagerRequestHandler.infoBucket(OzoneManagerRequestHandler.java:554) ~[ozone-manager-1.4.0-SNAPSHOT.jar:?]
	at org.apache.hadoop.ozone.protocolPB.OzoneManagerRequestHandler.handleReadRequest(OzoneManagerRequestHandler.java:204) ~[ozone-manager-1.4.0-SNAPSHOT.jar:?]
	at org.apache.hadoop.ozone.protocolPB.OzoneManagerProtocolServerSideTranslatorPB.submitRequestDirectlyToOM(OzoneManagerProtocolServerSideTranslatorPB.java:274) ~[ozone-manager-1.4.0-SNAPSHOT.jar:?]
	at org.apache.hadoop.ozone.protocolPB.OzoneManagerProtocolServerSideTranslatorPB.processRequest(OzoneManagerProtocolServerSideTranslatorPB.java:175) ~[ozone-manager-1.4.0-SNAPSHOT.jar:?]
	at org.apache.hadoop.hdds.server.OzoneProtocolMessageDispatcher.processRequest(OzoneProtocolMessageDispatcher.java:87) [hdds-server-framework-1.4.0-SNAPSHOT.jar:?]
	at org.apache.hadoop.ozone.protocolPB.OzoneManagerProtocolServerSideTranslatorPB.submitRequest(OzoneManagerProtocolServerSideTranslatorPB.java:148) [ozone-manager-1.4.0-SNAPSHOT.jar:?]
	at org.apache.hadoop.ozone.protocol.proto.OzoneManagerProtocolProtos$OzoneManagerService$2.callBlockingMethod(OzoneManagerProtocolProtos.java) [ozone-interface-client-1.4.0-SNAPSHOT.jar:?]
	at org.apache.hadoop.ipc.ProtobufRpcEngine$Server.processCall(ProtobufRpcEngine.java:484) [hadoop-common-3.3.6.jar:?]
	at org.apache.hadoop.ipc.ProtobufRpcEngine2$Server$ProtoBufRpcInvoker.call(ProtobufRpcEngine2.java:595) [hadoop-common-3.3.6.jar:?]
	at org.apache.hadoop.ipc.ProtobufRpcEngine2$Server$ProtoBufRpcInvoker.call(ProtobufRpcEngine2.java:573) [hadoop-common-3.3.6.jar:?]
	at org.apache.hadoop.ipc.RPC$Server.call(RPC.java:1227) [hadoop-common-3.3.6.jar:?]
	at org.apache.hadoop.ipc.Server$RpcCall.run(Server.java:1094) [hadoop-common-3.3.6.jar:?]
	at org.apache.hadoop.ipc.Server$RpcCall.run(Server.java:1017) [hadoop-common-3.3.6.jar:?]
	at java.security.AccessController.doPrivileged(Native Method) ~[?:1.8.0_382]
	at javax.security.auth.Subject.doAs(Subject.java:422) [?:1.8.0_382]
	at org.apache.hadoop.security.UserGroupInformation.doAs(UserGroupInformation.java:1899) [hadoop-common-3.3.6.jar:?]
	at org.apache.hadoop.ipc.Server$Handler.run(Server.java:3048) [hadoop-common-3.3.6.jar:?]
09:15:06.055 [IPC Server handler 10 on default port 15057] ERROR OMAudit - user=runner | ip=127.0.0.1 | op=READ_BUCKET {volume=volume31004, bucket=bucket59580} | ret=FAILURE
org.apache.hadoop.ozone.om.exceptions.OMException: Bucket not found
	at org.apache.hadoop.ozone.om.BucketManagerImpl.getBucketInfo(BucketManagerImpl.java:85) ~[ozone-manager-1.4.0-SNAPSHOT.jar:?]
	at org.apache.hadoop.ozone.om.OzoneManager.getBucketInfo(OzoneManager.java:2798) ~[ozone-manager-1.4.0-SNAPSHOT.jar:?]
	at org.apache.hadoop.ozone.protocolPB.OzoneManagerRequestHandler.infoBucket(OzoneManagerRequestHandler.java:554) ~[ozone-manager-1.4.0-SNAPSHOT.jar:?]
	at org.apache.hadoop.ozone.protocolPB.OzoneManagerRequestHandler.handleReadRequest(OzoneManagerRequestHandler.java:204) ~[ozone-manager-1.4.0-SNAPSHOT.jar:?]
	at org.apache.hadoop.ozone.protocolPB.OzoneManagerProtocolServerSideTranslatorPB.submitRequestDirectlyToOM(OzoneManagerProtocolServerSideTranslatorPB.java:274) ~[ozone-manager-1.4.0-SNAPSHOT.jar:?]
	at org.apache.hadoop.ozone.protocolPB.OzoneManagerProtocolServerSideTranslatorPB.processRequest(OzoneManagerProtocolServerSideTranslatorPB.java:175) ~[ozone-manager-1.4.0-SNAPSHOT.jar:?]
	at org.apache.hadoop.hdds.server.OzoneProtocolMessageDispatcher.processRequest(OzoneProtocolMessageDispatcher.java:87) [hdds-server-framework-1.4.0-SNAPSHOT.jar:?]
	at org.apache.hadoop.ozone.protocolPB.OzoneManagerProtocolServerSideTranslatorPB.submitRequest(OzoneManagerProtocolServerSideTranslatorPB.java:148) [ozone-manager-1.4.0-SNAPSHOT.jar:?]
	at org.apache.hadoop.ozone.protocol.proto.OzoneManagerProtocolProtos$OzoneManagerService$2.callBlockingMethod(OzoneManagerProtocolProtos.java) [ozone-interface-client-1.4.0-SNAPSHOT.jar:?]
	at org.apache.hadoop.ipc.ProtobufRpcEngine$Server.processCall(ProtobufRpcEngine.java:484) [hadoop-common-3.3.6.jar:?]
	at org.apache.hadoop.ipc.ProtobufRpcEngine2$Server$ProtoBufRpcInvoker.call(ProtobufRpcEngine2.java:595) [hadoop-common-3.3.6.jar:?]
	at org.apache.hadoop.ipc.ProtobufRpcEngine2$Server$ProtoBufRpcInvoker.call(ProtobufRpcEngine2.java:573) [hadoop-common-3.3.6.jar:?]
	at org.apache.hadoop.ipc.RPC$Server.call(RPC.java:1227) [hadoop-common-3.3.6.jar:?]
	at org.apache.hadoop.ipc.Server$RpcCall.run(Server.java:1094) [hadoop-common-3.3.6.jar:?]
	at org.apache.hadoop.ipc.Server$RpcCall.run(Server.java:1017) [hadoop-common-3.3.6.jar:?]
	at java.security.AccessController.doPrivileged(Native Method) ~[?:1.8.0_382]
	at javax.security.auth.Subject.doAs(Subject.java:422) [?:1.8.0_382]
	at org.apache.hadoop.security.UserGroupInformation.doAs(UserGroupInformation.java:1899) [hadoop-common-3.3.6.jar:?]
	at org.apache.hadoop.ipc.Server$Handler.run(Server.java:3048) [hadoop-common-3.3.6.jar:?]
2023-09-29 09:15:06,056 [Time-limited test] ERROR ozone.BasicRootedOzoneFileSystem (BasicRootedOzoneFileSystem.java:isLinkBucket(780)) - Exception while getting bucket link information, considered it as false
BUCKET_NOT_FOUND org.apache.hadoop.ozone.om.exceptions.OMException: Bucket not found
	at org.apache.hadoop.ozone.om.protocolPB.OzoneManagerProtocolClientSideTranslatorPB.handleError(OzoneManagerProtocolClientSideTranslatorPB.java:733)
	at org.apache.hadoop.ozone.om.protocolPB.OzoneManagerProtocolClientSideTranslatorPB.getBucketInfo(OzoneManagerProtocolClientSideTranslatorPB.java:582)
	at org.apache.hadoop.ozone.client.rpc.RpcClient.getBucketDetails(RpcClient.java:1244)
	at org.apache.hadoop.fs.ozone.BasicRootedOzoneClientAdapterImpl.getBucket(BasicRootedOzoneClientAdapterImpl.java:274)
	at org.apache.hadoop.fs.ozone.BasicRootedOzoneClientAdapterImpl.getBucket(BasicRootedOzoneClientAdapterImpl.java:248)
	at org.apache.hadoop.fs.ozone.BasicRootedOzoneFileSystem.isLinkBucket(BasicRootedOzoneFileSystem.java:775)
	at org.apache.hadoop.fs.ozone.BasicRootedOzoneFileSystem.deleteBucket(BasicRootedOzoneFileSystem.java:742)
	at org.apache.hadoop.fs.ozone.BasicRootedOzoneFileSystem.delete(BasicRootedOzoneFileSystem.java:696)
	at org.apache.hadoop.fs.ozone.TestRootedOzoneFileSystem.cleanup(TestRootedOzoneFileSystem.java:201)
	at sun.reflect.GeneratedMethodAccessor65.invoke(Unknown Source)
	at sun.reflect.DelegatingMethodAccessorImpl.invoke(DelegatingMethodAccessorImpl.java:43)
	at java.lang.reflect.Method.invoke(Method.java:498)
	at org.junit.runners.model.FrameworkMethod$1.runReflectiveCall(FrameworkMethod.java:59)
	at org.junit.internal.runners.model.ReflectiveCallable.run(ReflectiveCallable.java:12)
	at org.junit.runners.model.FrameworkMethod.invokeExplosively(FrameworkMethod.java:56)
	at org.junit.internal.runners.statements.RunAfters.invokeMethod(RunAfters.java:46)
	at org.junit.internal.runners.statements.RunAfters.evaluate(RunAfters.java:33)
	at org.junit.internal.runners.statements.FailOnTimeout$CallableStatement.call(FailOnTimeout.java:288)
	at org.junit.internal.runners.statements.FailOnTimeout$CallableStatement.call(FailOnTimeout.java:282)
	at java.util.concurrent.FutureTask.run(FutureTask.java:266)
	at java.lang.Thread.run(Thread.java:750)
2023-09-29 09:15:06,057 [Time-limited test] WARN  ozone.BasicRootedOzoneFileSystem (BasicRootedOzoneFileSystem.java:deleteBucket(746)) - delete: Path does not exist: /volume31004/bucket59580
]]></system-out>
  </testcase>
  <testcase name="testLeaseRecoverable" classname="TestRootedOzoneFileSystemWithFSO" time="0.212">
    <system-out><![CDATA[2023-09-29 09:13:11,240 [Time-limited test] INFO  rpc.RpcClient (RpcClient.java:createVolume(462)) - Creating Volume: volume06763, with user23943 as owner and space quota set to -1 bytes, counts quota set to -1
2023-09-29 09:13:11,248 [OM StateMachine ApplyTransaction Thread - 0] INFO  volume.OMVolumeCreateRequest (OMVolumeCreateRequest.java:validateAndUpdateCache(196)) - created volume:volume06763 for user:user23943
2023-09-29 09:13:11,254 [Time-limited test] INFO  rpc.RpcClient (RpcClient.java:createBucket(689)) - Creating Bucket: volume06763/bucket64662, with bucket layout FILE_SYSTEM_OPTIMIZED, runner as owner, Versioning false, Storage Type set to DISK and Encryption set to false, Replication Type set to server-side default replication type, Namespace Quota set to -1, Space Quota set to -1 
2023-09-29 09:13:11,259 [OM StateMachine ApplyTransaction Thread - 0] INFO  bucket.OMBucketCreateRequest (OMBucketCreateRequest.java:validateAndUpdateCache(270)) - created bucket: bucket64662 of layout FILE_SYSTEM_OPTIMIZED in volume: volume06763
09:13:11.287 [IPC Server handler 2 on default port 15004] ERROR OMAudit - user=runner | ip=127.0.0.1 | op=GET_FILE_STATUS {volume=volume06763, bucket=bucket64662, key=dir1/key1, dataSize=0, replicationConfig=null} | ret=FAILURE
org.apache.hadoop.ozone.om.exceptions.OMException: Unable to get file status: volume: volume06763 bucket: bucket64662 key: dir1/key1
	at org.apache.hadoop.ozone.om.KeyManagerImpl.getOzoneFileStatusFSO(KeyManagerImpl.java:1330) ~[ozone-manager-1.4.0-SNAPSHOT.jar:?]
	at org.apache.hadoop.ozone.om.KeyManagerImpl.getFileStatus(KeyManagerImpl.java:1114) ~[ozone-manager-1.4.0-SNAPSHOT.jar:?]
	at org.apache.hadoop.ozone.om.OmMetadataReader.getFileStatus(OmMetadataReader.java:266) ~[ozone-manager-1.4.0-SNAPSHOT.jar:?]
	at org.apache.hadoop.ozone.om.OzoneManager.getFileStatus(OzoneManager.java:3552) ~[ozone-manager-1.4.0-SNAPSHOT.jar:?]
	at org.apache.hadoop.ozone.protocolPB.OzoneManagerRequestHandler.getOzoneFileStatus(OzoneManagerRequestHandler.java:998) ~[ozone-manager-1.4.0-SNAPSHOT.jar:?]
	at org.apache.hadoop.ozone.protocolPB.OzoneManagerRequestHandler.handleReadRequest(OzoneManagerRequestHandler.java:259) ~[ozone-manager-1.4.0-SNAPSHOT.jar:?]
	at org.apache.hadoop.ozone.protocolPB.OzoneManagerProtocolServerSideTranslatorPB.submitReadRequestToOM(OzoneManagerProtocolServerSideTranslatorPB.java:225) ~[ozone-manager-1.4.0-SNAPSHOT.jar:?]
	at org.apache.hadoop.ozone.protocolPB.OzoneManagerProtocolServerSideTranslatorPB.processRequest(OzoneManagerProtocolServerSideTranslatorPB.java:179) ~[ozone-manager-1.4.0-SNAPSHOT.jar:?]
	at org.apache.hadoop.hdds.server.OzoneProtocolMessageDispatcher.processRequest(OzoneProtocolMessageDispatcher.java:87) [hdds-server-framework-1.4.0-SNAPSHOT.jar:?]
	at org.apache.hadoop.ozone.protocolPB.OzoneManagerProtocolServerSideTranslatorPB.submitRequest(OzoneManagerProtocolServerSideTranslatorPB.java:148) [ozone-manager-1.4.0-SNAPSHOT.jar:?]
	at org.apache.hadoop.ozone.protocol.proto.OzoneManagerProtocolProtos$OzoneManagerService$2.callBlockingMethod(OzoneManagerProtocolProtos.java) [ozone-interface-client-1.4.0-SNAPSHOT.jar:?]
	at org.apache.hadoop.ipc.ProtobufRpcEngine$Server.processCall(ProtobufRpcEngine.java:484) [hadoop-common-3.3.6.jar:?]
	at org.apache.hadoop.ipc.ProtobufRpcEngine2$Server$ProtoBufRpcInvoker.call(ProtobufRpcEngine2.java:595) [hadoop-common-3.3.6.jar:?]
	at org.apache.hadoop.ipc.ProtobufRpcEngine2$Server$ProtoBufRpcInvoker.call(ProtobufRpcEngine2.java:573) [hadoop-common-3.3.6.jar:?]
	at org.apache.hadoop.ipc.RPC$Server.call(RPC.java:1227) [hadoop-common-3.3.6.jar:?]
	at org.apache.hadoop.ipc.Server$RpcCall.run(Server.java:1094) [hadoop-common-3.3.6.jar:?]
	at org.apache.hadoop.ipc.Server$RpcCall.run(Server.java:1017) [hadoop-common-3.3.6.jar:?]
	at java.security.AccessController.doPrivileged(Native Method) ~[?:1.8.0_382]
	at javax.security.auth.Subject.doAs(Subject.java:422) [?:1.8.0_382]
	at org.apache.hadoop.security.UserGroupInformation.doAs(UserGroupInformation.java:1899) [hadoop-common-3.3.6.jar:?]
	at org.apache.hadoop.ipc.Server$Handler.run(Server.java:3048) [hadoop-common-3.3.6.jar:?]
]]></system-out>
  </testcase>
  <testcase name="testLeaseRecoverable" classname="TestRootedOzoneFileSystemWithFSO" time="0.113">
    <system-out><![CDATA[2023-09-29 09:15:06,080 [Time-limited test] INFO  rpc.RpcClient (RpcClient.java:createVolume(462)) - Creating Volume: volume02953, with user66405 as owner and space quota set to -1 bytes, counts quota set to -1
2023-09-29 09:15:06,082 [IPC Server handler 17 on default port 15057] INFO  volume.OMVolumeCreateRequest (OMVolumeCreateRequest.java:validateAndUpdateCache(196)) - created volume:volume02953 for user:user66405
2023-09-29 09:15:06,086 [Time-limited test] INFO  rpc.RpcClient (RpcClient.java:createBucket(689)) - Creating Bucket: volume02953/bucket05991, with bucket layout FILE_SYSTEM_OPTIMIZED, runner as owner, Versioning false, Storage Type set to DISK and Encryption set to false, Replication Type set to server-side default replication type, Namespace Quota set to -1, Space Quota set to -1 
2023-09-29 09:15:06,087 [IPC Server handler 18 on default port 15057] INFO  bucket.OMBucketCreateRequest (OMBucketCreateRequest.java:validateAndUpdateCache(270)) - created bucket: bucket05991 of layout FILE_SYSTEM_OPTIMIZED in volume: volume02953
09:15:06.093 [IPC Server handler 0 on default port 15057] ERROR OMAudit - user=runner | ip=127.0.0.1 | op=GET_FILE_STATUS {volume=volume02953, bucket=bucket05991, key=dir1/key1, dataSize=0, replicationConfig=null} | ret=FAILURE
org.apache.hadoop.ozone.om.exceptions.OMException: Unable to get file status: volume: volume02953 bucket: bucket05991 key: dir1/key1
	at org.apache.hadoop.ozone.om.KeyManagerImpl.getOzoneFileStatusFSO(KeyManagerImpl.java:1330) ~[ozone-manager-1.4.0-SNAPSHOT.jar:?]
	at org.apache.hadoop.ozone.om.KeyManagerImpl.getFileStatus(KeyManagerImpl.java:1114) ~[ozone-manager-1.4.0-SNAPSHOT.jar:?]
	at org.apache.hadoop.ozone.om.OmMetadataReader.getFileStatus(OmMetadataReader.java:266) ~[ozone-manager-1.4.0-SNAPSHOT.jar:?]
	at org.apache.hadoop.ozone.om.OzoneManager.getFileStatus(OzoneManager.java:3552) ~[ozone-manager-1.4.0-SNAPSHOT.jar:?]
	at org.apache.hadoop.ozone.protocolPB.OzoneManagerRequestHandler.getOzoneFileStatus(OzoneManagerRequestHandler.java:998) ~[ozone-manager-1.4.0-SNAPSHOT.jar:?]
	at org.apache.hadoop.ozone.protocolPB.OzoneManagerRequestHandler.handleReadRequest(OzoneManagerRequestHandler.java:259) ~[ozone-manager-1.4.0-SNAPSHOT.jar:?]
	at org.apache.hadoop.ozone.protocolPB.OzoneManagerProtocolServerSideTranslatorPB.submitRequestDirectlyToOM(OzoneManagerProtocolServerSideTranslatorPB.java:274) ~[ozone-manager-1.4.0-SNAPSHOT.jar:?]
	at org.apache.hadoop.ozone.protocolPB.OzoneManagerProtocolServerSideTranslatorPB.processRequest(OzoneManagerProtocolServerSideTranslatorPB.java:175) ~[ozone-manager-1.4.0-SNAPSHOT.jar:?]
	at org.apache.hadoop.hdds.server.OzoneProtocolMessageDispatcher.processRequest(OzoneProtocolMessageDispatcher.java:87) [hdds-server-framework-1.4.0-SNAPSHOT.jar:?]
	at org.apache.hadoop.ozone.protocolPB.OzoneManagerProtocolServerSideTranslatorPB.submitRequest(OzoneManagerProtocolServerSideTranslatorPB.java:148) [ozone-manager-1.4.0-SNAPSHOT.jar:?]
	at org.apache.hadoop.ozone.protocol.proto.OzoneManagerProtocolProtos$OzoneManagerService$2.callBlockingMethod(OzoneManagerProtocolProtos.java) [ozone-interface-client-1.4.0-SNAPSHOT.jar:?]
	at org.apache.hadoop.ipc.ProtobufRpcEngine$Server.processCall(ProtobufRpcEngine.java:484) [hadoop-common-3.3.6.jar:?]
	at org.apache.hadoop.ipc.ProtobufRpcEngine2$Server$ProtoBufRpcInvoker.call(ProtobufRpcEngine2.java:595) [hadoop-common-3.3.6.jar:?]
	at org.apache.hadoop.ipc.ProtobufRpcEngine2$Server$ProtoBufRpcInvoker.call(ProtobufRpcEngine2.java:573) [hadoop-common-3.3.6.jar:?]
	at org.apache.hadoop.ipc.RPC$Server.call(RPC.java:1227) [hadoop-common-3.3.6.jar:?]
	at org.apache.hadoop.ipc.Server$RpcCall.run(Server.java:1094) [hadoop-common-3.3.6.jar:?]
	at org.apache.hadoop.ipc.Server$RpcCall.run(Server.java:1017) [hadoop-common-3.3.6.jar:?]
	at java.security.AccessController.doPrivileged(Native Method) ~[?:1.8.0_382]
	at javax.security.auth.Subject.doAs(Subject.java:422) [?:1.8.0_382]
	at org.apache.hadoop.security.UserGroupInformation.doAs(UserGroupInformation.java:1899) [hadoop-common-3.3.6.jar:?]
	at org.apache.hadoop.ipc.Server$Handler.run(Server.java:3048) [hadoop-common-3.3.6.jar:?]
2023-09-29 09:15:06,144 [c0cdbf58-0bce-4385-b76e-2e20c526d69e@group-33C5C56A9A97-FollowerState] INFO  impl.FollowerState (FollowerState.java:run(143)) - c0cdbf58-0bce-4385-b76e-2e20c526d69e@group-33C5C56A9A97-FollowerState: change to CANDIDATE, lastRpcElapsedTime:5189449333ns, electionTimeout:5187ms
2023-09-29 09:15:06,144 [c0cdbf58-0bce-4385-b76e-2e20c526d69e@group-33C5C56A9A97-FollowerState] INFO  impl.RoleInfo (RoleInfo.java:shutdownFollowerState(110)) - c0cdbf58-0bce-4385-b76e-2e20c526d69e: shutdown c0cdbf58-0bce-4385-b76e-2e20c526d69e@group-33C5C56A9A97-FollowerState
2023-09-29 09:15:06,144 [c0cdbf58-0bce-4385-b76e-2e20c526d69e@group-33C5C56A9A97-FollowerState] INFO  server.RaftServer$Division (RaftServerImpl.java:setRole(329)) - c0cdbf58-0bce-4385-b76e-2e20c526d69e@group-33C5C56A9A97: changes role from  FOLLOWER to CANDIDATE at term 0 for changeToCandidate
2023-09-29 09:15:06,144 [c0cdbf58-0bce-4385-b76e-2e20c526d69e@group-33C5C56A9A97-FollowerState] INFO  server.RaftServerConfigKeys (ConfUtils.java:logGet(46)) - raft.server.leaderelection.pre-vote = true (default)
2023-09-29 09:15:06,144 [c0cdbf58-0bce-4385-b76e-2e20c526d69e@group-33C5C56A9A97-FollowerState] INFO  impl.RoleInfo (RoleInfo.java:updateAndGet(139)) - c0cdbf58-0bce-4385-b76e-2e20c526d69e: start c0cdbf58-0bce-4385-b76e-2e20c526d69e@group-33C5C56A9A97-LeaderElection17
2023-09-29 09:15:06,152 [c0cdbf58-0bce-4385-b76e-2e20c526d69e@group-33C5C56A9A97-LeaderElection17] INFO  impl.LeaderElection (LeaderElection.java:askForVotes(321)) - c0cdbf58-0bce-4385-b76e-2e20c526d69e@group-33C5C56A9A97-LeaderElection17 PRE_VOTE round 0: submit vote requests at term 0 for -1: peers:[c0cdbf58-0bce-4385-b76e-2e20c526d69e|rpc:10.1.0.30:15094|admin:10.1.0.30:15093|client:10.1.0.30:15092|dataStream:10.1.0.30:15095|priority:1|startupRole:FOLLOWER]|listeners:[], old=null
2023-09-29 09:15:06,152 [c0cdbf58-0bce-4385-b76e-2e20c526d69e@group-33C5C56A9A97-LeaderElection17] INFO  impl.LeaderElection (LeaderElection.java:askForVotes(323)) - c0cdbf58-0bce-4385-b76e-2e20c526d69e@group-33C5C56A9A97-LeaderElection17 PRE_VOTE round 0: result PASSED (term=0)
2023-09-29 09:15:06,155 [c0cdbf58-0bce-4385-b76e-2e20c526d69e@group-33C5C56A9A97-LeaderElection17] INFO  impl.LeaderElection (LeaderElection.java:askForVotes(321)) - c0cdbf58-0bce-4385-b76e-2e20c526d69e@group-33C5C56A9A97-LeaderElection17 ELECTION round 0: submit vote requests at term 1 for -1: peers:[c0cdbf58-0bce-4385-b76e-2e20c526d69e|rpc:10.1.0.30:15094|admin:10.1.0.30:15093|client:10.1.0.30:15092|dataStream:10.1.0.30:15095|priority:1|startupRole:FOLLOWER]|listeners:[], old=null
2023-09-29 09:15:06,155 [c0cdbf58-0bce-4385-b76e-2e20c526d69e@group-33C5C56A9A97-LeaderElection17] INFO  impl.LeaderElection (LeaderElection.java:askForVotes(323)) - c0cdbf58-0bce-4385-b76e-2e20c526d69e@group-33C5C56A9A97-LeaderElection17 ELECTION round 0: result PASSED (term=1)
2023-09-29 09:15:06,155 [c0cdbf58-0bce-4385-b76e-2e20c526d69e@group-33C5C56A9A97-LeaderElection17] INFO  impl.RoleInfo (RoleInfo.java:shutdownLeaderElection(130)) - c0cdbf58-0bce-4385-b76e-2e20c526d69e: shutdown c0cdbf58-0bce-4385-b76e-2e20c526d69e@group-33C5C56A9A97-LeaderElection17
2023-09-29 09:15:06,155 [c0cdbf58-0bce-4385-b76e-2e20c526d69e@group-33C5C56A9A97-LeaderElection17] INFO  server.RaftServer$Division (RaftServerImpl.java:setRole(329)) - c0cdbf58-0bce-4385-b76e-2e20c526d69e@group-33C5C56A9A97: changes role from CANDIDATE to LEADER at term 1 for changeToLeader
2023-09-29 09:15:06,155 [c0cdbf58-0bce-4385-b76e-2e20c526d69e@group-33C5C56A9A97-LeaderElection17] INFO  ratis.XceiverServerRatis (XceiverServerRatis.java:handleLeaderChangedNotification(902)) - Leader change notification received for group: group-33C5C56A9A97 with new leaderId: c0cdbf58-0bce-4385-b76e-2e20c526d69e
2023-09-29 09:15:06,155 [c0cdbf58-0bce-4385-b76e-2e20c526d69e@group-33C5C56A9A97-LeaderElection17] INFO  server.RaftServer$Division (ServerState.java:setLeader(317)) - c0cdbf58-0bce-4385-b76e-2e20c526d69e@group-33C5C56A9A97: change Leader from null to c0cdbf58-0bce-4385-b76e-2e20c526d69e at term 1 for becomeLeader, leader elected after 5219ms
2023-09-29 09:15:06,155 [c0cdbf58-0bce-4385-b76e-2e20c526d69e@group-33C5C56A9A97-LeaderElection17] INFO  server.RaftServerConfigKeys (ConfUtils.java:logGet(46)) - raft.server.staging.catchup.gap = 1000 (default)
2023-09-29 09:15:06,157 [c0cdbf58-0bce-4385-b76e-2e20c526d69e@group-33C5C56A9A97-LeaderElection17] INFO  server.RaftServerConfigKeys (ConfUtils.java:logGet(46)) - raft.server.write.element-limit = 1024 (custom)
2023-09-29 09:15:06,157 [c0cdbf58-0bce-4385-b76e-2e20c526d69e@group-33C5C56A9A97-LeaderElection17] INFO  server.RaftServerConfigKeys (ConfUtils.java:logGet(46)) - raft.server.write.byte-limit = 1024 M (=1073741824) (custom)
2023-09-29 09:15:06,158 [c0cdbf58-0bce-4385-b76e-2e20c526d69e@group-33C5C56A9A97-LeaderElection17] INFO  server.RaftServerConfigKeys (ConfUtils.java:logGet(46)) - raft.server.watch.timeout = 180s (custom)
2023-09-29 09:15:06,158 [c0cdbf58-0bce-4385-b76e-2e20c526d69e@group-33C5C56A9A97-LeaderElection17] INFO  server.RaftServerConfigKeys (ConfUtils.java:logGet(46)) - raft.server.watch.timeout.denomination = 1s (default)
2023-09-29 09:15:06,158 [c0cdbf58-0bce-4385-b76e-2e20c526d69e@group-33C5C56A9A97-LeaderElection17] INFO  server.RaftServerConfigKeys (ConfUtils.java:logGet(46)) - raft.server.watch.element-limit = 65536 (default)
2023-09-29 09:15:06,158 [c0cdbf58-0bce-4385-b76e-2e20c526d69e@group-33C5C56A9A97-LeaderElection17] INFO  server.RaftServerConfigKeys (ConfUtils.java:logGet(46)) - raft.server.write.element-limit = 1024 (custom)
2023-09-29 09:15:06,158 [c0cdbf58-0bce-4385-b76e-2e20c526d69e@group-33C5C56A9A97-LeaderElection17] INFO  server.RaftServerConfigKeys (ConfUtils.java:logGet(46)) - raft.server.write.follower.gap.ratio.max = -1.0 (default)
2023-09-29 09:15:06,158 [c0cdbf58-0bce-4385-b76e-2e20c526d69e@group-33C5C56A9A97-LeaderElection17] INFO  impl.RoleInfo (RoleInfo.java:updateAndGet(139)) - c0cdbf58-0bce-4385-b76e-2e20c526d69e: start c0cdbf58-0bce-4385-b76e-2e20c526d69e@group-33C5C56A9A97-LeaderStateImpl
2023-09-29 09:15:06,158 [c0cdbf58-0bce-4385-b76e-2e20c526d69e@group-33C5C56A9A97-LeaderElection17] INFO  segmented.SegmentedRaftLogWorker (SegmentedRaftLogWorker.java:startLogSegment(447)) - c0cdbf58-0bce-4385-b76e-2e20c526d69e@group-33C5C56A9A97-SegmentedRaftLogWorker: Starting segment from index:0
2023-09-29 09:15:06,159 [c0cdbf58-0bce-4385-b76e-2e20c526d69e@group-33C5C56A9A97-LeaderElection17] INFO  server.RaftServer$Division (ServerState.java:setRaftConf(434)) - c0cdbf58-0bce-4385-b76e-2e20c526d69e@group-33C5C56A9A97: set configuration 0: peers:[c0cdbf58-0bce-4385-b76e-2e20c526d69e|rpc:10.1.0.30:15094|admin:10.1.0.30:15093|client:10.1.0.30:15092|dataStream:10.1.0.30:15095|priority:1|startupRole:FOLLOWER]|listeners:[], old=null
2023-09-29 09:15:06,161 [c0cdbf58-0bce-4385-b76e-2e20c526d69e@group-33C5C56A9A97-SegmentedRaftLogWorker] INFO  segmented.SegmentedRaftLogWorker (SegmentedRaftLogWorker.java:execute(651)) - c0cdbf58-0bce-4385-b76e-2e20c526d69e@group-33C5C56A9A97-SegmentedRaftLogWorker: created new log segment /home/runner/work/ozone/ozone/hadoop-ozone/integration-test/target/test-dir/MiniOzoneClusterImpl-23fe215d-70cc-4cc8-8e82-38d5ce4d8890/datanode-3/data/ratis/812d4560-ae5d-4992-b858-33c5c56a9a97/current/log_inprogress_0
]]></system-out>
  </testcase>
  <testcase name="testOzoneFsServiceLoader" classname="TestRootedOzoneFileSystemWithFSO" time="0">
    <skipped message="HDDS-2939"/>
  </testcase>
  <testcase name="testOzoneFsServiceLoader" classname="TestRootedOzoneFileSystemWithFSO" time="0">
    <skipped message="HDDS-2939"/>
  </testcase>
  <testcase name="testRenameDestinationParentDoesntExist" classname="TestRootedOzoneFileSystemWithFSO" time="0.151">
    <system-out><![CDATA[2023-09-29 09:13:11,456 [Time-limited test] INFO  rpc.RpcClient (RpcClient.java:createVolume(462)) - Creating Volume: volume15337, with user26082 as owner and space quota set to -1 bytes, counts quota set to -1
2023-09-29 09:13:11,464 [OM StateMachine ApplyTransaction Thread - 0] INFO  volume.OMVolumeCreateRequest (OMVolumeCreateRequest.java:validateAndUpdateCache(196)) - created volume:volume15337 for user:user26082
2023-09-29 09:13:11,467 [Time-limited test] INFO  rpc.RpcClient (RpcClient.java:createBucket(689)) - Creating Bucket: volume15337/bucket56833, with bucket layout FILE_SYSTEM_OPTIMIZED, runner as owner, Versioning false, Storage Type set to DISK and Encryption set to false, Replication Type set to server-side default replication type, Namespace Quota set to -1, Space Quota set to -1 
2023-09-29 09:13:11,471 [OM StateMachine ApplyTransaction Thread - 0] INFO  bucket.OMBucketCreateRequest (OMBucketCreateRequest.java:validateAndUpdateCache(270)) - created bucket: bucket56833 of layout FILE_SYSTEM_OPTIMIZED in volume: volume15337
09:13:11.498 [OM StateMachine ApplyTransaction Thread - 0] ERROR OMAudit - user=runner | ip=127.0.0.1 | op=RENAME_KEY {volume=volume15337, bucket=bucket56833, dataSize=0, replicationType=NONE, replicationFactor=ZERO, srcKey=root_dir/dir1/dir2, dstKey=root_dir/b/c} | ret=FAILURE
org.apache.hadoop.ozone.om.exceptions.OMException: Failed to get parent dir root_dir/b/c, root_dir/b doesn't exist
	at org.apache.hadoop.ozone.om.request.file.OMFileRequest.getKeyParentDir(OMFileRequest.java:822) ~[ozone-manager-1.4.0-SNAPSHOT.jar:?]
	at org.apache.hadoop.ozone.om.request.key.OMKeyRenameRequestWithFSO.validateAndUpdateCache(OMKeyRenameRequestWithFSO.java:216) ~[ozone-manager-1.4.0-SNAPSHOT.jar:?]
	at org.apache.hadoop.ozone.protocolPB.OzoneManagerRequestHandler.handleWriteRequest(OzoneManagerRequestHandler.java:382) ~[ozone-manager-1.4.0-SNAPSHOT.jar:?]
	at org.apache.hadoop.ozone.om.ratis.OzoneManagerStateMachine.runCommand(OzoneManagerStateMachine.java:568) ~[ozone-manager-1.4.0-SNAPSHOT.jar:?]
	at org.apache.hadoop.ozone.om.ratis.OzoneManagerStateMachine.lambda$1(OzoneManagerStateMachine.java:359) ~[ozone-manager-1.4.0-SNAPSHOT.jar:?]
	at java.util.concurrent.CompletableFuture$AsyncSupply.run(CompletableFuture.java:1604) [?:1.8.0_382]
	at java.util.concurrent.ThreadPoolExecutor.runWorker(ThreadPoolExecutor.java:1149) [?:1.8.0_382]
	at java.util.concurrent.ThreadPoolExecutor$Worker.run(ThreadPoolExecutor.java:624) [?:1.8.0_382]
	at java.lang.Thread.run(Thread.java:750) [?:1.8.0_382]
2023-09-29 09:13:11,499 [OM StateMachine ApplyTransaction Thread - 0] ERROR key.OMKeyRenameRequestWithFSO (OMKeyRenameRequestWithFSO.java:validateAndUpdateCache(250)) - Rename key failed for volume:volume15337 bucket:bucket56833 fromKey:root_dir/dir1/dir2 toKey:root_dir/b/c. Exception: Failed to get parent dir root_dir/b/c, root_dir/b doesn't exist.
2023-09-29 09:13:11,500 [Time-limited test] ERROR ozone.BasicRootedOzoneFileSystem (BasicRootedOzoneFileSystem.java:renameFSO(486)) - rename key failed: Failed to get parent dir root_dir/b/c, root_dir/b doesn't exist. source:volume15337/bucket56833/root_dir/dir1/dir2, destin:volume15337/bucket56833/root_dir/b/c
09:13:11.543 [OM StateMachine ApplyTransaction Thread - 0] ERROR OMAudit - user=runner | ip=127.0.0.1 | op=RENAME_KEY {volume=volume15337, bucket=bucket56833, dataSize=0, replicationType=NONE, replicationFactor=ZERO, srcKey=root_dir/dir1/dir2, dstKey=root_dir/file1/c} | ret=FAILURE
org.apache.hadoop.ozone.om.exceptions.OMException: Failed to get parent dir root_dir/file1/c, root_dir/file1 is a file
	at org.apache.hadoop.ozone.om.request.file.OMFileRequest.getKeyParentDir(OMFileRequest.java:827) ~[ozone-manager-1.4.0-SNAPSHOT.jar:?]
	at org.apache.hadoop.ozone.om.request.key.OMKeyRenameRequestWithFSO.validateAndUpdateCache(OMKeyRenameRequestWithFSO.java:216) ~[ozone-manager-1.4.0-SNAPSHOT.jar:?]
	at org.apache.hadoop.ozone.protocolPB.OzoneManagerRequestHandler.handleWriteRequest(OzoneManagerRequestHandler.java:382) ~[ozone-manager-1.4.0-SNAPSHOT.jar:?]
	at org.apache.hadoop.ozone.om.ratis.OzoneManagerStateMachine.runCommand(OzoneManagerStateMachine.java:568) ~[ozone-manager-1.4.0-SNAPSHOT.jar:?]
	at org.apache.hadoop.ozone.om.ratis.OzoneManagerStateMachine.lambda$1(OzoneManagerStateMachine.java:359) ~[ozone-manager-1.4.0-SNAPSHOT.jar:?]
	at java.util.concurrent.CompletableFuture$AsyncSupply.run(CompletableFuture.java:1604) [?:1.8.0_382]
	at java.util.concurrent.ThreadPoolExecutor.runWorker(ThreadPoolExecutor.java:1149) [?:1.8.0_382]
	at java.util.concurrent.ThreadPoolExecutor$Worker.run(ThreadPoolExecutor.java:624) [?:1.8.0_382]
	at java.lang.Thread.run(Thread.java:750) [?:1.8.0_382]
2023-09-29 09:13:11,543 [OM StateMachine ApplyTransaction Thread - 0] ERROR key.OMKeyRenameRequestWithFSO (OMKeyRenameRequestWithFSO.java:validateAndUpdateCache(250)) - Rename key failed for volume:volume15337 bucket:bucket56833 fromKey:root_dir/dir1/dir2 toKey:root_dir/file1/c. Exception: Failed to get parent dir root_dir/file1/c, root_dir/file1 is a file.
2023-09-29 09:13:11,544 [Time-limited test] ERROR ozone.BasicRootedOzoneFileSystem (BasicRootedOzoneFileSystem.java:renameFSO(486)) - rename key failed: Failed to get parent dir root_dir/file1/c, root_dir/file1 is a file. source:volume15337/bucket56833/root_dir/dir1/dir2, destin:volume15337/bucket56833/root_dir/file1/c
]]></system-out>
  </testcase>
  <testcase name="testRenameDestinationParentDoesntExist" classname="TestRootedOzoneFileSystemWithFSO" time="0.051">
    <system-out><![CDATA[2023-09-29 09:15:06,187 [Time-limited test] INFO  rpc.RpcClient (RpcClient.java:createVolume(462)) - Creating Volume: volume24740, with user11890 as owner and space quota set to -1 bytes, counts quota set to -1
2023-09-29 09:15:06,188 [IPC Server handler 13 on default port 15057] INFO  volume.OMVolumeCreateRequest (OMVolumeCreateRequest.java:validateAndUpdateCache(196)) - created volume:volume24740 for user:user11890
2023-09-29 09:15:06,190 [Time-limited test] INFO  rpc.RpcClient (RpcClient.java:createBucket(689)) - Creating Bucket: volume24740/bucket64550, with bucket layout FILE_SYSTEM_OPTIMIZED, runner as owner, Versioning false, Storage Type set to DISK and Encryption set to false, Replication Type set to server-side default replication type, Namespace Quota set to -1, Space Quota set to -1 
2023-09-29 09:15:06,190 [IPC Server handler 11 on default port 15057] INFO  bucket.OMBucketCreateRequest (OMBucketCreateRequest.java:validateAndUpdateCache(270)) - created bucket: bucket64550 of layout FILE_SYSTEM_OPTIMIZED in volume: volume24740
09:15:06.196 [IPC Server handler 15 on default port 15057] ERROR OMAudit - user=runner | ip=127.0.0.1 | op=RENAME_KEY {volume=volume24740, bucket=bucket64550, dataSize=0, replicationType=NONE, replicationFactor=ZERO, srcKey=root_dir/dir1/dir2, dstKey=root_dir/b/c} | ret=FAILURE
org.apache.hadoop.ozone.om.exceptions.OMException: Failed to get parent dir root_dir/b/c, root_dir/b doesn't exist
	at org.apache.hadoop.ozone.om.request.file.OMFileRequest.getKeyParentDir(OMFileRequest.java:822) ~[ozone-manager-1.4.0-SNAPSHOT.jar:?]
	at org.apache.hadoop.ozone.om.request.key.OMKeyRenameRequestWithFSO.validateAndUpdateCache(OMKeyRenameRequestWithFSO.java:216) ~[ozone-manager-1.4.0-SNAPSHOT.jar:?]
	at org.apache.hadoop.ozone.protocolPB.OzoneManagerRequestHandler.handleWriteRequest(OzoneManagerRequestHandler.java:382) ~[ozone-manager-1.4.0-SNAPSHOT.jar:?]
	at org.apache.hadoop.ozone.protocolPB.OzoneManagerProtocolServerSideTranslatorPB.submitRequestDirectlyToOM(OzoneManagerProtocolServerSideTranslatorPB.java:280) ~[ozone-manager-1.4.0-SNAPSHOT.jar:?]
	at org.apache.hadoop.ozone.protocolPB.OzoneManagerProtocolServerSideTranslatorPB.processRequest(OzoneManagerProtocolServerSideTranslatorPB.java:175) ~[ozone-manager-1.4.0-SNAPSHOT.jar:?]
	at org.apache.hadoop.hdds.server.OzoneProtocolMessageDispatcher.processRequest(OzoneProtocolMessageDispatcher.java:87) [hdds-server-framework-1.4.0-SNAPSHOT.jar:?]
	at org.apache.hadoop.ozone.protocolPB.OzoneManagerProtocolServerSideTranslatorPB.submitRequest(OzoneManagerProtocolServerSideTranslatorPB.java:148) [ozone-manager-1.4.0-SNAPSHOT.jar:?]
	at org.apache.hadoop.ozone.protocol.proto.OzoneManagerProtocolProtos$OzoneManagerService$2.callBlockingMethod(OzoneManagerProtocolProtos.java) [ozone-interface-client-1.4.0-SNAPSHOT.jar:?]
	at org.apache.hadoop.ipc.ProtobufRpcEngine$Server.processCall(ProtobufRpcEngine.java:484) [hadoop-common-3.3.6.jar:?]
	at org.apache.hadoop.ipc.ProtobufRpcEngine2$Server$ProtoBufRpcInvoker.call(ProtobufRpcEngine2.java:595) [hadoop-common-3.3.6.jar:?]
	at org.apache.hadoop.ipc.ProtobufRpcEngine2$Server$ProtoBufRpcInvoker.call(ProtobufRpcEngine2.java:573) [hadoop-common-3.3.6.jar:?]
	at org.apache.hadoop.ipc.RPC$Server.call(RPC.java:1227) [hadoop-common-3.3.6.jar:?]
	at org.apache.hadoop.ipc.Server$RpcCall.run(Server.java:1094) [hadoop-common-3.3.6.jar:?]
	at org.apache.hadoop.ipc.Server$RpcCall.run(Server.java:1017) [hadoop-common-3.3.6.jar:?]
	at java.security.AccessController.doPrivileged(Native Method) ~[?:1.8.0_382]
	at javax.security.auth.Subject.doAs(Subject.java:422) [?:1.8.0_382]
	at org.apache.hadoop.security.UserGroupInformation.doAs(UserGroupInformation.java:1899) [hadoop-common-3.3.6.jar:?]
	at org.apache.hadoop.ipc.Server$Handler.run(Server.java:3048) [hadoop-common-3.3.6.jar:?]
2023-09-29 09:15:06,197 [IPC Server handler 15 on default port 15057] ERROR key.OMKeyRenameRequestWithFSO (OMKeyRenameRequestWithFSO.java:validateAndUpdateCache(250)) - Rename key failed for volume:volume24740 bucket:bucket64550 fromKey:root_dir/dir1/dir2 toKey:root_dir/b/c. Exception: Failed to get parent dir root_dir/b/c, root_dir/b doesn't exist.
2023-09-29 09:15:06,198 [Time-limited test] ERROR ozone.BasicRootedOzoneFileSystem (BasicRootedOzoneFileSystem.java:renameFSO(486)) - rename key failed: Failed to get parent dir root_dir/b/c, root_dir/b doesn't exist. source:volume24740/bucket64550/root_dir/dir1/dir2, destin:volume24740/bucket64550/root_dir/b/c
09:15:06.210 [IPC Server handler 1 on default port 15057] ERROR OMAudit - user=runner | ip=127.0.0.1 | op=RENAME_KEY {volume=volume24740, bucket=bucket64550, dataSize=0, replicationType=NONE, replicationFactor=ZERO, srcKey=root_dir/dir1/dir2, dstKey=root_dir/file1/c} | ret=FAILURE
org.apache.hadoop.ozone.om.exceptions.OMException: Failed to get parent dir root_dir/file1/c, root_dir/file1 is a file
	at org.apache.hadoop.ozone.om.request.file.OMFileRequest.getKeyParentDir(OMFileRequest.java:827) ~[ozone-manager-1.4.0-SNAPSHOT.jar:?]
	at org.apache.hadoop.ozone.om.request.key.OMKeyRenameRequestWithFSO.validateAndUpdateCache(OMKeyRenameRequestWithFSO.java:216) ~[ozone-manager-1.4.0-SNAPSHOT.jar:?]
	at org.apache.hadoop.ozone.protocolPB.OzoneManagerRequestHandler.handleWriteRequest(OzoneManagerRequestHandler.java:382) ~[ozone-manager-1.4.0-SNAPSHOT.jar:?]
	at org.apache.hadoop.ozone.protocolPB.OzoneManagerProtocolServerSideTranslatorPB.submitRequestDirectlyToOM(OzoneManagerProtocolServerSideTranslatorPB.java:280) ~[ozone-manager-1.4.0-SNAPSHOT.jar:?]
	at org.apache.hadoop.ozone.protocolPB.OzoneManagerProtocolServerSideTranslatorPB.processRequest(OzoneManagerProtocolServerSideTranslatorPB.java:175) ~[ozone-manager-1.4.0-SNAPSHOT.jar:?]
	at org.apache.hadoop.hdds.server.OzoneProtocolMessageDispatcher.processRequest(OzoneProtocolMessageDispatcher.java:87) [hdds-server-framework-1.4.0-SNAPSHOT.jar:?]
	at org.apache.hadoop.ozone.protocolPB.OzoneManagerProtocolServerSideTranslatorPB.submitRequest(OzoneManagerProtocolServerSideTranslatorPB.java:148) [ozone-manager-1.4.0-SNAPSHOT.jar:?]
	at org.apache.hadoop.ozone.protocol.proto.OzoneManagerProtocolProtos$OzoneManagerService$2.callBlockingMethod(OzoneManagerProtocolProtos.java) [ozone-interface-client-1.4.0-SNAPSHOT.jar:?]
	at org.apache.hadoop.ipc.ProtobufRpcEngine$Server.processCall(ProtobufRpcEngine.java:484) [hadoop-common-3.3.6.jar:?]
	at org.apache.hadoop.ipc.ProtobufRpcEngine2$Server$ProtoBufRpcInvoker.call(ProtobufRpcEngine2.java:595) [hadoop-common-3.3.6.jar:?]
	at org.apache.hadoop.ipc.ProtobufRpcEngine2$Server$ProtoBufRpcInvoker.call(ProtobufRpcEngine2.java:573) [hadoop-common-3.3.6.jar:?]
	at org.apache.hadoop.ipc.RPC$Server.call(RPC.java:1227) [hadoop-common-3.3.6.jar:?]
	at org.apache.hadoop.ipc.Server$RpcCall.run(Server.java:1094) [hadoop-common-3.3.6.jar:?]
	at org.apache.hadoop.ipc.Server$RpcCall.run(Server.java:1017) [hadoop-common-3.3.6.jar:?]
	at java.security.AccessController.doPrivileged(Native Method) ~[?:1.8.0_382]
	at javax.security.auth.Subject.doAs(Subject.java:422) [?:1.8.0_382]
	at org.apache.hadoop.security.UserGroupInformation.doAs(UserGroupInformation.java:1899) [hadoop-common-3.3.6.jar:?]
	at org.apache.hadoop.ipc.Server$Handler.run(Server.java:3048) [hadoop-common-3.3.6.jar:?]
2023-09-29 09:15:06,211 [IPC Server handler 1 on default port 15057] ERROR key.OMKeyRenameRequestWithFSO (OMKeyRenameRequestWithFSO.java:validateAndUpdateCache(250)) - Rename key failed for volume:volume24740 bucket:bucket64550 fromKey:root_dir/dir1/dir2 toKey:root_dir/file1/c. Exception: Failed to get parent dir root_dir/file1/c, root_dir/file1 is a file.
2023-09-29 09:15:06,211 [Time-limited test] ERROR ozone.BasicRootedOzoneFileSystem (BasicRootedOzoneFileSystem.java:renameFSO(486)) - rename key failed: Failed to get parent dir root_dir/file1/c, root_dir/file1 is a file. source:volume24740/bucket64550/root_dir/dir1/dir2, destin:volume24740/bucket64550/root_dir/file1/c
]]></system-out>
  </testcase>
  <testcase name="testCreateWithInvalidPaths" classname="TestRootedOzoneFileSystemWithFSO" time="0">
    <skipped message="HDDS-2939"/>
  </testcase>
  <testcase name="testCreateWithInvalidPaths" classname="TestRootedOzoneFileSystemWithFSO" time="0">
    <skipped message="HDDS-2939"/>
  </testcase>
  <testcase name="testListStatusFSO" classname="TestRootedOzoneFileSystemWithFSO" time="19.366">
    <system-out><![CDATA[2023-09-29 09:13:11,602 [Time-limited test] INFO  rpc.RpcClient (RpcClient.java:createVolume(462)) - Creating Volume: volume55388, with user67447 as owner and space quota set to -1 bytes, counts quota set to -1
2023-09-29 09:13:11,605 [OM StateMachine ApplyTransaction Thread - 0] INFO  volume.OMVolumeCreateRequest (OMVolumeCreateRequest.java:validateAndUpdateCache(196)) - created volume:volume55388 for user:user67447
2023-09-29 09:13:11,609 [Time-limited test] INFO  rpc.RpcClient (RpcClient.java:createBucket(689)) - Creating Bucket: volume55388/bucket92831, with bucket layout FILE_SYSTEM_OPTIMIZED, runner as owner, Versioning false, Storage Type set to DISK and Encryption set to false, Replication Type set to server-side default replication type, Namespace Quota set to -1, Space Quota set to -1 
2023-09-29 09:13:11,611 [OM StateMachine ApplyTransaction Thread - 0] INFO  bucket.OMBucketCreateRequest (OMBucketCreateRequest.java:validateAndUpdateCache(270)) - created bucket: bucket92831 of layout FILE_SYSTEM_OPTIMIZED in volume: volume55388
2023-09-29 09:13:26,665 [JvmPauseMonitor6] WARN  util.JvmPauseMonitor (JvmPauseMonitor.java:detectPause(124)) - JvmPauseMonitor-dd913d19-83ff-47ba-9363-dfe8430831a0: Detected pause in JVM or host machine approximately 0.328s with 0.805s GC time.
GC pool 'PS MarkSweep' had collection(s): count=1 time=634ms
GC pool 'PS Scavenge' had collection(s): count=1 time=171ms
2023-09-29 09:13:26,667 [JvmPauseMonitor3] WARN  util.JvmPauseMonitor (JvmPauseMonitor.java:detectPause(124)) - JvmPauseMonitor-f9652e80-d58c-49ab-ab0e-27e6fff13d69: Detected pause in JVM or host machine approximately 0.623s with 0.805s GC time.
GC pool 'PS MarkSweep' had collection(s): count=1 time=634ms
GC pool 'PS Scavenge' had collection(s): count=1 time=171ms
2023-09-29 09:13:26,667 [JvmPauseMonitor0] WARN  util.JvmPauseMonitor (JvmPauseMonitor.java:detectPause(124)) - JvmPauseMonitor-b95bfd46-8215-4d69-940c-984db88920a6: Detected pause in JVM or host machine approximately 0.624s with 0.805s GC time.
GC pool 'PS MarkSweep' had collection(s): count=1 time=634ms
GC pool 'PS Scavenge' had collection(s): count=1 time=171ms
2023-09-29 09:13:26,668 [JvmPauseMonitor4] WARN  util.JvmPauseMonitor (JvmPauseMonitor.java:detectPause(124)) - JvmPauseMonitor-2a19af63-c44c-4b61-8149-4383770f1009: Detected pause in JVM or host machine approximately 0.669s with 0.805s GC time.
GC pool 'PS MarkSweep' had collection(s): count=1 time=634ms
GC pool 'PS Scavenge' had collection(s): count=1 time=171ms
2023-09-29 09:13:26,672 [JvmPauseMonitor5] WARN  util.JvmPauseMonitor (JvmPauseMonitor.java:detectPause(124)) - JvmPauseMonitor-a6468106-3f01-4ed8-9704-c326dd06b734: Detected pause in JVM or host machine approximately 0.795s with 0.805s GC time.
GC pool 'PS MarkSweep' had collection(s): count=1 time=634ms
GC pool 'PS Scavenge' had collection(s): count=1 time=171ms
2023-09-29 09:13:26,672 [JvmPauseMonitor2] WARN  util.JvmPauseMonitor (JvmPauseMonitor.java:detectPause(124)) - JvmPauseMonitor-808e3967-7510-49b7-87ea-3b9eb7a0b48e: Detected pause in JVM or host machine approximately 0.795s with 0.805s GC time.
GC pool 'PS MarkSweep' had collection(s): count=1 time=634ms
GC pool 'PS Scavenge' had collection(s): count=1 time=171ms
2023-09-29 09:13:26,672 [JvmPauseMonitor1] WARN  util.JvmPauseMonitor (JvmPauseMonitor.java:detectPause(124)) - JvmPauseMonitor-om1: Detected pause in JVM or host machine approximately 0.795s with 0.805s GC time.
GC pool 'PS MarkSweep' had collection(s): count=1 time=634ms
GC pool 'PS Scavenge' had collection(s): count=1 time=171ms
2023-09-29 09:13:28,077 [IPC Server handler 0 on default port 15001] INFO  ha.SequenceIdGenerator (SequenceIdGenerator.java:getNextId(140)) - Allocate a batch for localId, change lastId from 111677748019201000 to 111677748019202000.
]]></system-out>
  </testcase>
  <testcase name="testListStatusFSO" classname="TestRootedOzoneFileSystemWithFSO" time="9.719">
    <system-out><![CDATA[2023-09-29 09:15:06,239 [Time-limited test] INFO  rpc.RpcClient (RpcClient.java:createVolume(462)) - Creating Volume: volume33397, with user93556 as owner and space quota set to -1 bytes, counts quota set to -1
2023-09-29 09:15:06,240 [IPC Server handler 16 on default port 15057] INFO  volume.OMVolumeCreateRequest (OMVolumeCreateRequest.java:validateAndUpdateCache(196)) - created volume:volume33397 for user:user93556
2023-09-29 09:15:06,241 [Time-limited test] INFO  rpc.RpcClient (RpcClient.java:createBucket(689)) - Creating Bucket: volume33397/bucket15206, with bucket layout FILE_SYSTEM_OPTIMIZED, runner as owner, Versioning false, Storage Type set to DISK and Encryption set to false, Replication Type set to server-side default replication type, Namespace Quota set to -1, Space Quota set to -1 
2023-09-29 09:15:06,241 [IPC Server handler 19 on default port 15057] INFO  bucket.OMBucketCreateRequest (OMBucketCreateRequest.java:validateAndUpdateCache(270)) - created bucket: bucket15206 of layout FILE_SYSTEM_OPTIMIZED in volume: volume33397
2023-09-29 09:15:06,548 [621c2e90-a4eb-4c74-8f52-bedc5a92b31f@group-D59FE00375CE-FollowerState] INFO  impl.FollowerState (FollowerState.java:run(143)) - 621c2e90-a4eb-4c74-8f52-bedc5a92b31f@group-D59FE00375CE-FollowerState: change to CANDIDATE, lastRpcElapsedTime:5188068626ns, electionTimeout:5186ms
2023-09-29 09:15:06,548 [621c2e90-a4eb-4c74-8f52-bedc5a92b31f@group-D59FE00375CE-FollowerState] INFO  impl.RoleInfo (RoleInfo.java:shutdownFollowerState(110)) - 621c2e90-a4eb-4c74-8f52-bedc5a92b31f: shutdown 621c2e90-a4eb-4c74-8f52-bedc5a92b31f@group-D59FE00375CE-FollowerState
2023-09-29 09:15:06,548 [621c2e90-a4eb-4c74-8f52-bedc5a92b31f@group-D59FE00375CE-FollowerState] INFO  server.RaftServer$Division (RaftServerImpl.java:setRole(329)) - 621c2e90-a4eb-4c74-8f52-bedc5a92b31f@group-D59FE00375CE: changes role from  FOLLOWER to CANDIDATE at term 0 for changeToCandidate
2023-09-29 09:15:06,548 [621c2e90-a4eb-4c74-8f52-bedc5a92b31f@group-D59FE00375CE-FollowerState] INFO  server.RaftServerConfigKeys (ConfUtils.java:logGet(46)) - raft.server.leaderelection.pre-vote = true (default)
2023-09-29 09:15:06,548 [621c2e90-a4eb-4c74-8f52-bedc5a92b31f@group-D59FE00375CE-FollowerState] INFO  impl.RoleInfo (RoleInfo.java:updateAndGet(139)) - 621c2e90-a4eb-4c74-8f52-bedc5a92b31f: start 621c2e90-a4eb-4c74-8f52-bedc5a92b31f@group-D59FE00375CE-LeaderElection18
2023-09-29 09:15:06,560 [621c2e90-a4eb-4c74-8f52-bedc5a92b31f@group-D59FE00375CE-LeaderElection18] INFO  impl.LeaderElection (LeaderElection.java:askForVotes(321)) - 621c2e90-a4eb-4c74-8f52-bedc5a92b31f@group-D59FE00375CE-LeaderElection18 PRE_VOTE round 0: submit vote requests at term 0 for -1: peers:[621c2e90-a4eb-4c74-8f52-bedc5a92b31f|rpc:10.1.0.30:15103|admin:10.1.0.30:15102|client:10.1.0.30:15101|dataStream:10.1.0.30:15104|priority:1|startupRole:FOLLOWER]|listeners:[], old=null
2023-09-29 09:15:06,560 [621c2e90-a4eb-4c74-8f52-bedc5a92b31f@group-D59FE00375CE-LeaderElection18] INFO  impl.LeaderElection (LeaderElection.java:askForVotes(323)) - 621c2e90-a4eb-4c74-8f52-bedc5a92b31f@group-D59FE00375CE-LeaderElection18 PRE_VOTE round 0: result PASSED (term=0)
2023-09-29 09:15:06,562 [621c2e90-a4eb-4c74-8f52-bedc5a92b31f@group-D59FE00375CE-LeaderElection18] INFO  impl.LeaderElection (LeaderElection.java:askForVotes(321)) - 621c2e90-a4eb-4c74-8f52-bedc5a92b31f@group-D59FE00375CE-LeaderElection18 ELECTION round 0: submit vote requests at term 1 for -1: peers:[621c2e90-a4eb-4c74-8f52-bedc5a92b31f|rpc:10.1.0.30:15103|admin:10.1.0.30:15102|client:10.1.0.30:15101|dataStream:10.1.0.30:15104|priority:1|startupRole:FOLLOWER]|listeners:[], old=null
2023-09-29 09:15:06,562 [621c2e90-a4eb-4c74-8f52-bedc5a92b31f@group-D59FE00375CE-LeaderElection18] INFO  impl.LeaderElection (LeaderElection.java:askForVotes(323)) - 621c2e90-a4eb-4c74-8f52-bedc5a92b31f@group-D59FE00375CE-LeaderElection18 ELECTION round 0: result PASSED (term=1)
2023-09-29 09:15:06,562 [621c2e90-a4eb-4c74-8f52-bedc5a92b31f@group-D59FE00375CE-LeaderElection18] INFO  impl.RoleInfo (RoleInfo.java:shutdownLeaderElection(130)) - 621c2e90-a4eb-4c74-8f52-bedc5a92b31f: shutdown 621c2e90-a4eb-4c74-8f52-bedc5a92b31f@group-D59FE00375CE-LeaderElection18
2023-09-29 09:15:06,562 [621c2e90-a4eb-4c74-8f52-bedc5a92b31f@group-D59FE00375CE-LeaderElection18] INFO  server.RaftServer$Division (RaftServerImpl.java:setRole(329)) - 621c2e90-a4eb-4c74-8f52-bedc5a92b31f@group-D59FE00375CE: changes role from CANDIDATE to LEADER at term 1 for changeToLeader
2023-09-29 09:15:06,562 [621c2e90-a4eb-4c74-8f52-bedc5a92b31f@group-D59FE00375CE-LeaderElection18] INFO  ratis.XceiverServerRatis (XceiverServerRatis.java:handleLeaderChangedNotification(902)) - Leader change notification received for group: group-D59FE00375CE with new leaderId: 621c2e90-a4eb-4c74-8f52-bedc5a92b31f
2023-09-29 09:15:06,562 [621c2e90-a4eb-4c74-8f52-bedc5a92b31f@group-D59FE00375CE-LeaderElection18] INFO  server.RaftServer$Division (ServerState.java:setLeader(317)) - 621c2e90-a4eb-4c74-8f52-bedc5a92b31f@group-D59FE00375CE: change Leader from null to 621c2e90-a4eb-4c74-8f52-bedc5a92b31f at term 1 for becomeLeader, leader elected after 5232ms
2023-09-29 09:15:06,562 [621c2e90-a4eb-4c74-8f52-bedc5a92b31f@group-D59FE00375CE-LeaderElection18] INFO  server.RaftServerConfigKeys (ConfUtils.java:logGet(46)) - raft.server.staging.catchup.gap = 1000 (default)
2023-09-29 09:15:06,567 [621c2e90-a4eb-4c74-8f52-bedc5a92b31f@group-D59FE00375CE-LeaderElection18] INFO  server.RaftServerConfigKeys (ConfUtils.java:logGet(46)) - raft.server.write.element-limit = 1024 (custom)
2023-09-29 09:15:06,567 [621c2e90-a4eb-4c74-8f52-bedc5a92b31f@group-D59FE00375CE-LeaderElection18] INFO  server.RaftServerConfigKeys (ConfUtils.java:logGet(46)) - raft.server.write.byte-limit = 1024 M (=1073741824) (custom)
2023-09-29 09:15:06,567 [621c2e90-a4eb-4c74-8f52-bedc5a92b31f@group-D59FE00375CE-LeaderElection18] INFO  server.RaftServerConfigKeys (ConfUtils.java:logGet(46)) - raft.server.watch.timeout = 180s (custom)
2023-09-29 09:15:06,567 [621c2e90-a4eb-4c74-8f52-bedc5a92b31f@group-D59FE00375CE-LeaderElection18] INFO  server.RaftServerConfigKeys (ConfUtils.java:logGet(46)) - raft.server.watch.timeout.denomination = 1s (default)
2023-09-29 09:15:06,567 [621c2e90-a4eb-4c74-8f52-bedc5a92b31f@group-D59FE00375CE-LeaderElection18] INFO  server.RaftServerConfigKeys (ConfUtils.java:logGet(46)) - raft.server.watch.element-limit = 65536 (default)
2023-09-29 09:15:06,567 [621c2e90-a4eb-4c74-8f52-bedc5a92b31f@group-D59FE00375CE-LeaderElection18] INFO  server.RaftServerConfigKeys (ConfUtils.java:logGet(46)) - raft.server.write.element-limit = 1024 (custom)
2023-09-29 09:15:06,567 [621c2e90-a4eb-4c74-8f52-bedc5a92b31f@group-D59FE00375CE-LeaderElection18] INFO  server.RaftServerConfigKeys (ConfUtils.java:logGet(46)) - raft.server.write.follower.gap.ratio.max = -1.0 (default)
2023-09-29 09:15:06,567 [621c2e90-a4eb-4c74-8f52-bedc5a92b31f@group-D59FE00375CE-LeaderElection18] INFO  impl.RoleInfo (RoleInfo.java:updateAndGet(139)) - 621c2e90-a4eb-4c74-8f52-bedc5a92b31f: start 621c2e90-a4eb-4c74-8f52-bedc5a92b31f@group-D59FE00375CE-LeaderStateImpl
2023-09-29 09:15:06,567 [621c2e90-a4eb-4c74-8f52-bedc5a92b31f@group-D59FE00375CE-LeaderElection18] INFO  segmented.SegmentedRaftLogWorker (SegmentedRaftLogWorker.java:startLogSegment(447)) - 621c2e90-a4eb-4c74-8f52-bedc5a92b31f@group-D59FE00375CE-SegmentedRaftLogWorker: Starting segment from index:0
2023-09-29 09:15:06,571 [621c2e90-a4eb-4c74-8f52-bedc5a92b31f@group-D59FE00375CE-SegmentedRaftLogWorker] INFO  segmented.SegmentedRaftLogWorker (SegmentedRaftLogWorker.java:execute(651)) - 621c2e90-a4eb-4c74-8f52-bedc5a92b31f@group-D59FE00375CE-SegmentedRaftLogWorker: created new log segment /home/runner/work/ozone/ozone/hadoop-ozone/integration-test/target/test-dir/MiniOzoneClusterImpl-23fe215d-70cc-4cc8-8e82-38d5ce4d8890/datanode-4/data/ratis/018d3ef2-b015-407a-9137-d59fe00375ce/current/log_inprogress_0
2023-09-29 09:15:06,572 [621c2e90-a4eb-4c74-8f52-bedc5a92b31f@group-D59FE00375CE-LeaderElection18] INFO  server.RaftServer$Division (ServerState.java:setRaftConf(434)) - 621c2e90-a4eb-4c74-8f52-bedc5a92b31f@group-D59FE00375CE: set configuration 0: peers:[621c2e90-a4eb-4c74-8f52-bedc5a92b31f|rpc:10.1.0.30:15103|admin:10.1.0.30:15102|client:10.1.0.30:15101|dataStream:10.1.0.30:15104|priority:1|startupRole:FOLLOWER]|listeners:[], old=null
2023-09-29 09:15:14,074 [JvmPauseMonitor8] WARN  util.JvmPauseMonitor (JvmPauseMonitor.java:detectPause(124)) - JvmPauseMonitor-08de34fd-1411-4b67-b8ff-38ec8c60c046: Detected pause in JVM or host machine approximately 0.115s with 0.182s GC time.
GC pool 'PS Scavenge' had collection(s): count=1 time=182ms
2023-09-29 09:15:14,074 [JvmPauseMonitor9] WARN  util.JvmPauseMonitor (JvmPauseMonitor.java:detectPause(124)) - JvmPauseMonitor-380230e5-39f9-49de-9a23-78c86f98f3f3: Detected pause in JVM or host machine approximately 0.130s with 0.182s GC time.
GC pool 'PS Scavenge' had collection(s): count=1 time=182ms
2023-09-29 09:15:14,075 [JvmPauseMonitor13] WARN  util.JvmPauseMonitor (JvmPauseMonitor.java:detectPause(124)) - JvmPauseMonitor-621c2e90-a4eb-4c74-8f52-bedc5a92b31f: Detected pause in JVM or host machine approximately 0.184s with 0.182s GC time.
GC pool 'PS Scavenge' had collection(s): count=1 time=182ms
2023-09-29 09:15:14,208 [IPC Server handler 19 on default port 15054] INFO  ha.SequenceIdGenerator (SequenceIdGenerator.java:getNextId(140)) - Allocate a batch for localId, change lastId from 111677748019201000 to 111677748019202000.
]]></system-out>
  </testcase>
  <testcase name="testDeleteEmptyVolume" classname="TestRootedOzoneFileSystemWithFSO" time="0">
    <skipped message="HDDS-2939"/>
  </testcase>
  <testcase name="testDeleteEmptyVolume" classname="TestRootedOzoneFileSystemWithFSO" time="0">
    <skipped message="HDDS-2939"/>
  </testcase>
  <testcase name="testMkdirNonExistentVolume" classname="TestRootedOzoneFileSystemWithFSO" time="0">
    <skipped message="HDDS-2939"/>
  </testcase>
  <testcase name="testMkdirNonExistentVolume" classname="TestRootedOzoneFileSystemWithFSO" time="0">
    <skipped message="HDDS-2939"/>
  </testcase>
  <testcase name="testRenameFile" classname="TestRootedOzoneFileSystemWithFSO" time="0.095">
    <system-out><![CDATA[2023-09-29 09:13:30,979 [Time-limited test] INFO  rpc.RpcClient (RpcClient.java:createVolume(462)) - Creating Volume: volume59147, with user22602 as owner and space quota set to -1 bytes, counts quota set to -1
2023-09-29 09:13:30,987 [OM StateMachine ApplyTransaction Thread - 0] INFO  volume.OMVolumeCreateRequest (OMVolumeCreateRequest.java:validateAndUpdateCache(196)) - created volume:volume59147 for user:user22602
2023-09-29 09:13:30,990 [Time-limited test] INFO  rpc.RpcClient (RpcClient.java:createBucket(689)) - Creating Bucket: volume59147/bucket68019, with bucket layout FILE_SYSTEM_OPTIMIZED, runner as owner, Versioning false, Storage Type set to DISK and Encryption set to false, Replication Type set to server-side default replication type, Namespace Quota set to -1, Space Quota set to -1 
2023-09-29 09:13:30,993 [OM StateMachine ApplyTransaction Thread - 0] INFO  bucket.OMBucketCreateRequest (OMBucketCreateRequest.java:validateAndUpdateCache(270)) - created bucket: bucket68019 of layout FILE_SYSTEM_OPTIMIZED in volume: volume59147
]]></system-out>
  </testcase>
  <testcase name="testRenameFile" classname="TestRootedOzoneFileSystemWithFSO" time="0.042">
    <system-out><![CDATA[2023-09-29 09:15:15,958 [Time-limited test] INFO  rpc.RpcClient (RpcClient.java:createVolume(462)) - Creating Volume: volume94203, with user63457 as owner and space quota set to -1 bytes, counts quota set to -1
2023-09-29 09:15:15,959 [IPC Server handler 4 on default port 15057] INFO  volume.OMVolumeCreateRequest (OMVolumeCreateRequest.java:validateAndUpdateCache(196)) - created volume:volume94203 for user:user63457
2023-09-29 09:15:15,960 [Time-limited test] INFO  rpc.RpcClient (RpcClient.java:createBucket(689)) - Creating Bucket: volume94203/bucket79440, with bucket layout FILE_SYSTEM_OPTIMIZED, runner as owner, Versioning false, Storage Type set to DISK and Encryption set to false, Replication Type set to server-side default replication type, Namespace Quota set to -1, Space Quota set to -1 
2023-09-29 09:15:15,960 [IPC Server handler 0 on default port 15057] INFO  bucket.OMBucketCreateRequest (OMBucketCreateRequest.java:validateAndUpdateCache(270)) - created bucket: bucket79440 of layout FILE_SYSTEM_OPTIMIZED in volume: volume94203
]]></system-out>
  </testcase>
  <testcase name="testListStatusRootAndVolumeRecursive" classname="TestRootedOzoneFileSystemWithFSO" time="0.066">
    <system-out><![CDATA[2023-09-29 09:13:31,086 [Time-limited test] INFO  rpc.RpcClient (RpcClient.java:createVolume(462)) - Creating Volume: volume53924, with user66540 as owner and space quota set to -1 bytes, counts quota set to -1
2023-09-29 09:13:31,089 [OM StateMachine ApplyTransaction Thread - 0] INFO  volume.OMVolumeCreateRequest (OMVolumeCreateRequest.java:validateAndUpdateCache(196)) - created volume:volume53924 for user:user66540
2023-09-29 09:13:31,093 [Time-limited test] INFO  rpc.RpcClient (RpcClient.java:createBucket(689)) - Creating Bucket: volume53924/bucket55033, with bucket layout FILE_SYSTEM_OPTIMIZED, runner as owner, Versioning false, Storage Type set to DISK and Encryption set to false, Replication Type set to server-side default replication type, Namespace Quota set to -1, Space Quota set to -1 
2023-09-29 09:13:31,094 [OM StateMachine ApplyTransaction Thread - 0] INFO  bucket.OMBucketCreateRequest (OMBucketCreateRequest.java:validateAndUpdateCache(270)) - created bucket: bucket55033 of layout FILE_SYSTEM_OPTIMIZED in volume: volume53924
]]></system-out>
  </testcase>
  <testcase name="testListStatusRootAndVolumeRecursive" classname="TestRootedOzoneFileSystemWithFSO" time="0.029">
    <system-out><![CDATA[2023-09-29 09:15:16,004 [Time-limited test] INFO  rpc.RpcClient (RpcClient.java:createVolume(462)) - Creating Volume: volume58415, with user41578 as owner and space quota set to -1 bytes, counts quota set to -1
2023-09-29 09:15:16,005 [IPC Server handler 17 on default port 15057] INFO  volume.OMVolumeCreateRequest (OMVolumeCreateRequest.java:validateAndUpdateCache(196)) - created volume:volume58415 for user:user41578
2023-09-29 09:15:16,006 [Time-limited test] INFO  rpc.RpcClient (RpcClient.java:createBucket(689)) - Creating Bucket: volume58415/bucket02826, with bucket layout FILE_SYSTEM_OPTIMIZED, runner as owner, Versioning false, Storage Type set to DISK and Encryption set to false, Replication Type set to server-side default replication type, Namespace Quota set to -1, Space Quota set to -1 
2023-09-29 09:15:16,007 [IPC Server handler 16 on default port 15057] INFO  bucket.OMBucketCreateRequest (OMBucketCreateRequest.java:validateAndUpdateCache(270)) - created bucket: bucket02826 of layout FILE_SYSTEM_OPTIMIZED in volume: volume58415
]]></system-out>
  </testcase>
  <testcase name="testListStatusIteratorOnSubDirs" classname="TestRootedOzoneFileSystemWithFSO" time="0.107">
    <system-out><![CDATA[2023-09-29 09:13:31,160 [Time-limited test] INFO  rpc.RpcClient (RpcClient.java:createVolume(462)) - Creating Volume: volume99228, with user52021 as owner and space quota set to -1 bytes, counts quota set to -1
2023-09-29 09:13:31,164 [OM StateMachine ApplyTransaction Thread - 0] INFO  volume.OMVolumeCreateRequest (OMVolumeCreateRequest.java:validateAndUpdateCache(196)) - created volume:volume99228 for user:user52021
2023-09-29 09:13:31,166 [Time-limited test] INFO  rpc.RpcClient (RpcClient.java:createBucket(689)) - Creating Bucket: volume99228/bucket03687, with bucket layout FILE_SYSTEM_OPTIMIZED, runner as owner, Versioning false, Storage Type set to DISK and Encryption set to false, Replication Type set to server-side default replication type, Namespace Quota set to -1, Space Quota set to -1 
2023-09-29 09:13:31,169 [OM StateMachine ApplyTransaction Thread - 0] INFO  bucket.OMBucketCreateRequest (OMBucketCreateRequest.java:validateAndUpdateCache(270)) - created bucket: bucket03687 of layout FILE_SYSTEM_OPTIMIZED in volume: volume99228
]]></system-out>
  </testcase>
  <testcase name="testListStatusIteratorOnSubDirs" classname="TestRootedOzoneFileSystemWithFSO" time="0.048">
    <system-out><![CDATA[2023-09-29 09:15:16,031 [Time-limited test] INFO  rpc.RpcClient (RpcClient.java:createVolume(462)) - Creating Volume: volume68766, with user64938 as owner and space quota set to -1 bytes, counts quota set to -1
2023-09-29 09:15:16,032 [IPC Server handler 10 on default port 15057] INFO  volume.OMVolumeCreateRequest (OMVolumeCreateRequest.java:validateAndUpdateCache(196)) - created volume:volume68766 for user:user64938
2023-09-29 09:15:16,033 [Time-limited test] INFO  rpc.RpcClient (RpcClient.java:createBucket(689)) - Creating Bucket: volume68766/bucket79667, with bucket layout FILE_SYSTEM_OPTIMIZED, runner as owner, Versioning false, Storage Type set to DISK and Encryption set to false, Replication Type set to server-side default replication type, Namespace Quota set to -1, Space Quota set to -1 
2023-09-29 09:15:16,034 [IPC Server handler 17 on default port 15057] INFO  bucket.OMBucketCreateRequest (OMBucketCreateRequest.java:validateAndUpdateCache(270)) - created bucket: bucket79667 of layout FILE_SYSTEM_OPTIMIZED in volume: volume68766
]]></system-out>
  </testcase>
  <testcase name="testSymlinkList" classname="TestRootedOzoneFileSystemWithFSO" time="0.416">
    <system-out><![CDATA[2023-09-29 09:13:31,239 [Time-limited test] INFO  rpc.RpcClient (RpcClient.java:createVolume(462)) - Creating Volume: volume55832, with user89206 as owner and space quota set to -1 bytes, counts quota set to -1
2023-09-29 09:13:31,241 [OM StateMachine ApplyTransaction Thread - 0] INFO  volume.OMVolumeCreateRequest (OMVolumeCreateRequest.java:validateAndUpdateCache(196)) - created volume:volume55832 for user:user89206
2023-09-29 09:13:31,243 [Time-limited test] INFO  rpc.RpcClient (RpcClient.java:createBucket(689)) - Creating Bucket: volume55832/bucket58399, with bucket layout FILE_SYSTEM_OPTIMIZED, runner as owner, Versioning false, Storage Type set to DISK and Encryption set to false, Replication Type set to server-side default replication type, Namespace Quota set to -1, Space Quota set to -1 
2023-09-29 09:13:31,244 [OM StateMachine ApplyTransaction Thread - 0] INFO  bucket.OMBucketCreateRequest (OMBucketCreateRequest.java:validateAndUpdateCache(270)) - created bucket: bucket58399 of layout FILE_SYSTEM_OPTIMIZED in volume: volume55832
2023-09-29 09:13:31,254 [Time-limited test] INFO  rpc.RpcClient (RpcClient.java:createVolume(462)) - Creating Volume: volume-51439, with runner as owner and space quota set to -1 bytes, counts quota set to -1
2023-09-29 09:13:31,255 [OM StateMachine ApplyTransaction Thread - 0] INFO  volume.OMVolumeCreateRequest (OMVolumeCreateRequest.java:validateAndUpdateCache(196)) - created volume:volume-51439 for user:runner
09:13:31.257 [IPC Server handler 7 on default port 15004] ERROR OMAudit - user=runner | ip=127.0.0.1 | op=READ_BUCKET {volume=volume-51439, bucket=bucket} | ret=FAILURE
org.apache.hadoop.ozone.om.exceptions.OMException: Bucket not found
	at org.apache.hadoop.ozone.om.BucketManagerImpl.getBucketInfo(BucketManagerImpl.java:85) ~[ozone-manager-1.4.0-SNAPSHOT.jar:?]
	at org.apache.hadoop.ozone.om.OzoneManager.getBucketInfo(OzoneManager.java:2798) ~[ozone-manager-1.4.0-SNAPSHOT.jar:?]
	at org.apache.hadoop.ozone.protocolPB.OzoneManagerRequestHandler.infoBucket(OzoneManagerRequestHandler.java:554) ~[ozone-manager-1.4.0-SNAPSHOT.jar:?]
	at org.apache.hadoop.ozone.protocolPB.OzoneManagerRequestHandler.handleReadRequest(OzoneManagerRequestHandler.java:204) ~[ozone-manager-1.4.0-SNAPSHOT.jar:?]
	at org.apache.hadoop.ozone.protocolPB.OzoneManagerProtocolServerSideTranslatorPB.submitReadRequestToOM(OzoneManagerProtocolServerSideTranslatorPB.java:225) ~[ozone-manager-1.4.0-SNAPSHOT.jar:?]
	at org.apache.hadoop.ozone.protocolPB.OzoneManagerProtocolServerSideTranslatorPB.processRequest(OzoneManagerProtocolServerSideTranslatorPB.java:179) ~[ozone-manager-1.4.0-SNAPSHOT.jar:?]
	at org.apache.hadoop.hdds.server.OzoneProtocolMessageDispatcher.processRequest(OzoneProtocolMessageDispatcher.java:87) [hdds-server-framework-1.4.0-SNAPSHOT.jar:?]
	at org.apache.hadoop.ozone.protocolPB.OzoneManagerProtocolServerSideTranslatorPB.submitRequest(OzoneManagerProtocolServerSideTranslatorPB.java:148) [ozone-manager-1.4.0-SNAPSHOT.jar:?]
	at org.apache.hadoop.ozone.protocol.proto.OzoneManagerProtocolProtos$OzoneManagerService$2.callBlockingMethod(OzoneManagerProtocolProtos.java) [ozone-interface-client-1.4.0-SNAPSHOT.jar:?]
	at org.apache.hadoop.ipc.ProtobufRpcEngine$Server.processCall(ProtobufRpcEngine.java:484) [hadoop-common-3.3.6.jar:?]
	at org.apache.hadoop.ipc.ProtobufRpcEngine2$Server$ProtoBufRpcInvoker.call(ProtobufRpcEngine2.java:595) [hadoop-common-3.3.6.jar:?]
	at org.apache.hadoop.ipc.ProtobufRpcEngine2$Server$ProtoBufRpcInvoker.call(ProtobufRpcEngine2.java:573) [hadoop-common-3.3.6.jar:?]
	at org.apache.hadoop.ipc.RPC$Server.call(RPC.java:1227) [hadoop-common-3.3.6.jar:?]
	at org.apache.hadoop.ipc.Server$RpcCall.run(Server.java:1094) [hadoop-common-3.3.6.jar:?]
	at org.apache.hadoop.ipc.Server$RpcCall.run(Server.java:1017) [hadoop-common-3.3.6.jar:?]
	at java.security.AccessController.doPrivileged(Native Method) ~[?:1.8.0_382]
	at javax.security.auth.Subject.doAs(Subject.java:422) [?:1.8.0_382]
	at org.apache.hadoop.security.UserGroupInformation.doAs(UserGroupInformation.java:1899) [hadoop-common-3.3.6.jar:?]
	at org.apache.hadoop.ipc.Server$Handler.run(Server.java:3048) [hadoop-common-3.3.6.jar:?]
2023-09-29 09:13:31,259 [Time-limited test] INFO  rpc.RpcClient (RpcClient.java:createBucket(689)) - Creating Bucket: volume-51439/bucket, with bucket layout FILE_SYSTEM_OPTIMIZED, runner as owner, Versioning false, Storage Type set to DISK and Encryption set to false, Replication Type set to server-side default replication type, Namespace Quota set to -1, Space Quota set to -1 
2023-09-29 09:13:31,260 [OM StateMachine ApplyTransaction Thread - 0] INFO  bucket.OMBucketCreateRequest (OMBucketCreateRequest.java:validateAndUpdateCache(270)) - created bucket: bucket of layout FILE_SYSTEM_OPTIMIZED in volume: volume-51439
2023-09-29 09:13:31,262 [Time-limited test] INFO  rpc.RpcClient (RpcClient.java:createVolume(462)) - Creating Volume: volume-88621, with runner as owner and space quota set to -1 bytes, counts quota set to -1
2023-09-29 09:13:31,263 [OM StateMachine ApplyTransaction Thread - 0] INFO  volume.OMVolumeCreateRequest (OMVolumeCreateRequest.java:validateAndUpdateCache(196)) - created volume:volume-88621 for user:runner
2023-09-29 09:13:31,269 [Time-limited test] INFO  rpc.RpcClient (RpcClient.java:createBucket(689)) - Creating Bucket: volume-88621/bucket, with server-side default bucket layout, runner as owner, Versioning false, Storage Type set to DISK and Encryption set to false, Replication Type set to server-side default replication type, Namespace Quota set to -1, Space Quota set to -1 
2023-09-29 09:13:31,271 [OM StateMachine ApplyTransaction Thread - 0] INFO  bucket.OMBucketCreateRequest (OMBucketCreateRequest.java:validateAndUpdateCache(270)) - created bucket: bucket of layout FILE_SYSTEM_OPTIMIZED in volume: volume-88621
Found 1 items
drwxrwxrwx   - runner docker          0 2023-09-29 09:13 ofs://localhost:15004/volume-88621/bucket
2023-09-29 09:13:31,547 [IPC Server handler 8 on default port 15001] WARN  node.SCMNodeManager (SCMNodeManager.java:getNodesByAddress(1373)) - Cannot find node for address 127.0.0.1
drwxrwxrwx   - runner runner          0 2023-09-29 09:13 ofs://localhost:15004/volume-88621/bucket/object-dir
-rw-rw-rw-   3 runner runner          1 2023-09-29 09:13 ofs://localhost:15004/volume-88621/bucket/object-dir/object-name1
]]></system-out>
  </testcase>
  <testcase name="testSymlinkList" classname="TestRootedOzoneFileSystemWithFSO" time="0.157">
    <system-out><![CDATA[2023-09-29 09:15:16,083 [Time-limited test] INFO  rpc.RpcClient (RpcClient.java:createVolume(462)) - Creating Volume: volume63736, with user28193 as owner and space quota set to -1 bytes, counts quota set to -1
2023-09-29 09:15:16,084 [IPC Server handler 3 on default port 15057] INFO  volume.OMVolumeCreateRequest (OMVolumeCreateRequest.java:validateAndUpdateCache(196)) - created volume:volume63736 for user:user28193
2023-09-29 09:15:16,085 [Time-limited test] INFO  rpc.RpcClient (RpcClient.java:createBucket(689)) - Creating Bucket: volume63736/bucket73336, with bucket layout FILE_SYSTEM_OPTIMIZED, runner as owner, Versioning false, Storage Type set to DISK and Encryption set to false, Replication Type set to server-side default replication type, Namespace Quota set to -1, Space Quota set to -1 
2023-09-29 09:15:16,086 [IPC Server handler 14 on default port 15057] INFO  bucket.OMBucketCreateRequest (OMBucketCreateRequest.java:validateAndUpdateCache(270)) - created bucket: bucket73336 of layout FILE_SYSTEM_OPTIMIZED in volume: volume63736
2023-09-29 09:15:16,087 [Time-limited test] INFO  rpc.RpcClient (RpcClient.java:createVolume(462)) - Creating Volume: volume-46385, with runner as owner and space quota set to -1 bytes, counts quota set to -1
2023-09-29 09:15:16,088 [IPC Server handler 18 on default port 15057] INFO  volume.OMVolumeCreateRequest (OMVolumeCreateRequest.java:validateAndUpdateCache(196)) - created volume:volume-46385 for user:runner
09:15:16.089 [IPC Server handler 1 on default port 15057] ERROR OMAudit - user=runner | ip=127.0.0.1 | op=READ_BUCKET {volume=volume-46385, bucket=bucket} | ret=FAILURE
org.apache.hadoop.ozone.om.exceptions.OMException: Bucket not found
	at org.apache.hadoop.ozone.om.BucketManagerImpl.getBucketInfo(BucketManagerImpl.java:85) ~[ozone-manager-1.4.0-SNAPSHOT.jar:?]
	at org.apache.hadoop.ozone.om.OzoneManager.getBucketInfo(OzoneManager.java:2798) ~[ozone-manager-1.4.0-SNAPSHOT.jar:?]
	at org.apache.hadoop.ozone.protocolPB.OzoneManagerRequestHandler.infoBucket(OzoneManagerRequestHandler.java:554) ~[ozone-manager-1.4.0-SNAPSHOT.jar:?]
	at org.apache.hadoop.ozone.protocolPB.OzoneManagerRequestHandler.handleReadRequest(OzoneManagerRequestHandler.java:204) ~[ozone-manager-1.4.0-SNAPSHOT.jar:?]
	at org.apache.hadoop.ozone.protocolPB.OzoneManagerProtocolServerSideTranslatorPB.submitRequestDirectlyToOM(OzoneManagerProtocolServerSideTranslatorPB.java:274) ~[ozone-manager-1.4.0-SNAPSHOT.jar:?]
	at org.apache.hadoop.ozone.protocolPB.OzoneManagerProtocolServerSideTranslatorPB.processRequest(OzoneManagerProtocolServerSideTranslatorPB.java:175) ~[ozone-manager-1.4.0-SNAPSHOT.jar:?]
	at org.apache.hadoop.hdds.server.OzoneProtocolMessageDispatcher.processRequest(OzoneProtocolMessageDispatcher.java:87) [hdds-server-framework-1.4.0-SNAPSHOT.jar:?]
	at org.apache.hadoop.ozone.protocolPB.OzoneManagerProtocolServerSideTranslatorPB.submitRequest(OzoneManagerProtocolServerSideTranslatorPB.java:148) [ozone-manager-1.4.0-SNAPSHOT.jar:?]
	at org.apache.hadoop.ozone.protocol.proto.OzoneManagerProtocolProtos$OzoneManagerService$2.callBlockingMethod(OzoneManagerProtocolProtos.java) [ozone-interface-client-1.4.0-SNAPSHOT.jar:?]
	at org.apache.hadoop.ipc.ProtobufRpcEngine$Server.processCall(ProtobufRpcEngine.java:484) [hadoop-common-3.3.6.jar:?]
	at org.apache.hadoop.ipc.ProtobufRpcEngine2$Server$ProtoBufRpcInvoker.call(ProtobufRpcEngine2.java:595) [hadoop-common-3.3.6.jar:?]
	at org.apache.hadoop.ipc.ProtobufRpcEngine2$Server$ProtoBufRpcInvoker.call(ProtobufRpcEngine2.java:573) [hadoop-common-3.3.6.jar:?]
	at org.apache.hadoop.ipc.RPC$Server.call(RPC.java:1227) [hadoop-common-3.3.6.jar:?]
	at org.apache.hadoop.ipc.Server$RpcCall.run(Server.java:1094) [hadoop-common-3.3.6.jar:?]
	at org.apache.hadoop.ipc.Server$RpcCall.run(Server.java:1017) [hadoop-common-3.3.6.jar:?]
	at java.security.AccessController.doPrivileged(Native Method) ~[?:1.8.0_382]
	at javax.security.auth.Subject.doAs(Subject.java:422) [?:1.8.0_382]
	at org.apache.hadoop.security.UserGroupInformation.doAs(UserGroupInformation.java:1899) [hadoop-common-3.3.6.jar:?]
	at org.apache.hadoop.ipc.Server$Handler.run(Server.java:3048) [hadoop-common-3.3.6.jar:?]
2023-09-29 09:15:16,090 [Time-limited test] INFO  rpc.RpcClient (RpcClient.java:createBucket(689)) - Creating Bucket: volume-46385/bucket, with bucket layout FILE_SYSTEM_OPTIMIZED, runner as owner, Versioning false, Storage Type set to DISK and Encryption set to false, Replication Type set to server-side default replication type, Namespace Quota set to -1, Space Quota set to -1 
2023-09-29 09:15:16,090 [IPC Server handler 2 on default port 15057] INFO  bucket.OMBucketCreateRequest (OMBucketCreateRequest.java:validateAndUpdateCache(270)) - created bucket: bucket of layout FILE_SYSTEM_OPTIMIZED in volume: volume-46385
2023-09-29 09:15:16,091 [Time-limited test] INFO  rpc.RpcClient (RpcClient.java:createVolume(462)) - Creating Volume: volume-33857, with runner as owner and space quota set to -1 bytes, counts quota set to -1
2023-09-29 09:15:16,092 [IPC Server handler 6 on default port 15057] INFO  volume.OMVolumeCreateRequest (OMVolumeCreateRequest.java:validateAndUpdateCache(196)) - created volume:volume-33857 for user:runner
2023-09-29 09:15:16,093 [Time-limited test] INFO  rpc.RpcClient (RpcClient.java:createBucket(689)) - Creating Bucket: volume-33857/bucket, with server-side default bucket layout, runner as owner, Versioning false, Storage Type set to DISK and Encryption set to false, Replication Type set to server-side default replication type, Namespace Quota set to -1, Space Quota set to -1 
2023-09-29 09:15:16,094 [IPC Server handler 13 on default port 15057] INFO  bucket.OMBucketCreateRequest (OMBucketCreateRequest.java:validateAndUpdateCache(270)) - created bucket: bucket of layout FILE_SYSTEM_OPTIMIZED in volume: volume-33857
Found 1 items
drwxrwxrwx   - runner docker          0 2023-09-29 09:15 ofs://localhost:15057/volume-33857/bucket
2023-09-29 09:15:16,181 [IPC Server handler 4 on default port 15054] WARN  node.SCMNodeManager (SCMNodeManager.java:getNodesByAddress(1373)) - Cannot find node for address 127.0.0.1
drwxrwxrwx   - runner runner          0 2023-09-29 09:15 ofs://localhost:15057/volume-33857/bucket/object-dir
-rw-rw-rw-   3 runner runner          1 2023-09-29 09:15 ofs://localhost:15057/volume-33857/bucket/object-dir/object-name1
]]></system-out>
  </testcase>
  <testcase name="testListStatusIteratorWithPathNotFound" classname="TestRootedOzoneFileSystemWithFSO" time="0.063">
    <system-out><![CDATA[2023-09-29 09:13:31,672 [Time-limited test] INFO  rpc.RpcClient (RpcClient.java:createVolume(462)) - Creating Volume: volume54816, with user39461 as owner and space quota set to -1 bytes, counts quota set to -1
2023-09-29 09:13:31,676 [OM StateMachine ApplyTransaction Thread - 0] INFO  volume.OMVolumeCreateRequest (OMVolumeCreateRequest.java:validateAndUpdateCache(196)) - created volume:volume54816 for user:user39461
2023-09-29 09:13:31,677 [Time-limited test] INFO  rpc.RpcClient (RpcClient.java:createBucket(689)) - Creating Bucket: volume54816/bucket41892, with bucket layout FILE_SYSTEM_OPTIMIZED, runner as owner, Versioning false, Storage Type set to DISK and Encryption set to false, Replication Type set to server-side default replication type, Namespace Quota set to -1, Space Quota set to -1 
2023-09-29 09:13:31,679 [OM StateMachine ApplyTransaction Thread - 0] INFO  bucket.OMBucketCreateRequest (OMBucketCreateRequest.java:validateAndUpdateCache(270)) - created bucket: bucket41892 of layout FILE_SYSTEM_OPTIMIZED in volume: volume54816
09:13:31.681 [IPC Server handler 9 on default port 15004] ERROR OMAudit - user=runner | ip=127.0.0.1 | op=READ_BUCKET {volume=test, bucket=test1} | ret=FAILURE
org.apache.hadoop.ozone.om.exceptions.OMException: Volume not found when getting bucket info
	at org.apache.hadoop.ozone.om.BucketManagerImpl.getBucketInfo(BucketManagerImpl.java:81) ~[ozone-manager-1.4.0-SNAPSHOT.jar:?]
	at org.apache.hadoop.ozone.om.OzoneManager.getBucketInfo(OzoneManager.java:2798) ~[ozone-manager-1.4.0-SNAPSHOT.jar:?]
	at org.apache.hadoop.ozone.protocolPB.OzoneManagerRequestHandler.infoBucket(OzoneManagerRequestHandler.java:554) ~[ozone-manager-1.4.0-SNAPSHOT.jar:?]
	at org.apache.hadoop.ozone.protocolPB.OzoneManagerRequestHandler.handleReadRequest(OzoneManagerRequestHandler.java:204) ~[ozone-manager-1.4.0-SNAPSHOT.jar:?]
	at org.apache.hadoop.ozone.protocolPB.OzoneManagerProtocolServerSideTranslatorPB.submitReadRequestToOM(OzoneManagerProtocolServerSideTranslatorPB.java:225) ~[ozone-manager-1.4.0-SNAPSHOT.jar:?]
	at org.apache.hadoop.ozone.protocolPB.OzoneManagerProtocolServerSideTranslatorPB.processRequest(OzoneManagerProtocolServerSideTranslatorPB.java:179) ~[ozone-manager-1.4.0-SNAPSHOT.jar:?]
	at org.apache.hadoop.hdds.server.OzoneProtocolMessageDispatcher.processRequest(OzoneProtocolMessageDispatcher.java:87) [hdds-server-framework-1.4.0-SNAPSHOT.jar:?]
	at org.apache.hadoop.ozone.protocolPB.OzoneManagerProtocolServerSideTranslatorPB.submitRequest(OzoneManagerProtocolServerSideTranslatorPB.java:148) [ozone-manager-1.4.0-SNAPSHOT.jar:?]
	at org.apache.hadoop.ozone.protocol.proto.OzoneManagerProtocolProtos$OzoneManagerService$2.callBlockingMethod(OzoneManagerProtocolProtos.java) [ozone-interface-client-1.4.0-SNAPSHOT.jar:?]
	at org.apache.hadoop.ipc.ProtobufRpcEngine$Server.processCall(ProtobufRpcEngine.java:484) [hadoop-common-3.3.6.jar:?]
	at org.apache.hadoop.ipc.ProtobufRpcEngine2$Server$ProtoBufRpcInvoker.call(ProtobufRpcEngine2.java:595) [hadoop-common-3.3.6.jar:?]
	at org.apache.hadoop.ipc.ProtobufRpcEngine2$Server$ProtoBufRpcInvoker.call(ProtobufRpcEngine2.java:573) [hadoop-common-3.3.6.jar:?]
	at org.apache.hadoop.ipc.RPC$Server.call(RPC.java:1227) [hadoop-common-3.3.6.jar:?]
	at org.apache.hadoop.ipc.Server$RpcCall.run(Server.java:1094) [hadoop-common-3.3.6.jar:?]
	at org.apache.hadoop.ipc.Server$RpcCall.run(Server.java:1017) [hadoop-common-3.3.6.jar:?]
	at java.security.AccessController.doPrivileged(Native Method) ~[?:1.8.0_382]
	at javax.security.auth.Subject.doAs(Subject.java:422) [?:1.8.0_382]
	at org.apache.hadoop.security.UserGroupInformation.doAs(UserGroupInformation.java:1899) [hadoop-common-3.3.6.jar:?]
	at org.apache.hadoop.ipc.Server$Handler.run(Server.java:3048) [hadoop-common-3.3.6.jar:?]
]]></system-out>
  </testcase>
  <testcase name="testListStatusIteratorWithPathNotFound" classname="TestRootedOzoneFileSystemWithFSO" time="0.029">
    <system-out><![CDATA[2023-09-29 09:15:16,238 [Time-limited test] INFO  rpc.RpcClient (RpcClient.java:createVolume(462)) - Creating Volume: volume01137, with user59405 as owner and space quota set to -1 bytes, counts quota set to -1
2023-09-29 09:15:16,239 [IPC Server handler 10 on default port 15057] INFO  volume.OMVolumeCreateRequest (OMVolumeCreateRequest.java:validateAndUpdateCache(196)) - created volume:volume01137 for user:user59405
2023-09-29 09:15:16,240 [Time-limited test] INFO  rpc.RpcClient (RpcClient.java:createBucket(689)) - Creating Bucket: volume01137/bucket64487, with bucket layout FILE_SYSTEM_OPTIMIZED, runner as owner, Versioning false, Storage Type set to DISK and Encryption set to false, Replication Type set to server-side default replication type, Namespace Quota set to -1, Space Quota set to -1 
2023-09-29 09:15:16,241 [IPC Server handler 17 on default port 15057] INFO  bucket.OMBucketCreateRequest (OMBucketCreateRequest.java:validateAndUpdateCache(270)) - created bucket: bucket64487 of layout FILE_SYSTEM_OPTIMIZED in volume: volume01137
09:15:16.242 [IPC Server handler 16 on default port 15057] ERROR OMAudit - user=runner | ip=127.0.0.1 | op=READ_BUCKET {volume=test, bucket=test1} | ret=FAILURE
org.apache.hadoop.ozone.om.exceptions.OMException: Volume not found when getting bucket info
	at org.apache.hadoop.ozone.om.BucketManagerImpl.getBucketInfo(BucketManagerImpl.java:81) ~[ozone-manager-1.4.0-SNAPSHOT.jar:?]
	at org.apache.hadoop.ozone.om.OzoneManager.getBucketInfo(OzoneManager.java:2798) ~[ozone-manager-1.4.0-SNAPSHOT.jar:?]
	at org.apache.hadoop.ozone.protocolPB.OzoneManagerRequestHandler.infoBucket(OzoneManagerRequestHandler.java:554) ~[ozone-manager-1.4.0-SNAPSHOT.jar:?]
	at org.apache.hadoop.ozone.protocolPB.OzoneManagerRequestHandler.handleReadRequest(OzoneManagerRequestHandler.java:204) ~[ozone-manager-1.4.0-SNAPSHOT.jar:?]
	at org.apache.hadoop.ozone.protocolPB.OzoneManagerProtocolServerSideTranslatorPB.submitRequestDirectlyToOM(OzoneManagerProtocolServerSideTranslatorPB.java:274) ~[ozone-manager-1.4.0-SNAPSHOT.jar:?]
	at org.apache.hadoop.ozone.protocolPB.OzoneManagerProtocolServerSideTranslatorPB.processRequest(OzoneManagerProtocolServerSideTranslatorPB.java:175) ~[ozone-manager-1.4.0-SNAPSHOT.jar:?]
	at org.apache.hadoop.hdds.server.OzoneProtocolMessageDispatcher.processRequest(OzoneProtocolMessageDispatcher.java:87) [hdds-server-framework-1.4.0-SNAPSHOT.jar:?]
	at org.apache.hadoop.ozone.protocolPB.OzoneManagerProtocolServerSideTranslatorPB.submitRequest(OzoneManagerProtocolServerSideTranslatorPB.java:148) [ozone-manager-1.4.0-SNAPSHOT.jar:?]
	at org.apache.hadoop.ozone.protocol.proto.OzoneManagerProtocolProtos$OzoneManagerService$2.callBlockingMethod(OzoneManagerProtocolProtos.java) [ozone-interface-client-1.4.0-SNAPSHOT.jar:?]
	at org.apache.hadoop.ipc.ProtobufRpcEngine$Server.processCall(ProtobufRpcEngine.java:484) [hadoop-common-3.3.6.jar:?]
	at org.apache.hadoop.ipc.ProtobufRpcEngine2$Server$ProtoBufRpcInvoker.call(ProtobufRpcEngine2.java:595) [hadoop-common-3.3.6.jar:?]
	at org.apache.hadoop.ipc.ProtobufRpcEngine2$Server$ProtoBufRpcInvoker.call(ProtobufRpcEngine2.java:573) [hadoop-common-3.3.6.jar:?]
	at org.apache.hadoop.ipc.RPC$Server.call(RPC.java:1227) [hadoop-common-3.3.6.jar:?]
	at org.apache.hadoop.ipc.Server$RpcCall.run(Server.java:1094) [hadoop-common-3.3.6.jar:?]
	at org.apache.hadoop.ipc.Server$RpcCall.run(Server.java:1017) [hadoop-common-3.3.6.jar:?]
	at java.security.AccessController.doPrivileged(Native Method) ~[?:1.8.0_382]
	at javax.security.auth.Subject.doAs(Subject.java:422) [?:1.8.0_382]
	at org.apache.hadoop.security.UserGroupInformation.doAs(UserGroupInformation.java:1899) [hadoop-common-3.3.6.jar:?]
	at org.apache.hadoop.ipc.Server$Handler.run(Server.java:3048) [hadoop-common-3.3.6.jar:?]
]]></system-out>
  </testcase>
  <testcase name="testListStatusRootAndVolumeNonRecursive" classname="TestRootedOzoneFileSystemWithFSO" time="0.326">
    <system-out><![CDATA[2023-09-29 09:13:31,713 [Time-limited test] INFO  rpc.RpcClient (RpcClient.java:createVolume(462)) - Creating Volume: volume99128, with user48756 as owner and space quota set to -1 bytes, counts quota set to -1
2023-09-29 09:13:31,720 [OM StateMachine ApplyTransaction Thread - 0] INFO  volume.OMVolumeCreateRequest (OMVolumeCreateRequest.java:validateAndUpdateCache(196)) - created volume:volume99128 for user:user48756
2023-09-29 09:13:31,725 [Time-limited test] INFO  rpc.RpcClient (RpcClient.java:createBucket(689)) - Creating Bucket: volume99128/bucket08851, with bucket layout FILE_SYSTEM_OPTIMIZED, runner as owner, Versioning false, Storage Type set to DISK and Encryption set to false, Replication Type set to server-side default replication type, Namespace Quota set to -1, Space Quota set to -1 
2023-09-29 09:13:31,727 [OM StateMachine ApplyTransaction Thread - 0] INFO  bucket.OMBucketCreateRequest (OMBucketCreateRequest.java:validateAndUpdateCache(270)) - created bucket: bucket08851 of layout FILE_SYSTEM_OPTIMIZED in volume: volume99128
09:13:31.730 [IPC Server handler 9 on default port 15004] ERROR OMAudit - user=runner | ip=127.0.0.1 | op=READ_BUCKET {volume=volume-92858, bucket=bucket-62489} | ret=FAILURE
org.apache.hadoop.ozone.om.exceptions.OMException: Volume not found when getting bucket info
	at org.apache.hadoop.ozone.om.BucketManagerImpl.getBucketInfo(BucketManagerImpl.java:81) ~[ozone-manager-1.4.0-SNAPSHOT.jar:?]
	at org.apache.hadoop.ozone.om.OzoneManager.getBucketInfo(OzoneManager.java:2798) ~[ozone-manager-1.4.0-SNAPSHOT.jar:?]
	at org.apache.hadoop.ozone.protocolPB.OzoneManagerRequestHandler.infoBucket(OzoneManagerRequestHandler.java:554) ~[ozone-manager-1.4.0-SNAPSHOT.jar:?]
	at org.apache.hadoop.ozone.protocolPB.OzoneManagerRequestHandler.handleReadRequest(OzoneManagerRequestHandler.java:204) ~[ozone-manager-1.4.0-SNAPSHOT.jar:?]
	at org.apache.hadoop.ozone.protocolPB.OzoneManagerProtocolServerSideTranslatorPB.submitReadRequestToOM(OzoneManagerProtocolServerSideTranslatorPB.java:225) ~[ozone-manager-1.4.0-SNAPSHOT.jar:?]
	at org.apache.hadoop.ozone.protocolPB.OzoneManagerProtocolServerSideTranslatorPB.processRequest(OzoneManagerProtocolServerSideTranslatorPB.java:179) ~[ozone-manager-1.4.0-SNAPSHOT.jar:?]
	at org.apache.hadoop.hdds.server.OzoneProtocolMessageDispatcher.processRequest(OzoneProtocolMessageDispatcher.java:87) [hdds-server-framework-1.4.0-SNAPSHOT.jar:?]
	at org.apache.hadoop.ozone.protocolPB.OzoneManagerProtocolServerSideTranslatorPB.submitRequest(OzoneManagerProtocolServerSideTranslatorPB.java:148) [ozone-manager-1.4.0-SNAPSHOT.jar:?]
	at org.apache.hadoop.ozone.protocol.proto.OzoneManagerProtocolProtos$OzoneManagerService$2.callBlockingMethod(OzoneManagerProtocolProtos.java) [ozone-interface-client-1.4.0-SNAPSHOT.jar:?]
	at org.apache.hadoop.ipc.ProtobufRpcEngine$Server.processCall(ProtobufRpcEngine.java:484) [hadoop-common-3.3.6.jar:?]
	at org.apache.hadoop.ipc.ProtobufRpcEngine2$Server$ProtoBufRpcInvoker.call(ProtobufRpcEngine2.java:595) [hadoop-common-3.3.6.jar:?]
	at org.apache.hadoop.ipc.ProtobufRpcEngine2$Server$ProtoBufRpcInvoker.call(ProtobufRpcEngine2.java:573) [hadoop-common-3.3.6.jar:?]
	at org.apache.hadoop.ipc.RPC$Server.call(RPC.java:1227) [hadoop-common-3.3.6.jar:?]
	at org.apache.hadoop.ipc.Server$RpcCall.run(Server.java:1094) [hadoop-common-3.3.6.jar:?]
	at org.apache.hadoop.ipc.Server$RpcCall.run(Server.java:1017) [hadoop-common-3.3.6.jar:?]
	at java.security.AccessController.doPrivileged(Native Method) ~[?:1.8.0_382]
	at javax.security.auth.Subject.doAs(Subject.java:422) [?:1.8.0_382]
	at org.apache.hadoop.security.UserGroupInformation.doAs(UserGroupInformation.java:1899) [hadoop-common-3.3.6.jar:?]
	at org.apache.hadoop.ipc.Server$Handler.run(Server.java:3048) [hadoop-common-3.3.6.jar:?]
2023-09-29 09:13:31,731 [Time-limited test] INFO  rpc.RpcClient (RpcClient.java:createVolume(462)) - Creating Volume: volume-92858, with runner as owner and space quota set to -1 bytes, counts quota set to -1
2023-09-29 09:13:31,733 [OM StateMachine ApplyTransaction Thread - 0] INFO  volume.OMVolumeCreateRequest (OMVolumeCreateRequest.java:validateAndUpdateCache(196)) - created volume:volume-92858 for user:runner
2023-09-29 09:13:31,735 [Time-limited test] INFO  rpc.RpcClient (RpcClient.java:createBucket(689)) - Creating Bucket: volume-92858/bucket-62489, with bucket layout FILE_SYSTEM_OPTIMIZED, runner as owner, Versioning false, Storage Type set to DISK and Encryption set to false, Replication Type set to server-side default replication type, Namespace Quota set to -1, Space Quota set to -1 
2023-09-29 09:13:31,736 [OM StateMachine ApplyTransaction Thread - 0] INFO  bucket.OMBucketCreateRequest (OMBucketCreateRequest.java:validateAndUpdateCache(270)) - created bucket: bucket-62489 of layout FILE_SYSTEM_OPTIMIZED in volume: volume-92858
09:13:31.837 [IPC Server handler 15 on default port 15004] ERROR OMAudit - user=runner | ip=127.0.0.1 | op=READ_BUCKET {volume=volume-20356, bucket=bucket-73764} | ret=FAILURE
org.apache.hadoop.ozone.om.exceptions.OMException: Volume not found when getting bucket info
	at org.apache.hadoop.ozone.om.BucketManagerImpl.getBucketInfo(BucketManagerImpl.java:81) ~[ozone-manager-1.4.0-SNAPSHOT.jar:?]
	at org.apache.hadoop.ozone.om.OzoneManager.getBucketInfo(OzoneManager.java:2798) ~[ozone-manager-1.4.0-SNAPSHOT.jar:?]
	at org.apache.hadoop.ozone.protocolPB.OzoneManagerRequestHandler.infoBucket(OzoneManagerRequestHandler.java:554) ~[ozone-manager-1.4.0-SNAPSHOT.jar:?]
	at org.apache.hadoop.ozone.protocolPB.OzoneManagerRequestHandler.handleReadRequest(OzoneManagerRequestHandler.java:204) ~[ozone-manager-1.4.0-SNAPSHOT.jar:?]
	at org.apache.hadoop.ozone.protocolPB.OzoneManagerProtocolServerSideTranslatorPB.submitReadRequestToOM(OzoneManagerProtocolServerSideTranslatorPB.java:225) ~[ozone-manager-1.4.0-SNAPSHOT.jar:?]
	at org.apache.hadoop.ozone.protocolPB.OzoneManagerProtocolServerSideTranslatorPB.processRequest(OzoneManagerProtocolServerSideTranslatorPB.java:179) ~[ozone-manager-1.4.0-SNAPSHOT.jar:?]
	at org.apache.hadoop.hdds.server.OzoneProtocolMessageDispatcher.processRequest(OzoneProtocolMessageDispatcher.java:87) [hdds-server-framework-1.4.0-SNAPSHOT.jar:?]
	at org.apache.hadoop.ozone.protocolPB.OzoneManagerProtocolServerSideTranslatorPB.submitRequest(OzoneManagerProtocolServerSideTranslatorPB.java:148) [ozone-manager-1.4.0-SNAPSHOT.jar:?]
	at org.apache.hadoop.ozone.protocol.proto.OzoneManagerProtocolProtos$OzoneManagerService$2.callBlockingMethod(OzoneManagerProtocolProtos.java) [ozone-interface-client-1.4.0-SNAPSHOT.jar:?]
	at org.apache.hadoop.ipc.ProtobufRpcEngine$Server.processCall(ProtobufRpcEngine.java:484) [hadoop-common-3.3.6.jar:?]
	at org.apache.hadoop.ipc.ProtobufRpcEngine2$Server$ProtoBufRpcInvoker.call(ProtobufRpcEngine2.java:595) [hadoop-common-3.3.6.jar:?]
	at org.apache.hadoop.ipc.ProtobufRpcEngine2$Server$ProtoBufRpcInvoker.call(ProtobufRpcEngine2.java:573) [hadoop-common-3.3.6.jar:?]
	at org.apache.hadoop.ipc.RPC$Server.call(RPC.java:1227) [hadoop-common-3.3.6.jar:?]
	at org.apache.hadoop.ipc.Server$RpcCall.run(Server.java:1094) [hadoop-common-3.3.6.jar:?]
	at org.apache.hadoop.ipc.Server$RpcCall.run(Server.java:1017) [hadoop-common-3.3.6.jar:?]
	at java.security.AccessController.doPrivileged(Native Method) ~[?:1.8.0_382]
	at javax.security.auth.Subject.doAs(Subject.java:422) [?:1.8.0_382]
	at org.apache.hadoop.security.UserGroupInformation.doAs(UserGroupInformation.java:1899) [hadoop-common-3.3.6.jar:?]
	at org.apache.hadoop.ipc.Server$Handler.run(Server.java:3048) [hadoop-common-3.3.6.jar:?]
2023-09-29 09:13:31,839 [Time-limited test] INFO  rpc.RpcClient (RpcClient.java:createVolume(462)) - Creating Volume: volume-20356, with runner as owner and space quota set to -1 bytes, counts quota set to -1
2023-09-29 09:13:31,841 [OM StateMachine ApplyTransaction Thread - 0] INFO  volume.OMVolumeCreateRequest (OMVolumeCreateRequest.java:validateAndUpdateCache(196)) - created volume:volume-20356 for user:runner
2023-09-29 09:13:31,843 [Time-limited test] INFO  rpc.RpcClient (RpcClient.java:createBucket(689)) - Creating Bucket: volume-20356/bucket-73764, with bucket layout FILE_SYSTEM_OPTIMIZED, runner as owner, Versioning false, Storage Type set to DISK and Encryption set to false, Replication Type set to server-side default replication type, Namespace Quota set to -1, Space Quota set to -1 
2023-09-29 09:13:31,844 [OM StateMachine ApplyTransaction Thread - 0] INFO  bucket.OMBucketCreateRequest (OMBucketCreateRequest.java:validateAndUpdateCache(270)) - created bucket: bucket-73764 of layout FILE_SYSTEM_OPTIMIZED in volume: volume-20356
]]></system-out>
  </testcase>
  <testcase name="testListStatusRootAndVolumeNonRecursive" classname="TestRootedOzoneFileSystemWithFSO" time="0.21">
    <system-out><![CDATA[2023-09-29 09:15:16,270 [Time-limited test] INFO  rpc.RpcClient (RpcClient.java:createVolume(462)) - Creating Volume: volume74332, with user71039 as owner and space quota set to -1 bytes, counts quota set to -1
2023-09-29 09:15:16,271 [IPC Server handler 3 on default port 15057] INFO  volume.OMVolumeCreateRequest (OMVolumeCreateRequest.java:validateAndUpdateCache(196)) - created volume:volume74332 for user:user71039
2023-09-29 09:15:16,272 [Time-limited test] INFO  rpc.RpcClient (RpcClient.java:createBucket(689)) - Creating Bucket: volume74332/bucket80189, with bucket layout FILE_SYSTEM_OPTIMIZED, runner as owner, Versioning false, Storage Type set to DISK and Encryption set to false, Replication Type set to server-side default replication type, Namespace Quota set to -1, Space Quota set to -1 
2023-09-29 09:15:16,273 [IPC Server handler 14 on default port 15057] INFO  bucket.OMBucketCreateRequest (OMBucketCreateRequest.java:validateAndUpdateCache(270)) - created bucket: bucket80189 of layout FILE_SYSTEM_OPTIMIZED in volume: volume74332
09:15:16.275 [IPC Server handler 16 on default port 15057] ERROR OMAudit - user=runner | ip=127.0.0.1 | op=READ_BUCKET {volume=volume-36169, bucket=bucket-82848} | ret=FAILURE
org.apache.hadoop.ozone.om.exceptions.OMException: Volume not found when getting bucket info
	at org.apache.hadoop.ozone.om.BucketManagerImpl.getBucketInfo(BucketManagerImpl.java:81) ~[ozone-manager-1.4.0-SNAPSHOT.jar:?]
	at org.apache.hadoop.ozone.om.OzoneManager.getBucketInfo(OzoneManager.java:2798) ~[ozone-manager-1.4.0-SNAPSHOT.jar:?]
	at org.apache.hadoop.ozone.protocolPB.OzoneManagerRequestHandler.infoBucket(OzoneManagerRequestHandler.java:554) ~[ozone-manager-1.4.0-SNAPSHOT.jar:?]
	at org.apache.hadoop.ozone.protocolPB.OzoneManagerRequestHandler.handleReadRequest(OzoneManagerRequestHandler.java:204) ~[ozone-manager-1.4.0-SNAPSHOT.jar:?]
	at org.apache.hadoop.ozone.protocolPB.OzoneManagerProtocolServerSideTranslatorPB.submitRequestDirectlyToOM(OzoneManagerProtocolServerSideTranslatorPB.java:274) ~[ozone-manager-1.4.0-SNAPSHOT.jar:?]
	at org.apache.hadoop.ozone.protocolPB.OzoneManagerProtocolServerSideTranslatorPB.processRequest(OzoneManagerProtocolServerSideTranslatorPB.java:175) ~[ozone-manager-1.4.0-SNAPSHOT.jar:?]
	at org.apache.hadoop.hdds.server.OzoneProtocolMessageDispatcher.processRequest(OzoneProtocolMessageDispatcher.java:87) [hdds-server-framework-1.4.0-SNAPSHOT.jar:?]
	at org.apache.hadoop.ozone.protocolPB.OzoneManagerProtocolServerSideTranslatorPB.submitRequest(OzoneManagerProtocolServerSideTranslatorPB.java:148) [ozone-manager-1.4.0-SNAPSHOT.jar:?]
	at org.apache.hadoop.ozone.protocol.proto.OzoneManagerProtocolProtos$OzoneManagerService$2.callBlockingMethod(OzoneManagerProtocolProtos.java) [ozone-interface-client-1.4.0-SNAPSHOT.jar:?]
	at org.apache.hadoop.ipc.ProtobufRpcEngine$Server.processCall(ProtobufRpcEngine.java:484) [hadoop-common-3.3.6.jar:?]
	at org.apache.hadoop.ipc.ProtobufRpcEngine2$Server$ProtoBufRpcInvoker.call(ProtobufRpcEngine2.java:595) [hadoop-common-3.3.6.jar:?]
	at org.apache.hadoop.ipc.ProtobufRpcEngine2$Server$ProtoBufRpcInvoker.call(ProtobufRpcEngine2.java:573) [hadoop-common-3.3.6.jar:?]
	at org.apache.hadoop.ipc.RPC$Server.call(RPC.java:1227) [hadoop-common-3.3.6.jar:?]
	at org.apache.hadoop.ipc.Server$RpcCall.run(Server.java:1094) [hadoop-common-3.3.6.jar:?]
	at org.apache.hadoop.ipc.Server$RpcCall.run(Server.java:1017) [hadoop-common-3.3.6.jar:?]
	at java.security.AccessController.doPrivileged(Native Method) ~[?:1.8.0_382]
	at javax.security.auth.Subject.doAs(Subject.java:422) [?:1.8.0_382]
	at org.apache.hadoop.security.UserGroupInformation.doAs(UserGroupInformation.java:1899) [hadoop-common-3.3.6.jar:?]
	at org.apache.hadoop.ipc.Server$Handler.run(Server.java:3048) [hadoop-common-3.3.6.jar:?]
2023-09-29 09:15:16,275 [Time-limited test] INFO  rpc.RpcClient (RpcClient.java:createVolume(462)) - Creating Volume: volume-36169, with runner as owner and space quota set to -1 bytes, counts quota set to -1
2023-09-29 09:15:16,276 [IPC Server handler 18 on default port 15057] INFO  volume.OMVolumeCreateRequest (OMVolumeCreateRequest.java:validateAndUpdateCache(196)) - created volume:volume-36169 for user:runner
2023-09-29 09:15:16,277 [Time-limited test] INFO  rpc.RpcClient (RpcClient.java:createBucket(689)) - Creating Bucket: volume-36169/bucket-82848, with bucket layout FILE_SYSTEM_OPTIMIZED, runner as owner, Versioning false, Storage Type set to DISK and Encryption set to false, Replication Type set to server-side default replication type, Namespace Quota set to -1, Space Quota set to -1 
2023-09-29 09:15:16,277 [IPC Server handler 1 on default port 15057] INFO  bucket.OMBucketCreateRequest (OMBucketCreateRequest.java:validateAndUpdateCache(270)) - created bucket: bucket-82848 of layout FILE_SYSTEM_OPTIMIZED in volume: volume-36169
09:15:16.377 [IPC Server handler 12 on default port 15057] ERROR OMAudit - user=runner | ip=127.0.0.1 | op=READ_BUCKET {volume=volume-43641, bucket=bucket-90235} | ret=FAILURE
org.apache.hadoop.ozone.om.exceptions.OMException: Volume not found when getting bucket info
	at org.apache.hadoop.ozone.om.BucketManagerImpl.getBucketInfo(BucketManagerImpl.java:81) ~[ozone-manager-1.4.0-SNAPSHOT.jar:?]
	at org.apache.hadoop.ozone.om.OzoneManager.getBucketInfo(OzoneManager.java:2798) ~[ozone-manager-1.4.0-SNAPSHOT.jar:?]
	at org.apache.hadoop.ozone.protocolPB.OzoneManagerRequestHandler.infoBucket(OzoneManagerRequestHandler.java:554) ~[ozone-manager-1.4.0-SNAPSHOT.jar:?]
	at org.apache.hadoop.ozone.protocolPB.OzoneManagerRequestHandler.handleReadRequest(OzoneManagerRequestHandler.java:204) ~[ozone-manager-1.4.0-SNAPSHOT.jar:?]
	at org.apache.hadoop.ozone.protocolPB.OzoneManagerProtocolServerSideTranslatorPB.submitRequestDirectlyToOM(OzoneManagerProtocolServerSideTranslatorPB.java:274) ~[ozone-manager-1.4.0-SNAPSHOT.jar:?]
	at org.apache.hadoop.ozone.protocolPB.OzoneManagerProtocolServerSideTranslatorPB.processRequest(OzoneManagerProtocolServerSideTranslatorPB.java:175) ~[ozone-manager-1.4.0-SNAPSHOT.jar:?]
	at org.apache.hadoop.hdds.server.OzoneProtocolMessageDispatcher.processRequest(OzoneProtocolMessageDispatcher.java:87) [hdds-server-framework-1.4.0-SNAPSHOT.jar:?]
	at org.apache.hadoop.ozone.protocolPB.OzoneManagerProtocolServerSideTranslatorPB.submitRequest(OzoneManagerProtocolServerSideTranslatorPB.java:148) [ozone-manager-1.4.0-SNAPSHOT.jar:?]
	at org.apache.hadoop.ozone.protocol.proto.OzoneManagerProtocolProtos$OzoneManagerService$2.callBlockingMethod(OzoneManagerProtocolProtos.java) [ozone-interface-client-1.4.0-SNAPSHOT.jar:?]
	at org.apache.hadoop.ipc.ProtobufRpcEngine$Server.processCall(ProtobufRpcEngine.java:484) [hadoop-common-3.3.6.jar:?]
	at org.apache.hadoop.ipc.ProtobufRpcEngine2$Server$ProtoBufRpcInvoker.call(ProtobufRpcEngine2.java:595) [hadoop-common-3.3.6.jar:?]
	at org.apache.hadoop.ipc.ProtobufRpcEngine2$Server$ProtoBufRpcInvoker.call(ProtobufRpcEngine2.java:573) [hadoop-common-3.3.6.jar:?]
	at org.apache.hadoop.ipc.RPC$Server.call(RPC.java:1227) [hadoop-common-3.3.6.jar:?]
	at org.apache.hadoop.ipc.Server$RpcCall.run(Server.java:1094) [hadoop-common-3.3.6.jar:?]
	at org.apache.hadoop.ipc.Server$RpcCall.run(Server.java:1017) [hadoop-common-3.3.6.jar:?]
	at java.security.AccessController.doPrivileged(Native Method) ~[?:1.8.0_382]
	at javax.security.auth.Subject.doAs(Subject.java:422) [?:1.8.0_382]
	at org.apache.hadoop.security.UserGroupInformation.doAs(UserGroupInformation.java:1899) [hadoop-common-3.3.6.jar:?]
	at org.apache.hadoop.ipc.Server$Handler.run(Server.java:3048) [hadoop-common-3.3.6.jar:?]
2023-09-29 09:15:16,378 [Time-limited test] INFO  rpc.RpcClient (RpcClient.java:createVolume(462)) - Creating Volume: volume-43641, with runner as owner and space quota set to -1 bytes, counts quota set to -1
2023-09-29 09:15:16,379 [IPC Server handler 3 on default port 15057] INFO  volume.OMVolumeCreateRequest (OMVolumeCreateRequest.java:validateAndUpdateCache(196)) - created volume:volume-43641 for user:runner
2023-09-29 09:15:16,380 [Time-limited test] INFO  rpc.RpcClient (RpcClient.java:createBucket(689)) - Creating Bucket: volume-43641/bucket-90235, with bucket layout FILE_SYSTEM_OPTIMIZED, runner as owner, Versioning false, Storage Type set to DISK and Encryption set to false, Replication Type set to server-side default replication type, Namespace Quota set to -1, Space Quota set to -1 
2023-09-29 09:15:16,381 [IPC Server handler 14 on default port 15057] INFO  bucket.OMBucketCreateRequest (OMBucketCreateRequest.java:validateAndUpdateCache(270)) - created bucket: bucket-90235 of layout FILE_SYSTEM_OPTIMIZED in volume: volume-43641
]]></system-out>
  </testcase>
  <testcase name="testDeleteBucketLink" classname="TestRootedOzoneFileSystemWithFSO" time="0.112">
    <system-out><![CDATA[2023-09-29 09:13:32,041 [Time-limited test] INFO  rpc.RpcClient (RpcClient.java:createVolume(462)) - Creating Volume: volume93114, with user63820 as owner and space quota set to -1 bytes, counts quota set to -1
2023-09-29 09:13:32,045 [OM StateMachine ApplyTransaction Thread - 0] INFO  volume.OMVolumeCreateRequest (OMVolumeCreateRequest.java:validateAndUpdateCache(196)) - created volume:volume93114 for user:user63820
2023-09-29 09:13:32,047 [Time-limited test] INFO  rpc.RpcClient (RpcClient.java:createBucket(689)) - Creating Bucket: volume93114/bucket33747, with bucket layout FILE_SYSTEM_OPTIMIZED, runner as owner, Versioning false, Storage Type set to DISK and Encryption set to false, Replication Type set to server-side default replication type, Namespace Quota set to -1, Space Quota set to -1 
2023-09-29 09:13:32,048 [OM StateMachine ApplyTransaction Thread - 0] INFO  bucket.OMBucketCreateRequest (OMBucketCreateRequest.java:validateAndUpdateCache(270)) - created bucket: bucket33747 of layout FILE_SYSTEM_OPTIMIZED in volume: volume93114
09:13:32.051 [IPC Server handler 6 on default port 15004] ERROR OMAudit - user=runner | ip=127.0.0.1 | op=READ_BUCKET {volume=volume-59314, bucket=bucket} | ret=FAILURE
org.apache.hadoop.ozone.om.exceptions.OMException: Volume not found when getting bucket info
	at org.apache.hadoop.ozone.om.BucketManagerImpl.getBucketInfo(BucketManagerImpl.java:81) ~[ozone-manager-1.4.0-SNAPSHOT.jar:?]
	at org.apache.hadoop.ozone.om.OzoneManager.getBucketInfo(OzoneManager.java:2798) ~[ozone-manager-1.4.0-SNAPSHOT.jar:?]
	at org.apache.hadoop.ozone.protocolPB.OzoneManagerRequestHandler.infoBucket(OzoneManagerRequestHandler.java:554) ~[ozone-manager-1.4.0-SNAPSHOT.jar:?]
	at org.apache.hadoop.ozone.protocolPB.OzoneManagerRequestHandler.handleReadRequest(OzoneManagerRequestHandler.java:204) ~[ozone-manager-1.4.0-SNAPSHOT.jar:?]
	at org.apache.hadoop.ozone.protocolPB.OzoneManagerProtocolServerSideTranslatorPB.submitReadRequestToOM(OzoneManagerProtocolServerSideTranslatorPB.java:225) ~[ozone-manager-1.4.0-SNAPSHOT.jar:?]
	at org.apache.hadoop.ozone.protocolPB.OzoneManagerProtocolServerSideTranslatorPB.processRequest(OzoneManagerProtocolServerSideTranslatorPB.java:179) ~[ozone-manager-1.4.0-SNAPSHOT.jar:?]
	at org.apache.hadoop.hdds.server.OzoneProtocolMessageDispatcher.processRequest(OzoneProtocolMessageDispatcher.java:87) [hdds-server-framework-1.4.0-SNAPSHOT.jar:?]
	at org.apache.hadoop.ozone.protocolPB.OzoneManagerProtocolServerSideTranslatorPB.submitRequest(OzoneManagerProtocolServerSideTranslatorPB.java:148) [ozone-manager-1.4.0-SNAPSHOT.jar:?]
	at org.apache.hadoop.ozone.protocol.proto.OzoneManagerProtocolProtos$OzoneManagerService$2.callBlockingMethod(OzoneManagerProtocolProtos.java) [ozone-interface-client-1.4.0-SNAPSHOT.jar:?]
	at org.apache.hadoop.ipc.ProtobufRpcEngine$Server.processCall(ProtobufRpcEngine.java:484) [hadoop-common-3.3.6.jar:?]
	at org.apache.hadoop.ipc.ProtobufRpcEngine2$Server$ProtoBufRpcInvoker.call(ProtobufRpcEngine2.java:595) [hadoop-common-3.3.6.jar:?]
	at org.apache.hadoop.ipc.ProtobufRpcEngine2$Server$ProtoBufRpcInvoker.call(ProtobufRpcEngine2.java:573) [hadoop-common-3.3.6.jar:?]
	at org.apache.hadoop.ipc.RPC$Server.call(RPC.java:1227) [hadoop-common-3.3.6.jar:?]
	at org.apache.hadoop.ipc.Server$RpcCall.run(Server.java:1094) [hadoop-common-3.3.6.jar:?]
	at org.apache.hadoop.ipc.Server$RpcCall.run(Server.java:1017) [hadoop-common-3.3.6.jar:?]
	at java.security.AccessController.doPrivileged(Native Method) ~[?:1.8.0_382]
	at javax.security.auth.Subject.doAs(Subject.java:422) [?:1.8.0_382]
	at org.apache.hadoop.security.UserGroupInformation.doAs(UserGroupInformation.java:1899) [hadoop-common-3.3.6.jar:?]
	at org.apache.hadoop.ipc.Server$Handler.run(Server.java:3048) [hadoop-common-3.3.6.jar:?]
2023-09-29 09:13:32,052 [Time-limited test] INFO  rpc.RpcClient (RpcClient.java:createVolume(462)) - Creating Volume: volume-59314, with runner as owner and space quota set to -1 bytes, counts quota set to -1
2023-09-29 09:13:32,053 [OM StateMachine ApplyTransaction Thread - 0] INFO  volume.OMVolumeCreateRequest (OMVolumeCreateRequest.java:validateAndUpdateCache(196)) - created volume:volume-59314 for user:runner
2023-09-29 09:13:32,057 [Time-limited test] INFO  rpc.RpcClient (RpcClient.java:createBucket(689)) - Creating Bucket: volume-59314/bucket, with bucket layout FILE_SYSTEM_OPTIMIZED, runner as owner, Versioning false, Storage Type set to DISK and Encryption set to false, Replication Type set to server-side default replication type, Namespace Quota set to -1, Space Quota set to -1 
2023-09-29 09:13:32,059 [OM StateMachine ApplyTransaction Thread - 0] INFO  bucket.OMBucketCreateRequest (OMBucketCreateRequest.java:validateAndUpdateCache(270)) - created bucket: bucket of layout FILE_SYSTEM_OPTIMIZED in volume: volume-59314
2023-09-29 09:13:32,069 [Time-limited test] INFO  rpc.RpcClient (RpcClient.java:createVolume(462)) - Creating Volume: volume-66569, with runner as owner and space quota set to -1 bytes, counts quota set to -1
2023-09-29 09:13:32,071 [OM StateMachine ApplyTransaction Thread - 0] INFO  volume.OMVolumeCreateRequest (OMVolumeCreateRequest.java:validateAndUpdateCache(196)) - created volume:volume-66569 for user:runner
2023-09-29 09:13:32,072 [Time-limited test] INFO  rpc.RpcClient (RpcClient.java:createBucket(689)) - Creating Bucket: volume-66569/link, with server-side default bucket layout, runner as owner, Versioning false, Storage Type set to DISK and Encryption set to false, Replication Type set to server-side default replication type, Namespace Quota set to -1, Space Quota set to -1 
2023-09-29 09:13:32,077 [OM StateMachine ApplyTransaction Thread - 0] INFO  bucket.OMBucketCreateRequest (OMBucketCreateRequest.java:validateAndUpdateCache(270)) - created bucket: link of layout FILE_SYSTEM_OPTIMIZED in volume: volume-66569
09:13:32.083 [OM StateMachine ApplyTransaction Thread - 0] ERROR OMAudit - user=runner | ip=127.0.0.1 | op=DELETE_VOLUME {volume=volume-66569} | ret=FAILURE
org.apache.hadoop.ozone.om.exceptions.OMException: null
	at org.apache.hadoop.ozone.om.request.volume.OMVolumeDeleteRequest.validateAndUpdateCache(OMVolumeDeleteRequest.java:121) ~[ozone-manager-1.4.0-SNAPSHOT.jar:?]
	at org.apache.hadoop.ozone.protocolPB.OzoneManagerRequestHandler.handleWriteRequest(OzoneManagerRequestHandler.java:382) ~[ozone-manager-1.4.0-SNAPSHOT.jar:?]
	at org.apache.hadoop.ozone.om.ratis.OzoneManagerStateMachine.runCommand(OzoneManagerStateMachine.java:568) ~[ozone-manager-1.4.0-SNAPSHOT.jar:?]
	at org.apache.hadoop.ozone.om.ratis.OzoneManagerStateMachine.lambda$1(OzoneManagerStateMachine.java:359) ~[ozone-manager-1.4.0-SNAPSHOT.jar:?]
	at java.util.concurrent.CompletableFuture$AsyncSupply.run(CompletableFuture.java:1604) [?:1.8.0_382]
	at java.util.concurrent.ThreadPoolExecutor.runWorker(ThreadPoolExecutor.java:1149) [?:1.8.0_382]
	at java.util.concurrent.ThreadPoolExecutor$Worker.run(ThreadPoolExecutor.java:624) [?:1.8.0_382]
	at java.lang.Thread.run(Thread.java:750) [?:1.8.0_382]
2023-09-29 09:13:32,084 [OM StateMachine ApplyTransaction Thread - 0] ERROR volume.OMVolumeDeleteRequest (OMVolumeDeleteRequest.java:validateAndUpdateCache(168)) - Volume deletion failed for user:runner volume:volume-66569
VOLUME_NOT_EMPTY org.apache.hadoop.ozone.om.exceptions.OMException
	at org.apache.hadoop.ozone.om.request.volume.OMVolumeDeleteRequest.validateAndUpdateCache(OMVolumeDeleteRequest.java:121)
	at org.apache.hadoop.ozone.protocolPB.OzoneManagerRequestHandler.handleWriteRequest(OzoneManagerRequestHandler.java:382)
	at org.apache.hadoop.ozone.om.ratis.OzoneManagerStateMachine.runCommand(OzoneManagerStateMachine.java:568)
	at org.apache.hadoop.ozone.om.ratis.OzoneManagerStateMachine.lambda$1(OzoneManagerStateMachine.java:359)
	at java.util.concurrent.CompletableFuture$AsyncSupply.run(CompletableFuture.java:1604)
	at java.util.concurrent.ThreadPoolExecutor.runWorker(ThreadPoolExecutor.java:1149)
	at java.util.concurrent.ThreadPoolExecutor$Worker.run(ThreadPoolExecutor.java:624)
	at java.lang.Thread.run(Thread.java:750)
09:13:32.102 [IPC Server handler 12 on default port 15004] ERROR OMAudit - user=runner | ip=127.0.0.1 | op=READ_BUCKET {volume=volume-66569, bucket=link} | ret=FAILURE
org.apache.hadoop.ozone.om.exceptions.OMException: Volume not found when getting bucket info
	at org.apache.hadoop.ozone.om.BucketManagerImpl.getBucketInfo(BucketManagerImpl.java:81) ~[ozone-manager-1.4.0-SNAPSHOT.jar:?]
	at org.apache.hadoop.ozone.om.OzoneManager.getBucketInfo(OzoneManager.java:2798) ~[ozone-manager-1.4.0-SNAPSHOT.jar:?]
	at org.apache.hadoop.ozone.protocolPB.OzoneManagerRequestHandler.infoBucket(OzoneManagerRequestHandler.java:554) ~[ozone-manager-1.4.0-SNAPSHOT.jar:?]
	at org.apache.hadoop.ozone.protocolPB.OzoneManagerRequestHandler.handleReadRequest(OzoneManagerRequestHandler.java:204) ~[ozone-manager-1.4.0-SNAPSHOT.jar:?]
	at org.apache.hadoop.ozone.protocolPB.OzoneManagerProtocolServerSideTranslatorPB.submitReadRequestToOM(OzoneManagerProtocolServerSideTranslatorPB.java:225) ~[ozone-manager-1.4.0-SNAPSHOT.jar:?]
	at org.apache.hadoop.ozone.protocolPB.OzoneManagerProtocolServerSideTranslatorPB.processRequest(OzoneManagerProtocolServerSideTranslatorPB.java:179) ~[ozone-manager-1.4.0-SNAPSHOT.jar:?]
	at org.apache.hadoop.hdds.server.OzoneProtocolMessageDispatcher.processRequest(OzoneProtocolMessageDispatcher.java:87) [hdds-server-framework-1.4.0-SNAPSHOT.jar:?]
	at org.apache.hadoop.ozone.protocolPB.OzoneManagerProtocolServerSideTranslatorPB.submitRequest(OzoneManagerProtocolServerSideTranslatorPB.java:148) [ozone-manager-1.4.0-SNAPSHOT.jar:?]
	at org.apache.hadoop.ozone.protocol.proto.OzoneManagerProtocolProtos$OzoneManagerService$2.callBlockingMethod(OzoneManagerProtocolProtos.java) [ozone-interface-client-1.4.0-SNAPSHOT.jar:?]
	at org.apache.hadoop.ipc.ProtobufRpcEngine$Server.processCall(ProtobufRpcEngine.java:484) [hadoop-common-3.3.6.jar:?]
	at org.apache.hadoop.ipc.ProtobufRpcEngine2$Server$ProtoBufRpcInvoker.call(ProtobufRpcEngine2.java:595) [hadoop-common-3.3.6.jar:?]
	at org.apache.hadoop.ipc.ProtobufRpcEngine2$Server$ProtoBufRpcInvoker.call(ProtobufRpcEngine2.java:573) [hadoop-common-3.3.6.jar:?]
	at org.apache.hadoop.ipc.RPC$Server.call(RPC.java:1227) [hadoop-common-3.3.6.jar:?]
	at org.apache.hadoop.ipc.Server$RpcCall.run(Server.java:1094) [hadoop-common-3.3.6.jar:?]
	at org.apache.hadoop.ipc.Server$RpcCall.run(Server.java:1017) [hadoop-common-3.3.6.jar:?]
	at java.security.AccessController.doPrivileged(Native Method) ~[?:1.8.0_382]
	at javax.security.auth.Subject.doAs(Subject.java:422) [?:1.8.0_382]
	at org.apache.hadoop.security.UserGroupInformation.doAs(UserGroupInformation.java:1899) [hadoop-common-3.3.6.jar:?]
	at org.apache.hadoop.ipc.Server$Handler.run(Server.java:3048) [hadoop-common-3.3.6.jar:?]
]]></system-out>
  </testcase>
  <testcase name="testDeleteBucketLink" classname="TestRootedOzoneFileSystemWithFSO" time="0.067">
    <system-out><![CDATA[2023-09-29 09:15:16,480 [Time-limited test] INFO  rpc.RpcClient (RpcClient.java:createVolume(462)) - Creating Volume: volume97899, with user78250 as owner and space quota set to -1 bytes, counts quota set to -1
2023-09-29 09:15:16,481 [IPC Server handler 12 on default port 15057] INFO  volume.OMVolumeCreateRequest (OMVolumeCreateRequest.java:validateAndUpdateCache(196)) - created volume:volume97899 for user:user78250
2023-09-29 09:15:16,482 [Time-limited test] INFO  rpc.RpcClient (RpcClient.java:createBucket(689)) - Creating Bucket: volume97899/bucket75070, with bucket layout FILE_SYSTEM_OPTIMIZED, runner as owner, Versioning false, Storage Type set to DISK and Encryption set to false, Replication Type set to server-side default replication type, Namespace Quota set to -1, Space Quota set to -1 
2023-09-29 09:15:16,483 [IPC Server handler 10 on default port 15057] INFO  bucket.OMBucketCreateRequest (OMBucketCreateRequest.java:validateAndUpdateCache(270)) - created bucket: bucket75070 of layout FILE_SYSTEM_OPTIMIZED in volume: volume97899
09:15:16.485 [IPC Server handler 15 on default port 15057] ERROR OMAudit - user=runner | ip=127.0.0.1 | op=READ_BUCKET {volume=volume-45151, bucket=bucket} | ret=FAILURE
org.apache.hadoop.ozone.om.exceptions.OMException: Volume not found when getting bucket info
	at org.apache.hadoop.ozone.om.BucketManagerImpl.getBucketInfo(BucketManagerImpl.java:81) ~[ozone-manager-1.4.0-SNAPSHOT.jar:?]
	at org.apache.hadoop.ozone.om.OzoneManager.getBucketInfo(OzoneManager.java:2798) ~[ozone-manager-1.4.0-SNAPSHOT.jar:?]
	at org.apache.hadoop.ozone.protocolPB.OzoneManagerRequestHandler.infoBucket(OzoneManagerRequestHandler.java:554) ~[ozone-manager-1.4.0-SNAPSHOT.jar:?]
	at org.apache.hadoop.ozone.protocolPB.OzoneManagerRequestHandler.handleReadRequest(OzoneManagerRequestHandler.java:204) ~[ozone-manager-1.4.0-SNAPSHOT.jar:?]
	at org.apache.hadoop.ozone.protocolPB.OzoneManagerProtocolServerSideTranslatorPB.submitRequestDirectlyToOM(OzoneManagerProtocolServerSideTranslatorPB.java:274) ~[ozone-manager-1.4.0-SNAPSHOT.jar:?]
	at org.apache.hadoop.ozone.protocolPB.OzoneManagerProtocolServerSideTranslatorPB.processRequest(OzoneManagerProtocolServerSideTranslatorPB.java:175) ~[ozone-manager-1.4.0-SNAPSHOT.jar:?]
	at org.apache.hadoop.hdds.server.OzoneProtocolMessageDispatcher.processRequest(OzoneProtocolMessageDispatcher.java:87) [hdds-server-framework-1.4.0-SNAPSHOT.jar:?]
	at org.apache.hadoop.ozone.protocolPB.OzoneManagerProtocolServerSideTranslatorPB.submitRequest(OzoneManagerProtocolServerSideTranslatorPB.java:148) [ozone-manager-1.4.0-SNAPSHOT.jar:?]
	at org.apache.hadoop.ozone.protocol.proto.OzoneManagerProtocolProtos$OzoneManagerService$2.callBlockingMethod(OzoneManagerProtocolProtos.java) [ozone-interface-client-1.4.0-SNAPSHOT.jar:?]
	at org.apache.hadoop.ipc.ProtobufRpcEngine$Server.processCall(ProtobufRpcEngine.java:484) [hadoop-common-3.3.6.jar:?]
	at org.apache.hadoop.ipc.ProtobufRpcEngine2$Server$ProtoBufRpcInvoker.call(ProtobufRpcEngine2.java:595) [hadoop-common-3.3.6.jar:?]
	at org.apache.hadoop.ipc.ProtobufRpcEngine2$Server$ProtoBufRpcInvoker.call(ProtobufRpcEngine2.java:573) [hadoop-common-3.3.6.jar:?]
	at org.apache.hadoop.ipc.RPC$Server.call(RPC.java:1227) [hadoop-common-3.3.6.jar:?]
	at org.apache.hadoop.ipc.Server$RpcCall.run(Server.java:1094) [hadoop-common-3.3.6.jar:?]
	at org.apache.hadoop.ipc.Server$RpcCall.run(Server.java:1017) [hadoop-common-3.3.6.jar:?]
	at java.security.AccessController.doPrivileged(Native Method) ~[?:1.8.0_382]
	at javax.security.auth.Subject.doAs(Subject.java:422) [?:1.8.0_382]
	at org.apache.hadoop.security.UserGroupInformation.doAs(UserGroupInformation.java:1899) [hadoop-common-3.3.6.jar:?]
	at org.apache.hadoop.ipc.Server$Handler.run(Server.java:3048) [hadoop-common-3.3.6.jar:?]
2023-09-29 09:15:16,485 [Time-limited test] INFO  rpc.RpcClient (RpcClient.java:createVolume(462)) - Creating Volume: volume-45151, with runner as owner and space quota set to -1 bytes, counts quota set to -1
2023-09-29 09:15:16,486 [IPC Server handler 16 on default port 15057] INFO  volume.OMVolumeCreateRequest (OMVolumeCreateRequest.java:validateAndUpdateCache(196)) - created volume:volume-45151 for user:runner
2023-09-29 09:15:16,487 [Time-limited test] INFO  rpc.RpcClient (RpcClient.java:createBucket(689)) - Creating Bucket: volume-45151/bucket, with bucket layout FILE_SYSTEM_OPTIMIZED, runner as owner, Versioning false, Storage Type set to DISK and Encryption set to false, Replication Type set to server-side default replication type, Namespace Quota set to -1, Space Quota set to -1 
2023-09-29 09:15:16,487 [IPC Server handler 19 on default port 15057] INFO  bucket.OMBucketCreateRequest (OMBucketCreateRequest.java:validateAndUpdateCache(270)) - created bucket: bucket of layout FILE_SYSTEM_OPTIMIZED in volume: volume-45151
2023-09-29 09:15:16,491 [Time-limited test] INFO  rpc.RpcClient (RpcClient.java:createVolume(462)) - Creating Volume: volume-45863, with runner as owner and space quota set to -1 bytes, counts quota set to -1
2023-09-29 09:15:16,491 [IPC Server handler 6 on default port 15057] INFO  volume.OMVolumeCreateRequest (OMVolumeCreateRequest.java:validateAndUpdateCache(196)) - created volume:volume-45863 for user:runner
2023-09-29 09:15:16,493 [Time-limited test] INFO  rpc.RpcClient (RpcClient.java:createBucket(689)) - Creating Bucket: volume-45863/link, with server-side default bucket layout, runner as owner, Versioning false, Storage Type set to DISK and Encryption set to false, Replication Type set to server-side default replication type, Namespace Quota set to -1, Space Quota set to -1 
2023-09-29 09:15:16,494 [IPC Server handler 9 on default port 15057] INFO  bucket.OMBucketCreateRequest (OMBucketCreateRequest.java:validateAndUpdateCache(270)) - created bucket: link of layout FILE_SYSTEM_OPTIMIZED in volume: volume-45863
09:15:16.499 [IPC Server handler 10 on default port 15057] ERROR OMAudit - user=runner | ip=127.0.0.1 | op=DELETE_VOLUME {volume=volume-45863} | ret=FAILURE
org.apache.hadoop.ozone.om.exceptions.OMException: null
	at org.apache.hadoop.ozone.om.request.volume.OMVolumeDeleteRequest.validateAndUpdateCache(OMVolumeDeleteRequest.java:121) ~[ozone-manager-1.4.0-SNAPSHOT.jar:?]
	at org.apache.hadoop.ozone.protocolPB.OzoneManagerRequestHandler.handleWriteRequest(OzoneManagerRequestHandler.java:382) ~[ozone-manager-1.4.0-SNAPSHOT.jar:?]
	at org.apache.hadoop.ozone.protocolPB.OzoneManagerProtocolServerSideTranslatorPB.submitRequestDirectlyToOM(OzoneManagerProtocolServerSideTranslatorPB.java:280) ~[ozone-manager-1.4.0-SNAPSHOT.jar:?]
	at org.apache.hadoop.ozone.protocolPB.OzoneManagerProtocolServerSideTranslatorPB.processRequest(OzoneManagerProtocolServerSideTranslatorPB.java:175) ~[ozone-manager-1.4.0-SNAPSHOT.jar:?]
	at org.apache.hadoop.hdds.server.OzoneProtocolMessageDispatcher.processRequest(OzoneProtocolMessageDispatcher.java:87) [hdds-server-framework-1.4.0-SNAPSHOT.jar:?]
	at org.apache.hadoop.ozone.protocolPB.OzoneManagerProtocolServerSideTranslatorPB.submitRequest(OzoneManagerProtocolServerSideTranslatorPB.java:148) [ozone-manager-1.4.0-SNAPSHOT.jar:?]
	at org.apache.hadoop.ozone.protocol.proto.OzoneManagerProtocolProtos$OzoneManagerService$2.callBlockingMethod(OzoneManagerProtocolProtos.java) [ozone-interface-client-1.4.0-SNAPSHOT.jar:?]
	at org.apache.hadoop.ipc.ProtobufRpcEngine$Server.processCall(ProtobufRpcEngine.java:484) [hadoop-common-3.3.6.jar:?]
	at org.apache.hadoop.ipc.ProtobufRpcEngine2$Server$ProtoBufRpcInvoker.call(ProtobufRpcEngine2.java:595) [hadoop-common-3.3.6.jar:?]
	at org.apache.hadoop.ipc.ProtobufRpcEngine2$Server$ProtoBufRpcInvoker.call(ProtobufRpcEngine2.java:573) [hadoop-common-3.3.6.jar:?]
	at org.apache.hadoop.ipc.RPC$Server.call(RPC.java:1227) [hadoop-common-3.3.6.jar:?]
	at org.apache.hadoop.ipc.Server$RpcCall.run(Server.java:1094) [hadoop-common-3.3.6.jar:?]
	at org.apache.hadoop.ipc.Server$RpcCall.run(Server.java:1017) [hadoop-common-3.3.6.jar:?]
	at java.security.AccessController.doPrivileged(Native Method) ~[?:1.8.0_382]
	at javax.security.auth.Subject.doAs(Subject.java:422) [?:1.8.0_382]
	at org.apache.hadoop.security.UserGroupInformation.doAs(UserGroupInformation.java:1899) [hadoop-common-3.3.6.jar:?]
	at org.apache.hadoop.ipc.Server$Handler.run(Server.java:3048) [hadoop-common-3.3.6.jar:?]
2023-09-29 09:15:16,499 [IPC Server handler 10 on default port 15057] ERROR volume.OMVolumeDeleteRequest (OMVolumeDeleteRequest.java:validateAndUpdateCache(168)) - Volume deletion failed for user:runner volume:volume-45863
VOLUME_NOT_EMPTY org.apache.hadoop.ozone.om.exceptions.OMException
	at org.apache.hadoop.ozone.om.request.volume.OMVolumeDeleteRequest.validateAndUpdateCache(OMVolumeDeleteRequest.java:121)
	at org.apache.hadoop.ozone.protocolPB.OzoneManagerRequestHandler.handleWriteRequest(OzoneManagerRequestHandler.java:382)
	at org.apache.hadoop.ozone.protocolPB.OzoneManagerProtocolServerSideTranslatorPB.submitRequestDirectlyToOM(OzoneManagerProtocolServerSideTranslatorPB.java:280)
	at org.apache.hadoop.ozone.protocolPB.OzoneManagerProtocolServerSideTranslatorPB.processRequest(OzoneManagerProtocolServerSideTranslatorPB.java:175)
	at org.apache.hadoop.hdds.server.OzoneProtocolMessageDispatcher.processRequest(OzoneProtocolMessageDispatcher.java:87)
	at org.apache.hadoop.ozone.protocolPB.OzoneManagerProtocolServerSideTranslatorPB.submitRequest(OzoneManagerProtocolServerSideTranslatorPB.java:148)
	at org.apache.hadoop.ozone.protocol.proto.OzoneManagerProtocolProtos$OzoneManagerService$2.callBlockingMethod(OzoneManagerProtocolProtos.java)
	at org.apache.hadoop.ipc.ProtobufRpcEngine$Server.processCall(ProtobufRpcEngine.java:484)
	at org.apache.hadoop.ipc.ProtobufRpcEngine2$Server$ProtoBufRpcInvoker.call(ProtobufRpcEngine2.java:595)
	at org.apache.hadoop.ipc.ProtobufRpcEngine2$Server$ProtoBufRpcInvoker.call(ProtobufRpcEngine2.java:573)
	at org.apache.hadoop.ipc.RPC$Server.call(RPC.java:1227)
	at org.apache.hadoop.ipc.Server$RpcCall.run(Server.java:1094)
	at org.apache.hadoop.ipc.Server$RpcCall.run(Server.java:1017)
	at java.security.AccessController.doPrivileged(Native Method)
	at javax.security.auth.Subject.doAs(Subject.java:422)
	at org.apache.hadoop.security.UserGroupInformation.doAs(UserGroupInformation.java:1899)
	at org.apache.hadoop.ipc.Server$Handler.run(Server.java:3048)
09:15:16.508 [IPC Server handler 9 on default port 15057] ERROR OMAudit - user=runner | ip=127.0.0.1 | op=READ_BUCKET {volume=volume-45863, bucket=link} | ret=FAILURE
org.apache.hadoop.ozone.om.exceptions.OMException: Volume not found when getting bucket info
	at org.apache.hadoop.ozone.om.BucketManagerImpl.getBucketInfo(BucketManagerImpl.java:81) ~[ozone-manager-1.4.0-SNAPSHOT.jar:?]
	at org.apache.hadoop.ozone.om.OzoneManager.getBucketInfo(OzoneManager.java:2798) ~[ozone-manager-1.4.0-SNAPSHOT.jar:?]
	at org.apache.hadoop.ozone.protocolPB.OzoneManagerRequestHandler.infoBucket(OzoneManagerRequestHandler.java:554) ~[ozone-manager-1.4.0-SNAPSHOT.jar:?]
	at org.apache.hadoop.ozone.protocolPB.OzoneManagerRequestHandler.handleReadRequest(OzoneManagerRequestHandler.java:204) ~[ozone-manager-1.4.0-SNAPSHOT.jar:?]
	at org.apache.hadoop.ozone.protocolPB.OzoneManagerProtocolServerSideTranslatorPB.submitRequestDirectlyToOM(OzoneManagerProtocolServerSideTranslatorPB.java:274) ~[ozone-manager-1.4.0-SNAPSHOT.jar:?]
	at org.apache.hadoop.ozone.protocolPB.OzoneManagerProtocolServerSideTranslatorPB.processRequest(OzoneManagerProtocolServerSideTranslatorPB.java:175) ~[ozone-manager-1.4.0-SNAPSHOT.jar:?]
	at org.apache.hadoop.hdds.server.OzoneProtocolMessageDispatcher.processRequest(OzoneProtocolMessageDispatcher.java:87) [hdds-server-framework-1.4.0-SNAPSHOT.jar:?]
	at org.apache.hadoop.ozone.protocolPB.OzoneManagerProtocolServerSideTranslatorPB.submitRequest(OzoneManagerProtocolServerSideTranslatorPB.java:148) [ozone-manager-1.4.0-SNAPSHOT.jar:?]
	at org.apache.hadoop.ozone.protocol.proto.OzoneManagerProtocolProtos$OzoneManagerService$2.callBlockingMethod(OzoneManagerProtocolProtos.java) [ozone-interface-client-1.4.0-SNAPSHOT.jar:?]
	at org.apache.hadoop.ipc.ProtobufRpcEngine$Server.processCall(ProtobufRpcEngine.java:484) [hadoop-common-3.3.6.jar:?]
	at org.apache.hadoop.ipc.ProtobufRpcEngine2$Server$ProtoBufRpcInvoker.call(ProtobufRpcEngine2.java:595) [hadoop-common-3.3.6.jar:?]
	at org.apache.hadoop.ipc.ProtobufRpcEngine2$Server$ProtoBufRpcInvoker.call(ProtobufRpcEngine2.java:573) [hadoop-common-3.3.6.jar:?]
	at org.apache.hadoop.ipc.RPC$Server.call(RPC.java:1227) [hadoop-common-3.3.6.jar:?]
	at org.apache.hadoop.ipc.Server$RpcCall.run(Server.java:1094) [hadoop-common-3.3.6.jar:?]
	at org.apache.hadoop.ipc.Server$RpcCall.run(Server.java:1017) [hadoop-common-3.3.6.jar:?]
	at java.security.AccessController.doPrivileged(Native Method) ~[?:1.8.0_382]
	at javax.security.auth.Subject.doAs(Subject.java:422) [?:1.8.0_382]
	at org.apache.hadoop.security.UserGroupInformation.doAs(UserGroupInformation.java:1899) [hadoop-common-3.3.6.jar:?]
	at org.apache.hadoop.ipc.Server$Handler.run(Server.java:3048) [hadoop-common-3.3.6.jar:?]
]]></system-out>
  </testcase>
  <testcase name="testBucketDefaultsShouldNotBeInheritedToFileForNonEC" classname="TestRootedOzoneFileSystemWithFSO" time="0.174">
    <system-out><![CDATA[2023-09-29 09:13:32,179 [Time-limited test] INFO  rpc.RpcClient (RpcClient.java:createVolume(462)) - Creating Volume: volume89749, with user12124 as owner and space quota set to -1 bytes, counts quota set to -1
2023-09-29 09:13:32,182 [OM StateMachine ApplyTransaction Thread - 0] INFO  volume.OMVolumeCreateRequest (OMVolumeCreateRequest.java:validateAndUpdateCache(196)) - created volume:volume89749 for user:user12124
2023-09-29 09:13:32,184 [Time-limited test] INFO  rpc.RpcClient (RpcClient.java:createBucket(689)) - Creating Bucket: volume89749/bucket76426, with bucket layout FILE_SYSTEM_OPTIMIZED, runner as owner, Versioning false, Storage Type set to DISK and Encryption set to false, Replication Type set to server-side default replication type, Namespace Quota set to -1, Space Quota set to -1 
2023-09-29 09:13:32,186 [OM StateMachine ApplyTransaction Thread - 0] INFO  bucket.OMBucketCreateRequest (OMBucketCreateRequest.java:validateAndUpdateCache(270)) - created bucket: bucket76426 of layout FILE_SYSTEM_OPTIMIZED in volume: volume89749
2023-09-29 09:13:32,206 [Time-limited test] INFO  rpc.RpcClient (RpcClient.java:createVolume(462)) - Creating Volume: 193f4550-df68-4bdc-aa8e-b2667106f480, with user87647 as owner and space quota set to -1 bytes, counts quota set to -1
2023-09-29 09:13:32,209 [OM StateMachine ApplyTransaction Thread - 0] INFO  volume.OMVolumeCreateRequest (OMVolumeCreateRequest.java:validateAndUpdateCache(196)) - created volume:193f4550-df68-4bdc-aa8e-b2667106f480 for user:user87647
2023-09-29 09:13:32,212 [Time-limited test] INFO  rpc.RpcClient (RpcClient.java:createBucket(689)) - Creating Bucket: 193f4550-df68-4bdc-aa8e-b2667106f480/ce4dd1bc-03b8-4ade-b905-d16dbbc8fdff, with bucket layout LEGACY, runner as owner, Versioning false, Storage Type set to DISK and Encryption set to false, Replication Type set to STAND_ALONE, Namespace Quota set to -1, Space Quota set to -1 
2023-09-29 09:13:32,217 [OM StateMachine ApplyTransaction Thread - 0] INFO  bucket.OMBucketCreateRequest (OMBucketCreateRequest.java:validateAndUpdateCache(270)) - created bucket: ce4dd1bc-03b8-4ade-b905-d16dbbc8fdff of layout LEGACY in volume: 193f4550-df68-4bdc-aa8e-b2667106f480
2023-09-29 09:13:32,295 [IPC Server handler 12 on default port 15001] WARN  node.SCMNodeManager (SCMNodeManager.java:getNodesByAddress(1373)) - Cannot find node for address 127.0.0.1
]]></system-out>
  </testcase>
  <testcase name="testBucketDefaultsShouldNotBeInheritedToFileForNonEC" classname="TestRootedOzoneFileSystemWithFSO" time="0.142">
    <system-out><![CDATA[2023-09-29 09:15:16,543 [Time-limited test] INFO  rpc.RpcClient (RpcClient.java:createVolume(462)) - Creating Volume: volume42965, with user94031 as owner and space quota set to -1 bytes, counts quota set to -1
2023-09-29 09:15:16,544 [IPC Server handler 18 on default port 15057] INFO  volume.OMVolumeCreateRequest (OMVolumeCreateRequest.java:validateAndUpdateCache(196)) - created volume:volume42965 for user:user94031
2023-09-29 09:15:16,545 [Time-limited test] INFO  rpc.RpcClient (RpcClient.java:createBucket(689)) - Creating Bucket: volume42965/bucket72133, with bucket layout FILE_SYSTEM_OPTIMIZED, runner as owner, Versioning false, Storage Type set to DISK and Encryption set to false, Replication Type set to server-side default replication type, Namespace Quota set to -1, Space Quota set to -1 
2023-09-29 09:15:16,545 [IPC Server handler 1 on default port 15057] INFO  bucket.OMBucketCreateRequest (OMBucketCreateRequest.java:validateAndUpdateCache(270)) - created bucket: bucket72133 of layout FILE_SYSTEM_OPTIMIZED in volume: volume42965
2023-09-29 09:15:16,562 [Time-limited test] INFO  rpc.RpcClient (RpcClient.java:createVolume(462)) - Creating Volume: cdde32cd-eb12-463d-ad6b-723444d040b5, with user99421 as owner and space quota set to -1 bytes, counts quota set to -1
2023-09-29 09:15:16,562 [IPC Server handler 2 on default port 15057] INFO  volume.OMVolumeCreateRequest (OMVolumeCreateRequest.java:validateAndUpdateCache(196)) - created volume:cdde32cd-eb12-463d-ad6b-723444d040b5 for user:user99421
2023-09-29 09:15:16,563 [Time-limited test] INFO  rpc.RpcClient (RpcClient.java:createBucket(689)) - Creating Bucket: cdde32cd-eb12-463d-ad6b-723444d040b5/faefb70f-fd0c-477d-9edc-956ad4769103, with bucket layout LEGACY, runner as owner, Versioning false, Storage Type set to DISK and Encryption set to false, Replication Type set to STAND_ALONE, Namespace Quota set to -1, Space Quota set to -1 
2023-09-29 09:15:16,565 [IPC Server handler 5 on default port 15057] INFO  bucket.OMBucketCreateRequest (OMBucketCreateRequest.java:validateAndUpdateCache(270)) - created bucket: faefb70f-fd0c-477d-9edc-956ad4769103 of layout LEGACY in volume: cdde32cd-eb12-463d-ad6b-723444d040b5
2023-09-29 09:15:16,660 [IPC Server handler 6 on default port 15054] WARN  node.SCMNodeManager (SCMNodeManager.java:getNodesByAddress(1373)) - Cannot find node for address 127.0.0.1
]]></system-out>
  </testcase>
  <testcase name="testTrash" classname="TestRootedOzoneFileSystemWithFSO" time="4.27">
    <system-out><![CDATA[2023-09-29 09:13:32,341 [Time-limited test] INFO  rpc.RpcClient (RpcClient.java:createVolume(462)) - Creating Volume: volume77584, with user03541 as owner and space quota set to -1 bytes, counts quota set to -1
2023-09-29 09:13:32,343 [OM StateMachine ApplyTransaction Thread - 0] INFO  volume.OMVolumeCreateRequest (OMVolumeCreateRequest.java:validateAndUpdateCache(196)) - created volume:volume77584 for user:user03541
2023-09-29 09:13:32,345 [Time-limited test] INFO  rpc.RpcClient (RpcClient.java:createBucket(689)) - Creating Bucket: volume77584/bucket36985, with bucket layout FILE_SYSTEM_OPTIMIZED, runner as owner, Versioning false, Storage Type set to DISK and Encryption set to false, Replication Type set to server-side default replication type, Namespace Quota set to -1, Space Quota set to -1 
2023-09-29 09:13:32,349 [OM StateMachine ApplyTransaction Thread - 0] INFO  bucket.OMBucketCreateRequest (OMBucketCreateRequest.java:validateAndUpdateCache(270)) - created bucket: bucket36985 of layout FILE_SYSTEM_OPTIMIZED in volume: volume77584
2023-09-29 09:13:32,430 [Time-limited test] INFO  rpc.RpcClient (RpcClient.java:createVolume(462)) - Creating Volume: volume93717, with user64996 as owner and space quota set to -1 bytes, counts quota set to -1
2023-09-29 09:13:32,431 [OM StateMachine ApplyTransaction Thread - 0] INFO  volume.OMVolumeCreateRequest (OMVolumeCreateRequest.java:validateAndUpdateCache(196)) - created volume:volume93717 for user:user64996
2023-09-29 09:13:32,433 [Time-limited test] INFO  rpc.RpcClient (RpcClient.java:createBucket(689)) - Creating Bucket: volume93717/bucket43962, with bucket layout FILE_SYSTEM_OPTIMIZED, runner as owner, Versioning false, Storage Type set to DISK and Encryption set to false, Replication Type set to server-side default replication type, Namespace Quota set to -1, Space Quota set to -1 
2023-09-29 09:13:32,436 [OM StateMachine ApplyTransaction Thread - 0] INFO  bucket.OMBucketCreateRequest (OMBucketCreateRequest.java:validateAndUpdateCache(270)) - created bucket: bucket43962 of layout FILE_SYSTEM_OPTIMIZED in volume: volume93717
09:13:32.497 [IPC Server handler 5 on default port 15004] ERROR OMAudit - user=runner | ip=127.0.0.1 | op=GET_FILE_STATUS {volume=volume77584, bucket=bucket36985, key=.Trash/runner/Current/keyToBeDeleted, dataSize=0, replicationConfig=null} | ret=FAILURE
org.apache.hadoop.ozone.om.exceptions.OMException: Unable to get file status: volume: volume77584 bucket: bucket36985 key: .Trash/runner/Current/keyToBeDeleted
	at org.apache.hadoop.ozone.om.KeyManagerImpl.getOzoneFileStatusFSO(KeyManagerImpl.java:1330) ~[ozone-manager-1.4.0-SNAPSHOT.jar:?]
	at org.apache.hadoop.ozone.om.KeyManagerImpl.getFileStatus(KeyManagerImpl.java:1114) ~[ozone-manager-1.4.0-SNAPSHOT.jar:?]
	at org.apache.hadoop.ozone.om.OmMetadataReader.getFileStatus(OmMetadataReader.java:266) ~[ozone-manager-1.4.0-SNAPSHOT.jar:?]
	at org.apache.hadoop.ozone.om.OzoneManager.getFileStatus(OzoneManager.java:3552) ~[ozone-manager-1.4.0-SNAPSHOT.jar:?]
	at org.apache.hadoop.ozone.protocolPB.OzoneManagerRequestHandler.getOzoneFileStatus(OzoneManagerRequestHandler.java:998) ~[ozone-manager-1.4.0-SNAPSHOT.jar:?]
	at org.apache.hadoop.ozone.protocolPB.OzoneManagerRequestHandler.handleReadRequest(OzoneManagerRequestHandler.java:259) ~[ozone-manager-1.4.0-SNAPSHOT.jar:?]
	at org.apache.hadoop.ozone.protocolPB.OzoneManagerProtocolServerSideTranslatorPB.submitReadRequestToOM(OzoneManagerProtocolServerSideTranslatorPB.java:225) ~[ozone-manager-1.4.0-SNAPSHOT.jar:?]
	at org.apache.hadoop.ozone.protocolPB.OzoneManagerProtocolServerSideTranslatorPB.processRequest(OzoneManagerProtocolServerSideTranslatorPB.java:179) ~[ozone-manager-1.4.0-SNAPSHOT.jar:?]
	at org.apache.hadoop.hdds.server.OzoneProtocolMessageDispatcher.processRequest(OzoneProtocolMessageDispatcher.java:87) [hdds-server-framework-1.4.0-SNAPSHOT.jar:?]
	at org.apache.hadoop.ozone.protocolPB.OzoneManagerProtocolServerSideTranslatorPB.submitRequest(OzoneManagerProtocolServerSideTranslatorPB.java:148) [ozone-manager-1.4.0-SNAPSHOT.jar:?]
	at org.apache.hadoop.ozone.protocol.proto.OzoneManagerProtocolProtos$OzoneManagerService$2.callBlockingMethod(OzoneManagerProtocolProtos.java) [ozone-interface-client-1.4.0-SNAPSHOT.jar:?]
	at org.apache.hadoop.ipc.ProtobufRpcEngine$Server.processCall(ProtobufRpcEngine.java:484) [hadoop-common-3.3.6.jar:?]
	at org.apache.hadoop.ipc.ProtobufRpcEngine2$Server$ProtoBufRpcInvoker.call(ProtobufRpcEngine2.java:595) [hadoop-common-3.3.6.jar:?]
	at org.apache.hadoop.ipc.ProtobufRpcEngine2$Server$ProtoBufRpcInvoker.call(ProtobufRpcEngine2.java:573) [hadoop-common-3.3.6.jar:?]
	at org.apache.hadoop.ipc.RPC$Server.call(RPC.java:1227) [hadoop-common-3.3.6.jar:?]
	at org.apache.hadoop.ipc.Server$RpcCall.run(Server.java:1094) [hadoop-common-3.3.6.jar:?]
	at org.apache.hadoop.ipc.Server$RpcCall.run(Server.java:1017) [hadoop-common-3.3.6.jar:?]
	at java.security.AccessController.doPrivileged(Native Method) ~[?:1.8.0_382]
	at javax.security.auth.Subject.doAs(Subject.java:422) [?:1.8.0_382]
	at org.apache.hadoop.security.UserGroupInformation.doAs(UserGroupInformation.java:1899) [hadoop-common-3.3.6.jar:?]
	at org.apache.hadoop.ipc.Server$Handler.run(Server.java:3048) [hadoop-common-3.3.6.jar:?]
2023-09-29 09:13:32,503 [Time-limited test] INFO  om.TrashPolicyOzone (TrashPolicyOzone.java:moveToTrash(213)) - Moved: '/volume77584/bucket36985/keyToBeDeleted' to trash at: ofs://localhost:15004/volume77584/bucket36985/.Trash/runner/Current/keyToBeDeleted
09:13:32.511 [IPC Server handler 16 on default port 15004] ERROR OMAudit - user=runner | ip=127.0.0.1 | op=GET_FILE_STATUS {volume=volume93717, bucket=bucket43962, key=.Trash/runner/Current/keyToBeDeleted1, dataSize=0, replicationConfig=null} | ret=FAILURE
org.apache.hadoop.ozone.om.exceptions.OMException: Unable to get file status: volume: volume93717 bucket: bucket43962 key: .Trash/runner/Current/keyToBeDeleted1
	at org.apache.hadoop.ozone.om.KeyManagerImpl.getOzoneFileStatusFSO(KeyManagerImpl.java:1330) ~[ozone-manager-1.4.0-SNAPSHOT.jar:?]
	at org.apache.hadoop.ozone.om.KeyManagerImpl.getFileStatus(KeyManagerImpl.java:1114) ~[ozone-manager-1.4.0-SNAPSHOT.jar:?]
	at org.apache.hadoop.ozone.om.OmMetadataReader.getFileStatus(OmMetadataReader.java:266) ~[ozone-manager-1.4.0-SNAPSHOT.jar:?]
	at org.apache.hadoop.ozone.om.OzoneManager.getFileStatus(OzoneManager.java:3552) ~[ozone-manager-1.4.0-SNAPSHOT.jar:?]
	at org.apache.hadoop.ozone.protocolPB.OzoneManagerRequestHandler.getOzoneFileStatus(OzoneManagerRequestHandler.java:998) ~[ozone-manager-1.4.0-SNAPSHOT.jar:?]
	at org.apache.hadoop.ozone.protocolPB.OzoneManagerRequestHandler.handleReadRequest(OzoneManagerRequestHandler.java:259) ~[ozone-manager-1.4.0-SNAPSHOT.jar:?]
	at org.apache.hadoop.ozone.protocolPB.OzoneManagerProtocolServerSideTranslatorPB.submitReadRequestToOM(OzoneManagerProtocolServerSideTranslatorPB.java:225) ~[ozone-manager-1.4.0-SNAPSHOT.jar:?]
	at org.apache.hadoop.ozone.protocolPB.OzoneManagerProtocolServerSideTranslatorPB.processRequest(OzoneManagerProtocolServerSideTranslatorPB.java:179) ~[ozone-manager-1.4.0-SNAPSHOT.jar:?]
	at org.apache.hadoop.hdds.server.OzoneProtocolMessageDispatcher.processRequest(OzoneProtocolMessageDispatcher.java:87) [hdds-server-framework-1.4.0-SNAPSHOT.jar:?]
	at org.apache.hadoop.ozone.protocolPB.OzoneManagerProtocolServerSideTranslatorPB.submitRequest(OzoneManagerProtocolServerSideTranslatorPB.java:148) [ozone-manager-1.4.0-SNAPSHOT.jar:?]
	at org.apache.hadoop.ozone.protocol.proto.OzoneManagerProtocolProtos$OzoneManagerService$2.callBlockingMethod(OzoneManagerProtocolProtos.java) [ozone-interface-client-1.4.0-SNAPSHOT.jar:?]
	at org.apache.hadoop.ipc.ProtobufRpcEngine$Server.processCall(ProtobufRpcEngine.java:484) [hadoop-common-3.3.6.jar:?]
	at org.apache.hadoop.ipc.ProtobufRpcEngine2$Server$ProtoBufRpcInvoker.call(ProtobufRpcEngine2.java:595) [hadoop-common-3.3.6.jar:?]
	at org.apache.hadoop.ipc.ProtobufRpcEngine2$Server$ProtoBufRpcInvoker.call(ProtobufRpcEngine2.java:573) [hadoop-common-3.3.6.jar:?]
	at org.apache.hadoop.ipc.RPC$Server.call(RPC.java:1227) [hadoop-common-3.3.6.jar:?]
	at org.apache.hadoop.ipc.Server$RpcCall.run(Server.java:1094) [hadoop-common-3.3.6.jar:?]
	at org.apache.hadoop.ipc.Server$RpcCall.run(Server.java:1017) [hadoop-common-3.3.6.jar:?]
	at java.security.AccessController.doPrivileged(Native Method) ~[?:1.8.0_382]
	at javax.security.auth.Subject.doAs(Subject.java:422) [?:1.8.0_382]
	at org.apache.hadoop.security.UserGroupInformation.doAs(UserGroupInformation.java:1899) [hadoop-common-3.3.6.jar:?]
	at org.apache.hadoop.ipc.Server$Handler.run(Server.java:3048) [hadoop-common-3.3.6.jar:?]
2023-09-29 09:13:32,516 [Time-limited test] INFO  om.TrashPolicyOzone (TrashPolicyOzone.java:moveToTrash(213)) - Moved: '/volume93717/bucket43962/keyToBeDeleted1' to trash at: ofs://localhost:15004/volume93717/bucket43962/.Trash/runner/Current/keyToBeDeleted1
09:13:33.526 [IPC Server handler 7 on default port 15004] ERROR OMAudit - user=runner | ip=127.0.0.1 | op=GET_FILE_STATUS {volume=volume77584, bucket=bucket36985, key=.Trash/runner/Current/keyToBeDeleted, dataSize=0, replicationConfig=null} | ret=FAILURE
org.apache.hadoop.ozone.om.exceptions.OMException: Unable to get file status: volume: volume77584 bucket: bucket36985 key: .Trash/runner/Current/keyToBeDeleted
	at org.apache.hadoop.ozone.om.KeyManagerImpl.getOzoneFileStatusFSO(KeyManagerImpl.java:1330) ~[ozone-manager-1.4.0-SNAPSHOT.jar:?]
	at org.apache.hadoop.ozone.om.KeyManagerImpl.getFileStatus(KeyManagerImpl.java:1114) ~[ozone-manager-1.4.0-SNAPSHOT.jar:?]
	at org.apache.hadoop.ozone.om.OmMetadataReader.getFileStatus(OmMetadataReader.java:266) ~[ozone-manager-1.4.0-SNAPSHOT.jar:?]
	at org.apache.hadoop.ozone.om.OzoneManager.getFileStatus(OzoneManager.java:3552) ~[ozone-manager-1.4.0-SNAPSHOT.jar:?]
	at org.apache.hadoop.ozone.protocolPB.OzoneManagerRequestHandler.getOzoneFileStatus(OzoneManagerRequestHandler.java:998) ~[ozone-manager-1.4.0-SNAPSHOT.jar:?]
	at org.apache.hadoop.ozone.protocolPB.OzoneManagerRequestHandler.handleReadRequest(OzoneManagerRequestHandler.java:259) ~[ozone-manager-1.4.0-SNAPSHOT.jar:?]
	at org.apache.hadoop.ozone.protocolPB.OzoneManagerProtocolServerSideTranslatorPB.submitReadRequestToOM(OzoneManagerProtocolServerSideTranslatorPB.java:225) ~[ozone-manager-1.4.0-SNAPSHOT.jar:?]
	at org.apache.hadoop.ozone.protocolPB.OzoneManagerProtocolServerSideTranslatorPB.processRequest(OzoneManagerProtocolServerSideTranslatorPB.java:179) ~[ozone-manager-1.4.0-SNAPSHOT.jar:?]
	at org.apache.hadoop.hdds.server.OzoneProtocolMessageDispatcher.processRequest(OzoneProtocolMessageDispatcher.java:87) [hdds-server-framework-1.4.0-SNAPSHOT.jar:?]
	at org.apache.hadoop.ozone.protocolPB.OzoneManagerProtocolServerSideTranslatorPB.submitRequest(OzoneManagerProtocolServerSideTranslatorPB.java:148) [ozone-manager-1.4.0-SNAPSHOT.jar:?]
	at org.apache.hadoop.ozone.protocol.proto.OzoneManagerProtocolProtos$OzoneManagerService$2.callBlockingMethod(OzoneManagerProtocolProtos.java) [ozone-interface-client-1.4.0-SNAPSHOT.jar:?]
	at org.apache.hadoop.ipc.ProtobufRpcEngine$Server.processCall(ProtobufRpcEngine.java:484) [hadoop-common-3.3.6.jar:?]
	at org.apache.hadoop.ipc.ProtobufRpcEngine2$Server$ProtoBufRpcInvoker.call(ProtobufRpcEngine2.java:595) [hadoop-common-3.3.6.jar:?]
	at org.apache.hadoop.ipc.ProtobufRpcEngine2$Server$ProtoBufRpcInvoker.call(ProtobufRpcEngine2.java:573) [hadoop-common-3.3.6.jar:?]
	at org.apache.hadoop.ipc.RPC$Server.call(RPC.java:1227) [hadoop-common-3.3.6.jar:?]
	at org.apache.hadoop.ipc.Server$RpcCall.run(Server.java:1094) [hadoop-common-3.3.6.jar:?]
	at org.apache.hadoop.ipc.Server$RpcCall.run(Server.java:1017) [hadoop-common-3.3.6.jar:?]
	at java.security.AccessController.doPrivileged(Native Method) ~[?:1.8.0_382]
	at javax.security.auth.Subject.doAs(Subject.java:422) [?:1.8.0_382]
	at org.apache.hadoop.security.UserGroupInformation.doAs(UserGroupInformation.java:1899) [hadoop-common-3.3.6.jar:?]
	at org.apache.hadoop.ipc.Server$Handler.run(Server.java:3048) [hadoop-common-3.3.6.jar:?]
09:13:33.529 [IPC Server handler 1 on default port 15004] ERROR OMAudit - user=runner | ip=127.0.0.1 | op=GET_FILE_STATUS {volume=volume77584, bucket=bucket36985, key=.Trash/runner/Current/keyToBeDeleted1, dataSize=0, replicationConfig=null} | ret=FAILURE
org.apache.hadoop.ozone.om.exceptions.OMException: Unable to get file status: volume: volume77584 bucket: bucket36985 key: .Trash/runner/Current/keyToBeDeleted1
	at org.apache.hadoop.ozone.om.KeyManagerImpl.getOzoneFileStatusFSO(KeyManagerImpl.java:1330) ~[ozone-manager-1.4.0-SNAPSHOT.jar:?]
	at org.apache.hadoop.ozone.om.KeyManagerImpl.getFileStatus(KeyManagerImpl.java:1114) ~[ozone-manager-1.4.0-SNAPSHOT.jar:?]
	at org.apache.hadoop.ozone.om.OmMetadataReader.getFileStatus(OmMetadataReader.java:266) ~[ozone-manager-1.4.0-SNAPSHOT.jar:?]
	at org.apache.hadoop.ozone.om.OzoneManager.getFileStatus(OzoneManager.java:3552) ~[ozone-manager-1.4.0-SNAPSHOT.jar:?]
	at org.apache.hadoop.ozone.protocolPB.OzoneManagerRequestHandler.getOzoneFileStatus(OzoneManagerRequestHandler.java:998) ~[ozone-manager-1.4.0-SNAPSHOT.jar:?]
	at org.apache.hadoop.ozone.protocolPB.OzoneManagerRequestHandler.handleReadRequest(OzoneManagerRequestHandler.java:259) ~[ozone-manager-1.4.0-SNAPSHOT.jar:?]
	at org.apache.hadoop.ozone.protocolPB.OzoneManagerProtocolServerSideTranslatorPB.submitReadRequestToOM(OzoneManagerProtocolServerSideTranslatorPB.java:225) ~[ozone-manager-1.4.0-SNAPSHOT.jar:?]
	at org.apache.hadoop.ozone.protocolPB.OzoneManagerProtocolServerSideTranslatorPB.processRequest(OzoneManagerProtocolServerSideTranslatorPB.java:179) ~[ozone-manager-1.4.0-SNAPSHOT.jar:?]
	at org.apache.hadoop.hdds.server.OzoneProtocolMessageDispatcher.processRequest(OzoneProtocolMessageDispatcher.java:87) [hdds-server-framework-1.4.0-SNAPSHOT.jar:?]
	at org.apache.hadoop.ozone.protocolPB.OzoneManagerProtocolServerSideTranslatorPB.submitRequest(OzoneManagerProtocolServerSideTranslatorPB.java:148) [ozone-manager-1.4.0-SNAPSHOT.jar:?]
	at org.apache.hadoop.ozone.protocol.proto.OzoneManagerProtocolProtos$OzoneManagerService$2.callBlockingMethod(OzoneManagerProtocolProtos.java) [ozone-interface-client-1.4.0-SNAPSHOT.jar:?]
	at org.apache.hadoop.ipc.ProtobufRpcEngine$Server.processCall(ProtobufRpcEngine.java:484) [hadoop-common-3.3.6.jar:?]
	at org.apache.hadoop.ipc.ProtobufRpcEngine2$Server$ProtoBufRpcInvoker.call(ProtobufRpcEngine2.java:595) [hadoop-common-3.3.6.jar:?]
	at org.apache.hadoop.ipc.ProtobufRpcEngine2$Server$ProtoBufRpcInvoker.call(ProtobufRpcEngine2.java:573) [hadoop-common-3.3.6.jar:?]
	at org.apache.hadoop.ipc.RPC$Server.call(RPC.java:1227) [hadoop-common-3.3.6.jar:?]
	at org.apache.hadoop.ipc.Server$RpcCall.run(Server.java:1094) [hadoop-common-3.3.6.jar:?]
	at org.apache.hadoop.ipc.Server$RpcCall.run(Server.java:1017) [hadoop-common-3.3.6.jar:?]
	at java.security.AccessController.doPrivileged(Native Method) ~[?:1.8.0_382]
	at javax.security.auth.Subject.doAs(Subject.java:422) [?:1.8.0_382]
	at org.apache.hadoop.security.UserGroupInformation.doAs(UserGroupInformation.java:1899) [hadoop-common-3.3.6.jar:?]
	at org.apache.hadoop.ipc.Server$Handler.run(Server.java:3048) [hadoop-common-3.3.6.jar:?]
]]></system-out>
  </testcase>
  <testcase name="testTrash" classname="TestRootedOzoneFileSystemWithFSO" time="5.179">
    <system-out><![CDATA[2023-09-29 09:15:16,683 [Time-limited test] INFO  rpc.RpcClient (RpcClient.java:createVolume(462)) - Creating Volume: volume56020, with user95664 as owner and space quota set to -1 bytes, counts quota set to -1
2023-09-29 09:15:16,684 [IPC Server handler 6 on default port 15057] INFO  volume.OMVolumeCreateRequest (OMVolumeCreateRequest.java:validateAndUpdateCache(196)) - created volume:volume56020 for user:user95664
2023-09-29 09:15:16,686 [Time-limited test] INFO  rpc.RpcClient (RpcClient.java:createBucket(689)) - Creating Bucket: volume56020/bucket76249, with bucket layout FILE_SYSTEM_OPTIMIZED, runner as owner, Versioning false, Storage Type set to DISK and Encryption set to false, Replication Type set to server-side default replication type, Namespace Quota set to -1, Space Quota set to -1 
2023-09-29 09:15:16,686 [IPC Server handler 9 on default port 15057] INFO  bucket.OMBucketCreateRequest (OMBucketCreateRequest.java:validateAndUpdateCache(270)) - created bucket: bucket76249 of layout FILE_SYSTEM_OPTIMIZED in volume: volume56020
2023-09-29 09:15:16,734 [Time-limited test] INFO  rpc.RpcClient (RpcClient.java:createVolume(462)) - Creating Volume: volume85451, with user21442 as owner and space quota set to -1 bytes, counts quota set to -1
2023-09-29 09:15:16,734 [IPC Server handler 3 on default port 15057] INFO  volume.OMVolumeCreateRequest (OMVolumeCreateRequest.java:validateAndUpdateCache(196)) - created volume:volume85451 for user:user21442
2023-09-29 09:15:16,735 [Time-limited test] INFO  rpc.RpcClient (RpcClient.java:createBucket(689)) - Creating Bucket: volume85451/bucket13686, with bucket layout FILE_SYSTEM_OPTIMIZED, runner as owner, Versioning false, Storage Type set to DISK and Encryption set to false, Replication Type set to server-side default replication type, Namespace Quota set to -1, Space Quota set to -1 
2023-09-29 09:15:16,736 [IPC Server handler 14 on default port 15057] INFO  bucket.OMBucketCreateRequest (OMBucketCreateRequest.java:validateAndUpdateCache(270)) - created bucket: bucket13686 of layout FILE_SYSTEM_OPTIMIZED in volume: volume85451
09:15:16.784 [IPC Server handler 5 on default port 15057] ERROR OMAudit - user=runner | ip=127.0.0.1 | op=GET_FILE_STATUS {volume=volume56020, bucket=bucket76249, key=.Trash/runner/Current/keyToBeDeleted, dataSize=0, replicationConfig=null} | ret=FAILURE
org.apache.hadoop.ozone.om.exceptions.OMException: Unable to get file status: volume: volume56020 bucket: bucket76249 key: .Trash/runner/Current/keyToBeDeleted
	at org.apache.hadoop.ozone.om.KeyManagerImpl.getOzoneFileStatusFSO(KeyManagerImpl.java:1330) ~[ozone-manager-1.4.0-SNAPSHOT.jar:?]
	at org.apache.hadoop.ozone.om.KeyManagerImpl.getFileStatus(KeyManagerImpl.java:1114) ~[ozone-manager-1.4.0-SNAPSHOT.jar:?]
	at org.apache.hadoop.ozone.om.OmMetadataReader.getFileStatus(OmMetadataReader.java:266) ~[ozone-manager-1.4.0-SNAPSHOT.jar:?]
	at org.apache.hadoop.ozone.om.OzoneManager.getFileStatus(OzoneManager.java:3552) ~[ozone-manager-1.4.0-SNAPSHOT.jar:?]
	at org.apache.hadoop.ozone.protocolPB.OzoneManagerRequestHandler.getOzoneFileStatus(OzoneManagerRequestHandler.java:998) ~[ozone-manager-1.4.0-SNAPSHOT.jar:?]
	at org.apache.hadoop.ozone.protocolPB.OzoneManagerRequestHandler.handleReadRequest(OzoneManagerRequestHandler.java:259) ~[ozone-manager-1.4.0-SNAPSHOT.jar:?]
	at org.apache.hadoop.ozone.protocolPB.OzoneManagerProtocolServerSideTranslatorPB.submitRequestDirectlyToOM(OzoneManagerProtocolServerSideTranslatorPB.java:274) ~[ozone-manager-1.4.0-SNAPSHOT.jar:?]
	at org.apache.hadoop.ozone.protocolPB.OzoneManagerProtocolServerSideTranslatorPB.processRequest(OzoneManagerProtocolServerSideTranslatorPB.java:175) ~[ozone-manager-1.4.0-SNAPSHOT.jar:?]
	at org.apache.hadoop.hdds.server.OzoneProtocolMessageDispatcher.processRequest(OzoneProtocolMessageDispatcher.java:87) [hdds-server-framework-1.4.0-SNAPSHOT.jar:?]
	at org.apache.hadoop.ozone.protocolPB.OzoneManagerProtocolServerSideTranslatorPB.submitRequest(OzoneManagerProtocolServerSideTranslatorPB.java:148) [ozone-manager-1.4.0-SNAPSHOT.jar:?]
	at org.apache.hadoop.ozone.protocol.proto.OzoneManagerProtocolProtos$OzoneManagerService$2.callBlockingMethod(OzoneManagerProtocolProtos.java) [ozone-interface-client-1.4.0-SNAPSHOT.jar:?]
	at org.apache.hadoop.ipc.ProtobufRpcEngine$Server.processCall(ProtobufRpcEngine.java:484) [hadoop-common-3.3.6.jar:?]
	at org.apache.hadoop.ipc.ProtobufRpcEngine2$Server$ProtoBufRpcInvoker.call(ProtobufRpcEngine2.java:595) [hadoop-common-3.3.6.jar:?]
	at org.apache.hadoop.ipc.ProtobufRpcEngine2$Server$ProtoBufRpcInvoker.call(ProtobufRpcEngine2.java:573) [hadoop-common-3.3.6.jar:?]
	at org.apache.hadoop.ipc.RPC$Server.call(RPC.java:1227) [hadoop-common-3.3.6.jar:?]
	at org.apache.hadoop.ipc.Server$RpcCall.run(Server.java:1094) [hadoop-common-3.3.6.jar:?]
	at org.apache.hadoop.ipc.Server$RpcCall.run(Server.java:1017) [hadoop-common-3.3.6.jar:?]
	at java.security.AccessController.doPrivileged(Native Method) ~[?:1.8.0_382]
	at javax.security.auth.Subject.doAs(Subject.java:422) [?:1.8.0_382]
	at org.apache.hadoop.security.UserGroupInformation.doAs(UserGroupInformation.java:1899) [hadoop-common-3.3.6.jar:?]
	at org.apache.hadoop.ipc.Server$Handler.run(Server.java:3048) [hadoop-common-3.3.6.jar:?]
2023-09-29 09:15:16,787 [Time-limited test] INFO  om.TrashPolicyOzone (TrashPolicyOzone.java:moveToTrash(213)) - Moved: '/volume56020/bucket76249/keyToBeDeleted' to trash at: ofs://localhost:15057/volume56020/bucket76249/.Trash/runner/Current/keyToBeDeleted
09:15:16.793 [IPC Server handler 3 on default port 15057] ERROR OMAudit - user=runner | ip=127.0.0.1 | op=GET_FILE_STATUS {volume=volume85451, bucket=bucket13686, key=.Trash/runner/Current/keyToBeDeleted1, dataSize=0, replicationConfig=null} | ret=FAILURE
org.apache.hadoop.ozone.om.exceptions.OMException: Unable to get file status: volume: volume85451 bucket: bucket13686 key: .Trash/runner/Current/keyToBeDeleted1
	at org.apache.hadoop.ozone.om.KeyManagerImpl.getOzoneFileStatusFSO(KeyManagerImpl.java:1330) ~[ozone-manager-1.4.0-SNAPSHOT.jar:?]
	at org.apache.hadoop.ozone.om.KeyManagerImpl.getFileStatus(KeyManagerImpl.java:1114) ~[ozone-manager-1.4.0-SNAPSHOT.jar:?]
	at org.apache.hadoop.ozone.om.OmMetadataReader.getFileStatus(OmMetadataReader.java:266) ~[ozone-manager-1.4.0-SNAPSHOT.jar:?]
	at org.apache.hadoop.ozone.om.OzoneManager.getFileStatus(OzoneManager.java:3552) ~[ozone-manager-1.4.0-SNAPSHOT.jar:?]
	at org.apache.hadoop.ozone.protocolPB.OzoneManagerRequestHandler.getOzoneFileStatus(OzoneManagerRequestHandler.java:998) ~[ozone-manager-1.4.0-SNAPSHOT.jar:?]
	at org.apache.hadoop.ozone.protocolPB.OzoneManagerRequestHandler.handleReadRequest(OzoneManagerRequestHandler.java:259) ~[ozone-manager-1.4.0-SNAPSHOT.jar:?]
	at org.apache.hadoop.ozone.protocolPB.OzoneManagerProtocolServerSideTranslatorPB.submitRequestDirectlyToOM(OzoneManagerProtocolServerSideTranslatorPB.java:274) ~[ozone-manager-1.4.0-SNAPSHOT.jar:?]
	at org.apache.hadoop.ozone.protocolPB.OzoneManagerProtocolServerSideTranslatorPB.processRequest(OzoneManagerProtocolServerSideTranslatorPB.java:175) ~[ozone-manager-1.4.0-SNAPSHOT.jar:?]
	at org.apache.hadoop.hdds.server.OzoneProtocolMessageDispatcher.processRequest(OzoneProtocolMessageDispatcher.java:87) [hdds-server-framework-1.4.0-SNAPSHOT.jar:?]
	at org.apache.hadoop.ozone.protocolPB.OzoneManagerProtocolServerSideTranslatorPB.submitRequest(OzoneManagerProtocolServerSideTranslatorPB.java:148) [ozone-manager-1.4.0-SNAPSHOT.jar:?]
	at org.apache.hadoop.ozone.protocol.proto.OzoneManagerProtocolProtos$OzoneManagerService$2.callBlockingMethod(OzoneManagerProtocolProtos.java) [ozone-interface-client-1.4.0-SNAPSHOT.jar:?]
	at org.apache.hadoop.ipc.ProtobufRpcEngine$Server.processCall(ProtobufRpcEngine.java:484) [hadoop-common-3.3.6.jar:?]
	at org.apache.hadoop.ipc.ProtobufRpcEngine2$Server$ProtoBufRpcInvoker.call(ProtobufRpcEngine2.java:595) [hadoop-common-3.3.6.jar:?]
	at org.apache.hadoop.ipc.ProtobufRpcEngine2$Server$ProtoBufRpcInvoker.call(ProtobufRpcEngine2.java:573) [hadoop-common-3.3.6.jar:?]
	at org.apache.hadoop.ipc.RPC$Server.call(RPC.java:1227) [hadoop-common-3.3.6.jar:?]
	at org.apache.hadoop.ipc.Server$RpcCall.run(Server.java:1094) [hadoop-common-3.3.6.jar:?]
	at org.apache.hadoop.ipc.Server$RpcCall.run(Server.java:1017) [hadoop-common-3.3.6.jar:?]
	at java.security.AccessController.doPrivileged(Native Method) ~[?:1.8.0_382]
	at javax.security.auth.Subject.doAs(Subject.java:422) [?:1.8.0_382]
	at org.apache.hadoop.security.UserGroupInformation.doAs(UserGroupInformation.java:1899) [hadoop-common-3.3.6.jar:?]
	at org.apache.hadoop.ipc.Server$Handler.run(Server.java:3048) [hadoop-common-3.3.6.jar:?]
2023-09-29 09:15:16,803 [Time-limited test] INFO  om.TrashPolicyOzone (TrashPolicyOzone.java:moveToTrash(213)) - Moved: '/volume85451/bucket13686/keyToBeDeleted1' to trash at: ofs://localhost:15057/volume85451/bucket13686/.Trash/runner/Current/keyToBeDeleted1
09:15:18.817 [IPC Server handler 2 on default port 15057] ERROR OMAudit - user=runner | ip=127.0.0.1 | op=GET_FILE_STATUS {volume=volume56020, bucket=bucket76249, key=.Trash/runner/Current/keyToBeDeleted, dataSize=0, replicationConfig=null} | ret=FAILURE
org.apache.hadoop.ozone.om.exceptions.OMException: Unable to get file status: volume: volume56020 bucket: bucket76249 key: .Trash/runner/Current/keyToBeDeleted
	at org.apache.hadoop.ozone.om.KeyManagerImpl.getOzoneFileStatusFSO(KeyManagerImpl.java:1330) ~[ozone-manager-1.4.0-SNAPSHOT.jar:?]
	at org.apache.hadoop.ozone.om.KeyManagerImpl.getFileStatus(KeyManagerImpl.java:1114) ~[ozone-manager-1.4.0-SNAPSHOT.jar:?]
	at org.apache.hadoop.ozone.om.OmMetadataReader.getFileStatus(OmMetadataReader.java:266) ~[ozone-manager-1.4.0-SNAPSHOT.jar:?]
	at org.apache.hadoop.ozone.om.OzoneManager.getFileStatus(OzoneManager.java:3552) ~[ozone-manager-1.4.0-SNAPSHOT.jar:?]
	at org.apache.hadoop.ozone.protocolPB.OzoneManagerRequestHandler.getOzoneFileStatus(OzoneManagerRequestHandler.java:998) ~[ozone-manager-1.4.0-SNAPSHOT.jar:?]
	at org.apache.hadoop.ozone.protocolPB.OzoneManagerRequestHandler.handleReadRequest(OzoneManagerRequestHandler.java:259) ~[ozone-manager-1.4.0-SNAPSHOT.jar:?]
	at org.apache.hadoop.ozone.protocolPB.OzoneManagerProtocolServerSideTranslatorPB.submitRequestDirectlyToOM(OzoneManagerProtocolServerSideTranslatorPB.java:274) ~[ozone-manager-1.4.0-SNAPSHOT.jar:?]
	at org.apache.hadoop.ozone.protocolPB.OzoneManagerProtocolServerSideTranslatorPB.processRequest(OzoneManagerProtocolServerSideTranslatorPB.java:175) ~[ozone-manager-1.4.0-SNAPSHOT.jar:?]
	at org.apache.hadoop.hdds.server.OzoneProtocolMessageDispatcher.processRequest(OzoneProtocolMessageDispatcher.java:87) [hdds-server-framework-1.4.0-SNAPSHOT.jar:?]
	at org.apache.hadoop.ozone.protocolPB.OzoneManagerProtocolServerSideTranslatorPB.submitRequest(OzoneManagerProtocolServerSideTranslatorPB.java:148) [ozone-manager-1.4.0-SNAPSHOT.jar:?]
	at org.apache.hadoop.ozone.protocol.proto.OzoneManagerProtocolProtos$OzoneManagerService$2.callBlockingMethod(OzoneManagerProtocolProtos.java) [ozone-interface-client-1.4.0-SNAPSHOT.jar:?]
	at org.apache.hadoop.ipc.ProtobufRpcEngine$Server.processCall(ProtobufRpcEngine.java:484) [hadoop-common-3.3.6.jar:?]
	at org.apache.hadoop.ipc.ProtobufRpcEngine2$Server$ProtoBufRpcInvoker.call(ProtobufRpcEngine2.java:595) [hadoop-common-3.3.6.jar:?]
	at org.apache.hadoop.ipc.ProtobufRpcEngine2$Server$ProtoBufRpcInvoker.call(ProtobufRpcEngine2.java:573) [hadoop-common-3.3.6.jar:?]
	at org.apache.hadoop.ipc.RPC$Server.call(RPC.java:1227) [hadoop-common-3.3.6.jar:?]
	at org.apache.hadoop.ipc.Server$RpcCall.run(Server.java:1094) [hadoop-common-3.3.6.jar:?]
	at org.apache.hadoop.ipc.Server$RpcCall.run(Server.java:1017) [hadoop-common-3.3.6.jar:?]
	at java.security.AccessController.doPrivileged(Native Method) ~[?:1.8.0_382]
	at javax.security.auth.Subject.doAs(Subject.java:422) [?:1.8.0_382]
	at org.apache.hadoop.security.UserGroupInformation.doAs(UserGroupInformation.java:1899) [hadoop-common-3.3.6.jar:?]
	at org.apache.hadoop.ipc.Server$Handler.run(Server.java:3048) [hadoop-common-3.3.6.jar:?]
09:15:18.819 [IPC Server handler 5 on default port 15057] ERROR OMAudit - user=runner | ip=127.0.0.1 | op=GET_FILE_STATUS {volume=volume56020, bucket=bucket76249, key=.Trash/runner/Current/keyToBeDeleted1, dataSize=0, replicationConfig=null} | ret=FAILURE
org.apache.hadoop.ozone.om.exceptions.OMException: Unable to get file status: volume: volume56020 bucket: bucket76249 key: .Trash/runner/Current/keyToBeDeleted1
	at org.apache.hadoop.ozone.om.KeyManagerImpl.getOzoneFileStatusFSO(KeyManagerImpl.java:1330) ~[ozone-manager-1.4.0-SNAPSHOT.jar:?]
	at org.apache.hadoop.ozone.om.KeyManagerImpl.getFileStatus(KeyManagerImpl.java:1114) ~[ozone-manager-1.4.0-SNAPSHOT.jar:?]
	at org.apache.hadoop.ozone.om.OmMetadataReader.getFileStatus(OmMetadataReader.java:266) ~[ozone-manager-1.4.0-SNAPSHOT.jar:?]
	at org.apache.hadoop.ozone.om.OzoneManager.getFileStatus(OzoneManager.java:3552) ~[ozone-manager-1.4.0-SNAPSHOT.jar:?]
	at org.apache.hadoop.ozone.protocolPB.OzoneManagerRequestHandler.getOzoneFileStatus(OzoneManagerRequestHandler.java:998) ~[ozone-manager-1.4.0-SNAPSHOT.jar:?]
	at org.apache.hadoop.ozone.protocolPB.OzoneManagerRequestHandler.handleReadRequest(OzoneManagerRequestHandler.java:259) ~[ozone-manager-1.4.0-SNAPSHOT.jar:?]
	at org.apache.hadoop.ozone.protocolPB.OzoneManagerProtocolServerSideTranslatorPB.submitRequestDirectlyToOM(OzoneManagerProtocolServerSideTranslatorPB.java:274) ~[ozone-manager-1.4.0-SNAPSHOT.jar:?]
	at org.apache.hadoop.ozone.protocolPB.OzoneManagerProtocolServerSideTranslatorPB.processRequest(OzoneManagerProtocolServerSideTranslatorPB.java:175) ~[ozone-manager-1.4.0-SNAPSHOT.jar:?]
	at org.apache.hadoop.hdds.server.OzoneProtocolMessageDispatcher.processRequest(OzoneProtocolMessageDispatcher.java:87) [hdds-server-framework-1.4.0-SNAPSHOT.jar:?]
	at org.apache.hadoop.ozone.protocolPB.OzoneManagerProtocolServerSideTranslatorPB.submitRequest(OzoneManagerProtocolServerSideTranslatorPB.java:148) [ozone-manager-1.4.0-SNAPSHOT.jar:?]
	at org.apache.hadoop.ozone.protocol.proto.OzoneManagerProtocolProtos$OzoneManagerService$2.callBlockingMethod(OzoneManagerProtocolProtos.java) [ozone-interface-client-1.4.0-SNAPSHOT.jar:?]
	at org.apache.hadoop.ipc.ProtobufRpcEngine$Server.processCall(ProtobufRpcEngine.java:484) [hadoop-common-3.3.6.jar:?]
	at org.apache.hadoop.ipc.ProtobufRpcEngine2$Server$ProtoBufRpcInvoker.call(ProtobufRpcEngine2.java:595) [hadoop-common-3.3.6.jar:?]
	at org.apache.hadoop.ipc.ProtobufRpcEngine2$Server$ProtoBufRpcInvoker.call(ProtobufRpcEngine2.java:573) [hadoop-common-3.3.6.jar:?]
	at org.apache.hadoop.ipc.RPC$Server.call(RPC.java:1227) [hadoop-common-3.3.6.jar:?]
	at org.apache.hadoop.ipc.Server$RpcCall.run(Server.java:1094) [hadoop-common-3.3.6.jar:?]
	at org.apache.hadoop.ipc.Server$RpcCall.run(Server.java:1017) [hadoop-common-3.3.6.jar:?]
	at java.security.AccessController.doPrivileged(Native Method) ~[?:1.8.0_382]
	at javax.security.auth.Subject.doAs(Subject.java:422) [?:1.8.0_382]
	at org.apache.hadoop.security.UserGroupInformation.doAs(UserGroupInformation.java:1899) [hadoop-common-3.3.6.jar:?]
	at org.apache.hadoop.ipc.Server$Handler.run(Server.java:3048) [hadoop-common-3.3.6.jar:?]
]]></system-out>
  </testcase>
  <testcase name="testCreateAndCheckRatisFileDiskUsage" classname="TestRootedOzoneFileSystemWithFSO" time="0.138">
    <system-out><![CDATA[2023-09-29 09:13:36,604 [Time-limited test] INFO  rpc.RpcClient (RpcClient.java:createVolume(462)) - Creating Volume: volume02614, with user53904 as owner and space quota set to -1 bytes, counts quota set to -1
2023-09-29 09:13:36,610 [OM StateMachine ApplyTransaction Thread - 0] INFO  volume.OMVolumeCreateRequest (OMVolumeCreateRequest.java:validateAndUpdateCache(196)) - created volume:volume02614 for user:user53904
2023-09-29 09:13:36,614 [Time-limited test] INFO  rpc.RpcClient (RpcClient.java:createBucket(689)) - Creating Bucket: volume02614/bucket52532, with bucket layout FILE_SYSTEM_OPTIMIZED, runner as owner, Versioning false, Storage Type set to DISK and Encryption set to false, Replication Type set to server-side default replication type, Namespace Quota set to -1, Space Quota set to -1 
2023-09-29 09:13:36,617 [OM StateMachine ApplyTransaction Thread - 0] INFO  bucket.OMBucketCreateRequest (OMBucketCreateRequest.java:validateAndUpdateCache(270)) - created bucket: bucket52532 of layout FILE_SYSTEM_OPTIMIZED in volume: volume02614
]]></system-out>
  </testcase>
  <testcase name="testCreateAndCheckRatisFileDiskUsage" classname="TestRootedOzoneFileSystemWithFSO" time="0.121">
    <system-out><![CDATA[2023-09-29 09:15:21,860 [Time-limited test] INFO  rpc.RpcClient (RpcClient.java:createVolume(462)) - Creating Volume: volume10391, with user66513 as owner and space quota set to -1 bytes, counts quota set to -1
2023-09-29 09:15:21,862 [IPC Server handler 19 on default port 15057] INFO  volume.OMVolumeCreateRequest (OMVolumeCreateRequest.java:validateAndUpdateCache(196)) - created volume:volume10391 for user:user66513
2023-09-29 09:15:21,863 [Time-limited test] INFO  rpc.RpcClient (RpcClient.java:createBucket(689)) - Creating Bucket: volume10391/bucket34947, with bucket layout FILE_SYSTEM_OPTIMIZED, runner as owner, Versioning false, Storage Type set to DISK and Encryption set to false, Replication Type set to server-side default replication type, Namespace Quota set to -1, Space Quota set to -1 
2023-09-29 09:15:21,863 [IPC Server handler 4 on default port 15057] INFO  bucket.OMBucketCreateRequest (OMBucketCreateRequest.java:validateAndUpdateCache(270)) - created bucket: bucket34947 of layout FILE_SYSTEM_OPTIMIZED in volume: volume10391
]]></system-out>
  </testcase>
  <testcase name="testGetFileStatusRoot" classname="TestRootedOzoneFileSystemWithFSO" time="0.052">
    <system-out><![CDATA[2023-09-29 09:13:36,741 [Time-limited test] INFO  rpc.RpcClient (RpcClient.java:createVolume(462)) - Creating Volume: volume14259, with user84773 as owner and space quota set to -1 bytes, counts quota set to -1
2023-09-29 09:13:36,749 [OM StateMachine ApplyTransaction Thread - 0] INFO  volume.OMVolumeCreateRequest (OMVolumeCreateRequest.java:validateAndUpdateCache(196)) - created volume:volume14259 for user:user84773
2023-09-29 09:13:36,750 [Time-limited test] INFO  rpc.RpcClient (RpcClient.java:createBucket(689)) - Creating Bucket: volume14259/bucket12400, with bucket layout FILE_SYSTEM_OPTIMIZED, runner as owner, Versioning false, Storage Type set to DISK and Encryption set to false, Replication Type set to server-side default replication type, Namespace Quota set to -1, Space Quota set to -1 
2023-09-29 09:13:36,752 [OM StateMachine ApplyTransaction Thread - 0] INFO  bucket.OMBucketCreateRequest (OMBucketCreateRequest.java:validateAndUpdateCache(270)) - created bucket: bucket12400 of layout FILE_SYSTEM_OPTIMIZED in volume: volume14259
]]></system-out>
  </testcase>
  <testcase name="testGetFileStatusRoot" classname="TestRootedOzoneFileSystemWithFSO" time="0.028">
    <system-out><![CDATA[2023-09-29 09:15:21,983 [Time-limited test] INFO  rpc.RpcClient (RpcClient.java:createVolume(462)) - Creating Volume: volume65959, with user79002 as owner and space quota set to -1 bytes, counts quota set to -1
2023-09-29 09:15:21,984 [IPC Server handler 8 on default port 15057] INFO  volume.OMVolumeCreateRequest (OMVolumeCreateRequest.java:validateAndUpdateCache(196)) - created volume:volume65959 for user:user79002
2023-09-29 09:15:21,986 [Time-limited test] INFO  rpc.RpcClient (RpcClient.java:createBucket(689)) - Creating Bucket: volume65959/bucket58571, with bucket layout FILE_SYSTEM_OPTIMIZED, runner as owner, Versioning false, Storage Type set to DISK and Encryption set to false, Replication Type set to server-side default replication type, Namespace Quota set to -1, Space Quota set to -1 
2023-09-29 09:15:21,986 [IPC Server handler 12 on default port 15057] INFO  bucket.OMBucketCreateRequest (OMBucketCreateRequest.java:validateAndUpdateCache(270)) - created bucket: bucket58571 of layout FILE_SYSTEM_OPTIMIZED in volume: volume65959
]]></system-out>
  </testcase>
  <testcase name="testGetFileStatus" classname="TestRootedOzoneFileSystemWithFSO" time="0.052">
    <system-out><![CDATA[2023-09-29 09:13:36,791 [Time-limited test] INFO  rpc.RpcClient (RpcClient.java:createVolume(462)) - Creating Volume: volume18187, with user58272 as owner and space quota set to -1 bytes, counts quota set to -1
2023-09-29 09:13:36,793 [OM StateMachine ApplyTransaction Thread - 0] INFO  volume.OMVolumeCreateRequest (OMVolumeCreateRequest.java:validateAndUpdateCache(196)) - created volume:volume18187 for user:user58272
2023-09-29 09:13:36,794 [Time-limited test] INFO  rpc.RpcClient (RpcClient.java:createBucket(689)) - Creating Bucket: volume18187/bucket93915, with bucket layout FILE_SYSTEM_OPTIMIZED, runner as owner, Versioning false, Storage Type set to DISK and Encryption set to false, Replication Type set to server-side default replication type, Namespace Quota set to -1, Space Quota set to -1 
2023-09-29 09:13:36,796 [OM StateMachine ApplyTransaction Thread - 0] INFO  bucket.OMBucketCreateRequest (OMBucketCreateRequest.java:validateAndUpdateCache(270)) - created bucket: bucket93915 of layout FILE_SYSTEM_OPTIMIZED in volume: volume18187
2023-09-29 09:13:36,800 [Time-limited test] INFO  rpc.RpcClient (RpcClient.java:createVolume(462)) - Creating Volume: volume-52336, with runner as owner and space quota set to -1 bytes, counts quota set to -1
2023-09-29 09:13:36,802 [OM StateMachine ApplyTransaction Thread - 0] INFO  volume.OMVolumeCreateRequest (OMVolumeCreateRequest.java:validateAndUpdateCache(196)) - created volume:volume-52336 for user:runner
]]></system-out>
  </testcase>
  <testcase name="testGetFileStatus" classname="TestRootedOzoneFileSystemWithFSO" time="0.036">
    <system-out><![CDATA[2023-09-29 09:15:22,007 [Time-limited test] INFO  rpc.RpcClient (RpcClient.java:createVolume(462)) - Creating Volume: volume82013, with user09030 as owner and space quota set to -1 bytes, counts quota set to -1
2023-09-29 09:15:22,008 [IPC Server handler 9 on default port 15057] INFO  volume.OMVolumeCreateRequest (OMVolumeCreateRequest.java:validateAndUpdateCache(196)) - created volume:volume82013 for user:user09030
2023-09-29 09:15:22,009 [Time-limited test] INFO  rpc.RpcClient (RpcClient.java:createBucket(689)) - Creating Bucket: volume82013/bucket94466, with bucket layout FILE_SYSTEM_OPTIMIZED, runner as owner, Versioning false, Storage Type set to DISK and Encryption set to false, Replication Type set to server-side default replication type, Namespace Quota set to -1, Space Quota set to -1 
2023-09-29 09:15:22,009 [IPC Server handler 8 on default port 15057] INFO  bucket.OMBucketCreateRequest (OMBucketCreateRequest.java:validateAndUpdateCache(270)) - created bucket: bucket94466 of layout FILE_SYSTEM_OPTIMIZED in volume: volume82013
2023-09-29 09:15:22,011 [Time-limited test] INFO  rpc.RpcClient (RpcClient.java:createVolume(462)) - Creating Volume: volume-83477, with runner as owner and space quota set to -1 bytes, counts quota set to -1
2023-09-29 09:15:22,011 [IPC Server handler 3 on default port 15057] INFO  volume.OMVolumeCreateRequest (OMVolumeCreateRequest.java:validateAndUpdateCache(196)) - created volume:volume-83477 for user:runner
]]></system-out>
  </testcase>
  <testcase name="testListStatusRootAndVolumeContinuation" classname="TestRootedOzoneFileSystemWithFSO" time="0">
    <skipped type="org.junit.AssumptionViolatedException"><![CDATA[org.junit.AssumptionViolatedException: FS Path is enabled. Skipping this test as it is not tuned for FS Path yet
	at org.junit.Assume.assumeTrue(Assume.java:68)
	at org.apache.hadoop.fs.ozone.TestRootedOzoneFileSystem.testListStatusRootAndVolumeContinuation(TestRootedOzoneFileSystem.java:1197)
	at sun.reflect.NativeMethodAccessorImpl.invoke0(Native Method)
	at sun.reflect.NativeMethodAccessorImpl.invoke(NativeMethodAccessorImpl.java:62)
	at sun.reflect.DelegatingMethodAccessorImpl.invoke(DelegatingMethodAccessorImpl.java:43)
	at java.lang.reflect.Method.invoke(Method.java:498)
	at org.junit.runners.model.FrameworkMethod$1.runReflectiveCall(FrameworkMethod.java:59)
	at org.junit.internal.runners.model.ReflectiveCallable.run(ReflectiveCallable.java:12)
	at org.junit.runners.model.FrameworkMethod.invokeExplosively(FrameworkMethod.java:56)
	at org.junit.internal.runners.statements.InvokeMethod.evaluate(InvokeMethod.java:17)
	at org.junit.internal.runners.statements.RunBefores.evaluate(RunBefores.java:26)
	at org.junit.internal.runners.statements.RunAfters.evaluate(RunAfters.java:27)
	at org.junit.internal.runners.statements.FailOnTimeout$CallableStatement.call(FailOnTimeout.java:288)
	at org.junit.internal.runners.statements.FailOnTimeout$CallableStatement.call(FailOnTimeout.java:282)
	at java.util.concurrent.FutureTask.run(FutureTask.java:266)
	at java.lang.Thread.run(Thread.java:750)
]]></skipped>
    <system-out><![CDATA[2023-09-29 09:13:36,854 [Time-limited test] INFO  rpc.RpcClient (RpcClient.java:createVolume(462)) - Creating Volume: volume78437, with user53879 as owner and space quota set to -1 bytes, counts quota set to -1
2023-09-29 09:13:36,857 [OM StateMachine ApplyTransaction Thread - 0] INFO  volume.OMVolumeCreateRequest (OMVolumeCreateRequest.java:validateAndUpdateCache(196)) - created volume:volume78437 for user:user53879
2023-09-29 09:13:36,859 [Time-limited test] INFO  rpc.RpcClient (RpcClient.java:createBucket(689)) - Creating Bucket: volume78437/bucket29623, with bucket layout FILE_SYSTEM_OPTIMIZED, runner as owner, Versioning false, Storage Type set to DISK and Encryption set to false, Replication Type set to server-side default replication type, Namespace Quota set to -1, Space Quota set to -1 
2023-09-29 09:13:36,861 [OM StateMachine ApplyTransaction Thread - 0] INFO  bucket.OMBucketCreateRequest (OMBucketCreateRequest.java:validateAndUpdateCache(270)) - created bucket: bucket29623 of layout FILE_SYSTEM_OPTIMIZED in volume: volume78437
]]></system-out>
  </testcase>
  <testcase name="testListStatusRootAndVolumeContinuation" classname="TestRootedOzoneFileSystemWithFSO" time="0">
    <skipped type="org.junit.AssumptionViolatedException"><![CDATA[org.junit.AssumptionViolatedException: FS Path is enabled. Skipping this test as it is not tuned for FS Path yet
	at org.junit.Assume.assumeTrue(Assume.java:68)
	at org.apache.hadoop.fs.ozone.TestRootedOzoneFileSystem.testListStatusRootAndVolumeContinuation(TestRootedOzoneFileSystem.java:1197)
	at sun.reflect.NativeMethodAccessorImpl.invoke0(Native Method)
	at sun.reflect.NativeMethodAccessorImpl.invoke(NativeMethodAccessorImpl.java:62)
	at sun.reflect.DelegatingMethodAccessorImpl.invoke(DelegatingMethodAccessorImpl.java:43)
	at java.lang.reflect.Method.invoke(Method.java:498)
	at org.junit.runners.model.FrameworkMethod$1.runReflectiveCall(FrameworkMethod.java:59)
	at org.junit.internal.runners.model.ReflectiveCallable.run(ReflectiveCallable.java:12)
	at org.junit.runners.model.FrameworkMethod.invokeExplosively(FrameworkMethod.java:56)
	at org.junit.internal.runners.statements.InvokeMethod.evaluate(InvokeMethod.java:17)
	at org.junit.internal.runners.statements.RunBefores.evaluate(RunBefores.java:26)
	at org.junit.internal.runners.statements.RunAfters.evaluate(RunAfters.java:27)
	at org.junit.internal.runners.statements.FailOnTimeout$CallableStatement.call(FailOnTimeout.java:288)
	at org.junit.internal.runners.statements.FailOnTimeout$CallableStatement.call(FailOnTimeout.java:282)
	at java.util.concurrent.FutureTask.run(FutureTask.java:266)
	at java.lang.Thread.run(Thread.java:750)
]]></skipped>
    <system-out><![CDATA[2023-09-29 09:15:22,045 [Time-limited test] INFO  rpc.RpcClient (RpcClient.java:createVolume(462)) - Creating Volume: volume73409, with user70424 as owner and space quota set to -1 bytes, counts quota set to -1
2023-09-29 09:15:22,046 [IPC Server handler 8 on default port 15057] INFO  volume.OMVolumeCreateRequest (OMVolumeCreateRequest.java:validateAndUpdateCache(196)) - created volume:volume73409 for user:user70424
2023-09-29 09:15:22,047 [Time-limited test] INFO  rpc.RpcClient (RpcClient.java:createBucket(689)) - Creating Bucket: volume73409/bucket28402, with bucket layout FILE_SYSTEM_OPTIMIZED, runner as owner, Versioning false, Storage Type set to DISK and Encryption set to false, Replication Type set to server-side default replication type, Namespace Quota set to -1, Space Quota set to -1 
2023-09-29 09:15:22,048 [IPC Server handler 12 on default port 15057] INFO  bucket.OMBucketCreateRequest (OMBucketCreateRequest.java:validateAndUpdateCache(270)) - created bucket: bucket28402 of layout FILE_SYSTEM_OPTIMIZED in volume: volume73409
]]></system-out>
  </testcase>
  <testcase name="testDeleteVolumeBucketAndKey" classname="TestRootedOzoneFileSystemWithFSO" time="0.083">
    <system-out><![CDATA[2023-09-29 09:13:36,906 [Time-limited test] INFO  rpc.RpcClient (RpcClient.java:createVolume(462)) - Creating Volume: volume82477, with user44465 as owner and space quota set to -1 bytes, counts quota set to -1
2023-09-29 09:13:36,908 [OM StateMachine ApplyTransaction Thread - 0] INFO  volume.OMVolumeCreateRequest (OMVolumeCreateRequest.java:validateAndUpdateCache(196)) - created volume:volume82477 for user:user44465
2023-09-29 09:13:36,910 [Time-limited test] INFO  rpc.RpcClient (RpcClient.java:createBucket(689)) - Creating Bucket: volume82477/bucket75680, with bucket layout FILE_SYSTEM_OPTIMIZED, runner as owner, Versioning false, Storage Type set to DISK and Encryption set to false, Replication Type set to server-side default replication type, Namespace Quota set to -1, Space Quota set to -1 
2023-09-29 09:13:36,912 [OM StateMachine ApplyTransaction Thread - 0] INFO  bucket.OMBucketCreateRequest (OMBucketCreateRequest.java:validateAndUpdateCache(270)) - created bucket: bucket75680 of layout FILE_SYSTEM_OPTIMIZED in volume: volume82477
09:13:36.914 [IPC Server handler 18 on default port 15004] ERROR OMAudit - user=runner | ip=127.0.0.1 | op=READ_BUCKET {volume=volume-05573, bucket=bucket3} | ret=FAILURE
org.apache.hadoop.ozone.om.exceptions.OMException: Volume not found when getting bucket info
	at org.apache.hadoop.ozone.om.BucketManagerImpl.getBucketInfo(BucketManagerImpl.java:81) ~[ozone-manager-1.4.0-SNAPSHOT.jar:?]
	at org.apache.hadoop.ozone.om.OzoneManager.getBucketInfo(OzoneManager.java:2798) ~[ozone-manager-1.4.0-SNAPSHOT.jar:?]
	at org.apache.hadoop.ozone.protocolPB.OzoneManagerRequestHandler.infoBucket(OzoneManagerRequestHandler.java:554) ~[ozone-manager-1.4.0-SNAPSHOT.jar:?]
	at org.apache.hadoop.ozone.protocolPB.OzoneManagerRequestHandler.handleReadRequest(OzoneManagerRequestHandler.java:204) ~[ozone-manager-1.4.0-SNAPSHOT.jar:?]
	at org.apache.hadoop.ozone.protocolPB.OzoneManagerProtocolServerSideTranslatorPB.submitReadRequestToOM(OzoneManagerProtocolServerSideTranslatorPB.java:225) ~[ozone-manager-1.4.0-SNAPSHOT.jar:?]
	at org.apache.hadoop.ozone.protocolPB.OzoneManagerProtocolServerSideTranslatorPB.processRequest(OzoneManagerProtocolServerSideTranslatorPB.java:179) ~[ozone-manager-1.4.0-SNAPSHOT.jar:?]
	at org.apache.hadoop.hdds.server.OzoneProtocolMessageDispatcher.processRequest(OzoneProtocolMessageDispatcher.java:87) [hdds-server-framework-1.4.0-SNAPSHOT.jar:?]
	at org.apache.hadoop.ozone.protocolPB.OzoneManagerProtocolServerSideTranslatorPB.submitRequest(OzoneManagerProtocolServerSideTranslatorPB.java:148) [ozone-manager-1.4.0-SNAPSHOT.jar:?]
	at org.apache.hadoop.ozone.protocol.proto.OzoneManagerProtocolProtos$OzoneManagerService$2.callBlockingMethod(OzoneManagerProtocolProtos.java) [ozone-interface-client-1.4.0-SNAPSHOT.jar:?]
	at org.apache.hadoop.ipc.ProtobufRpcEngine$Server.processCall(ProtobufRpcEngine.java:484) [hadoop-common-3.3.6.jar:?]
	at org.apache.hadoop.ipc.ProtobufRpcEngine2$Server$ProtoBufRpcInvoker.call(ProtobufRpcEngine2.java:595) [hadoop-common-3.3.6.jar:?]
	at org.apache.hadoop.ipc.ProtobufRpcEngine2$Server$ProtoBufRpcInvoker.call(ProtobufRpcEngine2.java:573) [hadoop-common-3.3.6.jar:?]
	at org.apache.hadoop.ipc.RPC$Server.call(RPC.java:1227) [hadoop-common-3.3.6.jar:?]
	at org.apache.hadoop.ipc.Server$RpcCall.run(Server.java:1094) [hadoop-common-3.3.6.jar:?]
	at org.apache.hadoop.ipc.Server$RpcCall.run(Server.java:1017) [hadoop-common-3.3.6.jar:?]
	at java.security.AccessController.doPrivileged(Native Method) ~[?:1.8.0_382]
	at javax.security.auth.Subject.doAs(Subject.java:422) [?:1.8.0_382]
	at org.apache.hadoop.security.UserGroupInformation.doAs(UserGroupInformation.java:1899) [hadoop-common-3.3.6.jar:?]
	at org.apache.hadoop.ipc.Server$Handler.run(Server.java:3048) [hadoop-common-3.3.6.jar:?]
2023-09-29 09:13:36,915 [Time-limited test] INFO  rpc.RpcClient (RpcClient.java:createVolume(462)) - Creating Volume: volume-05573, with runner as owner and space quota set to -1 bytes, counts quota set to -1
2023-09-29 09:13:36,917 [OM StateMachine ApplyTransaction Thread - 0] INFO  volume.OMVolumeCreateRequest (OMVolumeCreateRequest.java:validateAndUpdateCache(196)) - created volume:volume-05573 for user:runner
2023-09-29 09:13:36,918 [Time-limited test] INFO  rpc.RpcClient (RpcClient.java:createBucket(689)) - Creating Bucket: volume-05573/bucket3, with bucket layout FILE_SYSTEM_OPTIMIZED, runner as owner, Versioning false, Storage Type set to DISK and Encryption set to false, Replication Type set to server-side default replication type, Namespace Quota set to -1, Space Quota set to -1 
2023-09-29 09:13:36,920 [OM StateMachine ApplyTransaction Thread - 0] INFO  bucket.OMBucketCreateRequest (OMBucketCreateRequest.java:validateAndUpdateCache(270)) - created bucket: bucket3 of layout FILE_SYSTEM_OPTIMIZED in volume: volume-05573
09:13:36.927 [OM StateMachine ApplyTransaction Thread - 0] ERROR OMAudit - user=runner | ip=127.0.0.1 | op=DELETE_VOLUME {volume=volume-05573} | ret=FAILURE
org.apache.hadoop.ozone.om.exceptions.OMException: null
	at org.apache.hadoop.ozone.om.request.volume.OMVolumeDeleteRequest.validateAndUpdateCache(OMVolumeDeleteRequest.java:121) ~[ozone-manager-1.4.0-SNAPSHOT.jar:?]
	at org.apache.hadoop.ozone.protocolPB.OzoneManagerRequestHandler.handleWriteRequest(OzoneManagerRequestHandler.java:382) ~[ozone-manager-1.4.0-SNAPSHOT.jar:?]
	at org.apache.hadoop.ozone.om.ratis.OzoneManagerStateMachine.runCommand(OzoneManagerStateMachine.java:568) ~[ozone-manager-1.4.0-SNAPSHOT.jar:?]
	at org.apache.hadoop.ozone.om.ratis.OzoneManagerStateMachine.lambda$1(OzoneManagerStateMachine.java:359) ~[ozone-manager-1.4.0-SNAPSHOT.jar:?]
	at java.util.concurrent.CompletableFuture$AsyncSupply.run(CompletableFuture.java:1604) [?:1.8.0_382]
	at java.util.concurrent.ThreadPoolExecutor.runWorker(ThreadPoolExecutor.java:1149) [?:1.8.0_382]
	at java.util.concurrent.ThreadPoolExecutor$Worker.run(ThreadPoolExecutor.java:624) [?:1.8.0_382]
	at java.lang.Thread.run(Thread.java:750) [?:1.8.0_382]
2023-09-29 09:13:36,927 [OM StateMachine ApplyTransaction Thread - 0] ERROR volume.OMVolumeDeleteRequest (OMVolumeDeleteRequest.java:validateAndUpdateCache(168)) - Volume deletion failed for user:runner volume:volume-05573
VOLUME_NOT_EMPTY org.apache.hadoop.ozone.om.exceptions.OMException
	at org.apache.hadoop.ozone.om.request.volume.OMVolumeDeleteRequest.validateAndUpdateCache(OMVolumeDeleteRequest.java:121)
	at org.apache.hadoop.ozone.protocolPB.OzoneManagerRequestHandler.handleWriteRequest(OzoneManagerRequestHandler.java:382)
	at org.apache.hadoop.ozone.om.ratis.OzoneManagerStateMachine.runCommand(OzoneManagerStateMachine.java:568)
	at org.apache.hadoop.ozone.om.ratis.OzoneManagerStateMachine.lambda$1(OzoneManagerStateMachine.java:359)
	at java.util.concurrent.CompletableFuture$AsyncSupply.run(CompletableFuture.java:1604)
	at java.util.concurrent.ThreadPoolExecutor.runWorker(ThreadPoolExecutor.java:1149)
	at java.util.concurrent.ThreadPoolExecutor$Worker.run(ThreadPoolExecutor.java:624)
	at java.lang.Thread.run(Thread.java:750)
09:13:36.960 [IPC Server handler 12 on default port 15004] ERROR OMAudit - user=runner | ip=127.0.0.1 | op=READ_VOLUME {volume=volume-05573} | ret=FAILURE
org.apache.hadoop.ozone.om.exceptions.OMException: Volume volume-05573 is not found
	at org.apache.hadoop.ozone.om.VolumeManagerImpl.getVolumeInfo(VolumeManagerImpl.java:61) ~[ozone-manager-1.4.0-SNAPSHOT.jar:?]
	at org.apache.hadoop.ozone.om.OzoneManager.getVolumeInfo(OzoneManager.java:2616) ~[ozone-manager-1.4.0-SNAPSHOT.jar:?]
	at org.apache.hadoop.ozone.protocolPB.OzoneManagerRequestHandler.infoVolume(OzoneManagerRequestHandler.java:480) ~[ozone-manager-1.4.0-SNAPSHOT.jar:?]
	at org.apache.hadoop.ozone.protocolPB.OzoneManagerRequestHandler.handleReadRequest(OzoneManagerRequestHandler.java:194) ~[ozone-manager-1.4.0-SNAPSHOT.jar:?]
	at org.apache.hadoop.ozone.protocolPB.OzoneManagerProtocolServerSideTranslatorPB.submitReadRequestToOM(OzoneManagerProtocolServerSideTranslatorPB.java:225) ~[ozone-manager-1.4.0-SNAPSHOT.jar:?]
	at org.apache.hadoop.ozone.protocolPB.OzoneManagerProtocolServerSideTranslatorPB.processRequest(OzoneManagerProtocolServerSideTranslatorPB.java:179) ~[ozone-manager-1.4.0-SNAPSHOT.jar:?]
	at org.apache.hadoop.hdds.server.OzoneProtocolMessageDispatcher.processRequest(OzoneProtocolMessageDispatcher.java:87) [hdds-server-framework-1.4.0-SNAPSHOT.jar:?]
	at org.apache.hadoop.ozone.protocolPB.OzoneManagerProtocolServerSideTranslatorPB.submitRequest(OzoneManagerProtocolServerSideTranslatorPB.java:148) [ozone-manager-1.4.0-SNAPSHOT.jar:?]
	at org.apache.hadoop.ozone.protocol.proto.OzoneManagerProtocolProtos$OzoneManagerService$2.callBlockingMethod(OzoneManagerProtocolProtos.java) [ozone-interface-client-1.4.0-SNAPSHOT.jar:?]
	at org.apache.hadoop.ipc.ProtobufRpcEngine$Server.processCall(ProtobufRpcEngine.java:484) [hadoop-common-3.3.6.jar:?]
	at org.apache.hadoop.ipc.ProtobufRpcEngine2$Server$ProtoBufRpcInvoker.call(ProtobufRpcEngine2.java:595) [hadoop-common-3.3.6.jar:?]
	at org.apache.hadoop.ipc.ProtobufRpcEngine2$Server$ProtoBufRpcInvoker.call(ProtobufRpcEngine2.java:573) [hadoop-common-3.3.6.jar:?]
	at org.apache.hadoop.ipc.RPC$Server.call(RPC.java:1227) [hadoop-common-3.3.6.jar:?]
	at org.apache.hadoop.ipc.Server$RpcCall.run(Server.java:1094) [hadoop-common-3.3.6.jar:?]
	at org.apache.hadoop.ipc.Server$RpcCall.run(Server.java:1017) [hadoop-common-3.3.6.jar:?]
	at java.security.AccessController.doPrivileged(Native Method) ~[?:1.8.0_382]
	at javax.security.auth.Subject.doAs(Subject.java:422) [?:1.8.0_382]
	at org.apache.hadoop.security.UserGroupInformation.doAs(UserGroupInformation.java:1899) [hadoop-common-3.3.6.jar:?]
	at org.apache.hadoop.ipc.Server$Handler.run(Server.java:3048) [hadoop-common-3.3.6.jar:?]
]]></system-out>
  </testcase>
  <testcase name="testDeleteVolumeBucketAndKey" classname="TestRootedOzoneFileSystemWithFSO" time="0.079">
    <system-out><![CDATA[2023-09-29 09:15:22,077 [Time-limited test] INFO  rpc.RpcClient (RpcClient.java:createVolume(462)) - Creating Volume: volume25937, with user08799 as owner and space quota set to -1 bytes, counts quota set to -1
2023-09-29 09:15:22,078 [IPC Server handler 9 on default port 15057] INFO  volume.OMVolumeCreateRequest (OMVolumeCreateRequest.java:validateAndUpdateCache(196)) - created volume:volume25937 for user:user08799
2023-09-29 09:15:22,079 [Time-limited test] INFO  rpc.RpcClient (RpcClient.java:createBucket(689)) - Creating Bucket: volume25937/bucket19840, with bucket layout FILE_SYSTEM_OPTIMIZED, runner as owner, Versioning false, Storage Type set to DISK and Encryption set to false, Replication Type set to server-side default replication type, Namespace Quota set to -1, Space Quota set to -1 
2023-09-29 09:15:22,079 [IPC Server handler 8 on default port 15057] INFO  bucket.OMBucketCreateRequest (OMBucketCreateRequest.java:validateAndUpdateCache(270)) - created bucket: bucket19840 of layout FILE_SYSTEM_OPTIMIZED in volume: volume25937
09:15:22.082 [IPC Server handler 3 on default port 15057] ERROR OMAudit - user=runner | ip=127.0.0.1 | op=READ_BUCKET {volume=volume-16675, bucket=bucket3} | ret=FAILURE
org.apache.hadoop.ozone.om.exceptions.OMException: Volume not found when getting bucket info
	at org.apache.hadoop.ozone.om.BucketManagerImpl.getBucketInfo(BucketManagerImpl.java:81) ~[ozone-manager-1.4.0-SNAPSHOT.jar:?]
	at org.apache.hadoop.ozone.om.OzoneManager.getBucketInfo(OzoneManager.java:2798) ~[ozone-manager-1.4.0-SNAPSHOT.jar:?]
	at org.apache.hadoop.ozone.protocolPB.OzoneManagerRequestHandler.infoBucket(OzoneManagerRequestHandler.java:554) ~[ozone-manager-1.4.0-SNAPSHOT.jar:?]
	at org.apache.hadoop.ozone.protocolPB.OzoneManagerRequestHandler.handleReadRequest(OzoneManagerRequestHandler.java:204) ~[ozone-manager-1.4.0-SNAPSHOT.jar:?]
	at org.apache.hadoop.ozone.protocolPB.OzoneManagerProtocolServerSideTranslatorPB.submitRequestDirectlyToOM(OzoneManagerProtocolServerSideTranslatorPB.java:274) ~[ozone-manager-1.4.0-SNAPSHOT.jar:?]
	at org.apache.hadoop.ozone.protocolPB.OzoneManagerProtocolServerSideTranslatorPB.processRequest(OzoneManagerProtocolServerSideTranslatorPB.java:175) ~[ozone-manager-1.4.0-SNAPSHOT.jar:?]
	at org.apache.hadoop.hdds.server.OzoneProtocolMessageDispatcher.processRequest(OzoneProtocolMessageDispatcher.java:87) [hdds-server-framework-1.4.0-SNAPSHOT.jar:?]
	at org.apache.hadoop.ozone.protocolPB.OzoneManagerProtocolServerSideTranslatorPB.submitRequest(OzoneManagerProtocolServerSideTranslatorPB.java:148) [ozone-manager-1.4.0-SNAPSHOT.jar:?]
	at org.apache.hadoop.ozone.protocol.proto.OzoneManagerProtocolProtos$OzoneManagerService$2.callBlockingMethod(OzoneManagerProtocolProtos.java) [ozone-interface-client-1.4.0-SNAPSHOT.jar:?]
	at org.apache.hadoop.ipc.ProtobufRpcEngine$Server.processCall(ProtobufRpcEngine.java:484) [hadoop-common-3.3.6.jar:?]
	at org.apache.hadoop.ipc.ProtobufRpcEngine2$Server$ProtoBufRpcInvoker.call(ProtobufRpcEngine2.java:595) [hadoop-common-3.3.6.jar:?]
	at org.apache.hadoop.ipc.ProtobufRpcEngine2$Server$ProtoBufRpcInvoker.call(ProtobufRpcEngine2.java:573) [hadoop-common-3.3.6.jar:?]
	at org.apache.hadoop.ipc.RPC$Server.call(RPC.java:1227) [hadoop-common-3.3.6.jar:?]
	at org.apache.hadoop.ipc.Server$RpcCall.run(Server.java:1094) [hadoop-common-3.3.6.jar:?]
	at org.apache.hadoop.ipc.Server$RpcCall.run(Server.java:1017) [hadoop-common-3.3.6.jar:?]
	at java.security.AccessController.doPrivileged(Native Method) ~[?:1.8.0_382]
	at javax.security.auth.Subject.doAs(Subject.java:422) [?:1.8.0_382]
	at org.apache.hadoop.security.UserGroupInformation.doAs(UserGroupInformation.java:1899) [hadoop-common-3.3.6.jar:?]
	at org.apache.hadoop.ipc.Server$Handler.run(Server.java:3048) [hadoop-common-3.3.6.jar:?]
2023-09-29 09:15:22,083 [Time-limited test] INFO  rpc.RpcClient (RpcClient.java:createVolume(462)) - Creating Volume: volume-16675, with runner as owner and space quota set to -1 bytes, counts quota set to -1
2023-09-29 09:15:22,083 [IPC Server handler 10 on default port 15057] INFO  volume.OMVolumeCreateRequest (OMVolumeCreateRequest.java:validateAndUpdateCache(196)) - created volume:volume-16675 for user:runner
2023-09-29 09:15:22,085 [Time-limited test] INFO  rpc.RpcClient (RpcClient.java:createBucket(689)) - Creating Bucket: volume-16675/bucket3, with bucket layout FILE_SYSTEM_OPTIMIZED, runner as owner, Versioning false, Storage Type set to DISK and Encryption set to false, Replication Type set to server-side default replication type, Namespace Quota set to -1, Space Quota set to -1 
2023-09-29 09:15:22,087 [IPC Server handler 17 on default port 15057] INFO  bucket.OMBucketCreateRequest (OMBucketCreateRequest.java:validateAndUpdateCache(270)) - created bucket: bucket3 of layout FILE_SYSTEM_OPTIMIZED in volume: volume-16675
09:15:22.091 [IPC Server handler 19 on default port 15057] ERROR OMAudit - user=runner | ip=127.0.0.1 | op=DELETE_VOLUME {volume=volume-16675} | ret=FAILURE
org.apache.hadoop.ozone.om.exceptions.OMException: null
	at org.apache.hadoop.ozone.om.request.volume.OMVolumeDeleteRequest.validateAndUpdateCache(OMVolumeDeleteRequest.java:121) ~[ozone-manager-1.4.0-SNAPSHOT.jar:?]
	at org.apache.hadoop.ozone.protocolPB.OzoneManagerRequestHandler.handleWriteRequest(OzoneManagerRequestHandler.java:382) ~[ozone-manager-1.4.0-SNAPSHOT.jar:?]
	at org.apache.hadoop.ozone.protocolPB.OzoneManagerProtocolServerSideTranslatorPB.submitRequestDirectlyToOM(OzoneManagerProtocolServerSideTranslatorPB.java:280) ~[ozone-manager-1.4.0-SNAPSHOT.jar:?]
	at org.apache.hadoop.ozone.protocolPB.OzoneManagerProtocolServerSideTranslatorPB.processRequest(OzoneManagerProtocolServerSideTranslatorPB.java:175) ~[ozone-manager-1.4.0-SNAPSHOT.jar:?]
	at org.apache.hadoop.hdds.server.OzoneProtocolMessageDispatcher.processRequest(OzoneProtocolMessageDispatcher.java:87) [hdds-server-framework-1.4.0-SNAPSHOT.jar:?]
	at org.apache.hadoop.ozone.protocolPB.OzoneManagerProtocolServerSideTranslatorPB.submitRequest(OzoneManagerProtocolServerSideTranslatorPB.java:148) [ozone-manager-1.4.0-SNAPSHOT.jar:?]
	at org.apache.hadoop.ozone.protocol.proto.OzoneManagerProtocolProtos$OzoneManagerService$2.callBlockingMethod(OzoneManagerProtocolProtos.java) [ozone-interface-client-1.4.0-SNAPSHOT.jar:?]
	at org.apache.hadoop.ipc.ProtobufRpcEngine$Server.processCall(ProtobufRpcEngine.java:484) [hadoop-common-3.3.6.jar:?]
	at org.apache.hadoop.ipc.ProtobufRpcEngine2$Server$ProtoBufRpcInvoker.call(ProtobufRpcEngine2.java:595) [hadoop-common-3.3.6.jar:?]
	at org.apache.hadoop.ipc.ProtobufRpcEngine2$Server$ProtoBufRpcInvoker.call(ProtobufRpcEngine2.java:573) [hadoop-common-3.3.6.jar:?]
	at org.apache.hadoop.ipc.RPC$Server.call(RPC.java:1227) [hadoop-common-3.3.6.jar:?]
	at org.apache.hadoop.ipc.Server$RpcCall.run(Server.java:1094) [hadoop-common-3.3.6.jar:?]
	at org.apache.hadoop.ipc.Server$RpcCall.run(Server.java:1017) [hadoop-common-3.3.6.jar:?]
	at java.security.AccessController.doPrivileged(Native Method) ~[?:1.8.0_382]
	at javax.security.auth.Subject.doAs(Subject.java:422) [?:1.8.0_382]
	at org.apache.hadoop.security.UserGroupInformation.doAs(UserGroupInformation.java:1899) [hadoop-common-3.3.6.jar:?]
	at org.apache.hadoop.ipc.Server$Handler.run(Server.java:3048) [hadoop-common-3.3.6.jar:?]
2023-09-29 09:15:22,091 [IPC Server handler 19 on default port 15057] ERROR volume.OMVolumeDeleteRequest (OMVolumeDeleteRequest.java:validateAndUpdateCache(168)) - Volume deletion failed for user:runner volume:volume-16675
VOLUME_NOT_EMPTY org.apache.hadoop.ozone.om.exceptions.OMException
	at org.apache.hadoop.ozone.om.request.volume.OMVolumeDeleteRequest.validateAndUpdateCache(OMVolumeDeleteRequest.java:121)
	at org.apache.hadoop.ozone.protocolPB.OzoneManagerRequestHandler.handleWriteRequest(OzoneManagerRequestHandler.java:382)
	at org.apache.hadoop.ozone.protocolPB.OzoneManagerProtocolServerSideTranslatorPB.submitRequestDirectlyToOM(OzoneManagerProtocolServerSideTranslatorPB.java:280)
	at org.apache.hadoop.ozone.protocolPB.OzoneManagerProtocolServerSideTranslatorPB.processRequest(OzoneManagerProtocolServerSideTranslatorPB.java:175)
	at org.apache.hadoop.hdds.server.OzoneProtocolMessageDispatcher.processRequest(OzoneProtocolMessageDispatcher.java:87)
	at org.apache.hadoop.ozone.protocolPB.OzoneManagerProtocolServerSideTranslatorPB.submitRequest(OzoneManagerProtocolServerSideTranslatorPB.java:148)
	at org.apache.hadoop.ozone.protocol.proto.OzoneManagerProtocolProtos$OzoneManagerService$2.callBlockingMethod(OzoneManagerProtocolProtos.java)
	at org.apache.hadoop.ipc.ProtobufRpcEngine$Server.processCall(ProtobufRpcEngine.java:484)
	at org.apache.hadoop.ipc.ProtobufRpcEngine2$Server$ProtoBufRpcInvoker.call(ProtobufRpcEngine2.java:595)
	at org.apache.hadoop.ipc.ProtobufRpcEngine2$Server$ProtoBufRpcInvoker.call(ProtobufRpcEngine2.java:573)
	at org.apache.hadoop.ipc.RPC$Server.call(RPC.java:1227)
	at org.apache.hadoop.ipc.Server$RpcCall.run(Server.java:1094)
	at org.apache.hadoop.ipc.Server$RpcCall.run(Server.java:1017)
	at java.security.AccessController.doPrivileged(Native Method)
	at javax.security.auth.Subject.doAs(Subject.java:422)
	at org.apache.hadoop.security.UserGroupInformation.doAs(UserGroupInformation.java:1899)
	at org.apache.hadoop.ipc.Server$Handler.run(Server.java:3048)
09:15:22.122 [IPC Server handler 8 on default port 15057] ERROR OMAudit - user=runner | ip=127.0.0.1 | op=READ_VOLUME {volume=volume-16675} | ret=FAILURE
org.apache.hadoop.ozone.om.exceptions.OMException: Volume volume-16675 is not found
	at org.apache.hadoop.ozone.om.VolumeManagerImpl.getVolumeInfo(VolumeManagerImpl.java:61) ~[ozone-manager-1.4.0-SNAPSHOT.jar:?]
	at org.apache.hadoop.ozone.om.OzoneManager.getVolumeInfo(OzoneManager.java:2616) ~[ozone-manager-1.4.0-SNAPSHOT.jar:?]
	at org.apache.hadoop.ozone.protocolPB.OzoneManagerRequestHandler.infoVolume(OzoneManagerRequestHandler.java:480) ~[ozone-manager-1.4.0-SNAPSHOT.jar:?]
	at org.apache.hadoop.ozone.protocolPB.OzoneManagerRequestHandler.handleReadRequest(OzoneManagerRequestHandler.java:194) ~[ozone-manager-1.4.0-SNAPSHOT.jar:?]
	at org.apache.hadoop.ozone.protocolPB.OzoneManagerProtocolServerSideTranslatorPB.submitRequestDirectlyToOM(OzoneManagerProtocolServerSideTranslatorPB.java:274) ~[ozone-manager-1.4.0-SNAPSHOT.jar:?]
	at org.apache.hadoop.ozone.protocolPB.OzoneManagerProtocolServerSideTranslatorPB.processRequest(OzoneManagerProtocolServerSideTranslatorPB.java:175) ~[ozone-manager-1.4.0-SNAPSHOT.jar:?]
	at org.apache.hadoop.hdds.server.OzoneProtocolMessageDispatcher.processRequest(OzoneProtocolMessageDispatcher.java:87) [hdds-server-framework-1.4.0-SNAPSHOT.jar:?]
	at org.apache.hadoop.ozone.protocolPB.OzoneManagerProtocolServerSideTranslatorPB.submitRequest(OzoneManagerProtocolServerSideTranslatorPB.java:148) [ozone-manager-1.4.0-SNAPSHOT.jar:?]
	at org.apache.hadoop.ozone.protocol.proto.OzoneManagerProtocolProtos$OzoneManagerService$2.callBlockingMethod(OzoneManagerProtocolProtos.java) [ozone-interface-client-1.4.0-SNAPSHOT.jar:?]
	at org.apache.hadoop.ipc.ProtobufRpcEngine$Server.processCall(ProtobufRpcEngine.java:484) [hadoop-common-3.3.6.jar:?]
	at org.apache.hadoop.ipc.ProtobufRpcEngine2$Server$ProtoBufRpcInvoker.call(ProtobufRpcEngine2.java:595) [hadoop-common-3.3.6.jar:?]
	at org.apache.hadoop.ipc.ProtobufRpcEngine2$Server$ProtoBufRpcInvoker.call(ProtobufRpcEngine2.java:573) [hadoop-common-3.3.6.jar:?]
	at org.apache.hadoop.ipc.RPC$Server.call(RPC.java:1227) [hadoop-common-3.3.6.jar:?]
	at org.apache.hadoop.ipc.Server$RpcCall.run(Server.java:1094) [hadoop-common-3.3.6.jar:?]
	at org.apache.hadoop.ipc.Server$RpcCall.run(Server.java:1017) [hadoop-common-3.3.6.jar:?]
	at java.security.AccessController.doPrivileged(Native Method) ~[?:1.8.0_382]
	at javax.security.auth.Subject.doAs(Subject.java:422) [?:1.8.0_382]
	at org.apache.hadoop.security.UserGroupInformation.doAs(UserGroupInformation.java:1899) [hadoop-common-3.3.6.jar:?]
	at org.apache.hadoop.ipc.Server$Handler.run(Server.java:3048) [hadoop-common-3.3.6.jar:?]
]]></system-out>
  </testcase>
  <testcase name="testRenameToParentDir" classname="TestRootedOzoneFileSystemWithFSO" time="0.079">
    <system-out><![CDATA[2023-09-29 09:13:36,998 [Time-limited test] INFO  rpc.RpcClient (RpcClient.java:createVolume(462)) - Creating Volume: volume09958, with user84718 as owner and space quota set to -1 bytes, counts quota set to -1
2023-09-29 09:13:37,000 [OM StateMachine ApplyTransaction Thread - 0] INFO  volume.OMVolumeCreateRequest (OMVolumeCreateRequest.java:validateAndUpdateCache(196)) - created volume:volume09958 for user:user84718
2023-09-29 09:13:37,001 [Time-limited test] INFO  rpc.RpcClient (RpcClient.java:createBucket(689)) - Creating Bucket: volume09958/bucket26180, with bucket layout FILE_SYSTEM_OPTIMIZED, runner as owner, Versioning false, Storage Type set to DISK and Encryption set to false, Replication Type set to server-side default replication type, Namespace Quota set to -1, Space Quota set to -1 
2023-09-29 09:13:37,003 [OM StateMachine ApplyTransaction Thread - 0] INFO  bucket.OMBucketCreateRequest (OMBucketCreateRequest.java:validateAndUpdateCache(270)) - created bucket: bucket26180 of layout FILE_SYSTEM_OPTIMIZED in volume: volume09958
09:13:37.029 [IPC Server handler 7 on default port 15004] ERROR OMAudit - user=runner | ip=127.0.0.1 | op=GET_FILE_STATUS {volume=volume09958, bucket=bucket26180, key=root_dir/dir1/file2, dataSize=0, replicationConfig=null} | ret=FAILURE
org.apache.hadoop.ozone.om.exceptions.OMException: Unable to get file status: volume: volume09958 bucket: bucket26180 key: root_dir/dir1/file2
	at org.apache.hadoop.ozone.om.KeyManagerImpl.getOzoneFileStatusFSO(KeyManagerImpl.java:1330) ~[ozone-manager-1.4.0-SNAPSHOT.jar:?]
	at org.apache.hadoop.ozone.om.KeyManagerImpl.getFileStatus(KeyManagerImpl.java:1114) ~[ozone-manager-1.4.0-SNAPSHOT.jar:?]
	at org.apache.hadoop.ozone.om.OmMetadataReader.getFileStatus(OmMetadataReader.java:266) ~[ozone-manager-1.4.0-SNAPSHOT.jar:?]
	at org.apache.hadoop.ozone.om.OzoneManager.getFileStatus(OzoneManager.java:3552) ~[ozone-manager-1.4.0-SNAPSHOT.jar:?]
	at org.apache.hadoop.ozone.protocolPB.OzoneManagerRequestHandler.getOzoneFileStatus(OzoneManagerRequestHandler.java:998) ~[ozone-manager-1.4.0-SNAPSHOT.jar:?]
	at org.apache.hadoop.ozone.protocolPB.OzoneManagerRequestHandler.handleReadRequest(OzoneManagerRequestHandler.java:259) ~[ozone-manager-1.4.0-SNAPSHOT.jar:?]
	at org.apache.hadoop.ozone.protocolPB.OzoneManagerProtocolServerSideTranslatorPB.submitReadRequestToOM(OzoneManagerProtocolServerSideTranslatorPB.java:225) ~[ozone-manager-1.4.0-SNAPSHOT.jar:?]
	at org.apache.hadoop.ozone.protocolPB.OzoneManagerProtocolServerSideTranslatorPB.processRequest(OzoneManagerProtocolServerSideTranslatorPB.java:179) ~[ozone-manager-1.4.0-SNAPSHOT.jar:?]
	at org.apache.hadoop.hdds.server.OzoneProtocolMessageDispatcher.processRequest(OzoneProtocolMessageDispatcher.java:87) [hdds-server-framework-1.4.0-SNAPSHOT.jar:?]
	at org.apache.hadoop.ozone.protocolPB.OzoneManagerProtocolServerSideTranslatorPB.submitRequest(OzoneManagerProtocolServerSideTranslatorPB.java:148) [ozone-manager-1.4.0-SNAPSHOT.jar:?]
	at org.apache.hadoop.ozone.protocol.proto.OzoneManagerProtocolProtos$OzoneManagerService$2.callBlockingMethod(OzoneManagerProtocolProtos.java) [ozone-interface-client-1.4.0-SNAPSHOT.jar:?]
	at org.apache.hadoop.ipc.ProtobufRpcEngine$Server.processCall(ProtobufRpcEngine.java:484) [hadoop-common-3.3.6.jar:?]
	at org.apache.hadoop.ipc.ProtobufRpcEngine2$Server$ProtoBufRpcInvoker.call(ProtobufRpcEngine2.java:595) [hadoop-common-3.3.6.jar:?]
	at org.apache.hadoop.ipc.ProtobufRpcEngine2$Server$ProtoBufRpcInvoker.call(ProtobufRpcEngine2.java:573) [hadoop-common-3.3.6.jar:?]
	at org.apache.hadoop.ipc.RPC$Server.call(RPC.java:1227) [hadoop-common-3.3.6.jar:?]
	at org.apache.hadoop.ipc.Server$RpcCall.run(Server.java:1094) [hadoop-common-3.3.6.jar:?]
	at org.apache.hadoop.ipc.Server$RpcCall.run(Server.java:1017) [hadoop-common-3.3.6.jar:?]
	at java.security.AccessController.doPrivileged(Native Method) ~[?:1.8.0_382]
	at javax.security.auth.Subject.doAs(Subject.java:422) [?:1.8.0_382]
	at org.apache.hadoop.security.UserGroupInformation.doAs(UserGroupInformation.java:1899) [hadoop-common-3.3.6.jar:?]
	at org.apache.hadoop.ipc.Server$Handler.run(Server.java:3048) [hadoop-common-3.3.6.jar:?]
2023-09-29 09:13:37,030 [Time-limited test] WARN  ozone.BasicRootedOzoneFileSystem (BasicRootedOzoneFileSystem.java:delete(704)) - delete: Path does not exist: /volume09958/bucket26180/root_dir/dir1/file2
09:13:37.032 [IPC Server handler 1 on default port 15004] ERROR OMAudit - user=runner | ip=127.0.0.1 | op=GET_FILE_STATUS {volume=volume09958, bucket=bucket26180, key=root_dir/dir1/dir2, dataSize=0, replicationConfig=null} | ret=FAILURE
org.apache.hadoop.ozone.om.exceptions.OMException: Unable to get file status: volume: volume09958 bucket: bucket26180 key: root_dir/dir1/dir2
	at org.apache.hadoop.ozone.om.KeyManagerImpl.getOzoneFileStatusFSO(KeyManagerImpl.java:1330) ~[ozone-manager-1.4.0-SNAPSHOT.jar:?]
	at org.apache.hadoop.ozone.om.KeyManagerImpl.getFileStatus(KeyManagerImpl.java:1114) ~[ozone-manager-1.4.0-SNAPSHOT.jar:?]
	at org.apache.hadoop.ozone.om.OmMetadataReader.getFileStatus(OmMetadataReader.java:266) ~[ozone-manager-1.4.0-SNAPSHOT.jar:?]
	at org.apache.hadoop.ozone.om.OzoneManager.getFileStatus(OzoneManager.java:3552) ~[ozone-manager-1.4.0-SNAPSHOT.jar:?]
	at org.apache.hadoop.ozone.protocolPB.OzoneManagerRequestHandler.getOzoneFileStatus(OzoneManagerRequestHandler.java:998) ~[ozone-manager-1.4.0-SNAPSHOT.jar:?]
	at org.apache.hadoop.ozone.protocolPB.OzoneManagerRequestHandler.handleReadRequest(OzoneManagerRequestHandler.java:259) ~[ozone-manager-1.4.0-SNAPSHOT.jar:?]
	at org.apache.hadoop.ozone.protocolPB.OzoneManagerProtocolServerSideTranslatorPB.submitReadRequestToOM(OzoneManagerProtocolServerSideTranslatorPB.java:225) ~[ozone-manager-1.4.0-SNAPSHOT.jar:?]
	at org.apache.hadoop.ozone.protocolPB.OzoneManagerProtocolServerSideTranslatorPB.processRequest(OzoneManagerProtocolServerSideTranslatorPB.java:179) ~[ozone-manager-1.4.0-SNAPSHOT.jar:?]
	at org.apache.hadoop.hdds.server.OzoneProtocolMessageDispatcher.processRequest(OzoneProtocolMessageDispatcher.java:87) [hdds-server-framework-1.4.0-SNAPSHOT.jar:?]
	at org.apache.hadoop.ozone.protocolPB.OzoneManagerProtocolServerSideTranslatorPB.submitRequest(OzoneManagerProtocolServerSideTranslatorPB.java:148) [ozone-manager-1.4.0-SNAPSHOT.jar:?]
	at org.apache.hadoop.ozone.protocol.proto.OzoneManagerProtocolProtos$OzoneManagerService$2.callBlockingMethod(OzoneManagerProtocolProtos.java) [ozone-interface-client-1.4.0-SNAPSHOT.jar:?]
	at org.apache.hadoop.ipc.ProtobufRpcEngine$Server.processCall(ProtobufRpcEngine.java:484) [hadoop-common-3.3.6.jar:?]
	at org.apache.hadoop.ipc.ProtobufRpcEngine2$Server$ProtoBufRpcInvoker.call(ProtobufRpcEngine2.java:595) [hadoop-common-3.3.6.jar:?]
	at org.apache.hadoop.ipc.ProtobufRpcEngine2$Server$ProtoBufRpcInvoker.call(ProtobufRpcEngine2.java:573) [hadoop-common-3.3.6.jar:?]
	at org.apache.hadoop.ipc.RPC$Server.call(RPC.java:1227) [hadoop-common-3.3.6.jar:?]
	at org.apache.hadoop.ipc.Server$RpcCall.run(Server.java:1094) [hadoop-common-3.3.6.jar:?]
	at org.apache.hadoop.ipc.Server$RpcCall.run(Server.java:1017) [hadoop-common-3.3.6.jar:?]
	at java.security.AccessController.doPrivileged(Native Method) ~[?:1.8.0_382]
	at javax.security.auth.Subject.doAs(Subject.java:422) [?:1.8.0_382]
	at org.apache.hadoop.security.UserGroupInformation.doAs(UserGroupInformation.java:1899) [hadoop-common-3.3.6.jar:?]
	at org.apache.hadoop.ipc.Server$Handler.run(Server.java:3048) [hadoop-common-3.3.6.jar:?]
2023-09-29 09:13:37,034 [Time-limited test] WARN  ozone.BasicRootedOzoneFileSystem (BasicRootedOzoneFileSystem.java:delete(704)) - delete: Path does not exist: /volume09958/bucket26180/root_dir/dir1/dir2
]]></system-out>
  </testcase>
  <testcase name="testRenameToParentDir" classname="TestRootedOzoneFileSystemWithFSO" time="0.069">
    <system-out><![CDATA[2023-09-29 09:15:22,164 [Time-limited test] INFO  rpc.RpcClient (RpcClient.java:createVolume(462)) - Creating Volume: volume57198, with user48071 as owner and space quota set to -1 bytes, counts quota set to -1
2023-09-29 09:15:22,165 [IPC Server handler 5 on default port 15057] INFO  volume.OMVolumeCreateRequest (OMVolumeCreateRequest.java:validateAndUpdateCache(196)) - created volume:volume57198 for user:user48071
2023-09-29 09:15:22,166 [Time-limited test] INFO  rpc.RpcClient (RpcClient.java:createBucket(689)) - Creating Bucket: volume57198/bucket99001, with bucket layout FILE_SYSTEM_OPTIMIZED, runner as owner, Versioning false, Storage Type set to DISK and Encryption set to false, Replication Type set to server-side default replication type, Namespace Quota set to -1, Space Quota set to -1 
2023-09-29 09:15:22,167 [IPC Server handler 7 on default port 15057] INFO  bucket.OMBucketCreateRequest (OMBucketCreateRequest.java:validateAndUpdateCache(270)) - created bucket: bucket99001 of layout FILE_SYSTEM_OPTIMIZED in volume: volume57198
09:15:22.190 [IPC Server handler 2 on default port 15057] ERROR OMAudit - user=runner | ip=127.0.0.1 | op=GET_FILE_STATUS {volume=volume57198, bucket=bucket99001, key=root_dir/dir1/file2, dataSize=0, replicationConfig=null} | ret=FAILURE
org.apache.hadoop.ozone.om.exceptions.OMException: Unable to get file status: volume: volume57198 bucket: bucket99001 key: root_dir/dir1/file2
	at org.apache.hadoop.ozone.om.KeyManagerImpl.getOzoneFileStatusFSO(KeyManagerImpl.java:1330) ~[ozone-manager-1.4.0-SNAPSHOT.jar:?]
	at org.apache.hadoop.ozone.om.KeyManagerImpl.getFileStatus(KeyManagerImpl.java:1114) ~[ozone-manager-1.4.0-SNAPSHOT.jar:?]
	at org.apache.hadoop.ozone.om.OmMetadataReader.getFileStatus(OmMetadataReader.java:266) ~[ozone-manager-1.4.0-SNAPSHOT.jar:?]
	at org.apache.hadoop.ozone.om.OzoneManager.getFileStatus(OzoneManager.java:3552) ~[ozone-manager-1.4.0-SNAPSHOT.jar:?]
	at org.apache.hadoop.ozone.protocolPB.OzoneManagerRequestHandler.getOzoneFileStatus(OzoneManagerRequestHandler.java:998) ~[ozone-manager-1.4.0-SNAPSHOT.jar:?]
	at org.apache.hadoop.ozone.protocolPB.OzoneManagerRequestHandler.handleReadRequest(OzoneManagerRequestHandler.java:259) ~[ozone-manager-1.4.0-SNAPSHOT.jar:?]
	at org.apache.hadoop.ozone.protocolPB.OzoneManagerProtocolServerSideTranslatorPB.submitRequestDirectlyToOM(OzoneManagerProtocolServerSideTranslatorPB.java:274) ~[ozone-manager-1.4.0-SNAPSHOT.jar:?]
	at org.apache.hadoop.ozone.protocolPB.OzoneManagerProtocolServerSideTranslatorPB.processRequest(OzoneManagerProtocolServerSideTranslatorPB.java:175) ~[ozone-manager-1.4.0-SNAPSHOT.jar:?]
	at org.apache.hadoop.hdds.server.OzoneProtocolMessageDispatcher.processRequest(OzoneProtocolMessageDispatcher.java:87) [hdds-server-framework-1.4.0-SNAPSHOT.jar:?]
	at org.apache.hadoop.ozone.protocolPB.OzoneManagerProtocolServerSideTranslatorPB.submitRequest(OzoneManagerProtocolServerSideTranslatorPB.java:148) [ozone-manager-1.4.0-SNAPSHOT.jar:?]
	at org.apache.hadoop.ozone.protocol.proto.OzoneManagerProtocolProtos$OzoneManagerService$2.callBlockingMethod(OzoneManagerProtocolProtos.java) [ozone-interface-client-1.4.0-SNAPSHOT.jar:?]
	at org.apache.hadoop.ipc.ProtobufRpcEngine$Server.processCall(ProtobufRpcEngine.java:484) [hadoop-common-3.3.6.jar:?]
	at org.apache.hadoop.ipc.ProtobufRpcEngine2$Server$ProtoBufRpcInvoker.call(ProtobufRpcEngine2.java:595) [hadoop-common-3.3.6.jar:?]
	at org.apache.hadoop.ipc.ProtobufRpcEngine2$Server$ProtoBufRpcInvoker.call(ProtobufRpcEngine2.java:573) [hadoop-common-3.3.6.jar:?]
	at org.apache.hadoop.ipc.RPC$Server.call(RPC.java:1227) [hadoop-common-3.3.6.jar:?]
	at org.apache.hadoop.ipc.Server$RpcCall.run(Server.java:1094) [hadoop-common-3.3.6.jar:?]
	at org.apache.hadoop.ipc.Server$RpcCall.run(Server.java:1017) [hadoop-common-3.3.6.jar:?]
	at java.security.AccessController.doPrivileged(Native Method) ~[?:1.8.0_382]
	at javax.security.auth.Subject.doAs(Subject.java:422) [?:1.8.0_382]
	at org.apache.hadoop.security.UserGroupInformation.doAs(UserGroupInformation.java:1899) [hadoop-common-3.3.6.jar:?]
	at org.apache.hadoop.ipc.Server$Handler.run(Server.java:3048) [hadoop-common-3.3.6.jar:?]
2023-09-29 09:15:22,191 [Time-limited test] WARN  ozone.BasicRootedOzoneFileSystem (BasicRootedOzoneFileSystem.java:delete(704)) - delete: Path does not exist: /volume57198/bucket99001/root_dir/dir1/file2
09:15:22.192 [IPC Server handler 5 on default port 15057] ERROR OMAudit - user=runner | ip=127.0.0.1 | op=GET_FILE_STATUS {volume=volume57198, bucket=bucket99001, key=root_dir/dir1/dir2, dataSize=0, replicationConfig=null} | ret=FAILURE
org.apache.hadoop.ozone.om.exceptions.OMException: Unable to get file status: volume: volume57198 bucket: bucket99001 key: root_dir/dir1/dir2
	at org.apache.hadoop.ozone.om.KeyManagerImpl.getOzoneFileStatusFSO(KeyManagerImpl.java:1330) ~[ozone-manager-1.4.0-SNAPSHOT.jar:?]
	at org.apache.hadoop.ozone.om.KeyManagerImpl.getFileStatus(KeyManagerImpl.java:1114) ~[ozone-manager-1.4.0-SNAPSHOT.jar:?]
	at org.apache.hadoop.ozone.om.OmMetadataReader.getFileStatus(OmMetadataReader.java:266) ~[ozone-manager-1.4.0-SNAPSHOT.jar:?]
	at org.apache.hadoop.ozone.om.OzoneManager.getFileStatus(OzoneManager.java:3552) ~[ozone-manager-1.4.0-SNAPSHOT.jar:?]
	at org.apache.hadoop.ozone.protocolPB.OzoneManagerRequestHandler.getOzoneFileStatus(OzoneManagerRequestHandler.java:998) ~[ozone-manager-1.4.0-SNAPSHOT.jar:?]
	at org.apache.hadoop.ozone.protocolPB.OzoneManagerRequestHandler.handleReadRequest(OzoneManagerRequestHandler.java:259) ~[ozone-manager-1.4.0-SNAPSHOT.jar:?]
	at org.apache.hadoop.ozone.protocolPB.OzoneManagerProtocolServerSideTranslatorPB.submitRequestDirectlyToOM(OzoneManagerProtocolServerSideTranslatorPB.java:274) ~[ozone-manager-1.4.0-SNAPSHOT.jar:?]
	at org.apache.hadoop.ozone.protocolPB.OzoneManagerProtocolServerSideTranslatorPB.processRequest(OzoneManagerProtocolServerSideTranslatorPB.java:175) ~[ozone-manager-1.4.0-SNAPSHOT.jar:?]
	at org.apache.hadoop.hdds.server.OzoneProtocolMessageDispatcher.processRequest(OzoneProtocolMessageDispatcher.java:87) [hdds-server-framework-1.4.0-SNAPSHOT.jar:?]
	at org.apache.hadoop.ozone.protocolPB.OzoneManagerProtocolServerSideTranslatorPB.submitRequest(OzoneManagerProtocolServerSideTranslatorPB.java:148) [ozone-manager-1.4.0-SNAPSHOT.jar:?]
	at org.apache.hadoop.ozone.protocol.proto.OzoneManagerProtocolProtos$OzoneManagerService$2.callBlockingMethod(OzoneManagerProtocolProtos.java) [ozone-interface-client-1.4.0-SNAPSHOT.jar:?]
	at org.apache.hadoop.ipc.ProtobufRpcEngine$Server.processCall(ProtobufRpcEngine.java:484) [hadoop-common-3.3.6.jar:?]
	at org.apache.hadoop.ipc.ProtobufRpcEngine2$Server$ProtoBufRpcInvoker.call(ProtobufRpcEngine2.java:595) [hadoop-common-3.3.6.jar:?]
	at org.apache.hadoop.ipc.ProtobufRpcEngine2$Server$ProtoBufRpcInvoker.call(ProtobufRpcEngine2.java:573) [hadoop-common-3.3.6.jar:?]
	at org.apache.hadoop.ipc.RPC$Server.call(RPC.java:1227) [hadoop-common-3.3.6.jar:?]
	at org.apache.hadoop.ipc.Server$RpcCall.run(Server.java:1094) [hadoop-common-3.3.6.jar:?]
	at org.apache.hadoop.ipc.Server$RpcCall.run(Server.java:1017) [hadoop-common-3.3.6.jar:?]
	at java.security.AccessController.doPrivileged(Native Method) ~[?:1.8.0_382]
	at javax.security.auth.Subject.doAs(Subject.java:422) [?:1.8.0_382]
	at org.apache.hadoop.security.UserGroupInformation.doAs(UserGroupInformation.java:1899) [hadoop-common-3.3.6.jar:?]
	at org.apache.hadoop.ipc.Server$Handler.run(Server.java:3048) [hadoop-common-3.3.6.jar:?]
2023-09-29 09:15:22,193 [Time-limited test] WARN  ozone.BasicRootedOzoneFileSystem (BasicRootedOzoneFileSystem.java:delete(704)) - delete: Path does not exist: /volume57198/bucket99001/root_dir/dir1/dir2
]]></system-out>
  </testcase>
  <testcase name="testMkdirNonExistentVolumeBucket" classname="TestRootedOzoneFileSystemWithFSO" time="0.06">
    <system-out><![CDATA[2023-09-29 09:13:37,078 [Time-limited test] INFO  rpc.RpcClient (RpcClient.java:createVolume(462)) - Creating Volume: volume20085, with user56908 as owner and space quota set to -1 bytes, counts quota set to -1
2023-09-29 09:13:37,080 [OM StateMachine ApplyTransaction Thread - 0] INFO  volume.OMVolumeCreateRequest (OMVolumeCreateRequest.java:validateAndUpdateCache(196)) - created volume:volume20085 for user:user56908
2023-09-29 09:13:37,082 [Time-limited test] INFO  rpc.RpcClient (RpcClient.java:createBucket(689)) - Creating Bucket: volume20085/bucket70063, with bucket layout FILE_SYSTEM_OPTIMIZED, runner as owner, Versioning false, Storage Type set to DISK and Encryption set to false, Replication Type set to server-side default replication type, Namespace Quota set to -1, Space Quota set to -1 
2023-09-29 09:13:37,083 [OM StateMachine ApplyTransaction Thread - 0] INFO  bucket.OMBucketCreateRequest (OMBucketCreateRequest.java:validateAndUpdateCache(270)) - created bucket: bucket70063 of layout FILE_SYSTEM_OPTIMIZED in volume: volume20085
09:13:37.086 [IPC Server handler 12 on default port 15004] ERROR OMAudit - user=runner | ip=127.0.0.1 | op=READ_BUCKET {volume=volume-20143, bucket=bucket-15215} | ret=FAILURE
org.apache.hadoop.ozone.om.exceptions.OMException: Volume not found when getting bucket info
	at org.apache.hadoop.ozone.om.BucketManagerImpl.getBucketInfo(BucketManagerImpl.java:81) ~[ozone-manager-1.4.0-SNAPSHOT.jar:?]
	at org.apache.hadoop.ozone.om.OzoneManager.getBucketInfo(OzoneManager.java:2798) ~[ozone-manager-1.4.0-SNAPSHOT.jar:?]
	at org.apache.hadoop.ozone.protocolPB.OzoneManagerRequestHandler.infoBucket(OzoneManagerRequestHandler.java:554) ~[ozone-manager-1.4.0-SNAPSHOT.jar:?]
	at org.apache.hadoop.ozone.protocolPB.OzoneManagerRequestHandler.handleReadRequest(OzoneManagerRequestHandler.java:204) ~[ozone-manager-1.4.0-SNAPSHOT.jar:?]
	at org.apache.hadoop.ozone.protocolPB.OzoneManagerProtocolServerSideTranslatorPB.submitReadRequestToOM(OzoneManagerProtocolServerSideTranslatorPB.java:225) ~[ozone-manager-1.4.0-SNAPSHOT.jar:?]
	at org.apache.hadoop.ozone.protocolPB.OzoneManagerProtocolServerSideTranslatorPB.processRequest(OzoneManagerProtocolServerSideTranslatorPB.java:179) ~[ozone-manager-1.4.0-SNAPSHOT.jar:?]
	at org.apache.hadoop.hdds.server.OzoneProtocolMessageDispatcher.processRequest(OzoneProtocolMessageDispatcher.java:87) [hdds-server-framework-1.4.0-SNAPSHOT.jar:?]
	at org.apache.hadoop.ozone.protocolPB.OzoneManagerProtocolServerSideTranslatorPB.submitRequest(OzoneManagerProtocolServerSideTranslatorPB.java:148) [ozone-manager-1.4.0-SNAPSHOT.jar:?]
	at org.apache.hadoop.ozone.protocol.proto.OzoneManagerProtocolProtos$OzoneManagerService$2.callBlockingMethod(OzoneManagerProtocolProtos.java) [ozone-interface-client-1.4.0-SNAPSHOT.jar:?]
	at org.apache.hadoop.ipc.ProtobufRpcEngine$Server.processCall(ProtobufRpcEngine.java:484) [hadoop-common-3.3.6.jar:?]
	at org.apache.hadoop.ipc.ProtobufRpcEngine2$Server$ProtoBufRpcInvoker.call(ProtobufRpcEngine2.java:595) [hadoop-common-3.3.6.jar:?]
	at org.apache.hadoop.ipc.ProtobufRpcEngine2$Server$ProtoBufRpcInvoker.call(ProtobufRpcEngine2.java:573) [hadoop-common-3.3.6.jar:?]
	at org.apache.hadoop.ipc.RPC$Server.call(RPC.java:1227) [hadoop-common-3.3.6.jar:?]
	at org.apache.hadoop.ipc.Server$RpcCall.run(Server.java:1094) [hadoop-common-3.3.6.jar:?]
	at org.apache.hadoop.ipc.Server$RpcCall.run(Server.java:1017) [hadoop-common-3.3.6.jar:?]
	at java.security.AccessController.doPrivileged(Native Method) ~[?:1.8.0_382]
	at javax.security.auth.Subject.doAs(Subject.java:422) [?:1.8.0_382]
	at org.apache.hadoop.security.UserGroupInformation.doAs(UserGroupInformation.java:1899) [hadoop-common-3.3.6.jar:?]
	at org.apache.hadoop.ipc.Server$Handler.run(Server.java:3048) [hadoop-common-3.3.6.jar:?]
2023-09-29 09:13:37,087 [Time-limited test] INFO  rpc.RpcClient (RpcClient.java:createVolume(462)) - Creating Volume: volume-20143, with runner as owner and space quota set to -1 bytes, counts quota set to -1
2023-09-29 09:13:37,089 [OM StateMachine ApplyTransaction Thread - 0] INFO  volume.OMVolumeCreateRequest (OMVolumeCreateRequest.java:validateAndUpdateCache(196)) - created volume:volume-20143 for user:runner
2023-09-29 09:13:37,090 [Time-limited test] INFO  rpc.RpcClient (RpcClient.java:createBucket(689)) - Creating Bucket: volume-20143/bucket-15215, with bucket layout FILE_SYSTEM_OPTIMIZED, runner as owner, Versioning false, Storage Type set to DISK and Encryption set to false, Replication Type set to server-side default replication type, Namespace Quota set to -1, Space Quota set to -1 
2023-09-29 09:13:37,092 [OM StateMachine ApplyTransaction Thread - 0] INFO  bucket.OMBucketCreateRequest (OMBucketCreateRequest.java:validateAndUpdateCache(270)) - created bucket: bucket-15215 of layout FILE_SYSTEM_OPTIMIZED in volume: volume-20143
]]></system-out>
  </testcase>
  <testcase name="testMkdirNonExistentVolumeBucket" classname="TestRootedOzoneFileSystemWithFSO" time="0.041">
    <system-out><![CDATA[2023-09-29 09:15:22,229 [Time-limited test] INFO  rpc.RpcClient (RpcClient.java:createVolume(462)) - Creating Volume: volume78064, with user80263 as owner and space quota set to -1 bytes, counts quota set to -1
2023-09-29 09:15:22,230 [IPC Server handler 5 on default port 15057] INFO  volume.OMVolumeCreateRequest (OMVolumeCreateRequest.java:validateAndUpdateCache(196)) - created volume:volume78064 for user:user80263
2023-09-29 09:15:22,232 [Time-limited test] INFO  rpc.RpcClient (RpcClient.java:createBucket(689)) - Creating Bucket: volume78064/bucket13848, with bucket layout FILE_SYSTEM_OPTIMIZED, runner as owner, Versioning false, Storage Type set to DISK and Encryption set to false, Replication Type set to server-side default replication type, Namespace Quota set to -1, Space Quota set to -1 
2023-09-29 09:15:22,232 [IPC Server handler 7 on default port 15057] INFO  bucket.OMBucketCreateRequest (OMBucketCreateRequest.java:validateAndUpdateCache(270)) - created bucket: bucket13848 of layout FILE_SYSTEM_OPTIMIZED in volume: volume78064
09:15:22.234 [IPC Server handler 8 on default port 15057] ERROR OMAudit - user=runner | ip=127.0.0.1 | op=READ_BUCKET {volume=volume-42346, bucket=bucket-09953} | ret=FAILURE
org.apache.hadoop.ozone.om.exceptions.OMException: Volume not found when getting bucket info
	at org.apache.hadoop.ozone.om.BucketManagerImpl.getBucketInfo(BucketManagerImpl.java:81) ~[ozone-manager-1.4.0-SNAPSHOT.jar:?]
	at org.apache.hadoop.ozone.om.OzoneManager.getBucketInfo(OzoneManager.java:2798) ~[ozone-manager-1.4.0-SNAPSHOT.jar:?]
	at org.apache.hadoop.ozone.protocolPB.OzoneManagerRequestHandler.infoBucket(OzoneManagerRequestHandler.java:554) ~[ozone-manager-1.4.0-SNAPSHOT.jar:?]
	at org.apache.hadoop.ozone.protocolPB.OzoneManagerRequestHandler.handleReadRequest(OzoneManagerRequestHandler.java:204) ~[ozone-manager-1.4.0-SNAPSHOT.jar:?]
	at org.apache.hadoop.ozone.protocolPB.OzoneManagerProtocolServerSideTranslatorPB.submitRequestDirectlyToOM(OzoneManagerProtocolServerSideTranslatorPB.java:274) ~[ozone-manager-1.4.0-SNAPSHOT.jar:?]
	at org.apache.hadoop.ozone.protocolPB.OzoneManagerProtocolServerSideTranslatorPB.processRequest(OzoneManagerProtocolServerSideTranslatorPB.java:175) ~[ozone-manager-1.4.0-SNAPSHOT.jar:?]
	at org.apache.hadoop.hdds.server.OzoneProtocolMessageDispatcher.processRequest(OzoneProtocolMessageDispatcher.java:87) [hdds-server-framework-1.4.0-SNAPSHOT.jar:?]
	at org.apache.hadoop.ozone.protocolPB.OzoneManagerProtocolServerSideTranslatorPB.submitRequest(OzoneManagerProtocolServerSideTranslatorPB.java:148) [ozone-manager-1.4.0-SNAPSHOT.jar:?]
	at org.apache.hadoop.ozone.protocol.proto.OzoneManagerProtocolProtos$OzoneManagerService$2.callBlockingMethod(OzoneManagerProtocolProtos.java) [ozone-interface-client-1.4.0-SNAPSHOT.jar:?]
	at org.apache.hadoop.ipc.ProtobufRpcEngine$Server.processCall(ProtobufRpcEngine.java:484) [hadoop-common-3.3.6.jar:?]
	at org.apache.hadoop.ipc.ProtobufRpcEngine2$Server$ProtoBufRpcInvoker.call(ProtobufRpcEngine2.java:595) [hadoop-common-3.3.6.jar:?]
	at org.apache.hadoop.ipc.ProtobufRpcEngine2$Server$ProtoBufRpcInvoker.call(ProtobufRpcEngine2.java:573) [hadoop-common-3.3.6.jar:?]
	at org.apache.hadoop.ipc.RPC$Server.call(RPC.java:1227) [hadoop-common-3.3.6.jar:?]
	at org.apache.hadoop.ipc.Server$RpcCall.run(Server.java:1094) [hadoop-common-3.3.6.jar:?]
	at org.apache.hadoop.ipc.Server$RpcCall.run(Server.java:1017) [hadoop-common-3.3.6.jar:?]
	at java.security.AccessController.doPrivileged(Native Method) ~[?:1.8.0_382]
	at javax.security.auth.Subject.doAs(Subject.java:422) [?:1.8.0_382]
	at org.apache.hadoop.security.UserGroupInformation.doAs(UserGroupInformation.java:1899) [hadoop-common-3.3.6.jar:?]
	at org.apache.hadoop.ipc.Server$Handler.run(Server.java:3048) [hadoop-common-3.3.6.jar:?]
2023-09-29 09:15:22,235 [Time-limited test] INFO  rpc.RpcClient (RpcClient.java:createVolume(462)) - Creating Volume: volume-42346, with runner as owner and space quota set to -1 bytes, counts quota set to -1
2023-09-29 09:15:22,237 [IPC Server handler 11 on default port 15057] INFO  volume.OMVolumeCreateRequest (OMVolumeCreateRequest.java:validateAndUpdateCache(196)) - created volume:volume-42346 for user:runner
2023-09-29 09:15:22,239 [Time-limited test] INFO  rpc.RpcClient (RpcClient.java:createBucket(689)) - Creating Bucket: volume-42346/bucket-09953, with bucket layout FILE_SYSTEM_OPTIMIZED, runner as owner, Versioning false, Storage Type set to DISK and Encryption set to false, Replication Type set to server-side default replication type, Namespace Quota set to -1, Space Quota set to -1 
2023-09-29 09:15:22,240 [IPC Server handler 3 on default port 15057] INFO  bucket.OMBucketCreateRequest (OMBucketCreateRequest.java:validateAndUpdateCache(270)) - created bucket: bucket-09953 of layout FILE_SYSTEM_OPTIMIZED in volume: volume-42346
]]></system-out>
  </testcase>
  <testcase name="testFailToDeleteRoot" classname="TestRootedOzoneFileSystemWithFSO" time="0.049">
    <system-out><![CDATA[2023-09-29 09:13:37,141 [Time-limited test] INFO  rpc.RpcClient (RpcClient.java:createVolume(462)) - Creating Volume: volume73095, with user76086 as owner and space quota set to -1 bytes, counts quota set to -1
2023-09-29 09:13:37,143 [OM StateMachine ApplyTransaction Thread - 0] INFO  volume.OMVolumeCreateRequest (OMVolumeCreateRequest.java:validateAndUpdateCache(196)) - created volume:volume73095 for user:user76086
2023-09-29 09:13:37,144 [Time-limited test] INFO  rpc.RpcClient (RpcClient.java:createBucket(689)) - Creating Bucket: volume73095/bucket74971, with bucket layout FILE_SYSTEM_OPTIMIZED, runner as owner, Versioning false, Storage Type set to DISK and Encryption set to false, Replication Type set to server-side default replication type, Namespace Quota set to -1, Space Quota set to -1 
2023-09-29 09:13:37,147 [OM StateMachine ApplyTransaction Thread - 0] INFO  bucket.OMBucketCreateRequest (OMBucketCreateRequest.java:validateAndUpdateCache(270)) - created bucket: bucket74971 of layout FILE_SYSTEM_OPTIMIZED in volume: volume73095
2023-09-29 09:13:37,148 [Time-limited test] WARN  ozone.BasicRootedOzoneFileSystem (BasicRootedOzoneFileSystem.java:delete(677)) - delete: OFS does not support rm root. To wipe the cluster, please re-init OM instead.
2023-09-29 09:13:37,148 [Time-limited test] WARN  ozone.BasicRootedOzoneFileSystem (BasicRootedOzoneFileSystem.java:delete(677)) - delete: OFS does not support rm root. To wipe the cluster, please re-init OM instead.
]]></system-out>
  </testcase>
  <testcase name="testFailToDeleteRoot" classname="TestRootedOzoneFileSystemWithFSO" time="0.029">
    <system-out><![CDATA[2023-09-29 09:15:22,271 [Time-limited test] INFO  rpc.RpcClient (RpcClient.java:createVolume(462)) - Creating Volume: volume31755, with user68706 as owner and space quota set to -1 bytes, counts quota set to -1
2023-09-29 09:15:22,272 [IPC Server handler 3 on default port 15057] INFO  volume.OMVolumeCreateRequest (OMVolumeCreateRequest.java:validateAndUpdateCache(196)) - created volume:volume31755 for user:user68706
2023-09-29 09:15:22,274 [Time-limited test] INFO  rpc.RpcClient (RpcClient.java:createBucket(689)) - Creating Bucket: volume31755/bucket38394, with bucket layout FILE_SYSTEM_OPTIMIZED, runner as owner, Versioning false, Storage Type set to DISK and Encryption set to false, Replication Type set to server-side default replication type, Namespace Quota set to -1, Space Quota set to -1 
2023-09-29 09:15:22,274 [IPC Server handler 14 on default port 15057] INFO  bucket.OMBucketCreateRequest (OMBucketCreateRequest.java:validateAndUpdateCache(270)) - created bucket: bucket38394 of layout FILE_SYSTEM_OPTIMIZED in volume: volume31755
2023-09-29 09:15:22,275 [Time-limited test] WARN  ozone.BasicRootedOzoneFileSystem (BasicRootedOzoneFileSystem.java:delete(677)) - delete: OFS does not support rm root. To wipe the cluster, please re-init OM instead.
2023-09-29 09:15:22,275 [Time-limited test] WARN  ozone.BasicRootedOzoneFileSystem (BasicRootedOzoneFileSystem.java:delete(677)) - delete: OFS does not support rm root. To wipe the cluster, please re-init OM instead.
]]></system-out>
  </testcase>
  <testcase name="testListStatusOnSubDirs" classname="TestRootedOzoneFileSystemWithFSO" time="0.092">
    <system-out><![CDATA[2023-09-29 09:13:37,196 [Time-limited test] INFO  rpc.RpcClient (RpcClient.java:createVolume(462)) - Creating Volume: volume15890, with user16330 as owner and space quota set to -1 bytes, counts quota set to -1
2023-09-29 09:13:37,198 [OM StateMachine ApplyTransaction Thread - 0] INFO  volume.OMVolumeCreateRequest (OMVolumeCreateRequest.java:validateAndUpdateCache(196)) - created volume:volume15890 for user:user16330
2023-09-29 09:13:37,204 [Time-limited test] INFO  rpc.RpcClient (RpcClient.java:createBucket(689)) - Creating Bucket: volume15890/bucket69215, with bucket layout FILE_SYSTEM_OPTIMIZED, runner as owner, Versioning false, Storage Type set to DISK and Encryption set to false, Replication Type set to server-side default replication type, Namespace Quota set to -1, Space Quota set to -1 
2023-09-29 09:13:37,206 [OM StateMachine ApplyTransaction Thread - 0] INFO  bucket.OMBucketCreateRequest (OMBucketCreateRequest.java:validateAndUpdateCache(270)) - created bucket: bucket69215 of layout FILE_SYSTEM_OPTIMIZED in volume: volume15890
]]></system-out>
  </testcase>
  <testcase name="testListStatusOnSubDirs" classname="TestRootedOzoneFileSystemWithFSO" time="0.055">
    <system-out><![CDATA[2023-09-29 09:15:22,301 [Time-limited test] INFO  rpc.RpcClient (RpcClient.java:createVolume(462)) - Creating Volume: volume07435, with user12582 as owner and space quota set to -1 bytes, counts quota set to -1
2023-09-29 09:15:22,302 [IPC Server handler 11 on default port 15057] INFO  volume.OMVolumeCreateRequest (OMVolumeCreateRequest.java:validateAndUpdateCache(196)) - created volume:volume07435 for user:user12582
2023-09-29 09:15:22,303 [Time-limited test] INFO  rpc.RpcClient (RpcClient.java:createBucket(689)) - Creating Bucket: volume07435/bucket42576, with bucket layout FILE_SYSTEM_OPTIMIZED, runner as owner, Versioning false, Storage Type set to DISK and Encryption set to false, Replication Type set to server-side default replication type, Namespace Quota set to -1, Space Quota set to -1 
2023-09-29 09:15:22,304 [IPC Server handler 3 on default port 15057] INFO  bucket.OMBucketCreateRequest (OMBucketCreateRequest.java:validateAndUpdateCache(270)) - created bucket: bucket42576 of layout FILE_SYSTEM_OPTIMIZED in volume: volume07435
]]></system-out>
  </testcase>
  <testcase name="testListStatus" classname="TestRootedOzoneFileSystemWithFSO" time="0.085">
    <system-out><![CDATA[2023-09-29 09:13:37,273 [Time-limited test] INFO  rpc.RpcClient (RpcClient.java:createVolume(462)) - Creating Volume: volume97438, with user94831 as owner and space quota set to -1 bytes, counts quota set to -1
2023-09-29 09:13:37,275 [OM StateMachine ApplyTransaction Thread - 0] INFO  volume.OMVolumeCreateRequest (OMVolumeCreateRequest.java:validateAndUpdateCache(196)) - created volume:volume97438 for user:user94831
2023-09-29 09:13:37,277 [Time-limited test] INFO  rpc.RpcClient (RpcClient.java:createBucket(689)) - Creating Bucket: volume97438/bucket75790, with bucket layout FILE_SYSTEM_OPTIMIZED, runner as owner, Versioning false, Storage Type set to DISK and Encryption set to false, Replication Type set to server-side default replication type, Namespace Quota set to -1, Space Quota set to -1 
2023-09-29 09:13:37,279 [OM StateMachine ApplyTransaction Thread - 0] INFO  bucket.OMBucketCreateRequest (OMBucketCreateRequest.java:validateAndUpdateCache(270)) - created bucket: bucket75790 of layout FILE_SYSTEM_OPTIMIZED in volume: volume97438
]]></system-out>
  </testcase>
  <testcase name="testListStatus" classname="TestRootedOzoneFileSystemWithFSO" time="0.068">
    <system-out><![CDATA[2023-09-29 09:15:22,359 [Time-limited test] INFO  rpc.RpcClient (RpcClient.java:createVolume(462)) - Creating Volume: volume02858, with user86368 as owner and space quota set to -1 bytes, counts quota set to -1
2023-09-29 09:15:22,360 [IPC Server handler 8 on default port 15057] INFO  volume.OMVolumeCreateRequest (OMVolumeCreateRequest.java:validateAndUpdateCache(196)) - created volume:volume02858 for user:user86368
2023-09-29 09:15:22,362 [Time-limited test] INFO  rpc.RpcClient (RpcClient.java:createBucket(689)) - Creating Bucket: volume02858/bucket97233, with bucket layout FILE_SYSTEM_OPTIMIZED, runner as owner, Versioning false, Storage Type set to DISK and Encryption set to false, Replication Type set to server-side default replication type, Namespace Quota set to -1, Space Quota set to -1 
2023-09-29 09:15:22,363 [IPC Server handler 12 on default port 15057] INFO  bucket.OMBucketCreateRequest (OMBucketCreateRequest.java:validateAndUpdateCache(270)) - created bucket: bucket97233 of layout FILE_SYSTEM_OPTIMIZED in volume: volume02858
]]></system-out>
  </testcase>
  <testcase name="testGetTrashRoots" classname="TestRootedOzoneFileSystemWithFSO" time="0.684">
    <system-out><![CDATA[2023-09-29 09:13:37,360 [Time-limited test] INFO  rpc.RpcClient (RpcClient.java:createVolume(462)) - Creating Volume: volume38304, with user60954 as owner and space quota set to -1 bytes, counts quota set to -1
2023-09-29 09:13:37,362 [OM StateMachine ApplyTransaction Thread - 0] INFO  volume.OMVolumeCreateRequest (OMVolumeCreateRequest.java:validateAndUpdateCache(196)) - created volume:volume38304 for user:user60954
2023-09-29 09:13:37,364 [Time-limited test] INFO  rpc.RpcClient (RpcClient.java:createBucket(689)) - Creating Bucket: volume38304/bucket98155, with bucket layout FILE_SYSTEM_OPTIMIZED, runner as owner, Versioning false, Storage Type set to DISK and Encryption set to false, Replication Type set to server-side default replication type, Namespace Quota set to -1, Space Quota set to -1 
2023-09-29 09:13:37,365 [OM StateMachine ApplyTransaction Thread - 0] INFO  bucket.OMBucketCreateRequest (OMBucketCreateRequest.java:validateAndUpdateCache(270)) - created bucket: bucket98155 of layout FILE_SYSTEM_OPTIMIZED in volume: volume38304
09:13:37.379 [IPC Server handler 7 on default port 15004] ERROR OMAudit - user=runner | ip=127.0.0.1 | op=GET_FILE_STATUS {volume=volume38304, bucket=bucket98155, key=.Trash/runner, dataSize=0, replicationConfig=null} | ret=FAILURE
org.apache.hadoop.ozone.om.exceptions.OMException: Unable to get file status: volume: volume38304 bucket: bucket98155 key: .Trash/runner
	at org.apache.hadoop.ozone.om.KeyManagerImpl.getOzoneFileStatusFSO(KeyManagerImpl.java:1330) ~[ozone-manager-1.4.0-SNAPSHOT.jar:?]
	at org.apache.hadoop.ozone.om.KeyManagerImpl.getFileStatus(KeyManagerImpl.java:1114) ~[ozone-manager-1.4.0-SNAPSHOT.jar:?]
	at org.apache.hadoop.ozone.om.OmMetadataReader.getFileStatus(OmMetadataReader.java:266) ~[ozone-manager-1.4.0-SNAPSHOT.jar:?]
	at org.apache.hadoop.ozone.om.OzoneManager.getFileStatus(OzoneManager.java:3552) ~[ozone-manager-1.4.0-SNAPSHOT.jar:?]
	at org.apache.hadoop.ozone.protocolPB.OzoneManagerRequestHandler.getOzoneFileStatus(OzoneManagerRequestHandler.java:998) ~[ozone-manager-1.4.0-SNAPSHOT.jar:?]
	at org.apache.hadoop.ozone.protocolPB.OzoneManagerRequestHandler.handleReadRequest(OzoneManagerRequestHandler.java:259) ~[ozone-manager-1.4.0-SNAPSHOT.jar:?]
	at org.apache.hadoop.ozone.protocolPB.OzoneManagerProtocolServerSideTranslatorPB.submitReadRequestToOM(OzoneManagerProtocolServerSideTranslatorPB.java:225) ~[ozone-manager-1.4.0-SNAPSHOT.jar:?]
	at org.apache.hadoop.ozone.protocolPB.OzoneManagerProtocolServerSideTranslatorPB.processRequest(OzoneManagerProtocolServerSideTranslatorPB.java:179) ~[ozone-manager-1.4.0-SNAPSHOT.jar:?]
	at org.apache.hadoop.hdds.server.OzoneProtocolMessageDispatcher.processRequest(OzoneProtocolMessageDispatcher.java:87) [hdds-server-framework-1.4.0-SNAPSHOT.jar:?]
	at org.apache.hadoop.ozone.protocolPB.OzoneManagerProtocolServerSideTranslatorPB.submitRequest(OzoneManagerProtocolServerSideTranslatorPB.java:148) [ozone-manager-1.4.0-SNAPSHOT.jar:?]
	at org.apache.hadoop.ozone.protocol.proto.OzoneManagerProtocolProtos$OzoneManagerService$2.callBlockingMethod(OzoneManagerProtocolProtos.java) [ozone-interface-client-1.4.0-SNAPSHOT.jar:?]
	at org.apache.hadoop.ipc.ProtobufRpcEngine$Server.processCall(ProtobufRpcEngine.java:484) [hadoop-common-3.3.6.jar:?]
	at org.apache.hadoop.ipc.ProtobufRpcEngine2$Server$ProtoBufRpcInvoker.call(ProtobufRpcEngine2.java:595) [hadoop-common-3.3.6.jar:?]
	at org.apache.hadoop.ipc.ProtobufRpcEngine2$Server$ProtoBufRpcInvoker.call(ProtobufRpcEngine2.java:573) [hadoop-common-3.3.6.jar:?]
	at org.apache.hadoop.ipc.RPC$Server.call(RPC.java:1227) [hadoop-common-3.3.6.jar:?]
	at org.apache.hadoop.ipc.Server$RpcCall.run(Server.java:1094) [hadoop-common-3.3.6.jar:?]
	at org.apache.hadoop.ipc.Server$RpcCall.run(Server.java:1017) [hadoop-common-3.3.6.jar:?]
	at java.security.AccessController.doPrivileged(Native Method) ~[?:1.8.0_382]
	at javax.security.auth.Subject.doAs(Subject.java:422) [?:1.8.0_382]
	at org.apache.hadoop.security.UserGroupInformation.doAs(UserGroupInformation.java:1899) [hadoop-common-3.3.6.jar:?]
	at org.apache.hadoop.ipc.Server$Handler.run(Server.java:3048) [hadoop-common-3.3.6.jar:?]
09:13:37.390 [IPC Server handler 13 on default port 15004] ERROR OMAudit - user=runner | ip=127.0.0.1 | op=GET_FILE_STATUS {volume=193f4550-df68-4bdc-aa8e-b2667106f480, bucket=ce4dd1bc-03b8-4ade-b905-d16dbbc8fdff, key=.Trash, dataSize=0, replicationConfig=null} | ret=FAILURE
org.apache.hadoop.ozone.om.exceptions.OMException: Unable to get file status: volume: 193f4550-df68-4bdc-aa8e-b2667106f480 bucket: ce4dd1bc-03b8-4ade-b905-d16dbbc8fdff key: .Trash
	at org.apache.hadoop.ozone.om.KeyManagerImpl.getOzoneFileStatus(KeyManagerImpl.java:1198) ~[ozone-manager-1.4.0-SNAPSHOT.jar:?]
	at org.apache.hadoop.ozone.om.KeyManagerImpl.getFileStatus(KeyManagerImpl.java:1116) ~[ozone-manager-1.4.0-SNAPSHOT.jar:?]
	at org.apache.hadoop.ozone.om.OmMetadataReader.getFileStatus(OmMetadataReader.java:266) ~[ozone-manager-1.4.0-SNAPSHOT.jar:?]
	at org.apache.hadoop.ozone.om.OzoneManager.getFileStatus(OzoneManager.java:3552) ~[ozone-manager-1.4.0-SNAPSHOT.jar:?]
	at org.apache.hadoop.ozone.protocolPB.OzoneManagerRequestHandler.getOzoneFileStatus(OzoneManagerRequestHandler.java:998) ~[ozone-manager-1.4.0-SNAPSHOT.jar:?]
	at org.apache.hadoop.ozone.protocolPB.OzoneManagerRequestHandler.handleReadRequest(OzoneManagerRequestHandler.java:259) ~[ozone-manager-1.4.0-SNAPSHOT.jar:?]
	at org.apache.hadoop.ozone.protocolPB.OzoneManagerProtocolServerSideTranslatorPB.submitReadRequestToOM(OzoneManagerProtocolServerSideTranslatorPB.java:225) ~[ozone-manager-1.4.0-SNAPSHOT.jar:?]
	at org.apache.hadoop.ozone.protocolPB.OzoneManagerProtocolServerSideTranslatorPB.processRequest(OzoneManagerProtocolServerSideTranslatorPB.java:179) ~[ozone-manager-1.4.0-SNAPSHOT.jar:?]
	at org.apache.hadoop.hdds.server.OzoneProtocolMessageDispatcher.processRequest(OzoneProtocolMessageDispatcher.java:87) [hdds-server-framework-1.4.0-SNAPSHOT.jar:?]
	at org.apache.hadoop.ozone.protocolPB.OzoneManagerProtocolServerSideTranslatorPB.submitRequest(OzoneManagerProtocolServerSideTranslatorPB.java:148) [ozone-manager-1.4.0-SNAPSHOT.jar:?]
	at org.apache.hadoop.ozone.protocol.proto.OzoneManagerProtocolProtos$OzoneManagerService$2.callBlockingMethod(OzoneManagerProtocolProtos.java) [ozone-interface-client-1.4.0-SNAPSHOT.jar:?]
	at org.apache.hadoop.ipc.ProtobufRpcEngine$Server.processCall(ProtobufRpcEngine.java:484) [hadoop-common-3.3.6.jar:?]
	at org.apache.hadoop.ipc.ProtobufRpcEngine2$Server$ProtoBufRpcInvoker.call(ProtobufRpcEngine2.java:595) [hadoop-common-3.3.6.jar:?]
	at org.apache.hadoop.ipc.ProtobufRpcEngine2$Server$ProtoBufRpcInvoker.call(ProtobufRpcEngine2.java:573) [hadoop-common-3.3.6.jar:?]
	at org.apache.hadoop.ipc.RPC$Server.call(RPC.java:1227) [hadoop-common-3.3.6.jar:?]
	at org.apache.hadoop.ipc.Server$RpcCall.run(Server.java:1094) [hadoop-common-3.3.6.jar:?]
	at org.apache.hadoop.ipc.Server$RpcCall.run(Server.java:1017) [hadoop-common-3.3.6.jar:?]
	at java.security.AccessController.doPrivileged(Native Method) ~[?:1.8.0_382]
	at javax.security.auth.Subject.doAs(Subject.java:422) [?:1.8.0_382]
	at org.apache.hadoop.security.UserGroupInformation.doAs(UserGroupInformation.java:1899) [hadoop-common-3.3.6.jar:?]
	at org.apache.hadoop.ipc.Server$Handler.run(Server.java:3048) [hadoop-common-3.3.6.jar:?]
09:13:37.396 [IPC Server handler 15 on default port 15004] ERROR OMAudit - user=runner | ip=127.0.0.1 | op=GET_FILE_STATUS {volume=volume38304, bucket=bucket98155, key=.Trash, dataSize=0, replicationConfig=null} | ret=FAILURE
org.apache.hadoop.ozone.om.exceptions.OMException: Unable to get file status: volume: volume38304 bucket: bucket98155 key: .Trash
	at org.apache.hadoop.ozone.om.KeyManagerImpl.getOzoneFileStatusFSO(KeyManagerImpl.java:1330) ~[ozone-manager-1.4.0-SNAPSHOT.jar:?]
	at org.apache.hadoop.ozone.om.KeyManagerImpl.getFileStatus(KeyManagerImpl.java:1114) ~[ozone-manager-1.4.0-SNAPSHOT.jar:?]
	at org.apache.hadoop.ozone.om.OmMetadataReader.getFileStatus(OmMetadataReader.java:266) ~[ozone-manager-1.4.0-SNAPSHOT.jar:?]
	at org.apache.hadoop.ozone.om.OzoneManager.getFileStatus(OzoneManager.java:3552) ~[ozone-manager-1.4.0-SNAPSHOT.jar:?]
	at org.apache.hadoop.ozone.protocolPB.OzoneManagerRequestHandler.getOzoneFileStatus(OzoneManagerRequestHandler.java:998) ~[ozone-manager-1.4.0-SNAPSHOT.jar:?]
	at org.apache.hadoop.ozone.protocolPB.OzoneManagerRequestHandler.handleReadRequest(OzoneManagerRequestHandler.java:259) ~[ozone-manager-1.4.0-SNAPSHOT.jar:?]
	at org.apache.hadoop.ozone.protocolPB.OzoneManagerProtocolServerSideTranslatorPB.submitReadRequestToOM(OzoneManagerProtocolServerSideTranslatorPB.java:225) ~[ozone-manager-1.4.0-SNAPSHOT.jar:?]
	at org.apache.hadoop.ozone.protocolPB.OzoneManagerProtocolServerSideTranslatorPB.processRequest(OzoneManagerProtocolServerSideTranslatorPB.java:179) ~[ozone-manager-1.4.0-SNAPSHOT.jar:?]
	at org.apache.hadoop.hdds.server.OzoneProtocolMessageDispatcher.processRequest(OzoneProtocolMessageDispatcher.java:87) [hdds-server-framework-1.4.0-SNAPSHOT.jar:?]
	at org.apache.hadoop.ozone.protocolPB.OzoneManagerProtocolServerSideTranslatorPB.submitRequest(OzoneManagerProtocolServerSideTranslatorPB.java:148) [ozone-manager-1.4.0-SNAPSHOT.jar:?]
	at org.apache.hadoop.ozone.protocol.proto.OzoneManagerProtocolProtos$OzoneManagerService$2.callBlockingMethod(OzoneManagerProtocolProtos.java) [ozone-interface-client-1.4.0-SNAPSHOT.jar:?]
	at org.apache.hadoop.ipc.ProtobufRpcEngine$Server.processCall(ProtobufRpcEngine.java:484) [hadoop-common-3.3.6.jar:?]
	at org.apache.hadoop.ipc.ProtobufRpcEngine2$Server$ProtoBufRpcInvoker.call(ProtobufRpcEngine2.java:595) [hadoop-common-3.3.6.jar:?]
	at org.apache.hadoop.ipc.ProtobufRpcEngine2$Server$ProtoBufRpcInvoker.call(ProtobufRpcEngine2.java:573) [hadoop-common-3.3.6.jar:?]
	at org.apache.hadoop.ipc.RPC$Server.call(RPC.java:1227) [hadoop-common-3.3.6.jar:?]
	at org.apache.hadoop.ipc.Server$RpcCall.run(Server.java:1094) [hadoop-common-3.3.6.jar:?]
	at org.apache.hadoop.ipc.Server$RpcCall.run(Server.java:1017) [hadoop-common-3.3.6.jar:?]
	at java.security.AccessController.doPrivileged(Native Method) ~[?:1.8.0_382]
	at javax.security.auth.Subject.doAs(Subject.java:422) [?:1.8.0_382]
	at org.apache.hadoop.security.UserGroupInformation.doAs(UserGroupInformation.java:1899) [hadoop-common-3.3.6.jar:?]
	at org.apache.hadoop.ipc.Server$Handler.run(Server.java:3048) [hadoop-common-3.3.6.jar:?]
09:13:37.399 [IPC Server handler 11 on default port 15004] ERROR OMAudit - user=runner | ip=127.0.0.1 | op=GET_FILE_STATUS {volume=volume93717, bucket=bucket43962, key=.Trash, dataSize=0, replicationConfig=null} | ret=FAILURE
org.apache.hadoop.ozone.om.exceptions.OMException: Unable to get file status: volume: volume93717 bucket: bucket43962 key: .Trash
	at org.apache.hadoop.ozone.om.KeyManagerImpl.getOzoneFileStatusFSO(KeyManagerImpl.java:1330) ~[ozone-manager-1.4.0-SNAPSHOT.jar:?]
	at org.apache.hadoop.ozone.om.KeyManagerImpl.getFileStatus(KeyManagerImpl.java:1114) ~[ozone-manager-1.4.0-SNAPSHOT.jar:?]
	at org.apache.hadoop.ozone.om.OmMetadataReader.getFileStatus(OmMetadataReader.java:266) ~[ozone-manager-1.4.0-SNAPSHOT.jar:?]
	at org.apache.hadoop.ozone.om.OzoneManager.getFileStatus(OzoneManager.java:3552) ~[ozone-manager-1.4.0-SNAPSHOT.jar:?]
	at org.apache.hadoop.ozone.protocolPB.OzoneManagerRequestHandler.getOzoneFileStatus(OzoneManagerRequestHandler.java:998) ~[ozone-manager-1.4.0-SNAPSHOT.jar:?]
	at org.apache.hadoop.ozone.protocolPB.OzoneManagerRequestHandler.handleReadRequest(OzoneManagerRequestHandler.java:259) ~[ozone-manager-1.4.0-SNAPSHOT.jar:?]
	at org.apache.hadoop.ozone.protocolPB.OzoneManagerProtocolServerSideTranslatorPB.submitReadRequestToOM(OzoneManagerProtocolServerSideTranslatorPB.java:225) ~[ozone-manager-1.4.0-SNAPSHOT.jar:?]
	at org.apache.hadoop.ozone.protocolPB.OzoneManagerProtocolServerSideTranslatorPB.processRequest(OzoneManagerProtocolServerSideTranslatorPB.java:179) ~[ozone-manager-1.4.0-SNAPSHOT.jar:?]
	at org.apache.hadoop.hdds.server.OzoneProtocolMessageDispatcher.processRequest(OzoneProtocolMessageDispatcher.java:87) [hdds-server-framework-1.4.0-SNAPSHOT.jar:?]
	at org.apache.hadoop.ozone.protocolPB.OzoneManagerProtocolServerSideTranslatorPB.submitRequest(OzoneManagerProtocolServerSideTranslatorPB.java:148) [ozone-manager-1.4.0-SNAPSHOT.jar:?]
	at org.apache.hadoop.ozone.protocol.proto.OzoneManagerProtocolProtos$OzoneManagerService$2.callBlockingMethod(OzoneManagerProtocolProtos.java) [ozone-interface-client-1.4.0-SNAPSHOT.jar:?]
	at org.apache.hadoop.ipc.ProtobufRpcEngine$Server.processCall(ProtobufRpcEngine.java:484) [hadoop-common-3.3.6.jar:?]
	at org.apache.hadoop.ipc.ProtobufRpcEngine2$Server$ProtoBufRpcInvoker.call(ProtobufRpcEngine2.java:595) [hadoop-common-3.3.6.jar:?]
	at org.apache.hadoop.ipc.ProtobufRpcEngine2$Server$ProtoBufRpcInvoker.call(ProtobufRpcEngine2.java:573) [hadoop-common-3.3.6.jar:?]
	at org.apache.hadoop.ipc.RPC$Server.call(RPC.java:1227) [hadoop-common-3.3.6.jar:?]
	at org.apache.hadoop.ipc.Server$RpcCall.run(Server.java:1094) [hadoop-common-3.3.6.jar:?]
	at org.apache.hadoop.ipc.Server$RpcCall.run(Server.java:1017) [hadoop-common-3.3.6.jar:?]
	at java.security.AccessController.doPrivileged(Native Method) ~[?:1.8.0_382]
	at javax.security.auth.Subject.doAs(Subject.java:422) [?:1.8.0_382]
	at org.apache.hadoop.security.UserGroupInformation.doAs(UserGroupInformation.java:1899) [hadoop-common-3.3.6.jar:?]
	at org.apache.hadoop.ipc.Server$Handler.run(Server.java:3048) [hadoop-common-3.3.6.jar:?]
09:13:37.419 [IPC Server handler 3 on default port 15004] ERROR OMAudit - user=runner | ip=127.0.0.1 | op=GET_FILE_STATUS {volume=193f4550-df68-4bdc-aa8e-b2667106f480, bucket=ce4dd1bc-03b8-4ade-b905-d16dbbc8fdff, key=.Trash, dataSize=0, replicationConfig=null} | ret=FAILURE
org.apache.hadoop.ozone.om.exceptions.OMException: Unable to get file status: volume: 193f4550-df68-4bdc-aa8e-b2667106f480 bucket: ce4dd1bc-03b8-4ade-b905-d16dbbc8fdff key: .Trash
	at org.apache.hadoop.ozone.om.KeyManagerImpl.getOzoneFileStatus(KeyManagerImpl.java:1198) ~[ozone-manager-1.4.0-SNAPSHOT.jar:?]
	at org.apache.hadoop.ozone.om.KeyManagerImpl.getFileStatus(KeyManagerImpl.java:1116) ~[ozone-manager-1.4.0-SNAPSHOT.jar:?]
	at org.apache.hadoop.ozone.om.OmMetadataReader.getFileStatus(OmMetadataReader.java:266) ~[ozone-manager-1.4.0-SNAPSHOT.jar:?]
	at org.apache.hadoop.ozone.om.OzoneManager.getFileStatus(OzoneManager.java:3552) ~[ozone-manager-1.4.0-SNAPSHOT.jar:?]
	at org.apache.hadoop.ozone.protocolPB.OzoneManagerRequestHandler.getOzoneFileStatus(OzoneManagerRequestHandler.java:998) ~[ozone-manager-1.4.0-SNAPSHOT.jar:?]
	at org.apache.hadoop.ozone.protocolPB.OzoneManagerRequestHandler.handleReadRequest(OzoneManagerRequestHandler.java:259) ~[ozone-manager-1.4.0-SNAPSHOT.jar:?]
	at org.apache.hadoop.ozone.protocolPB.OzoneManagerProtocolServerSideTranslatorPB.submitReadRequestToOM(OzoneManagerProtocolServerSideTranslatorPB.java:225) ~[ozone-manager-1.4.0-SNAPSHOT.jar:?]
	at org.apache.hadoop.ozone.protocolPB.OzoneManagerProtocolServerSideTranslatorPB.processRequest(OzoneManagerProtocolServerSideTranslatorPB.java:179) ~[ozone-manager-1.4.0-SNAPSHOT.jar:?]
	at org.apache.hadoop.hdds.server.OzoneProtocolMessageDispatcher.processRequest(OzoneProtocolMessageDispatcher.java:87) [hdds-server-framework-1.4.0-SNAPSHOT.jar:?]
	at org.apache.hadoop.ozone.protocolPB.OzoneManagerProtocolServerSideTranslatorPB.submitRequest(OzoneManagerProtocolServerSideTranslatorPB.java:148) [ozone-manager-1.4.0-SNAPSHOT.jar:?]
	at org.apache.hadoop.ozone.protocol.proto.OzoneManagerProtocolProtos$OzoneManagerService$2.callBlockingMethod(OzoneManagerProtocolProtos.java) [ozone-interface-client-1.4.0-SNAPSHOT.jar:?]
	at org.apache.hadoop.ipc.ProtobufRpcEngine$Server.processCall(ProtobufRpcEngine.java:484) [hadoop-common-3.3.6.jar:?]
	at org.apache.hadoop.ipc.ProtobufRpcEngine2$Server$ProtoBufRpcInvoker.call(ProtobufRpcEngine2.java:595) [hadoop-common-3.3.6.jar:?]
	at org.apache.hadoop.ipc.ProtobufRpcEngine2$Server$ProtoBufRpcInvoker.call(ProtobufRpcEngine2.java:573) [hadoop-common-3.3.6.jar:?]
	at org.apache.hadoop.ipc.RPC$Server.call(RPC.java:1227) [hadoop-common-3.3.6.jar:?]
	at org.apache.hadoop.ipc.Server$RpcCall.run(Server.java:1094) [hadoop-common-3.3.6.jar:?]
	at org.apache.hadoop.ipc.Server$RpcCall.run(Server.java:1017) [hadoop-common-3.3.6.jar:?]
	at java.security.AccessController.doPrivileged(Native Method) ~[?:1.8.0_382]
	at javax.security.auth.Subject.doAs(Subject.java:422) [?:1.8.0_382]
	at org.apache.hadoop.security.UserGroupInformation.doAs(UserGroupInformation.java:1899) [hadoop-common-3.3.6.jar:?]
	at org.apache.hadoop.ipc.Server$Handler.run(Server.java:3048) [hadoop-common-3.3.6.jar:?]
09:13:37.432 [IPC Server handler 12 on default port 15004] ERROR OMAudit - user=runner | ip=127.0.0.1 | op=GET_FILE_STATUS {volume=volume93717, bucket=bucket43962, key=.Trash, dataSize=0, replicationConfig=null} | ret=FAILURE
org.apache.hadoop.ozone.om.exceptions.OMException: Unable to get file status: volume: volume93717 bucket: bucket43962 key: .Trash
	at org.apache.hadoop.ozone.om.KeyManagerImpl.getOzoneFileStatusFSO(KeyManagerImpl.java:1330) ~[ozone-manager-1.4.0-SNAPSHOT.jar:?]
	at org.apache.hadoop.ozone.om.KeyManagerImpl.getFileStatus(KeyManagerImpl.java:1114) ~[ozone-manager-1.4.0-SNAPSHOT.jar:?]
	at org.apache.hadoop.ozone.om.OmMetadataReader.getFileStatus(OmMetadataReader.java:266) ~[ozone-manager-1.4.0-SNAPSHOT.jar:?]
	at org.apache.hadoop.ozone.om.OzoneManager.getFileStatus(OzoneManager.java:3552) ~[ozone-manager-1.4.0-SNAPSHOT.jar:?]
	at org.apache.hadoop.ozone.protocolPB.OzoneManagerRequestHandler.getOzoneFileStatus(OzoneManagerRequestHandler.java:998) ~[ozone-manager-1.4.0-SNAPSHOT.jar:?]
	at org.apache.hadoop.ozone.protocolPB.OzoneManagerRequestHandler.handleReadRequest(OzoneManagerRequestHandler.java:259) ~[ozone-manager-1.4.0-SNAPSHOT.jar:?]
	at org.apache.hadoop.ozone.protocolPB.OzoneManagerProtocolServerSideTranslatorPB.submitReadRequestToOM(OzoneManagerProtocolServerSideTranslatorPB.java:225) ~[ozone-manager-1.4.0-SNAPSHOT.jar:?]
	at org.apache.hadoop.ozone.protocolPB.OzoneManagerProtocolServerSideTranslatorPB.processRequest(OzoneManagerProtocolServerSideTranslatorPB.java:179) ~[ozone-manager-1.4.0-SNAPSHOT.jar:?]
	at org.apache.hadoop.hdds.server.OzoneProtocolMessageDispatcher.processRequest(OzoneProtocolMessageDispatcher.java:87) [hdds-server-framework-1.4.0-SNAPSHOT.jar:?]
	at org.apache.hadoop.ozone.protocolPB.OzoneManagerProtocolServerSideTranslatorPB.submitRequest(OzoneManagerProtocolServerSideTranslatorPB.java:148) [ozone-manager-1.4.0-SNAPSHOT.jar:?]
	at org.apache.hadoop.ozone.protocol.proto.OzoneManagerProtocolProtos$OzoneManagerService$2.callBlockingMethod(OzoneManagerProtocolProtos.java) [ozone-interface-client-1.4.0-SNAPSHOT.jar:?]
	at org.apache.hadoop.ipc.ProtobufRpcEngine$Server.processCall(ProtobufRpcEngine.java:484) [hadoop-common-3.3.6.jar:?]
	at org.apache.hadoop.ipc.ProtobufRpcEngine2$Server$ProtoBufRpcInvoker.call(ProtobufRpcEngine2.java:595) [hadoop-common-3.3.6.jar:?]
	at org.apache.hadoop.ipc.ProtobufRpcEngine2$Server$ProtoBufRpcInvoker.call(ProtobufRpcEngine2.java:573) [hadoop-common-3.3.6.jar:?]
	at org.apache.hadoop.ipc.RPC$Server.call(RPC.java:1227) [hadoop-common-3.3.6.jar:?]
	at org.apache.hadoop.ipc.Server$RpcCall.run(Server.java:1094) [hadoop-common-3.3.6.jar:?]
	at org.apache.hadoop.ipc.Server$RpcCall.run(Server.java:1017) [hadoop-common-3.3.6.jar:?]
	at java.security.AccessController.doPrivileged(Native Method) ~[?:1.8.0_382]
	at javax.security.auth.Subject.doAs(Subject.java:422) [?:1.8.0_382]
	at org.apache.hadoop.security.UserGroupInformation.doAs(UserGroupInformation.java:1899) [hadoop-common-3.3.6.jar:?]
	at org.apache.hadoop.ipc.Server$Handler.run(Server.java:3048) [hadoop-common-3.3.6.jar:?]
09:13:37.452 [IPC Server handler 13 on default port 15004] ERROR OMAudit - user=runner | ip=127.0.0.1 | op=GET_FILE_STATUS {volume=193f4550-df68-4bdc-aa8e-b2667106f480, bucket=ce4dd1bc-03b8-4ade-b905-d16dbbc8fdff, key=.Trash, dataSize=0, replicationConfig=null} | ret=FAILURE
org.apache.hadoop.ozone.om.exceptions.OMException: Unable to get file status: volume: 193f4550-df68-4bdc-aa8e-b2667106f480 bucket: ce4dd1bc-03b8-4ade-b905-d16dbbc8fdff key: .Trash
	at org.apache.hadoop.ozone.om.KeyManagerImpl.getOzoneFileStatus(KeyManagerImpl.java:1198) ~[ozone-manager-1.4.0-SNAPSHOT.jar:?]
	at org.apache.hadoop.ozone.om.KeyManagerImpl.getFileStatus(KeyManagerImpl.java:1116) ~[ozone-manager-1.4.0-SNAPSHOT.jar:?]
	at org.apache.hadoop.ozone.om.OmMetadataReader.getFileStatus(OmMetadataReader.java:266) ~[ozone-manager-1.4.0-SNAPSHOT.jar:?]
	at org.apache.hadoop.ozone.om.OzoneManager.getFileStatus(OzoneManager.java:3552) ~[ozone-manager-1.4.0-SNAPSHOT.jar:?]
	at org.apache.hadoop.ozone.protocolPB.OzoneManagerRequestHandler.getOzoneFileStatus(OzoneManagerRequestHandler.java:998) ~[ozone-manager-1.4.0-SNAPSHOT.jar:?]
	at org.apache.hadoop.ozone.protocolPB.OzoneManagerRequestHandler.handleReadRequest(OzoneManagerRequestHandler.java:259) ~[ozone-manager-1.4.0-SNAPSHOT.jar:?]
	at org.apache.hadoop.ozone.protocolPB.OzoneManagerProtocolServerSideTranslatorPB.submitReadRequestToOM(OzoneManagerProtocolServerSideTranslatorPB.java:225) ~[ozone-manager-1.4.0-SNAPSHOT.jar:?]
	at org.apache.hadoop.ozone.protocolPB.OzoneManagerProtocolServerSideTranslatorPB.processRequest(OzoneManagerProtocolServerSideTranslatorPB.java:179) ~[ozone-manager-1.4.0-SNAPSHOT.jar:?]
	at org.apache.hadoop.hdds.server.OzoneProtocolMessageDispatcher.processRequest(OzoneProtocolMessageDispatcher.java:87) [hdds-server-framework-1.4.0-SNAPSHOT.jar:?]
	at org.apache.hadoop.ozone.protocolPB.OzoneManagerProtocolServerSideTranslatorPB.submitRequest(OzoneManagerProtocolServerSideTranslatorPB.java:148) [ozone-manager-1.4.0-SNAPSHOT.jar:?]
	at org.apache.hadoop.ozone.protocol.proto.OzoneManagerProtocolProtos$OzoneManagerService$2.callBlockingMethod(OzoneManagerProtocolProtos.java) [ozone-interface-client-1.4.0-SNAPSHOT.jar:?]
	at org.apache.hadoop.ipc.ProtobufRpcEngine$Server.processCall(ProtobufRpcEngine.java:484) [hadoop-common-3.3.6.jar:?]
	at org.apache.hadoop.ipc.ProtobufRpcEngine2$Server$ProtoBufRpcInvoker.call(ProtobufRpcEngine2.java:595) [hadoop-common-3.3.6.jar:?]
	at org.apache.hadoop.ipc.ProtobufRpcEngine2$Server$ProtoBufRpcInvoker.call(ProtobufRpcEngine2.java:573) [hadoop-common-3.3.6.jar:?]
	at org.apache.hadoop.ipc.RPC$Server.call(RPC.java:1227) [hadoop-common-3.3.6.jar:?]
	at org.apache.hadoop.ipc.Server$RpcCall.run(Server.java:1094) [hadoop-common-3.3.6.jar:?]
	at org.apache.hadoop.ipc.Server$RpcCall.run(Server.java:1017) [hadoop-common-3.3.6.jar:?]
	at java.security.AccessController.doPrivileged(Native Method) ~[?:1.8.0_382]
	at javax.security.auth.Subject.doAs(Subject.java:422) [?:1.8.0_382]
	at org.apache.hadoop.security.UserGroupInformation.doAs(UserGroupInformation.java:1899) [hadoop-common-3.3.6.jar:?]
	at org.apache.hadoop.ipc.Server$Handler.run(Server.java:3048) [hadoop-common-3.3.6.jar:?]
09:13:37.466 [IPC Server handler 0 on default port 15004] ERROR OMAudit - user=runner | ip=127.0.0.1 | op=GET_FILE_STATUS {volume=volume93717, bucket=bucket43962, key=.Trash, dataSize=0, replicationConfig=null} | ret=FAILURE
org.apache.hadoop.ozone.om.exceptions.OMException: Unable to get file status: volume: volume93717 bucket: bucket43962 key: .Trash
	at org.apache.hadoop.ozone.om.KeyManagerImpl.getOzoneFileStatusFSO(KeyManagerImpl.java:1330) ~[ozone-manager-1.4.0-SNAPSHOT.jar:?]
	at org.apache.hadoop.ozone.om.KeyManagerImpl.getFileStatus(KeyManagerImpl.java:1114) ~[ozone-manager-1.4.0-SNAPSHOT.jar:?]
	at org.apache.hadoop.ozone.om.OmMetadataReader.getFileStatus(OmMetadataReader.java:266) ~[ozone-manager-1.4.0-SNAPSHOT.jar:?]
	at org.apache.hadoop.ozone.om.OzoneManager.getFileStatus(OzoneManager.java:3552) ~[ozone-manager-1.4.0-SNAPSHOT.jar:?]
	at org.apache.hadoop.ozone.protocolPB.OzoneManagerRequestHandler.getOzoneFileStatus(OzoneManagerRequestHandler.java:998) ~[ozone-manager-1.4.0-SNAPSHOT.jar:?]
	at org.apache.hadoop.ozone.protocolPB.OzoneManagerRequestHandler.handleReadRequest(OzoneManagerRequestHandler.java:259) ~[ozone-manager-1.4.0-SNAPSHOT.jar:?]
	at org.apache.hadoop.ozone.protocolPB.OzoneManagerProtocolServerSideTranslatorPB.submitReadRequestToOM(OzoneManagerProtocolServerSideTranslatorPB.java:225) ~[ozone-manager-1.4.0-SNAPSHOT.jar:?]
	at org.apache.hadoop.ozone.protocolPB.OzoneManagerProtocolServerSideTranslatorPB.processRequest(OzoneManagerProtocolServerSideTranslatorPB.java:179) ~[ozone-manager-1.4.0-SNAPSHOT.jar:?]
	at org.apache.hadoop.hdds.server.OzoneProtocolMessageDispatcher.processRequest(OzoneProtocolMessageDispatcher.java:87) [hdds-server-framework-1.4.0-SNAPSHOT.jar:?]
	at org.apache.hadoop.ozone.protocolPB.OzoneManagerProtocolServerSideTranslatorPB.submitRequest(OzoneManagerProtocolServerSideTranslatorPB.java:148) [ozone-manager-1.4.0-SNAPSHOT.jar:?]
	at org.apache.hadoop.ozone.protocol.proto.OzoneManagerProtocolProtos$OzoneManagerService$2.callBlockingMethod(OzoneManagerProtocolProtos.java) [ozone-interface-client-1.4.0-SNAPSHOT.jar:?]
	at org.apache.hadoop.ipc.ProtobufRpcEngine$Server.processCall(ProtobufRpcEngine.java:484) [hadoop-common-3.3.6.jar:?]
	at org.apache.hadoop.ipc.ProtobufRpcEngine2$Server$ProtoBufRpcInvoker.call(ProtobufRpcEngine2.java:595) [hadoop-common-3.3.6.jar:?]
	at org.apache.hadoop.ipc.ProtobufRpcEngine2$Server$ProtoBufRpcInvoker.call(ProtobufRpcEngine2.java:573) [hadoop-common-3.3.6.jar:?]
	at org.apache.hadoop.ipc.RPC$Server.call(RPC.java:1227) [hadoop-common-3.3.6.jar:?]
	at org.apache.hadoop.ipc.Server$RpcCall.run(Server.java:1094) [hadoop-common-3.3.6.jar:?]
	at org.apache.hadoop.ipc.Server$RpcCall.run(Server.java:1017) [hadoop-common-3.3.6.jar:?]
	at java.security.AccessController.doPrivileged(Native Method) ~[?:1.8.0_382]
	at javax.security.auth.Subject.doAs(Subject.java:422) [?:1.8.0_382]
	at org.apache.hadoop.security.UserGroupInformation.doAs(UserGroupInformation.java:1899) [hadoop-common-3.3.6.jar:?]
	at org.apache.hadoop.ipc.Server$Handler.run(Server.java:3048) [hadoop-common-3.3.6.jar:?]
2023-09-29 09:13:37,468 [Time-limited test] INFO  rpc.RpcClient (RpcClient.java:createBucket(689)) - Creating Bucket: volume38304/trashroottest2, with bucket layout FILE_SYSTEM_OPTIMIZED, runner as owner, Versioning false, Storage Type set to DISK and Encryption set to false, Replication Type set to server-side default replication type, Namespace Quota set to -1, Space Quota set to -1 
2023-09-29 09:13:37,469 [OM StateMachine ApplyTransaction Thread - 0] INFO  bucket.OMBucketCreateRequest (OMBucketCreateRequest.java:validateAndUpdateCache(270)) - created bucket: trashroottest2 of layout FILE_SYSTEM_OPTIMIZED in volume: volume38304
09:13:37.577 [IPC Server handler 13 on default port 15004] ERROR OMAudit - user=runner | ip=127.0.0.1 | op=GET_FILE_STATUS {volume=193f4550-df68-4bdc-aa8e-b2667106f480, bucket=ce4dd1bc-03b8-4ade-b905-d16dbbc8fdff, key=.Trash, dataSize=0, replicationConfig=null} | ret=FAILURE
org.apache.hadoop.ozone.om.exceptions.OMException: Unable to get file status: volume: 193f4550-df68-4bdc-aa8e-b2667106f480 bucket: ce4dd1bc-03b8-4ade-b905-d16dbbc8fdff key: .Trash
	at org.apache.hadoop.ozone.om.KeyManagerImpl.getOzoneFileStatus(KeyManagerImpl.java:1198) ~[ozone-manager-1.4.0-SNAPSHOT.jar:?]
	at org.apache.hadoop.ozone.om.KeyManagerImpl.getFileStatus(KeyManagerImpl.java:1116) ~[ozone-manager-1.4.0-SNAPSHOT.jar:?]
	at org.apache.hadoop.ozone.om.OmMetadataReader.getFileStatus(OmMetadataReader.java:266) ~[ozone-manager-1.4.0-SNAPSHOT.jar:?]
	at org.apache.hadoop.ozone.om.OzoneManager.getFileStatus(OzoneManager.java:3552) ~[ozone-manager-1.4.0-SNAPSHOT.jar:?]
	at org.apache.hadoop.ozone.protocolPB.OzoneManagerRequestHandler.getOzoneFileStatus(OzoneManagerRequestHandler.java:998) ~[ozone-manager-1.4.0-SNAPSHOT.jar:?]
	at org.apache.hadoop.ozone.protocolPB.OzoneManagerRequestHandler.handleReadRequest(OzoneManagerRequestHandler.java:259) ~[ozone-manager-1.4.0-SNAPSHOT.jar:?]
	at org.apache.hadoop.ozone.protocolPB.OzoneManagerProtocolServerSideTranslatorPB.submitReadRequestToOM(OzoneManagerProtocolServerSideTranslatorPB.java:225) ~[ozone-manager-1.4.0-SNAPSHOT.jar:?]
	at org.apache.hadoop.ozone.protocolPB.OzoneManagerProtocolServerSideTranslatorPB.processRequest(OzoneManagerProtocolServerSideTranslatorPB.java:179) ~[ozone-manager-1.4.0-SNAPSHOT.jar:?]
	at org.apache.hadoop.hdds.server.OzoneProtocolMessageDispatcher.processRequest(OzoneProtocolMessageDispatcher.java:87) [hdds-server-framework-1.4.0-SNAPSHOT.jar:?]
	at org.apache.hadoop.ozone.protocolPB.OzoneManagerProtocolServerSideTranslatorPB.submitRequest(OzoneManagerProtocolServerSideTranslatorPB.java:148) [ozone-manager-1.4.0-SNAPSHOT.jar:?]
	at org.apache.hadoop.ozone.protocol.proto.OzoneManagerProtocolProtos$OzoneManagerService$2.callBlockingMethod(OzoneManagerProtocolProtos.java) [ozone-interface-client-1.4.0-SNAPSHOT.jar:?]
	at org.apache.hadoop.ipc.ProtobufRpcEngine$Server.processCall(ProtobufRpcEngine.java:484) [hadoop-common-3.3.6.jar:?]
	at org.apache.hadoop.ipc.ProtobufRpcEngine2$Server$ProtoBufRpcInvoker.call(ProtobufRpcEngine2.java:595) [hadoop-common-3.3.6.jar:?]
	at org.apache.hadoop.ipc.ProtobufRpcEngine2$Server$ProtoBufRpcInvoker.call(ProtobufRpcEngine2.java:573) [hadoop-common-3.3.6.jar:?]
	at org.apache.hadoop.ipc.RPC$Server.call(RPC.java:1227) [hadoop-common-3.3.6.jar:?]
	at org.apache.hadoop.ipc.Server$RpcCall.run(Server.java:1094) [hadoop-common-3.3.6.jar:?]
	at org.apache.hadoop.ipc.Server$RpcCall.run(Server.java:1017) [hadoop-common-3.3.6.jar:?]
	at java.security.AccessController.doPrivileged(Native Method) ~[?:1.8.0_382]
	at javax.security.auth.Subject.doAs(Subject.java:422) [?:1.8.0_382]
	at org.apache.hadoop.security.UserGroupInformation.doAs(UserGroupInformation.java:1899) [hadoop-common-3.3.6.jar:?]
	at org.apache.hadoop.ipc.Server$Handler.run(Server.java:3048) [hadoop-common-3.3.6.jar:?]
09:13:37.598 [IPC Server handler 12 on default port 15004] ERROR OMAudit - user=runner | ip=127.0.0.1 | op=GET_FILE_STATUS {volume=volume93717, bucket=bucket43962, key=.Trash, dataSize=0, replicationConfig=null} | ret=FAILURE
org.apache.hadoop.ozone.om.exceptions.OMException: Unable to get file status: volume: volume93717 bucket: bucket43962 key: .Trash
	at org.apache.hadoop.ozone.om.KeyManagerImpl.getOzoneFileStatusFSO(KeyManagerImpl.java:1330) ~[ozone-manager-1.4.0-SNAPSHOT.jar:?]
	at org.apache.hadoop.ozone.om.KeyManagerImpl.getFileStatus(KeyManagerImpl.java:1114) ~[ozone-manager-1.4.0-SNAPSHOT.jar:?]
	at org.apache.hadoop.ozone.om.OmMetadataReader.getFileStatus(OmMetadataReader.java:266) ~[ozone-manager-1.4.0-SNAPSHOT.jar:?]
	at org.apache.hadoop.ozone.om.OzoneManager.getFileStatus(OzoneManager.java:3552) ~[ozone-manager-1.4.0-SNAPSHOT.jar:?]
	at org.apache.hadoop.ozone.protocolPB.OzoneManagerRequestHandler.getOzoneFileStatus(OzoneManagerRequestHandler.java:998) ~[ozone-manager-1.4.0-SNAPSHOT.jar:?]
	at org.apache.hadoop.ozone.protocolPB.OzoneManagerRequestHandler.handleReadRequest(OzoneManagerRequestHandler.java:259) ~[ozone-manager-1.4.0-SNAPSHOT.jar:?]
	at org.apache.hadoop.ozone.protocolPB.OzoneManagerProtocolServerSideTranslatorPB.submitReadRequestToOM(OzoneManagerProtocolServerSideTranslatorPB.java:225) ~[ozone-manager-1.4.0-SNAPSHOT.jar:?]
	at org.apache.hadoop.ozone.protocolPB.OzoneManagerProtocolServerSideTranslatorPB.processRequest(OzoneManagerProtocolServerSideTranslatorPB.java:179) ~[ozone-manager-1.4.0-SNAPSHOT.jar:?]
	at org.apache.hadoop.hdds.server.OzoneProtocolMessageDispatcher.processRequest(OzoneProtocolMessageDispatcher.java:87) [hdds-server-framework-1.4.0-SNAPSHOT.jar:?]
	at org.apache.hadoop.ozone.protocolPB.OzoneManagerProtocolServerSideTranslatorPB.submitRequest(OzoneManagerProtocolServerSideTranslatorPB.java:148) [ozone-manager-1.4.0-SNAPSHOT.jar:?]
	at org.apache.hadoop.ozone.protocol.proto.OzoneManagerProtocolProtos$OzoneManagerService$2.callBlockingMethod(OzoneManagerProtocolProtos.java) [ozone-interface-client-1.4.0-SNAPSHOT.jar:?]
	at org.apache.hadoop.ipc.ProtobufRpcEngine$Server.processCall(ProtobufRpcEngine.java:484) [hadoop-common-3.3.6.jar:?]
	at org.apache.hadoop.ipc.ProtobufRpcEngine2$Server$ProtoBufRpcInvoker.call(ProtobufRpcEngine2.java:595) [hadoop-common-3.3.6.jar:?]
	at org.apache.hadoop.ipc.ProtobufRpcEngine2$Server$ProtoBufRpcInvoker.call(ProtobufRpcEngine2.java:573) [hadoop-common-3.3.6.jar:?]
	at org.apache.hadoop.ipc.RPC$Server.call(RPC.java:1227) [hadoop-common-3.3.6.jar:?]
	at org.apache.hadoop.ipc.Server$RpcCall.run(Server.java:1094) [hadoop-common-3.3.6.jar:?]
	at org.apache.hadoop.ipc.Server$RpcCall.run(Server.java:1017) [hadoop-common-3.3.6.jar:?]
	at java.security.AccessController.doPrivileged(Native Method) ~[?:1.8.0_382]
	at javax.security.auth.Subject.doAs(Subject.java:422) [?:1.8.0_382]
	at org.apache.hadoop.security.UserGroupInformation.doAs(UserGroupInformation.java:1899) [hadoop-common-3.3.6.jar:?]
	at org.apache.hadoop.ipc.Server$Handler.run(Server.java:3048) [hadoop-common-3.3.6.jar:?]
09:13:37.643 [IPC Server handler 17 on default port 15004] ERROR OMAudit - user=runner | ip=127.0.0.1 | op=GET_FILE_STATUS {volume=193f4550-df68-4bdc-aa8e-b2667106f480, bucket=ce4dd1bc-03b8-4ade-b905-d16dbbc8fdff, key=.Trash, dataSize=0, replicationConfig=null} | ret=FAILURE
org.apache.hadoop.ozone.om.exceptions.OMException: Unable to get file status: volume: 193f4550-df68-4bdc-aa8e-b2667106f480 bucket: ce4dd1bc-03b8-4ade-b905-d16dbbc8fdff key: .Trash
	at org.apache.hadoop.ozone.om.KeyManagerImpl.getOzoneFileStatus(KeyManagerImpl.java:1198) ~[ozone-manager-1.4.0-SNAPSHOT.jar:?]
	at org.apache.hadoop.ozone.om.KeyManagerImpl.getFileStatus(KeyManagerImpl.java:1116) ~[ozone-manager-1.4.0-SNAPSHOT.jar:?]
	at org.apache.hadoop.ozone.om.OmMetadataReader.getFileStatus(OmMetadataReader.java:266) ~[ozone-manager-1.4.0-SNAPSHOT.jar:?]
	at org.apache.hadoop.ozone.om.OzoneManager.getFileStatus(OzoneManager.java:3552) ~[ozone-manager-1.4.0-SNAPSHOT.jar:?]
	at org.apache.hadoop.ozone.protocolPB.OzoneManagerRequestHandler.getOzoneFileStatus(OzoneManagerRequestHandler.java:998) ~[ozone-manager-1.4.0-SNAPSHOT.jar:?]
	at org.apache.hadoop.ozone.protocolPB.OzoneManagerRequestHandler.handleReadRequest(OzoneManagerRequestHandler.java:259) ~[ozone-manager-1.4.0-SNAPSHOT.jar:?]
	at org.apache.hadoop.ozone.protocolPB.OzoneManagerProtocolServerSideTranslatorPB.submitReadRequestToOM(OzoneManagerProtocolServerSideTranslatorPB.java:225) ~[ozone-manager-1.4.0-SNAPSHOT.jar:?]
	at org.apache.hadoop.ozone.protocolPB.OzoneManagerProtocolServerSideTranslatorPB.processRequest(OzoneManagerProtocolServerSideTranslatorPB.java:179) ~[ozone-manager-1.4.0-SNAPSHOT.jar:?]
	at org.apache.hadoop.hdds.server.OzoneProtocolMessageDispatcher.processRequest(OzoneProtocolMessageDispatcher.java:87) [hdds-server-framework-1.4.0-SNAPSHOT.jar:?]
	at org.apache.hadoop.ozone.protocolPB.OzoneManagerProtocolServerSideTranslatorPB.submitRequest(OzoneManagerProtocolServerSideTranslatorPB.java:148) [ozone-manager-1.4.0-SNAPSHOT.jar:?]
	at org.apache.hadoop.ozone.protocol.proto.OzoneManagerProtocolProtos$OzoneManagerService$2.callBlockingMethod(OzoneManagerProtocolProtos.java) [ozone-interface-client-1.4.0-SNAPSHOT.jar:?]
	at org.apache.hadoop.ipc.ProtobufRpcEngine$Server.processCall(ProtobufRpcEngine.java:484) [hadoop-common-3.3.6.jar:?]
	at org.apache.hadoop.ipc.ProtobufRpcEngine2$Server$ProtoBufRpcInvoker.call(ProtobufRpcEngine2.java:595) [hadoop-common-3.3.6.jar:?]
	at org.apache.hadoop.ipc.ProtobufRpcEngine2$Server$ProtoBufRpcInvoker.call(ProtobufRpcEngine2.java:573) [hadoop-common-3.3.6.jar:?]
	at org.apache.hadoop.ipc.RPC$Server.call(RPC.java:1227) [hadoop-common-3.3.6.jar:?]
	at org.apache.hadoop.ipc.Server$RpcCall.run(Server.java:1094) [hadoop-common-3.3.6.jar:?]
	at org.apache.hadoop.ipc.Server$RpcCall.run(Server.java:1017) [hadoop-common-3.3.6.jar:?]
	at java.security.AccessController.doPrivileged(Native Method) ~[?:1.8.0_382]
	at javax.security.auth.Subject.doAs(Subject.java:422) [?:1.8.0_382]
	at org.apache.hadoop.security.UserGroupInformation.doAs(UserGroupInformation.java:1899) [hadoop-common-3.3.6.jar:?]
	at org.apache.hadoop.ipc.Server$Handler.run(Server.java:3048) [hadoop-common-3.3.6.jar:?]
09:13:37.662 [IPC Server handler 8 on default port 15004] ERROR OMAudit - user=runner | ip=127.0.0.1 | op=GET_FILE_STATUS {volume=volume93717, bucket=bucket43962, key=.Trash, dataSize=0, replicationConfig=null} | ret=FAILURE
org.apache.hadoop.ozone.om.exceptions.OMException: Unable to get file status: volume: volume93717 bucket: bucket43962 key: .Trash
	at org.apache.hadoop.ozone.om.KeyManagerImpl.getOzoneFileStatusFSO(KeyManagerImpl.java:1330) ~[ozone-manager-1.4.0-SNAPSHOT.jar:?]
	at org.apache.hadoop.ozone.om.KeyManagerImpl.getFileStatus(KeyManagerImpl.java:1114) ~[ozone-manager-1.4.0-SNAPSHOT.jar:?]
	at org.apache.hadoop.ozone.om.OmMetadataReader.getFileStatus(OmMetadataReader.java:266) ~[ozone-manager-1.4.0-SNAPSHOT.jar:?]
	at org.apache.hadoop.ozone.om.OzoneManager.getFileStatus(OzoneManager.java:3552) ~[ozone-manager-1.4.0-SNAPSHOT.jar:?]
	at org.apache.hadoop.ozone.protocolPB.OzoneManagerRequestHandler.getOzoneFileStatus(OzoneManagerRequestHandler.java:998) ~[ozone-manager-1.4.0-SNAPSHOT.jar:?]
	at org.apache.hadoop.ozone.protocolPB.OzoneManagerRequestHandler.handleReadRequest(OzoneManagerRequestHandler.java:259) ~[ozone-manager-1.4.0-SNAPSHOT.jar:?]
	at org.apache.hadoop.ozone.protocolPB.OzoneManagerProtocolServerSideTranslatorPB.submitReadRequestToOM(OzoneManagerProtocolServerSideTranslatorPB.java:225) ~[ozone-manager-1.4.0-SNAPSHOT.jar:?]
	at org.apache.hadoop.ozone.protocolPB.OzoneManagerProtocolServerSideTranslatorPB.processRequest(OzoneManagerProtocolServerSideTranslatorPB.java:179) ~[ozone-manager-1.4.0-SNAPSHOT.jar:?]
	at org.apache.hadoop.hdds.server.OzoneProtocolMessageDispatcher.processRequest(OzoneProtocolMessageDispatcher.java:87) [hdds-server-framework-1.4.0-SNAPSHOT.jar:?]
	at org.apache.hadoop.ozone.protocolPB.OzoneManagerProtocolServerSideTranslatorPB.submitRequest(OzoneManagerProtocolServerSideTranslatorPB.java:148) [ozone-manager-1.4.0-SNAPSHOT.jar:?]
	at org.apache.hadoop.ozone.protocol.proto.OzoneManagerProtocolProtos$OzoneManagerService$2.callBlockingMethod(OzoneManagerProtocolProtos.java) [ozone-interface-client-1.4.0-SNAPSHOT.jar:?]
	at org.apache.hadoop.ipc.ProtobufRpcEngine$Server.processCall(ProtobufRpcEngine.java:484) [hadoop-common-3.3.6.jar:?]
	at org.apache.hadoop.ipc.ProtobufRpcEngine2$Server$ProtoBufRpcInvoker.call(ProtobufRpcEngine2.java:595) [hadoop-common-3.3.6.jar:?]
	at org.apache.hadoop.ipc.ProtobufRpcEngine2$Server$ProtoBufRpcInvoker.call(ProtobufRpcEngine2.java:573) [hadoop-common-3.3.6.jar:?]
	at org.apache.hadoop.ipc.RPC$Server.call(RPC.java:1227) [hadoop-common-3.3.6.jar:?]
	at org.apache.hadoop.ipc.Server$RpcCall.run(Server.java:1094) [hadoop-common-3.3.6.jar:?]
	at org.apache.hadoop.ipc.Server$RpcCall.run(Server.java:1017) [hadoop-common-3.3.6.jar:?]
	at java.security.AccessController.doPrivileged(Native Method) ~[?:1.8.0_382]
	at javax.security.auth.Subject.doAs(Subject.java:422) [?:1.8.0_382]
	at org.apache.hadoop.security.UserGroupInformation.doAs(UserGroupInformation.java:1899) [hadoop-common-3.3.6.jar:?]
	at org.apache.hadoop.ipc.Server$Handler.run(Server.java:3048) [hadoop-common-3.3.6.jar:?]
2023-09-29 09:13:37,683 [Time-limited test] INFO  rpc.RpcClient (RpcClient.java:createVolume(462)) - Creating Volume: volume97531, with user82428 as owner and space quota set to -1 bytes, counts quota set to -1
2023-09-29 09:13:37,685 [OM StateMachine ApplyTransaction Thread - 0] INFO  volume.OMVolumeCreateRequest (OMVolumeCreateRequest.java:validateAndUpdateCache(196)) - created volume:volume97531 for user:user82428
2023-09-29 09:13:37,687 [Time-limited test] INFO  rpc.RpcClient (RpcClient.java:createBucket(689)) - Creating Bucket: volume97531/bucket63858, with bucket layout FILE_SYSTEM_OPTIMIZED, runner as owner, Versioning false, Storage Type set to DISK and Encryption set to false, Replication Type set to server-side default replication type, Namespace Quota set to -1, Space Quota set to -1 
2023-09-29 09:13:37,688 [OM StateMachine ApplyTransaction Thread - 0] INFO  bucket.OMBucketCreateRequest (OMBucketCreateRequest.java:validateAndUpdateCache(270)) - created bucket: bucket63858 of layout FILE_SYSTEM_OPTIMIZED in volume: volume97531
09:13:37.722 [IPC Server handler 17 on default port 15004] ERROR OMAudit - user=runner | ip=127.0.0.1 | op=GET_FILE_STATUS {volume=193f4550-df68-4bdc-aa8e-b2667106f480, bucket=ce4dd1bc-03b8-4ade-b905-d16dbbc8fdff, key=.Trash, dataSize=0, replicationConfig=null} | ret=FAILURE
org.apache.hadoop.ozone.om.exceptions.OMException: Unable to get file status: volume: 193f4550-df68-4bdc-aa8e-b2667106f480 bucket: ce4dd1bc-03b8-4ade-b905-d16dbbc8fdff key: .Trash
	at org.apache.hadoop.ozone.om.KeyManagerImpl.getOzoneFileStatus(KeyManagerImpl.java:1198) ~[ozone-manager-1.4.0-SNAPSHOT.jar:?]
	at org.apache.hadoop.ozone.om.KeyManagerImpl.getFileStatus(KeyManagerImpl.java:1116) ~[ozone-manager-1.4.0-SNAPSHOT.jar:?]
	at org.apache.hadoop.ozone.om.OmMetadataReader.getFileStatus(OmMetadataReader.java:266) ~[ozone-manager-1.4.0-SNAPSHOT.jar:?]
	at org.apache.hadoop.ozone.om.OzoneManager.getFileStatus(OzoneManager.java:3552) ~[ozone-manager-1.4.0-SNAPSHOT.jar:?]
	at org.apache.hadoop.ozone.protocolPB.OzoneManagerRequestHandler.getOzoneFileStatus(OzoneManagerRequestHandler.java:998) ~[ozone-manager-1.4.0-SNAPSHOT.jar:?]
	at org.apache.hadoop.ozone.protocolPB.OzoneManagerRequestHandler.handleReadRequest(OzoneManagerRequestHandler.java:259) ~[ozone-manager-1.4.0-SNAPSHOT.jar:?]
	at org.apache.hadoop.ozone.protocolPB.OzoneManagerProtocolServerSideTranslatorPB.submitReadRequestToOM(OzoneManagerProtocolServerSideTranslatorPB.java:225) ~[ozone-manager-1.4.0-SNAPSHOT.jar:?]
	at org.apache.hadoop.ozone.protocolPB.OzoneManagerProtocolServerSideTranslatorPB.processRequest(OzoneManagerProtocolServerSideTranslatorPB.java:179) ~[ozone-manager-1.4.0-SNAPSHOT.jar:?]
	at org.apache.hadoop.hdds.server.OzoneProtocolMessageDispatcher.processRequest(OzoneProtocolMessageDispatcher.java:87) [hdds-server-framework-1.4.0-SNAPSHOT.jar:?]
	at org.apache.hadoop.ozone.protocolPB.OzoneManagerProtocolServerSideTranslatorPB.submitRequest(OzoneManagerProtocolServerSideTranslatorPB.java:148) [ozone-manager-1.4.0-SNAPSHOT.jar:?]
	at org.apache.hadoop.ozone.protocol.proto.OzoneManagerProtocolProtos$OzoneManagerService$2.callBlockingMethod(OzoneManagerProtocolProtos.java) [ozone-interface-client-1.4.0-SNAPSHOT.jar:?]
	at org.apache.hadoop.ipc.ProtobufRpcEngine$Server.processCall(ProtobufRpcEngine.java:484) [hadoop-common-3.3.6.jar:?]
	at org.apache.hadoop.ipc.ProtobufRpcEngine2$Server$ProtoBufRpcInvoker.call(ProtobufRpcEngine2.java:595) [hadoop-common-3.3.6.jar:?]
	at org.apache.hadoop.ipc.ProtobufRpcEngine2$Server$ProtoBufRpcInvoker.call(ProtobufRpcEngine2.java:573) [hadoop-common-3.3.6.jar:?]
	at org.apache.hadoop.ipc.RPC$Server.call(RPC.java:1227) [hadoop-common-3.3.6.jar:?]
	at org.apache.hadoop.ipc.Server$RpcCall.run(Server.java:1094) [hadoop-common-3.3.6.jar:?]
	at org.apache.hadoop.ipc.Server$RpcCall.run(Server.java:1017) [hadoop-common-3.3.6.jar:?]
	at java.security.AccessController.doPrivileged(Native Method) ~[?:1.8.0_382]
	at javax.security.auth.Subject.doAs(Subject.java:422) [?:1.8.0_382]
	at org.apache.hadoop.security.UserGroupInformation.doAs(UserGroupInformation.java:1899) [hadoop-common-3.3.6.jar:?]
	at org.apache.hadoop.ipc.Server$Handler.run(Server.java:3048) [hadoop-common-3.3.6.jar:?]
09:13:37.743 [IPC Server handler 8 on default port 15004] ERROR OMAudit - user=runner | ip=127.0.0.1 | op=GET_FILE_STATUS {volume=volume93717, bucket=bucket43962, key=.Trash, dataSize=0, replicationConfig=null} | ret=FAILURE
org.apache.hadoop.ozone.om.exceptions.OMException: Unable to get file status: volume: volume93717 bucket: bucket43962 key: .Trash
	at org.apache.hadoop.ozone.om.KeyManagerImpl.getOzoneFileStatusFSO(KeyManagerImpl.java:1330) ~[ozone-manager-1.4.0-SNAPSHOT.jar:?]
	at org.apache.hadoop.ozone.om.KeyManagerImpl.getFileStatus(KeyManagerImpl.java:1114) ~[ozone-manager-1.4.0-SNAPSHOT.jar:?]
	at org.apache.hadoop.ozone.om.OmMetadataReader.getFileStatus(OmMetadataReader.java:266) ~[ozone-manager-1.4.0-SNAPSHOT.jar:?]
	at org.apache.hadoop.ozone.om.OzoneManager.getFileStatus(OzoneManager.java:3552) ~[ozone-manager-1.4.0-SNAPSHOT.jar:?]
	at org.apache.hadoop.ozone.protocolPB.OzoneManagerRequestHandler.getOzoneFileStatus(OzoneManagerRequestHandler.java:998) ~[ozone-manager-1.4.0-SNAPSHOT.jar:?]
	at org.apache.hadoop.ozone.protocolPB.OzoneManagerRequestHandler.handleReadRequest(OzoneManagerRequestHandler.java:259) ~[ozone-manager-1.4.0-SNAPSHOT.jar:?]
	at org.apache.hadoop.ozone.protocolPB.OzoneManagerProtocolServerSideTranslatorPB.submitReadRequestToOM(OzoneManagerProtocolServerSideTranslatorPB.java:225) ~[ozone-manager-1.4.0-SNAPSHOT.jar:?]
	at org.apache.hadoop.ozone.protocolPB.OzoneManagerProtocolServerSideTranslatorPB.processRequest(OzoneManagerProtocolServerSideTranslatorPB.java:179) ~[ozone-manager-1.4.0-SNAPSHOT.jar:?]
	at org.apache.hadoop.hdds.server.OzoneProtocolMessageDispatcher.processRequest(OzoneProtocolMessageDispatcher.java:87) [hdds-server-framework-1.4.0-SNAPSHOT.jar:?]
	at org.apache.hadoop.ozone.protocolPB.OzoneManagerProtocolServerSideTranslatorPB.submitRequest(OzoneManagerProtocolServerSideTranslatorPB.java:148) [ozone-manager-1.4.0-SNAPSHOT.jar:?]
	at org.apache.hadoop.ozone.protocol.proto.OzoneManagerProtocolProtos$OzoneManagerService$2.callBlockingMethod(OzoneManagerProtocolProtos.java) [ozone-interface-client-1.4.0-SNAPSHOT.jar:?]
	at org.apache.hadoop.ipc.ProtobufRpcEngine$Server.processCall(ProtobufRpcEngine.java:484) [hadoop-common-3.3.6.jar:?]
	at org.apache.hadoop.ipc.ProtobufRpcEngine2$Server$ProtoBufRpcInvoker.call(ProtobufRpcEngine2.java:595) [hadoop-common-3.3.6.jar:?]
	at org.apache.hadoop.ipc.ProtobufRpcEngine2$Server$ProtoBufRpcInvoker.call(ProtobufRpcEngine2.java:573) [hadoop-common-3.3.6.jar:?]
	at org.apache.hadoop.ipc.RPC$Server.call(RPC.java:1227) [hadoop-common-3.3.6.jar:?]
	at org.apache.hadoop.ipc.Server$RpcCall.run(Server.java:1094) [hadoop-common-3.3.6.jar:?]
	at org.apache.hadoop.ipc.Server$RpcCall.run(Server.java:1017) [hadoop-common-3.3.6.jar:?]
	at java.security.AccessController.doPrivileged(Native Method) ~[?:1.8.0_382]
	at javax.security.auth.Subject.doAs(Subject.java:422) [?:1.8.0_382]
	at org.apache.hadoop.security.UserGroupInformation.doAs(UserGroupInformation.java:1899) [hadoop-common-3.3.6.jar:?]
	at org.apache.hadoop.ipc.Server$Handler.run(Server.java:3048) [hadoop-common-3.3.6.jar:?]
09:13:37.782 [IPC Server handler 7 on default port 15004] ERROR OMAudit - user=runner | ip=127.0.0.1 | op=GET_FILE_STATUS {volume=193f4550-df68-4bdc-aa8e-b2667106f480, bucket=ce4dd1bc-03b8-4ade-b905-d16dbbc8fdff, key=.Trash, dataSize=0, replicationConfig=null} | ret=FAILURE
org.apache.hadoop.ozone.om.exceptions.OMException: Unable to get file status: volume: 193f4550-df68-4bdc-aa8e-b2667106f480 bucket: ce4dd1bc-03b8-4ade-b905-d16dbbc8fdff key: .Trash
	at org.apache.hadoop.ozone.om.KeyManagerImpl.getOzoneFileStatus(KeyManagerImpl.java:1198) ~[ozone-manager-1.4.0-SNAPSHOT.jar:?]
	at org.apache.hadoop.ozone.om.KeyManagerImpl.getFileStatus(KeyManagerImpl.java:1116) ~[ozone-manager-1.4.0-SNAPSHOT.jar:?]
	at org.apache.hadoop.ozone.om.OmMetadataReader.getFileStatus(OmMetadataReader.java:266) ~[ozone-manager-1.4.0-SNAPSHOT.jar:?]
	at org.apache.hadoop.ozone.om.OzoneManager.getFileStatus(OzoneManager.java:3552) ~[ozone-manager-1.4.0-SNAPSHOT.jar:?]
	at org.apache.hadoop.ozone.protocolPB.OzoneManagerRequestHandler.getOzoneFileStatus(OzoneManagerRequestHandler.java:998) ~[ozone-manager-1.4.0-SNAPSHOT.jar:?]
	at org.apache.hadoop.ozone.protocolPB.OzoneManagerRequestHandler.handleReadRequest(OzoneManagerRequestHandler.java:259) ~[ozone-manager-1.4.0-SNAPSHOT.jar:?]
	at org.apache.hadoop.ozone.protocolPB.OzoneManagerProtocolServerSideTranslatorPB.submitReadRequestToOM(OzoneManagerProtocolServerSideTranslatorPB.java:225) ~[ozone-manager-1.4.0-SNAPSHOT.jar:?]
	at org.apache.hadoop.ozone.protocolPB.OzoneManagerProtocolServerSideTranslatorPB.processRequest(OzoneManagerProtocolServerSideTranslatorPB.java:179) ~[ozone-manager-1.4.0-SNAPSHOT.jar:?]
	at org.apache.hadoop.hdds.server.OzoneProtocolMessageDispatcher.processRequest(OzoneProtocolMessageDispatcher.java:87) [hdds-server-framework-1.4.0-SNAPSHOT.jar:?]
	at org.apache.hadoop.ozone.protocolPB.OzoneManagerProtocolServerSideTranslatorPB.submitRequest(OzoneManagerProtocolServerSideTranslatorPB.java:148) [ozone-manager-1.4.0-SNAPSHOT.jar:?]
	at org.apache.hadoop.ozone.protocol.proto.OzoneManagerProtocolProtos$OzoneManagerService$2.callBlockingMethod(OzoneManagerProtocolProtos.java) [ozone-interface-client-1.4.0-SNAPSHOT.jar:?]
	at org.apache.hadoop.ipc.ProtobufRpcEngine$Server.processCall(ProtobufRpcEngine.java:484) [hadoop-common-3.3.6.jar:?]
	at org.apache.hadoop.ipc.ProtobufRpcEngine2$Server$ProtoBufRpcInvoker.call(ProtobufRpcEngine2.java:595) [hadoop-common-3.3.6.jar:?]
	at org.apache.hadoop.ipc.ProtobufRpcEngine2$Server$ProtoBufRpcInvoker.call(ProtobufRpcEngine2.java:573) [hadoop-common-3.3.6.jar:?]
	at org.apache.hadoop.ipc.RPC$Server.call(RPC.java:1227) [hadoop-common-3.3.6.jar:?]
	at org.apache.hadoop.ipc.Server$RpcCall.run(Server.java:1094) [hadoop-common-3.3.6.jar:?]
	at org.apache.hadoop.ipc.Server$RpcCall.run(Server.java:1017) [hadoop-common-3.3.6.jar:?]
	at java.security.AccessController.doPrivileged(Native Method) ~[?:1.8.0_382]
	at javax.security.auth.Subject.doAs(Subject.java:422) [?:1.8.0_382]
	at org.apache.hadoop.security.UserGroupInformation.doAs(UserGroupInformation.java:1899) [hadoop-common-3.3.6.jar:?]
	at org.apache.hadoop.ipc.Server$Handler.run(Server.java:3048) [hadoop-common-3.3.6.jar:?]
09:13:37.804 [IPC Server handler 0 on default port 15004] ERROR OMAudit - user=runner | ip=127.0.0.1 | op=GET_FILE_STATUS {volume=volume93717, bucket=bucket43962, key=.Trash, dataSize=0, replicationConfig=null} | ret=FAILURE
org.apache.hadoop.ozone.om.exceptions.OMException: Unable to get file status: volume: volume93717 bucket: bucket43962 key: .Trash
	at org.apache.hadoop.ozone.om.KeyManagerImpl.getOzoneFileStatusFSO(KeyManagerImpl.java:1330) ~[ozone-manager-1.4.0-SNAPSHOT.jar:?]
	at org.apache.hadoop.ozone.om.KeyManagerImpl.getFileStatus(KeyManagerImpl.java:1114) ~[ozone-manager-1.4.0-SNAPSHOT.jar:?]
	at org.apache.hadoop.ozone.om.OmMetadataReader.getFileStatus(OmMetadataReader.java:266) ~[ozone-manager-1.4.0-SNAPSHOT.jar:?]
	at org.apache.hadoop.ozone.om.OzoneManager.getFileStatus(OzoneManager.java:3552) ~[ozone-manager-1.4.0-SNAPSHOT.jar:?]
	at org.apache.hadoop.ozone.protocolPB.OzoneManagerRequestHandler.getOzoneFileStatus(OzoneManagerRequestHandler.java:998) ~[ozone-manager-1.4.0-SNAPSHOT.jar:?]
	at org.apache.hadoop.ozone.protocolPB.OzoneManagerRequestHandler.handleReadRequest(OzoneManagerRequestHandler.java:259) ~[ozone-manager-1.4.0-SNAPSHOT.jar:?]
	at org.apache.hadoop.ozone.protocolPB.OzoneManagerProtocolServerSideTranslatorPB.submitReadRequestToOM(OzoneManagerProtocolServerSideTranslatorPB.java:225) ~[ozone-manager-1.4.0-SNAPSHOT.jar:?]
	at org.apache.hadoop.ozone.protocolPB.OzoneManagerProtocolServerSideTranslatorPB.processRequest(OzoneManagerProtocolServerSideTranslatorPB.java:179) ~[ozone-manager-1.4.0-SNAPSHOT.jar:?]
	at org.apache.hadoop.hdds.server.OzoneProtocolMessageDispatcher.processRequest(OzoneProtocolMessageDispatcher.java:87) [hdds-server-framework-1.4.0-SNAPSHOT.jar:?]
	at org.apache.hadoop.ozone.protocolPB.OzoneManagerProtocolServerSideTranslatorPB.submitRequest(OzoneManagerProtocolServerSideTranslatorPB.java:148) [ozone-manager-1.4.0-SNAPSHOT.jar:?]
	at org.apache.hadoop.ozone.protocol.proto.OzoneManagerProtocolProtos$OzoneManagerService$2.callBlockingMethod(OzoneManagerProtocolProtos.java) [ozone-interface-client-1.4.0-SNAPSHOT.jar:?]
	at org.apache.hadoop.ipc.ProtobufRpcEngine$Server.processCall(ProtobufRpcEngine.java:484) [hadoop-common-3.3.6.jar:?]
	at org.apache.hadoop.ipc.ProtobufRpcEngine2$Server$ProtoBufRpcInvoker.call(ProtobufRpcEngine2.java:595) [hadoop-common-3.3.6.jar:?]
	at org.apache.hadoop.ipc.ProtobufRpcEngine2$Server$ProtoBufRpcInvoker.call(ProtobufRpcEngine2.java:573) [hadoop-common-3.3.6.jar:?]
	at org.apache.hadoop.ipc.RPC$Server.call(RPC.java:1227) [hadoop-common-3.3.6.jar:?]
	at org.apache.hadoop.ipc.Server$RpcCall.run(Server.java:1094) [hadoop-common-3.3.6.jar:?]
	at org.apache.hadoop.ipc.Server$RpcCall.run(Server.java:1017) [hadoop-common-3.3.6.jar:?]
	at java.security.AccessController.doPrivileged(Native Method) ~[?:1.8.0_382]
	at javax.security.auth.Subject.doAs(Subject.java:422) [?:1.8.0_382]
	at org.apache.hadoop.security.UserGroupInformation.doAs(UserGroupInformation.java:1899) [hadoop-common-3.3.6.jar:?]
	at org.apache.hadoop.ipc.Server$Handler.run(Server.java:3048) [hadoop-common-3.3.6.jar:?]
09:13:37.824 [IPC Server handler 1 on default port 15004] ERROR OMAudit - user=runner | ip=127.0.0.1 | op=GET_FILE_STATUS {volume=volume97531, bucket=bucket63858, key=.Trash/runner, dataSize=0, replicationConfig=null} | ret=FAILURE
org.apache.hadoop.ozone.om.exceptions.OMException: Unable to get file status: volume: volume97531 bucket: bucket63858 key: .Trash/runner
	at org.apache.hadoop.ozone.om.KeyManagerImpl.getOzoneFileStatusFSO(KeyManagerImpl.java:1330) ~[ozone-manager-1.4.0-SNAPSHOT.jar:?]
	at org.apache.hadoop.ozone.om.KeyManagerImpl.getFileStatus(KeyManagerImpl.java:1114) ~[ozone-manager-1.4.0-SNAPSHOT.jar:?]
	at org.apache.hadoop.ozone.om.OmMetadataReader.getFileStatus(OmMetadataReader.java:266) ~[ozone-manager-1.4.0-SNAPSHOT.jar:?]
	at org.apache.hadoop.ozone.om.OzoneManager.getFileStatus(OzoneManager.java:3552) ~[ozone-manager-1.4.0-SNAPSHOT.jar:?]
	at org.apache.hadoop.ozone.protocolPB.OzoneManagerRequestHandler.getOzoneFileStatus(OzoneManagerRequestHandler.java:998) ~[ozone-manager-1.4.0-SNAPSHOT.jar:?]
	at org.apache.hadoop.ozone.protocolPB.OzoneManagerRequestHandler.handleReadRequest(OzoneManagerRequestHandler.java:259) ~[ozone-manager-1.4.0-SNAPSHOT.jar:?]
	at org.apache.hadoop.ozone.protocolPB.OzoneManagerProtocolServerSideTranslatorPB.submitReadRequestToOM(OzoneManagerProtocolServerSideTranslatorPB.java:225) ~[ozone-manager-1.4.0-SNAPSHOT.jar:?]
	at org.apache.hadoop.ozone.protocolPB.OzoneManagerProtocolServerSideTranslatorPB.processRequest(OzoneManagerProtocolServerSideTranslatorPB.java:179) ~[ozone-manager-1.4.0-SNAPSHOT.jar:?]
	at org.apache.hadoop.hdds.server.OzoneProtocolMessageDispatcher.processRequest(OzoneProtocolMessageDispatcher.java:87) [hdds-server-framework-1.4.0-SNAPSHOT.jar:?]
	at org.apache.hadoop.ozone.protocolPB.OzoneManagerProtocolServerSideTranslatorPB.submitRequest(OzoneManagerProtocolServerSideTranslatorPB.java:148) [ozone-manager-1.4.0-SNAPSHOT.jar:?]
	at org.apache.hadoop.ozone.protocol.proto.OzoneManagerProtocolProtos$OzoneManagerService$2.callBlockingMethod(OzoneManagerProtocolProtos.java) [ozone-interface-client-1.4.0-SNAPSHOT.jar:?]
	at org.apache.hadoop.ipc.ProtobufRpcEngine$Server.processCall(ProtobufRpcEngine.java:484) [hadoop-common-3.3.6.jar:?]
	at org.apache.hadoop.ipc.ProtobufRpcEngine2$Server$ProtoBufRpcInvoker.call(ProtobufRpcEngine2.java:595) [hadoop-common-3.3.6.jar:?]
	at org.apache.hadoop.ipc.ProtobufRpcEngine2$Server$ProtoBufRpcInvoker.call(ProtobufRpcEngine2.java:573) [hadoop-common-3.3.6.jar:?]
	at org.apache.hadoop.ipc.RPC$Server.call(RPC.java:1227) [hadoop-common-3.3.6.jar:?]
	at org.apache.hadoop.ipc.Server$RpcCall.run(Server.java:1094) [hadoop-common-3.3.6.jar:?]
	at org.apache.hadoop.ipc.Server$RpcCall.run(Server.java:1017) [hadoop-common-3.3.6.jar:?]
	at java.security.AccessController.doPrivileged(Native Method) ~[?:1.8.0_382]
	at javax.security.auth.Subject.doAs(Subject.java:422) [?:1.8.0_382]
	at org.apache.hadoop.security.UserGroupInformation.doAs(UserGroupInformation.java:1899) [hadoop-common-3.3.6.jar:?]
	at org.apache.hadoop.ipc.Server$Handler.run(Server.java:3048) [hadoop-common-3.3.6.jar:?]
09:13:37.846 [IPC Server handler 2 on default port 15004] ERROR OMAudit - user=runner | ip=127.0.0.1 | op=GET_FILE_STATUS {volume=193f4550-df68-4bdc-aa8e-b2667106f480, bucket=ce4dd1bc-03b8-4ade-b905-d16dbbc8fdff, key=.Trash, dataSize=0, replicationConfig=null} | ret=FAILURE
org.apache.hadoop.ozone.om.exceptions.OMException: Unable to get file status: volume: 193f4550-df68-4bdc-aa8e-b2667106f480 bucket: ce4dd1bc-03b8-4ade-b905-d16dbbc8fdff key: .Trash
	at org.apache.hadoop.ozone.om.KeyManagerImpl.getOzoneFileStatus(KeyManagerImpl.java:1198) ~[ozone-manager-1.4.0-SNAPSHOT.jar:?]
	at org.apache.hadoop.ozone.om.KeyManagerImpl.getFileStatus(KeyManagerImpl.java:1116) ~[ozone-manager-1.4.0-SNAPSHOT.jar:?]
	at org.apache.hadoop.ozone.om.OmMetadataReader.getFileStatus(OmMetadataReader.java:266) ~[ozone-manager-1.4.0-SNAPSHOT.jar:?]
	at org.apache.hadoop.ozone.om.OzoneManager.getFileStatus(OzoneManager.java:3552) ~[ozone-manager-1.4.0-SNAPSHOT.jar:?]
	at org.apache.hadoop.ozone.protocolPB.OzoneManagerRequestHandler.getOzoneFileStatus(OzoneManagerRequestHandler.java:998) ~[ozone-manager-1.4.0-SNAPSHOT.jar:?]
	at org.apache.hadoop.ozone.protocolPB.OzoneManagerRequestHandler.handleReadRequest(OzoneManagerRequestHandler.java:259) ~[ozone-manager-1.4.0-SNAPSHOT.jar:?]
	at org.apache.hadoop.ozone.protocolPB.OzoneManagerProtocolServerSideTranslatorPB.submitReadRequestToOM(OzoneManagerProtocolServerSideTranslatorPB.java:225) ~[ozone-manager-1.4.0-SNAPSHOT.jar:?]
	at org.apache.hadoop.ozone.protocolPB.OzoneManagerProtocolServerSideTranslatorPB.processRequest(OzoneManagerProtocolServerSideTranslatorPB.java:179) ~[ozone-manager-1.4.0-SNAPSHOT.jar:?]
	at org.apache.hadoop.hdds.server.OzoneProtocolMessageDispatcher.processRequest(OzoneProtocolMessageDispatcher.java:87) [hdds-server-framework-1.4.0-SNAPSHOT.jar:?]
	at org.apache.hadoop.ozone.protocolPB.OzoneManagerProtocolServerSideTranslatorPB.submitRequest(OzoneManagerProtocolServerSideTranslatorPB.java:148) [ozone-manager-1.4.0-SNAPSHOT.jar:?]
	at org.apache.hadoop.ozone.protocol.proto.OzoneManagerProtocolProtos$OzoneManagerService$2.callBlockingMethod(OzoneManagerProtocolProtos.java) [ozone-interface-client-1.4.0-SNAPSHOT.jar:?]
	at org.apache.hadoop.ipc.ProtobufRpcEngine$Server.processCall(ProtobufRpcEngine.java:484) [hadoop-common-3.3.6.jar:?]
	at org.apache.hadoop.ipc.ProtobufRpcEngine2$Server$ProtoBufRpcInvoker.call(ProtobufRpcEngine2.java:595) [hadoop-common-3.3.6.jar:?]
	at org.apache.hadoop.ipc.ProtobufRpcEngine2$Server$ProtoBufRpcInvoker.call(ProtobufRpcEngine2.java:573) [hadoop-common-3.3.6.jar:?]
	at org.apache.hadoop.ipc.RPC$Server.call(RPC.java:1227) [hadoop-common-3.3.6.jar:?]
	at org.apache.hadoop.ipc.Server$RpcCall.run(Server.java:1094) [hadoop-common-3.3.6.jar:?]
	at org.apache.hadoop.ipc.Server$RpcCall.run(Server.java:1017) [hadoop-common-3.3.6.jar:?]
	at java.security.AccessController.doPrivileged(Native Method) ~[?:1.8.0_382]
	at javax.security.auth.Subject.doAs(Subject.java:422) [?:1.8.0_382]
	at org.apache.hadoop.security.UserGroupInformation.doAs(UserGroupInformation.java:1899) [hadoop-common-3.3.6.jar:?]
	at org.apache.hadoop.ipc.Server$Handler.run(Server.java:3048) [hadoop-common-3.3.6.jar:?]
09:13:37.864 [IPC Server handler 5 on default port 15004] ERROR OMAudit - user=runner | ip=127.0.0.1 | op=GET_FILE_STATUS {volume=volume93717, bucket=bucket43962, key=.Trash, dataSize=0, replicationConfig=null} | ret=FAILURE
org.apache.hadoop.ozone.om.exceptions.OMException: Unable to get file status: volume: volume93717 bucket: bucket43962 key: .Trash
	at org.apache.hadoop.ozone.om.KeyManagerImpl.getOzoneFileStatusFSO(KeyManagerImpl.java:1330) ~[ozone-manager-1.4.0-SNAPSHOT.jar:?]
	at org.apache.hadoop.ozone.om.KeyManagerImpl.getFileStatus(KeyManagerImpl.java:1114) ~[ozone-manager-1.4.0-SNAPSHOT.jar:?]
	at org.apache.hadoop.ozone.om.OmMetadataReader.getFileStatus(OmMetadataReader.java:266) ~[ozone-manager-1.4.0-SNAPSHOT.jar:?]
	at org.apache.hadoop.ozone.om.OzoneManager.getFileStatus(OzoneManager.java:3552) ~[ozone-manager-1.4.0-SNAPSHOT.jar:?]
	at org.apache.hadoop.ozone.protocolPB.OzoneManagerRequestHandler.getOzoneFileStatus(OzoneManagerRequestHandler.java:998) ~[ozone-manager-1.4.0-SNAPSHOT.jar:?]
	at org.apache.hadoop.ozone.protocolPB.OzoneManagerRequestHandler.handleReadRequest(OzoneManagerRequestHandler.java:259) ~[ozone-manager-1.4.0-SNAPSHOT.jar:?]
	at org.apache.hadoop.ozone.protocolPB.OzoneManagerProtocolServerSideTranslatorPB.submitReadRequestToOM(OzoneManagerProtocolServerSideTranslatorPB.java:225) ~[ozone-manager-1.4.0-SNAPSHOT.jar:?]
	at org.apache.hadoop.ozone.protocolPB.OzoneManagerProtocolServerSideTranslatorPB.processRequest(OzoneManagerProtocolServerSideTranslatorPB.java:179) ~[ozone-manager-1.4.0-SNAPSHOT.jar:?]
	at org.apache.hadoop.hdds.server.OzoneProtocolMessageDispatcher.processRequest(OzoneProtocolMessageDispatcher.java:87) [hdds-server-framework-1.4.0-SNAPSHOT.jar:?]
	at org.apache.hadoop.ozone.protocolPB.OzoneManagerProtocolServerSideTranslatorPB.submitRequest(OzoneManagerProtocolServerSideTranslatorPB.java:148) [ozone-manager-1.4.0-SNAPSHOT.jar:?]
	at org.apache.hadoop.ozone.protocol.proto.OzoneManagerProtocolProtos$OzoneManagerService$2.callBlockingMethod(OzoneManagerProtocolProtos.java) [ozone-interface-client-1.4.0-SNAPSHOT.jar:?]
	at org.apache.hadoop.ipc.ProtobufRpcEngine$Server.processCall(ProtobufRpcEngine.java:484) [hadoop-common-3.3.6.jar:?]
	at org.apache.hadoop.ipc.ProtobufRpcEngine2$Server$ProtoBufRpcInvoker.call(ProtobufRpcEngine2.java:595) [hadoop-common-3.3.6.jar:?]
	at org.apache.hadoop.ipc.ProtobufRpcEngine2$Server$ProtoBufRpcInvoker.call(ProtobufRpcEngine2.java:573) [hadoop-common-3.3.6.jar:?]
	at org.apache.hadoop.ipc.RPC$Server.call(RPC.java:1227) [hadoop-common-3.3.6.jar:?]
	at org.apache.hadoop.ipc.Server$RpcCall.run(Server.java:1094) [hadoop-common-3.3.6.jar:?]
	at org.apache.hadoop.ipc.Server$RpcCall.run(Server.java:1017) [hadoop-common-3.3.6.jar:?]
	at java.security.AccessController.doPrivileged(Native Method) ~[?:1.8.0_382]
	at javax.security.auth.Subject.doAs(Subject.java:422) [?:1.8.0_382]
	at org.apache.hadoop.security.UserGroupInformation.doAs(UserGroupInformation.java:1899) [hadoop-common-3.3.6.jar:?]
	at org.apache.hadoop.ipc.Server$Handler.run(Server.java:3048) [hadoop-common-3.3.6.jar:?]
09:13:37.867 [IPC Server handler 10 on default port 15004] ERROR OMAudit - user=runner | ip=127.0.0.1 | op=GET_FILE_STATUS {volume=volume97531, bucket=bucket63858, key=.Trash, dataSize=0, replicationConfig=null} | ret=FAILURE
org.apache.hadoop.ozone.om.exceptions.OMException: Unable to get file status: volume: volume97531 bucket: bucket63858 key: .Trash
	at org.apache.hadoop.ozone.om.KeyManagerImpl.getOzoneFileStatusFSO(KeyManagerImpl.java:1330) ~[ozone-manager-1.4.0-SNAPSHOT.jar:?]
	at org.apache.hadoop.ozone.om.KeyManagerImpl.getFileStatus(KeyManagerImpl.java:1114) ~[ozone-manager-1.4.0-SNAPSHOT.jar:?]
	at org.apache.hadoop.ozone.om.OmMetadataReader.getFileStatus(OmMetadataReader.java:266) ~[ozone-manager-1.4.0-SNAPSHOT.jar:?]
	at org.apache.hadoop.ozone.om.OzoneManager.getFileStatus(OzoneManager.java:3552) ~[ozone-manager-1.4.0-SNAPSHOT.jar:?]
	at org.apache.hadoop.ozone.protocolPB.OzoneManagerRequestHandler.getOzoneFileStatus(OzoneManagerRequestHandler.java:998) ~[ozone-manager-1.4.0-SNAPSHOT.jar:?]
	at org.apache.hadoop.ozone.protocolPB.OzoneManagerRequestHandler.handleReadRequest(OzoneManagerRequestHandler.java:259) ~[ozone-manager-1.4.0-SNAPSHOT.jar:?]
	at org.apache.hadoop.ozone.protocolPB.OzoneManagerProtocolServerSideTranslatorPB.submitReadRequestToOM(OzoneManagerProtocolServerSideTranslatorPB.java:225) ~[ozone-manager-1.4.0-SNAPSHOT.jar:?]
	at org.apache.hadoop.ozone.protocolPB.OzoneManagerProtocolServerSideTranslatorPB.processRequest(OzoneManagerProtocolServerSideTranslatorPB.java:179) ~[ozone-manager-1.4.0-SNAPSHOT.jar:?]
	at org.apache.hadoop.hdds.server.OzoneProtocolMessageDispatcher.processRequest(OzoneProtocolMessageDispatcher.java:87) [hdds-server-framework-1.4.0-SNAPSHOT.jar:?]
	at org.apache.hadoop.ozone.protocolPB.OzoneManagerProtocolServerSideTranslatorPB.submitRequest(OzoneManagerProtocolServerSideTranslatorPB.java:148) [ozone-manager-1.4.0-SNAPSHOT.jar:?]
	at org.apache.hadoop.ozone.protocol.proto.OzoneManagerProtocolProtos$OzoneManagerService$2.callBlockingMethod(OzoneManagerProtocolProtos.java) [ozone-interface-client-1.4.0-SNAPSHOT.jar:?]
	at org.apache.hadoop.ipc.ProtobufRpcEngine$Server.processCall(ProtobufRpcEngine.java:484) [hadoop-common-3.3.6.jar:?]
	at org.apache.hadoop.ipc.ProtobufRpcEngine2$Server$ProtoBufRpcInvoker.call(ProtobufRpcEngine2.java:595) [hadoop-common-3.3.6.jar:?]
	at org.apache.hadoop.ipc.ProtobufRpcEngine2$Server$ProtoBufRpcInvoker.call(ProtobufRpcEngine2.java:573) [hadoop-common-3.3.6.jar:?]
	at org.apache.hadoop.ipc.RPC$Server.call(RPC.java:1227) [hadoop-common-3.3.6.jar:?]
	at org.apache.hadoop.ipc.Server$RpcCall.run(Server.java:1094) [hadoop-common-3.3.6.jar:?]
	at org.apache.hadoop.ipc.Server$RpcCall.run(Server.java:1017) [hadoop-common-3.3.6.jar:?]
	at java.security.AccessController.doPrivileged(Native Method) ~[?:1.8.0_382]
	at javax.security.auth.Subject.doAs(Subject.java:422) [?:1.8.0_382]
	at org.apache.hadoop.security.UserGroupInformation.doAs(UserGroupInformation.java:1899) [hadoop-common-3.3.6.jar:?]
	at org.apache.hadoop.ipc.Server$Handler.run(Server.java:3048) [hadoop-common-3.3.6.jar:?]
09:13:37.881 [IPC Server handler 8 on default port 15004] ERROR OMAudit - user=runner | ip=127.0.0.1 | op=GET_FILE_STATUS {volume=volume97531, bucket=bucket63858, key=.Trash/runner, dataSize=0, replicationConfig=null} | ret=FAILURE
org.apache.hadoop.ozone.om.exceptions.OMException: Unable to get file status: volume: volume97531 bucket: bucket63858 key: .Trash/runner
	at org.apache.hadoop.ozone.om.KeyManagerImpl.getOzoneFileStatusFSO(KeyManagerImpl.java:1330) ~[ozone-manager-1.4.0-SNAPSHOT.jar:?]
	at org.apache.hadoop.ozone.om.KeyManagerImpl.getFileStatus(KeyManagerImpl.java:1114) ~[ozone-manager-1.4.0-SNAPSHOT.jar:?]
	at org.apache.hadoop.ozone.om.OmMetadataReader.getFileStatus(OmMetadataReader.java:266) ~[ozone-manager-1.4.0-SNAPSHOT.jar:?]
	at org.apache.hadoop.ozone.om.OzoneManager.getFileStatus(OzoneManager.java:3552) ~[ozone-manager-1.4.0-SNAPSHOT.jar:?]
	at org.apache.hadoop.ozone.protocolPB.OzoneManagerRequestHandler.getOzoneFileStatus(OzoneManagerRequestHandler.java:998) ~[ozone-manager-1.4.0-SNAPSHOT.jar:?]
	at org.apache.hadoop.ozone.protocolPB.OzoneManagerRequestHandler.handleReadRequest(OzoneManagerRequestHandler.java:259) ~[ozone-manager-1.4.0-SNAPSHOT.jar:?]
	at org.apache.hadoop.ozone.protocolPB.OzoneManagerProtocolServerSideTranslatorPB.submitReadRequestToOM(OzoneManagerProtocolServerSideTranslatorPB.java:225) ~[ozone-manager-1.4.0-SNAPSHOT.jar:?]
	at org.apache.hadoop.ozone.protocolPB.OzoneManagerProtocolServerSideTranslatorPB.processRequest(OzoneManagerProtocolServerSideTranslatorPB.java:179) ~[ozone-manager-1.4.0-SNAPSHOT.jar:?]
	at org.apache.hadoop.hdds.server.OzoneProtocolMessageDispatcher.processRequest(OzoneProtocolMessageDispatcher.java:87) [hdds-server-framework-1.4.0-SNAPSHOT.jar:?]
	at org.apache.hadoop.ozone.protocolPB.OzoneManagerProtocolServerSideTranslatorPB.submitRequest(OzoneManagerProtocolServerSideTranslatorPB.java:148) [ozone-manager-1.4.0-SNAPSHOT.jar:?]
	at org.apache.hadoop.ozone.protocol.proto.OzoneManagerProtocolProtos$OzoneManagerService$2.callBlockingMethod(OzoneManagerProtocolProtos.java) [ozone-interface-client-1.4.0-SNAPSHOT.jar:?]
	at org.apache.hadoop.ipc.ProtobufRpcEngine$Server.processCall(ProtobufRpcEngine.java:484) [hadoop-common-3.3.6.jar:?]
	at org.apache.hadoop.ipc.ProtobufRpcEngine2$Server$ProtoBufRpcInvoker.call(ProtobufRpcEngine2.java:595) [hadoop-common-3.3.6.jar:?]
	at org.apache.hadoop.ipc.ProtobufRpcEngine2$Server$ProtoBufRpcInvoker.call(ProtobufRpcEngine2.java:573) [hadoop-common-3.3.6.jar:?]
	at org.apache.hadoop.ipc.RPC$Server.call(RPC.java:1227) [hadoop-common-3.3.6.jar:?]
	at org.apache.hadoop.ipc.Server$RpcCall.run(Server.java:1094) [hadoop-common-3.3.6.jar:?]
	at org.apache.hadoop.ipc.Server$RpcCall.run(Server.java:1017) [hadoop-common-3.3.6.jar:?]
	at java.security.AccessController.doPrivileged(Native Method) ~[?:1.8.0_382]
	at javax.security.auth.Subject.doAs(Subject.java:422) [?:1.8.0_382]
	at org.apache.hadoop.security.UserGroupInformation.doAs(UserGroupInformation.java:1899) [hadoop-common-3.3.6.jar:?]
	at org.apache.hadoop.ipc.Server$Handler.run(Server.java:3048) [hadoop-common-3.3.6.jar:?]
09:13:37.890 [IPC Server handler 18 on default port 15004] ERROR OMAudit - user=runner | ip=127.0.0.1 | op=GET_FILE_STATUS {volume=volume38304, bucket=trashroottest2, key=.Trash/runner, dataSize=0, replicationConfig=null} | ret=FAILURE
org.apache.hadoop.ozone.om.exceptions.OMException: Unable to get file status: volume: volume38304 bucket: trashroottest2 key: .Trash/runner
	at org.apache.hadoop.ozone.om.KeyManagerImpl.getOzoneFileStatusFSO(KeyManagerImpl.java:1330) ~[ozone-manager-1.4.0-SNAPSHOT.jar:?]
	at org.apache.hadoop.ozone.om.KeyManagerImpl.getFileStatus(KeyManagerImpl.java:1114) ~[ozone-manager-1.4.0-SNAPSHOT.jar:?]
	at org.apache.hadoop.ozone.om.OmMetadataReader.getFileStatus(OmMetadataReader.java:266) ~[ozone-manager-1.4.0-SNAPSHOT.jar:?]
	at org.apache.hadoop.ozone.om.OzoneManager.getFileStatus(OzoneManager.java:3552) ~[ozone-manager-1.4.0-SNAPSHOT.jar:?]
	at org.apache.hadoop.ozone.protocolPB.OzoneManagerRequestHandler.getOzoneFileStatus(OzoneManagerRequestHandler.java:998) ~[ozone-manager-1.4.0-SNAPSHOT.jar:?]
	at org.apache.hadoop.ozone.protocolPB.OzoneManagerRequestHandler.handleReadRequest(OzoneManagerRequestHandler.java:259) ~[ozone-manager-1.4.0-SNAPSHOT.jar:?]
	at org.apache.hadoop.ozone.protocolPB.OzoneManagerProtocolServerSideTranslatorPB.submitReadRequestToOM(OzoneManagerProtocolServerSideTranslatorPB.java:225) ~[ozone-manager-1.4.0-SNAPSHOT.jar:?]
	at org.apache.hadoop.ozone.protocolPB.OzoneManagerProtocolServerSideTranslatorPB.processRequest(OzoneManagerProtocolServerSideTranslatorPB.java:179) ~[ozone-manager-1.4.0-SNAPSHOT.jar:?]
	at org.apache.hadoop.hdds.server.OzoneProtocolMessageDispatcher.processRequest(OzoneProtocolMessageDispatcher.java:87) [hdds-server-framework-1.4.0-SNAPSHOT.jar:?]
	at org.apache.hadoop.ozone.protocolPB.OzoneManagerProtocolServerSideTranslatorPB.submitRequest(OzoneManagerProtocolServerSideTranslatorPB.java:148) [ozone-manager-1.4.0-SNAPSHOT.jar:?]
	at org.apache.hadoop.ozone.protocol.proto.OzoneManagerProtocolProtos$OzoneManagerService$2.callBlockingMethod(OzoneManagerProtocolProtos.java) [ozone-interface-client-1.4.0-SNAPSHOT.jar:?]
	at org.apache.hadoop.ipc.ProtobufRpcEngine$Server.processCall(ProtobufRpcEngine.java:484) [hadoop-common-3.3.6.jar:?]
	at org.apache.hadoop.ipc.ProtobufRpcEngine2$Server$ProtoBufRpcInvoker.call(ProtobufRpcEngine2.java:595) [hadoop-common-3.3.6.jar:?]
	at org.apache.hadoop.ipc.ProtobufRpcEngine2$Server$ProtoBufRpcInvoker.call(ProtobufRpcEngine2.java:573) [hadoop-common-3.3.6.jar:?]
	at org.apache.hadoop.ipc.RPC$Server.call(RPC.java:1227) [hadoop-common-3.3.6.jar:?]
	at org.apache.hadoop.ipc.Server$RpcCall.run(Server.java:1094) [hadoop-common-3.3.6.jar:?]
	at org.apache.hadoop.ipc.Server$RpcCall.run(Server.java:1017) [hadoop-common-3.3.6.jar:?]
	at java.security.AccessController.doPrivileged(Native Method) ~[?:1.8.0_382]
	at javax.security.auth.Subject.doAs(Subject.java:422) [?:1.8.0_382]
	at org.apache.hadoop.security.UserGroupInformation.doAs(UserGroupInformation.java:1899) [hadoop-common-3.3.6.jar:?]
	at org.apache.hadoop.ipc.Server$Handler.run(Server.java:3048) [hadoop-common-3.3.6.jar:?]
09:13:37.895 [IPC Server handler 6 on default port 15004] ERROR OMAudit - user=runner | ip=127.0.0.1 | op=GET_FILE_STATUS {volume=193f4550-df68-4bdc-aa8e-b2667106f480, bucket=ce4dd1bc-03b8-4ade-b905-d16dbbc8fdff, key=.Trash, dataSize=0, replicationConfig=null} | ret=FAILURE
org.apache.hadoop.ozone.om.exceptions.OMException: Unable to get file status: volume: 193f4550-df68-4bdc-aa8e-b2667106f480 bucket: ce4dd1bc-03b8-4ade-b905-d16dbbc8fdff key: .Trash
	at org.apache.hadoop.ozone.om.KeyManagerImpl.getOzoneFileStatus(KeyManagerImpl.java:1198) ~[ozone-manager-1.4.0-SNAPSHOT.jar:?]
	at org.apache.hadoop.ozone.om.KeyManagerImpl.getFileStatus(KeyManagerImpl.java:1116) ~[ozone-manager-1.4.0-SNAPSHOT.jar:?]
	at org.apache.hadoop.ozone.om.OmMetadataReader.getFileStatus(OmMetadataReader.java:266) ~[ozone-manager-1.4.0-SNAPSHOT.jar:?]
	at org.apache.hadoop.ozone.om.OzoneManager.getFileStatus(OzoneManager.java:3552) ~[ozone-manager-1.4.0-SNAPSHOT.jar:?]
	at org.apache.hadoop.ozone.protocolPB.OzoneManagerRequestHandler.getOzoneFileStatus(OzoneManagerRequestHandler.java:998) ~[ozone-manager-1.4.0-SNAPSHOT.jar:?]
	at org.apache.hadoop.ozone.protocolPB.OzoneManagerRequestHandler.handleReadRequest(OzoneManagerRequestHandler.java:259) ~[ozone-manager-1.4.0-SNAPSHOT.jar:?]
	at org.apache.hadoop.ozone.protocolPB.OzoneManagerProtocolServerSideTranslatorPB.submitReadRequestToOM(OzoneManagerProtocolServerSideTranslatorPB.java:225) ~[ozone-manager-1.4.0-SNAPSHOT.jar:?]
	at org.apache.hadoop.ozone.protocolPB.OzoneManagerProtocolServerSideTranslatorPB.processRequest(OzoneManagerProtocolServerSideTranslatorPB.java:179) ~[ozone-manager-1.4.0-SNAPSHOT.jar:?]
	at org.apache.hadoop.hdds.server.OzoneProtocolMessageDispatcher.processRequest(OzoneProtocolMessageDispatcher.java:87) [hdds-server-framework-1.4.0-SNAPSHOT.jar:?]
	at org.apache.hadoop.ozone.protocolPB.OzoneManagerProtocolServerSideTranslatorPB.submitRequest(OzoneManagerProtocolServerSideTranslatorPB.java:148) [ozone-manager-1.4.0-SNAPSHOT.jar:?]
	at org.apache.hadoop.ozone.protocol.proto.OzoneManagerProtocolProtos$OzoneManagerService$2.callBlockingMethod(OzoneManagerProtocolProtos.java) [ozone-interface-client-1.4.0-SNAPSHOT.jar:?]
	at org.apache.hadoop.ipc.ProtobufRpcEngine$Server.processCall(ProtobufRpcEngine.java:484) [hadoop-common-3.3.6.jar:?]
	at org.apache.hadoop.ipc.ProtobufRpcEngine2$Server$ProtoBufRpcInvoker.call(ProtobufRpcEngine2.java:595) [hadoop-common-3.3.6.jar:?]
	at org.apache.hadoop.ipc.ProtobufRpcEngine2$Server$ProtoBufRpcInvoker.call(ProtobufRpcEngine2.java:573) [hadoop-common-3.3.6.jar:?]
	at org.apache.hadoop.ipc.RPC$Server.call(RPC.java:1227) [hadoop-common-3.3.6.jar:?]
	at org.apache.hadoop.ipc.Server$RpcCall.run(Server.java:1094) [hadoop-common-3.3.6.jar:?]
	at org.apache.hadoop.ipc.Server$RpcCall.run(Server.java:1017) [hadoop-common-3.3.6.jar:?]
	at java.security.AccessController.doPrivileged(Native Method) ~[?:1.8.0_382]
	at javax.security.auth.Subject.doAs(Subject.java:422) [?:1.8.0_382]
	at org.apache.hadoop.security.UserGroupInformation.doAs(UserGroupInformation.java:1899) [hadoop-common-3.3.6.jar:?]
	at org.apache.hadoop.ipc.Server$Handler.run(Server.java:3048) [hadoop-common-3.3.6.jar:?]
09:13:37.906 [IPC Server handler 19 on default port 15004] ERROR OMAudit - user=runner | ip=127.0.0.1 | op=GET_FILE_STATUS {volume=volume38304, bucket=trashroottest2, key=.Trash, dataSize=0, replicationConfig=null} | ret=FAILURE
org.apache.hadoop.ozone.om.exceptions.OMException: Unable to get file status: volume: volume38304 bucket: trashroottest2 key: .Trash
	at org.apache.hadoop.ozone.om.KeyManagerImpl.getOzoneFileStatusFSO(KeyManagerImpl.java:1330) ~[ozone-manager-1.4.0-SNAPSHOT.jar:?]
	at org.apache.hadoop.ozone.om.KeyManagerImpl.getFileStatus(KeyManagerImpl.java:1114) ~[ozone-manager-1.4.0-SNAPSHOT.jar:?]
	at org.apache.hadoop.ozone.om.OmMetadataReader.getFileStatus(OmMetadataReader.java:266) ~[ozone-manager-1.4.0-SNAPSHOT.jar:?]
	at org.apache.hadoop.ozone.om.OzoneManager.getFileStatus(OzoneManager.java:3552) ~[ozone-manager-1.4.0-SNAPSHOT.jar:?]
	at org.apache.hadoop.ozone.protocolPB.OzoneManagerRequestHandler.getOzoneFileStatus(OzoneManagerRequestHandler.java:998) ~[ozone-manager-1.4.0-SNAPSHOT.jar:?]
	at org.apache.hadoop.ozone.protocolPB.OzoneManagerRequestHandler.handleReadRequest(OzoneManagerRequestHandler.java:259) ~[ozone-manager-1.4.0-SNAPSHOT.jar:?]
	at org.apache.hadoop.ozone.protocolPB.OzoneManagerProtocolServerSideTranslatorPB.submitReadRequestToOM(OzoneManagerProtocolServerSideTranslatorPB.java:225) ~[ozone-manager-1.4.0-SNAPSHOT.jar:?]
	at org.apache.hadoop.ozone.protocolPB.OzoneManagerProtocolServerSideTranslatorPB.processRequest(OzoneManagerProtocolServerSideTranslatorPB.java:179) ~[ozone-manager-1.4.0-SNAPSHOT.jar:?]
	at org.apache.hadoop.hdds.server.OzoneProtocolMessageDispatcher.processRequest(OzoneProtocolMessageDispatcher.java:87) [hdds-server-framework-1.4.0-SNAPSHOT.jar:?]
	at org.apache.hadoop.ozone.protocolPB.OzoneManagerProtocolServerSideTranslatorPB.submitRequest(OzoneManagerProtocolServerSideTranslatorPB.java:148) [ozone-manager-1.4.0-SNAPSHOT.jar:?]
	at org.apache.hadoop.ozone.protocol.proto.OzoneManagerProtocolProtos$OzoneManagerService$2.callBlockingMethod(OzoneManagerProtocolProtos.java) [ozone-interface-client-1.4.0-SNAPSHOT.jar:?]
	at org.apache.hadoop.ipc.ProtobufRpcEngine$Server.processCall(ProtobufRpcEngine.java:484) [hadoop-common-3.3.6.jar:?]
	at org.apache.hadoop.ipc.ProtobufRpcEngine2$Server$ProtoBufRpcInvoker.call(ProtobufRpcEngine2.java:595) [hadoop-common-3.3.6.jar:?]
	at org.apache.hadoop.ipc.ProtobufRpcEngine2$Server$ProtoBufRpcInvoker.call(ProtobufRpcEngine2.java:573) [hadoop-common-3.3.6.jar:?]
	at org.apache.hadoop.ipc.RPC$Server.call(RPC.java:1227) [hadoop-common-3.3.6.jar:?]
	at org.apache.hadoop.ipc.Server$RpcCall.run(Server.java:1094) [hadoop-common-3.3.6.jar:?]
	at org.apache.hadoop.ipc.Server$RpcCall.run(Server.java:1017) [hadoop-common-3.3.6.jar:?]
	at java.security.AccessController.doPrivileged(Native Method) ~[?:1.8.0_382]
	at javax.security.auth.Subject.doAs(Subject.java:422) [?:1.8.0_382]
	at org.apache.hadoop.security.UserGroupInformation.doAs(UserGroupInformation.java:1899) [hadoop-common-3.3.6.jar:?]
	at org.apache.hadoop.ipc.Server$Handler.run(Server.java:3048) [hadoop-common-3.3.6.jar:?]
09:13:37.909 [IPC Server handler 14 on default port 15004] ERROR OMAudit - user=runner | ip=127.0.0.1 | op=GET_FILE_STATUS {volume=volume93717, bucket=bucket43962, key=.Trash, dataSize=0, replicationConfig=null} | ret=FAILURE
org.apache.hadoop.ozone.om.exceptions.OMException: Unable to get file status: volume: volume93717 bucket: bucket43962 key: .Trash
	at org.apache.hadoop.ozone.om.KeyManagerImpl.getOzoneFileStatusFSO(KeyManagerImpl.java:1330) ~[ozone-manager-1.4.0-SNAPSHOT.jar:?]
	at org.apache.hadoop.ozone.om.KeyManagerImpl.getFileStatus(KeyManagerImpl.java:1114) ~[ozone-manager-1.4.0-SNAPSHOT.jar:?]
	at org.apache.hadoop.ozone.om.OmMetadataReader.getFileStatus(OmMetadataReader.java:266) ~[ozone-manager-1.4.0-SNAPSHOT.jar:?]
	at org.apache.hadoop.ozone.om.OzoneManager.getFileStatus(OzoneManager.java:3552) ~[ozone-manager-1.4.0-SNAPSHOT.jar:?]
	at org.apache.hadoop.ozone.protocolPB.OzoneManagerRequestHandler.getOzoneFileStatus(OzoneManagerRequestHandler.java:998) ~[ozone-manager-1.4.0-SNAPSHOT.jar:?]
	at org.apache.hadoop.ozone.protocolPB.OzoneManagerRequestHandler.handleReadRequest(OzoneManagerRequestHandler.java:259) ~[ozone-manager-1.4.0-SNAPSHOT.jar:?]
	at org.apache.hadoop.ozone.protocolPB.OzoneManagerProtocolServerSideTranslatorPB.submitReadRequestToOM(OzoneManagerProtocolServerSideTranslatorPB.java:225) ~[ozone-manager-1.4.0-SNAPSHOT.jar:?]
	at org.apache.hadoop.ozone.protocolPB.OzoneManagerProtocolServerSideTranslatorPB.processRequest(OzoneManagerProtocolServerSideTranslatorPB.java:179) ~[ozone-manager-1.4.0-SNAPSHOT.jar:?]
	at org.apache.hadoop.hdds.server.OzoneProtocolMessageDispatcher.processRequest(OzoneProtocolMessageDispatcher.java:87) [hdds-server-framework-1.4.0-SNAPSHOT.jar:?]
	at org.apache.hadoop.ozone.protocolPB.OzoneManagerProtocolServerSideTranslatorPB.submitRequest(OzoneManagerProtocolServerSideTranslatorPB.java:148) [ozone-manager-1.4.0-SNAPSHOT.jar:?]
	at org.apache.hadoop.ozone.protocol.proto.OzoneManagerProtocolProtos$OzoneManagerService$2.callBlockingMethod(OzoneManagerProtocolProtos.java) [ozone-interface-client-1.4.0-SNAPSHOT.jar:?]
	at org.apache.hadoop.ipc.ProtobufRpcEngine$Server.processCall(ProtobufRpcEngine.java:484) [hadoop-common-3.3.6.jar:?]
	at org.apache.hadoop.ipc.ProtobufRpcEngine2$Server$ProtoBufRpcInvoker.call(ProtobufRpcEngine2.java:595) [hadoop-common-3.3.6.jar:?]
	at org.apache.hadoop.ipc.ProtobufRpcEngine2$Server$ProtoBufRpcInvoker.call(ProtobufRpcEngine2.java:573) [hadoop-common-3.3.6.jar:?]
	at org.apache.hadoop.ipc.RPC$Server.call(RPC.java:1227) [hadoop-common-3.3.6.jar:?]
	at org.apache.hadoop.ipc.Server$RpcCall.run(Server.java:1094) [hadoop-common-3.3.6.jar:?]
	at org.apache.hadoop.ipc.Server$RpcCall.run(Server.java:1017) [hadoop-common-3.3.6.jar:?]
	at java.security.AccessController.doPrivileged(Native Method) ~[?:1.8.0_382]
	at javax.security.auth.Subject.doAs(Subject.java:422) [?:1.8.0_382]
	at org.apache.hadoop.security.UserGroupInformation.doAs(UserGroupInformation.java:1899) [hadoop-common-3.3.6.jar:?]
	at org.apache.hadoop.ipc.Server$Handler.run(Server.java:3048) [hadoop-common-3.3.6.jar:?]
09:13:37.912 [IPC Server handler 9 on default port 15004] ERROR OMAudit - user=runner | ip=127.0.0.1 | op=GET_FILE_STATUS {volume=volume97531, bucket=bucket63858, key=.Trash, dataSize=0, replicationConfig=null} | ret=FAILURE
org.apache.hadoop.ozone.om.exceptions.OMException: Unable to get file status: volume: volume97531 bucket: bucket63858 key: .Trash
	at org.apache.hadoop.ozone.om.KeyManagerImpl.getOzoneFileStatusFSO(KeyManagerImpl.java:1330) ~[ozone-manager-1.4.0-SNAPSHOT.jar:?]
	at org.apache.hadoop.ozone.om.KeyManagerImpl.getFileStatus(KeyManagerImpl.java:1114) ~[ozone-manager-1.4.0-SNAPSHOT.jar:?]
	at org.apache.hadoop.ozone.om.OmMetadataReader.getFileStatus(OmMetadataReader.java:266) ~[ozone-manager-1.4.0-SNAPSHOT.jar:?]
	at org.apache.hadoop.ozone.om.OzoneManager.getFileStatus(OzoneManager.java:3552) ~[ozone-manager-1.4.0-SNAPSHOT.jar:?]
	at org.apache.hadoop.ozone.protocolPB.OzoneManagerRequestHandler.getOzoneFileStatus(OzoneManagerRequestHandler.java:998) ~[ozone-manager-1.4.0-SNAPSHOT.jar:?]
	at org.apache.hadoop.ozone.protocolPB.OzoneManagerRequestHandler.handleReadRequest(OzoneManagerRequestHandler.java:259) ~[ozone-manager-1.4.0-SNAPSHOT.jar:?]
	at org.apache.hadoop.ozone.protocolPB.OzoneManagerProtocolServerSideTranslatorPB.submitReadRequestToOM(OzoneManagerProtocolServerSideTranslatorPB.java:225) ~[ozone-manager-1.4.0-SNAPSHOT.jar:?]
	at org.apache.hadoop.ozone.protocolPB.OzoneManagerProtocolServerSideTranslatorPB.processRequest(OzoneManagerProtocolServerSideTranslatorPB.java:179) ~[ozone-manager-1.4.0-SNAPSHOT.jar:?]
	at org.apache.hadoop.hdds.server.OzoneProtocolMessageDispatcher.processRequest(OzoneProtocolMessageDispatcher.java:87) [hdds-server-framework-1.4.0-SNAPSHOT.jar:?]
	at org.apache.hadoop.ozone.protocolPB.OzoneManagerProtocolServerSideTranslatorPB.submitRequest(OzoneManagerProtocolServerSideTranslatorPB.java:148) [ozone-manager-1.4.0-SNAPSHOT.jar:?]
	at org.apache.hadoop.ozone.protocol.proto.OzoneManagerProtocolProtos$OzoneManagerService$2.callBlockingMethod(OzoneManagerProtocolProtos.java) [ozone-interface-client-1.4.0-SNAPSHOT.jar:?]
	at org.apache.hadoop.ipc.ProtobufRpcEngine$Server.processCall(ProtobufRpcEngine.java:484) [hadoop-common-3.3.6.jar:?]
	at org.apache.hadoop.ipc.ProtobufRpcEngine2$Server$ProtoBufRpcInvoker.call(ProtobufRpcEngine2.java:595) [hadoop-common-3.3.6.jar:?]
	at org.apache.hadoop.ipc.ProtobufRpcEngine2$Server$ProtoBufRpcInvoker.call(ProtobufRpcEngine2.java:573) [hadoop-common-3.3.6.jar:?]
	at org.apache.hadoop.ipc.RPC$Server.call(RPC.java:1227) [hadoop-common-3.3.6.jar:?]
	at org.apache.hadoop.ipc.Server$RpcCall.run(Server.java:1094) [hadoop-common-3.3.6.jar:?]
	at org.apache.hadoop.ipc.Server$RpcCall.run(Server.java:1017) [hadoop-common-3.3.6.jar:?]
	at java.security.AccessController.doPrivileged(Native Method) ~[?:1.8.0_382]
	at javax.security.auth.Subject.doAs(Subject.java:422) [?:1.8.0_382]
	at org.apache.hadoop.security.UserGroupInformation.doAs(UserGroupInformation.java:1899) [hadoop-common-3.3.6.jar:?]
	at org.apache.hadoop.ipc.Server$Handler.run(Server.java:3048) [hadoop-common-3.3.6.jar:?]
09:13:37.927 [IPC Server handler 10 on default port 15004] ERROR OMAudit - user=runner | ip=127.0.0.1 | op=GET_FILE_STATUS {volume=volume97531, bucket=bucket63858, key=.Trash/runner, dataSize=0, replicationConfig=null} | ret=FAILURE
org.apache.hadoop.ozone.om.exceptions.OMException: Unable to get file status: volume: volume97531 bucket: bucket63858 key: .Trash/runner
	at org.apache.hadoop.ozone.om.KeyManagerImpl.getOzoneFileStatusFSO(KeyManagerImpl.java:1330) ~[ozone-manager-1.4.0-SNAPSHOT.jar:?]
	at org.apache.hadoop.ozone.om.KeyManagerImpl.getFileStatus(KeyManagerImpl.java:1114) ~[ozone-manager-1.4.0-SNAPSHOT.jar:?]
	at org.apache.hadoop.ozone.om.OmMetadataReader.getFileStatus(OmMetadataReader.java:266) ~[ozone-manager-1.4.0-SNAPSHOT.jar:?]
	at org.apache.hadoop.ozone.om.OzoneManager.getFileStatus(OzoneManager.java:3552) ~[ozone-manager-1.4.0-SNAPSHOT.jar:?]
	at org.apache.hadoop.ozone.protocolPB.OzoneManagerRequestHandler.getOzoneFileStatus(OzoneManagerRequestHandler.java:998) ~[ozone-manager-1.4.0-SNAPSHOT.jar:?]
	at org.apache.hadoop.ozone.protocolPB.OzoneManagerRequestHandler.handleReadRequest(OzoneManagerRequestHandler.java:259) ~[ozone-manager-1.4.0-SNAPSHOT.jar:?]
	at org.apache.hadoop.ozone.protocolPB.OzoneManagerProtocolServerSideTranslatorPB.submitReadRequestToOM(OzoneManagerProtocolServerSideTranslatorPB.java:225) ~[ozone-manager-1.4.0-SNAPSHOT.jar:?]
	at org.apache.hadoop.ozone.protocolPB.OzoneManagerProtocolServerSideTranslatorPB.processRequest(OzoneManagerProtocolServerSideTranslatorPB.java:179) ~[ozone-manager-1.4.0-SNAPSHOT.jar:?]
	at org.apache.hadoop.hdds.server.OzoneProtocolMessageDispatcher.processRequest(OzoneProtocolMessageDispatcher.java:87) [hdds-server-framework-1.4.0-SNAPSHOT.jar:?]
	at org.apache.hadoop.ozone.protocolPB.OzoneManagerProtocolServerSideTranslatorPB.submitRequest(OzoneManagerProtocolServerSideTranslatorPB.java:148) [ozone-manager-1.4.0-SNAPSHOT.jar:?]
	at org.apache.hadoop.ozone.protocol.proto.OzoneManagerProtocolProtos$OzoneManagerService$2.callBlockingMethod(OzoneManagerProtocolProtos.java) [ozone-interface-client-1.4.0-SNAPSHOT.jar:?]
	at org.apache.hadoop.ipc.ProtobufRpcEngine$Server.processCall(ProtobufRpcEngine.java:484) [hadoop-common-3.3.6.jar:?]
	at org.apache.hadoop.ipc.ProtobufRpcEngine2$Server$ProtoBufRpcInvoker.call(ProtobufRpcEngine2.java:595) [hadoop-common-3.3.6.jar:?]
	at org.apache.hadoop.ipc.ProtobufRpcEngine2$Server$ProtoBufRpcInvoker.call(ProtobufRpcEngine2.java:573) [hadoop-common-3.3.6.jar:?]
	at org.apache.hadoop.ipc.RPC$Server.call(RPC.java:1227) [hadoop-common-3.3.6.jar:?]
	at org.apache.hadoop.ipc.Server$RpcCall.run(Server.java:1094) [hadoop-common-3.3.6.jar:?]
	at org.apache.hadoop.ipc.Server$RpcCall.run(Server.java:1017) [hadoop-common-3.3.6.jar:?]
	at java.security.AccessController.doPrivileged(Native Method) ~[?:1.8.0_382]
	at javax.security.auth.Subject.doAs(Subject.java:422) [?:1.8.0_382]
	at org.apache.hadoop.security.UserGroupInformation.doAs(UserGroupInformation.java:1899) [hadoop-common-3.3.6.jar:?]
	at org.apache.hadoop.ipc.Server$Handler.run(Server.java:3048) [hadoop-common-3.3.6.jar:?]
09:13:37.935 [IPC Server handler 8 on default port 15004] ERROR OMAudit - user=runner | ip=127.0.0.1 | op=GET_FILE_STATUS {volume=volume38304, bucket=trashroottest2, key=.Trash/runner, dataSize=0, replicationConfig=null} | ret=FAILURE
org.apache.hadoop.ozone.om.exceptions.OMException: Unable to get file status: volume: volume38304 bucket: trashroottest2 key: .Trash/runner
	at org.apache.hadoop.ozone.om.KeyManagerImpl.getOzoneFileStatusFSO(KeyManagerImpl.java:1330) ~[ozone-manager-1.4.0-SNAPSHOT.jar:?]
	at org.apache.hadoop.ozone.om.KeyManagerImpl.getFileStatus(KeyManagerImpl.java:1114) ~[ozone-manager-1.4.0-SNAPSHOT.jar:?]
	at org.apache.hadoop.ozone.om.OmMetadataReader.getFileStatus(OmMetadataReader.java:266) ~[ozone-manager-1.4.0-SNAPSHOT.jar:?]
	at org.apache.hadoop.ozone.om.OzoneManager.getFileStatus(OzoneManager.java:3552) ~[ozone-manager-1.4.0-SNAPSHOT.jar:?]
	at org.apache.hadoop.ozone.protocolPB.OzoneManagerRequestHandler.getOzoneFileStatus(OzoneManagerRequestHandler.java:998) ~[ozone-manager-1.4.0-SNAPSHOT.jar:?]
	at org.apache.hadoop.ozone.protocolPB.OzoneManagerRequestHandler.handleReadRequest(OzoneManagerRequestHandler.java:259) ~[ozone-manager-1.4.0-SNAPSHOT.jar:?]
	at org.apache.hadoop.ozone.protocolPB.OzoneManagerProtocolServerSideTranslatorPB.submitReadRequestToOM(OzoneManagerProtocolServerSideTranslatorPB.java:225) ~[ozone-manager-1.4.0-SNAPSHOT.jar:?]
	at org.apache.hadoop.ozone.protocolPB.OzoneManagerProtocolServerSideTranslatorPB.processRequest(OzoneManagerProtocolServerSideTranslatorPB.java:179) ~[ozone-manager-1.4.0-SNAPSHOT.jar:?]
	at org.apache.hadoop.hdds.server.OzoneProtocolMessageDispatcher.processRequest(OzoneProtocolMessageDispatcher.java:87) [hdds-server-framework-1.4.0-SNAPSHOT.jar:?]
	at org.apache.hadoop.ozone.protocolPB.OzoneManagerProtocolServerSideTranslatorPB.submitRequest(OzoneManagerProtocolServerSideTranslatorPB.java:148) [ozone-manager-1.4.0-SNAPSHOT.jar:?]
	at org.apache.hadoop.ozone.protocol.proto.OzoneManagerProtocolProtos$OzoneManagerService$2.callBlockingMethod(OzoneManagerProtocolProtos.java) [ozone-interface-client-1.4.0-SNAPSHOT.jar:?]
	at org.apache.hadoop.ipc.ProtobufRpcEngine$Server.processCall(ProtobufRpcEngine.java:484) [hadoop-common-3.3.6.jar:?]
	at org.apache.hadoop.ipc.ProtobufRpcEngine2$Server$ProtoBufRpcInvoker.call(ProtobufRpcEngine2.java:595) [hadoop-common-3.3.6.jar:?]
	at org.apache.hadoop.ipc.ProtobufRpcEngine2$Server$ProtoBufRpcInvoker.call(ProtobufRpcEngine2.java:573) [hadoop-common-3.3.6.jar:?]
	at org.apache.hadoop.ipc.RPC$Server.call(RPC.java:1227) [hadoop-common-3.3.6.jar:?]
	at org.apache.hadoop.ipc.Server$RpcCall.run(Server.java:1094) [hadoop-common-3.3.6.jar:?]
	at org.apache.hadoop.ipc.Server$RpcCall.run(Server.java:1017) [hadoop-common-3.3.6.jar:?]
	at java.security.AccessController.doPrivileged(Native Method) ~[?:1.8.0_382]
	at javax.security.auth.Subject.doAs(Subject.java:422) [?:1.8.0_382]
	at org.apache.hadoop.security.UserGroupInformation.doAs(UserGroupInformation.java:1899) [hadoop-common-3.3.6.jar:?]
	at org.apache.hadoop.ipc.Server$Handler.run(Server.java:3048) [hadoop-common-3.3.6.jar:?]
09:13:37.940 [IPC Server handler 4 on default port 15004] ERROR OMAudit - user=runner | ip=127.0.0.1 | op=GET_FILE_STATUS {volume=193f4550-df68-4bdc-aa8e-b2667106f480, bucket=ce4dd1bc-03b8-4ade-b905-d16dbbc8fdff, key=.Trash, dataSize=0, replicationConfig=null} | ret=FAILURE
org.apache.hadoop.ozone.om.exceptions.OMException: Unable to get file status: volume: 193f4550-df68-4bdc-aa8e-b2667106f480 bucket: ce4dd1bc-03b8-4ade-b905-d16dbbc8fdff key: .Trash
	at org.apache.hadoop.ozone.om.KeyManagerImpl.getOzoneFileStatus(KeyManagerImpl.java:1198) ~[ozone-manager-1.4.0-SNAPSHOT.jar:?]
	at org.apache.hadoop.ozone.om.KeyManagerImpl.getFileStatus(KeyManagerImpl.java:1116) ~[ozone-manager-1.4.0-SNAPSHOT.jar:?]
	at org.apache.hadoop.ozone.om.OmMetadataReader.getFileStatus(OmMetadataReader.java:266) ~[ozone-manager-1.4.0-SNAPSHOT.jar:?]
	at org.apache.hadoop.ozone.om.OzoneManager.getFileStatus(OzoneManager.java:3552) ~[ozone-manager-1.4.0-SNAPSHOT.jar:?]
	at org.apache.hadoop.ozone.protocolPB.OzoneManagerRequestHandler.getOzoneFileStatus(OzoneManagerRequestHandler.java:998) ~[ozone-manager-1.4.0-SNAPSHOT.jar:?]
	at org.apache.hadoop.ozone.protocolPB.OzoneManagerRequestHandler.handleReadRequest(OzoneManagerRequestHandler.java:259) ~[ozone-manager-1.4.0-SNAPSHOT.jar:?]
	at org.apache.hadoop.ozone.protocolPB.OzoneManagerProtocolServerSideTranslatorPB.submitReadRequestToOM(OzoneManagerProtocolServerSideTranslatorPB.java:225) ~[ozone-manager-1.4.0-SNAPSHOT.jar:?]
	at org.apache.hadoop.ozone.protocolPB.OzoneManagerProtocolServerSideTranslatorPB.processRequest(OzoneManagerProtocolServerSideTranslatorPB.java:179) ~[ozone-manager-1.4.0-SNAPSHOT.jar:?]
	at org.apache.hadoop.hdds.server.OzoneProtocolMessageDispatcher.processRequest(OzoneProtocolMessageDispatcher.java:87) [hdds-server-framework-1.4.0-SNAPSHOT.jar:?]
	at org.apache.hadoop.ozone.protocolPB.OzoneManagerProtocolServerSideTranslatorPB.submitRequest(OzoneManagerProtocolServerSideTranslatorPB.java:148) [ozone-manager-1.4.0-SNAPSHOT.jar:?]
	at org.apache.hadoop.ozone.protocol.proto.OzoneManagerProtocolProtos$OzoneManagerService$2.callBlockingMethod(OzoneManagerProtocolProtos.java) [ozone-interface-client-1.4.0-SNAPSHOT.jar:?]
	at org.apache.hadoop.ipc.ProtobufRpcEngine$Server.processCall(ProtobufRpcEngine.java:484) [hadoop-common-3.3.6.jar:?]
	at org.apache.hadoop.ipc.ProtobufRpcEngine2$Server$ProtoBufRpcInvoker.call(ProtobufRpcEngine2.java:595) [hadoop-common-3.3.6.jar:?]
	at org.apache.hadoop.ipc.ProtobufRpcEngine2$Server$ProtoBufRpcInvoker.call(ProtobufRpcEngine2.java:573) [hadoop-common-3.3.6.jar:?]
	at org.apache.hadoop.ipc.RPC$Server.call(RPC.java:1227) [hadoop-common-3.3.6.jar:?]
	at org.apache.hadoop.ipc.Server$RpcCall.run(Server.java:1094) [hadoop-common-3.3.6.jar:?]
	at org.apache.hadoop.ipc.Server$RpcCall.run(Server.java:1017) [hadoop-common-3.3.6.jar:?]
	at java.security.AccessController.doPrivileged(Native Method) ~[?:1.8.0_382]
	at javax.security.auth.Subject.doAs(Subject.java:422) [?:1.8.0_382]
	at org.apache.hadoop.security.UserGroupInformation.doAs(UserGroupInformation.java:1899) [hadoop-common-3.3.6.jar:?]
	at org.apache.hadoop.ipc.Server$Handler.run(Server.java:3048) [hadoop-common-3.3.6.jar:?]
09:13:37.950 [IPC Server handler 6 on default port 15004] ERROR OMAudit - user=runner | ip=127.0.0.1 | op=GET_FILE_STATUS {volume=volume38304, bucket=trashroottest2, key=.Trash, dataSize=0, replicationConfig=null} | ret=FAILURE
org.apache.hadoop.ozone.om.exceptions.OMException: Unable to get file status: volume: volume38304 bucket: trashroottest2 key: .Trash
	at org.apache.hadoop.ozone.om.KeyManagerImpl.getOzoneFileStatusFSO(KeyManagerImpl.java:1330) ~[ozone-manager-1.4.0-SNAPSHOT.jar:?]
	at org.apache.hadoop.ozone.om.KeyManagerImpl.getFileStatus(KeyManagerImpl.java:1114) ~[ozone-manager-1.4.0-SNAPSHOT.jar:?]
	at org.apache.hadoop.ozone.om.OmMetadataReader.getFileStatus(OmMetadataReader.java:266) ~[ozone-manager-1.4.0-SNAPSHOT.jar:?]
	at org.apache.hadoop.ozone.om.OzoneManager.getFileStatus(OzoneManager.java:3552) ~[ozone-manager-1.4.0-SNAPSHOT.jar:?]
	at org.apache.hadoop.ozone.protocolPB.OzoneManagerRequestHandler.getOzoneFileStatus(OzoneManagerRequestHandler.java:998) ~[ozone-manager-1.4.0-SNAPSHOT.jar:?]
	at org.apache.hadoop.ozone.protocolPB.OzoneManagerRequestHandler.handleReadRequest(OzoneManagerRequestHandler.java:259) ~[ozone-manager-1.4.0-SNAPSHOT.jar:?]
	at org.apache.hadoop.ozone.protocolPB.OzoneManagerProtocolServerSideTranslatorPB.submitReadRequestToOM(OzoneManagerProtocolServerSideTranslatorPB.java:225) ~[ozone-manager-1.4.0-SNAPSHOT.jar:?]
	at org.apache.hadoop.ozone.protocolPB.OzoneManagerProtocolServerSideTranslatorPB.processRequest(OzoneManagerProtocolServerSideTranslatorPB.java:179) ~[ozone-manager-1.4.0-SNAPSHOT.jar:?]
	at org.apache.hadoop.hdds.server.OzoneProtocolMessageDispatcher.processRequest(OzoneProtocolMessageDispatcher.java:87) [hdds-server-framework-1.4.0-SNAPSHOT.jar:?]
	at org.apache.hadoop.ozone.protocolPB.OzoneManagerProtocolServerSideTranslatorPB.submitRequest(OzoneManagerProtocolServerSideTranslatorPB.java:148) [ozone-manager-1.4.0-SNAPSHOT.jar:?]
	at org.apache.hadoop.ozone.protocol.proto.OzoneManagerProtocolProtos$OzoneManagerService$2.callBlockingMethod(OzoneManagerProtocolProtos.java) [ozone-interface-client-1.4.0-SNAPSHOT.jar:?]
	at org.apache.hadoop.ipc.ProtobufRpcEngine$Server.processCall(ProtobufRpcEngine.java:484) [hadoop-common-3.3.6.jar:?]
	at org.apache.hadoop.ipc.ProtobufRpcEngine2$Server$ProtoBufRpcInvoker.call(ProtobufRpcEngine2.java:595) [hadoop-common-3.3.6.jar:?]
	at org.apache.hadoop.ipc.ProtobufRpcEngine2$Server$ProtoBufRpcInvoker.call(ProtobufRpcEngine2.java:573) [hadoop-common-3.3.6.jar:?]
	at org.apache.hadoop.ipc.RPC$Server.call(RPC.java:1227) [hadoop-common-3.3.6.jar:?]
	at org.apache.hadoop.ipc.Server$RpcCall.run(Server.java:1094) [hadoop-common-3.3.6.jar:?]
	at org.apache.hadoop.ipc.Server$RpcCall.run(Server.java:1017) [hadoop-common-3.3.6.jar:?]
	at java.security.AccessController.doPrivileged(Native Method) ~[?:1.8.0_382]
	at javax.security.auth.Subject.doAs(Subject.java:422) [?:1.8.0_382]
	at org.apache.hadoop.security.UserGroupInformation.doAs(UserGroupInformation.java:1899) [hadoop-common-3.3.6.jar:?]
	at org.apache.hadoop.ipc.Server$Handler.run(Server.java:3048) [hadoop-common-3.3.6.jar:?]
09:13:37.956 [IPC Server handler 7 on default port 15004] ERROR OMAudit - user=runner | ip=127.0.0.1 | op=GET_FILE_STATUS {volume=volume93717, bucket=bucket43962, key=.Trash, dataSize=0, replicationConfig=null} | ret=FAILURE
org.apache.hadoop.ozone.om.exceptions.OMException: Unable to get file status: volume: volume93717 bucket: bucket43962 key: .Trash
	at org.apache.hadoop.ozone.om.KeyManagerImpl.getOzoneFileStatusFSO(KeyManagerImpl.java:1330) ~[ozone-manager-1.4.0-SNAPSHOT.jar:?]
	at org.apache.hadoop.ozone.om.KeyManagerImpl.getFileStatus(KeyManagerImpl.java:1114) ~[ozone-manager-1.4.0-SNAPSHOT.jar:?]
	at org.apache.hadoop.ozone.om.OmMetadataReader.getFileStatus(OmMetadataReader.java:266) ~[ozone-manager-1.4.0-SNAPSHOT.jar:?]
	at org.apache.hadoop.ozone.om.OzoneManager.getFileStatus(OzoneManager.java:3552) ~[ozone-manager-1.4.0-SNAPSHOT.jar:?]
	at org.apache.hadoop.ozone.protocolPB.OzoneManagerRequestHandler.getOzoneFileStatus(OzoneManagerRequestHandler.java:998) ~[ozone-manager-1.4.0-SNAPSHOT.jar:?]
	at org.apache.hadoop.ozone.protocolPB.OzoneManagerRequestHandler.handleReadRequest(OzoneManagerRequestHandler.java:259) ~[ozone-manager-1.4.0-SNAPSHOT.jar:?]
	at org.apache.hadoop.ozone.protocolPB.OzoneManagerProtocolServerSideTranslatorPB.submitReadRequestToOM(OzoneManagerProtocolServerSideTranslatorPB.java:225) ~[ozone-manager-1.4.0-SNAPSHOT.jar:?]
	at org.apache.hadoop.ozone.protocolPB.OzoneManagerProtocolServerSideTranslatorPB.processRequest(OzoneManagerProtocolServerSideTranslatorPB.java:179) ~[ozone-manager-1.4.0-SNAPSHOT.jar:?]
	at org.apache.hadoop.hdds.server.OzoneProtocolMessageDispatcher.processRequest(OzoneProtocolMessageDispatcher.java:87) [hdds-server-framework-1.4.0-SNAPSHOT.jar:?]
	at org.apache.hadoop.ozone.protocolPB.OzoneManagerProtocolServerSideTranslatorPB.submitRequest(OzoneManagerProtocolServerSideTranslatorPB.java:148) [ozone-manager-1.4.0-SNAPSHOT.jar:?]
	at org.apache.hadoop.ozone.protocol.proto.OzoneManagerProtocolProtos$OzoneManagerService$2.callBlockingMethod(OzoneManagerProtocolProtos.java) [ozone-interface-client-1.4.0-SNAPSHOT.jar:?]
	at org.apache.hadoop.ipc.ProtobufRpcEngine$Server.processCall(ProtobufRpcEngine.java:484) [hadoop-common-3.3.6.jar:?]
	at org.apache.hadoop.ipc.ProtobufRpcEngine2$Server$ProtoBufRpcInvoker.call(ProtobufRpcEngine2.java:595) [hadoop-common-3.3.6.jar:?]
	at org.apache.hadoop.ipc.ProtobufRpcEngine2$Server$ProtoBufRpcInvoker.call(ProtobufRpcEngine2.java:573) [hadoop-common-3.3.6.jar:?]
	at org.apache.hadoop.ipc.RPC$Server.call(RPC.java:1227) [hadoop-common-3.3.6.jar:?]
	at org.apache.hadoop.ipc.Server$RpcCall.run(Server.java:1094) [hadoop-common-3.3.6.jar:?]
	at org.apache.hadoop.ipc.Server$RpcCall.run(Server.java:1017) [hadoop-common-3.3.6.jar:?]
	at java.security.AccessController.doPrivileged(Native Method) ~[?:1.8.0_382]
	at javax.security.auth.Subject.doAs(Subject.java:422) [?:1.8.0_382]
	at org.apache.hadoop.security.UserGroupInformation.doAs(UserGroupInformation.java:1899) [hadoop-common-3.3.6.jar:?]
	at org.apache.hadoop.ipc.Server$Handler.run(Server.java:3048) [hadoop-common-3.3.6.jar:?]
09:13:37.963 [IPC Server handler 5 on default port 15004] ERROR OMAudit - user=runner | ip=127.0.0.1 | op=GET_FILE_STATUS {volume=volume97531, bucket=bucket63858, key=.Trash, dataSize=0, replicationConfig=null} | ret=FAILURE
org.apache.hadoop.ozone.om.exceptions.OMException: Unable to get file status: volume: volume97531 bucket: bucket63858 key: .Trash
	at org.apache.hadoop.ozone.om.KeyManagerImpl.getOzoneFileStatusFSO(KeyManagerImpl.java:1330) ~[ozone-manager-1.4.0-SNAPSHOT.jar:?]
	at org.apache.hadoop.ozone.om.KeyManagerImpl.getFileStatus(KeyManagerImpl.java:1114) ~[ozone-manager-1.4.0-SNAPSHOT.jar:?]
	at org.apache.hadoop.ozone.om.OmMetadataReader.getFileStatus(OmMetadataReader.java:266) ~[ozone-manager-1.4.0-SNAPSHOT.jar:?]
	at org.apache.hadoop.ozone.om.OzoneManager.getFileStatus(OzoneManager.java:3552) ~[ozone-manager-1.4.0-SNAPSHOT.jar:?]
	at org.apache.hadoop.ozone.protocolPB.OzoneManagerRequestHandler.getOzoneFileStatus(OzoneManagerRequestHandler.java:998) ~[ozone-manager-1.4.0-SNAPSHOT.jar:?]
	at org.apache.hadoop.ozone.protocolPB.OzoneManagerRequestHandler.handleReadRequest(OzoneManagerRequestHandler.java:259) ~[ozone-manager-1.4.0-SNAPSHOT.jar:?]
	at org.apache.hadoop.ozone.protocolPB.OzoneManagerProtocolServerSideTranslatorPB.submitReadRequestToOM(OzoneManagerProtocolServerSideTranslatorPB.java:225) ~[ozone-manager-1.4.0-SNAPSHOT.jar:?]
	at org.apache.hadoop.ozone.protocolPB.OzoneManagerProtocolServerSideTranslatorPB.processRequest(OzoneManagerProtocolServerSideTranslatorPB.java:179) ~[ozone-manager-1.4.0-SNAPSHOT.jar:?]
	at org.apache.hadoop.hdds.server.OzoneProtocolMessageDispatcher.processRequest(OzoneProtocolMessageDispatcher.java:87) [hdds-server-framework-1.4.0-SNAPSHOT.jar:?]
	at org.apache.hadoop.ozone.protocolPB.OzoneManagerProtocolServerSideTranslatorPB.submitRequest(OzoneManagerProtocolServerSideTranslatorPB.java:148) [ozone-manager-1.4.0-SNAPSHOT.jar:?]
	at org.apache.hadoop.ozone.protocol.proto.OzoneManagerProtocolProtos$OzoneManagerService$2.callBlockingMethod(OzoneManagerProtocolProtos.java) [ozone-interface-client-1.4.0-SNAPSHOT.jar:?]
	at org.apache.hadoop.ipc.ProtobufRpcEngine$Server.processCall(ProtobufRpcEngine.java:484) [hadoop-common-3.3.6.jar:?]
	at org.apache.hadoop.ipc.ProtobufRpcEngine2$Server$ProtoBufRpcInvoker.call(ProtobufRpcEngine2.java:595) [hadoop-common-3.3.6.jar:?]
	at org.apache.hadoop.ipc.ProtobufRpcEngine2$Server$ProtoBufRpcInvoker.call(ProtobufRpcEngine2.java:573) [hadoop-common-3.3.6.jar:?]
	at org.apache.hadoop.ipc.RPC$Server.call(RPC.java:1227) [hadoop-common-3.3.6.jar:?]
	at org.apache.hadoop.ipc.Server$RpcCall.run(Server.java:1094) [hadoop-common-3.3.6.jar:?]
	at org.apache.hadoop.ipc.Server$RpcCall.run(Server.java:1017) [hadoop-common-3.3.6.jar:?]
	at java.security.AccessController.doPrivileged(Native Method) ~[?:1.8.0_382]
	at javax.security.auth.Subject.doAs(Subject.java:422) [?:1.8.0_382]
	at org.apache.hadoop.security.UserGroupInformation.doAs(UserGroupInformation.java:1899) [hadoop-common-3.3.6.jar:?]
	at org.apache.hadoop.ipc.Server$Handler.run(Server.java:3048) [hadoop-common-3.3.6.jar:?]
09:13:37.986 [IPC Server handler 8 on default port 15004] ERROR OMAudit - user=runner | ip=127.0.0.1 | op=GET_FILE_STATUS {volume=volume38304, bucket=bucket98155, key=.Trash/runner, dataSize=0, replicationConfig=null} | ret=FAILURE
org.apache.hadoop.ozone.om.exceptions.OMException: Unable to get file status: volume: volume38304 bucket: bucket98155 key: .Trash/runner
	at org.apache.hadoop.ozone.om.KeyManagerImpl.getOzoneFileStatusFSO(KeyManagerImpl.java:1330) ~[ozone-manager-1.4.0-SNAPSHOT.jar:?]
	at org.apache.hadoop.ozone.om.KeyManagerImpl.getFileStatus(KeyManagerImpl.java:1114) ~[ozone-manager-1.4.0-SNAPSHOT.jar:?]
	at org.apache.hadoop.ozone.om.OmMetadataReader.getFileStatus(OmMetadataReader.java:266) ~[ozone-manager-1.4.0-SNAPSHOT.jar:?]
	at org.apache.hadoop.ozone.om.OzoneManager.getFileStatus(OzoneManager.java:3552) ~[ozone-manager-1.4.0-SNAPSHOT.jar:?]
	at org.apache.hadoop.ozone.protocolPB.OzoneManagerRequestHandler.getOzoneFileStatus(OzoneManagerRequestHandler.java:998) ~[ozone-manager-1.4.0-SNAPSHOT.jar:?]
	at org.apache.hadoop.ozone.protocolPB.OzoneManagerRequestHandler.handleReadRequest(OzoneManagerRequestHandler.java:259) ~[ozone-manager-1.4.0-SNAPSHOT.jar:?]
	at org.apache.hadoop.ozone.protocolPB.OzoneManagerProtocolServerSideTranslatorPB.submitReadRequestToOM(OzoneManagerProtocolServerSideTranslatorPB.java:225) ~[ozone-manager-1.4.0-SNAPSHOT.jar:?]
	at org.apache.hadoop.ozone.protocolPB.OzoneManagerProtocolServerSideTranslatorPB.processRequest(OzoneManagerProtocolServerSideTranslatorPB.java:179) ~[ozone-manager-1.4.0-SNAPSHOT.jar:?]
	at org.apache.hadoop.hdds.server.OzoneProtocolMessageDispatcher.processRequest(OzoneProtocolMessageDispatcher.java:87) [hdds-server-framework-1.4.0-SNAPSHOT.jar:?]
	at org.apache.hadoop.ozone.protocolPB.OzoneManagerProtocolServerSideTranslatorPB.submitRequest(OzoneManagerProtocolServerSideTranslatorPB.java:148) [ozone-manager-1.4.0-SNAPSHOT.jar:?]
	at org.apache.hadoop.ozone.protocol.proto.OzoneManagerProtocolProtos$OzoneManagerService$2.callBlockingMethod(OzoneManagerProtocolProtos.java) [ozone-interface-client-1.4.0-SNAPSHOT.jar:?]
	at org.apache.hadoop.ipc.ProtobufRpcEngine$Server.processCall(ProtobufRpcEngine.java:484) [hadoop-common-3.3.6.jar:?]
	at org.apache.hadoop.ipc.ProtobufRpcEngine2$Server$ProtoBufRpcInvoker.call(ProtobufRpcEngine2.java:595) [hadoop-common-3.3.6.jar:?]
	at org.apache.hadoop.ipc.ProtobufRpcEngine2$Server$ProtoBufRpcInvoker.call(ProtobufRpcEngine2.java:573) [hadoop-common-3.3.6.jar:?]
	at org.apache.hadoop.ipc.RPC$Server.call(RPC.java:1227) [hadoop-common-3.3.6.jar:?]
	at org.apache.hadoop.ipc.Server$RpcCall.run(Server.java:1094) [hadoop-common-3.3.6.jar:?]
	at org.apache.hadoop.ipc.Server$RpcCall.run(Server.java:1017) [hadoop-common-3.3.6.jar:?]
	at java.security.AccessController.doPrivileged(Native Method) ~[?:1.8.0_382]
	at javax.security.auth.Subject.doAs(Subject.java:422) [?:1.8.0_382]
	at org.apache.hadoop.security.UserGroupInformation.doAs(UserGroupInformation.java:1899) [hadoop-common-3.3.6.jar:?]
	at org.apache.hadoop.ipc.Server$Handler.run(Server.java:3048) [hadoop-common-3.3.6.jar:?]
09:13:37.992 [IPC Server handler 4 on default port 15004] ERROR OMAudit - user=runner | ip=127.0.0.1 | op=GET_FILE_STATUS {volume=193f4550-df68-4bdc-aa8e-b2667106f480, bucket=ce4dd1bc-03b8-4ade-b905-d16dbbc8fdff, key=.Trash, dataSize=0, replicationConfig=null} | ret=FAILURE
org.apache.hadoop.ozone.om.exceptions.OMException: Unable to get file status: volume: 193f4550-df68-4bdc-aa8e-b2667106f480 bucket: ce4dd1bc-03b8-4ade-b905-d16dbbc8fdff key: .Trash
	at org.apache.hadoop.ozone.om.KeyManagerImpl.getOzoneFileStatus(KeyManagerImpl.java:1198) ~[ozone-manager-1.4.0-SNAPSHOT.jar:?]
	at org.apache.hadoop.ozone.om.KeyManagerImpl.getFileStatus(KeyManagerImpl.java:1116) ~[ozone-manager-1.4.0-SNAPSHOT.jar:?]
	at org.apache.hadoop.ozone.om.OmMetadataReader.getFileStatus(OmMetadataReader.java:266) ~[ozone-manager-1.4.0-SNAPSHOT.jar:?]
	at org.apache.hadoop.ozone.om.OzoneManager.getFileStatus(OzoneManager.java:3552) ~[ozone-manager-1.4.0-SNAPSHOT.jar:?]
	at org.apache.hadoop.ozone.protocolPB.OzoneManagerRequestHandler.getOzoneFileStatus(OzoneManagerRequestHandler.java:998) ~[ozone-manager-1.4.0-SNAPSHOT.jar:?]
	at org.apache.hadoop.ozone.protocolPB.OzoneManagerRequestHandler.handleReadRequest(OzoneManagerRequestHandler.java:259) ~[ozone-manager-1.4.0-SNAPSHOT.jar:?]
	at org.apache.hadoop.ozone.protocolPB.OzoneManagerProtocolServerSideTranslatorPB.submitReadRequestToOM(OzoneManagerProtocolServerSideTranslatorPB.java:225) ~[ozone-manager-1.4.0-SNAPSHOT.jar:?]
	at org.apache.hadoop.ozone.protocolPB.OzoneManagerProtocolServerSideTranslatorPB.processRequest(OzoneManagerProtocolServerSideTranslatorPB.java:179) ~[ozone-manager-1.4.0-SNAPSHOT.jar:?]
	at org.apache.hadoop.hdds.server.OzoneProtocolMessageDispatcher.processRequest(OzoneProtocolMessageDispatcher.java:87) [hdds-server-framework-1.4.0-SNAPSHOT.jar:?]
	at org.apache.hadoop.ozone.protocolPB.OzoneManagerProtocolServerSideTranslatorPB.submitRequest(OzoneManagerProtocolServerSideTranslatorPB.java:148) [ozone-manager-1.4.0-SNAPSHOT.jar:?]
	at org.apache.hadoop.ozone.protocol.proto.OzoneManagerProtocolProtos$OzoneManagerService$2.callBlockingMethod(OzoneManagerProtocolProtos.java) [ozone-interface-client-1.4.0-SNAPSHOT.jar:?]
	at org.apache.hadoop.ipc.ProtobufRpcEngine$Server.processCall(ProtobufRpcEngine.java:484) [hadoop-common-3.3.6.jar:?]
	at org.apache.hadoop.ipc.ProtobufRpcEngine2$Server$ProtoBufRpcInvoker.call(ProtobufRpcEngine2.java:595) [hadoop-common-3.3.6.jar:?]
	at org.apache.hadoop.ipc.ProtobufRpcEngine2$Server$ProtoBufRpcInvoker.call(ProtobufRpcEngine2.java:573) [hadoop-common-3.3.6.jar:?]
	at org.apache.hadoop.ipc.RPC$Server.call(RPC.java:1227) [hadoop-common-3.3.6.jar:?]
	at org.apache.hadoop.ipc.Server$RpcCall.run(Server.java:1094) [hadoop-common-3.3.6.jar:?]
	at org.apache.hadoop.ipc.Server$RpcCall.run(Server.java:1017) [hadoop-common-3.3.6.jar:?]
	at java.security.AccessController.doPrivileged(Native Method) ~[?:1.8.0_382]
	at javax.security.auth.Subject.doAs(Subject.java:422) [?:1.8.0_382]
	at org.apache.hadoop.security.UserGroupInformation.doAs(UserGroupInformation.java:1899) [hadoop-common-3.3.6.jar:?]
	at org.apache.hadoop.ipc.Server$Handler.run(Server.java:3048) [hadoop-common-3.3.6.jar:?]
09:13:38.002 [IPC Server handler 6 on default port 15004] ERROR OMAudit - user=runner | ip=127.0.0.1 | op=GET_FILE_STATUS {volume=volume93717, bucket=bucket43962, key=.Trash, dataSize=0, replicationConfig=null} | ret=FAILURE
org.apache.hadoop.ozone.om.exceptions.OMException: Unable to get file status: volume: volume93717 bucket: bucket43962 key: .Trash
	at org.apache.hadoop.ozone.om.KeyManagerImpl.getOzoneFileStatusFSO(KeyManagerImpl.java:1330) ~[ozone-manager-1.4.0-SNAPSHOT.jar:?]
	at org.apache.hadoop.ozone.om.KeyManagerImpl.getFileStatus(KeyManagerImpl.java:1114) ~[ozone-manager-1.4.0-SNAPSHOT.jar:?]
	at org.apache.hadoop.ozone.om.OmMetadataReader.getFileStatus(OmMetadataReader.java:266) ~[ozone-manager-1.4.0-SNAPSHOT.jar:?]
	at org.apache.hadoop.ozone.om.OzoneManager.getFileStatus(OzoneManager.java:3552) ~[ozone-manager-1.4.0-SNAPSHOT.jar:?]
	at org.apache.hadoop.ozone.protocolPB.OzoneManagerRequestHandler.getOzoneFileStatus(OzoneManagerRequestHandler.java:998) ~[ozone-manager-1.4.0-SNAPSHOT.jar:?]
	at org.apache.hadoop.ozone.protocolPB.OzoneManagerRequestHandler.handleReadRequest(OzoneManagerRequestHandler.java:259) ~[ozone-manager-1.4.0-SNAPSHOT.jar:?]
	at org.apache.hadoop.ozone.protocolPB.OzoneManagerProtocolServerSideTranslatorPB.submitReadRequestToOM(OzoneManagerProtocolServerSideTranslatorPB.java:225) ~[ozone-manager-1.4.0-SNAPSHOT.jar:?]
	at org.apache.hadoop.ozone.protocolPB.OzoneManagerProtocolServerSideTranslatorPB.processRequest(OzoneManagerProtocolServerSideTranslatorPB.java:179) ~[ozone-manager-1.4.0-SNAPSHOT.jar:?]
	at org.apache.hadoop.hdds.server.OzoneProtocolMessageDispatcher.processRequest(OzoneProtocolMessageDispatcher.java:87) [hdds-server-framework-1.4.0-SNAPSHOT.jar:?]
	at org.apache.hadoop.ozone.protocolPB.OzoneManagerProtocolServerSideTranslatorPB.submitRequest(OzoneManagerProtocolServerSideTranslatorPB.java:148) [ozone-manager-1.4.0-SNAPSHOT.jar:?]
	at org.apache.hadoop.ozone.protocol.proto.OzoneManagerProtocolProtos$OzoneManagerService$2.callBlockingMethod(OzoneManagerProtocolProtos.java) [ozone-interface-client-1.4.0-SNAPSHOT.jar:?]
	at org.apache.hadoop.ipc.ProtobufRpcEngine$Server.processCall(ProtobufRpcEngine.java:484) [hadoop-common-3.3.6.jar:?]
	at org.apache.hadoop.ipc.ProtobufRpcEngine2$Server$ProtoBufRpcInvoker.call(ProtobufRpcEngine2.java:595) [hadoop-common-3.3.6.jar:?]
	at org.apache.hadoop.ipc.ProtobufRpcEngine2$Server$ProtoBufRpcInvoker.call(ProtobufRpcEngine2.java:573) [hadoop-common-3.3.6.jar:?]
	at org.apache.hadoop.ipc.RPC$Server.call(RPC.java:1227) [hadoop-common-3.3.6.jar:?]
	at org.apache.hadoop.ipc.Server$RpcCall.run(Server.java:1094) [hadoop-common-3.3.6.jar:?]
	at org.apache.hadoop.ipc.Server$RpcCall.run(Server.java:1017) [hadoop-common-3.3.6.jar:?]
	at java.security.AccessController.doPrivileged(Native Method) ~[?:1.8.0_382]
	at javax.security.auth.Subject.doAs(Subject.java:422) [?:1.8.0_382]
	at org.apache.hadoop.security.UserGroupInformation.doAs(UserGroupInformation.java:1899) [hadoop-common-3.3.6.jar:?]
	at org.apache.hadoop.ipc.Server$Handler.run(Server.java:3048) [hadoop-common-3.3.6.jar:?]
]]></system-out>
  </testcase>
  <testcase name="testGetTrashRoots" classname="TestRootedOzoneFileSystemWithFSO" time="0.476">
    <system-out><![CDATA[2023-09-29 09:15:22,425 [Time-limited test] INFO  rpc.RpcClient (RpcClient.java:createVolume(462)) - Creating Volume: volume10322, with user32084 as owner and space quota set to -1 bytes, counts quota set to -1
2023-09-29 09:15:22,426 [IPC Server handler 3 on default port 15057] INFO  volume.OMVolumeCreateRequest (OMVolumeCreateRequest.java:validateAndUpdateCache(196)) - created volume:volume10322 for user:user32084
2023-09-29 09:15:22,427 [Time-limited test] INFO  rpc.RpcClient (RpcClient.java:createBucket(689)) - Creating Bucket: volume10322/bucket67146, with bucket layout FILE_SYSTEM_OPTIMIZED, runner as owner, Versioning false, Storage Type set to DISK and Encryption set to false, Replication Type set to server-side default replication type, Namespace Quota set to -1, Space Quota set to -1 
2023-09-29 09:15:22,428 [IPC Server handler 14 on default port 15057] INFO  bucket.OMBucketCreateRequest (OMBucketCreateRequest.java:validateAndUpdateCache(270)) - created bucket: bucket67146 of layout FILE_SYSTEM_OPTIMIZED in volume: volume10322
09:15:22.434 [IPC Server handler 2 on default port 15057] ERROR OMAudit - user=runner | ip=127.0.0.1 | op=GET_FILE_STATUS {volume=volume10322, bucket=bucket67146, key=.Trash/runner, dataSize=0, replicationConfig=null} | ret=FAILURE
org.apache.hadoop.ozone.om.exceptions.OMException: Unable to get file status: volume: volume10322 bucket: bucket67146 key: .Trash/runner
	at org.apache.hadoop.ozone.om.KeyManagerImpl.getOzoneFileStatusFSO(KeyManagerImpl.java:1330) ~[ozone-manager-1.4.0-SNAPSHOT.jar:?]
	at org.apache.hadoop.ozone.om.KeyManagerImpl.getFileStatus(KeyManagerImpl.java:1114) ~[ozone-manager-1.4.0-SNAPSHOT.jar:?]
	at org.apache.hadoop.ozone.om.OmMetadataReader.getFileStatus(OmMetadataReader.java:266) ~[ozone-manager-1.4.0-SNAPSHOT.jar:?]
	at org.apache.hadoop.ozone.om.OzoneManager.getFileStatus(OzoneManager.java:3552) ~[ozone-manager-1.4.0-SNAPSHOT.jar:?]
	at org.apache.hadoop.ozone.protocolPB.OzoneManagerRequestHandler.getOzoneFileStatus(OzoneManagerRequestHandler.java:998) ~[ozone-manager-1.4.0-SNAPSHOT.jar:?]
	at org.apache.hadoop.ozone.protocolPB.OzoneManagerRequestHandler.handleReadRequest(OzoneManagerRequestHandler.java:259) ~[ozone-manager-1.4.0-SNAPSHOT.jar:?]
	at org.apache.hadoop.ozone.protocolPB.OzoneManagerProtocolServerSideTranslatorPB.submitRequestDirectlyToOM(OzoneManagerProtocolServerSideTranslatorPB.java:274) ~[ozone-manager-1.4.0-SNAPSHOT.jar:?]
	at org.apache.hadoop.ozone.protocolPB.OzoneManagerProtocolServerSideTranslatorPB.processRequest(OzoneManagerProtocolServerSideTranslatorPB.java:175) ~[ozone-manager-1.4.0-SNAPSHOT.jar:?]
	at org.apache.hadoop.hdds.server.OzoneProtocolMessageDispatcher.processRequest(OzoneProtocolMessageDispatcher.java:87) [hdds-server-framework-1.4.0-SNAPSHOT.jar:?]
	at org.apache.hadoop.ozone.protocolPB.OzoneManagerProtocolServerSideTranslatorPB.submitRequest(OzoneManagerProtocolServerSideTranslatorPB.java:148) [ozone-manager-1.4.0-SNAPSHOT.jar:?]
	at org.apache.hadoop.ozone.protocol.proto.OzoneManagerProtocolProtos$OzoneManagerService$2.callBlockingMethod(OzoneManagerProtocolProtos.java) [ozone-interface-client-1.4.0-SNAPSHOT.jar:?]
	at org.apache.hadoop.ipc.ProtobufRpcEngine$Server.processCall(ProtobufRpcEngine.java:484) [hadoop-common-3.3.6.jar:?]
	at org.apache.hadoop.ipc.ProtobufRpcEngine2$Server$ProtoBufRpcInvoker.call(ProtobufRpcEngine2.java:595) [hadoop-common-3.3.6.jar:?]
	at org.apache.hadoop.ipc.ProtobufRpcEngine2$Server$ProtoBufRpcInvoker.call(ProtobufRpcEngine2.java:573) [hadoop-common-3.3.6.jar:?]
	at org.apache.hadoop.ipc.RPC$Server.call(RPC.java:1227) [hadoop-common-3.3.6.jar:?]
	at org.apache.hadoop.ipc.Server$RpcCall.run(Server.java:1094) [hadoop-common-3.3.6.jar:?]
	at org.apache.hadoop.ipc.Server$RpcCall.run(Server.java:1017) [hadoop-common-3.3.6.jar:?]
	at java.security.AccessController.doPrivileged(Native Method) ~[?:1.8.0_382]
	at javax.security.auth.Subject.doAs(Subject.java:422) [?:1.8.0_382]
	at org.apache.hadoop.security.UserGroupInformation.doAs(UserGroupInformation.java:1899) [hadoop-common-3.3.6.jar:?]
	at org.apache.hadoop.ipc.Server$Handler.run(Server.java:3048) [hadoop-common-3.3.6.jar:?]
09:15:22.438 [IPC Server handler 13 on default port 15057] ERROR OMAudit - user=runner | ip=127.0.0.1 | op=GET_FILE_STATUS {volume=cdde32cd-eb12-463d-ad6b-723444d040b5, bucket=faefb70f-fd0c-477d-9edc-956ad4769103, key=.Trash, dataSize=0, replicationConfig=null} | ret=FAILURE
org.apache.hadoop.ozone.om.exceptions.OMException: Unable to get file status: volume: cdde32cd-eb12-463d-ad6b-723444d040b5 bucket: faefb70f-fd0c-477d-9edc-956ad4769103 key: .Trash
	at org.apache.hadoop.ozone.om.KeyManagerImpl.getOzoneFileStatus(KeyManagerImpl.java:1198) ~[ozone-manager-1.4.0-SNAPSHOT.jar:?]
	at org.apache.hadoop.ozone.om.KeyManagerImpl.getFileStatus(KeyManagerImpl.java:1116) ~[ozone-manager-1.4.0-SNAPSHOT.jar:?]
	at org.apache.hadoop.ozone.om.OmMetadataReader.getFileStatus(OmMetadataReader.java:266) ~[ozone-manager-1.4.0-SNAPSHOT.jar:?]
	at org.apache.hadoop.ozone.om.OzoneManager.getFileStatus(OzoneManager.java:3552) ~[ozone-manager-1.4.0-SNAPSHOT.jar:?]
	at org.apache.hadoop.ozone.protocolPB.OzoneManagerRequestHandler.getOzoneFileStatus(OzoneManagerRequestHandler.java:998) ~[ozone-manager-1.4.0-SNAPSHOT.jar:?]
	at org.apache.hadoop.ozone.protocolPB.OzoneManagerRequestHandler.handleReadRequest(OzoneManagerRequestHandler.java:259) ~[ozone-manager-1.4.0-SNAPSHOT.jar:?]
	at org.apache.hadoop.ozone.protocolPB.OzoneManagerProtocolServerSideTranslatorPB.submitRequestDirectlyToOM(OzoneManagerProtocolServerSideTranslatorPB.java:274) ~[ozone-manager-1.4.0-SNAPSHOT.jar:?]
	at org.apache.hadoop.ozone.protocolPB.OzoneManagerProtocolServerSideTranslatorPB.processRequest(OzoneManagerProtocolServerSideTranslatorPB.java:175) ~[ozone-manager-1.4.0-SNAPSHOT.jar:?]
	at org.apache.hadoop.hdds.server.OzoneProtocolMessageDispatcher.processRequest(OzoneProtocolMessageDispatcher.java:87) [hdds-server-framework-1.4.0-SNAPSHOT.jar:?]
	at org.apache.hadoop.ozone.protocolPB.OzoneManagerProtocolServerSideTranslatorPB.submitRequest(OzoneManagerProtocolServerSideTranslatorPB.java:148) [ozone-manager-1.4.0-SNAPSHOT.jar:?]
	at org.apache.hadoop.ozone.protocol.proto.OzoneManagerProtocolProtos$OzoneManagerService$2.callBlockingMethod(OzoneManagerProtocolProtos.java) [ozone-interface-client-1.4.0-SNAPSHOT.jar:?]
	at org.apache.hadoop.ipc.ProtobufRpcEngine$Server.processCall(ProtobufRpcEngine.java:484) [hadoop-common-3.3.6.jar:?]
	at org.apache.hadoop.ipc.ProtobufRpcEngine2$Server$ProtoBufRpcInvoker.call(ProtobufRpcEngine2.java:595) [hadoop-common-3.3.6.jar:?]
	at org.apache.hadoop.ipc.ProtobufRpcEngine2$Server$ProtoBufRpcInvoker.call(ProtobufRpcEngine2.java:573) [hadoop-common-3.3.6.jar:?]
	at org.apache.hadoop.ipc.RPC$Server.call(RPC.java:1227) [hadoop-common-3.3.6.jar:?]
	at org.apache.hadoop.ipc.Server$RpcCall.run(Server.java:1094) [hadoop-common-3.3.6.jar:?]
	at org.apache.hadoop.ipc.Server$RpcCall.run(Server.java:1017) [hadoop-common-3.3.6.jar:?]
	at java.security.AccessController.doPrivileged(Native Method) ~[?:1.8.0_382]
	at javax.security.auth.Subject.doAs(Subject.java:422) [?:1.8.0_382]
	at org.apache.hadoop.security.UserGroupInformation.doAs(UserGroupInformation.java:1899) [hadoop-common-3.3.6.jar:?]
	at org.apache.hadoop.ipc.Server$Handler.run(Server.java:3048) [hadoop-common-3.3.6.jar:?]
09:15:22.442 [IPC Server handler 10 on default port 15057] ERROR OMAudit - user=runner | ip=127.0.0.1 | op=GET_FILE_STATUS {volume=volume10322, bucket=bucket67146, key=.Trash, dataSize=0, replicationConfig=null} | ret=FAILURE
org.apache.hadoop.ozone.om.exceptions.OMException: Unable to get file status: volume: volume10322 bucket: bucket67146 key: .Trash
	at org.apache.hadoop.ozone.om.KeyManagerImpl.getOzoneFileStatusFSO(KeyManagerImpl.java:1330) ~[ozone-manager-1.4.0-SNAPSHOT.jar:?]
	at org.apache.hadoop.ozone.om.KeyManagerImpl.getFileStatus(KeyManagerImpl.java:1114) ~[ozone-manager-1.4.0-SNAPSHOT.jar:?]
	at org.apache.hadoop.ozone.om.OmMetadataReader.getFileStatus(OmMetadataReader.java:266) ~[ozone-manager-1.4.0-SNAPSHOT.jar:?]
	at org.apache.hadoop.ozone.om.OzoneManager.getFileStatus(OzoneManager.java:3552) ~[ozone-manager-1.4.0-SNAPSHOT.jar:?]
	at org.apache.hadoop.ozone.protocolPB.OzoneManagerRequestHandler.getOzoneFileStatus(OzoneManagerRequestHandler.java:998) ~[ozone-manager-1.4.0-SNAPSHOT.jar:?]
	at org.apache.hadoop.ozone.protocolPB.OzoneManagerRequestHandler.handleReadRequest(OzoneManagerRequestHandler.java:259) ~[ozone-manager-1.4.0-SNAPSHOT.jar:?]
	at org.apache.hadoop.ozone.protocolPB.OzoneManagerProtocolServerSideTranslatorPB.submitRequestDirectlyToOM(OzoneManagerProtocolServerSideTranslatorPB.java:274) ~[ozone-manager-1.4.0-SNAPSHOT.jar:?]
	at org.apache.hadoop.ozone.protocolPB.OzoneManagerProtocolServerSideTranslatorPB.processRequest(OzoneManagerProtocolServerSideTranslatorPB.java:175) ~[ozone-manager-1.4.0-SNAPSHOT.jar:?]
	at org.apache.hadoop.hdds.server.OzoneProtocolMessageDispatcher.processRequest(OzoneProtocolMessageDispatcher.java:87) [hdds-server-framework-1.4.0-SNAPSHOT.jar:?]
	at org.apache.hadoop.ozone.protocolPB.OzoneManagerProtocolServerSideTranslatorPB.submitRequest(OzoneManagerProtocolServerSideTranslatorPB.java:148) [ozone-manager-1.4.0-SNAPSHOT.jar:?]
	at org.apache.hadoop.ozone.protocol.proto.OzoneManagerProtocolProtos$OzoneManagerService$2.callBlockingMethod(OzoneManagerProtocolProtos.java) [ozone-interface-client-1.4.0-SNAPSHOT.jar:?]
	at org.apache.hadoop.ipc.ProtobufRpcEngine$Server.processCall(ProtobufRpcEngine.java:484) [hadoop-common-3.3.6.jar:?]
	at org.apache.hadoop.ipc.ProtobufRpcEngine2$Server$ProtoBufRpcInvoker.call(ProtobufRpcEngine2.java:595) [hadoop-common-3.3.6.jar:?]
	at org.apache.hadoop.ipc.ProtobufRpcEngine2$Server$ProtoBufRpcInvoker.call(ProtobufRpcEngine2.java:573) [hadoop-common-3.3.6.jar:?]
	at org.apache.hadoop.ipc.RPC$Server.call(RPC.java:1227) [hadoop-common-3.3.6.jar:?]
	at org.apache.hadoop.ipc.Server$RpcCall.run(Server.java:1094) [hadoop-common-3.3.6.jar:?]
	at org.apache.hadoop.ipc.Server$RpcCall.run(Server.java:1017) [hadoop-common-3.3.6.jar:?]
	at java.security.AccessController.doPrivileged(Native Method) ~[?:1.8.0_382]
	at javax.security.auth.Subject.doAs(Subject.java:422) [?:1.8.0_382]
	at org.apache.hadoop.security.UserGroupInformation.doAs(UserGroupInformation.java:1899) [hadoop-common-3.3.6.jar:?]
	at org.apache.hadoop.ipc.Server$Handler.run(Server.java:3048) [hadoop-common-3.3.6.jar:?]
09:15:22.445 [IPC Server handler 16 on default port 15057] ERROR OMAudit - user=runner | ip=127.0.0.1 | op=GET_FILE_STATUS {volume=volume85451, bucket=bucket13686, key=.Trash, dataSize=0, replicationConfig=null} | ret=FAILURE
org.apache.hadoop.ozone.om.exceptions.OMException: Unable to get file status: volume: volume85451 bucket: bucket13686 key: .Trash
	at org.apache.hadoop.ozone.om.KeyManagerImpl.getOzoneFileStatusFSO(KeyManagerImpl.java:1330) ~[ozone-manager-1.4.0-SNAPSHOT.jar:?]
	at org.apache.hadoop.ozone.om.KeyManagerImpl.getFileStatus(KeyManagerImpl.java:1114) ~[ozone-manager-1.4.0-SNAPSHOT.jar:?]
	at org.apache.hadoop.ozone.om.OmMetadataReader.getFileStatus(OmMetadataReader.java:266) ~[ozone-manager-1.4.0-SNAPSHOT.jar:?]
	at org.apache.hadoop.ozone.om.OzoneManager.getFileStatus(OzoneManager.java:3552) ~[ozone-manager-1.4.0-SNAPSHOT.jar:?]
	at org.apache.hadoop.ozone.protocolPB.OzoneManagerRequestHandler.getOzoneFileStatus(OzoneManagerRequestHandler.java:998) ~[ozone-manager-1.4.0-SNAPSHOT.jar:?]
	at org.apache.hadoop.ozone.protocolPB.OzoneManagerRequestHandler.handleReadRequest(OzoneManagerRequestHandler.java:259) ~[ozone-manager-1.4.0-SNAPSHOT.jar:?]
	at org.apache.hadoop.ozone.protocolPB.OzoneManagerProtocolServerSideTranslatorPB.submitRequestDirectlyToOM(OzoneManagerProtocolServerSideTranslatorPB.java:274) ~[ozone-manager-1.4.0-SNAPSHOT.jar:?]
	at org.apache.hadoop.ozone.protocolPB.OzoneManagerProtocolServerSideTranslatorPB.processRequest(OzoneManagerProtocolServerSideTranslatorPB.java:175) ~[ozone-manager-1.4.0-SNAPSHOT.jar:?]
	at org.apache.hadoop.hdds.server.OzoneProtocolMessageDispatcher.processRequest(OzoneProtocolMessageDispatcher.java:87) [hdds-server-framework-1.4.0-SNAPSHOT.jar:?]
	at org.apache.hadoop.ozone.protocolPB.OzoneManagerProtocolServerSideTranslatorPB.submitRequest(OzoneManagerProtocolServerSideTranslatorPB.java:148) [ozone-manager-1.4.0-SNAPSHOT.jar:?]
	at org.apache.hadoop.ozone.protocol.proto.OzoneManagerProtocolProtos$OzoneManagerService$2.callBlockingMethod(OzoneManagerProtocolProtos.java) [ozone-interface-client-1.4.0-SNAPSHOT.jar:?]
	at org.apache.hadoop.ipc.ProtobufRpcEngine$Server.processCall(ProtobufRpcEngine.java:484) [hadoop-common-3.3.6.jar:?]
	at org.apache.hadoop.ipc.ProtobufRpcEngine2$Server$ProtoBufRpcInvoker.call(ProtobufRpcEngine2.java:595) [hadoop-common-3.3.6.jar:?]
	at org.apache.hadoop.ipc.ProtobufRpcEngine2$Server$ProtoBufRpcInvoker.call(ProtobufRpcEngine2.java:573) [hadoop-common-3.3.6.jar:?]
	at org.apache.hadoop.ipc.RPC$Server.call(RPC.java:1227) [hadoop-common-3.3.6.jar:?]
	at org.apache.hadoop.ipc.Server$RpcCall.run(Server.java:1094) [hadoop-common-3.3.6.jar:?]
	at org.apache.hadoop.ipc.Server$RpcCall.run(Server.java:1017) [hadoop-common-3.3.6.jar:?]
	at java.security.AccessController.doPrivileged(Native Method) ~[?:1.8.0_382]
	at javax.security.auth.Subject.doAs(Subject.java:422) [?:1.8.0_382]
	at org.apache.hadoop.security.UserGroupInformation.doAs(UserGroupInformation.java:1899) [hadoop-common-3.3.6.jar:?]
	at org.apache.hadoop.ipc.Server$Handler.run(Server.java:3048) [hadoop-common-3.3.6.jar:?]
09:15:22.470 [IPC Server handler 15 on default port 15057] ERROR OMAudit - user=runner | ip=127.0.0.1 | op=GET_FILE_STATUS {volume=cdde32cd-eb12-463d-ad6b-723444d040b5, bucket=faefb70f-fd0c-477d-9edc-956ad4769103, key=.Trash, dataSize=0, replicationConfig=null} | ret=FAILURE
org.apache.hadoop.ozone.om.exceptions.OMException: Unable to get file status: volume: cdde32cd-eb12-463d-ad6b-723444d040b5 bucket: faefb70f-fd0c-477d-9edc-956ad4769103 key: .Trash
	at org.apache.hadoop.ozone.om.KeyManagerImpl.getOzoneFileStatus(KeyManagerImpl.java:1198) ~[ozone-manager-1.4.0-SNAPSHOT.jar:?]
	at org.apache.hadoop.ozone.om.KeyManagerImpl.getFileStatus(KeyManagerImpl.java:1116) ~[ozone-manager-1.4.0-SNAPSHOT.jar:?]
	at org.apache.hadoop.ozone.om.OmMetadataReader.getFileStatus(OmMetadataReader.java:266) ~[ozone-manager-1.4.0-SNAPSHOT.jar:?]
	at org.apache.hadoop.ozone.om.OzoneManager.getFileStatus(OzoneManager.java:3552) ~[ozone-manager-1.4.0-SNAPSHOT.jar:?]
	at org.apache.hadoop.ozone.protocolPB.OzoneManagerRequestHandler.getOzoneFileStatus(OzoneManagerRequestHandler.java:998) ~[ozone-manager-1.4.0-SNAPSHOT.jar:?]
	at org.apache.hadoop.ozone.protocolPB.OzoneManagerRequestHandler.handleReadRequest(OzoneManagerRequestHandler.java:259) ~[ozone-manager-1.4.0-SNAPSHOT.jar:?]
	at org.apache.hadoop.ozone.protocolPB.OzoneManagerProtocolServerSideTranslatorPB.submitRequestDirectlyToOM(OzoneManagerProtocolServerSideTranslatorPB.java:274) ~[ozone-manager-1.4.0-SNAPSHOT.jar:?]
	at org.apache.hadoop.ozone.protocolPB.OzoneManagerProtocolServerSideTranslatorPB.processRequest(OzoneManagerProtocolServerSideTranslatorPB.java:175) ~[ozone-manager-1.4.0-SNAPSHOT.jar:?]
	at org.apache.hadoop.hdds.server.OzoneProtocolMessageDispatcher.processRequest(OzoneProtocolMessageDispatcher.java:87) [hdds-server-framework-1.4.0-SNAPSHOT.jar:?]
	at org.apache.hadoop.ozone.protocolPB.OzoneManagerProtocolServerSideTranslatorPB.submitRequest(OzoneManagerProtocolServerSideTranslatorPB.java:148) [ozone-manager-1.4.0-SNAPSHOT.jar:?]
	at org.apache.hadoop.ozone.protocol.proto.OzoneManagerProtocolProtos$OzoneManagerService$2.callBlockingMethod(OzoneManagerProtocolProtos.java) [ozone-interface-client-1.4.0-SNAPSHOT.jar:?]
	at org.apache.hadoop.ipc.ProtobufRpcEngine$Server.processCall(ProtobufRpcEngine.java:484) [hadoop-common-3.3.6.jar:?]
	at org.apache.hadoop.ipc.ProtobufRpcEngine2$Server$ProtoBufRpcInvoker.call(ProtobufRpcEngine2.java:595) [hadoop-common-3.3.6.jar:?]
	at org.apache.hadoop.ipc.ProtobufRpcEngine2$Server$ProtoBufRpcInvoker.call(ProtobufRpcEngine2.java:573) [hadoop-common-3.3.6.jar:?]
	at org.apache.hadoop.ipc.RPC$Server.call(RPC.java:1227) [hadoop-common-3.3.6.jar:?]
	at org.apache.hadoop.ipc.Server$RpcCall.run(Server.java:1094) [hadoop-common-3.3.6.jar:?]
	at org.apache.hadoop.ipc.Server$RpcCall.run(Server.java:1017) [hadoop-common-3.3.6.jar:?]
	at java.security.AccessController.doPrivileged(Native Method) ~[?:1.8.0_382]
	at javax.security.auth.Subject.doAs(Subject.java:422) [?:1.8.0_382]
	at org.apache.hadoop.security.UserGroupInformation.doAs(UserGroupInformation.java:1899) [hadoop-common-3.3.6.jar:?]
	at org.apache.hadoop.ipc.Server$Handler.run(Server.java:3048) [hadoop-common-3.3.6.jar:?]
09:15:22.478 [IPC Server handler 8 on default port 15057] ERROR OMAudit - user=runner | ip=127.0.0.1 | op=GET_FILE_STATUS {volume=volume85451, bucket=bucket13686, key=.Trash, dataSize=0, replicationConfig=null} | ret=FAILURE
org.apache.hadoop.ozone.om.exceptions.OMException: Unable to get file status: volume: volume85451 bucket: bucket13686 key: .Trash
	at org.apache.hadoop.ozone.om.KeyManagerImpl.getOzoneFileStatusFSO(KeyManagerImpl.java:1330) ~[ozone-manager-1.4.0-SNAPSHOT.jar:?]
	at org.apache.hadoop.ozone.om.KeyManagerImpl.getFileStatus(KeyManagerImpl.java:1114) ~[ozone-manager-1.4.0-SNAPSHOT.jar:?]
	at org.apache.hadoop.ozone.om.OmMetadataReader.getFileStatus(OmMetadataReader.java:266) ~[ozone-manager-1.4.0-SNAPSHOT.jar:?]
	at org.apache.hadoop.ozone.om.OzoneManager.getFileStatus(OzoneManager.java:3552) ~[ozone-manager-1.4.0-SNAPSHOT.jar:?]
	at org.apache.hadoop.ozone.protocolPB.OzoneManagerRequestHandler.getOzoneFileStatus(OzoneManagerRequestHandler.java:998) ~[ozone-manager-1.4.0-SNAPSHOT.jar:?]
	at org.apache.hadoop.ozone.protocolPB.OzoneManagerRequestHandler.handleReadRequest(OzoneManagerRequestHandler.java:259) ~[ozone-manager-1.4.0-SNAPSHOT.jar:?]
	at org.apache.hadoop.ozone.protocolPB.OzoneManagerProtocolServerSideTranslatorPB.submitRequestDirectlyToOM(OzoneManagerProtocolServerSideTranslatorPB.java:274) ~[ozone-manager-1.4.0-SNAPSHOT.jar:?]
	at org.apache.hadoop.ozone.protocolPB.OzoneManagerProtocolServerSideTranslatorPB.processRequest(OzoneManagerProtocolServerSideTranslatorPB.java:175) ~[ozone-manager-1.4.0-SNAPSHOT.jar:?]
	at org.apache.hadoop.hdds.server.OzoneProtocolMessageDispatcher.processRequest(OzoneProtocolMessageDispatcher.java:87) [hdds-server-framework-1.4.0-SNAPSHOT.jar:?]
	at org.apache.hadoop.ozone.protocolPB.OzoneManagerProtocolServerSideTranslatorPB.submitRequest(OzoneManagerProtocolServerSideTranslatorPB.java:148) [ozone-manager-1.4.0-SNAPSHOT.jar:?]
	at org.apache.hadoop.ozone.protocol.proto.OzoneManagerProtocolProtos$OzoneManagerService$2.callBlockingMethod(OzoneManagerProtocolProtos.java) [ozone-interface-client-1.4.0-SNAPSHOT.jar:?]
	at org.apache.hadoop.ipc.ProtobufRpcEngine$Server.processCall(ProtobufRpcEngine.java:484) [hadoop-common-3.3.6.jar:?]
	at org.apache.hadoop.ipc.ProtobufRpcEngine2$Server$ProtoBufRpcInvoker.call(ProtobufRpcEngine2.java:595) [hadoop-common-3.3.6.jar:?]
	at org.apache.hadoop.ipc.ProtobufRpcEngine2$Server$ProtoBufRpcInvoker.call(ProtobufRpcEngine2.java:573) [hadoop-common-3.3.6.jar:?]
	at org.apache.hadoop.ipc.RPC$Server.call(RPC.java:1227) [hadoop-common-3.3.6.jar:?]
	at org.apache.hadoop.ipc.Server$RpcCall.run(Server.java:1094) [hadoop-common-3.3.6.jar:?]
	at org.apache.hadoop.ipc.Server$RpcCall.run(Server.java:1017) [hadoop-common-3.3.6.jar:?]
	at java.security.AccessController.doPrivileged(Native Method) ~[?:1.8.0_382]
	at javax.security.auth.Subject.doAs(Subject.java:422) [?:1.8.0_382]
	at org.apache.hadoop.security.UserGroupInformation.doAs(UserGroupInformation.java:1899) [hadoop-common-3.3.6.jar:?]
	at org.apache.hadoop.ipc.Server$Handler.run(Server.java:3048) [hadoop-common-3.3.6.jar:?]
09:15:22.490 [IPC Server handler 13 on default port 15057] ERROR OMAudit - user=runner | ip=127.0.0.1 | op=GET_FILE_STATUS {volume=cdde32cd-eb12-463d-ad6b-723444d040b5, bucket=faefb70f-fd0c-477d-9edc-956ad4769103, key=.Trash, dataSize=0, replicationConfig=null} | ret=FAILURE
org.apache.hadoop.ozone.om.exceptions.OMException: Unable to get file status: volume: cdde32cd-eb12-463d-ad6b-723444d040b5 bucket: faefb70f-fd0c-477d-9edc-956ad4769103 key: .Trash
	at org.apache.hadoop.ozone.om.KeyManagerImpl.getOzoneFileStatus(KeyManagerImpl.java:1198) ~[ozone-manager-1.4.0-SNAPSHOT.jar:?]
	at org.apache.hadoop.ozone.om.KeyManagerImpl.getFileStatus(KeyManagerImpl.java:1116) ~[ozone-manager-1.4.0-SNAPSHOT.jar:?]
	at org.apache.hadoop.ozone.om.OmMetadataReader.getFileStatus(OmMetadataReader.java:266) ~[ozone-manager-1.4.0-SNAPSHOT.jar:?]
	at org.apache.hadoop.ozone.om.OzoneManager.getFileStatus(OzoneManager.java:3552) ~[ozone-manager-1.4.0-SNAPSHOT.jar:?]
	at org.apache.hadoop.ozone.protocolPB.OzoneManagerRequestHandler.getOzoneFileStatus(OzoneManagerRequestHandler.java:998) ~[ozone-manager-1.4.0-SNAPSHOT.jar:?]
	at org.apache.hadoop.ozone.protocolPB.OzoneManagerRequestHandler.handleReadRequest(OzoneManagerRequestHandler.java:259) ~[ozone-manager-1.4.0-SNAPSHOT.jar:?]
	at org.apache.hadoop.ozone.protocolPB.OzoneManagerProtocolServerSideTranslatorPB.submitRequestDirectlyToOM(OzoneManagerProtocolServerSideTranslatorPB.java:274) ~[ozone-manager-1.4.0-SNAPSHOT.jar:?]
	at org.apache.hadoop.ozone.protocolPB.OzoneManagerProtocolServerSideTranslatorPB.processRequest(OzoneManagerProtocolServerSideTranslatorPB.java:175) ~[ozone-manager-1.4.0-SNAPSHOT.jar:?]
	at org.apache.hadoop.hdds.server.OzoneProtocolMessageDispatcher.processRequest(OzoneProtocolMessageDispatcher.java:87) [hdds-server-framework-1.4.0-SNAPSHOT.jar:?]
	at org.apache.hadoop.ozone.protocolPB.OzoneManagerProtocolServerSideTranslatorPB.submitRequest(OzoneManagerProtocolServerSideTranslatorPB.java:148) [ozone-manager-1.4.0-SNAPSHOT.jar:?]
	at org.apache.hadoop.ozone.protocol.proto.OzoneManagerProtocolProtos$OzoneManagerService$2.callBlockingMethod(OzoneManagerProtocolProtos.java) [ozone-interface-client-1.4.0-SNAPSHOT.jar:?]
	at org.apache.hadoop.ipc.ProtobufRpcEngine$Server.processCall(ProtobufRpcEngine.java:484) [hadoop-common-3.3.6.jar:?]
	at org.apache.hadoop.ipc.ProtobufRpcEngine2$Server$ProtoBufRpcInvoker.call(ProtobufRpcEngine2.java:595) [hadoop-common-3.3.6.jar:?]
	at org.apache.hadoop.ipc.ProtobufRpcEngine2$Server$ProtoBufRpcInvoker.call(ProtobufRpcEngine2.java:573) [hadoop-common-3.3.6.jar:?]
	at org.apache.hadoop.ipc.RPC$Server.call(RPC.java:1227) [hadoop-common-3.3.6.jar:?]
	at org.apache.hadoop.ipc.Server$RpcCall.run(Server.java:1094) [hadoop-common-3.3.6.jar:?]
	at org.apache.hadoop.ipc.Server$RpcCall.run(Server.java:1017) [hadoop-common-3.3.6.jar:?]
	at java.security.AccessController.doPrivileged(Native Method) ~[?:1.8.0_382]
	at javax.security.auth.Subject.doAs(Subject.java:422) [?:1.8.0_382]
	at org.apache.hadoop.security.UserGroupInformation.doAs(UserGroupInformation.java:1899) [hadoop-common-3.3.6.jar:?]
	at org.apache.hadoop.ipc.Server$Handler.run(Server.java:3048) [hadoop-common-3.3.6.jar:?]
09:15:22.500 [IPC Server handler 0 on default port 15057] ERROR OMAudit - user=runner | ip=127.0.0.1 | op=GET_FILE_STATUS {volume=volume85451, bucket=bucket13686, key=.Trash, dataSize=0, replicationConfig=null} | ret=FAILURE
org.apache.hadoop.ozone.om.exceptions.OMException: Unable to get file status: volume: volume85451 bucket: bucket13686 key: .Trash
	at org.apache.hadoop.ozone.om.KeyManagerImpl.getOzoneFileStatusFSO(KeyManagerImpl.java:1330) ~[ozone-manager-1.4.0-SNAPSHOT.jar:?]
	at org.apache.hadoop.ozone.om.KeyManagerImpl.getFileStatus(KeyManagerImpl.java:1114) ~[ozone-manager-1.4.0-SNAPSHOT.jar:?]
	at org.apache.hadoop.ozone.om.OmMetadataReader.getFileStatus(OmMetadataReader.java:266) ~[ozone-manager-1.4.0-SNAPSHOT.jar:?]
	at org.apache.hadoop.ozone.om.OzoneManager.getFileStatus(OzoneManager.java:3552) ~[ozone-manager-1.4.0-SNAPSHOT.jar:?]
	at org.apache.hadoop.ozone.protocolPB.OzoneManagerRequestHandler.getOzoneFileStatus(OzoneManagerRequestHandler.java:998) ~[ozone-manager-1.4.0-SNAPSHOT.jar:?]
	at org.apache.hadoop.ozone.protocolPB.OzoneManagerRequestHandler.handleReadRequest(OzoneManagerRequestHandler.java:259) ~[ozone-manager-1.4.0-SNAPSHOT.jar:?]
	at org.apache.hadoop.ozone.protocolPB.OzoneManagerProtocolServerSideTranslatorPB.submitRequestDirectlyToOM(OzoneManagerProtocolServerSideTranslatorPB.java:274) ~[ozone-manager-1.4.0-SNAPSHOT.jar:?]
	at org.apache.hadoop.ozone.protocolPB.OzoneManagerProtocolServerSideTranslatorPB.processRequest(OzoneManagerProtocolServerSideTranslatorPB.java:175) ~[ozone-manager-1.4.0-SNAPSHOT.jar:?]
	at org.apache.hadoop.hdds.server.OzoneProtocolMessageDispatcher.processRequest(OzoneProtocolMessageDispatcher.java:87) [hdds-server-framework-1.4.0-SNAPSHOT.jar:?]
	at org.apache.hadoop.ozone.protocolPB.OzoneManagerProtocolServerSideTranslatorPB.submitRequest(OzoneManagerProtocolServerSideTranslatorPB.java:148) [ozone-manager-1.4.0-SNAPSHOT.jar:?]
	at org.apache.hadoop.ozone.protocol.proto.OzoneManagerProtocolProtos$OzoneManagerService$2.callBlockingMethod(OzoneManagerProtocolProtos.java) [ozone-interface-client-1.4.0-SNAPSHOT.jar:?]
	at org.apache.hadoop.ipc.ProtobufRpcEngine$Server.processCall(ProtobufRpcEngine.java:484) [hadoop-common-3.3.6.jar:?]
	at org.apache.hadoop.ipc.ProtobufRpcEngine2$Server$ProtoBufRpcInvoker.call(ProtobufRpcEngine2.java:595) [hadoop-common-3.3.6.jar:?]
	at org.apache.hadoop.ipc.ProtobufRpcEngine2$Server$ProtoBufRpcInvoker.call(ProtobufRpcEngine2.java:573) [hadoop-common-3.3.6.jar:?]
	at org.apache.hadoop.ipc.RPC$Server.call(RPC.java:1227) [hadoop-common-3.3.6.jar:?]
	at org.apache.hadoop.ipc.Server$RpcCall.run(Server.java:1094) [hadoop-common-3.3.6.jar:?]
	at org.apache.hadoop.ipc.Server$RpcCall.run(Server.java:1017) [hadoop-common-3.3.6.jar:?]
	at java.security.AccessController.doPrivileged(Native Method) ~[?:1.8.0_382]
	at javax.security.auth.Subject.doAs(Subject.java:422) [?:1.8.0_382]
	at org.apache.hadoop.security.UserGroupInformation.doAs(UserGroupInformation.java:1899) [hadoop-common-3.3.6.jar:?]
	at org.apache.hadoop.ipc.Server$Handler.run(Server.java:3048) [hadoop-common-3.3.6.jar:?]
2023-09-29 09:15:22,505 [Time-limited test] INFO  rpc.RpcClient (RpcClient.java:createBucket(689)) - Creating Bucket: volume10322/trashroottest2, with bucket layout FILE_SYSTEM_OPTIMIZED, runner as owner, Versioning false, Storage Type set to DISK and Encryption set to false, Replication Type set to server-side default replication type, Namespace Quota set to -1, Space Quota set to -1 
2023-09-29 09:15:22,505 [IPC Server handler 7 on default port 15057] INFO  bucket.OMBucketCreateRequest (OMBucketCreateRequest.java:validateAndUpdateCache(270)) - created bucket: trashroottest2 of layout FILE_SYSTEM_OPTIMIZED in volume: volume10322
09:15:22.559 [IPC Server handler 13 on default port 15057] ERROR OMAudit - user=runner | ip=127.0.0.1 | op=GET_FILE_STATUS {volume=cdde32cd-eb12-463d-ad6b-723444d040b5, bucket=faefb70f-fd0c-477d-9edc-956ad4769103, key=.Trash, dataSize=0, replicationConfig=null} | ret=FAILURE
org.apache.hadoop.ozone.om.exceptions.OMException: Unable to get file status: volume: cdde32cd-eb12-463d-ad6b-723444d040b5 bucket: faefb70f-fd0c-477d-9edc-956ad4769103 key: .Trash
	at org.apache.hadoop.ozone.om.KeyManagerImpl.getOzoneFileStatus(KeyManagerImpl.java:1198) ~[ozone-manager-1.4.0-SNAPSHOT.jar:?]
	at org.apache.hadoop.ozone.om.KeyManagerImpl.getFileStatus(KeyManagerImpl.java:1116) ~[ozone-manager-1.4.0-SNAPSHOT.jar:?]
	at org.apache.hadoop.ozone.om.OmMetadataReader.getFileStatus(OmMetadataReader.java:266) ~[ozone-manager-1.4.0-SNAPSHOT.jar:?]
	at org.apache.hadoop.ozone.om.OzoneManager.getFileStatus(OzoneManager.java:3552) ~[ozone-manager-1.4.0-SNAPSHOT.jar:?]
	at org.apache.hadoop.ozone.protocolPB.OzoneManagerRequestHandler.getOzoneFileStatus(OzoneManagerRequestHandler.java:998) ~[ozone-manager-1.4.0-SNAPSHOT.jar:?]
	at org.apache.hadoop.ozone.protocolPB.OzoneManagerRequestHandler.handleReadRequest(OzoneManagerRequestHandler.java:259) ~[ozone-manager-1.4.0-SNAPSHOT.jar:?]
	at org.apache.hadoop.ozone.protocolPB.OzoneManagerProtocolServerSideTranslatorPB.submitRequestDirectlyToOM(OzoneManagerProtocolServerSideTranslatorPB.java:274) ~[ozone-manager-1.4.0-SNAPSHOT.jar:?]
	at org.apache.hadoop.ozone.protocolPB.OzoneManagerProtocolServerSideTranslatorPB.processRequest(OzoneManagerProtocolServerSideTranslatorPB.java:175) ~[ozone-manager-1.4.0-SNAPSHOT.jar:?]
	at org.apache.hadoop.hdds.server.OzoneProtocolMessageDispatcher.processRequest(OzoneProtocolMessageDispatcher.java:87) [hdds-server-framework-1.4.0-SNAPSHOT.jar:?]
	at org.apache.hadoop.ozone.protocolPB.OzoneManagerProtocolServerSideTranslatorPB.submitRequest(OzoneManagerProtocolServerSideTranslatorPB.java:148) [ozone-manager-1.4.0-SNAPSHOT.jar:?]
	at org.apache.hadoop.ozone.protocol.proto.OzoneManagerProtocolProtos$OzoneManagerService$2.callBlockingMethod(OzoneManagerProtocolProtos.java) [ozone-interface-client-1.4.0-SNAPSHOT.jar:?]
	at org.apache.hadoop.ipc.ProtobufRpcEngine$Server.processCall(ProtobufRpcEngine.java:484) [hadoop-common-3.3.6.jar:?]
	at org.apache.hadoop.ipc.ProtobufRpcEngine2$Server$ProtoBufRpcInvoker.call(ProtobufRpcEngine2.java:595) [hadoop-common-3.3.6.jar:?]
	at org.apache.hadoop.ipc.ProtobufRpcEngine2$Server$ProtoBufRpcInvoker.call(ProtobufRpcEngine2.java:573) [hadoop-common-3.3.6.jar:?]
	at org.apache.hadoop.ipc.RPC$Server.call(RPC.java:1227) [hadoop-common-3.3.6.jar:?]
	at org.apache.hadoop.ipc.Server$RpcCall.run(Server.java:1094) [hadoop-common-3.3.6.jar:?]
	at org.apache.hadoop.ipc.Server$RpcCall.run(Server.java:1017) [hadoop-common-3.3.6.jar:?]
	at java.security.AccessController.doPrivileged(Native Method) ~[?:1.8.0_382]
	at javax.security.auth.Subject.doAs(Subject.java:422) [?:1.8.0_382]
	at org.apache.hadoop.security.UserGroupInformation.doAs(UserGroupInformation.java:1899) [hadoop-common-3.3.6.jar:?]
	at org.apache.hadoop.ipc.Server$Handler.run(Server.java:3048) [hadoop-common-3.3.6.jar:?]
09:15:22.578 [IPC Server handler 8 on default port 15057] ERROR OMAudit - user=runner | ip=127.0.0.1 | op=GET_FILE_STATUS {volume=volume85451, bucket=bucket13686, key=.Trash, dataSize=0, replicationConfig=null} | ret=FAILURE
org.apache.hadoop.ozone.om.exceptions.OMException: Unable to get file status: volume: volume85451 bucket: bucket13686 key: .Trash
	at org.apache.hadoop.ozone.om.KeyManagerImpl.getOzoneFileStatusFSO(KeyManagerImpl.java:1330) ~[ozone-manager-1.4.0-SNAPSHOT.jar:?]
	at org.apache.hadoop.ozone.om.KeyManagerImpl.getFileStatus(KeyManagerImpl.java:1114) ~[ozone-manager-1.4.0-SNAPSHOT.jar:?]
	at org.apache.hadoop.ozone.om.OmMetadataReader.getFileStatus(OmMetadataReader.java:266) ~[ozone-manager-1.4.0-SNAPSHOT.jar:?]
	at org.apache.hadoop.ozone.om.OzoneManager.getFileStatus(OzoneManager.java:3552) ~[ozone-manager-1.4.0-SNAPSHOT.jar:?]
	at org.apache.hadoop.ozone.protocolPB.OzoneManagerRequestHandler.getOzoneFileStatus(OzoneManagerRequestHandler.java:998) ~[ozone-manager-1.4.0-SNAPSHOT.jar:?]
	at org.apache.hadoop.ozone.protocolPB.OzoneManagerRequestHandler.handleReadRequest(OzoneManagerRequestHandler.java:259) ~[ozone-manager-1.4.0-SNAPSHOT.jar:?]
	at org.apache.hadoop.ozone.protocolPB.OzoneManagerProtocolServerSideTranslatorPB.submitRequestDirectlyToOM(OzoneManagerProtocolServerSideTranslatorPB.java:274) ~[ozone-manager-1.4.0-SNAPSHOT.jar:?]
	at org.apache.hadoop.ozone.protocolPB.OzoneManagerProtocolServerSideTranslatorPB.processRequest(OzoneManagerProtocolServerSideTranslatorPB.java:175) ~[ozone-manager-1.4.0-SNAPSHOT.jar:?]
	at org.apache.hadoop.hdds.server.OzoneProtocolMessageDispatcher.processRequest(OzoneProtocolMessageDispatcher.java:87) [hdds-server-framework-1.4.0-SNAPSHOT.jar:?]
	at org.apache.hadoop.ozone.protocolPB.OzoneManagerProtocolServerSideTranslatorPB.submitRequest(OzoneManagerProtocolServerSideTranslatorPB.java:148) [ozone-manager-1.4.0-SNAPSHOT.jar:?]
	at org.apache.hadoop.ozone.protocol.proto.OzoneManagerProtocolProtos$OzoneManagerService$2.callBlockingMethod(OzoneManagerProtocolProtos.java) [ozone-interface-client-1.4.0-SNAPSHOT.jar:?]
	at org.apache.hadoop.ipc.ProtobufRpcEngine$Server.processCall(ProtobufRpcEngine.java:484) [hadoop-common-3.3.6.jar:?]
	at org.apache.hadoop.ipc.ProtobufRpcEngine2$Server$ProtoBufRpcInvoker.call(ProtobufRpcEngine2.java:595) [hadoop-common-3.3.6.jar:?]
	at org.apache.hadoop.ipc.ProtobufRpcEngine2$Server$ProtoBufRpcInvoker.call(ProtobufRpcEngine2.java:573) [hadoop-common-3.3.6.jar:?]
	at org.apache.hadoop.ipc.RPC$Server.call(RPC.java:1227) [hadoop-common-3.3.6.jar:?]
	at org.apache.hadoop.ipc.Server$RpcCall.run(Server.java:1094) [hadoop-common-3.3.6.jar:?]
	at org.apache.hadoop.ipc.Server$RpcCall.run(Server.java:1017) [hadoop-common-3.3.6.jar:?]
	at java.security.AccessController.doPrivileged(Native Method) ~[?:1.8.0_382]
	at javax.security.auth.Subject.doAs(Subject.java:422) [?:1.8.0_382]
	at org.apache.hadoop.security.UserGroupInformation.doAs(UserGroupInformation.java:1899) [hadoop-common-3.3.6.jar:?]
	at org.apache.hadoop.ipc.Server$Handler.run(Server.java:3048) [hadoop-common-3.3.6.jar:?]
09:15:22.603 [IPC Server handler 1 on default port 15057] ERROR OMAudit - user=runner | ip=127.0.0.1 | op=GET_FILE_STATUS {volume=cdde32cd-eb12-463d-ad6b-723444d040b5, bucket=faefb70f-fd0c-477d-9edc-956ad4769103, key=.Trash, dataSize=0, replicationConfig=null} | ret=FAILURE
org.apache.hadoop.ozone.om.exceptions.OMException: Unable to get file status: volume: cdde32cd-eb12-463d-ad6b-723444d040b5 bucket: faefb70f-fd0c-477d-9edc-956ad4769103 key: .Trash
	at org.apache.hadoop.ozone.om.KeyManagerImpl.getOzoneFileStatus(KeyManagerImpl.java:1198) ~[ozone-manager-1.4.0-SNAPSHOT.jar:?]
	at org.apache.hadoop.ozone.om.KeyManagerImpl.getFileStatus(KeyManagerImpl.java:1116) ~[ozone-manager-1.4.0-SNAPSHOT.jar:?]
	at org.apache.hadoop.ozone.om.OmMetadataReader.getFileStatus(OmMetadataReader.java:266) ~[ozone-manager-1.4.0-SNAPSHOT.jar:?]
	at org.apache.hadoop.ozone.om.OzoneManager.getFileStatus(OzoneManager.java:3552) ~[ozone-manager-1.4.0-SNAPSHOT.jar:?]
	at org.apache.hadoop.ozone.protocolPB.OzoneManagerRequestHandler.getOzoneFileStatus(OzoneManagerRequestHandler.java:998) ~[ozone-manager-1.4.0-SNAPSHOT.jar:?]
	at org.apache.hadoop.ozone.protocolPB.OzoneManagerRequestHandler.handleReadRequest(OzoneManagerRequestHandler.java:259) ~[ozone-manager-1.4.0-SNAPSHOT.jar:?]
	at org.apache.hadoop.ozone.protocolPB.OzoneManagerProtocolServerSideTranslatorPB.submitRequestDirectlyToOM(OzoneManagerProtocolServerSideTranslatorPB.java:274) ~[ozone-manager-1.4.0-SNAPSHOT.jar:?]
	at org.apache.hadoop.ozone.protocolPB.OzoneManagerProtocolServerSideTranslatorPB.processRequest(OzoneManagerProtocolServerSideTranslatorPB.java:175) ~[ozone-manager-1.4.0-SNAPSHOT.jar:?]
	at org.apache.hadoop.hdds.server.OzoneProtocolMessageDispatcher.processRequest(OzoneProtocolMessageDispatcher.java:87) [hdds-server-framework-1.4.0-SNAPSHOT.jar:?]
	at org.apache.hadoop.ozone.protocolPB.OzoneManagerProtocolServerSideTranslatorPB.submitRequest(OzoneManagerProtocolServerSideTranslatorPB.java:148) [ozone-manager-1.4.0-SNAPSHOT.jar:?]
	at org.apache.hadoop.ozone.protocol.proto.OzoneManagerProtocolProtos$OzoneManagerService$2.callBlockingMethod(OzoneManagerProtocolProtos.java) [ozone-interface-client-1.4.0-SNAPSHOT.jar:?]
	at org.apache.hadoop.ipc.ProtobufRpcEngine$Server.processCall(ProtobufRpcEngine.java:484) [hadoop-common-3.3.6.jar:?]
	at org.apache.hadoop.ipc.ProtobufRpcEngine2$Server$ProtoBufRpcInvoker.call(ProtobufRpcEngine2.java:595) [hadoop-common-3.3.6.jar:?]
	at org.apache.hadoop.ipc.ProtobufRpcEngine2$Server$ProtoBufRpcInvoker.call(ProtobufRpcEngine2.java:573) [hadoop-common-3.3.6.jar:?]
	at org.apache.hadoop.ipc.RPC$Server.call(RPC.java:1227) [hadoop-common-3.3.6.jar:?]
	at org.apache.hadoop.ipc.Server$RpcCall.run(Server.java:1094) [hadoop-common-3.3.6.jar:?]
	at org.apache.hadoop.ipc.Server$RpcCall.run(Server.java:1017) [hadoop-common-3.3.6.jar:?]
	at java.security.AccessController.doPrivileged(Native Method) ~[?:1.8.0_382]
	at javax.security.auth.Subject.doAs(Subject.java:422) [?:1.8.0_382]
	at org.apache.hadoop.security.UserGroupInformation.doAs(UserGroupInformation.java:1899) [hadoop-common-3.3.6.jar:?]
	at org.apache.hadoop.ipc.Server$Handler.run(Server.java:3048) [hadoop-common-3.3.6.jar:?]
09:15:22.619 [IPC Server handler 4 on default port 15057] ERROR OMAudit - user=runner | ip=127.0.0.1 | op=GET_FILE_STATUS {volume=volume85451, bucket=bucket13686, key=.Trash, dataSize=0, replicationConfig=null} | ret=FAILURE
org.apache.hadoop.ozone.om.exceptions.OMException: Unable to get file status: volume: volume85451 bucket: bucket13686 key: .Trash
	at org.apache.hadoop.ozone.om.KeyManagerImpl.getOzoneFileStatusFSO(KeyManagerImpl.java:1330) ~[ozone-manager-1.4.0-SNAPSHOT.jar:?]
	at org.apache.hadoop.ozone.om.KeyManagerImpl.getFileStatus(KeyManagerImpl.java:1114) ~[ozone-manager-1.4.0-SNAPSHOT.jar:?]
	at org.apache.hadoop.ozone.om.OmMetadataReader.getFileStatus(OmMetadataReader.java:266) ~[ozone-manager-1.4.0-SNAPSHOT.jar:?]
	at org.apache.hadoop.ozone.om.OzoneManager.getFileStatus(OzoneManager.java:3552) ~[ozone-manager-1.4.0-SNAPSHOT.jar:?]
	at org.apache.hadoop.ozone.protocolPB.OzoneManagerRequestHandler.getOzoneFileStatus(OzoneManagerRequestHandler.java:998) ~[ozone-manager-1.4.0-SNAPSHOT.jar:?]
	at org.apache.hadoop.ozone.protocolPB.OzoneManagerRequestHandler.handleReadRequest(OzoneManagerRequestHandler.java:259) ~[ozone-manager-1.4.0-SNAPSHOT.jar:?]
	at org.apache.hadoop.ozone.protocolPB.OzoneManagerProtocolServerSideTranslatorPB.submitRequestDirectlyToOM(OzoneManagerProtocolServerSideTranslatorPB.java:274) ~[ozone-manager-1.4.0-SNAPSHOT.jar:?]
	at org.apache.hadoop.ozone.protocolPB.OzoneManagerProtocolServerSideTranslatorPB.processRequest(OzoneManagerProtocolServerSideTranslatorPB.java:175) ~[ozone-manager-1.4.0-SNAPSHOT.jar:?]
	at org.apache.hadoop.hdds.server.OzoneProtocolMessageDispatcher.processRequest(OzoneProtocolMessageDispatcher.java:87) [hdds-server-framework-1.4.0-SNAPSHOT.jar:?]
	at org.apache.hadoop.ozone.protocolPB.OzoneManagerProtocolServerSideTranslatorPB.submitRequest(OzoneManagerProtocolServerSideTranslatorPB.java:148) [ozone-manager-1.4.0-SNAPSHOT.jar:?]
	at org.apache.hadoop.ozone.protocol.proto.OzoneManagerProtocolProtos$OzoneManagerService$2.callBlockingMethod(OzoneManagerProtocolProtos.java) [ozone-interface-client-1.4.0-SNAPSHOT.jar:?]
	at org.apache.hadoop.ipc.ProtobufRpcEngine$Server.processCall(ProtobufRpcEngine.java:484) [hadoop-common-3.3.6.jar:?]
	at org.apache.hadoop.ipc.ProtobufRpcEngine2$Server$ProtoBufRpcInvoker.call(ProtobufRpcEngine2.java:595) [hadoop-common-3.3.6.jar:?]
	at org.apache.hadoop.ipc.ProtobufRpcEngine2$Server$ProtoBufRpcInvoker.call(ProtobufRpcEngine2.java:573) [hadoop-common-3.3.6.jar:?]
	at org.apache.hadoop.ipc.RPC$Server.call(RPC.java:1227) [hadoop-common-3.3.6.jar:?]
	at org.apache.hadoop.ipc.Server$RpcCall.run(Server.java:1094) [hadoop-common-3.3.6.jar:?]
	at org.apache.hadoop.ipc.Server$RpcCall.run(Server.java:1017) [hadoop-common-3.3.6.jar:?]
	at java.security.AccessController.doPrivileged(Native Method) ~[?:1.8.0_382]
	at javax.security.auth.Subject.doAs(Subject.java:422) [?:1.8.0_382]
	at org.apache.hadoop.security.UserGroupInformation.doAs(UserGroupInformation.java:1899) [hadoop-common-3.3.6.jar:?]
	at org.apache.hadoop.ipc.Server$Handler.run(Server.java:3048) [hadoop-common-3.3.6.jar:?]
2023-09-29 09:15:22,636 [Time-limited test] INFO  rpc.RpcClient (RpcClient.java:createVolume(462)) - Creating Volume: volume82874, with user84148 as owner and space quota set to -1 bytes, counts quota set to -1
2023-09-29 09:15:22,637 [IPC Server handler 5 on default port 15057] INFO  volume.OMVolumeCreateRequest (OMVolumeCreateRequest.java:validateAndUpdateCache(196)) - created volume:volume82874 for user:user84148
2023-09-29 09:15:22,638 [Time-limited test] INFO  rpc.RpcClient (RpcClient.java:createBucket(689)) - Creating Bucket: volume82874/bucket64613, with bucket layout FILE_SYSTEM_OPTIMIZED, runner as owner, Versioning false, Storage Type set to DISK and Encryption set to false, Replication Type set to server-side default replication type, Namespace Quota set to -1, Space Quota set to -1 
2023-09-29 09:15:22,639 [IPC Server handler 7 on default port 15057] INFO  bucket.OMBucketCreateRequest (OMBucketCreateRequest.java:validateAndUpdateCache(270)) - created bucket: bucket64613 of layout FILE_SYSTEM_OPTIMIZED in volume: volume82874
09:15:22.663 [IPC Server handler 1 on default port 15057] ERROR OMAudit - user=runner | ip=127.0.0.1 | op=GET_FILE_STATUS {volume=cdde32cd-eb12-463d-ad6b-723444d040b5, bucket=faefb70f-fd0c-477d-9edc-956ad4769103, key=.Trash, dataSize=0, replicationConfig=null} | ret=FAILURE
org.apache.hadoop.ozone.om.exceptions.OMException: Unable to get file status: volume: cdde32cd-eb12-463d-ad6b-723444d040b5 bucket: faefb70f-fd0c-477d-9edc-956ad4769103 key: .Trash
	at org.apache.hadoop.ozone.om.KeyManagerImpl.getOzoneFileStatus(KeyManagerImpl.java:1198) ~[ozone-manager-1.4.0-SNAPSHOT.jar:?]
	at org.apache.hadoop.ozone.om.KeyManagerImpl.getFileStatus(KeyManagerImpl.java:1116) ~[ozone-manager-1.4.0-SNAPSHOT.jar:?]
	at org.apache.hadoop.ozone.om.OmMetadataReader.getFileStatus(OmMetadataReader.java:266) ~[ozone-manager-1.4.0-SNAPSHOT.jar:?]
	at org.apache.hadoop.ozone.om.OzoneManager.getFileStatus(OzoneManager.java:3552) ~[ozone-manager-1.4.0-SNAPSHOT.jar:?]
	at org.apache.hadoop.ozone.protocolPB.OzoneManagerRequestHandler.getOzoneFileStatus(OzoneManagerRequestHandler.java:998) ~[ozone-manager-1.4.0-SNAPSHOT.jar:?]
	at org.apache.hadoop.ozone.protocolPB.OzoneManagerRequestHandler.handleReadRequest(OzoneManagerRequestHandler.java:259) ~[ozone-manager-1.4.0-SNAPSHOT.jar:?]
	at org.apache.hadoop.ozone.protocolPB.OzoneManagerProtocolServerSideTranslatorPB.submitRequestDirectlyToOM(OzoneManagerProtocolServerSideTranslatorPB.java:274) ~[ozone-manager-1.4.0-SNAPSHOT.jar:?]
	at org.apache.hadoop.ozone.protocolPB.OzoneManagerProtocolServerSideTranslatorPB.processRequest(OzoneManagerProtocolServerSideTranslatorPB.java:175) ~[ozone-manager-1.4.0-SNAPSHOT.jar:?]
	at org.apache.hadoop.hdds.server.OzoneProtocolMessageDispatcher.processRequest(OzoneProtocolMessageDispatcher.java:87) [hdds-server-framework-1.4.0-SNAPSHOT.jar:?]
	at org.apache.hadoop.ozone.protocolPB.OzoneManagerProtocolServerSideTranslatorPB.submitRequest(OzoneManagerProtocolServerSideTranslatorPB.java:148) [ozone-manager-1.4.0-SNAPSHOT.jar:?]
	at org.apache.hadoop.ozone.protocol.proto.OzoneManagerProtocolProtos$OzoneManagerService$2.callBlockingMethod(OzoneManagerProtocolProtos.java) [ozone-interface-client-1.4.0-SNAPSHOT.jar:?]
	at org.apache.hadoop.ipc.ProtobufRpcEngine$Server.processCall(ProtobufRpcEngine.java:484) [hadoop-common-3.3.6.jar:?]
	at org.apache.hadoop.ipc.ProtobufRpcEngine2$Server$ProtoBufRpcInvoker.call(ProtobufRpcEngine2.java:595) [hadoop-common-3.3.6.jar:?]
	at org.apache.hadoop.ipc.ProtobufRpcEngine2$Server$ProtoBufRpcInvoker.call(ProtobufRpcEngine2.java:573) [hadoop-common-3.3.6.jar:?]
	at org.apache.hadoop.ipc.RPC$Server.call(RPC.java:1227) [hadoop-common-3.3.6.jar:?]
	at org.apache.hadoop.ipc.Server$RpcCall.run(Server.java:1094) [hadoop-common-3.3.6.jar:?]
	at org.apache.hadoop.ipc.Server$RpcCall.run(Server.java:1017) [hadoop-common-3.3.6.jar:?]
	at java.security.AccessController.doPrivileged(Native Method) ~[?:1.8.0_382]
	at javax.security.auth.Subject.doAs(Subject.java:422) [?:1.8.0_382]
	at org.apache.hadoop.security.UserGroupInformation.doAs(UserGroupInformation.java:1899) [hadoop-common-3.3.6.jar:?]
	at org.apache.hadoop.ipc.Server$Handler.run(Server.java:3048) [hadoop-common-3.3.6.jar:?]
09:15:22.680 [IPC Server handler 8 on default port 15057] ERROR OMAudit - user=runner | ip=127.0.0.1 | op=GET_FILE_STATUS {volume=volume85451, bucket=bucket13686, key=.Trash, dataSize=0, replicationConfig=null} | ret=FAILURE
org.apache.hadoop.ozone.om.exceptions.OMException: Unable to get file status: volume: volume85451 bucket: bucket13686 key: .Trash
	at org.apache.hadoop.ozone.om.KeyManagerImpl.getOzoneFileStatusFSO(KeyManagerImpl.java:1330) ~[ozone-manager-1.4.0-SNAPSHOT.jar:?]
	at org.apache.hadoop.ozone.om.KeyManagerImpl.getFileStatus(KeyManagerImpl.java:1114) ~[ozone-manager-1.4.0-SNAPSHOT.jar:?]
	at org.apache.hadoop.ozone.om.OmMetadataReader.getFileStatus(OmMetadataReader.java:266) ~[ozone-manager-1.4.0-SNAPSHOT.jar:?]
	at org.apache.hadoop.ozone.om.OzoneManager.getFileStatus(OzoneManager.java:3552) ~[ozone-manager-1.4.0-SNAPSHOT.jar:?]
	at org.apache.hadoop.ozone.protocolPB.OzoneManagerRequestHandler.getOzoneFileStatus(OzoneManagerRequestHandler.java:998) ~[ozone-manager-1.4.0-SNAPSHOT.jar:?]
	at org.apache.hadoop.ozone.protocolPB.OzoneManagerRequestHandler.handleReadRequest(OzoneManagerRequestHandler.java:259) ~[ozone-manager-1.4.0-SNAPSHOT.jar:?]
	at org.apache.hadoop.ozone.protocolPB.OzoneManagerProtocolServerSideTranslatorPB.submitRequestDirectlyToOM(OzoneManagerProtocolServerSideTranslatorPB.java:274) ~[ozone-manager-1.4.0-SNAPSHOT.jar:?]
	at org.apache.hadoop.ozone.protocolPB.OzoneManagerProtocolServerSideTranslatorPB.processRequest(OzoneManagerProtocolServerSideTranslatorPB.java:175) ~[ozone-manager-1.4.0-SNAPSHOT.jar:?]
	at org.apache.hadoop.hdds.server.OzoneProtocolMessageDispatcher.processRequest(OzoneProtocolMessageDispatcher.java:87) [hdds-server-framework-1.4.0-SNAPSHOT.jar:?]
	at org.apache.hadoop.ozone.protocolPB.OzoneManagerProtocolServerSideTranslatorPB.submitRequest(OzoneManagerProtocolServerSideTranslatorPB.java:148) [ozone-manager-1.4.0-SNAPSHOT.jar:?]
	at org.apache.hadoop.ozone.protocol.proto.OzoneManagerProtocolProtos$OzoneManagerService$2.callBlockingMethod(OzoneManagerProtocolProtos.java) [ozone-interface-client-1.4.0-SNAPSHOT.jar:?]
	at org.apache.hadoop.ipc.ProtobufRpcEngine$Server.processCall(ProtobufRpcEngine.java:484) [hadoop-common-3.3.6.jar:?]
	at org.apache.hadoop.ipc.ProtobufRpcEngine2$Server$ProtoBufRpcInvoker.call(ProtobufRpcEngine2.java:595) [hadoop-common-3.3.6.jar:?]
	at org.apache.hadoop.ipc.ProtobufRpcEngine2$Server$ProtoBufRpcInvoker.call(ProtobufRpcEngine2.java:573) [hadoop-common-3.3.6.jar:?]
	at org.apache.hadoop.ipc.RPC$Server.call(RPC.java:1227) [hadoop-common-3.3.6.jar:?]
	at org.apache.hadoop.ipc.Server$RpcCall.run(Server.java:1094) [hadoop-common-3.3.6.jar:?]
	at org.apache.hadoop.ipc.Server$RpcCall.run(Server.java:1017) [hadoop-common-3.3.6.jar:?]
	at java.security.AccessController.doPrivileged(Native Method) ~[?:1.8.0_382]
	at javax.security.auth.Subject.doAs(Subject.java:422) [?:1.8.0_382]
	at org.apache.hadoop.security.UserGroupInformation.doAs(UserGroupInformation.java:1899) [hadoop-common-3.3.6.jar:?]
	at org.apache.hadoop.ipc.Server$Handler.run(Server.java:3048) [hadoop-common-3.3.6.jar:?]
09:15:22.701 [IPC Server handler 2 on default port 15057] ERROR OMAudit - user=runner | ip=127.0.0.1 | op=GET_FILE_STATUS {volume=cdde32cd-eb12-463d-ad6b-723444d040b5, bucket=faefb70f-fd0c-477d-9edc-956ad4769103, key=.Trash, dataSize=0, replicationConfig=null} | ret=FAILURE
org.apache.hadoop.ozone.om.exceptions.OMException: Unable to get file status: volume: cdde32cd-eb12-463d-ad6b-723444d040b5 bucket: faefb70f-fd0c-477d-9edc-956ad4769103 key: .Trash
	at org.apache.hadoop.ozone.om.KeyManagerImpl.getOzoneFileStatus(KeyManagerImpl.java:1198) ~[ozone-manager-1.4.0-SNAPSHOT.jar:?]
	at org.apache.hadoop.ozone.om.KeyManagerImpl.getFileStatus(KeyManagerImpl.java:1116) ~[ozone-manager-1.4.0-SNAPSHOT.jar:?]
	at org.apache.hadoop.ozone.om.OmMetadataReader.getFileStatus(OmMetadataReader.java:266) ~[ozone-manager-1.4.0-SNAPSHOT.jar:?]
	at org.apache.hadoop.ozone.om.OzoneManager.getFileStatus(OzoneManager.java:3552) ~[ozone-manager-1.4.0-SNAPSHOT.jar:?]
	at org.apache.hadoop.ozone.protocolPB.OzoneManagerRequestHandler.getOzoneFileStatus(OzoneManagerRequestHandler.java:998) ~[ozone-manager-1.4.0-SNAPSHOT.jar:?]
	at org.apache.hadoop.ozone.protocolPB.OzoneManagerRequestHandler.handleReadRequest(OzoneManagerRequestHandler.java:259) ~[ozone-manager-1.4.0-SNAPSHOT.jar:?]
	at org.apache.hadoop.ozone.protocolPB.OzoneManagerProtocolServerSideTranslatorPB.submitRequestDirectlyToOM(OzoneManagerProtocolServerSideTranslatorPB.java:274) ~[ozone-manager-1.4.0-SNAPSHOT.jar:?]
	at org.apache.hadoop.ozone.protocolPB.OzoneManagerProtocolServerSideTranslatorPB.processRequest(OzoneManagerProtocolServerSideTranslatorPB.java:175) ~[ozone-manager-1.4.0-SNAPSHOT.jar:?]
	at org.apache.hadoop.hdds.server.OzoneProtocolMessageDispatcher.processRequest(OzoneProtocolMessageDispatcher.java:87) [hdds-server-framework-1.4.0-SNAPSHOT.jar:?]
	at org.apache.hadoop.ozone.protocolPB.OzoneManagerProtocolServerSideTranslatorPB.submitRequest(OzoneManagerProtocolServerSideTranslatorPB.java:148) [ozone-manager-1.4.0-SNAPSHOT.jar:?]
	at org.apache.hadoop.ozone.protocol.proto.OzoneManagerProtocolProtos$OzoneManagerService$2.callBlockingMethod(OzoneManagerProtocolProtos.java) [ozone-interface-client-1.4.0-SNAPSHOT.jar:?]
	at org.apache.hadoop.ipc.ProtobufRpcEngine$Server.processCall(ProtobufRpcEngine.java:484) [hadoop-common-3.3.6.jar:?]
	at org.apache.hadoop.ipc.ProtobufRpcEngine2$Server$ProtoBufRpcInvoker.call(ProtobufRpcEngine2.java:595) [hadoop-common-3.3.6.jar:?]
	at org.apache.hadoop.ipc.ProtobufRpcEngine2$Server$ProtoBufRpcInvoker.call(ProtobufRpcEngine2.java:573) [hadoop-common-3.3.6.jar:?]
	at org.apache.hadoop.ipc.RPC$Server.call(RPC.java:1227) [hadoop-common-3.3.6.jar:?]
	at org.apache.hadoop.ipc.Server$RpcCall.run(Server.java:1094) [hadoop-common-3.3.6.jar:?]
	at org.apache.hadoop.ipc.Server$RpcCall.run(Server.java:1017) [hadoop-common-3.3.6.jar:?]
	at java.security.AccessController.doPrivileged(Native Method) ~[?:1.8.0_382]
	at javax.security.auth.Subject.doAs(Subject.java:422) [?:1.8.0_382]
	at org.apache.hadoop.security.UserGroupInformation.doAs(UserGroupInformation.java:1899) [hadoop-common-3.3.6.jar:?]
	at org.apache.hadoop.ipc.Server$Handler.run(Server.java:3048) [hadoop-common-3.3.6.jar:?]
09:15:22.734 [IPC Server handler 10 on default port 15057] ERROR OMAudit - user=runner | ip=127.0.0.1 | op=GET_FILE_STATUS {volume=volume85451, bucket=bucket13686, key=.Trash, dataSize=0, replicationConfig=null} | ret=FAILURE
org.apache.hadoop.ozone.om.exceptions.OMException: Unable to get file status: volume: volume85451 bucket: bucket13686 key: .Trash
	at org.apache.hadoop.ozone.om.KeyManagerImpl.getOzoneFileStatusFSO(KeyManagerImpl.java:1330) ~[ozone-manager-1.4.0-SNAPSHOT.jar:?]
	at org.apache.hadoop.ozone.om.KeyManagerImpl.getFileStatus(KeyManagerImpl.java:1114) ~[ozone-manager-1.4.0-SNAPSHOT.jar:?]
	at org.apache.hadoop.ozone.om.OmMetadataReader.getFileStatus(OmMetadataReader.java:266) ~[ozone-manager-1.4.0-SNAPSHOT.jar:?]
	at org.apache.hadoop.ozone.om.OzoneManager.getFileStatus(OzoneManager.java:3552) ~[ozone-manager-1.4.0-SNAPSHOT.jar:?]
	at org.apache.hadoop.ozone.protocolPB.OzoneManagerRequestHandler.getOzoneFileStatus(OzoneManagerRequestHandler.java:998) ~[ozone-manager-1.4.0-SNAPSHOT.jar:?]
	at org.apache.hadoop.ozone.protocolPB.OzoneManagerRequestHandler.handleReadRequest(OzoneManagerRequestHandler.java:259) ~[ozone-manager-1.4.0-SNAPSHOT.jar:?]
	at org.apache.hadoop.ozone.protocolPB.OzoneManagerProtocolServerSideTranslatorPB.submitRequestDirectlyToOM(OzoneManagerProtocolServerSideTranslatorPB.java:274) ~[ozone-manager-1.4.0-SNAPSHOT.jar:?]
	at org.apache.hadoop.ozone.protocolPB.OzoneManagerProtocolServerSideTranslatorPB.processRequest(OzoneManagerProtocolServerSideTranslatorPB.java:175) ~[ozone-manager-1.4.0-SNAPSHOT.jar:?]
	at org.apache.hadoop.hdds.server.OzoneProtocolMessageDispatcher.processRequest(OzoneProtocolMessageDispatcher.java:87) [hdds-server-framework-1.4.0-SNAPSHOT.jar:?]
	at org.apache.hadoop.ozone.protocolPB.OzoneManagerProtocolServerSideTranslatorPB.submitRequest(OzoneManagerProtocolServerSideTranslatorPB.java:148) [ozone-manager-1.4.0-SNAPSHOT.jar:?]
	at org.apache.hadoop.ozone.protocol.proto.OzoneManagerProtocolProtos$OzoneManagerService$2.callBlockingMethod(OzoneManagerProtocolProtos.java) [ozone-interface-client-1.4.0-SNAPSHOT.jar:?]
	at org.apache.hadoop.ipc.ProtobufRpcEngine$Server.processCall(ProtobufRpcEngine.java:484) [hadoop-common-3.3.6.jar:?]
	at org.apache.hadoop.ipc.ProtobufRpcEngine2$Server$ProtoBufRpcInvoker.call(ProtobufRpcEngine2.java:595) [hadoop-common-3.3.6.jar:?]
	at org.apache.hadoop.ipc.ProtobufRpcEngine2$Server$ProtoBufRpcInvoker.call(ProtobufRpcEngine2.java:573) [hadoop-common-3.3.6.jar:?]
	at org.apache.hadoop.ipc.RPC$Server.call(RPC.java:1227) [hadoop-common-3.3.6.jar:?]
	at org.apache.hadoop.ipc.Server$RpcCall.run(Server.java:1094) [hadoop-common-3.3.6.jar:?]
	at org.apache.hadoop.ipc.Server$RpcCall.run(Server.java:1017) [hadoop-common-3.3.6.jar:?]
	at java.security.AccessController.doPrivileged(Native Method) ~[?:1.8.0_382]
	at javax.security.auth.Subject.doAs(Subject.java:422) [?:1.8.0_382]
	at org.apache.hadoop.security.UserGroupInformation.doAs(UserGroupInformation.java:1899) [hadoop-common-3.3.6.jar:?]
	at org.apache.hadoop.ipc.Server$Handler.run(Server.java:3048) [hadoop-common-3.3.6.jar:?]
09:15:22.743 [IPC Server handler 6 on default port 15057] ERROR OMAudit - user=runner | ip=127.0.0.1 | op=GET_FILE_STATUS {volume=volume82874, bucket=bucket64613, key=.Trash/runner, dataSize=0, replicationConfig=null} | ret=FAILURE
org.apache.hadoop.ozone.om.exceptions.OMException: Unable to get file status: volume: volume82874 bucket: bucket64613 key: .Trash/runner
	at org.apache.hadoop.ozone.om.KeyManagerImpl.getOzoneFileStatusFSO(KeyManagerImpl.java:1330) ~[ozone-manager-1.4.0-SNAPSHOT.jar:?]
	at org.apache.hadoop.ozone.om.KeyManagerImpl.getFileStatus(KeyManagerImpl.java:1114) ~[ozone-manager-1.4.0-SNAPSHOT.jar:?]
	at org.apache.hadoop.ozone.om.OmMetadataReader.getFileStatus(OmMetadataReader.java:266) ~[ozone-manager-1.4.0-SNAPSHOT.jar:?]
	at org.apache.hadoop.ozone.om.OzoneManager.getFileStatus(OzoneManager.java:3552) ~[ozone-manager-1.4.0-SNAPSHOT.jar:?]
	at org.apache.hadoop.ozone.protocolPB.OzoneManagerRequestHandler.getOzoneFileStatus(OzoneManagerRequestHandler.java:998) ~[ozone-manager-1.4.0-SNAPSHOT.jar:?]
	at org.apache.hadoop.ozone.protocolPB.OzoneManagerRequestHandler.handleReadRequest(OzoneManagerRequestHandler.java:259) ~[ozone-manager-1.4.0-SNAPSHOT.jar:?]
	at org.apache.hadoop.ozone.protocolPB.OzoneManagerProtocolServerSideTranslatorPB.submitRequestDirectlyToOM(OzoneManagerProtocolServerSideTranslatorPB.java:274) ~[ozone-manager-1.4.0-SNAPSHOT.jar:?]
	at org.apache.hadoop.ozone.protocolPB.OzoneManagerProtocolServerSideTranslatorPB.processRequest(OzoneManagerProtocolServerSideTranslatorPB.java:175) ~[ozone-manager-1.4.0-SNAPSHOT.jar:?]
	at org.apache.hadoop.hdds.server.OzoneProtocolMessageDispatcher.processRequest(OzoneProtocolMessageDispatcher.java:87) [hdds-server-framework-1.4.0-SNAPSHOT.jar:?]
	at org.apache.hadoop.ozone.protocolPB.OzoneManagerProtocolServerSideTranslatorPB.submitRequest(OzoneManagerProtocolServerSideTranslatorPB.java:148) [ozone-manager-1.4.0-SNAPSHOT.jar:?]
	at org.apache.hadoop.ozone.protocol.proto.OzoneManagerProtocolProtos$OzoneManagerService$2.callBlockingMethod(OzoneManagerProtocolProtos.java) [ozone-interface-client-1.4.0-SNAPSHOT.jar:?]
	at org.apache.hadoop.ipc.ProtobufRpcEngine$Server.processCall(ProtobufRpcEngine.java:484) [hadoop-common-3.3.6.jar:?]
	at org.apache.hadoop.ipc.ProtobufRpcEngine2$Server$ProtoBufRpcInvoker.call(ProtobufRpcEngine2.java:595) [hadoop-common-3.3.6.jar:?]
	at org.apache.hadoop.ipc.ProtobufRpcEngine2$Server$ProtoBufRpcInvoker.call(ProtobufRpcEngine2.java:573) [hadoop-common-3.3.6.jar:?]
	at org.apache.hadoop.ipc.RPC$Server.call(RPC.java:1227) [hadoop-common-3.3.6.jar:?]
	at org.apache.hadoop.ipc.Server$RpcCall.run(Server.java:1094) [hadoop-common-3.3.6.jar:?]
	at org.apache.hadoop.ipc.Server$RpcCall.run(Server.java:1017) [hadoop-common-3.3.6.jar:?]
	at java.security.AccessController.doPrivileged(Native Method) ~[?:1.8.0_382]
	at javax.security.auth.Subject.doAs(Subject.java:422) [?:1.8.0_382]
	at org.apache.hadoop.security.UserGroupInformation.doAs(UserGroupInformation.java:1899) [hadoop-common-3.3.6.jar:?]
	at org.apache.hadoop.ipc.Server$Handler.run(Server.java:3048) [hadoop-common-3.3.6.jar:?]
09:15:22.755 [IPC Server handler 6 on default port 15057] ERROR OMAudit - user=runner | ip=127.0.0.1 | op=GET_FILE_STATUS {volume=cdde32cd-eb12-463d-ad6b-723444d040b5, bucket=faefb70f-fd0c-477d-9edc-956ad4769103, key=.Trash, dataSize=0, replicationConfig=null} | ret=FAILURE
org.apache.hadoop.ozone.om.exceptions.OMException: Unable to get file status: volume: cdde32cd-eb12-463d-ad6b-723444d040b5 bucket: faefb70f-fd0c-477d-9edc-956ad4769103 key: .Trash
	at org.apache.hadoop.ozone.om.KeyManagerImpl.getOzoneFileStatus(KeyManagerImpl.java:1198) ~[ozone-manager-1.4.0-SNAPSHOT.jar:?]
	at org.apache.hadoop.ozone.om.KeyManagerImpl.getFileStatus(KeyManagerImpl.java:1116) ~[ozone-manager-1.4.0-SNAPSHOT.jar:?]
	at org.apache.hadoop.ozone.om.OmMetadataReader.getFileStatus(OmMetadataReader.java:266) ~[ozone-manager-1.4.0-SNAPSHOT.jar:?]
	at org.apache.hadoop.ozone.om.OzoneManager.getFileStatus(OzoneManager.java:3552) ~[ozone-manager-1.4.0-SNAPSHOT.jar:?]
	at org.apache.hadoop.ozone.protocolPB.OzoneManagerRequestHandler.getOzoneFileStatus(OzoneManagerRequestHandler.java:998) ~[ozone-manager-1.4.0-SNAPSHOT.jar:?]
	at org.apache.hadoop.ozone.protocolPB.OzoneManagerRequestHandler.handleReadRequest(OzoneManagerRequestHandler.java:259) ~[ozone-manager-1.4.0-SNAPSHOT.jar:?]
	at org.apache.hadoop.ozone.protocolPB.OzoneManagerProtocolServerSideTranslatorPB.submitRequestDirectlyToOM(OzoneManagerProtocolServerSideTranslatorPB.java:274) ~[ozone-manager-1.4.0-SNAPSHOT.jar:?]
	at org.apache.hadoop.ozone.protocolPB.OzoneManagerProtocolServerSideTranslatorPB.processRequest(OzoneManagerProtocolServerSideTranslatorPB.java:175) ~[ozone-manager-1.4.0-SNAPSHOT.jar:?]
	at org.apache.hadoop.hdds.server.OzoneProtocolMessageDispatcher.processRequest(OzoneProtocolMessageDispatcher.java:87) [hdds-server-framework-1.4.0-SNAPSHOT.jar:?]
	at org.apache.hadoop.ozone.protocolPB.OzoneManagerProtocolServerSideTranslatorPB.submitRequest(OzoneManagerProtocolServerSideTranslatorPB.java:148) [ozone-manager-1.4.0-SNAPSHOT.jar:?]
	at org.apache.hadoop.ozone.protocol.proto.OzoneManagerProtocolProtos$OzoneManagerService$2.callBlockingMethod(OzoneManagerProtocolProtos.java) [ozone-interface-client-1.4.0-SNAPSHOT.jar:?]
	at org.apache.hadoop.ipc.ProtobufRpcEngine$Server.processCall(ProtobufRpcEngine.java:484) [hadoop-common-3.3.6.jar:?]
	at org.apache.hadoop.ipc.ProtobufRpcEngine2$Server$ProtoBufRpcInvoker.call(ProtobufRpcEngine2.java:595) [hadoop-common-3.3.6.jar:?]
	at org.apache.hadoop.ipc.ProtobufRpcEngine2$Server$ProtoBufRpcInvoker.call(ProtobufRpcEngine2.java:573) [hadoop-common-3.3.6.jar:?]
	at org.apache.hadoop.ipc.RPC$Server.call(RPC.java:1227) [hadoop-common-3.3.6.jar:?]
	at org.apache.hadoop.ipc.Server$RpcCall.run(Server.java:1094) [hadoop-common-3.3.6.jar:?]
	at org.apache.hadoop.ipc.Server$RpcCall.run(Server.java:1017) [hadoop-common-3.3.6.jar:?]
	at java.security.AccessController.doPrivileged(Native Method) ~[?:1.8.0_382]
	at javax.security.auth.Subject.doAs(Subject.java:422) [?:1.8.0_382]
	at org.apache.hadoop.security.UserGroupInformation.doAs(UserGroupInformation.java:1899) [hadoop-common-3.3.6.jar:?]
	at org.apache.hadoop.ipc.Server$Handler.run(Server.java:3048) [hadoop-common-3.3.6.jar:?]
09:15:22.768 [IPC Server handler 7 on default port 15057] ERROR OMAudit - user=runner | ip=127.0.0.1 | op=GET_FILE_STATUS {volume=volume82874, bucket=bucket64613, key=.Trash, dataSize=0, replicationConfig=null} | ret=FAILURE
org.apache.hadoop.ozone.om.exceptions.OMException: Unable to get file status: volume: volume82874 bucket: bucket64613 key: .Trash
	at org.apache.hadoop.ozone.om.KeyManagerImpl.getOzoneFileStatusFSO(KeyManagerImpl.java:1330) ~[ozone-manager-1.4.0-SNAPSHOT.jar:?]
	at org.apache.hadoop.ozone.om.KeyManagerImpl.getFileStatus(KeyManagerImpl.java:1114) ~[ozone-manager-1.4.0-SNAPSHOT.jar:?]
	at org.apache.hadoop.ozone.om.OmMetadataReader.getFileStatus(OmMetadataReader.java:266) ~[ozone-manager-1.4.0-SNAPSHOT.jar:?]
	at org.apache.hadoop.ozone.om.OzoneManager.getFileStatus(OzoneManager.java:3552) ~[ozone-manager-1.4.0-SNAPSHOT.jar:?]
	at org.apache.hadoop.ozone.protocolPB.OzoneManagerRequestHandler.getOzoneFileStatus(OzoneManagerRequestHandler.java:998) ~[ozone-manager-1.4.0-SNAPSHOT.jar:?]
	at org.apache.hadoop.ozone.protocolPB.OzoneManagerRequestHandler.handleReadRequest(OzoneManagerRequestHandler.java:259) ~[ozone-manager-1.4.0-SNAPSHOT.jar:?]
	at org.apache.hadoop.ozone.protocolPB.OzoneManagerProtocolServerSideTranslatorPB.submitRequestDirectlyToOM(OzoneManagerProtocolServerSideTranslatorPB.java:274) ~[ozone-manager-1.4.0-SNAPSHOT.jar:?]
	at org.apache.hadoop.ozone.protocolPB.OzoneManagerProtocolServerSideTranslatorPB.processRequest(OzoneManagerProtocolServerSideTranslatorPB.java:175) ~[ozone-manager-1.4.0-SNAPSHOT.jar:?]
	at org.apache.hadoop.hdds.server.OzoneProtocolMessageDispatcher.processRequest(OzoneProtocolMessageDispatcher.java:87) [hdds-server-framework-1.4.0-SNAPSHOT.jar:?]
	at org.apache.hadoop.ozone.protocolPB.OzoneManagerProtocolServerSideTranslatorPB.submitRequest(OzoneManagerProtocolServerSideTranslatorPB.java:148) [ozone-manager-1.4.0-SNAPSHOT.jar:?]
	at org.apache.hadoop.ozone.protocol.proto.OzoneManagerProtocolProtos$OzoneManagerService$2.callBlockingMethod(OzoneManagerProtocolProtos.java) [ozone-interface-client-1.4.0-SNAPSHOT.jar:?]
	at org.apache.hadoop.ipc.ProtobufRpcEngine$Server.processCall(ProtobufRpcEngine.java:484) [hadoop-common-3.3.6.jar:?]
	at org.apache.hadoop.ipc.ProtobufRpcEngine2$Server$ProtoBufRpcInvoker.call(ProtobufRpcEngine2.java:595) [hadoop-common-3.3.6.jar:?]
	at org.apache.hadoop.ipc.ProtobufRpcEngine2$Server$ProtoBufRpcInvoker.call(ProtobufRpcEngine2.java:573) [hadoop-common-3.3.6.jar:?]
	at org.apache.hadoop.ipc.RPC$Server.call(RPC.java:1227) [hadoop-common-3.3.6.jar:?]
	at org.apache.hadoop.ipc.Server$RpcCall.run(Server.java:1094) [hadoop-common-3.3.6.jar:?]
	at org.apache.hadoop.ipc.Server$RpcCall.run(Server.java:1017) [hadoop-common-3.3.6.jar:?]
	at java.security.AccessController.doPrivileged(Native Method) ~[?:1.8.0_382]
	at javax.security.auth.Subject.doAs(Subject.java:422) [?:1.8.0_382]
	at org.apache.hadoop.security.UserGroupInformation.doAs(UserGroupInformation.java:1899) [hadoop-common-3.3.6.jar:?]
	at org.apache.hadoop.ipc.Server$Handler.run(Server.java:3048) [hadoop-common-3.3.6.jar:?]
09:15:22.770 [IPC Server handler 11 on default port 15057] ERROR OMAudit - user=runner | ip=127.0.0.1 | op=GET_FILE_STATUS {volume=volume85451, bucket=bucket13686, key=.Trash, dataSize=0, replicationConfig=null} | ret=FAILURE
org.apache.hadoop.ozone.om.exceptions.OMException: Unable to get file status: volume: volume85451 bucket: bucket13686 key: .Trash
	at org.apache.hadoop.ozone.om.KeyManagerImpl.getOzoneFileStatusFSO(KeyManagerImpl.java:1330) ~[ozone-manager-1.4.0-SNAPSHOT.jar:?]
	at org.apache.hadoop.ozone.om.KeyManagerImpl.getFileStatus(KeyManagerImpl.java:1114) ~[ozone-manager-1.4.0-SNAPSHOT.jar:?]
	at org.apache.hadoop.ozone.om.OmMetadataReader.getFileStatus(OmMetadataReader.java:266) ~[ozone-manager-1.4.0-SNAPSHOT.jar:?]
	at org.apache.hadoop.ozone.om.OzoneManager.getFileStatus(OzoneManager.java:3552) ~[ozone-manager-1.4.0-SNAPSHOT.jar:?]
	at org.apache.hadoop.ozone.protocolPB.OzoneManagerRequestHandler.getOzoneFileStatus(OzoneManagerRequestHandler.java:998) ~[ozone-manager-1.4.0-SNAPSHOT.jar:?]
	at org.apache.hadoop.ozone.protocolPB.OzoneManagerRequestHandler.handleReadRequest(OzoneManagerRequestHandler.java:259) ~[ozone-manager-1.4.0-SNAPSHOT.jar:?]
	at org.apache.hadoop.ozone.protocolPB.OzoneManagerProtocolServerSideTranslatorPB.submitRequestDirectlyToOM(OzoneManagerProtocolServerSideTranslatorPB.java:274) ~[ozone-manager-1.4.0-SNAPSHOT.jar:?]
	at org.apache.hadoop.ozone.protocolPB.OzoneManagerProtocolServerSideTranslatorPB.processRequest(OzoneManagerProtocolServerSideTranslatorPB.java:175) ~[ozone-manager-1.4.0-SNAPSHOT.jar:?]
	at org.apache.hadoop.hdds.server.OzoneProtocolMessageDispatcher.processRequest(OzoneProtocolMessageDispatcher.java:87) [hdds-server-framework-1.4.0-SNAPSHOT.jar:?]
	at org.apache.hadoop.ozone.protocolPB.OzoneManagerProtocolServerSideTranslatorPB.submitRequest(OzoneManagerProtocolServerSideTranslatorPB.java:148) [ozone-manager-1.4.0-SNAPSHOT.jar:?]
	at org.apache.hadoop.ozone.protocol.proto.OzoneManagerProtocolProtos$OzoneManagerService$2.callBlockingMethod(OzoneManagerProtocolProtos.java) [ozone-interface-client-1.4.0-SNAPSHOT.jar:?]
	at org.apache.hadoop.ipc.ProtobufRpcEngine$Server.processCall(ProtobufRpcEngine.java:484) [hadoop-common-3.3.6.jar:?]
	at org.apache.hadoop.ipc.ProtobufRpcEngine2$Server$ProtoBufRpcInvoker.call(ProtobufRpcEngine2.java:595) [hadoop-common-3.3.6.jar:?]
	at org.apache.hadoop.ipc.ProtobufRpcEngine2$Server$ProtoBufRpcInvoker.call(ProtobufRpcEngine2.java:573) [hadoop-common-3.3.6.jar:?]
	at org.apache.hadoop.ipc.RPC$Server.call(RPC.java:1227) [hadoop-common-3.3.6.jar:?]
	at org.apache.hadoop.ipc.Server$RpcCall.run(Server.java:1094) [hadoop-common-3.3.6.jar:?]
	at org.apache.hadoop.ipc.Server$RpcCall.run(Server.java:1017) [hadoop-common-3.3.6.jar:?]
	at java.security.AccessController.doPrivileged(Native Method) ~[?:1.8.0_382]
	at javax.security.auth.Subject.doAs(Subject.java:422) [?:1.8.0_382]
	at org.apache.hadoop.security.UserGroupInformation.doAs(UserGroupInformation.java:1899) [hadoop-common-3.3.6.jar:?]
	at org.apache.hadoop.ipc.Server$Handler.run(Server.java:3048) [hadoop-common-3.3.6.jar:?]
09:15:22.778 [IPC Server handler 2 on default port 15057] ERROR OMAudit - user=runner | ip=127.0.0.1 | op=GET_FILE_STATUS {volume=volume82874, bucket=bucket64613, key=.Trash/runner, dataSize=0, replicationConfig=null} | ret=FAILURE
org.apache.hadoop.ozone.om.exceptions.OMException: Unable to get file status: volume: volume82874 bucket: bucket64613 key: .Trash/runner
	at org.apache.hadoop.ozone.om.KeyManagerImpl.getOzoneFileStatusFSO(KeyManagerImpl.java:1330) ~[ozone-manager-1.4.0-SNAPSHOT.jar:?]
	at org.apache.hadoop.ozone.om.KeyManagerImpl.getFileStatus(KeyManagerImpl.java:1114) ~[ozone-manager-1.4.0-SNAPSHOT.jar:?]
	at org.apache.hadoop.ozone.om.OmMetadataReader.getFileStatus(OmMetadataReader.java:266) ~[ozone-manager-1.4.0-SNAPSHOT.jar:?]
	at org.apache.hadoop.ozone.om.OzoneManager.getFileStatus(OzoneManager.java:3552) ~[ozone-manager-1.4.0-SNAPSHOT.jar:?]
	at org.apache.hadoop.ozone.protocolPB.OzoneManagerRequestHandler.getOzoneFileStatus(OzoneManagerRequestHandler.java:998) ~[ozone-manager-1.4.0-SNAPSHOT.jar:?]
	at org.apache.hadoop.ozone.protocolPB.OzoneManagerRequestHandler.handleReadRequest(OzoneManagerRequestHandler.java:259) ~[ozone-manager-1.4.0-SNAPSHOT.jar:?]
	at org.apache.hadoop.ozone.protocolPB.OzoneManagerProtocolServerSideTranslatorPB.submitRequestDirectlyToOM(OzoneManagerProtocolServerSideTranslatorPB.java:274) ~[ozone-manager-1.4.0-SNAPSHOT.jar:?]
	at org.apache.hadoop.ozone.protocolPB.OzoneManagerProtocolServerSideTranslatorPB.processRequest(OzoneManagerProtocolServerSideTranslatorPB.java:175) ~[ozone-manager-1.4.0-SNAPSHOT.jar:?]
	at org.apache.hadoop.hdds.server.OzoneProtocolMessageDispatcher.processRequest(OzoneProtocolMessageDispatcher.java:87) [hdds-server-framework-1.4.0-SNAPSHOT.jar:?]
	at org.apache.hadoop.ozone.protocolPB.OzoneManagerProtocolServerSideTranslatorPB.submitRequest(OzoneManagerProtocolServerSideTranslatorPB.java:148) [ozone-manager-1.4.0-SNAPSHOT.jar:?]
	at org.apache.hadoop.ozone.protocol.proto.OzoneManagerProtocolProtos$OzoneManagerService$2.callBlockingMethod(OzoneManagerProtocolProtos.java) [ozone-interface-client-1.4.0-SNAPSHOT.jar:?]
	at org.apache.hadoop.ipc.ProtobufRpcEngine$Server.processCall(ProtobufRpcEngine.java:484) [hadoop-common-3.3.6.jar:?]
	at org.apache.hadoop.ipc.ProtobufRpcEngine2$Server$ProtoBufRpcInvoker.call(ProtobufRpcEngine2.java:595) [hadoop-common-3.3.6.jar:?]
	at org.apache.hadoop.ipc.ProtobufRpcEngine2$Server$ProtoBufRpcInvoker.call(ProtobufRpcEngine2.java:573) [hadoop-common-3.3.6.jar:?]
	at org.apache.hadoop.ipc.RPC$Server.call(RPC.java:1227) [hadoop-common-3.3.6.jar:?]
	at org.apache.hadoop.ipc.Server$RpcCall.run(Server.java:1094) [hadoop-common-3.3.6.jar:?]
	at org.apache.hadoop.ipc.Server$RpcCall.run(Server.java:1017) [hadoop-common-3.3.6.jar:?]
	at java.security.AccessController.doPrivileged(Native Method) ~[?:1.8.0_382]
	at javax.security.auth.Subject.doAs(Subject.java:422) [?:1.8.0_382]
	at org.apache.hadoop.security.UserGroupInformation.doAs(UserGroupInformation.java:1899) [hadoop-common-3.3.6.jar:?]
	at org.apache.hadoop.ipc.Server$Handler.run(Server.java:3048) [hadoop-common-3.3.6.jar:?]
09:15:22.784 [IPC Server handler 3 on default port 15057] ERROR OMAudit - user=runner | ip=127.0.0.1 | op=GET_FILE_STATUS {volume=volume10322, bucket=trashroottest2, key=.Trash/runner, dataSize=0, replicationConfig=null} | ret=FAILURE
org.apache.hadoop.ozone.om.exceptions.OMException: Unable to get file status: volume: volume10322 bucket: trashroottest2 key: .Trash/runner
	at org.apache.hadoop.ozone.om.KeyManagerImpl.getOzoneFileStatusFSO(KeyManagerImpl.java:1330) ~[ozone-manager-1.4.0-SNAPSHOT.jar:?]
	at org.apache.hadoop.ozone.om.KeyManagerImpl.getFileStatus(KeyManagerImpl.java:1114) ~[ozone-manager-1.4.0-SNAPSHOT.jar:?]
	at org.apache.hadoop.ozone.om.OmMetadataReader.getFileStatus(OmMetadataReader.java:266) ~[ozone-manager-1.4.0-SNAPSHOT.jar:?]
	at org.apache.hadoop.ozone.om.OzoneManager.getFileStatus(OzoneManager.java:3552) ~[ozone-manager-1.4.0-SNAPSHOT.jar:?]
	at org.apache.hadoop.ozone.protocolPB.OzoneManagerRequestHandler.getOzoneFileStatus(OzoneManagerRequestHandler.java:998) ~[ozone-manager-1.4.0-SNAPSHOT.jar:?]
	at org.apache.hadoop.ozone.protocolPB.OzoneManagerRequestHandler.handleReadRequest(OzoneManagerRequestHandler.java:259) ~[ozone-manager-1.4.0-SNAPSHOT.jar:?]
	at org.apache.hadoop.ozone.protocolPB.OzoneManagerProtocolServerSideTranslatorPB.submitRequestDirectlyToOM(OzoneManagerProtocolServerSideTranslatorPB.java:274) ~[ozone-manager-1.4.0-SNAPSHOT.jar:?]
	at org.apache.hadoop.ozone.protocolPB.OzoneManagerProtocolServerSideTranslatorPB.processRequest(OzoneManagerProtocolServerSideTranslatorPB.java:175) ~[ozone-manager-1.4.0-SNAPSHOT.jar:?]
	at org.apache.hadoop.hdds.server.OzoneProtocolMessageDispatcher.processRequest(OzoneProtocolMessageDispatcher.java:87) [hdds-server-framework-1.4.0-SNAPSHOT.jar:?]
	at org.apache.hadoop.ozone.protocolPB.OzoneManagerProtocolServerSideTranslatorPB.submitRequest(OzoneManagerProtocolServerSideTranslatorPB.java:148) [ozone-manager-1.4.0-SNAPSHOT.jar:?]
	at org.apache.hadoop.ozone.protocol.proto.OzoneManagerProtocolProtos$OzoneManagerService$2.callBlockingMethod(OzoneManagerProtocolProtos.java) [ozone-interface-client-1.4.0-SNAPSHOT.jar:?]
	at org.apache.hadoop.ipc.ProtobufRpcEngine$Server.processCall(ProtobufRpcEngine.java:484) [hadoop-common-3.3.6.jar:?]
	at org.apache.hadoop.ipc.ProtobufRpcEngine2$Server$ProtoBufRpcInvoker.call(ProtobufRpcEngine2.java:595) [hadoop-common-3.3.6.jar:?]
	at org.apache.hadoop.ipc.ProtobufRpcEngine2$Server$ProtoBufRpcInvoker.call(ProtobufRpcEngine2.java:573) [hadoop-common-3.3.6.jar:?]
	at org.apache.hadoop.ipc.RPC$Server.call(RPC.java:1227) [hadoop-common-3.3.6.jar:?]
	at org.apache.hadoop.ipc.Server$RpcCall.run(Server.java:1094) [hadoop-common-3.3.6.jar:?]
	at org.apache.hadoop.ipc.Server$RpcCall.run(Server.java:1017) [hadoop-common-3.3.6.jar:?]
	at java.security.AccessController.doPrivileged(Native Method) ~[?:1.8.0_382]
	at javax.security.auth.Subject.doAs(Subject.java:422) [?:1.8.0_382]
	at org.apache.hadoop.security.UserGroupInformation.doAs(UserGroupInformation.java:1899) [hadoop-common-3.3.6.jar:?]
	at org.apache.hadoop.ipc.Server$Handler.run(Server.java:3048) [hadoop-common-3.3.6.jar:?]
09:15:22.788 [IPC Server handler 18 on default port 15057] ERROR OMAudit - user=runner | ip=127.0.0.1 | op=GET_FILE_STATUS {volume=cdde32cd-eb12-463d-ad6b-723444d040b5, bucket=faefb70f-fd0c-477d-9edc-956ad4769103, key=.Trash, dataSize=0, replicationConfig=null} | ret=FAILURE
org.apache.hadoop.ozone.om.exceptions.OMException: Unable to get file status: volume: cdde32cd-eb12-463d-ad6b-723444d040b5 bucket: faefb70f-fd0c-477d-9edc-956ad4769103 key: .Trash
	at org.apache.hadoop.ozone.om.KeyManagerImpl.getOzoneFileStatus(KeyManagerImpl.java:1198) ~[ozone-manager-1.4.0-SNAPSHOT.jar:?]
	at org.apache.hadoop.ozone.om.KeyManagerImpl.getFileStatus(KeyManagerImpl.java:1116) ~[ozone-manager-1.4.0-SNAPSHOT.jar:?]
	at org.apache.hadoop.ozone.om.OmMetadataReader.getFileStatus(OmMetadataReader.java:266) ~[ozone-manager-1.4.0-SNAPSHOT.jar:?]
	at org.apache.hadoop.ozone.om.OzoneManager.getFileStatus(OzoneManager.java:3552) ~[ozone-manager-1.4.0-SNAPSHOT.jar:?]
	at org.apache.hadoop.ozone.protocolPB.OzoneManagerRequestHandler.getOzoneFileStatus(OzoneManagerRequestHandler.java:998) ~[ozone-manager-1.4.0-SNAPSHOT.jar:?]
	at org.apache.hadoop.ozone.protocolPB.OzoneManagerRequestHandler.handleReadRequest(OzoneManagerRequestHandler.java:259) ~[ozone-manager-1.4.0-SNAPSHOT.jar:?]
	at org.apache.hadoop.ozone.protocolPB.OzoneManagerProtocolServerSideTranslatorPB.submitRequestDirectlyToOM(OzoneManagerProtocolServerSideTranslatorPB.java:274) ~[ozone-manager-1.4.0-SNAPSHOT.jar:?]
	at org.apache.hadoop.ozone.protocolPB.OzoneManagerProtocolServerSideTranslatorPB.processRequest(OzoneManagerProtocolServerSideTranslatorPB.java:175) ~[ozone-manager-1.4.0-SNAPSHOT.jar:?]
	at org.apache.hadoop.hdds.server.OzoneProtocolMessageDispatcher.processRequest(OzoneProtocolMessageDispatcher.java:87) [hdds-server-framework-1.4.0-SNAPSHOT.jar:?]
	at org.apache.hadoop.ozone.protocolPB.OzoneManagerProtocolServerSideTranslatorPB.submitRequest(OzoneManagerProtocolServerSideTranslatorPB.java:148) [ozone-manager-1.4.0-SNAPSHOT.jar:?]
	at org.apache.hadoop.ozone.protocol.proto.OzoneManagerProtocolProtos$OzoneManagerService$2.callBlockingMethod(OzoneManagerProtocolProtos.java) [ozone-interface-client-1.4.0-SNAPSHOT.jar:?]
	at org.apache.hadoop.ipc.ProtobufRpcEngine$Server.processCall(ProtobufRpcEngine.java:484) [hadoop-common-3.3.6.jar:?]
	at org.apache.hadoop.ipc.ProtobufRpcEngine2$Server$ProtoBufRpcInvoker.call(ProtobufRpcEngine2.java:595) [hadoop-common-3.3.6.jar:?]
	at org.apache.hadoop.ipc.ProtobufRpcEngine2$Server$ProtoBufRpcInvoker.call(ProtobufRpcEngine2.java:573) [hadoop-common-3.3.6.jar:?]
	at org.apache.hadoop.ipc.RPC$Server.call(RPC.java:1227) [hadoop-common-3.3.6.jar:?]
	at org.apache.hadoop.ipc.Server$RpcCall.run(Server.java:1094) [hadoop-common-3.3.6.jar:?]
	at org.apache.hadoop.ipc.Server$RpcCall.run(Server.java:1017) [hadoop-common-3.3.6.jar:?]
	at java.security.AccessController.doPrivileged(Native Method) ~[?:1.8.0_382]
	at javax.security.auth.Subject.doAs(Subject.java:422) [?:1.8.0_382]
	at org.apache.hadoop.security.UserGroupInformation.doAs(UserGroupInformation.java:1899) [hadoop-common-3.3.6.jar:?]
	at org.apache.hadoop.ipc.Server$Handler.run(Server.java:3048) [hadoop-common-3.3.6.jar:?]
09:15:22.796 [IPC Server handler 12 on default port 15057] ERROR OMAudit - user=runner | ip=127.0.0.1 | op=GET_FILE_STATUS {volume=volume10322, bucket=trashroottest2, key=.Trash, dataSize=0, replicationConfig=null} | ret=FAILURE
org.apache.hadoop.ozone.om.exceptions.OMException: Unable to get file status: volume: volume10322 bucket: trashroottest2 key: .Trash
	at org.apache.hadoop.ozone.om.KeyManagerImpl.getOzoneFileStatusFSO(KeyManagerImpl.java:1330) ~[ozone-manager-1.4.0-SNAPSHOT.jar:?]
	at org.apache.hadoop.ozone.om.KeyManagerImpl.getFileStatus(KeyManagerImpl.java:1114) ~[ozone-manager-1.4.0-SNAPSHOT.jar:?]
	at org.apache.hadoop.ozone.om.OmMetadataReader.getFileStatus(OmMetadataReader.java:266) ~[ozone-manager-1.4.0-SNAPSHOT.jar:?]
	at org.apache.hadoop.ozone.om.OzoneManager.getFileStatus(OzoneManager.java:3552) ~[ozone-manager-1.4.0-SNAPSHOT.jar:?]
	at org.apache.hadoop.ozone.protocolPB.OzoneManagerRequestHandler.getOzoneFileStatus(OzoneManagerRequestHandler.java:998) ~[ozone-manager-1.4.0-SNAPSHOT.jar:?]
	at org.apache.hadoop.ozone.protocolPB.OzoneManagerRequestHandler.handleReadRequest(OzoneManagerRequestHandler.java:259) ~[ozone-manager-1.4.0-SNAPSHOT.jar:?]
	at org.apache.hadoop.ozone.protocolPB.OzoneManagerProtocolServerSideTranslatorPB.submitRequestDirectlyToOM(OzoneManagerProtocolServerSideTranslatorPB.java:274) ~[ozone-manager-1.4.0-SNAPSHOT.jar:?]
	at org.apache.hadoop.ozone.protocolPB.OzoneManagerProtocolServerSideTranslatorPB.processRequest(OzoneManagerProtocolServerSideTranslatorPB.java:175) ~[ozone-manager-1.4.0-SNAPSHOT.jar:?]
	at org.apache.hadoop.hdds.server.OzoneProtocolMessageDispatcher.processRequest(OzoneProtocolMessageDispatcher.java:87) [hdds-server-framework-1.4.0-SNAPSHOT.jar:?]
	at org.apache.hadoop.ozone.protocolPB.OzoneManagerProtocolServerSideTranslatorPB.submitRequest(OzoneManagerProtocolServerSideTranslatorPB.java:148) [ozone-manager-1.4.0-SNAPSHOT.jar:?]
	at org.apache.hadoop.ozone.protocol.proto.OzoneManagerProtocolProtos$OzoneManagerService$2.callBlockingMethod(OzoneManagerProtocolProtos.java) [ozone-interface-client-1.4.0-SNAPSHOT.jar:?]
	at org.apache.hadoop.ipc.ProtobufRpcEngine$Server.processCall(ProtobufRpcEngine.java:484) [hadoop-common-3.3.6.jar:?]
	at org.apache.hadoop.ipc.ProtobufRpcEngine2$Server$ProtoBufRpcInvoker.call(ProtobufRpcEngine2.java:595) [hadoop-common-3.3.6.jar:?]
	at org.apache.hadoop.ipc.ProtobufRpcEngine2$Server$ProtoBufRpcInvoker.call(ProtobufRpcEngine2.java:573) [hadoop-common-3.3.6.jar:?]
	at org.apache.hadoop.ipc.RPC$Server.call(RPC.java:1227) [hadoop-common-3.3.6.jar:?]
	at org.apache.hadoop.ipc.Server$RpcCall.run(Server.java:1094) [hadoop-common-3.3.6.jar:?]
	at org.apache.hadoop.ipc.Server$RpcCall.run(Server.java:1017) [hadoop-common-3.3.6.jar:?]
	at java.security.AccessController.doPrivileged(Native Method) ~[?:1.8.0_382]
	at javax.security.auth.Subject.doAs(Subject.java:422) [?:1.8.0_382]
	at org.apache.hadoop.security.UserGroupInformation.doAs(UserGroupInformation.java:1899) [hadoop-common-3.3.6.jar:?]
	at org.apache.hadoop.ipc.Server$Handler.run(Server.java:3048) [hadoop-common-3.3.6.jar:?]
09:15:22.804 [IPC Server handler 17 on default port 15057] ERROR OMAudit - user=runner | ip=127.0.0.1 | op=GET_FILE_STATUS {volume=volume82874, bucket=bucket64613, key=.Trash, dataSize=0, replicationConfig=null} | ret=FAILURE
org.apache.hadoop.ozone.om.exceptions.OMException: Unable to get file status: volume: volume82874 bucket: bucket64613 key: .Trash
	at org.apache.hadoop.ozone.om.KeyManagerImpl.getOzoneFileStatusFSO(KeyManagerImpl.java:1330) ~[ozone-manager-1.4.0-SNAPSHOT.jar:?]
	at org.apache.hadoop.ozone.om.KeyManagerImpl.getFileStatus(KeyManagerImpl.java:1114) ~[ozone-manager-1.4.0-SNAPSHOT.jar:?]
	at org.apache.hadoop.ozone.om.OmMetadataReader.getFileStatus(OmMetadataReader.java:266) ~[ozone-manager-1.4.0-SNAPSHOT.jar:?]
	at org.apache.hadoop.ozone.om.OzoneManager.getFileStatus(OzoneManager.java:3552) ~[ozone-manager-1.4.0-SNAPSHOT.jar:?]
	at org.apache.hadoop.ozone.protocolPB.OzoneManagerRequestHandler.getOzoneFileStatus(OzoneManagerRequestHandler.java:998) ~[ozone-manager-1.4.0-SNAPSHOT.jar:?]
	at org.apache.hadoop.ozone.protocolPB.OzoneManagerRequestHandler.handleReadRequest(OzoneManagerRequestHandler.java:259) ~[ozone-manager-1.4.0-SNAPSHOT.jar:?]
	at org.apache.hadoop.ozone.protocolPB.OzoneManagerProtocolServerSideTranslatorPB.submitRequestDirectlyToOM(OzoneManagerProtocolServerSideTranslatorPB.java:274) ~[ozone-manager-1.4.0-SNAPSHOT.jar:?]
	at org.apache.hadoop.ozone.protocolPB.OzoneManagerProtocolServerSideTranslatorPB.processRequest(OzoneManagerProtocolServerSideTranslatorPB.java:175) ~[ozone-manager-1.4.0-SNAPSHOT.jar:?]
	at org.apache.hadoop.hdds.server.OzoneProtocolMessageDispatcher.processRequest(OzoneProtocolMessageDispatcher.java:87) [hdds-server-framework-1.4.0-SNAPSHOT.jar:?]
	at org.apache.hadoop.ozone.protocolPB.OzoneManagerProtocolServerSideTranslatorPB.submitRequest(OzoneManagerProtocolServerSideTranslatorPB.java:148) [ozone-manager-1.4.0-SNAPSHOT.jar:?]
	at org.apache.hadoop.ozone.protocol.proto.OzoneManagerProtocolProtos$OzoneManagerService$2.callBlockingMethod(OzoneManagerProtocolProtos.java) [ozone-interface-client-1.4.0-SNAPSHOT.jar:?]
	at org.apache.hadoop.ipc.ProtobufRpcEngine$Server.processCall(ProtobufRpcEngine.java:484) [hadoop-common-3.3.6.jar:?]
	at org.apache.hadoop.ipc.ProtobufRpcEngine2$Server$ProtoBufRpcInvoker.call(ProtobufRpcEngine2.java:595) [hadoop-common-3.3.6.jar:?]
	at org.apache.hadoop.ipc.ProtobufRpcEngine2$Server$ProtoBufRpcInvoker.call(ProtobufRpcEngine2.java:573) [hadoop-common-3.3.6.jar:?]
	at org.apache.hadoop.ipc.RPC$Server.call(RPC.java:1227) [hadoop-common-3.3.6.jar:?]
	at org.apache.hadoop.ipc.Server$RpcCall.run(Server.java:1094) [hadoop-common-3.3.6.jar:?]
	at org.apache.hadoop.ipc.Server$RpcCall.run(Server.java:1017) [hadoop-common-3.3.6.jar:?]
	at java.security.AccessController.doPrivileged(Native Method) ~[?:1.8.0_382]
	at javax.security.auth.Subject.doAs(Subject.java:422) [?:1.8.0_382]
	at org.apache.hadoop.security.UserGroupInformation.doAs(UserGroupInformation.java:1899) [hadoop-common-3.3.6.jar:?]
	at org.apache.hadoop.ipc.Server$Handler.run(Server.java:3048) [hadoop-common-3.3.6.jar:?]
09:15:22.809 [IPC Server handler 19 on default port 15057] ERROR OMAudit - user=runner | ip=127.0.0.1 | op=GET_FILE_STATUS {volume=volume85451, bucket=bucket13686, key=.Trash, dataSize=0, replicationConfig=null} | ret=FAILURE
org.apache.hadoop.ozone.om.exceptions.OMException: Unable to get file status: volume: volume85451 bucket: bucket13686 key: .Trash
	at org.apache.hadoop.ozone.om.KeyManagerImpl.getOzoneFileStatusFSO(KeyManagerImpl.java:1330) ~[ozone-manager-1.4.0-SNAPSHOT.jar:?]
	at org.apache.hadoop.ozone.om.KeyManagerImpl.getFileStatus(KeyManagerImpl.java:1114) ~[ozone-manager-1.4.0-SNAPSHOT.jar:?]
	at org.apache.hadoop.ozone.om.OmMetadataReader.getFileStatus(OmMetadataReader.java:266) ~[ozone-manager-1.4.0-SNAPSHOT.jar:?]
	at org.apache.hadoop.ozone.om.OzoneManager.getFileStatus(OzoneManager.java:3552) ~[ozone-manager-1.4.0-SNAPSHOT.jar:?]
	at org.apache.hadoop.ozone.protocolPB.OzoneManagerRequestHandler.getOzoneFileStatus(OzoneManagerRequestHandler.java:998) ~[ozone-manager-1.4.0-SNAPSHOT.jar:?]
	at org.apache.hadoop.ozone.protocolPB.OzoneManagerRequestHandler.handleReadRequest(OzoneManagerRequestHandler.java:259) ~[ozone-manager-1.4.0-SNAPSHOT.jar:?]
	at org.apache.hadoop.ozone.protocolPB.OzoneManagerProtocolServerSideTranslatorPB.submitRequestDirectlyToOM(OzoneManagerProtocolServerSideTranslatorPB.java:274) ~[ozone-manager-1.4.0-SNAPSHOT.jar:?]
	at org.apache.hadoop.ozone.protocolPB.OzoneManagerProtocolServerSideTranslatorPB.processRequest(OzoneManagerProtocolServerSideTranslatorPB.java:175) ~[ozone-manager-1.4.0-SNAPSHOT.jar:?]
	at org.apache.hadoop.hdds.server.OzoneProtocolMessageDispatcher.processRequest(OzoneProtocolMessageDispatcher.java:87) [hdds-server-framework-1.4.0-SNAPSHOT.jar:?]
	at org.apache.hadoop.ozone.protocolPB.OzoneManagerProtocolServerSideTranslatorPB.submitRequest(OzoneManagerProtocolServerSideTranslatorPB.java:148) [ozone-manager-1.4.0-SNAPSHOT.jar:?]
	at org.apache.hadoop.ozone.protocol.proto.OzoneManagerProtocolProtos$OzoneManagerService$2.callBlockingMethod(OzoneManagerProtocolProtos.java) [ozone-interface-client-1.4.0-SNAPSHOT.jar:?]
	at org.apache.hadoop.ipc.ProtobufRpcEngine$Server.processCall(ProtobufRpcEngine.java:484) [hadoop-common-3.3.6.jar:?]
	at org.apache.hadoop.ipc.ProtobufRpcEngine2$Server$ProtoBufRpcInvoker.call(ProtobufRpcEngine2.java:595) [hadoop-common-3.3.6.jar:?]
	at org.apache.hadoop.ipc.ProtobufRpcEngine2$Server$ProtoBufRpcInvoker.call(ProtobufRpcEngine2.java:573) [hadoop-common-3.3.6.jar:?]
	at org.apache.hadoop.ipc.RPC$Server.call(RPC.java:1227) [hadoop-common-3.3.6.jar:?]
	at org.apache.hadoop.ipc.Server$RpcCall.run(Server.java:1094) [hadoop-common-3.3.6.jar:?]
	at org.apache.hadoop.ipc.Server$RpcCall.run(Server.java:1017) [hadoop-common-3.3.6.jar:?]
	at java.security.AccessController.doPrivileged(Native Method) ~[?:1.8.0_382]
	at javax.security.auth.Subject.doAs(Subject.java:422) [?:1.8.0_382]
	at org.apache.hadoop.security.UserGroupInformation.doAs(UserGroupInformation.java:1899) [hadoop-common-3.3.6.jar:?]
	at org.apache.hadoop.ipc.Server$Handler.run(Server.java:3048) [hadoop-common-3.3.6.jar:?]
09:15:22.817 [IPC Server handler 12 on default port 15057] ERROR OMAudit - user=runner | ip=127.0.0.1 | op=GET_FILE_STATUS {volume=volume82874, bucket=bucket64613, key=.Trash/runner, dataSize=0, replicationConfig=null} | ret=FAILURE
org.apache.hadoop.ozone.om.exceptions.OMException: Unable to get file status: volume: volume82874 bucket: bucket64613 key: .Trash/runner
	at org.apache.hadoop.ozone.om.KeyManagerImpl.getOzoneFileStatusFSO(KeyManagerImpl.java:1330) ~[ozone-manager-1.4.0-SNAPSHOT.jar:?]
	at org.apache.hadoop.ozone.om.KeyManagerImpl.getFileStatus(KeyManagerImpl.java:1114) ~[ozone-manager-1.4.0-SNAPSHOT.jar:?]
	at org.apache.hadoop.ozone.om.OmMetadataReader.getFileStatus(OmMetadataReader.java:266) ~[ozone-manager-1.4.0-SNAPSHOT.jar:?]
	at org.apache.hadoop.ozone.om.OzoneManager.getFileStatus(OzoneManager.java:3552) ~[ozone-manager-1.4.0-SNAPSHOT.jar:?]
	at org.apache.hadoop.ozone.protocolPB.OzoneManagerRequestHandler.getOzoneFileStatus(OzoneManagerRequestHandler.java:998) ~[ozone-manager-1.4.0-SNAPSHOT.jar:?]
	at org.apache.hadoop.ozone.protocolPB.OzoneManagerRequestHandler.handleReadRequest(OzoneManagerRequestHandler.java:259) ~[ozone-manager-1.4.0-SNAPSHOT.jar:?]
	at org.apache.hadoop.ozone.protocolPB.OzoneManagerProtocolServerSideTranslatorPB.submitRequestDirectlyToOM(OzoneManagerProtocolServerSideTranslatorPB.java:274) ~[ozone-manager-1.4.0-SNAPSHOT.jar:?]
	at org.apache.hadoop.ozone.protocolPB.OzoneManagerProtocolServerSideTranslatorPB.processRequest(OzoneManagerProtocolServerSideTranslatorPB.java:175) ~[ozone-manager-1.4.0-SNAPSHOT.jar:?]
	at org.apache.hadoop.hdds.server.OzoneProtocolMessageDispatcher.processRequest(OzoneProtocolMessageDispatcher.java:87) [hdds-server-framework-1.4.0-SNAPSHOT.jar:?]
	at org.apache.hadoop.ozone.protocolPB.OzoneManagerProtocolServerSideTranslatorPB.submitRequest(OzoneManagerProtocolServerSideTranslatorPB.java:148) [ozone-manager-1.4.0-SNAPSHOT.jar:?]
	at org.apache.hadoop.ozone.protocol.proto.OzoneManagerProtocolProtos$OzoneManagerService$2.callBlockingMethod(OzoneManagerProtocolProtos.java) [ozone-interface-client-1.4.0-SNAPSHOT.jar:?]
	at org.apache.hadoop.ipc.ProtobufRpcEngine$Server.processCall(ProtobufRpcEngine.java:484) [hadoop-common-3.3.6.jar:?]
	at org.apache.hadoop.ipc.ProtobufRpcEngine2$Server$ProtoBufRpcInvoker.call(ProtobufRpcEngine2.java:595) [hadoop-common-3.3.6.jar:?]
	at org.apache.hadoop.ipc.ProtobufRpcEngine2$Server$ProtoBufRpcInvoker.call(ProtobufRpcEngine2.java:573) [hadoop-common-3.3.6.jar:?]
	at org.apache.hadoop.ipc.RPC$Server.call(RPC.java:1227) [hadoop-common-3.3.6.jar:?]
	at org.apache.hadoop.ipc.Server$RpcCall.run(Server.java:1094) [hadoop-common-3.3.6.jar:?]
	at org.apache.hadoop.ipc.Server$RpcCall.run(Server.java:1017) [hadoop-common-3.3.6.jar:?]
	at java.security.AccessController.doPrivileged(Native Method) ~[?:1.8.0_382]
	at javax.security.auth.Subject.doAs(Subject.java:422) [?:1.8.0_382]
	at org.apache.hadoop.security.UserGroupInformation.doAs(UserGroupInformation.java:1899) [hadoop-common-3.3.6.jar:?]
	at org.apache.hadoop.ipc.Server$Handler.run(Server.java:3048) [hadoop-common-3.3.6.jar:?]
09:15:22.823 [IPC Server handler 4 on default port 15057] ERROR OMAudit - user=runner | ip=127.0.0.1 | op=GET_FILE_STATUS {volume=volume10322, bucket=trashroottest2, key=.Trash/runner, dataSize=0, replicationConfig=null} | ret=FAILURE
org.apache.hadoop.ozone.om.exceptions.OMException: Unable to get file status: volume: volume10322 bucket: trashroottest2 key: .Trash/runner
	at org.apache.hadoop.ozone.om.KeyManagerImpl.getOzoneFileStatusFSO(KeyManagerImpl.java:1330) ~[ozone-manager-1.4.0-SNAPSHOT.jar:?]
	at org.apache.hadoop.ozone.om.KeyManagerImpl.getFileStatus(KeyManagerImpl.java:1114) ~[ozone-manager-1.4.0-SNAPSHOT.jar:?]
	at org.apache.hadoop.ozone.om.OmMetadataReader.getFileStatus(OmMetadataReader.java:266) ~[ozone-manager-1.4.0-SNAPSHOT.jar:?]
	at org.apache.hadoop.ozone.om.OzoneManager.getFileStatus(OzoneManager.java:3552) ~[ozone-manager-1.4.0-SNAPSHOT.jar:?]
	at org.apache.hadoop.ozone.protocolPB.OzoneManagerRequestHandler.getOzoneFileStatus(OzoneManagerRequestHandler.java:998) ~[ozone-manager-1.4.0-SNAPSHOT.jar:?]
	at org.apache.hadoop.ozone.protocolPB.OzoneManagerRequestHandler.handleReadRequest(OzoneManagerRequestHandler.java:259) ~[ozone-manager-1.4.0-SNAPSHOT.jar:?]
	at org.apache.hadoop.ozone.protocolPB.OzoneManagerProtocolServerSideTranslatorPB.submitRequestDirectlyToOM(OzoneManagerProtocolServerSideTranslatorPB.java:274) ~[ozone-manager-1.4.0-SNAPSHOT.jar:?]
	at org.apache.hadoop.ozone.protocolPB.OzoneManagerProtocolServerSideTranslatorPB.processRequest(OzoneManagerProtocolServerSideTranslatorPB.java:175) ~[ozone-manager-1.4.0-SNAPSHOT.jar:?]
	at org.apache.hadoop.hdds.server.OzoneProtocolMessageDispatcher.processRequest(OzoneProtocolMessageDispatcher.java:87) [hdds-server-framework-1.4.0-SNAPSHOT.jar:?]
	at org.apache.hadoop.ozone.protocolPB.OzoneManagerProtocolServerSideTranslatorPB.submitRequest(OzoneManagerProtocolServerSideTranslatorPB.java:148) [ozone-manager-1.4.0-SNAPSHOT.jar:?]
	at org.apache.hadoop.ozone.protocol.proto.OzoneManagerProtocolProtos$OzoneManagerService$2.callBlockingMethod(OzoneManagerProtocolProtos.java) [ozone-interface-client-1.4.0-SNAPSHOT.jar:?]
	at org.apache.hadoop.ipc.ProtobufRpcEngine$Server.processCall(ProtobufRpcEngine.java:484) [hadoop-common-3.3.6.jar:?]
	at org.apache.hadoop.ipc.ProtobufRpcEngine2$Server$ProtoBufRpcInvoker.call(ProtobufRpcEngine2.java:595) [hadoop-common-3.3.6.jar:?]
	at org.apache.hadoop.ipc.ProtobufRpcEngine2$Server$ProtoBufRpcInvoker.call(ProtobufRpcEngine2.java:573) [hadoop-common-3.3.6.jar:?]
	at org.apache.hadoop.ipc.RPC$Server.call(RPC.java:1227) [hadoop-common-3.3.6.jar:?]
	at org.apache.hadoop.ipc.Server$RpcCall.run(Server.java:1094) [hadoop-common-3.3.6.jar:?]
	at org.apache.hadoop.ipc.Server$RpcCall.run(Server.java:1017) [hadoop-common-3.3.6.jar:?]
	at java.security.AccessController.doPrivileged(Native Method) ~[?:1.8.0_382]
	at javax.security.auth.Subject.doAs(Subject.java:422) [?:1.8.0_382]
	at org.apache.hadoop.security.UserGroupInformation.doAs(UserGroupInformation.java:1899) [hadoop-common-3.3.6.jar:?]
	at org.apache.hadoop.ipc.Server$Handler.run(Server.java:3048) [hadoop-common-3.3.6.jar:?]
09:15:22.827 [IPC Server handler 9 on default port 15057] ERROR OMAudit - user=runner | ip=127.0.0.1 | op=GET_FILE_STATUS {volume=cdde32cd-eb12-463d-ad6b-723444d040b5, bucket=faefb70f-fd0c-477d-9edc-956ad4769103, key=.Trash, dataSize=0, replicationConfig=null} | ret=FAILURE
org.apache.hadoop.ozone.om.exceptions.OMException: Unable to get file status: volume: cdde32cd-eb12-463d-ad6b-723444d040b5 bucket: faefb70f-fd0c-477d-9edc-956ad4769103 key: .Trash
	at org.apache.hadoop.ozone.om.KeyManagerImpl.getOzoneFileStatus(KeyManagerImpl.java:1198) ~[ozone-manager-1.4.0-SNAPSHOT.jar:?]
	at org.apache.hadoop.ozone.om.KeyManagerImpl.getFileStatus(KeyManagerImpl.java:1116) ~[ozone-manager-1.4.0-SNAPSHOT.jar:?]
	at org.apache.hadoop.ozone.om.OmMetadataReader.getFileStatus(OmMetadataReader.java:266) ~[ozone-manager-1.4.0-SNAPSHOT.jar:?]
	at org.apache.hadoop.ozone.om.OzoneManager.getFileStatus(OzoneManager.java:3552) ~[ozone-manager-1.4.0-SNAPSHOT.jar:?]
	at org.apache.hadoop.ozone.protocolPB.OzoneManagerRequestHandler.getOzoneFileStatus(OzoneManagerRequestHandler.java:998) ~[ozone-manager-1.4.0-SNAPSHOT.jar:?]
	at org.apache.hadoop.ozone.protocolPB.OzoneManagerRequestHandler.handleReadRequest(OzoneManagerRequestHandler.java:259) ~[ozone-manager-1.4.0-SNAPSHOT.jar:?]
	at org.apache.hadoop.ozone.protocolPB.OzoneManagerProtocolServerSideTranslatorPB.submitRequestDirectlyToOM(OzoneManagerProtocolServerSideTranslatorPB.java:274) ~[ozone-manager-1.4.0-SNAPSHOT.jar:?]
	at org.apache.hadoop.ozone.protocolPB.OzoneManagerProtocolServerSideTranslatorPB.processRequest(OzoneManagerProtocolServerSideTranslatorPB.java:175) ~[ozone-manager-1.4.0-SNAPSHOT.jar:?]
	at org.apache.hadoop.hdds.server.OzoneProtocolMessageDispatcher.processRequest(OzoneProtocolMessageDispatcher.java:87) [hdds-server-framework-1.4.0-SNAPSHOT.jar:?]
	at org.apache.hadoop.ozone.protocolPB.OzoneManagerProtocolServerSideTranslatorPB.submitRequest(OzoneManagerProtocolServerSideTranslatorPB.java:148) [ozone-manager-1.4.0-SNAPSHOT.jar:?]
	at org.apache.hadoop.ozone.protocol.proto.OzoneManagerProtocolProtos$OzoneManagerService$2.callBlockingMethod(OzoneManagerProtocolProtos.java) [ozone-interface-client-1.4.0-SNAPSHOT.jar:?]
	at org.apache.hadoop.ipc.ProtobufRpcEngine$Server.processCall(ProtobufRpcEngine.java:484) [hadoop-common-3.3.6.jar:?]
	at org.apache.hadoop.ipc.ProtobufRpcEngine2$Server$ProtoBufRpcInvoker.call(ProtobufRpcEngine2.java:595) [hadoop-common-3.3.6.jar:?]
	at org.apache.hadoop.ipc.ProtobufRpcEngine2$Server$ProtoBufRpcInvoker.call(ProtobufRpcEngine2.java:573) [hadoop-common-3.3.6.jar:?]
	at org.apache.hadoop.ipc.RPC$Server.call(RPC.java:1227) [hadoop-common-3.3.6.jar:?]
	at org.apache.hadoop.ipc.Server$RpcCall.run(Server.java:1094) [hadoop-common-3.3.6.jar:?]
	at org.apache.hadoop.ipc.Server$RpcCall.run(Server.java:1017) [hadoop-common-3.3.6.jar:?]
	at java.security.AccessController.doPrivileged(Native Method) ~[?:1.8.0_382]
	at javax.security.auth.Subject.doAs(Subject.java:422) [?:1.8.0_382]
	at org.apache.hadoop.security.UserGroupInformation.doAs(UserGroupInformation.java:1899) [hadoop-common-3.3.6.jar:?]
	at org.apache.hadoop.ipc.Server$Handler.run(Server.java:3048) [hadoop-common-3.3.6.jar:?]
09:15:22.835 [IPC Server handler 18 on default port 15057] ERROR OMAudit - user=runner | ip=127.0.0.1 | op=GET_FILE_STATUS {volume=volume10322, bucket=trashroottest2, key=.Trash, dataSize=0, replicationConfig=null} | ret=FAILURE
org.apache.hadoop.ozone.om.exceptions.OMException: Unable to get file status: volume: volume10322 bucket: trashroottest2 key: .Trash
	at org.apache.hadoop.ozone.om.KeyManagerImpl.getOzoneFileStatusFSO(KeyManagerImpl.java:1330) ~[ozone-manager-1.4.0-SNAPSHOT.jar:?]
	at org.apache.hadoop.ozone.om.KeyManagerImpl.getFileStatus(KeyManagerImpl.java:1114) ~[ozone-manager-1.4.0-SNAPSHOT.jar:?]
	at org.apache.hadoop.ozone.om.OmMetadataReader.getFileStatus(OmMetadataReader.java:266) ~[ozone-manager-1.4.0-SNAPSHOT.jar:?]
	at org.apache.hadoop.ozone.om.OzoneManager.getFileStatus(OzoneManager.java:3552) ~[ozone-manager-1.4.0-SNAPSHOT.jar:?]
	at org.apache.hadoop.ozone.protocolPB.OzoneManagerRequestHandler.getOzoneFileStatus(OzoneManagerRequestHandler.java:998) ~[ozone-manager-1.4.0-SNAPSHOT.jar:?]
	at org.apache.hadoop.ozone.protocolPB.OzoneManagerRequestHandler.handleReadRequest(OzoneManagerRequestHandler.java:259) ~[ozone-manager-1.4.0-SNAPSHOT.jar:?]
	at org.apache.hadoop.ozone.protocolPB.OzoneManagerProtocolServerSideTranslatorPB.submitRequestDirectlyToOM(OzoneManagerProtocolServerSideTranslatorPB.java:274) ~[ozone-manager-1.4.0-SNAPSHOT.jar:?]
	at org.apache.hadoop.ozone.protocolPB.OzoneManagerProtocolServerSideTranslatorPB.processRequest(OzoneManagerProtocolServerSideTranslatorPB.java:175) ~[ozone-manager-1.4.0-SNAPSHOT.jar:?]
	at org.apache.hadoop.hdds.server.OzoneProtocolMessageDispatcher.processRequest(OzoneProtocolMessageDispatcher.java:87) [hdds-server-framework-1.4.0-SNAPSHOT.jar:?]
	at org.apache.hadoop.ozone.protocolPB.OzoneManagerProtocolServerSideTranslatorPB.submitRequest(OzoneManagerProtocolServerSideTranslatorPB.java:148) [ozone-manager-1.4.0-SNAPSHOT.jar:?]
	at org.apache.hadoop.ozone.protocol.proto.OzoneManagerProtocolProtos$OzoneManagerService$2.callBlockingMethod(OzoneManagerProtocolProtos.java) [ozone-interface-client-1.4.0-SNAPSHOT.jar:?]
	at org.apache.hadoop.ipc.ProtobufRpcEngine$Server.processCall(ProtobufRpcEngine.java:484) [hadoop-common-3.3.6.jar:?]
	at org.apache.hadoop.ipc.ProtobufRpcEngine2$Server$ProtoBufRpcInvoker.call(ProtobufRpcEngine2.java:595) [hadoop-common-3.3.6.jar:?]
	at org.apache.hadoop.ipc.ProtobufRpcEngine2$Server$ProtoBufRpcInvoker.call(ProtobufRpcEngine2.java:573) [hadoop-common-3.3.6.jar:?]
	at org.apache.hadoop.ipc.RPC$Server.call(RPC.java:1227) [hadoop-common-3.3.6.jar:?]
	at org.apache.hadoop.ipc.Server$RpcCall.run(Server.java:1094) [hadoop-common-3.3.6.jar:?]
	at org.apache.hadoop.ipc.Server$RpcCall.run(Server.java:1017) [hadoop-common-3.3.6.jar:?]
	at java.security.AccessController.doPrivileged(Native Method) ~[?:1.8.0_382]
	at javax.security.auth.Subject.doAs(Subject.java:422) [?:1.8.0_382]
	at org.apache.hadoop.security.UserGroupInformation.doAs(UserGroupInformation.java:1899) [hadoop-common-3.3.6.jar:?]
	at org.apache.hadoop.ipc.Server$Handler.run(Server.java:3048) [hadoop-common-3.3.6.jar:?]
09:15:22.838 [IPC Server handler 2 on default port 15057] ERROR OMAudit - user=runner | ip=127.0.0.1 | op=GET_FILE_STATUS {volume=volume82874, bucket=bucket64613, key=.Trash, dataSize=0, replicationConfig=null} | ret=FAILURE
org.apache.hadoop.ozone.om.exceptions.OMException: Unable to get file status: volume: volume82874 bucket: bucket64613 key: .Trash
	at org.apache.hadoop.ozone.om.KeyManagerImpl.getOzoneFileStatusFSO(KeyManagerImpl.java:1330) ~[ozone-manager-1.4.0-SNAPSHOT.jar:?]
	at org.apache.hadoop.ozone.om.KeyManagerImpl.getFileStatus(KeyManagerImpl.java:1114) ~[ozone-manager-1.4.0-SNAPSHOT.jar:?]
	at org.apache.hadoop.ozone.om.OmMetadataReader.getFileStatus(OmMetadataReader.java:266) ~[ozone-manager-1.4.0-SNAPSHOT.jar:?]
	at org.apache.hadoop.ozone.om.OzoneManager.getFileStatus(OzoneManager.java:3552) ~[ozone-manager-1.4.0-SNAPSHOT.jar:?]
	at org.apache.hadoop.ozone.protocolPB.OzoneManagerRequestHandler.getOzoneFileStatus(OzoneManagerRequestHandler.java:998) ~[ozone-manager-1.4.0-SNAPSHOT.jar:?]
	at org.apache.hadoop.ozone.protocolPB.OzoneManagerRequestHandler.handleReadRequest(OzoneManagerRequestHandler.java:259) ~[ozone-manager-1.4.0-SNAPSHOT.jar:?]
	at org.apache.hadoop.ozone.protocolPB.OzoneManagerProtocolServerSideTranslatorPB.submitRequestDirectlyToOM(OzoneManagerProtocolServerSideTranslatorPB.java:274) ~[ozone-manager-1.4.0-SNAPSHOT.jar:?]
	at org.apache.hadoop.ozone.protocolPB.OzoneManagerProtocolServerSideTranslatorPB.processRequest(OzoneManagerProtocolServerSideTranslatorPB.java:175) ~[ozone-manager-1.4.0-SNAPSHOT.jar:?]
	at org.apache.hadoop.hdds.server.OzoneProtocolMessageDispatcher.processRequest(OzoneProtocolMessageDispatcher.java:87) [hdds-server-framework-1.4.0-SNAPSHOT.jar:?]
	at org.apache.hadoop.ozone.protocolPB.OzoneManagerProtocolServerSideTranslatorPB.submitRequest(OzoneManagerProtocolServerSideTranslatorPB.java:148) [ozone-manager-1.4.0-SNAPSHOT.jar:?]
	at org.apache.hadoop.ozone.protocol.proto.OzoneManagerProtocolProtos$OzoneManagerService$2.callBlockingMethod(OzoneManagerProtocolProtos.java) [ozone-interface-client-1.4.0-SNAPSHOT.jar:?]
	at org.apache.hadoop.ipc.ProtobufRpcEngine$Server.processCall(ProtobufRpcEngine.java:484) [hadoop-common-3.3.6.jar:?]
	at org.apache.hadoop.ipc.ProtobufRpcEngine2$Server$ProtoBufRpcInvoker.call(ProtobufRpcEngine2.java:595) [hadoop-common-3.3.6.jar:?]
	at org.apache.hadoop.ipc.ProtobufRpcEngine2$Server$ProtoBufRpcInvoker.call(ProtobufRpcEngine2.java:573) [hadoop-common-3.3.6.jar:?]
	at org.apache.hadoop.ipc.RPC$Server.call(RPC.java:1227) [hadoop-common-3.3.6.jar:?]
	at org.apache.hadoop.ipc.Server$RpcCall.run(Server.java:1094) [hadoop-common-3.3.6.jar:?]
	at org.apache.hadoop.ipc.Server$RpcCall.run(Server.java:1017) [hadoop-common-3.3.6.jar:?]
	at java.security.AccessController.doPrivileged(Native Method) ~[?:1.8.0_382]
	at javax.security.auth.Subject.doAs(Subject.java:422) [?:1.8.0_382]
	at org.apache.hadoop.security.UserGroupInformation.doAs(UserGroupInformation.java:1899) [hadoop-common-3.3.6.jar:?]
	at org.apache.hadoop.ipc.Server$Handler.run(Server.java:3048) [hadoop-common-3.3.6.jar:?]
09:15:22.841 [IPC Server handler 7 on default port 15057] ERROR OMAudit - user=runner | ip=127.0.0.1 | op=GET_FILE_STATUS {volume=volume85451, bucket=bucket13686, key=.Trash, dataSize=0, replicationConfig=null} | ret=FAILURE
org.apache.hadoop.ozone.om.exceptions.OMException: Unable to get file status: volume: volume85451 bucket: bucket13686 key: .Trash
	at org.apache.hadoop.ozone.om.KeyManagerImpl.getOzoneFileStatusFSO(KeyManagerImpl.java:1330) ~[ozone-manager-1.4.0-SNAPSHOT.jar:?]
	at org.apache.hadoop.ozone.om.KeyManagerImpl.getFileStatus(KeyManagerImpl.java:1114) ~[ozone-manager-1.4.0-SNAPSHOT.jar:?]
	at org.apache.hadoop.ozone.om.OmMetadataReader.getFileStatus(OmMetadataReader.java:266) ~[ozone-manager-1.4.0-SNAPSHOT.jar:?]
	at org.apache.hadoop.ozone.om.OzoneManager.getFileStatus(OzoneManager.java:3552) ~[ozone-manager-1.4.0-SNAPSHOT.jar:?]
	at org.apache.hadoop.ozone.protocolPB.OzoneManagerRequestHandler.getOzoneFileStatus(OzoneManagerRequestHandler.java:998) ~[ozone-manager-1.4.0-SNAPSHOT.jar:?]
	at org.apache.hadoop.ozone.protocolPB.OzoneManagerRequestHandler.handleReadRequest(OzoneManagerRequestHandler.java:259) ~[ozone-manager-1.4.0-SNAPSHOT.jar:?]
	at org.apache.hadoop.ozone.protocolPB.OzoneManagerProtocolServerSideTranslatorPB.submitRequestDirectlyToOM(OzoneManagerProtocolServerSideTranslatorPB.java:274) ~[ozone-manager-1.4.0-SNAPSHOT.jar:?]
	at org.apache.hadoop.ozone.protocolPB.OzoneManagerProtocolServerSideTranslatorPB.processRequest(OzoneManagerProtocolServerSideTranslatorPB.java:175) ~[ozone-manager-1.4.0-SNAPSHOT.jar:?]
	at org.apache.hadoop.hdds.server.OzoneProtocolMessageDispatcher.processRequest(OzoneProtocolMessageDispatcher.java:87) [hdds-server-framework-1.4.0-SNAPSHOT.jar:?]
	at org.apache.hadoop.ozone.protocolPB.OzoneManagerProtocolServerSideTranslatorPB.submitRequest(OzoneManagerProtocolServerSideTranslatorPB.java:148) [ozone-manager-1.4.0-SNAPSHOT.jar:?]
	at org.apache.hadoop.ozone.protocol.proto.OzoneManagerProtocolProtos$OzoneManagerService$2.callBlockingMethod(OzoneManagerProtocolProtos.java) [ozone-interface-client-1.4.0-SNAPSHOT.jar:?]
	at org.apache.hadoop.ipc.ProtobufRpcEngine$Server.processCall(ProtobufRpcEngine.java:484) [hadoop-common-3.3.6.jar:?]
	at org.apache.hadoop.ipc.ProtobufRpcEngine2$Server$ProtoBufRpcInvoker.call(ProtobufRpcEngine2.java:595) [hadoop-common-3.3.6.jar:?]
	at org.apache.hadoop.ipc.ProtobufRpcEngine2$Server$ProtoBufRpcInvoker.call(ProtobufRpcEngine2.java:573) [hadoop-common-3.3.6.jar:?]
	at org.apache.hadoop.ipc.RPC$Server.call(RPC.java:1227) [hadoop-common-3.3.6.jar:?]
	at org.apache.hadoop.ipc.Server$RpcCall.run(Server.java:1094) [hadoop-common-3.3.6.jar:?]
	at org.apache.hadoop.ipc.Server$RpcCall.run(Server.java:1017) [hadoop-common-3.3.6.jar:?]
	at java.security.AccessController.doPrivileged(Native Method) ~[?:1.8.0_382]
	at javax.security.auth.Subject.doAs(Subject.java:422) [?:1.8.0_382]
	at org.apache.hadoop.security.UserGroupInformation.doAs(UserGroupInformation.java:1899) [hadoop-common-3.3.6.jar:?]
	at org.apache.hadoop.ipc.Server$Handler.run(Server.java:3048) [hadoop-common-3.3.6.jar:?]
09:15:22.852 [IPC Server handler 4 on default port 15057] ERROR OMAudit - user=runner | ip=127.0.0.1 | op=GET_FILE_STATUS {volume=volume10322, bucket=bucket67146, key=.Trash/runner, dataSize=0, replicationConfig=null} | ret=FAILURE
org.apache.hadoop.ozone.om.exceptions.OMException: Unable to get file status: volume: volume10322 bucket: bucket67146 key: .Trash/runner
	at org.apache.hadoop.ozone.om.KeyManagerImpl.getOzoneFileStatusFSO(KeyManagerImpl.java:1330) ~[ozone-manager-1.4.0-SNAPSHOT.jar:?]
	at org.apache.hadoop.ozone.om.KeyManagerImpl.getFileStatus(KeyManagerImpl.java:1114) ~[ozone-manager-1.4.0-SNAPSHOT.jar:?]
	at org.apache.hadoop.ozone.om.OmMetadataReader.getFileStatus(OmMetadataReader.java:266) ~[ozone-manager-1.4.0-SNAPSHOT.jar:?]
	at org.apache.hadoop.ozone.om.OzoneManager.getFileStatus(OzoneManager.java:3552) ~[ozone-manager-1.4.0-SNAPSHOT.jar:?]
	at org.apache.hadoop.ozone.protocolPB.OzoneManagerRequestHandler.getOzoneFileStatus(OzoneManagerRequestHandler.java:998) ~[ozone-manager-1.4.0-SNAPSHOT.jar:?]
	at org.apache.hadoop.ozone.protocolPB.OzoneManagerRequestHandler.handleReadRequest(OzoneManagerRequestHandler.java:259) ~[ozone-manager-1.4.0-SNAPSHOT.jar:?]
	at org.apache.hadoop.ozone.protocolPB.OzoneManagerProtocolServerSideTranslatorPB.submitRequestDirectlyToOM(OzoneManagerProtocolServerSideTranslatorPB.java:274) ~[ozone-manager-1.4.0-SNAPSHOT.jar:?]
	at org.apache.hadoop.ozone.protocolPB.OzoneManagerProtocolServerSideTranslatorPB.processRequest(OzoneManagerProtocolServerSideTranslatorPB.java:175) ~[ozone-manager-1.4.0-SNAPSHOT.jar:?]
	at org.apache.hadoop.hdds.server.OzoneProtocolMessageDispatcher.processRequest(OzoneProtocolMessageDispatcher.java:87) [hdds-server-framework-1.4.0-SNAPSHOT.jar:?]
	at org.apache.hadoop.ozone.protocolPB.OzoneManagerProtocolServerSideTranslatorPB.submitRequest(OzoneManagerProtocolServerSideTranslatorPB.java:148) [ozone-manager-1.4.0-SNAPSHOT.jar:?]
	at org.apache.hadoop.ozone.protocol.proto.OzoneManagerProtocolProtos$OzoneManagerService$2.callBlockingMethod(OzoneManagerProtocolProtos.java) [ozone-interface-client-1.4.0-SNAPSHOT.jar:?]
	at org.apache.hadoop.ipc.ProtobufRpcEngine$Server.processCall(ProtobufRpcEngine.java:484) [hadoop-common-3.3.6.jar:?]
	at org.apache.hadoop.ipc.ProtobufRpcEngine2$Server$ProtoBufRpcInvoker.call(ProtobufRpcEngine2.java:595) [hadoop-common-3.3.6.jar:?]
	at org.apache.hadoop.ipc.ProtobufRpcEngine2$Server$ProtoBufRpcInvoker.call(ProtobufRpcEngine2.java:573) [hadoop-common-3.3.6.jar:?]
	at org.apache.hadoop.ipc.RPC$Server.call(RPC.java:1227) [hadoop-common-3.3.6.jar:?]
	at org.apache.hadoop.ipc.Server$RpcCall.run(Server.java:1094) [hadoop-common-3.3.6.jar:?]
	at org.apache.hadoop.ipc.Server$RpcCall.run(Server.java:1017) [hadoop-common-3.3.6.jar:?]
	at java.security.AccessController.doPrivileged(Native Method) ~[?:1.8.0_382]
	at javax.security.auth.Subject.doAs(Subject.java:422) [?:1.8.0_382]
	at org.apache.hadoop.security.UserGroupInformation.doAs(UserGroupInformation.java:1899) [hadoop-common-3.3.6.jar:?]
	at org.apache.hadoop.ipc.Server$Handler.run(Server.java:3048) [hadoop-common-3.3.6.jar:?]
09:15:22.856 [IPC Server handler 9 on default port 15057] ERROR OMAudit - user=runner | ip=127.0.0.1 | op=GET_FILE_STATUS {volume=cdde32cd-eb12-463d-ad6b-723444d040b5, bucket=faefb70f-fd0c-477d-9edc-956ad4769103, key=.Trash, dataSize=0, replicationConfig=null} | ret=FAILURE
org.apache.hadoop.ozone.om.exceptions.OMException: Unable to get file status: volume: cdde32cd-eb12-463d-ad6b-723444d040b5 bucket: faefb70f-fd0c-477d-9edc-956ad4769103 key: .Trash
	at org.apache.hadoop.ozone.om.KeyManagerImpl.getOzoneFileStatus(KeyManagerImpl.java:1198) ~[ozone-manager-1.4.0-SNAPSHOT.jar:?]
	at org.apache.hadoop.ozone.om.KeyManagerImpl.getFileStatus(KeyManagerImpl.java:1116) ~[ozone-manager-1.4.0-SNAPSHOT.jar:?]
	at org.apache.hadoop.ozone.om.OmMetadataReader.getFileStatus(OmMetadataReader.java:266) ~[ozone-manager-1.4.0-SNAPSHOT.jar:?]
	at org.apache.hadoop.ozone.om.OzoneManager.getFileStatus(OzoneManager.java:3552) ~[ozone-manager-1.4.0-SNAPSHOT.jar:?]
	at org.apache.hadoop.ozone.protocolPB.OzoneManagerRequestHandler.getOzoneFileStatus(OzoneManagerRequestHandler.java:998) ~[ozone-manager-1.4.0-SNAPSHOT.jar:?]
	at org.apache.hadoop.ozone.protocolPB.OzoneManagerRequestHandler.handleReadRequest(OzoneManagerRequestHandler.java:259) ~[ozone-manager-1.4.0-SNAPSHOT.jar:?]
	at org.apache.hadoop.ozone.protocolPB.OzoneManagerProtocolServerSideTranslatorPB.submitRequestDirectlyToOM(OzoneManagerProtocolServerSideTranslatorPB.java:274) ~[ozone-manager-1.4.0-SNAPSHOT.jar:?]
	at org.apache.hadoop.ozone.protocolPB.OzoneManagerProtocolServerSideTranslatorPB.processRequest(OzoneManagerProtocolServerSideTranslatorPB.java:175) ~[ozone-manager-1.4.0-SNAPSHOT.jar:?]
	at org.apache.hadoop.hdds.server.OzoneProtocolMessageDispatcher.processRequest(OzoneProtocolMessageDispatcher.java:87) [hdds-server-framework-1.4.0-SNAPSHOT.jar:?]
	at org.apache.hadoop.ozone.protocolPB.OzoneManagerProtocolServerSideTranslatorPB.submitRequest(OzoneManagerProtocolServerSideTranslatorPB.java:148) [ozone-manager-1.4.0-SNAPSHOT.jar:?]
	at org.apache.hadoop.ozone.protocol.proto.OzoneManagerProtocolProtos$OzoneManagerService$2.callBlockingMethod(OzoneManagerProtocolProtos.java) [ozone-interface-client-1.4.0-SNAPSHOT.jar:?]
	at org.apache.hadoop.ipc.ProtobufRpcEngine$Server.processCall(ProtobufRpcEngine.java:484) [hadoop-common-3.3.6.jar:?]
	at org.apache.hadoop.ipc.ProtobufRpcEngine2$Server$ProtoBufRpcInvoker.call(ProtobufRpcEngine2.java:595) [hadoop-common-3.3.6.jar:?]
	at org.apache.hadoop.ipc.ProtobufRpcEngine2$Server$ProtoBufRpcInvoker.call(ProtobufRpcEngine2.java:573) [hadoop-common-3.3.6.jar:?]
	at org.apache.hadoop.ipc.RPC$Server.call(RPC.java:1227) [hadoop-common-3.3.6.jar:?]
	at org.apache.hadoop.ipc.Server$RpcCall.run(Server.java:1094) [hadoop-common-3.3.6.jar:?]
	at org.apache.hadoop.ipc.Server$RpcCall.run(Server.java:1017) [hadoop-common-3.3.6.jar:?]
	at java.security.AccessController.doPrivileged(Native Method) ~[?:1.8.0_382]
	at javax.security.auth.Subject.doAs(Subject.java:422) [?:1.8.0_382]
	at org.apache.hadoop.security.UserGroupInformation.doAs(UserGroupInformation.java:1899) [hadoop-common-3.3.6.jar:?]
	at org.apache.hadoop.ipc.Server$Handler.run(Server.java:3048) [hadoop-common-3.3.6.jar:?]
09:15:22.863 [IPC Server handler 18 on default port 15057] ERROR OMAudit - user=runner | ip=127.0.0.1 | op=GET_FILE_STATUS {volume=volume85451, bucket=bucket13686, key=.Trash, dataSize=0, replicationConfig=null} | ret=FAILURE
org.apache.hadoop.ozone.om.exceptions.OMException: Unable to get file status: volume: volume85451 bucket: bucket13686 key: .Trash
	at org.apache.hadoop.ozone.om.KeyManagerImpl.getOzoneFileStatusFSO(KeyManagerImpl.java:1330) ~[ozone-manager-1.4.0-SNAPSHOT.jar:?]
	at org.apache.hadoop.ozone.om.KeyManagerImpl.getFileStatus(KeyManagerImpl.java:1114) ~[ozone-manager-1.4.0-SNAPSHOT.jar:?]
	at org.apache.hadoop.ozone.om.OmMetadataReader.getFileStatus(OmMetadataReader.java:266) ~[ozone-manager-1.4.0-SNAPSHOT.jar:?]
	at org.apache.hadoop.ozone.om.OzoneManager.getFileStatus(OzoneManager.java:3552) ~[ozone-manager-1.4.0-SNAPSHOT.jar:?]
	at org.apache.hadoop.ozone.protocolPB.OzoneManagerRequestHandler.getOzoneFileStatus(OzoneManagerRequestHandler.java:998) ~[ozone-manager-1.4.0-SNAPSHOT.jar:?]
	at org.apache.hadoop.ozone.protocolPB.OzoneManagerRequestHandler.handleReadRequest(OzoneManagerRequestHandler.java:259) ~[ozone-manager-1.4.0-SNAPSHOT.jar:?]
	at org.apache.hadoop.ozone.protocolPB.OzoneManagerProtocolServerSideTranslatorPB.submitRequestDirectlyToOM(OzoneManagerProtocolServerSideTranslatorPB.java:274) ~[ozone-manager-1.4.0-SNAPSHOT.jar:?]
	at org.apache.hadoop.ozone.protocolPB.OzoneManagerProtocolServerSideTranslatorPB.processRequest(OzoneManagerProtocolServerSideTranslatorPB.java:175) ~[ozone-manager-1.4.0-SNAPSHOT.jar:?]
	at org.apache.hadoop.hdds.server.OzoneProtocolMessageDispatcher.processRequest(OzoneProtocolMessageDispatcher.java:87) [hdds-server-framework-1.4.0-SNAPSHOT.jar:?]
	at org.apache.hadoop.ozone.protocolPB.OzoneManagerProtocolServerSideTranslatorPB.submitRequest(OzoneManagerProtocolServerSideTranslatorPB.java:148) [ozone-manager-1.4.0-SNAPSHOT.jar:?]
	at org.apache.hadoop.ozone.protocol.proto.OzoneManagerProtocolProtos$OzoneManagerService$2.callBlockingMethod(OzoneManagerProtocolProtos.java) [ozone-interface-client-1.4.0-SNAPSHOT.jar:?]
	at org.apache.hadoop.ipc.ProtobufRpcEngine$Server.processCall(ProtobufRpcEngine.java:484) [hadoop-common-3.3.6.jar:?]
	at org.apache.hadoop.ipc.ProtobufRpcEngine2$Server$ProtoBufRpcInvoker.call(ProtobufRpcEngine2.java:595) [hadoop-common-3.3.6.jar:?]
	at org.apache.hadoop.ipc.ProtobufRpcEngine2$Server$ProtoBufRpcInvoker.call(ProtobufRpcEngine2.java:573) [hadoop-common-3.3.6.jar:?]
	at org.apache.hadoop.ipc.RPC$Server.call(RPC.java:1227) [hadoop-common-3.3.6.jar:?]
	at org.apache.hadoop.ipc.Server$RpcCall.run(Server.java:1094) [hadoop-common-3.3.6.jar:?]
	at org.apache.hadoop.ipc.Server$RpcCall.run(Server.java:1017) [hadoop-common-3.3.6.jar:?]
	at java.security.AccessController.doPrivileged(Native Method) ~[?:1.8.0_382]
	at javax.security.auth.Subject.doAs(Subject.java:422) [?:1.8.0_382]
	at org.apache.hadoop.security.UserGroupInformation.doAs(UserGroupInformation.java:1899) [hadoop-common-3.3.6.jar:?]
	at org.apache.hadoop.ipc.Server$Handler.run(Server.java:3048) [hadoop-common-3.3.6.jar:?]
]]></system-out>
  </testcase>
  <testcase name="testCreateDoesNotAddParentDirKeys" classname="TestRootedOzoneFileSystemWithFSO" time="0.064">
    <system-out><![CDATA[2023-09-29 09:13:38,044 [Time-limited test] INFO  rpc.RpcClient (RpcClient.java:createVolume(462)) - Creating Volume: volume84436, with user44122 as owner and space quota set to -1 bytes, counts quota set to -1
2023-09-29 09:13:38,047 [OM StateMachine ApplyTransaction Thread - 0] INFO  volume.OMVolumeCreateRequest (OMVolumeCreateRequest.java:validateAndUpdateCache(196)) - created volume:volume84436 for user:user44122
2023-09-29 09:13:38,048 [Time-limited test] INFO  rpc.RpcClient (RpcClient.java:createBucket(689)) - Creating Bucket: volume84436/bucket42290, with bucket layout FILE_SYSTEM_OPTIMIZED, runner as owner, Versioning false, Storage Type set to DISK and Encryption set to false, Replication Type set to server-side default replication type, Namespace Quota set to -1, Space Quota set to -1 
2023-09-29 09:13:38,049 [OM StateMachine ApplyTransaction Thread - 0] INFO  bucket.OMBucketCreateRequest (OMBucketCreateRequest.java:validateAndUpdateCache(270)) - created bucket: bucket42290 of layout FILE_SYSTEM_OPTIMIZED in volume: volume84436
]]></system-out>
  </testcase>
  <testcase name="testCreateDoesNotAddParentDirKeys" classname="TestRootedOzoneFileSystemWithFSO" time="0.044">
    <system-out><![CDATA[2023-09-29 09:15:22,896 [Time-limited test] INFO  rpc.RpcClient (RpcClient.java:createVolume(462)) - Creating Volume: volume15114, with user89362 as owner and space quota set to -1 bytes, counts quota set to -1
2023-09-29 09:15:22,896 [IPC Server handler 4 on default port 15057] INFO  volume.OMVolumeCreateRequest (OMVolumeCreateRequest.java:validateAndUpdateCache(196)) - created volume:volume15114 for user:user89362
2023-09-29 09:15:22,898 [Time-limited test] INFO  rpc.RpcClient (RpcClient.java:createBucket(689)) - Creating Bucket: volume15114/bucket34589, with bucket layout FILE_SYSTEM_OPTIMIZED, runner as owner, Versioning false, Storage Type set to DISK and Encryption set to false, Replication Type set to server-side default replication type, Namespace Quota set to -1, Space Quota set to -1 
2023-09-29 09:15:22,898 [IPC Server handler 0 on default port 15057] INFO  bucket.OMBucketCreateRequest (OMBucketCreateRequest.java:validateAndUpdateCache(270)) - created bucket: bucket34589 of layout FILE_SYSTEM_OPTIMIZED in volume: volume15114
]]></system-out>
  </testcase>
  <testcase name="testSharedTmpDir" classname="TestRootedOzoneFileSystemWithFSO" time="0.187">
    <system-out><![CDATA[2023-09-29 09:13:38,109 [Time-limited test] INFO  rpc.RpcClient (RpcClient.java:createVolume(462)) - Creating Volume: volume79352, with user83079 as owner and space quota set to -1 bytes, counts quota set to -1
2023-09-29 09:13:38,111 [OM StateMachine ApplyTransaction Thread - 0] INFO  volume.OMVolumeCreateRequest (OMVolumeCreateRequest.java:validateAndUpdateCache(196)) - created volume:volume79352 for user:user83079
2023-09-29 09:13:38,112 [Time-limited test] INFO  rpc.RpcClient (RpcClient.java:createBucket(689)) - Creating Bucket: volume79352/bucket87957, with bucket layout FILE_SYSTEM_OPTIMIZED, runner as owner, Versioning false, Storage Type set to DISK and Encryption set to false, Replication Type set to server-side default replication type, Namespace Quota set to -1, Space Quota set to -1 
2023-09-29 09:13:38,115 [OM StateMachine ApplyTransaction Thread - 0] INFO  bucket.OMBucketCreateRequest (OMBucketCreateRequest.java:validateAndUpdateCache(270)) - created bucket: bucket87957 of layout FILE_SYSTEM_OPTIMIZED in volume: volume79352
2023-09-29 09:13:38,128 [Time-limited test] INFO  rpc.RpcClient (RpcClient.java:createVolume(462)) - Creating Volume: tmp, with admin as owner and space quota set to 9223372036854775807 bytes, counts quota set to 1000
2023-09-29 09:13:38,130 [OM StateMachine ApplyTransaction Thread - 0] INFO  volume.OMVolumeCreateRequest (OMVolumeCreateRequest.java:validateAndUpdateCache(196)) - created volume:tmp for user:admin
09:13:38.134 [IPC Server handler 0 on default port 15004] ERROR OMAudit - user=runner | ip=127.0.0.1 | op=READ_BUCKET {volume=tmp, bucket=4bad0b8dd3074cd43f641c2ac22a3571} | ret=FAILURE
org.apache.hadoop.ozone.om.exceptions.OMException: Bucket not found
	at org.apache.hadoop.ozone.om.BucketManagerImpl.getBucketInfo(BucketManagerImpl.java:85) ~[ozone-manager-1.4.0-SNAPSHOT.jar:?]
	at org.apache.hadoop.ozone.om.OzoneManager.getBucketInfo(OzoneManager.java:2798) ~[ozone-manager-1.4.0-SNAPSHOT.jar:?]
	at org.apache.hadoop.ozone.protocolPB.OzoneManagerRequestHandler.infoBucket(OzoneManagerRequestHandler.java:554) ~[ozone-manager-1.4.0-SNAPSHOT.jar:?]
	at org.apache.hadoop.ozone.protocolPB.OzoneManagerRequestHandler.handleReadRequest(OzoneManagerRequestHandler.java:204) ~[ozone-manager-1.4.0-SNAPSHOT.jar:?]
	at org.apache.hadoop.ozone.protocolPB.OzoneManagerProtocolServerSideTranslatorPB.submitReadRequestToOM(OzoneManagerProtocolServerSideTranslatorPB.java:225) ~[ozone-manager-1.4.0-SNAPSHOT.jar:?]
	at org.apache.hadoop.ozone.protocolPB.OzoneManagerProtocolServerSideTranslatorPB.processRequest(OzoneManagerProtocolServerSideTranslatorPB.java:179) ~[ozone-manager-1.4.0-SNAPSHOT.jar:?]
	at org.apache.hadoop.hdds.server.OzoneProtocolMessageDispatcher.processRequest(OzoneProtocolMessageDispatcher.java:87) [hdds-server-framework-1.4.0-SNAPSHOT.jar:?]
	at org.apache.hadoop.ozone.protocolPB.OzoneManagerProtocolServerSideTranslatorPB.submitRequest(OzoneManagerProtocolServerSideTranslatorPB.java:148) [ozone-manager-1.4.0-SNAPSHOT.jar:?]
	at org.apache.hadoop.ozone.protocol.proto.OzoneManagerProtocolProtos$OzoneManagerService$2.callBlockingMethod(OzoneManagerProtocolProtos.java) [ozone-interface-client-1.4.0-SNAPSHOT.jar:?]
	at org.apache.hadoop.ipc.ProtobufRpcEngine$Server.processCall(ProtobufRpcEngine.java:484) [hadoop-common-3.3.6.jar:?]
	at org.apache.hadoop.ipc.ProtobufRpcEngine2$Server$ProtoBufRpcInvoker.call(ProtobufRpcEngine2.java:595) [hadoop-common-3.3.6.jar:?]
	at org.apache.hadoop.ipc.ProtobufRpcEngine2$Server$ProtoBufRpcInvoker.call(ProtobufRpcEngine2.java:573) [hadoop-common-3.3.6.jar:?]
	at org.apache.hadoop.ipc.RPC$Server.call(RPC.java:1227) [hadoop-common-3.3.6.jar:?]
	at org.apache.hadoop.ipc.Server$RpcCall.run(Server.java:1094) [hadoop-common-3.3.6.jar:?]
	at org.apache.hadoop.ipc.Server$RpcCall.run(Server.java:1017) [hadoop-common-3.3.6.jar:?]
	at java.security.AccessController.doPrivileged(Native Method) ~[?:1.8.0_382]
	at javax.security.auth.Subject.doAs(Subject.java:422) [?:1.8.0_382]
	at org.apache.hadoop.security.UserGroupInformation.doAs(UserGroupInformation.java:1899) [hadoop-common-3.3.6.jar:?]
	at org.apache.hadoop.ipc.Server$Handler.run(Server.java:3048) [hadoop-common-3.3.6.jar:?]
2023-09-29 09:13:38,135 [Time-limited test] INFO  rpc.RpcClient (RpcClient.java:createBucket(689)) - Creating Bucket: tmp/tmp, with server-side default bucket layout, admin as owner, Versioning false, Storage Type set to DISK and Encryption set to false, Replication Type set to server-side default replication type, Namespace Quota set to 1000, Space Quota set to 9223372036854775807 
2023-09-29 09:13:38,136 [OM StateMachine ApplyTransaction Thread - 0] INFO  bucket.OMBucketCreateRequest (OMBucketCreateRequest.java:validateAndUpdateCache(270)) - created bucket: tmp of layout FILE_SYSTEM_OPTIMIZED in volume: tmp
09:13:38.258 [IPC Server handler 18 on default port 15004] ERROR OMAudit - user=runner | ip=127.0.0.1 | op=READ_BUCKET {volume=tmp, bucket=tmp} | ret=FAILURE
org.apache.hadoop.ozone.om.exceptions.OMException: Bucket not found
	at org.apache.hadoop.ozone.om.BucketManagerImpl.getBucketInfo(BucketManagerImpl.java:85) ~[ozone-manager-1.4.0-SNAPSHOT.jar:?]
	at org.apache.hadoop.ozone.om.OzoneManager.getBucketInfo(OzoneManager.java:2798) ~[ozone-manager-1.4.0-SNAPSHOT.jar:?]
	at org.apache.hadoop.ozone.protocolPB.OzoneManagerRequestHandler.infoBucket(OzoneManagerRequestHandler.java:554) ~[ozone-manager-1.4.0-SNAPSHOT.jar:?]
	at org.apache.hadoop.ozone.protocolPB.OzoneManagerRequestHandler.handleReadRequest(OzoneManagerRequestHandler.java:204) ~[ozone-manager-1.4.0-SNAPSHOT.jar:?]
	at org.apache.hadoop.ozone.protocolPB.OzoneManagerProtocolServerSideTranslatorPB.submitReadRequestToOM(OzoneManagerProtocolServerSideTranslatorPB.java:225) ~[ozone-manager-1.4.0-SNAPSHOT.jar:?]
	at org.apache.hadoop.ozone.protocolPB.OzoneManagerProtocolServerSideTranslatorPB.processRequest(OzoneManagerProtocolServerSideTranslatorPB.java:179) ~[ozone-manager-1.4.0-SNAPSHOT.jar:?]
	at org.apache.hadoop.hdds.server.OzoneProtocolMessageDispatcher.processRequest(OzoneProtocolMessageDispatcher.java:87) [hdds-server-framework-1.4.0-SNAPSHOT.jar:?]
	at org.apache.hadoop.ozone.protocolPB.OzoneManagerProtocolServerSideTranslatorPB.submitRequest(OzoneManagerProtocolServerSideTranslatorPB.java:148) [ozone-manager-1.4.0-SNAPSHOT.jar:?]
	at org.apache.hadoop.ozone.protocol.proto.OzoneManagerProtocolProtos$OzoneManagerService$2.callBlockingMethod(OzoneManagerProtocolProtos.java) [ozone-interface-client-1.4.0-SNAPSHOT.jar:?]
	at org.apache.hadoop.ipc.ProtobufRpcEngine$Server.processCall(ProtobufRpcEngine.java:484) [hadoop-common-3.3.6.jar:?]
	at org.apache.hadoop.ipc.ProtobufRpcEngine2$Server$ProtoBufRpcInvoker.call(ProtobufRpcEngine2.java:595) [hadoop-common-3.3.6.jar:?]
	at org.apache.hadoop.ipc.ProtobufRpcEngine2$Server$ProtoBufRpcInvoker.call(ProtobufRpcEngine2.java:573) [hadoop-common-3.3.6.jar:?]
	at org.apache.hadoop.ipc.RPC$Server.call(RPC.java:1227) [hadoop-common-3.3.6.jar:?]
	at org.apache.hadoop.ipc.Server$RpcCall.run(Server.java:1094) [hadoop-common-3.3.6.jar:?]
	at org.apache.hadoop.ipc.Server$RpcCall.run(Server.java:1017) [hadoop-common-3.3.6.jar:?]
	at java.security.AccessController.doPrivileged(Native Method) ~[?:1.8.0_382]
	at javax.security.auth.Subject.doAs(Subject.java:422) [?:1.8.0_382]
	at org.apache.hadoop.security.UserGroupInformation.doAs(UserGroupInformation.java:1899) [hadoop-common-3.3.6.jar:?]
	at org.apache.hadoop.ipc.Server$Handler.run(Server.java:3048) [hadoop-common-3.3.6.jar:?]
09:13:38.259 [IPC Server handler 15 on default port 15004] ERROR OMAudit - user=runner | ip=127.0.0.1 | op=READ_BUCKET {volume=tmp, bucket=tmp} | ret=FAILURE
org.apache.hadoop.ozone.om.exceptions.OMException: Bucket not found
	at org.apache.hadoop.ozone.om.BucketManagerImpl.getBucketInfo(BucketManagerImpl.java:85) ~[ozone-manager-1.4.0-SNAPSHOT.jar:?]
	at org.apache.hadoop.ozone.om.OzoneManager.getBucketInfo(OzoneManager.java:2798) ~[ozone-manager-1.4.0-SNAPSHOT.jar:?]
	at org.apache.hadoop.ozone.protocolPB.OzoneManagerRequestHandler.infoBucket(OzoneManagerRequestHandler.java:554) ~[ozone-manager-1.4.0-SNAPSHOT.jar:?]
	at org.apache.hadoop.ozone.protocolPB.OzoneManagerRequestHandler.handleReadRequest(OzoneManagerRequestHandler.java:204) ~[ozone-manager-1.4.0-SNAPSHOT.jar:?]
	at org.apache.hadoop.ozone.protocolPB.OzoneManagerProtocolServerSideTranslatorPB.submitReadRequestToOM(OzoneManagerProtocolServerSideTranslatorPB.java:225) ~[ozone-manager-1.4.0-SNAPSHOT.jar:?]
	at org.apache.hadoop.ozone.protocolPB.OzoneManagerProtocolServerSideTranslatorPB.processRequest(OzoneManagerProtocolServerSideTranslatorPB.java:179) ~[ozone-manager-1.4.0-SNAPSHOT.jar:?]
	at org.apache.hadoop.hdds.server.OzoneProtocolMessageDispatcher.processRequest(OzoneProtocolMessageDispatcher.java:87) [hdds-server-framework-1.4.0-SNAPSHOT.jar:?]
	at org.apache.hadoop.ozone.protocolPB.OzoneManagerProtocolServerSideTranslatorPB.submitRequest(OzoneManagerProtocolServerSideTranslatorPB.java:148) [ozone-manager-1.4.0-SNAPSHOT.jar:?]
	at org.apache.hadoop.ozone.protocol.proto.OzoneManagerProtocolProtos$OzoneManagerService$2.callBlockingMethod(OzoneManagerProtocolProtos.java) [ozone-interface-client-1.4.0-SNAPSHOT.jar:?]
	at org.apache.hadoop.ipc.ProtobufRpcEngine$Server.processCall(ProtobufRpcEngine.java:484) [hadoop-common-3.3.6.jar:?]
	at org.apache.hadoop.ipc.ProtobufRpcEngine2$Server$ProtoBufRpcInvoker.call(ProtobufRpcEngine2.java:595) [hadoop-common-3.3.6.jar:?]
	at org.apache.hadoop.ipc.ProtobufRpcEngine2$Server$ProtoBufRpcInvoker.call(ProtobufRpcEngine2.java:573) [hadoop-common-3.3.6.jar:?]
	at org.apache.hadoop.ipc.RPC$Server.call(RPC.java:1227) [hadoop-common-3.3.6.jar:?]
	at org.apache.hadoop.ipc.Server$RpcCall.run(Server.java:1094) [hadoop-common-3.3.6.jar:?]
	at org.apache.hadoop.ipc.Server$RpcCall.run(Server.java:1017) [hadoop-common-3.3.6.jar:?]
	at java.security.AccessController.doPrivileged(Native Method) ~[?:1.8.0_382]
	at javax.security.auth.Subject.doAs(Subject.java:422) [?:1.8.0_382]
	at org.apache.hadoop.security.UserGroupInformation.doAs(UserGroupInformation.java:1899) [hadoop-common-3.3.6.jar:?]
	at org.apache.hadoop.ipc.Server$Handler.run(Server.java:3048) [hadoop-common-3.3.6.jar:?]
2023-09-29 09:13:38,260 [Time-limited test] ERROR ozone.BasicRootedOzoneFileSystem (BasicRootedOzoneFileSystem.java:isLinkBucket(780)) - Exception while getting bucket link information, considered it as false
BUCKET_NOT_FOUND org.apache.hadoop.ozone.om.exceptions.OMException: Bucket not found
	at org.apache.hadoop.ozone.om.protocolPB.OzoneManagerProtocolClientSideTranslatorPB.handleError(OzoneManagerProtocolClientSideTranslatorPB.java:733)
	at org.apache.hadoop.ozone.om.protocolPB.OzoneManagerProtocolClientSideTranslatorPB.getBucketInfo(OzoneManagerProtocolClientSideTranslatorPB.java:582)
	at org.apache.hadoop.ozone.client.rpc.RpcClient.getBucketDetails(RpcClient.java:1244)
	at org.apache.hadoop.fs.ozone.BasicRootedOzoneClientAdapterImpl.getBucket(BasicRootedOzoneClientAdapterImpl.java:274)
	at org.apache.hadoop.fs.ozone.BasicRootedOzoneClientAdapterImpl.getBucket(BasicRootedOzoneClientAdapterImpl.java:248)
	at org.apache.hadoop.fs.ozone.BasicRootedOzoneFileSystem.isLinkBucket(BasicRootedOzoneFileSystem.java:775)
	at org.apache.hadoop.fs.ozone.BasicRootedOzoneFileSystem.deleteBucket(BasicRootedOzoneFileSystem.java:742)
	at org.apache.hadoop.fs.ozone.BasicRootedOzoneFileSystem.delete(BasicRootedOzoneFileSystem.java:696)
	at org.apache.hadoop.fs.ozone.TestRootedOzoneFileSystem.testSharedTmpDir(TestRootedOzoneFileSystem.java:1354)
	at sun.reflect.NativeMethodAccessorImpl.invoke0(Native Method)
	at sun.reflect.NativeMethodAccessorImpl.invoke(NativeMethodAccessorImpl.java:62)
	at sun.reflect.DelegatingMethodAccessorImpl.invoke(DelegatingMethodAccessorImpl.java:43)
	at java.lang.reflect.Method.invoke(Method.java:498)
	at org.junit.runners.model.FrameworkMethod$1.runReflectiveCall(FrameworkMethod.java:59)
	at org.junit.internal.runners.model.ReflectiveCallable.run(ReflectiveCallable.java:12)
	at org.junit.runners.model.FrameworkMethod.invokeExplosively(FrameworkMethod.java:56)
	at org.junit.internal.runners.statements.InvokeMethod.evaluate(InvokeMethod.java:17)
	at org.junit.internal.runners.statements.RunBefores.evaluate(RunBefores.java:26)
	at org.junit.internal.runners.statements.RunAfters.evaluate(RunAfters.java:27)
	at org.junit.internal.runners.statements.FailOnTimeout$CallableStatement.call(FailOnTimeout.java:288)
	at org.junit.internal.runners.statements.FailOnTimeout$CallableStatement.call(FailOnTimeout.java:282)
	at java.util.concurrent.FutureTask.run(FutureTask.java:266)
	at java.lang.Thread.run(Thread.java:750)
2023-09-29 09:13:38,260 [Time-limited test] WARN  ozone.BasicRootedOzoneFileSystem (BasicRootedOzoneFileSystem.java:deleteBucket(746)) - delete: Path does not exist: /tmp
]]></system-out>
  </testcase>
  <testcase name="testSharedTmpDir" classname="TestRootedOzoneFileSystemWithFSO" time="0.159">
    <system-out><![CDATA[2023-09-29 09:15:22,944 [Time-limited test] INFO  rpc.RpcClient (RpcClient.java:createVolume(462)) - Creating Volume: volume42771, with user07662 as owner and space quota set to -1 bytes, counts quota set to -1
2023-09-29 09:15:22,945 [IPC Server handler 16 on default port 15057] INFO  volume.OMVolumeCreateRequest (OMVolumeCreateRequest.java:validateAndUpdateCache(196)) - created volume:volume42771 for user:user07662
2023-09-29 09:15:22,946 [Time-limited test] INFO  rpc.RpcClient (RpcClient.java:createBucket(689)) - Creating Bucket: volume42771/bucket78950, with bucket layout FILE_SYSTEM_OPTIMIZED, runner as owner, Versioning false, Storage Type set to DISK and Encryption set to false, Replication Type set to server-side default replication type, Namespace Quota set to -1, Space Quota set to -1 
2023-09-29 09:15:22,947 [IPC Server handler 19 on default port 15057] INFO  bucket.OMBucketCreateRequest (OMBucketCreateRequest.java:validateAndUpdateCache(270)) - created bucket: bucket78950 of layout FILE_SYSTEM_OPTIMIZED in volume: volume42771
2023-09-29 09:15:22,959 [Time-limited test] INFO  rpc.RpcClient (RpcClient.java:createVolume(462)) - Creating Volume: tmp, with admin as owner and space quota set to 9223372036854775807 bytes, counts quota set to 1000
2023-09-29 09:15:22,960 [IPC Server handler 4 on default port 15057] INFO  volume.OMVolumeCreateRequest (OMVolumeCreateRequest.java:validateAndUpdateCache(196)) - created volume:tmp for user:admin
09:15:22.968 [IPC Server handler 0 on default port 15057] ERROR OMAudit - user=runner | ip=127.0.0.1 | op=READ_BUCKET {volume=tmp, bucket=4bad0b8dd3074cd43f641c2ac22a3571} | ret=FAILURE
org.apache.hadoop.ozone.om.exceptions.OMException: Bucket not found
	at org.apache.hadoop.ozone.om.BucketManagerImpl.getBucketInfo(BucketManagerImpl.java:85) ~[ozone-manager-1.4.0-SNAPSHOT.jar:?]
	at org.apache.hadoop.ozone.om.OzoneManager.getBucketInfo(OzoneManager.java:2798) ~[ozone-manager-1.4.0-SNAPSHOT.jar:?]
	at org.apache.hadoop.ozone.protocolPB.OzoneManagerRequestHandler.infoBucket(OzoneManagerRequestHandler.java:554) ~[ozone-manager-1.4.0-SNAPSHOT.jar:?]
	at org.apache.hadoop.ozone.protocolPB.OzoneManagerRequestHandler.handleReadRequest(OzoneManagerRequestHandler.java:204) ~[ozone-manager-1.4.0-SNAPSHOT.jar:?]
	at org.apache.hadoop.ozone.protocolPB.OzoneManagerProtocolServerSideTranslatorPB.submitRequestDirectlyToOM(OzoneManagerProtocolServerSideTranslatorPB.java:274) ~[ozone-manager-1.4.0-SNAPSHOT.jar:?]
	at org.apache.hadoop.ozone.protocolPB.OzoneManagerProtocolServerSideTranslatorPB.processRequest(OzoneManagerProtocolServerSideTranslatorPB.java:175) ~[ozone-manager-1.4.0-SNAPSHOT.jar:?]
	at org.apache.hadoop.hdds.server.OzoneProtocolMessageDispatcher.processRequest(OzoneProtocolMessageDispatcher.java:87) [hdds-server-framework-1.4.0-SNAPSHOT.jar:?]
	at org.apache.hadoop.ozone.protocolPB.OzoneManagerProtocolServerSideTranslatorPB.submitRequest(OzoneManagerProtocolServerSideTranslatorPB.java:148) [ozone-manager-1.4.0-SNAPSHOT.jar:?]
	at org.apache.hadoop.ozone.protocol.proto.OzoneManagerProtocolProtos$OzoneManagerService$2.callBlockingMethod(OzoneManagerProtocolProtos.java) [ozone-interface-client-1.4.0-SNAPSHOT.jar:?]
	at org.apache.hadoop.ipc.ProtobufRpcEngine$Server.processCall(ProtobufRpcEngine.java:484) [hadoop-common-3.3.6.jar:?]
	at org.apache.hadoop.ipc.ProtobufRpcEngine2$Server$ProtoBufRpcInvoker.call(ProtobufRpcEngine2.java:595) [hadoop-common-3.3.6.jar:?]
	at org.apache.hadoop.ipc.ProtobufRpcEngine2$Server$ProtoBufRpcInvoker.call(ProtobufRpcEngine2.java:573) [hadoop-common-3.3.6.jar:?]
	at org.apache.hadoop.ipc.RPC$Server.call(RPC.java:1227) [hadoop-common-3.3.6.jar:?]
	at org.apache.hadoop.ipc.Server$RpcCall.run(Server.java:1094) [hadoop-common-3.3.6.jar:?]
	at org.apache.hadoop.ipc.Server$RpcCall.run(Server.java:1017) [hadoop-common-3.3.6.jar:?]
	at java.security.AccessController.doPrivileged(Native Method) ~[?:1.8.0_382]
	at javax.security.auth.Subject.doAs(Subject.java:422) [?:1.8.0_382]
	at org.apache.hadoop.security.UserGroupInformation.doAs(UserGroupInformation.java:1899) [hadoop-common-3.3.6.jar:?]
	at org.apache.hadoop.ipc.Server$Handler.run(Server.java:3048) [hadoop-common-3.3.6.jar:?]
2023-09-29 09:15:22,969 [Time-limited test] INFO  rpc.RpcClient (RpcClient.java:createBucket(689)) - Creating Bucket: tmp/tmp, with server-side default bucket layout, admin as owner, Versioning false, Storage Type set to DISK and Encryption set to false, Replication Type set to server-side default replication type, Namespace Quota set to 1000, Space Quota set to 9223372036854775807 
2023-09-29 09:15:22,970 [IPC Server handler 5 on default port 15057] INFO  bucket.OMBucketCreateRequest (OMBucketCreateRequest.java:validateAndUpdateCache(270)) - created bucket: tmp of layout FILE_SYSTEM_OPTIMIZED in volume: tmp
09:15:23.073 [IPC Server handler 3 on default port 15057] ERROR OMAudit - user=runner | ip=127.0.0.1 | op=READ_BUCKET {volume=tmp, bucket=tmp} | ret=FAILURE
org.apache.hadoop.ozone.om.exceptions.OMException: Bucket not found
	at org.apache.hadoop.ozone.om.BucketManagerImpl.getBucketInfo(BucketManagerImpl.java:85) ~[ozone-manager-1.4.0-SNAPSHOT.jar:?]
	at org.apache.hadoop.ozone.om.OzoneManager.getBucketInfo(OzoneManager.java:2798) ~[ozone-manager-1.4.0-SNAPSHOT.jar:?]
	at org.apache.hadoop.ozone.protocolPB.OzoneManagerRequestHandler.infoBucket(OzoneManagerRequestHandler.java:554) ~[ozone-manager-1.4.0-SNAPSHOT.jar:?]
	at org.apache.hadoop.ozone.protocolPB.OzoneManagerRequestHandler.handleReadRequest(OzoneManagerRequestHandler.java:204) ~[ozone-manager-1.4.0-SNAPSHOT.jar:?]
	at org.apache.hadoop.ozone.protocolPB.OzoneManagerProtocolServerSideTranslatorPB.submitRequestDirectlyToOM(OzoneManagerProtocolServerSideTranslatorPB.java:274) ~[ozone-manager-1.4.0-SNAPSHOT.jar:?]
	at org.apache.hadoop.ozone.protocolPB.OzoneManagerProtocolServerSideTranslatorPB.processRequest(OzoneManagerProtocolServerSideTranslatorPB.java:175) ~[ozone-manager-1.4.0-SNAPSHOT.jar:?]
	at org.apache.hadoop.hdds.server.OzoneProtocolMessageDispatcher.processRequest(OzoneProtocolMessageDispatcher.java:87) [hdds-server-framework-1.4.0-SNAPSHOT.jar:?]
	at org.apache.hadoop.ozone.protocolPB.OzoneManagerProtocolServerSideTranslatorPB.submitRequest(OzoneManagerProtocolServerSideTranslatorPB.java:148) [ozone-manager-1.4.0-SNAPSHOT.jar:?]
	at org.apache.hadoop.ozone.protocol.proto.OzoneManagerProtocolProtos$OzoneManagerService$2.callBlockingMethod(OzoneManagerProtocolProtos.java) [ozone-interface-client-1.4.0-SNAPSHOT.jar:?]
	at org.apache.hadoop.ipc.ProtobufRpcEngine$Server.processCall(ProtobufRpcEngine.java:484) [hadoop-common-3.3.6.jar:?]
	at org.apache.hadoop.ipc.ProtobufRpcEngine2$Server$ProtoBufRpcInvoker.call(ProtobufRpcEngine2.java:595) [hadoop-common-3.3.6.jar:?]
	at org.apache.hadoop.ipc.ProtobufRpcEngine2$Server$ProtoBufRpcInvoker.call(ProtobufRpcEngine2.java:573) [hadoop-common-3.3.6.jar:?]
	at org.apache.hadoop.ipc.RPC$Server.call(RPC.java:1227) [hadoop-common-3.3.6.jar:?]
	at org.apache.hadoop.ipc.Server$RpcCall.run(Server.java:1094) [hadoop-common-3.3.6.jar:?]
	at org.apache.hadoop.ipc.Server$RpcCall.run(Server.java:1017) [hadoop-common-3.3.6.jar:?]
	at java.security.AccessController.doPrivileged(Native Method) ~[?:1.8.0_382]
	at javax.security.auth.Subject.doAs(Subject.java:422) [?:1.8.0_382]
	at org.apache.hadoop.security.UserGroupInformation.doAs(UserGroupInformation.java:1899) [hadoop-common-3.3.6.jar:?]
	at org.apache.hadoop.ipc.Server$Handler.run(Server.java:3048) [hadoop-common-3.3.6.jar:?]
09:15:23.075 [IPC Server handler 10 on default port 15057] ERROR OMAudit - user=runner | ip=127.0.0.1 | op=READ_BUCKET {volume=tmp, bucket=tmp} | ret=FAILURE
org.apache.hadoop.ozone.om.exceptions.OMException: Bucket not found
	at org.apache.hadoop.ozone.om.BucketManagerImpl.getBucketInfo(BucketManagerImpl.java:85) ~[ozone-manager-1.4.0-SNAPSHOT.jar:?]
	at org.apache.hadoop.ozone.om.OzoneManager.getBucketInfo(OzoneManager.java:2798) ~[ozone-manager-1.4.0-SNAPSHOT.jar:?]
	at org.apache.hadoop.ozone.protocolPB.OzoneManagerRequestHandler.infoBucket(OzoneManagerRequestHandler.java:554) ~[ozone-manager-1.4.0-SNAPSHOT.jar:?]
	at org.apache.hadoop.ozone.protocolPB.OzoneManagerRequestHandler.handleReadRequest(OzoneManagerRequestHandler.java:204) ~[ozone-manager-1.4.0-SNAPSHOT.jar:?]
	at org.apache.hadoop.ozone.protocolPB.OzoneManagerProtocolServerSideTranslatorPB.submitRequestDirectlyToOM(OzoneManagerProtocolServerSideTranslatorPB.java:274) ~[ozone-manager-1.4.0-SNAPSHOT.jar:?]
	at org.apache.hadoop.ozone.protocolPB.OzoneManagerProtocolServerSideTranslatorPB.processRequest(OzoneManagerProtocolServerSideTranslatorPB.java:175) ~[ozone-manager-1.4.0-SNAPSHOT.jar:?]
	at org.apache.hadoop.hdds.server.OzoneProtocolMessageDispatcher.processRequest(OzoneProtocolMessageDispatcher.java:87) [hdds-server-framework-1.4.0-SNAPSHOT.jar:?]
	at org.apache.hadoop.ozone.protocolPB.OzoneManagerProtocolServerSideTranslatorPB.submitRequest(OzoneManagerProtocolServerSideTranslatorPB.java:148) [ozone-manager-1.4.0-SNAPSHOT.jar:?]
	at org.apache.hadoop.ozone.protocol.proto.OzoneManagerProtocolProtos$OzoneManagerService$2.callBlockingMethod(OzoneManagerProtocolProtos.java) [ozone-interface-client-1.4.0-SNAPSHOT.jar:?]
	at org.apache.hadoop.ipc.ProtobufRpcEngine$Server.processCall(ProtobufRpcEngine.java:484) [hadoop-common-3.3.6.jar:?]
	at org.apache.hadoop.ipc.ProtobufRpcEngine2$Server$ProtoBufRpcInvoker.call(ProtobufRpcEngine2.java:595) [hadoop-common-3.3.6.jar:?]
	at org.apache.hadoop.ipc.ProtobufRpcEngine2$Server$ProtoBufRpcInvoker.call(ProtobufRpcEngine2.java:573) [hadoop-common-3.3.6.jar:?]
	at org.apache.hadoop.ipc.RPC$Server.call(RPC.java:1227) [hadoop-common-3.3.6.jar:?]
	at org.apache.hadoop.ipc.Server$RpcCall.run(Server.java:1094) [hadoop-common-3.3.6.jar:?]
	at org.apache.hadoop.ipc.Server$RpcCall.run(Server.java:1017) [hadoop-common-3.3.6.jar:?]
	at java.security.AccessController.doPrivileged(Native Method) ~[?:1.8.0_382]
	at javax.security.auth.Subject.doAs(Subject.java:422) [?:1.8.0_382]
	at org.apache.hadoop.security.UserGroupInformation.doAs(UserGroupInformation.java:1899) [hadoop-common-3.3.6.jar:?]
	at org.apache.hadoop.ipc.Server$Handler.run(Server.java:3048) [hadoop-common-3.3.6.jar:?]
2023-09-29 09:15:23,075 [Time-limited test] ERROR ozone.BasicRootedOzoneFileSystem (BasicRootedOzoneFileSystem.java:isLinkBucket(780)) - Exception while getting bucket link information, considered it as false
BUCKET_NOT_FOUND org.apache.hadoop.ozone.om.exceptions.OMException: Bucket not found
	at org.apache.hadoop.ozone.om.protocolPB.OzoneManagerProtocolClientSideTranslatorPB.handleError(OzoneManagerProtocolClientSideTranslatorPB.java:733)
	at org.apache.hadoop.ozone.om.protocolPB.OzoneManagerProtocolClientSideTranslatorPB.getBucketInfo(OzoneManagerProtocolClientSideTranslatorPB.java:582)
	at org.apache.hadoop.ozone.client.rpc.RpcClient.getBucketDetails(RpcClient.java:1244)
	at org.apache.hadoop.fs.ozone.BasicRootedOzoneClientAdapterImpl.getBucket(BasicRootedOzoneClientAdapterImpl.java:274)
	at org.apache.hadoop.fs.ozone.BasicRootedOzoneClientAdapterImpl.getBucket(BasicRootedOzoneClientAdapterImpl.java:248)
	at org.apache.hadoop.fs.ozone.BasicRootedOzoneFileSystem.isLinkBucket(BasicRootedOzoneFileSystem.java:775)
	at org.apache.hadoop.fs.ozone.BasicRootedOzoneFileSystem.deleteBucket(BasicRootedOzoneFileSystem.java:742)
	at org.apache.hadoop.fs.ozone.BasicRootedOzoneFileSystem.delete(BasicRootedOzoneFileSystem.java:696)
	at org.apache.hadoop.fs.ozone.TestRootedOzoneFileSystem.testSharedTmpDir(TestRootedOzoneFileSystem.java:1354)
	at sun.reflect.NativeMethodAccessorImpl.invoke0(Native Method)
	at sun.reflect.NativeMethodAccessorImpl.invoke(NativeMethodAccessorImpl.java:62)
	at sun.reflect.DelegatingMethodAccessorImpl.invoke(DelegatingMethodAccessorImpl.java:43)
	at java.lang.reflect.Method.invoke(Method.java:498)
	at org.junit.runners.model.FrameworkMethod$1.runReflectiveCall(FrameworkMethod.java:59)
	at org.junit.internal.runners.model.ReflectiveCallable.run(ReflectiveCallable.java:12)
	at org.junit.runners.model.FrameworkMethod.invokeExplosively(FrameworkMethod.java:56)
	at org.junit.internal.runners.statements.InvokeMethod.evaluate(InvokeMethod.java:17)
	at org.junit.internal.runners.statements.RunBefores.evaluate(RunBefores.java:26)
	at org.junit.internal.runners.statements.RunAfters.evaluate(RunAfters.java:27)
	at org.junit.internal.runners.statements.FailOnTimeout$CallableStatement.call(FailOnTimeout.java:288)
	at org.junit.internal.runners.statements.FailOnTimeout$CallableStatement.call(FailOnTimeout.java:282)
	at java.util.concurrent.FutureTask.run(FutureTask.java:266)
	at java.lang.Thread.run(Thread.java:750)
2023-09-29 09:15:23,075 [Time-limited test] WARN  ozone.BasicRootedOzoneFileSystem (BasicRootedOzoneFileSystem.java:deleteBucket(746)) - delete: Path does not exist: /tmp
]]></system-out>
  </testcase>
  <testcase name="testSnapshotDiff" classname="TestRootedOzoneFileSystemWithFSO" time="5.572">
    <system-out><![CDATA[2023-09-29 09:13:38,296 [Time-limited test] INFO  rpc.RpcClient (RpcClient.java:createVolume(462)) - Creating Volume: volume95384, with user48357 as owner and space quota set to -1 bytes, counts quota set to -1
2023-09-29 09:13:38,298 [OM StateMachine ApplyTransaction Thread - 0] INFO  volume.OMVolumeCreateRequest (OMVolumeCreateRequest.java:validateAndUpdateCache(196)) - created volume:volume95384 for user:user48357
2023-09-29 09:13:38,301 [Time-limited test] INFO  rpc.RpcClient (RpcClient.java:createBucket(689)) - Creating Bucket: volume95384/bucket90426, with bucket layout FILE_SYSTEM_OPTIMIZED, runner as owner, Versioning false, Storage Type set to DISK and Encryption set to false, Replication Type set to server-side default replication type, Namespace Quota set to -1, Space Quota set to -1 
2023-09-29 09:13:38,302 [OM StateMachine ApplyTransaction Thread - 0] INFO  bucket.OMBucketCreateRequest (OMBucketCreateRequest.java:validateAndUpdateCache(270)) - created bucket: bucket90426 of layout FILE_SYSTEM_OPTIMIZED in volume: volume95384
2023-09-29 09:13:38,317 [Time-limited test] INFO  rpc.RpcClient (RpcClient.java:createVolume(462)) - Creating Volume: volume71211, with user16275 as owner and space quota set to -1 bytes, counts quota set to -1
2023-09-29 09:13:38,319 [OM StateMachine ApplyTransaction Thread - 0] INFO  volume.OMVolumeCreateRequest (OMVolumeCreateRequest.java:validateAndUpdateCache(196)) - created volume:volume71211 for user:user16275
2023-09-29 09:13:38,320 [Time-limited test] INFO  rpc.RpcClient (RpcClient.java:createBucket(689)) - Creating Bucket: volume71211/bucket16035, with bucket layout FILE_SYSTEM_OPTIMIZED, runner as owner, Versioning false, Storage Type set to DISK and Encryption set to false, Replication Type set to server-side default replication type, Namespace Quota set to -1, Space Quota set to -1 
2023-09-29 09:13:38,323 [OM StateMachine ApplyTransaction Thread - 0] INFO  bucket.OMBucketCreateRequest (OMBucketCreateRequest.java:validateAndUpdateCache(270)) - created bucket: bucket16035 of layout FILE_SYSTEM_OPTIMIZED in volume: volume71211
2023-09-29 09:13:38,363 [OM StateMachine ApplyTransaction Thread - 0] WARN  snapshot.OMSnapshotCreateRequest (OMSnapshotCreateRequest.java:estimateBucketDataSize(333)) - DefaultReplicationConfig is not correctly set in OmBucketInfo for volume 'volume71211' bucket 'bucket16035'. Falling back to config default 'RATIS/THREE'
2023-09-29 09:13:38,372 [OM StateMachine ApplyTransaction Thread - 0] INFO  snapshot.OMSnapshotCreateRequest (OMSnapshotCreateRequest.java:validateAndUpdateCache(215)) - Created snapshot: 's20230929-091338.339' with snapshotId: 'add95de1-c80b-40a7-80de-5480aadd73ed' under path 'volume71211/bucket16035'
2023-09-29 09:13:38,433 [OM StateMachine ApplyTransaction Thread - 0] WARN  snapshot.OMSnapshotCreateRequest (OMSnapshotCreateRequest.java:estimateBucketDataSize(333)) - DefaultReplicationConfig is not correctly set in OmBucketInfo for volume 'volume71211' bucket 'bucket16035'. Falling back to config default 'RATIS/THREE'
2023-09-29 09:13:38,433 [OM StateMachine ApplyTransaction Thread - 0] INFO  snapshot.OMSnapshotCreateRequest (OMSnapshotCreateRequest.java:validateAndUpdateCache(215)) - Created snapshot: 's20230929-091338.404' with snapshotId: '189f98d6-3258-4ae7-a241-32ddb7a04b05' under path 'volume71211/bucket16035'
2023-09-29 09:13:38,458 [OMDoubleBufferFlushThread] INFO  db.RDBCheckpointManager (RDBCheckpointManager.java:createCheckpoint(89)) - Created checkpoint in rocksDB at /home/runner/work/ozone/ozone/hadoop-ozone/integration-test/target/test-dir/MiniOzoneClusterImpl-2a0ec25a-3990-4628-8b93-857bbff79694/ozone-meta/db.snapshots/checkpointState/om.db-add95de1-c80b-40a7-80de-5480aadd73ed in 81 milliseconds
2023-09-29 09:13:38,487 [IPC Server handler 2 on default port 15004] INFO  snapshot.SnapshotDiffManager (SnapshotDiffManager.java:submitSnapDiffJob(732)) - Submitting snap diff report generation request for volume: volume71211, bucket: bucket16035, fromSnapshot: s20230929-091338.339 and toSnapshot: s20230929-091338.404
2023-09-29 09:13:38,502 [OMDoubleBufferFlushThread] INFO  db.RDBCheckpointUtils (RDBCheckpointUtils.java:waitForCheckpointDirectoryExist(60)) - Waited for 42 milliseconds for checkpoint directory /home/runner/work/ozone/ozone/hadoop-ozone/integration-test/target/test-dir/MiniOzoneClusterImpl-2a0ec25a-3990-4628-8b93-857bbff79694/ozone-meta/db.snapshots/checkpointState/om.db-add95de1-c80b-40a7-80de-5480aadd73ed availability.
2023-09-29 09:13:38,506 [OMDoubleBufferFlushThread] WARN  om.OmSnapshotManager (OmSnapshotManager.java:findEndKeyGivenPrefix(591)) - Took 253400 ns to find endKey. Caller is deleteKeysFromDelKeyTableInSnapshotScope
2023-09-29 09:13:38,504 [snapshot-diff-job-thread-id-0] INFO  snapshot.SnapshotDiffManager (SnapshotDiffManager.java:generateSnapshotDiffReport(835)) - Started snap diff report generation for volume: 'volume71211', bucket: 'bucket16035', fromSnapshot: 's20230929-091338.339', toSnapshot: 's20230929-091338.404'
2023-09-29 09:13:38,508 [OMDoubleBufferFlushThread] WARN  om.OmSnapshotManager (OmSnapshotManager.java:findEndKeyGivenPrefix(591)) - Took 835899 ns to find endKey. Caller is deleteKeysFromDelDirTableInSnapshotScope
2023-09-29 09:13:38,508 [OMDoubleBufferFlushThread] INFO  om.OmSnapshotManager (OmSnapshotManager.java:createOmSnapshotCheckpoint(461)) - Created checkpoint : /home/runner/work/ozone/ozone/hadoop-ozone/integration-test/target/test-dir/MiniOzoneClusterImpl-2a0ec25a-3990-4628-8b93-857bbff79694/ozone-meta/db.snapshots/checkpointState/om.db-add95de1-c80b-40a7-80de-5480aadd73ed for snapshot s20230929-091338.339
2023-09-29 09:13:38,510 [snapshot-diff-job-thread-id-0] INFO  snapshot.SnapshotCache (SnapshotCache.java:lambda$1(170)) - Loading snapshot. Table key: /volume71211/bucket16035/s20230929-091338.339
2023-09-29 09:13:38,516 [snapshot-diff-job-thread-id-0] WARN  server.ServerUtils (ServerUtils.java:getDBPath(311)) - ozone.om.db.dirs is not configured. We recommend adding this setting. Falling back to ozone.metadata.dirs instead.
2023-09-29 09:13:38,518 [snapshot-diff-job-thread-id-0] INFO  db.RDBCheckpointUtils (RDBCheckpointUtils.java:waitForCheckpointDirectoryExist(60)) - Waited for 2 milliseconds for checkpoint directory /home/runner/work/ozone/ozone/hadoop-ozone/integration-test/target/test-dir/MiniOzoneClusterImpl-2a0ec25a-3990-4628-8b93-857bbff79694/ozone-meta/db.snapshots/checkpointState/om.db-add95de1-c80b-40a7-80de-5480aadd73ed availability.
2023-09-29 09:13:38,520 [snapshot-diff-job-thread-id-0] INFO  helpers.OmKeyInfo (OmKeyInfo.java:getCodec(71)) - OmKeyInfo.getCodec ignorePipeline = true
2023-09-29 09:13:38,568 [OMDoubleBufferFlushThread] INFO  db.RDBCheckpointManager (RDBCheckpointManager.java:createCheckpoint(89)) - Created checkpoint in rocksDB at /home/runner/work/ozone/ozone/hadoop-ozone/integration-test/target/test-dir/MiniOzoneClusterImpl-2a0ec25a-3990-4628-8b93-857bbff79694/ozone-meta/db.snapshots/checkpointState/om.db-189f98d6-3258-4ae7-a241-32ddb7a04b05 in 34 milliseconds
2023-09-29 09:13:38,569 [OMDoubleBufferFlushThread] INFO  db.RDBCheckpointUtils (RDBCheckpointUtils.java:waitForCheckpointDirectoryExist(60)) - Waited for 1 milliseconds for checkpoint directory /home/runner/work/ozone/ozone/hadoop-ozone/integration-test/target/test-dir/MiniOzoneClusterImpl-2a0ec25a-3990-4628-8b93-857bbff79694/ozone-meta/db.snapshots/checkpointState/om.db-189f98d6-3258-4ae7-a241-32ddb7a04b05 availability.
2023-09-29 09:13:38,570 [OMDoubleBufferFlushThread] WARN  om.OmSnapshotManager (OmSnapshotManager.java:findEndKeyGivenPrefix(591)) - Took 182400 ns to find endKey. Caller is deleteKeysFromDelKeyTableInSnapshotScope
2023-09-29 09:13:38,571 [OMDoubleBufferFlushThread] WARN  om.OmSnapshotManager (OmSnapshotManager.java:findEndKeyGivenPrefix(591)) - Took 638700 ns to find endKey. Caller is deleteKeysFromDelDirTableInSnapshotScope
2023-09-29 09:13:38,573 [OMDoubleBufferFlushThread] INFO  om.OmSnapshotManager (OmSnapshotManager.java:createOmSnapshotCheckpoint(461)) - Created checkpoint : /home/runner/work/ozone/ozone/hadoop-ozone/integration-test/target/test-dir/MiniOzoneClusterImpl-2a0ec25a-3990-4628-8b93-857bbff79694/ozone-meta/db.snapshots/checkpointState/om.db-189f98d6-3258-4ae7-a241-32ddb7a04b05 for snapshot s20230929-091338.404
2023-09-29 09:13:38,574 [OMDoubleBufferFlushThread] WARN  rocksdiff.RocksDBCheckpointDiffer (RocksDBCheckpointDiffer.java:setCurrentCompactionLog(326)) - Compaction log exists: /home/runner/work/ozone/ozone/hadoop-ozone/integration-test/target/test-dir/MiniOzoneClusterImpl-2a0ec25a-3990-4628-8b93-857bbff79694/ozone-meta/db.snapshots/diffState/compaction-log/0000000000000015438.log. Will append
2023-09-29 09:13:38,726 [snapshot-diff-job-thread-id-0] INFO  audit.AuditLogger (AuditLogger.java:refreshDebugCmdSet(126)) - Refresh DebugCmdSet for OMAudit to [].
2023-09-29 09:13:38,730 [snapshot-diff-job-thread-id-0] INFO  snapshot.SnapshotCache (SnapshotCache.java:lambda$1(170)) - Loading snapshot. Table key: /volume71211/bucket16035/s20230929-091338.404
2023-09-29 09:13:38,730 [snapshot-diff-job-thread-id-0] WARN  server.ServerUtils (ServerUtils.java:getDBPath(311)) - ozone.om.db.dirs is not configured. We recommend adding this setting. Falling back to ozone.metadata.dirs instead.
2023-09-29 09:13:38,731 [snapshot-diff-job-thread-id-0] INFO  helpers.OmKeyInfo (OmKeyInfo.java:getCodec(71)) - OmKeyInfo.getCodec ignorePipeline = true
2023-09-29 09:13:38,877 [snapshot-diff-job-thread-id-0] INFO  snapshot.SnapshotDiffManager (SnapshotDiffManager.java:generateDiffReport(1304)) - Starting diff report generation for jobId: 77e4664b-fa35-4155-98f2-6e87f42d382f.
2023-09-29 09:13:39,627 [OM StateMachine ApplyTransaction Thread - 0] WARN  snapshot.OMSnapshotCreateRequest (OMSnapshotCreateRequest.java:estimateBucketDataSize(333)) - DefaultReplicationConfig is not correctly set in OmBucketInfo for volume 'volume71211' bucket 'bucket16035'. Falling back to config default 'RATIS/THREE'
2023-09-29 09:13:39,628 [OM StateMachine ApplyTransaction Thread - 0] INFO  snapshot.OMSnapshotCreateRequest (OMSnapshotCreateRequest.java:validateAndUpdateCache(215)) - Created snapshot: 's20230929-091339.597' with snapshotId: '7f38bac4-3724-45b6-ae78-7c683aaad416' under path 'volume71211/bucket16035'
2023-09-29 09:13:39,634 [IPC Server handler 11 on default port 15004] INFO  snapshot.SnapshotDiffManager (SnapshotDiffManager.java:submitSnapDiffJob(732)) - Submitting snap diff report generation request for volume: volume71211, bucket: bucket16035, fromSnapshot: s20230929-091338.404 and toSnapshot: s20230929-091339.597
2023-09-29 09:13:39,637 [snapshot-diff-job-thread-id-1] INFO  snapshot.SnapshotDiffManager (SnapshotDiffManager.java:generateSnapshotDiffReport(835)) - Started snap diff report generation for volume: 'volume71211', bucket: 'bucket16035', fromSnapshot: 's20230929-091338.404', toSnapshot: 's20230929-091339.597'
2023-09-29 09:13:39,638 [snapshot-diff-job-thread-id-1] INFO  snapshot.SnapshotCache (SnapshotCache.java:lambda$1(170)) - Loading snapshot. Table key: /volume71211/bucket16035/s20230929-091338.404
2023-09-29 09:13:39,642 [snapshot-diff-job-thread-id-1] INFO  snapshot.SnapshotCache (SnapshotCache.java:lambda$1(170)) - Loading snapshot. Table key: /volume71211/bucket16035/s20230929-091339.597
2023-09-29 09:13:39,642 [snapshot-diff-job-thread-id-1] WARN  server.ServerUtils (ServerUtils.java:getDBPath(311)) - ozone.om.db.dirs is not configured. We recommend adding this setting. Falling back to ozone.metadata.dirs instead.
2023-09-29 09:13:39,674 [OMDoubleBufferFlushThread] INFO  db.RDBCheckpointManager (RDBCheckpointManager.java:createCheckpoint(89)) - Created checkpoint in rocksDB at /home/runner/work/ozone/ozone/hadoop-ozone/integration-test/target/test-dir/MiniOzoneClusterImpl-2a0ec25a-3990-4628-8b93-857bbff79694/ozone-meta/db.snapshots/checkpointState/om.db-7f38bac4-3724-45b6-ae78-7c683aaad416 in 42 milliseconds
2023-09-29 09:13:39,675 [OMDoubleBufferFlushThread] INFO  db.RDBCheckpointUtils (RDBCheckpointUtils.java:waitForCheckpointDirectoryExist(60)) - Waited for 1 milliseconds for checkpoint directory /home/runner/work/ozone/ozone/hadoop-ozone/integration-test/target/test-dir/MiniOzoneClusterImpl-2a0ec25a-3990-4628-8b93-857bbff79694/ozone-meta/db.snapshots/checkpointState/om.db-7f38bac4-3724-45b6-ae78-7c683aaad416 availability.
2023-09-29 09:13:39,676 [OMDoubleBufferFlushThread] WARN  om.OmSnapshotManager (OmSnapshotManager.java:findEndKeyGivenPrefix(591)) - Took 363300 ns to find endKey. Caller is deleteKeysFromDelKeyTableInSnapshotScope
2023-09-29 09:13:39,678 [OMDoubleBufferFlushThread] WARN  om.OmSnapshotManager (OmSnapshotManager.java:findEndKeyGivenPrefix(591)) - Took 589000 ns to find endKey. Caller is deleteKeysFromDelDirTableInSnapshotScope
2023-09-29 09:13:39,680 [OMDoubleBufferFlushThread] INFO  om.OmSnapshotManager (OmSnapshotManager.java:createOmSnapshotCheckpoint(461)) - Created checkpoint : /home/runner/work/ozone/ozone/hadoop-ozone/integration-test/target/test-dir/MiniOzoneClusterImpl-2a0ec25a-3990-4628-8b93-857bbff79694/ozone-meta/db.snapshots/checkpointState/om.db-7f38bac4-3724-45b6-ae78-7c683aaad416 for snapshot s20230929-091339.597
2023-09-29 09:13:39,750 [snapshot-diff-job-thread-id-1] INFO  db.RDBCheckpointUtils (RDBCheckpointUtils.java:waitForCheckpointDirectoryExist(60)) - Waited for 108 milliseconds for checkpoint directory /home/runner/work/ozone/ozone/hadoop-ozone/integration-test/target/test-dir/MiniOzoneClusterImpl-2a0ec25a-3990-4628-8b93-857bbff79694/ozone-meta/db.snapshots/checkpointState/om.db-7f38bac4-3724-45b6-ae78-7c683aaad416 availability.
2023-09-29 09:13:39,751 [snapshot-diff-job-thread-id-1] INFO  helpers.OmKeyInfo (OmKeyInfo.java:getCodec(71)) - OmKeyInfo.getCodec ignorePipeline = true
2023-09-29 09:13:39,836 [snapshot-diff-job-thread-id-1] INFO  snapshot.SnapshotDiffManager (SnapshotDiffManager.java:generateDiffReport(1304)) - Starting diff report generation for jobId: 42bbc059-c383-431a-bd78-f71f1868ba86.
2023-09-29 09:13:40,686 [OM StateMachine ApplyTransaction Thread - 0] WARN  snapshot.OMSnapshotCreateRequest (OMSnapshotCreateRequest.java:estimateBucketDataSize(333)) - DefaultReplicationConfig is not correctly set in OmBucketInfo for volume 'volume71211' bucket 'bucket16035'. Falling back to config default 'RATIS/THREE'
2023-09-29 09:13:40,686 [OM StateMachine ApplyTransaction Thread - 0] INFO  snapshot.OMSnapshotCreateRequest (OMSnapshotCreateRequest.java:validateAndUpdateCache(215)) - Created snapshot: 'tempccefd133-eee4-4746-afaf-d7b3d44803dcs20230929-091340.653' with snapshotId: 'ced9c1cb-fd9d-4dbb-862e-3310b1faab0a' under path 'volume71211/bucket16035'
2023-09-29 09:13:40,693 [IPC Server handler 0 on default port 15004] INFO  snapshot.SnapshotDiffManager (SnapshotDiffManager.java:submitSnapDiffJob(732)) - Submitting snap diff report generation request for volume: volume71211, bucket: bucket16035, fromSnapshot: s20230929-091339.597 and toSnapshot: tempccefd133-eee4-4746-afaf-d7b3d44803dcs20230929-091340.653
2023-09-29 09:13:40,704 [snapshot-diff-job-thread-id-2] INFO  snapshot.SnapshotDiffManager (SnapshotDiffManager.java:generateSnapshotDiffReport(835)) - Started snap diff report generation for volume: 'volume71211', bucket: 'bucket16035', fromSnapshot: 's20230929-091339.597', toSnapshot: 'tempccefd133-eee4-4746-afaf-d7b3d44803dcs20230929-091340.653'
2023-09-29 09:13:40,708 [snapshot-diff-job-thread-id-2] INFO  snapshot.SnapshotCache (SnapshotCache.java:lambda$1(170)) - Loading snapshot. Table key: /volume71211/bucket16035/s20230929-091339.597
2023-09-29 09:13:40,710 [snapshot-diff-job-thread-id-2] INFO  snapshot.SnapshotCache (SnapshotCache.java:lambda$1(170)) - Loading snapshot. Table key: /volume71211/bucket16035/tempccefd133-eee4-4746-afaf-d7b3d44803dcs20230929-091340.653
2023-09-29 09:13:40,710 [snapshot-diff-job-thread-id-2] WARN  server.ServerUtils (ServerUtils.java:getDBPath(311)) - ozone.om.db.dirs is not configured. We recommend adding this setting. Falling back to ozone.metadata.dirs instead.
2023-09-29 09:13:40,848 [Thread-898] INFO  rocksdiff.RocksDBCheckpointDiffer (RocksDBCheckpointDiffer.java:onCompactionCompleted(544)) - Skipped the compaction entry. Compaction input files: [/home/runner/work/ozone/ozone/hadoop-ozone/integration-test/target/test-dir/MiniOzoneClusterImpl-2a0ec25a-3990-4628-8b93-857bbff79694/ozone-meta/om.db/000086.sst, /home/runner/work/ozone/ozone/hadoop-ozone/integration-test/target/test-dir/MiniOzoneClusterImpl-2a0ec25a-3990-4628-8b93-857bbff79694/ozone-meta/om.db/000077.sst, /home/runner/work/ozone/ozone/hadoop-ozone/integration-test/target/test-dir/MiniOzoneClusterImpl-2a0ec25a-3990-4628-8b93-857bbff79694/ozone-meta/om.db/000069.sst, /home/runner/work/ozone/ozone/hadoop-ozone/integration-test/target/test-dir/MiniOzoneClusterImpl-2a0ec25a-3990-4628-8b93-857bbff79694/ozone-meta/om.db/000057.sst] and output files: [/home/runner/work/ozone/ozone/hadoop-ozone/integration-test/target/test-dir/MiniOzoneClusterImpl-2a0ec25a-3990-4628-8b93-857bbff79694/ozone-meta/om.db/000086.sst, /home/runner/work/ozone/ozone/hadoop-ozone/integration-test/target/test-dir/MiniOzoneClusterImpl-2a0ec25a-3990-4628-8b93-857bbff79694/ozone-meta/om.db/000077.sst, /home/runner/work/ozone/ozone/hadoop-ozone/integration-test/target/test-dir/MiniOzoneClusterImpl-2a0ec25a-3990-4628-8b93-857bbff79694/ozone-meta/om.db/000069.sst, /home/runner/work/ozone/ozone/hadoop-ozone/integration-test/target/test-dir/MiniOzoneClusterImpl-2a0ec25a-3990-4628-8b93-857bbff79694/ozone-meta/om.db/000057.sst] are same.
2023-09-29 09:13:40,850 [snapshot-diff-job-thread-id-2] INFO  db.RDBCheckpointUtils (RDBCheckpointUtils.java:waitForCheckpointDirectoryExist(60)) - Waited for 139 milliseconds for checkpoint directory /home/runner/work/ozone/ozone/hadoop-ozone/integration-test/target/test-dir/MiniOzoneClusterImpl-2a0ec25a-3990-4628-8b93-857bbff79694/ozone-meta/db.snapshots/checkpointState/om.db-ced9c1cb-fd9d-4dbb-862e-3310b1faab0a availability.
2023-09-29 09:13:40,850 [snapshot-diff-job-thread-id-2] INFO  helpers.OmKeyInfo (OmKeyInfo.java:getCodec(71)) - OmKeyInfo.getCodec ignorePipeline = true
2023-09-29 09:13:40,855 [OMDoubleBufferFlushThread] INFO  db.RDBCheckpointManager (RDBCheckpointManager.java:createCheckpoint(89)) - Created checkpoint in rocksDB at /home/runner/work/ozone/ozone/hadoop-ozone/integration-test/target/test-dir/MiniOzoneClusterImpl-2a0ec25a-3990-4628-8b93-857bbff79694/ozone-meta/db.snapshots/checkpointState/om.db-ced9c1cb-fd9d-4dbb-862e-3310b1faab0a in 166 milliseconds
2023-09-29 09:13:40,871 [OMDoubleBufferFlushThread] INFO  db.RDBCheckpointUtils (RDBCheckpointUtils.java:waitForCheckpointDirectoryExist(60)) - Waited for 16 milliseconds for checkpoint directory /home/runner/work/ozone/ozone/hadoop-ozone/integration-test/target/test-dir/MiniOzoneClusterImpl-2a0ec25a-3990-4628-8b93-857bbff79694/ozone-meta/db.snapshots/checkpointState/om.db-ced9c1cb-fd9d-4dbb-862e-3310b1faab0a availability.
2023-09-29 09:13:40,872 [OMDoubleBufferFlushThread] WARN  om.OmSnapshotManager (OmSnapshotManager.java:findEndKeyGivenPrefix(591)) - Took 134600 ns to find endKey. Caller is deleteKeysFromDelKeyTableInSnapshotScope
2023-09-29 09:13:40,874 [OMDoubleBufferFlushThread] WARN  om.OmSnapshotManager (OmSnapshotManager.java:findEndKeyGivenPrefix(591)) - Took 529000 ns to find endKey. Caller is deleteKeysFromDelDirTableInSnapshotScope
2023-09-29 09:13:40,874 [OMDoubleBufferFlushThread] INFO  om.OmSnapshotManager (OmSnapshotManager.java:createOmSnapshotCheckpoint(461)) - Created checkpoint : /home/runner/work/ozone/ozone/hadoop-ozone/integration-test/target/test-dir/MiniOzoneClusterImpl-2a0ec25a-3990-4628-8b93-857bbff79694/ozone-meta/db.snapshots/checkpointState/om.db-ced9c1cb-fd9d-4dbb-862e-3310b1faab0a for snapshot tempccefd133-eee4-4746-afaf-d7b3d44803dcs20230929-091340.653
2023-09-29 09:13:40,993 [snapshot-diff-job-thread-id-2] INFO  snapshot.SnapshotDiffManager (SnapshotDiffManager.java:generateDiffReport(1304)) - Starting diff report generation for jobId: 00112856-1c2f-41fc-9e09-d0fcdb37f5b8.
2023-09-29 09:13:41,722 [OM StateMachine ApplyTransaction Thread - 0] INFO  snapshot.OMSnapshotDeleteRequest (OMSnapshotDeleteRequest.java:validateAndUpdateCache(225)) - Deleted snapshot 'tempccefd133-eee4-4746-afaf-d7b3d44803dcs20230929-091340.653' under path 'volume71211/bucket16035'
2023-09-29 09:13:41,747 [OM StateMachine ApplyTransaction Thread - 0] WARN  snapshot.OMSnapshotCreateRequest (OMSnapshotCreateRequest.java:estimateBucketDataSize(333)) - DefaultReplicationConfig is not correctly set in OmBucketInfo for volume 'volume71211' bucket 'bucket16035'. Falling back to config default 'RATIS/THREE'
2023-09-29 09:13:41,748 [OM StateMachine ApplyTransaction Thread - 0] INFO  snapshot.OMSnapshotCreateRequest (OMSnapshotCreateRequest.java:validateAndUpdateCache(215)) - Created snapshot: 'tempa45777be-c41f-451c-92b2-87e527c74d78s20230929-091341.723' with snapshotId: '4d096f4c-2688-4b7b-8fce-ee1e00a33511' under path 'volume71211/bucket16035'
2023-09-29 09:13:41,753 [IPC Server handler 4 on default port 15004] INFO  snapshot.SnapshotDiffManager (SnapshotDiffManager.java:submitSnapDiffJob(732)) - Submitting snap diff report generation request for volume: volume71211, bucket: bucket16035, fromSnapshot: tempa45777be-c41f-451c-92b2-87e527c74d78s20230929-091341.723 and toSnapshot: s20230929-091339.597
2023-09-29 09:13:41,756 [snapshot-diff-job-thread-id-3] INFO  snapshot.SnapshotDiffManager (SnapshotDiffManager.java:generateSnapshotDiffReport(835)) - Started snap diff report generation for volume: 'volume71211', bucket: 'bucket16035', fromSnapshot: 'tempa45777be-c41f-451c-92b2-87e527c74d78s20230929-091341.723', toSnapshot: 's20230929-091339.597'
2023-09-29 09:13:41,756 [snapshot-diff-job-thread-id-3] INFO  snapshot.SnapshotCache (SnapshotCache.java:lambda$1(170)) - Loading snapshot. Table key: /volume71211/bucket16035/tempa45777be-c41f-451c-92b2-87e527c74d78s20230929-091341.723
2023-09-29 09:13:41,757 [snapshot-diff-job-thread-id-3] WARN  server.ServerUtils (ServerUtils.java:getDBPath(311)) - ozone.om.db.dirs is not configured. We recommend adding this setting. Falling back to ozone.metadata.dirs instead.
2023-09-29 09:13:41,766 [Thread-972] INFO  rocksdiff.RocksDBCheckpointDiffer (RocksDBCheckpointDiffer.java:onCompactionCompleted(544)) - Skipped the compaction entry. Compaction input files: [/home/runner/work/ozone/ozone/hadoop-ozone/integration-test/target/test-dir/MiniOzoneClusterImpl-2a0ec25a-3990-4628-8b93-857bbff79694/ozone-meta/om.db/000068.sst] and output files: [/home/runner/work/ozone/ozone/hadoop-ozone/integration-test/target/test-dir/MiniOzoneClusterImpl-2a0ec25a-3990-4628-8b93-857bbff79694/ozone-meta/om.db/000068.sst] are same.
2023-09-29 09:13:41,777 [OMDoubleBufferFlushThread] INFO  db.RDBCheckpointManager (RDBCheckpointManager.java:createCheckpoint(89)) - Created checkpoint in rocksDB at /home/runner/work/ozone/ozone/hadoop-ozone/integration-test/target/test-dir/MiniOzoneClusterImpl-2a0ec25a-3990-4628-8b93-857bbff79694/ozone-meta/db.snapshots/checkpointState/om.db-4d096f4c-2688-4b7b-8fce-ee1e00a33511 in 27 milliseconds
2023-09-29 09:13:41,778 [OMDoubleBufferFlushThread] INFO  db.RDBCheckpointUtils (RDBCheckpointUtils.java:waitForCheckpointDirectoryExist(60)) - Waited for 1 milliseconds for checkpoint directory /home/runner/work/ozone/ozone/hadoop-ozone/integration-test/target/test-dir/MiniOzoneClusterImpl-2a0ec25a-3990-4628-8b93-857bbff79694/ozone-meta/db.snapshots/checkpointState/om.db-4d096f4c-2688-4b7b-8fce-ee1e00a33511 availability.
2023-09-29 09:13:41,779 [OMDoubleBufferFlushThread] WARN  om.OmSnapshotManager (OmSnapshotManager.java:findEndKeyGivenPrefix(591)) - Took 118600 ns to find endKey. Caller is deleteKeysFromDelKeyTableInSnapshotScope
2023-09-29 09:13:41,780 [OMDoubleBufferFlushThread] WARN  om.OmSnapshotManager (OmSnapshotManager.java:findEndKeyGivenPrefix(591)) - Took 430600 ns to find endKey. Caller is deleteKeysFromDelDirTableInSnapshotScope
2023-09-29 09:13:41,781 [OMDoubleBufferFlushThread] INFO  om.OmSnapshotManager (OmSnapshotManager.java:createOmSnapshotCheckpoint(461)) - Created checkpoint : /home/runner/work/ozone/ozone/hadoop-ozone/integration-test/target/test-dir/MiniOzoneClusterImpl-2a0ec25a-3990-4628-8b93-857bbff79694/ozone-meta/db.snapshots/checkpointState/om.db-4d096f4c-2688-4b7b-8fce-ee1e00a33511 for snapshot tempa45777be-c41f-451c-92b2-87e527c74d78s20230929-091341.723
2023-09-29 09:13:41,861 [snapshot-diff-job-thread-id-3] INFO  db.RDBCheckpointUtils (RDBCheckpointUtils.java:waitForCheckpointDirectoryExist(60)) - Waited for 103 milliseconds for checkpoint directory /home/runner/work/ozone/ozone/hadoop-ozone/integration-test/target/test-dir/MiniOzoneClusterImpl-2a0ec25a-3990-4628-8b93-857bbff79694/ozone-meta/db.snapshots/checkpointState/om.db-4d096f4c-2688-4b7b-8fce-ee1e00a33511 availability.
2023-09-29 09:13:41,862 [snapshot-diff-job-thread-id-3] INFO  helpers.OmKeyInfo (OmKeyInfo.java:getCodec(71)) - OmKeyInfo.getCodec ignorePipeline = true
2023-09-29 09:13:41,915 [snapshot-diff-job-thread-id-3] INFO  snapshot.SnapshotCache (SnapshotCache.java:lambda$1(170)) - Loading snapshot. Table key: /volume71211/bucket16035/s20230929-091339.597
2023-09-29 09:13:41,949 [snapshot-diff-job-thread-id-3] INFO  snapshot.SnapshotDiffManager (SnapshotDiffManager.java:generateDiffReport(1304)) - Starting diff report generation for jobId: ac9345f5-9c1c-4aa0-921a-59851eeab097.
2023-09-29 09:13:42,764 [OM StateMachine ApplyTransaction Thread - 0] INFO  snapshot.OMSnapshotDeleteRequest (OMSnapshotDeleteRequest.java:validateAndUpdateCache(225)) - Deleted snapshot 'tempa45777be-c41f-451c-92b2-87e527c74d78s20230929-091341.723' under path 'volume71211/bucket16035'
2023-09-29 09:13:42,788 [OM StateMachine ApplyTransaction Thread - 0] WARN  snapshot.OMSnapshotCreateRequest (OMSnapshotCreateRequest.java:estimateBucketDataSize(333)) - DefaultReplicationConfig is not correctly set in OmBucketInfo for volume 'volume71211' bucket 'bucket16035'. Falling back to config default 'RATIS/THREE'
2023-09-29 09:13:42,788 [OM StateMachine ApplyTransaction Thread - 0] INFO  snapshot.OMSnapshotCreateRequest (OMSnapshotCreateRequest.java:validateAndUpdateCache(215)) - Created snapshot: 'tempff3fb4a1-8e57-4238-944c-ed69f4cbbae0s20230929-091342.765' with snapshotId: '6f27ac60-53bc-4fd1-a37c-226a0e5e20f2' under path 'volume71211/bucket16035'
2023-09-29 09:13:42,803 [Thread-1028] INFO  rocksdiff.RocksDBCheckpointDiffer (RocksDBCheckpointDiffer.java:onCompactionCompleted(544)) - Skipped the compaction entry. Compaction input files: [/home/runner/work/ozone/ozone/hadoop-ozone/integration-test/target/test-dir/MiniOzoneClusterImpl-2a0ec25a-3990-4628-8b93-857bbff79694/ozone-meta/om.db/000076.sst, /home/runner/work/ozone/ozone/hadoop-ozone/integration-test/target/test-dir/MiniOzoneClusterImpl-2a0ec25a-3990-4628-8b93-857bbff79694/ozone-meta/om.db/000085.sst, /home/runner/work/ozone/ozone/hadoop-ozone/integration-test/target/test-dir/MiniOzoneClusterImpl-2a0ec25a-3990-4628-8b93-857bbff79694/ozone-meta/om.db/000094.sst] and output files: [/home/runner/work/ozone/ozone/hadoop-ozone/integration-test/target/test-dir/MiniOzoneClusterImpl-2a0ec25a-3990-4628-8b93-857bbff79694/ozone-meta/om.db/000076.sst, /home/runner/work/ozone/ozone/hadoop-ozone/integration-test/target/test-dir/MiniOzoneClusterImpl-2a0ec25a-3990-4628-8b93-857bbff79694/ozone-meta/om.db/000085.sst, /home/runner/work/ozone/ozone/hadoop-ozone/integration-test/target/test-dir/MiniOzoneClusterImpl-2a0ec25a-3990-4628-8b93-857bbff79694/ozone-meta/om.db/000094.sst] are same.
2023-09-29 09:13:42,811 [OMDoubleBufferFlushThread] INFO  db.RDBCheckpointManager (RDBCheckpointManager.java:createCheckpoint(89)) - Created checkpoint in rocksDB at /home/runner/work/ozone/ozone/hadoop-ozone/integration-test/target/test-dir/MiniOzoneClusterImpl-2a0ec25a-3990-4628-8b93-857bbff79694/ozone-meta/db.snapshots/checkpointState/om.db-6f27ac60-53bc-4fd1-a37c-226a0e5e20f2 in 21 milliseconds
2023-09-29 09:13:42,812 [OM StateMachine ApplyTransaction Thread - 0] WARN  snapshot.OMSnapshotCreateRequest (OMSnapshotCreateRequest.java:estimateBucketDataSize(333)) - DefaultReplicationConfig is not correctly set in OmBucketInfo for volume 'volume71211' bucket 'bucket16035'. Falling back to config default 'RATIS/THREE'
2023-09-29 09:13:42,812 [OM StateMachine ApplyTransaction Thread - 0] INFO  snapshot.OMSnapshotCreateRequest (OMSnapshotCreateRequest.java:validateAndUpdateCache(215)) - Created snapshot: 'temp6206995c-999b-4417-aa51-7ea34e0fe43as20230929-091342.789' with snapshotId: 'e67e96b3-f8fd-41b2-b66d-a5654aad4ec4' under path 'volume71211/bucket16035'
2023-09-29 09:13:42,815 [IPC Server handler 18 on default port 15004] INFO  snapshot.SnapshotDiffManager (SnapshotDiffManager.java:submitSnapDiffJob(732)) - Submitting snap diff report generation request for volume: volume71211, bucket: bucket16035, fromSnapshot: temp6206995c-999b-4417-aa51-7ea34e0fe43as20230929-091342.789 and toSnapshot: tempff3fb4a1-8e57-4238-944c-ed69f4cbbae0s20230929-091342.765
2023-09-29 09:13:42,817 [snapshot-diff-job-thread-id-4] INFO  snapshot.SnapshotDiffManager (SnapshotDiffManager.java:generateSnapshotDiffReport(835)) - Started snap diff report generation for volume: 'volume71211', bucket: 'bucket16035', fromSnapshot: 'temp6206995c-999b-4417-aa51-7ea34e0fe43as20230929-091342.789', toSnapshot: 'tempff3fb4a1-8e57-4238-944c-ed69f4cbbae0s20230929-091342.765'
2023-09-29 09:13:42,817 [snapshot-diff-job-thread-id-4] INFO  snapshot.SnapshotCache (SnapshotCache.java:lambda$1(170)) - Loading snapshot. Table key: /volume71211/bucket16035/temp6206995c-999b-4417-aa51-7ea34e0fe43as20230929-091342.789
2023-09-29 09:13:42,817 [snapshot-diff-job-thread-id-4] WARN  server.ServerUtils (ServerUtils.java:getDBPath(311)) - ozone.om.db.dirs is not configured. We recommend adding this setting. Falling back to ozone.metadata.dirs instead.
2023-09-29 09:13:42,820 [OMDoubleBufferFlushThread] INFO  db.RDBCheckpointUtils (RDBCheckpointUtils.java:waitForCheckpointDirectoryExist(60)) - Waited for 9 milliseconds for checkpoint directory /home/runner/work/ozone/ozone/hadoop-ozone/integration-test/target/test-dir/MiniOzoneClusterImpl-2a0ec25a-3990-4628-8b93-857bbff79694/ozone-meta/db.snapshots/checkpointState/om.db-6f27ac60-53bc-4fd1-a37c-226a0e5e20f2 availability.
2023-09-29 09:13:42,821 [OMDoubleBufferFlushThread] WARN  om.OmSnapshotManager (OmSnapshotManager.java:findEndKeyGivenPrefix(591)) - Took 100900 ns to find endKey. Caller is deleteKeysFromDelKeyTableInSnapshotScope
2023-09-29 09:13:42,822 [OMDoubleBufferFlushThread] WARN  om.OmSnapshotManager (OmSnapshotManager.java:findEndKeyGivenPrefix(591)) - Took 611999 ns to find endKey. Caller is deleteKeysFromDelDirTableInSnapshotScope
2023-09-29 09:13:42,822 [OMDoubleBufferFlushThread] INFO  om.OmSnapshotManager (OmSnapshotManager.java:createOmSnapshotCheckpoint(461)) - Created checkpoint : /home/runner/work/ozone/ozone/hadoop-ozone/integration-test/target/test-dir/MiniOzoneClusterImpl-2a0ec25a-3990-4628-8b93-857bbff79694/ozone-meta/db.snapshots/checkpointState/om.db-6f27ac60-53bc-4fd1-a37c-226a0e5e20f2 for snapshot tempff3fb4a1-8e57-4238-944c-ed69f4cbbae0s20230929-091342.765
2023-09-29 09:13:42,842 [OMDoubleBufferFlushThread] INFO  db.RDBCheckpointManager (RDBCheckpointManager.java:createCheckpoint(89)) - Created checkpoint in rocksDB at /home/runner/work/ozone/ozone/hadoop-ozone/integration-test/target/test-dir/MiniOzoneClusterImpl-2a0ec25a-3990-4628-8b93-857bbff79694/ozone-meta/db.snapshots/checkpointState/om.db-e67e96b3-f8fd-41b2-b66d-a5654aad4ec4 in 17 milliseconds
2023-09-29 09:13:42,842 [OMDoubleBufferFlushThread] INFO  db.RDBCheckpointUtils (RDBCheckpointUtils.java:waitForCheckpointDirectoryExist(60)) - Waited for 0 milliseconds for checkpoint directory /home/runner/work/ozone/ozone/hadoop-ozone/integration-test/target/test-dir/MiniOzoneClusterImpl-2a0ec25a-3990-4628-8b93-857bbff79694/ozone-meta/db.snapshots/checkpointState/om.db-e67e96b3-f8fd-41b2-b66d-a5654aad4ec4 availability.
2023-09-29 09:13:42,844 [OMDoubleBufferFlushThread] WARN  om.OmSnapshotManager (OmSnapshotManager.java:findEndKeyGivenPrefix(591)) - Took 405300 ns to find endKey. Caller is deleteKeysFromDelDirTableInSnapshotScope
2023-09-29 09:13:42,844 [OMDoubleBufferFlushThread] INFO  om.OmSnapshotManager (OmSnapshotManager.java:createOmSnapshotCheckpoint(461)) - Created checkpoint : /home/runner/work/ozone/ozone/hadoop-ozone/integration-test/target/test-dir/MiniOzoneClusterImpl-2a0ec25a-3990-4628-8b93-857bbff79694/ozone-meta/db.snapshots/checkpointState/om.db-e67e96b3-f8fd-41b2-b66d-a5654aad4ec4 for snapshot temp6206995c-999b-4417-aa51-7ea34e0fe43as20230929-091342.789
2023-09-29 09:13:42,844 [OMDoubleBufferFlushThread] WARN  rocksdiff.RocksDBCheckpointDiffer (RocksDBCheckpointDiffer.java:setCurrentCompactionLog(326)) - Compaction log exists: /home/runner/work/ozone/ozone/hadoop-ozone/integration-test/target/test-dir/MiniOzoneClusterImpl-2a0ec25a-3990-4628-8b93-857bbff79694/ozone-meta/db.snapshots/diffState/compaction-log/0000000000000015568.log. Will append
2023-09-29 09:13:42,920 [snapshot-diff-job-thread-id-4] INFO  db.RDBCheckpointUtils (RDBCheckpointUtils.java:waitForCheckpointDirectoryExist(60)) - Waited for 103 milliseconds for checkpoint directory /home/runner/work/ozone/ozone/hadoop-ozone/integration-test/target/test-dir/MiniOzoneClusterImpl-2a0ec25a-3990-4628-8b93-857bbff79694/ozone-meta/db.snapshots/checkpointState/om.db-e67e96b3-f8fd-41b2-b66d-a5654aad4ec4 availability.
2023-09-29 09:13:42,921 [snapshot-diff-job-thread-id-4] INFO  helpers.OmKeyInfo (OmKeyInfo.java:getCodec(71)) - OmKeyInfo.getCodec ignorePipeline = true
2023-09-29 09:13:42,965 [snapshot-diff-job-thread-id-4] INFO  snapshot.SnapshotCache (SnapshotCache.java:lambda$1(170)) - Loading snapshot. Table key: /volume71211/bucket16035/tempff3fb4a1-8e57-4238-944c-ed69f4cbbae0s20230929-091342.765
2023-09-29 09:13:42,966 [snapshot-diff-job-thread-id-4] WARN  server.ServerUtils (ServerUtils.java:getDBPath(311)) - ozone.om.db.dirs is not configured. We recommend adding this setting. Falling back to ozone.metadata.dirs instead.
2023-09-29 09:13:42,966 [snapshot-diff-job-thread-id-4] INFO  helpers.OmKeyInfo (OmKeyInfo.java:getCodec(71)) - OmKeyInfo.getCodec ignorePipeline = true
2023-09-29 09:13:43,028 [snapshot-diff-job-thread-id-4] WARN  snapshot.SnapshotDiffManager (SnapshotDiffManager.java:getDeltaFiles(1228)) - RocksDBCheckpointDiffer is not available, falling back to slow path
2023-09-29 09:13:43,036 [snapshot-diff-job-thread-id-4] WARN  snapshot.SnapshotDiffManager (SnapshotDiffManager.java:getDeltaFiles(1228)) - RocksDBCheckpointDiffer is not available, falling back to slow path
2023-09-29 09:13:43,038 [snapshot-diff-job-thread-id-4] INFO  snapshot.SnapshotDiffManager (SnapshotDiffManager.java:generateDiffReport(1304)) - Starting diff report generation for jobId: fb3db210-48e8-46fd-932f-7d7d0f16751d.
2023-09-29 09:13:43,826 [OM StateMachine ApplyTransaction Thread - 0] INFO  snapshot.OMSnapshotDeleteRequest (OMSnapshotDeleteRequest.java:validateAndUpdateCache(225)) - Deleted snapshot 'tempff3fb4a1-8e57-4238-944c-ed69f4cbbae0s20230929-091342.765' under path 'volume71211/bucket16035'
2023-09-29 09:13:43,830 [OM StateMachine ApplyTransaction Thread - 0] INFO  snapshot.OMSnapshotDeleteRequest (OMSnapshotDeleteRequest.java:validateAndUpdateCache(225)) - Deleted snapshot 'temp6206995c-999b-4417-aa51-7ea34e0fe43as20230929-091342.789' under path 'volume71211/bucket16035'
]]></system-out>
  </testcase>
  <testcase name="testSnapshotDiff" classname="TestRootedOzoneFileSystemWithFSO" time="5.76">
    <system-out><![CDATA[2023-09-29 09:15:23,122 [Time-limited test] INFO  rpc.RpcClient (RpcClient.java:createVolume(462)) - Creating Volume: volume02816, with user61215 as owner and space quota set to -1 bytes, counts quota set to -1
2023-09-29 09:15:23,124 [IPC Server handler 8 on default port 15057] INFO  volume.OMVolumeCreateRequest (OMVolumeCreateRequest.java:validateAndUpdateCache(196)) - created volume:volume02816 for user:user61215
2023-09-29 09:15:23,125 [Time-limited test] INFO  rpc.RpcClient (RpcClient.java:createBucket(689)) - Creating Bucket: volume02816/bucket05511, with bucket layout FILE_SYSTEM_OPTIMIZED, runner as owner, Versioning false, Storage Type set to DISK and Encryption set to false, Replication Type set to server-side default replication type, Namespace Quota set to -1, Space Quota set to -1 
2023-09-29 09:15:23,126 [IPC Server handler 12 on default port 15057] INFO  bucket.OMBucketCreateRequest (OMBucketCreateRequest.java:validateAndUpdateCache(270)) - created bucket: bucket05511 of layout FILE_SYSTEM_OPTIMIZED in volume: volume02816
2023-09-29 09:15:23,141 [Time-limited test] INFO  rpc.RpcClient (RpcClient.java:createVolume(462)) - Creating Volume: volume01942, with user98734 as owner and space quota set to -1 bytes, counts quota set to -1
2023-09-29 09:15:23,142 [IPC Server handler 10 on default port 15057] INFO  volume.OMVolumeCreateRequest (OMVolumeCreateRequest.java:validateAndUpdateCache(196)) - created volume:volume01942 for user:user98734
2023-09-29 09:15:23,144 [Time-limited test] INFO  rpc.RpcClient (RpcClient.java:createBucket(689)) - Creating Bucket: volume01942/bucket59220, with bucket layout FILE_SYSTEM_OPTIMIZED, runner as owner, Versioning false, Storage Type set to DISK and Encryption set to false, Replication Type set to server-side default replication type, Namespace Quota set to -1, Space Quota set to -1 
2023-09-29 09:15:23,144 [IPC Server handler 17 on default port 15057] INFO  bucket.OMBucketCreateRequest (OMBucketCreateRequest.java:validateAndUpdateCache(270)) - created bucket: bucket59220 of layout FILE_SYSTEM_OPTIMIZED in volume: volume01942
2023-09-29 09:15:23,171 [IPC Server handler 16 on default port 15057] WARN  snapshot.OMSnapshotCreateRequest (OMSnapshotCreateRequest.java:estimateBucketDataSize(333)) - DefaultReplicationConfig is not correctly set in OmBucketInfo for volume 'volume01942' bucket 'bucket59220'. Falling back to config default 'RATIS/THREE'
2023-09-29 09:15:23,174 [IPC Server handler 16 on default port 15057] INFO  snapshot.OMSnapshotCreateRequest (OMSnapshotCreateRequest.java:validateAndUpdateCache(215)) - Created snapshot: 's20230929-091523.146' with snapshotId: '961a56cd-1ed4-4e0d-a221-abb77e4dd260' under path 'volume01942/bucket59220'
2023-09-29 09:15:23,243 [OMDoubleBufferFlushThread] INFO  db.RDBCheckpointManager (RDBCheckpointManager.java:createCheckpoint(89)) - Created checkpoint in rocksDB at /home/runner/work/ozone/ozone/hadoop-ozone/integration-test/target/test-dir/MiniOzoneClusterImpl-23fe215d-70cc-4cc8-8e82-38d5ce4d8890/ozone-meta/db.snapshots/checkpointState/om.db-961a56cd-1ed4-4e0d-a221-abb77e4dd260 in 63 milliseconds
2023-09-29 09:15:23,243 [OMDoubleBufferFlushThread] INFO  db.RDBCheckpointUtils (RDBCheckpointUtils.java:waitForCheckpointDirectoryExist(60)) - Waited for 0 milliseconds for checkpoint directory /home/runner/work/ozone/ozone/hadoop-ozone/integration-test/target/test-dir/MiniOzoneClusterImpl-23fe215d-70cc-4cc8-8e82-38d5ce4d8890/ozone-meta/db.snapshots/checkpointState/om.db-961a56cd-1ed4-4e0d-a221-abb77e4dd260 availability.
2023-09-29 09:15:23,262 [OMDoubleBufferFlushThread] WARN  om.OmSnapshotManager (OmSnapshotManager.java:findEndKeyGivenPrefix(591)) - Took 17273798 ns to find endKey. Caller is deleteKeysFromDelKeyTableInSnapshotScope
2023-09-29 09:15:23,264 [OMDoubleBufferFlushThread] INFO  om.OmSnapshotManager (OmSnapshotManager.java:createOmSnapshotCheckpoint(461)) - Created checkpoint : /home/runner/work/ozone/ozone/hadoop-ozone/integration-test/target/test-dir/MiniOzoneClusterImpl-23fe215d-70cc-4cc8-8e82-38d5ce4d8890/ozone-meta/db.snapshots/checkpointState/om.db-961a56cd-1ed4-4e0d-a221-abb77e4dd260 for snapshot s20230929-091523.146
2023-09-29 09:15:23,306 [IPC Server handler 5 on default port 15057] WARN  snapshot.OMSnapshotCreateRequest (OMSnapshotCreateRequest.java:estimateBucketDataSize(333)) - DefaultReplicationConfig is not correctly set in OmBucketInfo for volume 'volume01942' bucket 'bucket59220'. Falling back to config default 'RATIS/THREE'
2023-09-29 09:15:23,310 [IPC Server handler 5 on default port 15057] INFO  snapshot.OMSnapshotCreateRequest (OMSnapshotCreateRequest.java:validateAndUpdateCache(215)) - Created snapshot: 's20230929-091523.282' with snapshotId: 'cb2ee47f-0562-45ac-90ab-b01a549fe0ba' under path 'volume01942/bucket59220'
2023-09-29 09:15:23,341 [OMDoubleBufferFlushThread] INFO  db.RDBCheckpointManager (RDBCheckpointManager.java:createCheckpoint(89)) - Created checkpoint in rocksDB at /home/runner/work/ozone/ozone/hadoop-ozone/integration-test/target/test-dir/MiniOzoneClusterImpl-23fe215d-70cc-4cc8-8e82-38d5ce4d8890/ozone-meta/db.snapshots/checkpointState/om.db-cb2ee47f-0562-45ac-90ab-b01a549fe0ba in 29 milliseconds
2023-09-29 09:15:23,344 [OMDoubleBufferFlushThread] INFO  db.RDBCheckpointUtils (RDBCheckpointUtils.java:waitForCheckpointDirectoryExist(60)) - Waited for 3 milliseconds for checkpoint directory /home/runner/work/ozone/ozone/hadoop-ozone/integration-test/target/test-dir/MiniOzoneClusterImpl-23fe215d-70cc-4cc8-8e82-38d5ce4d8890/ozone-meta/db.snapshots/checkpointState/om.db-cb2ee47f-0562-45ac-90ab-b01a549fe0ba availability.
2023-09-29 09:15:23,359 [OMDoubleBufferFlushThread] WARN  om.OmSnapshotManager (OmSnapshotManager.java:findEndKeyGivenPrefix(591)) - Took 13813499 ns to find endKey. Caller is deleteKeysFromDelKeyTableInSnapshotScope
2023-09-29 09:15:23,360 [OMDoubleBufferFlushThread] INFO  om.OmSnapshotManager (OmSnapshotManager.java:createOmSnapshotCheckpoint(461)) - Created checkpoint : /home/runner/work/ozone/ozone/hadoop-ozone/integration-test/target/test-dir/MiniOzoneClusterImpl-23fe215d-70cc-4cc8-8e82-38d5ce4d8890/ozone-meta/db.snapshots/checkpointState/om.db-cb2ee47f-0562-45ac-90ab-b01a549fe0ba for snapshot s20230929-091523.282
2023-09-29 09:15:23,371 [IPC Server handler 6 on default port 15057] INFO  snapshot.SnapshotDiffManager (SnapshotDiffManager.java:submitSnapDiffJob(732)) - Submitting snap diff report generation request for volume: volume01942, bucket: bucket59220, fromSnapshot: s20230929-091523.146 and toSnapshot: s20230929-091523.282
2023-09-29 09:15:23,372 [snapshot-diff-job-thread-id-0] INFO  snapshot.SnapshotDiffManager (SnapshotDiffManager.java:generateSnapshotDiffReport(835)) - Started snap diff report generation for volume: 'volume01942', bucket: 'bucket59220', fromSnapshot: 's20230929-091523.146', toSnapshot: 's20230929-091523.282'
2023-09-29 09:15:23,373 [snapshot-diff-job-thread-id-0] INFO  snapshot.SnapshotCache (SnapshotCache.java:lambda$1(170)) - Loading snapshot. Table key: /volume01942/bucket59220/s20230929-091523.146
2023-09-29 09:15:23,373 [snapshot-diff-job-thread-id-0] WARN  server.ServerUtils (ServerUtils.java:getDBPath(311)) - ozone.om.db.dirs is not configured. We recommend adding this setting. Falling back to ozone.metadata.dirs instead.
2023-09-29 09:15:23,374 [snapshot-diff-job-thread-id-0] INFO  helpers.OmKeyInfo (OmKeyInfo.java:getCodec(71)) - OmKeyInfo.getCodec ignorePipeline = true
2023-09-29 09:15:23,430 [snapshot-diff-job-thread-id-0] INFO  snapshot.SnapshotCache (SnapshotCache.java:lambda$1(170)) - Loading snapshot. Table key: /volume01942/bucket59220/s20230929-091523.282
2023-09-29 09:15:23,430 [snapshot-diff-job-thread-id-0] WARN  server.ServerUtils (ServerUtils.java:getDBPath(311)) - ozone.om.db.dirs is not configured. We recommend adding this setting. Falling back to ozone.metadata.dirs instead.
2023-09-29 09:15:23,431 [snapshot-diff-job-thread-id-0] INFO  helpers.OmKeyInfo (OmKeyInfo.java:getCodec(71)) - OmKeyInfo.getCodec ignorePipeline = true
2023-09-29 09:15:23,517 [snapshot-diff-job-thread-id-0] INFO  snapshot.SnapshotDiffManager (SnapshotDiffManager.java:generateDiffReport(1304)) - Starting diff report generation for jobId: 3c9c0de3-f9a4-4305-ac88-c7144f0a9db0.
2023-09-29 09:15:24,445 [IPC Server handler 16 on default port 15057] WARN  snapshot.OMSnapshotCreateRequest (OMSnapshotCreateRequest.java:estimateBucketDataSize(333)) - DefaultReplicationConfig is not correctly set in OmBucketInfo for volume 'volume01942' bucket 'bucket59220'. Falling back to config default 'RATIS/THREE'
2023-09-29 09:15:24,446 [IPC Server handler 16 on default port 15057] INFO  snapshot.OMSnapshotCreateRequest (OMSnapshotCreateRequest.java:validateAndUpdateCache(215)) - Created snapshot: 's20230929-091524.422' with snapshotId: '75729a1a-63af-46f3-a9df-f9408cb4046a' under path 'volume01942/bucket59220'
2023-09-29 09:15:24,475 [OMDoubleBufferFlushThread] INFO  db.RDBCheckpointManager (RDBCheckpointManager.java:createCheckpoint(89)) - Created checkpoint in rocksDB at /home/runner/work/ozone/ozone/hadoop-ozone/integration-test/target/test-dir/MiniOzoneClusterImpl-23fe215d-70cc-4cc8-8e82-38d5ce4d8890/ozone-meta/db.snapshots/checkpointState/om.db-75729a1a-63af-46f3-a9df-f9408cb4046a in 28 milliseconds
2023-09-29 09:15:24,476 [OMDoubleBufferFlushThread] INFO  db.RDBCheckpointUtils (RDBCheckpointUtils.java:waitForCheckpointDirectoryExist(60)) - Waited for 1 milliseconds for checkpoint directory /home/runner/work/ozone/ozone/hadoop-ozone/integration-test/target/test-dir/MiniOzoneClusterImpl-23fe215d-70cc-4cc8-8e82-38d5ce4d8890/ozone-meta/db.snapshots/checkpointState/om.db-75729a1a-63af-46f3-a9df-f9408cb4046a availability.
2023-09-29 09:15:24,491 [OMDoubleBufferFlushThread] WARN  om.OmSnapshotManager (OmSnapshotManager.java:findEndKeyGivenPrefix(591)) - Took 14246499 ns to find endKey. Caller is deleteKeysFromDelKeyTableInSnapshotScope
2023-09-29 09:15:24,492 [OMDoubleBufferFlushThread] INFO  om.OmSnapshotManager (OmSnapshotManager.java:createOmSnapshotCheckpoint(461)) - Created checkpoint : /home/runner/work/ozone/ozone/hadoop-ozone/integration-test/target/test-dir/MiniOzoneClusterImpl-23fe215d-70cc-4cc8-8e82-38d5ce4d8890/ozone-meta/db.snapshots/checkpointState/om.db-75729a1a-63af-46f3-a9df-f9408cb4046a for snapshot s20230929-091524.422
2023-09-29 09:15:24,496 [IPC Server handler 18 on default port 15057] INFO  snapshot.SnapshotDiffManager (SnapshotDiffManager.java:submitSnapDiffJob(732)) - Submitting snap diff report generation request for volume: volume01942, bucket: bucket59220, fromSnapshot: s20230929-091523.282 and toSnapshot: s20230929-091524.422
2023-09-29 09:15:24,498 [snapshot-diff-job-thread-id-1] INFO  snapshot.SnapshotDiffManager (SnapshotDiffManager.java:generateSnapshotDiffReport(835)) - Started snap diff report generation for volume: 'volume01942', bucket: 'bucket59220', fromSnapshot: 's20230929-091523.282', toSnapshot: 's20230929-091524.422'
2023-09-29 09:15:24,499 [snapshot-diff-job-thread-id-1] INFO  snapshot.SnapshotCache (SnapshotCache.java:lambda$1(170)) - Loading snapshot. Table key: /volume01942/bucket59220/s20230929-091523.282
2023-09-29 09:15:24,501 [snapshot-diff-job-thread-id-1] INFO  snapshot.SnapshotCache (SnapshotCache.java:lambda$1(170)) - Loading snapshot. Table key: /volume01942/bucket59220/s20230929-091524.422
2023-09-29 09:15:24,501 [snapshot-diff-job-thread-id-1] WARN  server.ServerUtils (ServerUtils.java:getDBPath(311)) - ozone.om.db.dirs is not configured. We recommend adding this setting. Falling back to ozone.metadata.dirs instead.
2023-09-29 09:15:24,502 [snapshot-diff-job-thread-id-1] INFO  helpers.OmKeyInfo (OmKeyInfo.java:getCodec(71)) - OmKeyInfo.getCodec ignorePipeline = true
2023-09-29 09:15:24,594 [snapshot-diff-job-thread-id-1] INFO  snapshot.SnapshotDiffManager (SnapshotDiffManager.java:generateDiffReport(1304)) - Starting diff report generation for jobId: ef8e135c-60c8-4362-81ac-ecc281a01fdc.
2023-09-29 09:15:25,532 [IPC Server handler 0 on default port 15057] WARN  snapshot.OMSnapshotCreateRequest (OMSnapshotCreateRequest.java:estimateBucketDataSize(333)) - DefaultReplicationConfig is not correctly set in OmBucketInfo for volume 'volume01942' bucket 'bucket59220'. Falling back to config default 'RATIS/THREE'
2023-09-29 09:15:25,533 [IPC Server handler 0 on default port 15057] INFO  snapshot.OMSnapshotCreateRequest (OMSnapshotCreateRequest.java:validateAndUpdateCache(215)) - Created snapshot: 'tempfa2cc2d5-61f6-44cf-ba98-85cc3a9c79b7s20230929-091525.512' with snapshotId: '8c36ad71-acce-461a-851d-ca7970a1f7b4' under path 'volume01942/bucket59220'
2023-09-29 09:15:25,546 [Thread-2483] INFO  rocksdiff.RocksDBCheckpointDiffer (RocksDBCheckpointDiffer.java:onCompactionCompleted(544)) - Skipped the compaction entry. Compaction input files: [/home/runner/work/ozone/ozone/hadoop-ozone/integration-test/target/test-dir/MiniOzoneClusterImpl-23fe215d-70cc-4cc8-8e82-38d5ce4d8890/ozone-meta/om.db/000054.sst] and output files: [/home/runner/work/ozone/ozone/hadoop-ozone/integration-test/target/test-dir/MiniOzoneClusterImpl-23fe215d-70cc-4cc8-8e82-38d5ce4d8890/ozone-meta/om.db/000054.sst] are same.
2023-09-29 09:15:25,566 [Thread-2554] INFO  rocksdiff.RocksDBCheckpointDiffer (RocksDBCheckpointDiffer.java:onCompactionCompleted(544)) - Skipped the compaction entry. Compaction input files: [/home/runner/work/ozone/ozone/hadoop-ozone/integration-test/target/test-dir/MiniOzoneClusterImpl-23fe215d-70cc-4cc8-8e82-38d5ce4d8890/ozone-meta/om.db/000083.sst, /home/runner/work/ozone/ozone/hadoop-ozone/integration-test/target/test-dir/MiniOzoneClusterImpl-23fe215d-70cc-4cc8-8e82-38d5ce4d8890/ozone-meta/om.db/000075.sst, /home/runner/work/ozone/ozone/hadoop-ozone/integration-test/target/test-dir/MiniOzoneClusterImpl-23fe215d-70cc-4cc8-8e82-38d5ce4d8890/ozone-meta/om.db/000068.sst, /home/runner/work/ozone/ozone/hadoop-ozone/integration-test/target/test-dir/MiniOzoneClusterImpl-23fe215d-70cc-4cc8-8e82-38d5ce4d8890/ozone-meta/om.db/000057.sst] and output files: [/home/runner/work/ozone/ozone/hadoop-ozone/integration-test/target/test-dir/MiniOzoneClusterImpl-23fe215d-70cc-4cc8-8e82-38d5ce4d8890/ozone-meta/om.db/000083.sst, /home/runner/work/ozone/ozone/hadoop-ozone/integration-test/target/test-dir/MiniOzoneClusterImpl-23fe215d-70cc-4cc8-8e82-38d5ce4d8890/ozone-meta/om.db/000075.sst, /home/runner/work/ozone/ozone/hadoop-ozone/integration-test/target/test-dir/MiniOzoneClusterImpl-23fe215d-70cc-4cc8-8e82-38d5ce4d8890/ozone-meta/om.db/000068.sst, /home/runner/work/ozone/ozone/hadoop-ozone/integration-test/target/test-dir/MiniOzoneClusterImpl-23fe215d-70cc-4cc8-8e82-38d5ce4d8890/ozone-meta/om.db/000057.sst] are same.
2023-09-29 09:15:25,568 [Thread-2562] INFO  rocksdiff.RocksDBCheckpointDiffer (RocksDBCheckpointDiffer.java:onCompactionCompleted(544)) - Skipped the compaction entry. Compaction input files: [/home/runner/work/ozone/ozone/hadoop-ozone/integration-test/target/test-dir/MiniOzoneClusterImpl-23fe215d-70cc-4cc8-8e82-38d5ce4d8890/ozone-meta/om.db/000060.sst] and output files: [/home/runner/work/ozone/ozone/hadoop-ozone/integration-test/target/test-dir/MiniOzoneClusterImpl-23fe215d-70cc-4cc8-8e82-38d5ce4d8890/ozone-meta/om.db/000060.sst] are same.
2023-09-29 09:15:25,579 [OMDoubleBufferFlushThread] INFO  db.RDBCheckpointManager (RDBCheckpointManager.java:createCheckpoint(89)) - Created checkpoint in rocksDB at /home/runner/work/ozone/ozone/hadoop-ozone/integration-test/target/test-dir/MiniOzoneClusterImpl-23fe215d-70cc-4cc8-8e82-38d5ce4d8890/ozone-meta/db.snapshots/checkpointState/om.db-8c36ad71-acce-461a-851d-ca7970a1f7b4 in 42 milliseconds
2023-09-29 09:15:25,584 [OMDoubleBufferFlushThread] INFO  db.RDBCheckpointUtils (RDBCheckpointUtils.java:waitForCheckpointDirectoryExist(60)) - Waited for 5 milliseconds for checkpoint directory /home/runner/work/ozone/ozone/hadoop-ozone/integration-test/target/test-dir/MiniOzoneClusterImpl-23fe215d-70cc-4cc8-8e82-38d5ce4d8890/ozone-meta/db.snapshots/checkpointState/om.db-8c36ad71-acce-461a-851d-ca7970a1f7b4 availability.
2023-09-29 09:15:25,599 [OMDoubleBufferFlushThread] WARN  om.OmSnapshotManager (OmSnapshotManager.java:findEndKeyGivenPrefix(591)) - Took 14744798 ns to find endKey. Caller is deleteKeysFromDelKeyTableInSnapshotScope
2023-09-29 09:15:25,600 [OMDoubleBufferFlushThread] INFO  om.OmSnapshotManager (OmSnapshotManager.java:createOmSnapshotCheckpoint(461)) - Created checkpoint : /home/runner/work/ozone/ozone/hadoop-ozone/integration-test/target/test-dir/MiniOzoneClusterImpl-23fe215d-70cc-4cc8-8e82-38d5ce4d8890/ozone-meta/db.snapshots/checkpointState/om.db-8c36ad71-acce-461a-851d-ca7970a1f7b4 for snapshot tempfa2cc2d5-61f6-44cf-ba98-85cc3a9c79b7s20230929-091525.512
2023-09-29 09:15:25,607 [IPC Server handler 5 on default port 15057] INFO  snapshot.SnapshotDiffManager (SnapshotDiffManager.java:submitSnapDiffJob(732)) - Submitting snap diff report generation request for volume: volume01942, bucket: bucket59220, fromSnapshot: s20230929-091524.422 and toSnapshot: tempfa2cc2d5-61f6-44cf-ba98-85cc3a9c79b7s20230929-091525.512
2023-09-29 09:15:25,611 [snapshot-diff-job-thread-id-2] INFO  snapshot.SnapshotDiffManager (SnapshotDiffManager.java:generateSnapshotDiffReport(835)) - Started snap diff report generation for volume: 'volume01942', bucket: 'bucket59220', fromSnapshot: 's20230929-091524.422', toSnapshot: 'tempfa2cc2d5-61f6-44cf-ba98-85cc3a9c79b7s20230929-091525.512'
2023-09-29 09:15:25,611 [snapshot-diff-job-thread-id-2] INFO  snapshot.SnapshotCache (SnapshotCache.java:lambda$1(170)) - Loading snapshot. Table key: /volume01942/bucket59220/s20230929-091524.422
2023-09-29 09:15:25,613 [snapshot-diff-job-thread-id-2] INFO  snapshot.SnapshotCache (SnapshotCache.java:lambda$1(170)) - Loading snapshot. Table key: /volume01942/bucket59220/tempfa2cc2d5-61f6-44cf-ba98-85cc3a9c79b7s20230929-091525.512
2023-09-29 09:15:25,613 [snapshot-diff-job-thread-id-2] WARN  server.ServerUtils (ServerUtils.java:getDBPath(311)) - ozone.om.db.dirs is not configured. We recommend adding this setting. Falling back to ozone.metadata.dirs instead.
2023-09-29 09:15:25,613 [snapshot-diff-job-thread-id-2] INFO  helpers.OmKeyInfo (OmKeyInfo.java:getCodec(71)) - OmKeyInfo.getCodec ignorePipeline = true
2023-09-29 09:15:25,689 [snapshot-diff-job-thread-id-2] INFO  snapshot.SnapshotDiffManager (SnapshotDiffManager.java:generateDiffReport(1304)) - Starting diff report generation for jobId: 9aebebee-d5fc-4516-bc6e-b28db20d1adf.
2023-09-29 09:15:26,616 [IPC Server handler 7 on default port 15057] INFO  snapshot.OMSnapshotDeleteRequest (OMSnapshotDeleteRequest.java:validateAndUpdateCache(225)) - Deleted snapshot 'tempfa2cc2d5-61f6-44cf-ba98-85cc3a9c79b7s20230929-091525.512' under path 'volume01942/bucket59220'
2023-09-29 09:15:26,635 [IPC Server handler 9 on default port 15057] WARN  snapshot.OMSnapshotCreateRequest (OMSnapshotCreateRequest.java:estimateBucketDataSize(333)) - DefaultReplicationConfig is not correctly set in OmBucketInfo for volume 'volume01942' bucket 'bucket59220'. Falling back to config default 'RATIS/THREE'
2023-09-29 09:15:26,636 [IPC Server handler 9 on default port 15057] INFO  snapshot.OMSnapshotCreateRequest (OMSnapshotCreateRequest.java:validateAndUpdateCache(215)) - Created snapshot: 'temp4ce3388c-e722-4699-846a-f2d9af17a6b1s20230929-091526.617' with snapshotId: 'ff9f26db-963c-4bf0-8826-1a6c4ab839f5' under path 'volume01942/bucket59220'
2023-09-29 09:15:26,648 [Thread-2607] INFO  rocksdiff.RocksDBCheckpointDiffer (RocksDBCheckpointDiffer.java:onCompactionCompleted(544)) - Skipped the compaction entry. Compaction input files: [/home/runner/work/ozone/ozone/hadoop-ozone/integration-test/target/test-dir/MiniOzoneClusterImpl-23fe215d-70cc-4cc8-8e82-38d5ce4d8890/ozone-meta/om.db/000067.sst] and output files: [/home/runner/work/ozone/ozone/hadoop-ozone/integration-test/target/test-dir/MiniOzoneClusterImpl-23fe215d-70cc-4cc8-8e82-38d5ce4d8890/ozone-meta/om.db/000067.sst] are same.
2023-09-29 09:15:26,658 [OMDoubleBufferFlushThread] INFO  db.RDBCheckpointManager (RDBCheckpointManager.java:createCheckpoint(89)) - Created checkpoint in rocksDB at /home/runner/work/ozone/ozone/hadoop-ozone/integration-test/target/test-dir/MiniOzoneClusterImpl-23fe215d-70cc-4cc8-8e82-38d5ce4d8890/ozone-meta/db.snapshots/checkpointState/om.db-ff9f26db-963c-4bf0-8826-1a6c4ab839f5 in 17 milliseconds
2023-09-29 09:15:26,659 [OMDoubleBufferFlushThread] INFO  db.RDBCheckpointUtils (RDBCheckpointUtils.java:waitForCheckpointDirectoryExist(60)) - Waited for 1 milliseconds for checkpoint directory /home/runner/work/ozone/ozone/hadoop-ozone/integration-test/target/test-dir/MiniOzoneClusterImpl-23fe215d-70cc-4cc8-8e82-38d5ce4d8890/ozone-meta/db.snapshots/checkpointState/om.db-ff9f26db-963c-4bf0-8826-1a6c4ab839f5 availability.
2023-09-29 09:15:26,682 [OMDoubleBufferFlushThread] WARN  om.OmSnapshotManager (OmSnapshotManager.java:findEndKeyGivenPrefix(591)) - Took 21976597 ns to find endKey. Caller is deleteKeysFromDelKeyTableInSnapshotScope
2023-09-29 09:15:26,683 [OMDoubleBufferFlushThread] INFO  om.OmSnapshotManager (OmSnapshotManager.java:createOmSnapshotCheckpoint(461)) - Created checkpoint : /home/runner/work/ozone/ozone/hadoop-ozone/integration-test/target/test-dir/MiniOzoneClusterImpl-23fe215d-70cc-4cc8-8e82-38d5ce4d8890/ozone-meta/db.snapshots/checkpointState/om.db-ff9f26db-963c-4bf0-8826-1a6c4ab839f5 for snapshot temp4ce3388c-e722-4699-846a-f2d9af17a6b1s20230929-091526.617
2023-09-29 09:15:26,688 [IPC Server handler 13 on default port 15057] INFO  snapshot.SnapshotDiffManager (SnapshotDiffManager.java:submitSnapDiffJob(732)) - Submitting snap diff report generation request for volume: volume01942, bucket: bucket59220, fromSnapshot: temp4ce3388c-e722-4699-846a-f2d9af17a6b1s20230929-091526.617 and toSnapshot: s20230929-091524.422
2023-09-29 09:15:26,692 [snapshot-diff-job-thread-id-3] INFO  snapshot.SnapshotDiffManager (SnapshotDiffManager.java:generateSnapshotDiffReport(835)) - Started snap diff report generation for volume: 'volume01942', bucket: 'bucket59220', fromSnapshot: 'temp4ce3388c-e722-4699-846a-f2d9af17a6b1s20230929-091526.617', toSnapshot: 's20230929-091524.422'
2023-09-29 09:15:26,692 [snapshot-diff-job-thread-id-3] INFO  snapshot.SnapshotCache (SnapshotCache.java:lambda$1(170)) - Loading snapshot. Table key: /volume01942/bucket59220/temp4ce3388c-e722-4699-846a-f2d9af17a6b1s20230929-091526.617
2023-09-29 09:15:26,692 [snapshot-diff-job-thread-id-3] WARN  server.ServerUtils (ServerUtils.java:getDBPath(311)) - ozone.om.db.dirs is not configured. We recommend adding this setting. Falling back to ozone.metadata.dirs instead.
2023-09-29 09:15:26,693 [snapshot-diff-job-thread-id-3] INFO  helpers.OmKeyInfo (OmKeyInfo.java:getCodec(71)) - OmKeyInfo.getCodec ignorePipeline = true
2023-09-29 09:15:26,765 [snapshot-diff-job-thread-id-3] INFO  snapshot.SnapshotCache (SnapshotCache.java:lambda$1(170)) - Loading snapshot. Table key: /volume01942/bucket59220/s20230929-091524.422
2023-09-29 09:15:26,787 [snapshot-diff-job-thread-id-3] WARN  snapshot.SnapshotDiffManager (SnapshotDiffManager.java:getDeltaFiles(1228)) - RocksDBCheckpointDiffer is not available, falling back to slow path
2023-09-29 09:15:26,797 [snapshot-diff-job-thread-id-3] WARN  snapshot.SnapshotDiffManager (SnapshotDiffManager.java:getDeltaFiles(1228)) - RocksDBCheckpointDiffer is not available, falling back to slow path
2023-09-29 09:15:26,799 [snapshot-diff-job-thread-id-3] INFO  snapshot.SnapshotDiffManager (SnapshotDiffManager.java:generateDiffReport(1304)) - Starting diff report generation for jobId: dc855cbe-54c7-419c-bf88-c9f6eb6053f9.
2023-09-29 09:15:27,698 [IPC Server handler 11 on default port 15057] INFO  snapshot.OMSnapshotDeleteRequest (OMSnapshotDeleteRequest.java:validateAndUpdateCache(225)) - Deleted snapshot 'temp4ce3388c-e722-4699-846a-f2d9af17a6b1s20230929-091526.617' under path 'volume01942/bucket59220'
2023-09-29 09:15:27,724 [IPC Server handler 12 on default port 15057] WARN  snapshot.OMSnapshotCreateRequest (OMSnapshotCreateRequest.java:estimateBucketDataSize(333)) - DefaultReplicationConfig is not correctly set in OmBucketInfo for volume 'volume01942' bucket 'bucket59220'. Falling back to config default 'RATIS/THREE'
2023-09-29 09:15:27,725 [IPC Server handler 12 on default port 15057] INFO  snapshot.OMSnapshotCreateRequest (OMSnapshotCreateRequest.java:validateAndUpdateCache(215)) - Created snapshot: 'temp9904d5a1-8030-4ba1-92a0-c4280749ce6as20230929-091527.700' with snapshotId: '34284584-61e2-4ee2-adcc-8c0332dadac6' under path 'volume01942/bucket59220'
2023-09-29 09:15:27,733 [Thread-2647] INFO  rocksdiff.RocksDBCheckpointDiffer (RocksDBCheckpointDiffer.java:onCompactionCompleted(544)) - Skipped the compaction entry. Compaction input files: [/home/runner/work/ozone/ozone/hadoop-ozone/integration-test/target/test-dir/MiniOzoneClusterImpl-23fe215d-70cc-4cc8-8e82-38d5ce4d8890/ozone-meta/om.db/000074.sst, /home/runner/work/ozone/ozone/hadoop-ozone/integration-test/target/test-dir/MiniOzoneClusterImpl-23fe215d-70cc-4cc8-8e82-38d5ce4d8890/ozone-meta/om.db/000082.sst, /home/runner/work/ozone/ozone/hadoop-ozone/integration-test/target/test-dir/MiniOzoneClusterImpl-23fe215d-70cc-4cc8-8e82-38d5ce4d8890/ozone-meta/om.db/000088.sst] and output files: [/home/runner/work/ozone/ozone/hadoop-ozone/integration-test/target/test-dir/MiniOzoneClusterImpl-23fe215d-70cc-4cc8-8e82-38d5ce4d8890/ozone-meta/om.db/000074.sst, /home/runner/work/ozone/ozone/hadoop-ozone/integration-test/target/test-dir/MiniOzoneClusterImpl-23fe215d-70cc-4cc8-8e82-38d5ce4d8890/ozone-meta/om.db/000082.sst, /home/runner/work/ozone/ozone/hadoop-ozone/integration-test/target/test-dir/MiniOzoneClusterImpl-23fe215d-70cc-4cc8-8e82-38d5ce4d8890/ozone-meta/om.db/000088.sst] are same.
2023-09-29 09:15:27,744 [OMDoubleBufferFlushThread] INFO  db.RDBCheckpointManager (RDBCheckpointManager.java:createCheckpoint(89)) - Created checkpoint in rocksDB at /home/runner/work/ozone/ozone/hadoop-ozone/integration-test/target/test-dir/MiniOzoneClusterImpl-23fe215d-70cc-4cc8-8e82-38d5ce4d8890/ozone-meta/db.snapshots/checkpointState/om.db-34284584-61e2-4ee2-adcc-8c0332dadac6 in 18 milliseconds
2023-09-29 09:15:27,744 [OMDoubleBufferFlushThread] INFO  db.RDBCheckpointUtils (RDBCheckpointUtils.java:waitForCheckpointDirectoryExist(60)) - Waited for 0 milliseconds for checkpoint directory /home/runner/work/ozone/ozone/hadoop-ozone/integration-test/target/test-dir/MiniOzoneClusterImpl-23fe215d-70cc-4cc8-8e82-38d5ce4d8890/ozone-meta/db.snapshots/checkpointState/om.db-34284584-61e2-4ee2-adcc-8c0332dadac6 availability.
2023-09-29 09:15:27,758 [OMDoubleBufferFlushThread] WARN  om.OmSnapshotManager (OmSnapshotManager.java:findEndKeyGivenPrefix(591)) - Took 12624499 ns to find endKey. Caller is deleteKeysFromDelKeyTableInSnapshotScope
2023-09-29 09:15:27,759 [OMDoubleBufferFlushThread] INFO  om.OmSnapshotManager (OmSnapshotManager.java:createOmSnapshotCheckpoint(461)) - Created checkpoint : /home/runner/work/ozone/ozone/hadoop-ozone/integration-test/target/test-dir/MiniOzoneClusterImpl-23fe215d-70cc-4cc8-8e82-38d5ce4d8890/ozone-meta/db.snapshots/checkpointState/om.db-34284584-61e2-4ee2-adcc-8c0332dadac6 for snapshot temp9904d5a1-8030-4ba1-92a0-c4280749ce6as20230929-091527.700
2023-09-29 09:15:27,786 [IPC Server handler 3 on default port 15057] WARN  snapshot.OMSnapshotCreateRequest (OMSnapshotCreateRequest.java:estimateBucketDataSize(333)) - DefaultReplicationConfig is not correctly set in OmBucketInfo for volume 'volume01942' bucket 'bucket59220'. Falling back to config default 'RATIS/THREE'
2023-09-29 09:15:27,786 [IPC Server handler 3 on default port 15057] INFO  snapshot.OMSnapshotCreateRequest (OMSnapshotCreateRequest.java:validateAndUpdateCache(215)) - Created snapshot: 'temp4050e0ff-6294-4899-b1ff-3a92d06b7020s20230929-091527.760' with snapshotId: 'c0660b09-b6a8-4a59-b77c-ccc83f58f5b9' under path 'volume01942/bucket59220'
2023-09-29 09:15:27,807 [OMDoubleBufferFlushThread] INFO  db.RDBCheckpointManager (RDBCheckpointManager.java:createCheckpoint(89)) - Created checkpoint in rocksDB at /home/runner/work/ozone/ozone/hadoop-ozone/integration-test/target/test-dir/MiniOzoneClusterImpl-23fe215d-70cc-4cc8-8e82-38d5ce4d8890/ozone-meta/db.snapshots/checkpointState/om.db-c0660b09-b6a8-4a59-b77c-ccc83f58f5b9 in 17 milliseconds
2023-09-29 09:15:27,808 [OMDoubleBufferFlushThread] INFO  db.RDBCheckpointUtils (RDBCheckpointUtils.java:waitForCheckpointDirectoryExist(60)) - Waited for 1 milliseconds for checkpoint directory /home/runner/work/ozone/ozone/hadoop-ozone/integration-test/target/test-dir/MiniOzoneClusterImpl-23fe215d-70cc-4cc8-8e82-38d5ce4d8890/ozone-meta/db.snapshots/checkpointState/om.db-c0660b09-b6a8-4a59-b77c-ccc83f58f5b9 availability.
2023-09-29 09:15:27,820 [OMDoubleBufferFlushThread] WARN  om.OmSnapshotManager (OmSnapshotManager.java:findEndKeyGivenPrefix(591)) - Took 11956198 ns to find endKey. Caller is deleteKeysFromDelKeyTableInSnapshotScope
2023-09-29 09:15:27,821 [OMDoubleBufferFlushThread] INFO  om.OmSnapshotManager (OmSnapshotManager.java:createOmSnapshotCheckpoint(461)) - Created checkpoint : /home/runner/work/ozone/ozone/hadoop-ozone/integration-test/target/test-dir/MiniOzoneClusterImpl-23fe215d-70cc-4cc8-8e82-38d5ce4d8890/ozone-meta/db.snapshots/checkpointState/om.db-c0660b09-b6a8-4a59-b77c-ccc83f58f5b9 for snapshot temp4050e0ff-6294-4899-b1ff-3a92d06b7020s20230929-091527.760
2023-09-29 09:15:27,826 [IPC Server handler 10 on default port 15057] INFO  snapshot.SnapshotDiffManager (SnapshotDiffManager.java:submitSnapDiffJob(732)) - Submitting snap diff report generation request for volume: volume01942, bucket: bucket59220, fromSnapshot: temp4050e0ff-6294-4899-b1ff-3a92d06b7020s20230929-091527.760 and toSnapshot: temp9904d5a1-8030-4ba1-92a0-c4280749ce6as20230929-091527.700
2023-09-29 09:15:27,828 [snapshot-diff-job-thread-id-4] INFO  snapshot.SnapshotDiffManager (SnapshotDiffManager.java:generateSnapshotDiffReport(835)) - Started snap diff report generation for volume: 'volume01942', bucket: 'bucket59220', fromSnapshot: 'temp4050e0ff-6294-4899-b1ff-3a92d06b7020s20230929-091527.760', toSnapshot: 'temp9904d5a1-8030-4ba1-92a0-c4280749ce6as20230929-091527.700'
2023-09-29 09:15:27,828 [snapshot-diff-job-thread-id-4] INFO  snapshot.SnapshotCache (SnapshotCache.java:lambda$1(170)) - Loading snapshot. Table key: /volume01942/bucket59220/temp4050e0ff-6294-4899-b1ff-3a92d06b7020s20230929-091527.760
2023-09-29 09:15:27,828 [snapshot-diff-job-thread-id-4] WARN  server.ServerUtils (ServerUtils.java:getDBPath(311)) - ozone.om.db.dirs is not configured. We recommend adding this setting. Falling back to ozone.metadata.dirs instead.
2023-09-29 09:15:27,829 [snapshot-diff-job-thread-id-4] INFO  helpers.OmKeyInfo (OmKeyInfo.java:getCodec(71)) - OmKeyInfo.getCodec ignorePipeline = true
2023-09-29 09:15:27,880 [snapshot-diff-job-thread-id-4] INFO  snapshot.SnapshotCache (SnapshotCache.java:lambda$1(170)) - Loading snapshot. Table key: /volume01942/bucket59220/temp9904d5a1-8030-4ba1-92a0-c4280749ce6as20230929-091527.700
2023-09-29 09:15:27,880 [snapshot-diff-job-thread-id-4] WARN  server.ServerUtils (ServerUtils.java:getDBPath(311)) - ozone.om.db.dirs is not configured. We recommend adding this setting. Falling back to ozone.metadata.dirs instead.
2023-09-29 09:15:27,881 [snapshot-diff-job-thread-id-4] INFO  helpers.OmKeyInfo (OmKeyInfo.java:getCodec(71)) - OmKeyInfo.getCodec ignorePipeline = true
2023-09-29 09:15:27,941 [snapshot-diff-job-thread-id-4] WARN  snapshot.SnapshotDiffManager (SnapshotDiffManager.java:getDeltaFiles(1228)) - RocksDBCheckpointDiffer is not available, falling back to slow path
2023-09-29 09:15:27,951 [snapshot-diff-job-thread-id-4] WARN  snapshot.SnapshotDiffManager (SnapshotDiffManager.java:getDeltaFiles(1228)) - RocksDBCheckpointDiffer is not available, falling back to slow path
2023-09-29 09:15:27,953 [snapshot-diff-job-thread-id-4] INFO  snapshot.SnapshotDiffManager (SnapshotDiffManager.java:generateDiffReport(1304)) - Starting diff report generation for jobId: fafe7ffa-6596-442c-b86b-73b9216c90e0.
2023-09-29 09:15:28,835 [IPC Server handler 17 on default port 15057] INFO  snapshot.OMSnapshotDeleteRequest (OMSnapshotDeleteRequest.java:validateAndUpdateCache(225)) - Deleted snapshot 'temp9904d5a1-8030-4ba1-92a0-c4280749ce6as20230929-091527.700' under path 'volume01942/bucket59220'
2023-09-29 09:15:28,836 [IPC Server handler 15 on default port 15057] INFO  snapshot.OMSnapshotDeleteRequest (OMSnapshotDeleteRequest.java:validateAndUpdateCache(225)) - Deleted snapshot 'temp4050e0ff-6294-4899-b1ff-3a92d06b7020s20230929-091527.760' under path 'volume01942/bucket59220'
]]></system-out>
  </testcase>
  <testcase name="testSnapshotRead" classname="TestRootedOzoneFileSystemWithFSO" time="0.439">
    <system-out><![CDATA[2023-09-29 09:13:43,893 [Time-limited test] INFO  rpc.RpcClient (RpcClient.java:createVolume(462)) - Creating Volume: volume80335, with user52792 as owner and space quota set to -1 bytes, counts quota set to -1
2023-09-29 09:13:43,896 [OM StateMachine ApplyTransaction Thread - 0] INFO  volume.OMVolumeCreateRequest (OMVolumeCreateRequest.java:validateAndUpdateCache(196)) - created volume:volume80335 for user:user52792
2023-09-29 09:13:43,904 [Time-limited test] INFO  rpc.RpcClient (RpcClient.java:createBucket(689)) - Creating Bucket: volume80335/bucket14171, with bucket layout FILE_SYSTEM_OPTIMIZED, runner as owner, Versioning false, Storage Type set to DISK and Encryption set to false, Replication Type set to server-side default replication type, Namespace Quota set to -1, Space Quota set to -1 
2023-09-29 09:13:43,906 [OM StateMachine ApplyTransaction Thread - 0] INFO  bucket.OMBucketCreateRequest (OMBucketCreateRequest.java:validateAndUpdateCache(270)) - created bucket: bucket14171 of layout FILE_SYSTEM_OPTIMIZED in volume: volume80335
2023-09-29 09:13:43,925 [Time-limited test] INFO  rpc.RpcClient (RpcClient.java:createVolume(462)) - Creating Volume: volume88194, with user98244 as owner and space quota set to -1 bytes, counts quota set to -1
2023-09-29 09:13:43,927 [OM StateMachine ApplyTransaction Thread - 0] INFO  volume.OMVolumeCreateRequest (OMVolumeCreateRequest.java:validateAndUpdateCache(196)) - created volume:volume88194 for user:user98244
2023-09-29 09:13:43,929 [Time-limited test] INFO  rpc.RpcClient (RpcClient.java:createBucket(689)) - Creating Bucket: volume88194/bucket27967, with bucket layout FILE_SYSTEM_OPTIMIZED, runner as owner, Versioning false, Storage Type set to DISK and Encryption set to false, Replication Type set to server-side default replication type, Namespace Quota set to -1, Space Quota set to -1 
2023-09-29 09:13:43,934 [OM StateMachine ApplyTransaction Thread - 0] INFO  bucket.OMBucketCreateRequest (OMBucketCreateRequest.java:validateAndUpdateCache(270)) - created bucket: bucket27967 of layout FILE_SYSTEM_OPTIMIZED in volume: volume88194
2023-09-29 09:13:43,974 [Time-limited test] INFO  rpc.RpcClient (RpcClient.java:createVolume(462)) - Creating Volume: volume58276, with user70893 as owner and space quota set to -1 bytes, counts quota set to -1
2023-09-29 09:13:43,977 [OM StateMachine ApplyTransaction Thread - 0] INFO  volume.OMVolumeCreateRequest (OMVolumeCreateRequest.java:validateAndUpdateCache(196)) - created volume:volume58276 for user:user70893
2023-09-29 09:13:43,978 [Time-limited test] INFO  rpc.RpcClient (RpcClient.java:createBucket(689)) - Creating Bucket: volume58276/bucket38890, with bucket layout FILE_SYSTEM_OPTIMIZED, runner as owner, Versioning false, Storage Type set to DISK and Encryption set to false, Replication Type set to server-side default replication type, Namespace Quota set to -1, Space Quota set to -1 
2023-09-29 09:13:43,980 [OM StateMachine ApplyTransaction Thread - 0] INFO  bucket.OMBucketCreateRequest (OMBucketCreateRequest.java:validateAndUpdateCache(270)) - created bucket: bucket38890 of layout FILE_SYSTEM_OPTIMIZED in volume: volume58276
2023-09-29 09:13:44,005 [OM StateMachine ApplyTransaction Thread - 0] WARN  snapshot.OMSnapshotCreateRequest (OMSnapshotCreateRequest.java:estimateBucketDataSize(333)) - DefaultReplicationConfig is not correctly set in OmBucketInfo for volume 'volume88194' bucket 'bucket27967'. Falling back to config default 'RATIS/THREE'
2023-09-29 09:13:44,005 [OM StateMachine ApplyTransaction Thread - 0] INFO  snapshot.OMSnapshotCreateRequest (OMSnapshotCreateRequest.java:validateAndUpdateCache(215)) - Created snapshot: 'snap1' with snapshotId: '4a9f3ce3-68e1-4743-8622-daf1aaf8604c' under path 'volume88194/bucket27967'
2023-09-29 09:13:44,034 [OM StateMachine ApplyTransaction Thread - 0] WARN  snapshot.OMSnapshotCreateRequest (OMSnapshotCreateRequest.java:estimateBucketDataSize(333)) - DefaultReplicationConfig is not correctly set in OmBucketInfo for volume 'volume58276' bucket 'bucket38890'. Falling back to config default 'RATIS/THREE'
2023-09-29 09:13:44,034 [OM StateMachine ApplyTransaction Thread - 0] INFO  snapshot.OMSnapshotCreateRequest (OMSnapshotCreateRequest.java:validateAndUpdateCache(215)) - Created snapshot: 'snap1' with snapshotId: '369825f9-66b7-4620-8ab3-abfa8c7c4023' under path 'volume58276/bucket38890'
2023-09-29 09:13:44,056 [OMDoubleBufferFlushThread] INFO  db.RDBCheckpointManager (RDBCheckpointManager.java:createCheckpoint(89)) - Created checkpoint in rocksDB at /home/runner/work/ozone/ozone/hadoop-ozone/integration-test/target/test-dir/MiniOzoneClusterImpl-2a0ec25a-3990-4628-8b93-857bbff79694/ozone-meta/db.snapshots/checkpointState/om.db-4a9f3ce3-68e1-4743-8622-daf1aaf8604c in 49 milliseconds
2023-09-29 09:13:44,075 [OMDoubleBufferFlushThread] INFO  db.RDBCheckpointUtils (RDBCheckpointUtils.java:waitForCheckpointDirectoryExist(60)) - Waited for 18 milliseconds for checkpoint directory /home/runner/work/ozone/ozone/hadoop-ozone/integration-test/target/test-dir/MiniOzoneClusterImpl-2a0ec25a-3990-4628-8b93-857bbff79694/ozone-meta/db.snapshots/checkpointState/om.db-4a9f3ce3-68e1-4743-8622-daf1aaf8604c availability.
2023-09-29 09:13:44,076 [OMDoubleBufferFlushThread] WARN  om.OmSnapshotManager (OmSnapshotManager.java:findEndKeyGivenPrefix(591)) - Took 123500 ns to find endKey. Caller is deleteKeysFromDelKeyTableInSnapshotScope
2023-09-29 09:13:44,077 [OMDoubleBufferFlushThread] WARN  om.OmSnapshotManager (OmSnapshotManager.java:findEndKeyGivenPrefix(591)) - Took 367000 ns to find endKey. Caller is deleteKeysFromDelDirTableInSnapshotScope
2023-09-29 09:13:44,078 [OMDoubleBufferFlushThread] INFO  om.OmSnapshotManager (OmSnapshotManager.java:createOmSnapshotCheckpoint(461)) - Created checkpoint : /home/runner/work/ozone/ozone/hadoop-ozone/integration-test/target/test-dir/MiniOzoneClusterImpl-2a0ec25a-3990-4628-8b93-857bbff79694/ozone-meta/db.snapshots/checkpointState/om.db-4a9f3ce3-68e1-4743-8622-daf1aaf8604c for snapshot snap1
2023-09-29 09:13:44,089 [OM StateMachine ApplyTransaction Thread - 0] WARN  snapshot.OMSnapshotCreateRequest (OMSnapshotCreateRequest.java:estimateBucketDataSize(333)) - DefaultReplicationConfig is not correctly set in OmBucketInfo for volume 'volume88194' bucket 'bucket27967'. Falling back to config default 'RATIS/THREE'
2023-09-29 09:13:44,089 [OM StateMachine ApplyTransaction Thread - 0] INFO  snapshot.OMSnapshotCreateRequest (OMSnapshotCreateRequest.java:validateAndUpdateCache(215)) - Created snapshot: 'snap2' with snapshotId: '9aa0cf91-5aa7-4338-8f59-968bb0cccb0c' under path 'volume88194/bucket27967'
2023-09-29 09:13:44,091 [Thread-1307] INFO  rocksdiff.RocksDBCheckpointDiffer (RocksDBCheckpointDiffer.java:onCompactionCompleted(544)) - Skipped the compaction entry. Compaction input files: [/home/runner/work/ozone/ozone/hadoop-ozone/integration-test/target/test-dir/MiniOzoneClusterImpl-2a0ec25a-3990-4628-8b93-857bbff79694/ozone-meta/om.db/000099.sst] and output files: [/home/runner/work/ozone/ozone/hadoop-ozone/integration-test/target/test-dir/MiniOzoneClusterImpl-2a0ec25a-3990-4628-8b93-857bbff79694/ozone-meta/om.db/000099.sst] are same.
2023-09-29 09:13:44,092 [IPC Server handler 3 on default port 15004] INFO  snapshot.SnapshotCache (SnapshotCache.java:lambda$1(170)) - Loading snapshot. Table key: /volume88194/bucket27967/snap1
2023-09-29 09:13:44,092 [IPC Server handler 3 on default port 15004] WARN  server.ServerUtils (ServerUtils.java:getDBPath(311)) - ozone.om.db.dirs is not configured. We recommend adding this setting. Falling back to ozone.metadata.dirs instead.
2023-09-29 09:13:44,093 [IPC Server handler 3 on default port 15004] INFO  helpers.OmKeyInfo (OmKeyInfo.java:getCodec(71)) - OmKeyInfo.getCodec ignorePipeline = true
2023-09-29 09:13:44,112 [OMDoubleBufferFlushThread] INFO  db.RDBCheckpointManager (RDBCheckpointManager.java:createCheckpoint(89)) - Created checkpoint in rocksDB at /home/runner/work/ozone/ozone/hadoop-ozone/integration-test/target/test-dir/MiniOzoneClusterImpl-2a0ec25a-3990-4628-8b93-857bbff79694/ozone-meta/db.snapshots/checkpointState/om.db-369825f9-66b7-4620-8ab3-abfa8c7c4023 in 31 milliseconds
2023-09-29 09:13:44,114 [OMDoubleBufferFlushThread] INFO  db.RDBCheckpointUtils (RDBCheckpointUtils.java:waitForCheckpointDirectoryExist(60)) - Waited for 2 milliseconds for checkpoint directory /home/runner/work/ozone/ozone/hadoop-ozone/integration-test/target/test-dir/MiniOzoneClusterImpl-2a0ec25a-3990-4628-8b93-857bbff79694/ozone-meta/db.snapshots/checkpointState/om.db-369825f9-66b7-4620-8ab3-abfa8c7c4023 availability.
2023-09-29 09:13:44,116 [OMDoubleBufferFlushThread] WARN  om.OmSnapshotManager (OmSnapshotManager.java:findEndKeyGivenPrefix(591)) - Took 638600 ns to find endKey. Caller is deleteKeysFromDelDirTableInSnapshotScope
2023-09-29 09:13:44,116 [OMDoubleBufferFlushThread] INFO  om.OmSnapshotManager (OmSnapshotManager.java:createOmSnapshotCheckpoint(461)) - Created checkpoint : /home/runner/work/ozone/ozone/hadoop-ozone/integration-test/target/test-dir/MiniOzoneClusterImpl-2a0ec25a-3990-4628-8b93-857bbff79694/ozone-meta/db.snapshots/checkpointState/om.db-369825f9-66b7-4620-8ab3-abfa8c7c4023 for snapshot snap1
2023-09-29 09:13:44,117 [OMDoubleBufferFlushThread] WARN  rocksdiff.RocksDBCheckpointDiffer (RocksDBCheckpointDiffer.java:setCurrentCompactionLog(326)) - Compaction log exists: /home/runner/work/ozone/ozone/hadoop-ozone/integration-test/target/test-dir/MiniOzoneClusterImpl-2a0ec25a-3990-4628-8b93-857bbff79694/ozone-meta/db.snapshots/diffState/compaction-log/0000000000000015624.log. Will append
2023-09-29 09:13:44,141 [Thread-1387] INFO  rocksdiff.RocksDBCheckpointDiffer (RocksDBCheckpointDiffer.java:onCompactionCompleted(544)) - Skipped the compaction entry. Compaction input files: [/home/runner/work/ozone/ozone/hadoop-ozone/integration-test/target/test-dir/MiniOzoneClusterImpl-2a0ec25a-3990-4628-8b93-857bbff79694/ozone-meta/om.db/000104.sst] and output files: [/home/runner/work/ozone/ozone/hadoop-ozone/integration-test/target/test-dir/MiniOzoneClusterImpl-2a0ec25a-3990-4628-8b93-857bbff79694/ozone-meta/om.db/000104.sst] are same.
2023-09-29 09:13:44,154 [OMDoubleBufferFlushThread] INFO  db.RDBCheckpointManager (RDBCheckpointManager.java:createCheckpoint(89)) - Created checkpoint in rocksDB at /home/runner/work/ozone/ozone/hadoop-ozone/integration-test/target/test-dir/MiniOzoneClusterImpl-2a0ec25a-3990-4628-8b93-857bbff79694/ozone-meta/db.snapshots/checkpointState/om.db-9aa0cf91-5aa7-4338-8f59-968bb0cccb0c in 33 milliseconds
2023-09-29 09:13:44,156 [OMDoubleBufferFlushThread] INFO  db.RDBCheckpointUtils (RDBCheckpointUtils.java:waitForCheckpointDirectoryExist(60)) - Waited for 2 milliseconds for checkpoint directory /home/runner/work/ozone/ozone/hadoop-ozone/integration-test/target/test-dir/MiniOzoneClusterImpl-2a0ec25a-3990-4628-8b93-857bbff79694/ozone-meta/db.snapshots/checkpointState/om.db-9aa0cf91-5aa7-4338-8f59-968bb0cccb0c availability.
2023-09-29 09:13:44,158 [OMDoubleBufferFlushThread] WARN  om.OmSnapshotManager (OmSnapshotManager.java:findEndKeyGivenPrefix(591)) - Took 470100 ns to find endKey. Caller is deleteKeysFromDelDirTableInSnapshotScope
2023-09-29 09:13:44,158 [OMDoubleBufferFlushThread] INFO  om.OmSnapshotManager (OmSnapshotManager.java:createOmSnapshotCheckpoint(461)) - Created checkpoint : /home/runner/work/ozone/ozone/hadoop-ozone/integration-test/target/test-dir/MiniOzoneClusterImpl-2a0ec25a-3990-4628-8b93-857bbff79694/ozone-meta/db.snapshots/checkpointState/om.db-9aa0cf91-5aa7-4338-8f59-968bb0cccb0c for snapshot snap2
2023-09-29 09:13:44,159 [OMDoubleBufferFlushThread] WARN  rocksdiff.RocksDBCheckpointDiffer (RocksDBCheckpointDiffer.java:setCurrentCompactionLog(326)) - Compaction log exists: /home/runner/work/ozone/ozone/hadoop-ozone/integration-test/target/test-dir/MiniOzoneClusterImpl-2a0ec25a-3990-4628-8b93-857bbff79694/ozone-meta/db.snapshots/diffState/compaction-log/0000000000000015624.log. Will append
2023-09-29 09:13:44,170 [IPC Server handler 6 on default port 15004] INFO  snapshot.SnapshotCache (SnapshotCache.java:lambda$1(170)) - Loading snapshot. Table key: /volume58276/bucket38890/snap1
2023-09-29 09:13:44,170 [IPC Server handler 6 on default port 15004] WARN  server.ServerUtils (ServerUtils.java:getDBPath(311)) - ozone.om.db.dirs is not configured. We recommend adding this setting. Falling back to ozone.metadata.dirs instead.
2023-09-29 09:13:44,171 [IPC Server handler 6 on default port 15004] INFO  helpers.OmKeyInfo (OmKeyInfo.java:getCodec(71)) - OmKeyInfo.getCodec ignorePipeline = true
2023-09-29 09:13:44,225 [IPC Server handler 17 on default port 15004] INFO  snapshot.SnapshotCache (SnapshotCache.java:lambda$1(170)) - Loading snapshot. Table key: /volume88194/bucket27967/snap2
2023-09-29 09:13:44,225 [IPC Server handler 17 on default port 15004] WARN  server.ServerUtils (ServerUtils.java:getDBPath(311)) - ozone.om.db.dirs is not configured. We recommend adding this setting. Falling back to ozone.metadata.dirs instead.
2023-09-29 09:13:44,226 [IPC Server handler 17 on default port 15004] INFO  helpers.OmKeyInfo (OmKeyInfo.java:getCodec(71)) - OmKeyInfo.getCodec ignorePipeline = true
]]></system-out>
  </testcase>
  <testcase name="testSnapshotRead" classname="TestRootedOzoneFileSystemWithFSO" time="0.403">
    <system-out><![CDATA[2023-09-29 09:15:28,859 [Time-limited test] INFO  rpc.RpcClient (RpcClient.java:createVolume(462)) - Creating Volume: volume94866, with user84990 as owner and space quota set to -1 bytes, counts quota set to -1
2023-09-29 09:15:28,860 [IPC Server handler 12 on default port 15057] INFO  volume.OMVolumeCreateRequest (OMVolumeCreateRequest.java:validateAndUpdateCache(196)) - created volume:volume94866 for user:user84990
2023-09-29 09:15:28,861 [Time-limited test] INFO  rpc.RpcClient (RpcClient.java:createBucket(689)) - Creating Bucket: volume94866/bucket75652, with bucket layout FILE_SYSTEM_OPTIMIZED, runner as owner, Versioning false, Storage Type set to DISK and Encryption set to false, Replication Type set to server-side default replication type, Namespace Quota set to -1, Space Quota set to -1 
2023-09-29 09:15:28,862 [IPC Server handler 10 on default port 15057] INFO  bucket.OMBucketCreateRequest (OMBucketCreateRequest.java:validateAndUpdateCache(270)) - created bucket: bucket75652 of layout FILE_SYSTEM_OPTIMIZED in volume: volume94866
2023-09-29 09:15:28,874 [Time-limited test] INFO  rpc.RpcClient (RpcClient.java:createVolume(462)) - Creating Volume: volume48208, with user40012 as owner and space quota set to -1 bytes, counts quota set to -1
2023-09-29 09:15:28,875 [IPC Server handler 17 on default port 15057] INFO  volume.OMVolumeCreateRequest (OMVolumeCreateRequest.java:validateAndUpdateCache(196)) - created volume:volume48208 for user:user40012
2023-09-29 09:15:28,876 [Time-limited test] INFO  rpc.RpcClient (RpcClient.java:createBucket(689)) - Creating Bucket: volume48208/bucket09526, with bucket layout FILE_SYSTEM_OPTIMIZED, runner as owner, Versioning false, Storage Type set to DISK and Encryption set to false, Replication Type set to server-side default replication type, Namespace Quota set to -1, Space Quota set to -1 
2023-09-29 09:15:28,877 [IPC Server handler 16 on default port 15057] INFO  bucket.OMBucketCreateRequest (OMBucketCreateRequest.java:validateAndUpdateCache(270)) - created bucket: bucket09526 of layout FILE_SYSTEM_OPTIMIZED in volume: volume48208
2023-09-29 09:15:28,898 [Time-limited test] INFO  rpc.RpcClient (RpcClient.java:createVolume(462)) - Creating Volume: volume69901, with user66957 as owner and space quota set to -1 bytes, counts quota set to -1
2023-09-29 09:15:28,899 [IPC Server handler 6 on default port 15057] INFO  volume.OMVolumeCreateRequest (OMVolumeCreateRequest.java:validateAndUpdateCache(196)) - created volume:volume69901 for user:user66957
2023-09-29 09:15:28,900 [Time-limited test] INFO  rpc.RpcClient (RpcClient.java:createBucket(689)) - Creating Bucket: volume69901/bucket22158, with bucket layout FILE_SYSTEM_OPTIMIZED, runner as owner, Versioning false, Storage Type set to DISK and Encryption set to false, Replication Type set to server-side default replication type, Namespace Quota set to -1, Space Quota set to -1 
2023-09-29 09:15:28,901 [IPC Server handler 9 on default port 15057] INFO  bucket.OMBucketCreateRequest (OMBucketCreateRequest.java:validateAndUpdateCache(270)) - created bucket: bucket22158 of layout FILE_SYSTEM_OPTIMIZED in volume: volume69901
2023-09-29 09:15:28,922 [IPC Server handler 11 on default port 15057] WARN  snapshot.OMSnapshotCreateRequest (OMSnapshotCreateRequest.java:estimateBucketDataSize(333)) - DefaultReplicationConfig is not correctly set in OmBucketInfo for volume 'volume48208' bucket 'bucket09526'. Falling back to config default 'RATIS/THREE'
2023-09-29 09:15:28,922 [IPC Server handler 11 on default port 15057] INFO  snapshot.OMSnapshotCreateRequest (OMSnapshotCreateRequest.java:validateAndUpdateCache(215)) - Created snapshot: 'snap1' with snapshotId: '90db87bf-b55c-4ffc-9589-c3ccf5a83782' under path 'volume48208/bucket09526'
2023-09-29 09:15:28,936 [Thread-2726] INFO  rocksdiff.RocksDBCheckpointDiffer (RocksDBCheckpointDiffer.java:onCompactionCompleted(544)) - Skipped the compaction entry. Compaction input files: [/home/runner/work/ozone/ozone/hadoop-ozone/integration-test/target/test-dir/MiniOzoneClusterImpl-23fe215d-70cc-4cc8-8e82-38d5ce4d8890/ozone-meta/om.db/000065.sst, /home/runner/work/ozone/ozone/hadoop-ozone/integration-test/target/test-dir/MiniOzoneClusterImpl-23fe215d-70cc-4cc8-8e82-38d5ce4d8890/ozone-meta/om.db/000072.sst, /home/runner/work/ozone/ozone/hadoop-ozone/integration-test/target/test-dir/MiniOzoneClusterImpl-23fe215d-70cc-4cc8-8e82-38d5ce4d8890/ozone-meta/om.db/000079.sst, /home/runner/work/ozone/ozone/hadoop-ozone/integration-test/target/test-dir/MiniOzoneClusterImpl-23fe215d-70cc-4cc8-8e82-38d5ce4d8890/ozone-meta/om.db/000100.sst] and output files: [/home/runner/work/ozone/ozone/hadoop-ozone/integration-test/target/test-dir/MiniOzoneClusterImpl-23fe215d-70cc-4cc8-8e82-38d5ce4d8890/ozone-meta/om.db/000065.sst, /home/runner/work/ozone/ozone/hadoop-ozone/integration-test/target/test-dir/MiniOzoneClusterImpl-23fe215d-70cc-4cc8-8e82-38d5ce4d8890/ozone-meta/om.db/000072.sst, /home/runner/work/ozone/ozone/hadoop-ozone/integration-test/target/test-dir/MiniOzoneClusterImpl-23fe215d-70cc-4cc8-8e82-38d5ce4d8890/ozone-meta/om.db/000079.sst, /home/runner/work/ozone/ozone/hadoop-ozone/integration-test/target/test-dir/MiniOzoneClusterImpl-23fe215d-70cc-4cc8-8e82-38d5ce4d8890/ozone-meta/om.db/000100.sst] are same.
2023-09-29 09:15:28,967 [Thread-2822] INFO  rocksdiff.RocksDBCheckpointDiffer (RocksDBCheckpointDiffer.java:onCompactionCompleted(544)) - Skipped the compaction entry. Compaction input files: [/home/runner/work/ozone/ozone/hadoop-ozone/integration-test/target/test-dir/MiniOzoneClusterImpl-23fe215d-70cc-4cc8-8e82-38d5ce4d8890/ozone-meta/om.db/000069.sst, /home/runner/work/ozone/ozone/hadoop-ozone/integration-test/target/test-dir/MiniOzoneClusterImpl-23fe215d-70cc-4cc8-8e82-38d5ce4d8890/ozone-meta/om.db/000076.sst, /home/runner/work/ozone/ozone/hadoop-ozone/integration-test/target/test-dir/MiniOzoneClusterImpl-23fe215d-70cc-4cc8-8e82-38d5ce4d8890/ozone-meta/om.db/000084.sst, /home/runner/work/ozone/ozone/hadoop-ozone/integration-test/target/test-dir/MiniOzoneClusterImpl-23fe215d-70cc-4cc8-8e82-38d5ce4d8890/ozone-meta/om.db/000105.sst] and output files: [/home/runner/work/ozone/ozone/hadoop-ozone/integration-test/target/test-dir/MiniOzoneClusterImpl-23fe215d-70cc-4cc8-8e82-38d5ce4d8890/ozone-meta/om.db/000069.sst, /home/runner/work/ozone/ozone/hadoop-ozone/integration-test/target/test-dir/MiniOzoneClusterImpl-23fe215d-70cc-4cc8-8e82-38d5ce4d8890/ozone-meta/om.db/000076.sst, /home/runner/work/ozone/ozone/hadoop-ozone/integration-test/target/test-dir/MiniOzoneClusterImpl-23fe215d-70cc-4cc8-8e82-38d5ce4d8890/ozone-meta/om.db/000084.sst, /home/runner/work/ozone/ozone/hadoop-ozone/integration-test/target/test-dir/MiniOzoneClusterImpl-23fe215d-70cc-4cc8-8e82-38d5ce4d8890/ozone-meta/om.db/000105.sst] are same.
2023-09-29 09:15:28,983 [OMDoubleBufferFlushThread] INFO  db.RDBCheckpointManager (RDBCheckpointManager.java:createCheckpoint(89)) - Created checkpoint in rocksDB at /home/runner/work/ozone/ozone/hadoop-ozone/integration-test/target/test-dir/MiniOzoneClusterImpl-23fe215d-70cc-4cc8-8e82-38d5ce4d8890/ozone-meta/db.snapshots/checkpointState/om.db-90db87bf-b55c-4ffc-9589-c3ccf5a83782 in 54 milliseconds
2023-09-29 09:15:28,983 [OMDoubleBufferFlushThread] INFO  db.RDBCheckpointUtils (RDBCheckpointUtils.java:waitForCheckpointDirectoryExist(60)) - Waited for 0 milliseconds for checkpoint directory /home/runner/work/ozone/ozone/hadoop-ozone/integration-test/target/test-dir/MiniOzoneClusterImpl-23fe215d-70cc-4cc8-8e82-38d5ce4d8890/ozone-meta/db.snapshots/checkpointState/om.db-90db87bf-b55c-4ffc-9589-c3ccf5a83782 availability.
2023-09-29 09:15:28,985 [OMDoubleBufferFlushThread] INFO  om.OmSnapshotManager (OmSnapshotManager.java:createOmSnapshotCheckpoint(461)) - Created checkpoint : /home/runner/work/ozone/ozone/hadoop-ozone/integration-test/target/test-dir/MiniOzoneClusterImpl-23fe215d-70cc-4cc8-8e82-38d5ce4d8890/ozone-meta/db.snapshots/checkpointState/om.db-90db87bf-b55c-4ffc-9589-c3ccf5a83782 for snapshot snap1
2023-09-29 09:15:29,006 [IPC Server handler 12 on default port 15057] WARN  snapshot.OMSnapshotCreateRequest (OMSnapshotCreateRequest.java:estimateBucketDataSize(333)) - DefaultReplicationConfig is not correctly set in OmBucketInfo for volume 'volume69901' bucket 'bucket22158'. Falling back to config default 'RATIS/THREE'
2023-09-29 09:15:29,007 [IPC Server handler 12 on default port 15057] INFO  snapshot.OMSnapshotCreateRequest (OMSnapshotCreateRequest.java:validateAndUpdateCache(215)) - Created snapshot: 'snap1' with snapshotId: 'c4049061-e6fe-419b-a344-15ad48c0ac4e' under path 'volume69901/bucket22158'
2023-09-29 09:15:29,015 [Thread-2880] INFO  rocksdiff.RocksDBCheckpointDiffer (RocksDBCheckpointDiffer.java:onCompactionCompleted(544)) - Skipped the compaction entry. Compaction input files: [/home/runner/work/ozone/ozone/hadoop-ozone/integration-test/target/test-dir/MiniOzoneClusterImpl-23fe215d-70cc-4cc8-8e82-38d5ce4d8890/ozone-meta/om.db/000092.sst, /home/runner/work/ozone/ozone/hadoop-ozone/integration-test/target/test-dir/MiniOzoneClusterImpl-23fe215d-70cc-4cc8-8e82-38d5ce4d8890/ozone-meta/om.db/000096.sst] and output files: [/home/runner/work/ozone/ozone/hadoop-ozone/integration-test/target/test-dir/MiniOzoneClusterImpl-23fe215d-70cc-4cc8-8e82-38d5ce4d8890/ozone-meta/om.db/000092.sst, /home/runner/work/ozone/ozone/hadoop-ozone/integration-test/target/test-dir/MiniOzoneClusterImpl-23fe215d-70cc-4cc8-8e82-38d5ce4d8890/ozone-meta/om.db/000096.sst] are same.
2023-09-29 09:15:29,025 [OMDoubleBufferFlushThread] INFO  db.RDBCheckpointManager (RDBCheckpointManager.java:createCheckpoint(89)) - Created checkpoint in rocksDB at /home/runner/work/ozone/ozone/hadoop-ozone/integration-test/target/test-dir/MiniOzoneClusterImpl-23fe215d-70cc-4cc8-8e82-38d5ce4d8890/ozone-meta/db.snapshots/checkpointState/om.db-c4049061-e6fe-419b-a344-15ad48c0ac4e in 17 milliseconds
2023-09-29 09:15:29,026 [OMDoubleBufferFlushThread] INFO  db.RDBCheckpointUtils (RDBCheckpointUtils.java:waitForCheckpointDirectoryExist(60)) - Waited for 1 milliseconds for checkpoint directory /home/runner/work/ozone/ozone/hadoop-ozone/integration-test/target/test-dir/MiniOzoneClusterImpl-23fe215d-70cc-4cc8-8e82-38d5ce4d8890/ozone-meta/db.snapshots/checkpointState/om.db-c4049061-e6fe-419b-a344-15ad48c0ac4e availability.
2023-09-29 09:15:29,027 [OMDoubleBufferFlushThread] INFO  om.OmSnapshotManager (OmSnapshotManager.java:createOmSnapshotCheckpoint(461)) - Created checkpoint : /home/runner/work/ozone/ozone/hadoop-ozone/integration-test/target/test-dir/MiniOzoneClusterImpl-23fe215d-70cc-4cc8-8e82-38d5ce4d8890/ozone-meta/db.snapshots/checkpointState/om.db-c4049061-e6fe-419b-a344-15ad48c0ac4e for snapshot snap1
2023-09-29 09:15:29,059 [IPC Server handler 17 on default port 15057] WARN  snapshot.OMSnapshotCreateRequest (OMSnapshotCreateRequest.java:estimateBucketDataSize(333)) - DefaultReplicationConfig is not correctly set in OmBucketInfo for volume 'volume48208' bucket 'bucket09526'. Falling back to config default 'RATIS/THREE'
2023-09-29 09:15:29,060 [IPC Server handler 17 on default port 15057] INFO  snapshot.OMSnapshotCreateRequest (OMSnapshotCreateRequest.java:validateAndUpdateCache(215)) - Created snapshot: 'snap2' with snapshotId: '2d4cff96-51ff-468c-9387-f57d702393b4' under path 'volume48208/bucket09526'
2023-09-29 09:15:29,096 [OMDoubleBufferFlushThread] INFO  db.RDBCheckpointManager (RDBCheckpointManager.java:createCheckpoint(89)) - Created checkpoint in rocksDB at /home/runner/work/ozone/ozone/hadoop-ozone/integration-test/target/test-dir/MiniOzoneClusterImpl-23fe215d-70cc-4cc8-8e82-38d5ce4d8890/ozone-meta/db.snapshots/checkpointState/om.db-2d4cff96-51ff-468c-9387-f57d702393b4 in 34 milliseconds
2023-09-29 09:15:29,097 [OMDoubleBufferFlushThread] INFO  db.RDBCheckpointUtils (RDBCheckpointUtils.java:waitForCheckpointDirectoryExist(60)) - Waited for 1 milliseconds for checkpoint directory /home/runner/work/ozone/ozone/hadoop-ozone/integration-test/target/test-dir/MiniOzoneClusterImpl-23fe215d-70cc-4cc8-8e82-38d5ce4d8890/ozone-meta/db.snapshots/checkpointState/om.db-2d4cff96-51ff-468c-9387-f57d702393b4 availability.
2023-09-29 09:15:29,098 [OMDoubleBufferFlushThread] INFO  om.OmSnapshotManager (OmSnapshotManager.java:createOmSnapshotCheckpoint(461)) - Created checkpoint : /home/runner/work/ozone/ozone/hadoop-ozone/integration-test/target/test-dir/MiniOzoneClusterImpl-23fe215d-70cc-4cc8-8e82-38d5ce4d8890/ozone-meta/db.snapshots/checkpointState/om.db-2d4cff96-51ff-468c-9387-f57d702393b4 for snapshot snap2
2023-09-29 09:15:29,105 [IPC Server handler 16 on default port 15057] INFO  snapshot.SnapshotCache (SnapshotCache.java:lambda$1(170)) - Loading snapshot. Table key: /volume48208/bucket09526/snap1
2023-09-29 09:15:29,105 [IPC Server handler 16 on default port 15057] WARN  server.ServerUtils (ServerUtils.java:getDBPath(311)) - ozone.om.db.dirs is not configured. We recommend adding this setting. Falling back to ozone.metadata.dirs instead.
2023-09-29 09:15:29,105 [IPC Server handler 16 on default port 15057] INFO  helpers.OmKeyInfo (OmKeyInfo.java:getCodec(71)) - OmKeyInfo.getCodec ignorePipeline = true
2023-09-29 09:15:29,150 [IPC Server handler 19 on default port 15057] INFO  snapshot.SnapshotCache (SnapshotCache.java:lambda$1(170)) - Loading snapshot. Table key: /volume69901/bucket22158/snap1
2023-09-29 09:15:29,151 [IPC Server handler 19 on default port 15057] WARN  server.ServerUtils (ServerUtils.java:getDBPath(311)) - ozone.om.db.dirs is not configured. We recommend adding this setting. Falling back to ozone.metadata.dirs instead.
2023-09-29 09:15:29,151 [IPC Server handler 19 on default port 15057] INFO  helpers.OmKeyInfo (OmKeyInfo.java:getCodec(71)) - OmKeyInfo.getCodec ignorePipeline = true
2023-09-29 09:15:29,193 [IPC Server handler 4 on default port 15057] INFO  snapshot.SnapshotCache (SnapshotCache.java:lambda$1(170)) - Loading snapshot. Table key: /volume48208/bucket09526/snap2
2023-09-29 09:15:29,193 [IPC Server handler 4 on default port 15057] WARN  server.ServerUtils (ServerUtils.java:getDBPath(311)) - ozone.om.db.dirs is not configured. We recommend adding this setting. Falling back to ozone.metadata.dirs instead.
2023-09-29 09:15:29,194 [IPC Server handler 4 on default port 15057] INFO  helpers.OmKeyInfo (OmKeyInfo.java:getCodec(71)) - OmKeyInfo.getCodec ignorePipeline = true
]]></system-out>
  </testcase>
  <testcase name="testUnbuffer" classname="TestRootedOzoneFileSystemWithFSO" time="0.134">
    <system-out><![CDATA[2023-09-29 09:13:44,311 [Time-limited test] INFO  rpc.RpcClient (RpcClient.java:createVolume(462)) - Creating Volume: volume87318, with user19628 as owner and space quota set to -1 bytes, counts quota set to -1
2023-09-29 09:13:44,313 [OM StateMachine ApplyTransaction Thread - 0] INFO  volume.OMVolumeCreateRequest (OMVolumeCreateRequest.java:validateAndUpdateCache(196)) - created volume:volume87318 for user:user19628
2023-09-29 09:13:44,317 [Time-limited test] INFO  rpc.RpcClient (RpcClient.java:createBucket(689)) - Creating Bucket: volume87318/bucket89403, with bucket layout FILE_SYSTEM_OPTIMIZED, runner as owner, Versioning false, Storage Type set to DISK and Encryption set to false, Replication Type set to server-side default replication type, Namespace Quota set to -1, Space Quota set to -1 
2023-09-29 09:13:44,319 [OM StateMachine ApplyTransaction Thread - 0] INFO  bucket.OMBucketCreateRequest (OMBucketCreateRequest.java:validateAndUpdateCache(270)) - created bucket: bucket89403 of layout FILE_SYSTEM_OPTIMIZED in volume: volume87318
2023-09-29 09:13:44,374 [IPC Server handler 19 on default port 15001] WARN  node.SCMNodeManager (SCMNodeManager.java:getNodesByAddress(1373)) - Cannot find node for address 127.0.0.1
]]></system-out>
  </testcase>
  <testcase name="testUnbuffer" classname="TestRootedOzoneFileSystemWithFSO" time="0.072">
    <system-out><![CDATA[2023-09-29 09:15:29,265 [Time-limited test] INFO  rpc.RpcClient (RpcClient.java:createVolume(462)) - Creating Volume: volume89329, with user61697 as owner and space quota set to -1 bytes, counts quota set to -1
2023-09-29 09:15:29,266 [IPC Server handler 15 on default port 15057] INFO  volume.OMVolumeCreateRequest (OMVolumeCreateRequest.java:validateAndUpdateCache(196)) - created volume:volume89329 for user:user61697
2023-09-29 09:15:29,267 [Time-limited test] INFO  rpc.RpcClient (RpcClient.java:createBucket(689)) - Creating Bucket: volume89329/bucket50453, with bucket layout FILE_SYSTEM_OPTIMIZED, runner as owner, Versioning false, Storage Type set to DISK and Encryption set to false, Replication Type set to server-side default replication type, Namespace Quota set to -1, Space Quota set to -1 
2023-09-29 09:15:29,268 [IPC Server handler 18 on default port 15057] INFO  bucket.OMBucketCreateRequest (OMBucketCreateRequest.java:validateAndUpdateCache(270)) - created bucket: bucket50453 of layout FILE_SYSTEM_OPTIMIZED in volume: volume89329
2023-09-29 09:15:29,307 [IPC Server handler 1 on default port 15054] WARN  node.SCMNodeManager (SCMNodeManager.java:getNodesByAddress(1373)) - Cannot find node for address 127.0.0.1
]]></system-out>
  </testcase>
  <testcase name="testDeleteCreatesFakeParentDir" classname="TestRootedOzoneFileSystemWithFSO" time="0">
    <skipped type="org.junit.AssumptionViolatedException"><![CDATA[org.junit.AssumptionViolatedException: FS Path is enabled. Skipping this test as it is not tuned for FS Path yet
	at org.junit.Assume.assumeTrue(Assume.java:68)
	at org.apache.hadoop.fs.ozone.TestRootedOzoneFileSystem.testDeleteCreatesFakeParentDir(TestRootedOzoneFileSystem.java:386)
	at sun.reflect.NativeMethodAccessorImpl.invoke0(Native Method)
	at sun.reflect.NativeMethodAccessorImpl.invoke(NativeMethodAccessorImpl.java:62)
	at sun.reflect.DelegatingMethodAccessorImpl.invoke(DelegatingMethodAccessorImpl.java:43)
	at java.lang.reflect.Method.invoke(Method.java:498)
	at org.junit.runners.model.FrameworkMethod$1.runReflectiveCall(FrameworkMethod.java:59)
	at org.junit.internal.runners.model.ReflectiveCallable.run(ReflectiveCallable.java:12)
	at org.junit.runners.model.FrameworkMethod.invokeExplosively(FrameworkMethod.java:56)
	at org.junit.internal.runners.statements.InvokeMethod.evaluate(InvokeMethod.java:17)
	at org.junit.internal.runners.statements.RunBefores.evaluate(RunBefores.java:26)
	at org.junit.internal.runners.statements.RunAfters.evaluate(RunAfters.java:27)
	at org.junit.internal.runners.statements.FailOnTimeout$CallableStatement.call(FailOnTimeout.java:288)
	at org.junit.internal.runners.statements.FailOnTimeout$CallableStatement.call(FailOnTimeout.java:282)
	at java.util.concurrent.FutureTask.run(FutureTask.java:266)
	at java.lang.Thread.run(Thread.java:750)
]]></skipped>
    <system-out><![CDATA[2023-09-29 09:13:44,436 [Time-limited test] INFO  rpc.RpcClient (RpcClient.java:createVolume(462)) - Creating Volume: volume06129, with user50345 as owner and space quota set to -1 bytes, counts quota set to -1
2023-09-29 09:13:44,438 [OM StateMachine ApplyTransaction Thread - 0] INFO  volume.OMVolumeCreateRequest (OMVolumeCreateRequest.java:validateAndUpdateCache(196)) - created volume:volume06129 for user:user50345
2023-09-29 09:13:44,439 [Time-limited test] INFO  rpc.RpcClient (RpcClient.java:createBucket(689)) - Creating Bucket: volume06129/bucket57030, with bucket layout FILE_SYSTEM_OPTIMIZED, runner as owner, Versioning false, Storage Type set to DISK and Encryption set to false, Replication Type set to server-side default replication type, Namespace Quota set to -1, Space Quota set to -1 
2023-09-29 09:13:44,442 [OM StateMachine ApplyTransaction Thread - 0] INFO  bucket.OMBucketCreateRequest (OMBucketCreateRequest.java:validateAndUpdateCache(270)) - created bucket: bucket57030 of layout FILE_SYSTEM_OPTIMIZED in volume: volume06129
]]></system-out>
  </testcase>
  <testcase name="testDeleteCreatesFakeParentDir" classname="TestRootedOzoneFileSystemWithFSO" time="0">
    <skipped type="org.junit.AssumptionViolatedException"><![CDATA[org.junit.AssumptionViolatedException: FS Path is enabled. Skipping this test as it is not tuned for FS Path yet
	at org.junit.Assume.assumeTrue(Assume.java:68)
	at org.apache.hadoop.fs.ozone.TestRootedOzoneFileSystem.testDeleteCreatesFakeParentDir(TestRootedOzoneFileSystem.java:386)
	at sun.reflect.NativeMethodAccessorImpl.invoke0(Native Method)
	at sun.reflect.NativeMethodAccessorImpl.invoke(NativeMethodAccessorImpl.java:62)
	at sun.reflect.DelegatingMethodAccessorImpl.invoke(DelegatingMethodAccessorImpl.java:43)
	at java.lang.reflect.Method.invoke(Method.java:498)
	at org.junit.runners.model.FrameworkMethod$1.runReflectiveCall(FrameworkMethod.java:59)
	at org.junit.internal.runners.model.ReflectiveCallable.run(ReflectiveCallable.java:12)
	at org.junit.runners.model.FrameworkMethod.invokeExplosively(FrameworkMethod.java:56)
	at org.junit.internal.runners.statements.InvokeMethod.evaluate(InvokeMethod.java:17)
	at org.junit.internal.runners.statements.RunBefores.evaluate(RunBefores.java:26)
	at org.junit.internal.runners.statements.RunAfters.evaluate(RunAfters.java:27)
	at org.junit.internal.runners.statements.FailOnTimeout$CallableStatement.call(FailOnTimeout.java:288)
	at org.junit.internal.runners.statements.FailOnTimeout$CallableStatement.call(FailOnTimeout.java:282)
	at java.util.concurrent.FutureTask.run(FutureTask.java:266)
	at java.lang.Thread.run(Thread.java:750)
]]></skipped>
    <system-out><![CDATA[2023-09-29 09:15:29,341 [Time-limited test] INFO  rpc.RpcClient (RpcClient.java:createVolume(462)) - Creating Volume: volume70809, with user33141 as owner and space quota set to -1 bytes, counts quota set to -1
2023-09-29 09:15:29,342 [IPC Server handler 4 on default port 15057] INFO  volume.OMVolumeCreateRequest (OMVolumeCreateRequest.java:validateAndUpdateCache(196)) - created volume:volume70809 for user:user33141
2023-09-29 09:15:29,343 [Time-limited test] INFO  rpc.RpcClient (RpcClient.java:createBucket(689)) - Creating Bucket: volume70809/bucket87756, with bucket layout FILE_SYSTEM_OPTIMIZED, runner as owner, Versioning false, Storage Type set to DISK and Encryption set to false, Replication Type set to server-side default replication type, Namespace Quota set to -1, Space Quota set to -1 
2023-09-29 09:15:29,343 [IPC Server handler 0 on default port 15057] INFO  bucket.OMBucketCreateRequest (OMBucketCreateRequest.java:validateAndUpdateCache(270)) - created bucket: bucket87756 of layout FILE_SYSTEM_OPTIMIZED in volume: volume70809
]]></system-out>
  </testcase>
  <testcase name="testNonExplicitlyCreatedPathExistsAfterItsLeafsWereRemoved" classname="TestRootedOzoneFileSystemWithFSO" time="0.088">
    <system-out><![CDATA[2023-09-29 09:13:44,487 [Time-limited test] INFO  rpc.RpcClient (RpcClient.java:createVolume(462)) - Creating Volume: volume07448, with user49003 as owner and space quota set to -1 bytes, counts quota set to -1
2023-09-29 09:13:44,489 [OM StateMachine ApplyTransaction Thread - 0] INFO  volume.OMVolumeCreateRequest (OMVolumeCreateRequest.java:validateAndUpdateCache(196)) - created volume:volume07448 for user:user49003
2023-09-29 09:13:44,491 [Time-limited test] INFO  rpc.RpcClient (RpcClient.java:createBucket(689)) - Creating Bucket: volume07448/bucket26644, with bucket layout FILE_SYSTEM_OPTIMIZED, runner as owner, Versioning false, Storage Type set to DISK and Encryption set to false, Replication Type set to server-side default replication type, Namespace Quota set to -1, Space Quota set to -1 
2023-09-29 09:13:44,498 [OM StateMachine ApplyTransaction Thread - 0] INFO  bucket.OMBucketCreateRequest (OMBucketCreateRequest.java:validateAndUpdateCache(270)) - created bucket: bucket26644 of layout FILE_SYSTEM_OPTIMIZED in volume: volume07448
]]></system-out>
  </testcase>
  <testcase name="testNonExplicitlyCreatedPathExistsAfterItsLeafsWereRemoved" classname="TestRootedOzoneFileSystemWithFSO" time="0.049">
    <system-out><![CDATA[2023-09-29 09:15:29,373 [Time-limited test] INFO  rpc.RpcClient (RpcClient.java:createVolume(462)) - Creating Volume: volume28776, with user84325 as owner and space quota set to -1 bytes, counts quota set to -1
2023-09-29 09:15:29,374 [IPC Server handler 19 on default port 15057] INFO  volume.OMVolumeCreateRequest (OMVolumeCreateRequest.java:validateAndUpdateCache(196)) - created volume:volume28776 for user:user84325
2023-09-29 09:15:29,376 [Time-limited test] INFO  rpc.RpcClient (RpcClient.java:createBucket(689)) - Creating Bucket: volume28776/bucket90986, with bucket layout FILE_SYSTEM_OPTIMIZED, runner as owner, Versioning false, Storage Type set to DISK and Encryption set to false, Replication Type set to server-side default replication type, Namespace Quota set to -1, Space Quota set to -1 
2023-09-29 09:15:29,376 [IPC Server handler 4 on default port 15057] INFO  bucket.OMBucketCreateRequest (OMBucketCreateRequest.java:validateAndUpdateCache(270)) - created bucket: bucket90986 of layout FILE_SYSTEM_OPTIMIZED in volume: volume28776
]]></system-out>
  </testcase>
  <testcase name="testFileDelete" classname="TestRootedOzoneFileSystemWithFSO" time="0.232">
    <system-out><![CDATA[2023-09-29 09:13:44,580 [Time-limited test] INFO  rpc.RpcClient (RpcClient.java:createVolume(462)) - Creating Volume: volume76194, with user15084 as owner and space quota set to -1 bytes, counts quota set to -1
2023-09-29 09:13:44,583 [OM StateMachine ApplyTransaction Thread - 0] INFO  volume.OMVolumeCreateRequest (OMVolumeCreateRequest.java:validateAndUpdateCache(196)) - created volume:volume76194 for user:user15084
2023-09-29 09:13:44,585 [Time-limited test] INFO  rpc.RpcClient (RpcClient.java:createBucket(689)) - Creating Bucket: volume76194/bucket39639, with bucket layout FILE_SYSTEM_OPTIMIZED, runner as owner, Versioning false, Storage Type set to DISK and Encryption set to false, Replication Type set to server-side default replication type, Namespace Quota set to -1, Space Quota set to -1 
2023-09-29 09:13:44,586 [OM StateMachine ApplyTransaction Thread - 0] INFO  bucket.OMBucketCreateRequest (OMBucketCreateRequest.java:validateAndUpdateCache(270)) - created bucket: bucket39639 of layout FILE_SYSTEM_OPTIMIZED in volume: volume76194
09:13:44.733 [IPC Server handler 7 on default port 15004] ERROR OMAudit - user=runner | ip=127.0.0.1 | op=GET_FILE_STATUS {volume=volume76194, bucket=bucket39639, key=testBatchDelete, dataSize=0, replicationConfig=null} | ret=FAILURE
org.apache.hadoop.ozone.om.exceptions.OMException: Unable to get file status: volume: volume76194 bucket: bucket39639 key: testBatchDelete
	at org.apache.hadoop.ozone.om.KeyManagerImpl.getOzoneFileStatusFSO(KeyManagerImpl.java:1330) ~[ozone-manager-1.4.0-SNAPSHOT.jar:?]
	at org.apache.hadoop.ozone.om.KeyManagerImpl.getFileStatus(KeyManagerImpl.java:1114) ~[ozone-manager-1.4.0-SNAPSHOT.jar:?]
	at org.apache.hadoop.ozone.om.OmMetadataReader.getFileStatus(OmMetadataReader.java:266) ~[ozone-manager-1.4.0-SNAPSHOT.jar:?]
	at org.apache.hadoop.ozone.om.OzoneManager.getFileStatus(OzoneManager.java:3552) ~[ozone-manager-1.4.0-SNAPSHOT.jar:?]
	at org.apache.hadoop.ozone.protocolPB.OzoneManagerRequestHandler.getOzoneFileStatus(OzoneManagerRequestHandler.java:998) ~[ozone-manager-1.4.0-SNAPSHOT.jar:?]
	at org.apache.hadoop.ozone.protocolPB.OzoneManagerRequestHandler.handleReadRequest(OzoneManagerRequestHandler.java:259) ~[ozone-manager-1.4.0-SNAPSHOT.jar:?]
	at org.apache.hadoop.ozone.protocolPB.OzoneManagerProtocolServerSideTranslatorPB.submitReadRequestToOM(OzoneManagerProtocolServerSideTranslatorPB.java:225) ~[ozone-manager-1.4.0-SNAPSHOT.jar:?]
	at org.apache.hadoop.ozone.protocolPB.OzoneManagerProtocolServerSideTranslatorPB.processRequest(OzoneManagerProtocolServerSideTranslatorPB.java:179) ~[ozone-manager-1.4.0-SNAPSHOT.jar:?]
	at org.apache.hadoop.hdds.server.OzoneProtocolMessageDispatcher.processRequest(OzoneProtocolMessageDispatcher.java:87) [hdds-server-framework-1.4.0-SNAPSHOT.jar:?]
	at org.apache.hadoop.ozone.protocolPB.OzoneManagerProtocolServerSideTranslatorPB.submitRequest(OzoneManagerProtocolServerSideTranslatorPB.java:148) [ozone-manager-1.4.0-SNAPSHOT.jar:?]
	at org.apache.hadoop.ozone.protocol.proto.OzoneManagerProtocolProtos$OzoneManagerService$2.callBlockingMethod(OzoneManagerProtocolProtos.java) [ozone-interface-client-1.4.0-SNAPSHOT.jar:?]
	at org.apache.hadoop.ipc.ProtobufRpcEngine$Server.processCall(ProtobufRpcEngine.java:484) [hadoop-common-3.3.6.jar:?]
	at org.apache.hadoop.ipc.ProtobufRpcEngine2$Server$ProtoBufRpcInvoker.call(ProtobufRpcEngine2.java:595) [hadoop-common-3.3.6.jar:?]
	at org.apache.hadoop.ipc.ProtobufRpcEngine2$Server$ProtoBufRpcInvoker.call(ProtobufRpcEngine2.java:573) [hadoop-common-3.3.6.jar:?]
	at org.apache.hadoop.ipc.RPC$Server.call(RPC.java:1227) [hadoop-common-3.3.6.jar:?]
	at org.apache.hadoop.ipc.Server$RpcCall.run(Server.java:1094) [hadoop-common-3.3.6.jar:?]
	at org.apache.hadoop.ipc.Server$RpcCall.run(Server.java:1017) [hadoop-common-3.3.6.jar:?]
	at java.security.AccessController.doPrivileged(Native Method) ~[?:1.8.0_382]
	at javax.security.auth.Subject.doAs(Subject.java:422) [?:1.8.0_382]
	at org.apache.hadoop.security.UserGroupInformation.doAs(UserGroupInformation.java:1899) [hadoop-common-3.3.6.jar:?]
	at org.apache.hadoop.ipc.Server$Handler.run(Server.java:3048) [hadoop-common-3.3.6.jar:?]
09:13:44.735 [IPC Server handler 1 on default port 15004] ERROR OMAudit - user=runner | ip=127.0.0.1 | op=GET_FILE_STATUS {volume=volume76194, bucket=bucket39639, key=testBatchDelete/parent/child0, dataSize=0, replicationConfig=null} | ret=FAILURE
org.apache.hadoop.ozone.om.exceptions.OMException: Unable to get file status: volume: volume76194 bucket: bucket39639 key: testBatchDelete/parent/child0
	at org.apache.hadoop.ozone.om.KeyManagerImpl.getOzoneFileStatusFSO(KeyManagerImpl.java:1330) ~[ozone-manager-1.4.0-SNAPSHOT.jar:?]
	at org.apache.hadoop.ozone.om.KeyManagerImpl.getFileStatus(KeyManagerImpl.java:1114) ~[ozone-manager-1.4.0-SNAPSHOT.jar:?]
	at org.apache.hadoop.ozone.om.OmMetadataReader.getFileStatus(OmMetadataReader.java:266) ~[ozone-manager-1.4.0-SNAPSHOT.jar:?]
	at org.apache.hadoop.ozone.om.OzoneManager.getFileStatus(OzoneManager.java:3552) ~[ozone-manager-1.4.0-SNAPSHOT.jar:?]
	at org.apache.hadoop.ozone.protocolPB.OzoneManagerRequestHandler.getOzoneFileStatus(OzoneManagerRequestHandler.java:998) ~[ozone-manager-1.4.0-SNAPSHOT.jar:?]
	at org.apache.hadoop.ozone.protocolPB.OzoneManagerRequestHandler.handleReadRequest(OzoneManagerRequestHandler.java:259) ~[ozone-manager-1.4.0-SNAPSHOT.jar:?]
	at org.apache.hadoop.ozone.protocolPB.OzoneManagerProtocolServerSideTranslatorPB.submitReadRequestToOM(OzoneManagerProtocolServerSideTranslatorPB.java:225) ~[ozone-manager-1.4.0-SNAPSHOT.jar:?]
	at org.apache.hadoop.ozone.protocolPB.OzoneManagerProtocolServerSideTranslatorPB.processRequest(OzoneManagerProtocolServerSideTranslatorPB.java:179) ~[ozone-manager-1.4.0-SNAPSHOT.jar:?]
	at org.apache.hadoop.hdds.server.OzoneProtocolMessageDispatcher.processRequest(OzoneProtocolMessageDispatcher.java:87) [hdds-server-framework-1.4.0-SNAPSHOT.jar:?]
	at org.apache.hadoop.ozone.protocolPB.OzoneManagerProtocolServerSideTranslatorPB.submitRequest(OzoneManagerProtocolServerSideTranslatorPB.java:148) [ozone-manager-1.4.0-SNAPSHOT.jar:?]
	at org.apache.hadoop.ozone.protocol.proto.OzoneManagerProtocolProtos$OzoneManagerService$2.callBlockingMethod(OzoneManagerProtocolProtos.java) [ozone-interface-client-1.4.0-SNAPSHOT.jar:?]
	at org.apache.hadoop.ipc.ProtobufRpcEngine$Server.processCall(ProtobufRpcEngine.java:484) [hadoop-common-3.3.6.jar:?]
	at org.apache.hadoop.ipc.ProtobufRpcEngine2$Server$ProtoBufRpcInvoker.call(ProtobufRpcEngine2.java:595) [hadoop-common-3.3.6.jar:?]
	at org.apache.hadoop.ipc.ProtobufRpcEngine2$Server$ProtoBufRpcInvoker.call(ProtobufRpcEngine2.java:573) [hadoop-common-3.3.6.jar:?]
	at org.apache.hadoop.ipc.RPC$Server.call(RPC.java:1227) [hadoop-common-3.3.6.jar:?]
	at org.apache.hadoop.ipc.Server$RpcCall.run(Server.java:1094) [hadoop-common-3.3.6.jar:?]
	at org.apache.hadoop.ipc.Server$RpcCall.run(Server.java:1017) [hadoop-common-3.3.6.jar:?]
	at java.security.AccessController.doPrivileged(Native Method) ~[?:1.8.0_382]
	at javax.security.auth.Subject.doAs(Subject.java:422) [?:1.8.0_382]
	at org.apache.hadoop.security.UserGroupInformation.doAs(UserGroupInformation.java:1899) [hadoop-common-3.3.6.jar:?]
	at org.apache.hadoop.ipc.Server$Handler.run(Server.java:3048) [hadoop-common-3.3.6.jar:?]
09:13:44.736 [IPC Server handler 5 on default port 15004] ERROR OMAudit - user=runner | ip=127.0.0.1 | op=GET_FILE_STATUS {volume=volume76194, bucket=bucket39639, key=testBatchDelete/parent/childFolder/child0, dataSize=0, replicationConfig=null} | ret=FAILURE
org.apache.hadoop.ozone.om.exceptions.OMException: Unable to get file status: volume: volume76194 bucket: bucket39639 key: testBatchDelete/parent/childFolder/child0
	at org.apache.hadoop.ozone.om.KeyManagerImpl.getOzoneFileStatusFSO(KeyManagerImpl.java:1330) ~[ozone-manager-1.4.0-SNAPSHOT.jar:?]
	at org.apache.hadoop.ozone.om.KeyManagerImpl.getFileStatus(KeyManagerImpl.java:1114) ~[ozone-manager-1.4.0-SNAPSHOT.jar:?]
	at org.apache.hadoop.ozone.om.OmMetadataReader.getFileStatus(OmMetadataReader.java:266) ~[ozone-manager-1.4.0-SNAPSHOT.jar:?]
	at org.apache.hadoop.ozone.om.OzoneManager.getFileStatus(OzoneManager.java:3552) ~[ozone-manager-1.4.0-SNAPSHOT.jar:?]
	at org.apache.hadoop.ozone.protocolPB.OzoneManagerRequestHandler.getOzoneFileStatus(OzoneManagerRequestHandler.java:998) ~[ozone-manager-1.4.0-SNAPSHOT.jar:?]
	at org.apache.hadoop.ozone.protocolPB.OzoneManagerRequestHandler.handleReadRequest(OzoneManagerRequestHandler.java:259) ~[ozone-manager-1.4.0-SNAPSHOT.jar:?]
	at org.apache.hadoop.ozone.protocolPB.OzoneManagerProtocolServerSideTranslatorPB.submitReadRequestToOM(OzoneManagerProtocolServerSideTranslatorPB.java:225) ~[ozone-manager-1.4.0-SNAPSHOT.jar:?]
	at org.apache.hadoop.ozone.protocolPB.OzoneManagerProtocolServerSideTranslatorPB.processRequest(OzoneManagerProtocolServerSideTranslatorPB.java:179) ~[ozone-manager-1.4.0-SNAPSHOT.jar:?]
	at org.apache.hadoop.hdds.server.OzoneProtocolMessageDispatcher.processRequest(OzoneProtocolMessageDispatcher.java:87) [hdds-server-framework-1.4.0-SNAPSHOT.jar:?]
	at org.apache.hadoop.ozone.protocolPB.OzoneManagerProtocolServerSideTranslatorPB.submitRequest(OzoneManagerProtocolServerSideTranslatorPB.java:148) [ozone-manager-1.4.0-SNAPSHOT.jar:?]
	at org.apache.hadoop.ozone.protocol.proto.OzoneManagerProtocolProtos$OzoneManagerService$2.callBlockingMethod(OzoneManagerProtocolProtos.java) [ozone-interface-client-1.4.0-SNAPSHOT.jar:?]
	at org.apache.hadoop.ipc.ProtobufRpcEngine$Server.processCall(ProtobufRpcEngine.java:484) [hadoop-common-3.3.6.jar:?]
	at org.apache.hadoop.ipc.ProtobufRpcEngine2$Server$ProtoBufRpcInvoker.call(ProtobufRpcEngine2.java:595) [hadoop-common-3.3.6.jar:?]
	at org.apache.hadoop.ipc.ProtobufRpcEngine2$Server$ProtoBufRpcInvoker.call(ProtobufRpcEngine2.java:573) [hadoop-common-3.3.6.jar:?]
	at org.apache.hadoop.ipc.RPC$Server.call(RPC.java:1227) [hadoop-common-3.3.6.jar:?]
	at org.apache.hadoop.ipc.Server$RpcCall.run(Server.java:1094) [hadoop-common-3.3.6.jar:?]
	at org.apache.hadoop.ipc.Server$RpcCall.run(Server.java:1017) [hadoop-common-3.3.6.jar:?]
	at java.security.AccessController.doPrivileged(Native Method) ~[?:1.8.0_382]
	at javax.security.auth.Subject.doAs(Subject.java:422) [?:1.8.0_382]
	at org.apache.hadoop.security.UserGroupInformation.doAs(UserGroupInformation.java:1899) [hadoop-common-3.3.6.jar:?]
	at org.apache.hadoop.ipc.Server$Handler.run(Server.java:3048) [hadoop-common-3.3.6.jar:?]
09:13:44.738 [IPC Server handler 13 on default port 15004] ERROR OMAudit - user=runner | ip=127.0.0.1 | op=GET_FILE_STATUS {volume=volume76194, bucket=bucket39639, key=testBatchDelete/parent/child1, dataSize=0, replicationConfig=null} | ret=FAILURE
org.apache.hadoop.ozone.om.exceptions.OMException: Unable to get file status: volume: volume76194 bucket: bucket39639 key: testBatchDelete/parent/child1
	at org.apache.hadoop.ozone.om.KeyManagerImpl.getOzoneFileStatusFSO(KeyManagerImpl.java:1330) ~[ozone-manager-1.4.0-SNAPSHOT.jar:?]
	at org.apache.hadoop.ozone.om.KeyManagerImpl.getFileStatus(KeyManagerImpl.java:1114) ~[ozone-manager-1.4.0-SNAPSHOT.jar:?]
	at org.apache.hadoop.ozone.om.OmMetadataReader.getFileStatus(OmMetadataReader.java:266) ~[ozone-manager-1.4.0-SNAPSHOT.jar:?]
	at org.apache.hadoop.ozone.om.OzoneManager.getFileStatus(OzoneManager.java:3552) ~[ozone-manager-1.4.0-SNAPSHOT.jar:?]
	at org.apache.hadoop.ozone.protocolPB.OzoneManagerRequestHandler.getOzoneFileStatus(OzoneManagerRequestHandler.java:998) ~[ozone-manager-1.4.0-SNAPSHOT.jar:?]
	at org.apache.hadoop.ozone.protocolPB.OzoneManagerRequestHandler.handleReadRequest(OzoneManagerRequestHandler.java:259) ~[ozone-manager-1.4.0-SNAPSHOT.jar:?]
	at org.apache.hadoop.ozone.protocolPB.OzoneManagerProtocolServerSideTranslatorPB.submitReadRequestToOM(OzoneManagerProtocolServerSideTranslatorPB.java:225) ~[ozone-manager-1.4.0-SNAPSHOT.jar:?]
	at org.apache.hadoop.ozone.protocolPB.OzoneManagerProtocolServerSideTranslatorPB.processRequest(OzoneManagerProtocolServerSideTranslatorPB.java:179) ~[ozone-manager-1.4.0-SNAPSHOT.jar:?]
	at org.apache.hadoop.hdds.server.OzoneProtocolMessageDispatcher.processRequest(OzoneProtocolMessageDispatcher.java:87) [hdds-server-framework-1.4.0-SNAPSHOT.jar:?]
	at org.apache.hadoop.ozone.protocolPB.OzoneManagerProtocolServerSideTranslatorPB.submitRequest(OzoneManagerProtocolServerSideTranslatorPB.java:148) [ozone-manager-1.4.0-SNAPSHOT.jar:?]
	at org.apache.hadoop.ozone.protocol.proto.OzoneManagerProtocolProtos$OzoneManagerService$2.callBlockingMethod(OzoneManagerProtocolProtos.java) [ozone-interface-client-1.4.0-SNAPSHOT.jar:?]
	at org.apache.hadoop.ipc.ProtobufRpcEngine$Server.processCall(ProtobufRpcEngine.java:484) [hadoop-common-3.3.6.jar:?]
	at org.apache.hadoop.ipc.ProtobufRpcEngine2$Server$ProtoBufRpcInvoker.call(ProtobufRpcEngine2.java:595) [hadoop-common-3.3.6.jar:?]
	at org.apache.hadoop.ipc.ProtobufRpcEngine2$Server$ProtoBufRpcInvoker.call(ProtobufRpcEngine2.java:573) [hadoop-common-3.3.6.jar:?]
	at org.apache.hadoop.ipc.RPC$Server.call(RPC.java:1227) [hadoop-common-3.3.6.jar:?]
	at org.apache.hadoop.ipc.Server$RpcCall.run(Server.java:1094) [hadoop-common-3.3.6.jar:?]
	at org.apache.hadoop.ipc.Server$RpcCall.run(Server.java:1017) [hadoop-common-3.3.6.jar:?]
	at java.security.AccessController.doPrivileged(Native Method) ~[?:1.8.0_382]
	at javax.security.auth.Subject.doAs(Subject.java:422) [?:1.8.0_382]
	at org.apache.hadoop.security.UserGroupInformation.doAs(UserGroupInformation.java:1899) [hadoop-common-3.3.6.jar:?]
	at org.apache.hadoop.ipc.Server$Handler.run(Server.java:3048) [hadoop-common-3.3.6.jar:?]
09:13:44.740 [IPC Server handler 10 on default port 15004] ERROR OMAudit - user=runner | ip=127.0.0.1 | op=GET_FILE_STATUS {volume=volume76194, bucket=bucket39639, key=testBatchDelete/parent/childFolder/child1, dataSize=0, replicationConfig=null} | ret=FAILURE
org.apache.hadoop.ozone.om.exceptions.OMException: Unable to get file status: volume: volume76194 bucket: bucket39639 key: testBatchDelete/parent/childFolder/child1
	at org.apache.hadoop.ozone.om.KeyManagerImpl.getOzoneFileStatusFSO(KeyManagerImpl.java:1330) ~[ozone-manager-1.4.0-SNAPSHOT.jar:?]
	at org.apache.hadoop.ozone.om.KeyManagerImpl.getFileStatus(KeyManagerImpl.java:1114) ~[ozone-manager-1.4.0-SNAPSHOT.jar:?]
	at org.apache.hadoop.ozone.om.OmMetadataReader.getFileStatus(OmMetadataReader.java:266) ~[ozone-manager-1.4.0-SNAPSHOT.jar:?]
	at org.apache.hadoop.ozone.om.OzoneManager.getFileStatus(OzoneManager.java:3552) ~[ozone-manager-1.4.0-SNAPSHOT.jar:?]
	at org.apache.hadoop.ozone.protocolPB.OzoneManagerRequestHandler.getOzoneFileStatus(OzoneManagerRequestHandler.java:998) ~[ozone-manager-1.4.0-SNAPSHOT.jar:?]
	at org.apache.hadoop.ozone.protocolPB.OzoneManagerRequestHandler.handleReadRequest(OzoneManagerRequestHandler.java:259) ~[ozone-manager-1.4.0-SNAPSHOT.jar:?]
	at org.apache.hadoop.ozone.protocolPB.OzoneManagerProtocolServerSideTranslatorPB.submitReadRequestToOM(OzoneManagerProtocolServerSideTranslatorPB.java:225) ~[ozone-manager-1.4.0-SNAPSHOT.jar:?]
	at org.apache.hadoop.ozone.protocolPB.OzoneManagerProtocolServerSideTranslatorPB.processRequest(OzoneManagerProtocolServerSideTranslatorPB.java:179) ~[ozone-manager-1.4.0-SNAPSHOT.jar:?]
	at org.apache.hadoop.hdds.server.OzoneProtocolMessageDispatcher.processRequest(OzoneProtocolMessageDispatcher.java:87) [hdds-server-framework-1.4.0-SNAPSHOT.jar:?]
	at org.apache.hadoop.ozone.protocolPB.OzoneManagerProtocolServerSideTranslatorPB.submitRequest(OzoneManagerProtocolServerSideTranslatorPB.java:148) [ozone-manager-1.4.0-SNAPSHOT.jar:?]
	at org.apache.hadoop.ozone.protocol.proto.OzoneManagerProtocolProtos$OzoneManagerService$2.callBlockingMethod(OzoneManagerProtocolProtos.java) [ozone-interface-client-1.4.0-SNAPSHOT.jar:?]
	at org.apache.hadoop.ipc.ProtobufRpcEngine$Server.processCall(ProtobufRpcEngine.java:484) [hadoop-common-3.3.6.jar:?]
	at org.apache.hadoop.ipc.ProtobufRpcEngine2$Server$ProtoBufRpcInvoker.call(ProtobufRpcEngine2.java:595) [hadoop-common-3.3.6.jar:?]
	at org.apache.hadoop.ipc.ProtobufRpcEngine2$Server$ProtoBufRpcInvoker.call(ProtobufRpcEngine2.java:573) [hadoop-common-3.3.6.jar:?]
	at org.apache.hadoop.ipc.RPC$Server.call(RPC.java:1227) [hadoop-common-3.3.6.jar:?]
	at org.apache.hadoop.ipc.Server$RpcCall.run(Server.java:1094) [hadoop-common-3.3.6.jar:?]
	at org.apache.hadoop.ipc.Server$RpcCall.run(Server.java:1017) [hadoop-common-3.3.6.jar:?]
	at java.security.AccessController.doPrivileged(Native Method) ~[?:1.8.0_382]
	at javax.security.auth.Subject.doAs(Subject.java:422) [?:1.8.0_382]
	at org.apache.hadoop.security.UserGroupInformation.doAs(UserGroupInformation.java:1899) [hadoop-common-3.3.6.jar:?]
	at org.apache.hadoop.ipc.Server$Handler.run(Server.java:3048) [hadoop-common-3.3.6.jar:?]
09:13:44.741 [IPC Server handler 18 on default port 15004] ERROR OMAudit - user=runner | ip=127.0.0.1 | op=GET_FILE_STATUS {volume=volume76194, bucket=bucket39639, key=testBatchDelete/parent/child2, dataSize=0, replicationConfig=null} | ret=FAILURE
org.apache.hadoop.ozone.om.exceptions.OMException: Unable to get file status: volume: volume76194 bucket: bucket39639 key: testBatchDelete/parent/child2
	at org.apache.hadoop.ozone.om.KeyManagerImpl.getOzoneFileStatusFSO(KeyManagerImpl.java:1330) ~[ozone-manager-1.4.0-SNAPSHOT.jar:?]
	at org.apache.hadoop.ozone.om.KeyManagerImpl.getFileStatus(KeyManagerImpl.java:1114) ~[ozone-manager-1.4.0-SNAPSHOT.jar:?]
	at org.apache.hadoop.ozone.om.OmMetadataReader.getFileStatus(OmMetadataReader.java:266) ~[ozone-manager-1.4.0-SNAPSHOT.jar:?]
	at org.apache.hadoop.ozone.om.OzoneManager.getFileStatus(OzoneManager.java:3552) ~[ozone-manager-1.4.0-SNAPSHOT.jar:?]
	at org.apache.hadoop.ozone.protocolPB.OzoneManagerRequestHandler.getOzoneFileStatus(OzoneManagerRequestHandler.java:998) ~[ozone-manager-1.4.0-SNAPSHOT.jar:?]
	at org.apache.hadoop.ozone.protocolPB.OzoneManagerRequestHandler.handleReadRequest(OzoneManagerRequestHandler.java:259) ~[ozone-manager-1.4.0-SNAPSHOT.jar:?]
	at org.apache.hadoop.ozone.protocolPB.OzoneManagerProtocolServerSideTranslatorPB.submitReadRequestToOM(OzoneManagerProtocolServerSideTranslatorPB.java:225) ~[ozone-manager-1.4.0-SNAPSHOT.jar:?]
	at org.apache.hadoop.ozone.protocolPB.OzoneManagerProtocolServerSideTranslatorPB.processRequest(OzoneManagerProtocolServerSideTranslatorPB.java:179) ~[ozone-manager-1.4.0-SNAPSHOT.jar:?]
	at org.apache.hadoop.hdds.server.OzoneProtocolMessageDispatcher.processRequest(OzoneProtocolMessageDispatcher.java:87) [hdds-server-framework-1.4.0-SNAPSHOT.jar:?]
	at org.apache.hadoop.ozone.protocolPB.OzoneManagerProtocolServerSideTranslatorPB.submitRequest(OzoneManagerProtocolServerSideTranslatorPB.java:148) [ozone-manager-1.4.0-SNAPSHOT.jar:?]
	at org.apache.hadoop.ozone.protocol.proto.OzoneManagerProtocolProtos$OzoneManagerService$2.callBlockingMethod(OzoneManagerProtocolProtos.java) [ozone-interface-client-1.4.0-SNAPSHOT.jar:?]
	at org.apache.hadoop.ipc.ProtobufRpcEngine$Server.processCall(ProtobufRpcEngine.java:484) [hadoop-common-3.3.6.jar:?]
	at org.apache.hadoop.ipc.ProtobufRpcEngine2$Server$ProtoBufRpcInvoker.call(ProtobufRpcEngine2.java:595) [hadoop-common-3.3.6.jar:?]
	at org.apache.hadoop.ipc.ProtobufRpcEngine2$Server$ProtoBufRpcInvoker.call(ProtobufRpcEngine2.java:573) [hadoop-common-3.3.6.jar:?]
	at org.apache.hadoop.ipc.RPC$Server.call(RPC.java:1227) [hadoop-common-3.3.6.jar:?]
	at org.apache.hadoop.ipc.Server$RpcCall.run(Server.java:1094) [hadoop-common-3.3.6.jar:?]
	at org.apache.hadoop.ipc.Server$RpcCall.run(Server.java:1017) [hadoop-common-3.3.6.jar:?]
	at java.security.AccessController.doPrivileged(Native Method) ~[?:1.8.0_382]
	at javax.security.auth.Subject.doAs(Subject.java:422) [?:1.8.0_382]
	at org.apache.hadoop.security.UserGroupInformation.doAs(UserGroupInformation.java:1899) [hadoop-common-3.3.6.jar:?]
	at org.apache.hadoop.ipc.Server$Handler.run(Server.java:3048) [hadoop-common-3.3.6.jar:?]
09:13:44.743 [IPC Server handler 16 on default port 15004] ERROR OMAudit - user=runner | ip=127.0.0.1 | op=GET_FILE_STATUS {volume=volume76194, bucket=bucket39639, key=testBatchDelete/parent/childFolder/child2, dataSize=0, replicationConfig=null} | ret=FAILURE
org.apache.hadoop.ozone.om.exceptions.OMException: Unable to get file status: volume: volume76194 bucket: bucket39639 key: testBatchDelete/parent/childFolder/child2
	at org.apache.hadoop.ozone.om.KeyManagerImpl.getOzoneFileStatusFSO(KeyManagerImpl.java:1330) ~[ozone-manager-1.4.0-SNAPSHOT.jar:?]
	at org.apache.hadoop.ozone.om.KeyManagerImpl.getFileStatus(KeyManagerImpl.java:1114) ~[ozone-manager-1.4.0-SNAPSHOT.jar:?]
	at org.apache.hadoop.ozone.om.OmMetadataReader.getFileStatus(OmMetadataReader.java:266) ~[ozone-manager-1.4.0-SNAPSHOT.jar:?]
	at org.apache.hadoop.ozone.om.OzoneManager.getFileStatus(OzoneManager.java:3552) ~[ozone-manager-1.4.0-SNAPSHOT.jar:?]
	at org.apache.hadoop.ozone.protocolPB.OzoneManagerRequestHandler.getOzoneFileStatus(OzoneManagerRequestHandler.java:998) ~[ozone-manager-1.4.0-SNAPSHOT.jar:?]
	at org.apache.hadoop.ozone.protocolPB.OzoneManagerRequestHandler.handleReadRequest(OzoneManagerRequestHandler.java:259) ~[ozone-manager-1.4.0-SNAPSHOT.jar:?]
	at org.apache.hadoop.ozone.protocolPB.OzoneManagerProtocolServerSideTranslatorPB.submitReadRequestToOM(OzoneManagerProtocolServerSideTranslatorPB.java:225) ~[ozone-manager-1.4.0-SNAPSHOT.jar:?]
	at org.apache.hadoop.ozone.protocolPB.OzoneManagerProtocolServerSideTranslatorPB.processRequest(OzoneManagerProtocolServerSideTranslatorPB.java:179) ~[ozone-manager-1.4.0-SNAPSHOT.jar:?]
	at org.apache.hadoop.hdds.server.OzoneProtocolMessageDispatcher.processRequest(OzoneProtocolMessageDispatcher.java:87) [hdds-server-framework-1.4.0-SNAPSHOT.jar:?]
	at org.apache.hadoop.ozone.protocolPB.OzoneManagerProtocolServerSideTranslatorPB.submitRequest(OzoneManagerProtocolServerSideTranslatorPB.java:148) [ozone-manager-1.4.0-SNAPSHOT.jar:?]
	at org.apache.hadoop.ozone.protocol.proto.OzoneManagerProtocolProtos$OzoneManagerService$2.callBlockingMethod(OzoneManagerProtocolProtos.java) [ozone-interface-client-1.4.0-SNAPSHOT.jar:?]
	at org.apache.hadoop.ipc.ProtobufRpcEngine$Server.processCall(ProtobufRpcEngine.java:484) [hadoop-common-3.3.6.jar:?]
	at org.apache.hadoop.ipc.ProtobufRpcEngine2$Server$ProtoBufRpcInvoker.call(ProtobufRpcEngine2.java:595) [hadoop-common-3.3.6.jar:?]
	at org.apache.hadoop.ipc.ProtobufRpcEngine2$Server$ProtoBufRpcInvoker.call(ProtobufRpcEngine2.java:573) [hadoop-common-3.3.6.jar:?]
	at org.apache.hadoop.ipc.RPC$Server.call(RPC.java:1227) [hadoop-common-3.3.6.jar:?]
	at org.apache.hadoop.ipc.Server$RpcCall.run(Server.java:1094) [hadoop-common-3.3.6.jar:?]
	at org.apache.hadoop.ipc.Server$RpcCall.run(Server.java:1017) [hadoop-common-3.3.6.jar:?]
	at java.security.AccessController.doPrivileged(Native Method) ~[?:1.8.0_382]
	at javax.security.auth.Subject.doAs(Subject.java:422) [?:1.8.0_382]
	at org.apache.hadoop.security.UserGroupInformation.doAs(UserGroupInformation.java:1899) [hadoop-common-3.3.6.jar:?]
	at org.apache.hadoop.ipc.Server$Handler.run(Server.java:3048) [hadoop-common-3.3.6.jar:?]
09:13:44.745 [IPC Server handler 3 on default port 15004] ERROR OMAudit - user=runner | ip=127.0.0.1 | op=GET_FILE_STATUS {volume=volume76194, bucket=bucket39639, key=testBatchDelete/parent/child3, dataSize=0, replicationConfig=null} | ret=FAILURE
org.apache.hadoop.ozone.om.exceptions.OMException: Unable to get file status: volume: volume76194 bucket: bucket39639 key: testBatchDelete/parent/child3
	at org.apache.hadoop.ozone.om.KeyManagerImpl.getOzoneFileStatusFSO(KeyManagerImpl.java:1330) ~[ozone-manager-1.4.0-SNAPSHOT.jar:?]
	at org.apache.hadoop.ozone.om.KeyManagerImpl.getFileStatus(KeyManagerImpl.java:1114) ~[ozone-manager-1.4.0-SNAPSHOT.jar:?]
	at org.apache.hadoop.ozone.om.OmMetadataReader.getFileStatus(OmMetadataReader.java:266) ~[ozone-manager-1.4.0-SNAPSHOT.jar:?]
	at org.apache.hadoop.ozone.om.OzoneManager.getFileStatus(OzoneManager.java:3552) ~[ozone-manager-1.4.0-SNAPSHOT.jar:?]
	at org.apache.hadoop.ozone.protocolPB.OzoneManagerRequestHandler.getOzoneFileStatus(OzoneManagerRequestHandler.java:998) ~[ozone-manager-1.4.0-SNAPSHOT.jar:?]
	at org.apache.hadoop.ozone.protocolPB.OzoneManagerRequestHandler.handleReadRequest(OzoneManagerRequestHandler.java:259) ~[ozone-manager-1.4.0-SNAPSHOT.jar:?]
	at org.apache.hadoop.ozone.protocolPB.OzoneManagerProtocolServerSideTranslatorPB.submitReadRequestToOM(OzoneManagerProtocolServerSideTranslatorPB.java:225) ~[ozone-manager-1.4.0-SNAPSHOT.jar:?]
	at org.apache.hadoop.ozone.protocolPB.OzoneManagerProtocolServerSideTranslatorPB.processRequest(OzoneManagerProtocolServerSideTranslatorPB.java:179) ~[ozone-manager-1.4.0-SNAPSHOT.jar:?]
	at org.apache.hadoop.hdds.server.OzoneProtocolMessageDispatcher.processRequest(OzoneProtocolMessageDispatcher.java:87) [hdds-server-framework-1.4.0-SNAPSHOT.jar:?]
	at org.apache.hadoop.ozone.protocolPB.OzoneManagerProtocolServerSideTranslatorPB.submitRequest(OzoneManagerProtocolServerSideTranslatorPB.java:148) [ozone-manager-1.4.0-SNAPSHOT.jar:?]
	at org.apache.hadoop.ozone.protocol.proto.OzoneManagerProtocolProtos$OzoneManagerService$2.callBlockingMethod(OzoneManagerProtocolProtos.java) [ozone-interface-client-1.4.0-SNAPSHOT.jar:?]
	at org.apache.hadoop.ipc.ProtobufRpcEngine$Server.processCall(ProtobufRpcEngine.java:484) [hadoop-common-3.3.6.jar:?]
	at org.apache.hadoop.ipc.ProtobufRpcEngine2$Server$ProtoBufRpcInvoker.call(ProtobufRpcEngine2.java:595) [hadoop-common-3.3.6.jar:?]
	at org.apache.hadoop.ipc.ProtobufRpcEngine2$Server$ProtoBufRpcInvoker.call(ProtobufRpcEngine2.java:573) [hadoop-common-3.3.6.jar:?]
	at org.apache.hadoop.ipc.RPC$Server.call(RPC.java:1227) [hadoop-common-3.3.6.jar:?]
	at org.apache.hadoop.ipc.Server$RpcCall.run(Server.java:1094) [hadoop-common-3.3.6.jar:?]
	at org.apache.hadoop.ipc.Server$RpcCall.run(Server.java:1017) [hadoop-common-3.3.6.jar:?]
	at java.security.AccessController.doPrivileged(Native Method) ~[?:1.8.0_382]
	at javax.security.auth.Subject.doAs(Subject.java:422) [?:1.8.0_382]
	at org.apache.hadoop.security.UserGroupInformation.doAs(UserGroupInformation.java:1899) [hadoop-common-3.3.6.jar:?]
	at org.apache.hadoop.ipc.Server$Handler.run(Server.java:3048) [hadoop-common-3.3.6.jar:?]
09:13:44.747 [IPC Server handler 6 on default port 15004] ERROR OMAudit - user=runner | ip=127.0.0.1 | op=GET_FILE_STATUS {volume=volume76194, bucket=bucket39639, key=testBatchDelete/parent/childFolder/child3, dataSize=0, replicationConfig=null} | ret=FAILURE
org.apache.hadoop.ozone.om.exceptions.OMException: Unable to get file status: volume: volume76194 bucket: bucket39639 key: testBatchDelete/parent/childFolder/child3
	at org.apache.hadoop.ozone.om.KeyManagerImpl.getOzoneFileStatusFSO(KeyManagerImpl.java:1330) ~[ozone-manager-1.4.0-SNAPSHOT.jar:?]
	at org.apache.hadoop.ozone.om.KeyManagerImpl.getFileStatus(KeyManagerImpl.java:1114) ~[ozone-manager-1.4.0-SNAPSHOT.jar:?]
	at org.apache.hadoop.ozone.om.OmMetadataReader.getFileStatus(OmMetadataReader.java:266) ~[ozone-manager-1.4.0-SNAPSHOT.jar:?]
	at org.apache.hadoop.ozone.om.OzoneManager.getFileStatus(OzoneManager.java:3552) ~[ozone-manager-1.4.0-SNAPSHOT.jar:?]
	at org.apache.hadoop.ozone.protocolPB.OzoneManagerRequestHandler.getOzoneFileStatus(OzoneManagerRequestHandler.java:998) ~[ozone-manager-1.4.0-SNAPSHOT.jar:?]
	at org.apache.hadoop.ozone.protocolPB.OzoneManagerRequestHandler.handleReadRequest(OzoneManagerRequestHandler.java:259) ~[ozone-manager-1.4.0-SNAPSHOT.jar:?]
	at org.apache.hadoop.ozone.protocolPB.OzoneManagerProtocolServerSideTranslatorPB.submitReadRequestToOM(OzoneManagerProtocolServerSideTranslatorPB.java:225) ~[ozone-manager-1.4.0-SNAPSHOT.jar:?]
	at org.apache.hadoop.ozone.protocolPB.OzoneManagerProtocolServerSideTranslatorPB.processRequest(OzoneManagerProtocolServerSideTranslatorPB.java:179) ~[ozone-manager-1.4.0-SNAPSHOT.jar:?]
	at org.apache.hadoop.hdds.server.OzoneProtocolMessageDispatcher.processRequest(OzoneProtocolMessageDispatcher.java:87) [hdds-server-framework-1.4.0-SNAPSHOT.jar:?]
	at org.apache.hadoop.ozone.protocolPB.OzoneManagerProtocolServerSideTranslatorPB.submitRequest(OzoneManagerProtocolServerSideTranslatorPB.java:148) [ozone-manager-1.4.0-SNAPSHOT.jar:?]
	at org.apache.hadoop.ozone.protocol.proto.OzoneManagerProtocolProtos$OzoneManagerService$2.callBlockingMethod(OzoneManagerProtocolProtos.java) [ozone-interface-client-1.4.0-SNAPSHOT.jar:?]
	at org.apache.hadoop.ipc.ProtobufRpcEngine$Server.processCall(ProtobufRpcEngine.java:484) [hadoop-common-3.3.6.jar:?]
	at org.apache.hadoop.ipc.ProtobufRpcEngine2$Server$ProtoBufRpcInvoker.call(ProtobufRpcEngine2.java:595) [hadoop-common-3.3.6.jar:?]
	at org.apache.hadoop.ipc.ProtobufRpcEngine2$Server$ProtoBufRpcInvoker.call(ProtobufRpcEngine2.java:573) [hadoop-common-3.3.6.jar:?]
	at org.apache.hadoop.ipc.RPC$Server.call(RPC.java:1227) [hadoop-common-3.3.6.jar:?]
	at org.apache.hadoop.ipc.Server$RpcCall.run(Server.java:1094) [hadoop-common-3.3.6.jar:?]
	at org.apache.hadoop.ipc.Server$RpcCall.run(Server.java:1017) [hadoop-common-3.3.6.jar:?]
	at java.security.AccessController.doPrivileged(Native Method) ~[?:1.8.0_382]
	at javax.security.auth.Subject.doAs(Subject.java:422) [?:1.8.0_382]
	at org.apache.hadoop.security.UserGroupInformation.doAs(UserGroupInformation.java:1899) [hadoop-common-3.3.6.jar:?]
	at org.apache.hadoop.ipc.Server$Handler.run(Server.java:3048) [hadoop-common-3.3.6.jar:?]
09:13:44.748 [IPC Server handler 17 on default port 15004] ERROR OMAudit - user=runner | ip=127.0.0.1 | op=GET_FILE_STATUS {volume=volume76194, bucket=bucket39639, key=testBatchDelete/parent/child4, dataSize=0, replicationConfig=null} | ret=FAILURE
org.apache.hadoop.ozone.om.exceptions.OMException: Unable to get file status: volume: volume76194 bucket: bucket39639 key: testBatchDelete/parent/child4
	at org.apache.hadoop.ozone.om.KeyManagerImpl.getOzoneFileStatusFSO(KeyManagerImpl.java:1330) ~[ozone-manager-1.4.0-SNAPSHOT.jar:?]
	at org.apache.hadoop.ozone.om.KeyManagerImpl.getFileStatus(KeyManagerImpl.java:1114) ~[ozone-manager-1.4.0-SNAPSHOT.jar:?]
	at org.apache.hadoop.ozone.om.OmMetadataReader.getFileStatus(OmMetadataReader.java:266) ~[ozone-manager-1.4.0-SNAPSHOT.jar:?]
	at org.apache.hadoop.ozone.om.OzoneManager.getFileStatus(OzoneManager.java:3552) ~[ozone-manager-1.4.0-SNAPSHOT.jar:?]
	at org.apache.hadoop.ozone.protocolPB.OzoneManagerRequestHandler.getOzoneFileStatus(OzoneManagerRequestHandler.java:998) ~[ozone-manager-1.4.0-SNAPSHOT.jar:?]
	at org.apache.hadoop.ozone.protocolPB.OzoneManagerRequestHandler.handleReadRequest(OzoneManagerRequestHandler.java:259) ~[ozone-manager-1.4.0-SNAPSHOT.jar:?]
	at org.apache.hadoop.ozone.protocolPB.OzoneManagerProtocolServerSideTranslatorPB.submitReadRequestToOM(OzoneManagerProtocolServerSideTranslatorPB.java:225) ~[ozone-manager-1.4.0-SNAPSHOT.jar:?]
	at org.apache.hadoop.ozone.protocolPB.OzoneManagerProtocolServerSideTranslatorPB.processRequest(OzoneManagerProtocolServerSideTranslatorPB.java:179) ~[ozone-manager-1.4.0-SNAPSHOT.jar:?]
	at org.apache.hadoop.hdds.server.OzoneProtocolMessageDispatcher.processRequest(OzoneProtocolMessageDispatcher.java:87) [hdds-server-framework-1.4.0-SNAPSHOT.jar:?]
	at org.apache.hadoop.ozone.protocolPB.OzoneManagerProtocolServerSideTranslatorPB.submitRequest(OzoneManagerProtocolServerSideTranslatorPB.java:148) [ozone-manager-1.4.0-SNAPSHOT.jar:?]
	at org.apache.hadoop.ozone.protocol.proto.OzoneManagerProtocolProtos$OzoneManagerService$2.callBlockingMethod(OzoneManagerProtocolProtos.java) [ozone-interface-client-1.4.0-SNAPSHOT.jar:?]
	at org.apache.hadoop.ipc.ProtobufRpcEngine$Server.processCall(ProtobufRpcEngine.java:484) [hadoop-common-3.3.6.jar:?]
	at org.apache.hadoop.ipc.ProtobufRpcEngine2$Server$ProtoBufRpcInvoker.call(ProtobufRpcEngine2.java:595) [hadoop-common-3.3.6.jar:?]
	at org.apache.hadoop.ipc.ProtobufRpcEngine2$Server$ProtoBufRpcInvoker.call(ProtobufRpcEngine2.java:573) [hadoop-common-3.3.6.jar:?]
	at org.apache.hadoop.ipc.RPC$Server.call(RPC.java:1227) [hadoop-common-3.3.6.jar:?]
	at org.apache.hadoop.ipc.Server$RpcCall.run(Server.java:1094) [hadoop-common-3.3.6.jar:?]
	at org.apache.hadoop.ipc.Server$RpcCall.run(Server.java:1017) [hadoop-common-3.3.6.jar:?]
	at java.security.AccessController.doPrivileged(Native Method) ~[?:1.8.0_382]
	at javax.security.auth.Subject.doAs(Subject.java:422) [?:1.8.0_382]
	at org.apache.hadoop.security.UserGroupInformation.doAs(UserGroupInformation.java:1899) [hadoop-common-3.3.6.jar:?]
	at org.apache.hadoop.ipc.Server$Handler.run(Server.java:3048) [hadoop-common-3.3.6.jar:?]
09:13:44.751 [IPC Server handler 7 on default port 15004] ERROR OMAudit - user=runner | ip=127.0.0.1 | op=GET_FILE_STATUS {volume=volume76194, bucket=bucket39639, key=testBatchDelete/parent/childFolder/child4, dataSize=0, replicationConfig=null} | ret=FAILURE
org.apache.hadoop.ozone.om.exceptions.OMException: Unable to get file status: volume: volume76194 bucket: bucket39639 key: testBatchDelete/parent/childFolder/child4
	at org.apache.hadoop.ozone.om.KeyManagerImpl.getOzoneFileStatusFSO(KeyManagerImpl.java:1330) ~[ozone-manager-1.4.0-SNAPSHOT.jar:?]
	at org.apache.hadoop.ozone.om.KeyManagerImpl.getFileStatus(KeyManagerImpl.java:1114) ~[ozone-manager-1.4.0-SNAPSHOT.jar:?]
	at org.apache.hadoop.ozone.om.OmMetadataReader.getFileStatus(OmMetadataReader.java:266) ~[ozone-manager-1.4.0-SNAPSHOT.jar:?]
	at org.apache.hadoop.ozone.om.OzoneManager.getFileStatus(OzoneManager.java:3552) ~[ozone-manager-1.4.0-SNAPSHOT.jar:?]
	at org.apache.hadoop.ozone.protocolPB.OzoneManagerRequestHandler.getOzoneFileStatus(OzoneManagerRequestHandler.java:998) ~[ozone-manager-1.4.0-SNAPSHOT.jar:?]
	at org.apache.hadoop.ozone.protocolPB.OzoneManagerRequestHandler.handleReadRequest(OzoneManagerRequestHandler.java:259) ~[ozone-manager-1.4.0-SNAPSHOT.jar:?]
	at org.apache.hadoop.ozone.protocolPB.OzoneManagerProtocolServerSideTranslatorPB.submitReadRequestToOM(OzoneManagerProtocolServerSideTranslatorPB.java:225) ~[ozone-manager-1.4.0-SNAPSHOT.jar:?]
	at org.apache.hadoop.ozone.protocolPB.OzoneManagerProtocolServerSideTranslatorPB.processRequest(OzoneManagerProtocolServerSideTranslatorPB.java:179) ~[ozone-manager-1.4.0-SNAPSHOT.jar:?]
	at org.apache.hadoop.hdds.server.OzoneProtocolMessageDispatcher.processRequest(OzoneProtocolMessageDispatcher.java:87) [hdds-server-framework-1.4.0-SNAPSHOT.jar:?]
	at org.apache.hadoop.ozone.protocolPB.OzoneManagerProtocolServerSideTranslatorPB.submitRequest(OzoneManagerProtocolServerSideTranslatorPB.java:148) [ozone-manager-1.4.0-SNAPSHOT.jar:?]
	at org.apache.hadoop.ozone.protocol.proto.OzoneManagerProtocolProtos$OzoneManagerService$2.callBlockingMethod(OzoneManagerProtocolProtos.java) [ozone-interface-client-1.4.0-SNAPSHOT.jar:?]
	at org.apache.hadoop.ipc.ProtobufRpcEngine$Server.processCall(ProtobufRpcEngine.java:484) [hadoop-common-3.3.6.jar:?]
	at org.apache.hadoop.ipc.ProtobufRpcEngine2$Server$ProtoBufRpcInvoker.call(ProtobufRpcEngine2.java:595) [hadoop-common-3.3.6.jar:?]
	at org.apache.hadoop.ipc.ProtobufRpcEngine2$Server$ProtoBufRpcInvoker.call(ProtobufRpcEngine2.java:573) [hadoop-common-3.3.6.jar:?]
	at org.apache.hadoop.ipc.RPC$Server.call(RPC.java:1227) [hadoop-common-3.3.6.jar:?]
	at org.apache.hadoop.ipc.Server$RpcCall.run(Server.java:1094) [hadoop-common-3.3.6.jar:?]
	at org.apache.hadoop.ipc.Server$RpcCall.run(Server.java:1017) [hadoop-common-3.3.6.jar:?]
	at java.security.AccessController.doPrivileged(Native Method) ~[?:1.8.0_382]
	at javax.security.auth.Subject.doAs(Subject.java:422) [?:1.8.0_382]
	at org.apache.hadoop.security.UserGroupInformation.doAs(UserGroupInformation.java:1899) [hadoop-common-3.3.6.jar:?]
	at org.apache.hadoop.ipc.Server$Handler.run(Server.java:3048) [hadoop-common-3.3.6.jar:?]
09:13:44.752 [IPC Server handler 1 on default port 15004] ERROR OMAudit - user=runner | ip=127.0.0.1 | op=GET_FILE_STATUS {volume=volume76194, bucket=bucket39639, key=testBatchDelete/parent/child5, dataSize=0, replicationConfig=null} | ret=FAILURE
org.apache.hadoop.ozone.om.exceptions.OMException: Unable to get file status: volume: volume76194 bucket: bucket39639 key: testBatchDelete/parent/child5
	at org.apache.hadoop.ozone.om.KeyManagerImpl.getOzoneFileStatusFSO(KeyManagerImpl.java:1330) ~[ozone-manager-1.4.0-SNAPSHOT.jar:?]
	at org.apache.hadoop.ozone.om.KeyManagerImpl.getFileStatus(KeyManagerImpl.java:1114) ~[ozone-manager-1.4.0-SNAPSHOT.jar:?]
	at org.apache.hadoop.ozone.om.OmMetadataReader.getFileStatus(OmMetadataReader.java:266) ~[ozone-manager-1.4.0-SNAPSHOT.jar:?]
	at org.apache.hadoop.ozone.om.OzoneManager.getFileStatus(OzoneManager.java:3552) ~[ozone-manager-1.4.0-SNAPSHOT.jar:?]
	at org.apache.hadoop.ozone.protocolPB.OzoneManagerRequestHandler.getOzoneFileStatus(OzoneManagerRequestHandler.java:998) ~[ozone-manager-1.4.0-SNAPSHOT.jar:?]
	at org.apache.hadoop.ozone.protocolPB.OzoneManagerRequestHandler.handleReadRequest(OzoneManagerRequestHandler.java:259) ~[ozone-manager-1.4.0-SNAPSHOT.jar:?]
	at org.apache.hadoop.ozone.protocolPB.OzoneManagerProtocolServerSideTranslatorPB.submitReadRequestToOM(OzoneManagerProtocolServerSideTranslatorPB.java:225) ~[ozone-manager-1.4.0-SNAPSHOT.jar:?]
	at org.apache.hadoop.ozone.protocolPB.OzoneManagerProtocolServerSideTranslatorPB.processRequest(OzoneManagerProtocolServerSideTranslatorPB.java:179) ~[ozone-manager-1.4.0-SNAPSHOT.jar:?]
	at org.apache.hadoop.hdds.server.OzoneProtocolMessageDispatcher.processRequest(OzoneProtocolMessageDispatcher.java:87) [hdds-server-framework-1.4.0-SNAPSHOT.jar:?]
	at org.apache.hadoop.ozone.protocolPB.OzoneManagerProtocolServerSideTranslatorPB.submitRequest(OzoneManagerProtocolServerSideTranslatorPB.java:148) [ozone-manager-1.4.0-SNAPSHOT.jar:?]
	at org.apache.hadoop.ozone.protocol.proto.OzoneManagerProtocolProtos$OzoneManagerService$2.callBlockingMethod(OzoneManagerProtocolProtos.java) [ozone-interface-client-1.4.0-SNAPSHOT.jar:?]
	at org.apache.hadoop.ipc.ProtobufRpcEngine$Server.processCall(ProtobufRpcEngine.java:484) [hadoop-common-3.3.6.jar:?]
	at org.apache.hadoop.ipc.ProtobufRpcEngine2$Server$ProtoBufRpcInvoker.call(ProtobufRpcEngine2.java:595) [hadoop-common-3.3.6.jar:?]
	at org.apache.hadoop.ipc.ProtobufRpcEngine2$Server$ProtoBufRpcInvoker.call(ProtobufRpcEngine2.java:573) [hadoop-common-3.3.6.jar:?]
	at org.apache.hadoop.ipc.RPC$Server.call(RPC.java:1227) [hadoop-common-3.3.6.jar:?]
	at org.apache.hadoop.ipc.Server$RpcCall.run(Server.java:1094) [hadoop-common-3.3.6.jar:?]
	at org.apache.hadoop.ipc.Server$RpcCall.run(Server.java:1017) [hadoop-common-3.3.6.jar:?]
	at java.security.AccessController.doPrivileged(Native Method) ~[?:1.8.0_382]
	at javax.security.auth.Subject.doAs(Subject.java:422) [?:1.8.0_382]
	at org.apache.hadoop.security.UserGroupInformation.doAs(UserGroupInformation.java:1899) [hadoop-common-3.3.6.jar:?]
	at org.apache.hadoop.ipc.Server$Handler.run(Server.java:3048) [hadoop-common-3.3.6.jar:?]
09:13:44.754 [IPC Server handler 5 on default port 15004] ERROR OMAudit - user=runner | ip=127.0.0.1 | op=GET_FILE_STATUS {volume=volume76194, bucket=bucket39639, key=testBatchDelete/parent/childFolder/child5, dataSize=0, replicationConfig=null} | ret=FAILURE
org.apache.hadoop.ozone.om.exceptions.OMException: Unable to get file status: volume: volume76194 bucket: bucket39639 key: testBatchDelete/parent/childFolder/child5
	at org.apache.hadoop.ozone.om.KeyManagerImpl.getOzoneFileStatusFSO(KeyManagerImpl.java:1330) ~[ozone-manager-1.4.0-SNAPSHOT.jar:?]
	at org.apache.hadoop.ozone.om.KeyManagerImpl.getFileStatus(KeyManagerImpl.java:1114) ~[ozone-manager-1.4.0-SNAPSHOT.jar:?]
	at org.apache.hadoop.ozone.om.OmMetadataReader.getFileStatus(OmMetadataReader.java:266) ~[ozone-manager-1.4.0-SNAPSHOT.jar:?]
	at org.apache.hadoop.ozone.om.OzoneManager.getFileStatus(OzoneManager.java:3552) ~[ozone-manager-1.4.0-SNAPSHOT.jar:?]
	at org.apache.hadoop.ozone.protocolPB.OzoneManagerRequestHandler.getOzoneFileStatus(OzoneManagerRequestHandler.java:998) ~[ozone-manager-1.4.0-SNAPSHOT.jar:?]
	at org.apache.hadoop.ozone.protocolPB.OzoneManagerRequestHandler.handleReadRequest(OzoneManagerRequestHandler.java:259) ~[ozone-manager-1.4.0-SNAPSHOT.jar:?]
	at org.apache.hadoop.ozone.protocolPB.OzoneManagerProtocolServerSideTranslatorPB.submitReadRequestToOM(OzoneManagerProtocolServerSideTranslatorPB.java:225) ~[ozone-manager-1.4.0-SNAPSHOT.jar:?]
	at org.apache.hadoop.ozone.protocolPB.OzoneManagerProtocolServerSideTranslatorPB.processRequest(OzoneManagerProtocolServerSideTranslatorPB.java:179) ~[ozone-manager-1.4.0-SNAPSHOT.jar:?]
	at org.apache.hadoop.hdds.server.OzoneProtocolMessageDispatcher.processRequest(OzoneProtocolMessageDispatcher.java:87) [hdds-server-framework-1.4.0-SNAPSHOT.jar:?]
	at org.apache.hadoop.ozone.protocolPB.OzoneManagerProtocolServerSideTranslatorPB.submitRequest(OzoneManagerProtocolServerSideTranslatorPB.java:148) [ozone-manager-1.4.0-SNAPSHOT.jar:?]
	at org.apache.hadoop.ozone.protocol.proto.OzoneManagerProtocolProtos$OzoneManagerService$2.callBlockingMethod(OzoneManagerProtocolProtos.java) [ozone-interface-client-1.4.0-SNAPSHOT.jar:?]
	at org.apache.hadoop.ipc.ProtobufRpcEngine$Server.processCall(ProtobufRpcEngine.java:484) [hadoop-common-3.3.6.jar:?]
	at org.apache.hadoop.ipc.ProtobufRpcEngine2$Server$ProtoBufRpcInvoker.call(ProtobufRpcEngine2.java:595) [hadoop-common-3.3.6.jar:?]
	at org.apache.hadoop.ipc.ProtobufRpcEngine2$Server$ProtoBufRpcInvoker.call(ProtobufRpcEngine2.java:573) [hadoop-common-3.3.6.jar:?]
	at org.apache.hadoop.ipc.RPC$Server.call(RPC.java:1227) [hadoop-common-3.3.6.jar:?]
	at org.apache.hadoop.ipc.Server$RpcCall.run(Server.java:1094) [hadoop-common-3.3.6.jar:?]
	at org.apache.hadoop.ipc.Server$RpcCall.run(Server.java:1017) [hadoop-common-3.3.6.jar:?]
	at java.security.AccessController.doPrivileged(Native Method) ~[?:1.8.0_382]
	at javax.security.auth.Subject.doAs(Subject.java:422) [?:1.8.0_382]
	at org.apache.hadoop.security.UserGroupInformation.doAs(UserGroupInformation.java:1899) [hadoop-common-3.3.6.jar:?]
	at org.apache.hadoop.ipc.Server$Handler.run(Server.java:3048) [hadoop-common-3.3.6.jar:?]
09:13:44.755 [IPC Server handler 13 on default port 15004] ERROR OMAudit - user=runner | ip=127.0.0.1 | op=GET_FILE_STATUS {volume=volume76194, bucket=bucket39639, key=testBatchDelete/parent/child6, dataSize=0, replicationConfig=null} | ret=FAILURE
org.apache.hadoop.ozone.om.exceptions.OMException: Unable to get file status: volume: volume76194 bucket: bucket39639 key: testBatchDelete/parent/child6
	at org.apache.hadoop.ozone.om.KeyManagerImpl.getOzoneFileStatusFSO(KeyManagerImpl.java:1330) ~[ozone-manager-1.4.0-SNAPSHOT.jar:?]
	at org.apache.hadoop.ozone.om.KeyManagerImpl.getFileStatus(KeyManagerImpl.java:1114) ~[ozone-manager-1.4.0-SNAPSHOT.jar:?]
	at org.apache.hadoop.ozone.om.OmMetadataReader.getFileStatus(OmMetadataReader.java:266) ~[ozone-manager-1.4.0-SNAPSHOT.jar:?]
	at org.apache.hadoop.ozone.om.OzoneManager.getFileStatus(OzoneManager.java:3552) ~[ozone-manager-1.4.0-SNAPSHOT.jar:?]
	at org.apache.hadoop.ozone.protocolPB.OzoneManagerRequestHandler.getOzoneFileStatus(OzoneManagerRequestHandler.java:998) ~[ozone-manager-1.4.0-SNAPSHOT.jar:?]
	at org.apache.hadoop.ozone.protocolPB.OzoneManagerRequestHandler.handleReadRequest(OzoneManagerRequestHandler.java:259) ~[ozone-manager-1.4.0-SNAPSHOT.jar:?]
	at org.apache.hadoop.ozone.protocolPB.OzoneManagerProtocolServerSideTranslatorPB.submitReadRequestToOM(OzoneManagerProtocolServerSideTranslatorPB.java:225) ~[ozone-manager-1.4.0-SNAPSHOT.jar:?]
	at org.apache.hadoop.ozone.protocolPB.OzoneManagerProtocolServerSideTranslatorPB.processRequest(OzoneManagerProtocolServerSideTranslatorPB.java:179) ~[ozone-manager-1.4.0-SNAPSHOT.jar:?]
	at org.apache.hadoop.hdds.server.OzoneProtocolMessageDispatcher.processRequest(OzoneProtocolMessageDispatcher.java:87) [hdds-server-framework-1.4.0-SNAPSHOT.jar:?]
	at org.apache.hadoop.ozone.protocolPB.OzoneManagerProtocolServerSideTranslatorPB.submitRequest(OzoneManagerProtocolServerSideTranslatorPB.java:148) [ozone-manager-1.4.0-SNAPSHOT.jar:?]
	at org.apache.hadoop.ozone.protocol.proto.OzoneManagerProtocolProtos$OzoneManagerService$2.callBlockingMethod(OzoneManagerProtocolProtos.java) [ozone-interface-client-1.4.0-SNAPSHOT.jar:?]
	at org.apache.hadoop.ipc.ProtobufRpcEngine$Server.processCall(ProtobufRpcEngine.java:484) [hadoop-common-3.3.6.jar:?]
	at org.apache.hadoop.ipc.ProtobufRpcEngine2$Server$ProtoBufRpcInvoker.call(ProtobufRpcEngine2.java:595) [hadoop-common-3.3.6.jar:?]
	at org.apache.hadoop.ipc.ProtobufRpcEngine2$Server$ProtoBufRpcInvoker.call(ProtobufRpcEngine2.java:573) [hadoop-common-3.3.6.jar:?]
	at org.apache.hadoop.ipc.RPC$Server.call(RPC.java:1227) [hadoop-common-3.3.6.jar:?]
	at org.apache.hadoop.ipc.Server$RpcCall.run(Server.java:1094) [hadoop-common-3.3.6.jar:?]
	at org.apache.hadoop.ipc.Server$RpcCall.run(Server.java:1017) [hadoop-common-3.3.6.jar:?]
	at java.security.AccessController.doPrivileged(Native Method) ~[?:1.8.0_382]
	at javax.security.auth.Subject.doAs(Subject.java:422) [?:1.8.0_382]
	at org.apache.hadoop.security.UserGroupInformation.doAs(UserGroupInformation.java:1899) [hadoop-common-3.3.6.jar:?]
	at org.apache.hadoop.ipc.Server$Handler.run(Server.java:3048) [hadoop-common-3.3.6.jar:?]
09:13:44.757 [IPC Server handler 10 on default port 15004] ERROR OMAudit - user=runner | ip=127.0.0.1 | op=GET_FILE_STATUS {volume=volume76194, bucket=bucket39639, key=testBatchDelete/parent/childFolder/child6, dataSize=0, replicationConfig=null} | ret=FAILURE
org.apache.hadoop.ozone.om.exceptions.OMException: Unable to get file status: volume: volume76194 bucket: bucket39639 key: testBatchDelete/parent/childFolder/child6
	at org.apache.hadoop.ozone.om.KeyManagerImpl.getOzoneFileStatusFSO(KeyManagerImpl.java:1330) ~[ozone-manager-1.4.0-SNAPSHOT.jar:?]
	at org.apache.hadoop.ozone.om.KeyManagerImpl.getFileStatus(KeyManagerImpl.java:1114) ~[ozone-manager-1.4.0-SNAPSHOT.jar:?]
	at org.apache.hadoop.ozone.om.OmMetadataReader.getFileStatus(OmMetadataReader.java:266) ~[ozone-manager-1.4.0-SNAPSHOT.jar:?]
	at org.apache.hadoop.ozone.om.OzoneManager.getFileStatus(OzoneManager.java:3552) ~[ozone-manager-1.4.0-SNAPSHOT.jar:?]
	at org.apache.hadoop.ozone.protocolPB.OzoneManagerRequestHandler.getOzoneFileStatus(OzoneManagerRequestHandler.java:998) ~[ozone-manager-1.4.0-SNAPSHOT.jar:?]
	at org.apache.hadoop.ozone.protocolPB.OzoneManagerRequestHandler.handleReadRequest(OzoneManagerRequestHandler.java:259) ~[ozone-manager-1.4.0-SNAPSHOT.jar:?]
	at org.apache.hadoop.ozone.protocolPB.OzoneManagerProtocolServerSideTranslatorPB.submitReadRequestToOM(OzoneManagerProtocolServerSideTranslatorPB.java:225) ~[ozone-manager-1.4.0-SNAPSHOT.jar:?]
	at org.apache.hadoop.ozone.protocolPB.OzoneManagerProtocolServerSideTranslatorPB.processRequest(OzoneManagerProtocolServerSideTranslatorPB.java:179) ~[ozone-manager-1.4.0-SNAPSHOT.jar:?]
	at org.apache.hadoop.hdds.server.OzoneProtocolMessageDispatcher.processRequest(OzoneProtocolMessageDispatcher.java:87) [hdds-server-framework-1.4.0-SNAPSHOT.jar:?]
	at org.apache.hadoop.ozone.protocolPB.OzoneManagerProtocolServerSideTranslatorPB.submitRequest(OzoneManagerProtocolServerSideTranslatorPB.java:148) [ozone-manager-1.4.0-SNAPSHOT.jar:?]
	at org.apache.hadoop.ozone.protocol.proto.OzoneManagerProtocolProtos$OzoneManagerService$2.callBlockingMethod(OzoneManagerProtocolProtos.java) [ozone-interface-client-1.4.0-SNAPSHOT.jar:?]
	at org.apache.hadoop.ipc.ProtobufRpcEngine$Server.processCall(ProtobufRpcEngine.java:484) [hadoop-common-3.3.6.jar:?]
	at org.apache.hadoop.ipc.ProtobufRpcEngine2$Server$ProtoBufRpcInvoker.call(ProtobufRpcEngine2.java:595) [hadoop-common-3.3.6.jar:?]
	at org.apache.hadoop.ipc.ProtobufRpcEngine2$Server$ProtoBufRpcInvoker.call(ProtobufRpcEngine2.java:573) [hadoop-common-3.3.6.jar:?]
	at org.apache.hadoop.ipc.RPC$Server.call(RPC.java:1227) [hadoop-common-3.3.6.jar:?]
	at org.apache.hadoop.ipc.Server$RpcCall.run(Server.java:1094) [hadoop-common-3.3.6.jar:?]
	at org.apache.hadoop.ipc.Server$RpcCall.run(Server.java:1017) [hadoop-common-3.3.6.jar:?]
	at java.security.AccessController.doPrivileged(Native Method) ~[?:1.8.0_382]
	at javax.security.auth.Subject.doAs(Subject.java:422) [?:1.8.0_382]
	at org.apache.hadoop.security.UserGroupInformation.doAs(UserGroupInformation.java:1899) [hadoop-common-3.3.6.jar:?]
	at org.apache.hadoop.ipc.Server$Handler.run(Server.java:3048) [hadoop-common-3.3.6.jar:?]
09:13:44.762 [IPC Server handler 18 on default port 15004] ERROR OMAudit - user=runner | ip=127.0.0.1 | op=GET_FILE_STATUS {volume=volume76194, bucket=bucket39639, key=testBatchDelete/parent/child7, dataSize=0, replicationConfig=null} | ret=FAILURE
org.apache.hadoop.ozone.om.exceptions.OMException: Unable to get file status: volume: volume76194 bucket: bucket39639 key: testBatchDelete/parent/child7
	at org.apache.hadoop.ozone.om.KeyManagerImpl.getOzoneFileStatusFSO(KeyManagerImpl.java:1330) ~[ozone-manager-1.4.0-SNAPSHOT.jar:?]
	at org.apache.hadoop.ozone.om.KeyManagerImpl.getFileStatus(KeyManagerImpl.java:1114) ~[ozone-manager-1.4.0-SNAPSHOT.jar:?]
	at org.apache.hadoop.ozone.om.OmMetadataReader.getFileStatus(OmMetadataReader.java:266) ~[ozone-manager-1.4.0-SNAPSHOT.jar:?]
	at org.apache.hadoop.ozone.om.OzoneManager.getFileStatus(OzoneManager.java:3552) ~[ozone-manager-1.4.0-SNAPSHOT.jar:?]
	at org.apache.hadoop.ozone.protocolPB.OzoneManagerRequestHandler.getOzoneFileStatus(OzoneManagerRequestHandler.java:998) ~[ozone-manager-1.4.0-SNAPSHOT.jar:?]
	at org.apache.hadoop.ozone.protocolPB.OzoneManagerRequestHandler.handleReadRequest(OzoneManagerRequestHandler.java:259) ~[ozone-manager-1.4.0-SNAPSHOT.jar:?]
	at org.apache.hadoop.ozone.protocolPB.OzoneManagerProtocolServerSideTranslatorPB.submitReadRequestToOM(OzoneManagerProtocolServerSideTranslatorPB.java:225) ~[ozone-manager-1.4.0-SNAPSHOT.jar:?]
	at org.apache.hadoop.ozone.protocolPB.OzoneManagerProtocolServerSideTranslatorPB.processRequest(OzoneManagerProtocolServerSideTranslatorPB.java:179) ~[ozone-manager-1.4.0-SNAPSHOT.jar:?]
	at org.apache.hadoop.hdds.server.OzoneProtocolMessageDispatcher.processRequest(OzoneProtocolMessageDispatcher.java:87) [hdds-server-framework-1.4.0-SNAPSHOT.jar:?]
	at org.apache.hadoop.ozone.protocolPB.OzoneManagerProtocolServerSideTranslatorPB.submitRequest(OzoneManagerProtocolServerSideTranslatorPB.java:148) [ozone-manager-1.4.0-SNAPSHOT.jar:?]
	at org.apache.hadoop.ozone.protocol.proto.OzoneManagerProtocolProtos$OzoneManagerService$2.callBlockingMethod(OzoneManagerProtocolProtos.java) [ozone-interface-client-1.4.0-SNAPSHOT.jar:?]
	at org.apache.hadoop.ipc.ProtobufRpcEngine$Server.processCall(ProtobufRpcEngine.java:484) [hadoop-common-3.3.6.jar:?]
	at org.apache.hadoop.ipc.ProtobufRpcEngine2$Server$ProtoBufRpcInvoker.call(ProtobufRpcEngine2.java:595) [hadoop-common-3.3.6.jar:?]
	at org.apache.hadoop.ipc.ProtobufRpcEngine2$Server$ProtoBufRpcInvoker.call(ProtobufRpcEngine2.java:573) [hadoop-common-3.3.6.jar:?]
	at org.apache.hadoop.ipc.RPC$Server.call(RPC.java:1227) [hadoop-common-3.3.6.jar:?]
	at org.apache.hadoop.ipc.Server$RpcCall.run(Server.java:1094) [hadoop-common-3.3.6.jar:?]
	at org.apache.hadoop.ipc.Server$RpcCall.run(Server.java:1017) [hadoop-common-3.3.6.jar:?]
	at java.security.AccessController.doPrivileged(Native Method) ~[?:1.8.0_382]
	at javax.security.auth.Subject.doAs(Subject.java:422) [?:1.8.0_382]
	at org.apache.hadoop.security.UserGroupInformation.doAs(UserGroupInformation.java:1899) [hadoop-common-3.3.6.jar:?]
	at org.apache.hadoop.ipc.Server$Handler.run(Server.java:3048) [hadoop-common-3.3.6.jar:?]
09:13:44.764 [IPC Server handler 16 on default port 15004] ERROR OMAudit - user=runner | ip=127.0.0.1 | op=GET_FILE_STATUS {volume=volume76194, bucket=bucket39639, key=testBatchDelete/parent/childFolder/child7, dataSize=0, replicationConfig=null} | ret=FAILURE
org.apache.hadoop.ozone.om.exceptions.OMException: Unable to get file status: volume: volume76194 bucket: bucket39639 key: testBatchDelete/parent/childFolder/child7
	at org.apache.hadoop.ozone.om.KeyManagerImpl.getOzoneFileStatusFSO(KeyManagerImpl.java:1330) ~[ozone-manager-1.4.0-SNAPSHOT.jar:?]
	at org.apache.hadoop.ozone.om.KeyManagerImpl.getFileStatus(KeyManagerImpl.java:1114) ~[ozone-manager-1.4.0-SNAPSHOT.jar:?]
	at org.apache.hadoop.ozone.om.OmMetadataReader.getFileStatus(OmMetadataReader.java:266) ~[ozone-manager-1.4.0-SNAPSHOT.jar:?]
	at org.apache.hadoop.ozone.om.OzoneManager.getFileStatus(OzoneManager.java:3552) ~[ozone-manager-1.4.0-SNAPSHOT.jar:?]
	at org.apache.hadoop.ozone.protocolPB.OzoneManagerRequestHandler.getOzoneFileStatus(OzoneManagerRequestHandler.java:998) ~[ozone-manager-1.4.0-SNAPSHOT.jar:?]
	at org.apache.hadoop.ozone.protocolPB.OzoneManagerRequestHandler.handleReadRequest(OzoneManagerRequestHandler.java:259) ~[ozone-manager-1.4.0-SNAPSHOT.jar:?]
	at org.apache.hadoop.ozone.protocolPB.OzoneManagerProtocolServerSideTranslatorPB.submitReadRequestToOM(OzoneManagerProtocolServerSideTranslatorPB.java:225) ~[ozone-manager-1.4.0-SNAPSHOT.jar:?]
	at org.apache.hadoop.ozone.protocolPB.OzoneManagerProtocolServerSideTranslatorPB.processRequest(OzoneManagerProtocolServerSideTranslatorPB.java:179) ~[ozone-manager-1.4.0-SNAPSHOT.jar:?]
	at org.apache.hadoop.hdds.server.OzoneProtocolMessageDispatcher.processRequest(OzoneProtocolMessageDispatcher.java:87) [hdds-server-framework-1.4.0-SNAPSHOT.jar:?]
	at org.apache.hadoop.ozone.protocolPB.OzoneManagerProtocolServerSideTranslatorPB.submitRequest(OzoneManagerProtocolServerSideTranslatorPB.java:148) [ozone-manager-1.4.0-SNAPSHOT.jar:?]
	at org.apache.hadoop.ozone.protocol.proto.OzoneManagerProtocolProtos$OzoneManagerService$2.callBlockingMethod(OzoneManagerProtocolProtos.java) [ozone-interface-client-1.4.0-SNAPSHOT.jar:?]
	at org.apache.hadoop.ipc.ProtobufRpcEngine$Server.processCall(ProtobufRpcEngine.java:484) [hadoop-common-3.3.6.jar:?]
	at org.apache.hadoop.ipc.ProtobufRpcEngine2$Server$ProtoBufRpcInvoker.call(ProtobufRpcEngine2.java:595) [hadoop-common-3.3.6.jar:?]
	at org.apache.hadoop.ipc.ProtobufRpcEngine2$Server$ProtoBufRpcInvoker.call(ProtobufRpcEngine2.java:573) [hadoop-common-3.3.6.jar:?]
	at org.apache.hadoop.ipc.RPC$Server.call(RPC.java:1227) [hadoop-common-3.3.6.jar:?]
	at org.apache.hadoop.ipc.Server$RpcCall.run(Server.java:1094) [hadoop-common-3.3.6.jar:?]
	at org.apache.hadoop.ipc.Server$RpcCall.run(Server.java:1017) [hadoop-common-3.3.6.jar:?]
	at java.security.AccessController.doPrivileged(Native Method) ~[?:1.8.0_382]
	at javax.security.auth.Subject.doAs(Subject.java:422) [?:1.8.0_382]
	at org.apache.hadoop.security.UserGroupInformation.doAs(UserGroupInformation.java:1899) [hadoop-common-3.3.6.jar:?]
	at org.apache.hadoop.ipc.Server$Handler.run(Server.java:3048) [hadoop-common-3.3.6.jar:?]
09:13:44.767 [IPC Server handler 3 on default port 15004] ERROR OMAudit - user=runner | ip=127.0.0.1 | op=GET_FILE_STATUS {volume=volume76194, bucket=bucket39639, key=testBatchDelete/parent, dataSize=0, replicationConfig=null} | ret=FAILURE
org.apache.hadoop.ozone.om.exceptions.OMException: Unable to get file status: volume: volume76194 bucket: bucket39639 key: testBatchDelete/parent
	at org.apache.hadoop.ozone.om.KeyManagerImpl.getOzoneFileStatusFSO(KeyManagerImpl.java:1330) ~[ozone-manager-1.4.0-SNAPSHOT.jar:?]
	at org.apache.hadoop.ozone.om.KeyManagerImpl.getFileStatus(KeyManagerImpl.java:1114) ~[ozone-manager-1.4.0-SNAPSHOT.jar:?]
	at org.apache.hadoop.ozone.om.OmMetadataReader.getFileStatus(OmMetadataReader.java:266) ~[ozone-manager-1.4.0-SNAPSHOT.jar:?]
	at org.apache.hadoop.ozone.om.OzoneManager.getFileStatus(OzoneManager.java:3552) ~[ozone-manager-1.4.0-SNAPSHOT.jar:?]
	at org.apache.hadoop.ozone.protocolPB.OzoneManagerRequestHandler.getOzoneFileStatus(OzoneManagerRequestHandler.java:998) ~[ozone-manager-1.4.0-SNAPSHOT.jar:?]
	at org.apache.hadoop.ozone.protocolPB.OzoneManagerRequestHandler.handleReadRequest(OzoneManagerRequestHandler.java:259) ~[ozone-manager-1.4.0-SNAPSHOT.jar:?]
	at org.apache.hadoop.ozone.protocolPB.OzoneManagerProtocolServerSideTranslatorPB.submitReadRequestToOM(OzoneManagerProtocolServerSideTranslatorPB.java:225) ~[ozone-manager-1.4.0-SNAPSHOT.jar:?]
	at org.apache.hadoop.ozone.protocolPB.OzoneManagerProtocolServerSideTranslatorPB.processRequest(OzoneManagerProtocolServerSideTranslatorPB.java:179) ~[ozone-manager-1.4.0-SNAPSHOT.jar:?]
	at org.apache.hadoop.hdds.server.OzoneProtocolMessageDispatcher.processRequest(OzoneProtocolMessageDispatcher.java:87) [hdds-server-framework-1.4.0-SNAPSHOT.jar:?]
	at org.apache.hadoop.ozone.protocolPB.OzoneManagerProtocolServerSideTranslatorPB.submitRequest(OzoneManagerProtocolServerSideTranslatorPB.java:148) [ozone-manager-1.4.0-SNAPSHOT.jar:?]
	at org.apache.hadoop.ozone.protocol.proto.OzoneManagerProtocolProtos$OzoneManagerService$2.callBlockingMethod(OzoneManagerProtocolProtos.java) [ozone-interface-client-1.4.0-SNAPSHOT.jar:?]
	at org.apache.hadoop.ipc.ProtobufRpcEngine$Server.processCall(ProtobufRpcEngine.java:484) [hadoop-common-3.3.6.jar:?]
	at org.apache.hadoop.ipc.ProtobufRpcEngine2$Server$ProtoBufRpcInvoker.call(ProtobufRpcEngine2.java:595) [hadoop-common-3.3.6.jar:?]
	at org.apache.hadoop.ipc.ProtobufRpcEngine2$Server$ProtoBufRpcInvoker.call(ProtobufRpcEngine2.java:573) [hadoop-common-3.3.6.jar:?]
	at org.apache.hadoop.ipc.RPC$Server.call(RPC.java:1227) [hadoop-common-3.3.6.jar:?]
	at org.apache.hadoop.ipc.Server$RpcCall.run(Server.java:1094) [hadoop-common-3.3.6.jar:?]
	at org.apache.hadoop.ipc.Server$RpcCall.run(Server.java:1017) [hadoop-common-3.3.6.jar:?]
	at java.security.AccessController.doPrivileged(Native Method) ~[?:1.8.0_382]
	at javax.security.auth.Subject.doAs(Subject.java:422) [?:1.8.0_382]
	at org.apache.hadoop.security.UserGroupInformation.doAs(UserGroupInformation.java:1899) [hadoop-common-3.3.6.jar:?]
	at org.apache.hadoop.ipc.Server$Handler.run(Server.java:3048) [hadoop-common-3.3.6.jar:?]
2023-09-29 09:13:44,767 [Time-limited test] WARN  ozone.BasicRootedOzoneFileSystem (BasicRootedOzoneFileSystem.java:delete(704)) - delete: Path does not exist: /volume76194/bucket39639/testBatchDelete/parent
]]></system-out>
  </testcase>
  <testcase name="testFileDelete" classname="TestRootedOzoneFileSystemWithFSO" time="0.143">
    <system-out><![CDATA[2023-09-29 09:15:29,423 [Time-limited test] INFO  rpc.RpcClient (RpcClient.java:createVolume(462)) - Creating Volume: volume84992, with user19532 as owner and space quota set to -1 bytes, counts quota set to -1
2023-09-29 09:15:29,424 [IPC Server handler 19 on default port 15057] INFO  volume.OMVolumeCreateRequest (OMVolumeCreateRequest.java:validateAndUpdateCache(196)) - created volume:volume84992 for user:user19532
2023-09-29 09:15:29,425 [Time-limited test] INFO  rpc.RpcClient (RpcClient.java:createBucket(689)) - Creating Bucket: volume84992/bucket73567, with bucket layout FILE_SYSTEM_OPTIMIZED, runner as owner, Versioning false, Storage Type set to DISK and Encryption set to false, Replication Type set to server-side default replication type, Namespace Quota set to -1, Space Quota set to -1 
2023-09-29 09:15:29,426 [IPC Server handler 4 on default port 15057] INFO  bucket.OMBucketCreateRequest (OMBucketCreateRequest.java:validateAndUpdateCache(270)) - created bucket: bucket73567 of layout FILE_SYSTEM_OPTIMIZED in volume: volume84992
09:15:29.518 [IPC Server handler 0 on default port 15057] ERROR OMAudit - user=runner | ip=127.0.0.1 | op=GET_FILE_STATUS {volume=volume84992, bucket=bucket73567, key=testBatchDelete, dataSize=0, replicationConfig=null} | ret=FAILURE
org.apache.hadoop.ozone.om.exceptions.OMException: Unable to get file status: volume: volume84992 bucket: bucket73567 key: testBatchDelete
	at org.apache.hadoop.ozone.om.KeyManagerImpl.getOzoneFileStatusFSO(KeyManagerImpl.java:1330) ~[ozone-manager-1.4.0-SNAPSHOT.jar:?]
	at org.apache.hadoop.ozone.om.KeyManagerImpl.getFileStatus(KeyManagerImpl.java:1114) ~[ozone-manager-1.4.0-SNAPSHOT.jar:?]
	at org.apache.hadoop.ozone.om.OmMetadataReader.getFileStatus(OmMetadataReader.java:266) ~[ozone-manager-1.4.0-SNAPSHOT.jar:?]
	at org.apache.hadoop.ozone.om.OzoneManager.getFileStatus(OzoneManager.java:3552) ~[ozone-manager-1.4.0-SNAPSHOT.jar:?]
	at org.apache.hadoop.ozone.protocolPB.OzoneManagerRequestHandler.getOzoneFileStatus(OzoneManagerRequestHandler.java:998) ~[ozone-manager-1.4.0-SNAPSHOT.jar:?]
	at org.apache.hadoop.ozone.protocolPB.OzoneManagerRequestHandler.handleReadRequest(OzoneManagerRequestHandler.java:259) ~[ozone-manager-1.4.0-SNAPSHOT.jar:?]
	at org.apache.hadoop.ozone.protocolPB.OzoneManagerProtocolServerSideTranslatorPB.submitRequestDirectlyToOM(OzoneManagerProtocolServerSideTranslatorPB.java:274) ~[ozone-manager-1.4.0-SNAPSHOT.jar:?]
	at org.apache.hadoop.ozone.protocolPB.OzoneManagerProtocolServerSideTranslatorPB.processRequest(OzoneManagerProtocolServerSideTranslatorPB.java:175) ~[ozone-manager-1.4.0-SNAPSHOT.jar:?]
	at org.apache.hadoop.hdds.server.OzoneProtocolMessageDispatcher.processRequest(OzoneProtocolMessageDispatcher.java:87) [hdds-server-framework-1.4.0-SNAPSHOT.jar:?]
	at org.apache.hadoop.ozone.protocolPB.OzoneManagerProtocolServerSideTranslatorPB.submitRequest(OzoneManagerProtocolServerSideTranslatorPB.java:148) [ozone-manager-1.4.0-SNAPSHOT.jar:?]
	at org.apache.hadoop.ozone.protocol.proto.OzoneManagerProtocolProtos$OzoneManagerService$2.callBlockingMethod(OzoneManagerProtocolProtos.java) [ozone-interface-client-1.4.0-SNAPSHOT.jar:?]
	at org.apache.hadoop.ipc.ProtobufRpcEngine$Server.processCall(ProtobufRpcEngine.java:484) [hadoop-common-3.3.6.jar:?]
	at org.apache.hadoop.ipc.ProtobufRpcEngine2$Server$ProtoBufRpcInvoker.call(ProtobufRpcEngine2.java:595) [hadoop-common-3.3.6.jar:?]
	at org.apache.hadoop.ipc.ProtobufRpcEngine2$Server$ProtoBufRpcInvoker.call(ProtobufRpcEngine2.java:573) [hadoop-common-3.3.6.jar:?]
	at org.apache.hadoop.ipc.RPC$Server.call(RPC.java:1227) [hadoop-common-3.3.6.jar:?]
	at org.apache.hadoop.ipc.Server$RpcCall.run(Server.java:1094) [hadoop-common-3.3.6.jar:?]
	at org.apache.hadoop.ipc.Server$RpcCall.run(Server.java:1017) [hadoop-common-3.3.6.jar:?]
	at java.security.AccessController.doPrivileged(Native Method) ~[?:1.8.0_382]
	at javax.security.auth.Subject.doAs(Subject.java:422) [?:1.8.0_382]
	at org.apache.hadoop.security.UserGroupInformation.doAs(UserGroupInformation.java:1899) [hadoop-common-3.3.6.jar:?]
	at org.apache.hadoop.ipc.Server$Handler.run(Server.java:3048) [hadoop-common-3.3.6.jar:?]
09:15:29.519 [IPC Server handler 6 on default port 15057] ERROR OMAudit - user=runner | ip=127.0.0.1 | op=GET_FILE_STATUS {volume=volume84992, bucket=bucket73567, key=testBatchDelete/parent/child0, dataSize=0, replicationConfig=null} | ret=FAILURE
org.apache.hadoop.ozone.om.exceptions.OMException: Unable to get file status: volume: volume84992 bucket: bucket73567 key: testBatchDelete/parent/child0
	at org.apache.hadoop.ozone.om.KeyManagerImpl.getOzoneFileStatusFSO(KeyManagerImpl.java:1330) ~[ozone-manager-1.4.0-SNAPSHOT.jar:?]
	at org.apache.hadoop.ozone.om.KeyManagerImpl.getFileStatus(KeyManagerImpl.java:1114) ~[ozone-manager-1.4.0-SNAPSHOT.jar:?]
	at org.apache.hadoop.ozone.om.OmMetadataReader.getFileStatus(OmMetadataReader.java:266) ~[ozone-manager-1.4.0-SNAPSHOT.jar:?]
	at org.apache.hadoop.ozone.om.OzoneManager.getFileStatus(OzoneManager.java:3552) ~[ozone-manager-1.4.0-SNAPSHOT.jar:?]
	at org.apache.hadoop.ozone.protocolPB.OzoneManagerRequestHandler.getOzoneFileStatus(OzoneManagerRequestHandler.java:998) ~[ozone-manager-1.4.0-SNAPSHOT.jar:?]
	at org.apache.hadoop.ozone.protocolPB.OzoneManagerRequestHandler.handleReadRequest(OzoneManagerRequestHandler.java:259) ~[ozone-manager-1.4.0-SNAPSHOT.jar:?]
	at org.apache.hadoop.ozone.protocolPB.OzoneManagerProtocolServerSideTranslatorPB.submitRequestDirectlyToOM(OzoneManagerProtocolServerSideTranslatorPB.java:274) ~[ozone-manager-1.4.0-SNAPSHOT.jar:?]
	at org.apache.hadoop.ozone.protocolPB.OzoneManagerProtocolServerSideTranslatorPB.processRequest(OzoneManagerProtocolServerSideTranslatorPB.java:175) ~[ozone-manager-1.4.0-SNAPSHOT.jar:?]
	at org.apache.hadoop.hdds.server.OzoneProtocolMessageDispatcher.processRequest(OzoneProtocolMessageDispatcher.java:87) [hdds-server-framework-1.4.0-SNAPSHOT.jar:?]
	at org.apache.hadoop.ozone.protocolPB.OzoneManagerProtocolServerSideTranslatorPB.submitRequest(OzoneManagerProtocolServerSideTranslatorPB.java:148) [ozone-manager-1.4.0-SNAPSHOT.jar:?]
	at org.apache.hadoop.ozone.protocol.proto.OzoneManagerProtocolProtos$OzoneManagerService$2.callBlockingMethod(OzoneManagerProtocolProtos.java) [ozone-interface-client-1.4.0-SNAPSHOT.jar:?]
	at org.apache.hadoop.ipc.ProtobufRpcEngine$Server.processCall(ProtobufRpcEngine.java:484) [hadoop-common-3.3.6.jar:?]
	at org.apache.hadoop.ipc.ProtobufRpcEngine2$Server$ProtoBufRpcInvoker.call(ProtobufRpcEngine2.java:595) [hadoop-common-3.3.6.jar:?]
	at org.apache.hadoop.ipc.ProtobufRpcEngine2$Server$ProtoBufRpcInvoker.call(ProtobufRpcEngine2.java:573) [hadoop-common-3.3.6.jar:?]
	at org.apache.hadoop.ipc.RPC$Server.call(RPC.java:1227) [hadoop-common-3.3.6.jar:?]
	at org.apache.hadoop.ipc.Server$RpcCall.run(Server.java:1094) [hadoop-common-3.3.6.jar:?]
	at org.apache.hadoop.ipc.Server$RpcCall.run(Server.java:1017) [hadoop-common-3.3.6.jar:?]
	at java.security.AccessController.doPrivileged(Native Method) ~[?:1.8.0_382]
	at javax.security.auth.Subject.doAs(Subject.java:422) [?:1.8.0_382]
	at org.apache.hadoop.security.UserGroupInformation.doAs(UserGroupInformation.java:1899) [hadoop-common-3.3.6.jar:?]
	at org.apache.hadoop.ipc.Server$Handler.run(Server.java:3048) [hadoop-common-3.3.6.jar:?]
09:15:29.521 [IPC Server handler 9 on default port 15057] ERROR OMAudit - user=runner | ip=127.0.0.1 | op=GET_FILE_STATUS {volume=volume84992, bucket=bucket73567, key=testBatchDelete/parent/childFolder/child0, dataSize=0, replicationConfig=null} | ret=FAILURE
org.apache.hadoop.ozone.om.exceptions.OMException: Unable to get file status: volume: volume84992 bucket: bucket73567 key: testBatchDelete/parent/childFolder/child0
	at org.apache.hadoop.ozone.om.KeyManagerImpl.getOzoneFileStatusFSO(KeyManagerImpl.java:1330) ~[ozone-manager-1.4.0-SNAPSHOT.jar:?]
	at org.apache.hadoop.ozone.om.KeyManagerImpl.getFileStatus(KeyManagerImpl.java:1114) ~[ozone-manager-1.4.0-SNAPSHOT.jar:?]
	at org.apache.hadoop.ozone.om.OmMetadataReader.getFileStatus(OmMetadataReader.java:266) ~[ozone-manager-1.4.0-SNAPSHOT.jar:?]
	at org.apache.hadoop.ozone.om.OzoneManager.getFileStatus(OzoneManager.java:3552) ~[ozone-manager-1.4.0-SNAPSHOT.jar:?]
	at org.apache.hadoop.ozone.protocolPB.OzoneManagerRequestHandler.getOzoneFileStatus(OzoneManagerRequestHandler.java:998) ~[ozone-manager-1.4.0-SNAPSHOT.jar:?]
	at org.apache.hadoop.ozone.protocolPB.OzoneManagerRequestHandler.handleReadRequest(OzoneManagerRequestHandler.java:259) ~[ozone-manager-1.4.0-SNAPSHOT.jar:?]
	at org.apache.hadoop.ozone.protocolPB.OzoneManagerProtocolServerSideTranslatorPB.submitRequestDirectlyToOM(OzoneManagerProtocolServerSideTranslatorPB.java:274) ~[ozone-manager-1.4.0-SNAPSHOT.jar:?]
	at org.apache.hadoop.ozone.protocolPB.OzoneManagerProtocolServerSideTranslatorPB.processRequest(OzoneManagerProtocolServerSideTranslatorPB.java:175) ~[ozone-manager-1.4.0-SNAPSHOT.jar:?]
	at org.apache.hadoop.hdds.server.OzoneProtocolMessageDispatcher.processRequest(OzoneProtocolMessageDispatcher.java:87) [hdds-server-framework-1.4.0-SNAPSHOT.jar:?]
	at org.apache.hadoop.ozone.protocolPB.OzoneManagerProtocolServerSideTranslatorPB.submitRequest(OzoneManagerProtocolServerSideTranslatorPB.java:148) [ozone-manager-1.4.0-SNAPSHOT.jar:?]
	at org.apache.hadoop.ozone.protocol.proto.OzoneManagerProtocolProtos$OzoneManagerService$2.callBlockingMethod(OzoneManagerProtocolProtos.java) [ozone-interface-client-1.4.0-SNAPSHOT.jar:?]
	at org.apache.hadoop.ipc.ProtobufRpcEngine$Server.processCall(ProtobufRpcEngine.java:484) [hadoop-common-3.3.6.jar:?]
	at org.apache.hadoop.ipc.ProtobufRpcEngine2$Server$ProtoBufRpcInvoker.call(ProtobufRpcEngine2.java:595) [hadoop-common-3.3.6.jar:?]
	at org.apache.hadoop.ipc.ProtobufRpcEngine2$Server$ProtoBufRpcInvoker.call(ProtobufRpcEngine2.java:573) [hadoop-common-3.3.6.jar:?]
	at org.apache.hadoop.ipc.RPC$Server.call(RPC.java:1227) [hadoop-common-3.3.6.jar:?]
	at org.apache.hadoop.ipc.Server$RpcCall.run(Server.java:1094) [hadoop-common-3.3.6.jar:?]
	at org.apache.hadoop.ipc.Server$RpcCall.run(Server.java:1017) [hadoop-common-3.3.6.jar:?]
	at java.security.AccessController.doPrivileged(Native Method) ~[?:1.8.0_382]
	at javax.security.auth.Subject.doAs(Subject.java:422) [?:1.8.0_382]
	at org.apache.hadoop.security.UserGroupInformation.doAs(UserGroupInformation.java:1899) [hadoop-common-3.3.6.jar:?]
	at org.apache.hadoop.ipc.Server$Handler.run(Server.java:3048) [hadoop-common-3.3.6.jar:?]
09:15:29.522 [IPC Server handler 8 on default port 15057] ERROR OMAudit - user=runner | ip=127.0.0.1 | op=GET_FILE_STATUS {volume=volume84992, bucket=bucket73567, key=testBatchDelete/parent/child1, dataSize=0, replicationConfig=null} | ret=FAILURE
org.apache.hadoop.ozone.om.exceptions.OMException: Unable to get file status: volume: volume84992 bucket: bucket73567 key: testBatchDelete/parent/child1
	at org.apache.hadoop.ozone.om.KeyManagerImpl.getOzoneFileStatusFSO(KeyManagerImpl.java:1330) ~[ozone-manager-1.4.0-SNAPSHOT.jar:?]
	at org.apache.hadoop.ozone.om.KeyManagerImpl.getFileStatus(KeyManagerImpl.java:1114) ~[ozone-manager-1.4.0-SNAPSHOT.jar:?]
	at org.apache.hadoop.ozone.om.OmMetadataReader.getFileStatus(OmMetadataReader.java:266) ~[ozone-manager-1.4.0-SNAPSHOT.jar:?]
	at org.apache.hadoop.ozone.om.OzoneManager.getFileStatus(OzoneManager.java:3552) ~[ozone-manager-1.4.0-SNAPSHOT.jar:?]
	at org.apache.hadoop.ozone.protocolPB.OzoneManagerRequestHandler.getOzoneFileStatus(OzoneManagerRequestHandler.java:998) ~[ozone-manager-1.4.0-SNAPSHOT.jar:?]
	at org.apache.hadoop.ozone.protocolPB.OzoneManagerRequestHandler.handleReadRequest(OzoneManagerRequestHandler.java:259) ~[ozone-manager-1.4.0-SNAPSHOT.jar:?]
	at org.apache.hadoop.ozone.protocolPB.OzoneManagerProtocolServerSideTranslatorPB.submitRequestDirectlyToOM(OzoneManagerProtocolServerSideTranslatorPB.java:274) ~[ozone-manager-1.4.0-SNAPSHOT.jar:?]
	at org.apache.hadoop.ozone.protocolPB.OzoneManagerProtocolServerSideTranslatorPB.processRequest(OzoneManagerProtocolServerSideTranslatorPB.java:175) ~[ozone-manager-1.4.0-SNAPSHOT.jar:?]
	at org.apache.hadoop.hdds.server.OzoneProtocolMessageDispatcher.processRequest(OzoneProtocolMessageDispatcher.java:87) [hdds-server-framework-1.4.0-SNAPSHOT.jar:?]
	at org.apache.hadoop.ozone.protocolPB.OzoneManagerProtocolServerSideTranslatorPB.submitRequest(OzoneManagerProtocolServerSideTranslatorPB.java:148) [ozone-manager-1.4.0-SNAPSHOT.jar:?]
	at org.apache.hadoop.ozone.protocol.proto.OzoneManagerProtocolProtos$OzoneManagerService$2.callBlockingMethod(OzoneManagerProtocolProtos.java) [ozone-interface-client-1.4.0-SNAPSHOT.jar:?]
	at org.apache.hadoop.ipc.ProtobufRpcEngine$Server.processCall(ProtobufRpcEngine.java:484) [hadoop-common-3.3.6.jar:?]
	at org.apache.hadoop.ipc.ProtobufRpcEngine2$Server$ProtoBufRpcInvoker.call(ProtobufRpcEngine2.java:595) [hadoop-common-3.3.6.jar:?]
	at org.apache.hadoop.ipc.ProtobufRpcEngine2$Server$ProtoBufRpcInvoker.call(ProtobufRpcEngine2.java:573) [hadoop-common-3.3.6.jar:?]
	at org.apache.hadoop.ipc.RPC$Server.call(RPC.java:1227) [hadoop-common-3.3.6.jar:?]
	at org.apache.hadoop.ipc.Server$RpcCall.run(Server.java:1094) [hadoop-common-3.3.6.jar:?]
	at org.apache.hadoop.ipc.Server$RpcCall.run(Server.java:1017) [hadoop-common-3.3.6.jar:?]
	at java.security.AccessController.doPrivileged(Native Method) ~[?:1.8.0_382]
	at javax.security.auth.Subject.doAs(Subject.java:422) [?:1.8.0_382]
	at org.apache.hadoop.security.UserGroupInformation.doAs(UserGroupInformation.java:1899) [hadoop-common-3.3.6.jar:?]
	at org.apache.hadoop.ipc.Server$Handler.run(Server.java:3048) [hadoop-common-3.3.6.jar:?]
09:15:29.524 [IPC Server handler 12 on default port 15057] ERROR OMAudit - user=runner | ip=127.0.0.1 | op=GET_FILE_STATUS {volume=volume84992, bucket=bucket73567, key=testBatchDelete/parent/childFolder/child1, dataSize=0, replicationConfig=null} | ret=FAILURE
org.apache.hadoop.ozone.om.exceptions.OMException: Unable to get file status: volume: volume84992 bucket: bucket73567 key: testBatchDelete/parent/childFolder/child1
	at org.apache.hadoop.ozone.om.KeyManagerImpl.getOzoneFileStatusFSO(KeyManagerImpl.java:1330) ~[ozone-manager-1.4.0-SNAPSHOT.jar:?]
	at org.apache.hadoop.ozone.om.KeyManagerImpl.getFileStatus(KeyManagerImpl.java:1114) ~[ozone-manager-1.4.0-SNAPSHOT.jar:?]
	at org.apache.hadoop.ozone.om.OmMetadataReader.getFileStatus(OmMetadataReader.java:266) ~[ozone-manager-1.4.0-SNAPSHOT.jar:?]
	at org.apache.hadoop.ozone.om.OzoneManager.getFileStatus(OzoneManager.java:3552) ~[ozone-manager-1.4.0-SNAPSHOT.jar:?]
	at org.apache.hadoop.ozone.protocolPB.OzoneManagerRequestHandler.getOzoneFileStatus(OzoneManagerRequestHandler.java:998) ~[ozone-manager-1.4.0-SNAPSHOT.jar:?]
	at org.apache.hadoop.ozone.protocolPB.OzoneManagerRequestHandler.handleReadRequest(OzoneManagerRequestHandler.java:259) ~[ozone-manager-1.4.0-SNAPSHOT.jar:?]
	at org.apache.hadoop.ozone.protocolPB.OzoneManagerProtocolServerSideTranslatorPB.submitRequestDirectlyToOM(OzoneManagerProtocolServerSideTranslatorPB.java:274) ~[ozone-manager-1.4.0-SNAPSHOT.jar:?]
	at org.apache.hadoop.ozone.protocolPB.OzoneManagerProtocolServerSideTranslatorPB.processRequest(OzoneManagerProtocolServerSideTranslatorPB.java:175) ~[ozone-manager-1.4.0-SNAPSHOT.jar:?]
	at org.apache.hadoop.hdds.server.OzoneProtocolMessageDispatcher.processRequest(OzoneProtocolMessageDispatcher.java:87) [hdds-server-framework-1.4.0-SNAPSHOT.jar:?]
	at org.apache.hadoop.ozone.protocolPB.OzoneManagerProtocolServerSideTranslatorPB.submitRequest(OzoneManagerProtocolServerSideTranslatorPB.java:148) [ozone-manager-1.4.0-SNAPSHOT.jar:?]
	at org.apache.hadoop.ozone.protocol.proto.OzoneManagerProtocolProtos$OzoneManagerService$2.callBlockingMethod(OzoneManagerProtocolProtos.java) [ozone-interface-client-1.4.0-SNAPSHOT.jar:?]
	at org.apache.hadoop.ipc.ProtobufRpcEngine$Server.processCall(ProtobufRpcEngine.java:484) [hadoop-common-3.3.6.jar:?]
	at org.apache.hadoop.ipc.ProtobufRpcEngine2$Server$ProtoBufRpcInvoker.call(ProtobufRpcEngine2.java:595) [hadoop-common-3.3.6.jar:?]
	at org.apache.hadoop.ipc.ProtobufRpcEngine2$Server$ProtoBufRpcInvoker.call(ProtobufRpcEngine2.java:573) [hadoop-common-3.3.6.jar:?]
	at org.apache.hadoop.ipc.RPC$Server.call(RPC.java:1227) [hadoop-common-3.3.6.jar:?]
	at org.apache.hadoop.ipc.Server$RpcCall.run(Server.java:1094) [hadoop-common-3.3.6.jar:?]
	at org.apache.hadoop.ipc.Server$RpcCall.run(Server.java:1017) [hadoop-common-3.3.6.jar:?]
	at java.security.AccessController.doPrivileged(Native Method) ~[?:1.8.0_382]
	at javax.security.auth.Subject.doAs(Subject.java:422) [?:1.8.0_382]
	at org.apache.hadoop.security.UserGroupInformation.doAs(UserGroupInformation.java:1899) [hadoop-common-3.3.6.jar:?]
	at org.apache.hadoop.ipc.Server$Handler.run(Server.java:3048) [hadoop-common-3.3.6.jar:?]
09:15:29.525 [IPC Server handler 10 on default port 15057] ERROR OMAudit - user=runner | ip=127.0.0.1 | op=GET_FILE_STATUS {volume=volume84992, bucket=bucket73567, key=testBatchDelete/parent/child2, dataSize=0, replicationConfig=null} | ret=FAILURE
org.apache.hadoop.ozone.om.exceptions.OMException: Unable to get file status: volume: volume84992 bucket: bucket73567 key: testBatchDelete/parent/child2
	at org.apache.hadoop.ozone.om.KeyManagerImpl.getOzoneFileStatusFSO(KeyManagerImpl.java:1330) ~[ozone-manager-1.4.0-SNAPSHOT.jar:?]
	at org.apache.hadoop.ozone.om.KeyManagerImpl.getFileStatus(KeyManagerImpl.java:1114) ~[ozone-manager-1.4.0-SNAPSHOT.jar:?]
	at org.apache.hadoop.ozone.om.OmMetadataReader.getFileStatus(OmMetadataReader.java:266) ~[ozone-manager-1.4.0-SNAPSHOT.jar:?]
	at org.apache.hadoop.ozone.om.OzoneManager.getFileStatus(OzoneManager.java:3552) ~[ozone-manager-1.4.0-SNAPSHOT.jar:?]
	at org.apache.hadoop.ozone.protocolPB.OzoneManagerRequestHandler.getOzoneFileStatus(OzoneManagerRequestHandler.java:998) ~[ozone-manager-1.4.0-SNAPSHOT.jar:?]
	at org.apache.hadoop.ozone.protocolPB.OzoneManagerRequestHandler.handleReadRequest(OzoneManagerRequestHandler.java:259) ~[ozone-manager-1.4.0-SNAPSHOT.jar:?]
	at org.apache.hadoop.ozone.protocolPB.OzoneManagerProtocolServerSideTranslatorPB.submitRequestDirectlyToOM(OzoneManagerProtocolServerSideTranslatorPB.java:274) ~[ozone-manager-1.4.0-SNAPSHOT.jar:?]
	at org.apache.hadoop.ozone.protocolPB.OzoneManagerProtocolServerSideTranslatorPB.processRequest(OzoneManagerProtocolServerSideTranslatorPB.java:175) ~[ozone-manager-1.4.0-SNAPSHOT.jar:?]
	at org.apache.hadoop.hdds.server.OzoneProtocolMessageDispatcher.processRequest(OzoneProtocolMessageDispatcher.java:87) [hdds-server-framework-1.4.0-SNAPSHOT.jar:?]
	at org.apache.hadoop.ozone.protocolPB.OzoneManagerProtocolServerSideTranslatorPB.submitRequest(OzoneManagerProtocolServerSideTranslatorPB.java:148) [ozone-manager-1.4.0-SNAPSHOT.jar:?]
	at org.apache.hadoop.ozone.protocol.proto.OzoneManagerProtocolProtos$OzoneManagerService$2.callBlockingMethod(OzoneManagerProtocolProtos.java) [ozone-interface-client-1.4.0-SNAPSHOT.jar:?]
	at org.apache.hadoop.ipc.ProtobufRpcEngine$Server.processCall(ProtobufRpcEngine.java:484) [hadoop-common-3.3.6.jar:?]
	at org.apache.hadoop.ipc.ProtobufRpcEngine2$Server$ProtoBufRpcInvoker.call(ProtobufRpcEngine2.java:595) [hadoop-common-3.3.6.jar:?]
	at org.apache.hadoop.ipc.ProtobufRpcEngine2$Server$ProtoBufRpcInvoker.call(ProtobufRpcEngine2.java:573) [hadoop-common-3.3.6.jar:?]
	at org.apache.hadoop.ipc.RPC$Server.call(RPC.java:1227) [hadoop-common-3.3.6.jar:?]
	at org.apache.hadoop.ipc.Server$RpcCall.run(Server.java:1094) [hadoop-common-3.3.6.jar:?]
	at org.apache.hadoop.ipc.Server$RpcCall.run(Server.java:1017) [hadoop-common-3.3.6.jar:?]
	at java.security.AccessController.doPrivileged(Native Method) ~[?:1.8.0_382]
	at javax.security.auth.Subject.doAs(Subject.java:422) [?:1.8.0_382]
	at org.apache.hadoop.security.UserGroupInformation.doAs(UserGroupInformation.java:1899) [hadoop-common-3.3.6.jar:?]
	at org.apache.hadoop.ipc.Server$Handler.run(Server.java:3048) [hadoop-common-3.3.6.jar:?]
09:15:29.527 [IPC Server handler 17 on default port 15057] ERROR OMAudit - user=runner | ip=127.0.0.1 | op=GET_FILE_STATUS {volume=volume84992, bucket=bucket73567, key=testBatchDelete/parent/childFolder/child2, dataSize=0, replicationConfig=null} | ret=FAILURE
org.apache.hadoop.ozone.om.exceptions.OMException: Unable to get file status: volume: volume84992 bucket: bucket73567 key: testBatchDelete/parent/childFolder/child2
	at org.apache.hadoop.ozone.om.KeyManagerImpl.getOzoneFileStatusFSO(KeyManagerImpl.java:1330) ~[ozone-manager-1.4.0-SNAPSHOT.jar:?]
	at org.apache.hadoop.ozone.om.KeyManagerImpl.getFileStatus(KeyManagerImpl.java:1114) ~[ozone-manager-1.4.0-SNAPSHOT.jar:?]
	at org.apache.hadoop.ozone.om.OmMetadataReader.getFileStatus(OmMetadataReader.java:266) ~[ozone-manager-1.4.0-SNAPSHOT.jar:?]
	at org.apache.hadoop.ozone.om.OzoneManager.getFileStatus(OzoneManager.java:3552) ~[ozone-manager-1.4.0-SNAPSHOT.jar:?]
	at org.apache.hadoop.ozone.protocolPB.OzoneManagerRequestHandler.getOzoneFileStatus(OzoneManagerRequestHandler.java:998) ~[ozone-manager-1.4.0-SNAPSHOT.jar:?]
	at org.apache.hadoop.ozone.protocolPB.OzoneManagerRequestHandler.handleReadRequest(OzoneManagerRequestHandler.java:259) ~[ozone-manager-1.4.0-SNAPSHOT.jar:?]
	at org.apache.hadoop.ozone.protocolPB.OzoneManagerProtocolServerSideTranslatorPB.submitRequestDirectlyToOM(OzoneManagerProtocolServerSideTranslatorPB.java:274) ~[ozone-manager-1.4.0-SNAPSHOT.jar:?]
	at org.apache.hadoop.ozone.protocolPB.OzoneManagerProtocolServerSideTranslatorPB.processRequest(OzoneManagerProtocolServerSideTranslatorPB.java:175) ~[ozone-manager-1.4.0-SNAPSHOT.jar:?]
	at org.apache.hadoop.hdds.server.OzoneProtocolMessageDispatcher.processRequest(OzoneProtocolMessageDispatcher.java:87) [hdds-server-framework-1.4.0-SNAPSHOT.jar:?]
	at org.apache.hadoop.ozone.protocolPB.OzoneManagerProtocolServerSideTranslatorPB.submitRequest(OzoneManagerProtocolServerSideTranslatorPB.java:148) [ozone-manager-1.4.0-SNAPSHOT.jar:?]
	at org.apache.hadoop.ozone.protocol.proto.OzoneManagerProtocolProtos$OzoneManagerService$2.callBlockingMethod(OzoneManagerProtocolProtos.java) [ozone-interface-client-1.4.0-SNAPSHOT.jar:?]
	at org.apache.hadoop.ipc.ProtobufRpcEngine$Server.processCall(ProtobufRpcEngine.java:484) [hadoop-common-3.3.6.jar:?]
	at org.apache.hadoop.ipc.ProtobufRpcEngine2$Server$ProtoBufRpcInvoker.call(ProtobufRpcEngine2.java:595) [hadoop-common-3.3.6.jar:?]
	at org.apache.hadoop.ipc.ProtobufRpcEngine2$Server$ProtoBufRpcInvoker.call(ProtobufRpcEngine2.java:573) [hadoop-common-3.3.6.jar:?]
	at org.apache.hadoop.ipc.RPC$Server.call(RPC.java:1227) [hadoop-common-3.3.6.jar:?]
	at org.apache.hadoop.ipc.Server$RpcCall.run(Server.java:1094) [hadoop-common-3.3.6.jar:?]
	at org.apache.hadoop.ipc.Server$RpcCall.run(Server.java:1017) [hadoop-common-3.3.6.jar:?]
	at java.security.AccessController.doPrivileged(Native Method) ~[?:1.8.0_382]
	at javax.security.auth.Subject.doAs(Subject.java:422) [?:1.8.0_382]
	at org.apache.hadoop.security.UserGroupInformation.doAs(UserGroupInformation.java:1899) [hadoop-common-3.3.6.jar:?]
	at org.apache.hadoop.ipc.Server$Handler.run(Server.java:3048) [hadoop-common-3.3.6.jar:?]
09:15:29.528 [IPC Server handler 16 on default port 15057] ERROR OMAudit - user=runner | ip=127.0.0.1 | op=GET_FILE_STATUS {volume=volume84992, bucket=bucket73567, key=testBatchDelete/parent/child3, dataSize=0, replicationConfig=null} | ret=FAILURE
org.apache.hadoop.ozone.om.exceptions.OMException: Unable to get file status: volume: volume84992 bucket: bucket73567 key: testBatchDelete/parent/child3
	at org.apache.hadoop.ozone.om.KeyManagerImpl.getOzoneFileStatusFSO(KeyManagerImpl.java:1330) ~[ozone-manager-1.4.0-SNAPSHOT.jar:?]
	at org.apache.hadoop.ozone.om.KeyManagerImpl.getFileStatus(KeyManagerImpl.java:1114) ~[ozone-manager-1.4.0-SNAPSHOT.jar:?]
	at org.apache.hadoop.ozone.om.OmMetadataReader.getFileStatus(OmMetadataReader.java:266) ~[ozone-manager-1.4.0-SNAPSHOT.jar:?]
	at org.apache.hadoop.ozone.om.OzoneManager.getFileStatus(OzoneManager.java:3552) ~[ozone-manager-1.4.0-SNAPSHOT.jar:?]
	at org.apache.hadoop.ozone.protocolPB.OzoneManagerRequestHandler.getOzoneFileStatus(OzoneManagerRequestHandler.java:998) ~[ozone-manager-1.4.0-SNAPSHOT.jar:?]
	at org.apache.hadoop.ozone.protocolPB.OzoneManagerRequestHandler.handleReadRequest(OzoneManagerRequestHandler.java:259) ~[ozone-manager-1.4.0-SNAPSHOT.jar:?]
	at org.apache.hadoop.ozone.protocolPB.OzoneManagerProtocolServerSideTranslatorPB.submitRequestDirectlyToOM(OzoneManagerProtocolServerSideTranslatorPB.java:274) ~[ozone-manager-1.4.0-SNAPSHOT.jar:?]
	at org.apache.hadoop.ozone.protocolPB.OzoneManagerProtocolServerSideTranslatorPB.processRequest(OzoneManagerProtocolServerSideTranslatorPB.java:175) ~[ozone-manager-1.4.0-SNAPSHOT.jar:?]
	at org.apache.hadoop.hdds.server.OzoneProtocolMessageDispatcher.processRequest(OzoneProtocolMessageDispatcher.java:87) [hdds-server-framework-1.4.0-SNAPSHOT.jar:?]
	at org.apache.hadoop.ozone.protocolPB.OzoneManagerProtocolServerSideTranslatorPB.submitRequest(OzoneManagerProtocolServerSideTranslatorPB.java:148) [ozone-manager-1.4.0-SNAPSHOT.jar:?]
	at org.apache.hadoop.ozone.protocol.proto.OzoneManagerProtocolProtos$OzoneManagerService$2.callBlockingMethod(OzoneManagerProtocolProtos.java) [ozone-interface-client-1.4.0-SNAPSHOT.jar:?]
	at org.apache.hadoop.ipc.ProtobufRpcEngine$Server.processCall(ProtobufRpcEngine.java:484) [hadoop-common-3.3.6.jar:?]
	at org.apache.hadoop.ipc.ProtobufRpcEngine2$Server$ProtoBufRpcInvoker.call(ProtobufRpcEngine2.java:595) [hadoop-common-3.3.6.jar:?]
	at org.apache.hadoop.ipc.ProtobufRpcEngine2$Server$ProtoBufRpcInvoker.call(ProtobufRpcEngine2.java:573) [hadoop-common-3.3.6.jar:?]
	at org.apache.hadoop.ipc.RPC$Server.call(RPC.java:1227) [hadoop-common-3.3.6.jar:?]
	at org.apache.hadoop.ipc.Server$RpcCall.run(Server.java:1094) [hadoop-common-3.3.6.jar:?]
	at org.apache.hadoop.ipc.Server$RpcCall.run(Server.java:1017) [hadoop-common-3.3.6.jar:?]
	at java.security.AccessController.doPrivileged(Native Method) ~[?:1.8.0_382]
	at javax.security.auth.Subject.doAs(Subject.java:422) [?:1.8.0_382]
	at org.apache.hadoop.security.UserGroupInformation.doAs(UserGroupInformation.java:1899) [hadoop-common-3.3.6.jar:?]
	at org.apache.hadoop.ipc.Server$Handler.run(Server.java:3048) [hadoop-common-3.3.6.jar:?]
09:15:29.529 [IPC Server handler 19 on default port 15057] ERROR OMAudit - user=runner | ip=127.0.0.1 | op=GET_FILE_STATUS {volume=volume84992, bucket=bucket73567, key=testBatchDelete/parent/childFolder/child3, dataSize=0, replicationConfig=null} | ret=FAILURE
org.apache.hadoop.ozone.om.exceptions.OMException: Unable to get file status: volume: volume84992 bucket: bucket73567 key: testBatchDelete/parent/childFolder/child3
	at org.apache.hadoop.ozone.om.KeyManagerImpl.getOzoneFileStatusFSO(KeyManagerImpl.java:1330) ~[ozone-manager-1.4.0-SNAPSHOT.jar:?]
	at org.apache.hadoop.ozone.om.KeyManagerImpl.getFileStatus(KeyManagerImpl.java:1114) ~[ozone-manager-1.4.0-SNAPSHOT.jar:?]
	at org.apache.hadoop.ozone.om.OmMetadataReader.getFileStatus(OmMetadataReader.java:266) ~[ozone-manager-1.4.0-SNAPSHOT.jar:?]
	at org.apache.hadoop.ozone.om.OzoneManager.getFileStatus(OzoneManager.java:3552) ~[ozone-manager-1.4.0-SNAPSHOT.jar:?]
	at org.apache.hadoop.ozone.protocolPB.OzoneManagerRequestHandler.getOzoneFileStatus(OzoneManagerRequestHandler.java:998) ~[ozone-manager-1.4.0-SNAPSHOT.jar:?]
	at org.apache.hadoop.ozone.protocolPB.OzoneManagerRequestHandler.handleReadRequest(OzoneManagerRequestHandler.java:259) ~[ozone-manager-1.4.0-SNAPSHOT.jar:?]
	at org.apache.hadoop.ozone.protocolPB.OzoneManagerProtocolServerSideTranslatorPB.submitRequestDirectlyToOM(OzoneManagerProtocolServerSideTranslatorPB.java:274) ~[ozone-manager-1.4.0-SNAPSHOT.jar:?]
	at org.apache.hadoop.ozone.protocolPB.OzoneManagerProtocolServerSideTranslatorPB.processRequest(OzoneManagerProtocolServerSideTranslatorPB.java:175) ~[ozone-manager-1.4.0-SNAPSHOT.jar:?]
	at org.apache.hadoop.hdds.server.OzoneProtocolMessageDispatcher.processRequest(OzoneProtocolMessageDispatcher.java:87) [hdds-server-framework-1.4.0-SNAPSHOT.jar:?]
	at org.apache.hadoop.ozone.protocolPB.OzoneManagerProtocolServerSideTranslatorPB.submitRequest(OzoneManagerProtocolServerSideTranslatorPB.java:148) [ozone-manager-1.4.0-SNAPSHOT.jar:?]
	at org.apache.hadoop.ozone.protocol.proto.OzoneManagerProtocolProtos$OzoneManagerService$2.callBlockingMethod(OzoneManagerProtocolProtos.java) [ozone-interface-client-1.4.0-SNAPSHOT.jar:?]
	at org.apache.hadoop.ipc.ProtobufRpcEngine$Server.processCall(ProtobufRpcEngine.java:484) [hadoop-common-3.3.6.jar:?]
	at org.apache.hadoop.ipc.ProtobufRpcEngine2$Server$ProtoBufRpcInvoker.call(ProtobufRpcEngine2.java:595) [hadoop-common-3.3.6.jar:?]
	at org.apache.hadoop.ipc.ProtobufRpcEngine2$Server$ProtoBufRpcInvoker.call(ProtobufRpcEngine2.java:573) [hadoop-common-3.3.6.jar:?]
	at org.apache.hadoop.ipc.RPC$Server.call(RPC.java:1227) [hadoop-common-3.3.6.jar:?]
	at org.apache.hadoop.ipc.Server$RpcCall.run(Server.java:1094) [hadoop-common-3.3.6.jar:?]
	at org.apache.hadoop.ipc.Server$RpcCall.run(Server.java:1017) [hadoop-common-3.3.6.jar:?]
	at java.security.AccessController.doPrivileged(Native Method) ~[?:1.8.0_382]
	at javax.security.auth.Subject.doAs(Subject.java:422) [?:1.8.0_382]
	at org.apache.hadoop.security.UserGroupInformation.doAs(UserGroupInformation.java:1899) [hadoop-common-3.3.6.jar:?]
	at org.apache.hadoop.ipc.Server$Handler.run(Server.java:3048) [hadoop-common-3.3.6.jar:?]
09:15:29.530 [IPC Server handler 4 on default port 15057] ERROR OMAudit - user=runner | ip=127.0.0.1 | op=GET_FILE_STATUS {volume=volume84992, bucket=bucket73567, key=testBatchDelete/parent/child4, dataSize=0, replicationConfig=null} | ret=FAILURE
org.apache.hadoop.ozone.om.exceptions.OMException: Unable to get file status: volume: volume84992 bucket: bucket73567 key: testBatchDelete/parent/child4
	at org.apache.hadoop.ozone.om.KeyManagerImpl.getOzoneFileStatusFSO(KeyManagerImpl.java:1330) ~[ozone-manager-1.4.0-SNAPSHOT.jar:?]
	at org.apache.hadoop.ozone.om.KeyManagerImpl.getFileStatus(KeyManagerImpl.java:1114) ~[ozone-manager-1.4.0-SNAPSHOT.jar:?]
	at org.apache.hadoop.ozone.om.OmMetadataReader.getFileStatus(OmMetadataReader.java:266) ~[ozone-manager-1.4.0-SNAPSHOT.jar:?]
	at org.apache.hadoop.ozone.om.OzoneManager.getFileStatus(OzoneManager.java:3552) ~[ozone-manager-1.4.0-SNAPSHOT.jar:?]
	at org.apache.hadoop.ozone.protocolPB.OzoneManagerRequestHandler.getOzoneFileStatus(OzoneManagerRequestHandler.java:998) ~[ozone-manager-1.4.0-SNAPSHOT.jar:?]
	at org.apache.hadoop.ozone.protocolPB.OzoneManagerRequestHandler.handleReadRequest(OzoneManagerRequestHandler.java:259) ~[ozone-manager-1.4.0-SNAPSHOT.jar:?]
	at org.apache.hadoop.ozone.protocolPB.OzoneManagerProtocolServerSideTranslatorPB.submitRequestDirectlyToOM(OzoneManagerProtocolServerSideTranslatorPB.java:274) ~[ozone-manager-1.4.0-SNAPSHOT.jar:?]
	at org.apache.hadoop.ozone.protocolPB.OzoneManagerProtocolServerSideTranslatorPB.processRequest(OzoneManagerProtocolServerSideTranslatorPB.java:175) ~[ozone-manager-1.4.0-SNAPSHOT.jar:?]
	at org.apache.hadoop.hdds.server.OzoneProtocolMessageDispatcher.processRequest(OzoneProtocolMessageDispatcher.java:87) [hdds-server-framework-1.4.0-SNAPSHOT.jar:?]
	at org.apache.hadoop.ozone.protocolPB.OzoneManagerProtocolServerSideTranslatorPB.submitRequest(OzoneManagerProtocolServerSideTranslatorPB.java:148) [ozone-manager-1.4.0-SNAPSHOT.jar:?]
	at org.apache.hadoop.ozone.protocol.proto.OzoneManagerProtocolProtos$OzoneManagerService$2.callBlockingMethod(OzoneManagerProtocolProtos.java) [ozone-interface-client-1.4.0-SNAPSHOT.jar:?]
	at org.apache.hadoop.ipc.ProtobufRpcEngine$Server.processCall(ProtobufRpcEngine.java:484) [hadoop-common-3.3.6.jar:?]
	at org.apache.hadoop.ipc.ProtobufRpcEngine2$Server$ProtoBufRpcInvoker.call(ProtobufRpcEngine2.java:595) [hadoop-common-3.3.6.jar:?]
	at org.apache.hadoop.ipc.ProtobufRpcEngine2$Server$ProtoBufRpcInvoker.call(ProtobufRpcEngine2.java:573) [hadoop-common-3.3.6.jar:?]
	at org.apache.hadoop.ipc.RPC$Server.call(RPC.java:1227) [hadoop-common-3.3.6.jar:?]
	at org.apache.hadoop.ipc.Server$RpcCall.run(Server.java:1094) [hadoop-common-3.3.6.jar:?]
	at org.apache.hadoop.ipc.Server$RpcCall.run(Server.java:1017) [hadoop-common-3.3.6.jar:?]
	at java.security.AccessController.doPrivileged(Native Method) ~[?:1.8.0_382]
	at javax.security.auth.Subject.doAs(Subject.java:422) [?:1.8.0_382]
	at org.apache.hadoop.security.UserGroupInformation.doAs(UserGroupInformation.java:1899) [hadoop-common-3.3.6.jar:?]
	at org.apache.hadoop.ipc.Server$Handler.run(Server.java:3048) [hadoop-common-3.3.6.jar:?]
09:15:29.532 [IPC Server handler 0 on default port 15057] ERROR OMAudit - user=runner | ip=127.0.0.1 | op=GET_FILE_STATUS {volume=volume84992, bucket=bucket73567, key=testBatchDelete/parent/childFolder/child4, dataSize=0, replicationConfig=null} | ret=FAILURE
org.apache.hadoop.ozone.om.exceptions.OMException: Unable to get file status: volume: volume84992 bucket: bucket73567 key: testBatchDelete/parent/childFolder/child4
	at org.apache.hadoop.ozone.om.KeyManagerImpl.getOzoneFileStatusFSO(KeyManagerImpl.java:1330) ~[ozone-manager-1.4.0-SNAPSHOT.jar:?]
	at org.apache.hadoop.ozone.om.KeyManagerImpl.getFileStatus(KeyManagerImpl.java:1114) ~[ozone-manager-1.4.0-SNAPSHOT.jar:?]
	at org.apache.hadoop.ozone.om.OmMetadataReader.getFileStatus(OmMetadataReader.java:266) ~[ozone-manager-1.4.0-SNAPSHOT.jar:?]
	at org.apache.hadoop.ozone.om.OzoneManager.getFileStatus(OzoneManager.java:3552) ~[ozone-manager-1.4.0-SNAPSHOT.jar:?]
	at org.apache.hadoop.ozone.protocolPB.OzoneManagerRequestHandler.getOzoneFileStatus(OzoneManagerRequestHandler.java:998) ~[ozone-manager-1.4.0-SNAPSHOT.jar:?]
	at org.apache.hadoop.ozone.protocolPB.OzoneManagerRequestHandler.handleReadRequest(OzoneManagerRequestHandler.java:259) ~[ozone-manager-1.4.0-SNAPSHOT.jar:?]
	at org.apache.hadoop.ozone.protocolPB.OzoneManagerProtocolServerSideTranslatorPB.submitRequestDirectlyToOM(OzoneManagerProtocolServerSideTranslatorPB.java:274) ~[ozone-manager-1.4.0-SNAPSHOT.jar:?]
	at org.apache.hadoop.ozone.protocolPB.OzoneManagerProtocolServerSideTranslatorPB.processRequest(OzoneManagerProtocolServerSideTranslatorPB.java:175) ~[ozone-manager-1.4.0-SNAPSHOT.jar:?]
	at org.apache.hadoop.hdds.server.OzoneProtocolMessageDispatcher.processRequest(OzoneProtocolMessageDispatcher.java:87) [hdds-server-framework-1.4.0-SNAPSHOT.jar:?]
	at org.apache.hadoop.ozone.protocolPB.OzoneManagerProtocolServerSideTranslatorPB.submitRequest(OzoneManagerProtocolServerSideTranslatorPB.java:148) [ozone-manager-1.4.0-SNAPSHOT.jar:?]
	at org.apache.hadoop.ozone.protocol.proto.OzoneManagerProtocolProtos$OzoneManagerService$2.callBlockingMethod(OzoneManagerProtocolProtos.java) [ozone-interface-client-1.4.0-SNAPSHOT.jar:?]
	at org.apache.hadoop.ipc.ProtobufRpcEngine$Server.processCall(ProtobufRpcEngine.java:484) [hadoop-common-3.3.6.jar:?]
	at org.apache.hadoop.ipc.ProtobufRpcEngine2$Server$ProtoBufRpcInvoker.call(ProtobufRpcEngine2.java:595) [hadoop-common-3.3.6.jar:?]
	at org.apache.hadoop.ipc.ProtobufRpcEngine2$Server$ProtoBufRpcInvoker.call(ProtobufRpcEngine2.java:573) [hadoop-common-3.3.6.jar:?]
	at org.apache.hadoop.ipc.RPC$Server.call(RPC.java:1227) [hadoop-common-3.3.6.jar:?]
	at org.apache.hadoop.ipc.Server$RpcCall.run(Server.java:1094) [hadoop-common-3.3.6.jar:?]
	at org.apache.hadoop.ipc.Server$RpcCall.run(Server.java:1017) [hadoop-common-3.3.6.jar:?]
	at java.security.AccessController.doPrivileged(Native Method) ~[?:1.8.0_382]
	at javax.security.auth.Subject.doAs(Subject.java:422) [?:1.8.0_382]
	at org.apache.hadoop.security.UserGroupInformation.doAs(UserGroupInformation.java:1899) [hadoop-common-3.3.6.jar:?]
	at org.apache.hadoop.ipc.Server$Handler.run(Server.java:3048) [hadoop-common-3.3.6.jar:?]
09:15:29.533 [IPC Server handler 6 on default port 15057] ERROR OMAudit - user=runner | ip=127.0.0.1 | op=GET_FILE_STATUS {volume=volume84992, bucket=bucket73567, key=testBatchDelete/parent/child5, dataSize=0, replicationConfig=null} | ret=FAILURE
org.apache.hadoop.ozone.om.exceptions.OMException: Unable to get file status: volume: volume84992 bucket: bucket73567 key: testBatchDelete/parent/child5
	at org.apache.hadoop.ozone.om.KeyManagerImpl.getOzoneFileStatusFSO(KeyManagerImpl.java:1330) ~[ozone-manager-1.4.0-SNAPSHOT.jar:?]
	at org.apache.hadoop.ozone.om.KeyManagerImpl.getFileStatus(KeyManagerImpl.java:1114) ~[ozone-manager-1.4.0-SNAPSHOT.jar:?]
	at org.apache.hadoop.ozone.om.OmMetadataReader.getFileStatus(OmMetadataReader.java:266) ~[ozone-manager-1.4.0-SNAPSHOT.jar:?]
	at org.apache.hadoop.ozone.om.OzoneManager.getFileStatus(OzoneManager.java:3552) ~[ozone-manager-1.4.0-SNAPSHOT.jar:?]
	at org.apache.hadoop.ozone.protocolPB.OzoneManagerRequestHandler.getOzoneFileStatus(OzoneManagerRequestHandler.java:998) ~[ozone-manager-1.4.0-SNAPSHOT.jar:?]
	at org.apache.hadoop.ozone.protocolPB.OzoneManagerRequestHandler.handleReadRequest(OzoneManagerRequestHandler.java:259) ~[ozone-manager-1.4.0-SNAPSHOT.jar:?]
	at org.apache.hadoop.ozone.protocolPB.OzoneManagerProtocolServerSideTranslatorPB.submitRequestDirectlyToOM(OzoneManagerProtocolServerSideTranslatorPB.java:274) ~[ozone-manager-1.4.0-SNAPSHOT.jar:?]
	at org.apache.hadoop.ozone.protocolPB.OzoneManagerProtocolServerSideTranslatorPB.processRequest(OzoneManagerProtocolServerSideTranslatorPB.java:175) ~[ozone-manager-1.4.0-SNAPSHOT.jar:?]
	at org.apache.hadoop.hdds.server.OzoneProtocolMessageDispatcher.processRequest(OzoneProtocolMessageDispatcher.java:87) [hdds-server-framework-1.4.0-SNAPSHOT.jar:?]
	at org.apache.hadoop.ozone.protocolPB.OzoneManagerProtocolServerSideTranslatorPB.submitRequest(OzoneManagerProtocolServerSideTranslatorPB.java:148) [ozone-manager-1.4.0-SNAPSHOT.jar:?]
	at org.apache.hadoop.ozone.protocol.proto.OzoneManagerProtocolProtos$OzoneManagerService$2.callBlockingMethod(OzoneManagerProtocolProtos.java) [ozone-interface-client-1.4.0-SNAPSHOT.jar:?]
	at org.apache.hadoop.ipc.ProtobufRpcEngine$Server.processCall(ProtobufRpcEngine.java:484) [hadoop-common-3.3.6.jar:?]
	at org.apache.hadoop.ipc.ProtobufRpcEngine2$Server$ProtoBufRpcInvoker.call(ProtobufRpcEngine2.java:595) [hadoop-common-3.3.6.jar:?]
	at org.apache.hadoop.ipc.ProtobufRpcEngine2$Server$ProtoBufRpcInvoker.call(ProtobufRpcEngine2.java:573) [hadoop-common-3.3.6.jar:?]
	at org.apache.hadoop.ipc.RPC$Server.call(RPC.java:1227) [hadoop-common-3.3.6.jar:?]
	at org.apache.hadoop.ipc.Server$RpcCall.run(Server.java:1094) [hadoop-common-3.3.6.jar:?]
	at org.apache.hadoop.ipc.Server$RpcCall.run(Server.java:1017) [hadoop-common-3.3.6.jar:?]
	at java.security.AccessController.doPrivileged(Native Method) ~[?:1.8.0_382]
	at javax.security.auth.Subject.doAs(Subject.java:422) [?:1.8.0_382]
	at org.apache.hadoop.security.UserGroupInformation.doAs(UserGroupInformation.java:1899) [hadoop-common-3.3.6.jar:?]
	at org.apache.hadoop.ipc.Server$Handler.run(Server.java:3048) [hadoop-common-3.3.6.jar:?]
09:15:29.534 [IPC Server handler 9 on default port 15057] ERROR OMAudit - user=runner | ip=127.0.0.1 | op=GET_FILE_STATUS {volume=volume84992, bucket=bucket73567, key=testBatchDelete/parent/childFolder/child5, dataSize=0, replicationConfig=null} | ret=FAILURE
org.apache.hadoop.ozone.om.exceptions.OMException: Unable to get file status: volume: volume84992 bucket: bucket73567 key: testBatchDelete/parent/childFolder/child5
	at org.apache.hadoop.ozone.om.KeyManagerImpl.getOzoneFileStatusFSO(KeyManagerImpl.java:1330) ~[ozone-manager-1.4.0-SNAPSHOT.jar:?]
	at org.apache.hadoop.ozone.om.KeyManagerImpl.getFileStatus(KeyManagerImpl.java:1114) ~[ozone-manager-1.4.0-SNAPSHOT.jar:?]
	at org.apache.hadoop.ozone.om.OmMetadataReader.getFileStatus(OmMetadataReader.java:266) ~[ozone-manager-1.4.0-SNAPSHOT.jar:?]
	at org.apache.hadoop.ozone.om.OzoneManager.getFileStatus(OzoneManager.java:3552) ~[ozone-manager-1.4.0-SNAPSHOT.jar:?]
	at org.apache.hadoop.ozone.protocolPB.OzoneManagerRequestHandler.getOzoneFileStatus(OzoneManagerRequestHandler.java:998) ~[ozone-manager-1.4.0-SNAPSHOT.jar:?]
	at org.apache.hadoop.ozone.protocolPB.OzoneManagerRequestHandler.handleReadRequest(OzoneManagerRequestHandler.java:259) ~[ozone-manager-1.4.0-SNAPSHOT.jar:?]
	at org.apache.hadoop.ozone.protocolPB.OzoneManagerProtocolServerSideTranslatorPB.submitRequestDirectlyToOM(OzoneManagerProtocolServerSideTranslatorPB.java:274) ~[ozone-manager-1.4.0-SNAPSHOT.jar:?]
	at org.apache.hadoop.ozone.protocolPB.OzoneManagerProtocolServerSideTranslatorPB.processRequest(OzoneManagerProtocolServerSideTranslatorPB.java:175) ~[ozone-manager-1.4.0-SNAPSHOT.jar:?]
	at org.apache.hadoop.hdds.server.OzoneProtocolMessageDispatcher.processRequest(OzoneProtocolMessageDispatcher.java:87) [hdds-server-framework-1.4.0-SNAPSHOT.jar:?]
	at org.apache.hadoop.ozone.protocolPB.OzoneManagerProtocolServerSideTranslatorPB.submitRequest(OzoneManagerProtocolServerSideTranslatorPB.java:148) [ozone-manager-1.4.0-SNAPSHOT.jar:?]
	at org.apache.hadoop.ozone.protocol.proto.OzoneManagerProtocolProtos$OzoneManagerService$2.callBlockingMethod(OzoneManagerProtocolProtos.java) [ozone-interface-client-1.4.0-SNAPSHOT.jar:?]
	at org.apache.hadoop.ipc.ProtobufRpcEngine$Server.processCall(ProtobufRpcEngine.java:484) [hadoop-common-3.3.6.jar:?]
	at org.apache.hadoop.ipc.ProtobufRpcEngine2$Server$ProtoBufRpcInvoker.call(ProtobufRpcEngine2.java:595) [hadoop-common-3.3.6.jar:?]
	at org.apache.hadoop.ipc.ProtobufRpcEngine2$Server$ProtoBufRpcInvoker.call(ProtobufRpcEngine2.java:573) [hadoop-common-3.3.6.jar:?]
	at org.apache.hadoop.ipc.RPC$Server.call(RPC.java:1227) [hadoop-common-3.3.6.jar:?]
	at org.apache.hadoop.ipc.Server$RpcCall.run(Server.java:1094) [hadoop-common-3.3.6.jar:?]
	at org.apache.hadoop.ipc.Server$RpcCall.run(Server.java:1017) [hadoop-common-3.3.6.jar:?]
	at java.security.AccessController.doPrivileged(Native Method) ~[?:1.8.0_382]
	at javax.security.auth.Subject.doAs(Subject.java:422) [?:1.8.0_382]
	at org.apache.hadoop.security.UserGroupInformation.doAs(UserGroupInformation.java:1899) [hadoop-common-3.3.6.jar:?]
	at org.apache.hadoop.ipc.Server$Handler.run(Server.java:3048) [hadoop-common-3.3.6.jar:?]
09:15:29.535 [IPC Server handler 8 on default port 15057] ERROR OMAudit - user=runner | ip=127.0.0.1 | op=GET_FILE_STATUS {volume=volume84992, bucket=bucket73567, key=testBatchDelete/parent/child6, dataSize=0, replicationConfig=null} | ret=FAILURE
org.apache.hadoop.ozone.om.exceptions.OMException: Unable to get file status: volume: volume84992 bucket: bucket73567 key: testBatchDelete/parent/child6
	at org.apache.hadoop.ozone.om.KeyManagerImpl.getOzoneFileStatusFSO(KeyManagerImpl.java:1330) ~[ozone-manager-1.4.0-SNAPSHOT.jar:?]
	at org.apache.hadoop.ozone.om.KeyManagerImpl.getFileStatus(KeyManagerImpl.java:1114) ~[ozone-manager-1.4.0-SNAPSHOT.jar:?]
	at org.apache.hadoop.ozone.om.OmMetadataReader.getFileStatus(OmMetadataReader.java:266) ~[ozone-manager-1.4.0-SNAPSHOT.jar:?]
	at org.apache.hadoop.ozone.om.OzoneManager.getFileStatus(OzoneManager.java:3552) ~[ozone-manager-1.4.0-SNAPSHOT.jar:?]
	at org.apache.hadoop.ozone.protocolPB.OzoneManagerRequestHandler.getOzoneFileStatus(OzoneManagerRequestHandler.java:998) ~[ozone-manager-1.4.0-SNAPSHOT.jar:?]
	at org.apache.hadoop.ozone.protocolPB.OzoneManagerRequestHandler.handleReadRequest(OzoneManagerRequestHandler.java:259) ~[ozone-manager-1.4.0-SNAPSHOT.jar:?]
	at org.apache.hadoop.ozone.protocolPB.OzoneManagerProtocolServerSideTranslatorPB.submitRequestDirectlyToOM(OzoneManagerProtocolServerSideTranslatorPB.java:274) ~[ozone-manager-1.4.0-SNAPSHOT.jar:?]
	at org.apache.hadoop.ozone.protocolPB.OzoneManagerProtocolServerSideTranslatorPB.processRequest(OzoneManagerProtocolServerSideTranslatorPB.java:175) ~[ozone-manager-1.4.0-SNAPSHOT.jar:?]
	at org.apache.hadoop.hdds.server.OzoneProtocolMessageDispatcher.processRequest(OzoneProtocolMessageDispatcher.java:87) [hdds-server-framework-1.4.0-SNAPSHOT.jar:?]
	at org.apache.hadoop.ozone.protocolPB.OzoneManagerProtocolServerSideTranslatorPB.submitRequest(OzoneManagerProtocolServerSideTranslatorPB.java:148) [ozone-manager-1.4.0-SNAPSHOT.jar:?]
	at org.apache.hadoop.ozone.protocol.proto.OzoneManagerProtocolProtos$OzoneManagerService$2.callBlockingMethod(OzoneManagerProtocolProtos.java) [ozone-interface-client-1.4.0-SNAPSHOT.jar:?]
	at org.apache.hadoop.ipc.ProtobufRpcEngine$Server.processCall(ProtobufRpcEngine.java:484) [hadoop-common-3.3.6.jar:?]
	at org.apache.hadoop.ipc.ProtobufRpcEngine2$Server$ProtoBufRpcInvoker.call(ProtobufRpcEngine2.java:595) [hadoop-common-3.3.6.jar:?]
	at org.apache.hadoop.ipc.ProtobufRpcEngine2$Server$ProtoBufRpcInvoker.call(ProtobufRpcEngine2.java:573) [hadoop-common-3.3.6.jar:?]
	at org.apache.hadoop.ipc.RPC$Server.call(RPC.java:1227) [hadoop-common-3.3.6.jar:?]
	at org.apache.hadoop.ipc.Server$RpcCall.run(Server.java:1094) [hadoop-common-3.3.6.jar:?]
	at org.apache.hadoop.ipc.Server$RpcCall.run(Server.java:1017) [hadoop-common-3.3.6.jar:?]
	at java.security.AccessController.doPrivileged(Native Method) ~[?:1.8.0_382]
	at javax.security.auth.Subject.doAs(Subject.java:422) [?:1.8.0_382]
	at org.apache.hadoop.security.UserGroupInformation.doAs(UserGroupInformation.java:1899) [hadoop-common-3.3.6.jar:?]
	at org.apache.hadoop.ipc.Server$Handler.run(Server.java:3048) [hadoop-common-3.3.6.jar:?]
09:15:29.536 [IPC Server handler 12 on default port 15057] ERROR OMAudit - user=runner | ip=127.0.0.1 | op=GET_FILE_STATUS {volume=volume84992, bucket=bucket73567, key=testBatchDelete/parent/childFolder/child6, dataSize=0, replicationConfig=null} | ret=FAILURE
org.apache.hadoop.ozone.om.exceptions.OMException: Unable to get file status: volume: volume84992 bucket: bucket73567 key: testBatchDelete/parent/childFolder/child6
	at org.apache.hadoop.ozone.om.KeyManagerImpl.getOzoneFileStatusFSO(KeyManagerImpl.java:1330) ~[ozone-manager-1.4.0-SNAPSHOT.jar:?]
	at org.apache.hadoop.ozone.om.KeyManagerImpl.getFileStatus(KeyManagerImpl.java:1114) ~[ozone-manager-1.4.0-SNAPSHOT.jar:?]
	at org.apache.hadoop.ozone.om.OmMetadataReader.getFileStatus(OmMetadataReader.java:266) ~[ozone-manager-1.4.0-SNAPSHOT.jar:?]
	at org.apache.hadoop.ozone.om.OzoneManager.getFileStatus(OzoneManager.java:3552) ~[ozone-manager-1.4.0-SNAPSHOT.jar:?]
	at org.apache.hadoop.ozone.protocolPB.OzoneManagerRequestHandler.getOzoneFileStatus(OzoneManagerRequestHandler.java:998) ~[ozone-manager-1.4.0-SNAPSHOT.jar:?]
	at org.apache.hadoop.ozone.protocolPB.OzoneManagerRequestHandler.handleReadRequest(OzoneManagerRequestHandler.java:259) ~[ozone-manager-1.4.0-SNAPSHOT.jar:?]
	at org.apache.hadoop.ozone.protocolPB.OzoneManagerProtocolServerSideTranslatorPB.submitRequestDirectlyToOM(OzoneManagerProtocolServerSideTranslatorPB.java:274) ~[ozone-manager-1.4.0-SNAPSHOT.jar:?]
	at org.apache.hadoop.ozone.protocolPB.OzoneManagerProtocolServerSideTranslatorPB.processRequest(OzoneManagerProtocolServerSideTranslatorPB.java:175) ~[ozone-manager-1.4.0-SNAPSHOT.jar:?]
	at org.apache.hadoop.hdds.server.OzoneProtocolMessageDispatcher.processRequest(OzoneProtocolMessageDispatcher.java:87) [hdds-server-framework-1.4.0-SNAPSHOT.jar:?]
	at org.apache.hadoop.ozone.protocolPB.OzoneManagerProtocolServerSideTranslatorPB.submitRequest(OzoneManagerProtocolServerSideTranslatorPB.java:148) [ozone-manager-1.4.0-SNAPSHOT.jar:?]
	at org.apache.hadoop.ozone.protocol.proto.OzoneManagerProtocolProtos$OzoneManagerService$2.callBlockingMethod(OzoneManagerProtocolProtos.java) [ozone-interface-client-1.4.0-SNAPSHOT.jar:?]
	at org.apache.hadoop.ipc.ProtobufRpcEngine$Server.processCall(ProtobufRpcEngine.java:484) [hadoop-common-3.3.6.jar:?]
	at org.apache.hadoop.ipc.ProtobufRpcEngine2$Server$ProtoBufRpcInvoker.call(ProtobufRpcEngine2.java:595) [hadoop-common-3.3.6.jar:?]
	at org.apache.hadoop.ipc.ProtobufRpcEngine2$Server$ProtoBufRpcInvoker.call(ProtobufRpcEngine2.java:573) [hadoop-common-3.3.6.jar:?]
	at org.apache.hadoop.ipc.RPC$Server.call(RPC.java:1227) [hadoop-common-3.3.6.jar:?]
	at org.apache.hadoop.ipc.Server$RpcCall.run(Server.java:1094) [hadoop-common-3.3.6.jar:?]
	at org.apache.hadoop.ipc.Server$RpcCall.run(Server.java:1017) [hadoop-common-3.3.6.jar:?]
	at java.security.AccessController.doPrivileged(Native Method) ~[?:1.8.0_382]
	at javax.security.auth.Subject.doAs(Subject.java:422) [?:1.8.0_382]
	at org.apache.hadoop.security.UserGroupInformation.doAs(UserGroupInformation.java:1899) [hadoop-common-3.3.6.jar:?]
	at org.apache.hadoop.ipc.Server$Handler.run(Server.java:3048) [hadoop-common-3.3.6.jar:?]
09:15:29.539 [IPC Server handler 10 on default port 15057] ERROR OMAudit - user=runner | ip=127.0.0.1 | op=GET_FILE_STATUS {volume=volume84992, bucket=bucket73567, key=testBatchDelete/parent/child7, dataSize=0, replicationConfig=null} | ret=FAILURE
org.apache.hadoop.ozone.om.exceptions.OMException: Unable to get file status: volume: volume84992 bucket: bucket73567 key: testBatchDelete/parent/child7
	at org.apache.hadoop.ozone.om.KeyManagerImpl.getOzoneFileStatusFSO(KeyManagerImpl.java:1330) ~[ozone-manager-1.4.0-SNAPSHOT.jar:?]
	at org.apache.hadoop.ozone.om.KeyManagerImpl.getFileStatus(KeyManagerImpl.java:1114) ~[ozone-manager-1.4.0-SNAPSHOT.jar:?]
	at org.apache.hadoop.ozone.om.OmMetadataReader.getFileStatus(OmMetadataReader.java:266) ~[ozone-manager-1.4.0-SNAPSHOT.jar:?]
	at org.apache.hadoop.ozone.om.OzoneManager.getFileStatus(OzoneManager.java:3552) ~[ozone-manager-1.4.0-SNAPSHOT.jar:?]
	at org.apache.hadoop.ozone.protocolPB.OzoneManagerRequestHandler.getOzoneFileStatus(OzoneManagerRequestHandler.java:998) ~[ozone-manager-1.4.0-SNAPSHOT.jar:?]
	at org.apache.hadoop.ozone.protocolPB.OzoneManagerRequestHandler.handleReadRequest(OzoneManagerRequestHandler.java:259) ~[ozone-manager-1.4.0-SNAPSHOT.jar:?]
	at org.apache.hadoop.ozone.protocolPB.OzoneManagerProtocolServerSideTranslatorPB.submitRequestDirectlyToOM(OzoneManagerProtocolServerSideTranslatorPB.java:274) ~[ozone-manager-1.4.0-SNAPSHOT.jar:?]
	at org.apache.hadoop.ozone.protocolPB.OzoneManagerProtocolServerSideTranslatorPB.processRequest(OzoneManagerProtocolServerSideTranslatorPB.java:175) ~[ozone-manager-1.4.0-SNAPSHOT.jar:?]
	at org.apache.hadoop.hdds.server.OzoneProtocolMessageDispatcher.processRequest(OzoneProtocolMessageDispatcher.java:87) [hdds-server-framework-1.4.0-SNAPSHOT.jar:?]
	at org.apache.hadoop.ozone.protocolPB.OzoneManagerProtocolServerSideTranslatorPB.submitRequest(OzoneManagerProtocolServerSideTranslatorPB.java:148) [ozone-manager-1.4.0-SNAPSHOT.jar:?]
	at org.apache.hadoop.ozone.protocol.proto.OzoneManagerProtocolProtos$OzoneManagerService$2.callBlockingMethod(OzoneManagerProtocolProtos.java) [ozone-interface-client-1.4.0-SNAPSHOT.jar:?]
	at org.apache.hadoop.ipc.ProtobufRpcEngine$Server.processCall(ProtobufRpcEngine.java:484) [hadoop-common-3.3.6.jar:?]
	at org.apache.hadoop.ipc.ProtobufRpcEngine2$Server$ProtoBufRpcInvoker.call(ProtobufRpcEngine2.java:595) [hadoop-common-3.3.6.jar:?]
	at org.apache.hadoop.ipc.ProtobufRpcEngine2$Server$ProtoBufRpcInvoker.call(ProtobufRpcEngine2.java:573) [hadoop-common-3.3.6.jar:?]
	at org.apache.hadoop.ipc.RPC$Server.call(RPC.java:1227) [hadoop-common-3.3.6.jar:?]
	at org.apache.hadoop.ipc.Server$RpcCall.run(Server.java:1094) [hadoop-common-3.3.6.jar:?]
	at org.apache.hadoop.ipc.Server$RpcCall.run(Server.java:1017) [hadoop-common-3.3.6.jar:?]
	at java.security.AccessController.doPrivileged(Native Method) ~[?:1.8.0_382]
	at javax.security.auth.Subject.doAs(Subject.java:422) [?:1.8.0_382]
	at org.apache.hadoop.security.UserGroupInformation.doAs(UserGroupInformation.java:1899) [hadoop-common-3.3.6.jar:?]
	at org.apache.hadoop.ipc.Server$Handler.run(Server.java:3048) [hadoop-common-3.3.6.jar:?]
09:15:29.540 [IPC Server handler 17 on default port 15057] ERROR OMAudit - user=runner | ip=127.0.0.1 | op=GET_FILE_STATUS {volume=volume84992, bucket=bucket73567, key=testBatchDelete/parent/childFolder/child7, dataSize=0, replicationConfig=null} | ret=FAILURE
org.apache.hadoop.ozone.om.exceptions.OMException: Unable to get file status: volume: volume84992 bucket: bucket73567 key: testBatchDelete/parent/childFolder/child7
	at org.apache.hadoop.ozone.om.KeyManagerImpl.getOzoneFileStatusFSO(KeyManagerImpl.java:1330) ~[ozone-manager-1.4.0-SNAPSHOT.jar:?]
	at org.apache.hadoop.ozone.om.KeyManagerImpl.getFileStatus(KeyManagerImpl.java:1114) ~[ozone-manager-1.4.0-SNAPSHOT.jar:?]
	at org.apache.hadoop.ozone.om.OmMetadataReader.getFileStatus(OmMetadataReader.java:266) ~[ozone-manager-1.4.0-SNAPSHOT.jar:?]
	at org.apache.hadoop.ozone.om.OzoneManager.getFileStatus(OzoneManager.java:3552) ~[ozone-manager-1.4.0-SNAPSHOT.jar:?]
	at org.apache.hadoop.ozone.protocolPB.OzoneManagerRequestHandler.getOzoneFileStatus(OzoneManagerRequestHandler.java:998) ~[ozone-manager-1.4.0-SNAPSHOT.jar:?]
	at org.apache.hadoop.ozone.protocolPB.OzoneManagerRequestHandler.handleReadRequest(OzoneManagerRequestHandler.java:259) ~[ozone-manager-1.4.0-SNAPSHOT.jar:?]
	at org.apache.hadoop.ozone.protocolPB.OzoneManagerProtocolServerSideTranslatorPB.submitRequestDirectlyToOM(OzoneManagerProtocolServerSideTranslatorPB.java:274) ~[ozone-manager-1.4.0-SNAPSHOT.jar:?]
	at org.apache.hadoop.ozone.protocolPB.OzoneManagerProtocolServerSideTranslatorPB.processRequest(OzoneManagerProtocolServerSideTranslatorPB.java:175) ~[ozone-manager-1.4.0-SNAPSHOT.jar:?]
	at org.apache.hadoop.hdds.server.OzoneProtocolMessageDispatcher.processRequest(OzoneProtocolMessageDispatcher.java:87) [hdds-server-framework-1.4.0-SNAPSHOT.jar:?]
	at org.apache.hadoop.ozone.protocolPB.OzoneManagerProtocolServerSideTranslatorPB.submitRequest(OzoneManagerProtocolServerSideTranslatorPB.java:148) [ozone-manager-1.4.0-SNAPSHOT.jar:?]
	at org.apache.hadoop.ozone.protocol.proto.OzoneManagerProtocolProtos$OzoneManagerService$2.callBlockingMethod(OzoneManagerProtocolProtos.java) [ozone-interface-client-1.4.0-SNAPSHOT.jar:?]
	at org.apache.hadoop.ipc.ProtobufRpcEngine$Server.processCall(ProtobufRpcEngine.java:484) [hadoop-common-3.3.6.jar:?]
	at org.apache.hadoop.ipc.ProtobufRpcEngine2$Server$ProtoBufRpcInvoker.call(ProtobufRpcEngine2.java:595) [hadoop-common-3.3.6.jar:?]
	at org.apache.hadoop.ipc.ProtobufRpcEngine2$Server$ProtoBufRpcInvoker.call(ProtobufRpcEngine2.java:573) [hadoop-common-3.3.6.jar:?]
	at org.apache.hadoop.ipc.RPC$Server.call(RPC.java:1227) [hadoop-common-3.3.6.jar:?]
	at org.apache.hadoop.ipc.Server$RpcCall.run(Server.java:1094) [hadoop-common-3.3.6.jar:?]
	at org.apache.hadoop.ipc.Server$RpcCall.run(Server.java:1017) [hadoop-common-3.3.6.jar:?]
	at java.security.AccessController.doPrivileged(Native Method) ~[?:1.8.0_382]
	at javax.security.auth.Subject.doAs(Subject.java:422) [?:1.8.0_382]
	at org.apache.hadoop.security.UserGroupInformation.doAs(UserGroupInformation.java:1899) [hadoop-common-3.3.6.jar:?]
	at org.apache.hadoop.ipc.Server$Handler.run(Server.java:3048) [hadoop-common-3.3.6.jar:?]
09:15:29.541 [IPC Server handler 16 on default port 15057] ERROR OMAudit - user=runner | ip=127.0.0.1 | op=GET_FILE_STATUS {volume=volume84992, bucket=bucket73567, key=testBatchDelete/parent, dataSize=0, replicationConfig=null} | ret=FAILURE
org.apache.hadoop.ozone.om.exceptions.OMException: Unable to get file status: volume: volume84992 bucket: bucket73567 key: testBatchDelete/parent
	at org.apache.hadoop.ozone.om.KeyManagerImpl.getOzoneFileStatusFSO(KeyManagerImpl.java:1330) ~[ozone-manager-1.4.0-SNAPSHOT.jar:?]
	at org.apache.hadoop.ozone.om.KeyManagerImpl.getFileStatus(KeyManagerImpl.java:1114) ~[ozone-manager-1.4.0-SNAPSHOT.jar:?]
	at org.apache.hadoop.ozone.om.OmMetadataReader.getFileStatus(OmMetadataReader.java:266) ~[ozone-manager-1.4.0-SNAPSHOT.jar:?]
	at org.apache.hadoop.ozone.om.OzoneManager.getFileStatus(OzoneManager.java:3552) ~[ozone-manager-1.4.0-SNAPSHOT.jar:?]
	at org.apache.hadoop.ozone.protocolPB.OzoneManagerRequestHandler.getOzoneFileStatus(OzoneManagerRequestHandler.java:998) ~[ozone-manager-1.4.0-SNAPSHOT.jar:?]
	at org.apache.hadoop.ozone.protocolPB.OzoneManagerRequestHandler.handleReadRequest(OzoneManagerRequestHandler.java:259) ~[ozone-manager-1.4.0-SNAPSHOT.jar:?]
	at org.apache.hadoop.ozone.protocolPB.OzoneManagerProtocolServerSideTranslatorPB.submitRequestDirectlyToOM(OzoneManagerProtocolServerSideTranslatorPB.java:274) ~[ozone-manager-1.4.0-SNAPSHOT.jar:?]
	at org.apache.hadoop.ozone.protocolPB.OzoneManagerProtocolServerSideTranslatorPB.processRequest(OzoneManagerProtocolServerSideTranslatorPB.java:175) ~[ozone-manager-1.4.0-SNAPSHOT.jar:?]
	at org.apache.hadoop.hdds.server.OzoneProtocolMessageDispatcher.processRequest(OzoneProtocolMessageDispatcher.java:87) [hdds-server-framework-1.4.0-SNAPSHOT.jar:?]
	at org.apache.hadoop.ozone.protocolPB.OzoneManagerProtocolServerSideTranslatorPB.submitRequest(OzoneManagerProtocolServerSideTranslatorPB.java:148) [ozone-manager-1.4.0-SNAPSHOT.jar:?]
	at org.apache.hadoop.ozone.protocol.proto.OzoneManagerProtocolProtos$OzoneManagerService$2.callBlockingMethod(OzoneManagerProtocolProtos.java) [ozone-interface-client-1.4.0-SNAPSHOT.jar:?]
	at org.apache.hadoop.ipc.ProtobufRpcEngine$Server.processCall(ProtobufRpcEngine.java:484) [hadoop-common-3.3.6.jar:?]
	at org.apache.hadoop.ipc.ProtobufRpcEngine2$Server$ProtoBufRpcInvoker.call(ProtobufRpcEngine2.java:595) [hadoop-common-3.3.6.jar:?]
	at org.apache.hadoop.ipc.ProtobufRpcEngine2$Server$ProtoBufRpcInvoker.call(ProtobufRpcEngine2.java:573) [hadoop-common-3.3.6.jar:?]
	at org.apache.hadoop.ipc.RPC$Server.call(RPC.java:1227) [hadoop-common-3.3.6.jar:?]
	at org.apache.hadoop.ipc.Server$RpcCall.run(Server.java:1094) [hadoop-common-3.3.6.jar:?]
	at org.apache.hadoop.ipc.Server$RpcCall.run(Server.java:1017) [hadoop-common-3.3.6.jar:?]
	at java.security.AccessController.doPrivileged(Native Method) ~[?:1.8.0_382]
	at javax.security.auth.Subject.doAs(Subject.java:422) [?:1.8.0_382]
	at org.apache.hadoop.security.UserGroupInformation.doAs(UserGroupInformation.java:1899) [hadoop-common-3.3.6.jar:?]
	at org.apache.hadoop.ipc.Server$Handler.run(Server.java:3048) [hadoop-common-3.3.6.jar:?]
2023-09-29 09:15:29,542 [Time-limited test] WARN  ozone.BasicRootedOzoneFileSystem (BasicRootedOzoneFileSystem.java:delete(704)) - delete: Path does not exist: /volume84992/bucket73567/testBatchDelete/parent
]]></system-out>
  </testcase>
  <testcase name="testListStatusIteratorOnPageSize" classname="TestRootedOzoneFileSystemWithFSO" time="48.994">
    <system-out><![CDATA[2023-09-29 09:13:44,796 [Time-limited test] INFO  rpc.RpcClient (RpcClient.java:createVolume(462)) - Creating Volume: volume94527, with user66316 as owner and space quota set to -1 bytes, counts quota set to -1
2023-09-29 09:13:44,798 [OM StateMachine ApplyTransaction Thread - 0] INFO  volume.OMVolumeCreateRequest (OMVolumeCreateRequest.java:validateAndUpdateCache(196)) - created volume:volume94527 for user:user66316
2023-09-29 09:13:44,801 [Time-limited test] INFO  rpc.RpcClient (RpcClient.java:createBucket(689)) - Creating Bucket: volume94527/bucket77448, with bucket layout FILE_SYSTEM_OPTIMIZED, runner as owner, Versioning false, Storage Type set to DISK and Encryption set to false, Replication Type set to server-side default replication type, Namespace Quota set to -1, Space Quota set to -1 
2023-09-29 09:13:44,803 [OM StateMachine ApplyTransaction Thread - 0] INFO  bucket.OMBucketCreateRequest (OMBucketCreateRequest.java:validateAndUpdateCache(270)) - created bucket: bucket77448 of layout FILE_SYSTEM_OPTIMIZED in volume: volume94527
2023-09-29 09:13:53,597 [SstFilteringService#0] INFO  snapshot.SnapshotCache (SnapshotCache.java:lambda$1(170)) - Loading snapshot. Table key: /volume58276/bucket38890/snap1
2023-09-29 09:13:53,599 [SstFilteringService#0] INFO  db.RocksDatabase (RocksDatabase.java:deleteFilesNotMatchingPrefix(989)) - Deleting sst file /000090.sst corresponding to column family fileTable from db: /home/runner/work/ozone/ozone/hadoop-ozone/integration-test/target/test-dir/MiniOzoneClusterImpl-2a0ec25a-3990-4628-8b93-857bbff79694/ozone-meta/db.snapshots/checkpointState/om.db-369825f9-66b7-4620-8ab3-abfa8c7c4023
2023-09-29 09:13:53,607 [SstFilteringService#0] INFO  managed.ManagedRocksObjectUtils (ManagedRocksObjectUtils.java:waitForFileDelete(95)) - Waited for 7 milliseconds for file /home/runner/work/ozone/ozone/hadoop-ozone/integration-test/target/test-dir/MiniOzoneClusterImpl-2a0ec25a-3990-4628-8b93-857bbff79694/ozone-meta/db.snapshots/checkpointState/om.db-369825f9-66b7-4620-8ab3-abfa8c7c4023/000090.sst deletion.
2023-09-29 09:13:53,618 [SstFilteringService#0] INFO  snapshot.SnapshotCache (SnapshotCache.java:lambda$1(170)) - Loading snapshot. Table key: /volume71211/bucket16035/s20230929-091338.339
2023-09-29 09:13:53,996 [IPC Server handler 7 on default port 15001] INFO  ha.SequenceIdGenerator (SequenceIdGenerator.java:getNextId(140)) - Allocate a batch for delTxnId, change lastId from 0 to 1000.
2023-09-29 09:13:54,227 [KeyDeletingService#0] INFO  snapshot.SnapshotCache (SnapshotCache.java:lambda$1(170)) - Loading snapshot. Table key: /volume58276/bucket38890/snap1
2023-09-29 09:13:54,228 [KeyDeletingService#0] INFO  snapshot.SnapshotCache (SnapshotCache.java:lambda$1(170)) - Loading snapshot. Table key: /volume71211/bucket16035/s20230929-091338.339
2023-09-29 09:13:54,234 [KeyDeletingService#0] INFO  snapshot.SnapshotCache (SnapshotCache.java:lambda$1(170)) - Loading snapshot. Table key: /volume71211/bucket16035/s20230929-091338.404
2023-09-29 09:13:54,234 [KeyDeletingService#0] INFO  snapshot.SnapshotCache (SnapshotCache.java:lambda$1(170)) - Loading snapshot. Table key: /volume71211/bucket16035/s20230929-091338.339
2023-09-29 09:13:54,251 [KeyDeletingService#0] INFO  snapshot.SnapshotCache (SnapshotCache.java:lambda$1(170)) - Loading snapshot. Table key: /volume71211/bucket16035/s20230929-091339.597
2023-09-29 09:13:54,251 [KeyDeletingService#0] INFO  snapshot.SnapshotCache (SnapshotCache.java:lambda$1(170)) - Loading snapshot. Table key: /volume71211/bucket16035/s20230929-091338.404
2023-09-29 09:13:54,268 [KeyDeletingService#0] INFO  snapshot.SnapshotCache (SnapshotCache.java:lambda$1(170)) - Loading snapshot. Table key: /volume88194/bucket27967/snap1
2023-09-29 09:13:54,278 [KeyDeletingService#0] INFO  snapshot.SnapshotCache (SnapshotCache.java:lambda$1(170)) - Loading snapshot. Table key: /volume88194/bucket27967/snap2
2023-09-29 09:13:54,278 [KeyDeletingService#0] INFO  snapshot.SnapshotCache (SnapshotCache.java:lambda$1(170)) - Loading snapshot. Table key: /volume88194/bucket27967/snap1
2023-09-29 09:13:56,801 [KeyDeletingService#0] INFO  utils.BackgroundService (AbstractKeyDeletingService.java:optimizeDirDeletesAndSubmitRequest(445)) - Number of dirs deleted: 1031, Number of sub-dir deleted: 23, Number of sub-files moved: 1231 to DeletedTable, Number of sub-dirs moved 0 to DeletedDirectoryTable, iteration elapsed: 3215ms, totalRunCount: 1
2023-09-29 09:13:57,135 [BlockDeletingService#0] INFO  interfaces.ContainerDeletionChoosingPolicyTemplate (ContainerDeletionChoosingPolicyTemplate.java:chooseContainerForBlockDeletion(85)) - Chosen 0/5000 blocks from 0 candidate containers.
2023-09-29 09:13:57,532 [BlockDeletingService#0] INFO  interfaces.ContainerDeletionChoosingPolicyTemplate (ContainerDeletionChoosingPolicyTemplate.java:chooseContainerForBlockDeletion(85)) - Chosen 0/5000 blocks from 0 candidate containers.
2023-09-29 09:13:57,993 [BlockDeletingService#0] INFO  interfaces.ContainerDeletionChoosingPolicyTemplate (ContainerDeletionChoosingPolicyTemplate.java:chooseContainerForBlockDeletion(85)) - Chosen 0/5000 blocks from 0 candidate containers.
2023-09-29 09:13:58,367 [BlockDeletingService#0] INFO  interfaces.ContainerDeletionChoosingPolicyTemplate (ContainerDeletionChoosingPolicyTemplate.java:chooseContainerForBlockDeletion(85)) - Chosen 0/5000 blocks from 0 candidate containers.
2023-09-29 09:13:58,812 [BlockDeletingService#0] INFO  interfaces.ContainerDeletionChoosingPolicyTemplate (ContainerDeletionChoosingPolicyTemplate.java:chooseContainerForBlockDeletion(85)) - Chosen 0/5000 blocks from 0 candidate containers.
2023-09-29 09:14:15,741 [om1-client-thread1] INFO  segmented.SegmentedRaftLogWorker (SegmentedRaftLogWorker.java:rollLogSegment(452)) - om1@group-C5BA1605619E-SegmentedRaftLogWorker: Rolling segment log-0_24839 to index:24839
2023-09-29 09:14:15,743 [om1@group-C5BA1605619E-SegmentedRaftLogWorker] INFO  segmented.SegmentedRaftLogWorker (SegmentedRaftLogWorker.java:execute(608)) - om1@group-C5BA1605619E-SegmentedRaftLogWorker: Rolled log segment from /home/runner/work/ozone/ozone/hadoop-ozone/integration-test/target/test-dir/MiniOzoneClusterImpl-2a0ec25a-3990-4628-8b93-857bbff79694/ozone-meta/ratis/bf265839-605b-3f16-9796-c5ba1605619e/current/log_inprogress_0 to /home/runner/work/ozone/ozone/hadoop-ozone/integration-test/target/test-dir/MiniOzoneClusterImpl-2a0ec25a-3990-4628-8b93-857bbff79694/ozone-meta/ratis/bf265839-605b-3f16-9796-c5ba1605619e/current/log_0-24839
2023-09-29 09:14:15,759 [om1@group-C5BA1605619E-SegmentedRaftLogWorker] INFO  segmented.SegmentedRaftLogWorker (SegmentedRaftLogWorker.java:execute(651)) - om1@group-C5BA1605619E-SegmentedRaftLogWorker: created new log segment /home/runner/work/ozone/ozone/hadoop-ozone/integration-test/target/test-dir/MiniOzoneClusterImpl-2a0ec25a-3990-4628-8b93-857bbff79694/ozone-meta/ratis/bf265839-605b-3f16-9796-c5ba1605619e/current/log_inprogress_24840
]]></system-out>
  </testcase>
  <testcase name="testListStatusIteratorOnPageSize" classname="TestRootedOzoneFileSystemWithFSO" time="37.632">
    <system-out><![CDATA[2023-09-29 09:15:29,571 [Time-limited test] INFO  rpc.RpcClient (RpcClient.java:createVolume(462)) - Creating Volume: volume91146, with user75356 as owner and space quota set to -1 bytes, counts quota set to -1
2023-09-29 09:15:29,572 [IPC Server handler 3 on default port 15057] INFO  volume.OMVolumeCreateRequest (OMVolumeCreateRequest.java:validateAndUpdateCache(196)) - created volume:volume91146 for user:user75356
2023-09-29 09:15:29,573 [Time-limited test] INFO  rpc.RpcClient (RpcClient.java:createBucket(689)) - Creating Bucket: volume91146/bucket81128, with bucket layout FILE_SYSTEM_OPTIMIZED, runner as owner, Versioning false, Storage Type set to DISK and Encryption set to false, Replication Type set to server-side default replication type, Namespace Quota set to -1, Space Quota set to -1 
2023-09-29 09:15:29,574 [IPC Server handler 14 on default port 15057] INFO  bucket.OMBucketCreateRequest (OMBucketCreateRequest.java:validateAndUpdateCache(270)) - created bucket: bucket81128 of layout FILE_SYSTEM_OPTIMIZED in volume: volume91146
2023-09-29 09:15:40,738 [JvmPauseMonitor12] WARN  util.JvmPauseMonitor (JvmPauseMonitor.java:detectPause(124)) - JvmPauseMonitor-c0cdbf58-0bce-4385-b76e-2e20c526d69e: Detected pause in JVM or host machine approximately 0.145s with 0.165s GC time.
GC pool 'PS Scavenge' had collection(s): count=1 time=165ms
2023-09-29 09:15:40,739 [JvmPauseMonitor8] WARN  util.JvmPauseMonitor (JvmPauseMonitor.java:detectPause(124)) - JvmPauseMonitor-08de34fd-1411-4b67-b8ff-38ec8c60c046: Detected pause in JVM or host machine approximately 0.146s with 0.165s GC time.
GC pool 'PS Scavenge' had collection(s): count=1 time=165ms
2023-09-29 09:15:40,740 [JvmPauseMonitor13] WARN  util.JvmPauseMonitor (JvmPauseMonitor.java:detectPause(124)) - JvmPauseMonitor-621c2e90-a4eb-4c74-8f52-bedc5a92b31f: Detected pause in JVM or host machine approximately 0.150s with 0.165s GC time.
GC pool 'PS Scavenge' had collection(s): count=1 time=165ms
2023-09-29 09:15:40,741 [JvmPauseMonitor9] WARN  util.JvmPauseMonitor (JvmPauseMonitor.java:detectPause(124)) - JvmPauseMonitor-380230e5-39f9-49de-9a23-78c86f98f3f3: Detected pause in JVM or host machine approximately 0.151s with 0.165s GC time.
GC pool 'PS Scavenge' had collection(s): count=1 time=165ms
2023-09-29 09:15:52,396 [SstFilteringService#0] INFO  snapshot.SnapshotCache (SnapshotCache.java:lambda$1(170)) - Loading snapshot. Table key: /volume01942/bucket59220/s20230929-091523.146
2023-09-29 09:15:52,398 [SstFilteringService#0] INFO  snapshot.SnapshotCache (SnapshotCache.java:lambda$1(170)) - Loading snapshot. Table key: /volume01942/bucket59220/s20230929-091523.282
2023-09-29 09:15:52,486 [IPC Server handler 0 on default port 15054] INFO  ha.SequenceIdGenerator (SequenceIdGenerator.java:getNextId(140)) - Allocate a batch for delTxnId, change lastId from 0 to 1000.
2023-09-29 09:15:52,720 [KeyDeletingService#0] INFO  snapshot.SnapshotCache (SnapshotCache.java:lambda$1(170)) - Loading snapshot. Table key: /volume01942/bucket59220/s20230929-091523.146
2023-09-29 09:15:52,721 [KeyDeletingService#0] INFO  snapshot.SnapshotCache (SnapshotCache.java:lambda$1(170)) - Loading snapshot. Table key: /volume01942/bucket59220/s20230929-091523.282
2023-09-29 09:15:52,721 [KeyDeletingService#0] INFO  snapshot.SnapshotCache (SnapshotCache.java:lambda$1(170)) - Loading snapshot. Table key: /volume01942/bucket59220/s20230929-091523.146
2023-09-29 09:15:52,729 [KeyDeletingService#0] INFO  snapshot.SnapshotCache (SnapshotCache.java:lambda$1(170)) - Loading snapshot. Table key: /volume01942/bucket59220/s20230929-091524.422
2023-09-29 09:15:52,729 [KeyDeletingService#0] INFO  snapshot.SnapshotCache (SnapshotCache.java:lambda$1(170)) - Loading snapshot. Table key: /volume01942/bucket59220/s20230929-091523.282
2023-09-29 09:15:52,740 [KeyDeletingService#0] INFO  snapshot.SnapshotCache (SnapshotCache.java:lambda$1(170)) - Loading snapshot. Table key: /volume48208/bucket09526/snap1
2023-09-29 09:15:52,769 [KeyDeletingService#0] INFO  snapshot.SnapshotCache (SnapshotCache.java:lambda$1(170)) - Loading snapshot. Table key: /volume48208/bucket09526/snap2
2023-09-29 09:15:52,771 [KeyDeletingService#0] INFO  snapshot.SnapshotCache (SnapshotCache.java:lambda$1(170)) - Loading snapshot. Table key: /volume48208/bucket09526/snap1
2023-09-29 09:15:52,777 [KeyDeletingService#0] INFO  snapshot.SnapshotCache (SnapshotCache.java:lambda$1(170)) - Loading snapshot. Table key: /volume69901/bucket22158/snap1
2023-09-29 09:15:54,939 [BlockDeletingService#0] INFO  interfaces.ContainerDeletionChoosingPolicyTemplate (ContainerDeletionChoosingPolicyTemplate.java:chooseContainerForBlockDeletion(85)) - Chosen 0/5000 blocks from 0 candidate containers.
2023-09-29 09:15:55,316 [BlockDeletingService#0] INFO  interfaces.ContainerDeletionChoosingPolicyTemplate (ContainerDeletionChoosingPolicyTemplate.java:chooseContainerForBlockDeletion(85)) - Chosen 0/5000 blocks from 0 candidate containers.
2023-09-29 09:15:55,669 [BlockDeletingService#0] INFO  interfaces.ContainerDeletionChoosingPolicyTemplate (ContainerDeletionChoosingPolicyTemplate.java:chooseContainerForBlockDeletion(85)) - Chosen 0/5000 blocks from 0 candidate containers.
2023-09-29 09:15:56,028 [BlockDeletingService#0] INFO  interfaces.ContainerDeletionChoosingPolicyTemplate (ContainerDeletionChoosingPolicyTemplate.java:chooseContainerForBlockDeletion(85)) - Chosen 0/5000 blocks from 0 candidate containers.
2023-09-29 09:15:56,389 [BlockDeletingService#0] INFO  interfaces.ContainerDeletionChoosingPolicyTemplate (ContainerDeletionChoosingPolicyTemplate.java:chooseContainerForBlockDeletion(85)) - Chosen 0/5000 blocks from 0 candidate containers.
2023-09-29 09:15:57,209 [KeyDeletingService#0] INFO  utils.BackgroundService (AbstractKeyDeletingService.java:optimizeDirDeletesAndSubmitRequest(445)) - Number of dirs deleted: 3883, Number of sub-dir deleted: 31, Number of sub-files moved: 1238 to DeletedTable, Number of sub-dirs moved 0 to DeletedDirectoryTable, iteration elapsed: 4820ms, totalRunCount: 2
]]></system-out>
  </testcase>
  <testcase name="testMkdirOnNonExistentVolumeBucketDir" classname="TestRootedOzoneFileSystemWithFSO" time="0">
    <skipped type="org.junit.AssumptionViolatedException"><![CDATA[org.junit.AssumptionViolatedException: FS Path is enabled. Skipping this test as it is not tuned for FS Path yet
	at org.junit.Assume.assumeTrue(Assume.java:68)
	at org.apache.hadoop.fs.ozone.TestRootedOzoneFileSystem.testMkdirOnNonExistentVolumeBucketDir(TestRootedOzoneFileSystem.java:706)
	at sun.reflect.NativeMethodAccessorImpl.invoke0(Native Method)
	at sun.reflect.NativeMethodAccessorImpl.invoke(NativeMethodAccessorImpl.java:62)
	at sun.reflect.DelegatingMethodAccessorImpl.invoke(DelegatingMethodAccessorImpl.java:43)
	at java.lang.reflect.Method.invoke(Method.java:498)
	at org.junit.runners.model.FrameworkMethod$1.runReflectiveCall(FrameworkMethod.java:59)
	at org.junit.internal.runners.model.ReflectiveCallable.run(ReflectiveCallable.java:12)
	at org.junit.runners.model.FrameworkMethod.invokeExplosively(FrameworkMethod.java:56)
	at org.junit.internal.runners.statements.InvokeMethod.evaluate(InvokeMethod.java:17)
	at org.junit.internal.runners.statements.RunBefores.evaluate(RunBefores.java:26)
	at org.junit.internal.runners.statements.RunAfters.evaluate(RunAfters.java:27)
	at org.junit.internal.runners.statements.FailOnTimeout$CallableStatement.call(FailOnTimeout.java:288)
	at org.junit.internal.runners.statements.FailOnTimeout$CallableStatement.call(FailOnTimeout.java:282)
	at java.util.concurrent.FutureTask.run(FutureTask.java:266)
	at java.lang.Thread.run(Thread.java:750)
]]></skipped>
    <system-out><![CDATA[2023-09-29 09:14:33,793 [Time-limited test] INFO  rpc.RpcClient (RpcClient.java:createVolume(462)) - Creating Volume: volume01146, with user42034 as owner and space quota set to -1 bytes, counts quota set to -1
2023-09-29 09:14:33,805 [OM StateMachine ApplyTransaction Thread - 0] INFO  volume.OMVolumeCreateRequest (OMVolumeCreateRequest.java:validateAndUpdateCache(196)) - created volume:volume01146 for user:user42034
2023-09-29 09:14:33,806 [Time-limited test] INFO  rpc.RpcClient (RpcClient.java:createBucket(689)) - Creating Bucket: volume01146/bucket11281, with bucket layout FILE_SYSTEM_OPTIMIZED, runner as owner, Versioning false, Storage Type set to DISK and Encryption set to false, Replication Type set to server-side default replication type, Namespace Quota set to -1, Space Quota set to -1 
2023-09-29 09:14:33,809 [OM StateMachine ApplyTransaction Thread - 0] INFO  bucket.OMBucketCreateRequest (OMBucketCreateRequest.java:validateAndUpdateCache(270)) - created bucket: bucket11281 of layout FILE_SYSTEM_OPTIMIZED in volume: volume01146
]]></system-out>
  </testcase>
  <testcase name="testMkdirOnNonExistentVolumeBucketDir" classname="TestRootedOzoneFileSystemWithFSO" time="0">
    <skipped type="org.junit.AssumptionViolatedException"><![CDATA[org.junit.AssumptionViolatedException: FS Path is enabled. Skipping this test as it is not tuned for FS Path yet
	at org.junit.Assume.assumeTrue(Assume.java:68)
	at org.apache.hadoop.fs.ozone.TestRootedOzoneFileSystem.testMkdirOnNonExistentVolumeBucketDir(TestRootedOzoneFileSystem.java:706)
	at sun.reflect.NativeMethodAccessorImpl.invoke0(Native Method)
	at sun.reflect.NativeMethodAccessorImpl.invoke(NativeMethodAccessorImpl.java:62)
	at sun.reflect.DelegatingMethodAccessorImpl.invoke(DelegatingMethodAccessorImpl.java:43)
	at java.lang.reflect.Method.invoke(Method.java:498)
	at org.junit.runners.model.FrameworkMethod$1.runReflectiveCall(FrameworkMethod.java:59)
	at org.junit.internal.runners.model.ReflectiveCallable.run(ReflectiveCallable.java:12)
	at org.junit.runners.model.FrameworkMethod.invokeExplosively(FrameworkMethod.java:56)
	at org.junit.internal.runners.statements.InvokeMethod.evaluate(InvokeMethod.java:17)
	at org.junit.internal.runners.statements.RunBefores.evaluate(RunBefores.java:26)
	at org.junit.internal.runners.statements.RunAfters.evaluate(RunAfters.java:27)
	at org.junit.internal.runners.statements.FailOnTimeout$CallableStatement.call(FailOnTimeout.java:288)
	at org.junit.internal.runners.statements.FailOnTimeout$CallableStatement.call(FailOnTimeout.java:282)
	at java.util.concurrent.FutureTask.run(FutureTask.java:266)
	at java.lang.Thread.run(Thread.java:750)
]]></skipped>
    <system-out><![CDATA[2023-09-29 09:16:07,197 [Time-limited test] INFO  rpc.RpcClient (RpcClient.java:createVolume(462)) - Creating Volume: volume43804, with user56584 as owner and space quota set to -1 bytes, counts quota set to -1
2023-09-29 09:16:07,204 [IPC Server handler 14 on default port 15057] INFO  volume.OMVolumeCreateRequest (OMVolumeCreateRequest.java:validateAndUpdateCache(196)) - created volume:volume43804 for user:user56584
2023-09-29 09:16:07,206 [Time-limited test] INFO  rpc.RpcClient (RpcClient.java:createBucket(689)) - Creating Bucket: volume43804/bucket47219, with bucket layout FILE_SYSTEM_OPTIMIZED, runner as owner, Versioning false, Storage Type set to DISK and Encryption set to false, Replication Type set to server-side default replication type, Namespace Quota set to -1, Space Quota set to -1 
2023-09-29 09:16:07,207 [IPC Server handler 15 on default port 15057] INFO  bucket.OMBucketCreateRequest (OMBucketCreateRequest.java:validateAndUpdateCache(270)) - created bucket: bucket47219 of layout FILE_SYSTEM_OPTIMIZED in volume: volume43804
]]></system-out>
  </testcase>
  <testcase name="testListStatusIteratorInBucket" classname="TestRootedOzoneFileSystemWithFSO" time="0.085">
    <system-out><![CDATA[2023-09-29 09:14:33,878 [Time-limited test] INFO  rpc.RpcClient (RpcClient.java:createVolume(462)) - Creating Volume: volume07294, with user65412 as owner and space quota set to -1 bytes, counts quota set to -1
2023-09-29 09:14:33,880 [OM StateMachine ApplyTransaction Thread - 0] INFO  volume.OMVolumeCreateRequest (OMVolumeCreateRequest.java:validateAndUpdateCache(196)) - created volume:volume07294 for user:user65412
2023-09-29 09:14:33,881 [Time-limited test] INFO  rpc.RpcClient (RpcClient.java:createBucket(689)) - Creating Bucket: volume07294/bucket44176, with bucket layout FILE_SYSTEM_OPTIMIZED, runner as owner, Versioning false, Storage Type set to DISK and Encryption set to false, Replication Type set to server-side default replication type, Namespace Quota set to -1, Space Quota set to -1 
2023-09-29 09:14:33,885 [OM StateMachine ApplyTransaction Thread - 0] INFO  bucket.OMBucketCreateRequest (OMBucketCreateRequest.java:validateAndUpdateCache(270)) - created bucket: bucket44176 of layout FILE_SYSTEM_OPTIMIZED in volume: volume07294
]]></system-out>
  </testcase>
  <testcase name="testListStatusIteratorInBucket" classname="TestRootedOzoneFileSystemWithFSO" time="0.047">
    <system-out><![CDATA[2023-09-29 09:16:07,234 [Time-limited test] INFO  rpc.RpcClient (RpcClient.java:createVolume(462)) - Creating Volume: volume96291, with user22461 as owner and space quota set to -1 bytes, counts quota set to -1
2023-09-29 09:16:07,235 [IPC Server handler 10 on default port 15057] INFO  volume.OMVolumeCreateRequest (OMVolumeCreateRequest.java:validateAndUpdateCache(196)) - created volume:volume96291 for user:user22461
2023-09-29 09:16:07,240 [Time-limited test] INFO  rpc.RpcClient (RpcClient.java:createBucket(689)) - Creating Bucket: volume96291/bucket43811, with bucket layout FILE_SYSTEM_OPTIMIZED, runner as owner, Versioning false, Storage Type set to DISK and Encryption set to false, Replication Type set to server-side default replication type, Namespace Quota set to -1, Space Quota set to -1 
2023-09-29 09:16:07,241 [IPC Server handler 14 on default port 15057] INFO  bucket.OMBucketCreateRequest (OMBucketCreateRequest.java:validateAndUpdateCache(270)) - created bucket: bucket43811 of layout FILE_SYSTEM_OPTIMIZED in volume: volume96291
]]></system-out>
  </testcase>
  <testcase name="testSymlinkPosixDelete" classname="TestRootedOzoneFileSystemWithFSO" time="0.24">
    <system-out><![CDATA[2023-09-29 09:14:33,940 [Time-limited test] INFO  rpc.RpcClient (RpcClient.java:createVolume(462)) - Creating Volume: volume62804, with user99791 as owner and space quota set to -1 bytes, counts quota set to -1
2023-09-29 09:14:33,942 [OM StateMachine ApplyTransaction Thread - 0] INFO  volume.OMVolumeCreateRequest (OMVolumeCreateRequest.java:validateAndUpdateCache(196)) - created volume:volume62804 for user:user99791
2023-09-29 09:14:33,943 [Time-limited test] INFO  rpc.RpcClient (RpcClient.java:createBucket(689)) - Creating Bucket: volume62804/bucket95296, with bucket layout FILE_SYSTEM_OPTIMIZED, runner as owner, Versioning false, Storage Type set to DISK and Encryption set to false, Replication Type set to server-side default replication type, Namespace Quota set to -1, Space Quota set to -1 
2023-09-29 09:14:33,945 [OM StateMachine ApplyTransaction Thread - 0] INFO  bucket.OMBucketCreateRequest (OMBucketCreateRequest.java:validateAndUpdateCache(270)) - created bucket: bucket95296 of layout FILE_SYSTEM_OPTIMIZED in volume: volume62804
2023-09-29 09:14:33,948 [Time-limited test] INFO  rpc.RpcClient (RpcClient.java:createVolume(462)) - Creating Volume: volume-64916, with runner as owner and space quota set to -1 bytes, counts quota set to -1
2023-09-29 09:14:33,949 [OM StateMachine ApplyTransaction Thread - 0] INFO  volume.OMVolumeCreateRequest (OMVolumeCreateRequest.java:validateAndUpdateCache(196)) - created volume:volume-64916 for user:runner
09:14:33.950 [IPC Server handler 18 on default port 15004] ERROR OMAudit - user=runner | ip=127.0.0.1 | op=READ_BUCKET {volume=volume-64916, bucket=bucket} | ret=FAILURE
org.apache.hadoop.ozone.om.exceptions.OMException: Bucket not found
	at org.apache.hadoop.ozone.om.BucketManagerImpl.getBucketInfo(BucketManagerImpl.java:85) ~[ozone-manager-1.4.0-SNAPSHOT.jar:?]
	at org.apache.hadoop.ozone.om.OzoneManager.getBucketInfo(OzoneManager.java:2798) ~[ozone-manager-1.4.0-SNAPSHOT.jar:?]
	at org.apache.hadoop.ozone.protocolPB.OzoneManagerRequestHandler.infoBucket(OzoneManagerRequestHandler.java:554) ~[ozone-manager-1.4.0-SNAPSHOT.jar:?]
	at org.apache.hadoop.ozone.protocolPB.OzoneManagerRequestHandler.handleReadRequest(OzoneManagerRequestHandler.java:204) ~[ozone-manager-1.4.0-SNAPSHOT.jar:?]
	at org.apache.hadoop.ozone.protocolPB.OzoneManagerProtocolServerSideTranslatorPB.submitReadRequestToOM(OzoneManagerProtocolServerSideTranslatorPB.java:225) ~[ozone-manager-1.4.0-SNAPSHOT.jar:?]
	at org.apache.hadoop.ozone.protocolPB.OzoneManagerProtocolServerSideTranslatorPB.processRequest(OzoneManagerProtocolServerSideTranslatorPB.java:179) ~[ozone-manager-1.4.0-SNAPSHOT.jar:?]
	at org.apache.hadoop.hdds.server.OzoneProtocolMessageDispatcher.processRequest(OzoneProtocolMessageDispatcher.java:87) [hdds-server-framework-1.4.0-SNAPSHOT.jar:?]
	at org.apache.hadoop.ozone.protocolPB.OzoneManagerProtocolServerSideTranslatorPB.submitRequest(OzoneManagerProtocolServerSideTranslatorPB.java:148) [ozone-manager-1.4.0-SNAPSHOT.jar:?]
	at org.apache.hadoop.ozone.protocol.proto.OzoneManagerProtocolProtos$OzoneManagerService$2.callBlockingMethod(OzoneManagerProtocolProtos.java) [ozone-interface-client-1.4.0-SNAPSHOT.jar:?]
	at org.apache.hadoop.ipc.ProtobufRpcEngine$Server.processCall(ProtobufRpcEngine.java:484) [hadoop-common-3.3.6.jar:?]
	at org.apache.hadoop.ipc.ProtobufRpcEngine2$Server$ProtoBufRpcInvoker.call(ProtobufRpcEngine2.java:595) [hadoop-common-3.3.6.jar:?]
	at org.apache.hadoop.ipc.ProtobufRpcEngine2$Server$ProtoBufRpcInvoker.call(ProtobufRpcEngine2.java:573) [hadoop-common-3.3.6.jar:?]
	at org.apache.hadoop.ipc.RPC$Server.call(RPC.java:1227) [hadoop-common-3.3.6.jar:?]
	at org.apache.hadoop.ipc.Server$RpcCall.run(Server.java:1094) [hadoop-common-3.3.6.jar:?]
	at org.apache.hadoop.ipc.Server$RpcCall.run(Server.java:1017) [hadoop-common-3.3.6.jar:?]
	at java.security.AccessController.doPrivileged(Native Method) ~[?:1.8.0_382]
	at javax.security.auth.Subject.doAs(Subject.java:422) [?:1.8.0_382]
	at org.apache.hadoop.security.UserGroupInformation.doAs(UserGroupInformation.java:1899) [hadoop-common-3.3.6.jar:?]
	at org.apache.hadoop.ipc.Server$Handler.run(Server.java:3048) [hadoop-common-3.3.6.jar:?]
2023-09-29 09:14:33,952 [Time-limited test] INFO  rpc.RpcClient (RpcClient.java:createBucket(689)) - Creating Bucket: volume-64916/bucket, with bucket layout FILE_SYSTEM_OPTIMIZED, runner as owner, Versioning false, Storage Type set to DISK and Encryption set to false, Replication Type set to server-side default replication type, Namespace Quota set to -1, Space Quota set to -1 
2023-09-29 09:14:33,953 [OM StateMachine ApplyTransaction Thread - 0] INFO  bucket.OMBucketCreateRequest (OMBucketCreateRequest.java:validateAndUpdateCache(270)) - created bucket: bucket of layout FILE_SYSTEM_OPTIMIZED in volume: volume-64916
2023-09-29 09:14:33,961 [Time-limited test] INFO  rpc.RpcClient (RpcClient.java:createVolume(462)) - Creating Volume: volume-20154, with runner as owner and space quota set to -1 bytes, counts quota set to -1
2023-09-29 09:14:33,962 [OM StateMachine ApplyTransaction Thread - 0] INFO  volume.OMVolumeCreateRequest (OMVolumeCreateRequest.java:validateAndUpdateCache(196)) - created volume:volume-20154 for user:runner
2023-09-29 09:14:33,964 [Time-limited test] INFO  rpc.RpcClient (RpcClient.java:createBucket(689)) - Creating Bucket: volume-20154/bucket, with server-side default bucket layout, runner as owner, Versioning false, Storage Type set to DISK and Encryption set to false, Replication Type set to server-side default replication type, Namespace Quota set to -1, Space Quota set to -1 
2023-09-29 09:14:33,965 [OM StateMachine ApplyTransaction Thread - 0] INFO  bucket.OMBucketCreateRequest (OMBucketCreateRequest.java:validateAndUpdateCache(270)) - created bucket: bucket of layout FILE_SYSTEM_OPTIMIZED in volume: volume-20154
2023-09-29 09:14:34,067 [IPC Server handler 14 on default port 15001] WARN  node.SCMNodeManager (SCMNodeManager.java:getNodesByAddress(1373)) - Cannot find node for address 127.0.0.1
Deleted ofs://localhost:15004/volume-20154/bucket
09:14:34.084 [IPC Server handler 10 on default port 15004] ERROR OMAudit - user=runner | ip=127.0.0.1 | op=READ_BUCKET {volume=volume-20154, bucket=bucket} | ret=FAILURE
org.apache.hadoop.ozone.om.exceptions.OMException: Bucket not found
	at org.apache.hadoop.ozone.om.BucketManagerImpl.getBucketInfo(BucketManagerImpl.java:85) ~[ozone-manager-1.4.0-SNAPSHOT.jar:?]
	at org.apache.hadoop.ozone.om.OzoneManager.getBucketInfo(OzoneManager.java:2798) ~[ozone-manager-1.4.0-SNAPSHOT.jar:?]
	at org.apache.hadoop.ozone.protocolPB.OzoneManagerRequestHandler.infoBucket(OzoneManagerRequestHandler.java:554) ~[ozone-manager-1.4.0-SNAPSHOT.jar:?]
	at org.apache.hadoop.ozone.protocolPB.OzoneManagerRequestHandler.handleReadRequest(OzoneManagerRequestHandler.java:204) ~[ozone-manager-1.4.0-SNAPSHOT.jar:?]
	at org.apache.hadoop.ozone.protocolPB.OzoneManagerProtocolServerSideTranslatorPB.submitReadRequestToOM(OzoneManagerProtocolServerSideTranslatorPB.java:225) ~[ozone-manager-1.4.0-SNAPSHOT.jar:?]
	at org.apache.hadoop.ozone.protocolPB.OzoneManagerProtocolServerSideTranslatorPB.processRequest(OzoneManagerProtocolServerSideTranslatorPB.java:179) ~[ozone-manager-1.4.0-SNAPSHOT.jar:?]
	at org.apache.hadoop.hdds.server.OzoneProtocolMessageDispatcher.processRequest(OzoneProtocolMessageDispatcher.java:87) [hdds-server-framework-1.4.0-SNAPSHOT.jar:?]
	at org.apache.hadoop.ozone.protocolPB.OzoneManagerProtocolServerSideTranslatorPB.submitRequest(OzoneManagerProtocolServerSideTranslatorPB.java:148) [ozone-manager-1.4.0-SNAPSHOT.jar:?]
	at org.apache.hadoop.ozone.protocol.proto.OzoneManagerProtocolProtos$OzoneManagerService$2.callBlockingMethod(OzoneManagerProtocolProtos.java) [ozone-interface-client-1.4.0-SNAPSHOT.jar:?]
	at org.apache.hadoop.ipc.ProtobufRpcEngine$Server.processCall(ProtobufRpcEngine.java:484) [hadoop-common-3.3.6.jar:?]
	at org.apache.hadoop.ipc.ProtobufRpcEngine2$Server$ProtoBufRpcInvoker.call(ProtobufRpcEngine2.java:595) [hadoop-common-3.3.6.jar:?]
	at org.apache.hadoop.ipc.ProtobufRpcEngine2$Server$ProtoBufRpcInvoker.call(ProtobufRpcEngine2.java:573) [hadoop-common-3.3.6.jar:?]
	at org.apache.hadoop.ipc.RPC$Server.call(RPC.java:1227) [hadoop-common-3.3.6.jar:?]
	at org.apache.hadoop.ipc.Server$RpcCall.run(Server.java:1094) [hadoop-common-3.3.6.jar:?]
	at org.apache.hadoop.ipc.Server$RpcCall.run(Server.java:1017) [hadoop-common-3.3.6.jar:?]
	at java.security.AccessController.doPrivileged(Native Method) ~[?:1.8.0_382]
	at javax.security.auth.Subject.doAs(Subject.java:422) [?:1.8.0_382]
	at org.apache.hadoop.security.UserGroupInformation.doAs(UserGroupInformation.java:1899) [hadoop-common-3.3.6.jar:?]
	at org.apache.hadoop.ipc.Server$Handler.run(Server.java:3048) [hadoop-common-3.3.6.jar:?]
2023-09-29 09:14:34,088 [IPC Server handler 9 on default port 15001] WARN  node.SCMNodeManager (SCMNodeManager.java:getNodesByAddress(1373)) - Cannot find node for address 127.0.0.1
2023-09-29 09:14:34,090 [Time-limited test] INFO  rpc.RpcClient (RpcClient.java:createBucket(689)) - Creating Bucket: volume-20154/bucket, with server-side default bucket layout, runner as owner, Versioning false, Storage Type set to DISK and Encryption set to false, Replication Type set to server-side default replication type, Namespace Quota set to -1, Space Quota set to -1 
2023-09-29 09:14:34,091 [OM StateMachine ApplyTransaction Thread - 0] INFO  bucket.OMBucketCreateRequest (OMBucketCreateRequest.java:validateAndUpdateCache(270)) - created bucket: bucket of layout FILE_SYSTEM_OPTIMIZED in volume: volume-20154
Deleted ofs://localhost:15004/volume-20154/bucket/
09:14:34.123 [IPC Server handler 8 on default port 15004] ERROR OMAudit - user=runner | ip=127.0.0.1 | op=READ_KEY {volume=volume-64916, bucket=bucket, key=object-dir/object-name1, dataSize=0, replicationConfig=null} | ret=FAILURE
org.apache.hadoop.ozone.om.exceptions.OMException: Key:object-dir/object-name1 not found
	at org.apache.hadoop.ozone.om.KeyManagerImpl.readKeyInfo(KeyManagerImpl.java:428) ~[ozone-manager-1.4.0-SNAPSHOT.jar:?]
	at org.apache.hadoop.ozone.om.KeyManagerImpl.lambda$9(KeyManagerImpl.java:1952) ~[ozone-manager-1.4.0-SNAPSHOT.jar:?]
	at org.apache.hadoop.util.MetricUtil.captureLatencyNs(MetricUtil.java:39) ~[hdds-common-1.4.0-SNAPSHOT.jar:?]
	at org.apache.hadoop.ozone.om.KeyManagerImpl.getKeyInfo(KeyManagerImpl.java:1950) ~[ozone-manager-1.4.0-SNAPSHOT.jar:?]
	at org.apache.hadoop.ozone.om.OmMetadataReader.getKeyInfo(OmMetadataReader.java:189) ~[ozone-manager-1.4.0-SNAPSHOT.jar:?]
	at org.apache.hadoop.ozone.om.OzoneManager.getKeyInfo(OzoneManager.java:2833) ~[ozone-manager-1.4.0-SNAPSHOT.jar:?]
	at org.apache.hadoop.ozone.protocolPB.OzoneManagerRequestHandler.getKeyInfo(OzoneManagerRequestHandler.java:594) ~[ozone-manager-1.4.0-SNAPSHOT.jar:?]
	at org.apache.hadoop.ozone.protocolPB.OzoneManagerRequestHandler.handleReadRequest(OzoneManagerRequestHandler.java:313) ~[ozone-manager-1.4.0-SNAPSHOT.jar:?]
	at org.apache.hadoop.ozone.protocolPB.OzoneManagerProtocolServerSideTranslatorPB.submitReadRequestToOM(OzoneManagerProtocolServerSideTranslatorPB.java:225) ~[ozone-manager-1.4.0-SNAPSHOT.jar:?]
	at org.apache.hadoop.ozone.protocolPB.OzoneManagerProtocolServerSideTranslatorPB.processRequest(OzoneManagerProtocolServerSideTranslatorPB.java:179) ~[ozone-manager-1.4.0-SNAPSHOT.jar:?]
	at org.apache.hadoop.hdds.server.OzoneProtocolMessageDispatcher.processRequest(OzoneProtocolMessageDispatcher.java:87) [hdds-server-framework-1.4.0-SNAPSHOT.jar:?]
	at org.apache.hadoop.ozone.protocolPB.OzoneManagerProtocolServerSideTranslatorPB.submitRequest(OzoneManagerProtocolServerSideTranslatorPB.java:148) [ozone-manager-1.4.0-SNAPSHOT.jar:?]
	at org.apache.hadoop.ozone.protocol.proto.OzoneManagerProtocolProtos$OzoneManagerService$2.callBlockingMethod(OzoneManagerProtocolProtos.java) [ozone-interface-client-1.4.0-SNAPSHOT.jar:?]
	at org.apache.hadoop.ipc.ProtobufRpcEngine$Server.processCall(ProtobufRpcEngine.java:484) [hadoop-common-3.3.6.jar:?]
	at org.apache.hadoop.ipc.ProtobufRpcEngine2$Server$ProtoBufRpcInvoker.call(ProtobufRpcEngine2.java:595) [hadoop-common-3.3.6.jar:?]
	at org.apache.hadoop.ipc.ProtobufRpcEngine2$Server$ProtoBufRpcInvoker.call(ProtobufRpcEngine2.java:573) [hadoop-common-3.3.6.jar:?]
	at org.apache.hadoop.ipc.RPC$Server.call(RPC.java:1227) [hadoop-common-3.3.6.jar:?]
	at org.apache.hadoop.ipc.Server$RpcCall.run(Server.java:1094) [hadoop-common-3.3.6.jar:?]
	at org.apache.hadoop.ipc.Server$RpcCall.run(Server.java:1017) [hadoop-common-3.3.6.jar:?]
	at java.security.AccessController.doPrivileged(Native Method) ~[?:1.8.0_382]
	at javax.security.auth.Subject.doAs(Subject.java:422) [?:1.8.0_382]
	at org.apache.hadoop.security.UserGroupInformation.doAs(UserGroupInformation.java:1899) [hadoop-common-3.3.6.jar:?]
	at org.apache.hadoop.ipc.Server$Handler.run(Server.java:3048) [hadoop-common-3.3.6.jar:?]
Deleted ofs://localhost:15004/volume-20154/bucket
09:14:34.138 [IPC Server handler 8 on default port 15004] ERROR OMAudit - user=runner | ip=127.0.0.1 | op=READ_BUCKET {volume=volume-20154, bucket=bucket} | ret=FAILURE
org.apache.hadoop.ozone.om.exceptions.OMException: Bucket not found
	at org.apache.hadoop.ozone.om.BucketManagerImpl.getBucketInfo(BucketManagerImpl.java:85) ~[ozone-manager-1.4.0-SNAPSHOT.jar:?]
	at org.apache.hadoop.ozone.om.OzoneManager.getBucketInfo(OzoneManager.java:2798) ~[ozone-manager-1.4.0-SNAPSHOT.jar:?]
	at org.apache.hadoop.ozone.protocolPB.OzoneManagerRequestHandler.infoBucket(OzoneManagerRequestHandler.java:554) ~[ozone-manager-1.4.0-SNAPSHOT.jar:?]
	at org.apache.hadoop.ozone.protocolPB.OzoneManagerRequestHandler.handleReadRequest(OzoneManagerRequestHandler.java:204) ~[ozone-manager-1.4.0-SNAPSHOT.jar:?]
	at org.apache.hadoop.ozone.protocolPB.OzoneManagerProtocolServerSideTranslatorPB.submitReadRequestToOM(OzoneManagerProtocolServerSideTranslatorPB.java:225) ~[ozone-manager-1.4.0-SNAPSHOT.jar:?]
	at org.apache.hadoop.ozone.protocolPB.OzoneManagerProtocolServerSideTranslatorPB.processRequest(OzoneManagerProtocolServerSideTranslatorPB.java:179) ~[ozone-manager-1.4.0-SNAPSHOT.jar:?]
	at org.apache.hadoop.hdds.server.OzoneProtocolMessageDispatcher.processRequest(OzoneProtocolMessageDispatcher.java:87) [hdds-server-framework-1.4.0-SNAPSHOT.jar:?]
	at org.apache.hadoop.ozone.protocolPB.OzoneManagerProtocolServerSideTranslatorPB.submitRequest(OzoneManagerProtocolServerSideTranslatorPB.java:148) [ozone-manager-1.4.0-SNAPSHOT.jar:?]
	at org.apache.hadoop.ozone.protocol.proto.OzoneManagerProtocolProtos$OzoneManagerService$2.callBlockingMethod(OzoneManagerProtocolProtos.java) [ozone-interface-client-1.4.0-SNAPSHOT.jar:?]
	at org.apache.hadoop.ipc.ProtobufRpcEngine$Server.processCall(ProtobufRpcEngine.java:484) [hadoop-common-3.3.6.jar:?]
	at org.apache.hadoop.ipc.ProtobufRpcEngine2$Server$ProtoBufRpcInvoker.call(ProtobufRpcEngine2.java:595) [hadoop-common-3.3.6.jar:?]
	at org.apache.hadoop.ipc.ProtobufRpcEngine2$Server$ProtoBufRpcInvoker.call(ProtobufRpcEngine2.java:573) [hadoop-common-3.3.6.jar:?]
	at org.apache.hadoop.ipc.RPC$Server.call(RPC.java:1227) [hadoop-common-3.3.6.jar:?]
	at org.apache.hadoop.ipc.Server$RpcCall.run(Server.java:1094) [hadoop-common-3.3.6.jar:?]
	at org.apache.hadoop.ipc.Server$RpcCall.run(Server.java:1017) [hadoop-common-3.3.6.jar:?]
	at java.security.AccessController.doPrivileged(Native Method) ~[?:1.8.0_382]
	at javax.security.auth.Subject.doAs(Subject.java:422) [?:1.8.0_382]
	at org.apache.hadoop.security.UserGroupInformation.doAs(UserGroupInformation.java:1899) [hadoop-common-3.3.6.jar:?]
	at org.apache.hadoop.ipc.Server$Handler.run(Server.java:3048) [hadoop-common-3.3.6.jar:?]
09:14:34.140 [IPC Server handler 1 on default port 15004] ERROR OMAudit - user=runner | ip=127.0.0.1 | op=READ_BUCKET {volume=volume-20154, bucket=bucket} | ret=FAILURE
org.apache.hadoop.ozone.om.exceptions.OMException: Bucket not found
	at org.apache.hadoop.ozone.om.BucketManagerImpl.getBucketInfo(BucketManagerImpl.java:85) ~[ozone-manager-1.4.0-SNAPSHOT.jar:?]
	at org.apache.hadoop.ozone.om.OzoneManager.getBucketInfo(OzoneManager.java:2798) ~[ozone-manager-1.4.0-SNAPSHOT.jar:?]
	at org.apache.hadoop.ozone.protocolPB.OzoneManagerRequestHandler.infoBucket(OzoneManagerRequestHandler.java:554) ~[ozone-manager-1.4.0-SNAPSHOT.jar:?]
	at org.apache.hadoop.ozone.protocolPB.OzoneManagerRequestHandler.handleReadRequest(OzoneManagerRequestHandler.java:204) ~[ozone-manager-1.4.0-SNAPSHOT.jar:?]
	at org.apache.hadoop.ozone.protocolPB.OzoneManagerProtocolServerSideTranslatorPB.submitReadRequestToOM(OzoneManagerProtocolServerSideTranslatorPB.java:225) ~[ozone-manager-1.4.0-SNAPSHOT.jar:?]
	at org.apache.hadoop.ozone.protocolPB.OzoneManagerProtocolServerSideTranslatorPB.processRequest(OzoneManagerProtocolServerSideTranslatorPB.java:179) ~[ozone-manager-1.4.0-SNAPSHOT.jar:?]
	at org.apache.hadoop.hdds.server.OzoneProtocolMessageDispatcher.processRequest(OzoneProtocolMessageDispatcher.java:87) [hdds-server-framework-1.4.0-SNAPSHOT.jar:?]
	at org.apache.hadoop.ozone.protocolPB.OzoneManagerProtocolServerSideTranslatorPB.submitRequest(OzoneManagerProtocolServerSideTranslatorPB.java:148) [ozone-manager-1.4.0-SNAPSHOT.jar:?]
	at org.apache.hadoop.ozone.protocol.proto.OzoneManagerProtocolProtos$OzoneManagerService$2.callBlockingMethod(OzoneManagerProtocolProtos.java) [ozone-interface-client-1.4.0-SNAPSHOT.jar:?]
	at org.apache.hadoop.ipc.ProtobufRpcEngine$Server.processCall(ProtobufRpcEngine.java:484) [hadoop-common-3.3.6.jar:?]
	at org.apache.hadoop.ipc.ProtobufRpcEngine2$Server$ProtoBufRpcInvoker.call(ProtobufRpcEngine2.java:595) [hadoop-common-3.3.6.jar:?]
	at org.apache.hadoop.ipc.ProtobufRpcEngine2$Server$ProtoBufRpcInvoker.call(ProtobufRpcEngine2.java:573) [hadoop-common-3.3.6.jar:?]
	at org.apache.hadoop.ipc.RPC$Server.call(RPC.java:1227) [hadoop-common-3.3.6.jar:?]
	at org.apache.hadoop.ipc.Server$RpcCall.run(Server.java:1094) [hadoop-common-3.3.6.jar:?]
	at org.apache.hadoop.ipc.Server$RpcCall.run(Server.java:1017) [hadoop-common-3.3.6.jar:?]
	at java.security.AccessController.doPrivileged(Native Method) ~[?:1.8.0_382]
	at javax.security.auth.Subject.doAs(Subject.java:422) [?:1.8.0_382]
	at org.apache.hadoop.security.UserGroupInformation.doAs(UserGroupInformation.java:1899) [hadoop-common-3.3.6.jar:?]
	at org.apache.hadoop.ipc.Server$Handler.run(Server.java:3048) [hadoop-common-3.3.6.jar:?]
09:14:34.141 [IPC Server handler 9 on default port 15004] ERROR OMAudit - user=runner | ip=127.0.0.1 | op=READ_BUCKET {volume=volume-20154, bucket=bucket} | ret=FAILURE
org.apache.hadoop.ozone.om.exceptions.OMException: Bucket not found
	at org.apache.hadoop.ozone.om.BucketManagerImpl.getBucketInfo(BucketManagerImpl.java:85) ~[ozone-manager-1.4.0-SNAPSHOT.jar:?]
	at org.apache.hadoop.ozone.om.OzoneManager.getBucketInfo(OzoneManager.java:2798) ~[ozone-manager-1.4.0-SNAPSHOT.jar:?]
	at org.apache.hadoop.ozone.protocolPB.OzoneManagerRequestHandler.infoBucket(OzoneManagerRequestHandler.java:554) ~[ozone-manager-1.4.0-SNAPSHOT.jar:?]
	at org.apache.hadoop.ozone.protocolPB.OzoneManagerRequestHandler.handleReadRequest(OzoneManagerRequestHandler.java:204) ~[ozone-manager-1.4.0-SNAPSHOT.jar:?]
	at org.apache.hadoop.ozone.protocolPB.OzoneManagerProtocolServerSideTranslatorPB.submitReadRequestToOM(OzoneManagerProtocolServerSideTranslatorPB.java:225) ~[ozone-manager-1.4.0-SNAPSHOT.jar:?]
	at org.apache.hadoop.ozone.protocolPB.OzoneManagerProtocolServerSideTranslatorPB.processRequest(OzoneManagerProtocolServerSideTranslatorPB.java:179) ~[ozone-manager-1.4.0-SNAPSHOT.jar:?]
	at org.apache.hadoop.hdds.server.OzoneProtocolMessageDispatcher.processRequest(OzoneProtocolMessageDispatcher.java:87) [hdds-server-framework-1.4.0-SNAPSHOT.jar:?]
	at org.apache.hadoop.ozone.protocolPB.OzoneManagerProtocolServerSideTranslatorPB.submitRequest(OzoneManagerProtocolServerSideTranslatorPB.java:148) [ozone-manager-1.4.0-SNAPSHOT.jar:?]
	at org.apache.hadoop.ozone.protocol.proto.OzoneManagerProtocolProtos$OzoneManagerService$2.callBlockingMethod(OzoneManagerProtocolProtos.java) [ozone-interface-client-1.4.0-SNAPSHOT.jar:?]
	at org.apache.hadoop.ipc.ProtobufRpcEngine$Server.processCall(ProtobufRpcEngine.java:484) [hadoop-common-3.3.6.jar:?]
	at org.apache.hadoop.ipc.ProtobufRpcEngine2$Server$ProtoBufRpcInvoker.call(ProtobufRpcEngine2.java:595) [hadoop-common-3.3.6.jar:?]
	at org.apache.hadoop.ipc.ProtobufRpcEngine2$Server$ProtoBufRpcInvoker.call(ProtobufRpcEngine2.java:573) [hadoop-common-3.3.6.jar:?]
	at org.apache.hadoop.ipc.RPC$Server.call(RPC.java:1227) [hadoop-common-3.3.6.jar:?]
	at org.apache.hadoop.ipc.Server$RpcCall.run(Server.java:1094) [hadoop-common-3.3.6.jar:?]
	at org.apache.hadoop.ipc.Server$RpcCall.run(Server.java:1017) [hadoop-common-3.3.6.jar:?]
	at java.security.AccessController.doPrivileged(Native Method) ~[?:1.8.0_382]
	at javax.security.auth.Subject.doAs(Subject.java:422) [?:1.8.0_382]
	at org.apache.hadoop.security.UserGroupInformation.doAs(UserGroupInformation.java:1899) [hadoop-common-3.3.6.jar:?]
	at org.apache.hadoop.ipc.Server$Handler.run(Server.java:3048) [hadoop-common-3.3.6.jar:?]
2023-09-29 09:14:34,141 [Time-limited test] ERROR ozone.BasicRootedOzoneFileSystem (BasicRootedOzoneFileSystem.java:isLinkBucket(780)) - Exception while getting bucket link information, considered it as false
BUCKET_NOT_FOUND org.apache.hadoop.ozone.om.exceptions.OMException: Bucket not found
	at org.apache.hadoop.ozone.om.protocolPB.OzoneManagerProtocolClientSideTranslatorPB.handleError(OzoneManagerProtocolClientSideTranslatorPB.java:733)
	at org.apache.hadoop.ozone.om.protocolPB.OzoneManagerProtocolClientSideTranslatorPB.getBucketInfo(OzoneManagerProtocolClientSideTranslatorPB.java:582)
	at org.apache.hadoop.ozone.client.rpc.RpcClient.getBucketDetails(RpcClient.java:1244)
	at org.apache.hadoop.fs.ozone.BasicRootedOzoneClientAdapterImpl.getBucket(BasicRootedOzoneClientAdapterImpl.java:274)
	at org.apache.hadoop.fs.ozone.BasicRootedOzoneClientAdapterImpl.getBucket(BasicRootedOzoneClientAdapterImpl.java:248)
	at org.apache.hadoop.fs.ozone.BasicRootedOzoneFileSystem.isLinkBucket(BasicRootedOzoneFileSystem.java:775)
	at org.apache.hadoop.fs.ozone.BasicRootedOzoneFileSystem.deleteBucket(BasicRootedOzoneFileSystem.java:742)
	at org.apache.hadoop.fs.ozone.BasicRootedOzoneFileSystem.delete(BasicRootedOzoneFileSystem.java:696)
	at org.apache.hadoop.fs.FileSystem.delete(FileSystem.java:1763)
	at org.apache.hadoop.fs.ozone.TestRootedOzoneFileSystem.testSymlinkPosixDelete(TestRootedOzoneFileSystem.java:1703)
	at sun.reflect.NativeMethodAccessorImpl.invoke0(Native Method)
	at sun.reflect.NativeMethodAccessorImpl.invoke(NativeMethodAccessorImpl.java:62)
	at sun.reflect.DelegatingMethodAccessorImpl.invoke(DelegatingMethodAccessorImpl.java:43)
	at java.lang.reflect.Method.invoke(Method.java:498)
	at org.junit.runners.model.FrameworkMethod$1.runReflectiveCall(FrameworkMethod.java:59)
	at org.junit.internal.runners.model.ReflectiveCallable.run(ReflectiveCallable.java:12)
	at org.junit.runners.model.FrameworkMethod.invokeExplosively(FrameworkMethod.java:56)
	at org.junit.internal.runners.statements.InvokeMethod.evaluate(InvokeMethod.java:17)
	at org.junit.internal.runners.statements.RunBefores.evaluate(RunBefores.java:26)
	at org.junit.internal.runners.statements.RunAfters.evaluate(RunAfters.java:27)
	at org.junit.internal.runners.statements.FailOnTimeout$CallableStatement.call(FailOnTimeout.java:288)
	at org.junit.internal.runners.statements.FailOnTimeout$CallableStatement.call(FailOnTimeout.java:282)
	at java.util.concurrent.FutureTask.run(FutureTask.java:266)
	at java.lang.Thread.run(Thread.java:750)
2023-09-29 09:14:34,142 [Time-limited test] WARN  ozone.BasicRootedOzoneFileSystem (BasicRootedOzoneFileSystem.java:deleteBucket(746)) - delete: Path does not exist: /volume-20154/bucket
]]></system-out>
  </testcase>
  <testcase name="testSymlinkPosixDelete" classname="TestRootedOzoneFileSystemWithFSO" time="0.197">
    <system-out><![CDATA[2023-09-29 09:16:07,281 [Time-limited test] INFO  rpc.RpcClient (RpcClient.java:createVolume(462)) - Creating Volume: volume62505, with user32838 as owner and space quota set to -1 bytes, counts quota set to -1
2023-09-29 09:16:07,282 [IPC Server handler 4 on default port 15057] INFO  volume.OMVolumeCreateRequest (OMVolumeCreateRequest.java:validateAndUpdateCache(196)) - created volume:volume62505 for user:user32838
2023-09-29 09:16:07,283 [Time-limited test] INFO  rpc.RpcClient (RpcClient.java:createBucket(689)) - Creating Bucket: volume62505/bucket67607, with bucket layout FILE_SYSTEM_OPTIMIZED, runner as owner, Versioning false, Storage Type set to DISK and Encryption set to false, Replication Type set to server-side default replication type, Namespace Quota set to -1, Space Quota set to -1 
2023-09-29 09:16:07,283 [IPC Server handler 9 on default port 15057] INFO  bucket.OMBucketCreateRequest (OMBucketCreateRequest.java:validateAndUpdateCache(270)) - created bucket: bucket67607 of layout FILE_SYSTEM_OPTIMIZED in volume: volume62505
2023-09-29 09:16:07,285 [Time-limited test] INFO  rpc.RpcClient (RpcClient.java:createVolume(462)) - Creating Volume: volume-49096, with runner as owner and space quota set to -1 bytes, counts quota set to -1
2023-09-29 09:16:07,288 [IPC Server handler 10 on default port 15057] INFO  volume.OMVolumeCreateRequest (OMVolumeCreateRequest.java:validateAndUpdateCache(196)) - created volume:volume-49096 for user:runner
09:16:07.289 [IPC Server handler 14 on default port 15057] ERROR OMAudit - user=runner | ip=127.0.0.1 | op=READ_BUCKET {volume=volume-49096, bucket=bucket} | ret=FAILURE
org.apache.hadoop.ozone.om.exceptions.OMException: Bucket not found
	at org.apache.hadoop.ozone.om.BucketManagerImpl.getBucketInfo(BucketManagerImpl.java:85) ~[ozone-manager-1.4.0-SNAPSHOT.jar:?]
	at org.apache.hadoop.ozone.om.OzoneManager.getBucketInfo(OzoneManager.java:2798) ~[ozone-manager-1.4.0-SNAPSHOT.jar:?]
	at org.apache.hadoop.ozone.protocolPB.OzoneManagerRequestHandler.infoBucket(OzoneManagerRequestHandler.java:554) ~[ozone-manager-1.4.0-SNAPSHOT.jar:?]
	at org.apache.hadoop.ozone.protocolPB.OzoneManagerRequestHandler.handleReadRequest(OzoneManagerRequestHandler.java:204) ~[ozone-manager-1.4.0-SNAPSHOT.jar:?]
	at org.apache.hadoop.ozone.protocolPB.OzoneManagerProtocolServerSideTranslatorPB.submitRequestDirectlyToOM(OzoneManagerProtocolServerSideTranslatorPB.java:274) ~[ozone-manager-1.4.0-SNAPSHOT.jar:?]
	at org.apache.hadoop.ozone.protocolPB.OzoneManagerProtocolServerSideTranslatorPB.processRequest(OzoneManagerProtocolServerSideTranslatorPB.java:175) ~[ozone-manager-1.4.0-SNAPSHOT.jar:?]
	at org.apache.hadoop.hdds.server.OzoneProtocolMessageDispatcher.processRequest(OzoneProtocolMessageDispatcher.java:87) [hdds-server-framework-1.4.0-SNAPSHOT.jar:?]
	at org.apache.hadoop.ozone.protocolPB.OzoneManagerProtocolServerSideTranslatorPB.submitRequest(OzoneManagerProtocolServerSideTranslatorPB.java:148) [ozone-manager-1.4.0-SNAPSHOT.jar:?]
	at org.apache.hadoop.ozone.protocol.proto.OzoneManagerProtocolProtos$OzoneManagerService$2.callBlockingMethod(OzoneManagerProtocolProtos.java) [ozone-interface-client-1.4.0-SNAPSHOT.jar:?]
	at org.apache.hadoop.ipc.ProtobufRpcEngine$Server.processCall(ProtobufRpcEngine.java:484) [hadoop-common-3.3.6.jar:?]
	at org.apache.hadoop.ipc.ProtobufRpcEngine2$Server$ProtoBufRpcInvoker.call(ProtobufRpcEngine2.java:595) [hadoop-common-3.3.6.jar:?]
	at org.apache.hadoop.ipc.ProtobufRpcEngine2$Server$ProtoBufRpcInvoker.call(ProtobufRpcEngine2.java:573) [hadoop-common-3.3.6.jar:?]
	at org.apache.hadoop.ipc.RPC$Server.call(RPC.java:1227) [hadoop-common-3.3.6.jar:?]
	at org.apache.hadoop.ipc.Server$RpcCall.run(Server.java:1094) [hadoop-common-3.3.6.jar:?]
	at org.apache.hadoop.ipc.Server$RpcCall.run(Server.java:1017) [hadoop-common-3.3.6.jar:?]
	at java.security.AccessController.doPrivileged(Native Method) ~[?:1.8.0_382]
	at javax.security.auth.Subject.doAs(Subject.java:422) [?:1.8.0_382]
	at org.apache.hadoop.security.UserGroupInformation.doAs(UserGroupInformation.java:1899) [hadoop-common-3.3.6.jar:?]
	at org.apache.hadoop.ipc.Server$Handler.run(Server.java:3048) [hadoop-common-3.3.6.jar:?]
2023-09-29 09:16:07,290 [Time-limited test] INFO  rpc.RpcClient (RpcClient.java:createBucket(689)) - Creating Bucket: volume-49096/bucket, with bucket layout FILE_SYSTEM_OPTIMIZED, runner as owner, Versioning false, Storage Type set to DISK and Encryption set to false, Replication Type set to server-side default replication type, Namespace Quota set to -1, Space Quota set to -1 
2023-09-29 09:16:07,291 [IPC Server handler 15 on default port 15057] INFO  bucket.OMBucketCreateRequest (OMBucketCreateRequest.java:validateAndUpdateCache(270)) - created bucket: bucket of layout FILE_SYSTEM_OPTIMIZED in volume: volume-49096
2023-09-29 09:16:07,293 [Time-limited test] INFO  rpc.RpcClient (RpcClient.java:createVolume(462)) - Creating Volume: volume-02929, with runner as owner and space quota set to -1 bytes, counts quota set to -1
2023-09-29 09:16:07,293 [IPC Server handler 19 on default port 15057] INFO  volume.OMVolumeCreateRequest (OMVolumeCreateRequest.java:validateAndUpdateCache(196)) - created volume:volume-02929 for user:runner
2023-09-29 09:16:07,295 [Time-limited test] INFO  rpc.RpcClient (RpcClient.java:createBucket(689)) - Creating Bucket: volume-02929/bucket, with server-side default bucket layout, runner as owner, Versioning false, Storage Type set to DISK and Encryption set to false, Replication Type set to server-side default replication type, Namespace Quota set to -1, Space Quota set to -1 
2023-09-29 09:16:07,295 [IPC Server handler 3 on default port 15057] INFO  bucket.OMBucketCreateRequest (OMBucketCreateRequest.java:validateAndUpdateCache(270)) - created bucket: bucket of layout FILE_SYSTEM_OPTIMIZED in volume: volume-02929
2023-09-29 09:16:07,385 [IPC Server handler 2 on default port 15054] WARN  node.SCMNodeManager (SCMNodeManager.java:getNodesByAddress(1373)) - Cannot find node for address 127.0.0.1
Deleted ofs://localhost:15057/volume-02929/bucket
09:16:07.398 [IPC Server handler 11 on default port 15057] ERROR OMAudit - user=runner | ip=127.0.0.1 | op=READ_BUCKET {volume=volume-02929, bucket=bucket} | ret=FAILURE
org.apache.hadoop.ozone.om.exceptions.OMException: Bucket not found
	at org.apache.hadoop.ozone.om.BucketManagerImpl.getBucketInfo(BucketManagerImpl.java:85) ~[ozone-manager-1.4.0-SNAPSHOT.jar:?]
	at org.apache.hadoop.ozone.om.OzoneManager.getBucketInfo(OzoneManager.java:2798) ~[ozone-manager-1.4.0-SNAPSHOT.jar:?]
	at org.apache.hadoop.ozone.protocolPB.OzoneManagerRequestHandler.infoBucket(OzoneManagerRequestHandler.java:554) ~[ozone-manager-1.4.0-SNAPSHOT.jar:?]
	at org.apache.hadoop.ozone.protocolPB.OzoneManagerRequestHandler.handleReadRequest(OzoneManagerRequestHandler.java:204) ~[ozone-manager-1.4.0-SNAPSHOT.jar:?]
	at org.apache.hadoop.ozone.protocolPB.OzoneManagerProtocolServerSideTranslatorPB.submitRequestDirectlyToOM(OzoneManagerProtocolServerSideTranslatorPB.java:274) ~[ozone-manager-1.4.0-SNAPSHOT.jar:?]
	at org.apache.hadoop.ozone.protocolPB.OzoneManagerProtocolServerSideTranslatorPB.processRequest(OzoneManagerProtocolServerSideTranslatorPB.java:175) ~[ozone-manager-1.4.0-SNAPSHOT.jar:?]
	at org.apache.hadoop.hdds.server.OzoneProtocolMessageDispatcher.processRequest(OzoneProtocolMessageDispatcher.java:87) [hdds-server-framework-1.4.0-SNAPSHOT.jar:?]
	at org.apache.hadoop.ozone.protocolPB.OzoneManagerProtocolServerSideTranslatorPB.submitRequest(OzoneManagerProtocolServerSideTranslatorPB.java:148) [ozone-manager-1.4.0-SNAPSHOT.jar:?]
	at org.apache.hadoop.ozone.protocol.proto.OzoneManagerProtocolProtos$OzoneManagerService$2.callBlockingMethod(OzoneManagerProtocolProtos.java) [ozone-interface-client-1.4.0-SNAPSHOT.jar:?]
	at org.apache.hadoop.ipc.ProtobufRpcEngine$Server.processCall(ProtobufRpcEngine.java:484) [hadoop-common-3.3.6.jar:?]
	at org.apache.hadoop.ipc.ProtobufRpcEngine2$Server$ProtoBufRpcInvoker.call(ProtobufRpcEngine2.java:595) [hadoop-common-3.3.6.jar:?]
	at org.apache.hadoop.ipc.ProtobufRpcEngine2$Server$ProtoBufRpcInvoker.call(ProtobufRpcEngine2.java:573) [hadoop-common-3.3.6.jar:?]
	at org.apache.hadoop.ipc.RPC$Server.call(RPC.java:1227) [hadoop-common-3.3.6.jar:?]
	at org.apache.hadoop.ipc.Server$RpcCall.run(Server.java:1094) [hadoop-common-3.3.6.jar:?]
	at org.apache.hadoop.ipc.Server$RpcCall.run(Server.java:1017) [hadoop-common-3.3.6.jar:?]
	at java.security.AccessController.doPrivileged(Native Method) ~[?:1.8.0_382]
	at javax.security.auth.Subject.doAs(Subject.java:422) [?:1.8.0_382]
	at org.apache.hadoop.security.UserGroupInformation.doAs(UserGroupInformation.java:1899) [hadoop-common-3.3.6.jar:?]
	at org.apache.hadoop.ipc.Server$Handler.run(Server.java:3048) [hadoop-common-3.3.6.jar:?]
2023-09-29 09:16:07,401 [IPC Server handler 11 on default port 15054] WARN  node.SCMNodeManager (SCMNodeManager.java:getNodesByAddress(1373)) - Cannot find node for address 127.0.0.1
2023-09-29 09:16:07,403 [Time-limited test] INFO  rpc.RpcClient (RpcClient.java:createBucket(689)) - Creating Bucket: volume-02929/bucket, with server-side default bucket layout, runner as owner, Versioning false, Storage Type set to DISK and Encryption set to false, Replication Type set to server-side default replication type, Namespace Quota set to -1, Space Quota set to -1 
2023-09-29 09:16:07,404 [IPC Server handler 18 on default port 15057] INFO  bucket.OMBucketCreateRequest (OMBucketCreateRequest.java:validateAndUpdateCache(270)) - created bucket: bucket of layout FILE_SYSTEM_OPTIMIZED in volume: volume-02929
Deleted ofs://localhost:15057/volume-02929/bucket/
09:16:07.428 [IPC Server handler 3 on default port 15057] ERROR OMAudit - user=runner | ip=127.0.0.1 | op=READ_KEY {volume=volume-49096, bucket=bucket, key=object-dir/object-name1, dataSize=0, replicationConfig=null} | ret=FAILURE
org.apache.hadoop.ozone.om.exceptions.OMException: Key:object-dir/object-name1 not found
	at org.apache.hadoop.ozone.om.KeyManagerImpl.readKeyInfo(KeyManagerImpl.java:428) ~[ozone-manager-1.4.0-SNAPSHOT.jar:?]
	at org.apache.hadoop.ozone.om.KeyManagerImpl.lambda$9(KeyManagerImpl.java:1952) ~[ozone-manager-1.4.0-SNAPSHOT.jar:?]
	at org.apache.hadoop.util.MetricUtil.captureLatencyNs(MetricUtil.java:39) ~[hdds-common-1.4.0-SNAPSHOT.jar:?]
	at org.apache.hadoop.ozone.om.KeyManagerImpl.getKeyInfo(KeyManagerImpl.java:1950) ~[ozone-manager-1.4.0-SNAPSHOT.jar:?]
	at org.apache.hadoop.ozone.om.OmMetadataReader.getKeyInfo(OmMetadataReader.java:189) ~[ozone-manager-1.4.0-SNAPSHOT.jar:?]
	at org.apache.hadoop.ozone.om.OzoneManager.getKeyInfo(OzoneManager.java:2833) ~[ozone-manager-1.4.0-SNAPSHOT.jar:?]
	at org.apache.hadoop.ozone.protocolPB.OzoneManagerRequestHandler.getKeyInfo(OzoneManagerRequestHandler.java:594) ~[ozone-manager-1.4.0-SNAPSHOT.jar:?]
	at org.apache.hadoop.ozone.protocolPB.OzoneManagerRequestHandler.handleReadRequest(OzoneManagerRequestHandler.java:313) ~[ozone-manager-1.4.0-SNAPSHOT.jar:?]
	at org.apache.hadoop.ozone.protocolPB.OzoneManagerProtocolServerSideTranslatorPB.submitRequestDirectlyToOM(OzoneManagerProtocolServerSideTranslatorPB.java:274) ~[ozone-manager-1.4.0-SNAPSHOT.jar:?]
	at org.apache.hadoop.ozone.protocolPB.OzoneManagerProtocolServerSideTranslatorPB.processRequest(OzoneManagerProtocolServerSideTranslatorPB.java:175) ~[ozone-manager-1.4.0-SNAPSHOT.jar:?]
	at org.apache.hadoop.hdds.server.OzoneProtocolMessageDispatcher.processRequest(OzoneProtocolMessageDispatcher.java:87) [hdds-server-framework-1.4.0-SNAPSHOT.jar:?]
	at org.apache.hadoop.ozone.protocolPB.OzoneManagerProtocolServerSideTranslatorPB.submitRequest(OzoneManagerProtocolServerSideTranslatorPB.java:148) [ozone-manager-1.4.0-SNAPSHOT.jar:?]
	at org.apache.hadoop.ozone.protocol.proto.OzoneManagerProtocolProtos$OzoneManagerService$2.callBlockingMethod(OzoneManagerProtocolProtos.java) [ozone-interface-client-1.4.0-SNAPSHOT.jar:?]
	at org.apache.hadoop.ipc.ProtobufRpcEngine$Server.processCall(ProtobufRpcEngine.java:484) [hadoop-common-3.3.6.jar:?]
	at org.apache.hadoop.ipc.ProtobufRpcEngine2$Server$ProtoBufRpcInvoker.call(ProtobufRpcEngine2.java:595) [hadoop-common-3.3.6.jar:?]
	at org.apache.hadoop.ipc.ProtobufRpcEngine2$Server$ProtoBufRpcInvoker.call(ProtobufRpcEngine2.java:573) [hadoop-common-3.3.6.jar:?]
	at org.apache.hadoop.ipc.RPC$Server.call(RPC.java:1227) [hadoop-common-3.3.6.jar:?]
	at org.apache.hadoop.ipc.Server$RpcCall.run(Server.java:1094) [hadoop-common-3.3.6.jar:?]
	at org.apache.hadoop.ipc.Server$RpcCall.run(Server.java:1017) [hadoop-common-3.3.6.jar:?]
	at java.security.AccessController.doPrivileged(Native Method) ~[?:1.8.0_382]
	at javax.security.auth.Subject.doAs(Subject.java:422) [?:1.8.0_382]
	at org.apache.hadoop.security.UserGroupInformation.doAs(UserGroupInformation.java:1899) [hadoop-common-3.3.6.jar:?]
	at org.apache.hadoop.ipc.Server$Handler.run(Server.java:3048) [hadoop-common-3.3.6.jar:?]
Deleted ofs://localhost:15057/volume-02929/bucket
09:16:07.439 [IPC Server handler 3 on default port 15057] ERROR OMAudit - user=runner | ip=127.0.0.1 | op=READ_BUCKET {volume=volume-02929, bucket=bucket} | ret=FAILURE
org.apache.hadoop.ozone.om.exceptions.OMException: Bucket not found
	at org.apache.hadoop.ozone.om.BucketManagerImpl.getBucketInfo(BucketManagerImpl.java:85) ~[ozone-manager-1.4.0-SNAPSHOT.jar:?]
	at org.apache.hadoop.ozone.om.OzoneManager.getBucketInfo(OzoneManager.java:2798) ~[ozone-manager-1.4.0-SNAPSHOT.jar:?]
	at org.apache.hadoop.ozone.protocolPB.OzoneManagerRequestHandler.infoBucket(OzoneManagerRequestHandler.java:554) ~[ozone-manager-1.4.0-SNAPSHOT.jar:?]
	at org.apache.hadoop.ozone.protocolPB.OzoneManagerRequestHandler.handleReadRequest(OzoneManagerRequestHandler.java:204) ~[ozone-manager-1.4.0-SNAPSHOT.jar:?]
	at org.apache.hadoop.ozone.protocolPB.OzoneManagerProtocolServerSideTranslatorPB.submitRequestDirectlyToOM(OzoneManagerProtocolServerSideTranslatorPB.java:274) ~[ozone-manager-1.4.0-SNAPSHOT.jar:?]
	at org.apache.hadoop.ozone.protocolPB.OzoneManagerProtocolServerSideTranslatorPB.processRequest(OzoneManagerProtocolServerSideTranslatorPB.java:175) ~[ozone-manager-1.4.0-SNAPSHOT.jar:?]
	at org.apache.hadoop.hdds.server.OzoneProtocolMessageDispatcher.processRequest(OzoneProtocolMessageDispatcher.java:87) [hdds-server-framework-1.4.0-SNAPSHOT.jar:?]
	at org.apache.hadoop.ozone.protocolPB.OzoneManagerProtocolServerSideTranslatorPB.submitRequest(OzoneManagerProtocolServerSideTranslatorPB.java:148) [ozone-manager-1.4.0-SNAPSHOT.jar:?]
	at org.apache.hadoop.ozone.protocol.proto.OzoneManagerProtocolProtos$OzoneManagerService$2.callBlockingMethod(OzoneManagerProtocolProtos.java) [ozone-interface-client-1.4.0-SNAPSHOT.jar:?]
	at org.apache.hadoop.ipc.ProtobufRpcEngine$Server.processCall(ProtobufRpcEngine.java:484) [hadoop-common-3.3.6.jar:?]
	at org.apache.hadoop.ipc.ProtobufRpcEngine2$Server$ProtoBufRpcInvoker.call(ProtobufRpcEngine2.java:595) [hadoop-common-3.3.6.jar:?]
	at org.apache.hadoop.ipc.ProtobufRpcEngine2$Server$ProtoBufRpcInvoker.call(ProtobufRpcEngine2.java:573) [hadoop-common-3.3.6.jar:?]
	at org.apache.hadoop.ipc.RPC$Server.call(RPC.java:1227) [hadoop-common-3.3.6.jar:?]
	at org.apache.hadoop.ipc.Server$RpcCall.run(Server.java:1094) [hadoop-common-3.3.6.jar:?]
	at org.apache.hadoop.ipc.Server$RpcCall.run(Server.java:1017) [hadoop-common-3.3.6.jar:?]
	at java.security.AccessController.doPrivileged(Native Method) ~[?:1.8.0_382]
	at javax.security.auth.Subject.doAs(Subject.java:422) [?:1.8.0_382]
	at org.apache.hadoop.security.UserGroupInformation.doAs(UserGroupInformation.java:1899) [hadoop-common-3.3.6.jar:?]
	at org.apache.hadoop.ipc.Server$Handler.run(Server.java:3048) [hadoop-common-3.3.6.jar:?]
09:16:07.440 [IPC Server handler 7 on default port 15057] ERROR OMAudit - user=runner | ip=127.0.0.1 | op=READ_BUCKET {volume=volume-02929, bucket=bucket} | ret=FAILURE
org.apache.hadoop.ozone.om.exceptions.OMException: Bucket not found
	at org.apache.hadoop.ozone.om.BucketManagerImpl.getBucketInfo(BucketManagerImpl.java:85) ~[ozone-manager-1.4.0-SNAPSHOT.jar:?]
	at org.apache.hadoop.ozone.om.OzoneManager.getBucketInfo(OzoneManager.java:2798) ~[ozone-manager-1.4.0-SNAPSHOT.jar:?]
	at org.apache.hadoop.ozone.protocolPB.OzoneManagerRequestHandler.infoBucket(OzoneManagerRequestHandler.java:554) ~[ozone-manager-1.4.0-SNAPSHOT.jar:?]
	at org.apache.hadoop.ozone.protocolPB.OzoneManagerRequestHandler.handleReadRequest(OzoneManagerRequestHandler.java:204) ~[ozone-manager-1.4.0-SNAPSHOT.jar:?]
	at org.apache.hadoop.ozone.protocolPB.OzoneManagerProtocolServerSideTranslatorPB.submitRequestDirectlyToOM(OzoneManagerProtocolServerSideTranslatorPB.java:274) ~[ozone-manager-1.4.0-SNAPSHOT.jar:?]
	at org.apache.hadoop.ozone.protocolPB.OzoneManagerProtocolServerSideTranslatorPB.processRequest(OzoneManagerProtocolServerSideTranslatorPB.java:175) ~[ozone-manager-1.4.0-SNAPSHOT.jar:?]
	at org.apache.hadoop.hdds.server.OzoneProtocolMessageDispatcher.processRequest(OzoneProtocolMessageDispatcher.java:87) [hdds-server-framework-1.4.0-SNAPSHOT.jar:?]
	at org.apache.hadoop.ozone.protocolPB.OzoneManagerProtocolServerSideTranslatorPB.submitRequest(OzoneManagerProtocolServerSideTranslatorPB.java:148) [ozone-manager-1.4.0-SNAPSHOT.jar:?]
	at org.apache.hadoop.ozone.protocol.proto.OzoneManagerProtocolProtos$OzoneManagerService$2.callBlockingMethod(OzoneManagerProtocolProtos.java) [ozone-interface-client-1.4.0-SNAPSHOT.jar:?]
	at org.apache.hadoop.ipc.ProtobufRpcEngine$Server.processCall(ProtobufRpcEngine.java:484) [hadoop-common-3.3.6.jar:?]
	at org.apache.hadoop.ipc.ProtobufRpcEngine2$Server$ProtoBufRpcInvoker.call(ProtobufRpcEngine2.java:595) [hadoop-common-3.3.6.jar:?]
	at org.apache.hadoop.ipc.ProtobufRpcEngine2$Server$ProtoBufRpcInvoker.call(ProtobufRpcEngine2.java:573) [hadoop-common-3.3.6.jar:?]
	at org.apache.hadoop.ipc.RPC$Server.call(RPC.java:1227) [hadoop-common-3.3.6.jar:?]
	at org.apache.hadoop.ipc.Server$RpcCall.run(Server.java:1094) [hadoop-common-3.3.6.jar:?]
	at org.apache.hadoop.ipc.Server$RpcCall.run(Server.java:1017) [hadoop-common-3.3.6.jar:?]
	at java.security.AccessController.doPrivileged(Native Method) ~[?:1.8.0_382]
	at javax.security.auth.Subject.doAs(Subject.java:422) [?:1.8.0_382]
	at org.apache.hadoop.security.UserGroupInformation.doAs(UserGroupInformation.java:1899) [hadoop-common-3.3.6.jar:?]
	at org.apache.hadoop.ipc.Server$Handler.run(Server.java:3048) [hadoop-common-3.3.6.jar:?]
09:16:07.441 [IPC Server handler 4 on default port 15057] ERROR OMAudit - user=runner | ip=127.0.0.1 | op=READ_BUCKET {volume=volume-02929, bucket=bucket} | ret=FAILURE
org.apache.hadoop.ozone.om.exceptions.OMException: Bucket not found
	at org.apache.hadoop.ozone.om.BucketManagerImpl.getBucketInfo(BucketManagerImpl.java:85) ~[ozone-manager-1.4.0-SNAPSHOT.jar:?]
	at org.apache.hadoop.ozone.om.OzoneManager.getBucketInfo(OzoneManager.java:2798) ~[ozone-manager-1.4.0-SNAPSHOT.jar:?]
	at org.apache.hadoop.ozone.protocolPB.OzoneManagerRequestHandler.infoBucket(OzoneManagerRequestHandler.java:554) ~[ozone-manager-1.4.0-SNAPSHOT.jar:?]
	at org.apache.hadoop.ozone.protocolPB.OzoneManagerRequestHandler.handleReadRequest(OzoneManagerRequestHandler.java:204) ~[ozone-manager-1.4.0-SNAPSHOT.jar:?]
	at org.apache.hadoop.ozone.protocolPB.OzoneManagerProtocolServerSideTranslatorPB.submitRequestDirectlyToOM(OzoneManagerProtocolServerSideTranslatorPB.java:274) ~[ozone-manager-1.4.0-SNAPSHOT.jar:?]
	at org.apache.hadoop.ozone.protocolPB.OzoneManagerProtocolServerSideTranslatorPB.processRequest(OzoneManagerProtocolServerSideTranslatorPB.java:175) ~[ozone-manager-1.4.0-SNAPSHOT.jar:?]
	at org.apache.hadoop.hdds.server.OzoneProtocolMessageDispatcher.processRequest(OzoneProtocolMessageDispatcher.java:87) [hdds-server-framework-1.4.0-SNAPSHOT.jar:?]
	at org.apache.hadoop.ozone.protocolPB.OzoneManagerProtocolServerSideTranslatorPB.submitRequest(OzoneManagerProtocolServerSideTranslatorPB.java:148) [ozone-manager-1.4.0-SNAPSHOT.jar:?]
	at org.apache.hadoop.ozone.protocol.proto.OzoneManagerProtocolProtos$OzoneManagerService$2.callBlockingMethod(OzoneManagerProtocolProtos.java) [ozone-interface-client-1.4.0-SNAPSHOT.jar:?]
	at org.apache.hadoop.ipc.ProtobufRpcEngine$Server.processCall(ProtobufRpcEngine.java:484) [hadoop-common-3.3.6.jar:?]
	at org.apache.hadoop.ipc.ProtobufRpcEngine2$Server$ProtoBufRpcInvoker.call(ProtobufRpcEngine2.java:595) [hadoop-common-3.3.6.jar:?]
	at org.apache.hadoop.ipc.ProtobufRpcEngine2$Server$ProtoBufRpcInvoker.call(ProtobufRpcEngine2.java:573) [hadoop-common-3.3.6.jar:?]
	at org.apache.hadoop.ipc.RPC$Server.call(RPC.java:1227) [hadoop-common-3.3.6.jar:?]
	at org.apache.hadoop.ipc.Server$RpcCall.run(Server.java:1094) [hadoop-common-3.3.6.jar:?]
	at org.apache.hadoop.ipc.Server$RpcCall.run(Server.java:1017) [hadoop-common-3.3.6.jar:?]
	at java.security.AccessController.doPrivileged(Native Method) ~[?:1.8.0_382]
	at javax.security.auth.Subject.doAs(Subject.java:422) [?:1.8.0_382]
	at org.apache.hadoop.security.UserGroupInformation.doAs(UserGroupInformation.java:1899) [hadoop-common-3.3.6.jar:?]
	at org.apache.hadoop.ipc.Server$Handler.run(Server.java:3048) [hadoop-common-3.3.6.jar:?]
2023-09-29 09:16:07,441 [Time-limited test] ERROR ozone.BasicRootedOzoneFileSystem (BasicRootedOzoneFileSystem.java:isLinkBucket(780)) - Exception while getting bucket link information, considered it as false
BUCKET_NOT_FOUND org.apache.hadoop.ozone.om.exceptions.OMException: Bucket not found
	at org.apache.hadoop.ozone.om.protocolPB.OzoneManagerProtocolClientSideTranslatorPB.handleError(OzoneManagerProtocolClientSideTranslatorPB.java:733)
	at org.apache.hadoop.ozone.om.protocolPB.OzoneManagerProtocolClientSideTranslatorPB.getBucketInfo(OzoneManagerProtocolClientSideTranslatorPB.java:582)
	at org.apache.hadoop.ozone.client.rpc.RpcClient.getBucketDetails(RpcClient.java:1244)
	at org.apache.hadoop.fs.ozone.BasicRootedOzoneClientAdapterImpl.getBucket(BasicRootedOzoneClientAdapterImpl.java:274)
	at org.apache.hadoop.fs.ozone.BasicRootedOzoneClientAdapterImpl.getBucket(BasicRootedOzoneClientAdapterImpl.java:248)
	at org.apache.hadoop.fs.ozone.BasicRootedOzoneFileSystem.isLinkBucket(BasicRootedOzoneFileSystem.java:775)
	at org.apache.hadoop.fs.ozone.BasicRootedOzoneFileSystem.deleteBucket(BasicRootedOzoneFileSystem.java:742)
	at org.apache.hadoop.fs.ozone.BasicRootedOzoneFileSystem.delete(BasicRootedOzoneFileSystem.java:696)
	at org.apache.hadoop.fs.FileSystem.delete(FileSystem.java:1763)
	at org.apache.hadoop.fs.ozone.TestRootedOzoneFileSystem.testSymlinkPosixDelete(TestRootedOzoneFileSystem.java:1703)
	at sun.reflect.NativeMethodAccessorImpl.invoke0(Native Method)
	at sun.reflect.NativeMethodAccessorImpl.invoke(NativeMethodAccessorImpl.java:62)
	at sun.reflect.DelegatingMethodAccessorImpl.invoke(DelegatingMethodAccessorImpl.java:43)
	at java.lang.reflect.Method.invoke(Method.java:498)
	at org.junit.runners.model.FrameworkMethod$1.runReflectiveCall(FrameworkMethod.java:59)
	at org.junit.internal.runners.model.ReflectiveCallable.run(ReflectiveCallable.java:12)
	at org.junit.runners.model.FrameworkMethod.invokeExplosively(FrameworkMethod.java:56)
	at org.junit.internal.runners.statements.InvokeMethod.evaluate(InvokeMethod.java:17)
	at org.junit.internal.runners.statements.RunBefores.evaluate(RunBefores.java:26)
	at org.junit.internal.runners.statements.RunAfters.evaluate(RunAfters.java:27)
	at org.junit.internal.runners.statements.FailOnTimeout$CallableStatement.call(FailOnTimeout.java:288)
	at org.junit.internal.runners.statements.FailOnTimeout$CallableStatement.call(FailOnTimeout.java:282)
	at java.util.concurrent.FutureTask.run(FutureTask.java:266)
	at java.lang.Thread.run(Thread.java:750)
2023-09-29 09:16:07,442 [Time-limited test] WARN  ozone.BasicRootedOzoneFileSystem (BasicRootedOzoneFileSystem.java:deleteBucket(746)) - delete: Path does not exist: /volume-02929/bucket
]]></system-out>
  </testcase>
  <testcase name="testCreateAndCheckECFileDiskUsage" classname="TestRootedOzoneFileSystemWithFSO" time="0.421">
    <system-out><![CDATA[2023-09-29 09:14:34,181 [Time-limited test] INFO  rpc.RpcClient (RpcClient.java:createVolume(462)) - Creating Volume: volume92456, with user14424 as owner and space quota set to -1 bytes, counts quota set to -1
2023-09-29 09:14:34,183 [OM StateMachine ApplyTransaction Thread - 0] INFO  volume.OMVolumeCreateRequest (OMVolumeCreateRequest.java:validateAndUpdateCache(196)) - created volume:volume92456 for user:user14424
2023-09-29 09:14:34,184 [Time-limited test] INFO  rpc.RpcClient (RpcClient.java:createBucket(689)) - Creating Bucket: volume92456/bucket17218, with bucket layout FILE_SYSTEM_OPTIMIZED, runner as owner, Versioning false, Storage Type set to DISK and Encryption set to false, Replication Type set to server-side default replication type, Namespace Quota set to -1, Space Quota set to -1 
2023-09-29 09:14:34,188 [OM StateMachine ApplyTransaction Thread - 0] INFO  bucket.OMBucketCreateRequest (OMBucketCreateRequest.java:validateAndUpdateCache(270)) - created bucket: bucket17218 of layout FILE_SYSTEM_OPTIMIZED in volume: volume92456
2023-09-29 09:14:34,202 [IPC Server handler 10 on default port 15001] INFO  algorithms.SCMContainerPlacementRackScatter (SCMContainerPlacementRackScatter.java:chooseDatanodesInternal(370)) - Chosen nodes: [2a19af63-c44c-4b61-8149-4383770f1009(fv-az83-343.uavyq1izdhte5b0ne1us2eqzhb.jx.internal.cloudapp.net/10.1.0.30), f9652e80-d58c-49ab-ab0e-27e6fff13d69(fv-az83-343.uavyq1izdhte5b0ne1us2eqzhb.jx.internal.cloudapp.net/10.1.0.30), a6468106-3f01-4ed8-9704-c326dd06b734(fv-az83-343.uavyq1izdhte5b0ne1us2eqzhb.jx.internal.cloudapp.net/10.1.0.30), dd913d19-83ff-47ba-9363-dfe8430831a0(fv-az83-343.uavyq1izdhte5b0ne1us2eqzhb.jx.internal.cloudapp.net/10.1.0.30), 808e3967-7510-49b7-87ea-3b9eb7a0b48e(fv-az83-343.uavyq1izdhte5b0ne1us2eqzhb.jx.internal.cloudapp.net/10.1.0.30)]. isPolicySatisfied: true.
2023-09-29 09:14:34,208 [IPC Server handler 10 on default port 15001] INFO  pipeline.WritableECContainerProvider (WritableECContainerProvider.java:allocateContainer(211)) - Created and opened new pipeline Pipeline[ Id: 786fa5ea-bdf4-4dda-b376-bff287c0f5e3, Nodes: 2a19af63-c44c-4b61-8149-4383770f1009(fv-az83-343.uavyq1izdhte5b0ne1us2eqzhb.jx.internal.cloudapp.net/10.1.0.30)f9652e80-d58c-49ab-ab0e-27e6fff13d69(fv-az83-343.uavyq1izdhte5b0ne1us2eqzhb.jx.internal.cloudapp.net/10.1.0.30)a6468106-3f01-4ed8-9704-c326dd06b734(fv-az83-343.uavyq1izdhte5b0ne1us2eqzhb.jx.internal.cloudapp.net/10.1.0.30)dd913d19-83ff-47ba-9363-dfe8430831a0(fv-az83-343.uavyq1izdhte5b0ne1us2eqzhb.jx.internal.cloudapp.net/10.1.0.30)808e3967-7510-49b7-87ea-3b9eb7a0b48e(fv-az83-343.uavyq1izdhte5b0ne1us2eqzhb.jx.internal.cloudapp.net/10.1.0.30), ReplicationConfig: EC{rs-3-2-1024k}, State:ALLOCATED, leaderId:, CreationTimestamp2023-09-29T09:14:34.202Z[Etc/UTC]]
2023-09-29 09:14:34,269 [Time-limited test] WARN  erasurecode.ErasureCodeNative (ErasureCodeNative.java:<clinit>(55)) - ISA-L support is not available in your platform... using builtin-java codec where applicable
]]></system-out>
  </testcase>
  <testcase name="testCreateAndCheckECFileDiskUsage" classname="TestRootedOzoneFileSystemWithFSO" time="0.202">
    <system-out><![CDATA[2023-09-29 09:16:07,480 [Time-limited test] INFO  rpc.RpcClient (RpcClient.java:createVolume(462)) - Creating Volume: volume15513, with user78603 as owner and space quota set to -1 bytes, counts quota set to -1
2023-09-29 09:16:07,481 [IPC Server handler 16 on default port 15057] INFO  volume.OMVolumeCreateRequest (OMVolumeCreateRequest.java:validateAndUpdateCache(196)) - created volume:volume15513 for user:user78603
2023-09-29 09:16:07,486 [Time-limited test] INFO  rpc.RpcClient (RpcClient.java:createBucket(689)) - Creating Bucket: volume15513/bucket75301, with bucket layout FILE_SYSTEM_OPTIMIZED, runner as owner, Versioning false, Storage Type set to DISK and Encryption set to false, Replication Type set to server-side default replication type, Namespace Quota set to -1, Space Quota set to -1 
2023-09-29 09:16:07,486 [IPC Server handler 19 on default port 15057] INFO  bucket.OMBucketCreateRequest (OMBucketCreateRequest.java:validateAndUpdateCache(270)) - created bucket: bucket75301 of layout FILE_SYSTEM_OPTIMIZED in volume: volume15513
2023-09-29 09:16:07,489 [IPC Server handler 14 on default port 15054] INFO  algorithms.SCMContainerPlacementRackScatter (SCMContainerPlacementRackScatter.java:chooseDatanodesInternal(370)) - Chosen nodes: [621c2e90-a4eb-4c74-8f52-bedc5a92b31f(fv-az83-343.uavyq1izdhte5b0ne1us2eqzhb.jx.internal.cloudapp.net/10.1.0.30), 3a494423-7ff4-4963-8d96-e6fb16151c55(fv-az83-343.uavyq1izdhte5b0ne1us2eqzhb.jx.internal.cloudapp.net/10.1.0.30), c0cdbf58-0bce-4385-b76e-2e20c526d69e(fv-az83-343.uavyq1izdhte5b0ne1us2eqzhb.jx.internal.cloudapp.net/10.1.0.30), 380230e5-39f9-49de-9a23-78c86f98f3f3(fv-az83-343.uavyq1izdhte5b0ne1us2eqzhb.jx.internal.cloudapp.net/10.1.0.30), 10e0b218-8303-4db1-a541-e155d4944b6e(fv-az83-343.uavyq1izdhte5b0ne1us2eqzhb.jx.internal.cloudapp.net/10.1.0.30)]. isPolicySatisfied: true.
2023-09-29 09:16:07,497 [IPC Server handler 14 on default port 15054] INFO  pipeline.WritableECContainerProvider (WritableECContainerProvider.java:allocateContainer(211)) - Created and opened new pipeline Pipeline[ Id: 1ecb0371-86bb-4684-be9d-bdb1f5ec7a91, Nodes: 621c2e90-a4eb-4c74-8f52-bedc5a92b31f(fv-az83-343.uavyq1izdhte5b0ne1us2eqzhb.jx.internal.cloudapp.net/10.1.0.30)3a494423-7ff4-4963-8d96-e6fb16151c55(fv-az83-343.uavyq1izdhte5b0ne1us2eqzhb.jx.internal.cloudapp.net/10.1.0.30)c0cdbf58-0bce-4385-b76e-2e20c526d69e(fv-az83-343.uavyq1izdhte5b0ne1us2eqzhb.jx.internal.cloudapp.net/10.1.0.30)380230e5-39f9-49de-9a23-78c86f98f3f3(fv-az83-343.uavyq1izdhte5b0ne1us2eqzhb.jx.internal.cloudapp.net/10.1.0.30)10e0b218-8303-4db1-a541-e155d4944b6e(fv-az83-343.uavyq1izdhte5b0ne1us2eqzhb.jx.internal.cloudapp.net/10.1.0.30), ReplicationConfig: EC{rs-3-2-1024k}, State:ALLOCATED, leaderId:, CreationTimestamp2023-09-29T09:16:07.490Z[Etc/UTC]]
]]></system-out>
  </testcase>
  <testcase name="testListStatusIteratorWithDir" classname="TestRootedOzoneFileSystemWithFSO" time="0.077">
    <system-out><![CDATA[2023-09-29 09:14:34,607 [Time-limited test] INFO  rpc.RpcClient (RpcClient.java:createVolume(462)) - Creating Volume: volume28949, with user41475 as owner and space quota set to -1 bytes, counts quota set to -1
2023-09-29 09:14:34,609 [OM StateMachine ApplyTransaction Thread - 0] INFO  volume.OMVolumeCreateRequest (OMVolumeCreateRequest.java:validateAndUpdateCache(196)) - created volume:volume28949 for user:user41475
2023-09-29 09:14:34,610 [Time-limited test] INFO  rpc.RpcClient (RpcClient.java:createBucket(689)) - Creating Bucket: volume28949/bucket30672, with bucket layout FILE_SYSTEM_OPTIMIZED, runner as owner, Versioning false, Storage Type set to DISK and Encryption set to false, Replication Type set to server-side default replication type, Namespace Quota set to -1, Space Quota set to -1 
2023-09-29 09:14:34,611 [OM StateMachine ApplyTransaction Thread - 0] INFO  bucket.OMBucketCreateRequest (OMBucketCreateRequest.java:validateAndUpdateCache(270)) - created bucket: bucket30672 of layout FILE_SYSTEM_OPTIMIZED in volume: volume28949
]]></system-out>
  </testcase>
  <testcase name="testListStatusIteratorWithDir" classname="TestRootedOzoneFileSystemWithFSO" time="0.058">
    <system-out><![CDATA[2023-09-29 09:16:07,682 [Time-limited test] INFO  rpc.RpcClient (RpcClient.java:createVolume(462)) - Creating Volume: volume96589, with user99141 as owner and space quota set to -1 bytes, counts quota set to -1
2023-09-29 09:16:07,683 [IPC Server handler 6 on default port 15057] INFO  volume.OMVolumeCreateRequest (OMVolumeCreateRequest.java:validateAndUpdateCache(196)) - created volume:volume96589 for user:user99141
2023-09-29 09:16:07,684 [Time-limited test] INFO  rpc.RpcClient (RpcClient.java:createBucket(689)) - Creating Bucket: volume96589/bucket15388, with bucket layout FILE_SYSTEM_OPTIMIZED, runner as owner, Versioning false, Storage Type set to DISK and Encryption set to false, Replication Type set to server-side default replication type, Namespace Quota set to -1, Space Quota set to -1 
2023-09-29 09:16:07,685 [IPC Server handler 13 on default port 15057] INFO  bucket.OMBucketCreateRequest (OMBucketCreateRequest.java:validateAndUpdateCache(270)) - created bucket: bucket15388 of layout FILE_SYSTEM_OPTIMIZED in volume: volume96589
]]></system-out>
  </testcase>
  <testcase name="testListStatusOnLargeDirectory" classname="TestRootedOzoneFileSystemWithFSO" time="10.391">
    <system-out><![CDATA[2023-09-29 09:14:34,688 [Time-limited test] INFO  rpc.RpcClient (RpcClient.java:createVolume(462)) - Creating Volume: volume56330, with user78071 as owner and space quota set to -1 bytes, counts quota set to -1
2023-09-29 09:14:34,689 [OM StateMachine ApplyTransaction Thread - 0] INFO  volume.OMVolumeCreateRequest (OMVolumeCreateRequest.java:validateAndUpdateCache(196)) - created volume:volume56330 for user:user78071
2023-09-29 09:14:34,691 [Time-limited test] INFO  rpc.RpcClient (RpcClient.java:createBucket(689)) - Creating Bucket: volume56330/bucket44369, with bucket layout FILE_SYSTEM_OPTIMIZED, runner as owner, Versioning false, Storage Type set to DISK and Encryption set to false, Replication Type set to server-side default replication type, Namespace Quota set to -1, Space Quota set to -1 
2023-09-29 09:14:34,692 [OM StateMachine ApplyTransaction Thread - 0] INFO  bucket.OMBucketCreateRequest (OMBucketCreateRequest.java:validateAndUpdateCache(270)) - created bucket: bucket44369 of layout FILE_SYSTEM_OPTIMIZED in volume: volume56330
]]></system-out>
  </testcase>
  <testcase name="testListStatusOnLargeDirectory" classname="TestRootedOzoneFileSystemWithFSO" time="9.14">
    <system-out><![CDATA[2023-09-29 09:16:07,745 [Time-limited test] INFO  rpc.RpcClient (RpcClient.java:createVolume(462)) - Creating Volume: volume14927, with user15201 as owner and space quota set to -1 bytes, counts quota set to -1
2023-09-29 09:16:07,745 [IPC Server handler 8 on default port 15057] INFO  volume.OMVolumeCreateRequest (OMVolumeCreateRequest.java:validateAndUpdateCache(196)) - created volume:volume14927 for user:user15201
2023-09-29 09:16:07,747 [Time-limited test] INFO  rpc.RpcClient (RpcClient.java:createBucket(689)) - Creating Bucket: volume14927/bucket10335, with bucket layout FILE_SYSTEM_OPTIMIZED, runner as owner, Versioning false, Storage Type set to DISK and Encryption set to false, Replication Type set to server-side default replication type, Namespace Quota set to -1, Space Quota set to -1 
2023-09-29 09:16:07,747 [IPC Server handler 10 on default port 15057] INFO  bucket.OMBucketCreateRequest (OMBucketCreateRequest.java:validateAndUpdateCache(270)) - created bucket: bucket10335 of layout FILE_SYSTEM_OPTIMIZED in volume: volume14927
2023-09-29 09:16:09,376 [JvmPauseMonitor13] WARN  util.JvmPauseMonitor (JvmPauseMonitor.java:detectPause(124)) - JvmPauseMonitor-621c2e90-a4eb-4c74-8f52-bedc5a92b31f: Detected pause in JVM or host machine approximately 0.115s with 0.171s GC time.
GC pool 'PS Scavenge' had collection(s): count=1 time=171ms
2023-09-29 09:16:09,377 [JvmPauseMonitor9] WARN  util.JvmPauseMonitor (JvmPauseMonitor.java:detectPause(124)) - JvmPauseMonitor-380230e5-39f9-49de-9a23-78c86f98f3f3: Detected pause in JVM or host machine approximately 0.117s with 0.171s GC time.
GC pool 'PS Scavenge' had collection(s): count=1 time=171ms
2023-09-29 09:16:09,376 [JvmPauseMonitor12] WARN  util.JvmPauseMonitor (JvmPauseMonitor.java:detectPause(124)) - JvmPauseMonitor-c0cdbf58-0bce-4385-b76e-2e20c526d69e: Detected pause in JVM or host machine approximately 0.115s with 0.171s GC time.
GC pool 'PS Scavenge' had collection(s): count=1 time=171ms
2023-09-29 09:16:09,377 [JvmPauseMonitor8] WARN  util.JvmPauseMonitor (JvmPauseMonitor.java:detectPause(124)) - JvmPauseMonitor-08de34fd-1411-4b67-b8ff-38ec8c60c046: Detected pause in JVM or host machine approximately 0.118s with 0.171s GC time.
GC pool 'PS Scavenge' had collection(s): count=1 time=171ms
2023-09-29 09:16:14,437 [JvmPauseMonitor7] WARN  util.JvmPauseMonitor (JvmPauseMonitor.java:detectPause(124)) - JvmPauseMonitor-d8391c1d-32ef-49c0-88f2-97321ddc181a: Detected pause in JVM or host machine approximately 0.493s with 0.639s GC time.
GC pool 'PS MarkSweep' had collection(s): count=1 time=476ms
GC pool 'PS Scavenge' had collection(s): count=1 time=163ms
2023-09-29 09:16:14,437 [JvmPauseMonitor10] WARN  util.JvmPauseMonitor (JvmPauseMonitor.java:detectPause(124)) - JvmPauseMonitor-3a494423-7ff4-4963-8d96-e6fb16151c55: Detected pause in JVM or host machine approximately 0.499s with 0.639s GC time.
GC pool 'PS MarkSweep' had collection(s): count=1 time=476ms
GC pool 'PS Scavenge' had collection(s): count=1 time=163ms
2023-09-29 09:16:14,441 [JvmPauseMonitor9] WARN  util.JvmPauseMonitor (JvmPauseMonitor.java:detectPause(124)) - JvmPauseMonitor-380230e5-39f9-49de-9a23-78c86f98f3f3: Detected pause in JVM or host machine approximately 0.551s with 0.639s GC time.
GC pool 'PS MarkSweep' had collection(s): count=1 time=476ms
GC pool 'PS Scavenge' had collection(s): count=1 time=163ms
2023-09-29 09:16:14,441 [JvmPauseMonitor12] WARN  util.JvmPauseMonitor (JvmPauseMonitor.java:detectPause(124)) - JvmPauseMonitor-c0cdbf58-0bce-4385-b76e-2e20c526d69e: Detected pause in JVM or host machine approximately 0.551s with 0.639s GC time.
GC pool 'PS MarkSweep' had collection(s): count=1 time=476ms
GC pool 'PS Scavenge' had collection(s): count=1 time=163ms
2023-09-29 09:16:14,441 [JvmPauseMonitor8] WARN  util.JvmPauseMonitor (JvmPauseMonitor.java:detectPause(124)) - JvmPauseMonitor-08de34fd-1411-4b67-b8ff-38ec8c60c046: Detected pause in JVM or host machine approximately 0.551s with 0.639s GC time.
GC pool 'PS MarkSweep' had collection(s): count=1 time=476ms
GC pool 'PS Scavenge' had collection(s): count=1 time=163ms
2023-09-29 09:16:14,441 [JvmPauseMonitor13] WARN  util.JvmPauseMonitor (JvmPauseMonitor.java:detectPause(124)) - JvmPauseMonitor-621c2e90-a4eb-4c74-8f52-bedc5a92b31f: Detected pause in JVM or host machine approximately 0.552s with 0.639s GC time.
GC pool 'PS MarkSweep' had collection(s): count=1 time=476ms
GC pool 'PS Scavenge' had collection(s): count=1 time=163ms
2023-09-29 09:16:14,442 [JvmPauseMonitor11] WARN  util.JvmPauseMonitor (JvmPauseMonitor.java:detectPause(124)) - JvmPauseMonitor-10e0b218-8303-4db1-a541-e155d4944b6e: Detected pause in JVM or host machine approximately 0.553s with 0.639s GC time.
GC pool 'PS MarkSweep' had collection(s): count=1 time=476ms
GC pool 'PS Scavenge' had collection(s): count=1 time=163ms
]]></system-out>
  </testcase>
  <testcase name="testFileSystemDeclaresCapability" classname="TestRootedOzoneFileSystemWithFSO" time="0.05">
    <system-out><![CDATA[2023-09-29 09:14:45,072 [Time-limited test] INFO  rpc.RpcClient (RpcClient.java:createVolume(462)) - Creating Volume: volume60731, with user53679 as owner and space quota set to -1 bytes, counts quota set to -1
2023-09-29 09:14:45,089 [OM StateMachine ApplyTransaction Thread - 0] INFO  volume.OMVolumeCreateRequest (OMVolumeCreateRequest.java:validateAndUpdateCache(196)) - created volume:volume60731 for user:user53679
2023-09-29 09:14:45,090 [Time-limited test] INFO  rpc.RpcClient (RpcClient.java:createBucket(689)) - Creating Bucket: volume60731/bucket59974, with bucket layout FILE_SYSTEM_OPTIMIZED, runner as owner, Versioning false, Storage Type set to DISK and Encryption set to false, Replication Type set to server-side default replication type, Namespace Quota set to -1, Space Quota set to -1 
2023-09-29 09:14:45,092 [OM StateMachine ApplyTransaction Thread - 0] INFO  bucket.OMBucketCreateRequest (OMBucketCreateRequest.java:validateAndUpdateCache(270)) - created bucket: bucket59974 of layout FILE_SYSTEM_OPTIMIZED in volume: volume60731
]]></system-out>
  </testcase>
  <testcase name="testFileSystemDeclaresCapability" classname="TestRootedOzoneFileSystemWithFSO" time="0.037">
    <system-out><![CDATA[2023-09-29 09:16:16,887 [Time-limited test] INFO  rpc.RpcClient (RpcClient.java:createVolume(462)) - Creating Volume: volume62214, with user01517 as owner and space quota set to -1 bytes, counts quota set to -1
2023-09-29 09:16:16,888 [IPC Server handler 1 on default port 15057] INFO  volume.OMVolumeCreateRequest (OMVolumeCreateRequest.java:validateAndUpdateCache(196)) - created volume:volume62214 for user:user01517
2023-09-29 09:16:16,890 [Time-limited test] INFO  rpc.RpcClient (RpcClient.java:createBucket(689)) - Creating Bucket: volume62214/bucket96639, with bucket layout FILE_SYSTEM_OPTIMIZED, runner as owner, Versioning false, Storage Type set to DISK and Encryption set to false, Replication Type set to server-side default replication type, Namespace Quota set to -1, Space Quota set to -1 
2023-09-29 09:16:16,891 [IPC Server handler 4 on default port 15057] INFO  bucket.OMBucketCreateRequest (OMBucketCreateRequest.java:validateAndUpdateCache(270)) - created bucket: bucket96639 of layout FILE_SYSTEM_OPTIMIZED in volume: volume62214
]]></system-out>
  </testcase>
  <testcase name="testRenameToDifferentBucket" classname="TestRootedOzoneFileSystemWithFSO" time="0.053">
    <system-out><![CDATA[2023-09-29 09:14:45,130 [Time-limited test] INFO  rpc.RpcClient (RpcClient.java:createVolume(462)) - Creating Volume: volume57860, with user70702 as owner and space quota set to -1 bytes, counts quota set to -1
2023-09-29 09:14:45,132 [OM StateMachine ApplyTransaction Thread - 0] INFO  volume.OMVolumeCreateRequest (OMVolumeCreateRequest.java:validateAndUpdateCache(196)) - created volume:volume57860 for user:user70702
2023-09-29 09:14:45,133 [Time-limited test] INFO  rpc.RpcClient (RpcClient.java:createBucket(689)) - Creating Bucket: volume57860/bucket93840, with bucket layout FILE_SYSTEM_OPTIMIZED, runner as owner, Versioning false, Storage Type set to DISK and Encryption set to false, Replication Type set to server-side default replication type, Namespace Quota set to -1, Space Quota set to -1 
2023-09-29 09:14:45,135 [OM StateMachine ApplyTransaction Thread - 0] INFO  bucket.OMBucketCreateRequest (OMBucketCreateRequest.java:validateAndUpdateCache(270)) - created bucket: bucket93840 of layout FILE_SYSTEM_OPTIMIZED in volume: volume57860
]]></system-out>
  </testcase>
  <testcase name="testRenameToDifferentBucket" classname="TestRootedOzoneFileSystemWithFSO" time="0.039">
    <system-out><![CDATA[2023-09-29 09:16:16,917 [Time-limited test] INFO  rpc.RpcClient (RpcClient.java:createVolume(462)) - Creating Volume: volume97858, with user98996 as owner and space quota set to -1 bytes, counts quota set to -1
2023-09-29 09:16:16,918 [IPC Server handler 3 on default port 15057] INFO  volume.OMVolumeCreateRequest (OMVolumeCreateRequest.java:validateAndUpdateCache(196)) - created volume:volume97858 for user:user98996
2023-09-29 09:16:16,919 [Time-limited test] INFO  rpc.RpcClient (RpcClient.java:createBucket(689)) - Creating Bucket: volume97858/bucket85390, with bucket layout FILE_SYSTEM_OPTIMIZED, runner as owner, Versioning false, Storage Type set to DISK and Encryption set to false, Replication Type set to server-side default replication type, Namespace Quota set to -1, Space Quota set to -1 
2023-09-29 09:16:16,919 [IPC Server handler 1 on default port 15057] INFO  bucket.OMBucketCreateRequest (OMBucketCreateRequest.java:validateAndUpdateCache(270)) - created bucket: bucket85390 of layout FILE_SYSTEM_OPTIMIZED in volume: volume97858
]]></system-out>
  </testcase>
  <testcase name="testBucketDefaultsShouldBeInheritedToFileForEC" classname="TestRootedOzoneFileSystemWithFSO" time="0.296">
    <system-out><![CDATA[2023-09-29 09:14:45,179 [Time-limited test] INFO  rpc.RpcClient (RpcClient.java:createVolume(462)) - Creating Volume: volume52016, with user30042 as owner and space quota set to -1 bytes, counts quota set to -1
2023-09-29 09:14:45,188 [OM StateMachine ApplyTransaction Thread - 0] INFO  volume.OMVolumeCreateRequest (OMVolumeCreateRequest.java:validateAndUpdateCache(196)) - created volume:volume52016 for user:user30042
2023-09-29 09:14:45,189 [Time-limited test] INFO  rpc.RpcClient (RpcClient.java:createBucket(689)) - Creating Bucket: volume52016/bucket54450, with bucket layout FILE_SYSTEM_OPTIMIZED, runner as owner, Versioning false, Storage Type set to DISK and Encryption set to false, Replication Type set to server-side default replication type, Namespace Quota set to -1, Space Quota set to -1 
2023-09-29 09:14:45,190 [OM StateMachine ApplyTransaction Thread - 0] INFO  bucket.OMBucketCreateRequest (OMBucketCreateRequest.java:validateAndUpdateCache(270)) - created bucket: bucket54450 of layout FILE_SYSTEM_OPTIMIZED in volume: volume52016
2023-09-29 09:14:45,207 [Time-limited test] INFO  rpc.RpcClient (RpcClient.java:createVolume(462)) - Creating Volume: 49e9b8b9-e4b6-4502-99bb-1ed1f87df48c, with user73558 as owner and space quota set to -1 bytes, counts quota set to -1
2023-09-29 09:14:45,208 [OM StateMachine ApplyTransaction Thread - 0] INFO  volume.OMVolumeCreateRequest (OMVolumeCreateRequest.java:validateAndUpdateCache(196)) - created volume:49e9b8b9-e4b6-4502-99bb-1ed1f87df48c for user:user73558
2023-09-29 09:14:45,210 [Time-limited test] INFO  rpc.RpcClient (RpcClient.java:createBucket(689)) - Creating Bucket: 49e9b8b9-e4b6-4502-99bb-1ed1f87df48c/e5bb6f42-3539-4e07-a740-3f9610e0a7be, with bucket layout LEGACY, runner as owner, Versioning false, Storage Type set to DISK and Encryption set to false, Replication Type set to EC, Namespace Quota set to -1, Space Quota set to -1 
2023-09-29 09:14:45,213 [OM StateMachine ApplyTransaction Thread - 0] INFO  bucket.OMBucketCreateRequest (OMBucketCreateRequest.java:validateAndUpdateCache(270)) - created bucket: e5bb6f42-3539-4e07-a740-3f9610e0a7be of layout LEGACY in volume: 49e9b8b9-e4b6-4502-99bb-1ed1f87df48c
2023-09-29 09:14:45,233 [IPC Server handler 3 on default port 15001] INFO  algorithms.SCMContainerPlacementRackScatter (SCMContainerPlacementRackScatter.java:chooseDatanodesInternal(370)) - Chosen nodes: [808e3967-7510-49b7-87ea-3b9eb7a0b48e(fv-az83-343.uavyq1izdhte5b0ne1us2eqzhb.jx.internal.cloudapp.net/10.1.0.30), 2a19af63-c44c-4b61-8149-4383770f1009(fv-az83-343.uavyq1izdhte5b0ne1us2eqzhb.jx.internal.cloudapp.net/10.1.0.30), a6468106-3f01-4ed8-9704-c326dd06b734(fv-az83-343.uavyq1izdhte5b0ne1us2eqzhb.jx.internal.cloudapp.net/10.1.0.30), dd913d19-83ff-47ba-9363-dfe8430831a0(fv-az83-343.uavyq1izdhte5b0ne1us2eqzhb.jx.internal.cloudapp.net/10.1.0.30), f9652e80-d58c-49ab-ab0e-27e6fff13d69(fv-az83-343.uavyq1izdhte5b0ne1us2eqzhb.jx.internal.cloudapp.net/10.1.0.30)]. isPolicySatisfied: true.
2023-09-29 09:14:45,235 [IPC Server handler 3 on default port 15001] INFO  pipeline.WritableECContainerProvider (WritableECContainerProvider.java:allocateContainer(211)) - Created and opened new pipeline Pipeline[ Id: 1c6d0bad-b9fe-402e-9434-40c5b1b84789, Nodes: 808e3967-7510-49b7-87ea-3b9eb7a0b48e(fv-az83-343.uavyq1izdhte5b0ne1us2eqzhb.jx.internal.cloudapp.net/10.1.0.30)2a19af63-c44c-4b61-8149-4383770f1009(fv-az83-343.uavyq1izdhte5b0ne1us2eqzhb.jx.internal.cloudapp.net/10.1.0.30)a6468106-3f01-4ed8-9704-c326dd06b734(fv-az83-343.uavyq1izdhte5b0ne1us2eqzhb.jx.internal.cloudapp.net/10.1.0.30)dd913d19-83ff-47ba-9363-dfe8430831a0(fv-az83-343.uavyq1izdhte5b0ne1us2eqzhb.jx.internal.cloudapp.net/10.1.0.30)f9652e80-d58c-49ab-ab0e-27e6fff13d69(fv-az83-343.uavyq1izdhte5b0ne1us2eqzhb.jx.internal.cloudapp.net/10.1.0.30), ReplicationConfig: EC{rs-3-2-1024k}, State:ALLOCATED, leaderId:, CreationTimestamp2023-09-29T09:14:45.233Z[Etc/UTC]]
2023-09-29 09:14:45,444 [IPC Server handler 8 on default port 15001] WARN  node.SCMNodeManager (SCMNodeManager.java:getNodesByAddress(1373)) - Cannot find node for address 127.0.0.1
]]></system-out>
  </testcase>
  <testcase name="testBucketDefaultsShouldBeInheritedToFileForEC" classname="TestRootedOzoneFileSystemWithFSO" time="0.231">
    <system-out><![CDATA[2023-09-29 09:16:16,958 [Time-limited test] INFO  rpc.RpcClient (RpcClient.java:createVolume(462)) - Creating Volume: volume60548, with user68389 as owner and space quota set to -1 bytes, counts quota set to -1
2023-09-29 09:16:16,959 [IPC Server handler 15 on default port 15057] INFO  volume.OMVolumeCreateRequest (OMVolumeCreateRequest.java:validateAndUpdateCache(196)) - created volume:volume60548 for user:user68389
2023-09-29 09:16:16,960 [Time-limited test] INFO  rpc.RpcClient (RpcClient.java:createBucket(689)) - Creating Bucket: volume60548/bucket43754, with bucket layout FILE_SYSTEM_OPTIMIZED, runner as owner, Versioning false, Storage Type set to DISK and Encryption set to false, Replication Type set to server-side default replication type, Namespace Quota set to -1, Space Quota set to -1 
2023-09-29 09:16:16,961 [IPC Server handler 18 on default port 15057] INFO  bucket.OMBucketCreateRequest (OMBucketCreateRequest.java:validateAndUpdateCache(270)) - created bucket: bucket43754 of layout FILE_SYSTEM_OPTIMIZED in volume: volume60548
2023-09-29 09:16:16,975 [Time-limited test] INFO  rpc.RpcClient (RpcClient.java:createVolume(462)) - Creating Volume: 8ffa65be-9886-4297-8b1c-425d25c6eef8, with user79944 as owner and space quota set to -1 bytes, counts quota set to -1
2023-09-29 09:16:16,976 [IPC Server handler 19 on default port 15057] INFO  volume.OMVolumeCreateRequest (OMVolumeCreateRequest.java:validateAndUpdateCache(196)) - created volume:8ffa65be-9886-4297-8b1c-425d25c6eef8 for user:user79944
2023-09-29 09:16:16,977 [Time-limited test] INFO  rpc.RpcClient (RpcClient.java:createBucket(689)) - Creating Bucket: 8ffa65be-9886-4297-8b1c-425d25c6eef8/645fab99-b427-4514-831d-f156081c40c5, with bucket layout LEGACY, runner as owner, Versioning false, Storage Type set to DISK and Encryption set to false, Replication Type set to EC, Namespace Quota set to -1, Space Quota set to -1 
2023-09-29 09:16:16,978 [IPC Server handler 3 on default port 15057] INFO  bucket.OMBucketCreateRequest (OMBucketCreateRequest.java:validateAndUpdateCache(270)) - created bucket: 645fab99-b427-4514-831d-f156081c40c5 of layout LEGACY in volume: 8ffa65be-9886-4297-8b1c-425d25c6eef8
2023-09-29 09:16:16,983 [IPC Server handler 11 on default port 15054] INFO  algorithms.SCMContainerPlacementRackScatter (SCMContainerPlacementRackScatter.java:chooseDatanodesInternal(370)) - Chosen nodes: [10e0b218-8303-4db1-a541-e155d4944b6e(fv-az83-343.uavyq1izdhte5b0ne1us2eqzhb.jx.internal.cloudapp.net/10.1.0.30), c0cdbf58-0bce-4385-b76e-2e20c526d69e(fv-az83-343.uavyq1izdhte5b0ne1us2eqzhb.jx.internal.cloudapp.net/10.1.0.30), 3a494423-7ff4-4963-8d96-e6fb16151c55(fv-az83-343.uavyq1izdhte5b0ne1us2eqzhb.jx.internal.cloudapp.net/10.1.0.30), 380230e5-39f9-49de-9a23-78c86f98f3f3(fv-az83-343.uavyq1izdhte5b0ne1us2eqzhb.jx.internal.cloudapp.net/10.1.0.30), 621c2e90-a4eb-4c74-8f52-bedc5a92b31f(fv-az83-343.uavyq1izdhte5b0ne1us2eqzhb.jx.internal.cloudapp.net/10.1.0.30)]. isPolicySatisfied: true.
2023-09-29 09:16:16,985 [IPC Server handler 11 on default port 15054] INFO  pipeline.WritableECContainerProvider (WritableECContainerProvider.java:allocateContainer(211)) - Created and opened new pipeline Pipeline[ Id: 34e1cc2c-396b-4bfc-826b-3c77d4d65cfb, Nodes: 10e0b218-8303-4db1-a541-e155d4944b6e(fv-az83-343.uavyq1izdhte5b0ne1us2eqzhb.jx.internal.cloudapp.net/10.1.0.30)c0cdbf58-0bce-4385-b76e-2e20c526d69e(fv-az83-343.uavyq1izdhte5b0ne1us2eqzhb.jx.internal.cloudapp.net/10.1.0.30)3a494423-7ff4-4963-8d96-e6fb16151c55(fv-az83-343.uavyq1izdhte5b0ne1us2eqzhb.jx.internal.cloudapp.net/10.1.0.30)380230e5-39f9-49de-9a23-78c86f98f3f3(fv-az83-343.uavyq1izdhte5b0ne1us2eqzhb.jx.internal.cloudapp.net/10.1.0.30)621c2e90-a4eb-4c74-8f52-bedc5a92b31f(fv-az83-343.uavyq1izdhte5b0ne1us2eqzhb.jx.internal.cloudapp.net/10.1.0.30), ReplicationConfig: EC{rs-3-2-1024k}, State:ALLOCATED, leaderId:, CreationTimestamp2023-09-29T09:16:16.984Z[Etc/UTC]]
2023-09-29 09:16:17,164 [IPC Server handler 3 on default port 15054] WARN  node.SCMNodeManager (SCMNodeManager.java:getNodesByAddress(1373)) - Cannot find node for address 127.0.0.1
]]></system-out>
    <system-err><![CDATA[Sep 29, 2023 9:16:17 AM org.apache.ratis.thirdparty.io.grpc.internal.ManagedChannelOrphanWrapper$ManagedChannelReference cleanQueue
SEVERE: *~*~*~ Previous channel ManagedChannelImpl{logId=189, target=10.1.0.30:15021} was not shutdown properly!!! ~*~*~*
    Make sure to call shutdown()/shutdownNow() and wait until awaitTermination() returns true.
java.lang.RuntimeException: ManagedChannel allocation site
	at org.apache.ratis.thirdparty.io.grpc.internal.ManagedChannelOrphanWrapper$ManagedChannelReference.<init>(ManagedChannelOrphanWrapper.java:100)
	at org.apache.ratis.thirdparty.io.grpc.internal.ManagedChannelOrphanWrapper.<init>(ManagedChannelOrphanWrapper.java:60)
	at org.apache.ratis.thirdparty.io.grpc.internal.ManagedChannelOrphanWrapper.<init>(ManagedChannelOrphanWrapper.java:51)
	at org.apache.ratis.thirdparty.io.grpc.internal.ManagedChannelImplBuilder.build(ManagedChannelImplBuilder.java:631)
	at org.apache.ratis.thirdparty.io.grpc.internal.AbstractManagedChannelImplBuilder.build(AbstractManagedChannelImplBuilder.java:297)
	at org.apache.ratis.grpc.client.GrpcClientProtocolClient.buildChannel(GrpcClientProtocolClient.java:151)
	at org.apache.ratis.grpc.client.GrpcClientProtocolClient.<init>(GrpcClientProtocolClient.java:113)
	at org.apache.ratis.grpc.client.GrpcClientRpc.lambda$new$0(GrpcClientRpc.java:59)
	at org.apache.ratis.util.PeerProxyMap$PeerAndProxy.lambda$getProxy$0(PeerProxyMap.java:64)
	at org.apache.ratis.util.LifeCycle.startAndTransition(LifeCycle.java:270)
	at org.apache.ratis.util.PeerProxyMap$PeerAndProxy.getProxy(PeerProxyMap.java:63)
	at org.apache.ratis.util.PeerProxyMap.getProxy(PeerProxyMap.java:115)
	at org.apache.ratis.grpc.client.GrpcClientRpc.sendRequestAsync(GrpcClientRpc.java:69)
	at org.apache.ratis.client.impl.OrderedAsync.sendRequest(OrderedAsync.java:245)
	at org.apache.ratis.client.impl.OrderedAsync.sendRequestWithRetry(OrderedAsync.java:198)
	at org.apache.ratis.util.SlidingWindow$Client.sendOrDelayRequest(SlidingWindow.java:312)
	at org.apache.ratis.util.SlidingWindow$Client.submitNewRequest(SlidingWindow.java:291)
	at org.apache.ratis.client.impl.OrderedAsync.send(OrderedAsync.java:170)
	at org.apache.ratis.client.impl.OrderedAsync.newInstance(OrderedAsync.java:118)
	at org.apache.ratis.client.impl.RaftClientImpl.lambda$new$1(RaftClientImpl.java:166)
	at org.apache.ratis.util.MemoizedSupplier.get(MemoizedSupplier.java:62)
	at org.apache.ratis.client.impl.RaftClientImpl.getOrderedAsync(RaftClientImpl.java:235)
	at org.apache.ratis.client.impl.AsyncImpl.send(AsyncImpl.java:41)
	at org.apache.ratis.client.impl.AsyncImpl.send(AsyncImpl.java:46)
	at org.apache.hadoop.hdds.scm.XceiverClientRatis.lambda$sendRequestAsync$2(XceiverClientRatis.java:242)
	at org.apache.hadoop.hdds.tracing.TracingUtil.executeInSpan(TracingUtil.java:169)
	at org.apache.hadoop.hdds.tracing.TracingUtil.executeInNewSpan(TracingUtil.java:149)
	at org.apache.hadoop.hdds.scm.XceiverClientRatis.sendRequestAsync(XceiverClientRatis.java:227)
	at org.apache.hadoop.hdds.scm.XceiverClientRatis.sendCommandAsync(XceiverClientRatis.java:329)
	at org.apache.hadoop.hdds.scm.storage.ContainerProtocolCalls.writeChunkAsync(ContainerProtocolCalls.java:420)
	at org.apache.hadoop.hdds.scm.storage.BlockOutputStream.writeChunkToContainer(BlockOutputStream.java:722)
	at org.apache.hadoop.hdds.scm.storage.BlockOutputStream.writeChunk(BlockOutputStream.java:539)
	at org.apache.hadoop.hdds.scm.storage.BlockOutputStream.handleFlushInternal(BlockOutputStream.java:572)
	at org.apache.hadoop.hdds.scm.storage.BlockOutputStream.handleFlush(BlockOutputStream.java:547)
	at org.apache.hadoop.hdds.scm.storage.BlockOutputStream.close(BlockOutputStream.java:598)
	at org.apache.hadoop.ozone.client.io.BlockOutputStreamEntry.close(BlockOutputStreamEntry.java:158)
	at org.apache.hadoop.ozone.client.io.KeyOutputStream.handleStreamAction(KeyOutputStream.java:523)
	at org.apache.hadoop.ozone.client.io.KeyOutputStream.handleFlushOrClose(KeyOutputStream.java:497)
	at org.apache.hadoop.ozone.client.io.KeyOutputStream.close(KeyOutputStream.java:553)
	at org.apache.hadoop.ozone.client.io.OzoneOutputStream.close(OzoneOutputStream.java:103)
	at org.apache.hadoop.fs.ozone.OzoneFSOutputStream.close(OzoneFSOutputStream.java:60)
	at org.apache.hadoop.fs.FSDataOutputStream$PositionCache.close(FSDataOutputStream.java:77)
	at org.apache.hadoop.fs.FSDataOutputStream.close(FSDataOutputStream.java:106)
	at org.apache.hadoop.fs.ozone.TestRootedOzoneFileSystemWithFSO.testDeleteVolumeAndBucket(TestRootedOzoneFileSystemWithFSO.java:221)
	at sun.reflect.NativeMethodAccessorImpl.invoke0(Native Method)
	at sun.reflect.NativeMethodAccessorImpl.invoke(NativeMethodAccessorImpl.java:62)
	at sun.reflect.DelegatingMethodAccessorImpl.invoke(DelegatingMethodAccessorImpl.java:43)
	at java.lang.reflect.Method.invoke(Method.java:498)
	at org.junit.runners.model.FrameworkMethod$1.runReflectiveCall(FrameworkMethod.java:59)
	at org.junit.internal.runners.model.ReflectiveCallable.run(ReflectiveCallable.java:12)
	at org.junit.runners.model.FrameworkMethod.invokeExplosively(FrameworkMethod.java:56)
	at org.junit.internal.runners.statements.InvokeMethod.evaluate(InvokeMethod.java:17)
	at org.junit.internal.runners.statements.RunBefores.evaluate(RunBefores.java:26)
	at org.junit.internal.runners.statements.RunAfters.evaluate(RunAfters.java:27)
	at org.junit.internal.runners.statements.FailOnTimeout$CallableStatement.call(FailOnTimeout.java:288)
	at org.junit.internal.runners.statements.FailOnTimeout$CallableStatement.call(FailOnTimeout.java:282)
	at java.util.concurrent.FutureTask.run(FutureTask.java:266)
	at java.lang.Thread.run(Thread.java:750)

Sep 29, 2023 9:16:17 AM org.apache.ratis.thirdparty.io.grpc.internal.ManagedChannelOrphanWrapper$ManagedChannelReference cleanQueue
SEVERE: *~*~*~ Previous channel ManagedChannelImpl{logId=191, target=10.1.0.30:15022} was not shutdown properly!!! ~*~*~*
    Make sure to call shutdown()/shutdownNow() and wait until awaitTermination() returns true.
java.lang.RuntimeException: ManagedChannel allocation site
	at org.apache.ratis.thirdparty.io.grpc.internal.ManagedChannelOrphanWrapper$ManagedChannelReference.<init>(ManagedChannelOrphanWrapper.java:100)
	at org.apache.ratis.thirdparty.io.grpc.internal.ManagedChannelOrphanWrapper.<init>(ManagedChannelOrphanWrapper.java:60)
	at org.apache.ratis.thirdparty.io.grpc.internal.ManagedChannelOrphanWrapper.<init>(ManagedChannelOrphanWrapper.java:51)
	at org.apache.ratis.thirdparty.io.grpc.internal.ManagedChannelImplBuilder.build(ManagedChannelImplBuilder.java:631)
	at org.apache.ratis.thirdparty.io.grpc.internal.AbstractManagedChannelImplBuilder.build(AbstractManagedChannelImplBuilder.java:297)
	at org.apache.ratis.grpc.client.GrpcClientProtocolClient.buildChannel(GrpcClientProtocolClient.java:151)
	at org.apache.ratis.grpc.client.GrpcClientProtocolClient.<init>(GrpcClientProtocolClient.java:116)
	at org.apache.ratis.grpc.client.GrpcClientRpc.lambda$new$0(GrpcClientRpc.java:59)
	at org.apache.ratis.util.PeerProxyMap$PeerAndProxy.lambda$getProxy$0(PeerProxyMap.java:64)
	at org.apache.ratis.util.LifeCycle.startAndTransition(LifeCycle.java:270)
	at org.apache.ratis.util.PeerProxyMap$PeerAndProxy.getProxy(PeerProxyMap.java:63)
	at org.apache.ratis.util.PeerProxyMap.getProxy(PeerProxyMap.java:115)
	at org.apache.ratis.grpc.client.GrpcClientRpc.sendRequestAsync(GrpcClientRpc.java:69)
	at org.apache.ratis.client.impl.OrderedAsync.sendRequest(OrderedAsync.java:245)
	at org.apache.ratis.client.impl.OrderedAsync.sendRequestWithRetry(OrderedAsync.java:198)
	at org.apache.ratis.util.SlidingWindow$Client.sendOrDelayRequest(SlidingWindow.java:312)
	at org.apache.ratis.util.SlidingWindow$Client.submitNewRequest(SlidingWindow.java:291)
	at org.apache.ratis.client.impl.OrderedAsync.send(OrderedAsync.java:170)
	at org.apache.ratis.client.impl.OrderedAsync.newInstance(OrderedAsync.java:118)
	at org.apache.ratis.client.impl.RaftClientImpl.lambda$new$1(RaftClientImpl.java:166)
	at org.apache.ratis.util.MemoizedSupplier.get(MemoizedSupplier.java:62)
	at org.apache.ratis.client.impl.RaftClientImpl.getOrderedAsync(RaftClientImpl.java:235)
	at org.apache.ratis.client.impl.AsyncImpl.send(AsyncImpl.java:41)
	at org.apache.ratis.client.impl.AsyncImpl.send(AsyncImpl.java:46)
	at org.apache.hadoop.hdds.scm.XceiverClientRatis.lambda$sendRequestAsync$2(XceiverClientRatis.java:242)
	at org.apache.hadoop.hdds.tracing.TracingUtil.executeInSpan(TracingUtil.java:169)
	at org.apache.hadoop.hdds.tracing.TracingUtil.executeInNewSpan(TracingUtil.java:149)
	at org.apache.hadoop.hdds.scm.XceiverClientRatis.sendRequestAsync(XceiverClientRatis.java:227)
	at org.apache.hadoop.hdds.scm.XceiverClientRatis.sendCommandAsync(XceiverClientRatis.java:329)
	at org.apache.hadoop.hdds.scm.storage.ContainerProtocolCalls.writeChunkAsync(ContainerProtocolCalls.java:420)
	at org.apache.hadoop.hdds.scm.storage.BlockOutputStream.writeChunkToContainer(BlockOutputStream.java:722)
	at org.apache.hadoop.hdds.scm.storage.BlockOutputStream.writeChunk(BlockOutputStream.java:539)
	at org.apache.hadoop.hdds.scm.storage.BlockOutputStream.handleFlushInternal(BlockOutputStream.java:572)
	at org.apache.hadoop.hdds.scm.storage.BlockOutputStream.handleFlush(BlockOutputStream.java:547)
	at org.apache.hadoop.hdds.scm.storage.BlockOutputStream.close(BlockOutputStream.java:598)
	at org.apache.hadoop.ozone.client.io.BlockOutputStreamEntry.close(BlockOutputStreamEntry.java:158)
	at org.apache.hadoop.ozone.client.io.KeyOutputStream.handleStreamAction(KeyOutputStream.java:523)
	at org.apache.hadoop.ozone.client.io.KeyOutputStream.handleFlushOrClose(KeyOutputStream.java:497)
	at org.apache.hadoop.ozone.client.io.KeyOutputStream.close(KeyOutputStream.java:553)
	at org.apache.hadoop.ozone.client.io.OzoneOutputStream.close(OzoneOutputStream.java:103)
	at org.apache.hadoop.fs.ozone.OzoneFSOutputStream.close(OzoneFSOutputStream.java:60)
	at org.apache.hadoop.fs.FSDataOutputStream$PositionCache.close(FSDataOutputStream.java:77)
	at org.apache.hadoop.fs.FSDataOutputStream.close(FSDataOutputStream.java:106)
	at org.apache.hadoop.fs.ozone.TestRootedOzoneFileSystemWithFSO.testDeleteVolumeAndBucket(TestRootedOzoneFileSystemWithFSO.java:221)
	at sun.reflect.NativeMethodAccessorImpl.invoke0(Native Method)
	at sun.reflect.NativeMethodAccessorImpl.invoke(NativeMethodAccessorImpl.java:62)
	at sun.reflect.DelegatingMethodAccessorImpl.invoke(DelegatingMethodAccessorImpl.java:43)
	at java.lang.reflect.Method.invoke(Method.java:498)
	at org.junit.runners.model.FrameworkMethod$1.runReflectiveCall(FrameworkMethod.java:59)
	at org.junit.internal.runners.model.ReflectiveCallable.run(ReflectiveCallable.java:12)
	at org.junit.runners.model.FrameworkMethod.invokeExplosively(FrameworkMethod.java:56)
	at org.junit.internal.runners.statements.InvokeMethod.evaluate(InvokeMethod.java:17)
	at org.junit.internal.runners.statements.RunBefores.evaluate(RunBefores.java:26)
	at org.junit.internal.runners.statements.RunAfters.evaluate(RunAfters.java:27)
	at org.junit.internal.runners.statements.FailOnTimeout$CallableStatement.call(FailOnTimeout.java:288)
	at org.junit.internal.runners.statements.FailOnTimeout$CallableStatement.call(FailOnTimeout.java:282)
	at java.util.concurrent.FutureTask.run(FutureTask.java:266)
	at java.lang.Thread.run(Thread.java:750)

]]></system-err>
  </testcase>
  <testcase name="testListStatusInBucket" classname="TestRootedOzoneFileSystemWithFSO" time="0.049">
    <system-out><![CDATA[2023-09-29 09:14:45,477 [Time-limited test] INFO  rpc.RpcClient (RpcClient.java:createVolume(462)) - Creating Volume: volume08289, with user65101 as owner and space quota set to -1 bytes, counts quota set to -1
2023-09-29 09:14:45,479 [OM StateMachine ApplyTransaction Thread - 0] INFO  volume.OMVolumeCreateRequest (OMVolumeCreateRequest.java:validateAndUpdateCache(196)) - created volume:volume08289 for user:user65101
2023-09-29 09:14:45,482 [Time-limited test] INFO  rpc.RpcClient (RpcClient.java:createBucket(689)) - Creating Bucket: volume08289/bucket19868, with bucket layout FILE_SYSTEM_OPTIMIZED, runner as owner, Versioning false, Storage Type set to DISK and Encryption set to false, Replication Type set to server-side default replication type, Namespace Quota set to -1, Space Quota set to -1 
2023-09-29 09:14:45,483 [OM StateMachine ApplyTransaction Thread - 0] INFO  bucket.OMBucketCreateRequest (OMBucketCreateRequest.java:validateAndUpdateCache(270)) - created bucket: bucket19868 of layout FILE_SYSTEM_OPTIMIZED in volume: volume08289
]]></system-out>
  </testcase>
  <testcase name="testListStatusInBucket" classname="TestRootedOzoneFileSystemWithFSO" time="0.045">
    <system-out><![CDATA[2023-09-29 09:16:17,191 [Time-limited test] INFO  rpc.RpcClient (RpcClient.java:createVolume(462)) - Creating Volume: volume14576, with user74119 as owner and space quota set to -1 bytes, counts quota set to -1
2023-09-29 09:16:17,193 [IPC Server handler 5 on default port 15057] INFO  volume.OMVolumeCreateRequest (OMVolumeCreateRequest.java:validateAndUpdateCache(196)) - created volume:volume14576 for user:user74119
2023-09-29 09:16:17,194 [Time-limited test] INFO  rpc.RpcClient (RpcClient.java:createBucket(689)) - Creating Bucket: volume14576/bucket94049, with bucket layout FILE_SYSTEM_OPTIMIZED, runner as owner, Versioning false, Storage Type set to DISK and Encryption set to false, Replication Type set to server-side default replication type, Namespace Quota set to -1, Space Quota set to -1 
2023-09-29 09:16:17,194 [IPC Server handler 7 on default port 15057] INFO  bucket.OMBucketCreateRequest (OMBucketCreateRequest.java:validateAndUpdateCache(270)) - created bucket: bucket94049 of layout FILE_SYSTEM_OPTIMIZED in volume: volume14576
]]></system-out>
  </testcase>
  <testcase name="testRenameFileToDir" classname="TestRootedOzoneFileSystemWithFSO" time="0.056">
    <system-out><![CDATA[2023-09-29 09:14:45,526 [Time-limited test] INFO  rpc.RpcClient (RpcClient.java:createVolume(462)) - Creating Volume: volume95780, with user75738 as owner and space quota set to -1 bytes, counts quota set to -1
2023-09-29 09:14:45,527 [OM StateMachine ApplyTransaction Thread - 0] INFO  volume.OMVolumeCreateRequest (OMVolumeCreateRequest.java:validateAndUpdateCache(196)) - created volume:volume95780 for user:user75738
2023-09-29 09:14:45,528 [Time-limited test] INFO  rpc.RpcClient (RpcClient.java:createBucket(689)) - Creating Bucket: volume95780/bucket52746, with bucket layout FILE_SYSTEM_OPTIMIZED, runner as owner, Versioning false, Storage Type set to DISK and Encryption set to false, Replication Type set to server-side default replication type, Namespace Quota set to -1, Space Quota set to -1 
2023-09-29 09:14:45,529 [OM StateMachine ApplyTransaction Thread - 0] INFO  bucket.OMBucketCreateRequest (OMBucketCreateRequest.java:validateAndUpdateCache(270)) - created bucket: bucket52746 of layout FILE_SYSTEM_OPTIMIZED in volume: volume95780
09:14:45.558 [IPC Server handler 2 on default port 15004] ERROR OMAudit - user=runner | ip=127.0.0.1 | op=READ_BUCKET {volume=volume95780, bucket=bucket52746} | ret=FAILURE
org.apache.hadoop.ozone.om.exceptions.OMException: Bucket not found
	at org.apache.hadoop.ozone.om.BucketManagerImpl.getBucketInfo(BucketManagerImpl.java:85) ~[ozone-manager-1.4.0-SNAPSHOT.jar:?]
	at org.apache.hadoop.ozone.om.OzoneManager.getBucketInfo(OzoneManager.java:2798) ~[ozone-manager-1.4.0-SNAPSHOT.jar:?]
	at org.apache.hadoop.ozone.protocolPB.OzoneManagerRequestHandler.infoBucket(OzoneManagerRequestHandler.java:554) ~[ozone-manager-1.4.0-SNAPSHOT.jar:?]
	at org.apache.hadoop.ozone.protocolPB.OzoneManagerRequestHandler.handleReadRequest(OzoneManagerRequestHandler.java:204) ~[ozone-manager-1.4.0-SNAPSHOT.jar:?]
	at org.apache.hadoop.ozone.protocolPB.OzoneManagerProtocolServerSideTranslatorPB.submitReadRequestToOM(OzoneManagerProtocolServerSideTranslatorPB.java:225) ~[ozone-manager-1.4.0-SNAPSHOT.jar:?]
	at org.apache.hadoop.ozone.protocolPB.OzoneManagerProtocolServerSideTranslatorPB.processRequest(OzoneManagerProtocolServerSideTranslatorPB.java:179) ~[ozone-manager-1.4.0-SNAPSHOT.jar:?]
	at org.apache.hadoop.hdds.server.OzoneProtocolMessageDispatcher.processRequest(OzoneProtocolMessageDispatcher.java:87) [hdds-server-framework-1.4.0-SNAPSHOT.jar:?]
	at org.apache.hadoop.ozone.protocolPB.OzoneManagerProtocolServerSideTranslatorPB.submitRequest(OzoneManagerProtocolServerSideTranslatorPB.java:148) [ozone-manager-1.4.0-SNAPSHOT.jar:?]
	at org.apache.hadoop.ozone.protocol.proto.OzoneManagerProtocolProtos$OzoneManagerService$2.callBlockingMethod(OzoneManagerProtocolProtos.java) [ozone-interface-client-1.4.0-SNAPSHOT.jar:?]
	at org.apache.hadoop.ipc.ProtobufRpcEngine$Server.processCall(ProtobufRpcEngine.java:484) [hadoop-common-3.3.6.jar:?]
	at org.apache.hadoop.ipc.ProtobufRpcEngine2$Server$ProtoBufRpcInvoker.call(ProtobufRpcEngine2.java:595) [hadoop-common-3.3.6.jar:?]
	at org.apache.hadoop.ipc.ProtobufRpcEngine2$Server$ProtoBufRpcInvoker.call(ProtobufRpcEngine2.java:573) [hadoop-common-3.3.6.jar:?]
	at org.apache.hadoop.ipc.RPC$Server.call(RPC.java:1227) [hadoop-common-3.3.6.jar:?]
	at org.apache.hadoop.ipc.Server$RpcCall.run(Server.java:1094) [hadoop-common-3.3.6.jar:?]
	at org.apache.hadoop.ipc.Server$RpcCall.run(Server.java:1017) [hadoop-common-3.3.6.jar:?]
	at java.security.AccessController.doPrivileged(Native Method) ~[?:1.8.0_382]
	at javax.security.auth.Subject.doAs(Subject.java:422) [?:1.8.0_382]
	at org.apache.hadoop.security.UserGroupInformation.doAs(UserGroupInformation.java:1899) [hadoop-common-3.3.6.jar:?]
	at org.apache.hadoop.ipc.Server$Handler.run(Server.java:3048) [hadoop-common-3.3.6.jar:?]
09:14:45.560 [IPC Server handler 7 on default port 15004] ERROR OMAudit - user=runner | ip=127.0.0.1 | op=READ_BUCKET {volume=volume95780, bucket=bucket52746} | ret=FAILURE
org.apache.hadoop.ozone.om.exceptions.OMException: Bucket not found
	at org.apache.hadoop.ozone.om.BucketManagerImpl.getBucketInfo(BucketManagerImpl.java:85) ~[ozone-manager-1.4.0-SNAPSHOT.jar:?]
	at org.apache.hadoop.ozone.om.OzoneManager.getBucketInfo(OzoneManager.java:2798) ~[ozone-manager-1.4.0-SNAPSHOT.jar:?]
	at org.apache.hadoop.ozone.protocolPB.OzoneManagerRequestHandler.infoBucket(OzoneManagerRequestHandler.java:554) ~[ozone-manager-1.4.0-SNAPSHOT.jar:?]
	at org.apache.hadoop.ozone.protocolPB.OzoneManagerRequestHandler.handleReadRequest(OzoneManagerRequestHandler.java:204) ~[ozone-manager-1.4.0-SNAPSHOT.jar:?]
	at org.apache.hadoop.ozone.protocolPB.OzoneManagerProtocolServerSideTranslatorPB.submitReadRequestToOM(OzoneManagerProtocolServerSideTranslatorPB.java:225) ~[ozone-manager-1.4.0-SNAPSHOT.jar:?]
	at org.apache.hadoop.ozone.protocolPB.OzoneManagerProtocolServerSideTranslatorPB.processRequest(OzoneManagerProtocolServerSideTranslatorPB.java:179) ~[ozone-manager-1.4.0-SNAPSHOT.jar:?]
	at org.apache.hadoop.hdds.server.OzoneProtocolMessageDispatcher.processRequest(OzoneProtocolMessageDispatcher.java:87) [hdds-server-framework-1.4.0-SNAPSHOT.jar:?]
	at org.apache.hadoop.ozone.protocolPB.OzoneManagerProtocolServerSideTranslatorPB.submitRequest(OzoneManagerProtocolServerSideTranslatorPB.java:148) [ozone-manager-1.4.0-SNAPSHOT.jar:?]
	at org.apache.hadoop.ozone.protocol.proto.OzoneManagerProtocolProtos$OzoneManagerService$2.callBlockingMethod(OzoneManagerProtocolProtos.java) [ozone-interface-client-1.4.0-SNAPSHOT.jar:?]
	at org.apache.hadoop.ipc.ProtobufRpcEngine$Server.processCall(ProtobufRpcEngine.java:484) [hadoop-common-3.3.6.jar:?]
	at org.apache.hadoop.ipc.ProtobufRpcEngine2$Server$ProtoBufRpcInvoker.call(ProtobufRpcEngine2.java:595) [hadoop-common-3.3.6.jar:?]
	at org.apache.hadoop.ipc.ProtobufRpcEngine2$Server$ProtoBufRpcInvoker.call(ProtobufRpcEngine2.java:573) [hadoop-common-3.3.6.jar:?]
	at org.apache.hadoop.ipc.RPC$Server.call(RPC.java:1227) [hadoop-common-3.3.6.jar:?]
	at org.apache.hadoop.ipc.Server$RpcCall.run(Server.java:1094) [hadoop-common-3.3.6.jar:?]
	at org.apache.hadoop.ipc.Server$RpcCall.run(Server.java:1017) [hadoop-common-3.3.6.jar:?]
	at java.security.AccessController.doPrivileged(Native Method) ~[?:1.8.0_382]
	at javax.security.auth.Subject.doAs(Subject.java:422) [?:1.8.0_382]
	at org.apache.hadoop.security.UserGroupInformation.doAs(UserGroupInformation.java:1899) [hadoop-common-3.3.6.jar:?]
	at org.apache.hadoop.ipc.Server$Handler.run(Server.java:3048) [hadoop-common-3.3.6.jar:?]
2023-09-29 09:14:45,561 [Time-limited test] ERROR ozone.BasicRootedOzoneFileSystem (BasicRootedOzoneFileSystem.java:isLinkBucket(780)) - Exception while getting bucket link information, considered it as false
BUCKET_NOT_FOUND org.apache.hadoop.ozone.om.exceptions.OMException: Bucket not found
	at org.apache.hadoop.ozone.om.protocolPB.OzoneManagerProtocolClientSideTranslatorPB.handleError(OzoneManagerProtocolClientSideTranslatorPB.java:733)
	at org.apache.hadoop.ozone.om.protocolPB.OzoneManagerProtocolClientSideTranslatorPB.getBucketInfo(OzoneManagerProtocolClientSideTranslatorPB.java:582)
	at org.apache.hadoop.ozone.client.rpc.RpcClient.getBucketDetails(RpcClient.java:1244)
	at org.apache.hadoop.fs.ozone.BasicRootedOzoneClientAdapterImpl.getBucket(BasicRootedOzoneClientAdapterImpl.java:274)
	at org.apache.hadoop.fs.ozone.BasicRootedOzoneClientAdapterImpl.getBucket(BasicRootedOzoneClientAdapterImpl.java:248)
	at org.apache.hadoop.fs.ozone.BasicRootedOzoneFileSystem.isLinkBucket(BasicRootedOzoneFileSystem.java:775)
	at org.apache.hadoop.fs.ozone.BasicRootedOzoneFileSystem.deleteBucket(BasicRootedOzoneFileSystem.java:742)
	at org.apache.hadoop.fs.ozone.BasicRootedOzoneFileSystem.delete(BasicRootedOzoneFileSystem.java:696)
	at org.apache.hadoop.fs.ozone.TestRootedOzoneFileSystem.cleanup(TestRootedOzoneFileSystem.java:201)
	at sun.reflect.GeneratedMethodAccessor65.invoke(Unknown Source)
	at sun.reflect.DelegatingMethodAccessorImpl.invoke(DelegatingMethodAccessorImpl.java:43)
	at java.lang.reflect.Method.invoke(Method.java:498)
	at org.junit.runners.model.FrameworkMethod$1.runReflectiveCall(FrameworkMethod.java:59)
	at org.junit.internal.runners.model.ReflectiveCallable.run(ReflectiveCallable.java:12)
	at org.junit.runners.model.FrameworkMethod.invokeExplosively(FrameworkMethod.java:56)
	at org.junit.internal.runners.statements.RunAfters.invokeMethod(RunAfters.java:46)
	at org.junit.internal.runners.statements.RunAfters.evaluate(RunAfters.java:33)
	at org.junit.internal.runners.statements.FailOnTimeout$CallableStatement.call(FailOnTimeout.java:288)
	at org.junit.internal.runners.statements.FailOnTimeout$CallableStatement.call(FailOnTimeout.java:282)
	at java.util.concurrent.FutureTask.run(FutureTask.java:266)
	at java.lang.Thread.run(Thread.java:750)
2023-09-29 09:14:45,561 [Time-limited test] WARN  ozone.BasicRootedOzoneFileSystem (BasicRootedOzoneFileSystem.java:deleteBucket(746)) - delete: Path does not exist: /volume95780/bucket52746
]]></system-out>
  </testcase>
  <testcase name="testRenameFileToDir" classname="TestRootedOzoneFileSystemWithFSO" time="0.053">
    <system-out><![CDATA[2023-09-29 09:16:17,239 [Time-limited test] INFO  rpc.RpcClient (RpcClient.java:createVolume(462)) - Creating Volume: volume03094, with user02870 as owner and space quota set to -1 bytes, counts quota set to -1
2023-09-29 09:16:17,240 [IPC Server handler 16 on default port 15057] INFO  volume.OMVolumeCreateRequest (OMVolumeCreateRequest.java:validateAndUpdateCache(196)) - created volume:volume03094 for user:user02870
2023-09-29 09:16:17,242 [Time-limited test] INFO  rpc.RpcClient (RpcClient.java:createBucket(689)) - Creating Bucket: volume03094/bucket96657, with bucket layout FILE_SYSTEM_OPTIMIZED, runner as owner, Versioning false, Storage Type set to DISK and Encryption set to false, Replication Type set to server-side default replication type, Namespace Quota set to -1, Space Quota set to -1 
2023-09-29 09:16:17,242 [IPC Server handler 2 on default port 15057] INFO  bucket.OMBucketCreateRequest (OMBucketCreateRequest.java:validateAndUpdateCache(270)) - created bucket: bucket96657 of layout FILE_SYSTEM_OPTIMIZED in volume: volume03094
09:16:17.268 [IPC Server handler 4 on default port 15057] ERROR OMAudit - user=runner | ip=127.0.0.1 | op=READ_BUCKET {volume=volume03094, bucket=bucket96657} | ret=FAILURE
org.apache.hadoop.ozone.om.exceptions.OMException: Bucket not found
	at org.apache.hadoop.ozone.om.BucketManagerImpl.getBucketInfo(BucketManagerImpl.java:85) ~[ozone-manager-1.4.0-SNAPSHOT.jar:?]
	at org.apache.hadoop.ozone.om.OzoneManager.getBucketInfo(OzoneManager.java:2798) ~[ozone-manager-1.4.0-SNAPSHOT.jar:?]
	at org.apache.hadoop.ozone.protocolPB.OzoneManagerRequestHandler.infoBucket(OzoneManagerRequestHandler.java:554) ~[ozone-manager-1.4.0-SNAPSHOT.jar:?]
	at org.apache.hadoop.ozone.protocolPB.OzoneManagerRequestHandler.handleReadRequest(OzoneManagerRequestHandler.java:204) ~[ozone-manager-1.4.0-SNAPSHOT.jar:?]
	at org.apache.hadoop.ozone.protocolPB.OzoneManagerProtocolServerSideTranslatorPB.submitRequestDirectlyToOM(OzoneManagerProtocolServerSideTranslatorPB.java:274) ~[ozone-manager-1.4.0-SNAPSHOT.jar:?]
	at org.apache.hadoop.ozone.protocolPB.OzoneManagerProtocolServerSideTranslatorPB.processRequest(OzoneManagerProtocolServerSideTranslatorPB.java:175) ~[ozone-manager-1.4.0-SNAPSHOT.jar:?]
	at org.apache.hadoop.hdds.server.OzoneProtocolMessageDispatcher.processRequest(OzoneProtocolMessageDispatcher.java:87) [hdds-server-framework-1.4.0-SNAPSHOT.jar:?]
	at org.apache.hadoop.ozone.protocolPB.OzoneManagerProtocolServerSideTranslatorPB.submitRequest(OzoneManagerProtocolServerSideTranslatorPB.java:148) [ozone-manager-1.4.0-SNAPSHOT.jar:?]
	at org.apache.hadoop.ozone.protocol.proto.OzoneManagerProtocolProtos$OzoneManagerService$2.callBlockingMethod(OzoneManagerProtocolProtos.java) [ozone-interface-client-1.4.0-SNAPSHOT.jar:?]
	at org.apache.hadoop.ipc.ProtobufRpcEngine$Server.processCall(ProtobufRpcEngine.java:484) [hadoop-common-3.3.6.jar:?]
	at org.apache.hadoop.ipc.ProtobufRpcEngine2$Server$ProtoBufRpcInvoker.call(ProtobufRpcEngine2.java:595) [hadoop-common-3.3.6.jar:?]
	at org.apache.hadoop.ipc.ProtobufRpcEngine2$Server$ProtoBufRpcInvoker.call(ProtobufRpcEngine2.java:573) [hadoop-common-3.3.6.jar:?]
	at org.apache.hadoop.ipc.RPC$Server.call(RPC.java:1227) [hadoop-common-3.3.6.jar:?]
	at org.apache.hadoop.ipc.Server$RpcCall.run(Server.java:1094) [hadoop-common-3.3.6.jar:?]
	at org.apache.hadoop.ipc.Server$RpcCall.run(Server.java:1017) [hadoop-common-3.3.6.jar:?]
	at java.security.AccessController.doPrivileged(Native Method) ~[?:1.8.0_382]
	at javax.security.auth.Subject.doAs(Subject.java:422) [?:1.8.0_382]
	at org.apache.hadoop.security.UserGroupInformation.doAs(UserGroupInformation.java:1899) [hadoop-common-3.3.6.jar:?]
	at org.apache.hadoop.ipc.Server$Handler.run(Server.java:3048) [hadoop-common-3.3.6.jar:?]
09:16:17.269 [IPC Server handler 6 on default port 15057] ERROR OMAudit - user=runner | ip=127.0.0.1 | op=READ_BUCKET {volume=volume03094, bucket=bucket96657} | ret=FAILURE
org.apache.hadoop.ozone.om.exceptions.OMException: Bucket not found
	at org.apache.hadoop.ozone.om.BucketManagerImpl.getBucketInfo(BucketManagerImpl.java:85) ~[ozone-manager-1.4.0-SNAPSHOT.jar:?]
	at org.apache.hadoop.ozone.om.OzoneManager.getBucketInfo(OzoneManager.java:2798) ~[ozone-manager-1.4.0-SNAPSHOT.jar:?]
	at org.apache.hadoop.ozone.protocolPB.OzoneManagerRequestHandler.infoBucket(OzoneManagerRequestHandler.java:554) ~[ozone-manager-1.4.0-SNAPSHOT.jar:?]
	at org.apache.hadoop.ozone.protocolPB.OzoneManagerRequestHandler.handleReadRequest(OzoneManagerRequestHandler.java:204) ~[ozone-manager-1.4.0-SNAPSHOT.jar:?]
	at org.apache.hadoop.ozone.protocolPB.OzoneManagerProtocolServerSideTranslatorPB.submitRequestDirectlyToOM(OzoneManagerProtocolServerSideTranslatorPB.java:274) ~[ozone-manager-1.4.0-SNAPSHOT.jar:?]
	at org.apache.hadoop.ozone.protocolPB.OzoneManagerProtocolServerSideTranslatorPB.processRequest(OzoneManagerProtocolServerSideTranslatorPB.java:175) ~[ozone-manager-1.4.0-SNAPSHOT.jar:?]
	at org.apache.hadoop.hdds.server.OzoneProtocolMessageDispatcher.processRequest(OzoneProtocolMessageDispatcher.java:87) [hdds-server-framework-1.4.0-SNAPSHOT.jar:?]
	at org.apache.hadoop.ozone.protocolPB.OzoneManagerProtocolServerSideTranslatorPB.submitRequest(OzoneManagerProtocolServerSideTranslatorPB.java:148) [ozone-manager-1.4.0-SNAPSHOT.jar:?]
	at org.apache.hadoop.ozone.protocol.proto.OzoneManagerProtocolProtos$OzoneManagerService$2.callBlockingMethod(OzoneManagerProtocolProtos.java) [ozone-interface-client-1.4.0-SNAPSHOT.jar:?]
	at org.apache.hadoop.ipc.ProtobufRpcEngine$Server.processCall(ProtobufRpcEngine.java:484) [hadoop-common-3.3.6.jar:?]
	at org.apache.hadoop.ipc.ProtobufRpcEngine2$Server$ProtoBufRpcInvoker.call(ProtobufRpcEngine2.java:595) [hadoop-common-3.3.6.jar:?]
	at org.apache.hadoop.ipc.ProtobufRpcEngine2$Server$ProtoBufRpcInvoker.call(ProtobufRpcEngine2.java:573) [hadoop-common-3.3.6.jar:?]
	at org.apache.hadoop.ipc.RPC$Server.call(RPC.java:1227) [hadoop-common-3.3.6.jar:?]
	at org.apache.hadoop.ipc.Server$RpcCall.run(Server.java:1094) [hadoop-common-3.3.6.jar:?]
	at org.apache.hadoop.ipc.Server$RpcCall.run(Server.java:1017) [hadoop-common-3.3.6.jar:?]
	at java.security.AccessController.doPrivileged(Native Method) ~[?:1.8.0_382]
	at javax.security.auth.Subject.doAs(Subject.java:422) [?:1.8.0_382]
	at org.apache.hadoop.security.UserGroupInformation.doAs(UserGroupInformation.java:1899) [hadoop-common-3.3.6.jar:?]
	at org.apache.hadoop.ipc.Server$Handler.run(Server.java:3048) [hadoop-common-3.3.6.jar:?]
2023-09-29 09:16:17,270 [Time-limited test] ERROR ozone.BasicRootedOzoneFileSystem (BasicRootedOzoneFileSystem.java:isLinkBucket(780)) - Exception while getting bucket link information, considered it as false
BUCKET_NOT_FOUND org.apache.hadoop.ozone.om.exceptions.OMException: Bucket not found
	at org.apache.hadoop.ozone.om.protocolPB.OzoneManagerProtocolClientSideTranslatorPB.handleError(OzoneManagerProtocolClientSideTranslatorPB.java:733)
	at org.apache.hadoop.ozone.om.protocolPB.OzoneManagerProtocolClientSideTranslatorPB.getBucketInfo(OzoneManagerProtocolClientSideTranslatorPB.java:582)
	at org.apache.hadoop.ozone.client.rpc.RpcClient.getBucketDetails(RpcClient.java:1244)
	at org.apache.hadoop.fs.ozone.BasicRootedOzoneClientAdapterImpl.getBucket(BasicRootedOzoneClientAdapterImpl.java:274)
	at org.apache.hadoop.fs.ozone.BasicRootedOzoneClientAdapterImpl.getBucket(BasicRootedOzoneClientAdapterImpl.java:248)
	at org.apache.hadoop.fs.ozone.BasicRootedOzoneFileSystem.isLinkBucket(BasicRootedOzoneFileSystem.java:775)
	at org.apache.hadoop.fs.ozone.BasicRootedOzoneFileSystem.deleteBucket(BasicRootedOzoneFileSystem.java:742)
	at org.apache.hadoop.fs.ozone.BasicRootedOzoneFileSystem.delete(BasicRootedOzoneFileSystem.java:696)
	at org.apache.hadoop.fs.ozone.TestRootedOzoneFileSystem.cleanup(TestRootedOzoneFileSystem.java:201)
	at sun.reflect.GeneratedMethodAccessor65.invoke(Unknown Source)
	at sun.reflect.DelegatingMethodAccessorImpl.invoke(DelegatingMethodAccessorImpl.java:43)
	at java.lang.reflect.Method.invoke(Method.java:498)
	at org.junit.runners.model.FrameworkMethod$1.runReflectiveCall(FrameworkMethod.java:59)
	at org.junit.internal.runners.model.ReflectiveCallable.run(ReflectiveCallable.java:12)
	at org.junit.runners.model.FrameworkMethod.invokeExplosively(FrameworkMethod.java:56)
	at org.junit.internal.runners.statements.RunAfters.invokeMethod(RunAfters.java:46)
	at org.junit.internal.runners.statements.RunAfters.evaluate(RunAfters.java:33)
	at org.junit.internal.runners.statements.FailOnTimeout$CallableStatement.call(FailOnTimeout.java:288)
	at org.junit.internal.runners.statements.FailOnTimeout$CallableStatement.call(FailOnTimeout.java:282)
	at java.util.concurrent.FutureTask.run(FutureTask.java:266)
	at java.lang.Thread.run(Thread.java:750)
2023-09-29 09:16:17,270 [Time-limited test] WARN  ozone.BasicRootedOzoneFileSystem (BasicRootedOzoneFileSystem.java:deleteBucket(746)) - delete: Path does not exist: /volume03094/bucket96657
]]></system-out>
  </testcase>
  <testcase name="testListStatusWithIntermediateDirWithECEnabled" classname="TestRootedOzoneFileSystemWithFSO" time="0.296">
    <system-out><![CDATA[2023-09-29 09:14:45,606 [Time-limited test] INFO  rpc.RpcClient (RpcClient.java:createVolume(462)) - Creating Volume: volume32682, with user60108 as owner and space quota set to -1 bytes, counts quota set to -1
2023-09-29 09:14:45,608 [OM StateMachine ApplyTransaction Thread - 0] INFO  volume.OMVolumeCreateRequest (OMVolumeCreateRequest.java:validateAndUpdateCache(196)) - created volume:volume32682 for user:user60108
2023-09-29 09:14:45,610 [Time-limited test] INFO  rpc.RpcClient (RpcClient.java:createBucket(689)) - Creating Bucket: volume32682/bucket85776, with bucket layout FILE_SYSTEM_OPTIMIZED, runner as owner, Versioning false, Storage Type set to DISK and Encryption set to false, Replication Type set to server-side default replication type, Namespace Quota set to -1, Space Quota set to -1 
2023-09-29 09:14:45,612 [OM StateMachine ApplyTransaction Thread - 0] INFO  bucket.OMBucketCreateRequest (OMBucketCreateRequest.java:validateAndUpdateCache(270)) - created bucket: bucket85776 of layout FILE_SYSTEM_OPTIMIZED in volume: volume32682
2023-09-29 09:14:45,615 [IPC Server handler 1 on default port 15001] INFO  algorithms.SCMContainerPlacementRackScatter (SCMContainerPlacementRackScatter.java:chooseDatanodesInternal(370)) - Chosen nodes: [808e3967-7510-49b7-87ea-3b9eb7a0b48e(fv-az83-343.uavyq1izdhte5b0ne1us2eqzhb.jx.internal.cloudapp.net/10.1.0.30), dd913d19-83ff-47ba-9363-dfe8430831a0(fv-az83-343.uavyq1izdhte5b0ne1us2eqzhb.jx.internal.cloudapp.net/10.1.0.30), 2a19af63-c44c-4b61-8149-4383770f1009(fv-az83-343.uavyq1izdhte5b0ne1us2eqzhb.jx.internal.cloudapp.net/10.1.0.30), a6468106-3f01-4ed8-9704-c326dd06b734(fv-az83-343.uavyq1izdhte5b0ne1us2eqzhb.jx.internal.cloudapp.net/10.1.0.30), f9652e80-d58c-49ab-ab0e-27e6fff13d69(fv-az83-343.uavyq1izdhte5b0ne1us2eqzhb.jx.internal.cloudapp.net/10.1.0.30)]. isPolicySatisfied: true.
2023-09-29 09:14:45,617 [IPC Server handler 1 on default port 15001] INFO  pipeline.WritableECContainerProvider (WritableECContainerProvider.java:allocateContainer(211)) - Created and opened new pipeline Pipeline[ Id: c702eda6-ea50-4eff-8eb9-536775b874bb, Nodes: 808e3967-7510-49b7-87ea-3b9eb7a0b48e(fv-az83-343.uavyq1izdhte5b0ne1us2eqzhb.jx.internal.cloudapp.net/10.1.0.30)dd913d19-83ff-47ba-9363-dfe8430831a0(fv-az83-343.uavyq1izdhte5b0ne1us2eqzhb.jx.internal.cloudapp.net/10.1.0.30)2a19af63-c44c-4b61-8149-4383770f1009(fv-az83-343.uavyq1izdhte5b0ne1us2eqzhb.jx.internal.cloudapp.net/10.1.0.30)a6468106-3f01-4ed8-9704-c326dd06b734(fv-az83-343.uavyq1izdhte5b0ne1us2eqzhb.jx.internal.cloudapp.net/10.1.0.30)f9652e80-d58c-49ab-ab0e-27e6fff13d69(fv-az83-343.uavyq1izdhte5b0ne1us2eqzhb.jx.internal.cloudapp.net/10.1.0.30), ReplicationConfig: EC{rs-3-2-1024k}, State:ALLOCATED, leaderId:, CreationTimestamp2023-09-29T09:14:45.615Z[Etc/UTC]]
]]></system-out>
  </testcase>
  <testcase name="testListStatusWithIntermediateDirWithECEnabled" classname="TestRootedOzoneFileSystemWithFSO" time="0.182">
    <system-out><![CDATA[2023-09-29 09:16:17,289 [Time-limited test] INFO  rpc.RpcClient (RpcClient.java:createVolume(462)) - Creating Volume: volume74239, with user24349 as owner and space quota set to -1 bytes, counts quota set to -1
2023-09-29 09:16:17,290 [IPC Server handler 8 on default port 15057] INFO  volume.OMVolumeCreateRequest (OMVolumeCreateRequest.java:validateAndUpdateCache(196)) - created volume:volume74239 for user:user24349
2023-09-29 09:16:17,291 [Time-limited test] INFO  rpc.RpcClient (RpcClient.java:createBucket(689)) - Creating Bucket: volume74239/bucket43761, with bucket layout FILE_SYSTEM_OPTIMIZED, runner as owner, Versioning false, Storage Type set to DISK and Encryption set to false, Replication Type set to server-side default replication type, Namespace Quota set to -1, Space Quota set to -1 
2023-09-29 09:16:17,292 [IPC Server handler 10 on default port 15057] INFO  bucket.OMBucketCreateRequest (OMBucketCreateRequest.java:validateAndUpdateCache(270)) - created bucket: bucket43761 of layout FILE_SYSTEM_OPTIMIZED in volume: volume74239
2023-09-29 09:16:17,294 [IPC Server handler 16 on default port 15054] INFO  algorithms.SCMContainerPlacementRackScatter (SCMContainerPlacementRackScatter.java:chooseDatanodesInternal(370)) - Chosen nodes: [3a494423-7ff4-4963-8d96-e6fb16151c55(fv-az83-343.uavyq1izdhte5b0ne1us2eqzhb.jx.internal.cloudapp.net/10.1.0.30), 10e0b218-8303-4db1-a541-e155d4944b6e(fv-az83-343.uavyq1izdhte5b0ne1us2eqzhb.jx.internal.cloudapp.net/10.1.0.30), 621c2e90-a4eb-4c74-8f52-bedc5a92b31f(fv-az83-343.uavyq1izdhte5b0ne1us2eqzhb.jx.internal.cloudapp.net/10.1.0.30), c0cdbf58-0bce-4385-b76e-2e20c526d69e(fv-az83-343.uavyq1izdhte5b0ne1us2eqzhb.jx.internal.cloudapp.net/10.1.0.30), 380230e5-39f9-49de-9a23-78c86f98f3f3(fv-az83-343.uavyq1izdhte5b0ne1us2eqzhb.jx.internal.cloudapp.net/10.1.0.30)]. isPolicySatisfied: true.
2023-09-29 09:16:17,296 [IPC Server handler 16 on default port 15054] INFO  pipeline.WritableECContainerProvider (WritableECContainerProvider.java:allocateContainer(211)) - Created and opened new pipeline Pipeline[ Id: 07b2fcb8-5d6a-40e9-abce-67afba5ef08f, Nodes: 3a494423-7ff4-4963-8d96-e6fb16151c55(fv-az83-343.uavyq1izdhte5b0ne1us2eqzhb.jx.internal.cloudapp.net/10.1.0.30)10e0b218-8303-4db1-a541-e155d4944b6e(fv-az83-343.uavyq1izdhte5b0ne1us2eqzhb.jx.internal.cloudapp.net/10.1.0.30)621c2e90-a4eb-4c74-8f52-bedc5a92b31f(fv-az83-343.uavyq1izdhte5b0ne1us2eqzhb.jx.internal.cloudapp.net/10.1.0.30)c0cdbf58-0bce-4385-b76e-2e20c526d69e(fv-az83-343.uavyq1izdhte5b0ne1us2eqzhb.jx.internal.cloudapp.net/10.1.0.30)380230e5-39f9-49de-9a23-78c86f98f3f3(fv-az83-343.uavyq1izdhte5b0ne1us2eqzhb.jx.internal.cloudapp.net/10.1.0.30), ReplicationConfig: EC{rs-3-2-1024k}, State:ALLOCATED, leaderId:, CreationTimestamp2023-09-29T09:16:17.295Z[Etc/UTC]]
]]></system-out>
  </testcase>
  <testcase name="testSetTimes" classname="TestRootedOzoneFileSystemWithFSO" time="0.159">
    <system-out><![CDATA[2023-09-29 09:14:45,875 [Time-limited test] INFO  rpc.RpcClient (RpcClient.java:createVolume(462)) - Creating Volume: volume08745, with user84441 as owner and space quota set to -1 bytes, counts quota set to -1
2023-09-29 09:14:45,881 [OM StateMachine ApplyTransaction Thread - 0] INFO  volume.OMVolumeCreateRequest (OMVolumeCreateRequest.java:validateAndUpdateCache(196)) - created volume:volume08745 for user:user84441
2023-09-29 09:14:45,882 [Time-limited test] INFO  rpc.RpcClient (RpcClient.java:createBucket(689)) - Creating Bucket: volume08745/bucket50907, with bucket layout FILE_SYSTEM_OPTIMIZED, runner as owner, Versioning false, Storage Type set to DISK and Encryption set to false, Replication Type set to server-side default replication type, Namespace Quota set to -1, Space Quota set to -1 
2023-09-29 09:14:45,883 [OM StateMachine ApplyTransaction Thread - 0] INFO  bucket.OMBucketCreateRequest (OMBucketCreateRequest.java:validateAndUpdateCache(270)) - created bucket: bucket50907 of layout FILE_SYSTEM_OPTIMIZED in volume: volume08745
2023-09-29 09:14:45,908 [Time-limited test] INFO  rpc.RpcClient (RpcClient.java:createVolume(462)) - Creating Volume: volume03882, with user02283 as owner and space quota set to -1 bytes, counts quota set to -1
2023-09-29 09:14:45,909 [OM StateMachine ApplyTransaction Thread - 0] INFO  volume.OMVolumeCreateRequest (OMVolumeCreateRequest.java:validateAndUpdateCache(196)) - created volume:volume03882 for user:user02283
2023-09-29 09:14:45,911 [Time-limited test] INFO  rpc.RpcClient (RpcClient.java:createBucket(689)) - Creating Bucket: volume03882/bucket08727, with bucket layout FILE_SYSTEM_OPTIMIZED, runner as owner, Versioning false, Storage Type set to DISK and Encryption set to false, Replication Type set to server-side default replication type, Namespace Quota set to -1, Space Quota set to -1 
2023-09-29 09:14:45,912 [OM StateMachine ApplyTransaction Thread - 0] INFO  bucket.OMBucketCreateRequest (OMBucketCreateRequest.java:validateAndUpdateCache(270)) - created bucket: bucket08727 of layout FILE_SYSTEM_OPTIMIZED in volume: volume03882
]]></system-out>
  </testcase>
  <testcase name="testSetTimes" classname="TestRootedOzoneFileSystemWithFSO" time="0.136">
    <system-out><![CDATA[2023-09-29 09:16:17,483 [Time-limited test] INFO  rpc.RpcClient (RpcClient.java:createVolume(462)) - Creating Volume: volume64015, with user84595 as owner and space quota set to -1 bytes, counts quota set to -1
2023-09-29 09:16:17,484 [IPC Server handler 0 on default port 15057] INFO  volume.OMVolumeCreateRequest (OMVolumeCreateRequest.java:validateAndUpdateCache(196)) - created volume:volume64015 for user:user84595
2023-09-29 09:16:17,488 [Time-limited test] INFO  rpc.RpcClient (RpcClient.java:createBucket(689)) - Creating Bucket: volume64015/bucket33077, with bucket layout FILE_SYSTEM_OPTIMIZED, runner as owner, Versioning false, Storage Type set to DISK and Encryption set to false, Replication Type set to server-side default replication type, Namespace Quota set to -1, Space Quota set to -1 
2023-09-29 09:16:17,488 [IPC Server handler 5 on default port 15057] INFO  bucket.OMBucketCreateRequest (OMBucketCreateRequest.java:validateAndUpdateCache(270)) - created bucket: bucket33077 of layout FILE_SYSTEM_OPTIMIZED in volume: volume64015
2023-09-29 09:16:17,504 [Time-limited test] INFO  rpc.RpcClient (RpcClient.java:createVolume(462)) - Creating Volume: volume44009, with user09953 as owner and space quota set to -1 bytes, counts quota set to -1
2023-09-29 09:16:17,505 [IPC Server handler 7 on default port 15057] INFO  volume.OMVolumeCreateRequest (OMVolumeCreateRequest.java:validateAndUpdateCache(196)) - created volume:volume44009 for user:user09953
2023-09-29 09:16:17,506 [Time-limited test] INFO  rpc.RpcClient (RpcClient.java:createBucket(689)) - Creating Bucket: volume44009/bucket39027, with bucket layout FILE_SYSTEM_OPTIMIZED, runner as owner, Versioning false, Storage Type set to DISK and Encryption set to false, Replication Type set to server-side default replication type, Namespace Quota set to -1, Space Quota set to -1 
2023-09-29 09:16:17,509 [IPC Server handler 6 on default port 15057] INFO  bucket.OMBucketCreateRequest (OMBucketCreateRequest.java:validateAndUpdateCache(270)) - created bucket: bucket39027 of layout FILE_SYSTEM_OPTIMIZED in volume: volume44009
]]></system-out>
  </testcase>
</testsuite>