<?xml version="1.0" encoding="UTF-8"?>
<testsuite xmlns:xsi="http://www.w3.org/2001/XMLSchema-instance" xsi:noNamespaceSchemaLocation="https://maven.apache.org/surefire/maven-surefire-plugin/xsd/surefire-test-report.xsd" name="org.apache.hadoop.ozone.om.TestOzoneManagerPrepare" time="285.791" tests="6" errors="1" skipped="1" failures="0">
  <properties>
    <property name="awt.toolkit" value="sun.awt.X11.XToolkit"/>
    <property name="file.encoding.pkg" value="sun.io"/>
    <property name="java.specification.version" value="1.8"/>
    <property name="sun.cpu.isalist" value=""/>
    <property name="sun.jnu.encoding" value="UTF-8"/>
    <property name="java.class.path" value="/home/runner/work/ozone/ozone/hadoop-ozone/integration-test/target/test-classes:/home/runner/work/ozone/ozone/hadoop-ozone/integration-test/target/classes:/home/runner/.m2/repository/org/apache/ozone/ozone-common/1.3.0-SNAPSHOT/ozone-common-1.3.0-SNAPSHOT.jar:/home/runner/.m2/repository/org/apache/commons/commons-compress/1.21/commons-compress-1.21.jar:/home/runner/.m2/repository/org/apache/ozone/hdds-common/1.3.0-SNAPSHOT/hdds-common-1.3.0-SNAPSHOT.jar:/home/runner/.m2/repository/org/apache/ozone/hdds-client/1.3.0-SNAPSHOT/hdds-client-1.3.0-SNAPSHOT.jar:/home/runner/.m2/repository/org/apache/ozone/ozone-interface-client/1.3.0-SNAPSHOT/ozone-interface-client-1.3.0-SNAPSHOT.jar:/home/runner/.m2/repository/org/apache/ozone/hdds-test-utils/1.3.0-SNAPSHOT/hdds-test-utils-1.3.0-SNAPSHOT.jar:/home/runner/.m2/repository/com/google/guava/guava/30.1.1-jre/guava-30.1.1-jre.jar:/home/runner/.m2/repository/com/google/guava/failureaccess/1.0.1/failureaccess-1.0.1.jar:/home/runner/.m2/repository/com/google/guava/listenablefuture/9999.0-empty-to-avoid-conflict-with-guava/listenablefuture-9999.0-empty-to-avoid-conflict-with-guava.jar:/home/runner/.m2/repository/com/google/code/findbugs/jsr305/3.0.0/jsr305-3.0.0.jar:/home/runner/.m2/repository/org/checkerframework/checker-qual/3.8.0/checker-qual-3.8.0.jar:/home/runner/.m2/repository/com/google/errorprone/error_prone_annotations/2.2.0/error_prone_annotations-2.2.0.jar:/home/runner/.m2/repository/com/google/j2objc/j2objc-annotations/1.3/j2objc-annotations-1.3.jar:/home/runner/.m2/repository/commons-io/commons-io/2.11.0/commons-io-2.11.0.jar:/home/runner/.m2/repository/commons-logging/commons-logging/1.2/commons-logging-1.2.jar:/home/runner/.m2/repository/log4j/log4j/1.2.17/log4j-1.2.17.jar:/home/runner/.m2/repository/org/slf4j/slf4j-api/1.7.30/slf4j-api-1.7.30.jar:/home/runner/.m2/repository/org/apache/ozone/hdds-server-scm/1.3.0-SNAPSHOT/hdds-server-scm-1.3.0-SNAPSHOT.jar:/home/runner/.m2/repository/org/apache/ozone/hdds-container-service/1.3.0-SNAPSHOT/hdds-container-service-1.3.0-SNAPSHOT.jar:/home/runner/.m2/repository/org/apache/ozone/hdds-hadoop-dependency-server/1.3.0-SNAPSHOT/hdds-hadoop-dependency-server-1.3.0-SNAPSHOT.jar:/home/runner/.m2/repository/org/apache/hadoop/hadoop-hdfs/3.3.1/hadoop-hdfs-3.3.1.jar:/home/runner/.m2/repository/org/apache/ozone/hdds-server-framework/1.3.0-SNAPSHOT/hdds-server-framework-1.3.0-SNAPSHOT.jar:/home/runner/.m2/repository/org/apache/ozone/hdds-interface-server/1.3.0-SNAPSHOT/hdds-interface-server-1.3.0-SNAPSHOT.jar:/home/runner/.m2/repository/org/eclipse/jetty/jetty-servlet/9.4.43.v20210629/jetty-servlet-9.4.43.v20210629.jar:/home/runner/.m2/repository/org/eclipse/jetty/jetty-security/9.4.43.v20210629/jetty-security-9.4.43.v20210629.jar:/home/runner/.m2/repository/org/rocksdb/rocksdbjni/6.25.3/rocksdbjni-6.25.3.jar:/home/runner/.m2/repository/io/prometheus/simpleclient_dropwizard/0.7.0/simpleclient_dropwizard-0.7.0.jar:/home/runner/.m2/repository/io/prometheus/simpleclient/0.7.0/simpleclient-0.7.0.jar:/home/runner/.m2/repository/io/prometheus/simpleclient_common/0.7.0/simpleclient_common-0.7.0.jar:/home/runner/.m2/repository/com/fasterxml/jackson/datatype/jackson-datatype-jsr310/2.12.1/jackson-datatype-jsr310-2.12.1.jar:/home/runner/.m2/repository/io/dropwizard/metrics/metrics-core/3.2.4/metrics-core-3.2.4.jar:/home/runner/.m2/repository/org/apache/hadoop/hadoop-hdfs-client/3.3.1/hadoop-hdfs-client-3.3.1.jar:/home/runner/.m2/repository/org/bouncycastle/bcprov-jdk15on/1.67/bcprov-jdk15on-1.67.jar:/home/runner/.m2/repository/com/google/protobuf/protobuf-java/2.5.0/protobuf-java-2.5.0.jar:/home/runner/.m2/repository/org/apache/ozone/ozone-manager/1.3.0-SNAPSHOT/ozone-manager-1.3.0-SNAPSHOT.jar:/home/runner/.m2/repository/org/aspectj/aspectjrt/1.9.7/aspectjrt-1.9.7.jar:/home/runner/.m2/repository/org/aspectj/aspectjweaver/1.9.7/aspectjweaver-1.9.7.jar:/home/runner/.m2/repository/org/apache/ozone/hdds-interface-client/1.3.0-SNAPSHOT/hdds-interface-client-1.3.0-SNAPSHOT.jar:/home/runner/.m2/repository/org/apache/hadoop/thirdparty/hadoop-shaded-protobuf_3_7/1.1.1/hadoop-shaded-protobuf_3_7-1.1.1.jar:/home/runner/.m2/repository/org/apache/ozone/ozone-interface-storage/1.3.0-SNAPSHOT/ozone-interface-storage-1.3.0-SNAPSHOT.jar:/home/runner/.m2/repository/org/reflections/reflections/0.9.11/reflections-0.9.11.jar:/home/runner/.m2/repository/org/apache/hadoop/hadoop-minikdc/3.3.1/hadoop-minikdc-3.3.1.jar:/home/runner/.m2/repository/org/apache/kerby/kerb-simplekdc/1.0.1/kerb-simplekdc-1.0.1.jar:/home/runner/.m2/repository/org/apache/kerby/kerb-client/1.0.1/kerb-client-1.0.1.jar:/home/runner/.m2/repository/org/apache/kerby/kerby-config/1.0.1/kerby-config-1.0.1.jar:/home/runner/.m2/repository/org/apache/kerby/kerb-common/1.0.1/kerb-common-1.0.1.jar:/home/runner/.m2/repository/org/apache/kerby/kerb-crypto/1.0.1/kerb-crypto-1.0.1.jar:/home/runner/.m2/repository/org/apache/kerby/kerb-util/1.0.1/kerb-util-1.0.1.jar:/home/runner/.m2/repository/org/apache/kerby/token-provider/1.0.1/token-provider-1.0.1.jar:/home/runner/.m2/repository/org/apache/kerby/kerb-admin/1.0.1/kerb-admin-1.0.1.jar:/home/runner/.m2/repository/org/apache/kerby/kerb-server/1.0.1/kerb-server-1.0.1.jar:/home/runner/.m2/repository/org/apache/kerby/kerb-identity/1.0.1/kerb-identity-1.0.1.jar:/home/runner/.m2/repository/org/apache/kerby/kerby-xdr/1.0.1/kerby-xdr-1.0.1.jar:/home/runner/.m2/repository/org/slf4j/slf4j-log4j12/1.7.30/slf4j-log4j12-1.7.30.jar:/home/runner/.m2/repository/org/apache/ozone/ozone-s3gateway/1.3.0-SNAPSHOT/ozone-s3gateway-1.3.0-SNAPSHOT.jar:/home/runner/.m2/repository/org/javassist/javassist/3.21.0-GA/javassist-3.21.0-GA.jar:/home/runner/.m2/repository/org/jboss/weld/servlet/weld-servlet/2.4.7.Final/weld-servlet-2.4.7.Final.jar:/home/runner/.m2/repository/org/glassfish/jersey/containers/jersey-container-servlet-core/2.33/jersey-container-servlet-core-2.33.jar:/home/runner/.m2/repository/org/glassfish/hk2/external/jakarta.inject/2.6.1/jakarta.inject-2.6.1.jar:/home/runner/.m2/repository/org/glassfish/jersey/core/jersey-common/2.33/jersey-common-2.33.jar:/home/runner/.m2/repository/jakarta/ws/rs/jakarta.ws.rs-api/2.1.6/jakarta.ws.rs-api-2.1.6.jar:/home/runner/.m2/repository/org/glassfish/jersey/ext/cdi/jersey-cdi1x/2.33/jersey-cdi1x-2.33.jar:/home/runner/.m2/repository/org/glassfish/jersey/inject/jersey-hk2/2.33/jersey-hk2-2.33.jar:/home/runner/.m2/repository/org/glassfish/hk2/hk2-locator/2.6.1/hk2-locator-2.6.1.jar:/home/runner/.m2/repository/org/glassfish/jersey/media/jersey-media-jaxb/2.33/jersey-media-jaxb-2.33.jar:/home/runner/.m2/repository/org/glassfish/hk2/osgi-resource-locator/1.0.3/osgi-resource-locator-1.0.3.jar:/home/runner/.m2/repository/org/glassfish/hk2/hk2-api/2.5.0/hk2-api-2.5.0.jar:/home/runner/.m2/repository/org/glassfish/hk2/hk2-utils/2.5.0/hk2-utils-2.5.0.jar:/home/runner/.m2/repository/org/glassfish/hk2/external/aopalliance-repackaged/2.5.0/aopalliance-repackaged-2.5.0.jar:/home/runner/.m2/repository/com/fasterxml/jackson/dataformat/jackson-dataformat-xml/2.12.1/jackson-dataformat-xml-2.12.1.jar:/home/runner/.m2/repository/com/fasterxml/jackson/core/jackson-core/2.12.1/jackson-core-2.12.1.jar:/home/runner/.m2/repository/com/fasterxml/jackson/module/jackson-module-jaxb-annotations/2.12.1/jackson-module-jaxb-annotations-2.12.1.jar:/home/runner/.m2/repository/jakarta/xml/bind/jakarta.xml.bind-api/2.3.2/jakarta.xml.bind-api-2.3.2.jar:/home/runner/.m2/repository/org/codehaus/woodstox/stax2-api/3.1.4/stax2-api-3.1.4.jar:/home/runner/.m2/repository/com/fasterxml/woodstox/woodstox-core/5.0.3/woodstox-core-5.0.3.jar:/home/runner/.m2/repository/javax/enterprise/cdi-api/1.2/cdi-api-1.2.jar:/home/runner/.m2/repository/javax/el/javax.el-api/3.0.0/javax.el-api-3.0.0.jar:/home/runner/.m2/repository/javax/interceptor/javax.interceptor-api/1.2/javax.interceptor-api-1.2.jar:/home/runner/.m2/repository/javax/inject/javax.inject/1/javax.inject-1.jar:/home/runner/.m2/repository/javax/xml/bind/jaxb-api/2.3.0/jaxb-api-2.3.0.jar:/home/runner/.m2/repository/org/glassfish/jaxb/jaxb-runtime/2.3.0.1/jaxb-runtime-2.3.0.1.jar:/home/runner/.m2/repository/org/glassfish/jaxb/jaxb-core/2.3.0.1/jaxb-core-2.3.0.1.jar:/home/runner/.m2/repository/org/glassfish/jaxb/txw2/2.3.0.1/txw2-2.3.0.1.jar:/home/runner/.m2/repository/com/sun/istack/istack-commons-runtime/3.0.5/istack-commons-runtime-3.0.5.jar:/home/runner/.m2/repository/org/jvnet/staxex/stax-ex/1.7.8/stax-ex-1.7.8.jar:/home/runner/.m2/repository/com/sun/xml/fastinfoset/FastInfoset/1.2.13/FastInfoset-1.2.13.jar:/home/runner/.m2/repository/javax/activation/activation/1.1.1/activation-1.1.1.jar:/home/runner/.m2/repository/org/apache/ozone/ozone-csi/1.3.0-SNAPSHOT/ozone-csi-1.3.0-SNAPSHOT.jar:/home/runner/.m2/repository/com/google/protobuf/protobuf-java-util/3.12.0/protobuf-java-util-3.12.0.jar:/home/runner/.m2/repository/com/google/code/gson/gson/2.2.4/gson-2.2.4.jar:/home/runner/.m2/repository/org/apache/ozone/hdds-config/1.3.0-SNAPSHOT/hdds-config-1.3.0-SNAPSHOT.jar:/home/runner/.m2/repository/io/grpc/grpc-netty/1.33.0/grpc-netty-1.33.0.jar:/home/runner/.m2/repository/io/grpc/grpc-core/1.33.0/grpc-core-1.33.0.jar:/home/runner/.m2/repository/com/google/android/annotations/4.1.1.4/annotations-4.1.1.4.jar:/home/runner/.m2/repository/io/netty/netty-codec-http2/4.1.63.Final/netty-codec-http2-4.1.63.Final.jar:/home/runner/.m2/repository/io/netty/netty-codec-http/4.1.63.Final/netty-codec-http-4.1.63.Final.jar:/home/runner/.m2/repository/io/netty/netty-handler-proxy/4.1.63.Final/netty-handler-proxy-4.1.63.Final.jar:/home/runner/.m2/repository/io/netty/netty-codec-socks/4.1.63.Final/netty-codec-socks-4.1.63.Final.jar:/home/runner/.m2/repository/io/perfmark/perfmark-api/0.19.0/perfmark-api-0.19.0.jar:/home/runner/.m2/repository/org/codehaus/mojo/animal-sniffer-annotations/1.18/animal-sniffer-annotations-1.18.jar:/home/runner/.m2/repository/io/netty/netty-transport-native-epoll/4.1.63.Final/netty-transport-native-epoll-4.1.63.Final.jar:/home/runner/.m2/repository/io/netty/netty-common/4.1.63.Final/netty-common-4.1.63.Final.jar:/home/runner/.m2/repository/io/netty/netty-buffer/4.1.63.Final/netty-buffer-4.1.63.Final.jar:/home/runner/.m2/repository/io/netty/netty-transport-native-unix-common/4.1.63.Final/netty-transport-native-unix-common-4.1.63.Final.jar:/home/runner/.m2/repository/io/grpc/grpc-protobuf/1.33.0/grpc-protobuf-1.33.0.jar:/home/runner/.m2/repository/io/grpc/grpc-api/1.33.0/grpc-api-1.33.0.jar:/home/runner/.m2/repository/io/grpc/grpc-context/1.33.0/grpc-context-1.33.0.jar:/home/runner/.m2/repository/com/google/api/grpc/proto-google-common-protos/1.17.0/proto-google-common-protos-1.17.0.jar:/home/runner/.m2/repository/io/grpc/grpc-protobuf-lite/1.33.0/grpc-protobuf-lite-1.33.0.jar:/home/runner/.m2/repository/io/grpc/grpc-stub/1.33.0/grpc-stub-1.33.0.jar:/home/runner/.m2/repository/org/apache/ozone/ozone-recon/1.3.0-SNAPSHOT/ozone-recon-1.3.0-SNAPSHOT.jar:/home/runner/.m2/repository/org/apache/ozone/ozone-reconcodegen/1.3.0-SNAPSHOT/ozone-reconcodegen-1.3.0-SNAPSHOT.jar:/home/runner/.m2/repository/com/google/inject/extensions/guice-multibindings/4.0/guice-multibindings-4.0.jar:/home/runner/.m2/repository/com/google/inject/guice/4.0/guice-4.0.jar:/home/runner/.m2/repository/aopalliance/aopalliance/1.0/aopalliance-1.0.jar:/home/runner/.m2/repository/com/google/inject/extensions/guice-assistedinject/4.0/guice-assistedinject-4.0.jar:/home/runner/.m2/repository/com/google/inject/extensions/guice-servlet/4.0/guice-servlet-4.0.jar:/home/runner/.m2/repository/org/glassfish/jersey/containers/jersey-container-servlet/2.33/jersey-container-servlet-2.33.jar:/home/runner/.m2/repository/org/glassfish/hk2/guice-bridge/2.5.0/guice-bridge-2.5.0.jar:/home/runner/.m2/repository/org/glassfish/jersey/core/jersey-server/2.33/jersey-server-2.33.jar:/home/runner/.m2/repository/org/glassfish/jersey/core/jersey-client/2.33/jersey-client-2.33.jar:/home/runner/.m2/repository/jakarta/annotation/jakarta.annotation-api/1.3.5/jakarta.annotation-api-1.3.5.jar:/home/runner/.m2/repository/jakarta/validation/jakarta.validation-api/2.0.2/jakarta.validation-api-2.0.2.jar:/home/runner/.m2/repository/org/glassfish/jersey/media/jersey-media-json-jackson/2.33/jersey-media-json-jackson-2.33.jar:/home/runner/.m2/repository/org/glassfish/jersey/ext/jersey-entity-filtering/2.33/jersey-entity-filtering-2.33.jar:/home/runner/.m2/repository/org/jooq/jooq/3.11.10/jooq-3.11.10.jar:/home/runner/.m2/repository/org/jooq/jooq-meta/3.11.10/jooq-meta-3.11.10.jar:/home/runner/.m2/repository/org/jooq/jooq-codegen/3.11.10/jooq-codegen-3.11.10.jar:/home/runner/.m2/repository/com/jolbox/bonecp/0.8.0.RELEASE/bonecp-0.8.0.RELEASE.jar:/home/runner/.m2/repository/org/apache/derby/derby/10.14.2.0/derby-10.14.2.0.jar:/home/runner/.m2/repository/org/xerial/sqlite-jdbc/3.25.2/sqlite-jdbc-3.25.2.jar:/home/runner/.m2/repository/org/springframework/spring-jdbc/5.2.18.RELEASE/spring-jdbc-5.2.18.RELEASE.jar:/home/runner/.m2/repository/org/springframework/spring-beans/5.2.18.RELEASE/spring-beans-5.2.18.RELEASE.jar:/home/runner/.m2/repository/org/springframework/spring-core/5.2.18.RELEASE/spring-core-5.2.18.RELEASE.jar:/home/runner/.m2/repository/org/springframework/spring-jcl/5.2.18.RELEASE/spring-jcl-5.2.18.RELEASE.jar:/home/runner/.m2/repository/org/springframework/spring-tx/5.2.18.RELEASE/spring-tx-5.2.18.RELEASE.jar:/home/runner/.m2/repository/org/apache/ozone/ozone-client/1.3.0-SNAPSHOT/ozone-client-1.3.0-SNAPSHOT.jar:/home/runner/.m2/repository/org/apache/ozone/ozone-filesystem/1.3.0-SNAPSHOT/ozone-filesystem-1.3.0-SNAPSHOT.jar:/home/runner/.m2/repository/org/apache/ozone/ozone-filesystem-common/1.3.0-SNAPSHOT/ozone-filesystem-common-1.3.0-SNAPSHOT.jar:/home/runner/.m2/repository/org/apache/ozone/ozone-tools/1.3.0-SNAPSHOT/ozone-tools-1.3.0-SNAPSHOT.jar:/home/runner/.m2/repository/org/apache/ratis/ratis-tools/2.2.0/ratis-tools-2.2.0.jar:/home/runner/.m2/repository/com/amazonaws/aws-java-sdk-core/1.12.124/aws-java-sdk-core-1.12.124.jar:/home/runner/.m2/repository/org/apache/httpcomponents/httpclient/4.5.13/httpclient-4.5.13.jar:/home/runner/.m2/repository/org/apache/httpcomponents/httpcore/4.4.13/httpcore-4.4.13.jar:/home/runner/.m2/repository/software/amazon/ion/ion-java/1.0.2/ion-java-1.0.2.jar:/home/runner/.m2/repository/com/fasterxml/jackson/dataformat/jackson-dataformat-cbor/2.12.1/jackson-dataformat-cbor-2.12.1.jar:/home/runner/.m2/repository/joda-time/joda-time/2.8.1/joda-time-2.8.1.jar:/home/runner/.m2/repository/com/amazonaws/aws-java-sdk-s3/1.12.124/aws-java-sdk-s3-1.12.124.jar:/home/runner/.m2/repository/com/amazonaws/aws-java-sdk-kms/1.12.124/aws-java-sdk-kms-1.12.124.jar:/home/runner/.m2/repository/com/amazonaws/jmespath-java/1.12.124/jmespath-java-1.12.124.jar:/home/runner/.m2/repository/org/kohsuke/metainf-services/metainf-services/1.8/metainf-services-1.8.jar:/home/runner/.m2/repository/org/apache/ozone/hdds-tools/1.3.0-SNAPSHOT/hdds-tools-1.3.0-SNAPSHOT.jar:/home/runner/.m2/repository/commons-cli/commons-cli/1.2/commons-cli-1.2.jar:/home/runner/.m2/repository/org/apache/commons/commons-lang3/3.7/commons-lang3-3.7.jar:/home/runner/.m2/repository/org/apache/ozone/ozone-manager/1.3.0-SNAPSHOT/ozone-manager-1.3.0-SNAPSHOT-tests.jar:/home/runner/.m2/repository/org/apache/ozone/hdds-common/1.3.0-SNAPSHOT/hdds-common-1.3.0-SNAPSHOT-tests.jar:/home/runner/.m2/repository/org/apache/ozone/hdds-hadoop-dependency-client/1.3.0-SNAPSHOT/hdds-hadoop-dependency-client-1.3.0-SNAPSHOT.jar:/home/runner/.m2/repository/info/picocli/picocli/4.6.1/picocli-4.6.1.jar:/home/runner/.m2/repository/com/fasterxml/jackson/core/jackson-annotations/2.12.1/jackson-annotations-2.12.1.jar:/home/runner/.m2/repository/javax/annotation/javax.annotation-api/1.2/javax.annotation-api-1.2.jar:/home/runner/.m2/repository/org/apache/ratis/ratis-server/2.2.0/ratis-server-2.2.0.jar:/home/runner/.m2/repository/org/apache/ratis/ratis-client/2.2.0/ratis-client-2.2.0.jar:/home/runner/.m2/repository/org/apache/ratis/ratis-server-api/2.2.0/ratis-server-api-2.2.0.jar:/home/runner/.m2/repository/org/apache/ratis/ratis-metrics/2.2.0/ratis-metrics-2.2.0.jar:/home/runner/.m2/repository/org/apache/ratis/ratis-netty/2.2.0/ratis-netty-2.2.0.jar:/home/runner/.m2/repository/org/apache/ratis/ratis-grpc/2.2.0/ratis-grpc-2.2.0.jar:/home/runner/.m2/repository/org/apache/logging/log4j/log4j-api/2.13.3/log4j-api-2.13.3.jar:/home/runner/.m2/repository/org/apache/logging/log4j/log4j-core/2.13.3/log4j-core-2.13.3.jar:/home/runner/.m2/repository/com/lmax/disruptor/3.4.2/disruptor-3.4.2.jar:/home/runner/.m2/repository/org/apache/commons/commons-pool2/2.6.0/commons-pool2-2.6.0.jar:/home/runner/.m2/repository/org/bouncycastle/bcpkix-jdk15on/1.67/bcpkix-jdk15on-1.67.jar:/home/runner/.m2/repository/commons-validator/commons-validator/1.6/commons-validator-1.6.jar:/home/runner/.m2/repository/commons-beanutils/commons-beanutils/1.9.4/commons-beanutils-1.9.4.jar:/home/runner/.m2/repository/commons-digester/commons-digester/1.8.1/commons-digester-1.8.1.jar:/home/runner/.m2/repository/commons-collections/commons-collections/3.2.2/commons-collections-3.2.2.jar:/home/runner/.m2/repository/io/jaegertracing/jaeger-client/1.6.0/jaeger-client-1.6.0.jar:/home/runner/.m2/repository/io/jaegertracing/jaeger-thrift/1.6.0/jaeger-thrift-1.6.0.jar:/home/runner/.m2/repository/org/apache/thrift/libthrift/0.14.1/libthrift-0.14.1.jar:/home/runner/.m2/repository/com/squareup/okhttp3/okhttp/4.9.0/okhttp-4.9.0.jar:/home/runner/.m2/repository/com/squareup/okio/okio/2.8.0/okio-2.8.0.jar:/home/runner/.m2/repository/io/jaegertracing/jaeger-core/1.6.0/jaeger-core-1.6.0.jar:/home/runner/.m2/repository/io/jaegertracing/jaeger-tracerresolver/1.6.0/jaeger-tracerresolver-1.6.0.jar:/home/runner/.m2/repository/io/opentracing/contrib/opentracing-tracerresolver/0.1.8/opentracing-tracerresolver-0.1.8.jar:/home/runner/.m2/repository/org/jetbrains/kotlin/kotlin-stdlib/1.4.31/kotlin-stdlib-1.4.31.jar:/home/runner/.m2/repository/org/jetbrains/kotlin/kotlin-stdlib-common/1.4.31/kotlin-stdlib-common-1.4.31.jar:/home/runner/.m2/repository/org/jetbrains/annotations/13.0/annotations-13.0.jar:/home/runner/.m2/repository/io/opentracing/opentracing-util/0.33.0/opentracing-util-0.33.0.jar:/home/runner/.m2/repository/io/opentracing/opentracing-api/0.33.0/opentracing-api-0.33.0.jar:/home/runner/.m2/repository/io/opentracing/opentracing-noop/0.33.0/opentracing-noop-0.33.0.jar:/home/runner/.m2/repository/org/yaml/snakeyaml/1.26/snakeyaml-1.26.jar:/home/runner/.m2/repository/org/apache/ozone/hdds-interface-admin/1.3.0-SNAPSHOT/hdds-interface-admin-1.3.0-SNAPSHOT.jar:/home/runner/.m2/repository/junit/junit/4.13.1/junit-4.13.1.jar:/home/runner/.m2/repository/org/hamcrest/hamcrest-core/1.3/hamcrest-core-1.3.jar:/home/runner/.m2/repository/org/junit/jupiter/junit-jupiter-api/5.7.0/junit-jupiter-api-5.7.0.jar:/home/runner/.m2/repository/org/apiguardian/apiguardian-api/1.1.0/apiguardian-api-1.1.0.jar:/home/runner/.m2/repository/org/opentest4j/opentest4j/1.2.0/opentest4j-1.2.0.jar:/home/runner/.m2/repository/org/junit/platform/junit-platform-commons/1.7.0/junit-platform-commons-1.7.0.jar:/home/runner/.m2/repository/org/junit/jupiter/junit-jupiter-engine/5.7.0/junit-jupiter-engine-5.7.0.jar:/home/runner/.m2/repository/org/junit/platform/junit-platform-engine/1.7.0/junit-platform-engine-1.7.0.jar:/home/runner/.m2/repository/org/junit/vintage/junit-vintage-engine/5.7.0/junit-vintage-engine-5.7.0.jar:/home/runner/.m2/repository/org/junit/platform/junit-platform-launcher/1.7.0/junit-platform-launcher-1.7.0.jar:/home/runner/.m2/repository/org/openjdk/jmh/jmh-core/1.19/jmh-core-1.19.jar:/home/runner/.m2/repository/net/sf/jopt-simple/jopt-simple/4.6/jopt-simple-4.6.jar:/home/runner/.m2/repository/org/apache/commons/commons-math3/3.1.1/commons-math3-3.1.1.jar:/home/runner/.m2/repository/org/openjdk/jmh/jmh-generator-annprocess/1.19/jmh-generator-annprocess-1.19.jar:/home/runner/.m2/repository/org/mockito/mockito-core/2.28.2/mockito-core-2.28.2.jar:/home/runner/.m2/repository/net/bytebuddy/byte-buddy/1.9.10/byte-buddy-1.9.10.jar:/home/runner/.m2/repository/net/bytebuddy/byte-buddy-agent/1.9.10/byte-buddy-agent-1.9.10.jar:/home/runner/.m2/repository/org/objenesis/objenesis/1.0/objenesis-1.0.jar:/home/runner/.m2/repository/org/apache/hadoop/hadoop-kms/3.3.1/hadoop-kms-3.3.1.jar:/home/runner/.m2/repository/org/apache/hadoop/hadoop-auth/3.3.1/hadoop-auth-3.3.1.jar:/home/runner/.m2/repository/com/nimbusds/nimbus-jose-jwt/7.9/nimbus-jose-jwt-7.9.jar:/home/runner/.m2/repository/com/github/stephenc/jcip/jcip-annotations/1.0-1/jcip-annotations-1.0-1.jar:/home/runner/.m2/repository/net/minidev/json-smart/2.3.1/json-smart-2.3.1.jar:/home/runner/.m2/repository/net/minidev/accessors-smart/2.3.1/accessors-smart-2.3.1.jar:/home/runner/.m2/repository/org/ow2/asm/asm/5.0.4/asm-5.0.4.jar:/home/runner/.m2/repository/org/apache/zookeeper/zookeeper/3.5.6/zookeeper-3.5.6.jar:/home/runner/.m2/repository/org/apache/zookeeper/zookeeper-jute/3.5.6/zookeeper-jute-3.5.6.jar:/home/runner/.m2/repository/org/apache/yetus/audience-annotations/0.5.0/audience-annotations-0.5.0.jar:/home/runner/.m2/repository/org/apache/curator/curator-framework/4.2.0/curator-framework-4.2.0.jar:/home/runner/.m2/repository/org/apache/hadoop/thirdparty/hadoop-shaded-guava/1.1.1/hadoop-shaded-guava-1.1.1.jar:/home/runner/.m2/repository/com/sun/jersey/jersey-core/1.19/jersey-core-1.19.jar:/home/runner/.m2/repository/javax/ws/rs/jsr311-api/1.1.1/jsr311-api-1.1.1.jar:/home/runner/.m2/repository/com/sun/jersey/jersey-server/1.19/jersey-server-1.19.jar:/home/runner/.m2/repository/javax/servlet/javax.servlet-api/3.1.0/javax.servlet-api-3.1.0.jar:/home/runner/.m2/repository/org/eclipse/jetty/jetty-server/9.4.43.v20210629/jetty-server-9.4.43.v20210629.jar:/home/runner/.m2/repository/org/eclipse/jetty/jetty-http/9.4.43.v20210629/jetty-http-9.4.43.v20210629.jar:/home/runner/.m2/repository/org/eclipse/jetty/jetty-io/9.4.43.v20210629/jetty-io-9.4.43.v20210629.jar:/home/runner/.m2/repository/org/eclipse/jetty/jetty-webapp/9.4.43.v20210629/jetty-webapp-9.4.43.v20210629.jar:/home/runner/.m2/repository/org/eclipse/jetty/jetty-xml/9.4.43.v20210629/jetty-xml-9.4.43.v20210629.jar:/home/runner/.m2/repository/org/apache/hadoop/hadoop-common/3.3.1/hadoop-common-3.3.1.jar:/home/runner/.m2/repository/commons-net/commons-net/3.6/commons-net-3.6.jar:/home/runner/.m2/repository/jakarta/activation/jakarta.activation-api/1.2.1/jakarta.activation-api-1.2.1.jar:/home/runner/.m2/repository/com/sun/jersey/jersey-servlet/1.19/jersey-servlet-1.19.jar:/home/runner/.m2/repository/com/sun/jersey/jersey-json/1.19/jersey-json-1.19.jar:/home/runner/.m2/repository/org/codehaus/jettison/jettison/1.1/jettison-1.1.jar:/home/runner/.m2/repository/com/sun/xml/bind/jaxb-impl/2.2.3-1/jaxb-impl-2.2.3-1.jar:/home/runner/.m2/repository/org/codehaus/jackson/jackson-jaxrs/1.9.2/jackson-jaxrs-1.9.2.jar:/home/runner/.m2/repository/org/codehaus/jackson/jackson-xc/1.9.2/jackson-xc-1.9.2.jar:/home/runner/.m2/repository/org/apache/commons/commons-configuration2/2.1.1/commons-configuration2-2.1.1.jar:/home/runner/.m2/repository/org/apache/commons/commons-text/1.4/commons-text-1.4.jar:/home/runner/.m2/repository/com/google/re2j/re2j/1.1/re2j-1.1.jar:/home/runner/.m2/repository/com/jcraft/jsch/0.1.54/jsch-0.1.54.jar:/home/runner/.m2/repository/org/apache/curator/curator-client/4.2.0/curator-client-4.2.0.jar:/home/runner/.m2/repository/org/apache/curator/curator-recipes/4.2.0/curator-recipes-4.2.0.jar:/home/runner/.m2/repository/org/apache/kerby/kerb-core/1.0.1/kerb-core-1.0.1.jar:/home/runner/.m2/repository/org/apache/kerby/kerby-pkix/1.0.1/kerby-pkix-1.0.1.jar:/home/runner/.m2/repository/org/apache/kerby/kerby-asn1/1.0.1/kerby-asn1-1.0.1.jar:/home/runner/.m2/repository/org/apache/kerby/kerby-util/1.0.1/kerby-util-1.0.1.jar:/home/runner/.m2/repository/dnsjava/dnsjava/2.1.7/dnsjava-2.1.7.jar:/home/runner/.m2/repository/org/xerial/snappy/snappy-java/1.1.8.2/snappy-java-1.1.8.2.jar:/home/runner/.m2/repository/org/slf4j/jul-to-slf4j/1.7.30/jul-to-slf4j-1.7.30.jar:/home/runner/.m2/repository/org/eclipse/jetty/jetty-util/9.4.43.v20210629/jetty-util-9.4.43.v20210629.jar:/home/runner/.m2/repository/com/fasterxml/jackson/core/jackson-databind/2.12.1/jackson-databind-2.12.1.jar:/home/runner/.m2/repository/org/apache/hadoop/hadoop-kms/3.3.1/hadoop-kms-3.3.1-tests.jar:/home/runner/.m2/repository/org/apache/ozone/hdds-server-scm/1.3.0-SNAPSHOT/hdds-server-scm-1.3.0-SNAPSHOT-tests.jar:/home/runner/.m2/repository/org/apache/ozone/hdds-container-service/1.3.0-SNAPSHOT/hdds-container-service-1.3.0-SNAPSHOT-tests.jar:/home/runner/.m2/repository/commons-codec/commons-codec/1.11/commons-codec-1.11.jar:/home/runner/.m2/repository/io/netty/netty-transport/4.1.63.Final/netty-transport-4.1.63.Final.jar:/home/runner/.m2/repository/io/netty/netty-resolver/4.1.63.Final/netty-resolver-4.1.63.Final.jar:/home/runner/.m2/repository/io/netty/netty-codec/4.1.63.Final/netty-codec-4.1.63.Final.jar:/home/runner/.m2/repository/io/netty/netty-handler/4.1.63.Final/netty-handler-4.1.63.Final.jar:/home/runner/.m2/repository/org/apache/ozone/hdds-hadoop-dependency-test/1.3.0-SNAPSHOT/hdds-hadoop-dependency-test-1.3.0-SNAPSHOT.jar:/home/runner/.m2/repository/org/apache/hadoop/hadoop-common/3.3.1/hadoop-common-3.3.1-tests.jar:/home/runner/.m2/repository/org/assertj/assertj-core/3.12.2/assertj-core-3.12.2.jar:/home/runner/.m2/repository/org/apache/hadoop/hadoop-hdfs/3.3.1/hadoop-hdfs-3.3.1-tests.jar:/home/runner/.m2/repository/org/eclipse/jetty/jetty-util-ajax/9.4.43.v20210629/jetty-util-ajax-9.4.43.v20210629.jar:/home/runner/.m2/repository/commons-daemon/commons-daemon/1.0.13/commons-daemon-1.0.13.jar:/home/runner/.m2/repository/io/netty/netty/3.10.6.Final/netty-3.10.6.Final.jar:/home/runner/.m2/repository/io/netty/netty-all/4.1.63.Final/netty-all-4.1.63.Final.jar:/home/runner/.m2/repository/org/apache/htrace/htrace-core4/4.1.0-incubating/htrace-core4-4.1.0-incubating.jar:/home/runner/.m2/repository/org/fusesource/leveldbjni/leveldbjni-all/1.8/leveldbjni-all-1.8.jar:/home/runner/.m2/repository/org/apache/hadoop/hadoop-distcp/3.3.1/hadoop-distcp-3.3.1.jar:/home/runner/.m2/repository/org/apache/hadoop/hadoop-mapreduce-client-jobclient/3.3.1/hadoop-mapreduce-client-jobclient-3.3.1.jar:/home/runner/.m2/repository/org/apache/hadoop/hadoop-mapreduce-client-common/3.3.1/hadoop-mapreduce-client-common-3.3.1.jar:/home/runner/.m2/repository/org/apache/hadoop/hadoop-yarn-common/3.3.1/hadoop-yarn-common-3.3.1.jar:/home/runner/.m2/repository/org/apache/hadoop/hadoop-yarn-api/3.3.1/hadoop-yarn-api-3.3.1.jar:/home/runner/.m2/repository/com/sun/jersey/jersey-client/1.19/jersey-client-1.19.jar:/home/runner/.m2/repository/com/sun/jersey/contribs/jersey-guice/1.19/jersey-guice-1.19.jar:/home/runner/.m2/repository/com/fasterxml/jackson/jaxrs/jackson-jaxrs-json-provider/2.12.1/jackson-jaxrs-json-provider-2.12.1.jar:/home/runner/.m2/repository/com/fasterxml/jackson/jaxrs/jackson-jaxrs-base/2.12.1/jackson-jaxrs-base-2.12.1.jar:/home/runner/.m2/repository/org/apache/hadoop/hadoop-yarn-client/3.3.1/hadoop-yarn-client-3.3.1.jar:/home/runner/.m2/repository/org/eclipse/jetty/websocket/websocket-client/9.4.40.v20210413/websocket-client-9.4.40.v20210413.jar:/home/runner/.m2/repository/org/eclipse/jetty/jetty-client/9.4.40.v20210413/jetty-client-9.4.40.v20210413.jar:/home/runner/.m2/repository/org/eclipse/jetty/websocket/websocket-common/9.4.40.v20210413/websocket-common-9.4.40.v20210413.jar:/home/runner/.m2/repository/org/eclipse/jetty/websocket/websocket-api/9.4.40.v20210413/websocket-api-9.4.40.v20210413.jar:/home/runner/.m2/repository/org/jline/jline/3.9.0/jline-3.9.0.jar:/home/runner/.m2/repository/org/apache/hadoop/hadoop-mapreduce-client-core/3.3.1/hadoop-mapreduce-client-core-3.3.1.jar:/home/runner/.m2/repository/org/apache/avro/avro/1.7.7/avro-1.7.7.jar:/home/runner/.m2/repository/org/codehaus/jackson/jackson-core-asl/1.9.13/jackson-core-asl-1.9.13.jar:/home/runner/.m2/repository/org/codehaus/jackson/jackson-mapper-asl/1.9.13/jackson-mapper-asl-1.9.13.jar:/home/runner/.m2/repository/com/thoughtworks/paranamer/paranamer/2.3/paranamer-2.3.jar:/home/runner/.m2/repository/org/apache/hadoop/hadoop-annotations/3.3.1/hadoop-annotations-3.3.1.jar:/usr/lib/jvm/adoptopenjdk-8-hotspot-amd64/jre/../lib/tools.jar:/home/runner/.m2/repository/org/apache/hadoop/hadoop-distcp/3.3.1/hadoop-distcp-3.3.1-tests.jar:/home/runner/.m2/repository/org/apache/ratis/ratis-common/2.2.0/ratis-common-2.2.0.jar:/home/runner/.m2/repository/org/apache/ratis/ratis-thirdparty-misc/0.7.0/ratis-thirdparty-misc-0.7.0.jar:/home/runner/.m2/repository/org/apache/ratis/ratis-proto/2.2.0/ratis-proto-2.2.0.jar:"/>
    <property name="java.vm.vendor" value="AdoptOpenJDK"/>
    <property name="sun.arch.data.model" value="64"/>
    <property name="test.build.dir" value="/home/runner/work/ozone/ozone/hadoop-ozone/integration-test/target/test-dir"/>
    <property name="test.cache.data" value=""/>
    <property name="java.vendor.url" value="https://adoptopenjdk.net/"/>
    <property name="user.timezone" value=""/>
    <property name="java.vm.specification.version" value="1.8"/>
    <property name="os.name" value="Linux"/>
    <property name="test.build.data" value="/home/runner/work/ozone/ozone/hadoop-ozone/integration-test/target/test-dir"/>
    <property name="sun.java.launcher" value="SUN_STANDARD"/>
    <property name="sun.boot.library.path" value="/usr/lib/jvm/adoptopenjdk-8-hotspot-amd64/jre/lib/amd64"/>
    <property name="sun.java.command" value="/home/runner/work/ozone/ozone/hadoop-ozone/integration-test/target/surefire/surefirebooter1660661197799901288.jar /home/runner/work/ozone/ozone/hadoop-ozone/integration-test/target/surefire 2021-12-06T20-03-58_612-jvmRun1 surefire6157508913438237473tmp surefire_366146628926611683053tmp"/>
    <property name="surefire.test.class.path" value="/home/runner/work/ozone/ozone/hadoop-ozone/integration-test/target/test-classes:/home/runner/work/ozone/ozone/hadoop-ozone/integration-test/target/classes:/home/runner/.m2/repository/org/apache/ozone/ozone-common/1.3.0-SNAPSHOT/ozone-common-1.3.0-SNAPSHOT.jar:/home/runner/.m2/repository/org/apache/commons/commons-compress/1.21/commons-compress-1.21.jar:/home/runner/.m2/repository/org/apache/ozone/hdds-common/1.3.0-SNAPSHOT/hdds-common-1.3.0-SNAPSHOT.jar:/home/runner/.m2/repository/org/apache/ozone/hdds-client/1.3.0-SNAPSHOT/hdds-client-1.3.0-SNAPSHOT.jar:/home/runner/.m2/repository/org/apache/ozone/ozone-interface-client/1.3.0-SNAPSHOT/ozone-interface-client-1.3.0-SNAPSHOT.jar:/home/runner/.m2/repository/org/apache/ozone/hdds-test-utils/1.3.0-SNAPSHOT/hdds-test-utils-1.3.0-SNAPSHOT.jar:/home/runner/.m2/repository/com/google/guava/guava/30.1.1-jre/guava-30.1.1-jre.jar:/home/runner/.m2/repository/com/google/guava/failureaccess/1.0.1/failureaccess-1.0.1.jar:/home/runner/.m2/repository/com/google/guava/listenablefuture/9999.0-empty-to-avoid-conflict-with-guava/listenablefuture-9999.0-empty-to-avoid-conflict-with-guava.jar:/home/runner/.m2/repository/com/google/code/findbugs/jsr305/3.0.0/jsr305-3.0.0.jar:/home/runner/.m2/repository/org/checkerframework/checker-qual/3.8.0/checker-qual-3.8.0.jar:/home/runner/.m2/repository/com/google/errorprone/error_prone_annotations/2.2.0/error_prone_annotations-2.2.0.jar:/home/runner/.m2/repository/com/google/j2objc/j2objc-annotations/1.3/j2objc-annotations-1.3.jar:/home/runner/.m2/repository/commons-io/commons-io/2.11.0/commons-io-2.11.0.jar:/home/runner/.m2/repository/commons-logging/commons-logging/1.2/commons-logging-1.2.jar:/home/runner/.m2/repository/log4j/log4j/1.2.17/log4j-1.2.17.jar:/home/runner/.m2/repository/org/slf4j/slf4j-api/1.7.30/slf4j-api-1.7.30.jar:/home/runner/.m2/repository/org/apache/ozone/hdds-server-scm/1.3.0-SNAPSHOT/hdds-server-scm-1.3.0-SNAPSHOT.jar:/home/runner/.m2/repository/org/apache/ozone/hdds-container-service/1.3.0-SNAPSHOT/hdds-container-service-1.3.0-SNAPSHOT.jar:/home/runner/.m2/repository/org/apache/ozone/hdds-hadoop-dependency-server/1.3.0-SNAPSHOT/hdds-hadoop-dependency-server-1.3.0-SNAPSHOT.jar:/home/runner/.m2/repository/org/apache/hadoop/hadoop-hdfs/3.3.1/hadoop-hdfs-3.3.1.jar:/home/runner/.m2/repository/org/apache/ozone/hdds-server-framework/1.3.0-SNAPSHOT/hdds-server-framework-1.3.0-SNAPSHOT.jar:/home/runner/.m2/repository/org/apache/ozone/hdds-interface-server/1.3.0-SNAPSHOT/hdds-interface-server-1.3.0-SNAPSHOT.jar:/home/runner/.m2/repository/org/eclipse/jetty/jetty-servlet/9.4.43.v20210629/jetty-servlet-9.4.43.v20210629.jar:/home/runner/.m2/repository/org/eclipse/jetty/jetty-security/9.4.43.v20210629/jetty-security-9.4.43.v20210629.jar:/home/runner/.m2/repository/org/rocksdb/rocksdbjni/6.25.3/rocksdbjni-6.25.3.jar:/home/runner/.m2/repository/io/prometheus/simpleclient_dropwizard/0.7.0/simpleclient_dropwizard-0.7.0.jar:/home/runner/.m2/repository/io/prometheus/simpleclient/0.7.0/simpleclient-0.7.0.jar:/home/runner/.m2/repository/io/prometheus/simpleclient_common/0.7.0/simpleclient_common-0.7.0.jar:/home/runner/.m2/repository/com/fasterxml/jackson/datatype/jackson-datatype-jsr310/2.12.1/jackson-datatype-jsr310-2.12.1.jar:/home/runner/.m2/repository/io/dropwizard/metrics/metrics-core/3.2.4/metrics-core-3.2.4.jar:/home/runner/.m2/repository/org/apache/hadoop/hadoop-hdfs-client/3.3.1/hadoop-hdfs-client-3.3.1.jar:/home/runner/.m2/repository/org/bouncycastle/bcprov-jdk15on/1.67/bcprov-jdk15on-1.67.jar:/home/runner/.m2/repository/com/google/protobuf/protobuf-java/2.5.0/protobuf-java-2.5.0.jar:/home/runner/.m2/repository/org/apache/ozone/ozone-manager/1.3.0-SNAPSHOT/ozone-manager-1.3.0-SNAPSHOT.jar:/home/runner/.m2/repository/org/aspectj/aspectjrt/1.9.7/aspectjrt-1.9.7.jar:/home/runner/.m2/repository/org/aspectj/aspectjweaver/1.9.7/aspectjweaver-1.9.7.jar:/home/runner/.m2/repository/org/apache/ozone/hdds-interface-client/1.3.0-SNAPSHOT/hdds-interface-client-1.3.0-SNAPSHOT.jar:/home/runner/.m2/repository/org/apache/hadoop/thirdparty/hadoop-shaded-protobuf_3_7/1.1.1/hadoop-shaded-protobuf_3_7-1.1.1.jar:/home/runner/.m2/repository/org/apache/ozone/ozone-interface-storage/1.3.0-SNAPSHOT/ozone-interface-storage-1.3.0-SNAPSHOT.jar:/home/runner/.m2/repository/org/reflections/reflections/0.9.11/reflections-0.9.11.jar:/home/runner/.m2/repository/org/apache/hadoop/hadoop-minikdc/3.3.1/hadoop-minikdc-3.3.1.jar:/home/runner/.m2/repository/org/apache/kerby/kerb-simplekdc/1.0.1/kerb-simplekdc-1.0.1.jar:/home/runner/.m2/repository/org/apache/kerby/kerb-client/1.0.1/kerb-client-1.0.1.jar:/home/runner/.m2/repository/org/apache/kerby/kerby-config/1.0.1/kerby-config-1.0.1.jar:/home/runner/.m2/repository/org/apache/kerby/kerb-common/1.0.1/kerb-common-1.0.1.jar:/home/runner/.m2/repository/org/apache/kerby/kerb-crypto/1.0.1/kerb-crypto-1.0.1.jar:/home/runner/.m2/repository/org/apache/kerby/kerb-util/1.0.1/kerb-util-1.0.1.jar:/home/runner/.m2/repository/org/apache/kerby/token-provider/1.0.1/token-provider-1.0.1.jar:/home/runner/.m2/repository/org/apache/kerby/kerb-admin/1.0.1/kerb-admin-1.0.1.jar:/home/runner/.m2/repository/org/apache/kerby/kerb-server/1.0.1/kerb-server-1.0.1.jar:/home/runner/.m2/repository/org/apache/kerby/kerb-identity/1.0.1/kerb-identity-1.0.1.jar:/home/runner/.m2/repository/org/apache/kerby/kerby-xdr/1.0.1/kerby-xdr-1.0.1.jar:/home/runner/.m2/repository/org/slf4j/slf4j-log4j12/1.7.30/slf4j-log4j12-1.7.30.jar:/home/runner/.m2/repository/org/apache/ozone/ozone-s3gateway/1.3.0-SNAPSHOT/ozone-s3gateway-1.3.0-SNAPSHOT.jar:/home/runner/.m2/repository/org/javassist/javassist/3.21.0-GA/javassist-3.21.0-GA.jar:/home/runner/.m2/repository/org/jboss/weld/servlet/weld-servlet/2.4.7.Final/weld-servlet-2.4.7.Final.jar:/home/runner/.m2/repository/org/glassfish/jersey/containers/jersey-container-servlet-core/2.33/jersey-container-servlet-core-2.33.jar:/home/runner/.m2/repository/org/glassfish/hk2/external/jakarta.inject/2.6.1/jakarta.inject-2.6.1.jar:/home/runner/.m2/repository/org/glassfish/jersey/core/jersey-common/2.33/jersey-common-2.33.jar:/home/runner/.m2/repository/jakarta/ws/rs/jakarta.ws.rs-api/2.1.6/jakarta.ws.rs-api-2.1.6.jar:/home/runner/.m2/repository/org/glassfish/jersey/ext/cdi/jersey-cdi1x/2.33/jersey-cdi1x-2.33.jar:/home/runner/.m2/repository/org/glassfish/jersey/inject/jersey-hk2/2.33/jersey-hk2-2.33.jar:/home/runner/.m2/repository/org/glassfish/hk2/hk2-locator/2.6.1/hk2-locator-2.6.1.jar:/home/runner/.m2/repository/org/glassfish/jersey/media/jersey-media-jaxb/2.33/jersey-media-jaxb-2.33.jar:/home/runner/.m2/repository/org/glassfish/hk2/osgi-resource-locator/1.0.3/osgi-resource-locator-1.0.3.jar:/home/runner/.m2/repository/org/glassfish/hk2/hk2-api/2.5.0/hk2-api-2.5.0.jar:/home/runner/.m2/repository/org/glassfish/hk2/hk2-utils/2.5.0/hk2-utils-2.5.0.jar:/home/runner/.m2/repository/org/glassfish/hk2/external/aopalliance-repackaged/2.5.0/aopalliance-repackaged-2.5.0.jar:/home/runner/.m2/repository/com/fasterxml/jackson/dataformat/jackson-dataformat-xml/2.12.1/jackson-dataformat-xml-2.12.1.jar:/home/runner/.m2/repository/com/fasterxml/jackson/core/jackson-core/2.12.1/jackson-core-2.12.1.jar:/home/runner/.m2/repository/com/fasterxml/jackson/module/jackson-module-jaxb-annotations/2.12.1/jackson-module-jaxb-annotations-2.12.1.jar:/home/runner/.m2/repository/jakarta/xml/bind/jakarta.xml.bind-api/2.3.2/jakarta.xml.bind-api-2.3.2.jar:/home/runner/.m2/repository/org/codehaus/woodstox/stax2-api/3.1.4/stax2-api-3.1.4.jar:/home/runner/.m2/repository/com/fasterxml/woodstox/woodstox-core/5.0.3/woodstox-core-5.0.3.jar:/home/runner/.m2/repository/javax/enterprise/cdi-api/1.2/cdi-api-1.2.jar:/home/runner/.m2/repository/javax/el/javax.el-api/3.0.0/javax.el-api-3.0.0.jar:/home/runner/.m2/repository/javax/interceptor/javax.interceptor-api/1.2/javax.interceptor-api-1.2.jar:/home/runner/.m2/repository/javax/inject/javax.inject/1/javax.inject-1.jar:/home/runner/.m2/repository/javax/xml/bind/jaxb-api/2.3.0/jaxb-api-2.3.0.jar:/home/runner/.m2/repository/org/glassfish/jaxb/jaxb-runtime/2.3.0.1/jaxb-runtime-2.3.0.1.jar:/home/runner/.m2/repository/org/glassfish/jaxb/jaxb-core/2.3.0.1/jaxb-core-2.3.0.1.jar:/home/runner/.m2/repository/org/glassfish/jaxb/txw2/2.3.0.1/txw2-2.3.0.1.jar:/home/runner/.m2/repository/com/sun/istack/istack-commons-runtime/3.0.5/istack-commons-runtime-3.0.5.jar:/home/runner/.m2/repository/org/jvnet/staxex/stax-ex/1.7.8/stax-ex-1.7.8.jar:/home/runner/.m2/repository/com/sun/xml/fastinfoset/FastInfoset/1.2.13/FastInfoset-1.2.13.jar:/home/runner/.m2/repository/javax/activation/activation/1.1.1/activation-1.1.1.jar:/home/runner/.m2/repository/org/apache/ozone/ozone-csi/1.3.0-SNAPSHOT/ozone-csi-1.3.0-SNAPSHOT.jar:/home/runner/.m2/repository/com/google/protobuf/protobuf-java-util/3.12.0/protobuf-java-util-3.12.0.jar:/home/runner/.m2/repository/com/google/code/gson/gson/2.2.4/gson-2.2.4.jar:/home/runner/.m2/repository/org/apache/ozone/hdds-config/1.3.0-SNAPSHOT/hdds-config-1.3.0-SNAPSHOT.jar:/home/runner/.m2/repository/io/grpc/grpc-netty/1.33.0/grpc-netty-1.33.0.jar:/home/runner/.m2/repository/io/grpc/grpc-core/1.33.0/grpc-core-1.33.0.jar:/home/runner/.m2/repository/com/google/android/annotations/4.1.1.4/annotations-4.1.1.4.jar:/home/runner/.m2/repository/io/netty/netty-codec-http2/4.1.63.Final/netty-codec-http2-4.1.63.Final.jar:/home/runner/.m2/repository/io/netty/netty-codec-http/4.1.63.Final/netty-codec-http-4.1.63.Final.jar:/home/runner/.m2/repository/io/netty/netty-handler-proxy/4.1.63.Final/netty-handler-proxy-4.1.63.Final.jar:/home/runner/.m2/repository/io/netty/netty-codec-socks/4.1.63.Final/netty-codec-socks-4.1.63.Final.jar:/home/runner/.m2/repository/io/perfmark/perfmark-api/0.19.0/perfmark-api-0.19.0.jar:/home/runner/.m2/repository/org/codehaus/mojo/animal-sniffer-annotations/1.18/animal-sniffer-annotations-1.18.jar:/home/runner/.m2/repository/io/netty/netty-transport-native-epoll/4.1.63.Final/netty-transport-native-epoll-4.1.63.Final.jar:/home/runner/.m2/repository/io/netty/netty-common/4.1.63.Final/netty-common-4.1.63.Final.jar:/home/runner/.m2/repository/io/netty/netty-buffer/4.1.63.Final/netty-buffer-4.1.63.Final.jar:/home/runner/.m2/repository/io/netty/netty-transport-native-unix-common/4.1.63.Final/netty-transport-native-unix-common-4.1.63.Final.jar:/home/runner/.m2/repository/io/grpc/grpc-protobuf/1.33.0/grpc-protobuf-1.33.0.jar:/home/runner/.m2/repository/io/grpc/grpc-api/1.33.0/grpc-api-1.33.0.jar:/home/runner/.m2/repository/io/grpc/grpc-context/1.33.0/grpc-context-1.33.0.jar:/home/runner/.m2/repository/com/google/api/grpc/proto-google-common-protos/1.17.0/proto-google-common-protos-1.17.0.jar:/home/runner/.m2/repository/io/grpc/grpc-protobuf-lite/1.33.0/grpc-protobuf-lite-1.33.0.jar:/home/runner/.m2/repository/io/grpc/grpc-stub/1.33.0/grpc-stub-1.33.0.jar:/home/runner/.m2/repository/org/apache/ozone/ozone-recon/1.3.0-SNAPSHOT/ozone-recon-1.3.0-SNAPSHOT.jar:/home/runner/.m2/repository/org/apache/ozone/ozone-reconcodegen/1.3.0-SNAPSHOT/ozone-reconcodegen-1.3.0-SNAPSHOT.jar:/home/runner/.m2/repository/com/google/inject/extensions/guice-multibindings/4.0/guice-multibindings-4.0.jar:/home/runner/.m2/repository/com/google/inject/guice/4.0/guice-4.0.jar:/home/runner/.m2/repository/aopalliance/aopalliance/1.0/aopalliance-1.0.jar:/home/runner/.m2/repository/com/google/inject/extensions/guice-assistedinject/4.0/guice-assistedinject-4.0.jar:/home/runner/.m2/repository/com/google/inject/extensions/guice-servlet/4.0/guice-servlet-4.0.jar:/home/runner/.m2/repository/org/glassfish/jersey/containers/jersey-container-servlet/2.33/jersey-container-servlet-2.33.jar:/home/runner/.m2/repository/org/glassfish/hk2/guice-bridge/2.5.0/guice-bridge-2.5.0.jar:/home/runner/.m2/repository/org/glassfish/jersey/core/jersey-server/2.33/jersey-server-2.33.jar:/home/runner/.m2/repository/org/glassfish/jersey/core/jersey-client/2.33/jersey-client-2.33.jar:/home/runner/.m2/repository/jakarta/annotation/jakarta.annotation-api/1.3.5/jakarta.annotation-api-1.3.5.jar:/home/runner/.m2/repository/jakarta/validation/jakarta.validation-api/2.0.2/jakarta.validation-api-2.0.2.jar:/home/runner/.m2/repository/org/glassfish/jersey/media/jersey-media-json-jackson/2.33/jersey-media-json-jackson-2.33.jar:/home/runner/.m2/repository/org/glassfish/jersey/ext/jersey-entity-filtering/2.33/jersey-entity-filtering-2.33.jar:/home/runner/.m2/repository/org/jooq/jooq/3.11.10/jooq-3.11.10.jar:/home/runner/.m2/repository/org/jooq/jooq-meta/3.11.10/jooq-meta-3.11.10.jar:/home/runner/.m2/repository/org/jooq/jooq-codegen/3.11.10/jooq-codegen-3.11.10.jar:/home/runner/.m2/repository/com/jolbox/bonecp/0.8.0.RELEASE/bonecp-0.8.0.RELEASE.jar:/home/runner/.m2/repository/org/apache/derby/derby/10.14.2.0/derby-10.14.2.0.jar:/home/runner/.m2/repository/org/xerial/sqlite-jdbc/3.25.2/sqlite-jdbc-3.25.2.jar:/home/runner/.m2/repository/org/springframework/spring-jdbc/5.2.18.RELEASE/spring-jdbc-5.2.18.RELEASE.jar:/home/runner/.m2/repository/org/springframework/spring-beans/5.2.18.RELEASE/spring-beans-5.2.18.RELEASE.jar:/home/runner/.m2/repository/org/springframework/spring-core/5.2.18.RELEASE/spring-core-5.2.18.RELEASE.jar:/home/runner/.m2/repository/org/springframework/spring-jcl/5.2.18.RELEASE/spring-jcl-5.2.18.RELEASE.jar:/home/runner/.m2/repository/org/springframework/spring-tx/5.2.18.RELEASE/spring-tx-5.2.18.RELEASE.jar:/home/runner/.m2/repository/org/apache/ozone/ozone-client/1.3.0-SNAPSHOT/ozone-client-1.3.0-SNAPSHOT.jar:/home/runner/.m2/repository/org/apache/ozone/ozone-filesystem/1.3.0-SNAPSHOT/ozone-filesystem-1.3.0-SNAPSHOT.jar:/home/runner/.m2/repository/org/apache/ozone/ozone-filesystem-common/1.3.0-SNAPSHOT/ozone-filesystem-common-1.3.0-SNAPSHOT.jar:/home/runner/.m2/repository/org/apache/ozone/ozone-tools/1.3.0-SNAPSHOT/ozone-tools-1.3.0-SNAPSHOT.jar:/home/runner/.m2/repository/org/apache/ratis/ratis-tools/2.2.0/ratis-tools-2.2.0.jar:/home/runner/.m2/repository/com/amazonaws/aws-java-sdk-core/1.12.124/aws-java-sdk-core-1.12.124.jar:/home/runner/.m2/repository/org/apache/httpcomponents/httpclient/4.5.13/httpclient-4.5.13.jar:/home/runner/.m2/repository/org/apache/httpcomponents/httpcore/4.4.13/httpcore-4.4.13.jar:/home/runner/.m2/repository/software/amazon/ion/ion-java/1.0.2/ion-java-1.0.2.jar:/home/runner/.m2/repository/com/fasterxml/jackson/dataformat/jackson-dataformat-cbor/2.12.1/jackson-dataformat-cbor-2.12.1.jar:/home/runner/.m2/repository/joda-time/joda-time/2.8.1/joda-time-2.8.1.jar:/home/runner/.m2/repository/com/amazonaws/aws-java-sdk-s3/1.12.124/aws-java-sdk-s3-1.12.124.jar:/home/runner/.m2/repository/com/amazonaws/aws-java-sdk-kms/1.12.124/aws-java-sdk-kms-1.12.124.jar:/home/runner/.m2/repository/com/amazonaws/jmespath-java/1.12.124/jmespath-java-1.12.124.jar:/home/runner/.m2/repository/org/kohsuke/metainf-services/metainf-services/1.8/metainf-services-1.8.jar:/home/runner/.m2/repository/org/apache/ozone/hdds-tools/1.3.0-SNAPSHOT/hdds-tools-1.3.0-SNAPSHOT.jar:/home/runner/.m2/repository/commons-cli/commons-cli/1.2/commons-cli-1.2.jar:/home/runner/.m2/repository/org/apache/commons/commons-lang3/3.7/commons-lang3-3.7.jar:/home/runner/.m2/repository/org/apache/ozone/ozone-manager/1.3.0-SNAPSHOT/ozone-manager-1.3.0-SNAPSHOT-tests.jar:/home/runner/.m2/repository/org/apache/ozone/hdds-common/1.3.0-SNAPSHOT/hdds-common-1.3.0-SNAPSHOT-tests.jar:/home/runner/.m2/repository/org/apache/ozone/hdds-hadoop-dependency-client/1.3.0-SNAPSHOT/hdds-hadoop-dependency-client-1.3.0-SNAPSHOT.jar:/home/runner/.m2/repository/info/picocli/picocli/4.6.1/picocli-4.6.1.jar:/home/runner/.m2/repository/com/fasterxml/jackson/core/jackson-annotations/2.12.1/jackson-annotations-2.12.1.jar:/home/runner/.m2/repository/javax/annotation/javax.annotation-api/1.2/javax.annotation-api-1.2.jar:/home/runner/.m2/repository/org/apache/ratis/ratis-server/2.2.0/ratis-server-2.2.0.jar:/home/runner/.m2/repository/org/apache/ratis/ratis-client/2.2.0/ratis-client-2.2.0.jar:/home/runner/.m2/repository/org/apache/ratis/ratis-server-api/2.2.0/ratis-server-api-2.2.0.jar:/home/runner/.m2/repository/org/apache/ratis/ratis-metrics/2.2.0/ratis-metrics-2.2.0.jar:/home/runner/.m2/repository/org/apache/ratis/ratis-netty/2.2.0/ratis-netty-2.2.0.jar:/home/runner/.m2/repository/org/apache/ratis/ratis-grpc/2.2.0/ratis-grpc-2.2.0.jar:/home/runner/.m2/repository/org/apache/logging/log4j/log4j-api/2.13.3/log4j-api-2.13.3.jar:/home/runner/.m2/repository/org/apache/logging/log4j/log4j-core/2.13.3/log4j-core-2.13.3.jar:/home/runner/.m2/repository/com/lmax/disruptor/3.4.2/disruptor-3.4.2.jar:/home/runner/.m2/repository/org/apache/commons/commons-pool2/2.6.0/commons-pool2-2.6.0.jar:/home/runner/.m2/repository/org/bouncycastle/bcpkix-jdk15on/1.67/bcpkix-jdk15on-1.67.jar:/home/runner/.m2/repository/commons-validator/commons-validator/1.6/commons-validator-1.6.jar:/home/runner/.m2/repository/commons-beanutils/commons-beanutils/1.9.4/commons-beanutils-1.9.4.jar:/home/runner/.m2/repository/commons-digester/commons-digester/1.8.1/commons-digester-1.8.1.jar:/home/runner/.m2/repository/commons-collections/commons-collections/3.2.2/commons-collections-3.2.2.jar:/home/runner/.m2/repository/io/jaegertracing/jaeger-client/1.6.0/jaeger-client-1.6.0.jar:/home/runner/.m2/repository/io/jaegertracing/jaeger-thrift/1.6.0/jaeger-thrift-1.6.0.jar:/home/runner/.m2/repository/org/apache/thrift/libthrift/0.14.1/libthrift-0.14.1.jar:/home/runner/.m2/repository/com/squareup/okhttp3/okhttp/4.9.0/okhttp-4.9.0.jar:/home/runner/.m2/repository/com/squareup/okio/okio/2.8.0/okio-2.8.0.jar:/home/runner/.m2/repository/io/jaegertracing/jaeger-core/1.6.0/jaeger-core-1.6.0.jar:/home/runner/.m2/repository/io/jaegertracing/jaeger-tracerresolver/1.6.0/jaeger-tracerresolver-1.6.0.jar:/home/runner/.m2/repository/io/opentracing/contrib/opentracing-tracerresolver/0.1.8/opentracing-tracerresolver-0.1.8.jar:/home/runner/.m2/repository/org/jetbrains/kotlin/kotlin-stdlib/1.4.31/kotlin-stdlib-1.4.31.jar:/home/runner/.m2/repository/org/jetbrains/kotlin/kotlin-stdlib-common/1.4.31/kotlin-stdlib-common-1.4.31.jar:/home/runner/.m2/repository/org/jetbrains/annotations/13.0/annotations-13.0.jar:/home/runner/.m2/repository/io/opentracing/opentracing-util/0.33.0/opentracing-util-0.33.0.jar:/home/runner/.m2/repository/io/opentracing/opentracing-api/0.33.0/opentracing-api-0.33.0.jar:/home/runner/.m2/repository/io/opentracing/opentracing-noop/0.33.0/opentracing-noop-0.33.0.jar:/home/runner/.m2/repository/org/yaml/snakeyaml/1.26/snakeyaml-1.26.jar:/home/runner/.m2/repository/org/apache/ozone/hdds-interface-admin/1.3.0-SNAPSHOT/hdds-interface-admin-1.3.0-SNAPSHOT.jar:/home/runner/.m2/repository/junit/junit/4.13.1/junit-4.13.1.jar:/home/runner/.m2/repository/org/hamcrest/hamcrest-core/1.3/hamcrest-core-1.3.jar:/home/runner/.m2/repository/org/junit/jupiter/junit-jupiter-api/5.7.0/junit-jupiter-api-5.7.0.jar:/home/runner/.m2/repository/org/apiguardian/apiguardian-api/1.1.0/apiguardian-api-1.1.0.jar:/home/runner/.m2/repository/org/opentest4j/opentest4j/1.2.0/opentest4j-1.2.0.jar:/home/runner/.m2/repository/org/junit/platform/junit-platform-commons/1.7.0/junit-platform-commons-1.7.0.jar:/home/runner/.m2/repository/org/junit/jupiter/junit-jupiter-engine/5.7.0/junit-jupiter-engine-5.7.0.jar:/home/runner/.m2/repository/org/junit/platform/junit-platform-engine/1.7.0/junit-platform-engine-1.7.0.jar:/home/runner/.m2/repository/org/junit/vintage/junit-vintage-engine/5.7.0/junit-vintage-engine-5.7.0.jar:/home/runner/.m2/repository/org/junit/platform/junit-platform-launcher/1.7.0/junit-platform-launcher-1.7.0.jar:/home/runner/.m2/repository/org/openjdk/jmh/jmh-core/1.19/jmh-core-1.19.jar:/home/runner/.m2/repository/net/sf/jopt-simple/jopt-simple/4.6/jopt-simple-4.6.jar:/home/runner/.m2/repository/org/apache/commons/commons-math3/3.1.1/commons-math3-3.1.1.jar:/home/runner/.m2/repository/org/openjdk/jmh/jmh-generator-annprocess/1.19/jmh-generator-annprocess-1.19.jar:/home/runner/.m2/repository/org/mockito/mockito-core/2.28.2/mockito-core-2.28.2.jar:/home/runner/.m2/repository/net/bytebuddy/byte-buddy/1.9.10/byte-buddy-1.9.10.jar:/home/runner/.m2/repository/net/bytebuddy/byte-buddy-agent/1.9.10/byte-buddy-agent-1.9.10.jar:/home/runner/.m2/repository/org/objenesis/objenesis/1.0/objenesis-1.0.jar:/home/runner/.m2/repository/org/apache/hadoop/hadoop-kms/3.3.1/hadoop-kms-3.3.1.jar:/home/runner/.m2/repository/org/apache/hadoop/hadoop-auth/3.3.1/hadoop-auth-3.3.1.jar:/home/runner/.m2/repository/com/nimbusds/nimbus-jose-jwt/7.9/nimbus-jose-jwt-7.9.jar:/home/runner/.m2/repository/com/github/stephenc/jcip/jcip-annotations/1.0-1/jcip-annotations-1.0-1.jar:/home/runner/.m2/repository/net/minidev/json-smart/2.3.1/json-smart-2.3.1.jar:/home/runner/.m2/repository/net/minidev/accessors-smart/2.3.1/accessors-smart-2.3.1.jar:/home/runner/.m2/repository/org/ow2/asm/asm/5.0.4/asm-5.0.4.jar:/home/runner/.m2/repository/org/apache/zookeeper/zookeeper/3.5.6/zookeeper-3.5.6.jar:/home/runner/.m2/repository/org/apache/zookeeper/zookeeper-jute/3.5.6/zookeeper-jute-3.5.6.jar:/home/runner/.m2/repository/org/apache/yetus/audience-annotations/0.5.0/audience-annotations-0.5.0.jar:/home/runner/.m2/repository/org/apache/curator/curator-framework/4.2.0/curator-framework-4.2.0.jar:/home/runner/.m2/repository/org/apache/hadoop/thirdparty/hadoop-shaded-guava/1.1.1/hadoop-shaded-guava-1.1.1.jar:/home/runner/.m2/repository/com/sun/jersey/jersey-core/1.19/jersey-core-1.19.jar:/home/runner/.m2/repository/javax/ws/rs/jsr311-api/1.1.1/jsr311-api-1.1.1.jar:/home/runner/.m2/repository/com/sun/jersey/jersey-server/1.19/jersey-server-1.19.jar:/home/runner/.m2/repository/javax/servlet/javax.servlet-api/3.1.0/javax.servlet-api-3.1.0.jar:/home/runner/.m2/repository/org/eclipse/jetty/jetty-server/9.4.43.v20210629/jetty-server-9.4.43.v20210629.jar:/home/runner/.m2/repository/org/eclipse/jetty/jetty-http/9.4.43.v20210629/jetty-http-9.4.43.v20210629.jar:/home/runner/.m2/repository/org/eclipse/jetty/jetty-io/9.4.43.v20210629/jetty-io-9.4.43.v20210629.jar:/home/runner/.m2/repository/org/eclipse/jetty/jetty-webapp/9.4.43.v20210629/jetty-webapp-9.4.43.v20210629.jar:/home/runner/.m2/repository/org/eclipse/jetty/jetty-xml/9.4.43.v20210629/jetty-xml-9.4.43.v20210629.jar:/home/runner/.m2/repository/org/apache/hadoop/hadoop-common/3.3.1/hadoop-common-3.3.1.jar:/home/runner/.m2/repository/commons-net/commons-net/3.6/commons-net-3.6.jar:/home/runner/.m2/repository/jakarta/activation/jakarta.activation-api/1.2.1/jakarta.activation-api-1.2.1.jar:/home/runner/.m2/repository/com/sun/jersey/jersey-servlet/1.19/jersey-servlet-1.19.jar:/home/runner/.m2/repository/com/sun/jersey/jersey-json/1.19/jersey-json-1.19.jar:/home/runner/.m2/repository/org/codehaus/jettison/jettison/1.1/jettison-1.1.jar:/home/runner/.m2/repository/com/sun/xml/bind/jaxb-impl/2.2.3-1/jaxb-impl-2.2.3-1.jar:/home/runner/.m2/repository/org/codehaus/jackson/jackson-jaxrs/1.9.2/jackson-jaxrs-1.9.2.jar:/home/runner/.m2/repository/org/codehaus/jackson/jackson-xc/1.9.2/jackson-xc-1.9.2.jar:/home/runner/.m2/repository/org/apache/commons/commons-configuration2/2.1.1/commons-configuration2-2.1.1.jar:/home/runner/.m2/repository/org/apache/commons/commons-text/1.4/commons-text-1.4.jar:/home/runner/.m2/repository/com/google/re2j/re2j/1.1/re2j-1.1.jar:/home/runner/.m2/repository/com/jcraft/jsch/0.1.54/jsch-0.1.54.jar:/home/runner/.m2/repository/org/apache/curator/curator-client/4.2.0/curator-client-4.2.0.jar:/home/runner/.m2/repository/org/apache/curator/curator-recipes/4.2.0/curator-recipes-4.2.0.jar:/home/runner/.m2/repository/org/apache/kerby/kerb-core/1.0.1/kerb-core-1.0.1.jar:/home/runner/.m2/repository/org/apache/kerby/kerby-pkix/1.0.1/kerby-pkix-1.0.1.jar:/home/runner/.m2/repository/org/apache/kerby/kerby-asn1/1.0.1/kerby-asn1-1.0.1.jar:/home/runner/.m2/repository/org/apache/kerby/kerby-util/1.0.1/kerby-util-1.0.1.jar:/home/runner/.m2/repository/dnsjava/dnsjava/2.1.7/dnsjava-2.1.7.jar:/home/runner/.m2/repository/org/xerial/snappy/snappy-java/1.1.8.2/snappy-java-1.1.8.2.jar:/home/runner/.m2/repository/org/slf4j/jul-to-slf4j/1.7.30/jul-to-slf4j-1.7.30.jar:/home/runner/.m2/repository/org/eclipse/jetty/jetty-util/9.4.43.v20210629/jetty-util-9.4.43.v20210629.jar:/home/runner/.m2/repository/com/fasterxml/jackson/core/jackson-databind/2.12.1/jackson-databind-2.12.1.jar:/home/runner/.m2/repository/org/apache/hadoop/hadoop-kms/3.3.1/hadoop-kms-3.3.1-tests.jar:/home/runner/.m2/repository/org/apache/ozone/hdds-server-scm/1.3.0-SNAPSHOT/hdds-server-scm-1.3.0-SNAPSHOT-tests.jar:/home/runner/.m2/repository/org/apache/ozone/hdds-container-service/1.3.0-SNAPSHOT/hdds-container-service-1.3.0-SNAPSHOT-tests.jar:/home/runner/.m2/repository/commons-codec/commons-codec/1.11/commons-codec-1.11.jar:/home/runner/.m2/repository/io/netty/netty-transport/4.1.63.Final/netty-transport-4.1.63.Final.jar:/home/runner/.m2/repository/io/netty/netty-resolver/4.1.63.Final/netty-resolver-4.1.63.Final.jar:/home/runner/.m2/repository/io/netty/netty-codec/4.1.63.Final/netty-codec-4.1.63.Final.jar:/home/runner/.m2/repository/io/netty/netty-handler/4.1.63.Final/netty-handler-4.1.63.Final.jar:/home/runner/.m2/repository/org/apache/ozone/hdds-hadoop-dependency-test/1.3.0-SNAPSHOT/hdds-hadoop-dependency-test-1.3.0-SNAPSHOT.jar:/home/runner/.m2/repository/org/apache/hadoop/hadoop-common/3.3.1/hadoop-common-3.3.1-tests.jar:/home/runner/.m2/repository/org/assertj/assertj-core/3.12.2/assertj-core-3.12.2.jar:/home/runner/.m2/repository/org/apache/hadoop/hadoop-hdfs/3.3.1/hadoop-hdfs-3.3.1-tests.jar:/home/runner/.m2/repository/org/eclipse/jetty/jetty-util-ajax/9.4.43.v20210629/jetty-util-ajax-9.4.43.v20210629.jar:/home/runner/.m2/repository/commons-daemon/commons-daemon/1.0.13/commons-daemon-1.0.13.jar:/home/runner/.m2/repository/io/netty/netty/3.10.6.Final/netty-3.10.6.Final.jar:/home/runner/.m2/repository/io/netty/netty-all/4.1.63.Final/netty-all-4.1.63.Final.jar:/home/runner/.m2/repository/org/apache/htrace/htrace-core4/4.1.0-incubating/htrace-core4-4.1.0-incubating.jar:/home/runner/.m2/repository/org/fusesource/leveldbjni/leveldbjni-all/1.8/leveldbjni-all-1.8.jar:/home/runner/.m2/repository/org/apache/hadoop/hadoop-distcp/3.3.1/hadoop-distcp-3.3.1.jar:/home/runner/.m2/repository/org/apache/hadoop/hadoop-mapreduce-client-jobclient/3.3.1/hadoop-mapreduce-client-jobclient-3.3.1.jar:/home/runner/.m2/repository/org/apache/hadoop/hadoop-mapreduce-client-common/3.3.1/hadoop-mapreduce-client-common-3.3.1.jar:/home/runner/.m2/repository/org/apache/hadoop/hadoop-yarn-common/3.3.1/hadoop-yarn-common-3.3.1.jar:/home/runner/.m2/repository/org/apache/hadoop/hadoop-yarn-api/3.3.1/hadoop-yarn-api-3.3.1.jar:/home/runner/.m2/repository/com/sun/jersey/jersey-client/1.19/jersey-client-1.19.jar:/home/runner/.m2/repository/com/sun/jersey/contribs/jersey-guice/1.19/jersey-guice-1.19.jar:/home/runner/.m2/repository/com/fasterxml/jackson/jaxrs/jackson-jaxrs-json-provider/2.12.1/jackson-jaxrs-json-provider-2.12.1.jar:/home/runner/.m2/repository/com/fasterxml/jackson/jaxrs/jackson-jaxrs-base/2.12.1/jackson-jaxrs-base-2.12.1.jar:/home/runner/.m2/repository/org/apache/hadoop/hadoop-yarn-client/3.3.1/hadoop-yarn-client-3.3.1.jar:/home/runner/.m2/repository/org/eclipse/jetty/websocket/websocket-client/9.4.40.v20210413/websocket-client-9.4.40.v20210413.jar:/home/runner/.m2/repository/org/eclipse/jetty/jetty-client/9.4.40.v20210413/jetty-client-9.4.40.v20210413.jar:/home/runner/.m2/repository/org/eclipse/jetty/websocket/websocket-common/9.4.40.v20210413/websocket-common-9.4.40.v20210413.jar:/home/runner/.m2/repository/org/eclipse/jetty/websocket/websocket-api/9.4.40.v20210413/websocket-api-9.4.40.v20210413.jar:/home/runner/.m2/repository/org/jline/jline/3.9.0/jline-3.9.0.jar:/home/runner/.m2/repository/org/apache/hadoop/hadoop-mapreduce-client-core/3.3.1/hadoop-mapreduce-client-core-3.3.1.jar:/home/runner/.m2/repository/org/apache/avro/avro/1.7.7/avro-1.7.7.jar:/home/runner/.m2/repository/org/codehaus/jackson/jackson-core-asl/1.9.13/jackson-core-asl-1.9.13.jar:/home/runner/.m2/repository/org/codehaus/jackson/jackson-mapper-asl/1.9.13/jackson-mapper-asl-1.9.13.jar:/home/runner/.m2/repository/com/thoughtworks/paranamer/paranamer/2.3/paranamer-2.3.jar:/home/runner/.m2/repository/org/apache/hadoop/hadoop-annotations/3.3.1/hadoop-annotations-3.3.1.jar:/usr/lib/jvm/adoptopenjdk-8-hotspot-amd64/jre/../lib/tools.jar:/home/runner/.m2/repository/org/apache/hadoop/hadoop-distcp/3.3.1/hadoop-distcp-3.3.1-tests.jar:/home/runner/.m2/repository/org/apache/ratis/ratis-common/2.2.0/ratis-common-2.2.0.jar:/home/runner/.m2/repository/org/apache/ratis/ratis-thirdparty-misc/0.7.0/ratis-thirdparty-misc-0.7.0.jar:/home/runner/.m2/repository/org/apache/ratis/ratis-proto/2.2.0/ratis-proto-2.2.0.jar:"/>
    <property name="sun.cpu.endian" value="little"/>
    <property name="user.home" value="/home/runner"/>
    <property name="user.language" value="en"/>
    <property name="java.specification.vendor" value="Oracle Corporation"/>
    <property name="java.home" value="/usr/lib/jvm/adoptopenjdk-8-hotspot-amd64/jre"/>
    <property name="java.security.krb5.conf" value="/home/runner/work/ozone/ozone/hadoop-ozone/integration-test/target/test-classes/krb5.conf"/>
    <property name="basedir" value="/home/runner/work/ozone/ozone/hadoop-ozone/integration-test"/>
    <property name="file.separator" value="/"/>
    <property name="line.separator" value="&#10;"/>
    <property name="java.vm.specification.vendor" value="Oracle Corporation"/>
    <property name="java.specification.name" value="Java Platform API Specification"/>
    <property name="java.awt.graphicsenv" value="sun.awt.X11GraphicsEnvironment"/>
    <property name="skip.installnpx" value="true"/>
    <property name="surefire.real.class.path" value="/home/runner/work/ozone/ozone/hadoop-ozone/integration-test/target/surefire/surefirebooter1660661197799901288.jar:/home/runner/.m2/repository/org/jacoco/org.jacoco.agent/0.8.5/org.jacoco.agent-0.8.5-runtime.jar"/>
    <property name="hadoop.log.dir" value="/home/runner/work/ozone/ozone/hadoop-ozone/integration-test/target/log"/>
    <property name="sun.boot.class.path" value="/usr/lib/jvm/adoptopenjdk-8-hotspot-amd64/jre/lib/resources.jar:/usr/lib/jvm/adoptopenjdk-8-hotspot-amd64/jre/lib/rt.jar:/usr/lib/jvm/adoptopenjdk-8-hotspot-amd64/jre/lib/sunrsasign.jar:/usr/lib/jvm/adoptopenjdk-8-hotspot-amd64/jre/lib/jsse.jar:/usr/lib/jvm/adoptopenjdk-8-hotspot-amd64/jre/lib/jce.jar:/usr/lib/jvm/adoptopenjdk-8-hotspot-amd64/jre/lib/charsets.jar:/usr/lib/jvm/adoptopenjdk-8-hotspot-amd64/jre/lib/jfr.jar:/usr/lib/jvm/adoptopenjdk-8-hotspot-amd64/jre/classes"/>
    <property name="sun.management.compiler" value="HotSpot 64-Bit Tiered Compilers"/>
    <property name="skip.npx" value="true"/>
    <property name="java.runtime.version" value="1.8.0_292-b10"/>
    <property name="java.net.preferIPv4Stack" value="true"/>
    <property name="user.name" value="runner"/>
    <property name="path.separator" value=":"/>
    <property name="java.security.egd" value="file:///dev/urandom"/>
    <property name="os.version" value="5.4.0-1063-azure"/>
    <property name="java.endorsed.dirs" value="/usr/lib/jvm/adoptopenjdk-8-hotspot-amd64/jre/lib/endorsed"/>
    <property name="java.runtime.name" value="OpenJDK Runtime Environment"/>
    <property name="file.encoding" value="UTF-8"/>
    <property name="java.vm.name" value="OpenJDK 64-Bit Server VM"/>
    <property name="test.build.webapps" value=""/>
    <property name="localRepository" value="/home/runner/.m2/repository"/>
    <property name="java.vendor.url.bug" value="https://github.com/AdoptOpenJDK/openjdk-support/issues"/>
    <property name="java.io.tmpdir" value="/tmp"/>
    <property name="require.test.libhadoop" value=""/>
    <property name="java.version" value="1.8.0_292"/>
    <property name="user.dir" value="/home/runner/work/ozone/ozone/hadoop-ozone/integration-test"/>
    <property name="os.arch" value="amd64"/>
    <property name="java.vm.specification.name" value="Java Virtual Machine Specification"/>
    <property name="test.build.classes" value="/home/runner/work/ozone/ozone/hadoop-ozone/integration-test/target/test-classes"/>
    <property name="java.awt.printerjob" value="sun.print.PSPrinterJob"/>
    <property name="sun.os.patch.level" value="unknown"/>
    <property name="hadoop.tmp.dir" value="/home/runner/work/ozone/ozone/hadoop-ozone/integration-test/target/tmp"/>
    <property name="java.library.path" value="/usr/java/packages/lib/amd64:/usr/lib64:/lib64:/lib:/usr/lib"/>
    <property name="java.vm.info" value="mixed mode"/>
    <property name="java.vendor" value="AdoptOpenJDK"/>
    <property name="java.vm.version" value="25.292-b10"/>
    <property name="java.ext.dirs" value="/usr/lib/jvm/adoptopenjdk-8-hotspot-amd64/jre/lib/ext:/usr/java/packages/lib/ext"/>
    <property name="sun.io.unicode.encoding" value="UnicodeLittle"/>
    <property name="java.class.version" value="52.0"/>
  </properties>
  <testcase name="testPrepareFailsWhenTwoOmsAreDown" classname="org.apache.hadoop.ozone.om.TestOzoneManagerPrepare" time="0">
    <skipped message="Saving on CI time since this is a pessimistic test. We should not be able to do anything with 2 OMs down."/>
    <system-out><![CDATA[2021-12-06 20:42:49,272 [main] WARN  server.ServerUtils (ServerUtils.java:getScmDbDir(148)) - ozone.scm.db.dirs is not configured. We recommend adding this setting. Falling back to ozone.metadata.dirs instead.
2021-12-06 20:42:49,380 [main] INFO  ha.SCMHANodeDetails (SCMHANodeDetails.java:loadSCMHAConfig(157)) - ServiceID for StorageContainerManager is null
2021-12-06 20:42:49,380 [main] INFO  ha.SCMHANodeDetails (SCMHANodeDetails.java:loadSCMHAConfig(162)) - ozone.scm.default.service.id is not defined, falling back to ozone.scm.service.ids to find serviceID for StorageContainerManager if it is HA enabled cluster
2021-12-06 20:42:49,493 [main] WARN  server.ServerUtils (ServerUtils.java:getScmDbDir(148)) - ozone.scm.db.dirs is not configured. We recommend adding this setting. Falling back to ozone.metadata.dirs instead.
2021-12-06 20:42:49,496 [main] INFO  upgrade.AbstractLayoutVersionManager (AbstractLayoutVersionManager.java:init(79)) - Initializing Layout version manager with metadata layout = SCM_HA (version = 2), software layout = SCM_HA (version = 2)
2021-12-06 20:42:49,731 [main] INFO  reflections.Reflections (Reflections.java:scan(232)) - Reflections took 139 ms to scan 7 urls, producing 119 keys and 279 values 
2021-12-06 20:42:50,317 [main] WARN  utils.HAUtils (HAUtils.java:getMetaDir(342)) - ozone.scm.db.dirs is not configured. We recommend adding this setting. Falling back to ozone.metadata.dirs instead.
2021-12-06 20:42:50,464 [main] WARN  db.DBStoreBuilder (DBStoreBuilder.java:applyDBDefinition(145)) - ozone.scm.db.dirs is not configured. We recommend adding this setting. Falling back to ozone.metadata.dirs instead.
2021-12-06 20:42:50,620 [main] INFO  net.NodeSchemaLoader (NodeSchemaLoader.java:loadSchemaFromFile(129)) - Loading schema from [jar:file:/home/runner/.m2/repository/org/apache/ozone/hdds-common/1.3.0-SNAPSHOT/hdds-common-1.3.0-SNAPSHOT.jar!/network-topology-default.xml]
2021-12-06 20:42:50,622 [main] INFO  net.NodeSchemaLoader (NodeSchemaLoader.java:loadSchema(176)) - Loading network topology layer schema file
2021-12-06 20:42:50,661 [main] INFO  metrics.MetricRegistries (MetricRegistriesLoader.java:load(64)) - Loaded MetricRegistries class org.apache.ratis.metrics.impl.MetricRegistriesImpl
2021-12-06 20:42:50,675 [main] INFO  ha.SequenceIdGenerator (SequenceIdGenerator.java:upgradeToSequenceId(347)) - upgrade localId to 107544261427200000
2021-12-06 20:42:50,676 [main] INFO  ha.SequenceIdGenerator (SequenceIdGenerator.java:upgradeToSequenceId(357)) - upgrade delTxnId to 0
2021-12-06 20:42:50,678 [main] INFO  ha.SequenceIdGenerator (SequenceIdGenerator.java:upgradeToSequenceId(371)) - upgrade containerId to 0
2021-12-06 20:42:50,680 [main] INFO  ha.SequenceIdGenerator (SequenceIdGenerator.java:<init>(218)) - Init the HA SequenceIdGenerator.
2021-12-06 20:42:50,716 [main] WARN  server.ServerUtils (ServerUtils.java:sanitizeUserArgs(73)) - ozone.scm.stale.node.interval value = 300000 is larger than max = 100000 based on the key value of ozone.scm.heartbeat.thread.interval, reset to the max value 100000.
2021-12-06 20:42:50,717 [main] WARN  server.ServerUtils (ServerUtils.java:sanitizeUserArgs(73)) - ozone.scm.stale.node.interval value = 300000 is larger than max = 100000 based on the key value of ozone.scm.heartbeat.thread.interval, reset to the max value 100000.
2021-12-06 20:42:50,722 [main] INFO  node.SCMNodeManager (SCMNodeManager.java:<init>(144)) - Entering startup safe mode.
2021-12-06 20:42:50,784 [main] INFO  algorithms.ContainerPlacementPolicyFactory (ContainerPlacementPolicyFactory.java:getPolicy(60)) - Create container placement policy of type org.apache.hadoop.hdds.scm.container.placement.algorithms.SCMContainerPlacementRandom
2021-12-06 20:42:50,794 [main] INFO  pipeline.PipelineStateManagerImpl (PipelineStateManagerImpl.java:initialize(78)) - No pipeline exists in current db
2021-12-06 20:42:50,827 [main] INFO  algorithms.LeaderChoosePolicyFactory (LeaderChoosePolicyFactory.java:getPolicy(57)) - Create leader choose policy of type org.apache.hadoop.hdds.scm.pipeline.leader.choose.algorithms.MinLeaderCountChoosePolicy
2021-12-06 20:42:50,832 [main] INFO  ha.SCMServiceManager (SCMServiceManager.java:register(43)) - Registering service BackgroundPipelineCreator.
2021-12-06 20:42:50,833 [main] INFO  pipeline.BackgroundPipelineCreator (BackgroundPipelineCreator.java:start(130)) - Starting RatisPipelineUtilsThread.
2021-12-06 20:42:50,861 [main] INFO  algorithms.PipelineChoosePolicyFactory (PipelineChoosePolicyFactory.java:createPipelineChoosePolicyFromClass(73)) - Create pipeline choose policy of type org.apache.hadoop.hdds.scm.pipeline.choose.algorithms.RandomPipelineChoosePolicy
2021-12-06 20:42:50,877 [main] INFO  ha.SCMServiceManager (SCMServiceManager.java:register(43)) - Registering service SCMBlockDeletingService.
2021-12-06 20:42:50,905 [main] INFO  ha.SCMServiceManager (SCMServiceManager.java:register(43)) - Registering service ReplicationManager.
2021-12-06 20:42:50,907 [main] INFO  container.ReplicationManager (ReplicationManager.java:start(319)) - Starting Replication Monitor Thread.
2021-12-06 20:42:50,917 [main] INFO  safemode.ContainerSafeModeRule (ContainerSafeModeRule.java:<init>(89)) - containers with one replica threshold count 0
2021-12-06 20:42:50,919 [ReplicationMonitor] INFO  container.ReplicationManager (ReplicationManager.java:processAll(371)) - Replication Monitor Thread took 1 milliseconds for processing 0 containers.
2021-12-06 20:42:50,924 [main] INFO  safemode.HealthyPipelineSafeModeRule (HealthyPipelineSafeModeRule.java:initializeRule(156)) - Total pipeline count is 0, healthy pipeline threshold count is 1
2021-12-06 20:42:50,928 [main] INFO  safemode.OneReplicaPipelineSafeModeRule (OneReplicaPipelineSafeModeRule.java:initializeRule(180)) - Total pipeline count is 0, pipeline's with at least one datanode reported threshold count is 0
2021-12-06 20:42:51,294 [main] INFO  ipc.CallQueueManager (CallQueueManager.java:<init>(90)) - Using callQueue: class java.util.concurrent.LinkedBlockingQueue, queueCapacity: 2000, scheduler: class org.apache.hadoop.ipc.DefaultRpcScheduler, ipcBackoff: false.
2021-12-06 20:42:51,333 [Socket Reader #1 for port 0] INFO  ipc.Server (Server.java:run(1265)) - Starting Socket Reader #1 for port 0
2021-12-06 20:42:51,389 [Listener at 0.0.0.0/34613] INFO  ipc.CallQueueManager (CallQueueManager.java:<init>(90)) - Using callQueue: class java.util.concurrent.LinkedBlockingQueue, queueCapacity: 2000, scheduler: class org.apache.hadoop.ipc.DefaultRpcScheduler, ipcBackoff: false.
2021-12-06 20:42:51,392 [Socket Reader #1 for port 0] INFO  ipc.Server (Server.java:run(1265)) - Starting Socket Reader #1 for port 0
2021-12-06 20:42:51,414 [Listener at 0.0.0.0/40697] INFO  ipc.CallQueueManager (CallQueueManager.java:<init>(90)) - Using callQueue: class java.util.concurrent.LinkedBlockingQueue, queueCapacity: 2000, scheduler: class org.apache.hadoop.ipc.DefaultRpcScheduler, ipcBackoff: false.
2021-12-06 20:42:51,421 [Socket Reader #1 for port 0] INFO  ipc.Server (Server.java:run(1265)) - Starting Socket Reader #1 for port 0
2021-12-06 20:42:51,485 [Listener at 0.0.0.0/40089] INFO  algorithms.ContainerPlacementPolicyFactory (ContainerPlacementPolicyFactory.java:getPolicy(60)) - Create container placement policy of type org.apache.hadoop.hdds.scm.container.placement.algorithms.SCMContainerPlacementRandom
2021-12-06 20:42:51,496 [Listener at 0.0.0.0/40089] INFO  server.StorageContainerManager (StorageContainerManager.java:<init>(388)) - 
Container Balancer status:
Key                            Value
Running                        false
Container Balancer Configuration values:
Key                                                Value
Threshold                                          0.1
Max Datanodes to Involve per Iteration(ratio)      0.2
Max Size to Move per Iteration                     30GB
Max Size Entering Target per Iteration             1GB
Max Size Leaving Source per Iteration              1GB

2021-12-06 20:42:51,496 [Listener at 0.0.0.0/40089] WARN  events.EventQueue (EventQueue.java:fireEvent(194)) - No event handler registered for event TypedEvent{payloadType=SafeModeStatus, name='Safe mode status'}
2021-12-06 20:42:51,496 [Listener at 0.0.0.0/40089] INFO  ha.SCMContext (SCMContext.java:updateSafeModeStatus(211)) - Update SafeModeStatus from SafeModeStatus{safeModeStatus=true, preCheckPassed=false} to SafeModeStatus{safeModeStatus=true, preCheckPassed=false}.
2021-12-06 20:42:51,499 [Listener at 0.0.0.0/40089] INFO  server.StorageContainerManager (StorageContainerManager.java:start(1303)) - StorageContainerLocationProtocol RPC server is listening at /0.0.0.0:40089
2021-12-06 20:42:51,568 [Listener at 0.0.0.0/40089] WARN  impl.MetricsConfig (MetricsConfig.java:loadFirst(136)) - Cannot locate configuration: tried hadoop-metrics2-storagecontainermanager.properties,hadoop-metrics2.properties
2021-12-06 20:42:51,589 [Listener at 0.0.0.0/40089] INFO  impl.MetricsSystemImpl (MetricsSystemImpl.java:startTimer(378)) - Scheduled Metric snapshot period at 10 second(s).
2021-12-06 20:42:51,589 [Listener at 0.0.0.0/40089] INFO  impl.MetricsSystemImpl (MetricsSystemImpl.java:start(191)) - StorageContainerManager metrics system started
2021-12-06 20:42:51,931 [Listener at 0.0.0.0/40089] INFO  server.SCMClientProtocolServer (SCMClientProtocolServer.java:start(164)) - RPC server for Client  is listening at /0.0.0.0:40089
2021-12-06 20:42:51,935 [IPC Server Responder] INFO  ipc.Server (Server.java:run(1507)) - IPC Server Responder: starting
2021-12-06 20:42:51,937 [IPC Server listener on 0] INFO  ipc.Server (Server.java:run(1344)) - IPC Server listener on 0: starting
2021-12-06 20:42:51,944 [Listener at 0.0.0.0/40089] INFO  server.StorageContainerManager (StorageContainerManager.java:start(1318)) - ScmBlockLocationProtocol RPC server is listening at /0.0.0.0:40697
2021-12-06 20:42:51,945 [Listener at 0.0.0.0/40089] INFO  server.SCMBlockProtocolServer (SCMBlockProtocolServer.java:start(151)) - RPC server for Block Protocol is listening at /0.0.0.0:40697
2021-12-06 20:42:51,946 [IPC Server Responder] INFO  ipc.Server (Server.java:run(1507)) - IPC Server Responder: starting
2021-12-06 20:42:51,946 [IPC Server listener on 0] INFO  ipc.Server (Server.java:run(1344)) - IPC Server listener on 0: starting
2021-12-06 20:42:51,950 [Listener at 0.0.0.0/40089] INFO  server.StorageContainerManager (StorageContainerManager.java:start(1324)) - ScmDatanodeProtocl RPC server is listening at /0.0.0.0:34613
2021-12-06 20:42:51,950 [Listener at 0.0.0.0/40089] INFO  server.SCMDatanodeProtocolServer (SCMDatanodeProtocolServer.java:start(181)) - RPC server for DataNodes is listening at /0.0.0.0:34613
2021-12-06 20:42:51,951 [IPC Server Responder] INFO  ipc.Server (Server.java:run(1507)) - IPC Server Responder: starting
2021-12-06 20:42:51,952 [IPC Server listener on 0] INFO  ipc.Server (Server.java:run(1344)) - IPC Server listener on 0: starting
2021-12-06 20:42:51,977 [org.apache.hadoop.util.JvmPauseMonitor$Monitor@56976b8b] INFO  util.JvmPauseMonitor (JvmPauseMonitor.java:run(188)) - Starting JVM pause monitor
2021-12-06 20:42:51,985 [Listener at 0.0.0.0/40089] INFO  http.BaseHttpServer (BaseHttpServer.java:newHttpServer2BuilderForOzone(209)) - Starting Web-server for scm at: http://0.0.0.0:0
2021-12-06 20:42:51,985 [Listener at 0.0.0.0/40089] INFO  http.BaseHttpServer (BaseHttpServer.java:<init>(107)) - Hadoop Security Enabled: false Ozone Security Enabled: false Ozone HTTP Security Enabled: false 
2021-12-06 20:42:52,013 [Listener at 0.0.0.0/40089] INFO  util.log (Log.java:initialized(170)) - Logging initialized @4314ms to org.eclipse.jetty.util.log.Slf4jLog
2021-12-06 20:42:52,129 [Listener at 0.0.0.0/40089] INFO  server.AuthenticationFilter (AuthenticationFilter.java:constructSecretProvider(240)) - Unable to initialize FileSignerSecretProvider, falling back to use random secrets.
2021-12-06 20:42:52,134 [Listener at 0.0.0.0/40089] WARN  http.HttpRequestLog (HttpRequestLog.java:getRequestLog(103)) - Jetty request log can only be enabled using Log4j
2021-12-06 20:42:52,144 [Listener at 0.0.0.0/40089] INFO  http.HttpServer2 (HttpServer2.java:addGlobalFilter(1030)) - Added global filter 'safety' (class=org.apache.hadoop.hdds.server.http.HttpServer2$QuotingInputFilter)
2021-12-06 20:42:52,146 [Listener at 0.0.0.0/40089] INFO  http.HttpServer2 (HttpServer2.java:addFilter(1006)) - Added filter static_user_filter (class=org.apache.hadoop.http.lib.StaticUserWebFilter$StaticUserFilter) to context scm
2021-12-06 20:42:52,147 [Listener at 0.0.0.0/40089] INFO  http.HttpServer2 (HttpServer2.java:addFilter(1014)) - Added filter static_user_filter (class=org.apache.hadoop.http.lib.StaticUserWebFilter$StaticUserFilter) to context logs
2021-12-06 20:42:52,147 [Listener at 0.0.0.0/40089] INFO  http.HttpServer2 (HttpServer2.java:addFilter(1014)) - Added filter static_user_filter (class=org.apache.hadoop.http.lib.StaticUserWebFilter$StaticUserFilter) to context static
2021-12-06 20:42:52,192 [Listener at 0.0.0.0/40089] INFO  http.HttpServer2 (HttpServer2.java:bindListener(1249)) - Jetty bound to port 46563
2021-12-06 20:42:52,193 [Listener at 0.0.0.0/40089] INFO  server.Server (Server.java:doStart(375)) - jetty-9.4.43.v20210629; built: 2021-06-30T11:07:22.254Z; git: 526006ecfa3af7f1a27ef3a288e2bef7ea9dd7e8; jvm 1.8.0_292-b10
2021-12-06 20:42:52,227 [Listener at 0.0.0.0/40089] INFO  server.session (DefaultSessionIdManager.java:doStart(334)) - DefaultSessionIdManager workerName=node0
2021-12-06 20:42:52,227 [Listener at 0.0.0.0/40089] INFO  server.session (DefaultSessionIdManager.java:doStart(339)) - No SessionScavenger set, using defaults
2021-12-06 20:42:52,229 [Listener at 0.0.0.0/40089] INFO  server.session (HouseKeeper.java:startScavenging(132)) - node0 Scavenging every 660000ms
2021-12-06 20:42:52,242 [Listener at 0.0.0.0/40089] INFO  handler.ContextHandler (ContextHandler.java:doStart(915)) - Started o.e.j.s.ServletContextHandler@299ddfff{logs,/logs,file:///home/runner/work/ozone/ozone/hadoop-ozone/integration-test/target/log,AVAILABLE}
2021-12-06 20:42:52,242 [Listener at 0.0.0.0/40089] INFO  handler.ContextHandler (ContextHandler.java:doStart(915)) - Started o.e.j.s.ServletContextHandler@1504b493{static,/static,file:///home/runner/work/ozone/ozone/hadoop-ozone/integration-test/target/test-classes/webapps/static,AVAILABLE}
2021-12-06 20:42:52,286 [Listener at 0.0.0.0/40089] INFO  handler.ContextHandler (ContextHandler.java:doStart(915)) - Started o.e.j.w.WebAppContext@1cc81ea1{scm,/,file:///home/runner/work/ozone/ozone/hadoop-ozone/integration-test/target/test-classes/webapps/scm/,AVAILABLE}{file:/home/runner/work/ozone/ozone/hadoop-ozone/integration-test/target/test-classes/webapps/scm}
2021-12-06 20:42:52,295 [Listener at 0.0.0.0/40089] INFO  server.AbstractConnector (AbstractConnector.java:doStart(331)) - Started ServerConnector@3ac326c0{HTTP/1.1, (http/1.1)}{0.0.0.0:46563}
2021-12-06 20:42:52,296 [Listener at 0.0.0.0/40089] INFO  server.Server (Server.java:doStart(415)) - Started @4597ms
2021-12-06 20:42:52,299 [Listener at 0.0.0.0/40089] INFO  impl.MetricsSinkAdapter (MetricsSinkAdapter.java:start(204)) - Sink prometheus started
2021-12-06 20:42:52,300 [Listener at 0.0.0.0/40089] INFO  impl.MetricsSystemImpl (MetricsSystemImpl.java:registerSink(305)) - Registered sink prometheus
2021-12-06 20:42:52,301 [Listener at 0.0.0.0/40089] INFO  http.BaseHttpServer (BaseHttpServer.java:updateConnectorAddress(329)) - HTTP server of scm listening at http://0.0.0.0:46563
2021-12-06 20:42:52,397 [Listener at 0.0.0.0/40089] INFO  ha.OMHANodeDetails (OMHANodeDetails.java:loadOMHAConfig(118)) - ServiceID for OzoneManager is om-service-test1
2021-12-06 20:42:52,403 [Listener at 0.0.0.0/40089] INFO  ha.OMHANodeDetails (OMHANodeDetails.java:loadOMHAConfig(192)) - Found matching OM address with OMServiceId: om-service-test1, OMNodeId: omNode-1, RPC Address: localhost:10932 and Ratis port: 10936
2021-12-06 20:42:52,404 [Listener at 0.0.0.0/40089] INFO  ha.OMHANodeDetails (ConfUtils.java:setNodeSpecificConfigs(108)) - Setting configuration key ozone.om.http-address with value of key ozone.om.http-address.om-service-test1.omNode-1: 127.0.0.1:10934
2021-12-06 20:42:52,404 [Listener at 0.0.0.0/40089] INFO  ha.OMHANodeDetails (ConfUtils.java:setNodeSpecificConfigs(108)) - Setting configuration key ozone.om.https-address with value of key ozone.om.https-address.om-service-test1.omNode-1: 127.0.0.1:10935
2021-12-06 20:42:52,404 [Listener at 0.0.0.0/40089] INFO  ha.OMHANodeDetails (ConfUtils.java:setNodeSpecificConfigs(108)) - Setting configuration key ozone.om.address with value of key ozone.om.address.om-service-test1.omNode-1: 127.0.0.1:10932
2021-12-06 20:42:52,404 [Listener at 0.0.0.0/40089] WARN  server.ServerUtils (ServerUtils.java:getDBPath(225)) - ozone.om.db.dirs is not configured. We recommend adding this setting. Falling back to ozone.metadata.dirs instead.
OM initialization succeeded.Current cluster id for sd=/home/runner/work/ozone/ozone/hadoop-ozone/integration-test/target/test-dir/MiniOzoneClusterImpl-1f2ada2d-a189-4e3f-a934-1db8589ac524/omNode-1/om;cid=1f2ada2d-a189-4e3f-a934-1db8589ac524;layoutVersion=0
2021-12-06 20:42:52,695 [Listener at 0.0.0.0/40089] INFO  ha.OMHANodeDetails (OMHANodeDetails.java:loadOMHAConfig(118)) - ServiceID for OzoneManager is om-service-test1
2021-12-06 20:42:52,696 [Listener at 0.0.0.0/40089] INFO  ha.OMHANodeDetails (OMHANodeDetails.java:loadOMHAConfig(192)) - Found matching OM address with OMServiceId: om-service-test1, OMNodeId: omNode-1, RPC Address: localhost:10932 and Ratis port: 10936
2021-12-06 20:42:52,696 [Listener at 0.0.0.0/40089] INFO  ha.OMHANodeDetails (ConfUtils.java:setNodeSpecificConfigs(108)) - Setting configuration key ozone.om.http-address with value of key ozone.om.http-address.om-service-test1.omNode-1: 127.0.0.1:10934
2021-12-06 20:42:52,696 [Listener at 0.0.0.0/40089] INFO  ha.OMHANodeDetails (ConfUtils.java:setNodeSpecificConfigs(108)) - Setting configuration key ozone.om.https-address with value of key ozone.om.https-address.om-service-test1.omNode-1: 127.0.0.1:10935
2021-12-06 20:42:52,696 [Listener at 0.0.0.0/40089] INFO  ha.OMHANodeDetails (ConfUtils.java:setNodeSpecificConfigs(108)) - Setting configuration key ozone.om.address with value of key ozone.om.address.om-service-test1.omNode-1: 127.0.0.1:10932
2021-12-06 20:42:52,696 [Listener at 0.0.0.0/40089] WARN  server.ServerUtils (ServerUtils.java:getDBPath(225)) - ozone.om.db.dirs is not configured. We recommend adding this setting. Falling back to ozone.metadata.dirs instead.
2021-12-06 20:42:52,698 [Listener at 0.0.0.0/40089] INFO  upgrade.AbstractLayoutVersionManager (AbstractLayoutVersionManager.java:init(79)) - Initializing Layout version manager with metadata layout = INITIAL_VERSION (version = 0), software layout = INITIAL_VERSION (version = 0)
2021-12-06 20:42:52,756 [Listener at 0.0.0.0/40089] INFO  reflections.Reflections (Reflections.java:scan(232)) - Reflections took 53 ms to scan 2 urls, producing 132 keys and 344 values [using 2 cores]
2021-12-06 20:42:52,762 [Listener at 0.0.0.0/40089] INFO  upgrade.OMLayoutVersionManager (OMLayoutVersionManager.java:lambda$0(115)) - Skipping Upgrade Action MockOmUpgradeAction since it has been finalized.
2021-12-06 20:42:52,763 [Listener at 0.0.0.0/40089] WARN  server.ServerUtils (ServerUtils.java:getDBPath(225)) - ozone.om.db.dirs is not configured. We recommend adding this setting. Falling back to ozone.metadata.dirs instead.
2021-12-06 20:42:52,922 [Listener at 0.0.0.0/40089] WARN  server.ServerUtils (ServerUtils.java:getDBPath(225)) - ozone.om.db.dirs is not configured. We recommend adding this setting. Falling back to ozone.metadata.dirs instead.
2021-12-06 20:42:52,930 [Listener at 0.0.0.0/40089] INFO  codec.OmKeyInfoCodec (OmKeyInfoCodec.java:<init>(50)) - OmKeyInfoCodec ignorePipeline = true
2021-12-06 20:42:52,933 [Listener at 0.0.0.0/40089] INFO  codec.RepeatedOmKeyInfoCodec (RepeatedOmKeyInfoCodec.java:<init>(42)) - RepeatedOmKeyInfoCodec ignorePipeline = true
2021-12-06 20:42:53,155 [Listener at 0.0.0.0/40089] INFO  om.OzoneManager (OzoneManager.java:addS3GVolumeToDB(3671)) - Created Volume s3v With Owner runner required for S3Gateway operations.
2021-12-06 20:42:53,198 [Listener at 0.0.0.0/40089] WARN  server.ServerUtils (ServerUtils.java:getDefaultRatisDirectory(237)) - Storage directory for Ratis is not configured. It is a good idea to map this to an SSD disk. Falling back to ozone.metadata.dirs
2021-12-06 20:42:53,198 [Listener at 0.0.0.0/40089] WARN  utils.OzoneManagerRatisUtils (OzoneManagerRatisUtils.java:getOMRatisSnapshotDirectory(323)) - ozone.om.ratis.snapshot.dir is not configured. Falling back to ozone.metadata.dirs config
2021-12-06 20:42:53,209 [Listener at 0.0.0.0/40089] INFO  snapshot.OzoneManagerSnapshotProvider (OzoneManagerSnapshotProvider.java:<init>(76)) - Initializing OM Snapshot Provider
2021-12-06 20:42:53,309 [Listener at 0.0.0.0/40089] WARN  server.ServerUtils (ServerUtils.java:getDefaultRatisDirectory(237)) - Storage directory for Ratis is not configured. It is a good idea to map this to an SSD disk. Falling back to ozone.metadata.dirs
2021-12-06 20:42:53,338 [Listener at 0.0.0.0/40089] INFO  ratis.OzoneManagerRatisServer (OzoneManagerRatisServer.java:<init>(159)) - Instantiating OM Ratis server with groupID: om-service-test1 and peers: localhost:10936, localhost:10948, localhost:10942
2021-12-06 20:42:53,347 [Listener at 0.0.0.0/40089] INFO  ratis.OzoneManagerStateMachine (OzoneManagerStateMachine.java:loadSnapshotInfoFromDB(605)) - LastAppliedIndex is set from TransactionInfo from OM DB as (t:0, i:~)
2021-12-06 20:42:53,381 [Listener at 0.0.0.0/40089] INFO  server.RaftServer (ConfUtils.java:logGet(44)) - raft.rpc.type = GRPC (default)
2021-12-06 20:42:53,468 [Listener at 0.0.0.0/40089] INFO  grpc.GrpcFactory (GrpcFactory.java:checkPooledByteBufAllocatorUseCacheForAllThreads(48)) - PERFORMANCE WARNING: useCacheForAllThreads is true that may cause Netty to create a lot garbage objects and, as a result, trigger GC.
	It is recommended to disable useCacheForAllThreads by setting -Dorg.apache.ratis.thirdparty.io.netty.allocator.useCacheForAllThreads=false in command line.
2021-12-06 20:42:53,473 [Listener at 0.0.0.0/40089] INFO  grpc.GrpcConfigKeys (ConfUtils.java:logGet(44)) - raft.grpc.admin.port = -1 (default)
2021-12-06 20:42:53,474 [Listener at 0.0.0.0/40089] INFO  grpc.GrpcConfigKeys (ConfUtils.java:logGet(44)) - raft.grpc.server.port = 10936 (custom)
2021-12-06 20:42:53,475 [Listener at 0.0.0.0/40089] INFO  grpc.GrpcConfigKeys (ConfUtils.java:logGet(44)) - raft.grpc.client.port = -1 (default)
2021-12-06 20:42:53,475 [Listener at 0.0.0.0/40089] INFO  grpc.GrpcConfigKeys (ConfUtils.java:logGet(44)) - raft.grpc.server.port = 10936 (custom)
2021-12-06 20:42:53,475 [Listener at 0.0.0.0/40089] INFO  grpc.GrpcConfigKeys (ConfUtils.java:logGet(44)) - raft.grpc.server.port = 10936 (custom)
2021-12-06 20:42:53,476 [Listener at 0.0.0.0/40089] INFO  server.GrpcService (ConfUtils.java:logGet(44)) - raft.grpc.message.size.max = 33554432 (custom)
2021-12-06 20:42:53,477 [Listener at 0.0.0.0/40089] INFO  server.RaftServerConfigKeys (ConfUtils.java:logGet(44)) - raft.server.log.appender.buffer.byte-limit = 33554432 (custom)
2021-12-06 20:42:53,478 [Listener at 0.0.0.0/40089] INFO  server.GrpcService (ConfUtils.java:logGet(44)) - raft.grpc.flow.control.window = 1MB (=1048576) (default)
2021-12-06 20:42:53,478 [Listener at 0.0.0.0/40089] INFO  server.RaftServerConfigKeys (ConfUtils.java:logGet(44)) - raft.server.rpc.request.timeout = 3000ms (default)
2021-12-06 20:42:53,801 [Listener at 0.0.0.0/40089] INFO  impl.DataStreamServerImpl (ConfUtils.java:logGet(44)) - raft.datastream.type = DISABLED (default)
2021-12-06 20:42:53,803 [Listener at 0.0.0.0/40089] INFO  server.RaftServerConfigKeys (ConfUtils.java:logGet(44)) - raft.server.rpc.slowness.timeout = 2s (custom)
2021-12-06 20:42:53,804 [Listener at 0.0.0.0/40089] INFO  server.RaftServerConfigKeys (ConfUtils.java:logGet(44)) - raft.server.leaderelection.leader.step-down.wait-time = 10s (default)
2021-12-06 20:42:53,820 [Listener at 0.0.0.0/40089] INFO  server.RaftServerConfigKeys (ConfUtils.java:logGet(44)) - raft.server.storage.dir = [/home/runner/work/ozone/ozone/hadoop-ozone/integration-test/target/test-dir/MiniOzoneClusterImpl-1f2ada2d-a189-4e3f-a934-1db8589ac524/omNode-1/ratis] (custom)
2021-12-06 20:42:53,830 [Listener at 0.0.0.0/40089] INFO  server.RaftServer (RaftServerProxy.java:addNew(95)) - omNode-1: addNew group-523986131536:[omNode-3|rpc:localhost:10948|priority:0, omNode-1|rpc:localhost:10936|priority:0, omNode-2|rpc:localhost:10942|priority:0] returns group-523986131536:java.util.concurrent.CompletableFuture@f4ecbbf[Not completed]
2021-12-06 20:42:53,830 [Listener at 0.0.0.0/40089] INFO  om.OzoneManager (OzoneManager.java:initializeRatisServer(1776)) - OzoneManager Ratis server initialized at port 10936
2021-12-06 20:42:53,848 [Listener at 0.0.0.0/40089] INFO  ipc.CallQueueManager (CallQueueManager.java:<init>(90)) - Using callQueue: class java.util.concurrent.LinkedBlockingQueue, queueCapacity: 2000, scheduler: class org.apache.hadoop.ipc.DefaultRpcScheduler, ipcBackoff: false.
2021-12-06 20:42:53,848 [Socket Reader #1 for port 10932] INFO  ipc.Server (Server.java:run(1265)) - Starting Socket Reader #1 for port 10932
2021-12-06 20:42:53,871 [pool-39-thread-1] INFO  server.RaftServer$Division (RaftServerImpl.java:<init>(184)) - omNode-1: new RaftServerImpl for group-523986131536:[omNode-3|rpc:localhost:10948|priority:0, omNode-1|rpc:localhost:10936|priority:0, omNode-2|rpc:localhost:10942|priority:0] with OzoneManagerStateMachine:uninitialized
2021-12-06 20:42:53,873 [pool-39-thread-1] INFO  server.RaftServerConfigKeys (ConfUtils.java:logGet(44)) - raft.server.rpc.timeout.min = 1s (custom)
2021-12-06 20:42:53,883 [pool-39-thread-1] INFO  server.RaftServerConfigKeys (ConfUtils.java:logGet(44)) - raft.server.rpc.timeout.max = 1200ms (custom)
2021-12-06 20:42:53,884 [pool-39-thread-1] INFO  server.RaftServerConfigKeys (ConfUtils.java:logGet(44)) - raft.server.rpc.sleep.time = 25ms (default)
2021-12-06 20:42:53,884 [pool-39-thread-1] INFO  server.RaftServerConfigKeys (ConfUtils.java:logGet(44)) - raft.server.rpc.slowness.timeout = 2s (custom)
2021-12-06 20:42:53,884 [pool-39-thread-1] INFO  server.RaftServerConfigKeys (ConfUtils.java:logGet(44)) - raft.server.leaderelection.leader.step-down.wait-time = 10s (default)
2021-12-06 20:42:53,884 [pool-39-thread-1] INFO  server.RaftServerConfigKeys (ConfUtils.java:logGet(44)) - raft.server.sleep.deviation.threshold = 300ms (default)
2021-12-06 20:42:53,884 [pool-39-thread-1] INFO  server.RaftServerConfigKeys (ConfUtils.java:logGet(44)) - raft.server.log.appender.install.snapshot.enabled = false (custom)
2021-12-06 20:42:53,897 [pool-39-thread-1] INFO  server.RaftServer$Division (ServerState.java:<init>(105)) - omNode-1@group-523986131536: ConfigurationManager, init=-1: [omNode-3|rpc:localhost:10948|priority:0, omNode-1|rpc:localhost:10936|priority:0, omNode-2|rpc:localhost:10942|priority:0], old=null, confs=<EMPTY_MAP>
2021-12-06 20:42:53,897 [Listener at 127.0.0.1/10932] INFO  om.OzoneManager (OzoneManager.java:initFSOLayout(3848)) - Configured ozone.om.metadata.layout=SIMPLE and disabled optimized OM FS operations
2021-12-06 20:42:53,899 [Listener at 127.0.0.1/10932] INFO  impl.MetricsSystemImpl (MetricsSystemImpl.java:init(158)) - OzoneManager metrics system started (again)
2021-12-06 20:42:53,907 [pool-39-thread-1] INFO  server.RaftServerConfigKeys (ConfUtils.java:logGet(44)) - raft.server.storage.dir = [/home/runner/work/ozone/ozone/hadoop-ozone/integration-test/target/test-dir/MiniOzoneClusterImpl-1f2ada2d-a189-4e3f-a934-1db8589ac524/omNode-1/ratis] (custom)
2021-12-06 20:42:53,912 [pool-39-thread-1] INFO  server.RaftServerConfigKeys (ConfUtils.java:logGet(44)) - raft.server.log.corruption.policy = EXCEPTION (default)
2021-12-06 20:42:53,912 [pool-39-thread-1] INFO  server.RaftServerConfigKeys (ConfUtils.java:logGet(44)) - raft.server.storage.free-space.min = 0MB (=0) (default)
2021-12-06 20:42:53,914 [pool-39-thread-1] INFO  storage.RaftStorageDirectory (RaftStorageDirectoryImpl.java:analyzeStorage(135)) - The storage directory /home/runner/work/ozone/ozone/hadoop-ozone/integration-test/target/test-dir/MiniOzoneClusterImpl-1f2ada2d-a189-4e3f-a934-1db8589ac524/omNode-1/ratis/c9bc4cf4-3bc3-3c60-a66b-523986131536 does not exist. Creating ...
2021-12-06 20:42:53,926 [Listener at 127.0.0.1/10932] INFO  om.OzoneManager (OzoneManager.java:start(1370)) - OzoneManager RPC server is listening at localhost/127.0.0.1:10932
2021-12-06 20:42:53,927 [pool-39-thread-1] INFO  storage.RaftStorageDirectory (RaftStorageDirectoryImpl.java:tryLock(230)) - Lock on /home/runner/work/ozone/ozone/hadoop-ozone/integration-test/target/test-dir/MiniOzoneClusterImpl-1f2ada2d-a189-4e3f-a934-1db8589ac524/omNode-1/ratis/c9bc4cf4-3bc3-3c60-a66b-523986131536/in_use.lock acquired by nodename 13770@fv-az151-352
2021-12-06 20:42:53,933 [Listener at 127.0.0.1/10932] INFO  ratis.OzoneManagerRatisServer (OzoneManagerRatisServer.java:start(516)) - Starting OzoneManagerRatisServer omNode-1 at port 10936
2021-12-06 20:42:53,936 [pool-39-thread-1] INFO  storage.RaftStorage (RaftStorageImpl.java:format(89)) - Storage directory /home/runner/work/ozone/ozone/hadoop-ozone/integration-test/target/test-dir/MiniOzoneClusterImpl-1f2ada2d-a189-4e3f-a934-1db8589ac524/omNode-1/ratis/c9bc4cf4-3bc3-3c60-a66b-523986131536 has been successfully formatted.
2021-12-06 20:42:53,938 [pool-39-thread-1] INFO  server.RaftServerConfigKeys (ConfUtils.java:logGet(44)) - raft.server.notification.no-leader.timeout = 2s (custom)
2021-12-06 20:42:53,940 [pool-39-thread-1] INFO  server.RaftServerConfigKeys (ConfUtils.java:logGet(44)) - raft.server.log.use.memory = false (default)
2021-12-06 20:42:53,949 [pool-39-thread-1] INFO  server.RaftServerConfigKeys (ConfUtils.java:logGet(44)) - raft.server.log.purge.gap = 50 (custom)
2021-12-06 20:42:53,949 [pool-39-thread-1] INFO  server.RaftServerConfigKeys (ConfUtils.java:logGet(44)) - raft.server.log.appender.buffer.byte-limit = 33554432 (custom)
2021-12-06 20:42:53,962 [pool-39-thread-1] INFO  server.RaftServerConfigKeys (ConfUtils.java:logGet(44)) - raft.server.log.segment.size.max = 4194304 (custom)
2021-12-06 20:42:53,969 [pool-39-thread-1] INFO  server.RaftServerConfigKeys (ConfUtils.java:logGet(44)) - raft.server.log.segment.cache.num.max = 2 (custom)
2021-12-06 20:42:53,970 [pool-39-thread-1] INFO  server.RaftServerConfigKeys (ConfUtils.java:logGet(44)) - raft.server.log.segment.cache.size.max = 200MB (=209715200) (default)
2021-12-06 20:42:53,976 [pool-39-thread-1] INFO  segmented.SegmentedRaftLogWorker (SegmentedRaftLogWorker.java:<init>(182)) - new omNode-1@group-523986131536-SegmentedRaftLogWorker for RaftStorageImpl:Storage Directory /home/runner/work/ozone/ozone/hadoop-ozone/integration-test/target/test-dir/MiniOzoneClusterImpl-1f2ada2d-a189-4e3f-a934-1db8589ac524/omNode-1/ratis/c9bc4cf4-3bc3-3c60-a66b-523986131536
2021-12-06 20:42:53,977 [pool-39-thread-1] INFO  server.RaftServerConfigKeys (ConfUtils.java:logGet(44)) - raft.server.log.queue.byte-limit = 64MB (=67108864) (default)
2021-12-06 20:42:53,977 [pool-39-thread-1] INFO  server.RaftServerConfigKeys (ConfUtils.java:logGet(44)) - raft.server.log.queue.element-limit = 4096 (default)
2021-12-06 20:42:53,978 [pool-39-thread-1] INFO  server.RaftServerConfigKeys (ConfUtils.java:logGet(44)) - raft.server.log.segment.size.max = 4194304 (custom)
2021-12-06 20:42:53,978 [pool-39-thread-1] INFO  server.RaftServerConfigKeys (ConfUtils.java:logGet(44)) - raft.server.log.preallocated.size = 4194304 (custom)
2021-12-06 20:42:53,979 [pool-39-thread-1] INFO  server.RaftServerConfigKeys (ConfUtils.java:logGet(44)) - raft.server.log.force.sync.num = 128 (default)
2021-12-06 20:42:53,980 [pool-39-thread-1] INFO  server.RaftServerConfigKeys (ConfUtils.java:logGet(44)) - raft.server.log.statemachine.data.sync = true (default)
2021-12-06 20:42:53,980 [pool-39-thread-1] INFO  server.RaftServerConfigKeys (ConfUtils.java:logGet(44)) - raft.server.log.statemachine.data.sync.timeout = 10s (default)
2021-12-06 20:42:53,981 [pool-39-thread-1] INFO  server.RaftServerConfigKeys (ConfUtils.java:logGet(44)) - raft.server.log.statemachine.data.sync.timeout.retry = -1 (default)
2021-12-06 20:42:53,989 [pool-39-thread-1] INFO  server.RaftServerConfigKeys (ConfUtils.java:logGet(44)) - raft.server.log.write.buffer.size = 64KB (=65536) (default)
2021-12-06 20:42:53,990 [pool-39-thread-1] INFO  server.RaftServerConfigKeys (ConfUtils.java:logGet(44)) - raft.server.log.statemachine.data.caching.enabled = false (default)
2021-12-06 20:42:53,996 [pool-39-thread-1] INFO  segmented.SegmentedRaftLogWorker (SegmentedRaftLogWorker.java:lambda$new$0(133)) - omNode-1@group-523986131536-SegmentedRaftLogWorker: flushIndex: setUnconditionally 0 -> -1
2021-12-06 20:42:53,996 [pool-39-thread-1] INFO  segmented.SegmentedRaftLogWorker (SegmentedRaftLogWorker.java:lambda$new$0(133)) - omNode-1@group-523986131536-SegmentedRaftLogWorker: safeCacheEvictIndex: setUnconditionally 0 -> -1
2021-12-06 20:42:54,002 [pool-39-thread-1] INFO  server.RaftServerConfigKeys (ConfUtils.java:logGet(44)) - raft.server.snapshot.auto.trigger.enabled = true (custom)
2021-12-06 20:42:54,003 [pool-39-thread-1] INFO  server.RaftServerConfigKeys (ConfUtils.java:logGet(44)) - raft.server.snapshot.auto.trigger.threshold = 50 (custom)
2021-12-06 20:42:54,003 [pool-39-thread-1] INFO  server.RaftServerConfigKeys (ConfUtils.java:logGet(44)) - raft.server.snapshot.retention.file.num = -1 (default)
2021-12-06 20:42:54,004 [pool-39-thread-1] INFO  server.RaftServerConfigKeys (ConfUtils.java:logGet(44)) - raft.server.log.purge.upto.snapshot.index = true (custom)
2021-12-06 20:42:54,005 [pool-39-thread-1] INFO  server.RaftServerConfigKeys (ConfUtils.java:logGet(44)) - raft.server.retrycache.expirytime = 30000ms (custom)
2021-12-06 20:42:54,005 [pool-39-thread-1] INFO  server.RaftServerConfigKeys (ConfUtils.java:logGet(44)) - raft.server.retrycache.statistics.expirytime = 100μs (default)
2021-12-06 20:42:54,048 [Listener at 127.0.0.1/10932] INFO  server.RaftServer$Division (RaftServerImpl.java:start(301)) - omNode-1@group-523986131536: start as a follower, conf=-1: [omNode-3|rpc:localhost:10948|priority:0, omNode-1|rpc:localhost:10936|priority:0, omNode-2|rpc:localhost:10942|priority:0], old=null
2021-12-06 20:42:54,053 [Listener at 127.0.0.1/10932] INFO  server.RaftServer$Division (RaftServerImpl.java:setRole(290)) - omNode-1@group-523986131536: changes role from      null to FOLLOWER at term 0 for startAsFollower
2021-12-06 20:42:54,055 [Listener at 127.0.0.1/10932] INFO  impl.RoleInfo (RoleInfo.java:updateAndGet(130)) - omNode-1: start omNode-1@group-523986131536-FollowerState
2021-12-06 20:42:54,056 [Listener at 127.0.0.1/10932] INFO  util.JmxRegister (JmxRegister.java:tryRegister(44)) - Successfully registered JMX Bean with object name Ratis:service=RaftServer,group=group-523986131536,id=omNode-1
2021-12-06 20:42:54,060 [Listener at 127.0.0.1/10932] INFO  server.RaftServer (RaftServerProxy.java:lambda$start$5(374)) - omNode-1: start RPC server
2021-12-06 20:42:54,126 [Listener at 127.0.0.1/10932] INFO  server.GrpcService (GrpcService.java:startImpl(253)) - omNode-1: GrpcService started, listening on 10936
2021-12-06 20:42:54,128 [Listener at 127.0.0.1/10932] INFO  om.OzoneManager (OzoneManager.java:start(1386)) - Version File has different layout version (0) than OM DB (null). That is expected if this OM has never been finalized to a newer layout version.
2021-12-06 20:42:54,130 [org.apache.ratis.util.JvmPauseMonitor$$Lambda$525/847224871@290db92f] INFO  util.JvmPauseMonitor (JvmPauseMonitor.java:run(103)) - JvmPauseMonitor-omNode-1: Started
2021-12-06 20:42:54,145 [Listener at 127.0.0.1/10932] INFO  http.BaseHttpServer (BaseHttpServer.java:newHttpServer2BuilderForOzone(209)) - Starting Web-server for ozoneManager at: http://0.0.0.0:10934
2021-12-06 20:42:54,145 [Listener at 127.0.0.1/10932] INFO  http.BaseHttpServer (BaseHttpServer.java:<init>(107)) - Hadoop Security Enabled: false Ozone Security Enabled: false Ozone HTTP Security Enabled: false 
2021-12-06 20:42:54,147 [Listener at 127.0.0.1/10932] INFO  server.AuthenticationFilter (AuthenticationFilter.java:constructSecretProvider(240)) - Unable to initialize FileSignerSecretProvider, falling back to use random secrets.
2021-12-06 20:42:54,148 [Listener at 127.0.0.1/10932] WARN  http.HttpRequestLog (HttpRequestLog.java:getRequestLog(103)) - Jetty request log can only be enabled using Log4j
2021-12-06 20:42:54,149 [Listener at 127.0.0.1/10932] INFO  http.HttpServer2 (HttpServer2.java:addGlobalFilter(1030)) - Added global filter 'safety' (class=org.apache.hadoop.hdds.server.http.HttpServer2$QuotingInputFilter)
2021-12-06 20:42:54,150 [Listener at 127.0.0.1/10932] INFO  http.HttpServer2 (HttpServer2.java:addFilter(1006)) - Added filter static_user_filter (class=org.apache.hadoop.http.lib.StaticUserWebFilter$StaticUserFilter) to context ozoneManager
2021-12-06 20:42:54,150 [Listener at 127.0.0.1/10932] INFO  http.HttpServer2 (HttpServer2.java:addFilter(1014)) - Added filter static_user_filter (class=org.apache.hadoop.http.lib.StaticUserWebFilter$StaticUserFilter) to context logs
2021-12-06 20:42:54,150 [Listener at 127.0.0.1/10932] INFO  http.HttpServer2 (HttpServer2.java:addFilter(1014)) - Added filter static_user_filter (class=org.apache.hadoop.http.lib.StaticUserWebFilter$StaticUserFilter) to context static
2021-12-06 20:42:54,152 [Listener at 127.0.0.1/10932] INFO  http.HttpServer2 (HttpServer2.java:bindListener(1249)) - Jetty bound to port 10934
2021-12-06 20:42:54,152 [Listener at 127.0.0.1/10932] INFO  server.Server (Server.java:doStart(375)) - jetty-9.4.43.v20210629; built: 2021-06-30T11:07:22.254Z; git: 526006ecfa3af7f1a27ef3a288e2bef7ea9dd7e8; jvm 1.8.0_292-b10
2021-12-06 20:42:54,159 [Listener at 127.0.0.1/10932] INFO  server.session (DefaultSessionIdManager.java:doStart(334)) - DefaultSessionIdManager workerName=node0
2021-12-06 20:42:54,159 [Listener at 127.0.0.1/10932] INFO  server.session (DefaultSessionIdManager.java:doStart(339)) - No SessionScavenger set, using defaults
2021-12-06 20:42:54,160 [Listener at 127.0.0.1/10932] INFO  server.session (HouseKeeper.java:startScavenging(132)) - node0 Scavenging every 660000ms
2021-12-06 20:42:54,160 [Listener at 127.0.0.1/10932] INFO  handler.ContextHandler (ContextHandler.java:doStart(915)) - Started o.e.j.s.ServletContextHandler@6e0d619b{logs,/logs,file:///home/runner/work/ozone/ozone/hadoop-ozone/integration-test/target/log,AVAILABLE}
2021-12-06 20:42:54,161 [Listener at 127.0.0.1/10932] INFO  handler.ContextHandler (ContextHandler.java:doStart(915)) - Started o.e.j.s.ServletContextHandler@5e7026b9{static,/static,file:///home/runner/work/ozone/ozone/hadoop-ozone/integration-test/target/test-classes/webapps/static,AVAILABLE}
2021-12-06 20:42:54,165 [Listener at 127.0.0.1/10932] INFO  handler.ContextHandler (ContextHandler.java:doStart(915)) - Started o.e.j.w.WebAppContext@7d5caf3{ozoneManager,/,file:///home/runner/work/ozone/ozone/hadoop-ozone/integration-test/target/test-classes/webapps/ozoneManager/,AVAILABLE}{file:/home/runner/work/ozone/ozone/hadoop-ozone/integration-test/target/test-classes/webapps/ozoneManager}
2021-12-06 20:42:54,166 [Listener at 127.0.0.1/10932] INFO  server.AbstractConnector (AbstractConnector.java:doStart(331)) - Started ServerConnector@7834d8ec{HTTP/1.1, (http/1.1)}{0.0.0.0:10934}
2021-12-06 20:42:54,167 [Listener at 127.0.0.1/10932] INFO  server.Server (Server.java:doStart(415)) - Started @6468ms
2021-12-06 20:42:54,167 [Listener at 127.0.0.1/10932] WARN  impl.MetricsSystemImpl (MetricsSystemImpl.java:register(279)) - Sink prometheus already exists!
2021-12-06 20:42:54,167 [Listener at 127.0.0.1/10932] INFO  http.BaseHttpServer (BaseHttpServer.java:updateConnectorAddress(329)) - HTTP server of ozoneManager listening at http://0.0.0.0:10934
2021-12-06 20:42:54,168 [IPC Server Responder] INFO  ipc.Server (Server.java:run(1507)) - IPC Server Responder: starting
2021-12-06 20:42:54,168 [IPC Server listener on 10932] INFO  ipc.Server (Server.java:run(1344)) - IPC Server listener on 10932: starting
2021-12-06 20:42:54,176 [Listener at 127.0.0.1/10932] INFO  om.OzoneManager (OzoneManager.java:startTrashEmptier(1734)) - Trash Interval set to 0. Files deleted will not move to trash
2021-12-06 20:42:54,178 [Listener at 127.0.0.1/10932] INFO  ozone.MiniOzoneHAClusterImpl (MiniOzoneHAClusterImpl.java:createOMService(503)) - Started OzoneManager omNode-1 RPC server at localhost/127.0.0.1:10932
2021-12-06 20:42:54,179 [Listener at 127.0.0.1/10932] INFO  ha.OMHANodeDetails (OMHANodeDetails.java:loadOMHAConfig(118)) - ServiceID for OzoneManager is om-service-test1
2021-12-06 20:42:54,179 [Listener at 127.0.0.1/10932] INFO  ha.OMHANodeDetails (OMHANodeDetails.java:loadOMHAConfig(192)) - Found matching OM address with OMServiceId: om-service-test1, OMNodeId: omNode-2, RPC Address: localhost:10938 and Ratis port: 10942
2021-12-06 20:42:54,180 [Listener at 127.0.0.1/10932] INFO  ha.OMHANodeDetails (ConfUtils.java:setNodeSpecificConfigs(108)) - Setting configuration key ozone.om.http-address with value of key ozone.om.http-address.om-service-test1.omNode-2: 127.0.0.1:10940
2021-12-06 20:42:54,180 [Listener at 127.0.0.1/10932] INFO  ha.OMHANodeDetails (ConfUtils.java:setNodeSpecificConfigs(108)) - Setting configuration key ozone.om.https-address with value of key ozone.om.https-address.om-service-test1.omNode-2: 127.0.0.1:10941
2021-12-06 20:42:54,180 [Listener at 127.0.0.1/10932] INFO  ha.OMHANodeDetails (ConfUtils.java:setNodeSpecificConfigs(108)) - Setting configuration key ozone.om.address with value of key ozone.om.address.om-service-test1.omNode-2: 127.0.0.1:10938
2021-12-06 20:42:54,180 [Listener at 127.0.0.1/10932] WARN  server.ServerUtils (ServerUtils.java:getDBPath(225)) - ozone.om.db.dirs is not configured. We recommend adding this setting. Falling back to ozone.metadata.dirs instead.
2021-12-06 20:42:54,185 [org.apache.hadoop.util.JvmPauseMonitor$Monitor@72da5f0e] INFO  util.JvmPauseMonitor (JvmPauseMonitor.java:run(188)) - Starting JVM pause monitor
OM initialization succeeded.Current cluster id for sd=/home/runner/work/ozone/ozone/hadoop-ozone/integration-test/target/test-dir/MiniOzoneClusterImpl-1f2ada2d-a189-4e3f-a934-1db8589ac524/omNode-2/om;cid=1f2ada2d-a189-4e3f-a934-1db8589ac524;layoutVersion=0
2021-12-06 20:42:54,195 [Listener at 127.0.0.1/10932] INFO  ha.OMHANodeDetails (OMHANodeDetails.java:loadOMHAConfig(118)) - ServiceID for OzoneManager is om-service-test1
2021-12-06 20:42:54,195 [Listener at 127.0.0.1/10932] INFO  ha.OMHANodeDetails (OMHANodeDetails.java:loadOMHAConfig(192)) - Found matching OM address with OMServiceId: om-service-test1, OMNodeId: omNode-2, RPC Address: localhost:10938 and Ratis port: 10942
2021-12-06 20:42:54,195 [Listener at 127.0.0.1/10932] INFO  ha.OMHANodeDetails (ConfUtils.java:setNodeSpecificConfigs(108)) - Setting configuration key ozone.om.http-address with value of key ozone.om.http-address.om-service-test1.omNode-2: 127.0.0.1:10940
2021-12-06 20:42:54,196 [Listener at 127.0.0.1/10932] INFO  ha.OMHANodeDetails (ConfUtils.java:setNodeSpecificConfigs(108)) - Setting configuration key ozone.om.https-address with value of key ozone.om.https-address.om-service-test1.omNode-2: 127.0.0.1:10941
2021-12-06 20:42:54,196 [Listener at 127.0.0.1/10932] INFO  ha.OMHANodeDetails (ConfUtils.java:setNodeSpecificConfigs(108)) - Setting configuration key ozone.om.address with value of key ozone.om.address.om-service-test1.omNode-2: 127.0.0.1:10938
2021-12-06 20:42:54,196 [Listener at 127.0.0.1/10932] WARN  server.ServerUtils (ServerUtils.java:getDBPath(225)) - ozone.om.db.dirs is not configured. We recommend adding this setting. Falling back to ozone.metadata.dirs instead.
2021-12-06 20:42:54,196 [Listener at 127.0.0.1/10932] INFO  upgrade.AbstractLayoutVersionManager (AbstractLayoutVersionManager.java:init(79)) - Initializing Layout version manager with metadata layout = INITIAL_VERSION (version = 0), software layout = INITIAL_VERSION (version = 0)
2021-12-06 20:42:54,248 [Listener at 127.0.0.1/10932] INFO  reflections.Reflections (Reflections.java:scan(232)) - Reflections took 50 ms to scan 2 urls, producing 132 keys and 344 values [using 2 cores]
2021-12-06 20:42:54,249 [Listener at 127.0.0.1/10932] INFO  upgrade.OMLayoutVersionManager (OMLayoutVersionManager.java:lambda$0(115)) - Skipping Upgrade Action MockOmUpgradeAction since it has been finalized.
2021-12-06 20:42:54,249 [Listener at 127.0.0.1/10932] WARN  server.ServerUtils (ServerUtils.java:getDBPath(225)) - ozone.om.db.dirs is not configured. We recommend adding this setting. Falling back to ozone.metadata.dirs instead.
2021-12-06 20:42:54,266 [Listener at 127.0.0.1/10932] WARN  server.ServerUtils (ServerUtils.java:getDBPath(225)) - ozone.om.db.dirs is not configured. We recommend adding this setting. Falling back to ozone.metadata.dirs instead.
2021-12-06 20:42:54,267 [Listener at 127.0.0.1/10932] INFO  codec.OmKeyInfoCodec (OmKeyInfoCodec.java:<init>(50)) - OmKeyInfoCodec ignorePipeline = true
2021-12-06 20:42:54,268 [Listener at 127.0.0.1/10932] INFO  codec.RepeatedOmKeyInfoCodec (RepeatedOmKeyInfoCodec.java:<init>(42)) - RepeatedOmKeyInfoCodec ignorePipeline = true
2021-12-06 20:42:54,398 [Listener at 127.0.0.1/10932] INFO  om.OzoneManager (OzoneManager.java:addS3GVolumeToDB(3671)) - Created Volume s3v With Owner runner required for S3Gateway operations.
2021-12-06 20:42:54,398 [Listener at 127.0.0.1/10932] WARN  server.ServerUtils (ServerUtils.java:getDefaultRatisDirectory(237)) - Storage directory for Ratis is not configured. It is a good idea to map this to an SSD disk. Falling back to ozone.metadata.dirs
2021-12-06 20:42:54,398 [Listener at 127.0.0.1/10932] WARN  utils.OzoneManagerRatisUtils (OzoneManagerRatisUtils.java:getOMRatisSnapshotDirectory(323)) - ozone.om.ratis.snapshot.dir is not configured. Falling back to ozone.metadata.dirs config
2021-12-06 20:42:54,399 [Listener at 127.0.0.1/10932] INFO  snapshot.OzoneManagerSnapshotProvider (OzoneManagerSnapshotProvider.java:<init>(76)) - Initializing OM Snapshot Provider
2021-12-06 20:42:54,404 [Listener at 127.0.0.1/10932] WARN  impl.MetricRegistriesImpl (MetricRegistriesImpl.java:addReporterRegistration(111)) - New reporters are added after registries were created. Some metrics will be missing from the reporter. Please add reporter before adding any new registry.
2021-12-06 20:42:54,404 [Listener at 127.0.0.1/10932] WARN  impl.MetricRegistriesImpl (MetricRegistriesImpl.java:addReporterRegistration(111)) - New reporters are added after registries were created. Some metrics will be missing from the reporter. Please add reporter before adding any new registry.
2021-12-06 20:42:54,404 [Listener at 127.0.0.1/10932] WARN  server.ServerUtils (ServerUtils.java:getDefaultRatisDirectory(237)) - Storage directory for Ratis is not configured. It is a good idea to map this to an SSD disk. Falling back to ozone.metadata.dirs
2021-12-06 20:42:54,406 [Listener at 127.0.0.1/10932] INFO  ratis.OzoneManagerRatisServer (OzoneManagerRatisServer.java:<init>(159)) - Instantiating OM Ratis server with groupID: om-service-test1 and peers: localhost:10942, localhost:10948, localhost:10936
2021-12-06 20:42:54,406 [Listener at 127.0.0.1/10932] INFO  ratis.OzoneManagerStateMachine (OzoneManagerStateMachine.java:loadSnapshotInfoFromDB(605)) - LastAppliedIndex is set from TransactionInfo from OM DB as (t:0, i:~)
2021-12-06 20:42:54,406 [Listener at 127.0.0.1/10932] INFO  server.RaftServer (ConfUtils.java:logGet(44)) - raft.rpc.type = GRPC (default)
2021-12-06 20:42:54,407 [Listener at 127.0.0.1/10932] INFO  grpc.GrpcFactory (GrpcFactory.java:checkPooledByteBufAllocatorUseCacheForAllThreads(48)) - PERFORMANCE WARNING: useCacheForAllThreads is true that may cause Netty to create a lot garbage objects and, as a result, trigger GC.
	It is recommended to disable useCacheForAllThreads by setting -Dorg.apache.ratis.thirdparty.io.netty.allocator.useCacheForAllThreads=false in command line.
2021-12-06 20:42:54,407 [Listener at 127.0.0.1/10932] INFO  grpc.GrpcConfigKeys (ConfUtils.java:logGet(44)) - raft.grpc.admin.port = -1 (default)
2021-12-06 20:42:54,407 [Listener at 127.0.0.1/10932] INFO  grpc.GrpcConfigKeys (ConfUtils.java:logGet(44)) - raft.grpc.server.port = 10942 (custom)
2021-12-06 20:42:54,407 [Listener at 127.0.0.1/10932] INFO  grpc.GrpcConfigKeys (ConfUtils.java:logGet(44)) - raft.grpc.client.port = -1 (default)
2021-12-06 20:42:54,407 [Listener at 127.0.0.1/10932] INFO  grpc.GrpcConfigKeys (ConfUtils.java:logGet(44)) - raft.grpc.server.port = 10942 (custom)
2021-12-06 20:42:54,407 [Listener at 127.0.0.1/10932] INFO  grpc.GrpcConfigKeys (ConfUtils.java:logGet(44)) - raft.grpc.server.port = 10942 (custom)
2021-12-06 20:42:54,408 [Listener at 127.0.0.1/10932] INFO  server.GrpcService (ConfUtils.java:logGet(44)) - raft.grpc.message.size.max = 33554432 (custom)
2021-12-06 20:42:54,408 [Listener at 127.0.0.1/10932] INFO  server.RaftServerConfigKeys (ConfUtils.java:logGet(44)) - raft.server.log.appender.buffer.byte-limit = 33554432 (custom)
2021-12-06 20:42:54,408 [Listener at 127.0.0.1/10932] INFO  server.GrpcService (ConfUtils.java:logGet(44)) - raft.grpc.flow.control.window = 1MB (=1048576) (default)
2021-12-06 20:42:54,408 [Listener at 127.0.0.1/10932] INFO  server.RaftServerConfigKeys (ConfUtils.java:logGet(44)) - raft.server.rpc.request.timeout = 3000ms (default)
2021-12-06 20:42:54,409 [Listener at 127.0.0.1/10932] INFO  impl.DataStreamServerImpl (ConfUtils.java:logGet(44)) - raft.datastream.type = DISABLED (default)
2021-12-06 20:42:54,410 [Listener at 127.0.0.1/10932] INFO  server.RaftServerConfigKeys (ConfUtils.java:logGet(44)) - raft.server.rpc.slowness.timeout = 2s (custom)
2021-12-06 20:42:54,410 [Listener at 127.0.0.1/10932] INFO  server.RaftServerConfigKeys (ConfUtils.java:logGet(44)) - raft.server.leaderelection.leader.step-down.wait-time = 10s (default)
2021-12-06 20:42:54,410 [Listener at 127.0.0.1/10932] INFO  server.RaftServerConfigKeys (ConfUtils.java:logGet(44)) - raft.server.storage.dir = [/home/runner/work/ozone/ozone/hadoop-ozone/integration-test/target/test-dir/MiniOzoneClusterImpl-1f2ada2d-a189-4e3f-a934-1db8589ac524/omNode-2/ratis] (custom)
2021-12-06 20:42:54,411 [Listener at 127.0.0.1/10932] INFO  server.RaftServer (RaftServerProxy.java:addNew(95)) - omNode-2: addNew group-523986131536:[omNode-3|rpc:localhost:10948|priority:0, omNode-1|rpc:localhost:10936|priority:0, omNode-2|rpc:localhost:10942|priority:0] returns group-523986131536:java.util.concurrent.CompletableFuture@32142479[Not completed]
2021-12-06 20:42:54,411 [Listener at 127.0.0.1/10932] INFO  om.OzoneManager (OzoneManager.java:initializeRatisServer(1776)) - OzoneManager Ratis server initialized at port 10942
2021-12-06 20:42:54,413 [Listener at 127.0.0.1/10932] INFO  ipc.CallQueueManager (CallQueueManager.java:<init>(90)) - Using callQueue: class java.util.concurrent.LinkedBlockingQueue, queueCapacity: 2000, scheduler: class org.apache.hadoop.ipc.DefaultRpcScheduler, ipcBackoff: false.
2021-12-06 20:42:54,414 [pool-62-thread-1] INFO  server.RaftServer$Division (RaftServerImpl.java:<init>(184)) - omNode-2: new RaftServerImpl for group-523986131536:[omNode-3|rpc:localhost:10948|priority:0, omNode-1|rpc:localhost:10936|priority:0, omNode-2|rpc:localhost:10942|priority:0] with OzoneManagerStateMachine:uninitialized
2021-12-06 20:42:54,420 [pool-62-thread-1] INFO  server.RaftServerConfigKeys (ConfUtils.java:logGet(44)) - raft.server.rpc.timeout.min = 1s (custom)
2021-12-06 20:42:54,420 [Socket Reader #1 for port 10938] INFO  ipc.Server (Server.java:run(1265)) - Starting Socket Reader #1 for port 10938
2021-12-06 20:42:54,420 [pool-62-thread-1] INFO  server.RaftServerConfigKeys (ConfUtils.java:logGet(44)) - raft.server.rpc.timeout.max = 1200ms (custom)
2021-12-06 20:42:54,422 [pool-62-thread-1] INFO  server.RaftServerConfigKeys (ConfUtils.java:logGet(44)) - raft.server.rpc.sleep.time = 25ms (default)
2021-12-06 20:42:54,422 [pool-62-thread-1] INFO  server.RaftServerConfigKeys (ConfUtils.java:logGet(44)) - raft.server.rpc.slowness.timeout = 2s (custom)
2021-12-06 20:42:54,422 [pool-62-thread-1] INFO  server.RaftServerConfigKeys (ConfUtils.java:logGet(44)) - raft.server.leaderelection.leader.step-down.wait-time = 10s (default)
2021-12-06 20:42:54,422 [pool-62-thread-1] INFO  server.RaftServerConfigKeys (ConfUtils.java:logGet(44)) - raft.server.sleep.deviation.threshold = 300ms (default)
2021-12-06 20:42:54,422 [pool-62-thread-1] INFO  server.RaftServerConfigKeys (ConfUtils.java:logGet(44)) - raft.server.log.appender.install.snapshot.enabled = false (custom)
2021-12-06 20:42:54,422 [pool-62-thread-1] INFO  server.RaftServer$Division (ServerState.java:<init>(105)) - omNode-2@group-523986131536: ConfigurationManager, init=-1: [omNode-3|rpc:localhost:10948|priority:0, omNode-1|rpc:localhost:10936|priority:0, omNode-2|rpc:localhost:10942|priority:0], old=null, confs=<EMPTY_MAP>
2021-12-06 20:42:54,423 [pool-62-thread-1] INFO  server.RaftServerConfigKeys (ConfUtils.java:logGet(44)) - raft.server.storage.dir = [/home/runner/work/ozone/ozone/hadoop-ozone/integration-test/target/test-dir/MiniOzoneClusterImpl-1f2ada2d-a189-4e3f-a934-1db8589ac524/omNode-2/ratis] (custom)
2021-12-06 20:42:54,423 [pool-62-thread-1] INFO  server.RaftServerConfigKeys (ConfUtils.java:logGet(44)) - raft.server.log.corruption.policy = EXCEPTION (default)
2021-12-06 20:42:54,423 [pool-62-thread-1] INFO  server.RaftServerConfigKeys (ConfUtils.java:logGet(44)) - raft.server.storage.free-space.min = 0MB (=0) (default)
2021-12-06 20:42:54,423 [pool-62-thread-1] INFO  storage.RaftStorageDirectory (RaftStorageDirectoryImpl.java:analyzeStorage(135)) - The storage directory /home/runner/work/ozone/ozone/hadoop-ozone/integration-test/target/test-dir/MiniOzoneClusterImpl-1f2ada2d-a189-4e3f-a934-1db8589ac524/omNode-2/ratis/c9bc4cf4-3bc3-3c60-a66b-523986131536 does not exist. Creating ...
2021-12-06 20:42:54,437 [pool-62-thread-1] INFO  storage.RaftStorageDirectory (RaftStorageDirectoryImpl.java:tryLock(230)) - Lock on /home/runner/work/ozone/ozone/hadoop-ozone/integration-test/target/test-dir/MiniOzoneClusterImpl-1f2ada2d-a189-4e3f-a934-1db8589ac524/omNode-2/ratis/c9bc4cf4-3bc3-3c60-a66b-523986131536/in_use.lock acquired by nodename 13770@fv-az151-352
2021-12-06 20:42:54,438 [pool-62-thread-1] INFO  storage.RaftStorage (RaftStorageImpl.java:format(89)) - Storage directory /home/runner/work/ozone/ozone/hadoop-ozone/integration-test/target/test-dir/MiniOzoneClusterImpl-1f2ada2d-a189-4e3f-a934-1db8589ac524/omNode-2/ratis/c9bc4cf4-3bc3-3c60-a66b-523986131536 has been successfully formatted.
2021-12-06 20:42:54,445 [pool-62-thread-1] INFO  server.RaftServerConfigKeys (ConfUtils.java:logGet(44)) - raft.server.notification.no-leader.timeout = 2s (custom)
2021-12-06 20:42:54,446 [pool-62-thread-1] INFO  server.RaftServerConfigKeys (ConfUtils.java:logGet(44)) - raft.server.log.use.memory = false (default)
2021-12-06 20:42:54,446 [pool-62-thread-1] INFO  server.RaftServerConfigKeys (ConfUtils.java:logGet(44)) - raft.server.log.purge.gap = 50 (custom)
2021-12-06 20:42:54,446 [pool-62-thread-1] INFO  server.RaftServerConfigKeys (ConfUtils.java:logGet(44)) - raft.server.log.appender.buffer.byte-limit = 33554432 (custom)
2021-12-06 20:42:54,446 [pool-62-thread-1] INFO  server.RaftServerConfigKeys (ConfUtils.java:logGet(44)) - raft.server.log.segment.size.max = 4194304 (custom)
2021-12-06 20:42:54,447 [pool-62-thread-1] INFO  server.RaftServerConfigKeys (ConfUtils.java:logGet(44)) - raft.server.log.segment.cache.num.max = 2 (custom)
2021-12-06 20:42:54,447 [pool-62-thread-1] INFO  server.RaftServerConfigKeys (ConfUtils.java:logGet(44)) - raft.server.log.segment.cache.size.max = 200MB (=209715200) (default)
2021-12-06 20:42:54,447 [pool-62-thread-1] INFO  segmented.SegmentedRaftLogWorker (SegmentedRaftLogWorker.java:<init>(182)) - new omNode-2@group-523986131536-SegmentedRaftLogWorker for RaftStorageImpl:Storage Directory /home/runner/work/ozone/ozone/hadoop-ozone/integration-test/target/test-dir/MiniOzoneClusterImpl-1f2ada2d-a189-4e3f-a934-1db8589ac524/omNode-2/ratis/c9bc4cf4-3bc3-3c60-a66b-523986131536
2021-12-06 20:42:54,448 [pool-62-thread-1] INFO  server.RaftServerConfigKeys (ConfUtils.java:logGet(44)) - raft.server.log.queue.byte-limit = 64MB (=67108864) (default)
2021-12-06 20:42:54,448 [pool-62-thread-1] INFO  server.RaftServerConfigKeys (ConfUtils.java:logGet(44)) - raft.server.log.queue.element-limit = 4096 (default)
2021-12-06 20:42:54,448 [pool-62-thread-1] INFO  server.RaftServerConfigKeys (ConfUtils.java:logGet(44)) - raft.server.log.segment.size.max = 4194304 (custom)
2021-12-06 20:42:54,448 [pool-62-thread-1] INFO  server.RaftServerConfigKeys (ConfUtils.java:logGet(44)) - raft.server.log.preallocated.size = 4194304 (custom)
2021-12-06 20:42:54,448 [pool-62-thread-1] INFO  server.RaftServerConfigKeys (ConfUtils.java:logGet(44)) - raft.server.log.force.sync.num = 128 (default)
2021-12-06 20:42:54,448 [pool-62-thread-1] INFO  server.RaftServerConfigKeys (ConfUtils.java:logGet(44)) - raft.server.log.statemachine.data.sync = true (default)
2021-12-06 20:42:54,449 [pool-62-thread-1] INFO  server.RaftServerConfigKeys (ConfUtils.java:logGet(44)) - raft.server.log.statemachine.data.sync.timeout = 10s (default)
2021-12-06 20:42:54,449 [pool-62-thread-1] INFO  server.RaftServerConfigKeys (ConfUtils.java:logGet(44)) - raft.server.log.statemachine.data.sync.timeout.retry = -1 (default)
2021-12-06 20:42:54,450 [pool-62-thread-1] INFO  server.RaftServerConfigKeys (ConfUtils.java:logGet(44)) - raft.server.log.write.buffer.size = 64KB (=65536) (default)
2021-12-06 20:42:54,450 [pool-62-thread-1] INFO  server.RaftServerConfigKeys (ConfUtils.java:logGet(44)) - raft.server.log.statemachine.data.caching.enabled = false (default)
2021-12-06 20:42:54,450 [pool-62-thread-1] INFO  segmented.SegmentedRaftLogWorker (SegmentedRaftLogWorker.java:lambda$new$0(133)) - omNode-2@group-523986131536-SegmentedRaftLogWorker: flushIndex: setUnconditionally 0 -> -1
2021-12-06 20:42:54,450 [pool-62-thread-1] INFO  segmented.SegmentedRaftLogWorker (SegmentedRaftLogWorker.java:lambda$new$0(133)) - omNode-2@group-523986131536-SegmentedRaftLogWorker: safeCacheEvictIndex: setUnconditionally 0 -> -1
2021-12-06 20:42:54,459 [pool-62-thread-1] INFO  server.RaftServerConfigKeys (ConfUtils.java:logGet(44)) - raft.server.snapshot.auto.trigger.enabled = true (custom)
2021-12-06 20:42:54,459 [pool-62-thread-1] INFO  server.RaftServerConfigKeys (ConfUtils.java:logGet(44)) - raft.server.snapshot.auto.trigger.threshold = 50 (custom)
2021-12-06 20:42:54,459 [pool-62-thread-1] INFO  server.RaftServerConfigKeys (ConfUtils.java:logGet(44)) - raft.server.snapshot.retention.file.num = -1 (default)
2021-12-06 20:42:54,459 [pool-62-thread-1] INFO  server.RaftServerConfigKeys (ConfUtils.java:logGet(44)) - raft.server.log.purge.upto.snapshot.index = true (custom)
2021-12-06 20:42:54,459 [pool-62-thread-1] INFO  server.RaftServerConfigKeys (ConfUtils.java:logGet(44)) - raft.server.retrycache.expirytime = 30000ms (custom)
2021-12-06 20:42:54,459 [pool-62-thread-1] INFO  server.RaftServerConfigKeys (ConfUtils.java:logGet(44)) - raft.server.retrycache.statistics.expirytime = 100μs (default)
2021-12-06 20:42:54,465 [Listener at 127.0.0.1/10938] INFO  om.OzoneManager (OzoneManager.java:initFSOLayout(3848)) - Configured ozone.om.metadata.layout=SIMPLE and disabled optimized OM FS operations
2021-12-06 20:42:54,466 [Listener at 127.0.0.1/10938] INFO  impl.MetricsSystemImpl (MetricsSystemImpl.java:init(158)) - OzoneManager metrics system started (again)
2021-12-06 20:42:54,486 [Listener at 127.0.0.1/10938] INFO  om.OzoneManager (OzoneManager.java:start(1370)) - OzoneManager RPC server is listening at localhost/127.0.0.1:10938
2021-12-06 20:42:54,486 [Listener at 127.0.0.1/10938] INFO  ratis.OzoneManagerRatisServer (OzoneManagerRatisServer.java:start(516)) - Starting OzoneManagerRatisServer omNode-2 at port 10942
2021-12-06 20:42:54,487 [Listener at 127.0.0.1/10938] INFO  server.RaftServer$Division (RaftServerImpl.java:start(301)) - omNode-2@group-523986131536: start as a follower, conf=-1: [omNode-3|rpc:localhost:10948|priority:0, omNode-1|rpc:localhost:10936|priority:0, omNode-2|rpc:localhost:10942|priority:0], old=null
2021-12-06 20:42:54,487 [Listener at 127.0.0.1/10938] INFO  server.RaftServer$Division (RaftServerImpl.java:setRole(290)) - omNode-2@group-523986131536: changes role from      null to FOLLOWER at term 0 for startAsFollower
2021-12-06 20:42:54,487 [Listener at 127.0.0.1/10938] INFO  impl.RoleInfo (RoleInfo.java:updateAndGet(130)) - omNode-2: start omNode-2@group-523986131536-FollowerState
2021-12-06 20:42:54,494 [Listener at 127.0.0.1/10938] INFO  util.JmxRegister (JmxRegister.java:tryRegister(44)) - Successfully registered JMX Bean with object name Ratis:service=RaftServer,group=group-523986131536,id=omNode-2
2021-12-06 20:42:54,503 [Listener at 127.0.0.1/10938] INFO  server.RaftServer (RaftServerProxy.java:lambda$start$5(374)) - omNode-2: start RPC server
2021-12-06 20:42:54,511 [Listener at 127.0.0.1/10938] INFO  server.GrpcService (GrpcService.java:startImpl(253)) - omNode-2: GrpcService started, listening on 10942
2021-12-06 20:42:54,511 [Listener at 127.0.0.1/10938] INFO  om.OzoneManager (OzoneManager.java:start(1386)) - Version File has different layout version (0) than OM DB (null). That is expected if this OM has never been finalized to a newer layout version.
2021-12-06 20:42:54,513 [org.apache.ratis.util.JvmPauseMonitor$$Lambda$525/847224871@18161415] INFO  util.JvmPauseMonitor (JvmPauseMonitor.java:run(103)) - JvmPauseMonitor-omNode-2: Started
2021-12-06 20:42:54,521 [Listener at 127.0.0.1/10938] INFO  http.BaseHttpServer (BaseHttpServer.java:newHttpServer2BuilderForOzone(209)) - Starting Web-server for ozoneManager at: http://0.0.0.0:10940
2021-12-06 20:42:54,521 [Listener at 127.0.0.1/10938] INFO  http.BaseHttpServer (BaseHttpServer.java:<init>(107)) - Hadoop Security Enabled: false Ozone Security Enabled: false Ozone HTTP Security Enabled: false 
2021-12-06 20:42:54,523 [Listener at 127.0.0.1/10938] INFO  server.AuthenticationFilter (AuthenticationFilter.java:constructSecretProvider(240)) - Unable to initialize FileSignerSecretProvider, falling back to use random secrets.
2021-12-06 20:42:54,523 [Listener at 127.0.0.1/10938] WARN  http.HttpRequestLog (HttpRequestLog.java:getRequestLog(103)) - Jetty request log can only be enabled using Log4j
2021-12-06 20:42:54,525 [Listener at 127.0.0.1/10938] INFO  http.HttpServer2 (HttpServer2.java:addGlobalFilter(1030)) - Added global filter 'safety' (class=org.apache.hadoop.hdds.server.http.HttpServer2$QuotingInputFilter)
2021-12-06 20:42:54,525 [Listener at 127.0.0.1/10938] INFO  http.HttpServer2 (HttpServer2.java:addFilter(1006)) - Added filter static_user_filter (class=org.apache.hadoop.http.lib.StaticUserWebFilter$StaticUserFilter) to context ozoneManager
2021-12-06 20:42:54,526 [Listener at 127.0.0.1/10938] INFO  http.HttpServer2 (HttpServer2.java:addFilter(1014)) - Added filter static_user_filter (class=org.apache.hadoop.http.lib.StaticUserWebFilter$StaticUserFilter) to context logs
2021-12-06 20:42:54,526 [Listener at 127.0.0.1/10938] INFO  http.HttpServer2 (HttpServer2.java:addFilter(1014)) - Added filter static_user_filter (class=org.apache.hadoop.http.lib.StaticUserWebFilter$StaticUserFilter) to context static
2021-12-06 20:42:54,526 [Listener at 127.0.0.1/10938] INFO  http.HttpServer2 (HttpServer2.java:bindListener(1249)) - Jetty bound to port 10940
2021-12-06 20:42:54,527 [Listener at 127.0.0.1/10938] INFO  server.Server (Server.java:doStart(375)) - jetty-9.4.43.v20210629; built: 2021-06-30T11:07:22.254Z; git: 526006ecfa3af7f1a27ef3a288e2bef7ea9dd7e8; jvm 1.8.0_292-b10
2021-12-06 20:42:54,529 [Listener at 127.0.0.1/10938] INFO  server.session (DefaultSessionIdManager.java:doStart(334)) - DefaultSessionIdManager workerName=node0
2021-12-06 20:42:54,530 [Listener at 127.0.0.1/10938] INFO  server.session (DefaultSessionIdManager.java:doStart(339)) - No SessionScavenger set, using defaults
2021-12-06 20:42:54,530 [Listener at 127.0.0.1/10938] INFO  server.session (HouseKeeper.java:startScavenging(132)) - node0 Scavenging every 660000ms
2021-12-06 20:42:54,532 [Listener at 127.0.0.1/10938] INFO  handler.ContextHandler (ContextHandler.java:doStart(915)) - Started o.e.j.s.ServletContextHandler@29e94753{logs,/logs,file:///home/runner/work/ozone/ozone/hadoop-ozone/integration-test/target/log,AVAILABLE}
2021-12-06 20:42:54,532 [Listener at 127.0.0.1/10938] INFO  handler.ContextHandler (ContextHandler.java:doStart(915)) - Started o.e.j.s.ServletContextHandler@6224872f{static,/static,file:///home/runner/work/ozone/ozone/hadoop-ozone/integration-test/target/test-classes/webapps/static,AVAILABLE}
2021-12-06 20:42:54,537 [Listener at 127.0.0.1/10938] INFO  handler.ContextHandler (ContextHandler.java:doStart(915)) - Started o.e.j.w.WebAppContext@321b2469{ozoneManager,/,file:///home/runner/work/ozone/ozone/hadoop-ozone/integration-test/target/test-classes/webapps/ozoneManager/,AVAILABLE}{file:/home/runner/work/ozone/ozone/hadoop-ozone/integration-test/target/test-classes/webapps/ozoneManager}
2021-12-06 20:42:54,542 [Listener at 127.0.0.1/10938] INFO  server.AbstractConnector (AbstractConnector.java:doStart(331)) - Started ServerConnector@30ff3726{HTTP/1.1, (http/1.1)}{0.0.0.0:10940}
2021-12-06 20:42:54,543 [Listener at 127.0.0.1/10938] INFO  server.Server (Server.java:doStart(415)) - Started @6844ms
2021-12-06 20:42:54,543 [Listener at 127.0.0.1/10938] WARN  impl.MetricsSystemImpl (MetricsSystemImpl.java:register(279)) - Sink prometheus already exists!
2021-12-06 20:42:54,544 [Listener at 127.0.0.1/10938] INFO  http.BaseHttpServer (BaseHttpServer.java:updateConnectorAddress(329)) - HTTP server of ozoneManager listening at http://0.0.0.0:10940
2021-12-06 20:42:54,544 [IPC Server Responder] INFO  ipc.Server (Server.java:run(1507)) - IPC Server Responder: starting
2021-12-06 20:42:54,544 [IPC Server listener on 10938] INFO  ipc.Server (Server.java:run(1344)) - IPC Server listener on 10938: starting
2021-12-06 20:42:54,549 [Listener at 127.0.0.1/10938] INFO  om.OzoneManager (OzoneManager.java:startTrashEmptier(1734)) - Trash Interval set to 0. Files deleted will not move to trash
2021-12-06 20:42:54,549 [Listener at 127.0.0.1/10938] INFO  ozone.MiniOzoneHAClusterImpl (MiniOzoneHAClusterImpl.java:createOMService(503)) - Started OzoneManager omNode-2 RPC server at localhost/127.0.0.1:10938
2021-12-06 20:42:54,555 [Listener at 127.0.0.1/10938] INFO  ha.OMHANodeDetails (OMHANodeDetails.java:loadOMHAConfig(118)) - ServiceID for OzoneManager is om-service-test1
2021-12-06 20:42:54,556 [Listener at 127.0.0.1/10938] INFO  ha.OMHANodeDetails (OMHANodeDetails.java:loadOMHAConfig(192)) - Found matching OM address with OMServiceId: om-service-test1, OMNodeId: omNode-3, RPC Address: localhost:10944 and Ratis port: 10948
2021-12-06 20:42:54,556 [Listener at 127.0.0.1/10938] INFO  ha.OMHANodeDetails (ConfUtils.java:setNodeSpecificConfigs(108)) - Setting configuration key ozone.om.http-address with value of key ozone.om.http-address.om-service-test1.omNode-3: 127.0.0.1:10946
2021-12-06 20:42:54,556 [Listener at 127.0.0.1/10938] INFO  ha.OMHANodeDetails (ConfUtils.java:setNodeSpecificConfigs(108)) - Setting configuration key ozone.om.https-address with value of key ozone.om.https-address.om-service-test1.omNode-3: 127.0.0.1:10947
2021-12-06 20:42:54,556 [Listener at 127.0.0.1/10938] INFO  ha.OMHANodeDetails (ConfUtils.java:setNodeSpecificConfigs(108)) - Setting configuration key ozone.om.address with value of key ozone.om.address.om-service-test1.omNode-3: 127.0.0.1:10944
2021-12-06 20:42:54,556 [Listener at 127.0.0.1/10938] WARN  server.ServerUtils (ServerUtils.java:getDBPath(225)) - ozone.om.db.dirs is not configured. We recommend adding this setting. Falling back to ozone.metadata.dirs instead.
2021-12-06 20:42:54,560 [org.apache.hadoop.util.JvmPauseMonitor$Monitor@5b60accd] INFO  util.JvmPauseMonitor (JvmPauseMonitor.java:run(188)) - Starting JVM pause monitor
OM initialization succeeded.Current cluster id for sd=/home/runner/work/ozone/ozone/hadoop-ozone/integration-test/target/test-dir/MiniOzoneClusterImpl-1f2ada2d-a189-4e3f-a934-1db8589ac524/omNode-3/om;cid=1f2ada2d-a189-4e3f-a934-1db8589ac524;layoutVersion=0
2021-12-06 20:42:54,565 [Listener at 127.0.0.1/10938] INFO  ha.OMHANodeDetails (OMHANodeDetails.java:loadOMHAConfig(118)) - ServiceID for OzoneManager is om-service-test1
2021-12-06 20:42:54,565 [Listener at 127.0.0.1/10938] INFO  ha.OMHANodeDetails (OMHANodeDetails.java:loadOMHAConfig(192)) - Found matching OM address with OMServiceId: om-service-test1, OMNodeId: omNode-3, RPC Address: localhost:10944 and Ratis port: 10948
2021-12-06 20:42:54,565 [Listener at 127.0.0.1/10938] INFO  ha.OMHANodeDetails (ConfUtils.java:setNodeSpecificConfigs(108)) - Setting configuration key ozone.om.http-address with value of key ozone.om.http-address.om-service-test1.omNode-3: 127.0.0.1:10946
2021-12-06 20:42:54,566 [Listener at 127.0.0.1/10938] INFO  ha.OMHANodeDetails (ConfUtils.java:setNodeSpecificConfigs(108)) - Setting configuration key ozone.om.https-address with value of key ozone.om.https-address.om-service-test1.omNode-3: 127.0.0.1:10947
2021-12-06 20:42:54,566 [Listener at 127.0.0.1/10938] INFO  ha.OMHANodeDetails (ConfUtils.java:setNodeSpecificConfigs(108)) - Setting configuration key ozone.om.address with value of key ozone.om.address.om-service-test1.omNode-3: 127.0.0.1:10944
2021-12-06 20:42:54,566 [Listener at 127.0.0.1/10938] WARN  server.ServerUtils (ServerUtils.java:getDBPath(225)) - ozone.om.db.dirs is not configured. We recommend adding this setting. Falling back to ozone.metadata.dirs instead.
2021-12-06 20:42:54,566 [Listener at 127.0.0.1/10938] INFO  upgrade.AbstractLayoutVersionManager (AbstractLayoutVersionManager.java:init(79)) - Initializing Layout version manager with metadata layout = INITIAL_VERSION (version = 0), software layout = INITIAL_VERSION (version = 0)
2021-12-06 20:42:54,636 [Listener at 127.0.0.1/10938] INFO  reflections.Reflections (Reflections.java:scan(232)) - Reflections took 69 ms to scan 2 urls, producing 132 keys and 344 values [using 2 cores]
2021-12-06 20:42:54,637 [Listener at 127.0.0.1/10938] INFO  upgrade.OMLayoutVersionManager (OMLayoutVersionManager.java:lambda$0(115)) - Skipping Upgrade Action MockOmUpgradeAction since it has been finalized.
2021-12-06 20:42:54,638 [Listener at 127.0.0.1/10938] WARN  server.ServerUtils (ServerUtils.java:getDBPath(225)) - ozone.om.db.dirs is not configured. We recommend adding this setting. Falling back to ozone.metadata.dirs instead.
2021-12-06 20:42:54,650 [Listener at 127.0.0.1/10938] WARN  server.ServerUtils (ServerUtils.java:getDBPath(225)) - ozone.om.db.dirs is not configured. We recommend adding this setting. Falling back to ozone.metadata.dirs instead.
2021-12-06 20:42:54,651 [Listener at 127.0.0.1/10938] INFO  codec.OmKeyInfoCodec (OmKeyInfoCodec.java:<init>(50)) - OmKeyInfoCodec ignorePipeline = true
2021-12-06 20:42:54,651 [Listener at 127.0.0.1/10938] INFO  codec.RepeatedOmKeyInfoCodec (RepeatedOmKeyInfoCodec.java:<init>(42)) - RepeatedOmKeyInfoCodec ignorePipeline = true
2021-12-06 20:42:54,779 [Listener at 127.0.0.1/10938] INFO  om.OzoneManager (OzoneManager.java:addS3GVolumeToDB(3671)) - Created Volume s3v With Owner runner required for S3Gateway operations.
2021-12-06 20:42:54,779 [Listener at 127.0.0.1/10938] WARN  server.ServerUtils (ServerUtils.java:getDefaultRatisDirectory(237)) - Storage directory for Ratis is not configured. It is a good idea to map this to an SSD disk. Falling back to ozone.metadata.dirs
2021-12-06 20:42:54,780 [Listener at 127.0.0.1/10938] WARN  utils.OzoneManagerRatisUtils (OzoneManagerRatisUtils.java:getOMRatisSnapshotDirectory(323)) - ozone.om.ratis.snapshot.dir is not configured. Falling back to ozone.metadata.dirs config
2021-12-06 20:42:54,780 [Listener at 127.0.0.1/10938] INFO  snapshot.OzoneManagerSnapshotProvider (OzoneManagerSnapshotProvider.java:<init>(76)) - Initializing OM Snapshot Provider
2021-12-06 20:42:54,781 [Listener at 127.0.0.1/10938] WARN  impl.MetricRegistriesImpl (MetricRegistriesImpl.java:addReporterRegistration(111)) - New reporters are added after registries were created. Some metrics will be missing from the reporter. Please add reporter before adding any new registry.
2021-12-06 20:42:54,781 [Listener at 127.0.0.1/10938] WARN  impl.MetricRegistriesImpl (MetricRegistriesImpl.java:addReporterRegistration(111)) - New reporters are added after registries were created. Some metrics will be missing from the reporter. Please add reporter before adding any new registry.
2021-12-06 20:42:54,782 [Listener at 127.0.0.1/10938] WARN  server.ServerUtils (ServerUtils.java:getDefaultRatisDirectory(237)) - Storage directory for Ratis is not configured. It is a good idea to map this to an SSD disk. Falling back to ozone.metadata.dirs
2021-12-06 20:42:54,783 [Listener at 127.0.0.1/10938] INFO  ratis.OzoneManagerRatisServer (OzoneManagerRatisServer.java:<init>(159)) - Instantiating OM Ratis server with groupID: om-service-test1 and peers: localhost:10948, localhost:10936, localhost:10942
2021-12-06 20:42:54,783 [Listener at 127.0.0.1/10938] INFO  ratis.OzoneManagerStateMachine (OzoneManagerStateMachine.java:loadSnapshotInfoFromDB(605)) - LastAppliedIndex is set from TransactionInfo from OM DB as (t:0, i:~)
2021-12-06 20:42:54,784 [Listener at 127.0.0.1/10938] INFO  server.RaftServer (ConfUtils.java:logGet(44)) - raft.rpc.type = GRPC (default)
2021-12-06 20:42:54,784 [Listener at 127.0.0.1/10938] INFO  grpc.GrpcFactory (GrpcFactory.java:checkPooledByteBufAllocatorUseCacheForAllThreads(48)) - PERFORMANCE WARNING: useCacheForAllThreads is true that may cause Netty to create a lot garbage objects and, as a result, trigger GC.
	It is recommended to disable useCacheForAllThreads by setting -Dorg.apache.ratis.thirdparty.io.netty.allocator.useCacheForAllThreads=false in command line.
2021-12-06 20:42:54,784 [Listener at 127.0.0.1/10938] INFO  grpc.GrpcConfigKeys (ConfUtils.java:logGet(44)) - raft.grpc.admin.port = -1 (default)
2021-12-06 20:42:54,784 [Listener at 127.0.0.1/10938] INFO  grpc.GrpcConfigKeys (ConfUtils.java:logGet(44)) - raft.grpc.server.port = 10948 (custom)
2021-12-06 20:42:54,784 [Listener at 127.0.0.1/10938] INFO  grpc.GrpcConfigKeys (ConfUtils.java:logGet(44)) - raft.grpc.client.port = -1 (default)
2021-12-06 20:42:54,785 [Listener at 127.0.0.1/10938] INFO  grpc.GrpcConfigKeys (ConfUtils.java:logGet(44)) - raft.grpc.server.port = 10948 (custom)
2021-12-06 20:42:54,785 [Listener at 127.0.0.1/10938] INFO  grpc.GrpcConfigKeys (ConfUtils.java:logGet(44)) - raft.grpc.server.port = 10948 (custom)
2021-12-06 20:42:54,785 [Listener at 127.0.0.1/10938] INFO  server.GrpcService (ConfUtils.java:logGet(44)) - raft.grpc.message.size.max = 33554432 (custom)
2021-12-06 20:42:54,785 [Listener at 127.0.0.1/10938] INFO  server.RaftServerConfigKeys (ConfUtils.java:logGet(44)) - raft.server.log.appender.buffer.byte-limit = 33554432 (custom)
2021-12-06 20:42:54,785 [Listener at 127.0.0.1/10938] INFO  server.GrpcService (ConfUtils.java:logGet(44)) - raft.grpc.flow.control.window = 1MB (=1048576) (default)
2021-12-06 20:42:54,785 [Listener at 127.0.0.1/10938] INFO  server.RaftServerConfigKeys (ConfUtils.java:logGet(44)) - raft.server.rpc.request.timeout = 3000ms (default)
2021-12-06 20:42:54,786 [Listener at 127.0.0.1/10938] INFO  impl.DataStreamServerImpl (ConfUtils.java:logGet(44)) - raft.datastream.type = DISABLED (default)
2021-12-06 20:42:54,787 [Listener at 127.0.0.1/10938] INFO  server.RaftServerConfigKeys (ConfUtils.java:logGet(44)) - raft.server.rpc.slowness.timeout = 2s (custom)
2021-12-06 20:42:54,787 [Listener at 127.0.0.1/10938] INFO  server.RaftServerConfigKeys (ConfUtils.java:logGet(44)) - raft.server.leaderelection.leader.step-down.wait-time = 10s (default)
2021-12-06 20:42:54,787 [Listener at 127.0.0.1/10938] INFO  server.RaftServerConfigKeys (ConfUtils.java:logGet(44)) - raft.server.storage.dir = [/home/runner/work/ozone/ozone/hadoop-ozone/integration-test/target/test-dir/MiniOzoneClusterImpl-1f2ada2d-a189-4e3f-a934-1db8589ac524/omNode-3/ratis] (custom)
2021-12-06 20:42:54,790 [Listener at 127.0.0.1/10938] INFO  server.RaftServer (RaftServerProxy.java:addNew(95)) - omNode-3: addNew group-523986131536:[omNode-3|rpc:localhost:10948|priority:0, omNode-1|rpc:localhost:10936|priority:0, omNode-2|rpc:localhost:10942|priority:0] returns group-523986131536:java.util.concurrent.CompletableFuture@355c2b72[Not completed]
2021-12-06 20:42:54,790 [pool-83-thread-1] INFO  server.RaftServer$Division (RaftServerImpl.java:<init>(184)) - omNode-3: new RaftServerImpl for group-523986131536:[omNode-3|rpc:localhost:10948|priority:0, omNode-1|rpc:localhost:10936|priority:0, omNode-2|rpc:localhost:10942|priority:0] with OzoneManagerStateMachine:uninitialized
2021-12-06 20:42:54,790 [Listener at 127.0.0.1/10938] INFO  om.OzoneManager (OzoneManager.java:initializeRatisServer(1776)) - OzoneManager Ratis server initialized at port 10948
2021-12-06 20:42:54,799 [Listener at 127.0.0.1/10938] INFO  ipc.CallQueueManager (CallQueueManager.java:<init>(90)) - Using callQueue: class java.util.concurrent.LinkedBlockingQueue, queueCapacity: 2000, scheduler: class org.apache.hadoop.ipc.DefaultRpcScheduler, ipcBackoff: false.
2021-12-06 20:42:54,800 [pool-83-thread-1] INFO  server.RaftServerConfigKeys (ConfUtils.java:logGet(44)) - raft.server.rpc.timeout.min = 1s (custom)
2021-12-06 20:42:54,801 [pool-83-thread-1] INFO  server.RaftServerConfigKeys (ConfUtils.java:logGet(44)) - raft.server.rpc.timeout.max = 1200ms (custom)
2021-12-06 20:42:54,801 [pool-83-thread-1] INFO  server.RaftServerConfigKeys (ConfUtils.java:logGet(44)) - raft.server.rpc.sleep.time = 25ms (default)
2021-12-06 20:42:54,802 [pool-83-thread-1] INFO  server.RaftServerConfigKeys (ConfUtils.java:logGet(44)) - raft.server.rpc.slowness.timeout = 2s (custom)
2021-12-06 20:42:54,802 [pool-83-thread-1] INFO  server.RaftServerConfigKeys (ConfUtils.java:logGet(44)) - raft.server.leaderelection.leader.step-down.wait-time = 10s (default)
2021-12-06 20:42:54,803 [pool-83-thread-1] INFO  server.RaftServerConfigKeys (ConfUtils.java:logGet(44)) - raft.server.sleep.deviation.threshold = 300ms (default)
2021-12-06 20:42:54,803 [pool-83-thread-1] INFO  server.RaftServerConfigKeys (ConfUtils.java:logGet(44)) - raft.server.log.appender.install.snapshot.enabled = false (custom)
2021-12-06 20:42:54,804 [pool-83-thread-1] INFO  server.RaftServer$Division (ServerState.java:<init>(105)) - omNode-3@group-523986131536: ConfigurationManager, init=-1: [omNode-3|rpc:localhost:10948|priority:0, omNode-1|rpc:localhost:10936|priority:0, omNode-2|rpc:localhost:10942|priority:0], old=null, confs=<EMPTY_MAP>
2021-12-06 20:42:54,804 [pool-83-thread-1] INFO  server.RaftServerConfigKeys (ConfUtils.java:logGet(44)) - raft.server.storage.dir = [/home/runner/work/ozone/ozone/hadoop-ozone/integration-test/target/test-dir/MiniOzoneClusterImpl-1f2ada2d-a189-4e3f-a934-1db8589ac524/omNode-3/ratis] (custom)
2021-12-06 20:42:54,804 [pool-83-thread-1] INFO  server.RaftServerConfigKeys (ConfUtils.java:logGet(44)) - raft.server.log.corruption.policy = EXCEPTION (default)
2021-12-06 20:42:54,806 [Socket Reader #1 for port 10944] INFO  ipc.Server (Server.java:run(1265)) - Starting Socket Reader #1 for port 10944
2021-12-06 20:42:54,806 [pool-83-thread-1] INFO  server.RaftServerConfigKeys (ConfUtils.java:logGet(44)) - raft.server.storage.free-space.min = 0MB (=0) (default)
2021-12-06 20:42:54,808 [pool-83-thread-1] INFO  storage.RaftStorageDirectory (RaftStorageDirectoryImpl.java:analyzeStorage(135)) - The storage directory /home/runner/work/ozone/ozone/hadoop-ozone/integration-test/target/test-dir/MiniOzoneClusterImpl-1f2ada2d-a189-4e3f-a934-1db8589ac524/omNode-3/ratis/c9bc4cf4-3bc3-3c60-a66b-523986131536 does not exist. Creating ...
2021-12-06 20:42:54,809 [pool-83-thread-1] INFO  storage.RaftStorageDirectory (RaftStorageDirectoryImpl.java:tryLock(230)) - Lock on /home/runner/work/ozone/ozone/hadoop-ozone/integration-test/target/test-dir/MiniOzoneClusterImpl-1f2ada2d-a189-4e3f-a934-1db8589ac524/omNode-3/ratis/c9bc4cf4-3bc3-3c60-a66b-523986131536/in_use.lock acquired by nodename 13770@fv-az151-352
2021-12-06 20:42:54,828 [pool-83-thread-1] INFO  storage.RaftStorage (RaftStorageImpl.java:format(89)) - Storage directory /home/runner/work/ozone/ozone/hadoop-ozone/integration-test/target/test-dir/MiniOzoneClusterImpl-1f2ada2d-a189-4e3f-a934-1db8589ac524/omNode-3/ratis/c9bc4cf4-3bc3-3c60-a66b-523986131536 has been successfully formatted.
2021-12-06 20:42:54,829 [pool-83-thread-1] INFO  server.RaftServerConfigKeys (ConfUtils.java:logGet(44)) - raft.server.notification.no-leader.timeout = 2s (custom)
2021-12-06 20:42:54,830 [pool-83-thread-1] INFO  server.RaftServerConfigKeys (ConfUtils.java:logGet(44)) - raft.server.log.use.memory = false (default)
2021-12-06 20:42:54,830 [pool-83-thread-1] INFO  server.RaftServerConfigKeys (ConfUtils.java:logGet(44)) - raft.server.log.purge.gap = 50 (custom)
2021-12-06 20:42:54,830 [pool-83-thread-1] INFO  server.RaftServerConfigKeys (ConfUtils.java:logGet(44)) - raft.server.log.appender.buffer.byte-limit = 33554432 (custom)
2021-12-06 20:42:54,831 [pool-83-thread-1] INFO  server.RaftServerConfigKeys (ConfUtils.java:logGet(44)) - raft.server.log.segment.size.max = 4194304 (custom)
2021-12-06 20:42:54,831 [pool-83-thread-1] INFO  server.RaftServerConfigKeys (ConfUtils.java:logGet(44)) - raft.server.log.segment.cache.num.max = 2 (custom)
2021-12-06 20:42:54,832 [pool-83-thread-1] INFO  server.RaftServerConfigKeys (ConfUtils.java:logGet(44)) - raft.server.log.segment.cache.size.max = 200MB (=209715200) (default)
2021-12-06 20:42:54,832 [pool-83-thread-1] INFO  segmented.SegmentedRaftLogWorker (SegmentedRaftLogWorker.java:<init>(182)) - new omNode-3@group-523986131536-SegmentedRaftLogWorker for RaftStorageImpl:Storage Directory /home/runner/work/ozone/ozone/hadoop-ozone/integration-test/target/test-dir/MiniOzoneClusterImpl-1f2ada2d-a189-4e3f-a934-1db8589ac524/omNode-3/ratis/c9bc4cf4-3bc3-3c60-a66b-523986131536
2021-12-06 20:42:54,832 [pool-83-thread-1] INFO  server.RaftServerConfigKeys (ConfUtils.java:logGet(44)) - raft.server.log.queue.byte-limit = 64MB (=67108864) (default)
2021-12-06 20:42:54,832 [pool-83-thread-1] INFO  server.RaftServerConfigKeys (ConfUtils.java:logGet(44)) - raft.server.log.queue.element-limit = 4096 (default)
2021-12-06 20:42:54,832 [pool-83-thread-1] INFO  server.RaftServerConfigKeys (ConfUtils.java:logGet(44)) - raft.server.log.segment.size.max = 4194304 (custom)
2021-12-06 20:42:54,833 [pool-83-thread-1] INFO  server.RaftServerConfigKeys (ConfUtils.java:logGet(44)) - raft.server.log.preallocated.size = 4194304 (custom)
2021-12-06 20:42:54,833 [pool-83-thread-1] INFO  server.RaftServerConfigKeys (ConfUtils.java:logGet(44)) - raft.server.log.force.sync.num = 128 (default)
2021-12-06 20:42:54,833 [pool-83-thread-1] INFO  server.RaftServerConfigKeys (ConfUtils.java:logGet(44)) - raft.server.log.statemachine.data.sync = true (default)
2021-12-06 20:42:54,834 [pool-83-thread-1] INFO  server.RaftServerConfigKeys (ConfUtils.java:logGet(44)) - raft.server.log.statemachine.data.sync.timeout = 10s (default)
2021-12-06 20:42:54,834 [pool-83-thread-1] INFO  server.RaftServerConfigKeys (ConfUtils.java:logGet(44)) - raft.server.log.statemachine.data.sync.timeout.retry = -1 (default)
2021-12-06 20:42:54,835 [pool-83-thread-1] INFO  server.RaftServerConfigKeys (ConfUtils.java:logGet(44)) - raft.server.log.write.buffer.size = 64KB (=65536) (default)
2021-12-06 20:42:54,836 [pool-83-thread-1] INFO  server.RaftServerConfigKeys (ConfUtils.java:logGet(44)) - raft.server.log.statemachine.data.caching.enabled = false (default)
2021-12-06 20:42:54,837 [pool-83-thread-1] INFO  segmented.SegmentedRaftLogWorker (SegmentedRaftLogWorker.java:lambda$new$0(133)) - omNode-3@group-523986131536-SegmentedRaftLogWorker: flushIndex: setUnconditionally 0 -> -1
2021-12-06 20:42:54,837 [pool-83-thread-1] INFO  segmented.SegmentedRaftLogWorker (SegmentedRaftLogWorker.java:lambda$new$0(133)) - omNode-3@group-523986131536-SegmentedRaftLogWorker: safeCacheEvictIndex: setUnconditionally 0 -> -1
2021-12-06 20:42:54,837 [pool-83-thread-1] INFO  server.RaftServerConfigKeys (ConfUtils.java:logGet(44)) - raft.server.snapshot.auto.trigger.enabled = true (custom)
2021-12-06 20:42:54,837 [pool-83-thread-1] INFO  server.RaftServerConfigKeys (ConfUtils.java:logGet(44)) - raft.server.snapshot.auto.trigger.threshold = 50 (custom)
2021-12-06 20:42:54,837 [pool-83-thread-1] INFO  server.RaftServerConfigKeys (ConfUtils.java:logGet(44)) - raft.server.snapshot.retention.file.num = -1 (default)
2021-12-06 20:42:54,837 [pool-83-thread-1] INFO  server.RaftServerConfigKeys (ConfUtils.java:logGet(44)) - raft.server.log.purge.upto.snapshot.index = true (custom)
2021-12-06 20:42:54,837 [pool-83-thread-1] INFO  server.RaftServerConfigKeys (ConfUtils.java:logGet(44)) - raft.server.retrycache.expirytime = 30000ms (custom)
2021-12-06 20:42:54,837 [pool-83-thread-1] INFO  server.RaftServerConfigKeys (ConfUtils.java:logGet(44)) - raft.server.retrycache.statistics.expirytime = 100μs (default)
2021-12-06 20:42:54,852 [Listener at 127.0.0.1/10944] INFO  om.OzoneManager (OzoneManager.java:initFSOLayout(3848)) - Configured ozone.om.metadata.layout=SIMPLE and disabled optimized OM FS operations
2021-12-06 20:42:54,853 [Listener at 127.0.0.1/10944] INFO  impl.MetricsSystemImpl (MetricsSystemImpl.java:init(158)) - OzoneManager metrics system started (again)
2021-12-06 20:42:54,868 [Listener at 127.0.0.1/10944] INFO  om.OzoneManager (OzoneManager.java:start(1370)) - OzoneManager RPC server is listening at localhost/127.0.0.1:10944
2021-12-06 20:42:54,868 [Listener at 127.0.0.1/10944] INFO  ratis.OzoneManagerRatisServer (OzoneManagerRatisServer.java:start(516)) - Starting OzoneManagerRatisServer omNode-3 at port 10948
2021-12-06 20:42:54,869 [Listener at 127.0.0.1/10944] INFO  server.RaftServer$Division (RaftServerImpl.java:start(301)) - omNode-3@group-523986131536: start as a follower, conf=-1: [omNode-3|rpc:localhost:10948|priority:0, omNode-1|rpc:localhost:10936|priority:0, omNode-2|rpc:localhost:10942|priority:0], old=null
2021-12-06 20:42:54,869 [Listener at 127.0.0.1/10944] INFO  server.RaftServer$Division (RaftServerImpl.java:setRole(290)) - omNode-3@group-523986131536: changes role from      null to FOLLOWER at term 0 for startAsFollower
2021-12-06 20:42:54,869 [Listener at 127.0.0.1/10944] INFO  impl.RoleInfo (RoleInfo.java:updateAndGet(130)) - omNode-3: start omNode-3@group-523986131536-FollowerState
2021-12-06 20:42:54,869 [Listener at 127.0.0.1/10944] INFO  util.JmxRegister (JmxRegister.java:tryRegister(44)) - Successfully registered JMX Bean with object name Ratis:service=RaftServer,group=group-523986131536,id=omNode-3
2021-12-06 20:42:54,872 [Listener at 127.0.0.1/10944] INFO  server.RaftServer (RaftServerProxy.java:lambda$start$5(374)) - omNode-3: start RPC server
2021-12-06 20:42:54,874 [Listener at 127.0.0.1/10944] INFO  server.GrpcService (GrpcService.java:startImpl(253)) - omNode-3: GrpcService started, listening on 10948
2021-12-06 20:42:54,874 [Listener at 127.0.0.1/10944] INFO  om.OzoneManager (OzoneManager.java:start(1386)) - Version File has different layout version (0) than OM DB (null). That is expected if this OM has never been finalized to a newer layout version.
2021-12-06 20:42:54,875 [org.apache.ratis.util.JvmPauseMonitor$$Lambda$525/847224871@62fef807] INFO  util.JvmPauseMonitor (JvmPauseMonitor.java:run(103)) - JvmPauseMonitor-omNode-3: Started
2021-12-06 20:42:54,877 [Listener at 127.0.0.1/10944] INFO  http.BaseHttpServer (BaseHttpServer.java:newHttpServer2BuilderForOzone(209)) - Starting Web-server for ozoneManager at: http://0.0.0.0:10946
2021-12-06 20:42:54,877 [Listener at 127.0.0.1/10944] INFO  http.BaseHttpServer (BaseHttpServer.java:<init>(107)) - Hadoop Security Enabled: false Ozone Security Enabled: false Ozone HTTP Security Enabled: false 
2021-12-06 20:42:54,879 [Listener at 127.0.0.1/10944] INFO  server.AuthenticationFilter (AuthenticationFilter.java:constructSecretProvider(240)) - Unable to initialize FileSignerSecretProvider, falling back to use random secrets.
2021-12-06 20:42:54,879 [Listener at 127.0.0.1/10944] WARN  http.HttpRequestLog (HttpRequestLog.java:getRequestLog(103)) - Jetty request log can only be enabled using Log4j
2021-12-06 20:42:54,880 [Listener at 127.0.0.1/10944] INFO  http.HttpServer2 (HttpServer2.java:addGlobalFilter(1030)) - Added global filter 'safety' (class=org.apache.hadoop.hdds.server.http.HttpServer2$QuotingInputFilter)
2021-12-06 20:42:54,881 [Listener at 127.0.0.1/10944] INFO  http.HttpServer2 (HttpServer2.java:addFilter(1006)) - Added filter static_user_filter (class=org.apache.hadoop.http.lib.StaticUserWebFilter$StaticUserFilter) to context ozoneManager
2021-12-06 20:42:54,881 [Listener at 127.0.0.1/10944] INFO  http.HttpServer2 (HttpServer2.java:addFilter(1014)) - Added filter static_user_filter (class=org.apache.hadoop.http.lib.StaticUserWebFilter$StaticUserFilter) to context logs
2021-12-06 20:42:54,881 [Listener at 127.0.0.1/10944] INFO  http.HttpServer2 (HttpServer2.java:addFilter(1014)) - Added filter static_user_filter (class=org.apache.hadoop.http.lib.StaticUserWebFilter$StaticUserFilter) to context static
2021-12-06 20:42:54,882 [Listener at 127.0.0.1/10944] INFO  http.HttpServer2 (HttpServer2.java:bindListener(1249)) - Jetty bound to port 10946
2021-12-06 20:42:54,882 [Listener at 127.0.0.1/10944] INFO  server.Server (Server.java:doStart(375)) - jetty-9.4.43.v20210629; built: 2021-06-30T11:07:22.254Z; git: 526006ecfa3af7f1a27ef3a288e2bef7ea9dd7e8; jvm 1.8.0_292-b10
2021-12-06 20:42:54,885 [Listener at 127.0.0.1/10944] INFO  server.session (DefaultSessionIdManager.java:doStart(334)) - DefaultSessionIdManager workerName=node0
2021-12-06 20:42:54,885 [Listener at 127.0.0.1/10944] INFO  server.session (DefaultSessionIdManager.java:doStart(339)) - No SessionScavenger set, using defaults
2021-12-06 20:42:54,885 [Listener at 127.0.0.1/10944] INFO  server.session (HouseKeeper.java:startScavenging(132)) - node0 Scavenging every 600000ms
2021-12-06 20:42:54,886 [Listener at 127.0.0.1/10944] INFO  handler.ContextHandler (ContextHandler.java:doStart(915)) - Started o.e.j.s.ServletContextHandler@2fd1f0e4{logs,/logs,file:///home/runner/work/ozone/ozone/hadoop-ozone/integration-test/target/log,AVAILABLE}
2021-12-06 20:42:54,886 [Listener at 127.0.0.1/10944] INFO  handler.ContextHandler (ContextHandler.java:doStart(915)) - Started o.e.j.s.ServletContextHandler@612c4c10{static,/static,file:///home/runner/work/ozone/ozone/hadoop-ozone/integration-test/target/test-classes/webapps/static,AVAILABLE}
2021-12-06 20:42:54,891 [Listener at 127.0.0.1/10944] INFO  handler.ContextHandler (ContextHandler.java:doStart(915)) - Started o.e.j.w.WebAppContext@36c6d53b{ozoneManager,/,file:///home/runner/work/ozone/ozone/hadoop-ozone/integration-test/target/test-classes/webapps/ozoneManager/,AVAILABLE}{file:/home/runner/work/ozone/ozone/hadoop-ozone/integration-test/target/test-classes/webapps/ozoneManager}
2021-12-06 20:42:54,892 [Listener at 127.0.0.1/10944] INFO  server.AbstractConnector (AbstractConnector.java:doStart(331)) - Started ServerConnector@491b5bd9{HTTP/1.1, (http/1.1)}{0.0.0.0:10946}
2021-12-06 20:42:54,893 [Listener at 127.0.0.1/10944] INFO  server.Server (Server.java:doStart(415)) - Started @7194ms
2021-12-06 20:42:54,893 [Listener at 127.0.0.1/10944] WARN  impl.MetricsSystemImpl (MetricsSystemImpl.java:register(279)) - Sink prometheus already exists!
2021-12-06 20:42:54,893 [Listener at 127.0.0.1/10944] INFO  http.BaseHttpServer (BaseHttpServer.java:updateConnectorAddress(329)) - HTTP server of ozoneManager listening at http://0.0.0.0:10946
2021-12-06 20:42:54,894 [IPC Server Responder] INFO  ipc.Server (Server.java:run(1507)) - IPC Server Responder: starting
2021-12-06 20:42:54,894 [IPC Server listener on 10944] INFO  ipc.Server (Server.java:run(1344)) - IPC Server listener on 10944: starting
2021-12-06 20:42:54,903 [Listener at 127.0.0.1/10944] INFO  om.OzoneManager (OzoneManager.java:startTrashEmptier(1734)) - Trash Interval set to 0. Files deleted will not move to trash
2021-12-06 20:42:54,906 [Listener at 127.0.0.1/10944] INFO  ozone.MiniOzoneHAClusterImpl (MiniOzoneHAClusterImpl.java:createOMService(503)) - Started OzoneManager omNode-3 RPC server at localhost/127.0.0.1:10944
2021-12-06 20:42:54,906 [org.apache.hadoop.util.JvmPauseMonitor$Monitor@39d666e0] INFO  util.JvmPauseMonitor (JvmPauseMonitor.java:run(188)) - Starting JVM pause monitor
2021-12-06 20:42:55,100 [Listener at 127.0.0.1/10944] WARN  impl.MetricRegistriesImpl (MetricRegistriesImpl.java:addReporterRegistration(111)) - New reporters are added after registries were created. Some metrics will be missing from the reporter. Please add reporter before adding any new registry.
2021-12-06 20:42:55,100 [Listener at 127.0.0.1/10944] WARN  impl.MetricRegistriesImpl (MetricRegistriesImpl.java:addReporterRegistration(111)) - New reporters are added after registries were created. Some metrics will be missing from the reporter. Please add reporter before adding any new registry.
2021-12-06 20:42:55,100 [Listener at 127.0.0.1/10944] INFO  impl.MetricsSystemImpl (MetricsSystemImpl.java:init(158)) - HddsDatanode metrics system started (again)
2021-12-06 20:42:55,106 [omNode-1@group-523986131536-FollowerState] INFO  impl.FollowerState (FollowerState.java:run(134)) - omNode-1@group-523986131536-FollowerState: change to CANDIDATE, lastRpcElapsedTime:1052316158ns, electionTimeout:1047ms
2021-12-06 20:42:55,107 [omNode-1@group-523986131536-FollowerState] INFO  impl.RoleInfo (RoleInfo.java:shutdownFollowerState(108)) - omNode-1: shutdown omNode-1@group-523986131536-FollowerState
2021-12-06 20:42:55,108 [omNode-1@group-523986131536-FollowerState] INFO  server.RaftServer$Division (RaftServerImpl.java:setRole(290)) - omNode-1@group-523986131536: changes role from  FOLLOWER to CANDIDATE at term 0 for changeToCandidate
2021-12-06 20:42:55,111 [omNode-1@group-523986131536-FollowerState] INFO  server.RaftServerConfigKeys (ConfUtils.java:logGet(44)) - raft.server.leaderelection.pre-vote = false (custom)
2021-12-06 20:42:55,111 [omNode-1@group-523986131536-FollowerState] INFO  impl.RoleInfo (RoleInfo.java:updateAndGet(130)) - omNode-1: start omNode-1@group-523986131536-LeaderElection1
2021-12-06 20:42:55,126 [omNode-1@group-523986131536-LeaderElection1] INFO  impl.LeaderElection (LeaderElection.java:askForVotes(306)) - omNode-1@group-523986131536-LeaderElection1 ELECTION round 0: submit vote requests at term 1 for -1: [omNode-3|rpc:localhost:10948|priority:0, omNode-1|rpc:localhost:10936|priority:0, omNode-2|rpc:localhost:10942|priority:0], old=null
2021-12-06 20:42:55,128 [Listener at 127.0.0.1/10944] INFO  ozone.HddsDatanodeService (HddsDatanodeService.java:start(234)) - HddsDatanodeService host:fv-az151-352.yf2hydr00wburbhx3j5hxtcipe.bx.internal.cloudapp.net ip:10.1.0.39
2021-12-06 20:42:55,183 [Listener at 127.0.0.1/10944] INFO  upgrade.AbstractLayoutVersionManager (AbstractLayoutVersionManager.java:init(79)) - Initializing Layout version manager with metadata layout = SCM_HA (version = 2), software layout = SCM_HA (version = 2)
2021-12-06 20:42:55,265 [Listener at 127.0.0.1/10944] INFO  reflections.Reflections (Reflections.java:scan(232)) - Reflections took 79 ms to scan 7 urls, producing 119 keys and 279 values 
2021-12-06 20:42:55,269 [Listener at 127.0.0.1/10944] INFO  statemachine.DatanodeStateMachine (DatanodeStateMachine.java:getEndPointTaskThreadPoolSize(219)) - Datanode State Machine Task Thread Pool size 2
2021-12-06 20:42:55,516 [org.apache.ratis.util.JvmPauseMonitor$$Lambda$525/847224871@62fef807] WARN  util.JvmPauseMonitor (JvmPauseMonitor.java:detectPause(124)) - JvmPauseMonitor-omNode-3: Detected pause in JVM or host machine (eg GC): pause of approximately 140025103ns.
GC pool 'PS MarkSweep' had collection(s): count=1 time=163ms
GC pool 'PS Scavenge' had collection(s): count=2 time=33ms
2021-12-06 20:42:55,517 [omNode-2@group-523986131536-FollowerState] INFO  impl.FollowerState (FollowerState.java:run(134)) - omNode-2@group-523986131536-FollowerState: change to CANDIDATE, lastRpcElapsedTime:1030394224ns, electionTimeout:1011ms
2021-12-06 20:42:55,531 [omNode-2@group-523986131536-FollowerState] INFO  impl.RoleInfo (RoleInfo.java:shutdownFollowerState(108)) - omNode-2: shutdown omNode-2@group-523986131536-FollowerState
2021-12-06 20:42:55,532 [omNode-2@group-523986131536-FollowerState] INFO  server.RaftServer$Division (RaftServerImpl.java:setRole(290)) - omNode-2@group-523986131536: changes role from  FOLLOWER to CANDIDATE at term 0 for changeToCandidate
2021-12-06 20:42:55,532 [omNode-2@group-523986131536-FollowerState] INFO  server.RaftServerConfigKeys (ConfUtils.java:logGet(44)) - raft.server.leaderelection.pre-vote = false (custom)
2021-12-06 20:42:55,532 [omNode-2@group-523986131536-FollowerState] INFO  impl.RoleInfo (RoleInfo.java:updateAndGet(130)) - omNode-2: start omNode-2@group-523986131536-LeaderElection2
2021-12-06 20:42:55,555 [omNode-2@group-523986131536-LeaderElection2] INFO  impl.LeaderElection (LeaderElection.java:askForVotes(306)) - omNode-2@group-523986131536-LeaderElection2 ELECTION round 0: submit vote requests at term 1 for -1: [omNode-3|rpc:localhost:10948|priority:0, omNode-1|rpc:localhost:10936|priority:0, omNode-2|rpc:localhost:10942|priority:0], old=null
2021-12-06 20:42:55,568 [Listener at 127.0.0.1/10944] INFO  volume.HddsVolume (HddsVolume.java:<init>(120)) - Creating HddsVolume: /home/runner/work/ozone/ozone/hadoop-ozone/integration-test/target/test-dir/MiniOzoneClusterImpl-1f2ada2d-a189-4e3f-a934-1db8589ac524/datanode-0/data-0/containers/hdds of storage type : DISK capacity : 9223372036854775807
2021-12-06 20:42:55,571 [Listener at 127.0.0.1/10944] INFO  volume.MutableVolumeSet (MutableVolumeSet.java:initializeVolumeSet(168)) - Added Volume : /home/runner/work/ozone/ozone/hadoop-ozone/integration-test/target/test-dir/MiniOzoneClusterImpl-1f2ada2d-a189-4e3f-a934-1db8589ac524/datanode-0/data-0/containers/hdds to VolumeSet
2021-12-06 20:42:55,572 [Listener at 127.0.0.1/10944] INFO  volume.ThrottledAsyncChecker (ThrottledAsyncChecker.java:schedule(141)) - Scheduling a check for /home/runner/work/ozone/ozone/hadoop-ozone/integration-test/target/test-dir/MiniOzoneClusterImpl-1f2ada2d-a189-4e3f-a934-1db8589ac524/datanode-0/data-0/containers/hdds
2021-12-06 20:42:55,606 [Listener at 127.0.0.1/10944] INFO  volume.StorageVolumeChecker (StorageVolumeChecker.java:checkAllVolumes(202)) - Scheduled health check for volume /home/runner/work/ozone/ozone/hadoop-ozone/integration-test/target/test-dir/MiniOzoneClusterImpl-1f2ada2d-a189-4e3f-a934-1db8589ac524/datanode-0/data-0/containers/hdds
2021-12-06 20:42:55,643 [Listener at 127.0.0.1/10944] INFO  volume.MutableVolumeSet (MutableVolumeSet.java:initializeVolumeSet(168)) - Added Volume : /home/runner/work/ozone/ozone/hadoop-ozone/integration-test/target/test-dir/MiniOzoneClusterImpl-1f2ada2d-a189-4e3f-a934-1db8589ac524/datanode-0/data/ratis to VolumeSet
2021-12-06 20:42:55,644 [Listener at 127.0.0.1/10944] INFO  volume.ThrottledAsyncChecker (ThrottledAsyncChecker.java:schedule(141)) - Scheduling a check for /home/runner/work/ozone/ozone/hadoop-ozone/integration-test/target/test-dir/MiniOzoneClusterImpl-1f2ada2d-a189-4e3f-a934-1db8589ac524/datanode-0/data/ratis
2021-12-06 20:42:55,646 [Listener at 127.0.0.1/10944] INFO  volume.StorageVolumeChecker (StorageVolumeChecker.java:checkAllVolumes(202)) - Scheduled health check for volume /home/runner/work/ozone/ozone/hadoop-ozone/integration-test/target/test-dir/MiniOzoneClusterImpl-1f2ada2d-a189-4e3f-a934-1db8589ac524/datanode-0/data/ratis
2021-12-06 20:42:55,688 [Thread-221] INFO  ozoneimpl.ContainerReader (ContainerReader.java:readVolume(172)) - Finish verifying containers on volume /home/runner/work/ozone/ozone/hadoop-ozone/integration-test/target/test-dir/MiniOzoneClusterImpl-1f2ada2d-a189-4e3f-a934-1db8589ac524/datanode-0/data-0/containers/hdds
2021-12-06 20:42:55,688 [Listener at 127.0.0.1/10944] INFO  ozoneimpl.OzoneContainer (OzoneContainer.java:buildContainerSet(236)) - Build ContainerSet costs 0s
2021-12-06 20:42:55,819 [Listener at 127.0.0.1/10944] INFO  server.RaftServer (ConfUtils.java:logGet(44)) - raft.rpc.type = GRPC (default)
2021-12-06 20:42:55,820 [Listener at 127.0.0.1/10944] INFO  grpc.GrpcFactory (GrpcFactory.java:checkPooledByteBufAllocatorUseCacheForAllThreads(48)) - PERFORMANCE WARNING: useCacheForAllThreads is true that may cause Netty to create a lot garbage objects and, as a result, trigger GC.
	It is recommended to disable useCacheForAllThreads by setting -Dorg.apache.ratis.thirdparty.io.netty.allocator.useCacheForAllThreads=false in command line.
2021-12-06 20:42:55,821 [Listener at 127.0.0.1/10944] INFO  grpc.GrpcConfigKeys (ConfUtils.java:logGet(44)) - raft.grpc.admin.port = 0 (custom)
2021-12-06 20:42:55,822 [Listener at 127.0.0.1/10944] INFO  grpc.GrpcConfigKeys (ConfUtils.java:logGet(44)) - raft.grpc.client.port = 0 (custom)
2021-12-06 20:42:55,822 [Listener at 127.0.0.1/10944] INFO  grpc.GrpcConfigKeys (ConfUtils.java:logGet(44)) - raft.grpc.server.port = 0 (default)
2021-12-06 20:42:55,822 [Listener at 127.0.0.1/10944] INFO  server.GrpcService (ConfUtils.java:logGet(44)) - raft.grpc.message.size.max = 32MB (=33554432) (custom)
2021-12-06 20:42:55,822 [Listener at 127.0.0.1/10944] INFO  server.RaftServerConfigKeys (ConfUtils.java:logGet(44)) - raft.server.log.appender.buffer.byte-limit = 33554432 (custom)
2021-12-06 20:42:55,822 [Listener at 127.0.0.1/10944] INFO  server.GrpcService (ConfUtils.java:logGet(44)) - raft.grpc.flow.control.window = 5MB (=5242880) (custom)
2021-12-06 20:42:55,822 [Listener at 127.0.0.1/10944] INFO  server.RaftServerConfigKeys (ConfUtils.java:logGet(44)) - raft.server.rpc.request.timeout = 60s (custom)
2021-12-06 20:42:55,832 [Listener at 127.0.0.1/10944] INFO  impl.DataStreamServerImpl (ConfUtils.java:logGet(44)) - raft.datastream.type = DISABLED (default)
2021-12-06 20:42:55,843 [Listener at 127.0.0.1/10944] INFO  server.RaftServerConfigKeys (ConfUtils.java:logGet(44)) - raft.server.rpc.slowness.timeout = 300s (custom)
2021-12-06 20:42:55,844 [Listener at 127.0.0.1/10944] INFO  server.RaftServerConfigKeys (ConfUtils.java:logGet(44)) - raft.server.leaderelection.leader.step-down.wait-time = 10s (default)
2021-12-06 20:42:55,844 [Listener at 127.0.0.1/10944] INFO  server.RaftServerConfigKeys (ConfUtils.java:logGet(44)) - raft.server.storage.dir = [/home/runner/work/ozone/ozone/hadoop-ozone/integration-test/target/test-dir/MiniOzoneClusterImpl-1f2ada2d-a189-4e3f-a934-1db8589ac524/datanode-0/data/ratis] (custom)
2021-12-06 20:42:55,893 [Listener at 127.0.0.1/10944] INFO  server.XceiverServerGrpc (XceiverServerGrpc.java:<init>(132)) - GrpcServer channel type EpollServerSocketChannel
2021-12-06 20:42:55,992 [Listener at 127.0.0.1/10944] INFO  http.BaseHttpServer (BaseHttpServer.java:newHttpServer2BuilderForOzone(209)) - Starting Web-server for hddsDatanode at: http://0.0.0.0:0
2021-12-06 20:42:55,993 [Listener at 127.0.0.1/10944] INFO  http.BaseHttpServer (BaseHttpServer.java:<init>(107)) - Hadoop Security Enabled: false Ozone Security Enabled: false Ozone HTTP Security Enabled: false 
2021-12-06 20:42:55,993 [omNode-3@group-523986131536-FollowerState] INFO  impl.FollowerState (FollowerState.java:run(134)) - omNode-3@group-523986131536-FollowerState: change to CANDIDATE, lastRpcElapsedTime:1123657921ns, electionTimeout:1113ms
2021-12-06 20:42:55,994 [omNode-3@group-523986131536-FollowerState] INFO  impl.RoleInfo (RoleInfo.java:shutdownFollowerState(108)) - omNode-3: shutdown omNode-3@group-523986131536-FollowerState
2021-12-06 20:42:55,994 [omNode-3@group-523986131536-FollowerState] INFO  server.RaftServer$Division (RaftServerImpl.java:setRole(290)) - omNode-3@group-523986131536: changes role from  FOLLOWER to CANDIDATE at term 0 for changeToCandidate
2021-12-06 20:42:55,994 [omNode-3@group-523986131536-FollowerState] INFO  server.RaftServerConfigKeys (ConfUtils.java:logGet(44)) - raft.server.leaderelection.pre-vote = false (custom)
2021-12-06 20:42:55,994 [omNode-3@group-523986131536-FollowerState] INFO  impl.RoleInfo (RoleInfo.java:updateAndGet(130)) - omNode-3: start omNode-3@group-523986131536-LeaderElection3
2021-12-06 20:42:55,994 [Listener at 127.0.0.1/10944] INFO  server.AuthenticationFilter (AuthenticationFilter.java:constructSecretProvider(240)) - Unable to initialize FileSignerSecretProvider, falling back to use random secrets.
2021-12-06 20:42:55,998 [Listener at 127.0.0.1/10944] WARN  http.HttpRequestLog (HttpRequestLog.java:getRequestLog(103)) - Jetty request log can only be enabled using Log4j
2021-12-06 20:42:56,002 [Listener at 127.0.0.1/10944] INFO  http.HttpServer2 (HttpServer2.java:addGlobalFilter(1030)) - Added global filter 'safety' (class=org.apache.hadoop.hdds.server.http.HttpServer2$QuotingInputFilter)
2021-12-06 20:42:56,003 [Listener at 127.0.0.1/10944] INFO  http.HttpServer2 (HttpServer2.java:addFilter(1006)) - Added filter static_user_filter (class=org.apache.hadoop.http.lib.StaticUserWebFilter$StaticUserFilter) to context hddsDatanode
2021-12-06 20:42:56,003 [Listener at 127.0.0.1/10944] INFO  http.HttpServer2 (HttpServer2.java:addFilter(1014)) - Added filter static_user_filter (class=org.apache.hadoop.http.lib.StaticUserWebFilter$StaticUserFilter) to context static
2021-12-06 20:42:56,003 [Listener at 127.0.0.1/10944] INFO  http.HttpServer2 (HttpServer2.java:addFilter(1014)) - Added filter static_user_filter (class=org.apache.hadoop.http.lib.StaticUserWebFilter$StaticUserFilter) to context logs
2021-12-06 20:42:56,004 [Listener at 127.0.0.1/10944] INFO  http.HttpServer2 (HttpServer2.java:bindListener(1249)) - Jetty bound to port 34795
2021-12-06 20:42:56,004 [Listener at 127.0.0.1/10944] INFO  server.Server (Server.java:doStart(375)) - jetty-9.4.43.v20210629; built: 2021-06-30T11:07:22.254Z; git: 526006ecfa3af7f1a27ef3a288e2bef7ea9dd7e8; jvm 1.8.0_292-b10
2021-12-06 20:42:56,006 [Listener at 127.0.0.1/10944] INFO  server.session (DefaultSessionIdManager.java:doStart(334)) - DefaultSessionIdManager workerName=node0
2021-12-06 20:42:56,006 [Listener at 127.0.0.1/10944] INFO  server.session (DefaultSessionIdManager.java:doStart(339)) - No SessionScavenger set, using defaults
2021-12-06 20:42:56,006 [Listener at 127.0.0.1/10944] INFO  server.session (HouseKeeper.java:startScavenging(132)) - node0 Scavenging every 660000ms
2021-12-06 20:42:56,007 [Listener at 127.0.0.1/10944] INFO  handler.ContextHandler (ContextHandler.java:doStart(915)) - Started o.e.j.s.ServletContextHandler@646a5e76{logs,/logs,file:///home/runner/work/ozone/ozone/hadoop-ozone/integration-test/target/log,AVAILABLE}
2021-12-06 20:42:56,007 [Listener at 127.0.0.1/10944] INFO  handler.ContextHandler (ContextHandler.java:doStart(915)) - Started o.e.j.s.ServletContextHandler@58649b7e{static,/static,jar:file:/home/runner/.m2/repository/org/apache/ozone/hdds-container-service/1.3.0-SNAPSHOT/hdds-container-service-1.3.0-SNAPSHOT.jar!/webapps/static,AVAILABLE}
2021-12-06 20:42:56,017 [omNode-3@group-523986131536-LeaderElection3] INFO  impl.LeaderElection (LeaderElection.java:askForVotes(306)) - omNode-3@group-523986131536-LeaderElection3 ELECTION round 0: submit vote requests at term 1 for -1: [omNode-3|rpc:localhost:10948|priority:0, omNode-1|rpc:localhost:10936|priority:0, omNode-2|rpc:localhost:10942|priority:0], old=null
2021-12-06 20:42:56,063 [grpc-default-executor-1] INFO  server.RaftServer$Division (RaftServerImpl.java:requestVote(1046)) - omNode-3@group-523986131536: receive requestVote(ELECTION, omNode-1, group-523986131536, 1, (t:0, i:~))
2021-12-06 20:42:56,064 [grpc-default-executor-3] INFO  server.RaftServer$Division (RaftServerImpl.java:requestVote(1046)) - omNode-3@group-523986131536: receive requestVote(ELECTION, omNode-2, group-523986131536, 1, (t:0, i:~))
2021-12-06 20:42:56,063 [grpc-default-executor-2] INFO  server.RaftServer$Division (RaftServerImpl.java:requestVote(1046)) - omNode-1@group-523986131536: receive requestVote(ELECTION, omNode-2, group-523986131536, 1, (t:0, i:~))
2021-12-06 20:42:56,065 [grpc-default-executor-2] INFO  impl.VoteContext (VoteContext.java:log(48)) - omNode-1@group-523986131536-CANDIDATE: reject ELECTION from omNode-2: already has voted for omNode-1 at current term 1
2021-12-06 20:42:56,071 [grpc-default-executor-2] INFO  server.RaftServer$Division (RaftServerImpl.java:requestVote(1078)) - omNode-1@group-523986131536 replies to ELECTION vote request: omNode-2<-omNode-1#0:FAIL-t1. Peer's state: omNode-1@group-523986131536:t1, leader=null, voted=omNode-1, raftlog=omNode-1@group-523986131536-SegmentedRaftLog:OPENED:c-1, conf=-1: [omNode-3|rpc:localhost:10948|priority:0, omNode-1|rpc:localhost:10936|priority:0, omNode-2|rpc:localhost:10942|priority:0], old=null
2021-12-06 20:42:56,067 [grpc-default-executor-3] INFO  impl.VoteContext (VoteContext.java:log(48)) - omNode-3@group-523986131536-CANDIDATE: reject ELECTION from omNode-2: already has voted for omNode-3 at current term 1
2021-12-06 20:42:56,080 [grpc-default-executor-3] INFO  server.RaftServer$Division (RaftServerImpl.java:requestVote(1078)) - omNode-3@group-523986131536 replies to ELECTION vote request: omNode-2<-omNode-3#0:FAIL-t1. Peer's state: omNode-3@group-523986131536:t1, leader=null, voted=omNode-3, raftlog=omNode-3@group-523986131536-SegmentedRaftLog:OPENED:c-1, conf=-1: [omNode-3|rpc:localhost:10948|priority:0, omNode-1|rpc:localhost:10936|priority:0, omNode-2|rpc:localhost:10942|priority:0], old=null
2021-12-06 20:42:56,080 [grpc-default-executor-1] INFO  impl.VoteContext (VoteContext.java:log(48)) - omNode-3@group-523986131536-CANDIDATE: reject ELECTION from omNode-1: already has voted for omNode-3 at current term 1
2021-12-06 20:42:56,080 [grpc-default-executor-1] INFO  server.RaftServer$Division (RaftServerImpl.java:requestVote(1078)) - omNode-3@group-523986131536 replies to ELECTION vote request: omNode-1<-omNode-3#0:FAIL-t1. Peer's state: omNode-3@group-523986131536:t1, leader=null, voted=omNode-3, raftlog=omNode-3@group-523986131536-SegmentedRaftLog:OPENED:c-1, conf=-1: [omNode-3|rpc:localhost:10948|priority:0, omNode-1|rpc:localhost:10936|priority:0, omNode-2|rpc:localhost:10942|priority:0], old=null
2021-12-06 20:42:56,081 [grpc-default-executor-4] INFO  server.RaftServer$Division (RaftServerImpl.java:requestVote(1046)) - omNode-2@group-523986131536: receive requestVote(ELECTION, omNode-1, group-523986131536, 1, (t:0, i:~))
2021-12-06 20:42:56,081 [grpc-default-executor-4] INFO  impl.VoteContext (VoteContext.java:log(48)) - omNode-2@group-523986131536-CANDIDATE: reject ELECTION from omNode-1: already has voted for omNode-2 at current term 1
2021-12-06 20:42:56,081 [grpc-default-executor-4] INFO  server.RaftServer$Division (RaftServerImpl.java:requestVote(1078)) - omNode-2@group-523986131536 replies to ELECTION vote request: omNode-1<-omNode-2#0:FAIL-t1. Peer's state: omNode-2@group-523986131536:t1, leader=null, voted=omNode-2, raftlog=omNode-2@group-523986131536-SegmentedRaftLog:OPENED:c-1, conf=-1: [omNode-3|rpc:localhost:10948|priority:0, omNode-1|rpc:localhost:10936|priority:0, omNode-2|rpc:localhost:10942|priority:0], old=null
2021-12-06 20:42:56,108 [omNode-2@group-523986131536-LeaderElection2] INFO  impl.LeaderElection (LeaderElection.java:logAndReturn(89)) - omNode-2@group-523986131536-LeaderElection2: ELECTION REJECTED received 2 response(s) and 0 exception(s):
2021-12-06 20:42:56,108 [omNode-2@group-523986131536-LeaderElection2] INFO  impl.LeaderElection (LeaderElection.java:logAndReturn(93)) -   Response 0: omNode-2<-omNode-3#0:FAIL-t1
2021-12-06 20:42:56,108 [omNode-2@group-523986131536-LeaderElection2] INFO  impl.LeaderElection (LeaderElection.java:logAndReturn(93)) -   Response 1: omNode-2<-omNode-1#0:FAIL-t1
2021-12-06 20:42:56,108 [omNode-2@group-523986131536-LeaderElection2] INFO  impl.LeaderElection (LeaderElection.java:askForVotes(308)) - omNode-2@group-523986131536-LeaderElection2 ELECTION round 0: result REJECTED
2021-12-06 20:42:56,109 [omNode-2@group-523986131536-LeaderElection2] INFO  server.RaftServer$Division (RaftServerImpl.java:setRole(290)) - omNode-2@group-523986131536: changes role from CANDIDATE to FOLLOWER at term 1 for REJECTED
2021-12-06 20:42:56,109 [omNode-2@group-523986131536-LeaderElection2] INFO  impl.RoleInfo (RoleInfo.java:shutdownLeaderElection(121)) - omNode-2: shutdown omNode-2@group-523986131536-LeaderElection2
2021-12-06 20:42:56,109 [omNode-2@group-523986131536-LeaderElection2] INFO  impl.RoleInfo (RoleInfo.java:updateAndGet(130)) - omNode-2: start omNode-2@group-523986131536-FollowerState
2021-12-06 20:42:56,120 [omNode-1@group-523986131536-LeaderElection1] INFO  impl.LeaderElection (LeaderElection.java:logAndReturn(89)) - omNode-1@group-523986131536-LeaderElection1: ELECTION REJECTED received 2 response(s) and 0 exception(s):
2021-12-06 20:42:56,120 [omNode-1@group-523986131536-LeaderElection1] INFO  impl.LeaderElection (LeaderElection.java:logAndReturn(93)) -   Response 0: omNode-1<-omNode-3#0:FAIL-t1
2021-12-06 20:42:56,120 [omNode-1@group-523986131536-LeaderElection1] INFO  impl.LeaderElection (LeaderElection.java:logAndReturn(93)) -   Response 1: omNode-1<-omNode-2#0:FAIL-t1
2021-12-06 20:42:56,120 [omNode-1@group-523986131536-LeaderElection1] INFO  impl.LeaderElection (LeaderElection.java:askForVotes(308)) - omNode-1@group-523986131536-LeaderElection1 ELECTION round 0: result REJECTED
2021-12-06 20:42:56,120 [omNode-1@group-523986131536-LeaderElection1] INFO  server.RaftServer$Division (RaftServerImpl.java:setRole(290)) - omNode-1@group-523986131536: changes role from CANDIDATE to FOLLOWER at term 1 for REJECTED
2021-12-06 20:42:56,120 [omNode-1@group-523986131536-LeaderElection1] INFO  impl.RoleInfo (RoleInfo.java:shutdownLeaderElection(121)) - omNode-1: shutdown omNode-1@group-523986131536-LeaderElection1
2021-12-06 20:42:56,120 [omNode-1@group-523986131536-LeaderElection1] INFO  impl.RoleInfo (RoleInfo.java:updateAndGet(130)) - omNode-1: start omNode-1@group-523986131536-FollowerState
2021-12-06 20:42:56,125 [grpc-default-executor-4] INFO  server.RaftServer$Division (RaftServerImpl.java:requestVote(1046)) - omNode-1@group-523986131536: receive requestVote(ELECTION, omNode-3, group-523986131536, 1, (t:0, i:~))
2021-12-06 20:42:56,125 [grpc-default-executor-4] INFO  impl.VoteContext (VoteContext.java:log(48)) - omNode-1@group-523986131536-FOLLOWER: reject ELECTION from omNode-3: already has voted for omNode-1 at current term 1
2021-12-06 20:42:56,125 [grpc-default-executor-4] INFO  server.RaftServer$Division (RaftServerImpl.java:requestVote(1078)) - omNode-1@group-523986131536 replies to ELECTION vote request: omNode-3<-omNode-1#0:FAIL-t1. Peer's state: omNode-1@group-523986131536:t1, leader=null, voted=omNode-1, raftlog=omNode-1@group-523986131536-SegmentedRaftLog:OPENED:c-1, conf=-1: [omNode-3|rpc:localhost:10948|priority:0, omNode-1|rpc:localhost:10936|priority:0, omNode-2|rpc:localhost:10942|priority:0], old=null
2021-12-06 20:42:56,131 [grpc-default-executor-4] INFO  server.RaftServer$Division (RaftServerImpl.java:requestVote(1046)) - omNode-2@group-523986131536: receive requestVote(ELECTION, omNode-3, group-523986131536, 1, (t:0, i:~))
2021-12-06 20:42:56,131 [grpc-default-executor-4] INFO  impl.VoteContext (VoteContext.java:log(48)) - omNode-2@group-523986131536-FOLLOWER: reject ELECTION from omNode-3: already has voted for omNode-2 at current term 1
2021-12-06 20:42:56,131 [grpc-default-executor-4] INFO  server.RaftServer$Division (RaftServerImpl.java:requestVote(1078)) - omNode-2@group-523986131536 replies to ELECTION vote request: omNode-3<-omNode-2#0:FAIL-t1. Peer's state: omNode-2@group-523986131536:t1, leader=null, voted=omNode-2, raftlog=omNode-2@group-523986131536-SegmentedRaftLog:OPENED:c-1, conf=-1: [omNode-3|rpc:localhost:10948|priority:0, omNode-1|rpc:localhost:10936|priority:0, omNode-2|rpc:localhost:10942|priority:0], old=null
2021-12-06 20:42:56,133 [omNode-3@group-523986131536-LeaderElection3] INFO  impl.LeaderElection (LeaderElection.java:logAndReturn(89)) - omNode-3@group-523986131536-LeaderElection3: ELECTION REJECTED received 2 response(s) and 0 exception(s):
2021-12-06 20:42:56,133 [omNode-3@group-523986131536-LeaderElection3] INFO  impl.LeaderElection (LeaderElection.java:logAndReturn(93)) -   Response 0: omNode-3<-omNode-1#0:FAIL-t1
2021-12-06 20:42:56,134 [omNode-3@group-523986131536-LeaderElection3] INFO  impl.LeaderElection (LeaderElection.java:logAndReturn(93)) -   Response 1: omNode-3<-omNode-2#0:FAIL-t1
2021-12-06 20:42:56,134 [omNode-3@group-523986131536-LeaderElection3] INFO  impl.LeaderElection (LeaderElection.java:askForVotes(308)) - omNode-3@group-523986131536-LeaderElection3 ELECTION round 0: result REJECTED
2021-12-06 20:42:56,134 [omNode-3@group-523986131536-LeaderElection3] INFO  server.RaftServer$Division (RaftServerImpl.java:setRole(290)) - omNode-3@group-523986131536: changes role from CANDIDATE to FOLLOWER at term 1 for REJECTED
2021-12-06 20:42:56,135 [omNode-3@group-523986131536-LeaderElection3] INFO  impl.RoleInfo (RoleInfo.java:shutdownLeaderElection(121)) - omNode-3: shutdown omNode-3@group-523986131536-LeaderElection3
2021-12-06 20:42:56,135 [omNode-3@group-523986131536-LeaderElection3] INFO  impl.RoleInfo (RoleInfo.java:updateAndGet(130)) - omNode-3: start omNode-3@group-523986131536-FollowerState
2021-12-06 20:42:56,148 [Listener at 127.0.0.1/10944] INFO  handler.ContextHandler (ContextHandler.java:doStart(915)) - Started o.e.j.w.WebAppContext@5e3d3bfd{hddsDatanode,/,file:///tmp/jetty-0_0_0_0-34795-hdds-container-service-1_3_0-SNAPSHOT_jar-_-any-601137264065608137/webapp/,AVAILABLE}{jar:file:/home/runner/.m2/repository/org/apache/ozone/hdds-container-service/1.3.0-SNAPSHOT/hdds-container-service-1.3.0-SNAPSHOT.jar!/webapps/hddsDatanode}
2021-12-06 20:42:56,149 [Listener at 127.0.0.1/10944] INFO  server.AbstractConnector (AbstractConnector.java:doStart(331)) - Started ServerConnector@11092844{HTTP/1.1, (http/1.1)}{0.0.0.0:34795}
2021-12-06 20:42:56,149 [Listener at 127.0.0.1/10944] INFO  server.Server (Server.java:doStart(415)) - Started @8451ms
2021-12-06 20:42:56,150 [Listener at 127.0.0.1/10944] WARN  impl.MetricsSystemImpl (MetricsSystemImpl.java:register(279)) - Sink prometheus already exists!
2021-12-06 20:42:56,150 [Listener at 127.0.0.1/10944] INFO  http.BaseHttpServer (BaseHttpServer.java:updateConnectorAddress(329)) - HTTP server of hddsDatanode listening at http://0.0.0.0:34795
2021-12-06 20:42:56,152 [Listener at 127.0.0.1/10944] WARN  impl.MetricRegistriesImpl (MetricRegistriesImpl.java:addReporterRegistration(111)) - New reporters are added after registries were created. Some metrics will be missing from the reporter. Please add reporter before adding any new registry.
2021-12-06 20:42:56,152 [Listener at 127.0.0.1/10944] WARN  impl.MetricRegistriesImpl (MetricRegistriesImpl.java:addReporterRegistration(111)) - New reporters are added after registries were created. Some metrics will be missing from the reporter. Please add reporter before adding any new registry.
2021-12-06 20:42:56,152 [Listener at 127.0.0.1/10944] INFO  impl.MetricsSystemImpl (MetricsSystemImpl.java:init(158)) - HddsDatanode metrics system started (again)
2021-12-06 20:42:56,159 [Datanode State Machine Daemon Thread] INFO  statemachine.DatanodeStateMachine (DatanodeStateMachine.java:lambda$startDaemon$0(467)) - Ozone container server started.
2021-12-06 20:42:56,168 [Listener at 127.0.0.1/10944] INFO  ozone.HddsDatanodeService (HddsDatanodeService.java:start(234)) - HddsDatanodeService host:fv-az151-352.yf2hydr00wburbhx3j5hxtcipe.bx.internal.cloudapp.net ip:10.1.0.39
2021-12-06 20:42:56,179 [org.apache.hadoop.util.JvmPauseMonitor$Monitor@14bec2c] INFO  util.JvmPauseMonitor (JvmPauseMonitor.java:run(188)) - Starting JVM pause monitor
2021-12-06 20:42:56,192 [Listener at 127.0.0.1/10944] INFO  upgrade.AbstractLayoutVersionManager (AbstractLayoutVersionManager.java:init(79)) - Initializing Layout version manager with metadata layout = SCM_HA (version = 2), software layout = SCM_HA (version = 2)
2021-12-06 20:42:56,248 [Listener at 127.0.0.1/10944] INFO  reflections.Reflections (Reflections.java:scan(232)) - Reflections took 55 ms to scan 7 urls, producing 119 keys and 279 values 
2021-12-06 20:42:56,250 [Listener at 127.0.0.1/10944] INFO  statemachine.DatanodeStateMachine (DatanodeStateMachine.java:getEndPointTaskThreadPoolSize(219)) - Datanode State Machine Task Thread Pool size 2
2021-12-06 20:42:56,252 [Listener at 127.0.0.1/10944] INFO  volume.HddsVolume (HddsVolume.java:<init>(120)) - Creating HddsVolume: /home/runner/work/ozone/ozone/hadoop-ozone/integration-test/target/test-dir/MiniOzoneClusterImpl-1f2ada2d-a189-4e3f-a934-1db8589ac524/datanode-1/data-0/containers/hdds of storage type : DISK capacity : 9223372036854775807
2021-12-06 20:42:56,252 [Listener at 127.0.0.1/10944] INFO  volume.MutableVolumeSet (MutableVolumeSet.java:initializeVolumeSet(168)) - Added Volume : /home/runner/work/ozone/ozone/hadoop-ozone/integration-test/target/test-dir/MiniOzoneClusterImpl-1f2ada2d-a189-4e3f-a934-1db8589ac524/datanode-1/data-0/containers/hdds to VolumeSet
2021-12-06 20:42:56,252 [Listener at 127.0.0.1/10944] INFO  volume.ThrottledAsyncChecker (ThrottledAsyncChecker.java:schedule(141)) - Scheduling a check for /home/runner/work/ozone/ozone/hadoop-ozone/integration-test/target/test-dir/MiniOzoneClusterImpl-1f2ada2d-a189-4e3f-a934-1db8589ac524/datanode-1/data-0/containers/hdds
2021-12-06 20:42:56,253 [Listener at 127.0.0.1/10944] INFO  volume.StorageVolumeChecker (StorageVolumeChecker.java:checkAllVolumes(202)) - Scheduled health check for volume /home/runner/work/ozone/ozone/hadoop-ozone/integration-test/target/test-dir/MiniOzoneClusterImpl-1f2ada2d-a189-4e3f-a934-1db8589ac524/datanode-1/data-0/containers/hdds
2021-12-06 20:42:56,268 [Listener at 127.0.0.1/10944] INFO  volume.MutableVolumeSet (MutableVolumeSet.java:initializeVolumeSet(168)) - Added Volume : /home/runner/work/ozone/ozone/hadoop-ozone/integration-test/target/test-dir/MiniOzoneClusterImpl-1f2ada2d-a189-4e3f-a934-1db8589ac524/datanode-1/data/ratis to VolumeSet
2021-12-06 20:42:56,268 [Listener at 127.0.0.1/10944] INFO  volume.ThrottledAsyncChecker (ThrottledAsyncChecker.java:schedule(141)) - Scheduling a check for /home/runner/work/ozone/ozone/hadoop-ozone/integration-test/target/test-dir/MiniOzoneClusterImpl-1f2ada2d-a189-4e3f-a934-1db8589ac524/datanode-1/data/ratis
2021-12-06 20:42:56,269 [Listener at 127.0.0.1/10944] INFO  volume.StorageVolumeChecker (StorageVolumeChecker.java:checkAllVolumes(202)) - Scheduled health check for volume /home/runner/work/ozone/ozone/hadoop-ozone/integration-test/target/test-dir/MiniOzoneClusterImpl-1f2ada2d-a189-4e3f-a934-1db8589ac524/datanode-1/data/ratis
2021-12-06 20:42:56,283 [Thread-239] INFO  ozoneimpl.ContainerReader (ContainerReader.java:readVolume(172)) - Finish verifying containers on volume /home/runner/work/ozone/ozone/hadoop-ozone/integration-test/target/test-dir/MiniOzoneClusterImpl-1f2ada2d-a189-4e3f-a934-1db8589ac524/datanode-1/data-0/containers/hdds
2021-12-06 20:42:56,284 [Listener at 127.0.0.1/10944] INFO  ozoneimpl.OzoneContainer (OzoneContainer.java:buildContainerSet(236)) - Build ContainerSet costs 0s
2021-12-06 20:42:56,287 [Listener at 127.0.0.1/10944] INFO  server.RaftServer (ConfUtils.java:logGet(44)) - raft.rpc.type = GRPC (default)
2021-12-06 20:42:56,287 [Listener at 127.0.0.1/10944] INFO  grpc.GrpcFactory (GrpcFactory.java:checkPooledByteBufAllocatorUseCacheForAllThreads(48)) - PERFORMANCE WARNING: useCacheForAllThreads is true that may cause Netty to create a lot garbage objects and, as a result, trigger GC.
	It is recommended to disable useCacheForAllThreads by setting -Dorg.apache.ratis.thirdparty.io.netty.allocator.useCacheForAllThreads=false in command line.
2021-12-06 20:42:56,288 [Listener at 127.0.0.1/10944] INFO  grpc.GrpcConfigKeys (ConfUtils.java:logGet(44)) - raft.grpc.admin.port = 0 (custom)
2021-12-06 20:42:56,288 [Listener at 127.0.0.1/10944] INFO  grpc.GrpcConfigKeys (ConfUtils.java:logGet(44)) - raft.grpc.client.port = 0 (custom)
2021-12-06 20:42:56,288 [Listener at 127.0.0.1/10944] INFO  grpc.GrpcConfigKeys (ConfUtils.java:logGet(44)) - raft.grpc.server.port = 0 (default)
2021-12-06 20:42:56,288 [Listener at 127.0.0.1/10944] INFO  server.GrpcService (ConfUtils.java:logGet(44)) - raft.grpc.message.size.max = 32MB (=33554432) (custom)
2021-12-06 20:42:56,288 [Listener at 127.0.0.1/10944] INFO  server.RaftServerConfigKeys (ConfUtils.java:logGet(44)) - raft.server.log.appender.buffer.byte-limit = 33554432 (custom)
2021-12-06 20:42:56,288 [Listener at 127.0.0.1/10944] INFO  server.GrpcService (ConfUtils.java:logGet(44)) - raft.grpc.flow.control.window = 5MB (=5242880) (custom)
2021-12-06 20:42:56,288 [Listener at 127.0.0.1/10944] INFO  server.RaftServerConfigKeys (ConfUtils.java:logGet(44)) - raft.server.rpc.request.timeout = 60s (custom)
2021-12-06 20:42:56,289 [Listener at 127.0.0.1/10944] INFO  impl.DataStreamServerImpl (ConfUtils.java:logGet(44)) - raft.datastream.type = DISABLED (default)
2021-12-06 20:42:56,290 [Listener at 127.0.0.1/10944] INFO  server.RaftServerConfigKeys (ConfUtils.java:logGet(44)) - raft.server.rpc.slowness.timeout = 300s (custom)
2021-12-06 20:42:56,290 [Listener at 127.0.0.1/10944] INFO  server.RaftServerConfigKeys (ConfUtils.java:logGet(44)) - raft.server.leaderelection.leader.step-down.wait-time = 10s (default)
2021-12-06 20:42:56,290 [Listener at 127.0.0.1/10944] INFO  server.RaftServerConfigKeys (ConfUtils.java:logGet(44)) - raft.server.storage.dir = [/home/runner/work/ozone/ozone/hadoop-ozone/integration-test/target/test-dir/MiniOzoneClusterImpl-1f2ada2d-a189-4e3f-a934-1db8589ac524/datanode-1/data/ratis] (custom)
2021-12-06 20:42:56,295 [Listener at 127.0.0.1/10944] INFO  server.XceiverServerGrpc (XceiverServerGrpc.java:<init>(132)) - GrpcServer channel type EpollServerSocketChannel
2021-12-06 20:42:56,305 [Listener at 127.0.0.1/10944] INFO  http.BaseHttpServer (BaseHttpServer.java:newHttpServer2BuilderForOzone(209)) - Starting Web-server for hddsDatanode at: http://0.0.0.0:0
2021-12-06 20:42:56,305 [Listener at 127.0.0.1/10944] INFO  http.BaseHttpServer (BaseHttpServer.java:<init>(107)) - Hadoop Security Enabled: false Ozone Security Enabled: false Ozone HTTP Security Enabled: false 
2021-12-06 20:42:56,308 [Listener at 127.0.0.1/10944] INFO  server.AuthenticationFilter (AuthenticationFilter.java:constructSecretProvider(240)) - Unable to initialize FileSignerSecretProvider, falling back to use random secrets.
2021-12-06 20:42:56,309 [Listener at 127.0.0.1/10944] WARN  http.HttpRequestLog (HttpRequestLog.java:getRequestLog(103)) - Jetty request log can only be enabled using Log4j
2021-12-06 20:42:56,310 [Listener at 127.0.0.1/10944] INFO  http.HttpServer2 (HttpServer2.java:addGlobalFilter(1030)) - Added global filter 'safety' (class=org.apache.hadoop.hdds.server.http.HttpServer2$QuotingInputFilter)
2021-12-06 20:42:56,311 [Listener at 127.0.0.1/10944] INFO  http.HttpServer2 (HttpServer2.java:addFilter(1006)) - Added filter static_user_filter (class=org.apache.hadoop.http.lib.StaticUserWebFilter$StaticUserFilter) to context hddsDatanode
2021-12-06 20:42:56,311 [Listener at 127.0.0.1/10944] INFO  http.HttpServer2 (HttpServer2.java:addFilter(1014)) - Added filter static_user_filter (class=org.apache.hadoop.http.lib.StaticUserWebFilter$StaticUserFilter) to context static
2021-12-06 20:42:56,311 [Listener at 127.0.0.1/10944] INFO  http.HttpServer2 (HttpServer2.java:addFilter(1014)) - Added filter static_user_filter (class=org.apache.hadoop.http.lib.StaticUserWebFilter$StaticUserFilter) to context logs
2021-12-06 20:42:56,311 [Listener at 127.0.0.1/10944] INFO  http.HttpServer2 (HttpServer2.java:bindListener(1249)) - Jetty bound to port 34465
2021-12-06 20:42:56,312 [Listener at 127.0.0.1/10944] INFO  server.Server (Server.java:doStart(375)) - jetty-9.4.43.v20210629; built: 2021-06-30T11:07:22.254Z; git: 526006ecfa3af7f1a27ef3a288e2bef7ea9dd7e8; jvm 1.8.0_292-b10
2021-12-06 20:42:56,316 [Listener at 127.0.0.1/10944] INFO  server.session (DefaultSessionIdManager.java:doStart(334)) - DefaultSessionIdManager workerName=node0
2021-12-06 20:42:56,316 [Listener at 127.0.0.1/10944] INFO  server.session (DefaultSessionIdManager.java:doStart(339)) - No SessionScavenger set, using defaults
2021-12-06 20:42:56,316 [Listener at 127.0.0.1/10944] INFO  server.session (HouseKeeper.java:startScavenging(132)) - node0 Scavenging every 660000ms
2021-12-06 20:42:56,317 [Listener at 127.0.0.1/10944] INFO  handler.ContextHandler (ContextHandler.java:doStart(915)) - Started o.e.j.s.ServletContextHandler@1dbecb0a{logs,/logs,file:///home/runner/work/ozone/ozone/hadoop-ozone/integration-test/target/log,AVAILABLE}
2021-12-06 20:42:56,318 [Listener at 127.0.0.1/10944] INFO  handler.ContextHandler (ContextHandler.java:doStart(915)) - Started o.e.j.s.ServletContextHandler@31ca510a{static,/static,jar:file:/home/runner/.m2/repository/org/apache/ozone/hdds-container-service/1.3.0-SNAPSHOT/hdds-container-service-1.3.0-SNAPSHOT.jar!/webapps/static,AVAILABLE}
2021-12-06 20:42:56,344 [Datanode State Machine Task Thread - 0] INFO  datanode.InitDatanodeState (InitDatanodeState.java:persistContainerDatanodeDetails(145)) - DatanodeDetails is persisted to /home/runner/work/ozone/ozone/hadoop-ozone/integration-test/target/test-dir/MiniOzoneClusterImpl-1f2ada2d-a189-4e3f-a934-1db8589ac524/datanode-0/meta/datanode.id
2021-12-06 20:42:56,376 [Listener at 127.0.0.1/10944] INFO  handler.ContextHandler (ContextHandler.java:doStart(915)) - Started o.e.j.w.WebAppContext@57e3a1b8{hddsDatanode,/,file:///tmp/jetty-0_0_0_0-34465-hdds-container-service-1_3_0-SNAPSHOT_jar-_-any-3697200548743880772/webapp/,AVAILABLE}{jar:file:/home/runner/.m2/repository/org/apache/ozone/hdds-container-service/1.3.0-SNAPSHOT/hdds-container-service-1.3.0-SNAPSHOT.jar!/webapps/hddsDatanode}
2021-12-06 20:42:56,379 [Listener at 127.0.0.1/10944] INFO  server.AbstractConnector (AbstractConnector.java:doStart(331)) - Started ServerConnector@5c447983{HTTP/1.1, (http/1.1)}{0.0.0.0:34465}
2021-12-06 20:42:56,380 [Listener at 127.0.0.1/10944] INFO  server.Server (Server.java:doStart(415)) - Started @8681ms
2021-12-06 20:42:56,380 [Listener at 127.0.0.1/10944] WARN  impl.MetricsSystemImpl (MetricsSystemImpl.java:register(279)) - Sink prometheus already exists!
2021-12-06 20:42:56,380 [Listener at 127.0.0.1/10944] INFO  http.BaseHttpServer (BaseHttpServer.java:updateConnectorAddress(329)) - HTTP server of hddsDatanode listening at http://0.0.0.0:34465
2021-12-06 20:42:56,383 [Listener at 127.0.0.1/10944] WARN  impl.MetricRegistriesImpl (MetricRegistriesImpl.java:addReporterRegistration(111)) - New reporters are added after registries were created. Some metrics will be missing from the reporter. Please add reporter before adding any new registry.
2021-12-06 20:42:56,383 [Listener at 127.0.0.1/10944] WARN  impl.MetricRegistriesImpl (MetricRegistriesImpl.java:addReporterRegistration(111)) - New reporters are added after registries were created. Some metrics will be missing from the reporter. Please add reporter before adding any new registry.
2021-12-06 20:42:56,383 [Listener at 127.0.0.1/10944] INFO  impl.MetricsSystemImpl (MetricsSystemImpl.java:init(158)) - HddsDatanode metrics system started (again)
2021-12-06 20:42:56,384 [Datanode State Machine Daemon Thread] INFO  statemachine.DatanodeStateMachine (DatanodeStateMachine.java:lambda$startDaemon$0(467)) - Ozone container server started.
2021-12-06 20:42:56,403 [org.apache.hadoop.util.JvmPauseMonitor$Monitor@1fb97188] INFO  util.JvmPauseMonitor (JvmPauseMonitor.java:run(188)) - Starting JVM pause monitor
2021-12-06 20:42:56,407 [Listener at 127.0.0.1/10944] INFO  ozone.HddsDatanodeService (HddsDatanodeService.java:start(234)) - HddsDatanodeService host:fv-az151-352.yf2hydr00wburbhx3j5hxtcipe.bx.internal.cloudapp.net ip:10.1.0.39
2021-12-06 20:42:56,415 [Datanode State Machine Task Thread - 0] INFO  datanode.InitDatanodeState (InitDatanodeState.java:persistContainerDatanodeDetails(145)) - DatanodeDetails is persisted to /home/runner/work/ozone/ozone/hadoop-ozone/integration-test/target/test-dir/MiniOzoneClusterImpl-1f2ada2d-a189-4e3f-a934-1db8589ac524/datanode-1/meta/datanode.id
2021-12-06 20:42:56,430 [Listener at 127.0.0.1/10944] INFO  upgrade.AbstractLayoutVersionManager (AbstractLayoutVersionManager.java:init(79)) - Initializing Layout version manager with metadata layout = SCM_HA (version = 2), software layout = SCM_HA (version = 2)
2021-12-06 20:42:56,473 [Listener at 127.0.0.1/10944] INFO  reflections.Reflections (Reflections.java:scan(232)) - Reflections took 41 ms to scan 7 urls, producing 119 keys and 279 values 
2021-12-06 20:42:56,475 [Listener at 127.0.0.1/10944] INFO  statemachine.DatanodeStateMachine (DatanodeStateMachine.java:getEndPointTaskThreadPoolSize(219)) - Datanode State Machine Task Thread Pool size 2
2021-12-06 20:42:56,476 [Listener at 127.0.0.1/10944] INFO  volume.HddsVolume (HddsVolume.java:<init>(120)) - Creating HddsVolume: /home/runner/work/ozone/ozone/hadoop-ozone/integration-test/target/test-dir/MiniOzoneClusterImpl-1f2ada2d-a189-4e3f-a934-1db8589ac524/datanode-2/data-0/containers/hdds of storage type : DISK capacity : 9223372036854775807
2021-12-06 20:42:56,477 [Listener at 127.0.0.1/10944] INFO  volume.MutableVolumeSet (MutableVolumeSet.java:initializeVolumeSet(168)) - Added Volume : /home/runner/work/ozone/ozone/hadoop-ozone/integration-test/target/test-dir/MiniOzoneClusterImpl-1f2ada2d-a189-4e3f-a934-1db8589ac524/datanode-2/data-0/containers/hdds to VolumeSet
2021-12-06 20:42:56,477 [Listener at 127.0.0.1/10944] INFO  volume.ThrottledAsyncChecker (ThrottledAsyncChecker.java:schedule(141)) - Scheduling a check for /home/runner/work/ozone/ozone/hadoop-ozone/integration-test/target/test-dir/MiniOzoneClusterImpl-1f2ada2d-a189-4e3f-a934-1db8589ac524/datanode-2/data-0/containers/hdds
2021-12-06 20:42:56,478 [Listener at 127.0.0.1/10944] INFO  volume.StorageVolumeChecker (StorageVolumeChecker.java:checkAllVolumes(202)) - Scheduled health check for volume /home/runner/work/ozone/ozone/hadoop-ozone/integration-test/target/test-dir/MiniOzoneClusterImpl-1f2ada2d-a189-4e3f-a934-1db8589ac524/datanode-2/data-0/containers/hdds
2021-12-06 20:42:56,492 [Listener at 127.0.0.1/10944] INFO  volume.MutableVolumeSet (MutableVolumeSet.java:initializeVolumeSet(168)) - Added Volume : /home/runner/work/ozone/ozone/hadoop-ozone/integration-test/target/test-dir/MiniOzoneClusterImpl-1f2ada2d-a189-4e3f-a934-1db8589ac524/datanode-2/data/ratis to VolumeSet
2021-12-06 20:42:56,492 [Listener at 127.0.0.1/10944] INFO  volume.ThrottledAsyncChecker (ThrottledAsyncChecker.java:schedule(141)) - Scheduling a check for /home/runner/work/ozone/ozone/hadoop-ozone/integration-test/target/test-dir/MiniOzoneClusterImpl-1f2ada2d-a189-4e3f-a934-1db8589ac524/datanode-2/data/ratis
2021-12-06 20:42:56,492 [Listener at 127.0.0.1/10944] INFO  volume.StorageVolumeChecker (StorageVolumeChecker.java:checkAllVolumes(202)) - Scheduled health check for volume /home/runner/work/ozone/ozone/hadoop-ozone/integration-test/target/test-dir/MiniOzoneClusterImpl-1f2ada2d-a189-4e3f-a934-1db8589ac524/datanode-2/data/ratis
2021-12-06 20:42:56,507 [Thread-251] INFO  ozoneimpl.ContainerReader (ContainerReader.java:readVolume(172)) - Finish verifying containers on volume /home/runner/work/ozone/ozone/hadoop-ozone/integration-test/target/test-dir/MiniOzoneClusterImpl-1f2ada2d-a189-4e3f-a934-1db8589ac524/datanode-2/data-0/containers/hdds
2021-12-06 20:42:56,508 [Listener at 127.0.0.1/10944] INFO  ozoneimpl.OzoneContainer (OzoneContainer.java:buildContainerSet(236)) - Build ContainerSet costs 0s
2021-12-06 20:42:56,511 [Listener at 127.0.0.1/10944] INFO  server.RaftServer (ConfUtils.java:logGet(44)) - raft.rpc.type = GRPC (default)
2021-12-06 20:42:56,511 [Listener at 127.0.0.1/10944] INFO  grpc.GrpcFactory (GrpcFactory.java:checkPooledByteBufAllocatorUseCacheForAllThreads(48)) - PERFORMANCE WARNING: useCacheForAllThreads is true that may cause Netty to create a lot garbage objects and, as a result, trigger GC.
	It is recommended to disable useCacheForAllThreads by setting -Dorg.apache.ratis.thirdparty.io.netty.allocator.useCacheForAllThreads=false in command line.
2021-12-06 20:42:56,511 [Listener at 127.0.0.1/10944] INFO  grpc.GrpcConfigKeys (ConfUtils.java:logGet(44)) - raft.grpc.admin.port = 0 (custom)
2021-12-06 20:42:56,512 [Listener at 127.0.0.1/10944] INFO  grpc.GrpcConfigKeys (ConfUtils.java:logGet(44)) - raft.grpc.client.port = 0 (custom)
2021-12-06 20:42:56,512 [Listener at 127.0.0.1/10944] INFO  grpc.GrpcConfigKeys (ConfUtils.java:logGet(44)) - raft.grpc.server.port = 0 (default)
2021-12-06 20:42:56,512 [Listener at 127.0.0.1/10944] INFO  server.GrpcService (ConfUtils.java:logGet(44)) - raft.grpc.message.size.max = 32MB (=33554432) (custom)
2021-12-06 20:42:56,512 [Listener at 127.0.0.1/10944] INFO  server.RaftServerConfigKeys (ConfUtils.java:logGet(44)) - raft.server.log.appender.buffer.byte-limit = 33554432 (custom)
2021-12-06 20:42:56,512 [Listener at 127.0.0.1/10944] INFO  server.GrpcService (ConfUtils.java:logGet(44)) - raft.grpc.flow.control.window = 5MB (=5242880) (custom)
2021-12-06 20:42:56,512 [Listener at 127.0.0.1/10944] INFO  server.RaftServerConfigKeys (ConfUtils.java:logGet(44)) - raft.server.rpc.request.timeout = 60s (custom)
2021-12-06 20:42:56,513 [Listener at 127.0.0.1/10944] INFO  impl.DataStreamServerImpl (ConfUtils.java:logGet(44)) - raft.datastream.type = DISABLED (default)
2021-12-06 20:42:56,514 [Listener at 127.0.0.1/10944] INFO  server.RaftServerConfigKeys (ConfUtils.java:logGet(44)) - raft.server.rpc.slowness.timeout = 300s (custom)
2021-12-06 20:42:56,514 [Listener at 127.0.0.1/10944] INFO  server.RaftServerConfigKeys (ConfUtils.java:logGet(44)) - raft.server.leaderelection.leader.step-down.wait-time = 10s (default)
2021-12-06 20:42:56,514 [Listener at 127.0.0.1/10944] INFO  server.RaftServerConfigKeys (ConfUtils.java:logGet(44)) - raft.server.storage.dir = [/home/runner/work/ozone/ozone/hadoop-ozone/integration-test/target/test-dir/MiniOzoneClusterImpl-1f2ada2d-a189-4e3f-a934-1db8589ac524/datanode-2/data/ratis] (custom)
2021-12-06 20:42:56,515 [Listener at 127.0.0.1/10944] INFO  server.XceiverServerGrpc (XceiverServerGrpc.java:<init>(132)) - GrpcServer channel type EpollServerSocketChannel
2021-12-06 20:42:56,518 [Listener at 127.0.0.1/10944] INFO  http.BaseHttpServer (BaseHttpServer.java:newHttpServer2BuilderForOzone(209)) - Starting Web-server for hddsDatanode at: http://0.0.0.0:0
2021-12-06 20:42:56,518 [Listener at 127.0.0.1/10944] INFO  http.BaseHttpServer (BaseHttpServer.java:<init>(107)) - Hadoop Security Enabled: false Ozone Security Enabled: false Ozone HTTP Security Enabled: false 
2021-12-06 20:42:56,519 [Listener at 127.0.0.1/10944] INFO  server.AuthenticationFilter (AuthenticationFilter.java:constructSecretProvider(240)) - Unable to initialize FileSignerSecretProvider, falling back to use random secrets.
2021-12-06 20:42:56,524 [Listener at 127.0.0.1/10944] WARN  http.HttpRequestLog (HttpRequestLog.java:getRequestLog(103)) - Jetty request log can only be enabled using Log4j
2021-12-06 20:42:56,525 [Listener at 127.0.0.1/10944] INFO  http.HttpServer2 (HttpServer2.java:addGlobalFilter(1030)) - Added global filter 'safety' (class=org.apache.hadoop.hdds.server.http.HttpServer2$QuotingInputFilter)
2021-12-06 20:42:56,526 [Listener at 127.0.0.1/10944] INFO  http.HttpServer2 (HttpServer2.java:addFilter(1006)) - Added filter static_user_filter (class=org.apache.hadoop.http.lib.StaticUserWebFilter$StaticUserFilter) to context hddsDatanode
2021-12-06 20:42:56,526 [Listener at 127.0.0.1/10944] INFO  http.HttpServer2 (HttpServer2.java:addFilter(1014)) - Added filter static_user_filter (class=org.apache.hadoop.http.lib.StaticUserWebFilter$StaticUserFilter) to context static
2021-12-06 20:42:56,526 [Listener at 127.0.0.1/10944] INFO  http.HttpServer2 (HttpServer2.java:addFilter(1014)) - Added filter static_user_filter (class=org.apache.hadoop.http.lib.StaticUserWebFilter$StaticUserFilter) to context logs
2021-12-06 20:42:56,527 [Listener at 127.0.0.1/10944] INFO  http.HttpServer2 (HttpServer2.java:bindListener(1249)) - Jetty bound to port 39359
2021-12-06 20:42:56,527 [Listener at 127.0.0.1/10944] INFO  server.Server (Server.java:doStart(375)) - jetty-9.4.43.v20210629; built: 2021-06-30T11:07:22.254Z; git: 526006ecfa3af7f1a27ef3a288e2bef7ea9dd7e8; jvm 1.8.0_292-b10
2021-12-06 20:42:56,529 [Listener at 127.0.0.1/10944] INFO  server.session (DefaultSessionIdManager.java:doStart(334)) - DefaultSessionIdManager workerName=node0
2021-12-06 20:42:56,529 [Listener at 127.0.0.1/10944] INFO  server.session (DefaultSessionIdManager.java:doStart(339)) - No SessionScavenger set, using defaults
2021-12-06 20:42:56,529 [Listener at 127.0.0.1/10944] INFO  server.session (HouseKeeper.java:startScavenging(132)) - node0 Scavenging every 600000ms
2021-12-06 20:42:56,530 [Listener at 127.0.0.1/10944] INFO  handler.ContextHandler (ContextHandler.java:doStart(915)) - Started o.e.j.s.ServletContextHandler@2a7648a9{logs,/logs,file:///home/runner/work/ozone/ozone/hadoop-ozone/integration-test/target/log,AVAILABLE}
2021-12-06 20:42:56,530 [Listener at 127.0.0.1/10944] INFO  handler.ContextHandler (ContextHandler.java:doStart(915)) - Started o.e.j.s.ServletContextHandler@62c95d73{static,/static,jar:file:/home/runner/.m2/repository/org/apache/ozone/hdds-container-service/1.3.0-SNAPSHOT/hdds-container-service-1.3.0-SNAPSHOT.jar!/webapps/static,AVAILABLE}
2021-12-06 20:42:56,582 [Listener at 127.0.0.1/10944] INFO  handler.ContextHandler (ContextHandler.java:doStart(915)) - Started o.e.j.w.WebAppContext@7e83251e{hddsDatanode,/,file:///tmp/jetty-0_0_0_0-39359-hdds-container-service-1_3_0-SNAPSHOT_jar-_-any-875236042667462107/webapp/,AVAILABLE}{jar:file:/home/runner/.m2/repository/org/apache/ozone/hdds-container-service/1.3.0-SNAPSHOT/hdds-container-service-1.3.0-SNAPSHOT.jar!/webapps/hddsDatanode}
2021-12-06 20:42:56,583 [Listener at 127.0.0.1/10944] INFO  server.AbstractConnector (AbstractConnector.java:doStart(331)) - Started ServerConnector@c377641{HTTP/1.1, (http/1.1)}{0.0.0.0:39359}
2021-12-06 20:42:56,583 [Listener at 127.0.0.1/10944] INFO  server.Server (Server.java:doStart(415)) - Started @8884ms
2021-12-06 20:42:56,583 [Listener at 127.0.0.1/10944] WARN  impl.MetricsSystemImpl (MetricsSystemImpl.java:register(279)) - Sink prometheus already exists!
2021-12-06 20:42:56,584 [Listener at 127.0.0.1/10944] INFO  http.BaseHttpServer (BaseHttpServer.java:updateConnectorAddress(329)) - HTTP server of hddsDatanode listening at http://0.0.0.0:39359
2021-12-06 20:42:56,585 [Listener at 127.0.0.1/10944] INFO  ozone.MiniOzoneClusterImpl (MiniOzoneClusterImpl.java:lambda$waitForClusterToBeReady$0(235)) - Waiting for nodes to be ready. Got 0 of 3 DN Heartbeats.
2021-12-06 20:42:56,586 [Listener at 127.0.0.1/10944] INFO  ozone.MiniOzoneClusterImpl (MiniOzoneClusterImpl.java:lambda$waitForClusterToBeReady$0(238)) - Waiting for cluster to exit safe mode
2021-12-06 20:42:56,586 [Listener at 127.0.0.1/10944] INFO  ozone.MiniOzoneClusterImpl (MiniOzoneClusterImpl.java:lambda$waitForClusterToBeReady$0(240)) - SCM became leader
2021-12-06 20:42:56,586 [Datanode State Machine Daemon Thread] INFO  statemachine.DatanodeStateMachine (DatanodeStateMachine.java:lambda$startDaemon$0(467)) - Ozone container server started.
2021-12-06 20:42:56,594 [org.apache.hadoop.util.JvmPauseMonitor$Monitor@5d683a0] INFO  util.JvmPauseMonitor (JvmPauseMonitor.java:run(188)) - Starting JVM pause monitor
2021-12-06 20:42:56,597 [Datanode State Machine Task Thread - 0] INFO  datanode.InitDatanodeState (InitDatanodeState.java:persistContainerDatanodeDetails(145)) - DatanodeDetails is persisted to /home/runner/work/ozone/ozone/hadoop-ozone/integration-test/target/test-dir/MiniOzoneClusterImpl-1f2ada2d-a189-4e3f-a934-1db8589ac524/datanode-2/meta/datanode.id
2021-12-06 20:42:57,216 [omNode-1@group-523986131536-FollowerState] INFO  impl.FollowerState (FollowerState.java:run(134)) - omNode-1@group-523986131536-FollowerState: change to CANDIDATE, lastRpcElapsedTime:1095480801ns, electionTimeout:1092ms
2021-12-06 20:42:57,216 [omNode-1@group-523986131536-FollowerState] INFO  impl.RoleInfo (RoleInfo.java:shutdownFollowerState(108)) - omNode-1: shutdown omNode-1@group-523986131536-FollowerState
2021-12-06 20:42:57,216 [omNode-1@group-523986131536-FollowerState] INFO  server.RaftServer$Division (RaftServerImpl.java:setRole(290)) - omNode-1@group-523986131536: changes role from  FOLLOWER to CANDIDATE at term 1 for changeToCandidate
2021-12-06 20:42:57,233 [omNode-1@group-523986131536-FollowerState] INFO  server.RaftServerConfigKeys (ConfUtils.java:logGet(44)) - raft.server.leaderelection.pre-vote = false (custom)
2021-12-06 20:42:57,233 [omNode-1@group-523986131536-FollowerState] INFO  impl.RoleInfo (RoleInfo.java:updateAndGet(130)) - omNode-1: start omNode-1@group-523986131536-LeaderElection4
2021-12-06 20:42:57,236 [omNode-1@group-523986131536-LeaderElection4] INFO  impl.LeaderElection (LeaderElection.java:askForVotes(306)) - omNode-1@group-523986131536-LeaderElection4 ELECTION round 0: submit vote requests at term 2 for -1: [omNode-3|rpc:localhost:10948|priority:0, omNode-1|rpc:localhost:10936|priority:0, omNode-2|rpc:localhost:10942|priority:0], old=null
2021-12-06 20:42:57,246 [grpc-default-executor-4] INFO  server.RaftServer$Division (RaftServerImpl.java:requestVote(1046)) - omNode-2@group-523986131536: receive requestVote(ELECTION, omNode-1, group-523986131536, 2, (t:0, i:~))
2021-12-06 20:42:57,247 [grpc-default-executor-4] INFO  impl.VoteContext (VoteContext.java:log(48)) - omNode-2@group-523986131536-FOLLOWER: accept ELECTION from omNode-1: our priority 0 <= candidate's priority 0
2021-12-06 20:42:57,247 [grpc-default-executor-4] INFO  server.RaftServer$Division (RaftServerImpl.java:setRole(290)) - omNode-2@group-523986131536: changes role from  FOLLOWER to FOLLOWER at term 2 for candidate:omNode-1
2021-12-06 20:42:57,247 [grpc-default-executor-4] INFO  impl.RoleInfo (RoleInfo.java:shutdownFollowerState(108)) - omNode-2: shutdown omNode-2@group-523986131536-FollowerState
2021-12-06 20:42:57,247 [grpc-default-executor-4] INFO  impl.RoleInfo (RoleInfo.java:updateAndGet(130)) - omNode-2: start omNode-2@group-523986131536-FollowerState
2021-12-06 20:42:57,248 [omNode-2@group-523986131536-FollowerState] INFO  impl.FollowerState (FollowerState.java:run(143)) - omNode-2@group-523986131536-FollowerState was interrupted: {}
java.lang.InterruptedException: sleep interrupted
	at java.lang.Thread.sleep(Native Method)
	at java.lang.Thread.sleep(Thread.java:340)
	at java.util.concurrent.TimeUnit.sleep(TimeUnit.java:386)
	at org.apache.ratis.util.TimeDuration.sleep(TimeDuration.java:324)
	at org.apache.ratis.util.TimeDuration.sleep(TimeDuration.java:309)
	at org.apache.ratis.server.impl.FollowerState.run(FollowerState.java:118)
2021-12-06 20:42:57,258 [grpc-default-executor-4] INFO  server.RaftServer$Division (RaftServerImpl.java:requestVote(1078)) - omNode-2@group-523986131536 replies to ELECTION vote request: omNode-1<-omNode-2#0:OK-t2. Peer's state: omNode-2@group-523986131536:t2, leader=null, voted=omNode-1, raftlog=omNode-2@group-523986131536-SegmentedRaftLog:OPENED:c-1, conf=-1: [omNode-3|rpc:localhost:10948|priority:0, omNode-1|rpc:localhost:10936|priority:0, omNode-2|rpc:localhost:10942|priority:0], old=null
2021-12-06 20:42:57,259 [grpc-default-executor-4] INFO  server.RaftServer$Division (RaftServerImpl.java:requestVote(1046)) - omNode-3@group-523986131536: receive requestVote(ELECTION, omNode-1, group-523986131536, 2, (t:0, i:~))
2021-12-06 20:42:57,259 [grpc-default-executor-4] INFO  impl.VoteContext (VoteContext.java:log(48)) - omNode-3@group-523986131536-FOLLOWER: accept ELECTION from omNode-1: our priority 0 <= candidate's priority 0
2021-12-06 20:42:57,259 [grpc-default-executor-4] INFO  server.RaftServer$Division (RaftServerImpl.java:setRole(290)) - omNode-3@group-523986131536: changes role from  FOLLOWER to FOLLOWER at term 2 for candidate:omNode-1
2021-12-06 20:42:57,259 [grpc-default-executor-4] INFO  impl.RoleInfo (RoleInfo.java:shutdownFollowerState(108)) - omNode-3: shutdown omNode-3@group-523986131536-FollowerState
2021-12-06 20:42:57,259 [omNode-3@group-523986131536-FollowerState] INFO  impl.FollowerState (FollowerState.java:run(143)) - omNode-3@group-523986131536-FollowerState was interrupted: {}
java.lang.InterruptedException: sleep interrupted
	at java.lang.Thread.sleep(Native Method)
	at java.lang.Thread.sleep(Thread.java:340)
	at java.util.concurrent.TimeUnit.sleep(TimeUnit.java:386)
	at org.apache.ratis.util.TimeDuration.sleep(TimeDuration.java:324)
	at org.apache.ratis.util.TimeDuration.sleep(TimeDuration.java:309)
	at org.apache.ratis.server.impl.FollowerState.run(FollowerState.java:118)
2021-12-06 20:42:57,260 [grpc-default-executor-4] INFO  impl.RoleInfo (RoleInfo.java:updateAndGet(130)) - omNode-3: start omNode-3@group-523986131536-FollowerState
2021-12-06 20:42:57,264 [grpc-default-executor-4] INFO  server.RaftServer$Division (RaftServerImpl.java:requestVote(1078)) - omNode-3@group-523986131536 replies to ELECTION vote request: omNode-1<-omNode-3#0:OK-t2. Peer's state: omNode-3@group-523986131536:t2, leader=null, voted=omNode-1, raftlog=omNode-3@group-523986131536-SegmentedRaftLog:OPENED:c-1, conf=-1: [omNode-3|rpc:localhost:10948|priority:0, omNode-1|rpc:localhost:10936|priority:0, omNode-2|rpc:localhost:10942|priority:0], old=null
2021-12-06 20:42:57,266 [omNode-1@group-523986131536-LeaderElection4] INFO  impl.LeaderElection (LeaderElection.java:logAndReturn(89)) - omNode-1@group-523986131536-LeaderElection4: ELECTION PASSED received 1 response(s) and 0 exception(s):
2021-12-06 20:42:57,266 [omNode-1@group-523986131536-LeaderElection4] INFO  impl.LeaderElection (LeaderElection.java:logAndReturn(93)) -   Response 0: omNode-1<-omNode-2#0:OK-t2
2021-12-06 20:42:57,266 [omNode-1@group-523986131536-LeaderElection4] INFO  impl.LeaderElection (LeaderElection.java:askForVotes(308)) - omNode-1@group-523986131536-LeaderElection4 ELECTION round 0: result PASSED
2021-12-06 20:42:57,266 [omNode-1@group-523986131536-LeaderElection4] INFO  impl.RoleInfo (RoleInfo.java:shutdownLeaderElection(121)) - omNode-1: shutdown omNode-1@group-523986131536-LeaderElection4
2021-12-06 20:42:57,266 [omNode-1@group-523986131536-LeaderElection4] INFO  server.RaftServer$Division (RaftServerImpl.java:setRole(290)) - omNode-1@group-523986131536: changes role from CANDIDATE to LEADER at term 2 for changeToLeader
2021-12-06 20:42:57,266 [omNode-1@group-523986131536-LeaderElection4] INFO  server.RaftServer$Division (ServerState.java:setLeader(285)) - omNode-1@group-523986131536: change Leader from null to omNode-1 at term 2 for becomeLeader, leader elected after 3327ms
2021-12-06 20:42:57,273 [omNode-1@group-523986131536-LeaderElection4] INFO  server.RaftServerConfigKeys (ConfUtils.java:logGet(44)) - raft.server.staging.catchup.gap = 1000 (default)
2021-12-06 20:42:57,278 [omNode-1@group-523986131536-LeaderElection4] INFO  server.RaftServerConfigKeys (ConfUtils.java:logGet(44)) - raft.server.write.element-limit = 4096 (default)
2021-12-06 20:42:57,279 [omNode-1@group-523986131536-LeaderElection4] INFO  server.RaftServerConfigKeys (ConfUtils.java:logGet(44)) - raft.server.write.byte-limit = 64MB (=67108864) (default)
2021-12-06 20:42:57,285 [omNode-1@group-523986131536-LeaderElection4] INFO  server.RaftServerConfigKeys (ConfUtils.java:logGet(44)) - raft.server.watch.timeout = 10s (default)
2021-12-06 20:42:57,285 [omNode-1@group-523986131536-LeaderElection4] INFO  server.RaftServerConfigKeys (ConfUtils.java:logGet(44)) - raft.server.watch.timeout.denomination = 1s (default)
2021-12-06 20:42:57,286 [omNode-1@group-523986131536-LeaderElection4] INFO  server.RaftServerConfigKeys (ConfUtils.java:logGet(44)) - raft.server.watch.element-limit = 65536 (default)
2021-12-06 20:42:57,290 [omNode-1@group-523986131536-LeaderElection4] INFO  server.RaftServerConfigKeys (ConfUtils.java:logGet(44)) - raft.server.write.element-limit = 4096 (default)
2021-12-06 20:42:57,292 [omNode-1@group-523986131536-LeaderElection4] INFO  server.RaftServerConfigKeys (ConfUtils.java:logGet(44)) - raft.server.write.follower.gap.ratio.max = -1.0 (default)
2021-12-06 20:42:57,299 [omNode-1@group-523986131536-LeaderElection4] INFO  server.RaftServerConfigKeys (ConfUtils.java:logGet(44)) - raft.server.log.appender.snapshot.chunk.size.max = 16MB (=16777216) (default)
2021-12-06 20:42:57,299 [omNode-1@group-523986131536-LeaderElection4] INFO  server.RaftServerConfigKeys (ConfUtils.java:logGet(44)) - raft.server.log.appender.buffer.byte-limit = 33554432 (custom)
2021-12-06 20:42:57,300 [omNode-1@group-523986131536-LeaderElection4] INFO  server.RaftServerConfigKeys (ConfUtils.java:logGet(44)) - raft.server.log.appender.buffer.element-limit = 1024 (custom)
2021-12-06 20:42:57,302 [omNode-1@group-523986131536-LeaderElection4] INFO  grpc.GrpcConfigKeys (ConfUtils.java:logGet(44)) - raft.grpc.server.leader.outstanding.appends.max = 128 (default)
2021-12-06 20:42:57,303 [omNode-1@group-523986131536-LeaderElection4] INFO  server.RaftServerConfigKeys (ConfUtils.java:logGet(44)) - raft.server.rpc.request.timeout = 3000ms (default)
2021-12-06 20:42:57,303 [omNode-1@group-523986131536-LeaderElection4] INFO  server.RaftServerConfigKeys (ConfUtils.java:logGet(44)) - raft.server.log.appender.install.snapshot.enabled = false (custom)
2021-12-06 20:42:57,308 [omNode-1@group-523986131536-LeaderElection4] INFO  server.RaftServerConfigKeys (ConfUtils.java:logGet(44)) - raft.server.log.appender.snapshot.chunk.size.max = 16MB (=16777216) (default)
2021-12-06 20:42:57,308 [omNode-1@group-523986131536-LeaderElection4] INFO  server.RaftServerConfigKeys (ConfUtils.java:logGet(44)) - raft.server.log.appender.buffer.byte-limit = 33554432 (custom)
2021-12-06 20:42:57,308 [omNode-1@group-523986131536-LeaderElection4] INFO  server.RaftServerConfigKeys (ConfUtils.java:logGet(44)) - raft.server.log.appender.buffer.element-limit = 1024 (custom)
2021-12-06 20:42:57,308 [omNode-1@group-523986131536-LeaderElection4] INFO  grpc.GrpcConfigKeys (ConfUtils.java:logGet(44)) - raft.grpc.server.leader.outstanding.appends.max = 128 (default)
2021-12-06 20:42:57,308 [omNode-1@group-523986131536-LeaderElection4] INFO  server.RaftServerConfigKeys (ConfUtils.java:logGet(44)) - raft.server.rpc.request.timeout = 3000ms (default)
2021-12-06 20:42:57,308 [omNode-1@group-523986131536-LeaderElection4] INFO  server.RaftServerConfigKeys (ConfUtils.java:logGet(44)) - raft.server.log.appender.install.snapshot.enabled = false (custom)
2021-12-06 20:42:57,312 [omNode-1@group-523986131536-LeaderElection4] INFO  impl.RoleInfo (RoleInfo.java:updateAndGet(130)) - omNode-1: start omNode-1@group-523986131536-LeaderStateImpl
2021-12-06 20:42:57,333 [omNode-1@group-523986131536-LeaderElection4] INFO  segmented.SegmentedRaftLogWorker (SegmentedRaftLogWorker.java:startLogSegment(394)) - omNode-1@group-523986131536-SegmentedRaftLogWorker: Starting segment from index:0
2021-12-06 20:42:57,361 [omNode-1@group-523986131536-LeaderElection4] INFO  server.RaftServer$Division (ServerState.java:setRaftConf(387)) - omNode-1@group-523986131536: set configuration 0: [omNode-3|rpc:localhost:10948|admin:|client:|dataStream:|priority:0, omNode-1|rpc:localhost:10936|admin:|client:|dataStream:|priority:0, omNode-2|rpc:localhost:10942|admin:|client:|dataStream:|priority:0], old=null
2021-12-06 20:42:57,415 [grpc-default-executor-4] INFO  server.RaftServer$Division (ServerState.java:setLeader(285)) - omNode-3@group-523986131536: change Leader from null to omNode-1 at term 2 for appendEntries, leader elected after 2586ms
2021-12-06 20:42:57,421 [grpc-default-executor-1] INFO  server.RaftServer$Division (ServerState.java:setLeader(285)) - omNode-2@group-523986131536: change Leader from null to omNode-1 at term 2 for appendEntries, leader elected after 2975ms
2021-12-06 20:42:57,445 [grpc-default-executor-4] INFO  server.RaftServer$Division (ServerState.java:setRaftConf(387)) - omNode-3@group-523986131536: set configuration 0: [omNode-3|rpc:localhost:10948|admin:|client:|dataStream:|priority:0, omNode-1|rpc:localhost:10936|admin:|client:|dataStream:|priority:0, omNode-2|rpc:localhost:10942|admin:|client:|dataStream:|priority:0], old=null
2021-12-06 20:42:57,446 [grpc-default-executor-4] INFO  segmented.SegmentedRaftLogWorker (SegmentedRaftLogWorker.java:startLogSegment(394)) - omNode-3@group-523986131536-SegmentedRaftLogWorker: Starting segment from index:0
2021-12-06 20:42:57,448 [grpc-default-executor-1] INFO  server.RaftServer$Division (ServerState.java:setRaftConf(387)) - omNode-2@group-523986131536: set configuration 0: [omNode-3|rpc:localhost:10948|admin:|client:|dataStream:|priority:0, omNode-1|rpc:localhost:10936|admin:|client:|dataStream:|priority:0, omNode-2|rpc:localhost:10942|admin:|client:|dataStream:|priority:0], old=null
2021-12-06 20:42:57,450 [grpc-default-executor-1] INFO  segmented.SegmentedRaftLogWorker (SegmentedRaftLogWorker.java:startLogSegment(394)) - omNode-2@group-523986131536-SegmentedRaftLogWorker: Starting segment from index:0
2021-12-06 20:42:57,501 [omNode-1@group-523986131536-SegmentedRaftLogWorker] INFO  segmented.SegmentedRaftLogWorker (SegmentedRaftLogWorker.java:execute(601)) - omNode-1@group-523986131536-SegmentedRaftLogWorker: created new log segment /home/runner/work/ozone/ozone/hadoop-ozone/integration-test/target/test-dir/MiniOzoneClusterImpl-1f2ada2d-a189-4e3f-a934-1db8589ac524/omNode-1/ratis/c9bc4cf4-3bc3-3c60-a66b-523986131536/current/log_inprogress_0
2021-12-06 20:42:57,501 [omNode-2@group-523986131536-SegmentedRaftLogWorker] INFO  segmented.SegmentedRaftLogWorker (SegmentedRaftLogWorker.java:execute(601)) - omNode-2@group-523986131536-SegmentedRaftLogWorker: created new log segment /home/runner/work/ozone/ozone/hadoop-ozone/integration-test/target/test-dir/MiniOzoneClusterImpl-1f2ada2d-a189-4e3f-a934-1db8589ac524/omNode-2/ratis/c9bc4cf4-3bc3-3c60-a66b-523986131536/current/log_inprogress_0
2021-12-06 20:42:57,501 [omNode-3@group-523986131536-SegmentedRaftLogWorker] INFO  segmented.SegmentedRaftLogWorker (SegmentedRaftLogWorker.java:execute(601)) - omNode-3@group-523986131536-SegmentedRaftLogWorker: created new log segment /home/runner/work/ozone/ozone/hadoop-ozone/integration-test/target/test-dir/MiniOzoneClusterImpl-1f2ada2d-a189-4e3f-a934-1db8589ac524/omNode-3/ratis/c9bc4cf4-3bc3-3c60-a66b-523986131536/current/log_inprogress_0
2021-12-06 20:42:57,586 [Listener at 127.0.0.1/10944] INFO  ozone.MiniOzoneClusterImpl (MiniOzoneClusterImpl.java:lambda$waitForClusterToBeReady$0(235)) - Waiting for nodes to be ready. Got 0 of 3 DN Heartbeats.
2021-12-06 20:42:57,586 [Listener at 127.0.0.1/10944] INFO  ozone.MiniOzoneClusterImpl (MiniOzoneClusterImpl.java:lambda$waitForClusterToBeReady$0(238)) - Waiting for cluster to exit safe mode
2021-12-06 20:42:57,586 [Listener at 127.0.0.1/10944] INFO  ozone.MiniOzoneClusterImpl (MiniOzoneClusterImpl.java:lambda$waitForClusterToBeReady$0(240)) - SCM became leader
2021-12-06 20:42:57,598 [omNode-1@group-523986131536-StateMachineUpdater] INFO  ratis.OzoneManagerStateMachine (OzoneManagerStateMachine.java:notifyConfigurationChanged(188)) - Received Configuration change notification from Ratis. New Peer list:
[id: "omNode-3"
address: "localhost:10948"
, id: "omNode-1"
address: "localhost:10936"
, id: "omNode-2"
address: "localhost:10942"
]
2021-12-06 20:42:58,016 [omNode-2@group-523986131536-StateMachineUpdater] INFO  ratis.OzoneManagerStateMachine (OzoneManagerStateMachine.java:notifyConfigurationChanged(188)) - Received Configuration change notification from Ratis. New Peer list:
[id: "omNode-3"
address: "localhost:10948"
, id: "omNode-1"
address: "localhost:10936"
, id: "omNode-2"
address: "localhost:10942"
]
2021-12-06 20:42:58,021 [omNode-3@group-523986131536-StateMachineUpdater] INFO  ratis.OzoneManagerStateMachine (OzoneManagerStateMachine.java:notifyConfigurationChanged(188)) - Received Configuration change notification from Ratis. New Peer list:
[id: "omNode-3"
address: "localhost:10948"
, id: "omNode-1"
address: "localhost:10936"
, id: "omNode-2"
address: "localhost:10942"
]
2021-12-06 20:42:58,247 [EndpointStateMachine task thread for /0.0.0.0:34613 - 0 ] INFO  ozoneimpl.OzoneContainer (OzoneContainer.java:start(304)) - Attempting to start container services.
2021-12-06 20:42:58,249 [EndpointStateMachine task thread for /0.0.0.0:34613 - 0 ] INFO  ozoneimpl.OzoneContainer (OzoneContainer.java:startContainerScrub(249)) - Background container scanner has been disabled.
2021-12-06 20:42:58,250 [EndpointStateMachine task thread for /0.0.0.0:34613 - 0 ] INFO  replication.ReplicationServer (ReplicationServer.java:start(107)) - ReplicationServer is started using port 34303
2021-12-06 20:42:58,253 [EndpointStateMachine task thread for /0.0.0.0:34613 - 0 ] INFO  ratis.XceiverServerRatis (XceiverServerRatis.java:start(484)) - Starting XceiverServerRatis 69705e4e-5185-49eb-bab0-a05722fc70d0
2021-12-06 20:42:58,254 [EndpointStateMachine task thread for /0.0.0.0:34613 - 0 ] INFO  server.RaftServer (RaftServerProxy.java:lambda$start$5(374)) - 69705e4e-5185-49eb-bab0-a05722fc70d0: start RPC server
2021-12-06 20:42:58,255 [EndpointStateMachine task thread for /0.0.0.0:34613 - 0 ] INFO  server.GrpcService (GrpcService.java:startImpl(253)) - 69705e4e-5185-49eb-bab0-a05722fc70d0: GrpcService started, listening on 33255
2021-12-06 20:42:58,256 [EndpointStateMachine task thread for /0.0.0.0:34613 - 0 ] INFO  ratis.XceiverServerRatis (XceiverServerRatis.java:getRealPort(505)) - XceiverServerRatis 69705e4e-5185-49eb-bab0-a05722fc70d0 is started using port 33255 for RATIS
2021-12-06 20:42:58,256 [EndpointStateMachine task thread for /0.0.0.0:34613 - 0 ] INFO  ratis.XceiverServerRatis (XceiverServerRatis.java:getRealPort(505)) - XceiverServerRatis 69705e4e-5185-49eb-bab0-a05722fc70d0 is started using port 33255 for RATIS_ADMIN
2021-12-06 20:42:58,256 [EndpointStateMachine task thread for /0.0.0.0:34613 - 0 ] INFO  ratis.XceiverServerRatis (XceiverServerRatis.java:getRealPort(505)) - XceiverServerRatis 69705e4e-5185-49eb-bab0-a05722fc70d0 is started using port 33255 for RATIS_SERVER
2021-12-06 20:42:58,256 [org.apache.ratis.util.JvmPauseMonitor$$Lambda$525/847224871@108ca232] INFO  util.JvmPauseMonitor (JvmPauseMonitor.java:run(103)) - JvmPauseMonitor-69705e4e-5185-49eb-bab0-a05722fc70d0: Started
2021-12-06 20:42:58,257 [EndpointStateMachine task thread for /0.0.0.0:34613 - 0 ] INFO  server.XceiverServerGrpc (XceiverServerGrpc.java:start(180)) - XceiverServerGrpc 69705e4e-5185-49eb-bab0-a05722fc70d0 is started using port 36309
2021-12-06 20:42:58,409 [EndpointStateMachine task thread for /0.0.0.0:34613 - 0 ] INFO  ozoneimpl.OzoneContainer (OzoneContainer.java:start(304)) - Attempting to start container services.
2021-12-06 20:42:58,409 [EndpointStateMachine task thread for /0.0.0.0:34613 - 0 ] INFO  ozoneimpl.OzoneContainer (OzoneContainer.java:startContainerScrub(249)) - Background container scanner has been disabled.
2021-12-06 20:42:58,410 [EndpointStateMachine task thread for /0.0.0.0:34613 - 0 ] INFO  replication.ReplicationServer (ReplicationServer.java:start(107)) - ReplicationServer is started using port 33077
2021-12-06 20:42:58,413 [EndpointStateMachine task thread for /0.0.0.0:34613 - 0 ] INFO  ratis.XceiverServerRatis (XceiverServerRatis.java:start(484)) - Starting XceiverServerRatis 7942a5ba-8ac7-43cd-836c-4cecbcf2a1fa
2021-12-06 20:42:58,419 [EndpointStateMachine task thread for /0.0.0.0:34613 - 0 ] INFO  server.RaftServer (RaftServerProxy.java:lambda$start$5(374)) - 7942a5ba-8ac7-43cd-836c-4cecbcf2a1fa: start RPC server
2021-12-06 20:42:58,421 [EndpointStateMachine task thread for /0.0.0.0:34613 - 0 ] INFO  server.GrpcService (GrpcService.java:startImpl(253)) - 7942a5ba-8ac7-43cd-836c-4cecbcf2a1fa: GrpcService started, listening on 42241
2021-12-06 20:42:58,421 [EndpointStateMachine task thread for /0.0.0.0:34613 - 0 ] INFO  ratis.XceiverServerRatis (XceiverServerRatis.java:getRealPort(505)) - XceiverServerRatis 7942a5ba-8ac7-43cd-836c-4cecbcf2a1fa is started using port 42241 for RATIS
2021-12-06 20:42:58,421 [EndpointStateMachine task thread for /0.0.0.0:34613 - 0 ] INFO  ratis.XceiverServerRatis (XceiverServerRatis.java:getRealPort(505)) - XceiverServerRatis 7942a5ba-8ac7-43cd-836c-4cecbcf2a1fa is started using port 42241 for RATIS_ADMIN
2021-12-06 20:42:58,421 [EndpointStateMachine task thread for /0.0.0.0:34613 - 0 ] INFO  ratis.XceiverServerRatis (XceiverServerRatis.java:getRealPort(505)) - XceiverServerRatis 7942a5ba-8ac7-43cd-836c-4cecbcf2a1fa is started using port 42241 for RATIS_SERVER
2021-12-06 20:42:58,421 [org.apache.ratis.util.JvmPauseMonitor$$Lambda$525/847224871@208aa8da] INFO  util.JvmPauseMonitor (JvmPauseMonitor.java:run(103)) - JvmPauseMonitor-7942a5ba-8ac7-43cd-836c-4cecbcf2a1fa: Started
2021-12-06 20:42:58,422 [EndpointStateMachine task thread for /0.0.0.0:34613 - 0 ] INFO  server.XceiverServerGrpc (XceiverServerGrpc.java:start(180)) - XceiverServerGrpc 7942a5ba-8ac7-43cd-836c-4cecbcf2a1fa is started using port 33277
2021-12-06 20:42:58,587 [Listener at 127.0.0.1/10944] INFO  ozone.MiniOzoneClusterImpl (MiniOzoneClusterImpl.java:lambda$waitForClusterToBeReady$0(235)) - Waiting for nodes to be ready. Got 0 of 3 DN Heartbeats.
2021-12-06 20:42:58,587 [Listener at 127.0.0.1/10944] INFO  ozone.MiniOzoneClusterImpl (MiniOzoneClusterImpl.java:lambda$waitForClusterToBeReady$0(238)) - Waiting for cluster to exit safe mode
2021-12-06 20:42:58,587 [Listener at 127.0.0.1/10944] INFO  ozone.MiniOzoneClusterImpl (MiniOzoneClusterImpl.java:lambda$waitForClusterToBeReady$0(240)) - SCM became leader
2021-12-06 20:42:58,599 [EndpointStateMachine task thread for /0.0.0.0:34613 - 0 ] INFO  ozoneimpl.OzoneContainer (OzoneContainer.java:start(304)) - Attempting to start container services.
2021-12-06 20:42:58,599 [EndpointStateMachine task thread for /0.0.0.0:34613 - 0 ] INFO  ozoneimpl.OzoneContainer (OzoneContainer.java:startContainerScrub(249)) - Background container scanner has been disabled.
2021-12-06 20:42:58,601 [EndpointStateMachine task thread for /0.0.0.0:34613 - 0 ] INFO  replication.ReplicationServer (ReplicationServer.java:start(107)) - ReplicationServer is started using port 36877
2021-12-06 20:42:58,602 [EndpointStateMachine task thread for /0.0.0.0:34613 - 0 ] INFO  ratis.XceiverServerRatis (XceiverServerRatis.java:start(484)) - Starting XceiverServerRatis ecb94700-366d-4f8f-9ef6-8d2101749b07
2021-12-06 20:42:58,606 [EndpointStateMachine task thread for /0.0.0.0:34613 - 0 ] INFO  server.RaftServer (RaftServerProxy.java:lambda$start$5(374)) - ecb94700-366d-4f8f-9ef6-8d2101749b07: start RPC server
2021-12-06 20:42:58,607 [EndpointStateMachine task thread for /0.0.0.0:34613 - 0 ] INFO  server.GrpcService (GrpcService.java:startImpl(253)) - ecb94700-366d-4f8f-9ef6-8d2101749b07: GrpcService started, listening on 40543
2021-12-06 20:42:58,608 [EndpointStateMachine task thread for /0.0.0.0:34613 - 0 ] INFO  ratis.XceiverServerRatis (XceiverServerRatis.java:getRealPort(505)) - XceiverServerRatis ecb94700-366d-4f8f-9ef6-8d2101749b07 is started using port 40543 for RATIS
2021-12-06 20:42:58,608 [EndpointStateMachine task thread for /0.0.0.0:34613 - 0 ] INFO  ratis.XceiverServerRatis (XceiverServerRatis.java:getRealPort(505)) - XceiverServerRatis ecb94700-366d-4f8f-9ef6-8d2101749b07 is started using port 40543 for RATIS_ADMIN
2021-12-06 20:42:58,608 [EndpointStateMachine task thread for /0.0.0.0:34613 - 0 ] INFO  ratis.XceiverServerRatis (XceiverServerRatis.java:getRealPort(505)) - XceiverServerRatis ecb94700-366d-4f8f-9ef6-8d2101749b07 is started using port 40543 for RATIS_SERVER
2021-12-06 20:42:58,608 [org.apache.ratis.util.JvmPauseMonitor$$Lambda$525/847224871@39f4a326] INFO  util.JvmPauseMonitor (JvmPauseMonitor.java:run(103)) - JvmPauseMonitor-ecb94700-366d-4f8f-9ef6-8d2101749b07: Started
2021-12-06 20:42:58,609 [EndpointStateMachine task thread for /0.0.0.0:34613 - 0 ] INFO  server.XceiverServerGrpc (XceiverServerGrpc.java:start(180)) - XceiverServerGrpc ecb94700-366d-4f8f-9ef6-8d2101749b07 is started using port 36085
2021-12-06 20:42:59,587 [Listener at 127.0.0.1/10944] INFO  ozone.MiniOzoneClusterImpl (MiniOzoneClusterImpl.java:lambda$waitForClusterToBeReady$0(235)) - Waiting for nodes to be ready. Got 0 of 3 DN Heartbeats.
2021-12-06 20:42:59,588 [Listener at 127.0.0.1/10944] INFO  ozone.MiniOzoneClusterImpl (MiniOzoneClusterImpl.java:lambda$waitForClusterToBeReady$0(238)) - Waiting for cluster to exit safe mode
2021-12-06 20:42:59,588 [Listener at 127.0.0.1/10944] INFO  ozone.MiniOzoneClusterImpl (MiniOzoneClusterImpl.java:lambda$waitForClusterToBeReady$0(240)) - SCM became leader
2021-12-06 20:43:00,249 [IPC Server handler 1 on default port 34613] INFO  net.NetworkTopologyImpl (NetworkTopologyImpl.java:add(112)) - Added a new node: /default-rack/69705e4e-5185-49eb-bab0-a05722fc70d0
2021-12-06 20:43:00,251 [IPC Server handler 1 on default port 34613] INFO  node.SCMNodeManager (SCMNodeManager.java:register(389)) - Registered Data node : 69705e4e-5185-49eb-bab0-a05722fc70d0{ip: 10.1.0.39, host: fv-az151-352.yf2hydr00wburbhx3j5hxtcipe.bx.internal.cloudapp.net, ports: [REPLICATION=34303, RATIS=33255, RATIS_ADMIN=33255, RATIS_SERVER=33255, STANDALONE=36309], networkLocation: /default-rack, certSerialId: null, persistedOpState: null, persistedOpStateExpiryEpochSec: 0}
2021-12-06 20:43:00,255 [EventQueue-NewNodeForNewNodeHandler] INFO  pipeline.BackgroundPipelineCreator (BackgroundPipelineCreator.java:notifyEventTriggered(285)) - trigger a one-shot run on RatisPipelineUtilsThread.
2021-12-06 20:43:00,265 [EventQueue-NodeRegistrationContainerReportForContainerSafeModeRule] INFO  safemode.SCMSafeModeManager (SCMSafeModeManager.java:validateSafeModeExitRules(204)) - ContainerSafeModeRule rule is successfully validated
2021-12-06 20:43:00,267 [RatisPipelineUtilsThread - 0] INFO  pipeline.RatisPipelineProvider (RatisPipelineProvider.java:lambda$create$0(183)) - Sending CreatePipelineCommand for pipeline:PipelineID=06e75ec7-175b-443d-ba0c-fbdf88ce0c4f to datanode:69705e4e-5185-49eb-bab0-a05722fc70d0
2021-12-06 20:43:00,269 [EventQueue-NodeRegistrationContainerReportForDataNodeSafeModeRule] INFO  safemode.SCMSafeModeManager (DataNodeSafeModeRule.java:process(71)) - SCM in safe mode. 1 DataNodes registered, 3 required.
2021-12-06 20:43:00,278 [RatisPipelineUtilsThread - 0] INFO  pipeline.PipelineStateManagerImpl (PipelineStateManagerImpl.java:addPipeline(101)) - Created pipeline Pipeline[ Id: 06e75ec7-175b-443d-ba0c-fbdf88ce0c4f, Nodes: 69705e4e-5185-49eb-bab0-a05722fc70d0{ip: 10.1.0.39, host: fv-az151-352.yf2hydr00wburbhx3j5hxtcipe.bx.internal.cloudapp.net, ports: [REPLICATION=34303, RATIS=33255, RATIS_ADMIN=33255, RATIS_SERVER=33255, STANDALONE=36309], networkLocation: /default-rack, certSerialId: null, persistedOpState: IN_SERVICE, persistedOpStateExpiryEpochSec: 0}, ReplicationConfig: RATIS/ONE, State:ALLOCATED, leaderId:, CreationTimestamp2021-12-06T20:43:00.264Z[Etc/UTC]].
2021-12-06 20:43:00,285 [EventQueue-PipelineReportForOneReplicaPipelineSafeModeRule] INFO  safemode.SCMSafeModeManager (SCMSafeModeManager.java:validateSafeModeExitRules(204)) - AtleastOneDatanodeReportedRule rule is successfully validated
2021-12-06 20:43:00,406 [IPC Server handler 2 on default port 34613] INFO  net.NetworkTopologyImpl (NetworkTopologyImpl.java:add(112)) - Added a new node: /default-rack/7942a5ba-8ac7-43cd-836c-4cecbcf2a1fa
2021-12-06 20:43:00,407 [IPC Server handler 2 on default port 34613] INFO  node.SCMNodeManager (SCMNodeManager.java:register(389)) - Registered Data node : 7942a5ba-8ac7-43cd-836c-4cecbcf2a1fa{ip: 10.1.0.39, host: fv-az151-352.yf2hydr00wburbhx3j5hxtcipe.bx.internal.cloudapp.net, ports: [REPLICATION=33077, RATIS=42241, RATIS_ADMIN=42241, RATIS_SERVER=42241, STANDALONE=33277], networkLocation: /default-rack, certSerialId: null, persistedOpState: null, persistedOpStateExpiryEpochSec: 0}
2021-12-06 20:43:00,407 [EventQueue-NewNodeForNewNodeHandler] INFO  pipeline.BackgroundPipelineCreator (BackgroundPipelineCreator.java:notifyEventTriggered(285)) - trigger a one-shot run on RatisPipelineUtilsThread.
2021-12-06 20:43:00,407 [EventQueue-NodeRegistrationContainerReportForDataNodeSafeModeRule] INFO  safemode.SCMSafeModeManager (DataNodeSafeModeRule.java:process(71)) - SCM in safe mode. 2 DataNodes registered, 3 required.
2021-12-06 20:43:00,409 [RatisPipelineUtilsThread - 0] INFO  pipeline.RatisPipelineProvider (RatisPipelineProvider.java:lambda$create$0(183)) - Sending CreatePipelineCommand for pipeline:PipelineID=ee69ea83-f3e3-459a-947e-d9cbe1e7826c to datanode:7942a5ba-8ac7-43cd-836c-4cecbcf2a1fa
2021-12-06 20:43:00,410 [RatisPipelineUtilsThread - 0] INFO  pipeline.PipelineStateManagerImpl (PipelineStateManagerImpl.java:addPipeline(101)) - Created pipeline Pipeline[ Id: ee69ea83-f3e3-459a-947e-d9cbe1e7826c, Nodes: 7942a5ba-8ac7-43cd-836c-4cecbcf2a1fa{ip: 10.1.0.39, host: fv-az151-352.yf2hydr00wburbhx3j5hxtcipe.bx.internal.cloudapp.net, ports: [REPLICATION=33077, RATIS=42241, RATIS_ADMIN=42241, RATIS_SERVER=42241, STANDALONE=33277], networkLocation: /default-rack, certSerialId: null, persistedOpState: IN_SERVICE, persistedOpStateExpiryEpochSec: 0}, ReplicationConfig: RATIS/ONE, State:ALLOCATED, leaderId:, CreationTimestamp2021-12-06T20:43:00.409Z[Etc/UTC]].
2021-12-06 20:43:00,588 [Listener at 127.0.0.1/10944] INFO  ozone.MiniOzoneClusterImpl (MiniOzoneClusterImpl.java:lambda$waitForClusterToBeReady$0(235)) - Waiting for nodes to be ready. Got 2 of 3 DN Heartbeats.
2021-12-06 20:43:00,588 [Listener at 127.0.0.1/10944] INFO  ozone.MiniOzoneClusterImpl (MiniOzoneClusterImpl.java:lambda$waitForClusterToBeReady$0(238)) - Waiting for cluster to exit safe mode
2021-12-06 20:43:00,589 [Listener at 127.0.0.1/10944] INFO  ozone.MiniOzoneClusterImpl (MiniOzoneClusterImpl.java:lambda$waitForClusterToBeReady$0(240)) - SCM became leader
2021-12-06 20:43:00,597 [IPC Server handler 5 on default port 34613] INFO  net.NetworkTopologyImpl (NetworkTopologyImpl.java:add(112)) - Added a new node: /default-rack/ecb94700-366d-4f8f-9ef6-8d2101749b07
2021-12-06 20:43:00,598 [IPC Server handler 5 on default port 34613] INFO  node.SCMNodeManager (SCMNodeManager.java:register(389)) - Registered Data node : ecb94700-366d-4f8f-9ef6-8d2101749b07{ip: 10.1.0.39, host: fv-az151-352.yf2hydr00wburbhx3j5hxtcipe.bx.internal.cloudapp.net, ports: [REPLICATION=36877, RATIS=40543, RATIS_ADMIN=40543, RATIS_SERVER=40543, STANDALONE=36085], networkLocation: /default-rack, certSerialId: null, persistedOpState: null, persistedOpStateExpiryEpochSec: 0}
2021-12-06 20:43:00,598 [EventQueue-NewNodeForNewNodeHandler] INFO  pipeline.BackgroundPipelineCreator (BackgroundPipelineCreator.java:notifyEventTriggered(285)) - trigger a one-shot run on RatisPipelineUtilsThread.
2021-12-06 20:43:00,598 [RatisPipelineUtilsThread - 0] INFO  pipeline.RatisPipelineProvider (RatisPipelineProvider.java:lambda$create$0(183)) - Sending CreatePipelineCommand for pipeline:PipelineID=3ace8e71-a1c5-4783-8db8-cfeccbf20ba9 to datanode:ecb94700-366d-4f8f-9ef6-8d2101749b07
2021-12-06 20:43:00,599 [RatisPipelineUtilsThread - 0] INFO  pipeline.PipelineStateManagerImpl (PipelineStateManagerImpl.java:addPipeline(101)) - Created pipeline Pipeline[ Id: 3ace8e71-a1c5-4783-8db8-cfeccbf20ba9, Nodes: ecb94700-366d-4f8f-9ef6-8d2101749b07{ip: 10.1.0.39, host: fv-az151-352.yf2hydr00wburbhx3j5hxtcipe.bx.internal.cloudapp.net, ports: [REPLICATION=36877, RATIS=40543, RATIS_ADMIN=40543, RATIS_SERVER=40543, STANDALONE=36085], networkLocation: /default-rack, certSerialId: null, persistedOpState: IN_SERVICE, persistedOpStateExpiryEpochSec: 0}, ReplicationConfig: RATIS/ONE, State:ALLOCATED, leaderId:, CreationTimestamp2021-12-06T20:43:00.598Z[Etc/UTC]].
2021-12-06 20:43:00,600 [EventQueue-NodeRegistrationContainerReportForDataNodeSafeModeRule] INFO  safemode.SCMSafeModeManager (DataNodeSafeModeRule.java:process(71)) - SCM in safe mode. 3 DataNodes registered, 3 required.
2021-12-06 20:43:00,600 [EventQueue-NodeRegistrationContainerReportForDataNodeSafeModeRule] INFO  safemode.SCMSafeModeManager (SCMSafeModeManager.java:validateSafeModeExitRules(204)) - DataNodeSafeModeRule rule is successfully validated
2021-12-06 20:43:00,600 [EventQueue-NodeRegistrationContainerReportForDataNodeSafeModeRule] INFO  safemode.SCMSafeModeManager (SCMSafeModeManager.java:completePreCheck(233)) - All SCM safe mode pre check rules have passed
2021-12-06 20:43:00,600 [EventQueue-NodeRegistrationContainerReportForDataNodeSafeModeRule] WARN  events.EventQueue (EventQueue.java:fireEvent(194)) - No event handler registered for event TypedEvent{payloadType=SafeModeStatus, name='Safe mode status'}
2021-12-06 20:43:00,600 [EventQueue-NodeRegistrationContainerReportForDataNodeSafeModeRule] INFO  ha.SCMContext (SCMContext.java:updateSafeModeStatus(211)) - Update SafeModeStatus from SafeModeStatus{safeModeStatus=true, preCheckPassed=false} to SafeModeStatus{safeModeStatus=true, preCheckPassed=true}.
2021-12-06 20:43:00,600 [EventQueue-NodeRegistrationContainerReportForDataNodeSafeModeRule] INFO  pipeline.BackgroundPipelineCreator (BackgroundPipelineCreator.java:notifyEventTriggered(285)) - trigger a one-shot run on RatisPipelineUtilsThread.
2021-12-06 20:43:00,603 [RatisPipelineUtilsThread - 0] INFO  pipeline.RatisPipelineProvider (RatisPipelineProvider.java:lambda$create$0(183)) - Sending CreatePipelineCommand for pipeline:PipelineID=b1c62d63-b95d-40c4-8a9c-1793c2f8585f to datanode:ecb94700-366d-4f8f-9ef6-8d2101749b07
2021-12-06 20:43:00,604 [RatisPipelineUtilsThread - 0] INFO  pipeline.RatisPipelineProvider (RatisPipelineProvider.java:lambda$create$0(183)) - Sending CreatePipelineCommand for pipeline:PipelineID=b1c62d63-b95d-40c4-8a9c-1793c2f8585f to datanode:7942a5ba-8ac7-43cd-836c-4cecbcf2a1fa
2021-12-06 20:43:00,604 [RatisPipelineUtilsThread - 0] INFO  pipeline.RatisPipelineProvider (RatisPipelineProvider.java:lambda$create$0(183)) - Sending CreatePipelineCommand for pipeline:PipelineID=b1c62d63-b95d-40c4-8a9c-1793c2f8585f to datanode:69705e4e-5185-49eb-bab0-a05722fc70d0
2021-12-06 20:43:00,608 [RatisPipelineUtilsThread - 0] INFO  pipeline.PipelineStateManagerImpl (PipelineStateManagerImpl.java:addPipeline(101)) - Created pipeline Pipeline[ Id: b1c62d63-b95d-40c4-8a9c-1793c2f8585f, Nodes: ecb94700-366d-4f8f-9ef6-8d2101749b07{ip: 10.1.0.39, host: fv-az151-352.yf2hydr00wburbhx3j5hxtcipe.bx.internal.cloudapp.net, ports: [REPLICATION=36877, RATIS=40543, RATIS_ADMIN=40543, RATIS_SERVER=40543, STANDALONE=36085], networkLocation: /default-rack, certSerialId: null, persistedOpState: IN_SERVICE, persistedOpStateExpiryEpochSec: 0}7942a5ba-8ac7-43cd-836c-4cecbcf2a1fa{ip: 10.1.0.39, host: fv-az151-352.yf2hydr00wburbhx3j5hxtcipe.bx.internal.cloudapp.net, ports: [REPLICATION=33077, RATIS=42241, RATIS_ADMIN=42241, RATIS_SERVER=42241, STANDALONE=33277], networkLocation: /default-rack, certSerialId: null, persistedOpState: IN_SERVICE, persistedOpStateExpiryEpochSec: 0}69705e4e-5185-49eb-bab0-a05722fc70d0{ip: 10.1.0.39, host: fv-az151-352.yf2hydr00wburbhx3j5hxtcipe.bx.internal.cloudapp.net, ports: [REPLICATION=34303, RATIS=33255, RATIS_ADMIN=33255, RATIS_SERVER=33255, STANDALONE=36309], networkLocation: /default-rack, certSerialId: null, persistedOpState: IN_SERVICE, persistedOpStateExpiryEpochSec: 0}, ReplicationConfig: RATIS/THREE, State:ALLOCATED, leaderId:, CreationTimestamp2021-12-06T20:43:00.603Z[Etc/UTC]].
2021-12-06 20:43:00,610 [RatisPipelineUtilsThread - 0] INFO  pipeline.RatisPipelineProvider (RatisPipelineProvider.java:lambda$create$0(183)) - Sending CreatePipelineCommand for pipeline:PipelineID=ba06b0bf-0c33-438f-bd5b-e85243144233 to datanode:7942a5ba-8ac7-43cd-836c-4cecbcf2a1fa
2021-12-06 20:43:00,611 [RatisPipelineUtilsThread - 0] INFO  pipeline.RatisPipelineProvider (RatisPipelineProvider.java:lambda$create$0(183)) - Sending CreatePipelineCommand for pipeline:PipelineID=ba06b0bf-0c33-438f-bd5b-e85243144233 to datanode:69705e4e-5185-49eb-bab0-a05722fc70d0
2021-12-06 20:43:00,611 [RatisPipelineUtilsThread - 0] INFO  pipeline.RatisPipelineProvider (RatisPipelineProvider.java:lambda$create$0(183)) - Sending CreatePipelineCommand for pipeline:PipelineID=ba06b0bf-0c33-438f-bd5b-e85243144233 to datanode:ecb94700-366d-4f8f-9ef6-8d2101749b07
2021-12-06 20:43:00,614 [RatisPipelineUtilsThread - 0] INFO  pipeline.PipelineStateManagerImpl (PipelineStateManagerImpl.java:addPipeline(101)) - Created pipeline Pipeline[ Id: ba06b0bf-0c33-438f-bd5b-e85243144233, Nodes: 7942a5ba-8ac7-43cd-836c-4cecbcf2a1fa{ip: 10.1.0.39, host: fv-az151-352.yf2hydr00wburbhx3j5hxtcipe.bx.internal.cloudapp.net, ports: [REPLICATION=33077, RATIS=42241, RATIS_ADMIN=42241, RATIS_SERVER=42241, STANDALONE=33277], networkLocation: /default-rack, certSerialId: null, persistedOpState: IN_SERVICE, persistedOpStateExpiryEpochSec: 0}69705e4e-5185-49eb-bab0-a05722fc70d0{ip: 10.1.0.39, host: fv-az151-352.yf2hydr00wburbhx3j5hxtcipe.bx.internal.cloudapp.net, ports: [REPLICATION=34303, RATIS=33255, RATIS_ADMIN=33255, RATIS_SERVER=33255, STANDALONE=36309], networkLocation: /default-rack, certSerialId: null, persistedOpState: IN_SERVICE, persistedOpStateExpiryEpochSec: 0}ecb94700-366d-4f8f-9ef6-8d2101749b07{ip: 10.1.0.39, host: fv-az151-352.yf2hydr00wburbhx3j5hxtcipe.bx.internal.cloudapp.net, ports: [REPLICATION=36877, RATIS=40543, RATIS_ADMIN=40543, RATIS_SERVER=40543, STANDALONE=36085], networkLocation: /default-rack, certSerialId: null, persistedOpState: IN_SERVICE, persistedOpStateExpiryEpochSec: 0}, ReplicationConfig: RATIS/THREE, State:ALLOCATED, leaderId:, CreationTimestamp2021-12-06T20:43:00.610Z[Etc/UTC]].
2021-12-06 20:43:00,614 [RatisPipelineUtilsThread - 0] INFO  pipeline.PipelineManagerImpl (PipelineManagerImpl.java:recordMetricsForPipeline(639)) - Pipeline: PipelineID=ba06b0bf-0c33-438f-bd5b-e85243144233 contains same datanodes as previous pipelines: PipelineID=b1c62d63-b95d-40c4-8a9c-1793c2f8585f nodeIds: 7942a5ba-8ac7-43cd-836c-4cecbcf2a1fa, 69705e4e-5185-49eb-bab0-a05722fc70d0, ecb94700-366d-4f8f-9ef6-8d2101749b07
2021-12-06 20:43:01,589 [Listener at 127.0.0.1/10944] INFO  ozone.MiniOzoneClusterImpl (MiniOzoneClusterImpl.java:lambda$waitForClusterToBeReady$0(235)) - Nodes are ready. Got 3 of 3 DN Heartbeats.
2021-12-06 20:43:01,590 [Listener at 127.0.0.1/10944] INFO  ozone.MiniOzoneClusterImpl (MiniOzoneClusterImpl.java:lambda$waitForClusterToBeReady$0(238)) - Waiting for cluster to exit safe mode
2021-12-06 20:43:01,590 [Listener at 127.0.0.1/10944] INFO  ozone.MiniOzoneClusterImpl (MiniOzoneClusterImpl.java:lambda$waitForClusterToBeReady$0(240)) - SCM became leader
2021-12-06 20:43:02,591 [Listener at 127.0.0.1/10944] INFO  ozone.MiniOzoneClusterImpl (MiniOzoneClusterImpl.java:lambda$waitForClusterToBeReady$0(235)) - Nodes are ready. Got 3 of 3 DN Heartbeats.
2021-12-06 20:43:02,591 [Listener at 127.0.0.1/10944] INFO  ozone.MiniOzoneClusterImpl (MiniOzoneClusterImpl.java:lambda$waitForClusterToBeReady$0(238)) - Waiting for cluster to exit safe mode
2021-12-06 20:43:02,591 [Listener at 127.0.0.1/10944] INFO  ozone.MiniOzoneClusterImpl (MiniOzoneClusterImpl.java:lambda$waitForClusterToBeReady$0(240)) - SCM became leader
2021-12-06 20:43:03,196 [Command processor thread] INFO  server.RaftServer (RaftServerProxy.java:addNew(95)) - 69705e4e-5185-49eb-bab0-a05722fc70d0: addNew group-FBDF88CE0C4F:[69705e4e-5185-49eb-bab0-a05722fc70d0|rpc:10.1.0.39:33255|priority:1] returns group-FBDF88CE0C4F:java.util.concurrent.CompletableFuture@7fbed966[Not completed]
2021-12-06 20:43:03,206 [pool-97-thread-1] INFO  server.RaftServer$Division (RaftServerImpl.java:<init>(184)) - 69705e4e-5185-49eb-bab0-a05722fc70d0: new RaftServerImpl for group-FBDF88CE0C4F:[69705e4e-5185-49eb-bab0-a05722fc70d0|rpc:10.1.0.39:33255|priority:1] with ContainerStateMachine:uninitialized
2021-12-06 20:43:03,207 [pool-97-thread-1] INFO  server.RaftServerConfigKeys (ConfUtils.java:logGet(44)) - raft.server.rpc.timeout.min = 5s (custom)
2021-12-06 20:43:03,207 [pool-97-thread-1] INFO  server.RaftServerConfigKeys (ConfUtils.java:logGet(44)) - raft.server.rpc.timeout.max = 5200ms (custom)
2021-12-06 20:43:03,207 [pool-97-thread-1] INFO  server.RaftServerConfigKeys (ConfUtils.java:logGet(44)) - raft.server.rpc.sleep.time = 25ms (default)
2021-12-06 20:43:03,207 [pool-97-thread-1] INFO  server.RaftServerConfigKeys (ConfUtils.java:logGet(44)) - raft.server.rpc.slowness.timeout = 300s (custom)
2021-12-06 20:43:03,207 [pool-97-thread-1] INFO  server.RaftServerConfigKeys (ConfUtils.java:logGet(44)) - raft.server.leaderelection.leader.step-down.wait-time = 10s (default)
2021-12-06 20:43:03,207 [pool-97-thread-1] INFO  server.RaftServerConfigKeys (ConfUtils.java:logGet(44)) - raft.server.sleep.deviation.threshold = 300ms (default)
2021-12-06 20:43:03,208 [pool-97-thread-1] INFO  server.RaftServerConfigKeys (ConfUtils.java:logGet(44)) - raft.server.log.appender.install.snapshot.enabled = false (custom)
2021-12-06 20:43:03,208 [pool-97-thread-1] INFO  server.RaftServer$Division (ServerState.java:<init>(105)) - 69705e4e-5185-49eb-bab0-a05722fc70d0@group-FBDF88CE0C4F: ConfigurationManager, init=-1: [69705e4e-5185-49eb-bab0-a05722fc70d0|rpc:10.1.0.39:33255|priority:1], old=null, confs=<EMPTY_MAP>
2021-12-06 20:43:03,208 [pool-97-thread-1] INFO  server.RaftServerConfigKeys (ConfUtils.java:logGet(44)) - raft.server.storage.dir = [/home/runner/work/ozone/ozone/hadoop-ozone/integration-test/target/test-dir/MiniOzoneClusterImpl-1f2ada2d-a189-4e3f-a934-1db8589ac524/datanode-0/data/ratis] (custom)
2021-12-06 20:43:03,208 [pool-97-thread-1] INFO  server.RaftServerConfigKeys (ConfUtils.java:logGet(44)) - raft.server.log.corruption.policy = EXCEPTION (default)
2021-12-06 20:43:03,208 [pool-97-thread-1] INFO  server.RaftServerConfigKeys (ConfUtils.java:logGet(44)) - raft.server.storage.free-space.min = 0MB (=0) (default)
2021-12-06 20:43:03,208 [pool-97-thread-1] INFO  storage.RaftStorageDirectory (RaftStorageDirectoryImpl.java:analyzeStorage(135)) - The storage directory /home/runner/work/ozone/ozone/hadoop-ozone/integration-test/target/test-dir/MiniOzoneClusterImpl-1f2ada2d-a189-4e3f-a934-1db8589ac524/datanode-0/data/ratis/06e75ec7-175b-443d-ba0c-fbdf88ce0c4f does not exist. Creating ...
2021-12-06 20:43:03,213 [pool-97-thread-1] INFO  storage.RaftStorageDirectory (RaftStorageDirectoryImpl.java:tryLock(230)) - Lock on /home/runner/work/ozone/ozone/hadoop-ozone/integration-test/target/test-dir/MiniOzoneClusterImpl-1f2ada2d-a189-4e3f-a934-1db8589ac524/datanode-0/data/ratis/06e75ec7-175b-443d-ba0c-fbdf88ce0c4f/in_use.lock acquired by nodename 13770@fv-az151-352
2021-12-06 20:43:03,215 [pool-97-thread-1] INFO  storage.RaftStorage (RaftStorageImpl.java:format(89)) - Storage directory /home/runner/work/ozone/ozone/hadoop-ozone/integration-test/target/test-dir/MiniOzoneClusterImpl-1f2ada2d-a189-4e3f-a934-1db8589ac524/datanode-0/data/ratis/06e75ec7-175b-443d-ba0c-fbdf88ce0c4f has been successfully formatted.
2021-12-06 20:43:03,219 [pool-97-thread-1] INFO  ratis.ContainerStateMachine (ContainerStateMachine.java:loadSnapshot(224)) - group-FBDF88CE0C4F: The snapshot info is null. Setting the last applied indexto:(t:0, i:~)
2021-12-06 20:43:03,220 [pool-97-thread-1] INFO  server.RaftServerConfigKeys (ConfUtils.java:logGet(44)) - raft.server.notification.no-leader.timeout = 300s (custom)
2021-12-06 20:43:03,220 [pool-97-thread-1] INFO  server.RaftServerConfigKeys (ConfUtils.java:logGet(44)) - raft.server.log.use.memory = false (default)
2021-12-06 20:43:03,220 [pool-97-thread-1] INFO  server.RaftServerConfigKeys (ConfUtils.java:logGet(44)) - raft.server.log.purge.gap = 1000000 (custom)
2021-12-06 20:43:03,220 [pool-97-thread-1] INFO  server.RaftServerConfigKeys (ConfUtils.java:logGet(44)) - raft.server.log.appender.buffer.byte-limit = 33554432 (custom)
2021-12-06 20:43:03,220 [pool-97-thread-1] INFO  server.RaftServerConfigKeys (ConfUtils.java:logGet(44)) - raft.server.log.segment.size.max = 1048576 (custom)
2021-12-06 20:43:03,221 [pool-97-thread-1] INFO  server.RaftServerConfigKeys (ConfUtils.java:logGet(44)) - raft.server.log.segment.cache.num.max = 2 (custom)
2021-12-06 20:43:03,221 [pool-97-thread-1] INFO  server.RaftServerConfigKeys (ConfUtils.java:logGet(44)) - raft.server.log.segment.cache.size.max = 200MB (=209715200) (default)
2021-12-06 20:43:03,221 [pool-97-thread-1] INFO  segmented.SegmentedRaftLogWorker (SegmentedRaftLogWorker.java:<init>(182)) - new 69705e4e-5185-49eb-bab0-a05722fc70d0@group-FBDF88CE0C4F-SegmentedRaftLogWorker for RaftStorageImpl:Storage Directory /home/runner/work/ozone/ozone/hadoop-ozone/integration-test/target/test-dir/MiniOzoneClusterImpl-1f2ada2d-a189-4e3f-a934-1db8589ac524/datanode-0/data/ratis/06e75ec7-175b-443d-ba0c-fbdf88ce0c4f
2021-12-06 20:43:03,221 [pool-97-thread-1] INFO  server.RaftServerConfigKeys (ConfUtils.java:logGet(44)) - raft.server.log.queue.byte-limit = 2147483647 (custom)
2021-12-06 20:43:03,221 [pool-97-thread-1] INFO  server.RaftServerConfigKeys (ConfUtils.java:logGet(44)) - raft.server.log.queue.element-limit = 1024 (custom)
2021-12-06 20:43:03,221 [pool-97-thread-1] INFO  server.RaftServerConfigKeys (ConfUtils.java:logGet(44)) - raft.server.log.segment.size.max = 1048576 (custom)
2021-12-06 20:43:03,222 [pool-97-thread-1] INFO  server.RaftServerConfigKeys (ConfUtils.java:logGet(44)) - raft.server.log.preallocated.size = 16384 (custom)
2021-12-06 20:43:03,222 [pool-97-thread-1] INFO  server.RaftServerConfigKeys (ConfUtils.java:logGet(44)) - raft.server.log.force.sync.num = 128 (default)
2021-12-06 20:43:03,222 [pool-97-thread-1] INFO  server.RaftServerConfigKeys (ConfUtils.java:logGet(44)) - raft.server.log.statemachine.data.sync = true (default)
2021-12-06 20:43:03,222 [pool-97-thread-1] INFO  server.RaftServerConfigKeys (ConfUtils.java:logGet(44)) - raft.server.log.statemachine.data.sync.timeout = 10s (default)
2021-12-06 20:43:03,222 [pool-97-thread-1] INFO  server.RaftServerConfigKeys (ConfUtils.java:logGet(44)) - raft.server.log.statemachine.data.sync.timeout.retry = -1 (default)
2021-12-06 20:43:03,223 [pool-97-thread-1] INFO  server.RaftServerConfigKeys (ConfUtils.java:logGet(44)) - raft.server.log.write.buffer.size = 1048576 (custom)
2021-12-06 20:43:03,224 [pool-97-thread-1] INFO  server.RaftServerConfigKeys (ConfUtils.java:logGet(44)) - raft.server.log.statemachine.data.caching.enabled = true (custom)
2021-12-06 20:43:03,224 [pool-97-thread-1] INFO  segmented.SegmentedRaftLogWorker (SegmentedRaftLogWorker.java:lambda$new$0(133)) - 69705e4e-5185-49eb-bab0-a05722fc70d0@group-FBDF88CE0C4F-SegmentedRaftLogWorker: flushIndex: setUnconditionally 0 -> -1
2021-12-06 20:43:03,224 [pool-97-thread-1] INFO  segmented.SegmentedRaftLogWorker (SegmentedRaftLogWorker.java:lambda$new$0(133)) - 69705e4e-5185-49eb-bab0-a05722fc70d0@group-FBDF88CE0C4F-SegmentedRaftLogWorker: safeCacheEvictIndex: setUnconditionally 0 -> -1
2021-12-06 20:43:03,238 [EventQueue-PipelineReportForPipelineReportHandler] INFO  pipeline.PipelineManagerImpl (PipelineManagerImpl.java:openPipeline(291)) - Pipeline Pipeline[ Id: 06e75ec7-175b-443d-ba0c-fbdf88ce0c4f, Nodes: 69705e4e-5185-49eb-bab0-a05722fc70d0{ip: 10.1.0.39, host: fv-az151-352.yf2hydr00wburbhx3j5hxtcipe.bx.internal.cloudapp.net, ports: [REPLICATION=34303, RATIS=33255, RATIS_ADMIN=33255, RATIS_SERVER=33255, STANDALONE=36309], networkLocation: /default-rack, certSerialId: null, persistedOpState: IN_SERVICE, persistedOpStateExpiryEpochSec: 0}, ReplicationConfig: RATIS/ONE, State:ALLOCATED, leaderId:69705e4e-5185-49eb-bab0-a05722fc70d0, CreationTimestamp2021-12-06T20:43:00.264Z[Etc/UTC]] moved to OPEN state
2021-12-06 20:43:03,242 [pool-97-thread-1] INFO  server.RaftServerConfigKeys (ConfUtils.java:logGet(44)) - raft.server.snapshot.auto.trigger.enabled = true (custom)
2021-12-06 20:43:03,242 [pool-97-thread-1] INFO  server.RaftServerConfigKeys (ConfUtils.java:logGet(44)) - raft.server.snapshot.auto.trigger.threshold = 10000 (custom)
2021-12-06 20:43:03,242 [pool-97-thread-1] INFO  server.RaftServerConfigKeys (ConfUtils.java:logGet(44)) - raft.server.snapshot.retention.file.num = 5 (custom)
2021-12-06 20:43:03,242 [pool-97-thread-1] INFO  server.RaftServerConfigKeys (ConfUtils.java:logGet(44)) - raft.server.log.purge.upto.snapshot.index = false (default)
2021-12-06 20:43:03,242 [pool-97-thread-1] INFO  server.RaftServerConfigKeys (ConfUtils.java:logGet(44)) - raft.server.retrycache.expirytime = 600000ms (custom)
2021-12-06 20:43:03,243 [pool-97-thread-1] INFO  server.RaftServerConfigKeys (ConfUtils.java:logGet(44)) - raft.server.retrycache.statistics.expirytime = 100μs (default)
2021-12-06 20:43:03,244 [pool-97-thread-1] INFO  server.RaftServer$Division (RaftServerImpl.java:start(301)) - 69705e4e-5185-49eb-bab0-a05722fc70d0@group-FBDF88CE0C4F: start as a follower, conf=-1: [69705e4e-5185-49eb-bab0-a05722fc70d0|rpc:10.1.0.39:33255|priority:1], old=null
2021-12-06 20:43:03,244 [pool-97-thread-1] INFO  server.RaftServer$Division (RaftServerImpl.java:setRole(290)) - 69705e4e-5185-49eb-bab0-a05722fc70d0@group-FBDF88CE0C4F: changes role from      null to FOLLOWER at term 0 for startAsFollower
2021-12-06 20:43:03,245 [pool-97-thread-1] INFO  impl.RoleInfo (RoleInfo.java:updateAndGet(130)) - 69705e4e-5185-49eb-bab0-a05722fc70d0: start 69705e4e-5185-49eb-bab0-a05722fc70d0@group-FBDF88CE0C4F-FollowerState
2021-12-06 20:43:03,245 [EventQueue-OpenPipelineForHealthyPipelineSafeModeRule] INFO  safemode.SCMSafeModeManager (HealthyPipelineSafeModeRule.java:process(124)) - SCM in safe mode. Healthy pipelines reported count is 0, required healthy pipeline reported count is 1
2021-12-06 20:43:03,245 [pool-97-thread-1] INFO  util.JmxRegister (JmxRegister.java:tryRegister(44)) - Successfully registered JMX Bean with object name Ratis:service=RaftServer,group=group-FBDF88CE0C4F,id=69705e4e-5185-49eb-bab0-a05722fc70d0
2021-12-06 20:43:03,256 [Command processor thread] INFO  ratis.XceiverServerRatis (XceiverServerRatis.java:addGroup(768)) - Created group PipelineID=06e75ec7-175b-443d-ba0c-fbdf88ce0c4f
2021-12-06 20:43:03,257 [Command processor thread] INFO  commandhandler.CreatePipelineCommandHandler (CreatePipelineCommandHandler.java:handle(106)) - Created Pipeline RATIS ONE PipelineID=06e75ec7-175b-443d-ba0c-fbdf88ce0c4f.
2021-12-06 20:43:03,257 [Command processor thread] INFO  server.RaftServer (RaftServerProxy.java:addNew(95)) - 69705e4e-5185-49eb-bab0-a05722fc70d0: addNew group-1793C2F8585F:[ecb94700-366d-4f8f-9ef6-8d2101749b07|rpc:10.1.0.39:40543|priority:0, 69705e4e-5185-49eb-bab0-a05722fc70d0|rpc:10.1.0.39:33255|priority:0, 7942a5ba-8ac7-43cd-836c-4cecbcf2a1fa|rpc:10.1.0.39:42241|priority:1] returns group-1793C2F8585F:java.util.concurrent.CompletableFuture@5a452468[Not completed]
2021-12-06 20:43:03,258 [pool-97-thread-1] INFO  server.RaftServer$Division (RaftServerImpl.java:<init>(184)) - 69705e4e-5185-49eb-bab0-a05722fc70d0: new RaftServerImpl for group-1793C2F8585F:[ecb94700-366d-4f8f-9ef6-8d2101749b07|rpc:10.1.0.39:40543|priority:0, 69705e4e-5185-49eb-bab0-a05722fc70d0|rpc:10.1.0.39:33255|priority:0, 7942a5ba-8ac7-43cd-836c-4cecbcf2a1fa|rpc:10.1.0.39:42241|priority:1] with ContainerStateMachine:uninitialized
2021-12-06 20:43:03,259 [pool-97-thread-1] INFO  server.RaftServerConfigKeys (ConfUtils.java:logGet(44)) - raft.server.rpc.timeout.min = 5s (custom)
2021-12-06 20:43:03,260 [pool-97-thread-1] INFO  server.RaftServerConfigKeys (ConfUtils.java:logGet(44)) - raft.server.rpc.timeout.max = 5200ms (custom)
2021-12-06 20:43:03,260 [pool-97-thread-1] INFO  server.RaftServerConfigKeys (ConfUtils.java:logGet(44)) - raft.server.rpc.sleep.time = 25ms (default)
2021-12-06 20:43:03,260 [pool-97-thread-1] INFO  server.RaftServerConfigKeys (ConfUtils.java:logGet(44)) - raft.server.rpc.slowness.timeout = 300s (custom)
2021-12-06 20:43:03,260 [pool-97-thread-1] INFO  server.RaftServerConfigKeys (ConfUtils.java:logGet(44)) - raft.server.leaderelection.leader.step-down.wait-time = 10s (default)
2021-12-06 20:43:03,260 [pool-97-thread-1] INFO  server.RaftServerConfigKeys (ConfUtils.java:logGet(44)) - raft.server.sleep.deviation.threshold = 300ms (default)
2021-12-06 20:43:03,260 [pool-97-thread-1] INFO  server.RaftServerConfigKeys (ConfUtils.java:logGet(44)) - raft.server.log.appender.install.snapshot.enabled = false (custom)
2021-12-06 20:43:03,261 [pool-97-thread-1] INFO  server.RaftServer$Division (ServerState.java:<init>(105)) - 69705e4e-5185-49eb-bab0-a05722fc70d0@group-1793C2F8585F: ConfigurationManager, init=-1: [ecb94700-366d-4f8f-9ef6-8d2101749b07|rpc:10.1.0.39:40543|priority:0, 69705e4e-5185-49eb-bab0-a05722fc70d0|rpc:10.1.0.39:33255|priority:0, 7942a5ba-8ac7-43cd-836c-4cecbcf2a1fa|rpc:10.1.0.39:42241|priority:1], old=null, confs=<EMPTY_MAP>
2021-12-06 20:43:03,261 [pool-97-thread-1] INFO  server.RaftServerConfigKeys (ConfUtils.java:logGet(44)) - raft.server.storage.dir = [/home/runner/work/ozone/ozone/hadoop-ozone/integration-test/target/test-dir/MiniOzoneClusterImpl-1f2ada2d-a189-4e3f-a934-1db8589ac524/datanode-0/data/ratis] (custom)
2021-12-06 20:43:03,261 [pool-97-thread-1] INFO  server.RaftServerConfigKeys (ConfUtils.java:logGet(44)) - raft.server.log.corruption.policy = EXCEPTION (default)
2021-12-06 20:43:03,261 [pool-97-thread-1] INFO  server.RaftServerConfigKeys (ConfUtils.java:logGet(44)) - raft.server.storage.free-space.min = 0MB (=0) (default)
2021-12-06 20:43:03,261 [pool-97-thread-1] INFO  storage.RaftStorageDirectory (RaftStorageDirectoryImpl.java:analyzeStorage(135)) - The storage directory /home/runner/work/ozone/ozone/hadoop-ozone/integration-test/target/test-dir/MiniOzoneClusterImpl-1f2ada2d-a189-4e3f-a934-1db8589ac524/datanode-0/data/ratis/b1c62d63-b95d-40c4-8a9c-1793c2f8585f does not exist. Creating ...
2021-12-06 20:43:03,262 [pool-97-thread-1] INFO  storage.RaftStorageDirectory (RaftStorageDirectoryImpl.java:tryLock(230)) - Lock on /home/runner/work/ozone/ozone/hadoop-ozone/integration-test/target/test-dir/MiniOzoneClusterImpl-1f2ada2d-a189-4e3f-a934-1db8589ac524/datanode-0/data/ratis/b1c62d63-b95d-40c4-8a9c-1793c2f8585f/in_use.lock acquired by nodename 13770@fv-az151-352
2021-12-06 20:43:03,264 [pool-97-thread-1] INFO  storage.RaftStorage (RaftStorageImpl.java:format(89)) - Storage directory /home/runner/work/ozone/ozone/hadoop-ozone/integration-test/target/test-dir/MiniOzoneClusterImpl-1f2ada2d-a189-4e3f-a934-1db8589ac524/datanode-0/data/ratis/b1c62d63-b95d-40c4-8a9c-1793c2f8585f has been successfully formatted.
2021-12-06 20:43:03,266 [EventQueue-OpenPipelineForHealthyPipelineSafeModeRule] INFO  safemode.SCMSafeModeManager (HealthyPipelineSafeModeRule.java:process(124)) - SCM in safe mode. Healthy pipelines reported count is 0, required healthy pipeline reported count is 1
2021-12-06 20:43:03,267 [pool-97-thread-1] INFO  ratis.ContainerStateMachine (ContainerStateMachine.java:loadSnapshot(224)) - group-1793C2F8585F: The snapshot info is null. Setting the last applied indexto:(t:0, i:~)
2021-12-06 20:43:03,267 [pool-97-thread-1] INFO  server.RaftServerConfigKeys (ConfUtils.java:logGet(44)) - raft.server.notification.no-leader.timeout = 300s (custom)
2021-12-06 20:43:03,267 [pool-97-thread-1] INFO  server.RaftServerConfigKeys (ConfUtils.java:logGet(44)) - raft.server.log.use.memory = false (default)
2021-12-06 20:43:03,267 [pool-97-thread-1] INFO  server.RaftServerConfigKeys (ConfUtils.java:logGet(44)) - raft.server.log.purge.gap = 1000000 (custom)
2021-12-06 20:43:03,267 [pool-97-thread-1] INFO  server.RaftServerConfigKeys (ConfUtils.java:logGet(44)) - raft.server.log.appender.buffer.byte-limit = 33554432 (custom)
2021-12-06 20:43:03,268 [pool-97-thread-1] INFO  server.RaftServerConfigKeys (ConfUtils.java:logGet(44)) - raft.server.log.segment.size.max = 1048576 (custom)
2021-12-06 20:43:03,268 [pool-97-thread-1] INFO  server.RaftServerConfigKeys (ConfUtils.java:logGet(44)) - raft.server.log.segment.cache.num.max = 2 (custom)
2021-12-06 20:43:03,268 [pool-97-thread-1] INFO  server.RaftServerConfigKeys (ConfUtils.java:logGet(44)) - raft.server.log.segment.cache.size.max = 200MB (=209715200) (default)
2021-12-06 20:43:03,268 [pool-97-thread-1] INFO  segmented.SegmentedRaftLogWorker (SegmentedRaftLogWorker.java:<init>(182)) - new 69705e4e-5185-49eb-bab0-a05722fc70d0@group-1793C2F8585F-SegmentedRaftLogWorker for RaftStorageImpl:Storage Directory /home/runner/work/ozone/ozone/hadoop-ozone/integration-test/target/test-dir/MiniOzoneClusterImpl-1f2ada2d-a189-4e3f-a934-1db8589ac524/datanode-0/data/ratis/b1c62d63-b95d-40c4-8a9c-1793c2f8585f
2021-12-06 20:43:03,269 [pool-97-thread-1] INFO  server.RaftServerConfigKeys (ConfUtils.java:logGet(44)) - raft.server.log.queue.byte-limit = 2147483647 (custom)
2021-12-06 20:43:03,269 [pool-97-thread-1] INFO  server.RaftServerConfigKeys (ConfUtils.java:logGet(44)) - raft.server.log.queue.element-limit = 1024 (custom)
2021-12-06 20:43:03,269 [pool-97-thread-1] INFO  server.RaftServerConfigKeys (ConfUtils.java:logGet(44)) - raft.server.log.segment.size.max = 1048576 (custom)
2021-12-06 20:43:03,269 [pool-97-thread-1] INFO  server.RaftServerConfigKeys (ConfUtils.java:logGet(44)) - raft.server.log.preallocated.size = 16384 (custom)
2021-12-06 20:43:03,272 [pool-97-thread-1] INFO  server.RaftServerConfigKeys (ConfUtils.java:logGet(44)) - raft.server.log.force.sync.num = 128 (default)
2021-12-06 20:43:03,273 [pool-97-thread-1] INFO  server.RaftServerConfigKeys (ConfUtils.java:logGet(44)) - raft.server.log.statemachine.data.sync = true (default)
2021-12-06 20:43:03,273 [pool-97-thread-1] INFO  server.RaftServerConfigKeys (ConfUtils.java:logGet(44)) - raft.server.log.statemachine.data.sync.timeout = 10s (default)
2021-12-06 20:43:03,273 [pool-97-thread-1] INFO  server.RaftServerConfigKeys (ConfUtils.java:logGet(44)) - raft.server.log.statemachine.data.sync.timeout.retry = -1 (default)
2021-12-06 20:43:03,275 [pool-97-thread-1] INFO  server.RaftServerConfigKeys (ConfUtils.java:logGet(44)) - raft.server.log.write.buffer.size = 1048576 (custom)
2021-12-06 20:43:03,279 [pool-97-thread-1] INFO  server.RaftServerConfigKeys (ConfUtils.java:logGet(44)) - raft.server.log.statemachine.data.caching.enabled = true (custom)
2021-12-06 20:43:03,280 [pool-97-thread-1] INFO  segmented.SegmentedRaftLogWorker (SegmentedRaftLogWorker.java:lambda$new$0(133)) - 69705e4e-5185-49eb-bab0-a05722fc70d0@group-1793C2F8585F-SegmentedRaftLogWorker: flushIndex: setUnconditionally 0 -> -1
2021-12-06 20:43:03,280 [pool-97-thread-1] INFO  segmented.SegmentedRaftLogWorker (SegmentedRaftLogWorker.java:lambda$new$0(133)) - 69705e4e-5185-49eb-bab0-a05722fc70d0@group-1793C2F8585F-SegmentedRaftLogWorker: safeCacheEvictIndex: setUnconditionally 0 -> -1
2021-12-06 20:43:03,282 [pool-97-thread-1] INFO  server.RaftServerConfigKeys (ConfUtils.java:logGet(44)) - raft.server.snapshot.auto.trigger.enabled = true (custom)
2021-12-06 20:43:03,283 [pool-97-thread-1] INFO  server.RaftServerConfigKeys (ConfUtils.java:logGet(44)) - raft.server.snapshot.auto.trigger.threshold = 10000 (custom)
2021-12-06 20:43:03,283 [pool-97-thread-1] INFO  server.RaftServerConfigKeys (ConfUtils.java:logGet(44)) - raft.server.snapshot.retention.file.num = 5 (custom)
2021-12-06 20:43:03,283 [pool-97-thread-1] INFO  server.RaftServerConfigKeys (ConfUtils.java:logGet(44)) - raft.server.log.purge.upto.snapshot.index = false (default)
2021-12-06 20:43:03,283 [pool-97-thread-1] INFO  server.RaftServerConfigKeys (ConfUtils.java:logGet(44)) - raft.server.retrycache.expirytime = 600000ms (custom)
2021-12-06 20:43:03,283 [pool-97-thread-1] INFO  server.RaftServerConfigKeys (ConfUtils.java:logGet(44)) - raft.server.retrycache.statistics.expirytime = 100μs (default)
2021-12-06 20:43:03,284 [pool-97-thread-1] INFO  server.RaftServer$Division (RaftServerImpl.java:start(301)) - 69705e4e-5185-49eb-bab0-a05722fc70d0@group-1793C2F8585F: start as a follower, conf=-1: [ecb94700-366d-4f8f-9ef6-8d2101749b07|rpc:10.1.0.39:40543|priority:0, 69705e4e-5185-49eb-bab0-a05722fc70d0|rpc:10.1.0.39:33255|priority:0, 7942a5ba-8ac7-43cd-836c-4cecbcf2a1fa|rpc:10.1.0.39:42241|priority:1], old=null
2021-12-06 20:43:03,285 [pool-97-thread-1] INFO  server.RaftServer$Division (RaftServerImpl.java:setRole(290)) - 69705e4e-5185-49eb-bab0-a05722fc70d0@group-1793C2F8585F: changes role from      null to FOLLOWER at term 0 for startAsFollower
2021-12-06 20:43:03,285 [pool-97-thread-1] INFO  impl.RoleInfo (RoleInfo.java:updateAndGet(130)) - 69705e4e-5185-49eb-bab0-a05722fc70d0: start 69705e4e-5185-49eb-bab0-a05722fc70d0@group-1793C2F8585F-FollowerState
2021-12-06 20:43:03,287 [pool-97-thread-1] INFO  util.JmxRegister (JmxRegister.java:tryRegister(44)) - Successfully registered JMX Bean with object name Ratis:service=RaftServer,group=group-1793C2F8585F,id=69705e4e-5185-49eb-bab0-a05722fc70d0
2021-12-06 20:43:03,288 [Command processor thread] INFO  ratis.XceiverServerRatis (XceiverServerRatis.java:addGroup(768)) - Created group PipelineID=b1c62d63-b95d-40c4-8a9c-1793c2f8585f
2021-12-06 20:43:03,358 [grpc-default-executor-1] INFO  server.RaftServer (RaftServerProxy.java:addNew(95)) - ecb94700-366d-4f8f-9ef6-8d2101749b07: addNew group-1793C2F8585F:[ecb94700-366d-4f8f-9ef6-8d2101749b07|rpc:10.1.0.39:40543|dataStream:|priority:0, 69705e4e-5185-49eb-bab0-a05722fc70d0|rpc:10.1.0.39:33255|dataStream:|priority:0, 7942a5ba-8ac7-43cd-836c-4cecbcf2a1fa|rpc:10.1.0.39:42241|dataStream:|priority:1] returns group-1793C2F8585F:java.util.concurrent.CompletableFuture@472f5d8d[Not completed]
2021-12-06 20:43:03,360 [pool-139-thread-1] INFO  server.RaftServer$Division (RaftServerImpl.java:<init>(184)) - ecb94700-366d-4f8f-9ef6-8d2101749b07: new RaftServerImpl for group-1793C2F8585F:[ecb94700-366d-4f8f-9ef6-8d2101749b07|rpc:10.1.0.39:40543|dataStream:|priority:0, 69705e4e-5185-49eb-bab0-a05722fc70d0|rpc:10.1.0.39:33255|dataStream:|priority:0, 7942a5ba-8ac7-43cd-836c-4cecbcf2a1fa|rpc:10.1.0.39:42241|dataStream:|priority:1] with ContainerStateMachine:uninitialized
2021-12-06 20:43:03,360 [pool-139-thread-1] INFO  server.RaftServerConfigKeys (ConfUtils.java:logGet(44)) - raft.server.rpc.timeout.min = 5s (custom)
2021-12-06 20:43:03,360 [pool-139-thread-1] INFO  server.RaftServerConfigKeys (ConfUtils.java:logGet(44)) - raft.server.rpc.timeout.max = 5200ms (custom)
2021-12-06 20:43:03,360 [pool-139-thread-1] INFO  server.RaftServerConfigKeys (ConfUtils.java:logGet(44)) - raft.server.rpc.sleep.time = 25ms (default)
2021-12-06 20:43:03,361 [pool-139-thread-1] INFO  server.RaftServerConfigKeys (ConfUtils.java:logGet(44)) - raft.server.rpc.slowness.timeout = 300s (custom)
2021-12-06 20:43:03,361 [pool-139-thread-1] INFO  server.RaftServerConfigKeys (ConfUtils.java:logGet(44)) - raft.server.leaderelection.leader.step-down.wait-time = 10s (default)
2021-12-06 20:43:03,361 [pool-139-thread-1] INFO  server.RaftServerConfigKeys (ConfUtils.java:logGet(44)) - raft.server.sleep.deviation.threshold = 300ms (default)
2021-12-06 20:43:03,361 [pool-139-thread-1] INFO  server.RaftServerConfigKeys (ConfUtils.java:logGet(44)) - raft.server.log.appender.install.snapshot.enabled = false (custom)
2021-12-06 20:43:03,361 [pool-139-thread-1] INFO  server.RaftServer$Division (ServerState.java:<init>(105)) - ecb94700-366d-4f8f-9ef6-8d2101749b07@group-1793C2F8585F: ConfigurationManager, init=-1: [ecb94700-366d-4f8f-9ef6-8d2101749b07|rpc:10.1.0.39:40543|dataStream:|priority:0, 69705e4e-5185-49eb-bab0-a05722fc70d0|rpc:10.1.0.39:33255|dataStream:|priority:0, 7942a5ba-8ac7-43cd-836c-4cecbcf2a1fa|rpc:10.1.0.39:42241|dataStream:|priority:1], old=null, confs=<EMPTY_MAP>
2021-12-06 20:43:03,362 [pool-139-thread-1] INFO  server.RaftServerConfigKeys (ConfUtils.java:logGet(44)) - raft.server.storage.dir = [/home/runner/work/ozone/ozone/hadoop-ozone/integration-test/target/test-dir/MiniOzoneClusterImpl-1f2ada2d-a189-4e3f-a934-1db8589ac524/datanode-2/data/ratis] (custom)
2021-12-06 20:43:03,362 [pool-139-thread-1] INFO  server.RaftServerConfigKeys (ConfUtils.java:logGet(44)) - raft.server.log.corruption.policy = EXCEPTION (default)
2021-12-06 20:43:03,362 [pool-139-thread-1] INFO  server.RaftServerConfigKeys (ConfUtils.java:logGet(44)) - raft.server.storage.free-space.min = 0MB (=0) (default)
2021-12-06 20:43:03,363 [pool-139-thread-1] INFO  storage.RaftStorageDirectory (RaftStorageDirectoryImpl.java:analyzeStorage(135)) - The storage directory /home/runner/work/ozone/ozone/hadoop-ozone/integration-test/target/test-dir/MiniOzoneClusterImpl-1f2ada2d-a189-4e3f-a934-1db8589ac524/datanode-2/data/ratis/b1c62d63-b95d-40c4-8a9c-1793c2f8585f does not exist. Creating ...
2021-12-06 20:43:03,364 [pool-139-thread-1] INFO  storage.RaftStorageDirectory (RaftStorageDirectoryImpl.java:tryLock(230)) - Lock on /home/runner/work/ozone/ozone/hadoop-ozone/integration-test/target/test-dir/MiniOzoneClusterImpl-1f2ada2d-a189-4e3f-a934-1db8589ac524/datanode-2/data/ratis/b1c62d63-b95d-40c4-8a9c-1793c2f8585f/in_use.lock acquired by nodename 13770@fv-az151-352
2021-12-06 20:43:03,365 [pool-139-thread-1] INFO  storage.RaftStorage (RaftStorageImpl.java:format(89)) - Storage directory /home/runner/work/ozone/ozone/hadoop-ozone/integration-test/target/test-dir/MiniOzoneClusterImpl-1f2ada2d-a189-4e3f-a934-1db8589ac524/datanode-2/data/ratis/b1c62d63-b95d-40c4-8a9c-1793c2f8585f has been successfully formatted.
2021-12-06 20:43:03,367 [pool-139-thread-1] INFO  ratis.ContainerStateMachine (ContainerStateMachine.java:loadSnapshot(224)) - group-1793C2F8585F: The snapshot info is null. Setting the last applied indexto:(t:0, i:~)
2021-12-06 20:43:03,368 [pool-139-thread-1] INFO  server.RaftServerConfigKeys (ConfUtils.java:logGet(44)) - raft.server.notification.no-leader.timeout = 300s (custom)
2021-12-06 20:43:03,372 [pool-139-thread-1] INFO  server.RaftServerConfigKeys (ConfUtils.java:logGet(44)) - raft.server.log.use.memory = false (default)
2021-12-06 20:43:03,372 [pool-139-thread-1] INFO  server.RaftServerConfigKeys (ConfUtils.java:logGet(44)) - raft.server.log.purge.gap = 1000000 (custom)
2021-12-06 20:43:03,372 [pool-139-thread-1] INFO  server.RaftServerConfigKeys (ConfUtils.java:logGet(44)) - raft.server.log.appender.buffer.byte-limit = 33554432 (custom)
2021-12-06 20:43:03,372 [pool-139-thread-1] INFO  server.RaftServerConfigKeys (ConfUtils.java:logGet(44)) - raft.server.log.segment.size.max = 1048576 (custom)
2021-12-06 20:43:03,373 [pool-139-thread-1] INFO  server.RaftServerConfigKeys (ConfUtils.java:logGet(44)) - raft.server.log.segment.cache.num.max = 2 (custom)
2021-12-06 20:43:03,373 [pool-139-thread-1] INFO  server.RaftServerConfigKeys (ConfUtils.java:logGet(44)) - raft.server.log.segment.cache.size.max = 200MB (=209715200) (default)
2021-12-06 20:43:03,373 [pool-139-thread-1] INFO  segmented.SegmentedRaftLogWorker (SegmentedRaftLogWorker.java:<init>(182)) - new ecb94700-366d-4f8f-9ef6-8d2101749b07@group-1793C2F8585F-SegmentedRaftLogWorker for RaftStorageImpl:Storage Directory /home/runner/work/ozone/ozone/hadoop-ozone/integration-test/target/test-dir/MiniOzoneClusterImpl-1f2ada2d-a189-4e3f-a934-1db8589ac524/datanode-2/data/ratis/b1c62d63-b95d-40c4-8a9c-1793c2f8585f
2021-12-06 20:43:03,373 [pool-139-thread-1] INFO  server.RaftServerConfigKeys (ConfUtils.java:logGet(44)) - raft.server.log.queue.byte-limit = 2147483647 (custom)
2021-12-06 20:43:03,373 [pool-139-thread-1] INFO  server.RaftServerConfigKeys (ConfUtils.java:logGet(44)) - raft.server.log.queue.element-limit = 1024 (custom)
2021-12-06 20:43:03,373 [pool-139-thread-1] INFO  server.RaftServerConfigKeys (ConfUtils.java:logGet(44)) - raft.server.log.segment.size.max = 1048576 (custom)
2021-12-06 20:43:03,373 [pool-139-thread-1] INFO  server.RaftServerConfigKeys (ConfUtils.java:logGet(44)) - raft.server.log.preallocated.size = 16384 (custom)
2021-12-06 20:43:03,374 [pool-139-thread-1] INFO  server.RaftServerConfigKeys (ConfUtils.java:logGet(44)) - raft.server.log.force.sync.num = 128 (default)
2021-12-06 20:43:03,374 [pool-139-thread-1] INFO  server.RaftServerConfigKeys (ConfUtils.java:logGet(44)) - raft.server.log.statemachine.data.sync = true (default)
2021-12-06 20:43:03,374 [pool-139-thread-1] INFO  server.RaftServerConfigKeys (ConfUtils.java:logGet(44)) - raft.server.log.statemachine.data.sync.timeout = 10s (default)
2021-12-06 20:43:03,374 [pool-139-thread-1] INFO  server.RaftServerConfigKeys (ConfUtils.java:logGet(44)) - raft.server.log.statemachine.data.sync.timeout.retry = -1 (default)
2021-12-06 20:43:03,375 [pool-139-thread-1] INFO  server.RaftServerConfigKeys (ConfUtils.java:logGet(44)) - raft.server.log.write.buffer.size = 1048576 (custom)
2021-12-06 20:43:03,375 [pool-139-thread-1] INFO  server.RaftServerConfigKeys (ConfUtils.java:logGet(44)) - raft.server.log.statemachine.data.caching.enabled = true (custom)
2021-12-06 20:43:03,376 [pool-139-thread-1] INFO  segmented.SegmentedRaftLogWorker (SegmentedRaftLogWorker.java:lambda$new$0(133)) - ecb94700-366d-4f8f-9ef6-8d2101749b07@group-1793C2F8585F-SegmentedRaftLogWorker: flushIndex: setUnconditionally 0 -> -1
2021-12-06 20:43:03,376 [pool-139-thread-1] INFO  segmented.SegmentedRaftLogWorker (SegmentedRaftLogWorker.java:lambda$new$0(133)) - ecb94700-366d-4f8f-9ef6-8d2101749b07@group-1793C2F8585F-SegmentedRaftLogWorker: safeCacheEvictIndex: setUnconditionally 0 -> -1
2021-12-06 20:43:03,377 [pool-139-thread-1] INFO  server.RaftServerConfigKeys (ConfUtils.java:logGet(44)) - raft.server.snapshot.auto.trigger.enabled = true (custom)
2021-12-06 20:43:03,377 [pool-139-thread-1] INFO  server.RaftServerConfigKeys (ConfUtils.java:logGet(44)) - raft.server.snapshot.auto.trigger.threshold = 10000 (custom)
2021-12-06 20:43:03,377 [pool-139-thread-1] INFO  server.RaftServerConfigKeys (ConfUtils.java:logGet(44)) - raft.server.snapshot.retention.file.num = 5 (custom)
2021-12-06 20:43:03,377 [pool-139-thread-1] INFO  server.RaftServerConfigKeys (ConfUtils.java:logGet(44)) - raft.server.log.purge.upto.snapshot.index = false (default)
2021-12-06 20:43:03,377 [pool-139-thread-1] INFO  server.RaftServerConfigKeys (ConfUtils.java:logGet(44)) - raft.server.retrycache.expirytime = 600000ms (custom)
2021-12-06 20:43:03,377 [pool-139-thread-1] INFO  server.RaftServerConfigKeys (ConfUtils.java:logGet(44)) - raft.server.retrycache.statistics.expirytime = 100μs (default)
2021-12-06 20:43:03,378 [pool-139-thread-1] INFO  server.RaftServer$Division (RaftServerImpl.java:start(301)) - ecb94700-366d-4f8f-9ef6-8d2101749b07@group-1793C2F8585F: start as a follower, conf=-1: [ecb94700-366d-4f8f-9ef6-8d2101749b07|rpc:10.1.0.39:40543|dataStream:|priority:0, 69705e4e-5185-49eb-bab0-a05722fc70d0|rpc:10.1.0.39:33255|dataStream:|priority:0, 7942a5ba-8ac7-43cd-836c-4cecbcf2a1fa|rpc:10.1.0.39:42241|dataStream:|priority:1], old=null
2021-12-06 20:43:03,378 [pool-139-thread-1] INFO  server.RaftServer$Division (RaftServerImpl.java:setRole(290)) - ecb94700-366d-4f8f-9ef6-8d2101749b07@group-1793C2F8585F: changes role from      null to FOLLOWER at term 0 for startAsFollower
2021-12-06 20:43:03,378 [pool-139-thread-1] INFO  impl.RoleInfo (RoleInfo.java:updateAndGet(130)) - ecb94700-366d-4f8f-9ef6-8d2101749b07: start ecb94700-366d-4f8f-9ef6-8d2101749b07@group-1793C2F8585F-FollowerState
2021-12-06 20:43:03,379 [pool-139-thread-1] INFO  util.JmxRegister (JmxRegister.java:tryRegister(44)) - Successfully registered JMX Bean with object name Ratis:service=RaftServer,group=group-1793C2F8585F,id=ecb94700-366d-4f8f-9ef6-8d2101749b07
2021-12-06 20:43:03,404 [Command processor thread] INFO  server.RaftServer (RaftServerProxy.java:addNew(95)) - 7942a5ba-8ac7-43cd-836c-4cecbcf2a1fa: addNew group-D9CBE1E7826C:[7942a5ba-8ac7-43cd-836c-4cecbcf2a1fa|rpc:10.1.0.39:42241|priority:1] returns group-D9CBE1E7826C:java.util.concurrent.CompletableFuture@5cfc6b30[Not completed]
2021-12-06 20:43:03,411 [pool-118-thread-1] INFO  server.RaftServer$Division (RaftServerImpl.java:<init>(184)) - 7942a5ba-8ac7-43cd-836c-4cecbcf2a1fa: new RaftServerImpl for group-D9CBE1E7826C:[7942a5ba-8ac7-43cd-836c-4cecbcf2a1fa|rpc:10.1.0.39:42241|priority:1] with ContainerStateMachine:uninitialized
2021-12-06 20:43:03,419 [pool-118-thread-1] INFO  server.RaftServerConfigKeys (ConfUtils.java:logGet(44)) - raft.server.rpc.timeout.min = 5s (custom)
2021-12-06 20:43:03,420 [pool-118-thread-1] INFO  server.RaftServerConfigKeys (ConfUtils.java:logGet(44)) - raft.server.rpc.timeout.max = 5200ms (custom)
2021-12-06 20:43:03,420 [pool-118-thread-1] INFO  server.RaftServerConfigKeys (ConfUtils.java:logGet(44)) - raft.server.rpc.sleep.time = 25ms (default)
2021-12-06 20:43:03,420 [pool-118-thread-1] INFO  server.RaftServerConfigKeys (ConfUtils.java:logGet(44)) - raft.server.rpc.slowness.timeout = 300s (custom)
2021-12-06 20:43:03,420 [pool-118-thread-1] INFO  server.RaftServerConfigKeys (ConfUtils.java:logGet(44)) - raft.server.leaderelection.leader.step-down.wait-time = 10s (default)
2021-12-06 20:43:03,420 [pool-118-thread-1] INFO  server.RaftServerConfigKeys (ConfUtils.java:logGet(44)) - raft.server.sleep.deviation.threshold = 300ms (default)
2021-12-06 20:43:03,420 [pool-118-thread-1] INFO  server.RaftServerConfigKeys (ConfUtils.java:logGet(44)) - raft.server.log.appender.install.snapshot.enabled = false (custom)
2021-12-06 20:43:03,420 [pool-118-thread-1] INFO  server.RaftServer$Division (ServerState.java:<init>(105)) - 7942a5ba-8ac7-43cd-836c-4cecbcf2a1fa@group-D9CBE1E7826C: ConfigurationManager, init=-1: [7942a5ba-8ac7-43cd-836c-4cecbcf2a1fa|rpc:10.1.0.39:42241|priority:1], old=null, confs=<EMPTY_MAP>
2021-12-06 20:43:03,420 [pool-118-thread-1] INFO  server.RaftServerConfigKeys (ConfUtils.java:logGet(44)) - raft.server.storage.dir = [/home/runner/work/ozone/ozone/hadoop-ozone/integration-test/target/test-dir/MiniOzoneClusterImpl-1f2ada2d-a189-4e3f-a934-1db8589ac524/datanode-1/data/ratis] (custom)
2021-12-06 20:43:03,420 [pool-118-thread-1] INFO  server.RaftServerConfigKeys (ConfUtils.java:logGet(44)) - raft.server.log.corruption.policy = EXCEPTION (default)
2021-12-06 20:43:03,420 [pool-118-thread-1] INFO  server.RaftServerConfigKeys (ConfUtils.java:logGet(44)) - raft.server.storage.free-space.min = 0MB (=0) (default)
2021-12-06 20:43:03,421 [pool-118-thread-1] INFO  storage.RaftStorageDirectory (RaftStorageDirectoryImpl.java:analyzeStorage(135)) - The storage directory /home/runner/work/ozone/ozone/hadoop-ozone/integration-test/target/test-dir/MiniOzoneClusterImpl-1f2ada2d-a189-4e3f-a934-1db8589ac524/datanode-1/data/ratis/ee69ea83-f3e3-459a-947e-d9cbe1e7826c does not exist. Creating ...
2021-12-06 20:43:03,422 [pool-118-thread-1] INFO  storage.RaftStorageDirectory (RaftStorageDirectoryImpl.java:tryLock(230)) - Lock on /home/runner/work/ozone/ozone/hadoop-ozone/integration-test/target/test-dir/MiniOzoneClusterImpl-1f2ada2d-a189-4e3f-a934-1db8589ac524/datanode-1/data/ratis/ee69ea83-f3e3-459a-947e-d9cbe1e7826c/in_use.lock acquired by nodename 13770@fv-az151-352
2021-12-06 20:43:03,423 [pool-118-thread-1] INFO  storage.RaftStorage (RaftStorageImpl.java:format(89)) - Storage directory /home/runner/work/ozone/ozone/hadoop-ozone/integration-test/target/test-dir/MiniOzoneClusterImpl-1f2ada2d-a189-4e3f-a934-1db8589ac524/datanode-1/data/ratis/ee69ea83-f3e3-459a-947e-d9cbe1e7826c has been successfully formatted.
2021-12-06 20:43:03,426 [pool-118-thread-1] INFO  ratis.ContainerStateMachine (ContainerStateMachine.java:loadSnapshot(224)) - group-D9CBE1E7826C: The snapshot info is null. Setting the last applied indexto:(t:0, i:~)
2021-12-06 20:43:03,428 [pool-118-thread-1] INFO  server.RaftServerConfigKeys (ConfUtils.java:logGet(44)) - raft.server.notification.no-leader.timeout = 300s (custom)
2021-12-06 20:43:03,429 [pool-118-thread-1] INFO  server.RaftServerConfigKeys (ConfUtils.java:logGet(44)) - raft.server.log.use.memory = false (default)
2021-12-06 20:43:03,429 [pool-118-thread-1] INFO  server.RaftServerConfigKeys (ConfUtils.java:logGet(44)) - raft.server.log.purge.gap = 1000000 (custom)
2021-12-06 20:43:03,429 [pool-118-thread-1] INFO  server.RaftServerConfigKeys (ConfUtils.java:logGet(44)) - raft.server.log.appender.buffer.byte-limit = 33554432 (custom)
2021-12-06 20:43:03,430 [pool-118-thread-1] INFO  server.RaftServerConfigKeys (ConfUtils.java:logGet(44)) - raft.server.log.segment.size.max = 1048576 (custom)
2021-12-06 20:43:03,436 [EventQueue-PipelineReportForPipelineReportHandler] INFO  pipeline.PipelineManagerImpl (PipelineManagerImpl.java:openPipeline(291)) - Pipeline Pipeline[ Id: ee69ea83-f3e3-459a-947e-d9cbe1e7826c, Nodes: 7942a5ba-8ac7-43cd-836c-4cecbcf2a1fa{ip: 10.1.0.39, host: fv-az151-352.yf2hydr00wburbhx3j5hxtcipe.bx.internal.cloudapp.net, ports: [REPLICATION=33077, RATIS=42241, RATIS_ADMIN=42241, RATIS_SERVER=42241, STANDALONE=33277], networkLocation: /default-rack, certSerialId: null, persistedOpState: IN_SERVICE, persistedOpStateExpiryEpochSec: 0}, ReplicationConfig: RATIS/ONE, State:ALLOCATED, leaderId:7942a5ba-8ac7-43cd-836c-4cecbcf2a1fa, CreationTimestamp2021-12-06T20:43:00.409Z[Etc/UTC]] moved to OPEN state
2021-12-06 20:43:03,437 [EventQueue-OpenPipelineForHealthyPipelineSafeModeRule] INFO  safemode.SCMSafeModeManager (HealthyPipelineSafeModeRule.java:process(124)) - SCM in safe mode. Healthy pipelines reported count is 0, required healthy pipeline reported count is 1
2021-12-06 20:43:03,440 [pool-118-thread-1] INFO  server.RaftServerConfigKeys (ConfUtils.java:logGet(44)) - raft.server.log.segment.cache.num.max = 2 (custom)
2021-12-06 20:43:03,442 [pool-118-thread-1] INFO  server.RaftServerConfigKeys (ConfUtils.java:logGet(44)) - raft.server.log.segment.cache.size.max = 200MB (=209715200) (default)
2021-12-06 20:43:03,442 [pool-118-thread-1] INFO  segmented.SegmentedRaftLogWorker (SegmentedRaftLogWorker.java:<init>(182)) - new 7942a5ba-8ac7-43cd-836c-4cecbcf2a1fa@group-D9CBE1E7826C-SegmentedRaftLogWorker for RaftStorageImpl:Storage Directory /home/runner/work/ozone/ozone/hadoop-ozone/integration-test/target/test-dir/MiniOzoneClusterImpl-1f2ada2d-a189-4e3f-a934-1db8589ac524/datanode-1/data/ratis/ee69ea83-f3e3-459a-947e-d9cbe1e7826c
2021-12-06 20:43:03,442 [pool-118-thread-1] INFO  server.RaftServerConfigKeys (ConfUtils.java:logGet(44)) - raft.server.log.queue.byte-limit = 2147483647 (custom)
2021-12-06 20:43:03,442 [pool-118-thread-1] INFO  server.RaftServerConfigKeys (ConfUtils.java:logGet(44)) - raft.server.log.queue.element-limit = 1024 (custom)
2021-12-06 20:43:03,442 [pool-118-thread-1] INFO  server.RaftServerConfigKeys (ConfUtils.java:logGet(44)) - raft.server.log.segment.size.max = 1048576 (custom)
2021-12-06 20:43:03,442 [pool-118-thread-1] INFO  server.RaftServerConfigKeys (ConfUtils.java:logGet(44)) - raft.server.log.preallocated.size = 16384 (custom)
2021-12-06 20:43:03,443 [pool-118-thread-1] INFO  server.RaftServerConfigKeys (ConfUtils.java:logGet(44)) - raft.server.log.force.sync.num = 128 (default)
2021-12-06 20:43:03,443 [pool-118-thread-1] INFO  server.RaftServerConfigKeys (ConfUtils.java:logGet(44)) - raft.server.log.statemachine.data.sync = true (default)
2021-12-06 20:43:03,443 [pool-118-thread-1] INFO  server.RaftServerConfigKeys (ConfUtils.java:logGet(44)) - raft.server.log.statemachine.data.sync.timeout = 10s (default)
2021-12-06 20:43:03,443 [pool-118-thread-1] INFO  server.RaftServerConfigKeys (ConfUtils.java:logGet(44)) - raft.server.log.statemachine.data.sync.timeout.retry = -1 (default)
2021-12-06 20:43:03,444 [pool-118-thread-1] INFO  server.RaftServerConfigKeys (ConfUtils.java:logGet(44)) - raft.server.log.write.buffer.size = 1048576 (custom)
2021-12-06 20:43:03,444 [pool-118-thread-1] INFO  server.RaftServerConfigKeys (ConfUtils.java:logGet(44)) - raft.server.log.statemachine.data.caching.enabled = true (custom)
2021-12-06 20:43:03,444 [pool-118-thread-1] INFO  segmented.SegmentedRaftLogWorker (SegmentedRaftLogWorker.java:lambda$new$0(133)) - 7942a5ba-8ac7-43cd-836c-4cecbcf2a1fa@group-D9CBE1E7826C-SegmentedRaftLogWorker: flushIndex: setUnconditionally 0 -> -1
2021-12-06 20:43:03,444 [pool-118-thread-1] INFO  segmented.SegmentedRaftLogWorker (SegmentedRaftLogWorker.java:lambda$new$0(133)) - 7942a5ba-8ac7-43cd-836c-4cecbcf2a1fa@group-D9CBE1E7826C-SegmentedRaftLogWorker: safeCacheEvictIndex: setUnconditionally 0 -> -1
2021-12-06 20:43:03,444 [pool-118-thread-1] INFO  server.RaftServerConfigKeys (ConfUtils.java:logGet(44)) - raft.server.snapshot.auto.trigger.enabled = true (custom)
2021-12-06 20:43:03,445 [pool-118-thread-1] INFO  server.RaftServerConfigKeys (ConfUtils.java:logGet(44)) - raft.server.snapshot.auto.trigger.threshold = 10000 (custom)
2021-12-06 20:43:03,445 [pool-118-thread-1] INFO  server.RaftServerConfigKeys (ConfUtils.java:logGet(44)) - raft.server.snapshot.retention.file.num = 5 (custom)
2021-12-06 20:43:03,445 [pool-118-thread-1] INFO  server.RaftServerConfigKeys (ConfUtils.java:logGet(44)) - raft.server.log.purge.upto.snapshot.index = false (default)
2021-12-06 20:43:03,445 [pool-118-thread-1] INFO  server.RaftServerConfigKeys (ConfUtils.java:logGet(44)) - raft.server.retrycache.expirytime = 600000ms (custom)
2021-12-06 20:43:03,446 [pool-118-thread-1] INFO  server.RaftServerConfigKeys (ConfUtils.java:logGet(44)) - raft.server.retrycache.statistics.expirytime = 100μs (default)
2021-12-06 20:43:03,447 [pool-118-thread-1] INFO  server.RaftServer$Division (RaftServerImpl.java:start(301)) - 7942a5ba-8ac7-43cd-836c-4cecbcf2a1fa@group-D9CBE1E7826C: start as a follower, conf=-1: [7942a5ba-8ac7-43cd-836c-4cecbcf2a1fa|rpc:10.1.0.39:42241|priority:1], old=null
2021-12-06 20:43:03,448 [pool-118-thread-1] INFO  server.RaftServer$Division (RaftServerImpl.java:setRole(290)) - 7942a5ba-8ac7-43cd-836c-4cecbcf2a1fa@group-D9CBE1E7826C: changes role from      null to FOLLOWER at term 0 for startAsFollower
2021-12-06 20:43:03,448 [pool-118-thread-1] INFO  impl.RoleInfo (RoleInfo.java:updateAndGet(130)) - 7942a5ba-8ac7-43cd-836c-4cecbcf2a1fa: start 7942a5ba-8ac7-43cd-836c-4cecbcf2a1fa@group-D9CBE1E7826C-FollowerState
2021-12-06 20:43:03,456 [grpc-default-executor-1] INFO  server.RaftServer (RaftServerProxy.java:addNew(95)) - 7942a5ba-8ac7-43cd-836c-4cecbcf2a1fa: addNew group-1793C2F8585F:[ecb94700-366d-4f8f-9ef6-8d2101749b07|rpc:10.1.0.39:40543|dataStream:|priority:0, 69705e4e-5185-49eb-bab0-a05722fc70d0|rpc:10.1.0.39:33255|dataStream:|priority:0, 7942a5ba-8ac7-43cd-836c-4cecbcf2a1fa|rpc:10.1.0.39:42241|dataStream:|priority:1] returns group-1793C2F8585F:java.util.concurrent.CompletableFuture@21b1117e[Not completed]
2021-12-06 20:43:03,456 [pool-118-thread-1] INFO  util.JmxRegister (JmxRegister.java:tryRegister(44)) - Successfully registered JMX Bean with object name Ratis:service=RaftServer,group=group-D9CBE1E7826C,id=7942a5ba-8ac7-43cd-836c-4cecbcf2a1fa
2021-12-06 20:43:03,457 [Command processor thread] INFO  ratis.XceiverServerRatis (XceiverServerRatis.java:addGroup(768)) - Created group PipelineID=ee69ea83-f3e3-459a-947e-d9cbe1e7826c
2021-12-06 20:43:03,457 [Command processor thread] INFO  commandhandler.CreatePipelineCommandHandler (CreatePipelineCommandHandler.java:handle(106)) - Created Pipeline RATIS ONE PipelineID=ee69ea83-f3e3-459a-947e-d9cbe1e7826c.
2021-12-06 20:43:03,462 [Command processor thread] INFO  server.RaftServer (RaftServerProxy.java:addNew(95)) - 7942a5ba-8ac7-43cd-836c-4cecbcf2a1fa: addNew group-E85243144233:[ecb94700-366d-4f8f-9ef6-8d2101749b07|rpc:10.1.0.39:40543|priority:0, 69705e4e-5185-49eb-bab0-a05722fc70d0|rpc:10.1.0.39:33255|priority:1, 7942a5ba-8ac7-43cd-836c-4cecbcf2a1fa|rpc:10.1.0.39:42241|priority:0] returns group-E85243144233:java.util.concurrent.CompletableFuture@58c3f477[Not completed]
2021-12-06 20:43:03,463 [pool-118-thread-1] INFO  server.RaftServer$Division (RaftServerImpl.java:<init>(184)) - 7942a5ba-8ac7-43cd-836c-4cecbcf2a1fa: new RaftServerImpl for group-1793C2F8585F:[ecb94700-366d-4f8f-9ef6-8d2101749b07|rpc:10.1.0.39:40543|dataStream:|priority:0, 69705e4e-5185-49eb-bab0-a05722fc70d0|rpc:10.1.0.39:33255|dataStream:|priority:0, 7942a5ba-8ac7-43cd-836c-4cecbcf2a1fa|rpc:10.1.0.39:42241|dataStream:|priority:1] with ContainerStateMachine:uninitialized
2021-12-06 20:43:03,463 [pool-118-thread-1] INFO  server.RaftServerConfigKeys (ConfUtils.java:logGet(44)) - raft.server.rpc.timeout.min = 5s (custom)
2021-12-06 20:43:03,463 [pool-118-thread-1] INFO  server.RaftServerConfigKeys (ConfUtils.java:logGet(44)) - raft.server.rpc.timeout.max = 5200ms (custom)
2021-12-06 20:43:03,464 [pool-118-thread-1] INFO  server.RaftServerConfigKeys (ConfUtils.java:logGet(44)) - raft.server.rpc.sleep.time = 25ms (default)
2021-12-06 20:43:03,464 [pool-118-thread-1] INFO  server.RaftServerConfigKeys (ConfUtils.java:logGet(44)) - raft.server.rpc.slowness.timeout = 300s (custom)
2021-12-06 20:43:03,464 [pool-118-thread-1] INFO  server.RaftServerConfigKeys (ConfUtils.java:logGet(44)) - raft.server.leaderelection.leader.step-down.wait-time = 10s (default)
2021-12-06 20:43:03,464 [pool-118-thread-1] INFO  server.RaftServerConfigKeys (ConfUtils.java:logGet(44)) - raft.server.sleep.deviation.threshold = 300ms (default)
2021-12-06 20:43:03,464 [pool-118-thread-1] INFO  server.RaftServerConfigKeys (ConfUtils.java:logGet(44)) - raft.server.log.appender.install.snapshot.enabled = false (custom)
2021-12-06 20:43:03,464 [pool-118-thread-1] INFO  server.RaftServer$Division (ServerState.java:<init>(105)) - 7942a5ba-8ac7-43cd-836c-4cecbcf2a1fa@group-1793C2F8585F: ConfigurationManager, init=-1: [ecb94700-366d-4f8f-9ef6-8d2101749b07|rpc:10.1.0.39:40543|dataStream:|priority:0, 69705e4e-5185-49eb-bab0-a05722fc70d0|rpc:10.1.0.39:33255|dataStream:|priority:0, 7942a5ba-8ac7-43cd-836c-4cecbcf2a1fa|rpc:10.1.0.39:42241|dataStream:|priority:1], old=null, confs=<EMPTY_MAP>
2021-12-06 20:43:03,464 [pool-118-thread-1] INFO  server.RaftServerConfigKeys (ConfUtils.java:logGet(44)) - raft.server.storage.dir = [/home/runner/work/ozone/ozone/hadoop-ozone/integration-test/target/test-dir/MiniOzoneClusterImpl-1f2ada2d-a189-4e3f-a934-1db8589ac524/datanode-1/data/ratis] (custom)
2021-12-06 20:43:03,464 [pool-118-thread-1] INFO  server.RaftServerConfigKeys (ConfUtils.java:logGet(44)) - raft.server.log.corruption.policy = EXCEPTION (default)
2021-12-06 20:43:03,464 [pool-118-thread-1] INFO  server.RaftServerConfigKeys (ConfUtils.java:logGet(44)) - raft.server.storage.free-space.min = 0MB (=0) (default)
2021-12-06 20:43:03,464 [pool-118-thread-1] INFO  storage.RaftStorageDirectory (RaftStorageDirectoryImpl.java:analyzeStorage(135)) - The storage directory /home/runner/work/ozone/ozone/hadoop-ozone/integration-test/target/test-dir/MiniOzoneClusterImpl-1f2ada2d-a189-4e3f-a934-1db8589ac524/datanode-1/data/ratis/b1c62d63-b95d-40c4-8a9c-1793c2f8585f does not exist. Creating ...
2021-12-06 20:43:03,466 [pool-118-thread-1] INFO  storage.RaftStorageDirectory (RaftStorageDirectoryImpl.java:tryLock(230)) - Lock on /home/runner/work/ozone/ozone/hadoop-ozone/integration-test/target/test-dir/MiniOzoneClusterImpl-1f2ada2d-a189-4e3f-a934-1db8589ac524/datanode-1/data/ratis/b1c62d63-b95d-40c4-8a9c-1793c2f8585f/in_use.lock acquired by nodename 13770@fv-az151-352
2021-12-06 20:43:03,468 [pool-118-thread-1] INFO  storage.RaftStorage (RaftStorageImpl.java:format(89)) - Storage directory /home/runner/work/ozone/ozone/hadoop-ozone/integration-test/target/test-dir/MiniOzoneClusterImpl-1f2ada2d-a189-4e3f-a934-1db8589ac524/datanode-1/data/ratis/b1c62d63-b95d-40c4-8a9c-1793c2f8585f has been successfully formatted.
2021-12-06 20:43:03,471 [EventQueue-OpenPipelineForHealthyPipelineSafeModeRule] INFO  safemode.SCMSafeModeManager (HealthyPipelineSafeModeRule.java:process(124)) - SCM in safe mode. Healthy pipelines reported count is 0, required healthy pipeline reported count is 1
2021-12-06 20:43:03,472 [pool-118-thread-1] INFO  ratis.ContainerStateMachine (ContainerStateMachine.java:loadSnapshot(224)) - group-1793C2F8585F: The snapshot info is null. Setting the last applied indexto:(t:0, i:~)
2021-12-06 20:43:03,472 [pool-118-thread-1] INFO  server.RaftServerConfigKeys (ConfUtils.java:logGet(44)) - raft.server.notification.no-leader.timeout = 300s (custom)
2021-12-06 20:43:03,472 [pool-118-thread-1] INFO  server.RaftServerConfigKeys (ConfUtils.java:logGet(44)) - raft.server.log.use.memory = false (default)
2021-12-06 20:43:03,472 [pool-118-thread-1] INFO  server.RaftServerConfigKeys (ConfUtils.java:logGet(44)) - raft.server.log.purge.gap = 1000000 (custom)
2021-12-06 20:43:03,473 [pool-118-thread-1] INFO  server.RaftServerConfigKeys (ConfUtils.java:logGet(44)) - raft.server.log.appender.buffer.byte-limit = 33554432 (custom)
2021-12-06 20:43:03,473 [pool-118-thread-1] INFO  server.RaftServerConfigKeys (ConfUtils.java:logGet(44)) - raft.server.log.segment.size.max = 1048576 (custom)
2021-12-06 20:43:03,473 [pool-118-thread-1] INFO  server.RaftServerConfigKeys (ConfUtils.java:logGet(44)) - raft.server.log.segment.cache.num.max = 2 (custom)
2021-12-06 20:43:03,474 [pool-118-thread-1] INFO  server.RaftServerConfigKeys (ConfUtils.java:logGet(44)) - raft.server.log.segment.cache.size.max = 200MB (=209715200) (default)
2021-12-06 20:43:03,474 [pool-118-thread-1] INFO  segmented.SegmentedRaftLogWorker (SegmentedRaftLogWorker.java:<init>(182)) - new 7942a5ba-8ac7-43cd-836c-4cecbcf2a1fa@group-1793C2F8585F-SegmentedRaftLogWorker for RaftStorageImpl:Storage Directory /home/runner/work/ozone/ozone/hadoop-ozone/integration-test/target/test-dir/MiniOzoneClusterImpl-1f2ada2d-a189-4e3f-a934-1db8589ac524/datanode-1/data/ratis/b1c62d63-b95d-40c4-8a9c-1793c2f8585f
2021-12-06 20:43:03,474 [pool-118-thread-1] INFO  server.RaftServerConfigKeys (ConfUtils.java:logGet(44)) - raft.server.log.queue.byte-limit = 2147483647 (custom)
2021-12-06 20:43:03,474 [pool-118-thread-1] INFO  server.RaftServerConfigKeys (ConfUtils.java:logGet(44)) - raft.server.log.queue.element-limit = 1024 (custom)
2021-12-06 20:43:03,474 [pool-118-thread-1] INFO  server.RaftServerConfigKeys (ConfUtils.java:logGet(44)) - raft.server.log.segment.size.max = 1048576 (custom)
2021-12-06 20:43:03,476 [pool-118-thread-1] INFO  server.RaftServerConfigKeys (ConfUtils.java:logGet(44)) - raft.server.log.preallocated.size = 16384 (custom)
2021-12-06 20:43:03,476 [pool-118-thread-1] INFO  server.RaftServerConfigKeys (ConfUtils.java:logGet(44)) - raft.server.log.force.sync.num = 128 (default)
2021-12-06 20:43:03,476 [pool-118-thread-1] INFO  server.RaftServerConfigKeys (ConfUtils.java:logGet(44)) - raft.server.log.statemachine.data.sync = true (default)
2021-12-06 20:43:03,476 [pool-118-thread-1] INFO  server.RaftServerConfigKeys (ConfUtils.java:logGet(44)) - raft.server.log.statemachine.data.sync.timeout = 10s (default)
2021-12-06 20:43:03,476 [pool-118-thread-1] INFO  server.RaftServerConfigKeys (ConfUtils.java:logGet(44)) - raft.server.log.statemachine.data.sync.timeout.retry = -1 (default)
2021-12-06 20:43:03,477 [pool-118-thread-1] INFO  server.RaftServerConfigKeys (ConfUtils.java:logGet(44)) - raft.server.log.write.buffer.size = 1048576 (custom)
2021-12-06 20:43:03,477 [pool-118-thread-1] INFO  server.RaftServerConfigKeys (ConfUtils.java:logGet(44)) - raft.server.log.statemachine.data.caching.enabled = true (custom)
2021-12-06 20:43:03,477 [pool-118-thread-1] INFO  segmented.SegmentedRaftLogWorker (SegmentedRaftLogWorker.java:lambda$new$0(133)) - 7942a5ba-8ac7-43cd-836c-4cecbcf2a1fa@group-1793C2F8585F-SegmentedRaftLogWorker: flushIndex: setUnconditionally 0 -> -1
2021-12-06 20:43:03,478 [pool-118-thread-1] INFO  segmented.SegmentedRaftLogWorker (SegmentedRaftLogWorker.java:lambda$new$0(133)) - 7942a5ba-8ac7-43cd-836c-4cecbcf2a1fa@group-1793C2F8585F-SegmentedRaftLogWorker: safeCacheEvictIndex: setUnconditionally 0 -> -1
2021-12-06 20:43:03,478 [pool-118-thread-1] INFO  server.RaftServerConfigKeys (ConfUtils.java:logGet(44)) - raft.server.snapshot.auto.trigger.enabled = true (custom)
2021-12-06 20:43:03,478 [pool-118-thread-1] INFO  server.RaftServerConfigKeys (ConfUtils.java:logGet(44)) - raft.server.snapshot.auto.trigger.threshold = 10000 (custom)
2021-12-06 20:43:03,478 [pool-118-thread-1] INFO  server.RaftServerConfigKeys (ConfUtils.java:logGet(44)) - raft.server.snapshot.retention.file.num = 5 (custom)
2021-12-06 20:43:03,478 [pool-118-thread-1] INFO  server.RaftServerConfigKeys (ConfUtils.java:logGet(44)) - raft.server.log.purge.upto.snapshot.index = false (default)
2021-12-06 20:43:03,478 [pool-118-thread-1] INFO  server.RaftServerConfigKeys (ConfUtils.java:logGet(44)) - raft.server.retrycache.expirytime = 600000ms (custom)
2021-12-06 20:43:03,478 [pool-118-thread-1] INFO  server.RaftServerConfigKeys (ConfUtils.java:logGet(44)) - raft.server.retrycache.statistics.expirytime = 100μs (default)
2021-12-06 20:43:03,480 [pool-118-thread-1] INFO  server.RaftServer$Division (RaftServerImpl.java:<init>(184)) - 7942a5ba-8ac7-43cd-836c-4cecbcf2a1fa: new RaftServerImpl for group-E85243144233:[ecb94700-366d-4f8f-9ef6-8d2101749b07|rpc:10.1.0.39:40543|priority:0, 69705e4e-5185-49eb-bab0-a05722fc70d0|rpc:10.1.0.39:33255|priority:1, 7942a5ba-8ac7-43cd-836c-4cecbcf2a1fa|rpc:10.1.0.39:42241|priority:0] with ContainerStateMachine:uninitialized
2021-12-06 20:43:03,481 [pool-118-thread-1] INFO  server.RaftServerConfigKeys (ConfUtils.java:logGet(44)) - raft.server.rpc.timeout.min = 5s (custom)
2021-12-06 20:43:03,481 [pool-118-thread-1] INFO  server.RaftServerConfigKeys (ConfUtils.java:logGet(44)) - raft.server.rpc.timeout.max = 5200ms (custom)
2021-12-06 20:43:03,481 [pool-118-thread-1] INFO  server.RaftServerConfigKeys (ConfUtils.java:logGet(44)) - raft.server.rpc.sleep.time = 25ms (default)
2021-12-06 20:43:03,481 [pool-118-thread-1] INFO  server.RaftServerConfigKeys (ConfUtils.java:logGet(44)) - raft.server.rpc.slowness.timeout = 300s (custom)
2021-12-06 20:43:03,481 [pool-118-thread-1] INFO  server.RaftServerConfigKeys (ConfUtils.java:logGet(44)) - raft.server.leaderelection.leader.step-down.wait-time = 10s (default)
2021-12-06 20:43:03,481 [pool-118-thread-1] INFO  server.RaftServerConfigKeys (ConfUtils.java:logGet(44)) - raft.server.sleep.deviation.threshold = 300ms (default)
2021-12-06 20:43:03,481 [pool-118-thread-1] INFO  server.RaftServerConfigKeys (ConfUtils.java:logGet(44)) - raft.server.log.appender.install.snapshot.enabled = false (custom)
2021-12-06 20:43:03,481 [pool-118-thread-1] INFO  server.RaftServer$Division (ServerState.java:<init>(105)) - 7942a5ba-8ac7-43cd-836c-4cecbcf2a1fa@group-E85243144233: ConfigurationManager, init=-1: [ecb94700-366d-4f8f-9ef6-8d2101749b07|rpc:10.1.0.39:40543|priority:0, 69705e4e-5185-49eb-bab0-a05722fc70d0|rpc:10.1.0.39:33255|priority:1, 7942a5ba-8ac7-43cd-836c-4cecbcf2a1fa|rpc:10.1.0.39:42241|priority:0], old=null, confs=<EMPTY_MAP>
2021-12-06 20:43:03,481 [pool-118-thread-1] INFO  server.RaftServerConfigKeys (ConfUtils.java:logGet(44)) - raft.server.storage.dir = [/home/runner/work/ozone/ozone/hadoop-ozone/integration-test/target/test-dir/MiniOzoneClusterImpl-1f2ada2d-a189-4e3f-a934-1db8589ac524/datanode-1/data/ratis] (custom)
2021-12-06 20:43:03,482 [pool-118-thread-1] INFO  server.RaftServerConfigKeys (ConfUtils.java:logGet(44)) - raft.server.log.corruption.policy = EXCEPTION (default)
2021-12-06 20:43:03,482 [pool-118-thread-1] INFO  server.RaftServerConfigKeys (ConfUtils.java:logGet(44)) - raft.server.storage.free-space.min = 0MB (=0) (default)
2021-12-06 20:43:03,482 [pool-118-thread-1] INFO  storage.RaftStorageDirectory (RaftStorageDirectoryImpl.java:analyzeStorage(135)) - The storage directory /home/runner/work/ozone/ozone/hadoop-ozone/integration-test/target/test-dir/MiniOzoneClusterImpl-1f2ada2d-a189-4e3f-a934-1db8589ac524/datanode-1/data/ratis/ba06b0bf-0c33-438f-bd5b-e85243144233 does not exist. Creating ...
2021-12-06 20:43:03,483 [pool-118-thread-1] INFO  storage.RaftStorageDirectory (RaftStorageDirectoryImpl.java:tryLock(230)) - Lock on /home/runner/work/ozone/ozone/hadoop-ozone/integration-test/target/test-dir/MiniOzoneClusterImpl-1f2ada2d-a189-4e3f-a934-1db8589ac524/datanode-1/data/ratis/ba06b0bf-0c33-438f-bd5b-e85243144233/in_use.lock acquired by nodename 13770@fv-az151-352
2021-12-06 20:43:03,484 [pool-118-thread-1] INFO  storage.RaftStorage (RaftStorageImpl.java:format(89)) - Storage directory /home/runner/work/ozone/ozone/hadoop-ozone/integration-test/target/test-dir/MiniOzoneClusterImpl-1f2ada2d-a189-4e3f-a934-1db8589ac524/datanode-1/data/ratis/ba06b0bf-0c33-438f-bd5b-e85243144233 has been successfully formatted.
2021-12-06 20:43:03,485 [pool-118-thread-1] INFO  ratis.ContainerStateMachine (ContainerStateMachine.java:loadSnapshot(224)) - group-E85243144233: The snapshot info is null. Setting the last applied indexto:(t:0, i:~)
2021-12-06 20:43:03,485 [pool-118-thread-1] INFO  server.RaftServerConfigKeys (ConfUtils.java:logGet(44)) - raft.server.notification.no-leader.timeout = 300s (custom)
2021-12-06 20:43:03,485 [pool-118-thread-1] INFO  server.RaftServerConfigKeys (ConfUtils.java:logGet(44)) - raft.server.log.use.memory = false (default)
2021-12-06 20:43:03,487 [EventQueue-OpenPipelineForHealthyPipelineSafeModeRule] INFO  safemode.SCMSafeModeManager (HealthyPipelineSafeModeRule.java:process(124)) - SCM in safe mode. Healthy pipelines reported count is 0, required healthy pipeline reported count is 1
2021-12-06 20:43:03,488 [pool-118-thread-1] INFO  server.RaftServerConfigKeys (ConfUtils.java:logGet(44)) - raft.server.log.purge.gap = 1000000 (custom)
2021-12-06 20:43:03,488 [pool-118-thread-1] INFO  server.RaftServerConfigKeys (ConfUtils.java:logGet(44)) - raft.server.log.appender.buffer.byte-limit = 33554432 (custom)
2021-12-06 20:43:03,488 [pool-118-thread-1] INFO  server.RaftServerConfigKeys (ConfUtils.java:logGet(44)) - raft.server.log.segment.size.max = 1048576 (custom)
2021-12-06 20:43:03,489 [pool-118-thread-1] INFO  server.RaftServerConfigKeys (ConfUtils.java:logGet(44)) - raft.server.log.segment.cache.num.max = 2 (custom)
2021-12-06 20:43:03,489 [pool-118-thread-1] INFO  server.RaftServerConfigKeys (ConfUtils.java:logGet(44)) - raft.server.log.segment.cache.size.max = 200MB (=209715200) (default)
2021-12-06 20:43:03,489 [pool-118-thread-1] INFO  segmented.SegmentedRaftLogWorker (SegmentedRaftLogWorker.java:<init>(182)) - new 7942a5ba-8ac7-43cd-836c-4cecbcf2a1fa@group-E85243144233-SegmentedRaftLogWorker for RaftStorageImpl:Storage Directory /home/runner/work/ozone/ozone/hadoop-ozone/integration-test/target/test-dir/MiniOzoneClusterImpl-1f2ada2d-a189-4e3f-a934-1db8589ac524/datanode-1/data/ratis/ba06b0bf-0c33-438f-bd5b-e85243144233
2021-12-06 20:43:03,489 [pool-118-thread-1] INFO  server.RaftServerConfigKeys (ConfUtils.java:logGet(44)) - raft.server.log.queue.byte-limit = 2147483647 (custom)
2021-12-06 20:43:03,489 [pool-118-thread-1] INFO  server.RaftServerConfigKeys (ConfUtils.java:logGet(44)) - raft.server.log.queue.element-limit = 1024 (custom)
2021-12-06 20:43:03,489 [pool-118-thread-1] INFO  server.RaftServerConfigKeys (ConfUtils.java:logGet(44)) - raft.server.log.segment.size.max = 1048576 (custom)
2021-12-06 20:43:03,489 [pool-118-thread-1] INFO  server.RaftServerConfigKeys (ConfUtils.java:logGet(44)) - raft.server.log.preallocated.size = 16384 (custom)
2021-12-06 20:43:03,489 [pool-118-thread-1] INFO  server.RaftServerConfigKeys (ConfUtils.java:logGet(44)) - raft.server.log.force.sync.num = 128 (default)
2021-12-06 20:43:03,489 [pool-118-thread-1] INFO  server.RaftServerConfigKeys (ConfUtils.java:logGet(44)) - raft.server.log.statemachine.data.sync = true (default)
2021-12-06 20:43:03,490 [pool-118-thread-1] INFO  server.RaftServerConfigKeys (ConfUtils.java:logGet(44)) - raft.server.log.statemachine.data.sync.timeout = 10s (default)
2021-12-06 20:43:03,490 [pool-118-thread-1] INFO  server.RaftServerConfigKeys (ConfUtils.java:logGet(44)) - raft.server.log.statemachine.data.sync.timeout.retry = -1 (default)
2021-12-06 20:43:03,490 [pool-118-thread-1] INFO  server.RaftServerConfigKeys (ConfUtils.java:logGet(44)) - raft.server.log.write.buffer.size = 1048576 (custom)
2021-12-06 20:43:03,491 [pool-118-thread-1] INFO  server.RaftServerConfigKeys (ConfUtils.java:logGet(44)) - raft.server.log.statemachine.data.caching.enabled = true (custom)
2021-12-06 20:43:03,491 [pool-118-thread-1] INFO  segmented.SegmentedRaftLogWorker (SegmentedRaftLogWorker.java:lambda$new$0(133)) - 7942a5ba-8ac7-43cd-836c-4cecbcf2a1fa@group-E85243144233-SegmentedRaftLogWorker: flushIndex: setUnconditionally 0 -> -1
2021-12-06 20:43:03,491 [pool-118-thread-1] INFO  segmented.SegmentedRaftLogWorker (SegmentedRaftLogWorker.java:lambda$new$0(133)) - 7942a5ba-8ac7-43cd-836c-4cecbcf2a1fa@group-E85243144233-SegmentedRaftLogWorker: safeCacheEvictIndex: setUnconditionally 0 -> -1
2021-12-06 20:43:03,491 [pool-118-thread-1] INFO  server.RaftServerConfigKeys (ConfUtils.java:logGet(44)) - raft.server.snapshot.auto.trigger.enabled = true (custom)
2021-12-06 20:43:03,492 [pool-118-thread-1] INFO  server.RaftServerConfigKeys (ConfUtils.java:logGet(44)) - raft.server.snapshot.auto.trigger.threshold = 10000 (custom)
2021-12-06 20:43:03,492 [pool-118-thread-1] INFO  server.RaftServerConfigKeys (ConfUtils.java:logGet(44)) - raft.server.snapshot.retention.file.num = 5 (custom)
2021-12-06 20:43:03,492 [pool-118-thread-1] INFO  server.RaftServerConfigKeys (ConfUtils.java:logGet(44)) - raft.server.log.purge.upto.snapshot.index = false (default)
2021-12-06 20:43:03,492 [pool-118-thread-1] INFO  server.RaftServerConfigKeys (ConfUtils.java:logGet(44)) - raft.server.retrycache.expirytime = 600000ms (custom)
2021-12-06 20:43:03,492 [pool-118-thread-1] INFO  server.RaftServerConfigKeys (ConfUtils.java:logGet(44)) - raft.server.retrycache.statistics.expirytime = 100μs (default)
2021-12-06 20:43:03,493 [pool-118-thread-1] INFO  server.RaftServer$Division (RaftServerImpl.java:start(301)) - 7942a5ba-8ac7-43cd-836c-4cecbcf2a1fa@group-1793C2F8585F: start as a follower, conf=-1: [ecb94700-366d-4f8f-9ef6-8d2101749b07|rpc:10.1.0.39:40543|dataStream:|priority:0, 69705e4e-5185-49eb-bab0-a05722fc70d0|rpc:10.1.0.39:33255|dataStream:|priority:0, 7942a5ba-8ac7-43cd-836c-4cecbcf2a1fa|rpc:10.1.0.39:42241|dataStream:|priority:1], old=null
2021-12-06 20:43:03,493 [pool-118-thread-1] INFO  server.RaftServer$Division (RaftServerImpl.java:setRole(290)) - 7942a5ba-8ac7-43cd-836c-4cecbcf2a1fa@group-1793C2F8585F: changes role from      null to FOLLOWER at term 0 for startAsFollower
2021-12-06 20:43:03,493 [pool-118-thread-1] INFO  impl.RoleInfo (RoleInfo.java:updateAndGet(130)) - 7942a5ba-8ac7-43cd-836c-4cecbcf2a1fa: start 7942a5ba-8ac7-43cd-836c-4cecbcf2a1fa@group-1793C2F8585F-FollowerState
2021-12-06 20:43:03,493 [pool-118-thread-1] INFO  util.JmxRegister (JmxRegister.java:tryRegister(44)) - Successfully registered JMX Bean with object name Ratis:service=RaftServer,group=group-1793C2F8585F,id=7942a5ba-8ac7-43cd-836c-4cecbcf2a1fa
2021-12-06 20:43:03,494 [pool-118-thread-1] INFO  server.RaftServer$Division (RaftServerImpl.java:start(301)) - 7942a5ba-8ac7-43cd-836c-4cecbcf2a1fa@group-E85243144233: start as a follower, conf=-1: [ecb94700-366d-4f8f-9ef6-8d2101749b07|rpc:10.1.0.39:40543|priority:0, 69705e4e-5185-49eb-bab0-a05722fc70d0|rpc:10.1.0.39:33255|priority:1, 7942a5ba-8ac7-43cd-836c-4cecbcf2a1fa|rpc:10.1.0.39:42241|priority:0], old=null
2021-12-06 20:43:03,494 [pool-118-thread-1] INFO  server.RaftServer$Division (RaftServerImpl.java:setRole(290)) - 7942a5ba-8ac7-43cd-836c-4cecbcf2a1fa@group-E85243144233: changes role from      null to FOLLOWER at term 0 for startAsFollower
2021-12-06 20:43:03,495 [pool-118-thread-1] INFO  impl.RoleInfo (RoleInfo.java:updateAndGet(130)) - 7942a5ba-8ac7-43cd-836c-4cecbcf2a1fa: start 7942a5ba-8ac7-43cd-836c-4cecbcf2a1fa@group-E85243144233-FollowerState
2021-12-06 20:43:03,508 [pool-118-thread-1] INFO  util.JmxRegister (JmxRegister.java:tryRegister(44)) - Successfully registered JMX Bean with object name Ratis:service=RaftServer,group=group-E85243144233,id=7942a5ba-8ac7-43cd-836c-4cecbcf2a1fa
2021-12-06 20:43:03,511 [Command processor thread] INFO  ratis.XceiverServerRatis (XceiverServerRatis.java:addGroup(768)) - Created group PipelineID=ba06b0bf-0c33-438f-bd5b-e85243144233
2021-12-06 20:43:03,521 [Command processor thread] INFO  commandhandler.CreatePipelineCommandHandler (CreatePipelineCommandHandler.java:handle(106)) - Created Pipeline RATIS THREE PipelineID=b1c62d63-b95d-40c4-8a9c-1793c2f8585f.
2021-12-06 20:43:03,522 [Command processor thread] INFO  server.RaftServer (RaftServerProxy.java:addNew(95)) - 69705e4e-5185-49eb-bab0-a05722fc70d0: addNew group-E85243144233:[ecb94700-366d-4f8f-9ef6-8d2101749b07|rpc:10.1.0.39:40543|priority:0, 69705e4e-5185-49eb-bab0-a05722fc70d0|rpc:10.1.0.39:33255|priority:1, 7942a5ba-8ac7-43cd-836c-4cecbcf2a1fa|rpc:10.1.0.39:42241|priority:0] returns group-E85243144233:java.util.concurrent.CompletableFuture@5acb23c5[Not completed]
2021-12-06 20:43:03,523 [pool-97-thread-1] INFO  server.RaftServer$Division (RaftServerImpl.java:<init>(184)) - 69705e4e-5185-49eb-bab0-a05722fc70d0: new RaftServerImpl for group-E85243144233:[ecb94700-366d-4f8f-9ef6-8d2101749b07|rpc:10.1.0.39:40543|priority:0, 69705e4e-5185-49eb-bab0-a05722fc70d0|rpc:10.1.0.39:33255|priority:1, 7942a5ba-8ac7-43cd-836c-4cecbcf2a1fa|rpc:10.1.0.39:42241|priority:0] with ContainerStateMachine:uninitialized
2021-12-06 20:43:03,523 [pool-97-thread-1] INFO  server.RaftServerConfigKeys (ConfUtils.java:logGet(44)) - raft.server.rpc.timeout.min = 5s (custom)
2021-12-06 20:43:03,523 [pool-97-thread-1] INFO  server.RaftServerConfigKeys (ConfUtils.java:logGet(44)) - raft.server.rpc.timeout.max = 5200ms (custom)
2021-12-06 20:43:03,524 [pool-97-thread-1] INFO  server.RaftServerConfigKeys (ConfUtils.java:logGet(44)) - raft.server.rpc.sleep.time = 25ms (default)
2021-12-06 20:43:03,524 [pool-97-thread-1] INFO  server.RaftServerConfigKeys (ConfUtils.java:logGet(44)) - raft.server.rpc.slowness.timeout = 300s (custom)
2021-12-06 20:43:03,524 [pool-97-thread-1] INFO  server.RaftServerConfigKeys (ConfUtils.java:logGet(44)) - raft.server.leaderelection.leader.step-down.wait-time = 10s (default)
2021-12-06 20:43:03,524 [pool-97-thread-1] INFO  server.RaftServerConfigKeys (ConfUtils.java:logGet(44)) - raft.server.sleep.deviation.threshold = 300ms (default)
2021-12-06 20:43:03,524 [pool-97-thread-1] INFO  server.RaftServerConfigKeys (ConfUtils.java:logGet(44)) - raft.server.log.appender.install.snapshot.enabled = false (custom)
2021-12-06 20:43:03,524 [pool-97-thread-1] INFO  server.RaftServer$Division (ServerState.java:<init>(105)) - 69705e4e-5185-49eb-bab0-a05722fc70d0@group-E85243144233: ConfigurationManager, init=-1: [ecb94700-366d-4f8f-9ef6-8d2101749b07|rpc:10.1.0.39:40543|priority:0, 69705e4e-5185-49eb-bab0-a05722fc70d0|rpc:10.1.0.39:33255|priority:1, 7942a5ba-8ac7-43cd-836c-4cecbcf2a1fa|rpc:10.1.0.39:42241|priority:0], old=null, confs=<EMPTY_MAP>
2021-12-06 20:43:03,524 [pool-97-thread-1] INFO  server.RaftServerConfigKeys (ConfUtils.java:logGet(44)) - raft.server.storage.dir = [/home/runner/work/ozone/ozone/hadoop-ozone/integration-test/target/test-dir/MiniOzoneClusterImpl-1f2ada2d-a189-4e3f-a934-1db8589ac524/datanode-0/data/ratis] (custom)
2021-12-06 20:43:03,525 [pool-97-thread-1] INFO  server.RaftServerConfigKeys (ConfUtils.java:logGet(44)) - raft.server.log.corruption.policy = EXCEPTION (default)
2021-12-06 20:43:03,525 [pool-97-thread-1] INFO  server.RaftServerConfigKeys (ConfUtils.java:logGet(44)) - raft.server.storage.free-space.min = 0MB (=0) (default)
2021-12-06 20:43:03,525 [pool-97-thread-1] INFO  storage.RaftStorageDirectory (RaftStorageDirectoryImpl.java:analyzeStorage(135)) - The storage directory /home/runner/work/ozone/ozone/hadoop-ozone/integration-test/target/test-dir/MiniOzoneClusterImpl-1f2ada2d-a189-4e3f-a934-1db8589ac524/datanode-0/data/ratis/ba06b0bf-0c33-438f-bd5b-e85243144233 does not exist. Creating ...
2021-12-06 20:43:03,527 [pool-97-thread-1] INFO  storage.RaftStorageDirectory (RaftStorageDirectoryImpl.java:tryLock(230)) - Lock on /home/runner/work/ozone/ozone/hadoop-ozone/integration-test/target/test-dir/MiniOzoneClusterImpl-1f2ada2d-a189-4e3f-a934-1db8589ac524/datanode-0/data/ratis/ba06b0bf-0c33-438f-bd5b-e85243144233/in_use.lock acquired by nodename 13770@fv-az151-352
2021-12-06 20:43:03,530 [pool-97-thread-1] INFO  storage.RaftStorage (RaftStorageImpl.java:format(89)) - Storage directory /home/runner/work/ozone/ozone/hadoop-ozone/integration-test/target/test-dir/MiniOzoneClusterImpl-1f2ada2d-a189-4e3f-a934-1db8589ac524/datanode-0/data/ratis/ba06b0bf-0c33-438f-bd5b-e85243144233 has been successfully formatted.
2021-12-06 20:43:03,530 [pool-97-thread-1] INFO  ratis.ContainerStateMachine (ContainerStateMachine.java:loadSnapshot(224)) - group-E85243144233: The snapshot info is null. Setting the last applied indexto:(t:0, i:~)
2021-12-06 20:43:03,531 [pool-97-thread-1] INFO  server.RaftServerConfigKeys (ConfUtils.java:logGet(44)) - raft.server.notification.no-leader.timeout = 300s (custom)
2021-12-06 20:43:03,531 [pool-97-thread-1] INFO  server.RaftServerConfigKeys (ConfUtils.java:logGet(44)) - raft.server.log.use.memory = false (default)
2021-12-06 20:43:03,531 [pool-97-thread-1] INFO  server.RaftServerConfigKeys (ConfUtils.java:logGet(44)) - raft.server.log.purge.gap = 1000000 (custom)
2021-12-06 20:43:03,531 [pool-97-thread-1] INFO  server.RaftServerConfigKeys (ConfUtils.java:logGet(44)) - raft.server.log.appender.buffer.byte-limit = 33554432 (custom)
2021-12-06 20:43:03,531 [pool-97-thread-1] INFO  server.RaftServerConfigKeys (ConfUtils.java:logGet(44)) - raft.server.log.segment.size.max = 1048576 (custom)
2021-12-06 20:43:03,531 [pool-97-thread-1] INFO  server.RaftServerConfigKeys (ConfUtils.java:logGet(44)) - raft.server.log.segment.cache.num.max = 2 (custom)
2021-12-06 20:43:03,532 [pool-97-thread-1] INFO  server.RaftServerConfigKeys (ConfUtils.java:logGet(44)) - raft.server.log.segment.cache.size.max = 200MB (=209715200) (default)
2021-12-06 20:43:03,532 [pool-97-thread-1] INFO  segmented.SegmentedRaftLogWorker (SegmentedRaftLogWorker.java:<init>(182)) - new 69705e4e-5185-49eb-bab0-a05722fc70d0@group-E85243144233-SegmentedRaftLogWorker for RaftStorageImpl:Storage Directory /home/runner/work/ozone/ozone/hadoop-ozone/integration-test/target/test-dir/MiniOzoneClusterImpl-1f2ada2d-a189-4e3f-a934-1db8589ac524/datanode-0/data/ratis/ba06b0bf-0c33-438f-bd5b-e85243144233
2021-12-06 20:43:03,532 [pool-97-thread-1] INFO  server.RaftServerConfigKeys (ConfUtils.java:logGet(44)) - raft.server.log.queue.byte-limit = 2147483647 (custom)
2021-12-06 20:43:03,532 [pool-97-thread-1] INFO  server.RaftServerConfigKeys (ConfUtils.java:logGet(44)) - raft.server.log.queue.element-limit = 1024 (custom)
2021-12-06 20:43:03,532 [pool-97-thread-1] INFO  server.RaftServerConfigKeys (ConfUtils.java:logGet(44)) - raft.server.log.segment.size.max = 1048576 (custom)
2021-12-06 20:43:03,532 [pool-97-thread-1] INFO  server.RaftServerConfigKeys (ConfUtils.java:logGet(44)) - raft.server.log.preallocated.size = 16384 (custom)
2021-12-06 20:43:03,532 [pool-97-thread-1] INFO  server.RaftServerConfigKeys (ConfUtils.java:logGet(44)) - raft.server.log.force.sync.num = 128 (default)
2021-12-06 20:43:03,533 [pool-97-thread-1] INFO  server.RaftServerConfigKeys (ConfUtils.java:logGet(44)) - raft.server.log.statemachine.data.sync = true (default)
2021-12-06 20:43:03,533 [pool-97-thread-1] INFO  server.RaftServerConfigKeys (ConfUtils.java:logGet(44)) - raft.server.log.statemachine.data.sync.timeout = 10s (default)
2021-12-06 20:43:03,533 [pool-97-thread-1] INFO  server.RaftServerConfigKeys (ConfUtils.java:logGet(44)) - raft.server.log.statemachine.data.sync.timeout.retry = -1 (default)
2021-12-06 20:43:03,539 [pool-97-thread-1] INFO  server.RaftServerConfigKeys (ConfUtils.java:logGet(44)) - raft.server.log.write.buffer.size = 1048576 (custom)
2021-12-06 20:43:03,541 [EventQueue-OpenPipelineForHealthyPipelineSafeModeRule] INFO  safemode.SCMSafeModeManager (HealthyPipelineSafeModeRule.java:process(124)) - SCM in safe mode. Healthy pipelines reported count is 0, required healthy pipeline reported count is 1
2021-12-06 20:43:03,547 [pool-97-thread-1] INFO  server.RaftServerConfigKeys (ConfUtils.java:logGet(44)) - raft.server.log.statemachine.data.caching.enabled = true (custom)
2021-12-06 20:43:03,548 [pool-97-thread-1] INFO  segmented.SegmentedRaftLogWorker (SegmentedRaftLogWorker.java:lambda$new$0(133)) - 69705e4e-5185-49eb-bab0-a05722fc70d0@group-E85243144233-SegmentedRaftLogWorker: flushIndex: setUnconditionally 0 -> -1
2021-12-06 20:43:03,548 [pool-97-thread-1] INFO  segmented.SegmentedRaftLogWorker (SegmentedRaftLogWorker.java:lambda$new$0(133)) - 69705e4e-5185-49eb-bab0-a05722fc70d0@group-E85243144233-SegmentedRaftLogWorker: safeCacheEvictIndex: setUnconditionally 0 -> -1
2021-12-06 20:43:03,549 [pool-97-thread-1] INFO  server.RaftServerConfigKeys (ConfUtils.java:logGet(44)) - raft.server.snapshot.auto.trigger.enabled = true (custom)
2021-12-06 20:43:03,549 [pool-97-thread-1] INFO  server.RaftServerConfigKeys (ConfUtils.java:logGet(44)) - raft.server.snapshot.auto.trigger.threshold = 10000 (custom)
2021-12-06 20:43:03,549 [pool-97-thread-1] INFO  server.RaftServerConfigKeys (ConfUtils.java:logGet(44)) - raft.server.snapshot.retention.file.num = 5 (custom)
2021-12-06 20:43:03,549 [pool-97-thread-1] INFO  server.RaftServerConfigKeys (ConfUtils.java:logGet(44)) - raft.server.log.purge.upto.snapshot.index = false (default)
2021-12-06 20:43:03,549 [pool-97-thread-1] INFO  server.RaftServerConfigKeys (ConfUtils.java:logGet(44)) - raft.server.retrycache.expirytime = 600000ms (custom)
2021-12-06 20:43:03,549 [pool-97-thread-1] INFO  server.RaftServerConfigKeys (ConfUtils.java:logGet(44)) - raft.server.retrycache.statistics.expirytime = 100μs (default)
2021-12-06 20:43:03,553 [pool-97-thread-1] INFO  server.RaftServer$Division (RaftServerImpl.java:start(301)) - 69705e4e-5185-49eb-bab0-a05722fc70d0@group-E85243144233: start as a follower, conf=-1: [ecb94700-366d-4f8f-9ef6-8d2101749b07|rpc:10.1.0.39:40543|priority:0, 69705e4e-5185-49eb-bab0-a05722fc70d0|rpc:10.1.0.39:33255|priority:1, 7942a5ba-8ac7-43cd-836c-4cecbcf2a1fa|rpc:10.1.0.39:42241|priority:0], old=null
2021-12-06 20:43:03,553 [pool-97-thread-1] INFO  server.RaftServer$Division (RaftServerImpl.java:setRole(290)) - 69705e4e-5185-49eb-bab0-a05722fc70d0@group-E85243144233: changes role from      null to FOLLOWER at term 0 for startAsFollower
2021-12-06 20:43:03,553 [pool-97-thread-1] INFO  impl.RoleInfo (RoleInfo.java:updateAndGet(130)) - 69705e4e-5185-49eb-bab0-a05722fc70d0: start 69705e4e-5185-49eb-bab0-a05722fc70d0@group-E85243144233-FollowerState
2021-12-06 20:43:03,557 [pool-97-thread-1] INFO  util.JmxRegister (JmxRegister.java:tryRegister(44)) - Successfully registered JMX Bean with object name Ratis:service=RaftServer,group=group-E85243144233,id=69705e4e-5185-49eb-bab0-a05722fc70d0
2021-12-06 20:43:03,564 [Command processor thread] INFO  ratis.XceiverServerRatis (XceiverServerRatis.java:addGroup(768)) - Created group PipelineID=ba06b0bf-0c33-438f-bd5b-e85243144233
2021-12-06 20:43:03,596 [Listener at 127.0.0.1/10944] INFO  ozone.MiniOzoneClusterImpl (MiniOzoneClusterImpl.java:lambda$waitForClusterToBeReady$0(235)) - Nodes are ready. Got 3 of 3 DN Heartbeats.
2021-12-06 20:43:03,596 [Listener at 127.0.0.1/10944] INFO  ozone.MiniOzoneClusterImpl (MiniOzoneClusterImpl.java:lambda$waitForClusterToBeReady$0(238)) - Waiting for cluster to exit safe mode
2021-12-06 20:43:03,596 [Listener at 127.0.0.1/10944] INFO  ozone.MiniOzoneClusterImpl (MiniOzoneClusterImpl.java:lambda$waitForClusterToBeReady$0(240)) - SCM became leader
2021-12-06 20:43:03,604 [Command processor thread] INFO  server.RaftServer (RaftServerProxy.java:addNew(95)) - ecb94700-366d-4f8f-9ef6-8d2101749b07: addNew group-CFECCBF20BA9:[ecb94700-366d-4f8f-9ef6-8d2101749b07|rpc:10.1.0.39:40543|priority:1] returns group-CFECCBF20BA9:java.util.concurrent.CompletableFuture@4830cf70[Not completed]
2021-12-06 20:43:03,605 [pool-139-thread-1] INFO  server.RaftServer$Division (RaftServerImpl.java:<init>(184)) - ecb94700-366d-4f8f-9ef6-8d2101749b07: new RaftServerImpl for group-CFECCBF20BA9:[ecb94700-366d-4f8f-9ef6-8d2101749b07|rpc:10.1.0.39:40543|priority:1] with ContainerStateMachine:uninitialized
2021-12-06 20:43:03,605 [pool-139-thread-1] INFO  server.RaftServerConfigKeys (ConfUtils.java:logGet(44)) - raft.server.rpc.timeout.min = 5s (custom)
2021-12-06 20:43:03,605 [pool-139-thread-1] INFO  server.RaftServerConfigKeys (ConfUtils.java:logGet(44)) - raft.server.rpc.timeout.max = 5200ms (custom)
2021-12-06 20:43:03,605 [pool-139-thread-1] INFO  server.RaftServerConfigKeys (ConfUtils.java:logGet(44)) - raft.server.rpc.sleep.time = 25ms (default)
2021-12-06 20:43:03,605 [pool-139-thread-1] INFO  server.RaftServerConfigKeys (ConfUtils.java:logGet(44)) - raft.server.rpc.slowness.timeout = 300s (custom)
2021-12-06 20:43:03,605 [pool-139-thread-1] INFO  server.RaftServerConfigKeys (ConfUtils.java:logGet(44)) - raft.server.leaderelection.leader.step-down.wait-time = 10s (default)
2021-12-06 20:43:03,605 [pool-139-thread-1] INFO  server.RaftServerConfigKeys (ConfUtils.java:logGet(44)) - raft.server.sleep.deviation.threshold = 300ms (default)
2021-12-06 20:43:03,605 [pool-139-thread-1] INFO  server.RaftServerConfigKeys (ConfUtils.java:logGet(44)) - raft.server.log.appender.install.snapshot.enabled = false (custom)
2021-12-06 20:43:03,605 [pool-139-thread-1] INFO  server.RaftServer$Division (ServerState.java:<init>(105)) - ecb94700-366d-4f8f-9ef6-8d2101749b07@group-CFECCBF20BA9: ConfigurationManager, init=-1: [ecb94700-366d-4f8f-9ef6-8d2101749b07|rpc:10.1.0.39:40543|priority:1], old=null, confs=<EMPTY_MAP>
2021-12-06 20:43:03,605 [pool-139-thread-1] INFO  server.RaftServerConfigKeys (ConfUtils.java:logGet(44)) - raft.server.storage.dir = [/home/runner/work/ozone/ozone/hadoop-ozone/integration-test/target/test-dir/MiniOzoneClusterImpl-1f2ada2d-a189-4e3f-a934-1db8589ac524/datanode-2/data/ratis] (custom)
2021-12-06 20:43:03,605 [pool-139-thread-1] INFO  server.RaftServerConfigKeys (ConfUtils.java:logGet(44)) - raft.server.log.corruption.policy = EXCEPTION (default)
2021-12-06 20:43:03,605 [pool-139-thread-1] INFO  server.RaftServerConfigKeys (ConfUtils.java:logGet(44)) - raft.server.storage.free-space.min = 0MB (=0) (default)
2021-12-06 20:43:03,605 [pool-139-thread-1] INFO  storage.RaftStorageDirectory (RaftStorageDirectoryImpl.java:analyzeStorage(135)) - The storage directory /home/runner/work/ozone/ozone/hadoop-ozone/integration-test/target/test-dir/MiniOzoneClusterImpl-1f2ada2d-a189-4e3f-a934-1db8589ac524/datanode-2/data/ratis/3ace8e71-a1c5-4783-8db8-cfeccbf20ba9 does not exist. Creating ...
2021-12-06 20:43:03,607 [pool-139-thread-1] INFO  storage.RaftStorageDirectory (RaftStorageDirectoryImpl.java:tryLock(230)) - Lock on /home/runner/work/ozone/ozone/hadoop-ozone/integration-test/target/test-dir/MiniOzoneClusterImpl-1f2ada2d-a189-4e3f-a934-1db8589ac524/datanode-2/data/ratis/3ace8e71-a1c5-4783-8db8-cfeccbf20ba9/in_use.lock acquired by nodename 13770@fv-az151-352
2021-12-06 20:43:03,615 [pool-139-thread-1] INFO  storage.RaftStorage (RaftStorageImpl.java:format(89)) - Storage directory /home/runner/work/ozone/ozone/hadoop-ozone/integration-test/target/test-dir/MiniOzoneClusterImpl-1f2ada2d-a189-4e3f-a934-1db8589ac524/datanode-2/data/ratis/3ace8e71-a1c5-4783-8db8-cfeccbf20ba9 has been successfully formatted.
2021-12-06 20:43:03,615 [pool-139-thread-1] INFO  ratis.ContainerStateMachine (ContainerStateMachine.java:loadSnapshot(224)) - group-CFECCBF20BA9: The snapshot info is null. Setting the last applied indexto:(t:0, i:~)
2021-12-06 20:43:03,615 [pool-139-thread-1] INFO  server.RaftServerConfigKeys (ConfUtils.java:logGet(44)) - raft.server.notification.no-leader.timeout = 300s (custom)
2021-12-06 20:43:03,615 [pool-139-thread-1] INFO  server.RaftServerConfigKeys (ConfUtils.java:logGet(44)) - raft.server.log.use.memory = false (default)
2021-12-06 20:43:03,615 [pool-139-thread-1] INFO  server.RaftServerConfigKeys (ConfUtils.java:logGet(44)) - raft.server.log.purge.gap = 1000000 (custom)
2021-12-06 20:43:03,615 [pool-139-thread-1] INFO  server.RaftServerConfigKeys (ConfUtils.java:logGet(44)) - raft.server.log.appender.buffer.byte-limit = 33554432 (custom)
2021-12-06 20:43:03,615 [pool-139-thread-1] INFO  server.RaftServerConfigKeys (ConfUtils.java:logGet(44)) - raft.server.log.segment.size.max = 1048576 (custom)
2021-12-06 20:43:03,616 [pool-139-thread-1] INFO  server.RaftServerConfigKeys (ConfUtils.java:logGet(44)) - raft.server.log.segment.cache.num.max = 2 (custom)
2021-12-06 20:43:03,616 [pool-139-thread-1] INFO  server.RaftServerConfigKeys (ConfUtils.java:logGet(44)) - raft.server.log.segment.cache.size.max = 200MB (=209715200) (default)
2021-12-06 20:43:03,616 [pool-139-thread-1] INFO  segmented.SegmentedRaftLogWorker (SegmentedRaftLogWorker.java:<init>(182)) - new ecb94700-366d-4f8f-9ef6-8d2101749b07@group-CFECCBF20BA9-SegmentedRaftLogWorker for RaftStorageImpl:Storage Directory /home/runner/work/ozone/ozone/hadoop-ozone/integration-test/target/test-dir/MiniOzoneClusterImpl-1f2ada2d-a189-4e3f-a934-1db8589ac524/datanode-2/data/ratis/3ace8e71-a1c5-4783-8db8-cfeccbf20ba9
2021-12-06 20:43:03,617 [pool-139-thread-1] INFO  server.RaftServerConfigKeys (ConfUtils.java:logGet(44)) - raft.server.log.queue.byte-limit = 2147483647 (custom)
2021-12-06 20:43:03,617 [pool-139-thread-1] INFO  server.RaftServerConfigKeys (ConfUtils.java:logGet(44)) - raft.server.log.queue.element-limit = 1024 (custom)
2021-12-06 20:43:03,617 [pool-139-thread-1] INFO  server.RaftServerConfigKeys (ConfUtils.java:logGet(44)) - raft.server.log.segment.size.max = 1048576 (custom)
2021-12-06 20:43:03,617 [pool-139-thread-1] INFO  server.RaftServerConfigKeys (ConfUtils.java:logGet(44)) - raft.server.log.preallocated.size = 16384 (custom)
2021-12-06 20:43:03,617 [pool-139-thread-1] INFO  server.RaftServerConfigKeys (ConfUtils.java:logGet(44)) - raft.server.log.force.sync.num = 128 (default)
2021-12-06 20:43:03,617 [pool-139-thread-1] INFO  server.RaftServerConfigKeys (ConfUtils.java:logGet(44)) - raft.server.log.statemachine.data.sync = true (default)
2021-12-06 20:43:03,617 [pool-139-thread-1] INFO  server.RaftServerConfigKeys (ConfUtils.java:logGet(44)) - raft.server.log.statemachine.data.sync.timeout = 10s (default)
2021-12-06 20:43:03,617 [pool-139-thread-1] INFO  server.RaftServerConfigKeys (ConfUtils.java:logGet(44)) - raft.server.log.statemachine.data.sync.timeout.retry = -1 (default)
2021-12-06 20:43:03,618 [pool-139-thread-1] INFO  server.RaftServerConfigKeys (ConfUtils.java:logGet(44)) - raft.server.log.write.buffer.size = 1048576 (custom)
2021-12-06 20:43:03,618 [pool-139-thread-1] INFO  server.RaftServerConfigKeys (ConfUtils.java:logGet(44)) - raft.server.log.statemachine.data.caching.enabled = true (custom)
2021-12-06 20:43:03,618 [pool-139-thread-1] INFO  segmented.SegmentedRaftLogWorker (SegmentedRaftLogWorker.java:lambda$new$0(133)) - ecb94700-366d-4f8f-9ef6-8d2101749b07@group-CFECCBF20BA9-SegmentedRaftLogWorker: flushIndex: setUnconditionally 0 -> -1
2021-12-06 20:43:03,618 [pool-139-thread-1] INFO  segmented.SegmentedRaftLogWorker (SegmentedRaftLogWorker.java:lambda$new$0(133)) - ecb94700-366d-4f8f-9ef6-8d2101749b07@group-CFECCBF20BA9-SegmentedRaftLogWorker: safeCacheEvictIndex: setUnconditionally 0 -> -1
2021-12-06 20:43:03,624 [pool-139-thread-1] INFO  server.RaftServerConfigKeys (ConfUtils.java:logGet(44)) - raft.server.snapshot.auto.trigger.enabled = true (custom)
2021-12-06 20:43:03,624 [pool-139-thread-1] INFO  server.RaftServerConfigKeys (ConfUtils.java:logGet(44)) - raft.server.snapshot.auto.trigger.threshold = 10000 (custom)
2021-12-06 20:43:03,624 [pool-139-thread-1] INFO  server.RaftServerConfigKeys (ConfUtils.java:logGet(44)) - raft.server.snapshot.retention.file.num = 5 (custom)
2021-12-06 20:43:03,624 [pool-139-thread-1] INFO  server.RaftServerConfigKeys (ConfUtils.java:logGet(44)) - raft.server.log.purge.upto.snapshot.index = false (default)
2021-12-06 20:43:03,625 [pool-139-thread-1] INFO  server.RaftServerConfigKeys (ConfUtils.java:logGet(44)) - raft.server.retrycache.expirytime = 600000ms (custom)
2021-12-06 20:43:03,625 [pool-139-thread-1] INFO  server.RaftServerConfigKeys (ConfUtils.java:logGet(44)) - raft.server.retrycache.statistics.expirytime = 100μs (default)
2021-12-06 20:43:03,626 [pool-139-thread-1] INFO  server.RaftServer$Division (RaftServerImpl.java:start(301)) - ecb94700-366d-4f8f-9ef6-8d2101749b07@group-CFECCBF20BA9: start as a follower, conf=-1: [ecb94700-366d-4f8f-9ef6-8d2101749b07|rpc:10.1.0.39:40543|priority:1], old=null
2021-12-06 20:43:03,626 [pool-139-thread-1] INFO  server.RaftServer$Division (RaftServerImpl.java:setRole(290)) - ecb94700-366d-4f8f-9ef6-8d2101749b07@group-CFECCBF20BA9: changes role from      null to FOLLOWER at term 0 for startAsFollower
2021-12-06 20:43:03,626 [pool-139-thread-1] INFO  impl.RoleInfo (RoleInfo.java:updateAndGet(130)) - ecb94700-366d-4f8f-9ef6-8d2101749b07: start ecb94700-366d-4f8f-9ef6-8d2101749b07@group-CFECCBF20BA9-FollowerState
2021-12-06 20:43:03,628 [pool-139-thread-1] INFO  util.JmxRegister (JmxRegister.java:tryRegister(44)) - Successfully registered JMX Bean with object name Ratis:service=RaftServer,group=group-CFECCBF20BA9,id=ecb94700-366d-4f8f-9ef6-8d2101749b07
2021-12-06 20:43:03,628 [Command processor thread] INFO  ratis.XceiverServerRatis (XceiverServerRatis.java:addGroup(768)) - Created group PipelineID=3ace8e71-a1c5-4783-8db8-cfeccbf20ba9
2021-12-06 20:43:03,633 [Command processor thread] INFO  commandhandler.CreatePipelineCommandHandler (CreatePipelineCommandHandler.java:handle(106)) - Created Pipeline RATIS ONE PipelineID=3ace8e71-a1c5-4783-8db8-cfeccbf20ba9.
2021-12-06 20:43:03,633 [EventQueue-PipelineReportForPipelineReportHandler] INFO  pipeline.PipelineManagerImpl (PipelineManagerImpl.java:openPipeline(291)) - Pipeline Pipeline[ Id: 3ace8e71-a1c5-4783-8db8-cfeccbf20ba9, Nodes: ecb94700-366d-4f8f-9ef6-8d2101749b07{ip: 10.1.0.39, host: fv-az151-352.yf2hydr00wburbhx3j5hxtcipe.bx.internal.cloudapp.net, ports: [REPLICATION=36877, RATIS=40543, RATIS_ADMIN=40543, RATIS_SERVER=40543, STANDALONE=36085], networkLocation: /default-rack, certSerialId: null, persistedOpState: IN_SERVICE, persistedOpStateExpiryEpochSec: 0}, ReplicationConfig: RATIS/ONE, State:ALLOCATED, leaderId:ecb94700-366d-4f8f-9ef6-8d2101749b07, CreationTimestamp2021-12-06T20:43:00.598Z[Etc/UTC]] moved to OPEN state
2021-12-06 20:43:03,634 [EventQueue-OpenPipelineForHealthyPipelineSafeModeRule] INFO  safemode.SCMSafeModeManager (HealthyPipelineSafeModeRule.java:process(124)) - SCM in safe mode. Healthy pipelines reported count is 0, required healthy pipeline reported count is 1
2021-12-06 20:43:03,637 [pool-139-thread-1] INFO  server.RaftServer$Division (RaftServerImpl.java:<init>(184)) - ecb94700-366d-4f8f-9ef6-8d2101749b07: new RaftServerImpl for group-E85243144233:[ecb94700-366d-4f8f-9ef6-8d2101749b07|rpc:10.1.0.39:40543|dataStream:|priority:0, 69705e4e-5185-49eb-bab0-a05722fc70d0|rpc:10.1.0.39:33255|dataStream:|priority:1, 7942a5ba-8ac7-43cd-836c-4cecbcf2a1fa|rpc:10.1.0.39:42241|dataStream:|priority:0] with ContainerStateMachine:uninitialized
2021-12-06 20:43:03,637 [pool-139-thread-1] INFO  server.RaftServerConfigKeys (ConfUtils.java:logGet(44)) - raft.server.rpc.timeout.min = 5s (custom)
2021-12-06 20:43:03,637 [pool-139-thread-1] INFO  server.RaftServerConfigKeys (ConfUtils.java:logGet(44)) - raft.server.rpc.timeout.max = 5200ms (custom)
2021-12-06 20:43:03,637 [pool-139-thread-1] INFO  server.RaftServerConfigKeys (ConfUtils.java:logGet(44)) - raft.server.rpc.sleep.time = 25ms (default)
2021-12-06 20:43:03,638 [pool-139-thread-1] INFO  server.RaftServerConfigKeys (ConfUtils.java:logGet(44)) - raft.server.rpc.slowness.timeout = 300s (custom)
2021-12-06 20:43:03,638 [pool-139-thread-1] INFO  server.RaftServerConfigKeys (ConfUtils.java:logGet(44)) - raft.server.leaderelection.leader.step-down.wait-time = 10s (default)
2021-12-06 20:43:03,638 [pool-139-thread-1] INFO  server.RaftServerConfigKeys (ConfUtils.java:logGet(44)) - raft.server.sleep.deviation.threshold = 300ms (default)
2021-12-06 20:43:03,638 [pool-139-thread-1] INFO  server.RaftServerConfigKeys (ConfUtils.java:logGet(44)) - raft.server.log.appender.install.snapshot.enabled = false (custom)
2021-12-06 20:43:03,638 [pool-139-thread-1] INFO  server.RaftServer$Division (ServerState.java:<init>(105)) - ecb94700-366d-4f8f-9ef6-8d2101749b07@group-E85243144233: ConfigurationManager, init=-1: [ecb94700-366d-4f8f-9ef6-8d2101749b07|rpc:10.1.0.39:40543|dataStream:|priority:0, 69705e4e-5185-49eb-bab0-a05722fc70d0|rpc:10.1.0.39:33255|dataStream:|priority:1, 7942a5ba-8ac7-43cd-836c-4cecbcf2a1fa|rpc:10.1.0.39:42241|dataStream:|priority:0], old=null, confs=<EMPTY_MAP>
2021-12-06 20:43:03,638 [pool-139-thread-1] INFO  server.RaftServerConfigKeys (ConfUtils.java:logGet(44)) - raft.server.storage.dir = [/home/runner/work/ozone/ozone/hadoop-ozone/integration-test/target/test-dir/MiniOzoneClusterImpl-1f2ada2d-a189-4e3f-a934-1db8589ac524/datanode-2/data/ratis] (custom)
2021-12-06 20:43:03,638 [pool-139-thread-1] INFO  server.RaftServerConfigKeys (ConfUtils.java:logGet(44)) - raft.server.log.corruption.policy = EXCEPTION (default)
2021-12-06 20:43:03,638 [pool-139-thread-1] INFO  server.RaftServerConfigKeys (ConfUtils.java:logGet(44)) - raft.server.storage.free-space.min = 0MB (=0) (default)
2021-12-06 20:43:03,638 [pool-139-thread-1] INFO  storage.RaftStorageDirectory (RaftStorageDirectoryImpl.java:analyzeStorage(135)) - The storage directory /home/runner/work/ozone/ozone/hadoop-ozone/integration-test/target/test-dir/MiniOzoneClusterImpl-1f2ada2d-a189-4e3f-a934-1db8589ac524/datanode-2/data/ratis/ba06b0bf-0c33-438f-bd5b-e85243144233 does not exist. Creating ...
2021-12-06 20:43:03,632 [grpc-default-executor-3] INFO  server.RaftServer (RaftServerProxy.java:addNew(95)) - ecb94700-366d-4f8f-9ef6-8d2101749b07: addNew group-E85243144233:[ecb94700-366d-4f8f-9ef6-8d2101749b07|rpc:10.1.0.39:40543|dataStream:|priority:0, 69705e4e-5185-49eb-bab0-a05722fc70d0|rpc:10.1.0.39:33255|dataStream:|priority:1, 7942a5ba-8ac7-43cd-836c-4cecbcf2a1fa|rpc:10.1.0.39:42241|dataStream:|priority:0] returns group-E85243144233:java.util.concurrent.CompletableFuture@60d831b1[Not completed]
2021-12-06 20:43:03,640 [pool-139-thread-1] INFO  storage.RaftStorageDirectory (RaftStorageDirectoryImpl.java:tryLock(230)) - Lock on /home/runner/work/ozone/ozone/hadoop-ozone/integration-test/target/test-dir/MiniOzoneClusterImpl-1f2ada2d-a189-4e3f-a934-1db8589ac524/datanode-2/data/ratis/ba06b0bf-0c33-438f-bd5b-e85243144233/in_use.lock acquired by nodename 13770@fv-az151-352
2021-12-06 20:43:03,642 [pool-139-thread-1] INFO  storage.RaftStorage (RaftStorageImpl.java:format(89)) - Storage directory /home/runner/work/ozone/ozone/hadoop-ozone/integration-test/target/test-dir/MiniOzoneClusterImpl-1f2ada2d-a189-4e3f-a934-1db8589ac524/datanode-2/data/ratis/ba06b0bf-0c33-438f-bd5b-e85243144233 has been successfully formatted.
2021-12-06 20:43:03,643 [pool-139-thread-1] INFO  ratis.ContainerStateMachine (ContainerStateMachine.java:loadSnapshot(224)) - group-E85243144233: The snapshot info is null. Setting the last applied indexto:(t:0, i:~)
2021-12-06 20:43:03,643 [pool-139-thread-1] INFO  server.RaftServerConfigKeys (ConfUtils.java:logGet(44)) - raft.server.notification.no-leader.timeout = 300s (custom)
2021-12-06 20:43:03,643 [pool-139-thread-1] INFO  server.RaftServerConfigKeys (ConfUtils.java:logGet(44)) - raft.server.log.use.memory = false (default)
2021-12-06 20:43:03,643 [pool-139-thread-1] INFO  server.RaftServerConfigKeys (ConfUtils.java:logGet(44)) - raft.server.log.purge.gap = 1000000 (custom)
2021-12-06 20:43:03,645 [EventQueue-OpenPipelineForHealthyPipelineSafeModeRule] INFO  safemode.SCMSafeModeManager (HealthyPipelineSafeModeRule.java:process(124)) - SCM in safe mode. Healthy pipelines reported count is 0, required healthy pipeline reported count is 1
2021-12-06 20:43:03,646 [pool-139-thread-1] INFO  server.RaftServerConfigKeys (ConfUtils.java:logGet(44)) - raft.server.log.appender.buffer.byte-limit = 33554432 (custom)
2021-12-06 20:43:03,646 [pool-139-thread-1] INFO  server.RaftServerConfigKeys (ConfUtils.java:logGet(44)) - raft.server.log.segment.size.max = 1048576 (custom)
2021-12-06 20:43:03,646 [pool-139-thread-1] INFO  server.RaftServerConfigKeys (ConfUtils.java:logGet(44)) - raft.server.log.segment.cache.num.max = 2 (custom)
2021-12-06 20:43:03,646 [pool-139-thread-1] INFO  server.RaftServerConfigKeys (ConfUtils.java:logGet(44)) - raft.server.log.segment.cache.size.max = 200MB (=209715200) (default)
2021-12-06 20:43:03,646 [pool-139-thread-1] INFO  segmented.SegmentedRaftLogWorker (SegmentedRaftLogWorker.java:<init>(182)) - new ecb94700-366d-4f8f-9ef6-8d2101749b07@group-E85243144233-SegmentedRaftLogWorker for RaftStorageImpl:Storage Directory /home/runner/work/ozone/ozone/hadoop-ozone/integration-test/target/test-dir/MiniOzoneClusterImpl-1f2ada2d-a189-4e3f-a934-1db8589ac524/datanode-2/data/ratis/ba06b0bf-0c33-438f-bd5b-e85243144233
2021-12-06 20:43:03,647 [pool-139-thread-1] INFO  server.RaftServerConfigKeys (ConfUtils.java:logGet(44)) - raft.server.log.queue.byte-limit = 2147483647 (custom)
2021-12-06 20:43:03,647 [pool-139-thread-1] INFO  server.RaftServerConfigKeys (ConfUtils.java:logGet(44)) - raft.server.log.queue.element-limit = 1024 (custom)
2021-12-06 20:43:03,647 [pool-139-thread-1] INFO  server.RaftServerConfigKeys (ConfUtils.java:logGet(44)) - raft.server.log.segment.size.max = 1048576 (custom)
2021-12-06 20:43:03,647 [pool-139-thread-1] INFO  server.RaftServerConfigKeys (ConfUtils.java:logGet(44)) - raft.server.log.preallocated.size = 16384 (custom)
2021-12-06 20:43:03,647 [pool-139-thread-1] INFO  server.RaftServerConfigKeys (ConfUtils.java:logGet(44)) - raft.server.log.force.sync.num = 128 (default)
2021-12-06 20:43:03,647 [pool-139-thread-1] INFO  server.RaftServerConfigKeys (ConfUtils.java:logGet(44)) - raft.server.log.statemachine.data.sync = true (default)
2021-12-06 20:43:03,647 [pool-139-thread-1] INFO  server.RaftServerConfigKeys (ConfUtils.java:logGet(44)) - raft.server.log.statemachine.data.sync.timeout = 10s (default)
2021-12-06 20:43:03,647 [pool-139-thread-1] INFO  server.RaftServerConfigKeys (ConfUtils.java:logGet(44)) - raft.server.log.statemachine.data.sync.timeout.retry = -1 (default)
2021-12-06 20:43:03,648 [pool-139-thread-1] INFO  server.RaftServerConfigKeys (ConfUtils.java:logGet(44)) - raft.server.log.write.buffer.size = 1048576 (custom)
2021-12-06 20:43:03,648 [pool-139-thread-1] INFO  server.RaftServerConfigKeys (ConfUtils.java:logGet(44)) - raft.server.log.statemachine.data.caching.enabled = true (custom)
2021-12-06 20:43:03,648 [pool-139-thread-1] INFO  segmented.SegmentedRaftLogWorker (SegmentedRaftLogWorker.java:lambda$new$0(133)) - ecb94700-366d-4f8f-9ef6-8d2101749b07@group-E85243144233-SegmentedRaftLogWorker: flushIndex: setUnconditionally 0 -> -1
2021-12-06 20:43:03,648 [pool-139-thread-1] INFO  segmented.SegmentedRaftLogWorker (SegmentedRaftLogWorker.java:lambda$new$0(133)) - ecb94700-366d-4f8f-9ef6-8d2101749b07@group-E85243144233-SegmentedRaftLogWorker: safeCacheEvictIndex: setUnconditionally 0 -> -1
2021-12-06 20:43:03,653 [pool-139-thread-1] INFO  server.RaftServerConfigKeys (ConfUtils.java:logGet(44)) - raft.server.snapshot.auto.trigger.enabled = true (custom)
2021-12-06 20:43:03,653 [pool-139-thread-1] INFO  server.RaftServerConfigKeys (ConfUtils.java:logGet(44)) - raft.server.snapshot.auto.trigger.threshold = 10000 (custom)
2021-12-06 20:43:03,653 [pool-139-thread-1] INFO  server.RaftServerConfigKeys (ConfUtils.java:logGet(44)) - raft.server.snapshot.retention.file.num = 5 (custom)
2021-12-06 20:43:03,653 [pool-139-thread-1] INFO  server.RaftServerConfigKeys (ConfUtils.java:logGet(44)) - raft.server.log.purge.upto.snapshot.index = false (default)
2021-12-06 20:43:03,653 [pool-139-thread-1] INFO  server.RaftServerConfigKeys (ConfUtils.java:logGet(44)) - raft.server.retrycache.expirytime = 600000ms (custom)
2021-12-06 20:43:03,653 [pool-139-thread-1] INFO  server.RaftServerConfigKeys (ConfUtils.java:logGet(44)) - raft.server.retrycache.statistics.expirytime = 100μs (default)
2021-12-06 20:43:03,654 [pool-139-thread-1] INFO  server.RaftServer$Division (RaftServerImpl.java:start(301)) - ecb94700-366d-4f8f-9ef6-8d2101749b07@group-E85243144233: start as a follower, conf=-1: [ecb94700-366d-4f8f-9ef6-8d2101749b07|rpc:10.1.0.39:40543|dataStream:|priority:0, 69705e4e-5185-49eb-bab0-a05722fc70d0|rpc:10.1.0.39:33255|dataStream:|priority:1, 7942a5ba-8ac7-43cd-836c-4cecbcf2a1fa|rpc:10.1.0.39:42241|dataStream:|priority:0], old=null
2021-12-06 20:43:03,654 [pool-139-thread-1] INFO  server.RaftServer$Division (RaftServerImpl.java:setRole(290)) - ecb94700-366d-4f8f-9ef6-8d2101749b07@group-E85243144233: changes role from      null to FOLLOWER at term 0 for startAsFollower
2021-12-06 20:43:03,654 [pool-139-thread-1] INFO  impl.RoleInfo (RoleInfo.java:updateAndGet(130)) - ecb94700-366d-4f8f-9ef6-8d2101749b07: start ecb94700-366d-4f8f-9ef6-8d2101749b07@group-E85243144233-FollowerState
2021-12-06 20:43:03,656 [pool-139-thread-1] INFO  util.JmxRegister (JmxRegister.java:tryRegister(44)) - Successfully registered JMX Bean with object name Ratis:service=RaftServer,group=group-E85243144233,id=ecb94700-366d-4f8f-9ef6-8d2101749b07
2021-12-06 20:43:03,669 [Command processor thread] INFO  commandhandler.CreatePipelineCommandHandler (CreatePipelineCommandHandler.java:handle(106)) - Created Pipeline RATIS THREE PipelineID=ba06b0bf-0c33-438f-bd5b-e85243144233.
2021-12-06 20:43:03,679 [Command processor thread] INFO  commandhandler.CreatePipelineCommandHandler (CreatePipelineCommandHandler.java:handle(106)) - Created Pipeline RATIS THREE PipelineID=ba06b0bf-0c33-438f-bd5b-e85243144233.
2021-12-06 20:43:04,597 [Listener at 127.0.0.1/10944] INFO  ozone.MiniOzoneClusterImpl (MiniOzoneClusterImpl.java:lambda$waitForClusterToBeReady$0(235)) - Nodes are ready. Got 3 of 3 DN Heartbeats.
2021-12-06 20:43:04,597 [Listener at 127.0.0.1/10944] INFO  ozone.MiniOzoneClusterImpl (MiniOzoneClusterImpl.java:lambda$waitForClusterToBeReady$0(238)) - Waiting for cluster to exit safe mode
2021-12-06 20:43:04,597 [Listener at 127.0.0.1/10944] INFO  ozone.MiniOzoneClusterImpl (MiniOzoneClusterImpl.java:lambda$waitForClusterToBeReady$0(240)) - SCM became leader
2021-12-06 20:43:05,597 [Listener at 127.0.0.1/10944] INFO  ozone.MiniOzoneClusterImpl (MiniOzoneClusterImpl.java:lambda$waitForClusterToBeReady$0(235)) - Nodes are ready. Got 3 of 3 DN Heartbeats.
2021-12-06 20:43:05,598 [Listener at 127.0.0.1/10944] INFO  ozone.MiniOzoneClusterImpl (MiniOzoneClusterImpl.java:lambda$waitForClusterToBeReady$0(238)) - Waiting for cluster to exit safe mode
2021-12-06 20:43:05,598 [Listener at 127.0.0.1/10944] INFO  ozone.MiniOzoneClusterImpl (MiniOzoneClusterImpl.java:lambda$waitForClusterToBeReady$0(240)) - SCM became leader
2021-12-06 20:43:06,598 [Listener at 127.0.0.1/10944] INFO  ozone.MiniOzoneClusterImpl (MiniOzoneClusterImpl.java:lambda$waitForClusterToBeReady$0(235)) - Nodes are ready. Got 3 of 3 DN Heartbeats.
2021-12-06 20:43:06,598 [Listener at 127.0.0.1/10944] INFO  ozone.MiniOzoneClusterImpl (MiniOzoneClusterImpl.java:lambda$waitForClusterToBeReady$0(238)) - Waiting for cluster to exit safe mode
2021-12-06 20:43:06,599 [Listener at 127.0.0.1/10944] INFO  ozone.MiniOzoneClusterImpl (MiniOzoneClusterImpl.java:lambda$waitForClusterToBeReady$0(240)) - SCM became leader
2021-12-06 20:43:07,599 [Listener at 127.0.0.1/10944] INFO  ozone.MiniOzoneClusterImpl (MiniOzoneClusterImpl.java:lambda$waitForClusterToBeReady$0(235)) - Nodes are ready. Got 3 of 3 DN Heartbeats.
2021-12-06 20:43:07,599 [Listener at 127.0.0.1/10944] INFO  ozone.MiniOzoneClusterImpl (MiniOzoneClusterImpl.java:lambda$waitForClusterToBeReady$0(238)) - Waiting for cluster to exit safe mode
2021-12-06 20:43:07,599 [Listener at 127.0.0.1/10944] INFO  ozone.MiniOzoneClusterImpl (MiniOzoneClusterImpl.java:lambda$waitForClusterToBeReady$0(240)) - SCM became leader
2021-12-06 20:43:08,261 [69705e4e-5185-49eb-bab0-a05722fc70d0@group-FBDF88CE0C4F-FollowerState] INFO  impl.FollowerState (FollowerState.java:run(134)) - 69705e4e-5185-49eb-bab0-a05722fc70d0@group-FBDF88CE0C4F-FollowerState: change to CANDIDATE, lastRpcElapsedTime:5016041668ns, electionTimeout:5012ms
2021-12-06 20:43:08,261 [69705e4e-5185-49eb-bab0-a05722fc70d0@group-FBDF88CE0C4F-FollowerState] INFO  impl.RoleInfo (RoleInfo.java:shutdownFollowerState(108)) - 69705e4e-5185-49eb-bab0-a05722fc70d0: shutdown 69705e4e-5185-49eb-bab0-a05722fc70d0@group-FBDF88CE0C4F-FollowerState
2021-12-06 20:43:08,261 [69705e4e-5185-49eb-bab0-a05722fc70d0@group-FBDF88CE0C4F-FollowerState] INFO  server.RaftServer$Division (RaftServerImpl.java:setRole(290)) - 69705e4e-5185-49eb-bab0-a05722fc70d0@group-FBDF88CE0C4F: changes role from  FOLLOWER to CANDIDATE at term 0 for changeToCandidate
2021-12-06 20:43:08,261 [69705e4e-5185-49eb-bab0-a05722fc70d0@group-FBDF88CE0C4F-FollowerState] INFO  server.RaftServerConfigKeys (ConfUtils.java:logGet(44)) - raft.server.leaderelection.pre-vote = false (custom)
2021-12-06 20:43:08,261 [69705e4e-5185-49eb-bab0-a05722fc70d0@group-FBDF88CE0C4F-FollowerState] INFO  impl.RoleInfo (RoleInfo.java:updateAndGet(130)) - 69705e4e-5185-49eb-bab0-a05722fc70d0: start 69705e4e-5185-49eb-bab0-a05722fc70d0@group-FBDF88CE0C4F-LeaderElection5
2021-12-06 20:43:08,266 [69705e4e-5185-49eb-bab0-a05722fc70d0@group-FBDF88CE0C4F-LeaderElection5] INFO  impl.LeaderElection (LeaderElection.java:askForVotes(306)) - 69705e4e-5185-49eb-bab0-a05722fc70d0@group-FBDF88CE0C4F-LeaderElection5 ELECTION round 0: submit vote requests at term 1 for -1: [69705e4e-5185-49eb-bab0-a05722fc70d0|rpc:10.1.0.39:33255|priority:1], old=null
2021-12-06 20:43:08,266 [69705e4e-5185-49eb-bab0-a05722fc70d0@group-FBDF88CE0C4F-LeaderElection5] INFO  impl.LeaderElection (LeaderElection.java:askForVotes(308)) - 69705e4e-5185-49eb-bab0-a05722fc70d0@group-FBDF88CE0C4F-LeaderElection5 ELECTION round 0: result PASSED (term=1)
2021-12-06 20:43:08,266 [69705e4e-5185-49eb-bab0-a05722fc70d0@group-FBDF88CE0C4F-LeaderElection5] INFO  impl.RoleInfo (RoleInfo.java:shutdownLeaderElection(121)) - 69705e4e-5185-49eb-bab0-a05722fc70d0: shutdown 69705e4e-5185-49eb-bab0-a05722fc70d0@group-FBDF88CE0C4F-LeaderElection5
2021-12-06 20:43:08,266 [69705e4e-5185-49eb-bab0-a05722fc70d0@group-FBDF88CE0C4F-LeaderElection5] INFO  server.RaftServer$Division (RaftServerImpl.java:setRole(290)) - 69705e4e-5185-49eb-bab0-a05722fc70d0@group-FBDF88CE0C4F: changes role from CANDIDATE to LEADER at term 1 for changeToLeader
2021-12-06 20:43:08,266 [69705e4e-5185-49eb-bab0-a05722fc70d0@group-FBDF88CE0C4F-LeaderElection5] INFO  ratis.XceiverServerRatis (XceiverServerRatis.java:handleLeaderChangedNotification(866)) - Leader change notification received for group: group-FBDF88CE0C4F with new leaderId: 69705e4e-5185-49eb-bab0-a05722fc70d0
2021-12-06 20:43:08,266 [69705e4e-5185-49eb-bab0-a05722fc70d0@group-FBDF88CE0C4F-LeaderElection5] INFO  server.RaftServer$Division (ServerState.java:setLeader(285)) - 69705e4e-5185-49eb-bab0-a05722fc70d0@group-FBDF88CE0C4F: change Leader from null to 69705e4e-5185-49eb-bab0-a05722fc70d0 at term 1 for becomeLeader, leader elected after 5046ms
2021-12-06 20:43:08,266 [69705e4e-5185-49eb-bab0-a05722fc70d0@group-FBDF88CE0C4F-LeaderElection5] INFO  server.RaftServerConfigKeys (ConfUtils.java:logGet(44)) - raft.server.staging.catchup.gap = 1000 (default)
2021-12-06 20:43:08,268 [EventQueue-OpenPipelineForHealthyPipelineSafeModeRule] INFO  safemode.SCMSafeModeManager (HealthyPipelineSafeModeRule.java:process(124)) - SCM in safe mode. Healthy pipelines reported count is 0, required healthy pipeline reported count is 1
2021-12-06 20:43:08,269 [69705e4e-5185-49eb-bab0-a05722fc70d0@group-FBDF88CE0C4F-LeaderElection5] INFO  server.RaftServerConfigKeys (ConfUtils.java:logGet(44)) - raft.server.write.element-limit = 1024 (custom)
2021-12-06 20:43:08,269 [69705e4e-5185-49eb-bab0-a05722fc70d0@group-FBDF88CE0C4F-LeaderElection5] INFO  server.RaftServerConfigKeys (ConfUtils.java:logGet(44)) - raft.server.write.byte-limit = 1024 M (=1073741824) (custom)
2021-12-06 20:43:08,270 [69705e4e-5185-49eb-bab0-a05722fc70d0@group-FBDF88CE0C4F-LeaderElection5] INFO  server.RaftServerConfigKeys (ConfUtils.java:logGet(44)) - raft.server.watch.timeout = 180s (custom)
2021-12-06 20:43:08,270 [69705e4e-5185-49eb-bab0-a05722fc70d0@group-FBDF88CE0C4F-LeaderElection5] INFO  server.RaftServerConfigKeys (ConfUtils.java:logGet(44)) - raft.server.watch.timeout.denomination = 1s (default)
2021-12-06 20:43:08,270 [69705e4e-5185-49eb-bab0-a05722fc70d0@group-FBDF88CE0C4F-LeaderElection5] INFO  server.RaftServerConfigKeys (ConfUtils.java:logGet(44)) - raft.server.watch.element-limit = 65536 (default)
2021-12-06 20:43:08,270 [69705e4e-5185-49eb-bab0-a05722fc70d0@group-FBDF88CE0C4F-LeaderElection5] INFO  server.RaftServerConfigKeys (ConfUtils.java:logGet(44)) - raft.server.write.element-limit = 1024 (custom)
2021-12-06 20:43:08,270 [69705e4e-5185-49eb-bab0-a05722fc70d0@group-FBDF88CE0C4F-LeaderElection5] INFO  server.RaftServerConfigKeys (ConfUtils.java:logGet(44)) - raft.server.write.follower.gap.ratio.max = -1.0 (default)
2021-12-06 20:43:08,270 [69705e4e-5185-49eb-bab0-a05722fc70d0@group-FBDF88CE0C4F-LeaderElection5] INFO  impl.RoleInfo (RoleInfo.java:updateAndGet(130)) - 69705e4e-5185-49eb-bab0-a05722fc70d0: start 69705e4e-5185-49eb-bab0-a05722fc70d0@group-FBDF88CE0C4F-LeaderStateImpl
2021-12-06 20:43:08,271 [69705e4e-5185-49eb-bab0-a05722fc70d0@group-FBDF88CE0C4F-LeaderElection5] INFO  segmented.SegmentedRaftLogWorker (SegmentedRaftLogWorker.java:startLogSegment(394)) - 69705e4e-5185-49eb-bab0-a05722fc70d0@group-FBDF88CE0C4F-SegmentedRaftLogWorker: Starting segment from index:0
2021-12-06 20:43:08,272 [69705e4e-5185-49eb-bab0-a05722fc70d0@group-FBDF88CE0C4F-SegmentedRaftLogWorker] INFO  segmented.SegmentedRaftLogWorker (SegmentedRaftLogWorker.java:execute(601)) - 69705e4e-5185-49eb-bab0-a05722fc70d0@group-FBDF88CE0C4F-SegmentedRaftLogWorker: created new log segment /home/runner/work/ozone/ozone/hadoop-ozone/integration-test/target/test-dir/MiniOzoneClusterImpl-1f2ada2d-a189-4e3f-a934-1db8589ac524/datanode-0/data/ratis/06e75ec7-175b-443d-ba0c-fbdf88ce0c4f/current/log_inprogress_0
2021-12-06 20:43:08,276 [69705e4e-5185-49eb-bab0-a05722fc70d0@group-FBDF88CE0C4F-LeaderElection5] INFO  server.RaftServer$Division (ServerState.java:setRaftConf(387)) - 69705e4e-5185-49eb-bab0-a05722fc70d0@group-FBDF88CE0C4F: set configuration 0: [69705e4e-5185-49eb-bab0-a05722fc70d0|rpc:10.1.0.39:33255|dataStream:|priority:1], old=null
2021-12-06 20:43:08,351 [69705e4e-5185-49eb-bab0-a05722fc70d0@group-1793C2F8585F-FollowerState] INFO  impl.FollowerState (FollowerState.java:run(134)) - 69705e4e-5185-49eb-bab0-a05722fc70d0@group-1793C2F8585F-FollowerState: change to CANDIDATE, lastRpcElapsedTime:5066710101ns, electionTimeout:5063ms
2021-12-06 20:43:08,352 [69705e4e-5185-49eb-bab0-a05722fc70d0@group-1793C2F8585F-FollowerState] INFO  impl.RoleInfo (RoleInfo.java:shutdownFollowerState(108)) - 69705e4e-5185-49eb-bab0-a05722fc70d0: shutdown 69705e4e-5185-49eb-bab0-a05722fc70d0@group-1793C2F8585F-FollowerState
2021-12-06 20:43:08,352 [69705e4e-5185-49eb-bab0-a05722fc70d0@group-1793C2F8585F-FollowerState] INFO  server.RaftServer$Division (RaftServerImpl.java:setRole(290)) - 69705e4e-5185-49eb-bab0-a05722fc70d0@group-1793C2F8585F: changes role from  FOLLOWER to CANDIDATE at term 0 for changeToCandidate
2021-12-06 20:43:08,352 [69705e4e-5185-49eb-bab0-a05722fc70d0@group-1793C2F8585F-FollowerState] INFO  server.RaftServerConfigKeys (ConfUtils.java:logGet(44)) - raft.server.leaderelection.pre-vote = false (custom)
2021-12-06 20:43:08,352 [69705e4e-5185-49eb-bab0-a05722fc70d0@group-1793C2F8585F-FollowerState] INFO  impl.RoleInfo (RoleInfo.java:updateAndGet(130)) - 69705e4e-5185-49eb-bab0-a05722fc70d0: start 69705e4e-5185-49eb-bab0-a05722fc70d0@group-1793C2F8585F-LeaderElection6
2021-12-06 20:43:08,355 [69705e4e-5185-49eb-bab0-a05722fc70d0@group-1793C2F8585F-LeaderElection6] INFO  impl.LeaderElection (LeaderElection.java:askForVotes(306)) - 69705e4e-5185-49eb-bab0-a05722fc70d0@group-1793C2F8585F-LeaderElection6 ELECTION round 0: submit vote requests at term 1 for -1: [ecb94700-366d-4f8f-9ef6-8d2101749b07|rpc:10.1.0.39:40543|priority:0, 69705e4e-5185-49eb-bab0-a05722fc70d0|rpc:10.1.0.39:33255|priority:0, 7942a5ba-8ac7-43cd-836c-4cecbcf2a1fa|rpc:10.1.0.39:42241|priority:1], old=null
2021-12-06 20:43:08,380 [grpc-default-executor-3] INFO  server.RaftServer$Division (RaftServerImpl.java:requestVote(1046)) - 7942a5ba-8ac7-43cd-836c-4cecbcf2a1fa@group-1793C2F8585F: receive requestVote(ELECTION, 69705e4e-5185-49eb-bab0-a05722fc70d0, group-1793C2F8585F, 1, (t:0, i:0))
2021-12-06 20:43:08,380 [grpc-default-executor-4] INFO  server.RaftServer$Division (RaftServerImpl.java:requestVote(1046)) - ecb94700-366d-4f8f-9ef6-8d2101749b07@group-1793C2F8585F: receive requestVote(ELECTION, 69705e4e-5185-49eb-bab0-a05722fc70d0, group-1793C2F8585F, 1, (t:0, i:0))
2021-12-06 20:43:08,381 [grpc-default-executor-4] INFO  impl.VoteContext (VoteContext.java:log(48)) - ecb94700-366d-4f8f-9ef6-8d2101749b07@group-1793C2F8585F-FOLLOWER: accept ELECTION from 69705e4e-5185-49eb-bab0-a05722fc70d0: our priority 0 <= candidate's priority 0
2021-12-06 20:43:08,381 [grpc-default-executor-4] INFO  server.RaftServer$Division (RaftServerImpl.java:setRole(290)) - ecb94700-366d-4f8f-9ef6-8d2101749b07@group-1793C2F8585F: changes role from  FOLLOWER to FOLLOWER at term 1 for candidate:69705e4e-5185-49eb-bab0-a05722fc70d0
2021-12-06 20:43:08,381 [grpc-default-executor-4] INFO  impl.RoleInfo (RoleInfo.java:shutdownFollowerState(108)) - ecb94700-366d-4f8f-9ef6-8d2101749b07: shutdown ecb94700-366d-4f8f-9ef6-8d2101749b07@group-1793C2F8585F-FollowerState
2021-12-06 20:43:08,381 [grpc-default-executor-4] INFO  impl.RoleInfo (RoleInfo.java:updateAndGet(130)) - ecb94700-366d-4f8f-9ef6-8d2101749b07: start ecb94700-366d-4f8f-9ef6-8d2101749b07@group-1793C2F8585F-FollowerState
2021-12-06 20:43:08,381 [ecb94700-366d-4f8f-9ef6-8d2101749b07@group-1793C2F8585F-FollowerState] INFO  impl.FollowerState (FollowerState.java:run(143)) - ecb94700-366d-4f8f-9ef6-8d2101749b07@group-1793C2F8585F-FollowerState was interrupted: {}
java.lang.InterruptedException: sleep interrupted
	at java.lang.Thread.sleep(Native Method)
	at java.lang.Thread.sleep(Thread.java:340)
	at java.util.concurrent.TimeUnit.sleep(TimeUnit.java:386)
	at org.apache.ratis.util.TimeDuration.sleep(TimeDuration.java:324)
	at org.apache.ratis.util.TimeDuration.sleep(TimeDuration.java:309)
	at org.apache.ratis.server.impl.FollowerState.run(FollowerState.java:118)
2021-12-06 20:43:08,381 [grpc-default-executor-3] INFO  impl.VoteContext (VoteContext.java:log(48)) - 7942a5ba-8ac7-43cd-836c-4cecbcf2a1fa@group-1793C2F8585F-FOLLOWER: reject ELECTION from 69705e4e-5185-49eb-bab0-a05722fc70d0: our priority 1 > candidate's priority 0
2021-12-06 20:43:08,381 [grpc-default-executor-3] INFO  server.RaftServer$Division (RaftServerImpl.java:setRole(290)) - 7942a5ba-8ac7-43cd-836c-4cecbcf2a1fa@group-1793C2F8585F: changes role from  FOLLOWER to FOLLOWER at term 1 for candidate:69705e4e-5185-49eb-bab0-a05722fc70d0
2021-12-06 20:43:08,382 [grpc-default-executor-3] INFO  impl.RoleInfo (RoleInfo.java:shutdownFollowerState(108)) - 7942a5ba-8ac7-43cd-836c-4cecbcf2a1fa: shutdown 7942a5ba-8ac7-43cd-836c-4cecbcf2a1fa@group-1793C2F8585F-FollowerState
2021-12-06 20:43:08,384 [grpc-default-executor-3] INFO  impl.RoleInfo (RoleInfo.java:updateAndGet(130)) - 7942a5ba-8ac7-43cd-836c-4cecbcf2a1fa: start 7942a5ba-8ac7-43cd-836c-4cecbcf2a1fa@group-1793C2F8585F-FollowerState
2021-12-06 20:43:08,384 [7942a5ba-8ac7-43cd-836c-4cecbcf2a1fa@group-1793C2F8585F-FollowerState] INFO  impl.FollowerState (FollowerState.java:run(143)) - 7942a5ba-8ac7-43cd-836c-4cecbcf2a1fa@group-1793C2F8585F-FollowerState was interrupted: {}
java.lang.InterruptedException: sleep interrupted
	at java.lang.Thread.sleep(Native Method)
	at java.lang.Thread.sleep(Thread.java:340)
	at java.util.concurrent.TimeUnit.sleep(TimeUnit.java:386)
	at org.apache.ratis.util.TimeDuration.sleep(TimeDuration.java:324)
	at org.apache.ratis.util.TimeDuration.sleep(TimeDuration.java:309)
	at org.apache.ratis.server.impl.FollowerState.run(FollowerState.java:118)
2021-12-06 20:43:08,385 [grpc-default-executor-4] INFO  server.RaftServer$Division (RaftServerImpl.java:requestVote(1078)) - ecb94700-366d-4f8f-9ef6-8d2101749b07@group-1793C2F8585F replies to ELECTION vote request: 69705e4e-5185-49eb-bab0-a05722fc70d0<-ecb94700-366d-4f8f-9ef6-8d2101749b07#0:OK-t1. Peer's state: ecb94700-366d-4f8f-9ef6-8d2101749b07@group-1793C2F8585F:t1, leader=null, voted=69705e4e-5185-49eb-bab0-a05722fc70d0, raftlog=ecb94700-366d-4f8f-9ef6-8d2101749b07@group-1793C2F8585F-SegmentedRaftLog:OPENED:c-1, conf=-1: [ecb94700-366d-4f8f-9ef6-8d2101749b07|rpc:10.1.0.39:40543|dataStream:|priority:0, 69705e4e-5185-49eb-bab0-a05722fc70d0|rpc:10.1.0.39:33255|dataStream:|priority:0, 7942a5ba-8ac7-43cd-836c-4cecbcf2a1fa|rpc:10.1.0.39:42241|dataStream:|priority:1], old=null
2021-12-06 20:43:08,386 [grpc-default-executor-3] INFO  server.RaftServer$Division (RaftServerImpl.java:requestVote(1078)) - 7942a5ba-8ac7-43cd-836c-4cecbcf2a1fa@group-1793C2F8585F replies to ELECTION vote request: 69705e4e-5185-49eb-bab0-a05722fc70d0<-7942a5ba-8ac7-43cd-836c-4cecbcf2a1fa#0:FAIL-t1. Peer's state: 7942a5ba-8ac7-43cd-836c-4cecbcf2a1fa@group-1793C2F8585F:t1, leader=null, voted=null, raftlog=7942a5ba-8ac7-43cd-836c-4cecbcf2a1fa@group-1793C2F8585F-SegmentedRaftLog:OPENED:c-1, conf=-1: [ecb94700-366d-4f8f-9ef6-8d2101749b07|rpc:10.1.0.39:40543|dataStream:|priority:0, 69705e4e-5185-49eb-bab0-a05722fc70d0|rpc:10.1.0.39:33255|dataStream:|priority:0, 7942a5ba-8ac7-43cd-836c-4cecbcf2a1fa|rpc:10.1.0.39:42241|dataStream:|priority:1], old=null
2021-12-06 20:43:08,387 [69705e4e-5185-49eb-bab0-a05722fc70d0@group-1793C2F8585F-LeaderElection6] INFO  impl.LeaderElection (LeaderElection.java:logAndReturn(89)) - 69705e4e-5185-49eb-bab0-a05722fc70d0@group-1793C2F8585F-LeaderElection6: ELECTION REJECTED received 2 response(s) and 0 exception(s):
2021-12-06 20:43:08,388 [69705e4e-5185-49eb-bab0-a05722fc70d0@group-1793C2F8585F-LeaderElection6] INFO  impl.LeaderElection (LeaderElection.java:logAndReturn(93)) -   Response 0: 69705e4e-5185-49eb-bab0-a05722fc70d0<-ecb94700-366d-4f8f-9ef6-8d2101749b07#0:OK-t1
2021-12-06 20:43:08,388 [69705e4e-5185-49eb-bab0-a05722fc70d0@group-1793C2F8585F-LeaderElection6] INFO  impl.LeaderElection (LeaderElection.java:logAndReturn(93)) -   Response 1: 69705e4e-5185-49eb-bab0-a05722fc70d0<-7942a5ba-8ac7-43cd-836c-4cecbcf2a1fa#0:FAIL-t1
2021-12-06 20:43:08,388 [69705e4e-5185-49eb-bab0-a05722fc70d0@group-1793C2F8585F-LeaderElection6] INFO  impl.LeaderElection (LeaderElection.java:askForVotes(308)) - 69705e4e-5185-49eb-bab0-a05722fc70d0@group-1793C2F8585F-LeaderElection6 ELECTION round 0: result REJECTED
2021-12-06 20:43:08,388 [69705e4e-5185-49eb-bab0-a05722fc70d0@group-1793C2F8585F-LeaderElection6] INFO  server.RaftServer$Division (RaftServerImpl.java:setRole(290)) - 69705e4e-5185-49eb-bab0-a05722fc70d0@group-1793C2F8585F: changes role from CANDIDATE to FOLLOWER at term 1 for REJECTED
2021-12-06 20:43:08,388 [69705e4e-5185-49eb-bab0-a05722fc70d0@group-1793C2F8585F-LeaderElection6] INFO  impl.RoleInfo (RoleInfo.java:shutdownLeaderElection(121)) - 69705e4e-5185-49eb-bab0-a05722fc70d0: shutdown 69705e4e-5185-49eb-bab0-a05722fc70d0@group-1793C2F8585F-LeaderElection6
2021-12-06 20:43:08,389 [69705e4e-5185-49eb-bab0-a05722fc70d0@group-1793C2F8585F-LeaderElection6] INFO  impl.RoleInfo (RoleInfo.java:updateAndGet(130)) - 69705e4e-5185-49eb-bab0-a05722fc70d0: start 69705e4e-5185-49eb-bab0-a05722fc70d0@group-1793C2F8585F-FollowerState
2021-12-06 20:43:08,600 [Listener at 127.0.0.1/10944] INFO  ozone.MiniOzoneClusterImpl (MiniOzoneClusterImpl.java:lambda$waitForClusterToBeReady$0(235)) - Nodes are ready. Got 3 of 3 DN Heartbeats.
2021-12-06 20:43:08,602 [Listener at 127.0.0.1/10944] INFO  ozone.MiniOzoneClusterImpl (MiniOzoneClusterImpl.java:lambda$waitForClusterToBeReady$0(238)) - Waiting for cluster to exit safe mode
2021-12-06 20:43:08,602 [Listener at 127.0.0.1/10944] INFO  ozone.MiniOzoneClusterImpl (MiniOzoneClusterImpl.java:lambda$waitForClusterToBeReady$0(240)) - SCM became leader
2021-12-06 20:43:08,616 [7942a5ba-8ac7-43cd-836c-4cecbcf2a1fa@group-E85243144233-FollowerState] INFO  impl.FollowerState (FollowerState.java:run(134)) - 7942a5ba-8ac7-43cd-836c-4cecbcf2a1fa@group-E85243144233-FollowerState: change to CANDIDATE, lastRpcElapsedTime:5121047784ns, electionTimeout:5100ms
2021-12-06 20:43:08,616 [7942a5ba-8ac7-43cd-836c-4cecbcf2a1fa@group-E85243144233-FollowerState] INFO  impl.RoleInfo (RoleInfo.java:shutdownFollowerState(108)) - 7942a5ba-8ac7-43cd-836c-4cecbcf2a1fa: shutdown 7942a5ba-8ac7-43cd-836c-4cecbcf2a1fa@group-E85243144233-FollowerState
2021-12-06 20:43:08,616 [7942a5ba-8ac7-43cd-836c-4cecbcf2a1fa@group-E85243144233-FollowerState] INFO  server.RaftServer$Division (RaftServerImpl.java:setRole(290)) - 7942a5ba-8ac7-43cd-836c-4cecbcf2a1fa@group-E85243144233: changes role from  FOLLOWER to CANDIDATE at term 0 for changeToCandidate
2021-12-06 20:43:08,616 [7942a5ba-8ac7-43cd-836c-4cecbcf2a1fa@group-E85243144233-FollowerState] INFO  server.RaftServerConfigKeys (ConfUtils.java:logGet(44)) - raft.server.leaderelection.pre-vote = false (custom)
2021-12-06 20:43:08,616 [7942a5ba-8ac7-43cd-836c-4cecbcf2a1fa@group-E85243144233-FollowerState] INFO  impl.RoleInfo (RoleInfo.java:updateAndGet(130)) - 7942a5ba-8ac7-43cd-836c-4cecbcf2a1fa: start 7942a5ba-8ac7-43cd-836c-4cecbcf2a1fa@group-E85243144233-LeaderElection7
2021-12-06 20:43:08,623 [7942a5ba-8ac7-43cd-836c-4cecbcf2a1fa@group-E85243144233-LeaderElection7] INFO  impl.LeaderElection (LeaderElection.java:askForVotes(306)) - 7942a5ba-8ac7-43cd-836c-4cecbcf2a1fa@group-E85243144233-LeaderElection7 ELECTION round 0: submit vote requests at term 1 for -1: [ecb94700-366d-4f8f-9ef6-8d2101749b07|rpc:10.1.0.39:40543|priority:0, 69705e4e-5185-49eb-bab0-a05722fc70d0|rpc:10.1.0.39:33255|priority:1, 7942a5ba-8ac7-43cd-836c-4cecbcf2a1fa|rpc:10.1.0.39:42241|priority:0], old=null
2021-12-06 20:43:08,635 [grpc-default-executor-3] INFO  server.RaftServer$Division (RaftServerImpl.java:requestVote(1046)) - 69705e4e-5185-49eb-bab0-a05722fc70d0@group-E85243144233: receive requestVote(ELECTION, 7942a5ba-8ac7-43cd-836c-4cecbcf2a1fa, group-E85243144233, 1, (t:0, i:0))
2021-12-06 20:43:08,635 [grpc-default-executor-3] INFO  impl.VoteContext (VoteContext.java:log(48)) - 69705e4e-5185-49eb-bab0-a05722fc70d0@group-E85243144233-FOLLOWER: reject ELECTION from 7942a5ba-8ac7-43cd-836c-4cecbcf2a1fa: our priority 1 > candidate's priority 0
2021-12-06 20:43:08,635 [grpc-default-executor-3] INFO  server.RaftServer$Division (RaftServerImpl.java:setRole(290)) - 69705e4e-5185-49eb-bab0-a05722fc70d0@group-E85243144233: changes role from  FOLLOWER to FOLLOWER at term 1 for candidate:7942a5ba-8ac7-43cd-836c-4cecbcf2a1fa
2021-12-06 20:43:08,635 [grpc-default-executor-3] INFO  impl.RoleInfo (RoleInfo.java:shutdownFollowerState(108)) - 69705e4e-5185-49eb-bab0-a05722fc70d0: shutdown 69705e4e-5185-49eb-bab0-a05722fc70d0@group-E85243144233-FollowerState
2021-12-06 20:43:08,635 [grpc-default-executor-3] INFO  impl.RoleInfo (RoleInfo.java:updateAndGet(130)) - 69705e4e-5185-49eb-bab0-a05722fc70d0: start 69705e4e-5185-49eb-bab0-a05722fc70d0@group-E85243144233-FollowerState
2021-12-06 20:43:08,635 [69705e4e-5185-49eb-bab0-a05722fc70d0@group-E85243144233-FollowerState] INFO  impl.FollowerState (FollowerState.java:run(143)) - 69705e4e-5185-49eb-bab0-a05722fc70d0@group-E85243144233-FollowerState was interrupted: {}
java.lang.InterruptedException: sleep interrupted
	at java.lang.Thread.sleep(Native Method)
	at java.lang.Thread.sleep(Thread.java:340)
	at java.util.concurrent.TimeUnit.sleep(TimeUnit.java:386)
	at org.apache.ratis.util.TimeDuration.sleep(TimeDuration.java:324)
	at org.apache.ratis.util.TimeDuration.sleep(TimeDuration.java:309)
	at org.apache.ratis.server.impl.FollowerState.run(FollowerState.java:118)
2021-12-06 20:43:08,640 [7942a5ba-8ac7-43cd-836c-4cecbcf2a1fa@group-D9CBE1E7826C-FollowerState] INFO  impl.FollowerState (FollowerState.java:run(134)) - 7942a5ba-8ac7-43cd-836c-4cecbcf2a1fa@group-D9CBE1E7826C-FollowerState: change to CANDIDATE, lastRpcElapsedTime:5192494558ns, electionTimeout:5184ms
2021-12-06 20:43:08,641 [7942a5ba-8ac7-43cd-836c-4cecbcf2a1fa@group-D9CBE1E7826C-FollowerState] INFO  impl.RoleInfo (RoleInfo.java:shutdownFollowerState(108)) - 7942a5ba-8ac7-43cd-836c-4cecbcf2a1fa: shutdown 7942a5ba-8ac7-43cd-836c-4cecbcf2a1fa@group-D9CBE1E7826C-FollowerState
2021-12-06 20:43:08,641 [7942a5ba-8ac7-43cd-836c-4cecbcf2a1fa@group-D9CBE1E7826C-FollowerState] INFO  server.RaftServer$Division (RaftServerImpl.java:setRole(290)) - 7942a5ba-8ac7-43cd-836c-4cecbcf2a1fa@group-D9CBE1E7826C: changes role from  FOLLOWER to CANDIDATE at term 0 for changeToCandidate
2021-12-06 20:43:08,641 [7942a5ba-8ac7-43cd-836c-4cecbcf2a1fa@group-D9CBE1E7826C-FollowerState] INFO  server.RaftServerConfigKeys (ConfUtils.java:logGet(44)) - raft.server.leaderelection.pre-vote = false (custom)
2021-12-06 20:43:08,641 [7942a5ba-8ac7-43cd-836c-4cecbcf2a1fa@group-D9CBE1E7826C-FollowerState] INFO  impl.RoleInfo (RoleInfo.java:updateAndGet(130)) - 7942a5ba-8ac7-43cd-836c-4cecbcf2a1fa: start 7942a5ba-8ac7-43cd-836c-4cecbcf2a1fa@group-D9CBE1E7826C-LeaderElection8
2021-12-06 20:43:08,642 [grpc-default-executor-3] INFO  server.RaftServer$Division (RaftServerImpl.java:requestVote(1078)) - 69705e4e-5185-49eb-bab0-a05722fc70d0@group-E85243144233 replies to ELECTION vote request: 7942a5ba-8ac7-43cd-836c-4cecbcf2a1fa<-69705e4e-5185-49eb-bab0-a05722fc70d0#0:FAIL-t1. Peer's state: 69705e4e-5185-49eb-bab0-a05722fc70d0@group-E85243144233:t1, leader=null, voted=null, raftlog=69705e4e-5185-49eb-bab0-a05722fc70d0@group-E85243144233-SegmentedRaftLog:OPENED:c-1, conf=-1: [ecb94700-366d-4f8f-9ef6-8d2101749b07|rpc:10.1.0.39:40543|priority:0, 69705e4e-5185-49eb-bab0-a05722fc70d0|rpc:10.1.0.39:33255|priority:1, 7942a5ba-8ac7-43cd-836c-4cecbcf2a1fa|rpc:10.1.0.39:42241|priority:0], old=null
2021-12-06 20:43:08,648 [7942a5ba-8ac7-43cd-836c-4cecbcf2a1fa@group-E85243144233-LeaderElection7] INFO  impl.LeaderElection (LeaderElection.java:logAndReturn(89)) - 7942a5ba-8ac7-43cd-836c-4cecbcf2a1fa@group-E85243144233-LeaderElection7: ELECTION REJECTED received 1 response(s) and 0 exception(s):
2021-12-06 20:43:08,648 [grpc-default-executor-3] INFO  server.RaftServer$Division (RaftServerImpl.java:requestVote(1046)) - ecb94700-366d-4f8f-9ef6-8d2101749b07@group-E85243144233: receive requestVote(ELECTION, 7942a5ba-8ac7-43cd-836c-4cecbcf2a1fa, group-E85243144233, 1, (t:0, i:0))
2021-12-06 20:43:08,649 [grpc-default-executor-3] INFO  impl.VoteContext (VoteContext.java:log(48)) - ecb94700-366d-4f8f-9ef6-8d2101749b07@group-E85243144233-FOLLOWER: accept ELECTION from 7942a5ba-8ac7-43cd-836c-4cecbcf2a1fa: our priority 0 <= candidate's priority 0
2021-12-06 20:43:08,649 [grpc-default-executor-3] INFO  server.RaftServer$Division (RaftServerImpl.java:setRole(290)) - ecb94700-366d-4f8f-9ef6-8d2101749b07@group-E85243144233: changes role from  FOLLOWER to FOLLOWER at term 1 for candidate:7942a5ba-8ac7-43cd-836c-4cecbcf2a1fa
2021-12-06 20:43:08,649 [grpc-default-executor-3] INFO  impl.RoleInfo (RoleInfo.java:shutdownFollowerState(108)) - ecb94700-366d-4f8f-9ef6-8d2101749b07: shutdown ecb94700-366d-4f8f-9ef6-8d2101749b07@group-E85243144233-FollowerState
2021-12-06 20:43:08,649 [grpc-default-executor-3] INFO  impl.RoleInfo (RoleInfo.java:updateAndGet(130)) - ecb94700-366d-4f8f-9ef6-8d2101749b07: start ecb94700-366d-4f8f-9ef6-8d2101749b07@group-E85243144233-FollowerState
2021-12-06 20:43:08,649 [ecb94700-366d-4f8f-9ef6-8d2101749b07@group-E85243144233-FollowerState] INFO  impl.FollowerState (FollowerState.java:run(143)) - ecb94700-366d-4f8f-9ef6-8d2101749b07@group-E85243144233-FollowerState was interrupted: {}
java.lang.InterruptedException: sleep interrupted
	at java.lang.Thread.sleep(Native Method)
	at java.lang.Thread.sleep(Thread.java:340)
	at java.util.concurrent.TimeUnit.sleep(TimeUnit.java:386)
	at org.apache.ratis.util.TimeDuration.sleep(TimeDuration.java:324)
	at org.apache.ratis.util.TimeDuration.sleep(TimeDuration.java:309)
	at org.apache.ratis.server.impl.FollowerState.run(FollowerState.java:118)
2021-12-06 20:43:08,648 [7942a5ba-8ac7-43cd-836c-4cecbcf2a1fa@group-E85243144233-LeaderElection7] INFO  impl.LeaderElection (LeaderElection.java:logAndReturn(93)) -   Response 0: 7942a5ba-8ac7-43cd-836c-4cecbcf2a1fa<-69705e4e-5185-49eb-bab0-a05722fc70d0#0:FAIL-t1
2021-12-06 20:43:08,650 [7942a5ba-8ac7-43cd-836c-4cecbcf2a1fa@group-E85243144233-LeaderElection7] INFO  impl.LeaderElection (LeaderElection.java:askForVotes(308)) - 7942a5ba-8ac7-43cd-836c-4cecbcf2a1fa@group-E85243144233-LeaderElection7 ELECTION round 0: result REJECTED
2021-12-06 20:43:08,650 [7942a5ba-8ac7-43cd-836c-4cecbcf2a1fa@group-E85243144233-LeaderElection7] INFO  server.RaftServer$Division (RaftServerImpl.java:setRole(290)) - 7942a5ba-8ac7-43cd-836c-4cecbcf2a1fa@group-E85243144233: changes role from CANDIDATE to FOLLOWER at term 1 for REJECTED
2021-12-06 20:43:08,650 [7942a5ba-8ac7-43cd-836c-4cecbcf2a1fa@group-E85243144233-LeaderElection7] INFO  impl.RoleInfo (RoleInfo.java:shutdownLeaderElection(121)) - 7942a5ba-8ac7-43cd-836c-4cecbcf2a1fa: shutdown 7942a5ba-8ac7-43cd-836c-4cecbcf2a1fa@group-E85243144233-LeaderElection7
2021-12-06 20:43:08,650 [7942a5ba-8ac7-43cd-836c-4cecbcf2a1fa@group-E85243144233-LeaderElection7] INFO  impl.RoleInfo (RoleInfo.java:updateAndGet(130)) - 7942a5ba-8ac7-43cd-836c-4cecbcf2a1fa: start 7942a5ba-8ac7-43cd-836c-4cecbcf2a1fa@group-E85243144233-FollowerState
2021-12-06 20:43:08,656 [grpc-default-executor-3] INFO  server.RaftServer$Division (RaftServerImpl.java:requestVote(1078)) - ecb94700-366d-4f8f-9ef6-8d2101749b07@group-E85243144233 replies to ELECTION vote request: 7942a5ba-8ac7-43cd-836c-4cecbcf2a1fa<-ecb94700-366d-4f8f-9ef6-8d2101749b07#0:OK-t1. Peer's state: ecb94700-366d-4f8f-9ef6-8d2101749b07@group-E85243144233:t1, leader=null, voted=7942a5ba-8ac7-43cd-836c-4cecbcf2a1fa, raftlog=ecb94700-366d-4f8f-9ef6-8d2101749b07@group-E85243144233-SegmentedRaftLog:OPENED:c-1, conf=-1: [ecb94700-366d-4f8f-9ef6-8d2101749b07|rpc:10.1.0.39:40543|dataStream:|priority:0, 69705e4e-5185-49eb-bab0-a05722fc70d0|rpc:10.1.0.39:33255|dataStream:|priority:1, 7942a5ba-8ac7-43cd-836c-4cecbcf2a1fa|rpc:10.1.0.39:42241|dataStream:|priority:0], old=null
2021-12-06 20:43:08,660 [7942a5ba-8ac7-43cd-836c-4cecbcf2a1fa@group-D9CBE1E7826C-LeaderElection8] INFO  impl.LeaderElection (LeaderElection.java:askForVotes(306)) - 7942a5ba-8ac7-43cd-836c-4cecbcf2a1fa@group-D9CBE1E7826C-LeaderElection8 ELECTION round 0: submit vote requests at term 1 for -1: [7942a5ba-8ac7-43cd-836c-4cecbcf2a1fa|rpc:10.1.0.39:42241|priority:1], old=null
2021-12-06 20:43:08,660 [7942a5ba-8ac7-43cd-836c-4cecbcf2a1fa@group-D9CBE1E7826C-LeaderElection8] INFO  impl.LeaderElection (LeaderElection.java:askForVotes(308)) - 7942a5ba-8ac7-43cd-836c-4cecbcf2a1fa@group-D9CBE1E7826C-LeaderElection8 ELECTION round 0: result PASSED (term=1)
2021-12-06 20:43:08,660 [7942a5ba-8ac7-43cd-836c-4cecbcf2a1fa@group-D9CBE1E7826C-LeaderElection8] INFO  impl.RoleInfo (RoleInfo.java:shutdownLeaderElection(121)) - 7942a5ba-8ac7-43cd-836c-4cecbcf2a1fa: shutdown 7942a5ba-8ac7-43cd-836c-4cecbcf2a1fa@group-D9CBE1E7826C-LeaderElection8
2021-12-06 20:43:08,660 [7942a5ba-8ac7-43cd-836c-4cecbcf2a1fa@group-D9CBE1E7826C-LeaderElection8] INFO  server.RaftServer$Division (RaftServerImpl.java:setRole(290)) - 7942a5ba-8ac7-43cd-836c-4cecbcf2a1fa@group-D9CBE1E7826C: changes role from CANDIDATE to LEADER at term 1 for changeToLeader
2021-12-06 20:43:08,661 [7942a5ba-8ac7-43cd-836c-4cecbcf2a1fa@group-D9CBE1E7826C-LeaderElection8] INFO  ratis.XceiverServerRatis (XceiverServerRatis.java:handleLeaderChangedNotification(866)) - Leader change notification received for group: group-D9CBE1E7826C with new leaderId: 7942a5ba-8ac7-43cd-836c-4cecbcf2a1fa
2021-12-06 20:43:08,661 [7942a5ba-8ac7-43cd-836c-4cecbcf2a1fa@group-D9CBE1E7826C-LeaderElection8] INFO  server.RaftServer$Division (ServerState.java:setLeader(285)) - 7942a5ba-8ac7-43cd-836c-4cecbcf2a1fa@group-D9CBE1E7826C: change Leader from null to 7942a5ba-8ac7-43cd-836c-4cecbcf2a1fa at term 1 for becomeLeader, leader elected after 5232ms
2021-12-06 20:43:08,661 [7942a5ba-8ac7-43cd-836c-4cecbcf2a1fa@group-D9CBE1E7826C-LeaderElection8] INFO  server.RaftServerConfigKeys (ConfUtils.java:logGet(44)) - raft.server.staging.catchup.gap = 1000 (default)
2021-12-06 20:43:08,661 [7942a5ba-8ac7-43cd-836c-4cecbcf2a1fa@group-D9CBE1E7826C-LeaderElection8] INFO  server.RaftServerConfigKeys (ConfUtils.java:logGet(44)) - raft.server.write.element-limit = 1024 (custom)
2021-12-06 20:43:08,661 [7942a5ba-8ac7-43cd-836c-4cecbcf2a1fa@group-D9CBE1E7826C-LeaderElection8] INFO  server.RaftServerConfigKeys (ConfUtils.java:logGet(44)) - raft.server.write.byte-limit = 1024 M (=1073741824) (custom)
2021-12-06 20:43:08,661 [7942a5ba-8ac7-43cd-836c-4cecbcf2a1fa@group-D9CBE1E7826C-LeaderElection8] INFO  server.RaftServerConfigKeys (ConfUtils.java:logGet(44)) - raft.server.watch.timeout = 180s (custom)
2021-12-06 20:43:08,662 [7942a5ba-8ac7-43cd-836c-4cecbcf2a1fa@group-D9CBE1E7826C-LeaderElection8] INFO  server.RaftServerConfigKeys (ConfUtils.java:logGet(44)) - raft.server.watch.timeout.denomination = 1s (default)
2021-12-06 20:43:08,662 [7942a5ba-8ac7-43cd-836c-4cecbcf2a1fa@group-D9CBE1E7826C-LeaderElection8] INFO  server.RaftServerConfigKeys (ConfUtils.java:logGet(44)) - raft.server.watch.element-limit = 65536 (default)
2021-12-06 20:43:08,662 [7942a5ba-8ac7-43cd-836c-4cecbcf2a1fa@group-D9CBE1E7826C-LeaderElection8] INFO  server.RaftServerConfigKeys (ConfUtils.java:logGet(44)) - raft.server.write.element-limit = 1024 (custom)
2021-12-06 20:43:08,663 [EventQueue-OpenPipelineForHealthyPipelineSafeModeRule] INFO  safemode.SCMSafeModeManager (HealthyPipelineSafeModeRule.java:process(124)) - SCM in safe mode. Healthy pipelines reported count is 0, required healthy pipeline reported count is 1
2021-12-06 20:43:08,668 [7942a5ba-8ac7-43cd-836c-4cecbcf2a1fa@group-D9CBE1E7826C-LeaderElection8] INFO  server.RaftServerConfigKeys (ConfUtils.java:logGet(44)) - raft.server.write.follower.gap.ratio.max = -1.0 (default)
2021-12-06 20:43:08,668 [7942a5ba-8ac7-43cd-836c-4cecbcf2a1fa@group-D9CBE1E7826C-LeaderElection8] INFO  impl.RoleInfo (RoleInfo.java:updateAndGet(130)) - 7942a5ba-8ac7-43cd-836c-4cecbcf2a1fa: start 7942a5ba-8ac7-43cd-836c-4cecbcf2a1fa@group-D9CBE1E7826C-LeaderStateImpl
2021-12-06 20:43:08,669 [7942a5ba-8ac7-43cd-836c-4cecbcf2a1fa@group-D9CBE1E7826C-LeaderElection8] INFO  segmented.SegmentedRaftLogWorker (SegmentedRaftLogWorker.java:startLogSegment(394)) - 7942a5ba-8ac7-43cd-836c-4cecbcf2a1fa@group-D9CBE1E7826C-SegmentedRaftLogWorker: Starting segment from index:0
2021-12-06 20:43:08,673 [7942a5ba-8ac7-43cd-836c-4cecbcf2a1fa@group-D9CBE1E7826C-SegmentedRaftLogWorker] INFO  segmented.SegmentedRaftLogWorker (SegmentedRaftLogWorker.java:execute(601)) - 7942a5ba-8ac7-43cd-836c-4cecbcf2a1fa@group-D9CBE1E7826C-SegmentedRaftLogWorker: created new log segment /home/runner/work/ozone/ozone/hadoop-ozone/integration-test/target/test-dir/MiniOzoneClusterImpl-1f2ada2d-a189-4e3f-a934-1db8589ac524/datanode-1/data/ratis/ee69ea83-f3e3-459a-947e-d9cbe1e7826c/current/log_inprogress_0
2021-12-06 20:43:08,680 [7942a5ba-8ac7-43cd-836c-4cecbcf2a1fa@group-D9CBE1E7826C-LeaderElection8] INFO  server.RaftServer$Division (ServerState.java:setRaftConf(387)) - 7942a5ba-8ac7-43cd-836c-4cecbcf2a1fa@group-D9CBE1E7826C: set configuration 0: [7942a5ba-8ac7-43cd-836c-4cecbcf2a1fa|rpc:10.1.0.39:42241|dataStream:|priority:1], old=null
2021-12-06 20:43:08,764 [ecb94700-366d-4f8f-9ef6-8d2101749b07@group-CFECCBF20BA9-FollowerState] INFO  impl.FollowerState (FollowerState.java:run(134)) - ecb94700-366d-4f8f-9ef6-8d2101749b07@group-CFECCBF20BA9-FollowerState: change to CANDIDATE, lastRpcElapsedTime:5138454252ns, electionTimeout:5136ms
2021-12-06 20:43:08,765 [ecb94700-366d-4f8f-9ef6-8d2101749b07@group-CFECCBF20BA9-FollowerState] INFO  impl.RoleInfo (RoleInfo.java:shutdownFollowerState(108)) - ecb94700-366d-4f8f-9ef6-8d2101749b07: shutdown ecb94700-366d-4f8f-9ef6-8d2101749b07@group-CFECCBF20BA9-FollowerState
2021-12-06 20:43:08,765 [ecb94700-366d-4f8f-9ef6-8d2101749b07@group-CFECCBF20BA9-FollowerState] INFO  server.RaftServer$Division (RaftServerImpl.java:setRole(290)) - ecb94700-366d-4f8f-9ef6-8d2101749b07@group-CFECCBF20BA9: changes role from  FOLLOWER to CANDIDATE at term 0 for changeToCandidate
2021-12-06 20:43:08,765 [ecb94700-366d-4f8f-9ef6-8d2101749b07@group-CFECCBF20BA9-FollowerState] INFO  server.RaftServerConfigKeys (ConfUtils.java:logGet(44)) - raft.server.leaderelection.pre-vote = false (custom)
2021-12-06 20:43:08,765 [ecb94700-366d-4f8f-9ef6-8d2101749b07@group-CFECCBF20BA9-FollowerState] INFO  impl.RoleInfo (RoleInfo.java:updateAndGet(130)) - ecb94700-366d-4f8f-9ef6-8d2101749b07: start ecb94700-366d-4f8f-9ef6-8d2101749b07@group-CFECCBF20BA9-LeaderElection9
2021-12-06 20:43:08,771 [ecb94700-366d-4f8f-9ef6-8d2101749b07@group-CFECCBF20BA9-LeaderElection9] INFO  impl.LeaderElection (LeaderElection.java:askForVotes(306)) - ecb94700-366d-4f8f-9ef6-8d2101749b07@group-CFECCBF20BA9-LeaderElection9 ELECTION round 0: submit vote requests at term 1 for -1: [ecb94700-366d-4f8f-9ef6-8d2101749b07|rpc:10.1.0.39:40543|priority:1], old=null
2021-12-06 20:43:08,771 [ecb94700-366d-4f8f-9ef6-8d2101749b07@group-CFECCBF20BA9-LeaderElection9] INFO  impl.LeaderElection (LeaderElection.java:askForVotes(308)) - ecb94700-366d-4f8f-9ef6-8d2101749b07@group-CFECCBF20BA9-LeaderElection9 ELECTION round 0: result PASSED (term=1)
2021-12-06 20:43:08,771 [ecb94700-366d-4f8f-9ef6-8d2101749b07@group-CFECCBF20BA9-LeaderElection9] INFO  impl.RoleInfo (RoleInfo.java:shutdownLeaderElection(121)) - ecb94700-366d-4f8f-9ef6-8d2101749b07: shutdown ecb94700-366d-4f8f-9ef6-8d2101749b07@group-CFECCBF20BA9-LeaderElection9
2021-12-06 20:43:08,771 [ecb94700-366d-4f8f-9ef6-8d2101749b07@group-CFECCBF20BA9-LeaderElection9] INFO  server.RaftServer$Division (RaftServerImpl.java:setRole(290)) - ecb94700-366d-4f8f-9ef6-8d2101749b07@group-CFECCBF20BA9: changes role from CANDIDATE to LEADER at term 1 for changeToLeader
2021-12-06 20:43:08,771 [ecb94700-366d-4f8f-9ef6-8d2101749b07@group-CFECCBF20BA9-LeaderElection9] INFO  ratis.XceiverServerRatis (XceiverServerRatis.java:handleLeaderChangedNotification(866)) - Leader change notification received for group: group-CFECCBF20BA9 with new leaderId: ecb94700-366d-4f8f-9ef6-8d2101749b07
2021-12-06 20:43:08,771 [ecb94700-366d-4f8f-9ef6-8d2101749b07@group-CFECCBF20BA9-LeaderElection9] INFO  server.RaftServer$Division (ServerState.java:setLeader(285)) - ecb94700-366d-4f8f-9ef6-8d2101749b07@group-CFECCBF20BA9: change Leader from null to ecb94700-366d-4f8f-9ef6-8d2101749b07 at term 1 for becomeLeader, leader elected after 5156ms
2021-12-06 20:43:08,771 [ecb94700-366d-4f8f-9ef6-8d2101749b07@group-CFECCBF20BA9-LeaderElection9] INFO  server.RaftServerConfigKeys (ConfUtils.java:logGet(44)) - raft.server.staging.catchup.gap = 1000 (default)
2021-12-06 20:43:08,772 [ecb94700-366d-4f8f-9ef6-8d2101749b07@group-CFECCBF20BA9-LeaderElection9] INFO  server.RaftServerConfigKeys (ConfUtils.java:logGet(44)) - raft.server.write.element-limit = 1024 (custom)
2021-12-06 20:43:08,772 [ecb94700-366d-4f8f-9ef6-8d2101749b07@group-CFECCBF20BA9-LeaderElection9] INFO  server.RaftServerConfigKeys (ConfUtils.java:logGet(44)) - raft.server.write.byte-limit = 1024 M (=1073741824) (custom)
2021-12-06 20:43:08,773 [ecb94700-366d-4f8f-9ef6-8d2101749b07@group-CFECCBF20BA9-LeaderElection9] INFO  server.RaftServerConfigKeys (ConfUtils.java:logGet(44)) - raft.server.watch.timeout = 180s (custom)
2021-12-06 20:43:08,773 [ecb94700-366d-4f8f-9ef6-8d2101749b07@group-CFECCBF20BA9-LeaderElection9] INFO  server.RaftServerConfigKeys (ConfUtils.java:logGet(44)) - raft.server.watch.timeout.denomination = 1s (default)
2021-12-06 20:43:08,773 [ecb94700-366d-4f8f-9ef6-8d2101749b07@group-CFECCBF20BA9-LeaderElection9] INFO  server.RaftServerConfigKeys (ConfUtils.java:logGet(44)) - raft.server.watch.element-limit = 65536 (default)
2021-12-06 20:43:08,773 [ecb94700-366d-4f8f-9ef6-8d2101749b07@group-CFECCBF20BA9-LeaderElection9] INFO  server.RaftServerConfigKeys (ConfUtils.java:logGet(44)) - raft.server.write.element-limit = 1024 (custom)
2021-12-06 20:43:08,773 [ecb94700-366d-4f8f-9ef6-8d2101749b07@group-CFECCBF20BA9-LeaderElection9] INFO  server.RaftServerConfigKeys (ConfUtils.java:logGet(44)) - raft.server.write.follower.gap.ratio.max = -1.0 (default)
2021-12-06 20:43:08,775 [ecb94700-366d-4f8f-9ef6-8d2101749b07@group-CFECCBF20BA9-LeaderElection9] INFO  impl.RoleInfo (RoleInfo.java:updateAndGet(130)) - ecb94700-366d-4f8f-9ef6-8d2101749b07: start ecb94700-366d-4f8f-9ef6-8d2101749b07@group-CFECCBF20BA9-LeaderStateImpl
2021-12-06 20:43:08,774 [EventQueue-OpenPipelineForHealthyPipelineSafeModeRule] INFO  safemode.SCMSafeModeManager (HealthyPipelineSafeModeRule.java:process(124)) - SCM in safe mode. Healthy pipelines reported count is 0, required healthy pipeline reported count is 1
2021-12-06 20:43:08,776 [ecb94700-366d-4f8f-9ef6-8d2101749b07@group-CFECCBF20BA9-LeaderElection9] INFO  segmented.SegmentedRaftLogWorker (SegmentedRaftLogWorker.java:startLogSegment(394)) - ecb94700-366d-4f8f-9ef6-8d2101749b07@group-CFECCBF20BA9-SegmentedRaftLogWorker: Starting segment from index:0
2021-12-06 20:43:08,780 [ecb94700-366d-4f8f-9ef6-8d2101749b07@group-CFECCBF20BA9-LeaderElection9] INFO  server.RaftServer$Division (ServerState.java:setRaftConf(387)) - ecb94700-366d-4f8f-9ef6-8d2101749b07@group-CFECCBF20BA9: set configuration 0: [ecb94700-366d-4f8f-9ef6-8d2101749b07|rpc:10.1.0.39:40543|dataStream:|priority:1], old=null
2021-12-06 20:43:08,780 [ecb94700-366d-4f8f-9ef6-8d2101749b07@group-CFECCBF20BA9-SegmentedRaftLogWorker] INFO  segmented.SegmentedRaftLogWorker (SegmentedRaftLogWorker.java:execute(601)) - ecb94700-366d-4f8f-9ef6-8d2101749b07@group-CFECCBF20BA9-SegmentedRaftLogWorker: created new log segment /home/runner/work/ozone/ozone/hadoop-ozone/integration-test/target/test-dir/MiniOzoneClusterImpl-1f2ada2d-a189-4e3f-a934-1db8589ac524/datanode-2/data/ratis/3ace8e71-a1c5-4783-8db8-cfeccbf20ba9/current/log_inprogress_0
2021-12-06 20:43:09,602 [Listener at 127.0.0.1/10944] INFO  ozone.MiniOzoneClusterImpl (MiniOzoneClusterImpl.java:lambda$waitForClusterToBeReady$0(235)) - Nodes are ready. Got 3 of 3 DN Heartbeats.
2021-12-06 20:43:09,602 [Listener at 127.0.0.1/10944] INFO  ozone.MiniOzoneClusterImpl (MiniOzoneClusterImpl.java:lambda$waitForClusterToBeReady$0(238)) - Waiting for cluster to exit safe mode
2021-12-06 20:43:09,602 [Listener at 127.0.0.1/10944] INFO  ozone.MiniOzoneClusterImpl (MiniOzoneClusterImpl.java:lambda$waitForClusterToBeReady$0(240)) - SCM became leader
2021-12-06 20:43:10,603 [Listener at 127.0.0.1/10944] INFO  ozone.MiniOzoneClusterImpl (MiniOzoneClusterImpl.java:lambda$waitForClusterToBeReady$0(235)) - Nodes are ready. Got 3 of 3 DN Heartbeats.
2021-12-06 20:43:10,603 [Listener at 127.0.0.1/10944] INFO  ozone.MiniOzoneClusterImpl (MiniOzoneClusterImpl.java:lambda$waitForClusterToBeReady$0(238)) - Waiting for cluster to exit safe mode
2021-12-06 20:43:10,603 [Listener at 127.0.0.1/10944] INFO  ozone.MiniOzoneClusterImpl (MiniOzoneClusterImpl.java:lambda$waitForClusterToBeReady$0(240)) - SCM became leader
2021-12-06 20:43:11,604 [Listener at 127.0.0.1/10944] INFO  ozone.MiniOzoneClusterImpl (MiniOzoneClusterImpl.java:lambda$waitForClusterToBeReady$0(235)) - Nodes are ready. Got 3 of 3 DN Heartbeats.
2021-12-06 20:43:11,604 [Listener at 127.0.0.1/10944] INFO  ozone.MiniOzoneClusterImpl (MiniOzoneClusterImpl.java:lambda$waitForClusterToBeReady$0(238)) - Waiting for cluster to exit safe mode
2021-12-06 20:43:11,604 [Listener at 127.0.0.1/10944] INFO  ozone.MiniOzoneClusterImpl (MiniOzoneClusterImpl.java:lambda$waitForClusterToBeReady$0(240)) - SCM became leader
2021-12-06 20:43:12,604 [Listener at 127.0.0.1/10944] INFO  ozone.MiniOzoneClusterImpl (MiniOzoneClusterImpl.java:lambda$waitForClusterToBeReady$0(235)) - Nodes are ready. Got 3 of 3 DN Heartbeats.
2021-12-06 20:43:12,604 [Listener at 127.0.0.1/10944] INFO  ozone.MiniOzoneClusterImpl (MiniOzoneClusterImpl.java:lambda$waitForClusterToBeReady$0(238)) - Waiting for cluster to exit safe mode
2021-12-06 20:43:12,605 [Listener at 127.0.0.1/10944] INFO  ozone.MiniOzoneClusterImpl (MiniOzoneClusterImpl.java:lambda$waitForClusterToBeReady$0(240)) - SCM became leader
2021-12-06 20:43:13,473 [ecb94700-366d-4f8f-9ef6-8d2101749b07@group-1793C2F8585F-FollowerState] INFO  impl.FollowerState (FollowerState.java:run(134)) - ecb94700-366d-4f8f-9ef6-8d2101749b07@group-1793C2F8585F-FollowerState: change to CANDIDATE, lastRpcElapsedTime:5088326788ns, electionTimeout:5088ms
2021-12-06 20:43:13,474 [ecb94700-366d-4f8f-9ef6-8d2101749b07@group-1793C2F8585F-FollowerState] INFO  impl.RoleInfo (RoleInfo.java:shutdownFollowerState(108)) - ecb94700-366d-4f8f-9ef6-8d2101749b07: shutdown ecb94700-366d-4f8f-9ef6-8d2101749b07@group-1793C2F8585F-FollowerState
2021-12-06 20:43:13,474 [ecb94700-366d-4f8f-9ef6-8d2101749b07@group-1793C2F8585F-FollowerState] INFO  server.RaftServer$Division (RaftServerImpl.java:setRole(290)) - ecb94700-366d-4f8f-9ef6-8d2101749b07@group-1793C2F8585F: changes role from  FOLLOWER to CANDIDATE at term 1 for changeToCandidate
2021-12-06 20:43:13,474 [ecb94700-366d-4f8f-9ef6-8d2101749b07@group-1793C2F8585F-FollowerState] INFO  server.RaftServerConfigKeys (ConfUtils.java:logGet(44)) - raft.server.leaderelection.pre-vote = false (custom)
2021-12-06 20:43:13,474 [ecb94700-366d-4f8f-9ef6-8d2101749b07@group-1793C2F8585F-FollowerState] INFO  impl.RoleInfo (RoleInfo.java:updateAndGet(130)) - ecb94700-366d-4f8f-9ef6-8d2101749b07: start ecb94700-366d-4f8f-9ef6-8d2101749b07@group-1793C2F8585F-LeaderElection10
2021-12-06 20:43:13,477 [ecb94700-366d-4f8f-9ef6-8d2101749b07@group-1793C2F8585F-LeaderElection10] INFO  impl.LeaderElection (LeaderElection.java:askForVotes(306)) - ecb94700-366d-4f8f-9ef6-8d2101749b07@group-1793C2F8585F-LeaderElection10 ELECTION round 0: submit vote requests at term 2 for -1: [ecb94700-366d-4f8f-9ef6-8d2101749b07|rpc:10.1.0.39:40543|dataStream:|priority:0, 69705e4e-5185-49eb-bab0-a05722fc70d0|rpc:10.1.0.39:33255|dataStream:|priority:0, 7942a5ba-8ac7-43cd-836c-4cecbcf2a1fa|rpc:10.1.0.39:42241|dataStream:|priority:1], old=null
2021-12-06 20:43:13,497 [grpc-default-executor-1] INFO  server.RaftServer$Division (RaftServerImpl.java:requestVote(1046)) - 7942a5ba-8ac7-43cd-836c-4cecbcf2a1fa@group-1793C2F8585F: receive requestVote(ELECTION, ecb94700-366d-4f8f-9ef6-8d2101749b07, group-1793C2F8585F, 2, (t:0, i:0))
2021-12-06 20:43:13,498 [grpc-default-executor-1] INFO  impl.VoteContext (VoteContext.java:log(48)) - 7942a5ba-8ac7-43cd-836c-4cecbcf2a1fa@group-1793C2F8585F-FOLLOWER: reject ELECTION from ecb94700-366d-4f8f-9ef6-8d2101749b07: our priority 1 > candidate's priority 0
2021-12-06 20:43:13,498 [grpc-default-executor-1] INFO  server.RaftServer$Division (RaftServerImpl.java:setRole(290)) - 7942a5ba-8ac7-43cd-836c-4cecbcf2a1fa@group-1793C2F8585F: changes role from  FOLLOWER to FOLLOWER at term 2 for candidate:ecb94700-366d-4f8f-9ef6-8d2101749b07
2021-12-06 20:43:13,498 [grpc-default-executor-1] INFO  impl.RoleInfo (RoleInfo.java:shutdownFollowerState(108)) - 7942a5ba-8ac7-43cd-836c-4cecbcf2a1fa: shutdown 7942a5ba-8ac7-43cd-836c-4cecbcf2a1fa@group-1793C2F8585F-FollowerState
2021-12-06 20:43:13,498 [grpc-default-executor-1] INFO  impl.RoleInfo (RoleInfo.java:updateAndGet(130)) - 7942a5ba-8ac7-43cd-836c-4cecbcf2a1fa: start 7942a5ba-8ac7-43cd-836c-4cecbcf2a1fa@group-1793C2F8585F-FollowerState
2021-12-06 20:43:13,498 [7942a5ba-8ac7-43cd-836c-4cecbcf2a1fa@group-1793C2F8585F-FollowerState] INFO  impl.FollowerState (FollowerState.java:run(143)) - 7942a5ba-8ac7-43cd-836c-4cecbcf2a1fa@group-1793C2F8585F-FollowerState was interrupted: {}
java.lang.InterruptedException: sleep interrupted
	at java.lang.Thread.sleep(Native Method)
	at java.lang.Thread.sleep(Thread.java:340)
	at java.util.concurrent.TimeUnit.sleep(TimeUnit.java:386)
	at org.apache.ratis.util.TimeDuration.sleep(TimeDuration.java:324)
	at org.apache.ratis.util.TimeDuration.sleep(TimeDuration.java:309)
	at org.apache.ratis.server.impl.FollowerState.run(FollowerState.java:118)
2021-12-06 20:43:13,502 [grpc-default-executor-1] INFO  server.RaftServer$Division (RaftServerImpl.java:requestVote(1078)) - 7942a5ba-8ac7-43cd-836c-4cecbcf2a1fa@group-1793C2F8585F replies to ELECTION vote request: ecb94700-366d-4f8f-9ef6-8d2101749b07<-7942a5ba-8ac7-43cd-836c-4cecbcf2a1fa#0:FAIL-t2. Peer's state: 7942a5ba-8ac7-43cd-836c-4cecbcf2a1fa@group-1793C2F8585F:t2, leader=null, voted=null, raftlog=7942a5ba-8ac7-43cd-836c-4cecbcf2a1fa@group-1793C2F8585F-SegmentedRaftLog:OPENED:c-1, conf=-1: [ecb94700-366d-4f8f-9ef6-8d2101749b07|rpc:10.1.0.39:40543|dataStream:|priority:0, 69705e4e-5185-49eb-bab0-a05722fc70d0|rpc:10.1.0.39:33255|dataStream:|priority:0, 7942a5ba-8ac7-43cd-836c-4cecbcf2a1fa|rpc:10.1.0.39:42241|dataStream:|priority:1], old=null
2021-12-06 20:43:13,502 [grpc-default-executor-4] INFO  server.RaftServer$Division (RaftServerImpl.java:requestVote(1046)) - 69705e4e-5185-49eb-bab0-a05722fc70d0@group-1793C2F8585F: receive requestVote(ELECTION, ecb94700-366d-4f8f-9ef6-8d2101749b07, group-1793C2F8585F, 2, (t:0, i:0))
2021-12-06 20:43:13,502 [grpc-default-executor-4] INFO  impl.VoteContext (VoteContext.java:log(48)) - 69705e4e-5185-49eb-bab0-a05722fc70d0@group-1793C2F8585F-FOLLOWER: accept ELECTION from ecb94700-366d-4f8f-9ef6-8d2101749b07: our priority 0 <= candidate's priority 0
2021-12-06 20:43:13,502 [grpc-default-executor-4] INFO  server.RaftServer$Division (RaftServerImpl.java:setRole(290)) - 69705e4e-5185-49eb-bab0-a05722fc70d0@group-1793C2F8585F: changes role from  FOLLOWER to FOLLOWER at term 2 for candidate:ecb94700-366d-4f8f-9ef6-8d2101749b07
2021-12-06 20:43:13,502 [grpc-default-executor-4] INFO  impl.RoleInfo (RoleInfo.java:shutdownFollowerState(108)) - 69705e4e-5185-49eb-bab0-a05722fc70d0: shutdown 69705e4e-5185-49eb-bab0-a05722fc70d0@group-1793C2F8585F-FollowerState
2021-12-06 20:43:13,502 [grpc-default-executor-4] INFO  impl.RoleInfo (RoleInfo.java:updateAndGet(130)) - 69705e4e-5185-49eb-bab0-a05722fc70d0: start 69705e4e-5185-49eb-bab0-a05722fc70d0@group-1793C2F8585F-FollowerState
2021-12-06 20:43:13,502 [69705e4e-5185-49eb-bab0-a05722fc70d0@group-1793C2F8585F-FollowerState] INFO  impl.FollowerState (FollowerState.java:run(143)) - 69705e4e-5185-49eb-bab0-a05722fc70d0@group-1793C2F8585F-FollowerState was interrupted: {}
java.lang.InterruptedException: sleep interrupted
	at java.lang.Thread.sleep(Native Method)
	at java.lang.Thread.sleep(Thread.java:340)
	at java.util.concurrent.TimeUnit.sleep(TimeUnit.java:386)
	at org.apache.ratis.util.TimeDuration.sleep(TimeDuration.java:324)
	at org.apache.ratis.util.TimeDuration.sleep(TimeDuration.java:309)
	at org.apache.ratis.server.impl.FollowerState.run(FollowerState.java:118)
2021-12-06 20:43:13,504 [grpc-default-executor-4] INFO  server.RaftServer$Division (RaftServerImpl.java:requestVote(1078)) - 69705e4e-5185-49eb-bab0-a05722fc70d0@group-1793C2F8585F replies to ELECTION vote request: ecb94700-366d-4f8f-9ef6-8d2101749b07<-69705e4e-5185-49eb-bab0-a05722fc70d0#0:OK-t2. Peer's state: 69705e4e-5185-49eb-bab0-a05722fc70d0@group-1793C2F8585F:t2, leader=null, voted=ecb94700-366d-4f8f-9ef6-8d2101749b07, raftlog=69705e4e-5185-49eb-bab0-a05722fc70d0@group-1793C2F8585F-SegmentedRaftLog:OPENED:c-1, conf=-1: [ecb94700-366d-4f8f-9ef6-8d2101749b07|rpc:10.1.0.39:40543|priority:0, 69705e4e-5185-49eb-bab0-a05722fc70d0|rpc:10.1.0.39:33255|priority:0, 7942a5ba-8ac7-43cd-836c-4cecbcf2a1fa|rpc:10.1.0.39:42241|priority:1], old=null
2021-12-06 20:43:13,512 [ecb94700-366d-4f8f-9ef6-8d2101749b07@group-1793C2F8585F-LeaderElection10] INFO  impl.LeaderElection (LeaderElection.java:logAndReturn(89)) - ecb94700-366d-4f8f-9ef6-8d2101749b07@group-1793C2F8585F-LeaderElection10: ELECTION REJECTED received 1 response(s) and 0 exception(s):
2021-12-06 20:43:13,512 [ecb94700-366d-4f8f-9ef6-8d2101749b07@group-1793C2F8585F-LeaderElection10] INFO  impl.LeaderElection (LeaderElection.java:logAndReturn(93)) -   Response 0: ecb94700-366d-4f8f-9ef6-8d2101749b07<-7942a5ba-8ac7-43cd-836c-4cecbcf2a1fa#0:FAIL-t2
2021-12-06 20:43:13,512 [ecb94700-366d-4f8f-9ef6-8d2101749b07@group-1793C2F8585F-LeaderElection10] INFO  impl.LeaderElection (LeaderElection.java:askForVotes(308)) - ecb94700-366d-4f8f-9ef6-8d2101749b07@group-1793C2F8585F-LeaderElection10 ELECTION round 0: result REJECTED
2021-12-06 20:43:13,512 [ecb94700-366d-4f8f-9ef6-8d2101749b07@group-1793C2F8585F-LeaderElection10] INFO  server.RaftServer$Division (RaftServerImpl.java:setRole(290)) - ecb94700-366d-4f8f-9ef6-8d2101749b07@group-1793C2F8585F: changes role from CANDIDATE to FOLLOWER at term 2 for REJECTED
2021-12-06 20:43:13,512 [ecb94700-366d-4f8f-9ef6-8d2101749b07@group-1793C2F8585F-LeaderElection10] INFO  impl.RoleInfo (RoleInfo.java:shutdownLeaderElection(121)) - ecb94700-366d-4f8f-9ef6-8d2101749b07: shutdown ecb94700-366d-4f8f-9ef6-8d2101749b07@group-1793C2F8585F-LeaderElection10
2021-12-06 20:43:13,512 [ecb94700-366d-4f8f-9ef6-8d2101749b07@group-1793C2F8585F-LeaderElection10] INFO  impl.RoleInfo (RoleInfo.java:updateAndGet(130)) - ecb94700-366d-4f8f-9ef6-8d2101749b07: start ecb94700-366d-4f8f-9ef6-8d2101749b07@group-1793C2F8585F-FollowerState
2021-12-06 20:43:13,605 [Listener at 127.0.0.1/10944] INFO  ozone.MiniOzoneClusterImpl (MiniOzoneClusterImpl.java:lambda$waitForClusterToBeReady$0(235)) - Nodes are ready. Got 3 of 3 DN Heartbeats.
2021-12-06 20:43:13,606 [Listener at 127.0.0.1/10944] INFO  ozone.MiniOzoneClusterImpl (MiniOzoneClusterImpl.java:lambda$waitForClusterToBeReady$0(238)) - Waiting for cluster to exit safe mode
2021-12-06 20:43:13,606 [Listener at 127.0.0.1/10944] INFO  ozone.MiniOzoneClusterImpl (MiniOzoneClusterImpl.java:lambda$waitForClusterToBeReady$0(240)) - SCM became leader
2021-12-06 20:43:13,679 [69705e4e-5185-49eb-bab0-a05722fc70d0@group-E85243144233-FollowerState] INFO  impl.FollowerState (FollowerState.java:run(134)) - 69705e4e-5185-49eb-bab0-a05722fc70d0@group-E85243144233-FollowerState: change to CANDIDATE, lastRpcElapsedTime:5043706874ns, electionTimeout:5037ms
2021-12-06 20:43:13,679 [69705e4e-5185-49eb-bab0-a05722fc70d0@group-E85243144233-FollowerState] INFO  impl.RoleInfo (RoleInfo.java:shutdownFollowerState(108)) - 69705e4e-5185-49eb-bab0-a05722fc70d0: shutdown 69705e4e-5185-49eb-bab0-a05722fc70d0@group-E85243144233-FollowerState
2021-12-06 20:43:13,679 [69705e4e-5185-49eb-bab0-a05722fc70d0@group-E85243144233-FollowerState] INFO  server.RaftServer$Division (RaftServerImpl.java:setRole(290)) - 69705e4e-5185-49eb-bab0-a05722fc70d0@group-E85243144233: changes role from  FOLLOWER to CANDIDATE at term 1 for changeToCandidate
2021-12-06 20:43:13,679 [69705e4e-5185-49eb-bab0-a05722fc70d0@group-E85243144233-FollowerState] INFO  server.RaftServerConfigKeys (ConfUtils.java:logGet(44)) - raft.server.leaderelection.pre-vote = false (custom)
2021-12-06 20:43:13,679 [69705e4e-5185-49eb-bab0-a05722fc70d0@group-E85243144233-FollowerState] INFO  impl.RoleInfo (RoleInfo.java:updateAndGet(130)) - 69705e4e-5185-49eb-bab0-a05722fc70d0: start 69705e4e-5185-49eb-bab0-a05722fc70d0@group-E85243144233-LeaderElection11
2021-12-06 20:43:13,681 [69705e4e-5185-49eb-bab0-a05722fc70d0@group-E85243144233-LeaderElection11] INFO  impl.LeaderElection (LeaderElection.java:askForVotes(306)) - 69705e4e-5185-49eb-bab0-a05722fc70d0@group-E85243144233-LeaderElection11 ELECTION round 0: submit vote requests at term 2 for -1: [ecb94700-366d-4f8f-9ef6-8d2101749b07|rpc:10.1.0.39:40543|priority:0, 69705e4e-5185-49eb-bab0-a05722fc70d0|rpc:10.1.0.39:33255|priority:1, 7942a5ba-8ac7-43cd-836c-4cecbcf2a1fa|rpc:10.1.0.39:42241|priority:0], old=null
2021-12-06 20:43:13,685 [grpc-default-executor-4] INFO  server.RaftServer$Division (RaftServerImpl.java:requestVote(1046)) - 7942a5ba-8ac7-43cd-836c-4cecbcf2a1fa@group-E85243144233: receive requestVote(ELECTION, 69705e4e-5185-49eb-bab0-a05722fc70d0, group-E85243144233, 2, (t:0, i:0))
2021-12-06 20:43:13,685 [grpc-default-executor-4] INFO  impl.VoteContext (VoteContext.java:log(48)) - 7942a5ba-8ac7-43cd-836c-4cecbcf2a1fa@group-E85243144233-FOLLOWER: accept ELECTION from 69705e4e-5185-49eb-bab0-a05722fc70d0: our priority 0 <= candidate's priority 1
2021-12-06 20:43:13,685 [grpc-default-executor-4] INFO  server.RaftServer$Division (RaftServerImpl.java:setRole(290)) - 7942a5ba-8ac7-43cd-836c-4cecbcf2a1fa@group-E85243144233: changes role from  FOLLOWER to FOLLOWER at term 2 for candidate:69705e4e-5185-49eb-bab0-a05722fc70d0
2021-12-06 20:43:13,685 [grpc-default-executor-4] INFO  impl.RoleInfo (RoleInfo.java:shutdownFollowerState(108)) - 7942a5ba-8ac7-43cd-836c-4cecbcf2a1fa: shutdown 7942a5ba-8ac7-43cd-836c-4cecbcf2a1fa@group-E85243144233-FollowerState
2021-12-06 20:43:13,685 [grpc-default-executor-4] INFO  impl.RoleInfo (RoleInfo.java:updateAndGet(130)) - 7942a5ba-8ac7-43cd-836c-4cecbcf2a1fa: start 7942a5ba-8ac7-43cd-836c-4cecbcf2a1fa@group-E85243144233-FollowerState
2021-12-06 20:43:13,685 [7942a5ba-8ac7-43cd-836c-4cecbcf2a1fa@group-E85243144233-FollowerState] INFO  impl.FollowerState (FollowerState.java:run(143)) - 7942a5ba-8ac7-43cd-836c-4cecbcf2a1fa@group-E85243144233-FollowerState was interrupted: {}
java.lang.InterruptedException: sleep interrupted
	at java.lang.Thread.sleep(Native Method)
	at java.lang.Thread.sleep(Thread.java:340)
	at java.util.concurrent.TimeUnit.sleep(TimeUnit.java:386)
	at org.apache.ratis.util.TimeDuration.sleep(TimeDuration.java:324)
	at org.apache.ratis.util.TimeDuration.sleep(TimeDuration.java:309)
	at org.apache.ratis.server.impl.FollowerState.run(FollowerState.java:118)
2021-12-06 20:43:13,690 [grpc-default-executor-4] INFO  server.RaftServer$Division (RaftServerImpl.java:requestVote(1078)) - 7942a5ba-8ac7-43cd-836c-4cecbcf2a1fa@group-E85243144233 replies to ELECTION vote request: 69705e4e-5185-49eb-bab0-a05722fc70d0<-7942a5ba-8ac7-43cd-836c-4cecbcf2a1fa#0:OK-t2. Peer's state: 7942a5ba-8ac7-43cd-836c-4cecbcf2a1fa@group-E85243144233:t2, leader=null, voted=69705e4e-5185-49eb-bab0-a05722fc70d0, raftlog=7942a5ba-8ac7-43cd-836c-4cecbcf2a1fa@group-E85243144233-SegmentedRaftLog:OPENED:c-1, conf=-1: [ecb94700-366d-4f8f-9ef6-8d2101749b07|rpc:10.1.0.39:40543|priority:0, 69705e4e-5185-49eb-bab0-a05722fc70d0|rpc:10.1.0.39:33255|priority:1, 7942a5ba-8ac7-43cd-836c-4cecbcf2a1fa|rpc:10.1.0.39:42241|priority:0], old=null
2021-12-06 20:43:13,690 [grpc-default-executor-1] INFO  server.RaftServer$Division (RaftServerImpl.java:requestVote(1046)) - ecb94700-366d-4f8f-9ef6-8d2101749b07@group-E85243144233: receive requestVote(ELECTION, 69705e4e-5185-49eb-bab0-a05722fc70d0, group-E85243144233, 2, (t:0, i:0))
2021-12-06 20:43:13,695 [grpc-default-executor-1] INFO  impl.VoteContext (VoteContext.java:log(48)) - ecb94700-366d-4f8f-9ef6-8d2101749b07@group-E85243144233-FOLLOWER: accept ELECTION from 69705e4e-5185-49eb-bab0-a05722fc70d0: our priority 0 <= candidate's priority 1
2021-12-06 20:43:13,695 [grpc-default-executor-1] INFO  server.RaftServer$Division (RaftServerImpl.java:setRole(290)) - ecb94700-366d-4f8f-9ef6-8d2101749b07@group-E85243144233: changes role from  FOLLOWER to FOLLOWER at term 2 for candidate:69705e4e-5185-49eb-bab0-a05722fc70d0
2021-12-06 20:43:13,695 [grpc-default-executor-1] INFO  impl.RoleInfo (RoleInfo.java:shutdownFollowerState(108)) - ecb94700-366d-4f8f-9ef6-8d2101749b07: shutdown ecb94700-366d-4f8f-9ef6-8d2101749b07@group-E85243144233-FollowerState
2021-12-06 20:43:13,696 [grpc-default-executor-1] INFO  impl.RoleInfo (RoleInfo.java:updateAndGet(130)) - ecb94700-366d-4f8f-9ef6-8d2101749b07: start ecb94700-366d-4f8f-9ef6-8d2101749b07@group-E85243144233-FollowerState
2021-12-06 20:43:13,696 [ecb94700-366d-4f8f-9ef6-8d2101749b07@group-E85243144233-FollowerState] INFO  impl.FollowerState (FollowerState.java:run(143)) - ecb94700-366d-4f8f-9ef6-8d2101749b07@group-E85243144233-FollowerState was interrupted: {}
java.lang.InterruptedException: sleep interrupted
	at java.lang.Thread.sleep(Native Method)
	at java.lang.Thread.sleep(Thread.java:340)
	at java.util.concurrent.TimeUnit.sleep(TimeUnit.java:386)
	at org.apache.ratis.util.TimeDuration.sleep(TimeDuration.java:324)
	at org.apache.ratis.util.TimeDuration.sleep(TimeDuration.java:309)
	at org.apache.ratis.server.impl.FollowerState.run(FollowerState.java:118)
2021-12-06 20:43:13,696 [69705e4e-5185-49eb-bab0-a05722fc70d0@group-E85243144233-LeaderElection11] INFO  impl.LeaderElection (LeaderElection.java:logAndReturn(89)) - 69705e4e-5185-49eb-bab0-a05722fc70d0@group-E85243144233-LeaderElection11: ELECTION PASSED received 1 response(s) and 0 exception(s):
2021-12-06 20:43:13,698 [69705e4e-5185-49eb-bab0-a05722fc70d0@group-E85243144233-LeaderElection11] INFO  impl.LeaderElection (LeaderElection.java:logAndReturn(93)) -   Response 0: 69705e4e-5185-49eb-bab0-a05722fc70d0<-7942a5ba-8ac7-43cd-836c-4cecbcf2a1fa#0:OK-t2
2021-12-06 20:43:13,698 [69705e4e-5185-49eb-bab0-a05722fc70d0@group-E85243144233-LeaderElection11] INFO  impl.LeaderElection (LeaderElection.java:askForVotes(308)) - 69705e4e-5185-49eb-bab0-a05722fc70d0@group-E85243144233-LeaderElection11 ELECTION round 0: result PASSED
2021-12-06 20:43:13,698 [69705e4e-5185-49eb-bab0-a05722fc70d0@group-E85243144233-LeaderElection11] INFO  impl.RoleInfo (RoleInfo.java:shutdownLeaderElection(121)) - 69705e4e-5185-49eb-bab0-a05722fc70d0: shutdown 69705e4e-5185-49eb-bab0-a05722fc70d0@group-E85243144233-LeaderElection11
2021-12-06 20:43:13,698 [69705e4e-5185-49eb-bab0-a05722fc70d0@group-E85243144233-LeaderElection11] INFO  server.RaftServer$Division (RaftServerImpl.java:setRole(290)) - 69705e4e-5185-49eb-bab0-a05722fc70d0@group-E85243144233: changes role from CANDIDATE to LEADER at term 2 for changeToLeader
2021-12-06 20:43:13,698 [69705e4e-5185-49eb-bab0-a05722fc70d0@group-E85243144233-LeaderElection11] INFO  ratis.XceiverServerRatis (XceiverServerRatis.java:handleLeaderChangedNotification(866)) - Leader change notification received for group: group-E85243144233 with new leaderId: 69705e4e-5185-49eb-bab0-a05722fc70d0
2021-12-06 20:43:13,699 [69705e4e-5185-49eb-bab0-a05722fc70d0@group-E85243144233-LeaderElection11] INFO  server.RaftServer$Division (ServerState.java:setLeader(285)) - 69705e4e-5185-49eb-bab0-a05722fc70d0@group-E85243144233: change Leader from null to 69705e4e-5185-49eb-bab0-a05722fc70d0 at term 2 for becomeLeader, leader elected after 10167ms
2021-12-06 20:43:13,699 [69705e4e-5185-49eb-bab0-a05722fc70d0@group-E85243144233-LeaderElection11] INFO  server.RaftServerConfigKeys (ConfUtils.java:logGet(44)) - raft.server.staging.catchup.gap = 1000 (default)
2021-12-06 20:43:13,700 [69705e4e-5185-49eb-bab0-a05722fc70d0@group-E85243144233-LeaderElection11] INFO  server.RaftServerConfigKeys (ConfUtils.java:logGet(44)) - raft.server.write.element-limit = 1024 (custom)
2021-12-06 20:43:13,700 [69705e4e-5185-49eb-bab0-a05722fc70d0@group-E85243144233-LeaderElection11] INFO  server.RaftServerConfigKeys (ConfUtils.java:logGet(44)) - raft.server.write.byte-limit = 1024 M (=1073741824) (custom)
2021-12-06 20:43:13,700 [69705e4e-5185-49eb-bab0-a05722fc70d0@group-E85243144233-LeaderElection11] INFO  server.RaftServerConfigKeys (ConfUtils.java:logGet(44)) - raft.server.watch.timeout = 180s (custom)
2021-12-06 20:43:13,700 [69705e4e-5185-49eb-bab0-a05722fc70d0@group-E85243144233-LeaderElection11] INFO  server.RaftServerConfigKeys (ConfUtils.java:logGet(44)) - raft.server.watch.timeout.denomination = 1s (default)
2021-12-06 20:43:13,700 [69705e4e-5185-49eb-bab0-a05722fc70d0@group-E85243144233-LeaderElection11] INFO  server.RaftServerConfigKeys (ConfUtils.java:logGet(44)) - raft.server.watch.element-limit = 65536 (default)
2021-12-06 20:43:13,700 [69705e4e-5185-49eb-bab0-a05722fc70d0@group-E85243144233-LeaderElection11] INFO  server.RaftServerConfigKeys (ConfUtils.java:logGet(44)) - raft.server.write.element-limit = 1024 (custom)
2021-12-06 20:43:13,700 [69705e4e-5185-49eb-bab0-a05722fc70d0@group-E85243144233-LeaderElection11] INFO  server.RaftServerConfigKeys (ConfUtils.java:logGet(44)) - raft.server.write.follower.gap.ratio.max = -1.0 (default)
2021-12-06 20:43:13,700 [69705e4e-5185-49eb-bab0-a05722fc70d0@group-E85243144233-LeaderElection11] INFO  server.RaftServerConfigKeys (ConfUtils.java:logGet(44)) - raft.server.log.appender.snapshot.chunk.size.max = 16MB (=16777216) (default)
2021-12-06 20:43:13,701 [69705e4e-5185-49eb-bab0-a05722fc70d0@group-E85243144233-LeaderElection11] INFO  server.RaftServerConfigKeys (ConfUtils.java:logGet(44)) - raft.server.log.appender.buffer.byte-limit = 33554432 (custom)
2021-12-06 20:43:13,701 [69705e4e-5185-49eb-bab0-a05722fc70d0@group-E85243144233-LeaderElection11] INFO  server.RaftServerConfigKeys (ConfUtils.java:logGet(44)) - raft.server.log.appender.buffer.element-limit = 1 (custom)
2021-12-06 20:43:13,701 [69705e4e-5185-49eb-bab0-a05722fc70d0@group-E85243144233-LeaderElection11] INFO  grpc.GrpcConfigKeys (ConfUtils.java:logGet(44)) - raft.grpc.server.leader.outstanding.appends.max = 128 (default)
2021-12-06 20:43:13,701 [69705e4e-5185-49eb-bab0-a05722fc70d0@group-E85243144233-LeaderElection11] INFO  server.RaftServerConfigKeys (ConfUtils.java:logGet(44)) - raft.server.rpc.request.timeout = 60s (custom)
2021-12-06 20:43:13,701 [69705e4e-5185-49eb-bab0-a05722fc70d0@group-E85243144233-LeaderElection11] INFO  server.RaftServerConfigKeys (ConfUtils.java:logGet(44)) - raft.server.log.appender.install.snapshot.enabled = false (custom)
2021-12-06 20:43:13,703 [69705e4e-5185-49eb-bab0-a05722fc70d0@group-E85243144233-LeaderElection11] INFO  server.RaftServerConfigKeys (ConfUtils.java:logGet(44)) - raft.server.log.appender.snapshot.chunk.size.max = 16MB (=16777216) (default)
2021-12-06 20:43:13,703 [69705e4e-5185-49eb-bab0-a05722fc70d0@group-E85243144233-LeaderElection11] INFO  server.RaftServerConfigKeys (ConfUtils.java:logGet(44)) - raft.server.log.appender.buffer.byte-limit = 33554432 (custom)
2021-12-06 20:43:13,703 [69705e4e-5185-49eb-bab0-a05722fc70d0@group-E85243144233-LeaderElection11] INFO  server.RaftServerConfigKeys (ConfUtils.java:logGet(44)) - raft.server.log.appender.buffer.element-limit = 1 (custom)
2021-12-06 20:43:13,703 [69705e4e-5185-49eb-bab0-a05722fc70d0@group-E85243144233-LeaderElection11] INFO  grpc.GrpcConfigKeys (ConfUtils.java:logGet(44)) - raft.grpc.server.leader.outstanding.appends.max = 128 (default)
2021-12-06 20:43:13,703 [69705e4e-5185-49eb-bab0-a05722fc70d0@group-E85243144233-LeaderElection11] INFO  server.RaftServerConfigKeys (ConfUtils.java:logGet(44)) - raft.server.rpc.request.timeout = 60s (custom)
2021-12-06 20:43:13,703 [69705e4e-5185-49eb-bab0-a05722fc70d0@group-E85243144233-LeaderElection11] INFO  server.RaftServerConfigKeys (ConfUtils.java:logGet(44)) - raft.server.log.appender.install.snapshot.enabled = false (custom)
2021-12-06 20:43:13,699 [grpc-default-executor-1] INFO  server.RaftServer$Division (RaftServerImpl.java:requestVote(1078)) - ecb94700-366d-4f8f-9ef6-8d2101749b07@group-E85243144233 replies to ELECTION vote request: 69705e4e-5185-49eb-bab0-a05722fc70d0<-ecb94700-366d-4f8f-9ef6-8d2101749b07#0:OK-t2. Peer's state: ecb94700-366d-4f8f-9ef6-8d2101749b07@group-E85243144233:t2, leader=null, voted=69705e4e-5185-49eb-bab0-a05722fc70d0, raftlog=ecb94700-366d-4f8f-9ef6-8d2101749b07@group-E85243144233-SegmentedRaftLog:OPENED:c-1, conf=-1: [ecb94700-366d-4f8f-9ef6-8d2101749b07|rpc:10.1.0.39:40543|dataStream:|priority:0, 69705e4e-5185-49eb-bab0-a05722fc70d0|rpc:10.1.0.39:33255|dataStream:|priority:1, 7942a5ba-8ac7-43cd-836c-4cecbcf2a1fa|rpc:10.1.0.39:42241|dataStream:|priority:0], old=null
2021-12-06 20:43:13,705 [EventQueue-PipelineReportForPipelineReportHandler] INFO  pipeline.PipelineManagerImpl (PipelineManagerImpl.java:openPipeline(291)) - Pipeline Pipeline[ Id: ba06b0bf-0c33-438f-bd5b-e85243144233, Nodes: 7942a5ba-8ac7-43cd-836c-4cecbcf2a1fa{ip: 10.1.0.39, host: fv-az151-352.yf2hydr00wburbhx3j5hxtcipe.bx.internal.cloudapp.net, ports: [REPLICATION=33077, RATIS=42241, RATIS_ADMIN=42241, RATIS_SERVER=42241, STANDALONE=33277], networkLocation: /default-rack, certSerialId: null, persistedOpState: IN_SERVICE, persistedOpStateExpiryEpochSec: 0}69705e4e-5185-49eb-bab0-a05722fc70d0{ip: 10.1.0.39, host: fv-az151-352.yf2hydr00wburbhx3j5hxtcipe.bx.internal.cloudapp.net, ports: [REPLICATION=34303, RATIS=33255, RATIS_ADMIN=33255, RATIS_SERVER=33255, STANDALONE=36309], networkLocation: /default-rack, certSerialId: null, persistedOpState: IN_SERVICE, persistedOpStateExpiryEpochSec: 0}ecb94700-366d-4f8f-9ef6-8d2101749b07{ip: 10.1.0.39, host: fv-az151-352.yf2hydr00wburbhx3j5hxtcipe.bx.internal.cloudapp.net, ports: [REPLICATION=36877, RATIS=40543, RATIS_ADMIN=40543, RATIS_SERVER=40543, STANDALONE=36085], networkLocation: /default-rack, certSerialId: null, persistedOpState: IN_SERVICE, persistedOpStateExpiryEpochSec: 0}, ReplicationConfig: RATIS/THREE, State:ALLOCATED, leaderId:69705e4e-5185-49eb-bab0-a05722fc70d0, CreationTimestamp2021-12-06T20:43:00.610Z[Etc/UTC]] moved to OPEN state
2021-12-06 20:43:13,706 [EventQueue-OpenPipelineForHealthyPipelineSafeModeRule] INFO  safemode.SCMSafeModeManager (HealthyPipelineSafeModeRule.java:process(124)) - SCM in safe mode. Healthy pipelines reported count is 0, required healthy pipeline reported count is 1
2021-12-06 20:43:13,707 [EventQueue-OpenPipelineForHealthyPipelineSafeModeRule] INFO  safemode.SCMSafeModeManager (HealthyPipelineSafeModeRule.java:process(124)) - SCM in safe mode. Healthy pipelines reported count is 1, required healthy pipeline reported count is 1
2021-12-06 20:43:13,707 [EventQueue-OpenPipelineForHealthyPipelineSafeModeRule] INFO  safemode.SCMSafeModeManager (SCMSafeModeManager.java:validateSafeModeExitRules(204)) - HealthyPipelineSafeModeRule rule is successfully validated
2021-12-06 20:43:13,707 [EventQueue-OpenPipelineForHealthyPipelineSafeModeRule] INFO  safemode.SCMSafeModeManager (SCMSafeModeManager.java:validateSafeModeExitRules(219)) - ScmSafeModeManager, all rules are successfully validated
2021-12-06 20:43:13,707 [EventQueue-OpenPipelineForHealthyPipelineSafeModeRule] INFO  safemode.SCMSafeModeManager (SCMSafeModeManager.java:exitSafeMode(248)) - SCM exiting safe mode.
2021-12-06 20:43:13,707 [EventQueue-OpenPipelineForHealthyPipelineSafeModeRule] WARN  events.EventQueue (EventQueue.java:fireEvent(194)) - No event handler registered for event TypedEvent{payloadType=SafeModeStatus, name='Safe mode status'}
2021-12-06 20:43:13,707 [EventQueue-OpenPipelineForHealthyPipelineSafeModeRule] INFO  ha.SCMContext (SCMContext.java:updateSafeModeStatus(211)) - Update SafeModeStatus from SafeModeStatus{safeModeStatus=true, preCheckPassed=true} to SafeModeStatus{safeModeStatus=false, preCheckPassed=true}.
2021-12-06 20:43:13,707 [EventQueue-OpenPipelineForHealthyPipelineSafeModeRule] INFO  pipeline.BackgroundPipelineCreator (BackgroundPipelineCreator.java:notifyStatusChanged(264)) - Service BackgroundPipelineCreator transitions to RUNNING.
2021-12-06 20:43:13,707 [EventQueue-OpenPipelineForHealthyPipelineSafeModeRule] INFO  container.ReplicationManager (ReplicationManager.java:notifyStatusChanged(1758)) - Service ReplicationManager transitions to RUNNING.
2021-12-06 20:43:13,715 [69705e4e-5185-49eb-bab0-a05722fc70d0@group-E85243144233-LeaderElection11] INFO  impl.RoleInfo (RoleInfo.java:updateAndGet(130)) - 69705e4e-5185-49eb-bab0-a05722fc70d0: start 69705e4e-5185-49eb-bab0-a05722fc70d0@group-E85243144233-LeaderStateImpl
2021-12-06 20:43:13,719 [69705e4e-5185-49eb-bab0-a05722fc70d0@group-E85243144233-LeaderElection11] INFO  segmented.SegmentedRaftLogWorker (SegmentedRaftLogWorker.java:startLogSegment(394)) - 69705e4e-5185-49eb-bab0-a05722fc70d0@group-E85243144233-SegmentedRaftLogWorker: Starting segment from index:0
2021-12-06 20:43:13,726 [69705e4e-5185-49eb-bab0-a05722fc70d0@group-E85243144233-LeaderElection11] INFO  server.RaftServer$Division (ServerState.java:setRaftConf(387)) - 69705e4e-5185-49eb-bab0-a05722fc70d0@group-E85243144233: set configuration 0: [ecb94700-366d-4f8f-9ef6-8d2101749b07|rpc:10.1.0.39:40543|dataStream:|priority:0, 69705e4e-5185-49eb-bab0-a05722fc70d0|rpc:10.1.0.39:33255|dataStream:|priority:1, 7942a5ba-8ac7-43cd-836c-4cecbcf2a1fa|rpc:10.1.0.39:42241|dataStream:|priority:0], old=null
2021-12-06 20:43:13,727 [69705e4e-5185-49eb-bab0-a05722fc70d0@group-E85243144233-SegmentedRaftLogWorker] INFO  segmented.SegmentedRaftLogWorker (SegmentedRaftLogWorker.java:execute(601)) - 69705e4e-5185-49eb-bab0-a05722fc70d0@group-E85243144233-SegmentedRaftLogWorker: created new log segment /home/runner/work/ozone/ozone/hadoop-ozone/integration-test/target/test-dir/MiniOzoneClusterImpl-1f2ada2d-a189-4e3f-a934-1db8589ac524/datanode-0/data/ratis/ba06b0bf-0c33-438f-bd5b-e85243144233/current/log_inprogress_0
2021-12-06 20:43:13,730 [grpc-default-executor-4] INFO  ratis.XceiverServerRatis (XceiverServerRatis.java:handleLeaderChangedNotification(866)) - Leader change notification received for group: group-E85243144233 with new leaderId: 69705e4e-5185-49eb-bab0-a05722fc70d0
2021-12-06 20:43:13,730 [grpc-default-executor-4] INFO  server.RaftServer$Division (ServerState.java:setLeader(285)) - 7942a5ba-8ac7-43cd-836c-4cecbcf2a1fa@group-E85243144233: change Leader from null to 69705e4e-5185-49eb-bab0-a05722fc70d0 at term 2 for appendEntries, leader elected after 10245ms
2021-12-06 20:43:13,732 [grpc-default-executor-3] INFO  ratis.XceiverServerRatis (XceiverServerRatis.java:handleLeaderChangedNotification(866)) - Leader change notification received for group: group-E85243144233 with new leaderId: 69705e4e-5185-49eb-bab0-a05722fc70d0
2021-12-06 20:43:13,732 [grpc-default-executor-3] INFO  server.RaftServer$Division (ServerState.java:setLeader(285)) - ecb94700-366d-4f8f-9ef6-8d2101749b07@group-E85243144233: change Leader from null to 69705e4e-5185-49eb-bab0-a05722fc70d0 at term 2 for appendEntries, leader elected after 10089ms
2021-12-06 20:43:13,736 [grpc-default-executor-4] INFO  server.RaftServer$Division (ServerState.java:setRaftConf(387)) - 7942a5ba-8ac7-43cd-836c-4cecbcf2a1fa@group-E85243144233: set configuration 0: [ecb94700-366d-4f8f-9ef6-8d2101749b07|rpc:10.1.0.39:40543|dataStream:|priority:0, 69705e4e-5185-49eb-bab0-a05722fc70d0|rpc:10.1.0.39:33255|dataStream:|priority:1, 7942a5ba-8ac7-43cd-836c-4cecbcf2a1fa|rpc:10.1.0.39:42241|dataStream:|priority:0], old=null
2021-12-06 20:43:13,736 [grpc-default-executor-4] INFO  segmented.SegmentedRaftLogWorker (SegmentedRaftLogWorker.java:startLogSegment(394)) - 7942a5ba-8ac7-43cd-836c-4cecbcf2a1fa@group-E85243144233-SegmentedRaftLogWorker: Starting segment from index:0
2021-12-06 20:43:13,737 [grpc-default-executor-3] INFO  server.RaftServer$Division (ServerState.java:setRaftConf(387)) - ecb94700-366d-4f8f-9ef6-8d2101749b07@group-E85243144233: set configuration 0: [ecb94700-366d-4f8f-9ef6-8d2101749b07|rpc:10.1.0.39:40543|dataStream:|priority:0, 69705e4e-5185-49eb-bab0-a05722fc70d0|rpc:10.1.0.39:33255|dataStream:|priority:1, 7942a5ba-8ac7-43cd-836c-4cecbcf2a1fa|rpc:10.1.0.39:42241|dataStream:|priority:0], old=null
2021-12-06 20:43:13,737 [grpc-default-executor-3] INFO  segmented.SegmentedRaftLogWorker (SegmentedRaftLogWorker.java:startLogSegment(394)) - ecb94700-366d-4f8f-9ef6-8d2101749b07@group-E85243144233-SegmentedRaftLogWorker: Starting segment from index:0
2021-12-06 20:43:13,738 [7942a5ba-8ac7-43cd-836c-4cecbcf2a1fa@group-E85243144233-SegmentedRaftLogWorker] INFO  segmented.SegmentedRaftLogWorker (SegmentedRaftLogWorker.java:execute(601)) - 7942a5ba-8ac7-43cd-836c-4cecbcf2a1fa@group-E85243144233-SegmentedRaftLogWorker: created new log segment /home/runner/work/ozone/ozone/hadoop-ozone/integration-test/target/test-dir/MiniOzoneClusterImpl-1f2ada2d-a189-4e3f-a934-1db8589ac524/datanode-1/data/ratis/ba06b0bf-0c33-438f-bd5b-e85243144233/current/log_inprogress_0
2021-12-06 20:43:13,738 [ecb94700-366d-4f8f-9ef6-8d2101749b07@group-E85243144233-SegmentedRaftLogWorker] INFO  segmented.SegmentedRaftLogWorker (SegmentedRaftLogWorker.java:execute(601)) - ecb94700-366d-4f8f-9ef6-8d2101749b07@group-E85243144233-SegmentedRaftLogWorker: created new log segment /home/runner/work/ozone/ozone/hadoop-ozone/integration-test/target/test-dir/MiniOzoneClusterImpl-1f2ada2d-a189-4e3f-a934-1db8589ac524/datanode-2/data/ratis/ba06b0bf-0c33-438f-bd5b-e85243144233/current/log_inprogress_0
2021-12-06 20:43:14,607 [Listener at 127.0.0.1/10944] INFO  ozone.MiniOzoneClusterImpl (MiniOzoneClusterImpl.java:lambda$waitForClusterToBeReady$0(235)) - Nodes are ready. Got 3 of 3 DN Heartbeats.
2021-12-06 20:43:14,607 [Listener at 127.0.0.1/10944] INFO  ozone.MiniOzoneClusterImpl (MiniOzoneClusterImpl.java:lambda$waitForClusterToBeReady$0(238)) - Cluster exits safe mode
2021-12-06 20:43:14,607 [Listener at 127.0.0.1/10944] INFO  ozone.MiniOzoneClusterImpl (MiniOzoneClusterImpl.java:lambda$waitForClusterToBeReady$0(240)) - SCM became leader
]]></system-out>
  </testcase>
  <testcase name="testPrepareWithMultipleThreads" classname="org.apache.hadoop.ozone.om.TestOzoneManagerPrepare" time="121.674">
    <error message="timeout: after 120000 millis" type="java.util.concurrent.TimeoutException">java.util.concurrent.TimeoutException: timeout: after 120000 millis
	at org.apache.ozone.test.LambdaTestUtils$GenerateTimeout.evaluate(LambdaTestUtils.java:677)
	at org.apache.ozone.test.LambdaTestUtils.await(LambdaTestUtils.java:154)
	at org.apache.ozone.test.LambdaTestUtils.await(LambdaTestUtils.java:192)
	at org.apache.hadoop.ozone.om.TestOzoneManagerPrepare.assertRatisLogsCleared(TestOzoneManagerPrepare.java:510)
	at org.apache.hadoop.ozone.om.TestOzoneManagerPrepare.assertRatisLogsCleared(TestOzoneManagerPrepare.java:504)
	at org.apache.hadoop.ozone.om.TestOzoneManagerPrepare.testPrepareWithMultipleThreads(TestOzoneManagerPrepare.java:263)
	at sun.reflect.NativeMethodAccessorImpl.invoke0(Native Method)
	at sun.reflect.NativeMethodAccessorImpl.invoke(NativeMethodAccessorImpl.java:62)
	at sun.reflect.DelegatingMethodAccessorImpl.invoke(DelegatingMethodAccessorImpl.java:43)
	at java.lang.reflect.Method.invoke(Method.java:498)
	at org.junit.runners.model.FrameworkMethod$1.runReflectiveCall(FrameworkMethod.java:59)
	at org.junit.internal.runners.model.ReflectiveCallable.run(ReflectiveCallable.java:12)
	at org.junit.runners.model.FrameworkMethod.invokeExplosively(FrameworkMethod.java:56)
	at org.junit.internal.runners.statements.InvokeMethod.evaluate(InvokeMethod.java:17)
	at org.junit.internal.runners.statements.RunBefores.evaluate(RunBefores.java:26)
	at org.junit.internal.runners.statements.RunAfters.evaluate(RunAfters.java:27)
	at org.junit.rules.ExpectedException$ExpectedExceptionStatement.evaluate(ExpectedException.java:258)
	at org.junit.internal.runners.statements.FailOnTimeout$CallableStatement.call(FailOnTimeout.java:288)
	at org.junit.internal.runners.statements.FailOnTimeout$CallableStatement.call(FailOnTimeout.java:282)
	at java.util.concurrent.FutureTask.run(FutureTask.java:266)
	at java.lang.Thread.run(Thread.java:748)
</error>
    <system-out><![CDATA[2021-12-06 20:43:15,027 [OM StateMachine ApplyTransaction Thread - 0] INFO  upgrade.OMCancelPrepareRequest (OMCancelPrepareRequest.java:validateAndUpdateCache(55)) - OM omNode-1 Received cancel prepare request with log index 1
2021-12-06 20:43:15,031 [OM StateMachine ApplyTransaction Thread - 0] INFO  upgrade.OMCancelPrepareRequest (OMCancelPrepareRequest.java:validateAndUpdateCache(55)) - OM omNode-3 Received cancel prepare request with log index 1
2021-12-06 20:43:15,027 [OM StateMachine ApplyTransaction Thread - 0] INFO  upgrade.OMCancelPrepareRequest (OMCancelPrepareRequest.java:validateAndUpdateCache(55)) - OM omNode-2 Received cancel prepare request with log index 1
2021-12-06 20:43:15,178 [OM StateMachine ApplyTransaction Thread - 0] INFO  upgrade.OMCancelPrepareRequest (OMCancelPrepareRequest.java:validateAndUpdateCache(84)) - OM omNode-3 prepare state cancelled at log index 1. Returning response 
2021-12-06 20:43:15,179 [OM StateMachine ApplyTransaction Thread - 0] INFO  upgrade.OMCancelPrepareRequest (OMCancelPrepareRequest.java:validateAndUpdateCache(84)) - OM omNode-2 prepare state cancelled at log index 1. Returning response 
2021-12-06 20:43:15,185 [OM StateMachine ApplyTransaction Thread - 0] INFO  upgrade.OMCancelPrepareRequest (OMCancelPrepareRequest.java:validateAndUpdateCache(84)) - OM omNode-1 prepare state cancelled at log index 1. Returning response 
2021-12-06 20:43:15,220 [Time-limited test] INFO  rpc.RpcClient (RpcClient.java:createVolume(389)) - Creating Volume: vol, with runner as owner and space quota set to -1 bytes, counts quota set to -1
2021-12-06 20:43:15,253 [OM StateMachine ApplyTransaction Thread - 0] INFO  volume.OMVolumeCreateRequest (OMVolumeCreateRequest.java:validateAndUpdateCache(195)) - created volume:vol for user:runner
2021-12-06 20:43:15,261 [OM StateMachine ApplyTransaction Thread - 0] INFO  volume.OMVolumeCreateRequest (OMVolumeCreateRequest.java:validateAndUpdateCache(195)) - created volume:vol for user:runner
2021-12-06 20:43:15,264 [OM StateMachine ApplyTransaction Thread - 0] INFO  volume.OMVolumeCreateRequest (OMVolumeCreateRequest.java:validateAndUpdateCache(195)) - created volume:vol for user:runner
2021-12-06 20:43:15,289 [pool-158-thread-1] INFO  rpc.RpcClient (RpcClient.java:createVolume(389)) - Creating Volume: volume0, with runner as owner and space quota set to -1 bytes, counts quota set to -1
2021-12-06 20:43:15,289 [pool-158-thread-2] INFO  rpc.RpcClient (RpcClient.java:createVolume(389)) - Creating Volume: volume1, with runner as owner and space quota set to -1 bytes, counts quota set to -1
2021-12-06 20:43:15,290 [pool-158-thread-3] INFO  rpc.RpcClient (RpcClient.java:createVolume(389)) - Creating Volume: volume2, with runner as owner and space quota set to -1 bytes, counts quota set to -1
2021-12-06 20:43:15,290 [pool-158-thread-4] INFO  rpc.RpcClient (RpcClient.java:createVolume(389)) - Creating Volume: volume3, with runner as owner and space quota set to -1 bytes, counts quota set to -1
2021-12-06 20:43:15,291 [pool-158-thread-5] INFO  rpc.RpcClient (RpcClient.java:createVolume(389)) - Creating Volume: volume4, with runner as owner and space quota set to -1 bytes, counts quota set to -1
2021-12-06 20:43:15,295 [pool-158-thread-7] INFO  rpc.RpcClient (RpcClient.java:createVolume(389)) - Creating Volume: volume6, with runner as owner and space quota set to -1 bytes, counts quota set to -1
2021-12-06 20:43:15,295 [pool-158-thread-8] INFO  rpc.RpcClient (RpcClient.java:createVolume(389)) - Creating Volume: volume7, with runner as owner and space quota set to -1 bytes, counts quota set to -1
2021-12-06 20:43:15,296 [pool-158-thread-9] INFO  rpc.RpcClient (RpcClient.java:createVolume(389)) - Creating Volume: volume8, with runner as owner and space quota set to -1 bytes, counts quota set to -1
2021-12-06 20:43:15,316 [pool-158-thread-10] INFO  rpc.RpcClient (RpcClient.java:createVolume(389)) - Creating Volume: volume9, with runner as owner and space quota set to -1 bytes, counts quota set to -1
2021-12-06 20:43:15,317 [OM StateMachine ApplyTransaction Thread - 0] INFO  volume.OMVolumeCreateRequest (OMVolumeCreateRequest.java:validateAndUpdateCache(195)) - created volume:volume1 for user:runner
2021-12-06 20:43:15,325 [OM StateMachine ApplyTransaction Thread - 0] INFO  volume.OMVolumeCreateRequest (OMVolumeCreateRequest.java:validateAndUpdateCache(195)) - created volume:volume0 for user:runner
2021-12-06 20:43:15,327 [OM StateMachine ApplyTransaction Thread - 0] INFO  volume.OMVolumeCreateRequest (OMVolumeCreateRequest.java:validateAndUpdateCache(195)) - created volume:volume1 for user:runner
2021-12-06 20:43:15,329 [OM StateMachine ApplyTransaction Thread - 0] INFO  volume.OMVolumeCreateRequest (OMVolumeCreateRequest.java:validateAndUpdateCache(195)) - created volume:volume4 for user:runner
2021-12-06 20:43:15,331 [OM StateMachine ApplyTransaction Thread - 0] INFO  volume.OMVolumeCreateRequest (OMVolumeCreateRequest.java:validateAndUpdateCache(195)) - created volume:volume2 for user:runner
2021-12-06 20:43:15,335 [IPC Server handler 5 on default port 10932] INFO  ratis.OzoneManagerRatisServer (OzoneManagerRatisServer.java:submitRequest(250)) - Rejecting write request on OM omNode-1 because it is in prepare mode: CreateVolume
2021-12-06 20:43:15,339 [OM StateMachine ApplyTransaction Thread - 0] INFO  volume.OMVolumeCreateRequest (OMVolumeCreateRequest.java:validateAndUpdateCache(195)) - created volume:volume1 for user:runner
2021-12-06 20:43:15,343 [OM StateMachine ApplyTransaction Thread - 0] INFO  volume.OMVolumeCreateRequest (OMVolumeCreateRequest.java:validateAndUpdateCache(195)) - created volume:volume0 for user:runner
2021-12-06 20:43:15,345 [OM StateMachine ApplyTransaction Thread - 0] INFO  volume.OMVolumeCreateRequest (OMVolumeCreateRequest.java:validateAndUpdateCache(195)) - created volume:volume4 for user:runner
2021-12-06 20:43:15,349 [OM StateMachine ApplyTransaction Thread - 0] INFO  volume.OMVolumeCreateRequest (OMVolumeCreateRequest.java:validateAndUpdateCache(195)) - created volume:volume2 for user:runner
2021-12-06 20:43:15,350 [OM StateMachine ApplyTransaction Thread - 0] INFO  volume.OMVolumeCreateRequest (OMVolumeCreateRequest.java:validateAndUpdateCache(195)) - created volume:volume0 for user:runner
2021-12-06 20:43:15,356 [OM StateMachine ApplyTransaction Thread - 0] INFO  volume.OMVolumeCreateRequest (OMVolumeCreateRequest.java:validateAndUpdateCache(195)) - created volume:volume4 for user:runner
2021-12-06 20:43:15,364 [OM StateMachine ApplyTransaction Thread - 0] INFO  upgrade.OMPrepareRequest (OMPrepareRequest.java:validateAndUpdateCache(67)) - OM omNode-1 Received prepare request with log index 12
2021-12-06 20:43:15,366 [OM StateMachine ApplyTransaction Thread - 0] INFO  volume.OMVolumeCreateRequest (OMVolumeCreateRequest.java:validateAndUpdateCache(195)) - created volume:volume2 for user:runner
2021-12-06 20:43:15,373 [OM StateMachine ApplyTransaction Thread - 0] INFO  upgrade.OMPrepareRequest (OMPrepareRequest.java:waitForLogIndex(176)) - omNode-1 waiting for index 12 to flush to OM DB and index 13 to flush to Ratis state machine.
2021-12-06 20:43:15,377 [OM StateMachine ApplyTransaction Thread - 0] INFO  ratis.OzoneManagerStateMachine (OzoneManagerStateMachine.java:takeSnapshot(417)) - Current Snapshot Index (t:2, i:16)
2021-12-06 20:43:15,378 [OM StateMachine ApplyTransaction Thread - 0] INFO  segmented.SegmentedRaftLogWorker (SegmentedRaftLogWorker.java:lambda$new$0(133)) - omNode-1@group-523986131536-SegmentedRaftLogWorker: flushIndex: setUnconditionally 16 -> 16
2021-12-06 20:43:15,378 [OM StateMachine ApplyTransaction Thread - 0] INFO  segmented.SegmentedRaftLogWorker (SegmentedRaftLogWorker.java:lambda$new$0(133)) - omNode-1@group-523986131536-SegmentedRaftLogWorker: safeCacheEvictIndex: setUnconditionally -1 -> 16
2021-12-06 20:43:15,378 [OM StateMachine ApplyTransaction Thread - 0] INFO  segmented.SegmentedRaftLogWorker (SegmentedRaftLogWorker.java:closeLogSegment(415)) - omNode-1@group-523986131536-SegmentedRaftLogWorker: Closing segment log_inprogress_0 to index: 16
2021-12-06 20:43:15,380 [omNode-1@group-523986131536-SegmentedRaftLogWorker] INFO  segmented.SegmentedRaftLogWorker (SegmentedRaftLogWorker.java:execute(558)) - omNode-1@group-523986131536-SegmentedRaftLogWorker: Rolled log segment from /home/runner/work/ozone/ozone/hadoop-ozone/integration-test/target/test-dir/MiniOzoneClusterImpl-1f2ada2d-a189-4e3f-a934-1db8589ac524/omNode-1/ratis/c9bc4cf4-3bc3-3c60-a66b-523986131536/current/log_inprogress_0 to /home/runner/work/ozone/ozone/hadoop-ozone/integration-test/target/test-dir/MiniOzoneClusterImpl-1f2ada2d-a189-4e3f-a934-1db8589ac524/omNode-1/ratis/c9bc4cf4-3bc3-3c60-a66b-523986131536/current/log_0-16
2021-12-06 20:43:15,370 [IPC Server handler 15 on default port 10932] INFO  ratis.OzoneManagerRatisServer (OzoneManagerRatisServer.java:submitRequest(250)) - Rejecting write request on OM omNode-1 because it is in prepare mode: CreateVolume
2021-12-06 20:43:15,370 [IPC Server handler 1 on default port 10932] INFO  ratis.OzoneManagerRatisServer (OzoneManagerRatisServer.java:submitRequest(250)) - Rejecting write request on OM omNode-1 because it is in prepare mode: CreateVolume
2021-12-06 20:43:15,388 [OM StateMachine ApplyTransaction Thread - 0] INFO  raftlog.RaftLog (RaftLogBase.java:lambda$new$0(53)) - omNode-1@group-523986131536-SegmentedRaftLog: snapshotIndex: updateIncreasingly -1 -> 16
2021-12-06 20:43:15,375 [OM StateMachine ApplyTransaction Thread - 0] INFO  upgrade.OMPrepareRequest (OMPrepareRequest.java:validateAndUpdateCache(67)) - OM omNode-2 Received prepare request with log index 12
2021-12-06 20:43:15,371 [IPC Server handler 14 on default port 10932] INFO  ratis.OzoneManagerRatisServer (OzoneManagerRatisServer.java:submitRequest(250)) - Rejecting write request on OM omNode-1 because it is in prepare mode: CreateVolume
2021-12-06 20:43:15,370 [OM StateMachine ApplyTransaction Thread - 0] INFO  upgrade.OMPrepareRequest (OMPrepareRequest.java:validateAndUpdateCache(67)) - OM omNode-3 Received prepare request with log index 12
2021-12-06 20:43:15,370 [IPC Server handler 13 on default port 10932] INFO  ratis.OzoneManagerRatisServer (OzoneManagerRatisServer.java:submitRequest(250)) - Rejecting write request on OM omNode-1 because it is in prepare mode: CreateVolume
2021-12-06 20:43:15,393 [OM StateMachine ApplyTransaction Thread - 0] INFO  upgrade.OMPrepareRequest (OMPrepareRequest.java:waitForLogIndex(176)) - omNode-3 waiting for index 12 to flush to OM DB and index 13 to flush to Ratis state machine.
2021-12-06 20:43:15,394 [OM StateMachine ApplyTransaction Thread - 0] INFO  ratis.OzoneManagerStateMachine (OzoneManagerStateMachine.java:takeSnapshot(417)) - Current Snapshot Index (t:2, i:14)
2021-12-06 20:43:15,394 [OM StateMachine ApplyTransaction Thread - 0] INFO  segmented.SegmentedRaftLogWorker (SegmentedRaftLogWorker.java:lambda$new$0(133)) - omNode-3@group-523986131536-SegmentedRaftLogWorker: flushIndex: setUnconditionally 16 -> 14
2021-12-06 20:43:15,394 [OM StateMachine ApplyTransaction Thread - 0] INFO  segmented.SegmentedRaftLogWorker (SegmentedRaftLogWorker.java:lambda$new$0(133)) - omNode-3@group-523986131536-SegmentedRaftLogWorker: safeCacheEvictIndex: setUnconditionally -1 -> 14
2021-12-06 20:43:15,395 [OM StateMachine ApplyTransaction Thread - 0] INFO  raftlog.RaftLog (RaftLogBase.java:lambda$new$0(53)) - omNode-3@group-523986131536-SegmentedRaftLog: snapshotIndex: updateIncreasingly -1 -> 14
2021-12-06 20:43:15,395 [OM StateMachine ApplyTransaction Thread - 0] INFO  om.OzoneManagerPrepareState (OzoneManagerPrepareState.java:writePrepareMarkerFile(262)) - Prepare marker file written with log index 12 to file /home/runner/work/ozone/ozone/hadoop-ozone/integration-test/target/test-dir/MiniOzoneClusterImpl-1f2ada2d-a189-4e3f-a934-1db8589ac524/omNode-3/current/prepareMarker
2021-12-06 20:43:15,395 [OM StateMachine ApplyTransaction Thread - 0] INFO  upgrade.OMPrepareRequest (OMPrepareRequest.java:validateAndUpdateCache(120)) - OM omNode-3 prepared at log index 12. Returning response txnID: 12
 with log index 12
2021-12-06 20:43:15,392 [OM StateMachine ApplyTransaction Thread - 0] INFO  upgrade.OMPrepareRequest (OMPrepareRequest.java:waitForLogIndex(176)) - omNode-2 waiting for index 12 to flush to OM DB and index 13 to flush to Ratis state machine.
2021-12-06 20:43:15,396 [OM StateMachine ApplyTransaction Thread - 0] INFO  ratis.OzoneManagerStateMachine (OzoneManagerStateMachine.java:takeSnapshot(417)) - Current Snapshot Index (t:2, i:14)
2021-12-06 20:43:15,396 [OM StateMachine ApplyTransaction Thread - 0] INFO  segmented.SegmentedRaftLogWorker (SegmentedRaftLogWorker.java:lambda$new$0(133)) - omNode-2@group-523986131536-SegmentedRaftLogWorker: flushIndex: setUnconditionally 16 -> 14
2021-12-06 20:43:15,396 [OM StateMachine ApplyTransaction Thread - 0] INFO  segmented.SegmentedRaftLogWorker (SegmentedRaftLogWorker.java:lambda$new$0(133)) - omNode-2@group-523986131536-SegmentedRaftLogWorker: safeCacheEvictIndex: setUnconditionally -1 -> 14
2021-12-06 20:43:15,396 [OM StateMachine ApplyTransaction Thread - 0] INFO  raftlog.RaftLog (RaftLogBase.java:lambda$new$0(53)) - omNode-2@group-523986131536-SegmentedRaftLog: snapshotIndex: updateIncreasingly -1 -> 14
2021-12-06 20:43:15,396 [OM StateMachine ApplyTransaction Thread - 0] INFO  om.OzoneManagerPrepareState (OzoneManagerPrepareState.java:writePrepareMarkerFile(262)) - Prepare marker file written with log index 12 to file /home/runner/work/ozone/ozone/hadoop-ozone/integration-test/target/test-dir/MiniOzoneClusterImpl-1f2ada2d-a189-4e3f-a934-1db8589ac524/omNode-2/current/prepareMarker
2021-12-06 20:43:15,396 [OM StateMachine ApplyTransaction Thread - 0] INFO  upgrade.OMPrepareRequest (OMPrepareRequest.java:validateAndUpdateCache(120)) - OM omNode-2 prepared at log index 12. Returning response txnID: 12
 with log index 12
2021-12-06 20:43:15,397 [OM StateMachine ApplyTransaction Thread - 0] INFO  om.OzoneManagerPrepareState (OzoneManagerPrepareState.java:writePrepareMarkerFile(262)) - Prepare marker file written with log index 12 to file /home/runner/work/ozone/ozone/hadoop-ozone/integration-test/target/test-dir/MiniOzoneClusterImpl-1f2ada2d-a189-4e3f-a934-1db8589ac524/omNode-1/current/prepareMarker
2021-12-06 20:43:15,397 [OM StateMachine ApplyTransaction Thread - 0] INFO  upgrade.OMPrepareRequest (OMPrepareRequest.java:validateAndUpdateCache(120)) - OM omNode-1 prepared at log index 12. Returning response txnID: 12
 with log index 12
2021-12-06 20:43:15,398 [Time-limited test] INFO  om.TestOzoneManagerPrepare (TestOzoneManagerPrepare.java:lambda$assertClusterPrepared$6(454)) - omNode-3 has prepare status: PREPARE_COMPLETED prepare index: 12.
2021-12-06 20:43:15,398 [Time-limited test] INFO  om.TestOzoneManagerPrepare (TestOzoneManagerPrepare.java:lambda$assertClusterPrepared$6(454)) - omNode-1 has prepare status: PREPARE_COMPLETED prepare index: 12.
2021-12-06 20:43:15,398 [Time-limited test] INFO  om.TestOzoneManagerPrepare (TestOzoneManagerPrepare.java:lambda$assertClusterPrepared$6(454)) - omNode-2 has prepare status: PREPARE_COMPLETED prepare index: 12.
2021-12-06 20:43:15,400 [Time-limited test] INFO  rpc.RpcClient (RpcClient.java:createVolume(389)) - Creating Volume: vol, with runner as owner and space quota set to -1 bytes, counts quota set to -1
2021-12-06 20:43:15,402 [IPC Server handler 10 on default port 10932] INFO  ratis.OzoneManagerRatisServer (OzoneManagerRatisServer.java:submitRequest(250)) - Rejecting write request on OM omNode-1 because it is in prepare mode: CreateVolume
2021-12-06 20:43:18,531 [7942a5ba-8ac7-43cd-836c-4cecbcf2a1fa@group-1793C2F8585F-FollowerState] INFO  impl.FollowerState (FollowerState.java:run(134)) - 7942a5ba-8ac7-43cd-836c-4cecbcf2a1fa@group-1793C2F8585F-FollowerState: change to CANDIDATE, lastRpcElapsedTime:5032861608ns, electionTimeout:5029ms
2021-12-06 20:43:18,531 [7942a5ba-8ac7-43cd-836c-4cecbcf2a1fa@group-1793C2F8585F-FollowerState] INFO  impl.RoleInfo (RoleInfo.java:shutdownFollowerState(108)) - 7942a5ba-8ac7-43cd-836c-4cecbcf2a1fa: shutdown 7942a5ba-8ac7-43cd-836c-4cecbcf2a1fa@group-1793C2F8585F-FollowerState
2021-12-06 20:43:18,531 [7942a5ba-8ac7-43cd-836c-4cecbcf2a1fa@group-1793C2F8585F-FollowerState] INFO  server.RaftServer$Division (RaftServerImpl.java:setRole(290)) - 7942a5ba-8ac7-43cd-836c-4cecbcf2a1fa@group-1793C2F8585F: changes role from  FOLLOWER to CANDIDATE at term 2 for changeToCandidate
2021-12-06 20:43:18,532 [7942a5ba-8ac7-43cd-836c-4cecbcf2a1fa@group-1793C2F8585F-FollowerState] INFO  server.RaftServerConfigKeys (ConfUtils.java:logGet(44)) - raft.server.leaderelection.pre-vote = false (custom)
2021-12-06 20:43:18,532 [7942a5ba-8ac7-43cd-836c-4cecbcf2a1fa@group-1793C2F8585F-FollowerState] INFO  impl.RoleInfo (RoleInfo.java:updateAndGet(130)) - 7942a5ba-8ac7-43cd-836c-4cecbcf2a1fa: start 7942a5ba-8ac7-43cd-836c-4cecbcf2a1fa@group-1793C2F8585F-LeaderElection12
2021-12-06 20:43:18,536 [7942a5ba-8ac7-43cd-836c-4cecbcf2a1fa@group-1793C2F8585F-LeaderElection12] INFO  impl.LeaderElection (LeaderElection.java:askForVotes(306)) - 7942a5ba-8ac7-43cd-836c-4cecbcf2a1fa@group-1793C2F8585F-LeaderElection12 ELECTION round 0: submit vote requests at term 3 for -1: [ecb94700-366d-4f8f-9ef6-8d2101749b07|rpc:10.1.0.39:40543|dataStream:|priority:0, 69705e4e-5185-49eb-bab0-a05722fc70d0|rpc:10.1.0.39:33255|dataStream:|priority:0, 7942a5ba-8ac7-43cd-836c-4cecbcf2a1fa|rpc:10.1.0.39:42241|dataStream:|priority:1], old=null
2021-12-06 20:43:18,540 [grpc-default-executor-4] INFO  server.RaftServer$Division (RaftServerImpl.java:requestVote(1046)) - ecb94700-366d-4f8f-9ef6-8d2101749b07@group-1793C2F8585F: receive requestVote(ELECTION, 7942a5ba-8ac7-43cd-836c-4cecbcf2a1fa, group-1793C2F8585F, 3, (t:0, i:0))
2021-12-06 20:43:18,540 [grpc-default-executor-4] INFO  impl.VoteContext (VoteContext.java:log(48)) - ecb94700-366d-4f8f-9ef6-8d2101749b07@group-1793C2F8585F-FOLLOWER: accept ELECTION from 7942a5ba-8ac7-43cd-836c-4cecbcf2a1fa: our priority 0 <= candidate's priority 1
2021-12-06 20:43:18,540 [grpc-default-executor-4] INFO  server.RaftServer$Division (RaftServerImpl.java:setRole(290)) - ecb94700-366d-4f8f-9ef6-8d2101749b07@group-1793C2F8585F: changes role from  FOLLOWER to FOLLOWER at term 3 for candidate:7942a5ba-8ac7-43cd-836c-4cecbcf2a1fa
2021-12-06 20:43:18,540 [grpc-default-executor-4] INFO  impl.RoleInfo (RoleInfo.java:shutdownFollowerState(108)) - ecb94700-366d-4f8f-9ef6-8d2101749b07: shutdown ecb94700-366d-4f8f-9ef6-8d2101749b07@group-1793C2F8585F-FollowerState
2021-12-06 20:43:18,540 [grpc-default-executor-4] INFO  impl.RoleInfo (RoleInfo.java:updateAndGet(130)) - ecb94700-366d-4f8f-9ef6-8d2101749b07: start ecb94700-366d-4f8f-9ef6-8d2101749b07@group-1793C2F8585F-FollowerState
2021-12-06 20:43:18,540 [ecb94700-366d-4f8f-9ef6-8d2101749b07@group-1793C2F8585F-FollowerState] INFO  impl.FollowerState (FollowerState.java:run(143)) - ecb94700-366d-4f8f-9ef6-8d2101749b07@group-1793C2F8585F-FollowerState was interrupted: {}
java.lang.InterruptedException: sleep interrupted
	at java.lang.Thread.sleep(Native Method)
	at java.lang.Thread.sleep(Thread.java:340)
	at java.util.concurrent.TimeUnit.sleep(TimeUnit.java:386)
	at org.apache.ratis.util.TimeDuration.sleep(TimeDuration.java:324)
	at org.apache.ratis.util.TimeDuration.sleep(TimeDuration.java:309)
	at org.apache.ratis.server.impl.FollowerState.run(FollowerState.java:118)
2021-12-06 20:43:18,547 [grpc-default-executor-3] INFO  server.RaftServer$Division (RaftServerImpl.java:requestVote(1046)) - 69705e4e-5185-49eb-bab0-a05722fc70d0@group-1793C2F8585F: receive requestVote(ELECTION, 7942a5ba-8ac7-43cd-836c-4cecbcf2a1fa, group-1793C2F8585F, 3, (t:0, i:0))
2021-12-06 20:43:18,548 [grpc-default-executor-3] INFO  impl.VoteContext (VoteContext.java:log(48)) - 69705e4e-5185-49eb-bab0-a05722fc70d0@group-1793C2F8585F-FOLLOWER: accept ELECTION from 7942a5ba-8ac7-43cd-836c-4cecbcf2a1fa: our priority 0 <= candidate's priority 1
2021-12-06 20:43:18,548 [grpc-default-executor-3] INFO  server.RaftServer$Division (RaftServerImpl.java:setRole(290)) - 69705e4e-5185-49eb-bab0-a05722fc70d0@group-1793C2F8585F: changes role from  FOLLOWER to FOLLOWER at term 3 for candidate:7942a5ba-8ac7-43cd-836c-4cecbcf2a1fa
2021-12-06 20:43:18,548 [grpc-default-executor-3] INFO  impl.RoleInfo (RoleInfo.java:shutdownFollowerState(108)) - 69705e4e-5185-49eb-bab0-a05722fc70d0: shutdown 69705e4e-5185-49eb-bab0-a05722fc70d0@group-1793C2F8585F-FollowerState
2021-12-06 20:43:18,548 [grpc-default-executor-3] INFO  impl.RoleInfo (RoleInfo.java:updateAndGet(130)) - 69705e4e-5185-49eb-bab0-a05722fc70d0: start 69705e4e-5185-49eb-bab0-a05722fc70d0@group-1793C2F8585F-FollowerState
2021-12-06 20:43:18,549 [69705e4e-5185-49eb-bab0-a05722fc70d0@group-1793C2F8585F-FollowerState] INFO  impl.FollowerState (FollowerState.java:run(143)) - 69705e4e-5185-49eb-bab0-a05722fc70d0@group-1793C2F8585F-FollowerState was interrupted: {}
java.lang.InterruptedException: sleep interrupted
	at java.lang.Thread.sleep(Native Method)
	at java.lang.Thread.sleep(Thread.java:340)
	at java.util.concurrent.TimeUnit.sleep(TimeUnit.java:386)
	at org.apache.ratis.util.TimeDuration.sleep(TimeDuration.java:324)
	at org.apache.ratis.util.TimeDuration.sleep(TimeDuration.java:309)
	at org.apache.ratis.server.impl.FollowerState.run(FollowerState.java:118)
2021-12-06 20:43:18,550 [grpc-default-executor-3] INFO  server.RaftServer$Division (RaftServerImpl.java:requestVote(1078)) - 69705e4e-5185-49eb-bab0-a05722fc70d0@group-1793C2F8585F replies to ELECTION vote request: 7942a5ba-8ac7-43cd-836c-4cecbcf2a1fa<-69705e4e-5185-49eb-bab0-a05722fc70d0#0:OK-t3. Peer's state: 69705e4e-5185-49eb-bab0-a05722fc70d0@group-1793C2F8585F:t3, leader=null, voted=7942a5ba-8ac7-43cd-836c-4cecbcf2a1fa, raftlog=69705e4e-5185-49eb-bab0-a05722fc70d0@group-1793C2F8585F-SegmentedRaftLog:OPENED:c-1, conf=-1: [ecb94700-366d-4f8f-9ef6-8d2101749b07|rpc:10.1.0.39:40543|priority:0, 69705e4e-5185-49eb-bab0-a05722fc70d0|rpc:10.1.0.39:33255|priority:0, 7942a5ba-8ac7-43cd-836c-4cecbcf2a1fa|rpc:10.1.0.39:42241|priority:1], old=null
2021-12-06 20:43:18,551 [7942a5ba-8ac7-43cd-836c-4cecbcf2a1fa@group-1793C2F8585F-LeaderElection12] INFO  impl.LeaderElection (LeaderElection.java:logAndReturn(89)) - 7942a5ba-8ac7-43cd-836c-4cecbcf2a1fa@group-1793C2F8585F-LeaderElection12: ELECTION PASSED received 1 response(s) and 0 exception(s):
2021-12-06 20:43:18,552 [7942a5ba-8ac7-43cd-836c-4cecbcf2a1fa@group-1793C2F8585F-LeaderElection12] INFO  impl.LeaderElection (LeaderElection.java:logAndReturn(93)) -   Response 0: 7942a5ba-8ac7-43cd-836c-4cecbcf2a1fa<-69705e4e-5185-49eb-bab0-a05722fc70d0#0:OK-t3
2021-12-06 20:43:18,552 [7942a5ba-8ac7-43cd-836c-4cecbcf2a1fa@group-1793C2F8585F-LeaderElection12] INFO  impl.LeaderElection (LeaderElection.java:askForVotes(308)) - 7942a5ba-8ac7-43cd-836c-4cecbcf2a1fa@group-1793C2F8585F-LeaderElection12 ELECTION round 0: result PASSED
2021-12-06 20:43:18,552 [7942a5ba-8ac7-43cd-836c-4cecbcf2a1fa@group-1793C2F8585F-LeaderElection12] INFO  impl.RoleInfo (RoleInfo.java:shutdownLeaderElection(121)) - 7942a5ba-8ac7-43cd-836c-4cecbcf2a1fa: shutdown 7942a5ba-8ac7-43cd-836c-4cecbcf2a1fa@group-1793C2F8585F-LeaderElection12
2021-12-06 20:43:18,552 [grpc-default-executor-4] INFO  server.RaftServer$Division (RaftServerImpl.java:requestVote(1078)) - ecb94700-366d-4f8f-9ef6-8d2101749b07@group-1793C2F8585F replies to ELECTION vote request: 7942a5ba-8ac7-43cd-836c-4cecbcf2a1fa<-ecb94700-366d-4f8f-9ef6-8d2101749b07#0:OK-t3. Peer's state: ecb94700-366d-4f8f-9ef6-8d2101749b07@group-1793C2F8585F:t3, leader=null, voted=7942a5ba-8ac7-43cd-836c-4cecbcf2a1fa, raftlog=ecb94700-366d-4f8f-9ef6-8d2101749b07@group-1793C2F8585F-SegmentedRaftLog:OPENED:c-1, conf=-1: [ecb94700-366d-4f8f-9ef6-8d2101749b07|rpc:10.1.0.39:40543|dataStream:|priority:0, 69705e4e-5185-49eb-bab0-a05722fc70d0|rpc:10.1.0.39:33255|dataStream:|priority:0, 7942a5ba-8ac7-43cd-836c-4cecbcf2a1fa|rpc:10.1.0.39:42241|dataStream:|priority:1], old=null
2021-12-06 20:43:18,552 [7942a5ba-8ac7-43cd-836c-4cecbcf2a1fa@group-1793C2F8585F-LeaderElection12] INFO  server.RaftServer$Division (RaftServerImpl.java:setRole(290)) - 7942a5ba-8ac7-43cd-836c-4cecbcf2a1fa@group-1793C2F8585F: changes role from CANDIDATE to LEADER at term 3 for changeToLeader
2021-12-06 20:43:18,557 [7942a5ba-8ac7-43cd-836c-4cecbcf2a1fa@group-1793C2F8585F-LeaderElection12] INFO  ratis.XceiverServerRatis (XceiverServerRatis.java:handleLeaderChangedNotification(866)) - Leader change notification received for group: group-1793C2F8585F with new leaderId: 7942a5ba-8ac7-43cd-836c-4cecbcf2a1fa
2021-12-06 20:43:18,557 [7942a5ba-8ac7-43cd-836c-4cecbcf2a1fa@group-1793C2F8585F-LeaderElection12] INFO  server.RaftServer$Division (ServerState.java:setLeader(285)) - 7942a5ba-8ac7-43cd-836c-4cecbcf2a1fa@group-1793C2F8585F: change Leader from null to 7942a5ba-8ac7-43cd-836c-4cecbcf2a1fa at term 3 for becomeLeader, leader elected after 15084ms
2021-12-06 20:43:18,557 [7942a5ba-8ac7-43cd-836c-4cecbcf2a1fa@group-1793C2F8585F-LeaderElection12] INFO  server.RaftServerConfigKeys (ConfUtils.java:logGet(44)) - raft.server.staging.catchup.gap = 1000 (default)
2021-12-06 20:43:18,558 [7942a5ba-8ac7-43cd-836c-4cecbcf2a1fa@group-1793C2F8585F-LeaderElection12] INFO  server.RaftServerConfigKeys (ConfUtils.java:logGet(44)) - raft.server.write.element-limit = 1024 (custom)
2021-12-06 20:43:18,558 [7942a5ba-8ac7-43cd-836c-4cecbcf2a1fa@group-1793C2F8585F-LeaderElection12] INFO  server.RaftServerConfigKeys (ConfUtils.java:logGet(44)) - raft.server.write.byte-limit = 1024 M (=1073741824) (custom)
2021-12-06 20:43:18,558 [7942a5ba-8ac7-43cd-836c-4cecbcf2a1fa@group-1793C2F8585F-LeaderElection12] INFO  server.RaftServerConfigKeys (ConfUtils.java:logGet(44)) - raft.server.watch.timeout = 180s (custom)
2021-12-06 20:43:18,558 [7942a5ba-8ac7-43cd-836c-4cecbcf2a1fa@group-1793C2F8585F-LeaderElection12] INFO  server.RaftServerConfigKeys (ConfUtils.java:logGet(44)) - raft.server.watch.timeout.denomination = 1s (default)
2021-12-06 20:43:18,558 [7942a5ba-8ac7-43cd-836c-4cecbcf2a1fa@group-1793C2F8585F-LeaderElection12] INFO  server.RaftServerConfigKeys (ConfUtils.java:logGet(44)) - raft.server.watch.element-limit = 65536 (default)
2021-12-06 20:43:18,558 [7942a5ba-8ac7-43cd-836c-4cecbcf2a1fa@group-1793C2F8585F-LeaderElection12] INFO  server.RaftServerConfigKeys (ConfUtils.java:logGet(44)) - raft.server.write.element-limit = 1024 (custom)
2021-12-06 20:43:18,558 [7942a5ba-8ac7-43cd-836c-4cecbcf2a1fa@group-1793C2F8585F-LeaderElection12] INFO  server.RaftServerConfigKeys (ConfUtils.java:logGet(44)) - raft.server.write.follower.gap.ratio.max = -1.0 (default)
2021-12-06 20:43:18,558 [7942a5ba-8ac7-43cd-836c-4cecbcf2a1fa@group-1793C2F8585F-LeaderElection12] INFO  server.RaftServerConfigKeys (ConfUtils.java:logGet(44)) - raft.server.log.appender.snapshot.chunk.size.max = 16MB (=16777216) (default)
2021-12-06 20:43:18,558 [7942a5ba-8ac7-43cd-836c-4cecbcf2a1fa@group-1793C2F8585F-LeaderElection12] INFO  server.RaftServerConfigKeys (ConfUtils.java:logGet(44)) - raft.server.log.appender.buffer.byte-limit = 33554432 (custom)
2021-12-06 20:43:18,558 [7942a5ba-8ac7-43cd-836c-4cecbcf2a1fa@group-1793C2F8585F-LeaderElection12] INFO  server.RaftServerConfigKeys (ConfUtils.java:logGet(44)) - raft.server.log.appender.buffer.element-limit = 1 (custom)
2021-12-06 20:43:18,559 [7942a5ba-8ac7-43cd-836c-4cecbcf2a1fa@group-1793C2F8585F-LeaderElection12] INFO  grpc.GrpcConfigKeys (ConfUtils.java:logGet(44)) - raft.grpc.server.leader.outstanding.appends.max = 128 (default)
2021-12-06 20:43:18,559 [7942a5ba-8ac7-43cd-836c-4cecbcf2a1fa@group-1793C2F8585F-LeaderElection12] INFO  server.RaftServerConfigKeys (ConfUtils.java:logGet(44)) - raft.server.rpc.request.timeout = 60s (custom)
2021-12-06 20:43:18,559 [7942a5ba-8ac7-43cd-836c-4cecbcf2a1fa@group-1793C2F8585F-LeaderElection12] INFO  server.RaftServerConfigKeys (ConfUtils.java:logGet(44)) - raft.server.log.appender.install.snapshot.enabled = false (custom)
2021-12-06 20:43:18,560 [EventQueue-PipelineReportForPipelineReportHandler] INFO  pipeline.PipelineManagerImpl (PipelineManagerImpl.java:openPipeline(291)) - Pipeline Pipeline[ Id: b1c62d63-b95d-40c4-8a9c-1793c2f8585f, Nodes: ecb94700-366d-4f8f-9ef6-8d2101749b07{ip: 10.1.0.39, host: fv-az151-352.yf2hydr00wburbhx3j5hxtcipe.bx.internal.cloudapp.net, ports: [REPLICATION=36877, RATIS=40543, RATIS_ADMIN=40543, RATIS_SERVER=40543, STANDALONE=36085], networkLocation: /default-rack, certSerialId: null, persistedOpState: IN_SERVICE, persistedOpStateExpiryEpochSec: 0}7942a5ba-8ac7-43cd-836c-4cecbcf2a1fa{ip: 10.1.0.39, host: fv-az151-352.yf2hydr00wburbhx3j5hxtcipe.bx.internal.cloudapp.net, ports: [REPLICATION=33077, RATIS=42241, RATIS_ADMIN=42241, RATIS_SERVER=42241, STANDALONE=33277], networkLocation: /default-rack, certSerialId: null, persistedOpState: IN_SERVICE, persistedOpStateExpiryEpochSec: 0}69705e4e-5185-49eb-bab0-a05722fc70d0{ip: 10.1.0.39, host: fv-az151-352.yf2hydr00wburbhx3j5hxtcipe.bx.internal.cloudapp.net, ports: [REPLICATION=34303, RATIS=33255, RATIS_ADMIN=33255, RATIS_SERVER=33255, STANDALONE=36309], networkLocation: /default-rack, certSerialId: null, persistedOpState: IN_SERVICE, persistedOpStateExpiryEpochSec: 0}, ReplicationConfig: RATIS/THREE, State:ALLOCATED, leaderId:7942a5ba-8ac7-43cd-836c-4cecbcf2a1fa, CreationTimestamp2021-12-06T20:43:00.603Z[Etc/UTC]] moved to OPEN state
2021-12-06 20:43:18,561 [7942a5ba-8ac7-43cd-836c-4cecbcf2a1fa@group-1793C2F8585F-LeaderElection12] INFO  server.RaftServerConfigKeys (ConfUtils.java:logGet(44)) - raft.server.log.appender.snapshot.chunk.size.max = 16MB (=16777216) (default)
2021-12-06 20:43:18,568 [7942a5ba-8ac7-43cd-836c-4cecbcf2a1fa@group-1793C2F8585F-LeaderElection12] INFO  server.RaftServerConfigKeys (ConfUtils.java:logGet(44)) - raft.server.log.appender.buffer.byte-limit = 33554432 (custom)
2021-12-06 20:43:18,568 [7942a5ba-8ac7-43cd-836c-4cecbcf2a1fa@group-1793C2F8585F-LeaderElection12] INFO  server.RaftServerConfigKeys (ConfUtils.java:logGet(44)) - raft.server.log.appender.buffer.element-limit = 1 (custom)
2021-12-06 20:43:18,568 [7942a5ba-8ac7-43cd-836c-4cecbcf2a1fa@group-1793C2F8585F-LeaderElection12] INFO  grpc.GrpcConfigKeys (ConfUtils.java:logGet(44)) - raft.grpc.server.leader.outstanding.appends.max = 128 (default)
2021-12-06 20:43:18,568 [7942a5ba-8ac7-43cd-836c-4cecbcf2a1fa@group-1793C2F8585F-LeaderElection12] INFO  server.RaftServerConfigKeys (ConfUtils.java:logGet(44)) - raft.server.rpc.request.timeout = 60s (custom)
2021-12-06 20:43:18,568 [7942a5ba-8ac7-43cd-836c-4cecbcf2a1fa@group-1793C2F8585F-LeaderElection12] INFO  server.RaftServerConfigKeys (ConfUtils.java:logGet(44)) - raft.server.log.appender.install.snapshot.enabled = false (custom)
2021-12-06 20:43:18,569 [7942a5ba-8ac7-43cd-836c-4cecbcf2a1fa@group-1793C2F8585F-LeaderElection12] INFO  impl.RoleInfo (RoleInfo.java:updateAndGet(130)) - 7942a5ba-8ac7-43cd-836c-4cecbcf2a1fa: start 7942a5ba-8ac7-43cd-836c-4cecbcf2a1fa@group-1793C2F8585F-LeaderStateImpl
2021-12-06 20:43:18,569 [7942a5ba-8ac7-43cd-836c-4cecbcf2a1fa@group-1793C2F8585F-LeaderElection12] INFO  segmented.SegmentedRaftLogWorker (SegmentedRaftLogWorker.java:startLogSegment(394)) - 7942a5ba-8ac7-43cd-836c-4cecbcf2a1fa@group-1793C2F8585F-SegmentedRaftLogWorker: Starting segment from index:0
2021-12-06 20:43:18,578 [7942a5ba-8ac7-43cd-836c-4cecbcf2a1fa@group-1793C2F8585F-SegmentedRaftLogWorker] INFO  segmented.SegmentedRaftLogWorker (SegmentedRaftLogWorker.java:execute(601)) - 7942a5ba-8ac7-43cd-836c-4cecbcf2a1fa@group-1793C2F8585F-SegmentedRaftLogWorker: created new log segment /home/runner/work/ozone/ozone/hadoop-ozone/integration-test/target/test-dir/MiniOzoneClusterImpl-1f2ada2d-a189-4e3f-a934-1db8589ac524/datanode-1/data/ratis/b1c62d63-b95d-40c4-8a9c-1793c2f8585f/current/log_inprogress_0
2021-12-06 20:43:18,580 [7942a5ba-8ac7-43cd-836c-4cecbcf2a1fa@group-1793C2F8585F-LeaderElection12] INFO  server.RaftServer$Division (ServerState.java:setRaftConf(387)) - 7942a5ba-8ac7-43cd-836c-4cecbcf2a1fa@group-1793C2F8585F: set configuration 0: [ecb94700-366d-4f8f-9ef6-8d2101749b07|rpc:10.1.0.39:40543|dataStream:|priority:0, 69705e4e-5185-49eb-bab0-a05722fc70d0|rpc:10.1.0.39:33255|dataStream:|priority:0, 7942a5ba-8ac7-43cd-836c-4cecbcf2a1fa|rpc:10.1.0.39:42241|dataStream:|priority:1], old=null
2021-12-06 20:43:18,588 [grpc-default-executor-4] INFO  ratis.XceiverServerRatis (XceiverServerRatis.java:handleLeaderChangedNotification(866)) - Leader change notification received for group: group-1793C2F8585F with new leaderId: 7942a5ba-8ac7-43cd-836c-4cecbcf2a1fa
2021-12-06 20:43:18,588 [grpc-default-executor-4] INFO  server.RaftServer$Division (ServerState.java:setLeader(285)) - ecb94700-366d-4f8f-9ef6-8d2101749b07@group-1793C2F8585F: change Leader from null to 7942a5ba-8ac7-43cd-836c-4cecbcf2a1fa at term 3 for appendEntries, leader elected after 15220ms
2021-12-06 20:43:18,592 [grpc-default-executor-4] INFO  ratis.XceiverServerRatis (XceiverServerRatis.java:handleLeaderChangedNotification(866)) - Leader change notification received for group: group-1793C2F8585F with new leaderId: 7942a5ba-8ac7-43cd-836c-4cecbcf2a1fa
2021-12-06 20:43:18,593 [grpc-default-executor-4] INFO  server.RaftServer$Division (ServerState.java:setLeader(285)) - 69705e4e-5185-49eb-bab0-a05722fc70d0@group-1793C2F8585F: change Leader from null to 7942a5ba-8ac7-43cd-836c-4cecbcf2a1fa at term 3 for appendEntries, leader elected after 15325ms
2021-12-06 20:43:18,593 [grpc-default-executor-3] INFO  server.RaftServer$Division (ServerState.java:setRaftConf(387)) - ecb94700-366d-4f8f-9ef6-8d2101749b07@group-1793C2F8585F: set configuration 0: [ecb94700-366d-4f8f-9ef6-8d2101749b07|rpc:10.1.0.39:40543|dataStream:|priority:0, 69705e4e-5185-49eb-bab0-a05722fc70d0|rpc:10.1.0.39:33255|dataStream:|priority:0, 7942a5ba-8ac7-43cd-836c-4cecbcf2a1fa|rpc:10.1.0.39:42241|dataStream:|priority:1], old=null
2021-12-06 20:43:18,594 [grpc-default-executor-3] INFO  segmented.SegmentedRaftLogWorker (SegmentedRaftLogWorker.java:startLogSegment(394)) - ecb94700-366d-4f8f-9ef6-8d2101749b07@group-1793C2F8585F-SegmentedRaftLogWorker: Starting segment from index:0
2021-12-06 20:43:18,595 [ecb94700-366d-4f8f-9ef6-8d2101749b07@group-1793C2F8585F-SegmentedRaftLogWorker] INFO  segmented.SegmentedRaftLogWorker (SegmentedRaftLogWorker.java:execute(601)) - ecb94700-366d-4f8f-9ef6-8d2101749b07@group-1793C2F8585F-SegmentedRaftLogWorker: created new log segment /home/runner/work/ozone/ozone/hadoop-ozone/integration-test/target/test-dir/MiniOzoneClusterImpl-1f2ada2d-a189-4e3f-a934-1db8589ac524/datanode-2/data/ratis/b1c62d63-b95d-40c4-8a9c-1793c2f8585f/current/log_inprogress_0
2021-12-06 20:43:18,600 [grpc-default-executor-4] INFO  server.RaftServer$Division (ServerState.java:setRaftConf(387)) - 69705e4e-5185-49eb-bab0-a05722fc70d0@group-1793C2F8585F: set configuration 0: [ecb94700-366d-4f8f-9ef6-8d2101749b07|rpc:10.1.0.39:40543|dataStream:|priority:0, 69705e4e-5185-49eb-bab0-a05722fc70d0|rpc:10.1.0.39:33255|dataStream:|priority:0, 7942a5ba-8ac7-43cd-836c-4cecbcf2a1fa|rpc:10.1.0.39:42241|dataStream:|priority:1], old=null
2021-12-06 20:43:18,600 [grpc-default-executor-4] INFO  segmented.SegmentedRaftLogWorker (SegmentedRaftLogWorker.java:startLogSegment(394)) - 69705e4e-5185-49eb-bab0-a05722fc70d0@group-1793C2F8585F-SegmentedRaftLogWorker: Starting segment from index:0
2021-12-06 20:43:18,601 [69705e4e-5185-49eb-bab0-a05722fc70d0@group-1793C2F8585F-SegmentedRaftLogWorker] INFO  segmented.SegmentedRaftLogWorker (SegmentedRaftLogWorker.java:execute(601)) - 69705e4e-5185-49eb-bab0-a05722fc70d0@group-1793C2F8585F-SegmentedRaftLogWorker: created new log segment /home/runner/work/ozone/ozone/hadoop-ozone/integration-test/target/test-dir/MiniOzoneClusterImpl-1f2ada2d-a189-4e3f-a934-1db8589ac524/datanode-0/data/ratis/b1c62d63-b95d-40c4-8a9c-1793c2f8585f/current/log_inprogress_0
2021-12-06 20:45:15,444 [Time-limited test] INFO  om.OzoneManager (OzoneManager.java:stop(1835)) - omNode-3[localhost:10944]: Stopping Ozone Manager
2021-12-06 20:45:15,445 [Time-limited test] INFO  ipc.Server (Server.java:stop(3414)) - Stopping server on 10944
2021-12-06 20:45:15,449 [IPC Server listener on 10944] INFO  ipc.Server (Server.java:run(1376)) - Stopping IPC Server listener on 10944
2021-12-06 20:45:15,452 [IPC Server Responder] INFO  ipc.Server (Server.java:run(1512)) - Stopping IPC Server Responder
2021-12-06 20:45:15,454 [Time-limited test] INFO  server.RaftServer (RaftServerProxy.java:lambda$close$6(391)) - omNode-3: close
2021-12-06 20:45:15,454 [Time-limited test] INFO  server.RaftServer$Division (RaftServerImpl.java:lambda$close$4(412)) - omNode-3@group-523986131536: shutdown
2021-12-06 20:45:15,455 [Time-limited test] INFO  util.JmxRegister (JmxRegister.java:unregister(73)) - Successfully un-registered JMX Bean with object name Ratis:service=RaftServer,group=group-523986131536,id=omNode-3
2021-12-06 20:45:15,455 [Time-limited test] INFO  impl.RoleInfo (RoleInfo.java:shutdownFollowerState(108)) - omNode-3: shutdown omNode-3@group-523986131536-FollowerState
2021-12-06 20:45:15,455 [omNode-3@group-523986131536-FollowerState] INFO  impl.FollowerState (FollowerState.java:run(143)) - omNode-3@group-523986131536-FollowerState was interrupted: {}
java.lang.InterruptedException: sleep interrupted
	at java.lang.Thread.sleep(Native Method)
	at java.lang.Thread.sleep(Thread.java:340)
	at java.util.concurrent.TimeUnit.sleep(TimeUnit.java:386)
	at org.apache.ratis.util.TimeDuration.sleep(TimeDuration.java:324)
	at org.apache.ratis.util.TimeDuration.sleep(TimeDuration.java:309)
	at org.apache.ratis.server.impl.FollowerState.run(FollowerState.java:118)
2021-12-06 20:45:15,455 [omNode-3@group-523986131536-StateMachineUpdater] INFO  ratis.OzoneManagerStateMachine (OzoneManagerStateMachine.java:takeSnapshot(417)) - Current Snapshot Index (t:2, i:14)
2021-12-06 20:45:15,456 [omNode-3@group-523986131536-StateMachineUpdater] INFO  impl.StateMachineUpdater (StateMachineUpdater.java:takeSnapshot(281)) - omNode-3@group-523986131536-StateMachineUpdater: Took a snapshot at index 14
2021-12-06 20:45:15,456 [omNode-3@group-523986131536-StateMachineUpdater] INFO  impl.StateMachineUpdater (StateMachineUpdater.java:lambda$new$0(89)) - omNode-3@group-523986131536-StateMachineUpdater: snapshotIndex: updateIncreasingly -1 -> 14
2021-12-06 20:45:15,456 [omNode-3@group-523986131536-StateMachineUpdater] INFO  ratis.OzoneManagerStateMachine (OzoneManagerStateMachine.java:close(471)) - StateMachine has shutdown. Shutdown OzoneManager if not already shutdown.
2021-12-06 20:45:15,457 [Time-limited test] INFO  impl.StateMachineUpdater (StateMachineUpdater.java:stopAndJoin(149)) - omNode-3@group-523986131536-StateMachineUpdater: set stopIndex = 14
2021-12-06 20:45:15,457 [Time-limited test] INFO  server.RaftServer$Division (ServerState.java:close(419)) - omNode-3@group-523986131536: closes. applyIndex: 14
2021-12-06 20:45:15,458 [omNode-3@group-523986131536-SegmentedRaftLogWorker] INFO  segmented.SegmentedRaftLogWorker (SegmentedRaftLogWorker.java:run(327)) - omNode-3@group-523986131536-SegmentedRaftLogWorker was interrupted, exiting. There are 0 tasks remaining in the queue.
2021-12-06 20:45:15,459 [Time-limited test] INFO  segmented.SegmentedRaftLogWorker (SegmentedRaftLogWorker.java:close(237)) - omNode-3@group-523986131536-SegmentedRaftLogWorker close()
2021-12-06 20:45:15,460 [Time-limited test] INFO  server.GrpcService (GrpcService.java:closeImpl(262)) - omNode-3: shutdown server with port 10948 now
2021-12-06 20:45:15,466 [grpc-default-executor-3] WARN  server.GrpcServerProtocolService (LogUtils.java:warn(122)) - omNode-3: installSnapshot onError, lastRequest: omNode-1->omNode-3#142-t2,previous=(t:2, i:15),leaderCommit=14,initializing? true,entries: size=1, first=(t:2, i:16), METADATAENTRY(c:12): org.apache.ratis.thirdparty.io.grpc.StatusRuntimeException: CANCELLED: client cancelled
2021-12-06 20:45:15,475 [grpc-default-executor-4] WARN  server.GrpcLogAppender (LogUtils.java:warn(122)) - omNode-1@group-523986131536->omNode-3-AppendLogResponseHandler: Failed appendEntries: org.apache.ratis.thirdparty.io.grpc.StatusRuntimeException: CANCELLED: HTTP/2 error code: CANCEL
Received Rst Stream
2021-12-06 20:45:15,479 [grpc-default-executor-4] INFO  leader.FollowerInfo (FollowerInfoImpl.java:lambda$new$0(47)) - omNode-1@group-523986131536->omNode-3: nextIndex: updateUnconditionally 17 -> 16
2021-12-06 20:45:15,482 [Time-limited test] INFO  server.GrpcService (GrpcService.java:closeImpl(271)) - omNode-3: shutdown server with port 10948 successfully
2021-12-06 20:45:15,483 [org.apache.ratis.util.JvmPauseMonitor$$Lambda$525/847224871@62fef807] INFO  util.JvmPauseMonitor (JvmPauseMonitor.java:run(109)) - JvmPauseMonitor-omNode-3: Stopped
2021-12-06 20:45:15,483 [Time-limited test] INFO  ratis.OzoneManagerDoubleBuffer (OzoneManagerDoubleBuffer.java:stop(437)) - Stopping OMDoubleBuffer flush thread
2021-12-06 20:45:15,483 [omNode-1@group-523986131536->omNode-3-GrpcLogAppender-LogAppenderDaemon] INFO  server.GrpcLogAppender (GrpcLogAppender.java:installSnapshot(550)) - omNode-1@group-523986131536->omNode-3-GrpcLogAppender: followerNextIndex = 16 but logStartIndex = -1, notify follower to install snapshot-(t:2, i:17)
2021-12-06 20:45:15,486 [OMDoubleBufferFlushThread] INFO  ratis.OzoneManagerDoubleBuffer (OzoneManagerDoubleBuffer.java:flushTransactions(356)) - OMDoubleBuffer flush thread OMDoubleBufferFlushThread is interrupted and will exit. OMDoubleBufferFlushThread
2021-12-06 20:45:15,487 [Time-limited test] INFO  utils.BackgroundService (BackgroundService.java:shutdown(132)) - Shutting down service KeyDeletingService
2021-12-06 20:45:15,487 [Time-limited test] INFO  utils.BackgroundService (BackgroundService.java:shutdown(132)) - Shutting down service DirectoryDeletingService
2021-12-06 20:45:15,493 [Time-limited test] INFO  handler.ContextHandler (ContextHandler.java:doStop(1153)) - Stopped o.e.j.w.WebAppContext@36c6d53b{ozoneManager,/,null,STOPPED}{file:/home/runner/work/ozone/ozone/hadoop-ozone/integration-test/target/test-classes/webapps/ozoneManager}
2021-12-06 20:45:15,496 [omNode-1@group-523986131536->omNode-3-GrpcLogAppender-LogAppenderDaemon] INFO  server.GrpcLogAppender (GrpcLogAppender.java:installSnapshot(558)) - omNode-1@group-523986131536->omNode-3-GrpcLogAppender: send omNode-1->omNode-3#0-t2,notify:(t:2, i:17)
2021-12-06 20:45:15,499 [Time-limited test] INFO  server.AbstractConnector (AbstractConnector.java:doStop(381)) - Stopped ServerConnector@491b5bd9{HTTP/1.1, (http/1.1)}{0.0.0.0:10946}
2021-12-06 20:45:15,500 [Time-limited test] INFO  server.session (HouseKeeper.java:stopScavenging(149)) - node0 Stopped scavenging
2021-12-06 20:45:15,516 [Time-limited test] INFO  handler.ContextHandler (ContextHandler.java:doStop(1153)) - Stopped o.e.j.s.ServletContextHandler@612c4c10{static,/static,file:///home/runner/work/ozone/ozone/hadoop-ozone/integration-test/target/test-classes/webapps/static,STOPPED}
2021-12-06 20:45:15,516 [Time-limited test] INFO  handler.ContextHandler (ContextHandler.java:doStop(1153)) - Stopped o.e.j.s.ServletContextHandler@2fd1f0e4{logs,/logs,file:///home/runner/work/ozone/ozone/hadoop-ozone/integration-test/target/log,STOPPED}
2021-12-06 20:45:15,517 [grpc-default-executor-3] WARN  server.GrpcLogAppender (LogUtils.java:warn(122)) - omNode-1@group-523986131536->omNode-3-InstallSnapshotResponseHandler: Failed InstallSnapshot: org.apache.ratis.thirdparty.io.grpc.StatusRuntimeException: UNAVAILABLE: io exception
2021-12-06 20:45:15,518 [grpc-default-executor-3] INFO  leader.FollowerInfo (FollowerInfoImpl.java:lambda$new$0(47)) - omNode-1@group-523986131536->omNode-3: nextIndex: updateUnconditionally 16 -> 15
2021-12-06 20:45:15,519 [omNode-1@group-523986131536->omNode-3-GrpcLogAppender-LogAppenderDaemon] INFO  server.GrpcLogAppender (GrpcLogAppender.java:installSnapshot(550)) - omNode-1@group-523986131536->omNode-3-GrpcLogAppender: followerNextIndex = 15 but logStartIndex = -1, notify follower to install snapshot-(t:2, i:17)
2021-12-06 20:45:15,519 [omNode-1@group-523986131536->omNode-3-GrpcLogAppender-LogAppenderDaemon] INFO  server.GrpcLogAppender (GrpcLogAppender.java:installSnapshot(558)) - omNode-1@group-523986131536->omNode-3-GrpcLogAppender: send omNode-1->omNode-3#0-t2,notify:(t:2, i:17)
2021-12-06 20:45:15,521 [grpc-default-executor-4] WARN  server.GrpcLogAppender (LogUtils.java:warn(122)) - omNode-1@group-523986131536->omNode-3-AppendLogResponseHandler: Failed appendEntries: org.apache.ratis.thirdparty.io.grpc.StatusRuntimeException: UNAVAILABLE: io exception
2021-12-06 20:45:15,521 [grpc-default-executor-4] INFO  leader.FollowerInfo (FollowerInfoImpl.java:lambda$new$0(47)) - omNode-1@group-523986131536->omNode-3: nextIndex: updateUnconditionally 15 -> 14
2021-12-06 20:45:15,522 [grpc-default-executor-3] WARN  server.GrpcLogAppender (LogUtils.java:warn(122)) - omNode-1@group-523986131536->omNode-3-InstallSnapshotResponseHandler: Failed InstallSnapshot: org.apache.ratis.thirdparty.io.grpc.StatusRuntimeException: UNAVAILABLE: io exception
2021-12-06 20:45:15,522 [grpc-default-executor-3] INFO  leader.FollowerInfo (FollowerInfoImpl.java:lambda$new$0(47)) - omNode-1@group-523986131536->omNode-3: nextIndex: updateUnconditionally 14 -> 13
2021-12-06 20:45:15,523 [Time-limited test] INFO  om.OzoneManager (OzoneManager.java:initFSOLayout(3848)) - Configured ozone.om.metadata.layout=SIMPLE and disabled optimized OM FS operations
2021-12-06 20:45:15,523 [grpc-default-executor-3] WARN  server.GrpcLogAppender (LogUtils.java:warn(122)) - omNode-1@group-523986131536->omNode-3-AppendLogResponseHandler: Failed appendEntries: org.apache.ratis.thirdparty.io.grpc.StatusRuntimeException: UNAVAILABLE: io exception
2021-12-06 20:45:15,523 [Time-limited test] INFO  om.OzoneManager (OzoneManager.java:restart(1457)) - OzoneManager RPC server is listening at localhost/127.0.0.1:10944
2021-12-06 20:45:15,523 [Time-limited test] INFO  impl.MetricsSystemImpl (MetricsSystemImpl.java:init(158)) - OzoneManager metrics system started (again)
2021-12-06 20:45:15,523 [grpc-default-executor-3] INFO  leader.FollowerInfo (FollowerInfoImpl.java:lambda$new$0(47)) - omNode-1@group-523986131536->omNode-3: nextIndex: updateUnconditionally 13 -> 12
2021-12-06 20:45:15,523 [omNode-1@group-523986131536->omNode-3-GrpcLogAppender-LogAppenderDaemon] INFO  server.GrpcLogAppender (GrpcLogAppender.java:installSnapshot(550)) - omNode-1@group-523986131536->omNode-3-GrpcLogAppender: followerNextIndex = 12 but logStartIndex = -1, notify follower to install snapshot-(t:2, i:17)
2021-12-06 20:45:15,524 [omNode-1@group-523986131536->omNode-3-GrpcLogAppender-LogAppenderDaemon] INFO  server.GrpcLogAppender (GrpcLogAppender.java:installSnapshot(558)) - omNode-1@group-523986131536->omNode-3-GrpcLogAppender: send omNode-1->omNode-3#0-t2,notify:(t:2, i:17)
2021-12-06 20:45:15,524 [grpc-default-executor-3] WARN  server.GrpcLogAppender (LogUtils.java:warn(122)) - omNode-1@group-523986131536->omNode-3-InstallSnapshotResponseHandler: Failed InstallSnapshot: org.apache.ratis.thirdparty.io.grpc.StatusRuntimeException: UNAVAILABLE: io exception
2021-12-06 20:45:15,524 [grpc-default-executor-3] INFO  leader.FollowerInfo (FollowerInfoImpl.java:lambda$new$0(47)) - omNode-1@group-523986131536->omNode-3: nextIndex: updateUnconditionally 12 -> 11
2021-12-06 20:45:15,524 [grpc-default-executor-3] WARN  server.GrpcLogAppender (LogUtils.java:warn(122)) - omNode-1@group-523986131536->omNode-3-AppendLogResponseHandler: Failed appendEntries: org.apache.ratis.thirdparty.io.grpc.StatusRuntimeException: UNAVAILABLE: io exception
2021-12-06 20:45:15,524 [grpc-default-executor-3] INFO  leader.FollowerInfo (FollowerInfoImpl.java:lambda$new$0(47)) - omNode-1@group-523986131536->omNode-3: nextIndex: updateUnconditionally 11 -> 10
2021-12-06 20:45:15,524 [omNode-1@group-523986131536->omNode-3-GrpcLogAppender-LogAppenderDaemon] INFO  server.GrpcLogAppender (GrpcLogAppender.java:installSnapshot(550)) - omNode-1@group-523986131536->omNode-3-GrpcLogAppender: followerNextIndex = 10 but logStartIndex = -1, notify follower to install snapshot-(t:2, i:17)
2021-12-06 20:45:15,524 [omNode-1@group-523986131536->omNode-3-GrpcLogAppender-LogAppenderDaemon] INFO  server.GrpcLogAppender (GrpcLogAppender.java:installSnapshot(558)) - omNode-1@group-523986131536->omNode-3-GrpcLogAppender: send omNode-1->omNode-3#0-t2,notify:(t:2, i:17)
2021-12-06 20:45:15,525 [grpc-default-executor-3] WARN  server.GrpcLogAppender (LogUtils.java:warn(122)) - omNode-1@group-523986131536->omNode-3-InstallSnapshotResponseHandler: Failed InstallSnapshot: org.apache.ratis.thirdparty.io.grpc.StatusRuntimeException: UNAVAILABLE: io exception
2021-12-06 20:45:15,525 [grpc-default-executor-3] INFO  leader.FollowerInfo (FollowerInfoImpl.java:lambda$new$0(47)) - omNode-1@group-523986131536->omNode-3: nextIndex: updateUnconditionally 10 -> 9
2021-12-06 20:45:15,525 [grpc-default-executor-3] WARN  server.GrpcLogAppender (LogUtils.java:warn(122)) - omNode-1@group-523986131536->omNode-3-AppendLogResponseHandler: Failed appendEntries: org.apache.ratis.thirdparty.io.grpc.StatusRuntimeException: UNAVAILABLE: io exception
2021-12-06 20:45:15,525 [grpc-default-executor-3] INFO  leader.FollowerInfo (FollowerInfoImpl.java:lambda$new$0(47)) - omNode-1@group-523986131536->omNode-3: nextIndex: updateUnconditionally 9 -> 8
2021-12-06 20:45:15,525 [omNode-1@group-523986131536->omNode-3-GrpcLogAppender-LogAppenderDaemon] INFO  server.GrpcLogAppender (GrpcLogAppender.java:installSnapshot(550)) - omNode-1@group-523986131536->omNode-3-GrpcLogAppender: followerNextIndex = 8 but logStartIndex = -1, notify follower to install snapshot-(t:2, i:17)
2021-12-06 20:45:15,525 [omNode-1@group-523986131536->omNode-3-GrpcLogAppender-LogAppenderDaemon] INFO  server.GrpcLogAppender (GrpcLogAppender.java:installSnapshot(558)) - omNode-1@group-523986131536->omNode-3-GrpcLogAppender: send omNode-1->omNode-3#0-t2,notify:(t:2, i:17)
2021-12-06 20:45:15,525 [grpc-default-executor-3] WARN  server.GrpcLogAppender (LogUtils.java:warn(122)) - omNode-1@group-523986131536->omNode-3-InstallSnapshotResponseHandler: Failed InstallSnapshot: org.apache.ratis.thirdparty.io.grpc.StatusRuntimeException: UNAVAILABLE: io exception
2021-12-06 20:45:15,525 [grpc-default-executor-3] INFO  leader.FollowerInfo (FollowerInfoImpl.java:lambda$new$0(47)) - omNode-1@group-523986131536->omNode-3: nextIndex: updateUnconditionally 8 -> 7
2021-12-06 20:45:15,525 [grpc-default-executor-3] WARN  server.GrpcLogAppender (LogUtils.java:warn(122)) - omNode-1@group-523986131536->omNode-3-AppendLogResponseHandler: Failed appendEntries: org.apache.ratis.thirdparty.io.grpc.StatusRuntimeException: UNAVAILABLE: io exception
2021-12-06 20:45:15,526 [grpc-default-executor-3] INFO  leader.FollowerInfo (FollowerInfoImpl.java:lambda$new$0(47)) - omNode-1@group-523986131536->omNode-3: nextIndex: updateUnconditionally 7 -> 6
2021-12-06 20:45:15,526 [omNode-1@group-523986131536->omNode-3-GrpcLogAppender-LogAppenderDaemon] INFO  server.GrpcLogAppender (GrpcLogAppender.java:installSnapshot(550)) - omNode-1@group-523986131536->omNode-3-GrpcLogAppender: followerNextIndex = 6 but logStartIndex = -1, notify follower to install snapshot-(t:2, i:17)
2021-12-06 20:45:15,526 [omNode-1@group-523986131536->omNode-3-GrpcLogAppender-LogAppenderDaemon] INFO  server.GrpcLogAppender (GrpcLogAppender.java:installSnapshot(558)) - omNode-1@group-523986131536->omNode-3-GrpcLogAppender: send omNode-1->omNode-3#0-t2,notify:(t:2, i:17)
2021-12-06 20:45:15,526 [grpc-default-executor-3] WARN  server.GrpcLogAppender (LogUtils.java:warn(122)) - omNode-1@group-523986131536->omNode-3-InstallSnapshotResponseHandler: Failed InstallSnapshot: org.apache.ratis.thirdparty.io.grpc.StatusRuntimeException: UNAVAILABLE: io exception
2021-12-06 20:45:15,526 [grpc-default-executor-3] INFO  leader.FollowerInfo (FollowerInfoImpl.java:lambda$new$0(47)) - omNode-1@group-523986131536->omNode-3: nextIndex: updateUnconditionally 6 -> 5
2021-12-06 20:45:15,526 [grpc-default-executor-3] WARN  server.GrpcLogAppender (LogUtils.java:warn(122)) - omNode-1@group-523986131536->omNode-3-AppendLogResponseHandler: Failed appendEntries: org.apache.ratis.thirdparty.io.grpc.StatusRuntimeException: UNAVAILABLE: io exception
2021-12-06 20:45:15,526 [grpc-default-executor-3] INFO  leader.FollowerInfo (FollowerInfoImpl.java:lambda$new$0(47)) - omNode-1@group-523986131536->omNode-3: nextIndex: updateUnconditionally 5 -> 4
2021-12-06 20:45:15,526 [omNode-1@group-523986131536->omNode-3-GrpcLogAppender-LogAppenderDaemon] INFO  server.GrpcLogAppender (GrpcLogAppender.java:installSnapshot(550)) - omNode-1@group-523986131536->omNode-3-GrpcLogAppender: followerNextIndex = 4 but logStartIndex = -1, notify follower to install snapshot-(t:2, i:17)
2021-12-06 20:45:15,526 [omNode-1@group-523986131536->omNode-3-GrpcLogAppender-LogAppenderDaemon] INFO  server.GrpcLogAppender (GrpcLogAppender.java:installSnapshot(558)) - omNode-1@group-523986131536->omNode-3-GrpcLogAppender: send omNode-1->omNode-3#0-t2,notify:(t:2, i:17)
2021-12-06 20:45:15,526 [grpc-default-executor-3] WARN  server.GrpcLogAppender (LogUtils.java:warn(122)) - omNode-1@group-523986131536->omNode-3-InstallSnapshotResponseHandler: Failed InstallSnapshot: org.apache.ratis.thirdparty.io.grpc.StatusRuntimeException: UNAVAILABLE: io exception
2021-12-06 20:45:15,527 [grpc-default-executor-3] INFO  leader.FollowerInfo (FollowerInfoImpl.java:lambda$new$0(47)) - omNode-1@group-523986131536->omNode-3: nextIndex: updateUnconditionally 4 -> 3
2021-12-06 20:45:15,527 [grpc-default-executor-3] WARN  server.GrpcLogAppender (LogUtils.java:warn(122)) - omNode-1@group-523986131536->omNode-3-AppendLogResponseHandler: Failed appendEntries: org.apache.ratis.thirdparty.io.grpc.StatusRuntimeException: UNAVAILABLE: io exception
2021-12-06 20:45:15,527 [grpc-default-executor-3] INFO  leader.FollowerInfo (FollowerInfoImpl.java:lambda$new$0(47)) - omNode-1@group-523986131536->omNode-3: nextIndex: updateUnconditionally 3 -> 2
2021-12-06 20:45:15,527 [omNode-1@group-523986131536->omNode-3-GrpcLogAppender-LogAppenderDaemon] INFO  server.GrpcLogAppender (GrpcLogAppender.java:installSnapshot(550)) - omNode-1@group-523986131536->omNode-3-GrpcLogAppender: followerNextIndex = 2 but logStartIndex = -1, notify follower to install snapshot-(t:2, i:17)
2021-12-06 20:45:15,527 [omNode-1@group-523986131536->omNode-3-GrpcLogAppender-LogAppenderDaemon] INFO  server.GrpcLogAppender (GrpcLogAppender.java:installSnapshot(558)) - omNode-1@group-523986131536->omNode-3-GrpcLogAppender: send omNode-1->omNode-3#0-t2,notify:(t:2, i:17)
2021-12-06 20:45:15,527 [grpc-default-executor-3] WARN  server.GrpcLogAppender (LogUtils.java:warn(122)) - omNode-1@group-523986131536->omNode-3-InstallSnapshotResponseHandler: Failed InstallSnapshot: org.apache.ratis.thirdparty.io.grpc.StatusRuntimeException: UNAVAILABLE: io exception
2021-12-06 20:45:15,527 [grpc-default-executor-3] INFO  leader.FollowerInfo (FollowerInfoImpl.java:lambda$new$0(47)) - omNode-1@group-523986131536->omNode-3: nextIndex: updateUnconditionally 2 -> 1
2021-12-06 20:45:15,527 [grpc-default-executor-3] WARN  server.GrpcLogAppender (LogUtils.java:warn(122)) - omNode-1@group-523986131536->omNode-3-AppendLogResponseHandler: Failed appendEntries: org.apache.ratis.thirdparty.io.grpc.StatusRuntimeException: UNAVAILABLE: io exception
2021-12-06 20:45:15,527 [grpc-default-executor-3] INFO  leader.FollowerInfo (FollowerInfoImpl.java:lambda$new$0(47)) - omNode-1@group-523986131536->omNode-3: nextIndex: updateUnconditionally 1 -> 0
2021-12-06 20:45:15,528 [omNode-1@group-523986131536->omNode-3-GrpcLogAppender-LogAppenderDaemon] INFO  server.GrpcLogAppender (GrpcLogAppender.java:installSnapshot(550)) - omNode-1@group-523986131536->omNode-3-GrpcLogAppender: followerNextIndex = 0 but logStartIndex = -1, notify follower to install snapshot-(t:2, i:17)
2021-12-06 20:45:15,528 [omNode-1@group-523986131536->omNode-3-GrpcLogAppender-LogAppenderDaemon] INFO  server.GrpcLogAppender (GrpcLogAppender.java:installSnapshot(558)) - omNode-1@group-523986131536->omNode-3-GrpcLogAppender: send omNode-1->omNode-3#0-t2,notify:(t:2, i:17)
2021-12-06 20:45:15,528 [grpc-default-executor-3] WARN  server.GrpcLogAppender (LogUtils.java:warn(122)) - omNode-1@group-523986131536->omNode-3-InstallSnapshotResponseHandler: Failed InstallSnapshot: org.apache.ratis.thirdparty.io.grpc.StatusRuntimeException: UNAVAILABLE: io exception
2021-12-06 20:45:15,528 [grpc-default-executor-3] INFO  leader.FollowerInfo (FollowerInfoImpl.java:lambda$new$0(47)) - omNode-1@group-523986131536->omNode-3: nextIndex: updateUnconditionally 0 -> 0
2021-12-06 20:45:15,528 [grpc-default-executor-3] WARN  server.GrpcLogAppender (LogUtils.java:warn(122)) - omNode-1@group-523986131536->omNode-3-AppendLogResponseHandler: Failed appendEntries: org.apache.ratis.thirdparty.io.grpc.StatusRuntimeException: UNAVAILABLE: io exception
2021-12-06 20:45:15,528 [grpc-default-executor-3] INFO  leader.FollowerInfo (FollowerInfoImpl.java:lambda$new$0(47)) - omNode-1@group-523986131536->omNode-3: nextIndex: updateUnconditionally 0 -> 0
2021-12-06 20:45:15,528 [omNode-1@group-523986131536->omNode-3-GrpcLogAppender-LogAppenderDaemon] INFO  server.GrpcLogAppender (GrpcLogAppender.java:installSnapshot(550)) - omNode-1@group-523986131536->omNode-3-GrpcLogAppender: followerNextIndex = 0 but logStartIndex = -1, notify follower to install snapshot-(t:2, i:17)
2021-12-06 20:45:15,528 [omNode-1@group-523986131536->omNode-3-GrpcLogAppender-LogAppenderDaemon] INFO  server.GrpcLogAppender (GrpcLogAppender.java:installSnapshot(558)) - omNode-1@group-523986131536->omNode-3-GrpcLogAppender: send omNode-1->omNode-3#0-t2,notify:(t:2, i:17)
2021-12-06 20:45:15,528 [grpc-default-executor-3] WARN  server.GrpcLogAppender (LogUtils.java:warn(122)) - omNode-1@group-523986131536->omNode-3-InstallSnapshotResponseHandler: Failed InstallSnapshot: org.apache.ratis.thirdparty.io.grpc.StatusRuntimeException: UNAVAILABLE: io exception
2021-12-06 20:45:15,529 [grpc-default-executor-3] INFO  leader.FollowerInfo (FollowerInfoImpl.java:lambda$new$0(47)) - omNode-1@group-523986131536->omNode-3: nextIndex: updateUnconditionally 0 -> 0
2021-12-06 20:45:15,529 [grpc-default-executor-3] WARN  server.GrpcLogAppender (LogUtils.java:warn(122)) - omNode-1@group-523986131536->omNode-3-AppendLogResponseHandler: Failed appendEntries: org.apache.ratis.thirdparty.io.grpc.StatusRuntimeException: UNAVAILABLE: io exception
2021-12-06 20:45:15,529 [grpc-default-executor-3] INFO  leader.FollowerInfo (FollowerInfoImpl.java:lambda$new$0(47)) - omNode-1@group-523986131536->omNode-3: nextIndex: updateUnconditionally 0 -> 0
2021-12-06 20:45:15,529 [omNode-1@group-523986131536->omNode-3-GrpcLogAppender-LogAppenderDaemon] INFO  server.GrpcLogAppender (GrpcLogAppender.java:installSnapshot(550)) - omNode-1@group-523986131536->omNode-3-GrpcLogAppender: followerNextIndex = 0 but logStartIndex = -1, notify follower to install snapshot-(t:2, i:17)
2021-12-06 20:45:15,529 [omNode-1@group-523986131536->omNode-3-GrpcLogAppender-LogAppenderDaemon] INFO  server.GrpcLogAppender (GrpcLogAppender.java:installSnapshot(558)) - omNode-1@group-523986131536->omNode-3-GrpcLogAppender: send omNode-1->omNode-3#0-t2,notify:(t:2, i:17)
2021-12-06 20:45:15,529 [grpc-default-executor-3] WARN  server.GrpcLogAppender (LogUtils.java:warn(122)) - omNode-1@group-523986131536->omNode-3-InstallSnapshotResponseHandler: Failed InstallSnapshot: org.apache.ratis.thirdparty.io.grpc.StatusRuntimeException: UNAVAILABLE: io exception
2021-12-06 20:45:15,529 [grpc-default-executor-3] INFO  leader.FollowerInfo (FollowerInfoImpl.java:lambda$new$0(47)) - omNode-1@group-523986131536->omNode-3: nextIndex: updateUnconditionally 0 -> 0
2021-12-06 20:45:15,529 [grpc-default-executor-3] WARN  server.GrpcLogAppender (LogUtils.java:warn(122)) - omNode-1@group-523986131536->omNode-3-AppendLogResponseHandler: Failed appendEntries: org.apache.ratis.thirdparty.io.grpc.StatusRuntimeException: UNAVAILABLE: io exception
2021-12-06 20:45:15,530 [grpc-default-executor-3] INFO  leader.FollowerInfo (FollowerInfoImpl.java:lambda$new$0(47)) - omNode-1@group-523986131536->omNode-3: nextIndex: updateUnconditionally 0 -> 0
2021-12-06 20:45:15,530 [omNode-1@group-523986131536->omNode-3-GrpcLogAppender-LogAppenderDaemon] INFO  server.GrpcLogAppender (GrpcLogAppender.java:installSnapshot(550)) - omNode-1@group-523986131536->omNode-3-GrpcLogAppender: followerNextIndex = 0 but logStartIndex = -1, notify follower to install snapshot-(t:2, i:17)
2021-12-06 20:45:15,530 [omNode-1@group-523986131536->omNode-3-GrpcLogAppender-LogAppenderDaemon] INFO  server.GrpcLogAppender (GrpcLogAppender.java:installSnapshot(558)) - omNode-1@group-523986131536->omNode-3-GrpcLogAppender: send omNode-1->omNode-3#0-t2,notify:(t:2, i:17)
2021-12-06 20:45:15,530 [grpc-default-executor-3] WARN  server.GrpcLogAppender (LogUtils.java:warn(122)) - omNode-1@group-523986131536->omNode-3-InstallSnapshotResponseHandler: Failed InstallSnapshot: org.apache.ratis.thirdparty.io.grpc.StatusRuntimeException: UNAVAILABLE: io exception
2021-12-06 20:45:15,530 [grpc-default-executor-3] INFO  leader.FollowerInfo (FollowerInfoImpl.java:lambda$new$0(47)) - omNode-1@group-523986131536->omNode-3: nextIndex: updateUnconditionally 0 -> 0
2021-12-06 20:45:15,530 [grpc-default-executor-3] WARN  server.GrpcLogAppender (LogUtils.java:warn(122)) - omNode-1@group-523986131536->omNode-3-AppendLogResponseHandler: Failed appendEntries: org.apache.ratis.thirdparty.io.grpc.StatusRuntimeException: UNAVAILABLE: io exception
2021-12-06 20:45:15,531 [grpc-default-executor-3] INFO  leader.FollowerInfo (FollowerInfoImpl.java:lambda$new$0(47)) - omNode-1@group-523986131536->omNode-3: nextIndex: updateUnconditionally 0 -> 0
2021-12-06 20:45:15,531 [omNode-1@group-523986131536->omNode-3-GrpcLogAppender-LogAppenderDaemon] INFO  server.GrpcLogAppender (GrpcLogAppender.java:installSnapshot(550)) - omNode-1@group-523986131536->omNode-3-GrpcLogAppender: followerNextIndex = 0 but logStartIndex = -1, notify follower to install snapshot-(t:2, i:17)
2021-12-06 20:45:15,531 [omNode-1@group-523986131536->omNode-3-GrpcLogAppender-LogAppenderDaemon] INFO  server.GrpcLogAppender (GrpcLogAppender.java:installSnapshot(558)) - omNode-1@group-523986131536->omNode-3-GrpcLogAppender: send omNode-1->omNode-3#0-t2,notify:(t:2, i:17)
2021-12-06 20:45:15,536 [grpc-default-executor-4] WARN  server.GrpcLogAppender (LogUtils.java:warn(122)) - omNode-1@group-523986131536->omNode-3-InstallSnapshotResponseHandler: Failed InstallSnapshot: org.apache.ratis.thirdparty.io.grpc.StatusRuntimeException: UNAVAILABLE: io exception
2021-12-06 20:45:15,536 [grpc-default-executor-4] INFO  leader.FollowerInfo (FollowerInfoImpl.java:lambda$new$0(47)) - omNode-1@group-523986131536->omNode-3: nextIndex: updateUnconditionally 0 -> 0
2021-12-06 20:45:15,537 [omNode-1@group-523986131536->omNode-3-GrpcLogAppender-LogAppenderDaemon] INFO  server.GrpcLogAppender (GrpcLogAppender.java:installSnapshot(550)) - omNode-1@group-523986131536->omNode-3-GrpcLogAppender: followerNextIndex = 0 but logStartIndex = -1, notify follower to install snapshot-(t:2, i:17)
2021-12-06 20:45:15,537 [omNode-1@group-523986131536->omNode-3-GrpcLogAppender-LogAppenderDaemon] INFO  server.GrpcLogAppender (GrpcLogAppender.java:installSnapshot(558)) - omNode-1@group-523986131536->omNode-3-GrpcLogAppender: send omNode-1->omNode-3#0-t2,notify:(t:2, i:17)
2021-12-06 20:45:15,541 [grpc-default-executor-4] WARN  server.GrpcLogAppender (LogUtils.java:warn(122)) - omNode-1@group-523986131536->omNode-3-AppendLogResponseHandler: Failed appendEntries: org.apache.ratis.thirdparty.io.grpc.StatusRuntimeException: UNAVAILABLE: io exception
2021-12-06 20:45:15,542 [grpc-default-executor-4] INFO  leader.FollowerInfo (FollowerInfoImpl.java:lambda$new$0(47)) - omNode-1@group-523986131536->omNode-3: nextIndex: updateUnconditionally 0 -> 0
2021-12-06 20:45:15,546 [grpc-default-executor-6] WARN  server.GrpcLogAppender (LogUtils.java:warn(122)) - omNode-1@group-523986131536->omNode-3-InstallSnapshotResponseHandler: Failed InstallSnapshot: org.apache.ratis.thirdparty.io.grpc.StatusRuntimeException: UNAVAILABLE: io exception
2021-12-06 20:45:15,547 [grpc-default-executor-6] INFO  leader.FollowerInfo (FollowerInfoImpl.java:lambda$new$0(47)) - omNode-1@group-523986131536->omNode-3: nextIndex: updateUnconditionally 0 -> 0
2021-12-06 20:45:15,547 [omNode-1@group-523986131536->omNode-3-GrpcLogAppender-LogAppenderDaemon] INFO  server.GrpcLogAppender (GrpcLogAppender.java:installSnapshot(550)) - omNode-1@group-523986131536->omNode-3-GrpcLogAppender: followerNextIndex = 0 but logStartIndex = -1, notify follower to install snapshot-(t:2, i:17)
2021-12-06 20:45:15,547 [omNode-1@group-523986131536->omNode-3-GrpcLogAppender-LogAppenderDaemon] INFO  server.GrpcLogAppender (GrpcLogAppender.java:installSnapshot(558)) - omNode-1@group-523986131536->omNode-3-GrpcLogAppender: send omNode-1->omNode-3#0-t2,notify:(t:2, i:17)
2021-12-06 20:45:15,549 [grpc-default-executor-4] WARN  server.GrpcLogAppender (LogUtils.java:warn(122)) - omNode-1@group-523986131536->omNode-3-InstallSnapshotResponseHandler: Failed InstallSnapshot: org.apache.ratis.thirdparty.io.grpc.StatusRuntimeException: UNAVAILABLE: io exception
2021-12-06 20:45:15,549 [grpc-default-executor-3] WARN  server.GrpcLogAppender (LogUtils.java:warn(122)) - omNode-1@group-523986131536->omNode-3-AppendLogResponseHandler: Failed appendEntries: org.apache.ratis.thirdparty.io.grpc.StatusRuntimeException: UNAVAILABLE: io exception
2021-12-06 20:45:15,549 [grpc-default-executor-4] INFO  leader.FollowerInfo (FollowerInfoImpl.java:lambda$new$0(47)) - omNode-1@group-523986131536->omNode-3: nextIndex: updateUnconditionally 0 -> 0
2021-12-06 20:45:15,549 [grpc-default-executor-3] INFO  leader.FollowerInfo (FollowerInfoImpl.java:lambda$new$0(47)) - omNode-1@group-523986131536->omNode-3: nextIndex: updateUnconditionally 0 -> 0
2021-12-06 20:45:15,550 [omNode-1@group-523986131536->omNode-3-GrpcLogAppender-LogAppenderDaemon] INFO  server.GrpcLogAppender (GrpcLogAppender.java:installSnapshot(550)) - omNode-1@group-523986131536->omNode-3-GrpcLogAppender: followerNextIndex = 0 but logStartIndex = -1, notify follower to install snapshot-(t:2, i:17)
2021-12-06 20:45:15,550 [omNode-1@group-523986131536->omNode-3-GrpcLogAppender-LogAppenderDaemon] INFO  server.GrpcLogAppender (GrpcLogAppender.java:installSnapshot(558)) - omNode-1@group-523986131536->omNode-3-GrpcLogAppender: send omNode-1->omNode-3#0-t2,notify:(t:2, i:17)
2021-12-06 20:45:15,550 [grpc-default-executor-3] WARN  server.GrpcLogAppender (LogUtils.java:warn(122)) - omNode-1@group-523986131536->omNode-3-InstallSnapshotResponseHandler: Failed InstallSnapshot: org.apache.ratis.thirdparty.io.grpc.StatusRuntimeException: UNAVAILABLE: io exception
2021-12-06 20:45:15,550 [grpc-default-executor-6] WARN  server.GrpcLogAppender (LogUtils.java:warn(122)) - omNode-1@group-523986131536->omNode-3-AppendLogResponseHandler: Failed appendEntries: org.apache.ratis.thirdparty.io.grpc.StatusRuntimeException: UNAVAILABLE: io exception
2021-12-06 20:45:15,551 [grpc-default-executor-3] INFO  leader.FollowerInfo (FollowerInfoImpl.java:lambda$new$0(47)) - omNode-1@group-523986131536->omNode-3: nextIndex: updateUnconditionally 0 -> 0
2021-12-06 20:45:15,551 [grpc-default-executor-6] INFO  leader.FollowerInfo (FollowerInfoImpl.java:lambda$new$0(47)) - omNode-1@group-523986131536->omNode-3: nextIndex: updateUnconditionally 0 -> 0
2021-12-06 20:45:15,552 [omNode-1@group-523986131536->omNode-3-GrpcLogAppender-LogAppenderDaemon] INFO  server.GrpcLogAppender (GrpcLogAppender.java:installSnapshot(550)) - omNode-1@group-523986131536->omNode-3-GrpcLogAppender: followerNextIndex = 0 but logStartIndex = -1, notify follower to install snapshot-(t:2, i:17)
2021-12-06 20:45:15,552 [omNode-1@group-523986131536->omNode-3-GrpcLogAppender-LogAppenderDaemon] INFO  server.GrpcLogAppender (GrpcLogAppender.java:installSnapshot(558)) - omNode-1@group-523986131536->omNode-3-GrpcLogAppender: send omNode-1->omNode-3#0-t2,notify:(t:2, i:17)
2021-12-06 20:45:15,552 [grpc-default-executor-4] WARN  server.GrpcLogAppender (LogUtils.java:warn(122)) - omNode-1@group-523986131536->omNode-3-AppendLogResponseHandler: Failed appendEntries: org.apache.ratis.thirdparty.io.grpc.StatusRuntimeException: UNAVAILABLE: io exception
2021-12-06 20:45:15,552 [grpc-default-executor-6] WARN  server.GrpcLogAppender (LogUtils.java:warn(122)) - omNode-1@group-523986131536->omNode-3-InstallSnapshotResponseHandler: Failed InstallSnapshot: org.apache.ratis.thirdparty.io.grpc.StatusRuntimeException: UNAVAILABLE: io exception
2021-12-06 20:45:15,553 [grpc-default-executor-4] INFO  leader.FollowerInfo (FollowerInfoImpl.java:lambda$new$0(47)) - omNode-1@group-523986131536->omNode-3: nextIndex: updateUnconditionally 0 -> 0
2021-12-06 20:45:15,553 [grpc-default-executor-6] INFO  leader.FollowerInfo (FollowerInfoImpl.java:lambda$new$0(47)) - omNode-1@group-523986131536->omNode-3: nextIndex: updateUnconditionally 0 -> 0
2021-12-06 20:45:15,558 [omNode-1@group-523986131536->omNode-3-GrpcLogAppender-LogAppenderDaemon] INFO  server.GrpcLogAppender (GrpcLogAppender.java:installSnapshot(550)) - omNode-1@group-523986131536->omNode-3-GrpcLogAppender: followerNextIndex = 0 but logStartIndex = -1, notify follower to install snapshot-(t:2, i:17)
2021-12-06 20:45:15,559 [grpc-default-executor-6] WARN  server.GrpcLogAppender (LogUtils.java:warn(122)) - omNode-1@group-523986131536->omNode-3-AppendLogResponseHandler: Failed appendEntries: org.apache.ratis.thirdparty.io.grpc.StatusRuntimeException: UNAVAILABLE: io exception
2021-12-06 20:45:15,559 [omNode-1@group-523986131536->omNode-3-GrpcLogAppender-LogAppenderDaemon] INFO  server.GrpcLogAppender (GrpcLogAppender.java:installSnapshot(558)) - omNode-1@group-523986131536->omNode-3-GrpcLogAppender: send omNode-1->omNode-3#0-t2,notify:(t:2, i:17)
2021-12-06 20:45:15,559 [grpc-default-executor-4] WARN  server.GrpcLogAppender (LogUtils.java:warn(122)) - omNode-1@group-523986131536->omNode-3-InstallSnapshotResponseHandler: Failed InstallSnapshot: org.apache.ratis.thirdparty.io.grpc.StatusRuntimeException: UNAVAILABLE: io exception
2021-12-06 20:45:15,559 [grpc-default-executor-4] INFO  leader.FollowerInfo (FollowerInfoImpl.java:lambda$new$0(47)) - omNode-1@group-523986131536->omNode-3: nextIndex: updateUnconditionally 0 -> 0
2021-12-06 20:45:15,560 [omNode-1@group-523986131536->omNode-3-GrpcLogAppender-LogAppenderDaemon] INFO  server.GrpcLogAppender (GrpcLogAppender.java:installSnapshot(550)) - omNode-1@group-523986131536->omNode-3-GrpcLogAppender: followerNextIndex = 0 but logStartIndex = -1, notify follower to install snapshot-(t:2, i:17)
2021-12-06 20:45:15,560 [omNode-1@group-523986131536->omNode-3-GrpcLogAppender-LogAppenderDaemon] INFO  server.GrpcLogAppender (GrpcLogAppender.java:installSnapshot(558)) - omNode-1@group-523986131536->omNode-3-GrpcLogAppender: send omNode-1->omNode-3#0-t2,notify:(t:2, i:17)
2021-12-06 20:45:15,560 [grpc-default-executor-3] WARN  server.GrpcLogAppender (LogUtils.java:warn(122)) - omNode-1@group-523986131536->omNode-3-AppendLogResponseHandler: Failed appendEntries: org.apache.ratis.thirdparty.io.grpc.StatusRuntimeException: UNAVAILABLE: io exception
2021-12-06 20:45:15,560 [grpc-default-executor-4] WARN  server.GrpcLogAppender (LogUtils.java:warn(122)) - omNode-1@group-523986131536->omNode-3-InstallSnapshotResponseHandler: Failed InstallSnapshot: org.apache.ratis.thirdparty.io.grpc.StatusRuntimeException: UNAVAILABLE: io exception
2021-12-06 20:45:15,562 [grpc-default-executor-6] INFO  leader.FollowerInfo (FollowerInfoImpl.java:lambda$new$0(47)) - omNode-1@group-523986131536->omNode-3: nextIndex: updateUnconditionally 0 -> 0
2021-12-06 20:45:15,563 [grpc-default-executor-3] INFO  leader.FollowerInfo (FollowerInfoImpl.java:lambda$new$0(47)) - omNode-1@group-523986131536->omNode-3: nextIndex: updateUnconditionally 0 -> 0
2021-12-06 20:45:15,563 [grpc-default-executor-4] INFO  leader.FollowerInfo (FollowerInfoImpl.java:lambda$new$0(47)) - omNode-1@group-523986131536->omNode-3: nextIndex: updateUnconditionally 0 -> 0
2021-12-06 20:45:15,563 [omNode-1@group-523986131536->omNode-3-GrpcLogAppender-LogAppenderDaemon] INFO  server.GrpcLogAppender (GrpcLogAppender.java:installSnapshot(550)) - omNode-1@group-523986131536->omNode-3-GrpcLogAppender: followerNextIndex = 0 but logStartIndex = -1, notify follower to install snapshot-(t:2, i:17)
2021-12-06 20:45:15,563 [omNode-1@group-523986131536->omNode-3-GrpcLogAppender-LogAppenderDaemon] INFO  server.GrpcLogAppender (GrpcLogAppender.java:installSnapshot(558)) - omNode-1@group-523986131536->omNode-3-GrpcLogAppender: send omNode-1->omNode-3#0-t2,notify:(t:2, i:17)
2021-12-06 20:45:15,564 [grpc-default-executor-3] WARN  server.GrpcLogAppender (LogUtils.java:warn(122)) - omNode-1@group-523986131536->omNode-3-AppendLogResponseHandler: Failed appendEntries: org.apache.ratis.thirdparty.io.grpc.StatusRuntimeException: UNAVAILABLE: io exception
2021-12-06 20:45:15,564 [grpc-default-executor-3] INFO  leader.FollowerInfo (FollowerInfoImpl.java:lambda$new$0(47)) - omNode-1@group-523986131536->omNode-3: nextIndex: updateUnconditionally 0 -> 0
2021-12-06 20:45:15,564 [grpc-default-executor-3] WARN  server.GrpcLogAppender (LogUtils.java:warn(122)) - omNode-1@group-523986131536->omNode-3-InstallSnapshotResponseHandler: Failed InstallSnapshot: org.apache.ratis.thirdparty.io.grpc.StatusRuntimeException: UNAVAILABLE: io exception
2021-12-06 20:45:15,564 [grpc-default-executor-3] INFO  leader.FollowerInfo (FollowerInfoImpl.java:lambda$new$0(47)) - omNode-1@group-523986131536->omNode-3: nextIndex: updateUnconditionally 0 -> 0
2021-12-06 20:45:15,565 [omNode-1@group-523986131536->omNode-3-GrpcLogAppender-LogAppenderDaemon] INFO  server.GrpcLogAppender (GrpcLogAppender.java:installSnapshot(550)) - omNode-1@group-523986131536->omNode-3-GrpcLogAppender: followerNextIndex = 0 but logStartIndex = -1, notify follower to install snapshot-(t:2, i:17)
2021-12-06 20:45:15,565 [omNode-1@group-523986131536->omNode-3-GrpcLogAppender-LogAppenderDaemon] INFO  server.GrpcLogAppender (GrpcLogAppender.java:installSnapshot(558)) - omNode-1@group-523986131536->omNode-3-GrpcLogAppender: send omNode-1->omNode-3#0-t2,notify:(t:2, i:17)
2021-12-06 20:45:15,565 [grpc-default-executor-4] WARN  server.GrpcLogAppender (LogUtils.java:warn(122)) - omNode-1@group-523986131536->omNode-3-InstallSnapshotResponseHandler: Failed InstallSnapshot: org.apache.ratis.thirdparty.io.grpc.StatusRuntimeException: UNAVAILABLE: io exception
2021-12-06 20:45:15,565 [grpc-default-executor-4] INFO  leader.FollowerInfo (FollowerInfoImpl.java:lambda$new$0(47)) - omNode-1@group-523986131536->omNode-3: nextIndex: updateUnconditionally 0 -> 0
2021-12-06 20:45:15,566 [omNode-1@group-523986131536->omNode-3-GrpcLogAppender-LogAppenderDaemon] INFO  server.GrpcLogAppender (GrpcLogAppender.java:installSnapshot(550)) - omNode-1@group-523986131536->omNode-3-GrpcLogAppender: followerNextIndex = 0 but logStartIndex = -1, notify follower to install snapshot-(t:2, i:17)
2021-12-06 20:45:15,566 [omNode-1@group-523986131536->omNode-3-GrpcLogAppender-LogAppenderDaemon] INFO  server.GrpcLogAppender (GrpcLogAppender.java:installSnapshot(558)) - omNode-1@group-523986131536->omNode-3-GrpcLogAppender: send omNode-1->omNode-3#0-t2,notify:(t:2, i:17)
2021-12-06 20:45:15,566 [grpc-default-executor-4] WARN  server.GrpcLogAppender (LogUtils.java:warn(122)) - omNode-1@group-523986131536->omNode-3-AppendLogResponseHandler: Failed appendEntries: org.apache.ratis.thirdparty.io.grpc.StatusRuntimeException: UNAVAILABLE: io exception
2021-12-06 20:45:15,566 [grpc-default-executor-4] INFO  leader.FollowerInfo (FollowerInfoImpl.java:lambda$new$0(47)) - omNode-1@group-523986131536->omNode-3: nextIndex: updateUnconditionally 0 -> 0
2021-12-06 20:45:15,567 [grpc-default-executor-3] WARN  server.GrpcLogAppender (LogUtils.java:warn(122)) - omNode-1@group-523986131536->omNode-3-InstallSnapshotResponseHandler: Failed InstallSnapshot: org.apache.ratis.thirdparty.io.grpc.StatusRuntimeException: UNAVAILABLE: io exception
2021-12-06 20:45:15,567 [grpc-default-executor-3] INFO  leader.FollowerInfo (FollowerInfoImpl.java:lambda$new$0(47)) - omNode-1@group-523986131536->omNode-3: nextIndex: updateUnconditionally 0 -> 0
2021-12-06 20:45:15,567 [omNode-1@group-523986131536->omNode-3-GrpcLogAppender-LogAppenderDaemon] INFO  server.GrpcLogAppender (GrpcLogAppender.java:installSnapshot(550)) - omNode-1@group-523986131536->omNode-3-GrpcLogAppender: followerNextIndex = 0 but logStartIndex = -1, notify follower to install snapshot-(t:2, i:17)
2021-12-06 20:45:15,567 [omNode-1@group-523986131536->omNode-3-GrpcLogAppender-LogAppenderDaemon] INFO  server.GrpcLogAppender (GrpcLogAppender.java:installSnapshot(558)) - omNode-1@group-523986131536->omNode-3-GrpcLogAppender: send omNode-1->omNode-3#0-t2,notify:(t:2, i:17)
2021-12-06 20:45:15,568 [grpc-default-executor-3] WARN  server.GrpcLogAppender (LogUtils.java:warn(122)) - omNode-1@group-523986131536->omNode-3-AppendLogResponseHandler: Failed appendEntries: org.apache.ratis.thirdparty.io.grpc.StatusRuntimeException: UNAVAILABLE: io exception
2021-12-06 20:45:15,568 [grpc-default-executor-3] INFO  leader.FollowerInfo (FollowerInfoImpl.java:lambda$new$0(47)) - omNode-1@group-523986131536->omNode-3: nextIndex: updateUnconditionally 0 -> 0
2021-12-06 20:45:15,569 [grpc-default-executor-4] WARN  server.GrpcLogAppender (LogUtils.java:warn(122)) - omNode-1@group-523986131536->omNode-3-InstallSnapshotResponseHandler: Failed InstallSnapshot: org.apache.ratis.thirdparty.io.grpc.StatusRuntimeException: UNAVAILABLE: io exception
2021-12-06 20:45:15,569 [grpc-default-executor-4] INFO  leader.FollowerInfo (FollowerInfoImpl.java:lambda$new$0(47)) - omNode-1@group-523986131536->omNode-3: nextIndex: updateUnconditionally 0 -> 0
2021-12-06 20:45:15,569 [omNode-1@group-523986131536->omNode-3-GrpcLogAppender-LogAppenderDaemon] INFO  server.GrpcLogAppender (GrpcLogAppender.java:installSnapshot(550)) - omNode-1@group-523986131536->omNode-3-GrpcLogAppender: followerNextIndex = 0 but logStartIndex = -1, notify follower to install snapshot-(t:2, i:17)
2021-12-06 20:45:15,569 [omNode-1@group-523986131536->omNode-3-GrpcLogAppender-LogAppenderDaemon] INFO  server.GrpcLogAppender (GrpcLogAppender.java:installSnapshot(558)) - omNode-1@group-523986131536->omNode-3-GrpcLogAppender: send omNode-1->omNode-3#0-t2,notify:(t:2, i:17)
2021-12-06 20:45:15,570 [grpc-default-executor-4] WARN  server.GrpcLogAppender (LogUtils.java:warn(122)) - omNode-1@group-523986131536->omNode-3-AppendLogResponseHandler: Failed appendEntries: org.apache.ratis.thirdparty.io.grpc.StatusRuntimeException: UNAVAILABLE: io exception
2021-12-06 20:45:15,570 [grpc-default-executor-4] INFO  leader.FollowerInfo (FollowerInfoImpl.java:lambda$new$0(47)) - omNode-1@group-523986131536->omNode-3: nextIndex: updateUnconditionally 0 -> 0
2021-12-06 20:45:15,574 [grpc-default-executor-3] WARN  server.GrpcLogAppender (LogUtils.java:warn(122)) - omNode-1@group-523986131536->omNode-3-InstallSnapshotResponseHandler: Failed InstallSnapshot: org.apache.ratis.thirdparty.io.grpc.StatusRuntimeException: UNAVAILABLE: io exception
2021-12-06 20:45:15,574 [grpc-default-executor-3] INFO  leader.FollowerInfo (FollowerInfoImpl.java:lambda$new$0(47)) - omNode-1@group-523986131536->omNode-3: nextIndex: updateUnconditionally 0 -> 0
2021-12-06 20:45:15,574 [Time-limited test] WARN  server.ServerUtils (ServerUtils.java:getDBPath(225)) - ozone.om.db.dirs is not configured. We recommend adding this setting. Falling back to ozone.metadata.dirs instead.
2021-12-06 20:45:15,574 [omNode-1@group-523986131536->omNode-3-GrpcLogAppender-LogAppenderDaemon] INFO  server.GrpcLogAppender (GrpcLogAppender.java:installSnapshot(550)) - omNode-1@group-523986131536->omNode-3-GrpcLogAppender: followerNextIndex = 0 but logStartIndex = -1, notify follower to install snapshot-(t:2, i:17)
2021-12-06 20:45:15,577 [omNode-1@group-523986131536->omNode-3-GrpcLogAppender-LogAppenderDaemon] INFO  server.GrpcLogAppender (GrpcLogAppender.java:installSnapshot(558)) - omNode-1@group-523986131536->omNode-3-GrpcLogAppender: send omNode-1->omNode-3#0-t2,notify:(t:2, i:17)
2021-12-06 20:45:15,580 [grpc-default-executor-7] WARN  server.GrpcLogAppender (LogUtils.java:warn(122)) - omNode-1@group-523986131536->omNode-3-AppendLogResponseHandler: Failed appendEntries: org.apache.ratis.thirdparty.io.grpc.StatusRuntimeException: UNAVAILABLE: io exception
2021-12-06 20:45:15,580 [grpc-default-executor-7] INFO  leader.FollowerInfo (FollowerInfoImpl.java:lambda$new$0(47)) - omNode-1@group-523986131536->omNode-3: nextIndex: updateUnconditionally 0 -> 0
2021-12-06 20:45:15,580 [grpc-default-executor-4] WARN  server.GrpcLogAppender (LogUtils.java:warn(122)) - omNode-1@group-523986131536->omNode-3-AppendLogResponseHandler: Failed appendEntries: org.apache.ratis.thirdparty.io.grpc.StatusRuntimeException: UNAVAILABLE: io exception
2021-12-06 20:45:15,580 [grpc-default-executor-4] INFO  leader.FollowerInfo (FollowerInfoImpl.java:lambda$new$0(47)) - omNode-1@group-523986131536->omNode-3: nextIndex: updateUnconditionally 0 -> 0
2021-12-06 20:45:15,580 [grpc-default-executor-4] WARN  server.GrpcLogAppender (LogUtils.java:warn(122)) - omNode-1@group-523986131536->omNode-3-InstallSnapshotResponseHandler: Failed InstallSnapshot: org.apache.ratis.thirdparty.io.grpc.StatusRuntimeException: UNAVAILABLE: io exception
2021-12-06 20:45:15,580 [grpc-default-executor-4] INFO  leader.FollowerInfo (FollowerInfoImpl.java:lambda$new$0(47)) - omNode-1@group-523986131536->omNode-3: nextIndex: updateUnconditionally 0 -> 0
2021-12-06 20:45:15,581 [omNode-1@group-523986131536->omNode-3-GrpcLogAppender-LogAppenderDaemon] INFO  server.GrpcLogAppender (GrpcLogAppender.java:installSnapshot(550)) - omNode-1@group-523986131536->omNode-3-GrpcLogAppender: followerNextIndex = 0 but logStartIndex = -1, notify follower to install snapshot-(t:2, i:17)
2021-12-06 20:45:15,581 [omNode-1@group-523986131536->omNode-3-GrpcLogAppender-LogAppenderDaemon] INFO  server.GrpcLogAppender (GrpcLogAppender.java:installSnapshot(558)) - omNode-1@group-523986131536->omNode-3-GrpcLogAppender: send omNode-1->omNode-3#0-t2,notify:(t:2, i:17)
2021-12-06 20:45:15,581 [grpc-default-executor-3] WARN  server.GrpcLogAppender (LogUtils.java:warn(122)) - omNode-1@group-523986131536->omNode-3-InstallSnapshotResponseHandler: Failed InstallSnapshot: org.apache.ratis.thirdparty.io.grpc.StatusRuntimeException: UNAVAILABLE: io exception
2021-12-06 20:45:15,581 [grpc-default-executor-3] INFO  leader.FollowerInfo (FollowerInfoImpl.java:lambda$new$0(47)) - omNode-1@group-523986131536->omNode-3: nextIndex: updateUnconditionally 0 -> 0
2021-12-06 20:45:15,581 [omNode-1@group-523986131536->omNode-3-GrpcLogAppender-LogAppenderDaemon] INFO  server.GrpcLogAppender (GrpcLogAppender.java:installSnapshot(550)) - omNode-1@group-523986131536->omNode-3-GrpcLogAppender: followerNextIndex = 0 but logStartIndex = -1, notify follower to install snapshot-(t:2, i:17)
2021-12-06 20:45:15,581 [omNode-1@group-523986131536->omNode-3-GrpcLogAppender-LogAppenderDaemon] INFO  server.GrpcLogAppender (GrpcLogAppender.java:installSnapshot(558)) - omNode-1@group-523986131536->omNode-3-GrpcLogAppender: send omNode-1->omNode-3#0-t2,notify:(t:2, i:17)
2021-12-06 20:45:15,581 [grpc-default-executor-3] WARN  server.GrpcLogAppender (LogUtils.java:warn(122)) - omNode-1@group-523986131536->omNode-3-AppendLogResponseHandler: Failed appendEntries: org.apache.ratis.thirdparty.io.grpc.StatusRuntimeException: UNAVAILABLE: io exception
2021-12-06 20:45:15,581 [grpc-default-executor-3] INFO  leader.FollowerInfo (FollowerInfoImpl.java:lambda$new$0(47)) - omNode-1@group-523986131536->omNode-3: nextIndex: updateUnconditionally 0 -> 0
2021-12-06 20:45:15,582 [grpc-default-executor-4] WARN  server.GrpcLogAppender (LogUtils.java:warn(122)) - omNode-1@group-523986131536->omNode-3-AppendLogResponseHandler: Failed appendEntries: org.apache.ratis.thirdparty.io.grpc.StatusRuntimeException: UNAVAILABLE: io exception
2021-12-06 20:45:15,582 [grpc-default-executor-4] INFO  leader.FollowerInfo (FollowerInfoImpl.java:lambda$new$0(47)) - omNode-1@group-523986131536->omNode-3: nextIndex: updateUnconditionally 0 -> 0
2021-12-06 20:45:15,584 [grpc-default-executor-7] WARN  server.GrpcLogAppender (LogUtils.java:warn(122)) - omNode-1@group-523986131536->omNode-3-InstallSnapshotResponseHandler: Failed InstallSnapshot: org.apache.ratis.thirdparty.io.grpc.StatusRuntimeException: UNAVAILABLE: io exception
2021-12-06 20:45:15,584 [grpc-default-executor-7] INFO  leader.FollowerInfo (FollowerInfoImpl.java:lambda$new$0(47)) - omNode-1@group-523986131536->omNode-3: nextIndex: updateUnconditionally 0 -> 0
2021-12-06 20:45:15,584 [omNode-1@group-523986131536->omNode-3-GrpcLogAppender-LogAppenderDaemon] INFO  server.GrpcLogAppender (GrpcLogAppender.java:installSnapshot(550)) - omNode-1@group-523986131536->omNode-3-GrpcLogAppender: followerNextIndex = 0 but logStartIndex = -1, notify follower to install snapshot-(t:2, i:17)
2021-12-06 20:45:15,584 [Time-limited test] INFO  codec.OmKeyInfoCodec (OmKeyInfoCodec.java:<init>(50)) - OmKeyInfoCodec ignorePipeline = true
2021-12-06 20:45:15,584 [omNode-1@group-523986131536->omNode-3-GrpcLogAppender-LogAppenderDaemon] INFO  server.GrpcLogAppender (GrpcLogAppender.java:installSnapshot(558)) - omNode-1@group-523986131536->omNode-3-GrpcLogAppender: send omNode-1->omNode-3#0-t2,notify:(t:2, i:17)
2021-12-06 20:45:15,584 [grpc-default-executor-7] WARN  server.GrpcLogAppender (LogUtils.java:warn(122)) - omNode-1@group-523986131536->omNode-3-AppendLogResponseHandler: Failed appendEntries: org.apache.ratis.thirdparty.io.grpc.StatusRuntimeException: UNAVAILABLE: io exception
2021-12-06 20:45:15,584 [Time-limited test] INFO  codec.RepeatedOmKeyInfoCodec (RepeatedOmKeyInfoCodec.java:<init>(42)) - RepeatedOmKeyInfoCodec ignorePipeline = true
2021-12-06 20:45:15,584 [grpc-default-executor-4] WARN  server.GrpcLogAppender (LogUtils.java:warn(122)) - omNode-1@group-523986131536->omNode-3-InstallSnapshotResponseHandler: Failed InstallSnapshot: org.apache.ratis.thirdparty.io.grpc.StatusRuntimeException: UNAVAILABLE: io exception
2021-12-06 20:45:15,592 [grpc-default-executor-7] INFO  leader.FollowerInfo (FollowerInfoImpl.java:lambda$new$0(47)) - omNode-1@group-523986131536->omNode-3: nextIndex: updateUnconditionally 0 -> 0
2021-12-06 20:45:15,592 [grpc-default-executor-4] INFO  leader.FollowerInfo (FollowerInfoImpl.java:lambda$new$0(47)) - omNode-1@group-523986131536->omNode-3: nextIndex: updateUnconditionally 0 -> 0
2021-12-06 20:45:15,592 [omNode-1@group-523986131536->omNode-3-GrpcLogAppender-LogAppenderDaemon] INFO  server.GrpcLogAppender (GrpcLogAppender.java:installSnapshot(550)) - omNode-1@group-523986131536->omNode-3-GrpcLogAppender: followerNextIndex = 0 but logStartIndex = -1, notify follower to install snapshot-(t:2, i:17)
2021-12-06 20:45:15,593 [omNode-1@group-523986131536->omNode-3-GrpcLogAppender-LogAppenderDaemon] INFO  server.GrpcLogAppender (GrpcLogAppender.java:installSnapshot(558)) - omNode-1@group-523986131536->omNode-3-GrpcLogAppender: send omNode-1->omNode-3#0-t2,notify:(t:2, i:17)
2021-12-06 20:45:15,597 [grpc-default-executor-3] WARN  server.GrpcLogAppender (LogUtils.java:warn(122)) - omNode-1@group-523986131536->omNode-3-AppendLogResponseHandler: Failed appendEntries: org.apache.ratis.thirdparty.io.grpc.StatusRuntimeException: UNAVAILABLE: io exception
2021-12-06 20:45:15,598 [grpc-default-executor-3] INFO  leader.FollowerInfo (FollowerInfoImpl.java:lambda$new$0(47)) - omNode-1@group-523986131536->omNode-3: nextIndex: updateUnconditionally 0 -> 0
2021-12-06 20:45:15,599 [grpc-default-executor-3] WARN  server.GrpcLogAppender (LogUtils.java:warn(122)) - omNode-1@group-523986131536->omNode-3-InstallSnapshotResponseHandler: Failed InstallSnapshot: org.apache.ratis.thirdparty.io.grpc.StatusRuntimeException: UNAVAILABLE: io exception
2021-12-06 20:45:15,599 [grpc-default-executor-3] INFO  leader.FollowerInfo (FollowerInfoImpl.java:lambda$new$0(47)) - omNode-1@group-523986131536->omNode-3: nextIndex: updateUnconditionally 0 -> 0
2021-12-06 20:45:15,599 [omNode-1@group-523986131536->omNode-3-GrpcLogAppender-LogAppenderDaemon] INFO  server.GrpcLogAppender (GrpcLogAppender.java:installSnapshot(550)) - omNode-1@group-523986131536->omNode-3-GrpcLogAppender: followerNextIndex = 0 but logStartIndex = -1, notify follower to install snapshot-(t:2, i:17)
2021-12-06 20:45:15,599 [omNode-1@group-523986131536->omNode-3-GrpcLogAppender-LogAppenderDaemon] INFO  server.GrpcLogAppender (GrpcLogAppender.java:installSnapshot(558)) - omNode-1@group-523986131536->omNode-3-GrpcLogAppender: send omNode-1->omNode-3#0-t2,notify:(t:2, i:17)
2021-12-06 20:45:15,601 [grpc-default-executor-4] WARN  server.GrpcLogAppender (LogUtils.java:warn(122)) - omNode-1@group-523986131536->omNode-3-AppendLogResponseHandler: Failed appendEntries: org.apache.ratis.thirdparty.io.grpc.StatusRuntimeException: UNAVAILABLE: io exception
2021-12-06 20:45:15,601 [grpc-default-executor-4] INFO  leader.FollowerInfo (FollowerInfoImpl.java:lambda$new$0(47)) - omNode-1@group-523986131536->omNode-3: nextIndex: updateUnconditionally 0 -> 0
2021-12-06 20:45:15,602 [grpc-default-executor-4] WARN  server.GrpcLogAppender (LogUtils.java:warn(122)) - omNode-1@group-523986131536->omNode-3-InstallSnapshotResponseHandler: Failed InstallSnapshot: org.apache.ratis.thirdparty.io.grpc.StatusRuntimeException: UNAVAILABLE: io exception
2021-12-06 20:45:15,603 [grpc-default-executor-4] INFO  leader.FollowerInfo (FollowerInfoImpl.java:lambda$new$0(47)) - omNode-1@group-523986131536->omNode-3: nextIndex: updateUnconditionally 0 -> 0
2021-12-06 20:45:15,603 [omNode-1@group-523986131536->omNode-3-GrpcLogAppender-LogAppenderDaemon] INFO  server.GrpcLogAppender (GrpcLogAppender.java:installSnapshot(550)) - omNode-1@group-523986131536->omNode-3-GrpcLogAppender: followerNextIndex = 0 but logStartIndex = -1, notify follower to install snapshot-(t:2, i:17)
2021-12-06 20:45:15,603 [omNode-1@group-523986131536->omNode-3-GrpcLogAppender-LogAppenderDaemon] INFO  server.GrpcLogAppender (GrpcLogAppender.java:installSnapshot(558)) - omNode-1@group-523986131536->omNode-3-GrpcLogAppender: send omNode-1->omNode-3#0-t2,notify:(t:2, i:17)
2021-12-06 20:45:15,604 [grpc-default-executor-3] WARN  server.GrpcLogAppender (LogUtils.java:warn(122)) - omNode-1@group-523986131536->omNode-3-AppendLogResponseHandler: Failed appendEntries: org.apache.ratis.thirdparty.io.grpc.StatusRuntimeException: UNAVAILABLE: io exception
2021-12-06 20:45:15,604 [grpc-default-executor-3] INFO  leader.FollowerInfo (FollowerInfoImpl.java:lambda$new$0(47)) - omNode-1@group-523986131536->omNode-3: nextIndex: updateUnconditionally 0 -> 0
2021-12-06 20:45:15,605 [grpc-default-executor-3] WARN  server.GrpcLogAppender (LogUtils.java:warn(122)) - omNode-1@group-523986131536->omNode-3-InstallSnapshotResponseHandler: Failed InstallSnapshot: org.apache.ratis.thirdparty.io.grpc.StatusRuntimeException: UNAVAILABLE: io exception
2021-12-06 20:45:15,605 [grpc-default-executor-3] INFO  leader.FollowerInfo (FollowerInfoImpl.java:lambda$new$0(47)) - omNode-1@group-523986131536->omNode-3: nextIndex: updateUnconditionally 0 -> 0
2021-12-06 20:45:15,605 [omNode-1@group-523986131536->omNode-3-GrpcLogAppender-LogAppenderDaemon] INFO  server.GrpcLogAppender (GrpcLogAppender.java:installSnapshot(550)) - omNode-1@group-523986131536->omNode-3-GrpcLogAppender: followerNextIndex = 0 but logStartIndex = -1, notify follower to install snapshot-(t:2, i:17)
2021-12-06 20:45:15,606 [omNode-1@group-523986131536->omNode-3-GrpcLogAppender-LogAppenderDaemon] INFO  server.GrpcLogAppender (GrpcLogAppender.java:installSnapshot(558)) - omNode-1@group-523986131536->omNode-3-GrpcLogAppender: send omNode-1->omNode-3#0-t2,notify:(t:2, i:17)
2021-12-06 20:45:15,606 [grpc-default-executor-4] WARN  server.GrpcLogAppender (LogUtils.java:warn(122)) - omNode-1@group-523986131536->omNode-3-AppendLogResponseHandler: Failed appendEntries: org.apache.ratis.thirdparty.io.grpc.StatusRuntimeException: UNAVAILABLE: io exception
2021-12-06 20:45:15,607 [grpc-default-executor-4] INFO  leader.FollowerInfo (FollowerInfoImpl.java:lambda$new$0(47)) - omNode-1@group-523986131536->omNode-3: nextIndex: updateUnconditionally 0 -> 0
2021-12-06 20:45:15,607 [grpc-default-executor-4] WARN  server.GrpcLogAppender (LogUtils.java:warn(122)) - omNode-1@group-523986131536->omNode-3-InstallSnapshotResponseHandler: Failed InstallSnapshot: org.apache.ratis.thirdparty.io.grpc.StatusRuntimeException: UNAVAILABLE: io exception
2021-12-06 20:45:15,607 [grpc-default-executor-4] INFO  leader.FollowerInfo (FollowerInfoImpl.java:lambda$new$0(47)) - omNode-1@group-523986131536->omNode-3: nextIndex: updateUnconditionally 0 -> 0
2021-12-06 20:45:15,607 [omNode-1@group-523986131536->omNode-3-GrpcLogAppender-LogAppenderDaemon] INFO  server.GrpcLogAppender (GrpcLogAppender.java:installSnapshot(550)) - omNode-1@group-523986131536->omNode-3-GrpcLogAppender: followerNextIndex = 0 but logStartIndex = -1, notify follower to install snapshot-(t:2, i:17)
2021-12-06 20:45:15,607 [omNode-1@group-523986131536->omNode-3-GrpcLogAppender-LogAppenderDaemon] INFO  server.GrpcLogAppender (GrpcLogAppender.java:installSnapshot(558)) - omNode-1@group-523986131536->omNode-3-GrpcLogAppender: send omNode-1->omNode-3#0-t2,notify:(t:2, i:17)
2021-12-06 20:45:15,609 [grpc-default-executor-3] WARN  server.GrpcLogAppender (LogUtils.java:warn(122)) - omNode-1@group-523986131536->omNode-3-AppendLogResponseHandler: Failed appendEntries: org.apache.ratis.thirdparty.io.grpc.StatusRuntimeException: UNAVAILABLE: io exception
2021-12-06 20:45:15,610 [grpc-default-executor-3] INFO  leader.FollowerInfo (FollowerInfoImpl.java:lambda$new$0(47)) - omNode-1@group-523986131536->omNode-3: nextIndex: updateUnconditionally 0 -> 0
2021-12-06 20:45:15,610 [grpc-default-executor-3] WARN  server.GrpcLogAppender (LogUtils.java:warn(122)) - omNode-1@group-523986131536->omNode-3-InstallSnapshotResponseHandler: Failed InstallSnapshot: org.apache.ratis.thirdparty.io.grpc.StatusRuntimeException: UNAVAILABLE: io exception
2021-12-06 20:45:15,610 [grpc-default-executor-3] INFO  leader.FollowerInfo (FollowerInfoImpl.java:lambda$new$0(47)) - omNode-1@group-523986131536->omNode-3: nextIndex: updateUnconditionally 0 -> 0
2021-12-06 20:45:15,610 [omNode-1@group-523986131536->omNode-3-GrpcLogAppender-LogAppenderDaemon] INFO  server.GrpcLogAppender (GrpcLogAppender.java:installSnapshot(550)) - omNode-1@group-523986131536->omNode-3-GrpcLogAppender: followerNextIndex = 0 but logStartIndex = -1, notify follower to install snapshot-(t:2, i:17)
2021-12-06 20:45:15,610 [omNode-1@group-523986131536->omNode-3-GrpcLogAppender-LogAppenderDaemon] INFO  server.GrpcLogAppender (GrpcLogAppender.java:installSnapshot(558)) - omNode-1@group-523986131536->omNode-3-GrpcLogAppender: send omNode-1->omNode-3#0-t2,notify:(t:2, i:17)
2021-12-06 20:45:15,611 [grpc-default-executor-4] WARN  server.GrpcLogAppender (LogUtils.java:warn(122)) - omNode-1@group-523986131536->omNode-3-AppendLogResponseHandler: Failed appendEntries: org.apache.ratis.thirdparty.io.grpc.StatusRuntimeException: UNAVAILABLE: io exception
2021-12-06 20:45:15,612 [grpc-default-executor-4] INFO  leader.FollowerInfo (FollowerInfoImpl.java:lambda$new$0(47)) - omNode-1@group-523986131536->omNode-3: nextIndex: updateUnconditionally 0 -> 0
2021-12-06 20:45:15,612 [grpc-default-executor-4] WARN  server.GrpcLogAppender (LogUtils.java:warn(122)) - omNode-1@group-523986131536->omNode-3-InstallSnapshotResponseHandler: Failed InstallSnapshot: org.apache.ratis.thirdparty.io.grpc.StatusRuntimeException: UNAVAILABLE: io exception
2021-12-06 20:45:15,612 [grpc-default-executor-4] INFO  leader.FollowerInfo (FollowerInfoImpl.java:lambda$new$0(47)) - omNode-1@group-523986131536->omNode-3: nextIndex: updateUnconditionally 0 -> 0
2021-12-06 20:45:15,612 [omNode-1@group-523986131536->omNode-3-GrpcLogAppender-LogAppenderDaemon] INFO  server.GrpcLogAppender (GrpcLogAppender.java:installSnapshot(550)) - omNode-1@group-523986131536->omNode-3-GrpcLogAppender: followerNextIndex = 0 but logStartIndex = -1, notify follower to install snapshot-(t:2, i:17)
2021-12-06 20:45:15,612 [omNode-1@group-523986131536->omNode-3-GrpcLogAppender-LogAppenderDaemon] INFO  server.GrpcLogAppender (GrpcLogAppender.java:installSnapshot(558)) - omNode-1@group-523986131536->omNode-3-GrpcLogAppender: send omNode-1->omNode-3#0-t2,notify:(t:2, i:17)
2021-12-06 20:45:15,612 [grpc-default-executor-4] WARN  server.GrpcLogAppender (LogUtils.java:warn(122)) - omNode-1@group-523986131536->omNode-3-AppendLogResponseHandler: Failed appendEntries: org.apache.ratis.thirdparty.io.grpc.StatusRuntimeException: UNAVAILABLE: io exception
2021-12-06 20:45:15,612 [grpc-default-executor-4] INFO  leader.FollowerInfo (FollowerInfoImpl.java:lambda$new$0(47)) - omNode-1@group-523986131536->omNode-3: nextIndex: updateUnconditionally 0 -> 0
2021-12-06 20:45:15,612 [grpc-default-executor-7] WARN  server.GrpcLogAppender (LogUtils.java:warn(122)) - omNode-1@group-523986131536->omNode-3-InstallSnapshotResponseHandler: Failed InstallSnapshot: org.apache.ratis.thirdparty.io.grpc.StatusRuntimeException: UNAVAILABLE: io exception
2021-12-06 20:45:15,613 [grpc-default-executor-7] INFO  leader.FollowerInfo (FollowerInfoImpl.java:lambda$new$0(47)) - omNode-1@group-523986131536->omNode-3: nextIndex: updateUnconditionally 0 -> 0
2021-12-06 20:45:15,613 [omNode-1@group-523986131536->omNode-3-GrpcLogAppender-LogAppenderDaemon] INFO  server.GrpcLogAppender (GrpcLogAppender.java:installSnapshot(550)) - omNode-1@group-523986131536->omNode-3-GrpcLogAppender: followerNextIndex = 0 but logStartIndex = -1, notify follower to install snapshot-(t:2, i:17)
2021-12-06 20:45:15,613 [omNode-1@group-523986131536->omNode-3-GrpcLogAppender-LogAppenderDaemon] INFO  server.GrpcLogAppender (GrpcLogAppender.java:installSnapshot(558)) - omNode-1@group-523986131536->omNode-3-GrpcLogAppender: send omNode-1->omNode-3#0-t2,notify:(t:2, i:17)
2021-12-06 20:45:15,613 [grpc-default-executor-7] WARN  server.GrpcLogAppender (LogUtils.java:warn(122)) - omNode-1@group-523986131536->omNode-3-AppendLogResponseHandler: Failed appendEntries: org.apache.ratis.thirdparty.io.grpc.StatusRuntimeException: UNAVAILABLE: io exception
2021-12-06 20:45:15,613 [grpc-default-executor-7] INFO  leader.FollowerInfo (FollowerInfoImpl.java:lambda$new$0(47)) - omNode-1@group-523986131536->omNode-3: nextIndex: updateUnconditionally 0 -> 0
2021-12-06 20:45:15,613 [grpc-default-executor-4] WARN  server.GrpcLogAppender (LogUtils.java:warn(122)) - omNode-1@group-523986131536->omNode-3-InstallSnapshotResponseHandler: Failed InstallSnapshot: org.apache.ratis.thirdparty.io.grpc.StatusRuntimeException: UNAVAILABLE: io exception
2021-12-06 20:45:15,613 [grpc-default-executor-4] INFO  leader.FollowerInfo (FollowerInfoImpl.java:lambda$new$0(47)) - omNode-1@group-523986131536->omNode-3: nextIndex: updateUnconditionally 0 -> 0
2021-12-06 20:45:15,613 [omNode-1@group-523986131536->omNode-3-GrpcLogAppender-LogAppenderDaemon] INFO  server.GrpcLogAppender (GrpcLogAppender.java:installSnapshot(550)) - omNode-1@group-523986131536->omNode-3-GrpcLogAppender: followerNextIndex = 0 but logStartIndex = -1, notify follower to install snapshot-(t:2, i:17)
2021-12-06 20:45:15,614 [omNode-1@group-523986131536->omNode-3-GrpcLogAppender-LogAppenderDaemon] INFO  server.GrpcLogAppender (GrpcLogAppender.java:installSnapshot(558)) - omNode-1@group-523986131536->omNode-3-GrpcLogAppender: send omNode-1->omNode-3#0-t2,notify:(t:2, i:17)
2021-12-06 20:45:15,614 [grpc-default-executor-4] WARN  server.GrpcLogAppender (LogUtils.java:warn(122)) - omNode-1@group-523986131536->omNode-3-AppendLogResponseHandler: Failed appendEntries: org.apache.ratis.thirdparty.io.grpc.StatusRuntimeException: UNAVAILABLE: io exception
2021-12-06 20:45:15,614 [grpc-default-executor-4] INFO  leader.FollowerInfo (FollowerInfoImpl.java:lambda$new$0(47)) - omNode-1@group-523986131536->omNode-3: nextIndex: updateUnconditionally 0 -> 0
2021-12-06 20:45:15,614 [grpc-default-executor-7] WARN  server.GrpcLogAppender (LogUtils.java:warn(122)) - omNode-1@group-523986131536->omNode-3-InstallSnapshotResponseHandler: Failed InstallSnapshot: org.apache.ratis.thirdparty.io.grpc.StatusRuntimeException: UNAVAILABLE: io exception
2021-12-06 20:45:15,614 [grpc-default-executor-7] INFO  leader.FollowerInfo (FollowerInfoImpl.java:lambda$new$0(47)) - omNode-1@group-523986131536->omNode-3: nextIndex: updateUnconditionally 0 -> 0
2021-12-06 20:45:15,614 [omNode-1@group-523986131536->omNode-3-GrpcLogAppender-LogAppenderDaemon] INFO  server.GrpcLogAppender (GrpcLogAppender.java:installSnapshot(550)) - omNode-1@group-523986131536->omNode-3-GrpcLogAppender: followerNextIndex = 0 but logStartIndex = -1, notify follower to install snapshot-(t:2, i:17)
2021-12-06 20:45:15,614 [omNode-1@group-523986131536->omNode-3-GrpcLogAppender-LogAppenderDaemon] INFO  server.GrpcLogAppender (GrpcLogAppender.java:installSnapshot(558)) - omNode-1@group-523986131536->omNode-3-GrpcLogAppender: send omNode-1->omNode-3#0-t2,notify:(t:2, i:17)
2021-12-06 20:45:15,614 [grpc-default-executor-7] WARN  server.GrpcLogAppender (LogUtils.java:warn(122)) - omNode-1@group-523986131536->omNode-3-AppendLogResponseHandler: Failed appendEntries: org.apache.ratis.thirdparty.io.grpc.StatusRuntimeException: UNAVAILABLE: io exception
2021-12-06 20:45:15,615 [grpc-default-executor-7] INFO  leader.FollowerInfo (FollowerInfoImpl.java:lambda$new$0(47)) - omNode-1@group-523986131536->omNode-3: nextIndex: updateUnconditionally 0 -> 0
2021-12-06 20:45:15,615 [grpc-default-executor-4] WARN  server.GrpcLogAppender (LogUtils.java:warn(122)) - omNode-1@group-523986131536->omNode-3-InstallSnapshotResponseHandler: Failed InstallSnapshot: org.apache.ratis.thirdparty.io.grpc.StatusRuntimeException: UNAVAILABLE: io exception
2021-12-06 20:45:15,615 [grpc-default-executor-4] INFO  leader.FollowerInfo (FollowerInfoImpl.java:lambda$new$0(47)) - omNode-1@group-523986131536->omNode-3: nextIndex: updateUnconditionally 0 -> 0
2021-12-06 20:45:15,615 [omNode-1@group-523986131536->omNode-3-GrpcLogAppender-LogAppenderDaemon] INFO  server.GrpcLogAppender (GrpcLogAppender.java:installSnapshot(550)) - omNode-1@group-523986131536->omNode-3-GrpcLogAppender: followerNextIndex = 0 but logStartIndex = -1, notify follower to install snapshot-(t:2, i:17)
2021-12-06 20:45:15,615 [omNode-1@group-523986131536->omNode-3-GrpcLogAppender-LogAppenderDaemon] INFO  server.GrpcLogAppender (GrpcLogAppender.java:installSnapshot(558)) - omNode-1@group-523986131536->omNode-3-GrpcLogAppender: send omNode-1->omNode-3#0-t2,notify:(t:2, i:17)
2021-12-06 20:45:15,615 [grpc-default-executor-4] WARN  server.GrpcLogAppender (LogUtils.java:warn(122)) - omNode-1@group-523986131536->omNode-3-AppendLogResponseHandler: Failed appendEntries: org.apache.ratis.thirdparty.io.grpc.StatusRuntimeException: UNAVAILABLE: io exception
2021-12-06 20:45:15,615 [grpc-default-executor-4] INFO  leader.FollowerInfo (FollowerInfoImpl.java:lambda$new$0(47)) - omNode-1@group-523986131536->omNode-3: nextIndex: updateUnconditionally 0 -> 0
2021-12-06 20:45:15,615 [grpc-default-executor-7] WARN  server.GrpcLogAppender (LogUtils.java:warn(122)) - omNode-1@group-523986131536->omNode-3-InstallSnapshotResponseHandler: Failed InstallSnapshot: org.apache.ratis.thirdparty.io.grpc.StatusRuntimeException: UNAVAILABLE: io exception
2021-12-06 20:45:15,615 [grpc-default-executor-7] INFO  leader.FollowerInfo (FollowerInfoImpl.java:lambda$new$0(47)) - omNode-1@group-523986131536->omNode-3: nextIndex: updateUnconditionally 0 -> 0
2021-12-06 20:45:15,616 [omNode-1@group-523986131536->omNode-3-GrpcLogAppender-LogAppenderDaemon] INFO  server.GrpcLogAppender (GrpcLogAppender.java:installSnapshot(550)) - omNode-1@group-523986131536->omNode-3-GrpcLogAppender: followerNextIndex = 0 but logStartIndex = -1, notify follower to install snapshot-(t:2, i:17)
2021-12-06 20:45:15,616 [omNode-1@group-523986131536->omNode-3-GrpcLogAppender-LogAppenderDaemon] INFO  server.GrpcLogAppender (GrpcLogAppender.java:installSnapshot(558)) - omNode-1@group-523986131536->omNode-3-GrpcLogAppender: send omNode-1->omNode-3#0-t2,notify:(t:2, i:17)
2021-12-06 20:45:15,616 [grpc-default-executor-4] WARN  server.GrpcLogAppender (LogUtils.java:warn(122)) - omNode-1@group-523986131536->omNode-3-InstallSnapshotResponseHandler: Failed InstallSnapshot: org.apache.ratis.thirdparty.io.grpc.StatusRuntimeException: UNAVAILABLE: io exception
2021-12-06 20:45:15,616 [grpc-default-executor-4] INFO  leader.FollowerInfo (FollowerInfoImpl.java:lambda$new$0(47)) - omNode-1@group-523986131536->omNode-3: nextIndex: updateUnconditionally 0 -> 0
2021-12-06 20:45:15,616 [grpc-default-executor-7] WARN  server.GrpcLogAppender (LogUtils.java:warn(122)) - omNode-1@group-523986131536->omNode-3-AppendLogResponseHandler: Failed appendEntries: org.apache.ratis.thirdparty.io.grpc.StatusRuntimeException: UNAVAILABLE: io exception
2021-12-06 20:45:15,616 [grpc-default-executor-7] INFO  leader.FollowerInfo (FollowerInfoImpl.java:lambda$new$0(47)) - omNode-1@group-523986131536->omNode-3: nextIndex: updateUnconditionally 0 -> 0
2021-12-06 20:45:15,616 [omNode-1@group-523986131536->omNode-3-GrpcLogAppender-LogAppenderDaemon] INFO  server.GrpcLogAppender (GrpcLogAppender.java:installSnapshot(550)) - omNode-1@group-523986131536->omNode-3-GrpcLogAppender: followerNextIndex = 0 but logStartIndex = -1, notify follower to install snapshot-(t:2, i:17)
2021-12-06 20:45:15,617 [omNode-1@group-523986131536->omNode-3-GrpcLogAppender-LogAppenderDaemon] INFO  server.GrpcLogAppender (GrpcLogAppender.java:installSnapshot(558)) - omNode-1@group-523986131536->omNode-3-GrpcLogAppender: send omNode-1->omNode-3#0-t2,notify:(t:2, i:17)
2021-12-06 20:45:15,617 [grpc-default-executor-4] WARN  server.GrpcLogAppender (LogUtils.java:warn(122)) - omNode-1@group-523986131536->omNode-3-InstallSnapshotResponseHandler: Failed InstallSnapshot: org.apache.ratis.thirdparty.io.grpc.StatusRuntimeException: UNAVAILABLE: io exception
2021-12-06 20:45:15,617 [grpc-default-executor-4] INFO  leader.FollowerInfo (FollowerInfoImpl.java:lambda$new$0(47)) - omNode-1@group-523986131536->omNode-3: nextIndex: updateUnconditionally 0 -> 0
2021-12-06 20:45:15,617 [grpc-default-executor-7] WARN  server.GrpcLogAppender (LogUtils.java:warn(122)) - omNode-1@group-523986131536->omNode-3-AppendLogResponseHandler: Failed appendEntries: org.apache.ratis.thirdparty.io.grpc.StatusRuntimeException: UNAVAILABLE: io exception
2021-12-06 20:45:15,617 [grpc-default-executor-7] INFO  leader.FollowerInfo (FollowerInfoImpl.java:lambda$new$0(47)) - omNode-1@group-523986131536->omNode-3: nextIndex: updateUnconditionally 0 -> 0
2021-12-06 20:45:15,617 [omNode-1@group-523986131536->omNode-3-GrpcLogAppender-LogAppenderDaemon] INFO  server.GrpcLogAppender (GrpcLogAppender.java:installSnapshot(550)) - omNode-1@group-523986131536->omNode-3-GrpcLogAppender: followerNextIndex = 0 but logStartIndex = -1, notify follower to install snapshot-(t:2, i:17)
2021-12-06 20:45:15,617 [omNode-1@group-523986131536->omNode-3-GrpcLogAppender-LogAppenderDaemon] INFO  server.GrpcLogAppender (GrpcLogAppender.java:installSnapshot(558)) - omNode-1@group-523986131536->omNode-3-GrpcLogAppender: send omNode-1->omNode-3#0-t2,notify:(t:2, i:17)
2021-12-06 20:45:15,617 [grpc-default-executor-7] WARN  server.GrpcLogAppender (LogUtils.java:warn(122)) - omNode-1@group-523986131536->omNode-3-AppendLogResponseHandler: Failed appendEntries: org.apache.ratis.thirdparty.io.grpc.StatusRuntimeException: UNAVAILABLE: io exception
2021-12-06 20:45:15,618 [grpc-default-executor-7] INFO  leader.FollowerInfo (FollowerInfoImpl.java:lambda$new$0(47)) - omNode-1@group-523986131536->omNode-3: nextIndex: updateUnconditionally 0 -> 0
2021-12-06 20:45:15,618 [grpc-default-executor-4] WARN  server.GrpcLogAppender (LogUtils.java:warn(122)) - omNode-1@group-523986131536->omNode-3-InstallSnapshotResponseHandler: Failed InstallSnapshot: org.apache.ratis.thirdparty.io.grpc.StatusRuntimeException: UNAVAILABLE: io exception
2021-12-06 20:45:15,618 [grpc-default-executor-4] INFO  leader.FollowerInfo (FollowerInfoImpl.java:lambda$new$0(47)) - omNode-1@group-523986131536->omNode-3: nextIndex: updateUnconditionally 0 -> 0
2021-12-06 20:45:15,619 [omNode-1@group-523986131536->omNode-3-GrpcLogAppender-LogAppenderDaemon] INFO  server.GrpcLogAppender (GrpcLogAppender.java:installSnapshot(550)) - omNode-1@group-523986131536->omNode-3-GrpcLogAppender: followerNextIndex = 0 but logStartIndex = -1, notify follower to install snapshot-(t:2, i:17)
2021-12-06 20:45:15,619 [omNode-1@group-523986131536->omNode-3-GrpcLogAppender-LogAppenderDaemon] INFO  server.GrpcLogAppender (GrpcLogAppender.java:installSnapshot(558)) - omNode-1@group-523986131536->omNode-3-GrpcLogAppender: send omNode-1->omNode-3#0-t2,notify:(t:2, i:17)
2021-12-06 20:45:15,621 [grpc-default-executor-3] WARN  server.GrpcLogAppender (LogUtils.java:warn(122)) - omNode-1@group-523986131536->omNode-3-AppendLogResponseHandler: Failed appendEntries: org.apache.ratis.thirdparty.io.grpc.StatusRuntimeException: UNAVAILABLE: io exception
2021-12-06 20:45:15,622 [grpc-default-executor-3] INFO  leader.FollowerInfo (FollowerInfoImpl.java:lambda$new$0(47)) - omNode-1@group-523986131536->omNode-3: nextIndex: updateUnconditionally 0 -> 0
2021-12-06 20:45:15,622 [grpc-default-executor-4] WARN  server.GrpcLogAppender (LogUtils.java:warn(122)) - omNode-1@group-523986131536->omNode-3-InstallSnapshotResponseHandler: Failed InstallSnapshot: org.apache.ratis.thirdparty.io.grpc.StatusRuntimeException: UNAVAILABLE: io exception
2021-12-06 20:45:15,622 [grpc-default-executor-4] INFO  leader.FollowerInfo (FollowerInfoImpl.java:lambda$new$0(47)) - omNode-1@group-523986131536->omNode-3: nextIndex: updateUnconditionally 0 -> 0
2021-12-06 20:45:15,622 [omNode-1@group-523986131536->omNode-3-GrpcLogAppender-LogAppenderDaemon] INFO  server.GrpcLogAppender (GrpcLogAppender.java:installSnapshot(550)) - omNode-1@group-523986131536->omNode-3-GrpcLogAppender: followerNextIndex = 0 but logStartIndex = -1, notify follower to install snapshot-(t:2, i:17)
2021-12-06 20:45:15,622 [omNode-1@group-523986131536->omNode-3-GrpcLogAppender-LogAppenderDaemon] INFO  server.GrpcLogAppender (GrpcLogAppender.java:installSnapshot(558)) - omNode-1@group-523986131536->omNode-3-GrpcLogAppender: send omNode-1->omNode-3#0-t2,notify:(t:2, i:17)
2021-12-06 20:45:15,624 [grpc-default-executor-6] WARN  server.GrpcLogAppender (LogUtils.java:warn(122)) - omNode-1@group-523986131536->omNode-3-InstallSnapshotResponseHandler: Failed InstallSnapshot: org.apache.ratis.thirdparty.io.grpc.StatusRuntimeException: UNAVAILABLE: io exception
2021-12-06 20:45:15,625 [grpc-default-executor-6] INFO  leader.FollowerInfo (FollowerInfoImpl.java:lambda$new$0(47)) - omNode-1@group-523986131536->omNode-3: nextIndex: updateUnconditionally 0 -> 0
2021-12-06 20:45:15,624 [grpc-default-executor-7] WARN  server.GrpcLogAppender (LogUtils.java:warn(122)) - omNode-1@group-523986131536->omNode-3-AppendLogResponseHandler: Failed appendEntries: org.apache.ratis.thirdparty.io.grpc.StatusRuntimeException: UNAVAILABLE: io exception
2021-12-06 20:45:15,625 [omNode-1@group-523986131536->omNode-3-GrpcLogAppender-LogAppenderDaemon] INFO  server.GrpcLogAppender (GrpcLogAppender.java:installSnapshot(550)) - omNode-1@group-523986131536->omNode-3-GrpcLogAppender: followerNextIndex = 0 but logStartIndex = -1, notify follower to install snapshot-(t:2, i:17)
2021-12-06 20:45:15,625 [omNode-1@group-523986131536->omNode-3-GrpcLogAppender-LogAppenderDaemon] INFO  server.GrpcLogAppender (GrpcLogAppender.java:installSnapshot(558)) - omNode-1@group-523986131536->omNode-3-GrpcLogAppender: send omNode-1->omNode-3#0-t2,notify:(t:2, i:17)
2021-12-06 20:45:15,626 [grpc-default-executor-3] WARN  server.GrpcLogAppender (LogUtils.java:warn(122)) - omNode-1@group-523986131536->omNode-3-AppendLogResponseHandler: Failed appendEntries: org.apache.ratis.thirdparty.io.grpc.StatusRuntimeException: UNAVAILABLE: io exception
2021-12-06 20:45:15,626 [grpc-default-executor-6] WARN  server.GrpcLogAppender (LogUtils.java:warn(122)) - omNode-1@group-523986131536->omNode-3-InstallSnapshotResponseHandler: Failed InstallSnapshot: org.apache.ratis.thirdparty.io.grpc.StatusRuntimeException: UNAVAILABLE: io exception
2021-12-06 20:45:15,628 [grpc-default-executor-7] INFO  leader.FollowerInfo (FollowerInfoImpl.java:lambda$new$0(47)) - omNode-1@group-523986131536->omNode-3: nextIndex: updateUnconditionally 0 -> 0
2021-12-06 20:45:15,628 [grpc-default-executor-3] INFO  leader.FollowerInfo (FollowerInfoImpl.java:lambda$new$0(47)) - omNode-1@group-523986131536->omNode-3: nextIndex: updateUnconditionally 0 -> 0
2021-12-06 20:45:15,628 [grpc-default-executor-6] INFO  leader.FollowerInfo (FollowerInfoImpl.java:lambda$new$0(47)) - omNode-1@group-523986131536->omNode-3: nextIndex: updateUnconditionally 0 -> 0
2021-12-06 20:45:15,628 [omNode-1@group-523986131536->omNode-3-GrpcLogAppender-LogAppenderDaemon] INFO  server.GrpcLogAppender (GrpcLogAppender.java:installSnapshot(550)) - omNode-1@group-523986131536->omNode-3-GrpcLogAppender: followerNextIndex = 0 but logStartIndex = -1, notify follower to install snapshot-(t:2, i:17)
2021-12-06 20:45:15,628 [omNode-1@group-523986131536->omNode-3-GrpcLogAppender-LogAppenderDaemon] INFO  server.GrpcLogAppender (GrpcLogAppender.java:installSnapshot(558)) - omNode-1@group-523986131536->omNode-3-GrpcLogAppender: send omNode-1->omNode-3#0-t2,notify:(t:2, i:17)
2021-12-06 20:45:15,629 [grpc-default-executor-4] WARN  server.GrpcLogAppender (LogUtils.java:warn(122)) - omNode-1@group-523986131536->omNode-3-AppendLogResponseHandler: Failed appendEntries: org.apache.ratis.thirdparty.io.grpc.StatusRuntimeException: UNAVAILABLE: io exception
2021-12-06 20:45:15,630 [grpc-default-executor-4] INFO  leader.FollowerInfo (FollowerInfoImpl.java:lambda$new$0(47)) - omNode-1@group-523986131536->omNode-3: nextIndex: updateUnconditionally 0 -> 0
2021-12-06 20:45:15,630 [grpc-default-executor-4] WARN  server.GrpcLogAppender (LogUtils.java:warn(122)) - omNode-1@group-523986131536->omNode-3-InstallSnapshotResponseHandler: Failed InstallSnapshot: org.apache.ratis.thirdparty.io.grpc.StatusRuntimeException: UNAVAILABLE: io exception
2021-12-06 20:45:15,630 [grpc-default-executor-4] INFO  leader.FollowerInfo (FollowerInfoImpl.java:lambda$new$0(47)) - omNode-1@group-523986131536->omNode-3: nextIndex: updateUnconditionally 0 -> 0
2021-12-06 20:45:15,630 [omNode-1@group-523986131536->omNode-3-GrpcLogAppender-LogAppenderDaemon] INFO  server.GrpcLogAppender (GrpcLogAppender.java:installSnapshot(550)) - omNode-1@group-523986131536->omNode-3-GrpcLogAppender: followerNextIndex = 0 but logStartIndex = -1, notify follower to install snapshot-(t:2, i:17)
2021-12-06 20:45:15,630 [omNode-1@group-523986131536->omNode-3-GrpcLogAppender-LogAppenderDaemon] INFO  server.GrpcLogAppender (GrpcLogAppender.java:installSnapshot(558)) - omNode-1@group-523986131536->omNode-3-GrpcLogAppender: send omNode-1->omNode-3#0-t2,notify:(t:2, i:17)
2021-12-06 20:45:15,635 [grpc-default-executor-7] WARN  server.GrpcLogAppender (LogUtils.java:warn(122)) - omNode-1@group-523986131536->omNode-3-AppendLogResponseHandler: Failed appendEntries: org.apache.ratis.thirdparty.io.grpc.StatusRuntimeException: UNAVAILABLE: io exception
2021-12-06 20:45:15,636 [grpc-default-executor-7] INFO  leader.FollowerInfo (FollowerInfoImpl.java:lambda$new$0(47)) - omNode-1@group-523986131536->omNode-3: nextIndex: updateUnconditionally 0 -> 0
2021-12-06 20:45:15,636 [grpc-default-executor-4] WARN  server.GrpcLogAppender (LogUtils.java:warn(122)) - omNode-1@group-523986131536->omNode-3-InstallSnapshotResponseHandler: Failed InstallSnapshot: org.apache.ratis.thirdparty.io.grpc.StatusRuntimeException: UNAVAILABLE: io exception
2021-12-06 20:45:15,636 [grpc-default-executor-4] INFO  leader.FollowerInfo (FollowerInfoImpl.java:lambda$new$0(47)) - omNode-1@group-523986131536->omNode-3: nextIndex: updateUnconditionally 0 -> 0
2021-12-06 20:45:15,636 [omNode-1@group-523986131536->omNode-3-GrpcLogAppender-LogAppenderDaemon] INFO  server.GrpcLogAppender (GrpcLogAppender.java:installSnapshot(550)) - omNode-1@group-523986131536->omNode-3-GrpcLogAppender: followerNextIndex = 0 but logStartIndex = -1, notify follower to install snapshot-(t:2, i:17)
2021-12-06 20:45:15,636 [omNode-1@group-523986131536->omNode-3-GrpcLogAppender-LogAppenderDaemon] INFO  server.GrpcLogAppender (GrpcLogAppender.java:installSnapshot(558)) - omNode-1@group-523986131536->omNode-3-GrpcLogAppender: send omNode-1->omNode-3#0-t2,notify:(t:2, i:17)
2021-12-06 20:45:15,637 [grpc-default-executor-3] WARN  server.GrpcLogAppender (LogUtils.java:warn(122)) - omNode-1@group-523986131536->omNode-3-AppendLogResponseHandler: Failed appendEntries: org.apache.ratis.thirdparty.io.grpc.StatusRuntimeException: UNAVAILABLE: io exception
2021-12-06 20:45:15,638 [grpc-default-executor-3] INFO  leader.FollowerInfo (FollowerInfoImpl.java:lambda$new$0(47)) - omNode-1@group-523986131536->omNode-3: nextIndex: updateUnconditionally 0 -> 0
2021-12-06 20:45:15,638 [grpc-default-executor-4] WARN  server.GrpcLogAppender (LogUtils.java:warn(122)) - omNode-1@group-523986131536->omNode-3-InstallSnapshotResponseHandler: Failed InstallSnapshot: org.apache.ratis.thirdparty.io.grpc.StatusRuntimeException: UNAVAILABLE: io exception
2021-12-06 20:45:15,638 [grpc-default-executor-4] INFO  leader.FollowerInfo (FollowerInfoImpl.java:lambda$new$0(47)) - omNode-1@group-523986131536->omNode-3: nextIndex: updateUnconditionally 0 -> 0
2021-12-06 20:45:15,638 [omNode-1@group-523986131536->omNode-3-GrpcLogAppender-LogAppenderDaemon] INFO  server.GrpcLogAppender (GrpcLogAppender.java:installSnapshot(550)) - omNode-1@group-523986131536->omNode-3-GrpcLogAppender: followerNextIndex = 0 but logStartIndex = -1, notify follower to install snapshot-(t:2, i:17)
2021-12-06 20:45:15,638 [omNode-1@group-523986131536->omNode-3-GrpcLogAppender-LogAppenderDaemon] INFO  server.GrpcLogAppender (GrpcLogAppender.java:installSnapshot(558)) - omNode-1@group-523986131536->omNode-3-GrpcLogAppender: send omNode-1->omNode-3#0-t2,notify:(t:2, i:17)
2021-12-06 20:45:15,639 [grpc-default-executor-7] WARN  server.GrpcLogAppender (LogUtils.java:warn(122)) - omNode-1@group-523986131536->omNode-3-AppendLogResponseHandler: Failed appendEntries: org.apache.ratis.thirdparty.io.grpc.StatusRuntimeException: UNAVAILABLE: io exception
2021-12-06 20:45:15,639 [grpc-default-executor-7] INFO  leader.FollowerInfo (FollowerInfoImpl.java:lambda$new$0(47)) - omNode-1@group-523986131536->omNode-3: nextIndex: updateUnconditionally 0 -> 0
2021-12-06 20:45:15,639 [grpc-default-executor-4] WARN  server.GrpcLogAppender (LogUtils.java:warn(122)) - omNode-1@group-523986131536->omNode-3-InstallSnapshotResponseHandler: Failed InstallSnapshot: org.apache.ratis.thirdparty.io.grpc.StatusRuntimeException: UNAVAILABLE: io exception
2021-12-06 20:45:15,639 [grpc-default-executor-4] INFO  leader.FollowerInfo (FollowerInfoImpl.java:lambda$new$0(47)) - omNode-1@group-523986131536->omNode-3: nextIndex: updateUnconditionally 0 -> 0
2021-12-06 20:45:15,640 [omNode-1@group-523986131536->omNode-3-GrpcLogAppender-LogAppenderDaemon] INFO  server.GrpcLogAppender (GrpcLogAppender.java:installSnapshot(550)) - omNode-1@group-523986131536->omNode-3-GrpcLogAppender: followerNextIndex = 0 but logStartIndex = -1, notify follower to install snapshot-(t:2, i:17)
2021-12-06 20:45:15,640 [omNode-1@group-523986131536->omNode-3-GrpcLogAppender-LogAppenderDaemon] INFO  server.GrpcLogAppender (GrpcLogAppender.java:installSnapshot(558)) - omNode-1@group-523986131536->omNode-3-GrpcLogAppender: send omNode-1->omNode-3#0-t2,notify:(t:2, i:17)
2021-12-06 20:45:15,643 [grpc-default-executor-3] WARN  server.GrpcLogAppender (LogUtils.java:warn(122)) - omNode-1@group-523986131536->omNode-3-AppendLogResponseHandler: Failed appendEntries: org.apache.ratis.thirdparty.io.grpc.StatusRuntimeException: UNAVAILABLE: io exception
2021-12-06 20:45:15,644 [grpc-default-executor-3] INFO  leader.FollowerInfo (FollowerInfoImpl.java:lambda$new$0(47)) - omNode-1@group-523986131536->omNode-3: nextIndex: updateUnconditionally 0 -> 0
2021-12-06 20:45:15,644 [grpc-default-executor-3] WARN  server.GrpcLogAppender (LogUtils.java:warn(122)) - omNode-1@group-523986131536->omNode-3-InstallSnapshotResponseHandler: Failed InstallSnapshot: org.apache.ratis.thirdparty.io.grpc.StatusRuntimeException: UNAVAILABLE: io exception
2021-12-06 20:45:15,644 [grpc-default-executor-3] INFO  leader.FollowerInfo (FollowerInfoImpl.java:lambda$new$0(47)) - omNode-1@group-523986131536->omNode-3: nextIndex: updateUnconditionally 0 -> 0
2021-12-06 20:45:15,651 [omNode-1@group-523986131536->omNode-3-GrpcLogAppender-LogAppenderDaemon] INFO  server.GrpcLogAppender (GrpcLogAppender.java:installSnapshot(550)) - omNode-1@group-523986131536->omNode-3-GrpcLogAppender: followerNextIndex = 0 but logStartIndex = -1, notify follower to install snapshot-(t:2, i:17)
2021-12-06 20:45:15,652 [omNode-1@group-523986131536->omNode-3-GrpcLogAppender-LogAppenderDaemon] INFO  server.GrpcLogAppender (GrpcLogAppender.java:installSnapshot(558)) - omNode-1@group-523986131536->omNode-3-GrpcLogAppender: send omNode-1->omNode-3#0-t2,notify:(t:2, i:17)
2021-12-06 20:45:15,652 [grpc-default-executor-4] WARN  server.GrpcLogAppender (LogUtils.java:warn(122)) - omNode-1@group-523986131536->omNode-3-AppendLogResponseHandler: Failed appendEntries: org.apache.ratis.thirdparty.io.grpc.StatusRuntimeException: UNAVAILABLE: io exception
2021-12-06 20:45:15,653 [grpc-default-executor-3] WARN  server.GrpcLogAppender (LogUtils.java:warn(122)) - omNode-1@group-523986131536->omNode-3-InstallSnapshotResponseHandler: Failed InstallSnapshot: org.apache.ratis.thirdparty.io.grpc.StatusRuntimeException: UNAVAILABLE: io exception
2021-12-06 20:45:15,653 [grpc-default-executor-4] INFO  leader.FollowerInfo (FollowerInfoImpl.java:lambda$new$0(47)) - omNode-1@group-523986131536->omNode-3: nextIndex: updateUnconditionally 0 -> 0
2021-12-06 20:45:15,653 [grpc-default-executor-3] INFO  leader.FollowerInfo (FollowerInfoImpl.java:lambda$new$0(47)) - omNode-1@group-523986131536->omNode-3: nextIndex: updateUnconditionally 0 -> 0
2021-12-06 20:45:15,653 [omNode-1@group-523986131536->omNode-3-GrpcLogAppender-LogAppenderDaemon] INFO  server.GrpcLogAppender (GrpcLogAppender.java:installSnapshot(550)) - omNode-1@group-523986131536->omNode-3-GrpcLogAppender: followerNextIndex = 0 but logStartIndex = -1, notify follower to install snapshot-(t:2, i:17)
2021-12-06 20:45:15,653 [omNode-1@group-523986131536->omNode-3-GrpcLogAppender-LogAppenderDaemon] INFO  server.GrpcLogAppender (GrpcLogAppender.java:installSnapshot(558)) - omNode-1@group-523986131536->omNode-3-GrpcLogAppender: send omNode-1->omNode-3#0-t2,notify:(t:2, i:17)
2021-12-06 20:45:15,655 [grpc-default-executor-7] WARN  server.GrpcLogAppender (LogUtils.java:warn(122)) - omNode-1@group-523986131536->omNode-3-AppendLogResponseHandler: Failed appendEntries: org.apache.ratis.thirdparty.io.grpc.StatusRuntimeException: UNAVAILABLE: io exception
2021-12-06 20:45:15,656 [grpc-default-executor-7] INFO  leader.FollowerInfo (FollowerInfoImpl.java:lambda$new$0(47)) - omNode-1@group-523986131536->omNode-3: nextIndex: updateUnconditionally 0 -> 0
2021-12-06 20:45:15,656 [grpc-default-executor-7] WARN  server.GrpcLogAppender (LogUtils.java:warn(122)) - omNode-1@group-523986131536->omNode-3-InstallSnapshotResponseHandler: Failed InstallSnapshot: org.apache.ratis.thirdparty.io.grpc.StatusRuntimeException: UNAVAILABLE: io exception
2021-12-06 20:45:15,656 [grpc-default-executor-7] INFO  leader.FollowerInfo (FollowerInfoImpl.java:lambda$new$0(47)) - omNode-1@group-523986131536->omNode-3: nextIndex: updateUnconditionally 0 -> 0
2021-12-06 20:45:15,656 [omNode-1@group-523986131536->omNode-3-GrpcLogAppender-LogAppenderDaemon] INFO  server.GrpcLogAppender (GrpcLogAppender.java:installSnapshot(550)) - omNode-1@group-523986131536->omNode-3-GrpcLogAppender: followerNextIndex = 0 but logStartIndex = -1, notify follower to install snapshot-(t:2, i:17)
2021-12-06 20:45:15,656 [omNode-1@group-523986131536->omNode-3-GrpcLogAppender-LogAppenderDaemon] INFO  server.GrpcLogAppender (GrpcLogAppender.java:installSnapshot(558)) - omNode-1@group-523986131536->omNode-3-GrpcLogAppender: send omNode-1->omNode-3#0-t2,notify:(t:2, i:17)
2021-12-06 20:45:15,658 [grpc-default-executor-4] WARN  server.GrpcLogAppender (LogUtils.java:warn(122)) - omNode-1@group-523986131536->omNode-3-AppendLogResponseHandler: Failed appendEntries: org.apache.ratis.thirdparty.io.grpc.StatusRuntimeException: UNAVAILABLE: io exception
2021-12-06 20:45:15,658 [grpc-default-executor-4] INFO  leader.FollowerInfo (FollowerInfoImpl.java:lambda$new$0(47)) - omNode-1@group-523986131536->omNode-3: nextIndex: updateUnconditionally 0 -> 0
2021-12-06 20:45:15,659 [grpc-default-executor-7] WARN  server.GrpcLogAppender (LogUtils.java:warn(122)) - omNode-1@group-523986131536->omNode-3-InstallSnapshotResponseHandler: Failed InstallSnapshot: org.apache.ratis.thirdparty.io.grpc.StatusRuntimeException: UNAVAILABLE: io exception
2021-12-06 20:45:15,659 [grpc-default-executor-7] INFO  leader.FollowerInfo (FollowerInfoImpl.java:lambda$new$0(47)) - omNode-1@group-523986131536->omNode-3: nextIndex: updateUnconditionally 0 -> 0
2021-12-06 20:45:15,659 [omNode-1@group-523986131536->omNode-3-GrpcLogAppender-LogAppenderDaemon] INFO  server.GrpcLogAppender (GrpcLogAppender.java:installSnapshot(550)) - omNode-1@group-523986131536->omNode-3-GrpcLogAppender: followerNextIndex = 0 but logStartIndex = -1, notify follower to install snapshot-(t:2, i:17)
2021-12-06 20:45:15,659 [omNode-1@group-523986131536->omNode-3-GrpcLogAppender-LogAppenderDaemon] INFO  server.GrpcLogAppender (GrpcLogAppender.java:installSnapshot(558)) - omNode-1@group-523986131536->omNode-3-GrpcLogAppender: send omNode-1->omNode-3#0-t2,notify:(t:2, i:17)
2021-12-06 20:45:15,659 [grpc-default-executor-7] WARN  server.GrpcLogAppender (LogUtils.java:warn(122)) - omNode-1@group-523986131536->omNode-3-AppendLogResponseHandler: Failed appendEntries: org.apache.ratis.thirdparty.io.grpc.StatusRuntimeException: UNAVAILABLE: io exception
2021-12-06 20:45:15,659 [grpc-default-executor-7] INFO  leader.FollowerInfo (FollowerInfoImpl.java:lambda$new$0(47)) - omNode-1@group-523986131536->omNode-3: nextIndex: updateUnconditionally 0 -> 0
2021-12-06 20:45:15,659 [grpc-default-executor-4] WARN  server.GrpcLogAppender (LogUtils.java:warn(122)) - omNode-1@group-523986131536->omNode-3-InstallSnapshotResponseHandler: Failed InstallSnapshot: org.apache.ratis.thirdparty.io.grpc.StatusRuntimeException: UNAVAILABLE: io exception
2021-12-06 20:45:15,659 [grpc-default-executor-4] INFO  leader.FollowerInfo (FollowerInfoImpl.java:lambda$new$0(47)) - omNode-1@group-523986131536->omNode-3: nextIndex: updateUnconditionally 0 -> 0
2021-12-06 20:45:15,660 [omNode-1@group-523986131536->omNode-3-GrpcLogAppender-LogAppenderDaemon] INFO  server.GrpcLogAppender (GrpcLogAppender.java:installSnapshot(550)) - omNode-1@group-523986131536->omNode-3-GrpcLogAppender: followerNextIndex = 0 but logStartIndex = -1, notify follower to install snapshot-(t:2, i:17)
2021-12-06 20:45:15,660 [omNode-1@group-523986131536->omNode-3-GrpcLogAppender-LogAppenderDaemon] INFO  server.GrpcLogAppender (GrpcLogAppender.java:installSnapshot(558)) - omNode-1@group-523986131536->omNode-3-GrpcLogAppender: send omNode-1->omNode-3#0-t2,notify:(t:2, i:17)
2021-12-06 20:45:15,660 [grpc-default-executor-7] WARN  server.GrpcLogAppender (LogUtils.java:warn(122)) - omNode-1@group-523986131536->omNode-3-InstallSnapshotResponseHandler: Failed InstallSnapshot: org.apache.ratis.thirdparty.io.grpc.StatusRuntimeException: UNAVAILABLE: io exception
2021-12-06 20:45:15,660 [grpc-default-executor-7] INFO  leader.FollowerInfo (FollowerInfoImpl.java:lambda$new$0(47)) - omNode-1@group-523986131536->omNode-3: nextIndex: updateUnconditionally 0 -> 0
2021-12-06 20:45:15,660 [grpc-default-executor-4] WARN  server.GrpcLogAppender (LogUtils.java:warn(122)) - omNode-1@group-523986131536->omNode-3-AppendLogResponseHandler: Failed appendEntries: org.apache.ratis.thirdparty.io.grpc.StatusRuntimeException: UNAVAILABLE: io exception
2021-12-06 20:45:15,660 [grpc-default-executor-4] INFO  leader.FollowerInfo (FollowerInfoImpl.java:lambda$new$0(47)) - omNode-1@group-523986131536->omNode-3: nextIndex: updateUnconditionally 0 -> 0
2021-12-06 20:45:15,660 [omNode-1@group-523986131536->omNode-3-GrpcLogAppender-LogAppenderDaemon] INFO  server.GrpcLogAppender (GrpcLogAppender.java:installSnapshot(550)) - omNode-1@group-523986131536->omNode-3-GrpcLogAppender: followerNextIndex = 0 but logStartIndex = -1, notify follower to install snapshot-(t:2, i:17)
2021-12-06 20:45:15,660 [grpc-default-executor-4] WARN  server.GrpcLogAppender (LogUtils.java:warn(122)) - omNode-1@group-523986131536->omNode-3-AppendLogResponseHandler: Failed appendEntries: org.apache.ratis.thirdparty.io.grpc.StatusRuntimeException: UNAVAILABLE: io exception
2021-12-06 20:45:15,660 [grpc-default-executor-4] INFO  leader.FollowerInfo (FollowerInfoImpl.java:lambda$new$0(47)) - omNode-1@group-523986131536->omNode-3: nextIndex: updateUnconditionally 0 -> 0
2021-12-06 20:45:15,661 [omNode-1@group-523986131536->omNode-3-GrpcLogAppender-LogAppenderDaemon] INFO  server.GrpcLogAppender (GrpcLogAppender.java:installSnapshot(558)) - omNode-1@group-523986131536->omNode-3-GrpcLogAppender: send omNode-1->omNode-3#0-t2,notify:(t:2, i:17)
2021-12-06 20:45:15,661 [grpc-default-executor-4] WARN  server.GrpcLogAppender (LogUtils.java:warn(122)) - omNode-1@group-523986131536->omNode-3-InstallSnapshotResponseHandler: Failed InstallSnapshot: org.apache.ratis.thirdparty.io.grpc.StatusRuntimeException: UNAVAILABLE: io exception
2021-12-06 20:45:15,661 [grpc-default-executor-4] INFO  leader.FollowerInfo (FollowerInfoImpl.java:lambda$new$0(47)) - omNode-1@group-523986131536->omNode-3: nextIndex: updateUnconditionally 0 -> 0
2021-12-06 20:45:15,661 [omNode-1@group-523986131536->omNode-3-GrpcLogAppender-LogAppenderDaemon] INFO  server.GrpcLogAppender (GrpcLogAppender.java:installSnapshot(550)) - omNode-1@group-523986131536->omNode-3-GrpcLogAppender: followerNextIndex = 0 but logStartIndex = -1, notify follower to install snapshot-(t:2, i:17)
2021-12-06 20:45:15,662 [grpc-default-executor-4] WARN  server.GrpcLogAppender (LogUtils.java:warn(122)) - omNode-1@group-523986131536->omNode-3-AppendLogResponseHandler: Failed appendEntries: org.apache.ratis.thirdparty.io.grpc.StatusRuntimeException: UNAVAILABLE: io exception
2021-12-06 20:45:15,662 [grpc-default-executor-4] INFO  leader.FollowerInfo (FollowerInfoImpl.java:lambda$new$0(47)) - omNode-1@group-523986131536->omNode-3: nextIndex: updateUnconditionally 0 -> 0
2021-12-06 20:45:15,662 [omNode-1@group-523986131536->omNode-3-GrpcLogAppender-LogAppenderDaemon] INFO  server.GrpcLogAppender (GrpcLogAppender.java:installSnapshot(558)) - omNode-1@group-523986131536->omNode-3-GrpcLogAppender: send omNode-1->omNode-3#0-t2,notify:(t:2, i:17)
2021-12-06 20:45:15,662 [grpc-default-executor-4] WARN  server.GrpcLogAppender (LogUtils.java:warn(122)) - omNode-1@group-523986131536->omNode-3-InstallSnapshotResponseHandler: Failed InstallSnapshot: org.apache.ratis.thirdparty.io.grpc.StatusRuntimeException: UNAVAILABLE: io exception
2021-12-06 20:45:15,662 [grpc-default-executor-4] INFO  leader.FollowerInfo (FollowerInfoImpl.java:lambda$new$0(47)) - omNode-1@group-523986131536->omNode-3: nextIndex: updateUnconditionally 0 -> 0
2021-12-06 20:45:15,663 [omNode-1@group-523986131536->omNode-3-GrpcLogAppender-LogAppenderDaemon] INFO  server.GrpcLogAppender (GrpcLogAppender.java:installSnapshot(550)) - omNode-1@group-523986131536->omNode-3-GrpcLogAppender: followerNextIndex = 0 but logStartIndex = -1, notify follower to install snapshot-(t:2, i:17)
2021-12-06 20:45:15,663 [omNode-1@group-523986131536->omNode-3-GrpcLogAppender-LogAppenderDaemon] INFO  server.GrpcLogAppender (GrpcLogAppender.java:installSnapshot(558)) - omNode-1@group-523986131536->omNode-3-GrpcLogAppender: send omNode-1->omNode-3#0-t2,notify:(t:2, i:17)
2021-12-06 20:45:15,663 [grpc-default-executor-4] WARN  server.GrpcLogAppender (LogUtils.java:warn(122)) - omNode-1@group-523986131536->omNode-3-AppendLogResponseHandler: Failed appendEntries: org.apache.ratis.thirdparty.io.grpc.StatusRuntimeException: UNAVAILABLE: io exception
2021-12-06 20:45:15,663 [grpc-default-executor-4] INFO  leader.FollowerInfo (FollowerInfoImpl.java:lambda$new$0(47)) - omNode-1@group-523986131536->omNode-3: nextIndex: updateUnconditionally 0 -> 0
2021-12-06 20:45:15,664 [grpc-default-executor-4] WARN  server.GrpcLogAppender (LogUtils.java:warn(122)) - omNode-1@group-523986131536->omNode-3-InstallSnapshotResponseHandler: Failed InstallSnapshot: org.apache.ratis.thirdparty.io.grpc.StatusRuntimeException: UNAVAILABLE: io exception
2021-12-06 20:45:15,664 [grpc-default-executor-4] INFO  leader.FollowerInfo (FollowerInfoImpl.java:lambda$new$0(47)) - omNode-1@group-523986131536->omNode-3: nextIndex: updateUnconditionally 0 -> 0
2021-12-06 20:45:15,664 [omNode-1@group-523986131536->omNode-3-GrpcLogAppender-LogAppenderDaemon] INFO  server.GrpcLogAppender (GrpcLogAppender.java:installSnapshot(550)) - omNode-1@group-523986131536->omNode-3-GrpcLogAppender: followerNextIndex = 0 but logStartIndex = -1, notify follower to install snapshot-(t:2, i:17)
2021-12-06 20:45:15,665 [grpc-default-executor-4] WARN  server.GrpcLogAppender (LogUtils.java:warn(122)) - omNode-1@group-523986131536->omNode-3-AppendLogResponseHandler: Failed appendEntries: org.apache.ratis.thirdparty.io.grpc.StatusRuntimeException: UNAVAILABLE: io exception
2021-12-06 20:45:15,665 [grpc-default-executor-4] INFO  leader.FollowerInfo (FollowerInfoImpl.java:lambda$new$0(47)) - omNode-1@group-523986131536->omNode-3: nextIndex: updateUnconditionally 0 -> 0
2021-12-06 20:45:15,665 [omNode-1@group-523986131536->omNode-3-GrpcLogAppender-LogAppenderDaemon] INFO  server.GrpcLogAppender (GrpcLogAppender.java:installSnapshot(558)) - omNode-1@group-523986131536->omNode-3-GrpcLogAppender: send omNode-1->omNode-3#0-t2,notify:(t:2, i:17)
2021-12-06 20:45:15,671 [grpc-default-executor-7] WARN  server.GrpcLogAppender (LogUtils.java:warn(122)) - omNode-1@group-523986131536->omNode-3-InstallSnapshotResponseHandler: Failed InstallSnapshot: org.apache.ratis.thirdparty.io.grpc.StatusRuntimeException: UNAVAILABLE: io exception
2021-12-06 20:45:15,672 [grpc-default-executor-7] INFO  leader.FollowerInfo (FollowerInfoImpl.java:lambda$new$0(47)) - omNode-1@group-523986131536->omNode-3: nextIndex: updateUnconditionally 0 -> 0
2021-12-06 20:45:15,672 [omNode-1@group-523986131536->omNode-3-GrpcLogAppender-LogAppenderDaemon] INFO  server.GrpcLogAppender (GrpcLogAppender.java:installSnapshot(550)) - omNode-1@group-523986131536->omNode-3-GrpcLogAppender: followerNextIndex = 0 but logStartIndex = -1, notify follower to install snapshot-(t:2, i:17)
2021-12-06 20:45:15,672 [omNode-1@group-523986131536->omNode-3-GrpcLogAppender-LogAppenderDaemon] INFO  server.GrpcLogAppender (GrpcLogAppender.java:installSnapshot(558)) - omNode-1@group-523986131536->omNode-3-GrpcLogAppender: send omNode-1->omNode-3#0-t2,notify:(t:2, i:17)
2021-12-06 20:45:15,673 [grpc-default-executor-4] WARN  server.GrpcLogAppender (LogUtils.java:warn(122)) - omNode-1@group-523986131536->omNode-3-AppendLogResponseHandler: Failed appendEntries: org.apache.ratis.thirdparty.io.grpc.StatusRuntimeException: UNAVAILABLE: io exception
2021-12-06 20:45:15,673 [grpc-default-executor-4] INFO  leader.FollowerInfo (FollowerInfoImpl.java:lambda$new$0(47)) - omNode-1@group-523986131536->omNode-3: nextIndex: updateUnconditionally 0 -> 0
2021-12-06 20:45:15,673 [grpc-default-executor-7] WARN  server.GrpcLogAppender (LogUtils.java:warn(122)) - omNode-1@group-523986131536->omNode-3-InstallSnapshotResponseHandler: Failed InstallSnapshot: org.apache.ratis.thirdparty.io.grpc.StatusRuntimeException: UNAVAILABLE: io exception
2021-12-06 20:45:15,673 [grpc-default-executor-7] INFO  leader.FollowerInfo (FollowerInfoImpl.java:lambda$new$0(47)) - omNode-1@group-523986131536->omNode-3: nextIndex: updateUnconditionally 0 -> 0
2021-12-06 20:45:15,673 [grpc-default-executor-7] WARN  server.GrpcLogAppender (LogUtils.java:warn(122)) - omNode-1@group-523986131536->omNode-3-AppendLogResponseHandler: Failed appendEntries: org.apache.ratis.thirdparty.io.grpc.StatusRuntimeException: UNAVAILABLE: io exception
2021-12-06 20:45:15,673 [grpc-default-executor-7] INFO  leader.FollowerInfo (FollowerInfoImpl.java:lambda$new$0(47)) - omNode-1@group-523986131536->omNode-3: nextIndex: updateUnconditionally 0 -> 0
2021-12-06 20:45:15,673 [omNode-1@group-523986131536->omNode-3-GrpcLogAppender-LogAppenderDaemon] INFO  server.GrpcLogAppender (GrpcLogAppender.java:installSnapshot(550)) - omNode-1@group-523986131536->omNode-3-GrpcLogAppender: followerNextIndex = 0 but logStartIndex = -1, notify follower to install snapshot-(t:2, i:17)
2021-12-06 20:45:15,675 [omNode-1@group-523986131536->omNode-3-GrpcLogAppender-LogAppenderDaemon] INFO  server.GrpcLogAppender (GrpcLogAppender.java:installSnapshot(558)) - omNode-1@group-523986131536->omNode-3-GrpcLogAppender: send omNode-1->omNode-3#0-t2,notify:(t:2, i:17)
2021-12-06 20:45:15,675 [grpc-default-executor-7] WARN  server.GrpcLogAppender (LogUtils.java:warn(122)) - omNode-1@group-523986131536->omNode-3-InstallSnapshotResponseHandler: Failed InstallSnapshot: org.apache.ratis.thirdparty.io.grpc.StatusRuntimeException: UNAVAILABLE: io exception
2021-12-06 20:45:15,675 [grpc-default-executor-7] INFO  leader.FollowerInfo (FollowerInfoImpl.java:lambda$new$0(47)) - omNode-1@group-523986131536->omNode-3: nextIndex: updateUnconditionally 0 -> 0
2021-12-06 20:45:15,676 [grpc-default-executor-7] WARN  server.GrpcLogAppender (LogUtils.java:warn(122)) - omNode-1@group-523986131536->omNode-3-AppendLogResponseHandler: Failed appendEntries: org.apache.ratis.thirdparty.io.grpc.StatusRuntimeException: UNAVAILABLE: io exception
2021-12-06 20:45:15,676 [grpc-default-executor-7] INFO  leader.FollowerInfo (FollowerInfoImpl.java:lambda$new$0(47)) - omNode-1@group-523986131536->omNode-3: nextIndex: updateUnconditionally 0 -> 0
2021-12-06 20:45:15,676 [omNode-1@group-523986131536->omNode-3-GrpcLogAppender-LogAppenderDaemon] INFO  server.GrpcLogAppender (GrpcLogAppender.java:installSnapshot(550)) - omNode-1@group-523986131536->omNode-3-GrpcLogAppender: followerNextIndex = 0 but logStartIndex = -1, notify follower to install snapshot-(t:2, i:17)
2021-12-06 20:45:15,676 [omNode-1@group-523986131536->omNode-3-GrpcLogAppender-LogAppenderDaemon] INFO  server.GrpcLogAppender (GrpcLogAppender.java:installSnapshot(558)) - omNode-1@group-523986131536->omNode-3-GrpcLogAppender: send omNode-1->omNode-3#0-t2,notify:(t:2, i:17)
2021-12-06 20:45:15,676 [grpc-default-executor-7] WARN  server.GrpcLogAppender (LogUtils.java:warn(122)) - omNode-1@group-523986131536->omNode-3-InstallSnapshotResponseHandler: Failed InstallSnapshot: org.apache.ratis.thirdparty.io.grpc.StatusRuntimeException: UNAVAILABLE: io exception
2021-12-06 20:45:15,676 [grpc-default-executor-7] INFO  leader.FollowerInfo (FollowerInfoImpl.java:lambda$new$0(47)) - omNode-1@group-523986131536->omNode-3: nextIndex: updateUnconditionally 0 -> 0
2021-12-06 20:45:15,677 [grpc-default-executor-7] WARN  server.GrpcLogAppender (LogUtils.java:warn(122)) - omNode-1@group-523986131536->omNode-3-AppendLogResponseHandler: Failed appendEntries: org.apache.ratis.thirdparty.io.grpc.StatusRuntimeException: UNAVAILABLE: io exception
2021-12-06 20:45:15,677 [grpc-default-executor-7] INFO  leader.FollowerInfo (FollowerInfoImpl.java:lambda$new$0(47)) - omNode-1@group-523986131536->omNode-3: nextIndex: updateUnconditionally 0 -> 0
2021-12-06 20:45:15,677 [omNode-1@group-523986131536->omNode-3-GrpcLogAppender-LogAppenderDaemon] INFO  server.GrpcLogAppender (GrpcLogAppender.java:installSnapshot(550)) - omNode-1@group-523986131536->omNode-3-GrpcLogAppender: followerNextIndex = 0 but logStartIndex = -1, notify follower to install snapshot-(t:2, i:17)
2021-12-06 20:45:15,677 [omNode-1@group-523986131536->omNode-3-GrpcLogAppender-LogAppenderDaemon] INFO  server.GrpcLogAppender (GrpcLogAppender.java:installSnapshot(558)) - omNode-1@group-523986131536->omNode-3-GrpcLogAppender: send omNode-1->omNode-3#0-t2,notify:(t:2, i:17)
2021-12-06 20:45:15,677 [grpc-default-executor-7] WARN  server.GrpcLogAppender (LogUtils.java:warn(122)) - omNode-1@group-523986131536->omNode-3-InstallSnapshotResponseHandler: Failed InstallSnapshot: org.apache.ratis.thirdparty.io.grpc.StatusRuntimeException: UNAVAILABLE: io exception
2021-12-06 20:45:15,677 [grpc-default-executor-7] INFO  leader.FollowerInfo (FollowerInfoImpl.java:lambda$new$0(47)) - omNode-1@group-523986131536->omNode-3: nextIndex: updateUnconditionally 0 -> 0
2021-12-06 20:45:15,678 [omNode-1@group-523986131536->omNode-3-GrpcLogAppender-LogAppenderDaemon] INFO  server.GrpcLogAppender (GrpcLogAppender.java:installSnapshot(550)) - omNode-1@group-523986131536->omNode-3-GrpcLogAppender: followerNextIndex = 0 but logStartIndex = -1, notify follower to install snapshot-(t:2, i:17)
2021-12-06 20:45:15,678 [omNode-1@group-523986131536->omNode-3-GrpcLogAppender-LogAppenderDaemon] INFO  server.GrpcLogAppender (GrpcLogAppender.java:installSnapshot(558)) - omNode-1@group-523986131536->omNode-3-GrpcLogAppender: send omNode-1->omNode-3#0-t2,notify:(t:2, i:17)
2021-12-06 20:45:15,680 [grpc-default-executor-4] WARN  server.GrpcLogAppender (LogUtils.java:warn(122)) - omNode-1@group-523986131536->omNode-3-AppendLogResponseHandler: Failed appendEntries: org.apache.ratis.thirdparty.io.grpc.StatusRuntimeException: UNAVAILABLE: io exception
2021-12-06 20:45:15,680 [grpc-default-executor-4] INFO  leader.FollowerInfo (FollowerInfoImpl.java:lambda$new$0(47)) - omNode-1@group-523986131536->omNode-3: nextIndex: updateUnconditionally 0 -> 0
2021-12-06 20:45:15,680 [grpc-default-executor-7] WARN  server.GrpcLogAppender (LogUtils.java:warn(122)) - omNode-1@group-523986131536->omNode-3-InstallSnapshotResponseHandler: Failed InstallSnapshot: org.apache.ratis.thirdparty.io.grpc.StatusRuntimeException: UNAVAILABLE: io exception
2021-12-06 20:45:15,681 [grpc-default-executor-7] INFO  leader.FollowerInfo (FollowerInfoImpl.java:lambda$new$0(47)) - omNode-1@group-523986131536->omNode-3: nextIndex: updateUnconditionally 0 -> 0
2021-12-06 20:45:15,681 [grpc-default-executor-7] WARN  server.GrpcLogAppender (LogUtils.java:warn(122)) - omNode-1@group-523986131536->omNode-3-AppendLogResponseHandler: Failed appendEntries: org.apache.ratis.thirdparty.io.grpc.StatusRuntimeException: UNAVAILABLE: io exception
2021-12-06 20:45:15,681 [grpc-default-executor-7] INFO  leader.FollowerInfo (FollowerInfoImpl.java:lambda$new$0(47)) - omNode-1@group-523986131536->omNode-3: nextIndex: updateUnconditionally 0 -> 0
2021-12-06 20:45:15,682 [omNode-1@group-523986131536->omNode-3-GrpcLogAppender-LogAppenderDaemon] INFO  server.GrpcLogAppender (GrpcLogAppender.java:installSnapshot(550)) - omNode-1@group-523986131536->omNode-3-GrpcLogAppender: followerNextIndex = 0 but logStartIndex = -1, notify follower to install snapshot-(t:2, i:17)
2021-12-06 20:45:15,682 [omNode-1@group-523986131536->omNode-3-GrpcLogAppender-LogAppenderDaemon] INFO  server.GrpcLogAppender (GrpcLogAppender.java:installSnapshot(558)) - omNode-1@group-523986131536->omNode-3-GrpcLogAppender: send omNode-1->omNode-3#0-t2,notify:(t:2, i:17)
2021-12-06 20:45:15,682 [grpc-default-executor-7] WARN  server.GrpcLogAppender (LogUtils.java:warn(122)) - omNode-1@group-523986131536->omNode-3-InstallSnapshotResponseHandler: Failed InstallSnapshot: org.apache.ratis.thirdparty.io.grpc.StatusRuntimeException: UNAVAILABLE: io exception
2021-12-06 20:45:15,682 [grpc-default-executor-7] INFO  leader.FollowerInfo (FollowerInfoImpl.java:lambda$new$0(47)) - omNode-1@group-523986131536->omNode-3: nextIndex: updateUnconditionally 0 -> 0
2021-12-06 20:45:15,683 [omNode-1@group-523986131536->omNode-3-GrpcLogAppender-LogAppenderDaemon] INFO  server.GrpcLogAppender (GrpcLogAppender.java:installSnapshot(550)) - omNode-1@group-523986131536->omNode-3-GrpcLogAppender: followerNextIndex = 0 but logStartIndex = -1, notify follower to install snapshot-(t:2, i:17)
2021-12-06 20:45:15,683 [omNode-1@group-523986131536->omNode-3-GrpcLogAppender-LogAppenderDaemon] INFO  server.GrpcLogAppender (GrpcLogAppender.java:installSnapshot(558)) - omNode-1@group-523986131536->omNode-3-GrpcLogAppender: send omNode-1->omNode-3#0-t2,notify:(t:2, i:17)
2021-12-06 20:45:15,683 [grpc-default-executor-3] WARN  server.GrpcLogAppender (LogUtils.java:warn(122)) - omNode-1@group-523986131536->omNode-3-AppendLogResponseHandler: Failed appendEntries: org.apache.ratis.thirdparty.io.grpc.StatusRuntimeException: UNAVAILABLE: io exception
2021-12-06 20:45:15,684 [grpc-default-executor-3] INFO  leader.FollowerInfo (FollowerInfoImpl.java:lambda$new$0(47)) - omNode-1@group-523986131536->omNode-3: nextIndex: updateUnconditionally 0 -> 0
2021-12-06 20:45:15,684 [grpc-default-executor-3] WARN  server.GrpcLogAppender (LogUtils.java:warn(122)) - omNode-1@group-523986131536->omNode-3-InstallSnapshotResponseHandler: Failed InstallSnapshot: org.apache.ratis.thirdparty.io.grpc.StatusRuntimeException: UNAVAILABLE: io exception
2021-12-06 20:45:15,684 [grpc-default-executor-3] INFO  leader.FollowerInfo (FollowerInfoImpl.java:lambda$new$0(47)) - omNode-1@group-523986131536->omNode-3: nextIndex: updateUnconditionally 0 -> 0
2021-12-06 20:45:15,684 [omNode-1@group-523986131536->omNode-3-GrpcLogAppender-LogAppenderDaemon] INFO  server.GrpcLogAppender (GrpcLogAppender.java:installSnapshot(550)) - omNode-1@group-523986131536->omNode-3-GrpcLogAppender: followerNextIndex = 0 but logStartIndex = -1, notify follower to install snapshot-(t:2, i:17)
2021-12-06 20:45:15,684 [omNode-1@group-523986131536->omNode-3-GrpcLogAppender-LogAppenderDaemon] INFO  server.GrpcLogAppender (GrpcLogAppender.java:installSnapshot(558)) - omNode-1@group-523986131536->omNode-3-GrpcLogAppender: send omNode-1->omNode-3#0-t2,notify:(t:2, i:17)
2021-12-06 20:45:15,685 [grpc-default-executor-4] WARN  server.GrpcLogAppender (LogUtils.java:warn(122)) - omNode-1@group-523986131536->omNode-3-AppendLogResponseHandler: Failed appendEntries: org.apache.ratis.thirdparty.io.grpc.StatusRuntimeException: UNAVAILABLE: io exception
2021-12-06 20:45:15,686 [grpc-default-executor-4] INFO  leader.FollowerInfo (FollowerInfoImpl.java:lambda$new$0(47)) - omNode-1@group-523986131536->omNode-3: nextIndex: updateUnconditionally 0 -> 0
2021-12-06 20:45:15,686 [grpc-default-executor-3] WARN  server.GrpcLogAppender (LogUtils.java:warn(122)) - omNode-1@group-523986131536->omNode-3-InstallSnapshotResponseHandler: Failed InstallSnapshot: org.apache.ratis.thirdparty.io.grpc.StatusRuntimeException: UNAVAILABLE: io exception
2021-12-06 20:45:15,686 [grpc-default-executor-3] INFO  leader.FollowerInfo (FollowerInfoImpl.java:lambda$new$0(47)) - omNode-1@group-523986131536->omNode-3: nextIndex: updateUnconditionally 0 -> 0
2021-12-06 20:45:15,686 [grpc-default-executor-3] WARN  server.GrpcLogAppender (LogUtils.java:warn(122)) - omNode-1@group-523986131536->omNode-3-AppendLogResponseHandler: Failed appendEntries: org.apache.ratis.thirdparty.io.grpc.StatusRuntimeException: UNAVAILABLE: io exception
2021-12-06 20:45:15,686 [grpc-default-executor-3] INFO  leader.FollowerInfo (FollowerInfoImpl.java:lambda$new$0(47)) - omNode-1@group-523986131536->omNode-3: nextIndex: updateUnconditionally 0 -> 0
2021-12-06 20:45:15,686 [omNode-1@group-523986131536->omNode-3-GrpcLogAppender-LogAppenderDaemon] INFO  server.GrpcLogAppender (GrpcLogAppender.java:installSnapshot(550)) - omNode-1@group-523986131536->omNode-3-GrpcLogAppender: followerNextIndex = 0 but logStartIndex = -1, notify follower to install snapshot-(t:2, i:17)
2021-12-06 20:45:15,686 [omNode-1@group-523986131536->omNode-3-GrpcLogAppender-LogAppenderDaemon] INFO  server.GrpcLogAppender (GrpcLogAppender.java:installSnapshot(558)) - omNode-1@group-523986131536->omNode-3-GrpcLogAppender: send omNode-1->omNode-3#0-t2,notify:(t:2, i:17)
2021-12-06 20:45:15,687 [grpc-default-executor-3] WARN  server.GrpcLogAppender (LogUtils.java:warn(122)) - omNode-1@group-523986131536->omNode-3-InstallSnapshotResponseHandler: Failed InstallSnapshot: org.apache.ratis.thirdparty.io.grpc.StatusRuntimeException: UNAVAILABLE: io exception
2021-12-06 20:45:15,687 [grpc-default-executor-3] INFO  leader.FollowerInfo (FollowerInfoImpl.java:lambda$new$0(47)) - omNode-1@group-523986131536->omNode-3: nextIndex: updateUnconditionally 0 -> 0
2021-12-06 20:45:15,687 [grpc-default-executor-3] WARN  server.GrpcLogAppender (LogUtils.java:warn(122)) - omNode-1@group-523986131536->omNode-3-AppendLogResponseHandler: Failed appendEntries: org.apache.ratis.thirdparty.io.grpc.StatusRuntimeException: UNAVAILABLE: io exception
2021-12-06 20:45:15,687 [grpc-default-executor-3] INFO  leader.FollowerInfo (FollowerInfoImpl.java:lambda$new$0(47)) - omNode-1@group-523986131536->omNode-3: nextIndex: updateUnconditionally 0 -> 0
2021-12-06 20:45:15,687 [omNode-1@group-523986131536->omNode-3-GrpcLogAppender-LogAppenderDaemon] INFO  server.GrpcLogAppender (GrpcLogAppender.java:installSnapshot(550)) - omNode-1@group-523986131536->omNode-3-GrpcLogAppender: followerNextIndex = 0 but logStartIndex = -1, notify follower to install snapshot-(t:2, i:17)
2021-12-06 20:45:15,687 [omNode-1@group-523986131536->omNode-3-GrpcLogAppender-LogAppenderDaemon] INFO  server.GrpcLogAppender (GrpcLogAppender.java:installSnapshot(558)) - omNode-1@group-523986131536->omNode-3-GrpcLogAppender: send omNode-1->omNode-3#0-t2,notify:(t:2, i:17)
2021-12-06 20:45:15,687 [grpc-default-executor-3] WARN  server.GrpcLogAppender (LogUtils.java:warn(122)) - omNode-1@group-523986131536->omNode-3-InstallSnapshotResponseHandler: Failed InstallSnapshot: org.apache.ratis.thirdparty.io.grpc.StatusRuntimeException: UNAVAILABLE: io exception
2021-12-06 20:45:15,687 [grpc-default-executor-3] INFO  leader.FollowerInfo (FollowerInfoImpl.java:lambda$new$0(47)) - omNode-1@group-523986131536->omNode-3: nextIndex: updateUnconditionally 0 -> 0
2021-12-06 20:45:15,689 [grpc-default-executor-3] WARN  server.GrpcLogAppender (LogUtils.java:warn(122)) - omNode-1@group-523986131536->omNode-3-AppendLogResponseHandler: Failed appendEntries: org.apache.ratis.thirdparty.io.grpc.StatusRuntimeException: UNAVAILABLE: io exception
2021-12-06 20:45:15,689 [grpc-default-executor-3] INFO  leader.FollowerInfo (FollowerInfoImpl.java:lambda$new$0(47)) - omNode-1@group-523986131536->omNode-3: nextIndex: updateUnconditionally 0 -> 0
2021-12-06 20:45:15,689 [omNode-1@group-523986131536->omNode-3-GrpcLogAppender-LogAppenderDaemon] INFO  server.GrpcLogAppender (GrpcLogAppender.java:installSnapshot(550)) - omNode-1@group-523986131536->omNode-3-GrpcLogAppender: followerNextIndex = 0 but logStartIndex = -1, notify follower to install snapshot-(t:2, i:17)
2021-12-06 20:45:15,689 [omNode-1@group-523986131536->omNode-3-GrpcLogAppender-LogAppenderDaemon] INFO  server.GrpcLogAppender (GrpcLogAppender.java:installSnapshot(558)) - omNode-1@group-523986131536->omNode-3-GrpcLogAppender: send omNode-1->omNode-3#0-t2,notify:(t:2, i:17)
2021-12-06 20:45:15,689 [grpc-default-executor-3] WARN  server.GrpcLogAppender (LogUtils.java:warn(122)) - omNode-1@group-523986131536->omNode-3-InstallSnapshotResponseHandler: Failed InstallSnapshot: org.apache.ratis.thirdparty.io.grpc.StatusRuntimeException: UNAVAILABLE: io exception
2021-12-06 20:45:15,689 [grpc-default-executor-3] INFO  leader.FollowerInfo (FollowerInfoImpl.java:lambda$new$0(47)) - omNode-1@group-523986131536->omNode-3: nextIndex: updateUnconditionally 0 -> 0
2021-12-06 20:45:15,689 [omNode-1@group-523986131536->omNode-3-GrpcLogAppender-LogAppenderDaemon] INFO  server.GrpcLogAppender (GrpcLogAppender.java:installSnapshot(550)) - omNode-1@group-523986131536->omNode-3-GrpcLogAppender: followerNextIndex = 0 but logStartIndex = -1, notify follower to install snapshot-(t:2, i:17)
2021-12-06 20:45:15,689 [omNode-1@group-523986131536->omNode-3-GrpcLogAppender-LogAppenderDaemon] INFO  server.GrpcLogAppender (GrpcLogAppender.java:installSnapshot(558)) - omNode-1@group-523986131536->omNode-3-GrpcLogAppender: send omNode-1->omNode-3#0-t2,notify:(t:2, i:17)
2021-12-06 20:45:15,690 [grpc-default-executor-7] WARN  server.GrpcLogAppender (LogUtils.java:warn(122)) - omNode-1@group-523986131536->omNode-3-AppendLogResponseHandler: Failed appendEntries: org.apache.ratis.thirdparty.io.grpc.StatusRuntimeException: UNAVAILABLE: io exception
2021-12-06 20:45:15,690 [grpc-default-executor-7] INFO  leader.FollowerInfo (FollowerInfoImpl.java:lambda$new$0(47)) - omNode-1@group-523986131536->omNode-3: nextIndex: updateUnconditionally 0 -> 0
2021-12-06 20:45:15,690 [grpc-default-executor-3] WARN  server.GrpcLogAppender (LogUtils.java:warn(122)) - omNode-1@group-523986131536->omNode-3-InstallSnapshotResponseHandler: Failed InstallSnapshot: org.apache.ratis.thirdparty.io.grpc.StatusRuntimeException: UNAVAILABLE: io exception
2021-12-06 20:45:15,691 [grpc-default-executor-3] INFO  leader.FollowerInfo (FollowerInfoImpl.java:lambda$new$0(47)) - omNode-1@group-523986131536->omNode-3: nextIndex: updateUnconditionally 0 -> 0
2021-12-06 20:45:15,691 [omNode-1@group-523986131536->omNode-3-GrpcLogAppender-LogAppenderDaemon] INFO  server.GrpcLogAppender (GrpcLogAppender.java:installSnapshot(550)) - omNode-1@group-523986131536->omNode-3-GrpcLogAppender: followerNextIndex = 0 but logStartIndex = -1, notify follower to install snapshot-(t:2, i:17)
2021-12-06 20:45:15,691 [omNode-1@group-523986131536->omNode-3-GrpcLogAppender-LogAppenderDaemon] INFO  server.GrpcLogAppender (GrpcLogAppender.java:installSnapshot(558)) - omNode-1@group-523986131536->omNode-3-GrpcLogAppender: send omNode-1->omNode-3#0-t2,notify:(t:2, i:17)
2021-12-06 20:45:15,695 [grpc-default-executor-7] WARN  server.GrpcLogAppender (LogUtils.java:warn(122)) - omNode-1@group-523986131536->omNode-3-AppendLogResponseHandler: Failed appendEntries: org.apache.ratis.thirdparty.io.grpc.StatusRuntimeException: UNAVAILABLE: io exception
2021-12-06 20:45:15,695 [grpc-default-executor-7] INFO  leader.FollowerInfo (FollowerInfoImpl.java:lambda$new$0(47)) - omNode-1@group-523986131536->omNode-3: nextIndex: updateUnconditionally 0 -> 0
2021-12-06 20:45:15,695 [grpc-default-executor-3] WARN  server.GrpcLogAppender (LogUtils.java:warn(122)) - omNode-1@group-523986131536->omNode-3-InstallSnapshotResponseHandler: Failed InstallSnapshot: org.apache.ratis.thirdparty.io.grpc.StatusRuntimeException: UNAVAILABLE: io exception
2021-12-06 20:45:15,695 [grpc-default-executor-3] INFO  leader.FollowerInfo (FollowerInfoImpl.java:lambda$new$0(47)) - omNode-1@group-523986131536->omNode-3: nextIndex: updateUnconditionally 0 -> 0
2021-12-06 20:45:15,695 [grpc-default-executor-3] WARN  server.GrpcLogAppender (LogUtils.java:warn(122)) - omNode-1@group-523986131536->omNode-3-AppendLogResponseHandler: Failed appendEntries: org.apache.ratis.thirdparty.io.grpc.StatusRuntimeException: UNAVAILABLE: io exception
2021-12-06 20:45:15,695 [grpc-default-executor-3] INFO  leader.FollowerInfo (FollowerInfoImpl.java:lambda$new$0(47)) - omNode-1@group-523986131536->omNode-3: nextIndex: updateUnconditionally 0 -> 0
2021-12-06 20:45:15,695 [omNode-1@group-523986131536->omNode-3-GrpcLogAppender-LogAppenderDaemon] INFO  server.GrpcLogAppender (GrpcLogAppender.java:installSnapshot(550)) - omNode-1@group-523986131536->omNode-3-GrpcLogAppender: followerNextIndex = 0 but logStartIndex = -1, notify follower to install snapshot-(t:2, i:17)
2021-12-06 20:45:15,696 [omNode-1@group-523986131536->omNode-3-GrpcLogAppender-LogAppenderDaemon] INFO  server.GrpcLogAppender (GrpcLogAppender.java:installSnapshot(558)) - omNode-1@group-523986131536->omNode-3-GrpcLogAppender: send omNode-1->omNode-3#0-t2,notify:(t:2, i:17)
2021-12-06 20:45:15,696 [grpc-default-executor-3] WARN  server.GrpcLogAppender (LogUtils.java:warn(122)) - omNode-1@group-523986131536->omNode-3-InstallSnapshotResponseHandler: Failed InstallSnapshot: org.apache.ratis.thirdparty.io.grpc.StatusRuntimeException: UNAVAILABLE: io exception
2021-12-06 20:45:15,696 [grpc-default-executor-3] INFO  leader.FollowerInfo (FollowerInfoImpl.java:lambda$new$0(47)) - omNode-1@group-523986131536->omNode-3: nextIndex: updateUnconditionally 0 -> 0
2021-12-06 20:45:15,696 [grpc-default-executor-3] WARN  server.GrpcLogAppender (LogUtils.java:warn(122)) - omNode-1@group-523986131536->omNode-3-AppendLogResponseHandler: Failed appendEntries: org.apache.ratis.thirdparty.io.grpc.StatusRuntimeException: UNAVAILABLE: io exception
2021-12-06 20:45:15,696 [grpc-default-executor-3] INFO  leader.FollowerInfo (FollowerInfoImpl.java:lambda$new$0(47)) - omNode-1@group-523986131536->omNode-3: nextIndex: updateUnconditionally 0 -> 0
2021-12-06 20:45:15,696 [omNode-1@group-523986131536->omNode-3-GrpcLogAppender-LogAppenderDaemon] INFO  server.GrpcLogAppender (GrpcLogAppender.java:installSnapshot(550)) - omNode-1@group-523986131536->omNode-3-GrpcLogAppender: followerNextIndex = 0 but logStartIndex = -1, notify follower to install snapshot-(t:2, i:17)
2021-12-06 20:45:15,696 [omNode-1@group-523986131536->omNode-3-GrpcLogAppender-LogAppenderDaemon] INFO  server.GrpcLogAppender (GrpcLogAppender.java:installSnapshot(558)) - omNode-1@group-523986131536->omNode-3-GrpcLogAppender: send omNode-1->omNode-3#0-t2,notify:(t:2, i:17)
2021-12-06 20:45:15,696 [grpc-default-executor-3] WARN  server.GrpcLogAppender (LogUtils.java:warn(122)) - omNode-1@group-523986131536->omNode-3-InstallSnapshotResponseHandler: Failed InstallSnapshot: org.apache.ratis.thirdparty.io.grpc.StatusRuntimeException: UNAVAILABLE: io exception
2021-12-06 20:45:15,697 [grpc-default-executor-3] INFO  leader.FollowerInfo (FollowerInfoImpl.java:lambda$new$0(47)) - omNode-1@group-523986131536->omNode-3: nextIndex: updateUnconditionally 0 -> 0
2021-12-06 20:45:15,697 [grpc-default-executor-3] WARN  server.GrpcLogAppender (LogUtils.java:warn(122)) - omNode-1@group-523986131536->omNode-3-AppendLogResponseHandler: Failed appendEntries: org.apache.ratis.thirdparty.io.grpc.StatusRuntimeException: UNAVAILABLE: io exception
2021-12-06 20:45:15,697 [grpc-default-executor-3] INFO  leader.FollowerInfo (FollowerInfoImpl.java:lambda$new$0(47)) - omNode-1@group-523986131536->omNode-3: nextIndex: updateUnconditionally 0 -> 0
2021-12-06 20:45:15,697 [omNode-1@group-523986131536->omNode-3-GrpcLogAppender-LogAppenderDaemon] INFO  server.GrpcLogAppender (GrpcLogAppender.java:installSnapshot(550)) - omNode-1@group-523986131536->omNode-3-GrpcLogAppender: followerNextIndex = 0 but logStartIndex = -1, notify follower to install snapshot-(t:2, i:17)
2021-12-06 20:45:15,698 [omNode-1@group-523986131536->omNode-3-GrpcLogAppender-LogAppenderDaemon] INFO  server.GrpcLogAppender (GrpcLogAppender.java:installSnapshot(558)) - omNode-1@group-523986131536->omNode-3-GrpcLogAppender: send omNode-1->omNode-3#0-t2,notify:(t:2, i:17)
2021-12-06 20:45:15,698 [grpc-default-executor-7] WARN  server.GrpcLogAppender (LogUtils.java:warn(122)) - omNode-1@group-523986131536->omNode-3-InstallSnapshotResponseHandler: Failed InstallSnapshot: org.apache.ratis.thirdparty.io.grpc.StatusRuntimeException: UNAVAILABLE: io exception
2021-12-06 20:45:15,699 [grpc-default-executor-7] INFO  leader.FollowerInfo (FollowerInfoImpl.java:lambda$new$0(47)) - omNode-1@group-523986131536->omNode-3: nextIndex: updateUnconditionally 0 -> 0
2021-12-06 20:45:15,699 [omNode-1@group-523986131536->omNode-3-GrpcLogAppender-LogAppenderDaemon] INFO  server.GrpcLogAppender (GrpcLogAppender.java:installSnapshot(550)) - omNode-1@group-523986131536->omNode-3-GrpcLogAppender: followerNextIndex = 0 but logStartIndex = -1, notify follower to install snapshot-(t:2, i:17)
2021-12-06 20:45:15,699 [omNode-1@group-523986131536->omNode-3-GrpcLogAppender-LogAppenderDaemon] INFO  server.GrpcLogAppender (GrpcLogAppender.java:installSnapshot(558)) - omNode-1@group-523986131536->omNode-3-GrpcLogAppender: send omNode-1->omNode-3#0-t2,notify:(t:2, i:17)
2021-12-06 20:45:15,700 [grpc-default-executor-3] WARN  server.GrpcLogAppender (LogUtils.java:warn(122)) - omNode-1@group-523986131536->omNode-3-AppendLogResponseHandler: Failed appendEntries: org.apache.ratis.thirdparty.io.grpc.StatusRuntimeException: UNAVAILABLE: io exception
2021-12-06 20:45:15,700 [grpc-default-executor-3] INFO  leader.FollowerInfo (FollowerInfoImpl.java:lambda$new$0(47)) - omNode-1@group-523986131536->omNode-3: nextIndex: updateUnconditionally 0 -> 0
2021-12-06 20:45:15,700 [grpc-default-executor-7] WARN  server.GrpcLogAppender (LogUtils.java:warn(122)) - omNode-1@group-523986131536->omNode-3-InstallSnapshotResponseHandler: Failed InstallSnapshot: org.apache.ratis.thirdparty.io.grpc.StatusRuntimeException: UNAVAILABLE: io exception
2021-12-06 20:45:15,701 [grpc-default-executor-7] INFO  leader.FollowerInfo (FollowerInfoImpl.java:lambda$new$0(47)) - omNode-1@group-523986131536->omNode-3: nextIndex: updateUnconditionally 0 -> 0
2021-12-06 20:45:15,701 [grpc-default-executor-7] WARN  server.GrpcLogAppender (LogUtils.java:warn(122)) - omNode-1@group-523986131536->omNode-3-AppendLogResponseHandler: Failed appendEntries: org.apache.ratis.thirdparty.io.grpc.StatusRuntimeException: UNAVAILABLE: io exception
2021-12-06 20:45:15,701 [grpc-default-executor-7] INFO  leader.FollowerInfo (FollowerInfoImpl.java:lambda$new$0(47)) - omNode-1@group-523986131536->omNode-3: nextIndex: updateUnconditionally 0 -> 0
2021-12-06 20:45:15,701 [omNode-1@group-523986131536->omNode-3-GrpcLogAppender-LogAppenderDaemon] INFO  server.GrpcLogAppender (GrpcLogAppender.java:installSnapshot(550)) - omNode-1@group-523986131536->omNode-3-GrpcLogAppender: followerNextIndex = 0 but logStartIndex = -1, notify follower to install snapshot-(t:2, i:17)
2021-12-06 20:45:15,701 [omNode-1@group-523986131536->omNode-3-GrpcLogAppender-LogAppenderDaemon] INFO  server.GrpcLogAppender (GrpcLogAppender.java:installSnapshot(558)) - omNode-1@group-523986131536->omNode-3-GrpcLogAppender: send omNode-1->omNode-3#0-t2,notify:(t:2, i:17)
2021-12-06 20:45:15,701 [grpc-default-executor-7] WARN  server.GrpcLogAppender (LogUtils.java:warn(122)) - omNode-1@group-523986131536->omNode-3-InstallSnapshotResponseHandler: Failed InstallSnapshot: org.apache.ratis.thirdparty.io.grpc.StatusRuntimeException: UNAVAILABLE: io exception
2021-12-06 20:45:15,701 [grpc-default-executor-7] INFO  leader.FollowerInfo (FollowerInfoImpl.java:lambda$new$0(47)) - omNode-1@group-523986131536->omNode-3: nextIndex: updateUnconditionally 0 -> 0
2021-12-06 20:45:15,702 [grpc-default-executor-7] WARN  server.GrpcLogAppender (LogUtils.java:warn(122)) - omNode-1@group-523986131536->omNode-3-AppendLogResponseHandler: Failed appendEntries: org.apache.ratis.thirdparty.io.grpc.StatusRuntimeException: UNAVAILABLE: io exception
2021-12-06 20:45:15,702 [grpc-default-executor-7] INFO  leader.FollowerInfo (FollowerInfoImpl.java:lambda$new$0(47)) - omNode-1@group-523986131536->omNode-3: nextIndex: updateUnconditionally 0 -> 0
2021-12-06 20:45:15,702 [omNode-1@group-523986131536->omNode-3-GrpcLogAppender-LogAppenderDaemon] INFO  server.GrpcLogAppender (GrpcLogAppender.java:installSnapshot(550)) - omNode-1@group-523986131536->omNode-3-GrpcLogAppender: followerNextIndex = 0 but logStartIndex = -1, notify follower to install snapshot-(t:2, i:17)
2021-12-06 20:45:15,702 [omNode-1@group-523986131536->omNode-3-GrpcLogAppender-LogAppenderDaemon] INFO  server.GrpcLogAppender (GrpcLogAppender.java:installSnapshot(558)) - omNode-1@group-523986131536->omNode-3-GrpcLogAppender: send omNode-1->omNode-3#0-t2,notify:(t:2, i:17)
2021-12-06 20:45:15,702 [grpc-default-executor-7] WARN  server.GrpcLogAppender (LogUtils.java:warn(122)) - omNode-1@group-523986131536->omNode-3-InstallSnapshotResponseHandler: Failed InstallSnapshot: org.apache.ratis.thirdparty.io.grpc.StatusRuntimeException: UNAVAILABLE: io exception
2021-12-06 20:45:15,702 [grpc-default-executor-7] INFO  leader.FollowerInfo (FollowerInfoImpl.java:lambda$new$0(47)) - omNode-1@group-523986131536->omNode-3: nextIndex: updateUnconditionally 0 -> 0
2021-12-06 20:45:15,702 [grpc-default-executor-7] WARN  server.GrpcLogAppender (LogUtils.java:warn(122)) - omNode-1@group-523986131536->omNode-3-AppendLogResponseHandler: Failed appendEntries: org.apache.ratis.thirdparty.io.grpc.StatusRuntimeException: UNAVAILABLE: io exception
2021-12-06 20:45:15,702 [grpc-default-executor-7] INFO  leader.FollowerInfo (FollowerInfoImpl.java:lambda$new$0(47)) - omNode-1@group-523986131536->omNode-3: nextIndex: updateUnconditionally 0 -> 0
2021-12-06 20:45:15,703 [omNode-1@group-523986131536->omNode-3-GrpcLogAppender-LogAppenderDaemon] INFO  server.GrpcLogAppender (GrpcLogAppender.java:installSnapshot(550)) - omNode-1@group-523986131536->omNode-3-GrpcLogAppender: followerNextIndex = 0 but logStartIndex = -1, notify follower to install snapshot-(t:2, i:17)
2021-12-06 20:45:15,703 [omNode-1@group-523986131536->omNode-3-GrpcLogAppender-LogAppenderDaemon] INFO  server.GrpcLogAppender (GrpcLogAppender.java:installSnapshot(558)) - omNode-1@group-523986131536->omNode-3-GrpcLogAppender: send omNode-1->omNode-3#0-t2,notify:(t:2, i:17)
2021-12-06 20:45:15,703 [grpc-default-executor-7] WARN  server.GrpcLogAppender (LogUtils.java:warn(122)) - omNode-1@group-523986131536->omNode-3-InstallSnapshotResponseHandler: Failed InstallSnapshot: org.apache.ratis.thirdparty.io.grpc.StatusRuntimeException: UNAVAILABLE: io exception
2021-12-06 20:45:15,703 [grpc-default-executor-7] INFO  leader.FollowerInfo (FollowerInfoImpl.java:lambda$new$0(47)) - omNode-1@group-523986131536->omNode-3: nextIndex: updateUnconditionally 0 -> 0
2021-12-06 20:45:15,703 [grpc-default-executor-7] WARN  server.GrpcLogAppender (LogUtils.java:warn(122)) - omNode-1@group-523986131536->omNode-3-AppendLogResponseHandler: Failed appendEntries: org.apache.ratis.thirdparty.io.grpc.StatusRuntimeException: UNAVAILABLE: io exception
2021-12-06 20:45:15,704 [grpc-default-executor-7] INFO  leader.FollowerInfo (FollowerInfoImpl.java:lambda$new$0(47)) - omNode-1@group-523986131536->omNode-3: nextIndex: updateUnconditionally 0 -> 0
2021-12-06 20:45:15,704 [omNode-1@group-523986131536->omNode-3-GrpcLogAppender-LogAppenderDaemon] INFO  server.GrpcLogAppender (GrpcLogAppender.java:installSnapshot(550)) - omNode-1@group-523986131536->omNode-3-GrpcLogAppender: followerNextIndex = 0 but logStartIndex = -1, notify follower to install snapshot-(t:2, i:17)
2021-12-06 20:45:15,704 [omNode-1@group-523986131536->omNode-3-GrpcLogAppender-LogAppenderDaemon] INFO  server.GrpcLogAppender (GrpcLogAppender.java:installSnapshot(558)) - omNode-1@group-523986131536->omNode-3-GrpcLogAppender: send omNode-1->omNode-3#0-t2,notify:(t:2, i:17)
2021-12-06 20:45:15,705 [grpc-default-executor-7] WARN  server.GrpcLogAppender (LogUtils.java:warn(122)) - omNode-1@group-523986131536->omNode-3-InstallSnapshotResponseHandler: Failed InstallSnapshot: org.apache.ratis.thirdparty.io.grpc.StatusRuntimeException: UNAVAILABLE: io exception
2021-12-06 20:45:15,705 [grpc-default-executor-7] INFO  leader.FollowerInfo (FollowerInfoImpl.java:lambda$new$0(47)) - omNode-1@group-523986131536->omNode-3: nextIndex: updateUnconditionally 0 -> 0
2021-12-06 20:45:15,705 [omNode-1@group-523986131536->omNode-3-GrpcLogAppender-LogAppenderDaemon] INFO  server.GrpcLogAppender (GrpcLogAppender.java:installSnapshot(550)) - omNode-1@group-523986131536->omNode-3-GrpcLogAppender: followerNextIndex = 0 but logStartIndex = -1, notify follower to install snapshot-(t:2, i:17)
2021-12-06 20:45:15,705 [omNode-1@group-523986131536->omNode-3-GrpcLogAppender-LogAppenderDaemon] INFO  server.GrpcLogAppender (GrpcLogAppender.java:installSnapshot(558)) - omNode-1@group-523986131536->omNode-3-GrpcLogAppender: send omNode-1->omNode-3#0-t2,notify:(t:2, i:17)
2021-12-06 20:45:15,706 [grpc-default-executor-3] WARN  server.GrpcLogAppender (LogUtils.java:warn(122)) - omNode-1@group-523986131536->omNode-3-AppendLogResponseHandler: Failed appendEntries: org.apache.ratis.thirdparty.io.grpc.StatusRuntimeException: UNAVAILABLE: io exception
2021-12-06 20:45:15,706 [grpc-default-executor-3] INFO  leader.FollowerInfo (FollowerInfoImpl.java:lambda$new$0(47)) - omNode-1@group-523986131536->omNode-3: nextIndex: updateUnconditionally 0 -> 0
2021-12-06 20:45:15,706 [grpc-default-executor-7] WARN  server.GrpcLogAppender (LogUtils.java:warn(122)) - omNode-1@group-523986131536->omNode-3-InstallSnapshotResponseHandler: Failed InstallSnapshot: org.apache.ratis.thirdparty.io.grpc.StatusRuntimeException: UNAVAILABLE: io exception
2021-12-06 20:45:15,706 [grpc-default-executor-7] INFO  leader.FollowerInfo (FollowerInfoImpl.java:lambda$new$0(47)) - omNode-1@group-523986131536->omNode-3: nextIndex: updateUnconditionally 0 -> 0
2021-12-06 20:45:15,706 [grpc-default-executor-7] WARN  server.GrpcLogAppender (LogUtils.java:warn(122)) - omNode-1@group-523986131536->omNode-3-AppendLogResponseHandler: Failed appendEntries: org.apache.ratis.thirdparty.io.grpc.StatusRuntimeException: UNAVAILABLE: io exception
2021-12-06 20:45:15,706 [grpc-default-executor-7] INFO  leader.FollowerInfo (FollowerInfoImpl.java:lambda$new$0(47)) - omNode-1@group-523986131536->omNode-3: nextIndex: updateUnconditionally 0 -> 0
2021-12-06 20:45:15,706 [omNode-1@group-523986131536->omNode-3-GrpcLogAppender-LogAppenderDaemon] INFO  server.GrpcLogAppender (GrpcLogAppender.java:installSnapshot(550)) - omNode-1@group-523986131536->omNode-3-GrpcLogAppender: followerNextIndex = 0 but logStartIndex = -1, notify follower to install snapshot-(t:2, i:17)
2021-12-06 20:45:15,706 [omNode-1@group-523986131536->omNode-3-GrpcLogAppender-LogAppenderDaemon] INFO  server.GrpcLogAppender (GrpcLogAppender.java:installSnapshot(558)) - omNode-1@group-523986131536->omNode-3-GrpcLogAppender: send omNode-1->omNode-3#0-t2,notify:(t:2, i:17)
2021-12-06 20:45:15,707 [grpc-default-executor-7] WARN  server.GrpcLogAppender (LogUtils.java:warn(122)) - omNode-1@group-523986131536->omNode-3-InstallSnapshotResponseHandler: Failed InstallSnapshot: org.apache.ratis.thirdparty.io.grpc.StatusRuntimeException: UNAVAILABLE: io exception
2021-12-06 20:45:15,707 [grpc-default-executor-7] INFO  leader.FollowerInfo (FollowerInfoImpl.java:lambda$new$0(47)) - omNode-1@group-523986131536->omNode-3: nextIndex: updateUnconditionally 0 -> 0
2021-12-06 20:45:15,707 [grpc-default-executor-7] WARN  server.GrpcLogAppender (LogUtils.java:warn(122)) - omNode-1@group-523986131536->omNode-3-AppendLogResponseHandler: Failed appendEntries: org.apache.ratis.thirdparty.io.grpc.StatusRuntimeException: UNAVAILABLE: io exception
2021-12-06 20:45:15,707 [grpc-default-executor-7] INFO  leader.FollowerInfo (FollowerInfoImpl.java:lambda$new$0(47)) - omNode-1@group-523986131536->omNode-3: nextIndex: updateUnconditionally 0 -> 0
2021-12-06 20:45:15,708 [omNode-1@group-523986131536->omNode-3-GrpcLogAppender-LogAppenderDaemon] INFO  server.GrpcLogAppender (GrpcLogAppender.java:installSnapshot(550)) - omNode-1@group-523986131536->omNode-3-GrpcLogAppender: followerNextIndex = 0 but logStartIndex = -1, notify follower to install snapshot-(t:2, i:17)
2021-12-06 20:45:15,708 [omNode-1@group-523986131536->omNode-3-GrpcLogAppender-LogAppenderDaemon] INFO  server.GrpcLogAppender (GrpcLogAppender.java:installSnapshot(558)) - omNode-1@group-523986131536->omNode-3-GrpcLogAppender: send omNode-1->omNode-3#0-t2,notify:(t:2, i:17)
2021-12-06 20:45:15,709 [grpc-default-executor-3] WARN  server.GrpcLogAppender (LogUtils.java:warn(122)) - omNode-1@group-523986131536->omNode-3-InstallSnapshotResponseHandler: Failed InstallSnapshot: org.apache.ratis.thirdparty.io.grpc.StatusRuntimeException: UNAVAILABLE: io exception
2021-12-06 20:45:15,709 [grpc-default-executor-3] INFO  leader.FollowerInfo (FollowerInfoImpl.java:lambda$new$0(47)) - omNode-1@group-523986131536->omNode-3: nextIndex: updateUnconditionally 0 -> 0
2021-12-06 20:45:15,709 [grpc-default-executor-3] WARN  server.GrpcLogAppender (LogUtils.java:warn(122)) - omNode-1@group-523986131536->omNode-3-AppendLogResponseHandler: Failed appendEntries: org.apache.ratis.thirdparty.io.grpc.StatusRuntimeException: UNAVAILABLE: io exception
2021-12-06 20:45:15,709 [grpc-default-executor-3] INFO  leader.FollowerInfo (FollowerInfoImpl.java:lambda$new$0(47)) - omNode-1@group-523986131536->omNode-3: nextIndex: updateUnconditionally 0 -> 0
2021-12-06 20:45:15,709 [omNode-1@group-523986131536->omNode-3-GrpcLogAppender-LogAppenderDaemon] INFO  server.GrpcLogAppender (GrpcLogAppender.java:installSnapshot(550)) - omNode-1@group-523986131536->omNode-3-GrpcLogAppender: followerNextIndex = 0 but logStartIndex = -1, notify follower to install snapshot-(t:2, i:17)
2021-12-06 20:45:15,709 [omNode-1@group-523986131536->omNode-3-GrpcLogAppender-LogAppenderDaemon] INFO  server.GrpcLogAppender (GrpcLogAppender.java:installSnapshot(558)) - omNode-1@group-523986131536->omNode-3-GrpcLogAppender: send omNode-1->omNode-3#0-t2,notify:(t:2, i:17)
2021-12-06 20:45:15,710 [grpc-default-executor-3] WARN  server.GrpcLogAppender (LogUtils.java:warn(122)) - omNode-1@group-523986131536->omNode-3-InstallSnapshotResponseHandler: Failed InstallSnapshot: org.apache.ratis.thirdparty.io.grpc.StatusRuntimeException: UNAVAILABLE: io exception
2021-12-06 20:45:15,710 [grpc-default-executor-3] INFO  leader.FollowerInfo (FollowerInfoImpl.java:lambda$new$0(47)) - omNode-1@group-523986131536->omNode-3: nextIndex: updateUnconditionally 0 -> 0
2021-12-06 20:45:15,710 [grpc-default-executor-3] WARN  server.GrpcLogAppender (LogUtils.java:warn(122)) - omNode-1@group-523986131536->omNode-3-AppendLogResponseHandler: Failed appendEntries: org.apache.ratis.thirdparty.io.grpc.StatusRuntimeException: UNAVAILABLE: io exception
2021-12-06 20:45:15,710 [grpc-default-executor-3] INFO  leader.FollowerInfo (FollowerInfoImpl.java:lambda$new$0(47)) - omNode-1@group-523986131536->omNode-3: nextIndex: updateUnconditionally 0 -> 0
2021-12-06 20:45:15,710 [omNode-1@group-523986131536->omNode-3-GrpcLogAppender-LogAppenderDaemon] INFO  server.GrpcLogAppender (GrpcLogAppender.java:installSnapshot(550)) - omNode-1@group-523986131536->omNode-3-GrpcLogAppender: followerNextIndex = 0 but logStartIndex = -1, notify follower to install snapshot-(t:2, i:17)
2021-12-06 20:45:15,710 [omNode-1@group-523986131536->omNode-3-GrpcLogAppender-LogAppenderDaemon] INFO  server.GrpcLogAppender (GrpcLogAppender.java:installSnapshot(558)) - omNode-1@group-523986131536->omNode-3-GrpcLogAppender: send omNode-1->omNode-3#0-t2,notify:(t:2, i:17)
2021-12-06 20:45:15,710 [grpc-default-executor-3] WARN  server.GrpcLogAppender (LogUtils.java:warn(122)) - omNode-1@group-523986131536->omNode-3-InstallSnapshotResponseHandler: Failed InstallSnapshot: org.apache.ratis.thirdparty.io.grpc.StatusRuntimeException: UNAVAILABLE: io exception
2021-12-06 20:45:15,710 [grpc-default-executor-3] INFO  leader.FollowerInfo (FollowerInfoImpl.java:lambda$new$0(47)) - omNode-1@group-523986131536->omNode-3: nextIndex: updateUnconditionally 0 -> 0
2021-12-06 20:45:15,711 [grpc-default-executor-3] WARN  server.GrpcLogAppender (LogUtils.java:warn(122)) - omNode-1@group-523986131536->omNode-3-AppendLogResponseHandler: Failed appendEntries: org.apache.ratis.thirdparty.io.grpc.StatusRuntimeException: UNAVAILABLE: io exception
2021-12-06 20:45:15,711 [grpc-default-executor-3] INFO  leader.FollowerInfo (FollowerInfoImpl.java:lambda$new$0(47)) - omNode-1@group-523986131536->omNode-3: nextIndex: updateUnconditionally 0 -> 0
2021-12-06 20:45:15,711 [omNode-1@group-523986131536->omNode-3-GrpcLogAppender-LogAppenderDaemon] INFO  server.GrpcLogAppender (GrpcLogAppender.java:installSnapshot(550)) - omNode-1@group-523986131536->omNode-3-GrpcLogAppender: followerNextIndex = 0 but logStartIndex = -1, notify follower to install snapshot-(t:2, i:17)
2021-12-06 20:45:15,711 [omNode-1@group-523986131536->omNode-3-GrpcLogAppender-LogAppenderDaemon] INFO  server.GrpcLogAppender (GrpcLogAppender.java:installSnapshot(558)) - omNode-1@group-523986131536->omNode-3-GrpcLogAppender: send omNode-1->omNode-3#0-t2,notify:(t:2, i:17)
2021-12-06 20:45:15,712 [grpc-default-executor-3] WARN  server.GrpcLogAppender (LogUtils.java:warn(122)) - omNode-1@group-523986131536->omNode-3-InstallSnapshotResponseHandler: Failed InstallSnapshot: org.apache.ratis.thirdparty.io.grpc.StatusRuntimeException: UNAVAILABLE: io exception
2021-12-06 20:45:15,713 [grpc-default-executor-3] INFO  leader.FollowerInfo (FollowerInfoImpl.java:lambda$new$0(47)) - omNode-1@group-523986131536->omNode-3: nextIndex: updateUnconditionally 0 -> 0
2021-12-06 20:45:15,713 [omNode-1@group-523986131536->omNode-3-GrpcLogAppender-LogAppenderDaemon] INFO  server.GrpcLogAppender (GrpcLogAppender.java:installSnapshot(550)) - omNode-1@group-523986131536->omNode-3-GrpcLogAppender: followerNextIndex = 0 but logStartIndex = -1, notify follower to install snapshot-(t:2, i:17)
2021-12-06 20:45:15,713 [omNode-1@group-523986131536->omNode-3-GrpcLogAppender-LogAppenderDaemon] INFO  server.GrpcLogAppender (GrpcLogAppender.java:installSnapshot(558)) - omNode-1@group-523986131536->omNode-3-GrpcLogAppender: send omNode-1->omNode-3#0-t2,notify:(t:2, i:17)
2021-12-06 20:45:15,713 [grpc-default-executor-7] WARN  server.GrpcLogAppender (LogUtils.java:warn(122)) - omNode-1@group-523986131536->omNode-3-AppendLogResponseHandler: Failed appendEntries: org.apache.ratis.thirdparty.io.grpc.StatusRuntimeException: UNAVAILABLE: io exception
2021-12-06 20:45:15,713 [grpc-default-executor-7] INFO  leader.FollowerInfo (FollowerInfoImpl.java:lambda$new$0(47)) - omNode-1@group-523986131536->omNode-3: nextIndex: updateUnconditionally 0 -> 0
2021-12-06 20:45:15,713 [grpc-default-executor-3] WARN  server.GrpcLogAppender (LogUtils.java:warn(122)) - omNode-1@group-523986131536->omNode-3-InstallSnapshotResponseHandler: Failed InstallSnapshot: org.apache.ratis.thirdparty.io.grpc.StatusRuntimeException: UNAVAILABLE: io exception
2021-12-06 20:45:15,713 [grpc-default-executor-3] INFO  leader.FollowerInfo (FollowerInfoImpl.java:lambda$new$0(47)) - omNode-1@group-523986131536->omNode-3: nextIndex: updateUnconditionally 0 -> 0
2021-12-06 20:45:15,714 [grpc-default-executor-3] WARN  server.GrpcLogAppender (LogUtils.java:warn(122)) - omNode-1@group-523986131536->omNode-3-AppendLogResponseHandler: Failed appendEntries: org.apache.ratis.thirdparty.io.grpc.StatusRuntimeException: UNAVAILABLE: io exception
2021-12-06 20:45:15,714 [grpc-default-executor-3] INFO  leader.FollowerInfo (FollowerInfoImpl.java:lambda$new$0(47)) - omNode-1@group-523986131536->omNode-3: nextIndex: updateUnconditionally 0 -> 0
2021-12-06 20:45:15,714 [omNode-1@group-523986131536->omNode-3-GrpcLogAppender-LogAppenderDaemon] INFO  server.GrpcLogAppender (GrpcLogAppender.java:installSnapshot(550)) - omNode-1@group-523986131536->omNode-3-GrpcLogAppender: followerNextIndex = 0 but logStartIndex = -1, notify follower to install snapshot-(t:2, i:17)
2021-12-06 20:45:15,714 [omNode-1@group-523986131536->omNode-3-GrpcLogAppender-LogAppenderDaemon] INFO  server.GrpcLogAppender (GrpcLogAppender.java:installSnapshot(558)) - omNode-1@group-523986131536->omNode-3-GrpcLogAppender: send omNode-1->omNode-3#0-t2,notify:(t:2, i:17)
2021-12-06 20:45:15,716 [grpc-default-executor-7] WARN  server.GrpcLogAppender (LogUtils.java:warn(122)) - omNode-1@group-523986131536->omNode-3-InstallSnapshotResponseHandler: Failed InstallSnapshot: org.apache.ratis.thirdparty.io.grpc.StatusRuntimeException: UNAVAILABLE: io exception
2021-12-06 20:45:15,716 [grpc-default-executor-7] INFO  leader.FollowerInfo (FollowerInfoImpl.java:lambda$new$0(47)) - omNode-1@group-523986131536->omNode-3: nextIndex: updateUnconditionally 0 -> 0
2021-12-06 20:45:15,716 [grpc-default-executor-7] WARN  server.GrpcLogAppender (LogUtils.java:warn(122)) - omNode-1@group-523986131536->omNode-3-AppendLogResponseHandler: Failed appendEntries: org.apache.ratis.thirdparty.io.grpc.StatusRuntimeException: UNAVAILABLE: io exception
2021-12-06 20:45:15,716 [grpc-default-executor-7] INFO  leader.FollowerInfo (FollowerInfoImpl.java:lambda$new$0(47)) - omNode-1@group-523986131536->omNode-3: nextIndex: updateUnconditionally 0 -> 0
2021-12-06 20:45:15,717 [omNode-1@group-523986131536->omNode-3-GrpcLogAppender-LogAppenderDaemon] INFO  server.GrpcLogAppender (GrpcLogAppender.java:installSnapshot(550)) - omNode-1@group-523986131536->omNode-3-GrpcLogAppender: followerNextIndex = 0 but logStartIndex = -1, notify follower to install snapshot-(t:2, i:17)
2021-12-06 20:45:15,717 [omNode-1@group-523986131536->omNode-3-GrpcLogAppender-LogAppenderDaemon] INFO  server.GrpcLogAppender (GrpcLogAppender.java:installSnapshot(558)) - omNode-1@group-523986131536->omNode-3-GrpcLogAppender: send omNode-1->omNode-3#0-t2,notify:(t:2, i:17)
2021-12-06 20:45:15,717 [grpc-default-executor-7] WARN  server.GrpcLogAppender (LogUtils.java:warn(122)) - omNode-1@group-523986131536->omNode-3-InstallSnapshotResponseHandler: Failed InstallSnapshot: org.apache.ratis.thirdparty.io.grpc.StatusRuntimeException: UNAVAILABLE: io exception
2021-12-06 20:45:15,717 [grpc-default-executor-7] INFO  leader.FollowerInfo (FollowerInfoImpl.java:lambda$new$0(47)) - omNode-1@group-523986131536->omNode-3: nextIndex: updateUnconditionally 0 -> 0
2021-12-06 20:45:15,717 [grpc-default-executor-7] WARN  server.GrpcLogAppender (LogUtils.java:warn(122)) - omNode-1@group-523986131536->omNode-3-AppendLogResponseHandler: Failed appendEntries: org.apache.ratis.thirdparty.io.grpc.StatusRuntimeException: UNAVAILABLE: io exception
2021-12-06 20:45:15,717 [grpc-default-executor-7] INFO  leader.FollowerInfo (FollowerInfoImpl.java:lambda$new$0(47)) - omNode-1@group-523986131536->omNode-3: nextIndex: updateUnconditionally 0 -> 0
2021-12-06 20:45:15,717 [omNode-1@group-523986131536->omNode-3-GrpcLogAppender-LogAppenderDaemon] INFO  server.GrpcLogAppender (GrpcLogAppender.java:installSnapshot(550)) - omNode-1@group-523986131536->omNode-3-GrpcLogAppender: followerNextIndex = 0 but logStartIndex = -1, notify follower to install snapshot-(t:2, i:17)
2021-12-06 20:45:15,717 [omNode-1@group-523986131536->omNode-3-GrpcLogAppender-LogAppenderDaemon] INFO  server.GrpcLogAppender (GrpcLogAppender.java:installSnapshot(558)) - omNode-1@group-523986131536->omNode-3-GrpcLogAppender: send omNode-1->omNode-3#0-t2,notify:(t:2, i:17)
2021-12-06 20:45:15,718 [grpc-default-executor-7] WARN  server.GrpcLogAppender (LogUtils.java:warn(122)) - omNode-1@group-523986131536->omNode-3-InstallSnapshotResponseHandler: Failed InstallSnapshot: org.apache.ratis.thirdparty.io.grpc.StatusRuntimeException: UNAVAILABLE: io exception
2021-12-06 20:45:15,718 [grpc-default-executor-7] INFO  leader.FollowerInfo (FollowerInfoImpl.java:lambda$new$0(47)) - omNode-1@group-523986131536->omNode-3: nextIndex: updateUnconditionally 0 -> 0
2021-12-06 20:45:15,718 [grpc-default-executor-7] WARN  server.GrpcLogAppender (LogUtils.java:warn(122)) - omNode-1@group-523986131536->omNode-3-AppendLogResponseHandler: Failed appendEntries: org.apache.ratis.thirdparty.io.grpc.StatusRuntimeException: UNAVAILABLE: io exception
2021-12-06 20:45:15,718 [grpc-default-executor-7] INFO  leader.FollowerInfo (FollowerInfoImpl.java:lambda$new$0(47)) - omNode-1@group-523986131536->omNode-3: nextIndex: updateUnconditionally 0 -> 0
2021-12-06 20:45:15,718 [omNode-1@group-523986131536->omNode-3-GrpcLogAppender-LogAppenderDaemon] INFO  server.GrpcLogAppender (GrpcLogAppender.java:installSnapshot(550)) - omNode-1@group-523986131536->omNode-3-GrpcLogAppender: followerNextIndex = 0 but logStartIndex = -1, notify follower to install snapshot-(t:2, i:17)
2021-12-06 20:45:15,718 [omNode-1@group-523986131536->omNode-3-GrpcLogAppender-LogAppenderDaemon] INFO  server.GrpcLogAppender (GrpcLogAppender.java:installSnapshot(558)) - omNode-1@group-523986131536->omNode-3-GrpcLogAppender: send omNode-1->omNode-3#0-t2,notify:(t:2, i:17)
2021-12-06 20:45:15,722 [Time-limited test] WARN  om.OzoneManager (OzoneManager.java:instantiatePrepareStateOnStartup(3756)) - Prepare marker file index 14 does not match DB prepare index 12. Writing DB index to prepare file and maintaining prepared state.
2021-12-06 20:45:15,722 [grpc-default-executor-3] WARN  server.GrpcLogAppender (LogUtils.java:warn(122)) - omNode-1@group-523986131536->omNode-3-InstallSnapshotResponseHandler: Failed InstallSnapshot: org.apache.ratis.thirdparty.io.grpc.StatusRuntimeException: UNAVAILABLE: io exception
2021-12-06 20:45:15,723 [grpc-default-executor-3] INFO  leader.FollowerInfo (FollowerInfoImpl.java:lambda$new$0(47)) - omNode-1@group-523986131536->omNode-3: nextIndex: updateUnconditionally 0 -> 0
2021-12-06 20:45:15,723 [omNode-1@group-523986131536->omNode-3-GrpcLogAppender-LogAppenderDaemon] INFO  server.GrpcLogAppender (GrpcLogAppender.java:installSnapshot(550)) - omNode-1@group-523986131536->omNode-3-GrpcLogAppender: followerNextIndex = 0 but logStartIndex = -1, notify follower to install snapshot-(t:2, i:17)
2021-12-06 20:45:15,723 [omNode-1@group-523986131536->omNode-3-GrpcLogAppender-LogAppenderDaemon] INFO  server.GrpcLogAppender (GrpcLogAppender.java:installSnapshot(558)) - omNode-1@group-523986131536->omNode-3-GrpcLogAppender: send omNode-1->omNode-3#0-t2,notify:(t:2, i:17)
2021-12-06 20:45:15,724 [Time-limited test] INFO  om.OzoneManagerPrepareState (OzoneManagerPrepareState.java:writePrepareMarkerFile(262)) - Prepare marker file written with log index 12 to file /home/runner/work/ozone/ozone/hadoop-ozone/integration-test/target/test-dir/MiniOzoneClusterImpl-1f2ada2d-a189-4e3f-a934-1db8589ac524/omNode-3/current/prepareMarker
2021-12-06 20:45:15,738 [grpc-default-executor-4] WARN  server.GrpcLogAppender (LogUtils.java:warn(122)) - omNode-1@group-523986131536->omNode-3-AppendLogResponseHandler: Failed appendEntries: org.apache.ratis.thirdparty.io.grpc.StatusRuntimeException: UNAVAILABLE: io exception
2021-12-06 20:45:15,738 [grpc-default-executor-4] INFO  leader.FollowerInfo (FollowerInfoImpl.java:lambda$new$0(47)) - omNode-1@group-523986131536->omNode-3: nextIndex: updateUnconditionally 0 -> 0
2021-12-06 20:45:15,738 [grpc-default-executor-3] WARN  server.GrpcLogAppender (LogUtils.java:warn(122)) - omNode-1@group-523986131536->omNode-3-InstallSnapshotResponseHandler: Failed InstallSnapshot: org.apache.ratis.thirdparty.io.grpc.StatusRuntimeException: UNAVAILABLE: io exception
2021-12-06 20:45:15,738 [grpc-default-executor-3] INFO  leader.FollowerInfo (FollowerInfoImpl.java:lambda$new$0(47)) - omNode-1@group-523986131536->omNode-3: nextIndex: updateUnconditionally 0 -> 0
2021-12-06 20:45:15,738 [omNode-1@group-523986131536->omNode-3-GrpcLogAppender-LogAppenderDaemon] INFO  server.GrpcLogAppender (GrpcLogAppender.java:installSnapshot(550)) - omNode-1@group-523986131536->omNode-3-GrpcLogAppender: followerNextIndex = 0 but logStartIndex = -1, notify follower to install snapshot-(t:2, i:17)
2021-12-06 20:45:15,738 [omNode-1@group-523986131536->omNode-3-GrpcLogAppender-LogAppenderDaemon] INFO  server.GrpcLogAppender (GrpcLogAppender.java:installSnapshot(558)) - omNode-1@group-523986131536->omNode-3-GrpcLogAppender: send omNode-1->omNode-3#0-t2,notify:(t:2, i:17)
2021-12-06 20:45:15,739 [grpc-default-executor-7] WARN  server.GrpcLogAppender (LogUtils.java:warn(122)) - omNode-1@group-523986131536->omNode-3-AppendLogResponseHandler: Failed appendEntries: org.apache.ratis.thirdparty.io.grpc.StatusRuntimeException: UNAVAILABLE: io exception
2021-12-06 20:45:15,740 [grpc-default-executor-7] INFO  leader.FollowerInfo (FollowerInfoImpl.java:lambda$new$0(47)) - omNode-1@group-523986131536->omNode-3: nextIndex: updateUnconditionally 0 -> 0
2021-12-06 20:45:15,740 [grpc-default-executor-7] WARN  server.GrpcLogAppender (LogUtils.java:warn(122)) - omNode-1@group-523986131536->omNode-3-InstallSnapshotResponseHandler: Failed InstallSnapshot: org.apache.ratis.thirdparty.io.grpc.StatusRuntimeException: UNAVAILABLE: io exception
2021-12-06 20:45:15,740 [grpc-default-executor-7] INFO  leader.FollowerInfo (FollowerInfoImpl.java:lambda$new$0(47)) - omNode-1@group-523986131536->omNode-3: nextIndex: updateUnconditionally 0 -> 0
2021-12-06 20:45:15,740 [omNode-1@group-523986131536->omNode-3-GrpcLogAppender-LogAppenderDaemon] INFO  server.GrpcLogAppender (GrpcLogAppender.java:installSnapshot(550)) - omNode-1@group-523986131536->omNode-3-GrpcLogAppender: followerNextIndex = 0 but logStartIndex = -1, notify follower to install snapshot-(t:2, i:17)
2021-12-06 20:45:15,740 [omNode-1@group-523986131536->omNode-3-GrpcLogAppender-LogAppenderDaemon] INFO  server.GrpcLogAppender (GrpcLogAppender.java:installSnapshot(558)) - omNode-1@group-523986131536->omNode-3-GrpcLogAppender: send omNode-1->omNode-3#0-t2,notify:(t:2, i:17)
2021-12-06 20:45:15,741 [grpc-default-executor-3] WARN  server.GrpcLogAppender (LogUtils.java:warn(122)) - omNode-1@group-523986131536->omNode-3-InstallSnapshotResponseHandler: Failed InstallSnapshot: org.apache.ratis.thirdparty.io.grpc.StatusRuntimeException: UNAVAILABLE: io exception
2021-12-06 20:45:15,741 [grpc-default-executor-3] INFO  leader.FollowerInfo (FollowerInfoImpl.java:lambda$new$0(47)) - omNode-1@group-523986131536->omNode-3: nextIndex: updateUnconditionally 0 -> 0
2021-12-06 20:45:15,741 [grpc-default-executor-3] WARN  server.GrpcLogAppender (LogUtils.java:warn(122)) - omNode-1@group-523986131536->omNode-3-AppendLogResponseHandler: Failed appendEntries: org.apache.ratis.thirdparty.io.grpc.StatusRuntimeException: UNAVAILABLE: io exception
2021-12-06 20:45:15,742 [omNode-1@group-523986131536->omNode-3-GrpcLogAppender-LogAppenderDaemon] INFO  server.GrpcLogAppender (GrpcLogAppender.java:installSnapshot(550)) - omNode-1@group-523986131536->omNode-3-GrpcLogAppender: followerNextIndex = 0 but logStartIndex = -1, notify follower to install snapshot-(t:2, i:17)
2021-12-06 20:45:15,742 [omNode-1@group-523986131536->omNode-3-GrpcLogAppender-LogAppenderDaemon] INFO  server.GrpcLogAppender (GrpcLogAppender.java:installSnapshot(558)) - omNode-1@group-523986131536->omNode-3-GrpcLogAppender: send omNode-1->omNode-3#0-t2,notify:(t:2, i:17)
2021-12-06 20:45:15,742 [grpc-default-executor-3] INFO  leader.FollowerInfo (FollowerInfoImpl.java:lambda$new$0(47)) - omNode-1@group-523986131536->omNode-3: nextIndex: updateUnconditionally 0 -> 0
2021-12-06 20:45:15,743 [grpc-default-executor-4] WARN  server.GrpcLogAppender (LogUtils.java:warn(122)) - omNode-1@group-523986131536->omNode-3-InstallSnapshotResponseHandler: Failed InstallSnapshot: org.apache.ratis.thirdparty.io.grpc.StatusRuntimeException: UNAVAILABLE: io exception
2021-12-06 20:45:15,743 [grpc-default-executor-4] INFO  leader.FollowerInfo (FollowerInfoImpl.java:lambda$new$0(47)) - omNode-1@group-523986131536->omNode-3: nextIndex: updateUnconditionally 0 -> 0
2021-12-06 20:45:15,743 [grpc-default-executor-4] WARN  server.GrpcLogAppender (LogUtils.java:warn(122)) - omNode-1@group-523986131536->omNode-3-AppendLogResponseHandler: Failed appendEntries: org.apache.ratis.thirdparty.io.grpc.StatusRuntimeException: UNAVAILABLE: io exception
2021-12-06 20:45:15,743 [omNode-1@group-523986131536->omNode-3-GrpcLogAppender-LogAppenderDaemon] INFO  server.GrpcLogAppender (GrpcLogAppender.java:installSnapshot(550)) - omNode-1@group-523986131536->omNode-3-GrpcLogAppender: followerNextIndex = 0 but logStartIndex = -1, notify follower to install snapshot-(t:2, i:17)
2021-12-06 20:45:15,743 [omNode-1@group-523986131536->omNode-3-GrpcLogAppender-LogAppenderDaemon] INFO  server.GrpcLogAppender (GrpcLogAppender.java:installSnapshot(558)) - omNode-1@group-523986131536->omNode-3-GrpcLogAppender: send omNode-1->omNode-3#0-t2,notify:(t:2, i:17)
2021-12-06 20:45:15,743 [grpc-default-executor-4] INFO  leader.FollowerInfo (FollowerInfoImpl.java:lambda$new$0(47)) - omNode-1@group-523986131536->omNode-3: nextIndex: updateUnconditionally 0 -> 0
2021-12-06 20:45:15,744 [grpc-default-executor-7] WARN  server.GrpcLogAppender (LogUtils.java:warn(122)) - omNode-1@group-523986131536->omNode-3-AppendLogResponseHandler: Failed appendEntries: org.apache.ratis.thirdparty.io.grpc.StatusRuntimeException: UNAVAILABLE: io exception
2021-12-06 20:45:15,744 [grpc-default-executor-7] INFO  leader.FollowerInfo (FollowerInfoImpl.java:lambda$new$0(47)) - omNode-1@group-523986131536->omNode-3: nextIndex: updateUnconditionally 0 -> 0
2021-12-06 20:45:15,744 [grpc-default-executor-7] WARN  server.GrpcLogAppender (LogUtils.java:warn(122)) - omNode-1@group-523986131536->omNode-3-InstallSnapshotResponseHandler: Failed InstallSnapshot: org.apache.ratis.thirdparty.io.grpc.StatusRuntimeException: UNAVAILABLE: io exception
2021-12-06 20:45:15,745 [grpc-default-executor-7] INFO  leader.FollowerInfo (FollowerInfoImpl.java:lambda$new$0(47)) - omNode-1@group-523986131536->omNode-3: nextIndex: updateUnconditionally 0 -> 0
2021-12-06 20:45:15,745 [grpc-default-executor-7] WARN  server.GrpcLogAppender (LogUtils.java:warn(122)) - omNode-1@group-523986131536->omNode-3-AppendLogResponseHandler: Failed appendEntries: org.apache.ratis.thirdparty.io.grpc.StatusRuntimeException: UNAVAILABLE: io exception
2021-12-06 20:45:15,745 [omNode-1@group-523986131536->omNode-3-GrpcLogAppender-LogAppenderDaemon] INFO  server.GrpcLogAppender (GrpcLogAppender.java:installSnapshot(550)) - omNode-1@group-523986131536->omNode-3-GrpcLogAppender: followerNextIndex = 0 but logStartIndex = -1, notify follower to install snapshot-(t:2, i:17)
2021-12-06 20:45:15,745 [omNode-1@group-523986131536->omNode-3-GrpcLogAppender-LogAppenderDaemon] INFO  server.GrpcLogAppender (GrpcLogAppender.java:installSnapshot(558)) - omNode-1@group-523986131536->omNode-3-GrpcLogAppender: send omNode-1->omNode-3#0-t2,notify:(t:2, i:17)
2021-12-06 20:45:15,745 [grpc-default-executor-3] WARN  server.GrpcLogAppender (LogUtils.java:warn(122)) - omNode-1@group-523986131536->omNode-3-InstallSnapshotResponseHandler: Failed InstallSnapshot: org.apache.ratis.thirdparty.io.grpc.StatusRuntimeException: UNAVAILABLE: io exception
2021-12-06 20:45:15,745 [grpc-default-executor-7] INFO  leader.FollowerInfo (FollowerInfoImpl.java:lambda$new$0(47)) - omNode-1@group-523986131536->omNode-3: nextIndex: updateUnconditionally 0 -> 0
2021-12-06 20:45:15,745 [grpc-default-executor-3] INFO  leader.FollowerInfo (FollowerInfoImpl.java:lambda$new$0(47)) - omNode-1@group-523986131536->omNode-3: nextIndex: updateUnconditionally 0 -> 0
2021-12-06 20:45:15,746 [grpc-default-executor-3] WARN  server.GrpcLogAppender (LogUtils.java:warn(122)) - omNode-1@group-523986131536->omNode-3-AppendLogResponseHandler: Failed appendEntries: org.apache.ratis.thirdparty.io.grpc.StatusRuntimeException: UNAVAILABLE: io exception
2021-12-06 20:45:15,746 [omNode-1@group-523986131536->omNode-3-GrpcLogAppender-LogAppenderDaemon] INFO  server.GrpcLogAppender (GrpcLogAppender.java:installSnapshot(550)) - omNode-1@group-523986131536->omNode-3-GrpcLogAppender: followerNextIndex = 0 but logStartIndex = -1, notify follower to install snapshot-(t:2, i:17)
2021-12-06 20:45:15,746 [grpc-default-executor-3] INFO  leader.FollowerInfo (FollowerInfoImpl.java:lambda$new$0(47)) - omNode-1@group-523986131536->omNode-3: nextIndex: updateUnconditionally 0 -> 0
2021-12-06 20:45:15,746 [omNode-1@group-523986131536->omNode-3-GrpcLogAppender-LogAppenderDaemon] INFO  server.GrpcLogAppender (GrpcLogAppender.java:installSnapshot(558)) - omNode-1@group-523986131536->omNode-3-GrpcLogAppender: send omNode-1->omNode-3#0-t2,notify:(t:2, i:17)
2021-12-06 20:45:15,747 [grpc-default-executor-7] WARN  server.GrpcLogAppender (LogUtils.java:warn(122)) - omNode-1@group-523986131536->omNode-3-InstallSnapshotResponseHandler: Failed InstallSnapshot: org.apache.ratis.thirdparty.io.grpc.StatusRuntimeException: UNAVAILABLE: io exception
2021-12-06 20:45:15,747 [grpc-default-executor-7] INFO  leader.FollowerInfo (FollowerInfoImpl.java:lambda$new$0(47)) - omNode-1@group-523986131536->omNode-3: nextIndex: updateUnconditionally 0 -> 0
2021-12-06 20:45:15,747 [omNode-1@group-523986131536->omNode-3-GrpcLogAppender-LogAppenderDaemon] INFO  server.GrpcLogAppender (GrpcLogAppender.java:installSnapshot(550)) - omNode-1@group-523986131536->omNode-3-GrpcLogAppender: followerNextIndex = 0 but logStartIndex = -1, notify follower to install snapshot-(t:2, i:17)
2021-12-06 20:45:15,747 [omNode-1@group-523986131536->omNode-3-GrpcLogAppender-LogAppenderDaemon] INFO  server.GrpcLogAppender (GrpcLogAppender.java:installSnapshot(558)) - omNode-1@group-523986131536->omNode-3-GrpcLogAppender: send omNode-1->omNode-3#0-t2,notify:(t:2, i:17)
2021-12-06 20:45:15,748 [grpc-default-executor-3] WARN  server.GrpcLogAppender (LogUtils.java:warn(122)) - omNode-1@group-523986131536->omNode-3-AppendLogResponseHandler: Failed appendEntries: org.apache.ratis.thirdparty.io.grpc.StatusRuntimeException: UNAVAILABLE: io exception
2021-12-06 20:45:15,748 [grpc-default-executor-3] INFO  leader.FollowerInfo (FollowerInfoImpl.java:lambda$new$0(47)) - omNode-1@group-523986131536->omNode-3: nextIndex: updateUnconditionally 0 -> 0
2021-12-06 20:45:15,748 [grpc-default-executor-7] WARN  server.GrpcLogAppender (LogUtils.java:warn(122)) - omNode-1@group-523986131536->omNode-3-InstallSnapshotResponseHandler: Failed InstallSnapshot: org.apache.ratis.thirdparty.io.grpc.StatusRuntimeException: UNAVAILABLE: io exception
2021-12-06 20:45:15,748 [grpc-default-executor-7] INFO  leader.FollowerInfo (FollowerInfoImpl.java:lambda$new$0(47)) - omNode-1@group-523986131536->omNode-3: nextIndex: updateUnconditionally 0 -> 0
2021-12-06 20:45:15,748 [grpc-default-executor-7] WARN  server.GrpcLogAppender (LogUtils.java:warn(122)) - omNode-1@group-523986131536->omNode-3-AppendLogResponseHandler: Failed appendEntries: org.apache.ratis.thirdparty.io.grpc.StatusRuntimeException: UNAVAILABLE: io exception
2021-12-06 20:45:15,748 [omNode-1@group-523986131536->omNode-3-GrpcLogAppender-LogAppenderDaemon] INFO  server.GrpcLogAppender (GrpcLogAppender.java:installSnapshot(550)) - omNode-1@group-523986131536->omNode-3-GrpcLogAppender: followerNextIndex = 0 but logStartIndex = -1, notify follower to install snapshot-(t:2, i:17)
2021-12-06 20:45:15,748 [grpc-default-executor-7] INFO  leader.FollowerInfo (FollowerInfoImpl.java:lambda$new$0(47)) - omNode-1@group-523986131536->omNode-3: nextIndex: updateUnconditionally 0 -> 0
2021-12-06 20:45:15,749 [omNode-1@group-523986131536->omNode-3-GrpcLogAppender-LogAppenderDaemon] INFO  server.GrpcLogAppender (GrpcLogAppender.java:installSnapshot(558)) - omNode-1@group-523986131536->omNode-3-GrpcLogAppender: send omNode-1->omNode-3#0-t2,notify:(t:2, i:17)
2021-12-06 20:45:15,749 [grpc-default-executor-7] WARN  server.GrpcLogAppender (LogUtils.java:warn(122)) - omNode-1@group-523986131536->omNode-3-InstallSnapshotResponseHandler: Failed InstallSnapshot: org.apache.ratis.thirdparty.io.grpc.StatusRuntimeException: UNAVAILABLE: io exception
2021-12-06 20:45:15,749 [grpc-default-executor-7] INFO  leader.FollowerInfo (FollowerInfoImpl.java:lambda$new$0(47)) - omNode-1@group-523986131536->omNode-3: nextIndex: updateUnconditionally 0 -> 0
2021-12-06 20:45:15,749 [grpc-default-executor-7] WARN  server.GrpcLogAppender (LogUtils.java:warn(122)) - omNode-1@group-523986131536->omNode-3-AppendLogResponseHandler: Failed appendEntries: org.apache.ratis.thirdparty.io.grpc.StatusRuntimeException: UNAVAILABLE: io exception
2021-12-06 20:45:15,749 [omNode-1@group-523986131536->omNode-3-GrpcLogAppender-LogAppenderDaemon] INFO  server.GrpcLogAppender (GrpcLogAppender.java:installSnapshot(550)) - omNode-1@group-523986131536->omNode-3-GrpcLogAppender: followerNextIndex = 0 but logStartIndex = -1, notify follower to install snapshot-(t:2, i:17)
2021-12-06 20:45:15,749 [grpc-default-executor-7] INFO  leader.FollowerInfo (FollowerInfoImpl.java:lambda$new$0(47)) - omNode-1@group-523986131536->omNode-3: nextIndex: updateUnconditionally 0 -> 0
2021-12-06 20:45:15,749 [omNode-1@group-523986131536->omNode-3-GrpcLogAppender-LogAppenderDaemon] INFO  server.GrpcLogAppender (GrpcLogAppender.java:installSnapshot(558)) - omNode-1@group-523986131536->omNode-3-GrpcLogAppender: send omNode-1->omNode-3#0-t2,notify:(t:2, i:17)
2021-12-06 20:45:15,749 [grpc-default-executor-7] WARN  server.GrpcLogAppender (LogUtils.java:warn(122)) - omNode-1@group-523986131536->omNode-3-InstallSnapshotResponseHandler: Failed InstallSnapshot: org.apache.ratis.thirdparty.io.grpc.StatusRuntimeException: UNAVAILABLE: io exception
2021-12-06 20:45:15,749 [grpc-default-executor-7] INFO  leader.FollowerInfo (FollowerInfoImpl.java:lambda$new$0(47)) - omNode-1@group-523986131536->omNode-3: nextIndex: updateUnconditionally 0 -> 0
2021-12-06 20:45:15,749 [omNode-1@group-523986131536->omNode-3-GrpcLogAppender-LogAppenderDaemon] INFO  server.GrpcLogAppender (GrpcLogAppender.java:installSnapshot(550)) - omNode-1@group-523986131536->omNode-3-GrpcLogAppender: followerNextIndex = 0 but logStartIndex = -1, notify follower to install snapshot-(t:2, i:17)
2021-12-06 20:45:15,749 [grpc-default-executor-7] WARN  server.GrpcLogAppender (LogUtils.java:warn(122)) - omNode-1@group-523986131536->omNode-3-AppendLogResponseHandler: Failed appendEntries: org.apache.ratis.thirdparty.io.grpc.StatusRuntimeException: UNAVAILABLE: io exception
2021-12-06 20:45:15,750 [omNode-1@group-523986131536->omNode-3-GrpcLogAppender-LogAppenderDaemon] INFO  server.GrpcLogAppender (GrpcLogAppender.java:installSnapshot(558)) - omNode-1@group-523986131536->omNode-3-GrpcLogAppender: send omNode-1->omNode-3#0-t2,notify:(t:2, i:17)
2021-12-06 20:45:15,750 [grpc-default-executor-7] INFO  leader.FollowerInfo (FollowerInfoImpl.java:lambda$new$0(47)) - omNode-1@group-523986131536->omNode-3: nextIndex: updateUnconditionally 0 -> 0
2021-12-06 20:45:15,750 [grpc-default-executor-3] WARN  server.GrpcLogAppender (LogUtils.java:warn(122)) - omNode-1@group-523986131536->omNode-3-InstallSnapshotResponseHandler: Failed InstallSnapshot: org.apache.ratis.thirdparty.io.grpc.StatusRuntimeException: UNAVAILABLE: io exception
2021-12-06 20:45:15,750 [grpc-default-executor-3] INFO  leader.FollowerInfo (FollowerInfoImpl.java:lambda$new$0(47)) - omNode-1@group-523986131536->omNode-3: nextIndex: updateUnconditionally 0 -> 0
2021-12-06 20:45:15,750 [omNode-1@group-523986131536->omNode-3-GrpcLogAppender-LogAppenderDaemon] INFO  server.GrpcLogAppender (GrpcLogAppender.java:installSnapshot(550)) - omNode-1@group-523986131536->omNode-3-GrpcLogAppender: followerNextIndex = 0 but logStartIndex = -1, notify follower to install snapshot-(t:2, i:17)
2021-12-06 20:45:15,750 [omNode-1@group-523986131536->omNode-3-GrpcLogAppender-LogAppenderDaemon] INFO  server.GrpcLogAppender (GrpcLogAppender.java:installSnapshot(558)) - omNode-1@group-523986131536->omNode-3-GrpcLogAppender: send omNode-1->omNode-3#0-t2,notify:(t:2, i:17)
2021-12-06 20:45:15,750 [grpc-default-executor-3] WARN  server.GrpcLogAppender (LogUtils.java:warn(122)) - omNode-1@group-523986131536->omNode-3-AppendLogResponseHandler: Failed appendEntries: org.apache.ratis.thirdparty.io.grpc.StatusRuntimeException: UNAVAILABLE: io exception
2021-12-06 20:45:15,750 [grpc-default-executor-3] INFO  leader.FollowerInfo (FollowerInfoImpl.java:lambda$new$0(47)) - omNode-1@group-523986131536->omNode-3: nextIndex: updateUnconditionally 0 -> 0
2021-12-06 20:45:15,750 [grpc-default-executor-7] WARN  server.GrpcLogAppender (LogUtils.java:warn(122)) - omNode-1@group-523986131536->omNode-3-InstallSnapshotResponseHandler: Failed InstallSnapshot: org.apache.ratis.thirdparty.io.grpc.StatusRuntimeException: UNAVAILABLE: io exception
2021-12-06 20:45:15,750 [grpc-default-executor-7] INFO  leader.FollowerInfo (FollowerInfoImpl.java:lambda$new$0(47)) - omNode-1@group-523986131536->omNode-3: nextIndex: updateUnconditionally 0 -> 0
2021-12-06 20:45:15,751 [omNode-1@group-523986131536->omNode-3-GrpcLogAppender-LogAppenderDaemon] INFO  server.GrpcLogAppender (GrpcLogAppender.java:installSnapshot(550)) - omNode-1@group-523986131536->omNode-3-GrpcLogAppender: followerNextIndex = 0 but logStartIndex = -1, notify follower to install snapshot-(t:2, i:17)
2021-12-06 20:45:15,751 [omNode-1@group-523986131536->omNode-3-GrpcLogAppender-LogAppenderDaemon] INFO  server.GrpcLogAppender (GrpcLogAppender.java:installSnapshot(558)) - omNode-1@group-523986131536->omNode-3-GrpcLogAppender: send omNode-1->omNode-3#0-t2,notify:(t:2, i:17)
2021-12-06 20:45:15,752 [grpc-default-executor-3] WARN  server.GrpcLogAppender (LogUtils.java:warn(122)) - omNode-1@group-523986131536->omNode-3-AppendLogResponseHandler: Failed appendEntries: org.apache.ratis.thirdparty.io.grpc.StatusRuntimeException: UNAVAILABLE: io exception
2021-12-06 20:45:15,752 [grpc-default-executor-3] INFO  leader.FollowerInfo (FollowerInfoImpl.java:lambda$new$0(47)) - omNode-1@group-523986131536->omNode-3: nextIndex: updateUnconditionally 0 -> 0
2021-12-06 20:45:15,752 [grpc-default-executor-7] WARN  server.GrpcLogAppender (LogUtils.java:warn(122)) - omNode-1@group-523986131536->omNode-3-InstallSnapshotResponseHandler: Failed InstallSnapshot: org.apache.ratis.thirdparty.io.grpc.StatusRuntimeException: UNAVAILABLE: io exception
2021-12-06 20:45:15,752 [grpc-default-executor-7] INFO  leader.FollowerInfo (FollowerInfoImpl.java:lambda$new$0(47)) - omNode-1@group-523986131536->omNode-3: nextIndex: updateUnconditionally 0 -> 0
2021-12-06 20:45:15,752 [omNode-1@group-523986131536->omNode-3-GrpcLogAppender-LogAppenderDaemon] INFO  server.GrpcLogAppender (GrpcLogAppender.java:installSnapshot(550)) - omNode-1@group-523986131536->omNode-3-GrpcLogAppender: followerNextIndex = 0 but logStartIndex = -1, notify follower to install snapshot-(t:2, i:17)
2021-12-06 20:45:15,753 [omNode-1@group-523986131536->omNode-3-GrpcLogAppender-LogAppenderDaemon] INFO  server.GrpcLogAppender (GrpcLogAppender.java:installSnapshot(558)) - omNode-1@group-523986131536->omNode-3-GrpcLogAppender: send omNode-1->omNode-3#0-t2,notify:(t:2, i:17)
2021-12-06 20:45:15,754 [Time-limited test] WARN  impl.MetricRegistriesImpl (MetricRegistriesImpl.java:addReporterRegistration(111)) - New reporters are added after registries were created. Some metrics will be missing from the reporter. Please add reporter before adding any new registry.
2021-12-06 20:45:15,754 [Time-limited test] WARN  impl.MetricRegistriesImpl (MetricRegistriesImpl.java:addReporterRegistration(111)) - New reporters are added after registries were created. Some metrics will be missing from the reporter. Please add reporter before adding any new registry.
2021-12-06 20:45:15,755 [grpc-default-executor-3] WARN  server.GrpcLogAppender (LogUtils.java:warn(122)) - omNode-1@group-523986131536->omNode-3-AppendLogResponseHandler: Failed appendEntries: org.apache.ratis.thirdparty.io.grpc.StatusRuntimeException: UNAVAILABLE: io exception
2021-12-06 20:45:15,755 [Time-limited test] WARN  server.ServerUtils (ServerUtils.java:getDefaultRatisDirectory(237)) - Storage directory for Ratis is not configured. It is a good idea to map this to an SSD disk. Falling back to ozone.metadata.dirs
2021-12-06 20:45:15,755 [grpc-default-executor-3] INFO  leader.FollowerInfo (FollowerInfoImpl.java:lambda$new$0(47)) - omNode-1@group-523986131536->omNode-3: nextIndex: updateUnconditionally 0 -> 0
2021-12-06 20:45:15,755 [grpc-default-executor-4] WARN  server.GrpcLogAppender (LogUtils.java:warn(122)) - omNode-1@group-523986131536->omNode-3-InstallSnapshotResponseHandler: Failed InstallSnapshot: org.apache.ratis.thirdparty.io.grpc.StatusRuntimeException: UNAVAILABLE: io exception
2021-12-06 20:45:15,755 [grpc-default-executor-4] INFO  leader.FollowerInfo (FollowerInfoImpl.java:lambda$new$0(47)) - omNode-1@group-523986131536->omNode-3: nextIndex: updateUnconditionally 0 -> 0
2021-12-06 20:45:15,755 [omNode-1@group-523986131536->omNode-3-GrpcLogAppender-LogAppenderDaemon] INFO  server.GrpcLogAppender (GrpcLogAppender.java:installSnapshot(550)) - omNode-1@group-523986131536->omNode-3-GrpcLogAppender: followerNextIndex = 0 but logStartIndex = -1, notify follower to install snapshot-(t:2, i:17)
2021-12-06 20:45:15,755 [omNode-1@group-523986131536->omNode-3-GrpcLogAppender-LogAppenderDaemon] INFO  server.GrpcLogAppender (GrpcLogAppender.java:installSnapshot(558)) - omNode-1@group-523986131536->omNode-3-GrpcLogAppender: send omNode-1->omNode-3#0-t2,notify:(t:2, i:17)
2021-12-06 20:45:15,757 [Time-limited test] INFO  ratis.OzoneManagerRatisServer (OzoneManagerRatisServer.java:<init>(159)) - Instantiating OM Ratis server with groupID: om-service-test1 and peers: localhost:10948, localhost:10936, localhost:10942
2021-12-06 20:45:15,757 [Time-limited test] INFO  ratis.OzoneManagerStateMachine (OzoneManagerStateMachine.java:loadSnapshotInfoFromDB(605)) - LastAppliedIndex is set from TransactionInfo from OM DB as (t:2, i:14)
2021-12-06 20:45:15,758 [Time-limited test] INFO  server.RaftServer (ConfUtils.java:logGet(44)) - raft.rpc.type = GRPC (default)
2021-12-06 20:45:15,758 [Time-limited test] INFO  grpc.GrpcFactory (GrpcFactory.java:checkPooledByteBufAllocatorUseCacheForAllThreads(48)) - PERFORMANCE WARNING: useCacheForAllThreads is true that may cause Netty to create a lot garbage objects and, as a result, trigger GC.
	It is recommended to disable useCacheForAllThreads by setting -Dorg.apache.ratis.thirdparty.io.netty.allocator.useCacheForAllThreads=false in command line.
2021-12-06 20:45:15,758 [Time-limited test] INFO  grpc.GrpcConfigKeys (ConfUtils.java:logGet(44)) - raft.grpc.admin.port = -1 (default)
2021-12-06 20:45:15,758 [Time-limited test] INFO  grpc.GrpcConfigKeys (ConfUtils.java:logGet(44)) - raft.grpc.server.port = 10948 (custom)
2021-12-06 20:45:15,758 [Time-limited test] INFO  grpc.GrpcConfigKeys (ConfUtils.java:logGet(44)) - raft.grpc.client.port = -1 (default)
2021-12-06 20:45:15,758 [Time-limited test] INFO  grpc.GrpcConfigKeys (ConfUtils.java:logGet(44)) - raft.grpc.server.port = 10948 (custom)
2021-12-06 20:45:15,758 [Time-limited test] INFO  grpc.GrpcConfigKeys (ConfUtils.java:logGet(44)) - raft.grpc.server.port = 10948 (custom)
2021-12-06 20:45:15,758 [Time-limited test] INFO  server.GrpcService (ConfUtils.java:logGet(44)) - raft.grpc.message.size.max = 33554432 (custom)
2021-12-06 20:45:15,758 [Time-limited test] INFO  server.RaftServerConfigKeys (ConfUtils.java:logGet(44)) - raft.server.log.appender.buffer.byte-limit = 33554432 (custom)
2021-12-06 20:45:15,758 [Time-limited test] INFO  server.GrpcService (ConfUtils.java:logGet(44)) - raft.grpc.flow.control.window = 1MB (=1048576) (default)
2021-12-06 20:45:15,758 [Time-limited test] INFO  server.RaftServerConfigKeys (ConfUtils.java:logGet(44)) - raft.server.rpc.request.timeout = 3000ms (default)
2021-12-06 20:45:15,760 [Time-limited test] INFO  impl.DataStreamServerImpl (ConfUtils.java:logGet(44)) - raft.datastream.type = DISABLED (default)
2021-12-06 20:45:15,760 [Time-limited test] INFO  server.RaftServerConfigKeys (ConfUtils.java:logGet(44)) - raft.server.rpc.slowness.timeout = 2s (custom)
2021-12-06 20:45:15,760 [Time-limited test] INFO  server.RaftServerConfigKeys (ConfUtils.java:logGet(44)) - raft.server.leaderelection.leader.step-down.wait-time = 10s (default)
2021-12-06 20:45:15,760 [Time-limited test] INFO  server.RaftServerConfigKeys (ConfUtils.java:logGet(44)) - raft.server.storage.dir = [/home/runner/work/ozone/ozone/hadoop-ozone/integration-test/target/test-dir/MiniOzoneClusterImpl-1f2ada2d-a189-4e3f-a934-1db8589ac524/omNode-3/ratis] (custom)
2021-12-06 20:45:15,760 [Time-limited test] INFO  server.RaftServer (RaftServerProxy.java:lambda$null$1(235)) - omNode-3: found a subdirectory /home/runner/work/ozone/ozone/hadoop-ozone/integration-test/target/test-dir/MiniOzoneClusterImpl-1f2ada2d-a189-4e3f-a934-1db8589ac524/omNode-3/ratis/c9bc4cf4-3bc3-3c60-a66b-523986131536
2021-12-06 20:45:15,761 [Time-limited test] INFO  server.RaftServer (RaftServerProxy.java:addNew(95)) - omNode-3: addNew group-523986131536:[omNode-3|rpc:localhost:10948|priority:0, omNode-1|rpc:localhost:10936|priority:0, omNode-2|rpc:localhost:10942|priority:0] returns group-523986131536:java.util.concurrent.CompletableFuture@2e3021bb[Not completed]
2021-12-06 20:45:15,761 [Time-limited test] INFO  om.OzoneManager (OzoneManager.java:initializeRatisServer(1776)) - OzoneManager Ratis server initialized at port 10948
2021-12-06 20:45:15,761 [Time-limited test] INFO  ratis.OzoneManagerRatisServer (OzoneManagerRatisServer.java:start(516)) - Starting OzoneManagerRatisServer omNode-3 at port 10948
2021-12-06 20:45:15,761 [grpc-default-executor-3] WARN  server.GrpcLogAppender (LogUtils.java:warn(122)) - omNode-1@group-523986131536->omNode-3-AppendLogResponseHandler: Failed appendEntries: org.apache.ratis.thirdparty.io.grpc.StatusRuntimeException: UNAVAILABLE: io exception
2021-12-06 20:45:15,761 [grpc-default-executor-3] INFO  leader.FollowerInfo (FollowerInfoImpl.java:lambda$new$0(47)) - omNode-1@group-523986131536->omNode-3: nextIndex: updateUnconditionally 0 -> 0
2021-12-06 20:45:15,761 [grpc-default-executor-7] WARN  server.GrpcLogAppender (LogUtils.java:warn(122)) - omNode-1@group-523986131536->omNode-3-InstallSnapshotResponseHandler: Failed InstallSnapshot: org.apache.ratis.thirdparty.io.grpc.StatusRuntimeException: UNAVAILABLE: io exception
2021-12-06 20:45:15,762 [grpc-default-executor-7] INFO  leader.FollowerInfo (FollowerInfoImpl.java:lambda$new$0(47)) - omNode-1@group-523986131536->omNode-3: nextIndex: updateUnconditionally 0 -> 0
2021-12-06 20:45:15,762 [omNode-1@group-523986131536->omNode-3-GrpcLogAppender-LogAppenderDaemon] INFO  server.GrpcLogAppender (GrpcLogAppender.java:installSnapshot(550)) - omNode-1@group-523986131536->omNode-3-GrpcLogAppender: followerNextIndex = 0 but logStartIndex = -1, notify follower to install snapshot-(t:2, i:17)
2021-12-06 20:45:15,762 [omNode-1@group-523986131536->omNode-3-GrpcLogAppender-LogAppenderDaemon] INFO  server.GrpcLogAppender (GrpcLogAppender.java:installSnapshot(558)) - omNode-1@group-523986131536->omNode-3-GrpcLogAppender: send omNode-1->omNode-3#0-t2,notify:(t:2, i:17)
2021-12-06 20:45:15,762 [pool-177-thread-1] INFO  server.RaftServer$Division (RaftServerImpl.java:<init>(184)) - omNode-3: new RaftServerImpl for group-523986131536:[omNode-3|rpc:localhost:10948|priority:0, omNode-1|rpc:localhost:10936|priority:0, omNode-2|rpc:localhost:10942|priority:0] with OzoneManagerStateMachine:uninitialized
2021-12-06 20:45:15,765 [grpc-default-executor-3] WARN  server.GrpcLogAppender (LogUtils.java:warn(122)) - omNode-1@group-523986131536->omNode-3-AppendLogResponseHandler: Failed appendEntries: org.apache.ratis.thirdparty.io.grpc.StatusRuntimeException: UNAVAILABLE: io exception
2021-12-06 20:45:15,765 [grpc-default-executor-3] INFO  leader.FollowerInfo (FollowerInfoImpl.java:lambda$new$0(47)) - omNode-1@group-523986131536->omNode-3: nextIndex: updateUnconditionally 0 -> 0
2021-12-06 20:45:15,765 [grpc-default-executor-7] WARN  server.GrpcLogAppender (LogUtils.java:warn(122)) - omNode-1@group-523986131536->omNode-3-InstallSnapshotResponseHandler: Failed InstallSnapshot: org.apache.ratis.thirdparty.io.grpc.StatusRuntimeException: UNAVAILABLE: io exception
2021-12-06 20:45:15,765 [pool-177-thread-1] INFO  server.RaftServerConfigKeys (ConfUtils.java:logGet(44)) - raft.server.rpc.timeout.min = 1s (custom)
2021-12-06 20:45:15,765 [grpc-default-executor-7] INFO  leader.FollowerInfo (FollowerInfoImpl.java:lambda$new$0(47)) - omNode-1@group-523986131536->omNode-3: nextIndex: updateUnconditionally 0 -> 0
2021-12-06 20:45:15,766 [grpc-default-executor-7] WARN  server.GrpcLogAppender (LogUtils.java:warn(122)) - omNode-1@group-523986131536->omNode-3-AppendLogResponseHandler: Failed appendEntries: org.apache.ratis.thirdparty.io.grpc.StatusRuntimeException: UNAVAILABLE: io exception
2021-12-06 20:45:15,766 [grpc-default-executor-7] INFO  leader.FollowerInfo (FollowerInfoImpl.java:lambda$new$0(47)) - omNode-1@group-523986131536->omNode-3: nextIndex: updateUnconditionally 0 -> 0
2021-12-06 20:45:15,765 [pool-177-thread-1] INFO  server.RaftServerConfigKeys (ConfUtils.java:logGet(44)) - raft.server.rpc.timeout.max = 1200ms (custom)
2021-12-06 20:45:15,766 [omNode-1@group-523986131536->omNode-3-GrpcLogAppender-LogAppenderDaemon] INFO  server.GrpcLogAppender (GrpcLogAppender.java:installSnapshot(550)) - omNode-1@group-523986131536->omNode-3-GrpcLogAppender: followerNextIndex = 0 but logStartIndex = -1, notify follower to install snapshot-(t:2, i:17)
2021-12-06 20:45:15,766 [omNode-1@group-523986131536->omNode-3-GrpcLogAppender-LogAppenderDaemon] INFO  server.GrpcLogAppender (GrpcLogAppender.java:installSnapshot(558)) - omNode-1@group-523986131536->omNode-3-GrpcLogAppender: send omNode-1->omNode-3#0-t2,notify:(t:2, i:17)
2021-12-06 20:45:15,766 [pool-177-thread-1] INFO  server.RaftServerConfigKeys (ConfUtils.java:logGet(44)) - raft.server.rpc.sleep.time = 25ms (default)
2021-12-06 20:45:15,766 [pool-177-thread-1] INFO  server.RaftServerConfigKeys (ConfUtils.java:logGet(44)) - raft.server.rpc.slowness.timeout = 2s (custom)
2021-12-06 20:45:15,766 [pool-177-thread-1] INFO  server.RaftServerConfigKeys (ConfUtils.java:logGet(44)) - raft.server.leaderelection.leader.step-down.wait-time = 10s (default)
2021-12-06 20:45:15,766 [pool-177-thread-1] INFO  server.RaftServerConfigKeys (ConfUtils.java:logGet(44)) - raft.server.sleep.deviation.threshold = 300ms (default)
2021-12-06 20:45:15,766 [pool-177-thread-1] INFO  server.RaftServerConfigKeys (ConfUtils.java:logGet(44)) - raft.server.log.appender.install.snapshot.enabled = false (custom)
2021-12-06 20:45:15,767 [pool-177-thread-1] INFO  server.RaftServer$Division (ServerState.java:<init>(105)) - omNode-3@group-523986131536: ConfigurationManager, init=-1: [omNode-3|rpc:localhost:10948|priority:0, omNode-1|rpc:localhost:10936|priority:0, omNode-2|rpc:localhost:10942|priority:0], old=null, confs=<EMPTY_MAP>
2021-12-06 20:45:15,767 [pool-177-thread-1] INFO  server.RaftServerConfigKeys (ConfUtils.java:logGet(44)) - raft.server.storage.dir = [/home/runner/work/ozone/ozone/hadoop-ozone/integration-test/target/test-dir/MiniOzoneClusterImpl-1f2ada2d-a189-4e3f-a934-1db8589ac524/omNode-3/ratis] (custom)
2021-12-06 20:45:15,767 [pool-177-thread-1] INFO  server.RaftServerConfigKeys (ConfUtils.java:logGet(44)) - raft.server.log.corruption.policy = EXCEPTION (default)
2021-12-06 20:45:15,767 [pool-177-thread-1] INFO  server.RaftServerConfigKeys (ConfUtils.java:logGet(44)) - raft.server.storage.free-space.min = 0MB (=0) (default)
2021-12-06 20:45:15,769 [pool-177-thread-1] INFO  storage.RaftStorageDirectory (RaftStorageDirectoryImpl.java:tryLock(230)) - Lock on /home/runner/work/ozone/ozone/hadoop-ozone/integration-test/target/test-dir/MiniOzoneClusterImpl-1f2ada2d-a189-4e3f-a934-1db8589ac524/omNode-3/ratis/c9bc4cf4-3bc3-3c60-a66b-523986131536/in_use.lock acquired by nodename 13770@fv-az151-352
2021-12-06 20:45:15,769 [grpc-default-executor-3] WARN  server.GrpcLogAppender (LogUtils.java:warn(122)) - omNode-1@group-523986131536->omNode-3-InstallSnapshotResponseHandler: Failed InstallSnapshot: org.apache.ratis.thirdparty.io.grpc.StatusRuntimeException: UNAVAILABLE: io exception
2021-12-06 20:45:15,769 [grpc-default-executor-3] INFO  leader.FollowerInfo (FollowerInfoImpl.java:lambda$new$0(47)) - omNode-1@group-523986131536->omNode-3: nextIndex: updateUnconditionally 0 -> 0
2021-12-06 20:45:15,769 [omNode-1@group-523986131536->omNode-3-GrpcLogAppender-LogAppenderDaemon] INFO  server.GrpcLogAppender (GrpcLogAppender.java:installSnapshot(550)) - omNode-1@group-523986131536->omNode-3-GrpcLogAppender: followerNextIndex = 0 but logStartIndex = -1, notify follower to install snapshot-(t:2, i:17)
2021-12-06 20:45:15,769 [omNode-1@group-523986131536->omNode-3-GrpcLogAppender-LogAppenderDaemon] INFO  server.GrpcLogAppender (GrpcLogAppender.java:installSnapshot(558)) - omNode-1@group-523986131536->omNode-3-GrpcLogAppender: send omNode-1->omNode-3#0-t2,notify:(t:2, i:17)
2021-12-06 20:45:15,770 [pool-177-thread-1] INFO  storage.RaftStorage (RaftStorageImpl.java:analyzeAndRecoverStorage(110)) - Read RaftStorageMetadata{term=2, votedFor=omNode-1} from /home/runner/work/ozone/ozone/hadoop-ozone/integration-test/target/test-dir/MiniOzoneClusterImpl-1f2ada2d-a189-4e3f-a934-1db8589ac524/omNode-3/ratis/c9bc4cf4-3bc3-3c60-a66b-523986131536/current/raft-meta
2021-12-06 20:45:15,771 [grpc-default-executor-7] WARN  server.GrpcLogAppender (LogUtils.java:warn(122)) - omNode-1@group-523986131536->omNode-3-AppendLogResponseHandler: Failed appendEntries: org.apache.ratis.thirdparty.io.grpc.StatusRuntimeException: UNAVAILABLE: io exception
2021-12-06 20:45:15,771 [grpc-default-executor-7] INFO  leader.FollowerInfo (FollowerInfoImpl.java:lambda$new$0(47)) - omNode-1@group-523986131536->omNode-3: nextIndex: updateUnconditionally 0 -> 0
2021-12-06 20:45:15,772 [grpc-default-executor-3] WARN  server.GrpcLogAppender (LogUtils.java:warn(122)) - omNode-1@group-523986131536->omNode-3-InstallSnapshotResponseHandler: Failed InstallSnapshot: org.apache.ratis.thirdparty.io.grpc.StatusRuntimeException: UNAVAILABLE: io exception
2021-12-06 20:45:15,772 [grpc-default-executor-3] INFO  leader.FollowerInfo (FollowerInfoImpl.java:lambda$new$0(47)) - omNode-1@group-523986131536->omNode-3: nextIndex: updateUnconditionally 0 -> 0
2021-12-06 20:45:15,772 [omNode-1@group-523986131536->omNode-3-GrpcLogAppender-LogAppenderDaemon] INFO  server.GrpcLogAppender (GrpcLogAppender.java:installSnapshot(550)) - omNode-1@group-523986131536->omNode-3-GrpcLogAppender: followerNextIndex = 0 but logStartIndex = -1, notify follower to install snapshot-(t:2, i:17)
2021-12-06 20:45:15,772 [omNode-1@group-523986131536->omNode-3-GrpcLogAppender-LogAppenderDaemon] INFO  server.GrpcLogAppender (GrpcLogAppender.java:installSnapshot(558)) - omNode-1@group-523986131536->omNode-3-GrpcLogAppender: send omNode-1->omNode-3#0-t2,notify:(t:2, i:17)
2021-12-06 20:45:15,773 [pool-177-thread-1] INFO  server.RaftServer$Division (ServerState.java:setRaftConf(387)) - omNode-3@group-523986131536: set configuration 0: [omNode-3|rpc:localhost:10948|admin:|client:|dataStream:|priority:0, omNode-1|rpc:localhost:10936|admin:|client:|dataStream:|priority:0, omNode-2|rpc:localhost:10942|admin:|client:|dataStream:|priority:0], old=null
2021-12-06 20:45:15,773 [pool-177-thread-1] INFO  server.RaftServerConfigKeys (ConfUtils.java:logGet(44)) - raft.server.notification.no-leader.timeout = 2s (custom)
2021-12-06 20:45:15,773 [pool-177-thread-1] INFO  server.RaftServerConfigKeys (ConfUtils.java:logGet(44)) - raft.server.log.use.memory = false (default)
2021-12-06 20:45:15,773 [pool-177-thread-1] INFO  server.RaftServerConfigKeys (ConfUtils.java:logGet(44)) - raft.server.log.purge.gap = 50 (custom)
2021-12-06 20:45:15,773 [pool-177-thread-1] INFO  server.RaftServerConfigKeys (ConfUtils.java:logGet(44)) - raft.server.log.appender.buffer.byte-limit = 33554432 (custom)
2021-12-06 20:45:15,774 [pool-177-thread-1] INFO  server.RaftServerConfigKeys (ConfUtils.java:logGet(44)) - raft.server.log.segment.size.max = 4194304 (custom)
2021-12-06 20:45:15,774 [grpc-default-executor-7] WARN  server.GrpcLogAppender (LogUtils.java:warn(122)) - omNode-1@group-523986131536->omNode-3-AppendLogResponseHandler: Failed appendEntries: org.apache.ratis.thirdparty.io.grpc.StatusRuntimeException: UNAVAILABLE: io exception
2021-12-06 20:45:15,774 [grpc-default-executor-7] INFO  leader.FollowerInfo (FollowerInfoImpl.java:lambda$new$0(47)) - omNode-1@group-523986131536->omNode-3: nextIndex: updateUnconditionally 0 -> 0
2021-12-06 20:45:15,774 [grpc-default-executor-3] WARN  server.GrpcLogAppender (LogUtils.java:warn(122)) - omNode-1@group-523986131536->omNode-3-InstallSnapshotResponseHandler: Failed InstallSnapshot: org.apache.ratis.thirdparty.io.grpc.StatusRuntimeException: UNAVAILABLE: io exception
2021-12-06 20:45:15,774 [pool-177-thread-1] INFO  server.RaftServerConfigKeys (ConfUtils.java:logGet(44)) - raft.server.log.segment.cache.num.max = 2 (custom)
2021-12-06 20:45:15,774 [grpc-default-executor-3] INFO  leader.FollowerInfo (FollowerInfoImpl.java:lambda$new$0(47)) - omNode-1@group-523986131536->omNode-3: nextIndex: updateUnconditionally 0 -> 0
2021-12-06 20:45:15,775 [omNode-1@group-523986131536->omNode-3-GrpcLogAppender-LogAppenderDaemon] INFO  server.GrpcLogAppender (GrpcLogAppender.java:installSnapshot(550)) - omNode-1@group-523986131536->omNode-3-GrpcLogAppender: followerNextIndex = 0 but logStartIndex = -1, notify follower to install snapshot-(t:2, i:17)
2021-12-06 20:45:15,775 [omNode-1@group-523986131536->omNode-3-GrpcLogAppender-LogAppenderDaemon] INFO  server.GrpcLogAppender (GrpcLogAppender.java:installSnapshot(558)) - omNode-1@group-523986131536->omNode-3-GrpcLogAppender: send omNode-1->omNode-3#0-t2,notify:(t:2, i:17)
2021-12-06 20:45:15,775 [pool-177-thread-1] INFO  server.RaftServerConfigKeys (ConfUtils.java:logGet(44)) - raft.server.log.segment.cache.size.max = 200MB (=209715200) (default)
2021-12-06 20:45:15,775 [pool-177-thread-1] INFO  segmented.SegmentedRaftLogWorker (SegmentedRaftLogWorker.java:<init>(182)) - new omNode-3@group-523986131536-SegmentedRaftLogWorker for RaftStorageImpl:Storage Directory /home/runner/work/ozone/ozone/hadoop-ozone/integration-test/target/test-dir/MiniOzoneClusterImpl-1f2ada2d-a189-4e3f-a934-1db8589ac524/omNode-3/ratis/c9bc4cf4-3bc3-3c60-a66b-523986131536
2021-12-06 20:45:15,775 [pool-177-thread-1] INFO  server.RaftServerConfigKeys (ConfUtils.java:logGet(44)) - raft.server.log.queue.byte-limit = 64MB (=67108864) (default)
2021-12-06 20:45:15,775 [pool-177-thread-1] INFO  server.RaftServerConfigKeys (ConfUtils.java:logGet(44)) - raft.server.log.queue.element-limit = 4096 (default)
2021-12-06 20:45:15,775 [pool-177-thread-1] INFO  server.RaftServerConfigKeys (ConfUtils.java:logGet(44)) - raft.server.log.segment.size.max = 4194304 (custom)
2021-12-06 20:45:15,775 [pool-177-thread-1] INFO  server.RaftServerConfigKeys (ConfUtils.java:logGet(44)) - raft.server.log.preallocated.size = 4194304 (custom)
2021-12-06 20:45:15,775 [pool-177-thread-1] INFO  server.RaftServerConfigKeys (ConfUtils.java:logGet(44)) - raft.server.log.force.sync.num = 128 (default)
2021-12-06 20:45:15,775 [pool-177-thread-1] INFO  server.RaftServerConfigKeys (ConfUtils.java:logGet(44)) - raft.server.log.statemachine.data.sync = true (default)
2021-12-06 20:45:15,775 [pool-177-thread-1] INFO  server.RaftServerConfigKeys (ConfUtils.java:logGet(44)) - raft.server.log.statemachine.data.sync.timeout = 10s (default)
2021-12-06 20:45:15,775 [pool-177-thread-1] INFO  server.RaftServerConfigKeys (ConfUtils.java:logGet(44)) - raft.server.log.statemachine.data.sync.timeout.retry = -1 (default)
2021-12-06 20:45:15,776 [pool-177-thread-1] INFO  server.RaftServerConfigKeys (ConfUtils.java:logGet(44)) - raft.server.log.write.buffer.size = 64KB (=65536) (default)
2021-12-06 20:45:15,777 [pool-177-thread-1] INFO  server.RaftServerConfigKeys (ConfUtils.java:logGet(44)) - raft.server.log.statemachine.data.caching.enabled = false (default)
2021-12-06 20:45:15,778 [grpc-default-executor-4] WARN  server.GrpcLogAppender (LogUtils.java:warn(122)) - omNode-1@group-523986131536->omNode-3-InstallSnapshotResponseHandler: Failed InstallSnapshot: org.apache.ratis.thirdparty.io.grpc.StatusRuntimeException: UNAVAILABLE: io exception
2021-12-06 20:45:15,781 [grpc-default-executor-4] INFO  leader.FollowerInfo (FollowerInfoImpl.java:lambda$new$0(47)) - omNode-1@group-523986131536->omNode-3: nextIndex: updateUnconditionally 0 -> 0
2021-12-06 20:45:15,778 [grpc-default-executor-7] WARN  server.GrpcLogAppender (LogUtils.java:warn(122)) - omNode-1@group-523986131536->omNode-3-AppendLogResponseHandler: Failed appendEntries: org.apache.ratis.thirdparty.io.grpc.StatusRuntimeException: UNAVAILABLE: io exception
2021-12-06 20:45:15,781 [grpc-default-executor-7] INFO  leader.FollowerInfo (FollowerInfoImpl.java:lambda$new$0(47)) - omNode-1@group-523986131536->omNode-3: nextIndex: updateUnconditionally 0 -> 0
2021-12-06 20:45:15,781 [omNode-1@group-523986131536->omNode-3-GrpcLogAppender-LogAppenderDaemon] INFO  server.GrpcLogAppender (GrpcLogAppender.java:installSnapshot(550)) - omNode-1@group-523986131536->omNode-3-GrpcLogAppender: followerNextIndex = 0 but logStartIndex = -1, notify follower to install snapshot-(t:2, i:17)
2021-12-06 20:45:15,781 [omNode-1@group-523986131536->omNode-3-GrpcLogAppender-LogAppenderDaemon] INFO  server.GrpcLogAppender (GrpcLogAppender.java:installSnapshot(558)) - omNode-1@group-523986131536->omNode-3-GrpcLogAppender: send omNode-1->omNode-3#0-t2,notify:(t:2, i:17)
2021-12-06 20:45:15,783 [grpc-default-executor-4] WARN  server.GrpcLogAppender (LogUtils.java:warn(122)) - omNode-1@group-523986131536->omNode-3-AppendLogResponseHandler: Failed appendEntries: org.apache.ratis.thirdparty.io.grpc.StatusRuntimeException: UNAVAILABLE: io exception
2021-12-06 20:45:15,783 [grpc-default-executor-4] INFO  leader.FollowerInfo (FollowerInfoImpl.java:lambda$new$0(47)) - omNode-1@group-523986131536->omNode-3: nextIndex: updateUnconditionally 0 -> 0
2021-12-06 20:45:15,783 [grpc-default-executor-7] WARN  server.GrpcLogAppender (LogUtils.java:warn(122)) - omNode-1@group-523986131536->omNode-3-InstallSnapshotResponseHandler: Failed InstallSnapshot: org.apache.ratis.thirdparty.io.grpc.StatusRuntimeException: UNAVAILABLE: io exception
2021-12-06 20:45:15,783 [grpc-default-executor-7] INFO  leader.FollowerInfo (FollowerInfoImpl.java:lambda$new$0(47)) - omNode-1@group-523986131536->omNode-3: nextIndex: updateUnconditionally 0 -> 0
2021-12-06 20:45:15,783 [omNode-1@group-523986131536->omNode-3-GrpcLogAppender-LogAppenderDaemon] INFO  server.GrpcLogAppender (GrpcLogAppender.java:installSnapshot(550)) - omNode-1@group-523986131536->omNode-3-GrpcLogAppender: followerNextIndex = 0 but logStartIndex = -1, notify follower to install snapshot-(t:2, i:17)
2021-12-06 20:45:15,783 [omNode-1@group-523986131536->omNode-3-GrpcLogAppender-LogAppenderDaemon] INFO  server.GrpcLogAppender (GrpcLogAppender.java:installSnapshot(558)) - omNode-1@group-523986131536->omNode-3-GrpcLogAppender: send omNode-1->omNode-3#0-t2,notify:(t:2, i:17)
2021-12-06 20:45:15,783 [grpc-default-executor-7] WARN  server.GrpcLogAppender (LogUtils.java:warn(122)) - omNode-1@group-523986131536->omNode-3-AppendLogResponseHandler: Failed appendEntries: org.apache.ratis.thirdparty.io.grpc.StatusRuntimeException: UNAVAILABLE: io exception
2021-12-06 20:45:15,783 [grpc-default-executor-7] INFO  leader.FollowerInfo (FollowerInfoImpl.java:lambda$new$0(47)) - omNode-1@group-523986131536->omNode-3: nextIndex: updateUnconditionally 0 -> 0
2021-12-06 20:45:15,784 [grpc-default-executor-4] WARN  server.GrpcLogAppender (LogUtils.java:warn(122)) - omNode-1@group-523986131536->omNode-3-InstallSnapshotResponseHandler: Failed InstallSnapshot: org.apache.ratis.thirdparty.io.grpc.StatusRuntimeException: UNAVAILABLE: io exception
2021-12-06 20:45:15,784 [grpc-default-executor-4] INFO  leader.FollowerInfo (FollowerInfoImpl.java:lambda$new$0(47)) - omNode-1@group-523986131536->omNode-3: nextIndex: updateUnconditionally 0 -> 0
2021-12-06 20:45:15,784 [omNode-1@group-523986131536->omNode-3-GrpcLogAppender-LogAppenderDaemon] INFO  server.GrpcLogAppender (GrpcLogAppender.java:installSnapshot(550)) - omNode-1@group-523986131536->omNode-3-GrpcLogAppender: followerNextIndex = 0 but logStartIndex = -1, notify follower to install snapshot-(t:2, i:17)
2021-12-06 20:45:15,784 [omNode-1@group-523986131536->omNode-3-GrpcLogAppender-LogAppenderDaemon] INFO  server.GrpcLogAppender (GrpcLogAppender.java:installSnapshot(558)) - omNode-1@group-523986131536->omNode-3-GrpcLogAppender: send omNode-1->omNode-3#0-t2,notify:(t:2, i:17)
2021-12-06 20:45:15,784 [grpc-default-executor-7] WARN  server.GrpcLogAppender (LogUtils.java:warn(122)) - omNode-1@group-523986131536->omNode-3-InstallSnapshotResponseHandler: Failed InstallSnapshot: org.apache.ratis.thirdparty.io.grpc.StatusRuntimeException: UNAVAILABLE: io exception
2021-12-06 20:45:15,784 [grpc-default-executor-7] INFO  leader.FollowerInfo (FollowerInfoImpl.java:lambda$new$0(47)) - omNode-1@group-523986131536->omNode-3: nextIndex: updateUnconditionally 0 -> 0
2021-12-06 20:45:15,784 [grpc-default-executor-4] WARN  server.GrpcLogAppender (LogUtils.java:warn(122)) - omNode-1@group-523986131536->omNode-3-AppendLogResponseHandler: Failed appendEntries: org.apache.ratis.thirdparty.io.grpc.StatusRuntimeException: UNAVAILABLE: io exception
2021-12-06 20:45:15,784 [grpc-default-executor-4] INFO  leader.FollowerInfo (FollowerInfoImpl.java:lambda$new$0(47)) - omNode-1@group-523986131536->omNode-3: nextIndex: updateUnconditionally 0 -> 0
2021-12-06 20:45:15,784 [omNode-1@group-523986131536->omNode-3-GrpcLogAppender-LogAppenderDaemon] INFO  server.GrpcLogAppender (GrpcLogAppender.java:installSnapshot(550)) - omNode-1@group-523986131536->omNode-3-GrpcLogAppender: followerNextIndex = 0 but logStartIndex = -1, notify follower to install snapshot-(t:2, i:17)
2021-12-06 20:45:15,785 [omNode-1@group-523986131536->omNode-3-GrpcLogAppender-LogAppenderDaemon] INFO  server.GrpcLogAppender (GrpcLogAppender.java:installSnapshot(558)) - omNode-1@group-523986131536->omNode-3-GrpcLogAppender: send omNode-1->omNode-3#0-t2,notify:(t:2, i:17)
2021-12-06 20:45:15,785 [grpc-default-executor-7] WARN  server.GrpcLogAppender (LogUtils.java:warn(122)) - omNode-1@group-523986131536->omNode-3-InstallSnapshotResponseHandler: Failed InstallSnapshot: org.apache.ratis.thirdparty.io.grpc.StatusRuntimeException: UNAVAILABLE: io exception
2021-12-06 20:45:15,785 [grpc-default-executor-7] INFO  leader.FollowerInfo (FollowerInfoImpl.java:lambda$new$0(47)) - omNode-1@group-523986131536->omNode-3: nextIndex: updateUnconditionally 0 -> 0
2021-12-06 20:45:15,785 [grpc-default-executor-4] WARN  server.GrpcLogAppender (LogUtils.java:warn(122)) - omNode-1@group-523986131536->omNode-3-AppendLogResponseHandler: Failed appendEntries: org.apache.ratis.thirdparty.io.grpc.StatusRuntimeException: UNAVAILABLE: io exception
2021-12-06 20:45:15,785 [grpc-default-executor-4] INFO  leader.FollowerInfo (FollowerInfoImpl.java:lambda$new$0(47)) - omNode-1@group-523986131536->omNode-3: nextIndex: updateUnconditionally 0 -> 0
2021-12-06 20:45:15,785 [omNode-1@group-523986131536->omNode-3-GrpcLogAppender-LogAppenderDaemon] INFO  server.GrpcLogAppender (GrpcLogAppender.java:installSnapshot(550)) - omNode-1@group-523986131536->omNode-3-GrpcLogAppender: followerNextIndex = 0 but logStartIndex = -1, notify follower to install snapshot-(t:2, i:17)
2021-12-06 20:45:15,785 [omNode-1@group-523986131536->omNode-3-GrpcLogAppender-LogAppenderDaemon] INFO  server.GrpcLogAppender (GrpcLogAppender.java:installSnapshot(558)) - omNode-1@group-523986131536->omNode-3-GrpcLogAppender: send omNode-1->omNode-3#0-t2,notify:(t:2, i:17)
2021-12-06 20:45:15,786 [grpc-default-executor-7] WARN  server.GrpcLogAppender (LogUtils.java:warn(122)) - omNode-1@group-523986131536->omNode-3-InstallSnapshotResponseHandler: Failed InstallSnapshot: org.apache.ratis.thirdparty.io.grpc.StatusRuntimeException: UNAVAILABLE: io exception
2021-12-06 20:45:15,786 [grpc-default-executor-7] INFO  leader.FollowerInfo (FollowerInfoImpl.java:lambda$new$0(47)) - omNode-1@group-523986131536->omNode-3: nextIndex: updateUnconditionally 0 -> 0
2021-12-06 20:45:15,786 [grpc-default-executor-4] WARN  server.GrpcLogAppender (LogUtils.java:warn(122)) - omNode-1@group-523986131536->omNode-3-AppendLogResponseHandler: Failed appendEntries: org.apache.ratis.thirdparty.io.grpc.StatusRuntimeException: UNAVAILABLE: io exception
2021-12-06 20:45:15,786 [grpc-default-executor-4] INFO  leader.FollowerInfo (FollowerInfoImpl.java:lambda$new$0(47)) - omNode-1@group-523986131536->omNode-3: nextIndex: updateUnconditionally 0 -> 0
2021-12-06 20:45:15,786 [omNode-1@group-523986131536->omNode-3-GrpcLogAppender-LogAppenderDaemon] INFO  server.GrpcLogAppender (GrpcLogAppender.java:installSnapshot(550)) - omNode-1@group-523986131536->omNode-3-GrpcLogAppender: followerNextIndex = 0 but logStartIndex = -1, notify follower to install snapshot-(t:2, i:17)
2021-12-06 20:45:15,786 [omNode-1@group-523986131536->omNode-3-GrpcLogAppender-LogAppenderDaemon] INFO  server.GrpcLogAppender (GrpcLogAppender.java:installSnapshot(558)) - omNode-1@group-523986131536->omNode-3-GrpcLogAppender: send omNode-1->omNode-3#0-t2,notify:(t:2, i:17)
2021-12-06 20:45:15,788 [grpc-default-executor-3] WARN  server.GrpcLogAppender (LogUtils.java:warn(122)) - omNode-1@group-523986131536->omNode-3-AppendLogResponseHandler: Failed appendEntries: org.apache.ratis.thirdparty.io.grpc.StatusRuntimeException: UNAVAILABLE: io exception
2021-12-06 20:45:15,788 [grpc-default-executor-4] WARN  server.GrpcLogAppender (LogUtils.java:warn(122)) - omNode-1@group-523986131536->omNode-3-InstallSnapshotResponseHandler: Failed InstallSnapshot: org.apache.ratis.thirdparty.io.grpc.StatusRuntimeException: UNAVAILABLE: io exception
2021-12-06 20:45:15,788 [grpc-default-executor-3] INFO  leader.FollowerInfo (FollowerInfoImpl.java:lambda$new$0(47)) - omNode-1@group-523986131536->omNode-3: nextIndex: updateUnconditionally 0 -> 0
2021-12-06 20:45:15,788 [grpc-default-executor-4] INFO  leader.FollowerInfo (FollowerInfoImpl.java:lambda$new$0(47)) - omNode-1@group-523986131536->omNode-3: nextIndex: updateUnconditionally 0 -> 0
2021-12-06 20:45:15,788 [omNode-1@group-523986131536->omNode-3-GrpcLogAppender-LogAppenderDaemon] INFO  server.GrpcLogAppender (GrpcLogAppender.java:installSnapshot(550)) - omNode-1@group-523986131536->omNode-3-GrpcLogAppender: followerNextIndex = 0 but logStartIndex = -1, notify follower to install snapshot-(t:2, i:17)
2021-12-06 20:45:15,788 [omNode-1@group-523986131536->omNode-3-GrpcLogAppender-LogAppenderDaemon] INFO  server.GrpcLogAppender (GrpcLogAppender.java:installSnapshot(558)) - omNode-1@group-523986131536->omNode-3-GrpcLogAppender: send omNode-1->omNode-3#0-t2,notify:(t:2, i:17)
2021-12-06 20:45:15,792 [grpc-default-executor-7] WARN  server.GrpcLogAppender (LogUtils.java:warn(122)) - omNode-1@group-523986131536->omNode-3-AppendLogResponseHandler: Failed appendEntries: org.apache.ratis.thirdparty.io.grpc.StatusRuntimeException: UNAVAILABLE: io exception
2021-12-06 20:45:15,793 [grpc-default-executor-7] INFO  leader.FollowerInfo (FollowerInfoImpl.java:lambda$new$0(47)) - omNode-1@group-523986131536->omNode-3: nextIndex: updateUnconditionally 0 -> 0
2021-12-06 20:45:15,793 [grpc-default-executor-4] WARN  server.GrpcLogAppender (LogUtils.java:warn(122)) - omNode-1@group-523986131536->omNode-3-InstallSnapshotResponseHandler: Failed InstallSnapshot: org.apache.ratis.thirdparty.io.grpc.StatusRuntimeException: UNAVAILABLE: io exception
2021-12-06 20:45:15,793 [grpc-default-executor-4] INFO  leader.FollowerInfo (FollowerInfoImpl.java:lambda$new$0(47)) - omNode-1@group-523986131536->omNode-3: nextIndex: updateUnconditionally 0 -> 0
2021-12-06 20:45:15,793 [omNode-1@group-523986131536->omNode-3-GrpcLogAppender-LogAppenderDaemon] INFO  server.GrpcLogAppender (GrpcLogAppender.java:installSnapshot(550)) - omNode-1@group-523986131536->omNode-3-GrpcLogAppender: followerNextIndex = 0 but logStartIndex = -1, notify follower to install snapshot-(t:2, i:17)
2021-12-06 20:45:15,793 [omNode-1@group-523986131536->omNode-3-GrpcLogAppender-LogAppenderDaemon] INFO  server.GrpcLogAppender (GrpcLogAppender.java:installSnapshot(558)) - omNode-1@group-523986131536->omNode-3-GrpcLogAppender: send omNode-1->omNode-3#0-t2,notify:(t:2, i:17)
2021-12-06 20:45:15,794 [grpc-default-executor-3] WARN  server.GrpcLogAppender (LogUtils.java:warn(122)) - omNode-1@group-523986131536->omNode-3-AppendLogResponseHandler: Failed appendEntries: org.apache.ratis.thirdparty.io.grpc.StatusRuntimeException: UNAVAILABLE: io exception
2021-12-06 20:45:15,794 [grpc-default-executor-3] INFO  leader.FollowerInfo (FollowerInfoImpl.java:lambda$new$0(47)) - omNode-1@group-523986131536->omNode-3: nextIndex: updateUnconditionally 0 -> 0
2021-12-06 20:45:15,794 [grpc-default-executor-3] WARN  server.GrpcLogAppender (LogUtils.java:warn(122)) - omNode-1@group-523986131536->omNode-3-InstallSnapshotResponseHandler: Failed InstallSnapshot: org.apache.ratis.thirdparty.io.grpc.StatusRuntimeException: UNAVAILABLE: io exception
2021-12-06 20:45:15,794 [grpc-default-executor-3] INFO  leader.FollowerInfo (FollowerInfoImpl.java:lambda$new$0(47)) - omNode-1@group-523986131536->omNode-3: nextIndex: updateUnconditionally 0 -> 0
2021-12-06 20:45:15,795 [omNode-1@group-523986131536->omNode-3-GrpcLogAppender-LogAppenderDaemon] INFO  server.GrpcLogAppender (GrpcLogAppender.java:installSnapshot(550)) - omNode-1@group-523986131536->omNode-3-GrpcLogAppender: followerNextIndex = 0 but logStartIndex = -1, notify follower to install snapshot-(t:2, i:17)
2021-12-06 20:45:15,795 [omNode-1@group-523986131536->omNode-3-GrpcLogAppender-LogAppenderDaemon] INFO  server.GrpcLogAppender (GrpcLogAppender.java:installSnapshot(558)) - omNode-1@group-523986131536->omNode-3-GrpcLogAppender: send omNode-1->omNode-3#0-t2,notify:(t:2, i:17)
2021-12-06 20:45:15,796 [grpc-default-executor-7] WARN  server.GrpcLogAppender (LogUtils.java:warn(122)) - omNode-1@group-523986131536->omNode-3-AppendLogResponseHandler: Failed appendEntries: org.apache.ratis.thirdparty.io.grpc.StatusRuntimeException: UNAVAILABLE: io exception
2021-12-06 20:45:15,796 [grpc-default-executor-7] INFO  leader.FollowerInfo (FollowerInfoImpl.java:lambda$new$0(47)) - omNode-1@group-523986131536->omNode-3: nextIndex: updateUnconditionally 0 -> 0
2021-12-06 20:45:15,796 [grpc-default-executor-3] WARN  server.GrpcLogAppender (LogUtils.java:warn(122)) - omNode-1@group-523986131536->omNode-3-InstallSnapshotResponseHandler: Failed InstallSnapshot: org.apache.ratis.thirdparty.io.grpc.StatusRuntimeException: UNAVAILABLE: io exception
2021-12-06 20:45:15,796 [grpc-default-executor-3] INFO  leader.FollowerInfo (FollowerInfoImpl.java:lambda$new$0(47)) - omNode-1@group-523986131536->omNode-3: nextIndex: updateUnconditionally 0 -> 0
2021-12-06 20:45:15,797 [grpc-default-executor-3] WARN  server.GrpcLogAppender (LogUtils.java:warn(122)) - omNode-1@group-523986131536->omNode-3-AppendLogResponseHandler: Failed appendEntries: org.apache.ratis.thirdparty.io.grpc.StatusRuntimeException: UNAVAILABLE: io exception
2021-12-06 20:45:15,797 [omNode-1@group-523986131536->omNode-3-GrpcLogAppender-LogAppenderDaemon] INFO  server.GrpcLogAppender (GrpcLogAppender.java:installSnapshot(550)) - omNode-1@group-523986131536->omNode-3-GrpcLogAppender: followerNextIndex = 0 but logStartIndex = -1, notify follower to install snapshot-(t:2, i:17)
2021-12-06 20:45:15,797 [grpc-default-executor-3] INFO  leader.FollowerInfo (FollowerInfoImpl.java:lambda$new$0(47)) - omNode-1@group-523986131536->omNode-3: nextIndex: updateUnconditionally 0 -> 0
2021-12-06 20:45:15,797 [omNode-1@group-523986131536->omNode-3-GrpcLogAppender-LogAppenderDaemon] INFO  server.GrpcLogAppender (GrpcLogAppender.java:installSnapshot(558)) - omNode-1@group-523986131536->omNode-3-GrpcLogAppender: send omNode-1->omNode-3#0-t2,notify:(t:2, i:17)
2021-12-06 20:45:15,797 [grpc-default-executor-3] WARN  server.GrpcLogAppender (LogUtils.java:warn(122)) - omNode-1@group-523986131536->omNode-3-InstallSnapshotResponseHandler: Failed InstallSnapshot: org.apache.ratis.thirdparty.io.grpc.StatusRuntimeException: UNAVAILABLE: io exception
2021-12-06 20:45:15,797 [grpc-default-executor-3] INFO  leader.FollowerInfo (FollowerInfoImpl.java:lambda$new$0(47)) - omNode-1@group-523986131536->omNode-3: nextIndex: updateUnconditionally 0 -> 0
2021-12-06 20:45:15,797 [omNode-1@group-523986131536->omNode-3-GrpcLogAppender-LogAppenderDaemon] INFO  server.GrpcLogAppender (GrpcLogAppender.java:installSnapshot(550)) - omNode-1@group-523986131536->omNode-3-GrpcLogAppender: followerNextIndex = 0 but logStartIndex = -1, notify follower to install snapshot-(t:2, i:17)
2021-12-06 20:45:15,797 [omNode-1@group-523986131536->omNode-3-GrpcLogAppender-LogAppenderDaemon] INFO  server.GrpcLogAppender (GrpcLogAppender.java:installSnapshot(558)) - omNode-1@group-523986131536->omNode-3-GrpcLogAppender: send omNode-1->omNode-3#0-t2,notify:(t:2, i:17)
2021-12-06 20:45:15,797 [grpc-default-executor-7] WARN  server.GrpcLogAppender (LogUtils.java:warn(122)) - omNode-1@group-523986131536->omNode-3-InstallSnapshotResponseHandler: Failed InstallSnapshot: org.apache.ratis.thirdparty.io.grpc.StatusRuntimeException: UNAVAILABLE: io exception
2021-12-06 20:45:15,798 [grpc-default-executor-7] INFO  leader.FollowerInfo (FollowerInfoImpl.java:lambda$new$0(47)) - omNode-1@group-523986131536->omNode-3: nextIndex: updateUnconditionally 0 -> 0
2021-12-06 20:45:15,798 [omNode-1@group-523986131536->omNode-3-GrpcLogAppender-LogAppenderDaemon] INFO  server.GrpcLogAppender (GrpcLogAppender.java:installSnapshot(550)) - omNode-1@group-523986131536->omNode-3-GrpcLogAppender: followerNextIndex = 0 but logStartIndex = -1, notify follower to install snapshot-(t:2, i:17)
2021-12-06 20:45:15,798 [omNode-1@group-523986131536->omNode-3-GrpcLogAppender-LogAppenderDaemon] INFO  server.GrpcLogAppender (GrpcLogAppender.java:installSnapshot(558)) - omNode-1@group-523986131536->omNode-3-GrpcLogAppender: send omNode-1->omNode-3#0-t2,notify:(t:2, i:17)
2021-12-06 20:45:15,798 [grpc-default-executor-4] WARN  server.GrpcLogAppender (LogUtils.java:warn(122)) - omNode-1@group-523986131536->omNode-3-InstallSnapshotResponseHandler: Failed InstallSnapshot: org.apache.ratis.thirdparty.io.grpc.StatusRuntimeException: UNAVAILABLE: io exception
2021-12-06 20:45:15,798 [grpc-default-executor-3] WARN  server.GrpcLogAppender (LogUtils.java:warn(122)) - omNode-1@group-523986131536->omNode-3-AppendLogResponseHandler: Failed appendEntries: org.apache.ratis.thirdparty.io.grpc.StatusRuntimeException: UNAVAILABLE: io exception
2021-12-06 20:45:15,798 [grpc-default-executor-7] WARN  server.GrpcLogAppender (LogUtils.java:warn(122)) - omNode-1@group-523986131536->omNode-3-AppendLogResponseHandler: Failed appendEntries: org.apache.ratis.thirdparty.io.grpc.StatusRuntimeException: UNAVAILABLE: io exception
2021-12-06 20:45:15,798 [grpc-default-executor-4] INFO  leader.FollowerInfo (FollowerInfoImpl.java:lambda$new$0(47)) - omNode-1@group-523986131536->omNode-3: nextIndex: updateUnconditionally 0 -> 0
2021-12-06 20:45:15,798 [grpc-default-executor-3] INFO  leader.FollowerInfo (FollowerInfoImpl.java:lambda$new$0(47)) - omNode-1@group-523986131536->omNode-3: nextIndex: updateUnconditionally 0 -> 0
2021-12-06 20:45:15,798 [grpc-default-executor-7] INFO  leader.FollowerInfo (FollowerInfoImpl.java:lambda$new$0(47)) - omNode-1@group-523986131536->omNode-3: nextIndex: updateUnconditionally 0 -> 0
2021-12-06 20:45:15,799 [omNode-1@group-523986131536->omNode-3-GrpcLogAppender-LogAppenderDaemon] INFO  server.GrpcLogAppender (GrpcLogAppender.java:installSnapshot(550)) - omNode-1@group-523986131536->omNode-3-GrpcLogAppender: followerNextIndex = 0 but logStartIndex = -1, notify follower to install snapshot-(t:2, i:17)
2021-12-06 20:45:15,799 [omNode-1@group-523986131536->omNode-3-GrpcLogAppender-LogAppenderDaemon] INFO  server.GrpcLogAppender (GrpcLogAppender.java:installSnapshot(558)) - omNode-1@group-523986131536->omNode-3-GrpcLogAppender: send omNode-1->omNode-3#0-t2,notify:(t:2, i:17)
2021-12-06 20:45:15,799 [grpc-default-executor-7] WARN  server.GrpcLogAppender (LogUtils.java:warn(122)) - omNode-1@group-523986131536->omNode-3-AppendLogResponseHandler: Failed appendEntries: org.apache.ratis.thirdparty.io.grpc.StatusRuntimeException: UNAVAILABLE: io exception
2021-12-06 20:45:15,799 [grpc-default-executor-7] INFO  leader.FollowerInfo (FollowerInfoImpl.java:lambda$new$0(47)) - omNode-1@group-523986131536->omNode-3: nextIndex: updateUnconditionally 0 -> 0
2021-12-06 20:45:15,799 [grpc-default-executor-3] WARN  server.GrpcLogAppender (LogUtils.java:warn(122)) - omNode-1@group-523986131536->omNode-3-InstallSnapshotResponseHandler: Failed InstallSnapshot: org.apache.ratis.thirdparty.io.grpc.StatusRuntimeException: UNAVAILABLE: io exception
2021-12-06 20:45:15,799 [grpc-default-executor-3] INFO  leader.FollowerInfo (FollowerInfoImpl.java:lambda$new$0(47)) - omNode-1@group-523986131536->omNode-3: nextIndex: updateUnconditionally 0 -> 0
2021-12-06 20:45:15,799 [omNode-1@group-523986131536->omNode-3-GrpcLogAppender-LogAppenderDaemon] INFO  server.GrpcLogAppender (GrpcLogAppender.java:installSnapshot(550)) - omNode-1@group-523986131536->omNode-3-GrpcLogAppender: followerNextIndex = 0 but logStartIndex = -1, notify follower to install snapshot-(t:2, i:17)
2021-12-06 20:45:15,799 [omNode-1@group-523986131536->omNode-3-GrpcLogAppender-LogAppenderDaemon] INFO  server.GrpcLogAppender (GrpcLogAppender.java:installSnapshot(558)) - omNode-1@group-523986131536->omNode-3-GrpcLogAppender: send omNode-1->omNode-3#0-t2,notify:(t:2, i:17)
2021-12-06 20:45:15,800 [grpc-default-executor-7] WARN  server.GrpcLogAppender (LogUtils.java:warn(122)) - omNode-1@group-523986131536->omNode-3-InstallSnapshotResponseHandler: Failed InstallSnapshot: org.apache.ratis.thirdparty.io.grpc.StatusRuntimeException: UNAVAILABLE: io exception
2021-12-06 20:45:15,800 [grpc-default-executor-7] INFO  leader.FollowerInfo (FollowerInfoImpl.java:lambda$new$0(47)) - omNode-1@group-523986131536->omNode-3: nextIndex: updateUnconditionally 0 -> 0
2021-12-06 20:45:15,800 [grpc-default-executor-3] WARN  server.GrpcLogAppender (LogUtils.java:warn(122)) - omNode-1@group-523986131536->omNode-3-AppendLogResponseHandler: Failed appendEntries: org.apache.ratis.thirdparty.io.grpc.StatusRuntimeException: UNAVAILABLE: io exception
2021-12-06 20:45:15,800 [grpc-default-executor-3] INFO  leader.FollowerInfo (FollowerInfoImpl.java:lambda$new$0(47)) - omNode-1@group-523986131536->omNode-3: nextIndex: updateUnconditionally 0 -> 0
2021-12-06 20:45:15,800 [omNode-1@group-523986131536->omNode-3-GrpcLogAppender-LogAppenderDaemon] INFO  server.GrpcLogAppender (GrpcLogAppender.java:installSnapshot(550)) - omNode-1@group-523986131536->omNode-3-GrpcLogAppender: followerNextIndex = 0 but logStartIndex = -1, notify follower to install snapshot-(t:2, i:17)
2021-12-06 20:45:15,800 [omNode-1@group-523986131536->omNode-3-GrpcLogAppender-LogAppenderDaemon] INFO  server.GrpcLogAppender (GrpcLogAppender.java:installSnapshot(558)) - omNode-1@group-523986131536->omNode-3-GrpcLogAppender: send omNode-1->omNode-3#0-t2,notify:(t:2, i:17)
2021-12-06 20:45:15,800 [grpc-default-executor-7] WARN  server.GrpcLogAppender (LogUtils.java:warn(122)) - omNode-1@group-523986131536->omNode-3-InstallSnapshotResponseHandler: Failed InstallSnapshot: org.apache.ratis.thirdparty.io.grpc.StatusRuntimeException: UNAVAILABLE: io exception
2021-12-06 20:45:15,800 [grpc-default-executor-7] INFO  leader.FollowerInfo (FollowerInfoImpl.java:lambda$new$0(47)) - omNode-1@group-523986131536->omNode-3: nextIndex: updateUnconditionally 0 -> 0
2021-12-06 20:45:15,800 [grpc-default-executor-3] WARN  server.GrpcLogAppender (LogUtils.java:warn(122)) - omNode-1@group-523986131536->omNode-3-AppendLogResponseHandler: Failed appendEntries: org.apache.ratis.thirdparty.io.grpc.StatusRuntimeException: UNAVAILABLE: io exception
2021-12-06 20:45:15,800 [grpc-default-executor-3] INFO  leader.FollowerInfo (FollowerInfoImpl.java:lambda$new$0(47)) - omNode-1@group-523986131536->omNode-3: nextIndex: updateUnconditionally 0 -> 0
2021-12-06 20:45:15,801 [omNode-1@group-523986131536->omNode-3-GrpcLogAppender-LogAppenderDaemon] INFO  server.GrpcLogAppender (GrpcLogAppender.java:installSnapshot(550)) - omNode-1@group-523986131536->omNode-3-GrpcLogAppender: followerNextIndex = 0 but logStartIndex = -1, notify follower to install snapshot-(t:2, i:17)
2021-12-06 20:45:15,801 [omNode-1@group-523986131536->omNode-3-GrpcLogAppender-LogAppenderDaemon] INFO  server.GrpcLogAppender (GrpcLogAppender.java:installSnapshot(558)) - omNode-1@group-523986131536->omNode-3-GrpcLogAppender: send omNode-1->omNode-3#0-t2,notify:(t:2, i:17)
2021-12-06 20:45:15,801 [grpc-default-executor-7] WARN  server.GrpcLogAppender (LogUtils.java:warn(122)) - omNode-1@group-523986131536->omNode-3-InstallSnapshotResponseHandler: Failed InstallSnapshot: org.apache.ratis.thirdparty.io.grpc.StatusRuntimeException: UNAVAILABLE: io exception
2021-12-06 20:45:15,801 [grpc-default-executor-7] INFO  leader.FollowerInfo (FollowerInfoImpl.java:lambda$new$0(47)) - omNode-1@group-523986131536->omNode-3: nextIndex: updateUnconditionally 0 -> 0
2021-12-06 20:45:15,801 [grpc-default-executor-3] WARN  server.GrpcLogAppender (LogUtils.java:warn(122)) - omNode-1@group-523986131536->omNode-3-AppendLogResponseHandler: Failed appendEntries: org.apache.ratis.thirdparty.io.grpc.StatusRuntimeException: UNAVAILABLE: io exception
2021-12-06 20:45:15,801 [grpc-default-executor-3] INFO  leader.FollowerInfo (FollowerInfoImpl.java:lambda$new$0(47)) - omNode-1@group-523986131536->omNode-3: nextIndex: updateUnconditionally 0 -> 0
2021-12-06 20:45:15,801 [omNode-1@group-523986131536->omNode-3-GrpcLogAppender-LogAppenderDaemon] INFO  server.GrpcLogAppender (GrpcLogAppender.java:installSnapshot(550)) - omNode-1@group-523986131536->omNode-3-GrpcLogAppender: followerNextIndex = 0 but logStartIndex = -1, notify follower to install snapshot-(t:2, i:17)
2021-12-06 20:45:15,801 [omNode-1@group-523986131536->omNode-3-GrpcLogAppender-LogAppenderDaemon] INFO  server.GrpcLogAppender (GrpcLogAppender.java:installSnapshot(558)) - omNode-1@group-523986131536->omNode-3-GrpcLogAppender: send omNode-1->omNode-3#0-t2,notify:(t:2, i:17)
2021-12-06 20:45:15,802 [grpc-default-executor-7] WARN  server.GrpcLogAppender (LogUtils.java:warn(122)) - omNode-1@group-523986131536->omNode-3-InstallSnapshotResponseHandler: Failed InstallSnapshot: org.apache.ratis.thirdparty.io.grpc.StatusRuntimeException: UNAVAILABLE: io exception
2021-12-06 20:45:15,802 [grpc-default-executor-7] INFO  leader.FollowerInfo (FollowerInfoImpl.java:lambda$new$0(47)) - omNode-1@group-523986131536->omNode-3: nextIndex: updateUnconditionally 0 -> 0
2021-12-06 20:45:15,802 [grpc-default-executor-3] WARN  server.GrpcLogAppender (LogUtils.java:warn(122)) - omNode-1@group-523986131536->omNode-3-AppendLogResponseHandler: Failed appendEntries: org.apache.ratis.thirdparty.io.grpc.StatusRuntimeException: UNAVAILABLE: io exception
2021-12-06 20:45:15,802 [grpc-default-executor-3] INFO  leader.FollowerInfo (FollowerInfoImpl.java:lambda$new$0(47)) - omNode-1@group-523986131536->omNode-3: nextIndex: updateUnconditionally 0 -> 0
2021-12-06 20:45:15,802 [omNode-1@group-523986131536->omNode-3-GrpcLogAppender-LogAppenderDaemon] INFO  server.GrpcLogAppender (GrpcLogAppender.java:installSnapshot(550)) - omNode-1@group-523986131536->omNode-3-GrpcLogAppender: followerNextIndex = 0 but logStartIndex = -1, notify follower to install snapshot-(t:2, i:17)
2021-12-06 20:45:15,802 [omNode-1@group-523986131536->omNode-3-GrpcLogAppender-LogAppenderDaemon] INFO  server.GrpcLogAppender (GrpcLogAppender.java:installSnapshot(558)) - omNode-1@group-523986131536->omNode-3-GrpcLogAppender: send omNode-1->omNode-3#0-t2,notify:(t:2, i:17)
2021-12-06 20:45:15,802 [grpc-default-executor-7] WARN  server.GrpcLogAppender (LogUtils.java:warn(122)) - omNode-1@group-523986131536->omNode-3-InstallSnapshotResponseHandler: Failed InstallSnapshot: org.apache.ratis.thirdparty.io.grpc.StatusRuntimeException: UNAVAILABLE: io exception
2021-12-06 20:45:15,803 [grpc-default-executor-7] INFO  leader.FollowerInfo (FollowerInfoImpl.java:lambda$new$0(47)) - omNode-1@group-523986131536->omNode-3: nextIndex: updateUnconditionally 0 -> 0
2021-12-06 20:45:15,802 [grpc-default-executor-3] WARN  server.GrpcLogAppender (LogUtils.java:warn(122)) - omNode-1@group-523986131536->omNode-3-AppendLogResponseHandler: Failed appendEntries: org.apache.ratis.thirdparty.io.grpc.StatusRuntimeException: UNAVAILABLE: io exception
2021-12-06 20:45:15,803 [grpc-default-executor-3] INFO  leader.FollowerInfo (FollowerInfoImpl.java:lambda$new$0(47)) - omNode-1@group-523986131536->omNode-3: nextIndex: updateUnconditionally 0 -> 0
2021-12-06 20:45:15,803 [omNode-1@group-523986131536->omNode-3-GrpcLogAppender-LogAppenderDaemon] INFO  server.GrpcLogAppender (GrpcLogAppender.java:installSnapshot(550)) - omNode-1@group-523986131536->omNode-3-GrpcLogAppender: followerNextIndex = 0 but logStartIndex = -1, notify follower to install snapshot-(t:2, i:17)
2021-12-06 20:45:15,803 [omNode-1@group-523986131536->omNode-3-GrpcLogAppender-LogAppenderDaemon] INFO  server.GrpcLogAppender (GrpcLogAppender.java:installSnapshot(558)) - omNode-1@group-523986131536->omNode-3-GrpcLogAppender: send omNode-1->omNode-3#0-t2,notify:(t:2, i:17)
2021-12-06 20:45:15,803 [grpc-default-executor-7] WARN  server.GrpcLogAppender (LogUtils.java:warn(122)) - omNode-1@group-523986131536->omNode-3-InstallSnapshotResponseHandler: Failed InstallSnapshot: org.apache.ratis.thirdparty.io.grpc.StatusRuntimeException: UNAVAILABLE: io exception
2021-12-06 20:45:15,803 [grpc-default-executor-7] INFO  leader.FollowerInfo (FollowerInfoImpl.java:lambda$new$0(47)) - omNode-1@group-523986131536->omNode-3: nextIndex: updateUnconditionally 0 -> 0
2021-12-06 20:45:15,803 [grpc-default-executor-3] WARN  server.GrpcLogAppender (LogUtils.java:warn(122)) - omNode-1@group-523986131536->omNode-3-AppendLogResponseHandler: Failed appendEntries: org.apache.ratis.thirdparty.io.grpc.StatusRuntimeException: UNAVAILABLE: io exception
2021-12-06 20:45:15,803 [grpc-default-executor-3] INFO  leader.FollowerInfo (FollowerInfoImpl.java:lambda$new$0(47)) - omNode-1@group-523986131536->omNode-3: nextIndex: updateUnconditionally 0 -> 0
2021-12-06 20:45:15,804 [omNode-1@group-523986131536->omNode-3-GrpcLogAppender-LogAppenderDaemon] INFO  server.GrpcLogAppender (GrpcLogAppender.java:installSnapshot(550)) - omNode-1@group-523986131536->omNode-3-GrpcLogAppender: followerNextIndex = 0 but logStartIndex = -1, notify follower to install snapshot-(t:2, i:17)
2021-12-06 20:45:15,804 [omNode-1@group-523986131536->omNode-3-GrpcLogAppender-LogAppenderDaemon] INFO  server.GrpcLogAppender (GrpcLogAppender.java:installSnapshot(558)) - omNode-1@group-523986131536->omNode-3-GrpcLogAppender: send omNode-1->omNode-3#0-t2,notify:(t:2, i:17)
2021-12-06 20:45:15,804 [grpc-default-executor-7] WARN  server.GrpcLogAppender (LogUtils.java:warn(122)) - omNode-1@group-523986131536->omNode-3-InstallSnapshotResponseHandler: Failed InstallSnapshot: org.apache.ratis.thirdparty.io.grpc.StatusRuntimeException: UNAVAILABLE: io exception
2021-12-06 20:45:15,804 [pool-177-thread-1] INFO  server.RaftServer$Division (ServerState.java:setRaftConf(387)) - omNode-3@group-523986131536: set configuration 0: [omNode-3|rpc:localhost:10948|admin:|client:|dataStream:|priority:0, omNode-1|rpc:localhost:10936|admin:|client:|dataStream:|priority:0, omNode-2|rpc:localhost:10942|admin:|client:|dataStream:|priority:0], old=null
2021-12-06 20:45:15,804 [grpc-default-executor-3] WARN  server.GrpcLogAppender (LogUtils.java:warn(122)) - omNode-1@group-523986131536->omNode-3-AppendLogResponseHandler: Failed appendEntries: org.apache.ratis.thirdparty.io.grpc.StatusRuntimeException: UNAVAILABLE: io exception
2021-12-06 20:45:15,804 [grpc-default-executor-7] INFO  leader.FollowerInfo (FollowerInfoImpl.java:lambda$new$0(47)) - omNode-1@group-523986131536->omNode-3: nextIndex: updateUnconditionally 0 -> 0
2021-12-06 20:45:15,805 [grpc-default-executor-3] INFO  leader.FollowerInfo (FollowerInfoImpl.java:lambda$new$0(47)) - omNode-1@group-523986131536->omNode-3: nextIndex: updateUnconditionally 0 -> 0
2021-12-06 20:45:15,805 [omNode-1@group-523986131536->omNode-3-GrpcLogAppender-LogAppenderDaemon] INFO  server.GrpcLogAppender (GrpcLogAppender.java:installSnapshot(550)) - omNode-1@group-523986131536->omNode-3-GrpcLogAppender: followerNextIndex = 0 but logStartIndex = -1, notify follower to install snapshot-(t:2, i:17)
2021-12-06 20:45:15,806 [omNode-1@group-523986131536->omNode-3-GrpcLogAppender-LogAppenderDaemon] INFO  server.GrpcLogAppender (GrpcLogAppender.java:installSnapshot(558)) - omNode-1@group-523986131536->omNode-3-GrpcLogAppender: send omNode-1->omNode-3#0-t2,notify:(t:2, i:17)
2021-12-06 20:45:15,806 [grpc-default-executor-3] WARN  server.GrpcLogAppender (LogUtils.java:warn(122)) - omNode-1@group-523986131536->omNode-3-AppendLogResponseHandler: Failed appendEntries: org.apache.ratis.thirdparty.io.grpc.StatusRuntimeException: UNAVAILABLE: io exception
2021-12-06 20:45:15,806 [grpc-default-executor-3] INFO  leader.FollowerInfo (FollowerInfoImpl.java:lambda$new$0(47)) - omNode-1@group-523986131536->omNode-3: nextIndex: updateUnconditionally 0 -> 0
2021-12-06 20:45:15,806 [grpc-default-executor-7] WARN  server.GrpcLogAppender (LogUtils.java:warn(122)) - omNode-1@group-523986131536->omNode-3-InstallSnapshotResponseHandler: Failed InstallSnapshot: org.apache.ratis.thirdparty.io.grpc.StatusRuntimeException: UNAVAILABLE: io exception
2021-12-06 20:45:15,806 [grpc-default-executor-7] INFO  leader.FollowerInfo (FollowerInfoImpl.java:lambda$new$0(47)) - omNode-1@group-523986131536->omNode-3: nextIndex: updateUnconditionally 0 -> 0
2021-12-06 20:45:15,806 [pool-177-thread-1] INFO  segmented.LogSegment (LogSegment.java:loadSegment(173)) - Successfully read 17 entries from segment file /home/runner/work/ozone/ozone/hadoop-ozone/integration-test/target/test-dir/MiniOzoneClusterImpl-1f2ada2d-a189-4e3f-a934-1db8589ac524/omNode-3/ratis/c9bc4cf4-3bc3-3c60-a66b-523986131536/current/log_inprogress_0
2021-12-06 20:45:15,807 [omNode-1@group-523986131536->omNode-3-GrpcLogAppender-LogAppenderDaemon] INFO  server.GrpcLogAppender (GrpcLogAppender.java:installSnapshot(550)) - omNode-1@group-523986131536->omNode-3-GrpcLogAppender: followerNextIndex = 0 but logStartIndex = -1, notify follower to install snapshot-(t:2, i:17)
2021-12-06 20:45:15,806 [grpc-default-executor-7] WARN  server.GrpcLogAppender (LogUtils.java:warn(122)) - omNode-1@group-523986131536->omNode-3-AppendLogResponseHandler: Failed appendEntries: org.apache.ratis.thirdparty.io.grpc.StatusRuntimeException: UNAVAILABLE: io exception
2021-12-06 20:45:15,807 [omNode-1@group-523986131536->omNode-3-GrpcLogAppender-LogAppenderDaemon] INFO  server.GrpcLogAppender (GrpcLogAppender.java:installSnapshot(558)) - omNode-1@group-523986131536->omNode-3-GrpcLogAppender: send omNode-1->omNode-3#0-t2,notify:(t:2, i:17)
2021-12-06 20:45:15,807 [grpc-default-executor-7] INFO  leader.FollowerInfo (FollowerInfoImpl.java:lambda$new$0(47)) - omNode-1@group-523986131536->omNode-3: nextIndex: updateUnconditionally 0 -> 0
2021-12-06 20:45:15,807 [grpc-default-executor-7] WARN  server.GrpcLogAppender (LogUtils.java:warn(122)) - omNode-1@group-523986131536->omNode-3-InstallSnapshotResponseHandler: Failed InstallSnapshot: org.apache.ratis.thirdparty.io.grpc.StatusRuntimeException: UNAVAILABLE: io exception
2021-12-06 20:45:15,807 [grpc-default-executor-7] INFO  leader.FollowerInfo (FollowerInfoImpl.java:lambda$new$0(47)) - omNode-1@group-523986131536->omNode-3: nextIndex: updateUnconditionally 0 -> 0
2021-12-06 20:45:15,807 [pool-177-thread-1] INFO  segmented.SegmentedRaftLogWorker (SegmentedRaftLogWorker.java:lambda$new$0(133)) - omNode-3@group-523986131536-SegmentedRaftLogWorker: flushIndex: setUnconditionally 0 -> 16
2021-12-06 20:45:15,807 [pool-177-thread-1] INFO  segmented.SegmentedRaftLogWorker (SegmentedRaftLogWorker.java:lambda$new$0(133)) - omNode-3@group-523986131536-SegmentedRaftLogWorker: safeCacheEvictIndex: setUnconditionally 0 -> -1
2021-12-06 20:45:15,807 [omNode-1@group-523986131536->omNode-3-GrpcLogAppender-LogAppenderDaemon] INFO  server.GrpcLogAppender (GrpcLogAppender.java:installSnapshot(550)) - omNode-1@group-523986131536->omNode-3-GrpcLogAppender: followerNextIndex = 0 but logStartIndex = -1, notify follower to install snapshot-(t:2, i:17)
2021-12-06 20:45:15,807 [grpc-default-executor-7] WARN  server.GrpcLogAppender (LogUtils.java:warn(122)) - omNode-1@group-523986131536->omNode-3-AppendLogResponseHandler: Failed appendEntries: org.apache.ratis.thirdparty.io.grpc.StatusRuntimeException: UNAVAILABLE: io exception
2021-12-06 20:45:15,807 [omNode-1@group-523986131536->omNode-3-GrpcLogAppender-LogAppenderDaemon] INFO  server.GrpcLogAppender (GrpcLogAppender.java:installSnapshot(558)) - omNode-1@group-523986131536->omNode-3-GrpcLogAppender: send omNode-1->omNode-3#0-t2,notify:(t:2, i:17)
2021-12-06 20:45:15,807 [grpc-default-executor-7] INFO  leader.FollowerInfo (FollowerInfoImpl.java:lambda$new$0(47)) - omNode-1@group-523986131536->omNode-3: nextIndex: updateUnconditionally 0 -> 0
2021-12-06 20:45:15,808 [grpc-default-executor-7] WARN  server.GrpcLogAppender (LogUtils.java:warn(122)) - omNode-1@group-523986131536->omNode-3-InstallSnapshotResponseHandler: Failed InstallSnapshot: org.apache.ratis.thirdparty.io.grpc.StatusRuntimeException: UNAVAILABLE: io exception
2021-12-06 20:45:15,808 [grpc-default-executor-7] INFO  leader.FollowerInfo (FollowerInfoImpl.java:lambda$new$0(47)) - omNode-1@group-523986131536->omNode-3: nextIndex: updateUnconditionally 0 -> 0
2021-12-06 20:45:15,808 [grpc-default-executor-7] WARN  server.GrpcLogAppender (LogUtils.java:warn(122)) - omNode-1@group-523986131536->omNode-3-AppendLogResponseHandler: Failed appendEntries: org.apache.ratis.thirdparty.io.grpc.StatusRuntimeException: UNAVAILABLE: io exception
2021-12-06 20:45:15,808 [grpc-default-executor-7] INFO  leader.FollowerInfo (FollowerInfoImpl.java:lambda$new$0(47)) - omNode-1@group-523986131536->omNode-3: nextIndex: updateUnconditionally 0 -> 0
2021-12-06 20:45:15,808 [omNode-1@group-523986131536->omNode-3-GrpcLogAppender-LogAppenderDaemon] INFO  server.GrpcLogAppender (GrpcLogAppender.java:installSnapshot(550)) - omNode-1@group-523986131536->omNode-3-GrpcLogAppender: followerNextIndex = 0 but logStartIndex = -1, notify follower to install snapshot-(t:2, i:17)
2021-12-06 20:45:15,808 [omNode-1@group-523986131536->omNode-3-GrpcLogAppender-LogAppenderDaemon] INFO  server.GrpcLogAppender (GrpcLogAppender.java:installSnapshot(558)) - omNode-1@group-523986131536->omNode-3-GrpcLogAppender: send omNode-1->omNode-3#0-t2,notify:(t:2, i:17)
2021-12-06 20:45:15,808 [grpc-default-executor-7] WARN  server.GrpcLogAppender (LogUtils.java:warn(122)) - omNode-1@group-523986131536->omNode-3-InstallSnapshotResponseHandler: Failed InstallSnapshot: org.apache.ratis.thirdparty.io.grpc.StatusRuntimeException: UNAVAILABLE: io exception
2021-12-06 20:45:15,809 [grpc-default-executor-7] INFO  leader.FollowerInfo (FollowerInfoImpl.java:lambda$new$0(47)) - omNode-1@group-523986131536->omNode-3: nextIndex: updateUnconditionally 0 -> 0
2021-12-06 20:45:15,809 [grpc-default-executor-7] WARN  server.GrpcLogAppender (LogUtils.java:warn(122)) - omNode-1@group-523986131536->omNode-3-AppendLogResponseHandler: Failed appendEntries: org.apache.ratis.thirdparty.io.grpc.StatusRuntimeException: UNAVAILABLE: io exception
2021-12-06 20:45:15,809 [grpc-default-executor-7] INFO  leader.FollowerInfo (FollowerInfoImpl.java:lambda$new$0(47)) - omNode-1@group-523986131536->omNode-3: nextIndex: updateUnconditionally 0 -> 0
2021-12-06 20:45:15,809 [omNode-1@group-523986131536->omNode-3-GrpcLogAppender-LogAppenderDaemon] INFO  server.GrpcLogAppender (GrpcLogAppender.java:installSnapshot(550)) - omNode-1@group-523986131536->omNode-3-GrpcLogAppender: followerNextIndex = 0 but logStartIndex = -1, notify follower to install snapshot-(t:2, i:17)
2021-12-06 20:45:15,809 [omNode-1@group-523986131536->omNode-3-GrpcLogAppender-LogAppenderDaemon] INFO  server.GrpcLogAppender (GrpcLogAppender.java:installSnapshot(558)) - omNode-1@group-523986131536->omNode-3-GrpcLogAppender: send omNode-1->omNode-3#0-t2,notify:(t:2, i:17)
2021-12-06 20:45:15,809 [grpc-default-executor-7] WARN  server.GrpcLogAppender (LogUtils.java:warn(122)) - omNode-1@group-523986131536->omNode-3-InstallSnapshotResponseHandler: Failed InstallSnapshot: org.apache.ratis.thirdparty.io.grpc.StatusRuntimeException: UNAVAILABLE: io exception
2021-12-06 20:45:15,809 [grpc-default-executor-7] INFO  leader.FollowerInfo (FollowerInfoImpl.java:lambda$new$0(47)) - omNode-1@group-523986131536->omNode-3: nextIndex: updateUnconditionally 0 -> 0
2021-12-06 20:45:15,809 [grpc-default-executor-7] WARN  server.GrpcLogAppender (LogUtils.java:warn(122)) - omNode-1@group-523986131536->omNode-3-AppendLogResponseHandler: Failed appendEntries: org.apache.ratis.thirdparty.io.grpc.StatusRuntimeException: UNAVAILABLE: io exception
2021-12-06 20:45:15,810 [grpc-default-executor-7] INFO  leader.FollowerInfo (FollowerInfoImpl.java:lambda$new$0(47)) - omNode-1@group-523986131536->omNode-3: nextIndex: updateUnconditionally 0 -> 0
2021-12-06 20:45:15,810 [omNode-1@group-523986131536->omNode-3-GrpcLogAppender-LogAppenderDaemon] INFO  server.GrpcLogAppender (GrpcLogAppender.java:installSnapshot(550)) - omNode-1@group-523986131536->omNode-3-GrpcLogAppender: followerNextIndex = 0 but logStartIndex = -1, notify follower to install snapshot-(t:2, i:17)
2021-12-06 20:45:15,810 [omNode-1@group-523986131536->omNode-3-GrpcLogAppender-LogAppenderDaemon] INFO  server.GrpcLogAppender (GrpcLogAppender.java:installSnapshot(558)) - omNode-1@group-523986131536->omNode-3-GrpcLogAppender: send omNode-1->omNode-3#0-t2,notify:(t:2, i:17)
2021-12-06 20:45:15,810 [grpc-default-executor-7] WARN  server.GrpcLogAppender (LogUtils.java:warn(122)) - omNode-1@group-523986131536->omNode-3-InstallSnapshotResponseHandler: Failed InstallSnapshot: org.apache.ratis.thirdparty.io.grpc.StatusRuntimeException: UNAVAILABLE: io exception
2021-12-06 20:45:15,810 [grpc-default-executor-7] INFO  leader.FollowerInfo (FollowerInfoImpl.java:lambda$new$0(47)) - omNode-1@group-523986131536->omNode-3: nextIndex: updateUnconditionally 0 -> 0
2021-12-06 20:45:15,810 [grpc-default-executor-7] WARN  server.GrpcLogAppender (LogUtils.java:warn(122)) - omNode-1@group-523986131536->omNode-3-AppendLogResponseHandler: Failed appendEntries: org.apache.ratis.thirdparty.io.grpc.StatusRuntimeException: UNAVAILABLE: io exception
2021-12-06 20:45:15,810 [grpc-default-executor-7] INFO  leader.FollowerInfo (FollowerInfoImpl.java:lambda$new$0(47)) - omNode-1@group-523986131536->omNode-3: nextIndex: updateUnconditionally 0 -> 0
2021-12-06 20:45:15,810 [omNode-1@group-523986131536->omNode-3-GrpcLogAppender-LogAppenderDaemon] INFO  server.GrpcLogAppender (GrpcLogAppender.java:installSnapshot(550)) - omNode-1@group-523986131536->omNode-3-GrpcLogAppender: followerNextIndex = 0 but logStartIndex = -1, notify follower to install snapshot-(t:2, i:17)
2021-12-06 20:45:15,811 [omNode-1@group-523986131536->omNode-3-GrpcLogAppender-LogAppenderDaemon] INFO  server.GrpcLogAppender (GrpcLogAppender.java:installSnapshot(558)) - omNode-1@group-523986131536->omNode-3-GrpcLogAppender: send omNode-1->omNode-3#0-t2,notify:(t:2, i:17)
2021-12-06 20:45:15,812 [grpc-default-executor-3] WARN  server.GrpcLogAppender (LogUtils.java:warn(122)) - omNode-1@group-523986131536->omNode-3-InstallSnapshotResponseHandler: Failed InstallSnapshot: org.apache.ratis.thirdparty.io.grpc.StatusRuntimeException: UNAVAILABLE: io exception
2021-12-06 20:45:15,813 [grpc-default-executor-3] INFO  leader.FollowerInfo (FollowerInfoImpl.java:lambda$new$0(47)) - omNode-1@group-523986131536->omNode-3: nextIndex: updateUnconditionally 0 -> 0
2021-12-06 20:45:15,813 [grpc-default-executor-3] WARN  server.GrpcLogAppender (LogUtils.java:warn(122)) - omNode-1@group-523986131536->omNode-3-AppendLogResponseHandler: Failed appendEntries: org.apache.ratis.thirdparty.io.grpc.StatusRuntimeException: UNAVAILABLE: io exception
2021-12-06 20:45:15,813 [grpc-default-executor-3] INFO  leader.FollowerInfo (FollowerInfoImpl.java:lambda$new$0(47)) - omNode-1@group-523986131536->omNode-3: nextIndex: updateUnconditionally 0 -> 0
2021-12-06 20:45:15,813 [omNode-1@group-523986131536->omNode-3-GrpcLogAppender-LogAppenderDaemon] INFO  server.GrpcLogAppender (GrpcLogAppender.java:installSnapshot(550)) - omNode-1@group-523986131536->omNode-3-GrpcLogAppender: followerNextIndex = 0 but logStartIndex = -1, notify follower to install snapshot-(t:2, i:17)
2021-12-06 20:45:15,813 [omNode-1@group-523986131536->omNode-3-GrpcLogAppender-LogAppenderDaemon] INFO  server.GrpcLogAppender (GrpcLogAppender.java:installSnapshot(558)) - omNode-1@group-523986131536->omNode-3-GrpcLogAppender: send omNode-1->omNode-3#0-t2,notify:(t:2, i:17)
2021-12-06 20:45:15,813 [grpc-default-executor-3] WARN  server.GrpcLogAppender (LogUtils.java:warn(122)) - omNode-1@group-523986131536->omNode-3-InstallSnapshotResponseHandler: Failed InstallSnapshot: org.apache.ratis.thirdparty.io.grpc.StatusRuntimeException: UNAVAILABLE: io exception
2021-12-06 20:45:15,813 [grpc-default-executor-3] INFO  leader.FollowerInfo (FollowerInfoImpl.java:lambda$new$0(47)) - omNode-1@group-523986131536->omNode-3: nextIndex: updateUnconditionally 0 -> 0
2021-12-06 20:45:15,814 [grpc-default-executor-3] WARN  server.GrpcLogAppender (LogUtils.java:warn(122)) - omNode-1@group-523986131536->omNode-3-AppendLogResponseHandler: Failed appendEntries: org.apache.ratis.thirdparty.io.grpc.StatusRuntimeException: UNAVAILABLE: io exception
2021-12-06 20:45:15,814 [grpc-default-executor-3] INFO  leader.FollowerInfo (FollowerInfoImpl.java:lambda$new$0(47)) - omNode-1@group-523986131536->omNode-3: nextIndex: updateUnconditionally 0 -> 0
2021-12-06 20:45:15,814 [omNode-1@group-523986131536->omNode-3-GrpcLogAppender-LogAppenderDaemon] INFO  server.GrpcLogAppender (GrpcLogAppender.java:installSnapshot(550)) - omNode-1@group-523986131536->omNode-3-GrpcLogAppender: followerNextIndex = 0 but logStartIndex = -1, notify follower to install snapshot-(t:2, i:17)
2021-12-06 20:45:15,814 [omNode-1@group-523986131536->omNode-3-GrpcLogAppender-LogAppenderDaemon] INFO  server.GrpcLogAppender (GrpcLogAppender.java:installSnapshot(558)) - omNode-1@group-523986131536->omNode-3-GrpcLogAppender: send omNode-1->omNode-3#0-t2,notify:(t:2, i:17)
2021-12-06 20:45:15,814 [grpc-default-executor-3] WARN  server.GrpcLogAppender (LogUtils.java:warn(122)) - omNode-1@group-523986131536->omNode-3-InstallSnapshotResponseHandler: Failed InstallSnapshot: org.apache.ratis.thirdparty.io.grpc.StatusRuntimeException: UNAVAILABLE: io exception
2021-12-06 20:45:15,814 [grpc-default-executor-3] INFO  leader.FollowerInfo (FollowerInfoImpl.java:lambda$new$0(47)) - omNode-1@group-523986131536->omNode-3: nextIndex: updateUnconditionally 0 -> 0
2021-12-06 20:45:15,814 [grpc-default-executor-3] WARN  server.GrpcLogAppender (LogUtils.java:warn(122)) - omNode-1@group-523986131536->omNode-3-AppendLogResponseHandler: Failed appendEntries: org.apache.ratis.thirdparty.io.grpc.StatusRuntimeException: UNAVAILABLE: io exception
2021-12-06 20:45:15,814 [grpc-default-executor-3] INFO  leader.FollowerInfo (FollowerInfoImpl.java:lambda$new$0(47)) - omNode-1@group-523986131536->omNode-3: nextIndex: updateUnconditionally 0 -> 0
2021-12-06 20:45:15,815 [omNode-1@group-523986131536->omNode-3-GrpcLogAppender-LogAppenderDaemon] INFO  server.GrpcLogAppender (GrpcLogAppender.java:installSnapshot(550)) - omNode-1@group-523986131536->omNode-3-GrpcLogAppender: followerNextIndex = 0 but logStartIndex = -1, notify follower to install snapshot-(t:2, i:17)
2021-12-06 20:45:15,815 [omNode-1@group-523986131536->omNode-3-GrpcLogAppender-LogAppenderDaemon] INFO  server.GrpcLogAppender (GrpcLogAppender.java:installSnapshot(558)) - omNode-1@group-523986131536->omNode-3-GrpcLogAppender: send omNode-1->omNode-3#0-t2,notify:(t:2, i:17)
2021-12-06 20:45:15,815 [grpc-default-executor-3] WARN  server.GrpcLogAppender (LogUtils.java:warn(122)) - omNode-1@group-523986131536->omNode-3-InstallSnapshotResponseHandler: Failed InstallSnapshot: org.apache.ratis.thirdparty.io.grpc.StatusRuntimeException: UNAVAILABLE: io exception
2021-12-06 20:45:15,815 [grpc-default-executor-3] INFO  leader.FollowerInfo (FollowerInfoImpl.java:lambda$new$0(47)) - omNode-1@group-523986131536->omNode-3: nextIndex: updateUnconditionally 0 -> 0
2021-12-06 20:45:15,816 [grpc-default-executor-3] WARN  server.GrpcLogAppender (LogUtils.java:warn(122)) - omNode-1@group-523986131536->omNode-3-AppendLogResponseHandler: Failed appendEntries: org.apache.ratis.thirdparty.io.grpc.StatusRuntimeException: UNAVAILABLE: io exception
2021-12-06 20:45:15,816 [grpc-default-executor-3] INFO  leader.FollowerInfo (FollowerInfoImpl.java:lambda$new$0(47)) - omNode-1@group-523986131536->omNode-3: nextIndex: updateUnconditionally 0 -> 0
2021-12-06 20:45:15,817 [omNode-1@group-523986131536->omNode-3-GrpcLogAppender-LogAppenderDaemon] INFO  server.GrpcLogAppender (GrpcLogAppender.java:installSnapshot(550)) - omNode-1@group-523986131536->omNode-3-GrpcLogAppender: followerNextIndex = 0 but logStartIndex = -1, notify follower to install snapshot-(t:2, i:17)
2021-12-06 20:45:15,817 [omNode-1@group-523986131536->omNode-3-GrpcLogAppender-LogAppenderDaemon] INFO  server.GrpcLogAppender (GrpcLogAppender.java:installSnapshot(558)) - omNode-1@group-523986131536->omNode-3-GrpcLogAppender: send omNode-1->omNode-3#0-t2,notify:(t:2, i:17)
2021-12-06 20:45:15,819 [grpc-default-executor-7] WARN  server.GrpcLogAppender (LogUtils.java:warn(122)) - omNode-1@group-523986131536->omNode-3-InstallSnapshotResponseHandler: Failed InstallSnapshot: org.apache.ratis.thirdparty.io.grpc.StatusRuntimeException: UNAVAILABLE: io exception
2021-12-06 20:45:15,819 [grpc-default-executor-7] INFO  leader.FollowerInfo (FollowerInfoImpl.java:lambda$new$0(47)) - omNode-1@group-523986131536->omNode-3: nextIndex: updateUnconditionally 0 -> 0
2021-12-06 20:45:15,819 [grpc-default-executor-7] WARN  server.GrpcLogAppender (LogUtils.java:warn(122)) - omNode-1@group-523986131536->omNode-3-AppendLogResponseHandler: Failed appendEntries: org.apache.ratis.thirdparty.io.grpc.StatusRuntimeException: UNAVAILABLE: io exception
2021-12-06 20:45:15,819 [grpc-default-executor-7] INFO  leader.FollowerInfo (FollowerInfoImpl.java:lambda$new$0(47)) - omNode-1@group-523986131536->omNode-3: nextIndex: updateUnconditionally 0 -> 0
2021-12-06 20:45:15,820 [omNode-1@group-523986131536->omNode-3-GrpcLogAppender-LogAppenderDaemon] INFO  server.GrpcLogAppender (GrpcLogAppender.java:installSnapshot(550)) - omNode-1@group-523986131536->omNode-3-GrpcLogAppender: followerNextIndex = 0 but logStartIndex = -1, notify follower to install snapshot-(t:2, i:17)
2021-12-06 20:45:15,820 [omNode-1@group-523986131536->omNode-3-GrpcLogAppender-LogAppenderDaemon] INFO  server.GrpcLogAppender (GrpcLogAppender.java:installSnapshot(558)) - omNode-1@group-523986131536->omNode-3-GrpcLogAppender: send omNode-1->omNode-3#0-t2,notify:(t:2, i:17)
2021-12-06 20:45:15,820 [grpc-default-executor-7] WARN  server.GrpcLogAppender (LogUtils.java:warn(122)) - omNode-1@group-523986131536->omNode-3-InstallSnapshotResponseHandler: Failed InstallSnapshot: org.apache.ratis.thirdparty.io.grpc.StatusRuntimeException: UNAVAILABLE: io exception
2021-12-06 20:45:15,820 [grpc-default-executor-7] INFO  leader.FollowerInfo (FollowerInfoImpl.java:lambda$new$0(47)) - omNode-1@group-523986131536->omNode-3: nextIndex: updateUnconditionally 0 -> 0
2021-12-06 20:45:15,820 [grpc-default-executor-7] WARN  server.GrpcLogAppender (LogUtils.java:warn(122)) - omNode-1@group-523986131536->omNode-3-AppendLogResponseHandler: Failed appendEntries: org.apache.ratis.thirdparty.io.grpc.StatusRuntimeException: UNAVAILABLE: io exception
2021-12-06 20:45:15,820 [grpc-default-executor-7] INFO  leader.FollowerInfo (FollowerInfoImpl.java:lambda$new$0(47)) - omNode-1@group-523986131536->omNode-3: nextIndex: updateUnconditionally 0 -> 0
2021-12-06 20:45:15,820 [omNode-1@group-523986131536->omNode-3-GrpcLogAppender-LogAppenderDaemon] INFO  server.GrpcLogAppender (GrpcLogAppender.java:installSnapshot(550)) - omNode-1@group-523986131536->omNode-3-GrpcLogAppender: followerNextIndex = 0 but logStartIndex = -1, notify follower to install snapshot-(t:2, i:17)
2021-12-06 20:45:15,821 [omNode-1@group-523986131536->omNode-3-GrpcLogAppender-LogAppenderDaemon] INFO  server.GrpcLogAppender (GrpcLogAppender.java:installSnapshot(558)) - omNode-1@group-523986131536->omNode-3-GrpcLogAppender: send omNode-1->omNode-3#0-t2,notify:(t:2, i:17)
2021-12-06 20:45:15,821 [grpc-default-executor-7] WARN  server.GrpcLogAppender (LogUtils.java:warn(122)) - omNode-1@group-523986131536->omNode-3-InstallSnapshotResponseHandler: Failed InstallSnapshot: org.apache.ratis.thirdparty.io.grpc.StatusRuntimeException: UNAVAILABLE: io exception
2021-12-06 20:45:15,821 [grpc-default-executor-7] INFO  leader.FollowerInfo (FollowerInfoImpl.java:lambda$new$0(47)) - omNode-1@group-523986131536->omNode-3: nextIndex: updateUnconditionally 0 -> 0
2021-12-06 20:45:15,822 [grpc-default-executor-7] WARN  server.GrpcLogAppender (LogUtils.java:warn(122)) - omNode-1@group-523986131536->omNode-3-AppendLogResponseHandler: Failed appendEntries: org.apache.ratis.thirdparty.io.grpc.StatusRuntimeException: UNAVAILABLE: io exception
2021-12-06 20:45:15,822 [grpc-default-executor-7] INFO  leader.FollowerInfo (FollowerInfoImpl.java:lambda$new$0(47)) - omNode-1@group-523986131536->omNode-3: nextIndex: updateUnconditionally 0 -> 0
2021-12-06 20:45:15,822 [omNode-1@group-523986131536->omNode-3-GrpcLogAppender-LogAppenderDaemon] INFO  server.GrpcLogAppender (GrpcLogAppender.java:installSnapshot(550)) - omNode-1@group-523986131536->omNode-3-GrpcLogAppender: followerNextIndex = 0 but logStartIndex = -1, notify follower to install snapshot-(t:2, i:17)
2021-12-06 20:45:15,822 [omNode-1@group-523986131536->omNode-3-GrpcLogAppender-LogAppenderDaemon] INFO  server.GrpcLogAppender (GrpcLogAppender.java:installSnapshot(558)) - omNode-1@group-523986131536->omNode-3-GrpcLogAppender: send omNode-1->omNode-3#0-t2,notify:(t:2, i:17)
2021-12-06 20:45:15,825 [grpc-default-executor-3] WARN  server.GrpcLogAppender (LogUtils.java:warn(122)) - omNode-1@group-523986131536->omNode-3-InstallSnapshotResponseHandler: Failed InstallSnapshot: org.apache.ratis.thirdparty.io.grpc.StatusRuntimeException: UNAVAILABLE: io exception
2021-12-06 20:45:15,825 [grpc-default-executor-3] INFO  leader.FollowerInfo (FollowerInfoImpl.java:lambda$new$0(47)) - omNode-1@group-523986131536->omNode-3: nextIndex: updateUnconditionally 0 -> 0
2021-12-06 20:45:15,826 [grpc-default-executor-3] WARN  server.GrpcLogAppender (LogUtils.java:warn(122)) - omNode-1@group-523986131536->omNode-3-AppendLogResponseHandler: Failed appendEntries: org.apache.ratis.thirdparty.io.grpc.StatusRuntimeException: UNAVAILABLE: io exception
2021-12-06 20:45:15,826 [grpc-default-executor-3] INFO  leader.FollowerInfo (FollowerInfoImpl.java:lambda$new$0(47)) - omNode-1@group-523986131536->omNode-3: nextIndex: updateUnconditionally 0 -> 0
2021-12-06 20:45:15,826 [omNode-1@group-523986131536->omNode-3-GrpcLogAppender-LogAppenderDaemon] INFO  server.GrpcLogAppender (GrpcLogAppender.java:installSnapshot(550)) - omNode-1@group-523986131536->omNode-3-GrpcLogAppender: followerNextIndex = 0 but logStartIndex = -1, notify follower to install snapshot-(t:2, i:17)
2021-12-06 20:45:15,826 [omNode-1@group-523986131536->omNode-3-GrpcLogAppender-LogAppenderDaemon] INFO  server.GrpcLogAppender (GrpcLogAppender.java:installSnapshot(558)) - omNode-1@group-523986131536->omNode-3-GrpcLogAppender: send omNode-1->omNode-3#0-t2,notify:(t:2, i:17)
2021-12-06 20:45:15,826 [grpc-default-executor-3] WARN  server.GrpcLogAppender (LogUtils.java:warn(122)) - omNode-1@group-523986131536->omNode-3-InstallSnapshotResponseHandler: Failed InstallSnapshot: org.apache.ratis.thirdparty.io.grpc.StatusRuntimeException: UNAVAILABLE: io exception
2021-12-06 20:45:15,826 [grpc-default-executor-3] INFO  leader.FollowerInfo (FollowerInfoImpl.java:lambda$new$0(47)) - omNode-1@group-523986131536->omNode-3: nextIndex: updateUnconditionally 0 -> 0
2021-12-06 20:45:15,826 [grpc-default-executor-3] WARN  server.GrpcLogAppender (LogUtils.java:warn(122)) - omNode-1@group-523986131536->omNode-3-AppendLogResponseHandler: Failed appendEntries: org.apache.ratis.thirdparty.io.grpc.StatusRuntimeException: UNAVAILABLE: io exception
2021-12-06 20:45:15,827 [grpc-default-executor-3] INFO  leader.FollowerInfo (FollowerInfoImpl.java:lambda$new$0(47)) - omNode-1@group-523986131536->omNode-3: nextIndex: updateUnconditionally 0 -> 0
2021-12-06 20:45:15,827 [omNode-1@group-523986131536->omNode-3-GrpcLogAppender-LogAppenderDaemon] INFO  server.GrpcLogAppender (GrpcLogAppender.java:installSnapshot(550)) - omNode-1@group-523986131536->omNode-3-GrpcLogAppender: followerNextIndex = 0 but logStartIndex = -1, notify follower to install snapshot-(t:2, i:17)
2021-12-06 20:45:15,827 [omNode-1@group-523986131536->omNode-3-GrpcLogAppender-LogAppenderDaemon] INFO  server.GrpcLogAppender (GrpcLogAppender.java:installSnapshot(558)) - omNode-1@group-523986131536->omNode-3-GrpcLogAppender: send omNode-1->omNode-3#0-t2,notify:(t:2, i:17)
2021-12-06 20:45:15,828 [grpc-default-executor-7] WARN  server.GrpcLogAppender (LogUtils.java:warn(122)) - omNode-1@group-523986131536->omNode-3-InstallSnapshotResponseHandler: Failed InstallSnapshot: org.apache.ratis.thirdparty.io.grpc.StatusRuntimeException: UNAVAILABLE: io exception
2021-12-06 20:45:15,828 [grpc-default-executor-7] INFO  leader.FollowerInfo (FollowerInfoImpl.java:lambda$new$0(47)) - omNode-1@group-523986131536->omNode-3: nextIndex: updateUnconditionally 0 -> 0
2021-12-06 20:45:15,828 [grpc-default-executor-7] WARN  server.GrpcLogAppender (LogUtils.java:warn(122)) - omNode-1@group-523986131536->omNode-3-AppendLogResponseHandler: Failed appendEntries: org.apache.ratis.thirdparty.io.grpc.StatusRuntimeException: UNAVAILABLE: io exception
2021-12-06 20:45:15,828 [grpc-default-executor-7] INFO  leader.FollowerInfo (FollowerInfoImpl.java:lambda$new$0(47)) - omNode-1@group-523986131536->omNode-3: nextIndex: updateUnconditionally 0 -> 0
2021-12-06 20:45:15,828 [omNode-1@group-523986131536->omNode-3-GrpcLogAppender-LogAppenderDaemon] INFO  server.GrpcLogAppender (GrpcLogAppender.java:installSnapshot(550)) - omNode-1@group-523986131536->omNode-3-GrpcLogAppender: followerNextIndex = 0 but logStartIndex = -1, notify follower to install snapshot-(t:2, i:17)
2021-12-06 20:45:15,829 [omNode-1@group-523986131536->omNode-3-GrpcLogAppender-LogAppenderDaemon] INFO  server.GrpcLogAppender (GrpcLogAppender.java:installSnapshot(558)) - omNode-1@group-523986131536->omNode-3-GrpcLogAppender: send omNode-1->omNode-3#0-t2,notify:(t:2, i:17)
2021-12-06 20:45:15,829 [grpc-default-executor-7] WARN  server.GrpcLogAppender (LogUtils.java:warn(122)) - omNode-1@group-523986131536->omNode-3-InstallSnapshotResponseHandler: Failed InstallSnapshot: org.apache.ratis.thirdparty.io.grpc.StatusRuntimeException: UNAVAILABLE: io exception
2021-12-06 20:45:15,829 [grpc-default-executor-7] INFO  leader.FollowerInfo (FollowerInfoImpl.java:lambda$new$0(47)) - omNode-1@group-523986131536->omNode-3: nextIndex: updateUnconditionally 0 -> 0
2021-12-06 20:45:15,829 [grpc-default-executor-7] WARN  server.GrpcLogAppender (LogUtils.java:warn(122)) - omNode-1@group-523986131536->omNode-3-AppendLogResponseHandler: Failed appendEntries: org.apache.ratis.thirdparty.io.grpc.StatusRuntimeException: UNAVAILABLE: io exception
2021-12-06 20:45:15,829 [grpc-default-executor-7] INFO  leader.FollowerInfo (FollowerInfoImpl.java:lambda$new$0(47)) - omNode-1@group-523986131536->omNode-3: nextIndex: updateUnconditionally 0 -> 0
2021-12-06 20:45:15,829 [omNode-1@group-523986131536->omNode-3-GrpcLogAppender-LogAppenderDaemon] INFO  server.GrpcLogAppender (GrpcLogAppender.java:installSnapshot(550)) - omNode-1@group-523986131536->omNode-3-GrpcLogAppender: followerNextIndex = 0 but logStartIndex = -1, notify follower to install snapshot-(t:2, i:17)
2021-12-06 20:45:15,829 [omNode-1@group-523986131536->omNode-3-GrpcLogAppender-LogAppenderDaemon] INFO  server.GrpcLogAppender (GrpcLogAppender.java:installSnapshot(558)) - omNode-1@group-523986131536->omNode-3-GrpcLogAppender: send omNode-1->omNode-3#0-t2,notify:(t:2, i:17)
2021-12-06 20:45:15,830 [grpc-default-executor-7] WARN  server.GrpcLogAppender (LogUtils.java:warn(122)) - omNode-1@group-523986131536->omNode-3-InstallSnapshotResponseHandler: Failed InstallSnapshot: org.apache.ratis.thirdparty.io.grpc.StatusRuntimeException: UNAVAILABLE: io exception
2021-12-06 20:45:15,830 [grpc-default-executor-7] INFO  leader.FollowerInfo (FollowerInfoImpl.java:lambda$new$0(47)) - omNode-1@group-523986131536->omNode-3: nextIndex: updateUnconditionally 0 -> 0
2021-12-06 20:45:15,830 [omNode-1@group-523986131536->omNode-3-GrpcLogAppender-LogAppenderDaemon] INFO  server.GrpcLogAppender (GrpcLogAppender.java:installSnapshot(550)) - omNode-1@group-523986131536->omNode-3-GrpcLogAppender: followerNextIndex = 0 but logStartIndex = -1, notify follower to install snapshot-(t:2, i:17)
2021-12-06 20:45:15,831 [omNode-1@group-523986131536->omNode-3-GrpcLogAppender-LogAppenderDaemon] INFO  server.GrpcLogAppender (GrpcLogAppender.java:installSnapshot(558)) - omNode-1@group-523986131536->omNode-3-GrpcLogAppender: send omNode-1->omNode-3#0-t2,notify:(t:2, i:17)
2021-12-06 20:45:15,831 [pool-177-thread-1] INFO  raftlog.RaftLog (RaftLogBase.java:lambda$new$0(53)) - omNode-3@group-523986131536-SegmentedRaftLog: commitIndex: updateToMax old=14, new=12, updated? false
2021-12-06 20:45:15,831 [pool-177-thread-1] INFO  server.RaftServerConfigKeys (ConfUtils.java:logGet(44)) - raft.server.snapshot.auto.trigger.enabled = true (custom)
2021-12-06 20:45:15,831 [pool-177-thread-1] INFO  server.RaftServerConfigKeys (ConfUtils.java:logGet(44)) - raft.server.snapshot.auto.trigger.threshold = 50 (custom)
2021-12-06 20:45:15,831 [pool-177-thread-1] INFO  server.RaftServerConfigKeys (ConfUtils.java:logGet(44)) - raft.server.snapshot.retention.file.num = -1 (default)
2021-12-06 20:45:15,831 [pool-177-thread-1] INFO  server.RaftServerConfigKeys (ConfUtils.java:logGet(44)) - raft.server.log.purge.upto.snapshot.index = true (custom)
2021-12-06 20:45:15,831 [pool-177-thread-1] INFO  server.RaftServerConfigKeys (ConfUtils.java:logGet(44)) - raft.server.retrycache.expirytime = 30000ms (custom)
2021-12-06 20:45:15,831 [pool-177-thread-1] INFO  server.RaftServerConfigKeys (ConfUtils.java:logGet(44)) - raft.server.retrycache.statistics.expirytime = 100μs (default)
2021-12-06 20:45:15,832 [Time-limited test] INFO  server.RaftServer$Division (RaftServerImpl.java:start(301)) - omNode-3@group-523986131536: start as a follower, conf=0: [omNode-3|rpc:localhost:10948|admin:|client:|dataStream:|priority:0, omNode-1|rpc:localhost:10936|admin:|client:|dataStream:|priority:0, omNode-2|rpc:localhost:10942|admin:|client:|dataStream:|priority:0], old=null
2021-12-06 20:45:15,833 [Time-limited test] INFO  server.RaftServer$Division (RaftServerImpl.java:setRole(290)) - omNode-3@group-523986131536: changes role from      null to FOLLOWER at term 2 for startAsFollower
2021-12-06 20:45:15,833 [Time-limited test] INFO  impl.RoleInfo (RoleInfo.java:updateAndGet(130)) - omNode-3: start omNode-3@group-523986131536-FollowerState
2021-12-06 20:45:15,833 [grpc-default-executor-3] WARN  server.GrpcLogAppender (LogUtils.java:warn(122)) - omNode-1@group-523986131536->omNode-3-AppendLogResponseHandler: Failed appendEntries: org.apache.ratis.thirdparty.io.grpc.StatusRuntimeException: UNAVAILABLE: io exception
2021-12-06 20:45:15,833 [grpc-default-executor-3] INFO  leader.FollowerInfo (FollowerInfoImpl.java:lambda$new$0(47)) - omNode-1@group-523986131536->omNode-3: nextIndex: updateUnconditionally 0 -> 0
2021-12-06 20:45:15,833 [grpc-default-executor-7] WARN  server.GrpcLogAppender (LogUtils.java:warn(122)) - omNode-1@group-523986131536->omNode-3-InstallSnapshotResponseHandler: Failed InstallSnapshot: org.apache.ratis.thirdparty.io.grpc.StatusRuntimeException: UNAVAILABLE: io exception
2021-12-06 20:45:15,833 [grpc-default-executor-7] INFO  leader.FollowerInfo (FollowerInfoImpl.java:lambda$new$0(47)) - omNode-1@group-523986131536->omNode-3: nextIndex: updateUnconditionally 0 -> 0
2021-12-06 20:45:15,833 [grpc-default-executor-7] WARN  server.GrpcLogAppender (LogUtils.java:warn(122)) - omNode-1@group-523986131536->omNode-3-AppendLogResponseHandler: Failed appendEntries: org.apache.ratis.thirdparty.io.grpc.StatusRuntimeException: UNAVAILABLE: io exception
2021-12-06 20:45:15,834 [grpc-default-executor-7] INFO  leader.FollowerInfo (FollowerInfoImpl.java:lambda$new$0(47)) - omNode-1@group-523986131536->omNode-3: nextIndex: updateUnconditionally 0 -> 0
2021-12-06 20:45:15,834 [omNode-1@group-523986131536->omNode-3-GrpcLogAppender-LogAppenderDaemon] INFO  server.GrpcLogAppender (GrpcLogAppender.java:installSnapshot(550)) - omNode-1@group-523986131536->omNode-3-GrpcLogAppender: followerNextIndex = 0 but logStartIndex = -1, notify follower to install snapshot-(t:2, i:17)
2021-12-06 20:45:15,834 [omNode-1@group-523986131536->omNode-3-GrpcLogAppender-LogAppenderDaemon] INFO  server.GrpcLogAppender (GrpcLogAppender.java:installSnapshot(558)) - omNode-1@group-523986131536->omNode-3-GrpcLogAppender: send omNode-1->omNode-3#0-t2,notify:(t:2, i:17)
2021-12-06 20:45:15,834 [grpc-default-executor-7] WARN  server.GrpcLogAppender (LogUtils.java:warn(122)) - omNode-1@group-523986131536->omNode-3-InstallSnapshotResponseHandler: Failed InstallSnapshot: org.apache.ratis.thirdparty.io.grpc.StatusRuntimeException: UNAVAILABLE: io exception
2021-12-06 20:45:15,834 [grpc-default-executor-7] INFO  leader.FollowerInfo (FollowerInfoImpl.java:lambda$new$0(47)) - omNode-1@group-523986131536->omNode-3: nextIndex: updateUnconditionally 0 -> 0
2021-12-06 20:45:15,834 [grpc-default-executor-7] WARN  server.GrpcLogAppender (LogUtils.java:warn(122)) - omNode-1@group-523986131536->omNode-3-AppendLogResponseHandler: Failed appendEntries: org.apache.ratis.thirdparty.io.grpc.StatusRuntimeException: UNAVAILABLE: io exception
2021-12-06 20:45:15,834 [grpc-default-executor-7] INFO  leader.FollowerInfo (FollowerInfoImpl.java:lambda$new$0(47)) - omNode-1@group-523986131536->omNode-3: nextIndex: updateUnconditionally 0 -> 0
2021-12-06 20:45:15,834 [omNode-1@group-523986131536->omNode-3-GrpcLogAppender-LogAppenderDaemon] INFO  server.GrpcLogAppender (GrpcLogAppender.java:installSnapshot(550)) - omNode-1@group-523986131536->omNode-3-GrpcLogAppender: followerNextIndex = 0 but logStartIndex = -1, notify follower to install snapshot-(t:2, i:17)
2021-12-06 20:45:15,835 [omNode-1@group-523986131536->omNode-3-GrpcLogAppender-LogAppenderDaemon] INFO  server.GrpcLogAppender (GrpcLogAppender.java:installSnapshot(558)) - omNode-1@group-523986131536->omNode-3-GrpcLogAppender: send omNode-1->omNode-3#0-t2,notify:(t:2, i:17)
2021-12-06 20:45:15,835 [grpc-default-executor-7] WARN  server.GrpcLogAppender (LogUtils.java:warn(122)) - omNode-1@group-523986131536->omNode-3-InstallSnapshotResponseHandler: Failed InstallSnapshot: org.apache.ratis.thirdparty.io.grpc.StatusRuntimeException: UNAVAILABLE: io exception
2021-12-06 20:45:15,835 [grpc-default-executor-7] INFO  leader.FollowerInfo (FollowerInfoImpl.java:lambda$new$0(47)) - omNode-1@group-523986131536->omNode-3: nextIndex: updateUnconditionally 0 -> 0
2021-12-06 20:45:15,835 [grpc-default-executor-7] WARN  server.GrpcLogAppender (LogUtils.java:warn(122)) - omNode-1@group-523986131536->omNode-3-AppendLogResponseHandler: Failed appendEntries: org.apache.ratis.thirdparty.io.grpc.StatusRuntimeException: UNAVAILABLE: io exception
2021-12-06 20:45:15,835 [grpc-default-executor-7] INFO  leader.FollowerInfo (FollowerInfoImpl.java:lambda$new$0(47)) - omNode-1@group-523986131536->omNode-3: nextIndex: updateUnconditionally 0 -> 0
2021-12-06 20:45:15,835 [omNode-1@group-523986131536->omNode-3-GrpcLogAppender-LogAppenderDaemon] INFO  server.GrpcLogAppender (GrpcLogAppender.java:installSnapshot(550)) - omNode-1@group-523986131536->omNode-3-GrpcLogAppender: followerNextIndex = 0 but logStartIndex = -1, notify follower to install snapshot-(t:2, i:17)
2021-12-06 20:45:15,836 [omNode-1@group-523986131536->omNode-3-GrpcLogAppender-LogAppenderDaemon] INFO  server.GrpcLogAppender (GrpcLogAppender.java:installSnapshot(558)) - omNode-1@group-523986131536->omNode-3-GrpcLogAppender: send omNode-1->omNode-3#0-t2,notify:(t:2, i:17)
2021-12-06 20:45:15,837 [Time-limited test] INFO  util.JmxRegister (JmxRegister.java:tryRegister(44)) - Successfully registered JMX Bean with object name Ratis:service=RaftServer,group=group-523986131536,id=omNode-3
2021-12-06 20:45:15,840 [Time-limited test] INFO  server.RaftServer (RaftServerProxy.java:lambda$start$5(374)) - omNode-3: start RPC server
2021-12-06 20:45:15,841 [grpc-default-executor-3] WARN  server.GrpcLogAppender (LogUtils.java:warn(122)) - omNode-1@group-523986131536->omNode-3-InstallSnapshotResponseHandler: Failed InstallSnapshot: org.apache.ratis.thirdparty.io.grpc.StatusRuntimeException: UNAVAILABLE: io exception
2021-12-06 20:45:15,841 [grpc-default-executor-3] INFO  leader.FollowerInfo (FollowerInfoImpl.java:lambda$new$0(47)) - omNode-1@group-523986131536->omNode-3: nextIndex: updateUnconditionally 0 -> 0
2021-12-06 20:45:15,841 [Time-limited test] INFO  server.GrpcService (GrpcService.java:startImpl(253)) - omNode-3: GrpcService started, listening on 10948
2021-12-06 20:45:15,841 [grpc-default-executor-3] WARN  server.GrpcLogAppender (LogUtils.java:warn(122)) - omNode-1@group-523986131536->omNode-3-AppendLogResponseHandler: Failed appendEntries: org.apache.ratis.thirdparty.io.grpc.StatusRuntimeException: UNAVAILABLE: io exception
2021-12-06 20:45:15,842 [grpc-default-executor-3] INFO  leader.FollowerInfo (FollowerInfoImpl.java:lambda$new$0(47)) - omNode-1@group-523986131536->omNode-3: nextIndex: updateUnconditionally 0 -> 0
2021-12-06 20:45:15,842 [omNode-1@group-523986131536->omNode-3-GrpcLogAppender-LogAppenderDaemon] INFO  server.GrpcLogAppender (GrpcLogAppender.java:installSnapshot(550)) - omNode-1@group-523986131536->omNode-3-GrpcLogAppender: followerNextIndex = 0 but logStartIndex = -1, notify follower to install snapshot-(t:2, i:17)
2021-12-06 20:45:15,842 [omNode-1@group-523986131536->omNode-3-GrpcLogAppender-LogAppenderDaemon] INFO  server.GrpcLogAppender (GrpcLogAppender.java:installSnapshot(558)) - omNode-1@group-523986131536->omNode-3-GrpcLogAppender: send omNode-1->omNode-3#0-t2,notify:(t:2, i:17)
2021-12-06 20:45:15,842 [grpc-default-executor-3] WARN  server.GrpcLogAppender (LogUtils.java:warn(122)) - omNode-1@group-523986131536->omNode-3-InstallSnapshotResponseHandler: Failed InstallSnapshot: org.apache.ratis.thirdparty.io.grpc.StatusRuntimeException: UNAVAILABLE: io exception
2021-12-06 20:45:15,842 [grpc-default-executor-3] INFO  leader.FollowerInfo (FollowerInfoImpl.java:lambda$new$0(47)) - omNode-1@group-523986131536->omNode-3: nextIndex: updateUnconditionally 0 -> 0
2021-12-06 20:45:15,842 [grpc-default-executor-3] WARN  server.GrpcLogAppender (LogUtils.java:warn(122)) - omNode-1@group-523986131536->omNode-3-AppendLogResponseHandler: Failed appendEntries: org.apache.ratis.thirdparty.io.grpc.StatusRuntimeException: UNAVAILABLE: io exception
2021-12-06 20:45:15,842 [grpc-default-executor-3] INFO  leader.FollowerInfo (FollowerInfoImpl.java:lambda$new$0(47)) - omNode-1@group-523986131536->omNode-3: nextIndex: updateUnconditionally 0 -> 0
2021-12-06 20:45:15,842 [omNode-1@group-523986131536->omNode-3-GrpcLogAppender-LogAppenderDaemon] INFO  server.GrpcLogAppender (GrpcLogAppender.java:installSnapshot(550)) - omNode-1@group-523986131536->omNode-3-GrpcLogAppender: followerNextIndex = 0 but logStartIndex = -1, notify follower to install snapshot-(t:2, i:17)
2021-12-06 20:45:15,843 [omNode-1@group-523986131536->omNode-3-GrpcLogAppender-LogAppenderDaemon] INFO  server.GrpcLogAppender (GrpcLogAppender.java:installSnapshot(558)) - omNode-1@group-523986131536->omNode-3-GrpcLogAppender: send omNode-1->omNode-3#0-t2,notify:(t:2, i:17)
2021-12-06 20:45:15,843 [grpc-default-executor-3] WARN  server.GrpcLogAppender (LogUtils.java:warn(122)) - omNode-1@group-523986131536->omNode-3-InstallSnapshotResponseHandler: Failed InstallSnapshot: org.apache.ratis.thirdparty.io.grpc.StatusRuntimeException: UNAVAILABLE: io exception
2021-12-06 20:45:15,843 [grpc-default-executor-3] INFO  leader.FollowerInfo (FollowerInfoImpl.java:lambda$new$0(47)) - omNode-1@group-523986131536->omNode-3: nextIndex: updateUnconditionally 0 -> 0
2021-12-06 20:45:15,843 [grpc-default-executor-3] WARN  server.GrpcLogAppender (LogUtils.java:warn(122)) - omNode-1@group-523986131536->omNode-3-AppendLogResponseHandler: Failed appendEntries: org.apache.ratis.thirdparty.io.grpc.StatusRuntimeException: UNAVAILABLE: io exception
2021-12-06 20:45:15,843 [grpc-default-executor-3] INFO  leader.FollowerInfo (FollowerInfoImpl.java:lambda$new$0(47)) - omNode-1@group-523986131536->omNode-3: nextIndex: updateUnconditionally 0 -> 0
2021-12-06 20:45:15,843 [omNode-1@group-523986131536->omNode-3-GrpcLogAppender-LogAppenderDaemon] INFO  server.GrpcLogAppender (GrpcLogAppender.java:installSnapshot(550)) - omNode-1@group-523986131536->omNode-3-GrpcLogAppender: followerNextIndex = 0 but logStartIndex = -1, notify follower to install snapshot-(t:2, i:17)
2021-12-06 20:45:15,843 [omNode-1@group-523986131536->omNode-3-GrpcLogAppender-LogAppenderDaemon] INFO  server.GrpcLogAppender (GrpcLogAppender.java:installSnapshot(558)) - omNode-1@group-523986131536->omNode-3-GrpcLogAppender: send omNode-1->omNode-3#0-t2,notify:(t:2, i:17)
2021-12-06 20:45:15,845 [grpc-default-executor-7] WARN  server.GrpcLogAppender (LogUtils.java:warn(122)) - omNode-1@group-523986131536->omNode-3-InstallSnapshotResponseHandler: Failed InstallSnapshot: org.apache.ratis.thirdparty.io.grpc.StatusRuntimeException: UNAVAILABLE: io exception
2021-12-06 20:45:15,845 [grpc-default-executor-7] INFO  leader.FollowerInfo (FollowerInfoImpl.java:lambda$new$0(47)) - omNode-1@group-523986131536->omNode-3: nextIndex: updateUnconditionally 0 -> 0
2021-12-06 20:45:15,846 [grpc-default-executor-7] WARN  server.GrpcLogAppender (LogUtils.java:warn(122)) - omNode-1@group-523986131536->omNode-3-AppendLogResponseHandler: Failed appendEntries: org.apache.ratis.thirdparty.io.grpc.StatusRuntimeException: UNAVAILABLE: io exception
2021-12-06 20:45:15,846 [grpc-default-executor-7] INFO  leader.FollowerInfo (FollowerInfoImpl.java:lambda$new$0(47)) - omNode-1@group-523986131536->omNode-3: nextIndex: updateUnconditionally 0 -> 0
2021-12-06 20:45:15,846 [omNode-1@group-523986131536->omNode-3-GrpcLogAppender-LogAppenderDaemon] INFO  server.GrpcLogAppender (GrpcLogAppender.java:installSnapshot(550)) - omNode-1@group-523986131536->omNode-3-GrpcLogAppender: followerNextIndex = 0 but logStartIndex = -1, notify follower to install snapshot-(t:2, i:17)
2021-12-06 20:45:15,846 [omNode-1@group-523986131536->omNode-3-GrpcLogAppender-LogAppenderDaemon] INFO  server.GrpcLogAppender (GrpcLogAppender.java:installSnapshot(558)) - omNode-1@group-523986131536->omNode-3-GrpcLogAppender: send omNode-1->omNode-3#0-t2,notify:(t:2, i:17)
2021-12-06 20:45:15,846 [grpc-default-executor-7] WARN  server.GrpcLogAppender (LogUtils.java:warn(122)) - omNode-1@group-523986131536->omNode-3-InstallSnapshotResponseHandler: Failed InstallSnapshot: org.apache.ratis.thirdparty.io.grpc.StatusRuntimeException: UNAVAILABLE: io exception
2021-12-06 20:45:15,846 [grpc-default-executor-7] INFO  leader.FollowerInfo (FollowerInfoImpl.java:lambda$new$0(47)) - omNode-1@group-523986131536->omNode-3: nextIndex: updateUnconditionally 0 -> 0
2021-12-06 20:45:15,846 [Time-limited test] INFO  ipc.CallQueueManager (CallQueueManager.java:<init>(90)) - Using callQueue: class java.util.concurrent.LinkedBlockingQueue, queueCapacity: 2000, scheduler: class org.apache.hadoop.ipc.DefaultRpcScheduler, ipcBackoff: false.
2021-12-06 20:45:15,847 [grpc-default-executor-7] WARN  server.GrpcLogAppender (LogUtils.java:warn(122)) - omNode-1@group-523986131536->omNode-3-AppendLogResponseHandler: Failed appendEntries: org.apache.ratis.thirdparty.io.grpc.StatusRuntimeException: UNAVAILABLE: io exception
2021-12-06 20:45:15,847 [grpc-default-executor-7] INFO  leader.FollowerInfo (FollowerInfoImpl.java:lambda$new$0(47)) - omNode-1@group-523986131536->omNode-3: nextIndex: updateUnconditionally 0 -> 0
2021-12-06 20:45:15,847 [omNode-1@group-523986131536->omNode-3-GrpcLogAppender-LogAppenderDaemon] INFO  server.GrpcLogAppender (GrpcLogAppender.java:installSnapshot(550)) - omNode-1@group-523986131536->omNode-3-GrpcLogAppender: followerNextIndex = 0 but logStartIndex = -1, notify follower to install snapshot-(t:2, i:17)
2021-12-06 20:45:15,847 [omNode-1@group-523986131536->omNode-3-GrpcLogAppender-LogAppenderDaemon] INFO  server.GrpcLogAppender (GrpcLogAppender.java:installSnapshot(558)) - omNode-1@group-523986131536->omNode-3-GrpcLogAppender: send omNode-1->omNode-3#0-t2,notify:(t:2, i:17)
2021-12-06 20:45:15,847 [grpc-default-executor-7] WARN  server.GrpcLogAppender (LogUtils.java:warn(122)) - omNode-1@group-523986131536->omNode-3-InstallSnapshotResponseHandler: Failed InstallSnapshot: org.apache.ratis.thirdparty.io.grpc.StatusRuntimeException: UNAVAILABLE: io exception
2021-12-06 20:45:15,847 [grpc-default-executor-7] INFO  leader.FollowerInfo (FollowerInfoImpl.java:lambda$new$0(47)) - omNode-1@group-523986131536->omNode-3: nextIndex: updateUnconditionally 0 -> 0
2021-12-06 20:45:15,847 [grpc-default-executor-7] WARN  server.GrpcLogAppender (LogUtils.java:warn(122)) - omNode-1@group-523986131536->omNode-3-AppendLogResponseHandler: Failed appendEntries: org.apache.ratis.thirdparty.io.grpc.StatusRuntimeException: UNAVAILABLE: io exception
2021-12-06 20:45:15,847 [grpc-default-executor-7] INFO  leader.FollowerInfo (FollowerInfoImpl.java:lambda$new$0(47)) - omNode-1@group-523986131536->omNode-3: nextIndex: updateUnconditionally 0 -> 0
2021-12-06 20:45:15,847 [omNode-1@group-523986131536->omNode-3-GrpcLogAppender-LogAppenderDaemon] INFO  server.GrpcLogAppender (GrpcLogAppender.java:installSnapshot(550)) - omNode-1@group-523986131536->omNode-3-GrpcLogAppender: followerNextIndex = 0 but logStartIndex = -1, notify follower to install snapshot-(t:2, i:17)
2021-12-06 20:45:15,848 [omNode-1@group-523986131536->omNode-3-GrpcLogAppender-LogAppenderDaemon] INFO  server.GrpcLogAppender (GrpcLogAppender.java:installSnapshot(558)) - omNode-1@group-523986131536->omNode-3-GrpcLogAppender: send omNode-1->omNode-3#0-t2,notify:(t:2, i:17)
2021-12-06 20:45:15,849 [Socket Reader #1 for port 10944] INFO  ipc.Server (Server.java:run(1265)) - Starting Socket Reader #1 for port 10944
2021-12-06 20:45:15,857 [org.apache.ratis.util.JvmPauseMonitor$$Lambda$525/847224871@48fb68a0] INFO  util.JvmPauseMonitor (JvmPauseMonitor.java:run(103)) - JvmPauseMonitor-omNode-3: Started
2021-12-06 20:45:15,857 [Listener at localhost/10944] INFO  http.BaseHttpServer (BaseHttpServer.java:newHttpServer2BuilderForOzone(209)) - Starting Web-server for ozoneManager at: http://0.0.0.0:10946
2021-12-06 20:45:15,857 [Listener at localhost/10944] INFO  http.BaseHttpServer (BaseHttpServer.java:<init>(107)) - Hadoop Security Enabled: false Ozone Security Enabled: false Ozone HTTP Security Enabled: false 
2021-12-06 20:45:15,858 [Listener at localhost/10944] INFO  server.AuthenticationFilter (AuthenticationFilter.java:constructSecretProvider(240)) - Unable to initialize FileSignerSecretProvider, falling back to use random secrets.
2021-12-06 20:45:15,859 [Listener at localhost/10944] WARN  http.HttpRequestLog (HttpRequestLog.java:getRequestLog(103)) - Jetty request log can only be enabled using Log4j
2021-12-06 20:45:15,859 [Listener at localhost/10944] INFO  http.HttpServer2 (HttpServer2.java:addGlobalFilter(1030)) - Added global filter 'safety' (class=org.apache.hadoop.hdds.server.http.HttpServer2$QuotingInputFilter)
2021-12-06 20:45:15,860 [Listener at localhost/10944] INFO  http.HttpServer2 (HttpServer2.java:addFilter(1006)) - Added filter static_user_filter (class=org.apache.hadoop.http.lib.StaticUserWebFilter$StaticUserFilter) to context ozoneManager
2021-12-06 20:45:15,860 [Listener at localhost/10944] INFO  http.HttpServer2 (HttpServer2.java:addFilter(1014)) - Added filter static_user_filter (class=org.apache.hadoop.http.lib.StaticUserWebFilter$StaticUserFilter) to context logs
2021-12-06 20:45:15,860 [Listener at localhost/10944] INFO  http.HttpServer2 (HttpServer2.java:addFilter(1014)) - Added filter static_user_filter (class=org.apache.hadoop.http.lib.StaticUserWebFilter$StaticUserFilter) to context static
2021-12-06 20:45:15,861 [Listener at localhost/10944] INFO  http.HttpServer2 (HttpServer2.java:bindListener(1249)) - Jetty bound to port 10946
2021-12-06 20:45:15,861 [Listener at localhost/10944] INFO  server.Server (Server.java:doStart(375)) - jetty-9.4.43.v20210629; built: 2021-06-30T11:07:22.254Z; git: 526006ecfa3af7f1a27ef3a288e2bef7ea9dd7e8; jvm 1.8.0_292-b10
2021-12-06 20:45:15,863 [Listener at localhost/10944] INFO  server.session (DefaultSessionIdManager.java:doStart(334)) - DefaultSessionIdManager workerName=node0
2021-12-06 20:45:15,863 [Listener at localhost/10944] INFO  server.session (DefaultSessionIdManager.java:doStart(339)) - No SessionScavenger set, using defaults
2021-12-06 20:45:15,863 [Listener at localhost/10944] INFO  server.session (HouseKeeper.java:startScavenging(132)) - node0 Scavenging every 600000ms
2021-12-06 20:45:15,864 [Listener at localhost/10944] INFO  handler.ContextHandler (ContextHandler.java:doStart(915)) - Started o.e.j.s.ServletContextHandler@3ef26541{logs,/logs,file:///home/runner/work/ozone/ozone/hadoop-ozone/integration-test/target/log,AVAILABLE}
2021-12-06 20:45:15,864 [Listener at localhost/10944] INFO  handler.ContextHandler (ContextHandler.java:doStart(915)) - Started o.e.j.s.ServletContextHandler@431669ed{static,/static,file:///home/runner/work/ozone/ozone/hadoop-ozone/integration-test/target/test-classes/webapps/static,AVAILABLE}
2021-12-06 20:45:15,880 [Listener at localhost/10944] INFO  handler.ContextHandler (ContextHandler.java:doStart(915)) - Started o.e.j.w.WebAppContext@2acb5c7b{ozoneManager,/,file:///home/runner/work/ozone/ozone/hadoop-ozone/integration-test/target/test-classes/webapps/ozoneManager/,AVAILABLE}{file:/home/runner/work/ozone/ozone/hadoop-ozone/integration-test/target/test-classes/webapps/ozoneManager}
2021-12-06 20:45:15,880 [grpc-default-executor-7] INFO  server.RaftServer$Division (RaftServerImpl.java:installSnapshot(1332)) - omNode-3@group-523986131536: receive installSnapshot: omNode-1->omNode-3#0-t2,notify:(t:2, i:17)
2021-12-06 20:45:15,881 [grpc-default-executor-7] INFO  server.RaftServer$Division (ServerState.java:setLeader(285)) - omNode-3@group-523986131536: change Leader from null to omNode-1 at term 2 for installSnapshot, leader elected after 107ms
2021-12-06 20:45:15,881 [grpc-default-executor-7] INFO  server.RaftServer$Division (RaftServerImpl.java:notifyStateMachineToInstallSnapshot(1551)) - omNode-3@group-523986131536: Received notification to install snapshot at index 17
2021-12-06 20:45:15,888 [grpc-default-executor-7] INFO  server.RaftServer$Division (RaftServerImpl.java:notifyStateMachineToInstallSnapshot(1582)) - omNode-3@group-523986131536: notifyInstallSnapshot: nextIndex is 17 but the leader's first available index is 17.
2021-12-06 20:45:15,889 [Listener at localhost/10944] INFO  server.AbstractConnector (AbstractConnector.java:doStart(331)) - Started ServerConnector@1f0a3ba2{HTTP/1.1, (http/1.1)}{0.0.0.0:10946}
2021-12-06 20:45:15,889 [Listener at localhost/10944] INFO  server.Server (Server.java:doStart(415)) - Started @148190ms
2021-12-06 20:45:15,889 [Listener at localhost/10944] WARN  impl.MetricsSystemImpl (MetricsSystemImpl.java:register(279)) - Sink prometheus already exists!
2021-12-06 20:45:15,889 [grpc-default-executor-7] INFO  ratis.OzoneManagerStateMachine (OzoneManagerStateMachine.java:notifyInstallSnapshotFromLeader(446)) - Received install snapshot notification from OM leader: omNode-1 with term index: (t:2, i:17)
2021-12-06 20:45:15,890 [Listener at localhost/10944] INFO  http.BaseHttpServer (BaseHttpServer.java:updateConnectorAddress(329)) - HTTP server of ozoneManager listening at http://0.0.0.0:10946
2021-12-06 20:45:15,891 [IPC Server Responder] INFO  ipc.Server (Server.java:run(1507)) - IPC Server Responder: starting
2021-12-06 20:45:15,894 [IPC Server listener on 10944] INFO  ipc.Server (Server.java:run(1344)) - IPC Server listener on 10944: starting
2021-12-06 20:45:15,897 [Listener at localhost/10944] INFO  om.OzoneManager (OzoneManager.java:startTrashEmptier(1734)) - Trash Interval set to 0. Files deleted will not move to trash
2021-12-06 20:45:15,897 [Listener at localhost/10944] INFO  om.OzoneManager (OzoneManager.java:stop(1835)) - omNode-1[localhost:10932]: Stopping Ozone Manager
2021-12-06 20:45:15,898 [org.apache.hadoop.util.JvmPauseMonitor$Monitor@5cda77] INFO  util.JvmPauseMonitor (JvmPauseMonitor.java:run(188)) - Starting JVM pause monitor
2021-12-06 20:45:15,906 [Listener at localhost/10944] INFO  ipc.Server (Server.java:stop(3414)) - Stopping server on 10932
2021-12-06 20:45:15,907 [pool-176-thread-1] INFO  om.OzoneManager (OzoneManager.java:getDBCheckpointFromLeader(3218)) - Downloading checkpoint from leader OM omNode-1 and reloading state from the checkpoint.
2021-12-06 20:45:15,907 [pool-176-thread-1] INFO  snapshot.OzoneManagerSnapshotProvider (OzoneManagerSnapshotProvider.java:getOzoneManagerDBSnapshot(122)) - Downloading latest checkpoint from Leader OM omNode-1. Checkpoint URL: http://127.0.0.1:10934/dbCheckpoint?flushBeforeCheckpoint=true
2021-12-06 20:45:15,909 [IPC Server listener on 10932] INFO  ipc.Server (Server.java:run(1376)) - Stopping IPC Server listener on 10932
2021-12-06 20:45:15,910 [IPC Server Responder] INFO  ipc.Server (Server.java:run(1512)) - Stopping IPC Server Responder
2021-12-06 20:45:15,919 [Listener at localhost/10944] INFO  server.RaftServer (RaftServerProxy.java:lambda$close$6(391)) - omNode-1: close
2021-12-06 20:45:15,934 [Listener at localhost/10944] INFO  server.RaftServer$Division (RaftServerImpl.java:lambda$close$4(412)) - omNode-1@group-523986131536: shutdown
2021-12-06 20:45:15,934 [Listener at localhost/10944] INFO  util.JmxRegister (JmxRegister.java:unregister(73)) - Successfully un-registered JMX Bean with object name Ratis:service=RaftServer,group=group-523986131536,id=omNode-1
2021-12-06 20:45:15,934 [Listener at localhost/10944] INFO  impl.RoleInfo (RoleInfo.java:shutdownLeaderState(91)) - omNode-1: shutdown omNode-1@group-523986131536-LeaderStateImpl
2021-12-06 20:45:15,935 [Listener at localhost/10944] INFO  impl.PendingRequests (PendingRequests.java:sendNotLeaderResponses(282)) - omNode-1@group-523986131536-PendingRequests: sendNotLeaderResponses
2021-12-06 20:45:15,935 [omNode-1@group-523986131536->omNode-2-GrpcLogAppender-LogAppenderDaemon] WARN  server.GrpcLogAppender (GrpcLogAppender.java:mayWait(177)) - omNode-1@group-523986131536->omNode-2-GrpcLogAppender: Wait interrupted by java.lang.InterruptedException
2021-12-06 20:45:15,936 [grpc-default-executor-3] INFO  server.GrpcServerProtocolService (GrpcServerProtocolService.java:onCompleted(140)) - omNode-2: Completed APPEND_ENTRIES, lastRequest: omNode-1->omNode-2#143-t2,previous=(t:2, i:15),leaderCommit=14,initializing? true,entries: size=1, first=(t:2, i:16), METADATAENTRY(c:12)
2021-12-06 20:45:15,936 [grpc-default-executor-6] INFO  server.GrpcServerProtocolService (GrpcServerProtocolService.java:onCompleted(140)) - omNode-3: Completed APPEND_ENTRIES, lastRequest: null
2021-12-06 20:45:15,946 [Listener at localhost/10944] INFO  impl.StateMachineUpdater (StateMachineUpdater.java:stopAndJoin(149)) - omNode-1@group-523986131536-StateMachineUpdater: set stopIndex = 16
2021-12-06 20:45:15,946 [omNode-1@group-523986131536-StateMachineUpdater] INFO  ratis.OzoneManagerStateMachine (OzoneManagerStateMachine.java:takeSnapshot(417)) - Current Snapshot Index (t:2, i:16)
2021-12-06 20:45:15,946 [omNode-1@group-523986131536-StateMachineUpdater] INFO  impl.StateMachineUpdater (StateMachineUpdater.java:takeSnapshot(281)) - omNode-1@group-523986131536-StateMachineUpdater: Took a snapshot at index 16
2021-12-06 20:45:15,946 [omNode-1@group-523986131536-StateMachineUpdater] INFO  impl.StateMachineUpdater (StateMachineUpdater.java:lambda$new$0(89)) - omNode-1@group-523986131536-StateMachineUpdater: snapshotIndex: updateIncreasingly -1 -> 16
2021-12-06 20:45:15,946 [omNode-1@group-523986131536-StateMachineUpdater] INFO  ratis.OzoneManagerStateMachine (OzoneManagerStateMachine.java:close(471)) - StateMachine has shutdown. Shutdown OzoneManager if not already shutdown.
2021-12-06 20:45:15,948 [Listener at localhost/10944] INFO  server.RaftServer$Division (ServerState.java:close(419)) - omNode-1@group-523986131536: closes. applyIndex: 16
2021-12-06 20:45:15,948 [omNode-1@group-523986131536-SegmentedRaftLogWorker] INFO  segmented.SegmentedRaftLogWorker (SegmentedRaftLogWorker.java:run(327)) - omNode-1@group-523986131536-SegmentedRaftLogWorker was interrupted, exiting. There are 0 tasks remaining in the queue.
2021-12-06 20:45:15,949 [Listener at localhost/10944] INFO  segmented.SegmentedRaftLogWorker (SegmentedRaftLogWorker.java:close(237)) - omNode-1@group-523986131536-SegmentedRaftLogWorker close()
2021-12-06 20:45:15,955 [grpc-default-executor-4] INFO  server.GrpcLogAppender (GrpcLogAppender.java:onCompleted(346)) - omNode-1@group-523986131536->omNode-2-AppendLogResponseHandler: follower responses appendEntries COMPLETED
2021-12-06 20:45:15,956 [grpc-default-executor-4] INFO  leader.FollowerInfo (FollowerInfoImpl.java:lambda$new$0(47)) - omNode-1@group-523986131536->omNode-2: nextIndex: updateUnconditionally 17 -> 16
2021-12-06 20:45:15,956 [grpc-default-executor-6] INFO  server.GrpcLogAppender (GrpcLogAppender.java:onCompleted(346)) - omNode-1@group-523986131536->omNode-3-AppendLogResponseHandler: follower responses appendEntries COMPLETED
2021-12-06 20:45:15,956 [grpc-default-executor-6] INFO  leader.FollowerInfo (FollowerInfoImpl.java:lambda$new$0(47)) - omNode-1@group-523986131536->omNode-3: nextIndex: updateUnconditionally 0 -> 0
2021-12-06 20:45:15,957 [Listener at localhost/10944] INFO  server.GrpcService (GrpcService.java:closeImpl(262)) - omNode-1: shutdown server with port 10936 now
2021-12-06 20:45:16,027 [qtp529954992-133] INFO  utils.DBCheckpointServlet (DBCheckpointServlet.java:doGet(110)) - Received request to obtain DB checkpoint snapshot
2021-12-06 20:45:16,045 [qtp529954992-133] INFO  db.RDBCheckpointManager (RDBCheckpointManager.java:createCheckpoint(86)) - Created checkpoint at /home/runner/work/ozone/ozone/hadoop-ozone/integration-test/target/test-dir/MiniOzoneClusterImpl-1f2ada2d-a189-4e3f-a934-1db8589ac524/omNode-1/db.checkpoints/om.db_checkpoint_1638823516031 in 14 milliseconds
2021-12-06 20:45:16,093 [qtp529954992-133] INFO  utils.DBCheckpointServlet (DBCheckpointServlet.java:doGet(183)) - Time taken to write the checkpoint to response output stream: 46 milliseconds
2021-12-06 20:45:16,093 [qtp529954992-133] INFO  db.RocksDBCheckpoint (RocksDBCheckpoint.java:cleanupCheckpoint(78)) - Cleaning up RocksDB checkpoint at /home/runner/work/ozone/ozone/hadoop-ozone/integration-test/target/test-dir/MiniOzoneClusterImpl-1f2ada2d-a189-4e3f-a934-1db8589ac524/omNode-1/db.checkpoints/om.db_checkpoint_1638823516031
2021-12-06 20:45:16,118 [pool-176-thread-1] INFO  snapshot.OzoneManagerSnapshotProvider (OzoneManagerSnapshotProvider.java:getOzoneManagerDBSnapshot(147)) - Successfully downloaded latest checkpoint from leader OM: omNode-1
2021-12-06 20:45:16,119 [pool-176-thread-1] INFO  om.OzoneManager (OzoneManager.java:installSnapshotFromLeader(3093)) - Downloaded checkpoint from Leader omNode-1 to the location /home/runner/work/ozone/ozone/hadoop-ozone/integration-test/target/test-dir/MiniOzoneClusterImpl-1f2ada2d-a189-4e3f-a934-1db8589ac524/omNode-3/snapshot/om.db-omNode-1-1638823515907
2021-12-06 20:45:16,120 [pool-176-thread-1] INFO  codec.RepeatedOmKeyInfoCodec (RepeatedOmKeyInfoCodec.java:<init>(42)) - RepeatedOmKeyInfoCodec ignorePipeline = true
2021-12-06 20:45:16,120 [pool-176-thread-1] INFO  codec.OmKeyInfoCodec (OmKeyInfoCodec.java:<init>(50)) - OmKeyInfoCodec ignorePipeline = true
2021-12-06 20:45:16,120 [pool-176-thread-1] INFO  codec.OmKeyInfoCodec (OmKeyInfoCodec.java:<init>(50)) - OmKeyInfoCodec ignorePipeline = true
2021-12-06 20:45:16,120 [pool-176-thread-1] INFO  codec.OmKeyInfoCodec (OmKeyInfoCodec.java:<init>(50)) - OmKeyInfoCodec ignorePipeline = true
2021-12-06 20:45:16,120 [pool-176-thread-1] INFO  codec.OmKeyInfoCodec (OmKeyInfoCodec.java:<init>(50)) - OmKeyInfoCodec ignorePipeline = true
2021-12-06 20:45:16,120 [pool-176-thread-1] INFO  codec.OmKeyInfoCodec (OmKeyInfoCodec.java:<init>(50)) - OmKeyInfoCodec ignorePipeline = true
2021-12-06 20:45:16,160 [pool-176-thread-1] INFO  om.OzoneManager (OzoneManager.java:installCheckpoint(3118)) - Installing checkpoint with OMTransactionInfo 2#16
2021-12-06 20:45:16,161 [pool-176-thread-1] INFO  ratis.OzoneManagerDoubleBuffer (OzoneManagerDoubleBuffer.java:stop(437)) - Stopping OMDoubleBuffer flush thread
2021-12-06 20:45:16,162 [OMDoubleBufferFlushThread] INFO  ratis.OzoneManagerDoubleBuffer (OzoneManagerDoubleBuffer.java:flushTransactions(356)) - OMDoubleBuffer flush thread OMDoubleBufferFlushThread is interrupted and will exit. OMDoubleBufferFlushThread
2021-12-06 20:45:16,162 [pool-176-thread-1] INFO  om.OzoneManager (OzoneManager.java:installCheckpoint(3164)) - Replaced DB with checkpoint from OM: omNode-1, term: 2, index: 16
2021-12-06 20:45:16,163 [pool-176-thread-1] WARN  server.ServerUtils (ServerUtils.java:getDBPath(225)) - ozone.om.db.dirs is not configured. We recommend adding this setting. Falling back to ozone.metadata.dirs instead.
2021-12-06 20:45:16,164 [pool-176-thread-1] INFO  codec.OmKeyInfoCodec (OmKeyInfoCodec.java:<init>(50)) - OmKeyInfoCodec ignorePipeline = true
2021-12-06 20:45:16,164 [pool-176-thread-1] INFO  codec.RepeatedOmKeyInfoCodec (RepeatedOmKeyInfoCodec.java:<init>(42)) - RepeatedOmKeyInfoCodec ignorePipeline = true
2021-12-06 20:45:16,199 [pool-176-thread-1] INFO  om.OzoneManagerPrepareState (OzoneManagerPrepareState.java:writePrepareMarkerFile(262)) - Prepare marker file written with log index 12 to file /home/runner/work/ozone/ozone/hadoop-ozone/integration-test/target/test-dir/MiniOzoneClusterImpl-1f2ada2d-a189-4e3f-a934-1db8589ac524/omNode-3/current/prepareMarker
2021-12-06 20:45:16,200 [pool-176-thread-1] INFO  om.OzoneManager (OzoneManager.java:startTrashEmptier(1734)) - Trash Interval set to 0. Files deleted will not move to trash
2021-12-06 20:45:16,201 [pool-176-thread-1] INFO  om.OzoneManager (OzoneManager.java:installCheckpoint(3182)) - Reloaded OM state with Term: 2 and Index: 16
2021-12-06 20:45:16,205 [pool-176-thread-1] INFO  server.RaftServer$Division (RaftServerImpl.java:lambda$notifyStateMachineToInstallSnapshot$30(1595)) - omNode-3@group-523986131536: StateMachine successfully installed snapshot index 16. Reloading the StateMachine.
2021-12-06 20:45:16,205 [pool-176-thread-1] INFO  ratis.OzoneManagerDoubleBuffer (OzoneManagerDoubleBuffer.java:stop(437)) - Stopping OMDoubleBuffer flush thread
2021-12-06 20:45:16,206 [pool-176-thread-1] INFO  segmented.SegmentedRaftLogWorker (SegmentedRaftLogWorker.java:lambda$new$0(133)) - omNode-3@group-523986131536-SegmentedRaftLogWorker: flushIndex: setUnconditionally 16 -> 16
2021-12-06 20:45:16,206 [pool-176-thread-1] INFO  segmented.SegmentedRaftLogWorker (SegmentedRaftLogWorker.java:lambda$new$0(133)) - omNode-3@group-523986131536-SegmentedRaftLogWorker: safeCacheEvictIndex: setUnconditionally -1 -> 16
2021-12-06 20:45:16,206 [pool-176-thread-1] INFO  segmented.SegmentedRaftLogWorker (SegmentedRaftLogWorker.java:closeLogSegment(415)) - omNode-3@group-523986131536-SegmentedRaftLogWorker: Closing segment log_inprogress_0 to index: 16
2021-12-06 20:45:16,207 [omNode-3@group-523986131536-SegmentedRaftLogWorker] INFO  segmented.SegmentedRaftLogWorker (SegmentedRaftLogWorker.java:execute(558)) - omNode-3@group-523986131536-SegmentedRaftLogWorker: Rolled log segment from /home/runner/work/ozone/ozone/hadoop-ozone/integration-test/target/test-dir/MiniOzoneClusterImpl-1f2ada2d-a189-4e3f-a934-1db8589ac524/omNode-3/ratis/c9bc4cf4-3bc3-3c60-a66b-523986131536/current/log_inprogress_0 to /home/runner/work/ozone/ozone/hadoop-ozone/integration-test/target/test-dir/MiniOzoneClusterImpl-1f2ada2d-a189-4e3f-a934-1db8589ac524/omNode-3/ratis/c9bc4cf4-3bc3-3c60-a66b-523986131536/current/log_0-16
2021-12-06 20:45:16,208 [pool-176-thread-1] INFO  raftlog.RaftLog (RaftLogBase.java:lambda$new$0(53)) - omNode-3@group-523986131536-SegmentedRaftLog: snapshotIndex: updateIncreasingly 14 -> 16
2021-12-06 20:45:16,208 [grpc-default-executor-7] INFO  server.RaftServer$Division (RaftServerImpl.java:notifyStateMachineToInstallSnapshot(1638)) - omNode-3@group-523986131536: InstallSnapshot notification result: SNAPSHOT_INSTALLED, at index: 16
2021-12-06 20:45:16,209 [omNode-3@group-523986131536-StateMachineUpdater] INFO  ratis.OzoneManagerStateMachine (OzoneManagerStateMachine.java:loadSnapshotInfoFromDB(605)) - LastAppliedIndex is set from TransactionInfo from OM DB as (t:2, i:16)
2021-12-06 20:45:16,217 [omNode-3@group-523986131536-StateMachineUpdater] INFO  impl.StateMachineUpdater (StateMachineUpdater.java:lambda$new$0(89)) - omNode-3@group-523986131536-StateMachineUpdater: snapshotIndex: setUnconditionally 14 -> 16
2021-12-06 20:45:16,217 [omNode-3@group-523986131536-StateMachineUpdater] INFO  impl.StateMachineUpdater (StateMachineUpdater.java:lambda$new$0(89)) - omNode-3@group-523986131536-StateMachineUpdater: appliedIndex: setUnconditionally 14 -> 16
2021-12-06 20:45:16,223 [grpc-default-executor-7] INFO  server.RaftServer$Division (RaftServerImpl.java:installSnapshotImpl(1462)) - omNode-3@group-523986131536: set new configuration configurationEntry {
  peers {
    id: "omNode-3"
    address: "localhost:10948"
  }
  peers {
    id: "omNode-1"
    address: "localhost:10936"
  }
  peers {
    id: "omNode-2"
    address: "localhost:10942"
  }
}
 from snapshot
2021-12-06 20:45:16,224 [grpc-default-executor-7] INFO  server.RaftServer$Division (ServerState.java:setRaftConf(387)) - omNode-3@group-523986131536: set configuration 0: [omNode-3|rpc:localhost:10948|admin:|client:|dataStream:|priority:0, omNode-1|rpc:localhost:10936|admin:|client:|dataStream:|priority:0, omNode-2|rpc:localhost:10942|admin:|client:|dataStream:|priority:0], old=null
2021-12-06 20:45:16,224 [grpc-default-executor-7] INFO  ratis.OzoneManagerStateMachine (OzoneManagerStateMachine.java:notifyConfigurationChanged(188)) - Received Configuration change notification from Ratis. New Peer list:
[id: "omNode-3"
address: "localhost:10948"
, id: "omNode-1"
address: "localhost:10936"
, id: "omNode-2"
address: "localhost:10942"
]
2021-12-06 20:45:16,224 [grpc-default-executor-7] INFO  server.RaftServer$Division (RaftServerImpl.java:installSnapshot(1343)) - omNode-3@group-523986131536: reply installSnapshot: omNode-1<-omNode-3#0:FAIL-t2,SNAPSHOT_INSTALLED,snapshotIndex=16
2021-12-06 20:45:16,226 [grpc-default-executor-3] INFO  server.GrpcLogAppender (GrpcLogAppender.java:onNext(410)) - omNode-1@group-523986131536->omNode-3-InstallSnapshotResponseHandler: received the first reply omNode-1<-omNode-3#0:FAIL-t2,SNAPSHOT_INSTALLED,snapshotIndex=16
2021-12-06 20:45:16,226 [grpc-default-executor-7] INFO  server.GrpcServerProtocolService (GrpcServerProtocolService.java:onCompleted(140)) - omNode-3: Completed INSTALL_SNAPSHOT, lastRequest: omNode-1->omNode-3#0-t2,notify:(t:2, i:17)
2021-12-06 20:45:16,226 [grpc-default-executor-3] INFO  server.GrpcLogAppender (GrpcLogAppender.java:onNext(450)) - omNode-1@group-523986131536->omNode-3-InstallSnapshotResponseHandler: Follower installed snapshot at index 16
2021-12-06 20:45:16,226 [grpc-default-executor-3] INFO  leader.FollowerInfo (FollowerInfoImpl.java:lambda$new$0(47)) - omNode-1@group-523986131536->omNode-3: snapshotIndex: setUnconditionally 0 -> 16
2021-12-06 20:45:16,226 [grpc-default-executor-3] INFO  leader.FollowerInfo (FollowerInfoImpl.java:lambda$new$0(47)) - omNode-1@group-523986131536->omNode-3: matchIndex: setUnconditionally 16 -> 16
2021-12-06 20:45:16,226 [grpc-default-executor-3] INFO  leader.FollowerInfo (FollowerInfoImpl.java:lambda$new$0(47)) - omNode-1@group-523986131536->omNode-3: nextIndex: setUnconditionally 0 -> 17
2021-12-06 20:45:16,226 [grpc-default-executor-3] INFO  leader.FollowerInfo (FollowerInfoImpl.java:setAttemptedToInstallSnapshot(116)) - Follower omNode-1@group-523986131536->omNode-3 acknowledged installing snapshot
2021-12-06 20:45:16,226 [grpc-default-executor-3] INFO  leader.FollowerInfo (FollowerInfoImpl.java:lambda$new$0(47)) - omNode-1@group-523986131536->omNode-3: nextIndex: updateToMax old=17, new=17, updated? false
2021-12-06 20:45:16,230 [Listener at localhost/10944] INFO  server.GrpcService (GrpcService.java:closeImpl(271)) - omNode-1: shutdown server with port 10936 successfully
2021-12-06 20:45:16,231 [org.apache.ratis.util.JvmPauseMonitor$$Lambda$525/847224871@290db92f] INFO  util.JvmPauseMonitor (JvmPauseMonitor.java:run(109)) - JvmPauseMonitor-omNode-1: Stopped
2021-12-06 20:45:16,231 [Listener at localhost/10944] INFO  ratis.OzoneManagerDoubleBuffer (OzoneManagerDoubleBuffer.java:stop(437)) - Stopping OMDoubleBuffer flush thread
2021-12-06 20:45:16,231 [OMDoubleBufferFlushThread] INFO  ratis.OzoneManagerDoubleBuffer (OzoneManagerDoubleBuffer.java:flushTransactions(356)) - OMDoubleBuffer flush thread OMDoubleBufferFlushThread is interrupted and will exit. OMDoubleBufferFlushThread
2021-12-06 20:45:16,232 [Listener at localhost/10944] INFO  utils.BackgroundService (BackgroundService.java:shutdown(132)) - Shutting down service KeyDeletingService
2021-12-06 20:45:16,232 [Listener at localhost/10944] INFO  utils.BackgroundService (BackgroundService.java:shutdown(132)) - Shutting down service DirectoryDeletingService
2021-12-06 20:45:16,234 [Listener at localhost/10944] INFO  handler.ContextHandler (ContextHandler.java:doStop(1153)) - Stopped o.e.j.w.WebAppContext@7d5caf3{ozoneManager,/,null,STOPPED}{file:/home/runner/work/ozone/ozone/hadoop-ozone/integration-test/target/test-classes/webapps/ozoneManager}
2021-12-06 20:45:16,236 [Listener at localhost/10944] INFO  server.AbstractConnector (AbstractConnector.java:doStop(381)) - Stopped ServerConnector@7834d8ec{HTTP/1.1, (http/1.1)}{0.0.0.0:10934}
2021-12-06 20:45:16,236 [Listener at localhost/10944] INFO  server.session (HouseKeeper.java:stopScavenging(149)) - node0 Stopped scavenging
2021-12-06 20:45:16,237 [Listener at localhost/10944] INFO  handler.ContextHandler (ContextHandler.java:doStop(1153)) - Stopped o.e.j.s.ServletContextHandler@5e7026b9{static,/static,file:///home/runner/work/ozone/ozone/hadoop-ozone/integration-test/target/test-classes/webapps/static,STOPPED}
2021-12-06 20:45:16,238 [Listener at localhost/10944] INFO  handler.ContextHandler (ContextHandler.java:doStop(1153)) - Stopped o.e.j.s.ServletContextHandler@6e0d619b{logs,/logs,file:///home/runner/work/ozone/ozone/hadoop-ozone/integration-test/target/log,STOPPED}
2021-12-06 20:45:16,241 [Listener at localhost/10944] INFO  om.OzoneManager (OzoneManager.java:initFSOLayout(3848)) - Configured ozone.om.metadata.layout=SIMPLE and disabled optimized OM FS operations
2021-12-06 20:45:16,241 [Listener at localhost/10944] INFO  om.OzoneManager (OzoneManager.java:restart(1457)) - OzoneManager RPC server is listening at localhost/127.0.0.1:10932
2021-12-06 20:45:16,241 [Listener at localhost/10944] INFO  impl.MetricsSystemImpl (MetricsSystemImpl.java:init(158)) - OzoneManager metrics system started (again)
2021-12-06 20:45:16,261 [Listener at localhost/10944] WARN  server.ServerUtils (ServerUtils.java:getDBPath(225)) - ozone.om.db.dirs is not configured. We recommend adding this setting. Falling back to ozone.metadata.dirs instead.
2021-12-06 20:45:16,262 [Listener at localhost/10944] INFO  codec.OmKeyInfoCodec (OmKeyInfoCodec.java:<init>(50)) - OmKeyInfoCodec ignorePipeline = true
2021-12-06 20:45:16,262 [Listener at localhost/10944] INFO  codec.RepeatedOmKeyInfoCodec (RepeatedOmKeyInfoCodec.java:<init>(42)) - RepeatedOmKeyInfoCodec ignorePipeline = true
2021-12-06 20:45:16,297 [Listener at localhost/10944] WARN  om.OzoneManager (OzoneManager.java:instantiatePrepareStateOnStartup(3756)) - Prepare marker file index 16 does not match DB prepare index 12. Writing DB index to prepare file and maintaining prepared state.
2021-12-06 20:45:16,298 [Listener at localhost/10944] INFO  om.OzoneManagerPrepareState (OzoneManagerPrepareState.java:writePrepareMarkerFile(262)) - Prepare marker file written with log index 12 to file /home/runner/work/ozone/ozone/hadoop-ozone/integration-test/target/test-dir/MiniOzoneClusterImpl-1f2ada2d-a189-4e3f-a934-1db8589ac524/omNode-1/current/prepareMarker
2021-12-06 20:45:16,298 [Listener at localhost/10944] WARN  impl.MetricRegistriesImpl (MetricRegistriesImpl.java:addReporterRegistration(111)) - New reporters are added after registries were created. Some metrics will be missing from the reporter. Please add reporter before adding any new registry.
2021-12-06 20:45:16,298 [Listener at localhost/10944] WARN  impl.MetricRegistriesImpl (MetricRegistriesImpl.java:addReporterRegistration(111)) - New reporters are added after registries were created. Some metrics will be missing from the reporter. Please add reporter before adding any new registry.
2021-12-06 20:45:16,298 [Listener at localhost/10944] WARN  server.ServerUtils (ServerUtils.java:getDefaultRatisDirectory(237)) - Storage directory for Ratis is not configured. It is a good idea to map this to an SSD disk. Falling back to ozone.metadata.dirs
2021-12-06 20:45:16,300 [Listener at localhost/10944] INFO  ratis.OzoneManagerRatisServer (OzoneManagerRatisServer.java:<init>(159)) - Instantiating OM Ratis server with groupID: om-service-test1 and peers: localhost:10936, localhost:10948, localhost:10942
2021-12-06 20:45:16,300 [Listener at localhost/10944] INFO  ratis.OzoneManagerStateMachine (OzoneManagerStateMachine.java:loadSnapshotInfoFromDB(605)) - LastAppliedIndex is set from TransactionInfo from OM DB as (t:2, i:16)
2021-12-06 20:45:16,301 [Listener at localhost/10944] INFO  server.RaftServer (ConfUtils.java:logGet(44)) - raft.rpc.type = GRPC (default)
2021-12-06 20:45:16,301 [Listener at localhost/10944] INFO  grpc.GrpcFactory (GrpcFactory.java:checkPooledByteBufAllocatorUseCacheForAllThreads(48)) - PERFORMANCE WARNING: useCacheForAllThreads is true that may cause Netty to create a lot garbage objects and, as a result, trigger GC.
	It is recommended to disable useCacheForAllThreads by setting -Dorg.apache.ratis.thirdparty.io.netty.allocator.useCacheForAllThreads=false in command line.
2021-12-06 20:45:16,301 [Listener at localhost/10944] INFO  grpc.GrpcConfigKeys (ConfUtils.java:logGet(44)) - raft.grpc.admin.port = -1 (default)
2021-12-06 20:45:16,301 [Listener at localhost/10944] INFO  grpc.GrpcConfigKeys (ConfUtils.java:logGet(44)) - raft.grpc.server.port = 10936 (custom)
2021-12-06 20:45:16,301 [Listener at localhost/10944] INFO  grpc.GrpcConfigKeys (ConfUtils.java:logGet(44)) - raft.grpc.client.port = -1 (default)
2021-12-06 20:45:16,301 [Listener at localhost/10944] INFO  grpc.GrpcConfigKeys (ConfUtils.java:logGet(44)) - raft.grpc.server.port = 10936 (custom)
2021-12-06 20:45:16,301 [Listener at localhost/10944] INFO  grpc.GrpcConfigKeys (ConfUtils.java:logGet(44)) - raft.grpc.server.port = 10936 (custom)
2021-12-06 20:45:16,301 [Listener at localhost/10944] INFO  server.GrpcService (ConfUtils.java:logGet(44)) - raft.grpc.message.size.max = 33554432 (custom)
2021-12-06 20:45:16,301 [Listener at localhost/10944] INFO  server.RaftServerConfigKeys (ConfUtils.java:logGet(44)) - raft.server.log.appender.buffer.byte-limit = 33554432 (custom)
2021-12-06 20:45:16,301 [Listener at localhost/10944] INFO  server.GrpcService (ConfUtils.java:logGet(44)) - raft.grpc.flow.control.window = 1MB (=1048576) (default)
2021-12-06 20:45:16,301 [Listener at localhost/10944] INFO  server.RaftServerConfigKeys (ConfUtils.java:logGet(44)) - raft.server.rpc.request.timeout = 3000ms (default)
2021-12-06 20:45:16,303 [Listener at localhost/10944] INFO  impl.DataStreamServerImpl (ConfUtils.java:logGet(44)) - raft.datastream.type = DISABLED (default)
2021-12-06 20:45:16,303 [Listener at localhost/10944] INFO  server.RaftServerConfigKeys (ConfUtils.java:logGet(44)) - raft.server.rpc.slowness.timeout = 2s (custom)
2021-12-06 20:45:16,303 [Listener at localhost/10944] INFO  server.RaftServerConfigKeys (ConfUtils.java:logGet(44)) - raft.server.leaderelection.leader.step-down.wait-time = 10s (default)
2021-12-06 20:45:16,303 [Listener at localhost/10944] INFO  server.RaftServerConfigKeys (ConfUtils.java:logGet(44)) - raft.server.storage.dir = [/home/runner/work/ozone/ozone/hadoop-ozone/integration-test/target/test-dir/MiniOzoneClusterImpl-1f2ada2d-a189-4e3f-a934-1db8589ac524/omNode-1/ratis] (custom)
2021-12-06 20:45:16,303 [Listener at localhost/10944] INFO  server.RaftServer (RaftServerProxy.java:lambda$null$1(235)) - omNode-1: found a subdirectory /home/runner/work/ozone/ozone/hadoop-ozone/integration-test/target/test-dir/MiniOzoneClusterImpl-1f2ada2d-a189-4e3f-a934-1db8589ac524/omNode-1/ratis/c9bc4cf4-3bc3-3c60-a66b-523986131536
2021-12-06 20:45:16,304 [Listener at localhost/10944] INFO  server.RaftServer (RaftServerProxy.java:addNew(95)) - omNode-1: addNew group-523986131536:[omNode-3|rpc:localhost:10948|priority:0, omNode-1|rpc:localhost:10936|priority:0, omNode-2|rpc:localhost:10942|priority:0] returns group-523986131536:java.util.concurrent.CompletableFuture@31089d11[Not completed]
2021-12-06 20:45:16,304 [Listener at localhost/10944] INFO  om.OzoneManager (OzoneManager.java:initializeRatisServer(1776)) - OzoneManager Ratis server initialized at port 10936
2021-12-06 20:45:16,304 [Listener at localhost/10944] INFO  ratis.OzoneManagerRatisServer (OzoneManagerRatisServer.java:start(516)) - Starting OzoneManagerRatisServer omNode-1 at port 10936
2021-12-06 20:45:16,304 [pool-214-thread-1] INFO  server.RaftServer$Division (RaftServerImpl.java:<init>(184)) - omNode-1: new RaftServerImpl for group-523986131536:[omNode-3|rpc:localhost:10948|priority:0, omNode-1|rpc:localhost:10936|priority:0, omNode-2|rpc:localhost:10942|priority:0] with OzoneManagerStateMachine:uninitialized
2021-12-06 20:45:16,305 [pool-214-thread-1] INFO  server.RaftServerConfigKeys (ConfUtils.java:logGet(44)) - raft.server.rpc.timeout.min = 1s (custom)
2021-12-06 20:45:16,305 [pool-214-thread-1] INFO  server.RaftServerConfigKeys (ConfUtils.java:logGet(44)) - raft.server.rpc.timeout.max = 1200ms (custom)
2021-12-06 20:45:16,306 [pool-214-thread-1] INFO  server.RaftServerConfigKeys (ConfUtils.java:logGet(44)) - raft.server.rpc.sleep.time = 25ms (default)
2021-12-06 20:45:16,306 [pool-214-thread-1] INFO  server.RaftServerConfigKeys (ConfUtils.java:logGet(44)) - raft.server.rpc.slowness.timeout = 2s (custom)
2021-12-06 20:45:16,306 [pool-214-thread-1] INFO  server.RaftServerConfigKeys (ConfUtils.java:logGet(44)) - raft.server.leaderelection.leader.step-down.wait-time = 10s (default)
2021-12-06 20:45:16,307 [pool-214-thread-1] INFO  server.RaftServerConfigKeys (ConfUtils.java:logGet(44)) - raft.server.sleep.deviation.threshold = 300ms (default)
2021-12-06 20:45:16,307 [pool-214-thread-1] INFO  server.RaftServerConfigKeys (ConfUtils.java:logGet(44)) - raft.server.log.appender.install.snapshot.enabled = false (custom)
2021-12-06 20:45:16,307 [pool-214-thread-1] INFO  server.RaftServer$Division (ServerState.java:<init>(105)) - omNode-1@group-523986131536: ConfigurationManager, init=-1: [omNode-3|rpc:localhost:10948|priority:0, omNode-1|rpc:localhost:10936|priority:0, omNode-2|rpc:localhost:10942|priority:0], old=null, confs=<EMPTY_MAP>
2021-12-06 20:45:16,307 [pool-214-thread-1] INFO  server.RaftServerConfigKeys (ConfUtils.java:logGet(44)) - raft.server.storage.dir = [/home/runner/work/ozone/ozone/hadoop-ozone/integration-test/target/test-dir/MiniOzoneClusterImpl-1f2ada2d-a189-4e3f-a934-1db8589ac524/omNode-1/ratis] (custom)
2021-12-06 20:45:16,307 [pool-214-thread-1] INFO  server.RaftServerConfigKeys (ConfUtils.java:logGet(44)) - raft.server.log.corruption.policy = EXCEPTION (default)
2021-12-06 20:45:16,307 [pool-214-thread-1] INFO  server.RaftServerConfigKeys (ConfUtils.java:logGet(44)) - raft.server.storage.free-space.min = 0MB (=0) (default)
2021-12-06 20:45:16,308 [pool-214-thread-1] INFO  storage.RaftStorageDirectory (RaftStorageDirectoryImpl.java:tryLock(230)) - Lock on /home/runner/work/ozone/ozone/hadoop-ozone/integration-test/target/test-dir/MiniOzoneClusterImpl-1f2ada2d-a189-4e3f-a934-1db8589ac524/omNode-1/ratis/c9bc4cf4-3bc3-3c60-a66b-523986131536/in_use.lock acquired by nodename 13770@fv-az151-352
2021-12-06 20:45:16,309 [pool-214-thread-1] INFO  storage.RaftStorage (RaftStorageImpl.java:analyzeAndRecoverStorage(110)) - Read RaftStorageMetadata{term=2, votedFor=omNode-1} from /home/runner/work/ozone/ozone/hadoop-ozone/integration-test/target/test-dir/MiniOzoneClusterImpl-1f2ada2d-a189-4e3f-a934-1db8589ac524/omNode-1/ratis/c9bc4cf4-3bc3-3c60-a66b-523986131536/current/raft-meta
2021-12-06 20:45:16,309 [pool-214-thread-1] INFO  server.RaftServer$Division (ServerState.java:setRaftConf(387)) - omNode-1@group-523986131536: set configuration 0: [omNode-3|rpc:localhost:10948|admin:|client:|dataStream:|priority:0, omNode-1|rpc:localhost:10936|admin:|client:|dataStream:|priority:0, omNode-2|rpc:localhost:10942|admin:|client:|dataStream:|priority:0], old=null
2021-12-06 20:45:16,309 [pool-214-thread-1] INFO  server.RaftServerConfigKeys (ConfUtils.java:logGet(44)) - raft.server.notification.no-leader.timeout = 2s (custom)
2021-12-06 20:45:16,309 [pool-214-thread-1] INFO  server.RaftServerConfigKeys (ConfUtils.java:logGet(44)) - raft.server.log.use.memory = false (default)
2021-12-06 20:45:16,309 [pool-214-thread-1] INFO  server.RaftServerConfigKeys (ConfUtils.java:logGet(44)) - raft.server.log.purge.gap = 50 (custom)
2021-12-06 20:45:16,309 [pool-214-thread-1] INFO  server.RaftServerConfigKeys (ConfUtils.java:logGet(44)) - raft.server.log.appender.buffer.byte-limit = 33554432 (custom)
2021-12-06 20:45:16,310 [pool-214-thread-1] INFO  server.RaftServerConfigKeys (ConfUtils.java:logGet(44)) - raft.server.log.segment.size.max = 4194304 (custom)
2021-12-06 20:45:16,310 [pool-214-thread-1] INFO  server.RaftServerConfigKeys (ConfUtils.java:logGet(44)) - raft.server.log.segment.cache.num.max = 2 (custom)
2021-12-06 20:45:16,310 [pool-214-thread-1] INFO  server.RaftServerConfigKeys (ConfUtils.java:logGet(44)) - raft.server.log.segment.cache.size.max = 200MB (=209715200) (default)
2021-12-06 20:45:16,310 [pool-214-thread-1] INFO  segmented.SegmentedRaftLogWorker (SegmentedRaftLogWorker.java:<init>(182)) - new omNode-1@group-523986131536-SegmentedRaftLogWorker for RaftStorageImpl:Storage Directory /home/runner/work/ozone/ozone/hadoop-ozone/integration-test/target/test-dir/MiniOzoneClusterImpl-1f2ada2d-a189-4e3f-a934-1db8589ac524/omNode-1/ratis/c9bc4cf4-3bc3-3c60-a66b-523986131536
2021-12-06 20:45:16,310 [pool-214-thread-1] INFO  server.RaftServerConfigKeys (ConfUtils.java:logGet(44)) - raft.server.log.queue.byte-limit = 64MB (=67108864) (default)
2021-12-06 20:45:16,310 [pool-214-thread-1] INFO  server.RaftServerConfigKeys (ConfUtils.java:logGet(44)) - raft.server.log.queue.element-limit = 4096 (default)
2021-12-06 20:45:16,310 [pool-214-thread-1] INFO  server.RaftServerConfigKeys (ConfUtils.java:logGet(44)) - raft.server.log.segment.size.max = 4194304 (custom)
2021-12-06 20:45:16,311 [pool-214-thread-1] INFO  server.RaftServerConfigKeys (ConfUtils.java:logGet(44)) - raft.server.log.preallocated.size = 4194304 (custom)
2021-12-06 20:45:16,311 [pool-214-thread-1] INFO  server.RaftServerConfigKeys (ConfUtils.java:logGet(44)) - raft.server.log.force.sync.num = 128 (default)
2021-12-06 20:45:16,311 [pool-214-thread-1] INFO  server.RaftServerConfigKeys (ConfUtils.java:logGet(44)) - raft.server.log.statemachine.data.sync = true (default)
2021-12-06 20:45:16,311 [pool-214-thread-1] INFO  server.RaftServerConfigKeys (ConfUtils.java:logGet(44)) - raft.server.log.statemachine.data.sync.timeout = 10s (default)
2021-12-06 20:45:16,311 [pool-214-thread-1] INFO  server.RaftServerConfigKeys (ConfUtils.java:logGet(44)) - raft.server.log.statemachine.data.sync.timeout.retry = -1 (default)
2021-12-06 20:45:16,312 [pool-214-thread-1] INFO  server.RaftServerConfigKeys (ConfUtils.java:logGet(44)) - raft.server.log.write.buffer.size = 64KB (=65536) (default)
2021-12-06 20:45:16,312 [pool-214-thread-1] INFO  server.RaftServerConfigKeys (ConfUtils.java:logGet(44)) - raft.server.log.statemachine.data.caching.enabled = false (default)
2021-12-06 20:45:16,312 [pool-214-thread-1] INFO  segmented.SegmentedRaftLogWorker (SegmentedRaftLogWorker.java:lambda$new$0(133)) - omNode-1@group-523986131536-SegmentedRaftLogWorker: flushIndex: setUnconditionally 0 -> 16
2021-12-06 20:45:16,312 [pool-214-thread-1] INFO  segmented.SegmentedRaftLogWorker (SegmentedRaftLogWorker.java:lambda$new$0(133)) - omNode-1@group-523986131536-SegmentedRaftLogWorker: safeCacheEvictIndex: setUnconditionally 0 -> -1
2021-12-06 20:45:16,316 [pool-214-thread-1] INFO  server.RaftServerConfigKeys (ConfUtils.java:logGet(44)) - raft.server.snapshot.auto.trigger.enabled = true (custom)
2021-12-06 20:45:16,316 [pool-214-thread-1] INFO  server.RaftServerConfigKeys (ConfUtils.java:logGet(44)) - raft.server.snapshot.auto.trigger.threshold = 50 (custom)
2021-12-06 20:45:16,316 [pool-214-thread-1] INFO  server.RaftServerConfigKeys (ConfUtils.java:logGet(44)) - raft.server.snapshot.retention.file.num = -1 (default)
2021-12-06 20:45:16,317 [pool-214-thread-1] INFO  server.RaftServerConfigKeys (ConfUtils.java:logGet(44)) - raft.server.log.purge.upto.snapshot.index = true (custom)
2021-12-06 20:45:16,317 [pool-214-thread-1] INFO  server.RaftServerConfigKeys (ConfUtils.java:logGet(44)) - raft.server.retrycache.expirytime = 30000ms (custom)
2021-12-06 20:45:16,317 [pool-214-thread-1] INFO  server.RaftServerConfigKeys (ConfUtils.java:logGet(44)) - raft.server.retrycache.statistics.expirytime = 100μs (default)
2021-12-06 20:45:16,318 [Listener at localhost/10944] INFO  server.RaftServer$Division (RaftServerImpl.java:start(301)) - omNode-1@group-523986131536: start as a follower, conf=0: [omNode-3|rpc:localhost:10948|admin:|client:|dataStream:|priority:0, omNode-1|rpc:localhost:10936|admin:|client:|dataStream:|priority:0, omNode-2|rpc:localhost:10942|admin:|client:|dataStream:|priority:0], old=null
2021-12-06 20:45:16,318 [Listener at localhost/10944] INFO  server.RaftServer$Division (RaftServerImpl.java:setRole(290)) - omNode-1@group-523986131536: changes role from      null to FOLLOWER at term 2 for startAsFollower
2021-12-06 20:45:16,318 [Listener at localhost/10944] INFO  impl.RoleInfo (RoleInfo.java:updateAndGet(130)) - omNode-1: start omNode-1@group-523986131536-FollowerState
2021-12-06 20:45:16,318 [Listener at localhost/10944] INFO  util.JmxRegister (JmxRegister.java:tryRegister(44)) - Successfully registered JMX Bean with object name Ratis:service=RaftServer,group=group-523986131536,id=omNode-1
2021-12-06 20:45:16,323 [Listener at localhost/10944] INFO  server.RaftServer (RaftServerProxy.java:lambda$start$5(374)) - omNode-1: start RPC server
2021-12-06 20:45:16,325 [Listener at localhost/10944] INFO  server.GrpcService (GrpcService.java:startImpl(253)) - omNode-1: GrpcService started, listening on 10936
2021-12-06 20:45:16,326 [Listener at localhost/10944] INFO  ipc.CallQueueManager (CallQueueManager.java:<init>(90)) - Using callQueue: class java.util.concurrent.LinkedBlockingQueue, queueCapacity: 2000, scheduler: class org.apache.hadoop.ipc.DefaultRpcScheduler, ipcBackoff: false.
2021-12-06 20:45:16,327 [org.apache.ratis.util.JvmPauseMonitor$$Lambda$525/847224871@34bdfa21] INFO  util.JvmPauseMonitor (JvmPauseMonitor.java:run(103)) - JvmPauseMonitor-omNode-1: Started
2021-12-06 20:45:16,327 [Socket Reader #1 for port 10932] INFO  ipc.Server (Server.java:run(1265)) - Starting Socket Reader #1 for port 10932
2021-12-06 20:45:16,339 [Listener at localhost/10932] INFO  http.BaseHttpServer (BaseHttpServer.java:newHttpServer2BuilderForOzone(209)) - Starting Web-server for ozoneManager at: http://0.0.0.0:10934
2021-12-06 20:45:16,339 [Listener at localhost/10932] INFO  http.BaseHttpServer (BaseHttpServer.java:<init>(107)) - Hadoop Security Enabled: false Ozone Security Enabled: false Ozone HTTP Security Enabled: false 
2021-12-06 20:45:16,340 [Listener at localhost/10932] INFO  server.AuthenticationFilter (AuthenticationFilter.java:constructSecretProvider(240)) - Unable to initialize FileSignerSecretProvider, falling back to use random secrets.
2021-12-06 20:45:16,341 [Listener at localhost/10932] WARN  http.HttpRequestLog (HttpRequestLog.java:getRequestLog(103)) - Jetty request log can only be enabled using Log4j
2021-12-06 20:45:16,342 [Listener at localhost/10932] INFO  http.HttpServer2 (HttpServer2.java:addGlobalFilter(1030)) - Added global filter 'safety' (class=org.apache.hadoop.hdds.server.http.HttpServer2$QuotingInputFilter)
2021-12-06 20:45:16,344 [Listener at localhost/10932] INFO  http.HttpServer2 (HttpServer2.java:addFilter(1006)) - Added filter static_user_filter (class=org.apache.hadoop.http.lib.StaticUserWebFilter$StaticUserFilter) to context ozoneManager
2021-12-06 20:45:16,344 [Listener at localhost/10932] INFO  http.HttpServer2 (HttpServer2.java:addFilter(1014)) - Added filter static_user_filter (class=org.apache.hadoop.http.lib.StaticUserWebFilter$StaticUserFilter) to context logs
2021-12-06 20:45:16,344 [Listener at localhost/10932] INFO  http.HttpServer2 (HttpServer2.java:addFilter(1014)) - Added filter static_user_filter (class=org.apache.hadoop.http.lib.StaticUserWebFilter$StaticUserFilter) to context static
2021-12-06 20:45:16,345 [Listener at localhost/10932] INFO  http.HttpServer2 (HttpServer2.java:bindListener(1249)) - Jetty bound to port 10934
2021-12-06 20:45:16,345 [Listener at localhost/10932] INFO  server.Server (Server.java:doStart(375)) - jetty-9.4.43.v20210629; built: 2021-06-30T11:07:22.254Z; git: 526006ecfa3af7f1a27ef3a288e2bef7ea9dd7e8; jvm 1.8.0_292-b10
2021-12-06 20:45:16,348 [Listener at localhost/10932] INFO  server.session (DefaultSessionIdManager.java:doStart(334)) - DefaultSessionIdManager workerName=node0
2021-12-06 20:45:16,348 [Listener at localhost/10932] INFO  server.session (DefaultSessionIdManager.java:doStart(339)) - No SessionScavenger set, using defaults
2021-12-06 20:45:16,348 [Listener at localhost/10932] INFO  server.session (HouseKeeper.java:startScavenging(132)) - node0 Scavenging every 660000ms
2021-12-06 20:45:16,349 [Listener at localhost/10932] INFO  handler.ContextHandler (ContextHandler.java:doStart(915)) - Started o.e.j.s.ServletContextHandler@4a41f92d{logs,/logs,file:///home/runner/work/ozone/ozone/hadoop-ozone/integration-test/target/log,AVAILABLE}
2021-12-06 20:45:16,350 [Listener at localhost/10932] INFO  handler.ContextHandler (ContextHandler.java:doStart(915)) - Started o.e.j.s.ServletContextHandler@2db98024{static,/static,file:///home/runner/work/ozone/ozone/hadoop-ozone/integration-test/target/test-classes/webapps/static,AVAILABLE}
2021-12-06 20:45:16,353 [Listener at localhost/10932] INFO  handler.ContextHandler (ContextHandler.java:doStart(915)) - Started o.e.j.w.WebAppContext@6e7de54d{ozoneManager,/,file:///home/runner/work/ozone/ozone/hadoop-ozone/integration-test/target/test-classes/webapps/ozoneManager/,AVAILABLE}{file:/home/runner/work/ozone/ozone/hadoop-ozone/integration-test/target/test-classes/webapps/ozoneManager}
2021-12-06 20:45:16,354 [Listener at localhost/10932] INFO  server.AbstractConnector (AbstractConnector.java:doStart(331)) - Started ServerConnector@5c3074c7{HTTP/1.1, (http/1.1)}{0.0.0.0:10934}
2021-12-06 20:45:16,354 [Listener at localhost/10932] INFO  server.Server (Server.java:doStart(415)) - Started @148656ms
2021-12-06 20:45:16,355 [Listener at localhost/10932] WARN  impl.MetricsSystemImpl (MetricsSystemImpl.java:register(279)) - Sink prometheus already exists!
2021-12-06 20:45:16,355 [Listener at localhost/10932] INFO  http.BaseHttpServer (BaseHttpServer.java:updateConnectorAddress(329)) - HTTP server of ozoneManager listening at http://0.0.0.0:10934
2021-12-06 20:45:16,359 [IPC Server Responder] INFO  ipc.Server (Server.java:run(1507)) - IPC Server Responder: starting
2021-12-06 20:45:16,360 [IPC Server listener on 10932] INFO  ipc.Server (Server.java:run(1344)) - IPC Server listener on 10932: starting
2021-12-06 20:45:16,367 [Listener at localhost/10932] INFO  om.OzoneManager (OzoneManager.java:startTrashEmptier(1734)) - Trash Interval set to 0. Files deleted will not move to trash
2021-12-06 20:45:16,368 [Listener at localhost/10932] INFO  om.OzoneManager (OzoneManager.java:stop(1835)) - omNode-2[localhost:10938]: Stopping Ozone Manager
2021-12-06 20:45:16,376 [Listener at localhost/10932] INFO  ipc.Server (Server.java:stop(3414)) - Stopping server on 10938
2021-12-06 20:45:16,377 [org.apache.hadoop.util.JvmPauseMonitor$Monitor@24fe2534] INFO  util.JvmPauseMonitor (JvmPauseMonitor.java:run(188)) - Starting JVM pause monitor
2021-12-06 20:45:16,379 [IPC Server listener on 10938] INFO  ipc.Server (Server.java:run(1376)) - Stopping IPC Server listener on 10938
2021-12-06 20:45:16,381 [IPC Server Responder] INFO  ipc.Server (Server.java:run(1512)) - Stopping IPC Server Responder
2021-12-06 20:45:16,381 [Listener at localhost/10932] INFO  server.RaftServer (RaftServerProxy.java:lambda$close$6(391)) - omNode-2: close
2021-12-06 20:45:16,387 [Listener at localhost/10932] INFO  server.RaftServer$Division (RaftServerImpl.java:lambda$close$4(412)) - omNode-2@group-523986131536: shutdown
2021-12-06 20:45:16,387 [Listener at localhost/10932] INFO  util.JmxRegister (JmxRegister.java:unregister(73)) - Successfully un-registered JMX Bean with object name Ratis:service=RaftServer,group=group-523986131536,id=omNode-2
2021-12-06 20:45:16,387 [Listener at localhost/10932] INFO  impl.RoleInfo (RoleInfo.java:shutdownFollowerState(108)) - omNode-2: shutdown omNode-2@group-523986131536-FollowerState
2021-12-06 20:45:16,387 [Listener at localhost/10932] INFO  impl.StateMachineUpdater (StateMachineUpdater.java:stopAndJoin(149)) - omNode-2@group-523986131536-StateMachineUpdater: set stopIndex = 14
2021-12-06 20:45:16,388 [omNode-2@group-523986131536-FollowerState] INFO  impl.FollowerState (FollowerState.java:run(143)) - omNode-2@group-523986131536-FollowerState was interrupted: {}
java.lang.InterruptedException: sleep interrupted
	at java.lang.Thread.sleep(Native Method)
	at java.lang.Thread.sleep(Thread.java:340)
	at java.util.concurrent.TimeUnit.sleep(TimeUnit.java:386)
	at org.apache.ratis.util.TimeDuration.sleep(TimeDuration.java:324)
	at org.apache.ratis.util.TimeDuration.sleep(TimeDuration.java:309)
	at org.apache.ratis.server.impl.FollowerState.run(FollowerState.java:118)
2021-12-06 20:45:16,388 [omNode-2@group-523986131536-StateMachineUpdater] INFO  ratis.OzoneManagerStateMachine (OzoneManagerStateMachine.java:takeSnapshot(417)) - Current Snapshot Index (t:2, i:14)
2021-12-06 20:45:16,388 [omNode-2@group-523986131536-StateMachineUpdater] INFO  impl.StateMachineUpdater (StateMachineUpdater.java:takeSnapshot(281)) - omNode-2@group-523986131536-StateMachineUpdater: Took a snapshot at index 14
2021-12-06 20:45:16,388 [omNode-2@group-523986131536-StateMachineUpdater] INFO  impl.StateMachineUpdater (StateMachineUpdater.java:lambda$new$0(89)) - omNode-2@group-523986131536-StateMachineUpdater: snapshotIndex: updateIncreasingly -1 -> 14
2021-12-06 20:45:16,388 [omNode-2@group-523986131536-StateMachineUpdater] INFO  ratis.OzoneManagerStateMachine (OzoneManagerStateMachine.java:close(471)) - StateMachine has shutdown. Shutdown OzoneManager if not already shutdown.
2021-12-06 20:45:16,388 [Listener at localhost/10932] INFO  server.RaftServer$Division (ServerState.java:close(419)) - omNode-2@group-523986131536: closes. applyIndex: 14
2021-12-06 20:45:16,388 [omNode-2@group-523986131536-SegmentedRaftLogWorker] INFO  segmented.SegmentedRaftLogWorker (SegmentedRaftLogWorker.java:run(327)) - omNode-2@group-523986131536-SegmentedRaftLogWorker was interrupted, exiting. There are 0 tasks remaining in the queue.
2021-12-06 20:45:16,390 [Listener at localhost/10932] INFO  segmented.SegmentedRaftLogWorker (SegmentedRaftLogWorker.java:close(237)) - omNode-2@group-523986131536-SegmentedRaftLogWorker close()
2021-12-06 20:45:16,391 [Listener at localhost/10932] INFO  server.GrpcService (GrpcService.java:closeImpl(262)) - omNode-2: shutdown server with port 10942 now
2021-12-06 20:45:16,393 [Listener at localhost/10932] INFO  server.GrpcService (GrpcService.java:closeImpl(271)) - omNode-2: shutdown server with port 10942 successfully
2021-12-06 20:45:16,393 [org.apache.ratis.util.JvmPauseMonitor$$Lambda$525/847224871@18161415] INFO  util.JvmPauseMonitor (JvmPauseMonitor.java:run(109)) - JvmPauseMonitor-omNode-2: Stopped
2021-12-06 20:45:16,395 [Listener at localhost/10932] INFO  ratis.OzoneManagerDoubleBuffer (OzoneManagerDoubleBuffer.java:stop(437)) - Stopping OMDoubleBuffer flush thread
2021-12-06 20:45:16,396 [OMDoubleBufferFlushThread] INFO  ratis.OzoneManagerDoubleBuffer (OzoneManagerDoubleBuffer.java:flushTransactions(356)) - OMDoubleBuffer flush thread OMDoubleBufferFlushThread is interrupted and will exit. OMDoubleBufferFlushThread
2021-12-06 20:45:16,396 [Listener at localhost/10932] INFO  utils.BackgroundService (BackgroundService.java:shutdown(132)) - Shutting down service KeyDeletingService
2021-12-06 20:45:16,396 [Listener at localhost/10932] INFO  utils.BackgroundService (BackgroundService.java:shutdown(132)) - Shutting down service DirectoryDeletingService
2021-12-06 20:45:16,399 [Listener at localhost/10932] INFO  handler.ContextHandler (ContextHandler.java:doStop(1153)) - Stopped o.e.j.w.WebAppContext@321b2469{ozoneManager,/,null,STOPPED}{file:/home/runner/work/ozone/ozone/hadoop-ozone/integration-test/target/test-classes/webapps/ozoneManager}
2021-12-06 20:45:16,400 [Listener at localhost/10932] INFO  server.AbstractConnector (AbstractConnector.java:doStop(381)) - Stopped ServerConnector@30ff3726{HTTP/1.1, (http/1.1)}{0.0.0.0:10940}
2021-12-06 20:45:16,400 [Listener at localhost/10932] INFO  server.session (HouseKeeper.java:stopScavenging(149)) - node0 Stopped scavenging
2021-12-06 20:45:16,401 [Listener at localhost/10932] INFO  handler.ContextHandler (ContextHandler.java:doStop(1153)) - Stopped o.e.j.s.ServletContextHandler@6224872f{static,/static,file:///home/runner/work/ozone/ozone/hadoop-ozone/integration-test/target/test-classes/webapps/static,STOPPED}
2021-12-06 20:45:16,401 [Listener at localhost/10932] INFO  handler.ContextHandler (ContextHandler.java:doStop(1153)) - Stopped o.e.j.s.ServletContextHandler@29e94753{logs,/logs,file:///home/runner/work/ozone/ozone/hadoop-ozone/integration-test/target/log,STOPPED}
2021-12-06 20:45:16,405 [Listener at localhost/10932] INFO  om.OzoneManager (OzoneManager.java:initFSOLayout(3848)) - Configured ozone.om.metadata.layout=SIMPLE and disabled optimized OM FS operations
2021-12-06 20:45:16,405 [Listener at localhost/10932] INFO  om.OzoneManager (OzoneManager.java:restart(1457)) - OzoneManager RPC server is listening at localhost/127.0.0.1:10938
2021-12-06 20:45:16,405 [Listener at localhost/10932] INFO  impl.MetricsSystemImpl (MetricsSystemImpl.java:init(158)) - OzoneManager metrics system started (again)
2021-12-06 20:45:16,423 [Listener at localhost/10932] WARN  server.ServerUtils (ServerUtils.java:getDBPath(225)) - ozone.om.db.dirs is not configured. We recommend adding this setting. Falling back to ozone.metadata.dirs instead.
2021-12-06 20:45:16,424 [Listener at localhost/10932] INFO  codec.OmKeyInfoCodec (OmKeyInfoCodec.java:<init>(50)) - OmKeyInfoCodec ignorePipeline = true
2021-12-06 20:45:16,424 [Listener at localhost/10932] INFO  codec.RepeatedOmKeyInfoCodec (RepeatedOmKeyInfoCodec.java:<init>(42)) - RepeatedOmKeyInfoCodec ignorePipeline = true
2021-12-06 20:45:16,473 [Listener at localhost/10932] WARN  om.OzoneManager (OzoneManager.java:instantiatePrepareStateOnStartup(3756)) - Prepare marker file index 14 does not match DB prepare index 12. Writing DB index to prepare file and maintaining prepared state.
2021-12-06 20:45:16,473 [Listener at localhost/10932] INFO  om.OzoneManagerPrepareState (OzoneManagerPrepareState.java:writePrepareMarkerFile(262)) - Prepare marker file written with log index 12 to file /home/runner/work/ozone/ozone/hadoop-ozone/integration-test/target/test-dir/MiniOzoneClusterImpl-1f2ada2d-a189-4e3f-a934-1db8589ac524/omNode-2/current/prepareMarker
2021-12-06 20:45:16,474 [Listener at localhost/10932] WARN  impl.MetricRegistriesImpl (MetricRegistriesImpl.java:addReporterRegistration(111)) - New reporters are added after registries were created. Some metrics will be missing from the reporter. Please add reporter before adding any new registry.
2021-12-06 20:45:16,474 [Listener at localhost/10932] WARN  impl.MetricRegistriesImpl (MetricRegistriesImpl.java:addReporterRegistration(111)) - New reporters are added after registries were created. Some metrics will be missing from the reporter. Please add reporter before adding any new registry.
2021-12-06 20:45:16,474 [Listener at localhost/10932] WARN  server.ServerUtils (ServerUtils.java:getDefaultRatisDirectory(237)) - Storage directory for Ratis is not configured. It is a good idea to map this to an SSD disk. Falling back to ozone.metadata.dirs
2021-12-06 20:45:16,476 [Listener at localhost/10932] INFO  ratis.OzoneManagerRatisServer (OzoneManagerRatisServer.java:<init>(159)) - Instantiating OM Ratis server with groupID: om-service-test1 and peers: localhost:10942, localhost:10948, localhost:10936
2021-12-06 20:45:16,476 [Listener at localhost/10932] INFO  ratis.OzoneManagerStateMachine (OzoneManagerStateMachine.java:loadSnapshotInfoFromDB(605)) - LastAppliedIndex is set from TransactionInfo from OM DB as (t:2, i:14)
2021-12-06 20:45:16,479 [Listener at localhost/10932] INFO  server.RaftServer (ConfUtils.java:logGet(44)) - raft.rpc.type = GRPC (default)
2021-12-06 20:45:16,480 [Listener at localhost/10932] INFO  grpc.GrpcFactory (GrpcFactory.java:checkPooledByteBufAllocatorUseCacheForAllThreads(48)) - PERFORMANCE WARNING: useCacheForAllThreads is true that may cause Netty to create a lot garbage objects and, as a result, trigger GC.
	It is recommended to disable useCacheForAllThreads by setting -Dorg.apache.ratis.thirdparty.io.netty.allocator.useCacheForAllThreads=false in command line.
2021-12-06 20:45:16,480 [Listener at localhost/10932] INFO  grpc.GrpcConfigKeys (ConfUtils.java:logGet(44)) - raft.grpc.admin.port = -1 (default)
2021-12-06 20:45:16,480 [Listener at localhost/10932] INFO  grpc.GrpcConfigKeys (ConfUtils.java:logGet(44)) - raft.grpc.server.port = 10942 (custom)
2021-12-06 20:45:16,480 [Listener at localhost/10932] INFO  grpc.GrpcConfigKeys (ConfUtils.java:logGet(44)) - raft.grpc.client.port = -1 (default)
2021-12-06 20:45:16,480 [Listener at localhost/10932] INFO  grpc.GrpcConfigKeys (ConfUtils.java:logGet(44)) - raft.grpc.server.port = 10942 (custom)
2021-12-06 20:45:16,480 [Listener at localhost/10932] INFO  grpc.GrpcConfigKeys (ConfUtils.java:logGet(44)) - raft.grpc.server.port = 10942 (custom)
2021-12-06 20:45:16,480 [Listener at localhost/10932] INFO  server.GrpcService (ConfUtils.java:logGet(44)) - raft.grpc.message.size.max = 33554432 (custom)
2021-12-06 20:45:16,480 [Listener at localhost/10932] INFO  server.RaftServerConfigKeys (ConfUtils.java:logGet(44)) - raft.server.log.appender.buffer.byte-limit = 33554432 (custom)
2021-12-06 20:45:16,480 [Listener at localhost/10932] INFO  server.GrpcService (ConfUtils.java:logGet(44)) - raft.grpc.flow.control.window = 1MB (=1048576) (default)
2021-12-06 20:45:16,480 [Listener at localhost/10932] INFO  server.RaftServerConfigKeys (ConfUtils.java:logGet(44)) - raft.server.rpc.request.timeout = 3000ms (default)
2021-12-06 20:45:16,482 [Listener at localhost/10932] INFO  impl.DataStreamServerImpl (ConfUtils.java:logGet(44)) - raft.datastream.type = DISABLED (default)
2021-12-06 20:45:16,483 [Listener at localhost/10932] INFO  server.RaftServerConfigKeys (ConfUtils.java:logGet(44)) - raft.server.rpc.slowness.timeout = 2s (custom)
2021-12-06 20:45:16,483 [Listener at localhost/10932] INFO  server.RaftServerConfigKeys (ConfUtils.java:logGet(44)) - raft.server.leaderelection.leader.step-down.wait-time = 10s (default)
2021-12-06 20:45:16,483 [Listener at localhost/10932] INFO  server.RaftServerConfigKeys (ConfUtils.java:logGet(44)) - raft.server.storage.dir = [/home/runner/work/ozone/ozone/hadoop-ozone/integration-test/target/test-dir/MiniOzoneClusterImpl-1f2ada2d-a189-4e3f-a934-1db8589ac524/omNode-2/ratis] (custom)
2021-12-06 20:45:16,483 [Listener at localhost/10932] INFO  server.RaftServer (RaftServerProxy.java:lambda$null$1(235)) - omNode-2: found a subdirectory /home/runner/work/ozone/ozone/hadoop-ozone/integration-test/target/test-dir/MiniOzoneClusterImpl-1f2ada2d-a189-4e3f-a934-1db8589ac524/omNode-2/ratis/c9bc4cf4-3bc3-3c60-a66b-523986131536
2021-12-06 20:45:16,487 [Listener at localhost/10932] INFO  server.RaftServer (RaftServerProxy.java:addNew(95)) - omNode-2: addNew group-523986131536:[omNode-3|rpc:localhost:10948|priority:0, omNode-1|rpc:localhost:10936|priority:0, omNode-2|rpc:localhost:10942|priority:0] returns group-523986131536:java.util.concurrent.CompletableFuture@13ca3cf2[Not completed]
2021-12-06 20:45:16,487 [Listener at localhost/10932] INFO  om.OzoneManager (OzoneManager.java:initializeRatisServer(1776)) - OzoneManager Ratis server initialized at port 10942
2021-12-06 20:45:16,488 [Listener at localhost/10932] INFO  ratis.OzoneManagerRatisServer (OzoneManagerRatisServer.java:start(516)) - Starting OzoneManagerRatisServer omNode-2 at port 10942
2021-12-06 20:45:16,488 [pool-234-thread-1] INFO  server.RaftServer$Division (RaftServerImpl.java:<init>(184)) - omNode-2: new RaftServerImpl for group-523986131536:[omNode-3|rpc:localhost:10948|priority:0, omNode-1|rpc:localhost:10936|priority:0, omNode-2|rpc:localhost:10942|priority:0] with OzoneManagerStateMachine:uninitialized
2021-12-06 20:45:16,489 [pool-234-thread-1] INFO  server.RaftServerConfigKeys (ConfUtils.java:logGet(44)) - raft.server.rpc.timeout.min = 1s (custom)
2021-12-06 20:45:16,489 [pool-234-thread-1] INFO  server.RaftServerConfigKeys (ConfUtils.java:logGet(44)) - raft.server.rpc.timeout.max = 1200ms (custom)
2021-12-06 20:45:16,489 [pool-234-thread-1] INFO  server.RaftServerConfigKeys (ConfUtils.java:logGet(44)) - raft.server.rpc.sleep.time = 25ms (default)
2021-12-06 20:45:16,489 [pool-234-thread-1] INFO  server.RaftServerConfigKeys (ConfUtils.java:logGet(44)) - raft.server.rpc.slowness.timeout = 2s (custom)
2021-12-06 20:45:16,489 [pool-234-thread-1] INFO  server.RaftServerConfigKeys (ConfUtils.java:logGet(44)) - raft.server.leaderelection.leader.step-down.wait-time = 10s (default)
2021-12-06 20:45:16,489 [pool-234-thread-1] INFO  server.RaftServerConfigKeys (ConfUtils.java:logGet(44)) - raft.server.sleep.deviation.threshold = 300ms (default)
2021-12-06 20:45:16,489 [pool-234-thread-1] INFO  server.RaftServerConfigKeys (ConfUtils.java:logGet(44)) - raft.server.log.appender.install.snapshot.enabled = false (custom)
2021-12-06 20:45:16,489 [pool-234-thread-1] INFO  server.RaftServer$Division (ServerState.java:<init>(105)) - omNode-2@group-523986131536: ConfigurationManager, init=-1: [omNode-3|rpc:localhost:10948|priority:0, omNode-1|rpc:localhost:10936|priority:0, omNode-2|rpc:localhost:10942|priority:0], old=null, confs=<EMPTY_MAP>
2021-12-06 20:45:16,489 [pool-234-thread-1] INFO  server.RaftServerConfigKeys (ConfUtils.java:logGet(44)) - raft.server.storage.dir = [/home/runner/work/ozone/ozone/hadoop-ozone/integration-test/target/test-dir/MiniOzoneClusterImpl-1f2ada2d-a189-4e3f-a934-1db8589ac524/omNode-2/ratis] (custom)
2021-12-06 20:45:16,490 [pool-234-thread-1] INFO  server.RaftServerConfigKeys (ConfUtils.java:logGet(44)) - raft.server.log.corruption.policy = EXCEPTION (default)
2021-12-06 20:45:16,490 [pool-234-thread-1] INFO  server.RaftServerConfigKeys (ConfUtils.java:logGet(44)) - raft.server.storage.free-space.min = 0MB (=0) (default)
2021-12-06 20:45:16,491 [pool-234-thread-1] INFO  storage.RaftStorageDirectory (RaftStorageDirectoryImpl.java:tryLock(230)) - Lock on /home/runner/work/ozone/ozone/hadoop-ozone/integration-test/target/test-dir/MiniOzoneClusterImpl-1f2ada2d-a189-4e3f-a934-1db8589ac524/omNode-2/ratis/c9bc4cf4-3bc3-3c60-a66b-523986131536/in_use.lock acquired by nodename 13770@fv-az151-352
2021-12-06 20:45:16,491 [pool-234-thread-1] INFO  storage.RaftStorage (RaftStorageImpl.java:analyzeAndRecoverStorage(110)) - Read RaftStorageMetadata{term=2, votedFor=omNode-1} from /home/runner/work/ozone/ozone/hadoop-ozone/integration-test/target/test-dir/MiniOzoneClusterImpl-1f2ada2d-a189-4e3f-a934-1db8589ac524/omNode-2/ratis/c9bc4cf4-3bc3-3c60-a66b-523986131536/current/raft-meta
2021-12-06 20:45:16,492 [pool-234-thread-1] INFO  server.RaftServer$Division (ServerState.java:setRaftConf(387)) - omNode-2@group-523986131536: set configuration 0: [omNode-3|rpc:localhost:10948|admin:|client:|dataStream:|priority:0, omNode-1|rpc:localhost:10936|admin:|client:|dataStream:|priority:0, omNode-2|rpc:localhost:10942|admin:|client:|dataStream:|priority:0], old=null
2021-12-06 20:45:16,492 [pool-234-thread-1] INFO  server.RaftServerConfigKeys (ConfUtils.java:logGet(44)) - raft.server.notification.no-leader.timeout = 2s (custom)
2021-12-06 20:45:16,492 [pool-234-thread-1] INFO  server.RaftServerConfigKeys (ConfUtils.java:logGet(44)) - raft.server.log.use.memory = false (default)
2021-12-06 20:45:16,492 [pool-234-thread-1] INFO  server.RaftServerConfigKeys (ConfUtils.java:logGet(44)) - raft.server.log.purge.gap = 50 (custom)
2021-12-06 20:45:16,492 [pool-234-thread-1] INFO  server.RaftServerConfigKeys (ConfUtils.java:logGet(44)) - raft.server.log.appender.buffer.byte-limit = 33554432 (custom)
2021-12-06 20:45:16,495 [pool-234-thread-1] INFO  server.RaftServerConfigKeys (ConfUtils.java:logGet(44)) - raft.server.log.segment.size.max = 4194304 (custom)
2021-12-06 20:45:16,495 [pool-234-thread-1] INFO  server.RaftServerConfigKeys (ConfUtils.java:logGet(44)) - raft.server.log.segment.cache.num.max = 2 (custom)
2021-12-06 20:45:16,496 [pool-234-thread-1] INFO  server.RaftServerConfigKeys (ConfUtils.java:logGet(44)) - raft.server.log.segment.cache.size.max = 200MB (=209715200) (default)
2021-12-06 20:45:16,496 [pool-234-thread-1] INFO  segmented.SegmentedRaftLogWorker (SegmentedRaftLogWorker.java:<init>(182)) - new omNode-2@group-523986131536-SegmentedRaftLogWorker for RaftStorageImpl:Storage Directory /home/runner/work/ozone/ozone/hadoop-ozone/integration-test/target/test-dir/MiniOzoneClusterImpl-1f2ada2d-a189-4e3f-a934-1db8589ac524/omNode-2/ratis/c9bc4cf4-3bc3-3c60-a66b-523986131536
2021-12-06 20:45:16,496 [pool-234-thread-1] INFO  server.RaftServerConfigKeys (ConfUtils.java:logGet(44)) - raft.server.log.queue.byte-limit = 64MB (=67108864) (default)
2021-12-06 20:45:16,496 [pool-234-thread-1] INFO  server.RaftServerConfigKeys (ConfUtils.java:logGet(44)) - raft.server.log.queue.element-limit = 4096 (default)
2021-12-06 20:45:16,496 [pool-234-thread-1] INFO  server.RaftServerConfigKeys (ConfUtils.java:logGet(44)) - raft.server.log.segment.size.max = 4194304 (custom)
2021-12-06 20:45:16,496 [pool-234-thread-1] INFO  server.RaftServerConfigKeys (ConfUtils.java:logGet(44)) - raft.server.log.preallocated.size = 4194304 (custom)
2021-12-06 20:45:16,496 [pool-234-thread-1] INFO  server.RaftServerConfigKeys (ConfUtils.java:logGet(44)) - raft.server.log.force.sync.num = 128 (default)
2021-12-06 20:45:16,497 [pool-234-thread-1] INFO  server.RaftServerConfigKeys (ConfUtils.java:logGet(44)) - raft.server.log.statemachine.data.sync = true (default)
2021-12-06 20:45:16,497 [pool-234-thread-1] INFO  server.RaftServerConfigKeys (ConfUtils.java:logGet(44)) - raft.server.log.statemachine.data.sync.timeout = 10s (default)
2021-12-06 20:45:16,497 [pool-234-thread-1] INFO  server.RaftServerConfigKeys (ConfUtils.java:logGet(44)) - raft.server.log.statemachine.data.sync.timeout.retry = -1 (default)
2021-12-06 20:45:16,497 [pool-234-thread-1] INFO  server.RaftServerConfigKeys (ConfUtils.java:logGet(44)) - raft.server.log.write.buffer.size = 64KB (=65536) (default)
2021-12-06 20:45:16,498 [pool-234-thread-1] INFO  server.RaftServerConfigKeys (ConfUtils.java:logGet(44)) - raft.server.log.statemachine.data.caching.enabled = false (default)
2021-12-06 20:45:16,498 [pool-234-thread-1] INFO  server.RaftServer$Division (ServerState.java:setRaftConf(387)) - omNode-2@group-523986131536: set configuration 0: [omNode-3|rpc:localhost:10948|admin:|client:|dataStream:|priority:0, omNode-1|rpc:localhost:10936|admin:|client:|dataStream:|priority:0, omNode-2|rpc:localhost:10942|admin:|client:|dataStream:|priority:0], old=null
2021-12-06 20:45:16,499 [pool-234-thread-1] INFO  segmented.LogSegment (LogSegment.java:loadSegment(173)) - Successfully read 17 entries from segment file /home/runner/work/ozone/ozone/hadoop-ozone/integration-test/target/test-dir/MiniOzoneClusterImpl-1f2ada2d-a189-4e3f-a934-1db8589ac524/omNode-2/ratis/c9bc4cf4-3bc3-3c60-a66b-523986131536/current/log_inprogress_0
2021-12-06 20:45:16,499 [pool-234-thread-1] INFO  segmented.SegmentedRaftLogWorker (SegmentedRaftLogWorker.java:lambda$new$0(133)) - omNode-2@group-523986131536-SegmentedRaftLogWorker: flushIndex: setUnconditionally 0 -> 16
2021-12-06 20:45:16,499 [pool-234-thread-1] INFO  segmented.SegmentedRaftLogWorker (SegmentedRaftLogWorker.java:lambda$new$0(133)) - omNode-2@group-523986131536-SegmentedRaftLogWorker: safeCacheEvictIndex: setUnconditionally 0 -> -1
2021-12-06 20:45:16,503 [pool-234-thread-1] INFO  raftlog.RaftLog (RaftLogBase.java:lambda$new$0(53)) - omNode-2@group-523986131536-SegmentedRaftLog: commitIndex: updateToMax old=14, new=12, updated? false
2021-12-06 20:45:16,503 [pool-234-thread-1] INFO  server.RaftServerConfigKeys (ConfUtils.java:logGet(44)) - raft.server.snapshot.auto.trigger.enabled = true (custom)
2021-12-06 20:45:16,504 [pool-234-thread-1] INFO  server.RaftServerConfigKeys (ConfUtils.java:logGet(44)) - raft.server.snapshot.auto.trigger.threshold = 50 (custom)
2021-12-06 20:45:16,504 [pool-234-thread-1] INFO  server.RaftServerConfigKeys (ConfUtils.java:logGet(44)) - raft.server.snapshot.retention.file.num = -1 (default)
2021-12-06 20:45:16,504 [pool-234-thread-1] INFO  server.RaftServerConfigKeys (ConfUtils.java:logGet(44)) - raft.server.log.purge.upto.snapshot.index = true (custom)
2021-12-06 20:45:16,504 [pool-234-thread-1] INFO  server.RaftServerConfigKeys (ConfUtils.java:logGet(44)) - raft.server.retrycache.expirytime = 30000ms (custom)
2021-12-06 20:45:16,504 [pool-234-thread-1] INFO  server.RaftServerConfigKeys (ConfUtils.java:logGet(44)) - raft.server.retrycache.statistics.expirytime = 100μs (default)
2021-12-06 20:45:16,505 [Listener at localhost/10932] INFO  server.RaftServer$Division (RaftServerImpl.java:start(301)) - omNode-2@group-523986131536: start as a follower, conf=0: [omNode-3|rpc:localhost:10948|admin:|client:|dataStream:|priority:0, omNode-1|rpc:localhost:10936|admin:|client:|dataStream:|priority:0, omNode-2|rpc:localhost:10942|admin:|client:|dataStream:|priority:0], old=null
2021-12-06 20:45:16,506 [Listener at localhost/10932] INFO  server.RaftServer$Division (RaftServerImpl.java:setRole(290)) - omNode-2@group-523986131536: changes role from      null to FOLLOWER at term 2 for startAsFollower
2021-12-06 20:45:16,506 [Listener at localhost/10932] INFO  impl.RoleInfo (RoleInfo.java:updateAndGet(130)) - omNode-2: start omNode-2@group-523986131536-FollowerState
2021-12-06 20:45:16,506 [Listener at localhost/10932] INFO  util.JmxRegister (JmxRegister.java:tryRegister(44)) - Successfully registered JMX Bean with object name Ratis:service=RaftServer,group=group-523986131536,id=omNode-2
2021-12-06 20:45:16,509 [Listener at localhost/10932] INFO  server.RaftServer (RaftServerProxy.java:lambda$start$5(374)) - omNode-2: start RPC server
2021-12-06 20:45:16,510 [Listener at localhost/10932] INFO  server.GrpcService (GrpcService.java:startImpl(253)) - omNode-2: GrpcService started, listening on 10942
2021-12-06 20:45:16,510 [Listener at localhost/10932] INFO  ipc.CallQueueManager (CallQueueManager.java:<init>(90)) - Using callQueue: class java.util.concurrent.LinkedBlockingQueue, queueCapacity: 2000, scheduler: class org.apache.hadoop.ipc.DefaultRpcScheduler, ipcBackoff: false.
2021-12-06 20:45:16,511 [org.apache.ratis.util.JvmPauseMonitor$$Lambda$525/847224871@7767c99a] INFO  util.JvmPauseMonitor (JvmPauseMonitor.java:run(103)) - JvmPauseMonitor-omNode-2: Started
2021-12-06 20:45:16,511 [Socket Reader #1 for port 10938] INFO  ipc.Server (Server.java:run(1265)) - Starting Socket Reader #1 for port 10938
2021-12-06 20:45:16,514 [Listener at localhost/10938] INFO  http.BaseHttpServer (BaseHttpServer.java:newHttpServer2BuilderForOzone(209)) - Starting Web-server for ozoneManager at: http://0.0.0.0:10940
2021-12-06 20:45:16,514 [Listener at localhost/10938] INFO  http.BaseHttpServer (BaseHttpServer.java:<init>(107)) - Hadoop Security Enabled: false Ozone Security Enabled: false Ozone HTTP Security Enabled: false 
2021-12-06 20:45:16,515 [Listener at localhost/10938] INFO  server.AuthenticationFilter (AuthenticationFilter.java:constructSecretProvider(240)) - Unable to initialize FileSignerSecretProvider, falling back to use random secrets.
2021-12-06 20:45:16,516 [Listener at localhost/10938] WARN  http.HttpRequestLog (HttpRequestLog.java:getRequestLog(103)) - Jetty request log can only be enabled using Log4j
2021-12-06 20:45:16,518 [Listener at localhost/10938] INFO  http.HttpServer2 (HttpServer2.java:addGlobalFilter(1030)) - Added global filter 'safety' (class=org.apache.hadoop.hdds.server.http.HttpServer2$QuotingInputFilter)
2021-12-06 20:45:16,519 [Listener at localhost/10938] INFO  http.HttpServer2 (HttpServer2.java:addFilter(1006)) - Added filter static_user_filter (class=org.apache.hadoop.http.lib.StaticUserWebFilter$StaticUserFilter) to context ozoneManager
2021-12-06 20:45:16,519 [Listener at localhost/10938] INFO  http.HttpServer2 (HttpServer2.java:addFilter(1014)) - Added filter static_user_filter (class=org.apache.hadoop.http.lib.StaticUserWebFilter$StaticUserFilter) to context logs
2021-12-06 20:45:16,519 [Listener at localhost/10938] INFO  http.HttpServer2 (HttpServer2.java:addFilter(1014)) - Added filter static_user_filter (class=org.apache.hadoop.http.lib.StaticUserWebFilter$StaticUserFilter) to context static
2021-12-06 20:45:16,519 [Listener at localhost/10938] INFO  http.HttpServer2 (HttpServer2.java:bindListener(1249)) - Jetty bound to port 10940
2021-12-06 20:45:16,520 [Listener at localhost/10938] INFO  server.Server (Server.java:doStart(375)) - jetty-9.4.43.v20210629; built: 2021-06-30T11:07:22.254Z; git: 526006ecfa3af7f1a27ef3a288e2bef7ea9dd7e8; jvm 1.8.0_292-b10
2021-12-06 20:45:16,521 [Listener at localhost/10938] INFO  server.session (DefaultSessionIdManager.java:doStart(334)) - DefaultSessionIdManager workerName=node0
2021-12-06 20:45:16,521 [Listener at localhost/10938] INFO  server.session (DefaultSessionIdManager.java:doStart(339)) - No SessionScavenger set, using defaults
2021-12-06 20:45:16,521 [Listener at localhost/10938] INFO  server.session (HouseKeeper.java:startScavenging(132)) - node0 Scavenging every 600000ms
2021-12-06 20:45:16,522 [Listener at localhost/10938] INFO  handler.ContextHandler (ContextHandler.java:doStart(915)) - Started o.e.j.s.ServletContextHandler@57a3f920{logs,/logs,file:///home/runner/work/ozone/ozone/hadoop-ozone/integration-test/target/log,AVAILABLE}
2021-12-06 20:45:16,522 [Listener at localhost/10938] INFO  handler.ContextHandler (ContextHandler.java:doStart(915)) - Started o.e.j.s.ServletContextHandler@fed46ba{static,/static,file:///home/runner/work/ozone/ozone/hadoop-ozone/integration-test/target/test-classes/webapps/static,AVAILABLE}
2021-12-06 20:45:16,525 [Listener at localhost/10938] INFO  handler.ContextHandler (ContextHandler.java:doStart(915)) - Started o.e.j.w.WebAppContext@51646dd5{ozoneManager,/,file:///home/runner/work/ozone/ozone/hadoop-ozone/integration-test/target/test-classes/webapps/ozoneManager/,AVAILABLE}{file:/home/runner/work/ozone/ozone/hadoop-ozone/integration-test/target/test-classes/webapps/ozoneManager}
2021-12-06 20:45:16,527 [Listener at localhost/10938] INFO  server.AbstractConnector (AbstractConnector.java:doStart(331)) - Started ServerConnector@3cdf812a{HTTP/1.1, (http/1.1)}{0.0.0.0:10940}
2021-12-06 20:45:16,527 [Listener at localhost/10938] INFO  server.Server (Server.java:doStart(415)) - Started @148828ms
2021-12-06 20:45:16,527 [Listener at localhost/10938] WARN  impl.MetricsSystemImpl (MetricsSystemImpl.java:register(279)) - Sink prometheus already exists!
2021-12-06 20:45:16,528 [Listener at localhost/10938] INFO  http.BaseHttpServer (BaseHttpServer.java:updateConnectorAddress(329)) - HTTP server of ozoneManager listening at http://0.0.0.0:10940
2021-12-06 20:45:16,528 [IPC Server Responder] INFO  ipc.Server (Server.java:run(1507)) - IPC Server Responder: starting
2021-12-06 20:45:16,528 [IPC Server listener on 10938] INFO  ipc.Server (Server.java:run(1344)) - IPC Server listener on 10938: starting
2021-12-06 20:45:16,544 [Listener at localhost/10938] INFO  om.OzoneManager (OzoneManager.java:startTrashEmptier(1734)) - Trash Interval set to 0. Files deleted will not move to trash
2021-12-06 20:45:16,544 [org.apache.hadoop.util.JvmPauseMonitor$Monitor@1e829174] INFO  util.JvmPauseMonitor (JvmPauseMonitor.java:run(188)) - Starting JVM pause monitor
]]></system-out>
  </testcase>
  <testcase name="testCancelPrepare" classname="org.apache.hadoop.ozone.om.TestOzoneManagerPrepare" time="11.665"/>
  <testcase name="testPrepareWithTransactions" classname="org.apache.hadoop.ozone.om.TestOzoneManagerPrepare" time="21.331"/>
  <testcase name="testPrepareDownedOM" classname="org.apache.hadoop.ozone.om.TestOzoneManagerPrepare" time="13.176"/>
  <testcase name="testPrepareWithRestart" classname="org.apache.hadoop.ozone.om.TestOzoneManagerPrepare" time="61.498"/>
</testsuite>