<?xml version="1.0" encoding="UTF-8"?>
<testsuite xmlns:xsi="http://www.w3.org/2001/XMLSchema-instance" xsi:noNamespaceSchemaLocation="https://maven.apache.org/surefire/maven-surefire-plugin/xsd/surefire-test-report.xsd" name="org.apache.hadoop.ozone.om.TestOzoneManagerBootstrap" time="166.282" tests="3" errors="1" skipped="0" failures="0">
  <properties>
    <property name="awt.toolkit" value="sun.awt.X11.XToolkit"/>
    <property name="file.encoding.pkg" value="sun.io"/>
    <property name="java.specification.version" value="1.8"/>
    <property name="sun.cpu.isalist" value=""/>
    <property name="sun.jnu.encoding" value="UTF-8"/>
    <property name="java.class.path" value="/home/runner/work/ozone/ozone/hadoop-ozone/integration-test/target/test-classes:/home/runner/work/ozone/ozone/hadoop-ozone/integration-test/target/classes:/home/runner/.m2/repository/org/apache/ozone/ozone-common/1.2.0-SNAPSHOT/ozone-common-1.2.0-SNAPSHOT.jar:/home/runner/.m2/repository/org/apache/commons/commons-compress/1.20/commons-compress-1.20.jar:/home/runner/.m2/repository/org/apache/ozone/hdds-common/1.2.0-SNAPSHOT/hdds-common-1.2.0-SNAPSHOT.jar:/home/runner/.m2/repository/org/apache/ozone/hdds-client/1.2.0-SNAPSHOT/hdds-client-1.2.0-SNAPSHOT.jar:/home/runner/.m2/repository/org/apache/ozone/ozone-interface-client/1.2.0-SNAPSHOT/ozone-interface-client-1.2.0-SNAPSHOT.jar:/home/runner/.m2/repository/org/apache/ozone/hdds-server-framework/1.2.0-SNAPSHOT/hdds-server-framework-1.2.0-SNAPSHOT.jar:/home/runner/.m2/repository/org/apache/ozone/hdds-interface-server/1.2.0-SNAPSHOT/hdds-interface-server-1.2.0-SNAPSHOT.jar:/home/runner/.m2/repository/org/eclipse/jetty/jetty-servlet/9.4.43.v20210629/jetty-servlet-9.4.43.v20210629.jar:/home/runner/.m2/repository/org/eclipse/jetty/jetty-security/9.4.43.v20210629/jetty-security-9.4.43.v20210629.jar:/home/runner/.m2/repository/org/rocksdb/rocksdbjni/6.20.3/rocksdbjni-6.20.3.jar:/home/runner/.m2/repository/io/prometheus/simpleclient_dropwizard/0.7.0/simpleclient_dropwizard-0.7.0.jar:/home/runner/.m2/repository/io/prometheus/simpleclient/0.7.0/simpleclient-0.7.0.jar:/home/runner/.m2/repository/io/prometheus/simpleclient_common/0.7.0/simpleclient_common-0.7.0.jar:/home/runner/.m2/repository/com/fasterxml/jackson/datatype/jackson-datatype-jsr310/2.12.1/jackson-datatype-jsr310-2.12.1.jar:/home/runner/.m2/repository/org/apache/ozone/hdds-test-utils/1.2.0-SNAPSHOT/hdds-test-utils-1.2.0-SNAPSHOT.jar:/home/runner/.m2/repository/com/google/guava/guava/30.1.1-jre/guava-30.1.1-jre.jar:/home/runner/.m2/repository/com/google/guava/failureaccess/1.0.1/failureaccess-1.0.1.jar:/home/runner/.m2/repository/com/google/guava/listenablefuture/9999.0-empty-to-avoid-conflict-with-guava/listenablefuture-9999.0-empty-to-avoid-conflict-with-guava.jar:/home/runner/.m2/repository/com/google/code/findbugs/jsr305/3.0.0/jsr305-3.0.0.jar:/home/runner/.m2/repository/org/checkerframework/checker-qual/3.8.0/checker-qual-3.8.0.jar:/home/runner/.m2/repository/com/google/errorprone/error_prone_annotations/2.2.0/error_prone_annotations-2.2.0.jar:/home/runner/.m2/repository/com/google/j2objc/j2objc-annotations/1.3/j2objc-annotations-1.3.jar:/home/runner/.m2/repository/commons-io/commons-io/2.8.0/commons-io-2.8.0.jar:/home/runner/.m2/repository/commons-logging/commons-logging/1.2/commons-logging-1.2.jar:/home/runner/.m2/repository/log4j/log4j/1.2.17/log4j-1.2.17.jar:/home/runner/.m2/repository/org/slf4j/slf4j-api/1.7.30/slf4j-api-1.7.30.jar:/home/runner/.m2/repository/org/apache/ozone/hdds-server-scm/1.2.0-SNAPSHOT/hdds-server-scm-1.2.0-SNAPSHOT.jar:/home/runner/.m2/repository/org/apache/ozone/hdds-container-service/1.2.0-SNAPSHOT/hdds-container-service-1.2.0-SNAPSHOT.jar:/home/runner/.m2/repository/org/apache/ozone/hdds-hadoop-dependency-server/1.2.0-SNAPSHOT/hdds-hadoop-dependency-server-1.2.0-SNAPSHOT.jar:/home/runner/.m2/repository/org/apache/hadoop/hadoop-hdfs/3.3.1/hadoop-hdfs-3.3.1.jar:/home/runner/.m2/repository/io/dropwizard/metrics/metrics-core/3.2.4/metrics-core-3.2.4.jar:/home/runner/.m2/repository/org/apache/hadoop/hadoop-hdfs-client/3.3.1/hadoop-hdfs-client-3.3.1.jar:/home/runner/.m2/repository/org/bouncycastle/bcprov-jdk15on/1.67/bcprov-jdk15on-1.67.jar:/home/runner/.m2/repository/com/google/protobuf/protobuf-java/2.5.0/protobuf-java-2.5.0.jar:/home/runner/.m2/repository/org/apache/ozone/ozone-manager/1.2.0-SNAPSHOT/ozone-manager-1.2.0-SNAPSHOT.jar:/home/runner/.m2/repository/org/aspectj/aspectjrt/1.8.9/aspectjrt-1.8.9.jar:/home/runner/.m2/repository/org/aspectj/aspectjweaver/1.8.9/aspectjweaver-1.8.9.jar:/home/runner/.m2/repository/org/apache/ozone/hdds-interface-client/1.2.0-SNAPSHOT/hdds-interface-client-1.2.0-SNAPSHOT.jar:/home/runner/.m2/repository/org/apache/hadoop/thirdparty/hadoop-shaded-protobuf_3_7/1.1.1/hadoop-shaded-protobuf_3_7-1.1.1.jar:/home/runner/.m2/repository/org/apache/ratis/ratis-thirdparty-misc/0.7.0/ratis-thirdparty-misc-0.7.0.jar:/home/runner/.m2/repository/org/apache/ozone/ozone-interface-storage/1.2.0-SNAPSHOT/ozone-interface-storage-1.2.0-SNAPSHOT.jar:/home/runner/.m2/repository/org/reflections/reflections/0.9.11/reflections-0.9.11.jar:/home/runner/.m2/repository/org/apache/hadoop/hadoop-minikdc/3.3.1/hadoop-minikdc-3.3.1.jar:/home/runner/.m2/repository/org/apache/kerby/kerb-simplekdc/1.0.1/kerb-simplekdc-1.0.1.jar:/home/runner/.m2/repository/org/apache/kerby/kerb-client/1.0.1/kerb-client-1.0.1.jar:/home/runner/.m2/repository/org/apache/kerby/kerby-config/1.0.1/kerby-config-1.0.1.jar:/home/runner/.m2/repository/org/apache/kerby/kerb-common/1.0.1/kerb-common-1.0.1.jar:/home/runner/.m2/repository/org/apache/kerby/kerb-crypto/1.0.1/kerb-crypto-1.0.1.jar:/home/runner/.m2/repository/org/apache/kerby/kerb-util/1.0.1/kerb-util-1.0.1.jar:/home/runner/.m2/repository/org/apache/kerby/token-provider/1.0.1/token-provider-1.0.1.jar:/home/runner/.m2/repository/org/apache/kerby/kerb-admin/1.0.1/kerb-admin-1.0.1.jar:/home/runner/.m2/repository/org/apache/kerby/kerb-server/1.0.1/kerb-server-1.0.1.jar:/home/runner/.m2/repository/org/apache/kerby/kerb-identity/1.0.1/kerb-identity-1.0.1.jar:/home/runner/.m2/repository/org/apache/kerby/kerby-xdr/1.0.1/kerby-xdr-1.0.1.jar:/home/runner/.m2/repository/org/slf4j/slf4j-log4j12/1.7.30/slf4j-log4j12-1.7.30.jar:/home/runner/.m2/repository/org/apache/ozone/ozone-s3gateway/1.2.0-SNAPSHOT/ozone-s3gateway-1.2.0-SNAPSHOT.jar:/home/runner/.m2/repository/org/javassist/javassist/3.21.0-GA/javassist-3.21.0-GA.jar:/home/runner/.m2/repository/org/jboss/weld/servlet/weld-servlet/2.4.7.Final/weld-servlet-2.4.7.Final.jar:/home/runner/.m2/repository/org/glassfish/jersey/containers/jersey-container-servlet-core/2.33/jersey-container-servlet-core-2.33.jar:/home/runner/.m2/repository/org/glassfish/hk2/external/jakarta.inject/2.6.1/jakarta.inject-2.6.1.jar:/home/runner/.m2/repository/org/glassfish/jersey/core/jersey-common/2.33/jersey-common-2.33.jar:/home/runner/.m2/repository/jakarta/ws/rs/jakarta.ws.rs-api/2.1.6/jakarta.ws.rs-api-2.1.6.jar:/home/runner/.m2/repository/org/glassfish/jersey/ext/cdi/jersey-cdi1x/2.33/jersey-cdi1x-2.33.jar:/home/runner/.m2/repository/org/glassfish/jersey/inject/jersey-hk2/2.33/jersey-hk2-2.33.jar:/home/runner/.m2/repository/org/glassfish/hk2/hk2-locator/2.6.1/hk2-locator-2.6.1.jar:/home/runner/.m2/repository/org/glassfish/jersey/media/jersey-media-jaxb/2.33/jersey-media-jaxb-2.33.jar:/home/runner/.m2/repository/org/glassfish/hk2/osgi-resource-locator/1.0.3/osgi-resource-locator-1.0.3.jar:/home/runner/.m2/repository/org/glassfish/hk2/hk2-api/2.5.0/hk2-api-2.5.0.jar:/home/runner/.m2/repository/org/glassfish/hk2/hk2-utils/2.5.0/hk2-utils-2.5.0.jar:/home/runner/.m2/repository/org/glassfish/hk2/external/aopalliance-repackaged/2.5.0/aopalliance-repackaged-2.5.0.jar:/home/runner/.m2/repository/com/fasterxml/jackson/dataformat/jackson-dataformat-xml/2.12.1/jackson-dataformat-xml-2.12.1.jar:/home/runner/.m2/repository/com/fasterxml/jackson/core/jackson-core/2.12.1/jackson-core-2.12.1.jar:/home/runner/.m2/repository/com/fasterxml/jackson/module/jackson-module-jaxb-annotations/2.12.1/jackson-module-jaxb-annotations-2.12.1.jar:/home/runner/.m2/repository/jakarta/xml/bind/jakarta.xml.bind-api/2.3.2/jakarta.xml.bind-api-2.3.2.jar:/home/runner/.m2/repository/org/codehaus/woodstox/stax2-api/3.1.4/stax2-api-3.1.4.jar:/home/runner/.m2/repository/com/fasterxml/woodstox/woodstox-core/5.0.3/woodstox-core-5.0.3.jar:/home/runner/.m2/repository/javax/enterprise/cdi-api/1.2/cdi-api-1.2.jar:/home/runner/.m2/repository/javax/el/javax.el-api/3.0.0/javax.el-api-3.0.0.jar:/home/runner/.m2/repository/javax/interceptor/javax.interceptor-api/1.2/javax.interceptor-api-1.2.jar:/home/runner/.m2/repository/javax/inject/javax.inject/1/javax.inject-1.jar:/home/runner/.m2/repository/javax/xml/bind/jaxb-api/2.3.0/jaxb-api-2.3.0.jar:/home/runner/.m2/repository/org/glassfish/jaxb/jaxb-runtime/2.3.0.1/jaxb-runtime-2.3.0.1.jar:/home/runner/.m2/repository/org/glassfish/jaxb/jaxb-core/2.3.0.1/jaxb-core-2.3.0.1.jar:/home/runner/.m2/repository/org/glassfish/jaxb/txw2/2.3.0.1/txw2-2.3.0.1.jar:/home/runner/.m2/repository/com/sun/istack/istack-commons-runtime/3.0.5/istack-commons-runtime-3.0.5.jar:/home/runner/.m2/repository/org/jvnet/staxex/stax-ex/1.7.8/stax-ex-1.7.8.jar:/home/runner/.m2/repository/com/sun/xml/fastinfoset/FastInfoset/1.2.13/FastInfoset-1.2.13.jar:/home/runner/.m2/repository/javax/activation/activation/1.1.1/activation-1.1.1.jar:/home/runner/.m2/repository/org/apache/ozone/ozone-csi/1.2.0-SNAPSHOT/ozone-csi-1.2.0-SNAPSHOT.jar:/home/runner/.m2/repository/com/google/protobuf/protobuf-java-util/3.12.0/protobuf-java-util-3.12.0.jar:/home/runner/.m2/repository/com/google/code/gson/gson/2.2.4/gson-2.2.4.jar:/home/runner/.m2/repository/org/apache/ozone/hdds-config/1.2.0-SNAPSHOT/hdds-config-1.2.0-SNAPSHOT.jar:/home/runner/.m2/repository/io/grpc/grpc-netty/1.33.0/grpc-netty-1.33.0.jar:/home/runner/.m2/repository/io/grpc/grpc-core/1.33.0/grpc-core-1.33.0.jar:/home/runner/.m2/repository/com/google/android/annotations/4.1.1.4/annotations-4.1.1.4.jar:/home/runner/.m2/repository/io/netty/netty-codec-http2/4.1.63.Final/netty-codec-http2-4.1.63.Final.jar:/home/runner/.m2/repository/io/netty/netty-codec-http/4.1.63.Final/netty-codec-http-4.1.63.Final.jar:/home/runner/.m2/repository/io/netty/netty-handler-proxy/4.1.63.Final/netty-handler-proxy-4.1.63.Final.jar:/home/runner/.m2/repository/io/netty/netty-codec-socks/4.1.63.Final/netty-codec-socks-4.1.63.Final.jar:/home/runner/.m2/repository/io/perfmark/perfmark-api/0.19.0/perfmark-api-0.19.0.jar:/home/runner/.m2/repository/org/codehaus/mojo/animal-sniffer-annotations/1.18/animal-sniffer-annotations-1.18.jar:/home/runner/.m2/repository/io/netty/netty-transport-native-epoll/4.1.63.Final/netty-transport-native-epoll-4.1.63.Final.jar:/home/runner/.m2/repository/io/netty/netty-common/4.1.63.Final/netty-common-4.1.63.Final.jar:/home/runner/.m2/repository/io/netty/netty-buffer/4.1.63.Final/netty-buffer-4.1.63.Final.jar:/home/runner/.m2/repository/io/netty/netty-transport-native-unix-common/4.1.63.Final/netty-transport-native-unix-common-4.1.63.Final.jar:/home/runner/.m2/repository/io/grpc/grpc-protobuf/1.33.0/grpc-protobuf-1.33.0.jar:/home/runner/.m2/repository/io/grpc/grpc-api/1.33.0/grpc-api-1.33.0.jar:/home/runner/.m2/repository/io/grpc/grpc-context/1.33.0/grpc-context-1.33.0.jar:/home/runner/.m2/repository/com/google/api/grpc/proto-google-common-protos/1.17.0/proto-google-common-protos-1.17.0.jar:/home/runner/.m2/repository/io/grpc/grpc-protobuf-lite/1.33.0/grpc-protobuf-lite-1.33.0.jar:/home/runner/.m2/repository/io/grpc/grpc-stub/1.33.0/grpc-stub-1.33.0.jar:/home/runner/.m2/repository/org/apache/ozone/ozone-recon/1.2.0-SNAPSHOT/ozone-recon-1.2.0-SNAPSHOT.jar:/home/runner/.m2/repository/org/apache/ozone/ozone-reconcodegen/1.2.0-SNAPSHOT/ozone-reconcodegen-1.2.0-SNAPSHOT.jar:/home/runner/.m2/repository/com/google/inject/extensions/guice-multibindings/4.0/guice-multibindings-4.0.jar:/home/runner/.m2/repository/com/google/inject/guice/4.0/guice-4.0.jar:/home/runner/.m2/repository/aopalliance/aopalliance/1.0/aopalliance-1.0.jar:/home/runner/.m2/repository/com/google/inject/extensions/guice-assistedinject/4.0/guice-assistedinject-4.0.jar:/home/runner/.m2/repository/com/google/inject/extensions/guice-servlet/4.0/guice-servlet-4.0.jar:/home/runner/.m2/repository/org/glassfish/jersey/containers/jersey-container-servlet/2.33/jersey-container-servlet-2.33.jar:/home/runner/.m2/repository/org/glassfish/hk2/guice-bridge/2.5.0/guice-bridge-2.5.0.jar:/home/runner/.m2/repository/org/glassfish/jersey/core/jersey-server/2.33/jersey-server-2.33.jar:/home/runner/.m2/repository/org/glassfish/jersey/core/jersey-client/2.33/jersey-client-2.33.jar:/home/runner/.m2/repository/jakarta/annotation/jakarta.annotation-api/1.3.5/jakarta.annotation-api-1.3.5.jar:/home/runner/.m2/repository/jakarta/validation/jakarta.validation-api/2.0.2/jakarta.validation-api-2.0.2.jar:/home/runner/.m2/repository/org/glassfish/jersey/media/jersey-media-json-jackson/2.33/jersey-media-json-jackson-2.33.jar:/home/runner/.m2/repository/org/glassfish/jersey/ext/jersey-entity-filtering/2.33/jersey-entity-filtering-2.33.jar:/home/runner/.m2/repository/org/jooq/jooq/3.11.10/jooq-3.11.10.jar:/home/runner/.m2/repository/org/jooq/jooq-meta/3.11.10/jooq-meta-3.11.10.jar:/home/runner/.m2/repository/org/jooq/jooq-codegen/3.11.10/jooq-codegen-3.11.10.jar:/home/runner/.m2/repository/com/jolbox/bonecp/0.8.0.RELEASE/bonecp-0.8.0.RELEASE.jar:/home/runner/.m2/repository/org/apache/derby/derby/10.14.2.0/derby-10.14.2.0.jar:/home/runner/.m2/repository/org/xerial/sqlite-jdbc/3.25.2/sqlite-jdbc-3.25.2.jar:/home/runner/.m2/repository/org/springframework/spring-jdbc/5.2.11.RELEASE/spring-jdbc-5.2.11.RELEASE.jar:/home/runner/.m2/repository/org/springframework/spring-beans/5.2.11.RELEASE/spring-beans-5.2.11.RELEASE.jar:/home/runner/.m2/repository/org/springframework/spring-core/5.2.11.RELEASE/spring-core-5.2.11.RELEASE.jar:/home/runner/.m2/repository/org/springframework/spring-jcl/5.2.11.RELEASE/spring-jcl-5.2.11.RELEASE.jar:/home/runner/.m2/repository/org/springframework/spring-tx/5.2.11.RELEASE/spring-tx-5.2.11.RELEASE.jar:/home/runner/.m2/repository/org/apache/ozone/ozone-client/1.2.0-SNAPSHOT/ozone-client-1.2.0-SNAPSHOT.jar:/home/runner/.m2/repository/org/apache/ozone/ozone-filesystem/1.2.0-SNAPSHOT/ozone-filesystem-1.2.0-SNAPSHOT.jar:/home/runner/.m2/repository/org/apache/ozone/ozone-filesystem-common/1.2.0-SNAPSHOT/ozone-filesystem-common-1.2.0-SNAPSHOT.jar:/home/runner/.m2/repository/org/apache/ozone/ozone-tools/1.2.0-SNAPSHOT/ozone-tools-1.2.0-SNAPSHOT.jar:/home/runner/.m2/repository/org/apache/ratis/ratis-tools/2.1.0/ratis-tools-2.1.0.jar:/home/runner/.m2/repository/org/apache/ratis/ratis-proto/2.1.0/ratis-proto-2.1.0.jar:/home/runner/.m2/repository/org/apache/ratis/ratis-common/2.1.0/ratis-common-2.1.0.jar:/home/runner/.m2/repository/com/amazonaws/aws-java-sdk-core/1.11.901/aws-java-sdk-core-1.11.901.jar:/home/runner/.m2/repository/org/apache/httpcomponents/httpclient/4.5.13/httpclient-4.5.13.jar:/home/runner/.m2/repository/org/apache/httpcomponents/httpcore/4.4.13/httpcore-4.4.13.jar:/home/runner/.m2/repository/software/amazon/ion/ion-java/1.0.2/ion-java-1.0.2.jar:/home/runner/.m2/repository/com/fasterxml/jackson/dataformat/jackson-dataformat-cbor/2.12.1/jackson-dataformat-cbor-2.12.1.jar:/home/runner/.m2/repository/joda-time/joda-time/2.8.1/joda-time-2.8.1.jar:/home/runner/.m2/repository/com/amazonaws/aws-java-sdk-s3/1.11.901/aws-java-sdk-s3-1.11.901.jar:/home/runner/.m2/repository/com/amazonaws/aws-java-sdk-kms/1.11.901/aws-java-sdk-kms-1.11.901.jar:/home/runner/.m2/repository/com/amazonaws/jmespath-java/1.11.901/jmespath-java-1.11.901.jar:/home/runner/.m2/repository/org/kohsuke/metainf-services/metainf-services/1.8/metainf-services-1.8.jar:/home/runner/.m2/repository/org/apache/ozone/hdds-tools/1.2.0-SNAPSHOT/hdds-tools-1.2.0-SNAPSHOT.jar:/home/runner/.m2/repository/commons-cli/commons-cli/1.2/commons-cli-1.2.jar:/home/runner/.m2/repository/org/apache/commons/commons-lang3/3.7/commons-lang3-3.7.jar:/home/runner/.m2/repository/org/apache/ozone/ozone-manager/1.2.0-SNAPSHOT/ozone-manager-1.2.0-SNAPSHOT-tests.jar:/home/runner/.m2/repository/org/apache/ozone/hdds-common/1.2.0-SNAPSHOT/hdds-common-1.2.0-SNAPSHOT-tests.jar:/home/runner/.m2/repository/org/apache/ozone/hdds-hadoop-dependency-client/1.2.0-SNAPSHOT/hdds-hadoop-dependency-client-1.2.0-SNAPSHOT.jar:/home/runner/.m2/repository/info/picocli/picocli/4.4.0/picocli-4.4.0.jar:/home/runner/.m2/repository/com/fasterxml/jackson/core/jackson-annotations/2.12.1/jackson-annotations-2.12.1.jar:/home/runner/.m2/repository/javax/annotation/javax.annotation-api/1.2/javax.annotation-api-1.2.jar:/home/runner/.m2/repository/org/apache/ratis/ratis-server/2.1.0/ratis-server-2.1.0.jar:/home/runner/.m2/repository/org/apache/ratis/ratis-client/2.1.0/ratis-client-2.1.0.jar:/home/runner/.m2/repository/org/apache/ratis/ratis-server-api/2.1.0/ratis-server-api-2.1.0.jar:/home/runner/.m2/repository/org/apache/ratis/ratis-metrics/2.1.0/ratis-metrics-2.1.0.jar:/home/runner/.m2/repository/org/apache/ratis/ratis-netty/2.1.0/ratis-netty-2.1.0.jar:/home/runner/.m2/repository/org/apache/ratis/ratis-grpc/2.1.0/ratis-grpc-2.1.0.jar:/home/runner/.m2/repository/org/apache/logging/log4j/log4j-api/2.13.3/log4j-api-2.13.3.jar:/home/runner/.m2/repository/org/apache/logging/log4j/log4j-core/2.13.3/log4j-core-2.13.3.jar:/home/runner/.m2/repository/com/lmax/disruptor/3.4.2/disruptor-3.4.2.jar:/home/runner/.m2/repository/org/apache/commons/commons-pool2/2.6.0/commons-pool2-2.6.0.jar:/home/runner/.m2/repository/org/bouncycastle/bcpkix-jdk15on/1.67/bcpkix-jdk15on-1.67.jar:/home/runner/.m2/repository/commons-validator/commons-validator/1.6/commons-validator-1.6.jar:/home/runner/.m2/repository/commons-beanutils/commons-beanutils/1.9.4/commons-beanutils-1.9.4.jar:/home/runner/.m2/repository/commons-digester/commons-digester/1.8.1/commons-digester-1.8.1.jar:/home/runner/.m2/repository/commons-collections/commons-collections/3.2.2/commons-collections-3.2.2.jar:/home/runner/.m2/repository/io/jaegertracing/jaeger-client/1.6.0/jaeger-client-1.6.0.jar:/home/runner/.m2/repository/io/jaegertracing/jaeger-thrift/1.6.0/jaeger-thrift-1.6.0.jar:/home/runner/.m2/repository/org/apache/thrift/libthrift/0.14.1/libthrift-0.14.1.jar:/home/runner/.m2/repository/com/squareup/okhttp3/okhttp/4.9.0/okhttp-4.9.0.jar:/home/runner/.m2/repository/com/squareup/okio/okio/2.8.0/okio-2.8.0.jar:/home/runner/.m2/repository/io/jaegertracing/jaeger-core/1.6.0/jaeger-core-1.6.0.jar:/home/runner/.m2/repository/io/jaegertracing/jaeger-tracerresolver/1.6.0/jaeger-tracerresolver-1.6.0.jar:/home/runner/.m2/repository/io/opentracing/contrib/opentracing-tracerresolver/0.1.8/opentracing-tracerresolver-0.1.8.jar:/home/runner/.m2/repository/org/jetbrains/kotlin/kotlin-stdlib/1.4.31/kotlin-stdlib-1.4.31.jar:/home/runner/.m2/repository/org/jetbrains/kotlin/kotlin-stdlib-common/1.4.31/kotlin-stdlib-common-1.4.31.jar:/home/runner/.m2/repository/org/jetbrains/annotations/13.0/annotations-13.0.jar:/home/runner/.m2/repository/io/opentracing/opentracing-util/0.33.0/opentracing-util-0.33.0.jar:/home/runner/.m2/repository/io/opentracing/opentracing-api/0.33.0/opentracing-api-0.33.0.jar:/home/runner/.m2/repository/io/opentracing/opentracing-noop/0.33.0/opentracing-noop-0.33.0.jar:/home/runner/.m2/repository/org/yaml/snakeyaml/1.26/snakeyaml-1.26.jar:/home/runner/.m2/repository/org/apache/ozone/hdds-interface-admin/1.2.0-SNAPSHOT/hdds-interface-admin-1.2.0-SNAPSHOT.jar:/home/runner/.m2/repository/junit/junit/4.13.1/junit-4.13.1.jar:/home/runner/.m2/repository/org/hamcrest/hamcrest-core/1.3/hamcrest-core-1.3.jar:/home/runner/.m2/repository/org/junit/jupiter/junit-jupiter-api/5.7.0/junit-jupiter-api-5.7.0.jar:/home/runner/.m2/repository/org/apiguardian/apiguardian-api/1.1.0/apiguardian-api-1.1.0.jar:/home/runner/.m2/repository/org/opentest4j/opentest4j/1.2.0/opentest4j-1.2.0.jar:/home/runner/.m2/repository/org/junit/platform/junit-platform-commons/1.7.0/junit-platform-commons-1.7.0.jar:/home/runner/.m2/repository/org/junit/jupiter/junit-jupiter-engine/5.7.0/junit-jupiter-engine-5.7.0.jar:/home/runner/.m2/repository/org/junit/platform/junit-platform-engine/1.7.0/junit-platform-engine-1.7.0.jar:/home/runner/.m2/repository/org/junit/vintage/junit-vintage-engine/5.7.0/junit-vintage-engine-5.7.0.jar:/home/runner/.m2/repository/org/junit/platform/junit-platform-launcher/1.7.0/junit-platform-launcher-1.7.0.jar:/home/runner/.m2/repository/org/openjdk/jmh/jmh-core/1.19/jmh-core-1.19.jar:/home/runner/.m2/repository/net/sf/jopt-simple/jopt-simple/4.6/jopt-simple-4.6.jar:/home/runner/.m2/repository/org/apache/commons/commons-math3/3.1.1/commons-math3-3.1.1.jar:/home/runner/.m2/repository/org/openjdk/jmh/jmh-generator-annprocess/1.19/jmh-generator-annprocess-1.19.jar:/home/runner/.m2/repository/org/mockito/mockito-core/2.28.2/mockito-core-2.28.2.jar:/home/runner/.m2/repository/net/bytebuddy/byte-buddy/1.9.10/byte-buddy-1.9.10.jar:/home/runner/.m2/repository/net/bytebuddy/byte-buddy-agent/1.9.10/byte-buddy-agent-1.9.10.jar:/home/runner/.m2/repository/org/objenesis/objenesis/1.0/objenesis-1.0.jar:/home/runner/.m2/repository/org/apache/hadoop/hadoop-kms/3.3.1/hadoop-kms-3.3.1.jar:/home/runner/.m2/repository/org/apache/hadoop/hadoop-auth/3.3.1/hadoop-auth-3.3.1.jar:/home/runner/.m2/repository/com/nimbusds/nimbus-jose-jwt/7.9/nimbus-jose-jwt-7.9.jar:/home/runner/.m2/repository/com/github/stephenc/jcip/jcip-annotations/1.0-1/jcip-annotations-1.0-1.jar:/home/runner/.m2/repository/net/minidev/json-smart/2.3/json-smart-2.3.jar:/home/runner/.m2/repository/net/minidev/accessors-smart/1.2/accessors-smart-1.2.jar:/home/runner/.m2/repository/org/ow2/asm/asm/5.0.4/asm-5.0.4.jar:/home/runner/.m2/repository/org/apache/zookeeper/zookeeper/3.5.6/zookeeper-3.5.6.jar:/home/runner/.m2/repository/org/apache/zookeeper/zookeeper-jute/3.5.6/zookeeper-jute-3.5.6.jar:/home/runner/.m2/repository/org/apache/yetus/audience-annotations/0.5.0/audience-annotations-0.5.0.jar:/home/runner/.m2/repository/org/apache/curator/curator-framework/4.2.0/curator-framework-4.2.0.jar:/home/runner/.m2/repository/org/apache/hadoop/thirdparty/hadoop-shaded-guava/1.1.1/hadoop-shaded-guava-1.1.1.jar:/home/runner/.m2/repository/com/sun/jersey/jersey-core/1.19/jersey-core-1.19.jar:/home/runner/.m2/repository/javax/ws/rs/jsr311-api/1.1.1/jsr311-api-1.1.1.jar:/home/runner/.m2/repository/com/sun/jersey/jersey-server/1.19/jersey-server-1.19.jar:/home/runner/.m2/repository/javax/servlet/javax.servlet-api/3.1.0/javax.servlet-api-3.1.0.jar:/home/runner/.m2/repository/org/eclipse/jetty/jetty-server/9.4.43.v20210629/jetty-server-9.4.43.v20210629.jar:/home/runner/.m2/repository/org/eclipse/jetty/jetty-http/9.4.43.v20210629/jetty-http-9.4.43.v20210629.jar:/home/runner/.m2/repository/org/eclipse/jetty/jetty-io/9.4.43.v20210629/jetty-io-9.4.43.v20210629.jar:/home/runner/.m2/repository/org/eclipse/jetty/jetty-webapp/9.4.43.v20210629/jetty-webapp-9.4.43.v20210629.jar:/home/runner/.m2/repository/org/eclipse/jetty/jetty-xml/9.4.43.v20210629/jetty-xml-9.4.43.v20210629.jar:/home/runner/.m2/repository/org/apache/hadoop/hadoop-common/3.3.1/hadoop-common-3.3.1.jar:/home/runner/.m2/repository/commons-net/commons-net/3.6/commons-net-3.6.jar:/home/runner/.m2/repository/jakarta/activation/jakarta.activation-api/1.2.1/jakarta.activation-api-1.2.1.jar:/home/runner/.m2/repository/com/sun/jersey/jersey-servlet/1.19/jersey-servlet-1.19.jar:/home/runner/.m2/repository/com/sun/jersey/jersey-json/1.19/jersey-json-1.19.jar:/home/runner/.m2/repository/org/codehaus/jettison/jettison/1.1/jettison-1.1.jar:/home/runner/.m2/repository/com/sun/xml/bind/jaxb-impl/2.2.3-1/jaxb-impl-2.2.3-1.jar:/home/runner/.m2/repository/org/codehaus/jackson/jackson-jaxrs/1.9.2/jackson-jaxrs-1.9.2.jar:/home/runner/.m2/repository/org/codehaus/jackson/jackson-xc/1.9.2/jackson-xc-1.9.2.jar:/home/runner/.m2/repository/org/apache/commons/commons-configuration2/2.1.1/commons-configuration2-2.1.1.jar:/home/runner/.m2/repository/org/apache/commons/commons-text/1.4/commons-text-1.4.jar:/home/runner/.m2/repository/com/google/re2j/re2j/1.1/re2j-1.1.jar:/home/runner/.m2/repository/com/jcraft/jsch/0.1.54/jsch-0.1.54.jar:/home/runner/.m2/repository/org/apache/curator/curator-client/4.2.0/curator-client-4.2.0.jar:/home/runner/.m2/repository/org/apache/curator/curator-recipes/4.2.0/curator-recipes-4.2.0.jar:/home/runner/.m2/repository/org/apache/kerby/kerb-core/1.0.1/kerb-core-1.0.1.jar:/home/runner/.m2/repository/org/apache/kerby/kerby-pkix/1.0.1/kerby-pkix-1.0.1.jar:/home/runner/.m2/repository/org/apache/kerby/kerby-asn1/1.0.1/kerby-asn1-1.0.1.jar:/home/runner/.m2/repository/org/apache/kerby/kerby-util/1.0.1/kerby-util-1.0.1.jar:/home/runner/.m2/repository/dnsjava/dnsjava/2.1.7/dnsjava-2.1.7.jar:/home/runner/.m2/repository/org/xerial/snappy/snappy-java/1.1.8.2/snappy-java-1.1.8.2.jar:/home/runner/.m2/repository/org/slf4j/jul-to-slf4j/1.7.30/jul-to-slf4j-1.7.30.jar:/home/runner/.m2/repository/org/eclipse/jetty/jetty-util/9.4.43.v20210629/jetty-util-9.4.43.v20210629.jar:/home/runner/.m2/repository/com/fasterxml/jackson/core/jackson-databind/2.12.1/jackson-databind-2.12.1.jar:/home/runner/.m2/repository/org/apache/hadoop/hadoop-kms/3.3.1/hadoop-kms-3.3.1-tests.jar:/home/runner/.m2/repository/org/apache/ozone/hdds-server-scm/1.2.0-SNAPSHOT/hdds-server-scm-1.2.0-SNAPSHOT-tests.jar:/home/runner/.m2/repository/org/apache/ozone/hdds-container-service/1.2.0-SNAPSHOT/hdds-container-service-1.2.0-SNAPSHOT-tests.jar:/home/runner/.m2/repository/commons-codec/commons-codec/1.11/commons-codec-1.11.jar:/home/runner/.m2/repository/io/netty/netty-transport/4.1.63.Final/netty-transport-4.1.63.Final.jar:/home/runner/.m2/repository/io/netty/netty-resolver/4.1.63.Final/netty-resolver-4.1.63.Final.jar:/home/runner/.m2/repository/io/netty/netty-codec/4.1.63.Final/netty-codec-4.1.63.Final.jar:/home/runner/.m2/repository/io/netty/netty-handler/4.1.63.Final/netty-handler-4.1.63.Final.jar:/home/runner/.m2/repository/org/apache/ozone/hdds-hadoop-dependency-test/1.2.0-SNAPSHOT/hdds-hadoop-dependency-test-1.2.0-SNAPSHOT.jar:/home/runner/.m2/repository/org/apache/hadoop/hadoop-common/3.3.1/hadoop-common-3.3.1-tests.jar:/home/runner/.m2/repository/org/assertj/assertj-core/3.12.2/assertj-core-3.12.2.jar:/home/runner/.m2/repository/org/apache/hadoop/hadoop-hdfs/3.3.1/hadoop-hdfs-3.3.1-tests.jar:/home/runner/.m2/repository/org/eclipse/jetty/jetty-util-ajax/9.4.43.v20210629/jetty-util-ajax-9.4.43.v20210629.jar:/home/runner/.m2/repository/commons-daemon/commons-daemon/1.0.13/commons-daemon-1.0.13.jar:/home/runner/.m2/repository/io/netty/netty/3.10.6.Final/netty-3.10.6.Final.jar:/home/runner/.m2/repository/io/netty/netty-all/4.1.63.Final/netty-all-4.1.63.Final.jar:/home/runner/.m2/repository/org/apache/htrace/htrace-core4/4.1.0-incubating/htrace-core4-4.1.0-incubating.jar:/home/runner/.m2/repository/org/fusesource/leveldbjni/leveldbjni-all/1.8/leveldbjni-all-1.8.jar:/home/runner/.m2/repository/org/apache/hadoop/hadoop-distcp/3.3.1/hadoop-distcp-3.3.1.jar:/home/runner/.m2/repository/org/apache/hadoop/hadoop-mapreduce-client-jobclient/3.3.1/hadoop-mapreduce-client-jobclient-3.3.1.jar:/home/runner/.m2/repository/org/apache/hadoop/hadoop-mapreduce-client-common/3.3.1/hadoop-mapreduce-client-common-3.3.1.jar:/home/runner/.m2/repository/org/apache/hadoop/hadoop-yarn-common/3.3.1/hadoop-yarn-common-3.3.1.jar:/home/runner/.m2/repository/org/apache/hadoop/hadoop-yarn-api/3.3.1/hadoop-yarn-api-3.3.1.jar:/home/runner/.m2/repository/com/sun/jersey/jersey-client/1.19/jersey-client-1.19.jar:/home/runner/.m2/repository/com/sun/jersey/contribs/jersey-guice/1.19/jersey-guice-1.19.jar:/home/runner/.m2/repository/com/fasterxml/jackson/jaxrs/jackson-jaxrs-json-provider/2.12.1/jackson-jaxrs-json-provider-2.12.1.jar:/home/runner/.m2/repository/com/fasterxml/jackson/jaxrs/jackson-jaxrs-base/2.12.1/jackson-jaxrs-base-2.12.1.jar:/home/runner/.m2/repository/org/apache/hadoop/hadoop-yarn-client/3.3.1/hadoop-yarn-client-3.3.1.jar:/home/runner/.m2/repository/org/eclipse/jetty/websocket/websocket-client/9.4.40.v20210413/websocket-client-9.4.40.v20210413.jar:/home/runner/.m2/repository/org/eclipse/jetty/jetty-client/9.4.40.v20210413/jetty-client-9.4.40.v20210413.jar:/home/runner/.m2/repository/org/eclipse/jetty/websocket/websocket-common/9.4.40.v20210413/websocket-common-9.4.40.v20210413.jar:/home/runner/.m2/repository/org/eclipse/jetty/websocket/websocket-api/9.4.40.v20210413/websocket-api-9.4.40.v20210413.jar:/home/runner/.m2/repository/org/jline/jline/3.9.0/jline-3.9.0.jar:/home/runner/.m2/repository/org/apache/hadoop/hadoop-mapreduce-client-core/3.3.1/hadoop-mapreduce-client-core-3.3.1.jar:/home/runner/.m2/repository/org/apache/avro/avro/1.7.7/avro-1.7.7.jar:/home/runner/.m2/repository/org/codehaus/jackson/jackson-core-asl/1.9.13/jackson-core-asl-1.9.13.jar:/home/runner/.m2/repository/org/codehaus/jackson/jackson-mapper-asl/1.9.13/jackson-mapper-asl-1.9.13.jar:/home/runner/.m2/repository/com/thoughtworks/paranamer/paranamer/2.3/paranamer-2.3.jar:/home/runner/.m2/repository/org/apache/hadoop/hadoop-annotations/3.3.1/hadoop-annotations-3.3.1.jar:/usr/lib/jvm/adoptopenjdk-8-hotspot-amd64/jre/../lib/tools.jar:/home/runner/.m2/repository/org/apache/hadoop/hadoop-distcp/3.3.1/hadoop-distcp-3.3.1-tests.jar:"/>
    <property name="java.vm.vendor" value="AdoptOpenJDK"/>
    <property name="sun.arch.data.model" value="64"/>
    <property name="test.build.dir" value="/home/runner/work/ozone/ozone/hadoop-ozone/integration-test/target/test-dir"/>
    <property name="test.cache.data" value=""/>
    <property name="java.vendor.url" value="https://adoptopenjdk.net/"/>
    <property name="user.timezone" value=""/>
    <property name="java.vm.specification.version" value="1.8"/>
    <property name="os.name" value="Linux"/>
    <property name="test.build.data" value="/home/runner/work/ozone/ozone/hadoop-ozone/integration-test/target/test-dir"/>
    <property name="sun.java.launcher" value="SUN_STANDARD"/>
    <property name="sun.boot.library.path" value="/usr/lib/jvm/adoptopenjdk-8-hotspot-amd64/jre/lib/amd64"/>
    <property name="sun.java.command" value="/home/runner/work/ozone/ozone/hadoop-ozone/integration-test/target/surefire/surefirebooter3212065304478210679.jar /home/runner/work/ozone/ozone/hadoop-ozone/integration-test/target/surefire 2021-08-10T06-40-03_370-jvmRun1 surefire5493469982551100676tmp surefire_367029084739863830780tmp"/>
    <property name="surefire.test.class.path" value="/home/runner/work/ozone/ozone/hadoop-ozone/integration-test/target/test-classes:/home/runner/work/ozone/ozone/hadoop-ozone/integration-test/target/classes:/home/runner/.m2/repository/org/apache/ozone/ozone-common/1.2.0-SNAPSHOT/ozone-common-1.2.0-SNAPSHOT.jar:/home/runner/.m2/repository/org/apache/commons/commons-compress/1.20/commons-compress-1.20.jar:/home/runner/.m2/repository/org/apache/ozone/hdds-common/1.2.0-SNAPSHOT/hdds-common-1.2.0-SNAPSHOT.jar:/home/runner/.m2/repository/org/apache/ozone/hdds-client/1.2.0-SNAPSHOT/hdds-client-1.2.0-SNAPSHOT.jar:/home/runner/.m2/repository/org/apache/ozone/ozone-interface-client/1.2.0-SNAPSHOT/ozone-interface-client-1.2.0-SNAPSHOT.jar:/home/runner/.m2/repository/org/apache/ozone/hdds-server-framework/1.2.0-SNAPSHOT/hdds-server-framework-1.2.0-SNAPSHOT.jar:/home/runner/.m2/repository/org/apache/ozone/hdds-interface-server/1.2.0-SNAPSHOT/hdds-interface-server-1.2.0-SNAPSHOT.jar:/home/runner/.m2/repository/org/eclipse/jetty/jetty-servlet/9.4.43.v20210629/jetty-servlet-9.4.43.v20210629.jar:/home/runner/.m2/repository/org/eclipse/jetty/jetty-security/9.4.43.v20210629/jetty-security-9.4.43.v20210629.jar:/home/runner/.m2/repository/org/rocksdb/rocksdbjni/6.20.3/rocksdbjni-6.20.3.jar:/home/runner/.m2/repository/io/prometheus/simpleclient_dropwizard/0.7.0/simpleclient_dropwizard-0.7.0.jar:/home/runner/.m2/repository/io/prometheus/simpleclient/0.7.0/simpleclient-0.7.0.jar:/home/runner/.m2/repository/io/prometheus/simpleclient_common/0.7.0/simpleclient_common-0.7.0.jar:/home/runner/.m2/repository/com/fasterxml/jackson/datatype/jackson-datatype-jsr310/2.12.1/jackson-datatype-jsr310-2.12.1.jar:/home/runner/.m2/repository/org/apache/ozone/hdds-test-utils/1.2.0-SNAPSHOT/hdds-test-utils-1.2.0-SNAPSHOT.jar:/home/runner/.m2/repository/com/google/guava/guava/30.1.1-jre/guava-30.1.1-jre.jar:/home/runner/.m2/repository/com/google/guava/failureaccess/1.0.1/failureaccess-1.0.1.jar:/home/runner/.m2/repository/com/google/guava/listenablefuture/9999.0-empty-to-avoid-conflict-with-guava/listenablefuture-9999.0-empty-to-avoid-conflict-with-guava.jar:/home/runner/.m2/repository/com/google/code/findbugs/jsr305/3.0.0/jsr305-3.0.0.jar:/home/runner/.m2/repository/org/checkerframework/checker-qual/3.8.0/checker-qual-3.8.0.jar:/home/runner/.m2/repository/com/google/errorprone/error_prone_annotations/2.2.0/error_prone_annotations-2.2.0.jar:/home/runner/.m2/repository/com/google/j2objc/j2objc-annotations/1.3/j2objc-annotations-1.3.jar:/home/runner/.m2/repository/commons-io/commons-io/2.8.0/commons-io-2.8.0.jar:/home/runner/.m2/repository/commons-logging/commons-logging/1.2/commons-logging-1.2.jar:/home/runner/.m2/repository/log4j/log4j/1.2.17/log4j-1.2.17.jar:/home/runner/.m2/repository/org/slf4j/slf4j-api/1.7.30/slf4j-api-1.7.30.jar:/home/runner/.m2/repository/org/apache/ozone/hdds-server-scm/1.2.0-SNAPSHOT/hdds-server-scm-1.2.0-SNAPSHOT.jar:/home/runner/.m2/repository/org/apache/ozone/hdds-container-service/1.2.0-SNAPSHOT/hdds-container-service-1.2.0-SNAPSHOT.jar:/home/runner/.m2/repository/org/apache/ozone/hdds-hadoop-dependency-server/1.2.0-SNAPSHOT/hdds-hadoop-dependency-server-1.2.0-SNAPSHOT.jar:/home/runner/.m2/repository/org/apache/hadoop/hadoop-hdfs/3.3.1/hadoop-hdfs-3.3.1.jar:/home/runner/.m2/repository/io/dropwizard/metrics/metrics-core/3.2.4/metrics-core-3.2.4.jar:/home/runner/.m2/repository/org/apache/hadoop/hadoop-hdfs-client/3.3.1/hadoop-hdfs-client-3.3.1.jar:/home/runner/.m2/repository/org/bouncycastle/bcprov-jdk15on/1.67/bcprov-jdk15on-1.67.jar:/home/runner/.m2/repository/com/google/protobuf/protobuf-java/2.5.0/protobuf-java-2.5.0.jar:/home/runner/.m2/repository/org/apache/ozone/ozone-manager/1.2.0-SNAPSHOT/ozone-manager-1.2.0-SNAPSHOT.jar:/home/runner/.m2/repository/org/aspectj/aspectjrt/1.8.9/aspectjrt-1.8.9.jar:/home/runner/.m2/repository/org/aspectj/aspectjweaver/1.8.9/aspectjweaver-1.8.9.jar:/home/runner/.m2/repository/org/apache/ozone/hdds-interface-client/1.2.0-SNAPSHOT/hdds-interface-client-1.2.0-SNAPSHOT.jar:/home/runner/.m2/repository/org/apache/hadoop/thirdparty/hadoop-shaded-protobuf_3_7/1.1.1/hadoop-shaded-protobuf_3_7-1.1.1.jar:/home/runner/.m2/repository/org/apache/ratis/ratis-thirdparty-misc/0.7.0/ratis-thirdparty-misc-0.7.0.jar:/home/runner/.m2/repository/org/apache/ozone/ozone-interface-storage/1.2.0-SNAPSHOT/ozone-interface-storage-1.2.0-SNAPSHOT.jar:/home/runner/.m2/repository/org/reflections/reflections/0.9.11/reflections-0.9.11.jar:/home/runner/.m2/repository/org/apache/hadoop/hadoop-minikdc/3.3.1/hadoop-minikdc-3.3.1.jar:/home/runner/.m2/repository/org/apache/kerby/kerb-simplekdc/1.0.1/kerb-simplekdc-1.0.1.jar:/home/runner/.m2/repository/org/apache/kerby/kerb-client/1.0.1/kerb-client-1.0.1.jar:/home/runner/.m2/repository/org/apache/kerby/kerby-config/1.0.1/kerby-config-1.0.1.jar:/home/runner/.m2/repository/org/apache/kerby/kerb-common/1.0.1/kerb-common-1.0.1.jar:/home/runner/.m2/repository/org/apache/kerby/kerb-crypto/1.0.1/kerb-crypto-1.0.1.jar:/home/runner/.m2/repository/org/apache/kerby/kerb-util/1.0.1/kerb-util-1.0.1.jar:/home/runner/.m2/repository/org/apache/kerby/token-provider/1.0.1/token-provider-1.0.1.jar:/home/runner/.m2/repository/org/apache/kerby/kerb-admin/1.0.1/kerb-admin-1.0.1.jar:/home/runner/.m2/repository/org/apache/kerby/kerb-server/1.0.1/kerb-server-1.0.1.jar:/home/runner/.m2/repository/org/apache/kerby/kerb-identity/1.0.1/kerb-identity-1.0.1.jar:/home/runner/.m2/repository/org/apache/kerby/kerby-xdr/1.0.1/kerby-xdr-1.0.1.jar:/home/runner/.m2/repository/org/slf4j/slf4j-log4j12/1.7.30/slf4j-log4j12-1.7.30.jar:/home/runner/.m2/repository/org/apache/ozone/ozone-s3gateway/1.2.0-SNAPSHOT/ozone-s3gateway-1.2.0-SNAPSHOT.jar:/home/runner/.m2/repository/org/javassist/javassist/3.21.0-GA/javassist-3.21.0-GA.jar:/home/runner/.m2/repository/org/jboss/weld/servlet/weld-servlet/2.4.7.Final/weld-servlet-2.4.7.Final.jar:/home/runner/.m2/repository/org/glassfish/jersey/containers/jersey-container-servlet-core/2.33/jersey-container-servlet-core-2.33.jar:/home/runner/.m2/repository/org/glassfish/hk2/external/jakarta.inject/2.6.1/jakarta.inject-2.6.1.jar:/home/runner/.m2/repository/org/glassfish/jersey/core/jersey-common/2.33/jersey-common-2.33.jar:/home/runner/.m2/repository/jakarta/ws/rs/jakarta.ws.rs-api/2.1.6/jakarta.ws.rs-api-2.1.6.jar:/home/runner/.m2/repository/org/glassfish/jersey/ext/cdi/jersey-cdi1x/2.33/jersey-cdi1x-2.33.jar:/home/runner/.m2/repository/org/glassfish/jersey/inject/jersey-hk2/2.33/jersey-hk2-2.33.jar:/home/runner/.m2/repository/org/glassfish/hk2/hk2-locator/2.6.1/hk2-locator-2.6.1.jar:/home/runner/.m2/repository/org/glassfish/jersey/media/jersey-media-jaxb/2.33/jersey-media-jaxb-2.33.jar:/home/runner/.m2/repository/org/glassfish/hk2/osgi-resource-locator/1.0.3/osgi-resource-locator-1.0.3.jar:/home/runner/.m2/repository/org/glassfish/hk2/hk2-api/2.5.0/hk2-api-2.5.0.jar:/home/runner/.m2/repository/org/glassfish/hk2/hk2-utils/2.5.0/hk2-utils-2.5.0.jar:/home/runner/.m2/repository/org/glassfish/hk2/external/aopalliance-repackaged/2.5.0/aopalliance-repackaged-2.5.0.jar:/home/runner/.m2/repository/com/fasterxml/jackson/dataformat/jackson-dataformat-xml/2.12.1/jackson-dataformat-xml-2.12.1.jar:/home/runner/.m2/repository/com/fasterxml/jackson/core/jackson-core/2.12.1/jackson-core-2.12.1.jar:/home/runner/.m2/repository/com/fasterxml/jackson/module/jackson-module-jaxb-annotations/2.12.1/jackson-module-jaxb-annotations-2.12.1.jar:/home/runner/.m2/repository/jakarta/xml/bind/jakarta.xml.bind-api/2.3.2/jakarta.xml.bind-api-2.3.2.jar:/home/runner/.m2/repository/org/codehaus/woodstox/stax2-api/3.1.4/stax2-api-3.1.4.jar:/home/runner/.m2/repository/com/fasterxml/woodstox/woodstox-core/5.0.3/woodstox-core-5.0.3.jar:/home/runner/.m2/repository/javax/enterprise/cdi-api/1.2/cdi-api-1.2.jar:/home/runner/.m2/repository/javax/el/javax.el-api/3.0.0/javax.el-api-3.0.0.jar:/home/runner/.m2/repository/javax/interceptor/javax.interceptor-api/1.2/javax.interceptor-api-1.2.jar:/home/runner/.m2/repository/javax/inject/javax.inject/1/javax.inject-1.jar:/home/runner/.m2/repository/javax/xml/bind/jaxb-api/2.3.0/jaxb-api-2.3.0.jar:/home/runner/.m2/repository/org/glassfish/jaxb/jaxb-runtime/2.3.0.1/jaxb-runtime-2.3.0.1.jar:/home/runner/.m2/repository/org/glassfish/jaxb/jaxb-core/2.3.0.1/jaxb-core-2.3.0.1.jar:/home/runner/.m2/repository/org/glassfish/jaxb/txw2/2.3.0.1/txw2-2.3.0.1.jar:/home/runner/.m2/repository/com/sun/istack/istack-commons-runtime/3.0.5/istack-commons-runtime-3.0.5.jar:/home/runner/.m2/repository/org/jvnet/staxex/stax-ex/1.7.8/stax-ex-1.7.8.jar:/home/runner/.m2/repository/com/sun/xml/fastinfoset/FastInfoset/1.2.13/FastInfoset-1.2.13.jar:/home/runner/.m2/repository/javax/activation/activation/1.1.1/activation-1.1.1.jar:/home/runner/.m2/repository/org/apache/ozone/ozone-csi/1.2.0-SNAPSHOT/ozone-csi-1.2.0-SNAPSHOT.jar:/home/runner/.m2/repository/com/google/protobuf/protobuf-java-util/3.12.0/protobuf-java-util-3.12.0.jar:/home/runner/.m2/repository/com/google/code/gson/gson/2.2.4/gson-2.2.4.jar:/home/runner/.m2/repository/org/apache/ozone/hdds-config/1.2.0-SNAPSHOT/hdds-config-1.2.0-SNAPSHOT.jar:/home/runner/.m2/repository/io/grpc/grpc-netty/1.33.0/grpc-netty-1.33.0.jar:/home/runner/.m2/repository/io/grpc/grpc-core/1.33.0/grpc-core-1.33.0.jar:/home/runner/.m2/repository/com/google/android/annotations/4.1.1.4/annotations-4.1.1.4.jar:/home/runner/.m2/repository/io/netty/netty-codec-http2/4.1.63.Final/netty-codec-http2-4.1.63.Final.jar:/home/runner/.m2/repository/io/netty/netty-codec-http/4.1.63.Final/netty-codec-http-4.1.63.Final.jar:/home/runner/.m2/repository/io/netty/netty-handler-proxy/4.1.63.Final/netty-handler-proxy-4.1.63.Final.jar:/home/runner/.m2/repository/io/netty/netty-codec-socks/4.1.63.Final/netty-codec-socks-4.1.63.Final.jar:/home/runner/.m2/repository/io/perfmark/perfmark-api/0.19.0/perfmark-api-0.19.0.jar:/home/runner/.m2/repository/org/codehaus/mojo/animal-sniffer-annotations/1.18/animal-sniffer-annotations-1.18.jar:/home/runner/.m2/repository/io/netty/netty-transport-native-epoll/4.1.63.Final/netty-transport-native-epoll-4.1.63.Final.jar:/home/runner/.m2/repository/io/netty/netty-common/4.1.63.Final/netty-common-4.1.63.Final.jar:/home/runner/.m2/repository/io/netty/netty-buffer/4.1.63.Final/netty-buffer-4.1.63.Final.jar:/home/runner/.m2/repository/io/netty/netty-transport-native-unix-common/4.1.63.Final/netty-transport-native-unix-common-4.1.63.Final.jar:/home/runner/.m2/repository/io/grpc/grpc-protobuf/1.33.0/grpc-protobuf-1.33.0.jar:/home/runner/.m2/repository/io/grpc/grpc-api/1.33.0/grpc-api-1.33.0.jar:/home/runner/.m2/repository/io/grpc/grpc-context/1.33.0/grpc-context-1.33.0.jar:/home/runner/.m2/repository/com/google/api/grpc/proto-google-common-protos/1.17.0/proto-google-common-protos-1.17.0.jar:/home/runner/.m2/repository/io/grpc/grpc-protobuf-lite/1.33.0/grpc-protobuf-lite-1.33.0.jar:/home/runner/.m2/repository/io/grpc/grpc-stub/1.33.0/grpc-stub-1.33.0.jar:/home/runner/.m2/repository/org/apache/ozone/ozone-recon/1.2.0-SNAPSHOT/ozone-recon-1.2.0-SNAPSHOT.jar:/home/runner/.m2/repository/org/apache/ozone/ozone-reconcodegen/1.2.0-SNAPSHOT/ozone-reconcodegen-1.2.0-SNAPSHOT.jar:/home/runner/.m2/repository/com/google/inject/extensions/guice-multibindings/4.0/guice-multibindings-4.0.jar:/home/runner/.m2/repository/com/google/inject/guice/4.0/guice-4.0.jar:/home/runner/.m2/repository/aopalliance/aopalliance/1.0/aopalliance-1.0.jar:/home/runner/.m2/repository/com/google/inject/extensions/guice-assistedinject/4.0/guice-assistedinject-4.0.jar:/home/runner/.m2/repository/com/google/inject/extensions/guice-servlet/4.0/guice-servlet-4.0.jar:/home/runner/.m2/repository/org/glassfish/jersey/containers/jersey-container-servlet/2.33/jersey-container-servlet-2.33.jar:/home/runner/.m2/repository/org/glassfish/hk2/guice-bridge/2.5.0/guice-bridge-2.5.0.jar:/home/runner/.m2/repository/org/glassfish/jersey/core/jersey-server/2.33/jersey-server-2.33.jar:/home/runner/.m2/repository/org/glassfish/jersey/core/jersey-client/2.33/jersey-client-2.33.jar:/home/runner/.m2/repository/jakarta/annotation/jakarta.annotation-api/1.3.5/jakarta.annotation-api-1.3.5.jar:/home/runner/.m2/repository/jakarta/validation/jakarta.validation-api/2.0.2/jakarta.validation-api-2.0.2.jar:/home/runner/.m2/repository/org/glassfish/jersey/media/jersey-media-json-jackson/2.33/jersey-media-json-jackson-2.33.jar:/home/runner/.m2/repository/org/glassfish/jersey/ext/jersey-entity-filtering/2.33/jersey-entity-filtering-2.33.jar:/home/runner/.m2/repository/org/jooq/jooq/3.11.10/jooq-3.11.10.jar:/home/runner/.m2/repository/org/jooq/jooq-meta/3.11.10/jooq-meta-3.11.10.jar:/home/runner/.m2/repository/org/jooq/jooq-codegen/3.11.10/jooq-codegen-3.11.10.jar:/home/runner/.m2/repository/com/jolbox/bonecp/0.8.0.RELEASE/bonecp-0.8.0.RELEASE.jar:/home/runner/.m2/repository/org/apache/derby/derby/10.14.2.0/derby-10.14.2.0.jar:/home/runner/.m2/repository/org/xerial/sqlite-jdbc/3.25.2/sqlite-jdbc-3.25.2.jar:/home/runner/.m2/repository/org/springframework/spring-jdbc/5.2.11.RELEASE/spring-jdbc-5.2.11.RELEASE.jar:/home/runner/.m2/repository/org/springframework/spring-beans/5.2.11.RELEASE/spring-beans-5.2.11.RELEASE.jar:/home/runner/.m2/repository/org/springframework/spring-core/5.2.11.RELEASE/spring-core-5.2.11.RELEASE.jar:/home/runner/.m2/repository/org/springframework/spring-jcl/5.2.11.RELEASE/spring-jcl-5.2.11.RELEASE.jar:/home/runner/.m2/repository/org/springframework/spring-tx/5.2.11.RELEASE/spring-tx-5.2.11.RELEASE.jar:/home/runner/.m2/repository/org/apache/ozone/ozone-client/1.2.0-SNAPSHOT/ozone-client-1.2.0-SNAPSHOT.jar:/home/runner/.m2/repository/org/apache/ozone/ozone-filesystem/1.2.0-SNAPSHOT/ozone-filesystem-1.2.0-SNAPSHOT.jar:/home/runner/.m2/repository/org/apache/ozone/ozone-filesystem-common/1.2.0-SNAPSHOT/ozone-filesystem-common-1.2.0-SNAPSHOT.jar:/home/runner/.m2/repository/org/apache/ozone/ozone-tools/1.2.0-SNAPSHOT/ozone-tools-1.2.0-SNAPSHOT.jar:/home/runner/.m2/repository/org/apache/ratis/ratis-tools/2.1.0/ratis-tools-2.1.0.jar:/home/runner/.m2/repository/org/apache/ratis/ratis-proto/2.1.0/ratis-proto-2.1.0.jar:/home/runner/.m2/repository/org/apache/ratis/ratis-common/2.1.0/ratis-common-2.1.0.jar:/home/runner/.m2/repository/com/amazonaws/aws-java-sdk-core/1.11.901/aws-java-sdk-core-1.11.901.jar:/home/runner/.m2/repository/org/apache/httpcomponents/httpclient/4.5.13/httpclient-4.5.13.jar:/home/runner/.m2/repository/org/apache/httpcomponents/httpcore/4.4.13/httpcore-4.4.13.jar:/home/runner/.m2/repository/software/amazon/ion/ion-java/1.0.2/ion-java-1.0.2.jar:/home/runner/.m2/repository/com/fasterxml/jackson/dataformat/jackson-dataformat-cbor/2.12.1/jackson-dataformat-cbor-2.12.1.jar:/home/runner/.m2/repository/joda-time/joda-time/2.8.1/joda-time-2.8.1.jar:/home/runner/.m2/repository/com/amazonaws/aws-java-sdk-s3/1.11.901/aws-java-sdk-s3-1.11.901.jar:/home/runner/.m2/repository/com/amazonaws/aws-java-sdk-kms/1.11.901/aws-java-sdk-kms-1.11.901.jar:/home/runner/.m2/repository/com/amazonaws/jmespath-java/1.11.901/jmespath-java-1.11.901.jar:/home/runner/.m2/repository/org/kohsuke/metainf-services/metainf-services/1.8/metainf-services-1.8.jar:/home/runner/.m2/repository/org/apache/ozone/hdds-tools/1.2.0-SNAPSHOT/hdds-tools-1.2.0-SNAPSHOT.jar:/home/runner/.m2/repository/commons-cli/commons-cli/1.2/commons-cli-1.2.jar:/home/runner/.m2/repository/org/apache/commons/commons-lang3/3.7/commons-lang3-3.7.jar:/home/runner/.m2/repository/org/apache/ozone/ozone-manager/1.2.0-SNAPSHOT/ozone-manager-1.2.0-SNAPSHOT-tests.jar:/home/runner/.m2/repository/org/apache/ozone/hdds-common/1.2.0-SNAPSHOT/hdds-common-1.2.0-SNAPSHOT-tests.jar:/home/runner/.m2/repository/org/apache/ozone/hdds-hadoop-dependency-client/1.2.0-SNAPSHOT/hdds-hadoop-dependency-client-1.2.0-SNAPSHOT.jar:/home/runner/.m2/repository/info/picocli/picocli/4.4.0/picocli-4.4.0.jar:/home/runner/.m2/repository/com/fasterxml/jackson/core/jackson-annotations/2.12.1/jackson-annotations-2.12.1.jar:/home/runner/.m2/repository/javax/annotation/javax.annotation-api/1.2/javax.annotation-api-1.2.jar:/home/runner/.m2/repository/org/apache/ratis/ratis-server/2.1.0/ratis-server-2.1.0.jar:/home/runner/.m2/repository/org/apache/ratis/ratis-client/2.1.0/ratis-client-2.1.0.jar:/home/runner/.m2/repository/org/apache/ratis/ratis-server-api/2.1.0/ratis-server-api-2.1.0.jar:/home/runner/.m2/repository/org/apache/ratis/ratis-metrics/2.1.0/ratis-metrics-2.1.0.jar:/home/runner/.m2/repository/org/apache/ratis/ratis-netty/2.1.0/ratis-netty-2.1.0.jar:/home/runner/.m2/repository/org/apache/ratis/ratis-grpc/2.1.0/ratis-grpc-2.1.0.jar:/home/runner/.m2/repository/org/apache/logging/log4j/log4j-api/2.13.3/log4j-api-2.13.3.jar:/home/runner/.m2/repository/org/apache/logging/log4j/log4j-core/2.13.3/log4j-core-2.13.3.jar:/home/runner/.m2/repository/com/lmax/disruptor/3.4.2/disruptor-3.4.2.jar:/home/runner/.m2/repository/org/apache/commons/commons-pool2/2.6.0/commons-pool2-2.6.0.jar:/home/runner/.m2/repository/org/bouncycastle/bcpkix-jdk15on/1.67/bcpkix-jdk15on-1.67.jar:/home/runner/.m2/repository/commons-validator/commons-validator/1.6/commons-validator-1.6.jar:/home/runner/.m2/repository/commons-beanutils/commons-beanutils/1.9.4/commons-beanutils-1.9.4.jar:/home/runner/.m2/repository/commons-digester/commons-digester/1.8.1/commons-digester-1.8.1.jar:/home/runner/.m2/repository/commons-collections/commons-collections/3.2.2/commons-collections-3.2.2.jar:/home/runner/.m2/repository/io/jaegertracing/jaeger-client/1.6.0/jaeger-client-1.6.0.jar:/home/runner/.m2/repository/io/jaegertracing/jaeger-thrift/1.6.0/jaeger-thrift-1.6.0.jar:/home/runner/.m2/repository/org/apache/thrift/libthrift/0.14.1/libthrift-0.14.1.jar:/home/runner/.m2/repository/com/squareup/okhttp3/okhttp/4.9.0/okhttp-4.9.0.jar:/home/runner/.m2/repository/com/squareup/okio/okio/2.8.0/okio-2.8.0.jar:/home/runner/.m2/repository/io/jaegertracing/jaeger-core/1.6.0/jaeger-core-1.6.0.jar:/home/runner/.m2/repository/io/jaegertracing/jaeger-tracerresolver/1.6.0/jaeger-tracerresolver-1.6.0.jar:/home/runner/.m2/repository/io/opentracing/contrib/opentracing-tracerresolver/0.1.8/opentracing-tracerresolver-0.1.8.jar:/home/runner/.m2/repository/org/jetbrains/kotlin/kotlin-stdlib/1.4.31/kotlin-stdlib-1.4.31.jar:/home/runner/.m2/repository/org/jetbrains/kotlin/kotlin-stdlib-common/1.4.31/kotlin-stdlib-common-1.4.31.jar:/home/runner/.m2/repository/org/jetbrains/annotations/13.0/annotations-13.0.jar:/home/runner/.m2/repository/io/opentracing/opentracing-util/0.33.0/opentracing-util-0.33.0.jar:/home/runner/.m2/repository/io/opentracing/opentracing-api/0.33.0/opentracing-api-0.33.0.jar:/home/runner/.m2/repository/io/opentracing/opentracing-noop/0.33.0/opentracing-noop-0.33.0.jar:/home/runner/.m2/repository/org/yaml/snakeyaml/1.26/snakeyaml-1.26.jar:/home/runner/.m2/repository/org/apache/ozone/hdds-interface-admin/1.2.0-SNAPSHOT/hdds-interface-admin-1.2.0-SNAPSHOT.jar:/home/runner/.m2/repository/junit/junit/4.13.1/junit-4.13.1.jar:/home/runner/.m2/repository/org/hamcrest/hamcrest-core/1.3/hamcrest-core-1.3.jar:/home/runner/.m2/repository/org/junit/jupiter/junit-jupiter-api/5.7.0/junit-jupiter-api-5.7.0.jar:/home/runner/.m2/repository/org/apiguardian/apiguardian-api/1.1.0/apiguardian-api-1.1.0.jar:/home/runner/.m2/repository/org/opentest4j/opentest4j/1.2.0/opentest4j-1.2.0.jar:/home/runner/.m2/repository/org/junit/platform/junit-platform-commons/1.7.0/junit-platform-commons-1.7.0.jar:/home/runner/.m2/repository/org/junit/jupiter/junit-jupiter-engine/5.7.0/junit-jupiter-engine-5.7.0.jar:/home/runner/.m2/repository/org/junit/platform/junit-platform-engine/1.7.0/junit-platform-engine-1.7.0.jar:/home/runner/.m2/repository/org/junit/vintage/junit-vintage-engine/5.7.0/junit-vintage-engine-5.7.0.jar:/home/runner/.m2/repository/org/junit/platform/junit-platform-launcher/1.7.0/junit-platform-launcher-1.7.0.jar:/home/runner/.m2/repository/org/openjdk/jmh/jmh-core/1.19/jmh-core-1.19.jar:/home/runner/.m2/repository/net/sf/jopt-simple/jopt-simple/4.6/jopt-simple-4.6.jar:/home/runner/.m2/repository/org/apache/commons/commons-math3/3.1.1/commons-math3-3.1.1.jar:/home/runner/.m2/repository/org/openjdk/jmh/jmh-generator-annprocess/1.19/jmh-generator-annprocess-1.19.jar:/home/runner/.m2/repository/org/mockito/mockito-core/2.28.2/mockito-core-2.28.2.jar:/home/runner/.m2/repository/net/bytebuddy/byte-buddy/1.9.10/byte-buddy-1.9.10.jar:/home/runner/.m2/repository/net/bytebuddy/byte-buddy-agent/1.9.10/byte-buddy-agent-1.9.10.jar:/home/runner/.m2/repository/org/objenesis/objenesis/1.0/objenesis-1.0.jar:/home/runner/.m2/repository/org/apache/hadoop/hadoop-kms/3.3.1/hadoop-kms-3.3.1.jar:/home/runner/.m2/repository/org/apache/hadoop/hadoop-auth/3.3.1/hadoop-auth-3.3.1.jar:/home/runner/.m2/repository/com/nimbusds/nimbus-jose-jwt/7.9/nimbus-jose-jwt-7.9.jar:/home/runner/.m2/repository/com/github/stephenc/jcip/jcip-annotations/1.0-1/jcip-annotations-1.0-1.jar:/home/runner/.m2/repository/net/minidev/json-smart/2.3/json-smart-2.3.jar:/home/runner/.m2/repository/net/minidev/accessors-smart/1.2/accessors-smart-1.2.jar:/home/runner/.m2/repository/org/ow2/asm/asm/5.0.4/asm-5.0.4.jar:/home/runner/.m2/repository/org/apache/zookeeper/zookeeper/3.5.6/zookeeper-3.5.6.jar:/home/runner/.m2/repository/org/apache/zookeeper/zookeeper-jute/3.5.6/zookeeper-jute-3.5.6.jar:/home/runner/.m2/repository/org/apache/yetus/audience-annotations/0.5.0/audience-annotations-0.5.0.jar:/home/runner/.m2/repository/org/apache/curator/curator-framework/4.2.0/curator-framework-4.2.0.jar:/home/runner/.m2/repository/org/apache/hadoop/thirdparty/hadoop-shaded-guava/1.1.1/hadoop-shaded-guava-1.1.1.jar:/home/runner/.m2/repository/com/sun/jersey/jersey-core/1.19/jersey-core-1.19.jar:/home/runner/.m2/repository/javax/ws/rs/jsr311-api/1.1.1/jsr311-api-1.1.1.jar:/home/runner/.m2/repository/com/sun/jersey/jersey-server/1.19/jersey-server-1.19.jar:/home/runner/.m2/repository/javax/servlet/javax.servlet-api/3.1.0/javax.servlet-api-3.1.0.jar:/home/runner/.m2/repository/org/eclipse/jetty/jetty-server/9.4.43.v20210629/jetty-server-9.4.43.v20210629.jar:/home/runner/.m2/repository/org/eclipse/jetty/jetty-http/9.4.43.v20210629/jetty-http-9.4.43.v20210629.jar:/home/runner/.m2/repository/org/eclipse/jetty/jetty-io/9.4.43.v20210629/jetty-io-9.4.43.v20210629.jar:/home/runner/.m2/repository/org/eclipse/jetty/jetty-webapp/9.4.43.v20210629/jetty-webapp-9.4.43.v20210629.jar:/home/runner/.m2/repository/org/eclipse/jetty/jetty-xml/9.4.43.v20210629/jetty-xml-9.4.43.v20210629.jar:/home/runner/.m2/repository/org/apache/hadoop/hadoop-common/3.3.1/hadoop-common-3.3.1.jar:/home/runner/.m2/repository/commons-net/commons-net/3.6/commons-net-3.6.jar:/home/runner/.m2/repository/jakarta/activation/jakarta.activation-api/1.2.1/jakarta.activation-api-1.2.1.jar:/home/runner/.m2/repository/com/sun/jersey/jersey-servlet/1.19/jersey-servlet-1.19.jar:/home/runner/.m2/repository/com/sun/jersey/jersey-json/1.19/jersey-json-1.19.jar:/home/runner/.m2/repository/org/codehaus/jettison/jettison/1.1/jettison-1.1.jar:/home/runner/.m2/repository/com/sun/xml/bind/jaxb-impl/2.2.3-1/jaxb-impl-2.2.3-1.jar:/home/runner/.m2/repository/org/codehaus/jackson/jackson-jaxrs/1.9.2/jackson-jaxrs-1.9.2.jar:/home/runner/.m2/repository/org/codehaus/jackson/jackson-xc/1.9.2/jackson-xc-1.9.2.jar:/home/runner/.m2/repository/org/apache/commons/commons-configuration2/2.1.1/commons-configuration2-2.1.1.jar:/home/runner/.m2/repository/org/apache/commons/commons-text/1.4/commons-text-1.4.jar:/home/runner/.m2/repository/com/google/re2j/re2j/1.1/re2j-1.1.jar:/home/runner/.m2/repository/com/jcraft/jsch/0.1.54/jsch-0.1.54.jar:/home/runner/.m2/repository/org/apache/curator/curator-client/4.2.0/curator-client-4.2.0.jar:/home/runner/.m2/repository/org/apache/curator/curator-recipes/4.2.0/curator-recipes-4.2.0.jar:/home/runner/.m2/repository/org/apache/kerby/kerb-core/1.0.1/kerb-core-1.0.1.jar:/home/runner/.m2/repository/org/apache/kerby/kerby-pkix/1.0.1/kerby-pkix-1.0.1.jar:/home/runner/.m2/repository/org/apache/kerby/kerby-asn1/1.0.1/kerby-asn1-1.0.1.jar:/home/runner/.m2/repository/org/apache/kerby/kerby-util/1.0.1/kerby-util-1.0.1.jar:/home/runner/.m2/repository/dnsjava/dnsjava/2.1.7/dnsjava-2.1.7.jar:/home/runner/.m2/repository/org/xerial/snappy/snappy-java/1.1.8.2/snappy-java-1.1.8.2.jar:/home/runner/.m2/repository/org/slf4j/jul-to-slf4j/1.7.30/jul-to-slf4j-1.7.30.jar:/home/runner/.m2/repository/org/eclipse/jetty/jetty-util/9.4.43.v20210629/jetty-util-9.4.43.v20210629.jar:/home/runner/.m2/repository/com/fasterxml/jackson/core/jackson-databind/2.12.1/jackson-databind-2.12.1.jar:/home/runner/.m2/repository/org/apache/hadoop/hadoop-kms/3.3.1/hadoop-kms-3.3.1-tests.jar:/home/runner/.m2/repository/org/apache/ozone/hdds-server-scm/1.2.0-SNAPSHOT/hdds-server-scm-1.2.0-SNAPSHOT-tests.jar:/home/runner/.m2/repository/org/apache/ozone/hdds-container-service/1.2.0-SNAPSHOT/hdds-container-service-1.2.0-SNAPSHOT-tests.jar:/home/runner/.m2/repository/commons-codec/commons-codec/1.11/commons-codec-1.11.jar:/home/runner/.m2/repository/io/netty/netty-transport/4.1.63.Final/netty-transport-4.1.63.Final.jar:/home/runner/.m2/repository/io/netty/netty-resolver/4.1.63.Final/netty-resolver-4.1.63.Final.jar:/home/runner/.m2/repository/io/netty/netty-codec/4.1.63.Final/netty-codec-4.1.63.Final.jar:/home/runner/.m2/repository/io/netty/netty-handler/4.1.63.Final/netty-handler-4.1.63.Final.jar:/home/runner/.m2/repository/org/apache/ozone/hdds-hadoop-dependency-test/1.2.0-SNAPSHOT/hdds-hadoop-dependency-test-1.2.0-SNAPSHOT.jar:/home/runner/.m2/repository/org/apache/hadoop/hadoop-common/3.3.1/hadoop-common-3.3.1-tests.jar:/home/runner/.m2/repository/org/assertj/assertj-core/3.12.2/assertj-core-3.12.2.jar:/home/runner/.m2/repository/org/apache/hadoop/hadoop-hdfs/3.3.1/hadoop-hdfs-3.3.1-tests.jar:/home/runner/.m2/repository/org/eclipse/jetty/jetty-util-ajax/9.4.43.v20210629/jetty-util-ajax-9.4.43.v20210629.jar:/home/runner/.m2/repository/commons-daemon/commons-daemon/1.0.13/commons-daemon-1.0.13.jar:/home/runner/.m2/repository/io/netty/netty/3.10.6.Final/netty-3.10.6.Final.jar:/home/runner/.m2/repository/io/netty/netty-all/4.1.63.Final/netty-all-4.1.63.Final.jar:/home/runner/.m2/repository/org/apache/htrace/htrace-core4/4.1.0-incubating/htrace-core4-4.1.0-incubating.jar:/home/runner/.m2/repository/org/fusesource/leveldbjni/leveldbjni-all/1.8/leveldbjni-all-1.8.jar:/home/runner/.m2/repository/org/apache/hadoop/hadoop-distcp/3.3.1/hadoop-distcp-3.3.1.jar:/home/runner/.m2/repository/org/apache/hadoop/hadoop-mapreduce-client-jobclient/3.3.1/hadoop-mapreduce-client-jobclient-3.3.1.jar:/home/runner/.m2/repository/org/apache/hadoop/hadoop-mapreduce-client-common/3.3.1/hadoop-mapreduce-client-common-3.3.1.jar:/home/runner/.m2/repository/org/apache/hadoop/hadoop-yarn-common/3.3.1/hadoop-yarn-common-3.3.1.jar:/home/runner/.m2/repository/org/apache/hadoop/hadoop-yarn-api/3.3.1/hadoop-yarn-api-3.3.1.jar:/home/runner/.m2/repository/com/sun/jersey/jersey-client/1.19/jersey-client-1.19.jar:/home/runner/.m2/repository/com/sun/jersey/contribs/jersey-guice/1.19/jersey-guice-1.19.jar:/home/runner/.m2/repository/com/fasterxml/jackson/jaxrs/jackson-jaxrs-json-provider/2.12.1/jackson-jaxrs-json-provider-2.12.1.jar:/home/runner/.m2/repository/com/fasterxml/jackson/jaxrs/jackson-jaxrs-base/2.12.1/jackson-jaxrs-base-2.12.1.jar:/home/runner/.m2/repository/org/apache/hadoop/hadoop-yarn-client/3.3.1/hadoop-yarn-client-3.3.1.jar:/home/runner/.m2/repository/org/eclipse/jetty/websocket/websocket-client/9.4.40.v20210413/websocket-client-9.4.40.v20210413.jar:/home/runner/.m2/repository/org/eclipse/jetty/jetty-client/9.4.40.v20210413/jetty-client-9.4.40.v20210413.jar:/home/runner/.m2/repository/org/eclipse/jetty/websocket/websocket-common/9.4.40.v20210413/websocket-common-9.4.40.v20210413.jar:/home/runner/.m2/repository/org/eclipse/jetty/websocket/websocket-api/9.4.40.v20210413/websocket-api-9.4.40.v20210413.jar:/home/runner/.m2/repository/org/jline/jline/3.9.0/jline-3.9.0.jar:/home/runner/.m2/repository/org/apache/hadoop/hadoop-mapreduce-client-core/3.3.1/hadoop-mapreduce-client-core-3.3.1.jar:/home/runner/.m2/repository/org/apache/avro/avro/1.7.7/avro-1.7.7.jar:/home/runner/.m2/repository/org/codehaus/jackson/jackson-core-asl/1.9.13/jackson-core-asl-1.9.13.jar:/home/runner/.m2/repository/org/codehaus/jackson/jackson-mapper-asl/1.9.13/jackson-mapper-asl-1.9.13.jar:/home/runner/.m2/repository/com/thoughtworks/paranamer/paranamer/2.3/paranamer-2.3.jar:/home/runner/.m2/repository/org/apache/hadoop/hadoop-annotations/3.3.1/hadoop-annotations-3.3.1.jar:/usr/lib/jvm/adoptopenjdk-8-hotspot-amd64/jre/../lib/tools.jar:/home/runner/.m2/repository/org/apache/hadoop/hadoop-distcp/3.3.1/hadoop-distcp-3.3.1-tests.jar:"/>
    <property name="sun.cpu.endian" value="little"/>
    <property name="user.home" value="/home/runner"/>
    <property name="user.language" value="en"/>
    <property name="java.specification.vendor" value="Oracle Corporation"/>
    <property name="java.home" value="/usr/lib/jvm/adoptopenjdk-8-hotspot-amd64/jre"/>
    <property name="java.security.krb5.conf" value="/home/runner/work/ozone/ozone/hadoop-ozone/integration-test/target/test-classes/krb5.conf"/>
    <property name="basedir" value="/home/runner/work/ozone/ozone/hadoop-ozone/integration-test"/>
    <property name="file.separator" value="/"/>
    <property name="line.separator" value="&#10;"/>
    <property name="java.vm.specification.vendor" value="Oracle Corporation"/>
    <property name="java.specification.name" value="Java Platform API Specification"/>
    <property name="java.awt.graphicsenv" value="sun.awt.X11GraphicsEnvironment"/>
    <property name="skip.installnpx" value="true"/>
    <property name="surefire.real.class.path" value="/home/runner/work/ozone/ozone/hadoop-ozone/integration-test/target/surefire/surefirebooter3212065304478210679.jar:/home/runner/.m2/repository/org/jacoco/org.jacoco.agent/0.8.5/org.jacoco.agent-0.8.5-runtime.jar"/>
    <property name="hadoop.log.dir" value="/home/runner/work/ozone/ozone/hadoop-ozone/integration-test/target/log"/>
    <property name="sun.boot.class.path" value="/usr/lib/jvm/adoptopenjdk-8-hotspot-amd64/jre/lib/resources.jar:/usr/lib/jvm/adoptopenjdk-8-hotspot-amd64/jre/lib/rt.jar:/usr/lib/jvm/adoptopenjdk-8-hotspot-amd64/jre/lib/sunrsasign.jar:/usr/lib/jvm/adoptopenjdk-8-hotspot-amd64/jre/lib/jsse.jar:/usr/lib/jvm/adoptopenjdk-8-hotspot-amd64/jre/lib/jce.jar:/usr/lib/jvm/adoptopenjdk-8-hotspot-amd64/jre/lib/charsets.jar:/usr/lib/jvm/adoptopenjdk-8-hotspot-amd64/jre/lib/jfr.jar:/usr/lib/jvm/adoptopenjdk-8-hotspot-amd64/jre/classes"/>
    <property name="sun.management.compiler" value="HotSpot 64-Bit Tiered Compilers"/>
    <property name="skip.npx" value="true"/>
    <property name="java.runtime.version" value="1.8.0_292-b10"/>
    <property name="java.net.preferIPv4Stack" value="true"/>
    <property name="user.name" value="runner"/>
    <property name="path.separator" value=":"/>
    <property name="java.security.egd" value="file:///dev/urandom"/>
    <property name="os.version" value="5.4.0-1055-azure"/>
    <property name="java.endorsed.dirs" value="/usr/lib/jvm/adoptopenjdk-8-hotspot-amd64/jre/lib/endorsed"/>
    <property name="java.runtime.name" value="OpenJDK Runtime Environment"/>
    <property name="file.encoding" value="UTF-8"/>
    <property name="java.vm.name" value="OpenJDK 64-Bit Server VM"/>
    <property name="test.build.webapps" value=""/>
    <property name="localRepository" value="/home/runner/.m2/repository"/>
    <property name="java.vendor.url.bug" value="https://github.com/AdoptOpenJDK/openjdk-support/issues"/>
    <property name="java.io.tmpdir" value="/tmp"/>
    <property name="require.test.libhadoop" value=""/>
    <property name="java.version" value="1.8.0_292"/>
    <property name="user.dir" value="/home/runner/work/ozone/ozone/hadoop-ozone/integration-test"/>
    <property name="os.arch" value="amd64"/>
    <property name="java.vm.specification.name" value="Java Virtual Machine Specification"/>
    <property name="test.build.classes" value="/home/runner/work/ozone/ozone/hadoop-ozone/integration-test/target/test-classes"/>
    <property name="java.awt.printerjob" value="sun.print.PSPrinterJob"/>
    <property name="sun.os.patch.level" value="unknown"/>
    <property name="hadoop.tmp.dir" value="/home/runner/work/ozone/ozone/hadoop-ozone/integration-test/target/tmp"/>
    <property name="java.library.path" value="/usr/java/packages/lib/amd64:/usr/lib64:/lib64:/lib:/usr/lib"/>
    <property name="java.vm.info" value="mixed mode"/>
    <property name="java.vendor" value="AdoptOpenJDK"/>
    <property name="java.vm.version" value="25.292-b10"/>
    <property name="java.ext.dirs" value="/usr/lib/jvm/adoptopenjdk-8-hotspot-amd64/jre/lib/ext:/usr/java/packages/lib/ext"/>
    <property name="sun.io.unicode.encoding" value="UnicodeLittle"/>
    <property name="java.class.version" value="52.0"/>
  </properties>
  <testcase name="testBootstrapTwoNewOMs" classname="org.apache.hadoop.ozone.om.TestOzoneManagerBootstrap" time="48.687">
    <error message="Failed init RocksDB, db path : /home/runner/work/ozone/ozone/hadoop-ozone/integration-test/target/test-dir/MiniOzoneClusterImpl-c2709307-340b-4da9-b87e-bf8cdd64b120/omNode-bootstrap-1/om.db, exception :org.rocksdb.RocksDBException lock hold by current process, acquire time 1628580074 acquiring thread 139866645350144: /home/runner/work/ozone/ozone/hadoop-ozone/integration-test/target/test-dir/MiniOzoneClusterImpl-c2709307-340b-4da9-b87e-bf8cdd64b120/omNode-bootstrap-1/om.db/LOCK: No locks available; status : IOError; message : lock hold by current process, acquire time 1628580074 acquiring thread 139866645350144: /home/runner/work/ozone/ozone/hadoop-ozone/integration-test/target/test-dir/MiniOzoneClusterImpl-c2709307-340b-4da9-b87e-bf8cdd64b120/omNode-bootstrap-1/om.db/LOCK: No locks available" type="java.io.IOException"><![CDATA[java.io.IOException: Failed init RocksDB, db path : /home/runner/work/ozone/ozone/hadoop-ozone/integration-test/target/test-dir/MiniOzoneClusterImpl-c2709307-340b-4da9-b87e-bf8cdd64b120/omNode-bootstrap-1/om.db, exception :org.rocksdb.RocksDBException lock hold by current process, acquire time 1628580074 acquiring thread 139866645350144: /home/runner/work/ozone/ozone/hadoop-ozone/integration-test/target/test-dir/MiniOzoneClusterImpl-c2709307-340b-4da9-b87e-bf8cdd64b120/omNode-bootstrap-1/om.db/LOCK: No locks available; status : IOError; message : lock hold by current process, acquire time 1628580074 acquiring thread 139866645350144: /home/runner/work/ozone/ozone/hadoop-ozone/integration-test/target/test-dir/MiniOzoneClusterImpl-c2709307-340b-4da9-b87e-bf8cdd64b120/omNode-bootstrap-1/om.db/LOCK: No locks available
	at org.apache.hadoop.hdds.utils.HddsServerUtil.toIOException(HddsServerUtil.java:564)
	at org.apache.hadoop.hdds.utils.db.RDBStore.<init>(RDBStore.java:164)
	at org.apache.hadoop.hdds.utils.db.DBStoreBuilder.build(DBStoreBuilder.java:191)
	at org.apache.hadoop.ozone.om.OmMetadataManagerImpl.loadDB(OmMetadataManagerImpl.java:397)
	at org.apache.hadoop.ozone.om.OmMetadataManagerImpl.loadDB(OmMetadataManagerImpl.java:387)
	at org.apache.hadoop.ozone.om.OmMetadataManagerImpl.start(OmMetadataManagerImpl.java:379)
	at org.apache.hadoop.ozone.om.OmMetadataManagerImpl.<init>(OmMetadataManagerImpl.java:246)
	at org.apache.hadoop.ozone.om.OzoneManager.instantiateServices(OzoneManager.java:579)
	at org.apache.hadoop.ozone.om.OzoneManager.<init>(OzoneManager.java:503)
	at org.apache.hadoop.ozone.om.OzoneManager.createOm(OzoneManager.java:550)
	at org.apache.hadoop.ozone.MiniOzoneHAClusterImpl.bootstrapNewOM(MiniOzoneHAClusterImpl.java:791)
	at org.apache.hadoop.ozone.MiniOzoneHAClusterImpl.bootstrapOzoneManager(MiniOzoneHAClusterImpl.java:706)
	at org.apache.hadoop.ozone.om.TestOzoneManagerBootstrap.testBootstrapOMs(TestOzoneManagerBootstrap.java:156)
	at org.apache.hadoop.ozone.om.TestOzoneManagerBootstrap.testBootstrapTwoNewOMs(TestOzoneManagerBootstrap.java:180)
	at sun.reflect.NativeMethodAccessorImpl.invoke0(Native Method)
	at sun.reflect.NativeMethodAccessorImpl.invoke(NativeMethodAccessorImpl.java:62)
	at sun.reflect.DelegatingMethodAccessorImpl.invoke(DelegatingMethodAccessorImpl.java:43)
	at java.lang.reflect.Method.invoke(Method.java:498)
	at org.junit.runners.model.FrameworkMethod$1.runReflectiveCall(FrameworkMethod.java:59)
	at org.junit.internal.runners.model.ReflectiveCallable.run(ReflectiveCallable.java:12)
	at org.junit.runners.model.FrameworkMethod.invokeExplosively(FrameworkMethod.java:56)
	at org.junit.internal.runners.statements.InvokeMethod.evaluate(InvokeMethod.java:17)
	at org.junit.internal.runners.statements.RunAfters.evaluate(RunAfters.java:27)
	at org.junit.rules.ExpectedException$ExpectedExceptionStatement.evaluate(ExpectedException.java:258)
	at org.junit.internal.runners.statements.FailOnTimeout$CallableStatement.call(FailOnTimeout.java:288)
	at org.junit.internal.runners.statements.FailOnTimeout$CallableStatement.call(FailOnTimeout.java:282)
	at java.util.concurrent.FutureTask.run(FutureTask.java:266)
	at java.lang.Thread.run(Thread.java:748)
Caused by: org.rocksdb.RocksDBException: lock hold by current process, acquire time 1628580074 acquiring thread 139866645350144: /home/runner/work/ozone/ozone/hadoop-ozone/integration-test/target/test-dir/MiniOzoneClusterImpl-c2709307-340b-4da9-b87e-bf8cdd64b120/omNode-bootstrap-1/om.db/LOCK: No locks available
	at org.rocksdb.RocksDB.open(Native Method)
	at org.rocksdb.RocksDB.open(RocksDB.java:306)
	at org.apache.hadoop.hdds.utils.db.RDBStore.<init>(RDBStore.java:119)
	... 26 more
]]></error>
    <system-out><![CDATA[2021-08-10 07:20:44,860 [Time-limited test] WARN  server.ServerUtils (ServerUtils.java:getScmDbDir(148)) - ozone.scm.db.dirs is not configured. We recommend adding this setting. Falling back to ozone.metadata.dirs instead.
2021-08-10 07:20:44,894 [Time-limited test] INFO  ha.SCMHANodeDetails (SCMHANodeDetails.java:loadSCMHAConfig(157)) - ServiceID for StorageContainerManager is scmServiceId
2021-08-10 07:20:44,894 [Time-limited test] INFO  ha.SCMHANodeDetails (SCMHANodeDetails.java:loadSCMHAConfig(168)) - ServiceID for StorageContainerManager is scmServiceId
2021-08-10 07:20:44,965 [Time-limited test] INFO  ha.SCMHANodeDetails (SCMHANodeDetails.java:loadSCMHAConfig(250)) - Found matching SCM address with SCMServiceId: scmServiceId, SCMNodeId: scmNode-1, RPC Address: localhost:12676 and Ratis port: 12676
2021-08-10 07:20:44,966 [Time-limited test] INFO  ha.SCMHANodeDetails (ConfUtils.java:setNodeSpecificConfigs(108)) - Setting configuration key ozone.scm.datanode.address with value of key ozone.scm.datanode.address.scmServiceId.scmNode-1: 127.0.0.1:12677
2021-08-10 07:20:44,966 [Time-limited test] INFO  ha.SCMHANodeDetails (ConfUtils.java:setNodeSpecificConfigs(108)) - Setting configuration key ozone.scm.block.client.address with value of key ozone.scm.block.client.address.scmServiceId.scmNode-1: 127.0.0.1:12678
2021-08-10 07:20:44,966 [Time-limited test] INFO  ha.SCMHANodeDetails (ConfUtils.java:setNodeSpecificConfigs(108)) - Setting configuration key ozone.scm.client.address with value of key ozone.scm.client.address.scmServiceId.scmNode-1: 127.0.0.1:12679
2021-08-10 07:20:44,967 [Time-limited test] INFO  ha.SCMHANodeDetails (ConfUtils.java:setNodeSpecificConfigs(108)) - Setting configuration key ozone.scm.ratis.port with value of key ozone.scm.ratis.port.scmServiceId.scmNode-1: 12676
2021-08-10 07:20:44,967 [Time-limited test] INFO  ha.SCMHANodeDetails (ConfUtils.java:setNodeSpecificConfigs(108)) - Setting configuration key ozone.scm.grpc.port with value of key ozone.scm.grpc.port.scmServiceId.scmNode-1: 12680
2021-08-10 07:20:44,967 [Time-limited test] INFO  ha.SCMHANodeDetails (ConfUtils.java:setNodeSpecificConfigs(108)) - Setting configuration key ozone.scm.http-address with value of key ozone.scm.http-address.scmServiceId.scmNode-1: 127.0.0.1:12674
2021-08-10 07:20:44,968 [Time-limited test] INFO  ha.SCMHANodeDetails (ConfUtils.java:setNodeSpecificConfigs(108)) - Setting configuration key ozone.scm.https-address with value of key ozone.scm.https-address.scmServiceId.scmNode-1: 127.0.0.1:12675
2021-08-10 07:20:44,968 [Time-limited test] INFO  ha.SCMHANodeDetails (ConfUtils.java:setNodeSpecificConfigs(108)) - Setting configuration key ozone.scm.address with value of key ozone.scm.address.scmServiceId.scmNode-1: 127.0.0.1
2021-08-10 07:20:44,979 [Time-limited test] WARN  scm.ScmUtils (ScmUtils.java:logWarn(179)) - ConfigKey ozone.scm.block.client.address is deprecated, For configuring different ports for each SCM use PortConfigKey ozone.scm.block.client.port appended with serviceId and nodeId. If want to configure same port configure ozone.scm.block.client.port
2021-08-10 07:20:44,979 [Time-limited test] WARN  scm.ScmUtils (ScmUtils.java:logWarn(179)) - ConfigKey ozone.scm.client.address is deprecated, For configuring different ports for each SCM use PortConfigKey ozone.scm.client.port appended with serviceId and nodeId. If want to configure same port configure ozone.scm.client.port
2021-08-10 07:20:44,979 [Time-limited test] WARN  scm.ScmUtils (ScmUtils.java:logWarn(179)) - ConfigKey ozone.scm.datanode.address is deprecated, For configuring different ports for each SCM use PortConfigKey ozone.scm.datanode.port appended with serviceId and nodeId. If want to configure same port configure ozone.scm.datanode.port
2021-08-10 07:20:45,101 [Time-limited test] INFO  server.RaftServer (ConfUtils.java:logGet(44)) - raft.rpc.type = GRPC (default)
2021-08-10 07:20:45,160 [Time-limited test] INFO  grpc.GrpcFactory (GrpcFactory.java:checkPooledByteBufAllocatorUseCacheForAllThreads(48)) - PERFORMANCE WARNING: useCacheForAllThreads is true that may cause Netty to create a lot garbage objects and, as a result, trigger GC.
	It is recommended to disable useCacheForAllThreads by setting -Dorg.apache.ratis.thirdparty.io.netty.allocator.useCacheForAllThreads=false in command line.
2021-08-10 07:20:45,164 [Time-limited test] INFO  grpc.GrpcConfigKeys (ConfUtils.java:logGet(44)) - raft.grpc.admin.port = -1 (default)
2021-08-10 07:20:45,165 [Time-limited test] INFO  grpc.GrpcConfigKeys (ConfUtils.java:logGet(44)) - raft.grpc.server.port = 12676 (custom)
2021-08-10 07:20:45,166 [Time-limited test] INFO  grpc.GrpcConfigKeys (ConfUtils.java:logGet(44)) - raft.grpc.client.port = -1 (default)
2021-08-10 07:20:45,166 [Time-limited test] INFO  grpc.GrpcConfigKeys (ConfUtils.java:logGet(44)) - raft.grpc.server.port = 12676 (custom)
2021-08-10 07:20:45,168 [Time-limited test] INFO  grpc.GrpcConfigKeys (ConfUtils.java:logGet(44)) - raft.grpc.server.port = 12676 (custom)
2021-08-10 07:20:45,170 [Time-limited test] INFO  server.GrpcService (ConfUtils.java:logGet(44)) - raft.grpc.message.size.max = 32m (=33554432) (custom)
2021-08-10 07:20:45,171 [Time-limited test] INFO  server.RaftServerConfigKeys (ConfUtils.java:logGet(44)) - raft.server.log.appender.buffer.byte-limit = 33554432 (custom)
2021-08-10 07:20:45,172 [Time-limited test] INFO  server.GrpcService (ConfUtils.java:logGet(44)) - raft.grpc.flow.control.window = 1MB (=1048576) (default)
2021-08-10 07:20:45,173 [Time-limited test] INFO  server.RaftServerConfigKeys (ConfUtils.java:logGet(44)) - raft.server.rpc.request.timeout = 30000ms (custom)
2021-08-10 07:20:45,416 [Time-limited test] INFO  impl.DataStreamServerImpl (ConfUtils.java:logGet(44)) - raft.datastream.type = DISABLED (default)
2021-08-10 07:20:45,418 [Time-limited test] INFO  server.RaftServerConfigKeys (ConfUtils.java:logGet(44)) - raft.server.rpc.slowness.timeout = 120000ms (custom)
2021-08-10 07:20:45,419 [Time-limited test] INFO  server.RaftServerConfigKeys (ConfUtils.java:logGet(44)) - raft.server.leaderelection.leader.step-down.wait-time = 10s (default)
2021-08-10 07:20:45,430 [Time-limited test] INFO  server.RaftServerConfigKeys (ConfUtils.java:logGet(44)) - raft.server.storage.dir = [/home/runner/work/ozone/ozone/hadoop-ozone/integration-test/target/test-dir/MiniOzoneClusterImpl-c2709307-340b-4da9-b87e-bf8cdd64b120/scmNode-1/scm-ha] (custom)
2021-08-10 07:20:45,435 [Time-limited test] INFO  server.RaftServer (RaftServerProxy.java:addNew(95)) - 56ac738e-179d-4cdf-8a87-ffc7b568c25f: addNew group-BF8CDD64B120:[56ac738e-179d-4cdf-8a87-ffc7b568c25f|rpc:localhost:12676|priority:0] returns group-BF8CDD64B120:java.util.concurrent.CompletableFuture@8cb7e38[Not completed]
2021-08-10 07:20:45,454 [pool-1-thread-1] INFO  server.RaftServer$Division (RaftServerImpl.java:<init>(181)) - 56ac738e-179d-4cdf-8a87-ffc7b568c25f: new RaftServerImpl for group-BF8CDD64B120:[56ac738e-179d-4cdf-8a87-ffc7b568c25f|rpc:localhost:12676|priority:0] with SCMStateMachine:uninitialized
2021-08-10 07:20:45,456 [pool-1-thread-1] INFO  server.RaftServerConfigKeys (ConfUtils.java:logGet(44)) - raft.server.rpc.timeout.min = 5000ms (custom)
2021-08-10 07:20:45,456 [pool-1-thread-1] INFO  server.RaftServerConfigKeys (ConfUtils.java:logGet(44)) - raft.server.rpc.timeout.max = 5200ms (custom)
2021-08-10 07:20:45,456 [pool-1-thread-1] INFO  server.RaftServerConfigKeys (ConfUtils.java:logGet(44)) - raft.server.rpc.sleep.time = 25ms (default)
2021-08-10 07:20:45,456 [pool-1-thread-1] INFO  server.RaftServerConfigKeys (ConfUtils.java:logGet(44)) - raft.server.rpc.slowness.timeout = 120000ms (custom)
2021-08-10 07:20:45,457 [pool-1-thread-1] INFO  server.RaftServerConfigKeys (ConfUtils.java:logGet(44)) - raft.server.leaderelection.leader.step-down.wait-time = 10s (default)
2021-08-10 07:20:45,457 [pool-1-thread-1] INFO  server.RaftServerConfigKeys (ConfUtils.java:logGet(44)) - raft.server.sleep.deviation.threshold = 300ms (default)
2021-08-10 07:20:45,457 [pool-1-thread-1] INFO  server.RaftServerConfigKeys (ConfUtils.java:logGet(44)) - raft.server.log.appender.install.snapshot.enabled = false (custom)
2021-08-10 07:20:45,462 [pool-1-thread-1] INFO  server.RaftServer$Division (ServerState.java:<init>(105)) - 56ac738e-179d-4cdf-8a87-ffc7b568c25f@group-BF8CDD64B120: ConfigurationManager, init=-1: [56ac738e-179d-4cdf-8a87-ffc7b568c25f|rpc:localhost:12676|priority:0], old=null, confs=<EMPTY_MAP>
2021-08-10 07:20:45,462 [pool-1-thread-1] INFO  server.RaftServerConfigKeys (ConfUtils.java:logGet(44)) - raft.server.storage.dir = [/home/runner/work/ozone/ozone/hadoop-ozone/integration-test/target/test-dir/MiniOzoneClusterImpl-c2709307-340b-4da9-b87e-bf8cdd64b120/scmNode-1/scm-ha] (custom)
2021-08-10 07:20:45,466 [pool-1-thread-1] INFO  server.RaftServerConfigKeys (ConfUtils.java:logGet(44)) - raft.server.log.corruption.policy = EXCEPTION (default)
2021-08-10 07:20:45,467 [pool-1-thread-1] INFO  server.RaftServerConfigKeys (ConfUtils.java:logGet(44)) - raft.server.storage.free-space.min = 0MB (=0) (default)
2021-08-10 07:20:45,468 [pool-1-thread-1] INFO  storage.RaftStorageDirectory (RaftStorageDirectoryImpl.java:analyzeStorage(135)) - The storage directory /home/runner/work/ozone/ozone/hadoop-ozone/integration-test/target/test-dir/MiniOzoneClusterImpl-c2709307-340b-4da9-b87e-bf8cdd64b120/scmNode-1/scm-ha/c2709307-340b-4da9-b87e-bf8cdd64b120 does not exist. Creating ...
2021-08-10 07:20:45,472 [pool-1-thread-1] INFO  storage.RaftStorageDirectory (RaftStorageDirectoryImpl.java:tryLock(230)) - Lock on /home/runner/work/ozone/ozone/hadoop-ozone/integration-test/target/test-dir/MiniOzoneClusterImpl-c2709307-340b-4da9-b87e-bf8cdd64b120/scmNode-1/scm-ha/c2709307-340b-4da9-b87e-bf8cdd64b120/in_use.lock acquired by nodename 25859@fv-az12-876
2021-08-10 07:20:45,478 [pool-1-thread-1] INFO  storage.RaftStorage (RaftStorageImpl.java:format(89)) - Storage directory /home/runner/work/ozone/ozone/hadoop-ozone/integration-test/target/test-dir/MiniOzoneClusterImpl-c2709307-340b-4da9-b87e-bf8cdd64b120/scmNode-1/scm-ha/c2709307-340b-4da9-b87e-bf8cdd64b120 has been successfully formatted.
2021-08-10 07:20:45,481 [pool-1-thread-1] INFO  server.RaftServerConfigKeys (ConfUtils.java:logGet(44)) - raft.server.notification.no-leader.timeout = 60s (default)
2021-08-10 07:20:45,482 [pool-1-thread-1] INFO  server.RaftServerConfigKeys (ConfUtils.java:logGet(44)) - raft.server.log.use.memory = false (default)
2021-08-10 07:20:45,489 [pool-1-thread-1] INFO  server.RaftServerConfigKeys (ConfUtils.java:logGet(44)) - raft.server.log.purge.gap = 1000000 (custom)
2021-08-10 07:20:45,490 [pool-1-thread-1] INFO  server.RaftServerConfigKeys (ConfUtils.java:logGet(44)) - raft.server.log.appender.buffer.byte-limit = 33554432 (custom)
2021-08-10 07:20:45,497 [pool-1-thread-1] INFO  metrics.MetricRegistries (MetricRegistriesLoader.java:load(64)) - Loaded MetricRegistries class org.apache.ratis.metrics.impl.MetricRegistriesImpl
2021-08-10 07:20:45,547 [pool-1-thread-1] INFO  server.RaftServerConfigKeys (ConfUtils.java:logGet(44)) - raft.server.log.segment.size.max = 16384 (custom)
2021-08-10 07:20:45,554 [pool-1-thread-1] INFO  server.RaftServerConfigKeys (ConfUtils.java:logGet(44)) - raft.server.log.segment.cache.num.max = 2 (custom)
2021-08-10 07:20:45,555 [pool-1-thread-1] INFO  server.RaftServerConfigKeys (ConfUtils.java:logGet(44)) - raft.server.log.segment.cache.size.max = 200MB (=209715200) (default)
2021-08-10 07:20:45,559 [pool-1-thread-1] INFO  segmented.SegmentedRaftLogWorker (SegmentedRaftLogWorker.java:<init>(182)) - new 56ac738e-179d-4cdf-8a87-ffc7b568c25f@group-BF8CDD64B120-SegmentedRaftLogWorker for RaftStorageImpl:Storage Directory /home/runner/work/ozone/ozone/hadoop-ozone/integration-test/target/test-dir/MiniOzoneClusterImpl-c2709307-340b-4da9-b87e-bf8cdd64b120/scmNode-1/scm-ha/c2709307-340b-4da9-b87e-bf8cdd64b120
2021-08-10 07:20:45,560 [pool-1-thread-1] INFO  server.RaftServerConfigKeys (ConfUtils.java:logGet(44)) - raft.server.log.queue.byte-limit = 64MB (=67108864) (default)
2021-08-10 07:20:45,560 [pool-1-thread-1] INFO  server.RaftServerConfigKeys (ConfUtils.java:logGet(44)) - raft.server.log.queue.element-limit = 4096 (default)
2021-08-10 07:20:45,561 [pool-1-thread-1] INFO  server.RaftServerConfigKeys (ConfUtils.java:logGet(44)) - raft.server.log.segment.size.max = 16384 (custom)
2021-08-10 07:20:45,562 [pool-1-thread-1] INFO  server.RaftServerConfigKeys (ConfUtils.java:logGet(44)) - raft.server.log.preallocated.size = 16384 (custom)
2021-08-10 07:20:45,562 [pool-1-thread-1] INFO  server.RaftServerConfigKeys (ConfUtils.java:logGet(44)) - raft.server.log.force.sync.num = 128 (default)
2021-08-10 07:20:45,563 [pool-1-thread-1] INFO  server.RaftServerConfigKeys (ConfUtils.java:logGet(44)) - raft.server.log.statemachine.data.sync = true (default)
2021-08-10 07:20:45,564 [pool-1-thread-1] INFO  server.RaftServerConfigKeys (ConfUtils.java:logGet(44)) - raft.server.log.statemachine.data.sync.timeout = 10s (default)
2021-08-10 07:20:45,564 [pool-1-thread-1] INFO  server.RaftServerConfigKeys (ConfUtils.java:logGet(44)) - raft.server.log.statemachine.data.sync.timeout.retry = -1 (default)
2021-08-10 07:20:45,572 [pool-1-thread-1] INFO  server.RaftServerConfigKeys (ConfUtils.java:logGet(44)) - raft.server.log.write.buffer.size = 64KB (=65536) (default)
2021-08-10 07:20:45,573 [pool-1-thread-1] INFO  server.RaftServerConfigKeys (ConfUtils.java:logGet(44)) - raft.server.log.statemachine.data.caching.enabled = false (default)
2021-08-10 07:20:45,579 [pool-1-thread-1] INFO  segmented.SegmentedRaftLogWorker (SegmentedRaftLogWorker.java:lambda$new$0(133)) - 56ac738e-179d-4cdf-8a87-ffc7b568c25f@group-BF8CDD64B120-SegmentedRaftLogWorker: flushIndex: setUnconditionally 0 -> -1
2021-08-10 07:20:45,579 [pool-1-thread-1] INFO  segmented.SegmentedRaftLogWorker (SegmentedRaftLogWorker.java:lambda$new$0(133)) - 56ac738e-179d-4cdf-8a87-ffc7b568c25f@group-BF8CDD64B120-SegmentedRaftLogWorker: safeCacheEvictIndex: setUnconditionally 0 -> -1
2021-08-10 07:20:45,582 [pool-1-thread-1] INFO  server.RaftServerConfigKeys (ConfUtils.java:logGet(44)) - raft.server.snapshot.auto.trigger.enabled = true (custom)
2021-08-10 07:20:45,583 [pool-1-thread-1] INFO  server.RaftServerConfigKeys (ConfUtils.java:logGet(44)) - raft.server.snapshot.auto.trigger.threshold = 1000 (custom)
2021-08-10 07:20:45,584 [pool-1-thread-1] INFO  server.RaftServerConfigKeys (ConfUtils.java:logGet(44)) - raft.server.snapshot.retention.file.num = -1 (default)
2021-08-10 07:20:45,584 [pool-1-thread-1] INFO  server.RaftServerConfigKeys (ConfUtils.java:logGet(44)) - raft.server.log.purge.upto.snapshot.index = false (default)
2021-08-10 07:20:45,585 [pool-1-thread-1] INFO  server.RaftServerConfigKeys (ConfUtils.java:logGet(44)) - raft.server.retrycache.expirytime = 60000ms (default)
2021-08-10 07:20:45,586 [pool-1-thread-1] INFO  server.RaftServerConfigKeys (ConfUtils.java:logGet(44)) - raft.server.retrycache.statistics.expirytime = 100μs (default)
2021-08-10 07:20:45,612 [Time-limited test] INFO  server.RaftServer$Division (RaftServerImpl.java:start(296)) - 56ac738e-179d-4cdf-8a87-ffc7b568c25f@group-BF8CDD64B120: start as a follower, conf=-1: [56ac738e-179d-4cdf-8a87-ffc7b568c25f|rpc:localhost:12676|priority:0], old=null
2021-08-10 07:20:45,614 [Time-limited test] INFO  server.RaftServer$Division (RaftServerImpl.java:setRole(285)) - 56ac738e-179d-4cdf-8a87-ffc7b568c25f@group-BF8CDD64B120: changes role from      null to FOLLOWER at term 0 for startAsFollower
2021-08-10 07:20:45,615 [Time-limited test] INFO  impl.RoleInfo (RoleInfo.java:updateAndGet(130)) - 56ac738e-179d-4cdf-8a87-ffc7b568c25f: start 56ac738e-179d-4cdf-8a87-ffc7b568c25f@group-BF8CDD64B120-FollowerState
2021-08-10 07:20:45,616 [Time-limited test] INFO  util.JmxRegister (JmxRegister.java:tryRegister(44)) - Successfully registered JMX Bean with object name Ratis:service=RaftServer,group=group-BF8CDD64B120,id=56ac738e-179d-4cdf-8a87-ffc7b568c25f
2021-08-10 07:20:45,623 [Time-limited test] INFO  server.RaftServer (RaftServerProxy.java:lambda$start$5(374)) - 56ac738e-179d-4cdf-8a87-ffc7b568c25f: start RPC server
2021-08-10 07:20:45,661 [Time-limited test] INFO  server.GrpcService (GrpcService.java:startImpl(253)) - 56ac738e-179d-4cdf-8a87-ffc7b568c25f: GrpcService started, listening on 12676
2021-08-10 07:20:45,668 [org.apache.ratis.util.JvmPauseMonitor$$Lambda$430/506160180@13f20b89] INFO  util.JvmPauseMonitor (JvmPauseMonitor.java:run(103)) - JvmPauseMonitor-56ac738e-179d-4cdf-8a87-ffc7b568c25f: Started
2021-08-10 07:20:50,625 [56ac738e-179d-4cdf-8a87-ffc7b568c25f@group-BF8CDD64B120-FollowerState] INFO  impl.FollowerState (FollowerState.java:run(134)) - 56ac738e-179d-4cdf-8a87-ffc7b568c25f@group-BF8CDD64B120-FollowerState: change to CANDIDATE, lastRpcElapsedTime:5010691176ns, electionTimeout:5002ms
2021-08-10 07:20:50,626 [56ac738e-179d-4cdf-8a87-ffc7b568c25f@group-BF8CDD64B120-FollowerState] INFO  impl.RoleInfo (RoleInfo.java:shutdownFollowerState(108)) - 56ac738e-179d-4cdf-8a87-ffc7b568c25f: shutdown 56ac738e-179d-4cdf-8a87-ffc7b568c25f@group-BF8CDD64B120-FollowerState
2021-08-10 07:20:50,627 [56ac738e-179d-4cdf-8a87-ffc7b568c25f@group-BF8CDD64B120-FollowerState] INFO  server.RaftServer$Division (RaftServerImpl.java:setRole(285)) - 56ac738e-179d-4cdf-8a87-ffc7b568c25f@group-BF8CDD64B120: changes role from  FOLLOWER to CANDIDATE at term 0 for changeToCandidate
2021-08-10 07:20:50,630 [56ac738e-179d-4cdf-8a87-ffc7b568c25f@group-BF8CDD64B120-FollowerState] INFO  server.RaftServerConfigKeys (ConfUtils.java:logGet(44)) - raft.server.leaderelection.pre-vote = false (custom)
2021-08-10 07:20:50,630 [56ac738e-179d-4cdf-8a87-ffc7b568c25f@group-BF8CDD64B120-FollowerState] INFO  impl.RoleInfo (RoleInfo.java:updateAndGet(130)) - 56ac738e-179d-4cdf-8a87-ffc7b568c25f: start 56ac738e-179d-4cdf-8a87-ffc7b568c25f@group-BF8CDD64B120-LeaderElection1
2021-08-10 07:20:50,644 [56ac738e-179d-4cdf-8a87-ffc7b568c25f@group-BF8CDD64B120-LeaderElection1] INFO  impl.LeaderElection (LeaderElection.java:askForVotes(306)) - 56ac738e-179d-4cdf-8a87-ffc7b568c25f@group-BF8CDD64B120-LeaderElection1 ELECTION round 0: submit vote requests at term 1 for -1: [56ac738e-179d-4cdf-8a87-ffc7b568c25f|rpc:localhost:12676|priority:0], old=null
2021-08-10 07:20:50,646 [56ac738e-179d-4cdf-8a87-ffc7b568c25f@group-BF8CDD64B120-LeaderElection1] INFO  impl.LeaderElection (LeaderElection.java:askForVotes(308)) - 56ac738e-179d-4cdf-8a87-ffc7b568c25f@group-BF8CDD64B120-LeaderElection1 ELECTION round 0: result PASSED (term=1)
2021-08-10 07:20:50,647 [56ac738e-179d-4cdf-8a87-ffc7b568c25f@group-BF8CDD64B120-LeaderElection1] INFO  impl.RoleInfo (RoleInfo.java:shutdownLeaderElection(121)) - 56ac738e-179d-4cdf-8a87-ffc7b568c25f: shutdown 56ac738e-179d-4cdf-8a87-ffc7b568c25f@group-BF8CDD64B120-LeaderElection1
2021-08-10 07:20:50,648 [56ac738e-179d-4cdf-8a87-ffc7b568c25f@group-BF8CDD64B120-LeaderElection1] INFO  server.RaftServer$Division (RaftServerImpl.java:setRole(285)) - 56ac738e-179d-4cdf-8a87-ffc7b568c25f@group-BF8CDD64B120: changes role from CANDIDATE to LEADER at term 1 for changeToLeader
2021-08-10 07:20:50,648 [56ac738e-179d-4cdf-8a87-ffc7b568c25f@group-BF8CDD64B120-LeaderElection1] INFO  server.RaftServer$Division (ServerState.java:setLeader(285)) - 56ac738e-179d-4cdf-8a87-ffc7b568c25f@group-BF8CDD64B120: change Leader from null to 56ac738e-179d-4cdf-8a87-ffc7b568c25f at term 1 for becomeLeader, leader elected after 5167ms
2021-08-10 07:20:50,655 [56ac738e-179d-4cdf-8a87-ffc7b568c25f@group-BF8CDD64B120-LeaderElection1] INFO  server.RaftServerConfigKeys (ConfUtils.java:logGet(44)) - raft.server.staging.catchup.gap = 1000 (default)
2021-08-10 07:20:50,660 [56ac738e-179d-4cdf-8a87-ffc7b568c25f@group-BF8CDD64B120-LeaderElection1] INFO  server.RaftServerConfigKeys (ConfUtils.java:logGet(44)) - raft.server.write.element-limit = 4096 (default)
2021-08-10 07:20:50,661 [56ac738e-179d-4cdf-8a87-ffc7b568c25f@group-BF8CDD64B120-LeaderElection1] INFO  server.RaftServerConfigKeys (ConfUtils.java:logGet(44)) - raft.server.write.byte-limit = 64MB (=67108864) (default)
2021-08-10 07:20:50,668 [56ac738e-179d-4cdf-8a87-ffc7b568c25f@group-BF8CDD64B120-LeaderElection1] INFO  server.RaftServerConfigKeys (ConfUtils.java:logGet(44)) - raft.server.watch.timeout = 10s (default)
2021-08-10 07:20:50,668 [56ac738e-179d-4cdf-8a87-ffc7b568c25f@group-BF8CDD64B120-LeaderElection1] INFO  server.RaftServerConfigKeys (ConfUtils.java:logGet(44)) - raft.server.watch.timeout.denomination = 1s (default)
2021-08-10 07:20:50,669 [56ac738e-179d-4cdf-8a87-ffc7b568c25f@group-BF8CDD64B120-LeaderElection1] INFO  server.RaftServerConfigKeys (ConfUtils.java:logGet(44)) - raft.server.watch.element-limit = 65536 (default)
2021-08-10 07:20:50,676 [56ac738e-179d-4cdf-8a87-ffc7b568c25f@group-BF8CDD64B120-LeaderElection1] INFO  impl.RoleInfo (RoleInfo.java:updateAndGet(130)) - 56ac738e-179d-4cdf-8a87-ffc7b568c25f: start 56ac738e-179d-4cdf-8a87-ffc7b568c25f@group-BF8CDD64B120-LeaderStateImpl
2021-08-10 07:20:50,698 [56ac738e-179d-4cdf-8a87-ffc7b568c25f@group-BF8CDD64B120-LeaderElection1] INFO  segmented.SegmentedRaftLogWorker (SegmentedRaftLogWorker.java:startLogSegment(394)) - 56ac738e-179d-4cdf-8a87-ffc7b568c25f@group-BF8CDD64B120-SegmentedRaftLogWorker: Starting segment from index:0
2021-08-10 07:20:50,749 [56ac738e-179d-4cdf-8a87-ffc7b568c25f@group-BF8CDD64B120-LeaderElection1] INFO  server.RaftServer$Division (ServerState.java:setRaftConf(387)) - 56ac738e-179d-4cdf-8a87-ffc7b568c25f@group-BF8CDD64B120: set configuration 0: [56ac738e-179d-4cdf-8a87-ffc7b568c25f|rpc:localhost:12676|admin:|client:|dataStream:|priority:0], old=null
2021-08-10 07:20:50,784 [56ac738e-179d-4cdf-8a87-ffc7b568c25f@group-BF8CDD64B120-SegmentedRaftLogWorker] INFO  segmented.SegmentedRaftLogWorker (SegmentedRaftLogWorker.java:execute(601)) - 56ac738e-179d-4cdf-8a87-ffc7b568c25f@group-BF8CDD64B120-SegmentedRaftLogWorker: created new log segment /home/runner/work/ozone/ozone/hadoop-ozone/integration-test/target/test-dir/MiniOzoneClusterImpl-c2709307-340b-4da9-b87e-bf8cdd64b120/scmNode-1/scm-ha/c2709307-340b-4da9-b87e-bf8cdd64b120/current/log_inprogress_0
2021-08-10 07:20:51,670 [Time-limited test] INFO  server.RaftServer (RaftServerProxy.java:lambda$close$6(391)) - 56ac738e-179d-4cdf-8a87-ffc7b568c25f: close
2021-08-10 07:20:51,671 [Time-limited test] INFO  server.RaftServer$Division (RaftServerImpl.java:lambda$close$4(407)) - 56ac738e-179d-4cdf-8a87-ffc7b568c25f@group-BF8CDD64B120: shutdown
2021-08-10 07:20:51,672 [Time-limited test] INFO  util.JmxRegister (JmxRegister.java:unregister(73)) - Successfully un-registered JMX Bean with object name Ratis:service=RaftServer,group=group-BF8CDD64B120,id=56ac738e-179d-4cdf-8a87-ffc7b568c25f
2021-08-10 07:20:51,672 [Time-limited test] INFO  impl.RoleInfo (RoleInfo.java:shutdownLeaderState(91)) - 56ac738e-179d-4cdf-8a87-ffc7b568c25f: shutdown 56ac738e-179d-4cdf-8a87-ffc7b568c25f@group-BF8CDD64B120-LeaderStateImpl
2021-08-10 07:20:51,679 [Time-limited test] INFO  impl.PendingRequests (PendingRequests.java:sendNotLeaderResponses(249)) - 56ac738e-179d-4cdf-8a87-ffc7b568c25f@group-BF8CDD64B120-PendingRequests: sendNotLeaderResponses
2021-08-10 07:20:51,681 [Time-limited test] INFO  impl.StateMachineUpdater (StateMachineUpdater.java:stopAndJoin(149)) - 56ac738e-179d-4cdf-8a87-ffc7b568c25f@group-BF8CDD64B120-StateMachineUpdater: set stopIndex = 0
2021-08-10 07:20:51,682 [56ac738e-179d-4cdf-8a87-ffc7b568c25f@group-BF8CDD64B120-StateMachineUpdater] INFO  impl.StateMachineUpdater (StateMachineUpdater.java:takeSnapshot(281)) - 56ac738e-179d-4cdf-8a87-ffc7b568c25f@group-BF8CDD64B120-StateMachineUpdater: Took a snapshot at index 0
2021-08-10 07:20:51,682 [56ac738e-179d-4cdf-8a87-ffc7b568c25f@group-BF8CDD64B120-StateMachineUpdater] INFO  impl.StateMachineUpdater (StateMachineUpdater.java:lambda$new$0(89)) - 56ac738e-179d-4cdf-8a87-ffc7b568c25f@group-BF8CDD64B120-StateMachineUpdater: snapshotIndex: updateIncreasingly -1 -> 0
2021-08-10 07:20:51,686 [Time-limited test] INFO  server.RaftServer$Division (ServerState.java:close(419)) - 56ac738e-179d-4cdf-8a87-ffc7b568c25f@group-BF8CDD64B120: closes. applyIndex: 0
2021-08-10 07:20:51,687 [56ac738e-179d-4cdf-8a87-ffc7b568c25f@group-BF8CDD64B120-SegmentedRaftLogWorker] INFO  segmented.SegmentedRaftLogWorker (SegmentedRaftLogWorker.java:run(327)) - 56ac738e-179d-4cdf-8a87-ffc7b568c25f@group-BF8CDD64B120-SegmentedRaftLogWorker was interrupted, exiting. There are 0 tasks remaining in the queue.
2021-08-10 07:20:51,688 [Time-limited test] INFO  segmented.SegmentedRaftLogWorker (SegmentedRaftLogWorker.java:close(237)) - 56ac738e-179d-4cdf-8a87-ffc7b568c25f@group-BF8CDD64B120-SegmentedRaftLogWorker close()
2021-08-10 07:20:51,689 [Time-limited test] INFO  server.GrpcService (GrpcService.java:closeImpl(262)) - 56ac738e-179d-4cdf-8a87-ffc7b568c25f: shutdown server with port 12676 now
2021-08-10 07:20:51,695 [Time-limited test] INFO  server.GrpcService (GrpcService.java:closeImpl(271)) - 56ac738e-179d-4cdf-8a87-ffc7b568c25f: shutdown server with port 12676 successfully
2021-08-10 07:20:51,695 [org.apache.ratis.util.JvmPauseMonitor$$Lambda$430/506160180@13f20b89] INFO  util.JvmPauseMonitor (JvmPauseMonitor.java:run(109)) - JvmPauseMonitor-56ac738e-179d-4cdf-8a87-ffc7b568c25f: Stopped
2021-08-10 07:20:51,695 [Time-limited test] WARN  server.ServerUtils (ServerUtils.java:getScmDbDir(148)) - ozone.scm.db.dirs is not configured. We recommend adding this setting. Falling back to ozone.metadata.dirs instead.
2021-08-10 07:20:51,699 [Time-limited test] INFO  server.StorageContainerManager (StorageContainerManager.java:scmInit(1018)) - SCM initialization succeeded. Current cluster id for sd=/home/runner/work/ozone/ozone/hadoop-ozone/integration-test/target/test-dir/MiniOzoneClusterImpl-c2709307-340b-4da9-b87e-bf8cdd64b120/scmNode-1/scm; cid=c2709307-340b-4da9-b87e-bf8cdd64b120; layoutVersion=2; scmId=56ac738e-179d-4cdf-8a87-ffc7b568c25f
2021-08-10 07:20:51,713 [Time-limited test] INFO  ha.SCMHANodeDetails (SCMHANodeDetails.java:loadSCMHAConfig(157)) - ServiceID for StorageContainerManager is scmServiceId
2021-08-10 07:20:51,714 [Time-limited test] INFO  ha.SCMHANodeDetails (SCMHANodeDetails.java:loadSCMHAConfig(168)) - ServiceID for StorageContainerManager is scmServiceId
2021-08-10 07:20:51,715 [Time-limited test] INFO  ha.SCMHANodeDetails (SCMHANodeDetails.java:loadSCMHAConfig(250)) - Found matching SCM address with SCMServiceId: scmServiceId, SCMNodeId: scmNode-1, RPC Address: localhost:12676 and Ratis port: 12676
2021-08-10 07:20:51,715 [Time-limited test] INFO  ha.SCMHANodeDetails (ConfUtils.java:setNodeSpecificConfigs(108)) - Setting configuration key ozone.scm.datanode.address with value of key ozone.scm.datanode.address.scmServiceId.scmNode-1: 127.0.0.1:12677
2021-08-10 07:20:51,715 [Time-limited test] INFO  ha.SCMHANodeDetails (ConfUtils.java:setNodeSpecificConfigs(108)) - Setting configuration key ozone.scm.block.client.address with value of key ozone.scm.block.client.address.scmServiceId.scmNode-1: 127.0.0.1:12678
2021-08-10 07:20:51,716 [Time-limited test] INFO  ha.SCMHANodeDetails (ConfUtils.java:setNodeSpecificConfigs(108)) - Setting configuration key ozone.scm.client.address with value of key ozone.scm.client.address.scmServiceId.scmNode-1: 127.0.0.1:12679
2021-08-10 07:20:51,716 [Time-limited test] INFO  ha.SCMHANodeDetails (ConfUtils.java:setNodeSpecificConfigs(108)) - Setting configuration key ozone.scm.ratis.port with value of key ozone.scm.ratis.port.scmServiceId.scmNode-1: 12676
2021-08-10 07:20:51,717 [Time-limited test] INFO  ha.SCMHANodeDetails (ConfUtils.java:setNodeSpecificConfigs(108)) - Setting configuration key ozone.scm.grpc.port with value of key ozone.scm.grpc.port.scmServiceId.scmNode-1: 12680
2021-08-10 07:20:51,717 [Time-limited test] INFO  ha.SCMHANodeDetails (ConfUtils.java:setNodeSpecificConfigs(108)) - Setting configuration key ozone.scm.http-address with value of key ozone.scm.http-address.scmServiceId.scmNode-1: 127.0.0.1:12674
2021-08-10 07:20:51,718 [Time-limited test] INFO  ha.SCMHANodeDetails (ConfUtils.java:setNodeSpecificConfigs(108)) - Setting configuration key ozone.scm.https-address with value of key ozone.scm.https-address.scmServiceId.scmNode-1: 127.0.0.1:12675
2021-08-10 07:20:51,718 [Time-limited test] INFO  ha.SCMHANodeDetails (ConfUtils.java:setNodeSpecificConfigs(108)) - Setting configuration key ozone.scm.address with value of key ozone.scm.address.scmServiceId.scmNode-1: 127.0.0.1
2021-08-10 07:20:51,718 [Time-limited test] WARN  scm.ScmUtils (ScmUtils.java:logWarn(179)) - ConfigKey ozone.scm.block.client.address is deprecated, For configuring different ports for each SCM use PortConfigKey ozone.scm.block.client.port appended with serviceId and nodeId. If want to configure same port configure ozone.scm.block.client.port
2021-08-10 07:20:51,720 [Time-limited test] WARN  scm.ScmUtils (ScmUtils.java:logWarn(179)) - ConfigKey ozone.scm.client.address is deprecated, For configuring different ports for each SCM use PortConfigKey ozone.scm.client.port appended with serviceId and nodeId. If want to configure same port configure ozone.scm.client.port
2021-08-10 07:20:51,720 [Time-limited test] WARN  scm.ScmUtils (ScmUtils.java:logWarn(179)) - ConfigKey ozone.scm.datanode.address is deprecated, For configuring different ports for each SCM use PortConfigKey ozone.scm.datanode.port appended with serviceId and nodeId. If want to configure same port configure ozone.scm.datanode.port
2021-08-10 07:20:51,747 [Time-limited test] WARN  server.ServerUtils (ServerUtils.java:getScmDbDir(148)) - ozone.scm.db.dirs is not configured. We recommend adding this setting. Falling back to ozone.metadata.dirs instead.
2021-08-10 07:20:51,750 [Time-limited test] INFO  upgrade.AbstractLayoutVersionManager (AbstractLayoutVersionManager.java:init(70)) - Initializing Layout version manager with metadata layout = SCM_HA (version = 2), software layout = SCM_HA (version = 2)
2021-08-10 07:20:51,930 [Time-limited test] INFO  reflections.Reflections (Reflections.java:scan(232)) - Reflections took 147 ms to scan 7 urls, producing 120 keys and 275 values 
2021-08-10 07:20:52,359 [Time-limited test] WARN  utils.HAUtils (HAUtils.java:getMetaDir(342)) - ozone.scm.db.dirs is not configured. We recommend adding this setting. Falling back to ozone.metadata.dirs instead.
2021-08-10 07:20:52,480 [Time-limited test] WARN  db.DBStoreBuilder (DBStoreBuilder.java:applyDBDefinition(145)) - ozone.scm.db.dirs is not configured. We recommend adding this setting. Falling back to ozone.metadata.dirs instead.
2021-08-10 07:20:52,624 [Time-limited test] INFO  net.NodeSchemaLoader (NodeSchemaLoader.java:loadSchemaFromFile(129)) - Loading schema from [jar:file:/home/runner/.m2/repository/org/apache/ozone/hdds-common/1.2.0-SNAPSHOT/hdds-common-1.2.0-SNAPSHOT.jar!/network-topology-default.xml]
2021-08-10 07:20:52,626 [Time-limited test] INFO  net.NodeSchemaLoader (NodeSchemaLoader.java:loadSchema(176)) - Loading network topology layer schema file
2021-08-10 07:20:52,666 [Time-limited test] INFO  ha.SCMRatisServerImpl (SCMRatisServerImpl.java:<init>(85)) - starting Raft server for scm:56ac738e-179d-4cdf-8a87-ffc7b568c25f
2021-08-10 07:20:52,669 [Time-limited test] INFO  server.RaftServer (ConfUtils.java:logGet(44)) - raft.rpc.type = GRPC (default)
2021-08-10 07:20:52,670 [Time-limited test] INFO  grpc.GrpcFactory (GrpcFactory.java:checkPooledByteBufAllocatorUseCacheForAllThreads(48)) - PERFORMANCE WARNING: useCacheForAllThreads is true that may cause Netty to create a lot garbage objects and, as a result, trigger GC.
	It is recommended to disable useCacheForAllThreads by setting -Dorg.apache.ratis.thirdparty.io.netty.allocator.useCacheForAllThreads=false in command line.
2021-08-10 07:20:52,670 [Time-limited test] INFO  grpc.GrpcConfigKeys (ConfUtils.java:logGet(44)) - raft.grpc.admin.port = -1 (default)
2021-08-10 07:20:52,670 [Time-limited test] INFO  grpc.GrpcConfigKeys (ConfUtils.java:logGet(44)) - raft.grpc.server.port = 12676 (custom)
2021-08-10 07:20:52,670 [Time-limited test] INFO  grpc.GrpcConfigKeys (ConfUtils.java:logGet(44)) - raft.grpc.client.port = -1 (default)
2021-08-10 07:20:52,670 [Time-limited test] INFO  grpc.GrpcConfigKeys (ConfUtils.java:logGet(44)) - raft.grpc.server.port = 12676 (custom)
2021-08-10 07:20:52,671 [Time-limited test] INFO  grpc.GrpcConfigKeys (ConfUtils.java:logGet(44)) - raft.grpc.server.port = 12676 (custom)
2021-08-10 07:20:52,671 [Time-limited test] INFO  server.GrpcService (ConfUtils.java:logGet(44)) - raft.grpc.message.size.max = 32m (=33554432) (custom)
2021-08-10 07:20:52,671 [Time-limited test] INFO  server.RaftServerConfigKeys (ConfUtils.java:logGet(44)) - raft.server.log.appender.buffer.byte-limit = 33554432 (custom)
2021-08-10 07:20:52,671 [Time-limited test] INFO  server.GrpcService (ConfUtils.java:logGet(44)) - raft.grpc.flow.control.window = 1MB (=1048576) (default)
2021-08-10 07:20:52,671 [Time-limited test] INFO  server.RaftServerConfigKeys (ConfUtils.java:logGet(44)) - raft.server.rpc.request.timeout = 30000ms (custom)
2021-08-10 07:20:52,672 [Time-limited test] INFO  impl.DataStreamServerImpl (ConfUtils.java:logGet(44)) - raft.datastream.type = DISABLED (default)
2021-08-10 07:20:52,673 [Time-limited test] INFO  server.RaftServerConfigKeys (ConfUtils.java:logGet(44)) - raft.server.rpc.slowness.timeout = 120000ms (custom)
2021-08-10 07:20:52,673 [Time-limited test] INFO  server.RaftServerConfigKeys (ConfUtils.java:logGet(44)) - raft.server.leaderelection.leader.step-down.wait-time = 10s (default)
2021-08-10 07:20:52,673 [Time-limited test] INFO  server.RaftServerConfigKeys (ConfUtils.java:logGet(44)) - raft.server.storage.dir = [/home/runner/work/ozone/ozone/hadoop-ozone/integration-test/target/test-dir/MiniOzoneClusterImpl-c2709307-340b-4da9-b87e-bf8cdd64b120/scmNode-1/scm-ha] (custom)
2021-08-10 07:20:52,673 [Time-limited test] INFO  server.RaftServer (RaftServerProxy.java:lambda$null$1(235)) - 56ac738e-179d-4cdf-8a87-ffc7b568c25f: found a subdirectory /home/runner/work/ozone/ozone/hadoop-ozone/integration-test/target/test-dir/MiniOzoneClusterImpl-c2709307-340b-4da9-b87e-bf8cdd64b120/scmNode-1/scm-ha/c2709307-340b-4da9-b87e-bf8cdd64b120
2021-08-10 07:20:52,674 [Time-limited test] INFO  server.RaftServer (RaftServerProxy.java:addNew(95)) - 56ac738e-179d-4cdf-8a87-ffc7b568c25f: addNew group-BF8CDD64B120:[] returns group-BF8CDD64B120:java.util.concurrent.CompletableFuture@216f07a8[Not completed]
2021-08-10 07:20:52,677 [pool-15-thread-1] INFO  server.RaftServer$Division (RaftServerImpl.java:<init>(181)) - 56ac738e-179d-4cdf-8a87-ffc7b568c25f: new RaftServerImpl for group-BF8CDD64B120:[] with SCMStateMachine:uninitialized
2021-08-10 07:20:52,677 [pool-15-thread-1] INFO  server.RaftServerConfigKeys (ConfUtils.java:logGet(44)) - raft.server.rpc.timeout.min = 5000ms (custom)
2021-08-10 07:20:52,677 [pool-15-thread-1] INFO  server.RaftServerConfigKeys (ConfUtils.java:logGet(44)) - raft.server.rpc.timeout.max = 5200ms (custom)
2021-08-10 07:20:52,677 [pool-15-thread-1] INFO  server.RaftServerConfigKeys (ConfUtils.java:logGet(44)) - raft.server.rpc.sleep.time = 25ms (default)
2021-08-10 07:20:52,678 [pool-15-thread-1] INFO  server.RaftServerConfigKeys (ConfUtils.java:logGet(44)) - raft.server.rpc.slowness.timeout = 120000ms (custom)
2021-08-10 07:20:52,678 [pool-15-thread-1] INFO  server.RaftServerConfigKeys (ConfUtils.java:logGet(44)) - raft.server.leaderelection.leader.step-down.wait-time = 10s (default)
2021-08-10 07:20:52,678 [pool-15-thread-1] INFO  server.RaftServerConfigKeys (ConfUtils.java:logGet(44)) - raft.server.sleep.deviation.threshold = 300ms (default)
2021-08-10 07:20:52,678 [pool-15-thread-1] INFO  server.RaftServerConfigKeys (ConfUtils.java:logGet(44)) - raft.server.log.appender.install.snapshot.enabled = false (custom)
2021-08-10 07:20:52,678 [pool-15-thread-1] INFO  server.RaftServer$Division (ServerState.java:<init>(105)) - 56ac738e-179d-4cdf-8a87-ffc7b568c25f@group-BF8CDD64B120: ConfigurationManager, init=-1: [], old=null, confs=<EMPTY_MAP>
2021-08-10 07:20:52,678 [pool-15-thread-1] INFO  server.RaftServerConfigKeys (ConfUtils.java:logGet(44)) - raft.server.storage.dir = [/home/runner/work/ozone/ozone/hadoop-ozone/integration-test/target/test-dir/MiniOzoneClusterImpl-c2709307-340b-4da9-b87e-bf8cdd64b120/scmNode-1/scm-ha] (custom)
2021-08-10 07:20:52,679 [pool-15-thread-1] INFO  server.RaftServerConfigKeys (ConfUtils.java:logGet(44)) - raft.server.log.corruption.policy = EXCEPTION (default)
2021-08-10 07:20:52,679 [pool-15-thread-1] INFO  server.RaftServerConfigKeys (ConfUtils.java:logGet(44)) - raft.server.storage.free-space.min = 0MB (=0) (default)
2021-08-10 07:20:52,680 [pool-15-thread-1] INFO  storage.RaftStorageDirectory (RaftStorageDirectoryImpl.java:tryLock(230)) - Lock on /home/runner/work/ozone/ozone/hadoop-ozone/integration-test/target/test-dir/MiniOzoneClusterImpl-c2709307-340b-4da9-b87e-bf8cdd64b120/scmNode-1/scm-ha/c2709307-340b-4da9-b87e-bf8cdd64b120/in_use.lock acquired by nodename 25859@fv-az12-876
2021-08-10 07:20:52,681 [pool-15-thread-1] INFO  storage.RaftStorage (RaftStorageImpl.java:analyzeAndRecoverStorage(110)) - Read RaftStorageMetadata{term=1, votedFor=56ac738e-179d-4cdf-8a87-ffc7b568c25f} from /home/runner/work/ozone/ozone/hadoop-ozone/integration-test/target/test-dir/MiniOzoneClusterImpl-c2709307-340b-4da9-b87e-bf8cdd64b120/scmNode-1/scm-ha/c2709307-340b-4da9-b87e-bf8cdd64b120/current/raft-meta
2021-08-10 07:20:52,688 [pool-15-thread-1] INFO  server.RaftServer$Division (ServerState.java:setRaftConf(387)) - 56ac738e-179d-4cdf-8a87-ffc7b568c25f@group-BF8CDD64B120: set configuration 0: [56ac738e-179d-4cdf-8a87-ffc7b568c25f|rpc:localhost:12676|admin:|client:|dataStream:|priority:0], old=null
2021-08-10 07:20:52,688 [pool-15-thread-1] INFO  server.RaftServerConfigKeys (ConfUtils.java:logGet(44)) - raft.server.notification.no-leader.timeout = 60s (default)
2021-08-10 07:20:52,688 [pool-15-thread-1] INFO  server.RaftServerConfigKeys (ConfUtils.java:logGet(44)) - raft.server.log.use.memory = false (default)
2021-08-10 07:20:52,689 [pool-15-thread-1] INFO  server.RaftServerConfigKeys (ConfUtils.java:logGet(44)) - raft.server.log.purge.gap = 1000000 (custom)
2021-08-10 07:20:52,689 [pool-15-thread-1] INFO  server.RaftServerConfigKeys (ConfUtils.java:logGet(44)) - raft.server.log.appender.buffer.byte-limit = 33554432 (custom)
2021-08-10 07:20:52,689 [pool-15-thread-1] INFO  server.RaftServerConfigKeys (ConfUtils.java:logGet(44)) - raft.server.log.segment.size.max = 16384 (custom)
2021-08-10 07:20:52,689 [pool-15-thread-1] INFO  server.RaftServerConfigKeys (ConfUtils.java:logGet(44)) - raft.server.log.segment.cache.num.max = 2 (custom)
2021-08-10 07:20:52,690 [pool-15-thread-1] INFO  server.RaftServerConfigKeys (ConfUtils.java:logGet(44)) - raft.server.log.segment.cache.size.max = 200MB (=209715200) (default)
2021-08-10 07:20:52,690 [pool-15-thread-1] INFO  segmented.SegmentedRaftLogWorker (SegmentedRaftLogWorker.java:<init>(182)) - new 56ac738e-179d-4cdf-8a87-ffc7b568c25f@group-BF8CDD64B120-SegmentedRaftLogWorker for RaftStorageImpl:Storage Directory /home/runner/work/ozone/ozone/hadoop-ozone/integration-test/target/test-dir/MiniOzoneClusterImpl-c2709307-340b-4da9-b87e-bf8cdd64b120/scmNode-1/scm-ha/c2709307-340b-4da9-b87e-bf8cdd64b120
2021-08-10 07:20:52,690 [pool-15-thread-1] INFO  server.RaftServerConfigKeys (ConfUtils.java:logGet(44)) - raft.server.log.queue.byte-limit = 64MB (=67108864) (default)
2021-08-10 07:20:52,690 [pool-15-thread-1] INFO  server.RaftServerConfigKeys (ConfUtils.java:logGet(44)) - raft.server.log.queue.element-limit = 4096 (default)
2021-08-10 07:20:52,690 [pool-15-thread-1] INFO  server.RaftServerConfigKeys (ConfUtils.java:logGet(44)) - raft.server.log.segment.size.max = 16384 (custom)
2021-08-10 07:20:52,690 [pool-15-thread-1] INFO  server.RaftServerConfigKeys (ConfUtils.java:logGet(44)) - raft.server.log.preallocated.size = 16384 (custom)
2021-08-10 07:20:52,690 [pool-15-thread-1] INFO  server.RaftServerConfigKeys (ConfUtils.java:logGet(44)) - raft.server.log.force.sync.num = 128 (default)
2021-08-10 07:20:52,690 [pool-15-thread-1] INFO  server.RaftServerConfigKeys (ConfUtils.java:logGet(44)) - raft.server.log.statemachine.data.sync = true (default)
2021-08-10 07:20:52,691 [pool-15-thread-1] INFO  server.RaftServerConfigKeys (ConfUtils.java:logGet(44)) - raft.server.log.statemachine.data.sync.timeout = 10s (default)
2021-08-10 07:20:52,691 [pool-15-thread-1] INFO  server.RaftServerConfigKeys (ConfUtils.java:logGet(44)) - raft.server.log.statemachine.data.sync.timeout.retry = -1 (default)
2021-08-10 07:20:52,691 [pool-15-thread-1] INFO  server.RaftServerConfigKeys (ConfUtils.java:logGet(44)) - raft.server.log.write.buffer.size = 64KB (=65536) (default)
2021-08-10 07:20:52,692 [pool-15-thread-1] INFO  server.RaftServerConfigKeys (ConfUtils.java:logGet(44)) - raft.server.log.statemachine.data.caching.enabled = false (default)
2021-08-10 07:20:52,697 [pool-15-thread-1] INFO  server.RaftServer$Division (ServerState.java:setRaftConf(387)) - 56ac738e-179d-4cdf-8a87-ffc7b568c25f@group-BF8CDD64B120: set configuration 0: [56ac738e-179d-4cdf-8a87-ffc7b568c25f|rpc:localhost:12676|admin:|client:|dataStream:|priority:0], old=null
2021-08-10 07:20:52,698 [pool-15-thread-1] INFO  segmented.LogSegment (LogSegment.java:loadSegment(173)) - Successfully read 1 entries from segment file /home/runner/work/ozone/ozone/hadoop-ozone/integration-test/target/test-dir/MiniOzoneClusterImpl-c2709307-340b-4da9-b87e-bf8cdd64b120/scmNode-1/scm-ha/c2709307-340b-4da9-b87e-bf8cdd64b120/current/log_inprogress_0
2021-08-10 07:20:52,698 [pool-15-thread-1] INFO  segmented.SegmentedRaftLogWorker (SegmentedRaftLogWorker.java:lambda$new$0(133)) - 56ac738e-179d-4cdf-8a87-ffc7b568c25f@group-BF8CDD64B120-SegmentedRaftLogWorker: flushIndex: setUnconditionally 0 -> 0
2021-08-10 07:20:52,698 [pool-15-thread-1] INFO  segmented.SegmentedRaftLogWorker (SegmentedRaftLogWorker.java:lambda$new$0(133)) - 56ac738e-179d-4cdf-8a87-ffc7b568c25f@group-BF8CDD64B120-SegmentedRaftLogWorker: safeCacheEvictIndex: setUnconditionally 0 -> -1
2021-08-10 07:20:52,699 [pool-15-thread-1] INFO  server.RaftServerConfigKeys (ConfUtils.java:logGet(44)) - raft.server.snapshot.auto.trigger.enabled = true (custom)
2021-08-10 07:20:52,699 [pool-15-thread-1] INFO  server.RaftServerConfigKeys (ConfUtils.java:logGet(44)) - raft.server.snapshot.auto.trigger.threshold = 1000 (custom)
2021-08-10 07:20:52,699 [pool-15-thread-1] INFO  server.RaftServerConfigKeys (ConfUtils.java:logGet(44)) - raft.server.snapshot.retention.file.num = -1 (default)
2021-08-10 07:20:52,700 [pool-15-thread-1] INFO  server.RaftServerConfigKeys (ConfUtils.java:logGet(44)) - raft.server.log.purge.upto.snapshot.index = false (default)
2021-08-10 07:20:52,700 [pool-15-thread-1] INFO  server.RaftServerConfigKeys (ConfUtils.java:logGet(44)) - raft.server.retrycache.expirytime = 60000ms (default)
2021-08-10 07:20:52,700 [pool-15-thread-1] INFO  server.RaftServerConfigKeys (ConfUtils.java:logGet(44)) - raft.server.retrycache.statistics.expirytime = 100μs (default)
2021-08-10 07:20:52,702 [Time-limited test] INFO  ha.SCMSnapshotProvider (SCMSnapshotProvider.java:<init>(66)) - Initializing SCM Snapshot Provider
2021-08-10 07:20:52,702 [Time-limited test] WARN  server.ServerUtils (ServerUtils.java:getDefaultRatisDirectory(237)) - Storage directory for Ratis is not configured. It is a good idea to map this to an SSD disk. Falling back to ozone.metadata.dirs
2021-08-10 07:20:52,703 [Time-limited test] WARN  ha.SCMHAUtils (SCMHAUtils.java:getSCMRatisSnapshotDirectory(144)) - SCM snapshot dir is not configured. Falling back to ozone.metadata.dirs config
2021-08-10 07:20:52,725 [Time-limited test] INFO  ha.SequenceIdGenerator (SequenceIdGenerator.java:upgradeToSequenceId(327)) - upgrade localId to 107544261427200000
2021-08-10 07:20:52,725 [Time-limited test] INFO  ha.SequenceIdGenerator (SequenceIdGenerator.java:upgradeToSequenceId(337)) - upgrade delTxnId to 0
2021-08-10 07:20:52,803 [Time-limited test] INFO  ha.SequenceIdGenerator (SequenceIdGenerator.java:upgradeToSequenceId(351)) - upgrade containerId to 0
2021-08-10 07:20:52,805 [Time-limited test] INFO  ha.SequenceIdGenerator (SequenceIdGenerator.java:<init>(217)) - Init the HA SequenceIdGenerator.
2021-08-10 07:20:52,845 [Time-limited test] INFO  node.SCMNodeManager (SCMNodeManager.java:<init>(145)) - Entering startup safe mode.
2021-08-10 07:20:52,891 [Time-limited test] INFO  algorithms.ContainerPlacementPolicyFactory (ContainerPlacementPolicyFactory.java:getPolicy(60)) - Create container placement policy of type org.apache.hadoop.hdds.scm.container.placement.algorithms.SCMContainerPlacementRandom
2021-08-10 07:20:52,899 [Time-limited test] INFO  pipeline.PipelineStateManager (PipelineStateManagerV2Impl.java:initialize(78)) - No pipeline exists in current db
2021-08-10 07:20:52,926 [Time-limited test] INFO  algorithms.LeaderChoosePolicyFactory (LeaderChoosePolicyFactory.java:getPolicy(57)) - Create leader choose policy of type org.apache.hadoop.hdds.scm.pipeline.leader.choose.algorithms.MinLeaderCountChoosePolicy
2021-08-10 07:20:52,932 [Time-limited test] INFO  ha.SCMServiceManager (SCMServiceManager.java:register(43)) - Registering service BackgroundPipelineCreator.
2021-08-10 07:20:52,932 [Time-limited test] INFO  pipeline.BackgroundPipelineCreator (BackgroundPipelineCreatorV2.java:start(130)) - Starting RatisPipelineUtilsThread.
2021-08-10 07:20:52,958 [Time-limited test] INFO  algorithms.PipelineChoosePolicyFactory (PipelineChoosePolicyFactory.java:createPipelineChoosePolicyFromClass(73)) - Create pipeline choose policy of type org.apache.hadoop.hdds.scm.pipeline.choose.algorithms.RandomPipelineChoosePolicy
2021-08-10 07:20:52,971 [Time-limited test] INFO  ha.SCMServiceManager (SCMServiceManager.java:register(43)) - Registering service SCMBlockDeletingService.
2021-08-10 07:20:52,980 [Time-limited test] INFO  ha.SCMServiceManager (SCMServiceManager.java:register(43)) - Registering service ReplicationManager.
2021-08-10 07:20:52,982 [Time-limited test] INFO  container.ReplicationManager (ReplicationManager.java:start(286)) - Starting Replication Monitor Thread.
2021-08-10 07:20:52,991 [Time-limited test] INFO  safemode.ContainerSafeModeRule (ContainerSafeModeRule.java:<init>(89)) - containers with one replica threshold count 0
2021-08-10 07:20:52,992 [ReplicationMonitor] INFO  container.ReplicationManager (ReplicationManager.java:processAll(341)) - Replication Monitor Thread took 0 milliseconds for processing 0 containers.
2021-08-10 07:20:52,995 [Time-limited test] INFO  safemode.HealthyPipelineSafeModeRule (HealthyPipelineSafeModeRule.java:initializeRule(156)) - Total pipeline count is 0, healthy pipeline threshold count is 1
2021-08-10 07:20:52,997 [Time-limited test] INFO  safemode.OneReplicaPipelineSafeModeRule (OneReplicaPipelineSafeModeRule.java:initializeRule(180)) - Total pipeline count is 0, pipeline's with at least one datanode reported threshold count is 0
2021-08-10 07:20:53,324 [Time-limited test] INFO  ipc.CallQueueManager (CallQueueManager.java:<init>(90)) - Using callQueue: class java.util.concurrent.LinkedBlockingQueue, queueCapacity: 10000, scheduler: class org.apache.hadoop.ipc.DefaultRpcScheduler, ipcBackoff: false.
2021-08-10 07:20:53,359 [Socket Reader #1 for port 12677] INFO  ipc.Server (Server.java:run(1265)) - Starting Socket Reader #1 for port 12677
2021-08-10 07:20:53,399 [Listener at 0.0.0.0/12677] INFO  ipc.CallQueueManager (CallQueueManager.java:<init>(90)) - Using callQueue: class java.util.concurrent.LinkedBlockingQueue, queueCapacity: 10000, scheduler: class org.apache.hadoop.ipc.DefaultRpcScheduler, ipcBackoff: false.
2021-08-10 07:20:53,404 [Socket Reader #1 for port 12678] INFO  ipc.Server (Server.java:run(1265)) - Starting Socket Reader #1 for port 12678
2021-08-10 07:20:53,420 [Listener at 0.0.0.0/12678] INFO  ipc.CallQueueManager (CallQueueManager.java:<init>(90)) - Using callQueue: class java.util.concurrent.LinkedBlockingQueue, queueCapacity: 10000, scheduler: class org.apache.hadoop.ipc.DefaultRpcScheduler, ipcBackoff: false.
2021-08-10 07:20:53,424 [Socket Reader #1 for port 12679] INFO  ipc.Server (Server.java:run(1265)) - Starting Socket Reader #1 for port 12679
2021-08-10 07:20:53,469 [Listener at 0.0.0.0/12679] INFO  server.StorageContainerManager (StorageContainerManager.java:<init>(380)) - 
Container Balancer status:
Key                            Value
Running                        true
Container Balancer Configuration values:
Key                            Value
Threshold                      0.1
Max Datanodes to Balance       5
Max Size to Move               10737418240B

2021-08-10 07:20:53,469 [Listener at 0.0.0.0/12679] WARN  events.EventQueue (EventQueue.java:fireEvent(194)) - No event handler registered for event TypedEvent{payloadType=SafeModeStatus, name='Safe mode status'}
2021-08-10 07:20:53,469 [Listener at 0.0.0.0/12679] INFO  ha.SCMContext (SCMContext.java:updateSafeModeStatus(205)) - Update SafeModeStatus from SafeModeStatus{safeModeStatus=true, preCheckPassed=false} to SafeModeStatus{safeModeStatus=true, preCheckPassed=false}.
2021-08-10 07:20:53,472 [Listener at 0.0.0.0/12679] INFO  server.StorageContainerManager (StorageContainerManager.java:start(1246)) - StorageContainerLocationProtocol RPC server is listening at /0.0.0.0:12679
2021-08-10 07:20:53,473 [Listener at 0.0.0.0/12679] INFO  ha.SCMRatisServerImpl (SCMRatisServerImpl.java:start(170)) - starting ratis server 0.0.0.0:12676
2021-08-10 07:20:53,473 [Listener at 0.0.0.0/12679] INFO  server.RaftServer$Division (RaftServerImpl.java:start(296)) - 56ac738e-179d-4cdf-8a87-ffc7b568c25f@group-BF8CDD64B120: start as a follower, conf=0: [56ac738e-179d-4cdf-8a87-ffc7b568c25f|rpc:localhost:12676|admin:|client:|dataStream:|priority:0], old=null
2021-08-10 07:20:53,473 [Listener at 0.0.0.0/12679] INFO  server.RaftServer$Division (RaftServerImpl.java:setRole(285)) - 56ac738e-179d-4cdf-8a87-ffc7b568c25f@group-BF8CDD64B120: changes role from      null to FOLLOWER at term 1 for startAsFollower
2021-08-10 07:20:53,473 [Listener at 0.0.0.0/12679] INFO  impl.RoleInfo (RoleInfo.java:updateAndGet(130)) - 56ac738e-179d-4cdf-8a87-ffc7b568c25f: start 56ac738e-179d-4cdf-8a87-ffc7b568c25f@group-BF8CDD64B120-FollowerState
2021-08-10 07:20:53,474 [Listener at 0.0.0.0/12679] INFO  util.JmxRegister (JmxRegister.java:tryRegister(44)) - Successfully registered JMX Bean with object name Ratis:service=RaftServer,group=group-BF8CDD64B120,id=56ac738e-179d-4cdf-8a87-ffc7b568c25f
2021-08-10 07:20:53,475 [Listener at 0.0.0.0/12679] INFO  server.RaftServer (RaftServerProxy.java:lambda$start$5(374)) - 56ac738e-179d-4cdf-8a87-ffc7b568c25f: start RPC server
2021-08-10 07:20:53,476 [Listener at 0.0.0.0/12679] INFO  server.GrpcService (GrpcService.java:startImpl(253)) - 56ac738e-179d-4cdf-8a87-ffc7b568c25f: GrpcService started, listening on 12676
2021-08-10 07:20:53,476 [Listener at 0.0.0.0/12679] INFO  ha.SCMHAManagerImpl (SCMHAManagerImpl.java:start(120)) -  scm role is FOLLOWER peers [56ac738e-179d-4cdf-8a87-ffc7b568c25f|rpc:localhost:12676|admin:|client:|dataStream:|priority:0]
2021-08-10 07:20:53,476 [Listener at 0.0.0.0/12679] INFO  ha.InterSCMGrpcService (InterSCMGrpcProtocolService.java:start(94)) - Starting SCM Grpc Service at port 12680
2021-08-10 07:20:53,478 [org.apache.ratis.util.JvmPauseMonitor$$Lambda$430/506160180@1a457676] INFO  util.JvmPauseMonitor (JvmPauseMonitor.java:run(103)) - JvmPauseMonitor-56ac738e-179d-4cdf-8a87-ffc7b568c25f: Started
2021-08-10 07:20:53,547 [Listener at 0.0.0.0/12679] WARN  impl.MetricsConfig (MetricsConfig.java:loadFirst(136)) - Cannot locate configuration: tried hadoop-metrics2-storagecontainermanager.properties,hadoop-metrics2.properties
2021-08-10 07:20:53,563 [Listener at 0.0.0.0/12679] INFO  impl.MetricsSystemImpl (MetricsSystemImpl.java:startTimer(378)) - Scheduled Metric snapshot period at 10 second(s).
2021-08-10 07:20:53,563 [Listener at 0.0.0.0/12679] INFO  impl.MetricsSystemImpl (MetricsSystemImpl.java:start(191)) - StorageContainerManager metrics system started
2021-08-10 07:20:53,815 [Listener at 0.0.0.0/12679] INFO  server.SCMClientProtocolServer (SCMClientProtocolServer.java:start(165)) - RPC server for Client  is listening at /0.0.0.0:12679
2021-08-10 07:20:53,819 [IPC Server Responder] INFO  ipc.Server (Server.java:run(1507)) - IPC Server Responder: starting
2021-08-10 07:20:53,829 [IPC Server listener on 12679] INFO  ipc.Server (Server.java:run(1344)) - IPC Server listener on 12679: starting
2021-08-10 07:20:53,892 [Listener at 0.0.0.0/12679] INFO  server.StorageContainerManager (StorageContainerManager.java:start(1261)) - ScmBlockLocationProtocol RPC server is listening at /0.0.0.0:12678
2021-08-10 07:20:53,893 [Listener at 0.0.0.0/12679] INFO  server.SCMBlockProtocolServer (SCMBlockProtocolServer.java:start(151)) - RPC server for Block Protocol is listening at /0.0.0.0:12678
2021-08-10 07:20:53,894 [IPC Server Responder] INFO  ipc.Server (Server.java:run(1507)) - IPC Server Responder: starting
2021-08-10 07:20:53,894 [IPC Server listener on 12678] INFO  ipc.Server (Server.java:run(1344)) - IPC Server listener on 12678: starting
2021-08-10 07:20:53,912 [Listener at 0.0.0.0/12679] INFO  server.StorageContainerManager (StorageContainerManager.java:start(1267)) - ScmDatanodeProtocl RPC server is listening at /0.0.0.0:12677
2021-08-10 07:20:53,954 [org.apache.hadoop.util.JvmPauseMonitor$Monitor@12e3f9dd] INFO  util.JvmPauseMonitor (JvmPauseMonitor.java:run(188)) - Starting JVM pause monitor
2021-08-10 07:20:53,960 [Listener at 0.0.0.0/12679] INFO  http.BaseHttpServer (BaseHttpServer.java:newHttpServer2BuilderForOzone(209)) - Starting Web-server for scm at: http://0.0.0.0:12674
2021-08-10 07:20:53,961 [Listener at 0.0.0.0/12679] INFO  http.BaseHttpServer (BaseHttpServer.java:<init>(107)) - Hadoop Security Enabled: false Ozone Security Enabled: false Ozone HTTP Security Enabled: false 
2021-08-10 07:20:53,991 [Listener at 0.0.0.0/12679] INFO  util.log (Log.java:initialized(170)) - Logging initialized @10537ms to org.eclipse.jetty.util.log.Slf4jLog
2021-08-10 07:20:54,102 [Listener at 0.0.0.0/12679] INFO  server.AuthenticationFilter (AuthenticationFilter.java:constructSecretProvider(240)) - Unable to initialize FileSignerSecretProvider, falling back to use random secrets.
2021-08-10 07:20:54,108 [Listener at 0.0.0.0/12679] WARN  http.HttpRequestLog (HttpRequestLog.java:getRequestLog(103)) - Jetty request log can only be enabled using Log4j
2021-08-10 07:20:54,118 [Listener at 0.0.0.0/12679] INFO  http.HttpServer2 (HttpServer2.java:addGlobalFilter(1020)) - Added global filter 'safety' (class=org.apache.hadoop.hdds.server.http.HttpServer2$QuotingInputFilter)
2021-08-10 07:20:54,122 [Listener at 0.0.0.0/12679] INFO  http.HttpServer2 (HttpServer2.java:addFilter(996)) - Added filter static_user_filter (class=org.apache.hadoop.http.lib.StaticUserWebFilter$StaticUserFilter) to context scm
2021-08-10 07:20:54,123 [Listener at 0.0.0.0/12679] INFO  http.HttpServer2 (HttpServer2.java:addFilter(1004)) - Added filter static_user_filter (class=org.apache.hadoop.http.lib.StaticUserWebFilter$StaticUserFilter) to context logs
2021-08-10 07:20:54,123 [Listener at 0.0.0.0/12679] INFO  http.HttpServer2 (HttpServer2.java:addFilter(1004)) - Added filter static_user_filter (class=org.apache.hadoop.http.lib.StaticUserWebFilter$StaticUserFilter) to context static
2021-08-10 07:20:54,163 [Listener at 0.0.0.0/12679] INFO  http.HttpServer2 (HttpServer2.java:bindListener(1239)) - Jetty bound to port 12674
2021-08-10 07:20:54,165 [Listener at 0.0.0.0/12679] INFO  server.Server (Server.java:doStart(375)) - jetty-9.4.43.v20210629; built: 2021-06-30T11:07:22.254Z; git: 526006ecfa3af7f1a27ef3a288e2bef7ea9dd7e8; jvm 1.8.0_292-b10
2021-08-10 07:20:54,195 [Listener at 0.0.0.0/12679] INFO  server.session (DefaultSessionIdManager.java:doStart(334)) - DefaultSessionIdManager workerName=node0
2021-08-10 07:20:54,195 [Listener at 0.0.0.0/12679] INFO  server.session (DefaultSessionIdManager.java:doStart(339)) - No SessionScavenger set, using defaults
2021-08-10 07:20:54,197 [Listener at 0.0.0.0/12679] INFO  server.session (HouseKeeper.java:startScavenging(132)) - node0 Scavenging every 660000ms
2021-08-10 07:20:54,220 [Listener at 0.0.0.0/12679] INFO  handler.ContextHandler (ContextHandler.java:doStart(915)) - Started o.e.j.s.ServletContextHandler@3fdd08fc{logs,/logs,file:///home/runner/work/ozone/ozone/hadoop-ozone/integration-test/target/log,AVAILABLE}
2021-08-10 07:20:54,221 [Listener at 0.0.0.0/12679] INFO  handler.ContextHandler (ContextHandler.java:doStart(915)) - Started o.e.j.s.ServletContextHandler@667db0e4{static,/static,file:///home/runner/work/ozone/ozone/hadoop-ozone/integration-test/target/test-classes/webapps/static,AVAILABLE}
2021-08-10 07:20:54,270 [Listener at 0.0.0.0/12679] INFO  handler.ContextHandler (ContextHandler.java:doStart(915)) - Started o.e.j.w.WebAppContext@5a527d0d{scm,/,file:///home/runner/work/ozone/ozone/hadoop-ozone/integration-test/target/test-classes/webapps/scm/,AVAILABLE}{file:/home/runner/work/ozone/ozone/hadoop-ozone/integration-test/target/test-classes/webapps/scm}
2021-08-10 07:20:54,279 [Listener at 0.0.0.0/12679] INFO  server.AbstractConnector (AbstractConnector.java:doStart(331)) - Started ServerConnector@6452bcd0{HTTP/1.1, (http/1.1)}{0.0.0.0:12674}
2021-08-10 07:20:54,279 [Listener at 0.0.0.0/12679] INFO  server.Server (Server.java:doStart(415)) - Started @10826ms
2021-08-10 07:20:54,283 [Listener at 0.0.0.0/12679] INFO  impl.MetricsSinkAdapter (MetricsSinkAdapter.java:start(204)) - Sink prometheus started
2021-08-10 07:20:54,283 [Listener at 0.0.0.0/12679] INFO  impl.MetricsSystemImpl (MetricsSystemImpl.java:registerSink(305)) - Registered sink prometheus
2021-08-10 07:20:54,284 [Listener at 0.0.0.0/12679] INFO  http.BaseHttpServer (BaseHttpServer.java:updateConnectorAddress(329)) - HTTP server of scm listening at http://0.0.0.0:12674
2021-08-10 07:20:54,284 [Listener at 0.0.0.0/12679] INFO  ozone.MiniOzoneHAClusterImpl (MiniOzoneHAClusterImpl.java:createSCMService(563)) - Started SCM RPC server at org.apache.hadoop.hdds.scm.server.SCMClientProtocolServer@6b869ed6
2021-08-10 07:20:54,381 [Listener at 0.0.0.0/12679] INFO  ha.OMHANodeDetails (OMHANodeDetails.java:loadOMHAConfig(118)) - ServiceID for OzoneManager is om-bootstrap
2021-08-10 07:20:54,386 [Listener at 0.0.0.0/12679] INFO  ha.OMHANodeDetails (OMHANodeDetails.java:loadOMHAConfig(194)) - Found matching OM address with OMServiceId: om-bootstrap, OMNodeId: omNode-1, RPC Address: localhost:10880 and Ratis port: 10884
2021-08-10 07:20:54,386 [Listener at 0.0.0.0/12679] INFO  ha.OMHANodeDetails (ConfUtils.java:setNodeSpecificConfigs(108)) - Setting configuration key ozone.om.http-address with value of key ozone.om.http-address.om-bootstrap.omNode-1: 127.0.0.1:10882
2021-08-10 07:20:54,386 [Listener at 0.0.0.0/12679] INFO  ha.OMHANodeDetails (ConfUtils.java:setNodeSpecificConfigs(108)) - Setting configuration key ozone.om.https-address with value of key ozone.om.https-address.om-bootstrap.omNode-1: 127.0.0.1:10883
2021-08-10 07:20:54,386 [Listener at 0.0.0.0/12679] INFO  ha.OMHANodeDetails (ConfUtils.java:setNodeSpecificConfigs(108)) - Setting configuration key ozone.om.address with value of key ozone.om.address.om-bootstrap.omNode-1: 127.0.0.1:10880
2021-08-10 07:20:54,386 [Listener at 0.0.0.0/12679] WARN  server.ServerUtils (ServerUtils.java:getDBPath(225)) - ozone.om.db.dirs is not configured. We recommend adding this setting. Falling back to ozone.metadata.dirs instead.
2021-08-10 07:20:54,395 [Listener at 0.0.0.0/12679] INFO  ha.SCMNodeInfo (SCMNodeInfo.java:getPort(197)) - ConfigKey ozone.scm.client.address is deprecated, For configuring different ports for each SCM use PortConfigKey ozone.scm.client.port appended with serviceId and nodeId
2021-08-10 07:20:54,395 [Listener at 0.0.0.0/12679] INFO  ha.SCMNodeInfo (SCMNodeInfo.java:getPort(197)) - ConfigKey ozone.scm.block.client.address is deprecated, For configuring different ports for each SCM use PortConfigKey ozone.scm.block.client.port appended with serviceId and nodeId
2021-08-10 07:20:54,395 [Listener at 0.0.0.0/12679] INFO  ha.SCMNodeInfo (SCMNodeInfo.java:getPort(197)) - ConfigKey ozone.scm.datanode.address is deprecated, For configuring different ports for each SCM use PortConfigKey ozone.scm.datanode.port appended with serviceId and nodeId
2021-08-10 07:20:56,611 [Listener at 0.0.0.0/12679] INFO  retry.RetryInvocationHandler (RetryInvocationHandler.java:log(411)) - com.google.protobuf.ServiceException: org.apache.hadoop.ipc.RemoteException(org.apache.hadoop.hdds.ratis.ServerNotLeaderException): Server:56ac738e-179d-4cdf-8a87-ffc7b568c25f is not the leader. Could not determine the leader node.
	at org.apache.hadoop.hdds.ratis.ServerNotLeaderException.convertToNotLeaderException(ServerNotLeaderException.java:109)
	at org.apache.hadoop.hdds.scm.ha.RatisUtil.checkRatisException(RatisUtil.java:196)
	at org.apache.hadoop.hdds.scm.protocol.ScmBlockLocationProtocolServerSideTranslatorPB.send(ScmBlockLocationProtocolServerSideTranslatorPB.java:108)
	at org.apache.hadoop.hdds.protocol.proto.ScmBlockLocationProtocolProtos$ScmBlockLocationProtocolService$2.callBlockingMethod(ScmBlockLocationProtocolProtos.java:13937)
	at org.apache.hadoop.ipc.ProtobufRpcEngine$Server.processCall(ProtobufRpcEngine.java:466)
	at org.apache.hadoop.ipc.ProtobufRpcEngine2$Server$ProtoBufRpcInvoker.call(ProtobufRpcEngine2.java:574)
	at org.apache.hadoop.ipc.ProtobufRpcEngine2$Server$ProtoBufRpcInvoker.call(ProtobufRpcEngine2.java:552)
	at org.apache.hadoop.ipc.RPC$Server.call(RPC.java:1093)
	at org.apache.hadoop.ipc.Server$RpcCall.run(Server.java:1035)
	at org.apache.hadoop.ipc.Server$RpcCall.run(Server.java:963)
	at java.security.AccessController.doPrivileged(Native Method)
	at javax.security.auth.Subject.doAs(Subject.java:422)
	at org.apache.hadoop.security.UserGroupInformation.doAs(UserGroupInformation.java:1878)
	at org.apache.hadoop.ipc.Server$Handler.run(Server.java:2966)
, while invoking $Proxy39.send over nodeId=scmNode-1,nodeAddress=/127.0.0.1:12678 after 1 failover attempts. Trying to failover after sleeping for 2000ms.
2021-08-10 07:20:58,571 [56ac738e-179d-4cdf-8a87-ffc7b568c25f@group-BF8CDD64B120-FollowerState] INFO  impl.FollowerState (FollowerState.java:run(134)) - 56ac738e-179d-4cdf-8a87-ffc7b568c25f@group-BF8CDD64B120-FollowerState: change to CANDIDATE, lastRpcElapsedTime:5097318367ns, electionTimeout:5096ms
2021-08-10 07:20:58,571 [56ac738e-179d-4cdf-8a87-ffc7b568c25f@group-BF8CDD64B120-FollowerState] INFO  impl.RoleInfo (RoleInfo.java:shutdownFollowerState(108)) - 56ac738e-179d-4cdf-8a87-ffc7b568c25f: shutdown 56ac738e-179d-4cdf-8a87-ffc7b568c25f@group-BF8CDD64B120-FollowerState
2021-08-10 07:20:58,571 [56ac738e-179d-4cdf-8a87-ffc7b568c25f@group-BF8CDD64B120-FollowerState] INFO  server.RaftServer$Division (RaftServerImpl.java:setRole(285)) - 56ac738e-179d-4cdf-8a87-ffc7b568c25f@group-BF8CDD64B120: changes role from  FOLLOWER to CANDIDATE at term 1 for changeToCandidate
2021-08-10 07:20:58,571 [56ac738e-179d-4cdf-8a87-ffc7b568c25f@group-BF8CDD64B120-FollowerState] INFO  server.RaftServerConfigKeys (ConfUtils.java:logGet(44)) - raft.server.leaderelection.pre-vote = false (custom)
2021-08-10 07:20:58,571 [56ac738e-179d-4cdf-8a87-ffc7b568c25f@group-BF8CDD64B120-FollowerState] INFO  impl.RoleInfo (RoleInfo.java:updateAndGet(130)) - 56ac738e-179d-4cdf-8a87-ffc7b568c25f: start 56ac738e-179d-4cdf-8a87-ffc7b568c25f@group-BF8CDD64B120-LeaderElection2
2021-08-10 07:20:58,574 [56ac738e-179d-4cdf-8a87-ffc7b568c25f@group-BF8CDD64B120-LeaderElection2] INFO  impl.LeaderElection (LeaderElection.java:askForVotes(306)) - 56ac738e-179d-4cdf-8a87-ffc7b568c25f@group-BF8CDD64B120-LeaderElection2 ELECTION round 0: submit vote requests at term 2 for 0: [56ac738e-179d-4cdf-8a87-ffc7b568c25f|rpc:localhost:12676|admin:|client:|dataStream:|priority:0], old=null
2021-08-10 07:20:58,575 [56ac738e-179d-4cdf-8a87-ffc7b568c25f@group-BF8CDD64B120-LeaderElection2] INFO  impl.LeaderElection (LeaderElection.java:askForVotes(308)) - 56ac738e-179d-4cdf-8a87-ffc7b568c25f@group-BF8CDD64B120-LeaderElection2 ELECTION round 0: result PASSED (term=2)
2021-08-10 07:20:58,575 [56ac738e-179d-4cdf-8a87-ffc7b568c25f@group-BF8CDD64B120-LeaderElection2] INFO  impl.RoleInfo (RoleInfo.java:shutdownLeaderElection(121)) - 56ac738e-179d-4cdf-8a87-ffc7b568c25f: shutdown 56ac738e-179d-4cdf-8a87-ffc7b568c25f@group-BF8CDD64B120-LeaderElection2
2021-08-10 07:20:58,575 [56ac738e-179d-4cdf-8a87-ffc7b568c25f@group-BF8CDD64B120-LeaderElection2] INFO  server.RaftServer$Division (RaftServerImpl.java:setRole(285)) - 56ac738e-179d-4cdf-8a87-ffc7b568c25f@group-BF8CDD64B120: changes role from CANDIDATE to LEADER at term 2 for changeToLeader
2021-08-10 07:20:58,575 [56ac738e-179d-4cdf-8a87-ffc7b568c25f@group-BF8CDD64B120-LeaderElection2] INFO  ha.SCMStateMachine (SCMStateMachine.java:notifyLeaderChanged(252)) - current SCM becomes leader of term 2.
2021-08-10 07:20:58,576 [56ac738e-179d-4cdf-8a87-ffc7b568c25f@group-BF8CDD64B120-LeaderElection2] INFO  ha.SCMContext (SCMContext.java:updateLeaderAndTerm(88)) - update <isLeader,term> from <false,0> to <true,2>
2021-08-10 07:20:58,578 [56ac738e-179d-4cdf-8a87-ffc7b568c25f@group-BF8CDD64B120-LeaderElection2] INFO  server.RaftServer$Division (ServerState.java:setLeader(285)) - 56ac738e-179d-4cdf-8a87-ffc7b568c25f@group-BF8CDD64B120: change Leader from null to 56ac738e-179d-4cdf-8a87-ffc7b568c25f at term 2 for becomeLeader, leader elected after 5887ms
2021-08-10 07:20:58,578 [56ac738e-179d-4cdf-8a87-ffc7b568c25f@group-BF8CDD64B120-LeaderElection2] INFO  server.RaftServerConfigKeys (ConfUtils.java:logGet(44)) - raft.server.staging.catchup.gap = 1000 (default)
2021-08-10 07:20:58,578 [56ac738e-179d-4cdf-8a87-ffc7b568c25f@group-BF8CDD64B120-LeaderElection2] INFO  server.RaftServerConfigKeys (ConfUtils.java:logGet(44)) - raft.server.write.element-limit = 4096 (default)
2021-08-10 07:20:58,578 [56ac738e-179d-4cdf-8a87-ffc7b568c25f@group-BF8CDD64B120-LeaderElection2] INFO  server.RaftServerConfigKeys (ConfUtils.java:logGet(44)) - raft.server.write.byte-limit = 64MB (=67108864) (default)
2021-08-10 07:20:58,579 [56ac738e-179d-4cdf-8a87-ffc7b568c25f@group-BF8CDD64B120-LeaderElection2] INFO  server.RaftServerConfigKeys (ConfUtils.java:logGet(44)) - raft.server.watch.timeout = 10s (default)
2021-08-10 07:20:58,579 [56ac738e-179d-4cdf-8a87-ffc7b568c25f@group-BF8CDD64B120-LeaderElection2] INFO  server.RaftServerConfigKeys (ConfUtils.java:logGet(44)) - raft.server.watch.timeout.denomination = 1s (default)
2021-08-10 07:20:58,579 [56ac738e-179d-4cdf-8a87-ffc7b568c25f@group-BF8CDD64B120-LeaderElection2] INFO  server.RaftServerConfigKeys (ConfUtils.java:logGet(44)) - raft.server.watch.element-limit = 65536 (default)
2021-08-10 07:20:58,579 [56ac738e-179d-4cdf-8a87-ffc7b568c25f@group-BF8CDD64B120-LeaderElection2] INFO  impl.RoleInfo (RoleInfo.java:updateAndGet(130)) - 56ac738e-179d-4cdf-8a87-ffc7b568c25f: start 56ac738e-179d-4cdf-8a87-ffc7b568c25f@group-BF8CDD64B120-LeaderStateImpl
2021-08-10 07:20:58,579 [56ac738e-179d-4cdf-8a87-ffc7b568c25f@group-BF8CDD64B120-LeaderElection2] INFO  segmented.SegmentedRaftLogWorker (SegmentedRaftLogWorker.java:rollLogSegment(399)) - 56ac738e-179d-4cdf-8a87-ffc7b568c25f@group-BF8CDD64B120-SegmentedRaftLogWorker: Rolling segment log-0_0 to index:0
2021-08-10 07:20:58,583 [56ac738e-179d-4cdf-8a87-ffc7b568c25f@group-BF8CDD64B120-SegmentedRaftLogWorker] INFO  segmented.SegmentedRaftLogWorker (SegmentedRaftLogWorker.java:execute(558)) - 56ac738e-179d-4cdf-8a87-ffc7b568c25f@group-BF8CDD64B120-SegmentedRaftLogWorker: Rolled log segment from /home/runner/work/ozone/ozone/hadoop-ozone/integration-test/target/test-dir/MiniOzoneClusterImpl-c2709307-340b-4da9-b87e-bf8cdd64b120/scmNode-1/scm-ha/c2709307-340b-4da9-b87e-bf8cdd64b120/current/log_inprogress_0 to /home/runner/work/ozone/ozone/hadoop-ozone/integration-test/target/test-dir/MiniOzoneClusterImpl-c2709307-340b-4da9-b87e-bf8cdd64b120/scmNode-1/scm-ha/c2709307-340b-4da9-b87e-bf8cdd64b120/current/log_0-0
2021-08-10 07:20:58,586 [56ac738e-179d-4cdf-8a87-ffc7b568c25f@group-BF8CDD64B120-SegmentedRaftLogWorker] INFO  segmented.SegmentedRaftLogWorker (SegmentedRaftLogWorker.java:execute(601)) - 56ac738e-179d-4cdf-8a87-ffc7b568c25f@group-BF8CDD64B120-SegmentedRaftLogWorker: created new log segment /home/runner/work/ozone/ozone/hadoop-ozone/integration-test/target/test-dir/MiniOzoneClusterImpl-c2709307-340b-4da9-b87e-bf8cdd64b120/scmNode-1/scm-ha/c2709307-340b-4da9-b87e-bf8cdd64b120/current/log_inprogress_1
2021-08-10 07:20:58,588 [56ac738e-179d-4cdf-8a87-ffc7b568c25f@group-BF8CDD64B120-LeaderElection2] INFO  server.RaftServer$Division (ServerState.java:setRaftConf(387)) - 56ac738e-179d-4cdf-8a87-ffc7b568c25f@group-BF8CDD64B120: set configuration 1: [56ac738e-179d-4cdf-8a87-ffc7b568c25f|rpc:localhost:12676|admin:|client:|dataStream:|priority:0], old=null
2021-08-10 07:20:58,590 [56ac738e-179d-4cdf-8a87-ffc7b568c25f@group-BF8CDD64B120-StateMachineUpdater] INFO  ha.SCMContext (SCMContext.java:setLeaderReady(115)) - update <isLeaderReady> from <false> to <true>
2021-08-10 07:20:58,590 [56ac738e-179d-4cdf-8a87-ffc7b568c25f@group-BF8CDD64B120-StateMachineUpdater] INFO  pipeline.BackgroundPipelineCreator (BackgroundPipelineCreatorV2.java:notifyStatusChanged(264)) - Service BackgroundPipelineCreator transitions to RUNNING.
2021-08-10 07:20:58,593 [56ac738e-179d-4cdf-8a87-ffc7b568c25f@group-BF8CDD64B120-StateMachineUpdater] INFO  safemode.HealthyPipelineSafeModeRule (HealthyPipelineSafeModeRule.java:initializeRule(152)) - Refreshed total pipeline count is 0, healthy pipeline threshold count is 1
2021-08-10 07:20:58,594 [56ac738e-179d-4cdf-8a87-ffc7b568c25f@group-BF8CDD64B120-StateMachineUpdater] INFO  safemode.ContainerSafeModeRule (ContainerSafeModeRule.java:reInitializeRule(177)) - Refreshed one replica container threshold 0, currentThreshold 0
2021-08-10 07:20:58,594 [56ac738e-179d-4cdf-8a87-ffc7b568c25f@group-BF8CDD64B120-StateMachineUpdater] INFO  safemode.OneReplicaPipelineSafeModeRule (OneReplicaPipelineSafeModeRule.java:initializeRule(176)) - Refreshed Total pipeline count is 0, pipeline's with at least one datanode reported threshold count is 0
2021-08-10 07:20:58,594 [56ac738e-179d-4cdf-8a87-ffc7b568c25f@group-BF8CDD64B120-StateMachineUpdater] INFO  server.SCMDatanodeProtocolServer (SCMDatanodeProtocolServer.java:start(181)) - RPC server for DataNodes is listening at /0.0.0.0:12677
2021-08-10 07:20:58,603 [IPC Server listener on 12677] INFO  ipc.Server (Server.java:run(1344)) - IPC Server listener on 12677: starting
2021-08-10 07:20:58,607 [IPC Server Responder] INFO  ipc.Server (Server.java:run(1507)) - IPC Server Responder: starting
OM initialization succeeded.Current cluster id for sd=/home/runner/work/ozone/ozone/hadoop-ozone/integration-test/target/test-dir/MiniOzoneClusterImpl-c2709307-340b-4da9-b87e-bf8cdd64b120/omNode-1/om;cid=c2709307-340b-4da9-b87e-bf8cdd64b120;layoutVersion=0
2021-08-10 07:20:58,665 [Listener at 0.0.0.0/12679] INFO  ha.OMHANodeDetails (OMHANodeDetails.java:loadOMHAConfig(118)) - ServiceID for OzoneManager is om-bootstrap
2021-08-10 07:20:58,666 [Listener at 0.0.0.0/12679] INFO  ha.OMHANodeDetails (OMHANodeDetails.java:loadOMHAConfig(194)) - Found matching OM address with OMServiceId: om-bootstrap, OMNodeId: omNode-1, RPC Address: localhost:10880 and Ratis port: 10884
2021-08-10 07:20:58,668 [Listener at 0.0.0.0/12679] INFO  ha.OMHANodeDetails (ConfUtils.java:setNodeSpecificConfigs(108)) - Setting configuration key ozone.om.http-address with value of key ozone.om.http-address.om-bootstrap.omNode-1: 127.0.0.1:10882
2021-08-10 07:20:58,668 [Listener at 0.0.0.0/12679] INFO  ha.OMHANodeDetails (ConfUtils.java:setNodeSpecificConfigs(108)) - Setting configuration key ozone.om.https-address with value of key ozone.om.https-address.om-bootstrap.omNode-1: 127.0.0.1:10883
2021-08-10 07:20:58,669 [Listener at 0.0.0.0/12679] INFO  ha.OMHANodeDetails (ConfUtils.java:setNodeSpecificConfigs(108)) - Setting configuration key ozone.om.address with value of key ozone.om.address.om-bootstrap.omNode-1: 127.0.0.1:10880
2021-08-10 07:20:58,669 [Listener at 0.0.0.0/12679] WARN  server.ServerUtils (ServerUtils.java:getDBPath(225)) - ozone.om.db.dirs is not configured. We recommend adding this setting. Falling back to ozone.metadata.dirs instead.
2021-08-10 07:20:58,672 [Listener at 0.0.0.0/12679] INFO  upgrade.AbstractLayoutVersionManager (AbstractLayoutVersionManager.java:init(70)) - Initializing Layout version manager with metadata layout = INITIAL_VERSION (version = 0), software layout = INITIAL_VERSION (version = 0)
2021-08-10 07:20:58,755 [Listener at 0.0.0.0/12679] INFO  reflections.Reflections (Reflections.java:scan(232)) - Reflections took 79 ms to scan 2 urls, producing 131 keys and 342 values [using 2 cores]
2021-08-10 07:20:58,761 [Listener at 0.0.0.0/12679] INFO  upgrade.OMLayoutVersionManager (OMLayoutVersionManager.java:lambda$0(116)) - Skipping Upgrade Action MockOmUpgradeAction since it has been finalized.
2021-08-10 07:20:58,762 [Listener at 0.0.0.0/12679] WARN  server.ServerUtils (ServerUtils.java:getDBPath(225)) - ozone.om.db.dirs is not configured. We recommend adding this setting. Falling back to ozone.metadata.dirs instead.
2021-08-10 07:20:58,767 [Listener at 0.0.0.0/12679] INFO  ha.SCMNodeInfo (SCMNodeInfo.java:getPort(197)) - ConfigKey ozone.scm.client.address is deprecated, For configuring different ports for each SCM use PortConfigKey ozone.scm.client.port appended with serviceId and nodeId
2021-08-10 07:20:58,767 [Listener at 0.0.0.0/12679] INFO  ha.SCMNodeInfo (SCMNodeInfo.java:getPort(197)) - ConfigKey ozone.scm.block.client.address is deprecated, For configuring different ports for each SCM use PortConfigKey ozone.scm.block.client.port appended with serviceId and nodeId
2021-08-10 07:20:58,767 [Listener at 0.0.0.0/12679] INFO  ha.SCMNodeInfo (SCMNodeInfo.java:getPort(197)) - ConfigKey ozone.scm.datanode.address is deprecated, For configuring different ports for each SCM use PortConfigKey ozone.scm.datanode.port appended with serviceId and nodeId
2021-08-10 07:20:58,873 [Listener at 0.0.0.0/12679] INFO  ha.SCMNodeInfo (SCMNodeInfo.java:getPort(197)) - ConfigKey ozone.scm.client.address is deprecated, For configuring different ports for each SCM use PortConfigKey ozone.scm.client.port appended with serviceId and nodeId
2021-08-10 07:20:58,874 [Listener at 0.0.0.0/12679] INFO  ha.SCMNodeInfo (SCMNodeInfo.java:getPort(197)) - ConfigKey ozone.scm.block.client.address is deprecated, For configuring different ports for each SCM use PortConfigKey ozone.scm.block.client.port appended with serviceId and nodeId
2021-08-10 07:20:58,874 [Listener at 0.0.0.0/12679] INFO  ha.SCMNodeInfo (SCMNodeInfo.java:getPort(197)) - ConfigKey ozone.scm.datanode.address is deprecated, For configuring different ports for each SCM use PortConfigKey ozone.scm.datanode.port appended with serviceId and nodeId
2021-08-10 07:20:58,876 [Listener at 0.0.0.0/12679] INFO  ha.SCMNodeInfo (SCMNodeInfo.java:getPort(197)) - ConfigKey ozone.scm.client.address is deprecated, For configuring different ports for each SCM use PortConfigKey ozone.scm.client.port appended with serviceId and nodeId
2021-08-10 07:20:58,876 [Listener at 0.0.0.0/12679] INFO  ha.SCMNodeInfo (SCMNodeInfo.java:getPort(197)) - ConfigKey ozone.scm.block.client.address is deprecated, For configuring different ports for each SCM use PortConfigKey ozone.scm.block.client.port appended with serviceId and nodeId
2021-08-10 07:20:58,876 [Listener at 0.0.0.0/12679] INFO  ha.SCMNodeInfo (SCMNodeInfo.java:getPort(197)) - ConfigKey ozone.scm.datanode.address is deprecated, For configuring different ports for each SCM use PortConfigKey ozone.scm.datanode.port appended with serviceId and nodeId
2021-08-10 07:20:58,913 [Listener at 0.0.0.0/12679] WARN  server.ServerUtils (ServerUtils.java:getDBPath(225)) - ozone.om.db.dirs is not configured. We recommend adding this setting. Falling back to ozone.metadata.dirs instead.
2021-08-10 07:20:58,919 [Listener at 0.0.0.0/12679] INFO  codec.OmKeyInfoCodec (OmKeyInfoCodec.java:<init>(51)) - OmKeyInfoCodec ignorePipeline = true
2021-08-10 07:20:58,921 [Listener at 0.0.0.0/12679] INFO  codec.RepeatedOmKeyInfoCodec (RepeatedOmKeyInfoCodec.java:<init>(42)) - RepeatedOmKeyInfoCodec ignorePipeline = true
2021-08-10 07:20:59,148 [Listener at 0.0.0.0/12679] INFO  om.OzoneManager (OzoneManager.java:addS3GVolumeToDB(4084)) - Created Volume s3v With Owner runner required for S3Gateway operations.
2021-08-10 07:20:59,213 [Listener at 0.0.0.0/12679] WARN  server.ServerUtils (ServerUtils.java:getDefaultRatisDirectory(237)) - Storage directory for Ratis is not configured. It is a good idea to map this to an SSD disk. Falling back to ozone.metadata.dirs
2021-08-10 07:20:59,213 [Listener at 0.0.0.0/12679] WARN  utils.OzoneManagerRatisUtils (OzoneManagerRatisUtils.java:getOMRatisSnapshotDirectory(391)) - ozone.om.ratis.snapshot.dir is not configured. Falling back to ozone.metadata.dirs config
2021-08-10 07:20:59,215 [Listener at 0.0.0.0/12679] INFO  snapshot.OzoneManagerSnapshotProvider (OzoneManagerSnapshotProvider.java:<init>(76)) - Initializing OM Snapshot Provider
2021-08-10 07:20:59,349 [Listener at 0.0.0.0/12679] WARN  impl.MetricRegistriesImpl (MetricRegistriesImpl.java:addReporterRegistration(111)) - New reporters are added after registries were created. Some metrics will be missing from the reporter. Please add reporter before adding any new registry.
2021-08-10 07:20:59,350 [Listener at 0.0.0.0/12679] WARN  impl.MetricRegistriesImpl (MetricRegistriesImpl.java:addReporterRegistration(111)) - New reporters are added after registries were created. Some metrics will be missing from the reporter. Please add reporter before adding any new registry.
2021-08-10 07:20:59,353 [Listener at 0.0.0.0/12679] WARN  server.ServerUtils (ServerUtils.java:getDefaultRatisDirectory(237)) - Storage directory for Ratis is not configured. It is a good idea to map this to an SSD disk. Falling back to ozone.metadata.dirs
2021-08-10 07:20:59,356 [Listener at 0.0.0.0/12679] INFO  ratis.OzoneManagerRatisServer (OzoneManagerRatisServer.java:<init>(158)) - Instantiating OM Ratis server with groupID: om-bootstrap and peers: localhost:10884, localhost:10896, localhost:10890
2021-08-10 07:20:59,359 [Listener at 0.0.0.0/12679] INFO  ratis.OzoneManagerStateMachine (OzoneManagerStateMachine.java:loadSnapshotInfoFromDB(605)) - LastAppliedIndex is set from TransactionInfo from OM DB as (t:0, i:~)
2021-08-10 07:20:59,369 [Listener at 0.0.0.0/12679] INFO  server.RaftServer (ConfUtils.java:logGet(44)) - raft.rpc.type = GRPC (default)
2021-08-10 07:20:59,369 [Listener at 0.0.0.0/12679] INFO  grpc.GrpcFactory (GrpcFactory.java:checkPooledByteBufAllocatorUseCacheForAllThreads(48)) - PERFORMANCE WARNING: useCacheForAllThreads is true that may cause Netty to create a lot garbage objects and, as a result, trigger GC.
	It is recommended to disable useCacheForAllThreads by setting -Dorg.apache.ratis.thirdparty.io.netty.allocator.useCacheForAllThreads=false in command line.
2021-08-10 07:20:59,369 [Listener at 0.0.0.0/12679] INFO  grpc.GrpcConfigKeys (ConfUtils.java:logGet(44)) - raft.grpc.admin.port = -1 (default)
2021-08-10 07:20:59,369 [Listener at 0.0.0.0/12679] INFO  grpc.GrpcConfigKeys (ConfUtils.java:logGet(44)) - raft.grpc.server.port = 10884 (custom)
2021-08-10 07:20:59,370 [Listener at 0.0.0.0/12679] INFO  grpc.GrpcConfigKeys (ConfUtils.java:logGet(44)) - raft.grpc.client.port = -1 (default)
2021-08-10 07:20:59,370 [Listener at 0.0.0.0/12679] INFO  grpc.GrpcConfigKeys (ConfUtils.java:logGet(44)) - raft.grpc.server.port = 10884 (custom)
2021-08-10 07:20:59,370 [Listener at 0.0.0.0/12679] INFO  grpc.GrpcConfigKeys (ConfUtils.java:logGet(44)) - raft.grpc.server.port = 10884 (custom)
2021-08-10 07:20:59,370 [Listener at 0.0.0.0/12679] INFO  server.GrpcService (ConfUtils.java:logGet(44)) - raft.grpc.message.size.max = 33554432 (custom)
2021-08-10 07:20:59,370 [Listener at 0.0.0.0/12679] INFO  server.RaftServerConfigKeys (ConfUtils.java:logGet(44)) - raft.server.log.appender.buffer.byte-limit = 33554432 (custom)
2021-08-10 07:20:59,370 [Listener at 0.0.0.0/12679] INFO  server.GrpcService (ConfUtils.java:logGet(44)) - raft.grpc.flow.control.window = 1MB (=1048576) (default)
2021-08-10 07:20:59,370 [Listener at 0.0.0.0/12679] INFO  server.RaftServerConfigKeys (ConfUtils.java:logGet(44)) - raft.server.rpc.request.timeout = 3000ms (default)
2021-08-10 07:20:59,371 [Listener at 0.0.0.0/12679] INFO  impl.DataStreamServerImpl (ConfUtils.java:logGet(44)) - raft.datastream.type = DISABLED (default)
2021-08-10 07:20:59,372 [Listener at 0.0.0.0/12679] INFO  server.RaftServerConfigKeys (ConfUtils.java:logGet(44)) - raft.server.rpc.slowness.timeout = 2s (custom)
2021-08-10 07:20:59,372 [Listener at 0.0.0.0/12679] INFO  server.RaftServerConfigKeys (ConfUtils.java:logGet(44)) - raft.server.leaderelection.leader.step-down.wait-time = 10s (default)
2021-08-10 07:20:59,372 [Listener at 0.0.0.0/12679] INFO  server.RaftServerConfigKeys (ConfUtils.java:logGet(44)) - raft.server.storage.dir = [/home/runner/work/ozone/ozone/hadoop-ozone/integration-test/target/test-dir/MiniOzoneClusterImpl-c2709307-340b-4da9-b87e-bf8cdd64b120/omNode-1/ratis] (custom)
2021-08-10 07:20:59,372 [Listener at 0.0.0.0/12679] INFO  server.RaftServer (RaftServerProxy.java:addNew(95)) - omNode-1: addNew group-33FC8B15A7E9:[omNode-3|rpc:localhost:10896|priority:0, omNode-1|rpc:localhost:10884|priority:0, omNode-2|rpc:localhost:10890|priority:0] returns group-33FC8B15A7E9:java.util.concurrent.CompletableFuture@1787726d[Not completed]
2021-08-10 07:20:59,372 [Listener at 0.0.0.0/12679] INFO  om.OzoneManager (OzoneManager.java:initializeRatisServer(1542)) - OzoneManager Ratis server initialized at port 10884
2021-08-10 07:20:59,378 [pool-44-thread-1] INFO  server.RaftServer$Division (RaftServerImpl.java:<init>(181)) - omNode-1: new RaftServerImpl for group-33FC8B15A7E9:[omNode-3|rpc:localhost:10896|priority:0, omNode-1|rpc:localhost:10884|priority:0, omNode-2|rpc:localhost:10890|priority:0] with OzoneManagerStateMachine:uninitialized
2021-08-10 07:20:59,381 [pool-44-thread-1] INFO  server.RaftServerConfigKeys (ConfUtils.java:logGet(44)) - raft.server.rpc.timeout.min = 1s (custom)
2021-08-10 07:20:59,381 [pool-44-thread-1] INFO  server.RaftServerConfigKeys (ConfUtils.java:logGet(44)) - raft.server.rpc.timeout.max = 1200ms (custom)
2021-08-10 07:20:59,382 [pool-44-thread-1] INFO  server.RaftServerConfigKeys (ConfUtils.java:logGet(44)) - raft.server.rpc.sleep.time = 25ms (default)
2021-08-10 07:20:59,382 [pool-44-thread-1] INFO  server.RaftServerConfigKeys (ConfUtils.java:logGet(44)) - raft.server.rpc.slowness.timeout = 2s (custom)
2021-08-10 07:20:59,382 [pool-44-thread-1] INFO  server.RaftServerConfigKeys (ConfUtils.java:logGet(44)) - raft.server.leaderelection.leader.step-down.wait-time = 10s (default)
2021-08-10 07:20:59,382 [pool-44-thread-1] INFO  server.RaftServerConfigKeys (ConfUtils.java:logGet(44)) - raft.server.sleep.deviation.threshold = 300ms (default)
2021-08-10 07:20:59,382 [pool-44-thread-1] INFO  server.RaftServerConfigKeys (ConfUtils.java:logGet(44)) - raft.server.log.appender.install.snapshot.enabled = false (custom)
2021-08-10 07:20:59,382 [pool-44-thread-1] INFO  server.RaftServer$Division (ServerState.java:<init>(105)) - omNode-1@group-33FC8B15A7E9: ConfigurationManager, init=-1: [omNode-3|rpc:localhost:10896|priority:0, omNode-1|rpc:localhost:10884|priority:0, omNode-2|rpc:localhost:10890|priority:0], old=null, confs=<EMPTY_MAP>
2021-08-10 07:20:59,382 [pool-44-thread-1] INFO  server.RaftServerConfigKeys (ConfUtils.java:logGet(44)) - raft.server.storage.dir = [/home/runner/work/ozone/ozone/hadoop-ozone/integration-test/target/test-dir/MiniOzoneClusterImpl-c2709307-340b-4da9-b87e-bf8cdd64b120/omNode-1/ratis] (custom)
2021-08-10 07:20:59,382 [pool-44-thread-1] INFO  server.RaftServerConfigKeys (ConfUtils.java:logGet(44)) - raft.server.log.corruption.policy = EXCEPTION (default)
2021-08-10 07:20:59,383 [pool-44-thread-1] INFO  server.RaftServerConfigKeys (ConfUtils.java:logGet(44)) - raft.server.storage.free-space.min = 0MB (=0) (default)
2021-08-10 07:20:59,383 [pool-44-thread-1] INFO  storage.RaftStorageDirectory (RaftStorageDirectoryImpl.java:analyzeStorage(135)) - The storage directory /home/runner/work/ozone/ozone/hadoop-ozone/integration-test/target/test-dir/MiniOzoneClusterImpl-c2709307-340b-4da9-b87e-bf8cdd64b120/omNode-1/ratis/a5a8c63e-4922-3a03-b163-33fc8b15a7e9 does not exist. Creating ...
2021-08-10 07:20:59,389 [Listener at 0.0.0.0/12679] INFO  ipc.CallQueueManager (CallQueueManager.java:<init>(90)) - Using callQueue: class java.util.concurrent.LinkedBlockingQueue, queueCapacity: 2000, scheduler: class org.apache.hadoop.ipc.DefaultRpcScheduler, ipcBackoff: false.
2021-08-10 07:20:59,389 [Socket Reader #1 for port 10880] INFO  ipc.Server (Server.java:run(1265)) - Starting Socket Reader #1 for port 10880
2021-08-10 07:20:59,390 [pool-44-thread-1] INFO  storage.RaftStorageDirectory (RaftStorageDirectoryImpl.java:tryLock(230)) - Lock on /home/runner/work/ozone/ozone/hadoop-ozone/integration-test/target/test-dir/MiniOzoneClusterImpl-c2709307-340b-4da9-b87e-bf8cdd64b120/omNode-1/ratis/a5a8c63e-4922-3a03-b163-33fc8b15a7e9/in_use.lock acquired by nodename 25859@fv-az12-876
2021-08-10 07:20:59,392 [pool-44-thread-1] INFO  storage.RaftStorage (RaftStorageImpl.java:format(89)) - Storage directory /home/runner/work/ozone/ozone/hadoop-ozone/integration-test/target/test-dir/MiniOzoneClusterImpl-c2709307-340b-4da9-b87e-bf8cdd64b120/omNode-1/ratis/a5a8c63e-4922-3a03-b163-33fc8b15a7e9 has been successfully formatted.
2021-08-10 07:20:59,392 [pool-44-thread-1] INFO  server.RaftServerConfigKeys (ConfUtils.java:logGet(44)) - raft.server.notification.no-leader.timeout = 2s (custom)
2021-08-10 07:20:59,392 [pool-44-thread-1] INFO  server.RaftServerConfigKeys (ConfUtils.java:logGet(44)) - raft.server.log.use.memory = false (default)
2021-08-10 07:20:59,393 [pool-44-thread-1] INFO  server.RaftServerConfigKeys (ConfUtils.java:logGet(44)) - raft.server.log.purge.gap = 1000000 (custom)
2021-08-10 07:20:59,393 [pool-44-thread-1] INFO  server.RaftServerConfigKeys (ConfUtils.java:logGet(44)) - raft.server.log.appender.buffer.byte-limit = 33554432 (custom)
2021-08-10 07:20:59,401 [pool-44-thread-1] INFO  server.RaftServerConfigKeys (ConfUtils.java:logGet(44)) - raft.server.log.segment.size.max = 4194304 (custom)
2021-08-10 07:20:59,402 [pool-44-thread-1] INFO  server.RaftServerConfigKeys (ConfUtils.java:logGet(44)) - raft.server.log.segment.cache.num.max = 2 (custom)
2021-08-10 07:20:59,402 [pool-44-thread-1] INFO  server.RaftServerConfigKeys (ConfUtils.java:logGet(44)) - raft.server.log.segment.cache.size.max = 200MB (=209715200) (default)
2021-08-10 07:20:59,402 [pool-44-thread-1] INFO  segmented.SegmentedRaftLogWorker (SegmentedRaftLogWorker.java:<init>(182)) - new omNode-1@group-33FC8B15A7E9-SegmentedRaftLogWorker for RaftStorageImpl:Storage Directory /home/runner/work/ozone/ozone/hadoop-ozone/integration-test/target/test-dir/MiniOzoneClusterImpl-c2709307-340b-4da9-b87e-bf8cdd64b120/omNode-1/ratis/a5a8c63e-4922-3a03-b163-33fc8b15a7e9
2021-08-10 07:20:59,402 [pool-44-thread-1] INFO  server.RaftServerConfigKeys (ConfUtils.java:logGet(44)) - raft.server.log.queue.byte-limit = 64MB (=67108864) (default)
2021-08-10 07:20:59,402 [pool-44-thread-1] INFO  server.RaftServerConfigKeys (ConfUtils.java:logGet(44)) - raft.server.log.queue.element-limit = 4096 (default)
2021-08-10 07:20:59,402 [pool-44-thread-1] INFO  server.RaftServerConfigKeys (ConfUtils.java:logGet(44)) - raft.server.log.segment.size.max = 4194304 (custom)
2021-08-10 07:20:59,402 [pool-44-thread-1] INFO  server.RaftServerConfigKeys (ConfUtils.java:logGet(44)) - raft.server.log.preallocated.size = 4194304 (custom)
2021-08-10 07:20:59,403 [pool-44-thread-1] INFO  server.RaftServerConfigKeys (ConfUtils.java:logGet(44)) - raft.server.log.force.sync.num = 128 (default)
2021-08-10 07:20:59,403 [pool-44-thread-1] INFO  server.RaftServerConfigKeys (ConfUtils.java:logGet(44)) - raft.server.log.statemachine.data.sync = true (default)
2021-08-10 07:20:59,403 [pool-44-thread-1] INFO  server.RaftServerConfigKeys (ConfUtils.java:logGet(44)) - raft.server.log.statemachine.data.sync.timeout = 10s (default)
2021-08-10 07:20:59,403 [pool-44-thread-1] INFO  server.RaftServerConfigKeys (ConfUtils.java:logGet(44)) - raft.server.log.statemachine.data.sync.timeout.retry = -1 (default)
2021-08-10 07:20:59,403 [pool-44-thread-1] INFO  server.RaftServerConfigKeys (ConfUtils.java:logGet(44)) - raft.server.log.write.buffer.size = 64KB (=65536) (default)
2021-08-10 07:20:59,404 [pool-44-thread-1] INFO  server.RaftServerConfigKeys (ConfUtils.java:logGet(44)) - raft.server.log.statemachine.data.caching.enabled = false (default)
2021-08-10 07:20:59,404 [pool-44-thread-1] INFO  segmented.SegmentedRaftLogWorker (SegmentedRaftLogWorker.java:lambda$new$0(133)) - omNode-1@group-33FC8B15A7E9-SegmentedRaftLogWorker: flushIndex: setUnconditionally 0 -> -1
2021-08-10 07:20:59,404 [pool-44-thread-1] INFO  segmented.SegmentedRaftLogWorker (SegmentedRaftLogWorker.java:lambda$new$0(133)) - omNode-1@group-33FC8B15A7E9-SegmentedRaftLogWorker: safeCacheEvictIndex: setUnconditionally 0 -> -1
2021-08-10 07:20:59,406 [pool-44-thread-1] INFO  server.RaftServerConfigKeys (ConfUtils.java:logGet(44)) - raft.server.snapshot.auto.trigger.enabled = true (custom)
2021-08-10 07:20:59,406 [pool-44-thread-1] INFO  server.RaftServerConfigKeys (ConfUtils.java:logGet(44)) - raft.server.snapshot.auto.trigger.threshold = 400000 (default)
2021-08-10 07:20:59,406 [pool-44-thread-1] INFO  server.RaftServerConfigKeys (ConfUtils.java:logGet(44)) - raft.server.snapshot.retention.file.num = -1 (default)
2021-08-10 07:20:59,406 [pool-44-thread-1] INFO  server.RaftServerConfigKeys (ConfUtils.java:logGet(44)) - raft.server.log.purge.upto.snapshot.index = true (custom)
2021-08-10 07:20:59,406 [pool-44-thread-1] INFO  server.RaftServerConfigKeys (ConfUtils.java:logGet(44)) - raft.server.retrycache.expirytime = 300s (custom)
2021-08-10 07:20:59,406 [pool-44-thread-1] INFO  server.RaftServerConfigKeys (ConfUtils.java:logGet(44)) - raft.server.retrycache.statistics.expirytime = 100μs (default)
2021-08-10 07:20:59,431 [Listener at 127.0.0.1/10880] INFO  om.OzoneManager (OzoneManager.java:initFSOLayout(4290)) - Configured ozone.om.metadata.layout=SIMPLE and disabled optimized OM FS operations
2021-08-10 07:20:59,432 [Listener at 127.0.0.1/10880] INFO  impl.MetricsSystemImpl (MetricsSystemImpl.java:init(158)) - OzoneManager metrics system started (again)
2021-08-10 07:20:59,446 [Listener at 127.0.0.1/10880] INFO  om.OzoneManager (OzoneManager.java:start(1239)) - OzoneManager RPC server is listening at localhost/127.0.0.1:10880
2021-08-10 07:20:59,446 [Listener at 127.0.0.1/10880] INFO  ratis.OzoneManagerRatisServer (OzoneManagerRatisServer.java:start(516)) - Starting OzoneManagerRatisServer omNode-1 at port 10884
2021-08-10 07:20:59,446 [Listener at 127.0.0.1/10880] INFO  server.RaftServer$Division (RaftServerImpl.java:start(296)) - omNode-1@group-33FC8B15A7E9: start as a follower, conf=-1: [omNode-3|rpc:localhost:10896|priority:0, omNode-1|rpc:localhost:10884|priority:0, omNode-2|rpc:localhost:10890|priority:0], old=null
2021-08-10 07:20:59,446 [Listener at 127.0.0.1/10880] INFO  server.RaftServer$Division (RaftServerImpl.java:setRole(285)) - omNode-1@group-33FC8B15A7E9: changes role from      null to FOLLOWER at term 0 for startAsFollower
2021-08-10 07:20:59,446 [Listener at 127.0.0.1/10880] INFO  impl.RoleInfo (RoleInfo.java:updateAndGet(130)) - omNode-1: start omNode-1@group-33FC8B15A7E9-FollowerState
2021-08-10 07:20:59,447 [Listener at 127.0.0.1/10880] INFO  util.JmxRegister (JmxRegister.java:tryRegister(44)) - Successfully registered JMX Bean with object name Ratis:service=RaftServer,group=group-33FC8B15A7E9,id=omNode-1
2021-08-10 07:20:59,448 [Listener at 127.0.0.1/10880] INFO  server.RaftServer (RaftServerProxy.java:lambda$start$5(374)) - omNode-1: start RPC server
2021-08-10 07:20:59,450 [Listener at 127.0.0.1/10880] INFO  server.GrpcService (GrpcService.java:startImpl(253)) - omNode-1: GrpcService started, listening on 10884
2021-08-10 07:20:59,450 [org.apache.ratis.util.JvmPauseMonitor$$Lambda$430/506160180@5894bfd3] INFO  util.JvmPauseMonitor (JvmPauseMonitor.java:run(103)) - JvmPauseMonitor-omNode-1: Started
2021-08-10 07:20:59,450 [Listener at 127.0.0.1/10880] INFO  om.OzoneManager (OzoneManager.java:start(1257)) - Version File has different layout version (0) than OM DB (null). That is expected if this OM has never been finalized to a newer layout version.
2021-08-10 07:20:59,453 [Listener at 127.0.0.1/10880] INFO  http.BaseHttpServer (BaseHttpServer.java:newHttpServer2BuilderForOzone(209)) - Starting Web-server for ozoneManager at: http://0.0.0.0:10882
2021-08-10 07:20:59,454 [Listener at 127.0.0.1/10880] INFO  http.BaseHttpServer (BaseHttpServer.java:<init>(107)) - Hadoop Security Enabled: false Ozone Security Enabled: false Ozone HTTP Security Enabled: false 
2021-08-10 07:20:59,455 [Listener at 127.0.0.1/10880] INFO  server.AuthenticationFilter (AuthenticationFilter.java:constructSecretProvider(240)) - Unable to initialize FileSignerSecretProvider, falling back to use random secrets.
2021-08-10 07:20:59,457 [Listener at 127.0.0.1/10880] WARN  http.HttpRequestLog (HttpRequestLog.java:getRequestLog(103)) - Jetty request log can only be enabled using Log4j
2021-08-10 07:20:59,458 [Listener at 127.0.0.1/10880] INFO  http.HttpServer2 (HttpServer2.java:addGlobalFilter(1020)) - Added global filter 'safety' (class=org.apache.hadoop.hdds.server.http.HttpServer2$QuotingInputFilter)
2021-08-10 07:20:59,459 [Listener at 127.0.0.1/10880] INFO  http.HttpServer2 (HttpServer2.java:addFilter(996)) - Added filter static_user_filter (class=org.apache.hadoop.http.lib.StaticUserWebFilter$StaticUserFilter) to context ozoneManager
2021-08-10 07:20:59,459 [Listener at 127.0.0.1/10880] INFO  http.HttpServer2 (HttpServer2.java:addFilter(1004)) - Added filter static_user_filter (class=org.apache.hadoop.http.lib.StaticUserWebFilter$StaticUserFilter) to context static
2021-08-10 07:20:59,459 [Listener at 127.0.0.1/10880] INFO  http.HttpServer2 (HttpServer2.java:addFilter(1004)) - Added filter static_user_filter (class=org.apache.hadoop.http.lib.StaticUserWebFilter$StaticUserFilter) to context logs
2021-08-10 07:20:59,461 [Listener at 127.0.0.1/10880] INFO  http.HttpServer2 (HttpServer2.java:bindListener(1239)) - Jetty bound to port 10882
2021-08-10 07:20:59,461 [Listener at 127.0.0.1/10880] INFO  server.Server (Server.java:doStart(375)) - jetty-9.4.43.v20210629; built: 2021-06-30T11:07:22.254Z; git: 526006ecfa3af7f1a27ef3a288e2bef7ea9dd7e8; jvm 1.8.0_292-b10
2021-08-10 07:20:59,463 [Listener at 127.0.0.1/10880] INFO  server.session (DefaultSessionIdManager.java:doStart(334)) - DefaultSessionIdManager workerName=node0
2021-08-10 07:20:59,463 [Listener at 127.0.0.1/10880] INFO  server.session (DefaultSessionIdManager.java:doStart(339)) - No SessionScavenger set, using defaults
2021-08-10 07:20:59,463 [Listener at 127.0.0.1/10880] INFO  server.session (HouseKeeper.java:startScavenging(132)) - node0 Scavenging every 600000ms
2021-08-10 07:20:59,469 [Listener at 127.0.0.1/10880] INFO  handler.ContextHandler (ContextHandler.java:doStart(915)) - Started o.e.j.s.ServletContextHandler@2778324c{logs,/logs,file:///home/runner/work/ozone/ozone/hadoop-ozone/integration-test/target/log,AVAILABLE}
2021-08-10 07:20:59,469 [Listener at 127.0.0.1/10880] INFO  handler.ContextHandler (ContextHandler.java:doStart(915)) - Started o.e.j.s.ServletContextHandler@7b1e9d2e{static,/static,file:///home/runner/work/ozone/ozone/hadoop-ozone/integration-test/target/test-classes/webapps/static,AVAILABLE}
2021-08-10 07:20:59,476 [Listener at 127.0.0.1/10880] INFO  handler.ContextHandler (ContextHandler.java:doStart(915)) - Started o.e.j.w.WebAppContext@60ed305e{ozoneManager,/,file:///home/runner/work/ozone/ozone/hadoop-ozone/integration-test/target/test-classes/webapps/ozoneManager/,AVAILABLE}{file:/home/runner/work/ozone/ozone/hadoop-ozone/integration-test/target/test-classes/webapps/ozoneManager}
2021-08-10 07:20:59,477 [Listener at 127.0.0.1/10880] INFO  server.AbstractConnector (AbstractConnector.java:doStart(331)) - Started ServerConnector@7afea327{HTTP/1.1, (http/1.1)}{0.0.0.0:10882}
2021-08-10 07:20:59,478 [Listener at 127.0.0.1/10880] INFO  server.Server (Server.java:doStart(415)) - Started @16025ms
2021-08-10 07:20:59,479 [Listener at 127.0.0.1/10880] WARN  impl.MetricsSystemImpl (MetricsSystemImpl.java:register(279)) - Sink prometheus already exists!
2021-08-10 07:20:59,479 [Listener at 127.0.0.1/10880] INFO  http.BaseHttpServer (BaseHttpServer.java:updateConnectorAddress(329)) - HTTP server of ozoneManager listening at http://0.0.0.0:10882
2021-08-10 07:20:59,479 [IPC Server Responder] INFO  ipc.Server (Server.java:run(1507)) - IPC Server Responder: starting
2021-08-10 07:20:59,480 [IPC Server listener on 10880] INFO  ipc.Server (Server.java:run(1344)) - IPC Server listener on 10880: starting
2021-08-10 07:20:59,491 [Listener at 127.0.0.1/10880] INFO  om.OzoneManager (OzoneManager.java:startTrashEmptier(1500)) - Trash Interval set to 0. Files deleted will not move to trash
2021-08-10 07:20:59,492 [Listener at 127.0.0.1/10880] INFO  ozone.MiniOzoneHAClusterImpl (MiniOzoneHAClusterImpl.java:createOMService(484)) - Started OzoneManager omNode-1 RPC server at localhost/127.0.0.1:10880
2021-08-10 07:20:59,493 [Listener at 127.0.0.1/10880] INFO  ha.OMHANodeDetails (OMHANodeDetails.java:loadOMHAConfig(118)) - ServiceID for OzoneManager is om-bootstrap
2021-08-10 07:20:59,493 [Listener at 127.0.0.1/10880] INFO  ha.OMHANodeDetails (OMHANodeDetails.java:loadOMHAConfig(194)) - Found matching OM address with OMServiceId: om-bootstrap, OMNodeId: omNode-2, RPC Address: localhost:10886 and Ratis port: 10890
2021-08-10 07:20:59,494 [Listener at 127.0.0.1/10880] INFO  ha.OMHANodeDetails (ConfUtils.java:setNodeSpecificConfigs(108)) - Setting configuration key ozone.om.http-address with value of key ozone.om.http-address.om-bootstrap.omNode-2: 127.0.0.1:10888
2021-08-10 07:20:59,494 [Listener at 127.0.0.1/10880] INFO  ha.OMHANodeDetails (ConfUtils.java:setNodeSpecificConfigs(108)) - Setting configuration key ozone.om.https-address with value of key ozone.om.https-address.om-bootstrap.omNode-2: 127.0.0.1:10889
2021-08-10 07:20:59,494 [Listener at 127.0.0.1/10880] INFO  ha.OMHANodeDetails (ConfUtils.java:setNodeSpecificConfigs(108)) - Setting configuration key ozone.om.address with value of key ozone.om.address.om-bootstrap.omNode-2: 127.0.0.1:10886
2021-08-10 07:20:59,494 [Listener at 127.0.0.1/10880] WARN  server.ServerUtils (ServerUtils.java:getDBPath(225)) - ozone.om.db.dirs is not configured. We recommend adding this setting. Falling back to ozone.metadata.dirs instead.
2021-08-10 07:20:59,498 [Listener at 127.0.0.1/10880] INFO  ha.SCMNodeInfo (SCMNodeInfo.java:getPort(197)) - ConfigKey ozone.scm.client.address is deprecated, For configuring different ports for each SCM use PortConfigKey ozone.scm.client.port appended with serviceId and nodeId
2021-08-10 07:20:59,498 [Listener at 127.0.0.1/10880] INFO  ha.SCMNodeInfo (SCMNodeInfo.java:getPort(197)) - ConfigKey ozone.scm.block.client.address is deprecated, For configuring different ports for each SCM use PortConfigKey ozone.scm.block.client.port appended with serviceId and nodeId
2021-08-10 07:20:59,498 [Listener at 127.0.0.1/10880] INFO  ha.SCMNodeInfo (SCMNodeInfo.java:getPort(197)) - ConfigKey ozone.scm.datanode.address is deprecated, For configuring different ports for each SCM use PortConfigKey ozone.scm.datanode.port appended with serviceId and nodeId
2021-08-10 07:20:59,500 [org.apache.hadoop.util.JvmPauseMonitor$Monitor@d1aeef4] INFO  util.JvmPauseMonitor (JvmPauseMonitor.java:run(188)) - Starting JVM pause monitor
OM initialization succeeded.Current cluster id for sd=/home/runner/work/ozone/ozone/hadoop-ozone/integration-test/target/test-dir/MiniOzoneClusterImpl-c2709307-340b-4da9-b87e-bf8cdd64b120/omNode-2/om;cid=c2709307-340b-4da9-b87e-bf8cdd64b120;layoutVersion=0
2021-08-10 07:20:59,504 [Listener at 127.0.0.1/10880] INFO  ha.OMHANodeDetails (OMHANodeDetails.java:loadOMHAConfig(118)) - ServiceID for OzoneManager is om-bootstrap
2021-08-10 07:20:59,505 [Listener at 127.0.0.1/10880] INFO  ha.OMHANodeDetails (OMHANodeDetails.java:loadOMHAConfig(194)) - Found matching OM address with OMServiceId: om-bootstrap, OMNodeId: omNode-2, RPC Address: localhost:10886 and Ratis port: 10890
2021-08-10 07:20:59,505 [Listener at 127.0.0.1/10880] INFO  ha.OMHANodeDetails (ConfUtils.java:setNodeSpecificConfigs(108)) - Setting configuration key ozone.om.http-address with value of key ozone.om.http-address.om-bootstrap.omNode-2: 127.0.0.1:10888
2021-08-10 07:20:59,505 [Listener at 127.0.0.1/10880] INFO  ha.OMHANodeDetails (ConfUtils.java:setNodeSpecificConfigs(108)) - Setting configuration key ozone.om.https-address with value of key ozone.om.https-address.om-bootstrap.omNode-2: 127.0.0.1:10889
2021-08-10 07:20:59,505 [Listener at 127.0.0.1/10880] INFO  ha.OMHANodeDetails (ConfUtils.java:setNodeSpecificConfigs(108)) - Setting configuration key ozone.om.address with value of key ozone.om.address.om-bootstrap.omNode-2: 127.0.0.1:10886
2021-08-10 07:20:59,505 [Listener at 127.0.0.1/10880] WARN  server.ServerUtils (ServerUtils.java:getDBPath(225)) - ozone.om.db.dirs is not configured. We recommend adding this setting. Falling back to ozone.metadata.dirs instead.
2021-08-10 07:20:59,506 [Listener at 127.0.0.1/10880] INFO  upgrade.AbstractLayoutVersionManager (AbstractLayoutVersionManager.java:init(70)) - Initializing Layout version manager with metadata layout = INITIAL_VERSION (version = 0), software layout = INITIAL_VERSION (version = 0)
2021-08-10 07:20:59,556 [Listener at 127.0.0.1/10880] INFO  reflections.Reflections (Reflections.java:scan(232)) - Reflections took 50 ms to scan 2 urls, producing 131 keys and 342 values [using 2 cores]
2021-08-10 07:20:59,557 [Listener at 127.0.0.1/10880] INFO  upgrade.OMLayoutVersionManager (OMLayoutVersionManager.java:lambda$0(116)) - Skipping Upgrade Action MockOmUpgradeAction since it has been finalized.
2021-08-10 07:20:59,557 [Listener at 127.0.0.1/10880] WARN  server.ServerUtils (ServerUtils.java:getDBPath(225)) - ozone.om.db.dirs is not configured. We recommend adding this setting. Falling back to ozone.metadata.dirs instead.
2021-08-10 07:20:59,557 [Listener at 127.0.0.1/10880] INFO  ha.SCMNodeInfo (SCMNodeInfo.java:getPort(197)) - ConfigKey ozone.scm.client.address is deprecated, For configuring different ports for each SCM use PortConfigKey ozone.scm.client.port appended with serviceId and nodeId
2021-08-10 07:20:59,557 [Listener at 127.0.0.1/10880] INFO  ha.SCMNodeInfo (SCMNodeInfo.java:getPort(197)) - ConfigKey ozone.scm.block.client.address is deprecated, For configuring different ports for each SCM use PortConfigKey ozone.scm.block.client.port appended with serviceId and nodeId
2021-08-10 07:20:59,557 [Listener at 127.0.0.1/10880] INFO  ha.SCMNodeInfo (SCMNodeInfo.java:getPort(197)) - ConfigKey ozone.scm.datanode.address is deprecated, For configuring different ports for each SCM use PortConfigKey ozone.scm.datanode.port appended with serviceId and nodeId
2021-08-10 07:20:59,558 [Listener at 127.0.0.1/10880] INFO  ha.SCMNodeInfo (SCMNodeInfo.java:getPort(197)) - ConfigKey ozone.scm.client.address is deprecated, For configuring different ports for each SCM use PortConfigKey ozone.scm.client.port appended with serviceId and nodeId
2021-08-10 07:20:59,558 [Listener at 127.0.0.1/10880] INFO  ha.SCMNodeInfo (SCMNodeInfo.java:getPort(197)) - ConfigKey ozone.scm.block.client.address is deprecated, For configuring different ports for each SCM use PortConfigKey ozone.scm.block.client.port appended with serviceId and nodeId
2021-08-10 07:20:59,558 [Listener at 127.0.0.1/10880] INFO  ha.SCMNodeInfo (SCMNodeInfo.java:getPort(197)) - ConfigKey ozone.scm.datanode.address is deprecated, For configuring different ports for each SCM use PortConfigKey ozone.scm.datanode.port appended with serviceId and nodeId
2021-08-10 07:20:59,560 [Listener at 127.0.0.1/10880] INFO  ha.SCMNodeInfo (SCMNodeInfo.java:getPort(197)) - ConfigKey ozone.scm.client.address is deprecated, For configuring different ports for each SCM use PortConfigKey ozone.scm.client.port appended with serviceId and nodeId
2021-08-10 07:20:59,560 [Listener at 127.0.0.1/10880] INFO  ha.SCMNodeInfo (SCMNodeInfo.java:getPort(197)) - ConfigKey ozone.scm.block.client.address is deprecated, For configuring different ports for each SCM use PortConfigKey ozone.scm.block.client.port appended with serviceId and nodeId
2021-08-10 07:20:59,560 [Listener at 127.0.0.1/10880] INFO  ha.SCMNodeInfo (SCMNodeInfo.java:getPort(197)) - ConfigKey ozone.scm.datanode.address is deprecated, For configuring different ports for each SCM use PortConfigKey ozone.scm.datanode.port appended with serviceId and nodeId
2021-08-10 07:20:59,567 [Listener at 127.0.0.1/10880] WARN  server.ServerUtils (ServerUtils.java:getDBPath(225)) - ozone.om.db.dirs is not configured. We recommend adding this setting. Falling back to ozone.metadata.dirs instead.
2021-08-10 07:20:59,567 [Listener at 127.0.0.1/10880] INFO  codec.OmKeyInfoCodec (OmKeyInfoCodec.java:<init>(51)) - OmKeyInfoCodec ignorePipeline = true
2021-08-10 07:20:59,567 [Listener at 127.0.0.1/10880] INFO  codec.RepeatedOmKeyInfoCodec (RepeatedOmKeyInfoCodec.java:<init>(42)) - RepeatedOmKeyInfoCodec ignorePipeline = true
2021-08-10 07:20:59,684 [Listener at 127.0.0.1/10880] INFO  om.OzoneManager (OzoneManager.java:addS3GVolumeToDB(4084)) - Created Volume s3v With Owner runner required for S3Gateway operations.
2021-08-10 07:20:59,684 [Listener at 127.0.0.1/10880] WARN  server.ServerUtils (ServerUtils.java:getDefaultRatisDirectory(237)) - Storage directory for Ratis is not configured. It is a good idea to map this to an SSD disk. Falling back to ozone.metadata.dirs
2021-08-10 07:20:59,684 [Listener at 127.0.0.1/10880] WARN  utils.OzoneManagerRatisUtils (OzoneManagerRatisUtils.java:getOMRatisSnapshotDirectory(391)) - ozone.om.ratis.snapshot.dir is not configured. Falling back to ozone.metadata.dirs config
2021-08-10 07:20:59,685 [Listener at 127.0.0.1/10880] INFO  snapshot.OzoneManagerSnapshotProvider (OzoneManagerSnapshotProvider.java:<init>(76)) - Initializing OM Snapshot Provider
2021-08-10 07:20:59,686 [Listener at 127.0.0.1/10880] WARN  impl.MetricRegistriesImpl (MetricRegistriesImpl.java:addReporterRegistration(111)) - New reporters are added after registries were created. Some metrics will be missing from the reporter. Please add reporter before adding any new registry.
2021-08-10 07:20:59,686 [Listener at 127.0.0.1/10880] WARN  impl.MetricRegistriesImpl (MetricRegistriesImpl.java:addReporterRegistration(111)) - New reporters are added after registries were created. Some metrics will be missing from the reporter. Please add reporter before adding any new registry.
2021-08-10 07:20:59,686 [Listener at 127.0.0.1/10880] WARN  server.ServerUtils (ServerUtils.java:getDefaultRatisDirectory(237)) - Storage directory for Ratis is not configured. It is a good idea to map this to an SSD disk. Falling back to ozone.metadata.dirs
2021-08-10 07:20:59,688 [Listener at 127.0.0.1/10880] INFO  ratis.OzoneManagerRatisServer (OzoneManagerRatisServer.java:<init>(158)) - Instantiating OM Ratis server with groupID: om-bootstrap and peers: localhost:10890, localhost:10896, localhost:10884
2021-08-10 07:20:59,688 [Listener at 127.0.0.1/10880] INFO  ratis.OzoneManagerStateMachine (OzoneManagerStateMachine.java:loadSnapshotInfoFromDB(605)) - LastAppliedIndex is set from TransactionInfo from OM DB as (t:0, i:~)
2021-08-10 07:20:59,689 [Listener at 127.0.0.1/10880] INFO  server.RaftServer (ConfUtils.java:logGet(44)) - raft.rpc.type = GRPC (default)
2021-08-10 07:20:59,689 [Listener at 127.0.0.1/10880] INFO  grpc.GrpcFactory (GrpcFactory.java:checkPooledByteBufAllocatorUseCacheForAllThreads(48)) - PERFORMANCE WARNING: useCacheForAllThreads is true that may cause Netty to create a lot garbage objects and, as a result, trigger GC.
	It is recommended to disable useCacheForAllThreads by setting -Dorg.apache.ratis.thirdparty.io.netty.allocator.useCacheForAllThreads=false in command line.
2021-08-10 07:20:59,689 [Listener at 127.0.0.1/10880] INFO  grpc.GrpcConfigKeys (ConfUtils.java:logGet(44)) - raft.grpc.admin.port = -1 (default)
2021-08-10 07:20:59,689 [Listener at 127.0.0.1/10880] INFO  grpc.GrpcConfigKeys (ConfUtils.java:logGet(44)) - raft.grpc.server.port = 10890 (custom)
2021-08-10 07:20:59,689 [Listener at 127.0.0.1/10880] INFO  grpc.GrpcConfigKeys (ConfUtils.java:logGet(44)) - raft.grpc.client.port = -1 (default)
2021-08-10 07:20:59,689 [Listener at 127.0.0.1/10880] INFO  grpc.GrpcConfigKeys (ConfUtils.java:logGet(44)) - raft.grpc.server.port = 10890 (custom)
2021-08-10 07:20:59,689 [Listener at 127.0.0.1/10880] INFO  grpc.GrpcConfigKeys (ConfUtils.java:logGet(44)) - raft.grpc.server.port = 10890 (custom)
2021-08-10 07:20:59,690 [Listener at 127.0.0.1/10880] INFO  server.GrpcService (ConfUtils.java:logGet(44)) - raft.grpc.message.size.max = 33554432 (custom)
2021-08-10 07:20:59,690 [Listener at 127.0.0.1/10880] INFO  server.RaftServerConfigKeys (ConfUtils.java:logGet(44)) - raft.server.log.appender.buffer.byte-limit = 33554432 (custom)
2021-08-10 07:20:59,690 [Listener at 127.0.0.1/10880] INFO  server.GrpcService (ConfUtils.java:logGet(44)) - raft.grpc.flow.control.window = 1MB (=1048576) (default)
2021-08-10 07:20:59,690 [Listener at 127.0.0.1/10880] INFO  server.RaftServerConfigKeys (ConfUtils.java:logGet(44)) - raft.server.rpc.request.timeout = 3000ms (default)
2021-08-10 07:20:59,691 [Listener at 127.0.0.1/10880] INFO  impl.DataStreamServerImpl (ConfUtils.java:logGet(44)) - raft.datastream.type = DISABLED (default)
2021-08-10 07:20:59,691 [Listener at 127.0.0.1/10880] INFO  server.RaftServerConfigKeys (ConfUtils.java:logGet(44)) - raft.server.rpc.slowness.timeout = 2s (custom)
2021-08-10 07:20:59,691 [Listener at 127.0.0.1/10880] INFO  server.RaftServerConfigKeys (ConfUtils.java:logGet(44)) - raft.server.leaderelection.leader.step-down.wait-time = 10s (default)
2021-08-10 07:20:59,691 [Listener at 127.0.0.1/10880] INFO  server.RaftServerConfigKeys (ConfUtils.java:logGet(44)) - raft.server.storage.dir = [/home/runner/work/ozone/ozone/hadoop-ozone/integration-test/target/test-dir/MiniOzoneClusterImpl-c2709307-340b-4da9-b87e-bf8cdd64b120/omNode-2/ratis] (custom)
2021-08-10 07:20:59,692 [Listener at 127.0.0.1/10880] INFO  server.RaftServer (RaftServerProxy.java:addNew(95)) - omNode-2: addNew group-33FC8B15A7E9:[omNode-3|rpc:localhost:10896|priority:0, omNode-1|rpc:localhost:10884|priority:0, omNode-2|rpc:localhost:10890|priority:0] returns group-33FC8B15A7E9:java.util.concurrent.CompletableFuture@4feaa76b[Not completed]
2021-08-10 07:20:59,692 [Listener at 127.0.0.1/10880] INFO  om.OzoneManager (OzoneManager.java:initializeRatisServer(1542)) - OzoneManager Ratis server initialized at port 10890
2021-08-10 07:20:59,694 [Listener at 127.0.0.1/10880] INFO  ipc.CallQueueManager (CallQueueManager.java:<init>(90)) - Using callQueue: class java.util.concurrent.LinkedBlockingQueue, queueCapacity: 2000, scheduler: class org.apache.hadoop.ipc.DefaultRpcScheduler, ipcBackoff: false.
2021-08-10 07:20:59,694 [pool-66-thread-1] INFO  server.RaftServer$Division (RaftServerImpl.java:<init>(181)) - omNode-2: new RaftServerImpl for group-33FC8B15A7E9:[omNode-3|rpc:localhost:10896|priority:0, omNode-1|rpc:localhost:10884|priority:0, omNode-2|rpc:localhost:10890|priority:0] with OzoneManagerStateMachine:uninitialized
2021-08-10 07:20:59,695 [Socket Reader #1 for port 10886] INFO  ipc.Server (Server.java:run(1265)) - Starting Socket Reader #1 for port 10886
2021-08-10 07:20:59,709 [pool-66-thread-1] INFO  server.RaftServerConfigKeys (ConfUtils.java:logGet(44)) - raft.server.rpc.timeout.min = 1s (custom)
2021-08-10 07:20:59,709 [pool-66-thread-1] INFO  server.RaftServerConfigKeys (ConfUtils.java:logGet(44)) - raft.server.rpc.timeout.max = 1200ms (custom)
2021-08-10 07:20:59,709 [pool-66-thread-1] INFO  server.RaftServerConfigKeys (ConfUtils.java:logGet(44)) - raft.server.rpc.sleep.time = 25ms (default)
2021-08-10 07:20:59,709 [pool-66-thread-1] INFO  server.RaftServerConfigKeys (ConfUtils.java:logGet(44)) - raft.server.rpc.slowness.timeout = 2s (custom)
2021-08-10 07:20:59,709 [pool-66-thread-1] INFO  server.RaftServerConfigKeys (ConfUtils.java:logGet(44)) - raft.server.leaderelection.leader.step-down.wait-time = 10s (default)
2021-08-10 07:20:59,709 [pool-66-thread-1] INFO  server.RaftServerConfigKeys (ConfUtils.java:logGet(44)) - raft.server.sleep.deviation.threshold = 300ms (default)
2021-08-10 07:20:59,709 [pool-66-thread-1] INFO  server.RaftServerConfigKeys (ConfUtils.java:logGet(44)) - raft.server.log.appender.install.snapshot.enabled = false (custom)
2021-08-10 07:20:59,709 [pool-66-thread-1] INFO  server.RaftServer$Division (ServerState.java:<init>(105)) - omNode-2@group-33FC8B15A7E9: ConfigurationManager, init=-1: [omNode-3|rpc:localhost:10896|priority:0, omNode-1|rpc:localhost:10884|priority:0, omNode-2|rpc:localhost:10890|priority:0], old=null, confs=<EMPTY_MAP>
2021-08-10 07:20:59,710 [pool-66-thread-1] INFO  server.RaftServerConfigKeys (ConfUtils.java:logGet(44)) - raft.server.storage.dir = [/home/runner/work/ozone/ozone/hadoop-ozone/integration-test/target/test-dir/MiniOzoneClusterImpl-c2709307-340b-4da9-b87e-bf8cdd64b120/omNode-2/ratis] (custom)
2021-08-10 07:20:59,710 [pool-66-thread-1] INFO  server.RaftServerConfigKeys (ConfUtils.java:logGet(44)) - raft.server.log.corruption.policy = EXCEPTION (default)
2021-08-10 07:20:59,710 [pool-66-thread-1] INFO  server.RaftServerConfigKeys (ConfUtils.java:logGet(44)) - raft.server.storage.free-space.min = 0MB (=0) (default)
2021-08-10 07:20:59,710 [pool-66-thread-1] INFO  storage.RaftStorageDirectory (RaftStorageDirectoryImpl.java:analyzeStorage(135)) - The storage directory /home/runner/work/ozone/ozone/hadoop-ozone/integration-test/target/test-dir/MiniOzoneClusterImpl-c2709307-340b-4da9-b87e-bf8cdd64b120/omNode-2/ratis/a5a8c63e-4922-3a03-b163-33fc8b15a7e9 does not exist. Creating ...
2021-08-10 07:20:59,711 [pool-66-thread-1] INFO  storage.RaftStorageDirectory (RaftStorageDirectoryImpl.java:tryLock(230)) - Lock on /home/runner/work/ozone/ozone/hadoop-ozone/integration-test/target/test-dir/MiniOzoneClusterImpl-c2709307-340b-4da9-b87e-bf8cdd64b120/omNode-2/ratis/a5a8c63e-4922-3a03-b163-33fc8b15a7e9/in_use.lock acquired by nodename 25859@fv-az12-876
2021-08-10 07:20:59,713 [pool-66-thread-1] INFO  storage.RaftStorage (RaftStorageImpl.java:format(89)) - Storage directory /home/runner/work/ozone/ozone/hadoop-ozone/integration-test/target/test-dir/MiniOzoneClusterImpl-c2709307-340b-4da9-b87e-bf8cdd64b120/omNode-2/ratis/a5a8c63e-4922-3a03-b163-33fc8b15a7e9 has been successfully formatted.
2021-08-10 07:20:59,713 [pool-66-thread-1] INFO  server.RaftServerConfigKeys (ConfUtils.java:logGet(44)) - raft.server.notification.no-leader.timeout = 2s (custom)
2021-08-10 07:20:59,713 [pool-66-thread-1] INFO  server.RaftServerConfigKeys (ConfUtils.java:logGet(44)) - raft.server.log.use.memory = false (default)
2021-08-10 07:20:59,713 [pool-66-thread-1] INFO  server.RaftServerConfigKeys (ConfUtils.java:logGet(44)) - raft.server.log.purge.gap = 1000000 (custom)
2021-08-10 07:20:59,713 [pool-66-thread-1] INFO  server.RaftServerConfigKeys (ConfUtils.java:logGet(44)) - raft.server.log.appender.buffer.byte-limit = 33554432 (custom)
2021-08-10 07:20:59,714 [pool-66-thread-1] INFO  server.RaftServerConfigKeys (ConfUtils.java:logGet(44)) - raft.server.log.segment.size.max = 4194304 (custom)
2021-08-10 07:20:59,714 [pool-66-thread-1] INFO  server.RaftServerConfigKeys (ConfUtils.java:logGet(44)) - raft.server.log.segment.cache.num.max = 2 (custom)
2021-08-10 07:20:59,714 [pool-66-thread-1] INFO  server.RaftServerConfigKeys (ConfUtils.java:logGet(44)) - raft.server.log.segment.cache.size.max = 200MB (=209715200) (default)
2021-08-10 07:20:59,714 [pool-66-thread-1] INFO  segmented.SegmentedRaftLogWorker (SegmentedRaftLogWorker.java:<init>(182)) - new omNode-2@group-33FC8B15A7E9-SegmentedRaftLogWorker for RaftStorageImpl:Storage Directory /home/runner/work/ozone/ozone/hadoop-ozone/integration-test/target/test-dir/MiniOzoneClusterImpl-c2709307-340b-4da9-b87e-bf8cdd64b120/omNode-2/ratis/a5a8c63e-4922-3a03-b163-33fc8b15a7e9
2021-08-10 07:20:59,714 [pool-66-thread-1] INFO  server.RaftServerConfigKeys (ConfUtils.java:logGet(44)) - raft.server.log.queue.byte-limit = 64MB (=67108864) (default)
2021-08-10 07:20:59,714 [pool-66-thread-1] INFO  server.RaftServerConfigKeys (ConfUtils.java:logGet(44)) - raft.server.log.queue.element-limit = 4096 (default)
2021-08-10 07:20:59,714 [pool-66-thread-1] INFO  server.RaftServerConfigKeys (ConfUtils.java:logGet(44)) - raft.server.log.segment.size.max = 4194304 (custom)
2021-08-10 07:20:59,714 [pool-66-thread-1] INFO  server.RaftServerConfigKeys (ConfUtils.java:logGet(44)) - raft.server.log.preallocated.size = 4194304 (custom)
2021-08-10 07:20:59,715 [pool-66-thread-1] INFO  server.RaftServerConfigKeys (ConfUtils.java:logGet(44)) - raft.server.log.force.sync.num = 128 (default)
2021-08-10 07:20:59,715 [pool-66-thread-1] INFO  server.RaftServerConfigKeys (ConfUtils.java:logGet(44)) - raft.server.log.statemachine.data.sync = true (default)
2021-08-10 07:20:59,715 [pool-66-thread-1] INFO  server.RaftServerConfigKeys (ConfUtils.java:logGet(44)) - raft.server.log.statemachine.data.sync.timeout = 10s (default)
2021-08-10 07:20:59,715 [pool-66-thread-1] INFO  server.RaftServerConfigKeys (ConfUtils.java:logGet(44)) - raft.server.log.statemachine.data.sync.timeout.retry = -1 (default)
2021-08-10 07:20:59,716 [pool-66-thread-1] INFO  server.RaftServerConfigKeys (ConfUtils.java:logGet(44)) - raft.server.log.write.buffer.size = 64KB (=65536) (default)
2021-08-10 07:20:59,716 [pool-66-thread-1] INFO  server.RaftServerConfigKeys (ConfUtils.java:logGet(44)) - raft.server.log.statemachine.data.caching.enabled = false (default)
2021-08-10 07:20:59,716 [pool-66-thread-1] INFO  segmented.SegmentedRaftLogWorker (SegmentedRaftLogWorker.java:lambda$new$0(133)) - omNode-2@group-33FC8B15A7E9-SegmentedRaftLogWorker: flushIndex: setUnconditionally 0 -> -1
2021-08-10 07:20:59,716 [pool-66-thread-1] INFO  segmented.SegmentedRaftLogWorker (SegmentedRaftLogWorker.java:lambda$new$0(133)) - omNode-2@group-33FC8B15A7E9-SegmentedRaftLogWorker: safeCacheEvictIndex: setUnconditionally 0 -> -1
2021-08-10 07:20:59,717 [pool-66-thread-1] INFO  server.RaftServerConfigKeys (ConfUtils.java:logGet(44)) - raft.server.snapshot.auto.trigger.enabled = true (custom)
2021-08-10 07:20:59,717 [pool-66-thread-1] INFO  server.RaftServerConfigKeys (ConfUtils.java:logGet(44)) - raft.server.snapshot.auto.trigger.threshold = 400000 (default)
2021-08-10 07:20:59,717 [pool-66-thread-1] INFO  server.RaftServerConfigKeys (ConfUtils.java:logGet(44)) - raft.server.snapshot.retention.file.num = -1 (default)
2021-08-10 07:20:59,717 [pool-66-thread-1] INFO  server.RaftServerConfigKeys (ConfUtils.java:logGet(44)) - raft.server.log.purge.upto.snapshot.index = true (custom)
2021-08-10 07:20:59,717 [pool-66-thread-1] INFO  server.RaftServerConfigKeys (ConfUtils.java:logGet(44)) - raft.server.retrycache.expirytime = 300s (custom)
2021-08-10 07:20:59,717 [pool-66-thread-1] INFO  server.RaftServerConfigKeys (ConfUtils.java:logGet(44)) - raft.server.retrycache.statistics.expirytime = 100μs (default)
2021-08-10 07:20:59,727 [Listener at 127.0.0.1/10886] INFO  om.OzoneManager (OzoneManager.java:initFSOLayout(4290)) - Configured ozone.om.metadata.layout=SIMPLE and disabled optimized OM FS operations
2021-08-10 07:20:59,730 [Listener at 127.0.0.1/10886] INFO  impl.MetricsSystemImpl (MetricsSystemImpl.java:init(158)) - OzoneManager metrics system started (again)
2021-08-10 07:20:59,742 [Listener at 127.0.0.1/10886] INFO  om.OzoneManager (OzoneManager.java:start(1239)) - OzoneManager RPC server is listening at localhost/127.0.0.1:10886
2021-08-10 07:20:59,742 [Listener at 127.0.0.1/10886] INFO  ratis.OzoneManagerRatisServer (OzoneManagerRatisServer.java:start(516)) - Starting OzoneManagerRatisServer omNode-2 at port 10890
2021-08-10 07:20:59,742 [Listener at 127.0.0.1/10886] INFO  server.RaftServer$Division (RaftServerImpl.java:start(296)) - omNode-2@group-33FC8B15A7E9: start as a follower, conf=-1: [omNode-3|rpc:localhost:10896|priority:0, omNode-1|rpc:localhost:10884|priority:0, omNode-2|rpc:localhost:10890|priority:0], old=null
2021-08-10 07:20:59,743 [Listener at 127.0.0.1/10886] INFO  server.RaftServer$Division (RaftServerImpl.java:setRole(285)) - omNode-2@group-33FC8B15A7E9: changes role from      null to FOLLOWER at term 0 for startAsFollower
2021-08-10 07:20:59,743 [Listener at 127.0.0.1/10886] INFO  impl.RoleInfo (RoleInfo.java:updateAndGet(130)) - omNode-2: start omNode-2@group-33FC8B15A7E9-FollowerState
2021-08-10 07:20:59,743 [Listener at 127.0.0.1/10886] INFO  util.JmxRegister (JmxRegister.java:tryRegister(44)) - Successfully registered JMX Bean with object name Ratis:service=RaftServer,group=group-33FC8B15A7E9,id=omNode-2
2021-08-10 07:20:59,745 [Listener at 127.0.0.1/10886] INFO  server.RaftServer (RaftServerProxy.java:lambda$start$5(374)) - omNode-2: start RPC server
2021-08-10 07:20:59,746 [Listener at 127.0.0.1/10886] INFO  server.GrpcService (GrpcService.java:startImpl(253)) - omNode-2: GrpcService started, listening on 10890
2021-08-10 07:20:59,746 [Listener at 127.0.0.1/10886] INFO  om.OzoneManager (OzoneManager.java:start(1257)) - Version File has different layout version (0) than OM DB (null). That is expected if this OM has never been finalized to a newer layout version.
2021-08-10 07:20:59,746 [org.apache.ratis.util.JvmPauseMonitor$$Lambda$430/506160180@3bf246fb] INFO  util.JvmPauseMonitor (JvmPauseMonitor.java:run(103)) - JvmPauseMonitor-omNode-2: Started
2021-08-10 07:20:59,748 [Listener at 127.0.0.1/10886] INFO  http.BaseHttpServer (BaseHttpServer.java:newHttpServer2BuilderForOzone(209)) - Starting Web-server for ozoneManager at: http://0.0.0.0:10888
2021-08-10 07:20:59,748 [Listener at 127.0.0.1/10886] INFO  http.BaseHttpServer (BaseHttpServer.java:<init>(107)) - Hadoop Security Enabled: false Ozone Security Enabled: false Ozone HTTP Security Enabled: false 
2021-08-10 07:20:59,749 [Listener at 127.0.0.1/10886] INFO  server.AuthenticationFilter (AuthenticationFilter.java:constructSecretProvider(240)) - Unable to initialize FileSignerSecretProvider, falling back to use random secrets.
2021-08-10 07:20:59,750 [Listener at 127.0.0.1/10886] WARN  http.HttpRequestLog (HttpRequestLog.java:getRequestLog(103)) - Jetty request log can only be enabled using Log4j
2021-08-10 07:20:59,751 [Listener at 127.0.0.1/10886] INFO  http.HttpServer2 (HttpServer2.java:addGlobalFilter(1020)) - Added global filter 'safety' (class=org.apache.hadoop.hdds.server.http.HttpServer2$QuotingInputFilter)
2021-08-10 07:20:59,751 [Listener at 127.0.0.1/10886] INFO  http.HttpServer2 (HttpServer2.java:addFilter(996)) - Added filter static_user_filter (class=org.apache.hadoop.http.lib.StaticUserWebFilter$StaticUserFilter) to context ozoneManager
2021-08-10 07:20:59,751 [Listener at 127.0.0.1/10886] INFO  http.HttpServer2 (HttpServer2.java:addFilter(1004)) - Added filter static_user_filter (class=org.apache.hadoop.http.lib.StaticUserWebFilter$StaticUserFilter) to context static
2021-08-10 07:20:59,752 [Listener at 127.0.0.1/10886] INFO  http.HttpServer2 (HttpServer2.java:addFilter(1004)) - Added filter static_user_filter (class=org.apache.hadoop.http.lib.StaticUserWebFilter$StaticUserFilter) to context logs
2021-08-10 07:20:59,752 [Listener at 127.0.0.1/10886] INFO  http.HttpServer2 (HttpServer2.java:bindListener(1239)) - Jetty bound to port 10888
2021-08-10 07:20:59,752 [Listener at 127.0.0.1/10886] INFO  server.Server (Server.java:doStart(375)) - jetty-9.4.43.v20210629; built: 2021-06-30T11:07:22.254Z; git: 526006ecfa3af7f1a27ef3a288e2bef7ea9dd7e8; jvm 1.8.0_292-b10
2021-08-10 07:20:59,754 [Listener at 127.0.0.1/10886] INFO  server.session (DefaultSessionIdManager.java:doStart(334)) - DefaultSessionIdManager workerName=node0
2021-08-10 07:20:59,754 [Listener at 127.0.0.1/10886] INFO  server.session (DefaultSessionIdManager.java:doStart(339)) - No SessionScavenger set, using defaults
2021-08-10 07:20:59,754 [Listener at 127.0.0.1/10886] INFO  server.session (HouseKeeper.java:startScavenging(132)) - node0 Scavenging every 660000ms
2021-08-10 07:20:59,755 [Listener at 127.0.0.1/10886] INFO  handler.ContextHandler (ContextHandler.java:doStart(915)) - Started o.e.j.s.ServletContextHandler@4c42b537{logs,/logs,file:///home/runner/work/ozone/ozone/hadoop-ozone/integration-test/target/log,AVAILABLE}
2021-08-10 07:20:59,755 [Listener at 127.0.0.1/10886] INFO  handler.ContextHandler (ContextHandler.java:doStart(915)) - Started o.e.j.s.ServletContextHandler@7529e56{static,/static,file:///home/runner/work/ozone/ozone/hadoop-ozone/integration-test/target/test-classes/webapps/static,AVAILABLE}
2021-08-10 07:20:59,759 [Listener at 127.0.0.1/10886] INFO  handler.ContextHandler (ContextHandler.java:doStart(915)) - Started o.e.j.w.WebAppContext@30308c8f{ozoneManager,/,file:///home/runner/work/ozone/ozone/hadoop-ozone/integration-test/target/test-classes/webapps/ozoneManager/,AVAILABLE}{file:/home/runner/work/ozone/ozone/hadoop-ozone/integration-test/target/test-classes/webapps/ozoneManager}
2021-08-10 07:20:59,760 [Listener at 127.0.0.1/10886] INFO  server.AbstractConnector (AbstractConnector.java:doStart(331)) - Started ServerConnector@7d3768d6{HTTP/1.1, (http/1.1)}{0.0.0.0:10888}
2021-08-10 07:20:59,760 [Listener at 127.0.0.1/10886] INFO  server.Server (Server.java:doStart(415)) - Started @16307ms
2021-08-10 07:20:59,760 [Listener at 127.0.0.1/10886] WARN  impl.MetricsSystemImpl (MetricsSystemImpl.java:register(279)) - Sink prometheus already exists!
2021-08-10 07:20:59,761 [Listener at 127.0.0.1/10886] INFO  http.BaseHttpServer (BaseHttpServer.java:updateConnectorAddress(329)) - HTTP server of ozoneManager listening at http://0.0.0.0:10888
2021-08-10 07:20:59,761 [IPC Server Responder] INFO  ipc.Server (Server.java:run(1507)) - IPC Server Responder: starting
2021-08-10 07:20:59,767 [IPC Server listener on 10886] INFO  ipc.Server (Server.java:run(1344)) - IPC Server listener on 10886: starting
2021-08-10 07:20:59,772 [Listener at 127.0.0.1/10886] INFO  om.OzoneManager (OzoneManager.java:startTrashEmptier(1500)) - Trash Interval set to 0. Files deleted will not move to trash
2021-08-10 07:20:59,773 [Listener at 127.0.0.1/10886] INFO  ozone.MiniOzoneHAClusterImpl (MiniOzoneHAClusterImpl.java:createOMService(484)) - Started OzoneManager omNode-2 RPC server at localhost/127.0.0.1:10886
2021-08-10 07:20:59,773 [org.apache.hadoop.util.JvmPauseMonitor$Monitor@4855d100] INFO  util.JvmPauseMonitor (JvmPauseMonitor.java:run(188)) - Starting JVM pause monitor
2021-08-10 07:20:59,774 [Listener at 127.0.0.1/10886] INFO  ha.OMHANodeDetails (OMHANodeDetails.java:loadOMHAConfig(118)) - ServiceID for OzoneManager is om-bootstrap
2021-08-10 07:20:59,774 [Listener at 127.0.0.1/10886] INFO  ha.OMHANodeDetails (OMHANodeDetails.java:loadOMHAConfig(194)) - Found matching OM address with OMServiceId: om-bootstrap, OMNodeId: omNode-3, RPC Address: localhost:10892 and Ratis port: 10896
2021-08-10 07:20:59,774 [Listener at 127.0.0.1/10886] INFO  ha.OMHANodeDetails (ConfUtils.java:setNodeSpecificConfigs(108)) - Setting configuration key ozone.om.http-address with value of key ozone.om.http-address.om-bootstrap.omNode-3: 127.0.0.1:10894
2021-08-10 07:20:59,774 [Listener at 127.0.0.1/10886] INFO  ha.OMHANodeDetails (ConfUtils.java:setNodeSpecificConfigs(108)) - Setting configuration key ozone.om.https-address with value of key ozone.om.https-address.om-bootstrap.omNode-3: 127.0.0.1:10895
2021-08-10 07:20:59,774 [Listener at 127.0.0.1/10886] INFO  ha.OMHANodeDetails (ConfUtils.java:setNodeSpecificConfigs(108)) - Setting configuration key ozone.om.address with value of key ozone.om.address.om-bootstrap.omNode-3: 127.0.0.1:10892
2021-08-10 07:20:59,775 [Listener at 127.0.0.1/10886] WARN  server.ServerUtils (ServerUtils.java:getDBPath(225)) - ozone.om.db.dirs is not configured. We recommend adding this setting. Falling back to ozone.metadata.dirs instead.
2021-08-10 07:20:59,775 [Listener at 127.0.0.1/10886] INFO  ha.SCMNodeInfo (SCMNodeInfo.java:getPort(197)) - ConfigKey ozone.scm.client.address is deprecated, For configuring different ports for each SCM use PortConfigKey ozone.scm.client.port appended with serviceId and nodeId
2021-08-10 07:20:59,776 [Listener at 127.0.0.1/10886] INFO  ha.SCMNodeInfo (SCMNodeInfo.java:getPort(197)) - ConfigKey ozone.scm.block.client.address is deprecated, For configuring different ports for each SCM use PortConfigKey ozone.scm.block.client.port appended with serviceId and nodeId
2021-08-10 07:20:59,776 [Listener at 127.0.0.1/10886] INFO  ha.SCMNodeInfo (SCMNodeInfo.java:getPort(197)) - ConfigKey ozone.scm.datanode.address is deprecated, For configuring different ports for each SCM use PortConfigKey ozone.scm.datanode.port appended with serviceId and nodeId
OM initialization succeeded.Current cluster id for sd=/home/runner/work/ozone/ozone/hadoop-ozone/integration-test/target/test-dir/MiniOzoneClusterImpl-c2709307-340b-4da9-b87e-bf8cdd64b120/omNode-3/om;cid=c2709307-340b-4da9-b87e-bf8cdd64b120;layoutVersion=0
2021-08-10 07:20:59,792 [Listener at 127.0.0.1/10886] INFO  ha.OMHANodeDetails (OMHANodeDetails.java:loadOMHAConfig(118)) - ServiceID for OzoneManager is om-bootstrap
2021-08-10 07:20:59,793 [Listener at 127.0.0.1/10886] INFO  ha.OMHANodeDetails (OMHANodeDetails.java:loadOMHAConfig(194)) - Found matching OM address with OMServiceId: om-bootstrap, OMNodeId: omNode-3, RPC Address: localhost:10892 and Ratis port: 10896
2021-08-10 07:20:59,793 [Listener at 127.0.0.1/10886] INFO  ha.OMHANodeDetails (ConfUtils.java:setNodeSpecificConfigs(108)) - Setting configuration key ozone.om.http-address with value of key ozone.om.http-address.om-bootstrap.omNode-3: 127.0.0.1:10894
2021-08-10 07:20:59,793 [Listener at 127.0.0.1/10886] INFO  ha.OMHANodeDetails (ConfUtils.java:setNodeSpecificConfigs(108)) - Setting configuration key ozone.om.https-address with value of key ozone.om.https-address.om-bootstrap.omNode-3: 127.0.0.1:10895
2021-08-10 07:20:59,793 [Listener at 127.0.0.1/10886] INFO  ha.OMHANodeDetails (ConfUtils.java:setNodeSpecificConfigs(108)) - Setting configuration key ozone.om.address with value of key ozone.om.address.om-bootstrap.omNode-3: 127.0.0.1:10892
2021-08-10 07:20:59,793 [Listener at 127.0.0.1/10886] WARN  server.ServerUtils (ServerUtils.java:getDBPath(225)) - ozone.om.db.dirs is not configured. We recommend adding this setting. Falling back to ozone.metadata.dirs instead.
2021-08-10 07:20:59,793 [Listener at 127.0.0.1/10886] INFO  upgrade.AbstractLayoutVersionManager (AbstractLayoutVersionManager.java:init(70)) - Initializing Layout version manager with metadata layout = INITIAL_VERSION (version = 0), software layout = INITIAL_VERSION (version = 0)
2021-08-10 07:20:59,838 [Listener at 127.0.0.1/10886] INFO  reflections.Reflections (Reflections.java:scan(232)) - Reflections took 44 ms to scan 2 urls, producing 131 keys and 342 values [using 2 cores]
2021-08-10 07:20:59,839 [Listener at 127.0.0.1/10886] INFO  upgrade.OMLayoutVersionManager (OMLayoutVersionManager.java:lambda$0(116)) - Skipping Upgrade Action MockOmUpgradeAction since it has been finalized.
2021-08-10 07:20:59,839 [Listener at 127.0.0.1/10886] WARN  server.ServerUtils (ServerUtils.java:getDBPath(225)) - ozone.om.db.dirs is not configured. We recommend adding this setting. Falling back to ozone.metadata.dirs instead.
2021-08-10 07:20:59,840 [Listener at 127.0.0.1/10886] INFO  ha.SCMNodeInfo (SCMNodeInfo.java:getPort(197)) - ConfigKey ozone.scm.client.address is deprecated, For configuring different ports for each SCM use PortConfigKey ozone.scm.client.port appended with serviceId and nodeId
2021-08-10 07:20:59,840 [Listener at 127.0.0.1/10886] INFO  ha.SCMNodeInfo (SCMNodeInfo.java:getPort(197)) - ConfigKey ozone.scm.block.client.address is deprecated, For configuring different ports for each SCM use PortConfigKey ozone.scm.block.client.port appended with serviceId and nodeId
2021-08-10 07:20:59,840 [Listener at 127.0.0.1/10886] INFO  ha.SCMNodeInfo (SCMNodeInfo.java:getPort(197)) - ConfigKey ozone.scm.datanode.address is deprecated, For configuring different ports for each SCM use PortConfigKey ozone.scm.datanode.port appended with serviceId and nodeId
2021-08-10 07:20:59,840 [Listener at 127.0.0.1/10886] INFO  ha.SCMNodeInfo (SCMNodeInfo.java:getPort(197)) - ConfigKey ozone.scm.client.address is deprecated, For configuring different ports for each SCM use PortConfigKey ozone.scm.client.port appended with serviceId and nodeId
2021-08-10 07:20:59,840 [Listener at 127.0.0.1/10886] INFO  ha.SCMNodeInfo (SCMNodeInfo.java:getPort(197)) - ConfigKey ozone.scm.block.client.address is deprecated, For configuring different ports for each SCM use PortConfigKey ozone.scm.block.client.port appended with serviceId and nodeId
2021-08-10 07:20:59,840 [Listener at 127.0.0.1/10886] INFO  ha.SCMNodeInfo (SCMNodeInfo.java:getPort(197)) - ConfigKey ozone.scm.datanode.address is deprecated, For configuring different ports for each SCM use PortConfigKey ozone.scm.datanode.port appended with serviceId and nodeId
2021-08-10 07:20:59,842 [Listener at 127.0.0.1/10886] INFO  ha.SCMNodeInfo (SCMNodeInfo.java:getPort(197)) - ConfigKey ozone.scm.client.address is deprecated, For configuring different ports for each SCM use PortConfigKey ozone.scm.client.port appended with serviceId and nodeId
2021-08-10 07:20:59,843 [Listener at 127.0.0.1/10886] INFO  ha.SCMNodeInfo (SCMNodeInfo.java:getPort(197)) - ConfigKey ozone.scm.block.client.address is deprecated, For configuring different ports for each SCM use PortConfigKey ozone.scm.block.client.port appended with serviceId and nodeId
2021-08-10 07:20:59,843 [Listener at 127.0.0.1/10886] INFO  ha.SCMNodeInfo (SCMNodeInfo.java:getPort(197)) - ConfigKey ozone.scm.datanode.address is deprecated, For configuring different ports for each SCM use PortConfigKey ozone.scm.datanode.port appended with serviceId and nodeId
2021-08-10 07:20:59,849 [Listener at 127.0.0.1/10886] WARN  server.ServerUtils (ServerUtils.java:getDBPath(225)) - ozone.om.db.dirs is not configured. We recommend adding this setting. Falling back to ozone.metadata.dirs instead.
2021-08-10 07:20:59,850 [Listener at 127.0.0.1/10886] INFO  codec.OmKeyInfoCodec (OmKeyInfoCodec.java:<init>(51)) - OmKeyInfoCodec ignorePipeline = true
2021-08-10 07:20:59,850 [Listener at 127.0.0.1/10886] INFO  codec.RepeatedOmKeyInfoCodec (RepeatedOmKeyInfoCodec.java:<init>(42)) - RepeatedOmKeyInfoCodec ignorePipeline = true
2021-08-10 07:20:59,967 [Listener at 127.0.0.1/10886] INFO  om.OzoneManager (OzoneManager.java:addS3GVolumeToDB(4084)) - Created Volume s3v With Owner runner required for S3Gateway operations.
2021-08-10 07:20:59,967 [Listener at 127.0.0.1/10886] WARN  server.ServerUtils (ServerUtils.java:getDefaultRatisDirectory(237)) - Storage directory for Ratis is not configured. It is a good idea to map this to an SSD disk. Falling back to ozone.metadata.dirs
2021-08-10 07:20:59,967 [Listener at 127.0.0.1/10886] WARN  utils.OzoneManagerRatisUtils (OzoneManagerRatisUtils.java:getOMRatisSnapshotDirectory(391)) - ozone.om.ratis.snapshot.dir is not configured. Falling back to ozone.metadata.dirs config
2021-08-10 07:20:59,967 [Listener at 127.0.0.1/10886] INFO  snapshot.OzoneManagerSnapshotProvider (OzoneManagerSnapshotProvider.java:<init>(76)) - Initializing OM Snapshot Provider
2021-08-10 07:20:59,968 [Listener at 127.0.0.1/10886] WARN  impl.MetricRegistriesImpl (MetricRegistriesImpl.java:addReporterRegistration(111)) - New reporters are added after registries were created. Some metrics will be missing from the reporter. Please add reporter before adding any new registry.
2021-08-10 07:20:59,968 [Listener at 127.0.0.1/10886] WARN  impl.MetricRegistriesImpl (MetricRegistriesImpl.java:addReporterRegistration(111)) - New reporters are added after registries were created. Some metrics will be missing from the reporter. Please add reporter before adding any new registry.
2021-08-10 07:20:59,969 [Listener at 127.0.0.1/10886] WARN  server.ServerUtils (ServerUtils.java:getDefaultRatisDirectory(237)) - Storage directory for Ratis is not configured. It is a good idea to map this to an SSD disk. Falling back to ozone.metadata.dirs
2021-08-10 07:20:59,970 [Listener at 127.0.0.1/10886] INFO  ratis.OzoneManagerRatisServer (OzoneManagerRatisServer.java:<init>(158)) - Instantiating OM Ratis server with groupID: om-bootstrap and peers: localhost:10896, localhost:10884, localhost:10890
2021-08-10 07:20:59,970 [Listener at 127.0.0.1/10886] INFO  ratis.OzoneManagerStateMachine (OzoneManagerStateMachine.java:loadSnapshotInfoFromDB(605)) - LastAppliedIndex is set from TransactionInfo from OM DB as (t:0, i:~)
2021-08-10 07:20:59,970 [Listener at 127.0.0.1/10886] INFO  server.RaftServer (ConfUtils.java:logGet(44)) - raft.rpc.type = GRPC (default)
2021-08-10 07:20:59,971 [Listener at 127.0.0.1/10886] INFO  grpc.GrpcFactory (GrpcFactory.java:checkPooledByteBufAllocatorUseCacheForAllThreads(48)) - PERFORMANCE WARNING: useCacheForAllThreads is true that may cause Netty to create a lot garbage objects and, as a result, trigger GC.
	It is recommended to disable useCacheForAllThreads by setting -Dorg.apache.ratis.thirdparty.io.netty.allocator.useCacheForAllThreads=false in command line.
2021-08-10 07:20:59,971 [Listener at 127.0.0.1/10886] INFO  grpc.GrpcConfigKeys (ConfUtils.java:logGet(44)) - raft.grpc.admin.port = -1 (default)
2021-08-10 07:20:59,971 [Listener at 127.0.0.1/10886] INFO  grpc.GrpcConfigKeys (ConfUtils.java:logGet(44)) - raft.grpc.server.port = 10896 (custom)
2021-08-10 07:20:59,971 [Listener at 127.0.0.1/10886] INFO  grpc.GrpcConfigKeys (ConfUtils.java:logGet(44)) - raft.grpc.client.port = -1 (default)
2021-08-10 07:20:59,971 [Listener at 127.0.0.1/10886] INFO  grpc.GrpcConfigKeys (ConfUtils.java:logGet(44)) - raft.grpc.server.port = 10896 (custom)
2021-08-10 07:20:59,971 [Listener at 127.0.0.1/10886] INFO  grpc.GrpcConfigKeys (ConfUtils.java:logGet(44)) - raft.grpc.server.port = 10896 (custom)
2021-08-10 07:20:59,971 [Listener at 127.0.0.1/10886] INFO  server.GrpcService (ConfUtils.java:logGet(44)) - raft.grpc.message.size.max = 33554432 (custom)
2021-08-10 07:20:59,971 [Listener at 127.0.0.1/10886] INFO  server.RaftServerConfigKeys (ConfUtils.java:logGet(44)) - raft.server.log.appender.buffer.byte-limit = 33554432 (custom)
2021-08-10 07:20:59,972 [Listener at 127.0.0.1/10886] INFO  server.GrpcService (ConfUtils.java:logGet(44)) - raft.grpc.flow.control.window = 1MB (=1048576) (default)
2021-08-10 07:20:59,972 [Listener at 127.0.0.1/10886] INFO  server.RaftServerConfigKeys (ConfUtils.java:logGet(44)) - raft.server.rpc.request.timeout = 3000ms (default)
2021-08-10 07:20:59,973 [Listener at 127.0.0.1/10886] INFO  impl.DataStreamServerImpl (ConfUtils.java:logGet(44)) - raft.datastream.type = DISABLED (default)
2021-08-10 07:20:59,973 [Listener at 127.0.0.1/10886] INFO  server.RaftServerConfigKeys (ConfUtils.java:logGet(44)) - raft.server.rpc.slowness.timeout = 2s (custom)
2021-08-10 07:20:59,973 [Listener at 127.0.0.1/10886] INFO  server.RaftServerConfigKeys (ConfUtils.java:logGet(44)) - raft.server.leaderelection.leader.step-down.wait-time = 10s (default)
2021-08-10 07:20:59,973 [Listener at 127.0.0.1/10886] INFO  server.RaftServerConfigKeys (ConfUtils.java:logGet(44)) - raft.server.storage.dir = [/home/runner/work/ozone/ozone/hadoop-ozone/integration-test/target/test-dir/MiniOzoneClusterImpl-c2709307-340b-4da9-b87e-bf8cdd64b120/omNode-3/ratis] (custom)
2021-08-10 07:20:59,974 [Listener at 127.0.0.1/10886] INFO  server.RaftServer (RaftServerProxy.java:addNew(95)) - omNode-3: addNew group-33FC8B15A7E9:[omNode-3|rpc:localhost:10896|priority:0, omNode-1|rpc:localhost:10884|priority:0, omNode-2|rpc:localhost:10890|priority:0] returns group-33FC8B15A7E9:java.util.concurrent.CompletableFuture@75071a10[Not completed]
2021-08-10 07:20:59,974 [Listener at 127.0.0.1/10886] INFO  om.OzoneManager (OzoneManager.java:initializeRatisServer(1542)) - OzoneManager Ratis server initialized at port 10896
2021-08-10 07:20:59,975 [Listener at 127.0.0.1/10886] INFO  ipc.CallQueueManager (CallQueueManager.java:<init>(90)) - Using callQueue: class java.util.concurrent.LinkedBlockingQueue, queueCapacity: 2000, scheduler: class org.apache.hadoop.ipc.DefaultRpcScheduler, ipcBackoff: false.
2021-08-10 07:20:59,976 [pool-87-thread-1] INFO  server.RaftServer$Division (RaftServerImpl.java:<init>(181)) - omNode-3: new RaftServerImpl for group-33FC8B15A7E9:[omNode-3|rpc:localhost:10896|priority:0, omNode-1|rpc:localhost:10884|priority:0, omNode-2|rpc:localhost:10890|priority:0] with OzoneManagerStateMachine:uninitialized
2021-08-10 07:20:59,976 [Socket Reader #1 for port 10892] INFO  ipc.Server (Server.java:run(1265)) - Starting Socket Reader #1 for port 10892
2021-08-10 07:20:59,980 [pool-87-thread-1] INFO  server.RaftServerConfigKeys (ConfUtils.java:logGet(44)) - raft.server.rpc.timeout.min = 1s (custom)
2021-08-10 07:20:59,980 [pool-87-thread-1] INFO  server.RaftServerConfigKeys (ConfUtils.java:logGet(44)) - raft.server.rpc.timeout.max = 1200ms (custom)
2021-08-10 07:20:59,980 [pool-87-thread-1] INFO  server.RaftServerConfigKeys (ConfUtils.java:logGet(44)) - raft.server.rpc.sleep.time = 25ms (default)
2021-08-10 07:20:59,980 [pool-87-thread-1] INFO  server.RaftServerConfigKeys (ConfUtils.java:logGet(44)) - raft.server.rpc.slowness.timeout = 2s (custom)
2021-08-10 07:20:59,980 [pool-87-thread-1] INFO  server.RaftServerConfigKeys (ConfUtils.java:logGet(44)) - raft.server.leaderelection.leader.step-down.wait-time = 10s (default)
2021-08-10 07:20:59,980 [pool-87-thread-1] INFO  server.RaftServerConfigKeys (ConfUtils.java:logGet(44)) - raft.server.sleep.deviation.threshold = 300ms (default)
2021-08-10 07:20:59,980 [pool-87-thread-1] INFO  server.RaftServerConfigKeys (ConfUtils.java:logGet(44)) - raft.server.log.appender.install.snapshot.enabled = false (custom)
2021-08-10 07:20:59,980 [pool-87-thread-1] INFO  server.RaftServer$Division (ServerState.java:<init>(105)) - omNode-3@group-33FC8B15A7E9: ConfigurationManager, init=-1: [omNode-3|rpc:localhost:10896|priority:0, omNode-1|rpc:localhost:10884|priority:0, omNode-2|rpc:localhost:10890|priority:0], old=null, confs=<EMPTY_MAP>
2021-08-10 07:20:59,980 [pool-87-thread-1] INFO  server.RaftServerConfigKeys (ConfUtils.java:logGet(44)) - raft.server.storage.dir = [/home/runner/work/ozone/ozone/hadoop-ozone/integration-test/target/test-dir/MiniOzoneClusterImpl-c2709307-340b-4da9-b87e-bf8cdd64b120/omNode-3/ratis] (custom)
2021-08-10 07:20:59,991 [pool-87-thread-1] INFO  server.RaftServerConfigKeys (ConfUtils.java:logGet(44)) - raft.server.log.corruption.policy = EXCEPTION (default)
2021-08-10 07:20:59,991 [pool-87-thread-1] INFO  server.RaftServerConfigKeys (ConfUtils.java:logGet(44)) - raft.server.storage.free-space.min = 0MB (=0) (default)
2021-08-10 07:20:59,992 [pool-87-thread-1] INFO  storage.RaftStorageDirectory (RaftStorageDirectoryImpl.java:analyzeStorage(135)) - The storage directory /home/runner/work/ozone/ozone/hadoop-ozone/integration-test/target/test-dir/MiniOzoneClusterImpl-c2709307-340b-4da9-b87e-bf8cdd64b120/omNode-3/ratis/a5a8c63e-4922-3a03-b163-33fc8b15a7e9 does not exist. Creating ...
2021-08-10 07:20:59,993 [pool-87-thread-1] INFO  storage.RaftStorageDirectory (RaftStorageDirectoryImpl.java:tryLock(230)) - Lock on /home/runner/work/ozone/ozone/hadoop-ozone/integration-test/target/test-dir/MiniOzoneClusterImpl-c2709307-340b-4da9-b87e-bf8cdd64b120/omNode-3/ratis/a5a8c63e-4922-3a03-b163-33fc8b15a7e9/in_use.lock acquired by nodename 25859@fv-az12-876
2021-08-10 07:20:59,994 [pool-87-thread-1] INFO  storage.RaftStorage (RaftStorageImpl.java:format(89)) - Storage directory /home/runner/work/ozone/ozone/hadoop-ozone/integration-test/target/test-dir/MiniOzoneClusterImpl-c2709307-340b-4da9-b87e-bf8cdd64b120/omNode-3/ratis/a5a8c63e-4922-3a03-b163-33fc8b15a7e9 has been successfully formatted.
2021-08-10 07:20:59,994 [pool-87-thread-1] INFO  server.RaftServerConfigKeys (ConfUtils.java:logGet(44)) - raft.server.notification.no-leader.timeout = 2s (custom)
2021-08-10 07:20:59,995 [pool-87-thread-1] INFO  server.RaftServerConfigKeys (ConfUtils.java:logGet(44)) - raft.server.log.use.memory = false (default)
2021-08-10 07:20:59,995 [pool-87-thread-1] INFO  server.RaftServerConfigKeys (ConfUtils.java:logGet(44)) - raft.server.log.purge.gap = 1000000 (custom)
2021-08-10 07:20:59,995 [pool-87-thread-1] INFO  server.RaftServerConfigKeys (ConfUtils.java:logGet(44)) - raft.server.log.appender.buffer.byte-limit = 33554432 (custom)
2021-08-10 07:20:59,995 [pool-87-thread-1] INFO  server.RaftServerConfigKeys (ConfUtils.java:logGet(44)) - raft.server.log.segment.size.max = 4194304 (custom)
2021-08-10 07:20:59,996 [pool-87-thread-1] INFO  server.RaftServerConfigKeys (ConfUtils.java:logGet(44)) - raft.server.log.segment.cache.num.max = 2 (custom)
2021-08-10 07:20:59,996 [pool-87-thread-1] INFO  server.RaftServerConfigKeys (ConfUtils.java:logGet(44)) - raft.server.log.segment.cache.size.max = 200MB (=209715200) (default)
2021-08-10 07:20:59,996 [pool-87-thread-1] INFO  segmented.SegmentedRaftLogWorker (SegmentedRaftLogWorker.java:<init>(182)) - new omNode-3@group-33FC8B15A7E9-SegmentedRaftLogWorker for RaftStorageImpl:Storage Directory /home/runner/work/ozone/ozone/hadoop-ozone/integration-test/target/test-dir/MiniOzoneClusterImpl-c2709307-340b-4da9-b87e-bf8cdd64b120/omNode-3/ratis/a5a8c63e-4922-3a03-b163-33fc8b15a7e9
2021-08-10 07:20:59,996 [pool-87-thread-1] INFO  server.RaftServerConfigKeys (ConfUtils.java:logGet(44)) - raft.server.log.queue.byte-limit = 64MB (=67108864) (default)
2021-08-10 07:20:59,996 [pool-87-thread-1] INFO  server.RaftServerConfigKeys (ConfUtils.java:logGet(44)) - raft.server.log.queue.element-limit = 4096 (default)
2021-08-10 07:21:00,003 [pool-87-thread-1] INFO  server.RaftServerConfigKeys (ConfUtils.java:logGet(44)) - raft.server.log.segment.size.max = 4194304 (custom)
2021-08-10 07:21:00,003 [pool-87-thread-1] INFO  server.RaftServerConfigKeys (ConfUtils.java:logGet(44)) - raft.server.log.preallocated.size = 4194304 (custom)
2021-08-10 07:21:00,003 [pool-87-thread-1] INFO  server.RaftServerConfigKeys (ConfUtils.java:logGet(44)) - raft.server.log.force.sync.num = 128 (default)
2021-08-10 07:21:00,003 [pool-87-thread-1] INFO  server.RaftServerConfigKeys (ConfUtils.java:logGet(44)) - raft.server.log.statemachine.data.sync = true (default)
2021-08-10 07:21:00,003 [pool-87-thread-1] INFO  server.RaftServerConfigKeys (ConfUtils.java:logGet(44)) - raft.server.log.statemachine.data.sync.timeout = 10s (default)
2021-08-10 07:21:00,003 [pool-87-thread-1] INFO  server.RaftServerConfigKeys (ConfUtils.java:logGet(44)) - raft.server.log.statemachine.data.sync.timeout.retry = -1 (default)
2021-08-10 07:21:00,004 [pool-87-thread-1] INFO  server.RaftServerConfigKeys (ConfUtils.java:logGet(44)) - raft.server.log.write.buffer.size = 64KB (=65536) (default)
2021-08-10 07:21:00,005 [pool-87-thread-1] INFO  server.RaftServerConfigKeys (ConfUtils.java:logGet(44)) - raft.server.log.statemachine.data.caching.enabled = false (default)
2021-08-10 07:21:00,005 [pool-87-thread-1] INFO  segmented.SegmentedRaftLogWorker (SegmentedRaftLogWorker.java:lambda$new$0(133)) - omNode-3@group-33FC8B15A7E9-SegmentedRaftLogWorker: flushIndex: setUnconditionally 0 -> -1
2021-08-10 07:21:00,005 [pool-87-thread-1] INFO  segmented.SegmentedRaftLogWorker (SegmentedRaftLogWorker.java:lambda$new$0(133)) - omNode-3@group-33FC8B15A7E9-SegmentedRaftLogWorker: safeCacheEvictIndex: setUnconditionally 0 -> -1
2021-08-10 07:21:00,007 [Listener at 127.0.0.1/10892] INFO  om.OzoneManager (OzoneManager.java:initFSOLayout(4290)) - Configured ozone.om.metadata.layout=SIMPLE and disabled optimized OM FS operations
2021-08-10 07:21:00,008 [Listener at 127.0.0.1/10892] INFO  impl.MetricsSystemImpl (MetricsSystemImpl.java:init(158)) - OzoneManager metrics system started (again)
2021-08-10 07:21:00,015 [pool-87-thread-1] INFO  server.RaftServerConfigKeys (ConfUtils.java:logGet(44)) - raft.server.snapshot.auto.trigger.enabled = true (custom)
2021-08-10 07:21:00,015 [pool-87-thread-1] INFO  server.RaftServerConfigKeys (ConfUtils.java:logGet(44)) - raft.server.snapshot.auto.trigger.threshold = 400000 (default)
2021-08-10 07:21:00,015 [pool-87-thread-1] INFO  server.RaftServerConfigKeys (ConfUtils.java:logGet(44)) - raft.server.snapshot.retention.file.num = -1 (default)
2021-08-10 07:21:00,015 [pool-87-thread-1] INFO  server.RaftServerConfigKeys (ConfUtils.java:logGet(44)) - raft.server.log.purge.upto.snapshot.index = true (custom)
2021-08-10 07:21:00,015 [pool-87-thread-1] INFO  server.RaftServerConfigKeys (ConfUtils.java:logGet(44)) - raft.server.retrycache.expirytime = 300s (custom)
2021-08-10 07:21:00,015 [pool-87-thread-1] INFO  server.RaftServerConfigKeys (ConfUtils.java:logGet(44)) - raft.server.retrycache.statistics.expirytime = 100μs (default)
2021-08-10 07:21:00,021 [Listener at 127.0.0.1/10892] INFO  om.OzoneManager (OzoneManager.java:start(1239)) - OzoneManager RPC server is listening at localhost/127.0.0.1:10892
2021-08-10 07:21:00,021 [Listener at 127.0.0.1/10892] INFO  ratis.OzoneManagerRatisServer (OzoneManagerRatisServer.java:start(516)) - Starting OzoneManagerRatisServer omNode-3 at port 10896
2021-08-10 07:21:00,021 [Listener at 127.0.0.1/10892] INFO  server.RaftServer$Division (RaftServerImpl.java:start(296)) - omNode-3@group-33FC8B15A7E9: start as a follower, conf=-1: [omNode-3|rpc:localhost:10896|priority:0, omNode-1|rpc:localhost:10884|priority:0, omNode-2|rpc:localhost:10890|priority:0], old=null
2021-08-10 07:21:00,021 [Listener at 127.0.0.1/10892] INFO  server.RaftServer$Division (RaftServerImpl.java:setRole(285)) - omNode-3@group-33FC8B15A7E9: changes role from      null to FOLLOWER at term 0 for startAsFollower
2021-08-10 07:21:00,021 [Listener at 127.0.0.1/10892] INFO  impl.RoleInfo (RoleInfo.java:updateAndGet(130)) - omNode-3: start omNode-3@group-33FC8B15A7E9-FollowerState
2021-08-10 07:21:00,022 [Listener at 127.0.0.1/10892] INFO  util.JmxRegister (JmxRegister.java:tryRegister(44)) - Successfully registered JMX Bean with object name Ratis:service=RaftServer,group=group-33FC8B15A7E9,id=omNode-3
2021-08-10 07:21:00,030 [Listener at 127.0.0.1/10892] INFO  server.RaftServer (RaftServerProxy.java:lambda$start$5(374)) - omNode-3: start RPC server
2021-08-10 07:21:00,032 [Listener at 127.0.0.1/10892] INFO  server.GrpcService (GrpcService.java:startImpl(253)) - omNode-3: GrpcService started, listening on 10896
2021-08-10 07:21:00,032 [Listener at 127.0.0.1/10892] INFO  om.OzoneManager (OzoneManager.java:start(1257)) - Version File has different layout version (0) than OM DB (null). That is expected if this OM has never been finalized to a newer layout version.
2021-08-10 07:21:00,032 [org.apache.ratis.util.JvmPauseMonitor$$Lambda$430/506160180@4ac4cebf] INFO  util.JvmPauseMonitor (JvmPauseMonitor.java:run(103)) - JvmPauseMonitor-omNode-3: Started
2021-08-10 07:21:00,034 [Listener at 127.0.0.1/10892] INFO  http.BaseHttpServer (BaseHttpServer.java:newHttpServer2BuilderForOzone(209)) - Starting Web-server for ozoneManager at: http://0.0.0.0:10894
2021-08-10 07:21:00,034 [Listener at 127.0.0.1/10892] INFO  http.BaseHttpServer (BaseHttpServer.java:<init>(107)) - Hadoop Security Enabled: false Ozone Security Enabled: false Ozone HTTP Security Enabled: false 
2021-08-10 07:21:00,035 [Listener at 127.0.0.1/10892] INFO  server.AuthenticationFilter (AuthenticationFilter.java:constructSecretProvider(240)) - Unable to initialize FileSignerSecretProvider, falling back to use random secrets.
2021-08-10 07:21:00,035 [Listener at 127.0.0.1/10892] WARN  http.HttpRequestLog (HttpRequestLog.java:getRequestLog(103)) - Jetty request log can only be enabled using Log4j
2021-08-10 07:21:00,036 [Listener at 127.0.0.1/10892] INFO  http.HttpServer2 (HttpServer2.java:addGlobalFilter(1020)) - Added global filter 'safety' (class=org.apache.hadoop.hdds.server.http.HttpServer2$QuotingInputFilter)
2021-08-10 07:21:00,037 [Listener at 127.0.0.1/10892] INFO  http.HttpServer2 (HttpServer2.java:addFilter(996)) - Added filter static_user_filter (class=org.apache.hadoop.http.lib.StaticUserWebFilter$StaticUserFilter) to context ozoneManager
2021-08-10 07:21:00,037 [Listener at 127.0.0.1/10892] INFO  http.HttpServer2 (HttpServer2.java:addFilter(1004)) - Added filter static_user_filter (class=org.apache.hadoop.http.lib.StaticUserWebFilter$StaticUserFilter) to context static
2021-08-10 07:21:00,037 [Listener at 127.0.0.1/10892] INFO  http.HttpServer2 (HttpServer2.java:addFilter(1004)) - Added filter static_user_filter (class=org.apache.hadoop.http.lib.StaticUserWebFilter$StaticUserFilter) to context logs
2021-08-10 07:21:00,038 [Listener at 127.0.0.1/10892] INFO  http.HttpServer2 (HttpServer2.java:bindListener(1239)) - Jetty bound to port 10894
2021-08-10 07:21:00,038 [Listener at 127.0.0.1/10892] INFO  server.Server (Server.java:doStart(375)) - jetty-9.4.43.v20210629; built: 2021-06-30T11:07:22.254Z; git: 526006ecfa3af7f1a27ef3a288e2bef7ea9dd7e8; jvm 1.8.0_292-b10
2021-08-10 07:21:00,040 [Listener at 127.0.0.1/10892] INFO  server.session (DefaultSessionIdManager.java:doStart(334)) - DefaultSessionIdManager workerName=node0
2021-08-10 07:21:00,041 [Listener at 127.0.0.1/10892] INFO  server.session (DefaultSessionIdManager.java:doStart(339)) - No SessionScavenger set, using defaults
2021-08-10 07:21:00,041 [Listener at 127.0.0.1/10892] INFO  server.session (HouseKeeper.java:startScavenging(132)) - node0 Scavenging every 600000ms
2021-08-10 07:21:00,042 [Listener at 127.0.0.1/10892] INFO  handler.ContextHandler (ContextHandler.java:doStart(915)) - Started o.e.j.s.ServletContextHandler@6073b9e2{logs,/logs,file:///home/runner/work/ozone/ozone/hadoop-ozone/integration-test/target/log,AVAILABLE}
2021-08-10 07:21:00,042 [Listener at 127.0.0.1/10892] INFO  handler.ContextHandler (ContextHandler.java:doStart(915)) - Started o.e.j.s.ServletContextHandler@601a3f1a{static,/static,file:///home/runner/work/ozone/ozone/hadoop-ozone/integration-test/target/test-classes/webapps/static,AVAILABLE}
2021-08-10 07:21:00,046 [Listener at 127.0.0.1/10892] INFO  handler.ContextHandler (ContextHandler.java:doStart(915)) - Started o.e.j.w.WebAppContext@21c9029f{ozoneManager,/,file:///home/runner/work/ozone/ozone/hadoop-ozone/integration-test/target/test-classes/webapps/ozoneManager/,AVAILABLE}{file:/home/runner/work/ozone/ozone/hadoop-ozone/integration-test/target/test-classes/webapps/ozoneManager}
2021-08-10 07:21:00,047 [Listener at 127.0.0.1/10892] INFO  server.AbstractConnector (AbstractConnector.java:doStart(331)) - Started ServerConnector@6ee68d82{HTTP/1.1, (http/1.1)}{0.0.0.0:10894}
2021-08-10 07:21:00,047 [Listener at 127.0.0.1/10892] INFO  server.Server (Server.java:doStart(415)) - Started @16594ms
2021-08-10 07:21:00,047 [Listener at 127.0.0.1/10892] WARN  impl.MetricsSystemImpl (MetricsSystemImpl.java:register(279)) - Sink prometheus already exists!
2021-08-10 07:21:00,048 [Listener at 127.0.0.1/10892] INFO  http.BaseHttpServer (BaseHttpServer.java:updateConnectorAddress(329)) - HTTP server of ozoneManager listening at http://0.0.0.0:10894
2021-08-10 07:21:00,048 [IPC Server Responder] INFO  ipc.Server (Server.java:run(1507)) - IPC Server Responder: starting
2021-08-10 07:21:00,048 [IPC Server listener on 10892] INFO  ipc.Server (Server.java:run(1344)) - IPC Server listener on 10892: starting
2021-08-10 07:21:00,055 [Listener at 127.0.0.1/10892] INFO  om.OzoneManager (OzoneManager.java:startTrashEmptier(1500)) - Trash Interval set to 0. Files deleted will not move to trash
2021-08-10 07:21:00,056 [Listener at 127.0.0.1/10892] INFO  ozone.MiniOzoneHAClusterImpl (MiniOzoneHAClusterImpl.java:createOMService(484)) - Started OzoneManager omNode-3 RPC server at localhost/127.0.0.1:10892
2021-08-10 07:21:00,067 [org.apache.hadoop.util.JvmPauseMonitor$Monitor@66c4b58a] INFO  util.JvmPauseMonitor (JvmPauseMonitor.java:run(188)) - Starting JVM pause monitor
2021-08-10 07:21:00,358 [Listener at 127.0.0.1/10892] WARN  impl.MetricRegistriesImpl (MetricRegistriesImpl.java:addReporterRegistration(111)) - New reporters are added after registries were created. Some metrics will be missing from the reporter. Please add reporter before adding any new registry.
2021-08-10 07:21:00,359 [Listener at 127.0.0.1/10892] WARN  impl.MetricRegistriesImpl (MetricRegistriesImpl.java:addReporterRegistration(111)) - New reporters are added after registries were created. Some metrics will be missing from the reporter. Please add reporter before adding any new registry.
2021-08-10 07:21:00,359 [Listener at 127.0.0.1/10892] INFO  impl.MetricsSystemImpl (MetricsSystemImpl.java:init(158)) - HddsDatanode metrics system started (again)
2021-08-10 07:21:00,376 [Listener at 127.0.0.1/10892] INFO  ozone.HddsDatanodeService (HddsDatanodeService.java:start(234)) - HddsDatanodeService host:fv-az12-876.exdb2aeach2ezidoxz41lk3bwg.cx.internal.cloudapp.net ip:10.1.0.46
2021-08-10 07:21:00,403 [Listener at 127.0.0.1/10892] INFO  upgrade.AbstractLayoutVersionManager (AbstractLayoutVersionManager.java:init(70)) - Initializing Layout version manager with metadata layout = SCM_HA (version = 2), software layout = SCM_HA (version = 2)
2021-08-10 07:21:00,460 [Listener at 127.0.0.1/10892] INFO  reflections.Reflections (Reflections.java:scan(232)) - Reflections took 56 ms to scan 7 urls, producing 120 keys and 275 values 
2021-08-10 07:21:00,467 [Listener at 127.0.0.1/10892] INFO  ha.SCMNodeInfo (SCMNodeInfo.java:getPort(197)) - ConfigKey ozone.scm.client.address is deprecated, For configuring different ports for each SCM use PortConfigKey ozone.scm.client.port appended with serviceId and nodeId
2021-08-10 07:21:00,467 [Listener at 127.0.0.1/10892] INFO  ha.SCMNodeInfo (SCMNodeInfo.java:getPort(197)) - ConfigKey ozone.scm.block.client.address is deprecated, For configuring different ports for each SCM use PortConfigKey ozone.scm.block.client.port appended with serviceId and nodeId
2021-08-10 07:21:00,471 [Listener at 127.0.0.1/10892] INFO  ha.SCMNodeInfo (SCMNodeInfo.java:getPort(197)) - ConfigKey ozone.scm.datanode.address is deprecated, For configuring different ports for each SCM use PortConfigKey ozone.scm.datanode.port appended with serviceId and nodeId
2021-08-10 07:21:00,523 [Listener at 127.0.0.1/10892] INFO  volume.HddsVolume (HddsVolume.java:<init>(120)) - Creating HddsVolume: /home/runner/work/ozone/ozone/hadoop-ozone/integration-test/target/test-dir/MiniOzoneClusterImpl-c2709307-340b-4da9-b87e-bf8cdd64b120/datanode-0/data-0/containers/hdds of storage type : DISK capacity : 9223372036854775807
2021-08-10 07:21:00,525 [Listener at 127.0.0.1/10892] INFO  volume.MutableVolumeSet (MutableVolumeSet.java:initializeVolumeSet(181)) - Added Volume : /home/runner/work/ozone/ozone/hadoop-ozone/integration-test/target/test-dir/MiniOzoneClusterImpl-c2709307-340b-4da9-b87e-bf8cdd64b120/datanode-0/data-0/containers/hdds to VolumeSet
2021-08-10 07:21:00,526 [Listener at 127.0.0.1/10892] INFO  volume.ThrottledAsyncChecker (ThrottledAsyncChecker.java:schedule(141)) - Scheduling a check for /home/runner/work/ozone/ozone/hadoop-ozone/integration-test/target/test-dir/MiniOzoneClusterImpl-c2709307-340b-4da9-b87e-bf8cdd64b120/datanode-0/data-0/containers/hdds
2021-08-10 07:21:00,548 [Listener at 127.0.0.1/10892] INFO  volume.StorageVolumeChecker (StorageVolumeChecker.java:checkAllVolumes(202)) - Scheduled health check for volume /home/runner/work/ozone/ozone/hadoop-ozone/integration-test/target/test-dir/MiniOzoneClusterImpl-c2709307-340b-4da9-b87e-bf8cdd64b120/datanode-0/data-0/containers/hdds
2021-08-10 07:21:00,567 [Listener at 127.0.0.1/10892] INFO  volume.MutableVolumeSet (MutableVolumeSet.java:initializeVolumeSet(181)) - Added Volume : /home/runner/work/ozone/ozone/hadoop-ozone/integration-test/target/test-dir/MiniOzoneClusterImpl-c2709307-340b-4da9-b87e-bf8cdd64b120/datanode-0/data/ratis to VolumeSet
2021-08-10 07:21:00,568 [Listener at 127.0.0.1/10892] INFO  volume.ThrottledAsyncChecker (ThrottledAsyncChecker.java:schedule(141)) - Scheduling a check for /home/runner/work/ozone/ozone/hadoop-ozone/integration-test/target/test-dir/MiniOzoneClusterImpl-c2709307-340b-4da9-b87e-bf8cdd64b120/datanode-0/data/ratis
2021-08-10 07:21:00,568 [Listener at 127.0.0.1/10892] INFO  volume.StorageVolumeChecker (StorageVolumeChecker.java:checkAllVolumes(202)) - Scheduled health check for volume /home/runner/work/ozone/ozone/hadoop-ozone/integration-test/target/test-dir/MiniOzoneClusterImpl-c2709307-340b-4da9-b87e-bf8cdd64b120/datanode-0/data/ratis
2021-08-10 07:21:00,583 [Listener at 127.0.0.1/10892] INFO  ozoneimpl.ContainerReader (ContainerReader.java:<init>(98)) - Running in upgrade mode:true
2021-08-10 07:21:00,586 [omNode-1@group-33FC8B15A7E9-FollowerState] INFO  impl.FollowerState (FollowerState.java:run(134)) - omNode-1@group-33FC8B15A7E9-FollowerState: change to CANDIDATE, lastRpcElapsedTime:1139305002ns, electionTimeout:1136ms
2021-08-10 07:21:00,586 [omNode-1@group-33FC8B15A7E9-FollowerState] INFO  impl.RoleInfo (RoleInfo.java:shutdownFollowerState(108)) - omNode-1: shutdown omNode-1@group-33FC8B15A7E9-FollowerState
2021-08-10 07:21:00,586 [omNode-1@group-33FC8B15A7E9-FollowerState] INFO  server.RaftServer$Division (RaftServerImpl.java:setRole(285)) - omNode-1@group-33FC8B15A7E9: changes role from  FOLLOWER to CANDIDATE at term 0 for changeToCandidate
2021-08-10 07:21:00,586 [omNode-1@group-33FC8B15A7E9-FollowerState] INFO  server.RaftServerConfigKeys (ConfUtils.java:logGet(44)) - raft.server.leaderelection.pre-vote = false (custom)
2021-08-10 07:21:00,586 [omNode-1@group-33FC8B15A7E9-FollowerState] INFO  impl.RoleInfo (RoleInfo.java:updateAndGet(130)) - omNode-1: start omNode-1@group-33FC8B15A7E9-LeaderElection3
2021-08-10 07:21:00,600 [Thread-462] INFO  ozoneimpl.ContainerReader (ContainerReader.java:readVolume(142)) - Start to verify containers on volume /home/runner/work/ozone/ozone/hadoop-ozone/integration-test/target/test-dir/MiniOzoneClusterImpl-c2709307-340b-4da9-b87e-bf8cdd64b120/datanode-0/data-0/containers/hdds
2021-08-10 07:21:00,600 [Thread-462] INFO  ozoneimpl.ContainerReader (ContainerReader.java:readVolume(174)) - Finish verifying containers on volume /home/runner/work/ozone/ozone/hadoop-ozone/integration-test/target/test-dir/MiniOzoneClusterImpl-c2709307-340b-4da9-b87e-bf8cdd64b120/datanode-0/data-0/containers/hdds
2021-08-10 07:21:00,601 [Listener at 127.0.0.1/10892] INFO  ozoneimpl.OzoneContainer (OzoneContainer.java:buildContainerSet(237)) - Build ContainerSet costs 0s
2021-08-10 07:21:00,603 [omNode-1@group-33FC8B15A7E9-LeaderElection3] INFO  impl.LeaderElection (LeaderElection.java:askForVotes(306)) - omNode-1@group-33FC8B15A7E9-LeaderElection3 ELECTION round 0: submit vote requests at term 1 for -1: [omNode-3|rpc:localhost:10896|priority:0, omNode-1|rpc:localhost:10884|priority:0, omNode-2|rpc:localhost:10890|priority:0], old=null
2021-08-10 07:21:00,695 [Listener at 127.0.0.1/10892] INFO  server.RaftServer (ConfUtils.java:logGet(44)) - raft.rpc.type = GRPC (default)
2021-08-10 07:21:00,699 [Listener at 127.0.0.1/10892] INFO  grpc.GrpcFactory (GrpcFactory.java:checkPooledByteBufAllocatorUseCacheForAllThreads(48)) - PERFORMANCE WARNING: useCacheForAllThreads is true that may cause Netty to create a lot garbage objects and, as a result, trigger GC.
	It is recommended to disable useCacheForAllThreads by setting -Dorg.apache.ratis.thirdparty.io.netty.allocator.useCacheForAllThreads=false in command line.
2021-08-10 07:21:00,699 [Listener at 127.0.0.1/10892] INFO  grpc.GrpcConfigKeys (ConfUtils.java:logGet(44)) - raft.grpc.admin.port = 0 (custom)
2021-08-10 07:21:00,699 [Listener at 127.0.0.1/10892] INFO  grpc.GrpcConfigKeys (ConfUtils.java:logGet(44)) - raft.grpc.client.port = 0 (custom)
2021-08-10 07:21:00,700 [Listener at 127.0.0.1/10892] INFO  grpc.GrpcConfigKeys (ConfUtils.java:logGet(44)) - raft.grpc.server.port = 0 (default)
2021-08-10 07:21:00,700 [Listener at 127.0.0.1/10892] INFO  server.GrpcService (ConfUtils.java:logGet(44)) - raft.grpc.message.size.max = 32MB (=33554432) (custom)
2021-08-10 07:21:00,700 [Listener at 127.0.0.1/10892] INFO  server.RaftServerConfigKeys (ConfUtils.java:logGet(44)) - raft.server.log.appender.buffer.byte-limit = 33554432 (custom)
2021-08-10 07:21:00,700 [Listener at 127.0.0.1/10892] INFO  server.GrpcService (ConfUtils.java:logGet(44)) - raft.grpc.flow.control.window = 5MB (=5242880) (custom)
2021-08-10 07:21:00,701 [Listener at 127.0.0.1/10892] INFO  server.RaftServerConfigKeys (ConfUtils.java:logGet(44)) - raft.server.rpc.request.timeout = 60s (custom)
2021-08-10 07:21:00,702 [Listener at 127.0.0.1/10892] INFO  impl.DataStreamServerImpl (ConfUtils.java:logGet(44)) - raft.datastream.type = DISABLED (default)
2021-08-10 07:21:00,703 [Listener at 127.0.0.1/10892] INFO  server.RaftServerConfigKeys (ConfUtils.java:logGet(44)) - raft.server.rpc.slowness.timeout = 300s (custom)
2021-08-10 07:21:00,703 [Listener at 127.0.0.1/10892] INFO  server.RaftServerConfigKeys (ConfUtils.java:logGet(44)) - raft.server.leaderelection.leader.step-down.wait-time = 10s (default)
2021-08-10 07:21:00,703 [Listener at 127.0.0.1/10892] INFO  server.RaftServerConfigKeys (ConfUtils.java:logGet(44)) - raft.server.storage.dir = [/home/runner/work/ozone/ozone/hadoop-ozone/integration-test/target/test-dir/MiniOzoneClusterImpl-c2709307-340b-4da9-b87e-bf8cdd64b120/datanode-0/data/ratis] (custom)
2021-08-10 07:21:00,811 [Listener at 127.0.0.1/10892] INFO  http.BaseHttpServer (BaseHttpServer.java:newHttpServer2BuilderForOzone(209)) - Starting Web-server for hddsDatanode at: http://0.0.0.0:0
2021-08-10 07:21:00,811 [Listener at 127.0.0.1/10892] INFO  http.BaseHttpServer (BaseHttpServer.java:<init>(107)) - Hadoop Security Enabled: false Ozone Security Enabled: false Ozone HTTP Security Enabled: false 
2021-08-10 07:21:00,813 [Listener at 127.0.0.1/10892] INFO  server.AuthenticationFilter (AuthenticationFilter.java:constructSecretProvider(240)) - Unable to initialize FileSignerSecretProvider, falling back to use random secrets.
2021-08-10 07:21:00,819 [Listener at 127.0.0.1/10892] WARN  http.HttpRequestLog (HttpRequestLog.java:getRequestLog(103)) - Jetty request log can only be enabled using Log4j
2021-08-10 07:21:00,820 [Listener at 127.0.0.1/10892] INFO  http.HttpServer2 (HttpServer2.java:addGlobalFilter(1020)) - Added global filter 'safety' (class=org.apache.hadoop.hdds.server.http.HttpServer2$QuotingInputFilter)
2021-08-10 07:21:00,821 [Listener at 127.0.0.1/10892] INFO  http.HttpServer2 (HttpServer2.java:addFilter(996)) - Added filter static_user_filter (class=org.apache.hadoop.http.lib.StaticUserWebFilter$StaticUserFilter) to context hddsDatanode
2021-08-10 07:21:00,821 [Listener at 127.0.0.1/10892] INFO  http.HttpServer2 (HttpServer2.java:addFilter(1004)) - Added filter static_user_filter (class=org.apache.hadoop.http.lib.StaticUserWebFilter$StaticUserFilter) to context logs
2021-08-10 07:21:00,821 [Listener at 127.0.0.1/10892] INFO  http.HttpServer2 (HttpServer2.java:addFilter(1004)) - Added filter static_user_filter (class=org.apache.hadoop.http.lib.StaticUserWebFilter$StaticUserFilter) to context static
2021-08-10 07:21:00,822 [Listener at 127.0.0.1/10892] INFO  http.HttpServer2 (HttpServer2.java:bindListener(1239)) - Jetty bound to port 44717
2021-08-10 07:21:00,822 [Listener at 127.0.0.1/10892] INFO  server.Server (Server.java:doStart(375)) - jetty-9.4.43.v20210629; built: 2021-06-30T11:07:22.254Z; git: 526006ecfa3af7f1a27ef3a288e2bef7ea9dd7e8; jvm 1.8.0_292-b10
2021-08-10 07:21:00,839 [Listener at 127.0.0.1/10892] INFO  server.session (DefaultSessionIdManager.java:doStart(334)) - DefaultSessionIdManager workerName=node0
2021-08-10 07:21:00,840 [Listener at 127.0.0.1/10892] INFO  server.session (DefaultSessionIdManager.java:doStart(339)) - No SessionScavenger set, using defaults
2021-08-10 07:21:00,842 [Listener at 127.0.0.1/10892] INFO  server.session (HouseKeeper.java:startScavenging(132)) - node0 Scavenging every 600000ms
2021-08-10 07:21:00,843 [Listener at 127.0.0.1/10892] INFO  handler.ContextHandler (ContextHandler.java:doStart(915)) - Started o.e.j.s.ServletContextHandler@4c5632d5{logs,/logs,file:///home/runner/work/ozone/ozone/hadoop-ozone/integration-test/target/log,AVAILABLE}
2021-08-10 07:21:00,844 [Listener at 127.0.0.1/10892] INFO  handler.ContextHandler (ContextHandler.java:doStart(915)) - Started o.e.j.s.ServletContextHandler@665d89e{static,/static,jar:file:/home/runner/.m2/repository/org/apache/ozone/hdds-container-service/1.2.0-SNAPSHOT/hdds-container-service-1.2.0-SNAPSHOT.jar!/webapps/static,AVAILABLE}
2021-08-10 07:21:00,899 [omNode-2@group-33FC8B15A7E9-FollowerState] INFO  impl.FollowerState (FollowerState.java:run(134)) - omNode-2@group-33FC8B15A7E9-FollowerState: change to CANDIDATE, lastRpcElapsedTime:1155989026ns, electionTimeout:1155ms
2021-08-10 07:21:00,899 [omNode-2@group-33FC8B15A7E9-FollowerState] INFO  impl.RoleInfo (RoleInfo.java:shutdownFollowerState(108)) - omNode-2: shutdown omNode-2@group-33FC8B15A7E9-FollowerState
2021-08-10 07:21:00,899 [omNode-2@group-33FC8B15A7E9-FollowerState] INFO  server.RaftServer$Division (RaftServerImpl.java:setRole(285)) - omNode-2@group-33FC8B15A7E9: changes role from  FOLLOWER to CANDIDATE at term 0 for changeToCandidate
2021-08-10 07:21:00,899 [omNode-2@group-33FC8B15A7E9-FollowerState] INFO  server.RaftServerConfigKeys (ConfUtils.java:logGet(44)) - raft.server.leaderelection.pre-vote = false (custom)
2021-08-10 07:21:00,899 [omNode-2@group-33FC8B15A7E9-FollowerState] INFO  impl.RoleInfo (RoleInfo.java:updateAndGet(130)) - omNode-2: start omNode-2@group-33FC8B15A7E9-LeaderElection4
2021-08-10 07:21:00,923 [omNode-2@group-33FC8B15A7E9-LeaderElection4] INFO  impl.LeaderElection (LeaderElection.java:askForVotes(306)) - omNode-2@group-33FC8B15A7E9-LeaderElection4 ELECTION round 0: submit vote requests at term 1 for -1: [omNode-3|rpc:localhost:10896|priority:0, omNode-1|rpc:localhost:10884|priority:0, omNode-2|rpc:localhost:10890|priority:0], old=null
2021-08-10 07:21:00,973 [Listener at 127.0.0.1/10892] INFO  handler.ContextHandler (ContextHandler.java:doStart(915)) - Started o.e.j.w.WebAppContext@52b0b5ac{hddsDatanode,/,file:///tmp/jetty-0_0_0_0-44717-hdds-container-service-1_2_0-SNAPSHOT_jar-_-any-5188565667087877674/webapp/,AVAILABLE}{jar:file:/home/runner/.m2/repository/org/apache/ozone/hdds-container-service/1.2.0-SNAPSHOT/hdds-container-service-1.2.0-SNAPSHOT.jar!/webapps/hddsDatanode}
2021-08-10 07:21:00,974 [Listener at 127.0.0.1/10892] INFO  server.AbstractConnector (AbstractConnector.java:doStart(331)) - Started ServerConnector@50274287{HTTP/1.1, (http/1.1)}{0.0.0.0:44717}
2021-08-10 07:21:00,975 [Listener at 127.0.0.1/10892] INFO  server.Server (Server.java:doStart(415)) - Started @17521ms
2021-08-10 07:21:00,975 [Listener at 127.0.0.1/10892] WARN  impl.MetricsSystemImpl (MetricsSystemImpl.java:register(279)) - Sink prometheus already exists!
2021-08-10 07:21:00,976 [Listener at 127.0.0.1/10892] INFO  http.BaseHttpServer (BaseHttpServer.java:updateConnectorAddress(329)) - HTTP server of hddsDatanode listening at http://0.0.0.0:44717
2021-08-10 07:21:00,990 [Listener at 127.0.0.1/10892] WARN  impl.MetricRegistriesImpl (MetricRegistriesImpl.java:addReporterRegistration(111)) - New reporters are added after registries were created. Some metrics will be missing from the reporter. Please add reporter before adding any new registry.
2021-08-10 07:21:00,990 [Listener at 127.0.0.1/10892] WARN  impl.MetricRegistriesImpl (MetricRegistriesImpl.java:addReporterRegistration(111)) - New reporters are added after registries were created. Some metrics will be missing from the reporter. Please add reporter before adding any new registry.
2021-08-10 07:21:00,990 [Listener at 127.0.0.1/10892] INFO  impl.MetricsSystemImpl (MetricsSystemImpl.java:init(158)) - HddsDatanode metrics system started (again)
2021-08-10 07:21:01,016 [org.apache.hadoop.util.JvmPauseMonitor$Monitor@55ba10f7] INFO  util.JvmPauseMonitor (JvmPauseMonitor.java:run(188)) - Starting JVM pause monitor
2021-08-10 07:21:01,016 [Datanode State Machine Task Thread - 0] INFO  ha.SCMNodeInfo (SCMNodeInfo.java:getPort(197)) - ConfigKey ozone.scm.client.address is deprecated, For configuring different ports for each SCM use PortConfigKey ozone.scm.client.port appended with serviceId and nodeId
2021-08-10 07:21:01,017 [Datanode State Machine Task Thread - 0] INFO  ha.SCMNodeInfo (SCMNodeInfo.java:getPort(197)) - ConfigKey ozone.scm.block.client.address is deprecated, For configuring different ports for each SCM use PortConfigKey ozone.scm.block.client.port appended with serviceId and nodeId
2021-08-10 07:21:01,017 [Datanode State Machine Task Thread - 0] INFO  ha.SCMNodeInfo (SCMNodeInfo.java:getPort(197)) - ConfigKey ozone.scm.datanode.address is deprecated, For configuring different ports for each SCM use PortConfigKey ozone.scm.datanode.port appended with serviceId and nodeId
2021-08-10 07:21:01,043 [Listener at 127.0.0.1/10892] INFO  ozone.HddsDatanodeService (HddsDatanodeService.java:start(234)) - HddsDatanodeService host:fv-az12-876.exdb2aeach2ezidoxz41lk3bwg.cx.internal.cloudapp.net ip:10.1.0.46
2021-08-10 07:21:01,054 [omNode-3@group-33FC8B15A7E9-FollowerState] INFO  impl.FollowerState (FollowerState.java:run(134)) - omNode-3@group-33FC8B15A7E9-FollowerState: change to CANDIDATE, lastRpcElapsedTime:1032600905ns, electionTimeout:1022ms
2021-08-10 07:21:01,055 [omNode-3@group-33FC8B15A7E9-FollowerState] INFO  impl.RoleInfo (RoleInfo.java:shutdownFollowerState(108)) - omNode-3: shutdown omNode-3@group-33FC8B15A7E9-FollowerState
2021-08-10 07:21:01,055 [omNode-3@group-33FC8B15A7E9-FollowerState] INFO  server.RaftServer$Division (RaftServerImpl.java:setRole(285)) - omNode-3@group-33FC8B15A7E9: changes role from  FOLLOWER to CANDIDATE at term 0 for changeToCandidate
2021-08-10 07:21:01,055 [omNode-3@group-33FC8B15A7E9-FollowerState] INFO  server.RaftServerConfigKeys (ConfUtils.java:logGet(44)) - raft.server.leaderelection.pre-vote = false (custom)
2021-08-10 07:21:01,055 [omNode-3@group-33FC8B15A7E9-FollowerState] INFO  impl.RoleInfo (RoleInfo.java:updateAndGet(130)) - omNode-3: start omNode-3@group-33FC8B15A7E9-LeaderElection5
2021-08-10 07:21:01,077 [omNode-3@group-33FC8B15A7E9-LeaderElection5] INFO  impl.LeaderElection (LeaderElection.java:askForVotes(306)) - omNode-3@group-33FC8B15A7E9-LeaderElection5 ELECTION round 0: submit vote requests at term 1 for -1: [omNode-3|rpc:localhost:10896|priority:0, omNode-1|rpc:localhost:10884|priority:0, omNode-2|rpc:localhost:10890|priority:0], old=null
2021-08-10 07:21:01,087 [Listener at 127.0.0.1/10892] INFO  upgrade.AbstractLayoutVersionManager (AbstractLayoutVersionManager.java:init(70)) - Initializing Layout version manager with metadata layout = SCM_HA (version = 2), software layout = SCM_HA (version = 2)
2021-08-10 07:21:01,125 [grpc-default-executor-1] INFO  server.RaftServer$Division (RaftServerImpl.java:requestVote(1043)) - omNode-1@group-33FC8B15A7E9: receive requestVote(ELECTION, omNode-2, group-33FC8B15A7E9, 1, (t:0, i:~))
2021-08-10 07:21:01,130 [grpc-default-executor-2] INFO  server.RaftServer$Division (RaftServerImpl.java:requestVote(1043)) - omNode-3@group-33FC8B15A7E9: receive requestVote(ELECTION, omNode-1, group-33FC8B15A7E9, 1, (t:0, i:~))
2021-08-10 07:21:01,131 [grpc-default-executor-1] INFO  impl.VoteContext (VoteContext.java:log(48)) - omNode-1@group-33FC8B15A7E9-CANDIDATE: reject ELECTION from omNode-2: already has voted for omNode-1 at current term 1
2021-08-10 07:21:01,140 [grpc-default-executor-1] INFO  server.RaftServer$Division (RaftServerImpl.java:requestVote(1075)) - omNode-1@group-33FC8B15A7E9 replies to ELECTION vote request: omNode-2<-omNode-1#0:FAIL-t1. Peer's state: omNode-1@group-33FC8B15A7E9:t1, leader=null, voted=omNode-1, raftlog=omNode-1@group-33FC8B15A7E9-SegmentedRaftLog:OPENED:c-1,f-1,i0, conf=-1: [omNode-3|rpc:localhost:10896|priority:0, omNode-1|rpc:localhost:10884|priority:0, omNode-2|rpc:localhost:10890|priority:0], old=null
2021-08-10 07:21:01,131 [grpc-default-executor-2] INFO  impl.VoteContext (VoteContext.java:log(48)) - omNode-3@group-33FC8B15A7E9-CANDIDATE: reject ELECTION from omNode-1: already has voted for omNode-3 at current term 1
2021-08-10 07:21:01,156 [grpc-default-executor-2] INFO  server.RaftServer$Division (RaftServerImpl.java:requestVote(1075)) - omNode-3@group-33FC8B15A7E9 replies to ELECTION vote request: omNode-1<-omNode-3#0:FAIL-t1. Peer's state: omNode-3@group-33FC8B15A7E9:t1, leader=null, voted=omNode-3, raftlog=omNode-3@group-33FC8B15A7E9-SegmentedRaftLog:OPENED:c-1,f-1,i0, conf=-1: [omNode-3|rpc:localhost:10896|priority:0, omNode-1|rpc:localhost:10884|priority:0, omNode-2|rpc:localhost:10890|priority:0], old=null
2021-08-10 07:21:01,156 [grpc-default-executor-0] INFO  server.RaftServer$Division (RaftServerImpl.java:requestVote(1043)) - omNode-3@group-33FC8B15A7E9: receive requestVote(ELECTION, omNode-2, group-33FC8B15A7E9, 1, (t:0, i:~))
2021-08-10 07:21:01,156 [grpc-default-executor-0] INFO  impl.VoteContext (VoteContext.java:log(48)) - omNode-3@group-33FC8B15A7E9-CANDIDATE: reject ELECTION from omNode-2: already has voted for omNode-3 at current term 1
2021-08-10 07:21:01,156 [grpc-default-executor-0] INFO  server.RaftServer$Division (RaftServerImpl.java:requestVote(1075)) - omNode-3@group-33FC8B15A7E9 replies to ELECTION vote request: omNode-2<-omNode-3#0:FAIL-t1. Peer's state: omNode-3@group-33FC8B15A7E9:t1, leader=null, voted=omNode-3, raftlog=omNode-3@group-33FC8B15A7E9-SegmentedRaftLog:OPENED:c-1,f-1,i0, conf=-1: [omNode-3|rpc:localhost:10896|priority:0, omNode-1|rpc:localhost:10884|priority:0, omNode-2|rpc:localhost:10890|priority:0], old=null
2021-08-10 07:21:01,161 [grpc-default-executor-4] INFO  server.RaftServer$Division (RaftServerImpl.java:requestVote(1043)) - omNode-2@group-33FC8B15A7E9: receive requestVote(ELECTION, omNode-1, group-33FC8B15A7E9, 1, (t:0, i:~))
2021-08-10 07:21:01,161 [grpc-default-executor-4] INFO  impl.VoteContext (VoteContext.java:log(48)) - omNode-2@group-33FC8B15A7E9-CANDIDATE: reject ELECTION from omNode-1: already has voted for omNode-2 at current term 1
2021-08-10 07:21:01,161 [grpc-default-executor-4] INFO  server.RaftServer$Division (RaftServerImpl.java:requestVote(1075)) - omNode-2@group-33FC8B15A7E9 replies to ELECTION vote request: omNode-1<-omNode-2#0:FAIL-t1. Peer's state: omNode-2@group-33FC8B15A7E9:t1, leader=null, voted=omNode-2, raftlog=omNode-2@group-33FC8B15A7E9-SegmentedRaftLog:OPENED:c-1,f-1,i0, conf=-1: [omNode-3|rpc:localhost:10896|priority:0, omNode-1|rpc:localhost:10884|priority:0, omNode-2|rpc:localhost:10890|priority:0], old=null
2021-08-10 07:21:01,181 [Listener at 127.0.0.1/10892] INFO  reflections.Reflections (Reflections.java:scan(232)) - Reflections took 93 ms to scan 7 urls, producing 120 keys and 275 values 
2021-08-10 07:21:01,183 [Listener at 127.0.0.1/10892] INFO  ha.SCMNodeInfo (SCMNodeInfo.java:getPort(197)) - ConfigKey ozone.scm.client.address is deprecated, For configuring different ports for each SCM use PortConfigKey ozone.scm.client.port appended with serviceId and nodeId
2021-08-10 07:21:01,183 [Listener at 127.0.0.1/10892] INFO  ha.SCMNodeInfo (SCMNodeInfo.java:getPort(197)) - ConfigKey ozone.scm.block.client.address is deprecated, For configuring different ports for each SCM use PortConfigKey ozone.scm.block.client.port appended with serviceId and nodeId
2021-08-10 07:21:01,188 [Listener at 127.0.0.1/10892] INFO  ha.SCMNodeInfo (SCMNodeInfo.java:getPort(197)) - ConfigKey ozone.scm.datanode.address is deprecated, For configuring different ports for each SCM use PortConfigKey ozone.scm.datanode.port appended with serviceId and nodeId
2021-08-10 07:21:01,203 [omNode-2@group-33FC8B15A7E9-LeaderElection4] INFO  impl.LeaderElection (LeaderElection.java:logAndReturn(89)) - omNode-2@group-33FC8B15A7E9-LeaderElection4: ELECTION REJECTED received 2 response(s) and 0 exception(s):
2021-08-10 07:21:01,203 [omNode-2@group-33FC8B15A7E9-LeaderElection4] INFO  impl.LeaderElection (LeaderElection.java:logAndReturn(93)) -   Response 0: omNode-2<-omNode-3#0:FAIL-t1
2021-08-10 07:21:01,203 [omNode-2@group-33FC8B15A7E9-LeaderElection4] INFO  impl.LeaderElection (LeaderElection.java:logAndReturn(93)) -   Response 1: omNode-2<-omNode-1#0:FAIL-t1
2021-08-10 07:21:01,204 [omNode-2@group-33FC8B15A7E9-LeaderElection4] INFO  impl.LeaderElection (LeaderElection.java:askForVotes(308)) - omNode-2@group-33FC8B15A7E9-LeaderElection4 ELECTION round 0: result REJECTED
2021-08-10 07:21:01,204 [omNode-2@group-33FC8B15A7E9-LeaderElection4] INFO  server.RaftServer$Division (RaftServerImpl.java:setRole(285)) - omNode-2@group-33FC8B15A7E9: changes role from CANDIDATE to FOLLOWER at term 1 for REJECTED
2021-08-10 07:21:01,204 [omNode-2@group-33FC8B15A7E9-LeaderElection4] INFO  impl.RoleInfo (RoleInfo.java:shutdownLeaderElection(121)) - omNode-2: shutdown omNode-2@group-33FC8B15A7E9-LeaderElection4
2021-08-10 07:21:01,204 [omNode-2@group-33FC8B15A7E9-LeaderElection4] INFO  impl.RoleInfo (RoleInfo.java:updateAndGet(130)) - omNode-2: start omNode-2@group-33FC8B15A7E9-FollowerState
2021-08-10 07:21:01,206 [Listener at 127.0.0.1/10892] INFO  volume.HddsVolume (HddsVolume.java:<init>(120)) - Creating HddsVolume: /home/runner/work/ozone/ozone/hadoop-ozone/integration-test/target/test-dir/MiniOzoneClusterImpl-c2709307-340b-4da9-b87e-bf8cdd64b120/datanode-1/data-0/containers/hdds of storage type : DISK capacity : 9223372036854775807
2021-08-10 07:21:01,206 [Listener at 127.0.0.1/10892] INFO  volume.MutableVolumeSet (MutableVolumeSet.java:initializeVolumeSet(181)) - Added Volume : /home/runner/work/ozone/ozone/hadoop-ozone/integration-test/target/test-dir/MiniOzoneClusterImpl-c2709307-340b-4da9-b87e-bf8cdd64b120/datanode-1/data-0/containers/hdds to VolumeSet
2021-08-10 07:21:01,206 [Listener at 127.0.0.1/10892] INFO  volume.ThrottledAsyncChecker (ThrottledAsyncChecker.java:schedule(141)) - Scheduling a check for /home/runner/work/ozone/ozone/hadoop-ozone/integration-test/target/test-dir/MiniOzoneClusterImpl-c2709307-340b-4da9-b87e-bf8cdd64b120/datanode-1/data-0/containers/hdds
2021-08-10 07:21:01,215 [Listener at 127.0.0.1/10892] INFO  volume.StorageVolumeChecker (StorageVolumeChecker.java:checkAllVolumes(202)) - Scheduled health check for volume /home/runner/work/ozone/ozone/hadoop-ozone/integration-test/target/test-dir/MiniOzoneClusterImpl-c2709307-340b-4da9-b87e-bf8cdd64b120/datanode-1/data-0/containers/hdds
2021-08-10 07:21:01,221 [omNode-1@group-33FC8B15A7E9-LeaderElection3] INFO  impl.LeaderElection (LeaderElection.java:logAndReturn(89)) - omNode-1@group-33FC8B15A7E9-LeaderElection3: ELECTION REJECTED received 2 response(s) and 0 exception(s):
2021-08-10 07:21:01,221 [omNode-1@group-33FC8B15A7E9-LeaderElection3] INFO  impl.LeaderElection (LeaderElection.java:logAndReturn(93)) -   Response 0: omNode-1<-omNode-3#0:FAIL-t1
2021-08-10 07:21:01,221 [omNode-1@group-33FC8B15A7E9-LeaderElection3] INFO  impl.LeaderElection (LeaderElection.java:logAndReturn(93)) -   Response 1: omNode-1<-omNode-2#0:FAIL-t1
2021-08-10 07:21:01,221 [omNode-1@group-33FC8B15A7E9-LeaderElection3] INFO  impl.LeaderElection (LeaderElection.java:askForVotes(308)) - omNode-1@group-33FC8B15A7E9-LeaderElection3 ELECTION round 0: result REJECTED
2021-08-10 07:21:01,221 [omNode-1@group-33FC8B15A7E9-LeaderElection3] INFO  server.RaftServer$Division (RaftServerImpl.java:setRole(285)) - omNode-1@group-33FC8B15A7E9: changes role from CANDIDATE to FOLLOWER at term 1 for REJECTED
2021-08-10 07:21:01,221 [omNode-1@group-33FC8B15A7E9-LeaderElection3] INFO  impl.RoleInfo (RoleInfo.java:shutdownLeaderElection(121)) - omNode-1: shutdown omNode-1@group-33FC8B15A7E9-LeaderElection3
2021-08-10 07:21:01,221 [omNode-1@group-33FC8B15A7E9-LeaderElection3] INFO  impl.RoleInfo (RoleInfo.java:updateAndGet(130)) - omNode-1: start omNode-1@group-33FC8B15A7E9-FollowerState
2021-08-10 07:21:01,229 [grpc-default-executor-1] INFO  server.RaftServer$Division (RaftServerImpl.java:requestVote(1043)) - omNode-1@group-33FC8B15A7E9: receive requestVote(ELECTION, omNode-3, group-33FC8B15A7E9, 1, (t:0, i:~))
2021-08-10 07:21:01,229 [grpc-default-executor-1] INFO  impl.VoteContext (VoteContext.java:log(48)) - omNode-1@group-33FC8B15A7E9-FOLLOWER: reject ELECTION from omNode-3: already has voted for omNode-1 at current term 1
2021-08-10 07:21:01,230 [grpc-default-executor-1] INFO  server.RaftServer$Division (RaftServerImpl.java:requestVote(1075)) - omNode-1@group-33FC8B15A7E9 replies to ELECTION vote request: omNode-3<-omNode-1#0:FAIL-t1. Peer's state: omNode-1@group-33FC8B15A7E9:t1, leader=null, voted=omNode-1, raftlog=omNode-1@group-33FC8B15A7E9-SegmentedRaftLog:OPENED:c-1,f-1,i0, conf=-1: [omNode-3|rpc:localhost:10896|priority:0, omNode-1|rpc:localhost:10884|priority:0, omNode-2|rpc:localhost:10890|priority:0], old=null
2021-08-10 07:21:01,230 [grpc-default-executor-4] INFO  server.RaftServer$Division (RaftServerImpl.java:requestVote(1043)) - omNode-2@group-33FC8B15A7E9: receive requestVote(ELECTION, omNode-3, group-33FC8B15A7E9, 1, (t:0, i:~))
2021-08-10 07:21:01,230 [grpc-default-executor-4] INFO  impl.VoteContext (VoteContext.java:log(48)) - omNode-2@group-33FC8B15A7E9-FOLLOWER: reject ELECTION from omNode-3: already has voted for omNode-2 at current term 1
2021-08-10 07:21:01,230 [grpc-default-executor-4] INFO  server.RaftServer$Division (RaftServerImpl.java:requestVote(1075)) - omNode-2@group-33FC8B15A7E9 replies to ELECTION vote request: omNode-3<-omNode-2#0:FAIL-t1. Peer's state: omNode-2@group-33FC8B15A7E9:t1, leader=null, voted=omNode-2, raftlog=omNode-2@group-33FC8B15A7E9-SegmentedRaftLog:OPENED:c-1,f-1,i0, conf=-1: [omNode-3|rpc:localhost:10896|priority:0, omNode-1|rpc:localhost:10884|priority:0, omNode-2|rpc:localhost:10890|priority:0], old=null
2021-08-10 07:21:01,236 [omNode-3@group-33FC8B15A7E9-LeaderElection5] INFO  impl.LeaderElection (LeaderElection.java:logAndReturn(89)) - omNode-3@group-33FC8B15A7E9-LeaderElection5: ELECTION REJECTED received 2 response(s) and 0 exception(s):
2021-08-10 07:21:01,236 [omNode-3@group-33FC8B15A7E9-LeaderElection5] INFO  impl.LeaderElection (LeaderElection.java:logAndReturn(93)) -   Response 0: omNode-3<-omNode-1#0:FAIL-t1
2021-08-10 07:21:01,236 [omNode-3@group-33FC8B15A7E9-LeaderElection5] INFO  impl.LeaderElection (LeaderElection.java:logAndReturn(93)) -   Response 1: omNode-3<-omNode-2#0:FAIL-t1
2021-08-10 07:21:01,237 [omNode-3@group-33FC8B15A7E9-LeaderElection5] INFO  impl.LeaderElection (LeaderElection.java:askForVotes(308)) - omNode-3@group-33FC8B15A7E9-LeaderElection5 ELECTION round 0: result REJECTED
2021-08-10 07:21:01,237 [omNode-3@group-33FC8B15A7E9-LeaderElection5] INFO  server.RaftServer$Division (RaftServerImpl.java:setRole(285)) - omNode-3@group-33FC8B15A7E9: changes role from CANDIDATE to FOLLOWER at term 1 for REJECTED
2021-08-10 07:21:01,237 [omNode-3@group-33FC8B15A7E9-LeaderElection5] INFO  impl.RoleInfo (RoleInfo.java:shutdownLeaderElection(121)) - omNode-3: shutdown omNode-3@group-33FC8B15A7E9-LeaderElection5
2021-08-10 07:21:01,237 [omNode-3@group-33FC8B15A7E9-LeaderElection5] INFO  impl.RoleInfo (RoleInfo.java:updateAndGet(130)) - omNode-3: start omNode-3@group-33FC8B15A7E9-FollowerState
2021-08-10 07:21:01,247 [Listener at 127.0.0.1/10892] INFO  volume.MutableVolumeSet (MutableVolumeSet.java:initializeVolumeSet(181)) - Added Volume : /home/runner/work/ozone/ozone/hadoop-ozone/integration-test/target/test-dir/MiniOzoneClusterImpl-c2709307-340b-4da9-b87e-bf8cdd64b120/datanode-1/data/ratis to VolumeSet
2021-08-10 07:21:01,247 [Listener at 127.0.0.1/10892] INFO  volume.ThrottledAsyncChecker (ThrottledAsyncChecker.java:schedule(141)) - Scheduling a check for /home/runner/work/ozone/ozone/hadoop-ozone/integration-test/target/test-dir/MiniOzoneClusterImpl-c2709307-340b-4da9-b87e-bf8cdd64b120/datanode-1/data/ratis
2021-08-10 07:21:01,248 [Listener at 127.0.0.1/10892] INFO  volume.StorageVolumeChecker (StorageVolumeChecker.java:checkAllVolumes(202)) - Scheduled health check for volume /home/runner/work/ozone/ozone/hadoop-ozone/integration-test/target/test-dir/MiniOzoneClusterImpl-c2709307-340b-4da9-b87e-bf8cdd64b120/datanode-1/data/ratis
2021-08-10 07:21:01,271 [Listener at 127.0.0.1/10892] INFO  ozoneimpl.ContainerReader (ContainerReader.java:<init>(98)) - Running in upgrade mode:true
2021-08-10 07:21:01,271 [Thread-486] INFO  ozoneimpl.ContainerReader (ContainerReader.java:readVolume(142)) - Start to verify containers on volume /home/runner/work/ozone/ozone/hadoop-ozone/integration-test/target/test-dir/MiniOzoneClusterImpl-c2709307-340b-4da9-b87e-bf8cdd64b120/datanode-1/data-0/containers/hdds
2021-08-10 07:21:01,271 [Thread-486] INFO  ozoneimpl.ContainerReader (ContainerReader.java:readVolume(174)) - Finish verifying containers on volume /home/runner/work/ozone/ozone/hadoop-ozone/integration-test/target/test-dir/MiniOzoneClusterImpl-c2709307-340b-4da9-b87e-bf8cdd64b120/datanode-1/data-0/containers/hdds
2021-08-10 07:21:01,271 [Listener at 127.0.0.1/10892] INFO  ozoneimpl.OzoneContainer (OzoneContainer.java:buildContainerSet(237)) - Build ContainerSet costs 0s
2021-08-10 07:21:01,272 [Datanode State Machine Task Thread - 0] INFO  datanode.InitDatanodeState (InitDatanodeState.java:persistContainerDatanodeDetails(145)) - DatanodeDetails is persisted to /home/runner/work/ozone/ozone/hadoop-ozone/integration-test/target/test-dir/MiniOzoneClusterImpl-c2709307-340b-4da9-b87e-bf8cdd64b120/datanode-0/meta/datanode.id
2021-08-10 07:21:01,274 [Listener at 127.0.0.1/10892] INFO  server.RaftServer (ConfUtils.java:logGet(44)) - raft.rpc.type = GRPC (default)
2021-08-10 07:21:01,274 [Listener at 127.0.0.1/10892] INFO  grpc.GrpcFactory (GrpcFactory.java:checkPooledByteBufAllocatorUseCacheForAllThreads(48)) - PERFORMANCE WARNING: useCacheForAllThreads is true that may cause Netty to create a lot garbage objects and, as a result, trigger GC.
	It is recommended to disable useCacheForAllThreads by setting -Dorg.apache.ratis.thirdparty.io.netty.allocator.useCacheForAllThreads=false in command line.
2021-08-10 07:21:01,274 [Listener at 127.0.0.1/10892] INFO  grpc.GrpcConfigKeys (ConfUtils.java:logGet(44)) - raft.grpc.admin.port = 0 (custom)
2021-08-10 07:21:01,275 [Listener at 127.0.0.1/10892] INFO  grpc.GrpcConfigKeys (ConfUtils.java:logGet(44)) - raft.grpc.client.port = 0 (custom)
2021-08-10 07:21:01,275 [Listener at 127.0.0.1/10892] INFO  grpc.GrpcConfigKeys (ConfUtils.java:logGet(44)) - raft.grpc.server.port = 0 (default)
2021-08-10 07:21:01,275 [Listener at 127.0.0.1/10892] INFO  server.GrpcService (ConfUtils.java:logGet(44)) - raft.grpc.message.size.max = 32MB (=33554432) (custom)
2021-08-10 07:21:01,275 [Listener at 127.0.0.1/10892] INFO  server.RaftServerConfigKeys (ConfUtils.java:logGet(44)) - raft.server.log.appender.buffer.byte-limit = 33554432 (custom)
2021-08-10 07:21:01,275 [Listener at 127.0.0.1/10892] INFO  server.GrpcService (ConfUtils.java:logGet(44)) - raft.grpc.flow.control.window = 5MB (=5242880) (custom)
2021-08-10 07:21:01,275 [Listener at 127.0.0.1/10892] INFO  server.RaftServerConfigKeys (ConfUtils.java:logGet(44)) - raft.server.rpc.request.timeout = 60s (custom)
2021-08-10 07:21:01,276 [Listener at 127.0.0.1/10892] INFO  impl.DataStreamServerImpl (ConfUtils.java:logGet(44)) - raft.datastream.type = DISABLED (default)
2021-08-10 07:21:01,276 [Listener at 127.0.0.1/10892] INFO  server.RaftServerConfigKeys (ConfUtils.java:logGet(44)) - raft.server.rpc.slowness.timeout = 300s (custom)
2021-08-10 07:21:01,276 [Listener at 127.0.0.1/10892] INFO  server.RaftServerConfigKeys (ConfUtils.java:logGet(44)) - raft.server.leaderelection.leader.step-down.wait-time = 10s (default)
2021-08-10 07:21:01,276 [Listener at 127.0.0.1/10892] INFO  server.RaftServerConfigKeys (ConfUtils.java:logGet(44)) - raft.server.storage.dir = [/home/runner/work/ozone/ozone/hadoop-ozone/integration-test/target/test-dir/MiniOzoneClusterImpl-c2709307-340b-4da9-b87e-bf8cdd64b120/datanode-1/data/ratis] (custom)
2021-08-10 07:21:01,280 [Listener at 127.0.0.1/10892] INFO  http.BaseHttpServer (BaseHttpServer.java:newHttpServer2BuilderForOzone(209)) - Starting Web-server for hddsDatanode at: http://0.0.0.0:0
2021-08-10 07:21:01,280 [Listener at 127.0.0.1/10892] INFO  http.BaseHttpServer (BaseHttpServer.java:<init>(107)) - Hadoop Security Enabled: false Ozone Security Enabled: false Ozone HTTP Security Enabled: false 
2021-08-10 07:21:01,281 [Listener at 127.0.0.1/10892] INFO  server.AuthenticationFilter (AuthenticationFilter.java:constructSecretProvider(240)) - Unable to initialize FileSignerSecretProvider, falling back to use random secrets.
2021-08-10 07:21:01,283 [Listener at 127.0.0.1/10892] WARN  http.HttpRequestLog (HttpRequestLog.java:getRequestLog(103)) - Jetty request log can only be enabled using Log4j
2021-08-10 07:21:01,284 [Listener at 127.0.0.1/10892] INFO  http.HttpServer2 (HttpServer2.java:addGlobalFilter(1020)) - Added global filter 'safety' (class=org.apache.hadoop.hdds.server.http.HttpServer2$QuotingInputFilter)
2021-08-10 07:21:01,285 [Listener at 127.0.0.1/10892] INFO  http.HttpServer2 (HttpServer2.java:addFilter(996)) - Added filter static_user_filter (class=org.apache.hadoop.http.lib.StaticUserWebFilter$StaticUserFilter) to context hddsDatanode
2021-08-10 07:21:01,285 [Listener at 127.0.0.1/10892] INFO  http.HttpServer2 (HttpServer2.java:addFilter(1004)) - Added filter static_user_filter (class=org.apache.hadoop.http.lib.StaticUserWebFilter$StaticUserFilter) to context logs
2021-08-10 07:21:01,285 [Listener at 127.0.0.1/10892] INFO  http.HttpServer2 (HttpServer2.java:addFilter(1004)) - Added filter static_user_filter (class=org.apache.hadoop.http.lib.StaticUserWebFilter$StaticUserFilter) to context static
2021-08-10 07:21:01,286 [Listener at 127.0.0.1/10892] INFO  http.HttpServer2 (HttpServer2.java:bindListener(1239)) - Jetty bound to port 38217
2021-08-10 07:21:01,286 [Listener at 127.0.0.1/10892] INFO  server.Server (Server.java:doStart(375)) - jetty-9.4.43.v20210629; built: 2021-06-30T11:07:22.254Z; git: 526006ecfa3af7f1a27ef3a288e2bef7ea9dd7e8; jvm 1.8.0_292-b10
2021-08-10 07:21:01,289 [Listener at 127.0.0.1/10892] INFO  server.session (DefaultSessionIdManager.java:doStart(334)) - DefaultSessionIdManager workerName=node0
2021-08-10 07:21:01,289 [Listener at 127.0.0.1/10892] INFO  server.session (DefaultSessionIdManager.java:doStart(339)) - No SessionScavenger set, using defaults
2021-08-10 07:21:01,289 [Listener at 127.0.0.1/10892] INFO  server.session (HouseKeeper.java:startScavenging(132)) - node0 Scavenging every 600000ms
2021-08-10 07:21:01,290 [Listener at 127.0.0.1/10892] INFO  handler.ContextHandler (ContextHandler.java:doStart(915)) - Started o.e.j.s.ServletContextHandler@20909d80{logs,/logs,file:///home/runner/work/ozone/ozone/hadoop-ozone/integration-test/target/log,AVAILABLE}
2021-08-10 07:21:01,290 [Listener at 127.0.0.1/10892] INFO  handler.ContextHandler (ContextHandler.java:doStart(915)) - Started o.e.j.s.ServletContextHandler@3eb8b44{static,/static,jar:file:/home/runner/.m2/repository/org/apache/ozone/hdds-container-service/1.2.0-SNAPSHOT/hdds-container-service-1.2.0-SNAPSHOT.jar!/webapps/static,AVAILABLE}
2021-08-10 07:21:01,358 [Listener at 127.0.0.1/10892] INFO  handler.ContextHandler (ContextHandler.java:doStart(915)) - Started o.e.j.w.WebAppContext@4b97954b{hddsDatanode,/,file:///tmp/jetty-0_0_0_0-38217-hdds-container-service-1_2_0-SNAPSHOT_jar-_-any-8930179108693500812/webapp/,AVAILABLE}{jar:file:/home/runner/.m2/repository/org/apache/ozone/hdds-container-service/1.2.0-SNAPSHOT/hdds-container-service-1.2.0-SNAPSHOT.jar!/webapps/hddsDatanode}
2021-08-10 07:21:01,359 [Listener at 127.0.0.1/10892] INFO  server.AbstractConnector (AbstractConnector.java:doStart(331)) - Started ServerConnector@508b1229{HTTP/1.1, (http/1.1)}{0.0.0.0:38217}
2021-08-10 07:21:01,359 [Listener at 127.0.0.1/10892] INFO  server.Server (Server.java:doStart(415)) - Started @17906ms
2021-08-10 07:21:01,359 [Listener at 127.0.0.1/10892] WARN  impl.MetricsSystemImpl (MetricsSystemImpl.java:register(279)) - Sink prometheus already exists!
2021-08-10 07:21:01,360 [Listener at 127.0.0.1/10892] INFO  http.BaseHttpServer (BaseHttpServer.java:updateConnectorAddress(329)) - HTTP server of hddsDatanode listening at http://0.0.0.0:38217
2021-08-10 07:21:01,363 [Listener at 127.0.0.1/10892] WARN  impl.MetricRegistriesImpl (MetricRegistriesImpl.java:addReporterRegistration(111)) - New reporters are added after registries were created. Some metrics will be missing from the reporter. Please add reporter before adding any new registry.
2021-08-10 07:21:01,363 [Listener at 127.0.0.1/10892] WARN  impl.MetricRegistriesImpl (MetricRegistriesImpl.java:addReporterRegistration(111)) - New reporters are added after registries were created. Some metrics will be missing from the reporter. Please add reporter before adding any new registry.
2021-08-10 07:21:01,364 [Listener at 127.0.0.1/10892] INFO  impl.MetricsSystemImpl (MetricsSystemImpl.java:init(158)) - HddsDatanode metrics system started (again)
2021-08-10 07:21:01,386 [Listener at 127.0.0.1/10892] INFO  ozone.HddsDatanodeService (HddsDatanodeService.java:start(234)) - HddsDatanodeService host:fv-az12-876.exdb2aeach2ezidoxz41lk3bwg.cx.internal.cloudapp.net ip:10.1.0.46
2021-08-10 07:21:01,393 [org.apache.hadoop.util.JvmPauseMonitor$Monitor@7e95e8e3] INFO  util.JvmPauseMonitor (JvmPauseMonitor.java:run(188)) - Starting JVM pause monitor
2021-08-10 07:21:01,400 [Datanode State Machine Task Thread - 0] INFO  ha.SCMNodeInfo (SCMNodeInfo.java:getPort(197)) - ConfigKey ozone.scm.client.address is deprecated, For configuring different ports for each SCM use PortConfigKey ozone.scm.client.port appended with serviceId and nodeId
2021-08-10 07:21:01,400 [Datanode State Machine Task Thread - 0] INFO  ha.SCMNodeInfo (SCMNodeInfo.java:getPort(197)) - ConfigKey ozone.scm.block.client.address is deprecated, For configuring different ports for each SCM use PortConfigKey ozone.scm.block.client.port appended with serviceId and nodeId
2021-08-10 07:21:01,400 [Datanode State Machine Task Thread - 0] INFO  ha.SCMNodeInfo (SCMNodeInfo.java:getPort(197)) - ConfigKey ozone.scm.datanode.address is deprecated, For configuring different ports for each SCM use PortConfigKey ozone.scm.datanode.port appended with serviceId and nodeId
2021-08-10 07:21:01,410 [Datanode State Machine Task Thread - 0] INFO  datanode.InitDatanodeState (InitDatanodeState.java:persistContainerDatanodeDetails(145)) - DatanodeDetails is persisted to /home/runner/work/ozone/ozone/hadoop-ozone/integration-test/target/test-dir/MiniOzoneClusterImpl-c2709307-340b-4da9-b87e-bf8cdd64b120/datanode-1/meta/datanode.id
2021-08-10 07:21:01,419 [Listener at 127.0.0.1/10892] INFO  upgrade.AbstractLayoutVersionManager (AbstractLayoutVersionManager.java:init(70)) - Initializing Layout version manager with metadata layout = SCM_HA (version = 2), software layout = SCM_HA (version = 2)
2021-08-10 07:21:01,464 [Listener at 127.0.0.1/10892] INFO  reflections.Reflections (Reflections.java:scan(232)) - Reflections took 40 ms to scan 7 urls, producing 120 keys and 275 values 
2021-08-10 07:21:01,470 [Listener at 127.0.0.1/10892] INFO  ha.SCMNodeInfo (SCMNodeInfo.java:getPort(197)) - ConfigKey ozone.scm.client.address is deprecated, For configuring different ports for each SCM use PortConfigKey ozone.scm.client.port appended with serviceId and nodeId
2021-08-10 07:21:01,470 [Listener at 127.0.0.1/10892] INFO  ha.SCMNodeInfo (SCMNodeInfo.java:getPort(197)) - ConfigKey ozone.scm.block.client.address is deprecated, For configuring different ports for each SCM use PortConfigKey ozone.scm.block.client.port appended with serviceId and nodeId
2021-08-10 07:21:01,470 [Listener at 127.0.0.1/10892] INFO  ha.SCMNodeInfo (SCMNodeInfo.java:getPort(197)) - ConfigKey ozone.scm.datanode.address is deprecated, For configuring different ports for each SCM use PortConfigKey ozone.scm.datanode.port appended with serviceId and nodeId
2021-08-10 07:21:01,476 [Listener at 127.0.0.1/10892] INFO  volume.HddsVolume (HddsVolume.java:<init>(120)) - Creating HddsVolume: /home/runner/work/ozone/ozone/hadoop-ozone/integration-test/target/test-dir/MiniOzoneClusterImpl-c2709307-340b-4da9-b87e-bf8cdd64b120/datanode-2/data-0/containers/hdds of storage type : DISK capacity : 9223372036854775807
2021-08-10 07:21:01,476 [Listener at 127.0.0.1/10892] INFO  volume.MutableVolumeSet (MutableVolumeSet.java:initializeVolumeSet(181)) - Added Volume : /home/runner/work/ozone/ozone/hadoop-ozone/integration-test/target/test-dir/MiniOzoneClusterImpl-c2709307-340b-4da9-b87e-bf8cdd64b120/datanode-2/data-0/containers/hdds to VolumeSet
2021-08-10 07:21:01,476 [Listener at 127.0.0.1/10892] INFO  volume.ThrottledAsyncChecker (ThrottledAsyncChecker.java:schedule(141)) - Scheduling a check for /home/runner/work/ozone/ozone/hadoop-ozone/integration-test/target/test-dir/MiniOzoneClusterImpl-c2709307-340b-4da9-b87e-bf8cdd64b120/datanode-2/data-0/containers/hdds
2021-08-10 07:21:01,479 [Listener at 127.0.0.1/10892] INFO  volume.StorageVolumeChecker (StorageVolumeChecker.java:checkAllVolumes(202)) - Scheduled health check for volume /home/runner/work/ozone/ozone/hadoop-ozone/integration-test/target/test-dir/MiniOzoneClusterImpl-c2709307-340b-4da9-b87e-bf8cdd64b120/datanode-2/data-0/containers/hdds
2021-08-10 07:21:01,495 [Listener at 127.0.0.1/10892] INFO  volume.MutableVolumeSet (MutableVolumeSet.java:initializeVolumeSet(181)) - Added Volume : /home/runner/work/ozone/ozone/hadoop-ozone/integration-test/target/test-dir/MiniOzoneClusterImpl-c2709307-340b-4da9-b87e-bf8cdd64b120/datanode-2/data/ratis to VolumeSet
2021-08-10 07:21:01,496 [Listener at 127.0.0.1/10892] INFO  volume.ThrottledAsyncChecker (ThrottledAsyncChecker.java:schedule(141)) - Scheduling a check for /home/runner/work/ozone/ozone/hadoop-ozone/integration-test/target/test-dir/MiniOzoneClusterImpl-c2709307-340b-4da9-b87e-bf8cdd64b120/datanode-2/data/ratis
2021-08-10 07:21:01,496 [Listener at 127.0.0.1/10892] INFO  volume.StorageVolumeChecker (StorageVolumeChecker.java:checkAllVolumes(202)) - Scheduled health check for volume /home/runner/work/ozone/ozone/hadoop-ozone/integration-test/target/test-dir/MiniOzoneClusterImpl-c2709307-340b-4da9-b87e-bf8cdd64b120/datanode-2/data/ratis
2021-08-10 07:21:01,508 [Listener at 127.0.0.1/10892] INFO  ozoneimpl.ContainerReader (ContainerReader.java:<init>(98)) - Running in upgrade mode:true
2021-08-10 07:21:01,509 [Thread-498] INFO  ozoneimpl.ContainerReader (ContainerReader.java:readVolume(142)) - Start to verify containers on volume /home/runner/work/ozone/ozone/hadoop-ozone/integration-test/target/test-dir/MiniOzoneClusterImpl-c2709307-340b-4da9-b87e-bf8cdd64b120/datanode-2/data-0/containers/hdds
2021-08-10 07:21:01,509 [Thread-498] INFO  ozoneimpl.ContainerReader (ContainerReader.java:readVolume(174)) - Finish verifying containers on volume /home/runner/work/ozone/ozone/hadoop-ozone/integration-test/target/test-dir/MiniOzoneClusterImpl-c2709307-340b-4da9-b87e-bf8cdd64b120/datanode-2/data-0/containers/hdds
2021-08-10 07:21:01,509 [Listener at 127.0.0.1/10892] INFO  ozoneimpl.OzoneContainer (OzoneContainer.java:buildContainerSet(237)) - Build ContainerSet costs 0s
2021-08-10 07:21:01,512 [Listener at 127.0.0.1/10892] INFO  server.RaftServer (ConfUtils.java:logGet(44)) - raft.rpc.type = GRPC (default)
2021-08-10 07:21:01,512 [Listener at 127.0.0.1/10892] INFO  grpc.GrpcFactory (GrpcFactory.java:checkPooledByteBufAllocatorUseCacheForAllThreads(48)) - PERFORMANCE WARNING: useCacheForAllThreads is true that may cause Netty to create a lot garbage objects and, as a result, trigger GC.
	It is recommended to disable useCacheForAllThreads by setting -Dorg.apache.ratis.thirdparty.io.netty.allocator.useCacheForAllThreads=false in command line.
2021-08-10 07:21:01,512 [Listener at 127.0.0.1/10892] INFO  grpc.GrpcConfigKeys (ConfUtils.java:logGet(44)) - raft.grpc.admin.port = 0 (custom)
2021-08-10 07:21:01,512 [Listener at 127.0.0.1/10892] INFO  grpc.GrpcConfigKeys (ConfUtils.java:logGet(44)) - raft.grpc.client.port = 0 (custom)
2021-08-10 07:21:01,512 [Listener at 127.0.0.1/10892] INFO  grpc.GrpcConfigKeys (ConfUtils.java:logGet(44)) - raft.grpc.server.port = 0 (default)
2021-08-10 07:21:01,513 [Listener at 127.0.0.1/10892] INFO  server.GrpcService (ConfUtils.java:logGet(44)) - raft.grpc.message.size.max = 32MB (=33554432) (custom)
2021-08-10 07:21:01,513 [Listener at 127.0.0.1/10892] INFO  server.RaftServerConfigKeys (ConfUtils.java:logGet(44)) - raft.server.log.appender.buffer.byte-limit = 33554432 (custom)
2021-08-10 07:21:01,513 [Listener at 127.0.0.1/10892] INFO  server.GrpcService (ConfUtils.java:logGet(44)) - raft.grpc.flow.control.window = 5MB (=5242880) (custom)
2021-08-10 07:21:01,513 [Listener at 127.0.0.1/10892] INFO  server.RaftServerConfigKeys (ConfUtils.java:logGet(44)) - raft.server.rpc.request.timeout = 60s (custom)
2021-08-10 07:21:01,514 [Listener at 127.0.0.1/10892] INFO  impl.DataStreamServerImpl (ConfUtils.java:logGet(44)) - raft.datastream.type = DISABLED (default)
2021-08-10 07:21:01,514 [Listener at 127.0.0.1/10892] INFO  server.RaftServerConfigKeys (ConfUtils.java:logGet(44)) - raft.server.rpc.slowness.timeout = 300s (custom)
2021-08-10 07:21:01,514 [Listener at 127.0.0.1/10892] INFO  server.RaftServerConfigKeys (ConfUtils.java:logGet(44)) - raft.server.leaderelection.leader.step-down.wait-time = 10s (default)
2021-08-10 07:21:01,514 [Listener at 127.0.0.1/10892] INFO  server.RaftServerConfigKeys (ConfUtils.java:logGet(44)) - raft.server.storage.dir = [/home/runner/work/ozone/ozone/hadoop-ozone/integration-test/target/test-dir/MiniOzoneClusterImpl-c2709307-340b-4da9-b87e-bf8cdd64b120/datanode-2/data/ratis] (custom)
2021-08-10 07:21:01,519 [Listener at 127.0.0.1/10892] INFO  http.BaseHttpServer (BaseHttpServer.java:newHttpServer2BuilderForOzone(209)) - Starting Web-server for hddsDatanode at: http://0.0.0.0:0
2021-08-10 07:21:01,520 [Listener at 127.0.0.1/10892] INFO  http.BaseHttpServer (BaseHttpServer.java:<init>(107)) - Hadoop Security Enabled: false Ozone Security Enabled: false Ozone HTTP Security Enabled: false 
2021-08-10 07:21:01,521 [Listener at 127.0.0.1/10892] INFO  server.AuthenticationFilter (AuthenticationFilter.java:constructSecretProvider(240)) - Unable to initialize FileSignerSecretProvider, falling back to use random secrets.
2021-08-10 07:21:01,521 [Listener at 127.0.0.1/10892] WARN  http.HttpRequestLog (HttpRequestLog.java:getRequestLog(103)) - Jetty request log can only be enabled using Log4j
2021-08-10 07:21:01,522 [Listener at 127.0.0.1/10892] INFO  http.HttpServer2 (HttpServer2.java:addGlobalFilter(1020)) - Added global filter 'safety' (class=org.apache.hadoop.hdds.server.http.HttpServer2$QuotingInputFilter)
2021-08-10 07:21:01,523 [Listener at 127.0.0.1/10892] INFO  http.HttpServer2 (HttpServer2.java:addFilter(996)) - Added filter static_user_filter (class=org.apache.hadoop.http.lib.StaticUserWebFilter$StaticUserFilter) to context hddsDatanode
2021-08-10 07:21:01,523 [Listener at 127.0.0.1/10892] INFO  http.HttpServer2 (HttpServer2.java:addFilter(1004)) - Added filter static_user_filter (class=org.apache.hadoop.http.lib.StaticUserWebFilter$StaticUserFilter) to context logs
2021-08-10 07:21:01,523 [Listener at 127.0.0.1/10892] INFO  http.HttpServer2 (HttpServer2.java:addFilter(1004)) - Added filter static_user_filter (class=org.apache.hadoop.http.lib.StaticUserWebFilter$StaticUserFilter) to context static
2021-08-10 07:21:01,524 [Listener at 127.0.0.1/10892] INFO  http.HttpServer2 (HttpServer2.java:bindListener(1239)) - Jetty bound to port 34025
2021-08-10 07:21:01,524 [Listener at 127.0.0.1/10892] INFO  server.Server (Server.java:doStart(375)) - jetty-9.4.43.v20210629; built: 2021-06-30T11:07:22.254Z; git: 526006ecfa3af7f1a27ef3a288e2bef7ea9dd7e8; jvm 1.8.0_292-b10
2021-08-10 07:21:01,526 [Listener at 127.0.0.1/10892] INFO  server.session (DefaultSessionIdManager.java:doStart(334)) - DefaultSessionIdManager workerName=node0
2021-08-10 07:21:01,526 [Listener at 127.0.0.1/10892] INFO  server.session (DefaultSessionIdManager.java:doStart(339)) - No SessionScavenger set, using defaults
2021-08-10 07:21:01,527 [Listener at 127.0.0.1/10892] INFO  server.session (HouseKeeper.java:startScavenging(132)) - node0 Scavenging every 600000ms
2021-08-10 07:21:01,527 [Listener at 127.0.0.1/10892] INFO  handler.ContextHandler (ContextHandler.java:doStart(915)) - Started o.e.j.s.ServletContextHandler@1ff86079{logs,/logs,file:///home/runner/work/ozone/ozone/hadoop-ozone/integration-test/target/log,AVAILABLE}
2021-08-10 07:21:01,528 [Listener at 127.0.0.1/10892] INFO  handler.ContextHandler (ContextHandler.java:doStart(915)) - Started o.e.j.s.ServletContextHandler@d702af2{static,/static,jar:file:/home/runner/.m2/repository/org/apache/ozone/hdds-container-service/1.2.0-SNAPSHOT/hdds-container-service-1.2.0-SNAPSHOT.jar!/webapps/static,AVAILABLE}
2021-08-10 07:21:01,573 [Listener at 127.0.0.1/10892] INFO  handler.ContextHandler (ContextHandler.java:doStart(915)) - Started o.e.j.w.WebAppContext@7d9ad599{hddsDatanode,/,file:///tmp/jetty-0_0_0_0-34025-hdds-container-service-1_2_0-SNAPSHOT_jar-_-any-7273166168874542403/webapp/,AVAILABLE}{jar:file:/home/runner/.m2/repository/org/apache/ozone/hdds-container-service/1.2.0-SNAPSHOT/hdds-container-service-1.2.0-SNAPSHOT.jar!/webapps/hddsDatanode}
2021-08-10 07:21:01,575 [Listener at 127.0.0.1/10892] INFO  server.AbstractConnector (AbstractConnector.java:doStart(331)) - Started ServerConnector@324b5b48{HTTP/1.1, (http/1.1)}{0.0.0.0:34025}
2021-08-10 07:21:01,575 [Listener at 127.0.0.1/10892] INFO  server.Server (Server.java:doStart(415)) - Started @18122ms
2021-08-10 07:21:01,576 [Listener at 127.0.0.1/10892] WARN  impl.MetricsSystemImpl (MetricsSystemImpl.java:register(279)) - Sink prometheus already exists!
2021-08-10 07:21:01,576 [Listener at 127.0.0.1/10892] INFO  http.BaseHttpServer (BaseHttpServer.java:updateConnectorAddress(329)) - HTTP server of hddsDatanode listening at http://0.0.0.0:34025
2021-08-10 07:21:01,578 [Listener at 127.0.0.1/10892] INFO  ozone.MiniOzoneClusterImpl (MiniOzoneClusterImpl.java:lambda$waitForClusterToBeReady$0(235)) - Waiting for nodes to be ready. Got 0 of 3 DN Heartbeats.
2021-08-10 07:21:01,578 [Listener at 127.0.0.1/10892] INFO  ozone.MiniOzoneClusterImpl (MiniOzoneClusterImpl.java:lambda$waitForClusterToBeReady$0(238)) - Waiting for cluster to exit safe mode
2021-08-10 07:21:01,578 [Listener at 127.0.0.1/10892] INFO  ozone.MiniOzoneClusterImpl (MiniOzoneClusterImpl.java:lambda$waitForClusterToBeReady$0(240)) - SCM became leader
2021-08-10 07:21:01,587 [org.apache.hadoop.util.JvmPauseMonitor$Monitor@2cc49da3] INFO  util.JvmPauseMonitor (JvmPauseMonitor.java:run(188)) - Starting JVM pause monitor
2021-08-10 07:21:01,587 [Datanode State Machine Task Thread - 0] INFO  ha.SCMNodeInfo (SCMNodeInfo.java:getPort(197)) - ConfigKey ozone.scm.client.address is deprecated, For configuring different ports for each SCM use PortConfigKey ozone.scm.client.port appended with serviceId and nodeId
2021-08-10 07:21:01,587 [Datanode State Machine Task Thread - 0] INFO  ha.SCMNodeInfo (SCMNodeInfo.java:getPort(197)) - ConfigKey ozone.scm.block.client.address is deprecated, For configuring different ports for each SCM use PortConfigKey ozone.scm.block.client.port appended with serviceId and nodeId
2021-08-10 07:21:01,587 [Datanode State Machine Task Thread - 0] INFO  ha.SCMNodeInfo (SCMNodeInfo.java:getPort(197)) - ConfigKey ozone.scm.datanode.address is deprecated, For configuring different ports for each SCM use PortConfigKey ozone.scm.datanode.port appended with serviceId and nodeId
2021-08-10 07:21:01,590 [Datanode State Machine Task Thread - 0] INFO  datanode.InitDatanodeState (InitDatanodeState.java:persistContainerDatanodeDetails(145)) - DatanodeDetails is persisted to /home/runner/work/ozone/ozone/hadoop-ozone/integration-test/target/test-dir/MiniOzoneClusterImpl-c2709307-340b-4da9-b87e-bf8cdd64b120/datanode-2/meta/datanode.id
2021-08-10 07:21:02,259 [omNode-1@group-33FC8B15A7E9-FollowerState] INFO  impl.FollowerState (FollowerState.java:run(134)) - omNode-1@group-33FC8B15A7E9-FollowerState: change to CANDIDATE, lastRpcElapsedTime:1037834442ns, electionTimeout:1029ms
2021-08-10 07:21:02,259 [omNode-1@group-33FC8B15A7E9-FollowerState] INFO  impl.RoleInfo (RoleInfo.java:shutdownFollowerState(108)) - omNode-1: shutdown omNode-1@group-33FC8B15A7E9-FollowerState
2021-08-10 07:21:02,259 [omNode-1@group-33FC8B15A7E9-FollowerState] INFO  server.RaftServer$Division (RaftServerImpl.java:setRole(285)) - omNode-1@group-33FC8B15A7E9: changes role from  FOLLOWER to CANDIDATE at term 1 for changeToCandidate
2021-08-10 07:21:02,263 [omNode-1@group-33FC8B15A7E9-FollowerState] INFO  server.RaftServerConfigKeys (ConfUtils.java:logGet(44)) - raft.server.leaderelection.pre-vote = false (custom)
2021-08-10 07:21:02,263 [omNode-1@group-33FC8B15A7E9-FollowerState] INFO  impl.RoleInfo (RoleInfo.java:updateAndGet(130)) - omNode-1: start omNode-1@group-33FC8B15A7E9-LeaderElection6
2021-08-10 07:21:02,267 [omNode-1@group-33FC8B15A7E9-LeaderElection6] INFO  impl.LeaderElection (LeaderElection.java:askForVotes(306)) - omNode-1@group-33FC8B15A7E9-LeaderElection6 ELECTION round 0: submit vote requests at term 2 for -1: [omNode-3|rpc:localhost:10896|priority:0, omNode-1|rpc:localhost:10884|priority:0, omNode-2|rpc:localhost:10890|priority:0], old=null
2021-08-10 07:21:02,278 [grpc-default-executor-1] INFO  server.RaftServer$Division (RaftServerImpl.java:requestVote(1043)) - omNode-2@group-33FC8B15A7E9: receive requestVote(ELECTION, omNode-1, group-33FC8B15A7E9, 2, (t:0, i:~))
2021-08-10 07:21:02,279 [grpc-default-executor-1] INFO  impl.VoteContext (VoteContext.java:log(48)) - omNode-2@group-33FC8B15A7E9-FOLLOWER: accept ELECTION from omNode-1: our priority 0 <= candidate's priority 0
2021-08-10 07:21:02,279 [grpc-default-executor-1] INFO  server.RaftServer$Division (RaftServerImpl.java:setRole(285)) - omNode-2@group-33FC8B15A7E9: changes role from  FOLLOWER to FOLLOWER at term 2 for candidate:omNode-1
2021-08-10 07:21:02,279 [grpc-default-executor-1] INFO  impl.RoleInfo (RoleInfo.java:shutdownFollowerState(108)) - omNode-2: shutdown omNode-2@group-33FC8B15A7E9-FollowerState
2021-08-10 07:21:02,279 [grpc-default-executor-1] INFO  impl.RoleInfo (RoleInfo.java:updateAndGet(130)) - omNode-2: start omNode-2@group-33FC8B15A7E9-FollowerState
2021-08-10 07:21:02,279 [omNode-2@group-33FC8B15A7E9-FollowerState] INFO  impl.FollowerState (FollowerState.java:run(143)) - omNode-2@group-33FC8B15A7E9-FollowerState was interrupted: {}
java.lang.InterruptedException: sleep interrupted
	at java.lang.Thread.sleep(Native Method)
	at java.lang.Thread.sleep(Thread.java:340)
	at java.util.concurrent.TimeUnit.sleep(TimeUnit.java:386)
	at org.apache.ratis.util.TimeDuration.sleep(TimeDuration.java:324)
	at org.apache.ratis.util.TimeDuration.sleep(TimeDuration.java:309)
	at org.apache.ratis.server.impl.FollowerState.run(FollowerState.java:118)
2021-08-10 07:21:02,288 [grpc-default-executor-4] INFO  server.RaftServer$Division (RaftServerImpl.java:requestVote(1043)) - omNode-3@group-33FC8B15A7E9: receive requestVote(ELECTION, omNode-1, group-33FC8B15A7E9, 2, (t:0, i:~))
2021-08-10 07:21:02,291 [grpc-default-executor-4] INFO  impl.VoteContext (VoteContext.java:log(48)) - omNode-3@group-33FC8B15A7E9-FOLLOWER: accept ELECTION from omNode-1: our priority 0 <= candidate's priority 0
2021-08-10 07:21:02,291 [grpc-default-executor-4] INFO  server.RaftServer$Division (RaftServerImpl.java:setRole(285)) - omNode-3@group-33FC8B15A7E9: changes role from  FOLLOWER to FOLLOWER at term 2 for candidate:omNode-1
2021-08-10 07:21:02,291 [grpc-default-executor-4] INFO  impl.RoleInfo (RoleInfo.java:shutdownFollowerState(108)) - omNode-3: shutdown omNode-3@group-33FC8B15A7E9-FollowerState
2021-08-10 07:21:02,291 [grpc-default-executor-4] INFO  impl.RoleInfo (RoleInfo.java:updateAndGet(130)) - omNode-3: start omNode-3@group-33FC8B15A7E9-FollowerState
2021-08-10 07:21:02,291 [omNode-3@group-33FC8B15A7E9-FollowerState] INFO  impl.FollowerState (FollowerState.java:run(143)) - omNode-3@group-33FC8B15A7E9-FollowerState was interrupted: {}
java.lang.InterruptedException: sleep interrupted
	at java.lang.Thread.sleep(Native Method)
	at java.lang.Thread.sleep(Thread.java:340)
	at java.util.concurrent.TimeUnit.sleep(TimeUnit.java:386)
	at org.apache.ratis.util.TimeDuration.sleep(TimeDuration.java:324)
	at org.apache.ratis.util.TimeDuration.sleep(TimeDuration.java:309)
	at org.apache.ratis.server.impl.FollowerState.run(FollowerState.java:118)
2021-08-10 07:21:02,290 [grpc-default-executor-1] INFO  server.RaftServer$Division (RaftServerImpl.java:requestVote(1075)) - omNode-2@group-33FC8B15A7E9 replies to ELECTION vote request: omNode-1<-omNode-2#0:OK-t2. Peer's state: omNode-2@group-33FC8B15A7E9:t2, leader=null, voted=omNode-1, raftlog=omNode-2@group-33FC8B15A7E9-SegmentedRaftLog:OPENED:c-1,f-1,i0, conf=-1: [omNode-3|rpc:localhost:10896|priority:0, omNode-1|rpc:localhost:10884|priority:0, omNode-2|rpc:localhost:10890|priority:0], old=null
2021-08-10 07:21:02,301 [omNode-1@group-33FC8B15A7E9-LeaderElection6] INFO  impl.LeaderElection (LeaderElection.java:logAndReturn(89)) - omNode-1@group-33FC8B15A7E9-LeaderElection6: ELECTION PASSED received 1 response(s) and 0 exception(s):
2021-08-10 07:21:02,301 [omNode-1@group-33FC8B15A7E9-LeaderElection6] INFO  impl.LeaderElection (LeaderElection.java:logAndReturn(93)) -   Response 0: omNode-1<-omNode-2#0:OK-t2
2021-08-10 07:21:02,301 [omNode-1@group-33FC8B15A7E9-LeaderElection6] INFO  impl.LeaderElection (LeaderElection.java:askForVotes(308)) - omNode-1@group-33FC8B15A7E9-LeaderElection6 ELECTION round 0: result PASSED
2021-08-10 07:21:02,301 [omNode-1@group-33FC8B15A7E9-LeaderElection6] INFO  impl.RoleInfo (RoleInfo.java:shutdownLeaderElection(121)) - omNode-1: shutdown omNode-1@group-33FC8B15A7E9-LeaderElection6
2021-08-10 07:21:02,301 [omNode-1@group-33FC8B15A7E9-LeaderElection6] INFO  server.RaftServer$Division (RaftServerImpl.java:setRole(285)) - omNode-1@group-33FC8B15A7E9: changes role from CANDIDATE to LEADER at term 2 for changeToLeader
2021-08-10 07:21:02,301 [omNode-1@group-33FC8B15A7E9-LeaderElection6] INFO  server.RaftServer$Division (ServerState.java:setLeader(285)) - omNode-1@group-33FC8B15A7E9: change Leader from null to omNode-1 at term 2 for becomeLeader, leader elected after 2908ms
2021-08-10 07:21:02,301 [omNode-1@group-33FC8B15A7E9-LeaderElection6] INFO  server.RaftServerConfigKeys (ConfUtils.java:logGet(44)) - raft.server.staging.catchup.gap = 1000 (default)
2021-08-10 07:21:02,302 [grpc-default-executor-4] INFO  server.RaftServer$Division (RaftServerImpl.java:requestVote(1075)) - omNode-3@group-33FC8B15A7E9 replies to ELECTION vote request: omNode-1<-omNode-3#0:OK-t2. Peer's state: omNode-3@group-33FC8B15A7E9:t2, leader=null, voted=omNode-1, raftlog=omNode-3@group-33FC8B15A7E9-SegmentedRaftLog:OPENED:c-1,f-1,i0, conf=-1: [omNode-3|rpc:localhost:10896|priority:0, omNode-1|rpc:localhost:10884|priority:0, omNode-2|rpc:localhost:10890|priority:0], old=null
2021-08-10 07:21:02,302 [omNode-1@group-33FC8B15A7E9-LeaderElection6] INFO  server.RaftServerConfigKeys (ConfUtils.java:logGet(44)) - raft.server.write.element-limit = 4096 (default)
2021-08-10 07:21:02,303 [omNode-1@group-33FC8B15A7E9-LeaderElection6] INFO  server.RaftServerConfigKeys (ConfUtils.java:logGet(44)) - raft.server.write.byte-limit = 64MB (=67108864) (default)
2021-08-10 07:21:02,303 [omNode-1@group-33FC8B15A7E9-LeaderElection6] INFO  server.RaftServerConfigKeys (ConfUtils.java:logGet(44)) - raft.server.watch.timeout = 10s (default)
2021-08-10 07:21:02,303 [omNode-1@group-33FC8B15A7E9-LeaderElection6] INFO  server.RaftServerConfigKeys (ConfUtils.java:logGet(44)) - raft.server.watch.timeout.denomination = 1s (default)
2021-08-10 07:21:02,303 [omNode-1@group-33FC8B15A7E9-LeaderElection6] INFO  server.RaftServerConfigKeys (ConfUtils.java:logGet(44)) - raft.server.watch.element-limit = 65536 (default)
2021-08-10 07:21:02,310 [omNode-1@group-33FC8B15A7E9-LeaderElection6] INFO  server.RaftServerConfigKeys (ConfUtils.java:logGet(44)) - raft.server.log.appender.snapshot.chunk.size.max = 16MB (=16777216) (default)
2021-08-10 07:21:02,310 [omNode-1@group-33FC8B15A7E9-LeaderElection6] INFO  server.RaftServerConfigKeys (ConfUtils.java:logGet(44)) - raft.server.log.appender.buffer.byte-limit = 33554432 (custom)
2021-08-10 07:21:02,313 [omNode-1@group-33FC8B15A7E9-LeaderElection6] INFO  server.RaftServerConfigKeys (ConfUtils.java:logGet(44)) - raft.server.log.appender.buffer.element-limit = 1024 (custom)
2021-08-10 07:21:02,316 [omNode-1@group-33FC8B15A7E9-LeaderElection6] INFO  grpc.GrpcConfigKeys (ConfUtils.java:logGet(44)) - raft.grpc.server.leader.outstanding.appends.max = 128 (default)
2021-08-10 07:21:02,316 [omNode-1@group-33FC8B15A7E9-LeaderElection6] INFO  server.RaftServerConfigKeys (ConfUtils.java:logGet(44)) - raft.server.rpc.request.timeout = 3000ms (default)
2021-08-10 07:21:02,317 [omNode-1@group-33FC8B15A7E9-LeaderElection6] INFO  server.RaftServerConfigKeys (ConfUtils.java:logGet(44)) - raft.server.log.appender.install.snapshot.enabled = false (custom)
2021-08-10 07:21:02,326 [omNode-1@group-33FC8B15A7E9-LeaderElection6] INFO  server.RaftServerConfigKeys (ConfUtils.java:logGet(44)) - raft.server.log.appender.snapshot.chunk.size.max = 16MB (=16777216) (default)
2021-08-10 07:21:02,326 [omNode-1@group-33FC8B15A7E9-LeaderElection6] INFO  server.RaftServerConfigKeys (ConfUtils.java:logGet(44)) - raft.server.log.appender.buffer.byte-limit = 33554432 (custom)
2021-08-10 07:21:02,326 [omNode-1@group-33FC8B15A7E9-LeaderElection6] INFO  server.RaftServerConfigKeys (ConfUtils.java:logGet(44)) - raft.server.log.appender.buffer.element-limit = 1024 (custom)
2021-08-10 07:21:02,326 [omNode-1@group-33FC8B15A7E9-LeaderElection6] INFO  grpc.GrpcConfigKeys (ConfUtils.java:logGet(44)) - raft.grpc.server.leader.outstanding.appends.max = 128 (default)
2021-08-10 07:21:02,327 [omNode-1@group-33FC8B15A7E9-LeaderElection6] INFO  server.RaftServerConfigKeys (ConfUtils.java:logGet(44)) - raft.server.rpc.request.timeout = 3000ms (default)
2021-08-10 07:21:02,327 [omNode-1@group-33FC8B15A7E9-LeaderElection6] INFO  server.RaftServerConfigKeys (ConfUtils.java:logGet(44)) - raft.server.log.appender.install.snapshot.enabled = false (custom)
2021-08-10 07:21:02,337 [omNode-1@group-33FC8B15A7E9-LeaderElection6] INFO  impl.RoleInfo (RoleInfo.java:updateAndGet(130)) - omNode-1: start omNode-1@group-33FC8B15A7E9-LeaderStateImpl
2021-08-10 07:21:02,337 [omNode-1@group-33FC8B15A7E9-LeaderElection6] INFO  segmented.SegmentedRaftLogWorker (SegmentedRaftLogWorker.java:startLogSegment(394)) - omNode-1@group-33FC8B15A7E9-SegmentedRaftLogWorker: Starting segment from index:0
2021-08-10 07:21:02,349 [omNode-1@group-33FC8B15A7E9-SegmentedRaftLogWorker] INFO  segmented.SegmentedRaftLogWorker (SegmentedRaftLogWorker.java:execute(601)) - omNode-1@group-33FC8B15A7E9-SegmentedRaftLogWorker: created new log segment /home/runner/work/ozone/ozone/hadoop-ozone/integration-test/target/test-dir/MiniOzoneClusterImpl-c2709307-340b-4da9-b87e-bf8cdd64b120/omNode-1/ratis/a5a8c63e-4922-3a03-b163-33fc8b15a7e9/current/log_inprogress_0
2021-08-10 07:21:02,362 [omNode-1@group-33FC8B15A7E9-LeaderElection6] INFO  server.RaftServer$Division (ServerState.java:setRaftConf(387)) - omNode-1@group-33FC8B15A7E9: set configuration 0: [omNode-3|rpc:localhost:10896|admin:|client:|dataStream:|priority:0, omNode-1|rpc:localhost:10884|admin:|client:|dataStream:|priority:0, omNode-2|rpc:localhost:10890|admin:|client:|dataStream:|priority:0], old=null
2021-08-10 07:21:02,401 [grpc-default-executor-1] INFO  server.RaftServer$Division (ServerState.java:setLeader(285)) - omNode-2@group-33FC8B15A7E9: change Leader from null to omNode-1 at term 2 for appendEntries, leader elected after 2688ms
2021-08-10 07:21:02,418 [grpc-default-executor-4] INFO  server.RaftServer$Division (ServerState.java:setLeader(285)) - omNode-3@group-33FC8B15A7E9: change Leader from null to omNode-1 at term 2 for appendEntries, leader elected after 2423ms
2021-08-10 07:21:02,434 [grpc-default-executor-1] INFO  server.RaftServer$Division (ServerState.java:setRaftConf(387)) - omNode-2@group-33FC8B15A7E9: set configuration 0: [omNode-3|rpc:localhost:10896|admin:|client:|dataStream:|priority:0, omNode-1|rpc:localhost:10884|admin:|client:|dataStream:|priority:0, omNode-2|rpc:localhost:10890|admin:|client:|dataStream:|priority:0], old=null
2021-08-10 07:21:02,434 [grpc-default-executor-1] INFO  segmented.SegmentedRaftLogWorker (SegmentedRaftLogWorker.java:startLogSegment(394)) - omNode-2@group-33FC8B15A7E9-SegmentedRaftLogWorker: Starting segment from index:0
2021-08-10 07:21:02,443 [grpc-default-executor-4] INFO  server.RaftServer$Division (ServerState.java:setRaftConf(387)) - omNode-3@group-33FC8B15A7E9: set configuration 0: [omNode-3|rpc:localhost:10896|admin:|client:|dataStream:|priority:0, omNode-1|rpc:localhost:10884|admin:|client:|dataStream:|priority:0, omNode-2|rpc:localhost:10890|admin:|client:|dataStream:|priority:0], old=null
2021-08-10 07:21:02,443 [grpc-default-executor-4] INFO  segmented.SegmentedRaftLogWorker (SegmentedRaftLogWorker.java:startLogSegment(394)) - omNode-3@group-33FC8B15A7E9-SegmentedRaftLogWorker: Starting segment from index:0
2021-08-10 07:21:02,458 [omNode-2@group-33FC8B15A7E9-SegmentedRaftLogWorker] INFO  segmented.SegmentedRaftLogWorker (SegmentedRaftLogWorker.java:execute(601)) - omNode-2@group-33FC8B15A7E9-SegmentedRaftLogWorker: created new log segment /home/runner/work/ozone/ozone/hadoop-ozone/integration-test/target/test-dir/MiniOzoneClusterImpl-c2709307-340b-4da9-b87e-bf8cdd64b120/omNode-2/ratis/a5a8c63e-4922-3a03-b163-33fc8b15a7e9/current/log_inprogress_0
2021-08-10 07:21:02,458 [omNode-3@group-33FC8B15A7E9-SegmentedRaftLogWorker] INFO  segmented.SegmentedRaftLogWorker (SegmentedRaftLogWorker.java:execute(601)) - omNode-3@group-33FC8B15A7E9-SegmentedRaftLogWorker: created new log segment /home/runner/work/ozone/ozone/hadoop-ozone/integration-test/target/test-dir/MiniOzoneClusterImpl-c2709307-340b-4da9-b87e-bf8cdd64b120/omNode-3/ratis/a5a8c63e-4922-3a03-b163-33fc8b15a7e9/current/log_inprogress_0
2021-08-10 07:21:02,504 [omNode-2@group-33FC8B15A7E9-StateMachineUpdater] INFO  ratis.OzoneManagerStateMachine (OzoneManagerStateMachine.java:notifyConfigurationChanged(188)) - Received Configuration change notification from Ratis. New Peer list:
[id: "omNode-3"
address: "localhost:10896"
, id: "omNode-1"
address: "localhost:10884"
, id: "omNode-2"
address: "localhost:10890"
]
2021-08-10 07:21:02,503 [omNode-1@group-33FC8B15A7E9-StateMachineUpdater] INFO  ratis.OzoneManagerStateMachine (OzoneManagerStateMachine.java:notifyConfigurationChanged(188)) - Received Configuration change notification from Ratis. New Peer list:
[id: "omNode-3"
address: "localhost:10896"
, id: "omNode-1"
address: "localhost:10884"
, id: "omNode-2"
address: "localhost:10890"
]
2021-08-10 07:21:02,503 [omNode-3@group-33FC8B15A7E9-StateMachineUpdater] INFO  ratis.OzoneManagerStateMachine (OzoneManagerStateMachine.java:notifyConfigurationChanged(188)) - Received Configuration change notification from Ratis. New Peer list:
[id: "omNode-3"
address: "localhost:10896"
, id: "omNode-1"
address: "localhost:10884"
, id: "omNode-2"
address: "localhost:10890"
]
2021-08-10 07:21:02,578 [Listener at 127.0.0.1/10892] INFO  ozone.MiniOzoneClusterImpl (MiniOzoneClusterImpl.java:lambda$waitForClusterToBeReady$0(235)) - Waiting for nodes to be ready. Got 0 of 3 DN Heartbeats.
2021-08-10 07:21:02,578 [Listener at 127.0.0.1/10892] INFO  ozone.MiniOzoneClusterImpl (MiniOzoneClusterImpl.java:lambda$waitForClusterToBeReady$0(238)) - Waiting for cluster to exit safe mode
2021-08-10 07:21:02,579 [Listener at 127.0.0.1/10892] INFO  ozone.MiniOzoneClusterImpl (MiniOzoneClusterImpl.java:lambda$waitForClusterToBeReady$0(240)) - SCM became leader
2021-08-10 07:21:03,061 [EndpointStateMachine task thread for /127.0.0.1:12677 - 0 ] INFO  ozoneimpl.OzoneContainer (OzoneContainer.java:start(305)) - Attempting to start container services.
2021-08-10 07:21:03,062 [EndpointStateMachine task thread for /127.0.0.1:12677 - 0 ] INFO  ozoneimpl.OzoneContainer (OzoneContainer.java:startContainerScrub(250)) - Background container scanner has been disabled.
2021-08-10 07:21:03,064 [EndpointStateMachine task thread for /127.0.0.1:12677 - 0 ] INFO  replication.ReplicationServer (ReplicationServer.java:start(106)) - ReplicationServer is started using port 41987
2021-08-10 07:21:03,068 [EndpointStateMachine task thread for /127.0.0.1:12677 - 0 ] INFO  ratis.XceiverServerRatis (XceiverServerRatis.java:start(478)) - Starting XceiverServerRatis 76897d42-f98f-4c19-b58f-ca2cbe3c8872
2021-08-10 07:21:03,068 [EndpointStateMachine task thread for /127.0.0.1:12677 - 0 ] INFO  server.RaftServer (RaftServerProxy.java:lambda$start$5(374)) - 76897d42-f98f-4c19-b58f-ca2cbe3c8872: start RPC server
2021-08-10 07:21:03,070 [EndpointStateMachine task thread for /127.0.0.1:12677 - 0 ] INFO  server.GrpcService (GrpcService.java:startImpl(253)) - 76897d42-f98f-4c19-b58f-ca2cbe3c8872: GrpcService started, listening on 44151
2021-08-10 07:21:03,070 [EndpointStateMachine task thread for /127.0.0.1:12677 - 0 ] INFO  ratis.XceiverServerRatis (XceiverServerRatis.java:getRealPort(499)) - XceiverServerRatis 76897d42-f98f-4c19-b58f-ca2cbe3c8872 is started using port 44151 for RATIS
2021-08-10 07:21:03,070 [EndpointStateMachine task thread for /127.0.0.1:12677 - 0 ] INFO  ratis.XceiverServerRatis (XceiverServerRatis.java:getRealPort(499)) - XceiverServerRatis 76897d42-f98f-4c19-b58f-ca2cbe3c8872 is started using port 44151 for RATIS_ADMIN
2021-08-10 07:21:03,070 [org.apache.ratis.util.JvmPauseMonitor$$Lambda$430/506160180@2a837a6f] INFO  util.JvmPauseMonitor (JvmPauseMonitor.java:run(103)) - JvmPauseMonitor-76897d42-f98f-4c19-b58f-ca2cbe3c8872: Started
2021-08-10 07:21:03,070 [EndpointStateMachine task thread for /127.0.0.1:12677 - 0 ] INFO  ratis.XceiverServerRatis (XceiverServerRatis.java:getRealPort(499)) - XceiverServerRatis 76897d42-f98f-4c19-b58f-ca2cbe3c8872 is started using port 44151 for RATIS_SERVER
2021-08-10 07:21:03,077 [EndpointStateMachine task thread for /127.0.0.1:12677 - 0 ] INFO  server.XceiverServerGrpc (XceiverServerGrpc.java:start(135)) - XceiverServerGrpc 76897d42-f98f-4c19-b58f-ca2cbe3c8872 is started using port 41041
2021-08-10 07:21:03,398 [EndpointStateMachine task thread for /127.0.0.1:12677 - 0 ] INFO  ozoneimpl.OzoneContainer (OzoneContainer.java:start(305)) - Attempting to start container services.
2021-08-10 07:21:03,398 [EndpointStateMachine task thread for /127.0.0.1:12677 - 0 ] INFO  ozoneimpl.OzoneContainer (OzoneContainer.java:startContainerScrub(250)) - Background container scanner has been disabled.
2021-08-10 07:21:03,399 [EndpointStateMachine task thread for /127.0.0.1:12677 - 0 ] INFO  replication.ReplicationServer (ReplicationServer.java:start(106)) - ReplicationServer is started using port 41755
2021-08-10 07:21:03,401 [EndpointStateMachine task thread for /127.0.0.1:12677 - 0 ] INFO  ratis.XceiverServerRatis (XceiverServerRatis.java:start(478)) - Starting XceiverServerRatis 9d17b7b9-a403-467f-9c18-cea608608412
2021-08-10 07:21:03,402 [EndpointStateMachine task thread for /127.0.0.1:12677 - 0 ] INFO  server.RaftServer (RaftServerProxy.java:lambda$start$5(374)) - 9d17b7b9-a403-467f-9c18-cea608608412: start RPC server
2021-08-10 07:21:03,403 [EndpointStateMachine task thread for /127.0.0.1:12677 - 0 ] INFO  server.GrpcService (GrpcService.java:startImpl(253)) - 9d17b7b9-a403-467f-9c18-cea608608412: GrpcService started, listening on 38501
2021-08-10 07:21:03,404 [EndpointStateMachine task thread for /127.0.0.1:12677 - 0 ] INFO  ratis.XceiverServerRatis (XceiverServerRatis.java:getRealPort(499)) - XceiverServerRatis 9d17b7b9-a403-467f-9c18-cea608608412 is started using port 38501 for RATIS
2021-08-10 07:21:03,404 [org.apache.ratis.util.JvmPauseMonitor$$Lambda$430/506160180@6fba46a3] INFO  util.JvmPauseMonitor (JvmPauseMonitor.java:run(103)) - JvmPauseMonitor-9d17b7b9-a403-467f-9c18-cea608608412: Started
2021-08-10 07:21:03,404 [EndpointStateMachine task thread for /127.0.0.1:12677 - 0 ] INFO  ratis.XceiverServerRatis (XceiverServerRatis.java:getRealPort(499)) - XceiverServerRatis 9d17b7b9-a403-467f-9c18-cea608608412 is started using port 38501 for RATIS_ADMIN
2021-08-10 07:21:03,404 [EndpointStateMachine task thread for /127.0.0.1:12677 - 0 ] INFO  ratis.XceiverServerRatis (XceiverServerRatis.java:getRealPort(499)) - XceiverServerRatis 9d17b7b9-a403-467f-9c18-cea608608412 is started using port 38501 for RATIS_SERVER
2021-08-10 07:21:03,405 [EndpointStateMachine task thread for /127.0.0.1:12677 - 0 ] INFO  server.XceiverServerGrpc (XceiverServerGrpc.java:start(135)) - XceiverServerGrpc 9d17b7b9-a403-467f-9c18-cea608608412 is started using port 42813
2021-08-10 07:21:03,579 [Listener at 127.0.0.1/10892] INFO  ozone.MiniOzoneClusterImpl (MiniOzoneClusterImpl.java:lambda$waitForClusterToBeReady$0(235)) - Waiting for nodes to be ready. Got 0 of 3 DN Heartbeats.
2021-08-10 07:21:03,579 [Listener at 127.0.0.1/10892] INFO  ozone.MiniOzoneClusterImpl (MiniOzoneClusterImpl.java:lambda$waitForClusterToBeReady$0(238)) - Waiting for cluster to exit safe mode
2021-08-10 07:21:03,579 [Listener at 127.0.0.1/10892] INFO  ozone.MiniOzoneClusterImpl (MiniOzoneClusterImpl.java:lambda$waitForClusterToBeReady$0(240)) - SCM became leader
2021-08-10 07:21:03,609 [EndpointStateMachine task thread for /127.0.0.1:12677 - 0 ] INFO  ozoneimpl.OzoneContainer (OzoneContainer.java:start(305)) - Attempting to start container services.
2021-08-10 07:21:03,610 [EndpointStateMachine task thread for /127.0.0.1:12677 - 0 ] INFO  ozoneimpl.OzoneContainer (OzoneContainer.java:startContainerScrub(250)) - Background container scanner has been disabled.
2021-08-10 07:21:03,613 [EndpointStateMachine task thread for /127.0.0.1:12677 - 0 ] INFO  replication.ReplicationServer (ReplicationServer.java:start(106)) - ReplicationServer is started using port 46773
2021-08-10 07:21:03,616 [EndpointStateMachine task thread for /127.0.0.1:12677 - 0 ] INFO  ratis.XceiverServerRatis (XceiverServerRatis.java:start(478)) - Starting XceiverServerRatis 12a15bd5-4321-4c17-a25c-f1df7459fe15
2021-08-10 07:21:03,636 [EndpointStateMachine task thread for /127.0.0.1:12677 - 0 ] INFO  server.RaftServer (RaftServerProxy.java:lambda$start$5(374)) - 12a15bd5-4321-4c17-a25c-f1df7459fe15: start RPC server
2021-08-10 07:21:03,643 [EndpointStateMachine task thread for /127.0.0.1:12677 - 0 ] INFO  server.GrpcService (GrpcService.java:startImpl(253)) - 12a15bd5-4321-4c17-a25c-f1df7459fe15: GrpcService started, listening on 38099
2021-08-10 07:21:03,650 [EndpointStateMachine task thread for /127.0.0.1:12677 - 0 ] INFO  ratis.XceiverServerRatis (XceiverServerRatis.java:getRealPort(499)) - XceiverServerRatis 12a15bd5-4321-4c17-a25c-f1df7459fe15 is started using port 38099 for RATIS
2021-08-10 07:21:03,650 [EndpointStateMachine task thread for /127.0.0.1:12677 - 0 ] INFO  ratis.XceiverServerRatis (XceiverServerRatis.java:getRealPort(499)) - XceiverServerRatis 12a15bd5-4321-4c17-a25c-f1df7459fe15 is started using port 38099 for RATIS_ADMIN
2021-08-10 07:21:03,650 [EndpointStateMachine task thread for /127.0.0.1:12677 - 0 ] INFO  ratis.XceiverServerRatis (XceiverServerRatis.java:getRealPort(499)) - XceiverServerRatis 12a15bd5-4321-4c17-a25c-f1df7459fe15 is started using port 38099 for RATIS_SERVER
2021-08-10 07:21:03,655 [EndpointStateMachine task thread for /127.0.0.1:12677 - 0 ] INFO  server.XceiverServerGrpc (XceiverServerGrpc.java:start(135)) - XceiverServerGrpc 12a15bd5-4321-4c17-a25c-f1df7459fe15 is started using port 40035
2021-08-10 07:21:03,659 [org.apache.ratis.util.JvmPauseMonitor$$Lambda$430/506160180@7413e5c] INFO  util.JvmPauseMonitor (JvmPauseMonitor.java:run(103)) - JvmPauseMonitor-12a15bd5-4321-4c17-a25c-f1df7459fe15: Started
2021-08-10 07:21:04,579 [Listener at 127.0.0.1/10892] INFO  ozone.MiniOzoneClusterImpl (MiniOzoneClusterImpl.java:lambda$waitForClusterToBeReady$0(235)) - Waiting for nodes to be ready. Got 0 of 3 DN Heartbeats.
2021-08-10 07:21:04,579 [Listener at 127.0.0.1/10892] INFO  ozone.MiniOzoneClusterImpl (MiniOzoneClusterImpl.java:lambda$waitForClusterToBeReady$0(238)) - Waiting for cluster to exit safe mode
2021-08-10 07:21:04,579 [Listener at 127.0.0.1/10892] INFO  ozone.MiniOzoneClusterImpl (MiniOzoneClusterImpl.java:lambda$waitForClusterToBeReady$0(240)) - SCM became leader
2021-08-10 07:21:05,038 [IPC Server handler 0 on default port 12677] INFO  net.NetworkTopologyImpl (NetworkTopologyImpl.java:add(112)) - Added a new node: /default-rack/76897d42-f98f-4c19-b58f-ca2cbe3c8872
2021-08-10 07:21:05,040 [IPC Server handler 0 on default port 12677] INFO  node.SCMNodeManager (SCMNodeManager.java:register(390)) - Registered Data node : 76897d42-f98f-4c19-b58f-ca2cbe3c8872{ip: 127.0.0.1, host: localhost, ports: [REPLICATION=41987, RATIS=44151, RATIS_ADMIN=44151, RATIS_SERVER=44151, STANDALONE=41041], networkLocation: /default-rack, certSerialId: null, persistedOpState: null, persistedOpStateExpiryEpochSec: 0}
2021-08-10 07:21:05,047 [EventQueue-NewNodeForNewNodeHandler] INFO  pipeline.BackgroundPipelineCreator (BackgroundPipelineCreatorV2.java:notifyEventTriggered(285)) - trigger a one-shot run on RatisPipelineUtilsThread.
2021-08-10 07:21:05,059 [RatisPipelineUtilsThread - 0] INFO  pipeline.RatisPipelineProvider (RatisPipelineProvider.java:lambda$create$0(183)) - Sending CreatePipelineCommand for pipeline:PipelineID=af7073e8-3aa6-483f-8c07-a8ad30e43c82 to datanode:76897d42-f98f-4c19-b58f-ca2cbe3c8872
2021-08-10 07:21:05,062 [EventQueue-NodeRegistrationContainerReportForDataNodeSafeModeRule] INFO  safemode.SCMSafeModeManager (DataNodeSafeModeRule.java:process(71)) - SCM in safe mode. 1 DataNodes registered, 3 required.
2021-08-10 07:21:05,077 [EventQueue-NodeRegistrationContainerReportForContainerSafeModeRule] INFO  safemode.SCMSafeModeManager (SCMSafeModeManager.java:validateSafeModeExitRules(204)) - ContainerSafeModeRule rule is successfully validated
2021-08-10 07:21:05,077 [EventQueue-PipelineReportForOneReplicaPipelineSafeModeRule] INFO  safemode.SCMSafeModeManager (SCMSafeModeManager.java:validateSafeModeExitRules(204)) - AtleastOneDatanodeReportedRule rule is successfully validated
2021-08-10 07:21:05,134 [56ac738e-179d-4cdf-8a87-ffc7b568c25f@group-BF8CDD64B120-StateMachineUpdater] INFO  pipeline.PipelineStateManager (PipelineStateManagerV2Impl.java:addPipeline(101)) - Created pipeline Pipeline[ Id: af7073e8-3aa6-483f-8c07-a8ad30e43c82, Nodes: 76897d42-f98f-4c19-b58f-ca2cbe3c8872{ip: 127.0.0.1, host: localhost, ports: [REPLICATION=41987, RATIS=44151, RATIS_ADMIN=44151, RATIS_SERVER=44151, STANDALONE=41041], networkLocation: /default-rack, certSerialId: null, persistedOpState: IN_SERVICE, persistedOpStateExpiryEpochSec: 0}, ReplicationConfig: RATIS/ONE, State:ALLOCATED, leaderId:, CreationTimestamp2021-08-10T07:21:05.055Z[Etc/UTC]].
2021-08-10 07:21:05,135 [56ac738e-179d-4cdf-8a87-ffc7b568c25f@group-BF8CDD64B120-StateMachineUpdater] INFO  safemode.HealthyPipelineSafeModeRule (HealthyPipelineSafeModeRule.java:initializeRule(152)) - Refreshed total pipeline count is 0, healthy pipeline threshold count is 1
2021-08-10 07:21:05,141 [RatisPipelineUtilsThread - 0] INFO  ha.SCMHAInvocationHandler (SCMHAInvocationHandler.java:invokeRatis(113)) - Invoking method public abstract void org.apache.hadoop.hdds.scm.pipeline.StateManager.addPipeline(org.apache.hadoop.hdds.protocol.proto.HddsProtos$Pipeline) throws java.io.IOException on target org.apache.hadoop.hdds.scm.ha.SCMRatisServerImpl@f901bab, cost 60040.847us
2021-08-10 07:21:05,396 [IPC Server handler 1 on default port 12677] INFO  net.NetworkTopologyImpl (NetworkTopologyImpl.java:add(112)) - Added a new node: /default-rack/9d17b7b9-a403-467f-9c18-cea608608412
2021-08-10 07:21:05,396 [IPC Server handler 1 on default port 12677] INFO  node.SCMNodeManager (SCMNodeManager.java:register(390)) - Registered Data node : 9d17b7b9-a403-467f-9c18-cea608608412{ip: 127.0.0.1, host: localhost, ports: [REPLICATION=41755, RATIS=38501, RATIS_ADMIN=38501, RATIS_SERVER=38501, STANDALONE=42813], networkLocation: /default-rack, certSerialId: null, persistedOpState: null, persistedOpStateExpiryEpochSec: 0}
2021-08-10 07:21:05,397 [EventQueue-NewNodeForNewNodeHandler] INFO  pipeline.BackgroundPipelineCreator (BackgroundPipelineCreatorV2.java:notifyEventTriggered(285)) - trigger a one-shot run on RatisPipelineUtilsThread.
2021-08-10 07:21:05,398 [EventQueue-NodeRegistrationContainerReportForDataNodeSafeModeRule] INFO  safemode.SCMSafeModeManager (DataNodeSafeModeRule.java:process(71)) - SCM in safe mode. 2 DataNodes registered, 3 required.
2021-08-10 07:21:05,398 [RatisPipelineUtilsThread - 0] INFO  pipeline.RatisPipelineProvider (RatisPipelineProvider.java:lambda$create$0(183)) - Sending CreatePipelineCommand for pipeline:PipelineID=fcda9ca2-1309-40c1-8702-da6aaa60dd7c to datanode:9d17b7b9-a403-467f-9c18-cea608608412
2021-08-10 07:21:05,401 [56ac738e-179d-4cdf-8a87-ffc7b568c25f@group-BF8CDD64B120-StateMachineUpdater] INFO  pipeline.PipelineStateManager (PipelineStateManagerV2Impl.java:addPipeline(101)) - Created pipeline Pipeline[ Id: fcda9ca2-1309-40c1-8702-da6aaa60dd7c, Nodes: 9d17b7b9-a403-467f-9c18-cea608608412{ip: 127.0.0.1, host: localhost, ports: [REPLICATION=41755, RATIS=38501, RATIS_ADMIN=38501, RATIS_SERVER=38501, STANDALONE=42813], networkLocation: /default-rack, certSerialId: null, persistedOpState: IN_SERVICE, persistedOpStateExpiryEpochSec: 0}, ReplicationConfig: RATIS/ONE, State:ALLOCATED, leaderId:, CreationTimestamp2021-08-10T07:21:05.398Z[Etc/UTC]].
2021-08-10 07:21:05,401 [56ac738e-179d-4cdf-8a87-ffc7b568c25f@group-BF8CDD64B120-StateMachineUpdater] INFO  safemode.HealthyPipelineSafeModeRule (HealthyPipelineSafeModeRule.java:initializeRule(152)) - Refreshed total pipeline count is 0, healthy pipeline threshold count is 1
2021-08-10 07:21:05,401 [RatisPipelineUtilsThread - 0] INFO  ha.SCMHAInvocationHandler (SCMHAInvocationHandler.java:invokeRatis(113)) - Invoking method public abstract void org.apache.hadoop.hdds.scm.pipeline.StateManager.addPipeline(org.apache.hadoop.hdds.protocol.proto.HddsProtos$Pipeline) throws java.io.IOException on target org.apache.hadoop.hdds.scm.ha.SCMRatisServerImpl@f901bab, cost 3000.723us
2021-08-10 07:21:05,580 [Listener at 127.0.0.1/10892] INFO  ozone.MiniOzoneClusterImpl (MiniOzoneClusterImpl.java:lambda$waitForClusterToBeReady$0(235)) - Waiting for nodes to be ready. Got 2 of 3 DN Heartbeats.
2021-08-10 07:21:05,580 [Listener at 127.0.0.1/10892] INFO  ozone.MiniOzoneClusterImpl (MiniOzoneClusterImpl.java:lambda$waitForClusterToBeReady$0(238)) - Waiting for cluster to exit safe mode
2021-08-10 07:21:05,580 [Listener at 127.0.0.1/10892] INFO  ozone.MiniOzoneClusterImpl (MiniOzoneClusterImpl.java:lambda$waitForClusterToBeReady$0(240)) - SCM became leader
2021-08-10 07:21:05,591 [IPC Server handler 6 on default port 12677] INFO  net.NetworkTopologyImpl (NetworkTopologyImpl.java:add(112)) - Added a new node: /default-rack/12a15bd5-4321-4c17-a25c-f1df7459fe15
2021-08-10 07:21:05,592 [IPC Server handler 6 on default port 12677] INFO  node.SCMNodeManager (SCMNodeManager.java:register(390)) - Registered Data node : 12a15bd5-4321-4c17-a25c-f1df7459fe15{ip: 127.0.0.1, host: localhost, ports: [REPLICATION=46773, RATIS=38099, RATIS_ADMIN=38099, RATIS_SERVER=38099, STANDALONE=40035], networkLocation: /default-rack, certSerialId: null, persistedOpState: null, persistedOpStateExpiryEpochSec: 0}
2021-08-10 07:21:05,592 [EventQueue-NewNodeForNewNodeHandler] INFO  pipeline.BackgroundPipelineCreator (BackgroundPipelineCreatorV2.java:notifyEventTriggered(285)) - trigger a one-shot run on RatisPipelineUtilsThread.
2021-08-10 07:21:05,594 [RatisPipelineUtilsThread - 0] INFO  pipeline.RatisPipelineProvider (RatisPipelineProvider.java:lambda$create$0(183)) - Sending CreatePipelineCommand for pipeline:PipelineID=e570cf38-0b46-4982-9691-038c41e7fc35 to datanode:12a15bd5-4321-4c17-a25c-f1df7459fe15
2021-08-10 07:21:05,594 [EventQueue-NodeRegistrationContainerReportForDataNodeSafeModeRule] INFO  safemode.SCMSafeModeManager (DataNodeSafeModeRule.java:process(71)) - SCM in safe mode. 3 DataNodes registered, 3 required.
2021-08-10 07:21:05,594 [EventQueue-NodeRegistrationContainerReportForDataNodeSafeModeRule] INFO  safemode.SCMSafeModeManager (SCMSafeModeManager.java:validateSafeModeExitRules(204)) - DataNodeSafeModeRule rule is successfully validated
2021-08-10 07:21:05,594 [EventQueue-NodeRegistrationContainerReportForDataNodeSafeModeRule] INFO  safemode.SCMSafeModeManager (SCMSafeModeManager.java:completePreCheck(233)) - All SCM safe mode pre check rules have passed
2021-08-10 07:21:05,594 [EventQueue-NodeRegistrationContainerReportForDataNodeSafeModeRule] WARN  events.EventQueue (EventQueue.java:fireEvent(194)) - No event handler registered for event TypedEvent{payloadType=SafeModeStatus, name='Safe mode status'}
2021-08-10 07:21:05,595 [EventQueue-NodeRegistrationContainerReportForDataNodeSafeModeRule] INFO  ha.SCMContext (SCMContext.java:updateSafeModeStatus(205)) - Update SafeModeStatus from SafeModeStatus{safeModeStatus=true, preCheckPassed=false} to SafeModeStatus{safeModeStatus=true, preCheckPassed=true}.
2021-08-10 07:21:05,595 [EventQueue-NodeRegistrationContainerReportForDataNodeSafeModeRule] INFO  pipeline.BackgroundPipelineCreator (BackgroundPipelineCreatorV2.java:notifyEventTriggered(285)) - trigger a one-shot run on RatisPipelineUtilsThread.
2021-08-10 07:21:05,596 [56ac738e-179d-4cdf-8a87-ffc7b568c25f@group-BF8CDD64B120-StateMachineUpdater] INFO  pipeline.PipelineStateManager (PipelineStateManagerV2Impl.java:addPipeline(101)) - Created pipeline Pipeline[ Id: e570cf38-0b46-4982-9691-038c41e7fc35, Nodes: 12a15bd5-4321-4c17-a25c-f1df7459fe15{ip: 127.0.0.1, host: localhost, ports: [REPLICATION=46773, RATIS=38099, RATIS_ADMIN=38099, RATIS_SERVER=38099, STANDALONE=40035], networkLocation: /default-rack, certSerialId: null, persistedOpState: IN_SERVICE, persistedOpStateExpiryEpochSec: 0}, ReplicationConfig: RATIS/ONE, State:ALLOCATED, leaderId:, CreationTimestamp2021-08-10T07:21:05.594Z[Etc/UTC]].
2021-08-10 07:21:05,597 [56ac738e-179d-4cdf-8a87-ffc7b568c25f@group-BF8CDD64B120-StateMachineUpdater] INFO  safemode.HealthyPipelineSafeModeRule (HealthyPipelineSafeModeRule.java:initializeRule(152)) - Refreshed total pipeline count is 0, healthy pipeline threshold count is 1
2021-08-10 07:21:05,597 [RatisPipelineUtilsThread - 0] INFO  ha.SCMHAInvocationHandler (SCMHAInvocationHandler.java:invokeRatis(113)) - Invoking method public abstract void org.apache.hadoop.hdds.scm.pipeline.StateManager.addPipeline(org.apache.hadoop.hdds.protocol.proto.HddsProtos$Pipeline) throws java.io.IOException on target org.apache.hadoop.hdds.scm.ha.SCMRatisServerImpl@f901bab, cost 3070.223us
2021-08-10 07:21:05,601 [RatisPipelineUtilsThread - 0] INFO  pipeline.RatisPipelineProvider (RatisPipelineProvider.java:lambda$create$0(183)) - Sending CreatePipelineCommand for pipeline:PipelineID=f35ad40b-2989-4c72-b188-c513d31a15a9 to datanode:9d17b7b9-a403-467f-9c18-cea608608412
2021-08-10 07:21:05,601 [RatisPipelineUtilsThread - 0] INFO  pipeline.RatisPipelineProvider (RatisPipelineProvider.java:lambda$create$0(183)) - Sending CreatePipelineCommand for pipeline:PipelineID=f35ad40b-2989-4c72-b188-c513d31a15a9 to datanode:12a15bd5-4321-4c17-a25c-f1df7459fe15
2021-08-10 07:21:05,601 [RatisPipelineUtilsThread - 0] INFO  pipeline.RatisPipelineProvider (RatisPipelineProvider.java:lambda$create$0(183)) - Sending CreatePipelineCommand for pipeline:PipelineID=f35ad40b-2989-4c72-b188-c513d31a15a9 to datanode:76897d42-f98f-4c19-b58f-ca2cbe3c8872
2021-08-10 07:21:05,604 [56ac738e-179d-4cdf-8a87-ffc7b568c25f@group-BF8CDD64B120-StateMachineUpdater] INFO  pipeline.PipelineStateManager (PipelineStateManagerV2Impl.java:addPipeline(101)) - Created pipeline Pipeline[ Id: f35ad40b-2989-4c72-b188-c513d31a15a9, Nodes: 9d17b7b9-a403-467f-9c18-cea608608412{ip: 127.0.0.1, host: localhost, ports: [REPLICATION=41755, RATIS=38501, RATIS_ADMIN=38501, RATIS_SERVER=38501, STANDALONE=42813], networkLocation: /default-rack, certSerialId: null, persistedOpState: IN_SERVICE, persistedOpStateExpiryEpochSec: 0}12a15bd5-4321-4c17-a25c-f1df7459fe15{ip: 127.0.0.1, host: localhost, ports: [REPLICATION=46773, RATIS=38099, RATIS_ADMIN=38099, RATIS_SERVER=38099, STANDALONE=40035], networkLocation: /default-rack, certSerialId: null, persistedOpState: IN_SERVICE, persistedOpStateExpiryEpochSec: 0}76897d42-f98f-4c19-b58f-ca2cbe3c8872{ip: 127.0.0.1, host: localhost, ports: [REPLICATION=41987, RATIS=44151, RATIS_ADMIN=44151, RATIS_SERVER=44151, STANDALONE=41041], networkLocation: /default-rack, certSerialId: null, persistedOpState: IN_SERVICE, persistedOpStateExpiryEpochSec: 0}, ReplicationConfig: RATIS/THREE, State:ALLOCATED, leaderId:, CreationTimestamp2021-08-10T07:21:05.601Z[Etc/UTC]].
2021-08-10 07:21:05,604 [56ac738e-179d-4cdf-8a87-ffc7b568c25f@group-BF8CDD64B120-StateMachineUpdater] INFO  safemode.HealthyPipelineSafeModeRule (HealthyPipelineSafeModeRule.java:initializeRule(152)) - Refreshed total pipeline count is 0, healthy pipeline threshold count is 1
2021-08-10 07:21:05,604 [RatisPipelineUtilsThread - 0] INFO  ha.SCMHAInvocationHandler (SCMHAInvocationHandler.java:invokeRatis(113)) - Invoking method public abstract void org.apache.hadoop.hdds.scm.pipeline.StateManager.addPipeline(org.apache.hadoop.hdds.protocol.proto.HddsProtos$Pipeline) throws java.io.IOException on target org.apache.hadoop.hdds.scm.ha.SCMRatisServerImpl@f901bab, cost 2958.322us
2021-08-10 07:21:05,606 [RatisPipelineUtilsThread - 0] INFO  pipeline.RatisPipelineProvider (RatisPipelineProvider.java:lambda$create$0(183)) - Sending CreatePipelineCommand for pipeline:PipelineID=191ef804-04b9-4f33-8ef0-6f7ec01b3871 to datanode:12a15bd5-4321-4c17-a25c-f1df7459fe15
2021-08-10 07:21:05,606 [RatisPipelineUtilsThread - 0] INFO  pipeline.RatisPipelineProvider (RatisPipelineProvider.java:lambda$create$0(183)) - Sending CreatePipelineCommand for pipeline:PipelineID=191ef804-04b9-4f33-8ef0-6f7ec01b3871 to datanode:9d17b7b9-a403-467f-9c18-cea608608412
2021-08-10 07:21:05,606 [RatisPipelineUtilsThread - 0] INFO  pipeline.RatisPipelineProvider (RatisPipelineProvider.java:lambda$create$0(183)) - Sending CreatePipelineCommand for pipeline:PipelineID=191ef804-04b9-4f33-8ef0-6f7ec01b3871 to datanode:76897d42-f98f-4c19-b58f-ca2cbe3c8872
2021-08-10 07:21:05,609 [56ac738e-179d-4cdf-8a87-ffc7b568c25f@group-BF8CDD64B120-StateMachineUpdater] INFO  pipeline.PipelineStateManager (PipelineStateManagerV2Impl.java:addPipeline(101)) - Created pipeline Pipeline[ Id: 191ef804-04b9-4f33-8ef0-6f7ec01b3871, Nodes: 12a15bd5-4321-4c17-a25c-f1df7459fe15{ip: 127.0.0.1, host: localhost, ports: [REPLICATION=46773, RATIS=38099, RATIS_ADMIN=38099, RATIS_SERVER=38099, STANDALONE=40035], networkLocation: /default-rack, certSerialId: null, persistedOpState: IN_SERVICE, persistedOpStateExpiryEpochSec: 0}9d17b7b9-a403-467f-9c18-cea608608412{ip: 127.0.0.1, host: localhost, ports: [REPLICATION=41755, RATIS=38501, RATIS_ADMIN=38501, RATIS_SERVER=38501, STANDALONE=42813], networkLocation: /default-rack, certSerialId: null, persistedOpState: IN_SERVICE, persistedOpStateExpiryEpochSec: 0}76897d42-f98f-4c19-b58f-ca2cbe3c8872{ip: 127.0.0.1, host: localhost, ports: [REPLICATION=41987, RATIS=44151, RATIS_ADMIN=44151, RATIS_SERVER=44151, STANDALONE=41041], networkLocation: /default-rack, certSerialId: null, persistedOpState: IN_SERVICE, persistedOpStateExpiryEpochSec: 0}, ReplicationConfig: RATIS/THREE, State:ALLOCATED, leaderId:, CreationTimestamp2021-08-10T07:21:05.606Z[Etc/UTC]].
2021-08-10 07:21:05,609 [56ac738e-179d-4cdf-8a87-ffc7b568c25f@group-BF8CDD64B120-StateMachineUpdater] INFO  safemode.HealthyPipelineSafeModeRule (HealthyPipelineSafeModeRule.java:initializeRule(152)) - Refreshed total pipeline count is 0, healthy pipeline threshold count is 1
2021-08-10 07:21:05,609 [RatisPipelineUtilsThread - 0] INFO  ha.SCMHAInvocationHandler (SCMHAInvocationHandler.java:invokeRatis(113)) - Invoking method public abstract void org.apache.hadoop.hdds.scm.pipeline.StateManager.addPipeline(org.apache.hadoop.hdds.protocol.proto.HddsProtos$Pipeline) throws java.io.IOException on target org.apache.hadoop.hdds.scm.ha.SCMRatisServerImpl@f901bab, cost 2687.72us
2021-08-10 07:21:05,610 [RatisPipelineUtilsThread - 0] INFO  pipeline.PipelineManagerV2Impl (PipelineManagerV2Impl.java:recordMetricsForPipeline(614)) - Pipeline: PipelineID=191ef804-04b9-4f33-8ef0-6f7ec01b3871 contains same datanodes as previous pipelines: PipelineID=f35ad40b-2989-4c72-b188-c513d31a15a9 nodeIds: 12a15bd5-4321-4c17-a25c-f1df7459fe15, 9d17b7b9-a403-467f-9c18-cea608608412, 76897d42-f98f-4c19-b58f-ca2cbe3c8872
2021-08-10 07:21:06,580 [Listener at 127.0.0.1/10892] INFO  ozone.MiniOzoneClusterImpl (MiniOzoneClusterImpl.java:lambda$waitForClusterToBeReady$0(235)) - Nodes are ready. Got 3 of 3 DN Heartbeats.
2021-08-10 07:21:06,581 [Listener at 127.0.0.1/10892] INFO  ozone.MiniOzoneClusterImpl (MiniOzoneClusterImpl.java:lambda$waitForClusterToBeReady$0(238)) - Waiting for cluster to exit safe mode
2021-08-10 07:21:06,581 [Listener at 127.0.0.1/10892] INFO  ozone.MiniOzoneClusterImpl (MiniOzoneClusterImpl.java:lambda$waitForClusterToBeReady$0(240)) - SCM became leader
2021-08-10 07:21:07,581 [Listener at 127.0.0.1/10892] INFO  ozone.MiniOzoneClusterImpl (MiniOzoneClusterImpl.java:lambda$waitForClusterToBeReady$0(235)) - Nodes are ready. Got 3 of 3 DN Heartbeats.
2021-08-10 07:21:07,581 [Listener at 127.0.0.1/10892] INFO  ozone.MiniOzoneClusterImpl (MiniOzoneClusterImpl.java:lambda$waitForClusterToBeReady$0(238)) - Waiting for cluster to exit safe mode
2021-08-10 07:21:07,581 [Listener at 127.0.0.1/10892] INFO  ozone.MiniOzoneClusterImpl (MiniOzoneClusterImpl.java:lambda$waitForClusterToBeReady$0(240)) - SCM became leader
2021-08-10 07:21:08,002 [Command processor thread] INFO  server.RaftServer (RaftServerProxy.java:addNew(95)) - 76897d42-f98f-4c19-b58f-ca2cbe3c8872: addNew group-A8AD30E43C82:[76897d42-f98f-4c19-b58f-ca2cbe3c8872|rpc:127.0.0.1:44151|priority:1] returns group-A8AD30E43C82:java.util.concurrent.CompletableFuture@2032a145[Not completed]
2021-08-10 07:21:08,019 [pool-101-thread-1] INFO  server.RaftServer$Division (RaftServerImpl.java:<init>(181)) - 76897d42-f98f-4c19-b58f-ca2cbe3c8872: new RaftServerImpl for group-A8AD30E43C82:[76897d42-f98f-4c19-b58f-ca2cbe3c8872|rpc:127.0.0.1:44151|priority:1] with ContainerStateMachine:uninitialized
2021-08-10 07:21:08,023 [pool-101-thread-1] INFO  server.RaftServerConfigKeys (ConfUtils.java:logGet(44)) - raft.server.rpc.timeout.min = 5s (custom)
2021-08-10 07:21:08,023 [pool-101-thread-1] INFO  server.RaftServerConfigKeys (ConfUtils.java:logGet(44)) - raft.server.rpc.timeout.max = 5200ms (custom)
2021-08-10 07:21:08,023 [pool-101-thread-1] INFO  server.RaftServerConfigKeys (ConfUtils.java:logGet(44)) - raft.server.rpc.sleep.time = 25ms (default)
2021-08-10 07:21:08,024 [pool-101-thread-1] INFO  server.RaftServerConfigKeys (ConfUtils.java:logGet(44)) - raft.server.rpc.slowness.timeout = 300s (custom)
2021-08-10 07:21:08,024 [pool-101-thread-1] INFO  server.RaftServerConfigKeys (ConfUtils.java:logGet(44)) - raft.server.leaderelection.leader.step-down.wait-time = 10s (default)
2021-08-10 07:21:08,024 [pool-101-thread-1] INFO  server.RaftServerConfigKeys (ConfUtils.java:logGet(44)) - raft.server.sleep.deviation.threshold = 300ms (default)
2021-08-10 07:21:08,024 [pool-101-thread-1] INFO  server.RaftServerConfigKeys (ConfUtils.java:logGet(44)) - raft.server.log.appender.install.snapshot.enabled = false (custom)
2021-08-10 07:21:08,024 [pool-101-thread-1] INFO  server.RaftServer$Division (ServerState.java:<init>(105)) - 76897d42-f98f-4c19-b58f-ca2cbe3c8872@group-A8AD30E43C82: ConfigurationManager, init=-1: [76897d42-f98f-4c19-b58f-ca2cbe3c8872|rpc:127.0.0.1:44151|priority:1], old=null, confs=<EMPTY_MAP>
2021-08-10 07:21:08,024 [pool-101-thread-1] INFO  server.RaftServerConfigKeys (ConfUtils.java:logGet(44)) - raft.server.storage.dir = [/home/runner/work/ozone/ozone/hadoop-ozone/integration-test/target/test-dir/MiniOzoneClusterImpl-c2709307-340b-4da9-b87e-bf8cdd64b120/datanode-0/data/ratis] (custom)
2021-08-10 07:21:08,024 [pool-101-thread-1] INFO  server.RaftServerConfigKeys (ConfUtils.java:logGet(44)) - raft.server.log.corruption.policy = EXCEPTION (default)
2021-08-10 07:21:08,024 [pool-101-thread-1] INFO  server.RaftServerConfigKeys (ConfUtils.java:logGet(44)) - raft.server.storage.free-space.min = 0MB (=0) (default)
2021-08-10 07:21:08,024 [pool-101-thread-1] INFO  storage.RaftStorageDirectory (RaftStorageDirectoryImpl.java:analyzeStorage(135)) - The storage directory /home/runner/work/ozone/ozone/hadoop-ozone/integration-test/target/test-dir/MiniOzoneClusterImpl-c2709307-340b-4da9-b87e-bf8cdd64b120/datanode-0/data/ratis/af7073e8-3aa6-483f-8c07-a8ad30e43c82 does not exist. Creating ...
2021-08-10 07:21:08,026 [pool-101-thread-1] INFO  storage.RaftStorageDirectory (RaftStorageDirectoryImpl.java:tryLock(230)) - Lock on /home/runner/work/ozone/ozone/hadoop-ozone/integration-test/target/test-dir/MiniOzoneClusterImpl-c2709307-340b-4da9-b87e-bf8cdd64b120/datanode-0/data/ratis/af7073e8-3aa6-483f-8c07-a8ad30e43c82/in_use.lock acquired by nodename 25859@fv-az12-876
2021-08-10 07:21:08,029 [pool-101-thread-1] INFO  storage.RaftStorage (RaftStorageImpl.java:format(89)) - Storage directory /home/runner/work/ozone/ozone/hadoop-ozone/integration-test/target/test-dir/MiniOzoneClusterImpl-c2709307-340b-4da9-b87e-bf8cdd64b120/datanode-0/data/ratis/af7073e8-3aa6-483f-8c07-a8ad30e43c82 has been successfully formatted.
2021-08-10 07:21:08,034 [pool-101-thread-1] INFO  ratis.ContainerStateMachine (ContainerStateMachine.java:loadSnapshot(223)) - group-A8AD30E43C82: The snapshot info is null. Setting the last applied indexto:(t:0, i:~)
2021-08-10 07:21:08,034 [pool-101-thread-1] INFO  server.RaftServerConfigKeys (ConfUtils.java:logGet(44)) - raft.server.notification.no-leader.timeout = 300s (custom)
2021-08-10 07:21:08,035 [Datanode State Machine Thread - 0] WARN  statemachine.StateContext (StateContext.java:execute(621)) - No available thread in pool for past 1 seconds.
2021-08-10 07:21:08,035 [pool-101-thread-1] INFO  server.RaftServerConfigKeys (ConfUtils.java:logGet(44)) - raft.server.log.use.memory = false (default)
2021-08-10 07:21:08,043 [pool-101-thread-1] INFO  server.RaftServerConfigKeys (ConfUtils.java:logGet(44)) - raft.server.log.purge.gap = 1000000 (custom)
2021-08-10 07:21:08,043 [pool-101-thread-1] INFO  server.RaftServerConfigKeys (ConfUtils.java:logGet(44)) - raft.server.log.appender.buffer.byte-limit = 33554432 (custom)
2021-08-10 07:21:08,044 [pool-101-thread-1] INFO  server.RaftServerConfigKeys (ConfUtils.java:logGet(44)) - raft.server.log.segment.size.max = 1048576 (custom)
2021-08-10 07:21:08,045 [pool-101-thread-1] INFO  server.RaftServerConfigKeys (ConfUtils.java:logGet(44)) - raft.server.log.segment.cache.num.max = 2 (custom)
2021-08-10 07:21:08,045 [pool-101-thread-1] INFO  server.RaftServerConfigKeys (ConfUtils.java:logGet(44)) - raft.server.log.segment.cache.size.max = 200MB (=209715200) (default)
2021-08-10 07:21:08,045 [pool-101-thread-1] INFO  segmented.SegmentedRaftLogWorker (SegmentedRaftLogWorker.java:<init>(182)) - new 76897d42-f98f-4c19-b58f-ca2cbe3c8872@group-A8AD30E43C82-SegmentedRaftLogWorker for RaftStorageImpl:Storage Directory /home/runner/work/ozone/ozone/hadoop-ozone/integration-test/target/test-dir/MiniOzoneClusterImpl-c2709307-340b-4da9-b87e-bf8cdd64b120/datanode-0/data/ratis/af7073e8-3aa6-483f-8c07-a8ad30e43c82
2021-08-10 07:21:08,045 [pool-101-thread-1] INFO  server.RaftServerConfigKeys (ConfUtils.java:logGet(44)) - raft.server.log.queue.byte-limit = 2147483647 (custom)
2021-08-10 07:21:08,045 [pool-101-thread-1] INFO  server.RaftServerConfigKeys (ConfUtils.java:logGet(44)) - raft.server.log.queue.element-limit = 1024 (custom)
2021-08-10 07:21:08,045 [pool-101-thread-1] INFO  server.RaftServerConfigKeys (ConfUtils.java:logGet(44)) - raft.server.log.segment.size.max = 1048576 (custom)
2021-08-10 07:21:08,046 [pool-101-thread-1] INFO  server.RaftServerConfigKeys (ConfUtils.java:logGet(44)) - raft.server.log.preallocated.size = 16384 (custom)
2021-08-10 07:21:08,046 [pool-101-thread-1] INFO  server.RaftServerConfigKeys (ConfUtils.java:logGet(44)) - raft.server.log.force.sync.num = 128 (default)
2021-08-10 07:21:08,046 [pool-101-thread-1] INFO  server.RaftServerConfigKeys (ConfUtils.java:logGet(44)) - raft.server.log.statemachine.data.sync = true (default)
2021-08-10 07:21:08,046 [pool-101-thread-1] INFO  server.RaftServerConfigKeys (ConfUtils.java:logGet(44)) - raft.server.log.statemachine.data.sync.timeout = 10s (default)
2021-08-10 07:21:08,046 [pool-101-thread-1] INFO  server.RaftServerConfigKeys (ConfUtils.java:logGet(44)) - raft.server.log.statemachine.data.sync.timeout.retry = -1 (default)
2021-08-10 07:21:08,047 [pool-101-thread-1] INFO  server.RaftServerConfigKeys (ConfUtils.java:logGet(44)) - raft.server.log.write.buffer.size = 1048576 (custom)
2021-08-10 07:21:08,048 [pool-101-thread-1] INFO  server.RaftServerConfigKeys (ConfUtils.java:logGet(44)) - raft.server.log.statemachine.data.caching.enabled = true (custom)
2021-08-10 07:21:08,048 [pool-101-thread-1] INFO  segmented.SegmentedRaftLogWorker (SegmentedRaftLogWorker.java:lambda$new$0(133)) - 76897d42-f98f-4c19-b58f-ca2cbe3c8872@group-A8AD30E43C82-SegmentedRaftLogWorker: flushIndex: setUnconditionally 0 -> -1
2021-08-10 07:21:08,048 [pool-101-thread-1] INFO  segmented.SegmentedRaftLogWorker (SegmentedRaftLogWorker.java:lambda$new$0(133)) - 76897d42-f98f-4c19-b58f-ca2cbe3c8872@group-A8AD30E43C82-SegmentedRaftLogWorker: safeCacheEvictIndex: setUnconditionally 0 -> -1
2021-08-10 07:21:08,052 [EventQueue-PipelineReportForPipelineReportHandler] INFO  pipeline.PipelineManagerV2Impl (PipelineManagerV2Impl.java:openPipeline(283)) - Pipeline Pipeline[ Id: af7073e8-3aa6-483f-8c07-a8ad30e43c82, Nodes: 76897d42-f98f-4c19-b58f-ca2cbe3c8872{ip: 127.0.0.1, host: localhost, ports: [REPLICATION=41987, RATIS=44151, RATIS_ADMIN=44151, RATIS_SERVER=44151, STANDALONE=41041], networkLocation: /default-rack, certSerialId: null, persistedOpState: IN_SERVICE, persistedOpStateExpiryEpochSec: 0}, ReplicationConfig: RATIS/ONE, State:ALLOCATED, leaderId:76897d42-f98f-4c19-b58f-ca2cbe3c8872, CreationTimestamp2021-08-10T07:21:05.055Z[Etc/UTC]] moved to OPEN state
2021-08-10 07:21:08,053 [pool-101-thread-1] INFO  server.RaftServerConfigKeys (ConfUtils.java:logGet(44)) - raft.server.snapshot.auto.trigger.enabled = true (custom)
2021-08-10 07:21:08,056 [56ac738e-179d-4cdf-8a87-ffc7b568c25f@group-BF8CDD64B120-StateMachineUpdater] INFO  safemode.HealthyPipelineSafeModeRule (HealthyPipelineSafeModeRule.java:initializeRule(152)) - Refreshed total pipeline count is 0, healthy pipeline threshold count is 1
2021-08-10 07:21:08,058 [pool-101-thread-1] INFO  server.RaftServerConfigKeys (ConfUtils.java:logGet(44)) - raft.server.snapshot.auto.trigger.threshold = 10000 (custom)
2021-08-10 07:21:08,058 [pool-101-thread-1] INFO  server.RaftServerConfigKeys (ConfUtils.java:logGet(44)) - raft.server.snapshot.retention.file.num = 5 (custom)
2021-08-10 07:21:08,059 [pool-101-thread-1] INFO  server.RaftServerConfigKeys (ConfUtils.java:logGet(44)) - raft.server.log.purge.upto.snapshot.index = false (default)
2021-08-10 07:21:08,059 [EventQueue-PipelineReportForPipelineReportHandler] INFO  ha.SCMHAInvocationHandler (SCMHAInvocationHandler.java:invokeRatis(113)) - Invoking method public abstract void org.apache.hadoop.hdds.scm.pipeline.StateManager.updatePipelineState(org.apache.hadoop.hdds.protocol.proto.HddsProtos$PipelineID,org.apache.hadoop.hdds.protocol.proto.HddsProtos$PipelineState) throws java.io.IOException on target org.apache.hadoop.hdds.scm.ha.SCMRatisServerImpl@f901bab, cost 5896.844us
2021-08-10 07:21:08,061 [pool-101-thread-1] INFO  server.RaftServerConfigKeys (ConfUtils.java:logGet(44)) - raft.server.retrycache.expirytime = 600000ms (custom)
2021-08-10 07:21:08,061 [pool-101-thread-1] INFO  server.RaftServerConfigKeys (ConfUtils.java:logGet(44)) - raft.server.retrycache.statistics.expirytime = 100μs (default)
2021-08-10 07:21:08,063 [pool-101-thread-1] INFO  server.RaftServer$Division (RaftServerImpl.java:start(296)) - 76897d42-f98f-4c19-b58f-ca2cbe3c8872@group-A8AD30E43C82: start as a follower, conf=-1: [76897d42-f98f-4c19-b58f-ca2cbe3c8872|rpc:127.0.0.1:44151|priority:1], old=null
2021-08-10 07:21:08,063 [pool-101-thread-1] INFO  server.RaftServer$Division (RaftServerImpl.java:setRole(285)) - 76897d42-f98f-4c19-b58f-ca2cbe3c8872@group-A8AD30E43C82: changes role from      null to FOLLOWER at term 0 for startAsFollower
2021-08-10 07:21:08,063 [pool-101-thread-1] INFO  impl.RoleInfo (RoleInfo.java:updateAndGet(130)) - 76897d42-f98f-4c19-b58f-ca2cbe3c8872: start 76897d42-f98f-4c19-b58f-ca2cbe3c8872@group-A8AD30E43C82-FollowerState
2021-08-10 07:21:08,063 [pool-101-thread-1] INFO  util.JmxRegister (JmxRegister.java:tryRegister(44)) - Successfully registered JMX Bean with object name Ratis:service=RaftServer,group=group-A8AD30E43C82,id=76897d42-f98f-4c19-b58f-ca2cbe3c8872
2021-08-10 07:21:08,067 [EventQueue-OpenPipelineForHealthyPipelineSafeModeRule] INFO  safemode.SCMSafeModeManager (HealthyPipelineSafeModeRule.java:process(124)) - SCM in safe mode. Healthy pipelines reported count is 0, required healthy pipeline reported count is 1
2021-08-10 07:21:08,069 [Command processor thread] INFO  ratis.XceiverServerRatis (XceiverServerRatis.java:addGroup(759)) - Created group PipelineID=af7073e8-3aa6-483f-8c07-a8ad30e43c82
2021-08-10 07:21:08,069 [Command processor thread] INFO  commandhandler.CreatePipelineCommandHandler (CreatePipelineCommandHandler.java:handle(106)) - Created Pipeline RATIS ONE PipelineID=af7073e8-3aa6-483f-8c07-a8ad30e43c82.
2021-08-10 07:21:08,070 [Command processor thread] INFO  server.RaftServer (RaftServerProxy.java:addNew(95)) - 76897d42-f98f-4c19-b58f-ca2cbe3c8872: addNew group-C513D31A15A9:[12a15bd5-4321-4c17-a25c-f1df7459fe15|rpc:127.0.0.1:38099|priority:0, 76897d42-f98f-4c19-b58f-ca2cbe3c8872|rpc:127.0.0.1:44151|priority:1, 9d17b7b9-a403-467f-9c18-cea608608412|rpc:127.0.0.1:38501|priority:0] returns group-C513D31A15A9:java.util.concurrent.CompletableFuture@3619704f[Not completed]
2021-08-10 07:21:08,071 [pool-101-thread-1] INFO  server.RaftServer$Division (RaftServerImpl.java:<init>(181)) - 76897d42-f98f-4c19-b58f-ca2cbe3c8872: new RaftServerImpl for group-C513D31A15A9:[12a15bd5-4321-4c17-a25c-f1df7459fe15|rpc:127.0.0.1:38099|priority:0, 76897d42-f98f-4c19-b58f-ca2cbe3c8872|rpc:127.0.0.1:44151|priority:1, 9d17b7b9-a403-467f-9c18-cea608608412|rpc:127.0.0.1:38501|priority:0] with ContainerStateMachine:uninitialized
2021-08-10 07:21:08,071 [pool-101-thread-1] INFO  server.RaftServerConfigKeys (ConfUtils.java:logGet(44)) - raft.server.rpc.timeout.min = 5s (custom)
2021-08-10 07:21:08,071 [pool-101-thread-1] INFO  server.RaftServerConfigKeys (ConfUtils.java:logGet(44)) - raft.server.rpc.timeout.max = 5200ms (custom)
2021-08-10 07:21:08,071 [pool-101-thread-1] INFO  server.RaftServerConfigKeys (ConfUtils.java:logGet(44)) - raft.server.rpc.sleep.time = 25ms (default)
2021-08-10 07:21:08,072 [pool-101-thread-1] INFO  server.RaftServerConfigKeys (ConfUtils.java:logGet(44)) - raft.server.rpc.slowness.timeout = 300s (custom)
2021-08-10 07:21:08,072 [pool-101-thread-1] INFO  server.RaftServerConfigKeys (ConfUtils.java:logGet(44)) - raft.server.leaderelection.leader.step-down.wait-time = 10s (default)
2021-08-10 07:21:08,072 [pool-101-thread-1] INFO  server.RaftServerConfigKeys (ConfUtils.java:logGet(44)) - raft.server.sleep.deviation.threshold = 300ms (default)
2021-08-10 07:21:08,072 [pool-101-thread-1] INFO  server.RaftServerConfigKeys (ConfUtils.java:logGet(44)) - raft.server.log.appender.install.snapshot.enabled = false (custom)
2021-08-10 07:21:08,072 [pool-101-thread-1] INFO  server.RaftServer$Division (ServerState.java:<init>(105)) - 76897d42-f98f-4c19-b58f-ca2cbe3c8872@group-C513D31A15A9: ConfigurationManager, init=-1: [12a15bd5-4321-4c17-a25c-f1df7459fe15|rpc:127.0.0.1:38099|priority:0, 76897d42-f98f-4c19-b58f-ca2cbe3c8872|rpc:127.0.0.1:44151|priority:1, 9d17b7b9-a403-467f-9c18-cea608608412|rpc:127.0.0.1:38501|priority:0], old=null, confs=<EMPTY_MAP>
2021-08-10 07:21:08,072 [pool-101-thread-1] INFO  server.RaftServerConfigKeys (ConfUtils.java:logGet(44)) - raft.server.storage.dir = [/home/runner/work/ozone/ozone/hadoop-ozone/integration-test/target/test-dir/MiniOzoneClusterImpl-c2709307-340b-4da9-b87e-bf8cdd64b120/datanode-0/data/ratis] (custom)
2021-08-10 07:21:08,072 [pool-101-thread-1] INFO  server.RaftServerConfigKeys (ConfUtils.java:logGet(44)) - raft.server.log.corruption.policy = EXCEPTION (default)
2021-08-10 07:21:08,072 [pool-101-thread-1] INFO  server.RaftServerConfigKeys (ConfUtils.java:logGet(44)) - raft.server.storage.free-space.min = 0MB (=0) (default)
2021-08-10 07:21:08,073 [pool-101-thread-1] INFO  storage.RaftStorageDirectory (RaftStorageDirectoryImpl.java:analyzeStorage(135)) - The storage directory /home/runner/work/ozone/ozone/hadoop-ozone/integration-test/target/test-dir/MiniOzoneClusterImpl-c2709307-340b-4da9-b87e-bf8cdd64b120/datanode-0/data/ratis/f35ad40b-2989-4c72-b188-c513d31a15a9 does not exist. Creating ...
2021-08-10 07:21:08,074 [pool-101-thread-1] INFO  storage.RaftStorageDirectory (RaftStorageDirectoryImpl.java:tryLock(230)) - Lock on /home/runner/work/ozone/ozone/hadoop-ozone/integration-test/target/test-dir/MiniOzoneClusterImpl-c2709307-340b-4da9-b87e-bf8cdd64b120/datanode-0/data/ratis/f35ad40b-2989-4c72-b188-c513d31a15a9/in_use.lock acquired by nodename 25859@fv-az12-876
2021-08-10 07:21:08,075 [pool-101-thread-1] INFO  storage.RaftStorage (RaftStorageImpl.java:format(89)) - Storage directory /home/runner/work/ozone/ozone/hadoop-ozone/integration-test/target/test-dir/MiniOzoneClusterImpl-c2709307-340b-4da9-b87e-bf8cdd64b120/datanode-0/data/ratis/f35ad40b-2989-4c72-b188-c513d31a15a9 has been successfully formatted.
2021-08-10 07:21:08,076 [pool-101-thread-1] INFO  ratis.ContainerStateMachine (ContainerStateMachine.java:loadSnapshot(223)) - group-C513D31A15A9: The snapshot info is null. Setting the last applied indexto:(t:0, i:~)
2021-08-10 07:21:08,076 [pool-101-thread-1] INFO  server.RaftServerConfigKeys (ConfUtils.java:logGet(44)) - raft.server.notification.no-leader.timeout = 300s (custom)
2021-08-10 07:21:08,080 [EventQueue-OpenPipelineForHealthyPipelineSafeModeRule] INFO  safemode.SCMSafeModeManager (HealthyPipelineSafeModeRule.java:process(124)) - SCM in safe mode. Healthy pipelines reported count is 0, required healthy pipeline reported count is 1
2021-08-10 07:21:08,089 [pool-101-thread-1] INFO  server.RaftServerConfigKeys (ConfUtils.java:logGet(44)) - raft.server.log.use.memory = false (default)
2021-08-10 07:21:08,092 [pool-101-thread-1] INFO  server.RaftServerConfigKeys (ConfUtils.java:logGet(44)) - raft.server.log.purge.gap = 1000000 (custom)
2021-08-10 07:21:08,092 [pool-101-thread-1] INFO  server.RaftServerConfigKeys (ConfUtils.java:logGet(44)) - raft.server.log.appender.buffer.byte-limit = 33554432 (custom)
2021-08-10 07:21:08,092 [pool-101-thread-1] INFO  server.RaftServerConfigKeys (ConfUtils.java:logGet(44)) - raft.server.log.segment.size.max = 1048576 (custom)
2021-08-10 07:21:08,093 [pool-101-thread-1] INFO  server.RaftServerConfigKeys (ConfUtils.java:logGet(44)) - raft.server.log.segment.cache.num.max = 2 (custom)
2021-08-10 07:21:08,093 [pool-101-thread-1] INFO  server.RaftServerConfigKeys (ConfUtils.java:logGet(44)) - raft.server.log.segment.cache.size.max = 200MB (=209715200) (default)
2021-08-10 07:21:08,093 [pool-101-thread-1] INFO  segmented.SegmentedRaftLogWorker (SegmentedRaftLogWorker.java:<init>(182)) - new 76897d42-f98f-4c19-b58f-ca2cbe3c8872@group-C513D31A15A9-SegmentedRaftLogWorker for RaftStorageImpl:Storage Directory /home/runner/work/ozone/ozone/hadoop-ozone/integration-test/target/test-dir/MiniOzoneClusterImpl-c2709307-340b-4da9-b87e-bf8cdd64b120/datanode-0/data/ratis/f35ad40b-2989-4c72-b188-c513d31a15a9
2021-08-10 07:21:08,094 [pool-101-thread-1] INFO  server.RaftServerConfigKeys (ConfUtils.java:logGet(44)) - raft.server.log.queue.byte-limit = 2147483647 (custom)
2021-08-10 07:21:08,094 [pool-101-thread-1] INFO  server.RaftServerConfigKeys (ConfUtils.java:logGet(44)) - raft.server.log.queue.element-limit = 1024 (custom)
2021-08-10 07:21:08,094 [pool-101-thread-1] INFO  server.RaftServerConfigKeys (ConfUtils.java:logGet(44)) - raft.server.log.segment.size.max = 1048576 (custom)
2021-08-10 07:21:08,094 [pool-101-thread-1] INFO  server.RaftServerConfigKeys (ConfUtils.java:logGet(44)) - raft.server.log.preallocated.size = 16384 (custom)
2021-08-10 07:21:08,094 [pool-101-thread-1] INFO  server.RaftServerConfigKeys (ConfUtils.java:logGet(44)) - raft.server.log.force.sync.num = 128 (default)
2021-08-10 07:21:08,094 [pool-101-thread-1] INFO  server.RaftServerConfigKeys (ConfUtils.java:logGet(44)) - raft.server.log.statemachine.data.sync = true (default)
2021-08-10 07:21:08,094 [pool-101-thread-1] INFO  server.RaftServerConfigKeys (ConfUtils.java:logGet(44)) - raft.server.log.statemachine.data.sync.timeout = 10s (default)
2021-08-10 07:21:08,094 [pool-101-thread-1] INFO  server.RaftServerConfigKeys (ConfUtils.java:logGet(44)) - raft.server.log.statemachine.data.sync.timeout.retry = -1 (default)
2021-08-10 07:21:08,095 [pool-101-thread-1] INFO  server.RaftServerConfigKeys (ConfUtils.java:logGet(44)) - raft.server.log.write.buffer.size = 1048576 (custom)
2021-08-10 07:21:08,096 [pool-101-thread-1] INFO  server.RaftServerConfigKeys (ConfUtils.java:logGet(44)) - raft.server.log.statemachine.data.caching.enabled = true (custom)
2021-08-10 07:21:08,096 [pool-101-thread-1] INFO  segmented.SegmentedRaftLogWorker (SegmentedRaftLogWorker.java:lambda$new$0(133)) - 76897d42-f98f-4c19-b58f-ca2cbe3c8872@group-C513D31A15A9-SegmentedRaftLogWorker: flushIndex: setUnconditionally 0 -> -1
2021-08-10 07:21:08,096 [pool-101-thread-1] INFO  segmented.SegmentedRaftLogWorker (SegmentedRaftLogWorker.java:lambda$new$0(133)) - 76897d42-f98f-4c19-b58f-ca2cbe3c8872@group-C513D31A15A9-SegmentedRaftLogWorker: safeCacheEvictIndex: setUnconditionally 0 -> -1
2021-08-10 07:21:08,097 [pool-101-thread-1] INFO  server.RaftServerConfigKeys (ConfUtils.java:logGet(44)) - raft.server.snapshot.auto.trigger.enabled = true (custom)
2021-08-10 07:21:08,097 [pool-101-thread-1] INFO  server.RaftServerConfigKeys (ConfUtils.java:logGet(44)) - raft.server.snapshot.auto.trigger.threshold = 10000 (custom)
2021-08-10 07:21:08,097 [pool-101-thread-1] INFO  server.RaftServerConfigKeys (ConfUtils.java:logGet(44)) - raft.server.snapshot.retention.file.num = 5 (custom)
2021-08-10 07:21:08,097 [pool-101-thread-1] INFO  server.RaftServerConfigKeys (ConfUtils.java:logGet(44)) - raft.server.log.purge.upto.snapshot.index = false (default)
2021-08-10 07:21:08,097 [pool-101-thread-1] INFO  server.RaftServerConfigKeys (ConfUtils.java:logGet(44)) - raft.server.retrycache.expirytime = 600000ms (custom)
2021-08-10 07:21:08,097 [pool-101-thread-1] INFO  server.RaftServerConfigKeys (ConfUtils.java:logGet(44)) - raft.server.retrycache.statistics.expirytime = 100μs (default)
2021-08-10 07:21:08,098 [pool-101-thread-1] INFO  server.RaftServer$Division (RaftServerImpl.java:start(296)) - 76897d42-f98f-4c19-b58f-ca2cbe3c8872@group-C513D31A15A9: start as a follower, conf=-1: [12a15bd5-4321-4c17-a25c-f1df7459fe15|rpc:127.0.0.1:38099|priority:0, 76897d42-f98f-4c19-b58f-ca2cbe3c8872|rpc:127.0.0.1:44151|priority:1, 9d17b7b9-a403-467f-9c18-cea608608412|rpc:127.0.0.1:38501|priority:0], old=null
2021-08-10 07:21:08,098 [pool-101-thread-1] INFO  server.RaftServer$Division (RaftServerImpl.java:setRole(285)) - 76897d42-f98f-4c19-b58f-ca2cbe3c8872@group-C513D31A15A9: changes role from      null to FOLLOWER at term 0 for startAsFollower
2021-08-10 07:21:08,098 [pool-101-thread-1] INFO  impl.RoleInfo (RoleInfo.java:updateAndGet(130)) - 76897d42-f98f-4c19-b58f-ca2cbe3c8872: start 76897d42-f98f-4c19-b58f-ca2cbe3c8872@group-C513D31A15A9-FollowerState
2021-08-10 07:21:08,102 [pool-101-thread-1] INFO  util.JmxRegister (JmxRegister.java:tryRegister(44)) - Successfully registered JMX Bean with object name Ratis:service=RaftServer,group=group-C513D31A15A9,id=76897d42-f98f-4c19-b58f-ca2cbe3c8872
2021-08-10 07:21:08,103 [Command processor thread] INFO  ratis.XceiverServerRatis (XceiverServerRatis.java:addGroup(759)) - Created group PipelineID=f35ad40b-2989-4c72-b188-c513d31a15a9
2021-08-10 07:21:08,151 [grpc-default-executor-4] INFO  server.RaftServer (RaftServerProxy.java:addNew(95)) - 9d17b7b9-a403-467f-9c18-cea608608412: addNew group-C513D31A15A9:[12a15bd5-4321-4c17-a25c-f1df7459fe15|rpc:127.0.0.1:38099|dataStream:|priority:0, 76897d42-f98f-4c19-b58f-ca2cbe3c8872|rpc:127.0.0.1:44151|dataStream:|priority:1, 9d17b7b9-a403-467f-9c18-cea608608412|rpc:127.0.0.1:38501|dataStream:|priority:0] returns group-C513D31A15A9:java.util.concurrent.CompletableFuture@1c92d021[Not completed]
2021-08-10 07:21:08,153 [pool-120-thread-1] INFO  server.RaftServer$Division (RaftServerImpl.java:<init>(181)) - 9d17b7b9-a403-467f-9c18-cea608608412: new RaftServerImpl for group-C513D31A15A9:[12a15bd5-4321-4c17-a25c-f1df7459fe15|rpc:127.0.0.1:38099|dataStream:|priority:0, 76897d42-f98f-4c19-b58f-ca2cbe3c8872|rpc:127.0.0.1:44151|dataStream:|priority:1, 9d17b7b9-a403-467f-9c18-cea608608412|rpc:127.0.0.1:38501|dataStream:|priority:0] with ContainerStateMachine:uninitialized
2021-08-10 07:21:08,154 [pool-120-thread-1] INFO  server.RaftServerConfigKeys (ConfUtils.java:logGet(44)) - raft.server.rpc.timeout.min = 5s (custom)
2021-08-10 07:21:08,154 [pool-120-thread-1] INFO  server.RaftServerConfigKeys (ConfUtils.java:logGet(44)) - raft.server.rpc.timeout.max = 5200ms (custom)
2021-08-10 07:21:08,154 [pool-120-thread-1] INFO  server.RaftServerConfigKeys (ConfUtils.java:logGet(44)) - raft.server.rpc.sleep.time = 25ms (default)
2021-08-10 07:21:08,154 [pool-120-thread-1] INFO  server.RaftServerConfigKeys (ConfUtils.java:logGet(44)) - raft.server.rpc.slowness.timeout = 300s (custom)
2021-08-10 07:21:08,154 [pool-120-thread-1] INFO  server.RaftServerConfigKeys (ConfUtils.java:logGet(44)) - raft.server.leaderelection.leader.step-down.wait-time = 10s (default)
2021-08-10 07:21:08,154 [pool-120-thread-1] INFO  server.RaftServerConfigKeys (ConfUtils.java:logGet(44)) - raft.server.sleep.deviation.threshold = 300ms (default)
2021-08-10 07:21:08,154 [pool-120-thread-1] INFO  server.RaftServerConfigKeys (ConfUtils.java:logGet(44)) - raft.server.log.appender.install.snapshot.enabled = false (custom)
2021-08-10 07:21:08,155 [pool-120-thread-1] INFO  server.RaftServer$Division (ServerState.java:<init>(105)) - 9d17b7b9-a403-467f-9c18-cea608608412@group-C513D31A15A9: ConfigurationManager, init=-1: [12a15bd5-4321-4c17-a25c-f1df7459fe15|rpc:127.0.0.1:38099|dataStream:|priority:0, 76897d42-f98f-4c19-b58f-ca2cbe3c8872|rpc:127.0.0.1:44151|dataStream:|priority:1, 9d17b7b9-a403-467f-9c18-cea608608412|rpc:127.0.0.1:38501|dataStream:|priority:0], old=null, confs=<EMPTY_MAP>
2021-08-10 07:21:08,155 [pool-120-thread-1] INFO  server.RaftServerConfigKeys (ConfUtils.java:logGet(44)) - raft.server.storage.dir = [/home/runner/work/ozone/ozone/hadoop-ozone/integration-test/target/test-dir/MiniOzoneClusterImpl-c2709307-340b-4da9-b87e-bf8cdd64b120/datanode-1/data/ratis] (custom)
2021-08-10 07:21:08,159 [pool-120-thread-1] INFO  server.RaftServerConfigKeys (ConfUtils.java:logGet(44)) - raft.server.log.corruption.policy = EXCEPTION (default)
2021-08-10 07:21:08,159 [pool-120-thread-1] INFO  server.RaftServerConfigKeys (ConfUtils.java:logGet(44)) - raft.server.storage.free-space.min = 0MB (=0) (default)
2021-08-10 07:21:08,159 [pool-120-thread-1] INFO  storage.RaftStorageDirectory (RaftStorageDirectoryImpl.java:analyzeStorage(135)) - The storage directory /home/runner/work/ozone/ozone/hadoop-ozone/integration-test/target/test-dir/MiniOzoneClusterImpl-c2709307-340b-4da9-b87e-bf8cdd64b120/datanode-1/data/ratis/f35ad40b-2989-4c72-b188-c513d31a15a9 does not exist. Creating ...
2021-08-10 07:21:08,160 [pool-120-thread-1] INFO  storage.RaftStorageDirectory (RaftStorageDirectoryImpl.java:tryLock(230)) - Lock on /home/runner/work/ozone/ozone/hadoop-ozone/integration-test/target/test-dir/MiniOzoneClusterImpl-c2709307-340b-4da9-b87e-bf8cdd64b120/datanode-1/data/ratis/f35ad40b-2989-4c72-b188-c513d31a15a9/in_use.lock acquired by nodename 25859@fv-az12-876
2021-08-10 07:21:08,162 [pool-120-thread-1] INFO  storage.RaftStorage (RaftStorageImpl.java:format(89)) - Storage directory /home/runner/work/ozone/ozone/hadoop-ozone/integration-test/target/test-dir/MiniOzoneClusterImpl-c2709307-340b-4da9-b87e-bf8cdd64b120/datanode-1/data/ratis/f35ad40b-2989-4c72-b188-c513d31a15a9 has been successfully formatted.
2021-08-10 07:21:08,163 [Datanode State Machine Thread - 0] WARN  statemachine.StateContext (StateContext.java:execute(621)) - No available thread in pool for past 1 seconds.
2021-08-10 07:21:08,165 [pool-120-thread-1] INFO  ratis.ContainerStateMachine (ContainerStateMachine.java:loadSnapshot(223)) - group-C513D31A15A9: The snapshot info is null. Setting the last applied indexto:(t:0, i:~)
2021-08-10 07:21:08,166 [pool-120-thread-1] INFO  server.RaftServerConfigKeys (ConfUtils.java:logGet(44)) - raft.server.notification.no-leader.timeout = 300s (custom)
2021-08-10 07:21:08,166 [pool-120-thread-1] INFO  server.RaftServerConfigKeys (ConfUtils.java:logGet(44)) - raft.server.log.use.memory = false (default)
2021-08-10 07:21:08,166 [pool-120-thread-1] INFO  server.RaftServerConfigKeys (ConfUtils.java:logGet(44)) - raft.server.log.purge.gap = 1000000 (custom)
2021-08-10 07:21:08,166 [pool-120-thread-1] INFO  server.RaftServerConfigKeys (ConfUtils.java:logGet(44)) - raft.server.log.appender.buffer.byte-limit = 33554432 (custom)
2021-08-10 07:21:08,167 [pool-120-thread-1] INFO  server.RaftServerConfigKeys (ConfUtils.java:logGet(44)) - raft.server.log.segment.size.max = 1048576 (custom)
2021-08-10 07:21:08,167 [pool-120-thread-1] INFO  server.RaftServerConfigKeys (ConfUtils.java:logGet(44)) - raft.server.log.segment.cache.num.max = 2 (custom)
2021-08-10 07:21:08,167 [pool-120-thread-1] INFO  server.RaftServerConfigKeys (ConfUtils.java:logGet(44)) - raft.server.log.segment.cache.size.max = 200MB (=209715200) (default)
2021-08-10 07:21:08,167 [pool-120-thread-1] INFO  segmented.SegmentedRaftLogWorker (SegmentedRaftLogWorker.java:<init>(182)) - new 9d17b7b9-a403-467f-9c18-cea608608412@group-C513D31A15A9-SegmentedRaftLogWorker for RaftStorageImpl:Storage Directory /home/runner/work/ozone/ozone/hadoop-ozone/integration-test/target/test-dir/MiniOzoneClusterImpl-c2709307-340b-4da9-b87e-bf8cdd64b120/datanode-1/data/ratis/f35ad40b-2989-4c72-b188-c513d31a15a9
2021-08-10 07:21:08,167 [pool-120-thread-1] INFO  server.RaftServerConfigKeys (ConfUtils.java:logGet(44)) - raft.server.log.queue.byte-limit = 2147483647 (custom)
2021-08-10 07:21:08,168 [pool-120-thread-1] INFO  server.RaftServerConfigKeys (ConfUtils.java:logGet(44)) - raft.server.log.queue.element-limit = 1024 (custom)
2021-08-10 07:21:08,168 [pool-120-thread-1] INFO  server.RaftServerConfigKeys (ConfUtils.java:logGet(44)) - raft.server.log.segment.size.max = 1048576 (custom)
2021-08-10 07:21:08,168 [pool-120-thread-1] INFO  server.RaftServerConfigKeys (ConfUtils.java:logGet(44)) - raft.server.log.preallocated.size = 16384 (custom)
2021-08-10 07:21:08,168 [pool-120-thread-1] INFO  server.RaftServerConfigKeys (ConfUtils.java:logGet(44)) - raft.server.log.force.sync.num = 128 (default)
2021-08-10 07:21:08,168 [pool-120-thread-1] INFO  server.RaftServerConfigKeys (ConfUtils.java:logGet(44)) - raft.server.log.statemachine.data.sync = true (default)
2021-08-10 07:21:08,168 [pool-120-thread-1] INFO  server.RaftServerConfigKeys (ConfUtils.java:logGet(44)) - raft.server.log.statemachine.data.sync.timeout = 10s (default)
2021-08-10 07:21:08,172 [pool-120-thread-1] INFO  server.RaftServerConfigKeys (ConfUtils.java:logGet(44)) - raft.server.log.statemachine.data.sync.timeout.retry = -1 (default)
2021-08-10 07:21:08,173 [pool-120-thread-1] INFO  server.RaftServerConfigKeys (ConfUtils.java:logGet(44)) - raft.server.log.write.buffer.size = 1048576 (custom)
2021-08-10 07:21:08,173 [pool-120-thread-1] INFO  server.RaftServerConfigKeys (ConfUtils.java:logGet(44)) - raft.server.log.statemachine.data.caching.enabled = true (custom)
2021-08-10 07:21:08,173 [pool-120-thread-1] INFO  segmented.SegmentedRaftLogWorker (SegmentedRaftLogWorker.java:lambda$new$0(133)) - 9d17b7b9-a403-467f-9c18-cea608608412@group-C513D31A15A9-SegmentedRaftLogWorker: flushIndex: setUnconditionally 0 -> -1
2021-08-10 07:21:08,173 [pool-120-thread-1] INFO  segmented.SegmentedRaftLogWorker (SegmentedRaftLogWorker.java:lambda$new$0(133)) - 9d17b7b9-a403-467f-9c18-cea608608412@group-C513D31A15A9-SegmentedRaftLogWorker: safeCacheEvictIndex: setUnconditionally 0 -> -1
2021-08-10 07:21:08,175 [pool-120-thread-1] INFO  server.RaftServerConfigKeys (ConfUtils.java:logGet(44)) - raft.server.snapshot.auto.trigger.enabled = true (custom)
2021-08-10 07:21:08,175 [pool-120-thread-1] INFO  server.RaftServerConfigKeys (ConfUtils.java:logGet(44)) - raft.server.snapshot.auto.trigger.threshold = 10000 (custom)
2021-08-10 07:21:08,175 [pool-120-thread-1] INFO  server.RaftServerConfigKeys (ConfUtils.java:logGet(44)) - raft.server.snapshot.retention.file.num = 5 (custom)
2021-08-10 07:21:08,175 [pool-120-thread-1] INFO  server.RaftServerConfigKeys (ConfUtils.java:logGet(44)) - raft.server.log.purge.upto.snapshot.index = false (default)
2021-08-10 07:21:08,175 [pool-120-thread-1] INFO  server.RaftServerConfigKeys (ConfUtils.java:logGet(44)) - raft.server.retrycache.expirytime = 600000ms (custom)
2021-08-10 07:21:08,176 [pool-120-thread-1] INFO  server.RaftServerConfigKeys (ConfUtils.java:logGet(44)) - raft.server.retrycache.statistics.expirytime = 100μs (default)
2021-08-10 07:21:08,178 [pool-120-thread-1] INFO  server.RaftServer$Division (RaftServerImpl.java:start(296)) - 9d17b7b9-a403-467f-9c18-cea608608412@group-C513D31A15A9: start as a follower, conf=-1: [12a15bd5-4321-4c17-a25c-f1df7459fe15|rpc:127.0.0.1:38099|dataStream:|priority:0, 76897d42-f98f-4c19-b58f-ca2cbe3c8872|rpc:127.0.0.1:44151|dataStream:|priority:1, 9d17b7b9-a403-467f-9c18-cea608608412|rpc:127.0.0.1:38501|dataStream:|priority:0], old=null
2021-08-10 07:21:08,178 [pool-120-thread-1] INFO  server.RaftServer$Division (RaftServerImpl.java:setRole(285)) - 9d17b7b9-a403-467f-9c18-cea608608412@group-C513D31A15A9: changes role from      null to FOLLOWER at term 0 for startAsFollower
2021-08-10 07:21:08,178 [pool-120-thread-1] INFO  impl.RoleInfo (RoleInfo.java:updateAndGet(130)) - 9d17b7b9-a403-467f-9c18-cea608608412: start 9d17b7b9-a403-467f-9c18-cea608608412@group-C513D31A15A9-FollowerState
2021-08-10 07:21:08,179 [pool-120-thread-1] INFO  util.JmxRegister (JmxRegister.java:tryRegister(44)) - Successfully registered JMX Bean with object name Ratis:service=RaftServer,group=group-C513D31A15A9,id=9d17b7b9-a403-467f-9c18-cea608608412
2021-08-10 07:21:08,231 [grpc-default-executor-4] INFO  server.RaftServer (RaftServerProxy.java:addNew(95)) - 12a15bd5-4321-4c17-a25c-f1df7459fe15: addNew group-C513D31A15A9:[12a15bd5-4321-4c17-a25c-f1df7459fe15|rpc:127.0.0.1:38099|dataStream:|priority:0, 76897d42-f98f-4c19-b58f-ca2cbe3c8872|rpc:127.0.0.1:44151|dataStream:|priority:1, 9d17b7b9-a403-467f-9c18-cea608608412|rpc:127.0.0.1:38501|dataStream:|priority:0] returns group-C513D31A15A9:java.util.concurrent.CompletableFuture@5bb57fb1[Not completed]
2021-08-10 07:21:08,235 [pool-139-thread-1] INFO  server.RaftServer$Division (RaftServerImpl.java:<init>(181)) - 12a15bd5-4321-4c17-a25c-f1df7459fe15: new RaftServerImpl for group-C513D31A15A9:[12a15bd5-4321-4c17-a25c-f1df7459fe15|rpc:127.0.0.1:38099|dataStream:|priority:0, 76897d42-f98f-4c19-b58f-ca2cbe3c8872|rpc:127.0.0.1:44151|dataStream:|priority:1, 9d17b7b9-a403-467f-9c18-cea608608412|rpc:127.0.0.1:38501|dataStream:|priority:0] with ContainerStateMachine:uninitialized
2021-08-10 07:21:08,236 [pool-139-thread-1] INFO  server.RaftServerConfigKeys (ConfUtils.java:logGet(44)) - raft.server.rpc.timeout.min = 5s (custom)
2021-08-10 07:21:08,236 [pool-139-thread-1] INFO  server.RaftServerConfigKeys (ConfUtils.java:logGet(44)) - raft.server.rpc.timeout.max = 5200ms (custom)
2021-08-10 07:21:08,236 [pool-139-thread-1] INFO  server.RaftServerConfigKeys (ConfUtils.java:logGet(44)) - raft.server.rpc.sleep.time = 25ms (default)
2021-08-10 07:21:08,236 [pool-139-thread-1] INFO  server.RaftServerConfigKeys (ConfUtils.java:logGet(44)) - raft.server.rpc.slowness.timeout = 300s (custom)
2021-08-10 07:21:08,237 [pool-139-thread-1] INFO  server.RaftServerConfigKeys (ConfUtils.java:logGet(44)) - raft.server.leaderelection.leader.step-down.wait-time = 10s (default)
2021-08-10 07:21:08,237 [pool-139-thread-1] INFO  server.RaftServerConfigKeys (ConfUtils.java:logGet(44)) - raft.server.sleep.deviation.threshold = 300ms (default)
2021-08-10 07:21:08,237 [pool-139-thread-1] INFO  server.RaftServerConfigKeys (ConfUtils.java:logGet(44)) - raft.server.log.appender.install.snapshot.enabled = false (custom)
2021-08-10 07:21:08,237 [pool-139-thread-1] INFO  server.RaftServer$Division (ServerState.java:<init>(105)) - 12a15bd5-4321-4c17-a25c-f1df7459fe15@group-C513D31A15A9: ConfigurationManager, init=-1: [12a15bd5-4321-4c17-a25c-f1df7459fe15|rpc:127.0.0.1:38099|dataStream:|priority:0, 76897d42-f98f-4c19-b58f-ca2cbe3c8872|rpc:127.0.0.1:44151|dataStream:|priority:1, 9d17b7b9-a403-467f-9c18-cea608608412|rpc:127.0.0.1:38501|dataStream:|priority:0], old=null, confs=<EMPTY_MAP>
2021-08-10 07:21:08,237 [pool-139-thread-1] INFO  server.RaftServerConfigKeys (ConfUtils.java:logGet(44)) - raft.server.storage.dir = [/home/runner/work/ozone/ozone/hadoop-ozone/integration-test/target/test-dir/MiniOzoneClusterImpl-c2709307-340b-4da9-b87e-bf8cdd64b120/datanode-2/data/ratis] (custom)
2021-08-10 07:21:08,237 [pool-139-thread-1] INFO  server.RaftServerConfigKeys (ConfUtils.java:logGet(44)) - raft.server.log.corruption.policy = EXCEPTION (default)
2021-08-10 07:21:08,237 [pool-139-thread-1] INFO  server.RaftServerConfigKeys (ConfUtils.java:logGet(44)) - raft.server.storage.free-space.min = 0MB (=0) (default)
2021-08-10 07:21:08,238 [pool-139-thread-1] INFO  storage.RaftStorageDirectory (RaftStorageDirectoryImpl.java:analyzeStorage(135)) - The storage directory /home/runner/work/ozone/ozone/hadoop-ozone/integration-test/target/test-dir/MiniOzoneClusterImpl-c2709307-340b-4da9-b87e-bf8cdd64b120/datanode-2/data/ratis/f35ad40b-2989-4c72-b188-c513d31a15a9 does not exist. Creating ...
2021-08-10 07:21:08,240 [pool-139-thread-1] INFO  storage.RaftStorageDirectory (RaftStorageDirectoryImpl.java:tryLock(230)) - Lock on /home/runner/work/ozone/ozone/hadoop-ozone/integration-test/target/test-dir/MiniOzoneClusterImpl-c2709307-340b-4da9-b87e-bf8cdd64b120/datanode-2/data/ratis/f35ad40b-2989-4c72-b188-c513d31a15a9/in_use.lock acquired by nodename 25859@fv-az12-876
2021-08-10 07:21:08,249 [pool-139-thread-1] INFO  storage.RaftStorage (RaftStorageImpl.java:format(89)) - Storage directory /home/runner/work/ozone/ozone/hadoop-ozone/integration-test/target/test-dir/MiniOzoneClusterImpl-c2709307-340b-4da9-b87e-bf8cdd64b120/datanode-2/data/ratis/f35ad40b-2989-4c72-b188-c513d31a15a9 has been successfully formatted.
2021-08-10 07:21:08,249 [pool-139-thread-1] INFO  ratis.ContainerStateMachine (ContainerStateMachine.java:loadSnapshot(223)) - group-C513D31A15A9: The snapshot info is null. Setting the last applied indexto:(t:0, i:~)
2021-08-10 07:21:08,250 [pool-139-thread-1] INFO  server.RaftServerConfigKeys (ConfUtils.java:logGet(44)) - raft.server.notification.no-leader.timeout = 300s (custom)
2021-08-10 07:21:08,250 [pool-139-thread-1] INFO  server.RaftServerConfigKeys (ConfUtils.java:logGet(44)) - raft.server.log.use.memory = false (default)
2021-08-10 07:21:08,250 [Datanode State Machine Thread - 0] WARN  statemachine.StateContext (StateContext.java:execute(621)) - No available thread in pool for past 1 seconds.
2021-08-10 07:21:08,250 [pool-139-thread-1] INFO  server.RaftServerConfigKeys (ConfUtils.java:logGet(44)) - raft.server.log.purge.gap = 1000000 (custom)
2021-08-10 07:21:08,250 [pool-139-thread-1] INFO  server.RaftServerConfigKeys (ConfUtils.java:logGet(44)) - raft.server.log.appender.buffer.byte-limit = 33554432 (custom)
2021-08-10 07:21:08,250 [pool-139-thread-1] INFO  server.RaftServerConfigKeys (ConfUtils.java:logGet(44)) - raft.server.log.segment.size.max = 1048576 (custom)
2021-08-10 07:21:08,251 [pool-139-thread-1] INFO  server.RaftServerConfigKeys (ConfUtils.java:logGet(44)) - raft.server.log.segment.cache.num.max = 2 (custom)
2021-08-10 07:21:08,251 [pool-139-thread-1] INFO  server.RaftServerConfigKeys (ConfUtils.java:logGet(44)) - raft.server.log.segment.cache.size.max = 200MB (=209715200) (default)
2021-08-10 07:21:08,251 [pool-139-thread-1] INFO  segmented.SegmentedRaftLogWorker (SegmentedRaftLogWorker.java:<init>(182)) - new 12a15bd5-4321-4c17-a25c-f1df7459fe15@group-C513D31A15A9-SegmentedRaftLogWorker for RaftStorageImpl:Storage Directory /home/runner/work/ozone/ozone/hadoop-ozone/integration-test/target/test-dir/MiniOzoneClusterImpl-c2709307-340b-4da9-b87e-bf8cdd64b120/datanode-2/data/ratis/f35ad40b-2989-4c72-b188-c513d31a15a9
2021-08-10 07:21:08,251 [pool-139-thread-1] INFO  server.RaftServerConfigKeys (ConfUtils.java:logGet(44)) - raft.server.log.queue.byte-limit = 2147483647 (custom)
2021-08-10 07:21:08,251 [pool-139-thread-1] INFO  server.RaftServerConfigKeys (ConfUtils.java:logGet(44)) - raft.server.log.queue.element-limit = 1024 (custom)
2021-08-10 07:21:08,251 [pool-139-thread-1] INFO  server.RaftServerConfigKeys (ConfUtils.java:logGet(44)) - raft.server.log.segment.size.max = 1048576 (custom)
2021-08-10 07:21:08,251 [pool-139-thread-1] INFO  server.RaftServerConfigKeys (ConfUtils.java:logGet(44)) - raft.server.log.preallocated.size = 16384 (custom)
2021-08-10 07:21:08,251 [pool-139-thread-1] INFO  server.RaftServerConfigKeys (ConfUtils.java:logGet(44)) - raft.server.log.force.sync.num = 128 (default)
2021-08-10 07:21:08,251 [pool-139-thread-1] INFO  server.RaftServerConfigKeys (ConfUtils.java:logGet(44)) - raft.server.log.statemachine.data.sync = true (default)
2021-08-10 07:21:08,251 [pool-139-thread-1] INFO  server.RaftServerConfigKeys (ConfUtils.java:logGet(44)) - raft.server.log.statemachine.data.sync.timeout = 10s (default)
2021-08-10 07:21:08,251 [pool-139-thread-1] INFO  server.RaftServerConfigKeys (ConfUtils.java:logGet(44)) - raft.server.log.statemachine.data.sync.timeout.retry = -1 (default)
2021-08-10 07:21:08,254 [pool-139-thread-1] INFO  server.RaftServerConfigKeys (ConfUtils.java:logGet(44)) - raft.server.log.write.buffer.size = 1048576 (custom)
2021-08-10 07:21:08,255 [pool-139-thread-1] INFO  server.RaftServerConfigKeys (ConfUtils.java:logGet(44)) - raft.server.log.statemachine.data.caching.enabled = true (custom)
2021-08-10 07:21:08,255 [pool-139-thread-1] INFO  segmented.SegmentedRaftLogWorker (SegmentedRaftLogWorker.java:lambda$new$0(133)) - 12a15bd5-4321-4c17-a25c-f1df7459fe15@group-C513D31A15A9-SegmentedRaftLogWorker: flushIndex: setUnconditionally 0 -> -1
2021-08-10 07:21:08,255 [pool-139-thread-1] INFO  segmented.SegmentedRaftLogWorker (SegmentedRaftLogWorker.java:lambda$new$0(133)) - 12a15bd5-4321-4c17-a25c-f1df7459fe15@group-C513D31A15A9-SegmentedRaftLogWorker: safeCacheEvictIndex: setUnconditionally 0 -> -1
2021-08-10 07:21:08,260 [pool-139-thread-1] INFO  server.RaftServerConfigKeys (ConfUtils.java:logGet(44)) - raft.server.snapshot.auto.trigger.enabled = true (custom)
2021-08-10 07:21:08,260 [pool-139-thread-1] INFO  server.RaftServerConfigKeys (ConfUtils.java:logGet(44)) - raft.server.snapshot.auto.trigger.threshold = 10000 (custom)
2021-08-10 07:21:08,260 [pool-139-thread-1] INFO  server.RaftServerConfigKeys (ConfUtils.java:logGet(44)) - raft.server.snapshot.retention.file.num = 5 (custom)
2021-08-10 07:21:08,260 [pool-139-thread-1] INFO  server.RaftServerConfigKeys (ConfUtils.java:logGet(44)) - raft.server.log.purge.upto.snapshot.index = false (default)
2021-08-10 07:21:08,260 [pool-139-thread-1] INFO  server.RaftServerConfigKeys (ConfUtils.java:logGet(44)) - raft.server.retrycache.expirytime = 600000ms (custom)
2021-08-10 07:21:08,260 [pool-139-thread-1] INFO  server.RaftServerConfigKeys (ConfUtils.java:logGet(44)) - raft.server.retrycache.statistics.expirytime = 100μs (default)
2021-08-10 07:21:08,261 [pool-139-thread-1] INFO  server.RaftServer$Division (RaftServerImpl.java:start(296)) - 12a15bd5-4321-4c17-a25c-f1df7459fe15@group-C513D31A15A9: start as a follower, conf=-1: [12a15bd5-4321-4c17-a25c-f1df7459fe15|rpc:127.0.0.1:38099|dataStream:|priority:0, 76897d42-f98f-4c19-b58f-ca2cbe3c8872|rpc:127.0.0.1:44151|dataStream:|priority:1, 9d17b7b9-a403-467f-9c18-cea608608412|rpc:127.0.0.1:38501|dataStream:|priority:0], old=null
2021-08-10 07:21:08,261 [pool-139-thread-1] INFO  server.RaftServer$Division (RaftServerImpl.java:setRole(285)) - 12a15bd5-4321-4c17-a25c-f1df7459fe15@group-C513D31A15A9: changes role from      null to FOLLOWER at term 0 for startAsFollower
2021-08-10 07:21:08,261 [pool-139-thread-1] INFO  impl.RoleInfo (RoleInfo.java:updateAndGet(130)) - 12a15bd5-4321-4c17-a25c-f1df7459fe15: start 12a15bd5-4321-4c17-a25c-f1df7459fe15@group-C513D31A15A9-FollowerState
2021-08-10 07:21:08,263 [pool-139-thread-1] INFO  util.JmxRegister (JmxRegister.java:tryRegister(44)) - Successfully registered JMX Bean with object name Ratis:service=RaftServer,group=group-C513D31A15A9,id=12a15bd5-4321-4c17-a25c-f1df7459fe15
2021-08-10 07:21:08,272 [Command processor thread] INFO  commandhandler.CreatePipelineCommandHandler (CreatePipelineCommandHandler.java:handle(106)) - Created Pipeline RATIS THREE PipelineID=f35ad40b-2989-4c72-b188-c513d31a15a9.
2021-08-10 07:21:08,272 [Command processor thread] INFO  server.RaftServer (RaftServerProxy.java:addNew(95)) - 76897d42-f98f-4c19-b58f-ca2cbe3c8872: addNew group-6F7EC01B3871:[12a15bd5-4321-4c17-a25c-f1df7459fe15|rpc:127.0.0.1:38099|priority:1, 76897d42-f98f-4c19-b58f-ca2cbe3c8872|rpc:127.0.0.1:44151|priority:0, 9d17b7b9-a403-467f-9c18-cea608608412|rpc:127.0.0.1:38501|priority:0] returns group-6F7EC01B3871:java.util.concurrent.CompletableFuture@27df71b2[Not completed]
2021-08-10 07:21:08,273 [pool-101-thread-1] INFO  server.RaftServer$Division (RaftServerImpl.java:<init>(181)) - 76897d42-f98f-4c19-b58f-ca2cbe3c8872: new RaftServerImpl for group-6F7EC01B3871:[12a15bd5-4321-4c17-a25c-f1df7459fe15|rpc:127.0.0.1:38099|priority:1, 76897d42-f98f-4c19-b58f-ca2cbe3c8872|rpc:127.0.0.1:44151|priority:0, 9d17b7b9-a403-467f-9c18-cea608608412|rpc:127.0.0.1:38501|priority:0] with ContainerStateMachine:uninitialized
2021-08-10 07:21:08,273 [pool-101-thread-1] INFO  server.RaftServerConfigKeys (ConfUtils.java:logGet(44)) - raft.server.rpc.timeout.min = 5s (custom)
2021-08-10 07:21:08,273 [pool-101-thread-1] INFO  server.RaftServerConfigKeys (ConfUtils.java:logGet(44)) - raft.server.rpc.timeout.max = 5200ms (custom)
2021-08-10 07:21:08,274 [pool-101-thread-1] INFO  server.RaftServerConfigKeys (ConfUtils.java:logGet(44)) - raft.server.rpc.sleep.time = 25ms (default)
2021-08-10 07:21:08,274 [pool-101-thread-1] INFO  server.RaftServerConfigKeys (ConfUtils.java:logGet(44)) - raft.server.rpc.slowness.timeout = 300s (custom)
2021-08-10 07:21:08,274 [pool-101-thread-1] INFO  server.RaftServerConfigKeys (ConfUtils.java:logGet(44)) - raft.server.leaderelection.leader.step-down.wait-time = 10s (default)
2021-08-10 07:21:08,274 [pool-101-thread-1] INFO  server.RaftServerConfigKeys (ConfUtils.java:logGet(44)) - raft.server.sleep.deviation.threshold = 300ms (default)
2021-08-10 07:21:08,274 [pool-101-thread-1] INFO  server.RaftServerConfigKeys (ConfUtils.java:logGet(44)) - raft.server.log.appender.install.snapshot.enabled = false (custom)
2021-08-10 07:21:08,274 [pool-101-thread-1] INFO  server.RaftServer$Division (ServerState.java:<init>(105)) - 76897d42-f98f-4c19-b58f-ca2cbe3c8872@group-6F7EC01B3871: ConfigurationManager, init=-1: [12a15bd5-4321-4c17-a25c-f1df7459fe15|rpc:127.0.0.1:38099|priority:1, 76897d42-f98f-4c19-b58f-ca2cbe3c8872|rpc:127.0.0.1:44151|priority:0, 9d17b7b9-a403-467f-9c18-cea608608412|rpc:127.0.0.1:38501|priority:0], old=null, confs=<EMPTY_MAP>
2021-08-10 07:21:08,274 [pool-101-thread-1] INFO  server.RaftServerConfigKeys (ConfUtils.java:logGet(44)) - raft.server.storage.dir = [/home/runner/work/ozone/ozone/hadoop-ozone/integration-test/target/test-dir/MiniOzoneClusterImpl-c2709307-340b-4da9-b87e-bf8cdd64b120/datanode-0/data/ratis] (custom)
2021-08-10 07:21:08,274 [pool-101-thread-1] INFO  server.RaftServerConfigKeys (ConfUtils.java:logGet(44)) - raft.server.log.corruption.policy = EXCEPTION (default)
2021-08-10 07:21:08,274 [pool-101-thread-1] INFO  server.RaftServerConfigKeys (ConfUtils.java:logGet(44)) - raft.server.storage.free-space.min = 0MB (=0) (default)
2021-08-10 07:21:08,274 [pool-101-thread-1] INFO  storage.RaftStorageDirectory (RaftStorageDirectoryImpl.java:analyzeStorage(135)) - The storage directory /home/runner/work/ozone/ozone/hadoop-ozone/integration-test/target/test-dir/MiniOzoneClusterImpl-c2709307-340b-4da9-b87e-bf8cdd64b120/datanode-0/data/ratis/191ef804-04b9-4f33-8ef0-6f7ec01b3871 does not exist. Creating ...
2021-08-10 07:21:08,276 [pool-101-thread-1] INFO  storage.RaftStorageDirectory (RaftStorageDirectoryImpl.java:tryLock(230)) - Lock on /home/runner/work/ozone/ozone/hadoop-ozone/integration-test/target/test-dir/MiniOzoneClusterImpl-c2709307-340b-4da9-b87e-bf8cdd64b120/datanode-0/data/ratis/191ef804-04b9-4f33-8ef0-6f7ec01b3871/in_use.lock acquired by nodename 25859@fv-az12-876
2021-08-10 07:21:08,277 [pool-101-thread-1] INFO  storage.RaftStorage (RaftStorageImpl.java:format(89)) - Storage directory /home/runner/work/ozone/ozone/hadoop-ozone/integration-test/target/test-dir/MiniOzoneClusterImpl-c2709307-340b-4da9-b87e-bf8cdd64b120/datanode-0/data/ratis/191ef804-04b9-4f33-8ef0-6f7ec01b3871 has been successfully formatted.
2021-08-10 07:21:08,278 [pool-101-thread-1] INFO  ratis.ContainerStateMachine (ContainerStateMachine.java:loadSnapshot(223)) - group-6F7EC01B3871: The snapshot info is null. Setting the last applied indexto:(t:0, i:~)
2021-08-10 07:21:08,278 [pool-101-thread-1] INFO  server.RaftServerConfigKeys (ConfUtils.java:logGet(44)) - raft.server.notification.no-leader.timeout = 300s (custom)
2021-08-10 07:21:08,278 [pool-101-thread-1] INFO  server.RaftServerConfigKeys (ConfUtils.java:logGet(44)) - raft.server.log.use.memory = false (default)
2021-08-10 07:21:08,278 [pool-101-thread-1] INFO  server.RaftServerConfigKeys (ConfUtils.java:logGet(44)) - raft.server.log.purge.gap = 1000000 (custom)
2021-08-10 07:21:08,278 [pool-101-thread-1] INFO  server.RaftServerConfigKeys (ConfUtils.java:logGet(44)) - raft.server.log.appender.buffer.byte-limit = 33554432 (custom)
2021-08-10 07:21:08,278 [pool-101-thread-1] INFO  server.RaftServerConfigKeys (ConfUtils.java:logGet(44)) - raft.server.log.segment.size.max = 1048576 (custom)
2021-08-10 07:21:08,284 [pool-101-thread-1] INFO  server.RaftServerConfigKeys (ConfUtils.java:logGet(44)) - raft.server.log.segment.cache.num.max = 2 (custom)
2021-08-10 07:21:08,284 [pool-101-thread-1] INFO  server.RaftServerConfigKeys (ConfUtils.java:logGet(44)) - raft.server.log.segment.cache.size.max = 200MB (=209715200) (default)
2021-08-10 07:21:08,284 [pool-101-thread-1] INFO  segmented.SegmentedRaftLogWorker (SegmentedRaftLogWorker.java:<init>(182)) - new 76897d42-f98f-4c19-b58f-ca2cbe3c8872@group-6F7EC01B3871-SegmentedRaftLogWorker for RaftStorageImpl:Storage Directory /home/runner/work/ozone/ozone/hadoop-ozone/integration-test/target/test-dir/MiniOzoneClusterImpl-c2709307-340b-4da9-b87e-bf8cdd64b120/datanode-0/data/ratis/191ef804-04b9-4f33-8ef0-6f7ec01b3871
2021-08-10 07:21:08,284 [pool-101-thread-1] INFO  server.RaftServerConfigKeys (ConfUtils.java:logGet(44)) - raft.server.log.queue.byte-limit = 2147483647 (custom)
2021-08-10 07:21:08,284 [EventQueue-OpenPipelineForHealthyPipelineSafeModeRule] INFO  safemode.SCMSafeModeManager (HealthyPipelineSafeModeRule.java:process(124)) - SCM in safe mode. Healthy pipelines reported count is 0, required healthy pipeline reported count is 1
2021-08-10 07:21:08,284 [pool-101-thread-1] INFO  server.RaftServerConfigKeys (ConfUtils.java:logGet(44)) - raft.server.log.queue.element-limit = 1024 (custom)
2021-08-10 07:21:08,285 [pool-101-thread-1] INFO  server.RaftServerConfigKeys (ConfUtils.java:logGet(44)) - raft.server.log.segment.size.max = 1048576 (custom)
2021-08-10 07:21:08,285 [pool-101-thread-1] INFO  server.RaftServerConfigKeys (ConfUtils.java:logGet(44)) - raft.server.log.preallocated.size = 16384 (custom)
2021-08-10 07:21:08,285 [pool-101-thread-1] INFO  server.RaftServerConfigKeys (ConfUtils.java:logGet(44)) - raft.server.log.force.sync.num = 128 (default)
2021-08-10 07:21:08,285 [pool-101-thread-1] INFO  server.RaftServerConfigKeys (ConfUtils.java:logGet(44)) - raft.server.log.statemachine.data.sync = true (default)
2021-08-10 07:21:08,285 [pool-101-thread-1] INFO  server.RaftServerConfigKeys (ConfUtils.java:logGet(44)) - raft.server.log.statemachine.data.sync.timeout = 10s (default)
2021-08-10 07:21:08,285 [pool-101-thread-1] INFO  server.RaftServerConfigKeys (ConfUtils.java:logGet(44)) - raft.server.log.statemachine.data.sync.timeout.retry = -1 (default)
2021-08-10 07:21:08,286 [pool-101-thread-1] INFO  server.RaftServerConfigKeys (ConfUtils.java:logGet(44)) - raft.server.log.write.buffer.size = 1048576 (custom)
2021-08-10 07:21:08,286 [pool-101-thread-1] INFO  server.RaftServerConfigKeys (ConfUtils.java:logGet(44)) - raft.server.log.statemachine.data.caching.enabled = true (custom)
2021-08-10 07:21:08,287 [pool-101-thread-1] INFO  segmented.SegmentedRaftLogWorker (SegmentedRaftLogWorker.java:lambda$new$0(133)) - 76897d42-f98f-4c19-b58f-ca2cbe3c8872@group-6F7EC01B3871-SegmentedRaftLogWorker: flushIndex: setUnconditionally 0 -> -1
2021-08-10 07:21:08,287 [pool-101-thread-1] INFO  segmented.SegmentedRaftLogWorker (SegmentedRaftLogWorker.java:lambda$new$0(133)) - 76897d42-f98f-4c19-b58f-ca2cbe3c8872@group-6F7EC01B3871-SegmentedRaftLogWorker: safeCacheEvictIndex: setUnconditionally 0 -> -1
2021-08-10 07:21:08,291 [pool-101-thread-1] INFO  server.RaftServerConfigKeys (ConfUtils.java:logGet(44)) - raft.server.snapshot.auto.trigger.enabled = true (custom)
2021-08-10 07:21:08,291 [pool-101-thread-1] INFO  server.RaftServerConfigKeys (ConfUtils.java:logGet(44)) - raft.server.snapshot.auto.trigger.threshold = 10000 (custom)
2021-08-10 07:21:08,291 [pool-101-thread-1] INFO  server.RaftServerConfigKeys (ConfUtils.java:logGet(44)) - raft.server.snapshot.retention.file.num = 5 (custom)
2021-08-10 07:21:08,291 [pool-101-thread-1] INFO  server.RaftServerConfigKeys (ConfUtils.java:logGet(44)) - raft.server.log.purge.upto.snapshot.index = false (default)
2021-08-10 07:21:08,291 [pool-101-thread-1] INFO  server.RaftServerConfigKeys (ConfUtils.java:logGet(44)) - raft.server.retrycache.expirytime = 600000ms (custom)
2021-08-10 07:21:08,291 [pool-101-thread-1] INFO  server.RaftServerConfigKeys (ConfUtils.java:logGet(44)) - raft.server.retrycache.statistics.expirytime = 100μs (default)
2021-08-10 07:21:08,296 [pool-101-thread-1] INFO  server.RaftServer$Division (RaftServerImpl.java:start(296)) - 76897d42-f98f-4c19-b58f-ca2cbe3c8872@group-6F7EC01B3871: start as a follower, conf=-1: [12a15bd5-4321-4c17-a25c-f1df7459fe15|rpc:127.0.0.1:38099|priority:1, 76897d42-f98f-4c19-b58f-ca2cbe3c8872|rpc:127.0.0.1:44151|priority:0, 9d17b7b9-a403-467f-9c18-cea608608412|rpc:127.0.0.1:38501|priority:0], old=null
2021-08-10 07:21:08,296 [pool-101-thread-1] INFO  server.RaftServer$Division (RaftServerImpl.java:setRole(285)) - 76897d42-f98f-4c19-b58f-ca2cbe3c8872@group-6F7EC01B3871: changes role from      null to FOLLOWER at term 0 for startAsFollower
2021-08-10 07:21:08,296 [pool-101-thread-1] INFO  impl.RoleInfo (RoleInfo.java:updateAndGet(130)) - 76897d42-f98f-4c19-b58f-ca2cbe3c8872: start 76897d42-f98f-4c19-b58f-ca2cbe3c8872@group-6F7EC01B3871-FollowerState
2021-08-10 07:21:08,297 [pool-101-thread-1] INFO  util.JmxRegister (JmxRegister.java:tryRegister(44)) - Successfully registered JMX Bean with object name Ratis:service=RaftServer,group=group-6F7EC01B3871,id=76897d42-f98f-4c19-b58f-ca2cbe3c8872
2021-08-10 07:21:08,298 [Command processor thread] INFO  ratis.XceiverServerRatis (XceiverServerRatis.java:addGroup(759)) - Created group PipelineID=191ef804-04b9-4f33-8ef0-6f7ec01b3871
2021-08-10 07:21:08,307 [grpc-default-executor-4] INFO  server.RaftServer (RaftServerProxy.java:addNew(95)) - 12a15bd5-4321-4c17-a25c-f1df7459fe15: addNew group-6F7EC01B3871:[12a15bd5-4321-4c17-a25c-f1df7459fe15|rpc:127.0.0.1:38099|dataStream:|priority:1, 76897d42-f98f-4c19-b58f-ca2cbe3c8872|rpc:127.0.0.1:44151|dataStream:|priority:0, 9d17b7b9-a403-467f-9c18-cea608608412|rpc:127.0.0.1:38501|dataStream:|priority:0] returns group-6F7EC01B3871:java.util.concurrent.CompletableFuture@43c24344[Not completed]
2021-08-10 07:21:08,307 [pool-139-thread-1] INFO  server.RaftServer$Division (RaftServerImpl.java:<init>(181)) - 12a15bd5-4321-4c17-a25c-f1df7459fe15: new RaftServerImpl for group-6F7EC01B3871:[12a15bd5-4321-4c17-a25c-f1df7459fe15|rpc:127.0.0.1:38099|dataStream:|priority:1, 76897d42-f98f-4c19-b58f-ca2cbe3c8872|rpc:127.0.0.1:44151|dataStream:|priority:0, 9d17b7b9-a403-467f-9c18-cea608608412|rpc:127.0.0.1:38501|dataStream:|priority:0] with ContainerStateMachine:uninitialized
2021-08-10 07:21:08,308 [pool-139-thread-1] INFO  server.RaftServerConfigKeys (ConfUtils.java:logGet(44)) - raft.server.rpc.timeout.min = 5s (custom)
2021-08-10 07:21:08,308 [pool-139-thread-1] INFO  server.RaftServerConfigKeys (ConfUtils.java:logGet(44)) - raft.server.rpc.timeout.max = 5200ms (custom)
2021-08-10 07:21:08,308 [pool-139-thread-1] INFO  server.RaftServerConfigKeys (ConfUtils.java:logGet(44)) - raft.server.rpc.sleep.time = 25ms (default)
2021-08-10 07:21:08,308 [pool-139-thread-1] INFO  server.RaftServerConfigKeys (ConfUtils.java:logGet(44)) - raft.server.rpc.slowness.timeout = 300s (custom)
2021-08-10 07:21:08,308 [pool-139-thread-1] INFO  server.RaftServerConfigKeys (ConfUtils.java:logGet(44)) - raft.server.leaderelection.leader.step-down.wait-time = 10s (default)
2021-08-10 07:21:08,308 [pool-139-thread-1] INFO  server.RaftServerConfigKeys (ConfUtils.java:logGet(44)) - raft.server.sleep.deviation.threshold = 300ms (default)
2021-08-10 07:21:08,308 [pool-139-thread-1] INFO  server.RaftServerConfigKeys (ConfUtils.java:logGet(44)) - raft.server.log.appender.install.snapshot.enabled = false (custom)
2021-08-10 07:21:08,308 [pool-139-thread-1] INFO  server.RaftServer$Division (ServerState.java:<init>(105)) - 12a15bd5-4321-4c17-a25c-f1df7459fe15@group-6F7EC01B3871: ConfigurationManager, init=-1: [12a15bd5-4321-4c17-a25c-f1df7459fe15|rpc:127.0.0.1:38099|dataStream:|priority:1, 76897d42-f98f-4c19-b58f-ca2cbe3c8872|rpc:127.0.0.1:44151|dataStream:|priority:0, 9d17b7b9-a403-467f-9c18-cea608608412|rpc:127.0.0.1:38501|dataStream:|priority:0], old=null, confs=<EMPTY_MAP>
2021-08-10 07:21:08,308 [pool-139-thread-1] INFO  server.RaftServerConfigKeys (ConfUtils.java:logGet(44)) - raft.server.storage.dir = [/home/runner/work/ozone/ozone/hadoop-ozone/integration-test/target/test-dir/MiniOzoneClusterImpl-c2709307-340b-4da9-b87e-bf8cdd64b120/datanode-2/data/ratis] (custom)
2021-08-10 07:21:08,308 [pool-139-thread-1] INFO  server.RaftServerConfigKeys (ConfUtils.java:logGet(44)) - raft.server.log.corruption.policy = EXCEPTION (default)
2021-08-10 07:21:08,308 [pool-139-thread-1] INFO  server.RaftServerConfigKeys (ConfUtils.java:logGet(44)) - raft.server.storage.free-space.min = 0MB (=0) (default)
2021-08-10 07:21:08,308 [pool-139-thread-1] INFO  storage.RaftStorageDirectory (RaftStorageDirectoryImpl.java:analyzeStorage(135)) - The storage directory /home/runner/work/ozone/ozone/hadoop-ozone/integration-test/target/test-dir/MiniOzoneClusterImpl-c2709307-340b-4da9-b87e-bf8cdd64b120/datanode-2/data/ratis/191ef804-04b9-4f33-8ef0-6f7ec01b3871 does not exist. Creating ...
2021-08-10 07:21:08,310 [pool-139-thread-1] INFO  storage.RaftStorageDirectory (RaftStorageDirectoryImpl.java:tryLock(230)) - Lock on /home/runner/work/ozone/ozone/hadoop-ozone/integration-test/target/test-dir/MiniOzoneClusterImpl-c2709307-340b-4da9-b87e-bf8cdd64b120/datanode-2/data/ratis/191ef804-04b9-4f33-8ef0-6f7ec01b3871/in_use.lock acquired by nodename 25859@fv-az12-876
2021-08-10 07:21:08,312 [pool-139-thread-1] INFO  storage.RaftStorage (RaftStorageImpl.java:format(89)) - Storage directory /home/runner/work/ozone/ozone/hadoop-ozone/integration-test/target/test-dir/MiniOzoneClusterImpl-c2709307-340b-4da9-b87e-bf8cdd64b120/datanode-2/data/ratis/191ef804-04b9-4f33-8ef0-6f7ec01b3871 has been successfully formatted.
2021-08-10 07:21:08,313 [pool-139-thread-1] INFO  ratis.ContainerStateMachine (ContainerStateMachine.java:loadSnapshot(223)) - group-6F7EC01B3871: The snapshot info is null. Setting the last applied indexto:(t:0, i:~)
2021-08-10 07:21:08,313 [pool-139-thread-1] INFO  server.RaftServerConfigKeys (ConfUtils.java:logGet(44)) - raft.server.notification.no-leader.timeout = 300s (custom)
2021-08-10 07:21:08,313 [pool-139-thread-1] INFO  server.RaftServerConfigKeys (ConfUtils.java:logGet(44)) - raft.server.log.use.memory = false (default)
2021-08-10 07:21:08,313 [pool-139-thread-1] INFO  server.RaftServerConfigKeys (ConfUtils.java:logGet(44)) - raft.server.log.purge.gap = 1000000 (custom)
2021-08-10 07:21:08,313 [pool-139-thread-1] INFO  server.RaftServerConfigKeys (ConfUtils.java:logGet(44)) - raft.server.log.appender.buffer.byte-limit = 33554432 (custom)
2021-08-10 07:21:08,313 [pool-139-thread-1] INFO  server.RaftServerConfigKeys (ConfUtils.java:logGet(44)) - raft.server.log.segment.size.max = 1048576 (custom)
2021-08-10 07:21:08,314 [pool-139-thread-1] INFO  server.RaftServerConfigKeys (ConfUtils.java:logGet(44)) - raft.server.log.segment.cache.num.max = 2 (custom)
2021-08-10 07:21:08,314 [pool-139-thread-1] INFO  server.RaftServerConfigKeys (ConfUtils.java:logGet(44)) - raft.server.log.segment.cache.size.max = 200MB (=209715200) (default)
2021-08-10 07:21:08,314 [pool-139-thread-1] INFO  segmented.SegmentedRaftLogWorker (SegmentedRaftLogWorker.java:<init>(182)) - new 12a15bd5-4321-4c17-a25c-f1df7459fe15@group-6F7EC01B3871-SegmentedRaftLogWorker for RaftStorageImpl:Storage Directory /home/runner/work/ozone/ozone/hadoop-ozone/integration-test/target/test-dir/MiniOzoneClusterImpl-c2709307-340b-4da9-b87e-bf8cdd64b120/datanode-2/data/ratis/191ef804-04b9-4f33-8ef0-6f7ec01b3871
2021-08-10 07:21:08,314 [pool-139-thread-1] INFO  server.RaftServerConfigKeys (ConfUtils.java:logGet(44)) - raft.server.log.queue.byte-limit = 2147483647 (custom)
2021-08-10 07:21:08,314 [pool-139-thread-1] INFO  server.RaftServerConfigKeys (ConfUtils.java:logGet(44)) - raft.server.log.queue.element-limit = 1024 (custom)
2021-08-10 07:21:08,314 [pool-139-thread-1] INFO  server.RaftServerConfigKeys (ConfUtils.java:logGet(44)) - raft.server.log.segment.size.max = 1048576 (custom)
2021-08-10 07:21:08,314 [pool-139-thread-1] INFO  server.RaftServerConfigKeys (ConfUtils.java:logGet(44)) - raft.server.log.preallocated.size = 16384 (custom)
2021-08-10 07:21:08,314 [pool-139-thread-1] INFO  server.RaftServerConfigKeys (ConfUtils.java:logGet(44)) - raft.server.log.force.sync.num = 128 (default)
2021-08-10 07:21:08,314 [pool-139-thread-1] INFO  server.RaftServerConfigKeys (ConfUtils.java:logGet(44)) - raft.server.log.statemachine.data.sync = true (default)
2021-08-10 07:21:08,314 [pool-139-thread-1] INFO  server.RaftServerConfigKeys (ConfUtils.java:logGet(44)) - raft.server.log.statemachine.data.sync.timeout = 10s (default)
2021-08-10 07:21:08,314 [pool-139-thread-1] INFO  server.RaftServerConfigKeys (ConfUtils.java:logGet(44)) - raft.server.log.statemachine.data.sync.timeout.retry = -1 (default)
2021-08-10 07:21:08,322 [pool-139-thread-1] INFO  server.RaftServerConfigKeys (ConfUtils.java:logGet(44)) - raft.server.log.write.buffer.size = 1048576 (custom)
2021-08-10 07:21:08,324 [pool-139-thread-1] INFO  server.RaftServerConfigKeys (ConfUtils.java:logGet(44)) - raft.server.log.statemachine.data.caching.enabled = true (custom)
2021-08-10 07:21:08,324 [pool-139-thread-1] INFO  segmented.SegmentedRaftLogWorker (SegmentedRaftLogWorker.java:lambda$new$0(133)) - 12a15bd5-4321-4c17-a25c-f1df7459fe15@group-6F7EC01B3871-SegmentedRaftLogWorker: flushIndex: setUnconditionally 0 -> -1
2021-08-10 07:21:08,324 [pool-139-thread-1] INFO  segmented.SegmentedRaftLogWorker (SegmentedRaftLogWorker.java:lambda$new$0(133)) - 12a15bd5-4321-4c17-a25c-f1df7459fe15@group-6F7EC01B3871-SegmentedRaftLogWorker: safeCacheEvictIndex: setUnconditionally 0 -> -1
2021-08-10 07:21:08,324 [pool-139-thread-1] INFO  server.RaftServerConfigKeys (ConfUtils.java:logGet(44)) - raft.server.snapshot.auto.trigger.enabled = true (custom)
2021-08-10 07:21:08,324 [pool-139-thread-1] INFO  server.RaftServerConfigKeys (ConfUtils.java:logGet(44)) - raft.server.snapshot.auto.trigger.threshold = 10000 (custom)
2021-08-10 07:21:08,324 [pool-139-thread-1] INFO  server.RaftServerConfigKeys (ConfUtils.java:logGet(44)) - raft.server.snapshot.retention.file.num = 5 (custom)
2021-08-10 07:21:08,324 [pool-139-thread-1] INFO  server.RaftServerConfigKeys (ConfUtils.java:logGet(44)) - raft.server.log.purge.upto.snapshot.index = false (default)
2021-08-10 07:21:08,324 [pool-139-thread-1] INFO  server.RaftServerConfigKeys (ConfUtils.java:logGet(44)) - raft.server.retrycache.expirytime = 600000ms (custom)
2021-08-10 07:21:08,325 [pool-139-thread-1] INFO  server.RaftServerConfigKeys (ConfUtils.java:logGet(44)) - raft.server.retrycache.statistics.expirytime = 100μs (default)
2021-08-10 07:21:08,326 [pool-139-thread-1] INFO  server.RaftServer$Division (RaftServerImpl.java:start(296)) - 12a15bd5-4321-4c17-a25c-f1df7459fe15@group-6F7EC01B3871: start as a follower, conf=-1: [12a15bd5-4321-4c17-a25c-f1df7459fe15|rpc:127.0.0.1:38099|dataStream:|priority:1, 76897d42-f98f-4c19-b58f-ca2cbe3c8872|rpc:127.0.0.1:44151|dataStream:|priority:0, 9d17b7b9-a403-467f-9c18-cea608608412|rpc:127.0.0.1:38501|dataStream:|priority:0], old=null
2021-08-10 07:21:08,326 [pool-139-thread-1] INFO  server.RaftServer$Division (RaftServerImpl.java:setRole(285)) - 12a15bd5-4321-4c17-a25c-f1df7459fe15@group-6F7EC01B3871: changes role from      null to FOLLOWER at term 0 for startAsFollower
2021-08-10 07:21:08,326 [pool-139-thread-1] INFO  impl.RoleInfo (RoleInfo.java:updateAndGet(130)) - 12a15bd5-4321-4c17-a25c-f1df7459fe15: start 12a15bd5-4321-4c17-a25c-f1df7459fe15@group-6F7EC01B3871-FollowerState
2021-08-10 07:21:08,326 [pool-139-thread-1] INFO  util.JmxRegister (JmxRegister.java:tryRegister(44)) - Successfully registered JMX Bean with object name Ratis:service=RaftServer,group=group-6F7EC01B3871,id=12a15bd5-4321-4c17-a25c-f1df7459fe15
2021-08-10 07:21:08,345 [grpc-default-executor-4] INFO  server.RaftServer (RaftServerProxy.java:addNew(95)) - 9d17b7b9-a403-467f-9c18-cea608608412: addNew group-6F7EC01B3871:[12a15bd5-4321-4c17-a25c-f1df7459fe15|rpc:127.0.0.1:38099|dataStream:|priority:1, 76897d42-f98f-4c19-b58f-ca2cbe3c8872|rpc:127.0.0.1:44151|dataStream:|priority:0, 9d17b7b9-a403-467f-9c18-cea608608412|rpc:127.0.0.1:38501|dataStream:|priority:0] returns group-6F7EC01B3871:java.util.concurrent.CompletableFuture@59642dcb[Not completed]
2021-08-10 07:21:08,346 [pool-120-thread-1] INFO  server.RaftServer$Division (RaftServerImpl.java:<init>(181)) - 9d17b7b9-a403-467f-9c18-cea608608412: new RaftServerImpl for group-6F7EC01B3871:[12a15bd5-4321-4c17-a25c-f1df7459fe15|rpc:127.0.0.1:38099|dataStream:|priority:1, 76897d42-f98f-4c19-b58f-ca2cbe3c8872|rpc:127.0.0.1:44151|dataStream:|priority:0, 9d17b7b9-a403-467f-9c18-cea608608412|rpc:127.0.0.1:38501|dataStream:|priority:0] with ContainerStateMachine:uninitialized
2021-08-10 07:21:08,346 [pool-120-thread-1] INFO  server.RaftServerConfigKeys (ConfUtils.java:logGet(44)) - raft.server.rpc.timeout.min = 5s (custom)
2021-08-10 07:21:08,346 [pool-120-thread-1] INFO  server.RaftServerConfigKeys (ConfUtils.java:logGet(44)) - raft.server.rpc.timeout.max = 5200ms (custom)
2021-08-10 07:21:08,346 [pool-120-thread-1] INFO  server.RaftServerConfigKeys (ConfUtils.java:logGet(44)) - raft.server.rpc.sleep.time = 25ms (default)
2021-08-10 07:21:08,347 [pool-120-thread-1] INFO  server.RaftServerConfigKeys (ConfUtils.java:logGet(44)) - raft.server.rpc.slowness.timeout = 300s (custom)
2021-08-10 07:21:08,347 [pool-120-thread-1] INFO  server.RaftServerConfigKeys (ConfUtils.java:logGet(44)) - raft.server.leaderelection.leader.step-down.wait-time = 10s (default)
2021-08-10 07:21:08,347 [pool-120-thread-1] INFO  server.RaftServerConfigKeys (ConfUtils.java:logGet(44)) - raft.server.sleep.deviation.threshold = 300ms (default)
2021-08-10 07:21:08,347 [pool-120-thread-1] INFO  server.RaftServerConfigKeys (ConfUtils.java:logGet(44)) - raft.server.log.appender.install.snapshot.enabled = false (custom)
2021-08-10 07:21:08,347 [pool-120-thread-1] INFO  server.RaftServer$Division (ServerState.java:<init>(105)) - 9d17b7b9-a403-467f-9c18-cea608608412@group-6F7EC01B3871: ConfigurationManager, init=-1: [12a15bd5-4321-4c17-a25c-f1df7459fe15|rpc:127.0.0.1:38099|dataStream:|priority:1, 76897d42-f98f-4c19-b58f-ca2cbe3c8872|rpc:127.0.0.1:44151|dataStream:|priority:0, 9d17b7b9-a403-467f-9c18-cea608608412|rpc:127.0.0.1:38501|dataStream:|priority:0], old=null, confs=<EMPTY_MAP>
2021-08-10 07:21:08,347 [pool-120-thread-1] INFO  server.RaftServerConfigKeys (ConfUtils.java:logGet(44)) - raft.server.storage.dir = [/home/runner/work/ozone/ozone/hadoop-ozone/integration-test/target/test-dir/MiniOzoneClusterImpl-c2709307-340b-4da9-b87e-bf8cdd64b120/datanode-1/data/ratis] (custom)
2021-08-10 07:21:08,347 [pool-120-thread-1] INFO  server.RaftServerConfigKeys (ConfUtils.java:logGet(44)) - raft.server.log.corruption.policy = EXCEPTION (default)
2021-08-10 07:21:08,347 [pool-120-thread-1] INFO  server.RaftServerConfigKeys (ConfUtils.java:logGet(44)) - raft.server.storage.free-space.min = 0MB (=0) (default)
2021-08-10 07:21:08,347 [pool-120-thread-1] INFO  storage.RaftStorageDirectory (RaftStorageDirectoryImpl.java:analyzeStorage(135)) - The storage directory /home/runner/work/ozone/ozone/hadoop-ozone/integration-test/target/test-dir/MiniOzoneClusterImpl-c2709307-340b-4da9-b87e-bf8cdd64b120/datanode-1/data/ratis/191ef804-04b9-4f33-8ef0-6f7ec01b3871 does not exist. Creating ...
2021-08-10 07:21:08,348 [pool-120-thread-1] INFO  storage.RaftStorageDirectory (RaftStorageDirectoryImpl.java:tryLock(230)) - Lock on /home/runner/work/ozone/ozone/hadoop-ozone/integration-test/target/test-dir/MiniOzoneClusterImpl-c2709307-340b-4da9-b87e-bf8cdd64b120/datanode-1/data/ratis/191ef804-04b9-4f33-8ef0-6f7ec01b3871/in_use.lock acquired by nodename 25859@fv-az12-876
2021-08-10 07:21:08,349 [pool-120-thread-1] INFO  storage.RaftStorage (RaftStorageImpl.java:format(89)) - Storage directory /home/runner/work/ozone/ozone/hadoop-ozone/integration-test/target/test-dir/MiniOzoneClusterImpl-c2709307-340b-4da9-b87e-bf8cdd64b120/datanode-1/data/ratis/191ef804-04b9-4f33-8ef0-6f7ec01b3871 has been successfully formatted.
2021-08-10 07:21:08,350 [Datanode State Machine Thread - 0] WARN  statemachine.StateContext (StateContext.java:execute(621)) - No available thread in pool for past 1 seconds.
2021-08-10 07:21:08,350 [pool-120-thread-1] INFO  ratis.ContainerStateMachine (ContainerStateMachine.java:loadSnapshot(223)) - group-6F7EC01B3871: The snapshot info is null. Setting the last applied indexto:(t:0, i:~)
2021-08-10 07:21:08,359 [pool-120-thread-1] INFO  server.RaftServerConfigKeys (ConfUtils.java:logGet(44)) - raft.server.notification.no-leader.timeout = 300s (custom)
2021-08-10 07:21:08,360 [pool-120-thread-1] INFO  server.RaftServerConfigKeys (ConfUtils.java:logGet(44)) - raft.server.log.use.memory = false (default)
2021-08-10 07:21:08,360 [pool-120-thread-1] INFO  server.RaftServerConfigKeys (ConfUtils.java:logGet(44)) - raft.server.log.purge.gap = 1000000 (custom)
2021-08-10 07:21:08,360 [pool-120-thread-1] INFO  server.RaftServerConfigKeys (ConfUtils.java:logGet(44)) - raft.server.log.appender.buffer.byte-limit = 33554432 (custom)
2021-08-10 07:21:08,360 [pool-120-thread-1] INFO  server.RaftServerConfigKeys (ConfUtils.java:logGet(44)) - raft.server.log.segment.size.max = 1048576 (custom)
2021-08-10 07:21:08,360 [pool-120-thread-1] INFO  server.RaftServerConfigKeys (ConfUtils.java:logGet(44)) - raft.server.log.segment.cache.num.max = 2 (custom)
2021-08-10 07:21:08,360 [pool-120-thread-1] INFO  server.RaftServerConfigKeys (ConfUtils.java:logGet(44)) - raft.server.log.segment.cache.size.max = 200MB (=209715200) (default)
2021-08-10 07:21:08,360 [pool-120-thread-1] INFO  segmented.SegmentedRaftLogWorker (SegmentedRaftLogWorker.java:<init>(182)) - new 9d17b7b9-a403-467f-9c18-cea608608412@group-6F7EC01B3871-SegmentedRaftLogWorker for RaftStorageImpl:Storage Directory /home/runner/work/ozone/ozone/hadoop-ozone/integration-test/target/test-dir/MiniOzoneClusterImpl-c2709307-340b-4da9-b87e-bf8cdd64b120/datanode-1/data/ratis/191ef804-04b9-4f33-8ef0-6f7ec01b3871
2021-08-10 07:21:08,360 [pool-120-thread-1] INFO  server.RaftServerConfigKeys (ConfUtils.java:logGet(44)) - raft.server.log.queue.byte-limit = 2147483647 (custom)
2021-08-10 07:21:08,361 [pool-120-thread-1] INFO  server.RaftServerConfigKeys (ConfUtils.java:logGet(44)) - raft.server.log.queue.element-limit = 1024 (custom)
2021-08-10 07:21:08,361 [pool-120-thread-1] INFO  server.RaftServerConfigKeys (ConfUtils.java:logGet(44)) - raft.server.log.segment.size.max = 1048576 (custom)
2021-08-10 07:21:08,361 [pool-120-thread-1] INFO  server.RaftServerConfigKeys (ConfUtils.java:logGet(44)) - raft.server.log.preallocated.size = 16384 (custom)
2021-08-10 07:21:08,361 [pool-120-thread-1] INFO  server.RaftServerConfigKeys (ConfUtils.java:logGet(44)) - raft.server.log.force.sync.num = 128 (default)
2021-08-10 07:21:08,361 [pool-120-thread-1] INFO  server.RaftServerConfigKeys (ConfUtils.java:logGet(44)) - raft.server.log.statemachine.data.sync = true (default)
2021-08-10 07:21:08,361 [pool-120-thread-1] INFO  server.RaftServerConfigKeys (ConfUtils.java:logGet(44)) - raft.server.log.statemachine.data.sync.timeout = 10s (default)
2021-08-10 07:21:08,361 [pool-120-thread-1] INFO  server.RaftServerConfigKeys (ConfUtils.java:logGet(44)) - raft.server.log.statemachine.data.sync.timeout.retry = -1 (default)
2021-08-10 07:21:08,362 [pool-120-thread-1] INFO  server.RaftServerConfigKeys (ConfUtils.java:logGet(44)) - raft.server.log.write.buffer.size = 1048576 (custom)
2021-08-10 07:21:08,362 [pool-120-thread-1] INFO  server.RaftServerConfigKeys (ConfUtils.java:logGet(44)) - raft.server.log.statemachine.data.caching.enabled = true (custom)
2021-08-10 07:21:08,362 [pool-120-thread-1] INFO  segmented.SegmentedRaftLogWorker (SegmentedRaftLogWorker.java:lambda$new$0(133)) - 9d17b7b9-a403-467f-9c18-cea608608412@group-6F7EC01B3871-SegmentedRaftLogWorker: flushIndex: setUnconditionally 0 -> -1
2021-08-10 07:21:08,362 [pool-120-thread-1] INFO  segmented.SegmentedRaftLogWorker (SegmentedRaftLogWorker.java:lambda$new$0(133)) - 9d17b7b9-a403-467f-9c18-cea608608412@group-6F7EC01B3871-SegmentedRaftLogWorker: safeCacheEvictIndex: setUnconditionally 0 -> -1
2021-08-10 07:21:08,367 [pool-120-thread-1] INFO  server.RaftServerConfigKeys (ConfUtils.java:logGet(44)) - raft.server.snapshot.auto.trigger.enabled = true (custom)
2021-08-10 07:21:08,367 [pool-120-thread-1] INFO  server.RaftServerConfigKeys (ConfUtils.java:logGet(44)) - raft.server.snapshot.auto.trigger.threshold = 10000 (custom)
2021-08-10 07:21:08,367 [pool-120-thread-1] INFO  server.RaftServerConfigKeys (ConfUtils.java:logGet(44)) - raft.server.snapshot.retention.file.num = 5 (custom)
2021-08-10 07:21:08,367 [pool-120-thread-1] INFO  server.RaftServerConfigKeys (ConfUtils.java:logGet(44)) - raft.server.log.purge.upto.snapshot.index = false (default)
2021-08-10 07:21:08,368 [pool-120-thread-1] INFO  server.RaftServerConfigKeys (ConfUtils.java:logGet(44)) - raft.server.retrycache.expirytime = 600000ms (custom)
2021-08-10 07:21:08,368 [pool-120-thread-1] INFO  server.RaftServerConfigKeys (ConfUtils.java:logGet(44)) - raft.server.retrycache.statistics.expirytime = 100μs (default)
2021-08-10 07:21:08,369 [pool-120-thread-1] INFO  server.RaftServer$Division (RaftServerImpl.java:start(296)) - 9d17b7b9-a403-467f-9c18-cea608608412@group-6F7EC01B3871: start as a follower, conf=-1: [12a15bd5-4321-4c17-a25c-f1df7459fe15|rpc:127.0.0.1:38099|dataStream:|priority:1, 76897d42-f98f-4c19-b58f-ca2cbe3c8872|rpc:127.0.0.1:44151|dataStream:|priority:0, 9d17b7b9-a403-467f-9c18-cea608608412|rpc:127.0.0.1:38501|dataStream:|priority:0], old=null
2021-08-10 07:21:08,369 [pool-120-thread-1] INFO  server.RaftServer$Division (RaftServerImpl.java:setRole(285)) - 9d17b7b9-a403-467f-9c18-cea608608412@group-6F7EC01B3871: changes role from      null to FOLLOWER at term 0 for startAsFollower
2021-08-10 07:21:08,369 [pool-120-thread-1] INFO  impl.RoleInfo (RoleInfo.java:updateAndGet(130)) - 9d17b7b9-a403-467f-9c18-cea608608412: start 9d17b7b9-a403-467f-9c18-cea608608412@group-6F7EC01B3871-FollowerState
2021-08-10 07:21:08,369 [pool-120-thread-1] INFO  util.JmxRegister (JmxRegister.java:tryRegister(44)) - Successfully registered JMX Bean with object name Ratis:service=RaftServer,group=group-6F7EC01B3871,id=9d17b7b9-a403-467f-9c18-cea608608412
2021-08-10 07:21:08,375 [Command processor thread] INFO  commandhandler.CreatePipelineCommandHandler (CreatePipelineCommandHandler.java:handle(106)) - Created Pipeline RATIS THREE PipelineID=191ef804-04b9-4f33-8ef0-6f7ec01b3871.
2021-08-10 07:21:08,393 [Command processor thread] INFO  server.RaftServer (RaftServerProxy.java:addNew(95)) - 9d17b7b9-a403-467f-9c18-cea608608412: addNew group-DA6AAA60DD7C:[9d17b7b9-a403-467f-9c18-cea608608412|rpc:127.0.0.1:38501|priority:1] returns group-DA6AAA60DD7C:java.util.concurrent.CompletableFuture@5177adfe[Not completed]
2021-08-10 07:21:08,394 [pool-120-thread-1] INFO  server.RaftServer$Division (RaftServerImpl.java:<init>(181)) - 9d17b7b9-a403-467f-9c18-cea608608412: new RaftServerImpl for group-DA6AAA60DD7C:[9d17b7b9-a403-467f-9c18-cea608608412|rpc:127.0.0.1:38501|priority:1] with ContainerStateMachine:uninitialized
2021-08-10 07:21:08,394 [pool-120-thread-1] INFO  server.RaftServerConfigKeys (ConfUtils.java:logGet(44)) - raft.server.rpc.timeout.min = 5s (custom)
2021-08-10 07:21:08,394 [pool-120-thread-1] INFO  server.RaftServerConfigKeys (ConfUtils.java:logGet(44)) - raft.server.rpc.timeout.max = 5200ms (custom)
2021-08-10 07:21:08,394 [pool-120-thread-1] INFO  server.RaftServerConfigKeys (ConfUtils.java:logGet(44)) - raft.server.rpc.sleep.time = 25ms (default)
2021-08-10 07:21:08,395 [pool-120-thread-1] INFO  server.RaftServerConfigKeys (ConfUtils.java:logGet(44)) - raft.server.rpc.slowness.timeout = 300s (custom)
2021-08-10 07:21:08,395 [pool-120-thread-1] INFO  server.RaftServerConfigKeys (ConfUtils.java:logGet(44)) - raft.server.leaderelection.leader.step-down.wait-time = 10s (default)
2021-08-10 07:21:08,395 [pool-120-thread-1] INFO  server.RaftServerConfigKeys (ConfUtils.java:logGet(44)) - raft.server.sleep.deviation.threshold = 300ms (default)
2021-08-10 07:21:08,395 [pool-120-thread-1] INFO  server.RaftServerConfigKeys (ConfUtils.java:logGet(44)) - raft.server.log.appender.install.snapshot.enabled = false (custom)
2021-08-10 07:21:08,395 [pool-120-thread-1] INFO  server.RaftServer$Division (ServerState.java:<init>(105)) - 9d17b7b9-a403-467f-9c18-cea608608412@group-DA6AAA60DD7C: ConfigurationManager, init=-1: [9d17b7b9-a403-467f-9c18-cea608608412|rpc:127.0.0.1:38501|priority:1], old=null, confs=<EMPTY_MAP>
2021-08-10 07:21:08,395 [pool-120-thread-1] INFO  server.RaftServerConfigKeys (ConfUtils.java:logGet(44)) - raft.server.storage.dir = [/home/runner/work/ozone/ozone/hadoop-ozone/integration-test/target/test-dir/MiniOzoneClusterImpl-c2709307-340b-4da9-b87e-bf8cdd64b120/datanode-1/data/ratis] (custom)
2021-08-10 07:21:08,395 [pool-120-thread-1] INFO  server.RaftServerConfigKeys (ConfUtils.java:logGet(44)) - raft.server.log.corruption.policy = EXCEPTION (default)
2021-08-10 07:21:08,395 [pool-120-thread-1] INFO  server.RaftServerConfigKeys (ConfUtils.java:logGet(44)) - raft.server.storage.free-space.min = 0MB (=0) (default)
2021-08-10 07:21:08,395 [pool-120-thread-1] INFO  storage.RaftStorageDirectory (RaftStorageDirectoryImpl.java:analyzeStorage(135)) - The storage directory /home/runner/work/ozone/ozone/hadoop-ozone/integration-test/target/test-dir/MiniOzoneClusterImpl-c2709307-340b-4da9-b87e-bf8cdd64b120/datanode-1/data/ratis/fcda9ca2-1309-40c1-8702-da6aaa60dd7c does not exist. Creating ...
2021-08-10 07:21:08,396 [pool-120-thread-1] INFO  storage.RaftStorageDirectory (RaftStorageDirectoryImpl.java:tryLock(230)) - Lock on /home/runner/work/ozone/ozone/hadoop-ozone/integration-test/target/test-dir/MiniOzoneClusterImpl-c2709307-340b-4da9-b87e-bf8cdd64b120/datanode-1/data/ratis/fcda9ca2-1309-40c1-8702-da6aaa60dd7c/in_use.lock acquired by nodename 25859@fv-az12-876
2021-08-10 07:21:08,398 [pool-120-thread-1] INFO  storage.RaftStorage (RaftStorageImpl.java:format(89)) - Storage directory /home/runner/work/ozone/ozone/hadoop-ozone/integration-test/target/test-dir/MiniOzoneClusterImpl-c2709307-340b-4da9-b87e-bf8cdd64b120/datanode-1/data/ratis/fcda9ca2-1309-40c1-8702-da6aaa60dd7c has been successfully formatted.
2021-08-10 07:21:08,398 [pool-120-thread-1] INFO  ratis.ContainerStateMachine (ContainerStateMachine.java:loadSnapshot(223)) - group-DA6AAA60DD7C: The snapshot info is null. Setting the last applied indexto:(t:0, i:~)
2021-08-10 07:21:08,399 [pool-120-thread-1] INFO  server.RaftServerConfigKeys (ConfUtils.java:logGet(44)) - raft.server.notification.no-leader.timeout = 300s (custom)
2021-08-10 07:21:08,399 [pool-120-thread-1] INFO  server.RaftServerConfigKeys (ConfUtils.java:logGet(44)) - raft.server.log.use.memory = false (default)
2021-08-10 07:21:08,400 [EventQueue-PipelineReportForPipelineReportHandler] INFO  pipeline.PipelineManagerV2Impl (PipelineManagerV2Impl.java:openPipeline(283)) - Pipeline Pipeline[ Id: fcda9ca2-1309-40c1-8702-da6aaa60dd7c, Nodes: 9d17b7b9-a403-467f-9c18-cea608608412{ip: 127.0.0.1, host: localhost, ports: [REPLICATION=41755, RATIS=38501, RATIS_ADMIN=38501, RATIS_SERVER=38501, STANDALONE=42813], networkLocation: /default-rack, certSerialId: null, persistedOpState: IN_SERVICE, persistedOpStateExpiryEpochSec: 0}, ReplicationConfig: RATIS/ONE, State:ALLOCATED, leaderId:9d17b7b9-a403-467f-9c18-cea608608412, CreationTimestamp2021-08-10T07:21:05.398Z[Etc/UTC]] moved to OPEN state
2021-08-10 07:21:08,403 [pool-120-thread-1] INFO  server.RaftServerConfigKeys (ConfUtils.java:logGet(44)) - raft.server.log.purge.gap = 1000000 (custom)
2021-08-10 07:21:08,403 [pool-120-thread-1] INFO  server.RaftServerConfigKeys (ConfUtils.java:logGet(44)) - raft.server.log.appender.buffer.byte-limit = 33554432 (custom)
2021-08-10 07:21:08,404 [56ac738e-179d-4cdf-8a87-ffc7b568c25f@group-BF8CDD64B120-StateMachineUpdater] INFO  safemode.HealthyPipelineSafeModeRule (HealthyPipelineSafeModeRule.java:initializeRule(152)) - Refreshed total pipeline count is 0, healthy pipeline threshold count is 1
2021-08-10 07:21:08,405 [EventQueue-PipelineReportForPipelineReportHandler] INFO  ha.SCMHAInvocationHandler (SCMHAInvocationHandler.java:invokeRatis(113)) - Invoking method public abstract void org.apache.hadoop.hdds.scm.pipeline.StateManager.updatePipelineState(org.apache.hadoop.hdds.protocol.proto.HddsProtos$PipelineID,org.apache.hadoop.hdds.protocol.proto.HddsProtos$PipelineState) throws java.io.IOException on target org.apache.hadoop.hdds.scm.ha.SCMRatisServerImpl@f901bab, cost 4655.635us
2021-08-10 07:21:08,406 [EventQueue-OpenPipelineForHealthyPipelineSafeModeRule] INFO  safemode.SCMSafeModeManager (HealthyPipelineSafeModeRule.java:process(124)) - SCM in safe mode. Healthy pipelines reported count is 0, required healthy pipeline reported count is 1
2021-08-10 07:21:08,406 [pool-120-thread-1] INFO  server.RaftServerConfigKeys (ConfUtils.java:logGet(44)) - raft.server.log.segment.size.max = 1048576 (custom)
2021-08-10 07:21:08,406 [pool-120-thread-1] INFO  server.RaftServerConfigKeys (ConfUtils.java:logGet(44)) - raft.server.log.segment.cache.num.max = 2 (custom)
2021-08-10 07:21:08,406 [pool-120-thread-1] INFO  server.RaftServerConfigKeys (ConfUtils.java:logGet(44)) - raft.server.log.segment.cache.size.max = 200MB (=209715200) (default)
2021-08-10 07:21:08,406 [pool-120-thread-1] INFO  segmented.SegmentedRaftLogWorker (SegmentedRaftLogWorker.java:<init>(182)) - new 9d17b7b9-a403-467f-9c18-cea608608412@group-DA6AAA60DD7C-SegmentedRaftLogWorker for RaftStorageImpl:Storage Directory /home/runner/work/ozone/ozone/hadoop-ozone/integration-test/target/test-dir/MiniOzoneClusterImpl-c2709307-340b-4da9-b87e-bf8cdd64b120/datanode-1/data/ratis/fcda9ca2-1309-40c1-8702-da6aaa60dd7c
2021-08-10 07:21:08,406 [pool-120-thread-1] INFO  server.RaftServerConfigKeys (ConfUtils.java:logGet(44)) - raft.server.log.queue.byte-limit = 2147483647 (custom)
2021-08-10 07:21:08,407 [pool-120-thread-1] INFO  server.RaftServerConfigKeys (ConfUtils.java:logGet(44)) - raft.server.log.queue.element-limit = 1024 (custom)
2021-08-10 07:21:08,407 [pool-120-thread-1] INFO  server.RaftServerConfigKeys (ConfUtils.java:logGet(44)) - raft.server.log.segment.size.max = 1048576 (custom)
2021-08-10 07:21:08,407 [pool-120-thread-1] INFO  server.RaftServerConfigKeys (ConfUtils.java:logGet(44)) - raft.server.log.preallocated.size = 16384 (custom)
2021-08-10 07:21:08,407 [pool-120-thread-1] INFO  server.RaftServerConfigKeys (ConfUtils.java:logGet(44)) - raft.server.log.force.sync.num = 128 (default)
2021-08-10 07:21:08,407 [pool-120-thread-1] INFO  server.RaftServerConfigKeys (ConfUtils.java:logGet(44)) - raft.server.log.statemachine.data.sync = true (default)
2021-08-10 07:21:08,407 [pool-120-thread-1] INFO  server.RaftServerConfigKeys (ConfUtils.java:logGet(44)) - raft.server.log.statemachine.data.sync.timeout = 10s (default)
2021-08-10 07:21:08,407 [pool-120-thread-1] INFO  server.RaftServerConfigKeys (ConfUtils.java:logGet(44)) - raft.server.log.statemachine.data.sync.timeout.retry = -1 (default)
2021-08-10 07:21:08,408 [pool-120-thread-1] INFO  server.RaftServerConfigKeys (ConfUtils.java:logGet(44)) - raft.server.log.write.buffer.size = 1048576 (custom)
2021-08-10 07:21:08,409 [pool-120-thread-1] INFO  server.RaftServerConfigKeys (ConfUtils.java:logGet(44)) - raft.server.log.statemachine.data.caching.enabled = true (custom)
2021-08-10 07:21:08,411 [pool-120-thread-1] INFO  segmented.SegmentedRaftLogWorker (SegmentedRaftLogWorker.java:lambda$new$0(133)) - 9d17b7b9-a403-467f-9c18-cea608608412@group-DA6AAA60DD7C-SegmentedRaftLogWorker: flushIndex: setUnconditionally 0 -> -1
2021-08-10 07:21:08,411 [pool-120-thread-1] INFO  segmented.SegmentedRaftLogWorker (SegmentedRaftLogWorker.java:lambda$new$0(133)) - 9d17b7b9-a403-467f-9c18-cea608608412@group-DA6AAA60DD7C-SegmentedRaftLogWorker: safeCacheEvictIndex: setUnconditionally 0 -> -1
2021-08-10 07:21:08,418 [pool-120-thread-1] INFO  server.RaftServerConfigKeys (ConfUtils.java:logGet(44)) - raft.server.snapshot.auto.trigger.enabled = true (custom)
2021-08-10 07:21:08,418 [pool-120-thread-1] INFO  server.RaftServerConfigKeys (ConfUtils.java:logGet(44)) - raft.server.snapshot.auto.trigger.threshold = 10000 (custom)
2021-08-10 07:21:08,418 [pool-120-thread-1] INFO  server.RaftServerConfigKeys (ConfUtils.java:logGet(44)) - raft.server.snapshot.retention.file.num = 5 (custom)
2021-08-10 07:21:08,418 [pool-120-thread-1] INFO  server.RaftServerConfigKeys (ConfUtils.java:logGet(44)) - raft.server.log.purge.upto.snapshot.index = false (default)
2021-08-10 07:21:08,418 [pool-120-thread-1] INFO  server.RaftServerConfigKeys (ConfUtils.java:logGet(44)) - raft.server.retrycache.expirytime = 600000ms (custom)
2021-08-10 07:21:08,418 [pool-120-thread-1] INFO  server.RaftServerConfigKeys (ConfUtils.java:logGet(44)) - raft.server.retrycache.statistics.expirytime = 100μs (default)
2021-08-10 07:21:08,420 [pool-120-thread-1] INFO  server.RaftServer$Division (RaftServerImpl.java:start(296)) - 9d17b7b9-a403-467f-9c18-cea608608412@group-DA6AAA60DD7C: start as a follower, conf=-1: [9d17b7b9-a403-467f-9c18-cea608608412|rpc:127.0.0.1:38501|priority:1], old=null
2021-08-10 07:21:08,420 [pool-120-thread-1] INFO  server.RaftServer$Division (RaftServerImpl.java:setRole(285)) - 9d17b7b9-a403-467f-9c18-cea608608412@group-DA6AAA60DD7C: changes role from      null to FOLLOWER at term 0 for startAsFollower
2021-08-10 07:21:08,420 [pool-120-thread-1] INFO  impl.RoleInfo (RoleInfo.java:updateAndGet(130)) - 9d17b7b9-a403-467f-9c18-cea608608412: start 9d17b7b9-a403-467f-9c18-cea608608412@group-DA6AAA60DD7C-FollowerState
2021-08-10 07:21:08,422 [pool-120-thread-1] INFO  util.JmxRegister (JmxRegister.java:tryRegister(44)) - Successfully registered JMX Bean with object name Ratis:service=RaftServer,group=group-DA6AAA60DD7C,id=9d17b7b9-a403-467f-9c18-cea608608412
2021-08-10 07:21:08,422 [Command processor thread] INFO  ratis.XceiverServerRatis (XceiverServerRatis.java:addGroup(759)) - Created group PipelineID=fcda9ca2-1309-40c1-8702-da6aaa60dd7c
2021-08-10 07:21:08,423 [Command processor thread] INFO  commandhandler.CreatePipelineCommandHandler (CreatePipelineCommandHandler.java:handle(106)) - Created Pipeline RATIS ONE PipelineID=fcda9ca2-1309-40c1-8702-da6aaa60dd7c.
2021-08-10 07:21:08,581 [Listener at 127.0.0.1/10892] INFO  ozone.MiniOzoneClusterImpl (MiniOzoneClusterImpl.java:lambda$waitForClusterToBeReady$0(235)) - Nodes are ready. Got 3 of 3 DN Heartbeats.
2021-08-10 07:21:08,582 [Listener at 127.0.0.1/10892] INFO  ozone.MiniOzoneClusterImpl (MiniOzoneClusterImpl.java:lambda$waitForClusterToBeReady$0(238)) - Waiting for cluster to exit safe mode
2021-08-10 07:21:08,582 [Listener at 127.0.0.1/10892] INFO  ozone.MiniOzoneClusterImpl (MiniOzoneClusterImpl.java:lambda$waitForClusterToBeReady$0(240)) - SCM became leader
2021-08-10 07:21:08,590 [Command processor thread] INFO  server.RaftServer (RaftServerProxy.java:addNew(95)) - 12a15bd5-4321-4c17-a25c-f1df7459fe15: addNew group-038C41E7FC35:[12a15bd5-4321-4c17-a25c-f1df7459fe15|rpc:127.0.0.1:38099|priority:1] returns group-038C41E7FC35:java.util.concurrent.CompletableFuture@7789bb84[Not completed]
2021-08-10 07:21:08,591 [pool-139-thread-1] INFO  server.RaftServer$Division (RaftServerImpl.java:<init>(181)) - 12a15bd5-4321-4c17-a25c-f1df7459fe15: new RaftServerImpl for group-038C41E7FC35:[12a15bd5-4321-4c17-a25c-f1df7459fe15|rpc:127.0.0.1:38099|priority:1] with ContainerStateMachine:uninitialized
2021-08-10 07:21:08,591 [pool-139-thread-1] INFO  server.RaftServerConfigKeys (ConfUtils.java:logGet(44)) - raft.server.rpc.timeout.min = 5s (custom)
2021-08-10 07:21:08,591 [pool-139-thread-1] INFO  server.RaftServerConfigKeys (ConfUtils.java:logGet(44)) - raft.server.rpc.timeout.max = 5200ms (custom)
2021-08-10 07:21:08,592 [pool-139-thread-1] INFO  server.RaftServerConfigKeys (ConfUtils.java:logGet(44)) - raft.server.rpc.sleep.time = 25ms (default)
2021-08-10 07:21:08,592 [pool-139-thread-1] INFO  server.RaftServerConfigKeys (ConfUtils.java:logGet(44)) - raft.server.rpc.slowness.timeout = 300s (custom)
2021-08-10 07:21:08,592 [pool-139-thread-1] INFO  server.RaftServerConfigKeys (ConfUtils.java:logGet(44)) - raft.server.leaderelection.leader.step-down.wait-time = 10s (default)
2021-08-10 07:21:08,592 [pool-139-thread-1] INFO  server.RaftServerConfigKeys (ConfUtils.java:logGet(44)) - raft.server.sleep.deviation.threshold = 300ms (default)
2021-08-10 07:21:08,592 [pool-139-thread-1] INFO  server.RaftServerConfigKeys (ConfUtils.java:logGet(44)) - raft.server.log.appender.install.snapshot.enabled = false (custom)
2021-08-10 07:21:08,592 [pool-139-thread-1] INFO  server.RaftServer$Division (ServerState.java:<init>(105)) - 12a15bd5-4321-4c17-a25c-f1df7459fe15@group-038C41E7FC35: ConfigurationManager, init=-1: [12a15bd5-4321-4c17-a25c-f1df7459fe15|rpc:127.0.0.1:38099|priority:1], old=null, confs=<EMPTY_MAP>
2021-08-10 07:21:08,592 [pool-139-thread-1] INFO  server.RaftServerConfigKeys (ConfUtils.java:logGet(44)) - raft.server.storage.dir = [/home/runner/work/ozone/ozone/hadoop-ozone/integration-test/target/test-dir/MiniOzoneClusterImpl-c2709307-340b-4da9-b87e-bf8cdd64b120/datanode-2/data/ratis] (custom)
2021-08-10 07:21:08,592 [pool-139-thread-1] INFO  server.RaftServerConfigKeys (ConfUtils.java:logGet(44)) - raft.server.log.corruption.policy = EXCEPTION (default)
2021-08-10 07:21:08,592 [pool-139-thread-1] INFO  server.RaftServerConfigKeys (ConfUtils.java:logGet(44)) - raft.server.storage.free-space.min = 0MB (=0) (default)
2021-08-10 07:21:08,592 [pool-139-thread-1] INFO  storage.RaftStorageDirectory (RaftStorageDirectoryImpl.java:analyzeStorage(135)) - The storage directory /home/runner/work/ozone/ozone/hadoop-ozone/integration-test/target/test-dir/MiniOzoneClusterImpl-c2709307-340b-4da9-b87e-bf8cdd64b120/datanode-2/data/ratis/e570cf38-0b46-4982-9691-038c41e7fc35 does not exist. Creating ...
2021-08-10 07:21:08,594 [pool-139-thread-1] INFO  storage.RaftStorageDirectory (RaftStorageDirectoryImpl.java:tryLock(230)) - Lock on /home/runner/work/ozone/ozone/hadoop-ozone/integration-test/target/test-dir/MiniOzoneClusterImpl-c2709307-340b-4da9-b87e-bf8cdd64b120/datanode-2/data/ratis/e570cf38-0b46-4982-9691-038c41e7fc35/in_use.lock acquired by nodename 25859@fv-az12-876
2021-08-10 07:21:08,595 [pool-139-thread-1] INFO  storage.RaftStorage (RaftStorageImpl.java:format(89)) - Storage directory /home/runner/work/ozone/ozone/hadoop-ozone/integration-test/target/test-dir/MiniOzoneClusterImpl-c2709307-340b-4da9-b87e-bf8cdd64b120/datanode-2/data/ratis/e570cf38-0b46-4982-9691-038c41e7fc35 has been successfully formatted.
2021-08-10 07:21:08,595 [pool-139-thread-1] INFO  ratis.ContainerStateMachine (ContainerStateMachine.java:loadSnapshot(223)) - group-038C41E7FC35: The snapshot info is null. Setting the last applied indexto:(t:0, i:~)
2021-08-10 07:21:08,596 [pool-139-thread-1] INFO  server.RaftServerConfigKeys (ConfUtils.java:logGet(44)) - raft.server.notification.no-leader.timeout = 300s (custom)
2021-08-10 07:21:08,596 [pool-139-thread-1] INFO  server.RaftServerConfigKeys (ConfUtils.java:logGet(44)) - raft.server.log.use.memory = false (default)
2021-08-10 07:21:08,596 [pool-139-thread-1] INFO  server.RaftServerConfigKeys (ConfUtils.java:logGet(44)) - raft.server.log.purge.gap = 1000000 (custom)
2021-08-10 07:21:08,596 [pool-139-thread-1] INFO  server.RaftServerConfigKeys (ConfUtils.java:logGet(44)) - raft.server.log.appender.buffer.byte-limit = 33554432 (custom)
2021-08-10 07:21:08,597 [pool-139-thread-1] INFO  server.RaftServerConfigKeys (ConfUtils.java:logGet(44)) - raft.server.log.segment.size.max = 1048576 (custom)
2021-08-10 07:21:08,598 [EventQueue-PipelineReportForPipelineReportHandler] INFO  pipeline.PipelineManagerV2Impl (PipelineManagerV2Impl.java:openPipeline(283)) - Pipeline Pipeline[ Id: e570cf38-0b46-4982-9691-038c41e7fc35, Nodes: 12a15bd5-4321-4c17-a25c-f1df7459fe15{ip: 127.0.0.1, host: localhost, ports: [REPLICATION=46773, RATIS=38099, RATIS_ADMIN=38099, RATIS_SERVER=38099, STANDALONE=40035], networkLocation: /default-rack, certSerialId: null, persistedOpState: IN_SERVICE, persistedOpStateExpiryEpochSec: 0}, ReplicationConfig: RATIS/ONE, State:ALLOCATED, leaderId:12a15bd5-4321-4c17-a25c-f1df7459fe15, CreationTimestamp2021-08-10T07:21:05.594Z[Etc/UTC]] moved to OPEN state
2021-08-10 07:21:08,602 [pool-139-thread-1] INFO  server.RaftServerConfigKeys (ConfUtils.java:logGet(44)) - raft.server.log.segment.cache.num.max = 2 (custom)
2021-08-10 07:21:08,602 [pool-139-thread-1] INFO  server.RaftServerConfigKeys (ConfUtils.java:logGet(44)) - raft.server.log.segment.cache.size.max = 200MB (=209715200) (default)
2021-08-10 07:21:08,603 [pool-139-thread-1] INFO  segmented.SegmentedRaftLogWorker (SegmentedRaftLogWorker.java:<init>(182)) - new 12a15bd5-4321-4c17-a25c-f1df7459fe15@group-038C41E7FC35-SegmentedRaftLogWorker for RaftStorageImpl:Storage Directory /home/runner/work/ozone/ozone/hadoop-ozone/integration-test/target/test-dir/MiniOzoneClusterImpl-c2709307-340b-4da9-b87e-bf8cdd64b120/datanode-2/data/ratis/e570cf38-0b46-4982-9691-038c41e7fc35
2021-08-10 07:21:08,603 [pool-139-thread-1] INFO  server.RaftServerConfigKeys (ConfUtils.java:logGet(44)) - raft.server.log.queue.byte-limit = 2147483647 (custom)
2021-08-10 07:21:08,603 [pool-139-thread-1] INFO  server.RaftServerConfigKeys (ConfUtils.java:logGet(44)) - raft.server.log.queue.element-limit = 1024 (custom)
2021-08-10 07:21:08,603 [pool-139-thread-1] INFO  server.RaftServerConfigKeys (ConfUtils.java:logGet(44)) - raft.server.log.segment.size.max = 1048576 (custom)
2021-08-10 07:21:08,603 [pool-139-thread-1] INFO  server.RaftServerConfigKeys (ConfUtils.java:logGet(44)) - raft.server.log.preallocated.size = 16384 (custom)
2021-08-10 07:21:08,603 [pool-139-thread-1] INFO  server.RaftServerConfigKeys (ConfUtils.java:logGet(44)) - raft.server.log.force.sync.num = 128 (default)
2021-08-10 07:21:08,603 [pool-139-thread-1] INFO  server.RaftServerConfigKeys (ConfUtils.java:logGet(44)) - raft.server.log.statemachine.data.sync = true (default)
2021-08-10 07:21:08,603 [pool-139-thread-1] INFO  server.RaftServerConfigKeys (ConfUtils.java:logGet(44)) - raft.server.log.statemachine.data.sync.timeout = 10s (default)
2021-08-10 07:21:08,603 [pool-139-thread-1] INFO  server.RaftServerConfigKeys (ConfUtils.java:logGet(44)) - raft.server.log.statemachine.data.sync.timeout.retry = -1 (default)
2021-08-10 07:21:08,604 [pool-139-thread-1] INFO  server.RaftServerConfigKeys (ConfUtils.java:logGet(44)) - raft.server.log.write.buffer.size = 1048576 (custom)
2021-08-10 07:21:08,605 [pool-139-thread-1] INFO  server.RaftServerConfigKeys (ConfUtils.java:logGet(44)) - raft.server.log.statemachine.data.caching.enabled = true (custom)
2021-08-10 07:21:08,605 [pool-139-thread-1] INFO  segmented.SegmentedRaftLogWorker (SegmentedRaftLogWorker.java:lambda$new$0(133)) - 12a15bd5-4321-4c17-a25c-f1df7459fe15@group-038C41E7FC35-SegmentedRaftLogWorker: flushIndex: setUnconditionally 0 -> -1
2021-08-10 07:21:08,605 [pool-139-thread-1] INFO  segmented.SegmentedRaftLogWorker (SegmentedRaftLogWorker.java:lambda$new$0(133)) - 12a15bd5-4321-4c17-a25c-f1df7459fe15@group-038C41E7FC35-SegmentedRaftLogWorker: safeCacheEvictIndex: setUnconditionally 0 -> -1
2021-08-10 07:21:08,605 [pool-139-thread-1] INFO  server.RaftServerConfigKeys (ConfUtils.java:logGet(44)) - raft.server.snapshot.auto.trigger.enabled = true (custom)
2021-08-10 07:21:08,605 [56ac738e-179d-4cdf-8a87-ffc7b568c25f@group-BF8CDD64B120-StateMachineUpdater] INFO  safemode.HealthyPipelineSafeModeRule (HealthyPipelineSafeModeRule.java:initializeRule(152)) - Refreshed total pipeline count is 0, healthy pipeline threshold count is 1
2021-08-10 07:21:08,611 [EventQueue-PipelineReportForPipelineReportHandler] INFO  ha.SCMHAInvocationHandler (SCMHAInvocationHandler.java:invokeRatis(113)) - Invoking method public abstract void org.apache.hadoop.hdds.scm.pipeline.StateManager.updatePipelineState(org.apache.hadoop.hdds.protocol.proto.HddsProtos$PipelineID,org.apache.hadoop.hdds.protocol.proto.HddsProtos$PipelineState) throws java.io.IOException on target org.apache.hadoop.hdds.scm.ha.SCMRatisServerImpl@f901bab, cost 13218.298us
2021-08-10 07:21:08,612 [EventQueue-OpenPipelineForHealthyPipelineSafeModeRule] INFO  safemode.SCMSafeModeManager (HealthyPipelineSafeModeRule.java:process(124)) - SCM in safe mode. Healthy pipelines reported count is 0, required healthy pipeline reported count is 1
2021-08-10 07:21:08,615 [pool-139-thread-1] INFO  server.RaftServerConfigKeys (ConfUtils.java:logGet(44)) - raft.server.snapshot.auto.trigger.threshold = 10000 (custom)
2021-08-10 07:21:08,616 [pool-139-thread-1] INFO  server.RaftServerConfigKeys (ConfUtils.java:logGet(44)) - raft.server.snapshot.retention.file.num = 5 (custom)
2021-08-10 07:21:08,616 [pool-139-thread-1] INFO  server.RaftServerConfigKeys (ConfUtils.java:logGet(44)) - raft.server.log.purge.upto.snapshot.index = false (default)
2021-08-10 07:21:08,616 [pool-139-thread-1] INFO  server.RaftServerConfigKeys (ConfUtils.java:logGet(44)) - raft.server.retrycache.expirytime = 600000ms (custom)
2021-08-10 07:21:08,616 [pool-139-thread-1] INFO  server.RaftServerConfigKeys (ConfUtils.java:logGet(44)) - raft.server.retrycache.statistics.expirytime = 100μs (default)
2021-08-10 07:21:08,617 [pool-139-thread-1] INFO  server.RaftServer$Division (RaftServerImpl.java:start(296)) - 12a15bd5-4321-4c17-a25c-f1df7459fe15@group-038C41E7FC35: start as a follower, conf=-1: [12a15bd5-4321-4c17-a25c-f1df7459fe15|rpc:127.0.0.1:38099|priority:1], old=null
2021-08-10 07:21:08,617 [pool-139-thread-1] INFO  server.RaftServer$Division (RaftServerImpl.java:setRole(285)) - 12a15bd5-4321-4c17-a25c-f1df7459fe15@group-038C41E7FC35: changes role from      null to FOLLOWER at term 0 for startAsFollower
2021-08-10 07:21:08,617 [pool-139-thread-1] INFO  impl.RoleInfo (RoleInfo.java:updateAndGet(130)) - 12a15bd5-4321-4c17-a25c-f1df7459fe15: start 12a15bd5-4321-4c17-a25c-f1df7459fe15@group-038C41E7FC35-FollowerState
2021-08-10 07:21:08,622 [pool-139-thread-1] INFO  util.JmxRegister (JmxRegister.java:tryRegister(44)) - Successfully registered JMX Bean with object name Ratis:service=RaftServer,group=group-038C41E7FC35,id=12a15bd5-4321-4c17-a25c-f1df7459fe15
2021-08-10 07:21:08,623 [Command processor thread] INFO  ratis.XceiverServerRatis (XceiverServerRatis.java:addGroup(759)) - Created group PipelineID=e570cf38-0b46-4982-9691-038c41e7fc35
2021-08-10 07:21:08,623 [Command processor thread] INFO  commandhandler.CreatePipelineCommandHandler (CreatePipelineCommandHandler.java:handle(106)) - Created Pipeline RATIS ONE PipelineID=e570cf38-0b46-4982-9691-038c41e7fc35.
2021-08-10 07:21:09,582 [Listener at 127.0.0.1/10892] INFO  ozone.MiniOzoneClusterImpl (MiniOzoneClusterImpl.java:lambda$waitForClusterToBeReady$0(235)) - Nodes are ready. Got 3 of 3 DN Heartbeats.
2021-08-10 07:21:09,582 [Listener at 127.0.0.1/10892] INFO  ozone.MiniOzoneClusterImpl (MiniOzoneClusterImpl.java:lambda$waitForClusterToBeReady$0(238)) - Waiting for cluster to exit safe mode
2021-08-10 07:21:09,582 [Listener at 127.0.0.1/10892] INFO  ozone.MiniOzoneClusterImpl (MiniOzoneClusterImpl.java:lambda$waitForClusterToBeReady$0(240)) - SCM became leader
2021-08-10 07:21:10,582 [Listener at 127.0.0.1/10892] INFO  ozone.MiniOzoneClusterImpl (MiniOzoneClusterImpl.java:lambda$waitForClusterToBeReady$0(235)) - Nodes are ready. Got 3 of 3 DN Heartbeats.
2021-08-10 07:21:10,583 [Listener at 127.0.0.1/10892] INFO  ozone.MiniOzoneClusterImpl (MiniOzoneClusterImpl.java:lambda$waitForClusterToBeReady$0(238)) - Waiting for cluster to exit safe mode
2021-08-10 07:21:10,583 [Listener at 127.0.0.1/10892] INFO  ozone.MiniOzoneClusterImpl (MiniOzoneClusterImpl.java:lambda$waitForClusterToBeReady$0(240)) - SCM became leader
2021-08-10 07:21:11,583 [Listener at 127.0.0.1/10892] INFO  ozone.MiniOzoneClusterImpl (MiniOzoneClusterImpl.java:lambda$waitForClusterToBeReady$0(235)) - Nodes are ready. Got 3 of 3 DN Heartbeats.
2021-08-10 07:21:11,583 [Listener at 127.0.0.1/10892] INFO  ozone.MiniOzoneClusterImpl (MiniOzoneClusterImpl.java:lambda$waitForClusterToBeReady$0(238)) - Waiting for cluster to exit safe mode
2021-08-10 07:21:11,583 [Listener at 127.0.0.1/10892] INFO  ozone.MiniOzoneClusterImpl (MiniOzoneClusterImpl.java:lambda$waitForClusterToBeReady$0(240)) - SCM became leader
2021-08-10 07:21:12,583 [Listener at 127.0.0.1/10892] INFO  ozone.MiniOzoneClusterImpl (MiniOzoneClusterImpl.java:lambda$waitForClusterToBeReady$0(235)) - Nodes are ready. Got 3 of 3 DN Heartbeats.
2021-08-10 07:21:12,584 [Listener at 127.0.0.1/10892] INFO  ozone.MiniOzoneClusterImpl (MiniOzoneClusterImpl.java:lambda$waitForClusterToBeReady$0(238)) - Waiting for cluster to exit safe mode
2021-08-10 07:21:12,584 [Listener at 127.0.0.1/10892] INFO  ozone.MiniOzoneClusterImpl (MiniOzoneClusterImpl.java:lambda$waitForClusterToBeReady$0(240)) - SCM became leader
2021-08-10 07:21:13,160 [76897d42-f98f-4c19-b58f-ca2cbe3c8872@group-A8AD30E43C82-FollowerState] INFO  impl.FollowerState (FollowerState.java:run(134)) - 76897d42-f98f-4c19-b58f-ca2cbe3c8872@group-A8AD30E43C82-FollowerState: change to CANDIDATE, lastRpcElapsedTime:5097130861ns, electionTimeout:5096ms
2021-08-10 07:21:13,160 [76897d42-f98f-4c19-b58f-ca2cbe3c8872@group-A8AD30E43C82-FollowerState] INFO  impl.RoleInfo (RoleInfo.java:shutdownFollowerState(108)) - 76897d42-f98f-4c19-b58f-ca2cbe3c8872: shutdown 76897d42-f98f-4c19-b58f-ca2cbe3c8872@group-A8AD30E43C82-FollowerState
2021-08-10 07:21:13,160 [76897d42-f98f-4c19-b58f-ca2cbe3c8872@group-A8AD30E43C82-FollowerState] INFO  server.RaftServer$Division (RaftServerImpl.java:setRole(285)) - 76897d42-f98f-4c19-b58f-ca2cbe3c8872@group-A8AD30E43C82: changes role from  FOLLOWER to CANDIDATE at term 0 for changeToCandidate
2021-08-10 07:21:13,161 [76897d42-f98f-4c19-b58f-ca2cbe3c8872@group-A8AD30E43C82-FollowerState] INFO  server.RaftServerConfigKeys (ConfUtils.java:logGet(44)) - raft.server.leaderelection.pre-vote = false (custom)
2021-08-10 07:21:13,161 [76897d42-f98f-4c19-b58f-ca2cbe3c8872@group-A8AD30E43C82-FollowerState] INFO  impl.RoleInfo (RoleInfo.java:updateAndGet(130)) - 76897d42-f98f-4c19-b58f-ca2cbe3c8872: start 76897d42-f98f-4c19-b58f-ca2cbe3c8872@group-A8AD30E43C82-LeaderElection7
2021-08-10 07:21:13,164 [76897d42-f98f-4c19-b58f-ca2cbe3c8872@group-A8AD30E43C82-LeaderElection7] INFO  impl.LeaderElection (LeaderElection.java:askForVotes(306)) - 76897d42-f98f-4c19-b58f-ca2cbe3c8872@group-A8AD30E43C82-LeaderElection7 ELECTION round 0: submit vote requests at term 1 for -1: [76897d42-f98f-4c19-b58f-ca2cbe3c8872|rpc:127.0.0.1:44151|priority:1], old=null
2021-08-10 07:21:13,164 [76897d42-f98f-4c19-b58f-ca2cbe3c8872@group-A8AD30E43C82-LeaderElection7] INFO  impl.LeaderElection (LeaderElection.java:askForVotes(308)) - 76897d42-f98f-4c19-b58f-ca2cbe3c8872@group-A8AD30E43C82-LeaderElection7 ELECTION round 0: result PASSED (term=1)
2021-08-10 07:21:13,164 [76897d42-f98f-4c19-b58f-ca2cbe3c8872@group-A8AD30E43C82-LeaderElection7] INFO  impl.RoleInfo (RoleInfo.java:shutdownLeaderElection(121)) - 76897d42-f98f-4c19-b58f-ca2cbe3c8872: shutdown 76897d42-f98f-4c19-b58f-ca2cbe3c8872@group-A8AD30E43C82-LeaderElection7
2021-08-10 07:21:13,164 [76897d42-f98f-4c19-b58f-ca2cbe3c8872@group-A8AD30E43C82-LeaderElection7] INFO  server.RaftServer$Division (RaftServerImpl.java:setRole(285)) - 76897d42-f98f-4c19-b58f-ca2cbe3c8872@group-A8AD30E43C82: changes role from CANDIDATE to LEADER at term 1 for changeToLeader
2021-08-10 07:21:13,165 [76897d42-f98f-4c19-b58f-ca2cbe3c8872@group-A8AD30E43C82-LeaderElection7] INFO  ratis.XceiverServerRatis (XceiverServerRatis.java:handleLeaderChangedNotification(857)) - Leader change notification received for group: group-A8AD30E43C82 with new leaderId: 76897d42-f98f-4c19-b58f-ca2cbe3c8872
2021-08-10 07:21:13,165 [Datanode State Machine Thread - 0] WARN  statemachine.StateContext (StateContext.java:execute(621)) - No available thread in pool for past 1 seconds.
2021-08-10 07:21:13,165 [76897d42-f98f-4c19-b58f-ca2cbe3c8872@group-A8AD30E43C82-LeaderElection7] INFO  server.RaftServer$Division (ServerState.java:setLeader(285)) - 76897d42-f98f-4c19-b58f-ca2cbe3c8872@group-A8AD30E43C82: change Leader from null to 76897d42-f98f-4c19-b58f-ca2cbe3c8872 at term 1 for becomeLeader, leader elected after 5130ms
2021-08-10 07:21:13,165 [76897d42-f98f-4c19-b58f-ca2cbe3c8872@group-A8AD30E43C82-LeaderElection7] INFO  server.RaftServerConfigKeys (ConfUtils.java:logGet(44)) - raft.server.staging.catchup.gap = 1000 (default)
2021-08-10 07:21:13,167 [76897d42-f98f-4c19-b58f-ca2cbe3c8872@group-A8AD30E43C82-LeaderElection7] INFO  server.RaftServerConfigKeys (ConfUtils.java:logGet(44)) - raft.server.write.element-limit = 1024 (custom)
2021-08-10 07:21:13,167 [76897d42-f98f-4c19-b58f-ca2cbe3c8872@group-A8AD30E43C82-LeaderElection7] INFO  server.RaftServerConfigKeys (ConfUtils.java:logGet(44)) - raft.server.write.byte-limit = 1073741824 (custom)
2021-08-10 07:21:13,167 [EventQueue-OpenPipelineForHealthyPipelineSafeModeRule] INFO  safemode.SCMSafeModeManager (HealthyPipelineSafeModeRule.java:process(124)) - SCM in safe mode. Healthy pipelines reported count is 0, required healthy pipeline reported count is 1
2021-08-10 07:21:13,167 [76897d42-f98f-4c19-b58f-ca2cbe3c8872@group-A8AD30E43C82-LeaderElection7] INFO  server.RaftServerConfigKeys (ConfUtils.java:logGet(44)) - raft.server.watch.timeout = 180s (custom)
2021-08-10 07:21:13,167 [76897d42-f98f-4c19-b58f-ca2cbe3c8872@group-A8AD30E43C82-LeaderElection7] INFO  server.RaftServerConfigKeys (ConfUtils.java:logGet(44)) - raft.server.watch.timeout.denomination = 1s (default)
2021-08-10 07:21:13,167 [76897d42-f98f-4c19-b58f-ca2cbe3c8872@group-A8AD30E43C82-LeaderElection7] INFO  server.RaftServerConfigKeys (ConfUtils.java:logGet(44)) - raft.server.watch.element-limit = 65536 (default)
2021-08-10 07:21:13,168 [76897d42-f98f-4c19-b58f-ca2cbe3c8872@group-A8AD30E43C82-LeaderElection7] INFO  impl.RoleInfo (RoleInfo.java:updateAndGet(130)) - 76897d42-f98f-4c19-b58f-ca2cbe3c8872: start 76897d42-f98f-4c19-b58f-ca2cbe3c8872@group-A8AD30E43C82-LeaderStateImpl
2021-08-10 07:21:13,168 [76897d42-f98f-4c19-b58f-ca2cbe3c8872@group-A8AD30E43C82-LeaderElection7] INFO  segmented.SegmentedRaftLogWorker (SegmentedRaftLogWorker.java:startLogSegment(394)) - 76897d42-f98f-4c19-b58f-ca2cbe3c8872@group-A8AD30E43C82-SegmentedRaftLogWorker: Starting segment from index:0
2021-08-10 07:21:13,175 [76897d42-f98f-4c19-b58f-ca2cbe3c8872@group-A8AD30E43C82-SegmentedRaftLogWorker] INFO  segmented.SegmentedRaftLogWorker (SegmentedRaftLogWorker.java:execute(601)) - 76897d42-f98f-4c19-b58f-ca2cbe3c8872@group-A8AD30E43C82-SegmentedRaftLogWorker: created new log segment /home/runner/work/ozone/ozone/hadoop-ozone/integration-test/target/test-dir/MiniOzoneClusterImpl-c2709307-340b-4da9-b87e-bf8cdd64b120/datanode-0/data/ratis/af7073e8-3aa6-483f-8c07-a8ad30e43c82/current/log_inprogress_0
2021-08-10 07:21:13,175 [76897d42-f98f-4c19-b58f-ca2cbe3c8872@group-A8AD30E43C82-LeaderElection7] INFO  server.RaftServer$Division (ServerState.java:setRaftConf(387)) - 76897d42-f98f-4c19-b58f-ca2cbe3c8872@group-A8AD30E43C82: set configuration 0: [76897d42-f98f-4c19-b58f-ca2cbe3c8872|rpc:127.0.0.1:44151|dataStream:|priority:1], old=null
2021-08-10 07:21:13,256 [76897d42-f98f-4c19-b58f-ca2cbe3c8872@group-C513D31A15A9-FollowerState] INFO  impl.FollowerState (FollowerState.java:run(134)) - 76897d42-f98f-4c19-b58f-ca2cbe3c8872@group-C513D31A15A9-FollowerState: change to CANDIDATE, lastRpcElapsedTime:5157309708ns, electionTimeout:5153ms
2021-08-10 07:21:13,256 [76897d42-f98f-4c19-b58f-ca2cbe3c8872@group-C513D31A15A9-FollowerState] INFO  impl.RoleInfo (RoleInfo.java:shutdownFollowerState(108)) - 76897d42-f98f-4c19-b58f-ca2cbe3c8872: shutdown 76897d42-f98f-4c19-b58f-ca2cbe3c8872@group-C513D31A15A9-FollowerState
2021-08-10 07:21:13,256 [76897d42-f98f-4c19-b58f-ca2cbe3c8872@group-C513D31A15A9-FollowerState] INFO  server.RaftServer$Division (RaftServerImpl.java:setRole(285)) - 76897d42-f98f-4c19-b58f-ca2cbe3c8872@group-C513D31A15A9: changes role from  FOLLOWER to CANDIDATE at term 0 for changeToCandidate
2021-08-10 07:21:13,256 [76897d42-f98f-4c19-b58f-ca2cbe3c8872@group-C513D31A15A9-FollowerState] INFO  server.RaftServerConfigKeys (ConfUtils.java:logGet(44)) - raft.server.leaderelection.pre-vote = false (custom)
2021-08-10 07:21:13,256 [76897d42-f98f-4c19-b58f-ca2cbe3c8872@group-C513D31A15A9-FollowerState] INFO  impl.RoleInfo (RoleInfo.java:updateAndGet(130)) - 76897d42-f98f-4c19-b58f-ca2cbe3c8872: start 76897d42-f98f-4c19-b58f-ca2cbe3c8872@group-C513D31A15A9-LeaderElection8
2021-08-10 07:21:13,262 [76897d42-f98f-4c19-b58f-ca2cbe3c8872@group-C513D31A15A9-LeaderElection8] INFO  impl.LeaderElection (LeaderElection.java:askForVotes(306)) - 76897d42-f98f-4c19-b58f-ca2cbe3c8872@group-C513D31A15A9-LeaderElection8 ELECTION round 0: submit vote requests at term 1 for -1: [12a15bd5-4321-4c17-a25c-f1df7459fe15|rpc:127.0.0.1:38099|priority:0, 76897d42-f98f-4c19-b58f-ca2cbe3c8872|rpc:127.0.0.1:44151|priority:1, 9d17b7b9-a403-467f-9c18-cea608608412|rpc:127.0.0.1:38501|priority:0], old=null
2021-08-10 07:21:13,276 [grpc-default-executor-2] INFO  server.RaftServer$Division (RaftServerImpl.java:requestVote(1043)) - 12a15bd5-4321-4c17-a25c-f1df7459fe15@group-C513D31A15A9: receive requestVote(ELECTION, 76897d42-f98f-4c19-b58f-ca2cbe3c8872, group-C513D31A15A9, 1, (t:0, i:0))
2021-08-10 07:21:13,276 [grpc-default-executor-2] INFO  impl.VoteContext (VoteContext.java:log(48)) - 12a15bd5-4321-4c17-a25c-f1df7459fe15@group-C513D31A15A9-FOLLOWER: accept ELECTION from 76897d42-f98f-4c19-b58f-ca2cbe3c8872: our priority 0 <= candidate's priority 1
2021-08-10 07:21:13,276 [grpc-default-executor-2] INFO  server.RaftServer$Division (RaftServerImpl.java:setRole(285)) - 12a15bd5-4321-4c17-a25c-f1df7459fe15@group-C513D31A15A9: changes role from  FOLLOWER to FOLLOWER at term 1 for candidate:76897d42-f98f-4c19-b58f-ca2cbe3c8872
2021-08-10 07:21:13,276 [grpc-default-executor-2] INFO  impl.RoleInfo (RoleInfo.java:shutdownFollowerState(108)) - 12a15bd5-4321-4c17-a25c-f1df7459fe15: shutdown 12a15bd5-4321-4c17-a25c-f1df7459fe15@group-C513D31A15A9-FollowerState
2021-08-10 07:21:13,277 [grpc-default-executor-2] INFO  impl.RoleInfo (RoleInfo.java:updateAndGet(130)) - 12a15bd5-4321-4c17-a25c-f1df7459fe15: start 12a15bd5-4321-4c17-a25c-f1df7459fe15@group-C513D31A15A9-FollowerState
2021-08-10 07:21:13,277 [12a15bd5-4321-4c17-a25c-f1df7459fe15@group-C513D31A15A9-FollowerState] INFO  impl.FollowerState (FollowerState.java:run(143)) - 12a15bd5-4321-4c17-a25c-f1df7459fe15@group-C513D31A15A9-FollowerState was interrupted: {}
java.lang.InterruptedException: sleep interrupted
	at java.lang.Thread.sleep(Native Method)
	at java.lang.Thread.sleep(Thread.java:340)
	at java.util.concurrent.TimeUnit.sleep(TimeUnit.java:386)
	at org.apache.ratis.util.TimeDuration.sleep(TimeDuration.java:324)
	at org.apache.ratis.util.TimeDuration.sleep(TimeDuration.java:309)
	at org.apache.ratis.server.impl.FollowerState.run(FollowerState.java:118)
2021-08-10 07:21:13,279 [grpc-default-executor-2] INFO  server.RaftServer$Division (RaftServerImpl.java:requestVote(1075)) - 12a15bd5-4321-4c17-a25c-f1df7459fe15@group-C513D31A15A9 replies to ELECTION vote request: 76897d42-f98f-4c19-b58f-ca2cbe3c8872<-12a15bd5-4321-4c17-a25c-f1df7459fe15#0:OK-t1. Peer's state: 12a15bd5-4321-4c17-a25c-f1df7459fe15@group-C513D31A15A9:t1, leader=null, voted=76897d42-f98f-4c19-b58f-ca2cbe3c8872, raftlog=12a15bd5-4321-4c17-a25c-f1df7459fe15@group-C513D31A15A9-SegmentedRaftLog:OPENED:c-1,f-1,i0, conf=-1: [12a15bd5-4321-4c17-a25c-f1df7459fe15|rpc:127.0.0.1:38099|dataStream:|priority:0, 76897d42-f98f-4c19-b58f-ca2cbe3c8872|rpc:127.0.0.1:44151|dataStream:|priority:1, 9d17b7b9-a403-467f-9c18-cea608608412|rpc:127.0.0.1:38501|dataStream:|priority:0], old=null
2021-08-10 07:21:13,280 [grpc-default-executor-4] INFO  server.RaftServer$Division (RaftServerImpl.java:requestVote(1043)) - 9d17b7b9-a403-467f-9c18-cea608608412@group-C513D31A15A9: receive requestVote(ELECTION, 76897d42-f98f-4c19-b58f-ca2cbe3c8872, group-C513D31A15A9, 1, (t:0, i:0))
2021-08-10 07:21:13,281 [grpc-default-executor-4] INFO  impl.VoteContext (VoteContext.java:log(48)) - 9d17b7b9-a403-467f-9c18-cea608608412@group-C513D31A15A9-FOLLOWER: accept ELECTION from 76897d42-f98f-4c19-b58f-ca2cbe3c8872: our priority 0 <= candidate's priority 1
2021-08-10 07:21:13,281 [grpc-default-executor-4] INFO  server.RaftServer$Division (RaftServerImpl.java:setRole(285)) - 9d17b7b9-a403-467f-9c18-cea608608412@group-C513D31A15A9: changes role from  FOLLOWER to FOLLOWER at term 1 for candidate:76897d42-f98f-4c19-b58f-ca2cbe3c8872
2021-08-10 07:21:13,281 [grpc-default-executor-4] INFO  impl.RoleInfo (RoleInfo.java:shutdownFollowerState(108)) - 9d17b7b9-a403-467f-9c18-cea608608412: shutdown 9d17b7b9-a403-467f-9c18-cea608608412@group-C513D31A15A9-FollowerState
2021-08-10 07:21:13,281 [grpc-default-executor-4] INFO  impl.RoleInfo (RoleInfo.java:updateAndGet(130)) - 9d17b7b9-a403-467f-9c18-cea608608412: start 9d17b7b9-a403-467f-9c18-cea608608412@group-C513D31A15A9-FollowerState
2021-08-10 07:21:13,281 [9d17b7b9-a403-467f-9c18-cea608608412@group-C513D31A15A9-FollowerState] INFO  impl.FollowerState (FollowerState.java:run(143)) - 9d17b7b9-a403-467f-9c18-cea608608412@group-C513D31A15A9-FollowerState was interrupted: {}
java.lang.InterruptedException: sleep interrupted
	at java.lang.Thread.sleep(Native Method)
	at java.lang.Thread.sleep(Thread.java:340)
	at java.util.concurrent.TimeUnit.sleep(TimeUnit.java:386)
	at org.apache.ratis.util.TimeDuration.sleep(TimeDuration.java:324)
	at org.apache.ratis.util.TimeDuration.sleep(TimeDuration.java:309)
	at org.apache.ratis.server.impl.FollowerState.run(FollowerState.java:118)
2021-08-10 07:21:13,282 [76897d42-f98f-4c19-b58f-ca2cbe3c8872@group-C513D31A15A9-LeaderElection8] INFO  impl.LeaderElection (LeaderElection.java:logAndReturn(89)) - 76897d42-f98f-4c19-b58f-ca2cbe3c8872@group-C513D31A15A9-LeaderElection8: ELECTION PASSED received 1 response(s) and 0 exception(s):
2021-08-10 07:21:13,282 [76897d42-f98f-4c19-b58f-ca2cbe3c8872@group-C513D31A15A9-LeaderElection8] INFO  impl.LeaderElection (LeaderElection.java:logAndReturn(93)) -   Response 0: 76897d42-f98f-4c19-b58f-ca2cbe3c8872<-12a15bd5-4321-4c17-a25c-f1df7459fe15#0:OK-t1
2021-08-10 07:21:13,283 [76897d42-f98f-4c19-b58f-ca2cbe3c8872@group-C513D31A15A9-LeaderElection8] INFO  impl.LeaderElection (LeaderElection.java:askForVotes(308)) - 76897d42-f98f-4c19-b58f-ca2cbe3c8872@group-C513D31A15A9-LeaderElection8 ELECTION round 0: result PASSED
2021-08-10 07:21:13,283 [76897d42-f98f-4c19-b58f-ca2cbe3c8872@group-C513D31A15A9-LeaderElection8] INFO  impl.RoleInfo (RoleInfo.java:shutdownLeaderElection(121)) - 76897d42-f98f-4c19-b58f-ca2cbe3c8872: shutdown 76897d42-f98f-4c19-b58f-ca2cbe3c8872@group-C513D31A15A9-LeaderElection8
2021-08-10 07:21:13,283 [76897d42-f98f-4c19-b58f-ca2cbe3c8872@group-C513D31A15A9-LeaderElection8] INFO  server.RaftServer$Division (RaftServerImpl.java:setRole(285)) - 76897d42-f98f-4c19-b58f-ca2cbe3c8872@group-C513D31A15A9: changes role from CANDIDATE to LEADER at term 1 for changeToLeader
2021-08-10 07:21:13,283 [76897d42-f98f-4c19-b58f-ca2cbe3c8872@group-C513D31A15A9-LeaderElection8] INFO  ratis.XceiverServerRatis (XceiverServerRatis.java:handleLeaderChangedNotification(857)) - Leader change notification received for group: group-C513D31A15A9 with new leaderId: 76897d42-f98f-4c19-b58f-ca2cbe3c8872
2021-08-10 07:21:13,283 [76897d42-f98f-4c19-b58f-ca2cbe3c8872@group-C513D31A15A9-LeaderElection8] INFO  server.RaftServer$Division (ServerState.java:setLeader(285)) - 76897d42-f98f-4c19-b58f-ca2cbe3c8872@group-C513D31A15A9: change Leader from null to 76897d42-f98f-4c19-b58f-ca2cbe3c8872 at term 1 for becomeLeader, leader elected after 5206ms
2021-08-10 07:21:13,283 [76897d42-f98f-4c19-b58f-ca2cbe3c8872@group-C513D31A15A9-LeaderElection8] INFO  server.RaftServerConfigKeys (ConfUtils.java:logGet(44)) - raft.server.staging.catchup.gap = 1000 (default)
2021-08-10 07:21:13,283 [Datanode State Machine Thread - 0] WARN  statemachine.StateContext (StateContext.java:execute(621)) - No available thread in pool for past 1 seconds.
2021-08-10 07:21:13,283 [76897d42-f98f-4c19-b58f-ca2cbe3c8872@group-C513D31A15A9-LeaderElection8] INFO  server.RaftServerConfigKeys (ConfUtils.java:logGet(44)) - raft.server.write.element-limit = 1024 (custom)
2021-08-10 07:21:13,283 [76897d42-f98f-4c19-b58f-ca2cbe3c8872@group-C513D31A15A9-LeaderElection8] INFO  server.RaftServerConfigKeys (ConfUtils.java:logGet(44)) - raft.server.write.byte-limit = 1073741824 (custom)
2021-08-10 07:21:13,283 [76897d42-f98f-4c19-b58f-ca2cbe3c8872@group-C513D31A15A9-LeaderElection8] INFO  server.RaftServerConfigKeys (ConfUtils.java:logGet(44)) - raft.server.watch.timeout = 180s (custom)
2021-08-10 07:21:13,284 [76897d42-f98f-4c19-b58f-ca2cbe3c8872@group-C513D31A15A9-LeaderElection8] INFO  server.RaftServerConfigKeys (ConfUtils.java:logGet(44)) - raft.server.watch.timeout.denomination = 1s (default)
2021-08-10 07:21:13,284 [76897d42-f98f-4c19-b58f-ca2cbe3c8872@group-C513D31A15A9-LeaderElection8] INFO  server.RaftServerConfigKeys (ConfUtils.java:logGet(44)) - raft.server.watch.element-limit = 65536 (default)
2021-08-10 07:21:13,284 [76897d42-f98f-4c19-b58f-ca2cbe3c8872@group-C513D31A15A9-LeaderElection8] INFO  server.RaftServerConfigKeys (ConfUtils.java:logGet(44)) - raft.server.log.appender.snapshot.chunk.size.max = 16MB (=16777216) (default)
2021-08-10 07:21:13,284 [76897d42-f98f-4c19-b58f-ca2cbe3c8872@group-C513D31A15A9-LeaderElection8] INFO  server.RaftServerConfigKeys (ConfUtils.java:logGet(44)) - raft.server.log.appender.buffer.byte-limit = 33554432 (custom)
2021-08-10 07:21:13,284 [76897d42-f98f-4c19-b58f-ca2cbe3c8872@group-C513D31A15A9-LeaderElection8] INFO  server.RaftServerConfigKeys (ConfUtils.java:logGet(44)) - raft.server.log.appender.buffer.element-limit = 1 (custom)
2021-08-10 07:21:13,284 [76897d42-f98f-4c19-b58f-ca2cbe3c8872@group-C513D31A15A9-LeaderElection8] INFO  grpc.GrpcConfigKeys (ConfUtils.java:logGet(44)) - raft.grpc.server.leader.outstanding.appends.max = 128 (default)
2021-08-10 07:21:13,284 [76897d42-f98f-4c19-b58f-ca2cbe3c8872@group-C513D31A15A9-LeaderElection8] INFO  server.RaftServerConfigKeys (ConfUtils.java:logGet(44)) - raft.server.rpc.request.timeout = 60s (custom)
2021-08-10 07:21:13,284 [76897d42-f98f-4c19-b58f-ca2cbe3c8872@group-C513D31A15A9-LeaderElection8] INFO  server.RaftServerConfigKeys (ConfUtils.java:logGet(44)) - raft.server.log.appender.install.snapshot.enabled = false (custom)
2021-08-10 07:21:13,285 [EventQueue-PipelineReportForPipelineReportHandler] INFO  pipeline.PipelineManagerV2Impl (PipelineManagerV2Impl.java:openPipeline(283)) - Pipeline Pipeline[ Id: f35ad40b-2989-4c72-b188-c513d31a15a9, Nodes: 9d17b7b9-a403-467f-9c18-cea608608412{ip: 127.0.0.1, host: localhost, ports: [REPLICATION=41755, RATIS=38501, RATIS_ADMIN=38501, RATIS_SERVER=38501, STANDALONE=42813], networkLocation: /default-rack, certSerialId: null, persistedOpState: IN_SERVICE, persistedOpStateExpiryEpochSec: 0}12a15bd5-4321-4c17-a25c-f1df7459fe15{ip: 127.0.0.1, host: localhost, ports: [REPLICATION=46773, RATIS=38099, RATIS_ADMIN=38099, RATIS_SERVER=38099, STANDALONE=40035], networkLocation: /default-rack, certSerialId: null, persistedOpState: IN_SERVICE, persistedOpStateExpiryEpochSec: 0}76897d42-f98f-4c19-b58f-ca2cbe3c8872{ip: 127.0.0.1, host: localhost, ports: [REPLICATION=41987, RATIS=44151, RATIS_ADMIN=44151, RATIS_SERVER=44151, STANDALONE=41041], networkLocation: /default-rack, certSerialId: null, persistedOpState: IN_SERVICE, persistedOpStateExpiryEpochSec: 0}, ReplicationConfig: RATIS/THREE, State:ALLOCATED, leaderId:76897d42-f98f-4c19-b58f-ca2cbe3c8872, CreationTimestamp2021-08-10T07:21:05.601Z[Etc/UTC]] moved to OPEN state
2021-08-10 07:21:13,292 [76897d42-f98f-4c19-b58f-ca2cbe3c8872@group-C513D31A15A9-LeaderElection8] INFO  server.RaftServerConfigKeys (ConfUtils.java:logGet(44)) - raft.server.log.appender.snapshot.chunk.size.max = 16MB (=16777216) (default)
2021-08-10 07:21:13,293 [76897d42-f98f-4c19-b58f-ca2cbe3c8872@group-C513D31A15A9-LeaderElection8] INFO  server.RaftServerConfigKeys (ConfUtils.java:logGet(44)) - raft.server.log.appender.buffer.byte-limit = 33554432 (custom)
2021-08-10 07:21:13,293 [76897d42-f98f-4c19-b58f-ca2cbe3c8872@group-C513D31A15A9-LeaderElection8] INFO  server.RaftServerConfigKeys (ConfUtils.java:logGet(44)) - raft.server.log.appender.buffer.element-limit = 1 (custom)
2021-08-10 07:21:13,293 [grpc-default-executor-4] INFO  server.RaftServer$Division (RaftServerImpl.java:requestVote(1075)) - 9d17b7b9-a403-467f-9c18-cea608608412@group-C513D31A15A9 replies to ELECTION vote request: 76897d42-f98f-4c19-b58f-ca2cbe3c8872<-9d17b7b9-a403-467f-9c18-cea608608412#0:OK-t1. Peer's state: 9d17b7b9-a403-467f-9c18-cea608608412@group-C513D31A15A9:t1, leader=null, voted=76897d42-f98f-4c19-b58f-ca2cbe3c8872, raftlog=9d17b7b9-a403-467f-9c18-cea608608412@group-C513D31A15A9-SegmentedRaftLog:OPENED:c-1,f-1,i0, conf=-1: [12a15bd5-4321-4c17-a25c-f1df7459fe15|rpc:127.0.0.1:38099|dataStream:|priority:0, 76897d42-f98f-4c19-b58f-ca2cbe3c8872|rpc:127.0.0.1:44151|dataStream:|priority:1, 9d17b7b9-a403-467f-9c18-cea608608412|rpc:127.0.0.1:38501|dataStream:|priority:0], old=null
2021-08-10 07:21:13,293 [76897d42-f98f-4c19-b58f-ca2cbe3c8872@group-C513D31A15A9-LeaderElection8] INFO  grpc.GrpcConfigKeys (ConfUtils.java:logGet(44)) - raft.grpc.server.leader.outstanding.appends.max = 128 (default)
2021-08-10 07:21:13,294 [76897d42-f98f-4c19-b58f-ca2cbe3c8872@group-C513D31A15A9-LeaderElection8] INFO  server.RaftServerConfigKeys (ConfUtils.java:logGet(44)) - raft.server.rpc.request.timeout = 60s (custom)
2021-08-10 07:21:13,294 [76897d42-f98f-4c19-b58f-ca2cbe3c8872@group-C513D31A15A9-LeaderElection8] INFO  server.RaftServerConfigKeys (ConfUtils.java:logGet(44)) - raft.server.log.appender.install.snapshot.enabled = false (custom)
2021-08-10 07:21:13,294 [76897d42-f98f-4c19-b58f-ca2cbe3c8872@group-C513D31A15A9-LeaderElection8] INFO  impl.RoleInfo (RoleInfo.java:updateAndGet(130)) - 76897d42-f98f-4c19-b58f-ca2cbe3c8872: start 76897d42-f98f-4c19-b58f-ca2cbe3c8872@group-C513D31A15A9-LeaderStateImpl
2021-08-10 07:21:13,294 [56ac738e-179d-4cdf-8a87-ffc7b568c25f@group-BF8CDD64B120-StateMachineUpdater] INFO  safemode.HealthyPipelineSafeModeRule (HealthyPipelineSafeModeRule.java:initializeRule(152)) - Refreshed total pipeline count is 1, healthy pipeline threshold count is 1
2021-08-10 07:21:13,295 [76897d42-f98f-4c19-b58f-ca2cbe3c8872@group-C513D31A15A9-LeaderElection8] INFO  segmented.SegmentedRaftLogWorker (SegmentedRaftLogWorker.java:startLogSegment(394)) - 76897d42-f98f-4c19-b58f-ca2cbe3c8872@group-C513D31A15A9-SegmentedRaftLogWorker: Starting segment from index:0
2021-08-10 07:21:13,297 [EventQueue-PipelineReportForPipelineReportHandler] INFO  ha.SCMHAInvocationHandler (SCMHAInvocationHandler.java:invokeRatis(113)) - Invoking method public abstract void org.apache.hadoop.hdds.scm.pipeline.StateManager.updatePipelineState(org.apache.hadoop.hdds.protocol.proto.HddsProtos$PipelineID,org.apache.hadoop.hdds.protocol.proto.HddsProtos$PipelineState) throws java.io.IOException on target org.apache.hadoop.hdds.scm.ha.SCMRatisServerImpl@f901bab, cost 11155.383us
2021-08-10 07:21:13,297 [EventQueue-OpenPipelineForHealthyPipelineSafeModeRule] INFO  safemode.SCMSafeModeManager (HealthyPipelineSafeModeRule.java:process(124)) - SCM in safe mode. Healthy pipelines reported count is 1, required healthy pipeline reported count is 1
2021-08-10 07:21:13,297 [EventQueue-OpenPipelineForHealthyPipelineSafeModeRule] INFO  safemode.SCMSafeModeManager (SCMSafeModeManager.java:validateSafeModeExitRules(204)) - HealthyPipelineSafeModeRule rule is successfully validated
2021-08-10 07:21:13,297 [EventQueue-OpenPipelineForHealthyPipelineSafeModeRule] INFO  safemode.SCMSafeModeManager (SCMSafeModeManager.java:validateSafeModeExitRules(219)) - ScmSafeModeManager, all rules are successfully validated
2021-08-10 07:21:13,297 [EventQueue-OpenPipelineForHealthyPipelineSafeModeRule] INFO  safemode.SCMSafeModeManager (SCMSafeModeManager.java:exitSafeMode(248)) - SCM exiting safe mode.
2021-08-10 07:21:13,298 [76897d42-f98f-4c19-b58f-ca2cbe3c8872@group-C513D31A15A9-SegmentedRaftLogWorker] INFO  segmented.SegmentedRaftLogWorker (SegmentedRaftLogWorker.java:execute(601)) - 76897d42-f98f-4c19-b58f-ca2cbe3c8872@group-C513D31A15A9-SegmentedRaftLogWorker: created new log segment /home/runner/work/ozone/ozone/hadoop-ozone/integration-test/target/test-dir/MiniOzoneClusterImpl-c2709307-340b-4da9-b87e-bf8cdd64b120/datanode-0/data/ratis/f35ad40b-2989-4c72-b188-c513d31a15a9/current/log_inprogress_0
2021-08-10 07:21:13,297 [EventQueue-OpenPipelineForHealthyPipelineSafeModeRule] WARN  events.EventQueue (EventQueue.java:fireEvent(194)) - No event handler registered for event TypedEvent{payloadType=SafeModeStatus, name='Safe mode status'}
2021-08-10 07:21:13,303 [EventQueue-OpenPipelineForHealthyPipelineSafeModeRule] INFO  ha.SCMContext (SCMContext.java:updateSafeModeStatus(205)) - Update SafeModeStatus from SafeModeStatus{safeModeStatus=true, preCheckPassed=true} to SafeModeStatus{safeModeStatus=false, preCheckPassed=true}.
2021-08-10 07:21:13,303 [EventQueue-OpenPipelineForHealthyPipelineSafeModeRule] INFO  container.ReplicationManager (ReplicationManager.java:notifyStatusChanged(1674)) - Service ReplicationManager transitions to RUNNING.
2021-08-10 07:21:13,303 [grpc-default-executor-4] INFO  ratis.XceiverServerRatis (XceiverServerRatis.java:handleLeaderChangedNotification(857)) - Leader change notification received for group: group-C513D31A15A9 with new leaderId: 76897d42-f98f-4c19-b58f-ca2cbe3c8872
2021-08-10 07:21:13,303 [grpc-default-executor-4] INFO  server.RaftServer$Division (ServerState.java:setLeader(285)) - 12a15bd5-4321-4c17-a25c-f1df7459fe15@group-C513D31A15A9: change Leader from null to 76897d42-f98f-4c19-b58f-ca2cbe3c8872 at term 1 for appendEntries, leader elected after 5053ms
2021-08-10 07:21:13,305 [grpc-default-executor-4] INFO  ratis.XceiverServerRatis (XceiverServerRatis.java:handleLeaderChangedNotification(857)) - Leader change notification received for group: group-C513D31A15A9 with new leaderId: 76897d42-f98f-4c19-b58f-ca2cbe3c8872
2021-08-10 07:21:13,305 [grpc-default-executor-4] INFO  server.RaftServer$Division (ServerState.java:setLeader(285)) - 9d17b7b9-a403-467f-9c18-cea608608412@group-C513D31A15A9: change Leader from null to 76897d42-f98f-4c19-b58f-ca2cbe3c8872 at term 1 for appendEntries, leader elected after 5139ms
2021-08-10 07:21:13,312 [76897d42-f98f-4c19-b58f-ca2cbe3c8872@group-C513D31A15A9-LeaderElection8] INFO  server.RaftServer$Division (ServerState.java:setRaftConf(387)) - 76897d42-f98f-4c19-b58f-ca2cbe3c8872@group-C513D31A15A9: set configuration 0: [12a15bd5-4321-4c17-a25c-f1df7459fe15|rpc:127.0.0.1:38099|dataStream:|priority:0, 76897d42-f98f-4c19-b58f-ca2cbe3c8872|rpc:127.0.0.1:44151|dataStream:|priority:1, 9d17b7b9-a403-467f-9c18-cea608608412|rpc:127.0.0.1:38501|dataStream:|priority:0], old=null
2021-08-10 07:21:13,315 [grpc-default-executor-4] INFO  server.RaftServer$Division (ServerState.java:setRaftConf(387)) - 9d17b7b9-a403-467f-9c18-cea608608412@group-C513D31A15A9: set configuration 0: [12a15bd5-4321-4c17-a25c-f1df7459fe15|rpc:127.0.0.1:38099|dataStream:|priority:0, 76897d42-f98f-4c19-b58f-ca2cbe3c8872|rpc:127.0.0.1:44151|dataStream:|priority:1, 9d17b7b9-a403-467f-9c18-cea608608412|rpc:127.0.0.1:38501|dataStream:|priority:0], old=null
2021-08-10 07:21:13,316 [grpc-default-executor-4] INFO  segmented.SegmentedRaftLogWorker (SegmentedRaftLogWorker.java:startLogSegment(394)) - 9d17b7b9-a403-467f-9c18-cea608608412@group-C513D31A15A9-SegmentedRaftLogWorker: Starting segment from index:0
2021-08-10 07:21:13,317 [grpc-default-executor-2] INFO  server.RaftServer$Division (ServerState.java:setRaftConf(387)) - 12a15bd5-4321-4c17-a25c-f1df7459fe15@group-C513D31A15A9: set configuration 0: [12a15bd5-4321-4c17-a25c-f1df7459fe15|rpc:127.0.0.1:38099|dataStream:|priority:0, 76897d42-f98f-4c19-b58f-ca2cbe3c8872|rpc:127.0.0.1:44151|dataStream:|priority:1, 9d17b7b9-a403-467f-9c18-cea608608412|rpc:127.0.0.1:38501|dataStream:|priority:0], old=null
2021-08-10 07:21:13,317 [grpc-default-executor-2] INFO  segmented.SegmentedRaftLogWorker (SegmentedRaftLogWorker.java:startLogSegment(394)) - 12a15bd5-4321-4c17-a25c-f1df7459fe15@group-C513D31A15A9-SegmentedRaftLogWorker: Starting segment from index:0
2021-08-10 07:21:13,322 [12a15bd5-4321-4c17-a25c-f1df7459fe15@group-C513D31A15A9-SegmentedRaftLogWorker] INFO  segmented.SegmentedRaftLogWorker (SegmentedRaftLogWorker.java:execute(601)) - 12a15bd5-4321-4c17-a25c-f1df7459fe15@group-C513D31A15A9-SegmentedRaftLogWorker: created new log segment /home/runner/work/ozone/ozone/hadoop-ozone/integration-test/target/test-dir/MiniOzoneClusterImpl-c2709307-340b-4da9-b87e-bf8cdd64b120/datanode-2/data/ratis/f35ad40b-2989-4c72-b188-c513d31a15a9/current/log_inprogress_0
2021-08-10 07:21:13,322 [9d17b7b9-a403-467f-9c18-cea608608412@group-C513D31A15A9-SegmentedRaftLogWorker] INFO  segmented.SegmentedRaftLogWorker (SegmentedRaftLogWorker.java:execute(601)) - 9d17b7b9-a403-467f-9c18-cea608608412@group-C513D31A15A9-SegmentedRaftLogWorker: created new log segment /home/runner/work/ozone/ozone/hadoop-ozone/integration-test/target/test-dir/MiniOzoneClusterImpl-c2709307-340b-4da9-b87e-bf8cdd64b120/datanode-1/data/ratis/f35ad40b-2989-4c72-b188-c513d31a15a9/current/log_inprogress_0
2021-08-10 07:21:13,369 [76897d42-f98f-4c19-b58f-ca2cbe3c8872@group-6F7EC01B3871-FollowerState] INFO  impl.FollowerState (FollowerState.java:run(134)) - 76897d42-f98f-4c19-b58f-ca2cbe3c8872@group-6F7EC01B3871-FollowerState: change to CANDIDATE, lastRpcElapsedTime:5072818678ns, electionTimeout:5071ms
2021-08-10 07:21:13,369 [76897d42-f98f-4c19-b58f-ca2cbe3c8872@group-6F7EC01B3871-FollowerState] INFO  impl.RoleInfo (RoleInfo.java:shutdownFollowerState(108)) - 76897d42-f98f-4c19-b58f-ca2cbe3c8872: shutdown 76897d42-f98f-4c19-b58f-ca2cbe3c8872@group-6F7EC01B3871-FollowerState
2021-08-10 07:21:13,369 [76897d42-f98f-4c19-b58f-ca2cbe3c8872@group-6F7EC01B3871-FollowerState] INFO  server.RaftServer$Division (RaftServerImpl.java:setRole(285)) - 76897d42-f98f-4c19-b58f-ca2cbe3c8872@group-6F7EC01B3871: changes role from  FOLLOWER to CANDIDATE at term 0 for changeToCandidate
2021-08-10 07:21:13,369 [76897d42-f98f-4c19-b58f-ca2cbe3c8872@group-6F7EC01B3871-FollowerState] INFO  server.RaftServerConfigKeys (ConfUtils.java:logGet(44)) - raft.server.leaderelection.pre-vote = false (custom)
2021-08-10 07:21:13,369 [76897d42-f98f-4c19-b58f-ca2cbe3c8872@group-6F7EC01B3871-FollowerState] INFO  impl.RoleInfo (RoleInfo.java:updateAndGet(130)) - 76897d42-f98f-4c19-b58f-ca2cbe3c8872: start 76897d42-f98f-4c19-b58f-ca2cbe3c8872@group-6F7EC01B3871-LeaderElection9
2021-08-10 07:21:13,372 [76897d42-f98f-4c19-b58f-ca2cbe3c8872@group-6F7EC01B3871-LeaderElection9] INFO  impl.LeaderElection (LeaderElection.java:askForVotes(306)) - 76897d42-f98f-4c19-b58f-ca2cbe3c8872@group-6F7EC01B3871-LeaderElection9 ELECTION round 0: submit vote requests at term 1 for -1: [12a15bd5-4321-4c17-a25c-f1df7459fe15|rpc:127.0.0.1:38099|priority:1, 76897d42-f98f-4c19-b58f-ca2cbe3c8872|rpc:127.0.0.1:44151|priority:0, 9d17b7b9-a403-467f-9c18-cea608608412|rpc:127.0.0.1:38501|priority:0], old=null
2021-08-10 07:21:13,374 [grpc-default-executor-2] INFO  server.RaftServer$Division (RaftServerImpl.java:requestVote(1043)) - 12a15bd5-4321-4c17-a25c-f1df7459fe15@group-6F7EC01B3871: receive requestVote(ELECTION, 76897d42-f98f-4c19-b58f-ca2cbe3c8872, group-6F7EC01B3871, 1, (t:0, i:0))
2021-08-10 07:21:13,374 [grpc-default-executor-2] INFO  impl.VoteContext (VoteContext.java:log(48)) - 12a15bd5-4321-4c17-a25c-f1df7459fe15@group-6F7EC01B3871-FOLLOWER: reject ELECTION from 76897d42-f98f-4c19-b58f-ca2cbe3c8872: our priority 1 > candidate's priority 0
2021-08-10 07:21:13,374 [grpc-default-executor-2] INFO  server.RaftServer$Division (RaftServerImpl.java:setRole(285)) - 12a15bd5-4321-4c17-a25c-f1df7459fe15@group-6F7EC01B3871: changes role from  FOLLOWER to FOLLOWER at term 1 for candidate:76897d42-f98f-4c19-b58f-ca2cbe3c8872
2021-08-10 07:21:13,374 [grpc-default-executor-2] INFO  impl.RoleInfo (RoleInfo.java:shutdownFollowerState(108)) - 12a15bd5-4321-4c17-a25c-f1df7459fe15: shutdown 12a15bd5-4321-4c17-a25c-f1df7459fe15@group-6F7EC01B3871-FollowerState
2021-08-10 07:21:13,375 [grpc-default-executor-2] INFO  impl.RoleInfo (RoleInfo.java:updateAndGet(130)) - 12a15bd5-4321-4c17-a25c-f1df7459fe15: start 12a15bd5-4321-4c17-a25c-f1df7459fe15@group-6F7EC01B3871-FollowerState
2021-08-10 07:21:13,375 [12a15bd5-4321-4c17-a25c-f1df7459fe15@group-6F7EC01B3871-FollowerState] INFO  impl.FollowerState (FollowerState.java:run(143)) - 12a15bd5-4321-4c17-a25c-f1df7459fe15@group-6F7EC01B3871-FollowerState was interrupted: {}
java.lang.InterruptedException: sleep interrupted
	at java.lang.Thread.sleep(Native Method)
	at java.lang.Thread.sleep(Thread.java:340)
	at java.util.concurrent.TimeUnit.sleep(TimeUnit.java:386)
	at org.apache.ratis.util.TimeDuration.sleep(TimeDuration.java:324)
	at org.apache.ratis.util.TimeDuration.sleep(TimeDuration.java:309)
	at org.apache.ratis.server.impl.FollowerState.run(FollowerState.java:118)
2021-08-10 07:21:13,380 [grpc-default-executor-4] INFO  server.RaftServer$Division (RaftServerImpl.java:requestVote(1043)) - 9d17b7b9-a403-467f-9c18-cea608608412@group-6F7EC01B3871: receive requestVote(ELECTION, 76897d42-f98f-4c19-b58f-ca2cbe3c8872, group-6F7EC01B3871, 1, (t:0, i:0))
2021-08-10 07:21:13,380 [grpc-default-executor-4] INFO  impl.VoteContext (VoteContext.java:log(48)) - 9d17b7b9-a403-467f-9c18-cea608608412@group-6F7EC01B3871-FOLLOWER: accept ELECTION from 76897d42-f98f-4c19-b58f-ca2cbe3c8872: our priority 0 <= candidate's priority 0
2021-08-10 07:21:13,380 [grpc-default-executor-4] INFO  server.RaftServer$Division (RaftServerImpl.java:setRole(285)) - 9d17b7b9-a403-467f-9c18-cea608608412@group-6F7EC01B3871: changes role from  FOLLOWER to FOLLOWER at term 1 for candidate:76897d42-f98f-4c19-b58f-ca2cbe3c8872
2021-08-10 07:21:13,380 [grpc-default-executor-4] INFO  impl.RoleInfo (RoleInfo.java:shutdownFollowerState(108)) - 9d17b7b9-a403-467f-9c18-cea608608412: shutdown 9d17b7b9-a403-467f-9c18-cea608608412@group-6F7EC01B3871-FollowerState
2021-08-10 07:21:13,380 [grpc-default-executor-4] INFO  impl.RoleInfo (RoleInfo.java:updateAndGet(130)) - 9d17b7b9-a403-467f-9c18-cea608608412: start 9d17b7b9-a403-467f-9c18-cea608608412@group-6F7EC01B3871-FollowerState
2021-08-10 07:21:13,380 [9d17b7b9-a403-467f-9c18-cea608608412@group-6F7EC01B3871-FollowerState] INFO  impl.FollowerState (FollowerState.java:run(143)) - 9d17b7b9-a403-467f-9c18-cea608608412@group-6F7EC01B3871-FollowerState was interrupted: {}
java.lang.InterruptedException: sleep interrupted
	at java.lang.Thread.sleep(Native Method)
	at java.lang.Thread.sleep(Thread.java:340)
	at java.util.concurrent.TimeUnit.sleep(TimeUnit.java:386)
	at org.apache.ratis.util.TimeDuration.sleep(TimeDuration.java:324)
	at org.apache.ratis.util.TimeDuration.sleep(TimeDuration.java:309)
	at org.apache.ratis.server.impl.FollowerState.run(FollowerState.java:118)
2021-08-10 07:21:13,382 [grpc-default-executor-2] INFO  server.RaftServer$Division (RaftServerImpl.java:requestVote(1075)) - 12a15bd5-4321-4c17-a25c-f1df7459fe15@group-6F7EC01B3871 replies to ELECTION vote request: 76897d42-f98f-4c19-b58f-ca2cbe3c8872<-12a15bd5-4321-4c17-a25c-f1df7459fe15#0:FAIL-t1. Peer's state: 12a15bd5-4321-4c17-a25c-f1df7459fe15@group-6F7EC01B3871:t1, leader=null, voted=null, raftlog=12a15bd5-4321-4c17-a25c-f1df7459fe15@group-6F7EC01B3871-SegmentedRaftLog:OPENED:c-1,f-1,i0, conf=-1: [12a15bd5-4321-4c17-a25c-f1df7459fe15|rpc:127.0.0.1:38099|dataStream:|priority:1, 76897d42-f98f-4c19-b58f-ca2cbe3c8872|rpc:127.0.0.1:44151|dataStream:|priority:0, 9d17b7b9-a403-467f-9c18-cea608608412|rpc:127.0.0.1:38501|dataStream:|priority:0], old=null
2021-08-10 07:21:13,382 [grpc-default-executor-4] INFO  server.RaftServer$Division (RaftServerImpl.java:requestVote(1075)) - 9d17b7b9-a403-467f-9c18-cea608608412@group-6F7EC01B3871 replies to ELECTION vote request: 76897d42-f98f-4c19-b58f-ca2cbe3c8872<-9d17b7b9-a403-467f-9c18-cea608608412#0:OK-t1. Peer's state: 9d17b7b9-a403-467f-9c18-cea608608412@group-6F7EC01B3871:t1, leader=null, voted=76897d42-f98f-4c19-b58f-ca2cbe3c8872, raftlog=9d17b7b9-a403-467f-9c18-cea608608412@group-6F7EC01B3871-SegmentedRaftLog:OPENED:c-1,f-1,i0, conf=-1: [12a15bd5-4321-4c17-a25c-f1df7459fe15|rpc:127.0.0.1:38099|dataStream:|priority:1, 76897d42-f98f-4c19-b58f-ca2cbe3c8872|rpc:127.0.0.1:44151|dataStream:|priority:0, 9d17b7b9-a403-467f-9c18-cea608608412|rpc:127.0.0.1:38501|dataStream:|priority:0], old=null
2021-08-10 07:21:13,385 [76897d42-f98f-4c19-b58f-ca2cbe3c8872@group-6F7EC01B3871-LeaderElection9] INFO  impl.LeaderElection (LeaderElection.java:logAndReturn(89)) - 76897d42-f98f-4c19-b58f-ca2cbe3c8872@group-6F7EC01B3871-LeaderElection9: ELECTION REJECTED received 1 response(s) and 0 exception(s):
2021-08-10 07:21:13,385 [76897d42-f98f-4c19-b58f-ca2cbe3c8872@group-6F7EC01B3871-LeaderElection9] INFO  impl.LeaderElection (LeaderElection.java:logAndReturn(93)) -   Response 0: 76897d42-f98f-4c19-b58f-ca2cbe3c8872<-12a15bd5-4321-4c17-a25c-f1df7459fe15#0:FAIL-t1
2021-08-10 07:21:13,385 [76897d42-f98f-4c19-b58f-ca2cbe3c8872@group-6F7EC01B3871-LeaderElection9] INFO  impl.LeaderElection (LeaderElection.java:askForVotes(308)) - 76897d42-f98f-4c19-b58f-ca2cbe3c8872@group-6F7EC01B3871-LeaderElection9 ELECTION round 0: result REJECTED
2021-08-10 07:21:13,385 [76897d42-f98f-4c19-b58f-ca2cbe3c8872@group-6F7EC01B3871-LeaderElection9] INFO  server.RaftServer$Division (RaftServerImpl.java:setRole(285)) - 76897d42-f98f-4c19-b58f-ca2cbe3c8872@group-6F7EC01B3871: changes role from CANDIDATE to FOLLOWER at term 1 for REJECTED
2021-08-10 07:21:13,387 [76897d42-f98f-4c19-b58f-ca2cbe3c8872@group-6F7EC01B3871-LeaderElection9] INFO  impl.RoleInfo (RoleInfo.java:shutdownLeaderElection(121)) - 76897d42-f98f-4c19-b58f-ca2cbe3c8872: shutdown 76897d42-f98f-4c19-b58f-ca2cbe3c8872@group-6F7EC01B3871-LeaderElection9
2021-08-10 07:21:13,387 [76897d42-f98f-4c19-b58f-ca2cbe3c8872@group-6F7EC01B3871-LeaderElection9] INFO  impl.RoleInfo (RoleInfo.java:updateAndGet(130)) - 76897d42-f98f-4c19-b58f-ca2cbe3c8872: start 76897d42-f98f-4c19-b58f-ca2cbe3c8872@group-6F7EC01B3871-FollowerState
2021-08-10 07:21:13,546 [9d17b7b9-a403-467f-9c18-cea608608412@group-DA6AAA60DD7C-FollowerState] INFO  impl.FollowerState (FollowerState.java:run(134)) - 9d17b7b9-a403-467f-9c18-cea608608412@group-DA6AAA60DD7C-FollowerState: change to CANDIDATE, lastRpcElapsedTime:5126615178ns, electionTimeout:5124ms
2021-08-10 07:21:13,547 [9d17b7b9-a403-467f-9c18-cea608608412@group-DA6AAA60DD7C-FollowerState] INFO  impl.RoleInfo (RoleInfo.java:shutdownFollowerState(108)) - 9d17b7b9-a403-467f-9c18-cea608608412: shutdown 9d17b7b9-a403-467f-9c18-cea608608412@group-DA6AAA60DD7C-FollowerState
2021-08-10 07:21:13,547 [9d17b7b9-a403-467f-9c18-cea608608412@group-DA6AAA60DD7C-FollowerState] INFO  server.RaftServer$Division (RaftServerImpl.java:setRole(285)) - 9d17b7b9-a403-467f-9c18-cea608608412@group-DA6AAA60DD7C: changes role from  FOLLOWER to CANDIDATE at term 0 for changeToCandidate
2021-08-10 07:21:13,547 [9d17b7b9-a403-467f-9c18-cea608608412@group-DA6AAA60DD7C-FollowerState] INFO  server.RaftServerConfigKeys (ConfUtils.java:logGet(44)) - raft.server.leaderelection.pre-vote = false (custom)
2021-08-10 07:21:13,547 [9d17b7b9-a403-467f-9c18-cea608608412@group-DA6AAA60DD7C-FollowerState] INFO  impl.RoleInfo (RoleInfo.java:updateAndGet(130)) - 9d17b7b9-a403-467f-9c18-cea608608412: start 9d17b7b9-a403-467f-9c18-cea608608412@group-DA6AAA60DD7C-LeaderElection10
2021-08-10 07:21:13,550 [9d17b7b9-a403-467f-9c18-cea608608412@group-DA6AAA60DD7C-LeaderElection10] INFO  impl.LeaderElection (LeaderElection.java:askForVotes(306)) - 9d17b7b9-a403-467f-9c18-cea608608412@group-DA6AAA60DD7C-LeaderElection10 ELECTION round 0: submit vote requests at term 1 for -1: [9d17b7b9-a403-467f-9c18-cea608608412|rpc:127.0.0.1:38501|priority:1], old=null
2021-08-10 07:21:13,550 [9d17b7b9-a403-467f-9c18-cea608608412@group-DA6AAA60DD7C-LeaderElection10] INFO  impl.LeaderElection (LeaderElection.java:askForVotes(308)) - 9d17b7b9-a403-467f-9c18-cea608608412@group-DA6AAA60DD7C-LeaderElection10 ELECTION round 0: result PASSED (term=1)
2021-08-10 07:21:13,550 [9d17b7b9-a403-467f-9c18-cea608608412@group-DA6AAA60DD7C-LeaderElection10] INFO  impl.RoleInfo (RoleInfo.java:shutdownLeaderElection(121)) - 9d17b7b9-a403-467f-9c18-cea608608412: shutdown 9d17b7b9-a403-467f-9c18-cea608608412@group-DA6AAA60DD7C-LeaderElection10
2021-08-10 07:21:13,550 [9d17b7b9-a403-467f-9c18-cea608608412@group-DA6AAA60DD7C-LeaderElection10] INFO  server.RaftServer$Division (RaftServerImpl.java:setRole(285)) - 9d17b7b9-a403-467f-9c18-cea608608412@group-DA6AAA60DD7C: changes role from CANDIDATE to LEADER at term 1 for changeToLeader
2021-08-10 07:21:13,551 [9d17b7b9-a403-467f-9c18-cea608608412@group-DA6AAA60DD7C-LeaderElection10] INFO  ratis.XceiverServerRatis (XceiverServerRatis.java:handleLeaderChangedNotification(857)) - Leader change notification received for group: group-DA6AAA60DD7C with new leaderId: 9d17b7b9-a403-467f-9c18-cea608608412
2021-08-10 07:21:13,551 [9d17b7b9-a403-467f-9c18-cea608608412@group-DA6AAA60DD7C-LeaderElection10] INFO  server.RaftServer$Division (ServerState.java:setLeader(285)) - 9d17b7b9-a403-467f-9c18-cea608608412@group-DA6AAA60DD7C: change Leader from null to 9d17b7b9-a403-467f-9c18-cea608608412 at term 1 for becomeLeader, leader elected after 5151ms
2021-08-10 07:21:13,551 [9d17b7b9-a403-467f-9c18-cea608608412@group-DA6AAA60DD7C-LeaderElection10] INFO  server.RaftServerConfigKeys (ConfUtils.java:logGet(44)) - raft.server.staging.catchup.gap = 1000 (default)
2021-08-10 07:21:13,551 [9d17b7b9-a403-467f-9c18-cea608608412@group-DA6AAA60DD7C-LeaderElection10] INFO  server.RaftServerConfigKeys (ConfUtils.java:logGet(44)) - raft.server.write.element-limit = 1024 (custom)
2021-08-10 07:21:13,551 [9d17b7b9-a403-467f-9c18-cea608608412@group-DA6AAA60DD7C-LeaderElection10] INFO  server.RaftServerConfigKeys (ConfUtils.java:logGet(44)) - raft.server.write.byte-limit = 1073741824 (custom)
2021-08-10 07:21:13,551 [9d17b7b9-a403-467f-9c18-cea608608412@group-DA6AAA60DD7C-LeaderElection10] INFO  server.RaftServerConfigKeys (ConfUtils.java:logGet(44)) - raft.server.watch.timeout = 180s (custom)
2021-08-10 07:21:13,552 [9d17b7b9-a403-467f-9c18-cea608608412@group-DA6AAA60DD7C-LeaderElection10] INFO  server.RaftServerConfigKeys (ConfUtils.java:logGet(44)) - raft.server.watch.timeout.denomination = 1s (default)
2021-08-10 07:21:13,552 [9d17b7b9-a403-467f-9c18-cea608608412@group-DA6AAA60DD7C-LeaderElection10] INFO  server.RaftServerConfigKeys (ConfUtils.java:logGet(44)) - raft.server.watch.element-limit = 65536 (default)
2021-08-10 07:21:13,552 [9d17b7b9-a403-467f-9c18-cea608608412@group-DA6AAA60DD7C-LeaderElection10] INFO  impl.RoleInfo (RoleInfo.java:updateAndGet(130)) - 9d17b7b9-a403-467f-9c18-cea608608412: start 9d17b7b9-a403-467f-9c18-cea608608412@group-DA6AAA60DD7C-LeaderStateImpl
2021-08-10 07:21:13,552 [9d17b7b9-a403-467f-9c18-cea608608412@group-DA6AAA60DD7C-LeaderElection10] INFO  segmented.SegmentedRaftLogWorker (SegmentedRaftLogWorker.java:startLogSegment(394)) - 9d17b7b9-a403-467f-9c18-cea608608412@group-DA6AAA60DD7C-SegmentedRaftLogWorker: Starting segment from index:0
2021-08-10 07:21:13,555 [9d17b7b9-a403-467f-9c18-cea608608412@group-DA6AAA60DD7C-LeaderElection10] INFO  server.RaftServer$Division (ServerState.java:setRaftConf(387)) - 9d17b7b9-a403-467f-9c18-cea608608412@group-DA6AAA60DD7C: set configuration 0: [9d17b7b9-a403-467f-9c18-cea608608412|rpc:127.0.0.1:38501|dataStream:|priority:1], old=null
2021-08-10 07:21:13,556 [9d17b7b9-a403-467f-9c18-cea608608412@group-DA6AAA60DD7C-SegmentedRaftLogWorker] INFO  segmented.SegmentedRaftLogWorker (SegmentedRaftLogWorker.java:execute(601)) - 9d17b7b9-a403-467f-9c18-cea608608412@group-DA6AAA60DD7C-SegmentedRaftLogWorker: created new log segment /home/runner/work/ozone/ozone/hadoop-ozone/integration-test/target/test-dir/MiniOzoneClusterImpl-c2709307-340b-4da9-b87e-bf8cdd64b120/datanode-1/data/ratis/fcda9ca2-1309-40c1-8702-da6aaa60dd7c/current/log_inprogress_0
2021-08-10 07:21:13,593 [Listener at 127.0.0.1/10892] INFO  ozone.MiniOzoneClusterImpl (MiniOzoneClusterImpl.java:lambda$waitForClusterToBeReady$0(235)) - Nodes are ready. Got 3 of 3 DN Heartbeats.
2021-08-10 07:21:13,593 [Listener at 127.0.0.1/10892] INFO  ozone.MiniOzoneClusterImpl (MiniOzoneClusterImpl.java:lambda$waitForClusterToBeReady$0(238)) - Cluster exits safe mode
2021-08-10 07:21:13,593 [Listener at 127.0.0.1/10892] INFO  ozone.MiniOzoneClusterImpl (MiniOzoneClusterImpl.java:lambda$waitForClusterToBeReady$0(240)) - SCM became leader
2021-08-10 07:21:13,623 [12a15bd5-4321-4c17-a25c-f1df7459fe15@group-038C41E7FC35-FollowerState] INFO  impl.FollowerState (FollowerState.java:run(134)) - 12a15bd5-4321-4c17-a25c-f1df7459fe15@group-038C41E7FC35-FollowerState: change to CANDIDATE, lastRpcElapsedTime:5005650076ns, electionTimeout:5000ms
2021-08-10 07:21:13,623 [12a15bd5-4321-4c17-a25c-f1df7459fe15@group-038C41E7FC35-FollowerState] INFO  impl.RoleInfo (RoleInfo.java:shutdownFollowerState(108)) - 12a15bd5-4321-4c17-a25c-f1df7459fe15: shutdown 12a15bd5-4321-4c17-a25c-f1df7459fe15@group-038C41E7FC35-FollowerState
2021-08-10 07:21:13,623 [12a15bd5-4321-4c17-a25c-f1df7459fe15@group-038C41E7FC35-FollowerState] INFO  server.RaftServer$Division (RaftServerImpl.java:setRole(285)) - 12a15bd5-4321-4c17-a25c-f1df7459fe15@group-038C41E7FC35: changes role from  FOLLOWER to CANDIDATE at term 0 for changeToCandidate
2021-08-10 07:21:13,623 [12a15bd5-4321-4c17-a25c-f1df7459fe15@group-038C41E7FC35-FollowerState] INFO  server.RaftServerConfigKeys (ConfUtils.java:logGet(44)) - raft.server.leaderelection.pre-vote = false (custom)
2021-08-10 07:21:13,623 [12a15bd5-4321-4c17-a25c-f1df7459fe15@group-038C41E7FC35-FollowerState] INFO  impl.RoleInfo (RoleInfo.java:updateAndGet(130)) - 12a15bd5-4321-4c17-a25c-f1df7459fe15: start 12a15bd5-4321-4c17-a25c-f1df7459fe15@group-038C41E7FC35-LeaderElection11
2021-08-10 07:21:13,648 [12a15bd5-4321-4c17-a25c-f1df7459fe15@group-038C41E7FC35-LeaderElection11] INFO  impl.LeaderElection (LeaderElection.java:askForVotes(306)) - 12a15bd5-4321-4c17-a25c-f1df7459fe15@group-038C41E7FC35-LeaderElection11 ELECTION round 0: submit vote requests at term 1 for -1: [12a15bd5-4321-4c17-a25c-f1df7459fe15|rpc:127.0.0.1:38099|priority:1], old=null
2021-08-10 07:21:13,648 [12a15bd5-4321-4c17-a25c-f1df7459fe15@group-038C41E7FC35-LeaderElection11] INFO  impl.LeaderElection (LeaderElection.java:askForVotes(308)) - 12a15bd5-4321-4c17-a25c-f1df7459fe15@group-038C41E7FC35-LeaderElection11 ELECTION round 0: result PASSED (term=1)
2021-08-10 07:21:13,648 [12a15bd5-4321-4c17-a25c-f1df7459fe15@group-038C41E7FC35-LeaderElection11] INFO  impl.RoleInfo (RoleInfo.java:shutdownLeaderElection(121)) - 12a15bd5-4321-4c17-a25c-f1df7459fe15: shutdown 12a15bd5-4321-4c17-a25c-f1df7459fe15@group-038C41E7FC35-LeaderElection11
2021-08-10 07:21:13,648 [12a15bd5-4321-4c17-a25c-f1df7459fe15@group-038C41E7FC35-LeaderElection11] INFO  server.RaftServer$Division (RaftServerImpl.java:setRole(285)) - 12a15bd5-4321-4c17-a25c-f1df7459fe15@group-038C41E7FC35: changes role from CANDIDATE to LEADER at term 1 for changeToLeader
2021-08-10 07:21:13,648 [12a15bd5-4321-4c17-a25c-f1df7459fe15@group-038C41E7FC35-LeaderElection11] INFO  ratis.XceiverServerRatis (XceiverServerRatis.java:handleLeaderChangedNotification(857)) - Leader change notification received for group: group-038C41E7FC35 with new leaderId: 12a15bd5-4321-4c17-a25c-f1df7459fe15
2021-08-10 07:21:13,650 [Datanode State Machine Thread - 0] WARN  statemachine.StateContext (StateContext.java:execute(621)) - No available thread in pool for past 1 seconds.
2021-08-10 07:21:13,654 [12a15bd5-4321-4c17-a25c-f1df7459fe15@group-038C41E7FC35-LeaderElection11] INFO  server.RaftServer$Division (ServerState.java:setLeader(285)) - 12a15bd5-4321-4c17-a25c-f1df7459fe15@group-038C41E7FC35: change Leader from null to 12a15bd5-4321-4c17-a25c-f1df7459fe15 at term 1 for becomeLeader, leader elected after 5052ms
2021-08-10 07:21:13,654 [12a15bd5-4321-4c17-a25c-f1df7459fe15@group-038C41E7FC35-LeaderElection11] INFO  server.RaftServerConfigKeys (ConfUtils.java:logGet(44)) - raft.server.staging.catchup.gap = 1000 (default)
2021-08-10 07:21:13,654 [12a15bd5-4321-4c17-a25c-f1df7459fe15@group-038C41E7FC35-LeaderElection11] INFO  server.RaftServerConfigKeys (ConfUtils.java:logGet(44)) - raft.server.write.element-limit = 1024 (custom)
2021-08-10 07:21:13,654 [12a15bd5-4321-4c17-a25c-f1df7459fe15@group-038C41E7FC35-LeaderElection11] INFO  server.RaftServerConfigKeys (ConfUtils.java:logGet(44)) - raft.server.write.byte-limit = 1073741824 (custom)
2021-08-10 07:21:13,655 [12a15bd5-4321-4c17-a25c-f1df7459fe15@group-038C41E7FC35-LeaderElection11] INFO  server.RaftServerConfigKeys (ConfUtils.java:logGet(44)) - raft.server.watch.timeout = 180s (custom)
2021-08-10 07:21:13,655 [12a15bd5-4321-4c17-a25c-f1df7459fe15@group-038C41E7FC35-LeaderElection11] INFO  server.RaftServerConfigKeys (ConfUtils.java:logGet(44)) - raft.server.watch.timeout.denomination = 1s (default)
2021-08-10 07:21:13,655 [12a15bd5-4321-4c17-a25c-f1df7459fe15@group-038C41E7FC35-LeaderElection11] INFO  server.RaftServerConfigKeys (ConfUtils.java:logGet(44)) - raft.server.watch.element-limit = 65536 (default)
2021-08-10 07:21:13,655 [12a15bd5-4321-4c17-a25c-f1df7459fe15@group-038C41E7FC35-LeaderElection11] INFO  impl.RoleInfo (RoleInfo.java:updateAndGet(130)) - 12a15bd5-4321-4c17-a25c-f1df7459fe15: start 12a15bd5-4321-4c17-a25c-f1df7459fe15@group-038C41E7FC35-LeaderStateImpl
2021-08-10 07:21:13,655 [12a15bd5-4321-4c17-a25c-f1df7459fe15@group-038C41E7FC35-LeaderElection11] INFO  segmented.SegmentedRaftLogWorker (SegmentedRaftLogWorker.java:startLogSegment(394)) - 12a15bd5-4321-4c17-a25c-f1df7459fe15@group-038C41E7FC35-SegmentedRaftLogWorker: Starting segment from index:0
2021-08-10 07:21:13,665 [12a15bd5-4321-4c17-a25c-f1df7459fe15@group-038C41E7FC35-LeaderElection11] INFO  server.RaftServer$Division (ServerState.java:setRaftConf(387)) - 12a15bd5-4321-4c17-a25c-f1df7459fe15@group-038C41E7FC35: set configuration 0: [12a15bd5-4321-4c17-a25c-f1df7459fe15|rpc:127.0.0.1:38099|dataStream:|priority:1], old=null
2021-08-10 07:21:13,665 [12a15bd5-4321-4c17-a25c-f1df7459fe15@group-038C41E7FC35-SegmentedRaftLogWorker] INFO  segmented.SegmentedRaftLogWorker (SegmentedRaftLogWorker.java:execute(601)) - 12a15bd5-4321-4c17-a25c-f1df7459fe15@group-038C41E7FC35-SegmentedRaftLogWorker: created new log segment /home/runner/work/ozone/ozone/hadoop-ozone/integration-test/target/test-dir/MiniOzoneClusterImpl-c2709307-340b-4da9-b87e-bf8cdd64b120/datanode-2/data/ratis/e570cf38-0b46-4982-9691-038c41e7fc35/current/log_inprogress_0
2021-08-10 07:21:14,052 [IPC Server handler 2 on default port 10880] INFO  ha.SCMNodeInfo (SCMNodeInfo.java:getPort(197)) - ConfigKey ozone.scm.client.address is deprecated, For configuring different ports for each SCM use PortConfigKey ozone.scm.client.port appended with serviceId and nodeId
2021-08-10 07:21:14,052 [IPC Server handler 2 on default port 10880] INFO  ha.SCMNodeInfo (SCMNodeInfo.java:getPort(197)) - ConfigKey ozone.scm.block.client.address is deprecated, For configuring different ports for each SCM use PortConfigKey ozone.scm.block.client.port appended with serviceId and nodeId
2021-08-10 07:21:14,052 [IPC Server handler 2 on default port 10880] INFO  ha.SCMNodeInfo (SCMNodeInfo.java:getPort(197)) - ConfigKey ozone.scm.datanode.address is deprecated, For configuring different ports for each SCM use PortConfigKey ozone.scm.datanode.port appended with serviceId and nodeId
2021-08-10 07:21:14,070 [Listener at 127.0.0.1/10892] INFO  rpc.RpcClient (RpcClient.java:createVolume(342)) - Creating Volume: volume69352, with runner as owner and space quota set to -1 bytes, counts quota set to -1
2021-08-10 07:21:14,121 [OM StateMachine ApplyTransaction Thread - 0] INFO  volume.OMVolumeCreateRequest (OMVolumeCreateRequest.java:validateAndUpdateCache(195)) - created volume:volume69352 for user:runner
2021-08-10 07:21:14,126 [OM StateMachine ApplyTransaction Thread - 0] INFO  volume.OMVolumeCreateRequest (OMVolumeCreateRequest.java:validateAndUpdateCache(195)) - created volume:volume69352 for user:runner
2021-08-10 07:21:14,131 [OM StateMachine ApplyTransaction Thread - 0] INFO  volume.OMVolumeCreateRequest (OMVolumeCreateRequest.java:validateAndUpdateCache(195)) - created volume:volume69352 for user:runner
2021-08-10 07:21:14,162 [Listener at 127.0.0.1/10892] INFO  rpc.RpcClient (RpcClient.java:createBucket(502)) - Creating Bucket: volume69352/bucket49991, with Versioning false and Storage Type set to DISK and Encryption set to false 
2021-08-10 07:21:14,253 [56ac738e-179d-4cdf-8a87-ffc7b568c25f@group-BF8CDD64B120-StateMachineUpdater] INFO  pipeline.PipelineStateManager (PipelineStateManagerV2Impl.java:addPipeline(101)) - Created pipeline Pipeline[ Id: 280d40a0-6a29-4353-9c79-e6aa6c5a7992, Nodes: 76897d42-f98f-4c19-b58f-ca2cbe3c8872{ip: 127.0.0.1, host: localhost, ports: [REPLICATION=41987, RATIS=44151, RATIS_ADMIN=44151, RATIS_SERVER=44151, STANDALONE=41041], networkLocation: /default-rack, certSerialId: null, persistedOpState: IN_SERVICE, persistedOpStateExpiryEpochSec: 0}, ReplicationConfig: STANDALONE/ONE, State:OPEN, leaderId:, CreationTimestamp2021-08-10T07:21:14.251Z[Etc/UTC]].
2021-08-10 07:21:14,254 [IPC Server handler 0 on default port 12678] INFO  ha.SCMHAInvocationHandler (SCMHAInvocationHandler.java:invokeRatis(113)) - Invoking method public abstract void org.apache.hadoop.hdds.scm.pipeline.StateManager.addPipeline(org.apache.hadoop.hdds.protocol.proto.HddsProtos$Pipeline) throws java.io.IOException on target org.apache.hadoop.hdds.scm.ha.SCMRatisServerImpl@f901bab, cost 3249.424us
2021-08-10 07:21:14,270 [IPC Server handler 0 on default port 12678] INFO  ha.SCMHAInvocationHandler (SCMHAInvocationHandler.java:invokeRatis(113)) - Invoking method public abstract java.lang.Boolean org.apache.hadoop.hdds.scm.ha.SequenceIdGenerator$StateManager.allocateBatch(java.lang.String,java.lang.Long,java.lang.Long) on target org.apache.hadoop.hdds.scm.ha.SCMRatisServerImpl@f901bab, cost 6104.346us
2021-08-10 07:21:14,270 [IPC Server handler 0 on default port 12678] INFO  ha.SequenceIdGenerator (SequenceIdGenerator.java:getNextId(127)) - Allocate a batch for containerId, change lastId from 0 to 1000.
2021-08-10 07:21:14,280 [IPC Server handler 0 on default port 12678] INFO  ha.SCMHAInvocationHandler (SCMHAInvocationHandler.java:invokeRatis(113)) - Invoking method public abstract void org.apache.hadoop.hdds.scm.container.ContainerStateManagerV2.addContainer(org.apache.hadoop.hdds.protocol.proto.HddsProtos$ContainerInfoProto) throws java.io.IOException on target org.apache.hadoop.hdds.scm.ha.SCMRatisServerImpl@f901bab, cost 6946.052us
2021-08-10 07:21:14,285 [56ac738e-179d-4cdf-8a87-ffc7b568c25f@group-BF8CDD64B120-StateMachineUpdater] WARN  ha.SequenceIdGenerator (SequenceIdGenerator.java:allocateBatch(234)) - Failed to allocate a batch for localId, expected lastId is 0, actual lastId is 107544261427200000.
2021-08-10 07:21:14,287 [IPC Server handler 0 on default port 12678] INFO  ha.SCMHAInvocationHandler (SCMHAInvocationHandler.java:invokeRatis(113)) - Invoking method public abstract java.lang.Boolean org.apache.hadoop.hdds.scm.ha.SequenceIdGenerator$StateManager.allocateBatch(java.lang.String,java.lang.Long,java.lang.Long) on target org.apache.hadoop.hdds.scm.ha.SCMRatisServerImpl@f901bab, cost 4439.233us
2021-08-10 07:21:14,289 [IPC Server handler 0 on default port 12678] INFO  ha.SCMHAInvocationHandler (SCMHAInvocationHandler.java:invokeRatis(113)) - Invoking method public abstract java.lang.Boolean org.apache.hadoop.hdds.scm.ha.SequenceIdGenerator$StateManager.allocateBatch(java.lang.String,java.lang.Long,java.lang.Long) on target org.apache.hadoop.hdds.scm.ha.SCMRatisServerImpl@f901bab, cost 1729.013us
2021-08-10 07:21:14,289 [IPC Server handler 0 on default port 12678] INFO  ha.SequenceIdGenerator (SequenceIdGenerator.java:getNextId(127)) - Allocate a batch for localId, change lastId from 107544261427200000 to 107544261427201000.
2021-08-10 07:21:14,379 [Listener at 127.0.0.1/10892] INFO  impl.MetricsSystemImpl (MetricsSystemImpl.java:init(158)) - XceiverClientMetrics metrics system started (again)
2021-08-10 07:21:14,664 [Listener at 127.0.0.1/10892] INFO  ha.OMHANodeDetails (OMHANodeDetails.java:loadOMHAConfig(118)) - ServiceID for OzoneManager is om-bootstrap
2021-08-10 07:21:14,665 [Listener at 127.0.0.1/10892] INFO  ha.OMHANodeDetails (OMHANodeDetails.java:loadOMHAConfig(194)) - Found matching OM address with OMServiceId: om-bootstrap, OMNodeId: omNode-bootstrap-1, RPC Address: localhost:10888 and Ratis port: 10892
2021-08-10 07:21:14,665 [Listener at 127.0.0.1/10892] INFO  ha.OMHANodeDetails (ConfUtils.java:setNodeSpecificConfigs(108)) - Setting configuration key ozone.om.http-address with value of key ozone.om.http-address.om-bootstrap.omNode-bootstrap-1: 127.0.0.1:10890
2021-08-10 07:21:14,665 [Listener at 127.0.0.1/10892] INFO  ha.OMHANodeDetails (ConfUtils.java:setNodeSpecificConfigs(108)) - Setting configuration key ozone.om.https-address with value of key ozone.om.https-address.om-bootstrap.omNode-bootstrap-1: 127.0.0.1:10891
2021-08-10 07:21:14,665 [Listener at 127.0.0.1/10892] INFO  ha.OMHANodeDetails (ConfUtils.java:setNodeSpecificConfigs(108)) - Setting configuration key ozone.om.address with value of key ozone.om.address.om-bootstrap.omNode-bootstrap-1: 127.0.0.1:10888
2021-08-10 07:21:14,665 [Listener at 127.0.0.1/10892] WARN  server.ServerUtils (ServerUtils.java:getDBPath(225)) - ozone.om.db.dirs is not configured. We recommend adding this setting. Falling back to ozone.metadata.dirs instead.
2021-08-10 07:21:14,666 [Listener at 127.0.0.1/10892] INFO  ha.SCMNodeInfo (SCMNodeInfo.java:getPort(197)) - ConfigKey ozone.scm.client.address is deprecated, For configuring different ports for each SCM use PortConfigKey ozone.scm.client.port appended with serviceId and nodeId
2021-08-10 07:21:14,666 [Listener at 127.0.0.1/10892] INFO  ha.SCMNodeInfo (SCMNodeInfo.java:getPort(197)) - ConfigKey ozone.scm.block.client.address is deprecated, For configuring different ports for each SCM use PortConfigKey ozone.scm.block.client.port appended with serviceId and nodeId
2021-08-10 07:21:14,666 [Listener at 127.0.0.1/10892] INFO  ha.SCMNodeInfo (SCMNodeInfo.java:getPort(197)) - ConfigKey ozone.scm.datanode.address is deprecated, For configuring different ports for each SCM use PortConfigKey ozone.scm.datanode.port appended with serviceId and nodeId
OM initialization succeeded.Current cluster id for sd=/home/runner/work/ozone/ozone/hadoop-ozone/integration-test/target/test-dir/MiniOzoneClusterImpl-c2709307-340b-4da9-b87e-bf8cdd64b120/omNode-bootstrap-1/om;cid=c2709307-340b-4da9-b87e-bf8cdd64b120;layoutVersion=0
2021-08-10 07:21:14,686 [Listener at 127.0.0.1/10892] INFO  ha.OMHANodeDetails (OMHANodeDetails.java:loadOMHAConfig(118)) - ServiceID for OzoneManager is om-bootstrap
2021-08-10 07:21:14,686 [Listener at 127.0.0.1/10892] INFO  ha.OMHANodeDetails (OMHANodeDetails.java:loadOMHAConfig(194)) - Found matching OM address with OMServiceId: om-bootstrap, OMNodeId: omNode-bootstrap-1, RPC Address: localhost:10888 and Ratis port: 10892
2021-08-10 07:21:14,686 [Listener at 127.0.0.1/10892] INFO  ha.OMHANodeDetails (ConfUtils.java:setNodeSpecificConfigs(108)) - Setting configuration key ozone.om.http-address with value of key ozone.om.http-address.om-bootstrap.omNode-bootstrap-1: 127.0.0.1:10890
2021-08-10 07:21:14,687 [Listener at 127.0.0.1/10892] INFO  ha.OMHANodeDetails (ConfUtils.java:setNodeSpecificConfigs(108)) - Setting configuration key ozone.om.https-address with value of key ozone.om.https-address.om-bootstrap.omNode-bootstrap-1: 127.0.0.1:10891
2021-08-10 07:21:14,687 [Listener at 127.0.0.1/10892] INFO  ha.OMHANodeDetails (ConfUtils.java:setNodeSpecificConfigs(108)) - Setting configuration key ozone.om.address with value of key ozone.om.address.om-bootstrap.omNode-bootstrap-1: 127.0.0.1:10888
2021-08-10 07:21:14,687 [Listener at 127.0.0.1/10892] WARN  server.ServerUtils (ServerUtils.java:getDBPath(225)) - ozone.om.db.dirs is not configured. We recommend adding this setting. Falling back to ozone.metadata.dirs instead.
2021-08-10 07:21:14,687 [Listener at 127.0.0.1/10892] INFO  upgrade.AbstractLayoutVersionManager (AbstractLayoutVersionManager.java:init(70)) - Initializing Layout version manager with metadata layout = INITIAL_VERSION (version = 0), software layout = INITIAL_VERSION (version = 0)
2021-08-10 07:21:14,732 [Listener at 127.0.0.1/10892] INFO  reflections.Reflections (Reflections.java:scan(232)) - Reflections took 44 ms to scan 2 urls, producing 131 keys and 342 values [using 2 cores]
2021-08-10 07:21:14,732 [Listener at 127.0.0.1/10892] INFO  upgrade.OMLayoutVersionManager (OMLayoutVersionManager.java:lambda$0(116)) - Skipping Upgrade Action MockOmUpgradeAction since it has been finalized.
2021-08-10 07:21:14,732 [Listener at 127.0.0.1/10892] WARN  server.ServerUtils (ServerUtils.java:getDBPath(225)) - ozone.om.db.dirs is not configured. We recommend adding this setting. Falling back to ozone.metadata.dirs instead.
2021-08-10 07:21:14,732 [Listener at 127.0.0.1/10892] INFO  ha.SCMNodeInfo (SCMNodeInfo.java:getPort(197)) - ConfigKey ozone.scm.client.address is deprecated, For configuring different ports for each SCM use PortConfigKey ozone.scm.client.port appended with serviceId and nodeId
2021-08-10 07:21:14,733 [Listener at 127.0.0.1/10892] INFO  ha.SCMNodeInfo (SCMNodeInfo.java:getPort(197)) - ConfigKey ozone.scm.block.client.address is deprecated, For configuring different ports for each SCM use PortConfigKey ozone.scm.block.client.port appended with serviceId and nodeId
2021-08-10 07:21:14,733 [Listener at 127.0.0.1/10892] INFO  ha.SCMNodeInfo (SCMNodeInfo.java:getPort(197)) - ConfigKey ozone.scm.datanode.address is deprecated, For configuring different ports for each SCM use PortConfigKey ozone.scm.datanode.port appended with serviceId and nodeId
2021-08-10 07:21:14,733 [Listener at 127.0.0.1/10892] INFO  ha.SCMNodeInfo (SCMNodeInfo.java:getPort(197)) - ConfigKey ozone.scm.client.address is deprecated, For configuring different ports for each SCM use PortConfigKey ozone.scm.client.port appended with serviceId and nodeId
2021-08-10 07:21:14,733 [Listener at 127.0.0.1/10892] INFO  ha.SCMNodeInfo (SCMNodeInfo.java:getPort(197)) - ConfigKey ozone.scm.block.client.address is deprecated, For configuring different ports for each SCM use PortConfigKey ozone.scm.block.client.port appended with serviceId and nodeId
2021-08-10 07:21:14,733 [Listener at 127.0.0.1/10892] INFO  ha.SCMNodeInfo (SCMNodeInfo.java:getPort(197)) - ConfigKey ozone.scm.datanode.address is deprecated, For configuring different ports for each SCM use PortConfigKey ozone.scm.datanode.port appended with serviceId and nodeId
2021-08-10 07:21:14,734 [Listener at 127.0.0.1/10892] INFO  ha.SCMNodeInfo (SCMNodeInfo.java:getPort(197)) - ConfigKey ozone.scm.client.address is deprecated, For configuring different ports for each SCM use PortConfigKey ozone.scm.client.port appended with serviceId and nodeId
2021-08-10 07:21:14,734 [Listener at 127.0.0.1/10892] INFO  ha.SCMNodeInfo (SCMNodeInfo.java:getPort(197)) - ConfigKey ozone.scm.block.client.address is deprecated, For configuring different ports for each SCM use PortConfigKey ozone.scm.block.client.port appended with serviceId and nodeId
2021-08-10 07:21:14,734 [Listener at 127.0.0.1/10892] INFO  ha.SCMNodeInfo (SCMNodeInfo.java:getPort(197)) - ConfigKey ozone.scm.datanode.address is deprecated, For configuring different ports for each SCM use PortConfigKey ozone.scm.datanode.port appended with serviceId and nodeId
2021-08-10 07:21:14,750 [Listener at 127.0.0.1/10892] WARN  server.ServerUtils (ServerUtils.java:getDBPath(225)) - ozone.om.db.dirs is not configured. We recommend adding this setting. Falling back to ozone.metadata.dirs instead.
2021-08-10 07:21:14,751 [Listener at 127.0.0.1/10892] INFO  codec.OmKeyInfoCodec (OmKeyInfoCodec.java:<init>(51)) - OmKeyInfoCodec ignorePipeline = true
2021-08-10 07:21:14,751 [Listener at 127.0.0.1/10892] INFO  codec.RepeatedOmKeyInfoCodec (RepeatedOmKeyInfoCodec.java:<init>(42)) - RepeatedOmKeyInfoCodec ignorePipeline = true
2021-08-10 07:21:14,877 [Listener at 127.0.0.1/10892] INFO  om.OzoneManager (OzoneManager.java:addS3GVolumeToDB(4084)) - Created Volume s3v With Owner runner required for S3Gateway operations.
2021-08-10 07:21:14,877 [Listener at 127.0.0.1/10892] WARN  server.ServerUtils (ServerUtils.java:getDefaultRatisDirectory(237)) - Storage directory for Ratis is not configured. It is a good idea to map this to an SSD disk. Falling back to ozone.metadata.dirs
2021-08-10 07:21:14,878 [Listener at 127.0.0.1/10892] WARN  utils.OzoneManagerRatisUtils (OzoneManagerRatisUtils.java:getOMRatisSnapshotDirectory(391)) - ozone.om.ratis.snapshot.dir is not configured. Falling back to ozone.metadata.dirs config
2021-08-10 07:21:14,878 [Listener at 127.0.0.1/10892] INFO  snapshot.OzoneManagerSnapshotProvider (OzoneManagerSnapshotProvider.java:<init>(76)) - Initializing OM Snapshot Provider
2021-08-10 07:21:14,880 [Listener at 127.0.0.1/10892] WARN  impl.MetricRegistriesImpl (MetricRegistriesImpl.java:addReporterRegistration(111)) - New reporters are added after registries were created. Some metrics will be missing from the reporter. Please add reporter before adding any new registry.
2021-08-10 07:21:14,880 [Listener at 127.0.0.1/10892] WARN  impl.MetricRegistriesImpl (MetricRegistriesImpl.java:addReporterRegistration(111)) - New reporters are added after registries were created. Some metrics will be missing from the reporter. Please add reporter before adding any new registry.
2021-08-10 07:21:14,880 [Listener at 127.0.0.1/10892] WARN  server.ServerUtils (ServerUtils.java:getDefaultRatisDirectory(237)) - Storage directory for Ratis is not configured. It is a good idea to map this to an SSD disk. Falling back to ozone.metadata.dirs
2021-08-10 07:21:14,881 [Listener at 127.0.0.1/10892] INFO  ratis.OzoneManagerRatisServer (OzoneManagerRatisServer.java:<init>(151)) - OM started in Bootstrap mode. Instantiating OM Ratis server with groupID: om-bootstrap
2021-08-10 07:21:14,882 [Listener at 127.0.0.1/10892] INFO  ratis.OzoneManagerStateMachine (OzoneManagerStateMachine.java:loadSnapshotInfoFromDB(605)) - LastAppliedIndex is set from TransactionInfo from OM DB as (t:0, i:~)
2021-08-10 07:21:14,882 [Listener at 127.0.0.1/10892] INFO  server.RaftServer (ConfUtils.java:logGet(44)) - raft.rpc.type = GRPC (default)
2021-08-10 07:21:14,882 [Listener at 127.0.0.1/10892] INFO  grpc.GrpcFactory (GrpcFactory.java:checkPooledByteBufAllocatorUseCacheForAllThreads(48)) - PERFORMANCE WARNING: useCacheForAllThreads is true that may cause Netty to create a lot garbage objects and, as a result, trigger GC.
	It is recommended to disable useCacheForAllThreads by setting -Dorg.apache.ratis.thirdparty.io.netty.allocator.useCacheForAllThreads=false in command line.
2021-08-10 07:21:14,882 [Listener at 127.0.0.1/10892] INFO  grpc.GrpcConfigKeys (ConfUtils.java:logGet(44)) - raft.grpc.admin.port = -1 (default)
2021-08-10 07:21:14,882 [Listener at 127.0.0.1/10892] INFO  grpc.GrpcConfigKeys (ConfUtils.java:logGet(44)) - raft.grpc.server.port = 10892 (custom)
2021-08-10 07:21:14,882 [Listener at 127.0.0.1/10892] INFO  grpc.GrpcConfigKeys (ConfUtils.java:logGet(44)) - raft.grpc.client.port = -1 (default)
2021-08-10 07:21:14,882 [Listener at 127.0.0.1/10892] INFO  grpc.GrpcConfigKeys (ConfUtils.java:logGet(44)) - raft.grpc.server.port = 10892 (custom)
2021-08-10 07:21:14,882 [Listener at 127.0.0.1/10892] INFO  grpc.GrpcConfigKeys (ConfUtils.java:logGet(44)) - raft.grpc.server.port = 10892 (custom)
2021-08-10 07:21:14,883 [Listener at 127.0.0.1/10892] INFO  server.GrpcService (ConfUtils.java:logGet(44)) - raft.grpc.message.size.max = 33554432 (custom)
2021-08-10 07:21:14,883 [Listener at 127.0.0.1/10892] INFO  server.RaftServerConfigKeys (ConfUtils.java:logGet(44)) - raft.server.log.appender.buffer.byte-limit = 33554432 (custom)
2021-08-10 07:21:14,883 [Listener at 127.0.0.1/10892] INFO  server.GrpcService (ConfUtils.java:logGet(44)) - raft.grpc.flow.control.window = 1MB (=1048576) (default)
2021-08-10 07:21:14,883 [Listener at 127.0.0.1/10892] INFO  server.RaftServerConfigKeys (ConfUtils.java:logGet(44)) - raft.server.rpc.request.timeout = 3000ms (default)
2021-08-10 07:21:14,884 [Listener at 127.0.0.1/10892] INFO  impl.DataStreamServerImpl (ConfUtils.java:logGet(44)) - raft.datastream.type = DISABLED (default)
2021-08-10 07:21:14,884 [Listener at 127.0.0.1/10892] INFO  server.RaftServerConfigKeys (ConfUtils.java:logGet(44)) - raft.server.rpc.slowness.timeout = 2s (custom)
2021-08-10 07:21:14,884 [Listener at 127.0.0.1/10892] INFO  server.RaftServerConfigKeys (ConfUtils.java:logGet(44)) - raft.server.leaderelection.leader.step-down.wait-time = 10s (default)
2021-08-10 07:21:14,884 [Listener at 127.0.0.1/10892] INFO  server.RaftServerConfigKeys (ConfUtils.java:logGet(44)) - raft.server.storage.dir = [/home/runner/work/ozone/ozone/hadoop-ozone/integration-test/target/test-dir/MiniOzoneClusterImpl-c2709307-340b-4da9-b87e-bf8cdd64b120/omNode-bootstrap-1/ratis] (custom)
2021-08-10 07:21:14,885 [Listener at 127.0.0.1/10892] INFO  server.RaftServer (RaftServerProxy.java:addNew(95)) - omNode-bootstrap-1: addNew group-33FC8B15A7E9:[] returns group-33FC8B15A7E9:java.util.concurrent.CompletableFuture@47e82c9b[Not completed]
2021-08-10 07:21:14,885 [Listener at 127.0.0.1/10892] INFO  om.OzoneManager (OzoneManager.java:initializeRatisServer(1542)) - OzoneManager Ratis server initialized at port 10892
2021-08-10 07:21:14,886 [Listener at 127.0.0.1/10892] INFO  ipc.CallQueueManager (CallQueueManager.java:<init>(90)) - Using callQueue: class java.util.concurrent.LinkedBlockingQueue, queueCapacity: 2000, scheduler: class org.apache.hadoop.ipc.DefaultRpcScheduler, ipcBackoff: false.
2021-08-10 07:21:14,887 [Listener at 127.0.0.1/10892] INFO  ozone.MiniOzoneHAClusterImpl (MiniOzoneHAClusterImpl.java:bootstrapOzoneManager(724)) - MiniOzoneHACluster port conflicts, retried 1 times
2021-08-10 07:21:14,887 [Listener at 127.0.0.1/10892] INFO  ha.OMHANodeDetails (OMHANodeDetails.java:loadOMHAConfig(118)) - ServiceID for OzoneManager is om-bootstrap
2021-08-10 07:21:14,888 [Listener at 127.0.0.1/10892] INFO  ha.OMHANodeDetails (OMHANodeDetails.java:loadOMHAConfig(194)) - Found matching OM address with OMServiceId: om-bootstrap, OMNodeId: omNode-bootstrap-1, RPC Address: localhost:12484 and Ratis port: 12488
2021-08-10 07:21:14,888 [Listener at 127.0.0.1/10892] INFO  ha.OMHANodeDetails (ConfUtils.java:setNodeSpecificConfigs(108)) - Setting configuration key ozone.om.http-address with value of key ozone.om.http-address.om-bootstrap.omNode-bootstrap-1: 127.0.0.1:12486
2021-08-10 07:21:14,888 [Listener at 127.0.0.1/10892] INFO  ha.OMHANodeDetails (ConfUtils.java:setNodeSpecificConfigs(108)) - Setting configuration key ozone.om.https-address with value of key ozone.om.https-address.om-bootstrap.omNode-bootstrap-1: 127.0.0.1:12487
2021-08-10 07:21:14,888 [Listener at 127.0.0.1/10892] INFO  ha.OMHANodeDetails (ConfUtils.java:setNodeSpecificConfigs(108)) - Setting configuration key ozone.om.address with value of key ozone.om.address.om-bootstrap.omNode-bootstrap-1: 127.0.0.1:12484
2021-08-10 07:21:14,888 [Listener at 127.0.0.1/10892] WARN  server.ServerUtils (ServerUtils.java:getDBPath(225)) - ozone.om.db.dirs is not configured. We recommend adding this setting. Falling back to ozone.metadata.dirs instead.
OM already initialized.Reusing existing cluster id for sd=/home/runner/work/ozone/ozone/hadoop-ozone/integration-test/target/test-dir/MiniOzoneClusterImpl-c2709307-340b-4da9-b87e-bf8cdd64b120/omNode-bootstrap-1/om;cid=c2709307-340b-4da9-b87e-bf8cdd64b120;layoutVersion=0
2021-08-10 07:21:14,888 [Listener at 127.0.0.1/10892] INFO  ha.OMHANodeDetails (OMHANodeDetails.java:loadOMHAConfig(118)) - ServiceID for OzoneManager is om-bootstrap
2021-08-10 07:21:14,889 [Listener at 127.0.0.1/10892] INFO  ha.OMHANodeDetails (OMHANodeDetails.java:loadOMHAConfig(194)) - Found matching OM address with OMServiceId: om-bootstrap, OMNodeId: omNode-bootstrap-1, RPC Address: localhost:12484 and Ratis port: 12488
2021-08-10 07:21:14,889 [Listener at 127.0.0.1/10892] INFO  ha.OMHANodeDetails (ConfUtils.java:setNodeSpecificConfigs(108)) - Setting configuration key ozone.om.http-address with value of key ozone.om.http-address.om-bootstrap.omNode-bootstrap-1: 127.0.0.1:12486
2021-08-10 07:21:14,889 [Listener at 127.0.0.1/10892] INFO  ha.OMHANodeDetails (ConfUtils.java:setNodeSpecificConfigs(108)) - Setting configuration key ozone.om.https-address with value of key ozone.om.https-address.om-bootstrap.omNode-bootstrap-1: 127.0.0.1:12487
2021-08-10 07:21:14,889 [Listener at 127.0.0.1/10892] INFO  ha.OMHANodeDetails (ConfUtils.java:setNodeSpecificConfigs(108)) - Setting configuration key ozone.om.address with value of key ozone.om.address.om-bootstrap.omNode-bootstrap-1: 127.0.0.1:12484
2021-08-10 07:21:14,889 [Listener at 127.0.0.1/10892] WARN  server.ServerUtils (ServerUtils.java:getDBPath(225)) - ozone.om.db.dirs is not configured. We recommend adding this setting. Falling back to ozone.metadata.dirs instead.
2021-08-10 07:21:14,890 [Listener at 127.0.0.1/10892] INFO  upgrade.AbstractLayoutVersionManager (AbstractLayoutVersionManager.java:init(70)) - Initializing Layout version manager with metadata layout = INITIAL_VERSION (version = 0), software layout = INITIAL_VERSION (version = 0)
2021-08-10 07:21:14,890 [pool-180-thread-1] INFO  server.RaftServer$Division (RaftServerImpl.java:<init>(181)) - omNode-bootstrap-1: new RaftServerImpl for group-33FC8B15A7E9:[] with OzoneManagerStateMachine:uninitialized
2021-08-10 07:21:14,901 [pool-180-thread-1] INFO  server.RaftServerConfigKeys (ConfUtils.java:logGet(44)) - raft.server.rpc.timeout.min = 1s (custom)
2021-08-10 07:21:14,901 [pool-180-thread-1] INFO  server.RaftServerConfigKeys (ConfUtils.java:logGet(44)) - raft.server.rpc.timeout.max = 1200ms (custom)
2021-08-10 07:21:14,901 [pool-180-thread-1] INFO  server.RaftServerConfigKeys (ConfUtils.java:logGet(44)) - raft.server.rpc.sleep.time = 25ms (default)
2021-08-10 07:21:14,901 [pool-180-thread-1] INFO  server.RaftServerConfigKeys (ConfUtils.java:logGet(44)) - raft.server.rpc.slowness.timeout = 2s (custom)
2021-08-10 07:21:14,901 [pool-180-thread-1] INFO  server.RaftServerConfigKeys (ConfUtils.java:logGet(44)) - raft.server.leaderelection.leader.step-down.wait-time = 10s (default)
2021-08-10 07:21:14,901 [pool-180-thread-1] INFO  server.RaftServerConfigKeys (ConfUtils.java:logGet(44)) - raft.server.sleep.deviation.threshold = 300ms (default)
2021-08-10 07:21:14,901 [pool-180-thread-1] INFO  server.RaftServerConfigKeys (ConfUtils.java:logGet(44)) - raft.server.log.appender.install.snapshot.enabled = false (custom)
2021-08-10 07:21:14,901 [pool-180-thread-1] INFO  server.RaftServer$Division (ServerState.java:<init>(105)) - omNode-bootstrap-1@group-33FC8B15A7E9: ConfigurationManager, init=-1: [], old=null, confs=<EMPTY_MAP>
2021-08-10 07:21:14,901 [pool-180-thread-1] INFO  server.RaftServerConfigKeys (ConfUtils.java:logGet(44)) - raft.server.storage.dir = [/home/runner/work/ozone/ozone/hadoop-ozone/integration-test/target/test-dir/MiniOzoneClusterImpl-c2709307-340b-4da9-b87e-bf8cdd64b120/omNode-bootstrap-1/ratis] (custom)
2021-08-10 07:21:14,906 [pool-180-thread-1] INFO  server.RaftServerConfigKeys (ConfUtils.java:logGet(44)) - raft.server.log.corruption.policy = EXCEPTION (default)
2021-08-10 07:21:14,906 [pool-180-thread-1] INFO  server.RaftServerConfigKeys (ConfUtils.java:logGet(44)) - raft.server.storage.free-space.min = 0MB (=0) (default)
2021-08-10 07:21:14,906 [pool-180-thread-1] INFO  storage.RaftStorageDirectory (RaftStorageDirectoryImpl.java:analyzeStorage(135)) - The storage directory /home/runner/work/ozone/ozone/hadoop-ozone/integration-test/target/test-dir/MiniOzoneClusterImpl-c2709307-340b-4da9-b87e-bf8cdd64b120/omNode-bootstrap-1/ratis/a5a8c63e-4922-3a03-b163-33fc8b15a7e9 does not exist. Creating ...
2021-08-10 07:21:14,908 [pool-180-thread-1] INFO  storage.RaftStorageDirectory (RaftStorageDirectoryImpl.java:tryLock(230)) - Lock on /home/runner/work/ozone/ozone/hadoop-ozone/integration-test/target/test-dir/MiniOzoneClusterImpl-c2709307-340b-4da9-b87e-bf8cdd64b120/omNode-bootstrap-1/ratis/a5a8c63e-4922-3a03-b163-33fc8b15a7e9/in_use.lock acquired by nodename 25859@fv-az12-876
2021-08-10 07:21:14,910 [pool-180-thread-1] INFO  storage.RaftStorage (RaftStorageImpl.java:format(89)) - Storage directory /home/runner/work/ozone/ozone/hadoop-ozone/integration-test/target/test-dir/MiniOzoneClusterImpl-c2709307-340b-4da9-b87e-bf8cdd64b120/omNode-bootstrap-1/ratis/a5a8c63e-4922-3a03-b163-33fc8b15a7e9 has been successfully formatted.
2021-08-10 07:21:14,910 [pool-180-thread-1] INFO  server.RaftServerConfigKeys (ConfUtils.java:logGet(44)) - raft.server.notification.no-leader.timeout = 2s (custom)
2021-08-10 07:21:14,910 [pool-180-thread-1] INFO  server.RaftServerConfigKeys (ConfUtils.java:logGet(44)) - raft.server.log.use.memory = false (default)
2021-08-10 07:21:14,910 [pool-180-thread-1] INFO  server.RaftServerConfigKeys (ConfUtils.java:logGet(44)) - raft.server.log.purge.gap = 1000000 (custom)
2021-08-10 07:21:14,910 [pool-180-thread-1] INFO  server.RaftServerConfigKeys (ConfUtils.java:logGet(44)) - raft.server.log.appender.buffer.byte-limit = 33554432 (custom)
2021-08-10 07:21:14,910 [pool-180-thread-1] INFO  server.RaftServerConfigKeys (ConfUtils.java:logGet(44)) - raft.server.log.segment.size.max = 4194304 (custom)
2021-08-10 07:21:14,911 [pool-180-thread-1] INFO  server.RaftServerConfigKeys (ConfUtils.java:logGet(44)) - raft.server.log.segment.cache.num.max = 2 (custom)
2021-08-10 07:21:14,911 [pool-180-thread-1] INFO  server.RaftServerConfigKeys (ConfUtils.java:logGet(44)) - raft.server.log.segment.cache.size.max = 200MB (=209715200) (default)
2021-08-10 07:21:14,911 [pool-180-thread-1] INFO  segmented.SegmentedRaftLogWorker (SegmentedRaftLogWorker.java:<init>(182)) - new omNode-bootstrap-1@group-33FC8B15A7E9-SegmentedRaftLogWorker for RaftStorageImpl:Storage Directory /home/runner/work/ozone/ozone/hadoop-ozone/integration-test/target/test-dir/MiniOzoneClusterImpl-c2709307-340b-4da9-b87e-bf8cdd64b120/omNode-bootstrap-1/ratis/a5a8c63e-4922-3a03-b163-33fc8b15a7e9
2021-08-10 07:21:14,911 [pool-180-thread-1] INFO  server.RaftServerConfigKeys (ConfUtils.java:logGet(44)) - raft.server.log.queue.byte-limit = 64MB (=67108864) (default)
2021-08-10 07:21:14,911 [pool-180-thread-1] INFO  server.RaftServerConfigKeys (ConfUtils.java:logGet(44)) - raft.server.log.queue.element-limit = 4096 (default)
2021-08-10 07:21:14,911 [pool-180-thread-1] INFO  server.RaftServerConfigKeys (ConfUtils.java:logGet(44)) - raft.server.log.segment.size.max = 4194304 (custom)
2021-08-10 07:21:14,911 [pool-180-thread-1] INFO  server.RaftServerConfigKeys (ConfUtils.java:logGet(44)) - raft.server.log.preallocated.size = 4194304 (custom)
2021-08-10 07:21:14,911 [pool-180-thread-1] INFO  server.RaftServerConfigKeys (ConfUtils.java:logGet(44)) - raft.server.log.force.sync.num = 128 (default)
2021-08-10 07:21:14,912 [pool-180-thread-1] INFO  server.RaftServerConfigKeys (ConfUtils.java:logGet(44)) - raft.server.log.statemachine.data.sync = true (default)
2021-08-10 07:21:14,912 [pool-180-thread-1] INFO  server.RaftServerConfigKeys (ConfUtils.java:logGet(44)) - raft.server.log.statemachine.data.sync.timeout = 10s (default)
2021-08-10 07:21:14,912 [pool-180-thread-1] INFO  server.RaftServerConfigKeys (ConfUtils.java:logGet(44)) - raft.server.log.statemachine.data.sync.timeout.retry = -1 (default)
2021-08-10 07:21:14,912 [pool-180-thread-1] INFO  server.RaftServerConfigKeys (ConfUtils.java:logGet(44)) - raft.server.log.write.buffer.size = 64KB (=65536) (default)
2021-08-10 07:21:14,912 [pool-180-thread-1] INFO  server.RaftServerConfigKeys (ConfUtils.java:logGet(44)) - raft.server.log.statemachine.data.caching.enabled = false (default)
2021-08-10 07:21:14,913 [pool-180-thread-1] INFO  segmented.SegmentedRaftLogWorker (SegmentedRaftLogWorker.java:lambda$new$0(133)) - omNode-bootstrap-1@group-33FC8B15A7E9-SegmentedRaftLogWorker: flushIndex: setUnconditionally 0 -> -1
2021-08-10 07:21:14,913 [pool-180-thread-1] INFO  segmented.SegmentedRaftLogWorker (SegmentedRaftLogWorker.java:lambda$new$0(133)) - omNode-bootstrap-1@group-33FC8B15A7E9-SegmentedRaftLogWorker: safeCacheEvictIndex: setUnconditionally 0 -> -1
2021-08-10 07:21:14,919 [pool-180-thread-1] INFO  server.RaftServerConfigKeys (ConfUtils.java:logGet(44)) - raft.server.snapshot.auto.trigger.enabled = true (custom)
2021-08-10 07:21:14,919 [pool-180-thread-1] INFO  server.RaftServerConfigKeys (ConfUtils.java:logGet(44)) - raft.server.snapshot.auto.trigger.threshold = 400000 (default)
2021-08-10 07:21:14,919 [pool-180-thread-1] INFO  server.RaftServerConfigKeys (ConfUtils.java:logGet(44)) - raft.server.snapshot.retention.file.num = -1 (default)
2021-08-10 07:21:14,919 [pool-180-thread-1] INFO  server.RaftServerConfigKeys (ConfUtils.java:logGet(44)) - raft.server.log.purge.upto.snapshot.index = true (custom)
2021-08-10 07:21:14,919 [pool-180-thread-1] INFO  server.RaftServerConfigKeys (ConfUtils.java:logGet(44)) - raft.server.retrycache.expirytime = 300s (custom)
2021-08-10 07:21:14,919 [pool-180-thread-1] INFO  server.RaftServerConfigKeys (ConfUtils.java:logGet(44)) - raft.server.retrycache.statistics.expirytime = 100μs (default)
2021-08-10 07:21:14,946 [Listener at 127.0.0.1/10892] INFO  reflections.Reflections (Reflections.java:scan(232)) - Reflections took 55 ms to scan 2 urls, producing 131 keys and 342 values [using 2 cores]
2021-08-10 07:21:14,946 [Listener at 127.0.0.1/10892] INFO  upgrade.OMLayoutVersionManager (OMLayoutVersionManager.java:lambda$0(116)) - Skipping Upgrade Action MockOmUpgradeAction since it has been finalized.
2021-08-10 07:21:14,946 [Listener at 127.0.0.1/10892] WARN  server.ServerUtils (ServerUtils.java:getDBPath(225)) - ozone.om.db.dirs is not configured. We recommend adding this setting. Falling back to ozone.metadata.dirs instead.
2021-08-10 07:21:14,946 [Listener at 127.0.0.1/10892] INFO  ha.SCMNodeInfo (SCMNodeInfo.java:getPort(197)) - ConfigKey ozone.scm.client.address is deprecated, For configuring different ports for each SCM use PortConfigKey ozone.scm.client.port appended with serviceId and nodeId
2021-08-10 07:21:14,946 [Listener at 127.0.0.1/10892] INFO  ha.SCMNodeInfo (SCMNodeInfo.java:getPort(197)) - ConfigKey ozone.scm.block.client.address is deprecated, For configuring different ports for each SCM use PortConfigKey ozone.scm.block.client.port appended with serviceId and nodeId
2021-08-10 07:21:14,947 [Listener at 127.0.0.1/10892] INFO  ha.SCMNodeInfo (SCMNodeInfo.java:getPort(197)) - ConfigKey ozone.scm.datanode.address is deprecated, For configuring different ports for each SCM use PortConfigKey ozone.scm.datanode.port appended with serviceId and nodeId
2021-08-10 07:21:14,947 [Listener at 127.0.0.1/10892] INFO  ha.SCMNodeInfo (SCMNodeInfo.java:getPort(197)) - ConfigKey ozone.scm.client.address is deprecated, For configuring different ports for each SCM use PortConfigKey ozone.scm.client.port appended with serviceId and nodeId
2021-08-10 07:21:14,947 [Listener at 127.0.0.1/10892] INFO  ha.SCMNodeInfo (SCMNodeInfo.java:getPort(197)) - ConfigKey ozone.scm.block.client.address is deprecated, For configuring different ports for each SCM use PortConfigKey ozone.scm.block.client.port appended with serviceId and nodeId
2021-08-10 07:21:14,947 [Listener at 127.0.0.1/10892] INFO  ha.SCMNodeInfo (SCMNodeInfo.java:getPort(197)) - ConfigKey ozone.scm.datanode.address is deprecated, For configuring different ports for each SCM use PortConfigKey ozone.scm.datanode.port appended with serviceId and nodeId
2021-08-10 07:21:14,948 [Listener at 127.0.0.1/10892] INFO  ha.SCMNodeInfo (SCMNodeInfo.java:getPort(197)) - ConfigKey ozone.scm.client.address is deprecated, For configuring different ports for each SCM use PortConfigKey ozone.scm.client.port appended with serviceId and nodeId
2021-08-10 07:21:14,948 [Listener at 127.0.0.1/10892] INFO  ha.SCMNodeInfo (SCMNodeInfo.java:getPort(197)) - ConfigKey ozone.scm.block.client.address is deprecated, For configuring different ports for each SCM use PortConfigKey ozone.scm.block.client.port appended with serviceId and nodeId
2021-08-10 07:21:14,948 [Listener at 127.0.0.1/10892] INFO  ha.SCMNodeInfo (SCMNodeInfo.java:getPort(197)) - ConfigKey ozone.scm.datanode.address is deprecated, For configuring different ports for each SCM use PortConfigKey ozone.scm.datanode.port appended with serviceId and nodeId
2021-08-10 07:21:14,962 [Listener at 127.0.0.1/10892] WARN  server.ServerUtils (ServerUtils.java:getDBPath(225)) - ozone.om.db.dirs is not configured. We recommend adding this setting. Falling back to ozone.metadata.dirs instead.
2021-08-10 07:21:14,963 [Listener at 127.0.0.1/10892] INFO  codec.OmKeyInfoCodec (OmKeyInfoCodec.java:<init>(51)) - OmKeyInfoCodec ignorePipeline = true
2021-08-10 07:21:14,963 [Listener at 127.0.0.1/10892] INFO  codec.RepeatedOmKeyInfoCodec (RepeatedOmKeyInfoCodec.java:<init>(42)) - RepeatedOmKeyInfoCodec ignorePipeline = true
2021-08-10 07:21:14,968 [Listener at 127.0.0.1/10892] INFO  ozone.MiniOzoneClusterImpl (MiniOzoneClusterImpl.java:shutdown(453)) - Shutting down the Mini Ozone Cluster
2021-08-10 07:21:14,968 [Listener at 127.0.0.1/10892] INFO  ozone.MiniOzoneHAClusterImpl (MiniOzoneHAClusterImpl.java:stop(297)) - Stopping the OzoneManager omNode-3
2021-08-10 07:21:14,969 [Listener at 127.0.0.1/10892] INFO  om.OzoneManager (OzoneManager.java:stop(1601)) - Stopping Ozone Manager
2021-08-10 07:21:14,969 [Listener at 127.0.0.1/10892] INFO  ipc.Server (Server.java:stop(3414)) - Stopping server on 10892
2021-08-10 07:21:14,972 [IPC Server listener on 10892] INFO  ipc.Server (Server.java:run(1376)) - Stopping IPC Server listener on 10892
2021-08-10 07:21:14,978 [IPC Server Responder] INFO  ipc.Server (Server.java:run(1512)) - Stopping IPC Server Responder
2021-08-10 07:21:14,978 [Listener at 127.0.0.1/10892] INFO  server.RaftServer (RaftServerProxy.java:lambda$close$6(391)) - omNode-3: close
2021-08-10 07:21:14,978 [Listener at 127.0.0.1/10892] INFO  server.RaftServer$Division (RaftServerImpl.java:lambda$close$4(407)) - omNode-3@group-33FC8B15A7E9: shutdown
2021-08-10 07:21:14,978 [Listener at 127.0.0.1/10892] INFO  util.JmxRegister (JmxRegister.java:unregister(73)) - Successfully un-registered JMX Bean with object name Ratis:service=RaftServer,group=group-33FC8B15A7E9,id=omNode-3
2021-08-10 07:21:14,978 [Listener at 127.0.0.1/10892] INFO  impl.RoleInfo (RoleInfo.java:shutdownFollowerState(108)) - omNode-3: shutdown omNode-3@group-33FC8B15A7E9-FollowerState
2021-08-10 07:21:14,978 [Listener at 127.0.0.1/10892] INFO  impl.StateMachineUpdater (StateMachineUpdater.java:stopAndJoin(149)) - omNode-3@group-33FC8B15A7E9-StateMachineUpdater: set stopIndex = 7
2021-08-10 07:21:14,979 [omNode-3@group-33FC8B15A7E9-FollowerState] INFO  impl.FollowerState (FollowerState.java:run(143)) - omNode-3@group-33FC8B15A7E9-FollowerState was interrupted: {}
java.lang.InterruptedException: sleep interrupted
	at java.lang.Thread.sleep(Native Method)
	at java.lang.Thread.sleep(Thread.java:340)
	at java.util.concurrent.TimeUnit.sleep(TimeUnit.java:386)
	at org.apache.ratis.util.TimeDuration.sleep(TimeDuration.java:324)
	at org.apache.ratis.util.TimeDuration.sleep(TimeDuration.java:309)
	at org.apache.ratis.server.impl.FollowerState.run(FollowerState.java:118)
2021-08-10 07:21:14,979 [omNode-3@group-33FC8B15A7E9-StateMachineUpdater] INFO  ratis.OzoneManagerStateMachine (OzoneManagerStateMachine.java:takeSnapshot(417)) - Current Snapshot Index (t:2, i:7)
2021-08-10 07:21:14,979 [omNode-3@group-33FC8B15A7E9-StateMachineUpdater] INFO  impl.StateMachineUpdater (StateMachineUpdater.java:takeSnapshot(281)) - omNode-3@group-33FC8B15A7E9-StateMachineUpdater: Took a snapshot at index 7
2021-08-10 07:21:14,979 [omNode-3@group-33FC8B15A7E9-StateMachineUpdater] INFO  impl.StateMachineUpdater (StateMachineUpdater.java:lambda$new$0(89)) - omNode-3@group-33FC8B15A7E9-StateMachineUpdater: snapshotIndex: updateIncreasingly -1 -> 7
2021-08-10 07:21:14,979 [omNode-3@group-33FC8B15A7E9-StateMachineUpdater] INFO  ratis.OzoneManagerStateMachine (OzoneManagerStateMachine.java:close(471)) - StateMachine has shutdown. Shutdown OzoneManager if not already shutdown.
2021-08-10 07:21:14,981 [Listener at 127.0.0.1/10892] INFO  server.RaftServer$Division (ServerState.java:close(419)) - omNode-3@group-33FC8B15A7E9: closes. applyIndex: 7
2021-08-10 07:21:14,981 [omNode-3@group-33FC8B15A7E9-SegmentedRaftLogWorker] INFO  segmented.SegmentedRaftLogWorker (SegmentedRaftLogWorker.java:run(327)) - omNode-3@group-33FC8B15A7E9-SegmentedRaftLogWorker was interrupted, exiting. There are 0 tasks remaining in the queue.
2021-08-10 07:21:14,983 [Listener at 127.0.0.1/10892] INFO  segmented.SegmentedRaftLogWorker (SegmentedRaftLogWorker.java:close(237)) - omNode-3@group-33FC8B15A7E9-SegmentedRaftLogWorker close()
2021-08-10 07:21:14,984 [Listener at 127.0.0.1/10892] INFO  server.GrpcService (GrpcService.java:closeImpl(262)) - omNode-3: shutdown server with port 10896 now
2021-08-10 07:21:14,989 [grpc-default-executor-4] WARN  server.GrpcServerProtocolService (LogUtils.java:warn(122)) - omNode-3: installSnapshot onError, lastRequest: omNode-1->omNode-3#92-t2,previous=(t:2, i:7),leaderCommit=7,initializing? true,entries: size=1, first=(t:2, i:8), METADATAENTRY(c:7): org.apache.ratis.thirdparty.io.grpc.StatusRuntimeException: CANCELLED: client cancelled
2021-08-10 07:21:14,993 [grpc-default-executor-1] WARN  server.GrpcLogAppender (LogUtils.java:warn(122)) - omNode-1@group-33FC8B15A7E9->omNode-3-AppendLogResponseHandler: Failed appendEntries: org.apache.ratis.thirdparty.io.grpc.StatusRuntimeException: CANCELLED: HTTP/2 error code: CANCEL
Received Rst Stream
2021-08-10 07:21:14,995 [grpc-default-executor-1] INFO  leader.FollowerInfo (FollowerInfoImpl.java:lambda$new$0(46)) - omNode-1@group-33FC8B15A7E9->omNode-3: nextIndex: updateUnconditionally 9 -> 8
2021-08-10 07:21:14,997 [Listener at 127.0.0.1/10892] INFO  server.GrpcService (GrpcService.java:closeImpl(271)) - omNode-3: shutdown server with port 10896 successfully
2021-08-10 07:21:14,997 [org.apache.ratis.util.JvmPauseMonitor$$Lambda$430/506160180@4ac4cebf] INFO  util.JvmPauseMonitor (JvmPauseMonitor.java:run(109)) - JvmPauseMonitor-omNode-3: Stopped
2021-08-10 07:21:14,997 [Listener at 127.0.0.1/10892] INFO  ratis.OzoneManagerDoubleBuffer (OzoneManagerDoubleBuffer.java:stop(437)) - Stopping OMDoubleBuffer flush thread
2021-08-10 07:21:14,997 [OMDoubleBufferFlushThread] INFO  ratis.OzoneManagerDoubleBuffer (OzoneManagerDoubleBuffer.java:flushTransactions(356)) - OMDoubleBuffer flush thread OMDoubleBufferFlushThread is interrupted and will exit. OMDoubleBufferFlushThread
2021-08-10 07:21:14,999 [Listener at 127.0.0.1/10892] INFO  utils.BackgroundService (BackgroundService.java:shutdown(132)) - Shutting down service KeyDeletingService
2021-08-10 07:21:15,001 [Listener at 127.0.0.1/10892] INFO  handler.ContextHandler (ContextHandler.java:doStop(1153)) - Stopped o.e.j.w.WebAppContext@21c9029f{ozoneManager,/,null,STOPPED}{file:/home/runner/work/ozone/ozone/hadoop-ozone/integration-test/target/test-classes/webapps/ozoneManager}
2021-08-10 07:21:15,009 [Listener at 127.0.0.1/10892] INFO  server.AbstractConnector (AbstractConnector.java:doStop(381)) - Stopped ServerConnector@6ee68d82{HTTP/1.1, (http/1.1)}{0.0.0.0:10894}
2021-08-10 07:21:15,009 [Listener at 127.0.0.1/10892] INFO  server.session (HouseKeeper.java:stopScavenging(149)) - node0 Stopped scavenging
2021-08-10 07:21:15,009 [Listener at 127.0.0.1/10892] INFO  handler.ContextHandler (ContextHandler.java:doStop(1153)) - Stopped o.e.j.s.ServletContextHandler@601a3f1a{static,/static,file:///home/runner/work/ozone/ozone/hadoop-ozone/integration-test/target/test-classes/webapps/static,STOPPED}
2021-08-10 07:21:15,010 [Listener at 127.0.0.1/10892] INFO  handler.ContextHandler (ContextHandler.java:doStop(1153)) - Stopped o.e.j.s.ServletContextHandler@6073b9e2{logs,/logs,file:///home/runner/work/ozone/ozone/hadoop-ozone/integration-test/target/log,STOPPED}
2021-08-10 07:21:15,017 [Listener at 127.0.0.1/10892] INFO  ozone.MiniOzoneHAClusterImpl (MiniOzoneHAClusterImpl.java:stop(297)) - Stopping the OzoneManager omNode-1
2021-08-10 07:21:15,017 [Listener at 127.0.0.1/10892] INFO  om.OzoneManager (OzoneManager.java:stop(1601)) - Stopping Ozone Manager
2021-08-10 07:21:15,017 [Listener at 127.0.0.1/10892] INFO  ipc.Server (Server.java:stop(3414)) - Stopping server on 10880
2021-08-10 07:21:15,020 [grpc-default-executor-4] WARN  server.GrpcLogAppender (LogUtils.java:warn(122)) - omNode-1@group-33FC8B15A7E9->omNode-3-AppendLogResponseHandler: Failed appendEntries: org.apache.ratis.thirdparty.io.grpc.StatusRuntimeException: UNAVAILABLE: io exception
2021-08-10 07:21:15,023 [IPC Server Responder] INFO  ipc.Server (Server.java:run(1512)) - Stopping IPC Server Responder
2021-08-10 07:21:15,023 [IPC Server listener on 10880] INFO  ipc.Server (Server.java:run(1376)) - Stopping IPC Server listener on 10880
2021-08-10 07:21:15,024 [Listener at 127.0.0.1/10892] INFO  server.RaftServer (RaftServerProxy.java:lambda$close$6(391)) - omNode-1: close
2021-08-10 07:21:15,026 [Listener at 127.0.0.1/10892] INFO  server.RaftServer$Division (RaftServerImpl.java:lambda$close$4(407)) - omNode-1@group-33FC8B15A7E9: shutdown
2021-08-10 07:21:15,026 [Listener at 127.0.0.1/10892] INFO  util.JmxRegister (JmxRegister.java:unregister(73)) - Successfully un-registered JMX Bean with object name Ratis:service=RaftServer,group=group-33FC8B15A7E9,id=omNode-1
2021-08-10 07:21:15,027 [Listener at 127.0.0.1/10892] INFO  impl.RoleInfo (RoleInfo.java:shutdownLeaderState(91)) - omNode-1: shutdown omNode-1@group-33FC8B15A7E9-LeaderStateImpl
2021-08-10 07:21:15,027 [omNode-1@group-33FC8B15A7E9->omNode-2-GrpcLogAppender-LogAppenderDaemon] WARN  server.GrpcLogAppender (GrpcLogAppender.java:mayWait(175)) - omNode-1@group-33FC8B15A7E9->omNode-2-GrpcLogAppender: Wait interrupted by java.lang.InterruptedException
2021-08-10 07:21:15,028 [grpc-default-executor-1] INFO  server.GrpcServerProtocolService (GrpcServerProtocolService.java:onCompleted(140)) - omNode-2: Completed APPEND_ENTRIES, lastRequest: omNode-1->omNode-2#91-t2,previous=(t:2, i:7),leaderCommit=7,initializing? true,entries: size=1, first=(t:2, i:8), METADATAENTRY(c:7)
2021-08-10 07:21:15,028 [grpc-default-executor-1] INFO  server.GrpcLogAppender (GrpcLogAppender.java:onCompleted(344)) - omNode-1@group-33FC8B15A7E9->omNode-2-AppendLogResponseHandler: follower responses appendEntries COMPLETED
2021-08-10 07:21:15,028 [grpc-default-executor-1] INFO  leader.FollowerInfo (FollowerInfoImpl.java:lambda$new$0(46)) - omNode-1@group-33FC8B15A7E9->omNode-2: nextIndex: updateUnconditionally 9 -> 8
2021-08-10 07:21:15,029 [Listener at 127.0.0.1/10892] INFO  impl.PendingRequests (PendingRequests.java:sendNotLeaderResponses(249)) - omNode-1@group-33FC8B15A7E9-PendingRequests: sendNotLeaderResponses
2021-08-10 07:21:15,024 [grpc-default-executor-4] INFO  leader.FollowerInfo (FollowerInfoImpl.java:lambda$new$0(46)) - omNode-1@group-33FC8B15A7E9->omNode-3: nextIndex: updateUnconditionally 9 -> 8
2021-08-10 07:21:15,030 [omNode-1@group-33FC8B15A7E9->omNode-3-GrpcLogAppender-LogAppenderDaemon] WARN  server.GrpcLogAppender (GrpcLogAppender.java:mayWait(175)) - omNode-1@group-33FC8B15A7E9->omNode-3-GrpcLogAppender: Wait interrupted by java.lang.InterruptedException
2021-08-10 07:21:15,030 [omNode-1@group-33FC8B15A7E9-StateMachineUpdater] INFO  ratis.OzoneManagerStateMachine (OzoneManagerStateMachine.java:takeSnapshot(417)) - Current Snapshot Index (t:2, i:8)
2021-08-10 07:21:15,031 [omNode-1@group-33FC8B15A7E9-StateMachineUpdater] INFO  impl.StateMachineUpdater (StateMachineUpdater.java:takeSnapshot(281)) - omNode-1@group-33FC8B15A7E9-StateMachineUpdater: Took a snapshot at index 8
2021-08-10 07:21:15,031 [omNode-1@group-33FC8B15A7E9-StateMachineUpdater] INFO  impl.StateMachineUpdater (StateMachineUpdater.java:lambda$new$0(89)) - omNode-1@group-33FC8B15A7E9-StateMachineUpdater: snapshotIndex: updateIncreasingly -1 -> 8
2021-08-10 07:21:15,031 [omNode-1@group-33FC8B15A7E9-StateMachineUpdater] INFO  ratis.OzoneManagerStateMachine (OzoneManagerStateMachine.java:close(471)) - StateMachine has shutdown. Shutdown OzoneManager if not already shutdown.
2021-08-10 07:21:15,031 [Listener at 127.0.0.1/10892] INFO  impl.StateMachineUpdater (StateMachineUpdater.java:stopAndJoin(149)) - omNode-1@group-33FC8B15A7E9-StateMachineUpdater: set stopIndex = 8
2021-08-10 07:21:15,031 [Listener at 127.0.0.1/10892] INFO  server.RaftServer$Division (ServerState.java:close(419)) - omNode-1@group-33FC8B15A7E9: closes. applyIndex: 8
2021-08-10 07:21:15,031 [omNode-1@group-33FC8B15A7E9-SegmentedRaftLogWorker] INFO  segmented.SegmentedRaftLogWorker (SegmentedRaftLogWorker.java:run(327)) - omNode-1@group-33FC8B15A7E9-SegmentedRaftLogWorker was interrupted, exiting. There are 0 tasks remaining in the queue.
2021-08-10 07:21:15,033 [Listener at 127.0.0.1/10892] INFO  segmented.SegmentedRaftLogWorker (SegmentedRaftLogWorker.java:close(237)) - omNode-1@group-33FC8B15A7E9-SegmentedRaftLogWorker close()
2021-08-10 07:21:15,034 [Listener at 127.0.0.1/10892] INFO  server.GrpcService (GrpcService.java:closeImpl(262)) - omNode-1: shutdown server with port 10884 now
2021-08-10 07:21:15,037 [Listener at 127.0.0.1/10892] INFO  server.GrpcService (GrpcService.java:closeImpl(271)) - omNode-1: shutdown server with port 10884 successfully
2021-08-10 07:21:15,038 [org.apache.ratis.util.JvmPauseMonitor$$Lambda$430/506160180@5894bfd3] INFO  util.JvmPauseMonitor (JvmPauseMonitor.java:run(109)) - JvmPauseMonitor-omNode-1: Stopped
2021-08-10 07:21:15,038 [Listener at 127.0.0.1/10892] INFO  ratis.OzoneManagerDoubleBuffer (OzoneManagerDoubleBuffer.java:stop(437)) - Stopping OMDoubleBuffer flush thread
2021-08-10 07:21:15,038 [OMDoubleBufferFlushThread] INFO  ratis.OzoneManagerDoubleBuffer (OzoneManagerDoubleBuffer.java:flushTransactions(356)) - OMDoubleBuffer flush thread OMDoubleBufferFlushThread is interrupted and will exit. OMDoubleBufferFlushThread
2021-08-10 07:21:15,038 [Listener at 127.0.0.1/10892] INFO  utils.BackgroundService (BackgroundService.java:shutdown(132)) - Shutting down service KeyDeletingService
2021-08-10 07:21:15,039 [Listener at 127.0.0.1/10892] INFO  handler.ContextHandler (ContextHandler.java:doStop(1153)) - Stopped o.e.j.w.WebAppContext@60ed305e{ozoneManager,/,null,STOPPED}{file:/home/runner/work/ozone/ozone/hadoop-ozone/integration-test/target/test-classes/webapps/ozoneManager}
2021-08-10 07:21:15,039 [Listener at 127.0.0.1/10892] INFO  server.AbstractConnector (AbstractConnector.java:doStop(381)) - Stopped ServerConnector@7afea327{HTTP/1.1, (http/1.1)}{0.0.0.0:10882}
2021-08-10 07:21:15,039 [Listener at 127.0.0.1/10892] INFO  server.session (HouseKeeper.java:stopScavenging(149)) - node0 Stopped scavenging
2021-08-10 07:21:15,040 [Listener at 127.0.0.1/10892] INFO  handler.ContextHandler (ContextHandler.java:doStop(1153)) - Stopped o.e.j.s.ServletContextHandler@7b1e9d2e{static,/static,file:///home/runner/work/ozone/ozone/hadoop-ozone/integration-test/target/test-classes/webapps/static,STOPPED}
2021-08-10 07:21:15,040 [Listener at 127.0.0.1/10892] INFO  handler.ContextHandler (ContextHandler.java:doStop(1153)) - Stopped o.e.j.s.ServletContextHandler@2778324c{logs,/logs,file:///home/runner/work/ozone/ozone/hadoop-ozone/integration-test/target/log,STOPPED}
2021-08-10 07:21:15,042 [Listener at 127.0.0.1/10892] INFO  ozone.MiniOzoneHAClusterImpl (MiniOzoneHAClusterImpl.java:stop(297)) - Stopping the OzoneManager omNode-2
2021-08-10 07:21:15,042 [Listener at 127.0.0.1/10892] INFO  om.OzoneManager (OzoneManager.java:stop(1601)) - Stopping Ozone Manager
2021-08-10 07:21:15,042 [Listener at 127.0.0.1/10892] INFO  ipc.Server (Server.java:stop(3414)) - Stopping server on 10886
2021-08-10 07:21:15,047 [IPC Server listener on 10886] INFO  ipc.Server (Server.java:run(1376)) - Stopping IPC Server listener on 10886
2021-08-10 07:21:15,047 [IPC Server Responder] INFO  ipc.Server (Server.java:run(1512)) - Stopping IPC Server Responder
2021-08-10 07:21:15,048 [Listener at 127.0.0.1/10892] INFO  server.RaftServer (RaftServerProxy.java:lambda$close$6(391)) - omNode-2: close
2021-08-10 07:21:15,048 [Listener at 127.0.0.1/10892] INFO  server.RaftServer$Division (RaftServerImpl.java:lambda$close$4(407)) - omNode-2@group-33FC8B15A7E9: shutdown
2021-08-10 07:21:15,048 [Listener at 127.0.0.1/10892] INFO  util.JmxRegister (JmxRegister.java:unregister(73)) - Successfully un-registered JMX Bean with object name Ratis:service=RaftServer,group=group-33FC8B15A7E9,id=omNode-2
2021-08-10 07:21:15,048 [Listener at 127.0.0.1/10892] INFO  impl.RoleInfo (RoleInfo.java:shutdownFollowerState(108)) - omNode-2: shutdown omNode-2@group-33FC8B15A7E9-FollowerState
2021-08-10 07:21:15,048 [Listener at 127.0.0.1/10892] INFO  impl.StateMachineUpdater (StateMachineUpdater.java:stopAndJoin(149)) - omNode-2@group-33FC8B15A7E9-StateMachineUpdater: set stopIndex = 7
2021-08-10 07:21:15,048 [omNode-2@group-33FC8B15A7E9-StateMachineUpdater] INFO  ratis.OzoneManagerStateMachine (OzoneManagerStateMachine.java:takeSnapshot(417)) - Current Snapshot Index (t:2, i:7)
2021-08-10 07:21:15,049 [omNode-2@group-33FC8B15A7E9-StateMachineUpdater] INFO  impl.StateMachineUpdater (StateMachineUpdater.java:takeSnapshot(281)) - omNode-2@group-33FC8B15A7E9-StateMachineUpdater: Took a snapshot at index 7
2021-08-10 07:21:15,049 [omNode-2@group-33FC8B15A7E9-StateMachineUpdater] INFO  impl.StateMachineUpdater (StateMachineUpdater.java:lambda$new$0(89)) - omNode-2@group-33FC8B15A7E9-StateMachineUpdater: snapshotIndex: updateIncreasingly -1 -> 7
2021-08-10 07:21:15,049 [omNode-2@group-33FC8B15A7E9-StateMachineUpdater] INFO  ratis.OzoneManagerStateMachine (OzoneManagerStateMachine.java:close(471)) - StateMachine has shutdown. Shutdown OzoneManager if not already shutdown.
2021-08-10 07:21:15,049 [Listener at 127.0.0.1/10892] INFO  server.RaftServer$Division (ServerState.java:close(419)) - omNode-2@group-33FC8B15A7E9: closes. applyIndex: 7
2021-08-10 07:21:15,048 [omNode-2@group-33FC8B15A7E9-FollowerState] INFO  impl.FollowerState (FollowerState.java:run(143)) - omNode-2@group-33FC8B15A7E9-FollowerState was interrupted: {}
java.lang.InterruptedException: sleep interrupted
	at java.lang.Thread.sleep(Native Method)
	at java.lang.Thread.sleep(Thread.java:340)
	at java.util.concurrent.TimeUnit.sleep(TimeUnit.java:386)
	at org.apache.ratis.util.TimeDuration.sleep(TimeDuration.java:324)
	at org.apache.ratis.util.TimeDuration.sleep(TimeDuration.java:309)
	at org.apache.ratis.server.impl.FollowerState.run(FollowerState.java:118)
2021-08-10 07:21:15,049 [omNode-2@group-33FC8B15A7E9-SegmentedRaftLogWorker] INFO  segmented.SegmentedRaftLogWorker (SegmentedRaftLogWorker.java:run(327)) - omNode-2@group-33FC8B15A7E9-SegmentedRaftLogWorker was interrupted, exiting. There are 0 tasks remaining in the queue.
2021-08-10 07:21:15,051 [Listener at 127.0.0.1/10892] INFO  segmented.SegmentedRaftLogWorker (SegmentedRaftLogWorker.java:close(237)) - omNode-2@group-33FC8B15A7E9-SegmentedRaftLogWorker close()
2021-08-10 07:21:15,052 [Listener at 127.0.0.1/10892] INFO  server.GrpcService (GrpcService.java:closeImpl(262)) - omNode-2: shutdown server with port 10890 now
2021-08-10 07:21:15,055 [Listener at 127.0.0.1/10892] INFO  server.GrpcService (GrpcService.java:closeImpl(271)) - omNode-2: shutdown server with port 10890 successfully
2021-08-10 07:21:15,056 [org.apache.ratis.util.JvmPauseMonitor$$Lambda$430/506160180@3bf246fb] INFO  util.JvmPauseMonitor (JvmPauseMonitor.java:run(109)) - JvmPauseMonitor-omNode-2: Stopped
2021-08-10 07:21:15,056 [Listener at 127.0.0.1/10892] INFO  ratis.OzoneManagerDoubleBuffer (OzoneManagerDoubleBuffer.java:stop(437)) - Stopping OMDoubleBuffer flush thread
2021-08-10 07:21:15,056 [OMDoubleBufferFlushThread] INFO  ratis.OzoneManagerDoubleBuffer (OzoneManagerDoubleBuffer.java:flushTransactions(356)) - OMDoubleBuffer flush thread OMDoubleBufferFlushThread is interrupted and will exit. OMDoubleBufferFlushThread
2021-08-10 07:21:15,056 [Listener at 127.0.0.1/10892] INFO  utils.BackgroundService (BackgroundService.java:shutdown(132)) - Shutting down service KeyDeletingService
2021-08-10 07:21:15,057 [Listener at 127.0.0.1/10892] INFO  handler.ContextHandler (ContextHandler.java:doStop(1153)) - Stopped o.e.j.w.WebAppContext@30308c8f{ozoneManager,/,null,STOPPED}{file:/home/runner/work/ozone/ozone/hadoop-ozone/integration-test/target/test-classes/webapps/ozoneManager}
2021-08-10 07:21:15,058 [Listener at 127.0.0.1/10892] INFO  server.AbstractConnector (AbstractConnector.java:doStop(381)) - Stopped ServerConnector@7d3768d6{HTTP/1.1, (http/1.1)}{0.0.0.0:10888}
2021-08-10 07:21:15,058 [Listener at 127.0.0.1/10892] INFO  server.session (HouseKeeper.java:stopScavenging(149)) - node0 Stopped scavenging
2021-08-10 07:21:15,058 [Listener at 127.0.0.1/10892] INFO  handler.ContextHandler (ContextHandler.java:doStop(1153)) - Stopped o.e.j.s.ServletContextHandler@7529e56{static,/static,file:///home/runner/work/ozone/ozone/hadoop-ozone/integration-test/target/test-classes/webapps/static,STOPPED}
2021-08-10 07:21:15,059 [Listener at 127.0.0.1/10892] INFO  handler.ContextHandler (ContextHandler.java:doStop(1153)) - Stopped o.e.j.s.ServletContextHandler@4c42b537{logs,/logs,file:///home/runner/work/ozone/ozone/hadoop-ozone/integration-test/target/log,STOPPED}
2021-08-10 07:21:15,060 [Listener at 127.0.0.1/10892] INFO  ozone.MiniOzoneHAClusterImpl (MiniOzoneHAClusterImpl.java:stop(305)) - Stopping the StorageContainerManager 56ac738e-179d-4cdf-8a87-ffc7b568c25f
2021-08-10 07:21:15,060 [Listener at 127.0.0.1/10892] INFO  server.StorageContainerManager (StorageContainerManager.java:stop(1338)) - Stopping Replication Manager Service.
2021-08-10 07:21:15,060 [Listener at 127.0.0.1/10892] INFO  container.ReplicationManager (ReplicationManager.java:stop(317)) - Stopping Replication Monitor Thread.
2021-08-10 07:21:15,061 [Listener at 127.0.0.1/10892] INFO  server.StorageContainerManager (StorageContainerManager.java:stop(1345)) - Stopping the Datanode Admin Monitor.
2021-08-10 07:21:15,061 [Listener at 127.0.0.1/10892] INFO  server.StorageContainerManager (StorageContainerManager.java:stop(1352)) - Stopping Lease Manager of the command watchers
2021-08-10 07:21:15,061 [Listener at 127.0.0.1/10892] INFO  server.StorageContainerManager (StorageContainerManager.java:stop(1359)) - Stopping datanode service RPC server
2021-08-10 07:21:15,061 [Listener at 127.0.0.1/10892] INFO  server.SCMDatanodeProtocolServer (SCMDatanodeProtocolServer.java:stop(389)) - Stopping the RPC server for DataNodes
2021-08-10 07:21:15,061 [Listener at 127.0.0.1/10892] INFO  ipc.Server (Server.java:stop(3414)) - Stopping server on 12677
2021-08-10 07:21:15,071 [IPC Server listener on 12677] INFO  ipc.Server (Server.java:run(1376)) - Stopping IPC Server listener on 12677
2021-08-10 07:21:15,072 [IPC Server Responder] INFO  ipc.Server (Server.java:run(1512)) - Stopping IPC Server Responder
2021-08-10 07:21:15,557 [EndpointStateMachine task thread for /127.0.0.1:12677 - 0 ] WARN  statemachine.EndpointStateMachine (EndpointStateMachine.java:logIfNeeded(236)) - Unable to communicate to SCM server at 127.0.0.1:12677 for past 0 seconds.
java.io.EOFException: End of File Exception between local host is: "fv-az12-876/10.1.0.46"; destination host is: "localhost":12677; : java.io.EOFException; For more details see:  http://wiki.apache.org/hadoop/EOFException
	at sun.reflect.NativeConstructorAccessorImpl.newInstance0(Native Method)
	at sun.reflect.NativeConstructorAccessorImpl.newInstance(NativeConstructorAccessorImpl.java:62)
	at sun.reflect.DelegatingConstructorAccessorImpl.newInstance(DelegatingConstructorAccessorImpl.java:45)
	at java.lang.reflect.Constructor.newInstance(Constructor.java:423)
	at org.apache.hadoop.net.NetUtils.wrapWithMessage(NetUtils.java:913)
	at org.apache.hadoop.net.NetUtils.wrapException(NetUtils.java:862)
	at org.apache.hadoop.ipc.Client.getRpcResponse(Client.java:1577)
	at org.apache.hadoop.ipc.Client.call(Client.java:1519)
	at org.apache.hadoop.ipc.Client.call(Client.java:1416)
	at org.apache.hadoop.ipc.ProtobufRpcEngine$Invoker.invoke(ProtobufRpcEngine.java:236)
	at org.apache.hadoop.ipc.ProtobufRpcEngine$Invoker.invoke(ProtobufRpcEngine.java:123)
	at com.sun.proxy.$Proxy46.submitRequest(Unknown Source)
	at org.apache.hadoop.ozone.protocolPB.StorageContainerDatanodeProtocolClientSideTranslatorPB.submitRequest(StorageContainerDatanodeProtocolClientSideTranslatorPB.java:117)
	at org.apache.hadoop.ozone.protocolPB.StorageContainerDatanodeProtocolClientSideTranslatorPB.sendHeartbeat(StorageContainerDatanodeProtocolClientSideTranslatorPB.java:149)
	at org.apache.hadoop.ozone.container.common.states.endpoint.HeartbeatEndpointTask.call(HeartbeatEndpointTask.java:179)
	at org.apache.hadoop.ozone.container.common.states.endpoint.HeartbeatEndpointTask.call(HeartbeatEndpointTask.java:82)
	at java.util.concurrent.FutureTask.run(FutureTask.java:266)
	at java.util.concurrent.ThreadPoolExecutor.runWorker(ThreadPoolExecutor.java:1149)
	at java.util.concurrent.ThreadPoolExecutor$Worker.run(ThreadPoolExecutor.java:624)
	at java.lang.Thread.run(Thread.java:748)
Caused by: java.io.EOFException
	at java.io.DataInputStream.readInt(DataInputStream.java:392)
	at org.apache.hadoop.ipc.Client$IpcStreams.readResponse(Client.java:1892)
	at org.apache.hadoop.ipc.Client$Connection.receiveRpcResponse(Client.java:1202)
	at org.apache.hadoop.ipc.Client$Connection.run(Client.java:1098)
2021-08-10 07:21:16,568 [EndpointStateMachine task thread for /127.0.0.1:12677 - 0 ] INFO  ipc.Client (Client.java:handleConnectionFailure(977)) - Retrying connect to server: localhost/127.0.0.1:12677. Already tried 0 time(s); retry policy is RetryUpToMaximumCountWithFixedSleep(maxRetries=15, sleepTime=1000 MILLISECONDS)
2021-08-10 07:21:16,847 [SCM Heartbeat Processing Thread - 0] WARN  node.NodeStateManager (NodeStateManager.java:scheduleNextHealthCheck(799)) - Current Thread is interrupted, shutting down HB processing thread for Node Manager.
2021-08-10 07:21:16,848 [Listener at 127.0.0.1/10892] INFO  server.StorageContainerManager (StorageContainerManager.java:stop(1367)) - Stopping block service RPC server
2021-08-10 07:21:16,849 [Listener at 127.0.0.1/10892] INFO  server.SCMBlockProtocolServer (SCMBlockProtocolServer.java:stop(160)) - Stopping the RPC server for Block Protocol
2021-08-10 07:21:16,849 [Listener at 127.0.0.1/10892] INFO  ipc.Server (Server.java:stop(3414)) - Stopping server on 12678
2021-08-10 07:21:16,860 [IPC Server listener on 12678] INFO  ipc.Server (Server.java:run(1376)) - Stopping IPC Server listener on 12678
2021-08-10 07:21:16,860 [Listener at 127.0.0.1/10892] INFO  server.StorageContainerManager (StorageContainerManager.java:stop(1374)) - Stopping the StorageContainerLocationProtocol RPC server
2021-08-10 07:21:16,860 [Listener at 127.0.0.1/10892] INFO  server.SCMClientProtocolServer (SCMClientProtocolServer.java:stop(174)) - Stopping the RPC server for Client Protocol
2021-08-10 07:21:16,860 [Listener at 127.0.0.1/10892] INFO  ipc.Server (Server.java:stop(3414)) - Stopping server on 12679
2021-08-10 07:21:16,860 [IPC Server Responder] INFO  ipc.Server (Server.java:run(1512)) - Stopping IPC Server Responder
2021-08-10 07:21:16,869 [IPC Server listener on 12679] INFO  ipc.Server (Server.java:run(1376)) - Stopping IPC Server listener on 12679
2021-08-10 07:21:16,870 [IPC Server Responder] INFO  ipc.Server (Server.java:run(1512)) - Stopping IPC Server Responder
2021-08-10 07:21:16,870 [Listener at 127.0.0.1/10892] INFO  server.StorageContainerManager (StorageContainerManager.java:stop(1381)) - Stopping Storage Container Manager HTTP server.
2021-08-10 07:21:16,871 [Listener at 127.0.0.1/10892] INFO  handler.ContextHandler (ContextHandler.java:doStop(1153)) - Stopped o.e.j.w.WebAppContext@5a527d0d{scm,/,null,STOPPED}{file:/home/runner/work/ozone/ozone/hadoop-ozone/integration-test/target/test-classes/webapps/scm}
2021-08-10 07:21:16,875 [Listener at 127.0.0.1/10892] INFO  server.AbstractConnector (AbstractConnector.java:doStop(381)) - Stopped ServerConnector@6452bcd0{HTTP/1.1, (http/1.1)}{0.0.0.0:12674}
2021-08-10 07:21:16,875 [Listener at 127.0.0.1/10892] INFO  server.session (HouseKeeper.java:stopScavenging(149)) - node0 Stopped scavenging
2021-08-10 07:21:16,875 [Listener at 127.0.0.1/10892] INFO  handler.ContextHandler (ContextHandler.java:doStop(1153)) - Stopped o.e.j.s.ServletContextHandler@667db0e4{static,/static,file:///home/runner/work/ozone/ozone/hadoop-ozone/integration-test/target/test-classes/webapps/static,STOPPED}
2021-08-10 07:21:16,876 [Listener at 127.0.0.1/10892] INFO  handler.ContextHandler (ContextHandler.java:doStop(1153)) - Stopped o.e.j.s.ServletContextHandler@3fdd08fc{logs,/logs,file:///home/runner/work/ozone/ozone/hadoop-ozone/integration-test/target/log,STOPPED}
2021-08-10 07:21:16,877 [Listener at 127.0.0.1/10892] INFO  server.StorageContainerManager (StorageContainerManager.java:stop(1392)) - Stopping Block Manager Service.
2021-08-10 07:21:16,877 [Listener at 127.0.0.1/10892] INFO  utils.BackgroundService (BackgroundService.java:shutdown(132)) - Shutting down service SCMBlockDeletingService
2021-08-10 07:21:16,877 [Listener at 127.0.0.1/10892] INFO  utils.BackgroundService (BackgroundService.java:shutdown(132)) - Shutting down service SCMBlockDeletingService
2021-08-10 07:21:16,878 [Listener at 127.0.0.1/10892] INFO  server.StorageContainerManager (StorageContainerManager.java:stop(1419)) - Stopping SCM Event Queue.
2021-08-10 07:21:16,881 [Listener at 127.0.0.1/10892] INFO  server.StorageContainerManager (StorageContainerManager.java:stop(1430)) - Stopping SCM HA services.
2021-08-10 07:21:16,881 [Listener at 127.0.0.1/10892] INFO  ha.SCMRatisServerImpl (SCMRatisServerImpl.java:stop(226)) - stopping ratis server 0.0.0.0:12676
2021-08-10 07:21:16,881 [Listener at 127.0.0.1/10892] INFO  server.RaftServer (RaftServerProxy.java:lambda$close$6(391)) - 56ac738e-179d-4cdf-8a87-ffc7b568c25f: close
2021-08-10 07:21:16,881 [Listener at 127.0.0.1/10892] INFO  server.RaftServer$Division (RaftServerImpl.java:lambda$close$4(407)) - 56ac738e-179d-4cdf-8a87-ffc7b568c25f@group-BF8CDD64B120: shutdown
2021-08-10 07:21:16,882 [Listener at 127.0.0.1/10892] INFO  util.JmxRegister (JmxRegister.java:unregister(73)) - Successfully un-registered JMX Bean with object name Ratis:service=RaftServer,group=group-BF8CDD64B120,id=56ac738e-179d-4cdf-8a87-ffc7b568c25f
2021-08-10 07:21:16,882 [Listener at 127.0.0.1/10892] INFO  impl.RoleInfo (RoleInfo.java:shutdownLeaderState(91)) - 56ac738e-179d-4cdf-8a87-ffc7b568c25f: shutdown 56ac738e-179d-4cdf-8a87-ffc7b568c25f@group-BF8CDD64B120-LeaderStateImpl
2021-08-10 07:21:16,882 [Listener at 127.0.0.1/10892] INFO  impl.PendingRequests (PendingRequests.java:sendNotLeaderResponses(249)) - 56ac738e-179d-4cdf-8a87-ffc7b568c25f@group-BF8CDD64B120-PendingRequests: sendNotLeaderResponses
2021-08-10 07:21:16,882 [Listener at 127.0.0.1/10892] INFO  ha.SCMStateMachine (SCMStateMachine.java:notifyNotLeader(183)) - current leader SCM steps down.
2021-08-10 07:21:16,883 [Listener at 127.0.0.1/10892] INFO  ha.SCMContext (SCMContext.java:updateLeaderAndTerm(88)) - update <isLeader,term> from <true,2> to <false,0>
2021-08-10 07:21:16,883 [Listener at 127.0.0.1/10892] INFO  ha.SCMContext (SCMContext.java:updateLeaderAndTerm(95)) - update <isLeaderReady> from <false> to <false>
2021-08-10 07:21:16,885 [Listener at 127.0.0.1/10892] INFO  impl.StateMachineUpdater (StateMachineUpdater.java:stopAndJoin(149)) - 56ac738e-179d-4cdf-8a87-ffc7b568c25f@group-BF8CDD64B120-StateMachineUpdater: set stopIndex = 30
2021-08-10 07:21:16,885 [56ac738e-179d-4cdf-8a87-ffc7b568c25f@group-BF8CDD64B120-StateMachineUpdater] INFO  ha.SCMStateMachine (SCMStateMachine.java:takeSnapshot(290)) - Current Snapshot Index 30, takeSnapshot took 1 ms
2021-08-10 07:21:16,885 [56ac738e-179d-4cdf-8a87-ffc7b568c25f@group-BF8CDD64B120-StateMachineUpdater] INFO  impl.StateMachineUpdater (StateMachineUpdater.java:takeSnapshot(281)) - 56ac738e-179d-4cdf-8a87-ffc7b568c25f@group-BF8CDD64B120-StateMachineUpdater: Took a snapshot at index 30
2021-08-10 07:21:16,885 [56ac738e-179d-4cdf-8a87-ffc7b568c25f@group-BF8CDD64B120-StateMachineUpdater] INFO  impl.StateMachineUpdater (StateMachineUpdater.java:lambda$new$0(89)) - 56ac738e-179d-4cdf-8a87-ffc7b568c25f@group-BF8CDD64B120-StateMachineUpdater: snapshotIndex: updateIncreasingly -1 -> 30
2021-08-10 07:21:16,886 [Listener at 127.0.0.1/10892] INFO  server.RaftServer$Division (ServerState.java:close(419)) - 56ac738e-179d-4cdf-8a87-ffc7b568c25f@group-BF8CDD64B120: closes. applyIndex: 30
2021-08-10 07:21:16,886 [56ac738e-179d-4cdf-8a87-ffc7b568c25f@group-BF8CDD64B120-SegmentedRaftLogWorker] INFO  segmented.SegmentedRaftLogWorker (SegmentedRaftLogWorker.java:run(327)) - 56ac738e-179d-4cdf-8a87-ffc7b568c25f@group-BF8CDD64B120-SegmentedRaftLogWorker was interrupted, exiting. There are 0 tasks remaining in the queue.
2021-08-10 07:21:16,887 [Listener at 127.0.0.1/10892] INFO  segmented.SegmentedRaftLogWorker (SegmentedRaftLogWorker.java:close(237)) - 56ac738e-179d-4cdf-8a87-ffc7b568c25f@group-BF8CDD64B120-SegmentedRaftLogWorker close()
2021-08-10 07:21:16,888 [Listener at 127.0.0.1/10892] INFO  server.GrpcService (GrpcService.java:closeImpl(262)) - 56ac738e-179d-4cdf-8a87-ffc7b568c25f: shutdown server with port 12676 now
2021-08-10 07:21:16,888 [Listener at 127.0.0.1/10892] INFO  server.GrpcService (GrpcService.java:closeImpl(271)) - 56ac738e-179d-4cdf-8a87-ffc7b568c25f: shutdown server with port 12676 successfully
2021-08-10 07:21:16,889 [org.apache.ratis.util.JvmPauseMonitor$$Lambda$430/506160180@1a457676] INFO  util.JvmPauseMonitor (JvmPauseMonitor.java:run(109)) - JvmPauseMonitor-56ac738e-179d-4cdf-8a87-ffc7b568c25f: Stopped
2021-08-10 07:21:16,889 [Listener at 127.0.0.1/10892] INFO  pipeline.BackgroundPipelineCreator (BackgroundPipelineCreatorV2.java:stop(158)) - Stopping RatisPipelineUtilsThread.
2021-08-10 07:21:16,890 [Listener at 127.0.0.1/10892] INFO  server.StorageContainerManager (StorageContainerManager.java:stop(1440)) - Stopping SCM MetadataStore.
2021-08-10 07:21:16,891 [Listener at 127.0.0.1/10892] INFO  impl.MetricsSystemImpl (MetricsSystemImpl.java:stop(210)) - Stopping XceiverClientMetrics metrics system...
2021-08-10 07:21:16,896 [prometheus] INFO  impl.MetricsSinkAdapter (MetricsSinkAdapter.java:publishMetricsFromQueue(141)) - prometheus thread interrupted.
2021-08-10 07:21:16,896 [Listener at 127.0.0.1/10892] INFO  impl.MetricsSystemImpl (MetricsSystemImpl.java:stop(216)) - XceiverClientMetrics metrics system stopped.
2021-08-10 07:21:16,897 [Listener at 127.0.0.1/10892] INFO  ozone.MiniOzoneClusterImpl (MiniOzoneClusterImpl.java:stop(468)) - Stopping the Mini Ozone Cluster
2021-08-10 07:21:16,897 [Listener at 127.0.0.1/10892] INFO  ozone.MiniOzoneClusterImpl (MiniOzoneClusterImpl.java:stopDatanodes(527)) - Stopping the HddsDatanodes
2021-08-10 07:21:17,556 [Datanode State Machine Thread - 0] WARN  statemachine.StateContext (StateContext.java:setState(246)) - Ignore disallowed transition from SHUTDOWN to RUNNING
2021-08-10 07:21:17,556 [Datanode State Machine Thread - 0] INFO  statemachine.DatanodeStateMachine (DatanodeStateMachine.java:lambda$startDaemon$0(457)) - Ozone container server started.
2021-08-10 07:21:17,567 [Datanode State Machine Thread - 0] WARN  statemachine.StateContext (StateContext.java:setState(246)) - Ignore disallowed transition from SHUTDOWN to RUNNING
2021-08-10 07:21:17,567 [Datanode State Machine Thread - 0] INFO  statemachine.DatanodeStateMachine (DatanodeStateMachine.java:lambda$startDaemon$0(457)) - Ozone container server started.
2021-08-10 07:21:17,569 [EndpointStateMachine task thread for /127.0.0.1:12677 - 0 ] INFO  ipc.Client (Client.java:handleConnectionFailure(977)) - Retrying connect to server: localhost/127.0.0.1:12677. Already tried 1 time(s); retry policy is RetryUpToMaximumCountWithFixedSleep(maxRetries=15, sleepTime=1000 MILLISECONDS)
2021-08-10 07:21:18,409 [12a15bd5-4321-4c17-a25c-f1df7459fe15@group-6F7EC01B3871-FollowerState] INFO  impl.FollowerState (FollowerState.java:run(134)) - 12a15bd5-4321-4c17-a25c-f1df7459fe15@group-6F7EC01B3871-FollowerState: change to CANDIDATE, lastRpcElapsedTime:5034414757ns, electionTimeout:5027ms
2021-08-10 07:21:18,409 [12a15bd5-4321-4c17-a25c-f1df7459fe15@group-6F7EC01B3871-FollowerState] INFO  impl.RoleInfo (RoleInfo.java:shutdownFollowerState(108)) - 12a15bd5-4321-4c17-a25c-f1df7459fe15: shutdown 12a15bd5-4321-4c17-a25c-f1df7459fe15@group-6F7EC01B3871-FollowerState
2021-08-10 07:21:18,409 [12a15bd5-4321-4c17-a25c-f1df7459fe15@group-6F7EC01B3871-FollowerState] INFO  server.RaftServer$Division (RaftServerImpl.java:setRole(285)) - 12a15bd5-4321-4c17-a25c-f1df7459fe15@group-6F7EC01B3871: changes role from  FOLLOWER to CANDIDATE at term 1 for changeToCandidate
2021-08-10 07:21:18,409 [12a15bd5-4321-4c17-a25c-f1df7459fe15@group-6F7EC01B3871-FollowerState] INFO  server.RaftServerConfigKeys (ConfUtils.java:logGet(44)) - raft.server.leaderelection.pre-vote = false (custom)
2021-08-10 07:21:18,410 [12a15bd5-4321-4c17-a25c-f1df7459fe15@group-6F7EC01B3871-FollowerState] INFO  impl.RoleInfo (RoleInfo.java:updateAndGet(130)) - 12a15bd5-4321-4c17-a25c-f1df7459fe15: start 12a15bd5-4321-4c17-a25c-f1df7459fe15@group-6F7EC01B3871-LeaderElection12
2021-08-10 07:21:18,412 [12a15bd5-4321-4c17-a25c-f1df7459fe15@group-6F7EC01B3871-LeaderElection12] INFO  impl.LeaderElection (LeaderElection.java:askForVotes(306)) - 12a15bd5-4321-4c17-a25c-f1df7459fe15@group-6F7EC01B3871-LeaderElection12 ELECTION round 0: submit vote requests at term 2 for -1: [12a15bd5-4321-4c17-a25c-f1df7459fe15|rpc:127.0.0.1:38099|dataStream:|priority:1, 76897d42-f98f-4c19-b58f-ca2cbe3c8872|rpc:127.0.0.1:44151|dataStream:|priority:0, 9d17b7b9-a403-467f-9c18-cea608608412|rpc:127.0.0.1:38501|dataStream:|priority:0], old=null
2021-08-10 07:21:18,421 [grpc-default-executor-4] INFO  server.RaftServer$Division (RaftServerImpl.java:requestVote(1043)) - 9d17b7b9-a403-467f-9c18-cea608608412@group-6F7EC01B3871: receive requestVote(ELECTION, 12a15bd5-4321-4c17-a25c-f1df7459fe15, group-6F7EC01B3871, 2, (t:0, i:0))
2021-08-10 07:21:18,421 [grpc-default-executor-4] INFO  impl.VoteContext (VoteContext.java:log(48)) - 9d17b7b9-a403-467f-9c18-cea608608412@group-6F7EC01B3871-FOLLOWER: accept ELECTION from 12a15bd5-4321-4c17-a25c-f1df7459fe15: our priority 0 <= candidate's priority 1
2021-08-10 07:21:18,421 [grpc-default-executor-4] INFO  server.RaftServer$Division (RaftServerImpl.java:setRole(285)) - 9d17b7b9-a403-467f-9c18-cea608608412@group-6F7EC01B3871: changes role from  FOLLOWER to FOLLOWER at term 2 for candidate:12a15bd5-4321-4c17-a25c-f1df7459fe15
2021-08-10 07:21:18,421 [grpc-default-executor-4] INFO  impl.RoleInfo (RoleInfo.java:shutdownFollowerState(108)) - 9d17b7b9-a403-467f-9c18-cea608608412: shutdown 9d17b7b9-a403-467f-9c18-cea608608412@group-6F7EC01B3871-FollowerState
2021-08-10 07:21:18,422 [grpc-default-executor-4] INFO  impl.RoleInfo (RoleInfo.java:updateAndGet(130)) - 9d17b7b9-a403-467f-9c18-cea608608412: start 9d17b7b9-a403-467f-9c18-cea608608412@group-6F7EC01B3871-FollowerState
2021-08-10 07:21:18,422 [9d17b7b9-a403-467f-9c18-cea608608412@group-6F7EC01B3871-FollowerState] INFO  impl.FollowerState (FollowerState.java:run(143)) - 9d17b7b9-a403-467f-9c18-cea608608412@group-6F7EC01B3871-FollowerState was interrupted: {}
java.lang.InterruptedException: sleep interrupted
	at java.lang.Thread.sleep(Native Method)
	at java.lang.Thread.sleep(Thread.java:340)
	at java.util.concurrent.TimeUnit.sleep(TimeUnit.java:386)
	at org.apache.ratis.util.TimeDuration.sleep(TimeDuration.java:324)
	at org.apache.ratis.util.TimeDuration.sleep(TimeDuration.java:309)
	at org.apache.ratis.server.impl.FollowerState.run(FollowerState.java:118)
2021-08-10 07:21:18,427 [grpc-default-executor-1] INFO  server.RaftServer$Division (RaftServerImpl.java:requestVote(1043)) - 76897d42-f98f-4c19-b58f-ca2cbe3c8872@group-6F7EC01B3871: receive requestVote(ELECTION, 12a15bd5-4321-4c17-a25c-f1df7459fe15, group-6F7EC01B3871, 2, (t:0, i:0))
2021-08-10 07:21:18,427 [grpc-default-executor-1] INFO  impl.VoteContext (VoteContext.java:log(48)) - 76897d42-f98f-4c19-b58f-ca2cbe3c8872@group-6F7EC01B3871-FOLLOWER: accept ELECTION from 12a15bd5-4321-4c17-a25c-f1df7459fe15: our priority 0 <= candidate's priority 1
2021-08-10 07:21:18,427 [grpc-default-executor-1] INFO  server.RaftServer$Division (RaftServerImpl.java:setRole(285)) - 76897d42-f98f-4c19-b58f-ca2cbe3c8872@group-6F7EC01B3871: changes role from  FOLLOWER to FOLLOWER at term 2 for candidate:12a15bd5-4321-4c17-a25c-f1df7459fe15
2021-08-10 07:21:18,428 [grpc-default-executor-1] INFO  impl.RoleInfo (RoleInfo.java:shutdownFollowerState(108)) - 76897d42-f98f-4c19-b58f-ca2cbe3c8872: shutdown 76897d42-f98f-4c19-b58f-ca2cbe3c8872@group-6F7EC01B3871-FollowerState
2021-08-10 07:21:18,428 [grpc-default-executor-1] INFO  impl.RoleInfo (RoleInfo.java:updateAndGet(130)) - 76897d42-f98f-4c19-b58f-ca2cbe3c8872: start 76897d42-f98f-4c19-b58f-ca2cbe3c8872@group-6F7EC01B3871-FollowerState
2021-08-10 07:21:18,428 [76897d42-f98f-4c19-b58f-ca2cbe3c8872@group-6F7EC01B3871-FollowerState] INFO  impl.FollowerState (FollowerState.java:run(143)) - 76897d42-f98f-4c19-b58f-ca2cbe3c8872@group-6F7EC01B3871-FollowerState was interrupted: {}
java.lang.InterruptedException: sleep interrupted
	at java.lang.Thread.sleep(Native Method)
	at java.lang.Thread.sleep(Thread.java:340)
	at java.util.concurrent.TimeUnit.sleep(TimeUnit.java:386)
	at org.apache.ratis.util.TimeDuration.sleep(TimeDuration.java:324)
	at org.apache.ratis.util.TimeDuration.sleep(TimeDuration.java:309)
	at org.apache.ratis.server.impl.FollowerState.run(FollowerState.java:118)
2021-08-10 07:21:18,432 [grpc-default-executor-1] INFO  server.RaftServer$Division (RaftServerImpl.java:requestVote(1075)) - 76897d42-f98f-4c19-b58f-ca2cbe3c8872@group-6F7EC01B3871 replies to ELECTION vote request: 12a15bd5-4321-4c17-a25c-f1df7459fe15<-76897d42-f98f-4c19-b58f-ca2cbe3c8872#0:OK-t2. Peer's state: 76897d42-f98f-4c19-b58f-ca2cbe3c8872@group-6F7EC01B3871:t2, leader=null, voted=12a15bd5-4321-4c17-a25c-f1df7459fe15, raftlog=76897d42-f98f-4c19-b58f-ca2cbe3c8872@group-6F7EC01B3871-SegmentedRaftLog:OPENED:c-1,f-1,i0, conf=-1: [12a15bd5-4321-4c17-a25c-f1df7459fe15|rpc:127.0.0.1:38099|priority:1, 76897d42-f98f-4c19-b58f-ca2cbe3c8872|rpc:127.0.0.1:44151|priority:0, 9d17b7b9-a403-467f-9c18-cea608608412|rpc:127.0.0.1:38501|priority:0], old=null
2021-08-10 07:21:18,433 [grpc-default-executor-4] INFO  server.RaftServer$Division (RaftServerImpl.java:requestVote(1075)) - 9d17b7b9-a403-467f-9c18-cea608608412@group-6F7EC01B3871 replies to ELECTION vote request: 12a15bd5-4321-4c17-a25c-f1df7459fe15<-9d17b7b9-a403-467f-9c18-cea608608412#0:OK-t2. Peer's state: 9d17b7b9-a403-467f-9c18-cea608608412@group-6F7EC01B3871:t2, leader=null, voted=12a15bd5-4321-4c17-a25c-f1df7459fe15, raftlog=9d17b7b9-a403-467f-9c18-cea608608412@group-6F7EC01B3871-SegmentedRaftLog:OPENED:c-1,f-1,i0, conf=-1: [12a15bd5-4321-4c17-a25c-f1df7459fe15|rpc:127.0.0.1:38099|dataStream:|priority:1, 76897d42-f98f-4c19-b58f-ca2cbe3c8872|rpc:127.0.0.1:44151|dataStream:|priority:0, 9d17b7b9-a403-467f-9c18-cea608608412|rpc:127.0.0.1:38501|dataStream:|priority:0], old=null
2021-08-10 07:21:18,434 [12a15bd5-4321-4c17-a25c-f1df7459fe15@group-6F7EC01B3871-LeaderElection12] INFO  impl.LeaderElection (LeaderElection.java:logAndReturn(89)) - 12a15bd5-4321-4c17-a25c-f1df7459fe15@group-6F7EC01B3871-LeaderElection12: ELECTION PASSED received 1 response(s) and 0 exception(s):
2021-08-10 07:21:18,435 [12a15bd5-4321-4c17-a25c-f1df7459fe15@group-6F7EC01B3871-LeaderElection12] INFO  impl.LeaderElection (LeaderElection.java:logAndReturn(93)) -   Response 0: 12a15bd5-4321-4c17-a25c-f1df7459fe15<-76897d42-f98f-4c19-b58f-ca2cbe3c8872#0:OK-t2
2021-08-10 07:21:18,435 [12a15bd5-4321-4c17-a25c-f1df7459fe15@group-6F7EC01B3871-LeaderElection12] INFO  impl.LeaderElection (LeaderElection.java:askForVotes(308)) - 12a15bd5-4321-4c17-a25c-f1df7459fe15@group-6F7EC01B3871-LeaderElection12 ELECTION round 0: result PASSED
2021-08-10 07:21:18,435 [12a15bd5-4321-4c17-a25c-f1df7459fe15@group-6F7EC01B3871-LeaderElection12] INFO  impl.RoleInfo (RoleInfo.java:shutdownLeaderElection(121)) - 12a15bd5-4321-4c17-a25c-f1df7459fe15: shutdown 12a15bd5-4321-4c17-a25c-f1df7459fe15@group-6F7EC01B3871-LeaderElection12
2021-08-10 07:21:18,435 [12a15bd5-4321-4c17-a25c-f1df7459fe15@group-6F7EC01B3871-LeaderElection12] INFO  server.RaftServer$Division (RaftServerImpl.java:setRole(285)) - 12a15bd5-4321-4c17-a25c-f1df7459fe15@group-6F7EC01B3871: changes role from CANDIDATE to LEADER at term 2 for changeToLeader
2021-08-10 07:21:18,435 [12a15bd5-4321-4c17-a25c-f1df7459fe15@group-6F7EC01B3871-LeaderElection12] INFO  ratis.XceiverServerRatis (XceiverServerRatis.java:handleLeaderChangedNotification(857)) - Leader change notification received for group: group-6F7EC01B3871 with new leaderId: 12a15bd5-4321-4c17-a25c-f1df7459fe15
2021-08-10 07:21:18,435 [12a15bd5-4321-4c17-a25c-f1df7459fe15@group-6F7EC01B3871-LeaderElection12] INFO  server.RaftServer$Division (ServerState.java:setLeader(285)) - 12a15bd5-4321-4c17-a25c-f1df7459fe15@group-6F7EC01B3871: change Leader from null to 12a15bd5-4321-4c17-a25c-f1df7459fe15 at term 2 for becomeLeader, leader elected after 10122ms
2021-08-10 07:21:18,435 [12a15bd5-4321-4c17-a25c-f1df7459fe15@group-6F7EC01B3871-LeaderElection12] INFO  server.RaftServerConfigKeys (ConfUtils.java:logGet(44)) - raft.server.staging.catchup.gap = 1000 (default)
2021-08-10 07:21:18,435 [12a15bd5-4321-4c17-a25c-f1df7459fe15@group-6F7EC01B3871-LeaderElection12] INFO  server.RaftServerConfigKeys (ConfUtils.java:logGet(44)) - raft.server.write.element-limit = 1024 (custom)
2021-08-10 07:21:18,436 [12a15bd5-4321-4c17-a25c-f1df7459fe15@group-6F7EC01B3871-LeaderElection12] INFO  server.RaftServerConfigKeys (ConfUtils.java:logGet(44)) - raft.server.write.byte-limit = 1073741824 (custom)
2021-08-10 07:21:18,436 [12a15bd5-4321-4c17-a25c-f1df7459fe15@group-6F7EC01B3871-LeaderElection12] INFO  server.RaftServerConfigKeys (ConfUtils.java:logGet(44)) - raft.server.watch.timeout = 180s (custom)
2021-08-10 07:21:18,436 [12a15bd5-4321-4c17-a25c-f1df7459fe15@group-6F7EC01B3871-LeaderElection12] INFO  server.RaftServerConfigKeys (ConfUtils.java:logGet(44)) - raft.server.watch.timeout.denomination = 1s (default)
2021-08-10 07:21:18,436 [12a15bd5-4321-4c17-a25c-f1df7459fe15@group-6F7EC01B3871-LeaderElection12] INFO  server.RaftServerConfigKeys (ConfUtils.java:logGet(44)) - raft.server.watch.element-limit = 65536 (default)
2021-08-10 07:21:18,436 [12a15bd5-4321-4c17-a25c-f1df7459fe15@group-6F7EC01B3871-LeaderElection12] INFO  server.RaftServerConfigKeys (ConfUtils.java:logGet(44)) - raft.server.log.appender.snapshot.chunk.size.max = 16MB (=16777216) (default)
2021-08-10 07:21:18,436 [12a15bd5-4321-4c17-a25c-f1df7459fe15@group-6F7EC01B3871-LeaderElection12] INFO  server.RaftServerConfigKeys (ConfUtils.java:logGet(44)) - raft.server.log.appender.buffer.byte-limit = 33554432 (custom)
2021-08-10 07:21:18,436 [12a15bd5-4321-4c17-a25c-f1df7459fe15@group-6F7EC01B3871-LeaderElection12] INFO  server.RaftServerConfigKeys (ConfUtils.java:logGet(44)) - raft.server.log.appender.buffer.element-limit = 1 (custom)
2021-08-10 07:21:18,436 [12a15bd5-4321-4c17-a25c-f1df7459fe15@group-6F7EC01B3871-LeaderElection12] INFO  grpc.GrpcConfigKeys (ConfUtils.java:logGet(44)) - raft.grpc.server.leader.outstanding.appends.max = 128 (default)
2021-08-10 07:21:18,436 [12a15bd5-4321-4c17-a25c-f1df7459fe15@group-6F7EC01B3871-LeaderElection12] INFO  server.RaftServerConfigKeys (ConfUtils.java:logGet(44)) - raft.server.rpc.request.timeout = 60s (custom)
2021-08-10 07:21:18,436 [12a15bd5-4321-4c17-a25c-f1df7459fe15@group-6F7EC01B3871-LeaderElection12] INFO  server.RaftServerConfigKeys (ConfUtils.java:logGet(44)) - raft.server.log.appender.install.snapshot.enabled = false (custom)
2021-08-10 07:21:18,437 [12a15bd5-4321-4c17-a25c-f1df7459fe15@group-6F7EC01B3871-LeaderElection12] INFO  server.RaftServerConfigKeys (ConfUtils.java:logGet(44)) - raft.server.log.appender.snapshot.chunk.size.max = 16MB (=16777216) (default)
2021-08-10 07:21:18,437 [12a15bd5-4321-4c17-a25c-f1df7459fe15@group-6F7EC01B3871-LeaderElection12] INFO  server.RaftServerConfigKeys (ConfUtils.java:logGet(44)) - raft.server.log.appender.buffer.byte-limit = 33554432 (custom)
2021-08-10 07:21:18,437 [12a15bd5-4321-4c17-a25c-f1df7459fe15@group-6F7EC01B3871-LeaderElection12] INFO  server.RaftServerConfigKeys (ConfUtils.java:logGet(44)) - raft.server.log.appender.buffer.element-limit = 1 (custom)
2021-08-10 07:21:18,437 [12a15bd5-4321-4c17-a25c-f1df7459fe15@group-6F7EC01B3871-LeaderElection12] INFO  grpc.GrpcConfigKeys (ConfUtils.java:logGet(44)) - raft.grpc.server.leader.outstanding.appends.max = 128 (default)
2021-08-10 07:21:18,437 [12a15bd5-4321-4c17-a25c-f1df7459fe15@group-6F7EC01B3871-LeaderElection12] INFO  server.RaftServerConfigKeys (ConfUtils.java:logGet(44)) - raft.server.rpc.request.timeout = 60s (custom)
2021-08-10 07:21:18,438 [12a15bd5-4321-4c17-a25c-f1df7459fe15@group-6F7EC01B3871-LeaderElection12] INFO  server.RaftServerConfigKeys (ConfUtils.java:logGet(44)) - raft.server.log.appender.install.snapshot.enabled = false (custom)
2021-08-10 07:21:18,438 [12a15bd5-4321-4c17-a25c-f1df7459fe15@group-6F7EC01B3871-LeaderElection12] INFO  impl.RoleInfo (RoleInfo.java:updateAndGet(130)) - 12a15bd5-4321-4c17-a25c-f1df7459fe15: start 12a15bd5-4321-4c17-a25c-f1df7459fe15@group-6F7EC01B3871-LeaderStateImpl
2021-08-10 07:21:18,438 [12a15bd5-4321-4c17-a25c-f1df7459fe15@group-6F7EC01B3871-LeaderElection12] INFO  segmented.SegmentedRaftLogWorker (SegmentedRaftLogWorker.java:startLogSegment(394)) - 12a15bd5-4321-4c17-a25c-f1df7459fe15@group-6F7EC01B3871-SegmentedRaftLogWorker: Starting segment from index:0
2021-08-10 07:21:18,440 [12a15bd5-4321-4c17-a25c-f1df7459fe15@group-6F7EC01B3871-SegmentedRaftLogWorker] INFO  segmented.SegmentedRaftLogWorker (SegmentedRaftLogWorker.java:execute(601)) - 12a15bd5-4321-4c17-a25c-f1df7459fe15@group-6F7EC01B3871-SegmentedRaftLogWorker: created new log segment /home/runner/work/ozone/ozone/hadoop-ozone/integration-test/target/test-dir/MiniOzoneClusterImpl-c2709307-340b-4da9-b87e-bf8cdd64b120/datanode-2/data/ratis/191ef804-04b9-4f33-8ef0-6f7ec01b3871/current/log_inprogress_0
2021-08-10 07:21:18,452 [12a15bd5-4321-4c17-a25c-f1df7459fe15@group-6F7EC01B3871-LeaderElection12] INFO  server.RaftServer$Division (ServerState.java:setRaftConf(387)) - 12a15bd5-4321-4c17-a25c-f1df7459fe15@group-6F7EC01B3871: set configuration 0: [12a15bd5-4321-4c17-a25c-f1df7459fe15|rpc:127.0.0.1:38099|dataStream:|priority:1, 76897d42-f98f-4c19-b58f-ca2cbe3c8872|rpc:127.0.0.1:44151|dataStream:|priority:0, 9d17b7b9-a403-467f-9c18-cea608608412|rpc:127.0.0.1:38501|dataStream:|priority:0], old=null
2021-08-10 07:21:18,455 [grpc-default-executor-1] INFO  ratis.XceiverServerRatis (XceiverServerRatis.java:handleLeaderChangedNotification(857)) - Leader change notification received for group: group-6F7EC01B3871 with new leaderId: 12a15bd5-4321-4c17-a25c-f1df7459fe15
2021-08-10 07:21:18,455 [grpc-default-executor-1] INFO  server.RaftServer$Division (ServerState.java:setLeader(285)) - 76897d42-f98f-4c19-b58f-ca2cbe3c8872@group-6F7EC01B3871: change Leader from null to 12a15bd5-4321-4c17-a25c-f1df7459fe15 at term 2 for appendEntries, leader elected after 10177ms
2021-08-10 07:21:18,457 [grpc-default-executor-1] INFO  server.RaftServer$Division (ServerState.java:setRaftConf(387)) - 76897d42-f98f-4c19-b58f-ca2cbe3c8872@group-6F7EC01B3871: set configuration 0: [12a15bd5-4321-4c17-a25c-f1df7459fe15|rpc:127.0.0.1:38099|dataStream:|priority:1, 76897d42-f98f-4c19-b58f-ca2cbe3c8872|rpc:127.0.0.1:44151|dataStream:|priority:0, 9d17b7b9-a403-467f-9c18-cea608608412|rpc:127.0.0.1:38501|dataStream:|priority:0], old=null
2021-08-10 07:21:18,458 [grpc-default-executor-1] INFO  segmented.SegmentedRaftLogWorker (SegmentedRaftLogWorker.java:startLogSegment(394)) - 76897d42-f98f-4c19-b58f-ca2cbe3c8872@group-6F7EC01B3871-SegmentedRaftLogWorker: Starting segment from index:0
2021-08-10 07:21:18,459 [76897d42-f98f-4c19-b58f-ca2cbe3c8872@group-6F7EC01B3871-SegmentedRaftLogWorker] INFO  segmented.SegmentedRaftLogWorker (SegmentedRaftLogWorker.java:execute(601)) - 76897d42-f98f-4c19-b58f-ca2cbe3c8872@group-6F7EC01B3871-SegmentedRaftLogWorker: created new log segment /home/runner/work/ozone/ozone/hadoop-ozone/integration-test/target/test-dir/MiniOzoneClusterImpl-c2709307-340b-4da9-b87e-bf8cdd64b120/datanode-0/data/ratis/191ef804-04b9-4f33-8ef0-6f7ec01b3871/current/log_inprogress_0
2021-08-10 07:21:18,461 [grpc-default-executor-4] INFO  ratis.XceiverServerRatis (XceiverServerRatis.java:handleLeaderChangedNotification(857)) - Leader change notification received for group: group-6F7EC01B3871 with new leaderId: 12a15bd5-4321-4c17-a25c-f1df7459fe15
2021-08-10 07:21:18,461 [grpc-default-executor-4] INFO  server.RaftServer$Division (ServerState.java:setLeader(285)) - 9d17b7b9-a403-467f-9c18-cea608608412@group-6F7EC01B3871: change Leader from null to 12a15bd5-4321-4c17-a25c-f1df7459fe15 at term 2 for appendEntries, leader elected after 10110ms
2021-08-10 07:21:18,465 [grpc-default-executor-4] INFO  server.RaftServer$Division (ServerState.java:setRaftConf(387)) - 9d17b7b9-a403-467f-9c18-cea608608412@group-6F7EC01B3871: set configuration 0: [12a15bd5-4321-4c17-a25c-f1df7459fe15|rpc:127.0.0.1:38099|dataStream:|priority:1, 76897d42-f98f-4c19-b58f-ca2cbe3c8872|rpc:127.0.0.1:44151|dataStream:|priority:0, 9d17b7b9-a403-467f-9c18-cea608608412|rpc:127.0.0.1:38501|dataStream:|priority:0], old=null
2021-08-10 07:21:18,465 [grpc-default-executor-4] INFO  segmented.SegmentedRaftLogWorker (SegmentedRaftLogWorker.java:startLogSegment(394)) - 9d17b7b9-a403-467f-9c18-cea608608412@group-6F7EC01B3871-SegmentedRaftLogWorker: Starting segment from index:0
2021-08-10 07:21:18,467 [9d17b7b9-a403-467f-9c18-cea608608412@group-6F7EC01B3871-SegmentedRaftLogWorker] INFO  segmented.SegmentedRaftLogWorker (SegmentedRaftLogWorker.java:execute(601)) - 9d17b7b9-a403-467f-9c18-cea608608412@group-6F7EC01B3871-SegmentedRaftLogWorker: created new log segment /home/runner/work/ozone/ozone/hadoop-ozone/integration-test/target/test-dir/MiniOzoneClusterImpl-c2709307-340b-4da9-b87e-bf8cdd64b120/datanode-1/data/ratis/191ef804-04b9-4f33-8ef0-6f7ec01b3871/current/log_inprogress_0
2021-08-10 07:21:18,570 [EndpointStateMachine task thread for /127.0.0.1:12677 - 0 ] INFO  ipc.Client (Client.java:handleConnectionFailure(977)) - Retrying connect to server: localhost/127.0.0.1:12677. Already tried 2 time(s); retry policy is RetryUpToMaximumCountWithFixedSleep(maxRetries=15, sleepTime=1000 MILLISECONDS)
2021-08-10 07:21:19,571 [EndpointStateMachine task thread for /127.0.0.1:12677 - 0 ] INFO  ipc.Client (Client.java:handleConnectionFailure(977)) - Retrying connect to server: localhost/127.0.0.1:12677. Already tried 3 time(s); retry policy is RetryUpToMaximumCountWithFixedSleep(maxRetries=15, sleepTime=1000 MILLISECONDS)
2021-08-10 07:21:20,571 [EndpointStateMachine task thread for /127.0.0.1:12677 - 0 ] INFO  ipc.Client (Client.java:handleConnectionFailure(977)) - Retrying connect to server: localhost/127.0.0.1:12677. Already tried 4 time(s); retry policy is RetryUpToMaximumCountWithFixedSleep(maxRetries=15, sleepTime=1000 MILLISECONDS)
2021-08-10 07:21:21,572 [EndpointStateMachine task thread for /127.0.0.1:12677 - 0 ] INFO  ipc.Client (Client.java:handleConnectionFailure(977)) - Retrying connect to server: localhost/127.0.0.1:12677. Already tried 5 time(s); retry policy is RetryUpToMaximumCountWithFixedSleep(maxRetries=15, sleepTime=1000 MILLISECONDS)
2021-08-10 07:21:21,898 [Listener at 127.0.0.1/10892] INFO  ozoneimpl.OzoneContainer (OzoneContainer.java:stop(326)) - Attempting to stop container services.
2021-08-10 07:21:21,899 [ForkJoinPool.commonPool-worker-1] INFO  ozoneimpl.OzoneContainer (OzoneContainer.java:stop(326)) - Attempting to stop container services.
2021-08-10 07:21:21,900 [Listener at 127.0.0.1/10892] INFO  server.RaftServer (RaftServerProxy.java:lambda$close$6(391)) - 9d17b7b9-a403-467f-9c18-cea608608412: close
2021-08-10 07:21:21,900 [Listener at 127.0.0.1/10892] INFO  server.RaftServer$Division (RaftServerImpl.java:lambda$close$4(407)) - 9d17b7b9-a403-467f-9c18-cea608608412@group-C513D31A15A9: shutdown
2021-08-10 07:21:21,900 [Listener at 127.0.0.1/10892] INFO  util.JmxRegister (JmxRegister.java:unregister(73)) - Successfully un-registered JMX Bean with object name Ratis:service=RaftServer,group=group-C513D31A15A9,id=9d17b7b9-a403-467f-9c18-cea608608412
2021-08-10 07:21:21,900 [ForkJoinPool.commonPool-worker-1] INFO  server.RaftServer (RaftServerProxy.java:lambda$close$6(391)) - 76897d42-f98f-4c19-b58f-ca2cbe3c8872: close
2021-08-10 07:21:21,900 [Listener at 127.0.0.1/10892] INFO  impl.RoleInfo (RoleInfo.java:shutdownFollowerState(108)) - 9d17b7b9-a403-467f-9c18-cea608608412: shutdown 9d17b7b9-a403-467f-9c18-cea608608412@group-C513D31A15A9-FollowerState
2021-08-10 07:21:21,901 [ForkJoinPool.commonPool-worker-1] INFO  server.RaftServer$Division (RaftServerImpl.java:lambda$close$4(407)) - 76897d42-f98f-4c19-b58f-ca2cbe3c8872@group-C513D31A15A9: shutdown
2021-08-10 07:21:21,901 [ForkJoinPool.commonPool-worker-1] INFO  util.JmxRegister (JmxRegister.java:unregister(73)) - Successfully un-registered JMX Bean with object name Ratis:service=RaftServer,group=group-C513D31A15A9,id=76897d42-f98f-4c19-b58f-ca2cbe3c8872
2021-08-10 07:21:21,901 [ForkJoinPool.commonPool-worker-1] INFO  impl.RoleInfo (RoleInfo.java:shutdownLeaderState(91)) - 76897d42-f98f-4c19-b58f-ca2cbe3c8872: shutdown 76897d42-f98f-4c19-b58f-ca2cbe3c8872@group-C513D31A15A9-LeaderStateImpl
2021-08-10 07:21:21,901 [9d17b7b9-a403-467f-9c18-cea608608412@group-C513D31A15A9-StateMachineUpdater] INFO  ratis.ContainerStateMachine (ContainerStateMachine.java:takeSnapshot(291)) - group-C513D31A15A9: Taking a snapshot at:(t:1, i:0) file /home/runner/work/ozone/ozone/hadoop-ozone/integration-test/target/test-dir/MiniOzoneClusterImpl-c2709307-340b-4da9-b87e-bf8cdd64b120/datanode-1/data/ratis/f35ad40b-2989-4c72-b188-c513d31a15a9/sm/snapshot.1_0
2021-08-10 07:21:21,901 [9d17b7b9-a403-467f-9c18-cea608608412@group-C513D31A15A9-FollowerState] INFO  impl.FollowerState (FollowerState.java:run(143)) - 9d17b7b9-a403-467f-9c18-cea608608412@group-C513D31A15A9-FollowerState was interrupted: {}
java.lang.InterruptedException: sleep interrupted
	at java.lang.Thread.sleep(Native Method)
	at java.lang.Thread.sleep(Thread.java:340)
	at java.util.concurrent.TimeUnit.sleep(TimeUnit.java:386)
	at org.apache.ratis.util.TimeDuration.sleep(TimeDuration.java:324)
	at org.apache.ratis.util.TimeDuration.sleep(TimeDuration.java:309)
	at org.apache.ratis.server.impl.FollowerState.run(FollowerState.java:118)
2021-08-10 07:21:21,903 [Listener at 127.0.0.1/10892] INFO  impl.StateMachineUpdater (StateMachineUpdater.java:stopAndJoin(149)) - 9d17b7b9-a403-467f-9c18-cea608608412@group-C513D31A15A9-StateMachineUpdater: set stopIndex = 0
2021-08-10 07:21:21,901 [ForkJoinPool.commonPool-worker-1] INFO  impl.PendingRequests (PendingRequests.java:sendNotLeaderResponses(249)) - 76897d42-f98f-4c19-b58f-ca2cbe3c8872@group-C513D31A15A9-PendingRequests: sendNotLeaderResponses
2021-08-10 07:21:21,904 [ForkJoinPool.commonPool-worker-1] INFO  impl.StateMachineUpdater (StateMachineUpdater.java:stopAndJoin(149)) - 76897d42-f98f-4c19-b58f-ca2cbe3c8872@group-C513D31A15A9-StateMachineUpdater: set stopIndex = 0
2021-08-10 07:21:21,904 [76897d42-f98f-4c19-b58f-ca2cbe3c8872@group-C513D31A15A9-StateMachineUpdater] INFO  ratis.ContainerStateMachine (ContainerStateMachine.java:takeSnapshot(291)) - group-C513D31A15A9: Taking a snapshot at:(t:1, i:0) file /home/runner/work/ozone/ozone/hadoop-ozone/integration-test/target/test-dir/MiniOzoneClusterImpl-c2709307-340b-4da9-b87e-bf8cdd64b120/datanode-0/data/ratis/f35ad40b-2989-4c72-b188-c513d31a15a9/sm/snapshot.1_0
2021-08-10 07:21:21,902 [76897d42-f98f-4c19-b58f-ca2cbe3c8872@group-C513D31A15A9->12a15bd5-4321-4c17-a25c-f1df7459fe15-GrpcLogAppender-LogAppenderDaemon] WARN  server.GrpcLogAppender (GrpcLogAppender.java:mayWait(175)) - 76897d42-f98f-4c19-b58f-ca2cbe3c8872@group-C513D31A15A9->12a15bd5-4321-4c17-a25c-f1df7459fe15-GrpcLogAppender: Wait interrupted by java.lang.InterruptedException
2021-08-10 07:21:21,905 [grpc-default-executor-1] INFO  server.GrpcServerProtocolService (GrpcServerProtocolService.java:onCompleted(140)) - 12a15bd5-4321-4c17-a25c-f1df7459fe15: Completed APPEND_ENTRIES, lastRequest: 76897d42-f98f-4c19-b58f-ca2cbe3c8872->12a15bd5-4321-4c17-a25c-f1df7459fe15#1-t1,previous=(t:0, i:0),leaderCommit=-1,initializing? true,entries: size=1, first=(t:1, i:0), CONFIGURATIONENTRY
2021-08-10 07:21:21,902 [76897d42-f98f-4c19-b58f-ca2cbe3c8872@group-C513D31A15A9->9d17b7b9-a403-467f-9c18-cea608608412-GrpcLogAppender-LogAppenderDaemon] WARN  server.GrpcLogAppender (GrpcLogAppender.java:mayWait(175)) - 76897d42-f98f-4c19-b58f-ca2cbe3c8872@group-C513D31A15A9->9d17b7b9-a403-467f-9c18-cea608608412-GrpcLogAppender: Wait interrupted by java.lang.InterruptedException
2021-08-10 07:21:21,907 [grpc-default-executor-4] INFO  server.GrpcLogAppender (GrpcLogAppender.java:onCompleted(344)) - 76897d42-f98f-4c19-b58f-ca2cbe3c8872@group-C513D31A15A9->12a15bd5-4321-4c17-a25c-f1df7459fe15-AppendLogResponseHandler: follower responses appendEntries COMPLETED
2021-08-10 07:21:21,907 [grpc-default-executor-4] INFO  leader.FollowerInfo (FollowerInfoImpl.java:lambda$new$0(46)) - 76897d42-f98f-4c19-b58f-ca2cbe3c8872@group-C513D31A15A9->12a15bd5-4321-4c17-a25c-f1df7459fe15: nextIndex: updateUnconditionally 1 -> 0
2021-08-10 07:21:21,908 [grpc-default-executor-4] INFO  server.GrpcServerProtocolService (GrpcServerProtocolService.java:onCompleted(140)) - 9d17b7b9-a403-467f-9c18-cea608608412: Completed APPEND_ENTRIES, lastRequest: 76897d42-f98f-4c19-b58f-ca2cbe3c8872->9d17b7b9-a403-467f-9c18-cea608608412#1-t1,previous=(t:0, i:0),leaderCommit=-1,initializing? true,entries: size=1, first=(t:1, i:0), CONFIGURATIONENTRY
2021-08-10 07:21:21,909 [grpc-default-executor-4] INFO  server.GrpcLogAppender (GrpcLogAppender.java:onCompleted(344)) - 76897d42-f98f-4c19-b58f-ca2cbe3c8872@group-C513D31A15A9->9d17b7b9-a403-467f-9c18-cea608608412-AppendLogResponseHandler: follower responses appendEntries COMPLETED
2021-08-10 07:21:21,910 [grpc-default-executor-4] INFO  leader.FollowerInfo (FollowerInfoImpl.java:lambda$new$0(46)) - 76897d42-f98f-4c19-b58f-ca2cbe3c8872@group-C513D31A15A9->9d17b7b9-a403-467f-9c18-cea608608412: nextIndex: updateUnconditionally 1 -> 0
2021-08-10 07:21:21,934 [9d17b7b9-a403-467f-9c18-cea608608412@group-C513D31A15A9-StateMachineUpdater] INFO  ratis.ContainerStateMachine (ContainerStateMachine.java:takeSnapshot(302)) - group-C513D31A15A9: Finished taking a snapshot at:(t:1, i:0) file:/home/runner/work/ozone/ozone/hadoop-ozone/integration-test/target/test-dir/MiniOzoneClusterImpl-c2709307-340b-4da9-b87e-bf8cdd64b120/datanode-1/data/ratis/f35ad40b-2989-4c72-b188-c513d31a15a9/sm/snapshot.1_0 took: 32 ms
2021-08-10 07:21:21,935 [9d17b7b9-a403-467f-9c18-cea608608412@group-C513D31A15A9-StateMachineUpdater] INFO  impl.StateMachineUpdater (StateMachineUpdater.java:takeSnapshot(281)) - 9d17b7b9-a403-467f-9c18-cea608608412@group-C513D31A15A9-StateMachineUpdater: Took a snapshot at index 0
2021-08-10 07:21:21,936 [9d17b7b9-a403-467f-9c18-cea608608412@group-C513D31A15A9-StateMachineUpdater] INFO  impl.StateMachineUpdater (StateMachineUpdater.java:lambda$new$0(89)) - 9d17b7b9-a403-467f-9c18-cea608608412@group-C513D31A15A9-StateMachineUpdater: snapshotIndex: updateIncreasingly -1 -> 0
2021-08-10 07:21:21,936 [Listener at 127.0.0.1/10892] INFO  server.RaftServer$Division (ServerState.java:close(419)) - 9d17b7b9-a403-467f-9c18-cea608608412@group-C513D31A15A9: closes. applyIndex: 0
2021-08-10 07:21:21,936 [76897d42-f98f-4c19-b58f-ca2cbe3c8872@group-C513D31A15A9-StateMachineUpdater] INFO  ratis.ContainerStateMachine (ContainerStateMachine.java:takeSnapshot(302)) - group-C513D31A15A9: Finished taking a snapshot at:(t:1, i:0) file:/home/runner/work/ozone/ozone/hadoop-ozone/integration-test/target/test-dir/MiniOzoneClusterImpl-c2709307-340b-4da9-b87e-bf8cdd64b120/datanode-0/data/ratis/f35ad40b-2989-4c72-b188-c513d31a15a9/sm/snapshot.1_0 took: 32 ms
2021-08-10 07:21:21,936 [9d17b7b9-a403-467f-9c18-cea608608412@group-C513D31A15A9-SegmentedRaftLogWorker] INFO  segmented.SegmentedRaftLogWorker (SegmentedRaftLogWorker.java:run(327)) - 9d17b7b9-a403-467f-9c18-cea608608412@group-C513D31A15A9-SegmentedRaftLogWorker was interrupted, exiting. There are 0 tasks remaining in the queue.
2021-08-10 07:21:21,937 [Listener at 127.0.0.1/10892] INFO  segmented.SegmentedRaftLogWorker (SegmentedRaftLogWorker.java:close(237)) - 9d17b7b9-a403-467f-9c18-cea608608412@group-C513D31A15A9-SegmentedRaftLogWorker close()
2021-08-10 07:21:21,937 [76897d42-f98f-4c19-b58f-ca2cbe3c8872@group-C513D31A15A9-StateMachineUpdater] INFO  impl.StateMachineUpdater (StateMachineUpdater.java:takeSnapshot(281)) - 76897d42-f98f-4c19-b58f-ca2cbe3c8872@group-C513D31A15A9-StateMachineUpdater: Took a snapshot at index 0
2021-08-10 07:21:21,938 [Listener at 127.0.0.1/10892] INFO  server.RaftServer$Division (RaftServerImpl.java:lambda$close$4(407)) - 9d17b7b9-a403-467f-9c18-cea608608412@group-6F7EC01B3871: shutdown
2021-08-10 07:21:21,938 [Listener at 127.0.0.1/10892] INFO  util.JmxRegister (JmxRegister.java:unregister(73)) - Successfully un-registered JMX Bean with object name Ratis:service=RaftServer,group=group-6F7EC01B3871,id=9d17b7b9-a403-467f-9c18-cea608608412
2021-08-10 07:21:21,938 [Listener at 127.0.0.1/10892] INFO  impl.RoleInfo (RoleInfo.java:shutdownFollowerState(108)) - 9d17b7b9-a403-467f-9c18-cea608608412: shutdown 9d17b7b9-a403-467f-9c18-cea608608412@group-6F7EC01B3871-FollowerState
2021-08-10 07:21:21,938 [Listener at 127.0.0.1/10892] INFO  impl.StateMachineUpdater (StateMachineUpdater.java:stopAndJoin(149)) - 9d17b7b9-a403-467f-9c18-cea608608412@group-6F7EC01B3871-StateMachineUpdater: set stopIndex = 0
2021-08-10 07:21:21,938 [9d17b7b9-a403-467f-9c18-cea608608412@group-6F7EC01B3871-FollowerState] INFO  impl.FollowerState (FollowerState.java:run(143)) - 9d17b7b9-a403-467f-9c18-cea608608412@group-6F7EC01B3871-FollowerState was interrupted: {}
java.lang.InterruptedException: sleep interrupted
	at java.lang.Thread.sleep(Native Method)
	at java.lang.Thread.sleep(Thread.java:340)
	at java.util.concurrent.TimeUnit.sleep(TimeUnit.java:386)
	at org.apache.ratis.util.TimeDuration.sleep(TimeDuration.java:324)
	at org.apache.ratis.util.TimeDuration.sleep(TimeDuration.java:309)
	at org.apache.ratis.server.impl.FollowerState.run(FollowerState.java:118)
2021-08-10 07:21:21,939 [9d17b7b9-a403-467f-9c18-cea608608412@group-6F7EC01B3871-StateMachineUpdater] INFO  ratis.ContainerStateMachine (ContainerStateMachine.java:takeSnapshot(291)) - group-6F7EC01B3871: Taking a snapshot at:(t:2, i:0) file /home/runner/work/ozone/ozone/hadoop-ozone/integration-test/target/test-dir/MiniOzoneClusterImpl-c2709307-340b-4da9-b87e-bf8cdd64b120/datanode-1/data/ratis/191ef804-04b9-4f33-8ef0-6f7ec01b3871/sm/snapshot.2_0
2021-08-10 07:21:21,939 [76897d42-f98f-4c19-b58f-ca2cbe3c8872@group-C513D31A15A9-StateMachineUpdater] INFO  impl.StateMachineUpdater (StateMachineUpdater.java:lambda$new$0(89)) - 76897d42-f98f-4c19-b58f-ca2cbe3c8872@group-C513D31A15A9-StateMachineUpdater: snapshotIndex: updateIncreasingly -1 -> 0
2021-08-10 07:21:21,939 [ForkJoinPool.commonPool-worker-1] INFO  server.RaftServer$Division (ServerState.java:close(419)) - 76897d42-f98f-4c19-b58f-ca2cbe3c8872@group-C513D31A15A9: closes. applyIndex: 0
2021-08-10 07:21:21,940 [76897d42-f98f-4c19-b58f-ca2cbe3c8872@group-C513D31A15A9-SegmentedRaftLogWorker] INFO  segmented.SegmentedRaftLogWorker (SegmentedRaftLogWorker.java:run(327)) - 76897d42-f98f-4c19-b58f-ca2cbe3c8872@group-C513D31A15A9-SegmentedRaftLogWorker was interrupted, exiting. There are 0 tasks remaining in the queue.
2021-08-10 07:21:21,940 [9d17b7b9-a403-467f-9c18-cea608608412@group-6F7EC01B3871-StateMachineUpdater] INFO  ratis.ContainerStateMachine (ContainerStateMachine.java:takeSnapshot(302)) - group-6F7EC01B3871: Finished taking a snapshot at:(t:2, i:0) file:/home/runner/work/ozone/ozone/hadoop-ozone/integration-test/target/test-dir/MiniOzoneClusterImpl-c2709307-340b-4da9-b87e-bf8cdd64b120/datanode-1/data/ratis/191ef804-04b9-4f33-8ef0-6f7ec01b3871/sm/snapshot.2_0 took: 1 ms
2021-08-10 07:21:21,940 [9d17b7b9-a403-467f-9c18-cea608608412@group-6F7EC01B3871-StateMachineUpdater] INFO  impl.StateMachineUpdater (StateMachineUpdater.java:takeSnapshot(281)) - 9d17b7b9-a403-467f-9c18-cea608608412@group-6F7EC01B3871-StateMachineUpdater: Took a snapshot at index 0
2021-08-10 07:21:21,940 [9d17b7b9-a403-467f-9c18-cea608608412@group-6F7EC01B3871-StateMachineUpdater] INFO  impl.StateMachineUpdater (StateMachineUpdater.java:lambda$new$0(89)) - 9d17b7b9-a403-467f-9c18-cea608608412@group-6F7EC01B3871-StateMachineUpdater: snapshotIndex: updateIncreasingly -1 -> 0
2021-08-10 07:21:21,941 [ForkJoinPool.commonPool-worker-1] INFO  segmented.SegmentedRaftLogWorker (SegmentedRaftLogWorker.java:close(237)) - 76897d42-f98f-4c19-b58f-ca2cbe3c8872@group-C513D31A15A9-SegmentedRaftLogWorker close()
2021-08-10 07:21:21,942 [Listener at 127.0.0.1/10892] INFO  server.RaftServer$Division (ServerState.java:close(419)) - 9d17b7b9-a403-467f-9c18-cea608608412@group-6F7EC01B3871: closes. applyIndex: 0
2021-08-10 07:21:21,942 [ForkJoinPool.commonPool-worker-1] INFO  server.RaftServer$Division (RaftServerImpl.java:lambda$close$4(407)) - 76897d42-f98f-4c19-b58f-ca2cbe3c8872@group-6F7EC01B3871: shutdown
2021-08-10 07:21:21,942 [9d17b7b9-a403-467f-9c18-cea608608412@group-6F7EC01B3871-SegmentedRaftLogWorker] INFO  segmented.SegmentedRaftLogWorker (SegmentedRaftLogWorker.java:run(327)) - 9d17b7b9-a403-467f-9c18-cea608608412@group-6F7EC01B3871-SegmentedRaftLogWorker was interrupted, exiting. There are 0 tasks remaining in the queue.
2021-08-10 07:21:21,942 [ForkJoinPool.commonPool-worker-1] INFO  util.JmxRegister (JmxRegister.java:unregister(73)) - Successfully un-registered JMX Bean with object name Ratis:service=RaftServer,group=group-6F7EC01B3871,id=76897d42-f98f-4c19-b58f-ca2cbe3c8872
2021-08-10 07:21:21,942 [ForkJoinPool.commonPool-worker-1] INFO  impl.RoleInfo (RoleInfo.java:shutdownFollowerState(108)) - 76897d42-f98f-4c19-b58f-ca2cbe3c8872: shutdown 76897d42-f98f-4c19-b58f-ca2cbe3c8872@group-6F7EC01B3871-FollowerState
2021-08-10 07:21:21,942 [Listener at 127.0.0.1/10892] INFO  segmented.SegmentedRaftLogWorker (SegmentedRaftLogWorker.java:close(237)) - 9d17b7b9-a403-467f-9c18-cea608608412@group-6F7EC01B3871-SegmentedRaftLogWorker close()
2021-08-10 07:21:21,942 [76897d42-f98f-4c19-b58f-ca2cbe3c8872@group-6F7EC01B3871-FollowerState] INFO  impl.FollowerState (FollowerState.java:run(143)) - 76897d42-f98f-4c19-b58f-ca2cbe3c8872@group-6F7EC01B3871-FollowerState was interrupted: {}
java.lang.InterruptedException: sleep interrupted
	at java.lang.Thread.sleep(Native Method)
	at java.lang.Thread.sleep(Thread.java:340)
	at java.util.concurrent.TimeUnit.sleep(TimeUnit.java:386)
	at org.apache.ratis.util.TimeDuration.sleep(TimeDuration.java:324)
	at org.apache.ratis.util.TimeDuration.sleep(TimeDuration.java:309)
	at org.apache.ratis.server.impl.FollowerState.run(FollowerState.java:118)
2021-08-10 07:21:21,943 [76897d42-f98f-4c19-b58f-ca2cbe3c8872@group-6F7EC01B3871-StateMachineUpdater] INFO  ratis.ContainerStateMachine (ContainerStateMachine.java:takeSnapshot(291)) - group-6F7EC01B3871: Taking a snapshot at:(t:2, i:0) file /home/runner/work/ozone/ozone/hadoop-ozone/integration-test/target/test-dir/MiniOzoneClusterImpl-c2709307-340b-4da9-b87e-bf8cdd64b120/datanode-0/data/ratis/191ef804-04b9-4f33-8ef0-6f7ec01b3871/sm/snapshot.2_0
2021-08-10 07:21:21,942 [ForkJoinPool.commonPool-worker-1] INFO  impl.StateMachineUpdater (StateMachineUpdater.java:stopAndJoin(149)) - 76897d42-f98f-4c19-b58f-ca2cbe3c8872@group-6F7EC01B3871-StateMachineUpdater: set stopIndex = 0
2021-08-10 07:21:21,945 [76897d42-f98f-4c19-b58f-ca2cbe3c8872@group-6F7EC01B3871-StateMachineUpdater] INFO  ratis.ContainerStateMachine (ContainerStateMachine.java:takeSnapshot(302)) - group-6F7EC01B3871: Finished taking a snapshot at:(t:2, i:0) file:/home/runner/work/ozone/ozone/hadoop-ozone/integration-test/target/test-dir/MiniOzoneClusterImpl-c2709307-340b-4da9-b87e-bf8cdd64b120/datanode-0/data/ratis/191ef804-04b9-4f33-8ef0-6f7ec01b3871/sm/snapshot.2_0 took: 1 ms
2021-08-10 07:21:21,945 [76897d42-f98f-4c19-b58f-ca2cbe3c8872@group-6F7EC01B3871-StateMachineUpdater] INFO  impl.StateMachineUpdater (StateMachineUpdater.java:takeSnapshot(281)) - 76897d42-f98f-4c19-b58f-ca2cbe3c8872@group-6F7EC01B3871-StateMachineUpdater: Took a snapshot at index 0
2021-08-10 07:21:21,945 [76897d42-f98f-4c19-b58f-ca2cbe3c8872@group-6F7EC01B3871-StateMachineUpdater] INFO  impl.StateMachineUpdater (StateMachineUpdater.java:lambda$new$0(89)) - 76897d42-f98f-4c19-b58f-ca2cbe3c8872@group-6F7EC01B3871-StateMachineUpdater: snapshotIndex: updateIncreasingly -1 -> 0
2021-08-10 07:21:21,945 [ForkJoinPool.commonPool-worker-1] INFO  server.RaftServer$Division (ServerState.java:close(419)) - 76897d42-f98f-4c19-b58f-ca2cbe3c8872@group-6F7EC01B3871: closes. applyIndex: 0
2021-08-10 07:21:21,946 [76897d42-f98f-4c19-b58f-ca2cbe3c8872@group-6F7EC01B3871-SegmentedRaftLogWorker] INFO  segmented.SegmentedRaftLogWorker (SegmentedRaftLogWorker.java:run(327)) - 76897d42-f98f-4c19-b58f-ca2cbe3c8872@group-6F7EC01B3871-SegmentedRaftLogWorker was interrupted, exiting. There are 0 tasks remaining in the queue.
2021-08-10 07:21:21,946 [Listener at 127.0.0.1/10892] INFO  server.RaftServer$Division (RaftServerImpl.java:lambda$close$4(407)) - 9d17b7b9-a403-467f-9c18-cea608608412@group-DA6AAA60DD7C: shutdown
2021-08-10 07:21:21,946 [Listener at 127.0.0.1/10892] INFO  util.JmxRegister (JmxRegister.java:unregister(73)) - Successfully un-registered JMX Bean with object name Ratis:service=RaftServer,group=group-DA6AAA60DD7C,id=9d17b7b9-a403-467f-9c18-cea608608412
2021-08-10 07:21:21,946 [Listener at 127.0.0.1/10892] INFO  impl.RoleInfo (RoleInfo.java:shutdownLeaderState(91)) - 9d17b7b9-a403-467f-9c18-cea608608412: shutdown 9d17b7b9-a403-467f-9c18-cea608608412@group-DA6AAA60DD7C-LeaderStateImpl
2021-08-10 07:21:21,946 [Listener at 127.0.0.1/10892] INFO  impl.PendingRequests (PendingRequests.java:sendNotLeaderResponses(249)) - 9d17b7b9-a403-467f-9c18-cea608608412@group-DA6AAA60DD7C-PendingRequests: sendNotLeaderResponses
2021-08-10 07:21:21,947 [ForkJoinPool.commonPool-worker-1] INFO  segmented.SegmentedRaftLogWorker (SegmentedRaftLogWorker.java:close(237)) - 76897d42-f98f-4c19-b58f-ca2cbe3c8872@group-6F7EC01B3871-SegmentedRaftLogWorker close()
2021-08-10 07:21:21,948 [ForkJoinPool.commonPool-worker-1] INFO  server.RaftServer$Division (RaftServerImpl.java:lambda$close$4(407)) - 76897d42-f98f-4c19-b58f-ca2cbe3c8872@group-A8AD30E43C82: shutdown
2021-08-10 07:21:21,948 [ForkJoinPool.commonPool-worker-1] INFO  util.JmxRegister (JmxRegister.java:unregister(73)) - Successfully un-registered JMX Bean with object name Ratis:service=RaftServer,group=group-A8AD30E43C82,id=76897d42-f98f-4c19-b58f-ca2cbe3c8872
2021-08-10 07:21:21,948 [ForkJoinPool.commonPool-worker-1] INFO  impl.RoleInfo (RoleInfo.java:shutdownLeaderState(91)) - 76897d42-f98f-4c19-b58f-ca2cbe3c8872: shutdown 76897d42-f98f-4c19-b58f-ca2cbe3c8872@group-A8AD30E43C82-LeaderStateImpl
2021-08-10 07:21:21,949 [ForkJoinPool.commonPool-worker-1] INFO  impl.PendingRequests (PendingRequests.java:sendNotLeaderResponses(249)) - 76897d42-f98f-4c19-b58f-ca2cbe3c8872@group-A8AD30E43C82-PendingRequests: sendNotLeaderResponses
2021-08-10 07:21:21,949 [ForkJoinPool.commonPool-worker-1] INFO  impl.StateMachineUpdater (StateMachineUpdater.java:stopAndJoin(149)) - 76897d42-f98f-4c19-b58f-ca2cbe3c8872@group-A8AD30E43C82-StateMachineUpdater: set stopIndex = 0
2021-08-10 07:21:21,949 [76897d42-f98f-4c19-b58f-ca2cbe3c8872@group-A8AD30E43C82-StateMachineUpdater] INFO  ratis.ContainerStateMachine (ContainerStateMachine.java:takeSnapshot(291)) - group-A8AD30E43C82: Taking a snapshot at:(t:1, i:0) file /home/runner/work/ozone/ozone/hadoop-ozone/integration-test/target/test-dir/MiniOzoneClusterImpl-c2709307-340b-4da9-b87e-bf8cdd64b120/datanode-0/data/ratis/af7073e8-3aa6-483f-8c07-a8ad30e43c82/sm/snapshot.1_0
2021-08-10 07:21:21,950 [9d17b7b9-a403-467f-9c18-cea608608412@group-DA6AAA60DD7C-StateMachineUpdater] INFO  ratis.ContainerStateMachine (ContainerStateMachine.java:takeSnapshot(291)) - group-DA6AAA60DD7C: Taking a snapshot at:(t:1, i:0) file /home/runner/work/ozone/ozone/hadoop-ozone/integration-test/target/test-dir/MiniOzoneClusterImpl-c2709307-340b-4da9-b87e-bf8cdd64b120/datanode-1/data/ratis/fcda9ca2-1309-40c1-8702-da6aaa60dd7c/sm/snapshot.1_0
2021-08-10 07:21:21,950 [Listener at 127.0.0.1/10892] INFO  impl.StateMachineUpdater (StateMachineUpdater.java:stopAndJoin(149)) - 9d17b7b9-a403-467f-9c18-cea608608412@group-DA6AAA60DD7C-StateMachineUpdater: set stopIndex = 0
2021-08-10 07:21:21,950 [76897d42-f98f-4c19-b58f-ca2cbe3c8872@group-A8AD30E43C82-StateMachineUpdater] INFO  ratis.ContainerStateMachine (ContainerStateMachine.java:takeSnapshot(302)) - group-A8AD30E43C82: Finished taking a snapshot at:(t:1, i:0) file:/home/runner/work/ozone/ozone/hadoop-ozone/integration-test/target/test-dir/MiniOzoneClusterImpl-c2709307-340b-4da9-b87e-bf8cdd64b120/datanode-0/data/ratis/af7073e8-3aa6-483f-8c07-a8ad30e43c82/sm/snapshot.1_0 took: 1 ms
2021-08-10 07:21:21,951 [76897d42-f98f-4c19-b58f-ca2cbe3c8872@group-A8AD30E43C82-StateMachineUpdater] INFO  impl.StateMachineUpdater (StateMachineUpdater.java:takeSnapshot(281)) - 76897d42-f98f-4c19-b58f-ca2cbe3c8872@group-A8AD30E43C82-StateMachineUpdater: Took a snapshot at index 0
2021-08-10 07:21:21,951 [76897d42-f98f-4c19-b58f-ca2cbe3c8872@group-A8AD30E43C82-StateMachineUpdater] INFO  impl.StateMachineUpdater (StateMachineUpdater.java:lambda$new$0(89)) - 76897d42-f98f-4c19-b58f-ca2cbe3c8872@group-A8AD30E43C82-StateMachineUpdater: snapshotIndex: updateIncreasingly -1 -> 0
2021-08-10 07:21:21,951 [9d17b7b9-a403-467f-9c18-cea608608412@group-DA6AAA60DD7C-StateMachineUpdater] INFO  ratis.ContainerStateMachine (ContainerStateMachine.java:takeSnapshot(302)) - group-DA6AAA60DD7C: Finished taking a snapshot at:(t:1, i:0) file:/home/runner/work/ozone/ozone/hadoop-ozone/integration-test/target/test-dir/MiniOzoneClusterImpl-c2709307-340b-4da9-b87e-bf8cdd64b120/datanode-1/data/ratis/fcda9ca2-1309-40c1-8702-da6aaa60dd7c/sm/snapshot.1_0 took: 2 ms
2021-08-10 07:21:21,951 [9d17b7b9-a403-467f-9c18-cea608608412@group-DA6AAA60DD7C-StateMachineUpdater] INFO  impl.StateMachineUpdater (StateMachineUpdater.java:takeSnapshot(281)) - 9d17b7b9-a403-467f-9c18-cea608608412@group-DA6AAA60DD7C-StateMachineUpdater: Took a snapshot at index 0
2021-08-10 07:21:21,951 [9d17b7b9-a403-467f-9c18-cea608608412@group-DA6AAA60DD7C-StateMachineUpdater] INFO  impl.StateMachineUpdater (StateMachineUpdater.java:lambda$new$0(89)) - 9d17b7b9-a403-467f-9c18-cea608608412@group-DA6AAA60DD7C-StateMachineUpdater: snapshotIndex: updateIncreasingly -1 -> 0
2021-08-10 07:21:21,952 [ForkJoinPool.commonPool-worker-1] INFO  server.RaftServer$Division (ServerState.java:close(419)) - 76897d42-f98f-4c19-b58f-ca2cbe3c8872@group-A8AD30E43C82: closes. applyIndex: 0
2021-08-10 07:21:21,952 [76897d42-f98f-4c19-b58f-ca2cbe3c8872@group-A8AD30E43C82-SegmentedRaftLogWorker] INFO  segmented.SegmentedRaftLogWorker (SegmentedRaftLogWorker.java:run(327)) - 76897d42-f98f-4c19-b58f-ca2cbe3c8872@group-A8AD30E43C82-SegmentedRaftLogWorker was interrupted, exiting. There are 0 tasks remaining in the queue.
2021-08-10 07:21:21,952 [ForkJoinPool.commonPool-worker-1] INFO  segmented.SegmentedRaftLogWorker (SegmentedRaftLogWorker.java:close(237)) - 76897d42-f98f-4c19-b58f-ca2cbe3c8872@group-A8AD30E43C82-SegmentedRaftLogWorker close()
2021-08-10 07:21:21,952 [Listener at 127.0.0.1/10892] INFO  server.RaftServer$Division (ServerState.java:close(419)) - 9d17b7b9-a403-467f-9c18-cea608608412@group-DA6AAA60DD7C: closes. applyIndex: 0
2021-08-10 07:21:21,954 [9d17b7b9-a403-467f-9c18-cea608608412@group-DA6AAA60DD7C-SegmentedRaftLogWorker] INFO  segmented.SegmentedRaftLogWorker (SegmentedRaftLogWorker.java:run(327)) - 9d17b7b9-a403-467f-9c18-cea608608412@group-DA6AAA60DD7C-SegmentedRaftLogWorker was interrupted, exiting. There are 0 tasks remaining in the queue.
2021-08-10 07:21:21,954 [ForkJoinPool.commonPool-worker-1] INFO  server.GrpcService (GrpcService.java:closeImpl(262)) - 76897d42-f98f-4c19-b58f-ca2cbe3c8872: shutdown server with port 44151 now
2021-08-10 07:21:21,954 [Listener at 127.0.0.1/10892] INFO  segmented.SegmentedRaftLogWorker (SegmentedRaftLogWorker.java:close(237)) - 9d17b7b9-a403-467f-9c18-cea608608412@group-DA6AAA60DD7C-SegmentedRaftLogWorker close()
2021-08-10 07:21:21,955 [grpc-default-executor-1] WARN  server.GrpcServerProtocolService (LogUtils.java:warn(122)) - 76897d42-f98f-4c19-b58f-ca2cbe3c8872: installSnapshot onError, lastRequest: 12a15bd5-4321-4c17-a25c-f1df7459fe15->76897d42-f98f-4c19-b58f-ca2cbe3c8872#1-t2,previous=(t:0, i:0),leaderCommit=-1,initializing? true,entries: size=1, first=(t:2, i:0), CONFIGURATIONENTRY: org.apache.ratis.thirdparty.io.grpc.StatusRuntimeException: CANCELLED: client cancelled
2021-08-10 07:21:21,956 [grpc-default-executor-1] WARN  server.GrpcLogAppender (LogUtils.java:warn(122)) - 12a15bd5-4321-4c17-a25c-f1df7459fe15@group-6F7EC01B3871->76897d42-f98f-4c19-b58f-ca2cbe3c8872-AppendLogResponseHandler: Failed appendEntries: org.apache.ratis.thirdparty.io.grpc.StatusRuntimeException: CANCELLED: HTTP/2 error code: CANCEL
Received Rst Stream
2021-08-10 07:21:21,956 [Listener at 127.0.0.1/10892] INFO  server.GrpcService (GrpcService.java:closeImpl(262)) - 9d17b7b9-a403-467f-9c18-cea608608412: shutdown server with port 38501 now
2021-08-10 07:21:21,957 [grpc-default-executor-1] WARN  server.GrpcLogAppender (GrpcLogAppender.java:resetClient(111)) - 12a15bd5-4321-4c17-a25c-f1df7459fe15@group-6F7EC01B3871->76897d42-f98f-4c19-b58f-ca2cbe3c8872-GrpcLogAppender: Leader has not got in touch with Follower 12a15bd5-4321-4c17-a25c-f1df7459fe15@group-6F7EC01B3871->76897d42-f98f-4c19-b58f-ca2cbe3c8872(c0,m0,n1, attendVote=true, lastRpcSendTime=989, lastRpcResponseTime=987) yet, just keep nextIndex unchanged and retry.
2021-08-10 07:21:21,960 [ForkJoinPool.commonPool-worker-1] INFO  server.GrpcService (GrpcService.java:closeImpl(271)) - 76897d42-f98f-4c19-b58f-ca2cbe3c8872: shutdown server with port 44151 successfully
2021-08-10 07:21:21,960 [org.apache.ratis.util.JvmPauseMonitor$$Lambda$430/506160180@2a837a6f] INFO  util.JvmPauseMonitor (JvmPauseMonitor.java:run(109)) - JvmPauseMonitor-76897d42-f98f-4c19-b58f-ca2cbe3c8872: Stopped
2021-08-10 07:21:21,963 [grpc-default-executor-4] WARN  server.GrpcServerProtocolService (LogUtils.java:warn(122)) - 9d17b7b9-a403-467f-9c18-cea608608412: installSnapshot onError, lastRequest: 12a15bd5-4321-4c17-a25c-f1df7459fe15->9d17b7b9-a403-467f-9c18-cea608608412#1-t2,previous=(t:0, i:0),leaderCommit=0,initializing? true,entries: size=1, first=(t:2, i:0), CONFIGURATIONENTRY: org.apache.ratis.thirdparty.io.grpc.StatusRuntimeException: CANCELLED: client cancelled
2021-08-10 07:21:21,963 [grpc-default-executor-4] WARN  server.GrpcLogAppender (LogUtils.java:warn(122)) - 12a15bd5-4321-4c17-a25c-f1df7459fe15@group-6F7EC01B3871->9d17b7b9-a403-467f-9c18-cea608608412-AppendLogResponseHandler: Failed appendEntries: org.apache.ratis.thirdparty.io.grpc.StatusRuntimeException: CANCELLED: HTTP/2 error code: CANCEL
Received Rst Stream
2021-08-10 07:21:21,963 [grpc-default-executor-4] WARN  server.GrpcLogAppender (GrpcLogAppender.java:resetClient(111)) - 12a15bd5-4321-4c17-a25c-f1df7459fe15@group-6F7EC01B3871->9d17b7b9-a403-467f-9c18-cea608608412-GrpcLogAppender: Leader has not got in touch with Follower 12a15bd5-4321-4c17-a25c-f1df7459fe15@group-6F7EC01B3871->9d17b7b9-a403-467f-9c18-cea608608412(c0,m0,n1, attendVote=true, lastRpcSendTime=993, lastRpcResponseTime=991) yet, just keep nextIndex unchanged and retry.
2021-08-10 07:21:21,964 [Listener at 127.0.0.1/10892] INFO  server.GrpcService (GrpcService.java:closeImpl(271)) - 9d17b7b9-a403-467f-9c18-cea608608412: shutdown server with port 38501 successfully
2021-08-10 07:21:21,964 [org.apache.ratis.util.JvmPauseMonitor$$Lambda$430/506160180@6fba46a3] INFO  util.JvmPauseMonitor (JvmPauseMonitor.java:run(109)) - JvmPauseMonitor-9d17b7b9-a403-467f-9c18-cea608608412: Stopped
2021-08-10 07:21:21,973 [Listener at 127.0.0.1/10892] INFO  utils.BackgroundService (BackgroundService.java:shutdown(132)) - Shutting down service BlockDeletingService
2021-08-10 07:21:21,974 [ForkJoinPool.commonPool-worker-1] INFO  utils.BackgroundService (BackgroundService.java:shutdown(132)) - Shutting down service BlockDeletingService
2021-08-10 07:21:22,573 [EndpointStateMachine task thread for /127.0.0.1:12677 - 0 ] INFO  ipc.Client (Client.java:handleConnectionFailure(977)) - Retrying connect to server: localhost/127.0.0.1:12677. Already tried 6 time(s); retry policy is RetryUpToMaximumCountWithFixedSleep(maxRetries=15, sleepTime=1000 MILLISECONDS)
2021-08-10 07:21:23,484 [grpc-default-executor-1] WARN  server.GrpcLogAppender (LogUtils.java:warn(122)) - 12a15bd5-4321-4c17-a25c-f1df7459fe15@group-6F7EC01B3871->76897d42-f98f-4c19-b58f-ca2cbe3c8872-AppendLogResponseHandler: Failed appendEntries: org.apache.ratis.thirdparty.io.grpc.StatusRuntimeException: UNAVAILABLE: io exception
2021-08-10 07:21:23,484 [grpc-default-executor-1] WARN  server.GrpcLogAppender (GrpcLogAppender.java:resetClient(111)) - 12a15bd5-4321-4c17-a25c-f1df7459fe15@group-6F7EC01B3871->76897d42-f98f-4c19-b58f-ca2cbe3c8872-GrpcLogAppender: Leader has not got in touch with Follower 12a15bd5-4321-4c17-a25c-f1df7459fe15@group-6F7EC01B3871->76897d42-f98f-4c19-b58f-ca2cbe3c8872(c0,m0,n1, attendVote=true, lastRpcSendTime=0, lastRpcResponseTime=2514) yet, just keep nextIndex unchanged and retry.
2021-08-10 07:21:23,493 [grpc-default-executor-1] WARN  server.GrpcLogAppender (LogUtils.java:warn(122)) - 12a15bd5-4321-4c17-a25c-f1df7459fe15@group-6F7EC01B3871->9d17b7b9-a403-467f-9c18-cea608608412-AppendLogResponseHandler: Failed appendEntries: org.apache.ratis.thirdparty.io.grpc.StatusRuntimeException: UNAVAILABLE: io exception
2021-08-10 07:21:23,493 [grpc-default-executor-1] WARN  server.GrpcLogAppender (GrpcLogAppender.java:resetClient(111)) - 12a15bd5-4321-4c17-a25c-f1df7459fe15@group-6F7EC01B3871->9d17b7b9-a403-467f-9c18-cea608608412-GrpcLogAppender: Leader has not got in touch with Follower 12a15bd5-4321-4c17-a25c-f1df7459fe15@group-6F7EC01B3871->9d17b7b9-a403-467f-9c18-cea608608412(c0,m0,n1, attendVote=true, lastRpcSendTime=0, lastRpcResponseTime=2521) yet, just keep nextIndex unchanged and retry.
2021-08-10 07:21:23,573 [EndpointStateMachine task thread for /127.0.0.1:12677 - 0 ] INFO  ipc.Client (Client.java:handleConnectionFailure(977)) - Retrying connect to server: localhost/127.0.0.1:12677. Already tried 7 time(s); retry policy is RetryUpToMaximumCountWithFixedSleep(maxRetries=15, sleepTime=1000 MILLISECONDS)
2021-08-10 07:21:24,574 [EndpointStateMachine task thread for /127.0.0.1:12677 - 0 ] INFO  ipc.Client (Client.java:handleConnectionFailure(977)) - Retrying connect to server: localhost/127.0.0.1:12677. Already tried 8 time(s); retry policy is RetryUpToMaximumCountWithFixedSleep(maxRetries=15, sleepTime=1000 MILLISECONDS)
2021-08-10 07:21:24,993 [Listener at 127.0.0.1/10892] INFO  statemachine.DatanodeStateMachine (DatanodeStateMachine.java:stopDaemon(515)) - Ozone container server stopped.
2021-08-10 07:21:24,994 [Listener at 127.0.0.1/10892] INFO  handler.ContextHandler (ContextHandler.java:doStop(1153)) - Stopped o.e.j.w.WebAppContext@4b97954b{hddsDatanode,/,null,STOPPED}{jar:file:/home/runner/.m2/repository/org/apache/ozone/hdds-container-service/1.2.0-SNAPSHOT/hdds-container-service-1.2.0-SNAPSHOT.jar!/webapps/hddsDatanode}
2021-08-10 07:21:24,995 [Listener at 127.0.0.1/10892] INFO  server.AbstractConnector (AbstractConnector.java:doStop(381)) - Stopped ServerConnector@508b1229{HTTP/1.1, (http/1.1)}{0.0.0.0:0}
2021-08-10 07:21:24,995 [Listener at 127.0.0.1/10892] INFO  server.session (HouseKeeper.java:stopScavenging(149)) - node0 Stopped scavenging
2021-08-10 07:21:24,995 [Listener at 127.0.0.1/10892] INFO  handler.ContextHandler (ContextHandler.java:doStop(1153)) - Stopped o.e.j.s.ServletContextHandler@3eb8b44{static,/static,jar:file:/home/runner/.m2/repository/org/apache/ozone/hdds-container-service/1.2.0-SNAPSHOT/hdds-container-service-1.2.0-SNAPSHOT.jar!/webapps/static,STOPPED}
2021-08-10 07:21:24,995 [Listener at 127.0.0.1/10892] INFO  handler.ContextHandler (ContextHandler.java:doStop(1153)) - Stopped o.e.j.s.ServletContextHandler@20909d80{logs,/logs,file:///home/runner/work/ozone/ozone/hadoop-ozone/integration-test/target/log,STOPPED}
2021-08-10 07:21:25,018 [ForkJoinPool.commonPool-worker-1] INFO  statemachine.DatanodeStateMachine (DatanodeStateMachine.java:stopDaemon(515)) - Ozone container server stopped.
2021-08-10 07:21:25,044 [ForkJoinPool.commonPool-worker-1] INFO  handler.ContextHandler (ContextHandler.java:doStop(1153)) - Stopped o.e.j.w.WebAppContext@52b0b5ac{hddsDatanode,/,null,STOPPED}{jar:file:/home/runner/.m2/repository/org/apache/ozone/hdds-container-service/1.2.0-SNAPSHOT/hdds-container-service-1.2.0-SNAPSHOT.jar!/webapps/hddsDatanode}
2021-08-10 07:21:25,044 [ForkJoinPool.commonPool-worker-1] INFO  server.AbstractConnector (AbstractConnector.java:doStop(381)) - Stopped ServerConnector@50274287{HTTP/1.1, (http/1.1)}{0.0.0.0:0}
2021-08-10 07:21:25,050 [ForkJoinPool.commonPool-worker-1] INFO  server.session (HouseKeeper.java:stopScavenging(149)) - node0 Stopped scavenging
2021-08-10 07:21:25,051 [ForkJoinPool.commonPool-worker-1] INFO  handler.ContextHandler (ContextHandler.java:doStop(1153)) - Stopped o.e.j.s.ServletContextHandler@665d89e{static,/static,jar:file:/home/runner/.m2/repository/org/apache/ozone/hdds-container-service/1.2.0-SNAPSHOT/hdds-container-service-1.2.0-SNAPSHOT.jar!/webapps/static,STOPPED}
2021-08-10 07:21:25,051 [ForkJoinPool.commonPool-worker-1] INFO  handler.ContextHandler (ContextHandler.java:doStop(1153)) - Stopped o.e.j.s.ServletContextHandler@4c5632d5{logs,/logs,file:///home/runner/work/ozone/ozone/hadoop-ozone/integration-test/target/log,STOPPED}
2021-08-10 07:21:25,437 [Datanode State Machine Thread - 0] WARN  statemachine.StateContext (StateContext.java:setState(246)) - Ignore disallowed transition from SHUTDOWN to RUNNING
2021-08-10 07:21:25,437 [Datanode State Machine Thread - 0] INFO  statemachine.DatanodeStateMachine (DatanodeStateMachine.java:lambda$startDaemon$0(457)) - Ozone container server started.
2021-08-10 07:21:25,595 [EndpointStateMachine task thread for /127.0.0.1:12677 - 0 ] INFO  ipc.Client (Client.java:handleConnectionFailure(977)) - Retrying connect to server: localhost/127.0.0.1:12677. Already tried 9 time(s); retry policy is RetryUpToMaximumCountWithFixedSleep(maxRetries=15, sleepTime=1000 MILLISECONDS)
2021-08-10 07:21:25,986 [grpc-default-executor-1] WARN  server.GrpcLogAppender (LogUtils.java:warn(122)) - 12a15bd5-4321-4c17-a25c-f1df7459fe15@group-6F7EC01B3871->76897d42-f98f-4c19-b58f-ca2cbe3c8872-AppendLogResponseHandler: Failed appendEntries: org.apache.ratis.thirdparty.io.grpc.StatusRuntimeException: UNAVAILABLE: io exception
2021-08-10 07:21:25,986 [grpc-default-executor-1] WARN  server.GrpcLogAppender (GrpcLogAppender.java:resetClient(111)) - 12a15bd5-4321-4c17-a25c-f1df7459fe15@group-6F7EC01B3871->76897d42-f98f-4c19-b58f-ca2cbe3c8872-GrpcLogAppender: Leader has not got in touch with Follower 12a15bd5-4321-4c17-a25c-f1df7459fe15@group-6F7EC01B3871->76897d42-f98f-4c19-b58f-ca2cbe3c8872(c0,m0,n1, attendVote=true, lastRpcSendTime=0, lastRpcResponseTime=5016) yet, just keep nextIndex unchanged and retry.
2021-08-10 07:21:25,993 [grpc-default-executor-1] WARN  server.GrpcLogAppender (LogUtils.java:warn(122)) - 12a15bd5-4321-4c17-a25c-f1df7459fe15@group-6F7EC01B3871->9d17b7b9-a403-467f-9c18-cea608608412-AppendLogResponseHandler: Failed appendEntries: org.apache.ratis.thirdparty.io.grpc.StatusRuntimeException: UNAVAILABLE: io exception
2021-08-10 07:21:25,994 [grpc-default-executor-1] WARN  server.GrpcLogAppender (GrpcLogAppender.java:resetClient(111)) - 12a15bd5-4321-4c17-a25c-f1df7459fe15@group-6F7EC01B3871->9d17b7b9-a403-467f-9c18-cea608608412-GrpcLogAppender: Leader has not got in touch with Follower 12a15bd5-4321-4c17-a25c-f1df7459fe15@group-6F7EC01B3871->9d17b7b9-a403-467f-9c18-cea608608412(c0,m0,n1, attendVote=true, lastRpcSendTime=2500, lastRpcResponseTime=5022) yet, just keep nextIndex unchanged and retry.
2021-08-10 07:21:26,596 [EndpointStateMachine task thread for /127.0.0.1:12677 - 0 ] INFO  ipc.Client (Client.java:handleConnectionFailure(977)) - Retrying connect to server: localhost/127.0.0.1:12677. Already tried 10 time(s); retry policy is RetryUpToMaximumCountWithFixedSleep(maxRetries=15, sleepTime=1000 MILLISECONDS)
2021-08-10 07:21:27,596 [EndpointStateMachine task thread for /127.0.0.1:12677 - 0 ] INFO  ipc.Client (Client.java:handleConnectionFailure(977)) - Retrying connect to server: localhost/127.0.0.1:12677. Already tried 11 time(s); retry policy is RetryUpToMaximumCountWithFixedSleep(maxRetries=15, sleepTime=1000 MILLISECONDS)
2021-08-10 07:21:28,487 [grpc-default-executor-1] WARN  server.GrpcLogAppender (LogUtils.java:warn(122)) - 12a15bd5-4321-4c17-a25c-f1df7459fe15@group-6F7EC01B3871->76897d42-f98f-4c19-b58f-ca2cbe3c8872-AppendLogResponseHandler: Failed appendEntries: org.apache.ratis.thirdparty.io.grpc.StatusRuntimeException: UNAVAILABLE: io exception
2021-08-10 07:21:28,488 [grpc-default-executor-1] WARN  server.GrpcLogAppender (GrpcLogAppender.java:resetClient(111)) - 12a15bd5-4321-4c17-a25c-f1df7459fe15@group-6F7EC01B3871->76897d42-f98f-4c19-b58f-ca2cbe3c8872-GrpcLogAppender: Leader has not got in touch with Follower 12a15bd5-4321-4c17-a25c-f1df7459fe15@group-6F7EC01B3871->76897d42-f98f-4c19-b58f-ca2cbe3c8872(c0,m0,n1, attendVote=true, lastRpcSendTime=2502, lastRpcResponseTime=7517) yet, just keep nextIndex unchanged and retry.
2021-08-10 07:21:28,495 [grpc-default-executor-1] WARN  server.GrpcLogAppender (LogUtils.java:warn(122)) - 12a15bd5-4321-4c17-a25c-f1df7459fe15@group-6F7EC01B3871->9d17b7b9-a403-467f-9c18-cea608608412-AppendLogResponseHandler: Failed appendEntries: org.apache.ratis.thirdparty.io.grpc.StatusRuntimeException: UNAVAILABLE: io exception
2021-08-10 07:21:28,496 [grpc-default-executor-1] WARN  server.GrpcLogAppender (GrpcLogAppender.java:resetClient(111)) - 12a15bd5-4321-4c17-a25c-f1df7459fe15@group-6F7EC01B3871->9d17b7b9-a403-467f-9c18-cea608608412-GrpcLogAppender: Leader has not got in touch with Follower 12a15bd5-4321-4c17-a25c-f1df7459fe15@group-6F7EC01B3871->9d17b7b9-a403-467f-9c18-cea608608412(c0,m0,n1, attendVote=true, lastRpcSendTime=2501, lastRpcResponseTime=7524) yet, just keep nextIndex unchanged and retry.
2021-08-10 07:21:28,597 [EndpointStateMachine task thread for /127.0.0.1:12677 - 0 ] INFO  ipc.Client (Client.java:handleConnectionFailure(977)) - Retrying connect to server: localhost/127.0.0.1:12677. Already tried 12 time(s); retry policy is RetryUpToMaximumCountWithFixedSleep(maxRetries=15, sleepTime=1000 MILLISECONDS)
2021-08-10 07:21:28,733 [12a15bd5-4321-4c17-a25c-f1df7459fe15@group-C513D31A15A9-FollowerState] INFO  impl.FollowerState (FollowerState.java:run(134)) - 12a15bd5-4321-4c17-a25c-f1df7459fe15@group-C513D31A15A9-FollowerState: change to CANDIDATE, lastRpcElapsedTime:7890463812ns, electionTimeout:5135ms
2021-08-10 07:21:28,734 [12a15bd5-4321-4c17-a25c-f1df7459fe15@group-C513D31A15A9-FollowerState] INFO  impl.RoleInfo (RoleInfo.java:shutdownFollowerState(108)) - 12a15bd5-4321-4c17-a25c-f1df7459fe15: shutdown 12a15bd5-4321-4c17-a25c-f1df7459fe15@group-C513D31A15A9-FollowerState
2021-08-10 07:21:28,734 [12a15bd5-4321-4c17-a25c-f1df7459fe15@group-C513D31A15A9-FollowerState] INFO  server.RaftServer$Division (RaftServerImpl.java:setRole(285)) - 12a15bd5-4321-4c17-a25c-f1df7459fe15@group-C513D31A15A9: changes role from  FOLLOWER to CANDIDATE at term 1 for changeToCandidate
2021-08-10 07:21:28,734 [12a15bd5-4321-4c17-a25c-f1df7459fe15@group-C513D31A15A9-FollowerState] INFO  server.RaftServerConfigKeys (ConfUtils.java:logGet(44)) - raft.server.leaderelection.pre-vote = false (custom)
2021-08-10 07:21:28,734 [12a15bd5-4321-4c17-a25c-f1df7459fe15@group-C513D31A15A9-FollowerState] INFO  impl.RoleInfo (RoleInfo.java:updateAndGet(130)) - 12a15bd5-4321-4c17-a25c-f1df7459fe15: start 12a15bd5-4321-4c17-a25c-f1df7459fe15@group-C513D31A15A9-LeaderElection13
2021-08-10 07:21:28,747 [12a15bd5-4321-4c17-a25c-f1df7459fe15@group-C513D31A15A9-LeaderElection13] INFO  server.RaftServer$Division (ServerState.java:setLeader(285)) - 12a15bd5-4321-4c17-a25c-f1df7459fe15@group-C513D31A15A9: change Leader from 76897d42-f98f-4c19-b58f-ca2cbe3c8872 to null at term 1 for ELECTION
2021-08-10 07:21:28,767 [12a15bd5-4321-4c17-a25c-f1df7459fe15@group-C513D31A15A9-LeaderElection13] INFO  impl.LeaderElection (LeaderElection.java:askForVotes(306)) - 12a15bd5-4321-4c17-a25c-f1df7459fe15@group-C513D31A15A9-LeaderElection13 ELECTION round 0: submit vote requests at term 2 for 0: [12a15bd5-4321-4c17-a25c-f1df7459fe15|rpc:127.0.0.1:38099|dataStream:|priority:0, 76897d42-f98f-4c19-b58f-ca2cbe3c8872|rpc:127.0.0.1:44151|dataStream:|priority:1, 9d17b7b9-a403-467f-9c18-cea608608412|rpc:127.0.0.1:38501|dataStream:|priority:0], old=null
2021-08-10 07:21:28,791 [12a15bd5-4321-4c17-a25c-f1df7459fe15@group-C513D31A15A9-LeaderElection13] INFO  impl.LeaderElection (LogUtils.java:infoOrTrace(137)) - 12a15bd5-4321-4c17-a25c-f1df7459fe15@group-C513D31A15A9-LeaderElection13 got exception when requesting votes: java.util.concurrent.ExecutionException: org.apache.ratis.thirdparty.io.grpc.StatusRuntimeException: UNAVAILABLE: io exception
2021-08-10 07:21:28,792 [12a15bd5-4321-4c17-a25c-f1df7459fe15@group-C513D31A15A9-LeaderElection13] INFO  impl.LeaderElection (LogUtils.java:infoOrTrace(137)) - 12a15bd5-4321-4c17-a25c-f1df7459fe15@group-C513D31A15A9-LeaderElection13 got exception when requesting votes: java.util.concurrent.ExecutionException: org.apache.ratis.thirdparty.io.grpc.StatusRuntimeException: UNAVAILABLE: io exception
2021-08-10 07:21:28,792 [12a15bd5-4321-4c17-a25c-f1df7459fe15@group-C513D31A15A9-LeaderElection13] INFO  impl.LeaderElection (LeaderElection.java:logAndReturn(89)) - 12a15bd5-4321-4c17-a25c-f1df7459fe15@group-C513D31A15A9-LeaderElection13: ELECTION REJECTED received 0 response(s) and 2 exception(s):
2021-08-10 07:21:28,792 [12a15bd5-4321-4c17-a25c-f1df7459fe15@group-C513D31A15A9-LeaderElection13] INFO  impl.LeaderElection (LogUtils.java:infoOrTrace(137)) -   Exception 0: java.util.concurrent.ExecutionException: org.apache.ratis.thirdparty.io.grpc.StatusRuntimeException: UNAVAILABLE: io exception
2021-08-10 07:21:28,792 [12a15bd5-4321-4c17-a25c-f1df7459fe15@group-C513D31A15A9-LeaderElection13] INFO  impl.LeaderElection (LogUtils.java:infoOrTrace(137)) -   Exception 1: java.util.concurrent.ExecutionException: org.apache.ratis.thirdparty.io.grpc.StatusRuntimeException: UNAVAILABLE: io exception
2021-08-10 07:21:28,792 [12a15bd5-4321-4c17-a25c-f1df7459fe15@group-C513D31A15A9-LeaderElection13] INFO  impl.LeaderElection (LeaderElection.java:askForVotes(308)) - 12a15bd5-4321-4c17-a25c-f1df7459fe15@group-C513D31A15A9-LeaderElection13 ELECTION round 0: result REJECTED
2021-08-10 07:21:28,793 [12a15bd5-4321-4c17-a25c-f1df7459fe15@group-C513D31A15A9-LeaderElection13] INFO  server.RaftServer$Division (RaftServerImpl.java:setRole(285)) - 12a15bd5-4321-4c17-a25c-f1df7459fe15@group-C513D31A15A9: changes role from CANDIDATE to FOLLOWER at term 2 for REJECTED
2021-08-10 07:21:28,793 [12a15bd5-4321-4c17-a25c-f1df7459fe15@group-C513D31A15A9-LeaderElection13] INFO  impl.RoleInfo (RoleInfo.java:shutdownLeaderElection(121)) - 12a15bd5-4321-4c17-a25c-f1df7459fe15: shutdown 12a15bd5-4321-4c17-a25c-f1df7459fe15@group-C513D31A15A9-LeaderElection13
2021-08-10 07:21:28,793 [12a15bd5-4321-4c17-a25c-f1df7459fe15@group-C513D31A15A9-LeaderElection13] INFO  impl.RoleInfo (RoleInfo.java:updateAndGet(130)) - 12a15bd5-4321-4c17-a25c-f1df7459fe15: start 12a15bd5-4321-4c17-a25c-f1df7459fe15@group-C513D31A15A9-FollowerState
2021-08-10 07:21:28,857 [12a15bd5-4321-4c17-a25c-f1df7459fe15@group-6F7EC01B3871-LeaderStateImpl] WARN  server.RaftServer$Division (LeaderStateImpl.java:checkLeadership(944)) - 12a15bd5-4321-4c17-a25c-f1df7459fe15@group-6F7EC01B3871-LeaderStateImpl: Lost leadership on term: 2. Election timeout: 5200ms. In charge for: 10422ms. Conf: 0: [12a15bd5-4321-4c17-a25c-f1df7459fe15|rpc:127.0.0.1:38099|dataStream:|priority:1, 76897d42-f98f-4c19-b58f-ca2cbe3c8872|rpc:127.0.0.1:44151|dataStream:|priority:0, 9d17b7b9-a403-467f-9c18-cea608608412|rpc:127.0.0.1:38501|dataStream:|priority:0], old=null
2021-08-10 07:21:28,868 [12a15bd5-4321-4c17-a25c-f1df7459fe15@group-6F7EC01B3871-LeaderStateImpl] WARN  server.RaftServer$Division (LeaderStateImpl.java:lambda$checkLeadership$15(948)) - Follower 12a15bd5-4321-4c17-a25c-f1df7459fe15@group-6F7EC01B3871->76897d42-f98f-4c19-b58f-ca2cbe3c8872(c0,m0,n1, attendVote=true, lastRpcSendTime=379, lastRpcResponseTime=7897)
2021-08-10 07:21:28,868 [12a15bd5-4321-4c17-a25c-f1df7459fe15@group-6F7EC01B3871-LeaderStateImpl] WARN  server.RaftServer$Division (LeaderStateImpl.java:lambda$checkLeadership$15(948)) - Follower 12a15bd5-4321-4c17-a25c-f1df7459fe15@group-6F7EC01B3871->9d17b7b9-a403-467f-9c18-cea608608412(c0,m0,n1, attendVote=true, lastRpcSendTime=372, lastRpcResponseTime=7896)
2021-08-10 07:21:28,868 [12a15bd5-4321-4c17-a25c-f1df7459fe15@group-6F7EC01B3871-LeaderStateImpl] INFO  server.RaftServer$Division (RaftServerImpl.java:setRole(285)) - 12a15bd5-4321-4c17-a25c-f1df7459fe15@group-6F7EC01B3871: changes role from    LEADER to FOLLOWER at term 2 for StepDownReason:LOST_MAJORITY_HEARTBEATS
2021-08-10 07:21:28,868 [12a15bd5-4321-4c17-a25c-f1df7459fe15@group-6F7EC01B3871-LeaderStateImpl] INFO  impl.RoleInfo (RoleInfo.java:shutdownLeaderState(91)) - 12a15bd5-4321-4c17-a25c-f1df7459fe15: shutdown 12a15bd5-4321-4c17-a25c-f1df7459fe15@group-6F7EC01B3871-LeaderStateImpl
2021-08-10 07:21:28,868 [12a15bd5-4321-4c17-a25c-f1df7459fe15@group-6F7EC01B3871-LeaderStateImpl] INFO  impl.PendingRequests (PendingRequests.java:sendNotLeaderResponses(249)) - 12a15bd5-4321-4c17-a25c-f1df7459fe15@group-6F7EC01B3871-PendingRequests: sendNotLeaderResponses
2021-08-10 07:21:28,869 [12a15bd5-4321-4c17-a25c-f1df7459fe15@group-6F7EC01B3871-LeaderStateImpl] INFO  impl.RoleInfo (RoleInfo.java:updateAndGet(130)) - 12a15bd5-4321-4c17-a25c-f1df7459fe15: start 12a15bd5-4321-4c17-a25c-f1df7459fe15@group-6F7EC01B3871-FollowerState
2021-08-10 07:21:29,598 [EndpointStateMachine task thread for /127.0.0.1:12677 - 0 ] INFO  ipc.Client (Client.java:handleConnectionFailure(977)) - Retrying connect to server: localhost/127.0.0.1:12677. Already tried 13 time(s); retry policy is RetryUpToMaximumCountWithFixedSleep(maxRetries=15, sleepTime=1000 MILLISECONDS)
2021-08-10 07:21:29,997 [Listener at 127.0.0.1/10892] INFO  ozoneimpl.OzoneContainer (OzoneContainer.java:stop(326)) - Attempting to stop container services.
2021-08-10 07:21:29,997 [Listener at 127.0.0.1/10892] INFO  server.RaftServer (RaftServerProxy.java:lambda$close$6(391)) - 12a15bd5-4321-4c17-a25c-f1df7459fe15: close
2021-08-10 07:21:30,003 [Listener at 127.0.0.1/10892] INFO  server.RaftServer$Division (RaftServerImpl.java:lambda$close$4(407)) - 12a15bd5-4321-4c17-a25c-f1df7459fe15@group-C513D31A15A9: shutdown
2021-08-10 07:21:30,003 [Listener at 127.0.0.1/10892] INFO  util.JmxRegister (JmxRegister.java:unregister(73)) - Successfully un-registered JMX Bean with object name Ratis:service=RaftServer,group=group-C513D31A15A9,id=12a15bd5-4321-4c17-a25c-f1df7459fe15
2021-08-10 07:21:30,004 [Listener at 127.0.0.1/10892] INFO  impl.RoleInfo (RoleInfo.java:shutdownFollowerState(108)) - 12a15bd5-4321-4c17-a25c-f1df7459fe15: shutdown 12a15bd5-4321-4c17-a25c-f1df7459fe15@group-C513D31A15A9-FollowerState
2021-08-10 07:21:30,004 [Listener at 127.0.0.1/10892] INFO  impl.StateMachineUpdater (StateMachineUpdater.java:stopAndJoin(149)) - 12a15bd5-4321-4c17-a25c-f1df7459fe15@group-C513D31A15A9-StateMachineUpdater: set stopIndex = 0
2021-08-10 07:21:30,005 [12a15bd5-4321-4c17-a25c-f1df7459fe15@group-C513D31A15A9-FollowerState] INFO  impl.FollowerState (FollowerState.java:run(143)) - 12a15bd5-4321-4c17-a25c-f1df7459fe15@group-C513D31A15A9-FollowerState was interrupted: {}
java.lang.InterruptedException: sleep interrupted
	at java.lang.Thread.sleep(Native Method)
	at java.lang.Thread.sleep(Thread.java:340)
	at java.util.concurrent.TimeUnit.sleep(TimeUnit.java:386)
	at org.apache.ratis.util.TimeDuration.sleep(TimeDuration.java:324)
	at org.apache.ratis.util.TimeDuration.sleep(TimeDuration.java:309)
	at org.apache.ratis.server.impl.FollowerState.run(FollowerState.java:118)
2021-08-10 07:21:30,007 [12a15bd5-4321-4c17-a25c-f1df7459fe15@group-C513D31A15A9-StateMachineUpdater] INFO  ratis.ContainerStateMachine (ContainerStateMachine.java:takeSnapshot(291)) - group-C513D31A15A9: Taking a snapshot at:(t:1, i:0) file /home/runner/work/ozone/ozone/hadoop-ozone/integration-test/target/test-dir/MiniOzoneClusterImpl-c2709307-340b-4da9-b87e-bf8cdd64b120/datanode-2/data/ratis/f35ad40b-2989-4c72-b188-c513d31a15a9/sm/snapshot.1_0
2021-08-10 07:21:30,008 [12a15bd5-4321-4c17-a25c-f1df7459fe15@group-C513D31A15A9-StateMachineUpdater] INFO  ratis.ContainerStateMachine (ContainerStateMachine.java:takeSnapshot(302)) - group-C513D31A15A9: Finished taking a snapshot at:(t:1, i:0) file:/home/runner/work/ozone/ozone/hadoop-ozone/integration-test/target/test-dir/MiniOzoneClusterImpl-c2709307-340b-4da9-b87e-bf8cdd64b120/datanode-2/data/ratis/f35ad40b-2989-4c72-b188-c513d31a15a9/sm/snapshot.1_0 took: 1 ms
2021-08-10 07:21:30,008 [12a15bd5-4321-4c17-a25c-f1df7459fe15@group-C513D31A15A9-StateMachineUpdater] INFO  impl.StateMachineUpdater (StateMachineUpdater.java:takeSnapshot(281)) - 12a15bd5-4321-4c17-a25c-f1df7459fe15@group-C513D31A15A9-StateMachineUpdater: Took a snapshot at index 0
2021-08-10 07:21:30,008 [12a15bd5-4321-4c17-a25c-f1df7459fe15@group-C513D31A15A9-StateMachineUpdater] INFO  impl.StateMachineUpdater (StateMachineUpdater.java:lambda$new$0(89)) - 12a15bd5-4321-4c17-a25c-f1df7459fe15@group-C513D31A15A9-StateMachineUpdater: snapshotIndex: updateIncreasingly -1 -> 0
2021-08-10 07:21:30,008 [Listener at 127.0.0.1/10892] INFO  server.RaftServer$Division (ServerState.java:close(419)) - 12a15bd5-4321-4c17-a25c-f1df7459fe15@group-C513D31A15A9: closes. applyIndex: 0
2021-08-10 07:21:30,009 [12a15bd5-4321-4c17-a25c-f1df7459fe15@group-C513D31A15A9-SegmentedRaftLogWorker] INFO  segmented.SegmentedRaftLogWorker (SegmentedRaftLogWorker.java:run(327)) - 12a15bd5-4321-4c17-a25c-f1df7459fe15@group-C513D31A15A9-SegmentedRaftLogWorker was interrupted, exiting. There are 0 tasks remaining in the queue.
2021-08-10 07:21:30,009 [Listener at 127.0.0.1/10892] INFO  segmented.SegmentedRaftLogWorker (SegmentedRaftLogWorker.java:close(237)) - 12a15bd5-4321-4c17-a25c-f1df7459fe15@group-C513D31A15A9-SegmentedRaftLogWorker close()
2021-08-10 07:21:30,009 [Listener at 127.0.0.1/10892] INFO  server.RaftServer$Division (RaftServerImpl.java:lambda$close$4(407)) - 12a15bd5-4321-4c17-a25c-f1df7459fe15@group-038C41E7FC35: shutdown
2021-08-10 07:21:30,009 [Listener at 127.0.0.1/10892] INFO  util.JmxRegister (JmxRegister.java:unregister(73)) - Successfully un-registered JMX Bean with object name Ratis:service=RaftServer,group=group-038C41E7FC35,id=12a15bd5-4321-4c17-a25c-f1df7459fe15
2021-08-10 07:21:30,010 [Listener at 127.0.0.1/10892] INFO  impl.RoleInfo (RoleInfo.java:shutdownLeaderState(91)) - 12a15bd5-4321-4c17-a25c-f1df7459fe15: shutdown 12a15bd5-4321-4c17-a25c-f1df7459fe15@group-038C41E7FC35-LeaderStateImpl
2021-08-10 07:21:30,010 [Listener at 127.0.0.1/10892] INFO  impl.PendingRequests (PendingRequests.java:sendNotLeaderResponses(249)) - 12a15bd5-4321-4c17-a25c-f1df7459fe15@group-038C41E7FC35-PendingRequests: sendNotLeaderResponses
2021-08-10 07:21:30,011 [Listener at 127.0.0.1/10892] INFO  impl.StateMachineUpdater (StateMachineUpdater.java:stopAndJoin(149)) - 12a15bd5-4321-4c17-a25c-f1df7459fe15@group-038C41E7FC35-StateMachineUpdater: set stopIndex = 0
2021-08-10 07:21:30,011 [12a15bd5-4321-4c17-a25c-f1df7459fe15@group-038C41E7FC35-StateMachineUpdater] INFO  ratis.ContainerStateMachine (ContainerStateMachine.java:takeSnapshot(291)) - group-038C41E7FC35: Taking a snapshot at:(t:1, i:0) file /home/runner/work/ozone/ozone/hadoop-ozone/integration-test/target/test-dir/MiniOzoneClusterImpl-c2709307-340b-4da9-b87e-bf8cdd64b120/datanode-2/data/ratis/e570cf38-0b46-4982-9691-038c41e7fc35/sm/snapshot.1_0
2021-08-10 07:21:30,012 [12a15bd5-4321-4c17-a25c-f1df7459fe15@group-038C41E7FC35-StateMachineUpdater] INFO  ratis.ContainerStateMachine (ContainerStateMachine.java:takeSnapshot(302)) - group-038C41E7FC35: Finished taking a snapshot at:(t:1, i:0) file:/home/runner/work/ozone/ozone/hadoop-ozone/integration-test/target/test-dir/MiniOzoneClusterImpl-c2709307-340b-4da9-b87e-bf8cdd64b120/datanode-2/data/ratis/e570cf38-0b46-4982-9691-038c41e7fc35/sm/snapshot.1_0 took: 1 ms
2021-08-10 07:21:30,012 [12a15bd5-4321-4c17-a25c-f1df7459fe15@group-038C41E7FC35-StateMachineUpdater] INFO  impl.StateMachineUpdater (StateMachineUpdater.java:takeSnapshot(281)) - 12a15bd5-4321-4c17-a25c-f1df7459fe15@group-038C41E7FC35-StateMachineUpdater: Took a snapshot at index 0
2021-08-10 07:21:30,012 [12a15bd5-4321-4c17-a25c-f1df7459fe15@group-038C41E7FC35-StateMachineUpdater] INFO  impl.StateMachineUpdater (StateMachineUpdater.java:lambda$new$0(89)) - 12a15bd5-4321-4c17-a25c-f1df7459fe15@group-038C41E7FC35-StateMachineUpdater: snapshotIndex: updateIncreasingly -1 -> 0
2021-08-10 07:21:30,013 [Listener at 127.0.0.1/10892] INFO  server.RaftServer$Division (ServerState.java:close(419)) - 12a15bd5-4321-4c17-a25c-f1df7459fe15@group-038C41E7FC35: closes. applyIndex: 0
2021-08-10 07:21:30,013 [12a15bd5-4321-4c17-a25c-f1df7459fe15@group-038C41E7FC35-SegmentedRaftLogWorker] INFO  segmented.SegmentedRaftLogWorker (SegmentedRaftLogWorker.java:run(327)) - 12a15bd5-4321-4c17-a25c-f1df7459fe15@group-038C41E7FC35-SegmentedRaftLogWorker was interrupted, exiting. There are 0 tasks remaining in the queue.
2021-08-10 07:21:30,015 [Listener at 127.0.0.1/10892] INFO  segmented.SegmentedRaftLogWorker (SegmentedRaftLogWorker.java:close(237)) - 12a15bd5-4321-4c17-a25c-f1df7459fe15@group-038C41E7FC35-SegmentedRaftLogWorker close()
2021-08-10 07:21:30,015 [Listener at 127.0.0.1/10892] INFO  server.RaftServer$Division (RaftServerImpl.java:lambda$close$4(407)) - 12a15bd5-4321-4c17-a25c-f1df7459fe15@group-6F7EC01B3871: shutdown
2021-08-10 07:21:30,015 [Listener at 127.0.0.1/10892] INFO  util.JmxRegister (JmxRegister.java:unregister(73)) - Successfully un-registered JMX Bean with object name Ratis:service=RaftServer,group=group-6F7EC01B3871,id=12a15bd5-4321-4c17-a25c-f1df7459fe15
2021-08-10 07:21:30,015 [Listener at 127.0.0.1/10892] INFO  impl.RoleInfo (RoleInfo.java:shutdownFollowerState(108)) - 12a15bd5-4321-4c17-a25c-f1df7459fe15: shutdown 12a15bd5-4321-4c17-a25c-f1df7459fe15@group-6F7EC01B3871-FollowerState
2021-08-10 07:21:30,016 [12a15bd5-4321-4c17-a25c-f1df7459fe15@group-6F7EC01B3871-FollowerState] INFO  impl.FollowerState (FollowerState.java:run(143)) - 12a15bd5-4321-4c17-a25c-f1df7459fe15@group-6F7EC01B3871-FollowerState was interrupted: {}
java.lang.InterruptedException: sleep interrupted
	at java.lang.Thread.sleep(Native Method)
	at java.lang.Thread.sleep(Thread.java:340)
	at java.util.concurrent.TimeUnit.sleep(TimeUnit.java:386)
	at org.apache.ratis.util.TimeDuration.sleep(TimeDuration.java:324)
	at org.apache.ratis.util.TimeDuration.sleep(TimeDuration.java:309)
	at org.apache.ratis.server.impl.FollowerState.run(FollowerState.java:118)
2021-08-10 07:21:30,016 [12a15bd5-4321-4c17-a25c-f1df7459fe15@group-6F7EC01B3871-StateMachineUpdater] INFO  ratis.ContainerStateMachine (ContainerStateMachine.java:takeSnapshot(291)) - group-6F7EC01B3871: Taking a snapshot at:(t:2, i:0) file /home/runner/work/ozone/ozone/hadoop-ozone/integration-test/target/test-dir/MiniOzoneClusterImpl-c2709307-340b-4da9-b87e-bf8cdd64b120/datanode-2/data/ratis/191ef804-04b9-4f33-8ef0-6f7ec01b3871/sm/snapshot.2_0
2021-08-10 07:21:30,016 [Listener at 127.0.0.1/10892] INFO  impl.StateMachineUpdater (StateMachineUpdater.java:stopAndJoin(149)) - 12a15bd5-4321-4c17-a25c-f1df7459fe15@group-6F7EC01B3871-StateMachineUpdater: set stopIndex = 0
2021-08-10 07:21:30,017 [12a15bd5-4321-4c17-a25c-f1df7459fe15@group-6F7EC01B3871-StateMachineUpdater] INFO  ratis.ContainerStateMachine (ContainerStateMachine.java:takeSnapshot(302)) - group-6F7EC01B3871: Finished taking a snapshot at:(t:2, i:0) file:/home/runner/work/ozone/ozone/hadoop-ozone/integration-test/target/test-dir/MiniOzoneClusterImpl-c2709307-340b-4da9-b87e-bf8cdd64b120/datanode-2/data/ratis/191ef804-04b9-4f33-8ef0-6f7ec01b3871/sm/snapshot.2_0 took: 1 ms
2021-08-10 07:21:30,018 [12a15bd5-4321-4c17-a25c-f1df7459fe15@group-6F7EC01B3871-StateMachineUpdater] INFO  impl.StateMachineUpdater (StateMachineUpdater.java:takeSnapshot(281)) - 12a15bd5-4321-4c17-a25c-f1df7459fe15@group-6F7EC01B3871-StateMachineUpdater: Took a snapshot at index 0
2021-08-10 07:21:30,018 [12a15bd5-4321-4c17-a25c-f1df7459fe15@group-6F7EC01B3871-StateMachineUpdater] INFO  impl.StateMachineUpdater (StateMachineUpdater.java:lambda$new$0(89)) - 12a15bd5-4321-4c17-a25c-f1df7459fe15@group-6F7EC01B3871-StateMachineUpdater: snapshotIndex: updateIncreasingly -1 -> 0
2021-08-10 07:21:30,018 [Listener at 127.0.0.1/10892] INFO  server.RaftServer$Division (ServerState.java:close(419)) - 12a15bd5-4321-4c17-a25c-f1df7459fe15@group-6F7EC01B3871: closes. applyIndex: 0
2021-08-10 07:21:30,018 [12a15bd5-4321-4c17-a25c-f1df7459fe15@group-6F7EC01B3871-SegmentedRaftLogWorker] INFO  segmented.SegmentedRaftLogWorker (SegmentedRaftLogWorker.java:run(327)) - 12a15bd5-4321-4c17-a25c-f1df7459fe15@group-6F7EC01B3871-SegmentedRaftLogWorker was interrupted, exiting. There are 0 tasks remaining in the queue.
2021-08-10 07:21:30,018 [Listener at 127.0.0.1/10892] INFO  segmented.SegmentedRaftLogWorker (SegmentedRaftLogWorker.java:close(237)) - 12a15bd5-4321-4c17-a25c-f1df7459fe15@group-6F7EC01B3871-SegmentedRaftLogWorker close()
2021-08-10 07:21:30,023 [Listener at 127.0.0.1/10892] INFO  server.GrpcService (GrpcService.java:closeImpl(262)) - 12a15bd5-4321-4c17-a25c-f1df7459fe15: shutdown server with port 38099 now
2021-08-10 07:21:30,024 [Listener at 127.0.0.1/10892] INFO  server.GrpcService (GrpcService.java:closeImpl(271)) - 12a15bd5-4321-4c17-a25c-f1df7459fe15: shutdown server with port 38099 successfully
2021-08-10 07:21:30,024 [org.apache.ratis.util.JvmPauseMonitor$$Lambda$430/506160180@7413e5c] INFO  util.JvmPauseMonitor (JvmPauseMonitor.java:run(109)) - JvmPauseMonitor-12a15bd5-4321-4c17-a25c-f1df7459fe15: Stopped
2021-08-10 07:21:30,025 [Listener at 127.0.0.1/10892] INFO  utils.BackgroundService (BackgroundService.java:shutdown(132)) - Shutting down service BlockDeletingService
2021-08-10 07:21:30,599 [EndpointStateMachine task thread for /127.0.0.1:12677 - 0 ] INFO  ipc.Client (Client.java:handleConnectionFailure(977)) - Retrying connect to server: localhost/127.0.0.1:12677. Already tried 14 time(s); retry policy is RetryUpToMaximumCountWithFixedSleep(maxRetries=15, sleepTime=1000 MILLISECONDS)
2021-08-10 07:21:30,599 [EndpointStateMachine task thread for /127.0.0.1:12677 - 0 ] WARN  statemachine.EndpointStateMachine (EndpointStateMachine.java:logIfNeeded(236)) - Unable to communicate to SCM server at localhost:12677 for past 0 seconds.
java.net.ConnectException: Call From fv-az12-876/10.1.0.46 to localhost:12677 failed on connection exception: java.net.ConnectException: Connection refused; For more details see:  http://wiki.apache.org/hadoop/ConnectionRefused
	at sun.reflect.NativeConstructorAccessorImpl.newInstance0(Native Method)
	at sun.reflect.NativeConstructorAccessorImpl.newInstance(NativeConstructorAccessorImpl.java:62)
	at sun.reflect.DelegatingConstructorAccessorImpl.newInstance(DelegatingConstructorAccessorImpl.java:45)
	at java.lang.reflect.Constructor.newInstance(Constructor.java:423)
	at org.apache.hadoop.net.NetUtils.wrapWithMessage(NetUtils.java:913)
	at org.apache.hadoop.net.NetUtils.wrapException(NetUtils.java:828)
	at org.apache.hadoop.ipc.Client.getRpcResponse(Client.java:1577)
	at org.apache.hadoop.ipc.Client.call(Client.java:1519)
	at org.apache.hadoop.ipc.Client.call(Client.java:1416)
	at org.apache.hadoop.ipc.ProtobufRpcEngine$Invoker.invoke(ProtobufRpcEngine.java:236)
	at org.apache.hadoop.ipc.ProtobufRpcEngine$Invoker.invoke(ProtobufRpcEngine.java:123)
	at com.sun.proxy.$Proxy46.submitRequest(Unknown Source)
	at org.apache.hadoop.ozone.protocolPB.StorageContainerDatanodeProtocolClientSideTranslatorPB.submitRequest(StorageContainerDatanodeProtocolClientSideTranslatorPB.java:117)
	at org.apache.hadoop.ozone.protocolPB.StorageContainerDatanodeProtocolClientSideTranslatorPB.sendHeartbeat(StorageContainerDatanodeProtocolClientSideTranslatorPB.java:149)
	at org.apache.hadoop.ozone.container.common.states.endpoint.HeartbeatEndpointTask.call(HeartbeatEndpointTask.java:179)
	at org.apache.hadoop.ozone.container.common.states.endpoint.HeartbeatEndpointTask.call(HeartbeatEndpointTask.java:82)
	at java.util.concurrent.FutureTask.run(FutureTask.java:266)
	at java.util.concurrent.ThreadPoolExecutor.runWorker(ThreadPoolExecutor.java:1149)
	at java.util.concurrent.ThreadPoolExecutor$Worker.run(ThreadPoolExecutor.java:624)
	at java.lang.Thread.run(Thread.java:748)
Caused by: java.net.ConnectException: Connection refused
	at sun.nio.ch.SocketChannelImpl.checkConnect(Native Method)
	at sun.nio.ch.SocketChannelImpl.finishConnect(SocketChannelImpl.java:716)
	at org.apache.hadoop.net.SocketIOWithTimeout.connect(SocketIOWithTimeout.java:206)
	at org.apache.hadoop.net.NetUtils.connect(NetUtils.java:586)
	at org.apache.hadoop.ipc.Client$Connection.setupConnection(Client.java:701)
	at org.apache.hadoop.ipc.Client$Connection.setupIOstreams(Client.java:822)
	at org.apache.hadoop.ipc.Client$Connection.access$3800(Client.java:414)
	at org.apache.hadoop.ipc.Client.getConnection(Client.java:1647)
	at org.apache.hadoop.ipc.Client.call(Client.java:1463)
	... 12 more
2021-08-10 07:21:31,600 [EndpointStateMachine task thread for /127.0.0.1:12677 - 0 ] INFO  ipc.Client (Client.java:handleConnectionFailure(977)) - Retrying connect to server: localhost/127.0.0.1:12677. Already tried 0 time(s); retry policy is RetryUpToMaximumCountWithFixedSleep(maxRetries=15, sleepTime=1000 MILLISECONDS)
2021-08-10 07:21:32,600 [EndpointStateMachine task thread for /127.0.0.1:12677 - 0 ] INFO  ipc.Client (Client.java:handleConnectionFailure(977)) - Retrying connect to server: localhost/127.0.0.1:12677. Already tried 1 time(s); retry policy is RetryUpToMaximumCountWithFixedSleep(maxRetries=15, sleepTime=1000 MILLISECONDS)
2021-08-10 07:21:33,040 [Listener at 127.0.0.1/10892] INFO  statemachine.DatanodeStateMachine (DatanodeStateMachine.java:stopDaemon(515)) - Ozone container server stopped.
2021-08-10 07:21:33,041 [Listener at 127.0.0.1/10892] INFO  handler.ContextHandler (ContextHandler.java:doStop(1153)) - Stopped o.e.j.w.WebAppContext@7d9ad599{hddsDatanode,/,null,STOPPED}{jar:file:/home/runner/.m2/repository/org/apache/ozone/hdds-container-service/1.2.0-SNAPSHOT/hdds-container-service-1.2.0-SNAPSHOT.jar!/webapps/hddsDatanode}
2021-08-10 07:21:33,042 [Listener at 127.0.0.1/10892] INFO  server.AbstractConnector (AbstractConnector.java:doStop(381)) - Stopped ServerConnector@324b5b48{HTTP/1.1, (http/1.1)}{0.0.0.0:0}
2021-08-10 07:21:33,042 [Listener at 127.0.0.1/10892] INFO  server.session (HouseKeeper.java:stopScavenging(149)) - node0 Stopped scavenging
2021-08-10 07:21:33,042 [Listener at 127.0.0.1/10892] INFO  handler.ContextHandler (ContextHandler.java:doStop(1153)) - Stopped o.e.j.s.ServletContextHandler@d702af2{static,/static,jar:file:/home/runner/.m2/repository/org/apache/ozone/hdds-container-service/1.2.0-SNAPSHOT/hdds-container-service-1.2.0-SNAPSHOT.jar!/webapps/static,STOPPED}
2021-08-10 07:21:33,042 [Listener at 127.0.0.1/10892] INFO  handler.ContextHandler (ContextHandler.java:doStop(1153)) - Stopped o.e.j.s.ServletContextHandler@1ff86079{logs,/logs,file:///home/runner/work/ozone/ozone/hadoop-ozone/integration-test/target/log,STOPPED}
]]></system-out>
  </testcase>
  <testcase name="testBootstrapOneNewOM" classname="org.apache.hadoop.ozone.om.TestOzoneManagerBootstrap" time="46.741"/>
  <testcase name="testLeaderChangeToNewOM" classname="org.apache.hadoop.ozone.om.TestOzoneManagerBootstrap" time="70.847"/>
</testsuite>