<?xml version="1.0" encoding="UTF-8"?>
<testsuite xmlns:xsi="http://www.w3.org/2001/XMLSchema-instance" xsi:noNamespaceSchemaLocation="https://maven.apache.org/surefire/maven-surefire-plugin/xsd/surefire-test-report.xsd" name="org.apache.hadoop.ozone.container.common.statemachine.commandhandler.TestBlockDeletion" time="257.772" tests="3" errors="0" skipped="0" failures="1">
  <properties>
    <property name="awt.toolkit" value="sun.awt.X11.XToolkit"/>
    <property name="file.encoding.pkg" value="sun.io"/>
    <property name="java.specification.version" value="1.8"/>
    <property name="sun.cpu.isalist" value=""/>
    <property name="sun.jnu.encoding" value="UTF-8"/>
    <property name="java.class.path" value="/home/runner/work/ozone/ozone/hadoop-ozone/integration-test/target/test-classes:/home/runner/work/ozone/ozone/hadoop-ozone/integration-test/target/classes:/home/runner/.m2/repository/org/apache/ozone/ozone-common/1.2.0-SNAPSHOT/ozone-common-1.2.0-SNAPSHOT.jar:/home/runner/.m2/repository/org/apache/commons/commons-compress/1.20/commons-compress-1.20.jar:/home/runner/.m2/repository/org/apache/ozone/hdds-common/1.2.0-SNAPSHOT/hdds-common-1.2.0-SNAPSHOT.jar:/home/runner/.m2/repository/org/apache/ozone/hdds-client/1.2.0-SNAPSHOT/hdds-client-1.2.0-SNAPSHOT.jar:/home/runner/.m2/repository/org/apache/ozone/ozone-interface-client/1.2.0-SNAPSHOT/ozone-interface-client-1.2.0-SNAPSHOT.jar:/home/runner/.m2/repository/org/apache/ozone/hdds-server-framework/1.2.0-SNAPSHOT/hdds-server-framework-1.2.0-SNAPSHOT.jar:/home/runner/.m2/repository/org/apache/ozone/hdds-interface-server/1.2.0-SNAPSHOT/hdds-interface-server-1.2.0-SNAPSHOT.jar:/home/runner/.m2/repository/org/eclipse/jetty/jetty-servlet/9.4.43.v20210629/jetty-servlet-9.4.43.v20210629.jar:/home/runner/.m2/repository/org/eclipse/jetty/jetty-security/9.4.43.v20210629/jetty-security-9.4.43.v20210629.jar:/home/runner/.m2/repository/org/rocksdb/rocksdbjni/6.20.3/rocksdbjni-6.20.3.jar:/home/runner/.m2/repository/io/prometheus/simpleclient_dropwizard/0.7.0/simpleclient_dropwizard-0.7.0.jar:/home/runner/.m2/repository/io/prometheus/simpleclient/0.7.0/simpleclient-0.7.0.jar:/home/runner/.m2/repository/io/prometheus/simpleclient_common/0.7.0/simpleclient_common-0.7.0.jar:/home/runner/.m2/repository/com/fasterxml/jackson/datatype/jackson-datatype-jsr310/2.12.1/jackson-datatype-jsr310-2.12.1.jar:/home/runner/.m2/repository/org/apache/ozone/hdds-test-utils/1.2.0-SNAPSHOT/hdds-test-utils-1.2.0-SNAPSHOT.jar:/home/runner/.m2/repository/com/google/guava/guava/30.1.1-jre/guava-30.1.1-jre.jar:/home/runner/.m2/repository/com/google/guava/failureaccess/1.0.1/failureaccess-1.0.1.jar:/home/runner/.m2/repository/com/google/guava/listenablefuture/9999.0-empty-to-avoid-conflict-with-guava/listenablefuture-9999.0-empty-to-avoid-conflict-with-guava.jar:/home/runner/.m2/repository/com/google/code/findbugs/jsr305/3.0.0/jsr305-3.0.0.jar:/home/runner/.m2/repository/org/checkerframework/checker-qual/3.8.0/checker-qual-3.8.0.jar:/home/runner/.m2/repository/com/google/errorprone/error_prone_annotations/2.2.0/error_prone_annotations-2.2.0.jar:/home/runner/.m2/repository/com/google/j2objc/j2objc-annotations/1.3/j2objc-annotations-1.3.jar:/home/runner/.m2/repository/commons-io/commons-io/2.8.0/commons-io-2.8.0.jar:/home/runner/.m2/repository/commons-logging/commons-logging/1.2/commons-logging-1.2.jar:/home/runner/.m2/repository/log4j/log4j/1.2.17/log4j-1.2.17.jar:/home/runner/.m2/repository/org/slf4j/slf4j-api/1.7.30/slf4j-api-1.7.30.jar:/home/runner/.m2/repository/org/apache/ozone/hdds-server-scm/1.2.0-SNAPSHOT/hdds-server-scm-1.2.0-SNAPSHOT.jar:/home/runner/.m2/repository/org/apache/ozone/hdds-container-service/1.2.0-SNAPSHOT/hdds-container-service-1.2.0-SNAPSHOT.jar:/home/runner/.m2/repository/org/apache/ozone/hdds-hadoop-dependency-server/1.2.0-SNAPSHOT/hdds-hadoop-dependency-server-1.2.0-SNAPSHOT.jar:/home/runner/.m2/repository/org/apache/hadoop/hadoop-hdfs/3.3.1/hadoop-hdfs-3.3.1.jar:/home/runner/.m2/repository/io/dropwizard/metrics/metrics-core/3.2.4/metrics-core-3.2.4.jar:/home/runner/.m2/repository/org/apache/hadoop/hadoop-hdfs-client/3.3.1/hadoop-hdfs-client-3.3.1.jar:/home/runner/.m2/repository/org/bouncycastle/bcprov-jdk15on/1.67/bcprov-jdk15on-1.67.jar:/home/runner/.m2/repository/com/google/protobuf/protobuf-java/2.5.0/protobuf-java-2.5.0.jar:/home/runner/.m2/repository/org/apache/ozone/ozone-manager/1.2.0-SNAPSHOT/ozone-manager-1.2.0-SNAPSHOT.jar:/home/runner/.m2/repository/org/aspectj/aspectjrt/1.8.9/aspectjrt-1.8.9.jar:/home/runner/.m2/repository/org/aspectj/aspectjweaver/1.8.9/aspectjweaver-1.8.9.jar:/home/runner/.m2/repository/org/apache/ozone/hdds-interface-client/1.2.0-SNAPSHOT/hdds-interface-client-1.2.0-SNAPSHOT.jar:/home/runner/.m2/repository/org/apache/hadoop/thirdparty/hadoop-shaded-protobuf_3_7/1.1.1/hadoop-shaded-protobuf_3_7-1.1.1.jar:/home/runner/.m2/repository/org/apache/ratis/ratis-thirdparty-misc/0.7.0/ratis-thirdparty-misc-0.7.0.jar:/home/runner/.m2/repository/org/apache/ozone/ozone-interface-storage/1.2.0-SNAPSHOT/ozone-interface-storage-1.2.0-SNAPSHOT.jar:/home/runner/.m2/repository/org/reflections/reflections/0.9.11/reflections-0.9.11.jar:/home/runner/.m2/repository/org/apache/hadoop/hadoop-minikdc/3.3.1/hadoop-minikdc-3.3.1.jar:/home/runner/.m2/repository/org/apache/kerby/kerb-simplekdc/1.0.1/kerb-simplekdc-1.0.1.jar:/home/runner/.m2/repository/org/apache/kerby/kerb-client/1.0.1/kerb-client-1.0.1.jar:/home/runner/.m2/repository/org/apache/kerby/kerby-config/1.0.1/kerby-config-1.0.1.jar:/home/runner/.m2/repository/org/apache/kerby/kerb-common/1.0.1/kerb-common-1.0.1.jar:/home/runner/.m2/repository/org/apache/kerby/kerb-crypto/1.0.1/kerb-crypto-1.0.1.jar:/home/runner/.m2/repository/org/apache/kerby/kerb-util/1.0.1/kerb-util-1.0.1.jar:/home/runner/.m2/repository/org/apache/kerby/token-provider/1.0.1/token-provider-1.0.1.jar:/home/runner/.m2/repository/org/apache/kerby/kerb-admin/1.0.1/kerb-admin-1.0.1.jar:/home/runner/.m2/repository/org/apache/kerby/kerb-server/1.0.1/kerb-server-1.0.1.jar:/home/runner/.m2/repository/org/apache/kerby/kerb-identity/1.0.1/kerb-identity-1.0.1.jar:/home/runner/.m2/repository/org/apache/kerby/kerby-xdr/1.0.1/kerby-xdr-1.0.1.jar:/home/runner/.m2/repository/org/slf4j/slf4j-log4j12/1.7.30/slf4j-log4j12-1.7.30.jar:/home/runner/.m2/repository/org/apache/ozone/ozone-s3gateway/1.2.0-SNAPSHOT/ozone-s3gateway-1.2.0-SNAPSHOT.jar:/home/runner/.m2/repository/org/javassist/javassist/3.21.0-GA/javassist-3.21.0-GA.jar:/home/runner/.m2/repository/org/jboss/weld/servlet/weld-servlet/2.4.7.Final/weld-servlet-2.4.7.Final.jar:/home/runner/.m2/repository/org/glassfish/jersey/containers/jersey-container-servlet-core/2.33/jersey-container-servlet-core-2.33.jar:/home/runner/.m2/repository/org/glassfish/hk2/external/jakarta.inject/2.6.1/jakarta.inject-2.6.1.jar:/home/runner/.m2/repository/org/glassfish/jersey/core/jersey-common/2.33/jersey-common-2.33.jar:/home/runner/.m2/repository/jakarta/ws/rs/jakarta.ws.rs-api/2.1.6/jakarta.ws.rs-api-2.1.6.jar:/home/runner/.m2/repository/org/glassfish/jersey/ext/cdi/jersey-cdi1x/2.33/jersey-cdi1x-2.33.jar:/home/runner/.m2/repository/org/glassfish/jersey/inject/jersey-hk2/2.33/jersey-hk2-2.33.jar:/home/runner/.m2/repository/org/glassfish/hk2/hk2-locator/2.6.1/hk2-locator-2.6.1.jar:/home/runner/.m2/repository/org/glassfish/jersey/media/jersey-media-jaxb/2.33/jersey-media-jaxb-2.33.jar:/home/runner/.m2/repository/org/glassfish/hk2/osgi-resource-locator/1.0.3/osgi-resource-locator-1.0.3.jar:/home/runner/.m2/repository/org/glassfish/hk2/hk2-api/2.5.0/hk2-api-2.5.0.jar:/home/runner/.m2/repository/org/glassfish/hk2/hk2-utils/2.5.0/hk2-utils-2.5.0.jar:/home/runner/.m2/repository/org/glassfish/hk2/external/aopalliance-repackaged/2.5.0/aopalliance-repackaged-2.5.0.jar:/home/runner/.m2/repository/com/fasterxml/jackson/dataformat/jackson-dataformat-xml/2.12.1/jackson-dataformat-xml-2.12.1.jar:/home/runner/.m2/repository/com/fasterxml/jackson/core/jackson-core/2.12.1/jackson-core-2.12.1.jar:/home/runner/.m2/repository/com/fasterxml/jackson/module/jackson-module-jaxb-annotations/2.12.1/jackson-module-jaxb-annotations-2.12.1.jar:/home/runner/.m2/repository/jakarta/xml/bind/jakarta.xml.bind-api/2.3.2/jakarta.xml.bind-api-2.3.2.jar:/home/runner/.m2/repository/org/codehaus/woodstox/stax2-api/3.1.4/stax2-api-3.1.4.jar:/home/runner/.m2/repository/com/fasterxml/woodstox/woodstox-core/5.0.3/woodstox-core-5.0.3.jar:/home/runner/.m2/repository/javax/enterprise/cdi-api/1.2/cdi-api-1.2.jar:/home/runner/.m2/repository/javax/el/javax.el-api/3.0.0/javax.el-api-3.0.0.jar:/home/runner/.m2/repository/javax/interceptor/javax.interceptor-api/1.2/javax.interceptor-api-1.2.jar:/home/runner/.m2/repository/javax/inject/javax.inject/1/javax.inject-1.jar:/home/runner/.m2/repository/javax/xml/bind/jaxb-api/2.3.0/jaxb-api-2.3.0.jar:/home/runner/.m2/repository/org/glassfish/jaxb/jaxb-runtime/2.3.0.1/jaxb-runtime-2.3.0.1.jar:/home/runner/.m2/repository/org/glassfish/jaxb/jaxb-core/2.3.0.1/jaxb-core-2.3.0.1.jar:/home/runner/.m2/repository/org/glassfish/jaxb/txw2/2.3.0.1/txw2-2.3.0.1.jar:/home/runner/.m2/repository/com/sun/istack/istack-commons-runtime/3.0.5/istack-commons-runtime-3.0.5.jar:/home/runner/.m2/repository/org/jvnet/staxex/stax-ex/1.7.8/stax-ex-1.7.8.jar:/home/runner/.m2/repository/com/sun/xml/fastinfoset/FastInfoset/1.2.13/FastInfoset-1.2.13.jar:/home/runner/.m2/repository/javax/activation/activation/1.1.1/activation-1.1.1.jar:/home/runner/.m2/repository/org/apache/ozone/ozone-csi/1.2.0-SNAPSHOT/ozone-csi-1.2.0-SNAPSHOT.jar:/home/runner/.m2/repository/com/google/protobuf/protobuf-java-util/3.12.0/protobuf-java-util-3.12.0.jar:/home/runner/.m2/repository/com/google/code/gson/gson/2.2.4/gson-2.2.4.jar:/home/runner/.m2/repository/org/apache/ozone/hdds-config/1.2.0-SNAPSHOT/hdds-config-1.2.0-SNAPSHOT.jar:/home/runner/.m2/repository/io/grpc/grpc-netty/1.33.0/grpc-netty-1.33.0.jar:/home/runner/.m2/repository/io/grpc/grpc-core/1.33.0/grpc-core-1.33.0.jar:/home/runner/.m2/repository/com/google/android/annotations/4.1.1.4/annotations-4.1.1.4.jar:/home/runner/.m2/repository/io/netty/netty-codec-http2/4.1.63.Final/netty-codec-http2-4.1.63.Final.jar:/home/runner/.m2/repository/io/netty/netty-codec-http/4.1.63.Final/netty-codec-http-4.1.63.Final.jar:/home/runner/.m2/repository/io/netty/netty-handler-proxy/4.1.63.Final/netty-handler-proxy-4.1.63.Final.jar:/home/runner/.m2/repository/io/netty/netty-codec-socks/4.1.63.Final/netty-codec-socks-4.1.63.Final.jar:/home/runner/.m2/repository/io/perfmark/perfmark-api/0.19.0/perfmark-api-0.19.0.jar:/home/runner/.m2/repository/org/codehaus/mojo/animal-sniffer-annotations/1.18/animal-sniffer-annotations-1.18.jar:/home/runner/.m2/repository/io/netty/netty-transport-native-epoll/4.1.63.Final/netty-transport-native-epoll-4.1.63.Final.jar:/home/runner/.m2/repository/io/netty/netty-common/4.1.63.Final/netty-common-4.1.63.Final.jar:/home/runner/.m2/repository/io/netty/netty-buffer/4.1.63.Final/netty-buffer-4.1.63.Final.jar:/home/runner/.m2/repository/io/netty/netty-transport-native-unix-common/4.1.63.Final/netty-transport-native-unix-common-4.1.63.Final.jar:/home/runner/.m2/repository/io/grpc/grpc-protobuf/1.33.0/grpc-protobuf-1.33.0.jar:/home/runner/.m2/repository/io/grpc/grpc-api/1.33.0/grpc-api-1.33.0.jar:/home/runner/.m2/repository/io/grpc/grpc-context/1.33.0/grpc-context-1.33.0.jar:/home/runner/.m2/repository/com/google/api/grpc/proto-google-common-protos/1.17.0/proto-google-common-protos-1.17.0.jar:/home/runner/.m2/repository/io/grpc/grpc-protobuf-lite/1.33.0/grpc-protobuf-lite-1.33.0.jar:/home/runner/.m2/repository/io/grpc/grpc-stub/1.33.0/grpc-stub-1.33.0.jar:/home/runner/.m2/repository/org/apache/ozone/ozone-recon/1.2.0-SNAPSHOT/ozone-recon-1.2.0-SNAPSHOT.jar:/home/runner/.m2/repository/org/apache/ozone/ozone-reconcodegen/1.2.0-SNAPSHOT/ozone-reconcodegen-1.2.0-SNAPSHOT.jar:/home/runner/.m2/repository/com/google/inject/extensions/guice-multibindings/4.0/guice-multibindings-4.0.jar:/home/runner/.m2/repository/com/google/inject/guice/4.0/guice-4.0.jar:/home/runner/.m2/repository/aopalliance/aopalliance/1.0/aopalliance-1.0.jar:/home/runner/.m2/repository/com/google/inject/extensions/guice-assistedinject/4.0/guice-assistedinject-4.0.jar:/home/runner/.m2/repository/com/google/inject/extensions/guice-servlet/4.0/guice-servlet-4.0.jar:/home/runner/.m2/repository/org/glassfish/jersey/containers/jersey-container-servlet/2.33/jersey-container-servlet-2.33.jar:/home/runner/.m2/repository/org/glassfish/hk2/guice-bridge/2.5.0/guice-bridge-2.5.0.jar:/home/runner/.m2/repository/org/glassfish/jersey/core/jersey-server/2.33/jersey-server-2.33.jar:/home/runner/.m2/repository/org/glassfish/jersey/core/jersey-client/2.33/jersey-client-2.33.jar:/home/runner/.m2/repository/jakarta/annotation/jakarta.annotation-api/1.3.5/jakarta.annotation-api-1.3.5.jar:/home/runner/.m2/repository/jakarta/validation/jakarta.validation-api/2.0.2/jakarta.validation-api-2.0.2.jar:/home/runner/.m2/repository/org/glassfish/jersey/media/jersey-media-json-jackson/2.33/jersey-media-json-jackson-2.33.jar:/home/runner/.m2/repository/org/glassfish/jersey/ext/jersey-entity-filtering/2.33/jersey-entity-filtering-2.33.jar:/home/runner/.m2/repository/org/jooq/jooq/3.11.10/jooq-3.11.10.jar:/home/runner/.m2/repository/org/jooq/jooq-meta/3.11.10/jooq-meta-3.11.10.jar:/home/runner/.m2/repository/org/jooq/jooq-codegen/3.11.10/jooq-codegen-3.11.10.jar:/home/runner/.m2/repository/com/jolbox/bonecp/0.8.0.RELEASE/bonecp-0.8.0.RELEASE.jar:/home/runner/.m2/repository/org/apache/derby/derby/10.14.2.0/derby-10.14.2.0.jar:/home/runner/.m2/repository/org/xerial/sqlite-jdbc/3.25.2/sqlite-jdbc-3.25.2.jar:/home/runner/.m2/repository/org/springframework/spring-jdbc/5.2.11.RELEASE/spring-jdbc-5.2.11.RELEASE.jar:/home/runner/.m2/repository/org/springframework/spring-beans/5.2.11.RELEASE/spring-beans-5.2.11.RELEASE.jar:/home/runner/.m2/repository/org/springframework/spring-core/5.2.11.RELEASE/spring-core-5.2.11.RELEASE.jar:/home/runner/.m2/repository/org/springframework/spring-jcl/5.2.11.RELEASE/spring-jcl-5.2.11.RELEASE.jar:/home/runner/.m2/repository/org/springframework/spring-tx/5.2.11.RELEASE/spring-tx-5.2.11.RELEASE.jar:/home/runner/.m2/repository/org/apache/ozone/ozone-client/1.2.0-SNAPSHOT/ozone-client-1.2.0-SNAPSHOT.jar:/home/runner/.m2/repository/org/apache/ozone/ozone-filesystem/1.2.0-SNAPSHOT/ozone-filesystem-1.2.0-SNAPSHOT.jar:/home/runner/.m2/repository/org/apache/ozone/ozone-filesystem-common/1.2.0-SNAPSHOT/ozone-filesystem-common-1.2.0-SNAPSHOT.jar:/home/runner/.m2/repository/org/apache/ozone/ozone-tools/1.2.0-SNAPSHOT/ozone-tools-1.2.0-SNAPSHOT.jar:/home/runner/.m2/repository/org/apache/ratis/ratis-tools/2.1.0/ratis-tools-2.1.0.jar:/home/runner/.m2/repository/org/apache/ratis/ratis-proto/2.1.0/ratis-proto-2.1.0.jar:/home/runner/.m2/repository/org/apache/ratis/ratis-common/2.1.0/ratis-common-2.1.0.jar:/home/runner/.m2/repository/com/amazonaws/aws-java-sdk-core/1.11.901/aws-java-sdk-core-1.11.901.jar:/home/runner/.m2/repository/org/apache/httpcomponents/httpclient/4.5.13/httpclient-4.5.13.jar:/home/runner/.m2/repository/org/apache/httpcomponents/httpcore/4.4.13/httpcore-4.4.13.jar:/home/runner/.m2/repository/software/amazon/ion/ion-java/1.0.2/ion-java-1.0.2.jar:/home/runner/.m2/repository/com/fasterxml/jackson/dataformat/jackson-dataformat-cbor/2.12.1/jackson-dataformat-cbor-2.12.1.jar:/home/runner/.m2/repository/joda-time/joda-time/2.8.1/joda-time-2.8.1.jar:/home/runner/.m2/repository/com/amazonaws/aws-java-sdk-s3/1.11.901/aws-java-sdk-s3-1.11.901.jar:/home/runner/.m2/repository/com/amazonaws/aws-java-sdk-kms/1.11.901/aws-java-sdk-kms-1.11.901.jar:/home/runner/.m2/repository/com/amazonaws/jmespath-java/1.11.901/jmespath-java-1.11.901.jar:/home/runner/.m2/repository/org/kohsuke/metainf-services/metainf-services/1.8/metainf-services-1.8.jar:/home/runner/.m2/repository/org/apache/ozone/hdds-tools/1.2.0-SNAPSHOT/hdds-tools-1.2.0-SNAPSHOT.jar:/home/runner/.m2/repository/commons-cli/commons-cli/1.2/commons-cli-1.2.jar:/home/runner/.m2/repository/org/apache/commons/commons-lang3/3.7/commons-lang3-3.7.jar:/home/runner/.m2/repository/org/apache/ozone/ozone-manager/1.2.0-SNAPSHOT/ozone-manager-1.2.0-SNAPSHOT-tests.jar:/home/runner/.m2/repository/org/apache/ozone/hdds-common/1.2.0-SNAPSHOT/hdds-common-1.2.0-SNAPSHOT-tests.jar:/home/runner/.m2/repository/org/apache/ozone/hdds-hadoop-dependency-client/1.2.0-SNAPSHOT/hdds-hadoop-dependency-client-1.2.0-SNAPSHOT.jar:/home/runner/.m2/repository/info/picocli/picocli/4.4.0/picocli-4.4.0.jar:/home/runner/.m2/repository/com/fasterxml/jackson/core/jackson-annotations/2.12.1/jackson-annotations-2.12.1.jar:/home/runner/.m2/repository/javax/annotation/javax.annotation-api/1.2/javax.annotation-api-1.2.jar:/home/runner/.m2/repository/org/apache/ratis/ratis-server/2.1.0/ratis-server-2.1.0.jar:/home/runner/.m2/repository/org/apache/ratis/ratis-client/2.1.0/ratis-client-2.1.0.jar:/home/runner/.m2/repository/org/apache/ratis/ratis-server-api/2.1.0/ratis-server-api-2.1.0.jar:/home/runner/.m2/repository/org/apache/ratis/ratis-metrics/2.1.0/ratis-metrics-2.1.0.jar:/home/runner/.m2/repository/org/apache/ratis/ratis-netty/2.1.0/ratis-netty-2.1.0.jar:/home/runner/.m2/repository/org/apache/ratis/ratis-grpc/2.1.0/ratis-grpc-2.1.0.jar:/home/runner/.m2/repository/org/apache/logging/log4j/log4j-api/2.13.3/log4j-api-2.13.3.jar:/home/runner/.m2/repository/org/apache/logging/log4j/log4j-core/2.13.3/log4j-core-2.13.3.jar:/home/runner/.m2/repository/com/lmax/disruptor/3.4.2/disruptor-3.4.2.jar:/home/runner/.m2/repository/org/apache/commons/commons-pool2/2.6.0/commons-pool2-2.6.0.jar:/home/runner/.m2/repository/org/bouncycastle/bcpkix-jdk15on/1.67/bcpkix-jdk15on-1.67.jar:/home/runner/.m2/repository/commons-validator/commons-validator/1.6/commons-validator-1.6.jar:/home/runner/.m2/repository/commons-beanutils/commons-beanutils/1.9.4/commons-beanutils-1.9.4.jar:/home/runner/.m2/repository/commons-digester/commons-digester/1.8.1/commons-digester-1.8.1.jar:/home/runner/.m2/repository/commons-collections/commons-collections/3.2.2/commons-collections-3.2.2.jar:/home/runner/.m2/repository/io/jaegertracing/jaeger-client/1.6.0/jaeger-client-1.6.0.jar:/home/runner/.m2/repository/io/jaegertracing/jaeger-thrift/1.6.0/jaeger-thrift-1.6.0.jar:/home/runner/.m2/repository/org/apache/thrift/libthrift/0.14.1/libthrift-0.14.1.jar:/home/runner/.m2/repository/com/squareup/okhttp3/okhttp/4.9.0/okhttp-4.9.0.jar:/home/runner/.m2/repository/com/squareup/okio/okio/2.8.0/okio-2.8.0.jar:/home/runner/.m2/repository/io/jaegertracing/jaeger-core/1.6.0/jaeger-core-1.6.0.jar:/home/runner/.m2/repository/io/jaegertracing/jaeger-tracerresolver/1.6.0/jaeger-tracerresolver-1.6.0.jar:/home/runner/.m2/repository/io/opentracing/contrib/opentracing-tracerresolver/0.1.8/opentracing-tracerresolver-0.1.8.jar:/home/runner/.m2/repository/org/jetbrains/kotlin/kotlin-stdlib/1.4.31/kotlin-stdlib-1.4.31.jar:/home/runner/.m2/repository/org/jetbrains/kotlin/kotlin-stdlib-common/1.4.31/kotlin-stdlib-common-1.4.31.jar:/home/runner/.m2/repository/org/jetbrains/annotations/13.0/annotations-13.0.jar:/home/runner/.m2/repository/io/opentracing/opentracing-util/0.33.0/opentracing-util-0.33.0.jar:/home/runner/.m2/repository/io/opentracing/opentracing-api/0.33.0/opentracing-api-0.33.0.jar:/home/runner/.m2/repository/io/opentracing/opentracing-noop/0.33.0/opentracing-noop-0.33.0.jar:/home/runner/.m2/repository/org/yaml/snakeyaml/1.26/snakeyaml-1.26.jar:/home/runner/.m2/repository/org/apache/ozone/hdds-interface-admin/1.2.0-SNAPSHOT/hdds-interface-admin-1.2.0-SNAPSHOT.jar:/home/runner/.m2/repository/junit/junit/4.13.1/junit-4.13.1.jar:/home/runner/.m2/repository/org/hamcrest/hamcrest-core/1.3/hamcrest-core-1.3.jar:/home/runner/.m2/repository/org/junit/jupiter/junit-jupiter-api/5.7.0/junit-jupiter-api-5.7.0.jar:/home/runner/.m2/repository/org/apiguardian/apiguardian-api/1.1.0/apiguardian-api-1.1.0.jar:/home/runner/.m2/repository/org/opentest4j/opentest4j/1.2.0/opentest4j-1.2.0.jar:/home/runner/.m2/repository/org/junit/platform/junit-platform-commons/1.7.0/junit-platform-commons-1.7.0.jar:/home/runner/.m2/repository/org/junit/jupiter/junit-jupiter-engine/5.7.0/junit-jupiter-engine-5.7.0.jar:/home/runner/.m2/repository/org/junit/platform/junit-platform-engine/1.7.0/junit-platform-engine-1.7.0.jar:/home/runner/.m2/repository/org/junit/vintage/junit-vintage-engine/5.7.0/junit-vintage-engine-5.7.0.jar:/home/runner/.m2/repository/org/junit/platform/junit-platform-launcher/1.7.0/junit-platform-launcher-1.7.0.jar:/home/runner/.m2/repository/org/openjdk/jmh/jmh-core/1.19/jmh-core-1.19.jar:/home/runner/.m2/repository/net/sf/jopt-simple/jopt-simple/4.6/jopt-simple-4.6.jar:/home/runner/.m2/repository/org/apache/commons/commons-math3/3.1.1/commons-math3-3.1.1.jar:/home/runner/.m2/repository/org/openjdk/jmh/jmh-generator-annprocess/1.19/jmh-generator-annprocess-1.19.jar:/home/runner/.m2/repository/org/mockito/mockito-core/2.28.2/mockito-core-2.28.2.jar:/home/runner/.m2/repository/net/bytebuddy/byte-buddy/1.9.10/byte-buddy-1.9.10.jar:/home/runner/.m2/repository/net/bytebuddy/byte-buddy-agent/1.9.10/byte-buddy-agent-1.9.10.jar:/home/runner/.m2/repository/org/objenesis/objenesis/1.0/objenesis-1.0.jar:/home/runner/.m2/repository/org/apache/hadoop/hadoop-kms/3.3.1/hadoop-kms-3.3.1.jar:/home/runner/.m2/repository/org/apache/hadoop/hadoop-auth/3.3.1/hadoop-auth-3.3.1.jar:/home/runner/.m2/repository/com/nimbusds/nimbus-jose-jwt/7.9/nimbus-jose-jwt-7.9.jar:/home/runner/.m2/repository/com/github/stephenc/jcip/jcip-annotations/1.0-1/jcip-annotations-1.0-1.jar:/home/runner/.m2/repository/net/minidev/json-smart/2.3/json-smart-2.3.jar:/home/runner/.m2/repository/net/minidev/accessors-smart/1.2/accessors-smart-1.2.jar:/home/runner/.m2/repository/org/ow2/asm/asm/5.0.4/asm-5.0.4.jar:/home/runner/.m2/repository/org/apache/zookeeper/zookeeper/3.5.6/zookeeper-3.5.6.jar:/home/runner/.m2/repository/org/apache/zookeeper/zookeeper-jute/3.5.6/zookeeper-jute-3.5.6.jar:/home/runner/.m2/repository/org/apache/yetus/audience-annotations/0.5.0/audience-annotations-0.5.0.jar:/home/runner/.m2/repository/org/apache/curator/curator-framework/4.2.0/curator-framework-4.2.0.jar:/home/runner/.m2/repository/org/apache/hadoop/thirdparty/hadoop-shaded-guava/1.1.1/hadoop-shaded-guava-1.1.1.jar:/home/runner/.m2/repository/com/sun/jersey/jersey-core/1.19/jersey-core-1.19.jar:/home/runner/.m2/repository/javax/ws/rs/jsr311-api/1.1.1/jsr311-api-1.1.1.jar:/home/runner/.m2/repository/com/sun/jersey/jersey-server/1.19/jersey-server-1.19.jar:/home/runner/.m2/repository/javax/servlet/javax.servlet-api/3.1.0/javax.servlet-api-3.1.0.jar:/home/runner/.m2/repository/org/eclipse/jetty/jetty-server/9.4.43.v20210629/jetty-server-9.4.43.v20210629.jar:/home/runner/.m2/repository/org/eclipse/jetty/jetty-http/9.4.43.v20210629/jetty-http-9.4.43.v20210629.jar:/home/runner/.m2/repository/org/eclipse/jetty/jetty-io/9.4.43.v20210629/jetty-io-9.4.43.v20210629.jar:/home/runner/.m2/repository/org/eclipse/jetty/jetty-webapp/9.4.43.v20210629/jetty-webapp-9.4.43.v20210629.jar:/home/runner/.m2/repository/org/eclipse/jetty/jetty-xml/9.4.43.v20210629/jetty-xml-9.4.43.v20210629.jar:/home/runner/.m2/repository/org/apache/hadoop/hadoop-common/3.3.1/hadoop-common-3.3.1.jar:/home/runner/.m2/repository/commons-net/commons-net/3.6/commons-net-3.6.jar:/home/runner/.m2/repository/jakarta/activation/jakarta.activation-api/1.2.1/jakarta.activation-api-1.2.1.jar:/home/runner/.m2/repository/com/sun/jersey/jersey-servlet/1.19/jersey-servlet-1.19.jar:/home/runner/.m2/repository/com/sun/jersey/jersey-json/1.19/jersey-json-1.19.jar:/home/runner/.m2/repository/org/codehaus/jettison/jettison/1.1/jettison-1.1.jar:/home/runner/.m2/repository/com/sun/xml/bind/jaxb-impl/2.2.3-1/jaxb-impl-2.2.3-1.jar:/home/runner/.m2/repository/org/codehaus/jackson/jackson-jaxrs/1.9.2/jackson-jaxrs-1.9.2.jar:/home/runner/.m2/repository/org/codehaus/jackson/jackson-xc/1.9.2/jackson-xc-1.9.2.jar:/home/runner/.m2/repository/org/apache/commons/commons-configuration2/2.1.1/commons-configuration2-2.1.1.jar:/home/runner/.m2/repository/org/apache/commons/commons-text/1.4/commons-text-1.4.jar:/home/runner/.m2/repository/com/google/re2j/re2j/1.1/re2j-1.1.jar:/home/runner/.m2/repository/com/jcraft/jsch/0.1.54/jsch-0.1.54.jar:/home/runner/.m2/repository/org/apache/curator/curator-client/4.2.0/curator-client-4.2.0.jar:/home/runner/.m2/repository/org/apache/curator/curator-recipes/4.2.0/curator-recipes-4.2.0.jar:/home/runner/.m2/repository/org/apache/kerby/kerb-core/1.0.1/kerb-core-1.0.1.jar:/home/runner/.m2/repository/org/apache/kerby/kerby-pkix/1.0.1/kerby-pkix-1.0.1.jar:/home/runner/.m2/repository/org/apache/kerby/kerby-asn1/1.0.1/kerby-asn1-1.0.1.jar:/home/runner/.m2/repository/org/apache/kerby/kerby-util/1.0.1/kerby-util-1.0.1.jar:/home/runner/.m2/repository/dnsjava/dnsjava/2.1.7/dnsjava-2.1.7.jar:/home/runner/.m2/repository/org/xerial/snappy/snappy-java/1.1.8.2/snappy-java-1.1.8.2.jar:/home/runner/.m2/repository/org/slf4j/jul-to-slf4j/1.7.30/jul-to-slf4j-1.7.30.jar:/home/runner/.m2/repository/org/eclipse/jetty/jetty-util/9.4.43.v20210629/jetty-util-9.4.43.v20210629.jar:/home/runner/.m2/repository/com/fasterxml/jackson/core/jackson-databind/2.12.1/jackson-databind-2.12.1.jar:/home/runner/.m2/repository/org/apache/hadoop/hadoop-kms/3.3.1/hadoop-kms-3.3.1-tests.jar:/home/runner/.m2/repository/org/apache/ozone/hdds-server-scm/1.2.0-SNAPSHOT/hdds-server-scm-1.2.0-SNAPSHOT-tests.jar:/home/runner/.m2/repository/org/apache/ozone/hdds-container-service/1.2.0-SNAPSHOT/hdds-container-service-1.2.0-SNAPSHOT-tests.jar:/home/runner/.m2/repository/commons-codec/commons-codec/1.11/commons-codec-1.11.jar:/home/runner/.m2/repository/io/netty/netty-transport/4.1.63.Final/netty-transport-4.1.63.Final.jar:/home/runner/.m2/repository/io/netty/netty-resolver/4.1.63.Final/netty-resolver-4.1.63.Final.jar:/home/runner/.m2/repository/io/netty/netty-codec/4.1.63.Final/netty-codec-4.1.63.Final.jar:/home/runner/.m2/repository/io/netty/netty-handler/4.1.63.Final/netty-handler-4.1.63.Final.jar:/home/runner/.m2/repository/org/apache/ozone/hdds-hadoop-dependency-test/1.2.0-SNAPSHOT/hdds-hadoop-dependency-test-1.2.0-SNAPSHOT.jar:/home/runner/.m2/repository/org/apache/hadoop/hadoop-common/3.3.1/hadoop-common-3.3.1-tests.jar:/home/runner/.m2/repository/org/assertj/assertj-core/3.12.2/assertj-core-3.12.2.jar:/home/runner/.m2/repository/org/apache/hadoop/hadoop-hdfs/3.3.1/hadoop-hdfs-3.3.1-tests.jar:/home/runner/.m2/repository/org/eclipse/jetty/jetty-util-ajax/9.4.43.v20210629/jetty-util-ajax-9.4.43.v20210629.jar:/home/runner/.m2/repository/commons-daemon/commons-daemon/1.0.13/commons-daemon-1.0.13.jar:/home/runner/.m2/repository/io/netty/netty/3.10.6.Final/netty-3.10.6.Final.jar:/home/runner/.m2/repository/io/netty/netty-all/4.1.63.Final/netty-all-4.1.63.Final.jar:/home/runner/.m2/repository/org/apache/htrace/htrace-core4/4.1.0-incubating/htrace-core4-4.1.0-incubating.jar:/home/runner/.m2/repository/org/fusesource/leveldbjni/leveldbjni-all/1.8/leveldbjni-all-1.8.jar:/home/runner/.m2/repository/org/apache/hadoop/hadoop-distcp/3.3.1/hadoop-distcp-3.3.1.jar:/home/runner/.m2/repository/org/apache/hadoop/hadoop-mapreduce-client-jobclient/3.3.1/hadoop-mapreduce-client-jobclient-3.3.1.jar:/home/runner/.m2/repository/org/apache/hadoop/hadoop-mapreduce-client-common/3.3.1/hadoop-mapreduce-client-common-3.3.1.jar:/home/runner/.m2/repository/org/apache/hadoop/hadoop-yarn-common/3.3.1/hadoop-yarn-common-3.3.1.jar:/home/runner/.m2/repository/org/apache/hadoop/hadoop-yarn-api/3.3.1/hadoop-yarn-api-3.3.1.jar:/home/runner/.m2/repository/com/sun/jersey/jersey-client/1.19/jersey-client-1.19.jar:/home/runner/.m2/repository/com/sun/jersey/contribs/jersey-guice/1.19/jersey-guice-1.19.jar:/home/runner/.m2/repository/com/fasterxml/jackson/jaxrs/jackson-jaxrs-json-provider/2.12.1/jackson-jaxrs-json-provider-2.12.1.jar:/home/runner/.m2/repository/com/fasterxml/jackson/jaxrs/jackson-jaxrs-base/2.12.1/jackson-jaxrs-base-2.12.1.jar:/home/runner/.m2/repository/org/apache/hadoop/hadoop-yarn-client/3.3.1/hadoop-yarn-client-3.3.1.jar:/home/runner/.m2/repository/org/eclipse/jetty/websocket/websocket-client/9.4.40.v20210413/websocket-client-9.4.40.v20210413.jar:/home/runner/.m2/repository/org/eclipse/jetty/jetty-client/9.4.40.v20210413/jetty-client-9.4.40.v20210413.jar:/home/runner/.m2/repository/org/eclipse/jetty/websocket/websocket-common/9.4.40.v20210413/websocket-common-9.4.40.v20210413.jar:/home/runner/.m2/repository/org/eclipse/jetty/websocket/websocket-api/9.4.40.v20210413/websocket-api-9.4.40.v20210413.jar:/home/runner/.m2/repository/org/jline/jline/3.9.0/jline-3.9.0.jar:/home/runner/.m2/repository/org/apache/hadoop/hadoop-mapreduce-client-core/3.3.1/hadoop-mapreduce-client-core-3.3.1.jar:/home/runner/.m2/repository/org/apache/avro/avro/1.7.7/avro-1.7.7.jar:/home/runner/.m2/repository/org/codehaus/jackson/jackson-core-asl/1.9.13/jackson-core-asl-1.9.13.jar:/home/runner/.m2/repository/org/codehaus/jackson/jackson-mapper-asl/1.9.13/jackson-mapper-asl-1.9.13.jar:/home/runner/.m2/repository/com/thoughtworks/paranamer/paranamer/2.3/paranamer-2.3.jar:/home/runner/.m2/repository/org/apache/hadoop/hadoop-annotations/3.3.1/hadoop-annotations-3.3.1.jar:/usr/lib/jvm/adoptopenjdk-8-hotspot-amd64/jre/../lib/tools.jar:/home/runner/.m2/repository/org/apache/hadoop/hadoop-distcp/3.3.1/hadoop-distcp-3.3.1-tests.jar:"/>
    <property name="java.vm.vendor" value="AdoptOpenJDK"/>
    <property name="sun.arch.data.model" value="64"/>
    <property name="test.build.dir" value="/home/runner/work/ozone/ozone/hadoop-ozone/integration-test/target/test-dir"/>
    <property name="test.cache.data" value=""/>
    <property name="java.vendor.url" value="https://adoptopenjdk.net/"/>
    <property name="user.timezone" value=""/>
    <property name="java.vm.specification.version" value="1.8"/>
    <property name="os.name" value="Linux"/>
    <property name="test.build.data" value="/home/runner/work/ozone/ozone/hadoop-ozone/integration-test/target/test-dir"/>
    <property name="sun.java.launcher" value="SUN_STANDARD"/>
    <property name="sun.boot.library.path" value="/usr/lib/jvm/adoptopenjdk-8-hotspot-amd64/jre/lib/amd64"/>
    <property name="sun.java.command" value="/home/runner/work/ozone/ozone/hadoop-ozone/integration-test/target/surefire/surefirebooter5522328943618693867.jar /home/runner/work/ozone/ozone/hadoop-ozone/integration-test/target/surefire 2021-08-10T06-40-03_370-jvmRun1 surefire7003293749408934335tmp surefire_548517062920448995184tmp"/>
    <property name="surefire.test.class.path" value="/home/runner/work/ozone/ozone/hadoop-ozone/integration-test/target/test-classes:/home/runner/work/ozone/ozone/hadoop-ozone/integration-test/target/classes:/home/runner/.m2/repository/org/apache/ozone/ozone-common/1.2.0-SNAPSHOT/ozone-common-1.2.0-SNAPSHOT.jar:/home/runner/.m2/repository/org/apache/commons/commons-compress/1.20/commons-compress-1.20.jar:/home/runner/.m2/repository/org/apache/ozone/hdds-common/1.2.0-SNAPSHOT/hdds-common-1.2.0-SNAPSHOT.jar:/home/runner/.m2/repository/org/apache/ozone/hdds-client/1.2.0-SNAPSHOT/hdds-client-1.2.0-SNAPSHOT.jar:/home/runner/.m2/repository/org/apache/ozone/ozone-interface-client/1.2.0-SNAPSHOT/ozone-interface-client-1.2.0-SNAPSHOT.jar:/home/runner/.m2/repository/org/apache/ozone/hdds-server-framework/1.2.0-SNAPSHOT/hdds-server-framework-1.2.0-SNAPSHOT.jar:/home/runner/.m2/repository/org/apache/ozone/hdds-interface-server/1.2.0-SNAPSHOT/hdds-interface-server-1.2.0-SNAPSHOT.jar:/home/runner/.m2/repository/org/eclipse/jetty/jetty-servlet/9.4.43.v20210629/jetty-servlet-9.4.43.v20210629.jar:/home/runner/.m2/repository/org/eclipse/jetty/jetty-security/9.4.43.v20210629/jetty-security-9.4.43.v20210629.jar:/home/runner/.m2/repository/org/rocksdb/rocksdbjni/6.20.3/rocksdbjni-6.20.3.jar:/home/runner/.m2/repository/io/prometheus/simpleclient_dropwizard/0.7.0/simpleclient_dropwizard-0.7.0.jar:/home/runner/.m2/repository/io/prometheus/simpleclient/0.7.0/simpleclient-0.7.0.jar:/home/runner/.m2/repository/io/prometheus/simpleclient_common/0.7.0/simpleclient_common-0.7.0.jar:/home/runner/.m2/repository/com/fasterxml/jackson/datatype/jackson-datatype-jsr310/2.12.1/jackson-datatype-jsr310-2.12.1.jar:/home/runner/.m2/repository/org/apache/ozone/hdds-test-utils/1.2.0-SNAPSHOT/hdds-test-utils-1.2.0-SNAPSHOT.jar:/home/runner/.m2/repository/com/google/guava/guava/30.1.1-jre/guava-30.1.1-jre.jar:/home/runner/.m2/repository/com/google/guava/failureaccess/1.0.1/failureaccess-1.0.1.jar:/home/runner/.m2/repository/com/google/guava/listenablefuture/9999.0-empty-to-avoid-conflict-with-guava/listenablefuture-9999.0-empty-to-avoid-conflict-with-guava.jar:/home/runner/.m2/repository/com/google/code/findbugs/jsr305/3.0.0/jsr305-3.0.0.jar:/home/runner/.m2/repository/org/checkerframework/checker-qual/3.8.0/checker-qual-3.8.0.jar:/home/runner/.m2/repository/com/google/errorprone/error_prone_annotations/2.2.0/error_prone_annotations-2.2.0.jar:/home/runner/.m2/repository/com/google/j2objc/j2objc-annotations/1.3/j2objc-annotations-1.3.jar:/home/runner/.m2/repository/commons-io/commons-io/2.8.0/commons-io-2.8.0.jar:/home/runner/.m2/repository/commons-logging/commons-logging/1.2/commons-logging-1.2.jar:/home/runner/.m2/repository/log4j/log4j/1.2.17/log4j-1.2.17.jar:/home/runner/.m2/repository/org/slf4j/slf4j-api/1.7.30/slf4j-api-1.7.30.jar:/home/runner/.m2/repository/org/apache/ozone/hdds-server-scm/1.2.0-SNAPSHOT/hdds-server-scm-1.2.0-SNAPSHOT.jar:/home/runner/.m2/repository/org/apache/ozone/hdds-container-service/1.2.0-SNAPSHOT/hdds-container-service-1.2.0-SNAPSHOT.jar:/home/runner/.m2/repository/org/apache/ozone/hdds-hadoop-dependency-server/1.2.0-SNAPSHOT/hdds-hadoop-dependency-server-1.2.0-SNAPSHOT.jar:/home/runner/.m2/repository/org/apache/hadoop/hadoop-hdfs/3.3.1/hadoop-hdfs-3.3.1.jar:/home/runner/.m2/repository/io/dropwizard/metrics/metrics-core/3.2.4/metrics-core-3.2.4.jar:/home/runner/.m2/repository/org/apache/hadoop/hadoop-hdfs-client/3.3.1/hadoop-hdfs-client-3.3.1.jar:/home/runner/.m2/repository/org/bouncycastle/bcprov-jdk15on/1.67/bcprov-jdk15on-1.67.jar:/home/runner/.m2/repository/com/google/protobuf/protobuf-java/2.5.0/protobuf-java-2.5.0.jar:/home/runner/.m2/repository/org/apache/ozone/ozone-manager/1.2.0-SNAPSHOT/ozone-manager-1.2.0-SNAPSHOT.jar:/home/runner/.m2/repository/org/aspectj/aspectjrt/1.8.9/aspectjrt-1.8.9.jar:/home/runner/.m2/repository/org/aspectj/aspectjweaver/1.8.9/aspectjweaver-1.8.9.jar:/home/runner/.m2/repository/org/apache/ozone/hdds-interface-client/1.2.0-SNAPSHOT/hdds-interface-client-1.2.0-SNAPSHOT.jar:/home/runner/.m2/repository/org/apache/hadoop/thirdparty/hadoop-shaded-protobuf_3_7/1.1.1/hadoop-shaded-protobuf_3_7-1.1.1.jar:/home/runner/.m2/repository/org/apache/ratis/ratis-thirdparty-misc/0.7.0/ratis-thirdparty-misc-0.7.0.jar:/home/runner/.m2/repository/org/apache/ozone/ozone-interface-storage/1.2.0-SNAPSHOT/ozone-interface-storage-1.2.0-SNAPSHOT.jar:/home/runner/.m2/repository/org/reflections/reflections/0.9.11/reflections-0.9.11.jar:/home/runner/.m2/repository/org/apache/hadoop/hadoop-minikdc/3.3.1/hadoop-minikdc-3.3.1.jar:/home/runner/.m2/repository/org/apache/kerby/kerb-simplekdc/1.0.1/kerb-simplekdc-1.0.1.jar:/home/runner/.m2/repository/org/apache/kerby/kerb-client/1.0.1/kerb-client-1.0.1.jar:/home/runner/.m2/repository/org/apache/kerby/kerby-config/1.0.1/kerby-config-1.0.1.jar:/home/runner/.m2/repository/org/apache/kerby/kerb-common/1.0.1/kerb-common-1.0.1.jar:/home/runner/.m2/repository/org/apache/kerby/kerb-crypto/1.0.1/kerb-crypto-1.0.1.jar:/home/runner/.m2/repository/org/apache/kerby/kerb-util/1.0.1/kerb-util-1.0.1.jar:/home/runner/.m2/repository/org/apache/kerby/token-provider/1.0.1/token-provider-1.0.1.jar:/home/runner/.m2/repository/org/apache/kerby/kerb-admin/1.0.1/kerb-admin-1.0.1.jar:/home/runner/.m2/repository/org/apache/kerby/kerb-server/1.0.1/kerb-server-1.0.1.jar:/home/runner/.m2/repository/org/apache/kerby/kerb-identity/1.0.1/kerb-identity-1.0.1.jar:/home/runner/.m2/repository/org/apache/kerby/kerby-xdr/1.0.1/kerby-xdr-1.0.1.jar:/home/runner/.m2/repository/org/slf4j/slf4j-log4j12/1.7.30/slf4j-log4j12-1.7.30.jar:/home/runner/.m2/repository/org/apache/ozone/ozone-s3gateway/1.2.0-SNAPSHOT/ozone-s3gateway-1.2.0-SNAPSHOT.jar:/home/runner/.m2/repository/org/javassist/javassist/3.21.0-GA/javassist-3.21.0-GA.jar:/home/runner/.m2/repository/org/jboss/weld/servlet/weld-servlet/2.4.7.Final/weld-servlet-2.4.7.Final.jar:/home/runner/.m2/repository/org/glassfish/jersey/containers/jersey-container-servlet-core/2.33/jersey-container-servlet-core-2.33.jar:/home/runner/.m2/repository/org/glassfish/hk2/external/jakarta.inject/2.6.1/jakarta.inject-2.6.1.jar:/home/runner/.m2/repository/org/glassfish/jersey/core/jersey-common/2.33/jersey-common-2.33.jar:/home/runner/.m2/repository/jakarta/ws/rs/jakarta.ws.rs-api/2.1.6/jakarta.ws.rs-api-2.1.6.jar:/home/runner/.m2/repository/org/glassfish/jersey/ext/cdi/jersey-cdi1x/2.33/jersey-cdi1x-2.33.jar:/home/runner/.m2/repository/org/glassfish/jersey/inject/jersey-hk2/2.33/jersey-hk2-2.33.jar:/home/runner/.m2/repository/org/glassfish/hk2/hk2-locator/2.6.1/hk2-locator-2.6.1.jar:/home/runner/.m2/repository/org/glassfish/jersey/media/jersey-media-jaxb/2.33/jersey-media-jaxb-2.33.jar:/home/runner/.m2/repository/org/glassfish/hk2/osgi-resource-locator/1.0.3/osgi-resource-locator-1.0.3.jar:/home/runner/.m2/repository/org/glassfish/hk2/hk2-api/2.5.0/hk2-api-2.5.0.jar:/home/runner/.m2/repository/org/glassfish/hk2/hk2-utils/2.5.0/hk2-utils-2.5.0.jar:/home/runner/.m2/repository/org/glassfish/hk2/external/aopalliance-repackaged/2.5.0/aopalliance-repackaged-2.5.0.jar:/home/runner/.m2/repository/com/fasterxml/jackson/dataformat/jackson-dataformat-xml/2.12.1/jackson-dataformat-xml-2.12.1.jar:/home/runner/.m2/repository/com/fasterxml/jackson/core/jackson-core/2.12.1/jackson-core-2.12.1.jar:/home/runner/.m2/repository/com/fasterxml/jackson/module/jackson-module-jaxb-annotations/2.12.1/jackson-module-jaxb-annotations-2.12.1.jar:/home/runner/.m2/repository/jakarta/xml/bind/jakarta.xml.bind-api/2.3.2/jakarta.xml.bind-api-2.3.2.jar:/home/runner/.m2/repository/org/codehaus/woodstox/stax2-api/3.1.4/stax2-api-3.1.4.jar:/home/runner/.m2/repository/com/fasterxml/woodstox/woodstox-core/5.0.3/woodstox-core-5.0.3.jar:/home/runner/.m2/repository/javax/enterprise/cdi-api/1.2/cdi-api-1.2.jar:/home/runner/.m2/repository/javax/el/javax.el-api/3.0.0/javax.el-api-3.0.0.jar:/home/runner/.m2/repository/javax/interceptor/javax.interceptor-api/1.2/javax.interceptor-api-1.2.jar:/home/runner/.m2/repository/javax/inject/javax.inject/1/javax.inject-1.jar:/home/runner/.m2/repository/javax/xml/bind/jaxb-api/2.3.0/jaxb-api-2.3.0.jar:/home/runner/.m2/repository/org/glassfish/jaxb/jaxb-runtime/2.3.0.1/jaxb-runtime-2.3.0.1.jar:/home/runner/.m2/repository/org/glassfish/jaxb/jaxb-core/2.3.0.1/jaxb-core-2.3.0.1.jar:/home/runner/.m2/repository/org/glassfish/jaxb/txw2/2.3.0.1/txw2-2.3.0.1.jar:/home/runner/.m2/repository/com/sun/istack/istack-commons-runtime/3.0.5/istack-commons-runtime-3.0.5.jar:/home/runner/.m2/repository/org/jvnet/staxex/stax-ex/1.7.8/stax-ex-1.7.8.jar:/home/runner/.m2/repository/com/sun/xml/fastinfoset/FastInfoset/1.2.13/FastInfoset-1.2.13.jar:/home/runner/.m2/repository/javax/activation/activation/1.1.1/activation-1.1.1.jar:/home/runner/.m2/repository/org/apache/ozone/ozone-csi/1.2.0-SNAPSHOT/ozone-csi-1.2.0-SNAPSHOT.jar:/home/runner/.m2/repository/com/google/protobuf/protobuf-java-util/3.12.0/protobuf-java-util-3.12.0.jar:/home/runner/.m2/repository/com/google/code/gson/gson/2.2.4/gson-2.2.4.jar:/home/runner/.m2/repository/org/apache/ozone/hdds-config/1.2.0-SNAPSHOT/hdds-config-1.2.0-SNAPSHOT.jar:/home/runner/.m2/repository/io/grpc/grpc-netty/1.33.0/grpc-netty-1.33.0.jar:/home/runner/.m2/repository/io/grpc/grpc-core/1.33.0/grpc-core-1.33.0.jar:/home/runner/.m2/repository/com/google/android/annotations/4.1.1.4/annotations-4.1.1.4.jar:/home/runner/.m2/repository/io/netty/netty-codec-http2/4.1.63.Final/netty-codec-http2-4.1.63.Final.jar:/home/runner/.m2/repository/io/netty/netty-codec-http/4.1.63.Final/netty-codec-http-4.1.63.Final.jar:/home/runner/.m2/repository/io/netty/netty-handler-proxy/4.1.63.Final/netty-handler-proxy-4.1.63.Final.jar:/home/runner/.m2/repository/io/netty/netty-codec-socks/4.1.63.Final/netty-codec-socks-4.1.63.Final.jar:/home/runner/.m2/repository/io/perfmark/perfmark-api/0.19.0/perfmark-api-0.19.0.jar:/home/runner/.m2/repository/org/codehaus/mojo/animal-sniffer-annotations/1.18/animal-sniffer-annotations-1.18.jar:/home/runner/.m2/repository/io/netty/netty-transport-native-epoll/4.1.63.Final/netty-transport-native-epoll-4.1.63.Final.jar:/home/runner/.m2/repository/io/netty/netty-common/4.1.63.Final/netty-common-4.1.63.Final.jar:/home/runner/.m2/repository/io/netty/netty-buffer/4.1.63.Final/netty-buffer-4.1.63.Final.jar:/home/runner/.m2/repository/io/netty/netty-transport-native-unix-common/4.1.63.Final/netty-transport-native-unix-common-4.1.63.Final.jar:/home/runner/.m2/repository/io/grpc/grpc-protobuf/1.33.0/grpc-protobuf-1.33.0.jar:/home/runner/.m2/repository/io/grpc/grpc-api/1.33.0/grpc-api-1.33.0.jar:/home/runner/.m2/repository/io/grpc/grpc-context/1.33.0/grpc-context-1.33.0.jar:/home/runner/.m2/repository/com/google/api/grpc/proto-google-common-protos/1.17.0/proto-google-common-protos-1.17.0.jar:/home/runner/.m2/repository/io/grpc/grpc-protobuf-lite/1.33.0/grpc-protobuf-lite-1.33.0.jar:/home/runner/.m2/repository/io/grpc/grpc-stub/1.33.0/grpc-stub-1.33.0.jar:/home/runner/.m2/repository/org/apache/ozone/ozone-recon/1.2.0-SNAPSHOT/ozone-recon-1.2.0-SNAPSHOT.jar:/home/runner/.m2/repository/org/apache/ozone/ozone-reconcodegen/1.2.0-SNAPSHOT/ozone-reconcodegen-1.2.0-SNAPSHOT.jar:/home/runner/.m2/repository/com/google/inject/extensions/guice-multibindings/4.0/guice-multibindings-4.0.jar:/home/runner/.m2/repository/com/google/inject/guice/4.0/guice-4.0.jar:/home/runner/.m2/repository/aopalliance/aopalliance/1.0/aopalliance-1.0.jar:/home/runner/.m2/repository/com/google/inject/extensions/guice-assistedinject/4.0/guice-assistedinject-4.0.jar:/home/runner/.m2/repository/com/google/inject/extensions/guice-servlet/4.0/guice-servlet-4.0.jar:/home/runner/.m2/repository/org/glassfish/jersey/containers/jersey-container-servlet/2.33/jersey-container-servlet-2.33.jar:/home/runner/.m2/repository/org/glassfish/hk2/guice-bridge/2.5.0/guice-bridge-2.5.0.jar:/home/runner/.m2/repository/org/glassfish/jersey/core/jersey-server/2.33/jersey-server-2.33.jar:/home/runner/.m2/repository/org/glassfish/jersey/core/jersey-client/2.33/jersey-client-2.33.jar:/home/runner/.m2/repository/jakarta/annotation/jakarta.annotation-api/1.3.5/jakarta.annotation-api-1.3.5.jar:/home/runner/.m2/repository/jakarta/validation/jakarta.validation-api/2.0.2/jakarta.validation-api-2.0.2.jar:/home/runner/.m2/repository/org/glassfish/jersey/media/jersey-media-json-jackson/2.33/jersey-media-json-jackson-2.33.jar:/home/runner/.m2/repository/org/glassfish/jersey/ext/jersey-entity-filtering/2.33/jersey-entity-filtering-2.33.jar:/home/runner/.m2/repository/org/jooq/jooq/3.11.10/jooq-3.11.10.jar:/home/runner/.m2/repository/org/jooq/jooq-meta/3.11.10/jooq-meta-3.11.10.jar:/home/runner/.m2/repository/org/jooq/jooq-codegen/3.11.10/jooq-codegen-3.11.10.jar:/home/runner/.m2/repository/com/jolbox/bonecp/0.8.0.RELEASE/bonecp-0.8.0.RELEASE.jar:/home/runner/.m2/repository/org/apache/derby/derby/10.14.2.0/derby-10.14.2.0.jar:/home/runner/.m2/repository/org/xerial/sqlite-jdbc/3.25.2/sqlite-jdbc-3.25.2.jar:/home/runner/.m2/repository/org/springframework/spring-jdbc/5.2.11.RELEASE/spring-jdbc-5.2.11.RELEASE.jar:/home/runner/.m2/repository/org/springframework/spring-beans/5.2.11.RELEASE/spring-beans-5.2.11.RELEASE.jar:/home/runner/.m2/repository/org/springframework/spring-core/5.2.11.RELEASE/spring-core-5.2.11.RELEASE.jar:/home/runner/.m2/repository/org/springframework/spring-jcl/5.2.11.RELEASE/spring-jcl-5.2.11.RELEASE.jar:/home/runner/.m2/repository/org/springframework/spring-tx/5.2.11.RELEASE/spring-tx-5.2.11.RELEASE.jar:/home/runner/.m2/repository/org/apache/ozone/ozone-client/1.2.0-SNAPSHOT/ozone-client-1.2.0-SNAPSHOT.jar:/home/runner/.m2/repository/org/apache/ozone/ozone-filesystem/1.2.0-SNAPSHOT/ozone-filesystem-1.2.0-SNAPSHOT.jar:/home/runner/.m2/repository/org/apache/ozone/ozone-filesystem-common/1.2.0-SNAPSHOT/ozone-filesystem-common-1.2.0-SNAPSHOT.jar:/home/runner/.m2/repository/org/apache/ozone/ozone-tools/1.2.0-SNAPSHOT/ozone-tools-1.2.0-SNAPSHOT.jar:/home/runner/.m2/repository/org/apache/ratis/ratis-tools/2.1.0/ratis-tools-2.1.0.jar:/home/runner/.m2/repository/org/apache/ratis/ratis-proto/2.1.0/ratis-proto-2.1.0.jar:/home/runner/.m2/repository/org/apache/ratis/ratis-common/2.1.0/ratis-common-2.1.0.jar:/home/runner/.m2/repository/com/amazonaws/aws-java-sdk-core/1.11.901/aws-java-sdk-core-1.11.901.jar:/home/runner/.m2/repository/org/apache/httpcomponents/httpclient/4.5.13/httpclient-4.5.13.jar:/home/runner/.m2/repository/org/apache/httpcomponents/httpcore/4.4.13/httpcore-4.4.13.jar:/home/runner/.m2/repository/software/amazon/ion/ion-java/1.0.2/ion-java-1.0.2.jar:/home/runner/.m2/repository/com/fasterxml/jackson/dataformat/jackson-dataformat-cbor/2.12.1/jackson-dataformat-cbor-2.12.1.jar:/home/runner/.m2/repository/joda-time/joda-time/2.8.1/joda-time-2.8.1.jar:/home/runner/.m2/repository/com/amazonaws/aws-java-sdk-s3/1.11.901/aws-java-sdk-s3-1.11.901.jar:/home/runner/.m2/repository/com/amazonaws/aws-java-sdk-kms/1.11.901/aws-java-sdk-kms-1.11.901.jar:/home/runner/.m2/repository/com/amazonaws/jmespath-java/1.11.901/jmespath-java-1.11.901.jar:/home/runner/.m2/repository/org/kohsuke/metainf-services/metainf-services/1.8/metainf-services-1.8.jar:/home/runner/.m2/repository/org/apache/ozone/hdds-tools/1.2.0-SNAPSHOT/hdds-tools-1.2.0-SNAPSHOT.jar:/home/runner/.m2/repository/commons-cli/commons-cli/1.2/commons-cli-1.2.jar:/home/runner/.m2/repository/org/apache/commons/commons-lang3/3.7/commons-lang3-3.7.jar:/home/runner/.m2/repository/org/apache/ozone/ozone-manager/1.2.0-SNAPSHOT/ozone-manager-1.2.0-SNAPSHOT-tests.jar:/home/runner/.m2/repository/org/apache/ozone/hdds-common/1.2.0-SNAPSHOT/hdds-common-1.2.0-SNAPSHOT-tests.jar:/home/runner/.m2/repository/org/apache/ozone/hdds-hadoop-dependency-client/1.2.0-SNAPSHOT/hdds-hadoop-dependency-client-1.2.0-SNAPSHOT.jar:/home/runner/.m2/repository/info/picocli/picocli/4.4.0/picocli-4.4.0.jar:/home/runner/.m2/repository/com/fasterxml/jackson/core/jackson-annotations/2.12.1/jackson-annotations-2.12.1.jar:/home/runner/.m2/repository/javax/annotation/javax.annotation-api/1.2/javax.annotation-api-1.2.jar:/home/runner/.m2/repository/org/apache/ratis/ratis-server/2.1.0/ratis-server-2.1.0.jar:/home/runner/.m2/repository/org/apache/ratis/ratis-client/2.1.0/ratis-client-2.1.0.jar:/home/runner/.m2/repository/org/apache/ratis/ratis-server-api/2.1.0/ratis-server-api-2.1.0.jar:/home/runner/.m2/repository/org/apache/ratis/ratis-metrics/2.1.0/ratis-metrics-2.1.0.jar:/home/runner/.m2/repository/org/apache/ratis/ratis-netty/2.1.0/ratis-netty-2.1.0.jar:/home/runner/.m2/repository/org/apache/ratis/ratis-grpc/2.1.0/ratis-grpc-2.1.0.jar:/home/runner/.m2/repository/org/apache/logging/log4j/log4j-api/2.13.3/log4j-api-2.13.3.jar:/home/runner/.m2/repository/org/apache/logging/log4j/log4j-core/2.13.3/log4j-core-2.13.3.jar:/home/runner/.m2/repository/com/lmax/disruptor/3.4.2/disruptor-3.4.2.jar:/home/runner/.m2/repository/org/apache/commons/commons-pool2/2.6.0/commons-pool2-2.6.0.jar:/home/runner/.m2/repository/org/bouncycastle/bcpkix-jdk15on/1.67/bcpkix-jdk15on-1.67.jar:/home/runner/.m2/repository/commons-validator/commons-validator/1.6/commons-validator-1.6.jar:/home/runner/.m2/repository/commons-beanutils/commons-beanutils/1.9.4/commons-beanutils-1.9.4.jar:/home/runner/.m2/repository/commons-digester/commons-digester/1.8.1/commons-digester-1.8.1.jar:/home/runner/.m2/repository/commons-collections/commons-collections/3.2.2/commons-collections-3.2.2.jar:/home/runner/.m2/repository/io/jaegertracing/jaeger-client/1.6.0/jaeger-client-1.6.0.jar:/home/runner/.m2/repository/io/jaegertracing/jaeger-thrift/1.6.0/jaeger-thrift-1.6.0.jar:/home/runner/.m2/repository/org/apache/thrift/libthrift/0.14.1/libthrift-0.14.1.jar:/home/runner/.m2/repository/com/squareup/okhttp3/okhttp/4.9.0/okhttp-4.9.0.jar:/home/runner/.m2/repository/com/squareup/okio/okio/2.8.0/okio-2.8.0.jar:/home/runner/.m2/repository/io/jaegertracing/jaeger-core/1.6.0/jaeger-core-1.6.0.jar:/home/runner/.m2/repository/io/jaegertracing/jaeger-tracerresolver/1.6.0/jaeger-tracerresolver-1.6.0.jar:/home/runner/.m2/repository/io/opentracing/contrib/opentracing-tracerresolver/0.1.8/opentracing-tracerresolver-0.1.8.jar:/home/runner/.m2/repository/org/jetbrains/kotlin/kotlin-stdlib/1.4.31/kotlin-stdlib-1.4.31.jar:/home/runner/.m2/repository/org/jetbrains/kotlin/kotlin-stdlib-common/1.4.31/kotlin-stdlib-common-1.4.31.jar:/home/runner/.m2/repository/org/jetbrains/annotations/13.0/annotations-13.0.jar:/home/runner/.m2/repository/io/opentracing/opentracing-util/0.33.0/opentracing-util-0.33.0.jar:/home/runner/.m2/repository/io/opentracing/opentracing-api/0.33.0/opentracing-api-0.33.0.jar:/home/runner/.m2/repository/io/opentracing/opentracing-noop/0.33.0/opentracing-noop-0.33.0.jar:/home/runner/.m2/repository/org/yaml/snakeyaml/1.26/snakeyaml-1.26.jar:/home/runner/.m2/repository/org/apache/ozone/hdds-interface-admin/1.2.0-SNAPSHOT/hdds-interface-admin-1.2.0-SNAPSHOT.jar:/home/runner/.m2/repository/junit/junit/4.13.1/junit-4.13.1.jar:/home/runner/.m2/repository/org/hamcrest/hamcrest-core/1.3/hamcrest-core-1.3.jar:/home/runner/.m2/repository/org/junit/jupiter/junit-jupiter-api/5.7.0/junit-jupiter-api-5.7.0.jar:/home/runner/.m2/repository/org/apiguardian/apiguardian-api/1.1.0/apiguardian-api-1.1.0.jar:/home/runner/.m2/repository/org/opentest4j/opentest4j/1.2.0/opentest4j-1.2.0.jar:/home/runner/.m2/repository/org/junit/platform/junit-platform-commons/1.7.0/junit-platform-commons-1.7.0.jar:/home/runner/.m2/repository/org/junit/jupiter/junit-jupiter-engine/5.7.0/junit-jupiter-engine-5.7.0.jar:/home/runner/.m2/repository/org/junit/platform/junit-platform-engine/1.7.0/junit-platform-engine-1.7.0.jar:/home/runner/.m2/repository/org/junit/vintage/junit-vintage-engine/5.7.0/junit-vintage-engine-5.7.0.jar:/home/runner/.m2/repository/org/junit/platform/junit-platform-launcher/1.7.0/junit-platform-launcher-1.7.0.jar:/home/runner/.m2/repository/org/openjdk/jmh/jmh-core/1.19/jmh-core-1.19.jar:/home/runner/.m2/repository/net/sf/jopt-simple/jopt-simple/4.6/jopt-simple-4.6.jar:/home/runner/.m2/repository/org/apache/commons/commons-math3/3.1.1/commons-math3-3.1.1.jar:/home/runner/.m2/repository/org/openjdk/jmh/jmh-generator-annprocess/1.19/jmh-generator-annprocess-1.19.jar:/home/runner/.m2/repository/org/mockito/mockito-core/2.28.2/mockito-core-2.28.2.jar:/home/runner/.m2/repository/net/bytebuddy/byte-buddy/1.9.10/byte-buddy-1.9.10.jar:/home/runner/.m2/repository/net/bytebuddy/byte-buddy-agent/1.9.10/byte-buddy-agent-1.9.10.jar:/home/runner/.m2/repository/org/objenesis/objenesis/1.0/objenesis-1.0.jar:/home/runner/.m2/repository/org/apache/hadoop/hadoop-kms/3.3.1/hadoop-kms-3.3.1.jar:/home/runner/.m2/repository/org/apache/hadoop/hadoop-auth/3.3.1/hadoop-auth-3.3.1.jar:/home/runner/.m2/repository/com/nimbusds/nimbus-jose-jwt/7.9/nimbus-jose-jwt-7.9.jar:/home/runner/.m2/repository/com/github/stephenc/jcip/jcip-annotations/1.0-1/jcip-annotations-1.0-1.jar:/home/runner/.m2/repository/net/minidev/json-smart/2.3/json-smart-2.3.jar:/home/runner/.m2/repository/net/minidev/accessors-smart/1.2/accessors-smart-1.2.jar:/home/runner/.m2/repository/org/ow2/asm/asm/5.0.4/asm-5.0.4.jar:/home/runner/.m2/repository/org/apache/zookeeper/zookeeper/3.5.6/zookeeper-3.5.6.jar:/home/runner/.m2/repository/org/apache/zookeeper/zookeeper-jute/3.5.6/zookeeper-jute-3.5.6.jar:/home/runner/.m2/repository/org/apache/yetus/audience-annotations/0.5.0/audience-annotations-0.5.0.jar:/home/runner/.m2/repository/org/apache/curator/curator-framework/4.2.0/curator-framework-4.2.0.jar:/home/runner/.m2/repository/org/apache/hadoop/thirdparty/hadoop-shaded-guava/1.1.1/hadoop-shaded-guava-1.1.1.jar:/home/runner/.m2/repository/com/sun/jersey/jersey-core/1.19/jersey-core-1.19.jar:/home/runner/.m2/repository/javax/ws/rs/jsr311-api/1.1.1/jsr311-api-1.1.1.jar:/home/runner/.m2/repository/com/sun/jersey/jersey-server/1.19/jersey-server-1.19.jar:/home/runner/.m2/repository/javax/servlet/javax.servlet-api/3.1.0/javax.servlet-api-3.1.0.jar:/home/runner/.m2/repository/org/eclipse/jetty/jetty-server/9.4.43.v20210629/jetty-server-9.4.43.v20210629.jar:/home/runner/.m2/repository/org/eclipse/jetty/jetty-http/9.4.43.v20210629/jetty-http-9.4.43.v20210629.jar:/home/runner/.m2/repository/org/eclipse/jetty/jetty-io/9.4.43.v20210629/jetty-io-9.4.43.v20210629.jar:/home/runner/.m2/repository/org/eclipse/jetty/jetty-webapp/9.4.43.v20210629/jetty-webapp-9.4.43.v20210629.jar:/home/runner/.m2/repository/org/eclipse/jetty/jetty-xml/9.4.43.v20210629/jetty-xml-9.4.43.v20210629.jar:/home/runner/.m2/repository/org/apache/hadoop/hadoop-common/3.3.1/hadoop-common-3.3.1.jar:/home/runner/.m2/repository/commons-net/commons-net/3.6/commons-net-3.6.jar:/home/runner/.m2/repository/jakarta/activation/jakarta.activation-api/1.2.1/jakarta.activation-api-1.2.1.jar:/home/runner/.m2/repository/com/sun/jersey/jersey-servlet/1.19/jersey-servlet-1.19.jar:/home/runner/.m2/repository/com/sun/jersey/jersey-json/1.19/jersey-json-1.19.jar:/home/runner/.m2/repository/org/codehaus/jettison/jettison/1.1/jettison-1.1.jar:/home/runner/.m2/repository/com/sun/xml/bind/jaxb-impl/2.2.3-1/jaxb-impl-2.2.3-1.jar:/home/runner/.m2/repository/org/codehaus/jackson/jackson-jaxrs/1.9.2/jackson-jaxrs-1.9.2.jar:/home/runner/.m2/repository/org/codehaus/jackson/jackson-xc/1.9.2/jackson-xc-1.9.2.jar:/home/runner/.m2/repository/org/apache/commons/commons-configuration2/2.1.1/commons-configuration2-2.1.1.jar:/home/runner/.m2/repository/org/apache/commons/commons-text/1.4/commons-text-1.4.jar:/home/runner/.m2/repository/com/google/re2j/re2j/1.1/re2j-1.1.jar:/home/runner/.m2/repository/com/jcraft/jsch/0.1.54/jsch-0.1.54.jar:/home/runner/.m2/repository/org/apache/curator/curator-client/4.2.0/curator-client-4.2.0.jar:/home/runner/.m2/repository/org/apache/curator/curator-recipes/4.2.0/curator-recipes-4.2.0.jar:/home/runner/.m2/repository/org/apache/kerby/kerb-core/1.0.1/kerb-core-1.0.1.jar:/home/runner/.m2/repository/org/apache/kerby/kerby-pkix/1.0.1/kerby-pkix-1.0.1.jar:/home/runner/.m2/repository/org/apache/kerby/kerby-asn1/1.0.1/kerby-asn1-1.0.1.jar:/home/runner/.m2/repository/org/apache/kerby/kerby-util/1.0.1/kerby-util-1.0.1.jar:/home/runner/.m2/repository/dnsjava/dnsjava/2.1.7/dnsjava-2.1.7.jar:/home/runner/.m2/repository/org/xerial/snappy/snappy-java/1.1.8.2/snappy-java-1.1.8.2.jar:/home/runner/.m2/repository/org/slf4j/jul-to-slf4j/1.7.30/jul-to-slf4j-1.7.30.jar:/home/runner/.m2/repository/org/eclipse/jetty/jetty-util/9.4.43.v20210629/jetty-util-9.4.43.v20210629.jar:/home/runner/.m2/repository/com/fasterxml/jackson/core/jackson-databind/2.12.1/jackson-databind-2.12.1.jar:/home/runner/.m2/repository/org/apache/hadoop/hadoop-kms/3.3.1/hadoop-kms-3.3.1-tests.jar:/home/runner/.m2/repository/org/apache/ozone/hdds-server-scm/1.2.0-SNAPSHOT/hdds-server-scm-1.2.0-SNAPSHOT-tests.jar:/home/runner/.m2/repository/org/apache/ozone/hdds-container-service/1.2.0-SNAPSHOT/hdds-container-service-1.2.0-SNAPSHOT-tests.jar:/home/runner/.m2/repository/commons-codec/commons-codec/1.11/commons-codec-1.11.jar:/home/runner/.m2/repository/io/netty/netty-transport/4.1.63.Final/netty-transport-4.1.63.Final.jar:/home/runner/.m2/repository/io/netty/netty-resolver/4.1.63.Final/netty-resolver-4.1.63.Final.jar:/home/runner/.m2/repository/io/netty/netty-codec/4.1.63.Final/netty-codec-4.1.63.Final.jar:/home/runner/.m2/repository/io/netty/netty-handler/4.1.63.Final/netty-handler-4.1.63.Final.jar:/home/runner/.m2/repository/org/apache/ozone/hdds-hadoop-dependency-test/1.2.0-SNAPSHOT/hdds-hadoop-dependency-test-1.2.0-SNAPSHOT.jar:/home/runner/.m2/repository/org/apache/hadoop/hadoop-common/3.3.1/hadoop-common-3.3.1-tests.jar:/home/runner/.m2/repository/org/assertj/assertj-core/3.12.2/assertj-core-3.12.2.jar:/home/runner/.m2/repository/org/apache/hadoop/hadoop-hdfs/3.3.1/hadoop-hdfs-3.3.1-tests.jar:/home/runner/.m2/repository/org/eclipse/jetty/jetty-util-ajax/9.4.43.v20210629/jetty-util-ajax-9.4.43.v20210629.jar:/home/runner/.m2/repository/commons-daemon/commons-daemon/1.0.13/commons-daemon-1.0.13.jar:/home/runner/.m2/repository/io/netty/netty/3.10.6.Final/netty-3.10.6.Final.jar:/home/runner/.m2/repository/io/netty/netty-all/4.1.63.Final/netty-all-4.1.63.Final.jar:/home/runner/.m2/repository/org/apache/htrace/htrace-core4/4.1.0-incubating/htrace-core4-4.1.0-incubating.jar:/home/runner/.m2/repository/org/fusesource/leveldbjni/leveldbjni-all/1.8/leveldbjni-all-1.8.jar:/home/runner/.m2/repository/org/apache/hadoop/hadoop-distcp/3.3.1/hadoop-distcp-3.3.1.jar:/home/runner/.m2/repository/org/apache/hadoop/hadoop-mapreduce-client-jobclient/3.3.1/hadoop-mapreduce-client-jobclient-3.3.1.jar:/home/runner/.m2/repository/org/apache/hadoop/hadoop-mapreduce-client-common/3.3.1/hadoop-mapreduce-client-common-3.3.1.jar:/home/runner/.m2/repository/org/apache/hadoop/hadoop-yarn-common/3.3.1/hadoop-yarn-common-3.3.1.jar:/home/runner/.m2/repository/org/apache/hadoop/hadoop-yarn-api/3.3.1/hadoop-yarn-api-3.3.1.jar:/home/runner/.m2/repository/com/sun/jersey/jersey-client/1.19/jersey-client-1.19.jar:/home/runner/.m2/repository/com/sun/jersey/contribs/jersey-guice/1.19/jersey-guice-1.19.jar:/home/runner/.m2/repository/com/fasterxml/jackson/jaxrs/jackson-jaxrs-json-provider/2.12.1/jackson-jaxrs-json-provider-2.12.1.jar:/home/runner/.m2/repository/com/fasterxml/jackson/jaxrs/jackson-jaxrs-base/2.12.1/jackson-jaxrs-base-2.12.1.jar:/home/runner/.m2/repository/org/apache/hadoop/hadoop-yarn-client/3.3.1/hadoop-yarn-client-3.3.1.jar:/home/runner/.m2/repository/org/eclipse/jetty/websocket/websocket-client/9.4.40.v20210413/websocket-client-9.4.40.v20210413.jar:/home/runner/.m2/repository/org/eclipse/jetty/jetty-client/9.4.40.v20210413/jetty-client-9.4.40.v20210413.jar:/home/runner/.m2/repository/org/eclipse/jetty/websocket/websocket-common/9.4.40.v20210413/websocket-common-9.4.40.v20210413.jar:/home/runner/.m2/repository/org/eclipse/jetty/websocket/websocket-api/9.4.40.v20210413/websocket-api-9.4.40.v20210413.jar:/home/runner/.m2/repository/org/jline/jline/3.9.0/jline-3.9.0.jar:/home/runner/.m2/repository/org/apache/hadoop/hadoop-mapreduce-client-core/3.3.1/hadoop-mapreduce-client-core-3.3.1.jar:/home/runner/.m2/repository/org/apache/avro/avro/1.7.7/avro-1.7.7.jar:/home/runner/.m2/repository/org/codehaus/jackson/jackson-core-asl/1.9.13/jackson-core-asl-1.9.13.jar:/home/runner/.m2/repository/org/codehaus/jackson/jackson-mapper-asl/1.9.13/jackson-mapper-asl-1.9.13.jar:/home/runner/.m2/repository/com/thoughtworks/paranamer/paranamer/2.3/paranamer-2.3.jar:/home/runner/.m2/repository/org/apache/hadoop/hadoop-annotations/3.3.1/hadoop-annotations-3.3.1.jar:/usr/lib/jvm/adoptopenjdk-8-hotspot-amd64/jre/../lib/tools.jar:/home/runner/.m2/repository/org/apache/hadoop/hadoop-distcp/3.3.1/hadoop-distcp-3.3.1-tests.jar:"/>
    <property name="sun.cpu.endian" value="little"/>
    <property name="user.home" value="/home/runner"/>
    <property name="user.language" value="en"/>
    <property name="java.specification.vendor" value="Oracle Corporation"/>
    <property name="java.home" value="/usr/lib/jvm/adoptopenjdk-8-hotspot-amd64/jre"/>
    <property name="java.security.krb5.conf" value="/home/runner/work/ozone/ozone/hadoop-ozone/integration-test/target/test-classes/krb5.conf"/>
    <property name="basedir" value="/home/runner/work/ozone/ozone/hadoop-ozone/integration-test"/>
    <property name="file.separator" value="/"/>
    <property name="line.separator" value="&#10;"/>
    <property name="java.vm.specification.vendor" value="Oracle Corporation"/>
    <property name="java.specification.name" value="Java Platform API Specification"/>
    <property name="java.awt.graphicsenv" value="sun.awt.X11GraphicsEnvironment"/>
    <property name="skip.installnpx" value="true"/>
    <property name="surefire.real.class.path" value="/home/runner/work/ozone/ozone/hadoop-ozone/integration-test/target/surefire/surefirebooter5522328943618693867.jar:/home/runner/.m2/repository/org/jacoco/org.jacoco.agent/0.8.5/org.jacoco.agent-0.8.5-runtime.jar"/>
    <property name="hadoop.log.dir" value="/home/runner/work/ozone/ozone/hadoop-ozone/integration-test/target/log"/>
    <property name="sun.boot.class.path" value="/usr/lib/jvm/adoptopenjdk-8-hotspot-amd64/jre/lib/resources.jar:/usr/lib/jvm/adoptopenjdk-8-hotspot-amd64/jre/lib/rt.jar:/usr/lib/jvm/adoptopenjdk-8-hotspot-amd64/jre/lib/sunrsasign.jar:/usr/lib/jvm/adoptopenjdk-8-hotspot-amd64/jre/lib/jsse.jar:/usr/lib/jvm/adoptopenjdk-8-hotspot-amd64/jre/lib/jce.jar:/usr/lib/jvm/adoptopenjdk-8-hotspot-amd64/jre/lib/charsets.jar:/usr/lib/jvm/adoptopenjdk-8-hotspot-amd64/jre/lib/jfr.jar:/usr/lib/jvm/adoptopenjdk-8-hotspot-amd64/jre/classes"/>
    <property name="sun.management.compiler" value="HotSpot 64-Bit Tiered Compilers"/>
    <property name="skip.npx" value="true"/>
    <property name="java.runtime.version" value="1.8.0_292-b10"/>
    <property name="java.net.preferIPv4Stack" value="true"/>
    <property name="user.name" value="runner"/>
    <property name="path.separator" value=":"/>
    <property name="java.security.egd" value="file:///dev/urandom"/>
    <property name="os.version" value="5.4.0-1055-azure"/>
    <property name="java.endorsed.dirs" value="/usr/lib/jvm/adoptopenjdk-8-hotspot-amd64/jre/lib/endorsed"/>
    <property name="java.runtime.name" value="OpenJDK Runtime Environment"/>
    <property name="file.encoding" value="UTF-8"/>
    <property name="java.vm.name" value="OpenJDK 64-Bit Server VM"/>
    <property name="test.build.webapps" value=""/>
    <property name="localRepository" value="/home/runner/.m2/repository"/>
    <property name="java.vendor.url.bug" value="https://github.com/AdoptOpenJDK/openjdk-support/issues"/>
    <property name="java.io.tmpdir" value="/tmp"/>
    <property name="require.test.libhadoop" value=""/>
    <property name="java.version" value="1.8.0_292"/>
    <property name="user.dir" value="/home/runner/work/ozone/ozone/hadoop-ozone/integration-test"/>
    <property name="os.arch" value="amd64"/>
    <property name="java.vm.specification.name" value="Java Virtual Machine Specification"/>
    <property name="test.build.classes" value="/home/runner/work/ozone/ozone/hadoop-ozone/integration-test/target/test-classes"/>
    <property name="java.awt.printerjob" value="sun.print.PSPrinterJob"/>
    <property name="sun.os.patch.level" value="unknown"/>
    <property name="hadoop.tmp.dir" value="/home/runner/work/ozone/ozone/hadoop-ozone/integration-test/target/tmp"/>
    <property name="java.library.path" value="/usr/java/packages/lib/amd64:/usr/lib64:/lib64:/lib:/usr/lib"/>
    <property name="java.vm.info" value="mixed mode"/>
    <property name="java.vendor" value="AdoptOpenJDK"/>
    <property name="java.vm.version" value="25.292-b10"/>
    <property name="java.ext.dirs" value="/usr/lib/jvm/adoptopenjdk-8-hotspot-amd64/jre/lib/ext:/usr/java/packages/lib/ext"/>
    <property name="sun.io.unicode.encoding" value="UnicodeLittle"/>
    <property name="java.class.version" value="52.0"/>
  </properties>
  <testcase name="testBlockDeleteCommandParallelProcess" classname="org.apache.hadoop.ozone.container.common.statemachine.commandhandler.TestBlockDeletion" time="57.836"/>
  <testcase name="testContainerStatisticsAfterDelete" classname="org.apache.hadoop.ozone.container.common.statemachine.commandhandler.TestBlockDeletion" time="75.328">
    <failure message="expected:&lt;DELETED&gt; but was:&lt;DELETING&gt;" type="java.lang.AssertionError"><![CDATA[java.lang.AssertionError: expected:<DELETED> but was:<DELETING>
	at org.junit.Assert.fail(Assert.java:89)
	at org.junit.Assert.failNotEquals(Assert.java:835)
	at org.junit.Assert.assertEquals(Assert.java:120)
	at org.junit.Assert.assertEquals(Assert.java:146)
	at org.apache.hadoop.ozone.container.common.statemachine.commandhandler.TestBlockDeletion.lambda$testContainerStatisticsAfterDelete$13(TestBlockDeletion.java:374)
	at java.util.ArrayList$ArrayListSpliterator.forEachRemaining(ArrayList.java:1384)
	at java.util.stream.ReferencePipeline$Head.forEach(ReferencePipeline.java:647)
	at org.apache.hadoop.ozone.container.common.statemachine.commandhandler.TestBlockDeletion.testContainerStatisticsAfterDelete(TestBlockDeletion.java:373)
	at sun.reflect.NativeMethodAccessorImpl.invoke0(Native Method)
	at sun.reflect.NativeMethodAccessorImpl.invoke(NativeMethodAccessorImpl.java:62)
	at sun.reflect.DelegatingMethodAccessorImpl.invoke(DelegatingMethodAccessorImpl.java:43)
	at java.lang.reflect.Method.invoke(Method.java:498)
	at org.junit.runners.model.FrameworkMethod$1.runReflectiveCall(FrameworkMethod.java:59)
	at org.junit.internal.runners.model.ReflectiveCallable.run(ReflectiveCallable.java:12)
	at org.junit.runners.model.FrameworkMethod.invokeExplosively(FrameworkMethod.java:56)
	at org.junit.internal.runners.statements.InvokeMethod.evaluate(InvokeMethod.java:17)
	at org.junit.internal.runners.statements.RunBefores.evaluate(RunBefores.java:26)
	at org.junit.internal.runners.statements.RunAfters.evaluate(RunAfters.java:27)
	at org.junit.runners.ParentRunner$3.evaluate(ParentRunner.java:306)
	at org.junit.runners.BlockJUnit4ClassRunner$1.evaluate(BlockJUnit4ClassRunner.java:100)
	at org.junit.runners.ParentRunner.runLeaf(ParentRunner.java:366)
	at org.junit.runners.BlockJUnit4ClassRunner.runChild(BlockJUnit4ClassRunner.java:103)
	at org.junit.runners.BlockJUnit4ClassRunner.runChild(BlockJUnit4ClassRunner.java:63)
	at org.junit.runners.ParentRunner$4.run(ParentRunner.java:331)
	at org.junit.runners.ParentRunner$1.schedule(ParentRunner.java:79)
	at org.junit.runners.ParentRunner.runChildren(ParentRunner.java:329)
	at org.junit.runners.ParentRunner.access$100(ParentRunner.java:66)
	at org.junit.runners.ParentRunner$2.evaluate(ParentRunner.java:293)
	at org.junit.runners.ParentRunner$3.evaluate(ParentRunner.java:306)
	at org.junit.runners.ParentRunner.run(ParentRunner.java:413)
	at org.junit.runner.JUnitCore.run(JUnitCore.java:137)
	at org.junit.runner.JUnitCore.run(JUnitCore.java:115)
	at org.junit.vintage.engine.execution.RunnerExecutor.execute(RunnerExecutor.java:43)
	at java.util.stream.ForEachOps$ForEachOp$OfRef.accept(ForEachOps.java:183)
	at java.util.stream.ReferencePipeline$3$1.accept(ReferencePipeline.java:193)
	at java.util.Iterator.forEachRemaining(Iterator.java:116)
	at java.util.Spliterators$IteratorSpliterator.forEachRemaining(Spliterators.java:1801)
	at java.util.stream.AbstractPipeline.copyInto(AbstractPipeline.java:482)
	at java.util.stream.AbstractPipeline.wrapAndCopyInto(AbstractPipeline.java:472)
	at java.util.stream.ForEachOps$ForEachOp.evaluateSequential(ForEachOps.java:150)
	at java.util.stream.ForEachOps$ForEachOp$OfRef.evaluateSequential(ForEachOps.java:173)
	at java.util.stream.AbstractPipeline.evaluate(AbstractPipeline.java:234)
	at java.util.stream.ReferencePipeline.forEach(ReferencePipeline.java:485)
	at org.junit.vintage.engine.VintageTestEngine.executeAllChildren(VintageTestEngine.java:82)
	at org.junit.vintage.engine.VintageTestEngine.execute(VintageTestEngine.java:73)
	at org.junit.platform.launcher.core.EngineExecutionOrchestrator.execute(EngineExecutionOrchestrator.java:108)
	at org.junit.platform.launcher.core.EngineExecutionOrchestrator.execute(EngineExecutionOrchestrator.java:88)
	at org.junit.platform.launcher.core.EngineExecutionOrchestrator.lambda$execute$0(EngineExecutionOrchestrator.java:54)
	at org.junit.platform.launcher.core.EngineExecutionOrchestrator.withInterceptedStreams(EngineExecutionOrchestrator.java:67)
	at org.junit.platform.launcher.core.EngineExecutionOrchestrator.execute(EngineExecutionOrchestrator.java:52)
	at org.junit.platform.launcher.core.DefaultLauncher.execute(DefaultLauncher.java:96)
	at org.junit.platform.launcher.core.DefaultLauncher.execute(DefaultLauncher.java:75)
	at org.apache.maven.surefire.junitplatform.JUnitPlatformProvider.invokeAllTests(JUnitPlatformProvider.java:142)
	at org.apache.maven.surefire.junitplatform.JUnitPlatformProvider.invoke(JUnitPlatformProvider.java:113)
	at org.apache.maven.surefire.booter.ForkedBooter.invokeProviderInSameClassLoader(ForkedBooter.java:384)
	at org.apache.maven.surefire.booter.ForkedBooter.runSuitesInProcess(ForkedBooter.java:345)
	at org.apache.maven.surefire.booter.ForkedBooter.execute(ForkedBooter.java:126)
	at org.apache.maven.surefire.booter.ForkedBooter.main(ForkedBooter.java:418)
]]></failure>
    <system-out><![CDATA[2021-08-10 07:52:31,807 [Listener at 127.0.0.1/36117] WARN  server.ServerUtils (ServerUtils.java:getScmDbDir(148)) - ozone.scm.db.dirs is not configured. We recommend adding this setting. Falling back to ozone.metadata.dirs instead.
2021-08-10 07:52:31,850 [Listener at 127.0.0.1/36117] INFO  ha.SCMHANodeDetails (SCMHANodeDetails.java:loadSCMHAConfig(157)) - ServiceID for StorageContainerManager is null
2021-08-10 07:52:31,850 [Listener at 127.0.0.1/36117] INFO  ha.SCMHANodeDetails (SCMHANodeDetails.java:loadSCMHAConfig(162)) - ozone.scm.default.service.id is not defined, falling back to ozone.scm.service.ids to find serviceID for StorageContainerManager if it is HA enabled cluster
2021-08-10 07:52:31,851 [Listener at 127.0.0.1/36117] WARN  server.ServerUtils (ServerUtils.java:getScmDbDir(148)) - ozone.scm.db.dirs is not configured. We recommend adding this setting. Falling back to ozone.metadata.dirs instead.
2021-08-10 07:52:31,851 [Listener at 127.0.0.1/36117] INFO  upgrade.AbstractLayoutVersionManager (AbstractLayoutVersionManager.java:init(70)) - Initializing Layout version manager with metadata layout = SCM_HA (version = 2), software layout = SCM_HA (version = 2)
2021-08-10 07:52:31,909 [Listener at 127.0.0.1/36117] INFO  reflections.Reflections (Reflections.java:scan(232)) - Reflections took 57 ms to scan 7 urls, producing 120 keys and 275 values 
2021-08-10 07:52:31,931 [Listener at 127.0.0.1/36117] WARN  utils.HAUtils (HAUtils.java:getMetaDir(342)) - ozone.scm.db.dirs is not configured. We recommend adding this setting. Falling back to ozone.metadata.dirs instead.
2021-08-10 07:52:31,932 [Listener at 127.0.0.1/36117] WARN  db.DBStoreBuilder (DBStoreBuilder.java:applyDBDefinition(145)) - ozone.scm.db.dirs is not configured. We recommend adding this setting. Falling back to ozone.metadata.dirs instead.
2021-08-10 07:52:32,117 [Listener at 127.0.0.1/36117] INFO  net.NodeSchemaLoader (NodeSchemaLoader.java:loadSchemaFromFile(129)) - Loading schema from [jar:file:/home/runner/.m2/repository/org/apache/ozone/hdds-common/1.2.0-SNAPSHOT/hdds-common-1.2.0-SNAPSHOT.jar!/network-topology-default.xml]
2021-08-10 07:52:32,123 [Listener at 127.0.0.1/36117] INFO  net.NodeSchemaLoader (NodeSchemaLoader.java:loadSchema(176)) - Loading network topology layer schema file
2021-08-10 07:52:32,126 [Listener at 127.0.0.1/36117] INFO  ha.SequenceIdGenerator (SequenceIdGenerator.java:upgradeToSequenceId(327)) - upgrade localId to 107544261427200000
2021-08-10 07:52:32,126 [Listener at 127.0.0.1/36117] INFO  ha.SequenceIdGenerator (SequenceIdGenerator.java:upgradeToSequenceId(337)) - upgrade delTxnId to 0
2021-08-10 07:52:32,126 [Listener at 127.0.0.1/36117] INFO  ha.SequenceIdGenerator (SequenceIdGenerator.java:upgradeToSequenceId(351)) - upgrade containerId to 0
2021-08-10 07:52:32,126 [Listener at 127.0.0.1/36117] INFO  ha.SequenceIdGenerator (SequenceIdGenerator.java:<init>(217)) - Init the HA SequenceIdGenerator.
2021-08-10 07:52:32,131 [Listener at 127.0.0.1/36117] INFO  node.SCMNodeManager (SCMNodeManager.java:<init>(145)) - Entering startup safe mode.
2021-08-10 07:52:32,132 [Listener at 127.0.0.1/36117] INFO  algorithms.ContainerPlacementPolicyFactory (ContainerPlacementPolicyFactory.java:getPolicy(60)) - Create container placement policy of type org.apache.hadoop.hdds.scm.container.placement.algorithms.SCMContainerPlacementRandom
2021-08-10 07:52:32,132 [Listener at 127.0.0.1/36117] INFO  pipeline.PipelineStateManager (PipelineStateManagerV2Impl.java:initialize(78)) - No pipeline exists in current db
2021-08-10 07:52:32,132 [Listener at 127.0.0.1/36117] INFO  algorithms.LeaderChoosePolicyFactory (LeaderChoosePolicyFactory.java:getPolicy(57)) - Create leader choose policy of type org.apache.hadoop.hdds.scm.pipeline.leader.choose.algorithms.MinLeaderCountChoosePolicy
2021-08-10 07:52:32,132 [Listener at 127.0.0.1/36117] INFO  ha.SCMServiceManager (SCMServiceManager.java:register(43)) - Registering service BackgroundPipelineCreator.
2021-08-10 07:52:32,133 [Listener at 127.0.0.1/36117] INFO  pipeline.BackgroundPipelineCreator (BackgroundPipelineCreatorV2.java:start(130)) - Starting RatisPipelineUtilsThread.
2021-08-10 07:52:32,141 [Listener at 127.0.0.1/36117] INFO  algorithms.PipelineChoosePolicyFactory (PipelineChoosePolicyFactory.java:createPipelineChoosePolicyFromClass(73)) - Create pipeline choose policy of type org.apache.hadoop.hdds.scm.pipeline.choose.algorithms.RandomPipelineChoosePolicy
2021-08-10 07:52:32,141 [Listener at 127.0.0.1/36117] INFO  ha.SCMServiceManager (SCMServiceManager.java:register(43)) - Registering service SCMBlockDeletingService.
2021-08-10 07:52:32,142 [Listener at 127.0.0.1/36117] INFO  ha.SCMServiceManager (SCMServiceManager.java:register(43)) - Registering service ReplicationManager.
2021-08-10 07:52:32,142 [Listener at 127.0.0.1/36117] INFO  container.ReplicationManager (ReplicationManager.java:start(286)) - Starting Replication Monitor Thread.
2021-08-10 07:52:32,155 [ReplicationMonitor] INFO  container.ReplicationManager (ReplicationManager.java:processAll(341)) - Replication Monitor Thread took 0 milliseconds for processing 0 containers.
2021-08-10 07:52:32,156 [Listener at 127.0.0.1/36117] INFO  safemode.ContainerSafeModeRule (ContainerSafeModeRule.java:<init>(89)) - containers with one replica threshold count 0
2021-08-10 07:52:32,156 [Listener at 127.0.0.1/36117] INFO  safemode.HealthyPipelineSafeModeRule (HealthyPipelineSafeModeRule.java:initializeRule(156)) - Total pipeline count is 0, healthy pipeline threshold count is 1
2021-08-10 07:52:32,156 [Listener at 127.0.0.1/36117] INFO  safemode.OneReplicaPipelineSafeModeRule (OneReplicaPipelineSafeModeRule.java:initializeRule(180)) - Total pipeline count is 0, pipeline's with at least one datanode reported threshold count is 0
2021-08-10 07:52:32,159 [Listener at 127.0.0.1/36117] INFO  ipc.CallQueueManager (CallQueueManager.java:<init>(90)) - Using callQueue: class java.util.concurrent.LinkedBlockingQueue, queueCapacity: 2000, scheduler: class org.apache.hadoop.ipc.DefaultRpcScheduler, ipcBackoff: false.
2021-08-10 07:52:32,167 [Socket Reader #1 for port 0] INFO  ipc.Server (Server.java:run(1265)) - Starting Socket Reader #1 for port 0
2021-08-10 07:52:32,176 [Listener at 0.0.0.0/46611] INFO  ipc.CallQueueManager (CallQueueManager.java:<init>(90)) - Using callQueue: class java.util.concurrent.LinkedBlockingQueue, queueCapacity: 2000, scheduler: class org.apache.hadoop.ipc.DefaultRpcScheduler, ipcBackoff: false.
2021-08-10 07:52:32,183 [Socket Reader #1 for port 0] INFO  ipc.Server (Server.java:run(1265)) - Starting Socket Reader #1 for port 0
2021-08-10 07:52:32,191 [Listener at 0.0.0.0/42259] INFO  ipc.CallQueueManager (CallQueueManager.java:<init>(90)) - Using callQueue: class java.util.concurrent.LinkedBlockingQueue, queueCapacity: 2000, scheduler: class org.apache.hadoop.ipc.DefaultRpcScheduler, ipcBackoff: false.
2021-08-10 07:52:32,195 [Socket Reader #1 for port 0] INFO  ipc.Server (Server.java:run(1265)) - Starting Socket Reader #1 for port 0
2021-08-10 07:52:32,225 [Listener at 0.0.0.0/36421] INFO  server.StorageContainerManager (StorageContainerManager.java:<init>(380)) - 
Container Balancer status:
Key                            Value
Running                        true
Container Balancer Configuration values:
Key                            Value
Threshold                      0.1
Max Datanodes to Balance       5
Max Size to Move               10737418240B

2021-08-10 07:52:32,231 [Listener at 0.0.0.0/36421] WARN  events.EventQueue (EventQueue.java:fireEvent(194)) - No event handler registered for event TypedEvent{payloadType=SafeModeStatus, name='Safe mode status'}
2021-08-10 07:52:32,231 [Listener at 0.0.0.0/36421] INFO  ha.SCMContext (SCMContext.java:updateSafeModeStatus(205)) - Update SafeModeStatus from SafeModeStatus{safeModeStatus=true, preCheckPassed=false} to SafeModeStatus{safeModeStatus=true, preCheckPassed=false}.
2021-08-10 07:52:32,232 [Listener at 0.0.0.0/36421] INFO  server.StorageContainerManager (StorageContainerManager.java:start(1246)) - StorageContainerLocationProtocol RPC server is listening at /0.0.0.0:36421
2021-08-10 07:52:32,233 [Listener at 0.0.0.0/36421] WARN  impl.MetricsConfig (MetricsConfig.java:loadFirst(136)) - Cannot locate configuration: tried hadoop-metrics2-storagecontainermanager.properties,hadoop-metrics2.properties
2021-08-10 07:52:32,235 [Listener at 0.0.0.0/36421] INFO  impl.MetricsSystemImpl (MetricsSystemImpl.java:startTimer(378)) - Scheduled Metric snapshot period at 10 second(s).
2021-08-10 07:52:32,235 [Listener at 0.0.0.0/36421] INFO  impl.MetricsSystemImpl (MetricsSystemImpl.java:start(191)) - StorageContainerManager metrics system started
2021-08-10 07:52:32,272 [Listener at 0.0.0.0/36421] INFO  impl.MetricsSinkAdapter (MetricsSinkAdapter.java:start(204)) - Sink prometheus started
2021-08-10 07:52:32,279 [Listener at 0.0.0.0/36421] INFO  impl.MetricsSystemImpl (MetricsSystemImpl.java:registerSink(305)) - Registered sink prometheus
2021-08-10 07:52:32,329 [Listener at 0.0.0.0/36421] INFO  server.SCMClientProtocolServer (SCMClientProtocolServer.java:start(165)) - RPC server for Client  is listening at /0.0.0.0:36421
2021-08-10 07:52:32,341 [IPC Server Responder] INFO  ipc.Server (Server.java:run(1507)) - IPC Server Responder: starting
2021-08-10 07:52:32,341 [IPC Server listener on 0] INFO  ipc.Server (Server.java:run(1344)) - IPC Server listener on 0: starting
2021-08-10 07:52:32,368 [Listener at 0.0.0.0/36421] INFO  server.StorageContainerManager (StorageContainerManager.java:start(1261)) - ScmBlockLocationProtocol RPC server is listening at /0.0.0.0:42259
2021-08-10 07:52:32,369 [Listener at 0.0.0.0/36421] INFO  server.SCMBlockProtocolServer (SCMBlockProtocolServer.java:start(151)) - RPC server for Block Protocol is listening at /0.0.0.0:42259
2021-08-10 07:52:32,369 [IPC Server Responder] INFO  ipc.Server (Server.java:run(1507)) - IPC Server Responder: starting
2021-08-10 07:52:32,369 [IPC Server listener on 0] INFO  ipc.Server (Server.java:run(1344)) - IPC Server listener on 0: starting
2021-08-10 07:52:32,421 [Listener at 0.0.0.0/36421] INFO  server.StorageContainerManager (StorageContainerManager.java:start(1267)) - ScmDatanodeProtocl RPC server is listening at /0.0.0.0:46611
2021-08-10 07:52:32,421 [Listener at 0.0.0.0/36421] INFO  server.SCMDatanodeProtocolServer (SCMDatanodeProtocolServer.java:start(181)) - RPC server for DataNodes is listening at /0.0.0.0:46611
2021-08-10 07:52:32,421 [IPC Server Responder] INFO  ipc.Server (Server.java:run(1507)) - IPC Server Responder: starting
2021-08-10 07:52:32,422 [IPC Server listener on 0] INFO  ipc.Server (Server.java:run(1344)) - IPC Server listener on 0: starting
2021-08-10 07:52:32,436 [org.apache.hadoop.util.JvmPauseMonitor$Monitor@42657f8] INFO  util.JvmPauseMonitor (JvmPauseMonitor.java:run(188)) - Starting JVM pause monitor
2021-08-10 07:52:32,436 [Listener at 0.0.0.0/36421] INFO  http.BaseHttpServer (BaseHttpServer.java:newHttpServer2BuilderForOzone(209)) - Starting Web-server for scm at: http://0.0.0.0:0
2021-08-10 07:52:32,437 [Listener at 0.0.0.0/36421] INFO  http.BaseHttpServer (BaseHttpServer.java:<init>(107)) - Hadoop Security Enabled: false Ozone Security Enabled: false Ozone HTTP Security Enabled: false 
2021-08-10 07:52:32,438 [Listener at 0.0.0.0/36421] INFO  server.AuthenticationFilter (AuthenticationFilter.java:constructSecretProvider(240)) - Unable to initialize FileSignerSecretProvider, falling back to use random secrets.
2021-08-10 07:52:32,444 [Listener at 0.0.0.0/36421] WARN  http.HttpRequestLog (HttpRequestLog.java:getRequestLog(103)) - Jetty request log can only be enabled using Log4j
2021-08-10 07:52:32,445 [Listener at 0.0.0.0/36421] INFO  http.HttpServer2 (HttpServer2.java:addGlobalFilter(1020)) - Added global filter 'safety' (class=org.apache.hadoop.hdds.server.http.HttpServer2$QuotingInputFilter)
2021-08-10 07:52:32,446 [Listener at 0.0.0.0/36421] INFO  http.HttpServer2 (HttpServer2.java:addFilter(996)) - Added filter static_user_filter (class=org.apache.hadoop.http.lib.StaticUserWebFilter$StaticUserFilter) to context scm
2021-08-10 07:52:32,446 [Listener at 0.0.0.0/36421] INFO  http.HttpServer2 (HttpServer2.java:addFilter(1004)) - Added filter static_user_filter (class=org.apache.hadoop.http.lib.StaticUserWebFilter$StaticUserFilter) to context logs
2021-08-10 07:52:32,446 [Listener at 0.0.0.0/36421] INFO  http.HttpServer2 (HttpServer2.java:addFilter(1004)) - Added filter static_user_filter (class=org.apache.hadoop.http.lib.StaticUserWebFilter$StaticUserFilter) to context static
2021-08-10 07:52:32,447 [Listener at 0.0.0.0/36421] INFO  http.HttpServer2 (HttpServer2.java:bindListener(1239)) - Jetty bound to port 41521
2021-08-10 07:52:32,447 [Listener at 0.0.0.0/36421] INFO  server.Server (Server.java:doStart(375)) - jetty-9.4.43.v20210629; built: 2021-06-30T11:07:22.254Z; git: 526006ecfa3af7f1a27ef3a288e2bef7ea9dd7e8; jvm 1.8.0_292-b10
2021-08-10 07:52:32,479 [Listener at 0.0.0.0/36421] INFO  server.session (DefaultSessionIdManager.java:doStart(334)) - DefaultSessionIdManager workerName=node0
2021-08-10 07:52:32,479 [Listener at 0.0.0.0/36421] INFO  server.session (DefaultSessionIdManager.java:doStart(339)) - No SessionScavenger set, using defaults
2021-08-10 07:52:32,480 [Listener at 0.0.0.0/36421] INFO  server.session (HouseKeeper.java:startScavenging(132)) - node0 Scavenging every 660000ms
2021-08-10 07:52:32,480 [Listener at 0.0.0.0/36421] INFO  handler.ContextHandler (ContextHandler.java:doStart(915)) - Started o.e.j.s.ServletContextHandler@4e492d18{logs,/logs,file:///home/runner/work/ozone/ozone/hadoop-ozone/integration-test/target/log,AVAILABLE}
2021-08-10 07:52:32,481 [Listener at 0.0.0.0/36421] INFO  handler.ContextHandler (ContextHandler.java:doStart(915)) - Started o.e.j.s.ServletContextHandler@2a9f2f11{static,/static,file:///home/runner/work/ozone/ozone/hadoop-ozone/integration-test/target/test-classes/webapps/static,AVAILABLE}
2021-08-10 07:52:32,484 [Listener at 0.0.0.0/36421] INFO  handler.ContextHandler (ContextHandler.java:doStart(915)) - Started o.e.j.w.WebAppContext@26bddc84{scm,/,file:///home/runner/work/ozone/ozone/hadoop-ozone/integration-test/target/test-classes/webapps/scm/,AVAILABLE}{file:/home/runner/work/ozone/ozone/hadoop-ozone/integration-test/target/test-classes/webapps/scm}
2021-08-10 07:52:32,492 [Listener at 0.0.0.0/36421] INFO  server.AbstractConnector (AbstractConnector.java:doStart(331)) - Started ServerConnector@64cb4b1e{HTTP/1.1, (http/1.1)}{0.0.0.0:41521}
2021-08-10 07:52:32,492 [Listener at 0.0.0.0/36421] INFO  server.Server (Server.java:doStart(415)) - Started @59634ms
2021-08-10 07:52:32,492 [Listener at 0.0.0.0/36421] WARN  impl.MetricsSystemImpl (MetricsSystemImpl.java:register(279)) - Sink prometheus already exists!
2021-08-10 07:52:32,493 [Listener at 0.0.0.0/36421] INFO  http.BaseHttpServer (BaseHttpServer.java:updateConnectorAddress(329)) - HTTP server of scm listening at http://0.0.0.0:41521
2021-08-10 07:52:32,493 [Listener at 0.0.0.0/36421] WARN  server.ServerUtils (ServerUtils.java:getDBPath(225)) - ozone.om.db.dirs is not configured. We recommend adding this setting. Falling back to ozone.metadata.dirs instead.
2021-08-10 07:52:32,515 [Listener at 0.0.0.0/36421] INFO  ha.OMHANodeDetails (OMHANodeDetails.java:loadOMHAConfig(112)) - ozone.om.internal.service.id is not defined, falling back to ozone.om.service.ids to find serviceID for OzoneManager if it is HA enabled cluster
2021-08-10 07:52:32,515 [Listener at 0.0.0.0/36421] INFO  ha.OMHANodeDetails (OMHANodeDetails.java:loadOMHAConfig(219)) - Configuration does not have ozone.om.address set. Falling back to the default OM address /127.0.0.1:0
2021-08-10 07:52:32,515 [Listener at 0.0.0.0/36421] INFO  ha.OMHANodeDetails (OMHANodeDetails.java:getOMNodeDetails(247)) - OM Service ID is not set. Setting it to the default ID: omServiceIdDefault
2021-08-10 07:52:32,516 [Listener at 0.0.0.0/36421] INFO  ha.OMHANodeDetails (OMHANodeDetails.java:getOMNodeDetails(254)) - OM Node ID is not set. Setting it to the default ID: om1
2021-08-10 07:52:32,516 [Listener at 0.0.0.0/36421] WARN  server.ServerUtils (ServerUtils.java:getDBPath(225)) - ozone.om.db.dirs is not configured. We recommend adding this setting. Falling back to ozone.metadata.dirs instead.
2021-08-10 07:52:32,516 [Listener at 0.0.0.0/36421] INFO  upgrade.AbstractLayoutVersionManager (AbstractLayoutVersionManager.java:init(70)) - Initializing Layout version manager with metadata layout = INITIAL_VERSION (version = 0), software layout = INITIAL_VERSION (version = 0)
2021-08-10 07:52:32,625 [Listener at 0.0.0.0/36421] INFO  reflections.Reflections (Reflections.java:scan(232)) - Reflections took 108 ms to scan 2 urls, producing 131 keys and 342 values [using 2 cores]
2021-08-10 07:52:32,625 [Listener at 0.0.0.0/36421] INFO  upgrade.OMLayoutVersionManager (OMLayoutVersionManager.java:lambda$0(116)) - Skipping Upgrade Action MockOmUpgradeAction since it has been finalized.
2021-08-10 07:52:32,626 [Listener at 0.0.0.0/36421] WARN  server.ServerUtils (ServerUtils.java:getDBPath(225)) - ozone.om.db.dirs is not configured. We recommend adding this setting. Falling back to ozone.metadata.dirs instead.
2021-08-10 07:52:32,640 [Listener at 0.0.0.0/36421] WARN  server.ServerUtils (ServerUtils.java:getDBPath(225)) - ozone.om.db.dirs is not configured. We recommend adding this setting. Falling back to ozone.metadata.dirs instead.
2021-08-10 07:52:32,640 [Listener at 0.0.0.0/36421] INFO  codec.OmKeyInfoCodec (OmKeyInfoCodec.java:<init>(51)) - OmKeyInfoCodec ignorePipeline = true
2021-08-10 07:52:32,641 [Listener at 0.0.0.0/36421] INFO  codec.RepeatedOmKeyInfoCodec (RepeatedOmKeyInfoCodec.java:<init>(42)) - RepeatedOmKeyInfoCodec ignorePipeline = true
2021-08-10 07:52:32,896 [Listener at 0.0.0.0/36421] INFO  om.OzoneManager (OzoneManager.java:addS3GVolumeToDB(4084)) - Created Volume s3v With Owner runner required for S3Gateway operations.
2021-08-10 07:52:32,896 [Listener at 0.0.0.0/36421] WARN  server.ServerUtils (ServerUtils.java:getDefaultRatisDirectory(237)) - Storage directory for Ratis is not configured. It is a good idea to map this to an SSD disk. Falling back to ozone.metadata.dirs
2021-08-10 07:52:32,897 [Listener at 0.0.0.0/36421] WARN  utils.OzoneManagerRatisUtils (OzoneManagerRatisUtils.java:getOMRatisSnapshotDirectory(391)) - ozone.om.ratis.snapshot.dir is not configured. Falling back to ozone.metadata.dirs config
2021-08-10 07:52:32,897 [Listener at 0.0.0.0/36421] WARN  impl.MetricRegistriesImpl (MetricRegistriesImpl.java:addReporterRegistration(111)) - New reporters are added after registries were created. Some metrics will be missing from the reporter. Please add reporter before adding any new registry.
2021-08-10 07:52:32,903 [Listener at 0.0.0.0/36421] WARN  impl.MetricRegistriesImpl (MetricRegistriesImpl.java:addReporterRegistration(111)) - New reporters are added after registries were created. Some metrics will be missing from the reporter. Please add reporter before adding any new registry.
2021-08-10 07:52:32,903 [Listener at 0.0.0.0/36421] WARN  server.ServerUtils (ServerUtils.java:getDefaultRatisDirectory(237)) - Storage directory for Ratis is not configured. It is a good idea to map this to an SSD disk. Falling back to ozone.metadata.dirs
2021-08-10 07:52:32,908 [Listener at 0.0.0.0/36421] INFO  ratis.OzoneManagerRatisServer (OzoneManagerRatisServer.java:<init>(158)) - Instantiating OM Ratis server with groupID: omServiceIdDefault and peers: localhost:9872
2021-08-10 07:52:32,908 [Listener at 0.0.0.0/36421] INFO  ratis.OzoneManagerStateMachine (OzoneManagerStateMachine.java:loadSnapshotInfoFromDB(605)) - LastAppliedIndex is set from TransactionInfo from OM DB as (t:0, i:~)
2021-08-10 07:52:32,919 [Listener at 0.0.0.0/36421] INFO  server.RaftServer (ConfUtils.java:logGet(44)) - raft.rpc.type = GRPC (default)
2021-08-10 07:52:32,920 [Listener at 0.0.0.0/36421] INFO  grpc.GrpcFactory (GrpcFactory.java:checkPooledByteBufAllocatorUseCacheForAllThreads(48)) - PERFORMANCE WARNING: useCacheForAllThreads is true that may cause Netty to create a lot garbage objects and, as a result, trigger GC.
	It is recommended to disable useCacheForAllThreads by setting -Dorg.apache.ratis.thirdparty.io.netty.allocator.useCacheForAllThreads=false in command line.
2021-08-10 07:52:32,920 [Listener at 0.0.0.0/36421] INFO  grpc.GrpcConfigKeys (ConfUtils.java:logGet(44)) - raft.grpc.admin.port = -1 (default)
2021-08-10 07:52:32,920 [Listener at 0.0.0.0/36421] INFO  grpc.GrpcConfigKeys (ConfUtils.java:logGet(44)) - raft.grpc.server.port = 9872 (custom)
2021-08-10 07:52:32,920 [Listener at 0.0.0.0/36421] INFO  grpc.GrpcConfigKeys (ConfUtils.java:logGet(44)) - raft.grpc.client.port = -1 (default)
2021-08-10 07:52:32,920 [Listener at 0.0.0.0/36421] INFO  grpc.GrpcConfigKeys (ConfUtils.java:logGet(44)) - raft.grpc.server.port = 9872 (custom)
2021-08-10 07:52:32,920 [Listener at 0.0.0.0/36421] INFO  grpc.GrpcConfigKeys (ConfUtils.java:logGet(44)) - raft.grpc.server.port = 9872 (custom)
2021-08-10 07:52:32,920 [Listener at 0.0.0.0/36421] INFO  server.GrpcService (ConfUtils.java:logGet(44)) - raft.grpc.message.size.max = 33554432 (custom)
2021-08-10 07:52:32,921 [Listener at 0.0.0.0/36421] INFO  server.RaftServerConfigKeys (ConfUtils.java:logGet(44)) - raft.server.log.appender.buffer.byte-limit = 33554432 (custom)
2021-08-10 07:52:32,921 [Listener at 0.0.0.0/36421] INFO  server.GrpcService (ConfUtils.java:logGet(44)) - raft.grpc.flow.control.window = 1MB (=1048576) (default)
2021-08-10 07:52:32,921 [Listener at 0.0.0.0/36421] INFO  server.RaftServerConfigKeys (ConfUtils.java:logGet(44)) - raft.server.rpc.request.timeout = 3000ms (default)
2021-08-10 07:52:32,922 [Listener at 0.0.0.0/36421] INFO  impl.DataStreamServerImpl (ConfUtils.java:logGet(44)) - raft.datastream.type = DISABLED (default)
2021-08-10 07:52:32,922 [Listener at 0.0.0.0/36421] INFO  server.RaftServerConfigKeys (ConfUtils.java:logGet(44)) - raft.server.rpc.slowness.timeout = 120s (custom)
2021-08-10 07:52:32,922 [Listener at 0.0.0.0/36421] INFO  server.RaftServerConfigKeys (ConfUtils.java:logGet(44)) - raft.server.leaderelection.leader.step-down.wait-time = 10s (default)
2021-08-10 07:52:32,923 [Listener at 0.0.0.0/36421] INFO  server.RaftServerConfigKeys (ConfUtils.java:logGet(44)) - raft.server.storage.dir = [/home/runner/work/ozone/ozone/hadoop-ozone/integration-test/target/test-dir/MiniOzoneClusterImpl-18dd5eeb-2d01-48fa-8c78-b335295f6fb4/ozone-meta/ratis] (custom)
2021-08-10 07:52:32,928 [Listener at 0.0.0.0/36421] INFO  server.RaftServer (RaftServerProxy.java:addNew(95)) - om1: addNew group-C5BA1605619E:[om1|rpc:localhost:9872|priority:0] returns group-C5BA1605619E:java.util.concurrent.CompletableFuture@14a28980[Not completed]
2021-08-10 07:52:32,928 [Listener at 0.0.0.0/36421] INFO  om.OzoneManager (OzoneManager.java:initializeRatisServer(1542)) - OzoneManager Ratis server initialized at port 9872
2021-08-10 07:52:32,930 [Listener at 0.0.0.0/36421] INFO  ipc.CallQueueManager (CallQueueManager.java:<init>(90)) - Using callQueue: class java.util.concurrent.LinkedBlockingQueue, queueCapacity: 2000, scheduler: class org.apache.hadoop.ipc.DefaultRpcScheduler, ipcBackoff: false.
2021-08-10 07:52:32,937 [Socket Reader #1 for port 0] INFO  ipc.Server (Server.java:run(1265)) - Starting Socket Reader #1 for port 0
2021-08-10 07:52:32,937 [pool-269-thread-1] INFO  server.RaftServer$Division (RaftServerImpl.java:<init>(181)) - om1: new RaftServerImpl for group-C5BA1605619E:[om1|rpc:localhost:9872|priority:0] with OzoneManagerStateMachine:uninitialized
2021-08-10 07:52:32,955 [pool-269-thread-1] INFO  server.RaftServerConfigKeys (ConfUtils.java:logGet(44)) - raft.server.rpc.timeout.min = 1s (custom)
2021-08-10 07:52:32,955 [pool-269-thread-1] INFO  server.RaftServerConfigKeys (ConfUtils.java:logGet(44)) - raft.server.rpc.timeout.max = 1200ms (custom)
2021-08-10 07:52:32,955 [pool-269-thread-1] INFO  server.RaftServerConfigKeys (ConfUtils.java:logGet(44)) - raft.server.rpc.sleep.time = 25ms (default)
2021-08-10 07:52:32,956 [pool-269-thread-1] INFO  server.RaftServerConfigKeys (ConfUtils.java:logGet(44)) - raft.server.rpc.slowness.timeout = 120s (custom)
2021-08-10 07:52:32,956 [pool-269-thread-1] INFO  server.RaftServerConfigKeys (ConfUtils.java:logGet(44)) - raft.server.leaderelection.leader.step-down.wait-time = 10s (default)
2021-08-10 07:52:32,956 [pool-269-thread-1] INFO  server.RaftServerConfigKeys (ConfUtils.java:logGet(44)) - raft.server.sleep.deviation.threshold = 300ms (default)
2021-08-10 07:52:32,956 [pool-269-thread-1] INFO  server.RaftServerConfigKeys (ConfUtils.java:logGet(44)) - raft.server.log.appender.install.snapshot.enabled = false (custom)
2021-08-10 07:52:32,956 [pool-269-thread-1] INFO  server.RaftServer$Division (ServerState.java:<init>(105)) - om1@group-C5BA1605619E: ConfigurationManager, init=-1: [om1|rpc:localhost:9872|priority:0], old=null, confs=<EMPTY_MAP>
2021-08-10 07:52:32,956 [pool-269-thread-1] INFO  server.RaftServerConfigKeys (ConfUtils.java:logGet(44)) - raft.server.storage.dir = [/home/runner/work/ozone/ozone/hadoop-ozone/integration-test/target/test-dir/MiniOzoneClusterImpl-18dd5eeb-2d01-48fa-8c78-b335295f6fb4/ozone-meta/ratis] (custom)
2021-08-10 07:52:32,956 [pool-269-thread-1] INFO  server.RaftServerConfigKeys (ConfUtils.java:logGet(44)) - raft.server.log.corruption.policy = EXCEPTION (default)
2021-08-10 07:52:32,956 [pool-269-thread-1] INFO  server.RaftServerConfigKeys (ConfUtils.java:logGet(44)) - raft.server.storage.free-space.min = 0MB (=0) (default)
2021-08-10 07:52:32,956 [pool-269-thread-1] INFO  storage.RaftStorageDirectory (RaftStorageDirectoryImpl.java:analyzeStorage(135)) - The storage directory /home/runner/work/ozone/ozone/hadoop-ozone/integration-test/target/test-dir/MiniOzoneClusterImpl-18dd5eeb-2d01-48fa-8c78-b335295f6fb4/ozone-meta/ratis/bf265839-605b-3f16-9796-c5ba1605619e does not exist. Creating ...
2021-08-10 07:52:32,960 [pool-269-thread-1] INFO  storage.RaftStorageDirectory (RaftStorageDirectoryImpl.java:tryLock(230)) - Lock on /home/runner/work/ozone/ozone/hadoop-ozone/integration-test/target/test-dir/MiniOzoneClusterImpl-18dd5eeb-2d01-48fa-8c78-b335295f6fb4/ozone-meta/ratis/bf265839-605b-3f16-9796-c5ba1605619e/in_use.lock acquired by nodename 29984@fv-az12-876
2021-08-10 07:52:32,963 [pool-269-thread-1] INFO  storage.RaftStorage (RaftStorageImpl.java:format(89)) - Storage directory /home/runner/work/ozone/ozone/hadoop-ozone/integration-test/target/test-dir/MiniOzoneClusterImpl-18dd5eeb-2d01-48fa-8c78-b335295f6fb4/ozone-meta/ratis/bf265839-605b-3f16-9796-c5ba1605619e has been successfully formatted.
2021-08-10 07:52:32,963 [pool-269-thread-1] INFO  server.RaftServerConfigKeys (ConfUtils.java:logGet(44)) - raft.server.notification.no-leader.timeout = 120s (custom)
2021-08-10 07:52:32,963 [pool-269-thread-1] INFO  server.RaftServerConfigKeys (ConfUtils.java:logGet(44)) - raft.server.log.use.memory = false (default)
2021-08-10 07:52:32,963 [pool-269-thread-1] INFO  server.RaftServerConfigKeys (ConfUtils.java:logGet(44)) - raft.server.log.purge.gap = 1000000 (custom)
2021-08-10 07:52:32,963 [pool-269-thread-1] INFO  server.RaftServerConfigKeys (ConfUtils.java:logGet(44)) - raft.server.log.appender.buffer.byte-limit = 33554432 (custom)
2021-08-10 07:52:32,970 [pool-269-thread-1] INFO  server.RaftServerConfigKeys (ConfUtils.java:logGet(44)) - raft.server.log.segment.size.max = 4194304 (custom)
2021-08-10 07:52:32,971 [pool-269-thread-1] INFO  server.RaftServerConfigKeys (ConfUtils.java:logGet(44)) - raft.server.log.segment.cache.num.max = 2 (custom)
2021-08-10 07:52:32,971 [pool-269-thread-1] INFO  server.RaftServerConfigKeys (ConfUtils.java:logGet(44)) - raft.server.log.segment.cache.size.max = 200MB (=209715200) (default)
2021-08-10 07:52:32,971 [pool-269-thread-1] INFO  segmented.SegmentedRaftLogWorker (SegmentedRaftLogWorker.java:<init>(182)) - new om1@group-C5BA1605619E-SegmentedRaftLogWorker for RaftStorageImpl:Storage Directory /home/runner/work/ozone/ozone/hadoop-ozone/integration-test/target/test-dir/MiniOzoneClusterImpl-18dd5eeb-2d01-48fa-8c78-b335295f6fb4/ozone-meta/ratis/bf265839-605b-3f16-9796-c5ba1605619e
2021-08-10 07:52:32,971 [pool-269-thread-1] INFO  server.RaftServerConfigKeys (ConfUtils.java:logGet(44)) - raft.server.log.queue.byte-limit = 64MB (=67108864) (default)
2021-08-10 07:52:32,971 [pool-269-thread-1] INFO  server.RaftServerConfigKeys (ConfUtils.java:logGet(44)) - raft.server.log.queue.element-limit = 4096 (default)
2021-08-10 07:52:32,971 [pool-269-thread-1] INFO  server.RaftServerConfigKeys (ConfUtils.java:logGet(44)) - raft.server.log.segment.size.max = 4194304 (custom)
2021-08-10 07:52:32,971 [pool-269-thread-1] INFO  server.RaftServerConfigKeys (ConfUtils.java:logGet(44)) - raft.server.log.preallocated.size = 4194304 (custom)
2021-08-10 07:52:32,972 [pool-269-thread-1] INFO  server.RaftServerConfigKeys (ConfUtils.java:logGet(44)) - raft.server.log.force.sync.num = 128 (default)
2021-08-10 07:52:32,973 [pool-269-thread-1] INFO  server.RaftServerConfigKeys (ConfUtils.java:logGet(44)) - raft.server.log.statemachine.data.sync = true (default)
2021-08-10 07:52:32,973 [pool-269-thread-1] INFO  server.RaftServerConfigKeys (ConfUtils.java:logGet(44)) - raft.server.log.statemachine.data.sync.timeout = 10s (default)
2021-08-10 07:52:32,973 [pool-269-thread-1] INFO  server.RaftServerConfigKeys (ConfUtils.java:logGet(44)) - raft.server.log.statemachine.data.sync.timeout.retry = -1 (default)
2021-08-10 07:52:32,974 [pool-269-thread-1] INFO  server.RaftServerConfigKeys (ConfUtils.java:logGet(44)) - raft.server.log.write.buffer.size = 64KB (=65536) (default)
2021-08-10 07:52:32,974 [pool-269-thread-1] INFO  server.RaftServerConfigKeys (ConfUtils.java:logGet(44)) - raft.server.log.statemachine.data.caching.enabled = false (default)
2021-08-10 07:52:32,974 [pool-269-thread-1] INFO  segmented.SegmentedRaftLogWorker (SegmentedRaftLogWorker.java:lambda$new$0(133)) - om1@group-C5BA1605619E-SegmentedRaftLogWorker: flushIndex: setUnconditionally 0 -> -1
2021-08-10 07:52:32,974 [pool-269-thread-1] INFO  segmented.SegmentedRaftLogWorker (SegmentedRaftLogWorker.java:lambda$new$0(133)) - om1@group-C5BA1605619E-SegmentedRaftLogWorker: safeCacheEvictIndex: setUnconditionally 0 -> -1
2021-08-10 07:52:32,977 [Listener at 127.0.0.1/35799] INFO  om.OzoneManager (OzoneManager.java:initFSOLayout(4290)) - Configured ozone.om.metadata.layout=SIMPLE and disabled optimized OM FS operations
2021-08-10 07:52:32,977 [Listener at 127.0.0.1/35799] INFO  impl.MetricsSystemImpl (MetricsSystemImpl.java:init(158)) - OzoneManager metrics system started (again)
2021-08-10 07:52:32,983 [pool-269-thread-1] INFO  server.RaftServerConfigKeys (ConfUtils.java:logGet(44)) - raft.server.snapshot.auto.trigger.enabled = true (custom)
2021-08-10 07:52:32,983 [pool-269-thread-1] INFO  server.RaftServerConfigKeys (ConfUtils.java:logGet(44)) - raft.server.snapshot.auto.trigger.threshold = 400000 (default)
2021-08-10 07:52:32,983 [pool-269-thread-1] INFO  server.RaftServerConfigKeys (ConfUtils.java:logGet(44)) - raft.server.snapshot.retention.file.num = -1 (default)
2021-08-10 07:52:32,983 [pool-269-thread-1] INFO  server.RaftServerConfigKeys (ConfUtils.java:logGet(44)) - raft.server.log.purge.upto.snapshot.index = true (custom)
2021-08-10 07:52:32,983 [pool-269-thread-1] INFO  server.RaftServerConfigKeys (ConfUtils.java:logGet(44)) - raft.server.retrycache.expirytime = 300s (custom)
2021-08-10 07:52:32,983 [pool-269-thread-1] INFO  server.RaftServerConfigKeys (ConfUtils.java:logGet(44)) - raft.server.retrycache.statistics.expirytime = 100μs (default)
2021-08-10 07:52:32,990 [Listener at 127.0.0.1/35799] INFO  om.OzoneManager (OzoneManager.java:start(1239)) - OzoneManager RPC server is listening at localhost/127.0.0.1:35799
2021-08-10 07:52:32,991 [Listener at 127.0.0.1/35799] INFO  ratis.OzoneManagerRatisServer (OzoneManagerRatisServer.java:start(516)) - Starting OzoneManagerRatisServer om1 at port 9872
2021-08-10 07:52:32,991 [Listener at 127.0.0.1/35799] INFO  server.RaftServer$Division (RaftServerImpl.java:start(296)) - om1@group-C5BA1605619E: start as a follower, conf=-1: [om1|rpc:localhost:9872|priority:0], old=null
2021-08-10 07:52:32,991 [Listener at 127.0.0.1/35799] INFO  server.RaftServer$Division (RaftServerImpl.java:setRole(285)) - om1@group-C5BA1605619E: changes role from      null to FOLLOWER at term 0 for startAsFollower
2021-08-10 07:52:32,991 [Listener at 127.0.0.1/35799] INFO  impl.RoleInfo (RoleInfo.java:updateAndGet(130)) - om1: start om1@group-C5BA1605619E-FollowerState
2021-08-10 07:52:32,991 [Listener at 127.0.0.1/35799] INFO  util.JmxRegister (JmxRegister.java:tryRegister(44)) - Successfully registered JMX Bean with object name Ratis:service=RaftServer,group=group-C5BA1605619E,id=om1
2021-08-10 07:52:32,996 [Listener at 127.0.0.1/35799] INFO  server.RaftServer (RaftServerProxy.java:lambda$start$5(374)) - om1: start RPC server
2021-08-10 07:52:33,012 [Listener at 127.0.0.1/35799] INFO  server.GrpcService (GrpcService.java:startImpl(253)) - om1: GrpcService started, listening on 9872
2021-08-10 07:52:33,013 [Listener at 127.0.0.1/35799] INFO  om.OzoneManager (OzoneManager.java:start(1257)) - Version File has different layout version (0) than OM DB (null). That is expected if this OM has never been finalized to a newer layout version.
2021-08-10 07:52:33,013 [org.apache.ratis.util.JvmPauseMonitor$$Lambda$531/620527965@176cc62b] INFO  util.JvmPauseMonitor (JvmPauseMonitor.java:run(103)) - JvmPauseMonitor-om1: Started
2021-08-10 07:52:33,030 [Listener at 127.0.0.1/35799] INFO  http.BaseHttpServer (BaseHttpServer.java:newHttpServer2BuilderForOzone(209)) - Starting Web-server for ozoneManager at: http://0.0.0.0:0
2021-08-10 07:52:33,030 [Listener at 127.0.0.1/35799] INFO  http.BaseHttpServer (BaseHttpServer.java:<init>(107)) - Hadoop Security Enabled: false Ozone Security Enabled: false Ozone HTTP Security Enabled: false 
2021-08-10 07:52:33,032 [Listener at 127.0.0.1/35799] INFO  server.AuthenticationFilter (AuthenticationFilter.java:constructSecretProvider(240)) - Unable to initialize FileSignerSecretProvider, falling back to use random secrets.
2021-08-10 07:52:33,035 [Listener at 127.0.0.1/35799] WARN  http.HttpRequestLog (HttpRequestLog.java:getRequestLog(103)) - Jetty request log can only be enabled using Log4j
2021-08-10 07:52:33,036 [Listener at 127.0.0.1/35799] INFO  http.HttpServer2 (HttpServer2.java:addGlobalFilter(1020)) - Added global filter 'safety' (class=org.apache.hadoop.hdds.server.http.HttpServer2$QuotingInputFilter)
2021-08-10 07:52:33,037 [Listener at 127.0.0.1/35799] INFO  http.HttpServer2 (HttpServer2.java:addFilter(996)) - Added filter static_user_filter (class=org.apache.hadoop.http.lib.StaticUserWebFilter$StaticUserFilter) to context ozoneManager
2021-08-10 07:52:33,037 [Listener at 127.0.0.1/35799] INFO  http.HttpServer2 (HttpServer2.java:addFilter(1004)) - Added filter static_user_filter (class=org.apache.hadoop.http.lib.StaticUserWebFilter$StaticUserFilter) to context static
2021-08-10 07:52:33,037 [Listener at 127.0.0.1/35799] INFO  http.HttpServer2 (HttpServer2.java:addFilter(1004)) - Added filter static_user_filter (class=org.apache.hadoop.http.lib.StaticUserWebFilter$StaticUserFilter) to context logs
2021-08-10 07:52:33,038 [Listener at 127.0.0.1/35799] INFO  http.HttpServer2 (HttpServer2.java:bindListener(1239)) - Jetty bound to port 36187
2021-08-10 07:52:33,038 [Listener at 127.0.0.1/35799] INFO  server.Server (Server.java:doStart(375)) - jetty-9.4.43.v20210629; built: 2021-06-30T11:07:22.254Z; git: 526006ecfa3af7f1a27ef3a288e2bef7ea9dd7e8; jvm 1.8.0_292-b10
2021-08-10 07:52:33,061 [Listener at 127.0.0.1/35799] INFO  server.session (DefaultSessionIdManager.java:doStart(334)) - DefaultSessionIdManager workerName=node0
2021-08-10 07:52:33,061 [Listener at 127.0.0.1/35799] INFO  server.session (DefaultSessionIdManager.java:doStart(339)) - No SessionScavenger set, using defaults
2021-08-10 07:52:33,062 [Listener at 127.0.0.1/35799] INFO  server.session (HouseKeeper.java:startScavenging(132)) - node0 Scavenging every 660000ms
2021-08-10 07:52:33,067 [Listener at 127.0.0.1/35799] INFO  handler.ContextHandler (ContextHandler.java:doStart(915)) - Started o.e.j.s.ServletContextHandler@72ddbe12{logs,/logs,file:///home/runner/work/ozone/ozone/hadoop-ozone/integration-test/target/log,AVAILABLE}
2021-08-10 07:52:33,068 [Listener at 127.0.0.1/35799] INFO  handler.ContextHandler (ContextHandler.java:doStart(915)) - Started o.e.j.s.ServletContextHandler@65500c79{static,/static,file:///home/runner/work/ozone/ozone/hadoop-ozone/integration-test/target/test-classes/webapps/static,AVAILABLE}
2021-08-10 07:52:33,074 [Listener at 127.0.0.1/35799] INFO  handler.ContextHandler (ContextHandler.java:doStart(915)) - Started o.e.j.w.WebAppContext@1153ee42{ozoneManager,/,file:///home/runner/work/ozone/ozone/hadoop-ozone/integration-test/target/test-classes/webapps/ozoneManager/,AVAILABLE}{file:/home/runner/work/ozone/ozone/hadoop-ozone/integration-test/target/test-classes/webapps/ozoneManager}
2021-08-10 07:52:33,080 [Listener at 127.0.0.1/35799] INFO  server.AbstractConnector (AbstractConnector.java:doStart(331)) - Started ServerConnector@77f7d461{HTTP/1.1, (http/1.1)}{0.0.0.0:36187}
2021-08-10 07:52:33,080 [Listener at 127.0.0.1/35799] INFO  server.Server (Server.java:doStart(415)) - Started @60223ms
2021-08-10 07:52:33,081 [Listener at 127.0.0.1/35799] WARN  impl.MetricsSystemImpl (MetricsSystemImpl.java:register(279)) - Sink prometheus already exists!
2021-08-10 07:52:33,083 [Listener at 127.0.0.1/35799] INFO  http.BaseHttpServer (BaseHttpServer.java:updateConnectorAddress(329)) - HTTP server of ozoneManager listening at http://0.0.0.0:36187
2021-08-10 07:52:33,091 [IPC Server Responder] INFO  ipc.Server (Server.java:run(1507)) - IPC Server Responder: starting
2021-08-10 07:52:33,094 [IPC Server listener on 0] INFO  ipc.Server (Server.java:run(1344)) - IPC Server listener on 0: starting
2021-08-10 07:52:33,195 [Listener at 127.0.0.1/35799] INFO  om.OzoneManager (OzoneManager.java:startTrashEmptier(1500)) - Trash Interval set to 0. Files deleted will not move to trash
2021-08-10 07:52:33,200 [org.apache.hadoop.util.JvmPauseMonitor$Monitor@31fcad71] INFO  util.JvmPauseMonitor (JvmPauseMonitor.java:run(188)) - Starting JVM pause monitor
2021-08-10 07:52:33,207 [Listener at 127.0.0.1/35799] WARN  impl.MetricRegistriesImpl (MetricRegistriesImpl.java:addReporterRegistration(111)) - New reporters are added after registries were created. Some metrics will be missing from the reporter. Please add reporter before adding any new registry.
2021-08-10 07:52:33,207 [Listener at 127.0.0.1/35799] WARN  impl.MetricRegistriesImpl (MetricRegistriesImpl.java:addReporterRegistration(111)) - New reporters are added after registries were created. Some metrics will be missing from the reporter. Please add reporter before adding any new registry.
2021-08-10 07:52:33,207 [Listener at 127.0.0.1/35799] INFO  impl.MetricsSystemImpl (MetricsSystemImpl.java:init(158)) - HddsDatanode metrics system started (again)
2021-08-10 07:52:33,219 [Listener at 127.0.0.1/35799] INFO  ozone.HddsDatanodeService (HddsDatanodeService.java:start(234)) - HddsDatanodeService host:fv-az12-876.exdb2aeach2ezidoxz41lk3bwg.cx.internal.cloudapp.net ip:10.1.0.46
2021-08-10 07:52:33,258 [Listener at 127.0.0.1/35799] INFO  upgrade.AbstractLayoutVersionManager (AbstractLayoutVersionManager.java:init(70)) - Initializing Layout version manager with metadata layout = SCM_HA (version = 2), software layout = SCM_HA (version = 2)
2021-08-10 07:52:33,366 [Listener at 127.0.0.1/35799] INFO  reflections.Reflections (Reflections.java:scan(232)) - Reflections took 107 ms to scan 7 urls, producing 120 keys and 275 values 
2021-08-10 07:52:33,382 [Listener at 127.0.0.1/35799] INFO  volume.HddsVolume (HddsVolume.java:<init>(120)) - Creating HddsVolume: /home/runner/work/ozone/ozone/hadoop-ozone/integration-test/target/test-dir/MiniOzoneClusterImpl-18dd5eeb-2d01-48fa-8c78-b335295f6fb4/datanode-0/data-0/containers/hdds of storage type : DISK capacity : 9223372036854775807
2021-08-10 07:52:33,383 [Listener at 127.0.0.1/35799] INFO  volume.MutableVolumeSet (MutableVolumeSet.java:initializeVolumeSet(181)) - Added Volume : /home/runner/work/ozone/ozone/hadoop-ozone/integration-test/target/test-dir/MiniOzoneClusterImpl-18dd5eeb-2d01-48fa-8c78-b335295f6fb4/datanode-0/data-0/containers/hdds to VolumeSet
2021-08-10 07:52:33,383 [Listener at 127.0.0.1/35799] INFO  volume.ThrottledAsyncChecker (ThrottledAsyncChecker.java:schedule(141)) - Scheduling a check for /home/runner/work/ozone/ozone/hadoop-ozone/integration-test/target/test-dir/MiniOzoneClusterImpl-18dd5eeb-2d01-48fa-8c78-b335295f6fb4/datanode-0/data-0/containers/hdds
2021-08-10 07:52:33,407 [Listener at 127.0.0.1/35799] INFO  volume.StorageVolumeChecker (StorageVolumeChecker.java:checkAllVolumes(202)) - Scheduled health check for volume /home/runner/work/ozone/ozone/hadoop-ozone/integration-test/target/test-dir/MiniOzoneClusterImpl-18dd5eeb-2d01-48fa-8c78-b335295f6fb4/datanode-0/data-0/containers/hdds
2021-08-10 07:52:33,419 [Listener at 127.0.0.1/35799] INFO  volume.MutableVolumeSet (MutableVolumeSet.java:initializeVolumeSet(181)) - Added Volume : /home/runner/work/ozone/ozone/hadoop-ozone/integration-test/target/test-dir/MiniOzoneClusterImpl-18dd5eeb-2d01-48fa-8c78-b335295f6fb4/datanode-0/data/ratis to VolumeSet
2021-08-10 07:52:33,431 [Listener at 127.0.0.1/35799] INFO  volume.ThrottledAsyncChecker (ThrottledAsyncChecker.java:schedule(141)) - Scheduling a check for /home/runner/work/ozone/ozone/hadoop-ozone/integration-test/target/test-dir/MiniOzoneClusterImpl-18dd5eeb-2d01-48fa-8c78-b335295f6fb4/datanode-0/data/ratis
2021-08-10 07:52:33,431 [Listener at 127.0.0.1/35799] INFO  volume.StorageVolumeChecker (StorageVolumeChecker.java:checkAllVolumes(202)) - Scheduled health check for volume /home/runner/work/ozone/ozone/hadoop-ozone/integration-test/target/test-dir/MiniOzoneClusterImpl-18dd5eeb-2d01-48fa-8c78-b335295f6fb4/datanode-0/data/ratis
2021-08-10 07:52:33,465 [Listener at 127.0.0.1/35799] INFO  ozoneimpl.ContainerReader (ContainerReader.java:<init>(98)) - Running in upgrade mode:true
2021-08-10 07:52:33,471 [Thread-3565] INFO  ozoneimpl.ContainerReader (ContainerReader.java:readVolume(142)) - Start to verify containers on volume /home/runner/work/ozone/ozone/hadoop-ozone/integration-test/target/test-dir/MiniOzoneClusterImpl-18dd5eeb-2d01-48fa-8c78-b335295f6fb4/datanode-0/data-0/containers/hdds
2021-08-10 07:52:33,471 [Thread-3565] INFO  ozoneimpl.ContainerReader (ContainerReader.java:readVolume(174)) - Finish verifying containers on volume /home/runner/work/ozone/ozone/hadoop-ozone/integration-test/target/test-dir/MiniOzoneClusterImpl-18dd5eeb-2d01-48fa-8c78-b335295f6fb4/datanode-0/data-0/containers/hdds
2021-08-10 07:52:33,471 [Listener at 127.0.0.1/35799] INFO  ozoneimpl.OzoneContainer (OzoneContainer.java:buildContainerSet(237)) - Build ContainerSet costs 0s
2021-08-10 07:52:33,474 [Listener at 127.0.0.1/35799] INFO  server.RaftServer (ConfUtils.java:logGet(44)) - raft.rpc.type = GRPC (default)
2021-08-10 07:52:33,475 [Listener at 127.0.0.1/35799] INFO  grpc.GrpcFactory (GrpcFactory.java:checkPooledByteBufAllocatorUseCacheForAllThreads(48)) - PERFORMANCE WARNING: useCacheForAllThreads is true that may cause Netty to create a lot garbage objects and, as a result, trigger GC.
	It is recommended to disable useCacheForAllThreads by setting -Dorg.apache.ratis.thirdparty.io.netty.allocator.useCacheForAllThreads=false in command line.
2021-08-10 07:52:33,475 [Listener at 127.0.0.1/35799] INFO  grpc.GrpcConfigKeys (ConfUtils.java:logGet(44)) - raft.grpc.admin.port = 0 (custom)
2021-08-10 07:52:33,475 [Listener at 127.0.0.1/35799] INFO  grpc.GrpcConfigKeys (ConfUtils.java:logGet(44)) - raft.grpc.client.port = 0 (custom)
2021-08-10 07:52:33,475 [Listener at 127.0.0.1/35799] INFO  grpc.GrpcConfigKeys (ConfUtils.java:logGet(44)) - raft.grpc.server.port = 0 (default)
2021-08-10 07:52:33,475 [Listener at 127.0.0.1/35799] INFO  server.GrpcService (ConfUtils.java:logGet(44)) - raft.grpc.message.size.max = 32MB (=33554432) (custom)
2021-08-10 07:52:33,475 [Listener at 127.0.0.1/35799] INFO  server.RaftServerConfigKeys (ConfUtils.java:logGet(44)) - raft.server.log.appender.buffer.byte-limit = 33554432 (custom)
2021-08-10 07:52:33,476 [Listener at 127.0.0.1/35799] INFO  server.GrpcService (ConfUtils.java:logGet(44)) - raft.grpc.flow.control.window = 5MB (=5242880) (custom)
2021-08-10 07:52:33,476 [Listener at 127.0.0.1/35799] INFO  server.RaftServerConfigKeys (ConfUtils.java:logGet(44)) - raft.server.rpc.request.timeout = 60s (custom)
2021-08-10 07:52:33,477 [Listener at 127.0.0.1/35799] INFO  impl.DataStreamServerImpl (ConfUtils.java:logGet(44)) - raft.datastream.type = DISABLED (default)
2021-08-10 07:52:33,477 [Listener at 127.0.0.1/35799] INFO  server.RaftServerConfigKeys (ConfUtils.java:logGet(44)) - raft.server.rpc.slowness.timeout = 300s (custom)
2021-08-10 07:52:33,477 [Listener at 127.0.0.1/35799] INFO  server.RaftServerConfigKeys (ConfUtils.java:logGet(44)) - raft.server.leaderelection.leader.step-down.wait-time = 10s (default)
2021-08-10 07:52:33,477 [Listener at 127.0.0.1/35799] INFO  server.RaftServerConfigKeys (ConfUtils.java:logGet(44)) - raft.server.storage.dir = [/home/runner/work/ozone/ozone/hadoop-ozone/integration-test/target/test-dir/MiniOzoneClusterImpl-18dd5eeb-2d01-48fa-8c78-b335295f6fb4/datanode-0/data/ratis] (custom)
2021-08-10 07:52:33,492 [Listener at 127.0.0.1/35799] INFO  http.BaseHttpServer (BaseHttpServer.java:newHttpServer2BuilderForOzone(209)) - Starting Web-server for hddsDatanode at: http://0.0.0.0:0
2021-08-10 07:52:33,492 [Listener at 127.0.0.1/35799] INFO  http.BaseHttpServer (BaseHttpServer.java:<init>(107)) - Hadoop Security Enabled: false Ozone Security Enabled: false Ozone HTTP Security Enabled: false 
2021-08-10 07:52:33,494 [Listener at 127.0.0.1/35799] INFO  server.AuthenticationFilter (AuthenticationFilter.java:constructSecretProvider(240)) - Unable to initialize FileSignerSecretProvider, falling back to use random secrets.
2021-08-10 07:52:33,494 [Listener at 127.0.0.1/35799] WARN  http.HttpRequestLog (HttpRequestLog.java:getRequestLog(103)) - Jetty request log can only be enabled using Log4j
2021-08-10 07:52:33,495 [Listener at 127.0.0.1/35799] INFO  http.HttpServer2 (HttpServer2.java:addGlobalFilter(1020)) - Added global filter 'safety' (class=org.apache.hadoop.hdds.server.http.HttpServer2$QuotingInputFilter)
2021-08-10 07:52:33,496 [Listener at 127.0.0.1/35799] INFO  http.HttpServer2 (HttpServer2.java:addFilter(996)) - Added filter static_user_filter (class=org.apache.hadoop.http.lib.StaticUserWebFilter$StaticUserFilter) to context hddsDatanode
2021-08-10 07:52:33,496 [Listener at 127.0.0.1/35799] INFO  http.HttpServer2 (HttpServer2.java:addFilter(1004)) - Added filter static_user_filter (class=org.apache.hadoop.http.lib.StaticUserWebFilter$StaticUserFilter) to context static
2021-08-10 07:52:33,496 [Listener at 127.0.0.1/35799] INFO  http.HttpServer2 (HttpServer2.java:addFilter(1004)) - Added filter static_user_filter (class=org.apache.hadoop.http.lib.StaticUserWebFilter$StaticUserFilter) to context logs
2021-08-10 07:52:33,498 [Listener at 127.0.0.1/35799] INFO  http.HttpServer2 (HttpServer2.java:bindListener(1239)) - Jetty bound to port 32879
2021-08-10 07:52:33,498 [Listener at 127.0.0.1/35799] INFO  server.Server (Server.java:doStart(375)) - jetty-9.4.43.v20210629; built: 2021-06-30T11:07:22.254Z; git: 526006ecfa3af7f1a27ef3a288e2bef7ea9dd7e8; jvm 1.8.0_292-b10
2021-08-10 07:52:33,545 [Listener at 127.0.0.1/35799] INFO  server.session (DefaultSessionIdManager.java:doStart(334)) - DefaultSessionIdManager workerName=node0
2021-08-10 07:52:33,545 [Listener at 127.0.0.1/35799] INFO  server.session (DefaultSessionIdManager.java:doStart(339)) - No SessionScavenger set, using defaults
2021-08-10 07:52:33,546 [Listener at 127.0.0.1/35799] INFO  server.session (HouseKeeper.java:startScavenging(132)) - node0 Scavenging every 660000ms
2021-08-10 07:52:33,559 [Listener at 127.0.0.1/35799] INFO  handler.ContextHandler (ContextHandler.java:doStart(915)) - Started o.e.j.s.ServletContextHandler@2ed9d225{logs,/logs,file:///home/runner/work/ozone/ozone/hadoop-ozone/integration-test/target/log,AVAILABLE}
2021-08-10 07:52:33,560 [Listener at 127.0.0.1/35799] INFO  handler.ContextHandler (ContextHandler.java:doStart(915)) - Started o.e.j.s.ServletContextHandler@3a63653b{static,/static,jar:file:/home/runner/.m2/repository/org/apache/ozone/hdds-container-service/1.2.0-SNAPSHOT/hdds-container-service-1.2.0-SNAPSHOT.jar!/webapps/static,AVAILABLE}
2021-08-10 07:52:33,647 [Listener at 127.0.0.1/35799] INFO  handler.ContextHandler (ContextHandler.java:doStart(915)) - Started o.e.j.w.WebAppContext@2d4a8842{hddsDatanode,/,file:///tmp/jetty-0_0_0_0-32879-hdds-container-service-1_2_0-SNAPSHOT_jar-_-any-2506278110675861939/webapp/,AVAILABLE}{jar:file:/home/runner/.m2/repository/org/apache/ozone/hdds-container-service/1.2.0-SNAPSHOT/hdds-container-service-1.2.0-SNAPSHOT.jar!/webapps/hddsDatanode}
2021-08-10 07:52:33,648 [Listener at 127.0.0.1/35799] INFO  server.AbstractConnector (AbstractConnector.java:doStart(331)) - Started ServerConnector@36c8c89{HTTP/1.1, (http/1.1)}{0.0.0.0:32879}
2021-08-10 07:52:33,648 [Listener at 127.0.0.1/35799] INFO  server.Server (Server.java:doStart(415)) - Started @60790ms
2021-08-10 07:52:33,648 [Listener at 127.0.0.1/35799] WARN  impl.MetricsSystemImpl (MetricsSystemImpl.java:register(279)) - Sink prometheus already exists!
2021-08-10 07:52:33,651 [Listener at 127.0.0.1/35799] INFO  http.BaseHttpServer (BaseHttpServer.java:updateConnectorAddress(329)) - HTTP server of hddsDatanode listening at http://0.0.0.0:32879
2021-08-10 07:52:33,660 [Listener at 127.0.0.1/35799] WARN  impl.MetricRegistriesImpl (MetricRegistriesImpl.java:addReporterRegistration(111)) - New reporters are added after registries were created. Some metrics will be missing from the reporter. Please add reporter before adding any new registry.
2021-08-10 07:52:33,661 [Listener at 127.0.0.1/35799] WARN  impl.MetricRegistriesImpl (MetricRegistriesImpl.java:addReporterRegistration(111)) - New reporters are added after registries were created. Some metrics will be missing from the reporter. Please add reporter before adding any new registry.
2021-08-10 07:52:33,661 [Listener at 127.0.0.1/35799] INFO  impl.MetricsSystemImpl (MetricsSystemImpl.java:init(158)) - HddsDatanode metrics system started (again)
2021-08-10 07:52:33,679 [org.apache.hadoop.util.JvmPauseMonitor$Monitor@1c88df59] INFO  util.JvmPauseMonitor (JvmPauseMonitor.java:run(188)) - Starting JVM pause monitor
2021-08-10 07:52:33,692 [Datanode State Machine Task Thread - 0] INFO  datanode.InitDatanodeState (InitDatanodeState.java:persistContainerDatanodeDetails(145)) - DatanodeDetails is persisted to /home/runner/work/ozone/ozone/hadoop-ozone/integration-test/target/test-dir/MiniOzoneClusterImpl-18dd5eeb-2d01-48fa-8c78-b335295f6fb4/datanode-0/meta/datanode.id
2021-08-10 07:52:33,704 [Listener at 127.0.0.1/35799] INFO  ozone.HddsDatanodeService (HddsDatanodeService.java:start(234)) - HddsDatanodeService host:fv-az12-876.exdb2aeach2ezidoxz41lk3bwg.cx.internal.cloudapp.net ip:10.1.0.46
2021-08-10 07:52:33,759 [Listener at 127.0.0.1/35799] INFO  upgrade.AbstractLayoutVersionManager (AbstractLayoutVersionManager.java:init(70)) - Initializing Layout version manager with metadata layout = SCM_HA (version = 2), software layout = SCM_HA (version = 2)
2021-08-10 07:52:33,849 [Listener at 127.0.0.1/35799] INFO  reflections.Reflections (Reflections.java:scan(232)) - Reflections took 89 ms to scan 7 urls, producing 120 keys and 275 values 
2021-08-10 07:52:33,872 [Listener at 127.0.0.1/35799] INFO  volume.HddsVolume (HddsVolume.java:<init>(120)) - Creating HddsVolume: /home/runner/work/ozone/ozone/hadoop-ozone/integration-test/target/test-dir/MiniOzoneClusterImpl-18dd5eeb-2d01-48fa-8c78-b335295f6fb4/datanode-1/data-0/containers/hdds of storage type : DISK capacity : 9223372036854775807
2021-08-10 07:52:33,872 [Listener at 127.0.0.1/35799] INFO  volume.MutableVolumeSet (MutableVolumeSet.java:initializeVolumeSet(181)) - Added Volume : /home/runner/work/ozone/ozone/hadoop-ozone/integration-test/target/test-dir/MiniOzoneClusterImpl-18dd5eeb-2d01-48fa-8c78-b335295f6fb4/datanode-1/data-0/containers/hdds to VolumeSet
2021-08-10 07:52:33,872 [Listener at 127.0.0.1/35799] INFO  volume.ThrottledAsyncChecker (ThrottledAsyncChecker.java:schedule(141)) - Scheduling a check for /home/runner/work/ozone/ozone/hadoop-ozone/integration-test/target/test-dir/MiniOzoneClusterImpl-18dd5eeb-2d01-48fa-8c78-b335295f6fb4/datanode-1/data-0/containers/hdds
2021-08-10 07:52:33,881 [Listener at 127.0.0.1/35799] INFO  volume.StorageVolumeChecker (StorageVolumeChecker.java:checkAllVolumes(202)) - Scheduled health check for volume /home/runner/work/ozone/ozone/hadoop-ozone/integration-test/target/test-dir/MiniOzoneClusterImpl-18dd5eeb-2d01-48fa-8c78-b335295f6fb4/datanode-1/data-0/containers/hdds
2021-08-10 07:52:33,912 [Listener at 127.0.0.1/35799] INFO  volume.MutableVolumeSet (MutableVolumeSet.java:initializeVolumeSet(181)) - Added Volume : /home/runner/work/ozone/ozone/hadoop-ozone/integration-test/target/test-dir/MiniOzoneClusterImpl-18dd5eeb-2d01-48fa-8c78-b335295f6fb4/datanode-1/data/ratis to VolumeSet
2021-08-10 07:52:33,923 [Listener at 127.0.0.1/35799] INFO  volume.ThrottledAsyncChecker (ThrottledAsyncChecker.java:schedule(141)) - Scheduling a check for /home/runner/work/ozone/ozone/hadoop-ozone/integration-test/target/test-dir/MiniOzoneClusterImpl-18dd5eeb-2d01-48fa-8c78-b335295f6fb4/datanode-1/data/ratis
2021-08-10 07:52:33,923 [Listener at 127.0.0.1/35799] INFO  volume.StorageVolumeChecker (StorageVolumeChecker.java:checkAllVolumes(202)) - Scheduled health check for volume /home/runner/work/ozone/ozone/hadoop-ozone/integration-test/target/test-dir/MiniOzoneClusterImpl-18dd5eeb-2d01-48fa-8c78-b335295f6fb4/datanode-1/data/ratis
2021-08-10 07:52:33,954 [Listener at 127.0.0.1/35799] INFO  ozoneimpl.ContainerReader (ContainerReader.java:<init>(98)) - Running in upgrade mode:true
2021-08-10 07:52:33,964 [Thread-3577] INFO  ozoneimpl.ContainerReader (ContainerReader.java:readVolume(142)) - Start to verify containers on volume /home/runner/work/ozone/ozone/hadoop-ozone/integration-test/target/test-dir/MiniOzoneClusterImpl-18dd5eeb-2d01-48fa-8c78-b335295f6fb4/datanode-1/data-0/containers/hdds
2021-08-10 07:52:33,964 [Thread-3577] INFO  ozoneimpl.ContainerReader (ContainerReader.java:readVolume(174)) - Finish verifying containers on volume /home/runner/work/ozone/ozone/hadoop-ozone/integration-test/target/test-dir/MiniOzoneClusterImpl-18dd5eeb-2d01-48fa-8c78-b335295f6fb4/datanode-1/data-0/containers/hdds
2021-08-10 07:52:33,964 [Listener at 127.0.0.1/35799] INFO  ozoneimpl.OzoneContainer (OzoneContainer.java:buildContainerSet(237)) - Build ContainerSet costs 0s
2021-08-10 07:52:33,966 [Listener at 127.0.0.1/35799] INFO  server.RaftServer (ConfUtils.java:logGet(44)) - raft.rpc.type = GRPC (default)
2021-08-10 07:52:33,967 [Listener at 127.0.0.1/35799] INFO  grpc.GrpcFactory (GrpcFactory.java:checkPooledByteBufAllocatorUseCacheForAllThreads(48)) - PERFORMANCE WARNING: useCacheForAllThreads is true that may cause Netty to create a lot garbage objects and, as a result, trigger GC.
	It is recommended to disable useCacheForAllThreads by setting -Dorg.apache.ratis.thirdparty.io.netty.allocator.useCacheForAllThreads=false in command line.
2021-08-10 07:52:33,967 [Listener at 127.0.0.1/35799] INFO  grpc.GrpcConfigKeys (ConfUtils.java:logGet(44)) - raft.grpc.admin.port = 0 (custom)
2021-08-10 07:52:33,967 [Listener at 127.0.0.1/35799] INFO  grpc.GrpcConfigKeys (ConfUtils.java:logGet(44)) - raft.grpc.client.port = 0 (custom)
2021-08-10 07:52:33,967 [Listener at 127.0.0.1/35799] INFO  grpc.GrpcConfigKeys (ConfUtils.java:logGet(44)) - raft.grpc.server.port = 0 (default)
2021-08-10 07:52:33,967 [Listener at 127.0.0.1/35799] INFO  server.GrpcService (ConfUtils.java:logGet(44)) - raft.grpc.message.size.max = 32MB (=33554432) (custom)
2021-08-10 07:52:33,967 [Listener at 127.0.0.1/35799] INFO  server.RaftServerConfigKeys (ConfUtils.java:logGet(44)) - raft.server.log.appender.buffer.byte-limit = 33554432 (custom)
2021-08-10 07:52:33,968 [Listener at 127.0.0.1/35799] INFO  server.GrpcService (ConfUtils.java:logGet(44)) - raft.grpc.flow.control.window = 5MB (=5242880) (custom)
2021-08-10 07:52:33,968 [Listener at 127.0.0.1/35799] INFO  server.RaftServerConfigKeys (ConfUtils.java:logGet(44)) - raft.server.rpc.request.timeout = 60s (custom)
2021-08-10 07:52:33,969 [Listener at 127.0.0.1/35799] INFO  impl.DataStreamServerImpl (ConfUtils.java:logGet(44)) - raft.datastream.type = DISABLED (default)
2021-08-10 07:52:33,969 [Listener at 127.0.0.1/35799] INFO  server.RaftServerConfigKeys (ConfUtils.java:logGet(44)) - raft.server.rpc.slowness.timeout = 300s (custom)
2021-08-10 07:52:33,969 [Listener at 127.0.0.1/35799] INFO  server.RaftServerConfigKeys (ConfUtils.java:logGet(44)) - raft.server.leaderelection.leader.step-down.wait-time = 10s (default)
2021-08-10 07:52:33,969 [Listener at 127.0.0.1/35799] INFO  server.RaftServerConfigKeys (ConfUtils.java:logGet(44)) - raft.server.storage.dir = [/home/runner/work/ozone/ozone/hadoop-ozone/integration-test/target/test-dir/MiniOzoneClusterImpl-18dd5eeb-2d01-48fa-8c78-b335295f6fb4/datanode-1/data/ratis] (custom)
2021-08-10 07:52:33,982 [Listener at 127.0.0.1/35799] INFO  http.BaseHttpServer (BaseHttpServer.java:newHttpServer2BuilderForOzone(209)) - Starting Web-server for hddsDatanode at: http://0.0.0.0:0
2021-08-10 07:52:33,982 [Listener at 127.0.0.1/35799] INFO  http.BaseHttpServer (BaseHttpServer.java:<init>(107)) - Hadoop Security Enabled: false Ozone Security Enabled: false Ozone HTTP Security Enabled: false 
2021-08-10 07:52:33,983 [Listener at 127.0.0.1/35799] INFO  server.AuthenticationFilter (AuthenticationFilter.java:constructSecretProvider(240)) - Unable to initialize FileSignerSecretProvider, falling back to use random secrets.
2021-08-10 07:52:33,994 [Listener at 127.0.0.1/35799] WARN  http.HttpRequestLog (HttpRequestLog.java:getRequestLog(103)) - Jetty request log can only be enabled using Log4j
2021-08-10 07:52:33,995 [Listener at 127.0.0.1/35799] INFO  http.HttpServer2 (HttpServer2.java:addGlobalFilter(1020)) - Added global filter 'safety' (class=org.apache.hadoop.hdds.server.http.HttpServer2$QuotingInputFilter)
2021-08-10 07:52:33,995 [Listener at 127.0.0.1/35799] INFO  http.HttpServer2 (HttpServer2.java:addFilter(996)) - Added filter static_user_filter (class=org.apache.hadoop.http.lib.StaticUserWebFilter$StaticUserFilter) to context hddsDatanode
2021-08-10 07:52:33,995 [Listener at 127.0.0.1/35799] INFO  http.HttpServer2 (HttpServer2.java:addFilter(1004)) - Added filter static_user_filter (class=org.apache.hadoop.http.lib.StaticUserWebFilter$StaticUserFilter) to context static
2021-08-10 07:52:33,995 [Listener at 127.0.0.1/35799] INFO  http.HttpServer2 (HttpServer2.java:addFilter(1004)) - Added filter static_user_filter (class=org.apache.hadoop.http.lib.StaticUserWebFilter$StaticUserFilter) to context logs
2021-08-10 07:52:33,996 [Listener at 127.0.0.1/35799] INFO  http.HttpServer2 (HttpServer2.java:bindListener(1239)) - Jetty bound to port 44439
2021-08-10 07:52:33,996 [Listener at 127.0.0.1/35799] INFO  server.Server (Server.java:doStart(375)) - jetty-9.4.43.v20210629; built: 2021-06-30T11:07:22.254Z; git: 526006ecfa3af7f1a27ef3a288e2bef7ea9dd7e8; jvm 1.8.0_292-b10
2021-08-10 07:52:34,023 [om1@group-C5BA1605619E-FollowerState] INFO  impl.FollowerState (FollowerState.java:run(134)) - om1@group-C5BA1605619E-FollowerState: change to CANDIDATE, lastRpcElapsedTime:1032154576ns, electionTimeout:1024ms
2021-08-10 07:52:34,023 [om1@group-C5BA1605619E-FollowerState] INFO  impl.RoleInfo (RoleInfo.java:shutdownFollowerState(108)) - om1: shutdown om1@group-C5BA1605619E-FollowerState
2021-08-10 07:52:34,024 [om1@group-C5BA1605619E-FollowerState] INFO  server.RaftServer$Division (RaftServerImpl.java:setRole(285)) - om1@group-C5BA1605619E: changes role from  FOLLOWER to CANDIDATE at term 0 for changeToCandidate
2021-08-10 07:52:34,075 [Listener at 127.0.0.1/35799] INFO  server.session (DefaultSessionIdManager.java:doStart(334)) - DefaultSessionIdManager workerName=node0
2021-08-10 07:52:34,075 [Listener at 127.0.0.1/35799] INFO  server.session (DefaultSessionIdManager.java:doStart(339)) - No SessionScavenger set, using defaults
2021-08-10 07:52:34,076 [Listener at 127.0.0.1/35799] INFO  server.session (HouseKeeper.java:startScavenging(132)) - node0 Scavenging every 600000ms
2021-08-10 07:52:34,080 [Listener at 127.0.0.1/35799] INFO  handler.ContextHandler (ContextHandler.java:doStart(915)) - Started o.e.j.s.ServletContextHandler@3a20785e{logs,/logs,file:///home/runner/work/ozone/ozone/hadoop-ozone/integration-test/target/log,AVAILABLE}
2021-08-10 07:52:34,080 [Listener at 127.0.0.1/35799] INFO  handler.ContextHandler (ContextHandler.java:doStart(915)) - Started o.e.j.s.ServletContextHandler@347ee622{static,/static,jar:file:/home/runner/.m2/repository/org/apache/ozone/hdds-container-service/1.2.0-SNAPSHOT/hdds-container-service-1.2.0-SNAPSHOT.jar!/webapps/static,AVAILABLE}
2021-08-10 07:52:34,083 [om1@group-C5BA1605619E-FollowerState] INFO  server.RaftServerConfigKeys (ConfUtils.java:logGet(44)) - raft.server.leaderelection.pre-vote = false (custom)
2021-08-10 07:52:34,083 [om1@group-C5BA1605619E-FollowerState] INFO  impl.RoleInfo (RoleInfo.java:updateAndGet(130)) - om1: start om1@group-C5BA1605619E-LeaderElection7
2021-08-10 07:52:34,155 [om1@group-C5BA1605619E-LeaderElection7] INFO  impl.LeaderElection (LeaderElection.java:askForVotes(306)) - om1@group-C5BA1605619E-LeaderElection7 ELECTION round 0: submit vote requests at term 1 for -1: [om1|rpc:localhost:9872|priority:0], old=null
2021-08-10 07:52:34,156 [om1@group-C5BA1605619E-LeaderElection7] INFO  impl.LeaderElection (LeaderElection.java:askForVotes(308)) - om1@group-C5BA1605619E-LeaderElection7 ELECTION round 0: result PASSED (term=1)
2021-08-10 07:52:34,156 [om1@group-C5BA1605619E-LeaderElection7] INFO  impl.RoleInfo (RoleInfo.java:shutdownLeaderElection(121)) - om1: shutdown om1@group-C5BA1605619E-LeaderElection7
2021-08-10 07:52:34,156 [om1@group-C5BA1605619E-LeaderElection7] INFO  server.RaftServer$Division (RaftServerImpl.java:setRole(285)) - om1@group-C5BA1605619E: changes role from CANDIDATE to LEADER at term 1 for changeToLeader
2021-08-10 07:52:34,156 [om1@group-C5BA1605619E-LeaderElection7] INFO  server.RaftServer$Division (ServerState.java:setLeader(285)) - om1@group-C5BA1605619E: change Leader from null to om1 at term 1 for becomeLeader, leader elected after 1192ms
2021-08-10 07:52:34,156 [om1@group-C5BA1605619E-LeaderElection7] INFO  server.RaftServerConfigKeys (ConfUtils.java:logGet(44)) - raft.server.staging.catchup.gap = 1000 (default)
2021-08-10 07:52:34,156 [om1@group-C5BA1605619E-LeaderElection7] INFO  server.RaftServerConfigKeys (ConfUtils.java:logGet(44)) - raft.server.write.element-limit = 4096 (default)
2021-08-10 07:52:34,156 [om1@group-C5BA1605619E-LeaderElection7] INFO  server.RaftServerConfigKeys (ConfUtils.java:logGet(44)) - raft.server.write.byte-limit = 64MB (=67108864) (default)
2021-08-10 07:52:34,156 [om1@group-C5BA1605619E-LeaderElection7] INFO  server.RaftServerConfigKeys (ConfUtils.java:logGet(44)) - raft.server.watch.timeout = 10s (default)
2021-08-10 07:52:34,156 [om1@group-C5BA1605619E-LeaderElection7] INFO  server.RaftServerConfigKeys (ConfUtils.java:logGet(44)) - raft.server.watch.timeout.denomination = 1s (default)
2021-08-10 07:52:34,156 [om1@group-C5BA1605619E-LeaderElection7] INFO  server.RaftServerConfigKeys (ConfUtils.java:logGet(44)) - raft.server.watch.element-limit = 65536 (default)
2021-08-10 07:52:34,157 [om1@group-C5BA1605619E-LeaderElection7] INFO  impl.RoleInfo (RoleInfo.java:updateAndGet(130)) - om1: start om1@group-C5BA1605619E-LeaderStateImpl
2021-08-10 07:52:34,157 [om1@group-C5BA1605619E-LeaderElection7] INFO  segmented.SegmentedRaftLogWorker (SegmentedRaftLogWorker.java:startLogSegment(394)) - om1@group-C5BA1605619E-SegmentedRaftLogWorker: Starting segment from index:0
2021-08-10 07:52:34,172 [om1@group-C5BA1605619E-LeaderElection7] INFO  server.RaftServer$Division (ServerState.java:setRaftConf(387)) - om1@group-C5BA1605619E: set configuration 0: [om1|rpc:localhost:9872|admin:|client:|dataStream:|priority:0], old=null
2021-08-10 07:52:34,172 [om1@group-C5BA1605619E-SegmentedRaftLogWorker] INFO  segmented.SegmentedRaftLogWorker (SegmentedRaftLogWorker.java:execute(601)) - om1@group-C5BA1605619E-SegmentedRaftLogWorker: created new log segment /home/runner/work/ozone/ozone/hadoop-ozone/integration-test/target/test-dir/MiniOzoneClusterImpl-18dd5eeb-2d01-48fa-8c78-b335295f6fb4/ozone-meta/ratis/bf265839-605b-3f16-9796-c5ba1605619e/current/log_inprogress_0
2021-08-10 07:52:34,174 [om1@group-C5BA1605619E-StateMachineUpdater] INFO  ratis.OzoneManagerStateMachine (OzoneManagerStateMachine.java:notifyConfigurationChanged(188)) - Received Configuration change notification from Ratis. New Peer list:
[id: "om1"
address: "localhost:9872"
]
2021-08-10 07:52:34,254 [Listener at 127.0.0.1/35799] INFO  handler.ContextHandler (ContextHandler.java:doStart(915)) - Started o.e.j.w.WebAppContext@5cacbbe5{hddsDatanode,/,file:///tmp/jetty-0_0_0_0-44439-hdds-container-service-1_2_0-SNAPSHOT_jar-_-any-5233812611366398261/webapp/,AVAILABLE}{jar:file:/home/runner/.m2/repository/org/apache/ozone/hdds-container-service/1.2.0-SNAPSHOT/hdds-container-service-1.2.0-SNAPSHOT.jar!/webapps/hddsDatanode}
2021-08-10 07:52:34,271 [Listener at 127.0.0.1/35799] INFO  server.AbstractConnector (AbstractConnector.java:doStart(331)) - Started ServerConnector@4ac5fab8{HTTP/1.1, (http/1.1)}{0.0.0.0:44439}
2021-08-10 07:52:34,272 [Listener at 127.0.0.1/35799] INFO  server.Server (Server.java:doStart(415)) - Started @61414ms
2021-08-10 07:52:34,272 [Listener at 127.0.0.1/35799] WARN  impl.MetricsSystemImpl (MetricsSystemImpl.java:register(279)) - Sink prometheus already exists!
2021-08-10 07:52:34,272 [Listener at 127.0.0.1/35799] INFO  http.BaseHttpServer (BaseHttpServer.java:updateConnectorAddress(329)) - HTTP server of hddsDatanode listening at http://0.0.0.0:44439
2021-08-10 07:52:34,279 [Listener at 127.0.0.1/35799] WARN  impl.MetricRegistriesImpl (MetricRegistriesImpl.java:addReporterRegistration(111)) - New reporters are added after registries were created. Some metrics will be missing from the reporter. Please add reporter before adding any new registry.
2021-08-10 07:52:34,279 [Listener at 127.0.0.1/35799] WARN  impl.MetricRegistriesImpl (MetricRegistriesImpl.java:addReporterRegistration(111)) - New reporters are added after registries were created. Some metrics will be missing from the reporter. Please add reporter before adding any new registry.
2021-08-10 07:52:34,279 [Listener at 127.0.0.1/35799] INFO  impl.MetricsSystemImpl (MetricsSystemImpl.java:init(158)) - HddsDatanode metrics system started (again)
2021-08-10 07:52:34,291 [Listener at 127.0.0.1/35799] INFO  ozone.HddsDatanodeService (HddsDatanodeService.java:start(234)) - HddsDatanodeService host:fv-az12-876.exdb2aeach2ezidoxz41lk3bwg.cx.internal.cloudapp.net ip:10.1.0.46
2021-08-10 07:52:34,331 [org.apache.hadoop.util.JvmPauseMonitor$Monitor@404f2d0e] INFO  util.JvmPauseMonitor (JvmPauseMonitor.java:run(188)) - Starting JVM pause monitor
2021-08-10 07:52:34,352 [Datanode State Machine Task Thread - 0] INFO  datanode.InitDatanodeState (InitDatanodeState.java:persistContainerDatanodeDetails(145)) - DatanodeDetails is persisted to /home/runner/work/ozone/ozone/hadoop-ozone/integration-test/target/test-dir/MiniOzoneClusterImpl-18dd5eeb-2d01-48fa-8c78-b335295f6fb4/datanode-1/meta/datanode.id
2021-08-10 07:52:34,382 [Listener at 127.0.0.1/35799] INFO  upgrade.AbstractLayoutVersionManager (AbstractLayoutVersionManager.java:init(70)) - Initializing Layout version manager with metadata layout = SCM_HA (version = 2), software layout = SCM_HA (version = 2)
2021-08-10 07:52:34,452 [Listener at 127.0.0.1/35799] INFO  reflections.Reflections (Reflections.java:scan(232)) - Reflections took 69 ms to scan 7 urls, producing 120 keys and 275 values 
2021-08-10 07:52:34,461 [Listener at 127.0.0.1/35799] INFO  volume.HddsVolume (HddsVolume.java:<init>(120)) - Creating HddsVolume: /home/runner/work/ozone/ozone/hadoop-ozone/integration-test/target/test-dir/MiniOzoneClusterImpl-18dd5eeb-2d01-48fa-8c78-b335295f6fb4/datanode-2/data-0/containers/hdds of storage type : DISK capacity : 9223372036854775807
2021-08-10 07:52:34,461 [Listener at 127.0.0.1/35799] INFO  volume.MutableVolumeSet (MutableVolumeSet.java:initializeVolumeSet(181)) - Added Volume : /home/runner/work/ozone/ozone/hadoop-ozone/integration-test/target/test-dir/MiniOzoneClusterImpl-18dd5eeb-2d01-48fa-8c78-b335295f6fb4/datanode-2/data-0/containers/hdds to VolumeSet
2021-08-10 07:52:34,461 [Listener at 127.0.0.1/35799] INFO  volume.ThrottledAsyncChecker (ThrottledAsyncChecker.java:schedule(141)) - Scheduling a check for /home/runner/work/ozone/ozone/hadoop-ozone/integration-test/target/test-dir/MiniOzoneClusterImpl-18dd5eeb-2d01-48fa-8c78-b335295f6fb4/datanode-2/data-0/containers/hdds
2021-08-10 07:52:34,487 [Listener at 127.0.0.1/35799] INFO  volume.StorageVolumeChecker (StorageVolumeChecker.java:checkAllVolumes(202)) - Scheduled health check for volume /home/runner/work/ozone/ozone/hadoop-ozone/integration-test/target/test-dir/MiniOzoneClusterImpl-18dd5eeb-2d01-48fa-8c78-b335295f6fb4/datanode-2/data-0/containers/hdds
2021-08-10 07:52:34,509 [Listener at 127.0.0.1/35799] INFO  volume.MutableVolumeSet (MutableVolumeSet.java:initializeVolumeSet(181)) - Added Volume : /home/runner/work/ozone/ozone/hadoop-ozone/integration-test/target/test-dir/MiniOzoneClusterImpl-18dd5eeb-2d01-48fa-8c78-b335295f6fb4/datanode-2/data/ratis to VolumeSet
2021-08-10 07:52:34,510 [Listener at 127.0.0.1/35799] INFO  volume.ThrottledAsyncChecker (ThrottledAsyncChecker.java:schedule(141)) - Scheduling a check for /home/runner/work/ozone/ozone/hadoop-ozone/integration-test/target/test-dir/MiniOzoneClusterImpl-18dd5eeb-2d01-48fa-8c78-b335295f6fb4/datanode-2/data/ratis
2021-08-10 07:52:34,510 [Listener at 127.0.0.1/35799] INFO  volume.StorageVolumeChecker (StorageVolumeChecker.java:checkAllVolumes(202)) - Scheduled health check for volume /home/runner/work/ozone/ozone/hadoop-ozone/integration-test/target/test-dir/MiniOzoneClusterImpl-18dd5eeb-2d01-48fa-8c78-b335295f6fb4/datanode-2/data/ratis
2021-08-10 07:52:34,533 [Listener at 127.0.0.1/35799] INFO  ozoneimpl.ContainerReader (ContainerReader.java:<init>(98)) - Running in upgrade mode:true
2021-08-10 07:52:34,547 [Thread-3591] INFO  ozoneimpl.ContainerReader (ContainerReader.java:readVolume(142)) - Start to verify containers on volume /home/runner/work/ozone/ozone/hadoop-ozone/integration-test/target/test-dir/MiniOzoneClusterImpl-18dd5eeb-2d01-48fa-8c78-b335295f6fb4/datanode-2/data-0/containers/hdds
2021-08-10 07:52:34,547 [Thread-3591] INFO  ozoneimpl.ContainerReader (ContainerReader.java:readVolume(174)) - Finish verifying containers on volume /home/runner/work/ozone/ozone/hadoop-ozone/integration-test/target/test-dir/MiniOzoneClusterImpl-18dd5eeb-2d01-48fa-8c78-b335295f6fb4/datanode-2/data-0/containers/hdds
2021-08-10 07:52:34,547 [Listener at 127.0.0.1/35799] INFO  ozoneimpl.OzoneContainer (OzoneContainer.java:buildContainerSet(237)) - Build ContainerSet costs 0s
2021-08-10 07:52:34,549 [Listener at 127.0.0.1/35799] INFO  server.RaftServer (ConfUtils.java:logGet(44)) - raft.rpc.type = GRPC (default)
2021-08-10 07:52:34,549 [Listener at 127.0.0.1/35799] INFO  grpc.GrpcFactory (GrpcFactory.java:checkPooledByteBufAllocatorUseCacheForAllThreads(48)) - PERFORMANCE WARNING: useCacheForAllThreads is true that may cause Netty to create a lot garbage objects and, as a result, trigger GC.
	It is recommended to disable useCacheForAllThreads by setting -Dorg.apache.ratis.thirdparty.io.netty.allocator.useCacheForAllThreads=false in command line.
2021-08-10 07:52:34,550 [Listener at 127.0.0.1/35799] INFO  grpc.GrpcConfigKeys (ConfUtils.java:logGet(44)) - raft.grpc.admin.port = 0 (custom)
2021-08-10 07:52:34,550 [Listener at 127.0.0.1/35799] INFO  grpc.GrpcConfigKeys (ConfUtils.java:logGet(44)) - raft.grpc.client.port = 0 (custom)
2021-08-10 07:52:34,550 [Listener at 127.0.0.1/35799] INFO  grpc.GrpcConfigKeys (ConfUtils.java:logGet(44)) - raft.grpc.server.port = 0 (default)
2021-08-10 07:52:34,550 [Listener at 127.0.0.1/35799] INFO  server.GrpcService (ConfUtils.java:logGet(44)) - raft.grpc.message.size.max = 32MB (=33554432) (custom)
2021-08-10 07:52:34,550 [Listener at 127.0.0.1/35799] INFO  server.RaftServerConfigKeys (ConfUtils.java:logGet(44)) - raft.server.log.appender.buffer.byte-limit = 33554432 (custom)
2021-08-10 07:52:34,550 [Listener at 127.0.0.1/35799] INFO  server.GrpcService (ConfUtils.java:logGet(44)) - raft.grpc.flow.control.window = 5MB (=5242880) (custom)
2021-08-10 07:52:34,551 [Listener at 127.0.0.1/35799] INFO  server.RaftServerConfigKeys (ConfUtils.java:logGet(44)) - raft.server.rpc.request.timeout = 60s (custom)
2021-08-10 07:52:34,552 [Listener at 127.0.0.1/35799] INFO  impl.DataStreamServerImpl (ConfUtils.java:logGet(44)) - raft.datastream.type = DISABLED (default)
2021-08-10 07:52:34,552 [Listener at 127.0.0.1/35799] INFO  server.RaftServerConfigKeys (ConfUtils.java:logGet(44)) - raft.server.rpc.slowness.timeout = 300s (custom)
2021-08-10 07:52:34,552 [Listener at 127.0.0.1/35799] INFO  server.RaftServerConfigKeys (ConfUtils.java:logGet(44)) - raft.server.leaderelection.leader.step-down.wait-time = 10s (default)
2021-08-10 07:52:34,552 [Listener at 127.0.0.1/35799] INFO  server.RaftServerConfigKeys (ConfUtils.java:logGet(44)) - raft.server.storage.dir = [/home/runner/work/ozone/ozone/hadoop-ozone/integration-test/target/test-dir/MiniOzoneClusterImpl-18dd5eeb-2d01-48fa-8c78-b335295f6fb4/datanode-2/data/ratis] (custom)
2021-08-10 07:52:34,571 [Listener at 127.0.0.1/35799] INFO  http.BaseHttpServer (BaseHttpServer.java:newHttpServer2BuilderForOzone(209)) - Starting Web-server for hddsDatanode at: http://0.0.0.0:0
2021-08-10 07:52:34,571 [Listener at 127.0.0.1/35799] INFO  http.BaseHttpServer (BaseHttpServer.java:<init>(107)) - Hadoop Security Enabled: false Ozone Security Enabled: false Ozone HTTP Security Enabled: false 
2021-08-10 07:52:34,572 [Listener at 127.0.0.1/35799] INFO  server.AuthenticationFilter (AuthenticationFilter.java:constructSecretProvider(240)) - Unable to initialize FileSignerSecretProvider, falling back to use random secrets.
2021-08-10 07:52:34,579 [Listener at 127.0.0.1/35799] WARN  http.HttpRequestLog (HttpRequestLog.java:getRequestLog(103)) - Jetty request log can only be enabled using Log4j
2021-08-10 07:52:34,580 [Listener at 127.0.0.1/35799] INFO  http.HttpServer2 (HttpServer2.java:addGlobalFilter(1020)) - Added global filter 'safety' (class=org.apache.hadoop.hdds.server.http.HttpServer2$QuotingInputFilter)
2021-08-10 07:52:34,580 [Listener at 127.0.0.1/35799] INFO  http.HttpServer2 (HttpServer2.java:addFilter(996)) - Added filter static_user_filter (class=org.apache.hadoop.http.lib.StaticUserWebFilter$StaticUserFilter) to context hddsDatanode
2021-08-10 07:52:34,581 [Listener at 127.0.0.1/35799] INFO  http.HttpServer2 (HttpServer2.java:addFilter(1004)) - Added filter static_user_filter (class=org.apache.hadoop.http.lib.StaticUserWebFilter$StaticUserFilter) to context logs
2021-08-10 07:52:34,581 [Listener at 127.0.0.1/35799] INFO  http.HttpServer2 (HttpServer2.java:addFilter(1004)) - Added filter static_user_filter (class=org.apache.hadoop.http.lib.StaticUserWebFilter$StaticUserFilter) to context static
2021-08-10 07:52:34,581 [Listener at 127.0.0.1/35799] INFO  http.HttpServer2 (HttpServer2.java:bindListener(1239)) - Jetty bound to port 39459
2021-08-10 07:52:34,581 [Listener at 127.0.0.1/35799] INFO  server.Server (Server.java:doStart(375)) - jetty-9.4.43.v20210629; built: 2021-06-30T11:07:22.254Z; git: 526006ecfa3af7f1a27ef3a288e2bef7ea9dd7e8; jvm 1.8.0_292-b10
2021-08-10 07:52:34,588 [Listener at 127.0.0.1/35799] INFO  server.session (DefaultSessionIdManager.java:doStart(334)) - DefaultSessionIdManager workerName=node0
2021-08-10 07:52:34,588 [Listener at 127.0.0.1/35799] INFO  server.session (DefaultSessionIdManager.java:doStart(339)) - No SessionScavenger set, using defaults
2021-08-10 07:52:34,589 [Listener at 127.0.0.1/35799] INFO  server.session (HouseKeeper.java:startScavenging(132)) - node0 Scavenging every 660000ms
2021-08-10 07:52:34,596 [Listener at 127.0.0.1/35799] INFO  handler.ContextHandler (ContextHandler.java:doStart(915)) - Started o.e.j.s.ServletContextHandler@3f1b68fd{logs,/logs,file:///home/runner/work/ozone/ozone/hadoop-ozone/integration-test/target/log,AVAILABLE}
2021-08-10 07:52:34,596 [Listener at 127.0.0.1/35799] INFO  handler.ContextHandler (ContextHandler.java:doStart(915)) - Started o.e.j.s.ServletContextHandler@233cd973{static,/static,jar:file:/home/runner/.m2/repository/org/apache/ozone/hdds-container-service/1.2.0-SNAPSHOT/hdds-container-service-1.2.0-SNAPSHOT.jar!/webapps/static,AVAILABLE}
2021-08-10 07:52:34,685 [Listener at 127.0.0.1/35799] INFO  handler.ContextHandler (ContextHandler.java:doStart(915)) - Started o.e.j.w.WebAppContext@30a7f22e{hddsDatanode,/,file:///tmp/jetty-0_0_0_0-39459-hdds-container-service-1_2_0-SNAPSHOT_jar-_-any-7977721550367355552/webapp/,AVAILABLE}{jar:file:/home/runner/.m2/repository/org/apache/ozone/hdds-container-service/1.2.0-SNAPSHOT/hdds-container-service-1.2.0-SNAPSHOT.jar!/webapps/hddsDatanode}
2021-08-10 07:52:34,693 [Listener at 127.0.0.1/35799] INFO  server.AbstractConnector (AbstractConnector.java:doStart(331)) - Started ServerConnector@d95a6f9{HTTP/1.1, (http/1.1)}{0.0.0.0:39459}
2021-08-10 07:52:34,693 [Listener at 127.0.0.1/35799] INFO  server.Server (Server.java:doStart(415)) - Started @61835ms
2021-08-10 07:52:34,693 [Listener at 127.0.0.1/35799] WARN  impl.MetricsSystemImpl (MetricsSystemImpl.java:register(279)) - Sink prometheus already exists!
2021-08-10 07:52:34,694 [Listener at 127.0.0.1/35799] INFO  http.BaseHttpServer (BaseHttpServer.java:updateConnectorAddress(329)) - HTTP server of hddsDatanode listening at http://0.0.0.0:39459
2021-08-10 07:52:34,698 [Listener at 127.0.0.1/35799] INFO  ozone.MiniOzoneClusterImpl (MiniOzoneClusterImpl.java:lambda$waitForClusterToBeReady$0(235)) - Waiting for nodes to be ready. Got 0 of 3 DN Heartbeats.
2021-08-10 07:52:34,699 [Listener at 127.0.0.1/35799] INFO  ozone.MiniOzoneClusterImpl (MiniOzoneClusterImpl.java:lambda$waitForClusterToBeReady$0(238)) - Waiting for cluster to exit safe mode
2021-08-10 07:52:34,699 [Listener at 127.0.0.1/35799] INFO  ozone.MiniOzoneClusterImpl (MiniOzoneClusterImpl.java:lambda$waitForClusterToBeReady$0(240)) - SCM became leader
2021-08-10 07:52:34,748 [org.apache.hadoop.util.JvmPauseMonitor$Monitor@153c8e65] INFO  util.JvmPauseMonitor (JvmPauseMonitor.java:run(188)) - Starting JVM pause monitor
2021-08-10 07:52:34,775 [Datanode State Machine Task Thread - 0] INFO  datanode.InitDatanodeState (InitDatanodeState.java:persistContainerDatanodeDetails(145)) - DatanodeDetails is persisted to /home/runner/work/ozone/ozone/hadoop-ozone/integration-test/target/test-dir/MiniOzoneClusterImpl-18dd5eeb-2d01-48fa-8c78-b335295f6fb4/datanode-2/meta/datanode.id
2021-08-10 07:52:35,699 [Listener at 127.0.0.1/35799] INFO  ozone.MiniOzoneClusterImpl (MiniOzoneClusterImpl.java:lambda$waitForClusterToBeReady$0(235)) - Waiting for nodes to be ready. Got 0 of 3 DN Heartbeats.
2021-08-10 07:52:35,699 [Listener at 127.0.0.1/35799] INFO  ozone.MiniOzoneClusterImpl (MiniOzoneClusterImpl.java:lambda$waitForClusterToBeReady$0(238)) - Waiting for cluster to exit safe mode
2021-08-10 07:52:35,699 [Listener at 127.0.0.1/35799] INFO  ozone.MiniOzoneClusterImpl (MiniOzoneClusterImpl.java:lambda$waitForClusterToBeReady$0(240)) - SCM became leader
2021-08-10 07:52:35,706 [EndpointStateMachine task thread for /0.0.0.0:46611 - 0 ] INFO  ozoneimpl.OzoneContainer (OzoneContainer.java:start(305)) - Attempting to start container services.
2021-08-10 07:52:35,707 [EndpointStateMachine task thread for /0.0.0.0:46611 - 0 ] INFO  ozoneimpl.OzoneContainer (OzoneContainer.java:startContainerScrub(250)) - Background container scanner has been disabled.
2021-08-10 07:52:35,708 [EndpointStateMachine task thread for /0.0.0.0:46611 - 0 ] INFO  replication.ReplicationServer (ReplicationServer.java:start(106)) - ReplicationServer is started using port 39653
2021-08-10 07:52:35,708 [EndpointStateMachine task thread for /0.0.0.0:46611 - 0 ] INFO  ratis.XceiverServerRatis (XceiverServerRatis.java:start(478)) - Starting XceiverServerRatis 6aba10dc-a58f-4fc7-8218-673b2e1b730d
2021-08-10 07:52:35,709 [EndpointStateMachine task thread for /0.0.0.0:46611 - 0 ] INFO  server.RaftServer (RaftServerProxy.java:lambda$start$5(374)) - 6aba10dc-a58f-4fc7-8218-673b2e1b730d: start RPC server
2021-08-10 07:52:35,715 [EndpointStateMachine task thread for /0.0.0.0:46611 - 0 ] INFO  server.GrpcService (GrpcService.java:startImpl(253)) - 6aba10dc-a58f-4fc7-8218-673b2e1b730d: GrpcService started, listening on 42995
2021-08-10 07:52:35,718 [EndpointStateMachine task thread for /0.0.0.0:46611 - 0 ] INFO  ratis.XceiverServerRatis (XceiverServerRatis.java:getRealPort(499)) - XceiverServerRatis 6aba10dc-a58f-4fc7-8218-673b2e1b730d is started using port 42995 for RATIS
2021-08-10 07:52:35,718 [EndpointStateMachine task thread for /0.0.0.0:46611 - 0 ] INFO  ratis.XceiverServerRatis (XceiverServerRatis.java:getRealPort(499)) - XceiverServerRatis 6aba10dc-a58f-4fc7-8218-673b2e1b730d is started using port 42995 for RATIS_ADMIN
2021-08-10 07:52:35,718 [EndpointStateMachine task thread for /0.0.0.0:46611 - 0 ] INFO  ratis.XceiverServerRatis (XceiverServerRatis.java:getRealPort(499)) - XceiverServerRatis 6aba10dc-a58f-4fc7-8218-673b2e1b730d is started using port 42995 for RATIS_SERVER
2021-08-10 07:52:35,723 [EndpointStateMachine task thread for /0.0.0.0:46611 - 0 ] INFO  server.XceiverServerGrpc (XceiverServerGrpc.java:start(135)) - XceiverServerGrpc 6aba10dc-a58f-4fc7-8218-673b2e1b730d is started using port 34629
2021-08-10 07:52:35,729 [org.apache.ratis.util.JvmPauseMonitor$$Lambda$531/620527965@54e86960] INFO  util.JvmPauseMonitor (JvmPauseMonitor.java:run(103)) - JvmPauseMonitor-6aba10dc-a58f-4fc7-8218-673b2e1b730d: Started
2021-08-10 07:52:36,355 [EndpointStateMachine task thread for /0.0.0.0:46611 - 0 ] INFO  ozoneimpl.OzoneContainer (OzoneContainer.java:start(305)) - Attempting to start container services.
2021-08-10 07:52:36,355 [EndpointStateMachine task thread for /0.0.0.0:46611 - 0 ] INFO  ozoneimpl.OzoneContainer (OzoneContainer.java:startContainerScrub(250)) - Background container scanner has been disabled.
2021-08-10 07:52:36,362 [EndpointStateMachine task thread for /0.0.0.0:46611 - 0 ] INFO  replication.ReplicationServer (ReplicationServer.java:start(106)) - ReplicationServer is started using port 36673
2021-08-10 07:52:36,362 [EndpointStateMachine task thread for /0.0.0.0:46611 - 0 ] INFO  ratis.XceiverServerRatis (XceiverServerRatis.java:start(478)) - Starting XceiverServerRatis 581c0420-ae36-4e78-8d82-33b3ef40d50c
2021-08-10 07:52:36,363 [EndpointStateMachine task thread for /0.0.0.0:46611 - 0 ] INFO  server.RaftServer (RaftServerProxy.java:lambda$start$5(374)) - 581c0420-ae36-4e78-8d82-33b3ef40d50c: start RPC server
2021-08-10 07:52:36,368 [EndpointStateMachine task thread for /0.0.0.0:46611 - 0 ] INFO  server.GrpcService (GrpcService.java:startImpl(253)) - 581c0420-ae36-4e78-8d82-33b3ef40d50c: GrpcService started, listening on 42363
2021-08-10 07:52:36,375 [EndpointStateMachine task thread for /0.0.0.0:46611 - 0 ] INFO  ratis.XceiverServerRatis (XceiverServerRatis.java:getRealPort(499)) - XceiverServerRatis 581c0420-ae36-4e78-8d82-33b3ef40d50c is started using port 42363 for RATIS
2021-08-10 07:52:36,375 [EndpointStateMachine task thread for /0.0.0.0:46611 - 0 ] INFO  ratis.XceiverServerRatis (XceiverServerRatis.java:getRealPort(499)) - XceiverServerRatis 581c0420-ae36-4e78-8d82-33b3ef40d50c is started using port 42363 for RATIS_ADMIN
2021-08-10 07:52:36,375 [EndpointStateMachine task thread for /0.0.0.0:46611 - 0 ] INFO  ratis.XceiverServerRatis (XceiverServerRatis.java:getRealPort(499)) - XceiverServerRatis 581c0420-ae36-4e78-8d82-33b3ef40d50c is started using port 42363 for RATIS_SERVER
2021-08-10 07:52:36,379 [EndpointStateMachine task thread for /0.0.0.0:46611 - 0 ] INFO  server.XceiverServerGrpc (XceiverServerGrpc.java:start(135)) - XceiverServerGrpc 581c0420-ae36-4e78-8d82-33b3ef40d50c is started using port 46423
2021-08-10 07:52:36,387 [org.apache.ratis.util.JvmPauseMonitor$$Lambda$531/620527965@7570caed] INFO  util.JvmPauseMonitor (JvmPauseMonitor.java:run(103)) - JvmPauseMonitor-581c0420-ae36-4e78-8d82-33b3ef40d50c: Started
2021-08-10 07:52:36,699 [Listener at 127.0.0.1/35799] INFO  ozone.MiniOzoneClusterImpl (MiniOzoneClusterImpl.java:lambda$waitForClusterToBeReady$0(235)) - Waiting for nodes to be ready. Got 0 of 3 DN Heartbeats.
2021-08-10 07:52:36,700 [Listener at 127.0.0.1/35799] INFO  ozone.MiniOzoneClusterImpl (MiniOzoneClusterImpl.java:lambda$waitForClusterToBeReady$0(238)) - Waiting for cluster to exit safe mode
2021-08-10 07:52:36,700 [Listener at 127.0.0.1/35799] INFO  ozone.MiniOzoneClusterImpl (MiniOzoneClusterImpl.java:lambda$waitForClusterToBeReady$0(240)) - SCM became leader
2021-08-10 07:52:36,789 [EndpointStateMachine task thread for /0.0.0.0:46611 - 0 ] INFO  ozoneimpl.OzoneContainer (OzoneContainer.java:start(305)) - Attempting to start container services.
2021-08-10 07:52:36,789 [EndpointStateMachine task thread for /0.0.0.0:46611 - 0 ] INFO  ozoneimpl.OzoneContainer (OzoneContainer.java:startContainerScrub(250)) - Background container scanner has been disabled.
2021-08-10 07:52:36,790 [EndpointStateMachine task thread for /0.0.0.0:46611 - 0 ] INFO  replication.ReplicationServer (ReplicationServer.java:start(106)) - ReplicationServer is started using port 38447
2021-08-10 07:52:36,791 [EndpointStateMachine task thread for /0.0.0.0:46611 - 0 ] INFO  ratis.XceiverServerRatis (XceiverServerRatis.java:start(478)) - Starting XceiverServerRatis e27b497d-edf5-4527-a9cd-0b54bade3291
2021-08-10 07:52:36,791 [EndpointStateMachine task thread for /0.0.0.0:46611 - 0 ] INFO  server.RaftServer (RaftServerProxy.java:lambda$start$5(374)) - e27b497d-edf5-4527-a9cd-0b54bade3291: start RPC server
2021-08-10 07:52:36,807 [EndpointStateMachine task thread for /0.0.0.0:46611 - 0 ] INFO  server.GrpcService (GrpcService.java:startImpl(253)) - e27b497d-edf5-4527-a9cd-0b54bade3291: GrpcService started, listening on 38727
2021-08-10 07:52:36,811 [EndpointStateMachine task thread for /0.0.0.0:46611 - 0 ] INFO  ratis.XceiverServerRatis (XceiverServerRatis.java:getRealPort(499)) - XceiverServerRatis e27b497d-edf5-4527-a9cd-0b54bade3291 is started using port 38727 for RATIS
2021-08-10 07:52:36,811 [EndpointStateMachine task thread for /0.0.0.0:46611 - 0 ] INFO  ratis.XceiverServerRatis (XceiverServerRatis.java:getRealPort(499)) - XceiverServerRatis e27b497d-edf5-4527-a9cd-0b54bade3291 is started using port 38727 for RATIS_ADMIN
2021-08-10 07:52:36,811 [EndpointStateMachine task thread for /0.0.0.0:46611 - 0 ] INFO  ratis.XceiverServerRatis (XceiverServerRatis.java:getRealPort(499)) - XceiverServerRatis e27b497d-edf5-4527-a9cd-0b54bade3291 is started using port 38727 for RATIS_SERVER
2021-08-10 07:52:36,819 [EndpointStateMachine task thread for /0.0.0.0:46611 - 0 ] INFO  server.XceiverServerGrpc (XceiverServerGrpc.java:start(135)) - XceiverServerGrpc e27b497d-edf5-4527-a9cd-0b54bade3291 is started using port 46289
2021-08-10 07:52:36,828 [org.apache.ratis.util.JvmPauseMonitor$$Lambda$531/620527965@7c3a7590] INFO  util.JvmPauseMonitor (JvmPauseMonitor.java:run(103)) - JvmPauseMonitor-e27b497d-edf5-4527-a9cd-0b54bade3291: Started
2021-08-10 07:52:37,681 [IPC Server handler 0 on default port 46611] INFO  net.NetworkTopologyImpl (NetworkTopologyImpl.java:add(112)) - Added a new node: /default-rack/6aba10dc-a58f-4fc7-8218-673b2e1b730d
2021-08-10 07:52:37,681 [IPC Server handler 0 on default port 46611] INFO  node.SCMNodeManager (SCMNodeManager.java:register(390)) - Registered Data node : 6aba10dc-a58f-4fc7-8218-673b2e1b730d{ip: 10.1.0.46, host: fv-az12-876.exdb2aeach2ezidoxz41lk3bwg.cx.internal.cloudapp.net, ports: [REPLICATION=39653, RATIS=42995, RATIS_ADMIN=42995, RATIS_SERVER=42995, STANDALONE=34629], networkLocation: /default-rack, certSerialId: null, persistedOpState: null, persistedOpStateExpiryEpochSec: 0}
2021-08-10 07:52:37,684 [EventQueue-NodeRegistrationContainerReportForDataNodeSafeModeRule] INFO  safemode.SCMSafeModeManager (DataNodeSafeModeRule.java:process(71)) - SCM in safe mode. 1 DataNodes registered, 3 required.
2021-08-10 07:52:37,684 [EventQueue-NodeRegistrationContainerReportForContainerSafeModeRule] INFO  safemode.SCMSafeModeManager (SCMSafeModeManager.java:validateSafeModeExitRules(204)) - ContainerSafeModeRule rule is successfully validated
2021-08-10 07:52:37,691 [EventQueue-NewNodeForNewNodeHandler] INFO  pipeline.BackgroundPipelineCreator (BackgroundPipelineCreatorV2.java:notifyEventTriggered(285)) - trigger a one-shot run on RatisPipelineUtilsThread.
2021-08-10 07:52:37,691 [EventQueue-PipelineReportForOneReplicaPipelineSafeModeRule] INFO  safemode.SCMSafeModeManager (SCMSafeModeManager.java:validateSafeModeExitRules(204)) - AtleastOneDatanodeReportedRule rule is successfully validated
2021-08-10 07:52:37,700 [Listener at 127.0.0.1/35799] INFO  ozone.MiniOzoneClusterImpl (MiniOzoneClusterImpl.java:lambda$waitForClusterToBeReady$0(235)) - Waiting for nodes to be ready. Got 1 of 3 DN Heartbeats.
2021-08-10 07:52:37,700 [Listener at 127.0.0.1/35799] INFO  ozone.MiniOzoneClusterImpl (MiniOzoneClusterImpl.java:lambda$waitForClusterToBeReady$0(238)) - Waiting for cluster to exit safe mode
2021-08-10 07:52:37,700 [Listener at 127.0.0.1/35799] INFO  ozone.MiniOzoneClusterImpl (MiniOzoneClusterImpl.java:lambda$waitForClusterToBeReady$0(240)) - SCM became leader
2021-08-10 07:52:38,333 [IPC Server handler 2 on default port 46611] INFO  net.NetworkTopologyImpl (NetworkTopologyImpl.java:add(112)) - Added a new node: /default-rack/581c0420-ae36-4e78-8d82-33b3ef40d50c
2021-08-10 07:52:38,333 [IPC Server handler 2 on default port 46611] INFO  node.SCMNodeManager (SCMNodeManager.java:register(390)) - Registered Data node : 581c0420-ae36-4e78-8d82-33b3ef40d50c{ip: 10.1.0.46, host: fv-az12-876.exdb2aeach2ezidoxz41lk3bwg.cx.internal.cloudapp.net, ports: [REPLICATION=36673, RATIS=42363, RATIS_ADMIN=42363, RATIS_SERVER=42363, STANDALONE=46423], networkLocation: /default-rack, certSerialId: null, persistedOpState: null, persistedOpStateExpiryEpochSec: 0}
2021-08-10 07:52:38,334 [EventQueue-NewNodeForNewNodeHandler] INFO  pipeline.BackgroundPipelineCreator (BackgroundPipelineCreatorV2.java:notifyEventTriggered(285)) - trigger a one-shot run on RatisPipelineUtilsThread.
2021-08-10 07:52:38,343 [EventQueue-NodeRegistrationContainerReportForDataNodeSafeModeRule] INFO  safemode.SCMSafeModeManager (DataNodeSafeModeRule.java:process(71)) - SCM in safe mode. 2 DataNodes registered, 3 required.
2021-08-10 07:52:38,700 [Listener at 127.0.0.1/35799] INFO  ozone.MiniOzoneClusterImpl (MiniOzoneClusterImpl.java:lambda$waitForClusterToBeReady$0(235)) - Waiting for nodes to be ready. Got 2 of 3 DN Heartbeats.
2021-08-10 07:52:38,700 [Listener at 127.0.0.1/35799] INFO  ozone.MiniOzoneClusterImpl (MiniOzoneClusterImpl.java:lambda$waitForClusterToBeReady$0(238)) - Waiting for cluster to exit safe mode
2021-08-10 07:52:38,701 [Listener at 127.0.0.1/35799] INFO  ozone.MiniOzoneClusterImpl (MiniOzoneClusterImpl.java:lambda$waitForClusterToBeReady$0(240)) - SCM became leader
2021-08-10 07:52:38,749 [IPC Server handler 1 on default port 46611] INFO  net.NetworkTopologyImpl (NetworkTopologyImpl.java:add(112)) - Added a new node: /default-rack/e27b497d-edf5-4527-a9cd-0b54bade3291
2021-08-10 07:52:38,749 [IPC Server handler 1 on default port 46611] INFO  node.SCMNodeManager (SCMNodeManager.java:register(390)) - Registered Data node : e27b497d-edf5-4527-a9cd-0b54bade3291{ip: 10.1.0.46, host: fv-az12-876.exdb2aeach2ezidoxz41lk3bwg.cx.internal.cloudapp.net, ports: [REPLICATION=38447, RATIS=38727, RATIS_ADMIN=38727, RATIS_SERVER=38727, STANDALONE=46289], networkLocation: /default-rack, certSerialId: null, persistedOpState: null, persistedOpStateExpiryEpochSec: 0}
2021-08-10 07:52:38,749 [EventQueue-NewNodeForNewNodeHandler] INFO  pipeline.BackgroundPipelineCreator (BackgroundPipelineCreatorV2.java:notifyEventTriggered(285)) - trigger a one-shot run on RatisPipelineUtilsThread.
2021-08-10 07:52:38,756 [EventQueue-NodeRegistrationContainerReportForDataNodeSafeModeRule] INFO  safemode.SCMSafeModeManager (DataNodeSafeModeRule.java:process(71)) - SCM in safe mode. 3 DataNodes registered, 3 required.
2021-08-10 07:52:38,756 [EventQueue-NodeRegistrationContainerReportForDataNodeSafeModeRule] INFO  safemode.SCMSafeModeManager (SCMSafeModeManager.java:validateSafeModeExitRules(204)) - DataNodeSafeModeRule rule is successfully validated
2021-08-10 07:52:38,757 [EventQueue-NodeRegistrationContainerReportForDataNodeSafeModeRule] INFO  safemode.SCMSafeModeManager (SCMSafeModeManager.java:completePreCheck(233)) - All SCM safe mode pre check rules have passed
2021-08-10 07:52:38,757 [EventQueue-NodeRegistrationContainerReportForDataNodeSafeModeRule] WARN  events.EventQueue (EventQueue.java:fireEvent(194)) - No event handler registered for event TypedEvent{payloadType=SafeModeStatus, name='Safe mode status'}
2021-08-10 07:52:38,757 [EventQueue-NodeRegistrationContainerReportForDataNodeSafeModeRule] INFO  ha.SCMContext (SCMContext.java:updateSafeModeStatus(205)) - Update SafeModeStatus from SafeModeStatus{safeModeStatus=true, preCheckPassed=false} to SafeModeStatus{safeModeStatus=true, preCheckPassed=true}.
2021-08-10 07:52:38,757 [EventQueue-NodeRegistrationContainerReportForDataNodeSafeModeRule] INFO  pipeline.BackgroundPipelineCreator (BackgroundPipelineCreatorV2.java:notifyEventTriggered(285)) - trigger a one-shot run on RatisPipelineUtilsThread.
2021-08-10 07:52:38,757 [RatisPipelineUtilsThread - 0] INFO  pipeline.RatisPipelineProvider (RatisPipelineProvider.java:lambda$create$0(183)) - Sending CreatePipelineCommand for pipeline:PipelineID=28ad549a-28e7-4401-a4ff-5ce5490daff9 to datanode:e27b497d-edf5-4527-a9cd-0b54bade3291
2021-08-10 07:52:38,763 [RatisPipelineUtilsThread - 0] INFO  pipeline.RatisPipelineProvider (RatisPipelineProvider.java:lambda$create$0(183)) - Sending CreatePipelineCommand for pipeline:PipelineID=28ad549a-28e7-4401-a4ff-5ce5490daff9 to datanode:581c0420-ae36-4e78-8d82-33b3ef40d50c
2021-08-10 07:52:38,763 [RatisPipelineUtilsThread - 0] INFO  pipeline.RatisPipelineProvider (RatisPipelineProvider.java:lambda$create$0(183)) - Sending CreatePipelineCommand for pipeline:PipelineID=28ad549a-28e7-4401-a4ff-5ce5490daff9 to datanode:6aba10dc-a58f-4fc7-8218-673b2e1b730d
2021-08-10 07:52:38,764 [RatisPipelineUtilsThread - 0] INFO  pipeline.PipelineStateManager (PipelineStateManagerV2Impl.java:addPipeline(101)) - Created pipeline Pipeline[ Id: 28ad549a-28e7-4401-a4ff-5ce5490daff9, Nodes: e27b497d-edf5-4527-a9cd-0b54bade3291{ip: 10.1.0.46, host: fv-az12-876.exdb2aeach2ezidoxz41lk3bwg.cx.internal.cloudapp.net, ports: [REPLICATION=38447, RATIS=38727, RATIS_ADMIN=38727, RATIS_SERVER=38727, STANDALONE=46289], networkLocation: /default-rack, certSerialId: null, persistedOpState: IN_SERVICE, persistedOpStateExpiryEpochSec: 0}581c0420-ae36-4e78-8d82-33b3ef40d50c{ip: 10.1.0.46, host: fv-az12-876.exdb2aeach2ezidoxz41lk3bwg.cx.internal.cloudapp.net, ports: [REPLICATION=36673, RATIS=42363, RATIS_ADMIN=42363, RATIS_SERVER=42363, STANDALONE=46423], networkLocation: /default-rack, certSerialId: null, persistedOpState: IN_SERVICE, persistedOpStateExpiryEpochSec: 0}6aba10dc-a58f-4fc7-8218-673b2e1b730d{ip: 10.1.0.46, host: fv-az12-876.exdb2aeach2ezidoxz41lk3bwg.cx.internal.cloudapp.net, ports: [REPLICATION=39653, RATIS=42995, RATIS_ADMIN=42995, RATIS_SERVER=42995, STANDALONE=34629], networkLocation: /default-rack, certSerialId: null, persistedOpState: IN_SERVICE, persistedOpStateExpiryEpochSec: 0}, ReplicationConfig: RATIS/THREE, State:ALLOCATED, leaderId:, CreationTimestamp2021-08-10T07:52:38.757Z[Etc/UTC]].
2021-08-10 07:52:39,701 [Listener at 127.0.0.1/35799] INFO  ozone.MiniOzoneClusterImpl (MiniOzoneClusterImpl.java:lambda$waitForClusterToBeReady$0(235)) - Nodes are ready. Got 3 of 3 DN Heartbeats.
2021-08-10 07:52:39,701 [Listener at 127.0.0.1/35799] INFO  ozone.MiniOzoneClusterImpl (MiniOzoneClusterImpl.java:lambda$waitForClusterToBeReady$0(238)) - Waiting for cluster to exit safe mode
2021-08-10 07:52:39,701 [Listener at 127.0.0.1/35799] INFO  ozone.MiniOzoneClusterImpl (MiniOzoneClusterImpl.java:lambda$waitForClusterToBeReady$0(240)) - SCM became leader
2021-08-10 07:52:40,684 [Command processor thread] INFO  server.RaftServer (RaftServerProxy.java:addNew(95)) - 6aba10dc-a58f-4fc7-8218-673b2e1b730d: addNew group-5CE5490DAFF9:[581c0420-ae36-4e78-8d82-33b3ef40d50c|rpc:10.1.0.46:42363|priority:0, e27b497d-edf5-4527-a9cd-0b54bade3291|rpc:10.1.0.46:38727|priority:1, 6aba10dc-a58f-4fc7-8218-673b2e1b730d|rpc:10.1.0.46:42995|priority:0] returns group-5CE5490DAFF9:java.util.concurrent.CompletableFuture@3ac7609f[Not completed]
2021-08-10 07:52:40,696 [pool-282-thread-1] INFO  server.RaftServer$Division (RaftServerImpl.java:<init>(181)) - 6aba10dc-a58f-4fc7-8218-673b2e1b730d: new RaftServerImpl for group-5CE5490DAFF9:[581c0420-ae36-4e78-8d82-33b3ef40d50c|rpc:10.1.0.46:42363|priority:0, e27b497d-edf5-4527-a9cd-0b54bade3291|rpc:10.1.0.46:38727|priority:1, 6aba10dc-a58f-4fc7-8218-673b2e1b730d|rpc:10.1.0.46:42995|priority:0] with ContainerStateMachine:uninitialized
2021-08-10 07:52:40,697 [pool-282-thread-1] INFO  server.RaftServerConfigKeys (ConfUtils.java:logGet(44)) - raft.server.rpc.timeout.min = 5s (custom)
2021-08-10 07:52:40,697 [pool-282-thread-1] INFO  server.RaftServerConfigKeys (ConfUtils.java:logGet(44)) - raft.server.rpc.timeout.max = 5200ms (custom)
2021-08-10 07:52:40,698 [pool-282-thread-1] INFO  server.RaftServerConfigKeys (ConfUtils.java:logGet(44)) - raft.server.rpc.sleep.time = 25ms (default)
2021-08-10 07:52:40,698 [pool-282-thread-1] INFO  server.RaftServerConfigKeys (ConfUtils.java:logGet(44)) - raft.server.rpc.slowness.timeout = 300s (custom)
2021-08-10 07:52:40,698 [pool-282-thread-1] INFO  server.RaftServerConfigKeys (ConfUtils.java:logGet(44)) - raft.server.leaderelection.leader.step-down.wait-time = 10s (default)
2021-08-10 07:52:40,698 [pool-282-thread-1] INFO  server.RaftServerConfigKeys (ConfUtils.java:logGet(44)) - raft.server.sleep.deviation.threshold = 300ms (default)
2021-08-10 07:52:40,698 [pool-282-thread-1] INFO  server.RaftServerConfigKeys (ConfUtils.java:logGet(44)) - raft.server.log.appender.install.snapshot.enabled = false (custom)
2021-08-10 07:52:40,698 [pool-282-thread-1] INFO  server.RaftServer$Division (ServerState.java:<init>(105)) - 6aba10dc-a58f-4fc7-8218-673b2e1b730d@group-5CE5490DAFF9: ConfigurationManager, init=-1: [581c0420-ae36-4e78-8d82-33b3ef40d50c|rpc:10.1.0.46:42363|priority:0, e27b497d-edf5-4527-a9cd-0b54bade3291|rpc:10.1.0.46:38727|priority:1, 6aba10dc-a58f-4fc7-8218-673b2e1b730d|rpc:10.1.0.46:42995|priority:0], old=null, confs=<EMPTY_MAP>
2021-08-10 07:52:40,698 [pool-282-thread-1] INFO  server.RaftServerConfigKeys (ConfUtils.java:logGet(44)) - raft.server.storage.dir = [/home/runner/work/ozone/ozone/hadoop-ozone/integration-test/target/test-dir/MiniOzoneClusterImpl-18dd5eeb-2d01-48fa-8c78-b335295f6fb4/datanode-0/data/ratis] (custom)
2021-08-10 07:52:40,698 [pool-282-thread-1] INFO  server.RaftServerConfigKeys (ConfUtils.java:logGet(44)) - raft.server.log.corruption.policy = EXCEPTION (default)
2021-08-10 07:52:40,698 [pool-282-thread-1] INFO  server.RaftServerConfigKeys (ConfUtils.java:logGet(44)) - raft.server.storage.free-space.min = 0MB (=0) (default)
2021-08-10 07:52:40,699 [pool-282-thread-1] INFO  storage.RaftStorageDirectory (RaftStorageDirectoryImpl.java:analyzeStorage(135)) - The storage directory /home/runner/work/ozone/ozone/hadoop-ozone/integration-test/target/test-dir/MiniOzoneClusterImpl-18dd5eeb-2d01-48fa-8c78-b335295f6fb4/datanode-0/data/ratis/28ad549a-28e7-4401-a4ff-5ce5490daff9 does not exist. Creating ...
2021-08-10 07:52:40,701 [Listener at 127.0.0.1/35799] INFO  ozone.MiniOzoneClusterImpl (MiniOzoneClusterImpl.java:lambda$waitForClusterToBeReady$0(235)) - Nodes are ready. Got 3 of 3 DN Heartbeats.
2021-08-10 07:52:40,701 [Listener at 127.0.0.1/35799] INFO  ozone.MiniOzoneClusterImpl (MiniOzoneClusterImpl.java:lambda$waitForClusterToBeReady$0(238)) - Waiting for cluster to exit safe mode
2021-08-10 07:52:40,701 [Listener at 127.0.0.1/35799] INFO  ozone.MiniOzoneClusterImpl (MiniOzoneClusterImpl.java:lambda$waitForClusterToBeReady$0(240)) - SCM became leader
2021-08-10 07:52:40,706 [pool-282-thread-1] INFO  storage.RaftStorageDirectory (RaftStorageDirectoryImpl.java:tryLock(230)) - Lock on /home/runner/work/ozone/ozone/hadoop-ozone/integration-test/target/test-dir/MiniOzoneClusterImpl-18dd5eeb-2d01-48fa-8c78-b335295f6fb4/datanode-0/data/ratis/28ad549a-28e7-4401-a4ff-5ce5490daff9/in_use.lock acquired by nodename 29984@fv-az12-876
2021-08-10 07:52:40,711 [pool-282-thread-1] INFO  storage.RaftStorage (RaftStorageImpl.java:format(89)) - Storage directory /home/runner/work/ozone/ozone/hadoop-ozone/integration-test/target/test-dir/MiniOzoneClusterImpl-18dd5eeb-2d01-48fa-8c78-b335295f6fb4/datanode-0/data/ratis/28ad549a-28e7-4401-a4ff-5ce5490daff9 has been successfully formatted.
2021-08-10 07:52:40,712 [pool-282-thread-1] INFO  ratis.ContainerStateMachine (ContainerStateMachine.java:loadSnapshot(223)) - group-5CE5490DAFF9: The snapshot info is null. Setting the last applied indexto:(t:0, i:~)
2021-08-10 07:52:40,712 [pool-282-thread-1] INFO  server.RaftServerConfigKeys (ConfUtils.java:logGet(44)) - raft.server.notification.no-leader.timeout = 300s (custom)
2021-08-10 07:52:40,712 [pool-282-thread-1] INFO  server.RaftServerConfigKeys (ConfUtils.java:logGet(44)) - raft.server.log.use.memory = false (default)
2021-08-10 07:52:40,712 [pool-282-thread-1] INFO  server.RaftServerConfigKeys (ConfUtils.java:logGet(44)) - raft.server.log.purge.gap = 1000000 (custom)
2021-08-10 07:52:40,712 [pool-282-thread-1] INFO  server.RaftServerConfigKeys (ConfUtils.java:logGet(44)) - raft.server.log.appender.buffer.byte-limit = 33554432 (custom)
2021-08-10 07:52:40,712 [pool-282-thread-1] INFO  server.RaftServerConfigKeys (ConfUtils.java:logGet(44)) - raft.server.log.segment.size.max = 1048576 (custom)
2021-08-10 07:52:40,713 [pool-282-thread-1] INFO  server.RaftServerConfigKeys (ConfUtils.java:logGet(44)) - raft.server.log.segment.cache.num.max = 2 (custom)
2021-08-10 07:52:40,713 [pool-282-thread-1] INFO  server.RaftServerConfigKeys (ConfUtils.java:logGet(44)) - raft.server.log.segment.cache.size.max = 200MB (=209715200) (default)
2021-08-10 07:52:40,713 [pool-282-thread-1] INFO  segmented.SegmentedRaftLogWorker (SegmentedRaftLogWorker.java:<init>(182)) - new 6aba10dc-a58f-4fc7-8218-673b2e1b730d@group-5CE5490DAFF9-SegmentedRaftLogWorker for RaftStorageImpl:Storage Directory /home/runner/work/ozone/ozone/hadoop-ozone/integration-test/target/test-dir/MiniOzoneClusterImpl-18dd5eeb-2d01-48fa-8c78-b335295f6fb4/datanode-0/data/ratis/28ad549a-28e7-4401-a4ff-5ce5490daff9
2021-08-10 07:52:40,713 [pool-282-thread-1] INFO  server.RaftServerConfigKeys (ConfUtils.java:logGet(44)) - raft.server.log.queue.byte-limit = 2147483647 (custom)
2021-08-10 07:52:40,713 [pool-282-thread-1] INFO  server.RaftServerConfigKeys (ConfUtils.java:logGet(44)) - raft.server.log.queue.element-limit = 1024 (custom)
2021-08-10 07:52:40,713 [pool-282-thread-1] INFO  server.RaftServerConfigKeys (ConfUtils.java:logGet(44)) - raft.server.log.segment.size.max = 1048576 (custom)
2021-08-10 07:52:40,713 [pool-282-thread-1] INFO  server.RaftServerConfigKeys (ConfUtils.java:logGet(44)) - raft.server.log.preallocated.size = 16384 (custom)
2021-08-10 07:52:40,713 [pool-282-thread-1] INFO  server.RaftServerConfigKeys (ConfUtils.java:logGet(44)) - raft.server.log.force.sync.num = 128 (default)
2021-08-10 07:52:40,713 [pool-282-thread-1] INFO  server.RaftServerConfigKeys (ConfUtils.java:logGet(44)) - raft.server.log.statemachine.data.sync = true (default)
2021-08-10 07:52:40,713 [pool-282-thread-1] INFO  server.RaftServerConfigKeys (ConfUtils.java:logGet(44)) - raft.server.log.statemachine.data.sync.timeout = 10s (default)
2021-08-10 07:52:40,713 [pool-282-thread-1] INFO  server.RaftServerConfigKeys (ConfUtils.java:logGet(44)) - raft.server.log.statemachine.data.sync.timeout.retry = -1 (default)
2021-08-10 07:52:40,714 [pool-282-thread-1] INFO  server.RaftServerConfigKeys (ConfUtils.java:logGet(44)) - raft.server.log.write.buffer.size = 1048576 (custom)
2021-08-10 07:52:40,715 [pool-282-thread-1] INFO  server.RaftServerConfigKeys (ConfUtils.java:logGet(44)) - raft.server.log.statemachine.data.caching.enabled = true (custom)
2021-08-10 07:52:40,715 [pool-282-thread-1] INFO  segmented.SegmentedRaftLogWorker (SegmentedRaftLogWorker.java:lambda$new$0(133)) - 6aba10dc-a58f-4fc7-8218-673b2e1b730d@group-5CE5490DAFF9-SegmentedRaftLogWorker: flushIndex: setUnconditionally 0 -> -1
2021-08-10 07:52:40,715 [Datanode State Machine Thread - 0] WARN  statemachine.StateContext (StateContext.java:execute(621)) - No available thread in pool for past 0 seconds.
2021-08-10 07:52:40,715 [pool-282-thread-1] INFO  segmented.SegmentedRaftLogWorker (SegmentedRaftLogWorker.java:lambda$new$0(133)) - 6aba10dc-a58f-4fc7-8218-673b2e1b730d@group-5CE5490DAFF9-SegmentedRaftLogWorker: safeCacheEvictIndex: setUnconditionally 0 -> -1
2021-08-10 07:52:40,716 [pool-282-thread-1] INFO  server.RaftServerConfigKeys (ConfUtils.java:logGet(44)) - raft.server.snapshot.auto.trigger.enabled = true (custom)
2021-08-10 07:52:40,716 [pool-282-thread-1] INFO  server.RaftServerConfigKeys (ConfUtils.java:logGet(44)) - raft.server.snapshot.auto.trigger.threshold = 10000 (custom)
2021-08-10 07:52:40,716 [pool-282-thread-1] INFO  server.RaftServerConfigKeys (ConfUtils.java:logGet(44)) - raft.server.snapshot.retention.file.num = 5 (custom)
2021-08-10 07:52:40,716 [pool-282-thread-1] INFO  server.RaftServerConfigKeys (ConfUtils.java:logGet(44)) - raft.server.log.purge.upto.snapshot.index = false (default)
2021-08-10 07:52:40,716 [pool-282-thread-1] INFO  server.RaftServerConfigKeys (ConfUtils.java:logGet(44)) - raft.server.retrycache.expirytime = 600000ms (custom)
2021-08-10 07:52:40,716 [pool-282-thread-1] INFO  server.RaftServerConfigKeys (ConfUtils.java:logGet(44)) - raft.server.retrycache.statistics.expirytime = 100μs (default)
2021-08-10 07:52:40,717 [pool-282-thread-1] INFO  server.RaftServer$Division (RaftServerImpl.java:start(296)) - 6aba10dc-a58f-4fc7-8218-673b2e1b730d@group-5CE5490DAFF9: start as a follower, conf=-1: [581c0420-ae36-4e78-8d82-33b3ef40d50c|rpc:10.1.0.46:42363|priority:0, e27b497d-edf5-4527-a9cd-0b54bade3291|rpc:10.1.0.46:38727|priority:1, 6aba10dc-a58f-4fc7-8218-673b2e1b730d|rpc:10.1.0.46:42995|priority:0], old=null
2021-08-10 07:52:40,717 [pool-282-thread-1] INFO  server.RaftServer$Division (RaftServerImpl.java:setRole(285)) - 6aba10dc-a58f-4fc7-8218-673b2e1b730d@group-5CE5490DAFF9: changes role from      null to FOLLOWER at term 0 for startAsFollower
2021-08-10 07:52:40,717 [pool-282-thread-1] INFO  impl.RoleInfo (RoleInfo.java:updateAndGet(130)) - 6aba10dc-a58f-4fc7-8218-673b2e1b730d: start 6aba10dc-a58f-4fc7-8218-673b2e1b730d@group-5CE5490DAFF9-FollowerState
2021-08-10 07:52:40,718 [pool-282-thread-1] INFO  util.JmxRegister (JmxRegister.java:tryRegister(44)) - Successfully registered JMX Bean with object name Ratis:service=RaftServer,group=group-5CE5490DAFF9,id=6aba10dc-a58f-4fc7-8218-673b2e1b730d
2021-08-10 07:52:40,727 [Command processor thread] INFO  ratis.XceiverServerRatis (XceiverServerRatis.java:addGroup(759)) - Created group PipelineID=28ad549a-28e7-4401-a4ff-5ce5490daff9
2021-08-10 07:52:40,760 [grpc-default-executor-2] INFO  server.RaftServer (RaftServerProxy.java:addNew(95)) - e27b497d-edf5-4527-a9cd-0b54bade3291: addNew group-5CE5490DAFF9:[581c0420-ae36-4e78-8d82-33b3ef40d50c|rpc:10.1.0.46:42363|dataStream:|priority:0, e27b497d-edf5-4527-a9cd-0b54bade3291|rpc:10.1.0.46:38727|dataStream:|priority:1, 6aba10dc-a58f-4fc7-8218-673b2e1b730d|rpc:10.1.0.46:42995|dataStream:|priority:0] returns group-5CE5490DAFF9:java.util.concurrent.CompletableFuture@4a8aa254[Not completed]
2021-08-10 07:52:40,766 [pool-320-thread-1] INFO  server.RaftServer$Division (RaftServerImpl.java:<init>(181)) - e27b497d-edf5-4527-a9cd-0b54bade3291: new RaftServerImpl for group-5CE5490DAFF9:[581c0420-ae36-4e78-8d82-33b3ef40d50c|rpc:10.1.0.46:42363|dataStream:|priority:0, e27b497d-edf5-4527-a9cd-0b54bade3291|rpc:10.1.0.46:38727|dataStream:|priority:1, 6aba10dc-a58f-4fc7-8218-673b2e1b730d|rpc:10.1.0.46:42995|dataStream:|priority:0] with ContainerStateMachine:uninitialized
2021-08-10 07:52:40,766 [pool-320-thread-1] INFO  server.RaftServerConfigKeys (ConfUtils.java:logGet(44)) - raft.server.rpc.timeout.min = 5s (custom)
2021-08-10 07:52:40,766 [pool-320-thread-1] INFO  server.RaftServerConfigKeys (ConfUtils.java:logGet(44)) - raft.server.rpc.timeout.max = 5200ms (custom)
2021-08-10 07:52:40,766 [pool-320-thread-1] INFO  server.RaftServerConfigKeys (ConfUtils.java:logGet(44)) - raft.server.rpc.sleep.time = 25ms (default)
2021-08-10 07:52:40,766 [pool-320-thread-1] INFO  server.RaftServerConfigKeys (ConfUtils.java:logGet(44)) - raft.server.rpc.slowness.timeout = 300s (custom)
2021-08-10 07:52:40,766 [pool-320-thread-1] INFO  server.RaftServerConfigKeys (ConfUtils.java:logGet(44)) - raft.server.leaderelection.leader.step-down.wait-time = 10s (default)
2021-08-10 07:52:40,766 [pool-320-thread-1] INFO  server.RaftServerConfigKeys (ConfUtils.java:logGet(44)) - raft.server.sleep.deviation.threshold = 300ms (default)
2021-08-10 07:52:40,766 [pool-320-thread-1] INFO  server.RaftServerConfigKeys (ConfUtils.java:logGet(44)) - raft.server.log.appender.install.snapshot.enabled = false (custom)
2021-08-10 07:52:40,766 [pool-320-thread-1] INFO  server.RaftServer$Division (ServerState.java:<init>(105)) - e27b497d-edf5-4527-a9cd-0b54bade3291@group-5CE5490DAFF9: ConfigurationManager, init=-1: [581c0420-ae36-4e78-8d82-33b3ef40d50c|rpc:10.1.0.46:42363|dataStream:|priority:0, e27b497d-edf5-4527-a9cd-0b54bade3291|rpc:10.1.0.46:38727|dataStream:|priority:1, 6aba10dc-a58f-4fc7-8218-673b2e1b730d|rpc:10.1.0.46:42995|dataStream:|priority:0], old=null, confs=<EMPTY_MAP>
2021-08-10 07:52:40,767 [pool-320-thread-1] INFO  server.RaftServerConfigKeys (ConfUtils.java:logGet(44)) - raft.server.storage.dir = [/home/runner/work/ozone/ozone/hadoop-ozone/integration-test/target/test-dir/MiniOzoneClusterImpl-18dd5eeb-2d01-48fa-8c78-b335295f6fb4/datanode-2/data/ratis] (custom)
2021-08-10 07:52:40,767 [pool-320-thread-1] INFO  server.RaftServerConfigKeys (ConfUtils.java:logGet(44)) - raft.server.log.corruption.policy = EXCEPTION (default)
2021-08-10 07:52:40,767 [pool-320-thread-1] INFO  server.RaftServerConfigKeys (ConfUtils.java:logGet(44)) - raft.server.storage.free-space.min = 0MB (=0) (default)
2021-08-10 07:52:40,767 [pool-320-thread-1] INFO  storage.RaftStorageDirectory (RaftStorageDirectoryImpl.java:analyzeStorage(135)) - The storage directory /home/runner/work/ozone/ozone/hadoop-ozone/integration-test/target/test-dir/MiniOzoneClusterImpl-18dd5eeb-2d01-48fa-8c78-b335295f6fb4/datanode-2/data/ratis/28ad549a-28e7-4401-a4ff-5ce5490daff9 does not exist. Creating ...
2021-08-10 07:52:40,779 [pool-320-thread-1] INFO  storage.RaftStorageDirectory (RaftStorageDirectoryImpl.java:tryLock(230)) - Lock on /home/runner/work/ozone/ozone/hadoop-ozone/integration-test/target/test-dir/MiniOzoneClusterImpl-18dd5eeb-2d01-48fa-8c78-b335295f6fb4/datanode-2/data/ratis/28ad549a-28e7-4401-a4ff-5ce5490daff9/in_use.lock acquired by nodename 29984@fv-az12-876
2021-08-10 07:52:40,785 [pool-320-thread-1] INFO  storage.RaftStorage (RaftStorageImpl.java:format(89)) - Storage directory /home/runner/work/ozone/ozone/hadoop-ozone/integration-test/target/test-dir/MiniOzoneClusterImpl-18dd5eeb-2d01-48fa-8c78-b335295f6fb4/datanode-2/data/ratis/28ad549a-28e7-4401-a4ff-5ce5490daff9 has been successfully formatted.
2021-08-10 07:52:40,786 [pool-320-thread-1] INFO  ratis.ContainerStateMachine (ContainerStateMachine.java:loadSnapshot(223)) - group-5CE5490DAFF9: The snapshot info is null. Setting the last applied indexto:(t:0, i:~)
2021-08-10 07:52:40,786 [pool-320-thread-1] INFO  server.RaftServerConfigKeys (ConfUtils.java:logGet(44)) - raft.server.notification.no-leader.timeout = 300s (custom)
2021-08-10 07:52:40,786 [pool-320-thread-1] INFO  server.RaftServerConfigKeys (ConfUtils.java:logGet(44)) - raft.server.log.use.memory = false (default)
2021-08-10 07:52:40,786 [pool-320-thread-1] INFO  server.RaftServerConfigKeys (ConfUtils.java:logGet(44)) - raft.server.log.purge.gap = 1000000 (custom)
2021-08-10 07:52:40,786 [pool-320-thread-1] INFO  server.RaftServerConfigKeys (ConfUtils.java:logGet(44)) - raft.server.log.appender.buffer.byte-limit = 33554432 (custom)
2021-08-10 07:52:40,786 [pool-320-thread-1] INFO  server.RaftServerConfigKeys (ConfUtils.java:logGet(44)) - raft.server.log.segment.size.max = 1048576 (custom)
2021-08-10 07:52:40,787 [pool-320-thread-1] INFO  server.RaftServerConfigKeys (ConfUtils.java:logGet(44)) - raft.server.log.segment.cache.num.max = 2 (custom)
2021-08-10 07:52:40,787 [pool-320-thread-1] INFO  server.RaftServerConfigKeys (ConfUtils.java:logGet(44)) - raft.server.log.segment.cache.size.max = 200MB (=209715200) (default)
2021-08-10 07:52:40,787 [pool-320-thread-1] INFO  segmented.SegmentedRaftLogWorker (SegmentedRaftLogWorker.java:<init>(182)) - new e27b497d-edf5-4527-a9cd-0b54bade3291@group-5CE5490DAFF9-SegmentedRaftLogWorker for RaftStorageImpl:Storage Directory /home/runner/work/ozone/ozone/hadoop-ozone/integration-test/target/test-dir/MiniOzoneClusterImpl-18dd5eeb-2d01-48fa-8c78-b335295f6fb4/datanode-2/data/ratis/28ad549a-28e7-4401-a4ff-5ce5490daff9
2021-08-10 07:52:40,787 [pool-320-thread-1] INFO  server.RaftServerConfigKeys (ConfUtils.java:logGet(44)) - raft.server.log.queue.byte-limit = 2147483647 (custom)
2021-08-10 07:52:40,787 [pool-320-thread-1] INFO  server.RaftServerConfigKeys (ConfUtils.java:logGet(44)) - raft.server.log.queue.element-limit = 1024 (custom)
2021-08-10 07:52:40,787 [pool-320-thread-1] INFO  server.RaftServerConfigKeys (ConfUtils.java:logGet(44)) - raft.server.log.segment.size.max = 1048576 (custom)
2021-08-10 07:52:40,787 [pool-320-thread-1] INFO  server.RaftServerConfigKeys (ConfUtils.java:logGet(44)) - raft.server.log.preallocated.size = 16384 (custom)
2021-08-10 07:52:40,787 [pool-320-thread-1] INFO  server.RaftServerConfigKeys (ConfUtils.java:logGet(44)) - raft.server.log.force.sync.num = 128 (default)
2021-08-10 07:52:40,787 [pool-320-thread-1] INFO  server.RaftServerConfigKeys (ConfUtils.java:logGet(44)) - raft.server.log.statemachine.data.sync = true (default)
2021-08-10 07:52:40,787 [pool-320-thread-1] INFO  server.RaftServerConfigKeys (ConfUtils.java:logGet(44)) - raft.server.log.statemachine.data.sync.timeout = 10s (default)
2021-08-10 07:52:40,787 [pool-320-thread-1] INFO  server.RaftServerConfigKeys (ConfUtils.java:logGet(44)) - raft.server.log.statemachine.data.sync.timeout.retry = -1 (default)
2021-08-10 07:52:40,788 [pool-320-thread-1] INFO  server.RaftServerConfigKeys (ConfUtils.java:logGet(44)) - raft.server.log.write.buffer.size = 1048576 (custom)
2021-08-10 07:52:40,788 [pool-320-thread-1] INFO  server.RaftServerConfigKeys (ConfUtils.java:logGet(44)) - raft.server.log.statemachine.data.caching.enabled = true (custom)
2021-08-10 07:52:40,789 [pool-320-thread-1] INFO  segmented.SegmentedRaftLogWorker (SegmentedRaftLogWorker.java:lambda$new$0(133)) - e27b497d-edf5-4527-a9cd-0b54bade3291@group-5CE5490DAFF9-SegmentedRaftLogWorker: flushIndex: setUnconditionally 0 -> -1
2021-08-10 07:52:40,789 [pool-320-thread-1] INFO  segmented.SegmentedRaftLogWorker (SegmentedRaftLogWorker.java:lambda$new$0(133)) - e27b497d-edf5-4527-a9cd-0b54bade3291@group-5CE5490DAFF9-SegmentedRaftLogWorker: safeCacheEvictIndex: setUnconditionally 0 -> -1
2021-08-10 07:52:40,792 [pool-320-thread-1] INFO  server.RaftServerConfigKeys (ConfUtils.java:logGet(44)) - raft.server.snapshot.auto.trigger.enabled = true (custom)
2021-08-10 07:52:40,793 [pool-320-thread-1] INFO  server.RaftServerConfigKeys (ConfUtils.java:logGet(44)) - raft.server.snapshot.auto.trigger.threshold = 10000 (custom)
2021-08-10 07:52:40,793 [pool-320-thread-1] INFO  server.RaftServerConfigKeys (ConfUtils.java:logGet(44)) - raft.server.snapshot.retention.file.num = 5 (custom)
2021-08-10 07:52:40,793 [pool-320-thread-1] INFO  server.RaftServerConfigKeys (ConfUtils.java:logGet(44)) - raft.server.log.purge.upto.snapshot.index = false (default)
2021-08-10 07:52:40,793 [pool-320-thread-1] INFO  server.RaftServerConfigKeys (ConfUtils.java:logGet(44)) - raft.server.retrycache.expirytime = 600000ms (custom)
2021-08-10 07:52:40,793 [pool-320-thread-1] INFO  server.RaftServerConfigKeys (ConfUtils.java:logGet(44)) - raft.server.retrycache.statistics.expirytime = 100μs (default)
2021-08-10 07:52:40,794 [pool-320-thread-1] INFO  server.RaftServer$Division (RaftServerImpl.java:start(296)) - e27b497d-edf5-4527-a9cd-0b54bade3291@group-5CE5490DAFF9: start as a follower, conf=-1: [581c0420-ae36-4e78-8d82-33b3ef40d50c|rpc:10.1.0.46:42363|dataStream:|priority:0, e27b497d-edf5-4527-a9cd-0b54bade3291|rpc:10.1.0.46:38727|dataStream:|priority:1, 6aba10dc-a58f-4fc7-8218-673b2e1b730d|rpc:10.1.0.46:42995|dataStream:|priority:0], old=null
2021-08-10 07:52:40,794 [pool-320-thread-1] INFO  server.RaftServer$Division (RaftServerImpl.java:setRole(285)) - e27b497d-edf5-4527-a9cd-0b54bade3291@group-5CE5490DAFF9: changes role from      null to FOLLOWER at term 0 for startAsFollower
2021-08-10 07:52:40,794 [pool-320-thread-1] INFO  impl.RoleInfo (RoleInfo.java:updateAndGet(130)) - e27b497d-edf5-4527-a9cd-0b54bade3291: start e27b497d-edf5-4527-a9cd-0b54bade3291@group-5CE5490DAFF9-FollowerState
2021-08-10 07:52:40,794 [pool-320-thread-1] INFO  util.JmxRegister (JmxRegister.java:tryRegister(44)) - Successfully registered JMX Bean with object name Ratis:service=RaftServer,group=group-5CE5490DAFF9,id=e27b497d-edf5-4527-a9cd-0b54bade3291
2021-08-10 07:52:40,831 [grpc-default-executor-2] INFO  server.RaftServer (RaftServerProxy.java:addNew(95)) - 581c0420-ae36-4e78-8d82-33b3ef40d50c: addNew group-5CE5490DAFF9:[581c0420-ae36-4e78-8d82-33b3ef40d50c|rpc:10.1.0.46:42363|dataStream:|priority:0, e27b497d-edf5-4527-a9cd-0b54bade3291|rpc:10.1.0.46:38727|dataStream:|priority:1, 6aba10dc-a58f-4fc7-8218-673b2e1b730d|rpc:10.1.0.46:42995|dataStream:|priority:0] returns group-5CE5490DAFF9:java.util.concurrent.CompletableFuture@7eec29b5[Not completed]
2021-08-10 07:52:40,845 [pool-301-thread-1] INFO  server.RaftServer$Division (RaftServerImpl.java:<init>(181)) - 581c0420-ae36-4e78-8d82-33b3ef40d50c: new RaftServerImpl for group-5CE5490DAFF9:[581c0420-ae36-4e78-8d82-33b3ef40d50c|rpc:10.1.0.46:42363|dataStream:|priority:0, e27b497d-edf5-4527-a9cd-0b54bade3291|rpc:10.1.0.46:38727|dataStream:|priority:1, 6aba10dc-a58f-4fc7-8218-673b2e1b730d|rpc:10.1.0.46:42995|dataStream:|priority:0] with ContainerStateMachine:uninitialized
2021-08-10 07:52:40,851 [pool-301-thread-1] INFO  server.RaftServerConfigKeys (ConfUtils.java:logGet(44)) - raft.server.rpc.timeout.min = 5s (custom)
2021-08-10 07:52:40,851 [pool-301-thread-1] INFO  server.RaftServerConfigKeys (ConfUtils.java:logGet(44)) - raft.server.rpc.timeout.max = 5200ms (custom)
2021-08-10 07:52:40,851 [pool-301-thread-1] INFO  server.RaftServerConfigKeys (ConfUtils.java:logGet(44)) - raft.server.rpc.sleep.time = 25ms (default)
2021-08-10 07:52:40,851 [pool-301-thread-1] INFO  server.RaftServerConfigKeys (ConfUtils.java:logGet(44)) - raft.server.rpc.slowness.timeout = 300s (custom)
2021-08-10 07:52:40,851 [pool-301-thread-1] INFO  server.RaftServerConfigKeys (ConfUtils.java:logGet(44)) - raft.server.leaderelection.leader.step-down.wait-time = 10s (default)
2021-08-10 07:52:40,851 [pool-301-thread-1] INFO  server.RaftServerConfigKeys (ConfUtils.java:logGet(44)) - raft.server.sleep.deviation.threshold = 300ms (default)
2021-08-10 07:52:40,851 [pool-301-thread-1] INFO  server.RaftServerConfigKeys (ConfUtils.java:logGet(44)) - raft.server.log.appender.install.snapshot.enabled = false (custom)
2021-08-10 07:52:40,852 [pool-301-thread-1] INFO  server.RaftServer$Division (ServerState.java:<init>(105)) - 581c0420-ae36-4e78-8d82-33b3ef40d50c@group-5CE5490DAFF9: ConfigurationManager, init=-1: [581c0420-ae36-4e78-8d82-33b3ef40d50c|rpc:10.1.0.46:42363|dataStream:|priority:0, e27b497d-edf5-4527-a9cd-0b54bade3291|rpc:10.1.0.46:38727|dataStream:|priority:1, 6aba10dc-a58f-4fc7-8218-673b2e1b730d|rpc:10.1.0.46:42995|dataStream:|priority:0], old=null, confs=<EMPTY_MAP>
2021-08-10 07:52:40,855 [pool-301-thread-1] INFO  server.RaftServerConfigKeys (ConfUtils.java:logGet(44)) - raft.server.storage.dir = [/home/runner/work/ozone/ozone/hadoop-ozone/integration-test/target/test-dir/MiniOzoneClusterImpl-18dd5eeb-2d01-48fa-8c78-b335295f6fb4/datanode-1/data/ratis] (custom)
2021-08-10 07:52:40,856 [pool-301-thread-1] INFO  server.RaftServerConfigKeys (ConfUtils.java:logGet(44)) - raft.server.log.corruption.policy = EXCEPTION (default)
2021-08-10 07:52:40,856 [pool-301-thread-1] INFO  server.RaftServerConfigKeys (ConfUtils.java:logGet(44)) - raft.server.storage.free-space.min = 0MB (=0) (default)
2021-08-10 07:52:40,856 [pool-301-thread-1] INFO  storage.RaftStorageDirectory (RaftStorageDirectoryImpl.java:analyzeStorage(135)) - The storage directory /home/runner/work/ozone/ozone/hadoop-ozone/integration-test/target/test-dir/MiniOzoneClusterImpl-18dd5eeb-2d01-48fa-8c78-b335295f6fb4/datanode-1/data/ratis/28ad549a-28e7-4401-a4ff-5ce5490daff9 does not exist. Creating ...
2021-08-10 07:52:40,860 [pool-301-thread-1] INFO  storage.RaftStorageDirectory (RaftStorageDirectoryImpl.java:tryLock(230)) - Lock on /home/runner/work/ozone/ozone/hadoop-ozone/integration-test/target/test-dir/MiniOzoneClusterImpl-18dd5eeb-2d01-48fa-8c78-b335295f6fb4/datanode-1/data/ratis/28ad549a-28e7-4401-a4ff-5ce5490daff9/in_use.lock acquired by nodename 29984@fv-az12-876
2021-08-10 07:52:40,863 [pool-301-thread-1] INFO  storage.RaftStorage (RaftStorageImpl.java:format(89)) - Storage directory /home/runner/work/ozone/ozone/hadoop-ozone/integration-test/target/test-dir/MiniOzoneClusterImpl-18dd5eeb-2d01-48fa-8c78-b335295f6fb4/datanode-1/data/ratis/28ad549a-28e7-4401-a4ff-5ce5490daff9 has been successfully formatted.
2021-08-10 07:52:40,864 [pool-301-thread-1] INFO  ratis.ContainerStateMachine (ContainerStateMachine.java:loadSnapshot(223)) - group-5CE5490DAFF9: The snapshot info is null. Setting the last applied indexto:(t:0, i:~)
2021-08-10 07:52:40,865 [pool-301-thread-1] INFO  server.RaftServerConfigKeys (ConfUtils.java:logGet(44)) - raft.server.notification.no-leader.timeout = 300s (custom)
2021-08-10 07:52:40,865 [pool-301-thread-1] INFO  server.RaftServerConfigKeys (ConfUtils.java:logGet(44)) - raft.server.log.use.memory = false (default)
2021-08-10 07:52:40,865 [pool-301-thread-1] INFO  server.RaftServerConfigKeys (ConfUtils.java:logGet(44)) - raft.server.log.purge.gap = 1000000 (custom)
2021-08-10 07:52:40,865 [pool-301-thread-1] INFO  server.RaftServerConfigKeys (ConfUtils.java:logGet(44)) - raft.server.log.appender.buffer.byte-limit = 33554432 (custom)
2021-08-10 07:52:40,865 [pool-301-thread-1] INFO  server.RaftServerConfigKeys (ConfUtils.java:logGet(44)) - raft.server.log.segment.size.max = 1048576 (custom)
2021-08-10 07:52:40,865 [pool-301-thread-1] INFO  server.RaftServerConfigKeys (ConfUtils.java:logGet(44)) - raft.server.log.segment.cache.num.max = 2 (custom)
2021-08-10 07:52:40,865 [pool-301-thread-1] INFO  server.RaftServerConfigKeys (ConfUtils.java:logGet(44)) - raft.server.log.segment.cache.size.max = 200MB (=209715200) (default)
2021-08-10 07:52:40,865 [pool-301-thread-1] INFO  segmented.SegmentedRaftLogWorker (SegmentedRaftLogWorker.java:<init>(182)) - new 581c0420-ae36-4e78-8d82-33b3ef40d50c@group-5CE5490DAFF9-SegmentedRaftLogWorker for RaftStorageImpl:Storage Directory /home/runner/work/ozone/ozone/hadoop-ozone/integration-test/target/test-dir/MiniOzoneClusterImpl-18dd5eeb-2d01-48fa-8c78-b335295f6fb4/datanode-1/data/ratis/28ad549a-28e7-4401-a4ff-5ce5490daff9
2021-08-10 07:52:40,865 [pool-301-thread-1] INFO  server.RaftServerConfigKeys (ConfUtils.java:logGet(44)) - raft.server.log.queue.byte-limit = 2147483647 (custom)
2021-08-10 07:52:40,866 [pool-301-thread-1] INFO  server.RaftServerConfigKeys (ConfUtils.java:logGet(44)) - raft.server.log.queue.element-limit = 1024 (custom)
2021-08-10 07:52:40,866 [pool-301-thread-1] INFO  server.RaftServerConfigKeys (ConfUtils.java:logGet(44)) - raft.server.log.segment.size.max = 1048576 (custom)
2021-08-10 07:52:40,866 [pool-301-thread-1] INFO  server.RaftServerConfigKeys (ConfUtils.java:logGet(44)) - raft.server.log.preallocated.size = 16384 (custom)
2021-08-10 07:52:40,866 [pool-301-thread-1] INFO  server.RaftServerConfigKeys (ConfUtils.java:logGet(44)) - raft.server.log.force.sync.num = 128 (default)
2021-08-10 07:52:40,866 [pool-301-thread-1] INFO  server.RaftServerConfigKeys (ConfUtils.java:logGet(44)) - raft.server.log.statemachine.data.sync = true (default)
2021-08-10 07:52:40,866 [pool-301-thread-1] INFO  server.RaftServerConfigKeys (ConfUtils.java:logGet(44)) - raft.server.log.statemachine.data.sync.timeout = 10s (default)
2021-08-10 07:52:40,866 [pool-301-thread-1] INFO  server.RaftServerConfigKeys (ConfUtils.java:logGet(44)) - raft.server.log.statemachine.data.sync.timeout.retry = -1 (default)
2021-08-10 07:52:40,867 [pool-301-thread-1] INFO  server.RaftServerConfigKeys (ConfUtils.java:logGet(44)) - raft.server.log.write.buffer.size = 1048576 (custom)
2021-08-10 07:52:40,867 [pool-301-thread-1] INFO  server.RaftServerConfigKeys (ConfUtils.java:logGet(44)) - raft.server.log.statemachine.data.caching.enabled = true (custom)
2021-08-10 07:52:40,867 [Datanode State Machine Thread - 0] WARN  statemachine.StateContext (StateContext.java:execute(621)) - No available thread in pool for past 0 seconds.
2021-08-10 07:52:40,870 [pool-301-thread-1] INFO  segmented.SegmentedRaftLogWorker (SegmentedRaftLogWorker.java:lambda$new$0(133)) - 581c0420-ae36-4e78-8d82-33b3ef40d50c@group-5CE5490DAFF9-SegmentedRaftLogWorker: flushIndex: setUnconditionally 0 -> -1
2021-08-10 07:52:40,870 [pool-301-thread-1] INFO  segmented.SegmentedRaftLogWorker (SegmentedRaftLogWorker.java:lambda$new$0(133)) - 581c0420-ae36-4e78-8d82-33b3ef40d50c@group-5CE5490DAFF9-SegmentedRaftLogWorker: safeCacheEvictIndex: setUnconditionally 0 -> -1
2021-08-10 07:52:40,870 [pool-301-thread-1] INFO  server.RaftServerConfigKeys (ConfUtils.java:logGet(44)) - raft.server.snapshot.auto.trigger.enabled = true (custom)
2021-08-10 07:52:40,871 [pool-301-thread-1] INFO  server.RaftServerConfigKeys (ConfUtils.java:logGet(44)) - raft.server.snapshot.auto.trigger.threshold = 10000 (custom)
2021-08-10 07:52:40,871 [pool-301-thread-1] INFO  server.RaftServerConfigKeys (ConfUtils.java:logGet(44)) - raft.server.snapshot.retention.file.num = 5 (custom)
2021-08-10 07:52:40,871 [pool-301-thread-1] INFO  server.RaftServerConfigKeys (ConfUtils.java:logGet(44)) - raft.server.log.purge.upto.snapshot.index = false (default)
2021-08-10 07:52:40,871 [pool-301-thread-1] INFO  server.RaftServerConfigKeys (ConfUtils.java:logGet(44)) - raft.server.retrycache.expirytime = 600000ms (custom)
2021-08-10 07:52:40,871 [pool-301-thread-1] INFO  server.RaftServerConfigKeys (ConfUtils.java:logGet(44)) - raft.server.retrycache.statistics.expirytime = 100μs (default)
2021-08-10 07:52:40,872 [pool-301-thread-1] INFO  server.RaftServer$Division (RaftServerImpl.java:start(296)) - 581c0420-ae36-4e78-8d82-33b3ef40d50c@group-5CE5490DAFF9: start as a follower, conf=-1: [581c0420-ae36-4e78-8d82-33b3ef40d50c|rpc:10.1.0.46:42363|dataStream:|priority:0, e27b497d-edf5-4527-a9cd-0b54bade3291|rpc:10.1.0.46:38727|dataStream:|priority:1, 6aba10dc-a58f-4fc7-8218-673b2e1b730d|rpc:10.1.0.46:42995|dataStream:|priority:0], old=null
2021-08-10 07:52:40,872 [pool-301-thread-1] INFO  server.RaftServer$Division (RaftServerImpl.java:setRole(285)) - 581c0420-ae36-4e78-8d82-33b3ef40d50c@group-5CE5490DAFF9: changes role from      null to FOLLOWER at term 0 for startAsFollower
2021-08-10 07:52:40,872 [pool-301-thread-1] INFO  impl.RoleInfo (RoleInfo.java:updateAndGet(130)) - 581c0420-ae36-4e78-8d82-33b3ef40d50c: start 581c0420-ae36-4e78-8d82-33b3ef40d50c@group-5CE5490DAFF9-FollowerState
2021-08-10 07:52:40,875 [pool-301-thread-1] INFO  util.JmxRegister (JmxRegister.java:tryRegister(44)) - Successfully registered JMX Bean with object name Ratis:service=RaftServer,group=group-5CE5490DAFF9,id=581c0420-ae36-4e78-8d82-33b3ef40d50c
2021-08-10 07:52:40,901 [Command processor thread] INFO  commandhandler.CreatePipelineCommandHandler (CreatePipelineCommandHandler.java:handle(106)) - Created Pipeline RATIS THREE PipelineID=28ad549a-28e7-4401-a4ff-5ce5490daff9.
2021-08-10 07:52:41,702 [Listener at 127.0.0.1/35799] INFO  ozone.MiniOzoneClusterImpl (MiniOzoneClusterImpl.java:lambda$waitForClusterToBeReady$0(235)) - Nodes are ready. Got 3 of 3 DN Heartbeats.
2021-08-10 07:52:41,702 [Listener at 127.0.0.1/35799] INFO  ozone.MiniOzoneClusterImpl (MiniOzoneClusterImpl.java:lambda$waitForClusterToBeReady$0(238)) - Waiting for cluster to exit safe mode
2021-08-10 07:52:41,702 [Listener at 127.0.0.1/35799] INFO  ozone.MiniOzoneClusterImpl (MiniOzoneClusterImpl.java:lambda$waitForClusterToBeReady$0(240)) - SCM became leader
2021-08-10 07:52:42,702 [Listener at 127.0.0.1/35799] INFO  ozone.MiniOzoneClusterImpl (MiniOzoneClusterImpl.java:lambda$waitForClusterToBeReady$0(235)) - Nodes are ready. Got 3 of 3 DN Heartbeats.
2021-08-10 07:52:42,702 [Listener at 127.0.0.1/35799] INFO  ozone.MiniOzoneClusterImpl (MiniOzoneClusterImpl.java:lambda$waitForClusterToBeReady$0(238)) - Waiting for cluster to exit safe mode
2021-08-10 07:52:42,702 [Listener at 127.0.0.1/35799] INFO  ozone.MiniOzoneClusterImpl (MiniOzoneClusterImpl.java:lambda$waitForClusterToBeReady$0(240)) - SCM became leader
2021-08-10 07:52:43,703 [Listener at 127.0.0.1/35799] INFO  ozone.MiniOzoneClusterImpl (MiniOzoneClusterImpl.java:lambda$waitForClusterToBeReady$0(235)) - Nodes are ready. Got 3 of 3 DN Heartbeats.
2021-08-10 07:52:43,703 [Listener at 127.0.0.1/35799] INFO  ozone.MiniOzoneClusterImpl (MiniOzoneClusterImpl.java:lambda$waitForClusterToBeReady$0(238)) - Waiting for cluster to exit safe mode
2021-08-10 07:52:43,703 [Listener at 127.0.0.1/35799] INFO  ozone.MiniOzoneClusterImpl (MiniOzoneClusterImpl.java:lambda$waitForClusterToBeReady$0(240)) - SCM became leader
2021-08-10 07:52:44,703 [Listener at 127.0.0.1/35799] INFO  ozone.MiniOzoneClusterImpl (MiniOzoneClusterImpl.java:lambda$waitForClusterToBeReady$0(235)) - Nodes are ready. Got 3 of 3 DN Heartbeats.
2021-08-10 07:52:44,703 [Listener at 127.0.0.1/35799] INFO  ozone.MiniOzoneClusterImpl (MiniOzoneClusterImpl.java:lambda$waitForClusterToBeReady$0(238)) - Waiting for cluster to exit safe mode
2021-08-10 07:52:44,703 [Listener at 127.0.0.1/35799] INFO  ozone.MiniOzoneClusterImpl (MiniOzoneClusterImpl.java:lambda$waitForClusterToBeReady$0(240)) - SCM became leader
2021-08-10 07:52:45,704 [Listener at 127.0.0.1/35799] INFO  ozone.MiniOzoneClusterImpl (MiniOzoneClusterImpl.java:lambda$waitForClusterToBeReady$0(235)) - Nodes are ready. Got 3 of 3 DN Heartbeats.
2021-08-10 07:52:45,704 [Listener at 127.0.0.1/35799] INFO  ozone.MiniOzoneClusterImpl (MiniOzoneClusterImpl.java:lambda$waitForClusterToBeReady$0(238)) - Waiting for cluster to exit safe mode
2021-08-10 07:52:45,704 [Listener at 127.0.0.1/35799] INFO  ozone.MiniOzoneClusterImpl (MiniOzoneClusterImpl.java:lambda$waitForClusterToBeReady$0(240)) - SCM became leader
2021-08-10 07:52:45,866 [6aba10dc-a58f-4fc7-8218-673b2e1b730d@group-5CE5490DAFF9-FollowerState] INFO  impl.FollowerState (FollowerState.java:run(134)) - 6aba10dc-a58f-4fc7-8218-673b2e1b730d@group-5CE5490DAFF9-FollowerState: change to CANDIDATE, lastRpcElapsedTime:5149248000ns, electionTimeout:5148ms
2021-08-10 07:52:45,867 [6aba10dc-a58f-4fc7-8218-673b2e1b730d@group-5CE5490DAFF9-FollowerState] INFO  impl.RoleInfo (RoleInfo.java:shutdownFollowerState(108)) - 6aba10dc-a58f-4fc7-8218-673b2e1b730d: shutdown 6aba10dc-a58f-4fc7-8218-673b2e1b730d@group-5CE5490DAFF9-FollowerState
2021-08-10 07:52:45,867 [6aba10dc-a58f-4fc7-8218-673b2e1b730d@group-5CE5490DAFF9-FollowerState] INFO  server.RaftServer$Division (RaftServerImpl.java:setRole(285)) - 6aba10dc-a58f-4fc7-8218-673b2e1b730d@group-5CE5490DAFF9: changes role from  FOLLOWER to CANDIDATE at term 0 for changeToCandidate
2021-08-10 07:52:45,868 [6aba10dc-a58f-4fc7-8218-673b2e1b730d@group-5CE5490DAFF9-FollowerState] INFO  server.RaftServerConfigKeys (ConfUtils.java:logGet(44)) - raft.server.leaderelection.pre-vote = false (custom)
2021-08-10 07:52:45,868 [6aba10dc-a58f-4fc7-8218-673b2e1b730d@group-5CE5490DAFF9-FollowerState] INFO  impl.RoleInfo (RoleInfo.java:updateAndGet(130)) - 6aba10dc-a58f-4fc7-8218-673b2e1b730d: start 6aba10dc-a58f-4fc7-8218-673b2e1b730d@group-5CE5490DAFF9-LeaderElection8
2021-08-10 07:52:45,891 [6aba10dc-a58f-4fc7-8218-673b2e1b730d@group-5CE5490DAFF9-LeaderElection8] INFO  impl.LeaderElection (LeaderElection.java:askForVotes(306)) - 6aba10dc-a58f-4fc7-8218-673b2e1b730d@group-5CE5490DAFF9-LeaderElection8 ELECTION round 0: submit vote requests at term 1 for -1: [581c0420-ae36-4e78-8d82-33b3ef40d50c|rpc:10.1.0.46:42363|priority:0, e27b497d-edf5-4527-a9cd-0b54bade3291|rpc:10.1.0.46:38727|priority:1, 6aba10dc-a58f-4fc7-8218-673b2e1b730d|rpc:10.1.0.46:42995|priority:0], old=null
2021-08-10 07:52:45,916 [grpc-default-executor-2] INFO  server.RaftServer$Division (RaftServerImpl.java:requestVote(1043)) - 581c0420-ae36-4e78-8d82-33b3ef40d50c@group-5CE5490DAFF9: receive requestVote(ELECTION, 6aba10dc-a58f-4fc7-8218-673b2e1b730d, group-5CE5490DAFF9, 1, (t:0, i:0))
2021-08-10 07:52:45,916 [grpc-default-executor-2] INFO  impl.VoteContext (VoteContext.java:log(48)) - 581c0420-ae36-4e78-8d82-33b3ef40d50c@group-5CE5490DAFF9-FOLLOWER: accept ELECTION from 6aba10dc-a58f-4fc7-8218-673b2e1b730d: our priority 0 <= candidate's priority 0
2021-08-10 07:52:45,916 [grpc-default-executor-2] INFO  server.RaftServer$Division (RaftServerImpl.java:setRole(285)) - 581c0420-ae36-4e78-8d82-33b3ef40d50c@group-5CE5490DAFF9: changes role from  FOLLOWER to FOLLOWER at term 1 for candidate:6aba10dc-a58f-4fc7-8218-673b2e1b730d
2021-08-10 07:52:45,916 [grpc-default-executor-2] INFO  impl.RoleInfo (RoleInfo.java:shutdownFollowerState(108)) - 581c0420-ae36-4e78-8d82-33b3ef40d50c: shutdown 581c0420-ae36-4e78-8d82-33b3ef40d50c@group-5CE5490DAFF9-FollowerState
2021-08-10 07:52:45,916 [grpc-default-executor-2] INFO  impl.RoleInfo (RoleInfo.java:updateAndGet(130)) - 581c0420-ae36-4e78-8d82-33b3ef40d50c: start 581c0420-ae36-4e78-8d82-33b3ef40d50c@group-5CE5490DAFF9-FollowerState
2021-08-10 07:52:45,916 [581c0420-ae36-4e78-8d82-33b3ef40d50c@group-5CE5490DAFF9-FollowerState] INFO  impl.FollowerState (FollowerState.java:run(143)) - 581c0420-ae36-4e78-8d82-33b3ef40d50c@group-5CE5490DAFF9-FollowerState was interrupted: {}
java.lang.InterruptedException: sleep interrupted
	at java.lang.Thread.sleep(Native Method)
	at java.lang.Thread.sleep(Thread.java:340)
	at java.util.concurrent.TimeUnit.sleep(TimeUnit.java:386)
	at org.apache.ratis.util.TimeDuration.sleep(TimeDuration.java:324)
	at org.apache.ratis.util.TimeDuration.sleep(TimeDuration.java:309)
	at org.apache.ratis.server.impl.FollowerState.run(FollowerState.java:118)
2021-08-10 07:52:45,923 [grpc-default-executor-2] INFO  server.RaftServer$Division (RaftServerImpl.java:requestVote(1075)) - 581c0420-ae36-4e78-8d82-33b3ef40d50c@group-5CE5490DAFF9 replies to ELECTION vote request: 6aba10dc-a58f-4fc7-8218-673b2e1b730d<-581c0420-ae36-4e78-8d82-33b3ef40d50c#0:OK-t1. Peer's state: 581c0420-ae36-4e78-8d82-33b3ef40d50c@group-5CE5490DAFF9:t1, leader=null, voted=6aba10dc-a58f-4fc7-8218-673b2e1b730d, raftlog=581c0420-ae36-4e78-8d82-33b3ef40d50c@group-5CE5490DAFF9-SegmentedRaftLog:OPENED:c-1,f-1,i0, conf=-1: [581c0420-ae36-4e78-8d82-33b3ef40d50c|rpc:10.1.0.46:42363|dataStream:|priority:0, e27b497d-edf5-4527-a9cd-0b54bade3291|rpc:10.1.0.46:38727|dataStream:|priority:1, 6aba10dc-a58f-4fc7-8218-673b2e1b730d|rpc:10.1.0.46:42995|dataStream:|priority:0], old=null
2021-08-10 07:52:45,938 [grpc-default-executor-2] INFO  server.RaftServer$Division (RaftServerImpl.java:requestVote(1043)) - e27b497d-edf5-4527-a9cd-0b54bade3291@group-5CE5490DAFF9: receive requestVote(ELECTION, 6aba10dc-a58f-4fc7-8218-673b2e1b730d, group-5CE5490DAFF9, 1, (t:0, i:0))
2021-08-10 07:52:45,938 [grpc-default-executor-2] INFO  impl.VoteContext (VoteContext.java:log(48)) - e27b497d-edf5-4527-a9cd-0b54bade3291@group-5CE5490DAFF9-FOLLOWER: reject ELECTION from 6aba10dc-a58f-4fc7-8218-673b2e1b730d: our priority 1 > candidate's priority 0
2021-08-10 07:52:45,938 [grpc-default-executor-2] INFO  server.RaftServer$Division (RaftServerImpl.java:setRole(285)) - e27b497d-edf5-4527-a9cd-0b54bade3291@group-5CE5490DAFF9: changes role from  FOLLOWER to FOLLOWER at term 1 for candidate:6aba10dc-a58f-4fc7-8218-673b2e1b730d
2021-08-10 07:52:45,938 [grpc-default-executor-2] INFO  impl.RoleInfo (RoleInfo.java:shutdownFollowerState(108)) - e27b497d-edf5-4527-a9cd-0b54bade3291: shutdown e27b497d-edf5-4527-a9cd-0b54bade3291@group-5CE5490DAFF9-FollowerState
2021-08-10 07:52:45,938 [grpc-default-executor-2] INFO  impl.RoleInfo (RoleInfo.java:updateAndGet(130)) - e27b497d-edf5-4527-a9cd-0b54bade3291: start e27b497d-edf5-4527-a9cd-0b54bade3291@group-5CE5490DAFF9-FollowerState
2021-08-10 07:52:45,938 [e27b497d-edf5-4527-a9cd-0b54bade3291@group-5CE5490DAFF9-FollowerState] INFO  impl.FollowerState (FollowerState.java:run(143)) - e27b497d-edf5-4527-a9cd-0b54bade3291@group-5CE5490DAFF9-FollowerState was interrupted: {}
java.lang.InterruptedException: sleep interrupted
	at java.lang.Thread.sleep(Native Method)
	at java.lang.Thread.sleep(Thread.java:340)
	at java.util.concurrent.TimeUnit.sleep(TimeUnit.java:386)
	at org.apache.ratis.util.TimeDuration.sleep(TimeDuration.java:324)
	at org.apache.ratis.util.TimeDuration.sleep(TimeDuration.java:309)
	at org.apache.ratis.server.impl.FollowerState.run(FollowerState.java:118)
2021-08-10 07:52:45,948 [grpc-default-executor-2] INFO  server.RaftServer$Division (RaftServerImpl.java:requestVote(1075)) - e27b497d-edf5-4527-a9cd-0b54bade3291@group-5CE5490DAFF9 replies to ELECTION vote request: 6aba10dc-a58f-4fc7-8218-673b2e1b730d<-e27b497d-edf5-4527-a9cd-0b54bade3291#0:FAIL-t1. Peer's state: e27b497d-edf5-4527-a9cd-0b54bade3291@group-5CE5490DAFF9:t1, leader=null, voted=null, raftlog=e27b497d-edf5-4527-a9cd-0b54bade3291@group-5CE5490DAFF9-SegmentedRaftLog:OPENED:c-1,f-1,i0, conf=-1: [581c0420-ae36-4e78-8d82-33b3ef40d50c|rpc:10.1.0.46:42363|dataStream:|priority:0, e27b497d-edf5-4527-a9cd-0b54bade3291|rpc:10.1.0.46:38727|dataStream:|priority:1, 6aba10dc-a58f-4fc7-8218-673b2e1b730d|rpc:10.1.0.46:42995|dataStream:|priority:0], old=null
2021-08-10 07:52:45,952 [6aba10dc-a58f-4fc7-8218-673b2e1b730d@group-5CE5490DAFF9-LeaderElection8] INFO  impl.LeaderElection (LeaderElection.java:logAndReturn(89)) - 6aba10dc-a58f-4fc7-8218-673b2e1b730d@group-5CE5490DAFF9-LeaderElection8: ELECTION REJECTED received 2 response(s) and 0 exception(s):
2021-08-10 07:52:45,952 [6aba10dc-a58f-4fc7-8218-673b2e1b730d@group-5CE5490DAFF9-LeaderElection8] INFO  impl.LeaderElection (LeaderElection.java:logAndReturn(93)) -   Response 0: 6aba10dc-a58f-4fc7-8218-673b2e1b730d<-581c0420-ae36-4e78-8d82-33b3ef40d50c#0:OK-t1
2021-08-10 07:52:45,952 [6aba10dc-a58f-4fc7-8218-673b2e1b730d@group-5CE5490DAFF9-LeaderElection8] INFO  impl.LeaderElection (LeaderElection.java:logAndReturn(93)) -   Response 1: 6aba10dc-a58f-4fc7-8218-673b2e1b730d<-e27b497d-edf5-4527-a9cd-0b54bade3291#0:FAIL-t1
2021-08-10 07:52:45,952 [6aba10dc-a58f-4fc7-8218-673b2e1b730d@group-5CE5490DAFF9-LeaderElection8] INFO  impl.LeaderElection (LeaderElection.java:askForVotes(308)) - 6aba10dc-a58f-4fc7-8218-673b2e1b730d@group-5CE5490DAFF9-LeaderElection8 ELECTION round 0: result REJECTED
2021-08-10 07:52:45,952 [6aba10dc-a58f-4fc7-8218-673b2e1b730d@group-5CE5490DAFF9-LeaderElection8] INFO  server.RaftServer$Division (RaftServerImpl.java:setRole(285)) - 6aba10dc-a58f-4fc7-8218-673b2e1b730d@group-5CE5490DAFF9: changes role from CANDIDATE to FOLLOWER at term 1 for REJECTED
2021-08-10 07:52:45,952 [6aba10dc-a58f-4fc7-8218-673b2e1b730d@group-5CE5490DAFF9-LeaderElection8] INFO  impl.RoleInfo (RoleInfo.java:shutdownLeaderElection(121)) - 6aba10dc-a58f-4fc7-8218-673b2e1b730d: shutdown 6aba10dc-a58f-4fc7-8218-673b2e1b730d@group-5CE5490DAFF9-LeaderElection8
2021-08-10 07:52:45,952 [6aba10dc-a58f-4fc7-8218-673b2e1b730d@group-5CE5490DAFF9-LeaderElection8] INFO  impl.RoleInfo (RoleInfo.java:updateAndGet(130)) - 6aba10dc-a58f-4fc7-8218-673b2e1b730d: start 6aba10dc-a58f-4fc7-8218-673b2e1b730d@group-5CE5490DAFF9-FollowerState
2021-08-10 07:52:46,704 [Listener at 127.0.0.1/35799] INFO  ozone.MiniOzoneClusterImpl (MiniOzoneClusterImpl.java:lambda$waitForClusterToBeReady$0(235)) - Nodes are ready. Got 3 of 3 DN Heartbeats.
2021-08-10 07:52:46,705 [Listener at 127.0.0.1/35799] INFO  ozone.MiniOzoneClusterImpl (MiniOzoneClusterImpl.java:lambda$waitForClusterToBeReady$0(238)) - Waiting for cluster to exit safe mode
2021-08-10 07:52:46,705 [Listener at 127.0.0.1/35799] INFO  ozone.MiniOzoneClusterImpl (MiniOzoneClusterImpl.java:lambda$waitForClusterToBeReady$0(240)) - SCM became leader
2021-08-10 07:52:47,705 [Listener at 127.0.0.1/35799] INFO  ozone.MiniOzoneClusterImpl (MiniOzoneClusterImpl.java:lambda$waitForClusterToBeReady$0(235)) - Nodes are ready. Got 3 of 3 DN Heartbeats.
2021-08-10 07:52:47,705 [Listener at 127.0.0.1/35799] INFO  ozone.MiniOzoneClusterImpl (MiniOzoneClusterImpl.java:lambda$waitForClusterToBeReady$0(238)) - Waiting for cluster to exit safe mode
2021-08-10 07:52:47,705 [Listener at 127.0.0.1/35799] INFO  ozone.MiniOzoneClusterImpl (MiniOzoneClusterImpl.java:lambda$waitForClusterToBeReady$0(240)) - SCM became leader
2021-08-10 07:52:48,706 [Listener at 127.0.0.1/35799] INFO  ozone.MiniOzoneClusterImpl (MiniOzoneClusterImpl.java:lambda$waitForClusterToBeReady$0(235)) - Nodes are ready. Got 3 of 3 DN Heartbeats.
2021-08-10 07:52:48,706 [Listener at 127.0.0.1/35799] INFO  ozone.MiniOzoneClusterImpl (MiniOzoneClusterImpl.java:lambda$waitForClusterToBeReady$0(238)) - Waiting for cluster to exit safe mode
2021-08-10 07:52:48,706 [Listener at 127.0.0.1/35799] INFO  ozone.MiniOzoneClusterImpl (MiniOzoneClusterImpl.java:lambda$waitForClusterToBeReady$0(240)) - SCM became leader
2021-08-10 07:52:49,706 [Listener at 127.0.0.1/35799] INFO  ozone.MiniOzoneClusterImpl (MiniOzoneClusterImpl.java:lambda$waitForClusterToBeReady$0(235)) - Nodes are ready. Got 3 of 3 DN Heartbeats.
2021-08-10 07:52:49,706 [Listener at 127.0.0.1/35799] INFO  ozone.MiniOzoneClusterImpl (MiniOzoneClusterImpl.java:lambda$waitForClusterToBeReady$0(238)) - Waiting for cluster to exit safe mode
2021-08-10 07:52:49,707 [Listener at 127.0.0.1/35799] INFO  ozone.MiniOzoneClusterImpl (MiniOzoneClusterImpl.java:lambda$waitForClusterToBeReady$0(240)) - SCM became leader
2021-08-10 07:52:50,707 [Listener at 127.0.0.1/35799] INFO  ozone.MiniOzoneClusterImpl (MiniOzoneClusterImpl.java:lambda$waitForClusterToBeReady$0(235)) - Nodes are ready. Got 3 of 3 DN Heartbeats.
2021-08-10 07:52:50,707 [Listener at 127.0.0.1/35799] INFO  ozone.MiniOzoneClusterImpl (MiniOzoneClusterImpl.java:lambda$waitForClusterToBeReady$0(238)) - Waiting for cluster to exit safe mode
2021-08-10 07:52:50,707 [Listener at 127.0.0.1/35799] INFO  ozone.MiniOzoneClusterImpl (MiniOzoneClusterImpl.java:lambda$waitForClusterToBeReady$0(240)) - SCM became leader
2021-08-10 07:52:51,045 [6aba10dc-a58f-4fc7-8218-673b2e1b730d@group-5CE5490DAFF9-FollowerState] INFO  impl.FollowerState (FollowerState.java:run(134)) - 6aba10dc-a58f-4fc7-8218-673b2e1b730d@group-5CE5490DAFF9-FollowerState: change to CANDIDATE, lastRpcElapsedTime:5093130720ns, electionTimeout:5082ms
2021-08-10 07:52:51,045 [6aba10dc-a58f-4fc7-8218-673b2e1b730d@group-5CE5490DAFF9-FollowerState] INFO  impl.RoleInfo (RoleInfo.java:shutdownFollowerState(108)) - 6aba10dc-a58f-4fc7-8218-673b2e1b730d: shutdown 6aba10dc-a58f-4fc7-8218-673b2e1b730d@group-5CE5490DAFF9-FollowerState
2021-08-10 07:52:51,045 [6aba10dc-a58f-4fc7-8218-673b2e1b730d@group-5CE5490DAFF9-FollowerState] INFO  server.RaftServer$Division (RaftServerImpl.java:setRole(285)) - 6aba10dc-a58f-4fc7-8218-673b2e1b730d@group-5CE5490DAFF9: changes role from  FOLLOWER to CANDIDATE at term 1 for changeToCandidate
2021-08-10 07:52:51,045 [6aba10dc-a58f-4fc7-8218-673b2e1b730d@group-5CE5490DAFF9-FollowerState] INFO  server.RaftServerConfigKeys (ConfUtils.java:logGet(44)) - raft.server.leaderelection.pre-vote = false (custom)
2021-08-10 07:52:51,045 [6aba10dc-a58f-4fc7-8218-673b2e1b730d@group-5CE5490DAFF9-FollowerState] INFO  impl.RoleInfo (RoleInfo.java:updateAndGet(130)) - 6aba10dc-a58f-4fc7-8218-673b2e1b730d: start 6aba10dc-a58f-4fc7-8218-673b2e1b730d@group-5CE5490DAFF9-LeaderElection9
2021-08-10 07:52:51,054 [6aba10dc-a58f-4fc7-8218-673b2e1b730d@group-5CE5490DAFF9-LeaderElection9] INFO  impl.LeaderElection (LeaderElection.java:askForVotes(306)) - 6aba10dc-a58f-4fc7-8218-673b2e1b730d@group-5CE5490DAFF9-LeaderElection9 ELECTION round 0: submit vote requests at term 2 for -1: [581c0420-ae36-4e78-8d82-33b3ef40d50c|rpc:10.1.0.46:42363|priority:0, e27b497d-edf5-4527-a9cd-0b54bade3291|rpc:10.1.0.46:38727|priority:1, 6aba10dc-a58f-4fc7-8218-673b2e1b730d|rpc:10.1.0.46:42995|priority:0], old=null
2021-08-10 07:52:51,065 [grpc-default-executor-2] INFO  server.RaftServer$Division (RaftServerImpl.java:requestVote(1043)) - 581c0420-ae36-4e78-8d82-33b3ef40d50c@group-5CE5490DAFF9: receive requestVote(ELECTION, 6aba10dc-a58f-4fc7-8218-673b2e1b730d, group-5CE5490DAFF9, 2, (t:0, i:0))
2021-08-10 07:52:51,065 [grpc-default-executor-2] INFO  impl.VoteContext (VoteContext.java:log(48)) - 581c0420-ae36-4e78-8d82-33b3ef40d50c@group-5CE5490DAFF9-FOLLOWER: accept ELECTION from 6aba10dc-a58f-4fc7-8218-673b2e1b730d: our priority 0 <= candidate's priority 0
2021-08-10 07:52:51,066 [grpc-default-executor-2] INFO  server.RaftServer$Division (RaftServerImpl.java:setRole(285)) - 581c0420-ae36-4e78-8d82-33b3ef40d50c@group-5CE5490DAFF9: changes role from  FOLLOWER to FOLLOWER at term 2 for candidate:6aba10dc-a58f-4fc7-8218-673b2e1b730d
2021-08-10 07:52:51,066 [grpc-default-executor-2] INFO  impl.RoleInfo (RoleInfo.java:shutdownFollowerState(108)) - 581c0420-ae36-4e78-8d82-33b3ef40d50c: shutdown 581c0420-ae36-4e78-8d82-33b3ef40d50c@group-5CE5490DAFF9-FollowerState
2021-08-10 07:52:51,066 [grpc-default-executor-2] INFO  impl.RoleInfo (RoleInfo.java:updateAndGet(130)) - 581c0420-ae36-4e78-8d82-33b3ef40d50c: start 581c0420-ae36-4e78-8d82-33b3ef40d50c@group-5CE5490DAFF9-FollowerState
2021-08-10 07:52:51,066 [581c0420-ae36-4e78-8d82-33b3ef40d50c@group-5CE5490DAFF9-FollowerState] INFO  impl.FollowerState (FollowerState.java:run(143)) - 581c0420-ae36-4e78-8d82-33b3ef40d50c@group-5CE5490DAFF9-FollowerState was interrupted: {}
java.lang.InterruptedException: sleep interrupted
	at java.lang.Thread.sleep(Native Method)
	at java.lang.Thread.sleep(Thread.java:340)
	at java.util.concurrent.TimeUnit.sleep(TimeUnit.java:386)
	at org.apache.ratis.util.TimeDuration.sleep(TimeDuration.java:324)
	at org.apache.ratis.util.TimeDuration.sleep(TimeDuration.java:309)
	at org.apache.ratis.server.impl.FollowerState.run(FollowerState.java:118)
2021-08-10 07:52:51,067 [grpc-default-executor-2] INFO  server.RaftServer$Division (RaftServerImpl.java:requestVote(1075)) - 581c0420-ae36-4e78-8d82-33b3ef40d50c@group-5CE5490DAFF9 replies to ELECTION vote request: 6aba10dc-a58f-4fc7-8218-673b2e1b730d<-581c0420-ae36-4e78-8d82-33b3ef40d50c#0:OK-t2. Peer's state: 581c0420-ae36-4e78-8d82-33b3ef40d50c@group-5CE5490DAFF9:t2, leader=null, voted=6aba10dc-a58f-4fc7-8218-673b2e1b730d, raftlog=581c0420-ae36-4e78-8d82-33b3ef40d50c@group-5CE5490DAFF9-SegmentedRaftLog:OPENED:c-1,f-1,i0, conf=-1: [581c0420-ae36-4e78-8d82-33b3ef40d50c|rpc:10.1.0.46:42363|dataStream:|priority:0, e27b497d-edf5-4527-a9cd-0b54bade3291|rpc:10.1.0.46:38727|dataStream:|priority:1, 6aba10dc-a58f-4fc7-8218-673b2e1b730d|rpc:10.1.0.46:42995|dataStream:|priority:0], old=null
2021-08-10 07:52:51,071 [grpc-default-executor-2] INFO  server.RaftServer$Division (RaftServerImpl.java:requestVote(1043)) - e27b497d-edf5-4527-a9cd-0b54bade3291@group-5CE5490DAFF9: receive requestVote(ELECTION, 6aba10dc-a58f-4fc7-8218-673b2e1b730d, group-5CE5490DAFF9, 2, (t:0, i:0))
2021-08-10 07:52:51,071 [grpc-default-executor-2] INFO  impl.VoteContext (VoteContext.java:log(48)) - e27b497d-edf5-4527-a9cd-0b54bade3291@group-5CE5490DAFF9-FOLLOWER: reject ELECTION from 6aba10dc-a58f-4fc7-8218-673b2e1b730d: our priority 1 > candidate's priority 0
2021-08-10 07:52:51,071 [grpc-default-executor-2] INFO  server.RaftServer$Division (RaftServerImpl.java:setRole(285)) - e27b497d-edf5-4527-a9cd-0b54bade3291@group-5CE5490DAFF9: changes role from  FOLLOWER to FOLLOWER at term 2 for candidate:6aba10dc-a58f-4fc7-8218-673b2e1b730d
2021-08-10 07:52:51,071 [grpc-default-executor-2] INFO  impl.RoleInfo (RoleInfo.java:shutdownFollowerState(108)) - e27b497d-edf5-4527-a9cd-0b54bade3291: shutdown e27b497d-edf5-4527-a9cd-0b54bade3291@group-5CE5490DAFF9-FollowerState
2021-08-10 07:52:51,071 [grpc-default-executor-2] INFO  impl.RoleInfo (RoleInfo.java:updateAndGet(130)) - e27b497d-edf5-4527-a9cd-0b54bade3291: start e27b497d-edf5-4527-a9cd-0b54bade3291@group-5CE5490DAFF9-FollowerState
2021-08-10 07:52:51,071 [e27b497d-edf5-4527-a9cd-0b54bade3291@group-5CE5490DAFF9-FollowerState] INFO  impl.FollowerState (FollowerState.java:run(143)) - e27b497d-edf5-4527-a9cd-0b54bade3291@group-5CE5490DAFF9-FollowerState was interrupted: {}
java.lang.InterruptedException: sleep interrupted
	at java.lang.Thread.sleep(Native Method)
	at java.lang.Thread.sleep(Thread.java:340)
	at java.util.concurrent.TimeUnit.sleep(TimeUnit.java:386)
	at org.apache.ratis.util.TimeDuration.sleep(TimeDuration.java:324)
	at org.apache.ratis.util.TimeDuration.sleep(TimeDuration.java:309)
	at org.apache.ratis.server.impl.FollowerState.run(FollowerState.java:118)
2021-08-10 07:52:51,086 [grpc-default-executor-2] INFO  server.RaftServer$Division (RaftServerImpl.java:requestVote(1075)) - e27b497d-edf5-4527-a9cd-0b54bade3291@group-5CE5490DAFF9 replies to ELECTION vote request: 6aba10dc-a58f-4fc7-8218-673b2e1b730d<-e27b497d-edf5-4527-a9cd-0b54bade3291#0:FAIL-t2. Peer's state: e27b497d-edf5-4527-a9cd-0b54bade3291@group-5CE5490DAFF9:t2, leader=null, voted=null, raftlog=e27b497d-edf5-4527-a9cd-0b54bade3291@group-5CE5490DAFF9-SegmentedRaftLog:OPENED:c-1,f-1,i0, conf=-1: [581c0420-ae36-4e78-8d82-33b3ef40d50c|rpc:10.1.0.46:42363|dataStream:|priority:0, e27b497d-edf5-4527-a9cd-0b54bade3291|rpc:10.1.0.46:38727|dataStream:|priority:1, 6aba10dc-a58f-4fc7-8218-673b2e1b730d|rpc:10.1.0.46:42995|dataStream:|priority:0], old=null
2021-08-10 07:52:51,087 [6aba10dc-a58f-4fc7-8218-673b2e1b730d@group-5CE5490DAFF9-LeaderElection9] INFO  impl.LeaderElection (LeaderElection.java:logAndReturn(89)) - 6aba10dc-a58f-4fc7-8218-673b2e1b730d@group-5CE5490DAFF9-LeaderElection9: ELECTION REJECTED received 2 response(s) and 0 exception(s):
2021-08-10 07:52:51,087 [6aba10dc-a58f-4fc7-8218-673b2e1b730d@group-5CE5490DAFF9-LeaderElection9] INFO  impl.LeaderElection (LeaderElection.java:logAndReturn(93)) -   Response 0: 6aba10dc-a58f-4fc7-8218-673b2e1b730d<-581c0420-ae36-4e78-8d82-33b3ef40d50c#0:OK-t2
2021-08-10 07:52:51,087 [6aba10dc-a58f-4fc7-8218-673b2e1b730d@group-5CE5490DAFF9-LeaderElection9] INFO  impl.LeaderElection (LeaderElection.java:logAndReturn(93)) -   Response 1: 6aba10dc-a58f-4fc7-8218-673b2e1b730d<-e27b497d-edf5-4527-a9cd-0b54bade3291#0:FAIL-t2
2021-08-10 07:52:51,087 [6aba10dc-a58f-4fc7-8218-673b2e1b730d@group-5CE5490DAFF9-LeaderElection9] INFO  impl.LeaderElection (LeaderElection.java:askForVotes(308)) - 6aba10dc-a58f-4fc7-8218-673b2e1b730d@group-5CE5490DAFF9-LeaderElection9 ELECTION round 0: result REJECTED
2021-08-10 07:52:51,087 [6aba10dc-a58f-4fc7-8218-673b2e1b730d@group-5CE5490DAFF9-LeaderElection9] INFO  server.RaftServer$Division (RaftServerImpl.java:setRole(285)) - 6aba10dc-a58f-4fc7-8218-673b2e1b730d@group-5CE5490DAFF9: changes role from CANDIDATE to FOLLOWER at term 2 for REJECTED
2021-08-10 07:52:51,087 [6aba10dc-a58f-4fc7-8218-673b2e1b730d@group-5CE5490DAFF9-LeaderElection9] INFO  impl.RoleInfo (RoleInfo.java:shutdownLeaderElection(121)) - 6aba10dc-a58f-4fc7-8218-673b2e1b730d: shutdown 6aba10dc-a58f-4fc7-8218-673b2e1b730d@group-5CE5490DAFF9-LeaderElection9
2021-08-10 07:52:51,087 [6aba10dc-a58f-4fc7-8218-673b2e1b730d@group-5CE5490DAFF9-LeaderElection9] INFO  impl.RoleInfo (RoleInfo.java:updateAndGet(130)) - 6aba10dc-a58f-4fc7-8218-673b2e1b730d: start 6aba10dc-a58f-4fc7-8218-673b2e1b730d@group-5CE5490DAFF9-FollowerState
2021-08-10 07:52:51,707 [Listener at 127.0.0.1/35799] INFO  ozone.MiniOzoneClusterImpl (MiniOzoneClusterImpl.java:lambda$waitForClusterToBeReady$0(235)) - Nodes are ready. Got 3 of 3 DN Heartbeats.
2021-08-10 07:52:51,708 [Listener at 127.0.0.1/35799] INFO  ozone.MiniOzoneClusterImpl (MiniOzoneClusterImpl.java:lambda$waitForClusterToBeReady$0(238)) - Waiting for cluster to exit safe mode
2021-08-10 07:52:51,708 [Listener at 127.0.0.1/35799] INFO  ozone.MiniOzoneClusterImpl (MiniOzoneClusterImpl.java:lambda$waitForClusterToBeReady$0(240)) - SCM became leader
2021-08-10 07:52:52,708 [Listener at 127.0.0.1/35799] INFO  ozone.MiniOzoneClusterImpl (MiniOzoneClusterImpl.java:lambda$waitForClusterToBeReady$0(235)) - Nodes are ready. Got 3 of 3 DN Heartbeats.
2021-08-10 07:52:52,708 [Listener at 127.0.0.1/35799] INFO  ozone.MiniOzoneClusterImpl (MiniOzoneClusterImpl.java:lambda$waitForClusterToBeReady$0(238)) - Waiting for cluster to exit safe mode
2021-08-10 07:52:52,709 [Listener at 127.0.0.1/35799] INFO  ozone.MiniOzoneClusterImpl (MiniOzoneClusterImpl.java:lambda$waitForClusterToBeReady$0(240)) - SCM became leader
2021-08-10 07:52:53,709 [Listener at 127.0.0.1/35799] INFO  ozone.MiniOzoneClusterImpl (MiniOzoneClusterImpl.java:lambda$waitForClusterToBeReady$0(235)) - Nodes are ready. Got 3 of 3 DN Heartbeats.
2021-08-10 07:52:53,709 [Listener at 127.0.0.1/35799] INFO  ozone.MiniOzoneClusterImpl (MiniOzoneClusterImpl.java:lambda$waitForClusterToBeReady$0(238)) - Waiting for cluster to exit safe mode
2021-08-10 07:52:53,709 [Listener at 127.0.0.1/35799] INFO  ozone.MiniOzoneClusterImpl (MiniOzoneClusterImpl.java:lambda$waitForClusterToBeReady$0(240)) - SCM became leader
2021-08-10 07:52:54,709 [Listener at 127.0.0.1/35799] INFO  ozone.MiniOzoneClusterImpl (MiniOzoneClusterImpl.java:lambda$waitForClusterToBeReady$0(235)) - Nodes are ready. Got 3 of 3 DN Heartbeats.
2021-08-10 07:52:54,709 [Listener at 127.0.0.1/35799] INFO  ozone.MiniOzoneClusterImpl (MiniOzoneClusterImpl.java:lambda$waitForClusterToBeReady$0(238)) - Waiting for cluster to exit safe mode
2021-08-10 07:52:54,710 [Listener at 127.0.0.1/35799] INFO  ozone.MiniOzoneClusterImpl (MiniOzoneClusterImpl.java:lambda$waitForClusterToBeReady$0(240)) - SCM became leader
2021-08-10 07:52:55,710 [Listener at 127.0.0.1/35799] INFO  ozone.MiniOzoneClusterImpl (MiniOzoneClusterImpl.java:lambda$waitForClusterToBeReady$0(235)) - Nodes are ready. Got 3 of 3 DN Heartbeats.
2021-08-10 07:52:55,710 [Listener at 127.0.0.1/35799] INFO  ozone.MiniOzoneClusterImpl (MiniOzoneClusterImpl.java:lambda$waitForClusterToBeReady$0(238)) - Waiting for cluster to exit safe mode
2021-08-10 07:52:55,710 [Listener at 127.0.0.1/35799] INFO  ozone.MiniOzoneClusterImpl (MiniOzoneClusterImpl.java:lambda$waitForClusterToBeReady$0(240)) - SCM became leader
2021-08-10 07:52:56,254 [e27b497d-edf5-4527-a9cd-0b54bade3291@group-5CE5490DAFF9-FollowerState] INFO  impl.FollowerState (FollowerState.java:run(134)) - e27b497d-edf5-4527-a9cd-0b54bade3291@group-5CE5490DAFF9-FollowerState: change to CANDIDATE, lastRpcElapsedTime:5182960127ns, electionTimeout:5179ms
2021-08-10 07:52:56,254 [e27b497d-edf5-4527-a9cd-0b54bade3291@group-5CE5490DAFF9-FollowerState] INFO  impl.RoleInfo (RoleInfo.java:shutdownFollowerState(108)) - e27b497d-edf5-4527-a9cd-0b54bade3291: shutdown e27b497d-edf5-4527-a9cd-0b54bade3291@group-5CE5490DAFF9-FollowerState
2021-08-10 07:52:56,254 [e27b497d-edf5-4527-a9cd-0b54bade3291@group-5CE5490DAFF9-FollowerState] INFO  server.RaftServer$Division (RaftServerImpl.java:setRole(285)) - e27b497d-edf5-4527-a9cd-0b54bade3291@group-5CE5490DAFF9: changes role from  FOLLOWER to CANDIDATE at term 2 for changeToCandidate
2021-08-10 07:52:56,255 [e27b497d-edf5-4527-a9cd-0b54bade3291@group-5CE5490DAFF9-FollowerState] INFO  server.RaftServerConfigKeys (ConfUtils.java:logGet(44)) - raft.server.leaderelection.pre-vote = false (custom)
2021-08-10 07:52:56,255 [e27b497d-edf5-4527-a9cd-0b54bade3291@group-5CE5490DAFF9-FollowerState] INFO  impl.RoleInfo (RoleInfo.java:updateAndGet(130)) - e27b497d-edf5-4527-a9cd-0b54bade3291: start e27b497d-edf5-4527-a9cd-0b54bade3291@group-5CE5490DAFF9-LeaderElection10
2021-08-10 07:52:56,272 [e27b497d-edf5-4527-a9cd-0b54bade3291@group-5CE5490DAFF9-LeaderElection10] INFO  impl.LeaderElection (LeaderElection.java:askForVotes(306)) - e27b497d-edf5-4527-a9cd-0b54bade3291@group-5CE5490DAFF9-LeaderElection10 ELECTION round 0: submit vote requests at term 3 for -1: [581c0420-ae36-4e78-8d82-33b3ef40d50c|rpc:10.1.0.46:42363|dataStream:|priority:0, e27b497d-edf5-4527-a9cd-0b54bade3291|rpc:10.1.0.46:38727|dataStream:|priority:1, 6aba10dc-a58f-4fc7-8218-673b2e1b730d|rpc:10.1.0.46:42995|dataStream:|priority:0], old=null
2021-08-10 07:52:56,273 [6aba10dc-a58f-4fc7-8218-673b2e1b730d@group-5CE5490DAFF9-FollowerState] INFO  impl.FollowerState (FollowerState.java:run(134)) - 6aba10dc-a58f-4fc7-8218-673b2e1b730d@group-5CE5490DAFF9-FollowerState: change to CANDIDATE, lastRpcElapsedTime:5185944547ns, electionTimeout:5170ms
2021-08-10 07:52:56,273 [6aba10dc-a58f-4fc7-8218-673b2e1b730d@group-5CE5490DAFF9-FollowerState] INFO  impl.RoleInfo (RoleInfo.java:shutdownFollowerState(108)) - 6aba10dc-a58f-4fc7-8218-673b2e1b730d: shutdown 6aba10dc-a58f-4fc7-8218-673b2e1b730d@group-5CE5490DAFF9-FollowerState
2021-08-10 07:52:56,273 [6aba10dc-a58f-4fc7-8218-673b2e1b730d@group-5CE5490DAFF9-FollowerState] INFO  server.RaftServer$Division (RaftServerImpl.java:setRole(285)) - 6aba10dc-a58f-4fc7-8218-673b2e1b730d@group-5CE5490DAFF9: changes role from  FOLLOWER to CANDIDATE at term 2 for changeToCandidate
2021-08-10 07:52:56,283 [6aba10dc-a58f-4fc7-8218-673b2e1b730d@group-5CE5490DAFF9-FollowerState] INFO  server.RaftServerConfigKeys (ConfUtils.java:logGet(44)) - raft.server.leaderelection.pre-vote = false (custom)
2021-08-10 07:52:56,283 [6aba10dc-a58f-4fc7-8218-673b2e1b730d@group-5CE5490DAFF9-FollowerState] INFO  impl.RoleInfo (RoleInfo.java:updateAndGet(130)) - 6aba10dc-a58f-4fc7-8218-673b2e1b730d: start 6aba10dc-a58f-4fc7-8218-673b2e1b730d@group-5CE5490DAFF9-LeaderElection11
2021-08-10 07:52:56,295 [6aba10dc-a58f-4fc7-8218-673b2e1b730d@group-5CE5490DAFF9-LeaderElection11] INFO  impl.LeaderElection (LeaderElection.java:askForVotes(306)) - 6aba10dc-a58f-4fc7-8218-673b2e1b730d@group-5CE5490DAFF9-LeaderElection11 ELECTION round 0: submit vote requests at term 3 for -1: [581c0420-ae36-4e78-8d82-33b3ef40d50c|rpc:10.1.0.46:42363|priority:0, e27b497d-edf5-4527-a9cd-0b54bade3291|rpc:10.1.0.46:38727|priority:1, 6aba10dc-a58f-4fc7-8218-673b2e1b730d|rpc:10.1.0.46:42995|priority:0], old=null
2021-08-10 07:52:56,320 [grpc-default-executor-2] INFO  server.RaftServer$Division (RaftServerImpl.java:requestVote(1043)) - 581c0420-ae36-4e78-8d82-33b3ef40d50c@group-5CE5490DAFF9: receive requestVote(ELECTION, 6aba10dc-a58f-4fc7-8218-673b2e1b730d, group-5CE5490DAFF9, 3, (t:0, i:0))
2021-08-10 07:52:56,321 [grpc-default-executor-2] INFO  impl.VoteContext (VoteContext.java:log(48)) - 581c0420-ae36-4e78-8d82-33b3ef40d50c@group-5CE5490DAFF9-FOLLOWER: accept ELECTION from 6aba10dc-a58f-4fc7-8218-673b2e1b730d: our priority 0 <= candidate's priority 0
2021-08-10 07:52:56,321 [grpc-default-executor-2] INFO  server.RaftServer$Division (RaftServerImpl.java:setRole(285)) - 581c0420-ae36-4e78-8d82-33b3ef40d50c@group-5CE5490DAFF9: changes role from  FOLLOWER to FOLLOWER at term 3 for candidate:6aba10dc-a58f-4fc7-8218-673b2e1b730d
2021-08-10 07:52:56,321 [grpc-default-executor-2] INFO  impl.RoleInfo (RoleInfo.java:shutdownFollowerState(108)) - 581c0420-ae36-4e78-8d82-33b3ef40d50c: shutdown 581c0420-ae36-4e78-8d82-33b3ef40d50c@group-5CE5490DAFF9-FollowerState
2021-08-10 07:52:56,321 [grpc-default-executor-2] INFO  impl.RoleInfo (RoleInfo.java:updateAndGet(130)) - 581c0420-ae36-4e78-8d82-33b3ef40d50c: start 581c0420-ae36-4e78-8d82-33b3ef40d50c@group-5CE5490DAFF9-FollowerState
2021-08-10 07:52:56,321 [581c0420-ae36-4e78-8d82-33b3ef40d50c@group-5CE5490DAFF9-FollowerState] INFO  impl.FollowerState (FollowerState.java:run(143)) - 581c0420-ae36-4e78-8d82-33b3ef40d50c@group-5CE5490DAFF9-FollowerState was interrupted: {}
java.lang.InterruptedException: sleep interrupted
	at java.lang.Thread.sleep(Native Method)
	at java.lang.Thread.sleep(Thread.java:340)
	at java.util.concurrent.TimeUnit.sleep(TimeUnit.java:386)
	at org.apache.ratis.util.TimeDuration.sleep(TimeDuration.java:324)
	at org.apache.ratis.util.TimeDuration.sleep(TimeDuration.java:309)
	at org.apache.ratis.server.impl.FollowerState.run(FollowerState.java:118)
2021-08-10 07:52:56,331 [grpc-default-executor-3] INFO  server.RaftServer$Division (RaftServerImpl.java:requestVote(1043)) - 581c0420-ae36-4e78-8d82-33b3ef40d50c@group-5CE5490DAFF9: receive requestVote(ELECTION, e27b497d-edf5-4527-a9cd-0b54bade3291, group-5CE5490DAFF9, 3, (t:0, i:0))
2021-08-10 07:52:56,339 [grpc-default-executor-0] INFO  server.RaftServer$Division (RaftServerImpl.java:requestVote(1043)) - 6aba10dc-a58f-4fc7-8218-673b2e1b730d@group-5CE5490DAFF9: receive requestVote(ELECTION, e27b497d-edf5-4527-a9cd-0b54bade3291, group-5CE5490DAFF9, 3, (t:0, i:0))
2021-08-10 07:52:56,339 [grpc-default-executor-0] INFO  impl.VoteContext (VoteContext.java:log(48)) - 6aba10dc-a58f-4fc7-8218-673b2e1b730d@group-5CE5490DAFF9-CANDIDATE: reject ELECTION from e27b497d-edf5-4527-a9cd-0b54bade3291: already has voted for 6aba10dc-a58f-4fc7-8218-673b2e1b730d at current term 3
2021-08-10 07:52:56,340 [grpc-default-executor-2] INFO  server.RaftServer$Division (RaftServerImpl.java:requestVote(1075)) - 581c0420-ae36-4e78-8d82-33b3ef40d50c@group-5CE5490DAFF9 replies to ELECTION vote request: 6aba10dc-a58f-4fc7-8218-673b2e1b730d<-581c0420-ae36-4e78-8d82-33b3ef40d50c#0:OK-t3. Peer's state: 581c0420-ae36-4e78-8d82-33b3ef40d50c@group-5CE5490DAFF9:t3, leader=null, voted=6aba10dc-a58f-4fc7-8218-673b2e1b730d, raftlog=581c0420-ae36-4e78-8d82-33b3ef40d50c@group-5CE5490DAFF9-SegmentedRaftLog:OPENED:c-1,f-1,i0, conf=-1: [581c0420-ae36-4e78-8d82-33b3ef40d50c|rpc:10.1.0.46:42363|dataStream:|priority:0, e27b497d-edf5-4527-a9cd-0b54bade3291|rpc:10.1.0.46:38727|dataStream:|priority:1, 6aba10dc-a58f-4fc7-8218-673b2e1b730d|rpc:10.1.0.46:42995|dataStream:|priority:0], old=null
2021-08-10 07:52:56,340 [grpc-default-executor-0] INFO  server.RaftServer$Division (RaftServerImpl.java:requestVote(1075)) - 6aba10dc-a58f-4fc7-8218-673b2e1b730d@group-5CE5490DAFF9 replies to ELECTION vote request: e27b497d-edf5-4527-a9cd-0b54bade3291<-6aba10dc-a58f-4fc7-8218-673b2e1b730d#0:FAIL-t3. Peer's state: 6aba10dc-a58f-4fc7-8218-673b2e1b730d@group-5CE5490DAFF9:t3, leader=null, voted=6aba10dc-a58f-4fc7-8218-673b2e1b730d, raftlog=6aba10dc-a58f-4fc7-8218-673b2e1b730d@group-5CE5490DAFF9-SegmentedRaftLog:OPENED:c-1,f-1,i0, conf=-1: [581c0420-ae36-4e78-8d82-33b3ef40d50c|rpc:10.1.0.46:42363|priority:0, e27b497d-edf5-4527-a9cd-0b54bade3291|rpc:10.1.0.46:38727|priority:1, 6aba10dc-a58f-4fc7-8218-673b2e1b730d|rpc:10.1.0.46:42995|priority:0], old=null
2021-08-10 07:52:56,340 [grpc-default-executor-3] INFO  impl.VoteContext (VoteContext.java:log(48)) - 581c0420-ae36-4e78-8d82-33b3ef40d50c@group-5CE5490DAFF9-FOLLOWER: reject ELECTION from e27b497d-edf5-4527-a9cd-0b54bade3291: already has voted for 6aba10dc-a58f-4fc7-8218-673b2e1b730d at current term 3
2021-08-10 07:52:56,342 [grpc-default-executor-3] INFO  server.RaftServer$Division (RaftServerImpl.java:requestVote(1075)) - 581c0420-ae36-4e78-8d82-33b3ef40d50c@group-5CE5490DAFF9 replies to ELECTION vote request: e27b497d-edf5-4527-a9cd-0b54bade3291<-581c0420-ae36-4e78-8d82-33b3ef40d50c#0:FAIL-t3. Peer's state: 581c0420-ae36-4e78-8d82-33b3ef40d50c@group-5CE5490DAFF9:t3, leader=null, voted=6aba10dc-a58f-4fc7-8218-673b2e1b730d, raftlog=581c0420-ae36-4e78-8d82-33b3ef40d50c@group-5CE5490DAFF9-SegmentedRaftLog:OPENED:c-1,f-1,i0, conf=-1: [581c0420-ae36-4e78-8d82-33b3ef40d50c|rpc:10.1.0.46:42363|dataStream:|priority:0, e27b497d-edf5-4527-a9cd-0b54bade3291|rpc:10.1.0.46:38727|dataStream:|priority:1, 6aba10dc-a58f-4fc7-8218-673b2e1b730d|rpc:10.1.0.46:42995|dataStream:|priority:0], old=null
2021-08-10 07:52:56,344 [e27b497d-edf5-4527-a9cd-0b54bade3291@group-5CE5490DAFF9-LeaderElection10] INFO  impl.LeaderElection (LeaderElection.java:logAndReturn(89)) - e27b497d-edf5-4527-a9cd-0b54bade3291@group-5CE5490DAFF9-LeaderElection10: ELECTION REJECTED received 2 response(s) and 0 exception(s):
2021-08-10 07:52:56,344 [e27b497d-edf5-4527-a9cd-0b54bade3291@group-5CE5490DAFF9-LeaderElection10] INFO  impl.LeaderElection (LeaderElection.java:logAndReturn(93)) -   Response 0: e27b497d-edf5-4527-a9cd-0b54bade3291<-581c0420-ae36-4e78-8d82-33b3ef40d50c#0:FAIL-t3
2021-08-10 07:52:56,344 [e27b497d-edf5-4527-a9cd-0b54bade3291@group-5CE5490DAFF9-LeaderElection10] INFO  impl.LeaderElection (LeaderElection.java:logAndReturn(93)) -   Response 1: e27b497d-edf5-4527-a9cd-0b54bade3291<-6aba10dc-a58f-4fc7-8218-673b2e1b730d#0:FAIL-t3
2021-08-10 07:52:56,344 [e27b497d-edf5-4527-a9cd-0b54bade3291@group-5CE5490DAFF9-LeaderElection10] INFO  impl.LeaderElection (LeaderElection.java:askForVotes(308)) - e27b497d-edf5-4527-a9cd-0b54bade3291@group-5CE5490DAFF9-LeaderElection10 ELECTION round 0: result REJECTED
2021-08-10 07:52:56,345 [e27b497d-edf5-4527-a9cd-0b54bade3291@group-5CE5490DAFF9-LeaderElection10] INFO  server.RaftServer$Division (RaftServerImpl.java:setRole(285)) - e27b497d-edf5-4527-a9cd-0b54bade3291@group-5CE5490DAFF9: changes role from CANDIDATE to FOLLOWER at term 3 for REJECTED
2021-08-10 07:52:56,345 [e27b497d-edf5-4527-a9cd-0b54bade3291@group-5CE5490DAFF9-LeaderElection10] INFO  impl.RoleInfo (RoleInfo.java:shutdownLeaderElection(121)) - e27b497d-edf5-4527-a9cd-0b54bade3291: shutdown e27b497d-edf5-4527-a9cd-0b54bade3291@group-5CE5490DAFF9-LeaderElection10
2021-08-10 07:52:56,345 [e27b497d-edf5-4527-a9cd-0b54bade3291@group-5CE5490DAFF9-LeaderElection10] INFO  impl.RoleInfo (RoleInfo.java:updateAndGet(130)) - e27b497d-edf5-4527-a9cd-0b54bade3291: start e27b497d-edf5-4527-a9cd-0b54bade3291@group-5CE5490DAFF9-FollowerState
2021-08-10 07:52:56,351 [grpc-default-executor-2] INFO  server.RaftServer$Division (RaftServerImpl.java:requestVote(1043)) - e27b497d-edf5-4527-a9cd-0b54bade3291@group-5CE5490DAFF9: receive requestVote(ELECTION, 6aba10dc-a58f-4fc7-8218-673b2e1b730d, group-5CE5490DAFF9, 3, (t:0, i:0))
2021-08-10 07:52:56,355 [grpc-default-executor-2] INFO  impl.VoteContext (VoteContext.java:log(48)) - e27b497d-edf5-4527-a9cd-0b54bade3291@group-5CE5490DAFF9-FOLLOWER: reject ELECTION from 6aba10dc-a58f-4fc7-8218-673b2e1b730d: already has voted for e27b497d-edf5-4527-a9cd-0b54bade3291 at current term 3
2021-08-10 07:52:56,355 [grpc-default-executor-2] INFO  server.RaftServer$Division (RaftServerImpl.java:requestVote(1075)) - e27b497d-edf5-4527-a9cd-0b54bade3291@group-5CE5490DAFF9 replies to ELECTION vote request: 6aba10dc-a58f-4fc7-8218-673b2e1b730d<-e27b497d-edf5-4527-a9cd-0b54bade3291#0:FAIL-t3. Peer's state: e27b497d-edf5-4527-a9cd-0b54bade3291@group-5CE5490DAFF9:t3, leader=null, voted=e27b497d-edf5-4527-a9cd-0b54bade3291, raftlog=e27b497d-edf5-4527-a9cd-0b54bade3291@group-5CE5490DAFF9-SegmentedRaftLog:OPENED:c-1,f-1,i0, conf=-1: [581c0420-ae36-4e78-8d82-33b3ef40d50c|rpc:10.1.0.46:42363|dataStream:|priority:0, e27b497d-edf5-4527-a9cd-0b54bade3291|rpc:10.1.0.46:38727|dataStream:|priority:1, 6aba10dc-a58f-4fc7-8218-673b2e1b730d|rpc:10.1.0.46:42995|dataStream:|priority:0], old=null
2021-08-10 07:52:56,356 [6aba10dc-a58f-4fc7-8218-673b2e1b730d@group-5CE5490DAFF9-LeaderElection11] INFO  impl.LeaderElection (LeaderElection.java:logAndReturn(89)) - 6aba10dc-a58f-4fc7-8218-673b2e1b730d@group-5CE5490DAFF9-LeaderElection11: ELECTION REJECTED received 2 response(s) and 0 exception(s):
2021-08-10 07:52:56,356 [6aba10dc-a58f-4fc7-8218-673b2e1b730d@group-5CE5490DAFF9-LeaderElection11] INFO  impl.LeaderElection (LeaderElection.java:logAndReturn(93)) -   Response 0: 6aba10dc-a58f-4fc7-8218-673b2e1b730d<-581c0420-ae36-4e78-8d82-33b3ef40d50c#0:OK-t3
2021-08-10 07:52:56,356 [6aba10dc-a58f-4fc7-8218-673b2e1b730d@group-5CE5490DAFF9-LeaderElection11] INFO  impl.LeaderElection (LeaderElection.java:logAndReturn(93)) -   Response 1: 6aba10dc-a58f-4fc7-8218-673b2e1b730d<-e27b497d-edf5-4527-a9cd-0b54bade3291#0:FAIL-t3
2021-08-10 07:52:56,356 [6aba10dc-a58f-4fc7-8218-673b2e1b730d@group-5CE5490DAFF9-LeaderElection11] INFO  impl.LeaderElection (LeaderElection.java:askForVotes(308)) - 6aba10dc-a58f-4fc7-8218-673b2e1b730d@group-5CE5490DAFF9-LeaderElection11 ELECTION round 0: result REJECTED
2021-08-10 07:52:56,357 [6aba10dc-a58f-4fc7-8218-673b2e1b730d@group-5CE5490DAFF9-LeaderElection11] INFO  server.RaftServer$Division (RaftServerImpl.java:setRole(285)) - 6aba10dc-a58f-4fc7-8218-673b2e1b730d@group-5CE5490DAFF9: changes role from CANDIDATE to FOLLOWER at term 3 for REJECTED
2021-08-10 07:52:56,357 [6aba10dc-a58f-4fc7-8218-673b2e1b730d@group-5CE5490DAFF9-LeaderElection11] INFO  impl.RoleInfo (RoleInfo.java:shutdownLeaderElection(121)) - 6aba10dc-a58f-4fc7-8218-673b2e1b730d: shutdown 6aba10dc-a58f-4fc7-8218-673b2e1b730d@group-5CE5490DAFF9-LeaderElection11
2021-08-10 07:52:56,357 [6aba10dc-a58f-4fc7-8218-673b2e1b730d@group-5CE5490DAFF9-LeaderElection11] INFO  impl.RoleInfo (RoleInfo.java:updateAndGet(130)) - 6aba10dc-a58f-4fc7-8218-673b2e1b730d: start 6aba10dc-a58f-4fc7-8218-673b2e1b730d@group-5CE5490DAFF9-FollowerState
2021-08-10 07:52:56,710 [Listener at 127.0.0.1/35799] INFO  ozone.MiniOzoneClusterImpl (MiniOzoneClusterImpl.java:lambda$waitForClusterToBeReady$0(235)) - Nodes are ready. Got 3 of 3 DN Heartbeats.
2021-08-10 07:52:56,711 [Listener at 127.0.0.1/35799] INFO  ozone.MiniOzoneClusterImpl (MiniOzoneClusterImpl.java:lambda$waitForClusterToBeReady$0(238)) - Waiting for cluster to exit safe mode
2021-08-10 07:52:56,711 [Listener at 127.0.0.1/35799] INFO  ozone.MiniOzoneClusterImpl (MiniOzoneClusterImpl.java:lambda$waitForClusterToBeReady$0(240)) - SCM became leader
2021-08-10 07:52:57,712 [Listener at 127.0.0.1/35799] INFO  ozone.MiniOzoneClusterImpl (MiniOzoneClusterImpl.java:lambda$waitForClusterToBeReady$0(235)) - Nodes are ready. Got 3 of 3 DN Heartbeats.
2021-08-10 07:52:57,712 [Listener at 127.0.0.1/35799] INFO  ozone.MiniOzoneClusterImpl (MiniOzoneClusterImpl.java:lambda$waitForClusterToBeReady$0(238)) - Waiting for cluster to exit safe mode
2021-08-10 07:52:57,712 [Listener at 127.0.0.1/35799] INFO  ozone.MiniOzoneClusterImpl (MiniOzoneClusterImpl.java:lambda$waitForClusterToBeReady$0(240)) - SCM became leader
2021-08-10 07:52:58,712 [Listener at 127.0.0.1/35799] INFO  ozone.MiniOzoneClusterImpl (MiniOzoneClusterImpl.java:lambda$waitForClusterToBeReady$0(235)) - Nodes are ready. Got 3 of 3 DN Heartbeats.
2021-08-10 07:52:58,712 [Listener at 127.0.0.1/35799] INFO  ozone.MiniOzoneClusterImpl (MiniOzoneClusterImpl.java:lambda$waitForClusterToBeReady$0(238)) - Waiting for cluster to exit safe mode
2021-08-10 07:52:58,712 [Listener at 127.0.0.1/35799] INFO  ozone.MiniOzoneClusterImpl (MiniOzoneClusterImpl.java:lambda$waitForClusterToBeReady$0(240)) - SCM became leader
2021-08-10 07:52:59,713 [Listener at 127.0.0.1/35799] INFO  ozone.MiniOzoneClusterImpl (MiniOzoneClusterImpl.java:lambda$waitForClusterToBeReady$0(235)) - Nodes are ready. Got 3 of 3 DN Heartbeats.
2021-08-10 07:52:59,713 [Listener at 127.0.0.1/35799] INFO  ozone.MiniOzoneClusterImpl (MiniOzoneClusterImpl.java:lambda$waitForClusterToBeReady$0(238)) - Waiting for cluster to exit safe mode
2021-08-10 07:52:59,713 [Listener at 127.0.0.1/35799] INFO  ozone.MiniOzoneClusterImpl (MiniOzoneClusterImpl.java:lambda$waitForClusterToBeReady$0(240)) - SCM became leader
2021-08-10 07:53:00,713 [Listener at 127.0.0.1/35799] INFO  ozone.MiniOzoneClusterImpl (MiniOzoneClusterImpl.java:lambda$waitForClusterToBeReady$0(235)) - Nodes are ready. Got 3 of 3 DN Heartbeats.
2021-08-10 07:53:00,713 [Listener at 127.0.0.1/35799] INFO  ozone.MiniOzoneClusterImpl (MiniOzoneClusterImpl.java:lambda$waitForClusterToBeReady$0(238)) - Waiting for cluster to exit safe mode
2021-08-10 07:53:00,714 [Listener at 127.0.0.1/35799] INFO  ozone.MiniOzoneClusterImpl (MiniOzoneClusterImpl.java:lambda$waitForClusterToBeReady$0(240)) - SCM became leader
2021-08-10 07:53:01,369 [e27b497d-edf5-4527-a9cd-0b54bade3291@group-5CE5490DAFF9-FollowerState] INFO  impl.FollowerState (FollowerState.java:run(134)) - e27b497d-edf5-4527-a9cd-0b54bade3291@group-5CE5490DAFF9-FollowerState: change to CANDIDATE, lastRpcElapsedTime:5024339254ns, electionTimeout:5001ms
2021-08-10 07:53:01,369 [e27b497d-edf5-4527-a9cd-0b54bade3291@group-5CE5490DAFF9-FollowerState] INFO  impl.RoleInfo (RoleInfo.java:shutdownFollowerState(108)) - e27b497d-edf5-4527-a9cd-0b54bade3291: shutdown e27b497d-edf5-4527-a9cd-0b54bade3291@group-5CE5490DAFF9-FollowerState
2021-08-10 07:53:01,369 [e27b497d-edf5-4527-a9cd-0b54bade3291@group-5CE5490DAFF9-FollowerState] INFO  server.RaftServer$Division (RaftServerImpl.java:setRole(285)) - e27b497d-edf5-4527-a9cd-0b54bade3291@group-5CE5490DAFF9: changes role from  FOLLOWER to CANDIDATE at term 3 for changeToCandidate
2021-08-10 07:53:01,369 [e27b497d-edf5-4527-a9cd-0b54bade3291@group-5CE5490DAFF9-FollowerState] INFO  server.RaftServerConfigKeys (ConfUtils.java:logGet(44)) - raft.server.leaderelection.pre-vote = false (custom)
2021-08-10 07:53:01,369 [e27b497d-edf5-4527-a9cd-0b54bade3291@group-5CE5490DAFF9-FollowerState] INFO  impl.RoleInfo (RoleInfo.java:updateAndGet(130)) - e27b497d-edf5-4527-a9cd-0b54bade3291: start e27b497d-edf5-4527-a9cd-0b54bade3291@group-5CE5490DAFF9-LeaderElection12
2021-08-10 07:53:01,395 [e27b497d-edf5-4527-a9cd-0b54bade3291@group-5CE5490DAFF9-LeaderElection12] INFO  impl.LeaderElection (LeaderElection.java:askForVotes(306)) - e27b497d-edf5-4527-a9cd-0b54bade3291@group-5CE5490DAFF9-LeaderElection12 ELECTION round 0: submit vote requests at term 4 for -1: [581c0420-ae36-4e78-8d82-33b3ef40d50c|rpc:10.1.0.46:42363|dataStream:|priority:0, e27b497d-edf5-4527-a9cd-0b54bade3291|rpc:10.1.0.46:38727|dataStream:|priority:1, 6aba10dc-a58f-4fc7-8218-673b2e1b730d|rpc:10.1.0.46:42995|dataStream:|priority:0], old=null
2021-08-10 07:53:01,407 [grpc-default-executor-2] INFO  server.RaftServer$Division (RaftServerImpl.java:requestVote(1043)) - 581c0420-ae36-4e78-8d82-33b3ef40d50c@group-5CE5490DAFF9: receive requestVote(ELECTION, e27b497d-edf5-4527-a9cd-0b54bade3291, group-5CE5490DAFF9, 4, (t:0, i:0))
2021-08-10 07:53:01,408 [grpc-default-executor-2] INFO  impl.VoteContext (VoteContext.java:log(48)) - 581c0420-ae36-4e78-8d82-33b3ef40d50c@group-5CE5490DAFF9-FOLLOWER: accept ELECTION from e27b497d-edf5-4527-a9cd-0b54bade3291: our priority 0 <= candidate's priority 1
2021-08-10 07:53:01,408 [grpc-default-executor-2] INFO  server.RaftServer$Division (RaftServerImpl.java:setRole(285)) - 581c0420-ae36-4e78-8d82-33b3ef40d50c@group-5CE5490DAFF9: changes role from  FOLLOWER to FOLLOWER at term 4 for candidate:e27b497d-edf5-4527-a9cd-0b54bade3291
2021-08-10 07:53:01,408 [grpc-default-executor-2] INFO  impl.RoleInfo (RoleInfo.java:shutdownFollowerState(108)) - 581c0420-ae36-4e78-8d82-33b3ef40d50c: shutdown 581c0420-ae36-4e78-8d82-33b3ef40d50c@group-5CE5490DAFF9-FollowerState
2021-08-10 07:53:01,408 [grpc-default-executor-2] INFO  impl.RoleInfo (RoleInfo.java:updateAndGet(130)) - 581c0420-ae36-4e78-8d82-33b3ef40d50c: start 581c0420-ae36-4e78-8d82-33b3ef40d50c@group-5CE5490DAFF9-FollowerState
2021-08-10 07:53:01,408 [581c0420-ae36-4e78-8d82-33b3ef40d50c@group-5CE5490DAFF9-FollowerState] INFO  impl.FollowerState (FollowerState.java:run(143)) - 581c0420-ae36-4e78-8d82-33b3ef40d50c@group-5CE5490DAFF9-FollowerState was interrupted: {}
java.lang.InterruptedException: sleep interrupted
	at java.lang.Thread.sleep(Native Method)
	at java.lang.Thread.sleep(Thread.java:340)
	at java.util.concurrent.TimeUnit.sleep(TimeUnit.java:386)
	at org.apache.ratis.util.TimeDuration.sleep(TimeDuration.java:324)
	at org.apache.ratis.util.TimeDuration.sleep(TimeDuration.java:309)
	at org.apache.ratis.server.impl.FollowerState.run(FollowerState.java:118)
2021-08-10 07:53:01,416 [grpc-default-executor-2] INFO  server.RaftServer$Division (RaftServerImpl.java:requestVote(1075)) - 581c0420-ae36-4e78-8d82-33b3ef40d50c@group-5CE5490DAFF9 replies to ELECTION vote request: e27b497d-edf5-4527-a9cd-0b54bade3291<-581c0420-ae36-4e78-8d82-33b3ef40d50c#0:OK-t4. Peer's state: 581c0420-ae36-4e78-8d82-33b3ef40d50c@group-5CE5490DAFF9:t4, leader=null, voted=e27b497d-edf5-4527-a9cd-0b54bade3291, raftlog=581c0420-ae36-4e78-8d82-33b3ef40d50c@group-5CE5490DAFF9-SegmentedRaftLog:OPENED:c-1,f-1,i0, conf=-1: [581c0420-ae36-4e78-8d82-33b3ef40d50c|rpc:10.1.0.46:42363|dataStream:|priority:0, e27b497d-edf5-4527-a9cd-0b54bade3291|rpc:10.1.0.46:38727|dataStream:|priority:1, 6aba10dc-a58f-4fc7-8218-673b2e1b730d|rpc:10.1.0.46:42995|dataStream:|priority:0], old=null
2021-08-10 07:53:01,417 [e27b497d-edf5-4527-a9cd-0b54bade3291@group-5CE5490DAFF9-LeaderElection12] INFO  impl.LeaderElection (LeaderElection.java:logAndReturn(89)) - e27b497d-edf5-4527-a9cd-0b54bade3291@group-5CE5490DAFF9-LeaderElection12: ELECTION PASSED received 1 response(s) and 0 exception(s):
2021-08-10 07:53:01,417 [e27b497d-edf5-4527-a9cd-0b54bade3291@group-5CE5490DAFF9-LeaderElection12] INFO  impl.LeaderElection (LeaderElection.java:logAndReturn(93)) -   Response 0: e27b497d-edf5-4527-a9cd-0b54bade3291<-581c0420-ae36-4e78-8d82-33b3ef40d50c#0:OK-t4
2021-08-10 07:53:01,417 [e27b497d-edf5-4527-a9cd-0b54bade3291@group-5CE5490DAFF9-LeaderElection12] INFO  impl.LeaderElection (LeaderElection.java:askForVotes(308)) - e27b497d-edf5-4527-a9cd-0b54bade3291@group-5CE5490DAFF9-LeaderElection12 ELECTION round 0: result PASSED
2021-08-10 07:53:01,417 [e27b497d-edf5-4527-a9cd-0b54bade3291@group-5CE5490DAFF9-LeaderElection12] INFO  impl.RoleInfo (RoleInfo.java:shutdownLeaderElection(121)) - e27b497d-edf5-4527-a9cd-0b54bade3291: shutdown e27b497d-edf5-4527-a9cd-0b54bade3291@group-5CE5490DAFF9-LeaderElection12
2021-08-10 07:53:01,417 [e27b497d-edf5-4527-a9cd-0b54bade3291@group-5CE5490DAFF9-LeaderElection12] INFO  server.RaftServer$Division (RaftServerImpl.java:setRole(285)) - e27b497d-edf5-4527-a9cd-0b54bade3291@group-5CE5490DAFF9: changes role from CANDIDATE to LEADER at term 4 for changeToLeader
2021-08-10 07:53:01,417 [e27b497d-edf5-4527-a9cd-0b54bade3291@group-5CE5490DAFF9-LeaderElection12] INFO  ratis.XceiverServerRatis (XceiverServerRatis.java:handleLeaderChangedNotification(857)) - Leader change notification received for group: group-5CE5490DAFF9 with new leaderId: e27b497d-edf5-4527-a9cd-0b54bade3291
2021-08-10 07:53:01,417 [e27b497d-edf5-4527-a9cd-0b54bade3291@group-5CE5490DAFF9-LeaderElection12] INFO  server.RaftServer$Division (ServerState.java:setLeader(285)) - e27b497d-edf5-4527-a9cd-0b54bade3291@group-5CE5490DAFF9: change Leader from null to e27b497d-edf5-4527-a9cd-0b54bade3291 at term 4 for becomeLeader, leader elected after 20631ms
2021-08-10 07:53:01,417 [e27b497d-edf5-4527-a9cd-0b54bade3291@group-5CE5490DAFF9-LeaderElection12] INFO  server.RaftServerConfigKeys (ConfUtils.java:logGet(44)) - raft.server.staging.catchup.gap = 1000 (default)
2021-08-10 07:53:01,418 [e27b497d-edf5-4527-a9cd-0b54bade3291@group-5CE5490DAFF9-LeaderElection12] INFO  server.RaftServerConfigKeys (ConfUtils.java:logGet(44)) - raft.server.write.element-limit = 1024 (custom)
2021-08-10 07:53:01,418 [Datanode State Machine Thread - 0] WARN  statemachine.StateContext (StateContext.java:execute(621)) - No available thread in pool for past 0 seconds.
2021-08-10 07:53:01,418 [EventQueue-PipelineReportForPipelineReportHandler] INFO  pipeline.PipelineManagerV2Impl (PipelineManagerV2Impl.java:openPipeline(283)) - Pipeline Pipeline[ Id: 28ad549a-28e7-4401-a4ff-5ce5490daff9, Nodes: e27b497d-edf5-4527-a9cd-0b54bade3291{ip: 10.1.0.46, host: fv-az12-876.exdb2aeach2ezidoxz41lk3bwg.cx.internal.cloudapp.net, ports: [REPLICATION=38447, RATIS=38727, RATIS_ADMIN=38727, RATIS_SERVER=38727, STANDALONE=46289], networkLocation: /default-rack, certSerialId: null, persistedOpState: IN_SERVICE, persistedOpStateExpiryEpochSec: 0}581c0420-ae36-4e78-8d82-33b3ef40d50c{ip: 10.1.0.46, host: fv-az12-876.exdb2aeach2ezidoxz41lk3bwg.cx.internal.cloudapp.net, ports: [REPLICATION=36673, RATIS=42363, RATIS_ADMIN=42363, RATIS_SERVER=42363, STANDALONE=46423], networkLocation: /default-rack, certSerialId: null, persistedOpState: IN_SERVICE, persistedOpStateExpiryEpochSec: 0}6aba10dc-a58f-4fc7-8218-673b2e1b730d{ip: 10.1.0.46, host: fv-az12-876.exdb2aeach2ezidoxz41lk3bwg.cx.internal.cloudapp.net, ports: [REPLICATION=39653, RATIS=42995, RATIS_ADMIN=42995, RATIS_SERVER=42995, STANDALONE=34629], networkLocation: /default-rack, certSerialId: null, persistedOpState: IN_SERVICE, persistedOpStateExpiryEpochSec: 0}, ReplicationConfig: RATIS/THREE, State:ALLOCATED, leaderId:e27b497d-edf5-4527-a9cd-0b54bade3291, CreationTimestamp2021-08-10T07:52:38.757Z[Etc/UTC]] moved to OPEN state
2021-08-10 07:53:01,418 [e27b497d-edf5-4527-a9cd-0b54bade3291@group-5CE5490DAFF9-LeaderElection12] INFO  server.RaftServerConfigKeys (ConfUtils.java:logGet(44)) - raft.server.write.byte-limit = 1073741824 (custom)
2021-08-10 07:53:01,421 [e27b497d-edf5-4527-a9cd-0b54bade3291@group-5CE5490DAFF9-LeaderElection12] INFO  server.RaftServerConfigKeys (ConfUtils.java:logGet(44)) - raft.server.watch.timeout = 180s (custom)
2021-08-10 07:53:01,422 [e27b497d-edf5-4527-a9cd-0b54bade3291@group-5CE5490DAFF9-LeaderElection12] INFO  server.RaftServerConfigKeys (ConfUtils.java:logGet(44)) - raft.server.watch.timeout.denomination = 1s (default)
2021-08-10 07:53:01,422 [e27b497d-edf5-4527-a9cd-0b54bade3291@group-5CE5490DAFF9-LeaderElection12] INFO  server.RaftServerConfigKeys (ConfUtils.java:logGet(44)) - raft.server.watch.element-limit = 65536 (default)
2021-08-10 07:53:01,422 [e27b497d-edf5-4527-a9cd-0b54bade3291@group-5CE5490DAFF9-LeaderElection12] INFO  server.RaftServerConfigKeys (ConfUtils.java:logGet(44)) - raft.server.log.appender.snapshot.chunk.size.max = 16MB (=16777216) (default)
2021-08-10 07:53:01,422 [e27b497d-edf5-4527-a9cd-0b54bade3291@group-5CE5490DAFF9-LeaderElection12] INFO  server.RaftServerConfigKeys (ConfUtils.java:logGet(44)) - raft.server.log.appender.buffer.byte-limit = 33554432 (custom)
2021-08-10 07:53:01,422 [e27b497d-edf5-4527-a9cd-0b54bade3291@group-5CE5490DAFF9-LeaderElection12] INFO  server.RaftServerConfigKeys (ConfUtils.java:logGet(44)) - raft.server.log.appender.buffer.element-limit = 1 (custom)
2021-08-10 07:53:01,422 [grpc-default-executor-2] INFO  server.RaftServer$Division (RaftServerImpl.java:requestVote(1043)) - 6aba10dc-a58f-4fc7-8218-673b2e1b730d@group-5CE5490DAFF9: receive requestVote(ELECTION, e27b497d-edf5-4527-a9cd-0b54bade3291, group-5CE5490DAFF9, 4, (t:0, i:0))
2021-08-10 07:53:01,423 [grpc-default-executor-2] INFO  impl.VoteContext (VoteContext.java:log(48)) - 6aba10dc-a58f-4fc7-8218-673b2e1b730d@group-5CE5490DAFF9-FOLLOWER: accept ELECTION from e27b497d-edf5-4527-a9cd-0b54bade3291: our priority 0 <= candidate's priority 1
2021-08-10 07:53:01,423 [grpc-default-executor-2] INFO  server.RaftServer$Division (RaftServerImpl.java:setRole(285)) - 6aba10dc-a58f-4fc7-8218-673b2e1b730d@group-5CE5490DAFF9: changes role from  FOLLOWER to FOLLOWER at term 4 for candidate:e27b497d-edf5-4527-a9cd-0b54bade3291
2021-08-10 07:53:01,423 [grpc-default-executor-2] INFO  impl.RoleInfo (RoleInfo.java:shutdownFollowerState(108)) - 6aba10dc-a58f-4fc7-8218-673b2e1b730d: shutdown 6aba10dc-a58f-4fc7-8218-673b2e1b730d@group-5CE5490DAFF9-FollowerState
2021-08-10 07:53:01,423 [grpc-default-executor-2] INFO  impl.RoleInfo (RoleInfo.java:updateAndGet(130)) - 6aba10dc-a58f-4fc7-8218-673b2e1b730d: start 6aba10dc-a58f-4fc7-8218-673b2e1b730d@group-5CE5490DAFF9-FollowerState
2021-08-10 07:53:01,423 [6aba10dc-a58f-4fc7-8218-673b2e1b730d@group-5CE5490DAFF9-FollowerState] INFO  impl.FollowerState (FollowerState.java:run(143)) - 6aba10dc-a58f-4fc7-8218-673b2e1b730d@group-5CE5490DAFF9-FollowerState was interrupted: {}
java.lang.InterruptedException: sleep interrupted
	at java.lang.Thread.sleep(Native Method)
	at java.lang.Thread.sleep(Thread.java:340)
	at java.util.concurrent.TimeUnit.sleep(TimeUnit.java:386)
	at org.apache.ratis.util.TimeDuration.sleep(TimeDuration.java:324)
	at org.apache.ratis.util.TimeDuration.sleep(TimeDuration.java:309)
	at org.apache.ratis.server.impl.FollowerState.run(FollowerState.java:118)
2021-08-10 07:53:01,422 [e27b497d-edf5-4527-a9cd-0b54bade3291@group-5CE5490DAFF9-LeaderElection12] INFO  grpc.GrpcConfigKeys (ConfUtils.java:logGet(44)) - raft.grpc.server.leader.outstanding.appends.max = 128 (default)
2021-08-10 07:53:01,423 [e27b497d-edf5-4527-a9cd-0b54bade3291@group-5CE5490DAFF9-LeaderElection12] INFO  server.RaftServerConfigKeys (ConfUtils.java:logGet(44)) - raft.server.rpc.request.timeout = 60s (custom)
2021-08-10 07:53:01,423 [e27b497d-edf5-4527-a9cd-0b54bade3291@group-5CE5490DAFF9-LeaderElection12] INFO  server.RaftServerConfigKeys (ConfUtils.java:logGet(44)) - raft.server.log.appender.install.snapshot.enabled = false (custom)
2021-08-10 07:53:01,424 [e27b497d-edf5-4527-a9cd-0b54bade3291@group-5CE5490DAFF9-LeaderElection12] INFO  server.RaftServerConfigKeys (ConfUtils.java:logGet(44)) - raft.server.log.appender.snapshot.chunk.size.max = 16MB (=16777216) (default)
2021-08-10 07:53:01,424 [e27b497d-edf5-4527-a9cd-0b54bade3291@group-5CE5490DAFF9-LeaderElection12] INFO  server.RaftServerConfigKeys (ConfUtils.java:logGet(44)) - raft.server.log.appender.buffer.byte-limit = 33554432 (custom)
2021-08-10 07:53:01,424 [e27b497d-edf5-4527-a9cd-0b54bade3291@group-5CE5490DAFF9-LeaderElection12] INFO  server.RaftServerConfigKeys (ConfUtils.java:logGet(44)) - raft.server.log.appender.buffer.element-limit = 1 (custom)
2021-08-10 07:53:01,432 [grpc-default-executor-2] INFO  server.RaftServer$Division (RaftServerImpl.java:requestVote(1075)) - 6aba10dc-a58f-4fc7-8218-673b2e1b730d@group-5CE5490DAFF9 replies to ELECTION vote request: e27b497d-edf5-4527-a9cd-0b54bade3291<-6aba10dc-a58f-4fc7-8218-673b2e1b730d#0:OK-t4. Peer's state: 6aba10dc-a58f-4fc7-8218-673b2e1b730d@group-5CE5490DAFF9:t4, leader=null, voted=e27b497d-edf5-4527-a9cd-0b54bade3291, raftlog=6aba10dc-a58f-4fc7-8218-673b2e1b730d@group-5CE5490DAFF9-SegmentedRaftLog:OPENED:c-1,f-1,i0, conf=-1: [581c0420-ae36-4e78-8d82-33b3ef40d50c|rpc:10.1.0.46:42363|priority:0, e27b497d-edf5-4527-a9cd-0b54bade3291|rpc:10.1.0.46:38727|priority:1, 6aba10dc-a58f-4fc7-8218-673b2e1b730d|rpc:10.1.0.46:42995|priority:0], old=null
2021-08-10 07:53:01,432 [e27b497d-edf5-4527-a9cd-0b54bade3291@group-5CE5490DAFF9-LeaderElection12] INFO  grpc.GrpcConfigKeys (ConfUtils.java:logGet(44)) - raft.grpc.server.leader.outstanding.appends.max = 128 (default)
2021-08-10 07:53:01,432 [e27b497d-edf5-4527-a9cd-0b54bade3291@group-5CE5490DAFF9-LeaderElection12] INFO  server.RaftServerConfigKeys (ConfUtils.java:logGet(44)) - raft.server.rpc.request.timeout = 60s (custom)
2021-08-10 07:53:01,432 [e27b497d-edf5-4527-a9cd-0b54bade3291@group-5CE5490DAFF9-LeaderElection12] INFO  server.RaftServerConfigKeys (ConfUtils.java:logGet(44)) - raft.server.log.appender.install.snapshot.enabled = false (custom)
2021-08-10 07:53:01,438 [e27b497d-edf5-4527-a9cd-0b54bade3291@group-5CE5490DAFF9-LeaderElection12] INFO  impl.RoleInfo (RoleInfo.java:updateAndGet(130)) - e27b497d-edf5-4527-a9cd-0b54bade3291: start e27b497d-edf5-4527-a9cd-0b54bade3291@group-5CE5490DAFF9-LeaderStateImpl
2021-08-10 07:53:01,438 [e27b497d-edf5-4527-a9cd-0b54bade3291@group-5CE5490DAFF9-LeaderElection12] INFO  segmented.SegmentedRaftLogWorker (SegmentedRaftLogWorker.java:startLogSegment(394)) - e27b497d-edf5-4527-a9cd-0b54bade3291@group-5CE5490DAFF9-SegmentedRaftLogWorker: Starting segment from index:0
2021-08-10 07:53:01,438 [EventQueue-OpenPipelineForHealthyPipelineSafeModeRule] INFO  safemode.SCMSafeModeManager (HealthyPipelineSafeModeRule.java:process(124)) - SCM in safe mode. Healthy pipelines reported count is 1, required healthy pipeline reported count is 1
2021-08-10 07:53:01,453 [grpc-default-executor-0] INFO  ratis.XceiverServerRatis (XceiverServerRatis.java:handleLeaderChangedNotification(857)) - Leader change notification received for group: group-5CE5490DAFF9 with new leaderId: e27b497d-edf5-4527-a9cd-0b54bade3291
2021-08-10 07:53:01,456 [grpc-default-executor-0] INFO  server.RaftServer$Division (ServerState.java:setLeader(285)) - 6aba10dc-a58f-4fc7-8218-673b2e1b730d@group-5CE5490DAFF9: change Leader from null to e27b497d-edf5-4527-a9cd-0b54bade3291 at term 4 for appendEntries, leader elected after 20740ms
2021-08-10 07:53:01,450 [grpc-default-executor-2] INFO  ratis.XceiverServerRatis (XceiverServerRatis.java:handleLeaderChangedNotification(857)) - Leader change notification received for group: group-5CE5490DAFF9 with new leaderId: e27b497d-edf5-4527-a9cd-0b54bade3291
2021-08-10 07:53:01,456 [grpc-default-executor-2] INFO  server.RaftServer$Division (ServerState.java:setLeader(285)) - 581c0420-ae36-4e78-8d82-33b3ef40d50c@group-5CE5490DAFF9: change Leader from null to e27b497d-edf5-4527-a9cd-0b54bade3291 at term 4 for appendEntries, leader elected after 20585ms
2021-08-10 07:53:01,443 [e27b497d-edf5-4527-a9cd-0b54bade3291@group-5CE5490DAFF9-SegmentedRaftLogWorker] INFO  segmented.SegmentedRaftLogWorker (SegmentedRaftLogWorker.java:execute(601)) - e27b497d-edf5-4527-a9cd-0b54bade3291@group-5CE5490DAFF9-SegmentedRaftLogWorker: created new log segment /home/runner/work/ozone/ozone/hadoop-ozone/integration-test/target/test-dir/MiniOzoneClusterImpl-18dd5eeb-2d01-48fa-8c78-b335295f6fb4/datanode-2/data/ratis/28ad549a-28e7-4401-a4ff-5ce5490daff9/current/log_inprogress_0
2021-08-10 07:53:01,456 [e27b497d-edf5-4527-a9cd-0b54bade3291@group-5CE5490DAFF9-LeaderElection12] INFO  server.RaftServer$Division (ServerState.java:setRaftConf(387)) - e27b497d-edf5-4527-a9cd-0b54bade3291@group-5CE5490DAFF9: set configuration 0: [581c0420-ae36-4e78-8d82-33b3ef40d50c|rpc:10.1.0.46:42363|dataStream:|priority:0, e27b497d-edf5-4527-a9cd-0b54bade3291|rpc:10.1.0.46:38727|dataStream:|priority:1, 6aba10dc-a58f-4fc7-8218-673b2e1b730d|rpc:10.1.0.46:42995|dataStream:|priority:0], old=null
2021-08-10 07:53:01,455 [EventQueue-OpenPipelineForHealthyPipelineSafeModeRule] INFO  safemode.SCMSafeModeManager (SCMSafeModeManager.java:validateSafeModeExitRules(204)) - HealthyPipelineSafeModeRule rule is successfully validated
2021-08-10 07:53:01,457 [EventQueue-OpenPipelineForHealthyPipelineSafeModeRule] INFO  safemode.SCMSafeModeManager (SCMSafeModeManager.java:validateSafeModeExitRules(219)) - ScmSafeModeManager, all rules are successfully validated
2021-08-10 07:53:01,457 [EventQueue-OpenPipelineForHealthyPipelineSafeModeRule] INFO  safemode.SCMSafeModeManager (SCMSafeModeManager.java:exitSafeMode(248)) - SCM exiting safe mode.
2021-08-10 07:53:01,457 [EventQueue-OpenPipelineForHealthyPipelineSafeModeRule] WARN  events.EventQueue (EventQueue.java:fireEvent(194)) - No event handler registered for event TypedEvent{payloadType=SafeModeStatus, name='Safe mode status'}
2021-08-10 07:53:01,457 [EventQueue-OpenPipelineForHealthyPipelineSafeModeRule] INFO  ha.SCMContext (SCMContext.java:updateSafeModeStatus(205)) - Update SafeModeStatus from SafeModeStatus{safeModeStatus=true, preCheckPassed=true} to SafeModeStatus{safeModeStatus=false, preCheckPassed=true}.
2021-08-10 07:53:01,457 [EventQueue-OpenPipelineForHealthyPipelineSafeModeRule] INFO  pipeline.BackgroundPipelineCreator (BackgroundPipelineCreatorV2.java:notifyStatusChanged(264)) - Service BackgroundPipelineCreator transitions to RUNNING.
2021-08-10 07:53:01,457 [EventQueue-OpenPipelineForHealthyPipelineSafeModeRule] INFO  container.ReplicationManager (ReplicationManager.java:notifyStatusChanged(1674)) - Service ReplicationManager transitions to RUNNING.
2021-08-10 07:53:01,465 [SCMBlockDeletingService#0] DEBUG block.SCMBlockDeletingService (SCMBlockDeletingService.java:call(133)) - Running DeletedBlockTransactionScanner
2021-08-10 07:53:01,475 [grpc-default-executor-2] INFO  server.RaftServer$Division (ServerState.java:setRaftConf(387)) - 581c0420-ae36-4e78-8d82-33b3ef40d50c@group-5CE5490DAFF9: set configuration 0: [581c0420-ae36-4e78-8d82-33b3ef40d50c|rpc:10.1.0.46:42363|dataStream:|priority:0, e27b497d-edf5-4527-a9cd-0b54bade3291|rpc:10.1.0.46:38727|dataStream:|priority:1, 6aba10dc-a58f-4fc7-8218-673b2e1b730d|rpc:10.1.0.46:42995|dataStream:|priority:0], old=null
2021-08-10 07:53:01,475 [grpc-default-executor-3] INFO  server.RaftServer$Division (ServerState.java:setRaftConf(387)) - 6aba10dc-a58f-4fc7-8218-673b2e1b730d@group-5CE5490DAFF9: set configuration 0: [581c0420-ae36-4e78-8d82-33b3ef40d50c|rpc:10.1.0.46:42363|dataStream:|priority:0, e27b497d-edf5-4527-a9cd-0b54bade3291|rpc:10.1.0.46:38727|dataStream:|priority:1, 6aba10dc-a58f-4fc7-8218-673b2e1b730d|rpc:10.1.0.46:42995|dataStream:|priority:0], old=null
2021-08-10 07:53:01,476 [grpc-default-executor-2] INFO  segmented.SegmentedRaftLogWorker (SegmentedRaftLogWorker.java:startLogSegment(394)) - 581c0420-ae36-4e78-8d82-33b3ef40d50c@group-5CE5490DAFF9-SegmentedRaftLogWorker: Starting segment from index:0
2021-08-10 07:53:01,476 [grpc-default-executor-3] INFO  segmented.SegmentedRaftLogWorker (SegmentedRaftLogWorker.java:startLogSegment(394)) - 6aba10dc-a58f-4fc7-8218-673b2e1b730d@group-5CE5490DAFF9-SegmentedRaftLogWorker: Starting segment from index:0
2021-08-10 07:53:01,477 [581c0420-ae36-4e78-8d82-33b3ef40d50c@group-5CE5490DAFF9-SegmentedRaftLogWorker] INFO  segmented.SegmentedRaftLogWorker (SegmentedRaftLogWorker.java:execute(601)) - 581c0420-ae36-4e78-8d82-33b3ef40d50c@group-5CE5490DAFF9-SegmentedRaftLogWorker: created new log segment /home/runner/work/ozone/ozone/hadoop-ozone/integration-test/target/test-dir/MiniOzoneClusterImpl-18dd5eeb-2d01-48fa-8c78-b335295f6fb4/datanode-1/data/ratis/28ad549a-28e7-4401-a4ff-5ce5490daff9/current/log_inprogress_0
2021-08-10 07:53:01,477 [6aba10dc-a58f-4fc7-8218-673b2e1b730d@group-5CE5490DAFF9-SegmentedRaftLogWorker] INFO  segmented.SegmentedRaftLogWorker (SegmentedRaftLogWorker.java:execute(601)) - 6aba10dc-a58f-4fc7-8218-673b2e1b730d@group-5CE5490DAFF9-SegmentedRaftLogWorker: created new log segment /home/runner/work/ozone/ozone/hadoop-ozone/integration-test/target/test-dir/MiniOzoneClusterImpl-18dd5eeb-2d01-48fa-8c78-b335295f6fb4/datanode-0/data/ratis/28ad549a-28e7-4401-a4ff-5ce5490daff9/current/log_inprogress_0
2021-08-10 07:53:01,565 [SCMBlockDeletingService#0] DEBUG block.SCMBlockDeletingService (SCMBlockDeletingService.java:call(133)) - Running DeletedBlockTransactionScanner
2021-08-10 07:53:01,665 [SCMBlockDeletingService#0] DEBUG block.SCMBlockDeletingService (SCMBlockDeletingService.java:call(133)) - Running DeletedBlockTransactionScanner
2021-08-10 07:53:01,714 [Listener at 127.0.0.1/35799] INFO  ozone.MiniOzoneClusterImpl (MiniOzoneClusterImpl.java:lambda$waitForClusterToBeReady$0(235)) - Nodes are ready. Got 3 of 3 DN Heartbeats.
2021-08-10 07:53:01,714 [Listener at 127.0.0.1/35799] INFO  ozone.MiniOzoneClusterImpl (MiniOzoneClusterImpl.java:lambda$waitForClusterToBeReady$0(238)) - Cluster exits safe mode
2021-08-10 07:53:01,714 [Listener at 127.0.0.1/35799] INFO  ozone.MiniOzoneClusterImpl (MiniOzoneClusterImpl.java:lambda$waitForClusterToBeReady$0(240)) - SCM became leader
2021-08-10 07:53:01,765 [SCMBlockDeletingService#0] DEBUG block.SCMBlockDeletingService (SCMBlockDeletingService.java:call(133)) - Running DeletedBlockTransactionScanner
2021-08-10 07:53:01,865 [SCMBlockDeletingService#0] DEBUG block.SCMBlockDeletingService (SCMBlockDeletingService.java:call(133)) - Running DeletedBlockTransactionScanner
2021-08-10 07:53:01,965 [SCMBlockDeletingService#0] DEBUG block.SCMBlockDeletingService (SCMBlockDeletingService.java:call(133)) - Running DeletedBlockTransactionScanner
2021-08-10 07:53:02,021 [Listener at 127.0.0.1/35799] INFO  rpc.RpcClient (RpcClient.java:createVolume(342)) - Creating Volume: 0b3c5a5c-c70d-4b2b-ac3e-a4ab4a7c9b04, with runner as owner and space quota set to -1 bytes, counts quota set to -1
2021-08-10 07:53:02,029 [OM StateMachine ApplyTransaction Thread - 0] INFO  volume.OMVolumeCreateRequest (OMVolumeCreateRequest.java:validateAndUpdateCache(195)) - created volume:0b3c5a5c-c70d-4b2b-ac3e-a4ab4a7c9b04 for user:runner
2021-08-10 07:53:02,046 [Listener at 127.0.0.1/35799] INFO  rpc.RpcClient (RpcClient.java:createBucket(502)) - Creating Bucket: 0b3c5a5c-c70d-4b2b-ac3e-a4ab4a7c9b04/a7dd7156-c120-4b6c-81fa-f5aed54a3dcc, with Versioning false and Storage Type set to DISK and Encryption set to false 
2021-08-10 07:53:02,071 [IPC Server handler 1 on default port 42259] INFO  ha.SequenceIdGenerator (SequenceIdGenerator.java:getNextId(127)) - Allocate a batch for containerId, change lastId from 0 to 1000.
2021-08-10 07:53:02,072 [IPC Server handler 1 on default port 42259] WARN  ha.SequenceIdGenerator (SequenceIdGenerator.java:allocateBatch(234)) - Failed to allocate a batch for localId, expected lastId is 0, actual lastId is 107544261427200000.
2021-08-10 07:53:02,072 [IPC Server handler 1 on default port 42259] INFO  ha.SequenceIdGenerator (SequenceIdGenerator.java:getNextId(127)) - Allocate a batch for localId, change lastId from 107544261427200000 to 107544261427201000.
2021-08-10 07:53:02,073 [SCMBlockDeletingService#0] DEBUG block.SCMBlockDeletingService (SCMBlockDeletingService.java:call(133)) - Running DeletedBlockTransactionScanner
2021-08-10 07:53:02,173 [SCMBlockDeletingService#0] DEBUG block.SCMBlockDeletingService (SCMBlockDeletingService.java:call(133)) - Running DeletedBlockTransactionScanner
2021-08-10 07:53:02,273 [SCMBlockDeletingService#0] DEBUG block.SCMBlockDeletingService (SCMBlockDeletingService.java:call(133)) - Running DeletedBlockTransactionScanner
2021-08-10 07:53:02,310 [Datanode State Machine Thread - 0] WARN  statemachine.StateContext (StateContext.java:execute(621)) - No available thread in pool for past 0 seconds.
2021-08-10 07:53:02,374 [SCMBlockDeletingService#0] DEBUG block.SCMBlockDeletingService (SCMBlockDeletingService.java:call(133)) - Running DeletedBlockTransactionScanner
2021-08-10 07:53:02,474 [SCMBlockDeletingService#0] DEBUG block.SCMBlockDeletingService (SCMBlockDeletingService.java:call(133)) - Running DeletedBlockTransactionScanner
2021-08-10 07:53:02,574 [SCMBlockDeletingService#0] DEBUG block.SCMBlockDeletingService (SCMBlockDeletingService.java:call(133)) - Running DeletedBlockTransactionScanner
2021-08-10 07:53:02,675 [SCMBlockDeletingService#0] DEBUG block.SCMBlockDeletingService (SCMBlockDeletingService.java:call(133)) - Running DeletedBlockTransactionScanner
2021-08-10 07:53:02,775 [SCMBlockDeletingService#0] DEBUG block.SCMBlockDeletingService (SCMBlockDeletingService.java:call(133)) - Running DeletedBlockTransactionScanner
2021-08-10 07:53:02,875 [SCMBlockDeletingService#0] DEBUG block.SCMBlockDeletingService (SCMBlockDeletingService.java:call(133)) - Running DeletedBlockTransactionScanner
2021-08-10 07:53:02,975 [SCMBlockDeletingService#0] DEBUG block.SCMBlockDeletingService (SCMBlockDeletingService.java:call(133)) - Running DeletedBlockTransactionScanner
2021-08-10 07:53:03,075 [SCMBlockDeletingService#0] DEBUG block.SCMBlockDeletingService (SCMBlockDeletingService.java:call(133)) - Running DeletedBlockTransactionScanner
2021-08-10 07:53:03,175 [SCMBlockDeletingService#0] DEBUG block.SCMBlockDeletingService (SCMBlockDeletingService.java:call(133)) - Running DeletedBlockTransactionScanner
2021-08-10 07:53:03,275 [SCMBlockDeletingService#0] DEBUG block.SCMBlockDeletingService (SCMBlockDeletingService.java:call(133)) - Running DeletedBlockTransactionScanner
2021-08-10 07:53:03,375 [SCMBlockDeletingService#0] DEBUG block.SCMBlockDeletingService (SCMBlockDeletingService.java:call(133)) - Running DeletedBlockTransactionScanner
2021-08-10 07:53:03,476 [SCMBlockDeletingService#0] DEBUG block.SCMBlockDeletingService (SCMBlockDeletingService.java:call(133)) - Running DeletedBlockTransactionScanner
2021-08-10 07:53:03,577 [SCMBlockDeletingService#0] DEBUG block.SCMBlockDeletingService (SCMBlockDeletingService.java:call(133)) - Running DeletedBlockTransactionScanner
2021-08-10 07:53:03,677 [SCMBlockDeletingService#0] DEBUG block.SCMBlockDeletingService (SCMBlockDeletingService.java:call(133)) - Running DeletedBlockTransactionScanner
2021-08-10 07:53:03,777 [SCMBlockDeletingService#0] DEBUG block.SCMBlockDeletingService (SCMBlockDeletingService.java:call(133)) - Running DeletedBlockTransactionScanner
2021-08-10 07:53:03,877 [SCMBlockDeletingService#0] DEBUG block.SCMBlockDeletingService (SCMBlockDeletingService.java:call(133)) - Running DeletedBlockTransactionScanner
2021-08-10 07:53:03,977 [SCMBlockDeletingService#0] DEBUG block.SCMBlockDeletingService (SCMBlockDeletingService.java:call(133)) - Running DeletedBlockTransactionScanner
2021-08-10 07:53:04,077 [SCMBlockDeletingService#0] DEBUG block.SCMBlockDeletingService (SCMBlockDeletingService.java:call(133)) - Running DeletedBlockTransactionScanner
2021-08-10 07:53:04,177 [SCMBlockDeletingService#0] DEBUG block.SCMBlockDeletingService (SCMBlockDeletingService.java:call(133)) - Running DeletedBlockTransactionScanner
2021-08-10 07:53:04,277 [SCMBlockDeletingService#0] DEBUG block.SCMBlockDeletingService (SCMBlockDeletingService.java:call(133)) - Running DeletedBlockTransactionScanner
2021-08-10 07:53:04,377 [SCMBlockDeletingService#0] DEBUG block.SCMBlockDeletingService (SCMBlockDeletingService.java:call(133)) - Running DeletedBlockTransactionScanner
2021-08-10 07:53:04,477 [SCMBlockDeletingService#0] DEBUG block.SCMBlockDeletingService (SCMBlockDeletingService.java:call(133)) - Running DeletedBlockTransactionScanner
2021-08-10 07:53:04,577 [SCMBlockDeletingService#0] DEBUG block.SCMBlockDeletingService (SCMBlockDeletingService.java:call(133)) - Running DeletedBlockTransactionScanner
2021-08-10 07:53:04,678 [SCMBlockDeletingService#0] DEBUG block.SCMBlockDeletingService (SCMBlockDeletingService.java:call(133)) - Running DeletedBlockTransactionScanner
2021-08-10 07:53:04,778 [SCMBlockDeletingService#0] DEBUG block.SCMBlockDeletingService (SCMBlockDeletingService.java:call(133)) - Running DeletedBlockTransactionScanner
2021-08-10 07:53:04,878 [SCMBlockDeletingService#0] DEBUG block.SCMBlockDeletingService (SCMBlockDeletingService.java:call(133)) - Running DeletedBlockTransactionScanner
2021-08-10 07:53:04,978 [SCMBlockDeletingService#0] DEBUG block.SCMBlockDeletingService (SCMBlockDeletingService.java:call(133)) - Running DeletedBlockTransactionScanner
2021-08-10 07:53:05,078 [SCMBlockDeletingService#0] DEBUG block.SCMBlockDeletingService (SCMBlockDeletingService.java:call(133)) - Running DeletedBlockTransactionScanner
2021-08-10 07:53:05,178 [SCMBlockDeletingService#0] DEBUG block.SCMBlockDeletingService (SCMBlockDeletingService.java:call(133)) - Running DeletedBlockTransactionScanner
2021-08-10 07:53:05,278 [SCMBlockDeletingService#0] DEBUG block.SCMBlockDeletingService (SCMBlockDeletingService.java:call(133)) - Running DeletedBlockTransactionScanner
2021-08-10 07:53:05,378 [SCMBlockDeletingService#0] DEBUG block.SCMBlockDeletingService (SCMBlockDeletingService.java:call(133)) - Running DeletedBlockTransactionScanner
2021-08-10 07:53:05,478 [SCMBlockDeletingService#0] DEBUG block.SCMBlockDeletingService (SCMBlockDeletingService.java:call(133)) - Running DeletedBlockTransactionScanner
2021-08-10 07:53:05,578 [SCMBlockDeletingService#0] DEBUG block.SCMBlockDeletingService (SCMBlockDeletingService.java:call(133)) - Running DeletedBlockTransactionScanner
2021-08-10 07:53:05,678 [SCMBlockDeletingService#0] DEBUG block.SCMBlockDeletingService (SCMBlockDeletingService.java:call(133)) - Running DeletedBlockTransactionScanner
2021-08-10 07:53:05,778 [SCMBlockDeletingService#0] DEBUG block.SCMBlockDeletingService (SCMBlockDeletingService.java:call(133)) - Running DeletedBlockTransactionScanner
2021-08-10 07:53:05,878 [SCMBlockDeletingService#0] DEBUG block.SCMBlockDeletingService (SCMBlockDeletingService.java:call(133)) - Running DeletedBlockTransactionScanner
2021-08-10 07:53:05,979 [SCMBlockDeletingService#0] DEBUG block.SCMBlockDeletingService (SCMBlockDeletingService.java:call(133)) - Running DeletedBlockTransactionScanner
2021-08-10 07:53:06,079 [SCMBlockDeletingService#0] DEBUG block.SCMBlockDeletingService (SCMBlockDeletingService.java:call(133)) - Running DeletedBlockTransactionScanner
2021-08-10 07:53:06,179 [SCMBlockDeletingService#0] DEBUG block.SCMBlockDeletingService (SCMBlockDeletingService.java:call(133)) - Running DeletedBlockTransactionScanner
2021-08-10 07:53:06,279 [SCMBlockDeletingService#0] DEBUG block.SCMBlockDeletingService (SCMBlockDeletingService.java:call(133)) - Running DeletedBlockTransactionScanner
2021-08-10 07:53:06,379 [SCMBlockDeletingService#0] DEBUG block.SCMBlockDeletingService (SCMBlockDeletingService.java:call(133)) - Running DeletedBlockTransactionScanner
2021-08-10 07:53:06,479 [SCMBlockDeletingService#0] DEBUG block.SCMBlockDeletingService (SCMBlockDeletingService.java:call(133)) - Running DeletedBlockTransactionScanner
2021-08-10 07:53:06,579 [SCMBlockDeletingService#0] DEBUG block.SCMBlockDeletingService (SCMBlockDeletingService.java:call(133)) - Running DeletedBlockTransactionScanner
2021-08-10 07:53:06,679 [SCMBlockDeletingService#0] DEBUG block.SCMBlockDeletingService (SCMBlockDeletingService.java:call(133)) - Running DeletedBlockTransactionScanner
2021-08-10 07:53:06,779 [SCMBlockDeletingService#0] DEBUG block.SCMBlockDeletingService (SCMBlockDeletingService.java:call(133)) - Running DeletedBlockTransactionScanner
2021-08-10 07:53:06,879 [SCMBlockDeletingService#0] DEBUG block.SCMBlockDeletingService (SCMBlockDeletingService.java:call(133)) - Running DeletedBlockTransactionScanner
2021-08-10 07:53:06,979 [SCMBlockDeletingService#0] DEBUG block.SCMBlockDeletingService (SCMBlockDeletingService.java:call(133)) - Running DeletedBlockTransactionScanner
2021-08-10 07:53:07,079 [SCMBlockDeletingService#0] DEBUG block.SCMBlockDeletingService (SCMBlockDeletingService.java:call(133)) - Running DeletedBlockTransactionScanner
2021-08-10 07:53:07,179 [SCMBlockDeletingService#0] DEBUG block.SCMBlockDeletingService (SCMBlockDeletingService.java:call(133)) - Running DeletedBlockTransactionScanner
2021-08-10 07:53:07,279 [SCMBlockDeletingService#0] DEBUG block.SCMBlockDeletingService (SCMBlockDeletingService.java:call(133)) - Running DeletedBlockTransactionScanner
2021-08-10 07:53:07,380 [SCMBlockDeletingService#0] DEBUG block.SCMBlockDeletingService (SCMBlockDeletingService.java:call(133)) - Running DeletedBlockTransactionScanner
2021-08-10 07:53:07,480 [SCMBlockDeletingService#0] DEBUG block.SCMBlockDeletingService (SCMBlockDeletingService.java:call(133)) - Running DeletedBlockTransactionScanner
2021-08-10 07:53:07,580 [SCMBlockDeletingService#0] DEBUG block.SCMBlockDeletingService (SCMBlockDeletingService.java:call(133)) - Running DeletedBlockTransactionScanner
2021-08-10 07:53:07,680 [SCMBlockDeletingService#0] DEBUG block.SCMBlockDeletingService (SCMBlockDeletingService.java:call(133)) - Running DeletedBlockTransactionScanner
2021-08-10 07:53:07,780 [SCMBlockDeletingService#0] DEBUG block.SCMBlockDeletingService (SCMBlockDeletingService.java:call(133)) - Running DeletedBlockTransactionScanner
2021-08-10 07:53:07,851 [EventQueue-CloseContainerForCloseContainerEventHandler] INFO  container.CloseContainerEventHandler (CloseContainerEventHandler.java:onMessage(69)) - Close container Event triggered for container : #1
2021-08-10 07:53:07,880 [SCMBlockDeletingService#0] DEBUG block.SCMBlockDeletingService (SCMBlockDeletingService.java:call(133)) - Running DeletedBlockTransactionScanner
2021-08-10 07:53:07,980 [SCMBlockDeletingService#0] DEBUG block.SCMBlockDeletingService (SCMBlockDeletingService.java:call(133)) - Running DeletedBlockTransactionScanner
2021-08-10 07:53:08,080 [SCMBlockDeletingService#0] DEBUG block.SCMBlockDeletingService (SCMBlockDeletingService.java:call(133)) - Running DeletedBlockTransactionScanner
2021-08-10 07:53:08,116 [pool-329-thread-7] INFO  keyvalue.KeyValueContainer (KeyValueContainer.java:flushAndSyncDB(397)) - Container 1 is synced with bcsId 10.
2021-08-10 07:53:08,116 [pool-329-thread-7] INFO  keyvalue.KeyValueContainer (KeyValueContainer.java:flushAndSyncDB(397)) - Container 1 is synced with bcsId 10.
2021-08-10 07:53:08,125 [pool-329-thread-7] INFO  keyvalue.KeyValueContainer (KeyValueContainer.java:close(334)) - Container 1 is closed with bcsId 10.
2021-08-10 07:53:08,134 [Datanode State Machine Thread - 0] WARN  statemachine.StateContext (StateContext.java:execute(621)) - No available thread in pool for past 0 seconds.
2021-08-10 07:53:08,134 [EventQueue-IncrementalContainerReportForIncrementalContainerReportHandler] INFO  container.IncrementalContainerReportHandler (AbstractContainerReportHandler.java:updateContainerState(223)) - Moving container #1 to CLOSED state, datanode e27b497d-edf5-4527-a9cd-0b54bade3291{ip: 10.1.0.46, host: fv-az12-876.exdb2aeach2ezidoxz41lk3bwg.cx.internal.cloudapp.net, ports: [REPLICATION=38447, RATIS=38727, RATIS_ADMIN=38727, RATIS_SERVER=38727, STANDALONE=46289], networkLocation: /default-rack, certSerialId: null, persistedOpState: IN_SERVICE, persistedOpStateExpiryEpochSec: 0} reported CLOSED replica.
2021-08-10 07:53:08,139 [pool-328-thread-7] INFO  keyvalue.KeyValueContainer (KeyValueContainer.java:flushAndSyncDB(397)) - Container 1 is synced with bcsId 10.
2021-08-10 07:53:08,139 [pool-328-thread-7] INFO  keyvalue.KeyValueContainer (KeyValueContainer.java:flushAndSyncDB(397)) - Container 1 is synced with bcsId 10.
2021-08-10 07:53:08,146 [pool-328-thread-7] INFO  keyvalue.KeyValueContainer (KeyValueContainer.java:close(334)) - Container 1 is closed with bcsId 10.
2021-08-10 07:53:08,146 [Datanode State Machine Thread - 0] WARN  statemachine.StateContext (StateContext.java:execute(621)) - No available thread in pool for past 0 seconds.
2021-08-10 07:53:08,156 [Datanode State Machine Thread - 0] WARN  statemachine.StateContext (StateContext.java:execute(621)) - No available thread in pool for past 0 seconds.
2021-08-10 07:53:08,156 [pool-330-thread-7] INFO  keyvalue.KeyValueContainer (KeyValueContainer.java:flushAndSyncDB(397)) - Container 1 is synced with bcsId 10.
2021-08-10 07:53:08,156 [pool-330-thread-7] INFO  keyvalue.KeyValueContainer (KeyValueContainer.java:flushAndSyncDB(397)) - Container 1 is synced with bcsId 10.
2021-08-10 07:53:08,166 [pool-330-thread-7] INFO  keyvalue.KeyValueContainer (KeyValueContainer.java:close(334)) - Container 1 is closed with bcsId 10.
2021-08-10 07:53:08,166 [Datanode State Machine Thread - 0] WARN  statemachine.StateContext (StateContext.java:execute(621)) - No available thread in pool for past 0 seconds.
2021-08-10 07:53:08,180 [SCMBlockDeletingService#0] DEBUG block.SCMBlockDeletingService (SCMBlockDeletingService.java:call(133)) - Running DeletedBlockTransactionScanner
2021-08-10 07:53:08,280 [SCMBlockDeletingService#0] DEBUG block.SCMBlockDeletingService (SCMBlockDeletingService.java:call(133)) - Running DeletedBlockTransactionScanner
2021-08-10 07:53:08,380 [SCMBlockDeletingService#0] DEBUG block.SCMBlockDeletingService (SCMBlockDeletingService.java:call(133)) - Running DeletedBlockTransactionScanner
2021-08-10 07:53:08,480 [SCMBlockDeletingService#0] DEBUG block.SCMBlockDeletingService (SCMBlockDeletingService.java:call(133)) - Running DeletedBlockTransactionScanner
2021-08-10 07:53:08,581 [SCMBlockDeletingService#0] DEBUG block.SCMBlockDeletingService (SCMBlockDeletingService.java:call(133)) - Running DeletedBlockTransactionScanner
2021-08-10 07:53:08,681 [SCMBlockDeletingService#0] DEBUG block.SCMBlockDeletingService (SCMBlockDeletingService.java:call(133)) - Running DeletedBlockTransactionScanner
2021-08-10 07:53:08,781 [SCMBlockDeletingService#0] DEBUG block.SCMBlockDeletingService (SCMBlockDeletingService.java:call(133)) - Running DeletedBlockTransactionScanner
2021-08-10 07:53:08,881 [SCMBlockDeletingService#0] DEBUG block.SCMBlockDeletingService (SCMBlockDeletingService.java:call(133)) - Running DeletedBlockTransactionScanner
2021-08-10 07:53:08,981 [SCMBlockDeletingService#0] DEBUG block.SCMBlockDeletingService (SCMBlockDeletingService.java:call(133)) - Running DeletedBlockTransactionScanner
2021-08-10 07:53:09,081 [SCMBlockDeletingService#0] DEBUG block.SCMBlockDeletingService (SCMBlockDeletingService.java:call(133)) - Running DeletedBlockTransactionScanner
2021-08-10 07:53:09,181 [SCMBlockDeletingService#0] DEBUG block.SCMBlockDeletingService (SCMBlockDeletingService.java:call(133)) - Running DeletedBlockTransactionScanner
2021-08-10 07:53:09,281 [SCMBlockDeletingService#0] DEBUG block.SCMBlockDeletingService (SCMBlockDeletingService.java:call(133)) - Running DeletedBlockTransactionScanner
2021-08-10 07:53:09,381 [SCMBlockDeletingService#0] DEBUG block.SCMBlockDeletingService (SCMBlockDeletingService.java:call(133)) - Running DeletedBlockTransactionScanner
2021-08-10 07:53:09,481 [SCMBlockDeletingService#0] DEBUG block.SCMBlockDeletingService (SCMBlockDeletingService.java:call(133)) - Running DeletedBlockTransactionScanner
2021-08-10 07:53:09,581 [SCMBlockDeletingService#0] DEBUG block.SCMBlockDeletingService (SCMBlockDeletingService.java:call(133)) - Running DeletedBlockTransactionScanner
2021-08-10 07:53:09,681 [SCMBlockDeletingService#0] DEBUG block.SCMBlockDeletingService (SCMBlockDeletingService.java:call(133)) - Running DeletedBlockTransactionScanner
2021-08-10 07:53:09,781 [SCMBlockDeletingService#0] DEBUG block.SCMBlockDeletingService (SCMBlockDeletingService.java:call(133)) - Running DeletedBlockTransactionScanner
2021-08-10 07:53:09,881 [SCMBlockDeletingService#0] DEBUG block.SCMBlockDeletingService (SCMBlockDeletingService.java:call(133)) - Running DeletedBlockTransactionScanner
2021-08-10 07:53:09,894 [IPC Server handler 1 on default port 42259] INFO  ha.SequenceIdGenerator (SequenceIdGenerator.java:getNextId(127)) - Allocate a batch for delTxnId, change lastId from 0 to 1000.
2021-08-10 07:53:09,982 [SCMBlockDeletingService#0] DEBUG block.SCMBlockDeletingService (SCMBlockDeletingService.java:call(133)) - Running DeletedBlockTransactionScanner
2021-08-10 07:53:09,982 [SCMBlockDeletingService#0] DEBUG block.SCMBlockDeletingService (DatanodeDeletedBlockTransactions.java:addTransactionToDN(50)) - Transaction added: 6aba10dc-a58f-4fc7-8218-673b2e1b730d <- TX(1)
2021-08-10 07:53:09,982 [SCMBlockDeletingService#0] DEBUG block.SCMBlockDeletingService (DatanodeDeletedBlockTransactions.java:addTransactionToDN(50)) - Transaction added: e27b497d-edf5-4527-a9cd-0b54bade3291 <- TX(1)
2021-08-10 07:53:09,982 [SCMBlockDeletingService#0] DEBUG block.SCMBlockDeletingService (DatanodeDeletedBlockTransactions.java:addTransactionToDN(50)) - Transaction added: 581c0420-ae36-4e78-8d82-33b3ef40d50c <- TX(1)
2021-08-10 07:53:09,982 [SCMBlockDeletingService#0] DEBUG block.SCMBlockDeletingService (SCMBlockDeletingService.java:call(164)) - Added delete block command for datanode e27b497d-edf5-4527-a9cd-0b54bade3291 in the queue, number of delete block transactions: 1
2021-08-10 07:53:09,982 [SCMBlockDeletingService#0] DEBUG block.SCMBlockDeletingService (SCMBlockDeletingService.java:call(164)) - Added delete block command for datanode 6aba10dc-a58f-4fc7-8218-673b2e1b730d in the queue, number of delete block transactions: 1
2021-08-10 07:53:09,982 [SCMBlockDeletingService#0] DEBUG block.SCMBlockDeletingService (SCMBlockDeletingService.java:call(164)) - Added delete block command for datanode 581c0420-ae36-4e78-8d82-33b3ef40d50c in the queue, number of delete block transactions: 1
2021-08-10 07:53:09,982 [SCMBlockDeletingService#0] INFO  block.SCMBlockDeletingService (SCMBlockDeletingService.java:call(174)) - Totally added 3 blocks to be deleted for 3 datanodes, task elapsed time: 1ms
2021-08-10 07:53:10,082 [SCMBlockDeletingService#0] DEBUG block.SCMBlockDeletingService (SCMBlockDeletingService.java:call(133)) - Running DeletedBlockTransactionScanner
2021-08-10 07:53:10,082 [SCMBlockDeletingService#0] DEBUG block.SCMBlockDeletingService (DatanodeDeletedBlockTransactions.java:addTransactionToDN(50)) - Transaction added: 6aba10dc-a58f-4fc7-8218-673b2e1b730d <- TX(1)
2021-08-10 07:53:10,082 [SCMBlockDeletingService#0] DEBUG block.SCMBlockDeletingService (DatanodeDeletedBlockTransactions.java:addTransactionToDN(50)) - Transaction added: e27b497d-edf5-4527-a9cd-0b54bade3291 <- TX(1)
2021-08-10 07:53:10,082 [SCMBlockDeletingService#0] DEBUG block.SCMBlockDeletingService (DatanodeDeletedBlockTransactions.java:addTransactionToDN(50)) - Transaction added: 581c0420-ae36-4e78-8d82-33b3ef40d50c <- TX(1)
2021-08-10 07:53:10,082 [SCMBlockDeletingService#0] DEBUG block.SCMBlockDeletingService (SCMBlockDeletingService.java:call(164)) - Added delete block command for datanode e27b497d-edf5-4527-a9cd-0b54bade3291 in the queue, number of delete block transactions: 1
2021-08-10 07:53:10,082 [SCMBlockDeletingService#0] DEBUG block.SCMBlockDeletingService (SCMBlockDeletingService.java:call(164)) - Added delete block command for datanode 6aba10dc-a58f-4fc7-8218-673b2e1b730d in the queue, number of delete block transactions: 1
2021-08-10 07:53:10,082 [SCMBlockDeletingService#0] DEBUG block.SCMBlockDeletingService (SCMBlockDeletingService.java:call(164)) - Added delete block command for datanode 581c0420-ae36-4e78-8d82-33b3ef40d50c in the queue, number of delete block transactions: 1
2021-08-10 07:53:10,082 [SCMBlockDeletingService#0] INFO  block.SCMBlockDeletingService (SCMBlockDeletingService.java:call(174)) - Totally added 3 blocks to be deleted for 3 datanodes, task elapsed time: 1ms
2021-08-10 07:53:10,182 [SCMBlockDeletingService#0] DEBUG block.SCMBlockDeletingService (SCMBlockDeletingService.java:call(133)) - Running DeletedBlockTransactionScanner
2021-08-10 07:53:10,182 [SCMBlockDeletingService#0] DEBUG block.SCMBlockDeletingService (DatanodeDeletedBlockTransactions.java:addTransactionToDN(50)) - Transaction added: 6aba10dc-a58f-4fc7-8218-673b2e1b730d <- TX(1)
2021-08-10 07:53:10,182 [SCMBlockDeletingService#0] DEBUG block.SCMBlockDeletingService (DatanodeDeletedBlockTransactions.java:addTransactionToDN(50)) - Transaction added: e27b497d-edf5-4527-a9cd-0b54bade3291 <- TX(1)
2021-08-10 07:53:10,182 [SCMBlockDeletingService#0] DEBUG block.SCMBlockDeletingService (DatanodeDeletedBlockTransactions.java:addTransactionToDN(50)) - Transaction added: 581c0420-ae36-4e78-8d82-33b3ef40d50c <- TX(1)
2021-08-10 07:53:10,182 [SCMBlockDeletingService#0] DEBUG block.SCMBlockDeletingService (SCMBlockDeletingService.java:call(164)) - Added delete block command for datanode e27b497d-edf5-4527-a9cd-0b54bade3291 in the queue, number of delete block transactions: 1
2021-08-10 07:53:10,182 [SCMBlockDeletingService#0] DEBUG block.SCMBlockDeletingService (SCMBlockDeletingService.java:call(164)) - Added delete block command for datanode 6aba10dc-a58f-4fc7-8218-673b2e1b730d in the queue, number of delete block transactions: 1
2021-08-10 07:53:10,182 [SCMBlockDeletingService#0] DEBUG block.SCMBlockDeletingService (SCMBlockDeletingService.java:call(164)) - Added delete block command for datanode 581c0420-ae36-4e78-8d82-33b3ef40d50c in the queue, number of delete block transactions: 1
2021-08-10 07:53:10,182 [SCMBlockDeletingService#0] INFO  block.SCMBlockDeletingService (SCMBlockDeletingService.java:call(174)) - Totally added 3 blocks to be deleted for 3 datanodes, task elapsed time: 0ms
2021-08-10 07:53:10,282 [SCMBlockDeletingService#0] DEBUG block.SCMBlockDeletingService (SCMBlockDeletingService.java:call(133)) - Running DeletedBlockTransactionScanner
2021-08-10 07:53:10,282 [SCMBlockDeletingService#0] DEBUG block.SCMBlockDeletingService (DatanodeDeletedBlockTransactions.java:addTransactionToDN(50)) - Transaction added: 6aba10dc-a58f-4fc7-8218-673b2e1b730d <- TX(1)
2021-08-10 07:53:10,282 [SCMBlockDeletingService#0] DEBUG block.SCMBlockDeletingService (DatanodeDeletedBlockTransactions.java:addTransactionToDN(50)) - Transaction added: e27b497d-edf5-4527-a9cd-0b54bade3291 <- TX(1)
2021-08-10 07:53:10,282 [SCMBlockDeletingService#0] DEBUG block.SCMBlockDeletingService (DatanodeDeletedBlockTransactions.java:addTransactionToDN(50)) - Transaction added: 581c0420-ae36-4e78-8d82-33b3ef40d50c <- TX(1)
2021-08-10 07:53:10,282 [SCMBlockDeletingService#0] DEBUG block.SCMBlockDeletingService (SCMBlockDeletingService.java:call(164)) - Added delete block command for datanode e27b497d-edf5-4527-a9cd-0b54bade3291 in the queue, number of delete block transactions: 1
2021-08-10 07:53:10,282 [SCMBlockDeletingService#0] DEBUG block.SCMBlockDeletingService (SCMBlockDeletingService.java:call(164)) - Added delete block command for datanode 6aba10dc-a58f-4fc7-8218-673b2e1b730d in the queue, number of delete block transactions: 1
2021-08-10 07:53:10,282 [SCMBlockDeletingService#0] DEBUG block.SCMBlockDeletingService (SCMBlockDeletingService.java:call(164)) - Added delete block command for datanode 581c0420-ae36-4e78-8d82-33b3ef40d50c in the queue, number of delete block transactions: 1
2021-08-10 07:53:10,282 [SCMBlockDeletingService#0] INFO  block.SCMBlockDeletingService (SCMBlockDeletingService.java:call(174)) - Totally added 3 blocks to be deleted for 3 datanodes, task elapsed time: 0ms
2021-08-10 07:53:10,382 [SCMBlockDeletingService#0] DEBUG block.SCMBlockDeletingService (SCMBlockDeletingService.java:call(133)) - Running DeletedBlockTransactionScanner
2021-08-10 07:53:10,382 [SCMBlockDeletingService#0] DEBUG block.SCMBlockDeletingService (DatanodeDeletedBlockTransactions.java:addTransactionToDN(50)) - Transaction added: 6aba10dc-a58f-4fc7-8218-673b2e1b730d <- TX(1)
2021-08-10 07:53:10,382 [SCMBlockDeletingService#0] DEBUG block.SCMBlockDeletingService (DatanodeDeletedBlockTransactions.java:addTransactionToDN(50)) - Transaction added: e27b497d-edf5-4527-a9cd-0b54bade3291 <- TX(1)
2021-08-10 07:53:10,382 [SCMBlockDeletingService#0] DEBUG block.SCMBlockDeletingService (DatanodeDeletedBlockTransactions.java:addTransactionToDN(50)) - Transaction added: 581c0420-ae36-4e78-8d82-33b3ef40d50c <- TX(1)
2021-08-10 07:53:10,382 [SCMBlockDeletingService#0] DEBUG block.SCMBlockDeletingService (SCMBlockDeletingService.java:call(164)) - Added delete block command for datanode e27b497d-edf5-4527-a9cd-0b54bade3291 in the queue, number of delete block transactions: 1
2021-08-10 07:53:10,382 [SCMBlockDeletingService#0] DEBUG block.SCMBlockDeletingService (SCMBlockDeletingService.java:call(164)) - Added delete block command for datanode 6aba10dc-a58f-4fc7-8218-673b2e1b730d in the queue, number of delete block transactions: 1
2021-08-10 07:53:10,382 [SCMBlockDeletingService#0] DEBUG block.SCMBlockDeletingService (SCMBlockDeletingService.java:call(164)) - Added delete block command for datanode 581c0420-ae36-4e78-8d82-33b3ef40d50c in the queue, number of delete block transactions: 1
2021-08-10 07:53:10,382 [SCMBlockDeletingService#0] INFO  block.SCMBlockDeletingService (SCMBlockDeletingService.java:call(174)) - Totally added 3 blocks to be deleted for 3 datanodes, task elapsed time: 0ms
2021-08-10 07:53:10,482 [SCMBlockDeletingService#0] DEBUG block.SCMBlockDeletingService (SCMBlockDeletingService.java:call(133)) - Running DeletedBlockTransactionScanner
2021-08-10 07:53:10,482 [SCMBlockDeletingService#0] DEBUG block.SCMBlockDeletingService (DatanodeDeletedBlockTransactions.java:addTransactionToDN(50)) - Transaction added: 6aba10dc-a58f-4fc7-8218-673b2e1b730d <- TX(1)
2021-08-10 07:53:10,482 [SCMBlockDeletingService#0] DEBUG block.SCMBlockDeletingService (DatanodeDeletedBlockTransactions.java:addTransactionToDN(50)) - Transaction added: e27b497d-edf5-4527-a9cd-0b54bade3291 <- TX(1)
2021-08-10 07:53:10,482 [SCMBlockDeletingService#0] DEBUG block.SCMBlockDeletingService (DatanodeDeletedBlockTransactions.java:addTransactionToDN(50)) - Transaction added: 581c0420-ae36-4e78-8d82-33b3ef40d50c <- TX(1)
2021-08-10 07:53:10,482 [SCMBlockDeletingService#0] DEBUG block.SCMBlockDeletingService (SCMBlockDeletingService.java:call(164)) - Added delete block command for datanode e27b497d-edf5-4527-a9cd-0b54bade3291 in the queue, number of delete block transactions: 1
2021-08-10 07:53:10,482 [SCMBlockDeletingService#0] DEBUG block.SCMBlockDeletingService (SCMBlockDeletingService.java:call(164)) - Added delete block command for datanode 6aba10dc-a58f-4fc7-8218-673b2e1b730d in the queue, number of delete block transactions: 1
2021-08-10 07:53:10,482 [SCMBlockDeletingService#0] DEBUG block.SCMBlockDeletingService (SCMBlockDeletingService.java:call(164)) - Added delete block command for datanode 581c0420-ae36-4e78-8d82-33b3ef40d50c in the queue, number of delete block transactions: 1
2021-08-10 07:53:10,482 [SCMBlockDeletingService#0] INFO  block.SCMBlockDeletingService (SCMBlockDeletingService.java:call(174)) - Totally added 3 blocks to be deleted for 3 datanodes, task elapsed time: 0ms
2021-08-10 07:53:10,569 [org.apache.hadoop.ozone.container.common.statemachine.commandhandler.DeleteBlocksCommandHandler$DeleteCmdWorker@5350f279] INFO  commandhandler.DeleteBlocksCommandHandler (DeleteBlocksCommandHandler.java:processCmd(261)) - Start to delete container blocks, TXIDs=[1(0)], numOfContainers=1, numOfBlocks=1
2021-08-10 07:53:10,570 [org.apache.hadoop.ozone.container.common.statemachine.commandhandler.DeleteBlocksCommandHandler$DeleteCmdWorker@5350f279] INFO  commandhandler.DeleteBlocksCommandHandler (DeleteBlocksCommandHandler.java:processCmd(261)) - Start to delete container blocks, TXIDs=[1(0)], numOfContainers=1, numOfBlocks=1
2021-08-10 07:53:10,571 [BlockDeletingService#2] INFO  background.BlockDeletingService (BlockDeletingService.java:getTasks(158)) - Plan to choose 5000 blocks for block deletion, actually deleting 1 blocks.
2021-08-10 07:53:10,572 [BlockDeletingService#2] INFO  impl.FilePerBlockStrategy (FilePerBlockStrategy.java:deleteChunk(227)) - Deleted block file: /home/runner/work/ozone/ozone/hadoop-ozone/integration-test/target/test-dir/MiniOzoneClusterImpl-18dd5eeb-2d01-48fa-8c78-b335295f6fb4/datanode-2/data-0/containers/hdds/18dd5eeb-2d01-48fa-8c78-b335295f6fb4/current/containerDir0/1/chunks/107544261427200001.block
2021-08-10 07:53:10,572 [BlockDeletingService#2] INFO  background.BlockDeletingService (BlockDeletingService.java:deleteViaSchema2(447)) - Container: 1, deleted blocks: 1, task elapsed time: 1ms
2021-08-10 07:53:10,582 [SCMBlockDeletingService#0] DEBUG block.SCMBlockDeletingService (SCMBlockDeletingService.java:call(133)) - Running DeletedBlockTransactionScanner
2021-08-10 07:53:10,582 [SCMBlockDeletingService#0] DEBUG block.SCMBlockDeletingService (DatanodeDeletedBlockTransactions.java:addTransactionToDN(50)) - Transaction added: 6aba10dc-a58f-4fc7-8218-673b2e1b730d <- TX(1)
2021-08-10 07:53:10,582 [SCMBlockDeletingService#0] DEBUG block.SCMBlockDeletingService (DatanodeDeletedBlockTransactions.java:addTransactionToDN(50)) - Transaction added: e27b497d-edf5-4527-a9cd-0b54bade3291 <- TX(1)
2021-08-10 07:53:10,582 [SCMBlockDeletingService#0] DEBUG block.SCMBlockDeletingService (DatanodeDeletedBlockTransactions.java:addTransactionToDN(50)) - Transaction added: 581c0420-ae36-4e78-8d82-33b3ef40d50c <- TX(1)
2021-08-10 07:53:10,582 [SCMBlockDeletingService#0] DEBUG block.SCMBlockDeletingService (SCMBlockDeletingService.java:call(164)) - Added delete block command for datanode e27b497d-edf5-4527-a9cd-0b54bade3291 in the queue, number of delete block transactions: 1
2021-08-10 07:53:10,582 [SCMBlockDeletingService#0] DEBUG block.SCMBlockDeletingService (SCMBlockDeletingService.java:call(164)) - Added delete block command for datanode 6aba10dc-a58f-4fc7-8218-673b2e1b730d in the queue, number of delete block transactions: 1
2021-08-10 07:53:10,582 [SCMBlockDeletingService#0] DEBUG block.SCMBlockDeletingService (SCMBlockDeletingService.java:call(164)) - Added delete block command for datanode 581c0420-ae36-4e78-8d82-33b3ef40d50c in the queue, number of delete block transactions: 1
2021-08-10 07:53:10,582 [SCMBlockDeletingService#0] INFO  block.SCMBlockDeletingService (SCMBlockDeletingService.java:call(174)) - Totally added 3 blocks to be deleted for 3 datanodes, task elapsed time: 0ms
2021-08-10 07:53:10,682 [SCMBlockDeletingService#0] DEBUG block.SCMBlockDeletingService (SCMBlockDeletingService.java:call(133)) - Running DeletedBlockTransactionScanner
2021-08-10 07:53:10,682 [SCMBlockDeletingService#0] DEBUG block.SCMBlockDeletingService (DatanodeDeletedBlockTransactions.java:addTransactionToDN(50)) - Transaction added: 6aba10dc-a58f-4fc7-8218-673b2e1b730d <- TX(1)
2021-08-10 07:53:10,682 [SCMBlockDeletingService#0] DEBUG block.SCMBlockDeletingService (DatanodeDeletedBlockTransactions.java:addTransactionToDN(50)) - Transaction added: e27b497d-edf5-4527-a9cd-0b54bade3291 <- TX(1)
2021-08-10 07:53:10,682 [SCMBlockDeletingService#0] DEBUG block.SCMBlockDeletingService (DatanodeDeletedBlockTransactions.java:addTransactionToDN(50)) - Transaction added: 581c0420-ae36-4e78-8d82-33b3ef40d50c <- TX(1)
2021-08-10 07:53:10,683 [SCMBlockDeletingService#0] DEBUG block.SCMBlockDeletingService (SCMBlockDeletingService.java:call(164)) - Added delete block command for datanode e27b497d-edf5-4527-a9cd-0b54bade3291 in the queue, number of delete block transactions: 1
2021-08-10 07:53:10,683 [SCMBlockDeletingService#0] DEBUG block.SCMBlockDeletingService (SCMBlockDeletingService.java:call(164)) - Added delete block command for datanode 6aba10dc-a58f-4fc7-8218-673b2e1b730d in the queue, number of delete block transactions: 1
2021-08-10 07:53:10,683 [SCMBlockDeletingService#0] DEBUG block.SCMBlockDeletingService (SCMBlockDeletingService.java:call(164)) - Added delete block command for datanode 581c0420-ae36-4e78-8d82-33b3ef40d50c in the queue, number of delete block transactions: 1
2021-08-10 07:53:10,683 [SCMBlockDeletingService#0] INFO  block.SCMBlockDeletingService (SCMBlockDeletingService.java:call(174)) - Totally added 3 blocks to be deleted for 3 datanodes, task elapsed time: 1ms
2021-08-10 07:53:10,751 [EventQueue-DeleteBlockStatusForDeletedBlockLogImpl] DEBUG block.DeletedBlockLogImpl (DeletedBlockLogImpl.java:isTransactionFailed(278)) - Got block deletion ACK from datanode, TXIDs=1, success=true
2021-08-10 07:53:10,751 [EventQueue-DeleteBlockStatusForDeletedBlockLogImpl] DEBUG block.DeletedBlockLogImpl (DeletedBlockLogImpl.java:commitTransactions(256)) - Datanode txId=1 containerId=#1 committed by dnId=e27b497d-edf5-4527-a9cd-0b54bade3291
2021-08-10 07:53:10,751 [EventQueue-DeleteBlockStatusForDeletedBlockLogImpl] DEBUG block.DeletedBlockLogImpl (DeletedBlockLogImpl.java:isTransactionFailed(278)) - Got block deletion ACK from datanode, TXIDs=1, success=true
2021-08-10 07:53:10,751 [EventQueue-DeleteBlockStatusForDeletedBlockLogImpl] DEBUG block.DeletedBlockLogImpl (DeletedBlockLogImpl.java:commitTransactions(256)) - Datanode txId=1 containerId=#1 committed by dnId=e27b497d-edf5-4527-a9cd-0b54bade3291
2021-08-10 07:53:10,782 [SCMBlockDeletingService#0] DEBUG block.SCMBlockDeletingService (SCMBlockDeletingService.java:call(133)) - Running DeletedBlockTransactionScanner
2021-08-10 07:53:10,782 [SCMBlockDeletingService#0] DEBUG block.SCMBlockDeletingService (DatanodeDeletedBlockTransactions.java:addTransactionToDN(50)) - Transaction added: 6aba10dc-a58f-4fc7-8218-673b2e1b730d <- TX(1)
2021-08-10 07:53:10,782 [SCMBlockDeletingService#0] DEBUG block.SCMBlockDeletingService (DatanodeDeletedBlockTransactions.java:addTransactionToDN(50)) - Transaction added: 581c0420-ae36-4e78-8d82-33b3ef40d50c <- TX(1)
2021-08-10 07:53:10,782 [SCMBlockDeletingService#0] DEBUG block.SCMBlockDeletingService (SCMBlockDeletingService.java:call(164)) - Added delete block command for datanode 6aba10dc-a58f-4fc7-8218-673b2e1b730d in the queue, number of delete block transactions: 1
2021-08-10 07:53:10,782 [SCMBlockDeletingService#0] DEBUG block.SCMBlockDeletingService (SCMBlockDeletingService.java:call(164)) - Added delete block command for datanode 581c0420-ae36-4e78-8d82-33b3ef40d50c in the queue, number of delete block transactions: 1
2021-08-10 07:53:10,783 [SCMBlockDeletingService#0] INFO  block.SCMBlockDeletingService (SCMBlockDeletingService.java:call(174)) - Totally added 2 blocks to be deleted for 2 datanodes, task elapsed time: 0ms
2021-08-10 07:53:10,882 [SCMBlockDeletingService#0] DEBUG block.SCMBlockDeletingService (SCMBlockDeletingService.java:call(133)) - Running DeletedBlockTransactionScanner
2021-08-10 07:53:10,882 [SCMBlockDeletingService#0] DEBUG block.SCMBlockDeletingService (DatanodeDeletedBlockTransactions.java:addTransactionToDN(50)) - Transaction added: 6aba10dc-a58f-4fc7-8218-673b2e1b730d <- TX(1)
2021-08-10 07:53:10,882 [SCMBlockDeletingService#0] DEBUG block.SCMBlockDeletingService (DatanodeDeletedBlockTransactions.java:addTransactionToDN(50)) - Transaction added: 581c0420-ae36-4e78-8d82-33b3ef40d50c <- TX(1)
2021-08-10 07:53:10,883 [SCMBlockDeletingService#0] DEBUG block.SCMBlockDeletingService (SCMBlockDeletingService.java:call(164)) - Added delete block command for datanode 6aba10dc-a58f-4fc7-8218-673b2e1b730d in the queue, number of delete block transactions: 1
2021-08-10 07:53:10,883 [SCMBlockDeletingService#0] DEBUG block.SCMBlockDeletingService (SCMBlockDeletingService.java:call(164)) - Added delete block command for datanode 581c0420-ae36-4e78-8d82-33b3ef40d50c in the queue, number of delete block transactions: 1
2021-08-10 07:53:10,883 [SCMBlockDeletingService#0] INFO  block.SCMBlockDeletingService (SCMBlockDeletingService.java:call(174)) - Totally added 2 blocks to be deleted for 2 datanodes, task elapsed time: 1ms
2021-08-10 07:53:10,982 [SCMBlockDeletingService#0] DEBUG block.SCMBlockDeletingService (SCMBlockDeletingService.java:call(133)) - Running DeletedBlockTransactionScanner
2021-08-10 07:53:10,983 [SCMBlockDeletingService#0] DEBUG block.SCMBlockDeletingService (DatanodeDeletedBlockTransactions.java:addTransactionToDN(50)) - Transaction added: 6aba10dc-a58f-4fc7-8218-673b2e1b730d <- TX(1)
2021-08-10 07:53:10,983 [SCMBlockDeletingService#0] DEBUG block.SCMBlockDeletingService (DatanodeDeletedBlockTransactions.java:addTransactionToDN(50)) - Transaction added: 581c0420-ae36-4e78-8d82-33b3ef40d50c <- TX(1)
2021-08-10 07:53:10,983 [SCMBlockDeletingService#0] DEBUG block.SCMBlockDeletingService (SCMBlockDeletingService.java:call(164)) - Added delete block command for datanode 6aba10dc-a58f-4fc7-8218-673b2e1b730d in the queue, number of delete block transactions: 1
2021-08-10 07:53:10,983 [SCMBlockDeletingService#0] DEBUG block.SCMBlockDeletingService (SCMBlockDeletingService.java:call(164)) - Added delete block command for datanode 581c0420-ae36-4e78-8d82-33b3ef40d50c in the queue, number of delete block transactions: 1
2021-08-10 07:53:10,983 [SCMBlockDeletingService#0] INFO  block.SCMBlockDeletingService (SCMBlockDeletingService.java:call(174)) - Totally added 2 blocks to be deleted for 2 datanodes, task elapsed time: 1ms
2021-08-10 07:53:11,082 [SCMBlockDeletingService#0] DEBUG block.SCMBlockDeletingService (SCMBlockDeletingService.java:call(133)) - Running DeletedBlockTransactionScanner
2021-08-10 07:53:11,083 [SCMBlockDeletingService#0] DEBUG block.SCMBlockDeletingService (DatanodeDeletedBlockTransactions.java:addTransactionToDN(50)) - Transaction added: 6aba10dc-a58f-4fc7-8218-673b2e1b730d <- TX(1)
2021-08-10 07:53:11,083 [SCMBlockDeletingService#0] DEBUG block.SCMBlockDeletingService (DatanodeDeletedBlockTransactions.java:addTransactionToDN(50)) - Transaction added: 581c0420-ae36-4e78-8d82-33b3ef40d50c <- TX(1)
2021-08-10 07:53:11,083 [SCMBlockDeletingService#0] DEBUG block.SCMBlockDeletingService (SCMBlockDeletingService.java:call(164)) - Added delete block command for datanode 6aba10dc-a58f-4fc7-8218-673b2e1b730d in the queue, number of delete block transactions: 1
2021-08-10 07:53:11,083 [SCMBlockDeletingService#0] DEBUG block.SCMBlockDeletingService (SCMBlockDeletingService.java:call(164)) - Added delete block command for datanode 581c0420-ae36-4e78-8d82-33b3ef40d50c in the queue, number of delete block transactions: 1
2021-08-10 07:53:11,083 [SCMBlockDeletingService#0] INFO  block.SCMBlockDeletingService (SCMBlockDeletingService.java:call(174)) - Totally added 2 blocks to be deleted for 2 datanodes, task elapsed time: 1ms
2021-08-10 07:53:11,182 [SCMBlockDeletingService#0] DEBUG block.SCMBlockDeletingService (SCMBlockDeletingService.java:call(133)) - Running DeletedBlockTransactionScanner
2021-08-10 07:53:11,183 [SCMBlockDeletingService#0] DEBUG block.SCMBlockDeletingService (DatanodeDeletedBlockTransactions.java:addTransactionToDN(50)) - Transaction added: 6aba10dc-a58f-4fc7-8218-673b2e1b730d <- TX(1)
2021-08-10 07:53:11,183 [SCMBlockDeletingService#0] DEBUG block.SCMBlockDeletingService (DatanodeDeletedBlockTransactions.java:addTransactionToDN(50)) - Transaction added: 581c0420-ae36-4e78-8d82-33b3ef40d50c <- TX(1)
2021-08-10 07:53:11,183 [SCMBlockDeletingService#0] DEBUG block.SCMBlockDeletingService (SCMBlockDeletingService.java:call(164)) - Added delete block command for datanode 6aba10dc-a58f-4fc7-8218-673b2e1b730d in the queue, number of delete block transactions: 1
2021-08-10 07:53:11,183 [SCMBlockDeletingService#0] DEBUG block.SCMBlockDeletingService (SCMBlockDeletingService.java:call(164)) - Added delete block command for datanode 581c0420-ae36-4e78-8d82-33b3ef40d50c in the queue, number of delete block transactions: 1
2021-08-10 07:53:11,183 [SCMBlockDeletingService#0] INFO  block.SCMBlockDeletingService (SCMBlockDeletingService.java:call(174)) - Totally added 2 blocks to be deleted for 2 datanodes, task elapsed time: 1ms
2021-08-10 07:53:11,283 [SCMBlockDeletingService#0] DEBUG block.SCMBlockDeletingService (SCMBlockDeletingService.java:call(133)) - Running DeletedBlockTransactionScanner
2021-08-10 07:53:11,283 [SCMBlockDeletingService#0] DEBUG block.SCMBlockDeletingService (DatanodeDeletedBlockTransactions.java:addTransactionToDN(50)) - Transaction added: 6aba10dc-a58f-4fc7-8218-673b2e1b730d <- TX(1)
2021-08-10 07:53:11,283 [SCMBlockDeletingService#0] DEBUG block.SCMBlockDeletingService (DatanodeDeletedBlockTransactions.java:addTransactionToDN(50)) - Transaction added: 581c0420-ae36-4e78-8d82-33b3ef40d50c <- TX(1)
2021-08-10 07:53:11,283 [SCMBlockDeletingService#0] DEBUG block.SCMBlockDeletingService (SCMBlockDeletingService.java:call(164)) - Added delete block command for datanode 6aba10dc-a58f-4fc7-8218-673b2e1b730d in the queue, number of delete block transactions: 1
2021-08-10 07:53:11,283 [SCMBlockDeletingService#0] DEBUG block.SCMBlockDeletingService (SCMBlockDeletingService.java:call(164)) - Added delete block command for datanode 581c0420-ae36-4e78-8d82-33b3ef40d50c in the queue, number of delete block transactions: 1
2021-08-10 07:53:11,283 [SCMBlockDeletingService#0] INFO  block.SCMBlockDeletingService (SCMBlockDeletingService.java:call(174)) - Totally added 2 blocks to be deleted for 2 datanodes, task elapsed time: 1ms
2021-08-10 07:53:11,383 [SCMBlockDeletingService#0] DEBUG block.SCMBlockDeletingService (SCMBlockDeletingService.java:call(133)) - Running DeletedBlockTransactionScanner
2021-08-10 07:53:11,383 [SCMBlockDeletingService#0] DEBUG block.SCMBlockDeletingService (DatanodeDeletedBlockTransactions.java:addTransactionToDN(50)) - Transaction added: 6aba10dc-a58f-4fc7-8218-673b2e1b730d <- TX(1)
2021-08-10 07:53:11,383 [SCMBlockDeletingService#0] DEBUG block.SCMBlockDeletingService (DatanodeDeletedBlockTransactions.java:addTransactionToDN(50)) - Transaction added: 581c0420-ae36-4e78-8d82-33b3ef40d50c <- TX(1)
2021-08-10 07:53:11,383 [SCMBlockDeletingService#0] DEBUG block.SCMBlockDeletingService (SCMBlockDeletingService.java:call(164)) - Added delete block command for datanode 6aba10dc-a58f-4fc7-8218-673b2e1b730d in the queue, number of delete block transactions: 1
2021-08-10 07:53:11,383 [SCMBlockDeletingService#0] DEBUG block.SCMBlockDeletingService (SCMBlockDeletingService.java:call(164)) - Added delete block command for datanode 581c0420-ae36-4e78-8d82-33b3ef40d50c in the queue, number of delete block transactions: 1
2021-08-10 07:53:11,383 [SCMBlockDeletingService#0] INFO  block.SCMBlockDeletingService (SCMBlockDeletingService.java:call(174)) - Totally added 2 blocks to be deleted for 2 datanodes, task elapsed time: 1ms
2021-08-10 07:53:11,483 [SCMBlockDeletingService#0] DEBUG block.SCMBlockDeletingService (SCMBlockDeletingService.java:call(133)) - Running DeletedBlockTransactionScanner
2021-08-10 07:53:11,483 [SCMBlockDeletingService#0] DEBUG block.SCMBlockDeletingService (DatanodeDeletedBlockTransactions.java:addTransactionToDN(50)) - Transaction added: 6aba10dc-a58f-4fc7-8218-673b2e1b730d <- TX(1)
2021-08-10 07:53:11,483 [SCMBlockDeletingService#0] DEBUG block.SCMBlockDeletingService (DatanodeDeletedBlockTransactions.java:addTransactionToDN(50)) - Transaction added: 581c0420-ae36-4e78-8d82-33b3ef40d50c <- TX(1)
2021-08-10 07:53:11,483 [SCMBlockDeletingService#0] DEBUG block.SCMBlockDeletingService (SCMBlockDeletingService.java:call(164)) - Added delete block command for datanode 6aba10dc-a58f-4fc7-8218-673b2e1b730d in the queue, number of delete block transactions: 1
2021-08-10 07:53:11,483 [SCMBlockDeletingService#0] DEBUG block.SCMBlockDeletingService (SCMBlockDeletingService.java:call(164)) - Added delete block command for datanode 581c0420-ae36-4e78-8d82-33b3ef40d50c in the queue, number of delete block transactions: 1
2021-08-10 07:53:11,483 [SCMBlockDeletingService#0] INFO  block.SCMBlockDeletingService (SCMBlockDeletingService.java:call(174)) - Totally added 2 blocks to be deleted for 2 datanodes, task elapsed time: 0ms
2021-08-10 07:53:11,495 [org.apache.hadoop.ozone.container.common.statemachine.commandhandler.DeleteBlocksCommandHandler$DeleteCmdWorker@16b3794f] INFO  commandhandler.DeleteBlocksCommandHandler (DeleteBlocksCommandHandler.java:processCmd(261)) - Start to delete container blocks, TXIDs=[1(0)], numOfContainers=1, numOfBlocks=1
2021-08-10 07:53:11,500 [org.apache.hadoop.ozone.container.common.statemachine.commandhandler.DeleteBlocksCommandHandler$DeleteCmdWorker@16b3794f] INFO  commandhandler.DeleteBlocksCommandHandler (DeleteBlocksCommandHandler.java:processCmd(261)) - Start to delete container blocks, TXIDs=[1(0)], numOfContainers=1, numOfBlocks=1
2021-08-10 07:53:11,500 [org.apache.hadoop.ozone.container.common.statemachine.commandhandler.DeleteBlocksCommandHandler$DeleteCmdWorker@16b3794f] INFO  commandhandler.DeleteBlocksCommandHandler (DeleteBlocksCommandHandler.java:processCmd(261)) - Start to delete container blocks, TXIDs=[1(0)], numOfContainers=1, numOfBlocks=1
2021-08-10 07:53:11,501 [org.apache.hadoop.ozone.container.common.statemachine.commandhandler.DeleteBlocksCommandHandler$DeleteCmdWorker@16b3794f] INFO  commandhandler.DeleteBlocksCommandHandler (DeleteBlocksCommandHandler.java:processCmd(261)) - Start to delete container blocks, TXIDs=[1(0)], numOfContainers=1, numOfBlocks=1
2021-08-10 07:53:11,501 [org.apache.hadoop.ozone.container.common.statemachine.commandhandler.DeleteBlocksCommandHandler$DeleteCmdWorker@16b3794f] INFO  commandhandler.DeleteBlocksCommandHandler (DeleteBlocksCommandHandler.java:processCmd(261)) - Start to delete container blocks, TXIDs=[1(0)], numOfContainers=1, numOfBlocks=1
2021-08-10 07:53:11,501 [org.apache.hadoop.ozone.container.common.statemachine.commandhandler.DeleteBlocksCommandHandler$DeleteCmdWorker@16b3794f] INFO  commandhandler.DeleteBlocksCommandHandler (DeleteBlocksCommandHandler.java:processCmd(261)) - Start to delete container blocks, TXIDs=[1(0)], numOfContainers=1, numOfBlocks=1
2021-08-10 07:53:11,501 [org.apache.hadoop.ozone.container.common.statemachine.commandhandler.DeleteBlocksCommandHandler$DeleteCmdWorker@16b3794f] INFO  commandhandler.DeleteBlocksCommandHandler (DeleteBlocksCommandHandler.java:processCmd(261)) - Start to delete container blocks, TXIDs=[1(0)], numOfContainers=1, numOfBlocks=1
2021-08-10 07:53:11,501 [org.apache.hadoop.ozone.container.common.statemachine.commandhandler.DeleteBlocksCommandHandler$DeleteCmdWorker@16b3794f] INFO  commandhandler.DeleteBlocksCommandHandler (DeleteBlocksCommandHandler.java:processCmd(261)) - Start to delete container blocks, TXIDs=[1(0)], numOfContainers=1, numOfBlocks=1
2021-08-10 07:53:11,501 [org.apache.hadoop.ozone.container.common.statemachine.commandhandler.DeleteBlocksCommandHandler$DeleteCmdWorker@16b3794f] INFO  commandhandler.DeleteBlocksCommandHandler (DeleteBlocksCommandHandler.java:processCmd(261)) - Start to delete container blocks, TXIDs=[1(0)], numOfContainers=1, numOfBlocks=1
2021-08-10 07:53:11,501 [org.apache.hadoop.ozone.container.common.statemachine.commandhandler.DeleteBlocksCommandHandler$DeleteCmdWorker@16b3794f] INFO  commandhandler.DeleteBlocksCommandHandler (DeleteBlocksCommandHandler.java:processCmd(261)) - Start to delete container blocks, TXIDs=[1(0)], numOfContainers=1, numOfBlocks=1
2021-08-10 07:53:11,548 [BlockDeletingService#2] INFO  background.BlockDeletingService (BlockDeletingService.java:getTasks(158)) - Plan to choose 5000 blocks for block deletion, actually deleting 1 blocks.
2021-08-10 07:53:11,549 [BlockDeletingService#2] INFO  impl.FilePerBlockStrategy (FilePerBlockStrategy.java:deleteChunk(227)) - Deleted block file: /home/runner/work/ozone/ozone/hadoop-ozone/integration-test/target/test-dir/MiniOzoneClusterImpl-18dd5eeb-2d01-48fa-8c78-b335295f6fb4/datanode-0/data-0/containers/hdds/18dd5eeb-2d01-48fa-8c78-b335295f6fb4/current/containerDir0/1/chunks/107544261427200001.block
2021-08-10 07:53:11,550 [BlockDeletingService#2] INFO  background.BlockDeletingService (BlockDeletingService.java:deleteViaSchema2(447)) - Container: 1, deleted blocks: 1, task elapsed time: 1ms
2021-08-10 07:53:11,550 [EventQueue-DeleteBlockStatusForDeletedBlockLogImpl] DEBUG block.DeletedBlockLogImpl (DeletedBlockLogImpl.java:isTransactionFailed(278)) - Got block deletion ACK from datanode, TXIDs=1, success=true
2021-08-10 07:53:11,551 [EventQueue-DeleteBlockStatusForDeletedBlockLogImpl] DEBUG block.DeletedBlockLogImpl (DeletedBlockLogImpl.java:commitTransactions(256)) - Datanode txId=1 containerId=#1 committed by dnId=6aba10dc-a58f-4fc7-8218-673b2e1b730d
2021-08-10 07:53:11,551 [EventQueue-DeleteBlockStatusForDeletedBlockLogImpl] DEBUG block.DeletedBlockLogImpl (DeletedBlockLogImpl.java:isTransactionFailed(278)) - Got block deletion ACK from datanode, TXIDs=1, success=true
2021-08-10 07:53:11,551 [EventQueue-DeleteBlockStatusForDeletedBlockLogImpl] DEBUG block.DeletedBlockLogImpl (DeletedBlockLogImpl.java:commitTransactions(256)) - Datanode txId=1 containerId=#1 committed by dnId=6aba10dc-a58f-4fc7-8218-673b2e1b730d
2021-08-10 07:53:11,551 [EventQueue-DeleteBlockStatusForDeletedBlockLogImpl] DEBUG block.DeletedBlockLogImpl (DeletedBlockLogImpl.java:isTransactionFailed(278)) - Got block deletion ACK from datanode, TXIDs=1, success=true
2021-08-10 07:53:11,551 [EventQueue-DeleteBlockStatusForDeletedBlockLogImpl] DEBUG block.DeletedBlockLogImpl (DeletedBlockLogImpl.java:commitTransactions(256)) - Datanode txId=1 containerId=#1 committed by dnId=6aba10dc-a58f-4fc7-8218-673b2e1b730d
2021-08-10 07:53:11,551 [EventQueue-DeleteBlockStatusForDeletedBlockLogImpl] DEBUG block.DeletedBlockLogImpl (DeletedBlockLogImpl.java:isTransactionFailed(278)) - Got block deletion ACK from datanode, TXIDs=1, success=true
2021-08-10 07:53:11,551 [EventQueue-DeleteBlockStatusForDeletedBlockLogImpl] DEBUG block.DeletedBlockLogImpl (DeletedBlockLogImpl.java:commitTransactions(256)) - Datanode txId=1 containerId=#1 committed by dnId=6aba10dc-a58f-4fc7-8218-673b2e1b730d
2021-08-10 07:53:11,551 [EventQueue-DeleteBlockStatusForDeletedBlockLogImpl] DEBUG block.DeletedBlockLogImpl (DeletedBlockLogImpl.java:isTransactionFailed(278)) - Got block deletion ACK from datanode, TXIDs=1, success=true
2021-08-10 07:53:11,551 [EventQueue-DeleteBlockStatusForDeletedBlockLogImpl] DEBUG block.DeletedBlockLogImpl (DeletedBlockLogImpl.java:commitTransactions(256)) - Datanode txId=1 containerId=#1 committed by dnId=6aba10dc-a58f-4fc7-8218-673b2e1b730d
2021-08-10 07:53:11,551 [EventQueue-DeleteBlockStatusForDeletedBlockLogImpl] DEBUG block.DeletedBlockLogImpl (DeletedBlockLogImpl.java:isTransactionFailed(278)) - Got block deletion ACK from datanode, TXIDs=1, success=true
2021-08-10 07:53:11,551 [EventQueue-DeleteBlockStatusForDeletedBlockLogImpl] DEBUG block.DeletedBlockLogImpl (DeletedBlockLogImpl.java:commitTransactions(256)) - Datanode txId=1 containerId=#1 committed by dnId=6aba10dc-a58f-4fc7-8218-673b2e1b730d
2021-08-10 07:53:11,551 [EventQueue-DeleteBlockStatusForDeletedBlockLogImpl] DEBUG block.DeletedBlockLogImpl (DeletedBlockLogImpl.java:isTransactionFailed(278)) - Got block deletion ACK from datanode, TXIDs=1, success=true
2021-08-10 07:53:11,552 [EventQueue-DeleteBlockStatusForDeletedBlockLogImpl] DEBUG block.DeletedBlockLogImpl (DeletedBlockLogImpl.java:commitTransactions(256)) - Datanode txId=1 containerId=#1 committed by dnId=6aba10dc-a58f-4fc7-8218-673b2e1b730d
2021-08-10 07:53:11,552 [EventQueue-DeleteBlockStatusForDeletedBlockLogImpl] DEBUG block.DeletedBlockLogImpl (DeletedBlockLogImpl.java:isTransactionFailed(278)) - Got block deletion ACK from datanode, TXIDs=1, success=true
2021-08-10 07:53:11,552 [EventQueue-DeleteBlockStatusForDeletedBlockLogImpl] DEBUG block.DeletedBlockLogImpl (DeletedBlockLogImpl.java:commitTransactions(256)) - Datanode txId=1 containerId=#1 committed by dnId=6aba10dc-a58f-4fc7-8218-673b2e1b730d
2021-08-10 07:53:11,552 [EventQueue-DeleteBlockStatusForDeletedBlockLogImpl] DEBUG block.DeletedBlockLogImpl (DeletedBlockLogImpl.java:isTransactionFailed(278)) - Got block deletion ACK from datanode, TXIDs=1, success=true
2021-08-10 07:53:11,552 [EventQueue-DeleteBlockStatusForDeletedBlockLogImpl] DEBUG block.DeletedBlockLogImpl (DeletedBlockLogImpl.java:commitTransactions(256)) - Datanode txId=1 containerId=#1 committed by dnId=6aba10dc-a58f-4fc7-8218-673b2e1b730d
2021-08-10 07:53:11,552 [EventQueue-DeleteBlockStatusForDeletedBlockLogImpl] DEBUG block.DeletedBlockLogImpl (DeletedBlockLogImpl.java:isTransactionFailed(278)) - Got block deletion ACK from datanode, TXIDs=1, success=true
2021-08-10 07:53:11,552 [EventQueue-DeleteBlockStatusForDeletedBlockLogImpl] DEBUG block.DeletedBlockLogImpl (DeletedBlockLogImpl.java:commitTransactions(256)) - Datanode txId=1 containerId=#1 committed by dnId=6aba10dc-a58f-4fc7-8218-673b2e1b730d
2021-08-10 07:53:11,583 [SCMBlockDeletingService#0] DEBUG block.SCMBlockDeletingService (SCMBlockDeletingService.java:call(133)) - Running DeletedBlockTransactionScanner
2021-08-10 07:53:11,583 [SCMBlockDeletingService#0] DEBUG block.SCMBlockDeletingService (DatanodeDeletedBlockTransactions.java:addTransactionToDN(50)) - Transaction added: 581c0420-ae36-4e78-8d82-33b3ef40d50c <- TX(1)
2021-08-10 07:53:11,583 [SCMBlockDeletingService#0] DEBUG block.SCMBlockDeletingService (SCMBlockDeletingService.java:call(164)) - Added delete block command for datanode 581c0420-ae36-4e78-8d82-33b3ef40d50c in the queue, number of delete block transactions: 1
2021-08-10 07:53:11,583 [SCMBlockDeletingService#0] INFO  block.SCMBlockDeletingService (SCMBlockDeletingService.java:call(174)) - Totally added 1 blocks to be deleted for 1 datanodes, task elapsed time: 0ms
2021-08-10 07:53:11,683 [SCMBlockDeletingService#0] DEBUG block.SCMBlockDeletingService (SCMBlockDeletingService.java:call(133)) - Running DeletedBlockTransactionScanner
2021-08-10 07:53:11,683 [SCMBlockDeletingService#0] DEBUG block.SCMBlockDeletingService (DatanodeDeletedBlockTransactions.java:addTransactionToDN(50)) - Transaction added: 581c0420-ae36-4e78-8d82-33b3ef40d50c <- TX(1)
2021-08-10 07:53:11,683 [SCMBlockDeletingService#0] DEBUG block.SCMBlockDeletingService (SCMBlockDeletingService.java:call(164)) - Added delete block command for datanode 581c0420-ae36-4e78-8d82-33b3ef40d50c in the queue, number of delete block transactions: 1
2021-08-10 07:53:11,683 [SCMBlockDeletingService#0] INFO  block.SCMBlockDeletingService (SCMBlockDeletingService.java:call(174)) - Totally added 1 blocks to be deleted for 1 datanodes, task elapsed time: 0ms
2021-08-10 07:53:11,783 [SCMBlockDeletingService#0] DEBUG block.SCMBlockDeletingService (SCMBlockDeletingService.java:call(133)) - Running DeletedBlockTransactionScanner
2021-08-10 07:53:11,783 [SCMBlockDeletingService#0] DEBUG block.SCMBlockDeletingService (DatanodeDeletedBlockTransactions.java:addTransactionToDN(50)) - Transaction added: 581c0420-ae36-4e78-8d82-33b3ef40d50c <- TX(1)
2021-08-10 07:53:11,783 [SCMBlockDeletingService#0] DEBUG block.SCMBlockDeletingService (SCMBlockDeletingService.java:call(164)) - Added delete block command for datanode 581c0420-ae36-4e78-8d82-33b3ef40d50c in the queue, number of delete block transactions: 1
2021-08-10 07:53:11,783 [SCMBlockDeletingService#0] INFO  block.SCMBlockDeletingService (SCMBlockDeletingService.java:call(174)) - Totally added 1 blocks to be deleted for 1 datanodes, task elapsed time: 0ms
2021-08-10 07:53:11,883 [SCMBlockDeletingService#0] DEBUG block.SCMBlockDeletingService (SCMBlockDeletingService.java:call(133)) - Running DeletedBlockTransactionScanner
2021-08-10 07:53:11,883 [SCMBlockDeletingService#0] DEBUG block.SCMBlockDeletingService (DatanodeDeletedBlockTransactions.java:addTransactionToDN(50)) - Transaction added: 581c0420-ae36-4e78-8d82-33b3ef40d50c <- TX(1)
2021-08-10 07:53:11,883 [SCMBlockDeletingService#0] DEBUG block.SCMBlockDeletingService (SCMBlockDeletingService.java:call(164)) - Added delete block command for datanode 581c0420-ae36-4e78-8d82-33b3ef40d50c in the queue, number of delete block transactions: 1
2021-08-10 07:53:11,883 [SCMBlockDeletingService#0] INFO  block.SCMBlockDeletingService (SCMBlockDeletingService.java:call(174)) - Totally added 1 blocks to be deleted for 1 datanodes, task elapsed time: 0ms
2021-08-10 07:53:11,983 [org.apache.hadoop.ozone.container.common.statemachine.commandhandler.DeleteBlocksCommandHandler$DeleteCmdWorker@7ed86bcf] INFO  commandhandler.DeleteBlocksCommandHandler (DeleteBlocksCommandHandler.java:processCmd(261)) - Start to delete container blocks, TXIDs=[1(0)], numOfContainers=1, numOfBlocks=1
2021-08-10 07:53:11,983 [SCMBlockDeletingService#0] DEBUG block.SCMBlockDeletingService (SCMBlockDeletingService.java:call(133)) - Running DeletedBlockTransactionScanner
2021-08-10 07:53:11,983 [SCMBlockDeletingService#0] DEBUG block.SCMBlockDeletingService (DatanodeDeletedBlockTransactions.java:addTransactionToDN(50)) - Transaction added: 581c0420-ae36-4e78-8d82-33b3ef40d50c <- TX(1)
2021-08-10 07:53:11,983 [SCMBlockDeletingService#0] DEBUG block.SCMBlockDeletingService (SCMBlockDeletingService.java:call(164)) - Added delete block command for datanode 581c0420-ae36-4e78-8d82-33b3ef40d50c in the queue, number of delete block transactions: 1
2021-08-10 07:53:11,984 [SCMBlockDeletingService#0] INFO  block.SCMBlockDeletingService (SCMBlockDeletingService.java:call(174)) - Totally added 1 blocks to be deleted for 1 datanodes, task elapsed time: 0ms
2021-08-10 07:53:11,995 [org.apache.hadoop.ozone.container.common.statemachine.commandhandler.DeleteBlocksCommandHandler$DeleteCmdWorker@7ed86bcf] INFO  commandhandler.DeleteBlocksCommandHandler (DeleteBlocksCommandHandler.java:processCmd(261)) - Start to delete container blocks, TXIDs=[1(0)], numOfContainers=1, numOfBlocks=1
2021-08-10 07:53:11,995 [org.apache.hadoop.ozone.container.common.statemachine.commandhandler.DeleteBlocksCommandHandler$DeleteCmdWorker@7ed86bcf] INFO  commandhandler.DeleteBlocksCommandHandler (DeleteBlocksCommandHandler.java:processCmd(261)) - Start to delete container blocks, TXIDs=[1(0)], numOfContainers=1, numOfBlocks=1
2021-08-10 07:53:11,995 [org.apache.hadoop.ozone.container.common.statemachine.commandhandler.DeleteBlocksCommandHandler$DeleteCmdWorker@7ed86bcf] INFO  commandhandler.DeleteBlocksCommandHandler (DeleteBlocksCommandHandler.java:processCmd(261)) - Start to delete container blocks, TXIDs=[1(0)], numOfContainers=1, numOfBlocks=1
2021-08-10 07:53:11,996 [org.apache.hadoop.ozone.container.common.statemachine.commandhandler.DeleteBlocksCommandHandler$DeleteCmdWorker@7ed86bcf] INFO  commandhandler.DeleteBlocksCommandHandler (DeleteBlocksCommandHandler.java:processCmd(261)) - Start to delete container blocks, TXIDs=[1(0)], numOfContainers=1, numOfBlocks=1
2021-08-10 07:53:11,996 [org.apache.hadoop.ozone.container.common.statemachine.commandhandler.DeleteBlocksCommandHandler$DeleteCmdWorker@7ed86bcf] INFO  commandhandler.DeleteBlocksCommandHandler (DeleteBlocksCommandHandler.java:processCmd(261)) - Start to delete container blocks, TXIDs=[1(0)], numOfContainers=1, numOfBlocks=1
2021-08-10 07:53:11,996 [org.apache.hadoop.ozone.container.common.statemachine.commandhandler.DeleteBlocksCommandHandler$DeleteCmdWorker@7ed86bcf] INFO  commandhandler.DeleteBlocksCommandHandler (DeleteBlocksCommandHandler.java:processCmd(261)) - Start to delete container blocks, TXIDs=[1(0)], numOfContainers=1, numOfBlocks=1
2021-08-10 07:53:11,996 [org.apache.hadoop.ozone.container.common.statemachine.commandhandler.DeleteBlocksCommandHandler$DeleteCmdWorker@7ed86bcf] INFO  commandhandler.DeleteBlocksCommandHandler (DeleteBlocksCommandHandler.java:processCmd(261)) - Start to delete container blocks, TXIDs=[1(0)], numOfContainers=1, numOfBlocks=1
2021-08-10 07:53:11,996 [org.apache.hadoop.ozone.container.common.statemachine.commandhandler.DeleteBlocksCommandHandler$DeleteCmdWorker@7ed86bcf] INFO  commandhandler.DeleteBlocksCommandHandler (DeleteBlocksCommandHandler.java:processCmd(261)) - Start to delete container blocks, TXIDs=[1(0)], numOfContainers=1, numOfBlocks=1
2021-08-10 07:53:11,996 [org.apache.hadoop.ozone.container.common.statemachine.commandhandler.DeleteBlocksCommandHandler$DeleteCmdWorker@7ed86bcf] INFO  commandhandler.DeleteBlocksCommandHandler (DeleteBlocksCommandHandler.java:processCmd(261)) - Start to delete container blocks, TXIDs=[1(0)], numOfContainers=1, numOfBlocks=1
2021-08-10 07:53:11,997 [org.apache.hadoop.ozone.container.common.statemachine.commandhandler.DeleteBlocksCommandHandler$DeleteCmdWorker@7ed86bcf] INFO  commandhandler.DeleteBlocksCommandHandler (DeleteBlocksCommandHandler.java:processCmd(261)) - Start to delete container blocks, TXIDs=[1(0)], numOfContainers=1, numOfBlocks=1
2021-08-10 07:53:11,997 [org.apache.hadoop.ozone.container.common.statemachine.commandhandler.DeleteBlocksCommandHandler$DeleteCmdWorker@7ed86bcf] INFO  commandhandler.DeleteBlocksCommandHandler (DeleteBlocksCommandHandler.java:processCmd(261)) - Start to delete container blocks, TXIDs=[1(0)], numOfContainers=1, numOfBlocks=1
2021-08-10 07:53:11,997 [org.apache.hadoop.ozone.container.common.statemachine.commandhandler.DeleteBlocksCommandHandler$DeleteCmdWorker@7ed86bcf] INFO  commandhandler.DeleteBlocksCommandHandler (DeleteBlocksCommandHandler.java:processCmd(261)) - Start to delete container blocks, TXIDs=[1(0)], numOfContainers=1, numOfBlocks=1
2021-08-10 07:53:11,997 [org.apache.hadoop.ozone.container.common.statemachine.commandhandler.DeleteBlocksCommandHandler$DeleteCmdWorker@7ed86bcf] INFO  commandhandler.DeleteBlocksCommandHandler (DeleteBlocksCommandHandler.java:processCmd(261)) - Start to delete container blocks, TXIDs=[1(0)], numOfContainers=1, numOfBlocks=1
2021-08-10 07:53:11,997 [org.apache.hadoop.ozone.container.common.statemachine.commandhandler.DeleteBlocksCommandHandler$DeleteCmdWorker@7ed86bcf] INFO  commandhandler.DeleteBlocksCommandHandler (DeleteBlocksCommandHandler.java:processCmd(261)) - Start to delete container blocks, TXIDs=[1(0)], numOfContainers=1, numOfBlocks=1
2021-08-10 07:53:11,997 [org.apache.hadoop.ozone.container.common.statemachine.commandhandler.DeleteBlocksCommandHandler$DeleteCmdWorker@7ed86bcf] INFO  commandhandler.DeleteBlocksCommandHandler (DeleteBlocksCommandHandler.java:processCmd(261)) - Start to delete container blocks, TXIDs=[1(0)], numOfContainers=1, numOfBlocks=1
2021-08-10 07:53:11,997 [org.apache.hadoop.ozone.container.common.statemachine.commandhandler.DeleteBlocksCommandHandler$DeleteCmdWorker@7ed86bcf] INFO  commandhandler.DeleteBlocksCommandHandler (DeleteBlocksCommandHandler.java:processCmd(261)) - Start to delete container blocks, TXIDs=[1(0)], numOfContainers=1, numOfBlocks=1
2021-08-10 07:53:11,998 [org.apache.hadoop.ozone.container.common.statemachine.commandhandler.DeleteBlocksCommandHandler$DeleteCmdWorker@7ed86bcf] INFO  commandhandler.DeleteBlocksCommandHandler (DeleteBlocksCommandHandler.java:processCmd(261)) - Start to delete container blocks, TXIDs=[1(0)], numOfContainers=1, numOfBlocks=1
2021-08-10 07:53:12,041 [BlockDeletingService#2] INFO  background.BlockDeletingService (BlockDeletingService.java:getTasks(158)) - Plan to choose 5000 blocks for block deletion, actually deleting 1 blocks.
2021-08-10 07:53:12,043 [BlockDeletingService#2] INFO  impl.FilePerBlockStrategy (FilePerBlockStrategy.java:deleteChunk(227)) - Deleted block file: /home/runner/work/ozone/ozone/hadoop-ozone/integration-test/target/test-dir/MiniOzoneClusterImpl-18dd5eeb-2d01-48fa-8c78-b335295f6fb4/datanode-1/data-0/containers/hdds/18dd5eeb-2d01-48fa-8c78-b335295f6fb4/current/containerDir0/1/chunks/107544261427200001.block
2021-08-10 07:53:12,043 [BlockDeletingService#2] INFO  background.BlockDeletingService (BlockDeletingService.java:deleteViaSchema2(447)) - Container: 1, deleted blocks: 1, task elapsed time: 2ms
2021-08-10 07:53:12,083 [SCMBlockDeletingService#0] DEBUG block.SCMBlockDeletingService (SCMBlockDeletingService.java:call(133)) - Running DeletedBlockTransactionScanner
2021-08-10 07:53:12,083 [SCMBlockDeletingService#0] DEBUG block.SCMBlockDeletingService (DatanodeDeletedBlockTransactions.java:addTransactionToDN(50)) - Transaction added: 581c0420-ae36-4e78-8d82-33b3ef40d50c <- TX(1)
2021-08-10 07:53:12,084 [SCMBlockDeletingService#0] DEBUG block.SCMBlockDeletingService (SCMBlockDeletingService.java:call(164)) - Added delete block command for datanode 581c0420-ae36-4e78-8d82-33b3ef40d50c in the queue, number of delete block transactions: 1
2021-08-10 07:53:12,084 [SCMBlockDeletingService#0] INFO  block.SCMBlockDeletingService (SCMBlockDeletingService.java:call(174)) - Totally added 1 blocks to be deleted for 1 datanodes, task elapsed time: 1ms
2021-08-10 07:53:12,183 [SCMBlockDeletingService#0] DEBUG block.SCMBlockDeletingService (SCMBlockDeletingService.java:call(133)) - Running DeletedBlockTransactionScanner
2021-08-10 07:53:12,184 [SCMBlockDeletingService#0] DEBUG block.SCMBlockDeletingService (DatanodeDeletedBlockTransactions.java:addTransactionToDN(50)) - Transaction added: 581c0420-ae36-4e78-8d82-33b3ef40d50c <- TX(1)
2021-08-10 07:53:12,184 [SCMBlockDeletingService#0] DEBUG block.SCMBlockDeletingService (SCMBlockDeletingService.java:call(164)) - Added delete block command for datanode 581c0420-ae36-4e78-8d82-33b3ef40d50c in the queue, number of delete block transactions: 1
2021-08-10 07:53:12,184 [SCMBlockDeletingService#0] INFO  block.SCMBlockDeletingService (SCMBlockDeletingService.java:call(174)) - Totally added 1 blocks to be deleted for 1 datanodes, task elapsed time: 1ms
2021-08-10 07:53:12,283 [SCMBlockDeletingService#0] DEBUG block.SCMBlockDeletingService (SCMBlockDeletingService.java:call(133)) - Running DeletedBlockTransactionScanner
2021-08-10 07:53:12,284 [SCMBlockDeletingService#0] DEBUG block.SCMBlockDeletingService (DatanodeDeletedBlockTransactions.java:addTransactionToDN(50)) - Transaction added: 581c0420-ae36-4e78-8d82-33b3ef40d50c <- TX(1)
2021-08-10 07:53:12,284 [SCMBlockDeletingService#0] DEBUG block.SCMBlockDeletingService (SCMBlockDeletingService.java:call(164)) - Added delete block command for datanode 581c0420-ae36-4e78-8d82-33b3ef40d50c in the queue, number of delete block transactions: 1
2021-08-10 07:53:12,284 [SCMBlockDeletingService#0] INFO  block.SCMBlockDeletingService (SCMBlockDeletingService.java:call(174)) - Totally added 1 blocks to be deleted for 1 datanodes, task elapsed time: 1ms
2021-08-10 07:53:12,369 [EventQueue-DeleteBlockStatusForDeletedBlockLogImpl] DEBUG block.DeletedBlockLogImpl (DeletedBlockLogImpl.java:isTransactionFailed(278)) - Got block deletion ACK from datanode, TXIDs=1, success=true
2021-08-10 07:53:12,369 [EventQueue-DeleteBlockStatusForDeletedBlockLogImpl] DEBUG block.DeletedBlockLogImpl (DeletedBlockLogImpl.java:commitTransactions(250)) - Purging txId=1 from block deletion log
2021-08-10 07:53:12,369 [EventQueue-DeleteBlockStatusForDeletedBlockLogImpl] DEBUG block.DeletedBlockLogImpl (DeletedBlockLogImpl.java:commitTransactions(256)) - Datanode txId=1 containerId=#1 committed by dnId=581c0420-ae36-4e78-8d82-33b3ef40d50c
2021-08-10 07:53:12,369 [EventQueue-DeleteBlockStatusForDeletedBlockLogImpl] DEBUG block.DeletedBlockLogImpl (DeletedBlockLogImpl.java:isTransactionFailed(278)) - Got block deletion ACK from datanode, TXIDs=1, success=true
2021-08-10 07:53:12,369 [EventQueue-DeleteBlockStatusForDeletedBlockLogImpl] DEBUG block.DeletedBlockLogImpl (DeletedBlockLogImpl.java:commitTransactions(224)) - Transaction txId=1 commit by dnId=581c0420-ae36-4e78-8d82-33b3ef40d50c for containerID=#1 failed. Corresponding entry not found.
2021-08-10 07:53:12,369 [EventQueue-DeleteBlockStatusForDeletedBlockLogImpl] DEBUG block.DeletedBlockLogImpl (DeletedBlockLogImpl.java:isTransactionFailed(278)) - Got block deletion ACK from datanode, TXIDs=1, success=true
2021-08-10 07:53:12,369 [EventQueue-DeleteBlockStatusForDeletedBlockLogImpl] DEBUG block.DeletedBlockLogImpl (DeletedBlockLogImpl.java:commitTransactions(224)) - Transaction txId=1 commit by dnId=581c0420-ae36-4e78-8d82-33b3ef40d50c for containerID=#1 failed. Corresponding entry not found.
2021-08-10 07:53:12,369 [EventQueue-DeleteBlockStatusForDeletedBlockLogImpl] DEBUG block.DeletedBlockLogImpl (DeletedBlockLogImpl.java:isTransactionFailed(278)) - Got block deletion ACK from datanode, TXIDs=1, success=true
2021-08-10 07:53:12,369 [EventQueue-DeleteBlockStatusForDeletedBlockLogImpl] DEBUG block.DeletedBlockLogImpl (DeletedBlockLogImpl.java:commitTransactions(224)) - Transaction txId=1 commit by dnId=581c0420-ae36-4e78-8d82-33b3ef40d50c for containerID=#1 failed. Corresponding entry not found.
2021-08-10 07:53:12,369 [EventQueue-DeleteBlockStatusForDeletedBlockLogImpl] DEBUG block.DeletedBlockLogImpl (DeletedBlockLogImpl.java:isTransactionFailed(278)) - Got block deletion ACK from datanode, TXIDs=1, success=true
2021-08-10 07:53:12,369 [EventQueue-DeleteBlockStatusForDeletedBlockLogImpl] DEBUG block.DeletedBlockLogImpl (DeletedBlockLogImpl.java:commitTransactions(224)) - Transaction txId=1 commit by dnId=581c0420-ae36-4e78-8d82-33b3ef40d50c for containerID=#1 failed. Corresponding entry not found.
2021-08-10 07:53:12,369 [EventQueue-DeleteBlockStatusForDeletedBlockLogImpl] DEBUG block.DeletedBlockLogImpl (DeletedBlockLogImpl.java:isTransactionFailed(278)) - Got block deletion ACK from datanode, TXIDs=1, success=true
2021-08-10 07:53:12,369 [EventQueue-DeleteBlockStatusForDeletedBlockLogImpl] DEBUG block.DeletedBlockLogImpl (DeletedBlockLogImpl.java:commitTransactions(224)) - Transaction txId=1 commit by dnId=581c0420-ae36-4e78-8d82-33b3ef40d50c for containerID=#1 failed. Corresponding entry not found.
2021-08-10 07:53:12,369 [EventQueue-DeleteBlockStatusForDeletedBlockLogImpl] DEBUG block.DeletedBlockLogImpl (DeletedBlockLogImpl.java:isTransactionFailed(278)) - Got block deletion ACK from datanode, TXIDs=1, success=true
2021-08-10 07:53:12,369 [EventQueue-DeleteBlockStatusForDeletedBlockLogImpl] DEBUG block.DeletedBlockLogImpl (DeletedBlockLogImpl.java:commitTransactions(224)) - Transaction txId=1 commit by dnId=581c0420-ae36-4e78-8d82-33b3ef40d50c for containerID=#1 failed. Corresponding entry not found.
2021-08-10 07:53:12,369 [EventQueue-DeleteBlockStatusForDeletedBlockLogImpl] DEBUG block.DeletedBlockLogImpl (DeletedBlockLogImpl.java:isTransactionFailed(278)) - Got block deletion ACK from datanode, TXIDs=1, success=true
2021-08-10 07:53:12,369 [EventQueue-DeleteBlockStatusForDeletedBlockLogImpl] DEBUG block.DeletedBlockLogImpl (DeletedBlockLogImpl.java:commitTransactions(224)) - Transaction txId=1 commit by dnId=581c0420-ae36-4e78-8d82-33b3ef40d50c for containerID=#1 failed. Corresponding entry not found.
2021-08-10 07:53:12,369 [EventQueue-DeleteBlockStatusForDeletedBlockLogImpl] DEBUG block.DeletedBlockLogImpl (DeletedBlockLogImpl.java:isTransactionFailed(278)) - Got block deletion ACK from datanode, TXIDs=1, success=true
2021-08-10 07:53:12,369 [EventQueue-DeleteBlockStatusForDeletedBlockLogImpl] DEBUG block.DeletedBlockLogImpl (DeletedBlockLogImpl.java:commitTransactions(224)) - Transaction txId=1 commit by dnId=581c0420-ae36-4e78-8d82-33b3ef40d50c for containerID=#1 failed. Corresponding entry not found.
2021-08-10 07:53:12,369 [EventQueue-DeleteBlockStatusForDeletedBlockLogImpl] DEBUG block.DeletedBlockLogImpl (DeletedBlockLogImpl.java:isTransactionFailed(278)) - Got block deletion ACK from datanode, TXIDs=1, success=true
2021-08-10 07:53:12,369 [EventQueue-DeleteBlockStatusForDeletedBlockLogImpl] DEBUG block.DeletedBlockLogImpl (DeletedBlockLogImpl.java:commitTransactions(224)) - Transaction txId=1 commit by dnId=581c0420-ae36-4e78-8d82-33b3ef40d50c for containerID=#1 failed. Corresponding entry not found.
2021-08-10 07:53:12,370 [EventQueue-DeleteBlockStatusForDeletedBlockLogImpl] DEBUG block.DeletedBlockLogImpl (DeletedBlockLogImpl.java:isTransactionFailed(278)) - Got block deletion ACK from datanode, TXIDs=1, success=true
2021-08-10 07:53:12,370 [EventQueue-DeleteBlockStatusForDeletedBlockLogImpl] DEBUG block.DeletedBlockLogImpl (DeletedBlockLogImpl.java:commitTransactions(224)) - Transaction txId=1 commit by dnId=581c0420-ae36-4e78-8d82-33b3ef40d50c for containerID=#1 failed. Corresponding entry not found.
2021-08-10 07:53:12,370 [EventQueue-DeleteBlockStatusForDeletedBlockLogImpl] DEBUG block.DeletedBlockLogImpl (DeletedBlockLogImpl.java:isTransactionFailed(278)) - Got block deletion ACK from datanode, TXIDs=1, success=true
2021-08-10 07:53:12,370 [EventQueue-DeleteBlockStatusForDeletedBlockLogImpl] DEBUG block.DeletedBlockLogImpl (DeletedBlockLogImpl.java:commitTransactions(224)) - Transaction txId=1 commit by dnId=581c0420-ae36-4e78-8d82-33b3ef40d50c for containerID=#1 failed. Corresponding entry not found.
2021-08-10 07:53:12,370 [EventQueue-DeleteBlockStatusForDeletedBlockLogImpl] DEBUG block.DeletedBlockLogImpl (DeletedBlockLogImpl.java:isTransactionFailed(278)) - Got block deletion ACK from datanode, TXIDs=1, success=true
2021-08-10 07:53:12,370 [EventQueue-DeleteBlockStatusForDeletedBlockLogImpl] DEBUG block.DeletedBlockLogImpl (DeletedBlockLogImpl.java:commitTransactions(224)) - Transaction txId=1 commit by dnId=581c0420-ae36-4e78-8d82-33b3ef40d50c for containerID=#1 failed. Corresponding entry not found.
2021-08-10 07:53:12,370 [EventQueue-DeleteBlockStatusForDeletedBlockLogImpl] DEBUG block.DeletedBlockLogImpl (DeletedBlockLogImpl.java:isTransactionFailed(278)) - Got block deletion ACK from datanode, TXIDs=1, success=true
2021-08-10 07:53:12,370 [EventQueue-DeleteBlockStatusForDeletedBlockLogImpl] DEBUG block.DeletedBlockLogImpl (DeletedBlockLogImpl.java:commitTransactions(224)) - Transaction txId=1 commit by dnId=581c0420-ae36-4e78-8d82-33b3ef40d50c for containerID=#1 failed. Corresponding entry not found.
2021-08-10 07:53:12,370 [EventQueue-DeleteBlockStatusForDeletedBlockLogImpl] DEBUG block.DeletedBlockLogImpl (DeletedBlockLogImpl.java:isTransactionFailed(278)) - Got block deletion ACK from datanode, TXIDs=1, success=true
2021-08-10 07:53:12,370 [EventQueue-DeleteBlockStatusForDeletedBlockLogImpl] DEBUG block.DeletedBlockLogImpl (DeletedBlockLogImpl.java:commitTransactions(224)) - Transaction txId=1 commit by dnId=581c0420-ae36-4e78-8d82-33b3ef40d50c for containerID=#1 failed. Corresponding entry not found.
2021-08-10 07:53:12,370 [EventQueue-DeleteBlockStatusForDeletedBlockLogImpl] DEBUG block.DeletedBlockLogImpl (DeletedBlockLogImpl.java:isTransactionFailed(278)) - Got block deletion ACK from datanode, TXIDs=1, success=true
2021-08-10 07:53:12,370 [EventQueue-DeleteBlockStatusForDeletedBlockLogImpl] DEBUG block.DeletedBlockLogImpl (DeletedBlockLogImpl.java:commitTransactions(224)) - Transaction txId=1 commit by dnId=581c0420-ae36-4e78-8d82-33b3ef40d50c for containerID=#1 failed. Corresponding entry not found.
2021-08-10 07:53:12,370 [EventQueue-DeleteBlockStatusForDeletedBlockLogImpl] DEBUG block.DeletedBlockLogImpl (DeletedBlockLogImpl.java:isTransactionFailed(278)) - Got block deletion ACK from datanode, TXIDs=1, success=true
2021-08-10 07:53:12,370 [EventQueue-DeleteBlockStatusForDeletedBlockLogImpl] DEBUG block.DeletedBlockLogImpl (DeletedBlockLogImpl.java:commitTransactions(224)) - Transaction txId=1 commit by dnId=581c0420-ae36-4e78-8d82-33b3ef40d50c for containerID=#1 failed. Corresponding entry not found.
2021-08-10 07:53:12,370 [EventQueue-DeleteBlockStatusForDeletedBlockLogImpl] DEBUG block.DeletedBlockLogImpl (DeletedBlockLogImpl.java:isTransactionFailed(278)) - Got block deletion ACK from datanode, TXIDs=1, success=true
2021-08-10 07:53:12,370 [EventQueue-DeleteBlockStatusForDeletedBlockLogImpl] DEBUG block.DeletedBlockLogImpl (DeletedBlockLogImpl.java:commitTransactions(224)) - Transaction txId=1 commit by dnId=581c0420-ae36-4e78-8d82-33b3ef40d50c for containerID=#1 failed. Corresponding entry not found.
2021-08-10 07:53:12,384 [SCMBlockDeletingService#0] DEBUG block.SCMBlockDeletingService (SCMBlockDeletingService.java:call(133)) - Running DeletedBlockTransactionScanner
2021-08-10 07:53:12,484 [SCMBlockDeletingService#0] DEBUG block.SCMBlockDeletingService (SCMBlockDeletingService.java:call(133)) - Running DeletedBlockTransactionScanner
2021-08-10 07:53:12,570 [org.apache.hadoop.ozone.container.common.statemachine.commandhandler.DeleteBlocksCommandHandler$DeleteCmdWorker@5350f279] INFO  commandhandler.DeleteBlocksCommandHandler (DeleteBlocksCommandHandler.java:processCmd(261)) - Start to delete container blocks, TXIDs=[1(0)], numOfContainers=1, numOfBlocks=1
2021-08-10 07:53:12,571 [org.apache.hadoop.ozone.container.common.statemachine.commandhandler.DeleteBlocksCommandHandler$DeleteCmdWorker@5350f279] INFO  commandhandler.DeleteBlocksCommandHandler (DeleteBlocksCommandHandler.java:processCmd(261)) - Start to delete container blocks, TXIDs=[1(0)], numOfContainers=1, numOfBlocks=1
2021-08-10 07:53:12,571 [org.apache.hadoop.ozone.container.common.statemachine.commandhandler.DeleteBlocksCommandHandler$DeleteCmdWorker@5350f279] INFO  commandhandler.DeleteBlocksCommandHandler (DeleteBlocksCommandHandler.java:processCmd(261)) - Start to delete container blocks, TXIDs=[1(0)], numOfContainers=1, numOfBlocks=1
2021-08-10 07:53:12,571 [org.apache.hadoop.ozone.container.common.statemachine.commandhandler.DeleteBlocksCommandHandler$DeleteCmdWorker@5350f279] INFO  commandhandler.DeleteBlocksCommandHandler (DeleteBlocksCommandHandler.java:processCmd(261)) - Start to delete container blocks, TXIDs=[1(0)], numOfContainers=1, numOfBlocks=1
2021-08-10 07:53:12,571 [org.apache.hadoop.ozone.container.common.statemachine.commandhandler.DeleteBlocksCommandHandler$DeleteCmdWorker@5350f279] INFO  commandhandler.DeleteBlocksCommandHandler (DeleteBlocksCommandHandler.java:processCmd(261)) - Start to delete container blocks, TXIDs=[1(0)], numOfContainers=1, numOfBlocks=1
2021-08-10 07:53:12,571 [org.apache.hadoop.ozone.container.common.statemachine.commandhandler.DeleteBlocksCommandHandler$DeleteCmdWorker@5350f279] INFO  commandhandler.DeleteBlocksCommandHandler (DeleteBlocksCommandHandler.java:processCmd(261)) - Start to delete container blocks, TXIDs=[1(0)], numOfContainers=1, numOfBlocks=1
2021-08-10 07:53:12,584 [SCMBlockDeletingService#0] DEBUG block.SCMBlockDeletingService (SCMBlockDeletingService.java:call(133)) - Running DeletedBlockTransactionScanner
2021-08-10 07:53:12,684 [SCMBlockDeletingService#0] DEBUG block.SCMBlockDeletingService (SCMBlockDeletingService.java:call(133)) - Running DeletedBlockTransactionScanner
2021-08-10 07:53:12,738 [EventQueue-DeleteBlockStatusForDeletedBlockLogImpl] DEBUG block.DeletedBlockLogImpl (DeletedBlockLogImpl.java:isTransactionFailed(278)) - Got block deletion ACK from datanode, TXIDs=1, success=true
2021-08-10 07:53:12,738 [EventQueue-DeleteBlockStatusForDeletedBlockLogImpl] DEBUG block.DeletedBlockLogImpl (DeletedBlockLogImpl.java:commitTransactions(224)) - Transaction txId=1 commit by dnId=e27b497d-edf5-4527-a9cd-0b54bade3291 for containerID=#1 failed. Corresponding entry not found.
2021-08-10 07:53:12,738 [EventQueue-DeleteBlockStatusForDeletedBlockLogImpl] DEBUG block.DeletedBlockLogImpl (DeletedBlockLogImpl.java:isTransactionFailed(278)) - Got block deletion ACK from datanode, TXIDs=1, success=true
2021-08-10 07:53:12,738 [EventQueue-DeleteBlockStatusForDeletedBlockLogImpl] DEBUG block.DeletedBlockLogImpl (DeletedBlockLogImpl.java:commitTransactions(224)) - Transaction txId=1 commit by dnId=e27b497d-edf5-4527-a9cd-0b54bade3291 for containerID=#1 failed. Corresponding entry not found.
2021-08-10 07:53:12,738 [EventQueue-DeleteBlockStatusForDeletedBlockLogImpl] DEBUG block.DeletedBlockLogImpl (DeletedBlockLogImpl.java:isTransactionFailed(278)) - Got block deletion ACK from datanode, TXIDs=1, success=true
2021-08-10 07:53:12,738 [EventQueue-DeleteBlockStatusForDeletedBlockLogImpl] DEBUG block.DeletedBlockLogImpl (DeletedBlockLogImpl.java:commitTransactions(224)) - Transaction txId=1 commit by dnId=e27b497d-edf5-4527-a9cd-0b54bade3291 for containerID=#1 failed. Corresponding entry not found.
2021-08-10 07:53:12,738 [EventQueue-DeleteBlockStatusForDeletedBlockLogImpl] DEBUG block.DeletedBlockLogImpl (DeletedBlockLogImpl.java:isTransactionFailed(278)) - Got block deletion ACK from datanode, TXIDs=1, success=true
2021-08-10 07:53:12,738 [EventQueue-DeleteBlockStatusForDeletedBlockLogImpl] DEBUG block.DeletedBlockLogImpl (DeletedBlockLogImpl.java:commitTransactions(224)) - Transaction txId=1 commit by dnId=e27b497d-edf5-4527-a9cd-0b54bade3291 for containerID=#1 failed. Corresponding entry not found.
2021-08-10 07:53:12,738 [EventQueue-DeleteBlockStatusForDeletedBlockLogImpl] DEBUG block.DeletedBlockLogImpl (DeletedBlockLogImpl.java:isTransactionFailed(278)) - Got block deletion ACK from datanode, TXIDs=1, success=true
2021-08-10 07:53:12,738 [EventQueue-DeleteBlockStatusForDeletedBlockLogImpl] DEBUG block.DeletedBlockLogImpl (DeletedBlockLogImpl.java:commitTransactions(224)) - Transaction txId=1 commit by dnId=e27b497d-edf5-4527-a9cd-0b54bade3291 for containerID=#1 failed. Corresponding entry not found.
2021-08-10 07:53:12,738 [EventQueue-DeleteBlockStatusForDeletedBlockLogImpl] DEBUG block.DeletedBlockLogImpl (DeletedBlockLogImpl.java:isTransactionFailed(278)) - Got block deletion ACK from datanode, TXIDs=1, success=true
2021-08-10 07:53:12,738 [EventQueue-DeleteBlockStatusForDeletedBlockLogImpl] DEBUG block.DeletedBlockLogImpl (DeletedBlockLogImpl.java:commitTransactions(224)) - Transaction txId=1 commit by dnId=e27b497d-edf5-4527-a9cd-0b54bade3291 for containerID=#1 failed. Corresponding entry not found.
2021-08-10 07:53:12,784 [SCMBlockDeletingService#0] DEBUG block.SCMBlockDeletingService (SCMBlockDeletingService.java:call(133)) - Running DeletedBlockTransactionScanner
2021-08-10 07:53:12,884 [SCMBlockDeletingService#0] DEBUG block.SCMBlockDeletingService (SCMBlockDeletingService.java:call(133)) - Running DeletedBlockTransactionScanner
2021-08-10 07:53:12,984 [SCMBlockDeletingService#0] DEBUG block.SCMBlockDeletingService (SCMBlockDeletingService.java:call(133)) - Running DeletedBlockTransactionScanner
2021-08-10 07:53:13,084 [SCMBlockDeletingService#0] DEBUG block.SCMBlockDeletingService (SCMBlockDeletingService.java:call(133)) - Running DeletedBlockTransactionScanner
2021-08-10 07:53:13,184 [SCMBlockDeletingService#0] DEBUG block.SCMBlockDeletingService (SCMBlockDeletingService.java:call(133)) - Running DeletedBlockTransactionScanner
2021-08-10 07:53:13,284 [SCMBlockDeletingService#0] DEBUG block.SCMBlockDeletingService (SCMBlockDeletingService.java:call(133)) - Running DeletedBlockTransactionScanner
2021-08-10 07:53:13,384 [SCMBlockDeletingService#0] DEBUG block.SCMBlockDeletingService (SCMBlockDeletingService.java:call(133)) - Running DeletedBlockTransactionScanner
2021-08-10 07:53:13,484 [SCMBlockDeletingService#0] DEBUG block.SCMBlockDeletingService (SCMBlockDeletingService.java:call(133)) - Running DeletedBlockTransactionScanner
2021-08-10 07:53:13,501 [org.apache.hadoop.ozone.container.common.statemachine.commandhandler.DeleteBlocksCommandHandler$DeleteCmdWorker@16b3794f] INFO  commandhandler.DeleteBlocksCommandHandler (DeleteBlocksCommandHandler.java:processCmd(261)) - Start to delete container blocks, TXIDs=[1(0)], numOfContainers=1, numOfBlocks=1
2021-08-10 07:53:13,502 [org.apache.hadoop.ozone.container.common.statemachine.commandhandler.DeleteBlocksCommandHandler$DeleteCmdWorker@16b3794f] INFO  commandhandler.DeleteBlocksCommandHandler (DeleteBlocksCommandHandler.java:processCmd(261)) - Start to delete container blocks, TXIDs=[1(0)], numOfContainers=1, numOfBlocks=1
2021-08-10 07:53:13,502 [org.apache.hadoop.ozone.container.common.statemachine.commandhandler.DeleteBlocksCommandHandler$DeleteCmdWorker@16b3794f] INFO  commandhandler.DeleteBlocksCommandHandler (DeleteBlocksCommandHandler.java:processCmd(261)) - Start to delete container blocks, TXIDs=[1(0)], numOfContainers=1, numOfBlocks=1
2021-08-10 07:53:13,502 [org.apache.hadoop.ozone.container.common.statemachine.commandhandler.DeleteBlocksCommandHandler$DeleteCmdWorker@16b3794f] INFO  commandhandler.DeleteBlocksCommandHandler (DeleteBlocksCommandHandler.java:processCmd(261)) - Start to delete container blocks, TXIDs=[1(0)], numOfContainers=1, numOfBlocks=1
2021-08-10 07:53:13,502 [org.apache.hadoop.ozone.container.common.statemachine.commandhandler.DeleteBlocksCommandHandler$DeleteCmdWorker@16b3794f] INFO  commandhandler.DeleteBlocksCommandHandler (DeleteBlocksCommandHandler.java:processCmd(261)) - Start to delete container blocks, TXIDs=[1(0)], numOfContainers=1, numOfBlocks=1
2021-08-10 07:53:13,502 [org.apache.hadoop.ozone.container.common.statemachine.commandhandler.DeleteBlocksCommandHandler$DeleteCmdWorker@16b3794f] INFO  commandhandler.DeleteBlocksCommandHandler (DeleteBlocksCommandHandler.java:processCmd(261)) - Start to delete container blocks, TXIDs=[1(0)], numOfContainers=1, numOfBlocks=1
2021-08-10 07:53:13,552 [EventQueue-DeleteBlockStatusForDeletedBlockLogImpl] DEBUG block.DeletedBlockLogImpl (DeletedBlockLogImpl.java:isTransactionFailed(278)) - Got block deletion ACK from datanode, TXIDs=1, success=true
2021-08-10 07:53:13,552 [EventQueue-DeleteBlockStatusForDeletedBlockLogImpl] DEBUG block.DeletedBlockLogImpl (DeletedBlockLogImpl.java:commitTransactions(224)) - Transaction txId=1 commit by dnId=6aba10dc-a58f-4fc7-8218-673b2e1b730d for containerID=#1 failed. Corresponding entry not found.
2021-08-10 07:53:13,552 [EventQueue-DeleteBlockStatusForDeletedBlockLogImpl] DEBUG block.DeletedBlockLogImpl (DeletedBlockLogImpl.java:isTransactionFailed(278)) - Got block deletion ACK from datanode, TXIDs=1, success=true
2021-08-10 07:53:13,552 [EventQueue-DeleteBlockStatusForDeletedBlockLogImpl] DEBUG block.DeletedBlockLogImpl (DeletedBlockLogImpl.java:commitTransactions(224)) - Transaction txId=1 commit by dnId=6aba10dc-a58f-4fc7-8218-673b2e1b730d for containerID=#1 failed. Corresponding entry not found.
2021-08-10 07:53:13,552 [EventQueue-DeleteBlockStatusForDeletedBlockLogImpl] DEBUG block.DeletedBlockLogImpl (DeletedBlockLogImpl.java:isTransactionFailed(278)) - Got block deletion ACK from datanode, TXIDs=1, success=true
2021-08-10 07:53:13,552 [EventQueue-DeleteBlockStatusForDeletedBlockLogImpl] DEBUG block.DeletedBlockLogImpl (DeletedBlockLogImpl.java:commitTransactions(224)) - Transaction txId=1 commit by dnId=6aba10dc-a58f-4fc7-8218-673b2e1b730d for containerID=#1 failed. Corresponding entry not found.
2021-08-10 07:53:13,552 [EventQueue-DeleteBlockStatusForDeletedBlockLogImpl] DEBUG block.DeletedBlockLogImpl (DeletedBlockLogImpl.java:isTransactionFailed(278)) - Got block deletion ACK from datanode, TXIDs=1, success=true
2021-08-10 07:53:13,552 [EventQueue-DeleteBlockStatusForDeletedBlockLogImpl] DEBUG block.DeletedBlockLogImpl (DeletedBlockLogImpl.java:commitTransactions(224)) - Transaction txId=1 commit by dnId=6aba10dc-a58f-4fc7-8218-673b2e1b730d for containerID=#1 failed. Corresponding entry not found.
2021-08-10 07:53:13,552 [EventQueue-DeleteBlockStatusForDeletedBlockLogImpl] DEBUG block.DeletedBlockLogImpl (DeletedBlockLogImpl.java:isTransactionFailed(278)) - Got block deletion ACK from datanode, TXIDs=1, success=true
2021-08-10 07:53:13,552 [EventQueue-DeleteBlockStatusForDeletedBlockLogImpl] DEBUG block.DeletedBlockLogImpl (DeletedBlockLogImpl.java:commitTransactions(224)) - Transaction txId=1 commit by dnId=6aba10dc-a58f-4fc7-8218-673b2e1b730d for containerID=#1 failed. Corresponding entry not found.
2021-08-10 07:53:13,552 [EventQueue-DeleteBlockStatusForDeletedBlockLogImpl] DEBUG block.DeletedBlockLogImpl (DeletedBlockLogImpl.java:isTransactionFailed(278)) - Got block deletion ACK from datanode, TXIDs=1, success=true
2021-08-10 07:53:13,552 [EventQueue-DeleteBlockStatusForDeletedBlockLogImpl] DEBUG block.DeletedBlockLogImpl (DeletedBlockLogImpl.java:commitTransactions(224)) - Transaction txId=1 commit by dnId=6aba10dc-a58f-4fc7-8218-673b2e1b730d for containerID=#1 failed. Corresponding entry not found.
2021-08-10 07:53:13,584 [SCMBlockDeletingService#0] DEBUG block.SCMBlockDeletingService (SCMBlockDeletingService.java:call(133)) - Running DeletedBlockTransactionScanner
2021-08-10 07:53:13,685 [SCMBlockDeletingService#0] DEBUG block.SCMBlockDeletingService (SCMBlockDeletingService.java:call(133)) - Running DeletedBlockTransactionScanner
2021-08-10 07:53:13,785 [SCMBlockDeletingService#0] DEBUG block.SCMBlockDeletingService (SCMBlockDeletingService.java:call(133)) - Running DeletedBlockTransactionScanner
2021-08-10 07:53:13,885 [SCMBlockDeletingService#0] DEBUG block.SCMBlockDeletingService (SCMBlockDeletingService.java:call(133)) - Running DeletedBlockTransactionScanner
2021-08-10 07:53:13,985 [SCMBlockDeletingService#0] DEBUG block.SCMBlockDeletingService (SCMBlockDeletingService.java:call(133)) - Running DeletedBlockTransactionScanner
2021-08-10 07:53:13,998 [org.apache.hadoop.ozone.container.common.statemachine.commandhandler.DeleteBlocksCommandHandler$DeleteCmdWorker@7ed86bcf] INFO  commandhandler.DeleteBlocksCommandHandler (DeleteBlocksCommandHandler.java:processCmd(261)) - Start to delete container blocks, TXIDs=[1(0)], numOfContainers=1, numOfBlocks=1
2021-08-10 07:53:13,998 [org.apache.hadoop.ozone.container.common.statemachine.commandhandler.DeleteBlocksCommandHandler$DeleteCmdWorker@7ed86bcf] INFO  commandhandler.DeleteBlocksCommandHandler (DeleteBlocksCommandHandler.java:processCmd(261)) - Start to delete container blocks, TXIDs=[1(0)], numOfContainers=1, numOfBlocks=1
2021-08-10 07:53:13,998 [org.apache.hadoop.ozone.container.common.statemachine.commandhandler.DeleteBlocksCommandHandler$DeleteCmdWorker@7ed86bcf] INFO  commandhandler.DeleteBlocksCommandHandler (DeleteBlocksCommandHandler.java:processCmd(261)) - Start to delete container blocks, TXIDs=[1(0)], numOfContainers=1, numOfBlocks=1
2021-08-10 07:53:13,998 [org.apache.hadoop.ozone.container.common.statemachine.commandhandler.DeleteBlocksCommandHandler$DeleteCmdWorker@7ed86bcf] INFO  commandhandler.DeleteBlocksCommandHandler (DeleteBlocksCommandHandler.java:processCmd(261)) - Start to delete container blocks, TXIDs=[1(0)], numOfContainers=1, numOfBlocks=1
2021-08-10 07:53:13,998 [org.apache.hadoop.ozone.container.common.statemachine.commandhandler.DeleteBlocksCommandHandler$DeleteCmdWorker@7ed86bcf] INFO  commandhandler.DeleteBlocksCommandHandler (DeleteBlocksCommandHandler.java:processCmd(261)) - Start to delete container blocks, TXIDs=[1(0)], numOfContainers=1, numOfBlocks=1
2021-08-10 07:53:13,998 [org.apache.hadoop.ozone.container.common.statemachine.commandhandler.DeleteBlocksCommandHandler$DeleteCmdWorker@7ed86bcf] INFO  commandhandler.DeleteBlocksCommandHandler (DeleteBlocksCommandHandler.java:processCmd(261)) - Start to delete container blocks, TXIDs=[1(0)], numOfContainers=1, numOfBlocks=1
2021-08-10 07:53:14,085 [SCMBlockDeletingService#0] DEBUG block.SCMBlockDeletingService (SCMBlockDeletingService.java:call(133)) - Running DeletedBlockTransactionScanner
2021-08-10 07:53:14,185 [SCMBlockDeletingService#0] DEBUG block.SCMBlockDeletingService (SCMBlockDeletingService.java:call(133)) - Running DeletedBlockTransactionScanner
2021-08-10 07:53:14,285 [SCMBlockDeletingService#0] DEBUG block.SCMBlockDeletingService (SCMBlockDeletingService.java:call(133)) - Running DeletedBlockTransactionScanner
2021-08-10 07:53:14,376 [EventQueue-DeleteBlockStatusForDeletedBlockLogImpl] DEBUG block.DeletedBlockLogImpl (DeletedBlockLogImpl.java:isTransactionFailed(278)) - Got block deletion ACK from datanode, TXIDs=1, success=true
2021-08-10 07:53:14,376 [EventQueue-DeleteBlockStatusForDeletedBlockLogImpl] DEBUG block.DeletedBlockLogImpl (DeletedBlockLogImpl.java:commitTransactions(224)) - Transaction txId=1 commit by dnId=581c0420-ae36-4e78-8d82-33b3ef40d50c for containerID=#1 failed. Corresponding entry not found.
2021-08-10 07:53:14,376 [EventQueue-DeleteBlockStatusForDeletedBlockLogImpl] DEBUG block.DeletedBlockLogImpl (DeletedBlockLogImpl.java:isTransactionFailed(278)) - Got block deletion ACK from datanode, TXIDs=1, success=true
2021-08-10 07:53:14,376 [EventQueue-DeleteBlockStatusForDeletedBlockLogImpl] DEBUG block.DeletedBlockLogImpl (DeletedBlockLogImpl.java:commitTransactions(224)) - Transaction txId=1 commit by dnId=581c0420-ae36-4e78-8d82-33b3ef40d50c for containerID=#1 failed. Corresponding entry not found.
2021-08-10 07:53:14,376 [EventQueue-DeleteBlockStatusForDeletedBlockLogImpl] DEBUG block.DeletedBlockLogImpl (DeletedBlockLogImpl.java:isTransactionFailed(278)) - Got block deletion ACK from datanode, TXIDs=1, success=true
2021-08-10 07:53:14,376 [EventQueue-DeleteBlockStatusForDeletedBlockLogImpl] DEBUG block.DeletedBlockLogImpl (DeletedBlockLogImpl.java:commitTransactions(224)) - Transaction txId=1 commit by dnId=581c0420-ae36-4e78-8d82-33b3ef40d50c for containerID=#1 failed. Corresponding entry not found.
2021-08-10 07:53:14,377 [EventQueue-DeleteBlockStatusForDeletedBlockLogImpl] DEBUG block.DeletedBlockLogImpl (DeletedBlockLogImpl.java:isTransactionFailed(278)) - Got block deletion ACK from datanode, TXIDs=1, success=true
2021-08-10 07:53:14,377 [EventQueue-DeleteBlockStatusForDeletedBlockLogImpl] DEBUG block.DeletedBlockLogImpl (DeletedBlockLogImpl.java:commitTransactions(224)) - Transaction txId=1 commit by dnId=581c0420-ae36-4e78-8d82-33b3ef40d50c for containerID=#1 failed. Corresponding entry not found.
2021-08-10 07:53:14,377 [EventQueue-DeleteBlockStatusForDeletedBlockLogImpl] DEBUG block.DeletedBlockLogImpl (DeletedBlockLogImpl.java:isTransactionFailed(278)) - Got block deletion ACK from datanode, TXIDs=1, success=true
2021-08-10 07:53:14,377 [EventQueue-DeleteBlockStatusForDeletedBlockLogImpl] DEBUG block.DeletedBlockLogImpl (DeletedBlockLogImpl.java:commitTransactions(224)) - Transaction txId=1 commit by dnId=581c0420-ae36-4e78-8d82-33b3ef40d50c for containerID=#1 failed. Corresponding entry not found.
2021-08-10 07:53:14,377 [EventQueue-DeleteBlockStatusForDeletedBlockLogImpl] DEBUG block.DeletedBlockLogImpl (DeletedBlockLogImpl.java:isTransactionFailed(278)) - Got block deletion ACK from datanode, TXIDs=1, success=true
2021-08-10 07:53:14,377 [EventQueue-DeleteBlockStatusForDeletedBlockLogImpl] DEBUG block.DeletedBlockLogImpl (DeletedBlockLogImpl.java:commitTransactions(224)) - Transaction txId=1 commit by dnId=581c0420-ae36-4e78-8d82-33b3ef40d50c for containerID=#1 failed. Corresponding entry not found.
2021-08-10 07:53:14,385 [SCMBlockDeletingService#0] DEBUG block.SCMBlockDeletingService (SCMBlockDeletingService.java:call(133)) - Running DeletedBlockTransactionScanner
2021-08-10 07:53:14,485 [SCMBlockDeletingService#0] DEBUG block.SCMBlockDeletingService (SCMBlockDeletingService.java:call(133)) - Running DeletedBlockTransactionScanner
2021-08-10 07:53:14,585 [SCMBlockDeletingService#0] DEBUG block.SCMBlockDeletingService (SCMBlockDeletingService.java:call(133)) - Running DeletedBlockTransactionScanner
2021-08-10 07:53:14,685 [SCMBlockDeletingService#0] DEBUG block.SCMBlockDeletingService (SCMBlockDeletingService.java:call(133)) - Running DeletedBlockTransactionScanner
2021-08-10 07:53:14,785 [SCMBlockDeletingService#0] DEBUG block.SCMBlockDeletingService (SCMBlockDeletingService.java:call(133)) - Running DeletedBlockTransactionScanner
2021-08-10 07:53:14,886 [SCMBlockDeletingService#0] DEBUG block.SCMBlockDeletingService (SCMBlockDeletingService.java:call(133)) - Running DeletedBlockTransactionScanner
2021-08-10 07:53:14,952 [Datanode State Machine Thread - 0] INFO  statemachine.DatanodeStateMachine (DatanodeStateMachine.java:lambda$startDaemon$0(457)) - Ozone container server started.
2021-08-10 07:53:14,986 [SCMBlockDeletingService#0] DEBUG block.SCMBlockDeletingService (SCMBlockDeletingService.java:call(133)) - Running DeletedBlockTransactionScanner
2021-08-10 07:53:15,086 [SCMBlockDeletingService#0] DEBUG block.SCMBlockDeletingService (SCMBlockDeletingService.java:call(133)) - Running DeletedBlockTransactionScanner
2021-08-10 07:53:15,186 [SCMBlockDeletingService#0] DEBUG block.SCMBlockDeletingService (SCMBlockDeletingService.java:call(133)) - Running DeletedBlockTransactionScanner
2021-08-10 07:53:15,286 [SCMBlockDeletingService#0] DEBUG block.SCMBlockDeletingService (SCMBlockDeletingService.java:call(133)) - Running DeletedBlockTransactionScanner
2021-08-10 07:53:15,386 [SCMBlockDeletingService#0] DEBUG block.SCMBlockDeletingService (SCMBlockDeletingService.java:call(133)) - Running DeletedBlockTransactionScanner
2021-08-10 07:53:15,486 [SCMBlockDeletingService#0] DEBUG block.SCMBlockDeletingService (SCMBlockDeletingService.java:call(133)) - Running DeletedBlockTransactionScanner
2021-08-10 07:53:15,586 [SCMBlockDeletingService#0] DEBUG block.SCMBlockDeletingService (SCMBlockDeletingService.java:call(133)) - Running DeletedBlockTransactionScanner
2021-08-10 07:53:15,686 [SCMBlockDeletingService#0] DEBUG block.SCMBlockDeletingService (SCMBlockDeletingService.java:call(133)) - Running DeletedBlockTransactionScanner
2021-08-10 07:53:15,786 [SCMBlockDeletingService#0] DEBUG block.SCMBlockDeletingService (SCMBlockDeletingService.java:call(133)) - Running DeletedBlockTransactionScanner
2021-08-10 07:53:15,886 [SCMBlockDeletingService#0] DEBUG block.SCMBlockDeletingService (SCMBlockDeletingService.java:call(133)) - Running DeletedBlockTransactionScanner
2021-08-10 07:53:15,986 [SCMBlockDeletingService#0] DEBUG block.SCMBlockDeletingService (SCMBlockDeletingService.java:call(133)) - Running DeletedBlockTransactionScanner
2021-08-10 07:53:16,086 [SCMBlockDeletingService#0] DEBUG block.SCMBlockDeletingService (SCMBlockDeletingService.java:call(133)) - Running DeletedBlockTransactionScanner
2021-08-10 07:53:16,187 [SCMBlockDeletingService#0] DEBUG block.SCMBlockDeletingService (SCMBlockDeletingService.java:call(133)) - Running DeletedBlockTransactionScanner
2021-08-10 07:53:16,287 [SCMBlockDeletingService#0] DEBUG block.SCMBlockDeletingService (SCMBlockDeletingService.java:call(133)) - Running DeletedBlockTransactionScanner
2021-08-10 07:53:16,387 [SCMBlockDeletingService#0] DEBUG block.SCMBlockDeletingService (SCMBlockDeletingService.java:call(133)) - Running DeletedBlockTransactionScanner
2021-08-10 07:53:16,487 [SCMBlockDeletingService#0] DEBUG block.SCMBlockDeletingService (SCMBlockDeletingService.java:call(133)) - Running DeletedBlockTransactionScanner
2021-08-10 07:53:16,587 [SCMBlockDeletingService#0] DEBUG block.SCMBlockDeletingService (SCMBlockDeletingService.java:call(133)) - Running DeletedBlockTransactionScanner
2021-08-10 07:53:16,687 [SCMBlockDeletingService#0] DEBUG block.SCMBlockDeletingService (SCMBlockDeletingService.java:call(133)) - Running DeletedBlockTransactionScanner
2021-08-10 07:53:16,787 [SCMBlockDeletingService#0] DEBUG block.SCMBlockDeletingService (SCMBlockDeletingService.java:call(133)) - Running DeletedBlockTransactionScanner
2021-08-10 07:53:16,887 [SCMBlockDeletingService#0] DEBUG block.SCMBlockDeletingService (SCMBlockDeletingService.java:call(133)) - Running DeletedBlockTransactionScanner
2021-08-10 07:53:16,987 [SCMBlockDeletingService#0] DEBUG block.SCMBlockDeletingService (SCMBlockDeletingService.java:call(133)) - Running DeletedBlockTransactionScanner
2021-08-10 07:53:17,088 [SCMBlockDeletingService#0] DEBUG block.SCMBlockDeletingService (SCMBlockDeletingService.java:call(133)) - Running DeletedBlockTransactionScanner
2021-08-10 07:53:17,188 [SCMBlockDeletingService#0] DEBUG block.SCMBlockDeletingService (SCMBlockDeletingService.java:call(133)) - Running DeletedBlockTransactionScanner
2021-08-10 07:53:17,288 [SCMBlockDeletingService#0] DEBUG block.SCMBlockDeletingService (SCMBlockDeletingService.java:call(133)) - Running DeletedBlockTransactionScanner
2021-08-10 07:53:17,388 [SCMBlockDeletingService#0] DEBUG block.SCMBlockDeletingService (SCMBlockDeletingService.java:call(133)) - Running DeletedBlockTransactionScanner
2021-08-10 07:53:17,488 [SCMBlockDeletingService#0] DEBUG block.SCMBlockDeletingService (SCMBlockDeletingService.java:call(133)) - Running DeletedBlockTransactionScanner
2021-08-10 07:53:17,588 [SCMBlockDeletingService#0] DEBUG block.SCMBlockDeletingService (SCMBlockDeletingService.java:call(133)) - Running DeletedBlockTransactionScanner
2021-08-10 07:53:17,688 [SCMBlockDeletingService#0] DEBUG block.SCMBlockDeletingService (SCMBlockDeletingService.java:call(133)) - Running DeletedBlockTransactionScanner
2021-08-10 07:53:17,788 [SCMBlockDeletingService#0] DEBUG block.SCMBlockDeletingService (SCMBlockDeletingService.java:call(133)) - Running DeletedBlockTransactionScanner
2021-08-10 07:53:17,830 [EventQueue-StaleNodeForStaleNodeHandler] INFO  node.StaleNodeHandler (StaleNodeHandler.java:onMessage(58)) - Datanode 6aba10dc-a58f-4fc7-8218-673b2e1b730d{ip: 10.1.0.46, host: fv-az12-876.exdb2aeach2ezidoxz41lk3bwg.cx.internal.cloudapp.net, ports: [REPLICATION=39653, RATIS=42995, RATIS_ADMIN=42995, RATIS_SERVER=42995, STANDALONE=34629], networkLocation: /default-rack, certSerialId: null, persistedOpState: IN_SERVICE, persistedOpStateExpiryEpochSec: 0} moved to stale state. Finalizing its pipelines [PipelineID=28ad549a-28e7-4401-a4ff-5ce5490daff9]
2021-08-10 07:53:17,831 [EventQueue-StaleNodeForStaleNodeHandler] INFO  pipeline.PipelineManagerV2Impl (PipelineManagerV2Impl.java:closePipeline(343)) - Pipeline Pipeline[ Id: 28ad549a-28e7-4401-a4ff-5ce5490daff9, Nodes: e27b497d-edf5-4527-a9cd-0b54bade3291{ip: 10.1.0.46, host: fv-az12-876.exdb2aeach2ezidoxz41lk3bwg.cx.internal.cloudapp.net, ports: [REPLICATION=38447, RATIS=38727, RATIS_ADMIN=38727, RATIS_SERVER=38727, STANDALONE=46289], networkLocation: /default-rack, certSerialId: null, persistedOpState: IN_SERVICE, persistedOpStateExpiryEpochSec: 0}581c0420-ae36-4e78-8d82-33b3ef40d50c{ip: 10.1.0.46, host: fv-az12-876.exdb2aeach2ezidoxz41lk3bwg.cx.internal.cloudapp.net, ports: [REPLICATION=36673, RATIS=42363, RATIS_ADMIN=42363, RATIS_SERVER=42363, STANDALONE=46423], networkLocation: /default-rack, certSerialId: null, persistedOpState: IN_SERVICE, persistedOpStateExpiryEpochSec: 0}6aba10dc-a58f-4fc7-8218-673b2e1b730d{ip: 10.1.0.46, host: fv-az12-876.exdb2aeach2ezidoxz41lk3bwg.cx.internal.cloudapp.net, ports: [REPLICATION=39653, RATIS=42995, RATIS_ADMIN=42995, RATIS_SERVER=42995, STANDALONE=34629], networkLocation: /default-rack, certSerialId: null, persistedOpState: IN_SERVICE, persistedOpStateExpiryEpochSec: 0}, ReplicationConfig: RATIS/THREE, State:OPEN, leaderId:e27b497d-edf5-4527-a9cd-0b54bade3291, CreationTimestamp2021-08-10T07:52:38.757Z[Etc/UTC]] moved to CLOSED state
2021-08-10 07:53:17,888 [SCMBlockDeletingService#0] DEBUG block.SCMBlockDeletingService (SCMBlockDeletingService.java:call(133)) - Running DeletedBlockTransactionScanner
2021-08-10 07:53:17,988 [SCMBlockDeletingService#0] DEBUG block.SCMBlockDeletingService (SCMBlockDeletingService.java:call(133)) - Running DeletedBlockTransactionScanner
2021-08-10 07:53:18,088 [SCMBlockDeletingService#0] DEBUG block.SCMBlockDeletingService (SCMBlockDeletingService.java:call(133)) - Running DeletedBlockTransactionScanner
2021-08-10 07:53:18,188 [SCMBlockDeletingService#0] DEBUG block.SCMBlockDeletingService (SCMBlockDeletingService.java:call(133)) - Running DeletedBlockTransactionScanner
2021-08-10 07:53:18,288 [SCMBlockDeletingService#0] DEBUG block.SCMBlockDeletingService (SCMBlockDeletingService.java:call(133)) - Running DeletedBlockTransactionScanner
2021-08-10 07:53:18,389 [SCMBlockDeletingService#0] DEBUG block.SCMBlockDeletingService (SCMBlockDeletingService.java:call(133)) - Running DeletedBlockTransactionScanner
2021-08-10 07:53:18,489 [SCMBlockDeletingService#0] DEBUG block.SCMBlockDeletingService (SCMBlockDeletingService.java:call(133)) - Running DeletedBlockTransactionScanner
2021-08-10 07:53:18,589 [SCMBlockDeletingService#0] DEBUG block.SCMBlockDeletingService (SCMBlockDeletingService.java:call(133)) - Running DeletedBlockTransactionScanner
2021-08-10 07:53:18,689 [SCMBlockDeletingService#0] DEBUG block.SCMBlockDeletingService (SCMBlockDeletingService.java:call(133)) - Running DeletedBlockTransactionScanner
2021-08-10 07:53:18,789 [SCMBlockDeletingService#0] DEBUG block.SCMBlockDeletingService (SCMBlockDeletingService.java:call(133)) - Running DeletedBlockTransactionScanner
2021-08-10 07:53:18,889 [SCMBlockDeletingService#0] DEBUG block.SCMBlockDeletingService (SCMBlockDeletingService.java:call(133)) - Running DeletedBlockTransactionScanner
2021-08-10 07:53:18,989 [SCMBlockDeletingService#0] DEBUG block.SCMBlockDeletingService (SCMBlockDeletingService.java:call(133)) - Running DeletedBlockTransactionScanner
2021-08-10 07:53:19,089 [SCMBlockDeletingService#0] DEBUG block.SCMBlockDeletingService (SCMBlockDeletingService.java:call(133)) - Running DeletedBlockTransactionScanner
2021-08-10 07:53:19,190 [SCMBlockDeletingService#0] DEBUG block.SCMBlockDeletingService (SCMBlockDeletingService.java:call(133)) - Running DeletedBlockTransactionScanner
2021-08-10 07:53:19,290 [SCMBlockDeletingService#0] DEBUG block.SCMBlockDeletingService (SCMBlockDeletingService.java:call(133)) - Running DeletedBlockTransactionScanner
2021-08-10 07:53:19,390 [SCMBlockDeletingService#0] DEBUG block.SCMBlockDeletingService (SCMBlockDeletingService.java:call(133)) - Running DeletedBlockTransactionScanner
2021-08-10 07:53:19,490 [SCMBlockDeletingService#0] DEBUG block.SCMBlockDeletingService (SCMBlockDeletingService.java:call(133)) - Running DeletedBlockTransactionScanner
2021-08-10 07:53:19,590 [SCMBlockDeletingService#0] DEBUG block.SCMBlockDeletingService (SCMBlockDeletingService.java:call(133)) - Running DeletedBlockTransactionScanner
2021-08-10 07:53:19,690 [SCMBlockDeletingService#0] DEBUG block.SCMBlockDeletingService (SCMBlockDeletingService.java:call(133)) - Running DeletedBlockTransactionScanner
2021-08-10 07:53:19,790 [SCMBlockDeletingService#0] DEBUG block.SCMBlockDeletingService (SCMBlockDeletingService.java:call(133)) - Running DeletedBlockTransactionScanner
2021-08-10 07:53:19,856 [Listener at 127.0.0.1/35799] INFO  ozoneimpl.OzoneContainer (OzoneContainer.java:stop(326)) - Attempting to stop container services.
2021-08-10 07:53:19,857 [Listener at 127.0.0.1/35799] INFO  server.RaftServer (RaftServerProxy.java:lambda$close$6(391)) - 6aba10dc-a58f-4fc7-8218-673b2e1b730d: close
2021-08-10 07:53:19,857 [Listener at 127.0.0.1/35799] INFO  server.RaftServer$Division (RaftServerImpl.java:lambda$close$4(407)) - 6aba10dc-a58f-4fc7-8218-673b2e1b730d@group-5CE5490DAFF9: shutdown
2021-08-10 07:53:19,858 [Listener at 127.0.0.1/35799] INFO  util.JmxRegister (JmxRegister.java:unregister(73)) - Successfully un-registered JMX Bean with object name Ratis:service=RaftServer,group=group-5CE5490DAFF9,id=6aba10dc-a58f-4fc7-8218-673b2e1b730d
2021-08-10 07:53:19,858 [Listener at 127.0.0.1/35799] INFO  impl.RoleInfo (RoleInfo.java:shutdownFollowerState(108)) - 6aba10dc-a58f-4fc7-8218-673b2e1b730d: shutdown 6aba10dc-a58f-4fc7-8218-673b2e1b730d@group-5CE5490DAFF9-FollowerState
2021-08-10 07:53:19,858 [Listener at 127.0.0.1/35799] INFO  impl.StateMachineUpdater (StateMachineUpdater.java:stopAndJoin(149)) - 6aba10dc-a58f-4fc7-8218-673b2e1b730d@group-5CE5490DAFF9-StateMachineUpdater: set stopIndex = 14
2021-08-10 07:53:19,858 [6aba10dc-a58f-4fc7-8218-673b2e1b730d@group-5CE5490DAFF9-FollowerState] INFO  impl.FollowerState (FollowerState.java:run(143)) - 6aba10dc-a58f-4fc7-8218-673b2e1b730d@group-5CE5490DAFF9-FollowerState was interrupted: {}
java.lang.InterruptedException: sleep interrupted
	at java.lang.Thread.sleep(Native Method)
	at java.lang.Thread.sleep(Thread.java:340)
	at java.util.concurrent.TimeUnit.sleep(TimeUnit.java:386)
	at org.apache.ratis.util.TimeDuration.sleep(TimeDuration.java:324)
	at org.apache.ratis.util.TimeDuration.sleep(TimeDuration.java:309)
	at org.apache.ratis.server.impl.FollowerState.run(FollowerState.java:118)
2021-08-10 07:53:19,859 [6aba10dc-a58f-4fc7-8218-673b2e1b730d@group-5CE5490DAFF9-StateMachineUpdater] INFO  ratis.ContainerStateMachine (ContainerStateMachine.java:takeSnapshot(291)) - group-5CE5490DAFF9: Taking a snapshot at:(t:4, i:14) file /home/runner/work/ozone/ozone/hadoop-ozone/integration-test/target/test-dir/MiniOzoneClusterImpl-18dd5eeb-2d01-48fa-8c78-b335295f6fb4/datanode-0/data/ratis/28ad549a-28e7-4401-a4ff-5ce5490daff9/sm/snapshot.4_14
2021-08-10 07:53:19,860 [6aba10dc-a58f-4fc7-8218-673b2e1b730d@group-5CE5490DAFF9-StateMachineUpdater] INFO  ratis.ContainerStateMachine (ContainerStateMachine.java:takeSnapshot(302)) - group-5CE5490DAFF9: Finished taking a snapshot at:(t:4, i:14) file:/home/runner/work/ozone/ozone/hadoop-ozone/integration-test/target/test-dir/MiniOzoneClusterImpl-18dd5eeb-2d01-48fa-8c78-b335295f6fb4/datanode-0/data/ratis/28ad549a-28e7-4401-a4ff-5ce5490daff9/sm/snapshot.4_14 took: 2 ms
2021-08-10 07:53:19,860 [6aba10dc-a58f-4fc7-8218-673b2e1b730d@group-5CE5490DAFF9-StateMachineUpdater] INFO  impl.StateMachineUpdater (StateMachineUpdater.java:takeSnapshot(281)) - 6aba10dc-a58f-4fc7-8218-673b2e1b730d@group-5CE5490DAFF9-StateMachineUpdater: Took a snapshot at index 14
2021-08-10 07:53:19,860 [6aba10dc-a58f-4fc7-8218-673b2e1b730d@group-5CE5490DAFF9-StateMachineUpdater] INFO  impl.StateMachineUpdater (StateMachineUpdater.java:lambda$new$0(89)) - 6aba10dc-a58f-4fc7-8218-673b2e1b730d@group-5CE5490DAFF9-StateMachineUpdater: snapshotIndex: updateIncreasingly -1 -> 14
2021-08-10 07:53:19,862 [Listener at 127.0.0.1/35799] INFO  server.RaftServer$Division (ServerState.java:close(419)) - 6aba10dc-a58f-4fc7-8218-673b2e1b730d@group-5CE5490DAFF9: closes. applyIndex: 14
2021-08-10 07:53:19,862 [6aba10dc-a58f-4fc7-8218-673b2e1b730d@group-5CE5490DAFF9-SegmentedRaftLogWorker] INFO  segmented.SegmentedRaftLogWorker (SegmentedRaftLogWorker.java:run(327)) - 6aba10dc-a58f-4fc7-8218-673b2e1b730d@group-5CE5490DAFF9-SegmentedRaftLogWorker was interrupted, exiting. There are 0 tasks remaining in the queue.
2021-08-10 07:53:19,862 [Listener at 127.0.0.1/35799] INFO  segmented.SegmentedRaftLogWorker (SegmentedRaftLogWorker.java:close(237)) - 6aba10dc-a58f-4fc7-8218-673b2e1b730d@group-5CE5490DAFF9-SegmentedRaftLogWorker close()
2021-08-10 07:53:19,863 [Listener at 127.0.0.1/35799] INFO  server.GrpcService (GrpcService.java:closeImpl(262)) - 6aba10dc-a58f-4fc7-8218-673b2e1b730d: shutdown server with port 42995 now
2021-08-10 07:53:19,875 [grpc-default-executor-3] WARN  server.GrpcServerProtocolService (LogUtils.java:warn(122)) - 6aba10dc-a58f-4fc7-8218-673b2e1b730d: installSnapshot onError, lastRequest: e27b497d-edf5-4527-a9cd-0b54bade3291->6aba10dc-a58f-4fc7-8218-673b2e1b730d#371-t4,previous=(t:4, i:13),leaderCommit=13,initializing? true,entries: size=1, first=(t:4, i:14), METADATAENTRY(c:13): org.apache.ratis.thirdparty.io.grpc.StatusRuntimeException: CANCELLED: client cancelled
2021-08-10 07:53:19,879 [grpc-default-executor-0] WARN  server.GrpcLogAppender (LogUtils.java:warn(122)) - e27b497d-edf5-4527-a9cd-0b54bade3291@group-5CE5490DAFF9->6aba10dc-a58f-4fc7-8218-673b2e1b730d-AppendLogResponseHandler: Failed appendEntries: org.apache.ratis.thirdparty.io.grpc.StatusRuntimeException: CANCELLED: HTTP/2 error code: CANCEL
Received Rst Stream
2021-08-10 07:53:19,879 [grpc-default-executor-0] INFO  leader.FollowerInfo (FollowerInfoImpl.java:lambda$new$0(46)) - e27b497d-edf5-4527-a9cd-0b54bade3291@group-5CE5490DAFF9->6aba10dc-a58f-4fc7-8218-673b2e1b730d: nextIndex: updateUnconditionally 15 -> 14
2021-08-10 07:53:19,880 [Listener at 127.0.0.1/35799] INFO  server.GrpcService (GrpcService.java:closeImpl(271)) - 6aba10dc-a58f-4fc7-8218-673b2e1b730d: shutdown server with port 42995 successfully
2021-08-10 07:53:19,880 [org.apache.ratis.util.JvmPauseMonitor$$Lambda$531/620527965@54e86960] INFO  util.JvmPauseMonitor (JvmPauseMonitor.java:run(109)) - JvmPauseMonitor-6aba10dc-a58f-4fc7-8218-673b2e1b730d: Stopped
2021-08-10 07:53:19,887 [Listener at 127.0.0.1/35799] INFO  utils.BackgroundService (BackgroundService.java:shutdown(132)) - Shutting down service BlockDeletingService
2021-08-10 07:53:19,890 [SCMBlockDeletingService#0] DEBUG block.SCMBlockDeletingService (SCMBlockDeletingService.java:call(133)) - Running DeletedBlockTransactionScanner
2021-08-10 07:53:19,894 [grpc-default-executor-3] WARN  server.GrpcLogAppender (LogUtils.java:warn(122)) - e27b497d-edf5-4527-a9cd-0b54bade3291@group-5CE5490DAFF9->6aba10dc-a58f-4fc7-8218-673b2e1b730d-AppendLogResponseHandler: Failed appendEntries: org.apache.ratis.thirdparty.io.grpc.StatusRuntimeException: UNAVAILABLE: io exception
2021-08-10 07:53:19,894 [grpc-default-executor-3] INFO  leader.FollowerInfo (FollowerInfoImpl.java:lambda$new$0(46)) - e27b497d-edf5-4527-a9cd-0b54bade3291@group-5CE5490DAFF9->6aba10dc-a58f-4fc7-8218-673b2e1b730d: nextIndex: updateUnconditionally 15 -> 14
2021-08-10 07:53:19,990 [SCMBlockDeletingService#0] DEBUG block.SCMBlockDeletingService (SCMBlockDeletingService.java:call(133)) - Running DeletedBlockTransactionScanner
2021-08-10 07:53:20,090 [SCMBlockDeletingService#0] DEBUG block.SCMBlockDeletingService (SCMBlockDeletingService.java:call(133)) - Running DeletedBlockTransactionScanner
2021-08-10 07:53:20,190 [SCMBlockDeletingService#0] DEBUG block.SCMBlockDeletingService (SCMBlockDeletingService.java:call(133)) - Running DeletedBlockTransactionScanner
2021-08-10 07:53:20,290 [SCMBlockDeletingService#0] DEBUG block.SCMBlockDeletingService (SCMBlockDeletingService.java:call(133)) - Running DeletedBlockTransactionScanner
2021-08-10 07:53:20,390 [SCMBlockDeletingService#0] DEBUG block.SCMBlockDeletingService (SCMBlockDeletingService.java:call(133)) - Running DeletedBlockTransactionScanner
2021-08-10 07:53:20,491 [SCMBlockDeletingService#0] DEBUG block.SCMBlockDeletingService (SCMBlockDeletingService.java:call(133)) - Running DeletedBlockTransactionScanner
2021-08-10 07:53:20,591 [SCMBlockDeletingService#0] DEBUG block.SCMBlockDeletingService (SCMBlockDeletingService.java:call(133)) - Running DeletedBlockTransactionScanner
2021-08-10 07:53:20,691 [SCMBlockDeletingService#0] DEBUG block.SCMBlockDeletingService (SCMBlockDeletingService.java:call(133)) - Running DeletedBlockTransactionScanner
2021-08-10 07:53:20,791 [SCMBlockDeletingService#0] DEBUG block.SCMBlockDeletingService (SCMBlockDeletingService.java:call(133)) - Running DeletedBlockTransactionScanner
2021-08-10 07:53:20,891 [SCMBlockDeletingService#0] DEBUG block.SCMBlockDeletingService (SCMBlockDeletingService.java:call(133)) - Running DeletedBlockTransactionScanner
2021-08-10 07:53:20,991 [SCMBlockDeletingService#0] DEBUG block.SCMBlockDeletingService (SCMBlockDeletingService.java:call(133)) - Running DeletedBlockTransactionScanner
2021-08-10 07:53:21,091 [SCMBlockDeletingService#0] DEBUG block.SCMBlockDeletingService (SCMBlockDeletingService.java:call(133)) - Running DeletedBlockTransactionScanner
2021-08-10 07:53:21,191 [SCMBlockDeletingService#0] DEBUG block.SCMBlockDeletingService (SCMBlockDeletingService.java:call(133)) - Running DeletedBlockTransactionScanner
2021-08-10 07:53:21,291 [SCMBlockDeletingService#0] DEBUG block.SCMBlockDeletingService (SCMBlockDeletingService.java:call(133)) - Running DeletedBlockTransactionScanner
2021-08-10 07:53:21,391 [SCMBlockDeletingService#0] DEBUG block.SCMBlockDeletingService (SCMBlockDeletingService.java:call(133)) - Running DeletedBlockTransactionScanner
2021-08-10 07:53:21,491 [SCMBlockDeletingService#0] DEBUG block.SCMBlockDeletingService (SCMBlockDeletingService.java:call(133)) - Running DeletedBlockTransactionScanner
2021-08-10 07:53:21,591 [SCMBlockDeletingService#0] DEBUG block.SCMBlockDeletingService (SCMBlockDeletingService.java:call(133)) - Running DeletedBlockTransactionScanner
2021-08-10 07:53:21,691 [SCMBlockDeletingService#0] DEBUG block.SCMBlockDeletingService (SCMBlockDeletingService.java:call(133)) - Running DeletedBlockTransactionScanner
2021-08-10 07:53:21,791 [SCMBlockDeletingService#0] DEBUG block.SCMBlockDeletingService (SCMBlockDeletingService.java:call(133)) - Running DeletedBlockTransactionScanner
2021-08-10 07:53:21,892 [SCMBlockDeletingService#0] DEBUG block.SCMBlockDeletingService (SCMBlockDeletingService.java:call(133)) - Running DeletedBlockTransactionScanner
2021-08-10 07:53:21,992 [SCMBlockDeletingService#0] DEBUG block.SCMBlockDeletingService (SCMBlockDeletingService.java:call(133)) - Running DeletedBlockTransactionScanner
2021-08-10 07:53:22,092 [SCMBlockDeletingService#0] DEBUG block.SCMBlockDeletingService (SCMBlockDeletingService.java:call(133)) - Running DeletedBlockTransactionScanner
2021-08-10 07:53:22,192 [SCMBlockDeletingService#0] DEBUG block.SCMBlockDeletingService (SCMBlockDeletingService.java:call(133)) - Running DeletedBlockTransactionScanner
2021-08-10 07:53:22,292 [SCMBlockDeletingService#0] DEBUG block.SCMBlockDeletingService (SCMBlockDeletingService.java:call(133)) - Running DeletedBlockTransactionScanner
2021-08-10 07:53:22,392 [grpc-default-executor-3] WARN  server.GrpcLogAppender (LogUtils.java:warn(122)) - e27b497d-edf5-4527-a9cd-0b54bade3291@group-5CE5490DAFF9->6aba10dc-a58f-4fc7-8218-673b2e1b730d-AppendLogResponseHandler: Failed appendEntries: org.apache.ratis.thirdparty.io.grpc.StatusRuntimeException: UNAVAILABLE: io exception
2021-08-10 07:53:22,392 [SCMBlockDeletingService#0] DEBUG block.SCMBlockDeletingService (SCMBlockDeletingService.java:call(133)) - Running DeletedBlockTransactionScanner
2021-08-10 07:53:22,393 [grpc-default-executor-3] INFO  leader.FollowerInfo (FollowerInfoImpl.java:lambda$new$0(46)) - e27b497d-edf5-4527-a9cd-0b54bade3291@group-5CE5490DAFF9->6aba10dc-a58f-4fc7-8218-673b2e1b730d: nextIndex: updateUnconditionally 15 -> 14
2021-08-10 07:53:22,492 [SCMBlockDeletingService#0] DEBUG block.SCMBlockDeletingService (SCMBlockDeletingService.java:call(133)) - Running DeletedBlockTransactionScanner
2021-08-10 07:53:22,592 [SCMBlockDeletingService#0] DEBUG block.SCMBlockDeletingService (SCMBlockDeletingService.java:call(133)) - Running DeletedBlockTransactionScanner
2021-08-10 07:53:22,692 [SCMBlockDeletingService#0] DEBUG block.SCMBlockDeletingService (SCMBlockDeletingService.java:call(133)) - Running DeletedBlockTransactionScanner
2021-08-10 07:53:22,792 [SCMBlockDeletingService#0] DEBUG block.SCMBlockDeletingService (SCMBlockDeletingService.java:call(133)) - Running DeletedBlockTransactionScanner
2021-08-10 07:53:22,893 [SCMBlockDeletingService#0] DEBUG block.SCMBlockDeletingService (SCMBlockDeletingService.java:call(133)) - Running DeletedBlockTransactionScanner
2021-08-10 07:53:22,896 [Listener at 127.0.0.1/35799] INFO  statemachine.DatanodeStateMachine (DatanodeStateMachine.java:stopDaemon(515)) - Ozone container server stopped.
2021-08-10 07:53:22,896 [Listener at 127.0.0.1/35799] INFO  handler.ContextHandler (ContextHandler.java:doStop(1153)) - Stopped o.e.j.w.WebAppContext@2d4a8842{hddsDatanode,/,null,STOPPED}{jar:file:/home/runner/.m2/repository/org/apache/ozone/hdds-container-service/1.2.0-SNAPSHOT/hdds-container-service-1.2.0-SNAPSHOT.jar!/webapps/hddsDatanode}
2021-08-10 07:53:22,897 [Listener at 127.0.0.1/35799] INFO  server.AbstractConnector (AbstractConnector.java:doStop(381)) - Stopped ServerConnector@36c8c89{HTTP/1.1, (http/1.1)}{0.0.0.0:0}
2021-08-10 07:53:22,898 [Listener at 127.0.0.1/35799] INFO  server.session (HouseKeeper.java:stopScavenging(149)) - node0 Stopped scavenging
2021-08-10 07:53:22,898 [Listener at 127.0.0.1/35799] INFO  handler.ContextHandler (ContextHandler.java:doStop(1153)) - Stopped o.e.j.s.ServletContextHandler@3a63653b{static,/static,jar:file:/home/runner/.m2/repository/org/apache/ozone/hdds-container-service/1.2.0-SNAPSHOT/hdds-container-service-1.2.0-SNAPSHOT.jar!/webapps/static,STOPPED}
2021-08-10 07:53:22,898 [Listener at 127.0.0.1/35799] INFO  handler.ContextHandler (ContextHandler.java:doStop(1153)) - Stopped o.e.j.s.ServletContextHandler@2ed9d225{logs,/logs,file:///home/runner/work/ozone/ozone/hadoop-ozone/integration-test/target/log,STOPPED}
2021-08-10 07:53:22,906 [Listener at 127.0.0.1/35799] INFO  container.ReplicationManager (ReplicationManager.java:sendDeleteCommand(1478)) - Sending delete container command for container #1 to datanode 6aba10dc-a58f-4fc7-8218-673b2e1b730d{ip: 10.1.0.46, host: fv-az12-876.exdb2aeach2ezidoxz41lk3bwg.cx.internal.cloudapp.net, ports: [REPLICATION=39653, RATIS=42995, RATIS_ADMIN=42995, RATIS_SERVER=42995, STANDALONE=34629], networkLocation: /default-rack, certSerialId: null, persistedOpState: IN_SERVICE, persistedOpStateExpiryEpochSec: 0}
2021-08-10 07:53:22,917 [Listener at 127.0.0.1/35799] INFO  container.ReplicationManager (ReplicationManager.java:sendDeleteCommand(1478)) - Sending delete container command for container #1 to datanode e27b497d-edf5-4527-a9cd-0b54bade3291{ip: 10.1.0.46, host: fv-az12-876.exdb2aeach2ezidoxz41lk3bwg.cx.internal.cloudapp.net, ports: [REPLICATION=38447, RATIS=38727, RATIS_ADMIN=38727, RATIS_SERVER=38727, STANDALONE=46289], networkLocation: /default-rack, certSerialId: null, persistedOpState: IN_SERVICE, persistedOpStateExpiryEpochSec: 0}
2021-08-10 07:53:22,917 [Listener at 127.0.0.1/35799] INFO  container.ReplicationManager (ReplicationManager.java:sendDeleteCommand(1478)) - Sending delete container command for container #1 to datanode 581c0420-ae36-4e78-8d82-33b3ef40d50c{ip: 10.1.0.46, host: fv-az12-876.exdb2aeach2ezidoxz41lk3bwg.cx.internal.cloudapp.net, ports: [REPLICATION=36673, RATIS=42363, RATIS_ADMIN=42363, RATIS_SERVER=42363, STANDALONE=46423], networkLocation: /default-rack, certSerialId: null, persistedOpState: IN_SERVICE, persistedOpStateExpiryEpochSec: 0}
2021-08-10 07:53:22,918 [Listener at 127.0.0.1/35799] DEBUG container.ReplicationManager (ReplicationManager.java:deleteContainerReplicas(948)) - Deleting empty container replicas for ContainerInfo{id=1, state=DELETING, pipelineID=PipelineID=28ad549a-28e7-4401-a4ff-5ce5490daff9, stateEnterTime=2021-08-10T07:53:02.071Z, owner=om1},
2021-08-10 07:53:22,923 [Listener at 127.0.0.1/35799] INFO  container.ReplicationManager (ReplicationManager.java:processAll(341)) - Replication Monitor Thread took 19 milliseconds for processing 1 containers.
2021-08-10 07:53:22,924 [Listener at 127.0.0.1/35799] INFO  container.ReplicationManager (ReplicationManager.java:sendDeleteCommand(1478)) - Sending delete container command for container #1 to datanode 6aba10dc-a58f-4fc7-8218-673b2e1b730d{ip: 10.1.0.46, host: fv-az12-876.exdb2aeach2ezidoxz41lk3bwg.cx.internal.cloudapp.net, ports: [REPLICATION=39653, RATIS=42995, RATIS_ADMIN=42995, RATIS_SERVER=42995, STANDALONE=34629], networkLocation: /default-rack, certSerialId: null, persistedOpState: IN_SERVICE, persistedOpStateExpiryEpochSec: 0}
2021-08-10 07:53:22,926 [Listener at 127.0.0.1/35799] DEBUG container.ReplicationManager (ReplicationManager.java:handleContainerUnderDelete(979)) - Resend delete Container command for ContainerInfo{id=1, state=DELETING, pipelineID=PipelineID=28ad549a-28e7-4401-a4ff-5ce5490daff9, stateEnterTime=2021-08-10T07:53:02.071Z, owner=om1}
2021-08-10 07:53:22,927 [Listener at 127.0.0.1/35799] INFO  container.ReplicationManager (ReplicationManager.java:processAll(341)) - Replication Monitor Thread took 3 milliseconds for processing 1 containers.
2021-08-10 07:53:22,929 [Listener at 127.0.0.1/35799] WARN  impl.MetricRegistriesImpl (MetricRegistriesImpl.java:addReporterRegistration(111)) - New reporters are added after registries were created. Some metrics will be missing from the reporter. Please add reporter before adding any new registry.
2021-08-10 07:53:22,929 [Listener at 127.0.0.1/35799] WARN  impl.MetricRegistriesImpl (MetricRegistriesImpl.java:addReporterRegistration(111)) - New reporters are added after registries were created. Some metrics will be missing from the reporter. Please add reporter before adding any new registry.
2021-08-10 07:53:22,929 [Listener at 127.0.0.1/35799] INFO  impl.MetricsSystemImpl (MetricsSystemImpl.java:init(158)) - HddsDatanode metrics system started (again)
2021-08-10 07:53:22,993 [SCMBlockDeletingService#0] DEBUG block.SCMBlockDeletingService (SCMBlockDeletingService.java:call(133)) - Running DeletedBlockTransactionScanner
2021-08-10 07:53:23,037 [Listener at 127.0.0.1/35799] INFO  ozone.HddsDatanodeService (HddsDatanodeService.java:start(234)) - HddsDatanodeService host:fv-az12-876.exdb2aeach2ezidoxz41lk3bwg.cx.internal.cloudapp.net ip:10.1.0.46
2021-08-10 07:53:23,093 [SCMBlockDeletingService#0] DEBUG block.SCMBlockDeletingService (SCMBlockDeletingService.java:call(133)) - Running DeletedBlockTransactionScanner
2021-08-10 07:53:23,107 [Listener at 127.0.0.1/35799] INFO  upgrade.AbstractLayoutVersionManager (AbstractLayoutVersionManager.java:init(70)) - Initializing Layout version manager with metadata layout = SCM_HA (version = 2), software layout = SCM_HA (version = 2)
2021-08-10 07:53:23,187 [Listener at 127.0.0.1/35799] INFO  reflections.Reflections (Reflections.java:scan(232)) - Reflections took 79 ms to scan 7 urls, producing 120 keys and 275 values 
2021-08-10 07:53:23,193 [SCMBlockDeletingService#0] DEBUG block.SCMBlockDeletingService (SCMBlockDeletingService.java:call(133)) - Running DeletedBlockTransactionScanner
2021-08-10 07:53:23,212 [Listener at 127.0.0.1/35799] INFO  volume.HddsVolume (HddsVolume.java:<init>(120)) - Creating HddsVolume: /home/runner/work/ozone/ozone/hadoop-ozone/integration-test/target/test-dir/MiniOzoneClusterImpl-18dd5eeb-2d01-48fa-8c78-b335295f6fb4/datanode-0/data-0/containers/hdds of storage type : DISK capacity : 9223372036854775807
2021-08-10 07:53:23,212 [Listener at 127.0.0.1/35799] INFO  volume.MutableVolumeSet (MutableVolumeSet.java:initializeVolumeSet(181)) - Added Volume : /home/runner/work/ozone/ozone/hadoop-ozone/integration-test/target/test-dir/MiniOzoneClusterImpl-18dd5eeb-2d01-48fa-8c78-b335295f6fb4/datanode-0/data-0/containers/hdds to VolumeSet
2021-08-10 07:53:23,212 [Listener at 127.0.0.1/35799] INFO  volume.ThrottledAsyncChecker (ThrottledAsyncChecker.java:schedule(141)) - Scheduling a check for /home/runner/work/ozone/ozone/hadoop-ozone/integration-test/target/test-dir/MiniOzoneClusterImpl-18dd5eeb-2d01-48fa-8c78-b335295f6fb4/datanode-0/data-0/containers/hdds
2021-08-10 07:53:23,213 [Listener at 127.0.0.1/35799] INFO  volume.StorageVolumeChecker (StorageVolumeChecker.java:checkAllVolumes(202)) - Scheduled health check for volume /home/runner/work/ozone/ozone/hadoop-ozone/integration-test/target/test-dir/MiniOzoneClusterImpl-18dd5eeb-2d01-48fa-8c78-b335295f6fb4/datanode-0/data-0/containers/hdds
2021-08-10 07:53:23,251 [Listener at 127.0.0.1/35799] INFO  volume.MutableVolumeSet (MutableVolumeSet.java:initializeVolumeSet(181)) - Added Volume : /home/runner/work/ozone/ozone/hadoop-ozone/integration-test/target/test-dir/MiniOzoneClusterImpl-18dd5eeb-2d01-48fa-8c78-b335295f6fb4/datanode-0/data/ratis to VolumeSet
2021-08-10 07:53:23,252 [Listener at 127.0.0.1/35799] INFO  volume.ThrottledAsyncChecker (ThrottledAsyncChecker.java:schedule(141)) - Scheduling a check for /home/runner/work/ozone/ozone/hadoop-ozone/integration-test/target/test-dir/MiniOzoneClusterImpl-18dd5eeb-2d01-48fa-8c78-b335295f6fb4/datanode-0/data/ratis
2021-08-10 07:53:23,252 [Listener at 127.0.0.1/35799] INFO  volume.StorageVolumeChecker (StorageVolumeChecker.java:checkAllVolumes(202)) - Scheduled health check for volume /home/runner/work/ozone/ozone/hadoop-ozone/integration-test/target/test-dir/MiniOzoneClusterImpl-18dd5eeb-2d01-48fa-8c78-b335295f6fb4/datanode-0/data/ratis
2021-08-10 07:53:23,264 [Listener at 127.0.0.1/35799] INFO  ozoneimpl.ContainerReader (ContainerReader.java:<init>(98)) - Running in upgrade mode:true
2021-08-10 07:53:23,287 [Thread-4156] INFO  ozoneimpl.ContainerReader (ContainerReader.java:readVolume(142)) - Start to verify containers on volume /home/runner/work/ozone/ozone/hadoop-ozone/integration-test/target/test-dir/MiniOzoneClusterImpl-18dd5eeb-2d01-48fa-8c78-b335295f6fb4/datanode-0/data-0/containers/hdds
2021-08-10 07:53:23,293 [SCMBlockDeletingService#0] DEBUG block.SCMBlockDeletingService (SCMBlockDeletingService.java:call(133)) - Running DeletedBlockTransactionScanner
2021-08-10 07:53:23,373 [Thread-4156] INFO  ozoneimpl.ContainerReader (ContainerReader.java:readVolume(174)) - Finish verifying containers on volume /home/runner/work/ozone/ozone/hadoop-ozone/integration-test/target/test-dir/MiniOzoneClusterImpl-18dd5eeb-2d01-48fa-8c78-b335295f6fb4/datanode-0/data-0/containers/hdds
2021-08-10 07:53:23,373 [Listener at 127.0.0.1/35799] INFO  ozoneimpl.OzoneContainer (OzoneContainer.java:buildContainerSet(237)) - Build ContainerSet costs 0s
2021-08-10 07:53:23,379 [Listener at 127.0.0.1/35799] INFO  server.RaftServer (ConfUtils.java:logGet(44)) - raft.rpc.type = GRPC (default)
2021-08-10 07:53:23,379 [Listener at 127.0.0.1/35799] INFO  grpc.GrpcFactory (GrpcFactory.java:checkPooledByteBufAllocatorUseCacheForAllThreads(48)) - PERFORMANCE WARNING: useCacheForAllThreads is true that may cause Netty to create a lot garbage objects and, as a result, trigger GC.
	It is recommended to disable useCacheForAllThreads by setting -Dorg.apache.ratis.thirdparty.io.netty.allocator.useCacheForAllThreads=false in command line.
2021-08-10 07:53:23,379 [Listener at 127.0.0.1/35799] INFO  grpc.GrpcConfigKeys (ConfUtils.java:logGet(44)) - raft.grpc.admin.port = 42995 (custom)
2021-08-10 07:53:23,380 [Listener at 127.0.0.1/35799] INFO  grpc.GrpcConfigKeys (ConfUtils.java:logGet(44)) - raft.grpc.client.port = 42995 (custom)
2021-08-10 07:53:23,380 [Listener at 127.0.0.1/35799] INFO  grpc.GrpcConfigKeys (ConfUtils.java:logGet(44)) - raft.grpc.server.port = 42995 (custom)
2021-08-10 07:53:23,380 [Listener at 127.0.0.1/35799] INFO  server.GrpcService (ConfUtils.java:logGet(44)) - raft.grpc.message.size.max = 32MB (=33554432) (custom)
2021-08-10 07:53:23,380 [Listener at 127.0.0.1/35799] INFO  server.RaftServerConfigKeys (ConfUtils.java:logGet(44)) - raft.server.log.appender.buffer.byte-limit = 33554432 (custom)
2021-08-10 07:53:23,380 [Listener at 127.0.0.1/35799] INFO  server.GrpcService (ConfUtils.java:logGet(44)) - raft.grpc.flow.control.window = 5MB (=5242880) (custom)
2021-08-10 07:53:23,380 [Listener at 127.0.0.1/35799] INFO  server.RaftServerConfigKeys (ConfUtils.java:logGet(44)) - raft.server.rpc.request.timeout = 60s (custom)
2021-08-10 07:53:23,382 [Listener at 127.0.0.1/35799] INFO  impl.DataStreamServerImpl (ConfUtils.java:logGet(44)) - raft.datastream.type = DISABLED (default)
2021-08-10 07:53:23,383 [Listener at 127.0.0.1/35799] INFO  server.RaftServerConfigKeys (ConfUtils.java:logGet(44)) - raft.server.rpc.slowness.timeout = 300s (custom)
2021-08-10 07:53:23,384 [Listener at 127.0.0.1/35799] INFO  server.RaftServerConfigKeys (ConfUtils.java:logGet(44)) - raft.server.leaderelection.leader.step-down.wait-time = 10s (default)
2021-08-10 07:53:23,384 [Listener at 127.0.0.1/35799] INFO  server.RaftServerConfigKeys (ConfUtils.java:logGet(44)) - raft.server.storage.dir = [/home/runner/work/ozone/ozone/hadoop-ozone/integration-test/target/test-dir/MiniOzoneClusterImpl-18dd5eeb-2d01-48fa-8c78-b335295f6fb4/datanode-0/data/ratis] (custom)
2021-08-10 07:53:23,384 [Listener at 127.0.0.1/35799] INFO  server.RaftServer (RaftServerProxy.java:lambda$null$1(235)) - 6aba10dc-a58f-4fc7-8218-673b2e1b730d: found a subdirectory /home/runner/work/ozone/ozone/hadoop-ozone/integration-test/target/test-dir/MiniOzoneClusterImpl-18dd5eeb-2d01-48fa-8c78-b335295f6fb4/datanode-0/data/ratis/28ad549a-28e7-4401-a4ff-5ce5490daff9
2021-08-10 07:53:23,392 [Listener at 127.0.0.1/35799] INFO  server.RaftServer (RaftServerProxy.java:addNew(95)) - 6aba10dc-a58f-4fc7-8218-673b2e1b730d: addNew group-5CE5490DAFF9:[] returns group-5CE5490DAFF9:java.util.concurrent.CompletableFuture@136cef7c[Not completed]
2021-08-10 07:53:23,393 [SCMBlockDeletingService#0] DEBUG block.SCMBlockDeletingService (SCMBlockDeletingService.java:call(133)) - Running DeletedBlockTransactionScanner
2021-08-10 07:53:23,399 [pool-359-thread-1] INFO  server.RaftServer$Division (RaftServerImpl.java:<init>(181)) - 6aba10dc-a58f-4fc7-8218-673b2e1b730d: new RaftServerImpl for group-5CE5490DAFF9:[] with ContainerStateMachine:uninitialized
2021-08-10 07:53:23,408 [Listener at 127.0.0.1/35799] INFO  http.BaseHttpServer (BaseHttpServer.java:newHttpServer2BuilderForOzone(209)) - Starting Web-server for hddsDatanode at: http://0.0.0.0:32879
2021-08-10 07:53:23,408 [Listener at 127.0.0.1/35799] INFO  http.BaseHttpServer (BaseHttpServer.java:<init>(107)) - Hadoop Security Enabled: false Ozone Security Enabled: false Ozone HTTP Security Enabled: false 
2021-08-10 07:53:23,409 [Listener at 127.0.0.1/35799] INFO  server.AuthenticationFilter (AuthenticationFilter.java:constructSecretProvider(240)) - Unable to initialize FileSignerSecretProvider, falling back to use random secrets.
2021-08-10 07:53:23,410 [Datanode State Machine Thread - 0] WARN  statemachine.StateContext (StateContext.java:execute(621)) - No available thread in pool for past 0 seconds.
2021-08-10 07:53:23,410 [pool-359-thread-1] INFO  server.RaftServerConfigKeys (ConfUtils.java:logGet(44)) - raft.server.rpc.timeout.min = 5s (custom)
2021-08-10 07:53:23,411 [pool-359-thread-1] INFO  server.RaftServerConfigKeys (ConfUtils.java:logGet(44)) - raft.server.rpc.timeout.max = 5200ms (custom)
2021-08-10 07:53:23,412 [pool-359-thread-1] INFO  server.RaftServerConfigKeys (ConfUtils.java:logGet(44)) - raft.server.rpc.sleep.time = 25ms (default)
2021-08-10 07:53:23,412 [pool-359-thread-1] INFO  server.RaftServerConfigKeys (ConfUtils.java:logGet(44)) - raft.server.rpc.slowness.timeout = 300s (custom)
2021-08-10 07:53:23,412 [pool-359-thread-1] INFO  server.RaftServerConfigKeys (ConfUtils.java:logGet(44)) - raft.server.leaderelection.leader.step-down.wait-time = 10s (default)
2021-08-10 07:53:23,412 [pool-359-thread-1] INFO  server.RaftServerConfigKeys (ConfUtils.java:logGet(44)) - raft.server.sleep.deviation.threshold = 300ms (default)
2021-08-10 07:53:23,412 [pool-359-thread-1] INFO  server.RaftServerConfigKeys (ConfUtils.java:logGet(44)) - raft.server.log.appender.install.snapshot.enabled = false (custom)
2021-08-10 07:53:23,412 [pool-359-thread-1] INFO  server.RaftServer$Division (ServerState.java:<init>(105)) - 6aba10dc-a58f-4fc7-8218-673b2e1b730d@group-5CE5490DAFF9: ConfigurationManager, init=-1: [], old=null, confs=<EMPTY_MAP>
2021-08-10 07:53:23,412 [pool-359-thread-1] INFO  server.RaftServerConfigKeys (ConfUtils.java:logGet(44)) - raft.server.storage.dir = [/home/runner/work/ozone/ozone/hadoop-ozone/integration-test/target/test-dir/MiniOzoneClusterImpl-18dd5eeb-2d01-48fa-8c78-b335295f6fb4/datanode-0/data/ratis] (custom)
2021-08-10 07:53:23,412 [pool-359-thread-1] INFO  server.RaftServerConfigKeys (ConfUtils.java:logGet(44)) - raft.server.log.corruption.policy = EXCEPTION (default)
2021-08-10 07:53:23,412 [pool-359-thread-1] INFO  server.RaftServerConfigKeys (ConfUtils.java:logGet(44)) - raft.server.storage.free-space.min = 0MB (=0) (default)
2021-08-10 07:53:23,419 [pool-359-thread-1] INFO  storage.RaftStorageDirectory (RaftStorageDirectoryImpl.java:tryLock(230)) - Lock on /home/runner/work/ozone/ozone/hadoop-ozone/integration-test/target/test-dir/MiniOzoneClusterImpl-18dd5eeb-2d01-48fa-8c78-b335295f6fb4/datanode-0/data/ratis/28ad549a-28e7-4401-a4ff-5ce5490daff9/in_use.lock acquired by nodename 29984@fv-az12-876
2021-08-10 07:53:23,419 [Listener at 127.0.0.1/35799] WARN  http.HttpRequestLog (HttpRequestLog.java:getRequestLog(103)) - Jetty request log can only be enabled using Log4j
2021-08-10 07:53:23,420 [pool-359-thread-1] INFO  storage.RaftStorage (RaftStorageImpl.java:analyzeAndRecoverStorage(110)) - Read RaftStorageMetadata{term=4, votedFor=e27b497d-edf5-4527-a9cd-0b54bade3291} from /home/runner/work/ozone/ozone/hadoop-ozone/integration-test/target/test-dir/MiniOzoneClusterImpl-18dd5eeb-2d01-48fa-8c78-b335295f6fb4/datanode-0/data/ratis/28ad549a-28e7-4401-a4ff-5ce5490daff9/current/raft-meta
2021-08-10 07:53:23,420 [Listener at 127.0.0.1/35799] INFO  http.HttpServer2 (HttpServer2.java:addGlobalFilter(1020)) - Added global filter 'safety' (class=org.apache.hadoop.hdds.server.http.HttpServer2$QuotingInputFilter)
2021-08-10 07:53:23,420 [Listener at 127.0.0.1/35799] INFO  http.HttpServer2 (HttpServer2.java:addFilter(996)) - Added filter static_user_filter (class=org.apache.hadoop.http.lib.StaticUserWebFilter$StaticUserFilter) to context hddsDatanode
2021-08-10 07:53:23,421 [Listener at 127.0.0.1/35799] INFO  http.HttpServer2 (HttpServer2.java:addFilter(1004)) - Added filter static_user_filter (class=org.apache.hadoop.http.lib.StaticUserWebFilter$StaticUserFilter) to context logs
2021-08-10 07:53:23,421 [Listener at 127.0.0.1/35799] INFO  http.HttpServer2 (HttpServer2.java:addFilter(1004)) - Added filter static_user_filter (class=org.apache.hadoop.http.lib.StaticUserWebFilter$StaticUserFilter) to context static
2021-08-10 07:53:23,421 [Listener at 127.0.0.1/35799] INFO  http.HttpServer2 (HttpServer2.java:bindListener(1239)) - Jetty bound to port 32879
2021-08-10 07:53:23,421 [Listener at 127.0.0.1/35799] INFO  server.Server (Server.java:doStart(375)) - jetty-9.4.43.v20210629; built: 2021-06-30T11:07:22.254Z; git: 526006ecfa3af7f1a27ef3a288e2bef7ea9dd7e8; jvm 1.8.0_292-b10
2021-08-10 07:53:23,444 [Listener at 127.0.0.1/35799] INFO  server.session (DefaultSessionIdManager.java:doStart(334)) - DefaultSessionIdManager workerName=node0
2021-08-10 07:53:23,444 [Listener at 127.0.0.1/35799] INFO  server.session (DefaultSessionIdManager.java:doStart(339)) - No SessionScavenger set, using defaults
2021-08-10 07:53:23,444 [Listener at 127.0.0.1/35799] INFO  server.session (HouseKeeper.java:startScavenging(132)) - node0 Scavenging every 660000ms
2021-08-10 07:53:23,450 [pool-359-thread-1] INFO  ratis.ContainerStateMachine (ContainerStateMachine.java:loadSnapshot(232)) - group-5CE5490DAFF9: Setting the last applied index to (t:4, i:14)
2021-08-10 07:53:23,455 [Listener at 127.0.0.1/35799] INFO  handler.ContextHandler (ContextHandler.java:doStart(915)) - Started o.e.j.s.ServletContextHandler@6576def5{logs,/logs,file:///home/runner/work/ozone/ozone/hadoop-ozone/integration-test/target/log,AVAILABLE}
2021-08-10 07:53:23,457 [Listener at 127.0.0.1/35799] INFO  handler.ContextHandler (ContextHandler.java:doStart(915)) - Started o.e.j.s.ServletContextHandler@947e589{static,/static,jar:file:/home/runner/.m2/repository/org/apache/ozone/hdds-container-service/1.2.0-SNAPSHOT/hdds-container-service-1.2.0-SNAPSHOT.jar!/webapps/static,AVAILABLE}
2021-08-10 07:53:23,459 [pool-359-thread-1] INFO  server.RaftServer$Division (ServerState.java:setRaftConf(387)) - 6aba10dc-a58f-4fc7-8218-673b2e1b730d@group-5CE5490DAFF9: set configuration 0: [581c0420-ae36-4e78-8d82-33b3ef40d50c|rpc:10.1.0.46:42363|dataStream:|priority:0, e27b497d-edf5-4527-a9cd-0b54bade3291|rpc:10.1.0.46:38727|dataStream:|priority:1, 6aba10dc-a58f-4fc7-8218-673b2e1b730d|rpc:10.1.0.46:42995|dataStream:|priority:0], old=null
2021-08-10 07:53:23,459 [pool-359-thread-1] INFO  server.RaftServerConfigKeys (ConfUtils.java:logGet(44)) - raft.server.notification.no-leader.timeout = 300s (custom)
2021-08-10 07:53:23,459 [pool-359-thread-1] INFO  server.RaftServerConfigKeys (ConfUtils.java:logGet(44)) - raft.server.log.use.memory = false (default)
2021-08-10 07:53:23,459 [pool-359-thread-1] INFO  server.RaftServerConfigKeys (ConfUtils.java:logGet(44)) - raft.server.log.purge.gap = 1000000 (custom)
2021-08-10 07:53:23,459 [pool-359-thread-1] INFO  server.RaftServerConfigKeys (ConfUtils.java:logGet(44)) - raft.server.log.appender.buffer.byte-limit = 33554432 (custom)
2021-08-10 07:53:23,460 [pool-359-thread-1] INFO  server.RaftServerConfigKeys (ConfUtils.java:logGet(44)) - raft.server.log.segment.size.max = 1048576 (custom)
2021-08-10 07:53:23,460 [pool-359-thread-1] INFO  server.RaftServerConfigKeys (ConfUtils.java:logGet(44)) - raft.server.log.segment.cache.num.max = 2 (custom)
2021-08-10 07:53:23,460 [pool-359-thread-1] INFO  server.RaftServerConfigKeys (ConfUtils.java:logGet(44)) - raft.server.log.segment.cache.size.max = 200MB (=209715200) (default)
2021-08-10 07:53:23,460 [pool-359-thread-1] INFO  segmented.SegmentedRaftLogWorker (SegmentedRaftLogWorker.java:<init>(182)) - new 6aba10dc-a58f-4fc7-8218-673b2e1b730d@group-5CE5490DAFF9-SegmentedRaftLogWorker for RaftStorageImpl:Storage Directory /home/runner/work/ozone/ozone/hadoop-ozone/integration-test/target/test-dir/MiniOzoneClusterImpl-18dd5eeb-2d01-48fa-8c78-b335295f6fb4/datanode-0/data/ratis/28ad549a-28e7-4401-a4ff-5ce5490daff9
2021-08-10 07:53:23,460 [pool-359-thread-1] INFO  server.RaftServerConfigKeys (ConfUtils.java:logGet(44)) - raft.server.log.queue.byte-limit = 2147483647 (custom)
2021-08-10 07:53:23,460 [pool-359-thread-1] INFO  server.RaftServerConfigKeys (ConfUtils.java:logGet(44)) - raft.server.log.queue.element-limit = 1024 (custom)
2021-08-10 07:53:23,460 [pool-359-thread-1] INFO  server.RaftServerConfigKeys (ConfUtils.java:logGet(44)) - raft.server.log.segment.size.max = 1048576 (custom)
2021-08-10 07:53:23,460 [pool-359-thread-1] INFO  server.RaftServerConfigKeys (ConfUtils.java:logGet(44)) - raft.server.log.preallocated.size = 16384 (custom)
2021-08-10 07:53:23,460 [pool-359-thread-1] INFO  server.RaftServerConfigKeys (ConfUtils.java:logGet(44)) - raft.server.log.force.sync.num = 128 (default)
2021-08-10 07:53:23,460 [pool-359-thread-1] INFO  server.RaftServerConfigKeys (ConfUtils.java:logGet(44)) - raft.server.log.statemachine.data.sync = true (default)
2021-08-10 07:53:23,460 [pool-359-thread-1] INFO  server.RaftServerConfigKeys (ConfUtils.java:logGet(44)) - raft.server.log.statemachine.data.sync.timeout = 10s (default)
2021-08-10 07:53:23,460 [pool-359-thread-1] INFO  server.RaftServerConfigKeys (ConfUtils.java:logGet(44)) - raft.server.log.statemachine.data.sync.timeout.retry = -1 (default)
2021-08-10 07:53:23,488 [pool-359-thread-1] INFO  server.RaftServerConfigKeys (ConfUtils.java:logGet(44)) - raft.server.log.write.buffer.size = 1048576 (custom)
2021-08-10 07:53:23,488 [pool-359-thread-1] INFO  server.RaftServerConfigKeys (ConfUtils.java:logGet(44)) - raft.server.log.statemachine.data.caching.enabled = true (custom)
2021-08-10 07:53:23,493 [SCMBlockDeletingService#0] DEBUG block.SCMBlockDeletingService (SCMBlockDeletingService.java:call(133)) - Running DeletedBlockTransactionScanner
2021-08-10 07:53:23,493 [pool-359-thread-1] INFO  server.RaftServer$Division (ServerState.java:setRaftConf(387)) - 6aba10dc-a58f-4fc7-8218-673b2e1b730d@group-5CE5490DAFF9: set configuration 0: [581c0420-ae36-4e78-8d82-33b3ef40d50c|rpc:10.1.0.46:42363|dataStream:|priority:0, e27b497d-edf5-4527-a9cd-0b54bade3291|rpc:10.1.0.46:38727|dataStream:|priority:1, 6aba10dc-a58f-4fc7-8218-673b2e1b730d|rpc:10.1.0.46:42995|dataStream:|priority:0], old=null
2021-08-10 07:53:23,494 [pool-359-thread-1] INFO  segmented.LogSegment (LogSegment.java:loadSegment(173)) - Successfully read 15 entries from segment file /home/runner/work/ozone/ozone/hadoop-ozone/integration-test/target/test-dir/MiniOzoneClusterImpl-18dd5eeb-2d01-48fa-8c78-b335295f6fb4/datanode-0/data/ratis/28ad549a-28e7-4401-a4ff-5ce5490daff9/current/log_inprogress_0
2021-08-10 07:53:23,499 [pool-359-thread-1] INFO  segmented.SegmentedRaftLogWorker (SegmentedRaftLogWorker.java:lambda$new$0(133)) - 6aba10dc-a58f-4fc7-8218-673b2e1b730d@group-5CE5490DAFF9-SegmentedRaftLogWorker: flushIndex: setUnconditionally 0 -> 14
2021-08-10 07:53:23,499 [pool-359-thread-1] INFO  segmented.SegmentedRaftLogWorker (SegmentedRaftLogWorker.java:lambda$new$0(133)) - 6aba10dc-a58f-4fc7-8218-673b2e1b730d@group-5CE5490DAFF9-SegmentedRaftLogWorker: safeCacheEvictIndex: setUnconditionally 0 -> -1
2021-08-10 07:53:23,503 [pool-359-thread-1] INFO  raftlog.RaftLog (RaftLogBase.java:lambda$new$0(53)) - 6aba10dc-a58f-4fc7-8218-673b2e1b730d@group-5CE5490DAFF9-SegmentedRaftLog: commitIndex: updateToMax old=14, new=13, updated? false
2021-08-10 07:53:23,503 [pool-359-thread-1] INFO  server.RaftServerConfigKeys (ConfUtils.java:logGet(44)) - raft.server.snapshot.auto.trigger.enabled = true (custom)
2021-08-10 07:53:23,503 [pool-359-thread-1] INFO  server.RaftServerConfigKeys (ConfUtils.java:logGet(44)) - raft.server.snapshot.auto.trigger.threshold = 10000 (custom)
2021-08-10 07:53:23,503 [pool-359-thread-1] INFO  server.RaftServerConfigKeys (ConfUtils.java:logGet(44)) - raft.server.snapshot.retention.file.num = 5 (custom)
2021-08-10 07:53:23,503 [pool-359-thread-1] INFO  server.RaftServerConfigKeys (ConfUtils.java:logGet(44)) - raft.server.log.purge.upto.snapshot.index = false (default)
2021-08-10 07:53:23,504 [pool-359-thread-1] INFO  server.RaftServerConfigKeys (ConfUtils.java:logGet(44)) - raft.server.retrycache.expirytime = 600000ms (custom)
2021-08-10 07:53:23,504 [pool-359-thread-1] INFO  server.RaftServerConfigKeys (ConfUtils.java:logGet(44)) - raft.server.retrycache.statistics.expirytime = 100μs (default)
2021-08-10 07:53:23,590 [Listener at 127.0.0.1/35799] INFO  handler.ContextHandler (ContextHandler.java:doStart(915)) - Started o.e.j.w.WebAppContext@52e54aaa{hddsDatanode,/,file:///tmp/jetty-0_0_0_0-32879-hdds-container-service-1_2_0-SNAPSHOT_jar-_-any-6571339184589446125/webapp/,AVAILABLE}{jar:file:/home/runner/.m2/repository/org/apache/ozone/hdds-container-service/1.2.0-SNAPSHOT/hdds-container-service-1.2.0-SNAPSHOT.jar!/webapps/hddsDatanode}
2021-08-10 07:53:23,593 [SCMBlockDeletingService#0] DEBUG block.SCMBlockDeletingService (SCMBlockDeletingService.java:call(133)) - Running DeletedBlockTransactionScanner
2021-08-10 07:53:23,593 [Listener at 127.0.0.1/35799] INFO  server.AbstractConnector (AbstractConnector.java:doStart(331)) - Started ServerConnector@1f3f734f{HTTP/1.1, (http/1.1)}{0.0.0.0:32879}
2021-08-10 07:53:23,594 [Listener at 127.0.0.1/35799] INFO  server.Server (Server.java:doStart(415)) - Started @110736ms
2021-08-10 07:53:23,594 [Listener at 127.0.0.1/35799] WARN  impl.MetricsSystemImpl (MetricsSystemImpl.java:register(279)) - Sink prometheus already exists!
2021-08-10 07:53:23,594 [Listener at 127.0.0.1/35799] INFO  http.BaseHttpServer (BaseHttpServer.java:updateConnectorAddress(329)) - HTTP server of hddsDatanode listening at http://0.0.0.0:32879
2021-08-10 07:53:23,607 [Listener at 127.0.0.1/35799] INFO  ozone.MiniOzoneClusterImpl (MiniOzoneClusterImpl.java:lambda$waitForClusterToBeReady$0(235)) - Waiting for nodes to be ready. Got 2 of 3 DN Heartbeats.
2021-08-10 07:53:23,607 [Listener at 127.0.0.1/35799] INFO  ozone.MiniOzoneClusterImpl (MiniOzoneClusterImpl.java:lambda$waitForClusterToBeReady$0(238)) - Cluster exits safe mode
2021-08-10 07:53:23,607 [Listener at 127.0.0.1/35799] INFO  ozone.MiniOzoneClusterImpl (MiniOzoneClusterImpl.java:lambda$waitForClusterToBeReady$0(240)) - SCM became leader
2021-08-10 07:53:23,679 [org.apache.hadoop.util.JvmPauseMonitor$Monitor@10934eb8] INFO  util.JvmPauseMonitor (JvmPauseMonitor.java:run(188)) - Starting JVM pause monitor
2021-08-10 07:53:23,693 [SCMBlockDeletingService#0] DEBUG block.SCMBlockDeletingService (SCMBlockDeletingService.java:call(133)) - Running DeletedBlockTransactionScanner
2021-08-10 07:53:23,760 [Datanode State Machine Thread - 0] WARN  statemachine.StateContext (StateContext.java:execute(621)) - No available thread in pool for past 0 seconds.
2021-08-10 07:53:23,793 [SCMBlockDeletingService#0] DEBUG block.SCMBlockDeletingService (SCMBlockDeletingService.java:call(133)) - Running DeletedBlockTransactionScanner
2021-08-10 07:53:23,893 [SCMBlockDeletingService#0] DEBUG block.SCMBlockDeletingService (SCMBlockDeletingService.java:call(133)) - Running DeletedBlockTransactionScanner
2021-08-10 07:53:23,993 [SCMBlockDeletingService#0] DEBUG block.SCMBlockDeletingService (SCMBlockDeletingService.java:call(133)) - Running DeletedBlockTransactionScanner
2021-08-10 07:53:24,094 [SCMBlockDeletingService#0] DEBUG block.SCMBlockDeletingService (SCMBlockDeletingService.java:call(133)) - Running DeletedBlockTransactionScanner
2021-08-10 07:53:24,194 [SCMBlockDeletingService#0] DEBUG block.SCMBlockDeletingService (SCMBlockDeletingService.java:call(133)) - Running DeletedBlockTransactionScanner
2021-08-10 07:53:24,294 [SCMBlockDeletingService#0] DEBUG block.SCMBlockDeletingService (SCMBlockDeletingService.java:call(133)) - Running DeletedBlockTransactionScanner
2021-08-10 07:53:24,394 [SCMBlockDeletingService#0] DEBUG block.SCMBlockDeletingService (SCMBlockDeletingService.java:call(133)) - Running DeletedBlockTransactionScanner
2021-08-10 07:53:24,494 [SCMBlockDeletingService#0] DEBUG block.SCMBlockDeletingService (SCMBlockDeletingService.java:call(133)) - Running DeletedBlockTransactionScanner
2021-08-10 07:53:24,594 [SCMBlockDeletingService#0] DEBUG block.SCMBlockDeletingService (SCMBlockDeletingService.java:call(133)) - Running DeletedBlockTransactionScanner
2021-08-10 07:53:24,608 [Listener at 127.0.0.1/35799] INFO  ozone.MiniOzoneClusterImpl (MiniOzoneClusterImpl.java:lambda$waitForClusterToBeReady$0(235)) - Waiting for nodes to be ready. Got 2 of 3 DN Heartbeats.
2021-08-10 07:53:24,608 [Listener at 127.0.0.1/35799] INFO  ozone.MiniOzoneClusterImpl (MiniOzoneClusterImpl.java:lambda$waitForClusterToBeReady$0(238)) - Cluster exits safe mode
2021-08-10 07:53:24,608 [Listener at 127.0.0.1/35799] INFO  ozone.MiniOzoneClusterImpl (MiniOzoneClusterImpl.java:lambda$waitForClusterToBeReady$0(240)) - SCM became leader
2021-08-10 07:53:24,694 [SCMBlockDeletingService#0] DEBUG block.SCMBlockDeletingService (SCMBlockDeletingService.java:call(133)) - Running DeletedBlockTransactionScanner
2021-08-10 07:53:24,794 [SCMBlockDeletingService#0] DEBUG block.SCMBlockDeletingService (SCMBlockDeletingService.java:call(133)) - Running DeletedBlockTransactionScanner
2021-08-10 07:53:24,894 [SCMBlockDeletingService#0] DEBUG block.SCMBlockDeletingService (SCMBlockDeletingService.java:call(133)) - Running DeletedBlockTransactionScanner
2021-08-10 07:53:24,899 [grpc-default-executor-3] WARN  server.GrpcLogAppender (LogUtils.java:warn(122)) - e27b497d-edf5-4527-a9cd-0b54bade3291@group-5CE5490DAFF9->6aba10dc-a58f-4fc7-8218-673b2e1b730d-AppendLogResponseHandler: Failed appendEntries: org.apache.ratis.thirdparty.io.grpc.StatusRuntimeException: UNAVAILABLE: io exception
2021-08-10 07:53:24,900 [grpc-default-executor-3] INFO  leader.FollowerInfo (FollowerInfoImpl.java:lambda$new$0(46)) - e27b497d-edf5-4527-a9cd-0b54bade3291@group-5CE5490DAFF9->6aba10dc-a58f-4fc7-8218-673b2e1b730d: nextIndex: updateUnconditionally 15 -> 14
2021-08-10 07:53:24,994 [SCMBlockDeletingService#0] DEBUG block.SCMBlockDeletingService (SCMBlockDeletingService.java:call(133)) - Running DeletedBlockTransactionScanner
2021-08-10 07:53:25,094 [SCMBlockDeletingService#0] DEBUG block.SCMBlockDeletingService (SCMBlockDeletingService.java:call(133)) - Running DeletedBlockTransactionScanner
2021-08-10 07:53:25,194 [SCMBlockDeletingService#0] DEBUG block.SCMBlockDeletingService (SCMBlockDeletingService.java:call(133)) - Running DeletedBlockTransactionScanner
2021-08-10 07:53:25,294 [SCMBlockDeletingService#0] DEBUG block.SCMBlockDeletingService (SCMBlockDeletingService.java:call(133)) - Running DeletedBlockTransactionScanner
2021-08-10 07:53:25,394 [SCMBlockDeletingService#0] DEBUG block.SCMBlockDeletingService (SCMBlockDeletingService.java:call(133)) - Running DeletedBlockTransactionScanner
2021-08-10 07:53:25,495 [SCMBlockDeletingService#0] DEBUG block.SCMBlockDeletingService (SCMBlockDeletingService.java:call(133)) - Running DeletedBlockTransactionScanner
2021-08-10 07:53:25,595 [SCMBlockDeletingService#0] DEBUG block.SCMBlockDeletingService (SCMBlockDeletingService.java:call(133)) - Running DeletedBlockTransactionScanner
2021-08-10 07:53:25,608 [Listener at 127.0.0.1/35799] INFO  ozone.MiniOzoneClusterImpl (MiniOzoneClusterImpl.java:lambda$waitForClusterToBeReady$0(235)) - Waiting for nodes to be ready. Got 2 of 3 DN Heartbeats.
2021-08-10 07:53:25,608 [Listener at 127.0.0.1/35799] INFO  ozone.MiniOzoneClusterImpl (MiniOzoneClusterImpl.java:lambda$waitForClusterToBeReady$0(238)) - Cluster exits safe mode
2021-08-10 07:53:25,608 [Listener at 127.0.0.1/35799] INFO  ozone.MiniOzoneClusterImpl (MiniOzoneClusterImpl.java:lambda$waitForClusterToBeReady$0(240)) - SCM became leader
2021-08-10 07:53:25,683 [EndpointStateMachine task thread for /0.0.0.0:46611 - 0 ] INFO  ozoneimpl.OzoneContainer (OzoneContainer.java:start(305)) - Attempting to start container services.
2021-08-10 07:53:25,683 [EndpointStateMachine task thread for /0.0.0.0:46611 - 0 ] INFO  ozoneimpl.OzoneContainer (OzoneContainer.java:startContainerScrub(250)) - Background container scanner has been disabled.
2021-08-10 07:53:25,695 [SCMBlockDeletingService#0] DEBUG block.SCMBlockDeletingService (SCMBlockDeletingService.java:call(133)) - Running DeletedBlockTransactionScanner
2021-08-10 07:53:25,707 [EndpointStateMachine task thread for /0.0.0.0:46611 - 0 ] INFO  replication.ReplicationServer (ReplicationServer.java:start(106)) - ReplicationServer is started using port 36363
2021-08-10 07:53:25,707 [EndpointStateMachine task thread for /0.0.0.0:46611 - 0 ] INFO  ratis.XceiverServerRatis (XceiverServerRatis.java:start(478)) - Starting XceiverServerRatis 6aba10dc-a58f-4fc7-8218-673b2e1b730d
2021-08-10 07:53:25,728 [EndpointStateMachine task thread for /0.0.0.0:46611 - 0 ] INFO  server.RaftServer$Division (RaftServerImpl.java:start(296)) - 6aba10dc-a58f-4fc7-8218-673b2e1b730d@group-5CE5490DAFF9: start as a follower, conf=0: [581c0420-ae36-4e78-8d82-33b3ef40d50c|rpc:10.1.0.46:42363|dataStream:|priority:0, e27b497d-edf5-4527-a9cd-0b54bade3291|rpc:10.1.0.46:38727|dataStream:|priority:1, 6aba10dc-a58f-4fc7-8218-673b2e1b730d|rpc:10.1.0.46:42995|dataStream:|priority:0], old=null
2021-08-10 07:53:25,729 [EndpointStateMachine task thread for /0.0.0.0:46611 - 0 ] INFO  server.RaftServer$Division (RaftServerImpl.java:setRole(285)) - 6aba10dc-a58f-4fc7-8218-673b2e1b730d@group-5CE5490DAFF9: changes role from      null to FOLLOWER at term 4 for startAsFollower
2021-08-10 07:53:25,729 [EndpointStateMachine task thread for /0.0.0.0:46611 - 0 ] INFO  impl.RoleInfo (RoleInfo.java:updateAndGet(130)) - 6aba10dc-a58f-4fc7-8218-673b2e1b730d: start 6aba10dc-a58f-4fc7-8218-673b2e1b730d@group-5CE5490DAFF9-FollowerState
2021-08-10 07:53:25,729 [EndpointStateMachine task thread for /0.0.0.0:46611 - 0 ] INFO  util.JmxRegister (JmxRegister.java:tryRegister(44)) - Successfully registered JMX Bean with object name Ratis:service=RaftServer,group=group-5CE5490DAFF9,id=6aba10dc-a58f-4fc7-8218-673b2e1b730d
2021-08-10 07:53:25,740 [EndpointStateMachine task thread for /0.0.0.0:46611 - 0 ] INFO  server.RaftServer (RaftServerProxy.java:lambda$start$5(374)) - 6aba10dc-a58f-4fc7-8218-673b2e1b730d: start RPC server
2021-08-10 07:53:25,744 [EndpointStateMachine task thread for /0.0.0.0:46611 - 0 ] INFO  server.GrpcService (GrpcService.java:startImpl(253)) - 6aba10dc-a58f-4fc7-8218-673b2e1b730d: GrpcService started, listening on 42995
2021-08-10 07:53:25,747 [EndpointStateMachine task thread for /0.0.0.0:46611 - 0 ] INFO  ratis.XceiverServerRatis (XceiverServerRatis.java:getRealPort(499)) - XceiverServerRatis 6aba10dc-a58f-4fc7-8218-673b2e1b730d is started using port 42995 for RATIS
2021-08-10 07:53:25,747 [EndpointStateMachine task thread for /0.0.0.0:46611 - 0 ] INFO  ratis.XceiverServerRatis (XceiverServerRatis.java:getRealPort(499)) - XceiverServerRatis 6aba10dc-a58f-4fc7-8218-673b2e1b730d is started using port 42995 for RATIS_ADMIN
2021-08-10 07:53:25,747 [EndpointStateMachine task thread for /0.0.0.0:46611 - 0 ] INFO  ratis.XceiverServerRatis (XceiverServerRatis.java:getRealPort(499)) - XceiverServerRatis 6aba10dc-a58f-4fc7-8218-673b2e1b730d is started using port 42995 for RATIS_SERVER
2021-08-10 07:53:25,757 [org.apache.ratis.util.JvmPauseMonitor$$Lambda$531/620527965@1e9be3ec] INFO  util.JvmPauseMonitor (JvmPauseMonitor.java:run(103)) - JvmPauseMonitor-6aba10dc-a58f-4fc7-8218-673b2e1b730d: Started
2021-08-10 07:53:25,795 [SCMBlockDeletingService#0] DEBUG block.SCMBlockDeletingService (SCMBlockDeletingService.java:call(133)) - Running DeletedBlockTransactionScanner
2021-08-10 07:53:25,895 [SCMBlockDeletingService#0] DEBUG block.SCMBlockDeletingService (SCMBlockDeletingService.java:call(133)) - Running DeletedBlockTransactionScanner
2021-08-10 07:53:25,995 [SCMBlockDeletingService#0] DEBUG block.SCMBlockDeletingService (SCMBlockDeletingService.java:call(133)) - Running DeletedBlockTransactionScanner
2021-08-10 07:53:26,095 [SCMBlockDeletingService#0] DEBUG block.SCMBlockDeletingService (SCMBlockDeletingService.java:call(133)) - Running DeletedBlockTransactionScanner
2021-08-10 07:53:26,195 [SCMBlockDeletingService#0] DEBUG block.SCMBlockDeletingService (SCMBlockDeletingService.java:call(133)) - Running DeletedBlockTransactionScanner
2021-08-10 07:53:26,295 [SCMBlockDeletingService#0] DEBUG block.SCMBlockDeletingService (SCMBlockDeletingService.java:call(133)) - Running DeletedBlockTransactionScanner
2021-08-10 07:53:26,395 [SCMBlockDeletingService#0] DEBUG block.SCMBlockDeletingService (SCMBlockDeletingService.java:call(133)) - Running DeletedBlockTransactionScanner
2021-08-10 07:53:26,495 [SCMBlockDeletingService#0] DEBUG block.SCMBlockDeletingService (SCMBlockDeletingService.java:call(133)) - Running DeletedBlockTransactionScanner
2021-08-10 07:53:26,595 [SCMBlockDeletingService#0] DEBUG block.SCMBlockDeletingService (SCMBlockDeletingService.java:call(133)) - Running DeletedBlockTransactionScanner
2021-08-10 07:53:26,608 [Listener at 127.0.0.1/35799] INFO  ozone.MiniOzoneClusterImpl (MiniOzoneClusterImpl.java:lambda$waitForClusterToBeReady$0(235)) - Waiting for nodes to be ready. Got 2 of 3 DN Heartbeats.
2021-08-10 07:53:26,609 [Listener at 127.0.0.1/35799] INFO  ozone.MiniOzoneClusterImpl (MiniOzoneClusterImpl.java:lambda$waitForClusterToBeReady$0(238)) - Cluster exits safe mode
2021-08-10 07:53:26,609 [Listener at 127.0.0.1/35799] INFO  ozone.MiniOzoneClusterImpl (MiniOzoneClusterImpl.java:lambda$waitForClusterToBeReady$0(240)) - SCM became leader
2021-08-10 07:53:26,695 [SCMBlockDeletingService#0] DEBUG block.SCMBlockDeletingService (SCMBlockDeletingService.java:call(133)) - Running DeletedBlockTransactionScanner
2021-08-10 07:53:26,795 [SCMBlockDeletingService#0] DEBUG block.SCMBlockDeletingService (SCMBlockDeletingService.java:call(133)) - Running DeletedBlockTransactionScanner
2021-08-10 07:53:26,896 [SCMBlockDeletingService#0] DEBUG block.SCMBlockDeletingService (SCMBlockDeletingService.java:call(133)) - Running DeletedBlockTransactionScanner
2021-08-10 07:53:26,996 [SCMBlockDeletingService#0] DEBUG block.SCMBlockDeletingService (SCMBlockDeletingService.java:call(133)) - Running DeletedBlockTransactionScanner
2021-08-10 07:53:27,096 [SCMBlockDeletingService#0] DEBUG block.SCMBlockDeletingService (SCMBlockDeletingService.java:call(133)) - Running DeletedBlockTransactionScanner
2021-08-10 07:53:27,196 [SCMBlockDeletingService#0] DEBUG block.SCMBlockDeletingService (SCMBlockDeletingService.java:call(133)) - Running DeletedBlockTransactionScanner
2021-08-10 07:53:27,296 [SCMBlockDeletingService#0] DEBUG block.SCMBlockDeletingService (SCMBlockDeletingService.java:call(133)) - Running DeletedBlockTransactionScanner
2021-08-10 07:53:27,396 [SCMBlockDeletingService#0] DEBUG block.SCMBlockDeletingService (SCMBlockDeletingService.java:call(133)) - Running DeletedBlockTransactionScanner
2021-08-10 07:53:27,401 [grpc-default-executor-3] INFO  ratis.XceiverServerRatis (XceiverServerRatis.java:handleLeaderChangedNotification(857)) - Leader change notification received for group: group-5CE5490DAFF9 with new leaderId: e27b497d-edf5-4527-a9cd-0b54bade3291
2021-08-10 07:53:27,401 [grpc-default-executor-3] INFO  server.RaftServer$Division (ServerState.java:setLeader(285)) - 6aba10dc-a58f-4fc7-8218-673b2e1b730d@group-5CE5490DAFF9: change Leader from null to e27b497d-edf5-4527-a9cd-0b54bade3291 at term 4 for appendEntries, leader elected after 3941ms
2021-08-10 07:53:27,402 [grpc-default-executor-3] INFO  server.RaftServer$Division (RaftServerImpl.java:checkInconsistentAppendEntries(1303)) - 6aba10dc-a58f-4fc7-8218-673b2e1b730d@group-5CE5490DAFF9: Failed appendEntries: the first entry (index 14) is already in snapshot (snapshot index: 14)
2021-08-10 07:53:27,402 [grpc-default-executor-3] INFO  server.RaftServer$Division (RaftServerImpl.java:checkInconsistentAppendEntries(1285)) - 6aba10dc-a58f-4fc7-8218-673b2e1b730d@group-5CE5490DAFF9: inconsistency entries. Reply:e27b497d-edf5-4527-a9cd-0b54bade3291<-6aba10dc-a58f-4fc7-8218-673b2e1b730d#631:FAIL-t4,INCONSISTENCY,nextIndex=15,followerCommit=14
2021-08-10 07:53:27,404 [grpc-default-executor-3] INFO  leader.FollowerInfo (FollowerInfoImpl.java:lambda$new$0(46)) - e27b497d-edf5-4527-a9cd-0b54bade3291@group-5CE5490DAFF9->6aba10dc-a58f-4fc7-8218-673b2e1b730d: nextIndex: updateUnconditionally 15 -> 15
2021-08-10 07:53:27,496 [SCMBlockDeletingService#0] DEBUG block.SCMBlockDeletingService (SCMBlockDeletingService.java:call(133)) - Running DeletedBlockTransactionScanner
2021-08-10 07:53:27,596 [SCMBlockDeletingService#0] DEBUG block.SCMBlockDeletingService (SCMBlockDeletingService.java:call(133)) - Running DeletedBlockTransactionScanner
2021-08-10 07:53:27,609 [Listener at 127.0.0.1/35799] INFO  ozone.MiniOzoneClusterImpl (MiniOzoneClusterImpl.java:lambda$waitForClusterToBeReady$0(235)) - Waiting for nodes to be ready. Got 2 of 3 DN Heartbeats.
2021-08-10 07:53:27,609 [Listener at 127.0.0.1/35799] INFO  ozone.MiniOzoneClusterImpl (MiniOzoneClusterImpl.java:lambda$waitForClusterToBeReady$0(238)) - Cluster exits safe mode
2021-08-10 07:53:27,609 [Listener at 127.0.0.1/35799] INFO  ozone.MiniOzoneClusterImpl (MiniOzoneClusterImpl.java:lambda$waitForClusterToBeReady$0(240)) - SCM became leader
2021-08-10 07:53:27,697 [SCMBlockDeletingService#0] DEBUG block.SCMBlockDeletingService (SCMBlockDeletingService.java:call(133)) - Running DeletedBlockTransactionScanner
2021-08-10 07:53:27,797 [SCMBlockDeletingService#0] DEBUG block.SCMBlockDeletingService (SCMBlockDeletingService.java:call(133)) - Running DeletedBlockTransactionScanner
2021-08-10 07:53:27,897 [SCMBlockDeletingService#0] DEBUG block.SCMBlockDeletingService (SCMBlockDeletingService.java:call(133)) - Running DeletedBlockTransactionScanner
2021-08-10 07:53:27,998 [SCMBlockDeletingService#0] DEBUG block.SCMBlockDeletingService (SCMBlockDeletingService.java:call(133)) - Running DeletedBlockTransactionScanner
2021-08-10 07:53:28,098 [SCMBlockDeletingService#0] DEBUG block.SCMBlockDeletingService (SCMBlockDeletingService.java:call(133)) - Running DeletedBlockTransactionScanner
2021-08-10 07:53:28,198 [SCMBlockDeletingService#0] DEBUG block.SCMBlockDeletingService (SCMBlockDeletingService.java:call(133)) - Running DeletedBlockTransactionScanner
2021-08-10 07:53:28,298 [SCMBlockDeletingService#0] DEBUG block.SCMBlockDeletingService (SCMBlockDeletingService.java:call(133)) - Running DeletedBlockTransactionScanner
2021-08-10 07:53:28,398 [SCMBlockDeletingService#0] DEBUG block.SCMBlockDeletingService (SCMBlockDeletingService.java:call(133)) - Running DeletedBlockTransactionScanner
2021-08-10 07:53:28,498 [SCMBlockDeletingService#0] DEBUG block.SCMBlockDeletingService (SCMBlockDeletingService.java:call(133)) - Running DeletedBlockTransactionScanner
2021-08-10 07:53:28,598 [SCMBlockDeletingService#0] DEBUG block.SCMBlockDeletingService (SCMBlockDeletingService.java:call(133)) - Running DeletedBlockTransactionScanner
2021-08-10 07:53:28,609 [Listener at 127.0.0.1/35799] INFO  ozone.MiniOzoneClusterImpl (MiniOzoneClusterImpl.java:lambda$waitForClusterToBeReady$0(235)) - Waiting for nodes to be ready. Got 2 of 3 DN Heartbeats.
2021-08-10 07:53:28,609 [Listener at 127.0.0.1/35799] INFO  ozone.MiniOzoneClusterImpl (MiniOzoneClusterImpl.java:lambda$waitForClusterToBeReady$0(238)) - Cluster exits safe mode
2021-08-10 07:53:28,610 [Listener at 127.0.0.1/35799] INFO  ozone.MiniOzoneClusterImpl (MiniOzoneClusterImpl.java:lambda$waitForClusterToBeReady$0(240)) - SCM became leader
2021-08-10 07:53:28,711 [SCMBlockDeletingService#0] DEBUG block.SCMBlockDeletingService (SCMBlockDeletingService.java:call(133)) - Running DeletedBlockTransactionScanner
2021-08-10 07:53:28,811 [SCMBlockDeletingService#0] DEBUG block.SCMBlockDeletingService (SCMBlockDeletingService.java:call(133)) - Running DeletedBlockTransactionScanner
2021-08-10 07:53:28,915 [SCMBlockDeletingService#0] DEBUG block.SCMBlockDeletingService (SCMBlockDeletingService.java:call(133)) - Running DeletedBlockTransactionScanner
2021-08-10 07:53:29,015 [SCMBlockDeletingService#0] DEBUG block.SCMBlockDeletingService (SCMBlockDeletingService.java:call(133)) - Running DeletedBlockTransactionScanner
2021-08-10 07:53:29,115 [SCMBlockDeletingService#0] DEBUG block.SCMBlockDeletingService (SCMBlockDeletingService.java:call(133)) - Running DeletedBlockTransactionScanner
2021-08-10 07:53:29,215 [SCMBlockDeletingService#0] DEBUG block.SCMBlockDeletingService (SCMBlockDeletingService.java:call(133)) - Running DeletedBlockTransactionScanner
2021-08-10 07:53:29,315 [SCMBlockDeletingService#0] DEBUG block.SCMBlockDeletingService (SCMBlockDeletingService.java:call(133)) - Running DeletedBlockTransactionScanner
2021-08-10 07:53:29,415 [SCMBlockDeletingService#0] DEBUG block.SCMBlockDeletingService (SCMBlockDeletingService.java:call(133)) - Running DeletedBlockTransactionScanner
2021-08-10 07:53:29,515 [SCMBlockDeletingService#0] DEBUG block.SCMBlockDeletingService (SCMBlockDeletingService.java:call(133)) - Running DeletedBlockTransactionScanner
2021-08-10 07:53:29,610 [Listener at 127.0.0.1/35799] INFO  ozone.MiniOzoneClusterImpl (MiniOzoneClusterImpl.java:lambda$waitForClusterToBeReady$0(235)) - Waiting for nodes to be ready. Got 2 of 3 DN Heartbeats.
2021-08-10 07:53:29,610 [Listener at 127.0.0.1/35799] INFO  ozone.MiniOzoneClusterImpl (MiniOzoneClusterImpl.java:lambda$waitForClusterToBeReady$0(238)) - Cluster exits safe mode
2021-08-10 07:53:29,610 [Listener at 127.0.0.1/35799] INFO  ozone.MiniOzoneClusterImpl (MiniOzoneClusterImpl.java:lambda$waitForClusterToBeReady$0(240)) - SCM became leader
2021-08-10 07:53:29,615 [SCMBlockDeletingService#0] DEBUG block.SCMBlockDeletingService (SCMBlockDeletingService.java:call(133)) - Running DeletedBlockTransactionScanner
2021-08-10 07:53:29,716 [SCMBlockDeletingService#0] DEBUG block.SCMBlockDeletingService (SCMBlockDeletingService.java:call(133)) - Running DeletedBlockTransactionScanner
2021-08-10 07:53:29,759 [EventQueue-HealthyReadonlyNodeForHealthyReadOnlyNodeHandler] INFO  node.HealthyReadOnlyNodeHandler (HealthyReadOnlyNodeHandler.java:onMessage(56)) - Datanode 6aba10dc-a58f-4fc7-8218-673b2e1b730d{ip: 10.1.0.46, host: fv-az12-876.exdb2aeach2ezidoxz41lk3bwg.cx.internal.cloudapp.net, ports: [REPLICATION=39653, RATIS=42995, RATIS_ADMIN=42995, RATIS_SERVER=42995, STANDALONE=34629], networkLocation: /default-rack, certSerialId: null, persistedOpState: IN_SERVICE, persistedOpStateExpiryEpochSec: 0} moved to HEALTHY READONLY state.
2021-08-10 07:53:29,765 [EventQueue-HealthyReadonlyNodeForHealthyReadOnlyNodeHandler] INFO  node.HealthyReadOnlyNodeHandler (HealthyReadOnlyNodeHandler.java:onMessage(60)) - Closing pipeline PipelineID=28ad549a-28e7-4401-a4ff-5ce5490daff9 which uses HEALTHY READONLY datanode 6aba10dc-a58f-4fc7-8218-673b2e1b730d{ip: 10.1.0.46, host: fv-az12-876.exdb2aeach2ezidoxz41lk3bwg.cx.internal.cloudapp.net, ports: [REPLICATION=39653, RATIS=42995, RATIS_ADMIN=42995, RATIS_SERVER=42995, STANDALONE=34629], networkLocation: /default-rack, certSerialId: null, persistedOpState: IN_SERVICE, persistedOpStateExpiryEpochSec: 0} 
2021-08-10 07:53:29,767 [EventQueue-HealthyReadonlyNodeForHealthyReadOnlyNodeHandler] INFO  pipeline.RatisPipelineProvider (RatisPipelineProvider.java:lambda$close$1(222)) - Send pipeline:PipelineID=28ad549a-28e7-4401-a4ff-5ce5490daff9 close command to datanode e27b497d-edf5-4527-a9cd-0b54bade3291
2021-08-10 07:53:29,767 [EventQueue-HealthyReadonlyNodeForHealthyReadOnlyNodeHandler] INFO  pipeline.RatisPipelineProvider (RatisPipelineProvider.java:lambda$close$1(222)) - Send pipeline:PipelineID=28ad549a-28e7-4401-a4ff-5ce5490daff9 close command to datanode 581c0420-ae36-4e78-8d82-33b3ef40d50c
2021-08-10 07:53:29,767 [EventQueue-HealthyReadonlyNodeForHealthyReadOnlyNodeHandler] INFO  pipeline.RatisPipelineProvider (RatisPipelineProvider.java:lambda$close$1(222)) - Send pipeline:PipelineID=28ad549a-28e7-4401-a4ff-5ce5490daff9 close command to datanode 6aba10dc-a58f-4fc7-8218-673b2e1b730d
2021-08-10 07:53:29,773 [EventQueue-HealthyReadonlyNodeForHealthyReadOnlyNodeHandler] INFO  pipeline.PipelineStateManager (PipelineStateManagerV2Impl.java:removePipeline(211)) - Pipeline Pipeline[ Id: 28ad549a-28e7-4401-a4ff-5ce5490daff9, Nodes: e27b497d-edf5-4527-a9cd-0b54bade3291{ip: 10.1.0.46, host: fv-az12-876.exdb2aeach2ezidoxz41lk3bwg.cx.internal.cloudapp.net, ports: [REPLICATION=38447, RATIS=38727, RATIS_ADMIN=38727, RATIS_SERVER=38727, STANDALONE=46289], networkLocation: /default-rack, certSerialId: null, persistedOpState: IN_SERVICE, persistedOpStateExpiryEpochSec: 0}581c0420-ae36-4e78-8d82-33b3ef40d50c{ip: 10.1.0.46, host: fv-az12-876.exdb2aeach2ezidoxz41lk3bwg.cx.internal.cloudapp.net, ports: [REPLICATION=36673, RATIS=42363, RATIS_ADMIN=42363, RATIS_SERVER=42363, STANDALONE=46423], networkLocation: /default-rack, certSerialId: null, persistedOpState: IN_SERVICE, persistedOpStateExpiryEpochSec: 0}6aba10dc-a58f-4fc7-8218-673b2e1b730d{ip: 10.1.0.46, host: fv-az12-876.exdb2aeach2ezidoxz41lk3bwg.cx.internal.cloudapp.net, ports: [REPLICATION=39653, RATIS=42995, RATIS_ADMIN=42995, RATIS_SERVER=42995, STANDALONE=34629], networkLocation: /default-rack, certSerialId: null, persistedOpState: IN_SERVICE, persistedOpStateExpiryEpochSec: 0}, ReplicationConfig: RATIS/THREE, State:CLOSED, leaderId:e27b497d-edf5-4527-a9cd-0b54bade3291, CreationTimestamp2021-08-10T07:52:38.757Z[Etc/UTC]] removed.
2021-08-10 07:53:29,816 [SCMBlockDeletingService#0] DEBUG block.SCMBlockDeletingService (SCMBlockDeletingService.java:call(133)) - Running DeletedBlockTransactionScanner
2021-08-10 07:53:29,859 [EventQueue-HealthyReadonlyToHealthyNodeForReadOnlyHealthyToHealthyNodeHandler] INFO  node.ReadOnlyHealthyToHealthyNodeHandler (ReadOnlyHealthyToHealthyNodeHandler.java:onMessage(51)) - Datanode 6aba10dc-a58f-4fc7-8218-673b2e1b730d{ip: 10.1.0.46, host: fv-az12-876.exdb2aeach2ezidoxz41lk3bwg.cx.internal.cloudapp.net, ports: [REPLICATION=39653, RATIS=42995, RATIS_ADMIN=42995, RATIS_SERVER=42995, STANDALONE=34629], networkLocation: /default-rack, certSerialId: null, persistedOpState: IN_SERVICE, persistedOpStateExpiryEpochSec: 0} moved to HEALTHY state.
2021-08-10 07:53:29,861 [EventQueue-HealthyReadonlyToHealthyNodeForReadOnlyHealthyToHealthyNodeHandler] INFO  pipeline.BackgroundPipelineCreator (BackgroundPipelineCreatorV2.java:notifyEventTriggered(285)) - trigger a one-shot run on RatisPipelineUtilsThread.
2021-08-10 07:53:29,861 [RatisPipelineUtilsThread - 0] INFO  pipeline.RatisPipelineProvider (RatisPipelineProvider.java:lambda$create$0(183)) - Sending CreatePipelineCommand for pipeline:PipelineID=0d81224f-acdb-4942-a15e-edfe808ce512 to datanode:581c0420-ae36-4e78-8d82-33b3ef40d50c
2021-08-10 07:53:29,864 [RatisPipelineUtilsThread - 0] INFO  pipeline.RatisPipelineProvider (RatisPipelineProvider.java:lambda$create$0(183)) - Sending CreatePipelineCommand for pipeline:PipelineID=0d81224f-acdb-4942-a15e-edfe808ce512 to datanode:e27b497d-edf5-4527-a9cd-0b54bade3291
2021-08-10 07:53:29,864 [RatisPipelineUtilsThread - 0] INFO  pipeline.RatisPipelineProvider (RatisPipelineProvider.java:lambda$create$0(183)) - Sending CreatePipelineCommand for pipeline:PipelineID=0d81224f-acdb-4942-a15e-edfe808ce512 to datanode:6aba10dc-a58f-4fc7-8218-673b2e1b730d
2021-08-10 07:53:29,865 [RatisPipelineUtilsThread - 0] INFO  pipeline.PipelineStateManager (PipelineStateManagerV2Impl.java:addPipeline(101)) - Created pipeline Pipeline[ Id: 0d81224f-acdb-4942-a15e-edfe808ce512, Nodes: 581c0420-ae36-4e78-8d82-33b3ef40d50c{ip: 10.1.0.46, host: fv-az12-876.exdb2aeach2ezidoxz41lk3bwg.cx.internal.cloudapp.net, ports: [REPLICATION=36673, RATIS=42363, RATIS_ADMIN=42363, RATIS_SERVER=42363, STANDALONE=46423], networkLocation: /default-rack, certSerialId: null, persistedOpState: IN_SERVICE, persistedOpStateExpiryEpochSec: 0}e27b497d-edf5-4527-a9cd-0b54bade3291{ip: 10.1.0.46, host: fv-az12-876.exdb2aeach2ezidoxz41lk3bwg.cx.internal.cloudapp.net, ports: [REPLICATION=38447, RATIS=38727, RATIS_ADMIN=38727, RATIS_SERVER=38727, STANDALONE=46289], networkLocation: /default-rack, certSerialId: null, persistedOpState: IN_SERVICE, persistedOpStateExpiryEpochSec: 0}6aba10dc-a58f-4fc7-8218-673b2e1b730d{ip: 10.1.0.46, host: fv-az12-876.exdb2aeach2ezidoxz41lk3bwg.cx.internal.cloudapp.net, ports: [REPLICATION=39653, RATIS=42995, RATIS_ADMIN=42995, RATIS_SERVER=42995, STANDALONE=34629], networkLocation: /default-rack, certSerialId: null, persistedOpState: IN_SERVICE, persistedOpStateExpiryEpochSec: 0}, ReplicationConfig: RATIS/THREE, State:ALLOCATED, leaderId:, CreationTimestamp2021-08-10T07:53:29.861Z[Etc/UTC]].
2021-08-10 07:53:29,916 [SCMBlockDeletingService#0] DEBUG block.SCMBlockDeletingService (SCMBlockDeletingService.java:call(133)) - Running DeletedBlockTransactionScanner
2021-08-10 07:53:30,016 [SCMBlockDeletingService#0] DEBUG block.SCMBlockDeletingService (SCMBlockDeletingService.java:call(133)) - Running DeletedBlockTransactionScanner
2021-08-10 07:53:30,020 [Command processor thread] INFO  server.RaftServer (RaftServerProxy.java:remove(106)) - 581c0420-ae36-4e78-8d82-33b3ef40d50c: remove  FOLLOWER 581c0420-ae36-4e78-8d82-33b3ef40d50c@group-5CE5490DAFF9:t4, leader=e27b497d-edf5-4527-a9cd-0b54bade3291, voted=e27b497d-edf5-4527-a9cd-0b54bade3291, raftlog=581c0420-ae36-4e78-8d82-33b3ef40d50c@group-5CE5490DAFF9-SegmentedRaftLog:OPENED:c14,f14,i14, conf=0: [581c0420-ae36-4e78-8d82-33b3ef40d50c|rpc:10.1.0.46:42363|dataStream:|priority:0, e27b497d-edf5-4527-a9cd-0b54bade3291|rpc:10.1.0.46:38727|dataStream:|priority:1, 6aba10dc-a58f-4fc7-8218-673b2e1b730d|rpc:10.1.0.46:42995|dataStream:|priority:0], old=null RUNNING
2021-08-10 07:53:30,022 [Command processor thread] INFO  server.RaftServer$Division (RaftServerImpl.java:lambda$close$4(407)) - 581c0420-ae36-4e78-8d82-33b3ef40d50c@group-5CE5490DAFF9: shutdown
2021-08-10 07:53:30,024 [Command processor thread] INFO  util.JmxRegister (JmxRegister.java:unregister(73)) - Successfully un-registered JMX Bean with object name Ratis:service=RaftServer,group=group-5CE5490DAFF9,id=581c0420-ae36-4e78-8d82-33b3ef40d50c
2021-08-10 07:53:30,024 [Command processor thread] INFO  impl.RoleInfo (RoleInfo.java:shutdownFollowerState(108)) - 581c0420-ae36-4e78-8d82-33b3ef40d50c: shutdown 581c0420-ae36-4e78-8d82-33b3ef40d50c@group-5CE5490DAFF9-FollowerState
2021-08-10 07:53:30,025 [Command processor thread] INFO  impl.StateMachineUpdater (StateMachineUpdater.java:stopAndJoin(149)) - 581c0420-ae36-4e78-8d82-33b3ef40d50c@group-5CE5490DAFF9-StateMachineUpdater: set stopIndex = 14
2021-08-10 07:53:30,025 [581c0420-ae36-4e78-8d82-33b3ef40d50c@group-5CE5490DAFF9-FollowerState] INFO  impl.FollowerState (FollowerState.java:run(143)) - 581c0420-ae36-4e78-8d82-33b3ef40d50c@group-5CE5490DAFF9-FollowerState was interrupted: {}
java.lang.InterruptedException: sleep interrupted
	at java.lang.Thread.sleep(Native Method)
	at java.lang.Thread.sleep(Thread.java:340)
	at java.util.concurrent.TimeUnit.sleep(TimeUnit.java:386)
	at org.apache.ratis.util.TimeDuration.sleep(TimeDuration.java:324)
	at org.apache.ratis.util.TimeDuration.sleep(TimeDuration.java:309)
	at org.apache.ratis.server.impl.FollowerState.run(FollowerState.java:118)
2021-08-10 07:53:30,025 [581c0420-ae36-4e78-8d82-33b3ef40d50c@group-5CE5490DAFF9-StateMachineUpdater] INFO  ratis.ContainerStateMachine (ContainerStateMachine.java:takeSnapshot(291)) - group-5CE5490DAFF9: Taking a snapshot at:(t:4, i:14) file /home/runner/work/ozone/ozone/hadoop-ozone/integration-test/target/test-dir/MiniOzoneClusterImpl-18dd5eeb-2d01-48fa-8c78-b335295f6fb4/datanode-1/data/ratis/28ad549a-28e7-4401-a4ff-5ce5490daff9/sm/snapshot.4_14
2021-08-10 07:53:30,045 [581c0420-ae36-4e78-8d82-33b3ef40d50c@group-5CE5490DAFF9-StateMachineUpdater] INFO  ratis.ContainerStateMachine (ContainerStateMachine.java:takeSnapshot(302)) - group-5CE5490DAFF9: Finished taking a snapshot at:(t:4, i:14) file:/home/runner/work/ozone/ozone/hadoop-ozone/integration-test/target/test-dir/MiniOzoneClusterImpl-18dd5eeb-2d01-48fa-8c78-b335295f6fb4/datanode-1/data/ratis/28ad549a-28e7-4401-a4ff-5ce5490daff9/sm/snapshot.4_14 took: 20 ms
2021-08-10 07:53:30,045 [581c0420-ae36-4e78-8d82-33b3ef40d50c@group-5CE5490DAFF9-StateMachineUpdater] INFO  impl.StateMachineUpdater (StateMachineUpdater.java:takeSnapshot(281)) - 581c0420-ae36-4e78-8d82-33b3ef40d50c@group-5CE5490DAFF9-StateMachineUpdater: Took a snapshot at index 14
2021-08-10 07:53:30,045 [581c0420-ae36-4e78-8d82-33b3ef40d50c@group-5CE5490DAFF9-StateMachineUpdater] INFO  impl.StateMachineUpdater (StateMachineUpdater.java:lambda$new$0(89)) - 581c0420-ae36-4e78-8d82-33b3ef40d50c@group-5CE5490DAFF9-StateMachineUpdater: snapshotIndex: updateIncreasingly -1 -> 14
2021-08-10 07:53:30,046 [Command processor thread] INFO  server.RaftServer$Division (ServerState.java:close(419)) - 581c0420-ae36-4e78-8d82-33b3ef40d50c@group-5CE5490DAFF9: closes. applyIndex: 14
2021-08-10 07:53:30,047 [581c0420-ae36-4e78-8d82-33b3ef40d50c@group-5CE5490DAFF9-SegmentedRaftLogWorker] INFO  segmented.SegmentedRaftLogWorker (SegmentedRaftLogWorker.java:run(327)) - 581c0420-ae36-4e78-8d82-33b3ef40d50c@group-5CE5490DAFF9-SegmentedRaftLogWorker was interrupted, exiting. There are 0 tasks remaining in the queue.
2021-08-10 07:53:30,053 [Command processor thread] INFO  segmented.SegmentedRaftLogWorker (SegmentedRaftLogWorker.java:close(237)) - 581c0420-ae36-4e78-8d82-33b3ef40d50c@group-5CE5490DAFF9-SegmentedRaftLogWorker close()
2021-08-10 07:53:30,071 [Command processor thread] ERROR commandhandler.ClosePipelineCommandHandler (ClosePipelineCommandHandler.java:handle(78)) - Can't close pipeline PipelineID=28ad549a-28e7-4401-a4ff-5ce5490daff9
java.io.IOException: java.lang.NullPointerException
	at org.apache.hadoop.ozone.container.common.transport.server.ratis.XceiverServerRatis.removeGroup(XceiverServerRatis.java:777)
	at org.apache.hadoop.ozone.container.common.statemachine.commandhandler.ClosePipelineCommandHandler.handle(ClosePipelineCommandHandler.java:74)
	at org.apache.hadoop.ozone.container.common.statemachine.commandhandler.CommandDispatcher.handle(CommandDispatcher.java:99)
	at org.apache.hadoop.ozone.container.common.statemachine.DatanodeStateMachine.lambda$initCommandHandlerThread$2(DatanodeStateMachine.java:556)
	at java.lang.Thread.run(Thread.java:748)
Caused by: java.io.IOException: java.lang.NullPointerException
	at org.apache.ratis.util.IOUtils.asIOException(IOUtils.java:56)
	at org.apache.ratis.server.impl.RaftServerImpl.waitForReply(RaftServerImpl.java:898)
	at org.apache.ratis.server.impl.RaftServerProxy.groupManagement(RaftServerProxy.java:440)
	at org.apache.hadoop.ozone.container.common.transport.server.ratis.XceiverServerRatis.removeGroup(XceiverServerRatis.java:775)
	... 4 more
Caused by: java.lang.NullPointerException
	at org.apache.hadoop.ozone.container.ozoneimpl.ContainerController.markContainerForClose(ContainerController.java:83)
	at org.apache.hadoop.ozone.container.common.transport.server.ratis.ContainerStateMachine.notifyGroupRemove(ContainerStateMachine.java:901)
	at org.apache.ratis.server.impl.RaftServerImpl.groupRemove(RaftServerImpl.java:372)
	at org.apache.ratis.server.impl.RaftServerProxy.lambda$groupRemoveAsync$14(RaftServerProxy.java:507)
	at java.util.concurrent.CompletableFuture.uniApply(CompletableFuture.java:616)
	at java.util.concurrent.CompletableFuture.uniApplyStage(CompletableFuture.java:628)
	at java.util.concurrent.CompletableFuture.thenApply(CompletableFuture.java:1996)
	at org.apache.ratis.server.impl.RaftServerProxy.groupRemoveAsync(RaftServerProxy.java:506)
	at org.apache.ratis.server.impl.RaftServerProxy.groupManagementAsync(RaftServerProxy.java:460)
	... 6 more
2021-08-10 07:53:30,072 [Command processor thread] INFO  server.RaftServer (RaftServerProxy.java:addNew(95)) - 581c0420-ae36-4e78-8d82-33b3ef40d50c: addNew group-EDFE808CE512:[581c0420-ae36-4e78-8d82-33b3ef40d50c|rpc:10.1.0.46:42363|priority:0, e27b497d-edf5-4527-a9cd-0b54bade3291|rpc:10.1.0.46:38727|priority:1, 6aba10dc-a58f-4fc7-8218-673b2e1b730d|rpc:10.1.0.46:42995|priority:0] returns group-EDFE808CE512:java.util.concurrent.CompletableFuture@1a35f9aa[Not completed]
2021-08-10 07:53:30,072 [pool-301-thread-1] INFO  server.RaftServer$Division (RaftServerImpl.java:<init>(181)) - 581c0420-ae36-4e78-8d82-33b3ef40d50c: new RaftServerImpl for group-EDFE808CE512:[581c0420-ae36-4e78-8d82-33b3ef40d50c|rpc:10.1.0.46:42363|priority:0, e27b497d-edf5-4527-a9cd-0b54bade3291|rpc:10.1.0.46:38727|priority:1, 6aba10dc-a58f-4fc7-8218-673b2e1b730d|rpc:10.1.0.46:42995|priority:0] with ContainerStateMachine:uninitialized
2021-08-10 07:53:30,073 [pool-301-thread-1] INFO  server.RaftServerConfigKeys (ConfUtils.java:logGet(44)) - raft.server.rpc.timeout.min = 5s (custom)
2021-08-10 07:53:30,073 [pool-301-thread-1] INFO  server.RaftServerConfigKeys (ConfUtils.java:logGet(44)) - raft.server.rpc.timeout.max = 5200ms (custom)
2021-08-10 07:53:30,073 [pool-301-thread-1] INFO  server.RaftServerConfigKeys (ConfUtils.java:logGet(44)) - raft.server.rpc.sleep.time = 25ms (default)
2021-08-10 07:53:30,073 [pool-301-thread-1] INFO  server.RaftServerConfigKeys (ConfUtils.java:logGet(44)) - raft.server.rpc.slowness.timeout = 300s (custom)
2021-08-10 07:53:30,073 [pool-301-thread-1] INFO  server.RaftServerConfigKeys (ConfUtils.java:logGet(44)) - raft.server.leaderelection.leader.step-down.wait-time = 10s (default)
2021-08-10 07:53:30,073 [pool-301-thread-1] INFO  server.RaftServerConfigKeys (ConfUtils.java:logGet(44)) - raft.server.sleep.deviation.threshold = 300ms (default)
2021-08-10 07:53:30,073 [pool-301-thread-1] INFO  server.RaftServerConfigKeys (ConfUtils.java:logGet(44)) - raft.server.log.appender.install.snapshot.enabled = false (custom)
2021-08-10 07:53:30,073 [pool-301-thread-1] INFO  server.RaftServer$Division (ServerState.java:<init>(105)) - 581c0420-ae36-4e78-8d82-33b3ef40d50c@group-EDFE808CE512: ConfigurationManager, init=-1: [581c0420-ae36-4e78-8d82-33b3ef40d50c|rpc:10.1.0.46:42363|priority:0, e27b497d-edf5-4527-a9cd-0b54bade3291|rpc:10.1.0.46:38727|priority:1, 6aba10dc-a58f-4fc7-8218-673b2e1b730d|rpc:10.1.0.46:42995|priority:0], old=null, confs=<EMPTY_MAP>
2021-08-10 07:53:30,073 [pool-301-thread-1] INFO  server.RaftServerConfigKeys (ConfUtils.java:logGet(44)) - raft.server.storage.dir = [/home/runner/work/ozone/ozone/hadoop-ozone/integration-test/target/test-dir/MiniOzoneClusterImpl-18dd5eeb-2d01-48fa-8c78-b335295f6fb4/datanode-1/data/ratis] (custom)
2021-08-10 07:53:30,073 [pool-301-thread-1] INFO  server.RaftServerConfigKeys (ConfUtils.java:logGet(44)) - raft.server.log.corruption.policy = EXCEPTION (default)
2021-08-10 07:53:30,073 [pool-301-thread-1] INFO  server.RaftServerConfigKeys (ConfUtils.java:logGet(44)) - raft.server.storage.free-space.min = 0MB (=0) (default)
2021-08-10 07:53:30,073 [pool-301-thread-1] INFO  storage.RaftStorageDirectory (RaftStorageDirectoryImpl.java:analyzeStorage(135)) - The storage directory /home/runner/work/ozone/ozone/hadoop-ozone/integration-test/target/test-dir/MiniOzoneClusterImpl-18dd5eeb-2d01-48fa-8c78-b335295f6fb4/datanode-1/data/ratis/0d81224f-acdb-4942-a15e-edfe808ce512 does not exist. Creating ...
2021-08-10 07:53:30,076 [pool-301-thread-1] INFO  storage.RaftStorageDirectory (RaftStorageDirectoryImpl.java:tryLock(230)) - Lock on /home/runner/work/ozone/ozone/hadoop-ozone/integration-test/target/test-dir/MiniOzoneClusterImpl-18dd5eeb-2d01-48fa-8c78-b335295f6fb4/datanode-1/data/ratis/0d81224f-acdb-4942-a15e-edfe808ce512/in_use.lock acquired by nodename 29984@fv-az12-876
2021-08-10 07:53:30,081 [pool-301-thread-1] INFO  storage.RaftStorage (RaftStorageImpl.java:format(89)) - Storage directory /home/runner/work/ozone/ozone/hadoop-ozone/integration-test/target/test-dir/MiniOzoneClusterImpl-18dd5eeb-2d01-48fa-8c78-b335295f6fb4/datanode-1/data/ratis/0d81224f-acdb-4942-a15e-edfe808ce512 has been successfully formatted.
2021-08-10 07:53:30,081 [pool-301-thread-1] INFO  ratis.ContainerStateMachine (ContainerStateMachine.java:loadSnapshot(223)) - group-EDFE808CE512: The snapshot info is null. Setting the last applied indexto:(t:0, i:~)
2021-08-10 07:53:30,081 [Datanode State Machine Thread - 0] WARN  statemachine.StateContext (StateContext.java:execute(621)) - No available thread in pool for past 0 seconds.
2021-08-10 07:53:30,081 [pool-301-thread-1] INFO  server.RaftServerConfigKeys (ConfUtils.java:logGet(44)) - raft.server.notification.no-leader.timeout = 300s (custom)
2021-08-10 07:53:30,081 [pool-301-thread-1] INFO  server.RaftServerConfigKeys (ConfUtils.java:logGet(44)) - raft.server.log.use.memory = false (default)
2021-08-10 07:53:30,081 [pool-301-thread-1] INFO  server.RaftServerConfigKeys (ConfUtils.java:logGet(44)) - raft.server.log.purge.gap = 1000000 (custom)
2021-08-10 07:53:30,081 [pool-301-thread-1] INFO  server.RaftServerConfigKeys (ConfUtils.java:logGet(44)) - raft.server.log.appender.buffer.byte-limit = 33554432 (custom)
2021-08-10 07:53:30,081 [pool-301-thread-1] INFO  server.RaftServerConfigKeys (ConfUtils.java:logGet(44)) - raft.server.log.segment.size.max = 1048576 (custom)
2021-08-10 07:53:30,082 [pool-301-thread-1] INFO  server.RaftServerConfigKeys (ConfUtils.java:logGet(44)) - raft.server.log.segment.cache.num.max = 2 (custom)
2021-08-10 07:53:30,082 [pool-301-thread-1] INFO  server.RaftServerConfigKeys (ConfUtils.java:logGet(44)) - raft.server.log.segment.cache.size.max = 200MB (=209715200) (default)
2021-08-10 07:53:30,082 [pool-301-thread-1] INFO  segmented.SegmentedRaftLogWorker (SegmentedRaftLogWorker.java:<init>(182)) - new 581c0420-ae36-4e78-8d82-33b3ef40d50c@group-EDFE808CE512-SegmentedRaftLogWorker for RaftStorageImpl:Storage Directory /home/runner/work/ozone/ozone/hadoop-ozone/integration-test/target/test-dir/MiniOzoneClusterImpl-18dd5eeb-2d01-48fa-8c78-b335295f6fb4/datanode-1/data/ratis/0d81224f-acdb-4942-a15e-edfe808ce512
2021-08-10 07:53:30,082 [pool-301-thread-1] INFO  server.RaftServerConfigKeys (ConfUtils.java:logGet(44)) - raft.server.log.queue.byte-limit = 2147483647 (custom)
2021-08-10 07:53:30,082 [pool-301-thread-1] INFO  server.RaftServerConfigKeys (ConfUtils.java:logGet(44)) - raft.server.log.queue.element-limit = 1024 (custom)
2021-08-10 07:53:30,082 [pool-301-thread-1] INFO  server.RaftServerConfigKeys (ConfUtils.java:logGet(44)) - raft.server.log.segment.size.max = 1048576 (custom)
2021-08-10 07:53:30,082 [pool-301-thread-1] INFO  server.RaftServerConfigKeys (ConfUtils.java:logGet(44)) - raft.server.log.preallocated.size = 16384 (custom)
2021-08-10 07:53:30,082 [pool-301-thread-1] INFO  server.RaftServerConfigKeys (ConfUtils.java:logGet(44)) - raft.server.log.force.sync.num = 128 (default)
2021-08-10 07:53:30,082 [pool-301-thread-1] INFO  server.RaftServerConfigKeys (ConfUtils.java:logGet(44)) - raft.server.log.statemachine.data.sync = true (default)
2021-08-10 07:53:30,082 [pool-301-thread-1] INFO  server.RaftServerConfigKeys (ConfUtils.java:logGet(44)) - raft.server.log.statemachine.data.sync.timeout = 10s (default)
2021-08-10 07:53:30,083 [pool-301-thread-1] INFO  server.RaftServerConfigKeys (ConfUtils.java:logGet(44)) - raft.server.log.statemachine.data.sync.timeout.retry = -1 (default)
2021-08-10 07:53:30,083 [pool-301-thread-1] INFO  server.RaftServerConfigKeys (ConfUtils.java:logGet(44)) - raft.server.log.write.buffer.size = 1048576 (custom)
2021-08-10 07:53:30,084 [pool-301-thread-1] INFO  server.RaftServerConfigKeys (ConfUtils.java:logGet(44)) - raft.server.log.statemachine.data.caching.enabled = true (custom)
2021-08-10 07:53:30,084 [pool-301-thread-1] INFO  segmented.SegmentedRaftLogWorker (SegmentedRaftLogWorker.java:lambda$new$0(133)) - 581c0420-ae36-4e78-8d82-33b3ef40d50c@group-EDFE808CE512-SegmentedRaftLogWorker: flushIndex: setUnconditionally 0 -> -1
2021-08-10 07:53:30,084 [pool-301-thread-1] INFO  segmented.SegmentedRaftLogWorker (SegmentedRaftLogWorker.java:lambda$new$0(133)) - 581c0420-ae36-4e78-8d82-33b3ef40d50c@group-EDFE808CE512-SegmentedRaftLogWorker: safeCacheEvictIndex: setUnconditionally 0 -> -1
2021-08-10 07:53:30,097 [pool-301-thread-1] INFO  server.RaftServerConfigKeys (ConfUtils.java:logGet(44)) - raft.server.snapshot.auto.trigger.enabled = true (custom)
2021-08-10 07:53:30,097 [pool-301-thread-1] INFO  server.RaftServerConfigKeys (ConfUtils.java:logGet(44)) - raft.server.snapshot.auto.trigger.threshold = 10000 (custom)
2021-08-10 07:53:30,097 [pool-301-thread-1] INFO  server.RaftServerConfigKeys (ConfUtils.java:logGet(44)) - raft.server.snapshot.retention.file.num = 5 (custom)
2021-08-10 07:53:30,097 [pool-301-thread-1] INFO  server.RaftServerConfigKeys (ConfUtils.java:logGet(44)) - raft.server.log.purge.upto.snapshot.index = false (default)
2021-08-10 07:53:30,097 [pool-301-thread-1] INFO  server.RaftServerConfigKeys (ConfUtils.java:logGet(44)) - raft.server.retrycache.expirytime = 600000ms (custom)
2021-08-10 07:53:30,097 [pool-301-thread-1] INFO  server.RaftServerConfigKeys (ConfUtils.java:logGet(44)) - raft.server.retrycache.statistics.expirytime = 100μs (default)
2021-08-10 07:53:30,098 [pool-301-thread-1] INFO  server.RaftServer$Division (RaftServerImpl.java:start(296)) - 581c0420-ae36-4e78-8d82-33b3ef40d50c@group-EDFE808CE512: start as a follower, conf=-1: [581c0420-ae36-4e78-8d82-33b3ef40d50c|rpc:10.1.0.46:42363|priority:0, e27b497d-edf5-4527-a9cd-0b54bade3291|rpc:10.1.0.46:38727|priority:1, 6aba10dc-a58f-4fc7-8218-673b2e1b730d|rpc:10.1.0.46:42995|priority:0], old=null
2021-08-10 07:53:30,098 [pool-301-thread-1] INFO  server.RaftServer$Division (RaftServerImpl.java:setRole(285)) - 581c0420-ae36-4e78-8d82-33b3ef40d50c@group-EDFE808CE512: changes role from      null to FOLLOWER at term 0 for startAsFollower
2021-08-10 07:53:30,098 [pool-301-thread-1] INFO  impl.RoleInfo (RoleInfo.java:updateAndGet(130)) - 581c0420-ae36-4e78-8d82-33b3ef40d50c: start 581c0420-ae36-4e78-8d82-33b3ef40d50c@group-EDFE808CE512-FollowerState
2021-08-10 07:53:30,098 [pool-301-thread-1] INFO  util.JmxRegister (JmxRegister.java:tryRegister(44)) - Successfully registered JMX Bean with object name Ratis:service=RaftServer,group=group-EDFE808CE512,id=581c0420-ae36-4e78-8d82-33b3ef40d50c
2021-08-10 07:53:30,099 [Command processor thread] INFO  ratis.XceiverServerRatis (XceiverServerRatis.java:addGroup(759)) - Created group PipelineID=0d81224f-acdb-4942-a15e-edfe808ce512
2021-08-10 07:53:30,116 [SCMBlockDeletingService#0] DEBUG block.SCMBlockDeletingService (SCMBlockDeletingService.java:call(133)) - Running DeletedBlockTransactionScanner
2021-08-10 07:53:30,123 [grpc-default-executor-3] INFO  server.RaftServer (RaftServerProxy.java:addNew(95)) - e27b497d-edf5-4527-a9cd-0b54bade3291: addNew group-EDFE808CE512:[581c0420-ae36-4e78-8d82-33b3ef40d50c|rpc:10.1.0.46:42363|dataStream:|priority:0, e27b497d-edf5-4527-a9cd-0b54bade3291|rpc:10.1.0.46:38727|dataStream:|priority:1, 6aba10dc-a58f-4fc7-8218-673b2e1b730d|rpc:10.1.0.46:42995|dataStream:|priority:0] returns group-EDFE808CE512:java.util.concurrent.CompletableFuture@f1ceaec[Not completed]
2021-08-10 07:53:30,124 [pool-320-thread-1] INFO  server.RaftServer$Division (RaftServerImpl.java:<init>(181)) - e27b497d-edf5-4527-a9cd-0b54bade3291: new RaftServerImpl for group-EDFE808CE512:[581c0420-ae36-4e78-8d82-33b3ef40d50c|rpc:10.1.0.46:42363|dataStream:|priority:0, e27b497d-edf5-4527-a9cd-0b54bade3291|rpc:10.1.0.46:38727|dataStream:|priority:1, 6aba10dc-a58f-4fc7-8218-673b2e1b730d|rpc:10.1.0.46:42995|dataStream:|priority:0] with ContainerStateMachine:uninitialized
2021-08-10 07:53:30,124 [pool-320-thread-1] INFO  server.RaftServerConfigKeys (ConfUtils.java:logGet(44)) - raft.server.rpc.timeout.min = 5s (custom)
2021-08-10 07:53:30,124 [pool-320-thread-1] INFO  server.RaftServerConfigKeys (ConfUtils.java:logGet(44)) - raft.server.rpc.timeout.max = 5200ms (custom)
2021-08-10 07:53:30,124 [pool-320-thread-1] INFO  server.RaftServerConfigKeys (ConfUtils.java:logGet(44)) - raft.server.rpc.sleep.time = 25ms (default)
2021-08-10 07:53:30,124 [pool-320-thread-1] INFO  server.RaftServerConfigKeys (ConfUtils.java:logGet(44)) - raft.server.rpc.slowness.timeout = 300s (custom)
2021-08-10 07:53:30,124 [pool-320-thread-1] INFO  server.RaftServerConfigKeys (ConfUtils.java:logGet(44)) - raft.server.leaderelection.leader.step-down.wait-time = 10s (default)
2021-08-10 07:53:30,124 [pool-320-thread-1] INFO  server.RaftServerConfigKeys (ConfUtils.java:logGet(44)) - raft.server.sleep.deviation.threshold = 300ms (default)
2021-08-10 07:53:30,124 [pool-320-thread-1] INFO  server.RaftServerConfigKeys (ConfUtils.java:logGet(44)) - raft.server.log.appender.install.snapshot.enabled = false (custom)
2021-08-10 07:53:30,124 [pool-320-thread-1] INFO  server.RaftServer$Division (ServerState.java:<init>(105)) - e27b497d-edf5-4527-a9cd-0b54bade3291@group-EDFE808CE512: ConfigurationManager, init=-1: [581c0420-ae36-4e78-8d82-33b3ef40d50c|rpc:10.1.0.46:42363|dataStream:|priority:0, e27b497d-edf5-4527-a9cd-0b54bade3291|rpc:10.1.0.46:38727|dataStream:|priority:1, 6aba10dc-a58f-4fc7-8218-673b2e1b730d|rpc:10.1.0.46:42995|dataStream:|priority:0], old=null, confs=<EMPTY_MAP>
2021-08-10 07:53:30,125 [pool-320-thread-1] INFO  server.RaftServerConfigKeys (ConfUtils.java:logGet(44)) - raft.server.storage.dir = [/home/runner/work/ozone/ozone/hadoop-ozone/integration-test/target/test-dir/MiniOzoneClusterImpl-18dd5eeb-2d01-48fa-8c78-b335295f6fb4/datanode-2/data/ratis] (custom)
2021-08-10 07:53:30,125 [pool-320-thread-1] INFO  server.RaftServerConfigKeys (ConfUtils.java:logGet(44)) - raft.server.log.corruption.policy = EXCEPTION (default)
2021-08-10 07:53:30,125 [pool-320-thread-1] INFO  server.RaftServerConfigKeys (ConfUtils.java:logGet(44)) - raft.server.storage.free-space.min = 0MB (=0) (default)
2021-08-10 07:53:30,125 [pool-320-thread-1] INFO  storage.RaftStorageDirectory (RaftStorageDirectoryImpl.java:analyzeStorage(135)) - The storage directory /home/runner/work/ozone/ozone/hadoop-ozone/integration-test/target/test-dir/MiniOzoneClusterImpl-18dd5eeb-2d01-48fa-8c78-b335295f6fb4/datanode-2/data/ratis/0d81224f-acdb-4942-a15e-edfe808ce512 does not exist. Creating ...
2021-08-10 07:53:30,131 [pool-320-thread-1] INFO  storage.RaftStorageDirectory (RaftStorageDirectoryImpl.java:tryLock(230)) - Lock on /home/runner/work/ozone/ozone/hadoop-ozone/integration-test/target/test-dir/MiniOzoneClusterImpl-18dd5eeb-2d01-48fa-8c78-b335295f6fb4/datanode-2/data/ratis/0d81224f-acdb-4942-a15e-edfe808ce512/in_use.lock acquired by nodename 29984@fv-az12-876
2021-08-10 07:53:30,141 [pool-320-thread-1] INFO  storage.RaftStorage (RaftStorageImpl.java:format(89)) - Storage directory /home/runner/work/ozone/ozone/hadoop-ozone/integration-test/target/test-dir/MiniOzoneClusterImpl-18dd5eeb-2d01-48fa-8c78-b335295f6fb4/datanode-2/data/ratis/0d81224f-acdb-4942-a15e-edfe808ce512 has been successfully formatted.
2021-08-10 07:53:30,141 [pool-320-thread-1] INFO  ratis.ContainerStateMachine (ContainerStateMachine.java:loadSnapshot(223)) - group-EDFE808CE512: The snapshot info is null. Setting the last applied indexto:(t:0, i:~)
2021-08-10 07:53:30,141 [Datanode State Machine Thread - 0] WARN  statemachine.StateContext (StateContext.java:execute(621)) - No available thread in pool for past 0 seconds.
2021-08-10 07:53:30,141 [pool-320-thread-1] INFO  server.RaftServerConfigKeys (ConfUtils.java:logGet(44)) - raft.server.notification.no-leader.timeout = 300s (custom)
2021-08-10 07:53:30,141 [pool-320-thread-1] INFO  server.RaftServerConfigKeys (ConfUtils.java:logGet(44)) - raft.server.log.use.memory = false (default)
2021-08-10 07:53:30,142 [pool-320-thread-1] INFO  server.RaftServerConfigKeys (ConfUtils.java:logGet(44)) - raft.server.log.purge.gap = 1000000 (custom)
2021-08-10 07:53:30,142 [pool-320-thread-1] INFO  server.RaftServerConfigKeys (ConfUtils.java:logGet(44)) - raft.server.log.appender.buffer.byte-limit = 33554432 (custom)
2021-08-10 07:53:30,142 [pool-320-thread-1] INFO  server.RaftServerConfigKeys (ConfUtils.java:logGet(44)) - raft.server.log.segment.size.max = 1048576 (custom)
2021-08-10 07:53:30,142 [pool-320-thread-1] INFO  server.RaftServerConfigKeys (ConfUtils.java:logGet(44)) - raft.server.log.segment.cache.num.max = 2 (custom)
2021-08-10 07:53:30,142 [pool-320-thread-1] INFO  server.RaftServerConfigKeys (ConfUtils.java:logGet(44)) - raft.server.log.segment.cache.size.max = 200MB (=209715200) (default)
2021-08-10 07:53:30,142 [pool-320-thread-1] INFO  segmented.SegmentedRaftLogWorker (SegmentedRaftLogWorker.java:<init>(182)) - new e27b497d-edf5-4527-a9cd-0b54bade3291@group-EDFE808CE512-SegmentedRaftLogWorker for RaftStorageImpl:Storage Directory /home/runner/work/ozone/ozone/hadoop-ozone/integration-test/target/test-dir/MiniOzoneClusterImpl-18dd5eeb-2d01-48fa-8c78-b335295f6fb4/datanode-2/data/ratis/0d81224f-acdb-4942-a15e-edfe808ce512
2021-08-10 07:53:30,142 [pool-320-thread-1] INFO  server.RaftServerConfigKeys (ConfUtils.java:logGet(44)) - raft.server.log.queue.byte-limit = 2147483647 (custom)
2021-08-10 07:53:30,142 [pool-320-thread-1] INFO  server.RaftServerConfigKeys (ConfUtils.java:logGet(44)) - raft.server.log.queue.element-limit = 1024 (custom)
2021-08-10 07:53:30,142 [pool-320-thread-1] INFO  server.RaftServerConfigKeys (ConfUtils.java:logGet(44)) - raft.server.log.segment.size.max = 1048576 (custom)
2021-08-10 07:53:30,142 [pool-320-thread-1] INFO  server.RaftServerConfigKeys (ConfUtils.java:logGet(44)) - raft.server.log.preallocated.size = 16384 (custom)
2021-08-10 07:53:30,142 [pool-320-thread-1] INFO  server.RaftServerConfigKeys (ConfUtils.java:logGet(44)) - raft.server.log.force.sync.num = 128 (default)
2021-08-10 07:53:30,143 [pool-320-thread-1] INFO  server.RaftServerConfigKeys (ConfUtils.java:logGet(44)) - raft.server.log.statemachine.data.sync = true (default)
2021-08-10 07:53:30,143 [pool-320-thread-1] INFO  server.RaftServerConfigKeys (ConfUtils.java:logGet(44)) - raft.server.log.statemachine.data.sync.timeout = 10s (default)
2021-08-10 07:53:30,143 [pool-320-thread-1] INFO  server.RaftServerConfigKeys (ConfUtils.java:logGet(44)) - raft.server.log.statemachine.data.sync.timeout.retry = -1 (default)
2021-08-10 07:53:30,144 [EventQueue-PipelineReportForPipelineReportHandler] INFO  pipeline.PipelineReportHandler (PipelineReportHandler.java:processPipelineReport(113)) - Reported pipeline PipelineID=28ad549a-28e7-4401-a4ff-5ce5490daff9 is not found
2021-08-10 07:53:30,145 [pool-320-thread-1] INFO  server.RaftServerConfigKeys (ConfUtils.java:logGet(44)) - raft.server.log.write.buffer.size = 1048576 (custom)
2021-08-10 07:53:30,145 [pool-320-thread-1] INFO  server.RaftServerConfigKeys (ConfUtils.java:logGet(44)) - raft.server.log.statemachine.data.caching.enabled = true (custom)
2021-08-10 07:53:30,145 [pool-320-thread-1] INFO  segmented.SegmentedRaftLogWorker (SegmentedRaftLogWorker.java:lambda$new$0(133)) - e27b497d-edf5-4527-a9cd-0b54bade3291@group-EDFE808CE512-SegmentedRaftLogWorker: flushIndex: setUnconditionally 0 -> -1
2021-08-10 07:53:30,145 [pool-320-thread-1] INFO  segmented.SegmentedRaftLogWorker (SegmentedRaftLogWorker.java:lambda$new$0(133)) - e27b497d-edf5-4527-a9cd-0b54bade3291@group-EDFE808CE512-SegmentedRaftLogWorker: safeCacheEvictIndex: setUnconditionally 0 -> -1
2021-08-10 07:53:30,159 [pool-320-thread-1] INFO  server.RaftServerConfigKeys (ConfUtils.java:logGet(44)) - raft.server.snapshot.auto.trigger.enabled = true (custom)
2021-08-10 07:53:30,159 [pool-320-thread-1] INFO  server.RaftServerConfigKeys (ConfUtils.java:logGet(44)) - raft.server.snapshot.auto.trigger.threshold = 10000 (custom)
2021-08-10 07:53:30,159 [pool-320-thread-1] INFO  server.RaftServerConfigKeys (ConfUtils.java:logGet(44)) - raft.server.snapshot.retention.file.num = 5 (custom)
2021-08-10 07:53:30,159 [pool-320-thread-1] INFO  server.RaftServerConfigKeys (ConfUtils.java:logGet(44)) - raft.server.log.purge.upto.snapshot.index = false (default)
2021-08-10 07:53:30,159 [pool-320-thread-1] INFO  server.RaftServerConfigKeys (ConfUtils.java:logGet(44)) - raft.server.retrycache.expirytime = 600000ms (custom)
2021-08-10 07:53:30,159 [pool-320-thread-1] INFO  server.RaftServerConfigKeys (ConfUtils.java:logGet(44)) - raft.server.retrycache.statistics.expirytime = 100μs (default)
2021-08-10 07:53:30,160 [pool-320-thread-1] INFO  server.RaftServer$Division (RaftServerImpl.java:start(296)) - e27b497d-edf5-4527-a9cd-0b54bade3291@group-EDFE808CE512: start as a follower, conf=-1: [581c0420-ae36-4e78-8d82-33b3ef40d50c|rpc:10.1.0.46:42363|dataStream:|priority:0, e27b497d-edf5-4527-a9cd-0b54bade3291|rpc:10.1.0.46:38727|dataStream:|priority:1, 6aba10dc-a58f-4fc7-8218-673b2e1b730d|rpc:10.1.0.46:42995|dataStream:|priority:0], old=null
2021-08-10 07:53:30,160 [pool-320-thread-1] INFO  server.RaftServer$Division (RaftServerImpl.java:setRole(285)) - e27b497d-edf5-4527-a9cd-0b54bade3291@group-EDFE808CE512: changes role from      null to FOLLOWER at term 0 for startAsFollower
2021-08-10 07:53:30,160 [pool-320-thread-1] INFO  impl.RoleInfo (RoleInfo.java:updateAndGet(130)) - e27b497d-edf5-4527-a9cd-0b54bade3291: start e27b497d-edf5-4527-a9cd-0b54bade3291@group-EDFE808CE512-FollowerState
2021-08-10 07:53:30,162 [pool-320-thread-1] INFO  util.JmxRegister (JmxRegister.java:tryRegister(44)) - Successfully registered JMX Bean with object name Ratis:service=RaftServer,group=group-EDFE808CE512,id=e27b497d-edf5-4527-a9cd-0b54bade3291
2021-08-10 07:53:30,198 [grpc-default-executor-3] INFO  server.RaftServer (RaftServerProxy.java:addNew(95)) - 6aba10dc-a58f-4fc7-8218-673b2e1b730d: addNew group-EDFE808CE512:[581c0420-ae36-4e78-8d82-33b3ef40d50c|rpc:10.1.0.46:42363|dataStream:|priority:0, e27b497d-edf5-4527-a9cd-0b54bade3291|rpc:10.1.0.46:38727|dataStream:|priority:1, 6aba10dc-a58f-4fc7-8218-673b2e1b730d|rpc:10.1.0.46:42995|dataStream:|priority:0] returns group-EDFE808CE512:java.util.concurrent.CompletableFuture@61f0ec8[Not completed]
2021-08-10 07:53:30,199 [pool-359-thread-1] INFO  server.RaftServer$Division (RaftServerImpl.java:<init>(181)) - 6aba10dc-a58f-4fc7-8218-673b2e1b730d: new RaftServerImpl for group-EDFE808CE512:[581c0420-ae36-4e78-8d82-33b3ef40d50c|rpc:10.1.0.46:42363|dataStream:|priority:0, e27b497d-edf5-4527-a9cd-0b54bade3291|rpc:10.1.0.46:38727|dataStream:|priority:1, 6aba10dc-a58f-4fc7-8218-673b2e1b730d|rpc:10.1.0.46:42995|dataStream:|priority:0] with ContainerStateMachine:uninitialized
2021-08-10 07:53:30,199 [pool-359-thread-1] INFO  server.RaftServerConfigKeys (ConfUtils.java:logGet(44)) - raft.server.rpc.timeout.min = 5s (custom)
2021-08-10 07:53:30,199 [pool-359-thread-1] INFO  server.RaftServerConfigKeys (ConfUtils.java:logGet(44)) - raft.server.rpc.timeout.max = 5200ms (custom)
2021-08-10 07:53:30,199 [pool-359-thread-1] INFO  server.RaftServerConfigKeys (ConfUtils.java:logGet(44)) - raft.server.rpc.sleep.time = 25ms (default)
2021-08-10 07:53:30,199 [pool-359-thread-1] INFO  server.RaftServerConfigKeys (ConfUtils.java:logGet(44)) - raft.server.rpc.slowness.timeout = 300s (custom)
2021-08-10 07:53:30,199 [pool-359-thread-1] INFO  server.RaftServerConfigKeys (ConfUtils.java:logGet(44)) - raft.server.leaderelection.leader.step-down.wait-time = 10s (default)
2021-08-10 07:53:30,199 [pool-359-thread-1] INFO  server.RaftServerConfigKeys (ConfUtils.java:logGet(44)) - raft.server.sleep.deviation.threshold = 300ms (default)
2021-08-10 07:53:30,199 [pool-359-thread-1] INFO  server.RaftServerConfigKeys (ConfUtils.java:logGet(44)) - raft.server.log.appender.install.snapshot.enabled = false (custom)
2021-08-10 07:53:30,200 [pool-359-thread-1] INFO  server.RaftServer$Division (ServerState.java:<init>(105)) - 6aba10dc-a58f-4fc7-8218-673b2e1b730d@group-EDFE808CE512: ConfigurationManager, init=-1: [581c0420-ae36-4e78-8d82-33b3ef40d50c|rpc:10.1.0.46:42363|dataStream:|priority:0, e27b497d-edf5-4527-a9cd-0b54bade3291|rpc:10.1.0.46:38727|dataStream:|priority:1, 6aba10dc-a58f-4fc7-8218-673b2e1b730d|rpc:10.1.0.46:42995|dataStream:|priority:0], old=null, confs=<EMPTY_MAP>
2021-08-10 07:53:30,200 [pool-359-thread-1] INFO  server.RaftServerConfigKeys (ConfUtils.java:logGet(44)) - raft.server.storage.dir = [/home/runner/work/ozone/ozone/hadoop-ozone/integration-test/target/test-dir/MiniOzoneClusterImpl-18dd5eeb-2d01-48fa-8c78-b335295f6fb4/datanode-0/data/ratis] (custom)
2021-08-10 07:53:30,200 [pool-359-thread-1] INFO  server.RaftServerConfigKeys (ConfUtils.java:logGet(44)) - raft.server.log.corruption.policy = EXCEPTION (default)
2021-08-10 07:53:30,200 [pool-359-thread-1] INFO  server.RaftServerConfigKeys (ConfUtils.java:logGet(44)) - raft.server.storage.free-space.min = 0MB (=0) (default)
2021-08-10 07:53:30,200 [pool-359-thread-1] INFO  storage.RaftStorageDirectory (RaftStorageDirectoryImpl.java:analyzeStorage(135)) - The storage directory /home/runner/work/ozone/ozone/hadoop-ozone/integration-test/target/test-dir/MiniOzoneClusterImpl-18dd5eeb-2d01-48fa-8c78-b335295f6fb4/datanode-0/data/ratis/0d81224f-acdb-4942-a15e-edfe808ce512 does not exist. Creating ...
2021-08-10 07:53:30,205 [pool-359-thread-1] INFO  storage.RaftStorageDirectory (RaftStorageDirectoryImpl.java:tryLock(230)) - Lock on /home/runner/work/ozone/ozone/hadoop-ozone/integration-test/target/test-dir/MiniOzoneClusterImpl-18dd5eeb-2d01-48fa-8c78-b335295f6fb4/datanode-0/data/ratis/0d81224f-acdb-4942-a15e-edfe808ce512/in_use.lock acquired by nodename 29984@fv-az12-876
2021-08-10 07:53:30,210 [pool-359-thread-1] INFO  storage.RaftStorage (RaftStorageImpl.java:format(89)) - Storage directory /home/runner/work/ozone/ozone/hadoop-ozone/integration-test/target/test-dir/MiniOzoneClusterImpl-18dd5eeb-2d01-48fa-8c78-b335295f6fb4/datanode-0/data/ratis/0d81224f-acdb-4942-a15e-edfe808ce512 has been successfully formatted.
2021-08-10 07:53:30,210 [pool-359-thread-1] INFO  ratis.ContainerStateMachine (ContainerStateMachine.java:loadSnapshot(223)) - group-EDFE808CE512: The snapshot info is null. Setting the last applied indexto:(t:0, i:~)
2021-08-10 07:53:30,210 [pool-359-thread-1] INFO  server.RaftServerConfigKeys (ConfUtils.java:logGet(44)) - raft.server.notification.no-leader.timeout = 300s (custom)
2021-08-10 07:53:30,211 [pool-359-thread-1] INFO  server.RaftServerConfigKeys (ConfUtils.java:logGet(44)) - raft.server.log.use.memory = false (default)
2021-08-10 07:53:30,210 [Datanode State Machine Thread - 0] WARN  statemachine.StateContext (StateContext.java:execute(621)) - No available thread in pool for past 0 seconds.
2021-08-10 07:53:30,211 [pool-359-thread-1] INFO  server.RaftServerConfigKeys (ConfUtils.java:logGet(44)) - raft.server.log.purge.gap = 1000000 (custom)
2021-08-10 07:53:30,213 [pool-359-thread-1] INFO  server.RaftServerConfigKeys (ConfUtils.java:logGet(44)) - raft.server.log.appender.buffer.byte-limit = 33554432 (custom)
2021-08-10 07:53:30,211 [EventQueue-PipelineReportForPipelineReportHandler] INFO  pipeline.PipelineReportHandler (PipelineReportHandler.java:processPipelineReport(113)) - Reported pipeline PipelineID=28ad549a-28e7-4401-a4ff-5ce5490daff9 is not found
2021-08-10 07:53:30,216 [SCMBlockDeletingService#0] DEBUG block.SCMBlockDeletingService (SCMBlockDeletingService.java:call(133)) - Running DeletedBlockTransactionScanner
2021-08-10 07:53:30,219 [pool-359-thread-1] INFO  server.RaftServerConfigKeys (ConfUtils.java:logGet(44)) - raft.server.log.segment.size.max = 1048576 (custom)
2021-08-10 07:53:30,219 [pool-359-thread-1] INFO  server.RaftServerConfigKeys (ConfUtils.java:logGet(44)) - raft.server.log.segment.cache.num.max = 2 (custom)
2021-08-10 07:53:30,219 [pool-359-thread-1] INFO  server.RaftServerConfigKeys (ConfUtils.java:logGet(44)) - raft.server.log.segment.cache.size.max = 200MB (=209715200) (default)
2021-08-10 07:53:30,219 [pool-359-thread-1] INFO  segmented.SegmentedRaftLogWorker (SegmentedRaftLogWorker.java:<init>(182)) - new 6aba10dc-a58f-4fc7-8218-673b2e1b730d@group-EDFE808CE512-SegmentedRaftLogWorker for RaftStorageImpl:Storage Directory /home/runner/work/ozone/ozone/hadoop-ozone/integration-test/target/test-dir/MiniOzoneClusterImpl-18dd5eeb-2d01-48fa-8c78-b335295f6fb4/datanode-0/data/ratis/0d81224f-acdb-4942-a15e-edfe808ce512
2021-08-10 07:53:30,219 [pool-359-thread-1] INFO  server.RaftServerConfigKeys (ConfUtils.java:logGet(44)) - raft.server.log.queue.byte-limit = 2147483647 (custom)
2021-08-10 07:53:30,219 [pool-359-thread-1] INFO  server.RaftServerConfigKeys (ConfUtils.java:logGet(44)) - raft.server.log.queue.element-limit = 1024 (custom)
2021-08-10 07:53:30,219 [pool-359-thread-1] INFO  server.RaftServerConfigKeys (ConfUtils.java:logGet(44)) - raft.server.log.segment.size.max = 1048576 (custom)
2021-08-10 07:53:30,219 [pool-359-thread-1] INFO  server.RaftServerConfigKeys (ConfUtils.java:logGet(44)) - raft.server.log.preallocated.size = 16384 (custom)
2021-08-10 07:53:30,219 [pool-359-thread-1] INFO  server.RaftServerConfigKeys (ConfUtils.java:logGet(44)) - raft.server.log.force.sync.num = 128 (default)
2021-08-10 07:53:30,220 [pool-359-thread-1] INFO  server.RaftServerConfigKeys (ConfUtils.java:logGet(44)) - raft.server.log.statemachine.data.sync = true (default)
2021-08-10 07:53:30,220 [pool-359-thread-1] INFO  server.RaftServerConfigKeys (ConfUtils.java:logGet(44)) - raft.server.log.statemachine.data.sync.timeout = 10s (default)
2021-08-10 07:53:30,220 [pool-359-thread-1] INFO  server.RaftServerConfigKeys (ConfUtils.java:logGet(44)) - raft.server.log.statemachine.data.sync.timeout.retry = -1 (default)
2021-08-10 07:53:30,220 [pool-359-thread-1] INFO  server.RaftServerConfigKeys (ConfUtils.java:logGet(44)) - raft.server.log.write.buffer.size = 1048576 (custom)
2021-08-10 07:53:30,221 [pool-359-thread-1] INFO  server.RaftServerConfigKeys (ConfUtils.java:logGet(44)) - raft.server.log.statemachine.data.caching.enabled = true (custom)
2021-08-10 07:53:30,221 [pool-359-thread-1] INFO  segmented.SegmentedRaftLogWorker (SegmentedRaftLogWorker.java:lambda$new$0(133)) - 6aba10dc-a58f-4fc7-8218-673b2e1b730d@group-EDFE808CE512-SegmentedRaftLogWorker: flushIndex: setUnconditionally 0 -> -1
2021-08-10 07:53:30,221 [pool-359-thread-1] INFO  segmented.SegmentedRaftLogWorker (SegmentedRaftLogWorker.java:lambda$new$0(133)) - 6aba10dc-a58f-4fc7-8218-673b2e1b730d@group-EDFE808CE512-SegmentedRaftLogWorker: safeCacheEvictIndex: setUnconditionally 0 -> -1
2021-08-10 07:53:30,229 [pool-359-thread-1] INFO  server.RaftServerConfigKeys (ConfUtils.java:logGet(44)) - raft.server.snapshot.auto.trigger.enabled = true (custom)
2021-08-10 07:53:30,229 [pool-359-thread-1] INFO  server.RaftServerConfigKeys (ConfUtils.java:logGet(44)) - raft.server.snapshot.auto.trigger.threshold = 10000 (custom)
2021-08-10 07:53:30,229 [pool-359-thread-1] INFO  server.RaftServerConfigKeys (ConfUtils.java:logGet(44)) - raft.server.snapshot.retention.file.num = 5 (custom)
2021-08-10 07:53:30,229 [pool-359-thread-1] INFO  server.RaftServerConfigKeys (ConfUtils.java:logGet(44)) - raft.server.log.purge.upto.snapshot.index = false (default)
2021-08-10 07:53:30,229 [pool-359-thread-1] INFO  server.RaftServerConfigKeys (ConfUtils.java:logGet(44)) - raft.server.retrycache.expirytime = 600000ms (custom)
2021-08-10 07:53:30,229 [pool-359-thread-1] INFO  server.RaftServerConfigKeys (ConfUtils.java:logGet(44)) - raft.server.retrycache.statistics.expirytime = 100μs (default)
2021-08-10 07:53:30,230 [pool-359-thread-1] INFO  server.RaftServer$Division (RaftServerImpl.java:start(296)) - 6aba10dc-a58f-4fc7-8218-673b2e1b730d@group-EDFE808CE512: start as a follower, conf=-1: [581c0420-ae36-4e78-8d82-33b3ef40d50c|rpc:10.1.0.46:42363|dataStream:|priority:0, e27b497d-edf5-4527-a9cd-0b54bade3291|rpc:10.1.0.46:38727|dataStream:|priority:1, 6aba10dc-a58f-4fc7-8218-673b2e1b730d|rpc:10.1.0.46:42995|dataStream:|priority:0], old=null
2021-08-10 07:53:30,230 [pool-359-thread-1] INFO  server.RaftServer$Division (RaftServerImpl.java:setRole(285)) - 6aba10dc-a58f-4fc7-8218-673b2e1b730d@group-EDFE808CE512: changes role from      null to FOLLOWER at term 0 for startAsFollower
2021-08-10 07:53:30,230 [pool-359-thread-1] INFO  impl.RoleInfo (RoleInfo.java:updateAndGet(130)) - 6aba10dc-a58f-4fc7-8218-673b2e1b730d: start 6aba10dc-a58f-4fc7-8218-673b2e1b730d@group-EDFE808CE512-FollowerState
2021-08-10 07:53:30,243 [pool-359-thread-1] INFO  util.JmxRegister (JmxRegister.java:tryRegister(44)) - Successfully registered JMX Bean with object name Ratis:service=RaftServer,group=group-EDFE808CE512,id=6aba10dc-a58f-4fc7-8218-673b2e1b730d
2021-08-10 07:53:30,295 [Command processor thread] INFO  commandhandler.CreatePipelineCommandHandler (CreatePipelineCommandHandler.java:handle(106)) - Created Pipeline RATIS THREE PipelineID=0d81224f-acdb-4942-a15e-edfe808ce512.
2021-08-10 07:53:30,316 [SCMBlockDeletingService#0] DEBUG block.SCMBlockDeletingService (SCMBlockDeletingService.java:call(133)) - Running DeletedBlockTransactionScanner
2021-08-10 07:53:30,364 [Command processor thread] INFO  server.RaftServer (RaftServerProxy.java:remove(106)) - e27b497d-edf5-4527-a9cd-0b54bade3291: remove    LEADER e27b497d-edf5-4527-a9cd-0b54bade3291@group-5CE5490DAFF9:t4, leader=e27b497d-edf5-4527-a9cd-0b54bade3291, voted=e27b497d-edf5-4527-a9cd-0b54bade3291, raftlog=e27b497d-edf5-4527-a9cd-0b54bade3291@group-5CE5490DAFF9-SegmentedRaftLog:OPENED:c14,f14,i14, conf=0: [581c0420-ae36-4e78-8d82-33b3ef40d50c|rpc:10.1.0.46:42363|dataStream:|priority:0, e27b497d-edf5-4527-a9cd-0b54bade3291|rpc:10.1.0.46:38727|dataStream:|priority:1, 6aba10dc-a58f-4fc7-8218-673b2e1b730d|rpc:10.1.0.46:42995|dataStream:|priority:0], old=null RUNNING
2021-08-10 07:53:30,364 [Command processor thread] INFO  server.RaftServer$Division (RaftServerImpl.java:lambda$close$4(407)) - e27b497d-edf5-4527-a9cd-0b54bade3291@group-5CE5490DAFF9: shutdown
2021-08-10 07:53:30,364 [Command processor thread] INFO  util.JmxRegister (JmxRegister.java:unregister(73)) - Successfully un-registered JMX Bean with object name Ratis:service=RaftServer,group=group-5CE5490DAFF9,id=e27b497d-edf5-4527-a9cd-0b54bade3291
2021-08-10 07:53:30,364 [Command processor thread] INFO  impl.RoleInfo (RoleInfo.java:shutdownLeaderState(91)) - e27b497d-edf5-4527-a9cd-0b54bade3291: shutdown e27b497d-edf5-4527-a9cd-0b54bade3291@group-5CE5490DAFF9-LeaderStateImpl
2021-08-10 07:53:30,364 [Command processor thread] INFO  impl.PendingRequests (PendingRequests.java:sendNotLeaderResponses(249)) - e27b497d-edf5-4527-a9cd-0b54bade3291@group-5CE5490DAFF9-PendingRequests: sendNotLeaderResponses
2021-08-10 07:53:30,368 [Command processor thread] INFO  impl.StateMachineUpdater (StateMachineUpdater.java:stopAndJoin(149)) - e27b497d-edf5-4527-a9cd-0b54bade3291@group-5CE5490DAFF9-StateMachineUpdater: set stopIndex = 14
2021-08-10 07:53:30,368 [e27b497d-edf5-4527-a9cd-0b54bade3291@group-5CE5490DAFF9-StateMachineUpdater] INFO  ratis.ContainerStateMachine (ContainerStateMachine.java:takeSnapshot(291)) - group-5CE5490DAFF9: Taking a snapshot at:(t:4, i:14) file /home/runner/work/ozone/ozone/hadoop-ozone/integration-test/target/test-dir/MiniOzoneClusterImpl-18dd5eeb-2d01-48fa-8c78-b335295f6fb4/datanode-2/data/ratis/28ad549a-28e7-4401-a4ff-5ce5490daff9/sm/snapshot.4_14
2021-08-10 07:53:30,373 [e27b497d-edf5-4527-a9cd-0b54bade3291@group-5CE5490DAFF9->6aba10dc-a58f-4fc7-8218-673b2e1b730d-GrpcLogAppender-LogAppenderDaemon] WARN  server.GrpcLogAppender (GrpcLogAppender.java:mayWait(175)) - e27b497d-edf5-4527-a9cd-0b54bade3291@group-5CE5490DAFF9->6aba10dc-a58f-4fc7-8218-673b2e1b730d-GrpcLogAppender: Wait interrupted by java.lang.InterruptedException
2021-08-10 07:53:30,374 [e27b497d-edf5-4527-a9cd-0b54bade3291@group-5CE5490DAFF9->581c0420-ae36-4e78-8d82-33b3ef40d50c-GrpcLogAppender-LogAppenderDaemon] WARN  server.GrpcLogAppender (GrpcLogAppender.java:mayWait(175)) - e27b497d-edf5-4527-a9cd-0b54bade3291@group-5CE5490DAFF9->581c0420-ae36-4e78-8d82-33b3ef40d50c-GrpcLogAppender: Wait interrupted by java.lang.InterruptedException
2021-08-10 07:53:30,374 [e27b497d-edf5-4527-a9cd-0b54bade3291@group-5CE5490DAFF9-StateMachineUpdater] INFO  ratis.ContainerStateMachine (ContainerStateMachine.java:takeSnapshot(302)) - group-5CE5490DAFF9: Finished taking a snapshot at:(t:4, i:14) file:/home/runner/work/ozone/ozone/hadoop-ozone/integration-test/target/test-dir/MiniOzoneClusterImpl-18dd5eeb-2d01-48fa-8c78-b335295f6fb4/datanode-2/data/ratis/28ad549a-28e7-4401-a4ff-5ce5490daff9/sm/snapshot.4_14 took: 6 ms
2021-08-10 07:53:30,374 [e27b497d-edf5-4527-a9cd-0b54bade3291@group-5CE5490DAFF9-StateMachineUpdater] INFO  impl.StateMachineUpdater (StateMachineUpdater.java:takeSnapshot(281)) - e27b497d-edf5-4527-a9cd-0b54bade3291@group-5CE5490DAFF9-StateMachineUpdater: Took a snapshot at index 14
2021-08-10 07:53:30,374 [e27b497d-edf5-4527-a9cd-0b54bade3291@group-5CE5490DAFF9-StateMachineUpdater] INFO  impl.StateMachineUpdater (StateMachineUpdater.java:lambda$new$0(89)) - e27b497d-edf5-4527-a9cd-0b54bade3291@group-5CE5490DAFF9-StateMachineUpdater: snapshotIndex: updateIncreasingly -1 -> 14
2021-08-10 07:53:30,374 [grpc-default-executor-3] INFO  server.GrpcServerProtocolService (GrpcServerProtocolService.java:onCompleted(140)) - 581c0420-ae36-4e78-8d82-33b3ef40d50c: Completed APPEND_ENTRIES, lastRequest: e27b497d-edf5-4527-a9cd-0b54bade3291->581c0420-ae36-4e78-8d82-33b3ef40d50c#372-t4,previous=(t:4, i:13),leaderCommit=13,initializing? true,entries: size=1, first=(t:4, i:14), METADATAENTRY(c:13)
2021-08-10 07:53:30,375 [grpc-default-executor-3] INFO  server.GrpcServerProtocolService (GrpcServerProtocolService.java:onCompleted(140)) - 6aba10dc-a58f-4fc7-8218-673b2e1b730d: Completed APPEND_ENTRIES, lastRequest: e27b497d-edf5-4527-a9cd-0b54bade3291->6aba10dc-a58f-4fc7-8218-673b2e1b730d#631-t4,previous=(t:4, i:13),leaderCommit=14,initializing? true,entries: size=1, first=(t:4, i:14), METADATAENTRY(c:13)
2021-08-10 07:53:30,387 [Command processor thread] INFO  server.RaftServer$Division (ServerState.java:close(419)) - e27b497d-edf5-4527-a9cd-0b54bade3291@group-5CE5490DAFF9: closes. applyIndex: 14
2021-08-10 07:53:30,387 [e27b497d-edf5-4527-a9cd-0b54bade3291@group-5CE5490DAFF9-SegmentedRaftLogWorker] INFO  segmented.SegmentedRaftLogWorker (SegmentedRaftLogWorker.java:run(327)) - e27b497d-edf5-4527-a9cd-0b54bade3291@group-5CE5490DAFF9-SegmentedRaftLogWorker was interrupted, exiting. There are 0 tasks remaining in the queue.
2021-08-10 07:53:30,391 [Command processor thread] INFO  segmented.SegmentedRaftLogWorker (SegmentedRaftLogWorker.java:close(237)) - e27b497d-edf5-4527-a9cd-0b54bade3291@group-5CE5490DAFF9-SegmentedRaftLogWorker close()
2021-08-10 07:53:30,416 [SCMBlockDeletingService#0] DEBUG block.SCMBlockDeletingService (SCMBlockDeletingService.java:call(133)) - Running DeletedBlockTransactionScanner
2021-08-10 07:53:30,418 [grpc-default-executor-2] INFO  server.GrpcLogAppender (GrpcLogAppender.java:onCompleted(344)) - e27b497d-edf5-4527-a9cd-0b54bade3291@group-5CE5490DAFF9->581c0420-ae36-4e78-8d82-33b3ef40d50c-AppendLogResponseHandler: follower responses appendEntries COMPLETED
2021-08-10 07:53:30,418 [grpc-default-executor-2] INFO  leader.FollowerInfo (FollowerInfoImpl.java:lambda$new$0(46)) - e27b497d-edf5-4527-a9cd-0b54bade3291@group-5CE5490DAFF9->581c0420-ae36-4e78-8d82-33b3ef40d50c: nextIndex: updateUnconditionally 15 -> 14
2021-08-10 07:53:30,418 [grpc-default-executor-4] INFO  server.GrpcLogAppender (GrpcLogAppender.java:onCompleted(344)) - e27b497d-edf5-4527-a9cd-0b54bade3291@group-5CE5490DAFF9->6aba10dc-a58f-4fc7-8218-673b2e1b730d-AppendLogResponseHandler: follower responses appendEntries COMPLETED
2021-08-10 07:53:30,418 [grpc-default-executor-4] INFO  leader.FollowerInfo (FollowerInfoImpl.java:lambda$new$0(46)) - e27b497d-edf5-4527-a9cd-0b54bade3291@group-5CE5490DAFF9->6aba10dc-a58f-4fc7-8218-673b2e1b730d: nextIndex: updateUnconditionally 15 -> 14
2021-08-10 07:53:30,420 [Command processor thread] ERROR commandhandler.ClosePipelineCommandHandler (ClosePipelineCommandHandler.java:handle(78)) - Can't close pipeline PipelineID=28ad549a-28e7-4401-a4ff-5ce5490daff9
java.io.IOException: java.lang.NullPointerException
	at org.apache.hadoop.ozone.container.common.transport.server.ratis.XceiverServerRatis.removeGroup(XceiverServerRatis.java:777)
	at org.apache.hadoop.ozone.container.common.statemachine.commandhandler.ClosePipelineCommandHandler.handle(ClosePipelineCommandHandler.java:74)
	at org.apache.hadoop.ozone.container.common.statemachine.commandhandler.CommandDispatcher.handle(CommandDispatcher.java:99)
	at org.apache.hadoop.ozone.container.common.statemachine.DatanodeStateMachine.lambda$initCommandHandlerThread$2(DatanodeStateMachine.java:556)
	at java.lang.Thread.run(Thread.java:748)
Caused by: java.io.IOException: java.lang.NullPointerException
	at org.apache.ratis.util.IOUtils.asIOException(IOUtils.java:56)
	at org.apache.ratis.server.impl.RaftServerImpl.waitForReply(RaftServerImpl.java:898)
	at org.apache.ratis.server.impl.RaftServerProxy.groupManagement(RaftServerProxy.java:440)
	at org.apache.hadoop.ozone.container.common.transport.server.ratis.XceiverServerRatis.removeGroup(XceiverServerRatis.java:775)
	... 4 more
Caused by: java.lang.NullPointerException
	at org.apache.hadoop.ozone.container.ozoneimpl.ContainerController.markContainerForClose(ContainerController.java:83)
	at org.apache.hadoop.ozone.container.common.transport.server.ratis.ContainerStateMachine.notifyGroupRemove(ContainerStateMachine.java:901)
	at org.apache.ratis.server.impl.RaftServerImpl.groupRemove(RaftServerImpl.java:372)
	at org.apache.ratis.server.impl.RaftServerProxy.lambda$groupRemoveAsync$14(RaftServerProxy.java:507)
	at java.util.concurrent.CompletableFuture.uniApply(CompletableFuture.java:616)
	at java.util.concurrent.CompletableFuture.uniApplyStage(CompletableFuture.java:628)
	at java.util.concurrent.CompletableFuture.thenApply(CompletableFuture.java:1996)
	at org.apache.ratis.server.impl.RaftServerProxy.groupRemoveAsync(RaftServerProxy.java:506)
	at org.apache.ratis.server.impl.RaftServerProxy.groupManagementAsync(RaftServerProxy.java:460)
	... 6 more
2021-08-10 07:53:30,422 [Command processor thread] WARN  server.RaftServer (RaftServerProxy.java:remove(101)) - e27b497d-edf5-4527-a9cd-0b54bade3291: does not contain group: group-5CE5490DAFF9
2021-08-10 07:53:30,422 [Command processor thread] ERROR commandhandler.ClosePipelineCommandHandler (ClosePipelineCommandHandler.java:handle(78)) - Can't close pipeline PipelineID=28ad549a-28e7-4401-a4ff-5ce5490daff9
java.io.IOException: e27b497d-edf5-4527-a9cd-0b54bade3291: Group group-5CE5490DAFF9 not found.
	at org.apache.hadoop.ozone.container.common.transport.server.ratis.XceiverServerRatis.removeGroup(XceiverServerRatis.java:777)
	at org.apache.hadoop.ozone.container.common.statemachine.commandhandler.ClosePipelineCommandHandler.handle(ClosePipelineCommandHandler.java:74)
	at org.apache.hadoop.ozone.container.common.statemachine.commandhandler.CommandDispatcher.handle(CommandDispatcher.java:99)
	at org.apache.hadoop.ozone.container.common.statemachine.DatanodeStateMachine.lambda$initCommandHandlerThread$2(DatanodeStateMachine.java:556)
	at java.lang.Thread.run(Thread.java:748)
Caused by: org.apache.ratis.protocol.exceptions.GroupMismatchException: e27b497d-edf5-4527-a9cd-0b54bade3291: Group group-5CE5490DAFF9 not found.
	at org.apache.ratis.server.impl.RaftServerProxy.groupRemoveAsync(RaftServerProxy.java:504)
	at org.apache.ratis.server.impl.RaftServerProxy.groupManagementAsync(RaftServerProxy.java:460)
	at org.apache.ratis.server.impl.RaftServerProxy.groupManagement(RaftServerProxy.java:440)
	at org.apache.hadoop.ozone.container.common.transport.server.ratis.XceiverServerRatis.removeGroup(XceiverServerRatis.java:775)
	... 4 more
2021-08-10 07:53:30,519 [SCMBlockDeletingService#0] DEBUG block.SCMBlockDeletingService (SCMBlockDeletingService.java:call(133)) - Running DeletedBlockTransactionScanner
2021-08-10 07:53:30,610 [Listener at 127.0.0.1/35799] INFO  ozone.MiniOzoneClusterImpl (MiniOzoneClusterImpl.java:lambda$waitForClusterToBeReady$0(235)) - Nodes are ready. Got 3 of 3 DN Heartbeats.
2021-08-10 07:53:30,610 [Listener at 127.0.0.1/35799] INFO  ozone.MiniOzoneClusterImpl (MiniOzoneClusterImpl.java:lambda$waitForClusterToBeReady$0(238)) - Cluster exits safe mode
2021-08-10 07:53:30,611 [Listener at 127.0.0.1/35799] INFO  ozone.MiniOzoneClusterImpl (MiniOzoneClusterImpl.java:lambda$waitForClusterToBeReady$0(240)) - SCM became leader
2021-08-10 07:53:30,619 [SCMBlockDeletingService#0] DEBUG block.SCMBlockDeletingService (SCMBlockDeletingService.java:call(133)) - Running DeletedBlockTransactionScanner
2021-08-10 07:53:30,688 [Command processor thread] INFO  server.RaftServer (RaftServerProxy.java:remove(106)) - 6aba10dc-a58f-4fc7-8218-673b2e1b730d: remove  FOLLOWER 6aba10dc-a58f-4fc7-8218-673b2e1b730d@group-5CE5490DAFF9:t4, leader=e27b497d-edf5-4527-a9cd-0b54bade3291, voted=e27b497d-edf5-4527-a9cd-0b54bade3291, raftlog=6aba10dc-a58f-4fc7-8218-673b2e1b730d@group-5CE5490DAFF9-SegmentedRaftLog:OPENED:c14,f14,i14, conf=0: [581c0420-ae36-4e78-8d82-33b3ef40d50c|rpc:10.1.0.46:42363|dataStream:|priority:0, e27b497d-edf5-4527-a9cd-0b54bade3291|rpc:10.1.0.46:38727|dataStream:|priority:1, 6aba10dc-a58f-4fc7-8218-673b2e1b730d|rpc:10.1.0.46:42995|dataStream:|priority:0], old=null RUNNING
2021-08-10 07:53:30,688 [Command processor thread] INFO  server.RaftServer$Division (RaftServerImpl.java:lambda$close$4(407)) - 6aba10dc-a58f-4fc7-8218-673b2e1b730d@group-5CE5490DAFF9: shutdown
2021-08-10 07:53:30,688 [Command processor thread] INFO  util.JmxRegister (JmxRegister.java:unregister(73)) - Successfully un-registered JMX Bean with object name Ratis:service=RaftServer,group=group-5CE5490DAFF9,id=6aba10dc-a58f-4fc7-8218-673b2e1b730d
2021-08-10 07:53:30,688 [Command processor thread] INFO  impl.RoleInfo (RoleInfo.java:shutdownFollowerState(108)) - 6aba10dc-a58f-4fc7-8218-673b2e1b730d: shutdown 6aba10dc-a58f-4fc7-8218-673b2e1b730d@group-5CE5490DAFF9-FollowerState
2021-08-10 07:53:30,688 [Command processor thread] INFO  impl.StateMachineUpdater (StateMachineUpdater.java:stopAndJoin(149)) - 6aba10dc-a58f-4fc7-8218-673b2e1b730d@group-5CE5490DAFF9-StateMachineUpdater: set stopIndex = 14
2021-08-10 07:53:30,689 [6aba10dc-a58f-4fc7-8218-673b2e1b730d@group-5CE5490DAFF9-FollowerState] INFO  impl.FollowerState (FollowerState.java:run(143)) - 6aba10dc-a58f-4fc7-8218-673b2e1b730d@group-5CE5490DAFF9-FollowerState was interrupted: {}
java.lang.InterruptedException: sleep interrupted
	at java.lang.Thread.sleep(Native Method)
	at java.lang.Thread.sleep(Thread.java:340)
	at java.util.concurrent.TimeUnit.sleep(TimeUnit.java:386)
	at org.apache.ratis.util.TimeDuration.sleep(TimeDuration.java:324)
	at org.apache.ratis.util.TimeDuration.sleep(TimeDuration.java:309)
	at org.apache.ratis.server.impl.FollowerState.run(FollowerState.java:118)
2021-08-10 07:53:30,711 [Listener at 127.0.0.1/35799] INFO  container.ReplicationManager (ReplicationManager.java:sendDeleteCommand(1478)) - Sending delete container command for container #1 to datanode 6aba10dc-a58f-4fc7-8218-673b2e1b730d{ip: 10.1.0.46, host: fv-az12-876.exdb2aeach2ezidoxz41lk3bwg.cx.internal.cloudapp.net, ports: [REPLICATION=39653, RATIS=42995, RATIS_ADMIN=42995, RATIS_SERVER=42995, STANDALONE=34629], networkLocation: /default-rack, certSerialId: null, persistedOpState: IN_SERVICE, persistedOpStateExpiryEpochSec: 0}
2021-08-10 07:53:30,711 [Datanode State Machine Thread - 0] WARN  statemachine.StateContext (StateContext.java:execute(621)) - No available thread in pool for past 0 seconds.
2021-08-10 07:53:30,708 [Command processor thread] INFO  server.RaftServer$Division (ServerState.java:close(419)) - 6aba10dc-a58f-4fc7-8218-673b2e1b730d@group-5CE5490DAFF9: closes. applyIndex: 14
2021-08-10 07:53:30,721 [Listener at 127.0.0.1/35799] DEBUG container.ReplicationManager (ReplicationManager.java:handleContainerUnderDelete(979)) - Resend delete Container command for ContainerInfo{id=1, state=DELETING, pipelineID=PipelineID=28ad549a-28e7-4401-a4ff-5ce5490daff9, stateEnterTime=2021-08-10T07:53:02.071Z, owner=om1}
2021-08-10 07:53:30,721 [6aba10dc-a58f-4fc7-8218-673b2e1b730d@group-5CE5490DAFF9-SegmentedRaftLogWorker] INFO  segmented.SegmentedRaftLogWorker (SegmentedRaftLogWorker.java:run(327)) - 6aba10dc-a58f-4fc7-8218-673b2e1b730d@group-5CE5490DAFF9-SegmentedRaftLogWorker was interrupted, exiting. There are 0 tasks remaining in the queue.
2021-08-10 07:53:30,721 [Listener at 127.0.0.1/35799] INFO  container.ReplicationManager (ReplicationManager.java:processAll(341)) - Replication Monitor Thread took 10 milliseconds for processing 1 containers.
2021-08-10 07:53:30,722 [Listener at 127.0.0.1/35799] INFO  ozone.MiniOzoneClusterImpl (MiniOzoneClusterImpl.java:shutdown(453)) - Shutting down the Mini Ozone Cluster
2021-08-10 07:53:30,722 [Listener at 127.0.0.1/35799] INFO  ozone.MiniOzoneClusterImpl (MiniOzoneClusterImpl.java:stop(468)) - Stopping the Mini Ozone Cluster
2021-08-10 07:53:30,722 [Listener at 127.0.0.1/35799] INFO  ozone.MiniOzoneClusterImpl (MiniOzoneClusterImpl.java:stopOM(550)) - Stopping the OzoneManager
2021-08-10 07:53:30,722 [Listener at 127.0.0.1/35799] INFO  om.OzoneManager (OzoneManager.java:stop(1601)) - Stopping Ozone Manager
2021-08-10 07:53:30,723 [Listener at 127.0.0.1/35799] INFO  ipc.Server (Server.java:stop(3414)) - Stopping server on 35799
2021-08-10 07:53:30,707 [BlockDeletingService#2] INFO  background.BlockDeletingService (BlockDeletingService.java:isDeletionAllowed(224)) - 6aba10dc-a58f-4fc7-8218-673b2e1b730d: group-5CE5490DAFF9 not found.
2021-08-10 07:53:30,719 [SCMBlockDeletingService#0] DEBUG block.SCMBlockDeletingService (SCMBlockDeletingService.java:call(133)) - Running DeletedBlockTransactionScanner
2021-08-10 07:53:30,725 [Command processor thread] INFO  segmented.SegmentedRaftLogWorker (SegmentedRaftLogWorker.java:close(237)) - 6aba10dc-a58f-4fc7-8218-673b2e1b730d@group-5CE5490DAFF9-SegmentedRaftLogWorker close()
2021-08-10 07:53:30,752 [IPC Server listener on 0] INFO  ipc.Server (Server.java:run(1376)) - Stopping IPC Server listener on 0
2021-08-10 07:53:30,752 [IPC Server Responder] INFO  ipc.Server (Server.java:run(1512)) - Stopping IPC Server Responder
2021-08-10 07:53:30,755 [Listener at 127.0.0.1/35799] INFO  server.RaftServer (RaftServerProxy.java:lambda$close$6(391)) - om1: close
2021-08-10 07:53:30,755 [Listener at 127.0.0.1/35799] INFO  server.RaftServer$Division (RaftServerImpl.java:lambda$close$4(407)) - om1@group-C5BA1605619E: shutdown
2021-08-10 07:53:30,755 [Listener at 127.0.0.1/35799] INFO  util.JmxRegister (JmxRegister.java:unregister(73)) - Successfully un-registered JMX Bean with object name Ratis:service=RaftServer,group=group-C5BA1605619E,id=om1
2021-08-10 07:53:30,755 [Listener at 127.0.0.1/35799] INFO  impl.RoleInfo (RoleInfo.java:shutdownLeaderState(91)) - om1: shutdown om1@group-C5BA1605619E-LeaderStateImpl
2021-08-10 07:53:30,759 [Command processor thread] ERROR commandhandler.ClosePipelineCommandHandler (ClosePipelineCommandHandler.java:handle(78)) - Can't close pipeline PipelineID=28ad549a-28e7-4401-a4ff-5ce5490daff9
java.io.IOException: java.lang.NullPointerException
	at org.apache.hadoop.ozone.container.common.transport.server.ratis.XceiverServerRatis.removeGroup(XceiverServerRatis.java:777)
	at org.apache.hadoop.ozone.container.common.statemachine.commandhandler.ClosePipelineCommandHandler.handle(ClosePipelineCommandHandler.java:74)
	at org.apache.hadoop.ozone.container.common.statemachine.commandhandler.CommandDispatcher.handle(CommandDispatcher.java:99)
	at org.apache.hadoop.ozone.container.common.statemachine.DatanodeStateMachine.lambda$initCommandHandlerThread$2(DatanodeStateMachine.java:556)
	at java.lang.Thread.run(Thread.java:748)
Caused by: java.io.IOException: java.lang.NullPointerException
	at org.apache.ratis.util.IOUtils.asIOException(IOUtils.java:56)
	at org.apache.ratis.server.impl.RaftServerImpl.waitForReply(RaftServerImpl.java:898)
	at org.apache.ratis.server.impl.RaftServerProxy.groupManagement(RaftServerProxy.java:440)
	at org.apache.hadoop.ozone.container.common.transport.server.ratis.XceiverServerRatis.removeGroup(XceiverServerRatis.java:775)
	... 4 more
Caused by: java.lang.NullPointerException
	at org.apache.hadoop.ozone.container.ozoneimpl.ContainerController.markContainerForClose(ContainerController.java:83)
	at org.apache.hadoop.ozone.container.common.transport.server.ratis.ContainerStateMachine.notifyGroupRemove(ContainerStateMachine.java:901)
	at org.apache.ratis.server.impl.RaftServerImpl.groupRemove(RaftServerImpl.java:372)
	at org.apache.ratis.server.impl.RaftServerProxy.lambda$groupRemoveAsync$14(RaftServerProxy.java:507)
	at java.util.concurrent.CompletableFuture.uniApply(CompletableFuture.java:616)
	at java.util.concurrent.CompletableFuture.uniApplyStage(CompletableFuture.java:628)
	at java.util.concurrent.CompletableFuture.thenApply(CompletableFuture.java:1996)
	at org.apache.ratis.server.impl.RaftServerProxy.groupRemoveAsync(RaftServerProxy.java:506)
	at org.apache.ratis.server.impl.RaftServerProxy.groupManagementAsync(RaftServerProxy.java:460)
	... 6 more
2021-08-10 07:53:30,759 [Command processor thread] WARN  server.RaftServer (RaftServerProxy.java:remove(101)) - 6aba10dc-a58f-4fc7-8218-673b2e1b730d: does not contain group: group-5CE5490DAFF9
2021-08-10 07:53:30,759 [Command processor thread] ERROR commandhandler.ClosePipelineCommandHandler (ClosePipelineCommandHandler.java:handle(78)) - Can't close pipeline PipelineID=28ad549a-28e7-4401-a4ff-5ce5490daff9
java.io.IOException: 6aba10dc-a58f-4fc7-8218-673b2e1b730d: Group group-5CE5490DAFF9 not found.
	at org.apache.hadoop.ozone.container.common.transport.server.ratis.XceiverServerRatis.removeGroup(XceiverServerRatis.java:777)
	at org.apache.hadoop.ozone.container.common.statemachine.commandhandler.ClosePipelineCommandHandler.handle(ClosePipelineCommandHandler.java:74)
	at org.apache.hadoop.ozone.container.common.statemachine.commandhandler.CommandDispatcher.handle(CommandDispatcher.java:99)
	at org.apache.hadoop.ozone.container.common.statemachine.DatanodeStateMachine.lambda$initCommandHandlerThread$2(DatanodeStateMachine.java:556)
	at java.lang.Thread.run(Thread.java:748)
Caused by: org.apache.ratis.protocol.exceptions.GroupMismatchException: 6aba10dc-a58f-4fc7-8218-673b2e1b730d: Group group-5CE5490DAFF9 not found.
	at org.apache.ratis.server.impl.RaftServerProxy.groupRemoveAsync(RaftServerProxy.java:504)
	at org.apache.ratis.server.impl.RaftServerProxy.groupManagementAsync(RaftServerProxy.java:460)
	at org.apache.ratis.server.impl.RaftServerProxy.groupManagement(RaftServerProxy.java:440)
	at org.apache.hadoop.ozone.container.common.transport.server.ratis.XceiverServerRatis.removeGroup(XceiverServerRatis.java:775)
	... 4 more
2021-08-10 07:53:30,756 [Listener at 127.0.0.1/35799] INFO  impl.PendingRequests (PendingRequests.java:sendNotLeaderResponses(249)) - om1@group-C5BA1605619E-PendingRequests: sendNotLeaderResponses
2021-08-10 07:53:30,761 [Listener at 127.0.0.1/35799] INFO  impl.StateMachineUpdater (StateMachineUpdater.java:stopAndJoin(149)) - om1@group-C5BA1605619E-StateMachineUpdater: set stopIndex = 10
2021-08-10 07:53:30,761 [om1@group-C5BA1605619E-StateMachineUpdater] INFO  ratis.OzoneManagerStateMachine (OzoneManagerStateMachine.java:takeSnapshot(417)) - Current Snapshot Index (t:1, i:10)
2021-08-10 07:53:30,762 [om1@group-C5BA1605619E-StateMachineUpdater] INFO  impl.StateMachineUpdater (StateMachineUpdater.java:takeSnapshot(281)) - om1@group-C5BA1605619E-StateMachineUpdater: Took a snapshot at index 10
2021-08-10 07:53:30,762 [om1@group-C5BA1605619E-StateMachineUpdater] INFO  impl.StateMachineUpdater (StateMachineUpdater.java:lambda$new$0(89)) - om1@group-C5BA1605619E-StateMachineUpdater: snapshotIndex: updateIncreasingly -1 -> 10
2021-08-10 07:53:30,762 [om1@group-C5BA1605619E-StateMachineUpdater] INFO  ratis.OzoneManagerStateMachine (OzoneManagerStateMachine.java:close(471)) - StateMachine has shutdown. Shutdown OzoneManager if not already shutdown.
2021-08-10 07:53:30,762 [Listener at 127.0.0.1/35799] INFO  server.RaftServer$Division (ServerState.java:close(419)) - om1@group-C5BA1605619E: closes. applyIndex: 10
2021-08-10 07:53:30,762 [om1@group-C5BA1605619E-SegmentedRaftLogWorker] INFO  segmented.SegmentedRaftLogWorker (SegmentedRaftLogWorker.java:run(327)) - om1@group-C5BA1605619E-SegmentedRaftLogWorker was interrupted, exiting. There are 0 tasks remaining in the queue.
2021-08-10 07:53:30,764 [Listener at 127.0.0.1/35799] INFO  segmented.SegmentedRaftLogWorker (SegmentedRaftLogWorker.java:close(237)) - om1@group-C5BA1605619E-SegmentedRaftLogWorker close()
2021-08-10 07:53:30,765 [Listener at 127.0.0.1/35799] INFO  server.GrpcService (GrpcService.java:closeImpl(262)) - om1: shutdown server with port 9872 now
2021-08-10 07:53:30,765 [Listener at 127.0.0.1/35799] INFO  server.GrpcService (GrpcService.java:closeImpl(271)) - om1: shutdown server with port 9872 successfully
2021-08-10 07:53:30,766 [org.apache.ratis.util.JvmPauseMonitor$$Lambda$531/620527965@176cc62b] INFO  util.JvmPauseMonitor (JvmPauseMonitor.java:run(109)) - JvmPauseMonitor-om1: Stopped
2021-08-10 07:53:30,766 [Listener at 127.0.0.1/35799] INFO  ratis.OzoneManagerDoubleBuffer (OzoneManagerDoubleBuffer.java:stop(437)) - Stopping OMDoubleBuffer flush thread
2021-08-10 07:53:30,766 [OMDoubleBufferFlushThread] INFO  ratis.OzoneManagerDoubleBuffer (OzoneManagerDoubleBuffer.java:flushTransactions(356)) - OMDoubleBuffer flush thread OMDoubleBufferFlushThread is interrupted and will exit. OMDoubleBufferFlushThread
2021-08-10 07:53:30,766 [Listener at 127.0.0.1/35799] INFO  utils.BackgroundService (BackgroundService.java:shutdown(132)) - Shutting down service KeyDeletingService
2021-08-10 07:53:30,767 [Listener at 127.0.0.1/35799] INFO  handler.ContextHandler (ContextHandler.java:doStop(1153)) - Stopped o.e.j.w.WebAppContext@1153ee42{ozoneManager,/,null,STOPPED}{file:/home/runner/work/ozone/ozone/hadoop-ozone/integration-test/target/test-classes/webapps/ozoneManager}
2021-08-10 07:53:30,778 [Listener at 127.0.0.1/35799] INFO  server.AbstractConnector (AbstractConnector.java:doStop(381)) - Stopped ServerConnector@77f7d461{HTTP/1.1, (http/1.1)}{0.0.0.0:0}
2021-08-10 07:53:30,780 [Listener at 127.0.0.1/35799] INFO  server.session (HouseKeeper.java:stopScavenging(149)) - node0 Stopped scavenging
2021-08-10 07:53:30,780 [Listener at 127.0.0.1/35799] INFO  handler.ContextHandler (ContextHandler.java:doStop(1153)) - Stopped o.e.j.s.ServletContextHandler@65500c79{static,/static,file:///home/runner/work/ozone/ozone/hadoop-ozone/integration-test/target/test-classes/webapps/static,STOPPED}
2021-08-10 07:53:30,780 [Listener at 127.0.0.1/35799] INFO  handler.ContextHandler (ContextHandler.java:doStop(1153)) - Stopped o.e.j.s.ServletContextHandler@72ddbe12{logs,/logs,file:///home/runner/work/ozone/ozone/hadoop-ozone/integration-test/target/log,STOPPED}
2021-08-10 07:53:30,803 [Listener at 127.0.0.1/35799] INFO  ozone.MiniOzoneClusterImpl (MiniOzoneClusterImpl.java:stopDatanodes(527)) - Stopping the HddsDatanodes
2021-08-10 07:53:30,819 [SCMBlockDeletingService#0] DEBUG block.SCMBlockDeletingService (SCMBlockDeletingService.java:call(133)) - Running DeletedBlockTransactionScanner
2021-08-10 07:53:30,881 [Datanode State Machine Thread - 0] INFO  statemachine.DatanodeStateMachine (DatanodeStateMachine.java:lambda$startDaemon$0(457)) - Ozone container server started.
2021-08-10 07:53:30,910 [Datanode State Machine Thread - 0] INFO  statemachine.DatanodeStateMachine (DatanodeStateMachine.java:lambda$startDaemon$0(457)) - Ozone container server started.
2021-08-10 07:53:30,919 [SCMBlockDeletingService#0] DEBUG block.SCMBlockDeletingService (SCMBlockDeletingService.java:call(133)) - Running DeletedBlockTransactionScanner
2021-08-10 07:53:31,019 [SCMBlockDeletingService#0] DEBUG block.SCMBlockDeletingService (SCMBlockDeletingService.java:call(133)) - Running DeletedBlockTransactionScanner
2021-08-10 07:53:31,119 [SCMBlockDeletingService#0] DEBUG block.SCMBlockDeletingService (SCMBlockDeletingService.java:call(133)) - Running DeletedBlockTransactionScanner
2021-08-10 07:53:31,219 [SCMBlockDeletingService#0] DEBUG block.SCMBlockDeletingService (SCMBlockDeletingService.java:call(133)) - Running DeletedBlockTransactionScanner
2021-08-10 07:53:31,320 [SCMBlockDeletingService#0] DEBUG block.SCMBlockDeletingService (SCMBlockDeletingService.java:call(133)) - Running DeletedBlockTransactionScanner
2021-08-10 07:53:31,420 [SCMBlockDeletingService#0] DEBUG block.SCMBlockDeletingService (SCMBlockDeletingService.java:call(133)) - Running DeletedBlockTransactionScanner
2021-08-10 07:53:31,520 [SCMBlockDeletingService#0] DEBUG block.SCMBlockDeletingService (SCMBlockDeletingService.java:call(133)) - Running DeletedBlockTransactionScanner
2021-08-10 07:53:31,620 [SCMBlockDeletingService#0] DEBUG block.SCMBlockDeletingService (SCMBlockDeletingService.java:call(133)) - Running DeletedBlockTransactionScanner
2021-08-10 07:53:31,720 [SCMBlockDeletingService#0] DEBUG block.SCMBlockDeletingService (SCMBlockDeletingService.java:call(133)) - Running DeletedBlockTransactionScanner
2021-08-10 07:53:31,820 [SCMBlockDeletingService#0] DEBUG block.SCMBlockDeletingService (SCMBlockDeletingService.java:call(133)) - Running DeletedBlockTransactionScanner
2021-08-10 07:53:31,920 [SCMBlockDeletingService#0] DEBUG block.SCMBlockDeletingService (SCMBlockDeletingService.java:call(133)) - Running DeletedBlockTransactionScanner
2021-08-10 07:53:32,020 [SCMBlockDeletingService#0] DEBUG block.SCMBlockDeletingService (SCMBlockDeletingService.java:call(133)) - Running DeletedBlockTransactionScanner
2021-08-10 07:53:32,121 [SCMBlockDeletingService#0] DEBUG block.SCMBlockDeletingService (SCMBlockDeletingService.java:call(133)) - Running DeletedBlockTransactionScanner
2021-08-10 07:53:32,221 [SCMBlockDeletingService#0] DEBUG block.SCMBlockDeletingService (SCMBlockDeletingService.java:call(133)) - Running DeletedBlockTransactionScanner
2021-08-10 07:53:32,321 [SCMBlockDeletingService#0] DEBUG block.SCMBlockDeletingService (SCMBlockDeletingService.java:call(133)) - Running DeletedBlockTransactionScanner
2021-08-10 07:53:32,421 [SCMBlockDeletingService#0] DEBUG block.SCMBlockDeletingService (SCMBlockDeletingService.java:call(133)) - Running DeletedBlockTransactionScanner
2021-08-10 07:53:32,521 [SCMBlockDeletingService#0] DEBUG block.SCMBlockDeletingService (SCMBlockDeletingService.java:call(133)) - Running DeletedBlockTransactionScanner
2021-08-10 07:53:32,621 [SCMBlockDeletingService#0] DEBUG block.SCMBlockDeletingService (SCMBlockDeletingService.java:call(133)) - Running DeletedBlockTransactionScanner
2021-08-10 07:53:32,722 [SCMBlockDeletingService#0] DEBUG block.SCMBlockDeletingService (SCMBlockDeletingService.java:call(133)) - Running DeletedBlockTransactionScanner
2021-08-10 07:53:32,822 [SCMBlockDeletingService#0] DEBUG block.SCMBlockDeletingService (SCMBlockDeletingService.java:call(133)) - Running DeletedBlockTransactionScanner
2021-08-10 07:53:32,922 [SCMBlockDeletingService#0] DEBUG block.SCMBlockDeletingService (SCMBlockDeletingService.java:call(133)) - Running DeletedBlockTransactionScanner
2021-08-10 07:53:33,022 [SCMBlockDeletingService#0] DEBUG block.SCMBlockDeletingService (SCMBlockDeletingService.java:call(133)) - Running DeletedBlockTransactionScanner
2021-08-10 07:53:33,122 [SCMBlockDeletingService#0] DEBUG block.SCMBlockDeletingService (SCMBlockDeletingService.java:call(133)) - Running DeletedBlockTransactionScanner
2021-08-10 07:53:33,222 [SCMBlockDeletingService#0] DEBUG block.SCMBlockDeletingService (SCMBlockDeletingService.java:call(133)) - Running DeletedBlockTransactionScanner
2021-08-10 07:53:33,322 [SCMBlockDeletingService#0] DEBUG block.SCMBlockDeletingService (SCMBlockDeletingService.java:call(133)) - Running DeletedBlockTransactionScanner
2021-08-10 07:53:33,422 [SCMBlockDeletingService#0] DEBUG block.SCMBlockDeletingService (SCMBlockDeletingService.java:call(133)) - Running DeletedBlockTransactionScanner
2021-08-10 07:53:33,523 [SCMBlockDeletingService#0] DEBUG block.SCMBlockDeletingService (SCMBlockDeletingService.java:call(133)) - Running DeletedBlockTransactionScanner
2021-08-10 07:53:33,623 [SCMBlockDeletingService#0] DEBUG block.SCMBlockDeletingService (SCMBlockDeletingService.java:call(133)) - Running DeletedBlockTransactionScanner
2021-08-10 07:53:33,723 [SCMBlockDeletingService#0] DEBUG block.SCMBlockDeletingService (SCMBlockDeletingService.java:call(133)) - Running DeletedBlockTransactionScanner
2021-08-10 07:53:33,768 [EventQueue-StaleNodeForStaleNodeHandler] INFO  node.StaleNodeHandler (StaleNodeHandler.java:onMessage(58)) - Datanode 6aba10dc-a58f-4fc7-8218-673b2e1b730d{ip: 10.1.0.46, host: fv-az12-876.exdb2aeach2ezidoxz41lk3bwg.cx.internal.cloudapp.net, ports: [REPLICATION=39653, RATIS=42995, RATIS_ADMIN=42995, RATIS_SERVER=42995, STANDALONE=34629], networkLocation: /default-rack, certSerialId: null, persistedOpState: IN_SERVICE, persistedOpStateExpiryEpochSec: 0} moved to stale state. Finalizing its pipelines [PipelineID=0d81224f-acdb-4942-a15e-edfe808ce512]
2021-08-10 07:53:33,768 [EventQueue-StaleNodeForStaleNodeHandler] INFO  pipeline.PipelineManagerV2Impl (PipelineManagerV2Impl.java:closePipeline(343)) - Pipeline Pipeline[ Id: 0d81224f-acdb-4942-a15e-edfe808ce512, Nodes: 581c0420-ae36-4e78-8d82-33b3ef40d50c{ip: 10.1.0.46, host: fv-az12-876.exdb2aeach2ezidoxz41lk3bwg.cx.internal.cloudapp.net, ports: [REPLICATION=36673, RATIS=42363, RATIS_ADMIN=42363, RATIS_SERVER=42363, STANDALONE=46423], networkLocation: /default-rack, certSerialId: null, persistedOpState: IN_SERVICE, persistedOpStateExpiryEpochSec: 0}e27b497d-edf5-4527-a9cd-0b54bade3291{ip: 10.1.0.46, host: fv-az12-876.exdb2aeach2ezidoxz41lk3bwg.cx.internal.cloudapp.net, ports: [REPLICATION=38447, RATIS=38727, RATIS_ADMIN=38727, RATIS_SERVER=38727, STANDALONE=46289], networkLocation: /default-rack, certSerialId: null, persistedOpState: IN_SERVICE, persistedOpStateExpiryEpochSec: 0}6aba10dc-a58f-4fc7-8218-673b2e1b730d{ip: 10.1.0.46, host: fv-az12-876.exdb2aeach2ezidoxz41lk3bwg.cx.internal.cloudapp.net, ports: [REPLICATION=39653, RATIS=42995, RATIS_ADMIN=42995, RATIS_SERVER=42995, STANDALONE=34629], networkLocation: /default-rack, certSerialId: null, persistedOpState: IN_SERVICE, persistedOpStateExpiryEpochSec: 0}, ReplicationConfig: RATIS/THREE, State:ALLOCATED, leaderId:, CreationTimestamp2021-08-10T07:53:29.861Z[Etc/UTC]] moved to CLOSED state
2021-08-10 07:53:33,769 [EventQueue-StaleNodeForStaleNodeHandler] INFO  node.StaleNodeHandler (StaleNodeHandler.java:onMessage(58)) - Datanode 581c0420-ae36-4e78-8d82-33b3ef40d50c{ip: 10.1.0.46, host: fv-az12-876.exdb2aeach2ezidoxz41lk3bwg.cx.internal.cloudapp.net, ports: [REPLICATION=36673, RATIS=42363, RATIS_ADMIN=42363, RATIS_SERVER=42363, STANDALONE=46423], networkLocation: /default-rack, certSerialId: null, persistedOpState: IN_SERVICE, persistedOpStateExpiryEpochSec: 0} moved to stale state. Finalizing its pipelines [PipelineID=0d81224f-acdb-4942-a15e-edfe808ce512]
2021-08-10 07:53:33,823 [SCMBlockDeletingService#0] DEBUG block.SCMBlockDeletingService (SCMBlockDeletingService.java:call(133)) - Running DeletedBlockTransactionScanner
2021-08-10 07:53:33,923 [SCMBlockDeletingService#0] DEBUG block.SCMBlockDeletingService (SCMBlockDeletingService.java:call(133)) - Running DeletedBlockTransactionScanner
2021-08-10 07:53:34,023 [SCMBlockDeletingService#0] DEBUG block.SCMBlockDeletingService (SCMBlockDeletingService.java:call(133)) - Running DeletedBlockTransactionScanner
2021-08-10 07:53:34,123 [SCMBlockDeletingService#0] DEBUG block.SCMBlockDeletingService (SCMBlockDeletingService.java:call(133)) - Running DeletedBlockTransactionScanner
2021-08-10 07:53:34,223 [SCMBlockDeletingService#0] DEBUG block.SCMBlockDeletingService (SCMBlockDeletingService.java:call(133)) - Running DeletedBlockTransactionScanner
2021-08-10 07:53:34,323 [SCMBlockDeletingService#0] DEBUG block.SCMBlockDeletingService (SCMBlockDeletingService.java:call(133)) - Running DeletedBlockTransactionScanner
2021-08-10 07:53:34,423 [SCMBlockDeletingService#0] DEBUG block.SCMBlockDeletingService (SCMBlockDeletingService.java:call(133)) - Running DeletedBlockTransactionScanner
2021-08-10 07:53:34,523 [SCMBlockDeletingService#0] DEBUG block.SCMBlockDeletingService (SCMBlockDeletingService.java:call(133)) - Running DeletedBlockTransactionScanner
2021-08-10 07:53:34,623 [SCMBlockDeletingService#0] DEBUG block.SCMBlockDeletingService (SCMBlockDeletingService.java:call(133)) - Running DeletedBlockTransactionScanner
2021-08-10 07:53:34,723 [SCMBlockDeletingService#0] DEBUG block.SCMBlockDeletingService (SCMBlockDeletingService.java:call(133)) - Running DeletedBlockTransactionScanner
2021-08-10 07:53:34,823 [SCMBlockDeletingService#0] DEBUG block.SCMBlockDeletingService (SCMBlockDeletingService.java:call(133)) - Running DeletedBlockTransactionScanner
2021-08-10 07:53:34,924 [SCMBlockDeletingService#0] DEBUG block.SCMBlockDeletingService (SCMBlockDeletingService.java:call(133)) - Running DeletedBlockTransactionScanner
2021-08-10 07:53:35,024 [SCMBlockDeletingService#0] DEBUG block.SCMBlockDeletingService (SCMBlockDeletingService.java:call(133)) - Running DeletedBlockTransactionScanner
2021-08-10 07:53:35,124 [SCMBlockDeletingService#0] DEBUG block.SCMBlockDeletingService (SCMBlockDeletingService.java:call(133)) - Running DeletedBlockTransactionScanner
2021-08-10 07:53:35,224 [SCMBlockDeletingService#0] DEBUG block.SCMBlockDeletingService (SCMBlockDeletingService.java:call(133)) - Running DeletedBlockTransactionScanner
2021-08-10 07:53:35,241 [581c0420-ae36-4e78-8d82-33b3ef40d50c@group-EDFE808CE512-FollowerState] INFO  impl.FollowerState (FollowerState.java:run(134)) - 581c0420-ae36-4e78-8d82-33b3ef40d50c@group-EDFE808CE512-FollowerState: change to CANDIDATE, lastRpcElapsedTime:5142843249ns, electionTimeout:5142ms
2021-08-10 07:53:35,247 [581c0420-ae36-4e78-8d82-33b3ef40d50c@group-EDFE808CE512-FollowerState] INFO  impl.RoleInfo (RoleInfo.java:shutdownFollowerState(108)) - 581c0420-ae36-4e78-8d82-33b3ef40d50c: shutdown 581c0420-ae36-4e78-8d82-33b3ef40d50c@group-EDFE808CE512-FollowerState
2021-08-10 07:53:35,247 [581c0420-ae36-4e78-8d82-33b3ef40d50c@group-EDFE808CE512-FollowerState] INFO  server.RaftServer$Division (RaftServerImpl.java:setRole(285)) - 581c0420-ae36-4e78-8d82-33b3ef40d50c@group-EDFE808CE512: changes role from  FOLLOWER to CANDIDATE at term 0 for changeToCandidate
2021-08-10 07:53:35,248 [581c0420-ae36-4e78-8d82-33b3ef40d50c@group-EDFE808CE512-FollowerState] INFO  server.RaftServerConfigKeys (ConfUtils.java:logGet(44)) - raft.server.leaderelection.pre-vote = false (custom)
2021-08-10 07:53:35,248 [581c0420-ae36-4e78-8d82-33b3ef40d50c@group-EDFE808CE512-FollowerState] INFO  impl.RoleInfo (RoleInfo.java:updateAndGet(130)) - 581c0420-ae36-4e78-8d82-33b3ef40d50c: start 581c0420-ae36-4e78-8d82-33b3ef40d50c@group-EDFE808CE512-LeaderElection13
2021-08-10 07:53:35,287 [581c0420-ae36-4e78-8d82-33b3ef40d50c@group-EDFE808CE512-LeaderElection13] INFO  impl.LeaderElection (LeaderElection.java:askForVotes(306)) - 581c0420-ae36-4e78-8d82-33b3ef40d50c@group-EDFE808CE512-LeaderElection13 ELECTION round 0: submit vote requests at term 1 for -1: [581c0420-ae36-4e78-8d82-33b3ef40d50c|rpc:10.1.0.46:42363|priority:0, e27b497d-edf5-4527-a9cd-0b54bade3291|rpc:10.1.0.46:38727|priority:1, 6aba10dc-a58f-4fc7-8218-673b2e1b730d|rpc:10.1.0.46:42995|priority:0], old=null
2021-08-10 07:53:35,288 [e27b497d-edf5-4527-a9cd-0b54bade3291@group-EDFE808CE512-FollowerState] INFO  impl.FollowerState (FollowerState.java:run(134)) - e27b497d-edf5-4527-a9cd-0b54bade3291@group-EDFE808CE512-FollowerState: change to CANDIDATE, lastRpcElapsedTime:5127409044ns, electionTimeout:5125ms
2021-08-10 07:53:35,288 [e27b497d-edf5-4527-a9cd-0b54bade3291@group-EDFE808CE512-FollowerState] INFO  impl.RoleInfo (RoleInfo.java:shutdownFollowerState(108)) - e27b497d-edf5-4527-a9cd-0b54bade3291: shutdown e27b497d-edf5-4527-a9cd-0b54bade3291@group-EDFE808CE512-FollowerState
2021-08-10 07:53:35,288 [e27b497d-edf5-4527-a9cd-0b54bade3291@group-EDFE808CE512-FollowerState] INFO  server.RaftServer$Division (RaftServerImpl.java:setRole(285)) - e27b497d-edf5-4527-a9cd-0b54bade3291@group-EDFE808CE512: changes role from  FOLLOWER to CANDIDATE at term 0 for changeToCandidate
2021-08-10 07:53:35,298 [e27b497d-edf5-4527-a9cd-0b54bade3291@group-EDFE808CE512-FollowerState] INFO  server.RaftServerConfigKeys (ConfUtils.java:logGet(44)) - raft.server.leaderelection.pre-vote = false (custom)
2021-08-10 07:53:35,298 [e27b497d-edf5-4527-a9cd-0b54bade3291@group-EDFE808CE512-FollowerState] INFO  impl.RoleInfo (RoleInfo.java:updateAndGet(130)) - e27b497d-edf5-4527-a9cd-0b54bade3291: start e27b497d-edf5-4527-a9cd-0b54bade3291@group-EDFE808CE512-LeaderElection14
2021-08-10 07:53:35,324 [SCMBlockDeletingService#0] DEBUG block.SCMBlockDeletingService (SCMBlockDeletingService.java:call(133)) - Running DeletedBlockTransactionScanner
2021-08-10 07:53:35,327 [e27b497d-edf5-4527-a9cd-0b54bade3291@group-EDFE808CE512-LeaderElection14] INFO  impl.LeaderElection (LeaderElection.java:askForVotes(306)) - e27b497d-edf5-4527-a9cd-0b54bade3291@group-EDFE808CE512-LeaderElection14 ELECTION round 0: submit vote requests at term 1 for -1: [581c0420-ae36-4e78-8d82-33b3ef40d50c|rpc:10.1.0.46:42363|dataStream:|priority:0, e27b497d-edf5-4527-a9cd-0b54bade3291|rpc:10.1.0.46:38727|dataStream:|priority:1, 6aba10dc-a58f-4fc7-8218-673b2e1b730d|rpc:10.1.0.46:42995|dataStream:|priority:0], old=null
2021-08-10 07:53:35,342 [grpc-default-executor-4] INFO  server.RaftServer$Division (RaftServerImpl.java:requestVote(1043)) - e27b497d-edf5-4527-a9cd-0b54bade3291@group-EDFE808CE512: receive requestVote(ELECTION, 581c0420-ae36-4e78-8d82-33b3ef40d50c, group-EDFE808CE512, 1, (t:0, i:0))
2021-08-10 07:53:35,342 [grpc-default-executor-4] INFO  impl.VoteContext (VoteContext.java:log(48)) - e27b497d-edf5-4527-a9cd-0b54bade3291@group-EDFE808CE512-CANDIDATE: reject ELECTION from 581c0420-ae36-4e78-8d82-33b3ef40d50c: already has voted for e27b497d-edf5-4527-a9cd-0b54bade3291 at current term 1
2021-08-10 07:53:35,342 [grpc-default-executor-4] INFO  server.RaftServer$Division (RaftServerImpl.java:requestVote(1075)) - e27b497d-edf5-4527-a9cd-0b54bade3291@group-EDFE808CE512 replies to ELECTION vote request: 581c0420-ae36-4e78-8d82-33b3ef40d50c<-e27b497d-edf5-4527-a9cd-0b54bade3291#0:FAIL-t1. Peer's state: e27b497d-edf5-4527-a9cd-0b54bade3291@group-EDFE808CE512:t1, leader=null, voted=e27b497d-edf5-4527-a9cd-0b54bade3291, raftlog=e27b497d-edf5-4527-a9cd-0b54bade3291@group-EDFE808CE512-SegmentedRaftLog:OPENED:c-1,f-1,i0, conf=-1: [581c0420-ae36-4e78-8d82-33b3ef40d50c|rpc:10.1.0.46:42363|dataStream:|priority:0, e27b497d-edf5-4527-a9cd-0b54bade3291|rpc:10.1.0.46:38727|dataStream:|priority:1, 6aba10dc-a58f-4fc7-8218-673b2e1b730d|rpc:10.1.0.46:42995|dataStream:|priority:0], old=null
2021-08-10 07:53:35,343 [grpc-default-executor-2] INFO  server.RaftServer$Division (RaftServerImpl.java:requestVote(1043)) - 6aba10dc-a58f-4fc7-8218-673b2e1b730d@group-EDFE808CE512: receive requestVote(ELECTION, 581c0420-ae36-4e78-8d82-33b3ef40d50c, group-EDFE808CE512, 1, (t:0, i:0))
2021-08-10 07:53:35,345 [grpc-default-executor-2] INFO  impl.VoteContext (VoteContext.java:log(48)) - 6aba10dc-a58f-4fc7-8218-673b2e1b730d@group-EDFE808CE512-FOLLOWER: accept ELECTION from 581c0420-ae36-4e78-8d82-33b3ef40d50c: our priority 0 <= candidate's priority 0
2021-08-10 07:53:35,345 [grpc-default-executor-2] INFO  server.RaftServer$Division (RaftServerImpl.java:setRole(285)) - 6aba10dc-a58f-4fc7-8218-673b2e1b730d@group-EDFE808CE512: changes role from  FOLLOWER to FOLLOWER at term 1 for candidate:581c0420-ae36-4e78-8d82-33b3ef40d50c
2021-08-10 07:53:35,345 [grpc-default-executor-2] INFO  impl.RoleInfo (RoleInfo.java:shutdownFollowerState(108)) - 6aba10dc-a58f-4fc7-8218-673b2e1b730d: shutdown 6aba10dc-a58f-4fc7-8218-673b2e1b730d@group-EDFE808CE512-FollowerState
2021-08-10 07:53:35,345 [grpc-default-executor-2] INFO  impl.RoleInfo (RoleInfo.java:updateAndGet(130)) - 6aba10dc-a58f-4fc7-8218-673b2e1b730d: start 6aba10dc-a58f-4fc7-8218-673b2e1b730d@group-EDFE808CE512-FollowerState
2021-08-10 07:53:35,345 [6aba10dc-a58f-4fc7-8218-673b2e1b730d@group-EDFE808CE512-FollowerState] INFO  impl.FollowerState (FollowerState.java:run(143)) - 6aba10dc-a58f-4fc7-8218-673b2e1b730d@group-EDFE808CE512-FollowerState was interrupted: {}
java.lang.InterruptedException: sleep interrupted
	at java.lang.Thread.sleep(Native Method)
	at java.lang.Thread.sleep(Thread.java:340)
	at java.util.concurrent.TimeUnit.sleep(TimeUnit.java:386)
	at org.apache.ratis.util.TimeDuration.sleep(TimeDuration.java:324)
	at org.apache.ratis.util.TimeDuration.sleep(TimeDuration.java:309)
	at org.apache.ratis.server.impl.FollowerState.run(FollowerState.java:118)
2021-08-10 07:53:35,344 [grpc-default-executor-3] INFO  server.RaftServer$Division (RaftServerImpl.java:requestVote(1043)) - 581c0420-ae36-4e78-8d82-33b3ef40d50c@group-EDFE808CE512: receive requestVote(ELECTION, e27b497d-edf5-4527-a9cd-0b54bade3291, group-EDFE808CE512, 1, (t:0, i:0))
2021-08-10 07:53:35,356 [581c0420-ae36-4e78-8d82-33b3ef40d50c@group-EDFE808CE512-LeaderElection13] INFO  impl.LeaderElection (LeaderElection.java:logAndReturn(89)) - 581c0420-ae36-4e78-8d82-33b3ef40d50c@group-EDFE808CE512-LeaderElection13: ELECTION REJECTED received 1 response(s) and 0 exception(s):
2021-08-10 07:53:35,356 [581c0420-ae36-4e78-8d82-33b3ef40d50c@group-EDFE808CE512-LeaderElection13] INFO  impl.LeaderElection (LeaderElection.java:logAndReturn(93)) -   Response 0: 581c0420-ae36-4e78-8d82-33b3ef40d50c<-e27b497d-edf5-4527-a9cd-0b54bade3291#0:FAIL-t1
2021-08-10 07:53:35,356 [581c0420-ae36-4e78-8d82-33b3ef40d50c@group-EDFE808CE512-LeaderElection13] INFO  impl.LeaderElection (LeaderElection.java:askForVotes(308)) - 581c0420-ae36-4e78-8d82-33b3ef40d50c@group-EDFE808CE512-LeaderElection13 ELECTION round 0: result REJECTED
2021-08-10 07:53:35,356 [grpc-default-executor-2] INFO  server.RaftServer$Division (RaftServerImpl.java:requestVote(1075)) - 6aba10dc-a58f-4fc7-8218-673b2e1b730d@group-EDFE808CE512 replies to ELECTION vote request: 581c0420-ae36-4e78-8d82-33b3ef40d50c<-6aba10dc-a58f-4fc7-8218-673b2e1b730d#0:OK-t1. Peer's state: 6aba10dc-a58f-4fc7-8218-673b2e1b730d@group-EDFE808CE512:t1, leader=null, voted=581c0420-ae36-4e78-8d82-33b3ef40d50c, raftlog=6aba10dc-a58f-4fc7-8218-673b2e1b730d@group-EDFE808CE512-SegmentedRaftLog:OPENED:c-1,f-1,i0, conf=-1: [581c0420-ae36-4e78-8d82-33b3ef40d50c|rpc:10.1.0.46:42363|dataStream:|priority:0, e27b497d-edf5-4527-a9cd-0b54bade3291|rpc:10.1.0.46:38727|dataStream:|priority:1, 6aba10dc-a58f-4fc7-8218-673b2e1b730d|rpc:10.1.0.46:42995|dataStream:|priority:0], old=null
2021-08-10 07:53:35,356 [grpc-default-executor-3] INFO  impl.VoteContext (VoteContext.java:log(48)) - 581c0420-ae36-4e78-8d82-33b3ef40d50c@group-EDFE808CE512-CANDIDATE: reject ELECTION from e27b497d-edf5-4527-a9cd-0b54bade3291: already has voted for 581c0420-ae36-4e78-8d82-33b3ef40d50c at current term 1
2021-08-10 07:53:35,358 [grpc-default-executor-3] INFO  server.RaftServer$Division (RaftServerImpl.java:requestVote(1075)) - 581c0420-ae36-4e78-8d82-33b3ef40d50c@group-EDFE808CE512 replies to ELECTION vote request: e27b497d-edf5-4527-a9cd-0b54bade3291<-581c0420-ae36-4e78-8d82-33b3ef40d50c#0:FAIL-t1. Peer's state: 581c0420-ae36-4e78-8d82-33b3ef40d50c@group-EDFE808CE512:t1, leader=null, voted=581c0420-ae36-4e78-8d82-33b3ef40d50c, raftlog=581c0420-ae36-4e78-8d82-33b3ef40d50c@group-EDFE808CE512-SegmentedRaftLog:OPENED:c-1,f-1,i0, conf=-1: [581c0420-ae36-4e78-8d82-33b3ef40d50c|rpc:10.1.0.46:42363|priority:0, e27b497d-edf5-4527-a9cd-0b54bade3291|rpc:10.1.0.46:38727|priority:1, 6aba10dc-a58f-4fc7-8218-673b2e1b730d|rpc:10.1.0.46:42995|priority:0], old=null
2021-08-10 07:53:35,358 [581c0420-ae36-4e78-8d82-33b3ef40d50c@group-EDFE808CE512-LeaderElection13] INFO  server.RaftServer$Division (RaftServerImpl.java:setRole(285)) - 581c0420-ae36-4e78-8d82-33b3ef40d50c@group-EDFE808CE512: changes role from CANDIDATE to FOLLOWER at term 1 for REJECTED
2021-08-10 07:53:35,364 [581c0420-ae36-4e78-8d82-33b3ef40d50c@group-EDFE808CE512-LeaderElection13] INFO  impl.RoleInfo (RoleInfo.java:shutdownLeaderElection(121)) - 581c0420-ae36-4e78-8d82-33b3ef40d50c: shutdown 581c0420-ae36-4e78-8d82-33b3ef40d50c@group-EDFE808CE512-LeaderElection13
2021-08-10 07:53:35,364 [581c0420-ae36-4e78-8d82-33b3ef40d50c@group-EDFE808CE512-LeaderElection13] INFO  impl.RoleInfo (RoleInfo.java:updateAndGet(130)) - 581c0420-ae36-4e78-8d82-33b3ef40d50c: start 581c0420-ae36-4e78-8d82-33b3ef40d50c@group-EDFE808CE512-FollowerState
2021-08-10 07:53:35,365 [grpc-default-executor-3] INFO  server.RaftServer$Division (RaftServerImpl.java:requestVote(1043)) - 6aba10dc-a58f-4fc7-8218-673b2e1b730d@group-EDFE808CE512: receive requestVote(ELECTION, e27b497d-edf5-4527-a9cd-0b54bade3291, group-EDFE808CE512, 1, (t:0, i:0))
2021-08-10 07:53:35,375 [grpc-default-executor-3] INFO  impl.VoteContext (VoteContext.java:log(48)) - 6aba10dc-a58f-4fc7-8218-673b2e1b730d@group-EDFE808CE512-FOLLOWER: reject ELECTION from e27b497d-edf5-4527-a9cd-0b54bade3291: already has voted for 581c0420-ae36-4e78-8d82-33b3ef40d50c at current term 1
2021-08-10 07:53:35,375 [grpc-default-executor-3] INFO  server.RaftServer$Division (RaftServerImpl.java:requestVote(1075)) - 6aba10dc-a58f-4fc7-8218-673b2e1b730d@group-EDFE808CE512 replies to ELECTION vote request: e27b497d-edf5-4527-a9cd-0b54bade3291<-6aba10dc-a58f-4fc7-8218-673b2e1b730d#0:FAIL-t1. Peer's state: 6aba10dc-a58f-4fc7-8218-673b2e1b730d@group-EDFE808CE512:t1, leader=null, voted=581c0420-ae36-4e78-8d82-33b3ef40d50c, raftlog=6aba10dc-a58f-4fc7-8218-673b2e1b730d@group-EDFE808CE512-SegmentedRaftLog:OPENED:c-1,f-1,i0, conf=-1: [581c0420-ae36-4e78-8d82-33b3ef40d50c|rpc:10.1.0.46:42363|dataStream:|priority:0, e27b497d-edf5-4527-a9cd-0b54bade3291|rpc:10.1.0.46:38727|dataStream:|priority:1, 6aba10dc-a58f-4fc7-8218-673b2e1b730d|rpc:10.1.0.46:42995|dataStream:|priority:0], old=null
2021-08-10 07:53:35,376 [e27b497d-edf5-4527-a9cd-0b54bade3291@group-EDFE808CE512-LeaderElection14] INFO  impl.LeaderElection (LeaderElection.java:logAndReturn(89)) - e27b497d-edf5-4527-a9cd-0b54bade3291@group-EDFE808CE512-LeaderElection14: ELECTION REJECTED received 2 response(s) and 0 exception(s):
2021-08-10 07:53:35,376 [e27b497d-edf5-4527-a9cd-0b54bade3291@group-EDFE808CE512-LeaderElection14] INFO  impl.LeaderElection (LeaderElection.java:logAndReturn(93)) -   Response 0: e27b497d-edf5-4527-a9cd-0b54bade3291<-581c0420-ae36-4e78-8d82-33b3ef40d50c#0:FAIL-t1
2021-08-10 07:53:35,376 [e27b497d-edf5-4527-a9cd-0b54bade3291@group-EDFE808CE512-LeaderElection14] INFO  impl.LeaderElection (LeaderElection.java:logAndReturn(93)) -   Response 1: e27b497d-edf5-4527-a9cd-0b54bade3291<-6aba10dc-a58f-4fc7-8218-673b2e1b730d#0:FAIL-t1
2021-08-10 07:53:35,376 [e27b497d-edf5-4527-a9cd-0b54bade3291@group-EDFE808CE512-LeaderElection14] INFO  impl.LeaderElection (LeaderElection.java:askForVotes(308)) - e27b497d-edf5-4527-a9cd-0b54bade3291@group-EDFE808CE512-LeaderElection14 ELECTION round 0: result REJECTED
2021-08-10 07:53:35,376 [e27b497d-edf5-4527-a9cd-0b54bade3291@group-EDFE808CE512-LeaderElection14] INFO  server.RaftServer$Division (RaftServerImpl.java:setRole(285)) - e27b497d-edf5-4527-a9cd-0b54bade3291@group-EDFE808CE512: changes role from CANDIDATE to FOLLOWER at term 1 for REJECTED
2021-08-10 07:53:35,376 [e27b497d-edf5-4527-a9cd-0b54bade3291@group-EDFE808CE512-LeaderElection14] INFO  impl.RoleInfo (RoleInfo.java:shutdownLeaderElection(121)) - e27b497d-edf5-4527-a9cd-0b54bade3291: shutdown e27b497d-edf5-4527-a9cd-0b54bade3291@group-EDFE808CE512-LeaderElection14
2021-08-10 07:53:35,376 [e27b497d-edf5-4527-a9cd-0b54bade3291@group-EDFE808CE512-LeaderElection14] INFO  impl.RoleInfo (RoleInfo.java:updateAndGet(130)) - e27b497d-edf5-4527-a9cd-0b54bade3291: start e27b497d-edf5-4527-a9cd-0b54bade3291@group-EDFE808CE512-FollowerState
2021-08-10 07:53:35,424 [SCMBlockDeletingService#0] DEBUG block.SCMBlockDeletingService (SCMBlockDeletingService.java:call(133)) - Running DeletedBlockTransactionScanner
2021-08-10 07:53:35,524 [SCMBlockDeletingService#0] DEBUG block.SCMBlockDeletingService (SCMBlockDeletingService.java:call(133)) - Running DeletedBlockTransactionScanner
2021-08-10 07:53:35,624 [SCMBlockDeletingService#0] DEBUG block.SCMBlockDeletingService (SCMBlockDeletingService.java:call(133)) - Running DeletedBlockTransactionScanner
2021-08-10 07:53:35,724 [SCMBlockDeletingService#0] DEBUG block.SCMBlockDeletingService (SCMBlockDeletingService.java:call(133)) - Running DeletedBlockTransactionScanner
2021-08-10 07:53:35,804 [Listener at 127.0.0.1/35799] INFO  ozoneimpl.OzoneContainer (OzoneContainer.java:stop(326)) - Attempting to stop container services.
2021-08-10 07:53:35,804 [ForkJoinPool.commonPool-worker-1] INFO  ozoneimpl.OzoneContainer (OzoneContainer.java:stop(326)) - Attempting to stop container services.
2021-08-10 07:53:35,804 [ForkJoinPool.commonPool-worker-1] INFO  server.RaftServer (RaftServerProxy.java:lambda$close$6(391)) - 6aba10dc-a58f-4fc7-8218-673b2e1b730d: close
2021-08-10 07:53:35,805 [ForkJoinPool.commonPool-worker-1] INFO  server.RaftServer$Division (RaftServerImpl.java:lambda$close$4(407)) - 6aba10dc-a58f-4fc7-8218-673b2e1b730d@group-EDFE808CE512: shutdown
2021-08-10 07:53:35,805 [ForkJoinPool.commonPool-worker-1] INFO  util.JmxRegister (JmxRegister.java:unregister(73)) - Successfully un-registered JMX Bean with object name Ratis:service=RaftServer,group=group-EDFE808CE512,id=6aba10dc-a58f-4fc7-8218-673b2e1b730d
2021-08-10 07:53:35,805 [ForkJoinPool.commonPool-worker-1] INFO  impl.RoleInfo (RoleInfo.java:shutdownFollowerState(108)) - 6aba10dc-a58f-4fc7-8218-673b2e1b730d: shutdown 6aba10dc-a58f-4fc7-8218-673b2e1b730d@group-EDFE808CE512-FollowerState
2021-08-10 07:53:35,805 [ForkJoinPool.commonPool-worker-1] INFO  impl.StateMachineUpdater (StateMachineUpdater.java:stopAndJoin(149)) - 6aba10dc-a58f-4fc7-8218-673b2e1b730d@group-EDFE808CE512-StateMachineUpdater: set stopIndex = -1
2021-08-10 07:53:35,806 [6aba10dc-a58f-4fc7-8218-673b2e1b730d@group-EDFE808CE512-FollowerState] INFO  impl.FollowerState (FollowerState.java:run(143)) - 6aba10dc-a58f-4fc7-8218-673b2e1b730d@group-EDFE808CE512-FollowerState was interrupted: {}
java.lang.InterruptedException: sleep interrupted
	at java.lang.Thread.sleep(Native Method)
	at java.lang.Thread.sleep(Thread.java:340)
	at java.util.concurrent.TimeUnit.sleep(TimeUnit.java:386)
	at org.apache.ratis.util.TimeDuration.sleep(TimeDuration.java:324)
	at org.apache.ratis.util.TimeDuration.sleep(TimeDuration.java:309)
	at org.apache.ratis.server.impl.FollowerState.run(FollowerState.java:118)
2021-08-10 07:53:35,815 [Listener at 127.0.0.1/35799] INFO  server.RaftServer (RaftServerProxy.java:lambda$close$6(391)) - 581c0420-ae36-4e78-8d82-33b3ef40d50c: close
2021-08-10 07:53:35,815 [Listener at 127.0.0.1/35799] INFO  server.RaftServer$Division (RaftServerImpl.java:lambda$close$4(407)) - 581c0420-ae36-4e78-8d82-33b3ef40d50c@group-EDFE808CE512: shutdown
2021-08-10 07:53:35,815 [Listener at 127.0.0.1/35799] INFO  util.JmxRegister (JmxRegister.java:unregister(73)) - Successfully un-registered JMX Bean with object name Ratis:service=RaftServer,group=group-EDFE808CE512,id=581c0420-ae36-4e78-8d82-33b3ef40d50c
2021-08-10 07:53:35,815 [Listener at 127.0.0.1/35799] INFO  impl.RoleInfo (RoleInfo.java:shutdownFollowerState(108)) - 581c0420-ae36-4e78-8d82-33b3ef40d50c: shutdown 581c0420-ae36-4e78-8d82-33b3ef40d50c@group-EDFE808CE512-FollowerState
2021-08-10 07:53:35,816 [Listener at 127.0.0.1/35799] INFO  impl.StateMachineUpdater (StateMachineUpdater.java:stopAndJoin(149)) - 581c0420-ae36-4e78-8d82-33b3ef40d50c@group-EDFE808CE512-StateMachineUpdater: set stopIndex = -1
2021-08-10 07:53:35,816 [ForkJoinPool.commonPool-worker-1] INFO  server.RaftServer$Division (ServerState.java:close(419)) - 6aba10dc-a58f-4fc7-8218-673b2e1b730d@group-EDFE808CE512: closes. applyIndex: -1
2021-08-10 07:53:35,816 [6aba10dc-a58f-4fc7-8218-673b2e1b730d@group-EDFE808CE512-SegmentedRaftLogWorker] INFO  segmented.SegmentedRaftLogWorker (SegmentedRaftLogWorker.java:run(327)) - 6aba10dc-a58f-4fc7-8218-673b2e1b730d@group-EDFE808CE512-SegmentedRaftLogWorker was interrupted, exiting. There are 0 tasks remaining in the queue.
2021-08-10 07:53:35,816 [ForkJoinPool.commonPool-worker-1] INFO  segmented.SegmentedRaftLogWorker (SegmentedRaftLogWorker.java:close(237)) - 6aba10dc-a58f-4fc7-8218-673b2e1b730d@group-EDFE808CE512-SegmentedRaftLogWorker close()
2021-08-10 07:53:35,817 [ForkJoinPool.commonPool-worker-1] INFO  server.GrpcService (GrpcService.java:closeImpl(262)) - 6aba10dc-a58f-4fc7-8218-673b2e1b730d: shutdown server with port 42995 now
2021-08-10 07:53:35,818 [581c0420-ae36-4e78-8d82-33b3ef40d50c@group-EDFE808CE512-FollowerState] INFO  impl.FollowerState (FollowerState.java:run(143)) - 581c0420-ae36-4e78-8d82-33b3ef40d50c@group-EDFE808CE512-FollowerState was interrupted: {}
java.lang.InterruptedException: sleep interrupted
	at java.lang.Thread.sleep(Native Method)
	at java.lang.Thread.sleep(Thread.java:340)
	at java.util.concurrent.TimeUnit.sleep(TimeUnit.java:386)
	at org.apache.ratis.util.TimeDuration.sleep(TimeDuration.java:324)
	at org.apache.ratis.util.TimeDuration.sleep(TimeDuration.java:309)
	at org.apache.ratis.server.impl.FollowerState.run(FollowerState.java:118)
2021-08-10 07:53:35,818 [Listener at 127.0.0.1/35799] INFO  server.RaftServer$Division (ServerState.java:close(419)) - 581c0420-ae36-4e78-8d82-33b3ef40d50c@group-EDFE808CE512: closes. applyIndex: -1
2021-08-10 07:53:35,818 [581c0420-ae36-4e78-8d82-33b3ef40d50c@group-EDFE808CE512-SegmentedRaftLogWorker] INFO  segmented.SegmentedRaftLogWorker (SegmentedRaftLogWorker.java:run(327)) - 581c0420-ae36-4e78-8d82-33b3ef40d50c@group-EDFE808CE512-SegmentedRaftLogWorker was interrupted, exiting. There are 0 tasks remaining in the queue.
2021-08-10 07:53:35,822 [Listener at 127.0.0.1/35799] INFO  segmented.SegmentedRaftLogWorker (SegmentedRaftLogWorker.java:close(237)) - 581c0420-ae36-4e78-8d82-33b3ef40d50c@group-EDFE808CE512-SegmentedRaftLogWorker close()
2021-08-10 07:53:35,828 [Listener at 127.0.0.1/35799] INFO  server.GrpcService (GrpcService.java:closeImpl(262)) - 581c0420-ae36-4e78-8d82-33b3ef40d50c: shutdown server with port 42363 now
2021-08-10 07:53:35,829 [ForkJoinPool.commonPool-worker-1] INFO  server.GrpcService (GrpcService.java:closeImpl(271)) - 6aba10dc-a58f-4fc7-8218-673b2e1b730d: shutdown server with port 42995 successfully
2021-08-10 07:53:35,829 [org.apache.ratis.util.JvmPauseMonitor$$Lambda$531/620527965@1e9be3ec] INFO  util.JvmPauseMonitor (JvmPauseMonitor.java:run(109)) - JvmPauseMonitor-6aba10dc-a58f-4fc7-8218-673b2e1b730d: Stopped
2021-08-10 07:53:35,835 [SCMBlockDeletingService#0] DEBUG block.SCMBlockDeletingService (SCMBlockDeletingService.java:call(133)) - Running DeletedBlockTransactionScanner
2021-08-10 07:53:35,839 [ForkJoinPool.commonPool-worker-1] INFO  utils.BackgroundService (BackgroundService.java:shutdown(132)) - Shutting down service BlockDeletingService
2021-08-10 07:53:35,839 [Listener at 127.0.0.1/35799] INFO  server.GrpcService (GrpcService.java:closeImpl(271)) - 581c0420-ae36-4e78-8d82-33b3ef40d50c: shutdown server with port 42363 successfully
2021-08-10 07:53:35,839 [org.apache.ratis.util.JvmPauseMonitor$$Lambda$531/620527965@7570caed] INFO  util.JvmPauseMonitor (JvmPauseMonitor.java:run(109)) - JvmPauseMonitor-581c0420-ae36-4e78-8d82-33b3ef40d50c: Stopped
2021-08-10 07:53:35,841 [Listener at 127.0.0.1/35799] INFO  utils.BackgroundService (BackgroundService.java:shutdown(132)) - Shutting down service BlockDeletingService
2021-08-10 07:53:35,935 [SCMBlockDeletingService#0] DEBUG block.SCMBlockDeletingService (SCMBlockDeletingService.java:call(133)) - Running DeletedBlockTransactionScanner
2021-08-10 07:53:36,035 [SCMBlockDeletingService#0] DEBUG block.SCMBlockDeletingService (SCMBlockDeletingService.java:call(133)) - Running DeletedBlockTransactionScanner
2021-08-10 07:53:36,135 [SCMBlockDeletingService#0] DEBUG block.SCMBlockDeletingService (SCMBlockDeletingService.java:call(133)) - Running DeletedBlockTransactionScanner
2021-08-10 07:53:36,235 [SCMBlockDeletingService#0] DEBUG block.SCMBlockDeletingService (SCMBlockDeletingService.java:call(133)) - Running DeletedBlockTransactionScanner
2021-08-10 07:53:36,335 [SCMBlockDeletingService#0] DEBUG block.SCMBlockDeletingService (SCMBlockDeletingService.java:call(133)) - Running DeletedBlockTransactionScanner
2021-08-10 07:53:36,435 [SCMBlockDeletingService#0] DEBUG block.SCMBlockDeletingService (SCMBlockDeletingService.java:call(133)) - Running DeletedBlockTransactionScanner
2021-08-10 07:53:36,535 [SCMBlockDeletingService#0] DEBUG block.SCMBlockDeletingService (SCMBlockDeletingService.java:call(133)) - Running DeletedBlockTransactionScanner
2021-08-10 07:53:36,635 [SCMBlockDeletingService#0] DEBUG block.SCMBlockDeletingService (SCMBlockDeletingService.java:call(133)) - Running DeletedBlockTransactionScanner
2021-08-10 07:53:36,735 [SCMBlockDeletingService#0] DEBUG block.SCMBlockDeletingService (SCMBlockDeletingService.java:call(133)) - Running DeletedBlockTransactionScanner
2021-08-10 07:53:36,835 [SCMBlockDeletingService#0] DEBUG block.SCMBlockDeletingService (SCMBlockDeletingService.java:call(133)) - Running DeletedBlockTransactionScanner
2021-08-10 07:53:36,935 [SCMBlockDeletingService#0] DEBUG block.SCMBlockDeletingService (SCMBlockDeletingService.java:call(133)) - Running DeletedBlockTransactionScanner
2021-08-10 07:53:37,039 [SCMBlockDeletingService#0] DEBUG block.SCMBlockDeletingService (SCMBlockDeletingService.java:call(133)) - Running DeletedBlockTransactionScanner
2021-08-10 07:53:37,139 [SCMBlockDeletingService#0] DEBUG block.SCMBlockDeletingService (SCMBlockDeletingService.java:call(133)) - Running DeletedBlockTransactionScanner
2021-08-10 07:53:37,239 [SCMBlockDeletingService#0] DEBUG block.SCMBlockDeletingService (SCMBlockDeletingService.java:call(133)) - Running DeletedBlockTransactionScanner
2021-08-10 07:53:37,339 [SCMBlockDeletingService#0] DEBUG block.SCMBlockDeletingService (SCMBlockDeletingService.java:call(133)) - Running DeletedBlockTransactionScanner
2021-08-10 07:53:37,439 [SCMBlockDeletingService#0] DEBUG block.SCMBlockDeletingService (SCMBlockDeletingService.java:call(133)) - Running DeletedBlockTransactionScanner
2021-08-10 07:53:37,539 [SCMBlockDeletingService#0] DEBUG block.SCMBlockDeletingService (SCMBlockDeletingService.java:call(133)) - Running DeletedBlockTransactionScanner
2021-08-10 07:53:37,643 [SCMBlockDeletingService#0] DEBUG block.SCMBlockDeletingService (SCMBlockDeletingService.java:call(133)) - Running DeletedBlockTransactionScanner
2021-08-10 07:53:37,743 [SCMBlockDeletingService#0] DEBUG block.SCMBlockDeletingService (SCMBlockDeletingService.java:call(133)) - Running DeletedBlockTransactionScanner
2021-08-10 07:53:37,844 [SCMBlockDeletingService#0] DEBUG block.SCMBlockDeletingService (SCMBlockDeletingService.java:call(133)) - Running DeletedBlockTransactionScanner
2021-08-10 07:53:37,944 [SCMBlockDeletingService#0] DEBUG block.SCMBlockDeletingService (SCMBlockDeletingService.java:call(133)) - Running DeletedBlockTransactionScanner
2021-08-10 07:53:38,044 [SCMBlockDeletingService#0] DEBUG block.SCMBlockDeletingService (SCMBlockDeletingService.java:call(133)) - Running DeletedBlockTransactionScanner
2021-08-10 07:53:38,144 [SCMBlockDeletingService#0] DEBUG block.SCMBlockDeletingService (SCMBlockDeletingService.java:call(133)) - Running DeletedBlockTransactionScanner
2021-08-10 07:53:38,244 [SCMBlockDeletingService#0] DEBUG block.SCMBlockDeletingService (SCMBlockDeletingService.java:call(133)) - Running DeletedBlockTransactionScanner
2021-08-10 07:53:38,344 [SCMBlockDeletingService#0] DEBUG block.SCMBlockDeletingService (SCMBlockDeletingService.java:call(133)) - Running DeletedBlockTransactionScanner
2021-08-10 07:53:38,444 [SCMBlockDeletingService#0] DEBUG block.SCMBlockDeletingService (SCMBlockDeletingService.java:call(133)) - Running DeletedBlockTransactionScanner
2021-08-10 07:53:38,544 [SCMBlockDeletingService#0] DEBUG block.SCMBlockDeletingService (SCMBlockDeletingService.java:call(133)) - Running DeletedBlockTransactionScanner
2021-08-10 07:53:38,644 [SCMBlockDeletingService#0] DEBUG block.SCMBlockDeletingService (SCMBlockDeletingService.java:call(133)) - Running DeletedBlockTransactionScanner
2021-08-10 07:53:38,744 [SCMBlockDeletingService#0] DEBUG block.SCMBlockDeletingService (SCMBlockDeletingService.java:call(133)) - Running DeletedBlockTransactionScanner
2021-08-10 07:53:38,844 [SCMBlockDeletingService#0] DEBUG block.SCMBlockDeletingService (SCMBlockDeletingService.java:call(133)) - Running DeletedBlockTransactionScanner
2021-08-10 07:53:38,854 [Listener at 127.0.0.1/35799] INFO  statemachine.DatanodeStateMachine (DatanodeStateMachine.java:stopDaemon(515)) - Ozone container server stopped.
2021-08-10 07:53:38,855 [Listener at 127.0.0.1/35799] INFO  handler.ContextHandler (ContextHandler.java:doStop(1153)) - Stopped o.e.j.w.WebAppContext@5cacbbe5{hddsDatanode,/,null,STOPPED}{jar:file:/home/runner/.m2/repository/org/apache/ozone/hdds-container-service/1.2.0-SNAPSHOT/hdds-container-service-1.2.0-SNAPSHOT.jar!/webapps/hddsDatanode}
2021-08-10 07:53:38,859 [ForkJoinPool.commonPool-worker-1] INFO  statemachine.DatanodeStateMachine (DatanodeStateMachine.java:stopDaemon(515)) - Ozone container server stopped.
2021-08-10 07:53:38,871 [ForkJoinPool.commonPool-worker-1] INFO  handler.ContextHandler (ContextHandler.java:doStop(1153)) - Stopped o.e.j.w.WebAppContext@52e54aaa{hddsDatanode,/,null,STOPPED}{jar:file:/home/runner/.m2/repository/org/apache/ozone/hdds-container-service/1.2.0-SNAPSHOT/hdds-container-service-1.2.0-SNAPSHOT.jar!/webapps/hddsDatanode}
2021-08-10 07:53:38,875 [Listener at 127.0.0.1/35799] INFO  server.AbstractConnector (AbstractConnector.java:doStop(381)) - Stopped ServerConnector@4ac5fab8{HTTP/1.1, (http/1.1)}{0.0.0.0:0}
2021-08-10 07:53:38,875 [Listener at 127.0.0.1/35799] INFO  server.session (HouseKeeper.java:stopScavenging(149)) - node0 Stopped scavenging
2021-08-10 07:53:38,879 [Listener at 127.0.0.1/35799] INFO  handler.ContextHandler (ContextHandler.java:doStop(1153)) - Stopped o.e.j.s.ServletContextHandler@347ee622{static,/static,jar:file:/home/runner/.m2/repository/org/apache/ozone/hdds-container-service/1.2.0-SNAPSHOT/hdds-container-service-1.2.0-SNAPSHOT.jar!/webapps/static,STOPPED}
2021-08-10 07:53:38,879 [ForkJoinPool.commonPool-worker-1] INFO  server.AbstractConnector (AbstractConnector.java:doStop(381)) - Stopped ServerConnector@1f3f734f{HTTP/1.1, (http/1.1)}{0.0.0.0:32879}
2021-08-10 07:53:38,879 [ForkJoinPool.commonPool-worker-1] INFO  server.session (HouseKeeper.java:stopScavenging(149)) - node0 Stopped scavenging
2021-08-10 07:53:38,879 [Listener at 127.0.0.1/35799] INFO  handler.ContextHandler (ContextHandler.java:doStop(1153)) - Stopped o.e.j.s.ServletContextHandler@3a20785e{logs,/logs,file:///home/runner/work/ozone/ozone/hadoop-ozone/integration-test/target/log,STOPPED}
2021-08-10 07:53:38,882 [ForkJoinPool.commonPool-worker-1] INFO  handler.ContextHandler (ContextHandler.java:doStop(1153)) - Stopped o.e.j.s.ServletContextHandler@947e589{static,/static,jar:file:/home/runner/.m2/repository/org/apache/ozone/hdds-container-service/1.2.0-SNAPSHOT/hdds-container-service-1.2.0-SNAPSHOT.jar!/webapps/static,STOPPED}
2021-08-10 07:53:38,882 [ForkJoinPool.commonPool-worker-1] INFO  handler.ContextHandler (ContextHandler.java:doStop(1153)) - Stopped o.e.j.s.ServletContextHandler@6576def5{logs,/logs,file:///home/runner/work/ozone/ozone/hadoop-ozone/integration-test/target/log,STOPPED}
2021-08-10 07:53:38,945 [SCMBlockDeletingService#0] DEBUG block.SCMBlockDeletingService (SCMBlockDeletingService.java:call(133)) - Running DeletedBlockTransactionScanner
2021-08-10 07:53:38,975 [Datanode State Machine Thread - 0] INFO  statemachine.DatanodeStateMachine (DatanodeStateMachine.java:lambda$startDaemon$0(457)) - Ozone container server started.
2021-08-10 07:53:39,045 [SCMBlockDeletingService#0] DEBUG block.SCMBlockDeletingService (SCMBlockDeletingService.java:call(133)) - Running DeletedBlockTransactionScanner
2021-08-10 07:53:39,145 [SCMBlockDeletingService#0] DEBUG block.SCMBlockDeletingService (SCMBlockDeletingService.java:call(133)) - Running DeletedBlockTransactionScanner
2021-08-10 07:53:39,245 [SCMBlockDeletingService#0] DEBUG block.SCMBlockDeletingService (SCMBlockDeletingService.java:call(133)) - Running DeletedBlockTransactionScanner
2021-08-10 07:53:39,345 [SCMBlockDeletingService#0] DEBUG block.SCMBlockDeletingService (SCMBlockDeletingService.java:call(133)) - Running DeletedBlockTransactionScanner
2021-08-10 07:53:39,445 [SCMBlockDeletingService#0] DEBUG block.SCMBlockDeletingService (SCMBlockDeletingService.java:call(133)) - Running DeletedBlockTransactionScanner
2021-08-10 07:53:39,545 [SCMBlockDeletingService#0] DEBUG block.SCMBlockDeletingService (SCMBlockDeletingService.java:call(133)) - Running DeletedBlockTransactionScanner
2021-08-10 07:53:39,645 [SCMBlockDeletingService#0] DEBUG block.SCMBlockDeletingService (SCMBlockDeletingService.java:call(133)) - Running DeletedBlockTransactionScanner
2021-08-10 07:53:39,745 [SCMBlockDeletingService#0] DEBUG block.SCMBlockDeletingService (SCMBlockDeletingService.java:call(133)) - Running DeletedBlockTransactionScanner
2021-08-10 07:53:39,845 [SCMBlockDeletingService#0] DEBUG block.SCMBlockDeletingService (SCMBlockDeletingService.java:call(133)) - Running DeletedBlockTransactionScanner
2021-08-10 07:53:39,945 [SCMBlockDeletingService#0] DEBUG block.SCMBlockDeletingService (SCMBlockDeletingService.java:call(133)) - Running DeletedBlockTransactionScanner
2021-08-10 07:53:40,045 [SCMBlockDeletingService#0] DEBUG block.SCMBlockDeletingService (SCMBlockDeletingService.java:call(133)) - Running DeletedBlockTransactionScanner
2021-08-10 07:53:40,145 [SCMBlockDeletingService#0] DEBUG block.SCMBlockDeletingService (SCMBlockDeletingService.java:call(133)) - Running DeletedBlockTransactionScanner
2021-08-10 07:53:40,246 [SCMBlockDeletingService#0] DEBUG block.SCMBlockDeletingService (SCMBlockDeletingService.java:call(133)) - Running DeletedBlockTransactionScanner
2021-08-10 07:53:40,346 [SCMBlockDeletingService#0] DEBUG block.SCMBlockDeletingService (SCMBlockDeletingService.java:call(133)) - Running DeletedBlockTransactionScanner
2021-08-10 07:53:40,446 [SCMBlockDeletingService#0] DEBUG block.SCMBlockDeletingService (SCMBlockDeletingService.java:call(133)) - Running DeletedBlockTransactionScanner
2021-08-10 07:53:40,525 [e27b497d-edf5-4527-a9cd-0b54bade3291@group-EDFE808CE512-FollowerState] INFO  impl.FollowerState (FollowerState.java:run(134)) - e27b497d-edf5-4527-a9cd-0b54bade3291@group-EDFE808CE512-FollowerState: change to CANDIDATE, lastRpcElapsedTime:5148197384ns, electionTimeout:5121ms
2021-08-10 07:53:40,525 [e27b497d-edf5-4527-a9cd-0b54bade3291@group-EDFE808CE512-FollowerState] INFO  impl.RoleInfo (RoleInfo.java:shutdownFollowerState(108)) - e27b497d-edf5-4527-a9cd-0b54bade3291: shutdown e27b497d-edf5-4527-a9cd-0b54bade3291@group-EDFE808CE512-FollowerState
2021-08-10 07:53:40,525 [e27b497d-edf5-4527-a9cd-0b54bade3291@group-EDFE808CE512-FollowerState] INFO  server.RaftServer$Division (RaftServerImpl.java:setRole(285)) - e27b497d-edf5-4527-a9cd-0b54bade3291@group-EDFE808CE512: changes role from  FOLLOWER to CANDIDATE at term 1 for changeToCandidate
2021-08-10 07:53:40,525 [e27b497d-edf5-4527-a9cd-0b54bade3291@group-EDFE808CE512-FollowerState] INFO  server.RaftServerConfigKeys (ConfUtils.java:logGet(44)) - raft.server.leaderelection.pre-vote = false (custom)
2021-08-10 07:53:40,525 [e27b497d-edf5-4527-a9cd-0b54bade3291@group-EDFE808CE512-FollowerState] INFO  impl.RoleInfo (RoleInfo.java:updateAndGet(130)) - e27b497d-edf5-4527-a9cd-0b54bade3291: start e27b497d-edf5-4527-a9cd-0b54bade3291@group-EDFE808CE512-LeaderElection15
2021-08-10 07:53:40,546 [SCMBlockDeletingService#0] DEBUG block.SCMBlockDeletingService (SCMBlockDeletingService.java:call(133)) - Running DeletedBlockTransactionScanner
2021-08-10 07:53:40,560 [e27b497d-edf5-4527-a9cd-0b54bade3291@group-EDFE808CE512-LeaderElection15] INFO  impl.LeaderElection (LeaderElection.java:askForVotes(306)) - e27b497d-edf5-4527-a9cd-0b54bade3291@group-EDFE808CE512-LeaderElection15 ELECTION round 0: submit vote requests at term 2 for -1: [581c0420-ae36-4e78-8d82-33b3ef40d50c|rpc:10.1.0.46:42363|dataStream:|priority:0, e27b497d-edf5-4527-a9cd-0b54bade3291|rpc:10.1.0.46:38727|dataStream:|priority:1, 6aba10dc-a58f-4fc7-8218-673b2e1b730d|rpc:10.1.0.46:42995|dataStream:|priority:0], old=null
2021-08-10 07:53:40,586 [e27b497d-edf5-4527-a9cd-0b54bade3291@group-EDFE808CE512-LeaderElection15] INFO  impl.LeaderElection (LogUtils.java:infoOrTrace(137)) - e27b497d-edf5-4527-a9cd-0b54bade3291@group-EDFE808CE512-LeaderElection15 got exception when requesting votes: java.util.concurrent.ExecutionException: org.apache.ratis.thirdparty.io.grpc.StatusRuntimeException: UNAVAILABLE: io exception
2021-08-10 07:53:40,605 [e27b497d-edf5-4527-a9cd-0b54bade3291@group-EDFE808CE512-LeaderElection15] INFO  impl.LeaderElection (LogUtils.java:infoOrTrace(137)) - e27b497d-edf5-4527-a9cd-0b54bade3291@group-EDFE808CE512-LeaderElection15 got exception when requesting votes: java.util.concurrent.ExecutionException: org.apache.ratis.thirdparty.io.grpc.StatusRuntimeException: UNAVAILABLE: io exception
2021-08-10 07:53:40,605 [e27b497d-edf5-4527-a9cd-0b54bade3291@group-EDFE808CE512-LeaderElection15] INFO  impl.LeaderElection (LeaderElection.java:logAndReturn(89)) - e27b497d-edf5-4527-a9cd-0b54bade3291@group-EDFE808CE512-LeaderElection15: ELECTION REJECTED received 0 response(s) and 2 exception(s):
2021-08-10 07:53:40,605 [e27b497d-edf5-4527-a9cd-0b54bade3291@group-EDFE808CE512-LeaderElection15] INFO  impl.LeaderElection (LogUtils.java:infoOrTrace(137)) -   Exception 0: java.util.concurrent.ExecutionException: org.apache.ratis.thirdparty.io.grpc.StatusRuntimeException: UNAVAILABLE: io exception
2021-08-10 07:53:40,605 [e27b497d-edf5-4527-a9cd-0b54bade3291@group-EDFE808CE512-LeaderElection15] INFO  impl.LeaderElection (LogUtils.java:infoOrTrace(137)) -   Exception 1: java.util.concurrent.ExecutionException: org.apache.ratis.thirdparty.io.grpc.StatusRuntimeException: UNAVAILABLE: io exception
2021-08-10 07:53:40,605 [e27b497d-edf5-4527-a9cd-0b54bade3291@group-EDFE808CE512-LeaderElection15] INFO  impl.LeaderElection (LeaderElection.java:askForVotes(308)) - e27b497d-edf5-4527-a9cd-0b54bade3291@group-EDFE808CE512-LeaderElection15 ELECTION round 0: result REJECTED
2021-08-10 07:53:40,606 [e27b497d-edf5-4527-a9cd-0b54bade3291@group-EDFE808CE512-LeaderElection15] INFO  server.RaftServer$Division (RaftServerImpl.java:setRole(285)) - e27b497d-edf5-4527-a9cd-0b54bade3291@group-EDFE808CE512: changes role from CANDIDATE to FOLLOWER at term 2 for REJECTED
2021-08-10 07:53:40,606 [e27b497d-edf5-4527-a9cd-0b54bade3291@group-EDFE808CE512-LeaderElection15] INFO  impl.RoleInfo (RoleInfo.java:shutdownLeaderElection(121)) - e27b497d-edf5-4527-a9cd-0b54bade3291: shutdown e27b497d-edf5-4527-a9cd-0b54bade3291@group-EDFE808CE512-LeaderElection15
2021-08-10 07:53:40,606 [e27b497d-edf5-4527-a9cd-0b54bade3291@group-EDFE808CE512-LeaderElection15] INFO  impl.RoleInfo (RoleInfo.java:updateAndGet(130)) - e27b497d-edf5-4527-a9cd-0b54bade3291: start e27b497d-edf5-4527-a9cd-0b54bade3291@group-EDFE808CE512-FollowerState
2021-08-10 07:53:40,646 [SCMBlockDeletingService#0] DEBUG block.SCMBlockDeletingService (SCMBlockDeletingService.java:call(133)) - Running DeletedBlockTransactionScanner
2021-08-10 07:53:40,746 [SCMBlockDeletingService#0] DEBUG block.SCMBlockDeletingService (SCMBlockDeletingService.java:call(133)) - Running DeletedBlockTransactionScanner
2021-08-10 07:53:40,846 [SCMBlockDeletingService#0] DEBUG block.SCMBlockDeletingService (SCMBlockDeletingService.java:call(133)) - Running DeletedBlockTransactionScanner
2021-08-10 07:53:40,946 [SCMBlockDeletingService#0] DEBUG block.SCMBlockDeletingService (SCMBlockDeletingService.java:call(133)) - Running DeletedBlockTransactionScanner
2021-08-10 07:53:41,046 [SCMBlockDeletingService#0] DEBUG block.SCMBlockDeletingService (SCMBlockDeletingService.java:call(133)) - Running DeletedBlockTransactionScanner
2021-08-10 07:53:41,146 [SCMBlockDeletingService#0] DEBUG block.SCMBlockDeletingService (SCMBlockDeletingService.java:call(133)) - Running DeletedBlockTransactionScanner
2021-08-10 07:53:41,246 [SCMBlockDeletingService#0] DEBUG block.SCMBlockDeletingService (SCMBlockDeletingService.java:call(133)) - Running DeletedBlockTransactionScanner
2021-08-10 07:53:41,346 [SCMBlockDeletingService#0] DEBUG block.SCMBlockDeletingService (SCMBlockDeletingService.java:call(133)) - Running DeletedBlockTransactionScanner
2021-08-10 07:53:41,446 [SCMBlockDeletingService#0] DEBUG block.SCMBlockDeletingService (SCMBlockDeletingService.java:call(133)) - Running DeletedBlockTransactionScanner
2021-08-10 07:53:41,547 [SCMBlockDeletingService#0] DEBUG block.SCMBlockDeletingService (SCMBlockDeletingService.java:call(133)) - Running DeletedBlockTransactionScanner
2021-08-10 07:53:41,647 [SCMBlockDeletingService#0] DEBUG block.SCMBlockDeletingService (SCMBlockDeletingService.java:call(133)) - Running DeletedBlockTransactionScanner
2021-08-10 07:53:41,747 [SCMBlockDeletingService#0] DEBUG block.SCMBlockDeletingService (SCMBlockDeletingService.java:call(133)) - Running DeletedBlockTransactionScanner
2021-08-10 07:53:41,787 [EventQueue-StaleNodeForStaleNodeHandler] INFO  node.StaleNodeHandler (StaleNodeHandler.java:onMessage(58)) - Datanode e27b497d-edf5-4527-a9cd-0b54bade3291{ip: 10.1.0.46, host: fv-az12-876.exdb2aeach2ezidoxz41lk3bwg.cx.internal.cloudapp.net, ports: [REPLICATION=38447, RATIS=38727, RATIS_ADMIN=38727, RATIS_SERVER=38727, STANDALONE=46289], networkLocation: /default-rack, certSerialId: null, persistedOpState: IN_SERVICE, persistedOpStateExpiryEpochSec: 0} moved to stale state. Finalizing its pipelines [PipelineID=0d81224f-acdb-4942-a15e-edfe808ce512]
2021-08-10 07:53:41,847 [SCMBlockDeletingService#0] DEBUG block.SCMBlockDeletingService (SCMBlockDeletingService.java:call(133)) - Running DeletedBlockTransactionScanner
2021-08-10 07:53:41,947 [SCMBlockDeletingService#0] DEBUG block.SCMBlockDeletingService (SCMBlockDeletingService.java:call(133)) - Running DeletedBlockTransactionScanner
2021-08-10 07:53:42,047 [SCMBlockDeletingService#0] DEBUG block.SCMBlockDeletingService (SCMBlockDeletingService.java:call(133)) - Running DeletedBlockTransactionScanner
2021-08-10 07:53:42,147 [SCMBlockDeletingService#0] DEBUG block.SCMBlockDeletingService (SCMBlockDeletingService.java:call(133)) - Running DeletedBlockTransactionScanner
2021-08-10 07:53:42,247 [SCMBlockDeletingService#0] DEBUG block.SCMBlockDeletingService (SCMBlockDeletingService.java:call(133)) - Running DeletedBlockTransactionScanner
2021-08-10 07:53:42,347 [SCMBlockDeletingService#0] DEBUG block.SCMBlockDeletingService (SCMBlockDeletingService.java:call(133)) - Running DeletedBlockTransactionScanner
2021-08-10 07:53:42,448 [SCMBlockDeletingService#0] DEBUG block.SCMBlockDeletingService (SCMBlockDeletingService.java:call(133)) - Running DeletedBlockTransactionScanner
2021-08-10 07:53:42,548 [SCMBlockDeletingService#0] DEBUG block.SCMBlockDeletingService (SCMBlockDeletingService.java:call(133)) - Running DeletedBlockTransactionScanner
2021-08-10 07:53:42,648 [SCMBlockDeletingService#0] DEBUG block.SCMBlockDeletingService (SCMBlockDeletingService.java:call(133)) - Running DeletedBlockTransactionScanner
2021-08-10 07:53:42,748 [SCMBlockDeletingService#0] DEBUG block.SCMBlockDeletingService (SCMBlockDeletingService.java:call(133)) - Running DeletedBlockTransactionScanner
2021-08-10 07:53:42,848 [SCMBlockDeletingService#0] DEBUG block.SCMBlockDeletingService (SCMBlockDeletingService.java:call(133)) - Running DeletedBlockTransactionScanner
2021-08-10 07:53:42,948 [SCMBlockDeletingService#0] DEBUG block.SCMBlockDeletingService (SCMBlockDeletingService.java:call(133)) - Running DeletedBlockTransactionScanner
2021-08-10 07:53:43,048 [SCMBlockDeletingService#0] DEBUG block.SCMBlockDeletingService (SCMBlockDeletingService.java:call(133)) - Running DeletedBlockTransactionScanner
2021-08-10 07:53:43,148 [SCMBlockDeletingService#0] DEBUG block.SCMBlockDeletingService (SCMBlockDeletingService.java:call(133)) - Running DeletedBlockTransactionScanner
2021-08-10 07:53:43,248 [SCMBlockDeletingService#0] DEBUG block.SCMBlockDeletingService (SCMBlockDeletingService.java:call(133)) - Running DeletedBlockTransactionScanner
2021-08-10 07:53:43,349 [SCMBlockDeletingService#0] DEBUG block.SCMBlockDeletingService (SCMBlockDeletingService.java:call(133)) - Running DeletedBlockTransactionScanner
2021-08-10 07:53:43,449 [SCMBlockDeletingService#0] DEBUG block.SCMBlockDeletingService (SCMBlockDeletingService.java:call(133)) - Running DeletedBlockTransactionScanner
2021-08-10 07:53:43,549 [SCMBlockDeletingService#0] DEBUG block.SCMBlockDeletingService (SCMBlockDeletingService.java:call(133)) - Running DeletedBlockTransactionScanner
2021-08-10 07:53:43,650 [SCMBlockDeletingService#0] DEBUG block.SCMBlockDeletingService (SCMBlockDeletingService.java:call(133)) - Running DeletedBlockTransactionScanner
2021-08-10 07:53:43,750 [SCMBlockDeletingService#0] DEBUG block.SCMBlockDeletingService (SCMBlockDeletingService.java:call(133)) - Running DeletedBlockTransactionScanner
2021-08-10 07:53:43,850 [SCMBlockDeletingService#0] DEBUG block.SCMBlockDeletingService (SCMBlockDeletingService.java:call(133)) - Running DeletedBlockTransactionScanner
2021-08-10 07:53:43,884 [ForkJoinPool.commonPool-worker-1] INFO  ozoneimpl.OzoneContainer (OzoneContainer.java:stop(326)) - Attempting to stop container services.
2021-08-10 07:53:43,886 [ForkJoinPool.commonPool-worker-1] INFO  server.RaftServer (RaftServerProxy.java:lambda$close$6(391)) - e27b497d-edf5-4527-a9cd-0b54bade3291: close
2021-08-10 07:53:43,886 [ForkJoinPool.commonPool-worker-1] INFO  server.RaftServer$Division (RaftServerImpl.java:lambda$close$4(407)) - e27b497d-edf5-4527-a9cd-0b54bade3291@group-EDFE808CE512: shutdown
2021-08-10 07:53:43,886 [ForkJoinPool.commonPool-worker-1] INFO  util.JmxRegister (JmxRegister.java:unregister(73)) - Successfully un-registered JMX Bean with object name Ratis:service=RaftServer,group=group-EDFE808CE512,id=e27b497d-edf5-4527-a9cd-0b54bade3291
2021-08-10 07:53:43,887 [ForkJoinPool.commonPool-worker-1] INFO  impl.RoleInfo (RoleInfo.java:shutdownFollowerState(108)) - e27b497d-edf5-4527-a9cd-0b54bade3291: shutdown e27b497d-edf5-4527-a9cd-0b54bade3291@group-EDFE808CE512-FollowerState
2021-08-10 07:53:43,887 [ForkJoinPool.commonPool-worker-1] INFO  impl.StateMachineUpdater (StateMachineUpdater.java:stopAndJoin(149)) - e27b497d-edf5-4527-a9cd-0b54bade3291@group-EDFE808CE512-StateMachineUpdater: set stopIndex = -1
2021-08-10 07:53:43,887 [e27b497d-edf5-4527-a9cd-0b54bade3291@group-EDFE808CE512-FollowerState] INFO  impl.FollowerState (FollowerState.java:run(143)) - e27b497d-edf5-4527-a9cd-0b54bade3291@group-EDFE808CE512-FollowerState was interrupted: {}
java.lang.InterruptedException: sleep interrupted
	at java.lang.Thread.sleep(Native Method)
	at java.lang.Thread.sleep(Thread.java:340)
	at java.util.concurrent.TimeUnit.sleep(TimeUnit.java:386)
	at org.apache.ratis.util.TimeDuration.sleep(TimeDuration.java:324)
	at org.apache.ratis.util.TimeDuration.sleep(TimeDuration.java:309)
	at org.apache.ratis.server.impl.FollowerState.run(FollowerState.java:118)
2021-08-10 07:53:43,888 [ForkJoinPool.commonPool-worker-1] INFO  server.RaftServer$Division (ServerState.java:close(419)) - e27b497d-edf5-4527-a9cd-0b54bade3291@group-EDFE808CE512: closes. applyIndex: -1
2021-08-10 07:53:43,888 [e27b497d-edf5-4527-a9cd-0b54bade3291@group-EDFE808CE512-SegmentedRaftLogWorker] INFO  segmented.SegmentedRaftLogWorker (SegmentedRaftLogWorker.java:run(327)) - e27b497d-edf5-4527-a9cd-0b54bade3291@group-EDFE808CE512-SegmentedRaftLogWorker was interrupted, exiting. There are 0 tasks remaining in the queue.
2021-08-10 07:53:43,888 [ForkJoinPool.commonPool-worker-1] INFO  segmented.SegmentedRaftLogWorker (SegmentedRaftLogWorker.java:close(237)) - e27b497d-edf5-4527-a9cd-0b54bade3291@group-EDFE808CE512-SegmentedRaftLogWorker close()
2021-08-10 07:53:43,889 [ForkJoinPool.commonPool-worker-1] INFO  server.GrpcService (GrpcService.java:closeImpl(262)) - e27b497d-edf5-4527-a9cd-0b54bade3291: shutdown server with port 38727 now
2021-08-10 07:53:43,890 [grpc-default-executor-2] WARN  client.GrpcClientProtocolService (LogUtils.java:warn(122)) - 1-UnorderedRequestStreamObserver1: onError: org.apache.ratis.thirdparty.io.grpc.StatusRuntimeException: CANCELLED: client cancelled
2021-08-10 07:53:43,896 [ForkJoinPool.commonPool-worker-1] INFO  server.GrpcService (GrpcService.java:closeImpl(271)) - e27b497d-edf5-4527-a9cd-0b54bade3291: shutdown server with port 38727 successfully
2021-08-10 07:53:43,896 [org.apache.ratis.util.JvmPauseMonitor$$Lambda$531/620527965@7c3a7590] INFO  util.JvmPauseMonitor (JvmPauseMonitor.java:run(109)) - JvmPauseMonitor-e27b497d-edf5-4527-a9cd-0b54bade3291: Stopped
2021-08-10 07:53:43,901 [ForkJoinPool.commonPool-worker-1] INFO  utils.BackgroundService (BackgroundService.java:shutdown(132)) - Shutting down service BlockDeletingService
2021-08-10 07:53:43,950 [SCMBlockDeletingService#0] DEBUG block.SCMBlockDeletingService (SCMBlockDeletingService.java:call(133)) - Running DeletedBlockTransactionScanner
2021-08-10 07:53:44,050 [SCMBlockDeletingService#0] DEBUG block.SCMBlockDeletingService (SCMBlockDeletingService.java:call(133)) - Running DeletedBlockTransactionScanner
2021-08-10 07:53:44,151 [SCMBlockDeletingService#0] DEBUG block.SCMBlockDeletingService (SCMBlockDeletingService.java:call(133)) - Running DeletedBlockTransactionScanner
2021-08-10 07:53:44,255 [SCMBlockDeletingService#0] DEBUG block.SCMBlockDeletingService (SCMBlockDeletingService.java:call(133)) - Running DeletedBlockTransactionScanner
2021-08-10 07:53:44,355 [SCMBlockDeletingService#0] DEBUG block.SCMBlockDeletingService (SCMBlockDeletingService.java:call(133)) - Running DeletedBlockTransactionScanner
2021-08-10 07:53:44,456 [SCMBlockDeletingService#0] DEBUG block.SCMBlockDeletingService (SCMBlockDeletingService.java:call(133)) - Running DeletedBlockTransactionScanner
2021-08-10 07:53:44,556 [SCMBlockDeletingService#0] DEBUG block.SCMBlockDeletingService (SCMBlockDeletingService.java:call(133)) - Running DeletedBlockTransactionScanner
2021-08-10 07:53:44,656 [SCMBlockDeletingService#0] DEBUG block.SCMBlockDeletingService (SCMBlockDeletingService.java:call(133)) - Running DeletedBlockTransactionScanner
2021-08-10 07:53:44,756 [SCMBlockDeletingService#0] DEBUG block.SCMBlockDeletingService (SCMBlockDeletingService.java:call(133)) - Running DeletedBlockTransactionScanner
2021-08-10 07:53:44,856 [SCMBlockDeletingService#0] DEBUG block.SCMBlockDeletingService (SCMBlockDeletingService.java:call(133)) - Running DeletedBlockTransactionScanner
2021-08-10 07:53:44,956 [SCMBlockDeletingService#0] DEBUG block.SCMBlockDeletingService (SCMBlockDeletingService.java:call(133)) - Running DeletedBlockTransactionScanner
2021-08-10 07:53:45,056 [SCMBlockDeletingService#0] DEBUG block.SCMBlockDeletingService (SCMBlockDeletingService.java:call(133)) - Running DeletedBlockTransactionScanner
2021-08-10 07:53:45,156 [SCMBlockDeletingService#0] DEBUG block.SCMBlockDeletingService (SCMBlockDeletingService.java:call(133)) - Running DeletedBlockTransactionScanner
2021-08-10 07:53:45,256 [SCMBlockDeletingService#0] DEBUG block.SCMBlockDeletingService (SCMBlockDeletingService.java:call(133)) - Running DeletedBlockTransactionScanner
2021-08-10 07:53:45,356 [SCMBlockDeletingService#0] DEBUG block.SCMBlockDeletingService (SCMBlockDeletingService.java:call(133)) - Running DeletedBlockTransactionScanner
2021-08-10 07:53:45,457 [SCMBlockDeletingService#0] DEBUG block.SCMBlockDeletingService (SCMBlockDeletingService.java:call(133)) - Running DeletedBlockTransactionScanner
2021-08-10 07:53:45,557 [SCMBlockDeletingService#0] DEBUG block.SCMBlockDeletingService (SCMBlockDeletingService.java:call(133)) - Running DeletedBlockTransactionScanner
2021-08-10 07:53:45,657 [SCMBlockDeletingService#0] DEBUG block.SCMBlockDeletingService (SCMBlockDeletingService.java:call(133)) - Running DeletedBlockTransactionScanner
2021-08-10 07:53:45,757 [SCMBlockDeletingService#0] DEBUG block.SCMBlockDeletingService (SCMBlockDeletingService.java:call(133)) - Running DeletedBlockTransactionScanner
2021-08-10 07:53:45,857 [SCMBlockDeletingService#0] DEBUG block.SCMBlockDeletingService (SCMBlockDeletingService.java:call(133)) - Running DeletedBlockTransactionScanner
2021-08-10 07:53:45,957 [SCMBlockDeletingService#0] DEBUG block.SCMBlockDeletingService (SCMBlockDeletingService.java:call(133)) - Running DeletedBlockTransactionScanner
2021-08-10 07:53:46,057 [SCMBlockDeletingService#0] DEBUG block.SCMBlockDeletingService (SCMBlockDeletingService.java:call(133)) - Running DeletedBlockTransactionScanner
2021-08-10 07:53:46,157 [SCMBlockDeletingService#0] DEBUG block.SCMBlockDeletingService (SCMBlockDeletingService.java:call(133)) - Running DeletedBlockTransactionScanner
2021-08-10 07:53:46,257 [SCMBlockDeletingService#0] DEBUG block.SCMBlockDeletingService (SCMBlockDeletingService.java:call(133)) - Running DeletedBlockTransactionScanner
2021-08-10 07:53:46,357 [SCMBlockDeletingService#0] DEBUG block.SCMBlockDeletingService (SCMBlockDeletingService.java:call(133)) - Running DeletedBlockTransactionScanner
2021-08-10 07:53:46,457 [SCMBlockDeletingService#0] DEBUG block.SCMBlockDeletingService (SCMBlockDeletingService.java:call(133)) - Running DeletedBlockTransactionScanner
2021-08-10 07:53:46,557 [SCMBlockDeletingService#0] DEBUG block.SCMBlockDeletingService (SCMBlockDeletingService.java:call(133)) - Running DeletedBlockTransactionScanner
2021-08-10 07:53:46,657 [SCMBlockDeletingService#0] DEBUG block.SCMBlockDeletingService (SCMBlockDeletingService.java:call(133)) - Running DeletedBlockTransactionScanner
2021-08-10 07:53:46,758 [SCMBlockDeletingService#0] DEBUG block.SCMBlockDeletingService (SCMBlockDeletingService.java:call(133)) - Running DeletedBlockTransactionScanner
2021-08-10 07:53:46,858 [SCMBlockDeletingService#0] DEBUG block.SCMBlockDeletingService (SCMBlockDeletingService.java:call(133)) - Running DeletedBlockTransactionScanner
2021-08-10 07:53:46,903 [ForkJoinPool.commonPool-worker-1] INFO  statemachine.DatanodeStateMachine (DatanodeStateMachine.java:stopDaemon(515)) - Ozone container server stopped.
2021-08-10 07:53:46,907 [ForkJoinPool.commonPool-worker-1] INFO  handler.ContextHandler (ContextHandler.java:doStop(1153)) - Stopped o.e.j.w.WebAppContext@30a7f22e{hddsDatanode,/,null,STOPPED}{jar:file:/home/runner/.m2/repository/org/apache/ozone/hdds-container-service/1.2.0-SNAPSHOT/hdds-container-service-1.2.0-SNAPSHOT.jar!/webapps/hddsDatanode}
2021-08-10 07:53:46,907 [ForkJoinPool.commonPool-worker-1] INFO  server.AbstractConnector (AbstractConnector.java:doStop(381)) - Stopped ServerConnector@d95a6f9{HTTP/1.1, (http/1.1)}{0.0.0.0:0}
2021-08-10 07:53:46,907 [ForkJoinPool.commonPool-worker-1] INFO  server.session (HouseKeeper.java:stopScavenging(149)) - node0 Stopped scavenging
2021-08-10 07:53:46,909 [ForkJoinPool.commonPool-worker-1] INFO  handler.ContextHandler (ContextHandler.java:doStop(1153)) - Stopped o.e.j.s.ServletContextHandler@233cd973{static,/static,jar:file:/home/runner/.m2/repository/org/apache/ozone/hdds-container-service/1.2.0-SNAPSHOT/hdds-container-service-1.2.0-SNAPSHOT.jar!/webapps/static,STOPPED}
2021-08-10 07:53:46,910 [ForkJoinPool.commonPool-worker-1] INFO  handler.ContextHandler (ContextHandler.java:doStop(1153)) - Stopped o.e.j.s.ServletContextHandler@3f1b68fd{logs,/logs,file:///home/runner/work/ozone/ozone/hadoop-ozone/integration-test/target/log,STOPPED}
2021-08-10 07:53:46,912 [Listener at 127.0.0.1/35799] INFO  ozone.MiniOzoneClusterImpl (MiniOzoneClusterImpl.java:stopSCM(542)) - Stopping the StorageContainerManager
2021-08-10 07:53:46,912 [Listener at 127.0.0.1/35799] INFO  server.StorageContainerManager (StorageContainerManager.java:stop(1338)) - Stopping Replication Manager Service.
2021-08-10 07:53:46,912 [Listener at 127.0.0.1/35799] INFO  container.ReplicationManager (ReplicationManager.java:stop(317)) - Stopping Replication Monitor Thread.
2021-08-10 07:53:46,912 [Listener at 127.0.0.1/35799] INFO  server.StorageContainerManager (StorageContainerManager.java:stop(1345)) - Stopping the Datanode Admin Monitor.
2021-08-10 07:53:46,912 [Listener at 127.0.0.1/35799] INFO  server.StorageContainerManager (StorageContainerManager.java:stop(1352)) - Stopping Lease Manager of the command watchers
2021-08-10 07:53:46,912 [Listener at 127.0.0.1/35799] INFO  server.StorageContainerManager (StorageContainerManager.java:stop(1359)) - Stopping datanode service RPC server
2021-08-10 07:53:46,913 [Listener at 127.0.0.1/35799] INFO  server.SCMDatanodeProtocolServer (SCMDatanodeProtocolServer.java:stop(389)) - Stopping the RPC server for DataNodes
2021-08-10 07:53:46,913 [Listener at 127.0.0.1/35799] INFO  ipc.Server (Server.java:stop(3414)) - Stopping server on 46611
2021-08-10 07:53:46,919 [IPC Server Responder] INFO  ipc.Server (Server.java:run(1512)) - Stopping IPC Server Responder
2021-08-10 07:53:46,919 [IPC Server listener on 0] INFO  ipc.Server (Server.java:run(1376)) - Stopping IPC Server listener on 0
2021-08-10 07:53:46,958 [SCMBlockDeletingService#0] DEBUG block.SCMBlockDeletingService (SCMBlockDeletingService.java:call(133)) - Running DeletedBlockTransactionScanner
2021-08-10 07:53:46,999 [SCM Heartbeat Processing Thread - 0] WARN  node.NodeStateManager (NodeStateManager.java:scheduleNextHealthCheck(799)) - Current Thread is interrupted, shutting down HB processing thread for Node Manager.
2021-08-10 07:53:46,999 [Listener at 127.0.0.1/35799] INFO  server.StorageContainerManager (StorageContainerManager.java:stop(1367)) - Stopping block service RPC server
2021-08-10 07:53:46,999 [Listener at 127.0.0.1/35799] INFO  server.SCMBlockProtocolServer (SCMBlockProtocolServer.java:stop(160)) - Stopping the RPC server for Block Protocol
2021-08-10 07:53:46,999 [Listener at 127.0.0.1/35799] INFO  ipc.Server (Server.java:stop(3414)) - Stopping server on 42259
2021-08-10 07:53:47,003 [Listener at 127.0.0.1/35799] INFO  server.StorageContainerManager (StorageContainerManager.java:stop(1374)) - Stopping the StorageContainerLocationProtocol RPC server
2021-08-10 07:53:47,004 [Listener at 127.0.0.1/35799] INFO  server.SCMClientProtocolServer (SCMClientProtocolServer.java:stop(174)) - Stopping the RPC server for Client Protocol
2021-08-10 07:53:47,004 [Listener at 127.0.0.1/35799] INFO  ipc.Server (Server.java:stop(3414)) - Stopping server on 36421
2021-08-10 07:53:47,004 [IPC Server listener on 0] INFO  ipc.Server (Server.java:run(1376)) - Stopping IPC Server listener on 0
2021-08-10 07:53:47,006 [Listener at 127.0.0.1/35799] INFO  server.StorageContainerManager (StorageContainerManager.java:stop(1381)) - Stopping Storage Container Manager HTTP server.
2021-08-10 07:53:47,006 [Listener at 127.0.0.1/35799] INFO  handler.ContextHandler (ContextHandler.java:doStop(1153)) - Stopped o.e.j.w.WebAppContext@26bddc84{scm,/,null,STOPPED}{file:/home/runner/work/ozone/ozone/hadoop-ozone/integration-test/target/test-classes/webapps/scm}
2021-08-10 07:53:47,006 [IPC Server listener on 0] INFO  ipc.Server (Server.java:run(1376)) - Stopping IPC Server listener on 0
2021-08-10 07:53:47,015 [IPC Server Responder] INFO  ipc.Server (Server.java:run(1512)) - Stopping IPC Server Responder
2021-08-10 07:53:47,019 [IPC Server Responder] INFO  ipc.Server (Server.java:run(1512)) - Stopping IPC Server Responder
2021-08-10 07:53:47,031 [Listener at 127.0.0.1/35799] INFO  server.AbstractConnector (AbstractConnector.java:doStop(381)) - Stopped ServerConnector@64cb4b1e{HTTP/1.1, (http/1.1)}{0.0.0.0:0}
2021-08-10 07:53:47,031 [Listener at 127.0.0.1/35799] INFO  server.session (HouseKeeper.java:stopScavenging(149)) - node0 Stopped scavenging
2021-08-10 07:53:47,031 [Listener at 127.0.0.1/35799] INFO  handler.ContextHandler (ContextHandler.java:doStop(1153)) - Stopped o.e.j.s.ServletContextHandler@2a9f2f11{static,/static,file:///home/runner/work/ozone/ozone/hadoop-ozone/integration-test/target/test-classes/webapps/static,STOPPED}
2021-08-10 07:53:47,032 [Listener at 127.0.0.1/35799] INFO  handler.ContextHandler (ContextHandler.java:doStop(1153)) - Stopped o.e.j.s.ServletContextHandler@4e492d18{logs,/logs,file:///home/runner/work/ozone/ozone/hadoop-ozone/integration-test/target/log,STOPPED}
2021-08-10 07:53:47,034 [Listener at 127.0.0.1/35799] INFO  server.StorageContainerManager (StorageContainerManager.java:stop(1392)) - Stopping Block Manager Service.
2021-08-10 07:53:47,034 [Listener at 127.0.0.1/35799] INFO  utils.BackgroundService (BackgroundService.java:shutdown(132)) - Shutting down service SCMBlockDeletingService
2021-08-10 07:53:47,034 [Listener at 127.0.0.1/35799] INFO  utils.BackgroundService (BackgroundService.java:shutdown(132)) - Shutting down service SCMBlockDeletingService
2021-08-10 07:53:47,034 [Listener at 127.0.0.1/35799] INFO  server.StorageContainerManager (StorageContainerManager.java:stop(1419)) - Stopping SCM Event Queue.
2021-08-10 07:53:47,036 [Listener at 127.0.0.1/35799] INFO  server.StorageContainerManager (StorageContainerManager.java:stop(1430)) - Stopping SCM HA services.
2021-08-10 07:53:47,036 [Listener at 127.0.0.1/35799] INFO  pipeline.BackgroundPipelineCreator (BackgroundPipelineCreatorV2.java:stop(158)) - Stopping RatisPipelineUtilsThread.
2021-08-10 07:53:47,037 [Listener at 127.0.0.1/35799] INFO  server.StorageContainerManager (StorageContainerManager.java:stop(1440)) - Stopping SCM MetadataStore.
2021-08-10 07:53:47,037 [Listener at 127.0.0.1/35799] INFO  impl.MetricsSystemImpl (MetricsSystemImpl.java:stop(210)) - Stopping HddsDatanode metrics system...
2021-08-10 07:53:47,061 [prometheus] INFO  impl.MetricsSinkAdapter (MetricsSinkAdapter.java:publishMetricsFromQueue(141)) - prometheus thread interrupted.
2021-08-10 07:53:47,061 [Listener at 127.0.0.1/35799] INFO  impl.MetricsSystemImpl (MetricsSystemImpl.java:stop(216)) - HddsDatanode metrics system stopped.
]]></system-out>
  </testcase>
  <testcase name="testBlockDeletion" classname="org.apache.hadoop.ozone.container.common.statemachine.commandhandler.TestBlockDeletion" time="124.598"/>
</testsuite>