<?xml version="1.0" encoding="UTF-8"?>
<testsuite xmlns:xsi="http://www.w3.org/2001/XMLSchema-instance" xsi:noNamespaceSchemaLocation="https://maven.apache.org/surefire/maven-surefire-plugin/xsd/surefire-test-report-3.0.xsd" version="3.0" name="org.apache.hadoop.ozone.client.rpc.TestDeleteWithSlowFollower" time="136.313" tests="1" errors="1" skipped="0" failures="0">
  <properties>
    <property name="awt.toolkit" value="sun.awt.X11.XToolkit"/>
    <property name="file.encoding.pkg" value="sun.io"/>
    <property name="java.specification.version" value="1.8"/>
    <property name="sun.cpu.isalist" value=""/>
    <property name="sun.jnu.encoding" value="UTF-8"/>
    <property name="java.class.path" value="/home/runner/work/ozone/ozone/hadoop-ozone/integration-test/target/test-classes:/home/runner/work/ozone/ozone/hadoop-ozone/integration-test/target/classes:/home/runner/.m2/repository/org/apache/ozone/ozone-common/1.4.0-SNAPSHOT/ozone-common-1.4.0-SNAPSHOT.jar:/home/runner/.m2/repository/io/grpc/grpc-netty/1.51.1/grpc-netty-1.51.1.jar:/home/runner/.m2/repository/io/grpc/grpc-core/1.51.1/grpc-core-1.51.1.jar:/home/runner/.m2/repository/com/google/android/annotations/4.1.1.4/annotations-4.1.1.4.jar:/home/runner/.m2/repository/org/codehaus/mojo/animal-sniffer-annotations/1.21/animal-sniffer-annotations-1.21.jar:/home/runner/.m2/repository/com/google/errorprone/error_prone_annotations/2.2.0/error_prone_annotations-2.2.0.jar:/home/runner/.m2/repository/io/perfmark/perfmark-api/0.25.0/perfmark-api-0.25.0.jar:/home/runner/.m2/repository/io/netty/netty-codec-http2/4.1.94.Final/netty-codec-http2-4.1.94.Final.jar:/home/runner/.m2/repository/io/netty/netty-common/4.1.94.Final/netty-common-4.1.94.Final.jar:/home/runner/.m2/repository/io/netty/netty-buffer/4.1.94.Final/netty-buffer-4.1.94.Final.jar:/home/runner/.m2/repository/io/netty/netty-codec-http/4.1.94.Final/netty-codec-http-4.1.94.Final.jar:/home/runner/.m2/repository/io/netty/netty-handler-proxy/4.1.94.Final/netty-handler-proxy-4.1.94.Final.jar:/home/runner/.m2/repository/io/netty/netty-codec-socks/4.1.94.Final/netty-codec-socks-4.1.94.Final.jar:/home/runner/.m2/repository/io/netty/netty-tcnative-boringssl-static/2.0.61.Final/netty-tcnative-boringssl-static-2.0.61.Final.jar:/home/runner/.m2/repository/io/netty/netty-tcnative-classes/2.0.61.Final/netty-tcnative-classes-2.0.61.Final.jar:/home/runner/.m2/repository/io/netty/netty-tcnative-boringssl-static/2.0.61.Final/netty-tcnative-boringssl-static-2.0.61.Final-linux-x86_64.jar:/home/runner/.m2/repository/io/netty/netty-tcnative-boringssl-static/2.0.61.Final/netty-tcnative-boringssl-static-2.0.61.Final-linux-aarch_64.jar:/home/runner/.m2/repository/io/netty/netty-tcnative-boringssl-static/2.0.61.Final/netty-tcnative-boringssl-static-2.0.61.Final-osx-x86_64.jar:/home/runner/.m2/repository/io/netty/netty-tcnative-boringssl-static/2.0.61.Final/netty-tcnative-boringssl-static-2.0.61.Final-osx-aarch_64.jar:/home/runner/.m2/repository/io/netty/netty-tcnative-boringssl-static/2.0.61.Final/netty-tcnative-boringssl-static-2.0.61.Final-windows-x86_64.jar:/home/runner/.m2/repository/org/apache/commons/commons-compress/1.21/commons-compress-1.21.jar:/home/runner/.m2/repository/org/apache/ozone/hdds-common/1.4.0-SNAPSHOT/hdds-common-1.4.0-SNAPSHOT.jar:/home/runner/.m2/repository/org/apache/ozone/hdds-client/1.4.0-SNAPSHOT/hdds-client-1.4.0-SNAPSHOT.jar:/home/runner/.m2/repository/org/apache/ozone/ozone-interface-client/1.4.0-SNAPSHOT/ozone-interface-client-1.4.0-SNAPSHOT.jar:/home/runner/.m2/repository/org/apache/hadoop/hadoop-hdfs-client/3.3.6/hadoop-hdfs-client-3.3.6.jar:/home/runner/.m2/repository/com/squareup/okhttp3/okhttp/4.9.3/okhttp-4.9.3.jar:/home/runner/.m2/repository/com/squareup/okio/okio/3.4.0/okio-3.4.0.jar:/home/runner/.m2/repository/com/squareup/okio/okio-jvm/3.4.0/okio-jvm-3.4.0.jar:/home/runner/.m2/repository/org/jetbrains/kotlin/kotlin-stdlib-jdk8/1.8.0/kotlin-stdlib-jdk8-1.8.0.jar:/home/runner/.m2/repository/org/jetbrains/kotlin/kotlin-stdlib-jdk7/1.8.0/kotlin-stdlib-jdk7-1.8.0.jar:/home/runner/.m2/repository/org/jetbrains/kotlin/kotlin-stdlib-common/1.6.21/kotlin-stdlib-common-1.6.21.jar:/home/runner/.m2/repository/org/apache/ozone/hdds-test-utils/1.4.0-SNAPSHOT/hdds-test-utils-1.4.0-SNAPSHOT.jar:/home/runner/.m2/repository/com/google/guava/guava/32.0.0-jre/guava-32.0.0-jre.jar:/home/runner/.m2/repository/com/google/guava/failureaccess/1.0.1/failureaccess-1.0.1.jar:/home/runner/.m2/repository/com/google/guava/listenablefuture/9999.0-empty-to-avoid-conflict-with-guava/listenablefuture-9999.0-empty-to-avoid-conflict-with-guava.jar:/home/runner/.m2/repository/com/google/code/findbugs/jsr305/3.0.0/jsr305-3.0.0.jar:/home/runner/.m2/repository/org/checkerframework/checker-qual/3.33.0/checker-qual-3.33.0.jar:/home/runner/.m2/repository/com/google/j2objc/j2objc-annotations/2.8/j2objc-annotations-2.8.jar:/home/runner/.m2/repository/commons-io/commons-io/2.11.0/commons-io-2.11.0.jar:/home/runner/.m2/repository/commons-logging/commons-logging/1.2/commons-logging-1.2.jar:/home/runner/.m2/repository/ch/qos/reload4j/reload4j/1.2.22/reload4j-1.2.22.jar:/home/runner/.m2/repository/org/slf4j/slf4j-api/1.7.36/slf4j-api-1.7.36.jar:/home/runner/.m2/repository/org/apache/logging/log4j/log4j-api/2.17.1/log4j-api-2.17.1.jar:/home/runner/.m2/repository/org/apache/ozone/hdds-server-scm/1.4.0-SNAPSHOT/hdds-server-scm-1.4.0-SNAPSHOT.jar:/home/runner/.m2/repository/org/apache/ozone/hdds-container-service/1.4.0-SNAPSHOT/hdds-container-service-1.4.0-SNAPSHOT.jar:/home/runner/.m2/repository/org/apache/ozone/hdds-hadoop-dependency-server/1.4.0-SNAPSHOT/hdds-hadoop-dependency-server-1.4.0-SNAPSHOT.jar:/home/runner/.m2/repository/org/apache/hadoop/hadoop-hdfs/3.3.6/hadoop-hdfs-3.3.6.jar:/home/runner/.m2/repository/commons-daemon/commons-daemon/1.0.13/commons-daemon-1.0.13.jar:/home/runner/.m2/repository/org/apache/ozone/hdds-server-framework/1.4.0-SNAPSHOT/hdds-server-framework-1.4.0-SNAPSHOT.jar:/home/runner/.m2/repository/io/dropwizard/metrics/metrics-core/3.2.4/metrics-core-3.2.4.jar:/home/runner/.m2/repository/org/apache/commons/commons-text/1.10.0/commons-text-1.10.0.jar:/home/runner/.m2/repository/org/bouncycastle/bcprov-jdk15on/1.67/bcprov-jdk15on-1.67.jar:/home/runner/.m2/repository/com/google/protobuf/protobuf-java/2.5.0/protobuf-java-2.5.0.jar:/home/runner/.m2/repository/org/apache/ozone/hdds-server-framework/1.4.0-SNAPSHOT/hdds-server-framework-1.4.0-SNAPSHOT-tests.jar:/home/runner/.m2/repository/org/apache/ozone/hdds-interface-server/1.4.0-SNAPSHOT/hdds-interface-server-1.4.0-SNAPSHOT.jar:/home/runner/.m2/repository/org/apache/ozone/hdds-interface-admin/1.4.0-SNAPSHOT/hdds-interface-admin-1.4.0-SNAPSHOT.jar:/home/runner/.m2/repository/org/apache/ozone/hdds-managed-rocksdb/1.4.0-SNAPSHOT/hdds-managed-rocksdb-1.4.0-SNAPSHOT.jar:/home/runner/.m2/repository/org/rocksdb/rocksdbjni/7.7.3/rocksdbjni-7.7.3.jar:/home/runner/.m2/repository/org/slf4j/slf4j-reload4j/1.7.36/slf4j-reload4j-1.7.36.jar:/home/runner/.m2/repository/org/apache/commons/commons-configuration2/2.1.1/commons-configuration2-2.1.1.jar:/home/runner/.m2/repository/commons-fileupload/commons-fileupload/1.5/commons-fileupload-1.5.jar:/home/runner/.m2/repository/org/apache/logging/log4j/log4j-core/2.17.1/log4j-core-2.17.1.jar:/home/runner/.m2/repository/com/lmax/disruptor/3.4.2/disruptor-3.4.2.jar:/home/runner/.m2/repository/org/eclipse/jetty/jetty-util/9.4.51.v20230217/jetty-util-9.4.51.v20230217.jar:/home/runner/.m2/repository/org/eclipse/jetty/jetty-server/9.4.51.v20230217/jetty-server-9.4.51.v20230217.jar:/home/runner/.m2/repository/org/eclipse/jetty/jetty-http/9.4.51.v20230217/jetty-http-9.4.51.v20230217.jar:/home/runner/.m2/repository/org/eclipse/jetty/jetty-io/9.4.51.v20230217/jetty-io-9.4.51.v20230217.jar:/home/runner/.m2/repository/org/eclipse/jetty/jetty-servlet/9.4.51.v20230217/jetty-servlet-9.4.51.v20230217.jar:/home/runner/.m2/repository/org/eclipse/jetty/jetty-security/9.4.51.v20230217/jetty-security-9.4.51.v20230217.jar:/home/runner/.m2/repository/org/eclipse/jetty/jetty-util-ajax/9.4.51.v20230217/jetty-util-ajax-9.4.51.v20230217.jar:/home/runner/.m2/repository/org/eclipse/jetty/jetty-webapp/9.4.51.v20230217/jetty-webapp-9.4.51.v20230217.jar:/home/runner/.m2/repository/org/eclipse/jetty/jetty-xml/9.4.51.v20230217/jetty-xml-9.4.51.v20230217.jar:/home/runner/.m2/repository/org/apache/ratis/ratis-server/2.5.1/ratis-server-2.5.1.jar:/home/runner/.m2/repository/org/apache/ratis/ratis-thirdparty-misc/1.0.4/ratis-thirdparty-misc-1.0.4.jar:/home/runner/.m2/repository/org/apache/ratis/ratis-proto/2.5.1/ratis-proto-2.5.1.jar:/home/runner/.m2/repository/org/apache/ratis/ratis-common/2.5.1/ratis-common-2.5.1.jar:/home/runner/.m2/repository/org/apache/ratis/ratis-client/2.5.1/ratis-client-2.5.1.jar:/home/runner/.m2/repository/org/apache/ratis/ratis-server-api/2.5.1/ratis-server-api-2.5.1.jar:/home/runner/.m2/repository/org/apache/ratis/ratis-metrics/2.5.1/ratis-metrics-2.5.1.jar:/home/runner/.m2/repository/io/prometheus/simpleclient_dropwizard/0.7.0/simpleclient_dropwizard-0.7.0.jar:/home/runner/.m2/repository/io/prometheus/simpleclient/0.7.0/simpleclient-0.7.0.jar:/home/runner/.m2/repository/io/prometheus/simpleclient_common/0.7.0/simpleclient_common-0.7.0.jar:/home/runner/.m2/repository/com/fasterxml/jackson/datatype/jackson-datatype-jsr310/2.13.4/jackson-datatype-jsr310-2.13.4.jar:/home/runner/.m2/repository/com/fasterxml/jackson/core/jackson-core/2.13.4/jackson-core-2.13.4.jar:/home/runner/.m2/repository/com/github/spotbugs/spotbugs-annotations/3.1.12/spotbugs-annotations-3.1.12.jar:/home/runner/.m2/repository/org/apache/ozone/rocksdb-checkpoint-differ/1.4.0-SNAPSHOT/rocksdb-checkpoint-differ-1.4.0-SNAPSHOT.jar:/home/runner/.m2/repository/org/jgrapht/jgrapht-core/1.0.1/jgrapht-core-1.0.1.jar:/home/runner/.m2/repository/org/jgrapht/jgrapht-ext/1.0.1/jgrapht-ext-1.0.1.jar:/home/runner/.m2/repository/org/tinyjee/jgraphx/jgraphx/2.0.0.1/jgraphx-2.0.0.1.jar:/home/runner/.m2/repository/jgraph/jgraph/5.13.0.0/jgraph-5.13.0.0.jar:/home/runner/.m2/repository/org/antlr/antlr4-runtime/4.5.3/antlr4-runtime-4.5.3.jar:/home/runner/.m2/repository/org/awaitility/awaitility/4.2.0/awaitility-4.2.0.jar:/home/runner/.m2/repository/org/hamcrest/hamcrest/2.1/hamcrest-2.1.jar:/home/runner/.m2/repository/org/apache/ozone/ozone-manager/1.4.0-SNAPSHOT/ozone-manager-1.4.0-SNAPSHOT.jar:/home/runner/.m2/repository/org/aspectj/aspectjrt/1.9.7/aspectjrt-1.9.7.jar:/home/runner/.m2/repository/org/aspectj/aspectjweaver/1.9.7/aspectjweaver-1.9.7.jar:/home/runner/.m2/repository/org/apache/ozone/hdds-interface-client/1.4.0-SNAPSHOT/hdds-interface-client-1.4.0-SNAPSHOT.jar:/home/runner/.m2/repository/org/apache/hadoop/thirdparty/hadoop-shaded-protobuf_3_7/1.1.1/hadoop-shaded-protobuf_3_7-1.1.1.jar:/home/runner/.m2/repository/org/apache/ozone/ozone-interface-storage/1.4.0-SNAPSHOT/ozone-interface-storage-1.4.0-SNAPSHOT.jar:/home/runner/.m2/repository/org/reflections/reflections/0.9.11/reflections-0.9.11.jar:/home/runner/.m2/repository/com/sun/jersey/jersey-client/1.19/jersey-client-1.19.jar:/home/runner/.m2/repository/org/codehaus/jackson/jackson-core-asl/1.9.13/jackson-core-asl-1.9.13.jar:/home/runner/.m2/repository/org/codehaus/jackson/jackson-mapper-asl/1.9.13/jackson-mapper-asl-1.9.13.jar:/home/runner/.m2/repository/org/codehaus/jackson/jackson-jaxrs/1.9.13/jackson-jaxrs-1.9.13.jar:/home/runner/.m2/repository/org/apache/ranger/ranger-intg/2.3.0/ranger-intg-2.3.0.jar:/home/runner/.m2/repository/org/apache/ranger/ranger-plugins-common/2.3.0/ranger-plugins-common-2.3.0.jar:/home/runner/.m2/repository/commons-lang/commons-lang/2.6/commons-lang-2.6.jar:/home/runner/.m2/repository/org/apache/ranger/ranger-plugins-cred/2.3.0/ranger-plugins-cred-2.3.0.jar:/home/runner/.m2/repository/org/apache/ranger/ranger-plugins-audit/2.3.0/ranger-plugins-audit-2.3.0.jar:/home/runner/.m2/repository/org/eclipse/jetty/jetty-client/9.4.51.v20230217/jetty-client-9.4.51.v20230217.jar:/home/runner/.m2/repository/org/apache/httpcomponents/httpmime/4.5.6/httpmime-4.5.6.jar:/home/runner/.m2/repository/org/apache/httpcomponents/httpcore-nio/4.4.13/httpcore-nio-4.4.13.jar:/home/runner/.m2/repository/org/apache/httpcomponents/httpasyncclient/4.1.3/httpasyncclient-4.1.3.jar:/home/runner/.m2/repository/com/carrotsearch/hppc/0.8.0/hppc-0.8.0.jar:/home/runner/.m2/repository/org/apache/orc/orc-core/1.5.8/orc-core-1.5.8.jar:/home/runner/.m2/repository/net/java/dev/jna/jna/5.2.0/jna-5.2.0.jar:/home/runner/.m2/repository/net/java/dev/jna/jna-platform/5.2.0/jna-platform-5.2.0.jar:/home/runner/.m2/repository/com/kstruct/gethostname4j/0.0.2/gethostname4j-0.0.2.jar:/home/runner/.m2/repository/org/apache/ranger/ranger-plugin-classloader/2.3.0/ranger-plugin-classloader-2.3.0.jar:/home/runner/.m2/repository/org/apache/ozone/hdds-rocks-native/1.4.0-SNAPSHOT/hdds-rocks-native-1.4.0-SNAPSHOT.jar:/home/runner/.m2/repository/org/apache/hadoop/hadoop-minikdc/3.3.6/hadoop-minikdc-3.3.6.jar:/home/runner/.m2/repository/org/apache/kerby/kerb-simplekdc/1.0.1/kerb-simplekdc-1.0.1.jar:/home/runner/.m2/repository/org/apache/kerby/kerb-client/1.0.1/kerb-client-1.0.1.jar:/home/runner/.m2/repository/org/apache/kerby/kerby-config/1.0.1/kerby-config-1.0.1.jar:/home/runner/.m2/repository/org/apache/kerby/kerb-common/1.0.1/kerb-common-1.0.1.jar:/home/runner/.m2/repository/org/apache/kerby/kerb-crypto/1.0.1/kerb-crypto-1.0.1.jar:/home/runner/.m2/repository/org/apache/kerby/kerb-util/1.0.1/kerb-util-1.0.1.jar:/home/runner/.m2/repository/org/apache/kerby/token-provider/1.0.1/token-provider-1.0.1.jar:/home/runner/.m2/repository/org/apache/kerby/kerb-admin/1.0.1/kerb-admin-1.0.1.jar:/home/runner/.m2/repository/org/apache/kerby/kerb-server/1.0.1/kerb-server-1.0.1.jar:/home/runner/.m2/repository/org/apache/kerby/kerb-identity/1.0.1/kerb-identity-1.0.1.jar:/home/runner/.m2/repository/org/apache/kerby/kerby-xdr/1.0.1/kerby-xdr-1.0.1.jar:/home/runner/.m2/repository/org/apache/ozone/ozone-s3gateway/1.4.0-SNAPSHOT/ozone-s3gateway-1.4.0-SNAPSHOT.jar:/home/runner/.m2/repository/org/javassist/javassist/3.21.0-GA/javassist-3.21.0-GA.jar:/home/runner/.m2/repository/org/jboss/weld/servlet/weld-servlet-shaded/3.1.9.Final/weld-servlet-shaded-3.1.9.Final.jar:/home/runner/.m2/repository/org/glassfish/jersey/containers/jersey-container-servlet-core/2.34/jersey-container-servlet-core-2.34.jar:/home/runner/.m2/repository/org/glassfish/hk2/external/jakarta.inject/2.6.1/jakarta.inject-2.6.1.jar:/home/runner/.m2/repository/org/glassfish/jersey/core/jersey-common/2.34/jersey-common-2.34.jar:/home/runner/.m2/repository/jakarta/ws/rs/jakarta.ws.rs-api/2.1.6/jakarta.ws.rs-api-2.1.6.jar:/home/runner/.m2/repository/org/glassfish/jersey/ext/cdi/jersey-cdi1x/2.34/jersey-cdi1x-2.34.jar:/home/runner/.m2/repository/org/glassfish/jersey/inject/jersey-hk2/2.34/jersey-hk2-2.34.jar:/home/runner/.m2/repository/org/glassfish/hk2/hk2-locator/2.6.1/hk2-locator-2.6.1.jar:/home/runner/.m2/repository/org/glassfish/jersey/media/jersey-media-jaxb/2.34/jersey-media-jaxb-2.34.jar:/home/runner/.m2/repository/org/glassfish/hk2/osgi-resource-locator/1.0.3/osgi-resource-locator-1.0.3.jar:/home/runner/.m2/repository/org/glassfish/hk2/hk2-api/2.5.0/hk2-api-2.5.0.jar:/home/runner/.m2/repository/org/glassfish/hk2/hk2-utils/2.5.0/hk2-utils-2.5.0.jar:/home/runner/.m2/repository/org/glassfish/hk2/external/aopalliance-repackaged/2.5.0/aopalliance-repackaged-2.5.0.jar:/home/runner/.m2/repository/com/fasterxml/jackson/dataformat/jackson-dataformat-xml/2.13.4/jackson-dataformat-xml-2.13.4.jar:/home/runner/.m2/repository/org/codehaus/woodstox/stax2-api/4.2.1/stax2-api-4.2.1.jar:/home/runner/.m2/repository/com/fasterxml/woodstox/woodstox-core/5.4.0/woodstox-core-5.4.0.jar:/home/runner/.m2/repository/com/fasterxml/jackson/module/jackson-module-jaxb-annotations/2.13.4/jackson-module-jaxb-annotations-2.13.4.jar:/home/runner/.m2/repository/jakarta/xml/bind/jakarta.xml.bind-api/2.3.3/jakarta.xml.bind-api-2.3.3.jar:/home/runner/.m2/repository/jakarta/activation/jakarta.activation-api/1.2.2/jakarta.activation-api-1.2.2.jar:/home/runner/.m2/repository/javax/enterprise/cdi-api/2.0/cdi-api-2.0.jar:/home/runner/.m2/repository/javax/el/javax.el-api/3.0.0/javax.el-api-3.0.0.jar:/home/runner/.m2/repository/javax/interceptor/javax.interceptor-api/1.2/javax.interceptor-api-1.2.jar:/home/runner/.m2/repository/javax/inject/javax.inject/1/javax.inject-1.jar:/home/runner/.m2/repository/javax/xml/bind/jaxb-api/2.3.0/jaxb-api-2.3.0.jar:/home/runner/.m2/repository/org/glassfish/jaxb/jaxb-runtime/2.3.0.1/jaxb-runtime-2.3.0.1.jar:/home/runner/.m2/repository/org/glassfish/jaxb/jaxb-core/2.3.0.1/jaxb-core-2.3.0.1.jar:/home/runner/.m2/repository/org/glassfish/jaxb/txw2/2.3.0.1/txw2-2.3.0.1.jar:/home/runner/.m2/repository/com/sun/istack/istack-commons-runtime/3.0.5/istack-commons-runtime-3.0.5.jar:/home/runner/.m2/repository/org/jvnet/staxex/stax-ex/1.7.8/stax-ex-1.7.8.jar:/home/runner/.m2/repository/com/sun/xml/fastinfoset/FastInfoset/1.2.13/FastInfoset-1.2.13.jar:/home/runner/.m2/repository/javax/activation/activation/1.1.1/activation-1.1.1.jar:/home/runner/.m2/repository/io/grpc/grpc-protobuf/1.51.1/grpc-protobuf-1.51.1.jar:/home/runner/.m2/repository/com/google/api/grpc/proto-google-common-protos/2.9.0/proto-google-common-protos-2.9.0.jar:/home/runner/.m2/repository/io/grpc/grpc-protobuf-lite/1.51.1/grpc-protobuf-lite-1.51.1.jar:/home/runner/.m2/repository/io/grpc/grpc-stub/1.51.1/grpc-stub-1.51.1.jar:/home/runner/.m2/repository/io/netty/netty-transport/4.1.94.Final/netty-transport-4.1.94.Final.jar:/home/runner/.m2/repository/io/netty/netty-resolver/4.1.94.Final/netty-resolver-4.1.94.Final.jar:/home/runner/.m2/repository/org/apache/ozone/ozone-csi/1.4.0-SNAPSHOT/ozone-csi-1.4.0-SNAPSHOT.jar:/home/runner/.m2/repository/com/google/protobuf/protobuf-java-util/3.19.6/protobuf-java-util-3.19.6.jar:/home/runner/.m2/repository/com/google/code/gson/gson/2.9.0/gson-2.9.0.jar:/home/runner/.m2/repository/org/apache/ozone/hdds-config/1.4.0-SNAPSHOT/hdds-config-1.4.0-SNAPSHOT.jar:/home/runner/.m2/repository/io/netty/netty-transport-native-epoll/4.1.94.Final/netty-transport-native-epoll-4.1.94.Final-linux-x86_64.jar:/home/runner/.m2/repository/io/netty/netty-transport-classes-epoll/4.1.94.Final/netty-transport-classes-epoll-4.1.94.Final.jar:/home/runner/.m2/repository/io/netty/netty-transport-native-unix-common/4.1.94.Final/netty-transport-native-unix-common-4.1.94.Final.jar:/home/runner/.m2/repository/org/apache/ozone/ozone-recon/1.4.0-SNAPSHOT/ozone-recon-1.4.0-SNAPSHOT.jar:/home/runner/.m2/repository/org/apache/ozone/ozone-reconcodegen/1.4.0-SNAPSHOT/ozone-reconcodegen-1.4.0-SNAPSHOT.jar:/home/runner/.m2/repository/com/google/inject/guice/5.1.0/guice-5.1.0.jar:/home/runner/.m2/repository/aopalliance/aopalliance/1.0/aopalliance-1.0.jar:/home/runner/.m2/repository/com/google/inject/extensions/guice-assistedinject/5.1.0/guice-assistedinject-5.1.0.jar:/home/runner/.m2/repository/com/google/inject/extensions/guice-servlet/5.1.0/guice-servlet-5.1.0.jar:/home/runner/.m2/repository/org/glassfish/jersey/containers/jersey-container-servlet/2.34/jersey-container-servlet-2.34.jar:/home/runner/.m2/repository/org/glassfish/hk2/guice-bridge/2.5.0/guice-bridge-2.5.0.jar:/home/runner/.m2/repository/org/glassfish/jersey/core/jersey-server/2.34/jersey-server-2.34.jar:/home/runner/.m2/repository/org/glassfish/jersey/core/jersey-client/2.34/jersey-client-2.34.jar:/home/runner/.m2/repository/jakarta/annotation/jakarta.annotation-api/1.3.5/jakarta.annotation-api-1.3.5.jar:/home/runner/.m2/repository/jakarta/validation/jakarta.validation-api/2.0.2/jakarta.validation-api-2.0.2.jar:/home/runner/.m2/repository/org/glassfish/jersey/media/jersey-media-json-jackson/2.34/jersey-media-json-jackson-2.34.jar:/home/runner/.m2/repository/org/glassfish/jersey/ext/jersey-entity-filtering/2.34/jersey-entity-filtering-2.34.jar:/home/runner/.m2/repository/org/jooq/jooq/3.11.10/jooq-3.11.10.jar:/home/runner/.m2/repository/org/jooq/jooq-meta/3.11.10/jooq-meta-3.11.10.jar:/home/runner/.m2/repository/org/jooq/jooq-codegen/3.11.10/jooq-codegen-3.11.10.jar:/home/runner/.m2/repository/com/jolbox/bonecp/0.8.0.RELEASE/bonecp-0.8.0.RELEASE.jar:/home/runner/.m2/repository/org/apache/derby/derby/10.14.2.0/derby-10.14.2.0.jar:/home/runner/.m2/repository/org/xerial/sqlite-jdbc/3.41.2.2/sqlite-jdbc-3.41.2.2.jar:/home/runner/.m2/repository/org/springframework/spring-jdbc/5.3.27/spring-jdbc-5.3.27.jar:/home/runner/.m2/repository/org/springframework/spring-beans/5.3.27/spring-beans-5.3.27.jar:/home/runner/.m2/repository/org/springframework/spring-core/5.3.27/spring-core-5.3.27.jar:/home/runner/.m2/repository/org/springframework/spring-tx/5.3.27/spring-tx-5.3.27.jar:/home/runner/.m2/repository/org/apache/ozone/ozone-client/1.4.0-SNAPSHOT/ozone-client-1.4.0-SNAPSHOT.jar:/home/runner/.m2/repository/org/apache/ozone/hdds-erasurecode/1.4.0-SNAPSHOT/hdds-erasurecode-1.4.0-SNAPSHOT.jar:/home/runner/.m2/repository/org/apache/ozone/ozone-filesystem/1.4.0-SNAPSHOT/ozone-filesystem-1.4.0-SNAPSHOT.jar:/home/runner/.m2/repository/org/apache/ozone/ozone-filesystem-common/1.4.0-SNAPSHOT/ozone-filesystem-common-1.4.0-SNAPSHOT.jar:/home/runner/.m2/repository/org/apache/ozone/ozone-tools/1.4.0-SNAPSHOT/ozone-tools-1.4.0-SNAPSHOT.jar:/home/runner/.m2/repository/com/amazonaws/aws-java-sdk-core/1.12.261/aws-java-sdk-core-1.12.261.jar:/home/runner/.m2/repository/org/apache/httpcomponents/httpclient/4.5.13/httpclient-4.5.13.jar:/home/runner/.m2/repository/org/apache/httpcomponents/httpcore/4.4.13/httpcore-4.4.13.jar:/home/runner/.m2/repository/software/amazon/ion/ion-java/1.0.2/ion-java-1.0.2.jar:/home/runner/.m2/repository/com/fasterxml/jackson/dataformat/jackson-dataformat-cbor/2.13.4/jackson-dataformat-cbor-2.13.4.jar:/home/runner/.m2/repository/joda-time/joda-time/2.10.6/joda-time-2.10.6.jar:/home/runner/.m2/repository/com/amazonaws/aws-java-sdk-s3/1.12.261/aws-java-sdk-s3-1.12.261.jar:/home/runner/.m2/repository/com/amazonaws/aws-java-sdk-kms/1.12.261/aws-java-sdk-kms-1.12.261.jar:/home/runner/.m2/repository/com/amazonaws/jmespath-java/1.12.261/jmespath-java-1.12.261.jar:/home/runner/.m2/repository/org/kohsuke/metainf-services/metainf-services/1.8/metainf-services-1.8.jar:/home/runner/.m2/repository/org/apache/ozone/hdds-tools/1.4.0-SNAPSHOT/hdds-tools-1.4.0-SNAPSHOT.jar:/home/runner/.m2/repository/org/apache/ratis/ratis-tools/2.5.1/ratis-tools-2.5.1.jar:/home/runner/.m2/repository/commons-cli/commons-cli/1.2/commons-cli-1.2.jar:/home/runner/.m2/repository/org/apache/commons/commons-lang3/3.7/commons-lang3-3.7.jar:/home/runner/.m2/repository/org/apache/ozone/ozone-manager/1.4.0-SNAPSHOT/ozone-manager-1.4.0-SNAPSHOT-tests.jar:/home/runner/.m2/repository/org/apache/ozone/hdds-common/1.4.0-SNAPSHOT/hdds-common-1.4.0-SNAPSHOT-tests.jar:/home/runner/.m2/repository/org/apache/ozone/hdds-hadoop-dependency-client/1.4.0-SNAPSHOT/hdds-hadoop-dependency-client-1.4.0-SNAPSHOT.jar:/home/runner/.m2/repository/info/picocli/picocli/4.6.1/picocli-4.6.1.jar:/home/runner/.m2/repository/com/fasterxml/jackson/core/jackson-annotations/2.13.4/jackson-annotations-2.13.4.jar:/home/runner/.m2/repository/org/apache/ozone/hdds-annotation-processing/1.4.0-SNAPSHOT/hdds-annotation-processing-1.4.0-SNAPSHOT.jar:/home/runner/.m2/repository/javax/annotation/javax.annotation-api/1.2/javax.annotation-api-1.2.jar:/home/runner/.m2/repository/org/apache/ratis/ratis-netty/2.5.1/ratis-netty-2.5.1.jar:/home/runner/.m2/repository/org/apache/ratis/ratis-grpc/2.5.1/ratis-grpc-2.5.1.jar:/home/runner/.m2/repository/org/apache/commons/commons-pool2/2.6.0/commons-pool2-2.6.0.jar:/home/runner/.m2/repository/org/bouncycastle/bcpkix-jdk15on/1.67/bcpkix-jdk15on-1.67.jar:/home/runner/.m2/repository/commons-validator/commons-validator/1.6/commons-validator-1.6.jar:/home/runner/.m2/repository/commons-beanutils/commons-beanutils/1.9.4/commons-beanutils-1.9.4.jar:/home/runner/.m2/repository/commons-digester/commons-digester/1.8.1/commons-digester-1.8.1.jar:/home/runner/.m2/repository/commons-collections/commons-collections/3.2.2/commons-collections-3.2.2.jar:/home/runner/.m2/repository/io/jaegertracing/jaeger-client/1.6.0/jaeger-client-1.6.0.jar:/home/runner/.m2/repository/io/jaegertracing/jaeger-thrift/1.6.0/jaeger-thrift-1.6.0.jar:/home/runner/.m2/repository/org/apache/thrift/libthrift/0.14.1/libthrift-0.14.1.jar:/home/runner/.m2/repository/io/jaegertracing/jaeger-core/1.6.0/jaeger-core-1.6.0.jar:/home/runner/.m2/repository/io/jaegertracing/jaeger-tracerresolver/1.6.0/jaeger-tracerresolver-1.6.0.jar:/home/runner/.m2/repository/io/opentracing/contrib/opentracing-tracerresolver/0.1.8/opentracing-tracerresolver-0.1.8.jar:/home/runner/.m2/repository/org/jetbrains/kotlin/kotlin-stdlib/1.6.21/kotlin-stdlib-1.6.21.jar:/home/runner/.m2/repository/org/jetbrains/annotations/13.0/annotations-13.0.jar:/home/runner/.m2/repository/io/opentracing/opentracing-util/0.33.0/opentracing-util-0.33.0.jar:/home/runner/.m2/repository/io/opentracing/opentracing-api/0.33.0/opentracing-api-0.33.0.jar:/home/runner/.m2/repository/io/opentracing/opentracing-noop/0.33.0/opentracing-noop-0.33.0.jar:/home/runner/.m2/repository/org/yaml/snakeyaml/2.0/snakeyaml-2.0.jar:/home/runner/.m2/repository/io/grpc/grpc-api/1.51.1/grpc-api-1.51.1.jar:/home/runner/.m2/repository/io/grpc/grpc-context/1.51.1/grpc-context-1.51.1.jar:/home/runner/.m2/repository/junit/junit/4.13.1/junit-4.13.1.jar:/home/runner/.m2/repository/org/hamcrest/hamcrest-core/1.3/hamcrest-core-1.3.jar:/home/runner/.m2/repository/org/junit/jupiter/junit-jupiter-api/5.8.2/junit-jupiter-api-5.8.2.jar:/home/runner/.m2/repository/org/opentest4j/opentest4j/1.2.0/opentest4j-1.2.0.jar:/home/runner/.m2/repository/org/junit/platform/junit-platform-commons/1.8.2/junit-platform-commons-1.8.2.jar:/home/runner/.m2/repository/org/apiguardian/apiguardian-api/1.1.2/apiguardian-api-1.1.2.jar:/home/runner/.m2/repository/org/junit/jupiter/junit-jupiter-params/5.8.2/junit-jupiter-params-5.8.2.jar:/home/runner/.m2/repository/org/junit/jupiter/junit-jupiter-migrationsupport/5.8.2/junit-jupiter-migrationsupport-5.8.2.jar:/home/runner/.m2/repository/org/junit/jupiter/junit-jupiter-engine/5.8.2/junit-jupiter-engine-5.8.2.jar:/home/runner/.m2/repository/org/junit/platform/junit-platform-engine/1.8.2/junit-platform-engine-1.8.2.jar:/home/runner/.m2/repository/org/junit/vintage/junit-vintage-engine/5.8.2/junit-vintage-engine-5.8.2.jar:/home/runner/.m2/repository/org/junit/platform/junit-platform-launcher/1.8.2/junit-platform-launcher-1.8.2.jar:/home/runner/.m2/repository/org/mockito/mockito-core/3.5.9/mockito-core-3.5.9.jar:/home/runner/.m2/repository/net/bytebuddy/byte-buddy/1.10.13/byte-buddy-1.10.13.jar:/home/runner/.m2/repository/net/bytebuddy/byte-buddy-agent/1.10.13/byte-buddy-agent-1.10.13.jar:/home/runner/.m2/repository/org/objenesis/objenesis/1.0/objenesis-1.0.jar:/home/runner/.m2/repository/org/apache/hadoop/hadoop-kms/3.3.6/hadoop-kms-3.3.6.jar:/home/runner/.m2/repository/org/apache/hadoop/hadoop-auth/3.3.6/hadoop-auth-3.3.6.jar:/home/runner/.m2/repository/com/nimbusds/nimbus-jose-jwt/9.8.1/nimbus-jose-jwt-9.8.1.jar:/home/runner/.m2/repository/com/github/stephenc/jcip/jcip-annotations/1.0-1/jcip-annotations-1.0-1.jar:/home/runner/.m2/repository/org/apache/zookeeper/zookeeper/3.5.6/zookeeper-3.5.6.jar:/home/runner/.m2/repository/org/apache/zookeeper/zookeeper-jute/3.5.6/zookeeper-jute-3.5.6.jar:/home/runner/.m2/repository/org/apache/yetus/audience-annotations/0.5.0/audience-annotations-0.5.0.jar:/home/runner/.m2/repository/org/apache/curator/curator-framework/4.2.0/curator-framework-4.2.0.jar:/home/runner/.m2/repository/org/apache/hadoop/thirdparty/hadoop-shaded-guava/1.1.1/hadoop-shaded-guava-1.1.1.jar:/home/runner/.m2/repository/com/sun/jersey/jersey-core/1.19/jersey-core-1.19.jar:/home/runner/.m2/repository/javax/ws/rs/jsr311-api/1.1.1/jsr311-api-1.1.1.jar:/home/runner/.m2/repository/com/sun/jersey/jersey-server/1.19/jersey-server-1.19.jar:/home/runner/.m2/repository/javax/servlet/javax.servlet-api/3.1.0/javax.servlet-api-3.1.0.jar:/home/runner/.m2/repository/org/apache/hadoop/hadoop-common/3.3.6/hadoop-common-3.3.6.jar:/home/runner/.m2/repository/org/apache/commons/commons-math3/3.1.1/commons-math3-3.1.1.jar:/home/runner/.m2/repository/commons-net/commons-net/3.9.0/commons-net-3.9.0.jar:/home/runner/.m2/repository/com/sun/jersey/jersey-servlet/1.19/jersey-servlet-1.19.jar:/home/runner/.m2/repository/com/github/pjfanning/jersey-json/1.20/jersey-json-1.20.jar:/home/runner/.m2/repository/org/codehaus/jettison/jettison/1.1/jettison-1.1.jar:/home/runner/.m2/repository/com/sun/xml/bind/jaxb-impl/2.2.3-1/jaxb-impl-2.2.3-1.jar:/home/runner/.m2/repository/com/google/re2j/re2j/1.1/re2j-1.1.jar:/home/runner/.m2/repository/com/jcraft/jsch/0.1.54/jsch-0.1.54.jar:/home/runner/.m2/repository/org/apache/curator/curator-client/4.2.0/curator-client-4.2.0.jar:/home/runner/.m2/repository/org/apache/curator/curator-recipes/5.2.0/curator-recipes-5.2.0.jar:/home/runner/.m2/repository/org/apache/kerby/kerb-core/1.0.1/kerb-core-1.0.1.jar:/home/runner/.m2/repository/org/apache/kerby/kerby-pkix/1.0.1/kerby-pkix-1.0.1.jar:/home/runner/.m2/repository/org/apache/kerby/kerby-asn1/1.0.1/kerby-asn1-1.0.1.jar:/home/runner/.m2/repository/org/apache/kerby/kerby-util/1.0.1/kerby-util-1.0.1.jar:/home/runner/.m2/repository/dnsjava/dnsjava/2.1.7/dnsjava-2.1.7.jar:/home/runner/.m2/repository/org/xerial/snappy/snappy-java/1.1.8.2/snappy-java-1.1.8.2.jar:/home/runner/.m2/repository/com/fasterxml/jackson/core/jackson-databind/2.13.4.2/jackson-databind-2.13.4.2.jar:/home/runner/.m2/repository/org/apache/hadoop/hadoop-kms/3.3.6/hadoop-kms-3.3.6-tests.jar:/home/runner/.m2/repository/org/apache/ozone/hdds-server-scm/1.4.0-SNAPSHOT/hdds-server-scm-1.4.0-SNAPSHOT-tests.jar:/home/runner/.m2/repository/org/apache/ozone/hdds-container-service/1.4.0-SNAPSHOT/hdds-container-service-1.4.0-SNAPSHOT-tests.jar:/home/runner/.m2/repository/com/github/luben/zstd-jni/1.5.2-5/zstd-jni-1.5.2-5.jar:/home/runner/.m2/repository/commons-codec/commons-codec/1.15/commons-codec-1.15.jar:/home/runner/.m2/repository/io/netty/netty-codec/4.1.94.Final/netty-codec-4.1.94.Final.jar:/home/runner/.m2/repository/io/netty/netty-handler/4.1.94.Final/netty-handler-4.1.94.Final.jar:/home/runner/.m2/repository/org/apache/ozone/hdds-hadoop-dependency-test/1.4.0-SNAPSHOT/hdds-hadoop-dependency-test-1.4.0-SNAPSHOT.jar:/home/runner/.m2/repository/org/apache/hadoop/hadoop-common/3.3.6/hadoop-common-3.3.6-tests.jar:/home/runner/.m2/repository/org/apache/hadoop/hadoop-hdfs/3.3.6/hadoop-hdfs-3.3.6-tests.jar:/home/runner/.m2/repository/org/assertj/assertj-core/3.12.2/assertj-core-3.12.2.jar:/home/runner/.m2/repository/org/apache/hadoop/hadoop-distcp/3.3.6/hadoop-distcp-3.3.6.jar:/home/runner/.m2/repository/org/apache/hadoop/hadoop-mapreduce-client-jobclient/3.3.6/hadoop-mapreduce-client-jobclient-3.3.6.jar:/home/runner/.m2/repository/org/apache/hadoop/hadoop-mapreduce-client-common/3.3.6/hadoop-mapreduce-client-common-3.3.6.jar:/home/runner/.m2/repository/org/apache/hadoop/hadoop-yarn-common/3.3.6/hadoop-yarn-common-3.3.6.jar:/home/runner/.m2/repository/org/apache/hadoop/hadoop-yarn-api/3.3.6/hadoop-yarn-api-3.3.6.jar:/home/runner/.m2/repository/com/sun/jersey/contribs/jersey-guice/1.19/jersey-guice-1.19.jar:/home/runner/.m2/repository/com/fasterxml/jackson/jaxrs/jackson-jaxrs-json-provider/2.13.4/jackson-jaxrs-json-provider-2.13.4.jar:/home/runner/.m2/repository/com/fasterxml/jackson/jaxrs/jackson-jaxrs-base/2.13.4/jackson-jaxrs-base-2.13.4.jar:/home/runner/.m2/repository/org/apache/hadoop/hadoop-yarn-client/3.3.6/hadoop-yarn-client-3.3.6.jar:/home/runner/.m2/repository/org/eclipse/jetty/websocket/websocket-client/9.4.51.v20230217/websocket-client-9.4.51.v20230217.jar:/home/runner/.m2/repository/org/eclipse/jetty/websocket/websocket-common/9.4.51.v20230217/websocket-common-9.4.51.v20230217.jar:/home/runner/.m2/repository/org/eclipse/jetty/websocket/websocket-api/9.4.51.v20230217/websocket-api-9.4.51.v20230217.jar:/home/runner/.m2/repository/org/jline/jline/3.9.0/jline-3.9.0.jar:/home/runner/.m2/repository/org/apache/hadoop/hadoop-mapreduce-client-core/3.3.6/hadoop-mapreduce-client-core-3.3.6.jar:/home/runner/.m2/repository/org/apache/avro/avro/1.7.7/avro-1.7.7.jar:/home/runner/.m2/repository/com/thoughtworks/paranamer/paranamer/2.3/paranamer-2.3.jar:/home/runner/.m2/repository/org/apache/hadoop/hadoop-annotations/3.3.6/hadoop-annotations-3.3.6.jar:/usr/lib/jvm/temurin-8-jdk-amd64/jre/../lib/tools.jar:/home/runner/.m2/repository/io/netty/netty/3.10.6.Final/netty-3.10.6.Final.jar:/home/runner/.m2/repository/org/apache/hadoop/hadoop-distcp/3.3.6/hadoop-distcp-3.3.6-tests.jar:/home/runner/.m2/repository/org/slf4j/jul-to-slf4j/1.7.36/jul-to-slf4j-1.7.36.jar:"/>
    <property name="java.vm.vendor" value="Temurin"/>
    <property name="sun.arch.data.model" value="64"/>
    <property name="test.build.dir" value="/home/runner/work/ozone/ozone/hadoop-ozone/integration-test/target/test-dir"/>
    <property name="test.cache.data" value=""/>
    <property name="java.vendor.url" value="https://adoptium.net/"/>
    <property name="user.timezone" value="Etc/UTC"/>
    <property name="java.vm.specification.version" value="1.8"/>
    <property name="os.name" value="Linux"/>
    <property name="test.build.data" value="/home/runner/work/ozone/ozone/hadoop-ozone/integration-test/target/test-dir"/>
    <property name="sun.java.launcher" value="SUN_STANDARD"/>
    <property name="sun.boot.library.path" value="/usr/lib/jvm/temurin-8-jdk-amd64/jre/lib/amd64"/>
    <property name="sun.java.command" value="/home/runner/work/ozone/ozone/hadoop-ozone/integration-test/target/surefire/surefirebooter609767716927170864.jar /home/runner/work/ozone/ozone/hadoop-ozone/integration-test/target/surefire 2023-07-26T19-44-13_238-jvmRun1 surefire4529026885129906811tmp surefire_32999306134915364773tmp"/>
    <property name="native.lib.tmp.dir" value="/tmp"/>
    <property name="surefire.test.class.path" value="/home/runner/work/ozone/ozone/hadoop-ozone/integration-test/target/test-classes:/home/runner/work/ozone/ozone/hadoop-ozone/integration-test/target/classes:/home/runner/.m2/repository/org/apache/ozone/ozone-common/1.4.0-SNAPSHOT/ozone-common-1.4.0-SNAPSHOT.jar:/home/runner/.m2/repository/io/grpc/grpc-netty/1.51.1/grpc-netty-1.51.1.jar:/home/runner/.m2/repository/io/grpc/grpc-core/1.51.1/grpc-core-1.51.1.jar:/home/runner/.m2/repository/com/google/android/annotations/4.1.1.4/annotations-4.1.1.4.jar:/home/runner/.m2/repository/org/codehaus/mojo/animal-sniffer-annotations/1.21/animal-sniffer-annotations-1.21.jar:/home/runner/.m2/repository/com/google/errorprone/error_prone_annotations/2.2.0/error_prone_annotations-2.2.0.jar:/home/runner/.m2/repository/io/perfmark/perfmark-api/0.25.0/perfmark-api-0.25.0.jar:/home/runner/.m2/repository/io/netty/netty-codec-http2/4.1.94.Final/netty-codec-http2-4.1.94.Final.jar:/home/runner/.m2/repository/io/netty/netty-common/4.1.94.Final/netty-common-4.1.94.Final.jar:/home/runner/.m2/repository/io/netty/netty-buffer/4.1.94.Final/netty-buffer-4.1.94.Final.jar:/home/runner/.m2/repository/io/netty/netty-codec-http/4.1.94.Final/netty-codec-http-4.1.94.Final.jar:/home/runner/.m2/repository/io/netty/netty-handler-proxy/4.1.94.Final/netty-handler-proxy-4.1.94.Final.jar:/home/runner/.m2/repository/io/netty/netty-codec-socks/4.1.94.Final/netty-codec-socks-4.1.94.Final.jar:/home/runner/.m2/repository/io/netty/netty-tcnative-boringssl-static/2.0.61.Final/netty-tcnative-boringssl-static-2.0.61.Final.jar:/home/runner/.m2/repository/io/netty/netty-tcnative-classes/2.0.61.Final/netty-tcnative-classes-2.0.61.Final.jar:/home/runner/.m2/repository/io/netty/netty-tcnative-boringssl-static/2.0.61.Final/netty-tcnative-boringssl-static-2.0.61.Final-linux-x86_64.jar:/home/runner/.m2/repository/io/netty/netty-tcnative-boringssl-static/2.0.61.Final/netty-tcnative-boringssl-static-2.0.61.Final-linux-aarch_64.jar:/home/runner/.m2/repository/io/netty/netty-tcnative-boringssl-static/2.0.61.Final/netty-tcnative-boringssl-static-2.0.61.Final-osx-x86_64.jar:/home/runner/.m2/repository/io/netty/netty-tcnative-boringssl-static/2.0.61.Final/netty-tcnative-boringssl-static-2.0.61.Final-osx-aarch_64.jar:/home/runner/.m2/repository/io/netty/netty-tcnative-boringssl-static/2.0.61.Final/netty-tcnative-boringssl-static-2.0.61.Final-windows-x86_64.jar:/home/runner/.m2/repository/org/apache/commons/commons-compress/1.21/commons-compress-1.21.jar:/home/runner/.m2/repository/org/apache/ozone/hdds-common/1.4.0-SNAPSHOT/hdds-common-1.4.0-SNAPSHOT.jar:/home/runner/.m2/repository/org/apache/ozone/hdds-client/1.4.0-SNAPSHOT/hdds-client-1.4.0-SNAPSHOT.jar:/home/runner/.m2/repository/org/apache/ozone/ozone-interface-client/1.4.0-SNAPSHOT/ozone-interface-client-1.4.0-SNAPSHOT.jar:/home/runner/.m2/repository/org/apache/hadoop/hadoop-hdfs-client/3.3.6/hadoop-hdfs-client-3.3.6.jar:/home/runner/.m2/repository/com/squareup/okhttp3/okhttp/4.9.3/okhttp-4.9.3.jar:/home/runner/.m2/repository/com/squareup/okio/okio/3.4.0/okio-3.4.0.jar:/home/runner/.m2/repository/com/squareup/okio/okio-jvm/3.4.0/okio-jvm-3.4.0.jar:/home/runner/.m2/repository/org/jetbrains/kotlin/kotlin-stdlib-jdk8/1.8.0/kotlin-stdlib-jdk8-1.8.0.jar:/home/runner/.m2/repository/org/jetbrains/kotlin/kotlin-stdlib-jdk7/1.8.0/kotlin-stdlib-jdk7-1.8.0.jar:/home/runner/.m2/repository/org/jetbrains/kotlin/kotlin-stdlib-common/1.6.21/kotlin-stdlib-common-1.6.21.jar:/home/runner/.m2/repository/org/apache/ozone/hdds-test-utils/1.4.0-SNAPSHOT/hdds-test-utils-1.4.0-SNAPSHOT.jar:/home/runner/.m2/repository/com/google/guava/guava/32.0.0-jre/guava-32.0.0-jre.jar:/home/runner/.m2/repository/com/google/guava/failureaccess/1.0.1/failureaccess-1.0.1.jar:/home/runner/.m2/repository/com/google/guava/listenablefuture/9999.0-empty-to-avoid-conflict-with-guava/listenablefuture-9999.0-empty-to-avoid-conflict-with-guava.jar:/home/runner/.m2/repository/com/google/code/findbugs/jsr305/3.0.0/jsr305-3.0.0.jar:/home/runner/.m2/repository/org/checkerframework/checker-qual/3.33.0/checker-qual-3.33.0.jar:/home/runner/.m2/repository/com/google/j2objc/j2objc-annotations/2.8/j2objc-annotations-2.8.jar:/home/runner/.m2/repository/commons-io/commons-io/2.11.0/commons-io-2.11.0.jar:/home/runner/.m2/repository/commons-logging/commons-logging/1.2/commons-logging-1.2.jar:/home/runner/.m2/repository/ch/qos/reload4j/reload4j/1.2.22/reload4j-1.2.22.jar:/home/runner/.m2/repository/org/slf4j/slf4j-api/1.7.36/slf4j-api-1.7.36.jar:/home/runner/.m2/repository/org/apache/logging/log4j/log4j-api/2.17.1/log4j-api-2.17.1.jar:/home/runner/.m2/repository/org/apache/ozone/hdds-server-scm/1.4.0-SNAPSHOT/hdds-server-scm-1.4.0-SNAPSHOT.jar:/home/runner/.m2/repository/org/apache/ozone/hdds-container-service/1.4.0-SNAPSHOT/hdds-container-service-1.4.0-SNAPSHOT.jar:/home/runner/.m2/repository/org/apache/ozone/hdds-hadoop-dependency-server/1.4.0-SNAPSHOT/hdds-hadoop-dependency-server-1.4.0-SNAPSHOT.jar:/home/runner/.m2/repository/org/apache/hadoop/hadoop-hdfs/3.3.6/hadoop-hdfs-3.3.6.jar:/home/runner/.m2/repository/commons-daemon/commons-daemon/1.0.13/commons-daemon-1.0.13.jar:/home/runner/.m2/repository/org/apache/ozone/hdds-server-framework/1.4.0-SNAPSHOT/hdds-server-framework-1.4.0-SNAPSHOT.jar:/home/runner/.m2/repository/io/dropwizard/metrics/metrics-core/3.2.4/metrics-core-3.2.4.jar:/home/runner/.m2/repository/org/apache/commons/commons-text/1.10.0/commons-text-1.10.0.jar:/home/runner/.m2/repository/org/bouncycastle/bcprov-jdk15on/1.67/bcprov-jdk15on-1.67.jar:/home/runner/.m2/repository/com/google/protobuf/protobuf-java/2.5.0/protobuf-java-2.5.0.jar:/home/runner/.m2/repository/org/apache/ozone/hdds-server-framework/1.4.0-SNAPSHOT/hdds-server-framework-1.4.0-SNAPSHOT-tests.jar:/home/runner/.m2/repository/org/apache/ozone/hdds-interface-server/1.4.0-SNAPSHOT/hdds-interface-server-1.4.0-SNAPSHOT.jar:/home/runner/.m2/repository/org/apache/ozone/hdds-interface-admin/1.4.0-SNAPSHOT/hdds-interface-admin-1.4.0-SNAPSHOT.jar:/home/runner/.m2/repository/org/apache/ozone/hdds-managed-rocksdb/1.4.0-SNAPSHOT/hdds-managed-rocksdb-1.4.0-SNAPSHOT.jar:/home/runner/.m2/repository/org/rocksdb/rocksdbjni/7.7.3/rocksdbjni-7.7.3.jar:/home/runner/.m2/repository/org/slf4j/slf4j-reload4j/1.7.36/slf4j-reload4j-1.7.36.jar:/home/runner/.m2/repository/org/apache/commons/commons-configuration2/2.1.1/commons-configuration2-2.1.1.jar:/home/runner/.m2/repository/commons-fileupload/commons-fileupload/1.5/commons-fileupload-1.5.jar:/home/runner/.m2/repository/org/apache/logging/log4j/log4j-core/2.17.1/log4j-core-2.17.1.jar:/home/runner/.m2/repository/com/lmax/disruptor/3.4.2/disruptor-3.4.2.jar:/home/runner/.m2/repository/org/eclipse/jetty/jetty-util/9.4.51.v20230217/jetty-util-9.4.51.v20230217.jar:/home/runner/.m2/repository/org/eclipse/jetty/jetty-server/9.4.51.v20230217/jetty-server-9.4.51.v20230217.jar:/home/runner/.m2/repository/org/eclipse/jetty/jetty-http/9.4.51.v20230217/jetty-http-9.4.51.v20230217.jar:/home/runner/.m2/repository/org/eclipse/jetty/jetty-io/9.4.51.v20230217/jetty-io-9.4.51.v20230217.jar:/home/runner/.m2/repository/org/eclipse/jetty/jetty-servlet/9.4.51.v20230217/jetty-servlet-9.4.51.v20230217.jar:/home/runner/.m2/repository/org/eclipse/jetty/jetty-security/9.4.51.v20230217/jetty-security-9.4.51.v20230217.jar:/home/runner/.m2/repository/org/eclipse/jetty/jetty-util-ajax/9.4.51.v20230217/jetty-util-ajax-9.4.51.v20230217.jar:/home/runner/.m2/repository/org/eclipse/jetty/jetty-webapp/9.4.51.v20230217/jetty-webapp-9.4.51.v20230217.jar:/home/runner/.m2/repository/org/eclipse/jetty/jetty-xml/9.4.51.v20230217/jetty-xml-9.4.51.v20230217.jar:/home/runner/.m2/repository/org/apache/ratis/ratis-server/2.5.1/ratis-server-2.5.1.jar:/home/runner/.m2/repository/org/apache/ratis/ratis-thirdparty-misc/1.0.4/ratis-thirdparty-misc-1.0.4.jar:/home/runner/.m2/repository/org/apache/ratis/ratis-proto/2.5.1/ratis-proto-2.5.1.jar:/home/runner/.m2/repository/org/apache/ratis/ratis-common/2.5.1/ratis-common-2.5.1.jar:/home/runner/.m2/repository/org/apache/ratis/ratis-client/2.5.1/ratis-client-2.5.1.jar:/home/runner/.m2/repository/org/apache/ratis/ratis-server-api/2.5.1/ratis-server-api-2.5.1.jar:/home/runner/.m2/repository/org/apache/ratis/ratis-metrics/2.5.1/ratis-metrics-2.5.1.jar:/home/runner/.m2/repository/io/prometheus/simpleclient_dropwizard/0.7.0/simpleclient_dropwizard-0.7.0.jar:/home/runner/.m2/repository/io/prometheus/simpleclient/0.7.0/simpleclient-0.7.0.jar:/home/runner/.m2/repository/io/prometheus/simpleclient_common/0.7.0/simpleclient_common-0.7.0.jar:/home/runner/.m2/repository/com/fasterxml/jackson/datatype/jackson-datatype-jsr310/2.13.4/jackson-datatype-jsr310-2.13.4.jar:/home/runner/.m2/repository/com/fasterxml/jackson/core/jackson-core/2.13.4/jackson-core-2.13.4.jar:/home/runner/.m2/repository/com/github/spotbugs/spotbugs-annotations/3.1.12/spotbugs-annotations-3.1.12.jar:/home/runner/.m2/repository/org/apache/ozone/rocksdb-checkpoint-differ/1.4.0-SNAPSHOT/rocksdb-checkpoint-differ-1.4.0-SNAPSHOT.jar:/home/runner/.m2/repository/org/jgrapht/jgrapht-core/1.0.1/jgrapht-core-1.0.1.jar:/home/runner/.m2/repository/org/jgrapht/jgrapht-ext/1.0.1/jgrapht-ext-1.0.1.jar:/home/runner/.m2/repository/org/tinyjee/jgraphx/jgraphx/2.0.0.1/jgraphx-2.0.0.1.jar:/home/runner/.m2/repository/jgraph/jgraph/5.13.0.0/jgraph-5.13.0.0.jar:/home/runner/.m2/repository/org/antlr/antlr4-runtime/4.5.3/antlr4-runtime-4.5.3.jar:/home/runner/.m2/repository/org/awaitility/awaitility/4.2.0/awaitility-4.2.0.jar:/home/runner/.m2/repository/org/hamcrest/hamcrest/2.1/hamcrest-2.1.jar:/home/runner/.m2/repository/org/apache/ozone/ozone-manager/1.4.0-SNAPSHOT/ozone-manager-1.4.0-SNAPSHOT.jar:/home/runner/.m2/repository/org/aspectj/aspectjrt/1.9.7/aspectjrt-1.9.7.jar:/home/runner/.m2/repository/org/aspectj/aspectjweaver/1.9.7/aspectjweaver-1.9.7.jar:/home/runner/.m2/repository/org/apache/ozone/hdds-interface-client/1.4.0-SNAPSHOT/hdds-interface-client-1.4.0-SNAPSHOT.jar:/home/runner/.m2/repository/org/apache/hadoop/thirdparty/hadoop-shaded-protobuf_3_7/1.1.1/hadoop-shaded-protobuf_3_7-1.1.1.jar:/home/runner/.m2/repository/org/apache/ozone/ozone-interface-storage/1.4.0-SNAPSHOT/ozone-interface-storage-1.4.0-SNAPSHOT.jar:/home/runner/.m2/repository/org/reflections/reflections/0.9.11/reflections-0.9.11.jar:/home/runner/.m2/repository/com/sun/jersey/jersey-client/1.19/jersey-client-1.19.jar:/home/runner/.m2/repository/org/codehaus/jackson/jackson-core-asl/1.9.13/jackson-core-asl-1.9.13.jar:/home/runner/.m2/repository/org/codehaus/jackson/jackson-mapper-asl/1.9.13/jackson-mapper-asl-1.9.13.jar:/home/runner/.m2/repository/org/codehaus/jackson/jackson-jaxrs/1.9.13/jackson-jaxrs-1.9.13.jar:/home/runner/.m2/repository/org/apache/ranger/ranger-intg/2.3.0/ranger-intg-2.3.0.jar:/home/runner/.m2/repository/org/apache/ranger/ranger-plugins-common/2.3.0/ranger-plugins-common-2.3.0.jar:/home/runner/.m2/repository/commons-lang/commons-lang/2.6/commons-lang-2.6.jar:/home/runner/.m2/repository/org/apache/ranger/ranger-plugins-cred/2.3.0/ranger-plugins-cred-2.3.0.jar:/home/runner/.m2/repository/org/apache/ranger/ranger-plugins-audit/2.3.0/ranger-plugins-audit-2.3.0.jar:/home/runner/.m2/repository/org/eclipse/jetty/jetty-client/9.4.51.v20230217/jetty-client-9.4.51.v20230217.jar:/home/runner/.m2/repository/org/apache/httpcomponents/httpmime/4.5.6/httpmime-4.5.6.jar:/home/runner/.m2/repository/org/apache/httpcomponents/httpcore-nio/4.4.13/httpcore-nio-4.4.13.jar:/home/runner/.m2/repository/org/apache/httpcomponents/httpasyncclient/4.1.3/httpasyncclient-4.1.3.jar:/home/runner/.m2/repository/com/carrotsearch/hppc/0.8.0/hppc-0.8.0.jar:/home/runner/.m2/repository/org/apache/orc/orc-core/1.5.8/orc-core-1.5.8.jar:/home/runner/.m2/repository/net/java/dev/jna/jna/5.2.0/jna-5.2.0.jar:/home/runner/.m2/repository/net/java/dev/jna/jna-platform/5.2.0/jna-platform-5.2.0.jar:/home/runner/.m2/repository/com/kstruct/gethostname4j/0.0.2/gethostname4j-0.0.2.jar:/home/runner/.m2/repository/org/apache/ranger/ranger-plugin-classloader/2.3.0/ranger-plugin-classloader-2.3.0.jar:/home/runner/.m2/repository/org/apache/ozone/hdds-rocks-native/1.4.0-SNAPSHOT/hdds-rocks-native-1.4.0-SNAPSHOT.jar:/home/runner/.m2/repository/org/apache/hadoop/hadoop-minikdc/3.3.6/hadoop-minikdc-3.3.6.jar:/home/runner/.m2/repository/org/apache/kerby/kerb-simplekdc/1.0.1/kerb-simplekdc-1.0.1.jar:/home/runner/.m2/repository/org/apache/kerby/kerb-client/1.0.1/kerb-client-1.0.1.jar:/home/runner/.m2/repository/org/apache/kerby/kerby-config/1.0.1/kerby-config-1.0.1.jar:/home/runner/.m2/repository/org/apache/kerby/kerb-common/1.0.1/kerb-common-1.0.1.jar:/home/runner/.m2/repository/org/apache/kerby/kerb-crypto/1.0.1/kerb-crypto-1.0.1.jar:/home/runner/.m2/repository/org/apache/kerby/kerb-util/1.0.1/kerb-util-1.0.1.jar:/home/runner/.m2/repository/org/apache/kerby/token-provider/1.0.1/token-provider-1.0.1.jar:/home/runner/.m2/repository/org/apache/kerby/kerb-admin/1.0.1/kerb-admin-1.0.1.jar:/home/runner/.m2/repository/org/apache/kerby/kerb-server/1.0.1/kerb-server-1.0.1.jar:/home/runner/.m2/repository/org/apache/kerby/kerb-identity/1.0.1/kerb-identity-1.0.1.jar:/home/runner/.m2/repository/org/apache/kerby/kerby-xdr/1.0.1/kerby-xdr-1.0.1.jar:/home/runner/.m2/repository/org/apache/ozone/ozone-s3gateway/1.4.0-SNAPSHOT/ozone-s3gateway-1.4.0-SNAPSHOT.jar:/home/runner/.m2/repository/org/javassist/javassist/3.21.0-GA/javassist-3.21.0-GA.jar:/home/runner/.m2/repository/org/jboss/weld/servlet/weld-servlet-shaded/3.1.9.Final/weld-servlet-shaded-3.1.9.Final.jar:/home/runner/.m2/repository/org/glassfish/jersey/containers/jersey-container-servlet-core/2.34/jersey-container-servlet-core-2.34.jar:/home/runner/.m2/repository/org/glassfish/hk2/external/jakarta.inject/2.6.1/jakarta.inject-2.6.1.jar:/home/runner/.m2/repository/org/glassfish/jersey/core/jersey-common/2.34/jersey-common-2.34.jar:/home/runner/.m2/repository/jakarta/ws/rs/jakarta.ws.rs-api/2.1.6/jakarta.ws.rs-api-2.1.6.jar:/home/runner/.m2/repository/org/glassfish/jersey/ext/cdi/jersey-cdi1x/2.34/jersey-cdi1x-2.34.jar:/home/runner/.m2/repository/org/glassfish/jersey/inject/jersey-hk2/2.34/jersey-hk2-2.34.jar:/home/runner/.m2/repository/org/glassfish/hk2/hk2-locator/2.6.1/hk2-locator-2.6.1.jar:/home/runner/.m2/repository/org/glassfish/jersey/media/jersey-media-jaxb/2.34/jersey-media-jaxb-2.34.jar:/home/runner/.m2/repository/org/glassfish/hk2/osgi-resource-locator/1.0.3/osgi-resource-locator-1.0.3.jar:/home/runner/.m2/repository/org/glassfish/hk2/hk2-api/2.5.0/hk2-api-2.5.0.jar:/home/runner/.m2/repository/org/glassfish/hk2/hk2-utils/2.5.0/hk2-utils-2.5.0.jar:/home/runner/.m2/repository/org/glassfish/hk2/external/aopalliance-repackaged/2.5.0/aopalliance-repackaged-2.5.0.jar:/home/runner/.m2/repository/com/fasterxml/jackson/dataformat/jackson-dataformat-xml/2.13.4/jackson-dataformat-xml-2.13.4.jar:/home/runner/.m2/repository/org/codehaus/woodstox/stax2-api/4.2.1/stax2-api-4.2.1.jar:/home/runner/.m2/repository/com/fasterxml/woodstox/woodstox-core/5.4.0/woodstox-core-5.4.0.jar:/home/runner/.m2/repository/com/fasterxml/jackson/module/jackson-module-jaxb-annotations/2.13.4/jackson-module-jaxb-annotations-2.13.4.jar:/home/runner/.m2/repository/jakarta/xml/bind/jakarta.xml.bind-api/2.3.3/jakarta.xml.bind-api-2.3.3.jar:/home/runner/.m2/repository/jakarta/activation/jakarta.activation-api/1.2.2/jakarta.activation-api-1.2.2.jar:/home/runner/.m2/repository/javax/enterprise/cdi-api/2.0/cdi-api-2.0.jar:/home/runner/.m2/repository/javax/el/javax.el-api/3.0.0/javax.el-api-3.0.0.jar:/home/runner/.m2/repository/javax/interceptor/javax.interceptor-api/1.2/javax.interceptor-api-1.2.jar:/home/runner/.m2/repository/javax/inject/javax.inject/1/javax.inject-1.jar:/home/runner/.m2/repository/javax/xml/bind/jaxb-api/2.3.0/jaxb-api-2.3.0.jar:/home/runner/.m2/repository/org/glassfish/jaxb/jaxb-runtime/2.3.0.1/jaxb-runtime-2.3.0.1.jar:/home/runner/.m2/repository/org/glassfish/jaxb/jaxb-core/2.3.0.1/jaxb-core-2.3.0.1.jar:/home/runner/.m2/repository/org/glassfish/jaxb/txw2/2.3.0.1/txw2-2.3.0.1.jar:/home/runner/.m2/repository/com/sun/istack/istack-commons-runtime/3.0.5/istack-commons-runtime-3.0.5.jar:/home/runner/.m2/repository/org/jvnet/staxex/stax-ex/1.7.8/stax-ex-1.7.8.jar:/home/runner/.m2/repository/com/sun/xml/fastinfoset/FastInfoset/1.2.13/FastInfoset-1.2.13.jar:/home/runner/.m2/repository/javax/activation/activation/1.1.1/activation-1.1.1.jar:/home/runner/.m2/repository/io/grpc/grpc-protobuf/1.51.1/grpc-protobuf-1.51.1.jar:/home/runner/.m2/repository/com/google/api/grpc/proto-google-common-protos/2.9.0/proto-google-common-protos-2.9.0.jar:/home/runner/.m2/repository/io/grpc/grpc-protobuf-lite/1.51.1/grpc-protobuf-lite-1.51.1.jar:/home/runner/.m2/repository/io/grpc/grpc-stub/1.51.1/grpc-stub-1.51.1.jar:/home/runner/.m2/repository/io/netty/netty-transport/4.1.94.Final/netty-transport-4.1.94.Final.jar:/home/runner/.m2/repository/io/netty/netty-resolver/4.1.94.Final/netty-resolver-4.1.94.Final.jar:/home/runner/.m2/repository/org/apache/ozone/ozone-csi/1.4.0-SNAPSHOT/ozone-csi-1.4.0-SNAPSHOT.jar:/home/runner/.m2/repository/com/google/protobuf/protobuf-java-util/3.19.6/protobuf-java-util-3.19.6.jar:/home/runner/.m2/repository/com/google/code/gson/gson/2.9.0/gson-2.9.0.jar:/home/runner/.m2/repository/org/apache/ozone/hdds-config/1.4.0-SNAPSHOT/hdds-config-1.4.0-SNAPSHOT.jar:/home/runner/.m2/repository/io/netty/netty-transport-native-epoll/4.1.94.Final/netty-transport-native-epoll-4.1.94.Final-linux-x86_64.jar:/home/runner/.m2/repository/io/netty/netty-transport-classes-epoll/4.1.94.Final/netty-transport-classes-epoll-4.1.94.Final.jar:/home/runner/.m2/repository/io/netty/netty-transport-native-unix-common/4.1.94.Final/netty-transport-native-unix-common-4.1.94.Final.jar:/home/runner/.m2/repository/org/apache/ozone/ozone-recon/1.4.0-SNAPSHOT/ozone-recon-1.4.0-SNAPSHOT.jar:/home/runner/.m2/repository/org/apache/ozone/ozone-reconcodegen/1.4.0-SNAPSHOT/ozone-reconcodegen-1.4.0-SNAPSHOT.jar:/home/runner/.m2/repository/com/google/inject/guice/5.1.0/guice-5.1.0.jar:/home/runner/.m2/repository/aopalliance/aopalliance/1.0/aopalliance-1.0.jar:/home/runner/.m2/repository/com/google/inject/extensions/guice-assistedinject/5.1.0/guice-assistedinject-5.1.0.jar:/home/runner/.m2/repository/com/google/inject/extensions/guice-servlet/5.1.0/guice-servlet-5.1.0.jar:/home/runner/.m2/repository/org/glassfish/jersey/containers/jersey-container-servlet/2.34/jersey-container-servlet-2.34.jar:/home/runner/.m2/repository/org/glassfish/hk2/guice-bridge/2.5.0/guice-bridge-2.5.0.jar:/home/runner/.m2/repository/org/glassfish/jersey/core/jersey-server/2.34/jersey-server-2.34.jar:/home/runner/.m2/repository/org/glassfish/jersey/core/jersey-client/2.34/jersey-client-2.34.jar:/home/runner/.m2/repository/jakarta/annotation/jakarta.annotation-api/1.3.5/jakarta.annotation-api-1.3.5.jar:/home/runner/.m2/repository/jakarta/validation/jakarta.validation-api/2.0.2/jakarta.validation-api-2.0.2.jar:/home/runner/.m2/repository/org/glassfish/jersey/media/jersey-media-json-jackson/2.34/jersey-media-json-jackson-2.34.jar:/home/runner/.m2/repository/org/glassfish/jersey/ext/jersey-entity-filtering/2.34/jersey-entity-filtering-2.34.jar:/home/runner/.m2/repository/org/jooq/jooq/3.11.10/jooq-3.11.10.jar:/home/runner/.m2/repository/org/jooq/jooq-meta/3.11.10/jooq-meta-3.11.10.jar:/home/runner/.m2/repository/org/jooq/jooq-codegen/3.11.10/jooq-codegen-3.11.10.jar:/home/runner/.m2/repository/com/jolbox/bonecp/0.8.0.RELEASE/bonecp-0.8.0.RELEASE.jar:/home/runner/.m2/repository/org/apache/derby/derby/10.14.2.0/derby-10.14.2.0.jar:/home/runner/.m2/repository/org/xerial/sqlite-jdbc/3.41.2.2/sqlite-jdbc-3.41.2.2.jar:/home/runner/.m2/repository/org/springframework/spring-jdbc/5.3.27/spring-jdbc-5.3.27.jar:/home/runner/.m2/repository/org/springframework/spring-beans/5.3.27/spring-beans-5.3.27.jar:/home/runner/.m2/repository/org/springframework/spring-core/5.3.27/spring-core-5.3.27.jar:/home/runner/.m2/repository/org/springframework/spring-tx/5.3.27/spring-tx-5.3.27.jar:/home/runner/.m2/repository/org/apache/ozone/ozone-client/1.4.0-SNAPSHOT/ozone-client-1.4.0-SNAPSHOT.jar:/home/runner/.m2/repository/org/apache/ozone/hdds-erasurecode/1.4.0-SNAPSHOT/hdds-erasurecode-1.4.0-SNAPSHOT.jar:/home/runner/.m2/repository/org/apache/ozone/ozone-filesystem/1.4.0-SNAPSHOT/ozone-filesystem-1.4.0-SNAPSHOT.jar:/home/runner/.m2/repository/org/apache/ozone/ozone-filesystem-common/1.4.0-SNAPSHOT/ozone-filesystem-common-1.4.0-SNAPSHOT.jar:/home/runner/.m2/repository/org/apache/ozone/ozone-tools/1.4.0-SNAPSHOT/ozone-tools-1.4.0-SNAPSHOT.jar:/home/runner/.m2/repository/com/amazonaws/aws-java-sdk-core/1.12.261/aws-java-sdk-core-1.12.261.jar:/home/runner/.m2/repository/org/apache/httpcomponents/httpclient/4.5.13/httpclient-4.5.13.jar:/home/runner/.m2/repository/org/apache/httpcomponents/httpcore/4.4.13/httpcore-4.4.13.jar:/home/runner/.m2/repository/software/amazon/ion/ion-java/1.0.2/ion-java-1.0.2.jar:/home/runner/.m2/repository/com/fasterxml/jackson/dataformat/jackson-dataformat-cbor/2.13.4/jackson-dataformat-cbor-2.13.4.jar:/home/runner/.m2/repository/joda-time/joda-time/2.10.6/joda-time-2.10.6.jar:/home/runner/.m2/repository/com/amazonaws/aws-java-sdk-s3/1.12.261/aws-java-sdk-s3-1.12.261.jar:/home/runner/.m2/repository/com/amazonaws/aws-java-sdk-kms/1.12.261/aws-java-sdk-kms-1.12.261.jar:/home/runner/.m2/repository/com/amazonaws/jmespath-java/1.12.261/jmespath-java-1.12.261.jar:/home/runner/.m2/repository/org/kohsuke/metainf-services/metainf-services/1.8/metainf-services-1.8.jar:/home/runner/.m2/repository/org/apache/ozone/hdds-tools/1.4.0-SNAPSHOT/hdds-tools-1.4.0-SNAPSHOT.jar:/home/runner/.m2/repository/org/apache/ratis/ratis-tools/2.5.1/ratis-tools-2.5.1.jar:/home/runner/.m2/repository/commons-cli/commons-cli/1.2/commons-cli-1.2.jar:/home/runner/.m2/repository/org/apache/commons/commons-lang3/3.7/commons-lang3-3.7.jar:/home/runner/.m2/repository/org/apache/ozone/ozone-manager/1.4.0-SNAPSHOT/ozone-manager-1.4.0-SNAPSHOT-tests.jar:/home/runner/.m2/repository/org/apache/ozone/hdds-common/1.4.0-SNAPSHOT/hdds-common-1.4.0-SNAPSHOT-tests.jar:/home/runner/.m2/repository/org/apache/ozone/hdds-hadoop-dependency-client/1.4.0-SNAPSHOT/hdds-hadoop-dependency-client-1.4.0-SNAPSHOT.jar:/home/runner/.m2/repository/info/picocli/picocli/4.6.1/picocli-4.6.1.jar:/home/runner/.m2/repository/com/fasterxml/jackson/core/jackson-annotations/2.13.4/jackson-annotations-2.13.4.jar:/home/runner/.m2/repository/org/apache/ozone/hdds-annotation-processing/1.4.0-SNAPSHOT/hdds-annotation-processing-1.4.0-SNAPSHOT.jar:/home/runner/.m2/repository/javax/annotation/javax.annotation-api/1.2/javax.annotation-api-1.2.jar:/home/runner/.m2/repository/org/apache/ratis/ratis-netty/2.5.1/ratis-netty-2.5.1.jar:/home/runner/.m2/repository/org/apache/ratis/ratis-grpc/2.5.1/ratis-grpc-2.5.1.jar:/home/runner/.m2/repository/org/apache/commons/commons-pool2/2.6.0/commons-pool2-2.6.0.jar:/home/runner/.m2/repository/org/bouncycastle/bcpkix-jdk15on/1.67/bcpkix-jdk15on-1.67.jar:/home/runner/.m2/repository/commons-validator/commons-validator/1.6/commons-validator-1.6.jar:/home/runner/.m2/repository/commons-beanutils/commons-beanutils/1.9.4/commons-beanutils-1.9.4.jar:/home/runner/.m2/repository/commons-digester/commons-digester/1.8.1/commons-digester-1.8.1.jar:/home/runner/.m2/repository/commons-collections/commons-collections/3.2.2/commons-collections-3.2.2.jar:/home/runner/.m2/repository/io/jaegertracing/jaeger-client/1.6.0/jaeger-client-1.6.0.jar:/home/runner/.m2/repository/io/jaegertracing/jaeger-thrift/1.6.0/jaeger-thrift-1.6.0.jar:/home/runner/.m2/repository/org/apache/thrift/libthrift/0.14.1/libthrift-0.14.1.jar:/home/runner/.m2/repository/io/jaegertracing/jaeger-core/1.6.0/jaeger-core-1.6.0.jar:/home/runner/.m2/repository/io/jaegertracing/jaeger-tracerresolver/1.6.0/jaeger-tracerresolver-1.6.0.jar:/home/runner/.m2/repository/io/opentracing/contrib/opentracing-tracerresolver/0.1.8/opentracing-tracerresolver-0.1.8.jar:/home/runner/.m2/repository/org/jetbrains/kotlin/kotlin-stdlib/1.6.21/kotlin-stdlib-1.6.21.jar:/home/runner/.m2/repository/org/jetbrains/annotations/13.0/annotations-13.0.jar:/home/runner/.m2/repository/io/opentracing/opentracing-util/0.33.0/opentracing-util-0.33.0.jar:/home/runner/.m2/repository/io/opentracing/opentracing-api/0.33.0/opentracing-api-0.33.0.jar:/home/runner/.m2/repository/io/opentracing/opentracing-noop/0.33.0/opentracing-noop-0.33.0.jar:/home/runner/.m2/repository/org/yaml/snakeyaml/2.0/snakeyaml-2.0.jar:/home/runner/.m2/repository/io/grpc/grpc-api/1.51.1/grpc-api-1.51.1.jar:/home/runner/.m2/repository/io/grpc/grpc-context/1.51.1/grpc-context-1.51.1.jar:/home/runner/.m2/repository/junit/junit/4.13.1/junit-4.13.1.jar:/home/runner/.m2/repository/org/hamcrest/hamcrest-core/1.3/hamcrest-core-1.3.jar:/home/runner/.m2/repository/org/junit/jupiter/junit-jupiter-api/5.8.2/junit-jupiter-api-5.8.2.jar:/home/runner/.m2/repository/org/opentest4j/opentest4j/1.2.0/opentest4j-1.2.0.jar:/home/runner/.m2/repository/org/junit/platform/junit-platform-commons/1.8.2/junit-platform-commons-1.8.2.jar:/home/runner/.m2/repository/org/apiguardian/apiguardian-api/1.1.2/apiguardian-api-1.1.2.jar:/home/runner/.m2/repository/org/junit/jupiter/junit-jupiter-params/5.8.2/junit-jupiter-params-5.8.2.jar:/home/runner/.m2/repository/org/junit/jupiter/junit-jupiter-migrationsupport/5.8.2/junit-jupiter-migrationsupport-5.8.2.jar:/home/runner/.m2/repository/org/junit/jupiter/junit-jupiter-engine/5.8.2/junit-jupiter-engine-5.8.2.jar:/home/runner/.m2/repository/org/junit/platform/junit-platform-engine/1.8.2/junit-platform-engine-1.8.2.jar:/home/runner/.m2/repository/org/junit/vintage/junit-vintage-engine/5.8.2/junit-vintage-engine-5.8.2.jar:/home/runner/.m2/repository/org/junit/platform/junit-platform-launcher/1.8.2/junit-platform-launcher-1.8.2.jar:/home/runner/.m2/repository/org/mockito/mockito-core/3.5.9/mockito-core-3.5.9.jar:/home/runner/.m2/repository/net/bytebuddy/byte-buddy/1.10.13/byte-buddy-1.10.13.jar:/home/runner/.m2/repository/net/bytebuddy/byte-buddy-agent/1.10.13/byte-buddy-agent-1.10.13.jar:/home/runner/.m2/repository/org/objenesis/objenesis/1.0/objenesis-1.0.jar:/home/runner/.m2/repository/org/apache/hadoop/hadoop-kms/3.3.6/hadoop-kms-3.3.6.jar:/home/runner/.m2/repository/org/apache/hadoop/hadoop-auth/3.3.6/hadoop-auth-3.3.6.jar:/home/runner/.m2/repository/com/nimbusds/nimbus-jose-jwt/9.8.1/nimbus-jose-jwt-9.8.1.jar:/home/runner/.m2/repository/com/github/stephenc/jcip/jcip-annotations/1.0-1/jcip-annotations-1.0-1.jar:/home/runner/.m2/repository/org/apache/zookeeper/zookeeper/3.5.6/zookeeper-3.5.6.jar:/home/runner/.m2/repository/org/apache/zookeeper/zookeeper-jute/3.5.6/zookeeper-jute-3.5.6.jar:/home/runner/.m2/repository/org/apache/yetus/audience-annotations/0.5.0/audience-annotations-0.5.0.jar:/home/runner/.m2/repository/org/apache/curator/curator-framework/4.2.0/curator-framework-4.2.0.jar:/home/runner/.m2/repository/org/apache/hadoop/thirdparty/hadoop-shaded-guava/1.1.1/hadoop-shaded-guava-1.1.1.jar:/home/runner/.m2/repository/com/sun/jersey/jersey-core/1.19/jersey-core-1.19.jar:/home/runner/.m2/repository/javax/ws/rs/jsr311-api/1.1.1/jsr311-api-1.1.1.jar:/home/runner/.m2/repository/com/sun/jersey/jersey-server/1.19/jersey-server-1.19.jar:/home/runner/.m2/repository/javax/servlet/javax.servlet-api/3.1.0/javax.servlet-api-3.1.0.jar:/home/runner/.m2/repository/org/apache/hadoop/hadoop-common/3.3.6/hadoop-common-3.3.6.jar:/home/runner/.m2/repository/org/apache/commons/commons-math3/3.1.1/commons-math3-3.1.1.jar:/home/runner/.m2/repository/commons-net/commons-net/3.9.0/commons-net-3.9.0.jar:/home/runner/.m2/repository/com/sun/jersey/jersey-servlet/1.19/jersey-servlet-1.19.jar:/home/runner/.m2/repository/com/github/pjfanning/jersey-json/1.20/jersey-json-1.20.jar:/home/runner/.m2/repository/org/codehaus/jettison/jettison/1.1/jettison-1.1.jar:/home/runner/.m2/repository/com/sun/xml/bind/jaxb-impl/2.2.3-1/jaxb-impl-2.2.3-1.jar:/home/runner/.m2/repository/com/google/re2j/re2j/1.1/re2j-1.1.jar:/home/runner/.m2/repository/com/jcraft/jsch/0.1.54/jsch-0.1.54.jar:/home/runner/.m2/repository/org/apache/curator/curator-client/4.2.0/curator-client-4.2.0.jar:/home/runner/.m2/repository/org/apache/curator/curator-recipes/5.2.0/curator-recipes-5.2.0.jar:/home/runner/.m2/repository/org/apache/kerby/kerb-core/1.0.1/kerb-core-1.0.1.jar:/home/runner/.m2/repository/org/apache/kerby/kerby-pkix/1.0.1/kerby-pkix-1.0.1.jar:/home/runner/.m2/repository/org/apache/kerby/kerby-asn1/1.0.1/kerby-asn1-1.0.1.jar:/home/runner/.m2/repository/org/apache/kerby/kerby-util/1.0.1/kerby-util-1.0.1.jar:/home/runner/.m2/repository/dnsjava/dnsjava/2.1.7/dnsjava-2.1.7.jar:/home/runner/.m2/repository/org/xerial/snappy/snappy-java/1.1.8.2/snappy-java-1.1.8.2.jar:/home/runner/.m2/repository/com/fasterxml/jackson/core/jackson-databind/2.13.4.2/jackson-databind-2.13.4.2.jar:/home/runner/.m2/repository/org/apache/hadoop/hadoop-kms/3.3.6/hadoop-kms-3.3.6-tests.jar:/home/runner/.m2/repository/org/apache/ozone/hdds-server-scm/1.4.0-SNAPSHOT/hdds-server-scm-1.4.0-SNAPSHOT-tests.jar:/home/runner/.m2/repository/org/apache/ozone/hdds-container-service/1.4.0-SNAPSHOT/hdds-container-service-1.4.0-SNAPSHOT-tests.jar:/home/runner/.m2/repository/com/github/luben/zstd-jni/1.5.2-5/zstd-jni-1.5.2-5.jar:/home/runner/.m2/repository/commons-codec/commons-codec/1.15/commons-codec-1.15.jar:/home/runner/.m2/repository/io/netty/netty-codec/4.1.94.Final/netty-codec-4.1.94.Final.jar:/home/runner/.m2/repository/io/netty/netty-handler/4.1.94.Final/netty-handler-4.1.94.Final.jar:/home/runner/.m2/repository/org/apache/ozone/hdds-hadoop-dependency-test/1.4.0-SNAPSHOT/hdds-hadoop-dependency-test-1.4.0-SNAPSHOT.jar:/home/runner/.m2/repository/org/apache/hadoop/hadoop-common/3.3.6/hadoop-common-3.3.6-tests.jar:/home/runner/.m2/repository/org/apache/hadoop/hadoop-hdfs/3.3.6/hadoop-hdfs-3.3.6-tests.jar:/home/runner/.m2/repository/org/assertj/assertj-core/3.12.2/assertj-core-3.12.2.jar:/home/runner/.m2/repository/org/apache/hadoop/hadoop-distcp/3.3.6/hadoop-distcp-3.3.6.jar:/home/runner/.m2/repository/org/apache/hadoop/hadoop-mapreduce-client-jobclient/3.3.6/hadoop-mapreduce-client-jobclient-3.3.6.jar:/home/runner/.m2/repository/org/apache/hadoop/hadoop-mapreduce-client-common/3.3.6/hadoop-mapreduce-client-common-3.3.6.jar:/home/runner/.m2/repository/org/apache/hadoop/hadoop-yarn-common/3.3.6/hadoop-yarn-common-3.3.6.jar:/home/runner/.m2/repository/org/apache/hadoop/hadoop-yarn-api/3.3.6/hadoop-yarn-api-3.3.6.jar:/home/runner/.m2/repository/com/sun/jersey/contribs/jersey-guice/1.19/jersey-guice-1.19.jar:/home/runner/.m2/repository/com/fasterxml/jackson/jaxrs/jackson-jaxrs-json-provider/2.13.4/jackson-jaxrs-json-provider-2.13.4.jar:/home/runner/.m2/repository/com/fasterxml/jackson/jaxrs/jackson-jaxrs-base/2.13.4/jackson-jaxrs-base-2.13.4.jar:/home/runner/.m2/repository/org/apache/hadoop/hadoop-yarn-client/3.3.6/hadoop-yarn-client-3.3.6.jar:/home/runner/.m2/repository/org/eclipse/jetty/websocket/websocket-client/9.4.51.v20230217/websocket-client-9.4.51.v20230217.jar:/home/runner/.m2/repository/org/eclipse/jetty/websocket/websocket-common/9.4.51.v20230217/websocket-common-9.4.51.v20230217.jar:/home/runner/.m2/repository/org/eclipse/jetty/websocket/websocket-api/9.4.51.v20230217/websocket-api-9.4.51.v20230217.jar:/home/runner/.m2/repository/org/jline/jline/3.9.0/jline-3.9.0.jar:/home/runner/.m2/repository/org/apache/hadoop/hadoop-mapreduce-client-core/3.3.6/hadoop-mapreduce-client-core-3.3.6.jar:/home/runner/.m2/repository/org/apache/avro/avro/1.7.7/avro-1.7.7.jar:/home/runner/.m2/repository/com/thoughtworks/paranamer/paranamer/2.3/paranamer-2.3.jar:/home/runner/.m2/repository/org/apache/hadoop/hadoop-annotations/3.3.6/hadoop-annotations-3.3.6.jar:/usr/lib/jvm/temurin-8-jdk-amd64/jre/../lib/tools.jar:/home/runner/.m2/repository/io/netty/netty/3.10.6.Final/netty-3.10.6.Final.jar:/home/runner/.m2/repository/org/apache/hadoop/hadoop-distcp/3.3.6/hadoop-distcp-3.3.6-tests.jar:/home/runner/.m2/repository/org/slf4j/jul-to-slf4j/1.7.36/jul-to-slf4j-1.7.36.jar:"/>
    <property name="sun.cpu.endian" value="little"/>
    <property name="user.home" value="/home/runner"/>
    <property name="user.language" value="en"/>
    <property name="java.specification.vendor" value="Oracle Corporation"/>
    <property name="java.home" value="/usr/lib/jvm/temurin-8-jdk-amd64/jre"/>
    <property name="java.security.krb5.conf" value="/home/runner/work/ozone/ozone/hadoop-ozone/integration-test/target/test-classes/krb5.conf"/>
    <property name="basedir" value="/home/runner/work/ozone/ozone/hadoop-ozone/integration-test"/>
    <property name="file.separator" value="/"/>
    <property name="line.separator" value="&#10;"/>
    <property name="java.vm.specification.vendor" value="Oracle Corporation"/>
    <property name="java.specification.name" value="Java Platform API Specification"/>
    <property name="java.awt.graphicsenv" value="sun.awt.X11GraphicsEnvironment"/>
    <property name="skip.installnpx" value="true"/>
    <property name="surefire.real.class.path" value="/home/runner/work/ozone/ozone/hadoop-ozone/integration-test/target/surefire/surefirebooter609767716927170864.jar:/home/runner/.m2/repository/org/jacoco/org.jacoco.agent/0.8.5/org.jacoco.agent-0.8.5-runtime.jar"/>
    <property name="hadoop.log.dir" value="/home/runner/work/ozone/ozone/hadoop-ozone/integration-test/target/log"/>
    <property name="sun.boot.class.path" value="/usr/lib/jvm/temurin-8-jdk-amd64/jre/lib/resources.jar:/usr/lib/jvm/temurin-8-jdk-amd64/jre/lib/rt.jar:/usr/lib/jvm/temurin-8-jdk-amd64/jre/lib/sunrsasign.jar:/usr/lib/jvm/temurin-8-jdk-amd64/jre/lib/jsse.jar:/usr/lib/jvm/temurin-8-jdk-amd64/jre/lib/jce.jar:/usr/lib/jvm/temurin-8-jdk-amd64/jre/lib/charsets.jar:/usr/lib/jvm/temurin-8-jdk-amd64/jre/lib/jfr.jar:/usr/lib/jvm/temurin-8-jdk-amd64/jre/classes"/>
    <property name="sun.management.compiler" value="HotSpot 64-Bit Tiered Compilers"/>
    <property name="skip.npx" value="true"/>
    <property name="java.runtime.version" value="1.8.0_372-b07"/>
    <property name="java.net.preferIPv4Stack" value="true"/>
    <property name="user.name" value="runner"/>
    <property name="path.separator" value=":"/>
    <property name="java.security.egd" value="file:///dev/urandom"/>
    <property name="os.version" value="5.15.0-1041-azure"/>
    <property name="java.endorsed.dirs" value="/usr/lib/jvm/temurin-8-jdk-amd64/jre/lib/endorsed"/>
    <property name="java.runtime.name" value="OpenJDK Runtime Environment"/>
    <property name="file.encoding" value="UTF-8"/>
    <property name="java.vm.name" value="OpenJDK 64-Bit Server VM"/>
    <property name="test.build.webapps" value=""/>
    <property name="localRepository" value="/home/runner/.m2/repository"/>
    <property name="jetty.git.hash" value="b45c405e4544384de066f814ed42ae3dceacdd49"/>
    <property name="java.vendor.url.bug" value="https://github.com/adoptium/adoptium-support/issues"/>
    <property name="java.io.tmpdir" value="/tmp"/>
    <property name="require.test.libhadoop" value=""/>
    <property name="java.version" value="1.8.0_372"/>
    <property name="user.dir" value="/home/runner/work/ozone/ozone/hadoop-ozone/integration-test"/>
    <property name="os.arch" value="amd64"/>
    <property name="java.vm.specification.name" value="Java Virtual Machine Specification"/>
    <property name="test.build.classes" value="/home/runner/work/ozone/ozone/hadoop-ozone/integration-test/target/test-classes"/>
    <property name="java.awt.printerjob" value="sun.print.PSPrinterJob"/>
    <property name="sun.os.patch.level" value="unknown"/>
    <property name="org.apache.ratis.thirdparty.io.netty.allocator.useCacheForAllThreads" value="false"/>
    <property name="hadoop.tmp.dir" value="/home/runner/work/ozone/ozone/hadoop-ozone/integration-test/target/tmp"/>
    <property name="java.library.path" value="/usr/java/packages/lib/amd64:/usr/lib64:/lib64:/lib:/usr/lib"/>
    <property name="java.vm.info" value="mixed mode"/>
    <property name="java.vendor" value="Temurin"/>
    <property name="java.vm.version" value="25.372-b07"/>
    <property name="java.specification.maintenance.version" value="4"/>
    <property name="java.ext.dirs" value="/usr/lib/jvm/temurin-8-jdk-amd64/jre/lib/ext:/usr/java/packages/lib/ext"/>
    <property name="sun.io.unicode.encoding" value="UnicodeLittle"/>
    <property name="java.class.version" value="52.0"/>
  </properties>
  <testcase name="testDeleteKeyWithSlowFollower" classname="org.apache.hadoop.ozone.client.rpc.TestDeleteWithSlowFollower" time="107.574">
    <error type="java.util.concurrent.TimeoutException"><![CDATA[java.util.concurrent.TimeoutException: 
Timed out waiting for condition. Thread diagnostics:
Timestamp: 2023-07-26 07:48:22,937

"ChunkWriter-2-0" daemon prio=5 tid=280 in Object.wait()
java.lang.Thread.State: WAITING (on object monitor)
        at sun.misc.Unsafe.park(Native Method)
        at java.util.concurrent.locks.LockSupport.park(LockSupport.java:175)
        at java.util.concurrent.locks.AbstractQueuedSynchronizer$ConditionObject.await(AbstractQueuedSynchronizer.java:2039)
        at java.util.concurrent.LinkedBlockingDeque.takeFirst(LinkedBlockingDeque.java:492)
        at java.util.concurrent.LinkedBlockingDeque.take(LinkedBlockingDeque.java:680)
        at java.util.concurrent.ThreadPoolExecutor.getTask(ThreadPoolExecutor.java:1074)
        at java.util.concurrent.ThreadPoolExecutor.runWorker(ThreadPoolExecutor.java:1134)
        at java.util.concurrent.ThreadPoolExecutor$Worker.run(ThreadPoolExecutor.java:624)
        at java.lang.Thread.run(Thread.java:750)
"KeyDeletingService#0" daemon prio=5 tid=147 timed_waiting
java.lang.Thread.State: TIMED_WAITING
        at sun.misc.Unsafe.park(Native Method)
        at java.util.concurrent.locks.LockSupport.parkNanos(LockSupport.java:215)
        at java.util.concurrent.locks.AbstractQueuedSynchronizer$ConditionObject.awaitNanos(AbstractQueuedSynchronizer.java:2078)
        at java.util.concurrent.ScheduledThreadPoolExecutor$DelayedWorkQueue.take(ScheduledThreadPoolExecutor.java:1093)
        at java.util.concurrent.ScheduledThreadPoolExecutor$DelayedWorkQueue.take(ScheduledThreadPoolExecutor.java:809)
        at java.util.concurrent.ThreadPoolExecutor.getTask(ThreadPoolExecutor.java:1074)
        at java.util.concurrent.ThreadPoolExecutor.runWorker(ThreadPoolExecutor.java:1134)
        at java.util.concurrent.ThreadPoolExecutor$Worker.run(ThreadPoolExecutor.java:624)
        at java.lang.Thread.run(Thread.java:750)
"Socket Reader #1 for port 15004"  prio=5 tid=136 runnable
java.lang.Thread.State: RUNNABLE
        at sun.nio.ch.EPollArrayWrapper.epollWait(Native Method)
        at sun.nio.ch.EPollArrayWrapper.poll(EPollArrayWrapper.java:269)
        at sun.nio.ch.EPollSelectorImpl.doSelect(EPollSelectorImpl.java:93)
        at sun.nio.ch.SelectorImpl.lockAndDoSelect(SelectorImpl.java:86)
        at sun.nio.ch.SelectorImpl.select(SelectorImpl.java:97)
        at sun.nio.ch.SelectorImpl.select(SelectorImpl.java:101)
        at org.apache.hadoop.ipc.Server$Listener$Reader.doRunLoop(Server.java:1346)
        at org.apache.hadoop.ipc.Server$Listener$Reader.run(Server.java:1325)
"EventQueue-CloseContainerForCloseContainerEventHandler" daemon prio=5 tid=510 in Object.wait()
java.lang.Thread.State: WAITING (on object monitor)
        at sun.misc.Unsafe.park(Native Method)
        at java.util.concurrent.locks.LockSupport.park(LockSupport.java:175)
        at java.util.concurrent.locks.AbstractQueuedSynchronizer$ConditionObject.await(AbstractQueuedSynchronizer.java:2039)
        at java.util.concurrent.LinkedBlockingQueue.take(LinkedBlockingQueue.java:442)
        at java.util.concurrent.ThreadPoolExecutor.getTask(ThreadPoolExecutor.java:1074)
        at java.util.concurrent.ThreadPoolExecutor.runWorker(ThreadPoolExecutor.java:1134)
        at java.util.concurrent.ThreadPoolExecutor$Worker.run(ThreadPoolExecutor.java:624)
        at java.lang.Thread.run(Thread.java:750)
"IPC Server handler 7 on default port 15001" daemon prio=5 tid=76 timed_waiting
java.lang.Thread.State: TIMED_WAITING
        at sun.misc.Unsafe.park(Native Method)
        at java.util.concurrent.locks.LockSupport.parkNanos(LockSupport.java:215)
        at java.util.concurrent.locks.AbstractQueuedSynchronizer$ConditionObject.awaitNanos(AbstractQueuedSynchronizer.java:2078)
        at java.util.concurrent.LinkedBlockingQueue.poll(LinkedBlockingQueue.java:467)
        at org.apache.hadoop.ipc.CallQueueManager.take(CallQueueManager.java:317)
        at org.apache.hadoop.ipc.Server$Handler.run(Server.java:3014)
"BlockDeletingService#0" daemon prio=5 tid=302 in Object.wait()
java.lang.Thread.State: WAITING (on object monitor)
        at sun.misc.Unsafe.park(Native Method)
        at java.util.concurrent.locks.LockSupport.park(LockSupport.java:175)
        at java.util.concurrent.locks.AbstractQueuedSynchronizer$ConditionObject.await(AbstractQueuedSynchronizer.java:2039)
        at java.util.concurrent.ScheduledThreadPoolExecutor$DelayedWorkQueue.take(ScheduledThreadPoolExecutor.java:1088)
        at java.util.concurrent.ScheduledThreadPoolExecutor$DelayedWorkQueue.take(ScheduledThreadPoolExecutor.java:809)
        at java.util.concurrent.ThreadPoolExecutor.getTask(ThreadPoolExecutor.java:1074)
        at java.util.concurrent.ThreadPoolExecutor.runWorker(ThreadPoolExecutor.java:1134)
        at java.util.concurrent.ThreadPoolExecutor$Worker.run(ThreadPoolExecutor.java:624)
        at java.lang.Thread.run(Thread.java:750)
"IPC Server handler 15 on default port 15000" daemon prio=5 tid=64 timed_waiting
java.lang.Thread.State: TIMED_WAITING
        at sun.misc.Unsafe.park(Native Method)
        at java.util.concurrent.locks.LockSupport.parkNanos(LockSupport.java:215)
        at java.util.concurrent.locks.AbstractQueuedSynchronizer$ConditionObject.awaitNanos(AbstractQueuedSynchronizer.java:2078)
        at java.util.concurrent.LinkedBlockingQueue.poll(LinkedBlockingQueue.java:467)
        at org.apache.hadoop.ipc.CallQueueManager.take(CallQueueManager.java:317)
        at org.apache.hadoop.ipc.Server$Handler.run(Server.java:3014)
"ChunkWriter-1-0" daemon prio=5 tid=279 in Object.wait()
java.lang.Thread.State: WAITING (on object monitor)
        at sun.misc.Unsafe.park(Native Method)
        at java.util.concurrent.locks.LockSupport.park(LockSupport.java:175)
        at java.util.concurrent.locks.AbstractQueuedSynchronizer$ConditionObject.await(AbstractQueuedSynchronizer.java:2039)
        at java.util.concurrent.LinkedBlockingDeque.takeFirst(LinkedBlockingDeque.java:492)
        at java.util.concurrent.LinkedBlockingDeque.take(LinkedBlockingDeque.java:680)
        at java.util.concurrent.ThreadPoolExecutor.getTask(ThreadPoolExecutor.java:1074)
        at java.util.concurrent.ThreadPoolExecutor.runWorker(ThreadPoolExecutor.java:1134)
        at java.util.concurrent.ThreadPoolExecutor$Worker.run(ThreadPoolExecutor.java:624)
        at java.lang.Thread.run(Thread.java:750)
"FixedThreadPoolWithAffinityExecutor-4-0" daemon prio=5 tid=42 timed_waiting
java.lang.Thread.State: TIMED_WAITING
        at sun.misc.Unsafe.park(Native Method)
        at java.util.concurrent.locks.LockSupport.parkNanos(LockSupport.java:215)
        at java.util.concurrent.locks.AbstractQueuedSynchronizer$ConditionObject.awaitNanos(AbstractQueuedSynchronizer.java:2078)
        at java.util.concurrent.LinkedBlockingQueue.poll(LinkedBlockingQueue.java:467)
        at org.apache.hadoop.hdds.scm.server.ContainerReportQueue.poll(ContainerReportQueue.java:266)
        at org.apache.hadoop.hdds.scm.server.ContainerReportQueue.poll(ContainerReportQueue.java:42)
        at org.apache.hadoop.hdds.server.events.FixedThreadPoolWithAffinityExecutor$ContainerReportProcessTask.run(FixedThreadPoolWithAffinityExecutor.java:247)
        at java.util.concurrent.Executors$RunnableAdapter.call(Executors.java:511)
        at java.util.concurrent.FutureTask.run(FutureTask.java:266)
        at java.util.concurrent.ThreadPoolExecutor.runWorker(ThreadPoolExecutor.java:1149)
        at java.util.concurrent.ThreadPoolExecutor$Worker.run(ThreadPoolExecutor.java:624)
        at java.lang.Thread.run(Thread.java:750)
"ContainerOp-5bbdc32e-28b0-403e-8d78-1c7129a268b6-2"  prio=5 tid=501 in Object.wait()
java.lang.Thread.State: WAITING (on object monitor)
        at sun.misc.Unsafe.park(Native Method)
        at java.util.concurrent.locks.LockSupport.park(LockSupport.java:175)
        at java.util.concurrent.locks.AbstractQueuedSynchronizer$ConditionObject.await(AbstractQueuedSynchronizer.java:2039)
        at java.util.concurrent.LinkedBlockingQueue.take(LinkedBlockingQueue.java:442)
        at java.util.concurrent.ThreadPoolExecutor.getTask(ThreadPoolExecutor.java:1074)
        at java.util.concurrent.ThreadPoolExecutor.runWorker(ThreadPoolExecutor.java:1134)
        at java.util.concurrent.ThreadPoolExecutor$Worker.run(ThreadPoolExecutor.java:624)
        at java.lang.Thread.run(Thread.java:750)
"IPC Server handler 2 on default port 15002" daemon prio=5 tid=91 timed_waiting
java.lang.Thread.State: TIMED_WAITING
        at sun.misc.Unsafe.park(Native Method)
        at java.util.concurrent.locks.LockSupport.parkNanos(LockSupport.java:215)
        at java.util.concurrent.locks.AbstractQueuedSynchronizer$ConditionObject.awaitNanos(AbstractQueuedSynchronizer.java:2078)
        at java.util.concurrent.LinkedBlockingQueue.poll(LinkedBlockingQueue.java:467)
        at org.apache.hadoop.ipc.CallQueueManager.take(CallQueueManager.java:317)
        at org.apache.hadoop.ipc.Server$Handler.run(Server.java:3014)
"EventQueue-NodeReportForNodeReportHandler" daemon prio=5 tid=506 in Object.wait()
java.lang.Thread.State: WAITING (on object monitor)
        at sun.misc.Unsafe.park(Native Method)
        at java.util.concurrent.locks.LockSupport.park(LockSupport.java:175)
        at java.util.concurrent.locks.AbstractQueuedSynchronizer$ConditionObject.await(AbstractQueuedSynchronizer.java:2039)
        at java.util.concurrent.LinkedBlockingQueue.take(LinkedBlockingQueue.java:442)
        at java.util.concurrent.ThreadPoolExecutor.getTask(ThreadPoolExecutor.java:1074)
        at java.util.concurrent.ThreadPoolExecutor.runWorker(ThreadPoolExecutor.java:1134)
        at java.util.concurrent.ThreadPoolExecutor$Worker.run(ThreadPoolExecutor.java:624)
        at java.lang.Thread.run(Thread.java:750)
"Datanode ReportManager Thread - 4" daemon prio=5 tid=210 in Object.wait()
java.lang.Thread.State: WAITING (on object monitor)
        at sun.misc.Unsafe.park(Native Method)
        at java.util.concurrent.locks.LockSupport.park(LockSupport.java:175)
        at java.util.concurrent.locks.AbstractQueuedSynchronizer$ConditionObject.await(AbstractQueuedSynchronizer.java:2039)
        at java.util.concurrent.ScheduledThreadPoolExecutor$DelayedWorkQueue.take(ScheduledThreadPoolExecutor.java:1088)
        at java.util.concurrent.ScheduledThreadPoolExecutor$DelayedWorkQueue.take(ScheduledThreadPoolExecutor.java:809)
        at java.util.concurrent.ThreadPoolExecutor.getTask(ThreadPoolExecutor.java:1074)
        at java.util.concurrent.ThreadPoolExecutor.runWorker(ThreadPoolExecutor.java:1134)
        at java.util.concurrent.ThreadPoolExecutor$Worker.run(ThreadPoolExecutor.java:624)
        at java.lang.Thread.run(Thread.java:750)
"Datanode ReportManager Thread - 0" daemon prio=5 tid=206 in Object.wait()
java.lang.Thread.State: WAITING (on object monitor)
        at sun.misc.Unsafe.park(Native Method)
        at java.util.concurrent.locks.LockSupport.park(LockSupport.java:175)
        at java.util.concurrent.locks.AbstractQueuedSynchronizer$ConditionObject.await(AbstractQueuedSynchronizer.java:2039)
        at java.util.concurrent.ScheduledThreadPoolExecutor$DelayedWorkQueue.take(ScheduledThreadPoolExecutor.java:1088)
        at java.util.concurrent.ScheduledThreadPoolExecutor$DelayedWorkQueue.take(ScheduledThreadPoolExecutor.java:809)
        at java.util.concurrent.ThreadPoolExecutor.getTask(ThreadPoolExecutor.java:1074)
        at java.util.concurrent.ThreadPoolExecutor.runWorker(ThreadPoolExecutor.java:1134)
        at java.util.concurrent.ThreadPoolExecutor$Worker.run(ThreadPoolExecutor.java:624)
        at java.lang.Thread.run(Thread.java:750)
"BlockDeletingService#8" daemon prio=5 tid=313 in Object.wait()
java.lang.Thread.State: WAITING (on object monitor)
        at sun.misc.Unsafe.park(Native Method)
        at java.util.concurrent.locks.LockSupport.park(LockSupport.java:175)
        at java.util.concurrent.locks.AbstractQueuedSynchronizer$ConditionObject.await(AbstractQueuedSynchronizer.java:2039)
        at java.util.concurrent.ScheduledThreadPoolExecutor$DelayedWorkQueue.take(ScheduledThreadPoolExecutor.java:1088)
        at java.util.concurrent.ScheduledThreadPoolExecutor$DelayedWorkQueue.take(ScheduledThreadPoolExecutor.java:809)
        at java.util.concurrent.ThreadPoolExecutor.getTask(ThreadPoolExecutor.java:1074)
        at java.util.concurrent.ThreadPoolExecutor.runWorker(ThreadPoolExecutor.java:1134)
        at java.util.concurrent.ThreadPoolExecutor$Worker.run(ThreadPoolExecutor.java:624)
        at java.lang.Thread.run(Thread.java:750)
"IPC Server handler 9 on default port 15004" daemon prio=5 tid=171 timed_waiting
java.lang.Thread.State: TIMED_WAITING
        at sun.misc.Unsafe.park(Native Method)
        at java.util.concurrent.locks.LockSupport.parkNanos(LockSupport.java:215)
        at java.util.concurrent.locks.AbstractQueuedSynchronizer$ConditionObject.awaitNanos(AbstractQueuedSynchronizer.java:2078)
        at java.util.concurrent.LinkedBlockingQueue.poll(LinkedBlockingQueue.java:467)
        at org.apache.hadoop.ipc.CallQueueManager.take(CallQueueManager.java:317)
        at org.apache.hadoop.ipc.Server$Handler.run(Server.java:3014)
"Periodic HDDS volume checker" daemon prio=5 tid=293 timed_waiting
java.lang.Thread.State: TIMED_WAITING
        at sun.misc.Unsafe.park(Native Method)
        at java.util.concurrent.locks.LockSupport.parkNanos(LockSupport.java:215)
        at java.util.concurrent.locks.AbstractQueuedSynchronizer$ConditionObject.awaitNanos(AbstractQueuedSynchronizer.java:2078)
        at java.util.concurrent.ScheduledThreadPoolExecutor$DelayedWorkQueue.take(ScheduledThreadPoolExecutor.java:1093)
        at java.util.concurrent.ScheduledThreadPoolExecutor$DelayedWorkQueue.take(ScheduledThreadPoolExecutor.java:809)
        at java.util.concurrent.ThreadPoolExecutor.getTask(ThreadPoolExecutor.java:1074)
        at java.util.concurrent.ThreadPoolExecutor.runWorker(ThreadPoolExecutor.java:1134)
        at java.util.concurrent.ThreadPoolExecutor$Worker.run(ThreadPoolExecutor.java:624)
        at java.lang.Thread.run(Thread.java:750)
"qtp37816097-223" daemon prio=5 tid=223 timed_waiting
java.lang.Thread.State: TIMED_WAITING
        at sun.misc.Unsafe.park(Native Method)
        at java.util.concurrent.locks.LockSupport.parkNanos(LockSupport.java:215)
        at java.util.concurrent.locks.AbstractQueuedSynchronizer$ConditionObject.awaitNanos(AbstractQueuedSynchronizer.java:2078)
        at org.eclipse.jetty.util.BlockingArrayQueue.poll(BlockingArrayQueue.java:382)
        at org.eclipse.jetty.util.thread.QueuedThreadPool$Runner.idleJobPoll(QueuedThreadPool.java:974)
        at org.eclipse.jetty.util.thread.QueuedThreadPool$Runner.run(QueuedThreadPool.java:1018)
        at java.lang.Thread.run(Thread.java:750)
"IPC Server handler 15 on default port 15002" daemon prio=5 tid=104 timed_waiting
java.lang.Thread.State: TIMED_WAITING
        at sun.misc.Unsafe.park(Native Method)
        at java.util.concurrent.locks.LockSupport.parkNanos(LockSupport.java:215)
        at java.util.concurrent.locks.AbstractQueuedSynchronizer$ConditionObject.awaitNanos(AbstractQueuedSynchronizer.java:2078)
        at java.util.concurrent.LinkedBlockingQueue.poll(LinkedBlockingQueue.java:467)
        at org.apache.hadoop.ipc.CallQueueManager.take(CallQueueManager.java:317)
        at org.apache.hadoop.ipc.Server$Handler.run(Server.java:3014)
"IPC Server handler 3 on default port 15000" daemon prio=5 tid=52 timed_waiting
java.lang.Thread.State: TIMED_WAITING
        at sun.misc.Unsafe.park(Native Method)
        at java.util.concurrent.locks.LockSupport.parkNanos(LockSupport.java:215)
        at java.util.concurrent.locks.AbstractQueuedSynchronizer$ConditionObject.awaitNanos(AbstractQueuedSynchronizer.java:2078)
        at java.util.concurrent.LinkedBlockingQueue.poll(LinkedBlockingQueue.java:467)
        at org.apache.hadoop.ipc.CallQueueManager.take(CallQueueManager.java:317)
        at org.apache.hadoop.ipc.Server$Handler.run(Server.java:3014)
"IPC Server handler 13 on default port 15002" daemon prio=5 tid=102 timed_waiting
java.lang.Thread.State: TIMED_WAITING
        at sun.misc.Unsafe.park(Native Method)
        at java.util.concurrent.locks.LockSupport.parkNanos(LockSupport.java:215)
        at java.util.concurrent.locks.AbstractQueuedSynchronizer$ConditionObject.awaitNanos(AbstractQueuedSynchronizer.java:2078)
        at java.util.concurrent.LinkedBlockingQueue.poll(LinkedBlockingQueue.java:467)
        at org.apache.hadoop.ipc.CallQueueManager.take(CallQueueManager.java:317)
        at org.apache.hadoop.ipc.Server$Handler.run(Server.java:3014)
"EventQueue-PipelineReportForOneReplicaPipelineSafeModeRule" daemon prio=5 tid=346 in Object.wait()
java.lang.Thread.State: WAITING (on object monitor)
        at sun.misc.Unsafe.park(Native Method)
        at java.util.concurrent.locks.LockSupport.park(LockSupport.java:175)
        at java.util.concurrent.locks.AbstractQueuedSynchronizer$ConditionObject.await(AbstractQueuedSynchronizer.java:2039)
        at java.util.concurrent.LinkedBlockingQueue.take(LinkedBlockingQueue.java:442)
        at java.util.concurrent.ThreadPoolExecutor.getTask(ThreadPoolExecutor.java:1074)
        at java.util.concurrent.ThreadPoolExecutor.runWorker(ThreadPoolExecutor.java:1134)
        at java.util.concurrent.ThreadPoolExecutor$Worker.run(ThreadPoolExecutor.java:624)
        at java.lang.Thread.run(Thread.java:750)
"StaleRecoveringContainerScrubbingService#1" daemon prio=5 tid=287 timed_waiting
java.lang.Thread.State: TIMED_WAITING
        at sun.misc.Unsafe.park(Native Method)
        at java.util.concurrent.locks.LockSupport.parkNanos(LockSupport.java:215)
        at java.util.concurrent.locks.AbstractQueuedSynchronizer$ConditionObject.awaitNanos(AbstractQueuedSynchronizer.java:2078)
        at java.util.concurrent.ScheduledThreadPoolExecutor$DelayedWorkQueue.take(ScheduledThreadPoolExecutor.java:1093)
        at java.util.concurrent.ScheduledThreadPoolExecutor$DelayedWorkQueue.take(ScheduledThreadPoolExecutor.java:809)
        at java.util.concurrent.ThreadPoolExecutor.getTask(ThreadPoolExecutor.java:1074)
        at java.util.concurrent.ThreadPoolExecutor.runWorker(ThreadPoolExecutor.java:1134)
        at java.util.concurrent.ThreadPoolExecutor$Worker.run(ThreadPoolExecutor.java:624)
        at java.lang.Thread.run(Thread.java:750)
"qtp689391924-153" daemon prio=5 tid=153 runnable
java.lang.Thread.State: RUNNABLE
        at sun.nio.ch.EPollArrayWrapper.epollWait(Native Method)
        at sun.nio.ch.EPollArrayWrapper.poll(EPollArrayWrapper.java:269)
        at sun.nio.ch.EPollSelectorImpl.doSelect(EPollSelectorImpl.java:93)
        at sun.nio.ch.SelectorImpl.lockAndDoSelect(SelectorImpl.java:86)
        at sun.nio.ch.SelectorImpl.select(SelectorImpl.java:97)
        at sun.nio.ch.SelectorImpl.select(SelectorImpl.java:101)
        at org.eclipse.jetty.io.ManagedSelector.nioSelect(ManagedSelector.java:183)
        at org.eclipse.jetty.io.ManagedSelector.select(ManagedSelector.java:190)
        at org.eclipse.jetty.io.ManagedSelector$SelectorProducer.select(ManagedSelector.java:606)
        at org.eclipse.jetty.io.ManagedSelector$SelectorProducer.produce(ManagedSelector.java:543)
        at org.eclipse.jetty.util.thread.strategy.EatWhatYouKill.produceTask(EatWhatYouKill.java:362)
        at org.eclipse.jetty.util.thread.strategy.EatWhatYouKill.doProduce(EatWhatYouKill.java:186)
        at org.eclipse.jetty.util.thread.strategy.EatWhatYouKill.tryProduce(EatWhatYouKill.java:173)
        at org.eclipse.jetty.util.thread.strategy.EatWhatYouKill.produce(EatWhatYouKill.java:137)
        at org.eclipse.jetty.io.ManagedSelector$$Lambda$441/434123672.run(Unknown Source)
        at org.eclipse.jetty.util.thread.QueuedThreadPool.runJob(QueuedThreadPool.java:883)
        at org.eclipse.jetty.util.thread.QueuedThreadPool$Runner.run(QueuedThreadPool.java:1034)
        at java.lang.Thread.run(Thread.java:750)
"IPC Server handler 2 on default port 15000" daemon prio=5 tid=51 timed_waiting
java.lang.Thread.State: TIMED_WAITING
        at sun.misc.Unsafe.park(Native Method)
        at java.util.concurrent.locks.LockSupport.parkNanos(LockSupport.java:215)
        at java.util.concurrent.locks.AbstractQueuedSynchronizer$ConditionObject.awaitNanos(AbstractQueuedSynchronizer.java:2078)
        at java.util.concurrent.LinkedBlockingQueue.poll(LinkedBlockingQueue.java:467)
        at org.apache.hadoop.ipc.CallQueueManager.take(CallQueueManager.java:317)
        at org.apache.hadoop.ipc.Server$Handler.run(Server.java:3014)
"Datanode ReportManager Thread - 2" daemon prio=5 tid=237 in Object.wait()
java.lang.Thread.State: WAITING (on object monitor)
        at sun.misc.Unsafe.park(Native Method)
        at java.util.concurrent.locks.LockSupport.park(LockSupport.java:175)
        at java.util.concurrent.locks.AbstractQueuedSynchronizer$ConditionObject.await(AbstractQueuedSynchronizer.java:2039)
        at java.util.concurrent.ScheduledThreadPoolExecutor$DelayedWorkQueue.take(ScheduledThreadPoolExecutor.java:1088)
        at java.util.concurrent.ScheduledThreadPoolExecutor$DelayedWorkQueue.take(ScheduledThreadPoolExecutor.java:809)
        at java.util.concurrent.ThreadPoolExecutor.getTask(ThreadPoolExecutor.java:1074)
        at java.util.concurrent.ThreadPoolExecutor.runWorker(ThreadPoolExecutor.java:1134)
        at java.util.concurrent.ThreadPoolExecutor$Worker.run(ThreadPoolExecutor.java:624)
        at java.lang.Thread.run(Thread.java:750)
"ChunkWriter-0-0" daemon prio=5 tid=296 in Object.wait()
java.lang.Thread.State: WAITING (on object monitor)
        at sun.misc.Unsafe.park(Native Method)
        at java.util.concurrent.locks.LockSupport.park(LockSupport.java:175)
        at java.util.concurrent.locks.AbstractQueuedSynchronizer$ConditionObject.await(AbstractQueuedSynchronizer.java:2039)
        at java.util.concurrent.LinkedBlockingDeque.takeFirst(LinkedBlockingDeque.java:492)
        at java.util.concurrent.LinkedBlockingDeque.take(LinkedBlockingDeque.java:680)
        at java.util.concurrent.ThreadPoolExecutor.getTask(ThreadPoolExecutor.java:1074)
        at java.util.concurrent.ThreadPoolExecutor.runWorker(ThreadPoolExecutor.java:1134)
        at java.util.concurrent.ThreadPoolExecutor$Worker.run(ThreadPoolExecutor.java:624)
        at java.lang.Thread.run(Thread.java:750)
"IPC Server handler 7 on default port 15004" daemon prio=5 tid=169 timed_waiting
java.lang.Thread.State: TIMED_WAITING
        at sun.misc.Unsafe.park(Native Method)
        at java.util.concurrent.locks.LockSupport.parkNanos(LockSupport.java:215)
        at java.util.concurrent.locks.AbstractQueuedSynchronizer$ConditionObject.awaitNanos(AbstractQueuedSynchronizer.java:2078)
        at java.util.concurrent.LinkedBlockingQueue.poll(LinkedBlockingQueue.java:467)
        at org.apache.hadoop.ipc.CallQueueManager.take(CallQueueManager.java:317)
        at org.apache.hadoop.ipc.Server$Handler.run(Server.java:3014)
"SstFilteringService#0" daemon prio=5 tid=150 timed_waiting
java.lang.Thread.State: TIMED_WAITING
        at sun.misc.Unsafe.park(Native Method)
        at java.util.concurrent.locks.LockSupport.parkNanos(LockSupport.java:215)
        at java.util.concurrent.locks.AbstractQueuedSynchronizer$ConditionObject.awaitNanos(AbstractQueuedSynchronizer.java:2078)
        at java.util.concurrent.ScheduledThreadPoolExecutor$DelayedWorkQueue.take(ScheduledThreadPoolExecutor.java:1093)
        at java.util.concurrent.ScheduledThreadPoolExecutor$DelayedWorkQueue.take(ScheduledThreadPoolExecutor.java:809)
        at java.util.concurrent.ThreadPoolExecutor.getTask(ThreadPoolExecutor.java:1074)
        at java.util.concurrent.ThreadPoolExecutor.runWorker(ThreadPoolExecutor.java:1134)
        at java.util.concurrent.ThreadPoolExecutor$Worker.run(ThreadPoolExecutor.java:624)
        at java.lang.Thread.run(Thread.java:750)
"Datanode State Machine Task Thread - 0"  prio=5 tid=212 in Object.wait()
java.lang.Thread.State: WAITING (on object monitor)
        at sun.misc.Unsafe.park(Native Method)
        at java.util.concurrent.locks.LockSupport.park(LockSupport.java:175)
        at java.util.concurrent.locks.AbstractQueuedSynchronizer$ConditionObject.await(AbstractQueuedSynchronizer.java:2039)
        at java.util.concurrent.LinkedBlockingQueue.take(LinkedBlockingQueue.java:442)
        at java.util.concurrent.ThreadPoolExecutor.getTask(ThreadPoolExecutor.java:1074)
        at java.util.concurrent.ThreadPoolExecutor.runWorker(ThreadPoolExecutor.java:1134)
        at java.util.concurrent.ThreadPoolExecutor$Worker.run(ThreadPoolExecutor.java:624)
        at java.lang.Thread.run(Thread.java:750)
"Command processor thread" daemon prio=5 tid=240 timed_waiting
java.lang.Thread.State: TIMED_WAITING
        at java.lang.Thread.sleep(Native Method)
        at org.apache.hadoop.ozone.container.common.statemachine.DatanodeStateMachine.lambda$initCommandHandlerThread$3(DatanodeStateMachine.java:666)
        at org.apache.hadoop.ozone.container.common.statemachine.DatanodeStateMachine$$Lambda$931/836086657.run(Unknown Source)
        at java.lang.Thread.run(Thread.java:750)
"FixedThreadPoolWithAffinityExecutor-7-0" daemon prio=5 tid=45 timed_waiting
java.lang.Thread.State: TIMED_WAITING
        at sun.misc.Unsafe.park(Native Method)
        at java.util.concurrent.locks.LockSupport.parkNanos(LockSupport.java:215)
        at java.util.concurrent.locks.AbstractQueuedSynchronizer$ConditionObject.awaitNanos(AbstractQueuedSynchronizer.java:2078)
        at java.util.concurrent.LinkedBlockingQueue.poll(LinkedBlockingQueue.java:467)
        at org.apache.hadoop.hdds.scm.server.ContainerReportQueue.poll(ContainerReportQueue.java:266)
        at org.apache.hadoop.hdds.scm.server.ContainerReportQueue.poll(ContainerReportQueue.java:42)
        at org.apache.hadoop.hdds.server.events.FixedThreadPoolWithAffinityExecutor$ContainerReportProcessTask.run(FixedThreadPoolWithAffinityExecutor.java:247)
        at java.util.concurrent.Executors$RunnableAdapter.call(Executors.java:511)
        at java.util.concurrent.FutureTask.run(FutureTask.java:266)
        at java.util.concurrent.ThreadPoolExecutor.runWorker(ThreadPoolExecutor.java:1149)
        at java.util.concurrent.ThreadPoolExecutor$Worker.run(ThreadPoolExecutor.java:624)
        at java.lang.Thread.run(Thread.java:750)
"om1@group-C5BA1605619E-StateMachineUpdater" daemon prio=5 tid=143 timed_waiting
java.lang.Thread.State: TIMED_WAITING
        at sun.misc.Unsafe.park(Native Method)
        at java.util.concurrent.locks.LockSupport.parkNanos(LockSupport.java:215)
        at java.util.concurrent.locks.AbstractQueuedSynchronizer$ConditionObject.await(AbstractQueuedSynchronizer.java:2163)
        at org.apache.ratis.util.AwaitForSignal.await(AwaitForSignal.java:62)
        at org.apache.ratis.server.impl.StateMachineUpdater.waitForCommit(StateMachineUpdater.java:209)
        at org.apache.ratis.server.impl.StateMachineUpdater.run(StateMachineUpdater.java:178)
        at java.lang.Thread.run(Thread.java:750)
"FullTableCache Cleanup Thread - 0" daemon prio=5 tid=439 in Object.wait()
java.lang.Thread.State: WAITING (on object monitor)
        at sun.misc.Unsafe.park(Native Method)
        at java.util.concurrent.locks.LockSupport.park(LockSupport.java:175)
        at java.util.concurrent.locks.AbstractQueuedSynchronizer$ConditionObject.await(AbstractQueuedSynchronizer.java:2039)
        at java.util.concurrent.LinkedBlockingQueue.take(LinkedBlockingQueue.java:442)
        at java.util.concurrent.ThreadPoolExecutor.getTask(ThreadPoolExecutor.java:1074)
        at java.util.concurrent.ThreadPoolExecutor.runWorker(ThreadPoolExecutor.java:1134)
        at java.util.concurrent.ThreadPoolExecutor$Worker.run(ThreadPoolExecutor.java:624)
        at java.lang.Thread.run(Thread.java:750)
"IPC Server handler 19 on default port 15001" daemon prio=5 tid=88 timed_waiting
java.lang.Thread.State: TIMED_WAITING
        at sun.misc.Unsafe.park(Native Method)
        at java.util.concurrent.locks.LockSupport.parkNanos(LockSupport.java:215)
        at java.util.concurrent.locks.AbstractQueuedSynchronizer$ConditionObject.awaitNanos(AbstractQueuedSynchronizer.java:2078)
        at java.util.concurrent.LinkedBlockingQueue.poll(LinkedBlockingQueue.java:467)
        at org.apache.hadoop.ipc.CallQueueManager.take(CallQueueManager.java:317)
        at org.apache.hadoop.ipc.Server$Handler.run(Server.java:3014)
"BlockDeletingService#6" daemon prio=5 tid=307 in Object.wait()
java.lang.Thread.State: WAITING (on object monitor)
        at sun.misc.Unsafe.park(Native Method)
        at java.util.concurrent.locks.LockSupport.park(LockSupport.java:175)
        at java.util.concurrent.locks.AbstractQueuedSynchronizer$ConditionObject.await(AbstractQueuedSynchronizer.java:2039)
        at java.util.concurrent.ScheduledThreadPoolExecutor$DelayedWorkQueue.take(ScheduledThreadPoolExecutor.java:1088)
        at java.util.concurrent.ScheduledThreadPoolExecutor$DelayedWorkQueue.take(ScheduledThreadPoolExecutor.java:809)
        at java.util.concurrent.ThreadPoolExecutor.getTask(ThreadPoolExecutor.java:1074)
        at java.util.concurrent.ThreadPoolExecutor.runWorker(ThreadPoolExecutor.java:1134)
        at java.util.concurrent.ThreadPoolExecutor$Worker.run(ThreadPoolExecutor.java:624)
        at java.lang.Thread.run(Thread.java:750)
"IPC Server idle connection scanner for port 15002" daemon prio=5 tid=25 timed_waiting
java.lang.Thread.State: TIMED_WAITING
        at java.lang.Object.wait(Native Method)
        at java.util.TimerThread.mainLoop(Timer.java:552)
        at java.util.TimerThread.run(Timer.java:505)
"IPC Server handler 11 on default port 15000" daemon prio=5 tid=60 timed_waiting
java.lang.Thread.State: TIMED_WAITING
        at sun.misc.Unsafe.park(Native Method)
        at java.util.concurrent.locks.LockSupport.parkNanos(LockSupport.java:215)
        at java.util.concurrent.locks.AbstractQueuedSynchronizer$ConditionObject.awaitNanos(AbstractQueuedSynchronizer.java:2078)
        at java.util.concurrent.LinkedBlockingQueue.poll(LinkedBlockingQueue.java:467)
        at org.apache.hadoop.ipc.CallQueueManager.take(CallQueueManager.java:317)
        at org.apache.hadoop.ipc.Server$Handler.run(Server.java:3014)
"qtp151060420-115" daemon prio=5 tid=115 timed_waiting
java.lang.Thread.State: TIMED_WAITING
        at sun.misc.Unsafe.park(Native Method)
        at java.util.concurrent.locks.LockSupport.parkNanos(LockSupport.java:215)
        at java.util.concurrent.locks.AbstractQueuedSynchronizer$ConditionObject.awaitNanos(AbstractQueuedSynchronizer.java:2078)
        at org.eclipse.jetty.util.BlockingArrayQueue.poll(BlockingArrayQueue.java:382)
        at org.eclipse.jetty.util.thread.QueuedThreadPool$Runner.idleJobPoll(QueuedThreadPool.java:974)
        at org.eclipse.jetty.util.thread.QueuedThreadPool$Runner.run(QueuedThreadPool.java:1018)
        at java.lang.Thread.run(Thread.java:750)
"IPC Server handler 18 on default port 15000" daemon prio=5 tid=67 timed_waiting
java.lang.Thread.State: TIMED_WAITING
        at sun.misc.Unsafe.park(Native Method)
        at java.util.concurrent.locks.LockSupport.parkNanos(LockSupport.java:215)
        at java.util.concurrent.locks.AbstractQueuedSynchronizer$ConditionObject.awaitNanos(AbstractQueuedSynchronizer.java:2078)
        at java.util.concurrent.LinkedBlockingQueue.poll(LinkedBlockingQueue.java:467)
        at org.apache.hadoop.ipc.CallQueueManager.take(CallQueueManager.java:317)
        at org.apache.hadoop.ipc.Server$Handler.run(Server.java:3014)
"Over Replicated Processor" daemon prio=5 tid=20 timed_waiting
java.lang.Thread.State: TIMED_WAITING
        at java.lang.Object.wait(Native Method)
        at org.apache.hadoop.hdds.scm.container.replication.UnhealthyReplicationProcessor.run(UnhealthyReplicationProcessor.java:174)
        at java.lang.Thread.run(Thread.java:750)
"ContainerOp-5bbdc32e-28b0-403e-8d78-1c7129a268b6-0"  prio=5 tid=492 in Object.wait()
java.lang.Thread.State: WAITING (on object monitor)
        at sun.misc.Unsafe.park(Native Method)
        at java.util.concurrent.locks.LockSupport.park(LockSupport.java:175)
        at java.util.concurrent.locks.AbstractQueuedSynchronizer$ConditionObject.await(AbstractQueuedSynchronizer.java:2039)
        at java.util.concurrent.LinkedBlockingQueue.take(LinkedBlockingQueue.java:442)
        at java.util.concurrent.ThreadPoolExecutor.getTask(ThreadPoolExecutor.java:1074)
        at java.util.concurrent.ThreadPoolExecutor.runWorker(ThreadPoolExecutor.java:1134)
        at java.util.concurrent.ThreadPoolExecutor$Worker.run(ThreadPoolExecutor.java:624)
        at java.lang.Thread.run(Thread.java:750)
"JvmPauseMonitor3" daemon prio=5 tid=300 timed_waiting
java.lang.Thread.State: TIMED_WAITING
        at java.lang.Thread.sleep(Native Method)
        at java.lang.Thread.sleep(Thread.java:342)
        at java.util.concurrent.TimeUnit.sleep(TimeUnit.java:386)
        at org.apache.ratis.util.TimeDuration.sleep(TimeDuration.java:325)
        at org.apache.ratis.util.TimeDuration.sleep(TimeDuration.java:310)
        at org.apache.ratis.util.JvmPauseMonitor.detectPause(JvmPauseMonitor.java:117)
        at org.apache.ratis.util.JvmPauseMonitor.run(JvmPauseMonitor.java:106)
        at org.apache.ratis.util.JvmPauseMonitor$$Lambda$403/1983354774.run(Unknown Source)
        at java.lang.Thread.run(Thread.java:750)
"IPC Server handler 0 on default port 15002" daemon prio=5 tid=89 timed_waiting
java.lang.Thread.State: TIMED_WAITING
        at sun.misc.Unsafe.park(Native Method)
        at java.util.concurrent.locks.LockSupport.parkNanos(LockSupport.java:215)
        at java.util.concurrent.locks.AbstractQueuedSynchronizer$ConditionObject.awaitNanos(AbstractQueuedSynchronizer.java:2078)
        at java.util.concurrent.LinkedBlockingQueue.poll(LinkedBlockingQueue.java:467)
        at org.apache.hadoop.ipc.CallQueueManager.take(CallQueueManager.java:317)
        at org.apache.hadoop.ipc.Server$Handler.run(Server.java:3014)
"IPC Server listener on 15019" daemon prio=5 tid=228 runnable
java.lang.Thread.State: RUNNABLE
        at sun.nio.ch.EPollArrayWrapper.epollWait(Native Method)
        at sun.nio.ch.EPollArrayWrapper.poll(EPollArrayWrapper.java:269)
        at sun.nio.ch.EPollSelectorImpl.doSelect(EPollSelectorImpl.java:93)
        at sun.nio.ch.SelectorImpl.lockAndDoSelect(SelectorImpl.java:86)
        at sun.nio.ch.SelectorImpl.select(SelectorImpl.java:97)
        at sun.nio.ch.SelectorImpl.select(SelectorImpl.java:101)
        at org.apache.hadoop.ipc.Server$Listener.run(Server.java:1408)
"4099cb2b-2e2e-4151-9db7-f99ade631412-groupManagement"  prio=5 tid=351 in Object.wait()
java.lang.Thread.State: WAITING (on object monitor)
        at sun.misc.Unsafe.park(Native Method)
        at java.util.concurrent.locks.LockSupport.park(LockSupport.java:175)
        at java.util.concurrent.locks.AbstractQueuedSynchronizer$ConditionObject.await(AbstractQueuedSynchronizer.java:2039)
        at java.util.concurrent.LinkedBlockingQueue.take(LinkedBlockingQueue.java:442)
        at java.util.concurrent.ThreadPoolExecutor.getTask(ThreadPoolExecutor.java:1074)
        at java.util.concurrent.ThreadPoolExecutor.runWorker(ThreadPoolExecutor.java:1134)
        at java.util.concurrent.ThreadPoolExecutor$Worker.run(ThreadPoolExecutor.java:624)
        at java.lang.Thread.run(Thread.java:750)
"IPC Server handler 10 on default port 15001" daemon prio=5 tid=79 timed_waiting
java.lang.Thread.State: TIMED_WAITING
        at sun.misc.Unsafe.park(Native Method)
        at java.util.concurrent.locks.LockSupport.parkNanos(LockSupport.java:215)
        at java.util.concurrent.locks.AbstractQueuedSynchronizer$ConditionObject.awaitNanos(AbstractQueuedSynchronizer.java:2078)
        at java.util.concurrent.LinkedBlockingQueue.poll(LinkedBlockingQueue.java:467)
        at org.apache.hadoop.ipc.CallQueueManager.take(CallQueueManager.java:317)
        at org.apache.hadoop.ipc.Server$Handler.run(Server.java:3014)
"timer3" daemon prio=5 tid=422 in Object.wait()
java.lang.Thread.State: WAITING (on object monitor)
        at java.lang.Object.wait(Native Method)
        at java.lang.Object.wait(Object.java:502)
        at java.util.TimerThread.mainLoop(Timer.java:526)
        at java.util.TimerThread.run(Timer.java:505)
"KeyDeletingService#0" daemon prio=5 tid=148 timed_waiting
java.lang.Thread.State: TIMED_WAITING
        at sun.misc.Unsafe.park(Native Method)
        at java.util.concurrent.locks.LockSupport.parkNanos(LockSupport.java:215)
        at java.util.concurrent.locks.AbstractQueuedSynchronizer$ConditionObject.awaitNanos(AbstractQueuedSynchronizer.java:2078)
        at java.util.concurrent.ScheduledThreadPoolExecutor$DelayedWorkQueue.take(ScheduledThreadPoolExecutor.java:1093)
        at java.util.concurrent.ScheduledThreadPoolExecutor$DelayedWorkQueue.take(ScheduledThreadPoolExecutor.java:809)
        at java.util.concurrent.ThreadPoolExecutor.getTask(ThreadPoolExecutor.java:1074)
        at java.util.concurrent.ThreadPoolExecutor.runWorker(ThreadPoolExecutor.java:1134)
        at java.util.concurrent.ThreadPoolExecutor$Worker.run(ThreadPoolExecutor.java:624)
        at java.lang.Thread.run(Thread.java:750)
"Signal Dispatcher" daemon prio=9 tid=4 runnable
java.lang.Thread.State: RUNNABLE
"IPC Server handler 9 on default port 15000" daemon prio=5 tid=58 timed_waiting
java.lang.Thread.State: TIMED_WAITING
        at sun.misc.Unsafe.park(Native Method)
        at java.util.concurrent.locks.LockSupport.parkNanos(LockSupport.java:215)
        at java.util.concurrent.locks.AbstractQueuedSynchronizer$ConditionObject.awaitNanos(AbstractQueuedSynchronizer.java:2078)
        at java.util.concurrent.LinkedBlockingQueue.poll(LinkedBlockingQueue.java:467)
        at org.apache.hadoop.ipc.CallQueueManager.take(CallQueueManager.java:317)
        at org.apache.hadoop.ipc.Server$Handler.run(Server.java:3014)
"IPC Server handler 18 on default port 15001" daemon prio=5 tid=87 timed_waiting
java.lang.Thread.State: TIMED_WAITING
        at sun.misc.Unsafe.park(Native Method)
        at java.util.concurrent.locks.LockSupport.parkNanos(LockSupport.java:215)
        at java.util.concurrent.locks.AbstractQueuedSynchronizer$ConditionObject.awaitNanos(AbstractQueuedSynchronizer.java:2078)
        at java.util.concurrent.LinkedBlockingQueue.poll(LinkedBlockingQueue.java:467)
        at org.apache.hadoop.ipc.CallQueueManager.take(CallQueueManager.java:317)
        at org.apache.hadoop.ipc.Server$Handler.run(Server.java:3014)
"IPC Server handler 16 on default port 15001" daemon prio=5 tid=85 timed_waiting
java.lang.Thread.State: TIMED_WAITING
        at sun.misc.Unsafe.park(Native Method)
        at java.util.concurrent.locks.LockSupport.parkNanos(LockSupport.java:215)
        at java.util.concurrent.locks.AbstractQueuedSynchronizer$ConditionObject.awaitNanos(AbstractQueuedSynchronizer.java:2078)
        at java.util.concurrent.LinkedBlockingQueue.poll(LinkedBlockingQueue.java:467)
        at org.apache.hadoop.ipc.CallQueueManager.take(CallQueueManager.java:317)
        at org.apache.hadoop.ipc.Server$Handler.run(Server.java:3014)
"qtp151060420-119" daemon prio=5 tid=119 timed_waiting
java.lang.Thread.State: TIMED_WAITING
        at sun.misc.Unsafe.park(Native Method)
        at java.util.concurrent.locks.LockSupport.parkNanos(LockSupport.java:215)
        at java.util.concurrent.locks.AbstractQueuedSynchronizer$ConditionObject.awaitNanos(AbstractQueuedSynchronizer.java:2078)
        at org.eclipse.jetty.util.BlockingArrayQueue.poll(BlockingArrayQueue.java:382)
        at org.eclipse.jetty.util.thread.QueuedThreadPool$Runner.idleJobPoll(QueuedThreadPool.java:974)
        at org.eclipse.jetty.util.thread.QueuedThreadPool$Runner.run(QueuedThreadPool.java:1018)
        at java.lang.Thread.run(Thread.java:750)
"IPC Server handler 7 on default port 15002" daemon prio=5 tid=96 timed_waiting
java.lang.Thread.State: TIMED_WAITING
        at sun.misc.Unsafe.park(Native Method)
        at java.util.concurrent.locks.LockSupport.parkNanos(LockSupport.java:215)
        at java.util.concurrent.locks.AbstractQueuedSynchronizer$ConditionObject.awaitNanos(AbstractQueuedSynchronizer.java:2078)
        at java.util.concurrent.LinkedBlockingQueue.poll(LinkedBlockingQueue.java:467)
        at org.apache.hadoop.ipc.CallQueueManager.take(CallQueueManager.java:317)
        at org.apache.hadoop.ipc.Server$Handler.run(Server.java:3014)
"Datanode State Machine Daemon Thread" daemon prio=5 tid=205 timed_waiting
java.lang.Thread.State: TIMED_WAITING
        at java.lang.Thread.sleep(Native Method)
        at org.apache.hadoop.ozone.container.common.statemachine.DatanodeStateMachine.startStateMachineThread(DatanodeStateMachine.java:352)
        at org.apache.hadoop.ozone.container.common.statemachine.DatanodeStateMachine.lambda$startDaemon$0(DatanodeStateMachine.java:539)
        at org.apache.hadoop.ozone.container.common.statemachine.DatanodeStateMachine$$Lambda$929/1606820947.run(Unknown Source)
        at java.lang.Thread.run(Thread.java:750)
"qtp1428821144-195" daemon prio=5 tid=195 timed_waiting
java.lang.Thread.State: TIMED_WAITING
        at sun.misc.Unsafe.park(Native Method)
        at java.util.concurrent.locks.LockSupport.parkNanos(LockSupport.java:215)
        at java.util.concurrent.locks.AbstractQueuedSynchronizer$ConditionObject.awaitNanos(AbstractQueuedSynchronizer.java:2078)
        at org.eclipse.jetty.util.BlockingArrayQueue.poll(BlockingArrayQueue.java:382)
        at org.eclipse.jetty.util.thread.QueuedThreadPool$Runner.idleJobPoll(QueuedThreadPool.java:974)
        at org.eclipse.jetty.util.thread.QueuedThreadPool$Runner.run(QueuedThreadPool.java:1018)
        at java.lang.Thread.run(Thread.java:750)
"timer7" daemon prio=5 tid=489 in Object.wait()
java.lang.Thread.State: WAITING (on object monitor)
        at java.lang.Object.wait(Native Method)
        at java.lang.Object.wait(Object.java:502)
        at java.util.TimerThread.mainLoop(Timer.java:526)
        at java.util.TimerThread.run(Timer.java:505)
"Datanode ReportManager Thread - 0" daemon prio=5 tid=235 in Object.wait()
java.lang.Thread.State: WAITING (on object monitor)
        at sun.misc.Unsafe.park(Native Method)
        at java.util.concurrent.locks.LockSupport.park(LockSupport.java:175)
        at java.util.concurrent.locks.AbstractQueuedSynchronizer$ConditionObject.await(AbstractQueuedSynchronizer.java:2039)
        at java.util.concurrent.ScheduledThreadPoolExecutor$DelayedWorkQueue.take(ScheduledThreadPoolExecutor.java:1088)
        at java.util.concurrent.ScheduledThreadPoolExecutor$DelayedWorkQueue.take(ScheduledThreadPoolExecutor.java:809)
        at java.util.concurrent.ThreadPoolExecutor.getTask(ThreadPoolExecutor.java:1074)
        at java.util.concurrent.ThreadPoolExecutor.runWorker(ThreadPoolExecutor.java:1134)
        at java.util.concurrent.ThreadPoolExecutor$Worker.run(ThreadPoolExecutor.java:624)
        at java.lang.Thread.run(Thread.java:750)
"FixedThreadPoolWithAffinityExecutor-5-0" daemon prio=5 tid=43 timed_waiting
java.lang.Thread.State: TIMED_WAITING
        at sun.misc.Unsafe.park(Native Method)
        at java.util.concurrent.locks.LockSupport.parkNanos(LockSupport.java:215)
        at java.util.concurrent.locks.AbstractQueuedSynchronizer$ConditionObject.awaitNanos(AbstractQueuedSynchronizer.java:2078)
        at java.util.concurrent.LinkedBlockingQueue.poll(LinkedBlockingQueue.java:467)
        at org.apache.hadoop.hdds.scm.server.ContainerReportQueue.poll(ContainerReportQueue.java:266)
        at org.apache.hadoop.hdds.scm.server.ContainerReportQueue.poll(ContainerReportQueue.java:42)
        at org.apache.hadoop.hdds.server.events.FixedThreadPoolWithAffinityExecutor$ContainerReportProcessTask.run(FixedThreadPoolWithAffinityExecutor.java:247)
        at java.util.concurrent.Executors$RunnableAdapter.call(Executors.java:511)
        at java.util.concurrent.FutureTask.run(FutureTask.java:266)
        at java.util.concurrent.ThreadPoolExecutor.runWorker(ThreadPoolExecutor.java:1149)
        at java.util.concurrent.ThreadPoolExecutor$Worker.run(ThreadPoolExecutor.java:624)
        at java.lang.Thread.run(Thread.java:750)
"PartialTableCache Cleanup Thread - 0" daemon prio=5 tid=505 in Object.wait()
java.lang.Thread.State: WAITING (on object monitor)
        at sun.misc.Unsafe.park(Native Method)
        at java.util.concurrent.locks.LockSupport.park(LockSupport.java:175)
        at java.util.concurrent.locks.AbstractQueuedSynchronizer$ConditionObject.await(AbstractQueuedSynchronizer.java:2039)
        at java.util.concurrent.LinkedBlockingQueue.take(LinkedBlockingQueue.java:442)
        at java.util.concurrent.ThreadPoolExecutor.getTask(ThreadPoolExecutor.java:1074)
        at java.util.concurrent.ThreadPoolExecutor.runWorker(ThreadPoolExecutor.java:1134)
        at java.util.concurrent.ThreadPoolExecutor$Worker.run(ThreadPoolExecutor.java:624)
        at java.lang.Thread.run(Thread.java:750)
"ChunkReader-ELG-0" daemon prio=5 tid=301 runnable
java.lang.Thread.State: RUNNABLE
        at org.apache.ratis.thirdparty.io.netty.channel.epoll.Native.epollWait(Native Method)
        at org.apache.ratis.thirdparty.io.netty.channel.epoll.Native.epollWait(Native.java:209)
        at org.apache.ratis.thirdparty.io.netty.channel.epoll.Native.epollWait(Native.java:202)
        at org.apache.ratis.thirdparty.io.netty.channel.epoll.EpollEventLoop.epollWaitNoTimerChange(EpollEventLoop.java:306)
        at org.apache.ratis.thirdparty.io.netty.channel.epoll.EpollEventLoop.run(EpollEventLoop.java:363)
        at org.apache.ratis.thirdparty.io.netty.util.concurrent.SingleThreadEventExecutor$4.run(SingleThreadEventExecutor.java:997)
        at org.apache.ratis.thirdparty.io.netty.util.internal.ThreadExecutorMap$2.run(ThreadExecutorMap.java:74)
        at java.lang.Thread.run(Thread.java:750)
"IPC Server handler 1 on default port 15000" daemon prio=5 tid=50 timed_waiting
java.lang.Thread.State: TIMED_WAITING
        at sun.misc.Unsafe.park(Native Method)
        at java.util.concurrent.locks.LockSupport.parkNanos(LockSupport.java:215)
        at java.util.concurrent.locks.AbstractQueuedSynchronizer$ConditionObject.awaitNanos(AbstractQueuedSynchronizer.java:2078)
        at java.util.concurrent.LinkedBlockingQueue.poll(LinkedBlockingQueue.java:467)
        at org.apache.hadoop.ipc.CallQueueManager.take(CallQueueManager.java:317)
        at org.apache.hadoop.ipc.Server$Handler.run(Server.java:3014)
"IPC Server handler 13 on default port 15004" daemon prio=5 tid=175 timed_waiting
java.lang.Thread.State: TIMED_WAITING
        at sun.misc.Unsafe.park(Native Method)
        at java.util.concurrent.locks.LockSupport.parkNanos(LockSupport.java:215)
        at java.util.concurrent.locks.AbstractQueuedSynchronizer$ConditionObject.awaitNanos(AbstractQueuedSynchronizer.java:2078)
        at java.util.concurrent.LinkedBlockingQueue.poll(LinkedBlockingQueue.java:467)
        at org.apache.hadoop.ipc.CallQueueManager.take(CallQueueManager.java:317)
        at org.apache.hadoop.ipc.Server$Handler.run(Server.java:3014)
"Command processor thread" daemon prio=5 tid=211 timed_waiting
java.lang.Thread.State: TIMED_WAITING
        at java.lang.Thread.sleep(Native Method)
        at org.apache.hadoop.ozone.container.common.statemachine.DatanodeStateMachine.lambda$initCommandHandlerThread$3(DatanodeStateMachine.java:666)
        at org.apache.hadoop.ozone.container.common.statemachine.DatanodeStateMachine$$Lambda$931/836086657.run(Unknown Source)
        at java.lang.Thread.run(Thread.java:750)
"Lease Manager-LeaseManager#LeaseMonitor" daemon prio=5 tid=110 timed_waiting
java.lang.Thread.State: TIMED_WAITING
        at sun.misc.Unsafe.park(Native Method)
        at java.util.concurrent.locks.LockSupport.parkNanos(LockSupport.java:215)
        at java.util.concurrent.locks.AbstractQueuedSynchronizer.doAcquireSharedNanos(AbstractQueuedSynchronizer.java:1037)
        at java.util.concurrent.locks.AbstractQueuedSynchronizer.tryAcquireSharedNanos(AbstractQueuedSynchronizer.java:1328)
        at java.util.concurrent.Semaphore.tryAcquire(Semaphore.java:409)
        at org.apache.hadoop.ozone.lease.LeaseManager$LeaseMonitor.run(LeaseManager.java:270)
        at java.lang.Thread.run(Thread.java:750)
"grpc-default-worker-ELG-3-1" daemon prio=5 tid=359 runnable
java.lang.Thread.State: RUNNABLE
        at org.apache.ratis.thirdparty.io.netty.channel.epoll.Native.epollWait0(Native Method)
        at org.apache.ratis.thirdparty.io.netty.channel.epoll.Native.epollWait(Native.java:182)
        at org.apache.ratis.thirdparty.io.netty.channel.epoll.EpollEventLoop.epollWait(EpollEventLoop.java:302)
        at org.apache.ratis.thirdparty.io.netty.channel.epoll.EpollEventLoop.run(EpollEventLoop.java:366)
        at org.apache.ratis.thirdparty.io.netty.util.concurrent.SingleThreadEventExecutor$4.run(SingleThreadEventExecutor.java:997)
        at org.apache.ratis.thirdparty.io.netty.util.internal.ThreadExecutorMap$2.run(ThreadExecutorMap.java:74)
        at org.apache.ratis.thirdparty.io.netty.util.concurrent.FastThreadLocalRunnable.run(FastThreadLocalRunnable.java:30)
        at java.lang.Thread.run(Thread.java:750)
"pool-36-thread-1"  prio=5 tid=127 timed_waiting
java.lang.Thread.State: TIMED_WAITING
        at sun.misc.Unsafe.park(Native Method)
        at java.util.concurrent.locks.LockSupport.parkNanos(LockSupport.java:215)
        at java.util.concurrent.locks.AbstractQueuedSynchronizer$ConditionObject.awaitNanos(AbstractQueuedSynchronizer.java:2078)
        at java.util.concurrent.ScheduledThreadPoolExecutor$DelayedWorkQueue.take(ScheduledThreadPoolExecutor.java:1093)
        at java.util.concurrent.ScheduledThreadPoolExecutor$DelayedWorkQueue.take(ScheduledThreadPoolExecutor.java:809)
        at java.util.concurrent.ThreadPoolExecutor.getTask(ThreadPoolExecutor.java:1074)
        at java.util.concurrent.ThreadPoolExecutor.runWorker(ThreadPoolExecutor.java:1134)
        at java.util.concurrent.ThreadPoolExecutor$Worker.run(ThreadPoolExecutor.java:624)
        at java.lang.Thread.run(Thread.java:750)
"grpc-default-executor-1" daemon prio=5 tid=370 timed_waiting
java.lang.Thread.State: TIMED_WAITING
        at sun.misc.Unsafe.park(Native Method)
        at java.util.concurrent.locks.LockSupport.parkNanos(LockSupport.java:215)
        at java.util.concurrent.SynchronousQueue$TransferStack.awaitFulfill(SynchronousQueue.java:460)
        at java.util.concurrent.SynchronousQueue$TransferStack.transfer(SynchronousQueue.java:362)
        at java.util.concurrent.SynchronousQueue.poll(SynchronousQueue.java:941)
        at java.util.concurrent.ThreadPoolExecutor.getTask(ThreadPoolExecutor.java:1073)
        at java.util.concurrent.ThreadPoolExecutor.runWorker(ThreadPoolExecutor.java:1134)
        at java.util.concurrent.ThreadPoolExecutor$Worker.run(ThreadPoolExecutor.java:624)
        at java.lang.Thread.run(Thread.java:750)
"Hadoop-Metrics-Updater-0" daemon prio=5 tid=203 timed_waiting
java.lang.Thread.State: TIMED_WAITING
        at sun.misc.Unsafe.park(Native Method)
        at java.util.concurrent.locks.LockSupport.parkNanos(LockSupport.java:215)
        at java.util.concurrent.locks.AbstractQueuedSynchronizer$ConditionObject.awaitNanos(AbstractQueuedSynchronizer.java:2078)
        at java.util.concurrent.ScheduledThreadPoolExecutor$DelayedWorkQueue.take(ScheduledThreadPoolExecutor.java:1093)
        at java.util.concurrent.ScheduledThreadPoolExecutor$DelayedWorkQueue.take(ScheduledThreadPoolExecutor.java:809)
        at java.util.concurrent.ThreadPoolExecutor.getTask(ThreadPoolExecutor.java:1074)
        at java.util.concurrent.ThreadPoolExecutor.runWorker(ThreadPoolExecutor.java:1134)
        at java.util.concurrent.ThreadPoolExecutor$Worker.run(ThreadPoolExecutor.java:624)
        at java.lang.Thread.run(Thread.java:750)
"FixedThreadPoolWithAffinityExecutor-0-0" daemon prio=5 tid=38 timed_waiting
java.lang.Thread.State: TIMED_WAITING
        at sun.misc.Unsafe.park(Native Method)
        at java.util.concurrent.locks.LockSupport.parkNanos(LockSupport.java:215)
        at java.util.concurrent.locks.AbstractQueuedSynchronizer$ConditionObject.awaitNanos(AbstractQueuedSynchronizer.java:2078)
        at java.util.concurrent.LinkedBlockingQueue.poll(LinkedBlockingQueue.java:467)
        at org.apache.hadoop.hdds.scm.server.ContainerReportQueue.poll(ContainerReportQueue.java:266)
        at org.apache.hadoop.hdds.scm.server.ContainerReportQueue.poll(ContainerReportQueue.java:42)
        at org.apache.hadoop.hdds.server.events.FixedThreadPoolWithAffinityExecutor$ContainerReportProcessTask.run(FixedThreadPoolWithAffinityExecutor.java:247)
        at java.util.concurrent.Executors$RunnableAdapter.call(Executors.java:511)
        at java.util.concurrent.FutureTask.run(FutureTask.java:266)
        at java.util.concurrent.ThreadPoolExecutor.runWorker(ThreadPoolExecutor.java:1149)
        at java.util.concurrent.ThreadPoolExecutor$Worker.run(ThreadPoolExecutor.java:624)
        at java.lang.Thread.run(Thread.java:750)
"ExpiredContainerReplicaOpScrubberThread" daemon prio=5 tid=17 timed_waiting
java.lang.Thread.State: TIMED_WAITING
        at java.lang.Object.wait(Native Method)
        at org.apache.hadoop.hdds.scm.ha.BackgroundSCMService.run(BackgroundSCMService.java:110)
        at org.apache.hadoop.hdds.scm.ha.BackgroundSCMService$$Lambda$355/1532725040.run(Unknown Source)
        at java.lang.Thread.run(Thread.java:750)
"EventQueue-DatanodeCommandQueueUpdatedForDatanodeCommandCountUpdatedHandler" daemon prio=5 tid=349 in Object.wait()
java.lang.Thread.State: WAITING (on object monitor)
        at sun.misc.Unsafe.park(Native Method)
        at java.util.concurrent.locks.LockSupport.park(LockSupport.java:175)
        at java.util.concurrent.locks.AbstractQueuedSynchronizer$ConditionObject.await(AbstractQueuedSynchronizer.java:2039)
        at java.util.concurrent.LinkedBlockingQueue.take(LinkedBlockingQueue.java:442)
        at java.util.concurrent.ThreadPoolExecutor.getTask(ThreadPoolExecutor.java:1074)
        at java.util.concurrent.ThreadPoolExecutor.runWorker(ThreadPoolExecutor.java:1134)
        at java.util.concurrent.ThreadPoolExecutor$Worker.run(ThreadPoolExecutor.java:624)
        at java.lang.Thread.run(Thread.java:750)
"BlockDeletingService#1" daemon prio=5 tid=306 in Object.wait()
java.lang.Thread.State: WAITING (on object monitor)
        at sun.misc.Unsafe.park(Native Method)
        at java.util.concurrent.locks.LockSupport.park(LockSupport.java:175)
        at java.util.concurrent.locks.AbstractQueuedSynchronizer$ConditionObject.await(AbstractQueuedSynchronizer.java:2039)
        at java.util.concurrent.ScheduledThreadPoolExecutor$DelayedWorkQueue.take(ScheduledThreadPoolExecutor.java:1088)
        at java.util.concurrent.ScheduledThreadPoolExecutor$DelayedWorkQueue.take(ScheduledThreadPoolExecutor.java:809)
        at java.util.concurrent.ThreadPoolExecutor.getTask(ThreadPoolExecutor.java:1074)
        at java.util.concurrent.ThreadPoolExecutor.runWorker(ThreadPoolExecutor.java:1134)
        at java.util.concurrent.ThreadPoolExecutor$Worker.run(ThreadPoolExecutor.java:624)
        at java.lang.Thread.run(Thread.java:750)
"IPC Server handler 14 on default port 15002" daemon prio=5 tid=103 timed_waiting
java.lang.Thread.State: TIMED_WAITING
        at sun.misc.Unsafe.park(Native Method)
        at java.util.concurrent.locks.LockSupport.parkNanos(LockSupport.java:215)
        at java.util.concurrent.locks.AbstractQueuedSynchronizer$ConditionObject.awaitNanos(AbstractQueuedSynchronizer.java:2078)
        at java.util.concurrent.LinkedBlockingQueue.poll(LinkedBlockingQueue.java:467)
        at org.apache.hadoop.ipc.CallQueueManager.take(CallQueueManager.java:317)
        at org.apache.hadoop.ipc.Server$Handler.run(Server.java:3014)
"qtp689391924-158" daemon prio=5 tid=158 timed_waiting
java.lang.Thread.State: TIMED_WAITING
        at sun.misc.Unsafe.park(Native Method)
        at java.util.concurrent.locks.LockSupport.parkNanos(LockSupport.java:215)
        at java.util.concurrent.locks.AbstractQueuedSynchronizer$ConditionObject.awaitNanos(AbstractQueuedSynchronizer.java:2078)
        at org.eclipse.jetty.util.BlockingArrayQueue.poll(BlockingArrayQueue.java:382)
        at org.eclipse.jetty.util.thread.QueuedThreadPool$Runner.idleJobPoll(QueuedThreadPool.java:974)
        at org.eclipse.jetty.util.thread.QueuedThreadPool$Runner.run(QueuedThreadPool.java:1018)
        at java.lang.Thread.run(Thread.java:750)
"IPC Server handler 16 on default port 15004" daemon prio=5 tid=178 timed_waiting
java.lang.Thread.State: TIMED_WAITING
        at sun.misc.Unsafe.park(Native Method)
        at java.util.concurrent.locks.LockSupport.parkNanos(LockSupport.java:215)
        at java.util.concurrent.locks.AbstractQueuedSynchronizer$ConditionObject.awaitNanos(AbstractQueuedSynchronizer.java:2078)
        at java.util.concurrent.LinkedBlockingQueue.poll(LinkedBlockingQueue.java:467)
        at org.apache.hadoop.ipc.CallQueueManager.take(CallQueueManager.java:317)
        at org.apache.hadoop.ipc.Server$Handler.run(Server.java:3014)
"IPC Server handler 14 on default port 15000" daemon prio=5 tid=63 timed_waiting
java.lang.Thread.State: TIMED_WAITING
        at sun.misc.Unsafe.park(Native Method)
        at java.util.concurrent.locks.LockSupport.parkNanos(LockSupport.java:215)
        at java.util.concurrent.locks.AbstractQueuedSynchronizer$ConditionObject.awaitNanos(AbstractQueuedSynchronizer.java:2078)
        at java.util.concurrent.LinkedBlockingQueue.poll(LinkedBlockingQueue.java:467)
        at org.apache.hadoop.ipc.CallQueueManager.take(CallQueueManager.java:317)
        at org.apache.hadoop.ipc.Server$Handler.run(Server.java:3014)
"org.apache.hadoop.ozone.container.common.statemachine.commandhandler.DeleteBlocksCommandHandler$DeleteCmdWorker@5b5752a" daemon prio=5 tid=186 timed_waiting
java.lang.Thread.State: TIMED_WAITING
        at java.lang.Thread.sleep(Native Method)
        at org.apache.hadoop.ozone.container.common.statemachine.commandhandler.DeleteBlocksCommandHandler$DeleteCmdWorker.run(DeleteBlocksCommandHandler.java:198)
        at java.lang.Thread.run(Thread.java:750)
"IPC Server handler 11 on default port 15004" daemon prio=5 tid=173 timed_waiting
java.lang.Thread.State: TIMED_WAITING
        at sun.misc.Unsafe.park(Native Method)
        at java.util.concurrent.locks.LockSupport.parkNanos(LockSupport.java:215)
        at java.util.concurrent.locks.AbstractQueuedSynchronizer$ConditionObject.awaitNanos(AbstractQueuedSynchronizer.java:2078)
        at java.util.concurrent.LinkedBlockingQueue.poll(LinkedBlockingQueue.java:467)
        at org.apache.hadoop.ipc.CallQueueManager.take(CallQueueManager.java:317)
        at org.apache.hadoop.ipc.Server$Handler.run(Server.java:3014)
"PipelineCommandHandlerThread-0"  prio=5 tid=350 in Object.wait()
java.lang.Thread.State: WAITING (on object monitor)
        at sun.misc.Unsafe.park(Native Method)
        at java.util.concurrent.locks.LockSupport.park(LockSupport.java:175)
        at java.util.concurrent.locks.AbstractQueuedSynchronizer$ConditionObject.await(AbstractQueuedSynchronizer.java:2039)
        at java.util.concurrent.LinkedBlockingQueue.take(LinkedBlockingQueue.java:442)
        at java.util.concurrent.ThreadPoolExecutor.getTask(ThreadPoolExecutor.java:1074)
        at java.util.concurrent.ThreadPoolExecutor.runWorker(ThreadPoolExecutor.java:1134)
        at java.util.concurrent.ThreadPoolExecutor$Worker.run(ThreadPoolExecutor.java:624)
        at java.lang.Thread.run(Thread.java:750)
"EndpointStateMachine task thread for /0.0.0.0:15002 - 0 "  prio=5 tid=272 in Object.wait()
java.lang.Thread.State: WAITING (on object monitor)
        at sun.misc.Unsafe.park(Native Method)
        at java.util.concurrent.locks.LockSupport.park(LockSupport.java:175)
        at java.util.concurrent.locks.AbstractQueuedSynchronizer$ConditionObject.await(AbstractQueuedSynchronizer.java:2039)
        at java.util.concurrent.LinkedBlockingQueue.take(LinkedBlockingQueue.java:442)
        at java.util.concurrent.ThreadPoolExecutor.getTask(ThreadPoolExecutor.java:1074)
        at java.util.concurrent.ThreadPoolExecutor.runWorker(ThreadPoolExecutor.java:1134)
        at java.util.concurrent.ThreadPoolExecutor$Worker.run(ThreadPoolExecutor.java:624)
        at java.lang.Thread.run(Thread.java:750)
"om1-groupManagement"  prio=5 tid=132 in Object.wait()
java.lang.Thread.State: WAITING (on object monitor)
        at sun.misc.Unsafe.park(Native Method)
        at java.util.concurrent.locks.LockSupport.park(LockSupport.java:175)
        at java.util.concurrent.locks.AbstractQueuedSynchronizer$ConditionObject.await(AbstractQueuedSynchronizer.java:2039)
        at java.util.concurrent.LinkedBlockingQueue.take(LinkedBlockingQueue.java:442)
        at java.util.concurrent.ThreadPoolExecutor.getTask(ThreadPoolExecutor.java:1074)
        at java.util.concurrent.ThreadPoolExecutor.runWorker(ThreadPoolExecutor.java:1134)
        at java.util.concurrent.ThreadPoolExecutor$Worker.run(ThreadPoolExecutor.java:624)
        at java.lang.Thread.run(Thread.java:750)
"BlockDeletingService#5" daemon prio=5 tid=304 in Object.wait()
java.lang.Thread.State: WAITING (on object monitor)
        at sun.misc.Unsafe.park(Native Method)
        at java.util.concurrent.locks.LockSupport.park(LockSupport.java:175)
        at java.util.concurrent.locks.AbstractQueuedSynchronizer$ConditionObject.await(AbstractQueuedSynchronizer.java:2039)
        at java.util.concurrent.ScheduledThreadPoolExecutor$DelayedWorkQueue.take(ScheduledThreadPoolExecutor.java:1088)
        at java.util.concurrent.ScheduledThreadPoolExecutor$DelayedWorkQueue.take(ScheduledThreadPoolExecutor.java:809)
        at java.util.concurrent.ThreadPoolExecutor.getTask(ThreadPoolExecutor.java:1074)
        at java.util.concurrent.ThreadPoolExecutor.runWorker(ThreadPoolExecutor.java:1134)
        at java.util.concurrent.ThreadPoolExecutor$Worker.run(ThreadPoolExecutor.java:624)
        at java.lang.Thread.run(Thread.java:750)
"IPC Server handler 12 on default port 15002" daemon prio=5 tid=101 timed_waiting
java.lang.Thread.State: TIMED_WAITING
        at sun.misc.Unsafe.park(Native Method)
        at java.util.concurrent.locks.LockSupport.parkNanos(LockSupport.java:215)
        at java.util.concurrent.locks.AbstractQueuedSynchronizer$ConditionObject.awaitNanos(AbstractQueuedSynchronizer.java:2078)
        at java.util.concurrent.LinkedBlockingQueue.poll(LinkedBlockingQueue.java:467)
        at org.apache.hadoop.ipc.CallQueueManager.take(CallQueueManager.java:317)
        at org.apache.hadoop.ipc.Server$Handler.run(Server.java:3014)
"qtp689391924-159" daemon prio=5 tid=159 timed_waiting
java.lang.Thread.State: TIMED_WAITING
        at sun.misc.Unsafe.park(Native Method)
        at java.util.concurrent.locks.LockSupport.parkNanos(LockSupport.java:215)
        at java.util.concurrent.locks.AbstractQueuedSynchronizer$ConditionObject.awaitNanos(AbstractQueuedSynchronizer.java:2078)
        at org.eclipse.jetty.util.BlockingArrayQueue.poll(BlockingArrayQueue.java:382)
        at org.eclipse.jetty.util.thread.QueuedThreadPool$Runner.idleJobPoll(QueuedThreadPool.java:974)
        at org.eclipse.jetty.util.thread.QueuedThreadPool$Runner.run(QueuedThreadPool.java:1018)
        at java.lang.Thread.run(Thread.java:750)
"OpenKeyCleanupService#0" daemon prio=5 tid=149 timed_waiting
java.lang.Thread.State: TIMED_WAITING
        at sun.misc.Unsafe.park(Native Method)
        at java.util.concurrent.locks.LockSupport.parkNanos(LockSupport.java:215)
        at java.util.concurrent.locks.AbstractQueuedSynchronizer$ConditionObject.awaitNanos(AbstractQueuedSynchronizer.java:2078)
        at java.util.concurrent.ScheduledThreadPoolExecutor$DelayedWorkQueue.take(ScheduledThreadPoolExecutor.java:1093)
        at java.util.concurrent.ScheduledThreadPoolExecutor$DelayedWorkQueue.take(ScheduledThreadPoolExecutor.java:809)
        at java.util.concurrent.ThreadPoolExecutor.getTask(ThreadPoolExecutor.java:1074)
        at java.util.concurrent.ThreadPoolExecutor.runWorker(ThreadPoolExecutor.java:1134)
        at java.util.concurrent.ThreadPoolExecutor$Worker.run(ThreadPoolExecutor.java:624)
        at java.lang.Thread.run(Thread.java:750)
"EventQueue-NodeRegistrationContainerReportForDataNodeSafeModeRule" daemon prio=5 tid=344 in Object.wait()
java.lang.Thread.State: WAITING (on object monitor)
        at sun.misc.Unsafe.park(Native Method)
        at java.util.concurrent.locks.LockSupport.park(LockSupport.java:175)
        at java.util.concurrent.locks.AbstractQueuedSynchronizer$ConditionObject.await(AbstractQueuedSynchronizer.java:2039)
        at java.util.concurrent.LinkedBlockingQueue.take(LinkedBlockingQueue.java:442)
        at java.util.concurrent.ThreadPoolExecutor.getTask(ThreadPoolExecutor.java:1074)
        at java.util.concurrent.ThreadPoolExecutor.runWorker(ThreadPoolExecutor.java:1134)
        at java.util.concurrent.ThreadPoolExecutor$Worker.run(ThreadPoolExecutor.java:624)
        at java.lang.Thread.run(Thread.java:750)
"qtp151060420-117" daemon prio=5 tid=117 timed_waiting
java.lang.Thread.State: TIMED_WAITING
        at sun.misc.Unsafe.park(Native Method)
        at java.util.concurrent.locks.LockSupport.parkNanos(LockSupport.java:215)
        at java.util.concurrent.locks.AbstractQueuedSynchronizer$ConditionObject.awaitNanos(AbstractQueuedSynchronizer.java:2078)
        at org.eclipse.jetty.util.BlockingArrayQueue.poll(BlockingArrayQueue.java:382)
        at org.eclipse.jetty.util.thread.QueuedThreadPool$Runner.idleJobPoll(QueuedThreadPool.java:974)
        at org.eclipse.jetty.util.thread.QueuedThreadPool$Runner.run(QueuedThreadPool.java:1018)
        at java.lang.Thread.run(Thread.java:750)
"StaleRecoveringContainerScrubbingService#0" daemon prio=5 tid=286 in Object.wait()
java.lang.Thread.State: WAITING (on object monitor)
        at sun.misc.Unsafe.park(Native Method)
        at java.util.concurrent.locks.LockSupport.park(LockSupport.java:175)
        at java.util.concurrent.locks.AbstractQueuedSynchronizer$ConditionObject.await(AbstractQueuedSynchronizer.java:2039)
        at java.util.concurrent.ScheduledThreadPoolExecutor$DelayedWorkQueue.take(ScheduledThreadPoolExecutor.java:1088)
        at java.util.concurrent.ScheduledThreadPoolExecutor$DelayedWorkQueue.take(ScheduledThreadPoolExecutor.java:809)
        at java.util.concurrent.ThreadPoolExecutor.getTask(ThreadPoolExecutor.java:1074)
        at java.util.concurrent.ThreadPoolExecutor.runWorker(ThreadPoolExecutor.java:1134)
        at java.util.concurrent.ThreadPoolExecutor$Worker.run(ThreadPoolExecutor.java:624)
        at java.lang.Thread.run(Thread.java:750)
"qtp689391924-157" daemon prio=5 tid=157 timed_waiting
java.lang.Thread.State: TIMED_WAITING
        at sun.misc.Unsafe.park(Native Method)
        at java.util.concurrent.locks.LockSupport.parkNanos(LockSupport.java:215)
        at java.util.concurrent.locks.AbstractQueuedSynchronizer$ConditionObject.awaitNanos(AbstractQueuedSynchronizer.java:2078)
        at org.eclipse.jetty.util.BlockingArrayQueue.poll(BlockingArrayQueue.java:382)
        at org.eclipse.jetty.util.thread.QueuedThreadPool$Runner.idleJobPoll(QueuedThreadPool.java:974)
        at org.eclipse.jetty.util.thread.QueuedThreadPool$Runner.run(QueuedThreadPool.java:1018)
        at java.lang.Thread.run(Thread.java:750)
"IPC Server idle connection scanner for port 15000" daemon prio=5 tid=35 timed_waiting
java.lang.Thread.State: TIMED_WAITING
        at java.lang.Object.wait(Native Method)
        at java.util.TimerThread.mainLoop(Timer.java:552)
        at java.util.TimerThread.run(Timer.java:505)
"PipelineCommandHandlerThread-0"  prio=5 tid=362 in Object.wait()
java.lang.Thread.State: WAITING (on object monitor)
        at sun.misc.Unsafe.park(Native Method)
        at java.util.concurrent.locks.LockSupport.park(LockSupport.java:175)
        at java.util.concurrent.locks.AbstractQueuedSynchronizer$ConditionObject.await(AbstractQueuedSynchronizer.java:2039)
        at java.util.concurrent.LinkedBlockingQueue.take(LinkedBlockingQueue.java:442)
        at java.util.concurrent.ThreadPoolExecutor.getTask(ThreadPoolExecutor.java:1074)
        at java.util.concurrent.ThreadPoolExecutor.runWorker(ThreadPoolExecutor.java:1134)
        at java.util.concurrent.ThreadPoolExecutor$Worker.run(ThreadPoolExecutor.java:624)
        at java.lang.Thread.run(Thread.java:750)
"IPC Server handler 13 on default port 15000" daemon prio=5 tid=62 timed_waiting
java.lang.Thread.State: TIMED_WAITING
        at sun.misc.Unsafe.park(Native Method)
        at java.util.concurrent.locks.LockSupport.parkNanos(LockSupport.java:215)
        at java.util.concurrent.locks.AbstractQueuedSynchronizer$ConditionObject.awaitNanos(AbstractQueuedSynchronizer.java:2078)
        at java.util.concurrent.LinkedBlockingQueue.poll(LinkedBlockingQueue.java:467)
        at org.apache.hadoop.ipc.CallQueueManager.take(CallQueueManager.java:317)
        at org.apache.hadoop.ipc.Server$Handler.run(Server.java:3014)
"PartialTableCache Cleanup Thread - 0" daemon prio=5 tid=444 in Object.wait()
java.lang.Thread.State: WAITING (on object monitor)
        at sun.misc.Unsafe.park(Native Method)
        at java.util.concurrent.locks.LockSupport.park(LockSupport.java:175)
        at java.util.concurrent.locks.AbstractQueuedSynchronizer$ConditionObject.await(AbstractQueuedSynchronizer.java:2039)
        at java.util.concurrent.LinkedBlockingQueue.take(LinkedBlockingQueue.java:442)
        at java.util.concurrent.ThreadPoolExecutor.getTask(ThreadPoolExecutor.java:1074)
        at java.util.concurrent.ThreadPoolExecutor.runWorker(ThreadPoolExecutor.java:1134)
        at java.util.concurrent.ThreadPoolExecutor$Worker.run(ThreadPoolExecutor.java:624)
        at java.lang.Thread.run(Thread.java:750)
"OM StateMachine ApplyTransaction Thread - 0" daemon prio=5 tid=438 in Object.wait()
java.lang.Thread.State: WAITING (on object monitor)
        at sun.misc.Unsafe.park(Native Method)
        at java.util.concurrent.locks.LockSupport.park(LockSupport.java:175)
        at java.util.concurrent.locks.AbstractQueuedSynchronizer$ConditionObject.await(AbstractQueuedSynchronizer.java:2039)
        at java.util.concurrent.LinkedBlockingQueue.take(LinkedBlockingQueue.java:442)
        at java.util.concurrent.ThreadPoolExecutor.getTask(ThreadPoolExecutor.java:1074)
        at java.util.concurrent.ThreadPoolExecutor.runWorker(ThreadPoolExecutor.java:1134)
        at java.util.concurrent.ThreadPoolExecutor$Worker.run(ThreadPoolExecutor.java:624)
        at java.lang.Thread.run(Thread.java:750)
"qtp689391924-155" daemon prio=5 tid=155 timed_waiting
java.lang.Thread.State: TIMED_WAITING
        at sun.misc.Unsafe.park(Native Method)
        at java.util.concurrent.locks.LockSupport.parkNanos(LockSupport.java:215)
        at java.util.concurrent.locks.AbstractQueuedSynchronizer$ConditionObject.awaitNanos(AbstractQueuedSynchronizer.java:2078)
        at org.eclipse.jetty.util.BlockingArrayQueue.poll(BlockingArrayQueue.java:382)
        at org.eclipse.jetty.util.thread.QueuedThreadPool$Runner.idleJobPoll(QueuedThreadPool.java:974)
        at org.eclipse.jetty.util.thread.QueuedThreadPool$Runner.run(QueuedThreadPool.java:1018)
        at java.lang.Thread.run(Thread.java:750)
"Datanode ReportManager Thread - 2" daemon prio=5 tid=208 in Object.wait()
java.lang.Thread.State: WAITING (on object monitor)
        at sun.misc.Unsafe.park(Native Method)
        at java.util.concurrent.locks.LockSupport.park(LockSupport.java:175)
        at java.util.concurrent.locks.AbstractQueuedSynchronizer$ConditionObject.await(AbstractQueuedSynchronizer.java:2039)
        at java.util.concurrent.ScheduledThreadPoolExecutor$DelayedWorkQueue.take(ScheduledThreadPoolExecutor.java:1088)
        at java.util.concurrent.ScheduledThreadPoolExecutor$DelayedWorkQueue.take(ScheduledThreadPoolExecutor.java:809)
        at java.util.concurrent.ThreadPoolExecutor.getTask(ThreadPoolExecutor.java:1074)
        at java.util.concurrent.ThreadPoolExecutor.runWorker(ThreadPoolExecutor.java:1134)
        at java.util.concurrent.ThreadPoolExecutor$Worker.run(ThreadPoolExecutor.java:624)
        at java.lang.Thread.run(Thread.java:750)
"IPC Server handler 10 on default port 15004" daemon prio=5 tid=172 timed_waiting
java.lang.Thread.State: TIMED_WAITING
        at sun.misc.Unsafe.park(Native Method)
        at java.util.concurrent.locks.LockSupport.parkNanos(LockSupport.java:215)
        at java.util.concurrent.locks.AbstractQueuedSynchronizer$ConditionObject.awaitNanos(AbstractQueuedSynchronizer.java:2078)
        at java.util.concurrent.LinkedBlockingQueue.poll(LinkedBlockingQueue.java:467)
        at org.apache.hadoop.ipc.CallQueueManager.take(CallQueueManager.java:317)
        at org.apache.hadoop.ipc.Server$Handler.run(Server.java:3014)
"SnapshotDeletingService#0" daemon prio=5 tid=151 timed_waiting
java.lang.Thread.State: TIMED_WAITING
        at sun.misc.Unsafe.park(Native Method)
        at java.util.concurrent.locks.LockSupport.parkNanos(LockSupport.java:215)
        at java.util.concurrent.locks.AbstractQueuedSynchronizer$ConditionObject.awaitNanos(AbstractQueuedSynchronizer.java:2078)
        at java.util.concurrent.ScheduledThreadPoolExecutor$DelayedWorkQueue.take(ScheduledThreadPoolExecutor.java:1093)
        at java.util.concurrent.ScheduledThreadPoolExecutor$DelayedWorkQueue.take(ScheduledThreadPoolExecutor.java:809)
        at java.util.concurrent.ThreadPoolExecutor.getTask(ThreadPoolExecutor.java:1074)
        at java.util.concurrent.ThreadPoolExecutor.runWorker(ThreadPoolExecutor.java:1134)
        at java.util.concurrent.ThreadPoolExecutor$Worker.run(ThreadPoolExecutor.java:624)
        at java.lang.Thread.run(Thread.java:750)
"IPC Server handler 1 on default port 15001" daemon prio=5 tid=70 timed_waiting
java.lang.Thread.State: TIMED_WAITING
        at sun.misc.Unsafe.park(Native Method)
        at java.util.concurrent.locks.LockSupport.parkNanos(LockSupport.java:215)
        at java.util.concurrent.locks.AbstractQueuedSynchronizer$ConditionObject.awaitNanos(AbstractQueuedSynchronizer.java:2078)
        at java.util.concurrent.LinkedBlockingQueue.poll(LinkedBlockingQueue.java:467)
        at org.apache.hadoop.ipc.CallQueueManager.take(CallQueueManager.java:317)
        at org.apache.hadoop.ipc.Server$Handler.run(Server.java:3014)
"IPC Server handler 8 on default port 15001" daemon prio=5 tid=77 timed_waiting
java.lang.Thread.State: TIMED_WAITING
        at sun.misc.Unsafe.park(Native Method)
        at java.util.concurrent.locks.LockSupport.parkNanos(LockSupport.java:215)
        at java.util.concurrent.locks.AbstractQueuedSynchronizer$ConditionObject.awaitNanos(AbstractQueuedSynchronizer.java:2078)
        at java.util.concurrent.LinkedBlockingQueue.poll(LinkedBlockingQueue.java:467)
        at org.apache.hadoop.ipc.CallQueueManager.take(CallQueueManager.java:317)
        at org.apache.hadoop.ipc.Server$Handler.run(Server.java:3014)
"Socket Reader #1 for port 15001"  prio=5 tid=29 runnable
java.lang.Thread.State: RUNNABLE
        at sun.nio.ch.EPollArrayWrapper.epollWait(Native Method)
        at sun.nio.ch.EPollArrayWrapper.poll(EPollArrayWrapper.java:269)
        at sun.nio.ch.EPollSelectorImpl.doSelect(EPollSelectorImpl.java:93)
        at sun.nio.ch.SelectorImpl.lockAndDoSelect(SelectorImpl.java:86)
        at sun.nio.ch.SelectorImpl.select(SelectorImpl.java:97)
        at sun.nio.ch.SelectorImpl.select(SelectorImpl.java:101)
        at org.apache.hadoop.ipc.Server$Listener$Reader.doRunLoop(Server.java:1346)
        at org.apache.hadoop.ipc.Server$Listener$Reader.run(Server.java:1325)
"FixedThreadPoolWithAffinityExecutor-6-0" daemon prio=5 tid=44 timed_waiting
java.lang.Thread.State: TIMED_WAITING
        at sun.misc.Unsafe.park(Native Method)
        at java.util.concurrent.locks.LockSupport.parkNanos(LockSupport.java:215)
        at java.util.concurrent.locks.AbstractQueuedSynchronizer$ConditionObject.awaitNanos(AbstractQueuedSynchronizer.java:2078)
        at java.util.concurrent.LinkedBlockingQueue.poll(LinkedBlockingQueue.java:467)
        at org.apache.hadoop.hdds.scm.server.ContainerReportQueue.poll(ContainerReportQueue.java:266)
        at org.apache.hadoop.hdds.scm.server.ContainerReportQueue.poll(ContainerReportQueue.java:42)
        at org.apache.hadoop.hdds.server.events.FixedThreadPoolWithAffinityExecutor$ContainerReportProcessTask.run(FixedThreadPoolWithAffinityExecutor.java:247)
        at java.util.concurrent.Executors$RunnableAdapter.call(Executors.java:511)
        at java.util.concurrent.FutureTask.run(FutureTask.java:266)
        at java.util.concurrent.ThreadPoolExecutor.runWorker(ThreadPoolExecutor.java:1149)
        at java.util.concurrent.ThreadPoolExecutor$Worker.run(ThreadPoolExecutor.java:624)
        at java.lang.Thread.run(Thread.java:750)
"pool-87-thread-1"  prio=5 tid=187 timed_waiting
java.lang.Thread.State: TIMED_WAITING
        at sun.misc.Unsafe.park(Native Method)
        at java.util.concurrent.locks.LockSupport.parkNanos(LockSupport.java:215)
        at java.util.concurrent.locks.AbstractQueuedSynchronizer$ConditionObject.awaitNanos(AbstractQueuedSynchronizer.java:2078)
        at java.util.concurrent.ScheduledThreadPoolExecutor$DelayedWorkQueue.take(ScheduledThreadPoolExecutor.java:1093)
        at java.util.concurrent.ScheduledThreadPoolExecutor$DelayedWorkQueue.take(ScheduledThreadPoolExecutor.java:809)
        at java.util.concurrent.ThreadPoolExecutor.getTask(ThreadPoolExecutor.java:1074)
        at java.util.concurrent.ThreadPoolExecutor.runWorker(ThreadPoolExecutor.java:1134)
        at java.util.concurrent.ThreadPoolExecutor$Worker.run(ThreadPoolExecutor.java:624)
        at java.lang.Thread.run(Thread.java:750)
"qtp151060420-114-acceptor-0@12b9e737-ServerConnector@6b4376e1{HTTP/1.1, (http/1.1)}{0.0.0.0:15003}" daemon prio=3 tid=114 runnable
java.lang.Thread.State: RUNNABLE
        at sun.nio.ch.ServerSocketChannelImpl.accept0(Native Method)
        at sun.nio.ch.ServerSocketChannelImpl.accept(ServerSocketChannelImpl.java:421)
        at sun.nio.ch.ServerSocketChannelImpl.accept(ServerSocketChannelImpl.java:249)
        at org.eclipse.jetty.server.ServerConnector.accept(ServerConnector.java:388)
        at org.eclipse.jetty.server.AbstractConnector$Acceptor.run(AbstractConnector.java:704)
        at org.eclipse.jetty.util.thread.QueuedThreadPool.runJob(QueuedThreadPool.java:883)
        at org.eclipse.jetty.util.thread.QueuedThreadPool$Runner.run(QueuedThreadPool.java:1034)
        at java.lang.Thread.run(Thread.java:750)
"IPC Server handler 12 on default port 15001" daemon prio=5 tid=81 timed_waiting
java.lang.Thread.State: TIMED_WAITING
        at sun.misc.Unsafe.park(Native Method)
        at java.util.concurrent.locks.LockSupport.parkNanos(LockSupport.java:215)
        at java.util.concurrent.locks.AbstractQueuedSynchronizer$ConditionObject.awaitNanos(AbstractQueuedSynchronizer.java:2078)
        at java.util.concurrent.LinkedBlockingQueue.poll(LinkedBlockingQueue.java:467)
        at org.apache.hadoop.ipc.CallQueueManager.take(CallQueueManager.java:317)
        at org.apache.hadoop.ipc.Server$Handler.run(Server.java:3014)
"EventQueue-DatanodeCommandForSCMNodeManager"  prio=5 tid=347 in Object.wait()
java.lang.Thread.State: WAITING (on object monitor)
        at sun.misc.Unsafe.park(Native Method)
        at java.util.concurrent.locks.LockSupport.park(LockSupport.java:175)
        at java.util.concurrent.locks.AbstractQueuedSynchronizer$ConditionObject.await(AbstractQueuedSynchronizer.java:2039)
        at java.util.concurrent.LinkedBlockingQueue.take(LinkedBlockingQueue.java:442)
        at java.util.concurrent.ThreadPoolExecutor.getTask(ThreadPoolExecutor.java:1074)
        at java.util.concurrent.ThreadPoolExecutor.runWorker(ThreadPoolExecutor.java:1134)
        at java.util.concurrent.ThreadPoolExecutor$Worker.run(ThreadPoolExecutor.java:624)
        at java.lang.Thread.run(Thread.java:750)
"timer0" daemon prio=5 tid=490 in Object.wait()
java.lang.Thread.State: WAITING (on object monitor)
        at java.lang.Object.wait(Native Method)
        at java.lang.Object.wait(Object.java:502)
        at java.util.TimerThread.mainLoop(Timer.java:526)
        at java.util.TimerThread.run(Timer.java:505)
"BlockDeletingService#5" daemon prio=5 tid=329 in Object.wait()
java.lang.Thread.State: WAITING (on object monitor)
        at sun.misc.Unsafe.park(Native Method)
        at java.util.concurrent.locks.LockSupport.park(LockSupport.java:175)
        at java.util.concurrent.locks.AbstractQueuedSynchronizer$ConditionObject.await(AbstractQueuedSynchronizer.java:2039)
        at java.util.concurrent.ScheduledThreadPoolExecutor$DelayedWorkQueue.take(ScheduledThreadPoolExecutor.java:1088)
        at java.util.concurrent.ScheduledThreadPoolExecutor$DelayedWorkQueue.take(ScheduledThreadPoolExecutor.java:809)
        at java.util.concurrent.ThreadPoolExecutor.getTask(ThreadPoolExecutor.java:1074)
        at java.util.concurrent.ThreadPoolExecutor.runWorker(ThreadPoolExecutor.java:1134)
        at java.util.concurrent.ThreadPoolExecutor$Worker.run(ThreadPoolExecutor.java:624)
        at java.lang.Thread.run(Thread.java:750)
"qtp37816097-219" daemon prio=5 tid=219 runnable
java.lang.Thread.State: RUNNABLE
        at sun.nio.ch.EPollArrayWrapper.epollWait(Native Method)
        at sun.nio.ch.EPollArrayWrapper.poll(EPollArrayWrapper.java:269)
        at sun.nio.ch.EPollSelectorImpl.doSelect(EPollSelectorImpl.java:93)
        at sun.nio.ch.SelectorImpl.lockAndDoSelect(SelectorImpl.java:86)
        at sun.nio.ch.SelectorImpl.select(SelectorImpl.java:97)
        at sun.nio.ch.SelectorImpl.select(SelectorImpl.java:101)
        at org.eclipse.jetty.io.ManagedSelector.nioSelect(ManagedSelector.java:183)
        at org.eclipse.jetty.io.ManagedSelector.select(ManagedSelector.java:190)
        at org.eclipse.jetty.io.ManagedSelector$SelectorProducer.select(ManagedSelector.java:606)
        at org.eclipse.jetty.io.ManagedSelector$SelectorProducer.produce(ManagedSelector.java:543)
        at org.eclipse.jetty.util.thread.strategy.EatWhatYouKill.produceTask(EatWhatYouKill.java:362)
        at org.eclipse.jetty.util.thread.strategy.EatWhatYouKill.doProduce(EatWhatYouKill.java:186)
        at org.eclipse.jetty.util.thread.strategy.EatWhatYouKill.tryProduce(EatWhatYouKill.java:173)
        at org.eclipse.jetty.util.thread.strategy.EatWhatYouKill.produce(EatWhatYouKill.java:137)
        at org.eclipse.jetty.io.ManagedSelector$$Lambda$441/434123672.run(Unknown Source)
        at org.eclipse.jetty.util.thread.QueuedThreadPool.runJob(QueuedThreadPool.java:883)
        at org.eclipse.jetty.util.thread.QueuedThreadPool$Runner.run(QueuedThreadPool.java:1034)
        at java.lang.Thread.run(Thread.java:750)
"Socket Reader #1 for port 15010"  prio=5 tid=200 runnable
java.lang.Thread.State: RUNNABLE
        at sun.nio.ch.EPollArrayWrapper.epollWait(Native Method)
        at sun.nio.ch.EPollArrayWrapper.poll(EPollArrayWrapper.java:269)
        at sun.nio.ch.EPollSelectorImpl.doSelect(EPollSelectorImpl.java:93)
        at sun.nio.ch.SelectorImpl.lockAndDoSelect(SelectorImpl.java:86)
        at sun.nio.ch.SelectorImpl.select(SelectorImpl.java:97)
        at sun.nio.ch.SelectorImpl.select(SelectorImpl.java:101)
        at org.apache.hadoop.ipc.Server$Listener$Reader.doRunLoop(Server.java:1346)
        at org.apache.hadoop.ipc.Server$Listener$Reader.run(Server.java:1325)
"ContainerOp-5bbdc32e-28b0-403e-8d78-1c7129a268b6-0"  prio=5 tid=491 in Object.wait()
java.lang.Thread.State: WAITING (on object monitor)
        at sun.misc.Unsafe.park(Native Method)
        at java.util.concurrent.locks.LockSupport.park(LockSupport.java:175)
        at java.util.concurrent.locks.AbstractQueuedSynchronizer$ConditionObject.await(AbstractQueuedSynchronizer.java:2039)
        at java.util.concurrent.LinkedBlockingQueue.take(LinkedBlockingQueue.java:442)
        at java.util.concurrent.ThreadPoolExecutor.getTask(ThreadPoolExecutor.java:1074)
        at java.util.concurrent.ThreadPoolExecutor.runWorker(ThreadPoolExecutor.java:1134)
        at java.util.concurrent.ThreadPoolExecutor$Worker.run(ThreadPoolExecutor.java:624)
        at java.lang.Thread.run(Thread.java:750)
"IPC Server handler 2 on default port 15004" daemon prio=5 tid=164 timed_waiting
java.lang.Thread.State: TIMED_WAITING
        at sun.misc.Unsafe.park(Native Method)
        at java.util.concurrent.locks.LockSupport.parkNanos(LockSupport.java:215)
        at java.util.concurrent.locks.AbstractQueuedSynchronizer$ConditionObject.awaitNanos(AbstractQueuedSynchronizer.java:2078)
        at java.util.concurrent.LinkedBlockingQueue.poll(LinkedBlockingQueue.java:467)
        at org.apache.hadoop.ipc.CallQueueManager.take(CallQueueManager.java:317)
        at org.apache.hadoop.ipc.Server$Handler.run(Server.java:3014)
"EventQueue-OpenPipelineForHealthyPipelineSafeModeRule" daemon prio=5 tid=352 in Object.wait()
java.lang.Thread.State: WAITING (on object monitor)
        at sun.misc.Unsafe.park(Native Method)
        at java.util.concurrent.locks.LockSupport.park(LockSupport.java:175)
        at java.util.concurrent.locks.AbstractQueuedSynchronizer$ConditionObject.await(AbstractQueuedSynchronizer.java:2039)
        at java.util.concurrent.LinkedBlockingQueue.take(LinkedBlockingQueue.java:442)
        at java.util.concurrent.ThreadPoolExecutor.getTask(ThreadPoolExecutor.java:1074)
        at java.util.concurrent.ThreadPoolExecutor.runWorker(ThreadPoolExecutor.java:1134)
        at java.util.concurrent.ThreadPoolExecutor$Worker.run(ThreadPoolExecutor.java:624)
        at java.lang.Thread.run(Thread.java:750)
"grpc-default-executor-3" daemon prio=5 tid=417 timed_waiting
java.lang.Thread.State: TIMED_WAITING
        at sun.misc.Unsafe.park(Native Method)
        at java.util.concurrent.locks.LockSupport.parkNanos(LockSupport.java:215)
        at java.util.concurrent.SynchronousQueue$TransferStack.awaitFulfill(SynchronousQueue.java:460)
        at java.util.concurrent.SynchronousQueue$TransferStack.transfer(SynchronousQueue.java:362)
        at java.util.concurrent.SynchronousQueue.poll(SynchronousQueue.java:941)
        at java.util.concurrent.ThreadPoolExecutor.getTask(ThreadPoolExecutor.java:1073)
        at java.util.concurrent.ThreadPoolExecutor.runWorker(ThreadPoolExecutor.java:1134)
        at java.util.concurrent.ThreadPoolExecutor$Worker.run(ThreadPoolExecutor.java:624)
        at java.lang.Thread.run(Thread.java:750)
"IPC Server handler 1 on default port 15004" daemon prio=5 tid=163 timed_waiting
java.lang.Thread.State: TIMED_WAITING
        at sun.misc.Unsafe.park(Native Method)
        at java.util.concurrent.locks.LockSupport.parkNanos(LockSupport.java:215)
        at java.util.concurrent.locks.AbstractQueuedSynchronizer$ConditionObject.awaitNanos(AbstractQueuedSynchronizer.java:2078)
        at java.util.concurrent.LinkedBlockingQueue.poll(LinkedBlockingQueue.java:467)
        at org.apache.hadoop.ipc.CallQueueManager.take(CallQueueManager.java:317)
        at org.apache.hadoop.ipc.Server$Handler.run(Server.java:3014)
"BlockDeletingService#1" daemon prio=5 tid=285 in Object.wait()
java.lang.Thread.State: WAITING (on object monitor)
        at sun.misc.Unsafe.park(Native Method)
        at java.util.concurrent.locks.LockSupport.park(LockSupport.java:175)
        at java.util.concurrent.locks.AbstractQueuedSynchronizer$ConditionObject.await(AbstractQueuedSynchronizer.java:2039)
        at java.util.concurrent.ScheduledThreadPoolExecutor$DelayedWorkQueue.take(ScheduledThreadPoolExecutor.java:1088)
        at java.util.concurrent.ScheduledThreadPoolExecutor$DelayedWorkQueue.take(ScheduledThreadPoolExecutor.java:809)
        at java.util.concurrent.ThreadPoolExecutor.getTask(ThreadPoolExecutor.java:1074)
        at java.util.concurrent.ThreadPoolExecutor.runWorker(ThreadPoolExecutor.java:1134)
        at java.util.concurrent.ThreadPoolExecutor$Worker.run(ThreadPoolExecutor.java:624)
        at java.lang.Thread.run(Thread.java:750)
"qtp1428821144-191" daemon prio=5 tid=191 timed_waiting
java.lang.Thread.State: TIMED_WAITING
        at sun.misc.Unsafe.park(Native Method)
        at java.util.concurrent.locks.LockSupport.parkNanos(LockSupport.java:215)
        at java.util.concurrent.locks.AbstractQueuedSynchronizer$ConditionObject.awaitNanos(AbstractQueuedSynchronizer.java:2078)
        at org.eclipse.jetty.util.BlockingArrayQueue.poll(BlockingArrayQueue.java:382)
        at org.eclipse.jetty.util.thread.QueuedThreadPool$Runner.idleJobPoll(QueuedThreadPool.java:974)
        at org.eclipse.jetty.util.thread.QueuedThreadPool$Runner.run(QueuedThreadPool.java:1018)
        at java.lang.Thread.run(Thread.java:750)
"c33e49d7-aab4-4e8b-84a2-e80ab64b386a@group-1C7129A268B6-FollowerState" daemon prio=5 tid=411 timed_waiting
java.lang.Thread.State: TIMED_WAITING
        at java.lang.Thread.sleep(Native Method)
        at java.lang.Thread.sleep(Thread.java:342)
        at java.util.concurrent.TimeUnit.sleep(TimeUnit.java:386)
        at org.apache.ratis.util.TimeDuration.sleep(TimeDuration.java:325)
        at org.apache.ratis.util.TimeDuration.sleep(TimeDuration.java:310)
        at org.apache.ratis.server.impl.FollowerState.run(FollowerState.java:128)
"timer1" daemon prio=5 tid=415 in Object.wait()
java.lang.Thread.State: WAITING (on object monitor)
        at java.lang.Object.wait(Native Method)
        at java.lang.Object.wait(Object.java:502)
        at java.util.TimerThread.mainLoop(Timer.java:526)
        at java.util.TimerThread.run(Timer.java:505)
"IPC Server listener on 15000" daemon prio=5 tid=33 runnable
java.lang.Thread.State: RUNNABLE
        at sun.nio.ch.EPollArrayWrapper.epollWait(Native Method)
        at sun.nio.ch.EPollArrayWrapper.poll(EPollArrayWrapper.java:269)
        at sun.nio.ch.EPollSelectorImpl.doSelect(EPollSelectorImpl.java:93)
        at sun.nio.ch.SelectorImpl.lockAndDoSelect(SelectorImpl.java:86)
        at sun.nio.ch.SelectorImpl.select(SelectorImpl.java:97)
        at sun.nio.ch.SelectorImpl.select(SelectorImpl.java:101)
        at org.apache.hadoop.ipc.Server$Listener.run(Server.java:1408)
"IPC Server handler 8 on default port 15004" daemon prio=5 tid=170 timed_waiting
java.lang.Thread.State: TIMED_WAITING
        at sun.misc.Unsafe.park(Native Method)
        at java.util.concurrent.locks.LockSupport.parkNanos(LockSupport.java:215)
        at java.util.concurrent.locks.AbstractQueuedSynchronizer$ConditionObject.awaitNanos(AbstractQueuedSynchronizer.java:2078)
        at java.util.concurrent.LinkedBlockingQueue.poll(LinkedBlockingQueue.java:467)
        at org.apache.hadoop.ipc.CallQueueManager.take(CallQueueManager.java:317)
        at org.apache.hadoop.ipc.Server$Handler.run(Server.java:3014)
"c33e49d7-aab4-4e8b-84a2-e80ab64b386a@group-C4DB3BE7CD35-StateMachineUpdater" daemon prio=5 tid=366 timed_waiting
java.lang.Thread.State: TIMED_WAITING
        at sun.misc.Unsafe.park(Native Method)
        at java.util.concurrent.locks.LockSupport.parkNanos(LockSupport.java:215)
        at java.util.concurrent.locks.AbstractQueuedSynchronizer$ConditionObject.await(AbstractQueuedSynchronizer.java:2163)
        at org.apache.ratis.util.AwaitForSignal.await(AwaitForSignal.java:62)
        at org.apache.ratis.server.impl.StateMachineUpdater.waitForCommit(StateMachineUpdater.java:209)
        at org.apache.ratis.server.impl.StateMachineUpdater.run(StateMachineUpdater.java:178)
        at java.lang.Thread.run(Thread.java:750)
"4099cb2b-2e2e-4151-9db7-f99ade631412@group-B847BC5CEDB0-StateMachineUpdater" daemon prio=5 tid=355 timed_waiting
java.lang.Thread.State: TIMED_WAITING
        at sun.misc.Unsafe.park(Native Method)
        at java.util.concurrent.locks.LockSupport.parkNanos(LockSupport.java:215)
        at java.util.concurrent.locks.AbstractQueuedSynchronizer$ConditionObject.await(AbstractQueuedSynchronizer.java:2163)
        at org.apache.ratis.util.AwaitForSignal.await(AwaitForSignal.java:62)
        at org.apache.ratis.server.impl.StateMachineUpdater.waitForCommit(StateMachineUpdater.java:209)
        at org.apache.ratis.server.impl.StateMachineUpdater.run(StateMachineUpdater.java:178)
        at java.lang.Thread.run(Thread.java:750)
"ReplicationMonitor" daemon prio=5 tid=18 timed_waiting
java.lang.Thread.State: TIMED_WAITING
        at java.lang.Object.wait(Native Method)
        at org.apache.hadoop.hdds.scm.container.replication.ReplicationManager.run(ReplicationManager.java:913)
        at org.apache.hadoop.hdds.scm.container.replication.ReplicationManager$$Lambda$370/1229121199.run(Unknown Source)
        at java.lang.Thread.run(Thread.java:750)
"org.apache.hadoop.ozone.container.common.statemachine.commandhandler.DeleteBlocksCommandHandler$DeleteCmdWorker@6de3442f" daemon prio=5 tid=217 timed_waiting
java.lang.Thread.State: TIMED_WAITING
        at java.lang.Thread.sleep(Native Method)
        at org.apache.hadoop.ozone.container.common.statemachine.commandhandler.DeleteBlocksCommandHandler$DeleteCmdWorker.run(DeleteBlocksCommandHandler.java:198)
        at java.lang.Thread.run(Thread.java:750)
"IPC Server handler 0 on default port 15000" daemon prio=5 tid=49 timed_waiting
java.lang.Thread.State: TIMED_WAITING
        at sun.misc.Unsafe.park(Native Method)
        at java.util.concurrent.locks.LockSupport.parkNanos(LockSupport.java:215)
        at java.util.concurrent.locks.AbstractQueuedSynchronizer$ConditionObject.awaitNanos(AbstractQueuedSynchronizer.java:2078)
        at java.util.concurrent.LinkedBlockingQueue.poll(LinkedBlockingQueue.java:467)
        at org.apache.hadoop.ipc.CallQueueManager.take(CallQueueManager.java:317)
        at org.apache.hadoop.ipc.Server$Handler.run(Server.java:3014)
"IPC Server handler 6 on default port 15000" daemon prio=5 tid=55 timed_waiting
java.lang.Thread.State: TIMED_WAITING
        at sun.misc.Unsafe.park(Native Method)
        at java.util.concurrent.locks.LockSupport.parkNanos(LockSupport.java:215)
        at java.util.concurrent.locks.AbstractQueuedSynchronizer$ConditionObject.awaitNanos(AbstractQueuedSynchronizer.java:2078)
        at java.util.concurrent.LinkedBlockingQueue.poll(LinkedBlockingQueue.java:467)
        at org.apache.hadoop.ipc.CallQueueManager.take(CallQueueManager.java:317)
        at org.apache.hadoop.ipc.Server$Handler.run(Server.java:3014)
"Periodic HDDS volume checker" daemon prio=5 tid=275 timed_waiting
java.lang.Thread.State: TIMED_WAITING
        at sun.misc.Unsafe.park(Native Method)
        at java.util.concurrent.locks.LockSupport.parkNanos(LockSupport.java:215)
        at java.util.concurrent.locks.AbstractQueuedSynchronizer$ConditionObject.awaitNanos(AbstractQueuedSynchronizer.java:2078)
        at java.util.concurrent.ScheduledThreadPoolExecutor$DelayedWorkQueue.take(ScheduledThreadPoolExecutor.java:1093)
        at java.util.concurrent.ScheduledThreadPoolExecutor$DelayedWorkQueue.take(ScheduledThreadPoolExecutor.java:809)
        at java.util.concurrent.ThreadPoolExecutor.getTask(ThreadPoolExecutor.java:1074)
        at java.util.concurrent.ThreadPoolExecutor.runWorker(ThreadPoolExecutor.java:1134)
        at java.util.concurrent.ThreadPoolExecutor$Worker.run(ThreadPoolExecutor.java:624)
        at java.lang.Thread.run(Thread.java:750)
"EventQueue-NewNodeForNewNodeHandler" daemon prio=5 tid=342 in Object.wait()
java.lang.Thread.State: WAITING (on object monitor)
        at sun.misc.Unsafe.park(Native Method)
        at java.util.concurrent.locks.LockSupport.park(LockSupport.java:175)
        at java.util.concurrent.locks.AbstractQueuedSynchronizer$ConditionObject.await(AbstractQueuedSynchronizer.java:2039)
        at java.util.concurrent.LinkedBlockingQueue.take(LinkedBlockingQueue.java:442)
        at java.util.concurrent.ThreadPoolExecutor.getTask(ThreadPoolExecutor.java:1074)
        at java.util.concurrent.ThreadPoolExecutor.runWorker(ThreadPoolExecutor.java:1134)
        at java.util.concurrent.ThreadPoolExecutor$Worker.run(ThreadPoolExecutor.java:624)
        at java.lang.Thread.run(Thread.java:750)
"JvmPauseMonitor0" daemon prio=5 tid=111 timed_waiting
java.lang.Thread.State: TIMED_WAITING
        at java.lang.Thread.sleep(Native Method)
        at java.lang.Thread.sleep(Thread.java:342)
        at java.util.concurrent.TimeUnit.sleep(TimeUnit.java:386)
        at org.apache.ratis.util.TimeDuration.sleep(TimeDuration.java:325)
        at org.apache.ratis.util.TimeDuration.sleep(TimeDuration.java:310)
        at org.apache.ratis.util.JvmPauseMonitor.detectPause(JvmPauseMonitor.java:117)
        at org.apache.ratis.util.JvmPauseMonitor.run(JvmPauseMonitor.java:106)
        at org.apache.ratis.util.JvmPauseMonitor$$Lambda$403/1983354774.run(Unknown Source)
        at java.lang.Thread.run(Thread.java:750)
"qtp37816097-226" daemon prio=5 tid=226 timed_waiting
java.lang.Thread.State: TIMED_WAITING
        at sun.misc.Unsafe.park(Native Method)
        at java.util.concurrent.locks.LockSupport.parkNanos(LockSupport.java:215)
        at java.util.concurrent.locks.AbstractQueuedSynchronizer$ConditionObject.awaitNanos(AbstractQueuedSynchronizer.java:2078)
        at org.eclipse.jetty.util.BlockingArrayQueue.poll(BlockingArrayQueue.java:382)
        at org.eclipse.jetty.util.thread.QueuedThreadPool$Runner.idleJobPoll(QueuedThreadPool.java:974)
        at org.eclipse.jetty.util.thread.QueuedThreadPool$Runner.run(QueuedThreadPool.java:1018)
        at java.lang.Thread.run(Thread.java:750)
"FixedThreadPoolWithAffinityExecutor-2-0" daemon prio=5 tid=40 timed_waiting
java.lang.Thread.State: TIMED_WAITING
        at sun.misc.Unsafe.park(Native Method)
        at java.util.concurrent.locks.LockSupport.parkNanos(LockSupport.java:215)
        at java.util.concurrent.locks.AbstractQueuedSynchronizer$ConditionObject.awaitNanos(AbstractQueuedSynchronizer.java:2078)
        at java.util.concurrent.LinkedBlockingQueue.poll(LinkedBlockingQueue.java:467)
        at org.apache.hadoop.hdds.scm.server.ContainerReportQueue.poll(ContainerReportQueue.java:266)
        at org.apache.hadoop.hdds.scm.server.ContainerReportQueue.poll(ContainerReportQueue.java:42)
        at org.apache.hadoop.hdds.server.events.FixedThreadPoolWithAffinityExecutor$ContainerReportProcessTask.run(FixedThreadPoolWithAffinityExecutor.java:247)
        at java.util.concurrent.Executors$RunnableAdapter.call(Executors.java:511)
        at java.util.concurrent.FutureTask.run(FutureTask.java:266)
        at java.util.concurrent.ThreadPoolExecutor.runWorker(ThreadPoolExecutor.java:1149)
        at java.util.concurrent.ThreadPoolExecutor$Worker.run(ThreadPoolExecutor.java:624)
        at java.lang.Thread.run(Thread.java:750)
"SCMBlockDeletingService#0" daemon prio=5 tid=109 timed_waiting
java.lang.Thread.State: TIMED_WAITING
        at sun.misc.Unsafe.park(Native Method)
        at java.util.concurrent.locks.LockSupport.parkNanos(LockSupport.java:215)
        at java.util.concurrent.locks.AbstractQueuedSynchronizer$ConditionObject.awaitNanos(AbstractQueuedSynchronizer.java:2078)
        at java.util.concurrent.ScheduledThreadPoolExecutor$DelayedWorkQueue.take(ScheduledThreadPoolExecutor.java:1093)
        at java.util.concurrent.ScheduledThreadPoolExecutor$DelayedWorkQueue.take(ScheduledThreadPoolExecutor.java:809)
        at java.util.concurrent.ThreadPoolExecutor.getTask(ThreadPoolExecutor.java:1074)
        at java.util.concurrent.ThreadPoolExecutor.runWorker(ThreadPoolExecutor.java:1134)
        at java.util.concurrent.ThreadPoolExecutor$Worker.run(ThreadPoolExecutor.java:624)
        at java.lang.Thread.run(Thread.java:750)
"IPC Server handler 17 on default port 15002" daemon prio=5 tid=106 timed_waiting
java.lang.Thread.State: TIMED_WAITING
        at sun.misc.Unsafe.park(Native Method)
        at java.util.concurrent.locks.LockSupport.parkNanos(LockSupport.java:215)
        at java.util.concurrent.locks.AbstractQueuedSynchronizer$ConditionObject.awaitNanos(AbstractQueuedSynchronizer.java:2078)
        at java.util.concurrent.LinkedBlockingQueue.poll(LinkedBlockingQueue.java:467)
        at org.apache.hadoop.ipc.CallQueueManager.take(CallQueueManager.java:317)
        at org.apache.hadoop.ipc.Server$Handler.run(Server.java:3014)
"Datanode State Machine Daemon Thread" daemon prio=5 tid=234 timed_waiting
java.lang.Thread.State: TIMED_WAITING
        at java.lang.Thread.sleep(Native Method)
        at org.apache.hadoop.ozone.container.common.statemachine.DatanodeStateMachine.startStateMachineThread(DatanodeStateMachine.java:352)
        at org.apache.hadoop.ozone.container.common.statemachine.DatanodeStateMachine.lambda$startDaemon$0(DatanodeStateMachine.java:539)
        at org.apache.hadoop.ozone.container.common.statemachine.DatanodeStateMachine$$Lambda$929/1606820947.run(Unknown Source)
        at java.lang.Thread.run(Thread.java:750)
"Under Replicated Processor" daemon prio=5 tid=19 timed_waiting
java.lang.Thread.State: TIMED_WAITING
        at java.lang.Object.wait(Native Method)
        at org.apache.hadoop.hdds.scm.container.replication.UnhealthyReplicationProcessor.run(UnhealthyReplicationProcessor.java:174)
        at java.lang.Thread.run(Thread.java:750)
"pool-66-thread-1"  prio=5 tid=152 timed_waiting
java.lang.Thread.State: TIMED_WAITING
        at sun.misc.Unsafe.park(Native Method)
        at java.util.concurrent.locks.LockSupport.parkNanos(LockSupport.java:215)
        at java.util.concurrent.locks.AbstractQueuedSynchronizer$ConditionObject.awaitNanos(AbstractQueuedSynchronizer.java:2078)
        at java.util.concurrent.ScheduledThreadPoolExecutor$DelayedWorkQueue.take(ScheduledThreadPoolExecutor.java:1093)
        at java.util.concurrent.ScheduledThreadPoolExecutor$DelayedWorkQueue.take(ScheduledThreadPoolExecutor.java:809)
        at java.util.concurrent.ThreadPoolExecutor.getTask(ThreadPoolExecutor.java:1074)
        at java.util.concurrent.ThreadPoolExecutor.runWorker(ThreadPoolExecutor.java:1134)
        at java.util.concurrent.ThreadPoolExecutor$Worker.run(ThreadPoolExecutor.java:624)
        at java.lang.Thread.run(Thread.java:750)
"FullTableCache Cleanup Thread - 0" daemon prio=5 tid=440 in Object.wait()
java.lang.Thread.State: WAITING (on object monitor)
        at sun.misc.Unsafe.park(Native Method)
        at java.util.concurrent.locks.LockSupport.park(LockSupport.java:175)
        at java.util.concurrent.locks.AbstractQueuedSynchronizer$ConditionObject.await(AbstractQueuedSynchronizer.java:2039)
        at java.util.concurrent.LinkedBlockingQueue.take(LinkedBlockingQueue.java:442)
        at java.util.concurrent.ThreadPoolExecutor.getTask(ThreadPoolExecutor.java:1074)
        at java.util.concurrent.ThreadPoolExecutor.runWorker(ThreadPoolExecutor.java:1134)
        at java.util.concurrent.ThreadPoolExecutor$Worker.run(ThreadPoolExecutor.java:624)
        at java.lang.Thread.run(Thread.java:750)
"IPC Server handler 18 on default port 15004" daemon prio=5 tid=180 timed_waiting
java.lang.Thread.State: TIMED_WAITING
        at sun.misc.Unsafe.park(Native Method)
        at java.util.concurrent.locks.LockSupport.parkNanos(LockSupport.java:215)
        at java.util.concurrent.locks.AbstractQueuedSynchronizer$ConditionObject.awaitNanos(AbstractQueuedSynchronizer.java:2078)
        at java.util.concurrent.LinkedBlockingQueue.poll(LinkedBlockingQueue.java:467)
        at org.apache.hadoop.ipc.CallQueueManager.take(CallQueueManager.java:317)
        at org.apache.hadoop.ipc.Server$Handler.run(Server.java:3014)
"IPC Server handler 12 on default port 15000" daemon prio=5 tid=61 timed_waiting
java.lang.Thread.State: TIMED_WAITING
        at sun.misc.Unsafe.park(Native Method)
        at java.util.concurrent.locks.LockSupport.parkNanos(LockSupport.java:215)
        at java.util.concurrent.locks.AbstractQueuedSynchronizer$ConditionObject.awaitNanos(AbstractQueuedSynchronizer.java:2078)
        at java.util.concurrent.LinkedBlockingQueue.poll(LinkedBlockingQueue.java:467)
        at org.apache.hadoop.ipc.CallQueueManager.take(CallQueueManager.java:317)
        at org.apache.hadoop.ipc.Server$Handler.run(Server.java:3014)
"4099cb2b-2e2e-4151-9db7-f99ade631412-NettyServerStreamRpc-bossGroup--thread1"  prio=5 tid=184 runnable
java.lang.Thread.State: RUNNABLE
        at sun.nio.ch.EPollArrayWrapper.epollWait(Native Method)
        at sun.nio.ch.EPollArrayWrapper.poll(EPollArrayWrapper.java:269)
        at sun.nio.ch.EPollSelectorImpl.doSelect(EPollSelectorImpl.java:93)
        at sun.nio.ch.SelectorImpl.lockAndDoSelect(SelectorImpl.java:86)
        at sun.nio.ch.SelectorImpl.select(SelectorImpl.java:97)
        at sun.nio.ch.SelectorImpl.select(SelectorImpl.java:101)
        at org.apache.ratis.thirdparty.io.netty.channel.nio.SelectedSelectionKeySetSelector.select(SelectedSelectionKeySetSelector.java:68)
        at org.apache.ratis.thirdparty.io.netty.channel.nio.NioEventLoop.select(NioEventLoop.java:879)
        at org.apache.ratis.thirdparty.io.netty.channel.nio.NioEventLoop.run(NioEventLoop.java:526)
        at org.apache.ratis.thirdparty.io.netty.util.concurrent.SingleThreadEventExecutor$4.run(SingleThreadEventExecutor.java:997)
        at org.apache.ratis.thirdparty.io.netty.util.internal.ThreadExecutorMap$2.run(ThreadExecutorMap.java:74)
        at java.lang.Thread.run(Thread.java:750)
"IPC Server handler 6 on default port 15002" daemon prio=5 tid=95 timed_waiting
java.lang.Thread.State: TIMED_WAITING
        at sun.misc.Unsafe.park(Native Method)
        at java.util.concurrent.locks.LockSupport.parkNanos(LockSupport.java:215)
        at java.util.concurrent.locks.AbstractQueuedSynchronizer$ConditionObject.awaitNanos(AbstractQueuedSynchronizer.java:2078)
        at java.util.concurrent.LinkedBlockingQueue.poll(LinkedBlockingQueue.java:467)
        at org.apache.hadoop.ipc.CallQueueManager.take(CallQueueManager.java:317)
        at org.apache.hadoop.ipc.Server$Handler.run(Server.java:3014)
"qtp1428821144-190-acceptor-0@160705ba-ServerConnector@7300db1c{HTTP/1.1, (http/1.1)}{0.0.0.0:15009}" daemon prio=3 tid=190 runnable
java.lang.Thread.State: RUNNABLE
        at sun.nio.ch.ServerSocketChannelImpl.accept0(Native Method)
        at sun.nio.ch.ServerSocketChannelImpl.accept(ServerSocketChannelImpl.java:421)
        at sun.nio.ch.ServerSocketChannelImpl.accept(ServerSocketChannelImpl.java:249)
        at org.eclipse.jetty.server.ServerConnector.accept(ServerConnector.java:388)
        at org.eclipse.jetty.server.AbstractConnector$Acceptor.run(AbstractConnector.java:704)
        at org.eclipse.jetty.util.thread.QueuedThreadPool.runJob(QueuedThreadPool.java:883)
        at org.eclipse.jetty.util.thread.QueuedThreadPool$Runner.run(QueuedThreadPool.java:1034)
        at java.lang.Thread.run(Thread.java:750)
"BlockDeletingService#0" daemon prio=5 tid=284 in Object.wait()
java.lang.Thread.State: WAITING (on object monitor)
        at sun.misc.Unsafe.park(Native Method)
        at java.util.concurrent.locks.LockSupport.park(LockSupport.java:175)
        at java.util.concurrent.locks.AbstractQueuedSynchronizer$ConditionObject.await(AbstractQueuedSynchronizer.java:2039)
        at java.util.concurrent.ScheduledThreadPoolExecutor$DelayedWorkQueue.take(ScheduledThreadPoolExecutor.java:1088)
        at java.util.concurrent.ScheduledThreadPoolExecutor$DelayedWorkQueue.take(ScheduledThreadPoolExecutor.java:809)
        at java.util.concurrent.ThreadPoolExecutor.getTask(ThreadPoolExecutor.java:1074)
        at java.util.concurrent.ThreadPoolExecutor.runWorker(ThreadPoolExecutor.java:1134)
        at java.util.concurrent.ThreadPoolExecutor$Worker.run(ThreadPoolExecutor.java:624)
        at java.lang.Thread.run(Thread.java:750)
"ChunkReader-ELG-0" daemon prio=5 tid=283 runnable
java.lang.Thread.State: RUNNABLE
        at org.apache.ratis.thirdparty.io.netty.channel.epoll.Native.epollWait(Native Method)
        at org.apache.ratis.thirdparty.io.netty.channel.epoll.Native.epollWait(Native.java:209)
        at org.apache.ratis.thirdparty.io.netty.channel.epoll.Native.epollWait(Native.java:202)
        at org.apache.ratis.thirdparty.io.netty.channel.epoll.EpollEventLoop.epollWaitNoTimerChange(EpollEventLoop.java:306)
        at org.apache.ratis.thirdparty.io.netty.channel.epoll.EpollEventLoop.run(EpollEventLoop.java:363)
        at org.apache.ratis.thirdparty.io.netty.util.concurrent.SingleThreadEventExecutor$4.run(SingleThreadEventExecutor.java:997)
        at org.apache.ratis.thirdparty.io.netty.util.internal.ThreadExecutorMap$2.run(ThreadExecutorMap.java:74)
        at java.lang.Thread.run(Thread.java:750)
"IPC Server handler 10 on default port 15000" daemon prio=5 tid=59 timed_waiting
java.lang.Thread.State: TIMED_WAITING
        at sun.misc.Unsafe.park(Native Method)
        at java.util.concurrent.locks.LockSupport.parkNanos(LockSupport.java:215)
        at java.util.concurrent.locks.AbstractQueuedSynchronizer$ConditionObject.awaitNanos(AbstractQueuedSynchronizer.java:2078)
        at java.util.concurrent.LinkedBlockingQueue.poll(LinkedBlockingQueue.java:467)
        at org.apache.hadoop.ipc.CallQueueManager.take(CallQueueManager.java:317)
        at org.apache.hadoop.ipc.Server$Handler.run(Server.java:3014)
"4099cb2b-2e2e-4151-9db7-f99ade631412@group-1C7129A268B6-StateMachineUpdater" daemon prio=5 tid=358 timed_waiting
java.lang.Thread.State: TIMED_WAITING
        at sun.misc.Unsafe.park(Native Method)
        at java.util.concurrent.locks.LockSupport.parkNanos(LockSupport.java:215)
        at java.util.concurrent.locks.AbstractQueuedSynchronizer$ConditionObject.await(AbstractQueuedSynchronizer.java:2163)
        at org.apache.ratis.util.AwaitForSignal.await(AwaitForSignal.java:62)
        at org.apache.ratis.server.impl.StateMachineUpdater.waitForCommit(StateMachineUpdater.java:209)
        at org.apache.ratis.server.impl.StateMachineUpdater.run(StateMachineUpdater.java:178)
        at java.lang.Thread.run(Thread.java:750)
"Datanode ReportManager Thread - 4" daemon prio=5 tid=239 timed_waiting
java.lang.Thread.State: TIMED_WAITING
        at sun.misc.Unsafe.park(Native Method)
        at java.util.concurrent.locks.LockSupport.parkNanos(LockSupport.java:215)
        at java.util.concurrent.locks.AbstractQueuedSynchronizer$ConditionObject.awaitNanos(AbstractQueuedSynchronizer.java:2078)
        at java.util.concurrent.ScheduledThreadPoolExecutor$DelayedWorkQueue.take(ScheduledThreadPoolExecutor.java:1093)
        at java.util.concurrent.ScheduledThreadPoolExecutor$DelayedWorkQueue.take(ScheduledThreadPoolExecutor.java:809)
        at java.util.concurrent.ThreadPoolExecutor.getTask(ThreadPoolExecutor.java:1074)
        at java.util.concurrent.ThreadPoolExecutor.runWorker(ThreadPoolExecutor.java:1134)
        at java.util.concurrent.ThreadPoolExecutor$Worker.run(ThreadPoolExecutor.java:624)
        at java.lang.Thread.run(Thread.java:750)
"BlockDeletingService#2" daemon prio=5 tid=288 in Object.wait()
java.lang.Thread.State: WAITING (on object monitor)
        at sun.misc.Unsafe.park(Native Method)
        at java.util.concurrent.locks.LockSupport.park(LockSupport.java:175)
        at java.util.concurrent.locks.AbstractQueuedSynchronizer$ConditionObject.await(AbstractQueuedSynchronizer.java:2039)
        at java.util.concurrent.ScheduledThreadPoolExecutor$DelayedWorkQueue.take(ScheduledThreadPoolExecutor.java:1088)
        at java.util.concurrent.ScheduledThreadPoolExecutor$DelayedWorkQueue.take(ScheduledThreadPoolExecutor.java:809)
        at java.util.concurrent.ThreadPoolExecutor.getTask(ThreadPoolExecutor.java:1074)
        at java.util.concurrent.ThreadPoolExecutor.runWorker(ThreadPoolExecutor.java:1134)
        at java.util.concurrent.ThreadPoolExecutor$Worker.run(ThreadPoolExecutor.java:624)
        at java.lang.Thread.run(Thread.java:750)
"pool-34-thread-1"  prio=5 tid=112 timed_waiting
java.lang.Thread.State: TIMED_WAITING
        at sun.misc.Unsafe.park(Native Method)
        at java.util.concurrent.locks.LockSupport.parkNanos(LockSupport.java:215)
        at java.util.concurrent.locks.AbstractQueuedSynchronizer$ConditionObject.awaitNanos(AbstractQueuedSynchronizer.java:2078)
        at java.util.concurrent.ScheduledThreadPoolExecutor$DelayedWorkQueue.take(ScheduledThreadPoolExecutor.java:1093)
        at java.util.concurrent.ScheduledThreadPoolExecutor$DelayedWorkQueue.take(ScheduledThreadPoolExecutor.java:809)
        at java.util.concurrent.ThreadPoolExecutor.getTask(ThreadPoolExecutor.java:1074)
        at java.util.concurrent.ThreadPoolExecutor.runWorker(ThreadPoolExecutor.java:1134)
        at java.util.concurrent.ThreadPoolExecutor$Worker.run(ThreadPoolExecutor.java:624)
        at java.lang.Thread.run(Thread.java:750)
"c33e49d7-aab4-4e8b-84a2-e80ab64b386a@group-1C7129A268B6-SegmentedRaftLogWorker"  prio=5 tid=367 timed_waiting
java.lang.Thread.State: TIMED_WAITING
        at sun.misc.Unsafe.park(Native Method)
        at java.util.concurrent.locks.LockSupport.parkNanos(LockSupport.java:215)
        at java.util.concurrent.locks.AbstractQueuedSynchronizer$ConditionObject.awaitNanos(AbstractQueuedSynchronizer.java:2078)
        at org.apache.ratis.util.DataBlockingQueue.poll(DataBlockingQueue.java:148)
        at org.apache.ratis.server.raftlog.segmented.SegmentedRaftLogWorker.run(SegmentedRaftLogWorker.java:307)
        at org.apache.ratis.server.raftlog.segmented.SegmentedRaftLogWorker$$Lambda$733/1091881519.run(Unknown Source)
        at java.util.concurrent.Executors$RunnableAdapter.call(Executors.java:511)
        at java.util.concurrent.FutureTask.run(FutureTask.java:266)
        at java.util.concurrent.ThreadPoolExecutor.runWorker(ThreadPoolExecutor.java:1149)
        at java.util.concurrent.ThreadPoolExecutor$Worker.run(ThreadPoolExecutor.java:624)
        at java.lang.Thread.run(Thread.java:750)
"qtp1428821144-192" daemon prio=5 tid=192 timed_waiting
java.lang.Thread.State: TIMED_WAITING
        at sun.misc.Unsafe.park(Native Method)
        at java.util.concurrent.locks.LockSupport.parkNanos(LockSupport.java:215)
        at java.util.concurrent.locks.AbstractQueuedSynchronizer$ConditionObject.awaitNanos(AbstractQueuedSynchronizer.java:2078)
        at org.eclipse.jetty.util.BlockingArrayQueue.poll(BlockingArrayQueue.java:382)
        at org.eclipse.jetty.util.thread.QueuedThreadPool$Runner.idleJobPoll(QueuedThreadPool.java:974)
        at org.eclipse.jetty.util.thread.QueuedThreadPool$Runner.run(QueuedThreadPool.java:1018)
        at java.lang.Thread.run(Thread.java:750)
"grpc-default-executor-2" daemon prio=5 tid=416 timed_waiting
java.lang.Thread.State: TIMED_WAITING
        at sun.misc.Unsafe.park(Native Method)
        at java.util.concurrent.locks.LockSupport.parkNanos(LockSupport.java:215)
        at java.util.concurrent.SynchronousQueue$TransferStack.awaitFulfill(SynchronousQueue.java:460)
        at java.util.concurrent.SynchronousQueue$TransferStack.transfer(SynchronousQueue.java:362)
        at java.util.concurrent.SynchronousQueue.poll(SynchronousQueue.java:941)
        at java.util.concurrent.ThreadPoolExecutor.getTask(ThreadPoolExecutor.java:1073)
        at java.util.concurrent.ThreadPoolExecutor.runWorker(ThreadPoolExecutor.java:1134)
        at java.util.concurrent.ThreadPoolExecutor$Worker.run(ThreadPoolExecutor.java:624)
        at java.lang.Thread.run(Thread.java:750)
"IPC Server handler 9 on default port 15001" daemon prio=5 tid=78 timed_waiting
java.lang.Thread.State: TIMED_WAITING
        at sun.misc.Unsafe.park(Native Method)
        at java.util.concurrent.locks.LockSupport.parkNanos(LockSupport.java:215)
        at java.util.concurrent.locks.AbstractQueuedSynchronizer$ConditionObject.awaitNanos(AbstractQueuedSynchronizer.java:2078)
        at java.util.concurrent.LinkedBlockingQueue.poll(LinkedBlockingQueue.java:467)
        at org.apache.hadoop.ipc.CallQueueManager.take(CallQueueManager.java:317)
        at org.apache.hadoop.ipc.Server$Handler.run(Server.java:3014)
"Hadoop-Metrics-Updater-0" daemon prio=5 tid=37 timed_waiting
java.lang.Thread.State: TIMED_WAITING
        at sun.misc.Unsafe.park(Native Method)
        at java.util.concurrent.locks.LockSupport.parkNanos(LockSupport.java:215)
        at java.util.concurrent.locks.AbstractQueuedSynchronizer$ConditionObject.awaitNanos(AbstractQueuedSynchronizer.java:2078)
        at java.util.concurrent.ScheduledThreadPoolExecutor$DelayedWorkQueue.take(ScheduledThreadPoolExecutor.java:1093)
        at java.util.concurrent.ScheduledThreadPoolExecutor$DelayedWorkQueue.take(ScheduledThreadPoolExecutor.java:809)
        at java.util.concurrent.ThreadPoolExecutor.getTask(ThreadPoolExecutor.java:1074)
        at java.util.concurrent.ThreadPoolExecutor.runWorker(ThreadPoolExecutor.java:1134)
        at java.util.concurrent.ThreadPoolExecutor$Worker.run(ThreadPoolExecutor.java:624)
        at java.lang.Thread.run(Thread.java:750)
"IPC Server Responder" daemon prio=5 tid=26 runnable
java.lang.Thread.State: RUNNABLE
        at sun.nio.ch.EPollArrayWrapper.epollWait(Native Method)
        at sun.nio.ch.EPollArrayWrapper.poll(EPollArrayWrapper.java:269)
        at sun.nio.ch.EPollSelectorImpl.doSelect(EPollSelectorImpl.java:93)
        at sun.nio.ch.SelectorImpl.lockAndDoSelect(SelectorImpl.java:86)
        at sun.nio.ch.SelectorImpl.select(SelectorImpl.java:97)
        at org.apache.hadoop.ipc.Server$Responder.doRunLoop(Server.java:1582)
        at org.apache.hadoop.ipc.Server$Responder.run(Server.java:1565)
"Hadoop-Metrics-Updater-0" daemon prio=5 tid=27 timed_waiting
java.lang.Thread.State: TIMED_WAITING
        at sun.misc.Unsafe.park(Native Method)
        at java.util.concurrent.locks.LockSupport.parkNanos(LockSupport.java:215)
        at java.util.concurrent.locks.AbstractQueuedSynchronizer$ConditionObject.awaitNanos(AbstractQueuedSynchronizer.java:2078)
        at java.util.concurrent.ScheduledThreadPoolExecutor$DelayedWorkQueue.take(ScheduledThreadPoolExecutor.java:1093)
        at java.util.concurrent.ScheduledThreadPoolExecutor$DelayedWorkQueue.take(ScheduledThreadPoolExecutor.java:809)
        at java.util.concurrent.ThreadPoolExecutor.getTask(ThreadPoolExecutor.java:1074)
        at java.util.concurrent.ThreadPoolExecutor.runWorker(ThreadPoolExecutor.java:1134)
        at java.util.concurrent.ThreadPoolExecutor$Worker.run(ThreadPoolExecutor.java:624)
        at java.lang.Thread.run(Thread.java:750)
"Datanode ReportManager Thread - 3" daemon prio=5 tid=238 in Object.wait()
java.lang.Thread.State: WAITING (on object monitor)
        at sun.misc.Unsafe.park(Native Method)
        at java.util.concurrent.locks.LockSupport.park(LockSupport.java:175)
        at java.util.concurrent.locks.AbstractQueuedSynchronizer$ConditionObject.await(AbstractQueuedSynchronizer.java:2039)
        at java.util.concurrent.ScheduledThreadPoolExecutor$DelayedWorkQueue.take(ScheduledThreadPoolExecutor.java:1088)
        at java.util.concurrent.ScheduledThreadPoolExecutor$DelayedWorkQueue.take(ScheduledThreadPoolExecutor.java:809)
        at java.util.concurrent.ThreadPoolExecutor.getTask(ThreadPoolExecutor.java:1074)
        at java.util.concurrent.ThreadPoolExecutor.runWorker(ThreadPoolExecutor.java:1134)
        at java.util.concurrent.ThreadPoolExecutor$Worker.run(ThreadPoolExecutor.java:624)
        at java.lang.Thread.run(Thread.java:750)
"qtp151060420-120" daemon prio=5 tid=120 timed_waiting
java.lang.Thread.State: TIMED_WAITING
        at sun.misc.Unsafe.park(Native Method)
        at java.util.concurrent.locks.LockSupport.parkNanos(LockSupport.java:215)
        at java.util.concurrent.locks.AbstractQueuedSynchronizer$ConditionObject.awaitNanos(AbstractQueuedSynchronizer.java:2078)
        at org.eclipse.jetty.util.BlockingArrayQueue.poll(BlockingArrayQueue.java:382)
        at org.eclipse.jetty.util.thread.QueuedThreadPool$Runner.idleJobPoll(QueuedThreadPool.java:974)
        at org.eclipse.jetty.util.thread.QueuedThreadPool$Runner.run(QueuedThreadPool.java:1018)
        at java.lang.Thread.run(Thread.java:750)
"Finalizer" daemon prio=8 tid=3 in Object.wait()
java.lang.Thread.State: WAITING (on object monitor)
        at java.lang.Object.wait(Native Method)
        at java.lang.ref.ReferenceQueue.remove(ReferenceQueue.java:144)
        at java.lang.ref.ReferenceQueue.remove(ReferenceQueue.java:165)
        at java.lang.ref.Finalizer$FinalizerThread.run(Finalizer.java:188)
"FixedThreadPoolWithAffinityExecutor-8-0" daemon prio=5 tid=46 timed_waiting
java.lang.Thread.State: TIMED_WAITING
        at sun.misc.Unsafe.park(Native Method)
        at java.util.concurrent.locks.LockSupport.parkNanos(LockSupport.java:215)
        at java.util.concurrent.locks.AbstractQueuedSynchronizer$ConditionObject.awaitNanos(AbstractQueuedSynchronizer.java:2078)
        at java.util.concurrent.LinkedBlockingQueue.poll(LinkedBlockingQueue.java:467)
        at org.apache.hadoop.hdds.scm.server.ContainerReportQueue.poll(ContainerReportQueue.java:266)
        at org.apache.hadoop.hdds.scm.server.ContainerReportQueue.poll(ContainerReportQueue.java:42)
        at org.apache.hadoop.hdds.server.events.FixedThreadPoolWithAffinityExecutor$ContainerReportProcessTask.run(FixedThreadPoolWithAffinityExecutor.java:247)
        at java.util.concurrent.Executors$RunnableAdapter.call(Executors.java:511)
        at java.util.concurrent.FutureTask.run(FutureTask.java:266)
        at java.util.concurrent.ThreadPoolExecutor.runWorker(ThreadPoolExecutor.java:1149)
        at java.util.concurrent.ThreadPoolExecutor$Worker.run(ThreadPoolExecutor.java:624)
        at java.lang.Thread.run(Thread.java:750)
"IPC Server idle connection scanner for port 15001" daemon prio=5 tid=30 timed_waiting
java.lang.Thread.State: TIMED_WAITING
        at java.lang.Object.wait(Native Method)
        at java.util.TimerThread.mainLoop(Timer.java:552)
        at java.util.TimerThread.run(Timer.java:505)
"qtp689391924-154-acceptor-0@1494d014-ServerConnector@23b74c27{HTTP/1.1, (http/1.1)}{0.0.0.0:15005}" daemon prio=3 tid=154 runnable
java.lang.Thread.State: RUNNABLE
        at sun.nio.ch.ServerSocketChannelImpl.accept0(Native Method)
        at sun.nio.ch.ServerSocketChannelImpl.accept(ServerSocketChannelImpl.java:421)
        at sun.nio.ch.ServerSocketChannelImpl.accept(ServerSocketChannelImpl.java:249)
        at org.eclipse.jetty.server.ServerConnector.accept(ServerConnector.java:388)
        at org.eclipse.jetty.server.AbstractConnector$Acceptor.run(AbstractConnector.java:704)
        at org.eclipse.jetty.util.thread.QueuedThreadPool.runJob(QueuedThreadPool.java:883)
        at org.eclipse.jetty.util.thread.QueuedThreadPool$Runner.run(QueuedThreadPool.java:1034)
        at java.lang.Thread.run(Thread.java:750)
"StaleRecoveringContainerScrubbingService#2" daemon prio=5 tid=507 in Object.wait()
java.lang.Thread.State: WAITING (on object monitor)
        at sun.misc.Unsafe.park(Native Method)
        at java.util.concurrent.locks.LockSupport.park(LockSupport.java:175)
        at java.util.concurrent.locks.AbstractQueuedSynchronizer$ConditionObject.await(AbstractQueuedSynchronizer.java:2039)
        at java.util.concurrent.ScheduledThreadPoolExecutor$DelayedWorkQueue.take(ScheduledThreadPoolExecutor.java:1088)
        at java.util.concurrent.ScheduledThreadPoolExecutor$DelayedWorkQueue.take(ScheduledThreadPoolExecutor.java:809)
        at java.util.concurrent.ThreadPoolExecutor.getTask(ThreadPoolExecutor.java:1074)
        at java.util.concurrent.ThreadPoolExecutor.runWorker(ThreadPoolExecutor.java:1134)
        at java.util.concurrent.ThreadPoolExecutor$Worker.run(ThreadPoolExecutor.java:624)
        at java.lang.Thread.run(Thread.java:750)
"IPC Server handler 0 on default port 15010" daemon prio=5 tid=204 timed_waiting
java.lang.Thread.State: TIMED_WAITING
        at sun.misc.Unsafe.park(Native Method)
        at java.util.concurrent.locks.LockSupport.parkNanos(LockSupport.java:215)
        at java.util.concurrent.locks.AbstractQueuedSynchronizer$ConditionObject.awaitNanos(AbstractQueuedSynchronizer.java:2078)
        at java.util.concurrent.LinkedBlockingQueue.poll(LinkedBlockingQueue.java:467)
        at org.apache.hadoop.ipc.CallQueueManager.take(CallQueueManager.java:317)
        at org.apache.hadoop.ipc.Server$Handler.run(Server.java:3014)
"ContainerOp-5bbdc32e-28b0-403e-8d78-1c7129a268b6-1"  prio=5 tid=493 in Object.wait()
java.lang.Thread.State: WAITING (on object monitor)
        at sun.misc.Unsafe.park(Native Method)
        at java.util.concurrent.locks.LockSupport.park(LockSupport.java:175)
        at java.util.concurrent.locks.AbstractQueuedSynchronizer$ConditionObject.await(AbstractQueuedSynchronizer.java:2039)
        at java.util.concurrent.LinkedBlockingQueue.take(LinkedBlockingQueue.java:442)
        at java.util.concurrent.ThreadPoolExecutor.getTask(ThreadPoolExecutor.java:1074)
        at java.util.concurrent.ThreadPoolExecutor.runWorker(ThreadPoolExecutor.java:1134)
        at java.util.concurrent.ThreadPoolExecutor$Worker.run(ThreadPoolExecutor.java:624)
        at java.lang.Thread.run(Thread.java:750)
"ChunkWriter-3-0" daemon prio=5 tid=299 in Object.wait()
java.lang.Thread.State: WAITING (on object monitor)
        at sun.misc.Unsafe.park(Native Method)
        at java.util.concurrent.locks.LockSupport.park(LockSupport.java:175)
        at java.util.concurrent.locks.AbstractQueuedSynchronizer$ConditionObject.await(AbstractQueuedSynchronizer.java:2039)
        at java.util.concurrent.LinkedBlockingDeque.takeFirst(LinkedBlockingDeque.java:492)
        at java.util.concurrent.LinkedBlockingDeque.take(LinkedBlockingDeque.java:680)
        at java.util.concurrent.ThreadPoolExecutor.getTask(ThreadPoolExecutor.java:1074)
        at java.util.concurrent.ThreadPoolExecutor.runWorker(ThreadPoolExecutor.java:1134)
        at java.util.concurrent.ThreadPoolExecutor$Worker.run(ThreadPoolExecutor.java:624)
        at java.lang.Thread.run(Thread.java:750)
"IPC Server handler 11 on default port 15002" daemon prio=5 tid=100 timed_waiting
java.lang.Thread.State: TIMED_WAITING
        at sun.misc.Unsafe.park(Native Method)
        at java.util.concurrent.locks.LockSupport.parkNanos(LockSupport.java:215)
        at java.util.concurrent.locks.AbstractQueuedSynchronizer$ConditionObject.awaitNanos(AbstractQueuedSynchronizer.java:2078)
        at java.util.concurrent.LinkedBlockingQueue.poll(LinkedBlockingQueue.java:467)
        at org.apache.hadoop.ipc.CallQueueManager.take(CallQueueManager.java:317)
        at org.apache.hadoop.ipc.Server$Handler.run(Server.java:3014)
"qtp689391924-156" daemon prio=5 tid=156 timed_waiting
java.lang.Thread.State: TIMED_WAITING
        at sun.misc.Unsafe.park(Native Method)
        at java.util.concurrent.locks.LockSupport.parkNanos(LockSupport.java:215)
        at java.util.concurrent.locks.AbstractQueuedSynchronizer$ConditionObject.awaitNanos(AbstractQueuedSynchronizer.java:2078)
        at org.eclipse.jetty.util.BlockingArrayQueue.poll(BlockingArrayQueue.java:382)
        at org.eclipse.jetty.util.thread.QueuedThreadPool$Runner.idleJobPoll(QueuedThreadPool.java:974)
        at org.eclipse.jetty.util.thread.QueuedThreadPool$Runner.run(QueuedThreadPool.java:1018)
        at java.lang.Thread.run(Thread.java:750)
"BlockDeletingService#7" daemon prio=5 tid=333 in Object.wait()
java.lang.Thread.State: WAITING (on object monitor)
        at sun.misc.Unsafe.park(Native Method)
        at java.util.concurrent.locks.LockSupport.park(LockSupport.java:175)
        at java.util.concurrent.locks.AbstractQueuedSynchronizer$ConditionObject.await(AbstractQueuedSynchronizer.java:2039)
        at java.util.concurrent.ScheduledThreadPoolExecutor$DelayedWorkQueue.take(ScheduledThreadPoolExecutor.java:1088)
        at java.util.concurrent.ScheduledThreadPoolExecutor$DelayedWorkQueue.take(ScheduledThreadPoolExecutor.java:809)
        at java.util.concurrent.ThreadPoolExecutor.getTask(ThreadPoolExecutor.java:1074)
        at java.util.concurrent.ThreadPoolExecutor.runWorker(ThreadPoolExecutor.java:1134)
        at java.util.concurrent.ThreadPoolExecutor$Worker.run(ThreadPoolExecutor.java:624)
        at java.lang.Thread.run(Thread.java:750)
"StaleRecoveringContainerScrubbingService#2" daemon prio=5 tid=508 in Object.wait()
java.lang.Thread.State: WAITING (on object monitor)
        at sun.misc.Unsafe.park(Native Method)
        at java.util.concurrent.locks.LockSupport.park(LockSupport.java:175)
        at java.util.concurrent.locks.AbstractQueuedSynchronizer$ConditionObject.await(AbstractQueuedSynchronizer.java:2039)
        at java.util.concurrent.ScheduledThreadPoolExecutor$DelayedWorkQueue.take(ScheduledThreadPoolExecutor.java:1088)
        at java.util.concurrent.ScheduledThreadPoolExecutor$DelayedWorkQueue.take(ScheduledThreadPoolExecutor.java:809)
        at java.util.concurrent.ThreadPoolExecutor.getTask(ThreadPoolExecutor.java:1074)
        at java.util.concurrent.ThreadPoolExecutor.runWorker(ThreadPoolExecutor.java:1134)
        at java.util.concurrent.ThreadPoolExecutor$Worker.run(ThreadPoolExecutor.java:624)
        at java.lang.Thread.run(Thread.java:750)
"IPC Server handler 14 on default port 15004" daemon prio=5 tid=176 timed_waiting
java.lang.Thread.State: TIMED_WAITING
        at sun.misc.Unsafe.park(Native Method)
        at java.util.concurrent.locks.LockSupport.parkNanos(LockSupport.java:215)
        at java.util.concurrent.locks.AbstractQueuedSynchronizer$ConditionObject.awaitNanos(AbstractQueuedSynchronizer.java:2078)
        at java.util.concurrent.LinkedBlockingQueue.poll(LinkedBlockingQueue.java:467)
        at org.apache.hadoop.ipc.CallQueueManager.take(CallQueueManager.java:317)
        at org.apache.hadoop.ipc.Server$Handler.run(Server.java:3014)
"Hadoop-Metrics-Updater-0" daemon prio=5 tid=32 timed_waiting
java.lang.Thread.State: TIMED_WAITING
        at sun.misc.Unsafe.park(Native Method)
        at java.util.concurrent.locks.LockSupport.parkNanos(LockSupport.java:215)
        at java.util.concurrent.locks.AbstractQueuedSynchronizer$ConditionObject.awaitNanos(AbstractQueuedSynchronizer.java:2078)
        at java.util.concurrent.ScheduledThreadPoolExecutor$DelayedWorkQueue.take(ScheduledThreadPoolExecutor.java:1093)
        at java.util.concurrent.ScheduledThreadPoolExecutor$DelayedWorkQueue.take(ScheduledThreadPoolExecutor.java:809)
        at java.util.concurrent.ThreadPoolExecutor.getTask(ThreadPoolExecutor.java:1074)
        at java.util.concurrent.ThreadPoolExecutor.runWorker(ThreadPoolExecutor.java:1134)
        at java.util.concurrent.ThreadPoolExecutor$Worker.run(ThreadPoolExecutor.java:624)
        at java.lang.Thread.run(Thread.java:750)
"qtp1428821144-194" daemon prio=5 tid=194 timed_waiting
java.lang.Thread.State: TIMED_WAITING
        at sun.misc.Unsafe.park(Native Method)
        at java.util.concurrent.locks.LockSupport.parkNanos(LockSupport.java:215)
        at java.util.concurrent.locks.AbstractQueuedSynchronizer$ConditionObject.awaitNanos(AbstractQueuedSynchronizer.java:2078)
        at org.eclipse.jetty.util.BlockingArrayQueue.poll(BlockingArrayQueue.java:382)
        at org.eclipse.jetty.util.thread.QueuedThreadPool$Runner.idleJobPoll(QueuedThreadPool.java:974)
        at org.eclipse.jetty.util.thread.QueuedThreadPool$Runner.run(QueuedThreadPool.java:1018)
        at java.lang.Thread.run(Thread.java:750)
"BlockDeletingService#3" daemon prio=5 tid=289 in Object.wait()
java.lang.Thread.State: WAITING (on object monitor)
        at sun.misc.Unsafe.park(Native Method)
        at java.util.concurrent.locks.LockSupport.park(LockSupport.java:175)
        at java.util.concurrent.locks.AbstractQueuedSynchronizer$ConditionObject.await(AbstractQueuedSynchronizer.java:2039)
        at java.util.concurrent.ScheduledThreadPoolExecutor$DelayedWorkQueue.take(ScheduledThreadPoolExecutor.java:1088)
        at java.util.concurrent.ScheduledThreadPoolExecutor$DelayedWorkQueue.take(ScheduledThreadPoolExecutor.java:809)
        at java.util.concurrent.ThreadPoolExecutor.getTask(ThreadPoolExecutor.java:1074)
        at java.util.concurrent.ThreadPoolExecutor.runWorker(ThreadPoolExecutor.java:1134)
        at java.util.concurrent.ThreadPoolExecutor$Worker.run(ThreadPoolExecutor.java:624)
        at java.lang.Thread.run(Thread.java:750)
"Datanode State Machine Task Thread - 0"  prio=5 tid=241 in Object.wait()
java.lang.Thread.State: WAITING (on object monitor)
        at sun.misc.Unsafe.park(Native Method)
        at java.util.concurrent.locks.LockSupport.park(LockSupport.java:175)
        at java.util.concurrent.locks.AbstractQueuedSynchronizer$ConditionObject.await(AbstractQueuedSynchronizer.java:2039)
        at java.util.concurrent.LinkedBlockingQueue.take(LinkedBlockingQueue.java:442)
        at java.util.concurrent.ThreadPoolExecutor.getTask(ThreadPoolExecutor.java:1074)
        at java.util.concurrent.ThreadPoolExecutor.runWorker(ThreadPoolExecutor.java:1134)
        at java.util.concurrent.ThreadPoolExecutor$Worker.run(ThreadPoolExecutor.java:624)
        at java.lang.Thread.run(Thread.java:750)
"IPC Server listener on 15002" daemon prio=5 tid=23 runnable
java.lang.Thread.State: RUNNABLE
        at sun.nio.ch.EPollArrayWrapper.epollWait(Native Method)
        at sun.nio.ch.EPollArrayWrapper.poll(EPollArrayWrapper.java:269)
        at sun.nio.ch.EPollSelectorImpl.doSelect(EPollSelectorImpl.java:93)
        at sun.nio.ch.SelectorImpl.lockAndDoSelect(SelectorImpl.java:86)
        at sun.nio.ch.SelectorImpl.select(SelectorImpl.java:97)
        at sun.nio.ch.SelectorImpl.select(SelectorImpl.java:101)
        at org.apache.hadoop.ipc.Server$Listener.run(Server.java:1408)
"qtp37816097-221" daemon prio=5 tid=221 timed_waiting
java.lang.Thread.State: TIMED_WAITING
        at sun.misc.Unsafe.park(Native Method)
        at java.util.concurrent.locks.LockSupport.parkNanos(LockSupport.java:215)
        at java.util.concurrent.locks.AbstractQueuedSynchronizer$ConditionObject.awaitNanos(AbstractQueuedSynchronizer.java:2078)
        at org.eclipse.jetty.util.BlockingArrayQueue.poll(BlockingArrayQueue.java:382)
        at org.eclipse.jetty.util.thread.QueuedThreadPool$Runner.idleJobPoll(QueuedThreadPool.java:974)
        at org.eclipse.jetty.util.thread.QueuedThreadPool$Runner.run(QueuedThreadPool.java:1018)
        at java.lang.Thread.run(Thread.java:750)
"c33e49d7-aab4-4e8b-84a2-e80ab64b386a@group-C4DB3BE7CD35-SegmentedRaftLogWorker"  prio=5 tid=364 timed_waiting
java.lang.Thread.State: TIMED_WAITING
        at sun.misc.Unsafe.park(Native Method)
        at java.util.concurrent.locks.LockSupport.parkNanos(LockSupport.java:215)
        at java.util.concurrent.locks.AbstractQueuedSynchronizer$ConditionObject.awaitNanos(AbstractQueuedSynchronizer.java:2078)
        at org.apache.ratis.util.DataBlockingQueue.poll(DataBlockingQueue.java:148)
        at org.apache.ratis.server.raftlog.segmented.SegmentedRaftLogWorker.run(SegmentedRaftLogWorker.java:307)
        at org.apache.ratis.server.raftlog.segmented.SegmentedRaftLogWorker$$Lambda$733/1091881519.run(Unknown Source)
        at java.util.concurrent.Executors$RunnableAdapter.call(Executors.java:511)
        at java.util.concurrent.FutureTask.run(FutureTask.java:266)
        at java.util.concurrent.ThreadPoolExecutor.runWorker(ThreadPoolExecutor.java:1149)
        at java.util.concurrent.ThreadPoolExecutor$Worker.run(ThreadPoolExecutor.java:624)
        at java.lang.Thread.run(Thread.java:750)
"Datanode ReportManager Thread - 1" daemon prio=5 tid=207 in Object.wait()
java.lang.Thread.State: WAITING (on object monitor)
        at sun.misc.Unsafe.park(Native Method)
        at java.util.concurrent.locks.LockSupport.park(LockSupport.java:175)
        at java.util.concurrent.locks.AbstractQueuedSynchronizer$ConditionObject.await(AbstractQueuedSynchronizer.java:2039)
        at java.util.concurrent.ScheduledThreadPoolExecutor$DelayedWorkQueue.take(ScheduledThreadPoolExecutor.java:1088)
        at java.util.concurrent.ScheduledThreadPoolExecutor$DelayedWorkQueue.take(ScheduledThreadPoolExecutor.java:809)
        at java.util.concurrent.ThreadPoolExecutor.getTask(ThreadPoolExecutor.java:1074)
        at java.util.concurrent.ThreadPoolExecutor.runWorker(ThreadPoolExecutor.java:1134)
        at java.util.concurrent.ThreadPoolExecutor$Worker.run(ThreadPoolExecutor.java:624)
        at java.lang.Thread.run(Thread.java:750)
"c33e49d7-aab4-4e8b-84a2-e80ab64b386a-groupManagement"  prio=5 tid=363 in Object.wait()
java.lang.Thread.State: WAITING (on object monitor)
        at sun.misc.Unsafe.park(Native Method)
        at java.util.concurrent.locks.LockSupport.park(LockSupport.java:175)
        at java.util.concurrent.locks.AbstractQueuedSynchronizer$ConditionObject.await(AbstractQueuedSynchronizer.java:2039)
        at java.util.concurrent.LinkedBlockingQueue.take(LinkedBlockingQueue.java:442)
        at java.util.concurrent.ThreadPoolExecutor.getTask(ThreadPoolExecutor.java:1074)
        at java.util.concurrent.ThreadPoolExecutor.runWorker(ThreadPoolExecutor.java:1134)
        at java.util.concurrent.ThreadPoolExecutor$Worker.run(ThreadPoolExecutor.java:624)
        at java.lang.Thread.run(Thread.java:750)
"BlockDeletingService#2" daemon prio=5 tid=308 in Object.wait()
java.lang.Thread.State: WAITING (on object monitor)
        at sun.misc.Unsafe.park(Native Method)
        at java.util.concurrent.locks.LockSupport.park(LockSupport.java:175)
        at java.util.concurrent.locks.AbstractQueuedSynchronizer$ConditionObject.await(AbstractQueuedSynchronizer.java:2039)
        at java.util.concurrent.ScheduledThreadPoolExecutor$DelayedWorkQueue.take(ScheduledThreadPoolExecutor.java:1088)
        at java.util.concurrent.ScheduledThreadPoolExecutor$DelayedWorkQueue.take(ScheduledThreadPoolExecutor.java:809)
        at java.util.concurrent.ThreadPoolExecutor.getTask(ThreadPoolExecutor.java:1074)
        at java.util.concurrent.ThreadPoolExecutor.runWorker(ThreadPoolExecutor.java:1134)
        at java.util.concurrent.ThreadPoolExecutor$Worker.run(ThreadPoolExecutor.java:624)
        at java.lang.Thread.run(Thread.java:750)
"qtp151060420-118" daemon prio=5 tid=118 timed_waiting
java.lang.Thread.State: TIMED_WAITING
        at sun.misc.Unsafe.park(Native Method)
        at java.util.concurrent.locks.LockSupport.parkNanos(LockSupport.java:215)
        at java.util.concurrent.locks.AbstractQueuedSynchronizer$ConditionObject.awaitNanos(AbstractQueuedSynchronizer.java:2078)
        at org.eclipse.jetty.util.BlockingArrayQueue.poll(BlockingArrayQueue.java:382)
        at org.eclipse.jetty.util.thread.QueuedThreadPool$Runner.idleJobPoll(QueuedThreadPool.java:974)
        at org.eclipse.jetty.util.thread.QueuedThreadPool$Runner.run(QueuedThreadPool.java:1018)
        at java.lang.Thread.run(Thread.java:750)
"IPC Server handler 17 on default port 15001" daemon prio=5 tid=86 timed_waiting
java.lang.Thread.State: TIMED_WAITING
        at sun.misc.Unsafe.park(Native Method)
        at java.util.concurrent.locks.LockSupport.parkNanos(LockSupport.java:215)
        at java.util.concurrent.locks.AbstractQueuedSynchronizer$ConditionObject.awaitNanos(AbstractQueuedSynchronizer.java:2078)
        at java.util.concurrent.LinkedBlockingQueue.poll(LinkedBlockingQueue.java:467)
        at org.apache.hadoop.ipc.CallQueueManager.take(CallQueueManager.java:317)
        at org.apache.hadoop.ipc.Server$Handler.run(Server.java:3014)
"IPC Server handler 11 on default port 15001" daemon prio=5 tid=80 timed_waiting
java.lang.Thread.State: TIMED_WAITING
        at sun.misc.Unsafe.park(Native Method)
        at java.util.concurrent.locks.LockSupport.parkNanos(LockSupport.java:215)
        at java.util.concurrent.locks.AbstractQueuedSynchronizer$ConditionObject.awaitNanos(AbstractQueuedSynchronizer.java:2078)
        at java.util.concurrent.LinkedBlockingQueue.poll(LinkedBlockingQueue.java:467)
        at org.apache.hadoop.ipc.CallQueueManager.take(CallQueueManager.java:317)
        at org.apache.hadoop.ipc.Server$Handler.run(Server.java:3014)
"4099cb2b-2e2e-4151-9db7-f99ade631412@group-B847BC5CEDB0-LeaderStateImpl" daemon prio=5 tid=404 timed_waiting
java.lang.Thread.State: TIMED_WAITING
        at sun.misc.Unsafe.park(Native Method)
        at java.util.concurrent.locks.LockSupport.parkNanos(LockSupport.java:215)
        at java.util.concurrent.locks.AbstractQueuedSynchronizer$ConditionObject.awaitNanos(AbstractQueuedSynchronizer.java:2078)
        at java.util.concurrent.ArrayBlockingQueue.poll(ArrayBlockingQueue.java:418)
        at org.apache.ratis.server.impl.LeaderStateImpl$EventQueue.poll(LeaderStateImpl.java:164)
        at org.apache.ratis.server.impl.LeaderStateImpl$EventProcessor.run(LeaderStateImpl.java:702)
"IPC Server handler 16 on default port 15002" daemon prio=5 tid=105 timed_waiting
java.lang.Thread.State: TIMED_WAITING
        at sun.misc.Unsafe.park(Native Method)
        at java.util.concurrent.locks.LockSupport.parkNanos(LockSupport.java:215)
        at java.util.concurrent.locks.AbstractQueuedSynchronizer$ConditionObject.awaitNanos(AbstractQueuedSynchronizer.java:2078)
        at java.util.concurrent.LinkedBlockingQueue.poll(LinkedBlockingQueue.java:467)
        at org.apache.hadoop.ipc.CallQueueManager.take(CallQueueManager.java:317)
        at org.apache.hadoop.ipc.Server$Handler.run(Server.java:3014)
"IPC Server handler 4 on default port 15001" daemon prio=5 tid=73 timed_waiting
java.lang.Thread.State: TIMED_WAITING
        at sun.misc.Unsafe.park(Native Method)
        at java.util.concurrent.locks.LockSupport.parkNanos(LockSupport.java:215)
        at java.util.concurrent.locks.AbstractQueuedSynchronizer$ConditionObject.awaitNanos(AbstractQueuedSynchronizer.java:2078)
        at java.util.concurrent.LinkedBlockingQueue.poll(LinkedBlockingQueue.java:467)
        at org.apache.hadoop.ipc.CallQueueManager.take(CallQueueManager.java:317)
        at org.apache.hadoop.ipc.Server$Handler.run(Server.java:3014)
"StaleRecoveringContainerScrubbingService#0" daemon prio=5 tid=303 in Object.wait()
java.lang.Thread.State: WAITING (on object monitor)
        at sun.misc.Unsafe.park(Native Method)
        at java.util.concurrent.locks.LockSupport.park(LockSupport.java:175)
        at java.util.concurrent.locks.AbstractQueuedSynchronizer$ConditionObject.await(AbstractQueuedSynchronizer.java:2039)
        at java.util.concurrent.ScheduledThreadPoolExecutor$DelayedWorkQueue.take(ScheduledThreadPoolExecutor.java:1088)
        at java.util.concurrent.ScheduledThreadPoolExecutor$DelayedWorkQueue.take(ScheduledThreadPoolExecutor.java:809)
        at java.util.concurrent.ThreadPoolExecutor.getTask(ThreadPoolExecutor.java:1074)
        at java.util.concurrent.ThreadPoolExecutor.runWorker(ThreadPoolExecutor.java:1134)
        at java.util.concurrent.ThreadPoolExecutor$Worker.run(ThreadPoolExecutor.java:624)
        at java.lang.Thread.run(Thread.java:750)
"IPC Server handler 18 on default port 15002" daemon prio=5 tid=107 timed_waiting
java.lang.Thread.State: TIMED_WAITING
        at sun.misc.Unsafe.park(Native Method)
        at java.util.concurrent.locks.LockSupport.parkNanos(LockSupport.java:215)
        at java.util.concurrent.locks.AbstractQueuedSynchronizer$ConditionObject.awaitNanos(AbstractQueuedSynchronizer.java:2078)
        at java.util.concurrent.LinkedBlockingQueue.poll(LinkedBlockingQueue.java:467)
        at org.apache.hadoop.ipc.CallQueueManager.take(CallQueueManager.java:317)
        at org.apache.hadoop.ipc.Server$Handler.run(Server.java:3014)
"FixedThreadPoolWithAffinityExecutor-1-0" daemon prio=5 tid=39 timed_waiting
java.lang.Thread.State: TIMED_WAITING
        at sun.misc.Unsafe.park(Native Method)
        at java.util.concurrent.locks.LockSupport.parkNanos(LockSupport.java:215)
        at java.util.concurrent.locks.AbstractQueuedSynchronizer$ConditionObject.awaitNanos(AbstractQueuedSynchronizer.java:2078)
        at java.util.concurrent.LinkedBlockingQueue.poll(LinkedBlockingQueue.java:467)
        at org.apache.hadoop.hdds.scm.server.ContainerReportQueue.poll(ContainerReportQueue.java:266)
        at org.apache.hadoop.hdds.scm.server.ContainerReportQueue.poll(ContainerReportQueue.java:42)
        at org.apache.hadoop.hdds.server.events.FixedThreadPoolWithAffinityExecutor$ContainerReportProcessTask.run(FixedThreadPoolWithAffinityExecutor.java:247)
        at java.util.concurrent.Executors$RunnableAdapter.call(Executors.java:511)
        at java.util.concurrent.FutureTask.run(FutureTask.java:266)
        at java.util.concurrent.ThreadPoolExecutor.runWorker(ThreadPoolExecutor.java:1149)
        at java.util.concurrent.ThreadPoolExecutor$Worker.run(ThreadPoolExecutor.java:624)
        at java.lang.Thread.run(Thread.java:750)
"om1@group-C5BA1605619E-LeaderStateImpl" daemon prio=5 tid=198 timed_waiting
java.lang.Thread.State: TIMED_WAITING
        at sun.misc.Unsafe.park(Native Method)
        at java.util.concurrent.locks.LockSupport.parkNanos(LockSupport.java:215)
        at java.util.concurrent.locks.AbstractQueuedSynchronizer$ConditionObject.awaitNanos(AbstractQueuedSynchronizer.java:2078)
        at java.util.concurrent.ArrayBlockingQueue.poll(ArrayBlockingQueue.java:418)
        at org.apache.ratis.server.impl.LeaderStateImpl$EventQueue.poll(LeaderStateImpl.java:164)
        at org.apache.ratis.server.impl.LeaderStateImpl$EventProcessor.run(LeaderStateImpl.java:702)
"Socket Reader #1 for port 15002"  prio=5 tid=24 runnable
java.lang.Thread.State: RUNNABLE
        at sun.nio.ch.EPollArrayWrapper.epollWait(Native Method)
        at sun.nio.ch.EPollArrayWrapper.poll(EPollArrayWrapper.java:269)
        at sun.nio.ch.EPollSelectorImpl.doSelect(EPollSelectorImpl.java:93)
        at sun.nio.ch.SelectorImpl.lockAndDoSelect(SelectorImpl.java:86)
        at sun.nio.ch.SelectorImpl.select(SelectorImpl.java:97)
        at sun.nio.ch.SelectorImpl.select(SelectorImpl.java:101)
        at org.apache.hadoop.ipc.Server$Listener$Reader.doRunLoop(Server.java:1346)
        at org.apache.hadoop.ipc.Server$Listener$Reader.run(Server.java:1325)
"ContainerOp-5bbdc32e-28b0-403e-8d78-1c7129a268b6-1"  prio=5 tid=494 in Object.wait()
java.lang.Thread.State: WAITING (on object monitor)
        at sun.misc.Unsafe.park(Native Method)
        at java.util.concurrent.locks.LockSupport.park(LockSupport.java:175)
        at java.util.concurrent.locks.AbstractQueuedSynchronizer$ConditionObject.await(AbstractQueuedSynchronizer.java:2039)
        at java.util.concurrent.LinkedBlockingQueue.take(LinkedBlockingQueue.java:442)
        at java.util.concurrent.ThreadPoolExecutor.getTask(ThreadPoolExecutor.java:1074)
        at java.util.concurrent.ThreadPoolExecutor.runWorker(ThreadPoolExecutor.java:1134)
        at java.util.concurrent.ThreadPoolExecutor$Worker.run(ThreadPoolExecutor.java:624)
        at java.lang.Thread.run(Thread.java:750)
"IPC Server handler 0 on default port 15004" daemon prio=5 tid=162 timed_waiting
java.lang.Thread.State: TIMED_WAITING
        at sun.misc.Unsafe.park(Native Method)
        at java.util.concurrent.locks.LockSupport.parkNanos(LockSupport.java:215)
        at java.util.concurrent.locks.AbstractQueuedSynchronizer$ConditionObject.awaitNanos(AbstractQueuedSynchronizer.java:2078)
        at java.util.concurrent.LinkedBlockingQueue.poll(LinkedBlockingQueue.java:467)
        at org.apache.hadoop.ipc.CallQueueManager.take(CallQueueManager.java:317)
        at org.apache.hadoop.ipc.Server$Handler.run(Server.java:3014)
"prometheus" daemon prio=5 tid=122 in Object.wait()
java.lang.Thread.State: WAITING (on object monitor)
        at java.lang.Object.wait(Native Method)
        at java.lang.Object.wait(Object.java:502)
        at org.apache.hadoop.metrics2.impl.SinkQueue.waitForData(SinkQueue.java:114)
        at org.apache.hadoop.metrics2.impl.SinkQueue.consumeAll(SinkQueue.java:83)
        at org.apache.hadoop.metrics2.impl.MetricsSinkAdapter.publishMetricsFromQueue(MetricsSinkAdapter.java:135)
        at org.apache.hadoop.metrics2.impl.MetricsSinkAdapter$1.run(MetricsSinkAdapter.java:89)
"IPC Server handler 4 on default port 15000" daemon prio=5 tid=53 timed_waiting
java.lang.Thread.State: TIMED_WAITING
        at sun.misc.Unsafe.park(Native Method)
        at java.util.concurrent.locks.LockSupport.parkNanos(LockSupport.java:215)
        at java.util.concurrent.locks.AbstractQueuedSynchronizer$ConditionObject.awaitNanos(AbstractQueuedSynchronizer.java:2078)
        at java.util.concurrent.LinkedBlockingQueue.poll(LinkedBlockingQueue.java:467)
        at org.apache.hadoop.ipc.CallQueueManager.take(CallQueueManager.java:317)
        at org.apache.hadoop.ipc.Server$Handler.run(Server.java:3014)
"Datanode ReportManager Thread - 1" daemon prio=5 tid=236 timed_waiting
java.lang.Thread.State: TIMED_WAITING
        at sun.misc.Unsafe.park(Native Method)
        at java.util.concurrent.locks.LockSupport.parkNanos(LockSupport.java:215)
        at java.util.concurrent.locks.AbstractQueuedSynchronizer$ConditionObject.awaitNanos(AbstractQueuedSynchronizer.java:2078)
        at java.util.concurrent.ScheduledThreadPoolExecutor$DelayedWorkQueue.take(ScheduledThreadPoolExecutor.java:1093)
        at java.util.concurrent.ScheduledThreadPoolExecutor$DelayedWorkQueue.take(ScheduledThreadPoolExecutor.java:809)
        at java.util.concurrent.ThreadPoolExecutor.getTask(ThreadPoolExecutor.java:1074)
        at java.util.concurrent.ThreadPoolExecutor.runWorker(ThreadPoolExecutor.java:1134)
        at java.util.concurrent.ThreadPoolExecutor$Worker.run(ThreadPoolExecutor.java:624)
        at java.lang.Thread.run(Thread.java:750)
"IPC Server listener on 15004" daemon prio=5 tid=135 runnable
java.lang.Thread.State: RUNNABLE
        at sun.nio.ch.EPollArrayWrapper.epollWait(Native Method)
        at sun.nio.ch.EPollArrayWrapper.poll(EPollArrayWrapper.java:269)
        at sun.nio.ch.EPollSelectorImpl.doSelect(EPollSelectorImpl.java:93)
        at sun.nio.ch.SelectorImpl.lockAndDoSelect(SelectorImpl.java:86)
        at sun.nio.ch.SelectorImpl.select(SelectorImpl.java:97)
        at sun.nio.ch.SelectorImpl.select(SelectorImpl.java:101)
        at org.apache.hadoop.ipc.Server$Listener.run(Server.java:1408)
"IPC Server Responder" daemon prio=5 tid=138 runnable
java.lang.Thread.State: RUNNABLE
        at sun.nio.ch.EPollArrayWrapper.epollWait(Native Method)
        at sun.nio.ch.EPollArrayWrapper.poll(EPollArrayWrapper.java:269)
        at sun.nio.ch.EPollSelectorImpl.doSelect(EPollSelectorImpl.java:93)
        at sun.nio.ch.SelectorImpl.lockAndDoSelect(SelectorImpl.java:86)
        at sun.nio.ch.SelectorImpl.select(SelectorImpl.java:97)
        at org.apache.hadoop.ipc.Server$Responder.doRunLoop(Server.java:1582)
        at org.apache.hadoop.ipc.Server$Responder.run(Server.java:1565)
"IPC Server idle connection scanner for port 15010" daemon prio=5 tid=201 timed_waiting
java.lang.Thread.State: TIMED_WAITING
        at java.lang.Object.wait(Native Method)
        at java.util.TimerThread.mainLoop(Timer.java:552)
        at java.util.TimerThread.run(Timer.java:505)
"ContainerOp-5bbdc32e-28b0-403e-8d78-1c7129a268b6-2"  prio=5 tid=502 in Object.wait()
java.lang.Thread.State: WAITING (on object monitor)
        at sun.misc.Unsafe.park(Native Method)
        at java.util.concurrent.locks.LockSupport.park(LockSupport.java:175)
        at java.util.concurrent.locks.AbstractQueuedSynchronizer$ConditionObject.await(AbstractQueuedSynchronizer.java:2039)
        at java.util.concurrent.LinkedBlockingQueue.take(LinkedBlockingQueue.java:442)
        at java.util.concurrent.ThreadPoolExecutor.getTask(ThreadPoolExecutor.java:1074)
        at java.util.concurrent.ThreadPoolExecutor.runWorker(ThreadPoolExecutor.java:1134)
        at java.util.concurrent.ThreadPoolExecutor$Worker.run(ThreadPoolExecutor.java:624)
        at java.lang.Thread.run(Thread.java:750)
"BlockDeletingService#4" daemon prio=5 tid=292 in Object.wait()
java.lang.Thread.State: WAITING (on object monitor)
        at sun.misc.Unsafe.park(Native Method)
        at java.util.concurrent.locks.LockSupport.park(LockSupport.java:175)
        at java.util.concurrent.locks.AbstractQueuedSynchronizer$ConditionObject.await(AbstractQueuedSynchronizer.java:2039)
        at java.util.concurrent.ScheduledThreadPoolExecutor$DelayedWorkQueue.take(ScheduledThreadPoolExecutor.java:1088)
        at java.util.concurrent.ScheduledThreadPoolExecutor$DelayedWorkQueue.take(ScheduledThreadPoolExecutor.java:809)
        at java.util.concurrent.ThreadPoolExecutor.getTask(ThreadPoolExecutor.java:1074)
        at java.util.concurrent.ThreadPoolExecutor.runWorker(ThreadPoolExecutor.java:1134)
        at java.util.concurrent.ThreadPoolExecutor$Worker.run(ThreadPoolExecutor.java:624)
        at java.lang.Thread.run(Thread.java:750)
"JvmPauseMonitor1" daemon prio=5 tid=145 timed_waiting
java.lang.Thread.State: TIMED_WAITING
        at java.lang.Thread.sleep(Native Method)
        at java.lang.Thread.sleep(Thread.java:342)
        at java.util.concurrent.TimeUnit.sleep(TimeUnit.java:386)
        at org.apache.ratis.util.TimeDuration.sleep(TimeDuration.java:325)
        at org.apache.ratis.util.TimeDuration.sleep(TimeDuration.java:310)
        at org.apache.ratis.util.JvmPauseMonitor.detectPause(JvmPauseMonitor.java:117)
        at org.apache.ratis.util.JvmPauseMonitor.run(JvmPauseMonitor.java:106)
        at org.apache.ratis.util.JvmPauseMonitor$$Lambda$403/1983354774.run(Unknown Source)
        at java.lang.Thread.run(Thread.java:750)
"IPC Server handler 0 on default port 15001" daemon prio=5 tid=69 timed_waiting
java.lang.Thread.State: TIMED_WAITING
        at sun.misc.Unsafe.park(Native Method)
        at java.util.concurrent.locks.LockSupport.parkNanos(LockSupport.java:215)
        at java.util.concurrent.locks.AbstractQueuedSynchronizer$ConditionObject.awaitNanos(AbstractQueuedSynchronizer.java:2078)
        at java.util.concurrent.LinkedBlockingQueue.poll(LinkedBlockingQueue.java:467)
        at org.apache.hadoop.ipc.CallQueueManager.take(CallQueueManager.java:317)
        at org.apache.hadoop.ipc.Server$Handler.run(Server.java:3014)
"IPC Server handler 9 on default port 15002" daemon prio=5 tid=98 timed_waiting
java.lang.Thread.State: TIMED_WAITING
        at sun.misc.Unsafe.park(Native Method)
        at java.util.concurrent.locks.LockSupport.parkNanos(LockSupport.java:215)
        at java.util.concurrent.locks.AbstractQueuedSynchronizer$ConditionObject.awaitNanos(AbstractQueuedSynchronizer.java:2078)
        at java.util.concurrent.LinkedBlockingQueue.poll(LinkedBlockingQueue.java:467)
        at org.apache.hadoop.ipc.CallQueueManager.take(CallQueueManager.java:317)
        at org.apache.hadoop.ipc.Server$Handler.run(Server.java:3014)
"Datanode ReportManager Thread - 3" daemon prio=5 tid=209 timed_waiting
java.lang.Thread.State: TIMED_WAITING
        at sun.misc.Unsafe.park(Native Method)
        at java.util.concurrent.locks.LockSupport.parkNanos(LockSupport.java:215)
        at java.util.concurrent.locks.AbstractQueuedSynchronizer$ConditionObject.awaitNanos(AbstractQueuedSynchronizer.java:2078)
        at java.util.concurrent.ScheduledThreadPoolExecutor$DelayedWorkQueue.take(ScheduledThreadPoolExecutor.java:1093)
        at java.util.concurrent.ScheduledThreadPoolExecutor$DelayedWorkQueue.take(ScheduledThreadPoolExecutor.java:809)
        at java.util.concurrent.ThreadPoolExecutor.getTask(ThreadPoolExecutor.java:1074)
        at java.util.concurrent.ThreadPoolExecutor.runWorker(ThreadPoolExecutor.java:1134)
        at java.util.concurrent.ThreadPoolExecutor$Worker.run(ThreadPoolExecutor.java:624)
        at java.lang.Thread.run(Thread.java:750)
"Timer for 'StorageContainerManager' metrics system" daemon prio=5 tid=48 timed_waiting
java.lang.Thread.State: TIMED_WAITING
        at java.lang.Object.wait(Native Method)
        at java.util.TimerThread.mainLoop(Timer.java:552)
        at java.util.TimerThread.run(Timer.java:505)
"4099cb2b-2e2e-4151-9db7-f99ade631412@group-1C7129A268B6->c33e49d7-aab4-4e8b-84a2-e80ab64b386a-GrpcLogAppender-LogAppenderDaemon" daemon prio=5 tid=414 timed_waiting
java.lang.Thread.State: TIMED_WAITING
        at sun.misc.Unsafe.park(Native Method)
        at java.util.concurrent.locks.LockSupport.parkNanos(LockSupport.java:215)
        at java.util.concurrent.locks.AbstractQueuedSynchronizer$ConditionObject.await(AbstractQueuedSynchronizer.java:2163)
        at org.apache.ratis.util.AwaitForSignal.await(AwaitForSignal.java:62)
        at org.apache.ratis.grpc.server.GrpcLogAppender.mayWait(GrpcLogAppender.java:197)
        at org.apache.ratis.grpc.server.GrpcLogAppender.run(GrpcLogAppender.java:148)
        at org.apache.ratis.server.leader.LogAppenderDaemon.run(LogAppenderDaemon.java:78)
        at org.apache.ratis.server.leader.LogAppenderDaemon$$Lambda$1136/576307855.run(Unknown Source)
        at java.lang.Thread.run(Thread.java:750)
"c33e49d7-aab4-4e8b-84a2-e80ab64b386a@group-C4DB3BE7CD35-LeaderStateImpl" daemon prio=5 tid=432 timed_waiting
java.lang.Thread.State: TIMED_WAITING
        at sun.misc.Unsafe.park(Native Method)
        at java.util.concurrent.locks.LockSupport.parkNanos(LockSupport.java:215)
        at java.util.concurrent.locks.AbstractQueuedSynchronizer$ConditionObject.awaitNanos(AbstractQueuedSynchronizer.java:2078)
        at java.util.concurrent.ArrayBlockingQueue.poll(ArrayBlockingQueue.java:418)
        at org.apache.ratis.server.impl.LeaderStateImpl$EventQueue.poll(LeaderStateImpl.java:164)
        at org.apache.ratis.server.impl.LeaderStateImpl$EventProcessor.run(LeaderStateImpl.java:702)
"ChunkWriter-0-0" daemon prio=5 tid=278 in Object.wait()
java.lang.Thread.State: WAITING (on object monitor)
        at sun.misc.Unsafe.park(Native Method)
        at java.util.concurrent.locks.LockSupport.park(LockSupport.java:175)
        at java.util.concurrent.locks.AbstractQueuedSynchronizer$ConditionObject.await(AbstractQueuedSynchronizer.java:2039)
        at java.util.concurrent.LinkedBlockingDeque.takeFirst(LinkedBlockingDeque.java:492)
        at java.util.concurrent.LinkedBlockingDeque.take(LinkedBlockingDeque.java:680)
        at java.util.concurrent.ThreadPoolExecutor.getTask(ThreadPoolExecutor.java:1074)
        at java.util.concurrent.ThreadPoolExecutor.runWorker(ThreadPoolExecutor.java:1134)
        at java.util.concurrent.ThreadPoolExecutor$Worker.run(ThreadPoolExecutor.java:624)
        at java.lang.Thread.run(Thread.java:750)
"IPC Server handler 5 on default port 15002" daemon prio=5 tid=94 timed_waiting
java.lang.Thread.State: TIMED_WAITING
        at sun.misc.Unsafe.park(Native Method)
        at java.util.concurrent.locks.LockSupport.parkNanos(LockSupport.java:215)
        at java.util.concurrent.locks.AbstractQueuedSynchronizer$ConditionObject.awaitNanos(AbstractQueuedSynchronizer.java:2078)
        at java.util.concurrent.LinkedBlockingQueue.poll(LinkedBlockingQueue.java:467)
        at org.apache.hadoop.ipc.CallQueueManager.take(CallQueueManager.java:317)
        at org.apache.hadoop.ipc.Server$Handler.run(Server.java:3014)
"4099cb2b-2e2e-4151-9db7-f99ade631412@group-B847BC5CEDB0-SegmentedRaftLogWorker"  prio=5 tid=353 timed_waiting
java.lang.Thread.State: TIMED_WAITING
        at sun.misc.Unsafe.park(Native Method)
        at java.util.concurrent.locks.LockSupport.parkNanos(LockSupport.java:215)
        at java.util.concurrent.locks.AbstractQueuedSynchronizer$ConditionObject.awaitNanos(AbstractQueuedSynchronizer.java:2078)
        at org.apache.ratis.util.DataBlockingQueue.poll(DataBlockingQueue.java:148)
        at org.apache.ratis.server.raftlog.segmented.SegmentedRaftLogWorker.run(SegmentedRaftLogWorker.java:307)
        at org.apache.ratis.server.raftlog.segmented.SegmentedRaftLogWorker$$Lambda$733/1091881519.run(Unknown Source)
        at java.util.concurrent.Executors$RunnableAdapter.call(Executors.java:511)
        at java.util.concurrent.FutureTask.run(FutureTask.java:266)
        at java.util.concurrent.ThreadPoolExecutor.runWorker(ThreadPoolExecutor.java:1149)
        at java.util.concurrent.ThreadPoolExecutor$Worker.run(ThreadPoolExecutor.java:624)
        at java.lang.Thread.run(Thread.java:750)
"IPC Server listener on 15001" daemon prio=5 tid=28 runnable
java.lang.Thread.State: RUNNABLE
        at sun.nio.ch.EPollArrayWrapper.epollWait(Native Method)
        at sun.nio.ch.EPollArrayWrapper.poll(EPollArrayWrapper.java:269)
        at sun.nio.ch.EPollSelectorImpl.doSelect(EPollSelectorImpl.java:93)
        at sun.nio.ch.SelectorImpl.lockAndDoSelect(SelectorImpl.java:86)
        at sun.nio.ch.SelectorImpl.select(SelectorImpl.java:97)
        at sun.nio.ch.SelectorImpl.select(SelectorImpl.java:101)
        at org.apache.hadoop.ipc.Server$Listener.run(Server.java:1408)
"IPC Server handler 8 on default port 15000" daemon prio=5 tid=57 timed_waiting
java.lang.Thread.State: TIMED_WAITING
        at sun.misc.Unsafe.park(Native Method)
        at java.util.concurrent.locks.LockSupport.parkNanos(LockSupport.java:215)
        at java.util.concurrent.locks.AbstractQueuedSynchronizer$ConditionObject.awaitNanos(AbstractQueuedSynchronizer.java:2078)
        at java.util.concurrent.LinkedBlockingQueue.poll(LinkedBlockingQueue.java:467)
        at org.apache.hadoop.ipc.CallQueueManager.take(CallQueueManager.java:317)
        at org.apache.hadoop.ipc.Server$Handler.run(Server.java:3014)
"qtp151060420-113" daemon prio=5 tid=113 runnable
java.lang.Thread.State: RUNNABLE
        at sun.nio.ch.EPollArrayWrapper.epollWait(Native Method)
        at sun.nio.ch.EPollArrayWrapper.poll(EPollArrayWrapper.java:269)
        at sun.nio.ch.EPollSelectorImpl.doSelect(EPollSelectorImpl.java:93)
        at sun.nio.ch.SelectorImpl.lockAndDoSelect(SelectorImpl.java:86)
        at sun.nio.ch.SelectorImpl.select(SelectorImpl.java:97)
        at sun.nio.ch.SelectorImpl.select(SelectorImpl.java:101)
        at org.eclipse.jetty.io.ManagedSelector.nioSelect(ManagedSelector.java:183)
        at org.eclipse.jetty.io.ManagedSelector.select(ManagedSelector.java:190)
        at org.eclipse.jetty.io.ManagedSelector$SelectorProducer.select(ManagedSelector.java:606)
        at org.eclipse.jetty.io.ManagedSelector$SelectorProducer.produce(ManagedSelector.java:543)
        at org.eclipse.jetty.util.thread.strategy.EatWhatYouKill.produceTask(EatWhatYouKill.java:362)
        at org.eclipse.jetty.util.thread.strategy.EatWhatYouKill.doProduce(EatWhatYouKill.java:186)
        at org.eclipse.jetty.util.thread.strategy.EatWhatYouKill.tryProduce(EatWhatYouKill.java:173)
        at org.eclipse.jetty.util.thread.strategy.EatWhatYouKill.produce(EatWhatYouKill.java:137)
        at org.eclipse.jetty.io.ManagedSelector$$Lambda$441/434123672.run(Unknown Source)
        at org.eclipse.jetty.util.thread.QueuedThreadPool.runJob(QueuedThreadPool.java:883)
        at org.eclipse.jetty.util.thread.QueuedThreadPool$Runner.run(QueuedThreadPool.java:1034)
        at java.lang.Thread.run(Thread.java:750)
"PartialTableCache Cleanup Thread - 0" daemon prio=5 tid=500 in Object.wait()
java.lang.Thread.State: WAITING (on object monitor)
        at sun.misc.Unsafe.park(Native Method)
        at java.util.concurrent.locks.LockSupport.park(LockSupport.java:175)
        at java.util.concurrent.locks.AbstractQueuedSynchronizer$ConditionObject.await(AbstractQueuedSynchronizer.java:2039)
        at java.util.concurrent.LinkedBlockingQueue.take(LinkedBlockingQueue.java:442)
        at java.util.concurrent.ThreadPoolExecutor.getTask(ThreadPoolExecutor.java:1074)
        at java.util.concurrent.ThreadPoolExecutor.runWorker(ThreadPoolExecutor.java:1134)
        at java.util.concurrent.ThreadPoolExecutor$Worker.run(ThreadPoolExecutor.java:624)
        at java.lang.Thread.run(Thread.java:750)
"IPC Server handler 6 on default port 15001" daemon prio=5 tid=75 timed_waiting
java.lang.Thread.State: TIMED_WAITING
        at sun.misc.Unsafe.park(Native Method)
        at java.util.concurrent.locks.LockSupport.parkNanos(LockSupport.java:215)
        at java.util.concurrent.locks.AbstractQueuedSynchronizer$ConditionObject.awaitNanos(AbstractQueuedSynchronizer.java:2078)
        at java.util.concurrent.LinkedBlockingQueue.poll(LinkedBlockingQueue.java:467)
        at org.apache.hadoop.ipc.CallQueueManager.take(CallQueueManager.java:317)
        at org.apache.hadoop.ipc.Server$Handler.run(Server.java:3014)
"BlockDeletingService#3" daemon prio=5 tid=310 in Object.wait()
java.lang.Thread.State: WAITING (on object monitor)
        at sun.misc.Unsafe.park(Native Method)
        at java.util.concurrent.locks.LockSupport.park(LockSupport.java:175)
        at java.util.concurrent.locks.AbstractQueuedSynchronizer$ConditionObject.await(AbstractQueuedSynchronizer.java:2039)
        at java.util.concurrent.ScheduledThreadPoolExecutor$DelayedWorkQueue.take(ScheduledThreadPoolExecutor.java:1088)
        at java.util.concurrent.ScheduledThreadPoolExecutor$DelayedWorkQueue.take(ScheduledThreadPoolExecutor.java:809)
        at java.util.concurrent.ThreadPoolExecutor.getTask(ThreadPoolExecutor.java:1074)
        at java.util.concurrent.ThreadPoolExecutor.runWorker(ThreadPoolExecutor.java:1134)
        at java.util.concurrent.ThreadPoolExecutor$Worker.run(ThreadPoolExecutor.java:624)
        at java.lang.Thread.run(Thread.java:750)
"4099cb2b-2e2e-4151-9db7-f99ade631412@group-1C7129A268B6->cc71d3b4-cf6a-416c-96eb-6097e97a8fe1-GrpcLogAppender-LogAppenderDaemon" daemon prio=5 tid=413 timed_waiting
java.lang.Thread.State: TIMED_WAITING
        at sun.misc.Unsafe.park(Native Method)
        at java.util.concurrent.locks.LockSupport.parkNanos(LockSupport.java:215)
        at java.util.concurrent.locks.AbstractQueuedSynchronizer$ConditionObject.await(AbstractQueuedSynchronizer.java:2163)
        at org.apache.ratis.util.AwaitForSignal.await(AwaitForSignal.java:62)
        at org.apache.ratis.grpc.server.GrpcLogAppender.mayWait(GrpcLogAppender.java:197)
        at org.apache.ratis.grpc.server.GrpcLogAppender.run(GrpcLogAppender.java:148)
        at org.apache.ratis.server.leader.LogAppenderDaemon.run(LogAppenderDaemon.java:78)
        at org.apache.ratis.server.leader.LogAppenderDaemon$$Lambda$1136/576307855.run(Unknown Source)
        at java.lang.Thread.run(Thread.java:750)
"Timer-0"  prio=5 tid=146 timed_waiting
java.lang.Thread.State: TIMED_WAITING
        at java.lang.Object.wait(Native Method)
        at java.util.TimerThread.mainLoop(Timer.java:552)
        at java.util.TimerThread.run(Timer.java:505)
"IPC Server handler 1 on default port 15002" daemon prio=5 tid=90 timed_waiting
java.lang.Thread.State: TIMED_WAITING
        at sun.misc.Unsafe.park(Native Method)
        at java.util.concurrent.locks.LockSupport.parkNanos(LockSupport.java:215)
        at java.util.concurrent.locks.AbstractQueuedSynchronizer$ConditionObject.awaitNanos(AbstractQueuedSynchronizer.java:2078)
        at java.util.concurrent.LinkedBlockingQueue.poll(LinkedBlockingQueue.java:467)
        at org.apache.hadoop.ipc.CallQueueManager.take(CallQueueManager.java:317)
        at org.apache.hadoop.ipc.Server$Handler.run(Server.java:3014)
"ChunkWriter-2-0" daemon prio=5 tid=298 in Object.wait()
java.lang.Thread.State: WAITING (on object monitor)
        at sun.misc.Unsafe.park(Native Method)
        at java.util.concurrent.locks.LockSupport.park(LockSupport.java:175)
        at java.util.concurrent.locks.AbstractQueuedSynchronizer$ConditionObject.await(AbstractQueuedSynchronizer.java:2039)
        at java.util.concurrent.LinkedBlockingDeque.takeFirst(LinkedBlockingDeque.java:492)
        at java.util.concurrent.LinkedBlockingDeque.take(LinkedBlockingDeque.java:680)
        at java.util.concurrent.ThreadPoolExecutor.getTask(ThreadPoolExecutor.java:1074)
        at java.util.concurrent.ThreadPoolExecutor.runWorker(ThreadPoolExecutor.java:1134)
        at java.util.concurrent.ThreadPoolExecutor$Worker.run(ThreadPoolExecutor.java:624)
        at java.lang.Thread.run(Thread.java:750)
"pool-33-thread-1"  prio=5 tid=511 timed_waiting
java.lang.Thread.State: TIMED_WAITING
        at sun.misc.Unsafe.park(Native Method)
        at java.util.concurrent.locks.LockSupport.parkNanos(LockSupport.java:215)
        at java.util.concurrent.SynchronousQueue$TransferStack.awaitFulfill(SynchronousQueue.java:460)
        at java.util.concurrent.SynchronousQueue$TransferStack.transfer(SynchronousQueue.java:362)
        at java.util.concurrent.SynchronousQueue.poll(SynchronousQueue.java:941)
        at java.util.concurrent.ThreadPoolExecutor.getTask(ThreadPoolExecutor.java:1073)
        at java.util.concurrent.ThreadPoolExecutor.runWorker(ThreadPoolExecutor.java:1134)
        at java.util.concurrent.ThreadPoolExecutor$Worker.run(ThreadPoolExecutor.java:624)
        at java.lang.Thread.run(Thread.java:750)
"FixedThreadPoolWithAffinityExecutor-9-0" daemon prio=5 tid=47 timed_waiting
java.lang.Thread.State: TIMED_WAITING
        at sun.misc.Unsafe.park(Native Method)
        at java.util.concurrent.locks.LockSupport.parkNanos(LockSupport.java:215)
        at java.util.concurrent.locks.AbstractQueuedSynchronizer$ConditionObject.awaitNanos(AbstractQueuedSynchronizer.java:2078)
        at java.util.concurrent.LinkedBlockingQueue.poll(LinkedBlockingQueue.java:467)
        at org.apache.hadoop.hdds.scm.server.ContainerReportQueue.poll(ContainerReportQueue.java:266)
        at org.apache.hadoop.hdds.scm.server.ContainerReportQueue.poll(ContainerReportQueue.java:42)
        at org.apache.hadoop.hdds.server.events.FixedThreadPoolWithAffinityExecutor$ContainerReportProcessTask.run(FixedThreadPoolWithAffinityExecutor.java:247)
        at java.util.concurrent.Executors$RunnableAdapter.call(Executors.java:511)
        at java.util.concurrent.FutureTask.run(FutureTask.java:266)
        at java.util.concurrent.ThreadPoolExecutor.runWorker(ThreadPoolExecutor.java:1149)
        at java.util.concurrent.ThreadPoolExecutor$Worker.run(ThreadPoolExecutor.java:624)
        at java.lang.Thread.run(Thread.java:750)
"qtp37816097-220-acceptor-0@21862386-ServerConnector@70587c0c{HTTP/1.1, (http/1.1)}{0.0.0.0:15018}" daemon prio=3 tid=220 runnable
java.lang.Thread.State: RUNNABLE
        at sun.nio.ch.ServerSocketChannelImpl.accept0(Native Method)
        at sun.nio.ch.ServerSocketChannelImpl.accept(ServerSocketChannelImpl.java:421)
        at sun.nio.ch.ServerSocketChannelImpl.accept(ServerSocketChannelImpl.java:249)
        at org.eclipse.jetty.server.ServerConnector.accept(ServerConnector.java:388)
        at org.eclipse.jetty.server.AbstractConnector$Acceptor.run(AbstractConnector.java:704)
        at org.eclipse.jetty.util.thread.QueuedThreadPool.runJob(QueuedThreadPool.java:883)
        at org.eclipse.jetty.util.thread.QueuedThreadPool$Runner.run(QueuedThreadPool.java:1034)
        at java.lang.Thread.run(Thread.java:750)
"IPC Server listener on 15010" daemon prio=5 tid=199 runnable
java.lang.Thread.State: RUNNABLE
        at sun.nio.ch.EPollArrayWrapper.epollWait(Native Method)
        at sun.nio.ch.EPollArrayWrapper.poll(EPollArrayWrapper.java:269)
        at sun.nio.ch.EPollSelectorImpl.doSelect(EPollSelectorImpl.java:93)
        at sun.nio.ch.SelectorImpl.lockAndDoSelect(SelectorImpl.java:86)
        at sun.nio.ch.SelectorImpl.select(SelectorImpl.java:97)
        at sun.nio.ch.SelectorImpl.select(SelectorImpl.java:101)
        at org.apache.hadoop.ipc.Server$Listener.run(Server.java:1408)
"BlockDeletingService#7" daemon prio=5 tid=309 timed_waiting
java.lang.Thread.State: TIMED_WAITING
        at sun.misc.Unsafe.park(Native Method)
        at java.util.concurrent.locks.LockSupport.parkNanos(LockSupport.java:215)
        at java.util.concurrent.locks.AbstractQueuedSynchronizer$ConditionObject.awaitNanos(AbstractQueuedSynchronizer.java:2078)
        at java.util.concurrent.ScheduledThreadPoolExecutor$DelayedWorkQueue.take(ScheduledThreadPoolExecutor.java:1093)
        at java.util.concurrent.ScheduledThreadPoolExecutor$DelayedWorkQueue.take(ScheduledThreadPoolExecutor.java:809)
        at java.util.concurrent.ThreadPoolExecutor.getTask(ThreadPoolExecutor.java:1074)
        at java.util.concurrent.ThreadPoolExecutor.runWorker(ThreadPoolExecutor.java:1134)
        at java.util.concurrent.ThreadPoolExecutor$Worker.run(ThreadPoolExecutor.java:624)
        at java.lang.Thread.run(Thread.java:750)
"IPC Server handler 6 on default port 15004" daemon prio=5 tid=168 timed_waiting
java.lang.Thread.State: TIMED_WAITING
        at sun.misc.Unsafe.park(Native Method)
        at java.util.concurrent.locks.LockSupport.parkNanos(LockSupport.java:215)
        at java.util.concurrent.locks.AbstractQueuedSynchronizer$ConditionObject.awaitNanos(AbstractQueuedSynchronizer.java:2078)
        at java.util.concurrent.LinkedBlockingQueue.poll(LinkedBlockingQueue.java:467)
        at org.apache.hadoop.ipc.CallQueueManager.take(CallQueueManager.java:317)
        at org.apache.hadoop.ipc.Server$Handler.run(Server.java:3014)
"qtp151060420-116" daemon prio=5 tid=116 timed_waiting
java.lang.Thread.State: TIMED_WAITING
        at sun.misc.Unsafe.park(Native Method)
        at java.util.concurrent.locks.LockSupport.parkNanos(LockSupport.java:215)
        at java.util.concurrent.locks.AbstractQueuedSynchronizer$ConditionObject.awaitNanos(AbstractQueuedSynchronizer.java:2078)
        at org.eclipse.jetty.util.BlockingArrayQueue.poll(BlockingArrayQueue.java:382)
        at org.eclipse.jetty.util.thread.QueuedThreadPool$Runner.idleJobPoll(QueuedThreadPool.java:974)
        at org.eclipse.jetty.util.thread.QueuedThreadPool$Runner.run(QueuedThreadPool.java:1018)
        at java.lang.Thread.run(Thread.java:750)
"c33e49d7-aab4-4e8b-84a2-e80ab64b386a@group-1C7129A268B6-StateMachineUpdater" daemon prio=5 tid=369 timed_waiting
java.lang.Thread.State: TIMED_WAITING
        at sun.misc.Unsafe.park(Native Method)
        at java.util.concurrent.locks.LockSupport.parkNanos(LockSupport.java:215)
        at java.util.concurrent.locks.AbstractQueuedSynchronizer$ConditionObject.await(AbstractQueuedSynchronizer.java:2163)
        at org.apache.ratis.util.AwaitForSignal.await(AwaitForSignal.java:62)
        at org.apache.ratis.server.impl.StateMachineUpdater.waitForCommit(StateMachineUpdater.java:209)
        at org.apache.ratis.server.impl.StateMachineUpdater.run(StateMachineUpdater.java:178)
        at java.lang.Thread.run(Thread.java:750)
"PartialTableCache Cleanup Thread - 0" daemon prio=5 tid=499 in Object.wait()
java.lang.Thread.State: WAITING (on object monitor)
        at sun.misc.Unsafe.park(Native Method)
        at java.util.concurrent.locks.LockSupport.park(LockSupport.java:175)
        at java.util.concurrent.locks.AbstractQueuedSynchronizer$ConditionObject.await(AbstractQueuedSynchronizer.java:2039)
        at java.util.concurrent.LinkedBlockingQueue.take(LinkedBlockingQueue.java:442)
        at java.util.concurrent.ThreadPoolExecutor.getTask(ThreadPoolExecutor.java:1074)
        at java.util.concurrent.ThreadPoolExecutor.runWorker(ThreadPoolExecutor.java:1134)
        at java.util.concurrent.ThreadPoolExecutor$Worker.run(ThreadPoolExecutor.java:624)
        at java.lang.Thread.run(Thread.java:750)
"Socket Reader #1 for port 15000"  prio=5 tid=34 runnable
java.lang.Thread.State: RUNNABLE
        at sun.nio.ch.EPollArrayWrapper.epollWait(Native Method)
        at sun.nio.ch.EPollArrayWrapper.poll(EPollArrayWrapper.java:269)
        at sun.nio.ch.EPollSelectorImpl.doSelect(EPollSelectorImpl.java:93)
        at sun.nio.ch.SelectorImpl.lockAndDoSelect(SelectorImpl.java:86)
        at sun.nio.ch.SelectorImpl.select(SelectorImpl.java:97)
        at sun.nio.ch.SelectorImpl.select(SelectorImpl.java:101)
        at org.apache.hadoop.ipc.Server$Listener$Reader.doRunLoop(Server.java:1346)
        at org.apache.hadoop.ipc.Server$Listener$Reader.run(Server.java:1325)
"IPC Server handler 4 on default port 15004" daemon prio=5 tid=166 timed_waiting
java.lang.Thread.State: TIMED_WAITING
        at sun.misc.Unsafe.park(Native Method)
        at java.util.concurrent.locks.LockSupport.parkNanos(LockSupport.java:215)
        at java.util.concurrent.locks.AbstractQueuedSynchronizer$ConditionObject.awaitNanos(AbstractQueuedSynchronizer.java:2078)
        at java.util.concurrent.LinkedBlockingQueue.poll(LinkedBlockingQueue.java:467)
        at org.apache.hadoop.ipc.CallQueueManager.take(CallQueueManager.java:317)
        at org.apache.hadoop.ipc.Server$Handler.run(Server.java:3014)
"IPC Server handler 3 on default port 15001" daemon prio=5 tid=72 timed_waiting
java.lang.Thread.State: TIMED_WAITING
        at sun.misc.Unsafe.park(Native Method)
        at java.util.concurrent.locks.LockSupport.parkNanos(LockSupport.java:215)
        at java.util.concurrent.locks.AbstractQueuedSynchronizer$ConditionObject.awaitNanos(AbstractQueuedSynchronizer.java:2078)
        at java.util.concurrent.LinkedBlockingQueue.poll(LinkedBlockingQueue.java:467)
        at org.apache.hadoop.ipc.CallQueueManager.take(CallQueueManager.java:317)
        at org.apache.hadoop.ipc.Server$Handler.run(Server.java:3014)
"IPC Server handler 7 on default port 15000" daemon prio=5 tid=56 timed_waiting
java.lang.Thread.State: TIMED_WAITING
        at sun.misc.Unsafe.park(Native Method)
        at java.util.concurrent.locks.LockSupport.parkNanos(LockSupport.java:215)
        at java.util.concurrent.locks.AbstractQueuedSynchronizer$ConditionObject.awaitNanos(AbstractQueuedSynchronizer.java:2078)
        at java.util.concurrent.LinkedBlockingQueue.poll(LinkedBlockingQueue.java:467)
        at org.apache.hadoop.ipc.CallQueueManager.take(CallQueueManager.java:317)
        at org.apache.hadoop.ipc.Server$Handler.run(Server.java:3014)
"BackgroundPipelineScrubberThread" daemon prio=5 tid=16 timed_waiting
java.lang.Thread.State: TIMED_WAITING
        at java.lang.Object.wait(Native Method)
        at org.apache.hadoop.hdds.scm.ha.BackgroundSCMService.run(BackgroundSCMService.java:110)
        at org.apache.hadoop.hdds.scm.ha.BackgroundSCMService$$Lambda$355/1532725040.run(Unknown Source)
        at java.lang.Thread.run(Thread.java:750)
"StaleRecoveringContainerScrubbingService#1" daemon prio=5 tid=305 timed_waiting
java.lang.Thread.State: TIMED_WAITING
        at sun.misc.Unsafe.park(Native Method)
        at java.util.concurrent.locks.LockSupport.parkNanos(LockSupport.java:215)
        at java.util.concurrent.locks.AbstractQueuedSynchronizer$ConditionObject.awaitNanos(AbstractQueuedSynchronizer.java:2078)
        at java.util.concurrent.ScheduledThreadPoolExecutor$DelayedWorkQueue.take(ScheduledThreadPoolExecutor.java:1093)
        at java.util.concurrent.ScheduledThreadPoolExecutor$DelayedWorkQueue.take(ScheduledThreadPoolExecutor.java:809)
        at java.util.concurrent.ThreadPoolExecutor.getTask(ThreadPoolExecutor.java:1074)
        at java.util.concurrent.ThreadPoolExecutor.runWorker(ThreadPoolExecutor.java:1134)
        at java.util.concurrent.ThreadPoolExecutor$Worker.run(ThreadPoolExecutor.java:624)
        at java.lang.Thread.run(Thread.java:750)
"qtp1428821144-188" daemon prio=5 tid=188 runnable
java.lang.Thread.State: RUNNABLE
        at sun.nio.ch.EPollArrayWrapper.epollWait(Native Method)
        at sun.nio.ch.EPollArrayWrapper.poll(EPollArrayWrapper.java:269)
        at sun.nio.ch.EPollSelectorImpl.doSelect(EPollSelectorImpl.java:93)
        at sun.nio.ch.SelectorImpl.lockAndDoSelect(SelectorImpl.java:86)
        at sun.nio.ch.SelectorImpl.select(SelectorImpl.java:97)
        at sun.nio.ch.SelectorImpl.select(SelectorImpl.java:101)
        at org.eclipse.jetty.io.ManagedSelector.nioSelect(ManagedSelector.java:183)
        at org.eclipse.jetty.io.ManagedSelector.select(ManagedSelector.java:190)
        at org.eclipse.jetty.io.ManagedSelector$SelectorProducer.select(ManagedSelector.java:606)
        at org.eclipse.jetty.io.ManagedSelector$SelectorProducer.produce(ManagedSelector.java:543)
        at org.eclipse.jetty.util.thread.strategy.EatWhatYouKill.produceTask(EatWhatYouKill.java:362)
        at org.eclipse.jetty.util.thread.strategy.EatWhatYouKill.doProduce(EatWhatYouKill.java:186)
        at org.eclipse.jetty.util.thread.strategy.EatWhatYouKill.tryProduce(EatWhatYouKill.java:173)
        at org.eclipse.jetty.util.thread.strategy.EatWhatYouKill.produce(EatWhatYouKill.java:137)
        at org.eclipse.jetty.io.ManagedSelector$$Lambda$441/434123672.run(Unknown Source)
        at org.eclipse.jetty.util.thread.QueuedThreadPool.runJob(QueuedThreadPool.java:883)
        at org.eclipse.jetty.util.thread.QueuedThreadPool$Runner.run(QueuedThreadPool.java:1034)
        at java.lang.Thread.run(Thread.java:750)
"timer4" daemon prio=5 tid=423 timed_waiting
java.lang.Thread.State: TIMED_WAITING
        at java.lang.Object.wait(Native Method)
        at java.util.TimerThread.mainLoop(Timer.java:552)
        at java.util.TimerThread.run(Timer.java:505)
"BlockDeletingService#4" daemon prio=5 tid=314 in Object.wait()
java.lang.Thread.State: WAITING (on object monitor)
        at sun.misc.Unsafe.park(Native Method)
        at java.util.concurrent.locks.LockSupport.park(LockSupport.java:175)
        at java.util.concurrent.locks.AbstractQueuedSynchronizer$ConditionObject.await(AbstractQueuedSynchronizer.java:2039)
        at java.util.concurrent.ScheduledThreadPoolExecutor$DelayedWorkQueue.take(ScheduledThreadPoolExecutor.java:1088)
        at java.util.concurrent.ScheduledThreadPoolExecutor$DelayedWorkQueue.take(ScheduledThreadPoolExecutor.java:809)
        at java.util.concurrent.ThreadPoolExecutor.getTask(ThreadPoolExecutor.java:1074)
        at java.util.concurrent.ThreadPoolExecutor.runWorker(ThreadPoolExecutor.java:1134)
        at java.util.concurrent.ThreadPoolExecutor$Worker.run(ThreadPoolExecutor.java:624)
        at java.lang.Thread.run(Thread.java:750)
"OMDoubleBufferFlushThread" daemon prio=5 tid=130 timed_waiting
java.lang.Thread.State: TIMED_WAITING
        at java.lang.Object.wait(Native Method)
        at org.apache.hadoop.ozone.om.ratis.OzoneManagerDoubleBuffer.canFlush(OzoneManagerDoubleBuffer.java:627)
        at org.apache.hadoop.ozone.om.ratis.OzoneManagerDoubleBuffer.flushTransactions(OzoneManagerDoubleBuffer.java:278)
        at org.apache.hadoop.ozone.om.ratis.OzoneManagerDoubleBuffer$$Lambda$546/1135234573.run(Unknown Source)
        at java.lang.Thread.run(Thread.java:750)
"IPC Server handler 10 on default port 15002" daemon prio=5 tid=99 timed_waiting
java.lang.Thread.State: TIMED_WAITING
        at sun.misc.Unsafe.park(Native Method)
        at java.util.concurrent.locks.LockSupport.parkNanos(LockSupport.java:215)
        at java.util.concurrent.locks.AbstractQueuedSynchronizer$ConditionObject.awaitNanos(AbstractQueuedSynchronizer.java:2078)
        at java.util.concurrent.LinkedBlockingQueue.poll(LinkedBlockingQueue.java:467)
        at org.apache.hadoop.ipc.CallQueueManager.take(CallQueueManager.java:317)
        at org.apache.hadoop.ipc.Server$Handler.run(Server.java:3014)
"EventQueue-StaleNodeForStaleNodeHandler" daemon prio=5 tid=509 in Object.wait()
java.lang.Thread.State: WAITING (on object monitor)
        at sun.misc.Unsafe.park(Native Method)
        at java.util.concurrent.locks.LockSupport.park(LockSupport.java:175)
        at java.util.concurrent.locks.AbstractQueuedSynchronizer$ConditionObject.await(AbstractQueuedSynchronizer.java:2039)
        at java.util.concurrent.LinkedBlockingQueue.take(LinkedBlockingQueue.java:442)
        at java.util.concurrent.ThreadPoolExecutor.getTask(ThreadPoolExecutor.java:1074)
        at java.util.concurrent.ThreadPoolExecutor.runWorker(ThreadPoolExecutor.java:1134)
        at java.util.concurrent.ThreadPoolExecutor$Worker.run(ThreadPoolExecutor.java:624)
        at java.lang.Thread.run(Thread.java:750)
"IPC Server handler 16 on default port 15000" daemon prio=5 tid=65 timed_waiting
java.lang.Thread.State: TIMED_WAITING
        at sun.misc.Unsafe.park(Native Method)
        at java.util.concurrent.locks.LockSupport.parkNanos(LockSupport.java:215)
        at java.util.concurrent.locks.AbstractQueuedSynchronizer$ConditionObject.awaitNanos(AbstractQueuedSynchronizer.java:2078)
        at java.util.concurrent.LinkedBlockingQueue.poll(LinkedBlockingQueue.java:467)
        at org.apache.hadoop.ipc.CallQueueManager.take(CallQueueManager.java:317)
        at org.apache.hadoop.ipc.Server$Handler.run(Server.java:3014)
"IPC Server idle connection scanner for port 15019" daemon prio=5 tid=230 timed_waiting
java.lang.Thread.State: TIMED_WAITING
        at java.lang.Object.wait(Native Method)
        at java.util.TimerThread.mainLoop(Timer.java:552)
        at java.util.TimerThread.run(Timer.java:505)
"qtp37816097-225" daemon prio=5 tid=225 timed_waiting
java.lang.Thread.State: TIMED_WAITING
        at sun.misc.Unsafe.park(Native Method)
        at java.util.concurrent.locks.LockSupport.parkNanos(LockSupport.java:215)
        at java.util.concurrent.locks.AbstractQueuedSynchronizer$ConditionObject.awaitNanos(AbstractQueuedSynchronizer.java:2078)
        at org.eclipse.jetty.util.BlockingArrayQueue.poll(BlockingArrayQueue.java:382)
        at org.eclipse.jetty.util.thread.QueuedThreadPool$Runner.idleJobPoll(QueuedThreadPool.java:974)
        at org.eclipse.jetty.util.thread.QueuedThreadPool$Runner.run(QueuedThreadPool.java:1018)
        at java.lang.Thread.run(Thread.java:750)
"IPC Server handler 3 on default port 15004" daemon prio=5 tid=165 timed_waiting
java.lang.Thread.State: TIMED_WAITING
        at sun.misc.Unsafe.park(Native Method)
        at java.util.concurrent.locks.LockSupport.parkNanos(LockSupport.java:215)
        at java.util.concurrent.locks.AbstractQueuedSynchronizer$ConditionObject.awaitNanos(AbstractQueuedSynchronizer.java:2078)
        at java.util.concurrent.LinkedBlockingQueue.poll(LinkedBlockingQueue.java:467)
        at org.apache.hadoop.ipc.CallQueueManager.take(CallQueueManager.java:317)
        at org.apache.hadoop.ipc.Server$Handler.run(Server.java:3014)
"om1@group-C5BA1605619E-SegmentedRaftLogWorker"  prio=5 tid=141 timed_waiting
java.lang.Thread.State: TIMED_WAITING
        at sun.misc.Unsafe.park(Native Method)
        at java.util.concurrent.locks.LockSupport.parkNanos(LockSupport.java:215)
        at java.util.concurrent.locks.AbstractQueuedSynchronizer$ConditionObject.awaitNanos(AbstractQueuedSynchronizer.java:2078)
        at org.apache.ratis.util.DataBlockingQueue.poll(DataBlockingQueue.java:148)
        at org.apache.ratis.server.raftlog.segmented.SegmentedRaftLogWorker.run(SegmentedRaftLogWorker.java:307)
        at org.apache.ratis.server.raftlog.segmented.SegmentedRaftLogWorker$$Lambda$733/1091881519.run(Unknown Source)
        at java.util.concurrent.Executors$RunnableAdapter.call(Executors.java:511)
        at java.util.concurrent.FutureTask.run(FutureTask.java:266)
        at java.util.concurrent.ThreadPoolExecutor.runWorker(ThreadPoolExecutor.java:1149)
        at java.util.concurrent.ThreadPoolExecutor$Worker.run(ThreadPoolExecutor.java:624)
        at java.lang.Thread.run(Thread.java:750)
"IPC Server handler 0 on default port 15019" daemon prio=5 tid=233 timed_waiting
java.lang.Thread.State: TIMED_WAITING
        at sun.misc.Unsafe.park(Native Method)
        at java.util.concurrent.locks.LockSupport.parkNanos(LockSupport.java:215)
        at java.util.concurrent.locks.AbstractQueuedSynchronizer$ConditionObject.awaitNanos(AbstractQueuedSynchronizer.java:2078)
        at java.util.concurrent.LinkedBlockingQueue.poll(LinkedBlockingQueue.java:467)
        at org.apache.hadoop.ipc.CallQueueManager.take(CallQueueManager.java:317)
        at org.apache.hadoop.ipc.Server$Handler.run(Server.java:3014)
"IPC Server idle connection scanner for port 15004" daemon prio=5 tid=137 timed_waiting
java.lang.Thread.State: TIMED_WAITING
        at java.lang.Object.wait(Native Method)
        at java.util.TimerThread.mainLoop(Timer.java:552)
        at java.util.TimerThread.run(Timer.java:505)
"IPC Server handler 19 on default port 15004" daemon prio=5 tid=181 timed_waiting
java.lang.Thread.State: TIMED_WAITING
        at sun.misc.Unsafe.park(Native Method)
        at java.util.concurrent.locks.LockSupport.parkNanos(LockSupport.java:215)
        at java.util.concurrent.locks.AbstractQueuedSynchronizer$ConditionObject.awaitNanos(AbstractQueuedSynchronizer.java:2078)
        at java.util.concurrent.LinkedBlockingQueue.poll(LinkedBlockingQueue.java:467)
        at org.apache.hadoop.ipc.CallQueueManager.take(CallQueueManager.java:317)
        at org.apache.hadoop.ipc.Server$Handler.run(Server.java:3014)
"EventQueue-NodeRegistrationContainerReportForContainerSafeModeRule" daemon prio=5 tid=343 in Object.wait()
java.lang.Thread.State: WAITING (on object monitor)
        at sun.misc.Unsafe.park(Native Method)
        at java.util.concurrent.locks.LockSupport.park(LockSupport.java:175)
        at java.util.concurrent.locks.AbstractQueuedSynchronizer$ConditionObject.await(AbstractQueuedSynchronizer.java:2039)
        at java.util.concurrent.LinkedBlockingQueue.take(LinkedBlockingQueue.java:442)
        at java.util.concurrent.ThreadPoolExecutor.getTask(ThreadPoolExecutor.java:1074)
        at java.util.concurrent.ThreadPoolExecutor.runWorker(ThreadPoolExecutor.java:1134)
        at java.util.concurrent.ThreadPoolExecutor$Worker.run(ThreadPoolExecutor.java:624)
        at java.lang.Thread.run(Thread.java:750)
"BlockDeletingService#9" daemon prio=5 tid=328 in Object.wait()
java.lang.Thread.State: WAITING (on object monitor)
        at sun.misc.Unsafe.park(Native Method)
        at java.util.concurrent.locks.LockSupport.park(LockSupport.java:175)
        at java.util.concurrent.locks.AbstractQueuedSynchronizer$ConditionObject.await(AbstractQueuedSynchronizer.java:2039)
        at java.util.concurrent.ScheduledThreadPoolExecutor$DelayedWorkQueue.take(ScheduledThreadPoolExecutor.java:1088)
        at java.util.concurrent.ScheduledThreadPoolExecutor$DelayedWorkQueue.take(ScheduledThreadPoolExecutor.java:809)
        at java.util.concurrent.ThreadPoolExecutor.getTask(ThreadPoolExecutor.java:1074)
        at java.util.concurrent.ThreadPoolExecutor.runWorker(ThreadPoolExecutor.java:1134)
        at java.util.concurrent.ThreadPoolExecutor$Worker.run(ThreadPoolExecutor.java:624)
        at java.lang.Thread.run(Thread.java:750)
"EndpointStateMachine task thread for /0.0.0.0:15002 - 0 "  prio=5 tid=291 in Object.wait()
java.lang.Thread.State: WAITING (on object monitor)
        at sun.misc.Unsafe.park(Native Method)
        at java.util.concurrent.locks.LockSupport.park(LockSupport.java:175)
        at java.util.concurrent.locks.AbstractQueuedSynchronizer$ConditionObject.await(AbstractQueuedSynchronizer.java:2039)
        at java.util.concurrent.LinkedBlockingQueue.take(LinkedBlockingQueue.java:442)
        at java.util.concurrent.ThreadPoolExecutor.getTask(ThreadPoolExecutor.java:1074)
        at java.util.concurrent.ThreadPoolExecutor.runWorker(ThreadPoolExecutor.java:1134)
        at java.util.concurrent.ThreadPoolExecutor$Worker.run(ThreadPoolExecutor.java:624)
        at java.lang.Thread.run(Thread.java:750)
"SCM Heartbeat Processing Thread - 0" daemon prio=5 tid=14 timed_waiting
java.lang.Thread.State: TIMED_WAITING
        at sun.misc.Unsafe.park(Native Method)
        at java.util.concurrent.locks.LockSupport.parkNanos(LockSupport.java:215)
        at java.util.concurrent.locks.AbstractQueuedSynchronizer$ConditionObject.awaitNanos(AbstractQueuedSynchronizer.java:2078)
        at java.util.concurrent.ScheduledThreadPoolExecutor$DelayedWorkQueue.take(ScheduledThreadPoolExecutor.java:1093)
        at java.util.concurrent.ScheduledThreadPoolExecutor$DelayedWorkQueue.take(ScheduledThreadPoolExecutor.java:809)
        at java.util.concurrent.ThreadPoolExecutor.getTask(ThreadPoolExecutor.java:1074)
        at java.util.concurrent.ThreadPoolExecutor.runWorker(ThreadPoolExecutor.java:1134)
        at java.util.concurrent.ThreadPoolExecutor$Worker.run(ThreadPoolExecutor.java:624)
        at java.lang.Thread.run(Thread.java:750)
"IPC Parameter Sending Thread for 0.0.0.0/0.0.0.0:15002" daemon prio=5 tid=274 timed_waiting
java.lang.Thread.State: TIMED_WAITING
        at sun.misc.Unsafe.park(Native Method)
        at java.util.concurrent.locks.LockSupport.parkNanos(LockSupport.java:215)
        at java.util.concurrent.SynchronousQueue$TransferQueue.awaitFulfill(SynchronousQueue.java:764)
        at java.util.concurrent.SynchronousQueue$TransferQueue.transfer(SynchronousQueue.java:695)
        at java.util.concurrent.SynchronousQueue.poll(SynchronousQueue.java:941)
        at org.apache.hadoop.ipc.Client$Connection$RpcRequestSender.run(Client.java:1105)
        at java.lang.Thread.run(Thread.java:750)
"timer6" daemon prio=5 tid=484 in Object.wait()
java.lang.Thread.State: WAITING (on object monitor)
        at java.lang.Object.wait(Native Method)
        at java.lang.Object.wait(Object.java:502)
        at java.util.TimerThread.mainLoop(Timer.java:526)
        at java.util.TimerThread.run(Timer.java:505)
"ChunkWriter-1-0" daemon prio=5 tid=297 in Object.wait()
java.lang.Thread.State: WAITING (on object monitor)
        at sun.misc.Unsafe.park(Native Method)
        at java.util.concurrent.locks.LockSupport.park(LockSupport.java:175)
        at java.util.concurrent.locks.AbstractQueuedSynchronizer$ConditionObject.await(AbstractQueuedSynchronizer.java:2039)
        at java.util.concurrent.LinkedBlockingDeque.takeFirst(LinkedBlockingDeque.java:492)
        at java.util.concurrent.LinkedBlockingDeque.take(LinkedBlockingDeque.java:680)
        at java.util.concurrent.ThreadPoolExecutor.getTask(ThreadPoolExecutor.java:1074)
        at java.util.concurrent.ThreadPoolExecutor.runWorker(ThreadPoolExecutor.java:1134)
        at java.util.concurrent.ThreadPoolExecutor$Worker.run(ThreadPoolExecutor.java:624)
        at java.lang.Thread.run(Thread.java:750)
"Session-HouseKeeper-84dd12d-1"  prio=5 tid=161 timed_waiting
java.lang.Thread.State: TIMED_WAITING
        at sun.misc.Unsafe.park(Native Method)
        at java.util.concurrent.locks.LockSupport.parkNanos(LockSupport.java:215)
        at java.util.concurrent.locks.AbstractQueuedSynchronizer$ConditionObject.awaitNanos(AbstractQueuedSynchronizer.java:2078)
        at java.util.concurrent.ScheduledThreadPoolExecutor$DelayedWorkQueue.take(ScheduledThreadPoolExecutor.java:1093)
        at java.util.concurrent.ScheduledThreadPoolExecutor$DelayedWorkQueue.take(ScheduledThreadPoolExecutor.java:809)
        at java.util.concurrent.ThreadPoolExecutor.getTask(ThreadPoolExecutor.java:1074)
        at java.util.concurrent.ThreadPoolExecutor.runWorker(ThreadPoolExecutor.java:1134)
        at java.util.concurrent.ThreadPoolExecutor$Worker.run(ThreadPoolExecutor.java:624)
        at java.lang.Thread.run(Thread.java:750)
"IPC Server handler 3 on default port 15002" daemon prio=5 tid=92 timed_waiting
java.lang.Thread.State: TIMED_WAITING
        at sun.misc.Unsafe.park(Native Method)
        at java.util.concurrent.locks.LockSupport.parkNanos(LockSupport.java:215)
        at java.util.concurrent.locks.AbstractQueuedSynchronizer$ConditionObject.awaitNanos(AbstractQueuedSynchronizer.java:2078)
        at java.util.concurrent.LinkedBlockingQueue.poll(LinkedBlockingQueue.java:467)
        at org.apache.hadoop.ipc.CallQueueManager.take(CallQueueManager.java:317)
        at org.apache.hadoop.ipc.Server$Handler.run(Server.java:3014)
"Datanode State Machine Task Thread - 1"  prio=5 tid=290 in Object.wait()
java.lang.Thread.State: WAITING (on object monitor)
        at sun.misc.Unsafe.park(Native Method)
        at java.util.concurrent.locks.LockSupport.park(LockSupport.java:175)
        at java.util.concurrent.locks.AbstractQueuedSynchronizer$ConditionObject.await(AbstractQueuedSynchronizer.java:2039)
        at java.util.concurrent.LinkedBlockingQueue.take(LinkedBlockingQueue.java:442)
        at java.util.concurrent.ThreadPoolExecutor.getTask(ThreadPoolExecutor.java:1074)
        at java.util.concurrent.ThreadPoolExecutor.runWorker(ThreadPoolExecutor.java:1134)
        at java.util.concurrent.ThreadPoolExecutor$Worker.run(ThreadPoolExecutor.java:624)
        at java.lang.Thread.run(Thread.java:750)
"qtp1428821144-193" daemon prio=5 tid=193 timed_waiting
java.lang.Thread.State: TIMED_WAITING
        at sun.misc.Unsafe.park(Native Method)
        at java.util.concurrent.locks.LockSupport.parkNanos(LockSupport.java:215)
        at java.util.concurrent.locks.AbstractQueuedSynchronizer$ConditionObject.awaitNanos(AbstractQueuedSynchronizer.java:2078)
        at org.eclipse.jetty.util.BlockingArrayQueue.poll(BlockingArrayQueue.java:382)
        at org.eclipse.jetty.util.thread.QueuedThreadPool$Runner.idleJobPoll(QueuedThreadPool.java:974)
        at org.eclipse.jetty.util.thread.QueuedThreadPool$Runner.run(QueuedThreadPool.java:1018)
        at java.lang.Thread.run(Thread.java:750)
"BlockDeletingService#8" daemon prio=5 tid=335 timed_waiting
java.lang.Thread.State: TIMED_WAITING
        at sun.misc.Unsafe.park(Native Method)
        at java.util.concurrent.locks.LockSupport.parkNanos(LockSupport.java:215)
        at java.util.concurrent.locks.AbstractQueuedSynchronizer$ConditionObject.awaitNanos(AbstractQueuedSynchronizer.java:2078)
        at java.util.concurrent.ScheduledThreadPoolExecutor$DelayedWorkQueue.take(ScheduledThreadPoolExecutor.java:1093)
        at java.util.concurrent.ScheduledThreadPoolExecutor$DelayedWorkQueue.take(ScheduledThreadPoolExecutor.java:809)
        at java.util.concurrent.ThreadPoolExecutor.getTask(ThreadPoolExecutor.java:1074)
        at java.util.concurrent.ThreadPoolExecutor.runWorker(ThreadPoolExecutor.java:1134)
        at java.util.concurrent.ThreadPoolExecutor$Worker.run(ThreadPoolExecutor.java:624)
        at java.lang.Thread.run(Thread.java:750)
"IPC Server Responder" daemon prio=5 tid=231 runnable
java.lang.Thread.State: RUNNABLE
        at sun.nio.ch.EPollArrayWrapper.epollWait(Native Method)
        at sun.nio.ch.EPollArrayWrapper.poll(EPollArrayWrapper.java:269)
        at sun.nio.ch.EPollSelectorImpl.doSelect(EPollSelectorImpl.java:93)
        at sun.nio.ch.SelectorImpl.lockAndDoSelect(SelectorImpl.java:86)
        at sun.nio.ch.SelectorImpl.select(SelectorImpl.java:97)
        at org.apache.hadoop.ipc.Server$Responder.doRunLoop(Server.java:1582)
        at org.apache.hadoop.ipc.Server$Responder.run(Server.java:1565)
"pool-71-thread-1" daemon prio=5 tid=277 timed_waiting
java.lang.Thread.State: TIMED_WAITING
        at sun.misc.Unsafe.park(Native Method)
        at java.util.concurrent.locks.LockSupport.parkNanos(LockSupport.java:215)
        at java.util.concurrent.locks.AbstractQueuedSynchronizer$ConditionObject.awaitNanos(AbstractQueuedSynchronizer.java:2078)
        at java.util.concurrent.ScheduledThreadPoolExecutor$DelayedWorkQueue.take(ScheduledThreadPoolExecutor.java:1093)
        at java.util.concurrent.ScheduledThreadPoolExecutor$DelayedWorkQueue.take(ScheduledThreadPoolExecutor.java:809)
        at java.util.concurrent.ThreadPoolExecutor.getTask(ThreadPoolExecutor.java:1074)
        at java.util.concurrent.ThreadPoolExecutor.runWorker(ThreadPoolExecutor.java:1134)
        at java.util.concurrent.ThreadPoolExecutor$Worker.run(ThreadPoolExecutor.java:624)
        at java.lang.Thread.run(Thread.java:750)
"4099cb2b-2e2e-4151-9db7-f99ade631412@group-1C7129A268B6-LeaderStateImpl" daemon prio=5 tid=412 timed_waiting
java.lang.Thread.State: TIMED_WAITING
        at sun.misc.Unsafe.park(Native Method)
        at java.util.concurrent.locks.LockSupport.parkNanos(LockSupport.java:215)
        at java.util.concurrent.locks.AbstractQueuedSynchronizer$ConditionObject.awaitNanos(AbstractQueuedSynchronizer.java:2078)
        at java.util.concurrent.ArrayBlockingQueue.poll(ArrayBlockingQueue.java:418)
        at org.apache.ratis.server.impl.LeaderStateImpl$EventQueue.poll(LeaderStateImpl.java:164)
        at org.apache.ratis.server.impl.LeaderStateImpl$EventProcessor.run(LeaderStateImpl.java:702)
"Datanode State Machine Task Thread - 1"  prio=5 tid=271 in Object.wait()
java.lang.Thread.State: WAITING (on object monitor)
        at sun.misc.Unsafe.park(Native Method)
        at java.util.concurrent.locks.LockSupport.park(LockSupport.java:175)
        at java.util.concurrent.locks.AbstractQueuedSynchronizer$ConditionObject.await(AbstractQueuedSynchronizer.java:2039)
        at java.util.concurrent.LinkedBlockingQueue.take(LinkedBlockingQueue.java:442)
        at java.util.concurrent.ThreadPoolExecutor.getTask(ThreadPoolExecutor.java:1074)
        at java.util.concurrent.ThreadPoolExecutor.runWorker(ThreadPoolExecutor.java:1134)
        at java.util.concurrent.ThreadPoolExecutor$Worker.run(ThreadPoolExecutor.java:624)
        at java.lang.Thread.run(Thread.java:750)
"IPC Server handler 13 on default port 15001" daemon prio=5 tid=82 timed_waiting
java.lang.Thread.State: TIMED_WAITING
        at sun.misc.Unsafe.park(Native Method)
        at java.util.concurrent.locks.LockSupport.parkNanos(LockSupport.java:215)
        at java.util.concurrent.locks.AbstractQueuedSynchronizer$ConditionObject.awaitNanos(AbstractQueuedSynchronizer.java:2078)
        at java.util.concurrent.LinkedBlockingQueue.poll(LinkedBlockingQueue.java:467)
        at org.apache.hadoop.ipc.CallQueueManager.take(CallQueueManager.java:317)
        at org.apache.hadoop.ipc.Server$Handler.run(Server.java:3014)
"IPC Server handler 5 on default port 15001" daemon prio=5 tid=74 timed_waiting
java.lang.Thread.State: TIMED_WAITING
        at sun.misc.Unsafe.park(Native Method)
        at java.util.concurrent.locks.LockSupport.parkNanos(LockSupport.java:215)
        at java.util.concurrent.locks.AbstractQueuedSynchronizer$ConditionObject.awaitNanos(AbstractQueuedSynchronizer.java:2078)
        at java.util.concurrent.LinkedBlockingQueue.poll(LinkedBlockingQueue.java:467)
        at org.apache.hadoop.ipc.CallQueueManager.take(CallQueueManager.java:317)
        at org.apache.hadoop.ipc.Server$Handler.run(Server.java:3014)
"grpc-default-worker-ELG-3-2" daemon prio=5 tid=361 runnable
java.lang.Thread.State: RUNNABLE
        at org.apache.ratis.thirdparty.io.netty.channel.epoll.Native.epollWait0(Native Method)
        at org.apache.ratis.thirdparty.io.netty.channel.epoll.Native.epollWait(Native.java:182)
        at org.apache.ratis.thirdparty.io.netty.channel.epoll.EpollEventLoop.epollWait(EpollEventLoop.java:302)
        at org.apache.ratis.thirdparty.io.netty.channel.epoll.EpollEventLoop.run(EpollEventLoop.java:366)
        at org.apache.ratis.thirdparty.io.netty.util.concurrent.SingleThreadEventExecutor$4.run(SingleThreadEventExecutor.java:997)
        at org.apache.ratis.thirdparty.io.netty.util.internal.ThreadExecutorMap$2.run(ThreadExecutorMap.java:74)
        at org.apache.ratis.thirdparty.io.netty.util.concurrent.FastThreadLocalRunnable.run(FastThreadLocalRunnable.java:30)
        at java.lang.Thread.run(Thread.java:750)
"IPC Server handler 4 on default port 15002" daemon prio=5 tid=93 timed_waiting
java.lang.Thread.State: TIMED_WAITING
        at sun.misc.Unsafe.park(Native Method)
        at java.util.concurrent.locks.LockSupport.parkNanos(LockSupport.java:215)
        at java.util.concurrent.locks.AbstractQueuedSynchronizer$ConditionObject.awaitNanos(AbstractQueuedSynchronizer.java:2078)
        at java.util.concurrent.LinkedBlockingQueue.poll(LinkedBlockingQueue.java:467)
        at org.apache.hadoop.ipc.CallQueueManager.take(CallQueueManager.java:317)
        at org.apache.hadoop.ipc.Server$Handler.run(Server.java:3014)
"IPC Server handler 17 on default port 15004" daemon prio=5 tid=179 timed_waiting
java.lang.Thread.State: TIMED_WAITING
        at sun.misc.Unsafe.park(Native Method)
        at java.util.concurrent.locks.LockSupport.parkNanos(LockSupport.java:215)
        at java.util.concurrent.locks.AbstractQueuedSynchronizer$ConditionObject.awaitNanos(AbstractQueuedSynchronizer.java:2078)
        at java.util.concurrent.LinkedBlockingQueue.poll(LinkedBlockingQueue.java:467)
        at org.apache.hadoop.ipc.CallQueueManager.take(CallQueueManager.java:317)
        at org.apache.hadoop.ipc.Server$Handler.run(Server.java:3014)
"IPC Server handler 19 on default port 15000" daemon prio=5 tid=68 timed_waiting
java.lang.Thread.State: TIMED_WAITING
        at sun.misc.Unsafe.park(Native Method)
        at java.util.concurrent.locks.LockSupport.parkNanos(LockSupport.java:215)
        at java.util.concurrent.locks.AbstractQueuedSynchronizer$ConditionObject.awaitNanos(AbstractQueuedSynchronizer.java:2078)
        at java.util.concurrent.LinkedBlockingQueue.poll(LinkedBlockingQueue.java:467)
        at org.apache.hadoop.ipc.CallQueueManager.take(CallQueueManager.java:317)
        at org.apache.hadoop.ipc.Server$Handler.run(Server.java:3014)
"IPC Server handler 19 on default port 15002" daemon prio=5 tid=108 timed_waiting
java.lang.Thread.State: TIMED_WAITING
        at sun.misc.Unsafe.park(Native Method)
        at java.util.concurrent.locks.LockSupport.parkNanos(LockSupport.java:215)
        at java.util.concurrent.locks.AbstractQueuedSynchronizer$ConditionObject.awaitNanos(AbstractQueuedSynchronizer.java:2078)
        at java.util.concurrent.LinkedBlockingQueue.poll(LinkedBlockingQueue.java:467)
        at org.apache.hadoop.ipc.CallQueueManager.take(CallQueueManager.java:317)
        at org.apache.hadoop.ipc.Server$Handler.run(Server.java:3014)
"IPC Server handler 2 on default port 15001" daemon prio=5 tid=71 timed_waiting
java.lang.Thread.State: TIMED_WAITING
        at sun.misc.Unsafe.park(Native Method)
        at java.util.concurrent.locks.LockSupport.parkNanos(LockSupport.java:215)
        at java.util.concurrent.locks.AbstractQueuedSynchronizer$ConditionObject.awaitNanos(AbstractQueuedSynchronizer.java:2078)
        at java.util.concurrent.LinkedBlockingQueue.poll(LinkedBlockingQueue.java:467)
        at org.apache.hadoop.ipc.CallQueueManager.take(CallQueueManager.java:317)
        at org.apache.hadoop.ipc.Server$Handler.run(Server.java:3014)
"IPC Server handler 15 on default port 15001" daemon prio=5 tid=84 timed_waiting
java.lang.Thread.State: TIMED_WAITING
        at sun.misc.Unsafe.park(Native Method)
        at java.util.concurrent.locks.LockSupport.parkNanos(LockSupport.java:215)
        at java.util.concurrent.locks.AbstractQueuedSynchronizer$ConditionObject.awaitNanos(AbstractQueuedSynchronizer.java:2078)
        at java.util.concurrent.LinkedBlockingQueue.poll(LinkedBlockingQueue.java:467)
        at org.apache.hadoop.ipc.CallQueueManager.take(CallQueueManager.java:317)
        at org.apache.hadoop.ipc.Server$Handler.run(Server.java:3014)
"IPC Server Responder" daemon prio=5 tid=31 runnable
java.lang.Thread.State: RUNNABLE
        at sun.nio.ch.EPollArrayWrapper.epollWait(Native Method)
        at sun.nio.ch.EPollArrayWrapper.poll(EPollArrayWrapper.java:269)
        at sun.nio.ch.EPollSelectorImpl.doSelect(EPollSelectorImpl.java:93)
        at sun.nio.ch.SelectorImpl.lockAndDoSelect(SelectorImpl.java:86)
        at sun.nio.ch.SelectorImpl.select(SelectorImpl.java:97)
        at org.apache.hadoop.ipc.Server$Responder.doRunLoop(Server.java:1582)
        at org.apache.hadoop.ipc.Server$Responder.run(Server.java:1565)
"SnapshotDiffCleanupService#0" daemon prio=5 tid=128 timed_waiting
java.lang.Thread.State: TIMED_WAITING
        at sun.misc.Unsafe.park(Native Method)
        at java.util.concurrent.locks.LockSupport.parkNanos(LockSupport.java:215)
        at java.util.concurrent.locks.AbstractQueuedSynchronizer$ConditionObject.awaitNanos(AbstractQueuedSynchronizer.java:2078)
        at java.util.concurrent.ScheduledThreadPoolExecutor$DelayedWorkQueue.take(ScheduledThreadPoolExecutor.java:1093)
        at java.util.concurrent.ScheduledThreadPoolExecutor$DelayedWorkQueue.take(ScheduledThreadPoolExecutor.java:809)
        at java.util.concurrent.ThreadPoolExecutor.getTask(ThreadPoolExecutor.java:1074)
        at java.util.concurrent.ThreadPoolExecutor.runWorker(ThreadPoolExecutor.java:1134)
        at java.util.concurrent.ThreadPoolExecutor$Worker.run(ThreadPoolExecutor.java:624)
        at java.lang.Thread.run(Thread.java:750)
"main"  prio=5 tid=1 runnable
java.lang.Thread.State: RUNNABLE
        at java.lang.Thread.dumpThreads(Native Method)
        at java.lang.Thread.getAllStackTraces(Thread.java:1615)
        at org.apache.ozone.test.TimedOutTestsListener.buildThreadDump(TimedOutTestsListener.java:93)
        at org.apache.ozone.test.TimedOutTestsListener.buildThreadDiagnosticString(TimedOutTestsListener.java:79)
        at org.apache.ozone.test.GenericTestUtils.waitFor(GenericTestUtils.java:229)
        at org.apache.hadoop.ozone.client.rpc.TestDeleteWithSlowFollower.testDeleteKeyWithSlowFollower(TestDeleteWithSlowFollower.java:291)
        at sun.reflect.NativeMethodAccessorImpl.invoke0(Native Method)
        at sun.reflect.NativeMethodAccessorImpl.invoke(NativeMethodAccessorImpl.java:62)
        at sun.reflect.DelegatingMethodAccessorImpl.invoke(DelegatingMethodAccessorImpl.java:43)
        at java.lang.reflect.Method.invoke(Method.java:498)
        at org.junit.runners.model.FrameworkMethod$1.runReflectiveCall(FrameworkMethod.java:59)
        at org.junit.internal.runners.model.ReflectiveCallable.run(ReflectiveCallable.java:12)
        at org.junit.runners.model.FrameworkMethod.invokeExplosively(FrameworkMethod.java:56)
        at org.junit.internal.runners.statements.InvokeMethod.evaluate(InvokeMethod.java:17)
        at org.junit.runners.ParentRunner$3.evaluate(ParentRunner.java:306)
        at org.junit.runners.BlockJUnit4ClassRunner$1.evaluate(BlockJUnit4ClassRunner.java:100)
        at org.junit.runners.ParentRunner.runLeaf(ParentRunner.java:366)
        at org.junit.runners.BlockJUnit4ClassRunner.runChild(BlockJUnit4ClassRunner.java:103)
        at org.junit.runners.BlockJUnit4ClassRunner.runChild(BlockJUnit4ClassRunner.java:63)
        at org.junit.runners.ParentRunner$4.run(ParentRunner.java:331)
        at org.junit.runners.ParentRunner$1.schedule(ParentRunner.java:79)
        at org.junit.runners.ParentRunner.runChildren(ParentRunner.java:329)
        at org.junit.runners.ParentRunner.access$100(ParentRunner.java:66)
        at org.junit.runners.ParentRunner$2.evaluate(ParentRunner.java:293)
        at org.junit.internal.runners.statements.RunBefores.evaluate(RunBefores.java:26)
        at org.junit.internal.runners.statements.RunAfters.evaluate(RunAfters.java:27)
        at org.junit.runners.ParentRunner$3.evaluate(ParentRunner.java:306)
        at org.junit.runners.ParentRunner.run(ParentRunner.java:413)
        at org.junit.runner.JUnitCore.run(JUnitCore.java:137)
        at org.junit.runner.JUnitCore.run(JUnitCore.java:115)
        at org.junit.vintage.engine.execution.RunnerExecutor.execute(RunnerExecutor.java:42)
        at org.junit.vintage.engine.VintageTestEngine.executeAllChildren(VintageTestEngine.java:80)
        at org.junit.vintage.engine.VintageTestEngine.execute(VintageTestEngine.java:72)
        at org.junit.platform.launcher.core.EngineExecutionOrchestrator.execute(EngineExecutionOrchestrator.java:107)
        at org.junit.platform.launcher.core.EngineExecutionOrchestrator.execute(EngineExecutionOrchestrator.java:88)
        at org.junit.platform.launcher.core.EngineExecutionOrchestrator.lambda$execute$0(EngineExecutionOrchestrator.java:54)
        at org.junit.platform.launcher.core.EngineExecutionOrchestrator$$Lambda$188/621300254.accept(Unknown Source)
        at org.junit.platform.launcher.core.EngineExecutionOrchestrator.withInterceptedStreams(EngineExecutionOrchestrator.java:67)
        at org.junit.platform.launcher.core.EngineExecutionOrchestrator.execute(EngineExecutionOrchestrator.java:52)
        at org.junit.platform.launcher.core.DefaultLauncher.execute(DefaultLauncher.java:114)
        at org.junit.platform.launcher.core.DefaultLauncher.execute(DefaultLauncher.java:86)
        at org.junit.platform.launcher.core.DefaultLauncherSession$DelegatingLauncher.execute(DefaultLauncherSession.java:86)
        at org.junit.platform.launcher.core.SessionPerRequestLauncher.execute(SessionPerRequestLauncher.java:53)
        at org.apache.maven.surefire.junitplatform.JUnitPlatformProvider.execute(JUnitPlatformProvider.java:188)
        at org.apache.maven.surefire.junitplatform.JUnitPlatformProvider.invokeAllTests(JUnitPlatformProvider.java:154)
        at org.apache.maven.surefire.junitplatform.JUnitPlatformProvider.invoke(JUnitPlatformProvider.java:124)
        at org.apache.maven.surefire.booter.ForkedBooter.runSuitesInProcess(ForkedBooter.java:428)
        at org.apache.maven.surefire.booter.ForkedBooter.execute(ForkedBooter.java:162)
        at org.apache.maven.surefire.booter.ForkedBooter.run(ForkedBooter.java:562)
        at org.apache.maven.surefire.booter.ForkedBooter.main(ForkedBooter.java:548)
"IPC Server handler 5 on default port 15000" daemon prio=5 tid=54 timed_waiting
java.lang.Thread.State: TIMED_WAITING
        at sun.misc.Unsafe.park(Native Method)
        at java.util.concurrent.locks.LockSupport.parkNanos(LockSupport.java:215)
        at java.util.concurrent.locks.AbstractQueuedSynchronizer$ConditionObject.awaitNanos(AbstractQueuedSynchronizer.java:2078)
        at java.util.concurrent.LinkedBlockingQueue.poll(LinkedBlockingQueue.java:467)
        at org.apache.hadoop.ipc.CallQueueManager.take(CallQueueManager.java:317)
        at org.apache.hadoop.ipc.Server$Handler.run(Server.java:3014)
"4099cb2b-2e2e-4151-9db7-f99ade631412@group-1C7129A268B6-SegmentedRaftLogWorker"  prio=5 tid=356 timed_waiting
java.lang.Thread.State: TIMED_WAITING
        at sun.misc.Unsafe.park(Native Method)
        at java.util.concurrent.locks.LockSupport.parkNanos(LockSupport.java:215)
        at java.util.concurrent.locks.AbstractQueuedSynchronizer$ConditionObject.awaitNanos(AbstractQueuedSynchronizer.java:2078)
        at org.apache.ratis.util.DataBlockingQueue.poll(DataBlockingQueue.java:148)
        at org.apache.ratis.server.raftlog.segmented.SegmentedRaftLogWorker.run(SegmentedRaftLogWorker.java:307)
        at org.apache.ratis.server.raftlog.segmented.SegmentedRaftLogWorker$$Lambda$733/1091881519.run(Unknown Source)
        at java.util.concurrent.Executors$RunnableAdapter.call(Executors.java:511)
        at java.util.concurrent.FutureTask.run(FutureTask.java:266)
        at java.util.concurrent.ThreadPoolExecutor.runWorker(ThreadPoolExecutor.java:1149)
        at java.util.concurrent.ThreadPoolExecutor$Worker.run(ThreadPoolExecutor.java:624)
        at java.lang.Thread.run(Thread.java:750)
"qtp1428821144-189" daemon prio=5 tid=189 timed_waiting
java.lang.Thread.State: TIMED_WAITING
        at sun.misc.Unsafe.park(Native Method)
        at java.util.concurrent.locks.LockSupport.parkNanos(LockSupport.java:215)
        at java.util.concurrent.locks.AbstractQueuedSynchronizer$ConditionObject.awaitNanos(AbstractQueuedSynchronizer.java:2078)
        at org.eclipse.jetty.util.BlockingArrayQueue.poll(BlockingArrayQueue.java:382)
        at org.eclipse.jetty.util.thread.QueuedThreadPool$Runner.idleJobPoll(QueuedThreadPool.java:974)
        at org.eclipse.jetty.util.thread.QueuedThreadPool$Runner.run(QueuedThreadPool.java:1018)
        at java.lang.Thread.run(Thread.java:750)
"pool-111-thread-1"  prio=5 tid=218 timed_waiting
java.lang.Thread.State: TIMED_WAITING
        at sun.misc.Unsafe.park(Native Method)
        at java.util.concurrent.locks.LockSupport.parkNanos(LockSupport.java:215)
        at java.util.concurrent.locks.AbstractQueuedSynchronizer$ConditionObject.awaitNanos(AbstractQueuedSynchronizer.java:2078)
        at java.util.concurrent.ScheduledThreadPoolExecutor$DelayedWorkQueue.take(ScheduledThreadPoolExecutor.java:1093)
        at java.util.concurrent.ScheduledThreadPoolExecutor$DelayedWorkQueue.take(ScheduledThreadPoolExecutor.java:809)
        at java.util.concurrent.ThreadPoolExecutor.getTask(ThreadPoolExecutor.java:1074)
        at java.util.concurrent.ThreadPoolExecutor.runWorker(ThreadPoolExecutor.java:1134)
        at java.util.concurrent.ThreadPoolExecutor$Worker.run(ThreadPoolExecutor.java:624)
        at java.lang.Thread.run(Thread.java:750)
"IPC Server Responder" daemon prio=5 tid=202 runnable
java.lang.Thread.State: RUNNABLE
        at sun.nio.ch.EPollArrayWrapper.epollWait(Native Method)
        at sun.nio.ch.EPollArrayWrapper.poll(EPollArrayWrapper.java:269)
        at sun.nio.ch.EPollSelectorImpl.doSelect(EPollSelectorImpl.java:93)
        at sun.nio.ch.SelectorImpl.lockAndDoSelect(SelectorImpl.java:86)
        at sun.nio.ch.SelectorImpl.select(SelectorImpl.java:97)
        at org.apache.hadoop.ipc.Server$Responder.doRunLoop(Server.java:1582)
        at org.apache.hadoop.ipc.Server$Responder.run(Server.java:1565)
"ChunkWriter-3-0" daemon prio=5 tid=281 in Object.wait()
java.lang.Thread.State: WAITING (on object monitor)
        at sun.misc.Unsafe.park(Native Method)
        at java.util.concurrent.locks.LockSupport.park(LockSupport.java:175)
        at java.util.concurrent.locks.AbstractQueuedSynchronizer$ConditionObject.await(AbstractQueuedSynchronizer.java:2039)
        at java.util.concurrent.LinkedBlockingDeque.takeFirst(LinkedBlockingDeque.java:492)
        at java.util.concurrent.LinkedBlockingDeque.take(LinkedBlockingDeque.java:680)
        at java.util.concurrent.ThreadPoolExecutor.getTask(ThreadPoolExecutor.java:1074)
        at java.util.concurrent.ThreadPoolExecutor.runWorker(ThreadPoolExecutor.java:1134)
        at java.util.concurrent.ThreadPoolExecutor$Worker.run(ThreadPoolExecutor.java:624)
        at java.lang.Thread.run(Thread.java:750)
"RatisPipelineUtilsThread - 0"  prio=5 tid=15 timed_waiting
java.lang.Thread.State: TIMED_WAITING
        at java.lang.Object.wait(Native Method)
        at org.apache.hadoop.hdds.scm.pipeline.BackgroundPipelineCreator.run(BackgroundPipelineCreator.java:176)
        at org.apache.hadoop.hdds.scm.pipeline.BackgroundPipelineCreator$$Lambda$353/1963448684.run(Unknown Source)
        at java.lang.Thread.run(Thread.java:750)
"Hadoop-Metrics-Updater-0" daemon prio=5 tid=139 timed_waiting
java.lang.Thread.State: TIMED_WAITING
        at sun.misc.Unsafe.park(Native Method)
        at java.util.concurrent.locks.LockSupport.parkNanos(LockSupport.java:215)
        at java.util.concurrent.locks.AbstractQueuedSynchronizer$ConditionObject.awaitNanos(AbstractQueuedSynchronizer.java:2078)
        at java.util.concurrent.ScheduledThreadPoolExecutor$DelayedWorkQueue.take(ScheduledThreadPoolExecutor.java:1093)
        at java.util.concurrent.ScheduledThreadPoolExecutor$DelayedWorkQueue.take(ScheduledThreadPoolExecutor.java:809)
        at java.util.concurrent.ThreadPoolExecutor.getTask(ThreadPoolExecutor.java:1074)
        at java.util.concurrent.ThreadPoolExecutor.runWorker(ThreadPoolExecutor.java:1134)
        at java.util.concurrent.ThreadPoolExecutor$Worker.run(ThreadPoolExecutor.java:624)
        at java.lang.Thread.run(Thread.java:750)
"Hadoop-Metrics-Updater-0" daemon prio=5 tid=232 timed_waiting
java.lang.Thread.State: TIMED_WAITING
        at sun.misc.Unsafe.park(Native Method)
        at java.util.concurrent.locks.LockSupport.parkNanos(LockSupport.java:215)
        at java.util.concurrent.locks.AbstractQueuedSynchronizer$ConditionObject.awaitNanos(AbstractQueuedSynchronizer.java:2078)
        at java.util.concurrent.ScheduledThreadPoolExecutor$DelayedWorkQueue.take(ScheduledThreadPoolExecutor.java:1093)
        at java.util.concurrent.ScheduledThreadPoolExecutor$DelayedWorkQueue.take(ScheduledThreadPoolExecutor.java:809)
        at java.util.concurrent.ThreadPoolExecutor.getTask(ThreadPoolExecutor.java:1074)
        at java.util.concurrent.ThreadPoolExecutor.runWorker(ThreadPoolExecutor.java:1134)
        at java.util.concurrent.ThreadPoolExecutor$Worker.run(ThreadPoolExecutor.java:624)
        at java.lang.Thread.run(Thread.java:750)
"timer5" daemon prio=5 tid=483 timed_waiting
java.lang.Thread.State: TIMED_WAITING
        at java.lang.Object.wait(Native Method)
        at java.util.TimerThread.mainLoop(Timer.java:552)
        at java.util.TimerThread.run(Timer.java:505)
"DatanodeAdminManager-0" daemon prio=5 tid=21 timed_waiting
java.lang.Thread.State: TIMED_WAITING
        at sun.misc.Unsafe.park(Native Method)
        at java.util.concurrent.locks.LockSupport.parkNanos(LockSupport.java:215)
        at java.util.concurrent.locks.AbstractQueuedSynchronizer$ConditionObject.awaitNanos(AbstractQueuedSynchronizer.java:2078)
        at java.util.concurrent.ScheduledThreadPoolExecutor$DelayedWorkQueue.take(ScheduledThreadPoolExecutor.java:1093)
        at java.util.concurrent.ScheduledThreadPoolExecutor$DelayedWorkQueue.take(ScheduledThreadPoolExecutor.java:809)
        at java.util.concurrent.ThreadPoolExecutor.getTask(ThreadPoolExecutor.java:1074)
        at java.util.concurrent.ThreadPoolExecutor.runWorker(ThreadPoolExecutor.java:1134)
        at java.util.concurrent.ThreadPoolExecutor$Worker.run(ThreadPoolExecutor.java:624)
        at java.lang.Thread.run(Thread.java:750)
"PartialTableCache Cleanup Thread - 0" daemon prio=5 tid=443 in Object.wait()
java.lang.Thread.State: WAITING (on object monitor)
        at sun.misc.Unsafe.park(Native Method)
        at java.util.concurrent.locks.LockSupport.park(LockSupport.java:175)
        at java.util.concurrent.locks.AbstractQueuedSynchronizer$ConditionObject.await(AbstractQueuedSynchronizer.java:2039)
        at java.util.concurrent.LinkedBlockingQueue.take(LinkedBlockingQueue.java:442)
        at java.util.concurrent.ThreadPoolExecutor.getTask(ThreadPoolExecutor.java:1074)
        at java.util.concurrent.ThreadPoolExecutor.runWorker(ThreadPoolExecutor.java:1134)
        at java.util.concurrent.ThreadPoolExecutor$Worker.run(ThreadPoolExecutor.java:624)
        at java.lang.Thread.run(Thread.java:750)
"qtp37816097-224" daemon prio=5 tid=224 timed_waiting
java.lang.Thread.State: TIMED_WAITING
        at sun.misc.Unsafe.park(Native Method)
        at java.util.concurrent.locks.LockSupport.parkNanos(LockSupport.java:215)
        at java.util.concurrent.locks.AbstractQueuedSynchronizer$ConditionObject.awaitNanos(AbstractQueuedSynchronizer.java:2078)
        at org.eclipse.jetty.util.BlockingArrayQueue.poll(BlockingArrayQueue.java:382)
        at org.eclipse.jetty.util.thread.QueuedThreadPool$Runner.idleJobPoll(QueuedThreadPool.java:974)
        at org.eclipse.jetty.util.thread.QueuedThreadPool$Runner.run(QueuedThreadPool.java:1018)
        at java.lang.Thread.run(Thread.java:750)
"IPC Server handler 17 on default port 15000" daemon prio=5 tid=66 timed_waiting
java.lang.Thread.State: TIMED_WAITING
        at sun.misc.Unsafe.park(Native Method)
        at java.util.concurrent.locks.LockSupport.parkNanos(LockSupport.java:215)
        at java.util.concurrent.locks.AbstractQueuedSynchronizer$ConditionObject.awaitNanos(AbstractQueuedSynchronizer.java:2078)
        at java.util.concurrent.LinkedBlockingQueue.poll(LinkedBlockingQueue.java:467)
        at org.apache.hadoop.ipc.CallQueueManager.take(CallQueueManager.java:317)
        at org.apache.hadoop.ipc.Server$Handler.run(Server.java:3014)
"c33e49d7-aab4-4e8b-84a2-e80ab64b386a-server-thread3"  prio=5 tid=430 timed_waiting
java.lang.Thread.State: TIMED_WAITING
        at sun.misc.Unsafe.park(Native Method)
        at java.util.concurrent.locks.LockSupport.parkNanos(LockSupport.java:215)
        at java.util.concurrent.SynchronousQueue$TransferStack.awaitFulfill(SynchronousQueue.java:460)
        at java.util.concurrent.SynchronousQueue$TransferStack.transfer(SynchronousQueue.java:362)
        at java.util.concurrent.SynchronousQueue.poll(SynchronousQueue.java:941)
        at java.util.concurrent.ThreadPoolExecutor.getTask(ThreadPoolExecutor.java:1073)
        at java.util.concurrent.ThreadPoolExecutor.runWorker(ThreadPoolExecutor.java:1134)
        at java.util.concurrent.ThreadPoolExecutor$Worker.run(ThreadPoolExecutor.java:624)
        at java.lang.Thread.run(Thread.java:750)
"IPC Server handler 14 on default port 15001" daemon prio=5 tid=83 timed_waiting
java.lang.Thread.State: TIMED_WAITING
        at sun.misc.Unsafe.park(Native Method)
        at java.util.concurrent.locks.LockSupport.parkNanos(LockSupport.java:215)
        at java.util.concurrent.locks.AbstractQueuedSynchronizer$ConditionObject.awaitNanos(AbstractQueuedSynchronizer.java:2078)
        at java.util.concurrent.LinkedBlockingQueue.poll(LinkedBlockingQueue.java:467)
        at org.apache.hadoop.ipc.CallQueueManager.take(CallQueueManager.java:317)
        at org.apache.hadoop.ipc.Server$Handler.run(Server.java:3014)
"qtp37816097-222" daemon prio=5 tid=222 timed_waiting
java.lang.Thread.State: TIMED_WAITING
        at sun.misc.Unsafe.park(Native Method)
        at java.util.concurrent.locks.LockSupport.parkNanos(LockSupport.java:215)
        at java.util.concurrent.locks.AbstractQueuedSynchronizer$ConditionObject.awaitNanos(AbstractQueuedSynchronizer.java:2078)
        at org.eclipse.jetty.util.BlockingArrayQueue.poll(BlockingArrayQueue.java:382)
        at org.eclipse.jetty.util.thread.QueuedThreadPool$Runner.idleJobPoll(QueuedThreadPool.java:974)
        at org.eclipse.jetty.util.thread.QueuedThreadPool$Runner.run(QueuedThreadPool.java:1018)
        at java.lang.Thread.run(Thread.java:750)
"EventQueue-PipelineReportForPipelineReportHandler" daemon prio=5 tid=345 in Object.wait()
java.lang.Thread.State: WAITING (on object monitor)
        at sun.misc.Unsafe.park(Native Method)
        at java.util.concurrent.locks.LockSupport.park(LockSupport.java:175)
        at java.util.concurrent.locks.AbstractQueuedSynchronizer$ConditionObject.await(AbstractQueuedSynchronizer.java:2039)
        at java.util.concurrent.LinkedBlockingQueue.take(LinkedBlockingQueue.java:442)
        at java.util.concurrent.ThreadPoolExecutor.getTask(ThreadPoolExecutor.java:1074)
        at java.util.concurrent.ThreadPoolExecutor.runWorker(ThreadPoolExecutor.java:1134)
        at java.util.concurrent.ThreadPoolExecutor$Worker.run(ThreadPoolExecutor.java:624)
        at java.lang.Thread.run(Thread.java:750)
"IPC Client (401173308) connection to 0.0.0.0/0.0.0.0:15002 from runner" daemon prio=5 tid=273 timed_waiting
java.lang.Thread.State: TIMED_WAITING
        at java.lang.Object.wait(Native Method)
        at org.apache.hadoop.ipc.Client$Connection.waitForWork(Client.java:1026)
        at org.apache.hadoop.ipc.Client$Connection.run(Client.java:1077)
"timer2" daemon prio=5 tid=419 in Object.wait()
java.lang.Thread.State: WAITING (on object monitor)
        at java.lang.Object.wait(Native Method)
        at java.lang.Object.wait(Object.java:502)
        at java.util.TimerThread.mainLoop(Timer.java:526)
        at java.util.TimerThread.run(Timer.java:505)
"Reference Handler" daemon prio=10 tid=2 in Object.wait()
java.lang.Thread.State: WAITING (on object monitor)
        at java.lang.Object.wait(Native Method)
        at java.lang.Object.wait(Object.java:502)
        at java.lang.ref.Reference.tryHandlePending(Reference.java:191)
        at java.lang.ref.Reference$ReferenceHandler.run(Reference.java:153)
"JvmPauseMonitor2" daemon prio=5 tid=282 timed_waiting
java.lang.Thread.State: TIMED_WAITING
        at java.lang.Thread.sleep(Native Method)
        at java.lang.Thread.sleep(Thread.java:342)
        at java.util.concurrent.TimeUnit.sleep(TimeUnit.java:386)
        at org.apache.ratis.util.TimeDuration.sleep(TimeDuration.java:325)
        at org.apache.ratis.util.TimeDuration.sleep(TimeDuration.java:310)
        at org.apache.ratis.util.JvmPauseMonitor.detectPause(JvmPauseMonitor.java:117)
        at org.apache.ratis.util.JvmPauseMonitor.run(JvmPauseMonitor.java:106)
        at org.apache.ratis.util.JvmPauseMonitor$$Lambda$403/1983354774.run(Unknown Source)
        at java.lang.Thread.run(Thread.java:750)
"IPC Server Responder" daemon prio=5 tid=36 runnable
java.lang.Thread.State: RUNNABLE
        at sun.nio.ch.EPollArrayWrapper.epollWait(Native Method)
        at sun.nio.ch.EPollArrayWrapper.poll(EPollArrayWrapper.java:269)
        at sun.nio.ch.EPollSelectorImpl.doSelect(EPollSelectorImpl.java:93)
        at sun.nio.ch.SelectorImpl.lockAndDoSelect(SelectorImpl.java:86)
        at sun.nio.ch.SelectorImpl.select(SelectorImpl.java:97)
        at org.apache.hadoop.ipc.Server$Responder.doRunLoop(Server.java:1582)
        at org.apache.hadoop.ipc.Server$Responder.run(Server.java:1565)
"BlockDeletingService#9" daemon prio=5 tid=337 in Object.wait()
java.lang.Thread.State: WAITING (on object monitor)
        at sun.misc.Unsafe.park(Native Method)
        at java.util.concurrent.locks.LockSupport.park(LockSupport.java:175)
        at java.util.concurrent.locks.AbstractQueuedSynchronizer$ConditionObject.await(AbstractQueuedSynchronizer.java:2039)
        at java.util.concurrent.ScheduledThreadPoolExecutor$DelayedWorkQueue.take(ScheduledThreadPoolExecutor.java:1088)
        at java.util.concurrent.ScheduledThreadPoolExecutor$DelayedWorkQueue.take(ScheduledThreadPoolExecutor.java:809)
        at java.util.concurrent.ThreadPoolExecutor.getTask(ThreadPoolExecutor.java:1074)
        at java.util.concurrent.ThreadPoolExecutor.runWorker(ThreadPoolExecutor.java:1134)
        at java.util.concurrent.ThreadPoolExecutor$Worker.run(ThreadPoolExecutor.java:624)
        at java.lang.Thread.run(Thread.java:750)
"Session-HouseKeeper-7b1bb01c-1"  prio=5 tid=121 timed_waiting
java.lang.Thread.State: TIMED_WAITING
        at sun.misc.Unsafe.park(Native Method)
        at java.util.concurrent.locks.LockSupport.parkNanos(LockSupport.java:215)
        at java.util.concurrent.locks.AbstractQueuedSynchronizer$ConditionObject.awaitNanos(AbstractQueuedSynchronizer.java:2078)
        at java.util.concurrent.ScheduledThreadPoolExecutor$DelayedWorkQueue.take(ScheduledThreadPoolExecutor.java:1093)
        at java.util.concurrent.ScheduledThreadPoolExecutor$DelayedWorkQueue.take(ScheduledThreadPoolExecutor.java:809)
        at java.util.concurrent.ThreadPoolExecutor.getTask(ThreadPoolExecutor.java:1074)
        at java.util.concurrent.ThreadPoolExecutor.runWorker(ThreadPoolExecutor.java:1134)
        at java.util.concurrent.ThreadPoolExecutor$Worker.run(ThreadPoolExecutor.java:624)
        at java.lang.Thread.run(Thread.java:750)
"c33e49d7-aab4-4e8b-84a2-e80ab64b386a-server-thread4" daemon prio=5 tid=429 timed_waiting
java.lang.Thread.State: TIMED_WAITING
        at sun.misc.Unsafe.park(Native Method)
        at java.util.concurrent.locks.LockSupport.parkNanos(LockSupport.java:215)
        at java.util.concurrent.SynchronousQueue$TransferStack.awaitFulfill(SynchronousQueue.java:460)
        at java.util.concurrent.SynchronousQueue$TransferStack.transfer(SynchronousQueue.java:362)
        at java.util.concurrent.SynchronousQueue.poll(SynchronousQueue.java:941)
        at java.util.concurrent.ThreadPoolExecutor.getTask(ThreadPoolExecutor.java:1073)
        at java.util.concurrent.ThreadPoolExecutor.runWorker(ThreadPoolExecutor.java:1134)
        at java.util.concurrent.ThreadPoolExecutor$Worker.run(ThreadPoolExecutor.java:624)
        at java.lang.Thread.run(Thread.java:750)
"surefire-forkedjvm-command-thread" daemon prio=5 tid=10 runnable
java.lang.Thread.State: RUNNABLE
        at java.io.FileInputStream.readBytes(Native Method)
        at java.io.FileInputStream.read(FileInputStream.java:255)
        at java.io.BufferedInputStream.read1(BufferedInputStream.java:284)
        at java.io.BufferedInputStream.read(BufferedInputStream.java:345)
        at java.io.BufferedInputStream.fill(BufferedInputStream.java:246)
        at java.io.BufferedInputStream.read1(BufferedInputStream.java:286)
        at java.io.BufferedInputStream.read(BufferedInputStream.java:345)
        at org.apache.maven.surefire.api.util.internal.Channels$3.readImpl(Channels.java:214)
        at org.apache.maven.surefire.api.util.internal.AbstractNoninterruptibleReadableChannel.read(AbstractNoninterruptibleReadableChannel.java:54)
        at org.apache.maven.surefire.booter.spi.LegacyMasterProcessChannelDecoder.decode(LegacyMasterProcessChannelDecoder.java:80)
        at org.apache.maven.surefire.booter.CommandReader$CommandRunnable.run(CommandReader.java:343)
        at java.lang.Thread.run(Thread.java:750)
"IPC Server handler 12 on default port 15004" daemon prio=5 tid=174 timed_waiting
java.lang.Thread.State: TIMED_WAITING
        at sun.misc.Unsafe.park(Native Method)
        at java.util.concurrent.locks.LockSupport.parkNanos(LockSupport.java:215)
        at java.util.concurrent.locks.AbstractQueuedSynchronizer$ConditionObject.awaitNanos(AbstractQueuedSynchronizer.java:2078)
        at java.util.concurrent.LinkedBlockingQueue.poll(LinkedBlockingQueue.java:467)
        at org.apache.hadoop.ipc.CallQueueManager.take(CallQueueManager.java:317)
        at org.apache.hadoop.ipc.Server$Handler.run(Server.java:3014)
"BlockDeletingService#6" daemon prio=5 tid=331 in Object.wait()
java.lang.Thread.State: WAITING (on object monitor)
        at sun.misc.Unsafe.park(Native Method)
        at java.util.concurrent.locks.LockSupport.park(LockSupport.java:175)
        at java.util.concurrent.locks.AbstractQueuedSynchronizer$ConditionObject.await(AbstractQueuedSynchronizer.java:2039)
        at java.util.concurrent.ScheduledThreadPoolExecutor$DelayedWorkQueue.take(ScheduledThreadPoolExecutor.java:1088)
        at java.util.concurrent.ScheduledThreadPoolExecutor$DelayedWorkQueue.take(ScheduledThreadPoolExecutor.java:809)
        at java.util.concurrent.ThreadPoolExecutor.getTask(ThreadPoolExecutor.java:1074)
        at java.util.concurrent.ThreadPoolExecutor.runWorker(ThreadPoolExecutor.java:1134)
        at java.util.concurrent.ThreadPoolExecutor$Worker.run(ThreadPoolExecutor.java:624)
        at java.lang.Thread.run(Thread.java:750)
"Socket Reader #1 for port 15019"  prio=5 tid=229 runnable
java.lang.Thread.State: RUNNABLE
        at sun.nio.ch.EPollArrayWrapper.epollWait(Native Method)
        at sun.nio.ch.EPollArrayWrapper.poll(EPollArrayWrapper.java:269)
        at sun.nio.ch.EPollSelectorImpl.doSelect(EPollSelectorImpl.java:93)
        at sun.nio.ch.SelectorImpl.lockAndDoSelect(SelectorImpl.java:86)
        at sun.nio.ch.SelectorImpl.select(SelectorImpl.java:97)
        at sun.nio.ch.SelectorImpl.select(SelectorImpl.java:101)
        at org.apache.hadoop.ipc.Server$Listener$Reader.doRunLoop(Server.java:1346)
        at org.apache.hadoop.ipc.Server$Listener$Reader.run(Server.java:1325)
"IPC Server handler 15 on default port 15004" daemon prio=5 tid=177 timed_waiting
java.lang.Thread.State: TIMED_WAITING
        at sun.misc.Unsafe.park(Native Method)
        at java.util.concurrent.locks.LockSupport.parkNanos(LockSupport.java:215)
        at java.util.concurrent.locks.AbstractQueuedSynchronizer$ConditionObject.awaitNanos(AbstractQueuedSynchronizer.java:2078)
        at java.util.concurrent.LinkedBlockingQueue.poll(LinkedBlockingQueue.java:467)
        at org.apache.hadoop.ipc.CallQueueManager.take(CallQueueManager.java:317)
        at org.apache.hadoop.ipc.Server$Handler.run(Server.java:3014)
"IPC Server handler 8 on default port 15002" daemon prio=5 tid=97 timed_waiting
java.lang.Thread.State: TIMED_WAITING
        at sun.misc.Unsafe.park(Native Method)
        at java.util.concurrent.locks.LockSupport.parkNanos(LockSupport.java:215)
        at java.util.concurrent.locks.AbstractQueuedSynchronizer$ConditionObject.awaitNanos(AbstractQueuedSynchronizer.java:2078)
        at java.util.concurrent.LinkedBlockingQueue.poll(LinkedBlockingQueue.java:467)
        at org.apache.hadoop.ipc.CallQueueManager.take(CallQueueManager.java:317)
        at org.apache.hadoop.ipc.Server$Handler.run(Server.java:3014)
"FixedThreadPoolWithAffinityExecutor-3-0" daemon prio=5 tid=41 timed_waiting
java.lang.Thread.State: TIMED_WAITING
        at sun.misc.Unsafe.park(Native Method)
        at java.util.concurrent.locks.LockSupport.parkNanos(LockSupport.java:215)
        at java.util.concurrent.locks.AbstractQueuedSynchronizer$ConditionObject.awaitNanos(AbstractQueuedSynchronizer.java:2078)
        at java.util.concurrent.LinkedBlockingQueue.poll(LinkedBlockingQueue.java:467)
        at org.apache.hadoop.hdds.scm.server.ContainerReportQueue.poll(ContainerReportQueue.java:266)
        at org.apache.hadoop.hdds.scm.server.ContainerReportQueue.poll(ContainerReportQueue.java:42)
        at org.apache.hadoop.hdds.server.events.FixedThreadPoolWithAffinityExecutor$ContainerReportProcessTask.run(FixedThreadPoolWithAffinityExecutor.java:247)
        at java.util.concurrent.Executors$RunnableAdapter.call(Executors.java:511)
        at java.util.concurrent.FutureTask.run(FutureTask.java:266)
        at java.util.concurrent.ThreadPoolExecutor.runWorker(ThreadPoolExecutor.java:1149)
        at java.util.concurrent.ThreadPoolExecutor$Worker.run(ThreadPoolExecutor.java:624)
        at java.lang.Thread.run(Thread.java:750)
"grpc-default-boss-ELG-1-1" daemon prio=5 tid=144 runnable
java.lang.Thread.State: RUNNABLE
        at org.apache.ratis.thirdparty.io.netty.channel.epoll.Native.epollWait(Native Method)
        at org.apache.ratis.thirdparty.io.netty.channel.epoll.Native.epollWait(Native.java:209)
        at org.apache.ratis.thirdparty.io.netty.channel.epoll.Native.epollWait(Native.java:202)
        at org.apache.ratis.thirdparty.io.netty.channel.epoll.EpollEventLoop.epollWaitNoTimerChange(EpollEventLoop.java:306)
        at org.apache.ratis.thirdparty.io.netty.channel.epoll.EpollEventLoop.run(EpollEventLoop.java:363)
        at org.apache.ratis.thirdparty.io.netty.util.concurrent.SingleThreadEventExecutor$4.run(SingleThreadEventExecutor.java:997)
        at org.apache.ratis.thirdparty.io.netty.util.internal.ThreadExecutorMap$2.run(ThreadExecutorMap.java:74)
        at org.apache.ratis.thirdparty.io.netty.util.concurrent.FastThreadLocalRunnable.run(FastThreadLocalRunnable.java:30)
        at java.lang.Thread.run(Thread.java:750)
"pool-94-thread-1" daemon prio=5 tid=295 timed_waiting
java.lang.Thread.State: TIMED_WAITING
        at sun.misc.Unsafe.park(Native Method)
        at java.util.concurrent.locks.LockSupport.parkNanos(LockSupport.java:215)
        at java.util.concurrent.locks.AbstractQueuedSynchronizer$ConditionObject.awaitNanos(AbstractQueuedSynchronizer.java:2078)
        at java.util.concurrent.ScheduledThreadPoolExecutor$DelayedWorkQueue.take(ScheduledThreadPoolExecutor.java:1093)
        at java.util.concurrent.ScheduledThreadPoolExecutor$DelayedWorkQueue.take(ScheduledThreadPoolExecutor.java:809)
        at java.util.concurrent.ThreadPoolExecutor.getTask(ThreadPoolExecutor.java:1074)
        at java.util.concurrent.ThreadPoolExecutor.runWorker(ThreadPoolExecutor.java:1134)
        at java.util.concurrent.ThreadPoolExecutor$Worker.run(ThreadPoolExecutor.java:624)
        at java.lang.Thread.run(Thread.java:750)
"c33e49d7-aab4-4e8b-84a2-e80ab64b386a-NettyServerStreamRpc-bossGroup--thread1"  prio=5 tid=215 runnable
java.lang.Thread.State: RUNNABLE
        at sun.nio.ch.EPollArrayWrapper.epollWait(Native Method)
        at sun.nio.ch.EPollArrayWrapper.poll(EPollArrayWrapper.java:269)
        at sun.nio.ch.EPollSelectorImpl.doSelect(EPollSelectorImpl.java:93)
        at sun.nio.ch.SelectorImpl.lockAndDoSelect(SelectorImpl.java:86)
        at sun.nio.ch.SelectorImpl.select(SelectorImpl.java:97)
        at sun.nio.ch.SelectorImpl.select(SelectorImpl.java:101)
        at org.apache.ratis.thirdparty.io.netty.channel.nio.SelectedSelectionKeySetSelector.select(SelectedSelectionKeySetSelector.java:68)
        at org.apache.ratis.thirdparty.io.netty.channel.nio.NioEventLoop.select(NioEventLoop.java:879)
        at org.apache.ratis.thirdparty.io.netty.channel.nio.NioEventLoop.run(NioEventLoop.java:526)
        at org.apache.ratis.thirdparty.io.netty.util.concurrent.SingleThreadEventExecutor$4.run(SingleThreadEventExecutor.java:997)
        at org.apache.ratis.thirdparty.io.netty.util.internal.ThreadExecutorMap$2.run(ThreadExecutorMap.java:74)
        at java.lang.Thread.run(Thread.java:750)
"IPC Server handler 5 on default port 15004" daemon prio=5 tid=167 timed_waiting
java.lang.Thread.State: TIMED_WAITING
        at sun.misc.Unsafe.park(Native Method)
        at java.util.concurrent.locks.LockSupport.parkNanos(LockSupport.java:215)
        at java.util.concurrent.locks.AbstractQueuedSynchronizer$ConditionObject.awaitNanos(AbstractQueuedSynchronizer.java:2078)
        at java.util.concurrent.LinkedBlockingQueue.poll(LinkedBlockingQueue.java:467)
        at org.apache.hadoop.ipc.CallQueueManager.take(CallQueueManager.java:317)
        at org.apache.hadoop.ipc.Server$Handler.run(Server.java:3014)
"Session-HouseKeeper-49e49cac-1"  prio=5 tid=227 timed_waiting
java.lang.Thread.State: TIMED_WAITING
        at sun.misc.Unsafe.park(Native Method)
        at java.util.concurrent.locks.LockSupport.parkNanos(LockSupport.java:215)
        at java.util.concurrent.locks.AbstractQueuedSynchronizer$ConditionObject.awaitNanos(AbstractQueuedSynchronizer.java:2078)
        at java.util.concurrent.ScheduledThreadPoolExecutor$DelayedWorkQueue.take(ScheduledThreadPoolExecutor.java:1093)
        at java.util.concurrent.ScheduledThreadPoolExecutor$DelayedWorkQueue.take(ScheduledThreadPoolExecutor.java:809)
        at java.util.concurrent.ThreadPoolExecutor.getTask(ThreadPoolExecutor.java:1074)
        at java.util.concurrent.ThreadPoolExecutor.runWorker(ThreadPoolExecutor.java:1134)
        at java.util.concurrent.ThreadPoolExecutor$Worker.run(ThreadPoolExecutor.java:624)
        at java.lang.Thread.run(Thread.java:750)
"qtp689391924-160" daemon prio=5 tid=160 timed_waiting
java.lang.Thread.State: TIMED_WAITING
        at sun.misc.Unsafe.park(Native Method)
        at java.util.concurrent.locks.LockSupport.parkNanos(LockSupport.java:215)
        at java.util.concurrent.locks.AbstractQueuedSynchronizer$ConditionObject.awaitNanos(AbstractQueuedSynchronizer.java:2078)
        at org.eclipse.jetty.util.BlockingArrayQueue.poll(BlockingArrayQueue.java:382)
        at org.eclipse.jetty.util.thread.QueuedThreadPool$Runner.idleJobPoll(QueuedThreadPool.java:974)
        at org.eclipse.jetty.util.thread.QueuedThreadPool$Runner.run(QueuedThreadPool.java:1018)
        at java.lang.Thread.run(Thread.java:750)
"Session-HouseKeeper-67264fde-1"  prio=5 tid=196 timed_waiting
java.lang.Thread.State: TIMED_WAITING
        at sun.misc.Unsafe.park(Native Method)
        at java.util.concurrent.locks.LockSupport.parkNanos(LockSupport.java:215)
        at java.util.concurrent.locks.AbstractQueuedSynchronizer$ConditionObject.awaitNanos(AbstractQueuedSynchronizer.java:2078)
        at java.util.concurrent.ScheduledThreadPoolExecutor$DelayedWorkQueue.take(ScheduledThreadPoolExecutor.java:1093)
        at java.util.concurrent.ScheduledThreadPoolExecutor$DelayedWorkQueue.take(ScheduledThreadPoolExecutor.java:809)
        at java.util.concurrent.ThreadPoolExecutor.getTask(ThreadPoolExecutor.java:1074)
        at java.util.concurrent.ThreadPoolExecutor.runWorker(ThreadPoolExecutor.java:1134)
        at java.util.concurrent.ThreadPoolExecutor$Worker.run(ThreadPoolExecutor.java:624)
        at java.lang.Thread.run(Thread.java:750)


	at org.apache.ozone.test.GenericTestUtils.waitFor(GenericTestUtils.java:229)
	at org.apache.hadoop.ozone.client.rpc.TestDeleteWithSlowFollower.testDeleteKeyWithSlowFollower(TestDeleteWithSlowFollower.java:291)
	at sun.reflect.NativeMethodAccessorImpl.invoke0(Native Method)
	at sun.reflect.NativeMethodAccessorImpl.invoke(NativeMethodAccessorImpl.java:62)
	at sun.reflect.DelegatingMethodAccessorImpl.invoke(DelegatingMethodAccessorImpl.java:43)
	at java.lang.reflect.Method.invoke(Method.java:498)
	at org.junit.runners.model.FrameworkMethod$1.runReflectiveCall(FrameworkMethod.java:59)
	at org.junit.internal.runners.model.ReflectiveCallable.run(ReflectiveCallable.java:12)
	at org.junit.runners.model.FrameworkMethod.invokeExplosively(FrameworkMethod.java:56)
	at org.junit.internal.runners.statements.InvokeMethod.evaluate(InvokeMethod.java:17)
	at org.junit.runners.ParentRunner$3.evaluate(ParentRunner.java:306)
	at org.junit.runners.BlockJUnit4ClassRunner$1.evaluate(BlockJUnit4ClassRunner.java:100)
	at org.junit.runners.ParentRunner.runLeaf(ParentRunner.java:366)
	at org.junit.runners.BlockJUnit4ClassRunner.runChild(BlockJUnit4ClassRunner.java:103)
	at org.junit.runners.BlockJUnit4ClassRunner.runChild(BlockJUnit4ClassRunner.java:63)
	at org.junit.runners.ParentRunner$4.run(ParentRunner.java:331)
	at org.junit.runners.ParentRunner$1.schedule(ParentRunner.java:79)
	at org.junit.runners.ParentRunner.runChildren(ParentRunner.java:329)
	at org.junit.runners.ParentRunner.access$100(ParentRunner.java:66)
	at org.junit.runners.ParentRunner$2.evaluate(ParentRunner.java:293)
	at org.junit.internal.runners.statements.RunBefores.evaluate(RunBefores.java:26)
	at org.junit.internal.runners.statements.RunAfters.evaluate(RunAfters.java:27)
	at org.junit.runners.ParentRunner$3.evaluate(ParentRunner.java:306)
	at org.junit.runners.ParentRunner.run(ParentRunner.java:413)
	at org.junit.runner.JUnitCore.run(JUnitCore.java:137)
	at org.junit.runner.JUnitCore.run(JUnitCore.java:115)
	at org.junit.vintage.engine.execution.RunnerExecutor.execute(RunnerExecutor.java:42)
	at org.junit.vintage.engine.VintageTestEngine.executeAllChildren(VintageTestEngine.java:80)
	at org.junit.vintage.engine.VintageTestEngine.execute(VintageTestEngine.java:72)
	at org.junit.platform.launcher.core.EngineExecutionOrchestrator.execute(EngineExecutionOrchestrator.java:107)
	at org.junit.platform.launcher.core.EngineExecutionOrchestrator.execute(EngineExecutionOrchestrator.java:88)
	at org.junit.platform.launcher.core.EngineExecutionOrchestrator.lambda$execute$0(EngineExecutionOrchestrator.java:54)
	at org.junit.platform.launcher.core.EngineExecutionOrchestrator.withInterceptedStreams(EngineExecutionOrchestrator.java:67)
	at org.junit.platform.launcher.core.EngineExecutionOrchestrator.execute(EngineExecutionOrchestrator.java:52)
	at org.junit.platform.launcher.core.DefaultLauncher.execute(DefaultLauncher.java:114)
	at org.junit.platform.launcher.core.DefaultLauncher.execute(DefaultLauncher.java:86)
	at org.junit.platform.launcher.core.DefaultLauncherSession$DelegatingLauncher.execute(DefaultLauncherSession.java:86)
	at org.junit.platform.launcher.core.SessionPerRequestLauncher.execute(SessionPerRequestLauncher.java:53)
	at org.apache.maven.surefire.junitplatform.JUnitPlatformProvider.execute(JUnitPlatformProvider.java:188)
	at org.apache.maven.surefire.junitplatform.JUnitPlatformProvider.invokeAllTests(JUnitPlatformProvider.java:154)
	at org.apache.maven.surefire.junitplatform.JUnitPlatformProvider.invoke(JUnitPlatformProvider.java:124)
	at org.apache.maven.surefire.booter.ForkedBooter.runSuitesInProcess(ForkedBooter.java:428)
	at org.apache.maven.surefire.booter.ForkedBooter.execute(ForkedBooter.java:162)
	at org.apache.maven.surefire.booter.ForkedBooter.run(ForkedBooter.java:562)
	at org.apache.maven.surefire.booter.ForkedBooter.main(ForkedBooter.java:548)
]]></error>
    <system-out><![CDATA[2023-07-26 19:46:10,911 [main] WARN  server.ServerUtils (ServerUtils.java:getScmDbDir(155)) - ozone.scm.db.dirs is not configured. We recommend adding this setting. Falling back to ozone.metadata.dirs instead.
2023-07-26 19:46:11,277 [main] INFO  reflections.Reflections (Reflections.java:scan(232)) - Reflections took 299 ms to scan 7 urls, producing 160 keys and 378 values 
2023-07-26 19:46:11,451 [main] WARN  server.ServerUtils (ServerUtils.java:getScmDbDir(155)) - ozone.scm.db.dirs is not configured. We recommend adding this setting. Falling back to ozone.metadata.dirs instead.
2023-07-26 19:46:11,455 [main] INFO  ha.SCMHANodeDetails (SCMHANodeDetails.java:loadSCMHAConfig(210)) - ServiceID for StorageContainerManager is null
2023-07-26 19:46:11,463 [main] WARN  ha.SCMHANodeDetails (SCMHANodeDetails.java:validateSCMHAConfig(183)) - Invalid config ozone.scm.ratis.enable. The config was not specified, but the default value true conflicts with the expected config value false. Falling back to the expected value. Current State of SCM: SCM is running in Non-HA without Ratis Ratis SCM -> Non Ratis SCM or Non HA SCM -> HA SCM is not supported
2023-07-26 19:46:11,463 [main] INFO  ha.SCMHANodeDetails (SCMHANodeDetails.java:loadSCMHAConfig(215)) - ozone.scm.default.service.id is not defined, falling back to ozone.scm.service.ids to find serviceID for StorageContainerManager if it is HA enabled cluster
2023-07-26 19:46:12,319 [main] WARN  utils.HAUtils (HAUtils.java:getMetaDir(339)) - ozone.scm.db.dirs is not configured. We recommend adding this setting. Falling back to ozone.metadata.dirs instead.
2023-07-26 19:46:12,516 [main] WARN  db.DBStoreBuilder (DBStoreBuilder.java:applyDBDefinition(166)) - ozone.scm.db.dirs is not configured. We recommend adding this setting. Falling back to ozone.metadata.dirs instead.
2023-07-26 19:46:12,886 [main] INFO  net.NodeSchemaLoader (NodeSchemaLoader.java:loadSchemaFromFile(129)) - Loading schema from [jar:file:/home/runner/.m2/repository/org/apache/ozone/hdds-common/1.4.0-SNAPSHOT/hdds-common-1.4.0-SNAPSHOT.jar!/network-topology-default.xml]
2023-07-26 19:46:12,888 [main] INFO  net.NodeSchemaLoader (NodeSchemaLoader.java:loadSchema(176)) - Loading network topology layer schema file
2023-07-26 19:46:12,942 [main] INFO  metrics.MetricRegistries (MetricRegistriesLoader.java:load(64)) - Loaded MetricRegistries class org.apache.ratis.metrics.impl.MetricRegistriesImpl
2023-07-26 19:46:12,958 [main] INFO  upgrade.AbstractLayoutVersionManager (AbstractLayoutVersionManager.java:init(83)) - Initializing Layout version manager with metadata layout = HADOOP_PRC_PORTS_IN_DATANODEDETAILS (version = 7), software layout = HADOOP_PRC_PORTS_IN_DATANODEDETAILS (version = 7)
2023-07-26 19:46:13,230 [main] INFO  ha.SequenceIdGenerator (SequenceIdGenerator.java:upgradeToSequenceId(365)) - upgrade localId to 111677748019200000
2023-07-26 19:46:13,231 [main] INFO  ha.SequenceIdGenerator (SequenceIdGenerator.java:upgradeToSequenceId(375)) - upgrade delTxnId to 0
2023-07-26 19:46:13,250 [main] INFO  ha.SequenceIdGenerator (SequenceIdGenerator.java:upgradeToSequenceId(392)) - upgrade containerId to 0
2023-07-26 19:46:13,254 [main] INFO  ha.SequenceIdGenerator (SequenceIdGenerator.java:upgradeToSequenceId(428)) - upgrade rootCertificateId to 1
2023-07-26 19:46:13,256 [main] INFO  ha.SequenceIdGenerator (SequenceIdGenerator.java:<init>(236)) - Init the HA SequenceIdGenerator.
2023-07-26 19:46:13,330 [main] WARN  server.ServerUtils (ServerUtils.java:sanitizeUserArgs(80)) - ozone.scm.stale.node.interval value = 1000000 is larger than max = 100000 based on the key value of ozone.scm.heartbeat.thread.interval, reset to the max value 100000.
2023-07-26 19:46:13,331 [main] WARN  server.ServerUtils (ServerUtils.java:sanitizeUserArgs(80)) - ozone.scm.stale.node.interval value = 1000000 is larger than max = 100000 based on the key value of ozone.scm.heartbeat.thread.interval, reset to the max value 100000.
2023-07-26 19:46:13,338 [main] INFO  node.SCMNodeManager (SCMNodeManager.java:<init>(157)) - Entering startup safe mode.
2023-07-26 19:46:13,357 [main] INFO  algorithms.ContainerPlacementPolicyFactory (ContainerPlacementPolicyFactory.java:getPolicyInternal(86)) - Create container placement policy of type org.apache.hadoop.hdds.scm.container.placement.algorithms.SCMContainerPlacementRackAware
2023-07-26 19:46:13,361 [main] INFO  algorithms.ContainerPlacementPolicyFactory (ContainerPlacementPolicyFactory.java:getPolicyInternal(86)) - Create container placement policy of type org.apache.hadoop.hdds.scm.container.placement.algorithms.SCMContainerPlacementRackScatter
2023-07-26 19:46:13,371 [main] INFO  pipeline.PipelineStateManagerImpl (PipelineStateManagerImpl.java:initialize(78)) - No pipeline exists in current db
2023-07-26 19:46:13,393 [main] INFO  algorithms.LeaderChoosePolicyFactory (LeaderChoosePolicyFactory.java:getPolicy(57)) - Create leader choose policy of type org.apache.hadoop.hdds.scm.pipeline.leader.choose.algorithms.MinLeaderCountChoosePolicy
2023-07-26 19:46:13,394 [main] INFO  algorithms.ContainerPlacementPolicyFactory (ContainerPlacementPolicyFactory.java:getPolicyInternal(86)) - Create container placement policy of type org.apache.hadoop.hdds.scm.container.placement.algorithms.SCMContainerPlacementRackScatter
2023-07-26 19:46:13,400 [main] INFO  ha.SCMServiceManager (SCMServiceManager.java:register(42)) - Registering service BackgroundPipelineCreator.
2023-07-26 19:46:13,401 [main] INFO  pipeline.BackgroundPipelineCreator (BackgroundPipelineCreator.java:start(124)) - Starting RatisPipelineUtilsThread.
2023-07-26 19:46:13,404 [main] INFO  BackgroundPipelineScrubber (BackgroundSCMService.java:start(68)) - Starting BackgroundPipelineScrubber Service.
2023-07-26 19:46:13,405 [main] INFO  ha.SCMServiceManager (SCMServiceManager.java:register(42)) - Registering service BackgroundPipelineScrubber.
2023-07-26 19:46:13,413 [main] INFO  ExpiredContainerReplicaOpScrubber (BackgroundSCMService.java:start(68)) - Starting ExpiredContainerReplicaOpScrubber Service.
2023-07-26 19:46:13,421 [main] INFO  ha.SCMServiceManager (SCMServiceManager.java:register(42)) - Registering service ExpiredContainerReplicaOpScrubber.
2023-07-26 19:46:13,450 [main] INFO  algorithms.PipelineChoosePolicyFactory (PipelineChoosePolicyFactory.java:createPipelineChoosePolicyFromClass(78)) - Create pipeline choose policy of type org.apache.hadoop.hdds.scm.pipeline.choose.algorithms.RandomPipelineChoosePolicy
2023-07-26 19:46:13,450 [main] INFO  algorithms.PipelineChoosePolicyFactory (PipelineChoosePolicyFactory.java:createPipelineChoosePolicyFromClass(78)) - Create pipeline choose policy of type org.apache.hadoop.hdds.scm.pipeline.choose.algorithms.RandomPipelineChoosePolicy
2023-07-26 19:46:13,476 [main] INFO  ha.SCMServiceManager (SCMServiceManager.java:register(42)) - Registering service SCMBlockDeletingService.
2023-07-26 19:46:13,540 [main] INFO  replication.ReplicationManager (ReplicationManager.java:start(286)) - Starting Replication Monitor Thread.
2023-07-26 19:46:13,551 [main] INFO  ha.SCMServiceManager (SCMServiceManager.java:register(42)) - Registering service ReplicationManager.
2023-07-26 19:46:13,557 [ReplicationMonitor] INFO  replication.ReplicationManager (ReplicationManager.java:processAll(361)) - Replication Manager is not ready to run until 3000ms after safemode exit
2023-07-26 19:46:13,564 [main] INFO  safemode.ContainerSafeModeRule (ContainerSafeModeRule.java:<init>(89)) - containers with one replica threshold count 0
2023-07-26 19:46:13,571 [main] INFO  safemode.HealthyPipelineSafeModeRule (HealthyPipelineSafeModeRule.java:initializeRule(169)) - Total pipeline count is 0, healthy pipeline threshold count is 1
2023-07-26 19:46:13,573 [main] INFO  safemode.OneReplicaPipelineSafeModeRule (OneReplicaPipelineSafeModeRule.java:initializeRule(180)) - Total pipeline count is 0, pipeline's with at least one datanode reported threshold count is 0
2023-07-26 19:46:13,628 [main] INFO  server.StorageContainerManager (StorageContainerManager.java:<init>(424)) - SCM start with adminUsers: [runner]
2023-07-26 19:46:14,104 [main] INFO  audit.AuditLogger (AuditLogger.java:refreshDebugCmdSet(126)) - Refresh DebugCmdSet for SCMAudit to [].
2023-07-26 19:46:14,157 [main] INFO  ipc.CallQueueManager (CallQueueManager.java:<init>(90)) - Using callQueue: class java.util.concurrent.LinkedBlockingQueue, queueCapacity: 2000, scheduler: class org.apache.hadoop.ipc.DefaultRpcScheduler, ipcBackoff: false.
2023-07-26 19:46:14,202 [main] INFO  ipc.Server (Server.java:<init>(1287)) - Listener at 0.0.0.0:15002
2023-07-26 19:46:14,207 [Socket Reader #1 for port 15002] INFO  ipc.Server (Server.java:run(1323)) - Starting Socket Reader #1 for port 15002
2023-07-26 19:46:14,304 [main] INFO  audit.AuditLogger (AuditLogger.java:refreshDebugCmdSet(126)) - Refresh DebugCmdSet for SCMAudit to [].
2023-07-26 19:46:14,311 [main] INFO  ipc.CallQueueManager (CallQueueManager.java:<init>(90)) - Using callQueue: class java.util.concurrent.LinkedBlockingQueue, queueCapacity: 2000, scheduler: class org.apache.hadoop.ipc.DefaultRpcScheduler, ipcBackoff: false.
2023-07-26 19:46:14,311 [main] INFO  ipc.Server (Server.java:<init>(1287)) - Listener at 0.0.0.0:15001
2023-07-26 19:46:14,313 [Socket Reader #1 for port 15001] INFO  ipc.Server (Server.java:run(1323)) - Starting Socket Reader #1 for port 15001
2023-07-26 19:46:14,361 [main] INFO  audit.AuditLogger (AuditLogger.java:refreshDebugCmdSet(126)) - Refresh DebugCmdSet for SCMAudit to [].
2023-07-26 19:46:14,376 [main] INFO  ipc.CallQueueManager (CallQueueManager.java:<init>(90)) - Using callQueue: class java.util.concurrent.LinkedBlockingQueue, queueCapacity: 2000, scheduler: class org.apache.hadoop.ipc.DefaultRpcScheduler, ipcBackoff: false.
2023-07-26 19:46:14,376 [main] INFO  ipc.Server (Server.java:<init>(1287)) - Listener at 0.0.0.0:15000
2023-07-26 19:46:14,377 [Socket Reader #1 for port 15000] INFO  ipc.Server (Server.java:run(1323)) - Starting Socket Reader #1 for port 15000
2023-07-26 19:46:14,469 [main] INFO  ha.SCMServiceManager (SCMServiceManager.java:register(42)) - Registering service ContainerBalancer.
2023-07-26 19:46:14,471 [main] INFO  server.StorageContainerManager (StorageContainerManager.java:<init>(437)) - 
Container Balancer status:
Key                            Value
Running                        false
Container Balancer Configuration values:
Key                                                Value
Threshold                                          10
Max Datanodes to Involve per Iteration(percent)    20
Max Size to Move per Iteration                     500GB
Max Size Entering Target per Iteration             26GB
Max Size Leaving Source per Iteration              26GB

2023-07-26 19:46:14,478 [main] INFO  ha.SCMContext (SCMContext.java:updateSafeModeStatus(228)) - Update SafeModeStatus from SafeModeStatus{safeModeStatus=true, preCheckPassed=false} to SafeModeStatus{safeModeStatus=true, preCheckPassed=false}.
2023-07-26 19:46:14,482 [main] INFO  server.StorageContainerManager (StorageContainerManager.java:start(1491)) - StorageContainerLocationProtocol RPC server is listening at /0.0.0.0:15000
2023-07-26 19:46:14,567 [main] WARN  impl.MetricsConfig (MetricsConfig.java:loadFirst(136)) - Cannot locate configuration: tried hadoop-metrics2-storagecontainermanager.properties,hadoop-metrics2.properties
2023-07-26 19:46:14,587 [main] INFO  impl.MetricsSystemImpl (MetricsSystemImpl.java:startTimer(378)) - Scheduled Metric snapshot period at 10 second(s).
2023-07-26 19:46:14,587 [main] INFO  impl.MetricsSystemImpl (MetricsSystemImpl.java:start(191)) - StorageContainerManager metrics system started
2023-07-26 19:46:14,930 [main] INFO  server.SCMClientProtocolServer (SCMClientProtocolServer.java:start(200)) - RPC server for Client  is listening at /0.0.0.0:15000
2023-07-26 19:46:14,931 [IPC Server Responder] INFO  ipc.Server (Server.java:run(1562)) - IPC Server Responder: starting
2023-07-26 19:46:14,974 [main] INFO  server.StorageContainerManager (StorageContainerManager.java:start(1504)) - ScmBlockLocationProtocol RPC server is listening at /0.0.0.0:15001
2023-07-26 19:46:14,975 [main] INFO  server.SCMBlockProtocolServer (SCMBlockProtocolServer.java:start(152)) - RPC server for Block Protocol is listening at /0.0.0.0:15001
2023-07-26 19:46:14,976 [IPC Server Responder] INFO  ipc.Server (Server.java:run(1562)) - IPC Server Responder: starting
2023-07-26 19:46:14,977 [IPC Server listener on 15001] INFO  ipc.Server (Server.java:run(1402)) - IPC Server listener on 15001: starting
2023-07-26 19:46:14,984 [main] INFO  server.SCMDatanodeProtocolServer (SCMDatanodeProtocolServer.java:start(193)) - ScmDatanodeProtocol RPC server for DataNodes is listening at /0.0.0.0:15002
2023-07-26 19:46:15,002 [IPC Server listener on 15000] INFO  ipc.Server (Server.java:run(1402)) - IPC Server listener on 15000: starting
2023-07-26 19:46:15,006 [IPC Server listener on 15002] INFO  ipc.Server (Server.java:run(1402)) - IPC Server listener on 15002: starting
2023-07-26 19:46:15,006 [IPC Server Responder] INFO  ipc.Server (Server.java:run(1562)) - IPC Server Responder: starting
2023-07-26 19:46:15,016 [JvmPauseMonitor0] INFO  util.JvmPauseMonitor (JvmPauseMonitor.java:run(103)) - JvmPauseMonitor-4a221fb2-ddf6-4610-a758-f4ca6d2c87a4: Started
2023-07-26 19:46:15,040 [main] INFO  http.BaseHttpServer (BaseHttpServer.java:newHttpServer2BuilderForOzone(224)) - Starting Web-server for scm at: http://0.0.0.0:15003
2023-07-26 19:46:15,040 [main] INFO  http.BaseHttpServer (BaseHttpServer.java:<init>(111)) - Hadoop Security Enabled: false Ozone Security Enabled: false Ozone HTTP Security Enabled: false 
2023-07-26 19:46:15,075 [main] INFO  util.log (Log.java:initialized(170)) - Logging initialized @6053ms to org.eclipse.jetty.util.log.Slf4jLog
2023-07-26 19:46:15,198 [main] WARN  server.AuthenticationFilter (AuthenticationFilter.java:constructSecretProvider(240)) - Unable to initialize FileSignerSecretProvider, falling back to use random secrets. Reason: Could not read signature secret file: /home/runner/hadoop-http-auth-signature-secret
2023-07-26 19:46:15,208 [main] INFO  http.HttpRequestLog (HttpRequestLog.java:getRequestLog(86)) - Http request log for http.requests.scm is not defined
2023-07-26 19:46:15,216 [main] INFO  http.HttpServer2 (HttpServer2.java:addGlobalFilter(1031)) - Added global filter 'safety' (class=org.apache.hadoop.hdds.server.http.HttpServer2$QuotingInputFilter)
2023-07-26 19:46:15,219 [main] INFO  http.HttpServer2 (HttpServer2.java:addFilter(1007)) - Added filter static_user_filter (class=org.apache.hadoop.http.lib.StaticUserWebFilter$StaticUserFilter) to context scm
2023-07-26 19:46:15,219 [main] INFO  http.HttpServer2 (HttpServer2.java:addFilter(1015)) - Added filter static_user_filter (class=org.apache.hadoop.http.lib.StaticUserWebFilter$StaticUserFilter) to context logs
2023-07-26 19:46:15,219 [main] INFO  http.HttpServer2 (HttpServer2.java:addFilter(1015)) - Added filter static_user_filter (class=org.apache.hadoop.http.lib.StaticUserWebFilter$StaticUserFilter) to context static
2023-07-26 19:46:15,263 [main] INFO  http.BaseHttpServer (BaseHttpServer.java:<init>(190)) - HTTP server of scm uses base directory /home/runner/work/ozone/ozone/hadoop-ozone/integration-test/target/test-dir/MiniOzoneClusterImpl-7725ff52-e03b-4cac-b8cb-596b4b29adc0/ozone-meta/webserver
2023-07-26 19:46:15,265 [main] INFO  http.HttpServer2 (HttpServer2.java:bindListener(1250)) - Jetty bound to port 15003
2023-07-26 19:46:15,266 [main] INFO  server.Server (Server.java:doStart(375)) - jetty-9.4.51.v20230217; built: 2023-02-17T08:19:37.309Z; git: b45c405e4544384de066f814ed42ae3dceacdd49; jvm 1.8.0_372-b07
2023-07-26 19:46:15,319 [main] INFO  server.session (DefaultSessionIdManager.java:doStart(334)) - DefaultSessionIdManager workerName=node0
2023-07-26 19:46:15,320 [main] INFO  server.session (DefaultSessionIdManager.java:doStart(339)) - No SessionScavenger set, using defaults
2023-07-26 19:46:15,322 [main] INFO  server.session (HouseKeeper.java:startScavenging(132)) - node0 Scavenging every 600000ms
2023-07-26 19:46:15,338 [main] INFO  handler.ContextHandler (ContextHandler.java:doStart(921)) - Started o.e.j.s.ServletContextHandler@1fcef6f9{logs,/logs,file:///home/runner/work/ozone/ozone/hadoop-ozone/integration-test/target/log,AVAILABLE}
2023-07-26 19:46:15,340 [main] INFO  handler.ContextHandler (ContextHandler.java:doStart(921)) - Started o.e.j.s.ServletContextHandler@384b718c{static,/static,file:///home/runner/work/ozone/ozone/hadoop-ozone/integration-test/target/test-classes/webapps/static,AVAILABLE}
2023-07-26 19:46:15,389 [main] INFO  handler.ContextHandler (ContextHandler.java:doStart(921)) - Started o.e.j.w.WebAppContext@157e0f6b{scm,/,file:///home/runner/work/ozone/ozone/hadoop-ozone/integration-test/target/test-classes/webapps/scm/,AVAILABLE}{file:/home/runner/work/ozone/ozone/hadoop-ozone/integration-test/target/test-classes/webapps/scm}
2023-07-26 19:46:15,401 [main] INFO  server.AbstractConnector (AbstractConnector.java:doStart(333)) - Started ServerConnector@6b4376e1{HTTP/1.1, (http/1.1)}{0.0.0.0:15003}
2023-07-26 19:46:15,402 [main] INFO  server.Server (Server.java:doStart(415)) - Started @6380ms
2023-07-26 19:46:15,404 [main] INFO  impl.MetricsSinkAdapter (MetricsSinkAdapter.java:start(204)) - Sink prometheus started
2023-07-26 19:46:15,405 [main] INFO  impl.MetricsSystemImpl (MetricsSystemImpl.java:registerSink(305)) - Registered sink prometheus
2023-07-26 19:46:15,406 [main] INFO  http.BaseHttpServer (BaseHttpServer.java:updateConnectorAddress(344)) - HTTP server of scm listening at http://0.0.0.0:15003
2023-07-26 19:46:15,410 [main] WARN  server.ServerUtils (ServerUtils.java:getDBPath(311)) - ozone.om.db.dirs is not configured. We recommend adding this setting. Falling back to ozone.metadata.dirs instead.
2023-07-26 19:46:15,494 [main] INFO  audit.AuditLogger (AuditLogger.java:refreshDebugCmdSet(126)) - Refresh DebugCmdSet for OMAudit to [].
2023-07-26 19:46:15,599 [main] INFO  ha.OMHANodeDetails (OMHANodeDetails.java:loadOMHAConfig(115)) - ozone.om.internal.service.id is not defined, falling back to ozone.om.service.ids to find serviceID for OzoneManager if it is HA enabled cluster
2023-07-26 19:46:15,603 [main] INFO  ha.OMHANodeDetails (OMHANodeDetails.java:loadOMHAConfig(226)) - Configuration does not have ozone.om.address set. Falling back to the default OM address /127.0.0.1:15004
2023-07-26 19:46:15,603 [main] INFO  ha.OMHANodeDetails (OMHANodeDetails.java:getOMNodeDetailsForNonHA(254)) - OM Service ID is not set. Setting it to the default ID: omServiceIdDefault
2023-07-26 19:46:15,603 [main] INFO  ha.OMHANodeDetails (OMHANodeDetails.java:getOMNodeDetailsForNonHA(261)) - OM Node ID is not set. Setting it to the default ID: om1
2023-07-26 19:46:15,609 [main] WARN  server.ServerUtils (ServerUtils.java:getDBPath(311)) - ozone.om.db.dirs is not configured. We recommend adding this setting. Falling back to ozone.metadata.dirs instead.
2023-07-26 19:46:15,613 [main] INFO  upgrade.AbstractLayoutVersionManager (AbstractLayoutVersionManager.java:init(83)) - Initializing Layout version manager with metadata layout = QUOTA (version = 6), software layout = QUOTA (version = 6)
2023-07-26 19:46:15,715 [main] INFO  reflections.Reflections (Reflections.java:scan(232)) - Reflections took 98 ms to scan 2 urls, producing 188 keys and 512 values [using 2 cores]
2023-07-26 19:46:15,721 [main] INFO  upgrade.OMLayoutVersionManager (OMLayoutVersionManager.java:lambda$0(115)) - Skipping Upgrade Action QuotaRepairUpgradeAction since it has been finalized.
2023-07-26 19:46:15,723 [main] INFO  upgrade.OMLayoutVersionManager (OMLayoutVersionManager.java:lambda$0(115)) - Skipping Upgrade Action MockOmUpgradeAction since it has been finalized.
2023-07-26 19:46:15,725 [main] WARN  server.ServerUtils (ServerUtils.java:getDBPath(311)) - ozone.om.db.dirs is not configured. We recommend adding this setting. Falling back to ozone.metadata.dirs instead.
2023-07-26 19:46:16,000 [main] INFO  proxy.SCMBlockLocationFailoverProxyProvider (SCMBlockLocationFailoverProxyProvider.java:<init>(114)) - Created block location fail-over proxy with 1 nodes: [nodeId=scmNodeId,nodeAddress=/0.0.0.0:15001]
2023-07-26 19:46:16,051 [main] INFO  proxy.SCMBlockLocationFailoverProxyProvider (SCMBlockLocationFailoverProxyProvider.java:<init>(114)) - Created block location fail-over proxy with 1 nodes: [nodeId=scmNodeId,nodeAddress=/0.0.0.0:15001]
2023-07-26 19:46:16,375 [main] INFO  om.OzoneManager (OzoneManager.java:<init>(662)) - OM start with adminUsers: [runner]
2023-07-26 19:46:16,427 [main] WARN  server.ServerUtils (ServerUtils.java:getDBPath(311)) - ozone.om.db.dirs is not configured. We recommend adding this setting. Falling back to ozone.metadata.dirs instead.
2023-07-26 19:46:16,464 [main] INFO  helpers.OmKeyInfo (OmKeyInfo.java:getCodec(71)) - OmKeyInfo.getCodec ignorePipeline = true
2023-07-26 19:46:16,925 [main] INFO  om.OzoneManager (OzoneManager.java:instantiateServices(791)) - S3 Multi-Tenancy is disabled
2023-07-26 19:46:16,985 [main] INFO  om.OmSnapshotManager (OmSnapshotManager.java:<init>(175)) - Ozone filesystem snapshot feature is enabled.
2023-07-26 19:46:16,997 [main] WARN  server.ServerUtils (ServerUtils.java:getDBPath(311)) - ozone.om.snapshot.diff.db.dir is not configured. We recommend adding this setting. Falling back to ozone.metadata.dirs instead.
2023-07-26 19:46:17,068 [main] INFO  utils.NativeLibraryLoader (NativeLibraryLoader.java:loadLibrary(105)) - Loading Library: ozone_rocksdb_tools
2023-07-26 19:46:17,070 [main] INFO  snapshot.SnapshotDiffManager (SnapshotDiffManager.java:closeExecutorService(1720)) - Shutting down executorService: 'SstDumpToolExecutor'
2023-07-26 19:46:17,180 [main] INFO  om.OzoneManager (OzoneManager.java:addS3GVolumeToDB(4287)) - Created Volume s3v With Owner runner required for S3Gateway operations.
2023-07-26 19:46:17,283 [main] WARN  server.ServerUtils (ServerUtils.java:getDefaultRatisDirectory(323)) - Storage directory for Ratis is not configured. It is a good idea to map this to an SSD disk. Falling back to ozone.metadata.dirs
2023-07-26 19:46:17,284 [main] WARN  utils.OzoneManagerRatisUtils (OzoneManagerRatisUtils.java:getOMRatisSnapshotDirectory(461)) - ozone.om.ratis.snapshot.dir is not configured. Falling back to ozone.metadata.dirs config
2023-07-26 19:46:17,305 [main] WARN  server.ServerUtils (ServerUtils.java:getDefaultRatisDirectory(323)) - Storage directory for Ratis is not configured. It is a good idea to map this to an SSD disk. Falling back to ozone.metadata.dirs
2023-07-26 19:46:17,355 [main] INFO  ratis.OzoneManagerRatisServer (OzoneManagerRatisServer.java:<init>(163)) - Instantiating OM Ratis server with groupID: omServiceIdDefault and peers: localhost:15007
2023-07-26 19:46:17,368 [main] INFO  ratis.OzoneManagerStateMachine (OzoneManagerStateMachine.java:loadSnapshotInfoFromDB(687)) - LastAppliedIndex is set from TransactionInfo from OM DB as (t:0, i:~)
2023-07-26 19:46:17,470 [main] INFO  server.RaftServer (ConfUtils.java:logGet(46)) - raft.rpc.type = GRPC (default)
2023-07-26 19:46:17,480 [main] INFO  grpc.GrpcConfigKeys (ConfUtils.java:logFallback(53)) - raft.grpc.admin.host = null (fallback to raft.grpc.server.host)
2023-07-26 19:46:17,483 [main] INFO  grpc.GrpcConfigKeys (ConfUtils.java:logFallback(53)) - raft.grpc.admin.port = 15007 (fallback to raft.grpc.server.port)
2023-07-26 19:46:17,483 [main] INFO  grpc.GrpcConfigKeys (ConfUtils.java:logFallback(53)) - raft.grpc.client.host = null (fallback to raft.grpc.server.host)
2023-07-26 19:46:17,485 [main] INFO  grpc.GrpcConfigKeys (ConfUtils.java:logFallback(53)) - raft.grpc.client.port = 15007 (fallback to raft.grpc.server.port)
2023-07-26 19:46:17,486 [main] INFO  grpc.GrpcConfigKeys (ConfUtils.java:logGet(46)) - raft.grpc.server.host = null (default)
2023-07-26 19:46:17,487 [main] INFO  grpc.GrpcConfigKeys (ConfUtils.java:logGet(46)) - raft.grpc.server.port = 15007 (custom)
2023-07-26 19:46:17,487 [main] INFO  server.GrpcService (ConfUtils.java:logGet(46)) - raft.grpc.message.size.max = 33554432 (custom)
2023-07-26 19:46:17,489 [main] INFO  server.RaftServerConfigKeys (ConfUtils.java:logGet(46)) - raft.server.log.appender.buffer.byte-limit = 33554432 (custom)
2023-07-26 19:46:17,490 [main] INFO  server.GrpcService (ConfUtils.java:logGet(46)) - raft.grpc.flow.control.window = 1MB (=1048576) (default)
2023-07-26 19:46:17,490 [main] INFO  server.RaftServerConfigKeys (ConfUtils.java:logGet(46)) - raft.server.rpc.request.timeout = 3000ms (default)
2023-07-26 19:46:17,505 [main] INFO  grpc.GrpcConfigKeys (ConfUtils.java:logGet(46)) - raft.grpc.server.heartbeat.channel = true (default)
2023-07-26 19:46:17,509 [main] INFO  grpc.GrpcConfigKeys (ConfUtils.java:logGet(46)) - raft.grpc.server.async.request.thread.pool.cached = true (default)
2023-07-26 19:46:17,511 [main] INFO  grpc.GrpcConfigKeys (ConfUtils.java:logGet(46)) - raft.grpc.server.async.request.thread.pool.size = 32 (default)
2023-07-26 19:46:17,787 [main] INFO  impl.DataStreamServerImpl (ConfUtils.java:logGet(46)) - raft.datastream.type = DISABLED (default)
2023-07-26 19:46:17,790 [main] INFO  server.RaftServerConfigKeys (ConfUtils.java:logGet(46)) - raft.server.threadpool.proxy.cached = true (default)
2023-07-26 19:46:17,792 [main] INFO  server.RaftServerConfigKeys (ConfUtils.java:logGet(46)) - raft.server.threadpool.proxy.size = 0 (default)
2023-07-26 19:46:17,792 [main] INFO  server.RaftServerConfigKeys (ConfUtils.java:logGet(46)) - raft.server.rpc.slowness.timeout = 120s (custom)
2023-07-26 19:46:17,792 [main] INFO  server.RaftServerConfigKeys (ConfUtils.java:logGet(46)) - raft.server.leaderelection.leader.step-down.wait-time = 10s (default)
2023-07-26 19:46:17,797 [main] INFO  server.RaftServerConfigKeys (ConfUtils.java:logGet(46)) - raft.server.storage.dir = [/home/runner/work/ozone/ozone/hadoop-ozone/integration-test/target/test-dir/MiniOzoneClusterImpl-7725ff52-e03b-4cac-b8cb-596b4b29adc0/ozone-meta/ratis] (custom)
2023-07-26 19:46:17,812 [main] INFO  server.RaftServer (RaftServerProxy.java:addNew(98)) - om1: addNew group-C5BA1605619E:[om1|rpc:localhost:15007|priority:0|startupRole:FOLLOWER] returns group-C5BA1605619E:java.util.concurrent.CompletableFuture@17de3ab5[Not completed]
2023-07-26 19:46:17,812 [main] INFO  om.OzoneManager (OzoneManager.java:initializeRatisServer(2128)) - OzoneManager Ratis server initialized at port 15007
2023-07-26 19:46:17,821 [main] INFO  om.OzoneManager (OzoneManager.java:getRpcServer(1193)) - Creating RPC Server
2023-07-26 19:46:17,852 [om1-groupManagement] INFO  server.RaftServer$Division (RaftServerImpl.java:<init>(198)) - om1: new RaftServerImpl for group-C5BA1605619E:[om1|rpc:localhost:15007|priority:0|startupRole:FOLLOWER] with OzoneManagerStateMachine:uninitialized
2023-07-26 19:46:17,858 [om1-groupManagement] INFO  server.RaftServerConfigKeys (ConfUtils.java:logGet(46)) - raft.server.rpc.timeout.min = 1s (custom)
2023-07-26 19:46:17,859 [om1-groupManagement] INFO  server.RaftServerConfigKeys (ConfUtils.java:logGet(46)) - raft.server.rpc.timeout.max = 1200ms (custom)
2023-07-26 19:46:17,859 [om1-groupManagement] INFO  server.RaftServerConfigKeys (ConfUtils.java:logGet(46)) - raft.server.rpc.sleep.time = 25ms (default)
2023-07-26 19:46:17,859 [om1-groupManagement] INFO  server.RaftServerConfigKeys (ConfUtils.java:logGet(46)) - raft.server.rpc.slowness.timeout = 120s (custom)
2023-07-26 19:46:17,860 [om1-groupManagement] INFO  server.RaftServerConfigKeys (ConfUtils.java:logGet(46)) - raft.server.leaderelection.leader.step-down.wait-time = 10s (default)
2023-07-26 19:46:17,860 [om1-groupManagement] INFO  server.RaftServerConfigKeys (ConfUtils.java:logGet(46)) - raft.server.sleep.deviation.threshold = 300ms (default)
2023-07-26 19:46:17,878 [om1-groupManagement] INFO  server.RaftServer$Division (ServerState.java:<init>(120)) - om1@group-C5BA1605619E: ConfigurationManager, init=-1: peers:[om1|rpc:localhost:15007|priority:0|startupRole:FOLLOWER]|listeners:[], old=null, confs=<EMPTY_MAP>
2023-07-26 19:46:18,053 [om1-groupManagement] INFO  server.RaftServerConfigKeys (ConfUtils.java:logGet(46)) - raft.server.storage.dir = [/home/runner/work/ozone/ozone/hadoop-ozone/integration-test/target/test-dir/MiniOzoneClusterImpl-7725ff52-e03b-4cac-b8cb-596b4b29adc0/ozone-meta/ratis] (custom)
2023-07-26 19:46:18,072 [om1-groupManagement] INFO  server.RaftServerConfigKeys (ConfUtils.java:logGet(46)) - raft.server.log.corruption.policy = EXCEPTION (default)
2023-07-26 19:46:18,073 [om1-groupManagement] INFO  server.RaftServerConfigKeys (ConfUtils.java:logGet(46)) - raft.server.storage.free-space.min = 0MB (=0) (default)
2023-07-26 19:46:18,089 [om1-groupManagement] INFO  server.RaftServerConfigKeys (ConfUtils.java:logGet(46)) - raft.server.notification.no-leader.timeout = 120s (custom)
2023-07-26 19:46:18,097 [om1-groupManagement] INFO  server.RaftServerConfigKeys (ConfUtils.java:logGet(46)) - raft.server.read.timeout = 10s (default)
2023-07-26 19:46:18,101 [om1-groupManagement] INFO  server.RaftServerConfigKeys (ConfUtils.java:logGet(46)) - raft.server.retrycache.expirytime = 300s (custom)
2023-07-26 19:46:18,101 [om1-groupManagement] INFO  server.RaftServerConfigKeys (ConfUtils.java:logGet(46)) - raft.server.retrycache.statistics.expirytime = 100μs (default)
2023-07-26 19:46:18,174 [om1-groupManagement] INFO  server.RaftServerConfigKeys (ConfUtils.java:logGet(46)) - raft.server.read.option = DEFAULT (default)
2023-07-26 19:46:18,267 [om1-groupManagement] INFO  server.RaftServerConfigKeys (ConfUtils.java:logGet(46)) - raft.server.rpc.request.timeout = 3000ms (default)
2023-07-26 19:46:18,278 [om1-groupManagement] INFO  server.RaftServerConfigKeys (ConfUtils.java:logGet(46)) - raft.server.log.appender.install.snapshot.enabled = false (custom)
2023-07-26 19:46:18,281 [om1-groupManagement] INFO  server.RaftServerConfigKeys (ConfUtils.java:logGet(46)) - raft.server.threadpool.server.cached = true (default)
2023-07-26 19:46:18,282 [om1-groupManagement] INFO  server.RaftServerConfigKeys (ConfUtils.java:logGet(46)) - raft.server.threadpool.server.size = 0 (default)
2023-07-26 19:46:18,285 [om1-groupManagement] INFO  server.RaftServerConfigKeys (ConfUtils.java:logGet(46)) - raft.server.threadpool.client.cached = true (default)
2023-07-26 19:46:18,285 [om1-groupManagement] INFO  server.RaftServerConfigKeys (ConfUtils.java:logGet(46)) - raft.server.threadpool.client.size = 0 (default)
2023-07-26 19:46:19,098 [main] INFO  reflections.Reflections (Reflections.java:scan(232)) - Reflections took 1008 ms to scan 19 urls, producing 70 keys and 5579 values [using 2 cores]
2023-07-26 19:46:19,343 [main] INFO  ipc.CallQueueManager (CallQueueManager.java:<init>(90)) - Using callQueue: class java.util.concurrent.LinkedBlockingQueue, queueCapacity: 2000, scheduler: class org.apache.hadoop.ipc.DefaultRpcScheduler, ipcBackoff: false.
2023-07-26 19:46:19,344 [main] INFO  ipc.Server (Server.java:<init>(1287)) - Listener at 127.0.0.1:15004
2023-07-26 19:46:19,344 [Socket Reader #1 for port 15004] INFO  ipc.Server (Server.java:run(1323)) - Starting Socket Reader #1 for port 15004
2023-07-26 19:46:19,387 [main] INFO  impl.MetricsSystemImpl (MetricsSystemImpl.java:init(158)) - OzoneManager metrics system started (again)
2023-07-26 19:46:19,402 [main] INFO  om.OzoneManager (OzoneManager.java:start(1613)) - OzoneManager RPC server is listening at localhost/127.0.0.1:15004
2023-07-26 19:46:19,403 [main] INFO  ratis.OzoneManagerRatisServer (OzoneManagerRatisServer.java:start(558)) - Starting OzoneManagerRatisServer om1 at port 15007
2023-07-26 19:46:19,409 [om1-impl-thread1] INFO  storage.RaftStorageDirectory (RaftStorageDirectoryImpl.java:analyzeStorage(137)) - The storage directory /home/runner/work/ozone/ozone/hadoop-ozone/integration-test/target/test-dir/MiniOzoneClusterImpl-7725ff52-e03b-4cac-b8cb-596b4b29adc0/ozone-meta/ratis/bf265839-605b-3f16-9796-c5ba1605619e does not exist. Creating ...
2023-07-26 19:46:19,415 [om1-impl-thread1] INFO  storage.RaftStorageDirectory (RaftStorageDirectoryImpl.java:tryLock(231)) - Lock on /home/runner/work/ozone/ozone/hadoop-ozone/integration-test/target/test-dir/MiniOzoneClusterImpl-7725ff52-e03b-4cac-b8cb-596b4b29adc0/ozone-meta/ratis/bf265839-605b-3f16-9796-c5ba1605619e/in_use.lock acquired by nodename 5257@fv-az465-709
2023-07-26 19:46:19,422 [om1-impl-thread1] INFO  storage.RaftStorage (RaftStorageImpl.java:format(96)) - Storage directory /home/runner/work/ozone/ozone/hadoop-ozone/integration-test/target/test-dir/MiniOzoneClusterImpl-7725ff52-e03b-4cac-b8cb-596b4b29adc0/ozone-meta/ratis/bf265839-605b-3f16-9796-c5ba1605619e has been successfully formatted.
2023-07-26 19:46:19,426 [om1-impl-thread1] INFO  server.RaftServerConfigKeys (ConfUtils.java:logGet(46)) - raft.server.log.use.memory = false (default)
2023-07-26 19:46:19,444 [om1-impl-thread1] INFO  server.RaftServerConfigKeys (ConfUtils.java:logGet(46)) - raft.server.log.purge.gap = 1000000 (custom)
2023-07-26 19:46:19,444 [om1-impl-thread1] INFO  server.RaftServerConfigKeys (ConfUtils.java:logGet(46)) - raft.server.log.appender.buffer.byte-limit = 33554432 (custom)
2023-07-26 19:46:19,446 [om1-impl-thread1] INFO  server.RaftServerConfigKeys (ConfUtils.java:logGet(46)) - raft.server.log.statemachine.data.read.timeout = 1000ms (default)
2023-07-26 19:46:19,447 [om1-impl-thread1] INFO  server.RaftServerConfigKeys (ConfUtils.java:logGet(46)) - raft.server.log.purge.preservation.log.num = 0 (default)
2023-07-26 19:46:19,450 [om1-impl-thread1] INFO  server.RaftServerConfigKeys (ConfUtils.java:logGet(46)) - raft.server.log.segment.size.max = 4194304 (custom)
2023-07-26 19:46:19,457 [om1-impl-thread1] INFO  server.RaftServerConfigKeys (ConfUtils.java:logGet(46)) - raft.server.log.segment.cache.num.max = 2 (custom)
2023-07-26 19:46:19,458 [om1-impl-thread1] INFO  server.RaftServerConfigKeys (ConfUtils.java:logGet(46)) - raft.server.log.segment.cache.size.max = 200MB (=209715200) (default)
2023-07-26 19:46:19,458 [om1-impl-thread1] INFO  server.RaftServerConfigKeys (ConfUtils.java:logGet(46)) - raft.server.log.appender.buffer.byte-limit = 33554432 (custom)
2023-07-26 19:46:19,465 [om1-impl-thread1] INFO  segmented.SegmentedRaftLogWorker (SegmentedRaftLogWorker.java:<init>(188)) - new om1@group-C5BA1605619E-SegmentedRaftLogWorker for RaftStorageImpl:Storage Directory /home/runner/work/ozone/ozone/hadoop-ozone/integration-test/target/test-dir/MiniOzoneClusterImpl-7725ff52-e03b-4cac-b8cb-596b4b29adc0/ozone-meta/ratis/bf265839-605b-3f16-9796-c5ba1605619e
2023-07-26 19:46:19,465 [om1-impl-thread1] INFO  server.RaftServerConfigKeys (ConfUtils.java:logGet(46)) - raft.server.log.queue.byte-limit = 64MB (=67108864) (default)
2023-07-26 19:46:19,467 [om1-impl-thread1] INFO  server.RaftServerConfigKeys (ConfUtils.java:logGet(46)) - raft.server.log.queue.element-limit = 4096 (default)
2023-07-26 19:46:19,468 [om1-impl-thread1] INFO  server.RaftServerConfigKeys (ConfUtils.java:logGet(46)) - raft.server.log.segment.size.max = 4194304 (custom)
2023-07-26 19:46:19,468 [om1-impl-thread1] INFO  server.RaftServerConfigKeys (ConfUtils.java:logGet(46)) - raft.server.log.preallocated.size = 4194304 (custom)
2023-07-26 19:46:19,469 [om1-impl-thread1] INFO  server.RaftServerConfigKeys (ConfUtils.java:logGet(46)) - raft.server.log.force.sync.num = 128 (default)
2023-07-26 19:46:19,470 [om1-impl-thread1] INFO  server.RaftServerConfigKeys (ConfUtils.java:logGet(46)) - raft.server.log.statemachine.data.sync = true (default)
2023-07-26 19:46:19,470 [om1-impl-thread1] INFO  server.RaftServerConfigKeys (ConfUtils.java:logGet(46)) - raft.server.log.statemachine.data.sync.timeout = 10s (default)
2023-07-26 19:46:19,470 [om1-impl-thread1] INFO  server.RaftServerConfigKeys (ConfUtils.java:logGet(46)) - raft.server.log.statemachine.data.sync.timeout.retry = -1 (default)
2023-07-26 19:46:19,482 [om1-impl-thread1] INFO  server.RaftServerConfigKeys (ConfUtils.java:logGet(46)) - raft.server.log.write.buffer.size = 64KB (=65536) (default)
2023-07-26 19:46:19,482 [om1-impl-thread1] INFO  server.RaftServerConfigKeys (ConfUtils.java:logGet(46)) - raft.server.log.appender.buffer.byte-limit = 33554432 (custom)
2023-07-26 19:46:19,492 [om1-impl-thread1] INFO  server.RaftServerConfigKeys (ConfUtils.java:logGet(46)) - raft.server.log.unsafe-flush.enabled = false (default)
2023-07-26 19:46:19,493 [om1-impl-thread1] INFO  server.RaftServerConfigKeys (ConfUtils.java:logGet(46)) - raft.server.log.async-flush.enabled = false (default)
2023-07-26 19:46:19,493 [om1-impl-thread1] INFO  server.RaftServerConfigKeys (ConfUtils.java:logGet(46)) - raft.server.log.statemachine.data.caching.enabled = false (default)
2023-07-26 19:46:19,500 [om1-impl-thread1] INFO  segmented.SegmentedRaftLogWorker (SegmentedRaftLogWorker.java:lambda$new$0(135)) - om1@group-C5BA1605619E-SegmentedRaftLogWorker: flushIndex: setUnconditionally 0 -> -1
2023-07-26 19:46:19,500 [om1-impl-thread1] INFO  segmented.SegmentedRaftLogWorker (SegmentedRaftLogWorker.java:lambda$new$0(135)) - om1@group-C5BA1605619E-SegmentedRaftLogWorker: safeCacheEvictIndex: setUnconditionally 0 -> -1
2023-07-26 19:46:19,502 [om1-impl-thread1] INFO  server.RaftServer$Division (RaftServerImpl.java:start(342)) - om1@group-C5BA1605619E: start as a follower, conf=-1: peers:[om1|rpc:localhost:15007|priority:0|startupRole:FOLLOWER]|listeners:[], old=null
2023-07-26 19:46:19,503 [om1-impl-thread1] INFO  server.RaftServer$Division (RaftServerImpl.java:setRole(329)) - om1@group-C5BA1605619E: changes role from      null to FOLLOWER at term 0 for startAsFollower
2023-07-26 19:46:19,504 [om1-impl-thread1] INFO  impl.RoleInfo (RoleInfo.java:updateAndGet(139)) - om1: start om1@group-C5BA1605619E-FollowerState
2023-07-26 19:46:19,507 [om1-impl-thread1] INFO  util.JmxRegister (JmxRegister.java:tryRegister(44)) - Successfully registered JMX Bean with object name Ratis:service=RaftServer,group=group-C5BA1605619E,id=om1
2023-07-26 19:46:19,509 [om1-impl-thread1] INFO  server.RaftServerConfigKeys (ConfUtils.java:logGet(46)) - raft.server.snapshot.auto.trigger.enabled = true (custom)
2023-07-26 19:46:19,510 [om1-impl-thread1] INFO  server.RaftServerConfigKeys (ConfUtils.java:logGet(46)) - raft.server.snapshot.auto.trigger.threshold = 400000 (default)
2023-07-26 19:46:19,510 [om1-impl-thread1] INFO  server.RaftServerConfigKeys (ConfUtils.java:logGet(46)) - raft.server.snapshot.retention.file.num = -1 (default)
2023-07-26 19:46:19,511 [om1-impl-thread1] INFO  server.RaftServerConfigKeys (ConfUtils.java:logGet(46)) - raft.server.log.purge.upto.snapshot.index = true (custom)
2023-07-26 19:46:19,514 [om1@group-C5BA1605619E-FollowerState] INFO  server.RaftServerConfigKeys (ConfUtils.java:logFallback(53)) - raft.server.rpc.first-election.timeout.min = 1s (fallback to raft.server.rpc.timeout.min)
2023-07-26 19:46:19,514 [om1@group-C5BA1605619E-FollowerState] INFO  server.RaftServerConfigKeys (ConfUtils.java:logFallback(53)) - raft.server.rpc.first-election.timeout.max = 1200ms (fallback to raft.server.rpc.timeout.max)
2023-07-26 19:46:19,520 [main] INFO  server.RaftServer (RaftServerProxy.java:startImpl(400)) - om1: start RPC server
2023-07-26 19:46:19,588 [main] INFO  server.GrpcService (GrpcService.java:startImpl(302)) - om1: GrpcService started, listening on 15007
2023-07-26 19:46:19,590 [JvmPauseMonitor1] INFO  util.JvmPauseMonitor (JvmPauseMonitor.java:run(103)) - JvmPauseMonitor-om1: Started
2023-07-26 19:46:19,590 [main] INFO  om.OzoneManager (OzoneManager.java:start(1629)) - Version File has different layout version (6) than OM DB (null). That is expected if this OM has never been finalized to a newer layout version.
2023-07-26 19:46:19,623 [main] INFO  http.BaseHttpServer (BaseHttpServer.java:newHttpServer2BuilderForOzone(224)) - Starting Web-server for ozoneManager at: http://0.0.0.0:15005
2023-07-26 19:46:19,624 [main] INFO  http.BaseHttpServer (BaseHttpServer.java:<init>(111)) - Hadoop Security Enabled: false Ozone Security Enabled: false Ozone HTTP Security Enabled: false 
2023-07-26 19:46:19,626 [main] WARN  server.AuthenticationFilter (AuthenticationFilter.java:constructSecretProvider(240)) - Unable to initialize FileSignerSecretProvider, falling back to use random secrets. Reason: Could not read signature secret file: /home/runner/hadoop-http-auth-signature-secret
2023-07-26 19:46:19,630 [main] INFO  http.HttpRequestLog (HttpRequestLog.java:getRequestLog(86)) - Http request log for http.requests.ozoneManager is not defined
2023-07-26 19:46:19,634 [main] INFO  http.HttpServer2 (HttpServer2.java:addGlobalFilter(1031)) - Added global filter 'safety' (class=org.apache.hadoop.hdds.server.http.HttpServer2$QuotingInputFilter)
2023-07-26 19:46:19,635 [main] INFO  http.HttpServer2 (HttpServer2.java:addFilter(1007)) - Added filter static_user_filter (class=org.apache.hadoop.http.lib.StaticUserWebFilter$StaticUserFilter) to context ozoneManager
2023-07-26 19:46:19,635 [main] INFO  http.HttpServer2 (HttpServer2.java:addFilter(1015)) - Added filter static_user_filter (class=org.apache.hadoop.http.lib.StaticUserWebFilter$StaticUserFilter) to context static
2023-07-26 19:46:19,635 [main] INFO  http.HttpServer2 (HttpServer2.java:addFilter(1015)) - Added filter static_user_filter (class=org.apache.hadoop.http.lib.StaticUserWebFilter$StaticUserFilter) to context logs
2023-07-26 19:46:19,637 [main] INFO  http.BaseHttpServer (BaseHttpServer.java:<init>(190)) - HTTP server of ozoneManager uses base directory /home/runner/work/ozone/ozone/hadoop-ozone/integration-test/target/test-dir/MiniOzoneClusterImpl-7725ff52-e03b-4cac-b8cb-596b4b29adc0/ozone-meta/webserver
2023-07-26 19:46:19,640 [main] INFO  http.HttpServer2 (HttpServer2.java:bindListener(1250)) - Jetty bound to port 15005
2023-07-26 19:46:19,640 [main] INFO  server.Server (Server.java:doStart(375)) - jetty-9.4.51.v20230217; built: 2023-02-17T08:19:37.309Z; git: b45c405e4544384de066f814ed42ae3dceacdd49; jvm 1.8.0_372-b07
2023-07-26 19:46:19,667 [main] INFO  server.session (DefaultSessionIdManager.java:doStart(334)) - DefaultSessionIdManager workerName=node0
2023-07-26 19:46:19,667 [main] INFO  server.session (DefaultSessionIdManager.java:doStart(339)) - No SessionScavenger set, using defaults
2023-07-26 19:46:19,667 [main] INFO  server.session (HouseKeeper.java:startScavenging(132)) - node0 Scavenging every 600000ms
2023-07-26 19:46:19,672 [main] INFO  handler.ContextHandler (ContextHandler.java:doStart(921)) - Started o.e.j.s.ServletContextHandler@2034e91c{logs,/logs,file:///home/runner/work/ozone/ozone/hadoop-ozone/integration-test/target/log,AVAILABLE}
2023-07-26 19:46:19,673 [main] INFO  handler.ContextHandler (ContextHandler.java:doStart(921)) - Started o.e.j.s.ServletContextHandler@745cb3aa{static,/static,file:///home/runner/work/ozone/ozone/hadoop-ozone/integration-test/target/test-classes/webapps/static,AVAILABLE}
2023-07-26 19:46:19,678 [main] INFO  handler.ContextHandler (ContextHandler.java:doStart(921)) - Started o.e.j.w.WebAppContext@615e6a05{ozoneManager,/,file:///home/runner/work/ozone/ozone/hadoop-ozone/integration-test/target/test-classes/webapps/ozoneManager/,AVAILABLE}{file:/home/runner/work/ozone/ozone/hadoop-ozone/integration-test/target/test-classes/webapps/ozoneManager}
2023-07-26 19:46:19,680 [main] INFO  server.AbstractConnector (AbstractConnector.java:doStart(333)) - Started ServerConnector@23b74c27{HTTP/1.1, (http/1.1)}{0.0.0.0:15005}
2023-07-26 19:46:19,680 [main] INFO  server.Server (Server.java:doStart(415)) - Started @10658ms
2023-07-26 19:46:19,680 [main] WARN  impl.MetricsSystemImpl (MetricsSystemImpl.java:register(279)) - Sink prometheus already exists!
2023-07-26 19:46:19,681 [main] INFO  http.BaseHttpServer (BaseHttpServer.java:updateConnectorAddress(344)) - HTTP server of ozoneManager listening at http://0.0.0.0:15005
2023-07-26 19:46:19,682 [IPC Server Responder] INFO  ipc.Server (Server.java:run(1562)) - IPC Server Responder: starting
2023-07-26 19:46:19,686 [IPC Server listener on 15004] INFO  ipc.Server (Server.java:run(1402)) - IPC Server listener on 15004: starting
2023-07-26 19:46:19,721 [main] INFO  om.OzoneManager (OzoneManager.java:startTrashEmptier(2081)) - Trash Interval set to 0. Files deleted won't move to trash
2023-07-26 19:46:19,954 [main] WARN  impl.MetricRegistriesImpl (MetricRegistriesImpl.java:addReporterRegistration(111)) - New reporters are added after registries were created. Some metrics will be missing from the reporter. Please add reporter before adding any new registry.
2023-07-26 19:46:19,954 [main] WARN  impl.MetricRegistriesImpl (MetricRegistriesImpl.java:addReporterRegistration(111)) - New reporters are added after registries were created. Some metrics will be missing from the reporter. Please add reporter before adding any new registry.
2023-07-26 19:46:19,954 [main] INFO  impl.MetricsSystemImpl (MetricsSystemImpl.java:init(158)) - HddsDatanode metrics system started (again)
2023-07-26 19:46:19,994 [main] INFO  ozone.HddsDatanodeService (HddsDatanodeService.java:start(237)) - HddsDatanodeService host:fv-az465-709 ip:10.1.0.48
2023-07-26 19:46:20,051 [main] INFO  upgrade.AbstractLayoutVersionManager (AbstractLayoutVersionManager.java:init(83)) - Initializing Layout version manager with metadata layout = HADOOP_PRC_PORTS_IN_DATANODEDETAILS (version = 7), software layout = HADOOP_PRC_PORTS_IN_DATANODEDETAILS (version = 7)
2023-07-26 19:46:20,055 [main] INFO  statemachine.DatanodeStateMachine (DatanodeStateMachine.java:getEndPointTaskThreadPoolSize(282)) - Datanode State Machine Task Thread Pool size 2
2023-07-26 19:46:20,144 [main] INFO  volume.HddsVolume (HddsVolume.java:<init>(126)) - Creating HddsVolume: /home/runner/work/ozone/ozone/hadoop-ozone/integration-test/target/test-dir/MiniOzoneClusterImpl-7725ff52-e03b-4cac-b8cb-596b4b29adc0/datanode-0/data-0/containers/hdds of storage type : DISK capacity : 9223372036854775807
2023-07-26 19:46:20,147 [main] INFO  volume.MutableVolumeSet (MutableVolumeSet.java:initializeVolumeSet(173)) - Added Volume : /home/runner/work/ozone/ozone/hadoop-ozone/integration-test/target/test-dir/MiniOzoneClusterImpl-7725ff52-e03b-4cac-b8cb-596b4b29adc0/datanode-0/data-0/containers/hdds to VolumeSet
2023-07-26 19:46:20,152 [main] INFO  volume.MutableVolumeSet (MutableVolumeSet.java:initializeVolumeSet(173)) - Added Volume : /home/runner/work/ozone/ozone/hadoop-ozone/integration-test/target/test-dir/MiniOzoneClusterImpl-7725ff52-e03b-4cac-b8cb-596b4b29adc0/datanode-0/data/ratis to VolumeSet
2023-07-26 19:46:20,170 [Thread-139] INFO  ozoneimpl.ContainerReader (ContainerReader.java:readVolume(177)) - Finish verifying containers on volume /home/runner/work/ozone/ozone/hadoop-ozone/integration-test/target/test-dir/MiniOzoneClusterImpl-7725ff52-e03b-4cac-b8cb-596b4b29adc0/datanode-0/data-0/containers/hdds
2023-07-26 19:46:20,170 [main] INFO  ozoneimpl.OzoneContainer (OzoneContainer.java:buildContainerSet(316)) - Build ContainerSet costs 0s
2023-07-26 19:46:20,244 [main] INFO  audit.AuditLogger (AuditLogger.java:refreshDebugCmdSet(126)) - Refresh DebugCmdSet for DNAudit to [].
2023-07-26 19:46:20,284 [main] INFO  server.RaftServer (ConfUtils.java:logGet(46)) - raft.rpc.type = GRPC (default)
2023-07-26 19:46:20,285 [main] INFO  grpc.GrpcConfigKeys (ConfUtils.java:logFallback(53)) - raft.grpc.admin.host = null (fallback to raft.grpc.server.host)
2023-07-26 19:46:20,285 [main] INFO  grpc.GrpcConfigKeys (ConfUtils.java:logGet(46)) - raft.grpc.admin.port = 15013 (custom)
2023-07-26 19:46:20,285 [main] INFO  grpc.GrpcConfigKeys (ConfUtils.java:logFallback(53)) - raft.grpc.client.host = null (fallback to raft.grpc.server.host)
2023-07-26 19:46:20,286 [main] INFO  grpc.GrpcConfigKeys (ConfUtils.java:logGet(46)) - raft.grpc.client.port = 15012 (custom)
2023-07-26 19:46:20,286 [main] INFO  grpc.GrpcConfigKeys (ConfUtils.java:logGet(46)) - raft.grpc.server.host = null (default)
2023-07-26 19:46:20,286 [main] INFO  grpc.GrpcConfigKeys (ConfUtils.java:logGet(46)) - raft.grpc.server.port = 15014 (custom)
2023-07-26 19:46:20,286 [main] INFO  server.GrpcService (ConfUtils.java:logGet(46)) - raft.grpc.message.size.max = 32MB (=33554432) (custom)
2023-07-26 19:46:20,286 [main] INFO  server.RaftServerConfigKeys (ConfUtils.java:logGet(46)) - raft.server.log.appender.buffer.byte-limit = 33554432 (custom)
2023-07-26 19:46:20,287 [main] INFO  server.GrpcService (ConfUtils.java:logGet(46)) - raft.grpc.flow.control.window = 5MB (=5242880) (custom)
2023-07-26 19:46:20,287 [main] INFO  server.RaftServerConfigKeys (ConfUtils.java:logGet(46)) - raft.server.rpc.request.timeout = 3000ms (default)
2023-07-26 19:46:20,287 [main] INFO  grpc.GrpcConfigKeys (ConfUtils.java:logGet(46)) - raft.grpc.server.heartbeat.channel = true (default)
2023-07-26 19:46:20,287 [main] INFO  grpc.GrpcConfigKeys (ConfUtils.java:logGet(46)) - raft.grpc.server.async.request.thread.pool.cached = true (default)
2023-07-26 19:46:20,288 [main] INFO  grpc.GrpcConfigKeys (ConfUtils.java:logGet(46)) - raft.grpc.server.async.request.thread.pool.size = 32 (default)
2023-07-26 19:46:20,291 [main] INFO  impl.DataStreamServerImpl (ConfUtils.java:logGet(46)) - raft.datastream.type = NETTY (custom)
2023-07-26 19:46:20,306 [main] INFO  server.RaftServerConfigKeys (ConfUtils.java:logGet(46)) - raft.server.data-stream.async.request.thread.pool.cached = false (default)
2023-07-26 19:46:20,306 [main] INFO  server.RaftServerConfigKeys (ConfUtils.java:logGet(46)) - raft.server.data-stream.async.request.thread.pool.size = 20 (custom)
2023-07-26 19:46:20,307 [main] INFO  server.RaftServerConfigKeys (ConfUtils.java:logGet(46)) - raft.server.data-stream.async.write.thread.pool.size = 16 (default)
2023-07-26 19:46:20,308 [main] INFO  server.RaftServerConfigKeys (ConfUtils.java:logGet(46)) - raft.server.data-stream.client.pool.size = 10 (default)
2023-07-26 19:46:20,311 [main] INFO  netty.NettyConfigKeys$DataStream (ConfUtils.java:logGet(46)) - raft.netty.dataStream.server.use-epoll = false (default)
2023-07-26 19:46:20,312 [main] INFO  netty.NettyConfigKeys$DataStream (ConfUtils.java:logGet(46)) - raft.netty.dataStream.server.boss-group.size = 0 (default)
2023-07-26 19:46:20,320 [main] INFO  netty.NettyConfigKeys$DataStream (ConfUtils.java:logGet(46)) - raft.netty.dataStream.server.worker-group.size = 0 (default)
2023-07-26 19:46:20,321 [main] INFO  netty.NettyConfigKeys$DataStream (ConfUtils.java:logGet(46)) - raft.netty.dataStream.server.tls.conf = null (default)
2023-07-26 19:46:20,325 [main] INFO  netty.NettyConfigKeys$DataStream (ConfUtils.java:logGet(46)) - raft.netty.dataStream.host = null (default)
2023-07-26 19:46:20,326 [main] INFO  netty.NettyConfigKeys$DataStream (ConfUtils.java:logGet(46)) - raft.netty.dataStream.port = 15015 (custom)
2023-07-26 19:46:20,354 [main] INFO  server.RaftServerConfigKeys (ConfUtils.java:logGet(46)) - raft.server.threadpool.proxy.cached = true (default)
2023-07-26 19:46:20,354 [main] INFO  server.RaftServerConfigKeys (ConfUtils.java:logGet(46)) - raft.server.threadpool.proxy.size = 0 (default)
2023-07-26 19:46:20,355 [main] INFO  server.RaftServerConfigKeys (ConfUtils.java:logGet(46)) - raft.server.rpc.slowness.timeout = 1000000ms (custom)
2023-07-26 19:46:20,355 [main] INFO  server.RaftServerConfigKeys (ConfUtils.java:logGet(46)) - raft.server.leaderelection.leader.step-down.wait-time = 10s (default)
2023-07-26 19:46:20,355 [main] INFO  server.RaftServerConfigKeys (ConfUtils.java:logGet(46)) - raft.server.storage.dir = [/home/runner/work/ozone/ozone/hadoop-ozone/integration-test/target/test-dir/MiniOzoneClusterImpl-7725ff52-e03b-4cac-b8cb-596b4b29adc0/datanode-0/data/ratis] (custom)
2023-07-26 19:46:20,370 [4099cb2b-2e2e-4151-9db7-f99ade631412-impl-thread1] INFO  server.RaftServer (RaftServerProxy.java:initGroupDir(258)) - 4099cb2b-2e2e-4151-9db7-f99ade631412: found a subdirectory /home/runner/work/ozone/ozone/hadoop-ozone/integration-test/target/test-dir/MiniOzoneClusterImpl-7725ff52-e03b-4cac-b8cb-596b4b29adc0/datanode-0/data/ratis/tmp
2023-07-26 19:46:20,371 [4099cb2b-2e2e-4151-9db7-f99ade631412-impl-thread1] INFO  server.RaftServer (RaftServerProxy.java:initGroupDir(263)) - 4099cb2b-2e2e-4151-9db7-f99ade631412: The directory /home/runner/work/ozone/ozone/hadoop-ozone/integration-test/target/test-dir/MiniOzoneClusterImpl-7725ff52-e03b-4cac-b8cb-596b4b29adc0/datanode-0/data/ratis/tmp is not a group directory; ignoring it. 
2023-07-26 19:46:20,382 [4099cb2b-2e2e-4151-9db7-f99ade631412-NettyServerStreamRpc-bossGroup--thread1] INFO  logging.LoggingHandler (AbstractInternalLogger.java:log(148)) - [id: 0xadb255d0] REGISTERED
2023-07-26 19:46:20,383 [4099cb2b-2e2e-4151-9db7-f99ade631412-NettyServerStreamRpc-bossGroup--thread1] INFO  logging.LoggingHandler (AbstractInternalLogger.java:log(148)) - [id: 0xadb255d0] BIND: 0.0.0.0/0.0.0.0:15015
2023-07-26 19:46:20,383 [4099cb2b-2e2e-4151-9db7-f99ade631412-NettyServerStreamRpc-bossGroup--thread1] INFO  logging.LoggingHandler (AbstractInternalLogger.java:log(148)) - [id: 0xadb255d0, L:/0:0:0:0:0:0:0:0:15015] ACTIVE
2023-07-26 19:46:20,403 [main] INFO  server.XceiverServerGrpc (XceiverServerGrpc.java:<init>(132)) - GrpcServer channel type EpollServerSocketChannel
2023-07-26 19:46:20,465 [main] INFO  replication.ReplicationSupervisor (ReplicationSupervisor.java:nodeStateUpdated(305)) - Node state updated to IN_SERVICE, scaling executor pool size to 10
2023-07-26 19:46:20,527 [main] INFO  http.BaseHttpServer (BaseHttpServer.java:newHttpServer2BuilderForOzone(224)) - Starting Web-server for hddsDatanode at: http://0.0.0.0:15009
2023-07-26 19:46:20,527 [main] INFO  http.BaseHttpServer (BaseHttpServer.java:<init>(111)) - Hadoop Security Enabled: false Ozone Security Enabled: false Ozone HTTP Security Enabled: false 
2023-07-26 19:46:20,529 [main] WARN  server.AuthenticationFilter (AuthenticationFilter.java:constructSecretProvider(240)) - Unable to initialize FileSignerSecretProvider, falling back to use random secrets. Reason: Could not read signature secret file: /home/runner/hadoop-http-auth-signature-secret
2023-07-26 19:46:20,534 [main] INFO  http.HttpRequestLog (HttpRequestLog.java:getRequestLog(86)) - Http request log for http.requests.hddsDatanode is not defined
2023-07-26 19:46:20,536 [main] INFO  http.HttpServer2 (HttpServer2.java:addGlobalFilter(1031)) - Added global filter 'safety' (class=org.apache.hadoop.hdds.server.http.HttpServer2$QuotingInputFilter)
2023-07-26 19:46:20,538 [main] INFO  http.HttpServer2 (HttpServer2.java:addFilter(1007)) - Added filter static_user_filter (class=org.apache.hadoop.http.lib.StaticUserWebFilter$StaticUserFilter) to context hddsDatanode
2023-07-26 19:46:20,538 [main] INFO  http.HttpServer2 (HttpServer2.java:addFilter(1015)) - Added filter static_user_filter (class=org.apache.hadoop.http.lib.StaticUserWebFilter$StaticUserFilter) to context static
2023-07-26 19:46:20,538 [main] INFO  http.HttpServer2 (HttpServer2.java:addFilter(1015)) - Added filter static_user_filter (class=org.apache.hadoop.http.lib.StaticUserWebFilter$StaticUserFilter) to context logs
2023-07-26 19:46:20,541 [main] INFO  http.BaseHttpServer (BaseHttpServer.java:<init>(190)) - HTTP server of hddsDatanode uses base directory /home/runner/work/ozone/ozone/hadoop-ozone/integration-test/target/test-dir/MiniOzoneClusterImpl-7725ff52-e03b-4cac-b8cb-596b4b29adc0/datanode-0/meta/webserver
2023-07-26 19:46:20,541 [main] INFO  http.HttpServer2 (HttpServer2.java:bindListener(1250)) - Jetty bound to port 15009
2023-07-26 19:46:20,542 [main] INFO  server.Server (Server.java:doStart(375)) - jetty-9.4.51.v20230217; built: 2023-02-17T08:19:37.309Z; git: b45c405e4544384de066f814ed42ae3dceacdd49; jvm 1.8.0_372-b07
2023-07-26 19:46:20,564 [main] INFO  server.session (DefaultSessionIdManager.java:doStart(334)) - DefaultSessionIdManager workerName=node0
2023-07-26 19:46:20,564 [main] INFO  server.session (DefaultSessionIdManager.java:doStart(339)) - No SessionScavenger set, using defaults
2023-07-26 19:46:20,565 [main] INFO  server.session (HouseKeeper.java:startScavenging(132)) - node0 Scavenging every 600000ms
2023-07-26 19:46:20,570 [main] INFO  handler.ContextHandler (ContextHandler.java:doStart(921)) - Started o.e.j.s.ServletContextHandler@27fc70e2{logs,/logs,file:///home/runner/work/ozone/ozone/hadoop-ozone/integration-test/target/log,AVAILABLE}
2023-07-26 19:46:20,571 [main] INFO  handler.ContextHandler (ContextHandler.java:doStart(921)) - Started o.e.j.s.ServletContextHandler@7467b8ee{static,/static,jar:file:/home/runner/.m2/repository/org/apache/ozone/hdds-container-service/1.4.0-SNAPSHOT/hdds-container-service-1.4.0-SNAPSHOT.jar!/webapps/static,AVAILABLE}
2023-07-26 19:46:20,654 [om1@group-C5BA1605619E-FollowerState] INFO  impl.FollowerState (FollowerState.java:run(143)) - om1@group-C5BA1605619E-FollowerState: change to CANDIDATE, lastRpcElapsedTime:1150355457ns, electionTimeout:1139ms
2023-07-26 19:46:20,655 [om1@group-C5BA1605619E-FollowerState] INFO  impl.RoleInfo (RoleInfo.java:shutdownFollowerState(110)) - om1: shutdown om1@group-C5BA1605619E-FollowerState
2023-07-26 19:46:20,656 [om1@group-C5BA1605619E-FollowerState] INFO  server.RaftServer$Division (RaftServerImpl.java:setRole(329)) - om1@group-C5BA1605619E: changes role from  FOLLOWER to CANDIDATE at term 0 for changeToCandidate
2023-07-26 19:46:20,660 [om1@group-C5BA1605619E-FollowerState] INFO  server.RaftServerConfigKeys (ConfUtils.java:logGet(46)) - raft.server.leaderelection.pre-vote = true (default)
2023-07-26 19:46:20,660 [om1@group-C5BA1605619E-FollowerState] INFO  impl.RoleInfo (RoleInfo.java:updateAndGet(139)) - om1: start om1@group-C5BA1605619E-LeaderElection1
2023-07-26 19:46:20,672 [om1@group-C5BA1605619E-LeaderElection1] INFO  impl.LeaderElection (LeaderElection.java:askForVotes(321)) - om1@group-C5BA1605619E-LeaderElection1 PRE_VOTE round 0: submit vote requests at term 0 for -1: peers:[om1|rpc:localhost:15007|priority:0|startupRole:FOLLOWER]|listeners:[], old=null
2023-07-26 19:46:20,673 [om1@group-C5BA1605619E-LeaderElection1] INFO  impl.LeaderElection (LeaderElection.java:askForVotes(323)) - om1@group-C5BA1605619E-LeaderElection1 PRE_VOTE round 0: result PASSED (term=0)
2023-07-26 19:46:20,676 [om1@group-C5BA1605619E-LeaderElection1] INFO  impl.LeaderElection (LeaderElection.java:askForVotes(321)) - om1@group-C5BA1605619E-LeaderElection1 ELECTION round 0: submit vote requests at term 1 for -1: peers:[om1|rpc:localhost:15007|priority:0|startupRole:FOLLOWER]|listeners:[], old=null
2023-07-26 19:46:20,676 [om1@group-C5BA1605619E-LeaderElection1] INFO  impl.LeaderElection (LeaderElection.java:askForVotes(323)) - om1@group-C5BA1605619E-LeaderElection1 ELECTION round 0: result PASSED (term=1)
2023-07-26 19:46:20,676 [om1@group-C5BA1605619E-LeaderElection1] INFO  impl.RoleInfo (RoleInfo.java:shutdownLeaderElection(130)) - om1: shutdown om1@group-C5BA1605619E-LeaderElection1
2023-07-26 19:46:20,677 [om1@group-C5BA1605619E-LeaderElection1] INFO  server.RaftServer$Division (RaftServerImpl.java:setRole(329)) - om1@group-C5BA1605619E: changes role from CANDIDATE to LEADER at term 1 for changeToLeader
2023-07-26 19:46:20,681 [om1@group-C5BA1605619E-LeaderElection1] INFO  server.RaftServer$Division (ServerState.java:setLeader(317)) - om1@group-C5BA1605619E: change Leader from null to om1 at term 1 for becomeLeader, leader elected after 2588ms
2023-07-26 19:46:20,697 [om1@group-C5BA1605619E-LeaderElection1] INFO  server.RaftServerConfigKeys (ConfUtils.java:logGet(46)) - raft.server.staging.catchup.gap = 1000 (default)
2023-07-26 19:46:20,707 [om1@group-C5BA1605619E-LeaderElection1] INFO  server.RaftServerConfigKeys (ConfUtils.java:logGet(46)) - raft.server.write.element-limit = 4096 (default)
2023-07-26 19:46:20,708 [om1@group-C5BA1605619E-LeaderElection1] INFO  server.RaftServerConfigKeys (ConfUtils.java:logGet(46)) - raft.server.write.byte-limit = 64MB (=67108864) (default)
2023-07-26 19:46:20,722 [om1@group-C5BA1605619E-LeaderElection1] INFO  server.RaftServerConfigKeys (ConfUtils.java:logGet(46)) - raft.server.watch.timeout = 10s (default)
2023-07-26 19:46:20,722 [om1@group-C5BA1605619E-LeaderElection1] INFO  server.RaftServerConfigKeys (ConfUtils.java:logGet(46)) - raft.server.watch.timeout.denomination = 1s (default)
2023-07-26 19:46:20,726 [om1@group-C5BA1605619E-LeaderElection1] INFO  server.RaftServerConfigKeys (ConfUtils.java:logGet(46)) - raft.server.watch.element-limit = 65536 (default)
2023-07-26 19:46:20,740 [om1@group-C5BA1605619E-LeaderElection1] INFO  server.RaftServerConfigKeys (ConfUtils.java:logGet(46)) - raft.server.write.element-limit = 4096 (default)
2023-07-26 19:46:20,748 [om1@group-C5BA1605619E-LeaderElection1] INFO  server.RaftServerConfigKeys (ConfUtils.java:logGet(46)) - raft.server.write.follower.gap.ratio.max = -1.0 (default)
2023-07-26 19:46:20,752 [om1@group-C5BA1605619E-LeaderElection1] INFO  impl.RoleInfo (RoleInfo.java:updateAndGet(139)) - om1: start om1@group-C5BA1605619E-LeaderStateImpl
2023-07-26 19:46:20,825 [om1@group-C5BA1605619E-LeaderElection1] INFO  segmented.SegmentedRaftLogWorker (SegmentedRaftLogWorker.java:startLogSegment(447)) - om1@group-C5BA1605619E-SegmentedRaftLogWorker: Starting segment from index:0
2023-07-26 19:46:20,910 [om1@group-C5BA1605619E-LeaderElection1] INFO  server.RaftServer$Division (ServerState.java:setRaftConf(434)) - om1@group-C5BA1605619E: set configuration 0: peers:[om1|rpc:localhost:15007|admin:|client:|dataStream:|priority:0|startupRole:FOLLOWER]|listeners:[], old=null
2023-07-26 19:46:21,012 [om1@group-C5BA1605619E-SegmentedRaftLogWorker] INFO  segmented.SegmentedRaftLogWorker (SegmentedRaftLogWorker.java:execute(651)) - om1@group-C5BA1605619E-SegmentedRaftLogWorker: created new log segment /home/runner/work/ozone/ozone/hadoop-ozone/integration-test/target/test-dir/MiniOzoneClusterImpl-7725ff52-e03b-4cac-b8cb-596b4b29adc0/ozone-meta/ratis/bf265839-605b-3f16-9796-c5ba1605619e/current/log_inprogress_0
2023-07-26 19:46:21,074 [main] INFO  handler.ContextHandler (ContextHandler.java:doStart(921)) - Started o.e.j.w.WebAppContext@2478f015{hddsDatanode,/,file:///home/runner/work/ozone/ozone/hadoop-ozone/integration-test/target/test-dir/MiniOzoneClusterImpl-7725ff52-e03b-4cac-b8cb-596b4b29adc0/datanode-0/meta/webserver/jetty-0_0_0_0-15009-hdds-container-service-1_4_0-SNAPSHOT_jar-_-any-5722037669203330155/webapp/,AVAILABLE}{jar:file:/home/runner/.m2/repository/org/apache/ozone/hdds-container-service/1.4.0-SNAPSHOT/hdds-container-service-1.4.0-SNAPSHOT.jar!/webapps/hddsDatanode}
2023-07-26 19:46:21,080 [main] INFO  server.AbstractConnector (AbstractConnector.java:doStart(333)) - Started ServerConnector@7300db1c{HTTP/1.1, (http/1.1)}{0.0.0.0:15009}
2023-07-26 19:46:21,080 [main] INFO  server.Server (Server.java:doStart(415)) - Started @12058ms
2023-07-26 19:46:21,081 [main] WARN  impl.MetricsSystemImpl (MetricsSystemImpl.java:register(279)) - Sink prometheus already exists!
2023-07-26 19:46:21,082 [main] INFO  http.BaseHttpServer (BaseHttpServer.java:updateConnectorAddress(344)) - HTTP server of hddsDatanode listening at http://0.0.0.0:15009
2023-07-26 19:46:21,086 [main] INFO  ipc.CallQueueManager (CallQueueManager.java:<init>(90)) - Using callQueue: class java.util.concurrent.LinkedBlockingQueue, queueCapacity: 100, scheduler: class org.apache.hadoop.ipc.DefaultRpcScheduler, ipcBackoff: false.
2023-07-26 19:46:21,089 [main] INFO  ipc.Server (Server.java:<init>(1287)) - Listener at 0.0.0.0:15010
2023-07-26 19:46:21,094 [Socket Reader #1 for port 15010] INFO  ipc.Server (Server.java:run(1323)) - Starting Socket Reader #1 for port 15010
2023-07-26 19:46:21,108 [main] INFO  ozone.HddsDatanodeService (HddsDatanodeService.java:start(315)) - Datanode start with admins: [runner]
2023-07-26 19:46:21,108 [main] INFO  ozone.HddsDatanodeClientProtocolServer (HddsDatanodeClientProtocolServer.java:start(72)) - RPC server for Client /0.0.0.0:15010
2023-07-26 19:46:21,117 [IPC Server Responder] INFO  ipc.Server (Server.java:run(1562)) - IPC Server Responder: starting
2023-07-26 19:46:21,136 [IPC Server listener on 15010] INFO  ipc.Server (Server.java:run(1402)) - IPC Server listener on 15010: starting
2023-07-26 19:46:21,148 [main] WARN  impl.MetricRegistriesImpl (MetricRegistriesImpl.java:addReporterRegistration(111)) - New reporters are added after registries were created. Some metrics will be missing from the reporter. Please add reporter before adding any new registry.
2023-07-26 19:46:21,148 [main] WARN  impl.MetricRegistriesImpl (MetricRegistriesImpl.java:addReporterRegistration(111)) - New reporters are added after registries were created. Some metrics will be missing from the reporter. Please add reporter before adding any new registry.
2023-07-26 19:46:21,148 [main] INFO  impl.MetricsSystemImpl (MetricsSystemImpl.java:init(158)) - HddsDatanode metrics system started (again)
2023-07-26 19:46:21,153 [Datanode State Machine Daemon Thread] INFO  statemachine.DatanodeStateMachine (DatanodeStateMachine.java:lambda$startDaemon$0(538)) - Ozone container server started.
2023-07-26 19:46:21,185 [main] INFO  ozone.HddsDatanodeService (HddsDatanodeService.java:start(237)) - HddsDatanodeService host:fv-az465-709 ip:10.1.0.48
2023-07-26 19:46:21,221 [om1@group-C5BA1605619E-StateMachineUpdater] INFO  ratis.OzoneManagerStateMachine (OzoneManagerStateMachine.java:notifyConfigurationChanged(202)) - Received Configuration change notification from Ratis. New Peer list:
[id: "om1"
address: "localhost:15007"
startupRole: FOLLOWER
]
2023-07-26 19:46:21,232 [main] INFO  upgrade.AbstractLayoutVersionManager (AbstractLayoutVersionManager.java:init(83)) - Initializing Layout version manager with metadata layout = HADOOP_PRC_PORTS_IN_DATANODEDETAILS (version = 7), software layout = HADOOP_PRC_PORTS_IN_DATANODEDETAILS (version = 7)
2023-07-26 19:46:21,233 [main] INFO  statemachine.DatanodeStateMachine (DatanodeStateMachine.java:getEndPointTaskThreadPoolSize(282)) - Datanode State Machine Task Thread Pool size 2
2023-07-26 19:46:21,243 [main] INFO  volume.HddsVolume (HddsVolume.java:<init>(126)) - Creating HddsVolume: /home/runner/work/ozone/ozone/hadoop-ozone/integration-test/target/test-dir/MiniOzoneClusterImpl-7725ff52-e03b-4cac-b8cb-596b4b29adc0/datanode-1/data-0/containers/hdds of storage type : DISK capacity : 9223372036854775807
2023-07-26 19:46:21,243 [main] INFO  volume.MutableVolumeSet (MutableVolumeSet.java:initializeVolumeSet(173)) - Added Volume : /home/runner/work/ozone/ozone/hadoop-ozone/integration-test/target/test-dir/MiniOzoneClusterImpl-7725ff52-e03b-4cac-b8cb-596b4b29adc0/datanode-1/data-0/containers/hdds to VolumeSet
2023-07-26 19:46:21,244 [main] INFO  volume.MutableVolumeSet (MutableVolumeSet.java:initializeVolumeSet(173)) - Added Volume : /home/runner/work/ozone/ozone/hadoop-ozone/integration-test/target/test-dir/MiniOzoneClusterImpl-7725ff52-e03b-4cac-b8cb-596b4b29adc0/datanode-1/data/ratis to VolumeSet
2023-07-26 19:46:21,253 [Thread-158] INFO  ozoneimpl.ContainerReader (ContainerReader.java:readVolume(177)) - Finish verifying containers on volume /home/runner/work/ozone/ozone/hadoop-ozone/integration-test/target/test-dir/MiniOzoneClusterImpl-7725ff52-e03b-4cac-b8cb-596b4b29adc0/datanode-1/data-0/containers/hdds
2023-07-26 19:46:21,254 [main] INFO  ozoneimpl.OzoneContainer (OzoneContainer.java:buildContainerSet(316)) - Build ContainerSet costs 0s
2023-07-26 19:46:21,258 [main] INFO  server.RaftServer (ConfUtils.java:logGet(46)) - raft.rpc.type = GRPC (default)
2023-07-26 19:46:21,259 [main] INFO  grpc.GrpcConfigKeys (ConfUtils.java:logFallback(53)) - raft.grpc.admin.host = null (fallback to raft.grpc.server.host)
2023-07-26 19:46:21,259 [main] INFO  grpc.GrpcConfigKeys (ConfUtils.java:logGet(46)) - raft.grpc.admin.port = 15022 (custom)
2023-07-26 19:46:21,259 [main] INFO  grpc.GrpcConfigKeys (ConfUtils.java:logFallback(53)) - raft.grpc.client.host = null (fallback to raft.grpc.server.host)
2023-07-26 19:46:21,259 [main] INFO  grpc.GrpcConfigKeys (ConfUtils.java:logGet(46)) - raft.grpc.client.port = 15021 (custom)
2023-07-26 19:46:21,259 [main] INFO  grpc.GrpcConfigKeys (ConfUtils.java:logGet(46)) - raft.grpc.server.host = null (default)
2023-07-26 19:46:21,260 [main] INFO  grpc.GrpcConfigKeys (ConfUtils.java:logGet(46)) - raft.grpc.server.port = 15023 (custom)
2023-07-26 19:46:21,260 [main] INFO  server.GrpcService (ConfUtils.java:logGet(46)) - raft.grpc.message.size.max = 32MB (=33554432) (custom)
2023-07-26 19:46:21,260 [main] INFO  server.RaftServerConfigKeys (ConfUtils.java:logGet(46)) - raft.server.log.appender.buffer.byte-limit = 33554432 (custom)
2023-07-26 19:46:21,260 [main] INFO  server.GrpcService (ConfUtils.java:logGet(46)) - raft.grpc.flow.control.window = 5MB (=5242880) (custom)
2023-07-26 19:46:21,260 [main] INFO  server.RaftServerConfigKeys (ConfUtils.java:logGet(46)) - raft.server.rpc.request.timeout = 3000ms (default)
2023-07-26 19:46:21,260 [main] INFO  grpc.GrpcConfigKeys (ConfUtils.java:logGet(46)) - raft.grpc.server.heartbeat.channel = true (default)
2023-07-26 19:46:21,261 [main] INFO  grpc.GrpcConfigKeys (ConfUtils.java:logGet(46)) - raft.grpc.server.async.request.thread.pool.cached = true (default)
2023-07-26 19:46:21,261 [main] INFO  grpc.GrpcConfigKeys (ConfUtils.java:logGet(46)) - raft.grpc.server.async.request.thread.pool.size = 32 (default)
2023-07-26 19:46:21,272 [main] INFO  impl.DataStreamServerImpl (ConfUtils.java:logGet(46)) - raft.datastream.type = NETTY (custom)
2023-07-26 19:46:21,273 [main] INFO  server.RaftServerConfigKeys (ConfUtils.java:logGet(46)) - raft.server.data-stream.async.request.thread.pool.cached = false (default)
2023-07-26 19:46:21,273 [main] INFO  server.RaftServerConfigKeys (ConfUtils.java:logGet(46)) - raft.server.data-stream.async.request.thread.pool.size = 20 (custom)
2023-07-26 19:46:21,273 [main] INFO  server.RaftServerConfigKeys (ConfUtils.java:logGet(46)) - raft.server.data-stream.async.write.thread.pool.size = 16 (default)
2023-07-26 19:46:21,274 [main] INFO  server.RaftServerConfigKeys (ConfUtils.java:logGet(46)) - raft.server.data-stream.client.pool.size = 10 (default)
2023-07-26 19:46:21,274 [main] INFO  netty.NettyConfigKeys$DataStream (ConfUtils.java:logGet(46)) - raft.netty.dataStream.server.use-epoll = false (default)
2023-07-26 19:46:21,274 [main] INFO  netty.NettyConfigKeys$DataStream (ConfUtils.java:logGet(46)) - raft.netty.dataStream.server.boss-group.size = 0 (default)
2023-07-26 19:46:21,274 [main] INFO  netty.NettyConfigKeys$DataStream (ConfUtils.java:logGet(46)) - raft.netty.dataStream.server.worker-group.size = 0 (default)
2023-07-26 19:46:21,275 [main] INFO  netty.NettyConfigKeys$DataStream (ConfUtils.java:logGet(46)) - raft.netty.dataStream.server.tls.conf = null (default)
2023-07-26 19:46:21,275 [main] INFO  netty.NettyConfigKeys$DataStream (ConfUtils.java:logGet(46)) - raft.netty.dataStream.host = null (default)
2023-07-26 19:46:21,275 [main] INFO  netty.NettyConfigKeys$DataStream (ConfUtils.java:logGet(46)) - raft.netty.dataStream.port = 15024 (custom)
2023-07-26 19:46:21,284 [main] INFO  server.RaftServerConfigKeys (ConfUtils.java:logGet(46)) - raft.server.threadpool.proxy.cached = true (default)
2023-07-26 19:46:21,285 [main] INFO  server.RaftServerConfigKeys (ConfUtils.java:logGet(46)) - raft.server.threadpool.proxy.size = 0 (default)
2023-07-26 19:46:21,285 [main] INFO  server.RaftServerConfigKeys (ConfUtils.java:logGet(46)) - raft.server.rpc.slowness.timeout = 1000000ms (custom)
2023-07-26 19:46:21,285 [main] INFO  server.RaftServerConfigKeys (ConfUtils.java:logGet(46)) - raft.server.leaderelection.leader.step-down.wait-time = 10s (default)
2023-07-26 19:46:21,285 [main] INFO  server.RaftServerConfigKeys (ConfUtils.java:logGet(46)) - raft.server.storage.dir = [/home/runner/work/ozone/ozone/hadoop-ozone/integration-test/target/test-dir/MiniOzoneClusterImpl-7725ff52-e03b-4cac-b8cb-596b4b29adc0/datanode-1/data/ratis] (custom)
2023-07-26 19:46:21,286 [c33e49d7-aab4-4e8b-84a2-e80ab64b386a-impl-thread1] INFO  server.RaftServer (RaftServerProxy.java:initGroupDir(258)) - c33e49d7-aab4-4e8b-84a2-e80ab64b386a: found a subdirectory /home/runner/work/ozone/ozone/hadoop-ozone/integration-test/target/test-dir/MiniOzoneClusterImpl-7725ff52-e03b-4cac-b8cb-596b4b29adc0/datanode-1/data/ratis/tmp
2023-07-26 19:46:21,286 [c33e49d7-aab4-4e8b-84a2-e80ab64b386a-impl-thread1] INFO  server.RaftServer (RaftServerProxy.java:initGroupDir(263)) - c33e49d7-aab4-4e8b-84a2-e80ab64b386a: The directory /home/runner/work/ozone/ozone/hadoop-ozone/integration-test/target/test-dir/MiniOzoneClusterImpl-7725ff52-e03b-4cac-b8cb-596b4b29adc0/datanode-1/data/ratis/tmp is not a group directory; ignoring it. 
2023-07-26 19:46:21,296 [main] INFO  server.XceiverServerGrpc (XceiverServerGrpc.java:<init>(132)) - GrpcServer channel type EpollServerSocketChannel
2023-07-26 19:46:21,291 [c33e49d7-aab4-4e8b-84a2-e80ab64b386a-NettyServerStreamRpc-bossGroup--thread1] INFO  logging.LoggingHandler (AbstractInternalLogger.java:log(148)) - [id: 0xf1fff9c9] REGISTERED
2023-07-26 19:46:21,298 [c33e49d7-aab4-4e8b-84a2-e80ab64b386a-NettyServerStreamRpc-bossGroup--thread1] INFO  logging.LoggingHandler (AbstractInternalLogger.java:log(148)) - [id: 0xf1fff9c9] BIND: 0.0.0.0/0.0.0.0:15024
2023-07-26 19:46:21,298 [c33e49d7-aab4-4e8b-84a2-e80ab64b386a-NettyServerStreamRpc-bossGroup--thread1] INFO  logging.LoggingHandler (AbstractInternalLogger.java:log(148)) - [id: 0xf1fff9c9, L:/0:0:0:0:0:0:0:0:15024] ACTIVE
2023-07-26 19:46:21,307 [main] INFO  replication.ReplicationSupervisor (ReplicationSupervisor.java:nodeStateUpdated(305)) - Node state updated to IN_SERVICE, scaling executor pool size to 10
2023-07-26 19:46:21,319 [main] INFO  http.BaseHttpServer (BaseHttpServer.java:newHttpServer2BuilderForOzone(224)) - Starting Web-server for hddsDatanode at: http://0.0.0.0:15018
2023-07-26 19:46:21,319 [main] INFO  http.BaseHttpServer (BaseHttpServer.java:<init>(111)) - Hadoop Security Enabled: false Ozone Security Enabled: false Ozone HTTP Security Enabled: false 
2023-07-26 19:46:21,321 [main] WARN  server.AuthenticationFilter (AuthenticationFilter.java:constructSecretProvider(240)) - Unable to initialize FileSignerSecretProvider, falling back to use random secrets. Reason: Could not read signature secret file: /home/runner/hadoop-http-auth-signature-secret
2023-07-26 19:46:21,330 [main] INFO  http.HttpRequestLog (HttpRequestLog.java:getRequestLog(86)) - Http request log for http.requests.hddsDatanode is not defined
2023-07-26 19:46:21,331 [main] INFO  http.HttpServer2 (HttpServer2.java:addGlobalFilter(1031)) - Added global filter 'safety' (class=org.apache.hadoop.hdds.server.http.HttpServer2$QuotingInputFilter)
2023-07-26 19:46:21,332 [main] INFO  http.HttpServer2 (HttpServer2.java:addFilter(1007)) - Added filter static_user_filter (class=org.apache.hadoop.http.lib.StaticUserWebFilter$StaticUserFilter) to context hddsDatanode
2023-07-26 19:46:21,333 [main] INFO  http.HttpServer2 (HttpServer2.java:addFilter(1015)) - Added filter static_user_filter (class=org.apache.hadoop.http.lib.StaticUserWebFilter$StaticUserFilter) to context static
2023-07-26 19:46:21,333 [main] INFO  http.HttpServer2 (HttpServer2.java:addFilter(1015)) - Added filter static_user_filter (class=org.apache.hadoop.http.lib.StaticUserWebFilter$StaticUserFilter) to context logs
2023-07-26 19:46:21,334 [main] INFO  http.BaseHttpServer (BaseHttpServer.java:<init>(190)) - HTTP server of hddsDatanode uses base directory /home/runner/work/ozone/ozone/hadoop-ozone/integration-test/target/test-dir/MiniOzoneClusterImpl-7725ff52-e03b-4cac-b8cb-596b4b29adc0/datanode-1/meta/webserver
2023-07-26 19:46:21,335 [main] INFO  http.HttpServer2 (HttpServer2.java:bindListener(1250)) - Jetty bound to port 15018
2023-07-26 19:46:21,335 [main] INFO  server.Server (Server.java:doStart(375)) - jetty-9.4.51.v20230217; built: 2023-02-17T08:19:37.309Z; git: b45c405e4544384de066f814ed42ae3dceacdd49; jvm 1.8.0_372-b07
2023-07-26 19:46:21,373 [main] INFO  server.session (DefaultSessionIdManager.java:doStart(334)) - DefaultSessionIdManager workerName=node0
2023-07-26 19:46:21,374 [main] INFO  server.session (DefaultSessionIdManager.java:doStart(339)) - No SessionScavenger set, using defaults
2023-07-26 19:46:21,374 [main] INFO  server.session (HouseKeeper.java:startScavenging(132)) - node0 Scavenging every 660000ms
2023-07-26 19:46:21,378 [main] INFO  handler.ContextHandler (ContextHandler.java:doStart(921)) - Started o.e.j.s.ServletContextHandler@56794250{logs,/logs,file:///home/runner/work/ozone/ozone/hadoop-ozone/integration-test/target/log,AVAILABLE}
2023-07-26 19:46:21,378 [main] INFO  handler.ContextHandler (ContextHandler.java:doStart(921)) - Started o.e.j.s.ServletContextHandler@169a28e{static,/static,jar:file:/home/runner/.m2/repository/org/apache/ozone/hdds-container-service/1.4.0-SNAPSHOT/hdds-container-service-1.4.0-SNAPSHOT.jar!/webapps/static,AVAILABLE}
2023-07-26 19:46:21,441 [Datanode State Machine Task Thread - 0] INFO  datanode.InitDatanodeState (InitDatanodeState.java:persistContainerDatanodeDetails(138)) - DatanodeDetails is persisted to /home/runner/work/ozone/ozone/hadoop-ozone/integration-test/target/test-dir/MiniOzoneClusterImpl-7725ff52-e03b-4cac-b8cb-596b4b29adc0/datanode-0/meta/datanode.id
2023-07-26 19:46:21,689 [main] INFO  handler.ContextHandler (ContextHandler.java:doStart(921)) - Started o.e.j.w.WebAppContext@4e29c635{hddsDatanode,/,file:///home/runner/work/ozone/ozone/hadoop-ozone/integration-test/target/test-dir/MiniOzoneClusterImpl-7725ff52-e03b-4cac-b8cb-596b4b29adc0/datanode-1/meta/webserver/jetty-0_0_0_0-15018-hdds-container-service-1_4_0-SNAPSHOT_jar-_-any-8170727464169380236/webapp/,AVAILABLE}{jar:file:/home/runner/.m2/repository/org/apache/ozone/hdds-container-service/1.4.0-SNAPSHOT/hdds-container-service-1.4.0-SNAPSHOT.jar!/webapps/hddsDatanode}
2023-07-26 19:46:21,691 [main] INFO  server.AbstractConnector (AbstractConnector.java:doStart(333)) - Started ServerConnector@70587c0c{HTTP/1.1, (http/1.1)}{0.0.0.0:15018}
2023-07-26 19:46:21,691 [main] INFO  server.Server (Server.java:doStart(415)) - Started @12669ms
2023-07-26 19:46:21,691 [main] WARN  impl.MetricsSystemImpl (MetricsSystemImpl.java:register(279)) - Sink prometheus already exists!
2023-07-26 19:46:21,692 [main] INFO  http.BaseHttpServer (BaseHttpServer.java:updateConnectorAddress(344)) - HTTP server of hddsDatanode listening at http://0.0.0.0:15018
2023-07-26 19:46:21,693 [main] INFO  ipc.CallQueueManager (CallQueueManager.java:<init>(90)) - Using callQueue: class java.util.concurrent.LinkedBlockingQueue, queueCapacity: 100, scheduler: class org.apache.hadoop.ipc.DefaultRpcScheduler, ipcBackoff: false.
2023-07-26 19:46:21,693 [main] INFO  ipc.Server (Server.java:<init>(1287)) - Listener at 0.0.0.0:15019
2023-07-26 19:46:21,703 [Socket Reader #1 for port 15019] INFO  ipc.Server (Server.java:run(1323)) - Starting Socket Reader #1 for port 15019
2023-07-26 19:46:21,706 [main] INFO  ozone.HddsDatanodeService (HddsDatanodeService.java:start(315)) - Datanode start with admins: [runner]
2023-07-26 19:46:21,707 [main] INFO  ozone.HddsDatanodeClientProtocolServer (HddsDatanodeClientProtocolServer.java:start(72)) - RPC server for Client /0.0.0.0:15019
2023-07-26 19:46:21,708 [IPC Server Responder] INFO  ipc.Server (Server.java:run(1562)) - IPC Server Responder: starting
2023-07-26 19:46:21,710 [IPC Server listener on 15019] INFO  ipc.Server (Server.java:run(1402)) - IPC Server listener on 15019: starting
2023-07-26 19:46:21,718 [main] WARN  impl.MetricRegistriesImpl (MetricRegistriesImpl.java:addReporterRegistration(111)) - New reporters are added after registries were created. Some metrics will be missing from the reporter. Please add reporter before adding any new registry.
2023-07-26 19:46:21,718 [main] WARN  impl.MetricRegistriesImpl (MetricRegistriesImpl.java:addReporterRegistration(111)) - New reporters are added after registries were created. Some metrics will be missing from the reporter. Please add reporter before adding any new registry.
2023-07-26 19:46:21,718 [main] INFO  impl.MetricsSystemImpl (MetricsSystemImpl.java:init(158)) - HddsDatanode metrics system started (again)
2023-07-26 19:46:21,732 [Datanode State Machine Daemon Thread] INFO  statemachine.DatanodeStateMachine (DatanodeStateMachine.java:lambda$startDaemon$0(538)) - Ozone container server started.
2023-07-26 19:46:21,759 [main] INFO  ozone.HddsDatanodeService (HddsDatanodeService.java:start(237)) - HddsDatanodeService host:fv-az465-709 ip:10.1.0.48
2023-07-26 19:46:21,773 [Datanode State Machine Task Thread - 0] INFO  datanode.InitDatanodeState (InitDatanodeState.java:persistContainerDatanodeDetails(138)) - DatanodeDetails is persisted to /home/runner/work/ozone/ozone/hadoop-ozone/integration-test/target/test-dir/MiniOzoneClusterImpl-7725ff52-e03b-4cac-b8cb-596b4b29adc0/datanode-1/meta/datanode.id
2023-07-26 19:46:21,806 [main] INFO  upgrade.AbstractLayoutVersionManager (AbstractLayoutVersionManager.java:init(83)) - Initializing Layout version manager with metadata layout = HADOOP_PRC_PORTS_IN_DATANODEDETAILS (version = 7), software layout = HADOOP_PRC_PORTS_IN_DATANODEDETAILS (version = 7)
2023-07-26 19:46:21,810 [main] INFO  statemachine.DatanodeStateMachine (DatanodeStateMachine.java:getEndPointTaskThreadPoolSize(282)) - Datanode State Machine Task Thread Pool size 2
2023-07-26 19:46:21,822 [main] INFO  volume.HddsVolume (HddsVolume.java:<init>(126)) - Creating HddsVolume: /home/runner/work/ozone/ozone/hadoop-ozone/integration-test/target/test-dir/MiniOzoneClusterImpl-7725ff52-e03b-4cac-b8cb-596b4b29adc0/datanode-2/data-0/containers/hdds of storage type : DISK capacity : 9223372036854775807
2023-07-26 19:46:21,822 [main] INFO  volume.MutableVolumeSet (MutableVolumeSet.java:initializeVolumeSet(173)) - Added Volume : /home/runner/work/ozone/ozone/hadoop-ozone/integration-test/target/test-dir/MiniOzoneClusterImpl-7725ff52-e03b-4cac-b8cb-596b4b29adc0/datanode-2/data-0/containers/hdds to VolumeSet
2023-07-26 19:46:21,824 [main] INFO  volume.MutableVolumeSet (MutableVolumeSet.java:initializeVolumeSet(173)) - Added Volume : /home/runner/work/ozone/ozone/hadoop-ozone/integration-test/target/test-dir/MiniOzoneClusterImpl-7725ff52-e03b-4cac-b8cb-596b4b29adc0/datanode-2/data/ratis to VolumeSet
2023-07-26 19:46:21,825 [Thread-175] INFO  ozoneimpl.ContainerReader (ContainerReader.java:readVolume(177)) - Finish verifying containers on volume /home/runner/work/ozone/ozone/hadoop-ozone/integration-test/target/test-dir/MiniOzoneClusterImpl-7725ff52-e03b-4cac-b8cb-596b4b29adc0/datanode-2/data-0/containers/hdds
2023-07-26 19:46:21,825 [main] INFO  ozoneimpl.OzoneContainer (OzoneContainer.java:buildContainerSet(316)) - Build ContainerSet costs 0s
2023-07-26 19:46:21,829 [main] INFO  server.RaftServer (ConfUtils.java:logGet(46)) - raft.rpc.type = GRPC (default)
2023-07-26 19:46:21,829 [main] INFO  grpc.GrpcConfigKeys (ConfUtils.java:logFallback(53)) - raft.grpc.admin.host = null (fallback to raft.grpc.server.host)
2023-07-26 19:46:21,829 [main] INFO  grpc.GrpcConfigKeys (ConfUtils.java:logGet(46)) - raft.grpc.admin.port = 15031 (custom)
2023-07-26 19:46:21,830 [main] INFO  grpc.GrpcConfigKeys (ConfUtils.java:logFallback(53)) - raft.grpc.client.host = null (fallback to raft.grpc.server.host)
2023-07-26 19:46:21,830 [main] INFO  grpc.GrpcConfigKeys (ConfUtils.java:logGet(46)) - raft.grpc.client.port = 15030 (custom)
2023-07-26 19:46:21,830 [main] INFO  grpc.GrpcConfigKeys (ConfUtils.java:logGet(46)) - raft.grpc.server.host = null (default)
2023-07-26 19:46:21,830 [main] INFO  grpc.GrpcConfigKeys (ConfUtils.java:logGet(46)) - raft.grpc.server.port = 15032 (custom)
2023-07-26 19:46:21,830 [main] INFO  server.GrpcService (ConfUtils.java:logGet(46)) - raft.grpc.message.size.max = 32MB (=33554432) (custom)
2023-07-26 19:46:21,830 [main] INFO  server.RaftServerConfigKeys (ConfUtils.java:logGet(46)) - raft.server.log.appender.buffer.byte-limit = 33554432 (custom)
2023-07-26 19:46:21,831 [main] INFO  server.GrpcService (ConfUtils.java:logGet(46)) - raft.grpc.flow.control.window = 5MB (=5242880) (custom)
2023-07-26 19:46:21,831 [main] INFO  server.RaftServerConfigKeys (ConfUtils.java:logGet(46)) - raft.server.rpc.request.timeout = 3000ms (default)
2023-07-26 19:46:21,831 [main] INFO  grpc.GrpcConfigKeys (ConfUtils.java:logGet(46)) - raft.grpc.server.heartbeat.channel = true (default)
2023-07-26 19:46:21,831 [main] INFO  grpc.GrpcConfigKeys (ConfUtils.java:logGet(46)) - raft.grpc.server.async.request.thread.pool.cached = true (default)
2023-07-26 19:46:21,831 [main] INFO  grpc.GrpcConfigKeys (ConfUtils.java:logGet(46)) - raft.grpc.server.async.request.thread.pool.size = 32 (default)
2023-07-26 19:46:21,834 [main] INFO  impl.DataStreamServerImpl (ConfUtils.java:logGet(46)) - raft.datastream.type = NETTY (custom)
2023-07-26 19:46:21,835 [main] INFO  server.RaftServerConfigKeys (ConfUtils.java:logGet(46)) - raft.server.data-stream.async.request.thread.pool.cached = false (default)
2023-07-26 19:46:21,835 [main] INFO  server.RaftServerConfigKeys (ConfUtils.java:logGet(46)) - raft.server.data-stream.async.request.thread.pool.size = 20 (custom)
2023-07-26 19:46:21,835 [main] INFO  server.RaftServerConfigKeys (ConfUtils.java:logGet(46)) - raft.server.data-stream.async.write.thread.pool.size = 16 (default)
2023-07-26 19:46:21,835 [main] INFO  server.RaftServerConfigKeys (ConfUtils.java:logGet(46)) - raft.server.data-stream.client.pool.size = 10 (default)
2023-07-26 19:46:21,835 [main] INFO  netty.NettyConfigKeys$DataStream (ConfUtils.java:logGet(46)) - raft.netty.dataStream.server.use-epoll = false (default)
2023-07-26 19:46:21,835 [main] INFO  netty.NettyConfigKeys$DataStream (ConfUtils.java:logGet(46)) - raft.netty.dataStream.server.boss-group.size = 0 (default)
2023-07-26 19:46:21,836 [main] INFO  netty.NettyConfigKeys$DataStream (ConfUtils.java:logGet(46)) - raft.netty.dataStream.server.worker-group.size = 0 (default)
2023-07-26 19:46:21,836 [main] INFO  netty.NettyConfigKeys$DataStream (ConfUtils.java:logGet(46)) - raft.netty.dataStream.server.tls.conf = null (default)
2023-07-26 19:46:21,836 [main] INFO  netty.NettyConfigKeys$DataStream (ConfUtils.java:logGet(46)) - raft.netty.dataStream.host = null (default)
2023-07-26 19:46:21,837 [main] INFO  netty.NettyConfigKeys$DataStream (ConfUtils.java:logGet(46)) - raft.netty.dataStream.port = 15033 (custom)
2023-07-26 19:46:21,837 [main] INFO  server.RaftServerConfigKeys (ConfUtils.java:logGet(46)) - raft.server.threadpool.proxy.cached = true (default)
2023-07-26 19:46:21,837 [main] INFO  server.RaftServerConfigKeys (ConfUtils.java:logGet(46)) - raft.server.threadpool.proxy.size = 0 (default)
2023-07-26 19:46:21,838 [main] INFO  server.RaftServerConfigKeys (ConfUtils.java:logGet(46)) - raft.server.rpc.slowness.timeout = 1000000ms (custom)
2023-07-26 19:46:21,838 [main] INFO  server.RaftServerConfigKeys (ConfUtils.java:logGet(46)) - raft.server.leaderelection.leader.step-down.wait-time = 10s (default)
2023-07-26 19:46:21,838 [main] INFO  server.RaftServerConfigKeys (ConfUtils.java:logGet(46)) - raft.server.storage.dir = [/home/runner/work/ozone/ozone/hadoop-ozone/integration-test/target/test-dir/MiniOzoneClusterImpl-7725ff52-e03b-4cac-b8cb-596b4b29adc0/datanode-2/data/ratis] (custom)
2023-07-26 19:46:21,850 [cc71d3b4-cf6a-416c-96eb-6097e97a8fe1-impl-thread1] INFO  server.RaftServer (RaftServerProxy.java:initGroupDir(258)) - cc71d3b4-cf6a-416c-96eb-6097e97a8fe1: found a subdirectory /home/runner/work/ozone/ozone/hadoop-ozone/integration-test/target/test-dir/MiniOzoneClusterImpl-7725ff52-e03b-4cac-b8cb-596b4b29adc0/datanode-2/data/ratis/tmp
2023-07-26 19:46:21,850 [cc71d3b4-cf6a-416c-96eb-6097e97a8fe1-impl-thread1] INFO  server.RaftServer (RaftServerProxy.java:initGroupDir(263)) - cc71d3b4-cf6a-416c-96eb-6097e97a8fe1: The directory /home/runner/work/ozone/ozone/hadoop-ozone/integration-test/target/test-dir/MiniOzoneClusterImpl-7725ff52-e03b-4cac-b8cb-596b4b29adc0/datanode-2/data/ratis/tmp is not a group directory; ignoring it. 
2023-07-26 19:46:21,852 [main] INFO  server.XceiverServerGrpc (XceiverServerGrpc.java:<init>(132)) - GrpcServer channel type EpollServerSocketChannel
2023-07-26 19:46:21,855 [main] INFO  replication.ReplicationSupervisor (ReplicationSupervisor.java:nodeStateUpdated(305)) - Node state updated to IN_SERVICE, scaling executor pool size to 10
2023-07-26 19:46:21,859 [cc71d3b4-cf6a-416c-96eb-6097e97a8fe1-NettyServerStreamRpc-bossGroup--thread1] INFO  logging.LoggingHandler (AbstractInternalLogger.java:log(148)) - [id: 0x3d92cf88] REGISTERED
2023-07-26 19:46:21,859 [cc71d3b4-cf6a-416c-96eb-6097e97a8fe1-NettyServerStreamRpc-bossGroup--thread1] INFO  logging.LoggingHandler (AbstractInternalLogger.java:log(148)) - [id: 0x3d92cf88] BIND: 0.0.0.0/0.0.0.0:15033
2023-07-26 19:46:21,859 [cc71d3b4-cf6a-416c-96eb-6097e97a8fe1-NettyServerStreamRpc-bossGroup--thread1] INFO  logging.LoggingHandler (AbstractInternalLogger.java:log(148)) - [id: 0x3d92cf88, L:/0:0:0:0:0:0:0:0:15033] ACTIVE
2023-07-26 19:46:21,862 [main] INFO  http.BaseHttpServer (BaseHttpServer.java:newHttpServer2BuilderForOzone(224)) - Starting Web-server for hddsDatanode at: http://0.0.0.0:15027
2023-07-26 19:46:21,862 [main] INFO  http.BaseHttpServer (BaseHttpServer.java:<init>(111)) - Hadoop Security Enabled: false Ozone Security Enabled: false Ozone HTTP Security Enabled: false 
2023-07-26 19:46:21,865 [main] WARN  server.AuthenticationFilter (AuthenticationFilter.java:constructSecretProvider(240)) - Unable to initialize FileSignerSecretProvider, falling back to use random secrets. Reason: Could not read signature secret file: /home/runner/hadoop-http-auth-signature-secret
2023-07-26 19:46:21,865 [main] INFO  http.HttpRequestLog (HttpRequestLog.java:getRequestLog(86)) - Http request log for http.requests.hddsDatanode is not defined
2023-07-26 19:46:21,867 [main] INFO  http.HttpServer2 (HttpServer2.java:addGlobalFilter(1031)) - Added global filter 'safety' (class=org.apache.hadoop.hdds.server.http.HttpServer2$QuotingInputFilter)
2023-07-26 19:46:21,868 [main] INFO  http.HttpServer2 (HttpServer2.java:addFilter(1007)) - Added filter static_user_filter (class=org.apache.hadoop.http.lib.StaticUserWebFilter$StaticUserFilter) to context hddsDatanode
2023-07-26 19:46:21,868 [main] INFO  http.HttpServer2 (HttpServer2.java:addFilter(1015)) - Added filter static_user_filter (class=org.apache.hadoop.http.lib.StaticUserWebFilter$StaticUserFilter) to context logs
2023-07-26 19:46:21,868 [main] INFO  http.HttpServer2 (HttpServer2.java:addFilter(1015)) - Added filter static_user_filter (class=org.apache.hadoop.http.lib.StaticUserWebFilter$StaticUserFilter) to context static
2023-07-26 19:46:21,869 [main] INFO  http.BaseHttpServer (BaseHttpServer.java:<init>(190)) - HTTP server of hddsDatanode uses base directory /home/runner/work/ozone/ozone/hadoop-ozone/integration-test/target/test-dir/MiniOzoneClusterImpl-7725ff52-e03b-4cac-b8cb-596b4b29adc0/datanode-2/meta/webserver
2023-07-26 19:46:21,869 [main] INFO  http.HttpServer2 (HttpServer2.java:bindListener(1250)) - Jetty bound to port 15027
2023-07-26 19:46:21,869 [main] INFO  server.Server (Server.java:doStart(375)) - jetty-9.4.51.v20230217; built: 2023-02-17T08:19:37.309Z; git: b45c405e4544384de066f814ed42ae3dceacdd49; jvm 1.8.0_372-b07
2023-07-26 19:46:21,872 [main] INFO  server.session (DefaultSessionIdManager.java:doStart(334)) - DefaultSessionIdManager workerName=node0
2023-07-26 19:46:21,872 [main] INFO  server.session (DefaultSessionIdManager.java:doStart(339)) - No SessionScavenger set, using defaults
2023-07-26 19:46:21,873 [main] INFO  server.session (HouseKeeper.java:startScavenging(132)) - node0 Scavenging every 600000ms
2023-07-26 19:46:21,876 [main] INFO  handler.ContextHandler (ContextHandler.java:doStart(921)) - Started o.e.j.s.ServletContextHandler@6c748330{logs,/logs,file:///home/runner/work/ozone/ozone/hadoop-ozone/integration-test/target/log,AVAILABLE}
2023-07-26 19:46:21,876 [main] INFO  handler.ContextHandler (ContextHandler.java:doStart(921)) - Started o.e.j.s.ServletContextHandler@3cf8b6d5{static,/static,jar:file:/home/runner/.m2/repository/org/apache/ozone/hdds-container-service/1.4.0-SNAPSHOT/hdds-container-service-1.4.0-SNAPSHOT.jar!/webapps/static,AVAILABLE}
2023-07-26 19:46:22,121 [main] INFO  handler.ContextHandler (ContextHandler.java:doStart(921)) - Started o.e.j.w.WebAppContext@4a38e868{hddsDatanode,/,file:///home/runner/work/ozone/ozone/hadoop-ozone/integration-test/target/test-dir/MiniOzoneClusterImpl-7725ff52-e03b-4cac-b8cb-596b4b29adc0/datanode-2/meta/webserver/jetty-0_0_0_0-15027-hdds-container-service-1_4_0-SNAPSHOT_jar-_-any-8677780183430509160/webapp/,AVAILABLE}{jar:file:/home/runner/.m2/repository/org/apache/ozone/hdds-container-service/1.4.0-SNAPSHOT/hdds-container-service-1.4.0-SNAPSHOT.jar!/webapps/hddsDatanode}
2023-07-26 19:46:22,122 [main] INFO  server.AbstractConnector (AbstractConnector.java:doStart(333)) - Started ServerConnector@37c34207{HTTP/1.1, (http/1.1)}{0.0.0.0:15027}
2023-07-26 19:46:22,123 [main] INFO  server.Server (Server.java:doStart(415)) - Started @13101ms
2023-07-26 19:46:22,123 [main] WARN  impl.MetricsSystemImpl (MetricsSystemImpl.java:register(279)) - Sink prometheus already exists!
2023-07-26 19:46:22,125 [main] INFO  http.BaseHttpServer (BaseHttpServer.java:updateConnectorAddress(344)) - HTTP server of hddsDatanode listening at http://0.0.0.0:15027
2023-07-26 19:46:22,126 [main] INFO  ipc.CallQueueManager (CallQueueManager.java:<init>(90)) - Using callQueue: class java.util.concurrent.LinkedBlockingQueue, queueCapacity: 100, scheduler: class org.apache.hadoop.ipc.DefaultRpcScheduler, ipcBackoff: false.
2023-07-26 19:46:22,126 [main] INFO  ipc.Server (Server.java:<init>(1287)) - Listener at 0.0.0.0:15028
2023-07-26 19:46:22,127 [Socket Reader #1 for port 15028] INFO  ipc.Server (Server.java:run(1323)) - Starting Socket Reader #1 for port 15028
2023-07-26 19:46:22,131 [main] INFO  ozone.HddsDatanodeService (HddsDatanodeService.java:start(315)) - Datanode start with admins: [runner]
2023-07-26 19:46:22,131 [main] INFO  ozone.HddsDatanodeClientProtocolServer (HddsDatanodeClientProtocolServer.java:start(72)) - RPC server for Client /0.0.0.0:15028
2023-07-26 19:46:22,132 [IPC Server listener on 15028] INFO  ipc.Server (Server.java:run(1402)) - IPC Server listener on 15028: starting
2023-07-26 19:46:22,132 [IPC Server Responder] INFO  ipc.Server (Server.java:run(1562)) - IPC Server Responder: starting
2023-07-26 19:46:22,142 [Datanode State Machine Daemon Thread] INFO  statemachine.DatanodeStateMachine (DatanodeStateMachine.java:lambda$startDaemon$0(538)) - Ozone container server started.
2023-07-26 19:46:22,134 [main] INFO  ozone.MiniOzoneClusterImpl (MiniOzoneClusterImpl.java:lambda$waitForClusterToBeReady$0(224)) - Waiting for nodes to be ready. Got 0 of 3 DN Heartbeats.
2023-07-26 19:46:22,143 [main] INFO  ozone.MiniOzoneClusterImpl (MiniOzoneClusterImpl.java:lambda$waitForClusterToBeReady$0(227)) - Waiting for cluster to exit safe mode
2023-07-26 19:46:22,143 [main] INFO  ozone.MiniOzoneClusterImpl (MiniOzoneClusterImpl.java:lambda$waitForClusterToBeReady$0(229)) - SCM became leader
2023-07-26 19:46:22,166 [Datanode State Machine Task Thread - 0] INFO  datanode.InitDatanodeState (InitDatanodeState.java:persistContainerDatanodeDetails(138)) - DatanodeDetails is persisted to /home/runner/work/ozone/ozone/hadoop-ozone/integration-test/target/test-dir/MiniOzoneClusterImpl-7725ff52-e03b-4cac-b8cb-596b4b29adc0/datanode-2/meta/datanode.id
2023-07-26 19:46:23,143 [main] INFO  ozone.MiniOzoneClusterImpl (MiniOzoneClusterImpl.java:lambda$waitForClusterToBeReady$0(224)) - Waiting for nodes to be ready. Got 0 of 3 DN Heartbeats.
2023-07-26 19:46:23,144 [main] INFO  ozone.MiniOzoneClusterImpl (MiniOzoneClusterImpl.java:lambda$waitForClusterToBeReady$0(227)) - Waiting for cluster to exit safe mode
2023-07-26 19:46:23,144 [main] INFO  ozone.MiniOzoneClusterImpl (MiniOzoneClusterImpl.java:lambda$waitForClusterToBeReady$0(229)) - SCM became leader
2023-07-26 19:46:23,376 [EndpointStateMachine task thread for /0.0.0.0:15002 - 0 ] INFO  utils.DatanodeStoreCache (DatanodeStoreCache.java:addDB(66)) - Added db /home/runner/work/ozone/ozone/hadoop-ozone/integration-test/target/test-dir/MiniOzoneClusterImpl-7725ff52-e03b-4cac-b8cb-596b4b29adc0/datanode-0/data-0/containers/hdds/7725ff52-e03b-4cac-b8cb-596b4b29adc0/DS-40acd9e3-f0c1-4f10-b72c-9d66c091599d/container.db to cache
2023-07-26 19:46:23,377 [EndpointStateMachine task thread for /0.0.0.0:15002 - 0 ] INFO  volume.HddsVolume (HddsVolume.java:createDbStore(422)) - SchemaV3 db is created and loaded at /home/runner/work/ozone/ozone/hadoop-ozone/integration-test/target/test-dir/MiniOzoneClusterImpl-7725ff52-e03b-4cac-b8cb-596b4b29adc0/datanode-0/data-0/containers/hdds/7725ff52-e03b-4cac-b8cb-596b4b29adc0/DS-40acd9e3-f0c1-4f10-b72c-9d66c091599d/container.db for volume DS-40acd9e3-f0c1-4f10-b72c-9d66c091599d
2023-07-26 19:46:23,380 [EndpointStateMachine task thread for /0.0.0.0:15002 - 0 ] INFO  volume.ThrottledAsyncChecker (ThrottledAsyncChecker.java:schedule(141)) - Scheduling a check for /home/runner/work/ozone/ozone/hadoop-ozone/integration-test/target/test-dir/MiniOzoneClusterImpl-7725ff52-e03b-4cac-b8cb-596b4b29adc0/datanode-0/data-0/containers/hdds
2023-07-26 19:46:23,405 [EndpointStateMachine task thread for /0.0.0.0:15002 - 0 ] INFO  volume.StorageVolumeChecker (StorageVolumeChecker.java:checkAllVolumes(213)) - Scheduled health check for volume /home/runner/work/ozone/ozone/hadoop-ozone/integration-test/target/test-dir/MiniOzoneClusterImpl-7725ff52-e03b-4cac-b8cb-596b4b29adc0/datanode-0/data-0/containers/hdds
2023-07-26 19:46:23,408 [EndpointStateMachine task thread for /0.0.0.0:15002 - 0 ] INFO  volume.ThrottledAsyncChecker (ThrottledAsyncChecker.java:schedule(141)) - Scheduling a check for /home/runner/work/ozone/ozone/hadoop-ozone/integration-test/target/test-dir/MiniOzoneClusterImpl-7725ff52-e03b-4cac-b8cb-596b4b29adc0/datanode-0/data/ratis
2023-07-26 19:46:23,408 [EndpointStateMachine task thread for /0.0.0.0:15002 - 0 ] INFO  volume.StorageVolumeChecker (StorageVolumeChecker.java:checkAllVolumes(213)) - Scheduled health check for volume /home/runner/work/ozone/ozone/hadoop-ozone/integration-test/target/test-dir/MiniOzoneClusterImpl-7725ff52-e03b-4cac-b8cb-596b4b29adc0/datanode-0/data/ratis
2023-07-26 19:46:23,414 [EndpointStateMachine task thread for /0.0.0.0:15002 - 0 ] INFO  ozoneimpl.OzoneContainer (OzoneContainer.java:start(431)) - Attempting to start container services.
2023-07-26 19:46:23,417 [EndpointStateMachine task thread for /0.0.0.0:15002 - 0 ] INFO  ozoneimpl.OzoneContainer (OzoneContainer.java:startContainerScrub(327)) - Scheduled background container scanners and the on-demand container scanner have been disabled.
2023-07-26 19:46:23,419 [EndpointStateMachine task thread for /0.0.0.0:15002 - 0 ] INFO  replication.ReplicationServer (ReplicationServer.java:start(128)) - ReplicationServer is started using port 15016
2023-07-26 19:46:23,419 [EndpointStateMachine task thread for /0.0.0.0:15002 - 0 ] INFO  ratis.XceiverServerRatis (XceiverServerRatis.java:start(517)) - Starting XceiverServerRatis 4099cb2b-2e2e-4151-9db7-f99ade631412
2023-07-26 19:46:23,437 [EndpointStateMachine task thread for /0.0.0.0:15002 - 0 ] INFO  server.RaftServer (RaftServerProxy.java:startImpl(400)) - 4099cb2b-2e2e-4151-9db7-f99ade631412: start RPC server
2023-07-26 19:46:23,440 [EndpointStateMachine task thread for /0.0.0.0:15002 - 0 ] INFO  server.GrpcService (GrpcService.java:startImpl(302)) - 4099cb2b-2e2e-4151-9db7-f99ade631412: GrpcService started, listening on 15012
2023-07-26 19:46:23,441 [EndpointStateMachine task thread for /0.0.0.0:15002 - 0 ] INFO  server.GrpcService (GrpcService.java:startImpl(302)) - 4099cb2b-2e2e-4151-9db7-f99ade631412: GrpcService started, listening on 15014
2023-07-26 19:46:23,444 [EndpointStateMachine task thread for /0.0.0.0:15002 - 0 ] INFO  server.GrpcService (GrpcService.java:startImpl(302)) - 4099cb2b-2e2e-4151-9db7-f99ade631412: GrpcService started, listening on 15013
2023-07-26 19:46:23,445 [EndpointStateMachine task thread for /0.0.0.0:15002 - 0 ] INFO  ratis.XceiverServerRatis (XceiverServerRatis.java:getRealPort(543)) - XceiverServerRatis 4099cb2b-2e2e-4151-9db7-f99ade631412 is started using port 15012 for RATIS
2023-07-26 19:46:23,446 [EndpointStateMachine task thread for /0.0.0.0:15002 - 0 ] INFO  ratis.XceiverServerRatis (XceiverServerRatis.java:getRealPort(543)) - XceiverServerRatis 4099cb2b-2e2e-4151-9db7-f99ade631412 is started using port 15013 for RATIS_ADMIN
2023-07-26 19:46:23,446 [EndpointStateMachine task thread for /0.0.0.0:15002 - 0 ] INFO  ratis.XceiverServerRatis (XceiverServerRatis.java:getRealPort(543)) - XceiverServerRatis 4099cb2b-2e2e-4151-9db7-f99ade631412 is started using port 15014 for RATIS_SERVER
2023-07-26 19:46:23,446 [EndpointStateMachine task thread for /0.0.0.0:15002 - 0 ] INFO  ratis.XceiverServerRatis (XceiverServerRatis.java:getRealPort(543)) - XceiverServerRatis 4099cb2b-2e2e-4151-9db7-f99ade631412 is started using port 15015 for RATIS_DATASTREAM
2023-07-26 19:46:23,446 [JvmPauseMonitor2] INFO  util.JvmPauseMonitor (JvmPauseMonitor.java:run(103)) - JvmPauseMonitor-4099cb2b-2e2e-4151-9db7-f99ade631412: Started
2023-07-26 19:46:23,465 [BlockDeletingService#0] INFO  interfaces.ContainerDeletionChoosingPolicyTemplate (ContainerDeletionChoosingPolicyTemplate.java:chooseContainerForBlockDeletion(83)) - Chosen 0/5000 blocks from 0 candidate containers.
2023-07-26 19:46:23,565 [BlockDeletingService#0] INFO  interfaces.ContainerDeletionChoosingPolicyTemplate (ContainerDeletionChoosingPolicyTemplate.java:chooseContainerForBlockDeletion(83)) - Chosen 0/5000 blocks from 0 candidate containers.
2023-07-26 19:46:23,666 [BlockDeletingService#0] INFO  interfaces.ContainerDeletionChoosingPolicyTemplate (ContainerDeletionChoosingPolicyTemplate.java:chooseContainerForBlockDeletion(83)) - Chosen 0/5000 blocks from 0 candidate containers.
2023-07-26 19:46:23,767 [BlockDeletingService#1] INFO  interfaces.ContainerDeletionChoosingPolicyTemplate (ContainerDeletionChoosingPolicyTemplate.java:chooseContainerForBlockDeletion(83)) - Chosen 0/5000 blocks from 0 candidate containers.
2023-07-26 19:46:23,799 [EndpointStateMachine task thread for /0.0.0.0:15002 - 0 ] INFO  utils.DatanodeStoreCache (DatanodeStoreCache.java:addDB(66)) - Added db /home/runner/work/ozone/ozone/hadoop-ozone/integration-test/target/test-dir/MiniOzoneClusterImpl-7725ff52-e03b-4cac-b8cb-596b4b29adc0/datanode-1/data-0/containers/hdds/7725ff52-e03b-4cac-b8cb-596b4b29adc0/DS-5b616d09-121c-491d-8b7c-e0b39bf50afd/container.db to cache
2023-07-26 19:46:23,799 [EndpointStateMachine task thread for /0.0.0.0:15002 - 0 ] INFO  volume.HddsVolume (HddsVolume.java:createDbStore(422)) - SchemaV3 db is created and loaded at /home/runner/work/ozone/ozone/hadoop-ozone/integration-test/target/test-dir/MiniOzoneClusterImpl-7725ff52-e03b-4cac-b8cb-596b4b29adc0/datanode-1/data-0/containers/hdds/7725ff52-e03b-4cac-b8cb-596b4b29adc0/DS-5b616d09-121c-491d-8b7c-e0b39bf50afd/container.db for volume DS-5b616d09-121c-491d-8b7c-e0b39bf50afd
2023-07-26 19:46:23,805 [EndpointStateMachine task thread for /0.0.0.0:15002 - 0 ] INFO  volume.ThrottledAsyncChecker (ThrottledAsyncChecker.java:schedule(141)) - Scheduling a check for /home/runner/work/ozone/ozone/hadoop-ozone/integration-test/target/test-dir/MiniOzoneClusterImpl-7725ff52-e03b-4cac-b8cb-596b4b29adc0/datanode-1/data-0/containers/hdds
2023-07-26 19:46:23,813 [EndpointStateMachine task thread for /0.0.0.0:15002 - 0 ] INFO  volume.StorageVolumeChecker (StorageVolumeChecker.java:checkAllVolumes(213)) - Scheduled health check for volume /home/runner/work/ozone/ozone/hadoop-ozone/integration-test/target/test-dir/MiniOzoneClusterImpl-7725ff52-e03b-4cac-b8cb-596b4b29adc0/datanode-1/data-0/containers/hdds
2023-07-26 19:46:23,816 [EndpointStateMachine task thread for /0.0.0.0:15002 - 0 ] INFO  volume.ThrottledAsyncChecker (ThrottledAsyncChecker.java:schedule(141)) - Scheduling a check for /home/runner/work/ozone/ozone/hadoop-ozone/integration-test/target/test-dir/MiniOzoneClusterImpl-7725ff52-e03b-4cac-b8cb-596b4b29adc0/datanode-1/data/ratis
2023-07-26 19:46:23,816 [EndpointStateMachine task thread for /0.0.0.0:15002 - 0 ] INFO  volume.StorageVolumeChecker (StorageVolumeChecker.java:checkAllVolumes(213)) - Scheduled health check for volume /home/runner/work/ozone/ozone/hadoop-ozone/integration-test/target/test-dir/MiniOzoneClusterImpl-7725ff52-e03b-4cac-b8cb-596b4b29adc0/datanode-1/data/ratis
2023-07-26 19:46:23,817 [EndpointStateMachine task thread for /0.0.0.0:15002 - 0 ] INFO  ozoneimpl.OzoneContainer (OzoneContainer.java:start(431)) - Attempting to start container services.
2023-07-26 19:46:23,818 [EndpointStateMachine task thread for /0.0.0.0:15002 - 0 ] INFO  ozoneimpl.OzoneContainer (OzoneContainer.java:startContainerScrub(327)) - Scheduled background container scanners and the on-demand container scanner have been disabled.
2023-07-26 19:46:23,820 [EndpointStateMachine task thread for /0.0.0.0:15002 - 0 ] INFO  replication.ReplicationServer (ReplicationServer.java:start(128)) - ReplicationServer is started using port 15025
2023-07-26 19:46:23,820 [EndpointStateMachine task thread for /0.0.0.0:15002 - 0 ] INFO  ratis.XceiverServerRatis (XceiverServerRatis.java:start(517)) - Starting XceiverServerRatis c33e49d7-aab4-4e8b-84a2-e80ab64b386a
2023-07-26 19:46:23,833 [EndpointStateMachine task thread for /0.0.0.0:15002 - 0 ] INFO  server.RaftServer (RaftServerProxy.java:startImpl(400)) - c33e49d7-aab4-4e8b-84a2-e80ab64b386a: start RPC server
2023-07-26 19:46:23,848 [EndpointStateMachine task thread for /0.0.0.0:15002 - 0 ] INFO  server.GrpcService (GrpcService.java:startImpl(302)) - c33e49d7-aab4-4e8b-84a2-e80ab64b386a: GrpcService started, listening on 15021
2023-07-26 19:46:23,850 [EndpointStateMachine task thread for /0.0.0.0:15002 - 0 ] INFO  server.GrpcService (GrpcService.java:startImpl(302)) - c33e49d7-aab4-4e8b-84a2-e80ab64b386a: GrpcService started, listening on 15023
2023-07-26 19:46:23,854 [EndpointStateMachine task thread for /0.0.0.0:15002 - 0 ] INFO  server.GrpcService (GrpcService.java:startImpl(302)) - c33e49d7-aab4-4e8b-84a2-e80ab64b386a: GrpcService started, listening on 15022
2023-07-26 19:46:23,854 [EndpointStateMachine task thread for /0.0.0.0:15002 - 0 ] INFO  ratis.XceiverServerRatis (XceiverServerRatis.java:getRealPort(543)) - XceiverServerRatis c33e49d7-aab4-4e8b-84a2-e80ab64b386a is started using port 15021 for RATIS
2023-07-26 19:46:23,854 [JvmPauseMonitor3] INFO  util.JvmPauseMonitor (JvmPauseMonitor.java:run(103)) - JvmPauseMonitor-c33e49d7-aab4-4e8b-84a2-e80ab64b386a: Started
2023-07-26 19:46:23,854 [EndpointStateMachine task thread for /0.0.0.0:15002 - 0 ] INFO  ratis.XceiverServerRatis (XceiverServerRatis.java:getRealPort(543)) - XceiverServerRatis c33e49d7-aab4-4e8b-84a2-e80ab64b386a is started using port 15022 for RATIS_ADMIN
2023-07-26 19:46:23,855 [EndpointStateMachine task thread for /0.0.0.0:15002 - 0 ] INFO  ratis.XceiverServerRatis (XceiverServerRatis.java:getRealPort(543)) - XceiverServerRatis c33e49d7-aab4-4e8b-84a2-e80ab64b386a is started using port 15023 for RATIS_SERVER
2023-07-26 19:46:23,855 [EndpointStateMachine task thread for /0.0.0.0:15002 - 0 ] INFO  ratis.XceiverServerRatis (XceiverServerRatis.java:getRealPort(543)) - XceiverServerRatis c33e49d7-aab4-4e8b-84a2-e80ab64b386a is started using port 15024 for RATIS_DATASTREAM
2023-07-26 19:46:23,868 [BlockDeletingService#2] INFO  interfaces.ContainerDeletionChoosingPolicyTemplate (ContainerDeletionChoosingPolicyTemplate.java:chooseContainerForBlockDeletion(83)) - Chosen 0/5000 blocks from 0 candidate containers.
2023-07-26 19:46:23,869 [BlockDeletingService#0] INFO  interfaces.ContainerDeletionChoosingPolicyTemplate (ContainerDeletionChoosingPolicyTemplate.java:chooseContainerForBlockDeletion(83)) - Chosen 0/5000 blocks from 0 candidate containers.
2023-07-26 19:46:23,969 [BlockDeletingService#0] INFO  interfaces.ContainerDeletionChoosingPolicyTemplate (ContainerDeletionChoosingPolicyTemplate.java:chooseContainerForBlockDeletion(83)) - Chosen 0/5000 blocks from 0 candidate containers.
2023-07-26 19:46:23,973 [BlockDeletingService#0] INFO  interfaces.ContainerDeletionChoosingPolicyTemplate (ContainerDeletionChoosingPolicyTemplate.java:chooseContainerForBlockDeletion(83)) - Chosen 0/5000 blocks from 0 candidate containers.
2023-07-26 19:46:24,069 [BlockDeletingService#3] INFO  interfaces.ContainerDeletionChoosingPolicyTemplate (ContainerDeletionChoosingPolicyTemplate.java:chooseContainerForBlockDeletion(83)) - Chosen 0/5000 blocks from 0 candidate containers.
2023-07-26 19:46:24,075 [BlockDeletingService#1] INFO  interfaces.ContainerDeletionChoosingPolicyTemplate (ContainerDeletionChoosingPolicyTemplate.java:chooseContainerForBlockDeletion(83)) - Chosen 0/5000 blocks from 0 candidate containers.
2023-07-26 19:46:24,144 [main] INFO  ozone.MiniOzoneClusterImpl (MiniOzoneClusterImpl.java:lambda$waitForClusterToBeReady$0(224)) - Waiting for nodes to be ready. Got 0 of 3 DN Heartbeats.
2023-07-26 19:46:24,144 [main] INFO  ozone.MiniOzoneClusterImpl (MiniOzoneClusterImpl.java:lambda$waitForClusterToBeReady$0(227)) - Waiting for cluster to exit safe mode
2023-07-26 19:46:24,145 [main] INFO  ozone.MiniOzoneClusterImpl (MiniOzoneClusterImpl.java:lambda$waitForClusterToBeReady$0(229)) - SCM became leader
2023-07-26 19:46:24,170 [BlockDeletingService#1] INFO  interfaces.ContainerDeletionChoosingPolicyTemplate (ContainerDeletionChoosingPolicyTemplate.java:chooseContainerForBlockDeletion(83)) - Chosen 0/5000 blocks from 0 candidate containers.
2023-07-26 19:46:24,175 [BlockDeletingService#0] INFO  interfaces.ContainerDeletionChoosingPolicyTemplate (ContainerDeletionChoosingPolicyTemplate.java:chooseContainerForBlockDeletion(83)) - Chosen 0/5000 blocks from 0 candidate containers.
2023-07-26 19:46:24,211 [EndpointStateMachine task thread for /0.0.0.0:15002 - 0 ] INFO  utils.DatanodeStoreCache (DatanodeStoreCache.java:addDB(66)) - Added db /home/runner/work/ozone/ozone/hadoop-ozone/integration-test/target/test-dir/MiniOzoneClusterImpl-7725ff52-e03b-4cac-b8cb-596b4b29adc0/datanode-2/data-0/containers/hdds/7725ff52-e03b-4cac-b8cb-596b4b29adc0/DS-630d69b1-f6b7-46b5-b69a-9125654fb0ae/container.db to cache
2023-07-26 19:46:24,211 [EndpointStateMachine task thread for /0.0.0.0:15002 - 0 ] INFO  volume.HddsVolume (HddsVolume.java:createDbStore(422)) - SchemaV3 db is created and loaded at /home/runner/work/ozone/ozone/hadoop-ozone/integration-test/target/test-dir/MiniOzoneClusterImpl-7725ff52-e03b-4cac-b8cb-596b4b29adc0/datanode-2/data-0/containers/hdds/7725ff52-e03b-4cac-b8cb-596b4b29adc0/DS-630d69b1-f6b7-46b5-b69a-9125654fb0ae/container.db for volume DS-630d69b1-f6b7-46b5-b69a-9125654fb0ae
2023-07-26 19:46:24,212 [EndpointStateMachine task thread for /0.0.0.0:15002 - 0 ] INFO  volume.ThrottledAsyncChecker (ThrottledAsyncChecker.java:schedule(141)) - Scheduling a check for /home/runner/work/ozone/ozone/hadoop-ozone/integration-test/target/test-dir/MiniOzoneClusterImpl-7725ff52-e03b-4cac-b8cb-596b4b29adc0/datanode-2/data-0/containers/hdds
2023-07-26 19:46:24,229 [EndpointStateMachine task thread for /0.0.0.0:15002 - 0 ] INFO  volume.StorageVolumeChecker (StorageVolumeChecker.java:checkAllVolumes(213)) - Scheduled health check for volume /home/runner/work/ozone/ozone/hadoop-ozone/integration-test/target/test-dir/MiniOzoneClusterImpl-7725ff52-e03b-4cac-b8cb-596b4b29adc0/datanode-2/data-0/containers/hdds
2023-07-26 19:46:24,239 [EndpointStateMachine task thread for /0.0.0.0:15002 - 0 ] INFO  volume.ThrottledAsyncChecker (ThrottledAsyncChecker.java:schedule(141)) - Scheduling a check for /home/runner/work/ozone/ozone/hadoop-ozone/integration-test/target/test-dir/MiniOzoneClusterImpl-7725ff52-e03b-4cac-b8cb-596b4b29adc0/datanode-2/data/ratis
2023-07-26 19:46:24,239 [EndpointStateMachine task thread for /0.0.0.0:15002 - 0 ] INFO  volume.StorageVolumeChecker (StorageVolumeChecker.java:checkAllVolumes(213)) - Scheduled health check for volume /home/runner/work/ozone/ozone/hadoop-ozone/integration-test/target/test-dir/MiniOzoneClusterImpl-7725ff52-e03b-4cac-b8cb-596b4b29adc0/datanode-2/data/ratis
2023-07-26 19:46:24,241 [EndpointStateMachine task thread for /0.0.0.0:15002 - 0 ] INFO  ozoneimpl.OzoneContainer (OzoneContainer.java:start(431)) - Attempting to start container services.
2023-07-26 19:46:24,242 [EndpointStateMachine task thread for /0.0.0.0:15002 - 0 ] INFO  ozoneimpl.OzoneContainer (OzoneContainer.java:startContainerScrub(327)) - Scheduled background container scanners and the on-demand container scanner have been disabled.
2023-07-26 19:46:24,244 [EndpointStateMachine task thread for /0.0.0.0:15002 - 0 ] INFO  replication.ReplicationServer (ReplicationServer.java:start(128)) - ReplicationServer is started using port 15034
2023-07-26 19:46:24,244 [EndpointStateMachine task thread for /0.0.0.0:15002 - 0 ] INFO  ratis.XceiverServerRatis (XceiverServerRatis.java:start(517)) - Starting XceiverServerRatis cc71d3b4-cf6a-416c-96eb-6097e97a8fe1
2023-07-26 19:46:24,246 [EndpointStateMachine task thread for /0.0.0.0:15002 - 0 ] INFO  server.RaftServer (RaftServerProxy.java:startImpl(400)) - cc71d3b4-cf6a-416c-96eb-6097e97a8fe1: start RPC server
2023-07-26 19:46:24,248 [EndpointStateMachine task thread for /0.0.0.0:15002 - 0 ] INFO  server.GrpcService (GrpcService.java:startImpl(302)) - cc71d3b4-cf6a-416c-96eb-6097e97a8fe1: GrpcService started, listening on 15030
2023-07-26 19:46:24,251 [EndpointStateMachine task thread for /0.0.0.0:15002 - 0 ] INFO  server.GrpcService (GrpcService.java:startImpl(302)) - cc71d3b4-cf6a-416c-96eb-6097e97a8fe1: GrpcService started, listening on 15032
2023-07-26 19:46:24,254 [EndpointStateMachine task thread for /0.0.0.0:15002 - 0 ] INFO  server.GrpcService (GrpcService.java:startImpl(302)) - cc71d3b4-cf6a-416c-96eb-6097e97a8fe1: GrpcService started, listening on 15031
2023-07-26 19:46:24,255 [EndpointStateMachine task thread for /0.0.0.0:15002 - 0 ] INFO  ratis.XceiverServerRatis (XceiverServerRatis.java:getRealPort(543)) - XceiverServerRatis cc71d3b4-cf6a-416c-96eb-6097e97a8fe1 is started using port 15030 for RATIS
2023-07-26 19:46:24,255 [EndpointStateMachine task thread for /0.0.0.0:15002 - 0 ] INFO  ratis.XceiverServerRatis (XceiverServerRatis.java:getRealPort(543)) - XceiverServerRatis cc71d3b4-cf6a-416c-96eb-6097e97a8fe1 is started using port 15031 for RATIS_ADMIN
2023-07-26 19:46:24,255 [JvmPauseMonitor4] INFO  util.JvmPauseMonitor (JvmPauseMonitor.java:run(103)) - JvmPauseMonitor-cc71d3b4-cf6a-416c-96eb-6097e97a8fe1: Started
2023-07-26 19:46:24,255 [EndpointStateMachine task thread for /0.0.0.0:15002 - 0 ] INFO  ratis.XceiverServerRatis (XceiverServerRatis.java:getRealPort(543)) - XceiverServerRatis cc71d3b4-cf6a-416c-96eb-6097e97a8fe1 is started using port 15032 for RATIS_SERVER
2023-07-26 19:46:24,256 [EndpointStateMachine task thread for /0.0.0.0:15002 - 0 ] INFO  ratis.XceiverServerRatis (XceiverServerRatis.java:getRealPort(543)) - XceiverServerRatis cc71d3b4-cf6a-416c-96eb-6097e97a8fe1 is started using port 15033 for RATIS_DATASTREAM
2023-07-26 19:46:24,265 [BlockDeletingService#0] INFO  interfaces.ContainerDeletionChoosingPolicyTemplate (ContainerDeletionChoosingPolicyTemplate.java:chooseContainerForBlockDeletion(83)) - Chosen 0/5000 blocks from 0 candidate containers.
2023-07-26 19:46:24,270 [BlockDeletingService#4] INFO  interfaces.ContainerDeletionChoosingPolicyTemplate (ContainerDeletionChoosingPolicyTemplate.java:chooseContainerForBlockDeletion(83)) - Chosen 0/5000 blocks from 0 candidate containers.
2023-07-26 19:46:24,275 [BlockDeletingService#2] INFO  interfaces.ContainerDeletionChoosingPolicyTemplate (ContainerDeletionChoosingPolicyTemplate.java:chooseContainerForBlockDeletion(83)) - Chosen 0/5000 blocks from 0 candidate containers.
2023-07-26 19:46:24,365 [BlockDeletingService#0] INFO  interfaces.ContainerDeletionChoosingPolicyTemplate (ContainerDeletionChoosingPolicyTemplate.java:chooseContainerForBlockDeletion(83)) - Chosen 0/5000 blocks from 0 candidate containers.
2023-07-26 19:46:24,370 [BlockDeletingService#2] INFO  interfaces.ContainerDeletionChoosingPolicyTemplate (ContainerDeletionChoosingPolicyTemplate.java:chooseContainerForBlockDeletion(83)) - Chosen 0/5000 blocks from 0 candidate containers.
2023-07-26 19:46:24,376 [BlockDeletingService#1] INFO  interfaces.ContainerDeletionChoosingPolicyTemplate (ContainerDeletionChoosingPolicyTemplate.java:chooseContainerForBlockDeletion(83)) - Chosen 0/5000 blocks from 0 candidate containers.
2023-07-26 19:46:24,467 [BlockDeletingService#1] INFO  interfaces.ContainerDeletionChoosingPolicyTemplate (ContainerDeletionChoosingPolicyTemplate.java:chooseContainerForBlockDeletion(83)) - Chosen 0/5000 blocks from 0 candidate containers.
2023-07-26 19:46:24,471 [BlockDeletingService#2] INFO  interfaces.ContainerDeletionChoosingPolicyTemplate (ContainerDeletionChoosingPolicyTemplate.java:chooseContainerForBlockDeletion(83)) - Chosen 0/5000 blocks from 0 candidate containers.
2023-07-26 19:46:24,476 [BlockDeletingService#1] INFO  interfaces.ContainerDeletionChoosingPolicyTemplate (ContainerDeletionChoosingPolicyTemplate.java:chooseContainerForBlockDeletion(83)) - Chosen 0/5000 blocks from 0 candidate containers.
2023-07-26 19:46:24,568 [BlockDeletingService#0] INFO  interfaces.ContainerDeletionChoosingPolicyTemplate (ContainerDeletionChoosingPolicyTemplate.java:chooseContainerForBlockDeletion(83)) - Chosen 0/5000 blocks from 0 candidate containers.
2023-07-26 19:46:24,571 [BlockDeletingService#2] INFO  interfaces.ContainerDeletionChoosingPolicyTemplate (ContainerDeletionChoosingPolicyTemplate.java:chooseContainerForBlockDeletion(83)) - Chosen 0/5000 blocks from 0 candidate containers.
2023-07-26 19:46:24,576 [BlockDeletingService#0] INFO  interfaces.ContainerDeletionChoosingPolicyTemplate (ContainerDeletionChoosingPolicyTemplate.java:chooseContainerForBlockDeletion(83)) - Chosen 0/5000 blocks from 0 candidate containers.
2023-07-26 19:46:24,669 [BlockDeletingService#2] INFO  interfaces.ContainerDeletionChoosingPolicyTemplate (ContainerDeletionChoosingPolicyTemplate.java:chooseContainerForBlockDeletion(83)) - Chosen 0/5000 blocks from 0 candidate containers.
2023-07-26 19:46:24,671 [BlockDeletingService#2] INFO  interfaces.ContainerDeletionChoosingPolicyTemplate (ContainerDeletionChoosingPolicyTemplate.java:chooseContainerForBlockDeletion(83)) - Chosen 0/5000 blocks from 0 candidate containers.
2023-07-26 19:46:24,677 [BlockDeletingService#4] INFO  interfaces.ContainerDeletionChoosingPolicyTemplate (ContainerDeletionChoosingPolicyTemplate.java:chooseContainerForBlockDeletion(83)) - Chosen 0/5000 blocks from 0 candidate containers.
2023-07-26 19:46:24,769 [BlockDeletingService#1] INFO  interfaces.ContainerDeletionChoosingPolicyTemplate (ContainerDeletionChoosingPolicyTemplate.java:chooseContainerForBlockDeletion(83)) - Chosen 0/5000 blocks from 0 candidate containers.
2023-07-26 19:46:24,772 [BlockDeletingService#2] INFO  interfaces.ContainerDeletionChoosingPolicyTemplate (ContainerDeletionChoosingPolicyTemplate.java:chooseContainerForBlockDeletion(83)) - Chosen 0/5000 blocks from 0 candidate containers.
2023-07-26 19:46:24,777 [BlockDeletingService#2] INFO  interfaces.ContainerDeletionChoosingPolicyTemplate (ContainerDeletionChoosingPolicyTemplate.java:chooseContainerForBlockDeletion(83)) - Chosen 0/5000 blocks from 0 candidate containers.
2023-07-26 19:46:24,869 [BlockDeletingService#3] INFO  interfaces.ContainerDeletionChoosingPolicyTemplate (ContainerDeletionChoosingPolicyTemplate.java:chooseContainerForBlockDeletion(83)) - Chosen 0/5000 blocks from 0 candidate containers.
2023-07-26 19:46:24,872 [BlockDeletingService#2] INFO  interfaces.ContainerDeletionChoosingPolicyTemplate (ContainerDeletionChoosingPolicyTemplate.java:chooseContainerForBlockDeletion(83)) - Chosen 0/5000 blocks from 0 candidate containers.
2023-07-26 19:46:24,877 [BlockDeletingService#2] INFO  interfaces.ContainerDeletionChoosingPolicyTemplate (ContainerDeletionChoosingPolicyTemplate.java:chooseContainerForBlockDeletion(83)) - Chosen 0/5000 blocks from 0 candidate containers.
2023-07-26 19:46:24,970 [BlockDeletingService#0] INFO  interfaces.ContainerDeletionChoosingPolicyTemplate (ContainerDeletionChoosingPolicyTemplate.java:chooseContainerForBlockDeletion(83)) - Chosen 0/5000 blocks from 0 candidate containers.
2023-07-26 19:46:24,972 [BlockDeletingService#2] INFO  interfaces.ContainerDeletionChoosingPolicyTemplate (ContainerDeletionChoosingPolicyTemplate.java:chooseContainerForBlockDeletion(83)) - Chosen 0/5000 blocks from 0 candidate containers.
2023-07-26 19:46:24,978 [BlockDeletingService#2] INFO  interfaces.ContainerDeletionChoosingPolicyTemplate (ContainerDeletionChoosingPolicyTemplate.java:chooseContainerForBlockDeletion(83)) - Chosen 0/5000 blocks from 0 candidate containers.
2023-07-26 19:46:25,071 [BlockDeletingService#4] INFO  interfaces.ContainerDeletionChoosingPolicyTemplate (ContainerDeletionChoosingPolicyTemplate.java:chooseContainerForBlockDeletion(83)) - Chosen 0/5000 blocks from 0 candidate containers.
2023-07-26 19:46:25,073 [BlockDeletingService#2] INFO  interfaces.ContainerDeletionChoosingPolicyTemplate (ContainerDeletionChoosingPolicyTemplate.java:chooseContainerForBlockDeletion(83)) - Chosen 0/5000 blocks from 0 candidate containers.
2023-07-26 19:46:25,078 [BlockDeletingService#2] INFO  interfaces.ContainerDeletionChoosingPolicyTemplate (ContainerDeletionChoosingPolicyTemplate.java:chooseContainerForBlockDeletion(83)) - Chosen 0/5000 blocks from 0 candidate containers.
2023-07-26 19:46:25,147 [main] INFO  ozone.MiniOzoneClusterImpl (MiniOzoneClusterImpl.java:lambda$waitForClusterToBeReady$0(224)) - Waiting for nodes to be ready. Got 0 of 3 DN Heartbeats.
2023-07-26 19:46:25,147 [main] INFO  ozone.MiniOzoneClusterImpl (MiniOzoneClusterImpl.java:lambda$waitForClusterToBeReady$0(227)) - Waiting for cluster to exit safe mode
2023-07-26 19:46:25,147 [main] INFO  ozone.MiniOzoneClusterImpl (MiniOzoneClusterImpl.java:lambda$waitForClusterToBeReady$0(229)) - SCM became leader
2023-07-26 19:46:25,171 [BlockDeletingService#2] INFO  interfaces.ContainerDeletionChoosingPolicyTemplate (ContainerDeletionChoosingPolicyTemplate.java:chooseContainerForBlockDeletion(83)) - Chosen 0/5000 blocks from 0 candidate containers.
2023-07-26 19:46:25,175 [BlockDeletingService#2] INFO  interfaces.ContainerDeletionChoosingPolicyTemplate (ContainerDeletionChoosingPolicyTemplate.java:chooseContainerForBlockDeletion(83)) - Chosen 0/5000 blocks from 0 candidate containers.
2023-07-26 19:46:25,178 [BlockDeletingService#2] INFO  interfaces.ContainerDeletionChoosingPolicyTemplate (ContainerDeletionChoosingPolicyTemplate.java:chooseContainerForBlockDeletion(83)) - Chosen 0/5000 blocks from 0 candidate containers.
2023-07-26 19:46:25,231 [IPC Server handler 0 on default port 15002] INFO  net.NetworkTopologyImpl (NetworkTopologyImpl.java:add(112)) - Added a new node: /default-rack/4099cb2b-2e2e-4151-9db7-f99ade631412
2023-07-26 19:46:25,235 [IPC Server handler 0 on default port 15002] INFO  node.SCMNodeManager (SCMNodeManager.java:register(405)) - Registered Data node : 4099cb2b-2e2e-4151-9db7-f99ade631412{ip: 10.1.0.48, host: fv-az465-709, ports: [HTTP=15009, CLIENT_RPC=15010, REPLICATION=15016, RATIS=15012, RATIS_ADMIN=15013, RATIS_SERVER=15014, RATIS_DATASTREAM=15015, STANDALONE=15011], networkLocation: /default-rack, certSerialId: null, persistedOpState: null, persistedOpStateExpiryEpochSec: 0}
2023-07-26 19:46:25,239 [EventQueue-NewNodeForNewNodeHandler] INFO  pipeline.BackgroundPipelineCreator (BackgroundPipelineCreator.java:notifyEventTriggered(277)) - trigger a one-shot run on RatisPipelineUtilsThread.
2023-07-26 19:46:25,240 [EventQueue-NodeRegistrationContainerReportForContainerSafeModeRule] INFO  safemode.SCMSafeModeManager (SCMSafeModeManager.java:validateSafeModeExitRules(200)) - ContainerSafeModeRule rule is successfully validated
2023-07-26 19:46:25,254 [RatisPipelineUtilsThread - 0] INFO  pipeline.RatisPipelineProvider (RatisPipelineProvider.java:lambda$create$0(206)) - Sending CreatePipelineCommand for pipeline:PipelineID=b557c180-eda6-4882-baa0-b847bc5cedb0 to datanode:4099cb2b-2e2e-4151-9db7-f99ade631412
2023-07-26 19:46:25,255 [EventQueue-PipelineReportForOneReplicaPipelineSafeModeRule] INFO  safemode.SCMSafeModeManager (SCMSafeModeManager.java:validateSafeModeExitRules(200)) - AtleastOneDatanodeReportedRule rule is successfully validated
2023-07-26 19:46:25,282 [BlockDeletingService#2] INFO  interfaces.ContainerDeletionChoosingPolicyTemplate (ContainerDeletionChoosingPolicyTemplate.java:chooseContainerForBlockDeletion(83)) - Chosen 0/5000 blocks from 0 candidate containers.
2023-07-26 19:46:25,287 [BlockDeletingService#2] INFO  interfaces.ContainerDeletionChoosingPolicyTemplate (ContainerDeletionChoosingPolicyTemplate.java:chooseContainerForBlockDeletion(83)) - Chosen 0/5000 blocks from 0 candidate containers.
2023-07-26 19:46:25,288 [BlockDeletingService#2] INFO  interfaces.ContainerDeletionChoosingPolicyTemplate (ContainerDeletionChoosingPolicyTemplate.java:chooseContainerForBlockDeletion(83)) - Chosen 0/5000 blocks from 0 candidate containers.
2023-07-26 19:46:25,288 [EventQueue-NodeRegistrationContainerReportForDataNodeSafeModeRule] INFO  safemode.SCMSafeModeManager (DataNodeSafeModeRule.java:process(71)) - SCM in safe mode. 1 DataNodes registered, 3 required.
2023-07-26 19:46:25,307 [RatisPipelineUtilsThread - 0] INFO  pipeline.BackgroundPipelineCreator (BackgroundPipelineCreator.java:createPipelines(233)) - Created new pipeline Pipeline[ Id: b557c180-eda6-4882-baa0-b847bc5cedb0, Nodes: 4099cb2b-2e2e-4151-9db7-f99ade631412(fv-az465-709/10.1.0.48), ReplicationConfig: RATIS/ONE, State:ALLOCATED, leaderId:, CreationTimestamp2023-07-26T19:46:25.253Z[Etc/UTC]]
2023-07-26 19:46:25,382 [BlockDeletingService#2] INFO  interfaces.ContainerDeletionChoosingPolicyTemplate (ContainerDeletionChoosingPolicyTemplate.java:chooseContainerForBlockDeletion(83)) - Chosen 0/5000 blocks from 0 candidate containers.
2023-07-26 19:46:25,388 [BlockDeletingService#2] INFO  interfaces.ContainerDeletionChoosingPolicyTemplate (ContainerDeletionChoosingPolicyTemplate.java:chooseContainerForBlockDeletion(83)) - Chosen 0/5000 blocks from 0 candidate containers.
2023-07-26 19:46:25,390 [BlockDeletingService#2] INFO  interfaces.ContainerDeletionChoosingPolicyTemplate (ContainerDeletionChoosingPolicyTemplate.java:chooseContainerForBlockDeletion(83)) - Chosen 0/5000 blocks from 0 candidate containers.
2023-07-26 19:46:25,483 [BlockDeletingService#2] INFO  interfaces.ContainerDeletionChoosingPolicyTemplate (ContainerDeletionChoosingPolicyTemplate.java:chooseContainerForBlockDeletion(83)) - Chosen 0/5000 blocks from 0 candidate containers.
2023-07-26 19:46:25,489 [BlockDeletingService#2] INFO  interfaces.ContainerDeletionChoosingPolicyTemplate (ContainerDeletionChoosingPolicyTemplate.java:chooseContainerForBlockDeletion(83)) - Chosen 0/5000 blocks from 0 candidate containers.
2023-07-26 19:46:25,490 [BlockDeletingService#2] INFO  interfaces.ContainerDeletionChoosingPolicyTemplate (ContainerDeletionChoosingPolicyTemplate.java:chooseContainerForBlockDeletion(83)) - Chosen 0/5000 blocks from 0 candidate containers.
2023-07-26 19:46:25,583 [BlockDeletingService#2] INFO  interfaces.ContainerDeletionChoosingPolicyTemplate (ContainerDeletionChoosingPolicyTemplate.java:chooseContainerForBlockDeletion(83)) - Chosen 0/5000 blocks from 0 candidate containers.
2023-07-26 19:46:25,589 [BlockDeletingService#2] INFO  interfaces.ContainerDeletionChoosingPolicyTemplate (ContainerDeletionChoosingPolicyTemplate.java:chooseContainerForBlockDeletion(83)) - Chosen 0/5000 blocks from 0 candidate containers.
2023-07-26 19:46:25,590 [BlockDeletingService#2] INFO  interfaces.ContainerDeletionChoosingPolicyTemplate (ContainerDeletionChoosingPolicyTemplate.java:chooseContainerForBlockDeletion(83)) - Chosen 0/5000 blocks from 0 candidate containers.
2023-07-26 19:46:25,684 [BlockDeletingService#2] INFO  interfaces.ContainerDeletionChoosingPolicyTemplate (ContainerDeletionChoosingPolicyTemplate.java:chooseContainerForBlockDeletion(83)) - Chosen 0/5000 blocks from 0 candidate containers.
2023-07-26 19:46:25,689 [BlockDeletingService#2] INFO  interfaces.ContainerDeletionChoosingPolicyTemplate (ContainerDeletionChoosingPolicyTemplate.java:chooseContainerForBlockDeletion(83)) - Chosen 0/5000 blocks from 0 candidate containers.
2023-07-26 19:46:25,690 [BlockDeletingService#2] INFO  interfaces.ContainerDeletionChoosingPolicyTemplate (ContainerDeletionChoosingPolicyTemplate.java:chooseContainerForBlockDeletion(83)) - Chosen 0/5000 blocks from 0 candidate containers.
2023-07-26 19:46:25,739 [IPC Server handler 4 on default port 15002] INFO  net.NetworkTopologyImpl (NetworkTopologyImpl.java:add(112)) - Added a new node: /default-rack/c33e49d7-aab4-4e8b-84a2-e80ab64b386a
2023-07-26 19:46:25,739 [IPC Server handler 4 on default port 15002] INFO  node.SCMNodeManager (SCMNodeManager.java:register(405)) - Registered Data node : c33e49d7-aab4-4e8b-84a2-e80ab64b386a{ip: 10.1.0.48, host: fv-az465-709, ports: [HTTP=15018, CLIENT_RPC=15019, REPLICATION=15025, RATIS=15021, RATIS_ADMIN=15022, RATIS_SERVER=15023, RATIS_DATASTREAM=15024, STANDALONE=15020], networkLocation: /default-rack, certSerialId: null, persistedOpState: null, persistedOpStateExpiryEpochSec: 0}
2023-07-26 19:46:25,741 [EventQueue-NewNodeForNewNodeHandler] INFO  pipeline.BackgroundPipelineCreator (BackgroundPipelineCreator.java:notifyEventTriggered(277)) - trigger a one-shot run on RatisPipelineUtilsThread.
2023-07-26 19:46:25,741 [EventQueue-NodeRegistrationContainerReportForDataNodeSafeModeRule] INFO  safemode.SCMSafeModeManager (DataNodeSafeModeRule.java:process(71)) - SCM in safe mode. 2 DataNodes registered, 3 required.
2023-07-26 19:46:25,742 [RatisPipelineUtilsThread - 0] INFO  pipeline.RatisPipelineProvider (RatisPipelineProvider.java:lambda$create$0(206)) - Sending CreatePipelineCommand for pipeline:PipelineID=3b99aef4-8783-4028-93c4-c4db3be7cd35 to datanode:c33e49d7-aab4-4e8b-84a2-e80ab64b386a
2023-07-26 19:46:25,743 [RatisPipelineUtilsThread - 0] INFO  pipeline.BackgroundPipelineCreator (BackgroundPipelineCreator.java:createPipelines(233)) - Created new pipeline Pipeline[ Id: 3b99aef4-8783-4028-93c4-c4db3be7cd35, Nodes: c33e49d7-aab4-4e8b-84a2-e80ab64b386a(fv-az465-709/10.1.0.48), ReplicationConfig: RATIS/ONE, State:ALLOCATED, leaderId:, CreationTimestamp2023-07-26T19:46:25.742Z[Etc/UTC]]
2023-07-26 19:46:25,784 [BlockDeletingService#2] INFO  interfaces.ContainerDeletionChoosingPolicyTemplate (ContainerDeletionChoosingPolicyTemplate.java:chooseContainerForBlockDeletion(83)) - Chosen 0/5000 blocks from 0 candidate containers.
2023-07-26 19:46:25,790 [BlockDeletingService#2] INFO  interfaces.ContainerDeletionChoosingPolicyTemplate (ContainerDeletionChoosingPolicyTemplate.java:chooseContainerForBlockDeletion(83)) - Chosen 0/5000 blocks from 0 candidate containers.
2023-07-26 19:46:25,791 [BlockDeletingService#2] INFO  interfaces.ContainerDeletionChoosingPolicyTemplate (ContainerDeletionChoosingPolicyTemplate.java:chooseContainerForBlockDeletion(83)) - Chosen 0/5000 blocks from 0 candidate containers.
2023-07-26 19:46:25,885 [BlockDeletingService#2] INFO  interfaces.ContainerDeletionChoosingPolicyTemplate (ContainerDeletionChoosingPolicyTemplate.java:chooseContainerForBlockDeletion(83)) - Chosen 0/5000 blocks from 0 candidate containers.
2023-07-26 19:46:25,890 [BlockDeletingService#2] INFO  interfaces.ContainerDeletionChoosingPolicyTemplate (ContainerDeletionChoosingPolicyTemplate.java:chooseContainerForBlockDeletion(83)) - Chosen 0/5000 blocks from 0 candidate containers.
2023-07-26 19:46:25,891 [BlockDeletingService#2] INFO  interfaces.ContainerDeletionChoosingPolicyTemplate (ContainerDeletionChoosingPolicyTemplate.java:chooseContainerForBlockDeletion(83)) - Chosen 0/5000 blocks from 0 candidate containers.
2023-07-26 19:46:25,985 [BlockDeletingService#2] INFO  interfaces.ContainerDeletionChoosingPolicyTemplate (ContainerDeletionChoosingPolicyTemplate.java:chooseContainerForBlockDeletion(83)) - Chosen 0/5000 blocks from 0 candidate containers.
2023-07-26 19:46:25,991 [BlockDeletingService#2] INFO  interfaces.ContainerDeletionChoosingPolicyTemplate (ContainerDeletionChoosingPolicyTemplate.java:chooseContainerForBlockDeletion(83)) - Chosen 0/5000 blocks from 0 candidate containers.
2023-07-26 19:46:25,991 [BlockDeletingService#2] INFO  interfaces.ContainerDeletionChoosingPolicyTemplate (ContainerDeletionChoosingPolicyTemplate.java:chooseContainerForBlockDeletion(83)) - Chosen 0/5000 blocks from 0 candidate containers.
2023-07-26 19:46:26,086 [BlockDeletingService#2] INFO  interfaces.ContainerDeletionChoosingPolicyTemplate (ContainerDeletionChoosingPolicyTemplate.java:chooseContainerForBlockDeletion(83)) - Chosen 0/5000 blocks from 0 candidate containers.
2023-07-26 19:46:26,091 [BlockDeletingService#2] INFO  interfaces.ContainerDeletionChoosingPolicyTemplate (ContainerDeletionChoosingPolicyTemplate.java:chooseContainerForBlockDeletion(83)) - Chosen 0/5000 blocks from 0 candidate containers.
2023-07-26 19:46:26,092 [BlockDeletingService#2] INFO  interfaces.ContainerDeletionChoosingPolicyTemplate (ContainerDeletionChoosingPolicyTemplate.java:chooseContainerForBlockDeletion(83)) - Chosen 0/5000 blocks from 0 candidate containers.
2023-07-26 19:46:26,148 [main] INFO  ozone.MiniOzoneClusterImpl (MiniOzoneClusterImpl.java:lambda$waitForClusterToBeReady$0(224)) - Waiting for nodes to be ready. Got 2 of 3 DN Heartbeats.
2023-07-26 19:46:26,148 [main] INFO  ozone.MiniOzoneClusterImpl (MiniOzoneClusterImpl.java:lambda$waitForClusterToBeReady$0(227)) - Waiting for cluster to exit safe mode
2023-07-26 19:46:26,149 [main] INFO  ozone.MiniOzoneClusterImpl (MiniOzoneClusterImpl.java:lambda$waitForClusterToBeReady$0(229)) - SCM became leader
2023-07-26 19:46:26,158 [IPC Server handler 16 on default port 15002] INFO  net.NetworkTopologyImpl (NetworkTopologyImpl.java:add(112)) - Added a new node: /default-rack/cc71d3b4-cf6a-416c-96eb-6097e97a8fe1
2023-07-26 19:46:26,158 [IPC Server handler 16 on default port 15002] INFO  node.SCMNodeManager (SCMNodeManager.java:register(405)) - Registered Data node : cc71d3b4-cf6a-416c-96eb-6097e97a8fe1{ip: 10.1.0.48, host: fv-az465-709, ports: [HTTP=15027, CLIENT_RPC=15028, REPLICATION=15034, RATIS=15030, RATIS_ADMIN=15031, RATIS_SERVER=15032, RATIS_DATASTREAM=15033, STANDALONE=15029], networkLocation: /default-rack, certSerialId: null, persistedOpState: null, persistedOpStateExpiryEpochSec: 0}
2023-07-26 19:46:26,158 [EventQueue-NewNodeForNewNodeHandler] INFO  pipeline.BackgroundPipelineCreator (BackgroundPipelineCreator.java:notifyEventTriggered(277)) - trigger a one-shot run on RatisPipelineUtilsThread.
2023-07-26 19:46:26,159 [EventQueue-NodeRegistrationContainerReportForDataNodeSafeModeRule] INFO  safemode.SCMSafeModeManager (DataNodeSafeModeRule.java:process(71)) - SCM in safe mode. 3 DataNodes registered, 3 required.
2023-07-26 19:46:26,159 [EventQueue-NodeRegistrationContainerReportForDataNodeSafeModeRule] INFO  safemode.SCMSafeModeManager (SCMSafeModeManager.java:validateSafeModeExitRules(200)) - DataNodeSafeModeRule rule is successfully validated
2023-07-26 19:46:26,159 [EventQueue-NodeRegistrationContainerReportForDataNodeSafeModeRule] INFO  safemode.SCMSafeModeManager (SCMSafeModeManager.java:completePreCheck(229)) - All SCM safe mode pre check rules have passed
2023-07-26 19:46:26,159 [EventQueue-NodeRegistrationContainerReportForDataNodeSafeModeRule] INFO  ha.SCMContext (SCMContext.java:updateSafeModeStatus(228)) - Update SafeModeStatus from SafeModeStatus{safeModeStatus=true, preCheckPassed=false} to SafeModeStatus{safeModeStatus=true, preCheckPassed=true}.
2023-07-26 19:46:26,159 [EventQueue-NodeRegistrationContainerReportForDataNodeSafeModeRule] INFO  pipeline.BackgroundPipelineCreator (BackgroundPipelineCreator.java:notifyEventTriggered(277)) - trigger a one-shot run on RatisPipelineUtilsThread.
2023-07-26 19:46:26,159 [RatisPipelineUtilsThread - 0] INFO  pipeline.RatisPipelineProvider (RatisPipelineProvider.java:lambda$create$0(206)) - Sending CreatePipelineCommand for pipeline:PipelineID=2346a8cb-c052-4fb7-a2b3-97e4824fb173 to datanode:cc71d3b4-cf6a-416c-96eb-6097e97a8fe1
2023-07-26 19:46:26,161 [RatisPipelineUtilsThread - 0] INFO  pipeline.BackgroundPipelineCreator (BackgroundPipelineCreator.java:createPipelines(233)) - Created new pipeline Pipeline[ Id: 2346a8cb-c052-4fb7-a2b3-97e4824fb173, Nodes: cc71d3b4-cf6a-416c-96eb-6097e97a8fe1(fv-az465-709/10.1.0.48), ReplicationConfig: RATIS/ONE, State:ALLOCATED, leaderId:, CreationTimestamp2023-07-26T19:46:26.159Z[Etc/UTC]]
2023-07-26 19:46:26,166 [RatisPipelineUtilsThread - 0] INFO  pipeline.RatisPipelineProvider (RatisPipelineProvider.java:lambda$create$0(206)) - Sending CreatePipelineCommand for pipeline:PipelineID=5bbdc32e-28b0-403e-8d78-1c7129a268b6 to datanode:c33e49d7-aab4-4e8b-84a2-e80ab64b386a
2023-07-26 19:46:26,166 [RatisPipelineUtilsThread - 0] INFO  pipeline.RatisPipelineProvider (RatisPipelineProvider.java:lambda$create$0(206)) - Sending CreatePipelineCommand for pipeline:PipelineID=5bbdc32e-28b0-403e-8d78-1c7129a268b6 to datanode:4099cb2b-2e2e-4151-9db7-f99ade631412
2023-07-26 19:46:26,166 [RatisPipelineUtilsThread - 0] INFO  pipeline.RatisPipelineProvider (RatisPipelineProvider.java:lambda$create$0(206)) - Sending CreatePipelineCommand for pipeline:PipelineID=5bbdc32e-28b0-403e-8d78-1c7129a268b6 to datanode:cc71d3b4-cf6a-416c-96eb-6097e97a8fe1
2023-07-26 19:46:26,168 [RatisPipelineUtilsThread - 0] INFO  pipeline.BackgroundPipelineCreator (BackgroundPipelineCreator.java:createPipelines(233)) - Created new pipeline Pipeline[ Id: 5bbdc32e-28b0-403e-8d78-1c7129a268b6, Nodes: c33e49d7-aab4-4e8b-84a2-e80ab64b386a(fv-az465-709/10.1.0.48)4099cb2b-2e2e-4151-9db7-f99ade631412(fv-az465-709/10.1.0.48)cc71d3b4-cf6a-416c-96eb-6097e97a8fe1(fv-az465-709/10.1.0.48), ReplicationConfig: RATIS/THREE, State:ALLOCATED, leaderId:, CreationTimestamp2023-07-26T19:46:26.166Z[Etc/UTC]]
2023-07-26 19:46:26,169 [RatisPipelineUtilsThread - 0] WARN  pipeline.PipelinePlacementPolicy (PipelinePlacementPolicy.java:filterViableNodes(166)) - Pipeline creation failed due to no sufficient healthy datanodes. Required 3. Found 0. Excluded 3.
2023-07-26 19:46:26,186 [BlockDeletingService#2] INFO  interfaces.ContainerDeletionChoosingPolicyTemplate (ContainerDeletionChoosingPolicyTemplate.java:chooseContainerForBlockDeletion(83)) - Chosen 0/5000 blocks from 0 candidate containers.
2023-07-26 19:46:26,192 [BlockDeletingService#2] INFO  interfaces.ContainerDeletionChoosingPolicyTemplate (ContainerDeletionChoosingPolicyTemplate.java:chooseContainerForBlockDeletion(83)) - Chosen 0/5000 blocks from 0 candidate containers.
2023-07-26 19:46:26,192 [BlockDeletingService#2] INFO  interfaces.ContainerDeletionChoosingPolicyTemplate (ContainerDeletionChoosingPolicyTemplate.java:chooseContainerForBlockDeletion(83)) - Chosen 0/5000 blocks from 0 candidate containers.
2023-07-26 19:46:26,288 [BlockDeletingService#2] INFO  interfaces.ContainerDeletionChoosingPolicyTemplate (ContainerDeletionChoosingPolicyTemplate.java:chooseContainerForBlockDeletion(83)) - Chosen 0/5000 blocks from 0 candidate containers.
2023-07-26 19:46:26,292 [BlockDeletingService#2] INFO  interfaces.ContainerDeletionChoosingPolicyTemplate (ContainerDeletionChoosingPolicyTemplate.java:chooseContainerForBlockDeletion(83)) - Chosen 0/5000 blocks from 0 candidate containers.
2023-07-26 19:46:26,292 [BlockDeletingService#2] INFO  interfaces.ContainerDeletionChoosingPolicyTemplate (ContainerDeletionChoosingPolicyTemplate.java:chooseContainerForBlockDeletion(83)) - Chosen 0/5000 blocks from 0 candidate containers.
2023-07-26 19:46:26,388 [BlockDeletingService#2] INFO  interfaces.ContainerDeletionChoosingPolicyTemplate (ContainerDeletionChoosingPolicyTemplate.java:chooseContainerForBlockDeletion(83)) - Chosen 0/5000 blocks from 0 candidate containers.
2023-07-26 19:46:26,393 [BlockDeletingService#2] INFO  interfaces.ContainerDeletionChoosingPolicyTemplate (ContainerDeletionChoosingPolicyTemplate.java:chooseContainerForBlockDeletion(83)) - Chosen 0/5000 blocks from 0 candidate containers.
2023-07-26 19:46:26,393 [BlockDeletingService#2] INFO  interfaces.ContainerDeletionChoosingPolicyTemplate (ContainerDeletionChoosingPolicyTemplate.java:chooseContainerForBlockDeletion(83)) - Chosen 0/5000 blocks from 0 candidate containers.
2023-07-26 19:46:26,489 [BlockDeletingService#2] INFO  interfaces.ContainerDeletionChoosingPolicyTemplate (ContainerDeletionChoosingPolicyTemplate.java:chooseContainerForBlockDeletion(83)) - Chosen 0/5000 blocks from 0 candidate containers.
2023-07-26 19:46:26,493 [BlockDeletingService#2] INFO  interfaces.ContainerDeletionChoosingPolicyTemplate (ContainerDeletionChoosingPolicyTemplate.java:chooseContainerForBlockDeletion(83)) - Chosen 0/5000 blocks from 0 candidate containers.
2023-07-26 19:46:26,493 [BlockDeletingService#2] INFO  interfaces.ContainerDeletionChoosingPolicyTemplate (ContainerDeletionChoosingPolicyTemplate.java:chooseContainerForBlockDeletion(83)) - Chosen 0/5000 blocks from 0 candidate containers.
2023-07-26 19:46:26,589 [BlockDeletingService#2] INFO  interfaces.ContainerDeletionChoosingPolicyTemplate (ContainerDeletionChoosingPolicyTemplate.java:chooseContainerForBlockDeletion(83)) - Chosen 0/5000 blocks from 0 candidate containers.
2023-07-26 19:46:26,593 [BlockDeletingService#2] INFO  interfaces.ContainerDeletionChoosingPolicyTemplate (ContainerDeletionChoosingPolicyTemplate.java:chooseContainerForBlockDeletion(83)) - Chosen 0/5000 blocks from 0 candidate containers.
2023-07-26 19:46:26,593 [BlockDeletingService#2] INFO  interfaces.ContainerDeletionChoosingPolicyTemplate (ContainerDeletionChoosingPolicyTemplate.java:chooseContainerForBlockDeletion(83)) - Chosen 0/5000 blocks from 0 candidate containers.
2023-07-26 19:46:26,690 [BlockDeletingService#2] INFO  interfaces.ContainerDeletionChoosingPolicyTemplate (ContainerDeletionChoosingPolicyTemplate.java:chooseContainerForBlockDeletion(83)) - Chosen 0/5000 blocks from 0 candidate containers.
2023-07-26 19:46:26,694 [BlockDeletingService#2] INFO  interfaces.ContainerDeletionChoosingPolicyTemplate (ContainerDeletionChoosingPolicyTemplate.java:chooseContainerForBlockDeletion(83)) - Chosen 0/5000 blocks from 0 candidate containers.
2023-07-26 19:46:26,694 [BlockDeletingService#2] INFO  interfaces.ContainerDeletionChoosingPolicyTemplate (ContainerDeletionChoosingPolicyTemplate.java:chooseContainerForBlockDeletion(83)) - Chosen 0/5000 blocks from 0 candidate containers.
2023-07-26 19:46:26,791 [BlockDeletingService#2] INFO  interfaces.ContainerDeletionChoosingPolicyTemplate (ContainerDeletionChoosingPolicyTemplate.java:chooseContainerForBlockDeletion(83)) - Chosen 0/5000 blocks from 0 candidate containers.
2023-07-26 19:46:26,794 [BlockDeletingService#2] INFO  interfaces.ContainerDeletionChoosingPolicyTemplate (ContainerDeletionChoosingPolicyTemplate.java:chooseContainerForBlockDeletion(83)) - Chosen 0/5000 blocks from 0 candidate containers.
2023-07-26 19:46:26,794 [BlockDeletingService#2] INFO  interfaces.ContainerDeletionChoosingPolicyTemplate (ContainerDeletionChoosingPolicyTemplate.java:chooseContainerForBlockDeletion(83)) - Chosen 0/5000 blocks from 0 candidate containers.
2023-07-26 19:46:26,892 [BlockDeletingService#2] INFO  interfaces.ContainerDeletionChoosingPolicyTemplate (ContainerDeletionChoosingPolicyTemplate.java:chooseContainerForBlockDeletion(83)) - Chosen 0/5000 blocks from 0 candidate containers.
2023-07-26 19:46:26,894 [BlockDeletingService#2] INFO  interfaces.ContainerDeletionChoosingPolicyTemplate (ContainerDeletionChoosingPolicyTemplate.java:chooseContainerForBlockDeletion(83)) - Chosen 0/5000 blocks from 0 candidate containers.
2023-07-26 19:46:26,894 [BlockDeletingService#8] INFO  interfaces.ContainerDeletionChoosingPolicyTemplate (ContainerDeletionChoosingPolicyTemplate.java:chooseContainerForBlockDeletion(83)) - Chosen 0/5000 blocks from 0 candidate containers.
2023-07-26 19:46:26,994 [BlockDeletingService#1] INFO  interfaces.ContainerDeletionChoosingPolicyTemplate (ContainerDeletionChoosingPolicyTemplate.java:chooseContainerForBlockDeletion(83)) - Chosen 0/5000 blocks from 0 candidate containers.
2023-07-26 19:46:26,994 [BlockDeletingService#2] INFO  interfaces.ContainerDeletionChoosingPolicyTemplate (ContainerDeletionChoosingPolicyTemplate.java:chooseContainerForBlockDeletion(83)) - Chosen 0/5000 blocks from 0 candidate containers.
2023-07-26 19:46:26,994 [BlockDeletingService#8] INFO  interfaces.ContainerDeletionChoosingPolicyTemplate (ContainerDeletionChoosingPolicyTemplate.java:chooseContainerForBlockDeletion(83)) - Chosen 0/5000 blocks from 0 candidate containers.
2023-07-26 19:46:27,094 [BlockDeletingService#1] INFO  interfaces.ContainerDeletionChoosingPolicyTemplate (ContainerDeletionChoosingPolicyTemplate.java:chooseContainerForBlockDeletion(83)) - Chosen 0/5000 blocks from 0 candidate containers.
2023-07-26 19:46:27,095 [BlockDeletingService#2] INFO  interfaces.ContainerDeletionChoosingPolicyTemplate (ContainerDeletionChoosingPolicyTemplate.java:chooseContainerForBlockDeletion(83)) - Chosen 0/5000 blocks from 0 candidate containers.
2023-07-26 19:46:27,095 [BlockDeletingService#8] INFO  interfaces.ContainerDeletionChoosingPolicyTemplate (ContainerDeletionChoosingPolicyTemplate.java:chooseContainerForBlockDeletion(83)) - Chosen 0/5000 blocks from 0 candidate containers.
2023-07-26 19:46:27,149 [main] INFO  ozone.MiniOzoneClusterImpl (MiniOzoneClusterImpl.java:lambda$waitForClusterToBeReady$0(224)) - Nodes are ready. Got 3 of 3 DN Heartbeats.
2023-07-26 19:46:27,149 [main] INFO  ozone.MiniOzoneClusterImpl (MiniOzoneClusterImpl.java:lambda$waitForClusterToBeReady$0(227)) - Waiting for cluster to exit safe mode
2023-07-26 19:46:27,149 [main] INFO  ozone.MiniOzoneClusterImpl (MiniOzoneClusterImpl.java:lambda$waitForClusterToBeReady$0(229)) - SCM became leader
2023-07-26 19:46:27,195 [BlockDeletingService#1] INFO  interfaces.ContainerDeletionChoosingPolicyTemplate (ContainerDeletionChoosingPolicyTemplate.java:chooseContainerForBlockDeletion(83)) - Chosen 0/5000 blocks from 0 candidate containers.
2023-07-26 19:46:27,195 [BlockDeletingService#2] INFO  interfaces.ContainerDeletionChoosingPolicyTemplate (ContainerDeletionChoosingPolicyTemplate.java:chooseContainerForBlockDeletion(83)) - Chosen 0/5000 blocks from 0 candidate containers.
2023-07-26 19:46:27,195 [BlockDeletingService#8] INFO  interfaces.ContainerDeletionChoosingPolicyTemplate (ContainerDeletionChoosingPolicyTemplate.java:chooseContainerForBlockDeletion(83)) - Chosen 0/5000 blocks from 0 candidate containers.
2023-07-26 19:46:27,295 [BlockDeletingService#1] INFO  interfaces.ContainerDeletionChoosingPolicyTemplate (ContainerDeletionChoosingPolicyTemplate.java:chooseContainerForBlockDeletion(83)) - Chosen 0/5000 blocks from 0 candidate containers.
2023-07-26 19:46:27,295 [BlockDeletingService#2] INFO  interfaces.ContainerDeletionChoosingPolicyTemplate (ContainerDeletionChoosingPolicyTemplate.java:chooseContainerForBlockDeletion(83)) - Chosen 0/5000 blocks from 0 candidate containers.
2023-07-26 19:46:27,296 [BlockDeletingService#8] INFO  interfaces.ContainerDeletionChoosingPolicyTemplate (ContainerDeletionChoosingPolicyTemplate.java:chooseContainerForBlockDeletion(83)) - Chosen 0/5000 blocks from 0 candidate containers.
2023-07-26 19:46:27,395 [BlockDeletingService#1] INFO  interfaces.ContainerDeletionChoosingPolicyTemplate (ContainerDeletionChoosingPolicyTemplate.java:chooseContainerForBlockDeletion(83)) - Chosen 0/5000 blocks from 0 candidate containers.
2023-07-26 19:46:27,396 [BlockDeletingService#2] INFO  interfaces.ContainerDeletionChoosingPolicyTemplate (ContainerDeletionChoosingPolicyTemplate.java:chooseContainerForBlockDeletion(83)) - Chosen 0/5000 blocks from 0 candidate containers.
2023-07-26 19:46:27,396 [BlockDeletingService#8] INFO  interfaces.ContainerDeletionChoosingPolicyTemplate (ContainerDeletionChoosingPolicyTemplate.java:chooseContainerForBlockDeletion(83)) - Chosen 0/5000 blocks from 0 candidate containers.
2023-07-26 19:46:27,496 [BlockDeletingService#1] INFO  interfaces.ContainerDeletionChoosingPolicyTemplate (ContainerDeletionChoosingPolicyTemplate.java:chooseContainerForBlockDeletion(83)) - Chosen 0/5000 blocks from 0 candidate containers.
2023-07-26 19:46:27,496 [BlockDeletingService#2] INFO  interfaces.ContainerDeletionChoosingPolicyTemplate (ContainerDeletionChoosingPolicyTemplate.java:chooseContainerForBlockDeletion(83)) - Chosen 0/5000 blocks from 0 candidate containers.
2023-07-26 19:46:27,496 [BlockDeletingService#8] INFO  interfaces.ContainerDeletionChoosingPolicyTemplate (ContainerDeletionChoosingPolicyTemplate.java:chooseContainerForBlockDeletion(83)) - Chosen 0/5000 blocks from 0 candidate containers.
2023-07-26 19:46:27,596 [BlockDeletingService#1] INFO  interfaces.ContainerDeletionChoosingPolicyTemplate (ContainerDeletionChoosingPolicyTemplate.java:chooseContainerForBlockDeletion(83)) - Chosen 0/5000 blocks from 0 candidate containers.
2023-07-26 19:46:27,596 [BlockDeletingService#2] INFO  interfaces.ContainerDeletionChoosingPolicyTemplate (ContainerDeletionChoosingPolicyTemplate.java:chooseContainerForBlockDeletion(83)) - Chosen 0/5000 blocks from 0 candidate containers.
2023-07-26 19:46:27,597 [BlockDeletingService#8] INFO  interfaces.ContainerDeletionChoosingPolicyTemplate (ContainerDeletionChoosingPolicyTemplate.java:chooseContainerForBlockDeletion(83)) - Chosen 0/5000 blocks from 0 candidate containers.
2023-07-26 19:46:27,697 [BlockDeletingService#1] INFO  interfaces.ContainerDeletionChoosingPolicyTemplate (ContainerDeletionChoosingPolicyTemplate.java:chooseContainerForBlockDeletion(83)) - Chosen 0/5000 blocks from 0 candidate containers.
2023-07-26 19:46:27,697 [BlockDeletingService#2] INFO  interfaces.ContainerDeletionChoosingPolicyTemplate (ContainerDeletionChoosingPolicyTemplate.java:chooseContainerForBlockDeletion(83)) - Chosen 0/5000 blocks from 0 candidate containers.
2023-07-26 19:46:27,698 [BlockDeletingService#8] INFO  interfaces.ContainerDeletionChoosingPolicyTemplate (ContainerDeletionChoosingPolicyTemplate.java:chooseContainerForBlockDeletion(83)) - Chosen 0/5000 blocks from 0 candidate containers.
2023-07-26 19:46:27,797 [BlockDeletingService#1] INFO  interfaces.ContainerDeletionChoosingPolicyTemplate (ContainerDeletionChoosingPolicyTemplate.java:chooseContainerForBlockDeletion(83)) - Chosen 0/5000 blocks from 0 candidate containers.
2023-07-26 19:46:27,798 [BlockDeletingService#8] INFO  interfaces.ContainerDeletionChoosingPolicyTemplate (ContainerDeletionChoosingPolicyTemplate.java:chooseContainerForBlockDeletion(83)) - Chosen 0/5000 blocks from 0 candidate containers.
2023-07-26 19:46:27,797 [BlockDeletingService#2] INFO  interfaces.ContainerDeletionChoosingPolicyTemplate (ContainerDeletionChoosingPolicyTemplate.java:chooseContainerForBlockDeletion(83)) - Chosen 0/5000 blocks from 0 candidate containers.
2023-07-26 19:46:27,898 [BlockDeletingService#1] INFO  interfaces.ContainerDeletionChoosingPolicyTemplate (ContainerDeletionChoosingPolicyTemplate.java:chooseContainerForBlockDeletion(83)) - Chosen 0/5000 blocks from 0 candidate containers.
2023-07-26 19:46:27,898 [BlockDeletingService#8] INFO  interfaces.ContainerDeletionChoosingPolicyTemplate (ContainerDeletionChoosingPolicyTemplate.java:chooseContainerForBlockDeletion(83)) - Chosen 0/5000 blocks from 0 candidate containers.
2023-07-26 19:46:27,898 [BlockDeletingService#2] INFO  interfaces.ContainerDeletionChoosingPolicyTemplate (ContainerDeletionChoosingPolicyTemplate.java:chooseContainerForBlockDeletion(83)) - Chosen 0/5000 blocks from 0 candidate containers.
2023-07-26 19:46:27,998 [BlockDeletingService#1] INFO  interfaces.ContainerDeletionChoosingPolicyTemplate (ContainerDeletionChoosingPolicyTemplate.java:chooseContainerForBlockDeletion(83)) - Chosen 0/5000 blocks from 0 candidate containers.
2023-07-26 19:46:27,999 [BlockDeletingService#2] INFO  interfaces.ContainerDeletionChoosingPolicyTemplate (ContainerDeletionChoosingPolicyTemplate.java:chooseContainerForBlockDeletion(83)) - Chosen 0/5000 blocks from 0 candidate containers.
2023-07-26 19:46:28,000 [BlockDeletingService#8] INFO  interfaces.ContainerDeletionChoosingPolicyTemplate (ContainerDeletionChoosingPolicyTemplate.java:chooseContainerForBlockDeletion(83)) - Chosen 0/5000 blocks from 0 candidate containers.
2023-07-26 19:46:28,100 [BlockDeletingService#2] INFO  interfaces.ContainerDeletionChoosingPolicyTemplate (ContainerDeletionChoosingPolicyTemplate.java:chooseContainerForBlockDeletion(83)) - Chosen 0/5000 blocks from 0 candidate containers.
2023-07-26 19:46:28,100 [BlockDeletingService#1] INFO  interfaces.ContainerDeletionChoosingPolicyTemplate (ContainerDeletionChoosingPolicyTemplate.java:chooseContainerForBlockDeletion(83)) - Chosen 0/5000 blocks from 0 candidate containers.
2023-07-26 19:46:28,101 [BlockDeletingService#8] INFO  interfaces.ContainerDeletionChoosingPolicyTemplate (ContainerDeletionChoosingPolicyTemplate.java:chooseContainerForBlockDeletion(83)) - Chosen 0/5000 blocks from 0 candidate containers.
2023-07-26 19:46:28,149 [main] INFO  ozone.MiniOzoneClusterImpl (MiniOzoneClusterImpl.java:lambda$waitForClusterToBeReady$0(224)) - Nodes are ready. Got 3 of 3 DN Heartbeats.
2023-07-26 19:46:28,150 [main] INFO  ozone.MiniOzoneClusterImpl (MiniOzoneClusterImpl.java:lambda$waitForClusterToBeReady$0(227)) - Waiting for cluster to exit safe mode
2023-07-26 19:46:28,150 [main] INFO  ozone.MiniOzoneClusterImpl (MiniOzoneClusterImpl.java:lambda$waitForClusterToBeReady$0(229)) - SCM became leader
2023-07-26 19:46:28,200 [BlockDeletingService#2] INFO  interfaces.ContainerDeletionChoosingPolicyTemplate (ContainerDeletionChoosingPolicyTemplate.java:chooseContainerForBlockDeletion(83)) - Chosen 0/5000 blocks from 0 candidate containers.
2023-07-26 19:46:28,201 [BlockDeletingService#1] INFO  interfaces.ContainerDeletionChoosingPolicyTemplate (ContainerDeletionChoosingPolicyTemplate.java:chooseContainerForBlockDeletion(83)) - Chosen 0/5000 blocks from 0 candidate containers.
2023-07-26 19:46:28,201 [BlockDeletingService#8] INFO  interfaces.ContainerDeletionChoosingPolicyTemplate (ContainerDeletionChoosingPolicyTemplate.java:chooseContainerForBlockDeletion(83)) - Chosen 0/5000 blocks from 0 candidate containers.
2023-07-26 19:46:28,247 [PipelineCommandHandlerThread-0] INFO  server.RaftServer (RaftServerProxy.java:addNew(98)) - 4099cb2b-2e2e-4151-9db7-f99ade631412: addNew group-B847BC5CEDB0:[4099cb2b-2e2e-4151-9db7-f99ade631412|rpc:10.1.0.48:15014|admin:10.1.0.48:15013|client:10.1.0.48:15012|dataStream:10.1.0.48:15015|priority:1|startupRole:FOLLOWER] returns group-B847BC5CEDB0:java.util.concurrent.CompletableFuture@63a44cc1[Not completed]
2023-07-26 19:46:28,274 [4099cb2b-2e2e-4151-9db7-f99ade631412-groupManagement] INFO  server.RaftServer$Division (RaftServerImpl.java:<init>(198)) - 4099cb2b-2e2e-4151-9db7-f99ade631412: new RaftServerImpl for group-B847BC5CEDB0:[4099cb2b-2e2e-4151-9db7-f99ade631412|rpc:10.1.0.48:15014|admin:10.1.0.48:15013|client:10.1.0.48:15012|dataStream:10.1.0.48:15015|priority:1|startupRole:FOLLOWER] with ContainerStateMachine:uninitialized
2023-07-26 19:46:28,275 [4099cb2b-2e2e-4151-9db7-f99ade631412-groupManagement] INFO  server.RaftServerConfigKeys (ConfUtils.java:logGet(46)) - raft.server.rpc.timeout.min = 5s (custom)
2023-07-26 19:46:28,275 [4099cb2b-2e2e-4151-9db7-f99ade631412-groupManagement] INFO  server.RaftServerConfigKeys (ConfUtils.java:logGet(46)) - raft.server.rpc.timeout.max = 5200ms (custom)
2023-07-26 19:46:28,275 [4099cb2b-2e2e-4151-9db7-f99ade631412-groupManagement] INFO  server.RaftServerConfigKeys (ConfUtils.java:logGet(46)) - raft.server.rpc.sleep.time = 25ms (default)
2023-07-26 19:46:28,275 [4099cb2b-2e2e-4151-9db7-f99ade631412-groupManagement] INFO  server.RaftServerConfigKeys (ConfUtils.java:logGet(46)) - raft.server.rpc.slowness.timeout = 1000000ms (custom)
2023-07-26 19:46:28,275 [4099cb2b-2e2e-4151-9db7-f99ade631412-groupManagement] INFO  server.RaftServerConfigKeys (ConfUtils.java:logGet(46)) - raft.server.leaderelection.leader.step-down.wait-time = 10s (default)
2023-07-26 19:46:28,275 [4099cb2b-2e2e-4151-9db7-f99ade631412-groupManagement] INFO  server.RaftServerConfigKeys (ConfUtils.java:logGet(46)) - raft.server.sleep.deviation.threshold = 300ms (default)
2023-07-26 19:46:28,275 [4099cb2b-2e2e-4151-9db7-f99ade631412-groupManagement] INFO  server.RaftServer$Division (ServerState.java:<init>(120)) - 4099cb2b-2e2e-4151-9db7-f99ade631412@group-B847BC5CEDB0: ConfigurationManager, init=-1: peers:[4099cb2b-2e2e-4151-9db7-f99ade631412|rpc:10.1.0.48:15014|admin:10.1.0.48:15013|client:10.1.0.48:15012|dataStream:10.1.0.48:15015|priority:1|startupRole:FOLLOWER]|listeners:[], old=null, confs=<EMPTY_MAP>
2023-07-26 19:46:28,275 [4099cb2b-2e2e-4151-9db7-f99ade631412-groupManagement] INFO  server.RaftServerConfigKeys (ConfUtils.java:logGet(46)) - raft.server.storage.dir = [/home/runner/work/ozone/ozone/hadoop-ozone/integration-test/target/test-dir/MiniOzoneClusterImpl-7725ff52-e03b-4cac-b8cb-596b4b29adc0/datanode-0/data/ratis] (custom)
2023-07-26 19:46:28,276 [4099cb2b-2e2e-4151-9db7-f99ade631412-groupManagement] INFO  server.RaftServerConfigKeys (ConfUtils.java:logGet(46)) - raft.server.log.corruption.policy = EXCEPTION (default)
2023-07-26 19:46:28,276 [4099cb2b-2e2e-4151-9db7-f99ade631412-groupManagement] INFO  server.RaftServerConfigKeys (ConfUtils.java:logGet(46)) - raft.server.storage.free-space.min = 0MB (=0) (default)
2023-07-26 19:46:28,276 [4099cb2b-2e2e-4151-9db7-f99ade631412-groupManagement] INFO  server.RaftServerConfigKeys (ConfUtils.java:logGet(46)) - raft.server.notification.no-leader.timeout = 1000000ms (custom)
2023-07-26 19:46:28,276 [4099cb2b-2e2e-4151-9db7-f99ade631412-groupManagement] INFO  server.RaftServerConfigKeys (ConfUtils.java:logGet(46)) - raft.server.read.timeout = 10s (default)
2023-07-26 19:46:28,276 [4099cb2b-2e2e-4151-9db7-f99ade631412-groupManagement] INFO  server.RaftServerConfigKeys (ConfUtils.java:logGet(46)) - raft.server.retrycache.expirytime = 600000ms (custom)
2023-07-26 19:46:28,276 [4099cb2b-2e2e-4151-9db7-f99ade631412-groupManagement] INFO  server.RaftServerConfigKeys (ConfUtils.java:logGet(46)) - raft.server.retrycache.statistics.expirytime = 100μs (default)
2023-07-26 19:46:28,277 [4099cb2b-2e2e-4151-9db7-f99ade631412-groupManagement] INFO  server.RaftServerConfigKeys (ConfUtils.java:logGet(46)) - raft.server.read.option = DEFAULT (default)
2023-07-26 19:46:28,279 [4099cb2b-2e2e-4151-9db7-f99ade631412-groupManagement] INFO  server.RaftServerConfigKeys (ConfUtils.java:logGet(46)) - raft.server.rpc.request.timeout = 3000ms (default)
2023-07-26 19:46:28,279 [4099cb2b-2e2e-4151-9db7-f99ade631412-groupManagement] INFO  server.RaftServerConfigKeys (ConfUtils.java:logGet(46)) - raft.server.log.appender.install.snapshot.enabled = false (custom)
2023-07-26 19:46:28,279 [4099cb2b-2e2e-4151-9db7-f99ade631412-groupManagement] INFO  server.RaftServerConfigKeys (ConfUtils.java:logGet(46)) - raft.server.threadpool.server.cached = true (default)
2023-07-26 19:46:28,279 [4099cb2b-2e2e-4151-9db7-f99ade631412-groupManagement] INFO  server.RaftServerConfigKeys (ConfUtils.java:logGet(46)) - raft.server.threadpool.server.size = 0 (default)
2023-07-26 19:46:28,279 [4099cb2b-2e2e-4151-9db7-f99ade631412-groupManagement] INFO  server.RaftServerConfigKeys (ConfUtils.java:logGet(46)) - raft.server.threadpool.client.cached = true (default)
2023-07-26 19:46:28,280 [4099cb2b-2e2e-4151-9db7-f99ade631412-groupManagement] INFO  server.RaftServerConfigKeys (ConfUtils.java:logGet(46)) - raft.server.threadpool.client.size = 0 (default)
2023-07-26 19:46:28,280 [4099cb2b-2e2e-4151-9db7-f99ade631412-groupManagement] INFO  storage.RaftStorageDirectory (RaftStorageDirectoryImpl.java:analyzeStorage(137)) - The storage directory /home/runner/work/ozone/ozone/hadoop-ozone/integration-test/target/test-dir/MiniOzoneClusterImpl-7725ff52-e03b-4cac-b8cb-596b4b29adc0/datanode-0/data/ratis/b557c180-eda6-4882-baa0-b847bc5cedb0 does not exist. Creating ...
2023-07-26 19:46:28,288 [4099cb2b-2e2e-4151-9db7-f99ade631412-groupManagement] INFO  storage.RaftStorageDirectory (RaftStorageDirectoryImpl.java:tryLock(231)) - Lock on /home/runner/work/ozone/ozone/hadoop-ozone/integration-test/target/test-dir/MiniOzoneClusterImpl-7725ff52-e03b-4cac-b8cb-596b4b29adc0/datanode-0/data/ratis/b557c180-eda6-4882-baa0-b847bc5cedb0/in_use.lock acquired by nodename 5257@fv-az465-709
2023-07-26 19:46:28,290 [4099cb2b-2e2e-4151-9db7-f99ade631412-groupManagement] INFO  storage.RaftStorage (RaftStorageImpl.java:format(96)) - Storage directory /home/runner/work/ozone/ozone/hadoop-ozone/integration-test/target/test-dir/MiniOzoneClusterImpl-7725ff52-e03b-4cac-b8cb-596b4b29adc0/datanode-0/data/ratis/b557c180-eda6-4882-baa0-b847bc5cedb0 has been successfully formatted.
2023-07-26 19:46:28,295 [4099cb2b-2e2e-4151-9db7-f99ade631412-groupManagement] INFO  ratis.ContainerStateMachine (ContainerStateMachine.java:loadSnapshot(262)) - group-B847BC5CEDB0: The snapshot info is null. Setting the last applied indexto:(t:0, i:~)
2023-07-26 19:46:28,295 [4099cb2b-2e2e-4151-9db7-f99ade631412-groupManagement] INFO  server.RaftServerConfigKeys (ConfUtils.java:logGet(46)) - raft.server.log.use.memory = false (default)
2023-07-26 19:46:28,296 [4099cb2b-2e2e-4151-9db7-f99ade631412-groupManagement] INFO  server.RaftServerConfigKeys (ConfUtils.java:logGet(46)) - raft.server.log.purge.gap = 1000000 (custom)
2023-07-26 19:46:28,296 [4099cb2b-2e2e-4151-9db7-f99ade631412-groupManagement] INFO  server.RaftServerConfigKeys (ConfUtils.java:logGet(46)) - raft.server.log.appender.buffer.byte-limit = 33554432 (custom)
2023-07-26 19:46:28,296 [4099cb2b-2e2e-4151-9db7-f99ade631412-groupManagement] INFO  server.RaftServerConfigKeys (ConfUtils.java:logGet(46)) - raft.server.log.statemachine.data.read.timeout = 1000ms (default)
2023-07-26 19:46:28,296 [4099cb2b-2e2e-4151-9db7-f99ade631412-groupManagement] INFO  server.RaftServerConfigKeys (ConfUtils.java:logGet(46)) - raft.server.log.purge.preservation.log.num = 0 (default)
2023-07-26 19:46:28,297 [4099cb2b-2e2e-4151-9db7-f99ade631412-groupManagement] INFO  server.RaftServerConfigKeys (ConfUtils.java:logGet(46)) - raft.server.log.segment.size.max = 1048576 (custom)
2023-07-26 19:46:28,298 [4099cb2b-2e2e-4151-9db7-f99ade631412-groupManagement] INFO  server.RaftServerConfigKeys (ConfUtils.java:logGet(46)) - raft.server.log.segment.cache.num.max = 2 (custom)
2023-07-26 19:46:28,298 [4099cb2b-2e2e-4151-9db7-f99ade631412-groupManagement] INFO  server.RaftServerConfigKeys (ConfUtils.java:logGet(46)) - raft.server.log.segment.cache.size.max = 200MB (=209715200) (default)
2023-07-26 19:46:28,298 [4099cb2b-2e2e-4151-9db7-f99ade631412-groupManagement] INFO  server.RaftServerConfigKeys (ConfUtils.java:logGet(46)) - raft.server.log.appender.buffer.byte-limit = 33554432 (custom)
2023-07-26 19:46:28,298 [4099cb2b-2e2e-4151-9db7-f99ade631412-groupManagement] INFO  segmented.SegmentedRaftLogWorker (SegmentedRaftLogWorker.java:<init>(188)) - new 4099cb2b-2e2e-4151-9db7-f99ade631412@group-B847BC5CEDB0-SegmentedRaftLogWorker for RaftStorageImpl:Storage Directory /home/runner/work/ozone/ozone/hadoop-ozone/integration-test/target/test-dir/MiniOzoneClusterImpl-7725ff52-e03b-4cac-b8cb-596b4b29adc0/datanode-0/data/ratis/b557c180-eda6-4882-baa0-b847bc5cedb0
2023-07-26 19:46:28,298 [4099cb2b-2e2e-4151-9db7-f99ade631412-groupManagement] INFO  server.RaftServerConfigKeys (ConfUtils.java:logGet(46)) - raft.server.log.queue.byte-limit = 4294967296 (custom)
2023-07-26 19:46:28,298 [4099cb2b-2e2e-4151-9db7-f99ade631412-groupManagement] INFO  server.RaftServerConfigKeys (ConfUtils.java:logGet(46)) - raft.server.log.queue.element-limit = 1024 (custom)
2023-07-26 19:46:28,298 [4099cb2b-2e2e-4151-9db7-f99ade631412-groupManagement] INFO  server.RaftServerConfigKeys (ConfUtils.java:logGet(46)) - raft.server.log.segment.size.max = 1048576 (custom)
2023-07-26 19:46:28,298 [4099cb2b-2e2e-4151-9db7-f99ade631412-groupManagement] INFO  server.RaftServerConfigKeys (ConfUtils.java:logGet(46)) - raft.server.log.preallocated.size = 16384 (custom)
2023-07-26 19:46:28,299 [4099cb2b-2e2e-4151-9db7-f99ade631412-groupManagement] INFO  server.RaftServerConfigKeys (ConfUtils.java:logGet(46)) - raft.server.log.force.sync.num = 128 (default)
2023-07-26 19:46:28,299 [4099cb2b-2e2e-4151-9db7-f99ade631412-groupManagement] INFO  server.RaftServerConfigKeys (ConfUtils.java:logGet(46)) - raft.server.log.statemachine.data.sync = true (default)
2023-07-26 19:46:28,309 [4099cb2b-2e2e-4151-9db7-f99ade631412-groupManagement] INFO  server.RaftServerConfigKeys (ConfUtils.java:logGet(46)) - raft.server.log.statemachine.data.sync.timeout = 10s (default)
2023-07-26 19:46:28,314 [EventQueue-PipelineReportForPipelineReportHandler] INFO  pipeline.PipelineReportHandler (PipelineReportHandler.java:processPipelineReport(136)) - Opened pipeline PipelineID=b557c180-eda6-4882-baa0-b847bc5cedb0
2023-07-26 19:46:28,313 [BlockDeletingService#2] INFO  interfaces.ContainerDeletionChoosingPolicyTemplate (ContainerDeletionChoosingPolicyTemplate.java:chooseContainerForBlockDeletion(83)) - Chosen 0/5000 blocks from 0 candidate containers.
2023-07-26 19:46:28,313 [BlockDeletingService#1] INFO  interfaces.ContainerDeletionChoosingPolicyTemplate (ContainerDeletionChoosingPolicyTemplate.java:chooseContainerForBlockDeletion(83)) - Chosen 0/5000 blocks from 0 candidate containers.
2023-07-26 19:46:28,310 [BlockDeletingService#8] INFO  interfaces.ContainerDeletionChoosingPolicyTemplate (ContainerDeletionChoosingPolicyTemplate.java:chooseContainerForBlockDeletion(83)) - Chosen 0/5000 blocks from 0 candidate containers.
2023-07-26 19:46:28,319 [4099cb2b-2e2e-4151-9db7-f99ade631412-groupManagement] INFO  server.RaftServerConfigKeys (ConfUtils.java:logGet(46)) - raft.server.log.statemachine.data.sync.timeout.retry = -1 (default)
2023-07-26 19:46:28,324 [4099cb2b-2e2e-4151-9db7-f99ade631412-groupManagement] INFO  server.RaftServerConfigKeys (ConfUtils.java:logGet(46)) - raft.server.log.write.buffer.size = 1048576 (custom)
2023-07-26 19:46:28,327 [4099cb2b-2e2e-4151-9db7-f99ade631412-groupManagement] INFO  server.RaftServerConfigKeys (ConfUtils.java:logGet(46)) - raft.server.log.appender.buffer.byte-limit = 33554432 (custom)
2023-07-26 19:46:28,329 [EventQueue-OpenPipelineForHealthyPipelineSafeModeRule] INFO  safemode.SCMSafeModeManager (HealthyPipelineSafeModeRule.java:process(137)) - SCM in safe mode. Healthy pipelines reported count is 0, required healthy pipeline reported count is 1
2023-07-26 19:46:28,340 [4099cb2b-2e2e-4151-9db7-f99ade631412-groupManagement] INFO  server.RaftServerConfigKeys (ConfUtils.java:logGet(46)) - raft.server.log.unsafe-flush.enabled = false (default)
2023-07-26 19:46:28,340 [4099cb2b-2e2e-4151-9db7-f99ade631412-groupManagement] INFO  server.RaftServerConfigKeys (ConfUtils.java:logGet(46)) - raft.server.log.async-flush.enabled = false (default)
2023-07-26 19:46:28,340 [4099cb2b-2e2e-4151-9db7-f99ade631412-groupManagement] INFO  server.RaftServerConfigKeys (ConfUtils.java:logGet(46)) - raft.server.log.statemachine.data.caching.enabled = true (custom)
2023-07-26 19:46:28,340 [4099cb2b-2e2e-4151-9db7-f99ade631412-groupManagement] INFO  segmented.SegmentedRaftLogWorker (SegmentedRaftLogWorker.java:lambda$new$0(135)) - 4099cb2b-2e2e-4151-9db7-f99ade631412@group-B847BC5CEDB0-SegmentedRaftLogWorker: flushIndex: setUnconditionally 0 -> -1
2023-07-26 19:46:28,340 [4099cb2b-2e2e-4151-9db7-f99ade631412-groupManagement] INFO  segmented.SegmentedRaftLogWorker (SegmentedRaftLogWorker.java:lambda$new$0(135)) - 4099cb2b-2e2e-4151-9db7-f99ade631412@group-B847BC5CEDB0-SegmentedRaftLogWorker: safeCacheEvictIndex: setUnconditionally 0 -> -1
2023-07-26 19:46:28,341 [4099cb2b-2e2e-4151-9db7-f99ade631412-groupManagement] INFO  server.RaftServer$Division (RaftServerImpl.java:start(342)) - 4099cb2b-2e2e-4151-9db7-f99ade631412@group-B847BC5CEDB0: start as a follower, conf=-1: peers:[4099cb2b-2e2e-4151-9db7-f99ade631412|rpc:10.1.0.48:15014|admin:10.1.0.48:15013|client:10.1.0.48:15012|dataStream:10.1.0.48:15015|priority:1|startupRole:FOLLOWER]|listeners:[], old=null
2023-07-26 19:46:28,341 [4099cb2b-2e2e-4151-9db7-f99ade631412-groupManagement] INFO  server.RaftServer$Division (RaftServerImpl.java:setRole(329)) - 4099cb2b-2e2e-4151-9db7-f99ade631412@group-B847BC5CEDB0: changes role from      null to FOLLOWER at term 0 for startAsFollower
2023-07-26 19:46:28,343 [4099cb2b-2e2e-4151-9db7-f99ade631412-groupManagement] INFO  impl.RoleInfo (RoleInfo.java:updateAndGet(139)) - 4099cb2b-2e2e-4151-9db7-f99ade631412: start 4099cb2b-2e2e-4151-9db7-f99ade631412@group-B847BC5CEDB0-FollowerState
2023-07-26 19:46:28,343 [4099cb2b-2e2e-4151-9db7-f99ade631412@group-B847BC5CEDB0-FollowerState] INFO  server.RaftServerConfigKeys (ConfUtils.java:logFallback(53)) - raft.server.rpc.first-election.timeout.min = 5s (fallback to raft.server.rpc.timeout.min)
2023-07-26 19:46:28,343 [4099cb2b-2e2e-4151-9db7-f99ade631412-groupManagement] INFO  util.JmxRegister (JmxRegister.java:tryRegister(44)) - Successfully registered JMX Bean with object name Ratis:service=RaftServer,group=group-B847BC5CEDB0,id=4099cb2b-2e2e-4151-9db7-f99ade631412
2023-07-26 19:46:28,343 [4099cb2b-2e2e-4151-9db7-f99ade631412@group-B847BC5CEDB0-FollowerState] INFO  server.RaftServerConfigKeys (ConfUtils.java:logFallback(53)) - raft.server.rpc.first-election.timeout.max = 5200ms (fallback to raft.server.rpc.timeout.max)
2023-07-26 19:46:28,343 [4099cb2b-2e2e-4151-9db7-f99ade631412-groupManagement] INFO  server.RaftServerConfigKeys (ConfUtils.java:logGet(46)) - raft.server.snapshot.auto.trigger.enabled = true (custom)
2023-07-26 19:46:28,343 [4099cb2b-2e2e-4151-9db7-f99ade631412-groupManagement] INFO  server.RaftServerConfigKeys (ConfUtils.java:logGet(46)) - raft.server.snapshot.auto.trigger.threshold = 10000 (custom)
2023-07-26 19:46:28,343 [4099cb2b-2e2e-4151-9db7-f99ade631412-groupManagement] INFO  server.RaftServerConfigKeys (ConfUtils.java:logGet(46)) - raft.server.snapshot.retention.file.num = 5 (custom)
2023-07-26 19:46:28,344 [4099cb2b-2e2e-4151-9db7-f99ade631412-groupManagement] INFO  server.RaftServerConfigKeys (ConfUtils.java:logGet(46)) - raft.server.log.purge.upto.snapshot.index = false (default)
2023-07-26 19:46:28,368 [PipelineCommandHandlerThread-0] INFO  ratis.XceiverServerRatis (XceiverServerRatis.java:addGroup(804)) - Created group PipelineID=b557c180-eda6-4882-baa0-b847bc5cedb0
2023-07-26 19:46:28,369 [PipelineCommandHandlerThread-0] INFO  commandhandler.CreatePipelineCommandHandler (CreatePipelineCommandHandler.java:lambda$handle$2(124)) - Created Pipeline RATIS ONE PipelineID=b557c180-eda6-4882-baa0-b847bc5cedb0.
2023-07-26 19:46:28,369 [PipelineCommandHandlerThread-0] INFO  server.RaftServer (RaftServerProxy.java:addNew(98)) - 4099cb2b-2e2e-4151-9db7-f99ade631412: addNew group-1C7129A268B6:[4099cb2b-2e2e-4151-9db7-f99ade631412|rpc:10.1.0.48:15014|admin:10.1.0.48:15013|client:10.1.0.48:15012|dataStream:10.1.0.48:15015|priority:1|startupRole:FOLLOWER, cc71d3b4-cf6a-416c-96eb-6097e97a8fe1|rpc:10.1.0.48:15032|admin:10.1.0.48:15031|client:10.1.0.48:15030|dataStream:10.1.0.48:15033|priority:0|startupRole:FOLLOWER, c33e49d7-aab4-4e8b-84a2-e80ab64b386a|rpc:10.1.0.48:15023|admin:10.1.0.48:15022|client:10.1.0.48:15021|dataStream:10.1.0.48:15024|priority:0|startupRole:FOLLOWER] returns group-1C7129A268B6:java.util.concurrent.CompletableFuture@1bc11c97[Not completed]
2023-07-26 19:46:28,377 [4099cb2b-2e2e-4151-9db7-f99ade631412-groupManagement] INFO  server.RaftServer$Division (RaftServerImpl.java:<init>(198)) - 4099cb2b-2e2e-4151-9db7-f99ade631412: new RaftServerImpl for group-1C7129A268B6:[4099cb2b-2e2e-4151-9db7-f99ade631412|rpc:10.1.0.48:15014|admin:10.1.0.48:15013|client:10.1.0.48:15012|dataStream:10.1.0.48:15015|priority:1|startupRole:FOLLOWER, cc71d3b4-cf6a-416c-96eb-6097e97a8fe1|rpc:10.1.0.48:15032|admin:10.1.0.48:15031|client:10.1.0.48:15030|dataStream:10.1.0.48:15033|priority:0|startupRole:FOLLOWER, c33e49d7-aab4-4e8b-84a2-e80ab64b386a|rpc:10.1.0.48:15023|admin:10.1.0.48:15022|client:10.1.0.48:15021|dataStream:10.1.0.48:15024|priority:0|startupRole:FOLLOWER] with ContainerStateMachine:uninitialized
2023-07-26 19:46:28,378 [4099cb2b-2e2e-4151-9db7-f99ade631412-groupManagement] INFO  server.RaftServerConfigKeys (ConfUtils.java:logGet(46)) - raft.server.rpc.timeout.min = 5s (custom)
2023-07-26 19:46:28,378 [4099cb2b-2e2e-4151-9db7-f99ade631412-groupManagement] INFO  server.RaftServerConfigKeys (ConfUtils.java:logGet(46)) - raft.server.rpc.timeout.max = 5200ms (custom)
2023-07-26 19:46:28,378 [4099cb2b-2e2e-4151-9db7-f99ade631412-groupManagement] INFO  server.RaftServerConfigKeys (ConfUtils.java:logGet(46)) - raft.server.rpc.sleep.time = 25ms (default)
2023-07-26 19:46:28,378 [4099cb2b-2e2e-4151-9db7-f99ade631412-groupManagement] INFO  server.RaftServerConfigKeys (ConfUtils.java:logGet(46)) - raft.server.rpc.slowness.timeout = 1000000ms (custom)
2023-07-26 19:46:28,378 [4099cb2b-2e2e-4151-9db7-f99ade631412-groupManagement] INFO  server.RaftServerConfigKeys (ConfUtils.java:logGet(46)) - raft.server.leaderelection.leader.step-down.wait-time = 10s (default)
2023-07-26 19:46:28,378 [4099cb2b-2e2e-4151-9db7-f99ade631412-groupManagement] INFO  server.RaftServerConfigKeys (ConfUtils.java:logGet(46)) - raft.server.sleep.deviation.threshold = 300ms (default)
2023-07-26 19:46:28,378 [4099cb2b-2e2e-4151-9db7-f99ade631412-groupManagement] INFO  server.RaftServer$Division (ServerState.java:<init>(120)) - 4099cb2b-2e2e-4151-9db7-f99ade631412@group-1C7129A268B6: ConfigurationManager, init=-1: peers:[4099cb2b-2e2e-4151-9db7-f99ade631412|rpc:10.1.0.48:15014|admin:10.1.0.48:15013|client:10.1.0.48:15012|dataStream:10.1.0.48:15015|priority:1|startupRole:FOLLOWER, cc71d3b4-cf6a-416c-96eb-6097e97a8fe1|rpc:10.1.0.48:15032|admin:10.1.0.48:15031|client:10.1.0.48:15030|dataStream:10.1.0.48:15033|priority:0|startupRole:FOLLOWER, c33e49d7-aab4-4e8b-84a2-e80ab64b386a|rpc:10.1.0.48:15023|admin:10.1.0.48:15022|client:10.1.0.48:15021|dataStream:10.1.0.48:15024|priority:0|startupRole:FOLLOWER]|listeners:[], old=null, confs=<EMPTY_MAP>
2023-07-26 19:46:28,379 [4099cb2b-2e2e-4151-9db7-f99ade631412-groupManagement] INFO  server.RaftServerConfigKeys (ConfUtils.java:logGet(46)) - raft.server.storage.dir = [/home/runner/work/ozone/ozone/hadoop-ozone/integration-test/target/test-dir/MiniOzoneClusterImpl-7725ff52-e03b-4cac-b8cb-596b4b29adc0/datanode-0/data/ratis] (custom)
2023-07-26 19:46:28,379 [4099cb2b-2e2e-4151-9db7-f99ade631412-groupManagement] INFO  server.RaftServerConfigKeys (ConfUtils.java:logGet(46)) - raft.server.log.corruption.policy = EXCEPTION (default)
2023-07-26 19:46:28,379 [4099cb2b-2e2e-4151-9db7-f99ade631412-groupManagement] INFO  server.RaftServerConfigKeys (ConfUtils.java:logGet(46)) - raft.server.storage.free-space.min = 0MB (=0) (default)
2023-07-26 19:46:28,379 [4099cb2b-2e2e-4151-9db7-f99ade631412-groupManagement] INFO  server.RaftServerConfigKeys (ConfUtils.java:logGet(46)) - raft.server.notification.no-leader.timeout = 1000000ms (custom)
2023-07-26 19:46:28,379 [4099cb2b-2e2e-4151-9db7-f99ade631412-groupManagement] INFO  server.RaftServerConfigKeys (ConfUtils.java:logGet(46)) - raft.server.read.timeout = 10s (default)
2023-07-26 19:46:28,379 [4099cb2b-2e2e-4151-9db7-f99ade631412-groupManagement] INFO  server.RaftServerConfigKeys (ConfUtils.java:logGet(46)) - raft.server.retrycache.expirytime = 600000ms (custom)
2023-07-26 19:46:28,380 [4099cb2b-2e2e-4151-9db7-f99ade631412-groupManagement] INFO  server.RaftServerConfigKeys (ConfUtils.java:logGet(46)) - raft.server.retrycache.statistics.expirytime = 100μs (default)
2023-07-26 19:46:28,381 [4099cb2b-2e2e-4151-9db7-f99ade631412-groupManagement] INFO  server.RaftServerConfigKeys (ConfUtils.java:logGet(46)) - raft.server.read.option = DEFAULT (default)
2023-07-26 19:46:28,385 [4099cb2b-2e2e-4151-9db7-f99ade631412-groupManagement] INFO  server.RaftServerConfigKeys (ConfUtils.java:logGet(46)) - raft.server.rpc.request.timeout = 3000ms (default)
2023-07-26 19:46:28,385 [4099cb2b-2e2e-4151-9db7-f99ade631412-groupManagement] INFO  server.RaftServerConfigKeys (ConfUtils.java:logGet(46)) - raft.server.log.appender.install.snapshot.enabled = false (custom)
2023-07-26 19:46:28,385 [4099cb2b-2e2e-4151-9db7-f99ade631412-groupManagement] INFO  server.RaftServerConfigKeys (ConfUtils.java:logGet(46)) - raft.server.threadpool.server.cached = true (default)
2023-07-26 19:46:28,385 [4099cb2b-2e2e-4151-9db7-f99ade631412-groupManagement] INFO  server.RaftServerConfigKeys (ConfUtils.java:logGet(46)) - raft.server.threadpool.server.size = 0 (default)
2023-07-26 19:46:28,386 [4099cb2b-2e2e-4151-9db7-f99ade631412-groupManagement] INFO  server.RaftServerConfigKeys (ConfUtils.java:logGet(46)) - raft.server.threadpool.client.cached = true (default)
2023-07-26 19:46:28,386 [4099cb2b-2e2e-4151-9db7-f99ade631412-groupManagement] INFO  server.RaftServerConfigKeys (ConfUtils.java:logGet(46)) - raft.server.threadpool.client.size = 0 (default)
2023-07-26 19:46:28,386 [4099cb2b-2e2e-4151-9db7-f99ade631412-groupManagement] INFO  storage.RaftStorageDirectory (RaftStorageDirectoryImpl.java:analyzeStorage(137)) - The storage directory /home/runner/work/ozone/ozone/hadoop-ozone/integration-test/target/test-dir/MiniOzoneClusterImpl-7725ff52-e03b-4cac-b8cb-596b4b29adc0/datanode-0/data/ratis/5bbdc32e-28b0-403e-8d78-1c7129a268b6 does not exist. Creating ...
2023-07-26 19:46:28,388 [4099cb2b-2e2e-4151-9db7-f99ade631412-groupManagement] INFO  storage.RaftStorageDirectory (RaftStorageDirectoryImpl.java:tryLock(231)) - Lock on /home/runner/work/ozone/ozone/hadoop-ozone/integration-test/target/test-dir/MiniOzoneClusterImpl-7725ff52-e03b-4cac-b8cb-596b4b29adc0/datanode-0/data/ratis/5bbdc32e-28b0-403e-8d78-1c7129a268b6/in_use.lock acquired by nodename 5257@fv-az465-709
2023-07-26 19:46:28,390 [4099cb2b-2e2e-4151-9db7-f99ade631412-groupManagement] INFO  storage.RaftStorage (RaftStorageImpl.java:format(96)) - Storage directory /home/runner/work/ozone/ozone/hadoop-ozone/integration-test/target/test-dir/MiniOzoneClusterImpl-7725ff52-e03b-4cac-b8cb-596b4b29adc0/datanode-0/data/ratis/5bbdc32e-28b0-403e-8d78-1c7129a268b6 has been successfully formatted.
2023-07-26 19:46:28,391 [4099cb2b-2e2e-4151-9db7-f99ade631412-groupManagement] INFO  ratis.ContainerStateMachine (ContainerStateMachine.java:loadSnapshot(262)) - group-1C7129A268B6: The snapshot info is null. Setting the last applied indexto:(t:0, i:~)
2023-07-26 19:46:28,391 [4099cb2b-2e2e-4151-9db7-f99ade631412-groupManagement] INFO  server.RaftServerConfigKeys (ConfUtils.java:logGet(46)) - raft.server.log.use.memory = false (default)
2023-07-26 19:46:28,391 [4099cb2b-2e2e-4151-9db7-f99ade631412-groupManagement] INFO  server.RaftServerConfigKeys (ConfUtils.java:logGet(46)) - raft.server.log.purge.gap = 1000000 (custom)
2023-07-26 19:46:28,391 [4099cb2b-2e2e-4151-9db7-f99ade631412-groupManagement] INFO  server.RaftServerConfigKeys (ConfUtils.java:logGet(46)) - raft.server.log.appender.buffer.byte-limit = 33554432 (custom)
2023-07-26 19:46:28,391 [4099cb2b-2e2e-4151-9db7-f99ade631412-groupManagement] INFO  server.RaftServerConfigKeys (ConfUtils.java:logGet(46)) - raft.server.log.statemachine.data.read.timeout = 1000ms (default)
2023-07-26 19:46:28,392 [4099cb2b-2e2e-4151-9db7-f99ade631412-groupManagement] INFO  server.RaftServerConfigKeys (ConfUtils.java:logGet(46)) - raft.server.log.purge.preservation.log.num = 0 (default)
2023-07-26 19:46:28,393 [4099cb2b-2e2e-4151-9db7-f99ade631412-groupManagement] INFO  server.RaftServerConfigKeys (ConfUtils.java:logGet(46)) - raft.server.log.segment.size.max = 1048576 (custom)
2023-07-26 19:46:28,394 [4099cb2b-2e2e-4151-9db7-f99ade631412-groupManagement] INFO  server.RaftServerConfigKeys (ConfUtils.java:logGet(46)) - raft.server.log.segment.cache.num.max = 2 (custom)
2023-07-26 19:46:28,394 [4099cb2b-2e2e-4151-9db7-f99ade631412-groupManagement] INFO  server.RaftServerConfigKeys (ConfUtils.java:logGet(46)) - raft.server.log.segment.cache.size.max = 200MB (=209715200) (default)
2023-07-26 19:46:28,394 [EventQueue-OpenPipelineForHealthyPipelineSafeModeRule] INFO  safemode.SCMSafeModeManager (HealthyPipelineSafeModeRule.java:process(137)) - SCM in safe mode. Healthy pipelines reported count is 0, required healthy pipeline reported count is 1
2023-07-26 19:46:28,394 [4099cb2b-2e2e-4151-9db7-f99ade631412-groupManagement] INFO  server.RaftServerConfigKeys (ConfUtils.java:logGet(46)) - raft.server.log.appender.buffer.byte-limit = 33554432 (custom)
2023-07-26 19:46:28,395 [4099cb2b-2e2e-4151-9db7-f99ade631412-groupManagement] INFO  segmented.SegmentedRaftLogWorker (SegmentedRaftLogWorker.java:<init>(188)) - new 4099cb2b-2e2e-4151-9db7-f99ade631412@group-1C7129A268B6-SegmentedRaftLogWorker for RaftStorageImpl:Storage Directory /home/runner/work/ozone/ozone/hadoop-ozone/integration-test/target/test-dir/MiniOzoneClusterImpl-7725ff52-e03b-4cac-b8cb-596b4b29adc0/datanode-0/data/ratis/5bbdc32e-28b0-403e-8d78-1c7129a268b6
2023-07-26 19:46:28,395 [4099cb2b-2e2e-4151-9db7-f99ade631412-groupManagement] INFO  server.RaftServerConfigKeys (ConfUtils.java:logGet(46)) - raft.server.log.queue.byte-limit = 4294967296 (custom)
2023-07-26 19:46:28,395 [4099cb2b-2e2e-4151-9db7-f99ade631412-groupManagement] INFO  server.RaftServerConfigKeys (ConfUtils.java:logGet(46)) - raft.server.log.queue.element-limit = 1024 (custom)
2023-07-26 19:46:28,395 [4099cb2b-2e2e-4151-9db7-f99ade631412-groupManagement] INFO  server.RaftServerConfigKeys (ConfUtils.java:logGet(46)) - raft.server.log.segment.size.max = 1048576 (custom)
2023-07-26 19:46:28,396 [4099cb2b-2e2e-4151-9db7-f99ade631412-groupManagement] INFO  server.RaftServerConfigKeys (ConfUtils.java:logGet(46)) - raft.server.log.preallocated.size = 16384 (custom)
2023-07-26 19:46:28,396 [4099cb2b-2e2e-4151-9db7-f99ade631412-groupManagement] INFO  server.RaftServerConfigKeys (ConfUtils.java:logGet(46)) - raft.server.log.force.sync.num = 128 (default)
2023-07-26 19:46:28,396 [4099cb2b-2e2e-4151-9db7-f99ade631412-groupManagement] INFO  server.RaftServerConfigKeys (ConfUtils.java:logGet(46)) - raft.server.log.statemachine.data.sync = true (default)
2023-07-26 19:46:28,396 [4099cb2b-2e2e-4151-9db7-f99ade631412-groupManagement] INFO  server.RaftServerConfigKeys (ConfUtils.java:logGet(46)) - raft.server.log.statemachine.data.sync.timeout = 10s (default)
2023-07-26 19:46:28,396 [4099cb2b-2e2e-4151-9db7-f99ade631412-groupManagement] INFO  server.RaftServerConfigKeys (ConfUtils.java:logGet(46)) - raft.server.log.statemachine.data.sync.timeout.retry = -1 (default)
2023-07-26 19:46:28,398 [4099cb2b-2e2e-4151-9db7-f99ade631412-groupManagement] INFO  server.RaftServerConfigKeys (ConfUtils.java:logGet(46)) - raft.server.log.write.buffer.size = 1048576 (custom)
2023-07-26 19:46:28,398 [4099cb2b-2e2e-4151-9db7-f99ade631412-groupManagement] INFO  server.RaftServerConfigKeys (ConfUtils.java:logGet(46)) - raft.server.log.appender.buffer.byte-limit = 33554432 (custom)
2023-07-26 19:46:28,407 [4099cb2b-2e2e-4151-9db7-f99ade631412-groupManagement] INFO  server.RaftServerConfigKeys (ConfUtils.java:logGet(46)) - raft.server.log.unsafe-flush.enabled = false (default)
2023-07-26 19:46:28,407 [4099cb2b-2e2e-4151-9db7-f99ade631412-groupManagement] INFO  server.RaftServerConfigKeys (ConfUtils.java:logGet(46)) - raft.server.log.async-flush.enabled = false (default)
2023-07-26 19:46:28,407 [4099cb2b-2e2e-4151-9db7-f99ade631412-groupManagement] INFO  server.RaftServerConfigKeys (ConfUtils.java:logGet(46)) - raft.server.log.statemachine.data.caching.enabled = true (custom)
2023-07-26 19:46:28,407 [4099cb2b-2e2e-4151-9db7-f99ade631412-groupManagement] INFO  segmented.SegmentedRaftLogWorker (SegmentedRaftLogWorker.java:lambda$new$0(135)) - 4099cb2b-2e2e-4151-9db7-f99ade631412@group-1C7129A268B6-SegmentedRaftLogWorker: flushIndex: setUnconditionally 0 -> -1
2023-07-26 19:46:28,407 [4099cb2b-2e2e-4151-9db7-f99ade631412-groupManagement] INFO  segmented.SegmentedRaftLogWorker (SegmentedRaftLogWorker.java:lambda$new$0(135)) - 4099cb2b-2e2e-4151-9db7-f99ade631412@group-1C7129A268B6-SegmentedRaftLogWorker: safeCacheEvictIndex: setUnconditionally 0 -> -1
2023-07-26 19:46:28,409 [4099cb2b-2e2e-4151-9db7-f99ade631412-groupManagement] INFO  server.RaftServer$Division (RaftServerImpl.java:start(342)) - 4099cb2b-2e2e-4151-9db7-f99ade631412@group-1C7129A268B6: start as a follower, conf=-1: peers:[4099cb2b-2e2e-4151-9db7-f99ade631412|rpc:10.1.0.48:15014|admin:10.1.0.48:15013|client:10.1.0.48:15012|dataStream:10.1.0.48:15015|priority:1|startupRole:FOLLOWER, cc71d3b4-cf6a-416c-96eb-6097e97a8fe1|rpc:10.1.0.48:15032|admin:10.1.0.48:15031|client:10.1.0.48:15030|dataStream:10.1.0.48:15033|priority:0|startupRole:FOLLOWER, c33e49d7-aab4-4e8b-84a2-e80ab64b386a|rpc:10.1.0.48:15023|admin:10.1.0.48:15022|client:10.1.0.48:15021|dataStream:10.1.0.48:15024|priority:0|startupRole:FOLLOWER]|listeners:[], old=null
2023-07-26 19:46:28,409 [4099cb2b-2e2e-4151-9db7-f99ade631412-groupManagement] INFO  server.RaftServer$Division (RaftServerImpl.java:setRole(329)) - 4099cb2b-2e2e-4151-9db7-f99ade631412@group-1C7129A268B6: changes role from      null to FOLLOWER at term 0 for startAsFollower
2023-07-26 19:46:28,410 [4099cb2b-2e2e-4151-9db7-f99ade631412-groupManagement] INFO  impl.RoleInfo (RoleInfo.java:updateAndGet(139)) - 4099cb2b-2e2e-4151-9db7-f99ade631412: start 4099cb2b-2e2e-4151-9db7-f99ade631412@group-1C7129A268B6-FollowerState
2023-07-26 19:46:28,410 [4099cb2b-2e2e-4151-9db7-f99ade631412-groupManagement] INFO  util.JmxRegister (JmxRegister.java:tryRegister(44)) - Successfully registered JMX Bean with object name Ratis:service=RaftServer,group=group-1C7129A268B6,id=4099cb2b-2e2e-4151-9db7-f99ade631412
2023-07-26 19:46:28,410 [4099cb2b-2e2e-4151-9db7-f99ade631412-groupManagement] INFO  server.RaftServerConfigKeys (ConfUtils.java:logGet(46)) - raft.server.snapshot.auto.trigger.enabled = true (custom)
2023-07-26 19:46:28,410 [4099cb2b-2e2e-4151-9db7-f99ade631412-groupManagement] INFO  server.RaftServerConfigKeys (ConfUtils.java:logGet(46)) - raft.server.snapshot.auto.trigger.threshold = 10000 (custom)
2023-07-26 19:46:28,410 [4099cb2b-2e2e-4151-9db7-f99ade631412-groupManagement] INFO  server.RaftServerConfigKeys (ConfUtils.java:logGet(46)) - raft.server.snapshot.retention.file.num = 5 (custom)
2023-07-26 19:46:28,410 [4099cb2b-2e2e-4151-9db7-f99ade631412-groupManagement] INFO  server.RaftServerConfigKeys (ConfUtils.java:logGet(46)) - raft.server.log.purge.upto.snapshot.index = false (default)
2023-07-26 19:46:28,411 [4099cb2b-2e2e-4151-9db7-f99ade631412@group-1C7129A268B6-FollowerState] INFO  server.RaftServerConfigKeys (ConfUtils.java:logFallback(53)) - raft.server.rpc.first-election.timeout.min = 5s (fallback to raft.server.rpc.timeout.min)
2023-07-26 19:46:28,414 [PipelineCommandHandlerThread-0] INFO  ratis.XceiverServerRatis (XceiverServerRatis.java:addGroup(804)) - Created group PipelineID=5bbdc32e-28b0-403e-8d78-1c7129a268b6
2023-07-26 19:46:28,414 [4099cb2b-2e2e-4151-9db7-f99ade631412@group-1C7129A268B6-FollowerState] INFO  server.RaftServerConfigKeys (ConfUtils.java:logFallback(53)) - raft.server.rpc.first-election.timeout.max = 5200ms (fallback to raft.server.rpc.timeout.max)
2023-07-26 19:46:28,420 [BlockDeletingService#2] INFO  interfaces.ContainerDeletionChoosingPolicyTemplate (ContainerDeletionChoosingPolicyTemplate.java:chooseContainerForBlockDeletion(83)) - Chosen 0/5000 blocks from 0 candidate containers.
2023-07-26 19:46:28,423 [BlockDeletingService#1] INFO  interfaces.ContainerDeletionChoosingPolicyTemplate (ContainerDeletionChoosingPolicyTemplate.java:chooseContainerForBlockDeletion(83)) - Chosen 0/5000 blocks from 0 candidate containers.
2023-07-26 19:46:28,424 [BlockDeletingService#8] INFO  interfaces.ContainerDeletionChoosingPolicyTemplate (ContainerDeletionChoosingPolicyTemplate.java:chooseContainerForBlockDeletion(83)) - Chosen 0/5000 blocks from 0 candidate containers.
2023-07-26 19:46:28,520 [BlockDeletingService#2] INFO  interfaces.ContainerDeletionChoosingPolicyTemplate (ContainerDeletionChoosingPolicyTemplate.java:chooseContainerForBlockDeletion(83)) - Chosen 0/5000 blocks from 0 candidate containers.
2023-07-26 19:46:28,524 [BlockDeletingService#1] INFO  interfaces.ContainerDeletionChoosingPolicyTemplate (ContainerDeletionChoosingPolicyTemplate.java:chooseContainerForBlockDeletion(83)) - Chosen 0/5000 blocks from 0 candidate containers.
2023-07-26 19:46:28,524 [BlockDeletingService#8] INFO  interfaces.ContainerDeletionChoosingPolicyTemplate (ContainerDeletionChoosingPolicyTemplate.java:chooseContainerForBlockDeletion(83)) - Chosen 0/5000 blocks from 0 candidate containers.
2023-07-26 19:46:28,621 [BlockDeletingService#2] INFO  interfaces.ContainerDeletionChoosingPolicyTemplate (ContainerDeletionChoosingPolicyTemplate.java:chooseContainerForBlockDeletion(83)) - Chosen 0/5000 blocks from 0 candidate containers.
2023-07-26 19:46:28,624 [BlockDeletingService#1] INFO  interfaces.ContainerDeletionChoosingPolicyTemplate (ContainerDeletionChoosingPolicyTemplate.java:chooseContainerForBlockDeletion(83)) - Chosen 0/5000 blocks from 0 candidate containers.
2023-07-26 19:46:28,624 [BlockDeletingService#8] INFO  interfaces.ContainerDeletionChoosingPolicyTemplate (ContainerDeletionChoosingPolicyTemplate.java:chooseContainerForBlockDeletion(83)) - Chosen 0/5000 blocks from 0 candidate containers.
2023-07-26 19:46:28,721 [BlockDeletingService#2] INFO  interfaces.ContainerDeletionChoosingPolicyTemplate (ContainerDeletionChoosingPolicyTemplate.java:chooseContainerForBlockDeletion(83)) - Chosen 0/5000 blocks from 0 candidate containers.
2023-07-26 19:46:28,724 [BlockDeletingService#1] INFO  interfaces.ContainerDeletionChoosingPolicyTemplate (ContainerDeletionChoosingPolicyTemplate.java:chooseContainerForBlockDeletion(83)) - Chosen 0/5000 blocks from 0 candidate containers.
2023-07-26 19:46:28,725 [BlockDeletingService#8] INFO  interfaces.ContainerDeletionChoosingPolicyTemplate (ContainerDeletionChoosingPolicyTemplate.java:chooseContainerForBlockDeletion(83)) - Chosen 0/5000 blocks from 0 candidate containers.
2023-07-26 19:46:28,763 [PipelineCommandHandlerThread-0] INFO  server.RaftServer (RaftServerProxy.java:addNew(98)) - c33e49d7-aab4-4e8b-84a2-e80ab64b386a: addNew group-C4DB3BE7CD35:[c33e49d7-aab4-4e8b-84a2-e80ab64b386a|rpc:10.1.0.48:15023|admin:10.1.0.48:15022|client:10.1.0.48:15021|dataStream:10.1.0.48:15024|priority:1|startupRole:FOLLOWER] returns group-C4DB3BE7CD35:java.util.concurrent.CompletableFuture@1aa5e803[Not completed]
2023-07-26 19:46:28,775 [c33e49d7-aab4-4e8b-84a2-e80ab64b386a-groupManagement] INFO  server.RaftServer$Division (RaftServerImpl.java:<init>(198)) - c33e49d7-aab4-4e8b-84a2-e80ab64b386a: new RaftServerImpl for group-C4DB3BE7CD35:[c33e49d7-aab4-4e8b-84a2-e80ab64b386a|rpc:10.1.0.48:15023|admin:10.1.0.48:15022|client:10.1.0.48:15021|dataStream:10.1.0.48:15024|priority:1|startupRole:FOLLOWER] with ContainerStateMachine:uninitialized
2023-07-26 19:46:28,775 [c33e49d7-aab4-4e8b-84a2-e80ab64b386a-groupManagement] INFO  server.RaftServerConfigKeys (ConfUtils.java:logGet(46)) - raft.server.rpc.timeout.min = 5s (custom)
2023-07-26 19:46:28,775 [c33e49d7-aab4-4e8b-84a2-e80ab64b386a-groupManagement] INFO  server.RaftServerConfigKeys (ConfUtils.java:logGet(46)) - raft.server.rpc.timeout.max = 5200ms (custom)
2023-07-26 19:46:28,775 [c33e49d7-aab4-4e8b-84a2-e80ab64b386a-groupManagement] INFO  server.RaftServerConfigKeys (ConfUtils.java:logGet(46)) - raft.server.rpc.sleep.time = 25ms (default)
2023-07-26 19:46:28,776 [c33e49d7-aab4-4e8b-84a2-e80ab64b386a-groupManagement] INFO  server.RaftServerConfigKeys (ConfUtils.java:logGet(46)) - raft.server.rpc.slowness.timeout = 1000000ms (custom)
2023-07-26 19:46:28,777 [c33e49d7-aab4-4e8b-84a2-e80ab64b386a-groupManagement] INFO  server.RaftServerConfigKeys (ConfUtils.java:logGet(46)) - raft.server.leaderelection.leader.step-down.wait-time = 10s (default)
2023-07-26 19:46:28,777 [c33e49d7-aab4-4e8b-84a2-e80ab64b386a-groupManagement] INFO  server.RaftServerConfigKeys (ConfUtils.java:logGet(46)) - raft.server.sleep.deviation.threshold = 300ms (default)
2023-07-26 19:46:28,777 [c33e49d7-aab4-4e8b-84a2-e80ab64b386a-groupManagement] INFO  server.RaftServer$Division (ServerState.java:<init>(120)) - c33e49d7-aab4-4e8b-84a2-e80ab64b386a@group-C4DB3BE7CD35: ConfigurationManager, init=-1: peers:[c33e49d7-aab4-4e8b-84a2-e80ab64b386a|rpc:10.1.0.48:15023|admin:10.1.0.48:15022|client:10.1.0.48:15021|dataStream:10.1.0.48:15024|priority:1|startupRole:FOLLOWER]|listeners:[], old=null, confs=<EMPTY_MAP>
2023-07-26 19:46:28,777 [c33e49d7-aab4-4e8b-84a2-e80ab64b386a-groupManagement] INFO  server.RaftServerConfigKeys (ConfUtils.java:logGet(46)) - raft.server.storage.dir = [/home/runner/work/ozone/ozone/hadoop-ozone/integration-test/target/test-dir/MiniOzoneClusterImpl-7725ff52-e03b-4cac-b8cb-596b4b29adc0/datanode-1/data/ratis] (custom)
2023-07-26 19:46:28,778 [c33e49d7-aab4-4e8b-84a2-e80ab64b386a-groupManagement] INFO  server.RaftServerConfigKeys (ConfUtils.java:logGet(46)) - raft.server.log.corruption.policy = EXCEPTION (default)
2023-07-26 19:46:28,778 [c33e49d7-aab4-4e8b-84a2-e80ab64b386a-groupManagement] INFO  server.RaftServerConfigKeys (ConfUtils.java:logGet(46)) - raft.server.storage.free-space.min = 0MB (=0) (default)
2023-07-26 19:46:28,778 [c33e49d7-aab4-4e8b-84a2-e80ab64b386a-groupManagement] INFO  server.RaftServerConfigKeys (ConfUtils.java:logGet(46)) - raft.server.notification.no-leader.timeout = 1000000ms (custom)
2023-07-26 19:46:28,778 [c33e49d7-aab4-4e8b-84a2-e80ab64b386a-groupManagement] INFO  server.RaftServerConfigKeys (ConfUtils.java:logGet(46)) - raft.server.read.timeout = 10s (default)
2023-07-26 19:46:28,778 [c33e49d7-aab4-4e8b-84a2-e80ab64b386a-groupManagement] INFO  server.RaftServerConfigKeys (ConfUtils.java:logGet(46)) - raft.server.retrycache.expirytime = 600000ms (custom)
2023-07-26 19:46:28,778 [c33e49d7-aab4-4e8b-84a2-e80ab64b386a-groupManagement] INFO  server.RaftServerConfigKeys (ConfUtils.java:logGet(46)) - raft.server.retrycache.statistics.expirytime = 100μs (default)
2023-07-26 19:46:28,778 [c33e49d7-aab4-4e8b-84a2-e80ab64b386a-groupManagement] INFO  server.RaftServerConfigKeys (ConfUtils.java:logGet(46)) - raft.server.read.option = DEFAULT (default)
2023-07-26 19:46:28,787 [c33e49d7-aab4-4e8b-84a2-e80ab64b386a-groupManagement] INFO  server.RaftServerConfigKeys (ConfUtils.java:logGet(46)) - raft.server.rpc.request.timeout = 3000ms (default)
2023-07-26 19:46:28,787 [c33e49d7-aab4-4e8b-84a2-e80ab64b386a-groupManagement] INFO  server.RaftServerConfigKeys (ConfUtils.java:logGet(46)) - raft.server.log.appender.install.snapshot.enabled = false (custom)
2023-07-26 19:46:28,787 [c33e49d7-aab4-4e8b-84a2-e80ab64b386a-groupManagement] INFO  server.RaftServerConfigKeys (ConfUtils.java:logGet(46)) - raft.server.threadpool.server.cached = true (default)
2023-07-26 19:46:28,788 [c33e49d7-aab4-4e8b-84a2-e80ab64b386a-groupManagement] INFO  server.RaftServerConfigKeys (ConfUtils.java:logGet(46)) - raft.server.threadpool.server.size = 0 (default)
2023-07-26 19:46:28,789 [c33e49d7-aab4-4e8b-84a2-e80ab64b386a-groupManagement] INFO  server.RaftServerConfigKeys (ConfUtils.java:logGet(46)) - raft.server.threadpool.client.cached = true (default)
2023-07-26 19:46:28,789 [c33e49d7-aab4-4e8b-84a2-e80ab64b386a-groupManagement] INFO  server.RaftServerConfigKeys (ConfUtils.java:logGet(46)) - raft.server.threadpool.client.size = 0 (default)
2023-07-26 19:46:28,789 [c33e49d7-aab4-4e8b-84a2-e80ab64b386a-groupManagement] INFO  storage.RaftStorageDirectory (RaftStorageDirectoryImpl.java:analyzeStorage(137)) - The storage directory /home/runner/work/ozone/ozone/hadoop-ozone/integration-test/target/test-dir/MiniOzoneClusterImpl-7725ff52-e03b-4cac-b8cb-596b4b29adc0/datanode-1/data/ratis/3b99aef4-8783-4028-93c4-c4db3be7cd35 does not exist. Creating ...
2023-07-26 19:46:28,793 [c33e49d7-aab4-4e8b-84a2-e80ab64b386a-groupManagement] INFO  storage.RaftStorageDirectory (RaftStorageDirectoryImpl.java:tryLock(231)) - Lock on /home/runner/work/ozone/ozone/hadoop-ozone/integration-test/target/test-dir/MiniOzoneClusterImpl-7725ff52-e03b-4cac-b8cb-596b4b29adc0/datanode-1/data/ratis/3b99aef4-8783-4028-93c4-c4db3be7cd35/in_use.lock acquired by nodename 5257@fv-az465-709
2023-07-26 19:46:28,795 [c33e49d7-aab4-4e8b-84a2-e80ab64b386a-groupManagement] INFO  storage.RaftStorage (RaftStorageImpl.java:format(96)) - Storage directory /home/runner/work/ozone/ozone/hadoop-ozone/integration-test/target/test-dir/MiniOzoneClusterImpl-7725ff52-e03b-4cac-b8cb-596b4b29adc0/datanode-1/data/ratis/3b99aef4-8783-4028-93c4-c4db3be7cd35 has been successfully formatted.
2023-07-26 19:46:28,800 [EventQueue-PipelineReportForPipelineReportHandler] INFO  pipeline.PipelineReportHandler (PipelineReportHandler.java:processPipelineReport(136)) - Opened pipeline PipelineID=3b99aef4-8783-4028-93c4-c4db3be7cd35
2023-07-26 19:46:28,800 [EventQueue-OpenPipelineForHealthyPipelineSafeModeRule] INFO  safemode.SCMSafeModeManager (HealthyPipelineSafeModeRule.java:process(137)) - SCM in safe mode. Healthy pipelines reported count is 0, required healthy pipeline reported count is 1
2023-07-26 19:46:28,797 [c33e49d7-aab4-4e8b-84a2-e80ab64b386a-groupManagement] INFO  ratis.ContainerStateMachine (ContainerStateMachine.java:loadSnapshot(262)) - group-C4DB3BE7CD35: The snapshot info is null. Setting the last applied indexto:(t:0, i:~)
2023-07-26 19:46:28,801 [c33e49d7-aab4-4e8b-84a2-e80ab64b386a-groupManagement] INFO  server.RaftServerConfigKeys (ConfUtils.java:logGet(46)) - raft.server.log.use.memory = false (default)
2023-07-26 19:46:28,802 [c33e49d7-aab4-4e8b-84a2-e80ab64b386a-groupManagement] INFO  server.RaftServerConfigKeys (ConfUtils.java:logGet(46)) - raft.server.log.purge.gap = 1000000 (custom)
2023-07-26 19:46:28,802 [c33e49d7-aab4-4e8b-84a2-e80ab64b386a-groupManagement] INFO  server.RaftServerConfigKeys (ConfUtils.java:logGet(46)) - raft.server.log.appender.buffer.byte-limit = 33554432 (custom)
2023-07-26 19:46:28,802 [c33e49d7-aab4-4e8b-84a2-e80ab64b386a-groupManagement] INFO  server.RaftServerConfigKeys (ConfUtils.java:logGet(46)) - raft.server.log.statemachine.data.read.timeout = 1000ms (default)
2023-07-26 19:46:28,802 [c33e49d7-aab4-4e8b-84a2-e80ab64b386a-groupManagement] INFO  server.RaftServerConfigKeys (ConfUtils.java:logGet(46)) - raft.server.log.purge.preservation.log.num = 0 (default)
2023-07-26 19:46:28,802 [c33e49d7-aab4-4e8b-84a2-e80ab64b386a-groupManagement] INFO  server.RaftServerConfigKeys (ConfUtils.java:logGet(46)) - raft.server.log.segment.size.max = 1048576 (custom)
2023-07-26 19:46:28,803 [c33e49d7-aab4-4e8b-84a2-e80ab64b386a-groupManagement] INFO  server.RaftServerConfigKeys (ConfUtils.java:logGet(46)) - raft.server.log.segment.cache.num.max = 2 (custom)
2023-07-26 19:46:28,803 [c33e49d7-aab4-4e8b-84a2-e80ab64b386a-groupManagement] INFO  server.RaftServerConfigKeys (ConfUtils.java:logGet(46)) - raft.server.log.segment.cache.size.max = 200MB (=209715200) (default)
2023-07-26 19:46:28,803 [c33e49d7-aab4-4e8b-84a2-e80ab64b386a-groupManagement] INFO  server.RaftServerConfigKeys (ConfUtils.java:logGet(46)) - raft.server.log.appender.buffer.byte-limit = 33554432 (custom)
2023-07-26 19:46:28,804 [c33e49d7-aab4-4e8b-84a2-e80ab64b386a-groupManagement] INFO  segmented.SegmentedRaftLogWorker (SegmentedRaftLogWorker.java:<init>(188)) - new c33e49d7-aab4-4e8b-84a2-e80ab64b386a@group-C4DB3BE7CD35-SegmentedRaftLogWorker for RaftStorageImpl:Storage Directory /home/runner/work/ozone/ozone/hadoop-ozone/integration-test/target/test-dir/MiniOzoneClusterImpl-7725ff52-e03b-4cac-b8cb-596b4b29adc0/datanode-1/data/ratis/3b99aef4-8783-4028-93c4-c4db3be7cd35
2023-07-26 19:46:28,804 [c33e49d7-aab4-4e8b-84a2-e80ab64b386a-groupManagement] INFO  server.RaftServerConfigKeys (ConfUtils.java:logGet(46)) - raft.server.log.queue.byte-limit = 4294967296 (custom)
2023-07-26 19:46:28,804 [c33e49d7-aab4-4e8b-84a2-e80ab64b386a-groupManagement] INFO  server.RaftServerConfigKeys (ConfUtils.java:logGet(46)) - raft.server.log.queue.element-limit = 1024 (custom)
2023-07-26 19:46:28,804 [c33e49d7-aab4-4e8b-84a2-e80ab64b386a-groupManagement] INFO  server.RaftServerConfigKeys (ConfUtils.java:logGet(46)) - raft.server.log.segment.size.max = 1048576 (custom)
2023-07-26 19:46:28,804 [c33e49d7-aab4-4e8b-84a2-e80ab64b386a-groupManagement] INFO  server.RaftServerConfigKeys (ConfUtils.java:logGet(46)) - raft.server.log.preallocated.size = 16384 (custom)
2023-07-26 19:46:28,804 [c33e49d7-aab4-4e8b-84a2-e80ab64b386a-groupManagement] INFO  server.RaftServerConfigKeys (ConfUtils.java:logGet(46)) - raft.server.log.force.sync.num = 128 (default)
2023-07-26 19:46:28,804 [c33e49d7-aab4-4e8b-84a2-e80ab64b386a-groupManagement] INFO  server.RaftServerConfigKeys (ConfUtils.java:logGet(46)) - raft.server.log.statemachine.data.sync = true (default)
2023-07-26 19:46:28,804 [c33e49d7-aab4-4e8b-84a2-e80ab64b386a-groupManagement] INFO  server.RaftServerConfigKeys (ConfUtils.java:logGet(46)) - raft.server.log.statemachine.data.sync.timeout = 10s (default)
2023-07-26 19:46:28,805 [c33e49d7-aab4-4e8b-84a2-e80ab64b386a-groupManagement] INFO  server.RaftServerConfigKeys (ConfUtils.java:logGet(46)) - raft.server.log.statemachine.data.sync.timeout.retry = -1 (default)
2023-07-26 19:46:28,815 [c33e49d7-aab4-4e8b-84a2-e80ab64b386a-groupManagement] INFO  server.RaftServerConfigKeys (ConfUtils.java:logGet(46)) - raft.server.log.write.buffer.size = 1048576 (custom)
2023-07-26 19:46:28,818 [c33e49d7-aab4-4e8b-84a2-e80ab64b386a-groupManagement] INFO  server.RaftServerConfigKeys (ConfUtils.java:logGet(46)) - raft.server.log.appender.buffer.byte-limit = 33554432 (custom)
2023-07-26 19:46:28,821 [BlockDeletingService#2] INFO  interfaces.ContainerDeletionChoosingPolicyTemplate (ContainerDeletionChoosingPolicyTemplate.java:chooseContainerForBlockDeletion(83)) - Chosen 0/5000 blocks from 0 candidate containers.
2023-07-26 19:46:28,825 [BlockDeletingService#1] INFO  interfaces.ContainerDeletionChoosingPolicyTemplate (ContainerDeletionChoosingPolicyTemplate.java:chooseContainerForBlockDeletion(83)) - Chosen 0/5000 blocks from 0 candidate containers.
2023-07-26 19:46:28,825 [BlockDeletingService#8] INFO  interfaces.ContainerDeletionChoosingPolicyTemplate (ContainerDeletionChoosingPolicyTemplate.java:chooseContainerForBlockDeletion(83)) - Chosen 0/5000 blocks from 0 candidate containers.
2023-07-26 19:46:28,833 [c33e49d7-aab4-4e8b-84a2-e80ab64b386a-groupManagement] INFO  server.RaftServerConfigKeys (ConfUtils.java:logGet(46)) - raft.server.log.unsafe-flush.enabled = false (default)
2023-07-26 19:46:28,833 [c33e49d7-aab4-4e8b-84a2-e80ab64b386a-groupManagement] INFO  server.RaftServerConfigKeys (ConfUtils.java:logGet(46)) - raft.server.log.async-flush.enabled = false (default)
2023-07-26 19:46:28,834 [c33e49d7-aab4-4e8b-84a2-e80ab64b386a-groupManagement] INFO  server.RaftServerConfigKeys (ConfUtils.java:logGet(46)) - raft.server.log.statemachine.data.caching.enabled = true (custom)
2023-07-26 19:46:28,836 [c33e49d7-aab4-4e8b-84a2-e80ab64b386a-groupManagement] INFO  segmented.SegmentedRaftLogWorker (SegmentedRaftLogWorker.java:lambda$new$0(135)) - c33e49d7-aab4-4e8b-84a2-e80ab64b386a@group-C4DB3BE7CD35-SegmentedRaftLogWorker: flushIndex: setUnconditionally 0 -> -1
2023-07-26 19:46:28,836 [c33e49d7-aab4-4e8b-84a2-e80ab64b386a-groupManagement] INFO  segmented.SegmentedRaftLogWorker (SegmentedRaftLogWorker.java:lambda$new$0(135)) - c33e49d7-aab4-4e8b-84a2-e80ab64b386a@group-C4DB3BE7CD35-SegmentedRaftLogWorker: safeCacheEvictIndex: setUnconditionally 0 -> -1
2023-07-26 19:46:28,844 [c33e49d7-aab4-4e8b-84a2-e80ab64b386a-groupManagement] INFO  server.RaftServer$Division (RaftServerImpl.java:start(342)) - c33e49d7-aab4-4e8b-84a2-e80ab64b386a@group-C4DB3BE7CD35: start as a follower, conf=-1: peers:[c33e49d7-aab4-4e8b-84a2-e80ab64b386a|rpc:10.1.0.48:15023|admin:10.1.0.48:15022|client:10.1.0.48:15021|dataStream:10.1.0.48:15024|priority:1|startupRole:FOLLOWER]|listeners:[], old=null
2023-07-26 19:46:28,844 [c33e49d7-aab4-4e8b-84a2-e80ab64b386a-groupManagement] INFO  server.RaftServer$Division (RaftServerImpl.java:setRole(329)) - c33e49d7-aab4-4e8b-84a2-e80ab64b386a@group-C4DB3BE7CD35: changes role from      null to FOLLOWER at term 0 for startAsFollower
2023-07-26 19:46:28,848 [c33e49d7-aab4-4e8b-84a2-e80ab64b386a-groupManagement] INFO  impl.RoleInfo (RoleInfo.java:updateAndGet(139)) - c33e49d7-aab4-4e8b-84a2-e80ab64b386a: start c33e49d7-aab4-4e8b-84a2-e80ab64b386a@group-C4DB3BE7CD35-FollowerState
2023-07-26 19:46:28,853 [c33e49d7-aab4-4e8b-84a2-e80ab64b386a@group-C4DB3BE7CD35-FollowerState] INFO  server.RaftServerConfigKeys (ConfUtils.java:logFallback(53)) - raft.server.rpc.first-election.timeout.min = 5s (fallback to raft.server.rpc.timeout.min)
2023-07-26 19:46:28,853 [c33e49d7-aab4-4e8b-84a2-e80ab64b386a-groupManagement] INFO  util.JmxRegister (JmxRegister.java:tryRegister(44)) - Successfully registered JMX Bean with object name Ratis:service=RaftServer,group=group-C4DB3BE7CD35,id=c33e49d7-aab4-4e8b-84a2-e80ab64b386a
2023-07-26 19:46:28,854 [c33e49d7-aab4-4e8b-84a2-e80ab64b386a-groupManagement] INFO  server.RaftServerConfigKeys (ConfUtils.java:logGet(46)) - raft.server.snapshot.auto.trigger.enabled = true (custom)
2023-07-26 19:46:28,854 [c33e49d7-aab4-4e8b-84a2-e80ab64b386a-groupManagement] INFO  server.RaftServerConfigKeys (ConfUtils.java:logGet(46)) - raft.server.snapshot.auto.trigger.threshold = 10000 (custom)
2023-07-26 19:46:28,855 [c33e49d7-aab4-4e8b-84a2-e80ab64b386a-groupManagement] INFO  server.RaftServerConfigKeys (ConfUtils.java:logGet(46)) - raft.server.snapshot.retention.file.num = 5 (custom)
2023-07-26 19:46:28,855 [c33e49d7-aab4-4e8b-84a2-e80ab64b386a-groupManagement] INFO  server.RaftServerConfigKeys (ConfUtils.java:logGet(46)) - raft.server.log.purge.upto.snapshot.index = false (default)
2023-07-26 19:46:28,854 [c33e49d7-aab4-4e8b-84a2-e80ab64b386a@group-C4DB3BE7CD35-FollowerState] INFO  server.RaftServerConfigKeys (ConfUtils.java:logFallback(53)) - raft.server.rpc.first-election.timeout.max = 5200ms (fallback to raft.server.rpc.timeout.max)
2023-07-26 19:46:28,862 [PipelineCommandHandlerThread-0] INFO  ratis.XceiverServerRatis (XceiverServerRatis.java:addGroup(804)) - Created group PipelineID=3b99aef4-8783-4028-93c4-c4db3be7cd35
2023-07-26 19:46:28,862 [PipelineCommandHandlerThread-0] INFO  commandhandler.CreatePipelineCommandHandler (CreatePipelineCommandHandler.java:lambda$handle$2(124)) - Created Pipeline RATIS ONE PipelineID=3b99aef4-8783-4028-93c4-c4db3be7cd35.
2023-07-26 19:46:28,863 [PipelineCommandHandlerThread-0] INFO  server.RaftServer (RaftServerProxy.java:addNew(98)) - c33e49d7-aab4-4e8b-84a2-e80ab64b386a: addNew group-1C7129A268B6:[4099cb2b-2e2e-4151-9db7-f99ade631412|rpc:10.1.0.48:15014|admin:10.1.0.48:15013|client:10.1.0.48:15012|dataStream:10.1.0.48:15015|priority:1|startupRole:FOLLOWER, cc71d3b4-cf6a-416c-96eb-6097e97a8fe1|rpc:10.1.0.48:15032|admin:10.1.0.48:15031|client:10.1.0.48:15030|dataStream:10.1.0.48:15033|priority:0|startupRole:FOLLOWER, c33e49d7-aab4-4e8b-84a2-e80ab64b386a|rpc:10.1.0.48:15023|admin:10.1.0.48:15022|client:10.1.0.48:15021|dataStream:10.1.0.48:15024|priority:0|startupRole:FOLLOWER] returns group-1C7129A268B6:java.util.concurrent.CompletableFuture@1e9a6f8f[Not completed]
2023-07-26 19:46:28,865 [c33e49d7-aab4-4e8b-84a2-e80ab64b386a-groupManagement] INFO  server.RaftServer$Division (RaftServerImpl.java:<init>(198)) - c33e49d7-aab4-4e8b-84a2-e80ab64b386a: new RaftServerImpl for group-1C7129A268B6:[4099cb2b-2e2e-4151-9db7-f99ade631412|rpc:10.1.0.48:15014|admin:10.1.0.48:15013|client:10.1.0.48:15012|dataStream:10.1.0.48:15015|priority:1|startupRole:FOLLOWER, cc71d3b4-cf6a-416c-96eb-6097e97a8fe1|rpc:10.1.0.48:15032|admin:10.1.0.48:15031|client:10.1.0.48:15030|dataStream:10.1.0.48:15033|priority:0|startupRole:FOLLOWER, c33e49d7-aab4-4e8b-84a2-e80ab64b386a|rpc:10.1.0.48:15023|admin:10.1.0.48:15022|client:10.1.0.48:15021|dataStream:10.1.0.48:15024|priority:0|startupRole:FOLLOWER] with ContainerStateMachine:uninitialized
2023-07-26 19:46:28,865 [c33e49d7-aab4-4e8b-84a2-e80ab64b386a-groupManagement] INFO  server.RaftServerConfigKeys (ConfUtils.java:logGet(46)) - raft.server.rpc.timeout.min = 5s (custom)
2023-07-26 19:46:28,865 [c33e49d7-aab4-4e8b-84a2-e80ab64b386a-groupManagement] INFO  server.RaftServerConfigKeys (ConfUtils.java:logGet(46)) - raft.server.rpc.timeout.max = 5200ms (custom)
2023-07-26 19:46:28,865 [c33e49d7-aab4-4e8b-84a2-e80ab64b386a-groupManagement] INFO  server.RaftServerConfigKeys (ConfUtils.java:logGet(46)) - raft.server.rpc.sleep.time = 25ms (default)
2023-07-26 19:46:28,865 [c33e49d7-aab4-4e8b-84a2-e80ab64b386a-groupManagement] INFO  server.RaftServerConfigKeys (ConfUtils.java:logGet(46)) - raft.server.rpc.slowness.timeout = 1000000ms (custom)
2023-07-26 19:46:28,865 [c33e49d7-aab4-4e8b-84a2-e80ab64b386a-groupManagement] INFO  server.RaftServerConfigKeys (ConfUtils.java:logGet(46)) - raft.server.leaderelection.leader.step-down.wait-time = 10s (default)
2023-07-26 19:46:28,865 [c33e49d7-aab4-4e8b-84a2-e80ab64b386a-groupManagement] INFO  server.RaftServerConfigKeys (ConfUtils.java:logGet(46)) - raft.server.sleep.deviation.threshold = 300ms (default)
2023-07-26 19:46:28,866 [c33e49d7-aab4-4e8b-84a2-e80ab64b386a-groupManagement] INFO  server.RaftServer$Division (ServerState.java:<init>(120)) - c33e49d7-aab4-4e8b-84a2-e80ab64b386a@group-1C7129A268B6: ConfigurationManager, init=-1: peers:[4099cb2b-2e2e-4151-9db7-f99ade631412|rpc:10.1.0.48:15014|admin:10.1.0.48:15013|client:10.1.0.48:15012|dataStream:10.1.0.48:15015|priority:1|startupRole:FOLLOWER, cc71d3b4-cf6a-416c-96eb-6097e97a8fe1|rpc:10.1.0.48:15032|admin:10.1.0.48:15031|client:10.1.0.48:15030|dataStream:10.1.0.48:15033|priority:0|startupRole:FOLLOWER, c33e49d7-aab4-4e8b-84a2-e80ab64b386a|rpc:10.1.0.48:15023|admin:10.1.0.48:15022|client:10.1.0.48:15021|dataStream:10.1.0.48:15024|priority:0|startupRole:FOLLOWER]|listeners:[], old=null, confs=<EMPTY_MAP>
2023-07-26 19:46:28,866 [c33e49d7-aab4-4e8b-84a2-e80ab64b386a-groupManagement] INFO  server.RaftServerConfigKeys (ConfUtils.java:logGet(46)) - raft.server.storage.dir = [/home/runner/work/ozone/ozone/hadoop-ozone/integration-test/target/test-dir/MiniOzoneClusterImpl-7725ff52-e03b-4cac-b8cb-596b4b29adc0/datanode-1/data/ratis] (custom)
2023-07-26 19:46:28,867 [c33e49d7-aab4-4e8b-84a2-e80ab64b386a-groupManagement] INFO  server.RaftServerConfigKeys (ConfUtils.java:logGet(46)) - raft.server.log.corruption.policy = EXCEPTION (default)
2023-07-26 19:46:28,867 [c33e49d7-aab4-4e8b-84a2-e80ab64b386a-groupManagement] INFO  server.RaftServerConfigKeys (ConfUtils.java:logGet(46)) - raft.server.storage.free-space.min = 0MB (=0) (default)
2023-07-26 19:46:28,867 [c33e49d7-aab4-4e8b-84a2-e80ab64b386a-groupManagement] INFO  server.RaftServerConfigKeys (ConfUtils.java:logGet(46)) - raft.server.notification.no-leader.timeout = 1000000ms (custom)
2023-07-26 19:46:28,867 [c33e49d7-aab4-4e8b-84a2-e80ab64b386a-groupManagement] INFO  server.RaftServerConfigKeys (ConfUtils.java:logGet(46)) - raft.server.read.timeout = 10s (default)
2023-07-26 19:46:28,867 [c33e49d7-aab4-4e8b-84a2-e80ab64b386a-groupManagement] INFO  server.RaftServerConfigKeys (ConfUtils.java:logGet(46)) - raft.server.retrycache.expirytime = 600000ms (custom)
2023-07-26 19:46:28,867 [c33e49d7-aab4-4e8b-84a2-e80ab64b386a-groupManagement] INFO  server.RaftServerConfigKeys (ConfUtils.java:logGet(46)) - raft.server.retrycache.statistics.expirytime = 100μs (default)
2023-07-26 19:46:28,869 [c33e49d7-aab4-4e8b-84a2-e80ab64b386a-groupManagement] INFO  server.RaftServerConfigKeys (ConfUtils.java:logGet(46)) - raft.server.read.option = DEFAULT (default)
2023-07-26 19:46:28,875 [c33e49d7-aab4-4e8b-84a2-e80ab64b386a-groupManagement] INFO  server.RaftServerConfigKeys (ConfUtils.java:logGet(46)) - raft.server.rpc.request.timeout = 3000ms (default)
2023-07-26 19:46:28,875 [c33e49d7-aab4-4e8b-84a2-e80ab64b386a-groupManagement] INFO  server.RaftServerConfigKeys (ConfUtils.java:logGet(46)) - raft.server.log.appender.install.snapshot.enabled = false (custom)
2023-07-26 19:46:28,875 [c33e49d7-aab4-4e8b-84a2-e80ab64b386a-groupManagement] INFO  server.RaftServerConfigKeys (ConfUtils.java:logGet(46)) - raft.server.threadpool.server.cached = true (default)
2023-07-26 19:46:28,875 [c33e49d7-aab4-4e8b-84a2-e80ab64b386a-groupManagement] INFO  server.RaftServerConfigKeys (ConfUtils.java:logGet(46)) - raft.server.threadpool.server.size = 0 (default)
2023-07-26 19:46:28,875 [c33e49d7-aab4-4e8b-84a2-e80ab64b386a-groupManagement] INFO  server.RaftServerConfigKeys (ConfUtils.java:logGet(46)) - raft.server.threadpool.client.cached = true (default)
2023-07-26 19:46:28,875 [c33e49d7-aab4-4e8b-84a2-e80ab64b386a-groupManagement] INFO  server.RaftServerConfigKeys (ConfUtils.java:logGet(46)) - raft.server.threadpool.client.size = 0 (default)
2023-07-26 19:46:28,875 [c33e49d7-aab4-4e8b-84a2-e80ab64b386a-groupManagement] INFO  storage.RaftStorageDirectory (RaftStorageDirectoryImpl.java:analyzeStorage(137)) - The storage directory /home/runner/work/ozone/ozone/hadoop-ozone/integration-test/target/test-dir/MiniOzoneClusterImpl-7725ff52-e03b-4cac-b8cb-596b4b29adc0/datanode-1/data/ratis/5bbdc32e-28b0-403e-8d78-1c7129a268b6 does not exist. Creating ...
2023-07-26 19:46:28,879 [c33e49d7-aab4-4e8b-84a2-e80ab64b386a-groupManagement] INFO  storage.RaftStorageDirectory (RaftStorageDirectoryImpl.java:tryLock(231)) - Lock on /home/runner/work/ozone/ozone/hadoop-ozone/integration-test/target/test-dir/MiniOzoneClusterImpl-7725ff52-e03b-4cac-b8cb-596b4b29adc0/datanode-1/data/ratis/5bbdc32e-28b0-403e-8d78-1c7129a268b6/in_use.lock acquired by nodename 5257@fv-az465-709
2023-07-26 19:46:28,881 [c33e49d7-aab4-4e8b-84a2-e80ab64b386a-groupManagement] INFO  storage.RaftStorage (RaftStorageImpl.java:format(96)) - Storage directory /home/runner/work/ozone/ozone/hadoop-ozone/integration-test/target/test-dir/MiniOzoneClusterImpl-7725ff52-e03b-4cac-b8cb-596b4b29adc0/datanode-1/data/ratis/5bbdc32e-28b0-403e-8d78-1c7129a268b6 has been successfully formatted.
2023-07-26 19:46:28,882 [c33e49d7-aab4-4e8b-84a2-e80ab64b386a-groupManagement] INFO  ratis.ContainerStateMachine (ContainerStateMachine.java:loadSnapshot(262)) - group-1C7129A268B6: The snapshot info is null. Setting the last applied indexto:(t:0, i:~)
2023-07-26 19:46:28,882 [c33e49d7-aab4-4e8b-84a2-e80ab64b386a-groupManagement] INFO  server.RaftServerConfigKeys (ConfUtils.java:logGet(46)) - raft.server.log.use.memory = false (default)
2023-07-26 19:46:28,884 [EventQueue-OpenPipelineForHealthyPipelineSafeModeRule] INFO  safemode.SCMSafeModeManager (HealthyPipelineSafeModeRule.java:process(137)) - SCM in safe mode. Healthy pipelines reported count is 0, required healthy pipeline reported count is 1
2023-07-26 19:46:28,890 [c33e49d7-aab4-4e8b-84a2-e80ab64b386a-groupManagement] INFO  server.RaftServerConfigKeys (ConfUtils.java:logGet(46)) - raft.server.log.purge.gap = 1000000 (custom)
2023-07-26 19:46:28,890 [c33e49d7-aab4-4e8b-84a2-e80ab64b386a-groupManagement] INFO  server.RaftServerConfigKeys (ConfUtils.java:logGet(46)) - raft.server.log.appender.buffer.byte-limit = 33554432 (custom)
2023-07-26 19:46:28,890 [c33e49d7-aab4-4e8b-84a2-e80ab64b386a-groupManagement] INFO  server.RaftServerConfigKeys (ConfUtils.java:logGet(46)) - raft.server.log.statemachine.data.read.timeout = 1000ms (default)
2023-07-26 19:46:28,890 [c33e49d7-aab4-4e8b-84a2-e80ab64b386a-groupManagement] INFO  server.RaftServerConfigKeys (ConfUtils.java:logGet(46)) - raft.server.log.purge.preservation.log.num = 0 (default)
2023-07-26 19:46:28,890 [c33e49d7-aab4-4e8b-84a2-e80ab64b386a-groupManagement] INFO  server.RaftServerConfigKeys (ConfUtils.java:logGet(46)) - raft.server.log.segment.size.max = 1048576 (custom)
2023-07-26 19:46:28,891 [c33e49d7-aab4-4e8b-84a2-e80ab64b386a-groupManagement] INFO  server.RaftServerConfigKeys (ConfUtils.java:logGet(46)) - raft.server.log.segment.cache.num.max = 2 (custom)
2023-07-26 19:46:28,891 [c33e49d7-aab4-4e8b-84a2-e80ab64b386a-groupManagement] INFO  server.RaftServerConfigKeys (ConfUtils.java:logGet(46)) - raft.server.log.segment.cache.size.max = 200MB (=209715200) (default)
2023-07-26 19:46:28,891 [c33e49d7-aab4-4e8b-84a2-e80ab64b386a-groupManagement] INFO  server.RaftServerConfigKeys (ConfUtils.java:logGet(46)) - raft.server.log.appender.buffer.byte-limit = 33554432 (custom)
2023-07-26 19:46:28,891 [c33e49d7-aab4-4e8b-84a2-e80ab64b386a-groupManagement] INFO  segmented.SegmentedRaftLogWorker (SegmentedRaftLogWorker.java:<init>(188)) - new c33e49d7-aab4-4e8b-84a2-e80ab64b386a@group-1C7129A268B6-SegmentedRaftLogWorker for RaftStorageImpl:Storage Directory /home/runner/work/ozone/ozone/hadoop-ozone/integration-test/target/test-dir/MiniOzoneClusterImpl-7725ff52-e03b-4cac-b8cb-596b4b29adc0/datanode-1/data/ratis/5bbdc32e-28b0-403e-8d78-1c7129a268b6
2023-07-26 19:46:28,891 [c33e49d7-aab4-4e8b-84a2-e80ab64b386a-groupManagement] INFO  server.RaftServerConfigKeys (ConfUtils.java:logGet(46)) - raft.server.log.queue.byte-limit = 4294967296 (custom)
2023-07-26 19:46:28,892 [c33e49d7-aab4-4e8b-84a2-e80ab64b386a-groupManagement] INFO  server.RaftServerConfigKeys (ConfUtils.java:logGet(46)) - raft.server.log.queue.element-limit = 1024 (custom)
2023-07-26 19:46:28,892 [c33e49d7-aab4-4e8b-84a2-e80ab64b386a-groupManagement] INFO  server.RaftServerConfigKeys (ConfUtils.java:logGet(46)) - raft.server.log.segment.size.max = 1048576 (custom)
2023-07-26 19:46:28,893 [c33e49d7-aab4-4e8b-84a2-e80ab64b386a-groupManagement] INFO  server.RaftServerConfigKeys (ConfUtils.java:logGet(46)) - raft.server.log.preallocated.size = 16384 (custom)
2023-07-26 19:46:28,893 [c33e49d7-aab4-4e8b-84a2-e80ab64b386a-groupManagement] INFO  server.RaftServerConfigKeys (ConfUtils.java:logGet(46)) - raft.server.log.force.sync.num = 128 (default)
2023-07-26 19:46:28,893 [c33e49d7-aab4-4e8b-84a2-e80ab64b386a-groupManagement] INFO  server.RaftServerConfigKeys (ConfUtils.java:logGet(46)) - raft.server.log.statemachine.data.sync = true (default)
2023-07-26 19:46:28,893 [c33e49d7-aab4-4e8b-84a2-e80ab64b386a-groupManagement] INFO  server.RaftServerConfigKeys (ConfUtils.java:logGet(46)) - raft.server.log.statemachine.data.sync.timeout = 10s (default)
2023-07-26 19:46:28,893 [c33e49d7-aab4-4e8b-84a2-e80ab64b386a-groupManagement] INFO  server.RaftServerConfigKeys (ConfUtils.java:logGet(46)) - raft.server.log.statemachine.data.sync.timeout.retry = -1 (default)
2023-07-26 19:46:28,897 [c33e49d7-aab4-4e8b-84a2-e80ab64b386a-groupManagement] INFO  server.RaftServerConfigKeys (ConfUtils.java:logGet(46)) - raft.server.log.write.buffer.size = 1048576 (custom)
2023-07-26 19:46:28,899 [c33e49d7-aab4-4e8b-84a2-e80ab64b386a-groupManagement] INFO  server.RaftServerConfigKeys (ConfUtils.java:logGet(46)) - raft.server.log.appender.buffer.byte-limit = 33554432 (custom)
2023-07-26 19:46:28,913 [c33e49d7-aab4-4e8b-84a2-e80ab64b386a-groupManagement] INFO  server.RaftServerConfigKeys (ConfUtils.java:logGet(46)) - raft.server.log.unsafe-flush.enabled = false (default)
2023-07-26 19:46:28,913 [c33e49d7-aab4-4e8b-84a2-e80ab64b386a-groupManagement] INFO  server.RaftServerConfigKeys (ConfUtils.java:logGet(46)) - raft.server.log.async-flush.enabled = false (default)
2023-07-26 19:46:28,913 [c33e49d7-aab4-4e8b-84a2-e80ab64b386a-groupManagement] INFO  server.RaftServerConfigKeys (ConfUtils.java:logGet(46)) - raft.server.log.statemachine.data.caching.enabled = true (custom)
2023-07-26 19:46:28,913 [c33e49d7-aab4-4e8b-84a2-e80ab64b386a-groupManagement] INFO  segmented.SegmentedRaftLogWorker (SegmentedRaftLogWorker.java:lambda$new$0(135)) - c33e49d7-aab4-4e8b-84a2-e80ab64b386a@group-1C7129A268B6-SegmentedRaftLogWorker: flushIndex: setUnconditionally 0 -> -1
2023-07-26 19:46:28,915 [c33e49d7-aab4-4e8b-84a2-e80ab64b386a-groupManagement] INFO  segmented.SegmentedRaftLogWorker (SegmentedRaftLogWorker.java:lambda$new$0(135)) - c33e49d7-aab4-4e8b-84a2-e80ab64b386a@group-1C7129A268B6-SegmentedRaftLogWorker: safeCacheEvictIndex: setUnconditionally 0 -> -1
2023-07-26 19:46:28,920 [c33e49d7-aab4-4e8b-84a2-e80ab64b386a-groupManagement] INFO  server.RaftServer$Division (RaftServerImpl.java:start(342)) - c33e49d7-aab4-4e8b-84a2-e80ab64b386a@group-1C7129A268B6: start as a follower, conf=-1: peers:[4099cb2b-2e2e-4151-9db7-f99ade631412|rpc:10.1.0.48:15014|admin:10.1.0.48:15013|client:10.1.0.48:15012|dataStream:10.1.0.48:15015|priority:1|startupRole:FOLLOWER, cc71d3b4-cf6a-416c-96eb-6097e97a8fe1|rpc:10.1.0.48:15032|admin:10.1.0.48:15031|client:10.1.0.48:15030|dataStream:10.1.0.48:15033|priority:0|startupRole:FOLLOWER, c33e49d7-aab4-4e8b-84a2-e80ab64b386a|rpc:10.1.0.48:15023|admin:10.1.0.48:15022|client:10.1.0.48:15021|dataStream:10.1.0.48:15024|priority:0|startupRole:FOLLOWER]|listeners:[], old=null
2023-07-26 19:46:28,920 [c33e49d7-aab4-4e8b-84a2-e80ab64b386a-groupManagement] INFO  server.RaftServer$Division (RaftServerImpl.java:setRole(329)) - c33e49d7-aab4-4e8b-84a2-e80ab64b386a@group-1C7129A268B6: changes role from      null to FOLLOWER at term 0 for startAsFollower
2023-07-26 19:46:28,920 [c33e49d7-aab4-4e8b-84a2-e80ab64b386a-groupManagement] INFO  impl.RoleInfo (RoleInfo.java:updateAndGet(139)) - c33e49d7-aab4-4e8b-84a2-e80ab64b386a: start c33e49d7-aab4-4e8b-84a2-e80ab64b386a@group-1C7129A268B6-FollowerState
2023-07-26 19:46:28,922 [BlockDeletingService#2] INFO  interfaces.ContainerDeletionChoosingPolicyTemplate (ContainerDeletionChoosingPolicyTemplate.java:chooseContainerForBlockDeletion(83)) - Chosen 0/5000 blocks from 0 candidate containers.
2023-07-26 19:46:28,925 [c33e49d7-aab4-4e8b-84a2-e80ab64b386a-groupManagement] INFO  util.JmxRegister (JmxRegister.java:tryRegister(44)) - Successfully registered JMX Bean with object name Ratis:service=RaftServer,group=group-1C7129A268B6,id=c33e49d7-aab4-4e8b-84a2-e80ab64b386a
2023-07-26 19:46:28,925 [c33e49d7-aab4-4e8b-84a2-e80ab64b386a-groupManagement] INFO  server.RaftServerConfigKeys (ConfUtils.java:logGet(46)) - raft.server.snapshot.auto.trigger.enabled = true (custom)
2023-07-26 19:46:28,925 [c33e49d7-aab4-4e8b-84a2-e80ab64b386a-groupManagement] INFO  server.RaftServerConfigKeys (ConfUtils.java:logGet(46)) - raft.server.snapshot.auto.trigger.threshold = 10000 (custom)
2023-07-26 19:46:28,926 [c33e49d7-aab4-4e8b-84a2-e80ab64b386a-groupManagement] INFO  server.RaftServerConfigKeys (ConfUtils.java:logGet(46)) - raft.server.snapshot.retention.file.num = 5 (custom)
2023-07-26 19:46:28,926 [c33e49d7-aab4-4e8b-84a2-e80ab64b386a-groupManagement] INFO  server.RaftServerConfigKeys (ConfUtils.java:logGet(46)) - raft.server.log.purge.upto.snapshot.index = false (default)
2023-07-26 19:46:28,926 [BlockDeletingService#1] INFO  interfaces.ContainerDeletionChoosingPolicyTemplate (ContainerDeletionChoosingPolicyTemplate.java:chooseContainerForBlockDeletion(83)) - Chosen 0/5000 blocks from 0 candidate containers.
2023-07-26 19:46:28,927 [BlockDeletingService#8] INFO  interfaces.ContainerDeletionChoosingPolicyTemplate (ContainerDeletionChoosingPolicyTemplate.java:chooseContainerForBlockDeletion(83)) - Chosen 0/5000 blocks from 0 candidate containers.
2023-07-26 19:46:28,927 [c33e49d7-aab4-4e8b-84a2-e80ab64b386a@group-1C7129A268B6-FollowerState] INFO  server.RaftServerConfigKeys (ConfUtils.java:logFallback(53)) - raft.server.rpc.first-election.timeout.min = 5s (fallback to raft.server.rpc.timeout.min)
2023-07-26 19:46:28,927 [c33e49d7-aab4-4e8b-84a2-e80ab64b386a@group-1C7129A268B6-FollowerState] INFO  server.RaftServerConfigKeys (ConfUtils.java:logFallback(53)) - raft.server.rpc.first-election.timeout.max = 5200ms (fallback to raft.server.rpc.timeout.max)
2023-07-26 19:46:28,928 [PipelineCommandHandlerThread-0] INFO  ratis.XceiverServerRatis (XceiverServerRatis.java:addGroup(804)) - Created group PipelineID=5bbdc32e-28b0-403e-8d78-1c7129a268b6
2023-07-26 19:46:29,024 [BlockDeletingService#2] INFO  interfaces.ContainerDeletionChoosingPolicyTemplate (ContainerDeletionChoosingPolicyTemplate.java:chooseContainerForBlockDeletion(83)) - Chosen 0/5000 blocks from 0 candidate containers.
2023-07-26 19:46:29,027 [BlockDeletingService#1] INFO  interfaces.ContainerDeletionChoosingPolicyTemplate (ContainerDeletionChoosingPolicyTemplate.java:chooseContainerForBlockDeletion(83)) - Chosen 0/5000 blocks from 0 candidate containers.
2023-07-26 19:46:29,029 [BlockDeletingService#8] INFO  interfaces.ContainerDeletionChoosingPolicyTemplate (ContainerDeletionChoosingPolicyTemplate.java:chooseContainerForBlockDeletion(83)) - Chosen 0/5000 blocks from 0 candidate containers.
2023-07-26 19:46:29,125 [BlockDeletingService#2] INFO  interfaces.ContainerDeletionChoosingPolicyTemplate (ContainerDeletionChoosingPolicyTemplate.java:chooseContainerForBlockDeletion(83)) - Chosen 0/5000 blocks from 0 candidate containers.
2023-07-26 19:46:29,127 [BlockDeletingService#1] INFO  interfaces.ContainerDeletionChoosingPolicyTemplate (ContainerDeletionChoosingPolicyTemplate.java:chooseContainerForBlockDeletion(83)) - Chosen 0/5000 blocks from 0 candidate containers.
2023-07-26 19:46:29,129 [BlockDeletingService#8] INFO  interfaces.ContainerDeletionChoosingPolicyTemplate (ContainerDeletionChoosingPolicyTemplate.java:chooseContainerForBlockDeletion(83)) - Chosen 0/5000 blocks from 0 candidate containers.
2023-07-26 19:46:29,153 [main] INFO  ozone.MiniOzoneClusterImpl (MiniOzoneClusterImpl.java:lambda$waitForClusterToBeReady$0(224)) - Nodes are ready. Got 3 of 3 DN Heartbeats.
2023-07-26 19:46:29,153 [main] INFO  ozone.MiniOzoneClusterImpl (MiniOzoneClusterImpl.java:lambda$waitForClusterToBeReady$0(227)) - Waiting for cluster to exit safe mode
2023-07-26 19:46:29,153 [main] INFO  ozone.MiniOzoneClusterImpl (MiniOzoneClusterImpl.java:lambda$waitForClusterToBeReady$0(229)) - SCM became leader
2023-07-26 19:46:29,161 [PipelineCommandHandlerThread-0] INFO  server.RaftServer (RaftServerProxy.java:addNew(98)) - cc71d3b4-cf6a-416c-96eb-6097e97a8fe1: addNew group-97E4824FB173:[cc71d3b4-cf6a-416c-96eb-6097e97a8fe1|rpc:10.1.0.48:15032|admin:10.1.0.48:15031|client:10.1.0.48:15030|dataStream:10.1.0.48:15033|priority:1|startupRole:FOLLOWER] returns group-97E4824FB173:java.util.concurrent.CompletableFuture@18cda956[Not completed]
2023-07-26 19:46:29,163 [cc71d3b4-cf6a-416c-96eb-6097e97a8fe1-groupManagement] INFO  server.RaftServer$Division (RaftServerImpl.java:<init>(198)) - cc71d3b4-cf6a-416c-96eb-6097e97a8fe1: new RaftServerImpl for group-97E4824FB173:[cc71d3b4-cf6a-416c-96eb-6097e97a8fe1|rpc:10.1.0.48:15032|admin:10.1.0.48:15031|client:10.1.0.48:15030|dataStream:10.1.0.48:15033|priority:1|startupRole:FOLLOWER] with ContainerStateMachine:uninitialized
2023-07-26 19:46:29,164 [cc71d3b4-cf6a-416c-96eb-6097e97a8fe1-groupManagement] INFO  server.RaftServerConfigKeys (ConfUtils.java:logGet(46)) - raft.server.rpc.timeout.min = 5s (custom)
2023-07-26 19:46:29,164 [cc71d3b4-cf6a-416c-96eb-6097e97a8fe1-groupManagement] INFO  server.RaftServerConfigKeys (ConfUtils.java:logGet(46)) - raft.server.rpc.timeout.max = 5200ms (custom)
2023-07-26 19:46:29,164 [cc71d3b4-cf6a-416c-96eb-6097e97a8fe1-groupManagement] INFO  server.RaftServerConfigKeys (ConfUtils.java:logGet(46)) - raft.server.rpc.sleep.time = 25ms (default)
2023-07-26 19:46:29,164 [cc71d3b4-cf6a-416c-96eb-6097e97a8fe1-groupManagement] INFO  server.RaftServerConfigKeys (ConfUtils.java:logGet(46)) - raft.server.rpc.slowness.timeout = 1000000ms (custom)
2023-07-26 19:46:29,164 [cc71d3b4-cf6a-416c-96eb-6097e97a8fe1-groupManagement] INFO  server.RaftServerConfigKeys (ConfUtils.java:logGet(46)) - raft.server.leaderelection.leader.step-down.wait-time = 10s (default)
2023-07-26 19:46:29,164 [cc71d3b4-cf6a-416c-96eb-6097e97a8fe1-groupManagement] INFO  server.RaftServerConfigKeys (ConfUtils.java:logGet(46)) - raft.server.sleep.deviation.threshold = 300ms (default)
2023-07-26 19:46:29,164 [cc71d3b4-cf6a-416c-96eb-6097e97a8fe1-groupManagement] INFO  server.RaftServer$Division (ServerState.java:<init>(120)) - cc71d3b4-cf6a-416c-96eb-6097e97a8fe1@group-97E4824FB173: ConfigurationManager, init=-1: peers:[cc71d3b4-cf6a-416c-96eb-6097e97a8fe1|rpc:10.1.0.48:15032|admin:10.1.0.48:15031|client:10.1.0.48:15030|dataStream:10.1.0.48:15033|priority:1|startupRole:FOLLOWER]|listeners:[], old=null, confs=<EMPTY_MAP>
2023-07-26 19:46:29,164 [cc71d3b4-cf6a-416c-96eb-6097e97a8fe1-groupManagement] INFO  server.RaftServerConfigKeys (ConfUtils.java:logGet(46)) - raft.server.storage.dir = [/home/runner/work/ozone/ozone/hadoop-ozone/integration-test/target/test-dir/MiniOzoneClusterImpl-7725ff52-e03b-4cac-b8cb-596b4b29adc0/datanode-2/data/ratis] (custom)
2023-07-26 19:46:29,165 [cc71d3b4-cf6a-416c-96eb-6097e97a8fe1-groupManagement] INFO  server.RaftServerConfigKeys (ConfUtils.java:logGet(46)) - raft.server.log.corruption.policy = EXCEPTION (default)
2023-07-26 19:46:29,165 [cc71d3b4-cf6a-416c-96eb-6097e97a8fe1-groupManagement] INFO  server.RaftServerConfigKeys (ConfUtils.java:logGet(46)) - raft.server.storage.free-space.min = 0MB (=0) (default)
2023-07-26 19:46:29,165 [cc71d3b4-cf6a-416c-96eb-6097e97a8fe1-groupManagement] INFO  server.RaftServerConfigKeys (ConfUtils.java:logGet(46)) - raft.server.notification.no-leader.timeout = 1000000ms (custom)
2023-07-26 19:46:29,165 [cc71d3b4-cf6a-416c-96eb-6097e97a8fe1-groupManagement] INFO  server.RaftServerConfigKeys (ConfUtils.java:logGet(46)) - raft.server.read.timeout = 10s (default)
2023-07-26 19:46:29,174 [cc71d3b4-cf6a-416c-96eb-6097e97a8fe1-groupManagement] INFO  server.RaftServerConfigKeys (ConfUtils.java:logGet(46)) - raft.server.retrycache.expirytime = 600000ms (custom)
2023-07-26 19:46:29,174 [cc71d3b4-cf6a-416c-96eb-6097e97a8fe1-groupManagement] INFO  server.RaftServerConfigKeys (ConfUtils.java:logGet(46)) - raft.server.retrycache.statistics.expirytime = 100μs (default)
2023-07-26 19:46:29,174 [cc71d3b4-cf6a-416c-96eb-6097e97a8fe1-groupManagement] INFO  server.RaftServerConfigKeys (ConfUtils.java:logGet(46)) - raft.server.read.option = DEFAULT (default)
2023-07-26 19:46:29,190 [cc71d3b4-cf6a-416c-96eb-6097e97a8fe1-groupManagement] INFO  server.RaftServerConfigKeys (ConfUtils.java:logGet(46)) - raft.server.rpc.request.timeout = 3000ms (default)
2023-07-26 19:46:29,190 [cc71d3b4-cf6a-416c-96eb-6097e97a8fe1-groupManagement] INFO  server.RaftServerConfigKeys (ConfUtils.java:logGet(46)) - raft.server.log.appender.install.snapshot.enabled = false (custom)
2023-07-26 19:46:29,190 [cc71d3b4-cf6a-416c-96eb-6097e97a8fe1-groupManagement] INFO  server.RaftServerConfigKeys (ConfUtils.java:logGet(46)) - raft.server.threadpool.server.cached = true (default)
2023-07-26 19:46:29,190 [cc71d3b4-cf6a-416c-96eb-6097e97a8fe1-groupManagement] INFO  server.RaftServerConfigKeys (ConfUtils.java:logGet(46)) - raft.server.threadpool.server.size = 0 (default)
2023-07-26 19:46:29,190 [cc71d3b4-cf6a-416c-96eb-6097e97a8fe1-groupManagement] INFO  server.RaftServerConfigKeys (ConfUtils.java:logGet(46)) - raft.server.threadpool.client.cached = true (default)
2023-07-26 19:46:29,191 [cc71d3b4-cf6a-416c-96eb-6097e97a8fe1-groupManagement] INFO  server.RaftServerConfigKeys (ConfUtils.java:logGet(46)) - raft.server.threadpool.client.size = 0 (default)
2023-07-26 19:46:29,191 [cc71d3b4-cf6a-416c-96eb-6097e97a8fe1-groupManagement] INFO  storage.RaftStorageDirectory (RaftStorageDirectoryImpl.java:analyzeStorage(137)) - The storage directory /home/runner/work/ozone/ozone/hadoop-ozone/integration-test/target/test-dir/MiniOzoneClusterImpl-7725ff52-e03b-4cac-b8cb-596b4b29adc0/datanode-2/data/ratis/2346a8cb-c052-4fb7-a2b3-97e4824fb173 does not exist. Creating ...
2023-07-26 19:46:29,194 [cc71d3b4-cf6a-416c-96eb-6097e97a8fe1-groupManagement] INFO  storage.RaftStorageDirectory (RaftStorageDirectoryImpl.java:tryLock(231)) - Lock on /home/runner/work/ozone/ozone/hadoop-ozone/integration-test/target/test-dir/MiniOzoneClusterImpl-7725ff52-e03b-4cac-b8cb-596b4b29adc0/datanode-2/data/ratis/2346a8cb-c052-4fb7-a2b3-97e4824fb173/in_use.lock acquired by nodename 5257@fv-az465-709
2023-07-26 19:46:29,196 [cc71d3b4-cf6a-416c-96eb-6097e97a8fe1-groupManagement] INFO  storage.RaftStorage (RaftStorageImpl.java:format(96)) - Storage directory /home/runner/work/ozone/ozone/hadoop-ozone/integration-test/target/test-dir/MiniOzoneClusterImpl-7725ff52-e03b-4cac-b8cb-596b4b29adc0/datanode-2/data/ratis/2346a8cb-c052-4fb7-a2b3-97e4824fb173 has been successfully formatted.
2023-07-26 19:46:29,197 [cc71d3b4-cf6a-416c-96eb-6097e97a8fe1-groupManagement] INFO  ratis.ContainerStateMachine (ContainerStateMachine.java:loadSnapshot(262)) - group-97E4824FB173: The snapshot info is null. Setting the last applied indexto:(t:0, i:~)
2023-07-26 19:46:29,197 [cc71d3b4-cf6a-416c-96eb-6097e97a8fe1-groupManagement] INFO  server.RaftServerConfigKeys (ConfUtils.java:logGet(46)) - raft.server.log.use.memory = false (default)
2023-07-26 19:46:29,197 [cc71d3b4-cf6a-416c-96eb-6097e97a8fe1-groupManagement] INFO  server.RaftServerConfigKeys (ConfUtils.java:logGet(46)) - raft.server.log.purge.gap = 1000000 (custom)
2023-07-26 19:46:29,198 [cc71d3b4-cf6a-416c-96eb-6097e97a8fe1-groupManagement] INFO  server.RaftServerConfigKeys (ConfUtils.java:logGet(46)) - raft.server.log.appender.buffer.byte-limit = 33554432 (custom)
2023-07-26 19:46:29,198 [cc71d3b4-cf6a-416c-96eb-6097e97a8fe1-groupManagement] INFO  server.RaftServerConfigKeys (ConfUtils.java:logGet(46)) - raft.server.log.statemachine.data.read.timeout = 1000ms (default)
2023-07-26 19:46:29,198 [cc71d3b4-cf6a-416c-96eb-6097e97a8fe1-groupManagement] INFO  server.RaftServerConfigKeys (ConfUtils.java:logGet(46)) - raft.server.log.purge.preservation.log.num = 0 (default)
2023-07-26 19:46:29,200 [EventQueue-PipelineReportForPipelineReportHandler] INFO  pipeline.PipelineReportHandler (PipelineReportHandler.java:processPipelineReport(136)) - Opened pipeline PipelineID=2346a8cb-c052-4fb7-a2b3-97e4824fb173
2023-07-26 19:46:29,200 [EventQueue-OpenPipelineForHealthyPipelineSafeModeRule] INFO  safemode.SCMSafeModeManager (HealthyPipelineSafeModeRule.java:process(137)) - SCM in safe mode. Healthy pipelines reported count is 0, required healthy pipeline reported count is 1
2023-07-26 19:46:29,201 [cc71d3b4-cf6a-416c-96eb-6097e97a8fe1-groupManagement] INFO  server.RaftServerConfigKeys (ConfUtils.java:logGet(46)) - raft.server.log.segment.size.max = 1048576 (custom)
2023-07-26 19:46:29,201 [cc71d3b4-cf6a-416c-96eb-6097e97a8fe1-groupManagement] INFO  server.RaftServerConfigKeys (ConfUtils.java:logGet(46)) - raft.server.log.segment.cache.num.max = 2 (custom)
2023-07-26 19:46:29,201 [cc71d3b4-cf6a-416c-96eb-6097e97a8fe1-groupManagement] INFO  server.RaftServerConfigKeys (ConfUtils.java:logGet(46)) - raft.server.log.segment.cache.size.max = 200MB (=209715200) (default)
2023-07-26 19:46:29,201 [cc71d3b4-cf6a-416c-96eb-6097e97a8fe1-groupManagement] INFO  server.RaftServerConfigKeys (ConfUtils.java:logGet(46)) - raft.server.log.appender.buffer.byte-limit = 33554432 (custom)
2023-07-26 19:46:29,201 [cc71d3b4-cf6a-416c-96eb-6097e97a8fe1-groupManagement] INFO  segmented.SegmentedRaftLogWorker (SegmentedRaftLogWorker.java:<init>(188)) - new cc71d3b4-cf6a-416c-96eb-6097e97a8fe1@group-97E4824FB173-SegmentedRaftLogWorker for RaftStorageImpl:Storage Directory /home/runner/work/ozone/ozone/hadoop-ozone/integration-test/target/test-dir/MiniOzoneClusterImpl-7725ff52-e03b-4cac-b8cb-596b4b29adc0/datanode-2/data/ratis/2346a8cb-c052-4fb7-a2b3-97e4824fb173
2023-07-26 19:46:29,202 [cc71d3b4-cf6a-416c-96eb-6097e97a8fe1-groupManagement] INFO  server.RaftServerConfigKeys (ConfUtils.java:logGet(46)) - raft.server.log.queue.byte-limit = 4294967296 (custom)
2023-07-26 19:46:29,202 [cc71d3b4-cf6a-416c-96eb-6097e97a8fe1-groupManagement] INFO  server.RaftServerConfigKeys (ConfUtils.java:logGet(46)) - raft.server.log.queue.element-limit = 1024 (custom)
2023-07-26 19:46:29,202 [cc71d3b4-cf6a-416c-96eb-6097e97a8fe1-groupManagement] INFO  server.RaftServerConfigKeys (ConfUtils.java:logGet(46)) - raft.server.log.segment.size.max = 1048576 (custom)
2023-07-26 19:46:29,202 [cc71d3b4-cf6a-416c-96eb-6097e97a8fe1-groupManagement] INFO  server.RaftServerConfigKeys (ConfUtils.java:logGet(46)) - raft.server.log.preallocated.size = 16384 (custom)
2023-07-26 19:46:29,202 [cc71d3b4-cf6a-416c-96eb-6097e97a8fe1-groupManagement] INFO  server.RaftServerConfigKeys (ConfUtils.java:logGet(46)) - raft.server.log.force.sync.num = 128 (default)
2023-07-26 19:46:29,202 [cc71d3b4-cf6a-416c-96eb-6097e97a8fe1-groupManagement] INFO  server.RaftServerConfigKeys (ConfUtils.java:logGet(46)) - raft.server.log.statemachine.data.sync = true (default)
2023-07-26 19:46:29,202 [cc71d3b4-cf6a-416c-96eb-6097e97a8fe1-groupManagement] INFO  server.RaftServerConfigKeys (ConfUtils.java:logGet(46)) - raft.server.log.statemachine.data.sync.timeout = 10s (default)
2023-07-26 19:46:29,202 [cc71d3b4-cf6a-416c-96eb-6097e97a8fe1-groupManagement] INFO  server.RaftServerConfigKeys (ConfUtils.java:logGet(46)) - raft.server.log.statemachine.data.sync.timeout.retry = -1 (default)
2023-07-26 19:46:29,203 [cc71d3b4-cf6a-416c-96eb-6097e97a8fe1-groupManagement] INFO  server.RaftServerConfigKeys (ConfUtils.java:logGet(46)) - raft.server.log.write.buffer.size = 1048576 (custom)
2023-07-26 19:46:29,205 [cc71d3b4-cf6a-416c-96eb-6097e97a8fe1-groupManagement] INFO  server.RaftServerConfigKeys (ConfUtils.java:logGet(46)) - raft.server.log.appender.buffer.byte-limit = 33554432 (custom)
2023-07-26 19:46:29,217 [cc71d3b4-cf6a-416c-96eb-6097e97a8fe1-groupManagement] INFO  server.RaftServerConfigKeys (ConfUtils.java:logGet(46)) - raft.server.log.unsafe-flush.enabled = false (default)
2023-07-26 19:46:29,217 [cc71d3b4-cf6a-416c-96eb-6097e97a8fe1-groupManagement] INFO  server.RaftServerConfigKeys (ConfUtils.java:logGet(46)) - raft.server.log.async-flush.enabled = false (default)
2023-07-26 19:46:29,217 [cc71d3b4-cf6a-416c-96eb-6097e97a8fe1-groupManagement] INFO  server.RaftServerConfigKeys (ConfUtils.java:logGet(46)) - raft.server.log.statemachine.data.caching.enabled = true (custom)
2023-07-26 19:46:29,218 [cc71d3b4-cf6a-416c-96eb-6097e97a8fe1-groupManagement] INFO  segmented.SegmentedRaftLogWorker (SegmentedRaftLogWorker.java:lambda$new$0(135)) - cc71d3b4-cf6a-416c-96eb-6097e97a8fe1@group-97E4824FB173-SegmentedRaftLogWorker: flushIndex: setUnconditionally 0 -> -1
2023-07-26 19:46:29,218 [cc71d3b4-cf6a-416c-96eb-6097e97a8fe1-groupManagement] INFO  segmented.SegmentedRaftLogWorker (SegmentedRaftLogWorker.java:lambda$new$0(135)) - cc71d3b4-cf6a-416c-96eb-6097e97a8fe1@group-97E4824FB173-SegmentedRaftLogWorker: safeCacheEvictIndex: setUnconditionally 0 -> -1
2023-07-26 19:46:29,218 [cc71d3b4-cf6a-416c-96eb-6097e97a8fe1-groupManagement] INFO  server.RaftServer$Division (RaftServerImpl.java:start(342)) - cc71d3b4-cf6a-416c-96eb-6097e97a8fe1@group-97E4824FB173: start as a follower, conf=-1: peers:[cc71d3b4-cf6a-416c-96eb-6097e97a8fe1|rpc:10.1.0.48:15032|admin:10.1.0.48:15031|client:10.1.0.48:15030|dataStream:10.1.0.48:15033|priority:1|startupRole:FOLLOWER]|listeners:[], old=null
2023-07-26 19:46:29,218 [cc71d3b4-cf6a-416c-96eb-6097e97a8fe1-groupManagement] INFO  server.RaftServer$Division (RaftServerImpl.java:setRole(329)) - cc71d3b4-cf6a-416c-96eb-6097e97a8fe1@group-97E4824FB173: changes role from      null to FOLLOWER at term 0 for startAsFollower
2023-07-26 19:46:29,218 [cc71d3b4-cf6a-416c-96eb-6097e97a8fe1-groupManagement] INFO  impl.RoleInfo (RoleInfo.java:updateAndGet(139)) - cc71d3b4-cf6a-416c-96eb-6097e97a8fe1: start cc71d3b4-cf6a-416c-96eb-6097e97a8fe1@group-97E4824FB173-FollowerState
2023-07-26 19:46:29,219 [cc71d3b4-cf6a-416c-96eb-6097e97a8fe1-groupManagement] INFO  util.JmxRegister (JmxRegister.java:tryRegister(44)) - Successfully registered JMX Bean with object name Ratis:service=RaftServer,group=group-97E4824FB173,id=cc71d3b4-cf6a-416c-96eb-6097e97a8fe1
2023-07-26 19:46:29,219 [cc71d3b4-cf6a-416c-96eb-6097e97a8fe1-groupManagement] INFO  server.RaftServerConfigKeys (ConfUtils.java:logGet(46)) - raft.server.snapshot.auto.trigger.enabled = true (custom)
2023-07-26 19:46:29,219 [cc71d3b4-cf6a-416c-96eb-6097e97a8fe1-groupManagement] INFO  server.RaftServerConfigKeys (ConfUtils.java:logGet(46)) - raft.server.snapshot.auto.trigger.threshold = 10000 (custom)
2023-07-26 19:46:29,219 [cc71d3b4-cf6a-416c-96eb-6097e97a8fe1-groupManagement] INFO  server.RaftServerConfigKeys (ConfUtils.java:logGet(46)) - raft.server.snapshot.retention.file.num = 5 (custom)
2023-07-26 19:46:29,219 [cc71d3b4-cf6a-416c-96eb-6097e97a8fe1-groupManagement] INFO  server.RaftServerConfigKeys (ConfUtils.java:logGet(46)) - raft.server.log.purge.upto.snapshot.index = false (default)
2023-07-26 19:46:29,225 [BlockDeletingService#2] INFO  interfaces.ContainerDeletionChoosingPolicyTemplate (ContainerDeletionChoosingPolicyTemplate.java:chooseContainerForBlockDeletion(83)) - Chosen 0/5000 blocks from 0 candidate containers.
2023-07-26 19:46:29,226 [cc71d3b4-cf6a-416c-96eb-6097e97a8fe1@group-97E4824FB173-FollowerState] INFO  server.RaftServerConfigKeys (ConfUtils.java:logFallback(53)) - raft.server.rpc.first-election.timeout.min = 5s (fallback to raft.server.rpc.timeout.min)
2023-07-26 19:46:29,227 [cc71d3b4-cf6a-416c-96eb-6097e97a8fe1@group-97E4824FB173-FollowerState] INFO  server.RaftServerConfigKeys (ConfUtils.java:logFallback(53)) - raft.server.rpc.first-election.timeout.max = 5200ms (fallback to raft.server.rpc.timeout.max)
2023-07-26 19:46:29,228 [BlockDeletingService#1] INFO  interfaces.ContainerDeletionChoosingPolicyTemplate (ContainerDeletionChoosingPolicyTemplate.java:chooseContainerForBlockDeletion(83)) - Chosen 0/5000 blocks from 0 candidate containers.
2023-07-26 19:46:29,229 [BlockDeletingService#8] INFO  interfaces.ContainerDeletionChoosingPolicyTemplate (ContainerDeletionChoosingPolicyTemplate.java:chooseContainerForBlockDeletion(83)) - Chosen 0/5000 blocks from 0 candidate containers.
2023-07-26 19:46:29,238 [PipelineCommandHandlerThread-0] INFO  ratis.XceiverServerRatis (XceiverServerRatis.java:addGroup(804)) - Created group PipelineID=2346a8cb-c052-4fb7-a2b3-97e4824fb173
2023-07-26 19:46:29,238 [PipelineCommandHandlerThread-0] INFO  commandhandler.CreatePipelineCommandHandler (CreatePipelineCommandHandler.java:lambda$handle$2(124)) - Created Pipeline RATIS ONE PipelineID=2346a8cb-c052-4fb7-a2b3-97e4824fb173.
2023-07-26 19:46:29,238 [PipelineCommandHandlerThread-0] INFO  server.RaftServer (RaftServerProxy.java:addNew(98)) - cc71d3b4-cf6a-416c-96eb-6097e97a8fe1: addNew group-1C7129A268B6:[4099cb2b-2e2e-4151-9db7-f99ade631412|rpc:10.1.0.48:15014|admin:10.1.0.48:15013|client:10.1.0.48:15012|dataStream:10.1.0.48:15015|priority:1|startupRole:FOLLOWER, cc71d3b4-cf6a-416c-96eb-6097e97a8fe1|rpc:10.1.0.48:15032|admin:10.1.0.48:15031|client:10.1.0.48:15030|dataStream:10.1.0.48:15033|priority:0|startupRole:FOLLOWER, c33e49d7-aab4-4e8b-84a2-e80ab64b386a|rpc:10.1.0.48:15023|admin:10.1.0.48:15022|client:10.1.0.48:15021|dataStream:10.1.0.48:15024|priority:0|startupRole:FOLLOWER] returns group-1C7129A268B6:java.util.concurrent.CompletableFuture@1cf23e97[Not completed]
2023-07-26 19:46:29,243 [cc71d3b4-cf6a-416c-96eb-6097e97a8fe1-groupManagement] INFO  server.RaftServer$Division (RaftServerImpl.java:<init>(198)) - cc71d3b4-cf6a-416c-96eb-6097e97a8fe1: new RaftServerImpl for group-1C7129A268B6:[4099cb2b-2e2e-4151-9db7-f99ade631412|rpc:10.1.0.48:15014|admin:10.1.0.48:15013|client:10.1.0.48:15012|dataStream:10.1.0.48:15015|priority:1|startupRole:FOLLOWER, cc71d3b4-cf6a-416c-96eb-6097e97a8fe1|rpc:10.1.0.48:15032|admin:10.1.0.48:15031|client:10.1.0.48:15030|dataStream:10.1.0.48:15033|priority:0|startupRole:FOLLOWER, c33e49d7-aab4-4e8b-84a2-e80ab64b386a|rpc:10.1.0.48:15023|admin:10.1.0.48:15022|client:10.1.0.48:15021|dataStream:10.1.0.48:15024|priority:0|startupRole:FOLLOWER] with ContainerStateMachine:uninitialized
2023-07-26 19:46:29,243 [cc71d3b4-cf6a-416c-96eb-6097e97a8fe1-groupManagement] INFO  server.RaftServerConfigKeys (ConfUtils.java:logGet(46)) - raft.server.rpc.timeout.min = 5s (custom)
2023-07-26 19:46:29,243 [cc71d3b4-cf6a-416c-96eb-6097e97a8fe1-groupManagement] INFO  server.RaftServerConfigKeys (ConfUtils.java:logGet(46)) - raft.server.rpc.timeout.max = 5200ms (custom)
2023-07-26 19:46:29,243 [cc71d3b4-cf6a-416c-96eb-6097e97a8fe1-groupManagement] INFO  server.RaftServerConfigKeys (ConfUtils.java:logGet(46)) - raft.server.rpc.sleep.time = 25ms (default)
2023-07-26 19:46:29,243 [cc71d3b4-cf6a-416c-96eb-6097e97a8fe1-groupManagement] INFO  server.RaftServerConfigKeys (ConfUtils.java:logGet(46)) - raft.server.rpc.slowness.timeout = 1000000ms (custom)
2023-07-26 19:46:29,244 [cc71d3b4-cf6a-416c-96eb-6097e97a8fe1-groupManagement] INFO  server.RaftServerConfigKeys (ConfUtils.java:logGet(46)) - raft.server.leaderelection.leader.step-down.wait-time = 10s (default)
2023-07-26 19:46:29,244 [cc71d3b4-cf6a-416c-96eb-6097e97a8fe1-groupManagement] INFO  server.RaftServerConfigKeys (ConfUtils.java:logGet(46)) - raft.server.sleep.deviation.threshold = 300ms (default)
2023-07-26 19:46:29,244 [cc71d3b4-cf6a-416c-96eb-6097e97a8fe1-groupManagement] INFO  server.RaftServer$Division (ServerState.java:<init>(120)) - cc71d3b4-cf6a-416c-96eb-6097e97a8fe1@group-1C7129A268B6: ConfigurationManager, init=-1: peers:[4099cb2b-2e2e-4151-9db7-f99ade631412|rpc:10.1.0.48:15014|admin:10.1.0.48:15013|client:10.1.0.48:15012|dataStream:10.1.0.48:15015|priority:1|startupRole:FOLLOWER, cc71d3b4-cf6a-416c-96eb-6097e97a8fe1|rpc:10.1.0.48:15032|admin:10.1.0.48:15031|client:10.1.0.48:15030|dataStream:10.1.0.48:15033|priority:0|startupRole:FOLLOWER, c33e49d7-aab4-4e8b-84a2-e80ab64b386a|rpc:10.1.0.48:15023|admin:10.1.0.48:15022|client:10.1.0.48:15021|dataStream:10.1.0.48:15024|priority:0|startupRole:FOLLOWER]|listeners:[], old=null, confs=<EMPTY_MAP>
2023-07-26 19:46:29,246 [cc71d3b4-cf6a-416c-96eb-6097e97a8fe1-groupManagement] INFO  server.RaftServerConfigKeys (ConfUtils.java:logGet(46)) - raft.server.storage.dir = [/home/runner/work/ozone/ozone/hadoop-ozone/integration-test/target/test-dir/MiniOzoneClusterImpl-7725ff52-e03b-4cac-b8cb-596b4b29adc0/datanode-2/data/ratis] (custom)
2023-07-26 19:46:29,247 [cc71d3b4-cf6a-416c-96eb-6097e97a8fe1-groupManagement] INFO  server.RaftServerConfigKeys (ConfUtils.java:logGet(46)) - raft.server.log.corruption.policy = EXCEPTION (default)
2023-07-26 19:46:29,247 [cc71d3b4-cf6a-416c-96eb-6097e97a8fe1-groupManagement] INFO  server.RaftServerConfigKeys (ConfUtils.java:logGet(46)) - raft.server.storage.free-space.min = 0MB (=0) (default)
2023-07-26 19:46:29,247 [cc71d3b4-cf6a-416c-96eb-6097e97a8fe1-groupManagement] INFO  server.RaftServerConfigKeys (ConfUtils.java:logGet(46)) - raft.server.notification.no-leader.timeout = 1000000ms (custom)
2023-07-26 19:46:29,247 [cc71d3b4-cf6a-416c-96eb-6097e97a8fe1-groupManagement] INFO  server.RaftServerConfigKeys (ConfUtils.java:logGet(46)) - raft.server.read.timeout = 10s (default)
2023-07-26 19:46:29,247 [cc71d3b4-cf6a-416c-96eb-6097e97a8fe1-groupManagement] INFO  server.RaftServerConfigKeys (ConfUtils.java:logGet(46)) - raft.server.retrycache.expirytime = 600000ms (custom)
2023-07-26 19:46:29,247 [cc71d3b4-cf6a-416c-96eb-6097e97a8fe1-groupManagement] INFO  server.RaftServerConfigKeys (ConfUtils.java:logGet(46)) - raft.server.retrycache.statistics.expirytime = 100μs (default)
2023-07-26 19:46:29,247 [cc71d3b4-cf6a-416c-96eb-6097e97a8fe1-groupManagement] INFO  server.RaftServerConfigKeys (ConfUtils.java:logGet(46)) - raft.server.read.option = DEFAULT (default)
2023-07-26 19:46:29,249 [cc71d3b4-cf6a-416c-96eb-6097e97a8fe1-groupManagement] INFO  server.RaftServerConfigKeys (ConfUtils.java:logGet(46)) - raft.server.rpc.request.timeout = 3000ms (default)
2023-07-26 19:46:29,250 [cc71d3b4-cf6a-416c-96eb-6097e97a8fe1-groupManagement] INFO  server.RaftServerConfigKeys (ConfUtils.java:logGet(46)) - raft.server.log.appender.install.snapshot.enabled = false (custom)
2023-07-26 19:46:29,251 [cc71d3b4-cf6a-416c-96eb-6097e97a8fe1-groupManagement] INFO  server.RaftServerConfigKeys (ConfUtils.java:logGet(46)) - raft.server.threadpool.server.cached = true (default)
2023-07-26 19:46:29,251 [cc71d3b4-cf6a-416c-96eb-6097e97a8fe1-groupManagement] INFO  server.RaftServerConfigKeys (ConfUtils.java:logGet(46)) - raft.server.threadpool.server.size = 0 (default)
2023-07-26 19:46:29,251 [cc71d3b4-cf6a-416c-96eb-6097e97a8fe1-groupManagement] INFO  server.RaftServerConfigKeys (ConfUtils.java:logGet(46)) - raft.server.threadpool.client.cached = true (default)
2023-07-26 19:46:29,251 [cc71d3b4-cf6a-416c-96eb-6097e97a8fe1-groupManagement] INFO  server.RaftServerConfigKeys (ConfUtils.java:logGet(46)) - raft.server.threadpool.client.size = 0 (default)
2023-07-26 19:46:29,251 [cc71d3b4-cf6a-416c-96eb-6097e97a8fe1-groupManagement] INFO  storage.RaftStorageDirectory (RaftStorageDirectoryImpl.java:analyzeStorage(137)) - The storage directory /home/runner/work/ozone/ozone/hadoop-ozone/integration-test/target/test-dir/MiniOzoneClusterImpl-7725ff52-e03b-4cac-b8cb-596b4b29adc0/datanode-2/data/ratis/5bbdc32e-28b0-403e-8d78-1c7129a268b6 does not exist. Creating ...
2023-07-26 19:46:29,255 [cc71d3b4-cf6a-416c-96eb-6097e97a8fe1-groupManagement] INFO  storage.RaftStorageDirectory (RaftStorageDirectoryImpl.java:tryLock(231)) - Lock on /home/runner/work/ozone/ozone/hadoop-ozone/integration-test/target/test-dir/MiniOzoneClusterImpl-7725ff52-e03b-4cac-b8cb-596b4b29adc0/datanode-2/data/ratis/5bbdc32e-28b0-403e-8d78-1c7129a268b6/in_use.lock acquired by nodename 5257@fv-az465-709
2023-07-26 19:46:29,256 [cc71d3b4-cf6a-416c-96eb-6097e97a8fe1-groupManagement] INFO  storage.RaftStorage (RaftStorageImpl.java:format(96)) - Storage directory /home/runner/work/ozone/ozone/hadoop-ozone/integration-test/target/test-dir/MiniOzoneClusterImpl-7725ff52-e03b-4cac-b8cb-596b4b29adc0/datanode-2/data/ratis/5bbdc32e-28b0-403e-8d78-1c7129a268b6 has been successfully formatted.
2023-07-26 19:46:29,259 [cc71d3b4-cf6a-416c-96eb-6097e97a8fe1-groupManagement] INFO  ratis.ContainerStateMachine (ContainerStateMachine.java:loadSnapshot(262)) - group-1C7129A268B6: The snapshot info is null. Setting the last applied indexto:(t:0, i:~)
2023-07-26 19:46:29,259 [cc71d3b4-cf6a-416c-96eb-6097e97a8fe1-groupManagement] INFO  server.RaftServerConfigKeys (ConfUtils.java:logGet(46)) - raft.server.log.use.memory = false (default)
2023-07-26 19:46:29,259 [cc71d3b4-cf6a-416c-96eb-6097e97a8fe1-groupManagement] INFO  server.RaftServerConfigKeys (ConfUtils.java:logGet(46)) - raft.server.log.purge.gap = 1000000 (custom)
2023-07-26 19:46:29,259 [cc71d3b4-cf6a-416c-96eb-6097e97a8fe1-groupManagement] INFO  server.RaftServerConfigKeys (ConfUtils.java:logGet(46)) - raft.server.log.appender.buffer.byte-limit = 33554432 (custom)
2023-07-26 19:46:29,260 [EventQueue-OpenPipelineForHealthyPipelineSafeModeRule] INFO  safemode.SCMSafeModeManager (HealthyPipelineSafeModeRule.java:process(137)) - SCM in safe mode. Healthy pipelines reported count is 0, required healthy pipeline reported count is 1
2023-07-26 19:46:29,262 [cc71d3b4-cf6a-416c-96eb-6097e97a8fe1-groupManagement] INFO  server.RaftServerConfigKeys (ConfUtils.java:logGet(46)) - raft.server.log.statemachine.data.read.timeout = 1000ms (default)
2023-07-26 19:46:29,263 [cc71d3b4-cf6a-416c-96eb-6097e97a8fe1-groupManagement] INFO  server.RaftServerConfigKeys (ConfUtils.java:logGet(46)) - raft.server.log.purge.preservation.log.num = 0 (default)
2023-07-26 19:46:29,264 [cc71d3b4-cf6a-416c-96eb-6097e97a8fe1-groupManagement] INFO  server.RaftServerConfigKeys (ConfUtils.java:logGet(46)) - raft.server.log.segment.size.max = 1048576 (custom)
2023-07-26 19:46:29,264 [cc71d3b4-cf6a-416c-96eb-6097e97a8fe1-groupManagement] INFO  server.RaftServerConfigKeys (ConfUtils.java:logGet(46)) - raft.server.log.segment.cache.num.max = 2 (custom)
2023-07-26 19:46:29,264 [cc71d3b4-cf6a-416c-96eb-6097e97a8fe1-groupManagement] INFO  server.RaftServerConfigKeys (ConfUtils.java:logGet(46)) - raft.server.log.segment.cache.size.max = 200MB (=209715200) (default)
2023-07-26 19:46:29,264 [cc71d3b4-cf6a-416c-96eb-6097e97a8fe1-groupManagement] INFO  server.RaftServerConfigKeys (ConfUtils.java:logGet(46)) - raft.server.log.appender.buffer.byte-limit = 33554432 (custom)
2023-07-26 19:46:29,264 [cc71d3b4-cf6a-416c-96eb-6097e97a8fe1-groupManagement] INFO  segmented.SegmentedRaftLogWorker (SegmentedRaftLogWorker.java:<init>(188)) - new cc71d3b4-cf6a-416c-96eb-6097e97a8fe1@group-1C7129A268B6-SegmentedRaftLogWorker for RaftStorageImpl:Storage Directory /home/runner/work/ozone/ozone/hadoop-ozone/integration-test/target/test-dir/MiniOzoneClusterImpl-7725ff52-e03b-4cac-b8cb-596b4b29adc0/datanode-2/data/ratis/5bbdc32e-28b0-403e-8d78-1c7129a268b6
2023-07-26 19:46:29,265 [cc71d3b4-cf6a-416c-96eb-6097e97a8fe1-groupManagement] INFO  server.RaftServerConfigKeys (ConfUtils.java:logGet(46)) - raft.server.log.queue.byte-limit = 4294967296 (custom)
2023-07-26 19:46:29,265 [cc71d3b4-cf6a-416c-96eb-6097e97a8fe1-groupManagement] INFO  server.RaftServerConfigKeys (ConfUtils.java:logGet(46)) - raft.server.log.queue.element-limit = 1024 (custom)
2023-07-26 19:46:29,265 [cc71d3b4-cf6a-416c-96eb-6097e97a8fe1-groupManagement] INFO  server.RaftServerConfigKeys (ConfUtils.java:logGet(46)) - raft.server.log.segment.size.max = 1048576 (custom)
2023-07-26 19:46:29,265 [cc71d3b4-cf6a-416c-96eb-6097e97a8fe1-groupManagement] INFO  server.RaftServerConfigKeys (ConfUtils.java:logGet(46)) - raft.server.log.preallocated.size = 16384 (custom)
2023-07-26 19:46:29,265 [cc71d3b4-cf6a-416c-96eb-6097e97a8fe1-groupManagement] INFO  server.RaftServerConfigKeys (ConfUtils.java:logGet(46)) - raft.server.log.force.sync.num = 128 (default)
2023-07-26 19:46:29,265 [cc71d3b4-cf6a-416c-96eb-6097e97a8fe1-groupManagement] INFO  server.RaftServerConfigKeys (ConfUtils.java:logGet(46)) - raft.server.log.statemachine.data.sync = true (default)
2023-07-26 19:46:29,265 [cc71d3b4-cf6a-416c-96eb-6097e97a8fe1-groupManagement] INFO  server.RaftServerConfigKeys (ConfUtils.java:logGet(46)) - raft.server.log.statemachine.data.sync.timeout = 10s (default)
2023-07-26 19:46:29,265 [cc71d3b4-cf6a-416c-96eb-6097e97a8fe1-groupManagement] INFO  server.RaftServerConfigKeys (ConfUtils.java:logGet(46)) - raft.server.log.statemachine.data.sync.timeout.retry = -1 (default)
2023-07-26 19:46:29,268 [cc71d3b4-cf6a-416c-96eb-6097e97a8fe1-groupManagement] INFO  server.RaftServerConfigKeys (ConfUtils.java:logGet(46)) - raft.server.log.write.buffer.size = 1048576 (custom)
2023-07-26 19:46:29,269 [cc71d3b4-cf6a-416c-96eb-6097e97a8fe1-groupManagement] INFO  server.RaftServerConfigKeys (ConfUtils.java:logGet(46)) - raft.server.log.appender.buffer.byte-limit = 33554432 (custom)
2023-07-26 19:46:29,285 [cc71d3b4-cf6a-416c-96eb-6097e97a8fe1-groupManagement] INFO  server.RaftServerConfigKeys (ConfUtils.java:logGet(46)) - raft.server.log.unsafe-flush.enabled = false (default)
2023-07-26 19:46:29,286 [cc71d3b4-cf6a-416c-96eb-6097e97a8fe1-groupManagement] INFO  server.RaftServerConfigKeys (ConfUtils.java:logGet(46)) - raft.server.log.async-flush.enabled = false (default)
2023-07-26 19:46:29,286 [cc71d3b4-cf6a-416c-96eb-6097e97a8fe1-groupManagement] INFO  server.RaftServerConfigKeys (ConfUtils.java:logGet(46)) - raft.server.log.statemachine.data.caching.enabled = true (custom)
2023-07-26 19:46:29,286 [cc71d3b4-cf6a-416c-96eb-6097e97a8fe1-groupManagement] INFO  segmented.SegmentedRaftLogWorker (SegmentedRaftLogWorker.java:lambda$new$0(135)) - cc71d3b4-cf6a-416c-96eb-6097e97a8fe1@group-1C7129A268B6-SegmentedRaftLogWorker: flushIndex: setUnconditionally 0 -> -1
2023-07-26 19:46:29,286 [cc71d3b4-cf6a-416c-96eb-6097e97a8fe1-groupManagement] INFO  segmented.SegmentedRaftLogWorker (SegmentedRaftLogWorker.java:lambda$new$0(135)) - cc71d3b4-cf6a-416c-96eb-6097e97a8fe1@group-1C7129A268B6-SegmentedRaftLogWorker: safeCacheEvictIndex: setUnconditionally 0 -> -1
2023-07-26 19:46:29,300 [cc71d3b4-cf6a-416c-96eb-6097e97a8fe1-groupManagement] INFO  server.RaftServer$Division (RaftServerImpl.java:start(342)) - cc71d3b4-cf6a-416c-96eb-6097e97a8fe1@group-1C7129A268B6: start as a follower, conf=-1: peers:[4099cb2b-2e2e-4151-9db7-f99ade631412|rpc:10.1.0.48:15014|admin:10.1.0.48:15013|client:10.1.0.48:15012|dataStream:10.1.0.48:15015|priority:1|startupRole:FOLLOWER, cc71d3b4-cf6a-416c-96eb-6097e97a8fe1|rpc:10.1.0.48:15032|admin:10.1.0.48:15031|client:10.1.0.48:15030|dataStream:10.1.0.48:15033|priority:0|startupRole:FOLLOWER, c33e49d7-aab4-4e8b-84a2-e80ab64b386a|rpc:10.1.0.48:15023|admin:10.1.0.48:15022|client:10.1.0.48:15021|dataStream:10.1.0.48:15024|priority:0|startupRole:FOLLOWER]|listeners:[], old=null
2023-07-26 19:46:29,300 [cc71d3b4-cf6a-416c-96eb-6097e97a8fe1-groupManagement] INFO  server.RaftServer$Division (RaftServerImpl.java:setRole(329)) - cc71d3b4-cf6a-416c-96eb-6097e97a8fe1@group-1C7129A268B6: changes role from      null to FOLLOWER at term 0 for startAsFollower
2023-07-26 19:46:29,300 [cc71d3b4-cf6a-416c-96eb-6097e97a8fe1-groupManagement] INFO  impl.RoleInfo (RoleInfo.java:updateAndGet(139)) - cc71d3b4-cf6a-416c-96eb-6097e97a8fe1: start cc71d3b4-cf6a-416c-96eb-6097e97a8fe1@group-1C7129A268B6-FollowerState
2023-07-26 19:46:29,304 [cc71d3b4-cf6a-416c-96eb-6097e97a8fe1-groupManagement] INFO  util.JmxRegister (JmxRegister.java:tryRegister(44)) - Successfully registered JMX Bean with object name Ratis:service=RaftServer,group=group-1C7129A268B6,id=cc71d3b4-cf6a-416c-96eb-6097e97a8fe1
2023-07-26 19:46:29,304 [cc71d3b4-cf6a-416c-96eb-6097e97a8fe1-groupManagement] INFO  server.RaftServerConfigKeys (ConfUtils.java:logGet(46)) - raft.server.snapshot.auto.trigger.enabled = true (custom)
2023-07-26 19:46:29,304 [cc71d3b4-cf6a-416c-96eb-6097e97a8fe1-groupManagement] INFO  server.RaftServerConfigKeys (ConfUtils.java:logGet(46)) - raft.server.snapshot.auto.trigger.threshold = 10000 (custom)
2023-07-26 19:46:29,304 [cc71d3b4-cf6a-416c-96eb-6097e97a8fe1-groupManagement] INFO  server.RaftServerConfigKeys (ConfUtils.java:logGet(46)) - raft.server.snapshot.retention.file.num = 5 (custom)
2023-07-26 19:46:29,304 [cc71d3b4-cf6a-416c-96eb-6097e97a8fe1-groupManagement] INFO  server.RaftServerConfigKeys (ConfUtils.java:logGet(46)) - raft.server.log.purge.upto.snapshot.index = false (default)
2023-07-26 19:46:29,305 [cc71d3b4-cf6a-416c-96eb-6097e97a8fe1@group-1C7129A268B6-FollowerState] INFO  server.RaftServerConfigKeys (ConfUtils.java:logFallback(53)) - raft.server.rpc.first-election.timeout.min = 5s (fallback to raft.server.rpc.timeout.min)
2023-07-26 19:46:29,314 [cc71d3b4-cf6a-416c-96eb-6097e97a8fe1@group-1C7129A268B6-FollowerState] INFO  server.RaftServerConfigKeys (ConfUtils.java:logFallback(53)) - raft.server.rpc.first-election.timeout.max = 5200ms (fallback to raft.server.rpc.timeout.max)
2023-07-26 19:46:29,306 [PipelineCommandHandlerThread-0] INFO  ratis.XceiverServerRatis (XceiverServerRatis.java:addGroup(804)) - Created group PipelineID=5bbdc32e-28b0-403e-8d78-1c7129a268b6
2023-07-26 19:46:29,329 [BlockDeletingService#1] INFO  interfaces.ContainerDeletionChoosingPolicyTemplate (ContainerDeletionChoosingPolicyTemplate.java:chooseContainerForBlockDeletion(83)) - Chosen 0/5000 blocks from 0 candidate containers.
2023-07-26 19:46:29,329 [BlockDeletingService#8] INFO  interfaces.ContainerDeletionChoosingPolicyTemplate (ContainerDeletionChoosingPolicyTemplate.java:chooseContainerForBlockDeletion(83)) - Chosen 0/5000 blocks from 0 candidate containers.
2023-07-26 19:46:29,333 [BlockDeletingService#2] INFO  interfaces.ContainerDeletionChoosingPolicyTemplate (ContainerDeletionChoosingPolicyTemplate.java:chooseContainerForBlockDeletion(83)) - Chosen 0/5000 blocks from 0 candidate containers.
2023-07-26 19:46:29,429 [BlockDeletingService#1] INFO  interfaces.ContainerDeletionChoosingPolicyTemplate (ContainerDeletionChoosingPolicyTemplate.java:chooseContainerForBlockDeletion(83)) - Chosen 0/5000 blocks from 0 candidate containers.
2023-07-26 19:46:29,429 [BlockDeletingService#8] INFO  interfaces.ContainerDeletionChoosingPolicyTemplate (ContainerDeletionChoosingPolicyTemplate.java:chooseContainerForBlockDeletion(83)) - Chosen 0/5000 blocks from 0 candidate containers.
2023-07-26 19:46:29,434 [BlockDeletingService#2] INFO  interfaces.ContainerDeletionChoosingPolicyTemplate (ContainerDeletionChoosingPolicyTemplate.java:chooseContainerForBlockDeletion(83)) - Chosen 0/5000 blocks from 0 candidate containers.
2023-07-26 19:46:29,484 [PipelineCommandHandlerThread-0] INFO  commandhandler.CreatePipelineCommandHandler (CreatePipelineCommandHandler.java:lambda$handle$2(124)) - Created Pipeline RATIS THREE PipelineID=5bbdc32e-28b0-403e-8d78-1c7129a268b6.
2023-07-26 19:46:29,487 [PipelineCommandHandlerThread-0] INFO  commandhandler.CreatePipelineCommandHandler (CreatePipelineCommandHandler.java:lambda$handle$2(124)) - Created Pipeline RATIS THREE PipelineID=5bbdc32e-28b0-403e-8d78-1c7129a268b6.
2023-07-26 19:46:29,491 [PipelineCommandHandlerThread-0] INFO  commandhandler.CreatePipelineCommandHandler (CreatePipelineCommandHandler.java:lambda$handle$2(124)) - Created Pipeline RATIS THREE PipelineID=5bbdc32e-28b0-403e-8d78-1c7129a268b6.
2023-07-26 19:46:29,530 [BlockDeletingService#1] INFO  interfaces.ContainerDeletionChoosingPolicyTemplate (ContainerDeletionChoosingPolicyTemplate.java:chooseContainerForBlockDeletion(83)) - Chosen 0/5000 blocks from 0 candidate containers.
2023-07-26 19:46:29,530 [BlockDeletingService#8] INFO  interfaces.ContainerDeletionChoosingPolicyTemplate (ContainerDeletionChoosingPolicyTemplate.java:chooseContainerForBlockDeletion(83)) - Chosen 0/5000 blocks from 0 candidate containers.
2023-07-26 19:46:29,534 [BlockDeletingService#2] INFO  interfaces.ContainerDeletionChoosingPolicyTemplate (ContainerDeletionChoosingPolicyTemplate.java:chooseContainerForBlockDeletion(83)) - Chosen 0/5000 blocks from 0 candidate containers.
2023-07-26 19:46:29,630 [BlockDeletingService#1] INFO  interfaces.ContainerDeletionChoosingPolicyTemplate (ContainerDeletionChoosingPolicyTemplate.java:chooseContainerForBlockDeletion(83)) - Chosen 0/5000 blocks from 0 candidate containers.
2023-07-26 19:46:29,630 [BlockDeletingService#8] INFO  interfaces.ContainerDeletionChoosingPolicyTemplate (ContainerDeletionChoosingPolicyTemplate.java:chooseContainerForBlockDeletion(83)) - Chosen 0/5000 blocks from 0 candidate containers.
2023-07-26 19:46:29,634 [BlockDeletingService#2] INFO  interfaces.ContainerDeletionChoosingPolicyTemplate (ContainerDeletionChoosingPolicyTemplate.java:chooseContainerForBlockDeletion(83)) - Chosen 0/5000 blocks from 0 candidate containers.
2023-07-26 19:46:29,731 [BlockDeletingService#1] INFO  interfaces.ContainerDeletionChoosingPolicyTemplate (ContainerDeletionChoosingPolicyTemplate.java:chooseContainerForBlockDeletion(83)) - Chosen 0/5000 blocks from 0 candidate containers.
2023-07-26 19:46:29,731 [BlockDeletingService#8] INFO  interfaces.ContainerDeletionChoosingPolicyTemplate (ContainerDeletionChoosingPolicyTemplate.java:chooseContainerForBlockDeletion(83)) - Chosen 0/5000 blocks from 0 candidate containers.
2023-07-26 19:46:29,735 [BlockDeletingService#2] INFO  interfaces.ContainerDeletionChoosingPolicyTemplate (ContainerDeletionChoosingPolicyTemplate.java:chooseContainerForBlockDeletion(83)) - Chosen 0/5000 blocks from 0 candidate containers.
2023-07-26 19:46:29,831 [BlockDeletingService#1] INFO  interfaces.ContainerDeletionChoosingPolicyTemplate (ContainerDeletionChoosingPolicyTemplate.java:chooseContainerForBlockDeletion(83)) - Chosen 0/5000 blocks from 0 candidate containers.
2023-07-26 19:46:29,831 [BlockDeletingService#8] INFO  interfaces.ContainerDeletionChoosingPolicyTemplate (ContainerDeletionChoosingPolicyTemplate.java:chooseContainerForBlockDeletion(83)) - Chosen 0/5000 blocks from 0 candidate containers.
2023-07-26 19:46:29,835 [BlockDeletingService#2] INFO  interfaces.ContainerDeletionChoosingPolicyTemplate (ContainerDeletionChoosingPolicyTemplate.java:chooseContainerForBlockDeletion(83)) - Chosen 0/5000 blocks from 0 candidate containers.
2023-07-26 19:46:29,932 [BlockDeletingService#1] INFO  interfaces.ContainerDeletionChoosingPolicyTemplate (ContainerDeletionChoosingPolicyTemplate.java:chooseContainerForBlockDeletion(83)) - Chosen 0/5000 blocks from 0 candidate containers.
2023-07-26 19:46:29,932 [BlockDeletingService#8] INFO  interfaces.ContainerDeletionChoosingPolicyTemplate (ContainerDeletionChoosingPolicyTemplate.java:chooseContainerForBlockDeletion(83)) - Chosen 0/5000 blocks from 0 candidate containers.
2023-07-26 19:46:29,935 [BlockDeletingService#2] INFO  interfaces.ContainerDeletionChoosingPolicyTemplate (ContainerDeletionChoosingPolicyTemplate.java:chooseContainerForBlockDeletion(83)) - Chosen 0/5000 blocks from 0 candidate containers.
2023-07-26 19:46:30,032 [BlockDeletingService#1] INFO  interfaces.ContainerDeletionChoosingPolicyTemplate (ContainerDeletionChoosingPolicyTemplate.java:chooseContainerForBlockDeletion(83)) - Chosen 0/5000 blocks from 0 candidate containers.
2023-07-26 19:46:30,034 [BlockDeletingService#8] INFO  interfaces.ContainerDeletionChoosingPolicyTemplate (ContainerDeletionChoosingPolicyTemplate.java:chooseContainerForBlockDeletion(83)) - Chosen 0/5000 blocks from 0 candidate containers.
2023-07-26 19:46:30,035 [BlockDeletingService#2] INFO  interfaces.ContainerDeletionChoosingPolicyTemplate (ContainerDeletionChoosingPolicyTemplate.java:chooseContainerForBlockDeletion(83)) - Chosen 0/5000 blocks from 0 candidate containers.
2023-07-26 19:46:30,133 [BlockDeletingService#4] INFO  interfaces.ContainerDeletionChoosingPolicyTemplate (ContainerDeletionChoosingPolicyTemplate.java:chooseContainerForBlockDeletion(83)) - Chosen 0/5000 blocks from 0 candidate containers.
2023-07-26 19:46:30,135 [BlockDeletingService#8] INFO  interfaces.ContainerDeletionChoosingPolicyTemplate (ContainerDeletionChoosingPolicyTemplate.java:chooseContainerForBlockDeletion(83)) - Chosen 0/5000 blocks from 0 candidate containers.
2023-07-26 19:46:30,136 [BlockDeletingService#2] INFO  interfaces.ContainerDeletionChoosingPolicyTemplate (ContainerDeletionChoosingPolicyTemplate.java:chooseContainerForBlockDeletion(83)) - Chosen 0/5000 blocks from 0 candidate containers.
2023-07-26 19:46:30,153 [main] INFO  ozone.MiniOzoneClusterImpl (MiniOzoneClusterImpl.java:lambda$waitForClusterToBeReady$0(224)) - Nodes are ready. Got 3 of 3 DN Heartbeats.
2023-07-26 19:46:30,153 [main] INFO  ozone.MiniOzoneClusterImpl (MiniOzoneClusterImpl.java:lambda$waitForClusterToBeReady$0(227)) - Waiting for cluster to exit safe mode
2023-07-26 19:46:30,154 [main] INFO  ozone.MiniOzoneClusterImpl (MiniOzoneClusterImpl.java:lambda$waitForClusterToBeReady$0(229)) - SCM became leader
2023-07-26 19:46:30,233 [BlockDeletingService#4] INFO  interfaces.ContainerDeletionChoosingPolicyTemplate (ContainerDeletionChoosingPolicyTemplate.java:chooseContainerForBlockDeletion(83)) - Chosen 0/5000 blocks from 0 candidate containers.
2023-07-26 19:46:30,235 [BlockDeletingService#8] INFO  interfaces.ContainerDeletionChoosingPolicyTemplate (ContainerDeletionChoosingPolicyTemplate.java:chooseContainerForBlockDeletion(83)) - Chosen 0/5000 blocks from 0 candidate containers.
2023-07-26 19:46:30,236 [BlockDeletingService#2] INFO  interfaces.ContainerDeletionChoosingPolicyTemplate (ContainerDeletionChoosingPolicyTemplate.java:chooseContainerForBlockDeletion(83)) - Chosen 0/5000 blocks from 0 candidate containers.
2023-07-26 19:46:30,334 [BlockDeletingService#4] INFO  interfaces.ContainerDeletionChoosingPolicyTemplate (ContainerDeletionChoosingPolicyTemplate.java:chooseContainerForBlockDeletion(83)) - Chosen 0/5000 blocks from 0 candidate containers.
2023-07-26 19:46:30,335 [BlockDeletingService#8] INFO  interfaces.ContainerDeletionChoosingPolicyTemplate (ContainerDeletionChoosingPolicyTemplate.java:chooseContainerForBlockDeletion(83)) - Chosen 0/5000 blocks from 0 candidate containers.
2023-07-26 19:46:30,336 [BlockDeletingService#2] INFO  interfaces.ContainerDeletionChoosingPolicyTemplate (ContainerDeletionChoosingPolicyTemplate.java:chooseContainerForBlockDeletion(83)) - Chosen 0/5000 blocks from 0 candidate containers.
2023-07-26 19:46:30,434 [BlockDeletingService#4] INFO  interfaces.ContainerDeletionChoosingPolicyTemplate (ContainerDeletionChoosingPolicyTemplate.java:chooseContainerForBlockDeletion(83)) - Chosen 0/5000 blocks from 0 candidate containers.
2023-07-26 19:46:30,435 [BlockDeletingService#8] INFO  interfaces.ContainerDeletionChoosingPolicyTemplate (ContainerDeletionChoosingPolicyTemplate.java:chooseContainerForBlockDeletion(83)) - Chosen 0/5000 blocks from 0 candidate containers.
2023-07-26 19:46:30,436 [BlockDeletingService#2] INFO  interfaces.ContainerDeletionChoosingPolicyTemplate (ContainerDeletionChoosingPolicyTemplate.java:chooseContainerForBlockDeletion(83)) - Chosen 0/5000 blocks from 0 candidate containers.
2023-07-26 19:46:30,535 [BlockDeletingService#4] INFO  interfaces.ContainerDeletionChoosingPolicyTemplate (ContainerDeletionChoosingPolicyTemplate.java:chooseContainerForBlockDeletion(83)) - Chosen 0/5000 blocks from 0 candidate containers.
2023-07-26 19:46:30,536 [BlockDeletingService#8] INFO  interfaces.ContainerDeletionChoosingPolicyTemplate (ContainerDeletionChoosingPolicyTemplate.java:chooseContainerForBlockDeletion(83)) - Chosen 0/5000 blocks from 0 candidate containers.
2023-07-26 19:46:30,537 [BlockDeletingService#2] INFO  interfaces.ContainerDeletionChoosingPolicyTemplate (ContainerDeletionChoosingPolicyTemplate.java:chooseContainerForBlockDeletion(83)) - Chosen 0/5000 blocks from 0 candidate containers.
2023-07-26 19:46:30,635 [BlockDeletingService#4] INFO  interfaces.ContainerDeletionChoosingPolicyTemplate (ContainerDeletionChoosingPolicyTemplate.java:chooseContainerForBlockDeletion(83)) - Chosen 0/5000 blocks from 0 candidate containers.
2023-07-26 19:46:30,636 [BlockDeletingService#8] INFO  interfaces.ContainerDeletionChoosingPolicyTemplate (ContainerDeletionChoosingPolicyTemplate.java:chooseContainerForBlockDeletion(83)) - Chosen 0/5000 blocks from 0 candidate containers.
2023-07-26 19:46:30,637 [BlockDeletingService#2] INFO  interfaces.ContainerDeletionChoosingPolicyTemplate (ContainerDeletionChoosingPolicyTemplate.java:chooseContainerForBlockDeletion(83)) - Chosen 0/5000 blocks from 0 candidate containers.
2023-07-26 19:46:30,736 [BlockDeletingService#4] INFO  interfaces.ContainerDeletionChoosingPolicyTemplate (ContainerDeletionChoosingPolicyTemplate.java:chooseContainerForBlockDeletion(83)) - Chosen 0/5000 blocks from 0 candidate containers.
2023-07-26 19:46:30,736 [BlockDeletingService#8] INFO  interfaces.ContainerDeletionChoosingPolicyTemplate (ContainerDeletionChoosingPolicyTemplate.java:chooseContainerForBlockDeletion(83)) - Chosen 0/5000 blocks from 0 candidate containers.
2023-07-26 19:46:30,737 [BlockDeletingService#2] INFO  interfaces.ContainerDeletionChoosingPolicyTemplate (ContainerDeletionChoosingPolicyTemplate.java:chooseContainerForBlockDeletion(83)) - Chosen 0/5000 blocks from 0 candidate containers.
2023-07-26 19:46:30,836 [BlockDeletingService#4] INFO  interfaces.ContainerDeletionChoosingPolicyTemplate (ContainerDeletionChoosingPolicyTemplate.java:chooseContainerForBlockDeletion(83)) - Chosen 0/5000 blocks from 0 candidate containers.
2023-07-26 19:46:30,837 [BlockDeletingService#8] INFO  interfaces.ContainerDeletionChoosingPolicyTemplate (ContainerDeletionChoosingPolicyTemplate.java:chooseContainerForBlockDeletion(83)) - Chosen 0/5000 blocks from 0 candidate containers.
2023-07-26 19:46:30,838 [BlockDeletingService#2] INFO  interfaces.ContainerDeletionChoosingPolicyTemplate (ContainerDeletionChoosingPolicyTemplate.java:chooseContainerForBlockDeletion(83)) - Chosen 0/5000 blocks from 0 candidate containers.
2023-07-26 19:46:30,936 [BlockDeletingService#4] INFO  interfaces.ContainerDeletionChoosingPolicyTemplate (ContainerDeletionChoosingPolicyTemplate.java:chooseContainerForBlockDeletion(83)) - Chosen 0/5000 blocks from 0 candidate containers.
2023-07-26 19:46:30,937 [BlockDeletingService#8] INFO  interfaces.ContainerDeletionChoosingPolicyTemplate (ContainerDeletionChoosingPolicyTemplate.java:chooseContainerForBlockDeletion(83)) - Chosen 0/5000 blocks from 0 candidate containers.
2023-07-26 19:46:30,938 [BlockDeletingService#2] INFO  interfaces.ContainerDeletionChoosingPolicyTemplate (ContainerDeletionChoosingPolicyTemplate.java:chooseContainerForBlockDeletion(83)) - Chosen 0/5000 blocks from 0 candidate containers.
2023-07-26 19:46:31,037 [BlockDeletingService#8] INFO  interfaces.ContainerDeletionChoosingPolicyTemplate (ContainerDeletionChoosingPolicyTemplate.java:chooseContainerForBlockDeletion(83)) - Chosen 0/5000 blocks from 0 candidate containers.
2023-07-26 19:46:31,038 [BlockDeletingService#4] INFO  interfaces.ContainerDeletionChoosingPolicyTemplate (ContainerDeletionChoosingPolicyTemplate.java:chooseContainerForBlockDeletion(83)) - Chosen 0/5000 blocks from 0 candidate containers.
2023-07-26 19:46:31,038 [BlockDeletingService#2] INFO  interfaces.ContainerDeletionChoosingPolicyTemplate (ContainerDeletionChoosingPolicyTemplate.java:chooseContainerForBlockDeletion(83)) - Chosen 0/5000 blocks from 0 candidate containers.
2023-07-26 19:46:31,138 [BlockDeletingService#8] INFO  interfaces.ContainerDeletionChoosingPolicyTemplate (ContainerDeletionChoosingPolicyTemplate.java:chooseContainerForBlockDeletion(83)) - Chosen 0/5000 blocks from 0 candidate containers.
2023-07-26 19:46:31,139 [BlockDeletingService#4] INFO  interfaces.ContainerDeletionChoosingPolicyTemplate (ContainerDeletionChoosingPolicyTemplate.java:chooseContainerForBlockDeletion(83)) - Chosen 0/5000 blocks from 0 candidate containers.
2023-07-26 19:46:31,139 [BlockDeletingService#2] INFO  interfaces.ContainerDeletionChoosingPolicyTemplate (ContainerDeletionChoosingPolicyTemplate.java:chooseContainerForBlockDeletion(83)) - Chosen 0/5000 blocks from 0 candidate containers.
2023-07-26 19:46:31,154 [main] INFO  ozone.MiniOzoneClusterImpl (MiniOzoneClusterImpl.java:lambda$waitForClusterToBeReady$0(224)) - Nodes are ready. Got 3 of 3 DN Heartbeats.
2023-07-26 19:46:31,154 [main] INFO  ozone.MiniOzoneClusterImpl (MiniOzoneClusterImpl.java:lambda$waitForClusterToBeReady$0(227)) - Waiting for cluster to exit safe mode
2023-07-26 19:46:31,154 [main] INFO  ozone.MiniOzoneClusterImpl (MiniOzoneClusterImpl.java:lambda$waitForClusterToBeReady$0(229)) - SCM became leader
2023-07-26 19:46:31,238 [BlockDeletingService#8] INFO  interfaces.ContainerDeletionChoosingPolicyTemplate (ContainerDeletionChoosingPolicyTemplate.java:chooseContainerForBlockDeletion(83)) - Chosen 0/5000 blocks from 0 candidate containers.
2023-07-26 19:46:31,239 [BlockDeletingService#4] INFO  interfaces.ContainerDeletionChoosingPolicyTemplate (ContainerDeletionChoosingPolicyTemplate.java:chooseContainerForBlockDeletion(83)) - Chosen 0/5000 blocks from 0 candidate containers.
2023-07-26 19:46:31,239 [BlockDeletingService#2] INFO  interfaces.ContainerDeletionChoosingPolicyTemplate (ContainerDeletionChoosingPolicyTemplate.java:chooseContainerForBlockDeletion(83)) - Chosen 0/5000 blocks from 0 candidate containers.
2023-07-26 19:46:31,339 [BlockDeletingService#8] INFO  interfaces.ContainerDeletionChoosingPolicyTemplate (ContainerDeletionChoosingPolicyTemplate.java:chooseContainerForBlockDeletion(83)) - Chosen 0/5000 blocks from 0 candidate containers.
2023-07-26 19:46:31,339 [BlockDeletingService#2] INFO  interfaces.ContainerDeletionChoosingPolicyTemplate (ContainerDeletionChoosingPolicyTemplate.java:chooseContainerForBlockDeletion(83)) - Chosen 0/5000 blocks from 0 candidate containers.
2023-07-26 19:46:31,341 [BlockDeletingService#4] INFO  interfaces.ContainerDeletionChoosingPolicyTemplate (ContainerDeletionChoosingPolicyTemplate.java:chooseContainerForBlockDeletion(83)) - Chosen 0/5000 blocks from 0 candidate containers.
2023-07-26 19:46:31,439 [BlockDeletingService#8] INFO  interfaces.ContainerDeletionChoosingPolicyTemplate (ContainerDeletionChoosingPolicyTemplate.java:chooseContainerForBlockDeletion(83)) - Chosen 0/5000 blocks from 0 candidate containers.
2023-07-26 19:46:31,442 [BlockDeletingService#4] INFO  interfaces.ContainerDeletionChoosingPolicyTemplate (ContainerDeletionChoosingPolicyTemplate.java:chooseContainerForBlockDeletion(83)) - Chosen 0/5000 blocks from 0 candidate containers.
2023-07-26 19:46:31,444 [BlockDeletingService#2] INFO  interfaces.ContainerDeletionChoosingPolicyTemplate (ContainerDeletionChoosingPolicyTemplate.java:chooseContainerForBlockDeletion(83)) - Chosen 0/5000 blocks from 0 candidate containers.
2023-07-26 19:46:31,539 [BlockDeletingService#8] INFO  interfaces.ContainerDeletionChoosingPolicyTemplate (ContainerDeletionChoosingPolicyTemplate.java:chooseContainerForBlockDeletion(83)) - Chosen 0/5000 blocks from 0 candidate containers.
2023-07-26 19:46:31,542 [BlockDeletingService#4] INFO  interfaces.ContainerDeletionChoosingPolicyTemplate (ContainerDeletionChoosingPolicyTemplate.java:chooseContainerForBlockDeletion(83)) - Chosen 0/5000 blocks from 0 candidate containers.
2023-07-26 19:46:31,545 [BlockDeletingService#2] INFO  interfaces.ContainerDeletionChoosingPolicyTemplate (ContainerDeletionChoosingPolicyTemplate.java:chooseContainerForBlockDeletion(83)) - Chosen 0/5000 blocks from 0 candidate containers.
2023-07-26 19:46:31,640 [BlockDeletingService#8] INFO  interfaces.ContainerDeletionChoosingPolicyTemplate (ContainerDeletionChoosingPolicyTemplate.java:chooseContainerForBlockDeletion(83)) - Chosen 0/5000 blocks from 0 candidate containers.
2023-07-26 19:46:31,642 [BlockDeletingService#4] INFO  interfaces.ContainerDeletionChoosingPolicyTemplate (ContainerDeletionChoosingPolicyTemplate.java:chooseContainerForBlockDeletion(83)) - Chosen 0/5000 blocks from 0 candidate containers.
2023-07-26 19:46:31,645 [BlockDeletingService#2] INFO  interfaces.ContainerDeletionChoosingPolicyTemplate (ContainerDeletionChoosingPolicyTemplate.java:chooseContainerForBlockDeletion(83)) - Chosen 0/5000 blocks from 0 candidate containers.
2023-07-26 19:46:31,740 [BlockDeletingService#8] INFO  interfaces.ContainerDeletionChoosingPolicyTemplate (ContainerDeletionChoosingPolicyTemplate.java:chooseContainerForBlockDeletion(83)) - Chosen 0/5000 blocks from 0 candidate containers.
2023-07-26 19:46:31,743 [BlockDeletingService#4] INFO  interfaces.ContainerDeletionChoosingPolicyTemplate (ContainerDeletionChoosingPolicyTemplate.java:chooseContainerForBlockDeletion(83)) - Chosen 0/5000 blocks from 0 candidate containers.
2023-07-26 19:46:31,745 [BlockDeletingService#2] INFO  interfaces.ContainerDeletionChoosingPolicyTemplate (ContainerDeletionChoosingPolicyTemplate.java:chooseContainerForBlockDeletion(83)) - Chosen 0/5000 blocks from 0 candidate containers.
2023-07-26 19:46:31,841 [BlockDeletingService#8] INFO  interfaces.ContainerDeletionChoosingPolicyTemplate (ContainerDeletionChoosingPolicyTemplate.java:chooseContainerForBlockDeletion(83)) - Chosen 0/5000 blocks from 0 candidate containers.
2023-07-26 19:46:31,843 [BlockDeletingService#4] INFO  interfaces.ContainerDeletionChoosingPolicyTemplate (ContainerDeletionChoosingPolicyTemplate.java:chooseContainerForBlockDeletion(83)) - Chosen 0/5000 blocks from 0 candidate containers.
2023-07-26 19:46:31,845 [BlockDeletingService#2] INFO  interfaces.ContainerDeletionChoosingPolicyTemplate (ContainerDeletionChoosingPolicyTemplate.java:chooseContainerForBlockDeletion(83)) - Chosen 0/5000 blocks from 0 candidate containers.
2023-07-26 19:46:31,941 [BlockDeletingService#8] INFO  interfaces.ContainerDeletionChoosingPolicyTemplate (ContainerDeletionChoosingPolicyTemplate.java:chooseContainerForBlockDeletion(83)) - Chosen 0/5000 blocks from 0 candidate containers.
2023-07-26 19:46:31,943 [BlockDeletingService#4] INFO  interfaces.ContainerDeletionChoosingPolicyTemplate (ContainerDeletionChoosingPolicyTemplate.java:chooseContainerForBlockDeletion(83)) - Chosen 0/5000 blocks from 0 candidate containers.
2023-07-26 19:46:31,946 [BlockDeletingService#2] INFO  interfaces.ContainerDeletionChoosingPolicyTemplate (ContainerDeletionChoosingPolicyTemplate.java:chooseContainerForBlockDeletion(83)) - Chosen 0/5000 blocks from 0 candidate containers.
2023-07-26 19:46:32,042 [BlockDeletingService#8] INFO  interfaces.ContainerDeletionChoosingPolicyTemplate (ContainerDeletionChoosingPolicyTemplate.java:chooseContainerForBlockDeletion(83)) - Chosen 0/5000 blocks from 0 candidate containers.
2023-07-26 19:46:32,043 [BlockDeletingService#4] INFO  interfaces.ContainerDeletionChoosingPolicyTemplate (ContainerDeletionChoosingPolicyTemplate.java:chooseContainerForBlockDeletion(83)) - Chosen 0/5000 blocks from 0 candidate containers.
2023-07-26 19:46:32,046 [BlockDeletingService#2] INFO  interfaces.ContainerDeletionChoosingPolicyTemplate (ContainerDeletionChoosingPolicyTemplate.java:chooseContainerForBlockDeletion(83)) - Chosen 0/5000 blocks from 0 candidate containers.
2023-07-26 19:46:32,142 [BlockDeletingService#8] INFO  interfaces.ContainerDeletionChoosingPolicyTemplate (ContainerDeletionChoosingPolicyTemplate.java:chooseContainerForBlockDeletion(83)) - Chosen 0/5000 blocks from 0 candidate containers.
2023-07-26 19:46:32,144 [BlockDeletingService#4] INFO  interfaces.ContainerDeletionChoosingPolicyTemplate (ContainerDeletionChoosingPolicyTemplate.java:chooseContainerForBlockDeletion(83)) - Chosen 0/5000 blocks from 0 candidate containers.
2023-07-26 19:46:32,146 [BlockDeletingService#2] INFO  interfaces.ContainerDeletionChoosingPolicyTemplate (ContainerDeletionChoosingPolicyTemplate.java:chooseContainerForBlockDeletion(83)) - Chosen 0/5000 blocks from 0 candidate containers.
2023-07-26 19:46:32,155 [main] INFO  ozone.MiniOzoneClusterImpl (MiniOzoneClusterImpl.java:lambda$waitForClusterToBeReady$0(224)) - Nodes are ready. Got 3 of 3 DN Heartbeats.
2023-07-26 19:46:32,155 [main] INFO  ozone.MiniOzoneClusterImpl (MiniOzoneClusterImpl.java:lambda$waitForClusterToBeReady$0(227)) - Waiting for cluster to exit safe mode
2023-07-26 19:46:32,155 [main] INFO  ozone.MiniOzoneClusterImpl (MiniOzoneClusterImpl.java:lambda$waitForClusterToBeReady$0(229)) - SCM became leader
2023-07-26 19:46:32,243 [BlockDeletingService#8] INFO  interfaces.ContainerDeletionChoosingPolicyTemplate (ContainerDeletionChoosingPolicyTemplate.java:chooseContainerForBlockDeletion(83)) - Chosen 0/5000 blocks from 0 candidate containers.
2023-07-26 19:46:32,244 [BlockDeletingService#4] INFO  interfaces.ContainerDeletionChoosingPolicyTemplate (ContainerDeletionChoosingPolicyTemplate.java:chooseContainerForBlockDeletion(83)) - Chosen 0/5000 blocks from 0 candidate containers.
2023-07-26 19:46:32,247 [BlockDeletingService#2] INFO  interfaces.ContainerDeletionChoosingPolicyTemplate (ContainerDeletionChoosingPolicyTemplate.java:chooseContainerForBlockDeletion(83)) - Chosen 0/5000 blocks from 0 candidate containers.
2023-07-26 19:46:32,343 [BlockDeletingService#8] INFO  interfaces.ContainerDeletionChoosingPolicyTemplate (ContainerDeletionChoosingPolicyTemplate.java:chooseContainerForBlockDeletion(83)) - Chosen 0/5000 blocks from 0 candidate containers.
2023-07-26 19:46:32,344 [BlockDeletingService#4] INFO  interfaces.ContainerDeletionChoosingPolicyTemplate (ContainerDeletionChoosingPolicyTemplate.java:chooseContainerForBlockDeletion(83)) - Chosen 0/5000 blocks from 0 candidate containers.
2023-07-26 19:46:32,347 [BlockDeletingService#2] INFO  interfaces.ContainerDeletionChoosingPolicyTemplate (ContainerDeletionChoosingPolicyTemplate.java:chooseContainerForBlockDeletion(83)) - Chosen 0/5000 blocks from 0 candidate containers.
2023-07-26 19:46:32,444 [BlockDeletingService#8] INFO  interfaces.ContainerDeletionChoosingPolicyTemplate (ContainerDeletionChoosingPolicyTemplate.java:chooseContainerForBlockDeletion(83)) - Chosen 0/5000 blocks from 0 candidate containers.
2023-07-26 19:46:32,444 [BlockDeletingService#4] INFO  interfaces.ContainerDeletionChoosingPolicyTemplate (ContainerDeletionChoosingPolicyTemplate.java:chooseContainerForBlockDeletion(83)) - Chosen 0/5000 blocks from 0 candidate containers.
2023-07-26 19:46:32,447 [BlockDeletingService#2] INFO  interfaces.ContainerDeletionChoosingPolicyTemplate (ContainerDeletionChoosingPolicyTemplate.java:chooseContainerForBlockDeletion(83)) - Chosen 0/5000 blocks from 0 candidate containers.
2023-07-26 19:46:32,544 [BlockDeletingService#8] INFO  interfaces.ContainerDeletionChoosingPolicyTemplate (ContainerDeletionChoosingPolicyTemplate.java:chooseContainerForBlockDeletion(83)) - Chosen 0/5000 blocks from 0 candidate containers.
2023-07-26 19:46:32,545 [BlockDeletingService#4] INFO  interfaces.ContainerDeletionChoosingPolicyTemplate (ContainerDeletionChoosingPolicyTemplate.java:chooseContainerForBlockDeletion(83)) - Chosen 0/5000 blocks from 0 candidate containers.
2023-07-26 19:46:32,548 [BlockDeletingService#2] INFO  interfaces.ContainerDeletionChoosingPolicyTemplate (ContainerDeletionChoosingPolicyTemplate.java:chooseContainerForBlockDeletion(83)) - Chosen 0/5000 blocks from 0 candidate containers.
2023-07-26 19:46:32,645 [BlockDeletingService#8] INFO  interfaces.ContainerDeletionChoosingPolicyTemplate (ContainerDeletionChoosingPolicyTemplate.java:chooseContainerForBlockDeletion(83)) - Chosen 0/5000 blocks from 0 candidate containers.
2023-07-26 19:46:32,645 [BlockDeletingService#4] INFO  interfaces.ContainerDeletionChoosingPolicyTemplate (ContainerDeletionChoosingPolicyTemplate.java:chooseContainerForBlockDeletion(83)) - Chosen 0/5000 blocks from 0 candidate containers.
2023-07-26 19:46:32,648 [BlockDeletingService#2] INFO  interfaces.ContainerDeletionChoosingPolicyTemplate (ContainerDeletionChoosingPolicyTemplate.java:chooseContainerForBlockDeletion(83)) - Chosen 0/5000 blocks from 0 candidate containers.
2023-07-26 19:46:32,745 [BlockDeletingService#8] INFO  interfaces.ContainerDeletionChoosingPolicyTemplate (ContainerDeletionChoosingPolicyTemplate.java:chooseContainerForBlockDeletion(83)) - Chosen 0/5000 blocks from 0 candidate containers.
2023-07-26 19:46:32,749 [BlockDeletingService#2] INFO  interfaces.ContainerDeletionChoosingPolicyTemplate (ContainerDeletionChoosingPolicyTemplate.java:chooseContainerForBlockDeletion(83)) - Chosen 0/5000 blocks from 0 candidate containers.
2023-07-26 19:46:32,749 [BlockDeletingService#4] INFO  interfaces.ContainerDeletionChoosingPolicyTemplate (ContainerDeletionChoosingPolicyTemplate.java:chooseContainerForBlockDeletion(83)) - Chosen 0/5000 blocks from 0 candidate containers.
2023-07-26 19:46:32,849 [BlockDeletingService#2] INFO  interfaces.ContainerDeletionChoosingPolicyTemplate (ContainerDeletionChoosingPolicyTemplate.java:chooseContainerForBlockDeletion(83)) - Chosen 0/5000 blocks from 0 candidate containers.
2023-07-26 19:46:32,850 [BlockDeletingService#6] INFO  interfaces.ContainerDeletionChoosingPolicyTemplate (ContainerDeletionChoosingPolicyTemplate.java:chooseContainerForBlockDeletion(83)) - Chosen 0/5000 blocks from 0 candidate containers.
2023-07-26 19:46:32,849 [BlockDeletingService#4] INFO  interfaces.ContainerDeletionChoosingPolicyTemplate (ContainerDeletionChoosingPolicyTemplate.java:chooseContainerForBlockDeletion(83)) - Chosen 0/5000 blocks from 0 candidate containers.
2023-07-26 19:46:32,950 [BlockDeletingService#2] INFO  interfaces.ContainerDeletionChoosingPolicyTemplate (ContainerDeletionChoosingPolicyTemplate.java:chooseContainerForBlockDeletion(83)) - Chosen 0/5000 blocks from 0 candidate containers.
2023-07-26 19:46:32,950 [BlockDeletingService#6] INFO  interfaces.ContainerDeletionChoosingPolicyTemplate (ContainerDeletionChoosingPolicyTemplate.java:chooseContainerForBlockDeletion(83)) - Chosen 0/5000 blocks from 0 candidate containers.
2023-07-26 19:46:32,952 [BlockDeletingService#4] INFO  interfaces.ContainerDeletionChoosingPolicyTemplate (ContainerDeletionChoosingPolicyTemplate.java:chooseContainerForBlockDeletion(83)) - Chosen 0/5000 blocks from 0 candidate containers.
2023-07-26 19:46:33,050 [BlockDeletingService#2] INFO  interfaces.ContainerDeletionChoosingPolicyTemplate (ContainerDeletionChoosingPolicyTemplate.java:chooseContainerForBlockDeletion(83)) - Chosen 0/5000 blocks from 0 candidate containers.
2023-07-26 19:46:33,050 [BlockDeletingService#6] INFO  interfaces.ContainerDeletionChoosingPolicyTemplate (ContainerDeletionChoosingPolicyTemplate.java:chooseContainerForBlockDeletion(83)) - Chosen 0/5000 blocks from 0 candidate containers.
2023-07-26 19:46:33,052 [BlockDeletingService#4] INFO  interfaces.ContainerDeletionChoosingPolicyTemplate (ContainerDeletionChoosingPolicyTemplate.java:chooseContainerForBlockDeletion(83)) - Chosen 0/5000 blocks from 0 candidate containers.
2023-07-26 19:46:33,151 [BlockDeletingService#2] INFO  interfaces.ContainerDeletionChoosingPolicyTemplate (ContainerDeletionChoosingPolicyTemplate.java:chooseContainerForBlockDeletion(83)) - Chosen 0/5000 blocks from 0 candidate containers.
2023-07-26 19:46:33,151 [BlockDeletingService#6] INFO  interfaces.ContainerDeletionChoosingPolicyTemplate (ContainerDeletionChoosingPolicyTemplate.java:chooseContainerForBlockDeletion(83)) - Chosen 0/5000 blocks from 0 candidate containers.
2023-07-26 19:46:33,153 [BlockDeletingService#4] INFO  interfaces.ContainerDeletionChoosingPolicyTemplate (ContainerDeletionChoosingPolicyTemplate.java:chooseContainerForBlockDeletion(83)) - Chosen 0/5000 blocks from 0 candidate containers.
2023-07-26 19:46:33,155 [main] INFO  ozone.MiniOzoneClusterImpl (MiniOzoneClusterImpl.java:lambda$waitForClusterToBeReady$0(224)) - Nodes are ready. Got 3 of 3 DN Heartbeats.
2023-07-26 19:46:33,155 [main] INFO  ozone.MiniOzoneClusterImpl (MiniOzoneClusterImpl.java:lambda$waitForClusterToBeReady$0(227)) - Waiting for cluster to exit safe mode
2023-07-26 19:46:33,155 [main] INFO  ozone.MiniOzoneClusterImpl (MiniOzoneClusterImpl.java:lambda$waitForClusterToBeReady$0(229)) - SCM became leader
2023-07-26 19:46:33,251 [BlockDeletingService#2] INFO  interfaces.ContainerDeletionChoosingPolicyTemplate (ContainerDeletionChoosingPolicyTemplate.java:chooseContainerForBlockDeletion(83)) - Chosen 0/5000 blocks from 0 candidate containers.
2023-07-26 19:46:33,251 [BlockDeletingService#6] INFO  interfaces.ContainerDeletionChoosingPolicyTemplate (ContainerDeletionChoosingPolicyTemplate.java:chooseContainerForBlockDeletion(83)) - Chosen 0/5000 blocks from 0 candidate containers.
2023-07-26 19:46:33,253 [BlockDeletingService#4] INFO  interfaces.ContainerDeletionChoosingPolicyTemplate (ContainerDeletionChoosingPolicyTemplate.java:chooseContainerForBlockDeletion(83)) - Chosen 0/5000 blocks from 0 candidate containers.
2023-07-26 19:46:33,352 [BlockDeletingService#2] INFO  interfaces.ContainerDeletionChoosingPolicyTemplate (ContainerDeletionChoosingPolicyTemplate.java:chooseContainerForBlockDeletion(83)) - Chosen 0/5000 blocks from 0 candidate containers.
2023-07-26 19:46:33,352 [BlockDeletingService#6] INFO  interfaces.ContainerDeletionChoosingPolicyTemplate (ContainerDeletionChoosingPolicyTemplate.java:chooseContainerForBlockDeletion(83)) - Chosen 0/5000 blocks from 0 candidate containers.
2023-07-26 19:46:33,353 [BlockDeletingService#4] INFO  interfaces.ContainerDeletionChoosingPolicyTemplate (ContainerDeletionChoosingPolicyTemplate.java:chooseContainerForBlockDeletion(83)) - Chosen 0/5000 blocks from 0 candidate containers.
2023-07-26 19:46:33,397 [4099cb2b-2e2e-4151-9db7-f99ade631412@group-B847BC5CEDB0-FollowerState] INFO  impl.FollowerState (FollowerState.java:run(143)) - 4099cb2b-2e2e-4151-9db7-f99ade631412@group-B847BC5CEDB0-FollowerState: change to CANDIDATE, lastRpcElapsedTime:5054806191ns, electionTimeout:5054ms
2023-07-26 19:46:33,398 [4099cb2b-2e2e-4151-9db7-f99ade631412@group-B847BC5CEDB0-FollowerState] INFO  impl.RoleInfo (RoleInfo.java:shutdownFollowerState(110)) - 4099cb2b-2e2e-4151-9db7-f99ade631412: shutdown 4099cb2b-2e2e-4151-9db7-f99ade631412@group-B847BC5CEDB0-FollowerState
2023-07-26 19:46:33,398 [4099cb2b-2e2e-4151-9db7-f99ade631412@group-B847BC5CEDB0-FollowerState] INFO  server.RaftServer$Division (RaftServerImpl.java:setRole(329)) - 4099cb2b-2e2e-4151-9db7-f99ade631412@group-B847BC5CEDB0: changes role from  FOLLOWER to CANDIDATE at term 0 for changeToCandidate
2023-07-26 19:46:33,399 [4099cb2b-2e2e-4151-9db7-f99ade631412@group-B847BC5CEDB0-FollowerState] INFO  server.RaftServerConfigKeys (ConfUtils.java:logGet(46)) - raft.server.leaderelection.pre-vote = true (default)
2023-07-26 19:46:33,399 [4099cb2b-2e2e-4151-9db7-f99ade631412@group-B847BC5CEDB0-FollowerState] INFO  impl.RoleInfo (RoleInfo.java:updateAndGet(139)) - 4099cb2b-2e2e-4151-9db7-f99ade631412: start 4099cb2b-2e2e-4151-9db7-f99ade631412@group-B847BC5CEDB0-LeaderElection2
2023-07-26 19:46:33,401 [4099cb2b-2e2e-4151-9db7-f99ade631412@group-B847BC5CEDB0-LeaderElection2] INFO  impl.LeaderElection (LeaderElection.java:askForVotes(321)) - 4099cb2b-2e2e-4151-9db7-f99ade631412@group-B847BC5CEDB0-LeaderElection2 PRE_VOTE round 0: submit vote requests at term 0 for -1: peers:[4099cb2b-2e2e-4151-9db7-f99ade631412|rpc:10.1.0.48:15014|admin:10.1.0.48:15013|client:10.1.0.48:15012|dataStream:10.1.0.48:15015|priority:1|startupRole:FOLLOWER]|listeners:[], old=null
2023-07-26 19:46:33,401 [4099cb2b-2e2e-4151-9db7-f99ade631412@group-B847BC5CEDB0-LeaderElection2] INFO  impl.LeaderElection (LeaderElection.java:askForVotes(323)) - 4099cb2b-2e2e-4151-9db7-f99ade631412@group-B847BC5CEDB0-LeaderElection2 PRE_VOTE round 0: result PASSED (term=0)
2023-07-26 19:46:33,403 [4099cb2b-2e2e-4151-9db7-f99ade631412@group-B847BC5CEDB0-LeaderElection2] INFO  impl.LeaderElection (LeaderElection.java:askForVotes(321)) - 4099cb2b-2e2e-4151-9db7-f99ade631412@group-B847BC5CEDB0-LeaderElection2 ELECTION round 0: submit vote requests at term 1 for -1: peers:[4099cb2b-2e2e-4151-9db7-f99ade631412|rpc:10.1.0.48:15014|admin:10.1.0.48:15013|client:10.1.0.48:15012|dataStream:10.1.0.48:15015|priority:1|startupRole:FOLLOWER]|listeners:[], old=null
2023-07-26 19:46:33,403 [4099cb2b-2e2e-4151-9db7-f99ade631412@group-B847BC5CEDB0-LeaderElection2] INFO  impl.LeaderElection (LeaderElection.java:askForVotes(323)) - 4099cb2b-2e2e-4151-9db7-f99ade631412@group-B847BC5CEDB0-LeaderElection2 ELECTION round 0: result PASSED (term=1)
2023-07-26 19:46:33,403 [4099cb2b-2e2e-4151-9db7-f99ade631412@group-B847BC5CEDB0-LeaderElection2] INFO  impl.RoleInfo (RoleInfo.java:shutdownLeaderElection(130)) - 4099cb2b-2e2e-4151-9db7-f99ade631412: shutdown 4099cb2b-2e2e-4151-9db7-f99ade631412@group-B847BC5CEDB0-LeaderElection2
2023-07-26 19:46:33,404 [4099cb2b-2e2e-4151-9db7-f99ade631412@group-B847BC5CEDB0-LeaderElection2] INFO  server.RaftServer$Division (RaftServerImpl.java:setRole(329)) - 4099cb2b-2e2e-4151-9db7-f99ade631412@group-B847BC5CEDB0: changes role from CANDIDATE to LEADER at term 1 for changeToLeader
2023-07-26 19:46:33,404 [4099cb2b-2e2e-4151-9db7-f99ade631412@group-B847BC5CEDB0-LeaderElection2] INFO  ratis.XceiverServerRatis (XceiverServerRatis.java:handleLeaderChangedNotification(902)) - Leader change notification received for group: group-B847BC5CEDB0 with new leaderId: 4099cb2b-2e2e-4151-9db7-f99ade631412
2023-07-26 19:46:33,404 [4099cb2b-2e2e-4151-9db7-f99ade631412@group-B847BC5CEDB0-LeaderElection2] INFO  server.RaftServer$Division (ServerState.java:setLeader(317)) - 4099cb2b-2e2e-4151-9db7-f99ade631412@group-B847BC5CEDB0: change Leader from null to 4099cb2b-2e2e-4151-9db7-f99ade631412 at term 1 for becomeLeader, leader elected after 5127ms
2023-07-26 19:46:33,404 [4099cb2b-2e2e-4151-9db7-f99ade631412@group-B847BC5CEDB0-LeaderElection2] INFO  server.RaftServerConfigKeys (ConfUtils.java:logGet(46)) - raft.server.staging.catchup.gap = 1000 (default)
2023-07-26 19:46:33,404 [4099cb2b-2e2e-4151-9db7-f99ade631412@group-B847BC5CEDB0-LeaderElection2] INFO  server.RaftServerConfigKeys (ConfUtils.java:logGet(46)) - raft.server.write.element-limit = 1024 (custom)
2023-07-26 19:46:33,405 [4099cb2b-2e2e-4151-9db7-f99ade631412@group-B847BC5CEDB0-LeaderElection2] INFO  server.RaftServerConfigKeys (ConfUtils.java:logGet(46)) - raft.server.write.byte-limit = 1024 M (=1073741824) (custom)
2023-07-26 19:46:33,405 [4099cb2b-2e2e-4151-9db7-f99ade631412@group-B847BC5CEDB0-LeaderElection2] INFO  server.RaftServerConfigKeys (ConfUtils.java:logGet(46)) - raft.server.watch.timeout = 3000ms (custom)
2023-07-26 19:46:33,405 [4099cb2b-2e2e-4151-9db7-f99ade631412@group-B847BC5CEDB0-LeaderElection2] INFO  server.RaftServerConfigKeys (ConfUtils.java:logGet(46)) - raft.server.watch.timeout.denomination = 1s (default)
2023-07-26 19:46:33,405 [4099cb2b-2e2e-4151-9db7-f99ade631412@group-B847BC5CEDB0-LeaderElection2] INFO  server.RaftServerConfigKeys (ConfUtils.java:logGet(46)) - raft.server.watch.element-limit = 65536 (default)
2023-07-26 19:46:33,405 [4099cb2b-2e2e-4151-9db7-f99ade631412@group-B847BC5CEDB0-LeaderElection2] INFO  server.RaftServerConfigKeys (ConfUtils.java:logGet(46)) - raft.server.write.element-limit = 1024 (custom)
2023-07-26 19:46:33,405 [4099cb2b-2e2e-4151-9db7-f99ade631412@group-B847BC5CEDB0-LeaderElection2] INFO  server.RaftServerConfigKeys (ConfUtils.java:logGet(46)) - raft.server.write.follower.gap.ratio.max = -1.0 (default)
2023-07-26 19:46:33,406 [4099cb2b-2e2e-4151-9db7-f99ade631412@group-B847BC5CEDB0-LeaderElection2] INFO  impl.RoleInfo (RoleInfo.java:updateAndGet(139)) - 4099cb2b-2e2e-4151-9db7-f99ade631412: start 4099cb2b-2e2e-4151-9db7-f99ade631412@group-B847BC5CEDB0-LeaderStateImpl
2023-07-26 19:46:33,406 [EventQueue-OpenPipelineForHealthyPipelineSafeModeRule] INFO  safemode.SCMSafeModeManager (HealthyPipelineSafeModeRule.java:process(137)) - SCM in safe mode. Healthy pipelines reported count is 0, required healthy pipeline reported count is 1
2023-07-26 19:46:33,406 [4099cb2b-2e2e-4151-9db7-f99ade631412@group-B847BC5CEDB0-LeaderElection2] INFO  segmented.SegmentedRaftLogWorker (SegmentedRaftLogWorker.java:startLogSegment(447)) - 4099cb2b-2e2e-4151-9db7-f99ade631412@group-B847BC5CEDB0-SegmentedRaftLogWorker: Starting segment from index:0
2023-07-26 19:46:33,408 [4099cb2b-2e2e-4151-9db7-f99ade631412@group-B847BC5CEDB0-SegmentedRaftLogWorker] INFO  segmented.SegmentedRaftLogWorker (SegmentedRaftLogWorker.java:execute(651)) - 4099cb2b-2e2e-4151-9db7-f99ade631412@group-B847BC5CEDB0-SegmentedRaftLogWorker: created new log segment /home/runner/work/ozone/ozone/hadoop-ozone/integration-test/target/test-dir/MiniOzoneClusterImpl-7725ff52-e03b-4cac-b8cb-596b4b29adc0/datanode-0/data/ratis/b557c180-eda6-4882-baa0-b847bc5cedb0/current/log_inprogress_0
2023-07-26 19:46:33,418 [4099cb2b-2e2e-4151-9db7-f99ade631412@group-B847BC5CEDB0-LeaderElection2] INFO  server.RaftServer$Division (ServerState.java:setRaftConf(434)) - 4099cb2b-2e2e-4151-9db7-f99ade631412@group-B847BC5CEDB0: set configuration 0: peers:[4099cb2b-2e2e-4151-9db7-f99ade631412|rpc:10.1.0.48:15014|admin:10.1.0.48:15013|client:10.1.0.48:15012|dataStream:10.1.0.48:15015|priority:1|startupRole:FOLLOWER]|listeners:[], old=null
2023-07-26 19:46:33,452 [BlockDeletingService#2] INFO  interfaces.ContainerDeletionChoosingPolicyTemplate (ContainerDeletionChoosingPolicyTemplate.java:chooseContainerForBlockDeletion(83)) - Chosen 0/5000 blocks from 0 candidate containers.
2023-07-26 19:46:33,452 [BlockDeletingService#6] INFO  interfaces.ContainerDeletionChoosingPolicyTemplate (ContainerDeletionChoosingPolicyTemplate.java:chooseContainerForBlockDeletion(83)) - Chosen 0/5000 blocks from 0 candidate containers.
2023-07-26 19:46:33,453 [BlockDeletingService#4] INFO  interfaces.ContainerDeletionChoosingPolicyTemplate (ContainerDeletionChoosingPolicyTemplate.java:chooseContainerForBlockDeletion(83)) - Chosen 0/5000 blocks from 0 candidate containers.
2023-07-26 19:46:33,552 [BlockDeletingService#2] INFO  interfaces.ContainerDeletionChoosingPolicyTemplate (ContainerDeletionChoosingPolicyTemplate.java:chooseContainerForBlockDeletion(83)) - Chosen 0/5000 blocks from 0 candidate containers.
2023-07-26 19:46:33,552 [BlockDeletingService#6] INFO  interfaces.ContainerDeletionChoosingPolicyTemplate (ContainerDeletionChoosingPolicyTemplate.java:chooseContainerForBlockDeletion(83)) - Chosen 0/5000 blocks from 0 candidate containers.
2023-07-26 19:46:33,554 [BlockDeletingService#4] INFO  interfaces.ContainerDeletionChoosingPolicyTemplate (ContainerDeletionChoosingPolicyTemplate.java:chooseContainerForBlockDeletion(83)) - Chosen 0/5000 blocks from 0 candidate containers.
2023-07-26 19:46:33,602 [4099cb2b-2e2e-4151-9db7-f99ade631412@group-1C7129A268B6-FollowerState] INFO  impl.FollowerState (FollowerState.java:run(143)) - 4099cb2b-2e2e-4151-9db7-f99ade631412@group-1C7129A268B6-FollowerState: change to CANDIDATE, lastRpcElapsedTime:5192040434ns, electionTimeout:5187ms
2023-07-26 19:46:33,603 [4099cb2b-2e2e-4151-9db7-f99ade631412@group-1C7129A268B6-FollowerState] INFO  impl.RoleInfo (RoleInfo.java:shutdownFollowerState(110)) - 4099cb2b-2e2e-4151-9db7-f99ade631412: shutdown 4099cb2b-2e2e-4151-9db7-f99ade631412@group-1C7129A268B6-FollowerState
2023-07-26 19:46:33,603 [4099cb2b-2e2e-4151-9db7-f99ade631412@group-1C7129A268B6-FollowerState] INFO  server.RaftServer$Division (RaftServerImpl.java:setRole(329)) - 4099cb2b-2e2e-4151-9db7-f99ade631412@group-1C7129A268B6: changes role from  FOLLOWER to CANDIDATE at term 0 for changeToCandidate
2023-07-26 19:46:33,604 [4099cb2b-2e2e-4151-9db7-f99ade631412@group-1C7129A268B6-FollowerState] INFO  server.RaftServerConfigKeys (ConfUtils.java:logGet(46)) - raft.server.leaderelection.pre-vote = true (default)
2023-07-26 19:46:33,604 [4099cb2b-2e2e-4151-9db7-f99ade631412@group-1C7129A268B6-FollowerState] INFO  impl.RoleInfo (RoleInfo.java:updateAndGet(139)) - 4099cb2b-2e2e-4151-9db7-f99ade631412: start 4099cb2b-2e2e-4151-9db7-f99ade631412@group-1C7129A268B6-LeaderElection3
2023-07-26 19:46:33,606 [4099cb2b-2e2e-4151-9db7-f99ade631412@group-1C7129A268B6-LeaderElection3] INFO  impl.LeaderElection (LeaderElection.java:askForVotes(321)) - 4099cb2b-2e2e-4151-9db7-f99ade631412@group-1C7129A268B6-LeaderElection3 PRE_VOTE round 0: submit vote requests at term 0 for -1: peers:[4099cb2b-2e2e-4151-9db7-f99ade631412|rpc:10.1.0.48:15014|admin:10.1.0.48:15013|client:10.1.0.48:15012|dataStream:10.1.0.48:15015|priority:1|startupRole:FOLLOWER, cc71d3b4-cf6a-416c-96eb-6097e97a8fe1|rpc:10.1.0.48:15032|admin:10.1.0.48:15031|client:10.1.0.48:15030|dataStream:10.1.0.48:15033|priority:0|startupRole:FOLLOWER, c33e49d7-aab4-4e8b-84a2-e80ab64b386a|rpc:10.1.0.48:15023|admin:10.1.0.48:15022|client:10.1.0.48:15021|dataStream:10.1.0.48:15024|priority:0|startupRole:FOLLOWER]|listeners:[], old=null
2023-07-26 19:46:33,620 [4099cb2b-2e2e-4151-9db7-f99ade631412@group-1C7129A268B6-LeaderElection3] INFO  server.RaftServerConfigKeys (ConfUtils.java:logFallback(53)) - raft.server.rpc.first-election.timeout.min = 5s (fallback to raft.server.rpc.timeout.min)
2023-07-26 19:46:33,620 [4099cb2b-2e2e-4151-9db7-f99ade631412@group-1C7129A268B6-LeaderElection3] INFO  server.RaftServerConfigKeys (ConfUtils.java:logFallback(53)) - raft.server.rpc.first-election.timeout.max = 5200ms (fallback to raft.server.rpc.timeout.max)
2023-07-26 19:46:33,624 [4099cb2b-2e2e-4151-9db7-f99ade631412@group-1C7129A268B6-LeaderElection3-1] INFO  server.GrpcServerProtocolClient (GrpcServerProtocolClient.java:<init>(65)) - Build channel for cc71d3b4-cf6a-416c-96eb-6097e97a8fe1
2023-07-26 19:46:33,624 [4099cb2b-2e2e-4151-9db7-f99ade631412@group-1C7129A268B6-LeaderElection3-2] INFO  server.GrpcServerProtocolClient (GrpcServerProtocolClient.java:<init>(65)) - Build channel for c33e49d7-aab4-4e8b-84a2-e80ab64b386a
2023-07-26 19:46:33,653 [BlockDeletingService#2] INFO  interfaces.ContainerDeletionChoosingPolicyTemplate (ContainerDeletionChoosingPolicyTemplate.java:chooseContainerForBlockDeletion(83)) - Chosen 0/5000 blocks from 0 candidate containers.
2023-07-26 19:46:33,653 [BlockDeletingService#6] INFO  interfaces.ContainerDeletionChoosingPolicyTemplate (ContainerDeletionChoosingPolicyTemplate.java:chooseContainerForBlockDeletion(83)) - Chosen 0/5000 blocks from 0 candidate containers.
2023-07-26 19:46:33,654 [BlockDeletingService#4] INFO  interfaces.ContainerDeletionChoosingPolicyTemplate (ContainerDeletionChoosingPolicyTemplate.java:chooseContainerForBlockDeletion(83)) - Chosen 0/5000 blocks from 0 candidate containers.
2023-07-26 19:46:33,671 [grpc-default-executor-0] INFO  server.RaftServer$Division (RaftServerImpl.java:requestVote(1302)) - cc71d3b4-cf6a-416c-96eb-6097e97a8fe1@group-1C7129A268B6: receive requestVote(PRE_VOTE, 4099cb2b-2e2e-4151-9db7-f99ade631412, group-1C7129A268B6, 0, (t:0, i:0))
2023-07-26 19:46:33,675 [grpc-default-executor-0] INFO  impl.VoteContext (VoteContext.java:log(49)) - cc71d3b4-cf6a-416c-96eb-6097e97a8fe1@group-1C7129A268B6-FOLLOWER: accept PRE_VOTE from 4099cb2b-2e2e-4151-9db7-f99ade631412: our priority 0 <= candidate's priority 1
2023-07-26 19:46:33,685 [grpc-default-executor-0] INFO  server.RaftServer$Division (RaftServerImpl.java:requestVote(1335)) - cc71d3b4-cf6a-416c-96eb-6097e97a8fe1@group-1C7129A268B6 replies to PRE_VOTE vote request: 4099cb2b-2e2e-4151-9db7-f99ade631412<-cc71d3b4-cf6a-416c-96eb-6097e97a8fe1#0:OK-t0. Peer's state: cc71d3b4-cf6a-416c-96eb-6097e97a8fe1@group-1C7129A268B6:t0, leader=null, voted=, raftlog=Memoized:cc71d3b4-cf6a-416c-96eb-6097e97a8fe1@group-1C7129A268B6-SegmentedRaftLog:OPENED:c-1, conf=-1: peers:[4099cb2b-2e2e-4151-9db7-f99ade631412|rpc:10.1.0.48:15014|admin:10.1.0.48:15013|client:10.1.0.48:15012|dataStream:10.1.0.48:15015|priority:1|startupRole:FOLLOWER, cc71d3b4-cf6a-416c-96eb-6097e97a8fe1|rpc:10.1.0.48:15032|admin:10.1.0.48:15031|client:10.1.0.48:15030|dataStream:10.1.0.48:15033|priority:0|startupRole:FOLLOWER, c33e49d7-aab4-4e8b-84a2-e80ab64b386a|rpc:10.1.0.48:15023|admin:10.1.0.48:15022|client:10.1.0.48:15021|dataStream:10.1.0.48:15024|priority:0|startupRole:FOLLOWER]|listeners:[], old=null
2023-07-26 19:46:33,693 [grpc-default-executor-0] INFO  server.RaftServer$Division (RaftServerImpl.java:requestVote(1302)) - c33e49d7-aab4-4e8b-84a2-e80ab64b386a@group-1C7129A268B6: receive requestVote(PRE_VOTE, 4099cb2b-2e2e-4151-9db7-f99ade631412, group-1C7129A268B6, 0, (t:0, i:0))
2023-07-26 19:46:33,693 [grpc-default-executor-0] INFO  impl.VoteContext (VoteContext.java:log(49)) - c33e49d7-aab4-4e8b-84a2-e80ab64b386a@group-1C7129A268B6-FOLLOWER: accept PRE_VOTE from 4099cb2b-2e2e-4151-9db7-f99ade631412: our priority 0 <= candidate's priority 1
2023-07-26 19:46:33,694 [grpc-default-executor-0] INFO  server.RaftServer$Division (RaftServerImpl.java:requestVote(1335)) - c33e49d7-aab4-4e8b-84a2-e80ab64b386a@group-1C7129A268B6 replies to PRE_VOTE vote request: 4099cb2b-2e2e-4151-9db7-f99ade631412<-c33e49d7-aab4-4e8b-84a2-e80ab64b386a#0:OK-t0. Peer's state: c33e49d7-aab4-4e8b-84a2-e80ab64b386a@group-1C7129A268B6:t0, leader=null, voted=, raftlog=Memoized:c33e49d7-aab4-4e8b-84a2-e80ab64b386a@group-1C7129A268B6-SegmentedRaftLog:OPENED:c-1, conf=-1: peers:[4099cb2b-2e2e-4151-9db7-f99ade631412|rpc:10.1.0.48:15014|admin:10.1.0.48:15013|client:10.1.0.48:15012|dataStream:10.1.0.48:15015|priority:1|startupRole:FOLLOWER, cc71d3b4-cf6a-416c-96eb-6097e97a8fe1|rpc:10.1.0.48:15032|admin:10.1.0.48:15031|client:10.1.0.48:15030|dataStream:10.1.0.48:15033|priority:0|startupRole:FOLLOWER, c33e49d7-aab4-4e8b-84a2-e80ab64b386a|rpc:10.1.0.48:15023|admin:10.1.0.48:15022|client:10.1.0.48:15021|dataStream:10.1.0.48:15024|priority:0|startupRole:FOLLOWER]|listeners:[], old=null
2023-07-26 19:46:33,698 [4099cb2b-2e2e-4151-9db7-f99ade631412@group-1C7129A268B6-LeaderElection3] INFO  impl.LeaderElection (LeaderElection.java:logAndReturn(90)) - 4099cb2b-2e2e-4151-9db7-f99ade631412@group-1C7129A268B6-LeaderElection3: PRE_VOTE PASSED received 1 response(s) and 0 exception(s):
2023-07-26 19:46:33,700 [4099cb2b-2e2e-4151-9db7-f99ade631412@group-1C7129A268B6-LeaderElection3] INFO  impl.LeaderElection (LeaderElection.java:logAndReturn(94)) -   Response 0: 4099cb2b-2e2e-4151-9db7-f99ade631412<-cc71d3b4-cf6a-416c-96eb-6097e97a8fe1#0:OK-t0
2023-07-26 19:46:33,700 [4099cb2b-2e2e-4151-9db7-f99ade631412@group-1C7129A268B6-LeaderElection3] INFO  impl.LeaderElection (LeaderElection.java:askForVotes(323)) - 4099cb2b-2e2e-4151-9db7-f99ade631412@group-1C7129A268B6-LeaderElection3 PRE_VOTE round 0: result PASSED
2023-07-26 19:46:33,702 [4099cb2b-2e2e-4151-9db7-f99ade631412@group-1C7129A268B6-LeaderElection3] INFO  impl.LeaderElection (LeaderElection.java:askForVotes(321)) - 4099cb2b-2e2e-4151-9db7-f99ade631412@group-1C7129A268B6-LeaderElection3 ELECTION round 0: submit vote requests at term 1 for -1: peers:[4099cb2b-2e2e-4151-9db7-f99ade631412|rpc:10.1.0.48:15014|admin:10.1.0.48:15013|client:10.1.0.48:15012|dataStream:10.1.0.48:15015|priority:1|startupRole:FOLLOWER, cc71d3b4-cf6a-416c-96eb-6097e97a8fe1|rpc:10.1.0.48:15032|admin:10.1.0.48:15031|client:10.1.0.48:15030|dataStream:10.1.0.48:15033|priority:0|startupRole:FOLLOWER, c33e49d7-aab4-4e8b-84a2-e80ab64b386a|rpc:10.1.0.48:15023|admin:10.1.0.48:15022|client:10.1.0.48:15021|dataStream:10.1.0.48:15024|priority:0|startupRole:FOLLOWER]|listeners:[], old=null
2023-07-26 19:46:33,706 [4099cb2b-2e2e-4151-9db7-f99ade631412@group-1C7129A268B6-LeaderElection3] INFO  server.RaftServerConfigKeys (ConfUtils.java:logFallback(53)) - raft.server.rpc.first-election.timeout.min = 5s (fallback to raft.server.rpc.timeout.min)
2023-07-26 19:46:33,706 [4099cb2b-2e2e-4151-9db7-f99ade631412@group-1C7129A268B6-LeaderElection3] INFO  server.RaftServerConfigKeys (ConfUtils.java:logFallback(53)) - raft.server.rpc.first-election.timeout.max = 5200ms (fallback to raft.server.rpc.timeout.max)
2023-07-26 19:46:33,710 [grpc-default-executor-1] INFO  server.RaftServer$Division (RaftServerImpl.java:requestVote(1302)) - cc71d3b4-cf6a-416c-96eb-6097e97a8fe1@group-1C7129A268B6: receive requestVote(ELECTION, 4099cb2b-2e2e-4151-9db7-f99ade631412, group-1C7129A268B6, 1, (t:0, i:0))
2023-07-26 19:46:33,712 [grpc-default-executor-1] INFO  impl.VoteContext (VoteContext.java:log(49)) - cc71d3b4-cf6a-416c-96eb-6097e97a8fe1@group-1C7129A268B6-FOLLOWER: accept ELECTION from 4099cb2b-2e2e-4151-9db7-f99ade631412: our priority 0 <= candidate's priority 1
2023-07-26 19:46:33,713 [grpc-default-executor-1] INFO  server.RaftServer$Division (RaftServerImpl.java:setRole(329)) - cc71d3b4-cf6a-416c-96eb-6097e97a8fe1@group-1C7129A268B6: changes role from  FOLLOWER to FOLLOWER at term 1 for candidate:4099cb2b-2e2e-4151-9db7-f99ade631412
2023-07-26 19:46:33,713 [grpc-default-executor-1] INFO  impl.RoleInfo (RoleInfo.java:shutdownFollowerState(110)) - cc71d3b4-cf6a-416c-96eb-6097e97a8fe1: shutdown cc71d3b4-cf6a-416c-96eb-6097e97a8fe1@group-1C7129A268B6-FollowerState
2023-07-26 19:46:33,713 [cc71d3b4-cf6a-416c-96eb-6097e97a8fe1@group-1C7129A268B6-FollowerState] INFO  impl.FollowerState (FollowerState.java:run(152)) - cc71d3b4-cf6a-416c-96eb-6097e97a8fe1@group-1C7129A268B6-FollowerState was interrupted
2023-07-26 19:46:33,715 [grpc-default-executor-1] INFO  impl.RoleInfo (RoleInfo.java:updateAndGet(139)) - cc71d3b4-cf6a-416c-96eb-6097e97a8fe1: start cc71d3b4-cf6a-416c-96eb-6097e97a8fe1@group-1C7129A268B6-FollowerState
2023-07-26 19:46:33,720 [grpc-default-executor-1] INFO  server.RaftServer$Division (RaftServerImpl.java:requestVote(1335)) - cc71d3b4-cf6a-416c-96eb-6097e97a8fe1@group-1C7129A268B6 replies to ELECTION vote request: 4099cb2b-2e2e-4151-9db7-f99ade631412<-cc71d3b4-cf6a-416c-96eb-6097e97a8fe1#0:OK-t1. Peer's state: cc71d3b4-cf6a-416c-96eb-6097e97a8fe1@group-1C7129A268B6:t1, leader=null, voted=4099cb2b-2e2e-4151-9db7-f99ade631412, raftlog=Memoized:cc71d3b4-cf6a-416c-96eb-6097e97a8fe1@group-1C7129A268B6-SegmentedRaftLog:OPENED:c-1, conf=-1: peers:[4099cb2b-2e2e-4151-9db7-f99ade631412|rpc:10.1.0.48:15014|admin:10.1.0.48:15013|client:10.1.0.48:15012|dataStream:10.1.0.48:15015|priority:1|startupRole:FOLLOWER, cc71d3b4-cf6a-416c-96eb-6097e97a8fe1|rpc:10.1.0.48:15032|admin:10.1.0.48:15031|client:10.1.0.48:15030|dataStream:10.1.0.48:15033|priority:0|startupRole:FOLLOWER, c33e49d7-aab4-4e8b-84a2-e80ab64b386a|rpc:10.1.0.48:15023|admin:10.1.0.48:15022|client:10.1.0.48:15021|dataStream:10.1.0.48:15024|priority:0|startupRole:FOLLOWER]|listeners:[], old=null
2023-07-26 19:46:33,724 [4099cb2b-2e2e-4151-9db7-f99ade631412@group-1C7129A268B6-LeaderElection3] INFO  impl.LeaderElection (LeaderElection.java:logAndReturn(90)) - 4099cb2b-2e2e-4151-9db7-f99ade631412@group-1C7129A268B6-LeaderElection3: ELECTION PASSED received 1 response(s) and 0 exception(s):
2023-07-26 19:46:33,724 [4099cb2b-2e2e-4151-9db7-f99ade631412@group-1C7129A268B6-LeaderElection3] INFO  impl.LeaderElection (LeaderElection.java:logAndReturn(94)) -   Response 0: 4099cb2b-2e2e-4151-9db7-f99ade631412<-cc71d3b4-cf6a-416c-96eb-6097e97a8fe1#0:OK-t1
2023-07-26 19:46:33,725 [grpc-default-executor-1] INFO  server.RaftServer$Division (RaftServerImpl.java:requestVote(1302)) - c33e49d7-aab4-4e8b-84a2-e80ab64b386a@group-1C7129A268B6: receive requestVote(ELECTION, 4099cb2b-2e2e-4151-9db7-f99ade631412, group-1C7129A268B6, 1, (t:0, i:0))
2023-07-26 19:46:33,726 [4099cb2b-2e2e-4151-9db7-f99ade631412@group-1C7129A268B6-LeaderElection3] INFO  impl.LeaderElection (LeaderElection.java:askForVotes(323)) - 4099cb2b-2e2e-4151-9db7-f99ade631412@group-1C7129A268B6-LeaderElection3 ELECTION round 0: result PASSED
2023-07-26 19:46:33,726 [4099cb2b-2e2e-4151-9db7-f99ade631412@group-1C7129A268B6-LeaderElection3] INFO  impl.RoleInfo (RoleInfo.java:shutdownLeaderElection(130)) - 4099cb2b-2e2e-4151-9db7-f99ade631412: shutdown 4099cb2b-2e2e-4151-9db7-f99ade631412@group-1C7129A268B6-LeaderElection3
2023-07-26 19:46:33,726 [4099cb2b-2e2e-4151-9db7-f99ade631412@group-1C7129A268B6-LeaderElection3] INFO  server.RaftServer$Division (RaftServerImpl.java:setRole(329)) - 4099cb2b-2e2e-4151-9db7-f99ade631412@group-1C7129A268B6: changes role from CANDIDATE to LEADER at term 1 for changeToLeader
2023-07-26 19:46:33,726 [grpc-default-executor-1] INFO  impl.VoteContext (VoteContext.java:log(49)) - c33e49d7-aab4-4e8b-84a2-e80ab64b386a@group-1C7129A268B6-FOLLOWER: accept ELECTION from 4099cb2b-2e2e-4151-9db7-f99ade631412: our priority 0 <= candidate's priority 1
2023-07-26 19:46:33,726 [4099cb2b-2e2e-4151-9db7-f99ade631412@group-1C7129A268B6-LeaderElection3] INFO  ratis.XceiverServerRatis (XceiverServerRatis.java:handleLeaderChangedNotification(902)) - Leader change notification received for group: group-1C7129A268B6 with new leaderId: 4099cb2b-2e2e-4151-9db7-f99ade631412
2023-07-26 19:46:33,726 [grpc-default-executor-1] INFO  server.RaftServer$Division (RaftServerImpl.java:setRole(329)) - c33e49d7-aab4-4e8b-84a2-e80ab64b386a@group-1C7129A268B6: changes role from  FOLLOWER to FOLLOWER at term 1 for candidate:4099cb2b-2e2e-4151-9db7-f99ade631412
2023-07-26 19:46:33,727 [grpc-default-executor-1] INFO  impl.RoleInfo (RoleInfo.java:shutdownFollowerState(110)) - c33e49d7-aab4-4e8b-84a2-e80ab64b386a: shutdown c33e49d7-aab4-4e8b-84a2-e80ab64b386a@group-1C7129A268B6-FollowerState
2023-07-26 19:46:33,728 [c33e49d7-aab4-4e8b-84a2-e80ab64b386a@group-1C7129A268B6-FollowerState] INFO  impl.FollowerState (FollowerState.java:run(152)) - c33e49d7-aab4-4e8b-84a2-e80ab64b386a@group-1C7129A268B6-FollowerState was interrupted
2023-07-26 19:46:33,727 [4099cb2b-2e2e-4151-9db7-f99ade631412@group-1C7129A268B6-LeaderElection3] INFO  server.RaftServer$Division (ServerState.java:setLeader(317)) - 4099cb2b-2e2e-4151-9db7-f99ade631412@group-1C7129A268B6: change Leader from null to 4099cb2b-2e2e-4151-9db7-f99ade631412 at term 1 for becomeLeader, leader elected after 5346ms
2023-07-26 19:46:33,729 [4099cb2b-2e2e-4151-9db7-f99ade631412@group-1C7129A268B6-LeaderElection3] INFO  server.RaftServerConfigKeys (ConfUtils.java:logGet(46)) - raft.server.staging.catchup.gap = 1000 (default)
2023-07-26 19:46:33,730 [4099cb2b-2e2e-4151-9db7-f99ade631412@group-1C7129A268B6-LeaderElection3] INFO  server.RaftServerConfigKeys (ConfUtils.java:logGet(46)) - raft.server.write.element-limit = 1024 (custom)
2023-07-26 19:46:33,730 [4099cb2b-2e2e-4151-9db7-f99ade631412@group-1C7129A268B6-LeaderElection3] INFO  server.RaftServerConfigKeys (ConfUtils.java:logGet(46)) - raft.server.write.byte-limit = 1024 M (=1073741824) (custom)
2023-07-26 19:46:33,730 [EventQueue-PipelineReportForPipelineReportHandler] INFO  pipeline.PipelineReportHandler (PipelineReportHandler.java:processPipelineReport(136)) - Opened pipeline PipelineID=5bbdc32e-28b0-403e-8d78-1c7129a268b6
2023-07-26 19:46:33,730 [4099cb2b-2e2e-4151-9db7-f99ade631412@group-1C7129A268B6-LeaderElection3] INFO  server.RaftServerConfigKeys (ConfUtils.java:logGet(46)) - raft.server.watch.timeout = 3000ms (custom)
2023-07-26 19:46:33,730 [EventQueue-OpenPipelineForHealthyPipelineSafeModeRule] INFO  safemode.SCMSafeModeManager (HealthyPipelineSafeModeRule.java:process(137)) - SCM in safe mode. Healthy pipelines reported count is 1, required healthy pipeline reported count is 1
2023-07-26 19:46:33,730 [EventQueue-OpenPipelineForHealthyPipelineSafeModeRule] INFO  safemode.SCMSafeModeManager (SCMSafeModeManager.java:validateSafeModeExitRules(200)) - HealthyPipelineSafeModeRule rule is successfully validated
2023-07-26 19:46:33,730 [EventQueue-OpenPipelineForHealthyPipelineSafeModeRule] INFO  safemode.SCMSafeModeManager (SCMSafeModeManager.java:validateSafeModeExitRules(215)) - ScmSafeModeManager, all rules are successfully validated
2023-07-26 19:46:33,730 [EventQueue-OpenPipelineForHealthyPipelineSafeModeRule] INFO  safemode.SCMSafeModeManager (SCMSafeModeManager.java:exitSafeMode(244)) - SCM exiting safe mode.
2023-07-26 19:46:33,730 [EventQueue-OpenPipelineForHealthyPipelineSafeModeRule] INFO  ha.SCMContext (SCMContext.java:updateSafeModeStatus(228)) - Update SafeModeStatus from SafeModeStatus{safeModeStatus=true, preCheckPassed=true} to SafeModeStatus{safeModeStatus=false, preCheckPassed=true}.
2023-07-26 19:46:33,730 [EventQueue-OpenPipelineForHealthyPipelineSafeModeRule] INFO  pipeline.BackgroundPipelineCreator (BackgroundPipelineCreator.java:notifyStatusChanged(255)) - Service BackgroundPipelineCreator transitions to RUNNING.
2023-07-26 19:46:33,730 [EventQueue-OpenPipelineForHealthyPipelineSafeModeRule] INFO  BackgroundPipelineScrubber (BackgroundSCMService.java:notifyStatusChanged(82)) - Service BackgroundPipelineScrubber transitions to RUNNING.
2023-07-26 19:46:33,731 [EventQueue-OpenPipelineForHealthyPipelineSafeModeRule] INFO  ExpiredContainerReplicaOpScrubber (BackgroundSCMService.java:notifyStatusChanged(82)) - Service ExpiredContainerReplicaOpScrubber transitions to RUNNING.
2023-07-26 19:46:33,729 [grpc-default-executor-1] INFO  impl.RoleInfo (RoleInfo.java:updateAndGet(139)) - c33e49d7-aab4-4e8b-84a2-e80ab64b386a: start c33e49d7-aab4-4e8b-84a2-e80ab64b386a@group-1C7129A268B6-FollowerState
2023-07-26 19:46:33,731 [EventQueue-OpenPipelineForHealthyPipelineSafeModeRule] INFO  replication.ReplicationManager (ReplicationManager.java:notifyStatusChanged(1366)) - Service ReplicationManager transitions to RUNNING.
2023-07-26 19:46:33,730 [4099cb2b-2e2e-4151-9db7-f99ade631412@group-1C7129A268B6-LeaderElection3] INFO  server.RaftServerConfigKeys (ConfUtils.java:logGet(46)) - raft.server.watch.timeout.denomination = 1s (default)
2023-07-26 19:46:33,731 [4099cb2b-2e2e-4151-9db7-f99ade631412@group-1C7129A268B6-LeaderElection3] INFO  server.RaftServerConfigKeys (ConfUtils.java:logGet(46)) - raft.server.watch.element-limit = 65536 (default)
2023-07-26 19:46:33,731 [4099cb2b-2e2e-4151-9db7-f99ade631412@group-1C7129A268B6-LeaderElection3] INFO  server.RaftServerConfigKeys (ConfUtils.java:logGet(46)) - raft.server.write.element-limit = 1024 (custom)
2023-07-26 19:46:33,731 [4099cb2b-2e2e-4151-9db7-f99ade631412@group-1C7129A268B6-LeaderElection3] INFO  server.RaftServerConfigKeys (ConfUtils.java:logGet(46)) - raft.server.write.follower.gap.ratio.max = -1.0 (default)
2023-07-26 19:46:33,742 [EventQueue-OpenPipelineForHealthyPipelineSafeModeRule] WARN  balancer.ContainerBalancer (ContainerBalancer.java:shouldRun(134)) - Could not find persisted configuration for ContainerBalancer when checking if ContainerBalancer should run. ContainerBalancer should not run now.
2023-07-26 19:46:33,742 [EventQueue-PipelineReportForOneReplicaPipelineSafeModeRule] INFO  safemode.SCMSafeModeManager (SCMSafeModeManager.java:validateSafeModeExitRules(215)) - ScmSafeModeManager, all rules are successfully validated
2023-07-26 19:46:33,742 [EventQueue-PipelineReportForOneReplicaPipelineSafeModeRule] INFO  safemode.SCMSafeModeManager (SCMSafeModeManager.java:exitSafeMode(244)) - SCM exiting safe mode.
2023-07-26 19:46:33,743 [EventQueue-PipelineReportForOneReplicaPipelineSafeModeRule] INFO  ha.SCMContext (SCMContext.java:updateSafeModeStatus(228)) - Update SafeModeStatus from SafeModeStatus{safeModeStatus=false, preCheckPassed=true} to SafeModeStatus{safeModeStatus=false, preCheckPassed=true}.
2023-07-26 19:46:33,743 [EventQueue-PipelineReportForOneReplicaPipelineSafeModeRule] WARN  balancer.ContainerBalancer (ContainerBalancer.java:shouldRun(134)) - Could not find persisted configuration for ContainerBalancer when checking if ContainerBalancer should run. ContainerBalancer should not run now.
2023-07-26 19:46:33,751 [grpc-default-executor-1] INFO  server.RaftServer$Division (RaftServerImpl.java:requestVote(1335)) - c33e49d7-aab4-4e8b-84a2-e80ab64b386a@group-1C7129A268B6 replies to ELECTION vote request: 4099cb2b-2e2e-4151-9db7-f99ade631412<-c33e49d7-aab4-4e8b-84a2-e80ab64b386a#0:OK-t1. Peer's state: c33e49d7-aab4-4e8b-84a2-e80ab64b386a@group-1C7129A268B6:t1, leader=null, voted=4099cb2b-2e2e-4151-9db7-f99ade631412, raftlog=Memoized:c33e49d7-aab4-4e8b-84a2-e80ab64b386a@group-1C7129A268B6-SegmentedRaftLog:OPENED:c-1, conf=-1: peers:[4099cb2b-2e2e-4151-9db7-f99ade631412|rpc:10.1.0.48:15014|admin:10.1.0.48:15013|client:10.1.0.48:15012|dataStream:10.1.0.48:15015|priority:1|startupRole:FOLLOWER, cc71d3b4-cf6a-416c-96eb-6097e97a8fe1|rpc:10.1.0.48:15032|admin:10.1.0.48:15031|client:10.1.0.48:15030|dataStream:10.1.0.48:15033|priority:0|startupRole:FOLLOWER, c33e49d7-aab4-4e8b-84a2-e80ab64b386a|rpc:10.1.0.48:15023|admin:10.1.0.48:15022|client:10.1.0.48:15021|dataStream:10.1.0.48:15024|priority:0|startupRole:FOLLOWER]|listeners:[], old=null
2023-07-26 19:46:33,753 [BlockDeletingService#2] INFO  interfaces.ContainerDeletionChoosingPolicyTemplate (ContainerDeletionChoosingPolicyTemplate.java:chooseContainerForBlockDeletion(83)) - Chosen 0/5000 blocks from 0 candidate containers.
2023-07-26 19:46:33,755 [BlockDeletingService#6] INFO  interfaces.ContainerDeletionChoosingPolicyTemplate (ContainerDeletionChoosingPolicyTemplate.java:chooseContainerForBlockDeletion(83)) - Chosen 0/5000 blocks from 0 candidate containers.
2023-07-26 19:46:33,763 [4099cb2b-2e2e-4151-9db7-f99ade631412@group-1C7129A268B6-LeaderElection3] INFO  server.RaftServerConfigKeys (ConfUtils.java:logGet(46)) - raft.server.log.appender.snapshot.chunk.size.max = 16MB (=16777216) (default)
2023-07-26 19:46:33,755 [BlockDeletingService#4] INFO  interfaces.ContainerDeletionChoosingPolicyTemplate (ContainerDeletionChoosingPolicyTemplate.java:chooseContainerForBlockDeletion(83)) - Chosen 0/5000 blocks from 0 candidate containers.
2023-07-26 19:46:33,763 [4099cb2b-2e2e-4151-9db7-f99ade631412@group-1C7129A268B6-LeaderElection3] INFO  server.RaftServerConfigKeys (ConfUtils.java:logGet(46)) - raft.server.log.appender.buffer.byte-limit = 33554432 (custom)
2023-07-26 19:46:33,764 [4099cb2b-2e2e-4151-9db7-f99ade631412@group-1C7129A268B6-LeaderElection3] INFO  server.RaftServerConfigKeys (ConfUtils.java:logGet(46)) - raft.server.log.appender.buffer.element-limit = 1 (custom)
2023-07-26 19:46:33,770 [4099cb2b-2e2e-4151-9db7-f99ade631412@group-1C7129A268B6-LeaderElection3] INFO  server.RaftServerConfigKeys (ConfUtils.java:logGet(46)) - raft.server.log.appender.wait-time.min = 10ms (default)
2023-07-26 19:46:33,772 [4099cb2b-2e2e-4151-9db7-f99ade631412@group-1C7129A268B6-LeaderElection3] INFO  grpc.GrpcConfigKeys (ConfUtils.java:logGet(46)) - raft.grpc.server.leader.outstanding.appends.max = 128 (default)
2023-07-26 19:46:33,772 [4099cb2b-2e2e-4151-9db7-f99ade631412@group-1C7129A268B6-LeaderElection3] INFO  server.RaftServerConfigKeys (ConfUtils.java:logGet(46)) - raft.server.rpc.request.timeout = 3000ms (default)
2023-07-26 19:46:33,772 [4099cb2b-2e2e-4151-9db7-f99ade631412@group-1C7129A268B6-LeaderElection3] INFO  grpc.GrpcConfigKeys (ConfUtils.java:logGet(46)) - raft.grpc.server.install_snapshot.request.element-limit = 8 (default)
2023-07-26 19:46:33,773 [4099cb2b-2e2e-4151-9db7-f99ade631412@group-1C7129A268B6-LeaderElection3] INFO  grpc.GrpcConfigKeys (ConfUtils.java:logGet(46)) - raft.grpc.server.install_snapshot.request.timeout = 3000ms (default)
2023-07-26 19:46:33,773 [4099cb2b-2e2e-4151-9db7-f99ade631412@group-1C7129A268B6-LeaderElection3] INFO  server.RaftServerConfigKeys (ConfUtils.java:logGet(46)) - raft.server.log.appender.install.snapshot.enabled = false (custom)
2023-07-26 19:46:33,773 [4099cb2b-2e2e-4151-9db7-f99ade631412@group-1C7129A268B6-LeaderElection3] INFO  grpc.GrpcConfigKeys (ConfUtils.java:logGet(46)) - raft.grpc.server.heartbeat.channel = true (default)
2023-07-26 19:46:33,777 [4099cb2b-2e2e-4151-9db7-f99ade631412@group-1C7129A268B6-LeaderElection3] INFO  server.RaftServerConfigKeys (ConfUtils.java:logGet(46)) - raft.server.log.appender.snapshot.chunk.size.max = 16MB (=16777216) (default)
2023-07-26 19:46:33,777 [4099cb2b-2e2e-4151-9db7-f99ade631412@group-1C7129A268B6-LeaderElection3] INFO  server.RaftServerConfigKeys (ConfUtils.java:logGet(46)) - raft.server.log.appender.buffer.byte-limit = 33554432 (custom)
2023-07-26 19:46:33,777 [4099cb2b-2e2e-4151-9db7-f99ade631412@group-1C7129A268B6-LeaderElection3] INFO  server.RaftServerConfigKeys (ConfUtils.java:logGet(46)) - raft.server.log.appender.buffer.element-limit = 1 (custom)
2023-07-26 19:46:33,777 [4099cb2b-2e2e-4151-9db7-f99ade631412@group-1C7129A268B6-LeaderElection3] INFO  server.RaftServerConfigKeys (ConfUtils.java:logGet(46)) - raft.server.log.appender.wait-time.min = 10ms (default)
2023-07-26 19:46:33,777 [4099cb2b-2e2e-4151-9db7-f99ade631412@group-1C7129A268B6-LeaderElection3] INFO  grpc.GrpcConfigKeys (ConfUtils.java:logGet(46)) - raft.grpc.server.leader.outstanding.appends.max = 128 (default)
2023-07-26 19:46:33,777 [4099cb2b-2e2e-4151-9db7-f99ade631412@group-1C7129A268B6-LeaderElection3] INFO  server.RaftServerConfigKeys (ConfUtils.java:logGet(46)) - raft.server.rpc.request.timeout = 3000ms (default)
2023-07-26 19:46:33,777 [4099cb2b-2e2e-4151-9db7-f99ade631412@group-1C7129A268B6-LeaderElection3] INFO  grpc.GrpcConfigKeys (ConfUtils.java:logGet(46)) - raft.grpc.server.install_snapshot.request.element-limit = 8 (default)
2023-07-26 19:46:33,777 [4099cb2b-2e2e-4151-9db7-f99ade631412@group-1C7129A268B6-LeaderElection3] INFO  grpc.GrpcConfigKeys (ConfUtils.java:logGet(46)) - raft.grpc.server.install_snapshot.request.timeout = 3000ms (default)
2023-07-26 19:46:33,777 [4099cb2b-2e2e-4151-9db7-f99ade631412@group-1C7129A268B6-LeaderElection3] INFO  server.RaftServerConfigKeys (ConfUtils.java:logGet(46)) - raft.server.log.appender.install.snapshot.enabled = false (custom)
2023-07-26 19:46:33,777 [4099cb2b-2e2e-4151-9db7-f99ade631412@group-1C7129A268B6-LeaderElection3] INFO  grpc.GrpcConfigKeys (ConfUtils.java:logGet(46)) - raft.grpc.server.heartbeat.channel = true (default)
2023-07-26 19:46:33,778 [4099cb2b-2e2e-4151-9db7-f99ade631412@group-1C7129A268B6-LeaderElection3] INFO  impl.RoleInfo (RoleInfo.java:updateAndGet(139)) - 4099cb2b-2e2e-4151-9db7-f99ade631412: start 4099cb2b-2e2e-4151-9db7-f99ade631412@group-1C7129A268B6-LeaderStateImpl
2023-07-26 19:46:33,779 [4099cb2b-2e2e-4151-9db7-f99ade631412@group-1C7129A268B6-LeaderElection3] INFO  segmented.SegmentedRaftLogWorker (SegmentedRaftLogWorker.java:startLogSegment(447)) - 4099cb2b-2e2e-4151-9db7-f99ade631412@group-1C7129A268B6-SegmentedRaftLogWorker: Starting segment from index:0
2023-07-26 19:46:33,781 [4099cb2b-2e2e-4151-9db7-f99ade631412@group-1C7129A268B6-SegmentedRaftLogWorker] INFO  segmented.SegmentedRaftLogWorker (SegmentedRaftLogWorker.java:execute(651)) - 4099cb2b-2e2e-4151-9db7-f99ade631412@group-1C7129A268B6-SegmentedRaftLogWorker: created new log segment /home/runner/work/ozone/ozone/hadoop-ozone/integration-test/target/test-dir/MiniOzoneClusterImpl-7725ff52-e03b-4cac-b8cb-596b4b29adc0/datanode-0/data/ratis/5bbdc32e-28b0-403e-8d78-1c7129a268b6/current/log_inprogress_0
2023-07-26 19:46:33,790 [4099cb2b-2e2e-4151-9db7-f99ade631412@group-1C7129A268B6-LeaderElection3] INFO  server.RaftServer$Division (ServerState.java:setRaftConf(434)) - 4099cb2b-2e2e-4151-9db7-f99ade631412@group-1C7129A268B6: set configuration 0: peers:[4099cb2b-2e2e-4151-9db7-f99ade631412|rpc:10.1.0.48:15014|admin:10.1.0.48:15013|client:10.1.0.48:15012|dataStream:10.1.0.48:15015|priority:1|startupRole:FOLLOWER, cc71d3b4-cf6a-416c-96eb-6097e97a8fe1|rpc:10.1.0.48:15032|admin:10.1.0.48:15031|client:10.1.0.48:15030|dataStream:10.1.0.48:15033|priority:0|startupRole:FOLLOWER, c33e49d7-aab4-4e8b-84a2-e80ab64b386a|rpc:10.1.0.48:15023|admin:10.1.0.48:15022|client:10.1.0.48:15021|dataStream:10.1.0.48:15024|priority:0|startupRole:FOLLOWER]|listeners:[], old=null
2023-07-26 19:46:33,855 [BlockDeletingService#2] INFO  interfaces.ContainerDeletionChoosingPolicyTemplate (ContainerDeletionChoosingPolicyTemplate.java:chooseContainerForBlockDeletion(83)) - Chosen 0/5000 blocks from 0 candidate containers.
2023-07-26 19:46:33,868 [c33e49d7-aab4-4e8b-84a2-e80ab64b386a-server-thread1] INFO  ratis.XceiverServerRatis (XceiverServerRatis.java:handleLeaderChangedNotification(902)) - Leader change notification received for group: group-1C7129A268B6 with new leaderId: 4099cb2b-2e2e-4151-9db7-f99ade631412
2023-07-26 19:46:33,864 [BlockDeletingService#4] INFO  interfaces.ContainerDeletionChoosingPolicyTemplate (ContainerDeletionChoosingPolicyTemplate.java:chooseContainerForBlockDeletion(83)) - Chosen 0/5000 blocks from 0 candidate containers.
2023-07-26 19:46:33,864 [BlockDeletingService#6] INFO  interfaces.ContainerDeletionChoosingPolicyTemplate (ContainerDeletionChoosingPolicyTemplate.java:chooseContainerForBlockDeletion(83)) - Chosen 0/5000 blocks from 0 candidate containers.
2023-07-26 19:46:33,887 [c33e49d7-aab4-4e8b-84a2-e80ab64b386a-server-thread1] INFO  server.RaftServer$Division (ServerState.java:setLeader(317)) - c33e49d7-aab4-4e8b-84a2-e80ab64b386a@group-1C7129A268B6: change Leader from null to 4099cb2b-2e2e-4151-9db7-f99ade631412 at term 1 for appendEntries, leader elected after 5001ms
2023-07-26 19:46:33,869 [cc71d3b4-cf6a-416c-96eb-6097e97a8fe1-server-thread1] INFO  ratis.XceiverServerRatis (XceiverServerRatis.java:handleLeaderChangedNotification(902)) - Leader change notification received for group: group-1C7129A268B6 with new leaderId: 4099cb2b-2e2e-4151-9db7-f99ade631412
2023-07-26 19:46:33,887 [cc71d3b4-cf6a-416c-96eb-6097e97a8fe1-server-thread1] INFO  server.RaftServer$Division (ServerState.java:setLeader(317)) - cc71d3b4-cf6a-416c-96eb-6097e97a8fe1@group-1C7129A268B6: change Leader from null to 4099cb2b-2e2e-4151-9db7-f99ade631412 at term 1 for appendEntries, leader elected after 4621ms
2023-07-26 19:46:33,890 [c33e49d7-aab4-4e8b-84a2-e80ab64b386a-server-thread1] INFO  server.RaftServer$Division (ServerState.java:setRaftConf(434)) - c33e49d7-aab4-4e8b-84a2-e80ab64b386a@group-1C7129A268B6: set configuration 0: peers:[4099cb2b-2e2e-4151-9db7-f99ade631412|rpc:10.1.0.48:15014|admin:10.1.0.48:15013|client:10.1.0.48:15012|dataStream:10.1.0.48:15015|priority:1|startupRole:FOLLOWER, cc71d3b4-cf6a-416c-96eb-6097e97a8fe1|rpc:10.1.0.48:15032|admin:10.1.0.48:15031|client:10.1.0.48:15030|dataStream:10.1.0.48:15033|priority:0|startupRole:FOLLOWER, c33e49d7-aab4-4e8b-84a2-e80ab64b386a|rpc:10.1.0.48:15023|admin:10.1.0.48:15022|client:10.1.0.48:15021|dataStream:10.1.0.48:15024|priority:0|startupRole:FOLLOWER]|listeners:[], old=null
2023-07-26 19:46:33,891 [c33e49d7-aab4-4e8b-84a2-e80ab64b386a-server-thread1] INFO  segmented.SegmentedRaftLogWorker (SegmentedRaftLogWorker.java:startLogSegment(447)) - c33e49d7-aab4-4e8b-84a2-e80ab64b386a@group-1C7129A268B6-SegmentedRaftLogWorker: Starting segment from index:0
2023-07-26 19:46:33,891 [cc71d3b4-cf6a-416c-96eb-6097e97a8fe1-server-thread1] INFO  server.RaftServer$Division (ServerState.java:setRaftConf(434)) - cc71d3b4-cf6a-416c-96eb-6097e97a8fe1@group-1C7129A268B6: set configuration 0: peers:[4099cb2b-2e2e-4151-9db7-f99ade631412|rpc:10.1.0.48:15014|admin:10.1.0.48:15013|client:10.1.0.48:15012|dataStream:10.1.0.48:15015|priority:1|startupRole:FOLLOWER, cc71d3b4-cf6a-416c-96eb-6097e97a8fe1|rpc:10.1.0.48:15032|admin:10.1.0.48:15031|client:10.1.0.48:15030|dataStream:10.1.0.48:15033|priority:0|startupRole:FOLLOWER, c33e49d7-aab4-4e8b-84a2-e80ab64b386a|rpc:10.1.0.48:15023|admin:10.1.0.48:15022|client:10.1.0.48:15021|dataStream:10.1.0.48:15024|priority:0|startupRole:FOLLOWER]|listeners:[], old=null
2023-07-26 19:46:33,893 [c33e49d7-aab4-4e8b-84a2-e80ab64b386a@group-1C7129A268B6-SegmentedRaftLogWorker] INFO  segmented.SegmentedRaftLogWorker (SegmentedRaftLogWorker.java:execute(651)) - c33e49d7-aab4-4e8b-84a2-e80ab64b386a@group-1C7129A268B6-SegmentedRaftLogWorker: created new log segment /home/runner/work/ozone/ozone/hadoop-ozone/integration-test/target/test-dir/MiniOzoneClusterImpl-7725ff52-e03b-4cac-b8cb-596b4b29adc0/datanode-1/data/ratis/5bbdc32e-28b0-403e-8d78-1c7129a268b6/current/log_inprogress_0
2023-07-26 19:46:33,894 [cc71d3b4-cf6a-416c-96eb-6097e97a8fe1-server-thread1] INFO  segmented.SegmentedRaftLogWorker (SegmentedRaftLogWorker.java:startLogSegment(447)) - cc71d3b4-cf6a-416c-96eb-6097e97a8fe1@group-1C7129A268B6-SegmentedRaftLogWorker: Starting segment from index:0
2023-07-26 19:46:33,903 [cc71d3b4-cf6a-416c-96eb-6097e97a8fe1@group-1C7129A268B6-SegmentedRaftLogWorker] INFO  segmented.SegmentedRaftLogWorker (SegmentedRaftLogWorker.java:execute(651)) - cc71d3b4-cf6a-416c-96eb-6097e97a8fe1@group-1C7129A268B6-SegmentedRaftLogWorker: created new log segment /home/runner/work/ozone/ozone/hadoop-ozone/integration-test/target/test-dir/MiniOzoneClusterImpl-7725ff52-e03b-4cac-b8cb-596b4b29adc0/datanode-2/data/ratis/5bbdc32e-28b0-403e-8d78-1c7129a268b6/current/log_inprogress_0
2023-07-26 19:46:33,969 [BlockDeletingService#2] INFO  interfaces.ContainerDeletionChoosingPolicyTemplate (ContainerDeletionChoosingPolicyTemplate.java:chooseContainerForBlockDeletion(83)) - Chosen 0/5000 blocks from 0 candidate containers.
2023-07-26 19:46:33,989 [BlockDeletingService#4] INFO  interfaces.ContainerDeletionChoosingPolicyTemplate (ContainerDeletionChoosingPolicyTemplate.java:chooseContainerForBlockDeletion(83)) - Chosen 0/5000 blocks from 0 candidate containers.
2023-07-26 19:46:33,989 [BlockDeletingService#6] INFO  interfaces.ContainerDeletionChoosingPolicyTemplate (ContainerDeletionChoosingPolicyTemplate.java:chooseContainerForBlockDeletion(83)) - Chosen 0/5000 blocks from 0 candidate containers.
2023-07-26 19:46:34,011 [c33e49d7-aab4-4e8b-84a2-e80ab64b386a@group-C4DB3BE7CD35-FollowerState] INFO  impl.FollowerState (FollowerState.java:run(143)) - c33e49d7-aab4-4e8b-84a2-e80ab64b386a@group-C4DB3BE7CD35-FollowerState: change to CANDIDATE, lastRpcElapsedTime:5163348958ns, electionTimeout:5156ms
2023-07-26 19:46:34,012 [c33e49d7-aab4-4e8b-84a2-e80ab64b386a@group-C4DB3BE7CD35-FollowerState] INFO  impl.RoleInfo (RoleInfo.java:shutdownFollowerState(110)) - c33e49d7-aab4-4e8b-84a2-e80ab64b386a: shutdown c33e49d7-aab4-4e8b-84a2-e80ab64b386a@group-C4DB3BE7CD35-FollowerState
2023-07-26 19:46:34,012 [c33e49d7-aab4-4e8b-84a2-e80ab64b386a@group-C4DB3BE7CD35-FollowerState] INFO  server.RaftServer$Division (RaftServerImpl.java:setRole(329)) - c33e49d7-aab4-4e8b-84a2-e80ab64b386a@group-C4DB3BE7CD35: changes role from  FOLLOWER to CANDIDATE at term 0 for changeToCandidate
2023-07-26 19:46:34,012 [c33e49d7-aab4-4e8b-84a2-e80ab64b386a@group-C4DB3BE7CD35-FollowerState] INFO  server.RaftServerConfigKeys (ConfUtils.java:logGet(46)) - raft.server.leaderelection.pre-vote = true (default)
2023-07-26 19:46:34,012 [c33e49d7-aab4-4e8b-84a2-e80ab64b386a@group-C4DB3BE7CD35-FollowerState] INFO  impl.RoleInfo (RoleInfo.java:updateAndGet(139)) - c33e49d7-aab4-4e8b-84a2-e80ab64b386a: start c33e49d7-aab4-4e8b-84a2-e80ab64b386a@group-C4DB3BE7CD35-LeaderElection4
2023-07-26 19:46:34,015 [c33e49d7-aab4-4e8b-84a2-e80ab64b386a@group-C4DB3BE7CD35-LeaderElection4] INFO  impl.LeaderElection (LeaderElection.java:askForVotes(321)) - c33e49d7-aab4-4e8b-84a2-e80ab64b386a@group-C4DB3BE7CD35-LeaderElection4 PRE_VOTE round 0: submit vote requests at term 0 for -1: peers:[c33e49d7-aab4-4e8b-84a2-e80ab64b386a|rpc:10.1.0.48:15023|admin:10.1.0.48:15022|client:10.1.0.48:15021|dataStream:10.1.0.48:15024|priority:1|startupRole:FOLLOWER]|listeners:[], old=null
2023-07-26 19:46:34,015 [c33e49d7-aab4-4e8b-84a2-e80ab64b386a@group-C4DB3BE7CD35-LeaderElection4] INFO  impl.LeaderElection (LeaderElection.java:askForVotes(323)) - c33e49d7-aab4-4e8b-84a2-e80ab64b386a@group-C4DB3BE7CD35-LeaderElection4 PRE_VOTE round 0: result PASSED (term=0)
2023-07-26 19:46:34,017 [c33e49d7-aab4-4e8b-84a2-e80ab64b386a@group-C4DB3BE7CD35-LeaderElection4] INFO  impl.LeaderElection (LeaderElection.java:askForVotes(321)) - c33e49d7-aab4-4e8b-84a2-e80ab64b386a@group-C4DB3BE7CD35-LeaderElection4 ELECTION round 0: submit vote requests at term 1 for -1: peers:[c33e49d7-aab4-4e8b-84a2-e80ab64b386a|rpc:10.1.0.48:15023|admin:10.1.0.48:15022|client:10.1.0.48:15021|dataStream:10.1.0.48:15024|priority:1|startupRole:FOLLOWER]|listeners:[], old=null
2023-07-26 19:46:34,017 [c33e49d7-aab4-4e8b-84a2-e80ab64b386a@group-C4DB3BE7CD35-LeaderElection4] INFO  impl.LeaderElection (LeaderElection.java:askForVotes(323)) - c33e49d7-aab4-4e8b-84a2-e80ab64b386a@group-C4DB3BE7CD35-LeaderElection4 ELECTION round 0: result PASSED (term=1)
2023-07-26 19:46:34,017 [c33e49d7-aab4-4e8b-84a2-e80ab64b386a@group-C4DB3BE7CD35-LeaderElection4] INFO  impl.RoleInfo (RoleInfo.java:shutdownLeaderElection(130)) - c33e49d7-aab4-4e8b-84a2-e80ab64b386a: shutdown c33e49d7-aab4-4e8b-84a2-e80ab64b386a@group-C4DB3BE7CD35-LeaderElection4
2023-07-26 19:46:34,017 [c33e49d7-aab4-4e8b-84a2-e80ab64b386a@group-C4DB3BE7CD35-LeaderElection4] INFO  server.RaftServer$Division (RaftServerImpl.java:setRole(329)) - c33e49d7-aab4-4e8b-84a2-e80ab64b386a@group-C4DB3BE7CD35: changes role from CANDIDATE to LEADER at term 1 for changeToLeader
2023-07-26 19:46:34,017 [c33e49d7-aab4-4e8b-84a2-e80ab64b386a@group-C4DB3BE7CD35-LeaderElection4] INFO  ratis.XceiverServerRatis (XceiverServerRatis.java:handleLeaderChangedNotification(902)) - Leader change notification received for group: group-C4DB3BE7CD35 with new leaderId: c33e49d7-aab4-4e8b-84a2-e80ab64b386a
2023-07-26 19:46:34,018 [c33e49d7-aab4-4e8b-84a2-e80ab64b386a@group-C4DB3BE7CD35-LeaderElection4] INFO  server.RaftServer$Division (ServerState.java:setLeader(317)) - c33e49d7-aab4-4e8b-84a2-e80ab64b386a@group-C4DB3BE7CD35: change Leader from null to c33e49d7-aab4-4e8b-84a2-e80ab64b386a at term 1 for becomeLeader, leader elected after 5239ms
2023-07-26 19:46:34,018 [c33e49d7-aab4-4e8b-84a2-e80ab64b386a@group-C4DB3BE7CD35-LeaderElection4] INFO  server.RaftServerConfigKeys (ConfUtils.java:logGet(46)) - raft.server.staging.catchup.gap = 1000 (default)
2023-07-26 19:46:34,020 [c33e49d7-aab4-4e8b-84a2-e80ab64b386a@group-C4DB3BE7CD35-LeaderElection4] INFO  server.RaftServerConfigKeys (ConfUtils.java:logGet(46)) - raft.server.write.element-limit = 1024 (custom)
2023-07-26 19:46:34,020 [c33e49d7-aab4-4e8b-84a2-e80ab64b386a@group-C4DB3BE7CD35-LeaderElection4] INFO  server.RaftServerConfigKeys (ConfUtils.java:logGet(46)) - raft.server.write.byte-limit = 1024 M (=1073741824) (custom)
2023-07-26 19:46:34,020 [c33e49d7-aab4-4e8b-84a2-e80ab64b386a@group-C4DB3BE7CD35-LeaderElection4] INFO  server.RaftServerConfigKeys (ConfUtils.java:logGet(46)) - raft.server.watch.timeout = 3000ms (custom)
2023-07-26 19:46:34,020 [c33e49d7-aab4-4e8b-84a2-e80ab64b386a@group-C4DB3BE7CD35-LeaderElection4] INFO  server.RaftServerConfigKeys (ConfUtils.java:logGet(46)) - raft.server.watch.timeout.denomination = 1s (default)
2023-07-26 19:46:34,021 [c33e49d7-aab4-4e8b-84a2-e80ab64b386a@group-C4DB3BE7CD35-LeaderElection4] INFO  server.RaftServerConfigKeys (ConfUtils.java:logGet(46)) - raft.server.watch.element-limit = 65536 (default)
2023-07-26 19:46:34,021 [c33e49d7-aab4-4e8b-84a2-e80ab64b386a@group-C4DB3BE7CD35-LeaderElection4] INFO  server.RaftServerConfigKeys (ConfUtils.java:logGet(46)) - raft.server.write.element-limit = 1024 (custom)
2023-07-26 19:46:34,021 [c33e49d7-aab4-4e8b-84a2-e80ab64b386a@group-C4DB3BE7CD35-LeaderElection4] INFO  server.RaftServerConfigKeys (ConfUtils.java:logGet(46)) - raft.server.write.follower.gap.ratio.max = -1.0 (default)
2023-07-26 19:46:34,021 [c33e49d7-aab4-4e8b-84a2-e80ab64b386a@group-C4DB3BE7CD35-LeaderElection4] INFO  impl.RoleInfo (RoleInfo.java:updateAndGet(139)) - c33e49d7-aab4-4e8b-84a2-e80ab64b386a: start c33e49d7-aab4-4e8b-84a2-e80ab64b386a@group-C4DB3BE7CD35-LeaderStateImpl
2023-07-26 19:46:34,021 [c33e49d7-aab4-4e8b-84a2-e80ab64b386a@group-C4DB3BE7CD35-LeaderElection4] INFO  segmented.SegmentedRaftLogWorker (SegmentedRaftLogWorker.java:startLogSegment(447)) - c33e49d7-aab4-4e8b-84a2-e80ab64b386a@group-C4DB3BE7CD35-SegmentedRaftLogWorker: Starting segment from index:0
2023-07-26 19:46:34,023 [c33e49d7-aab4-4e8b-84a2-e80ab64b386a@group-C4DB3BE7CD35-LeaderElection4] INFO  server.RaftServer$Division (ServerState.java:setRaftConf(434)) - c33e49d7-aab4-4e8b-84a2-e80ab64b386a@group-C4DB3BE7CD35: set configuration 0: peers:[c33e49d7-aab4-4e8b-84a2-e80ab64b386a|rpc:10.1.0.48:15023|admin:10.1.0.48:15022|client:10.1.0.48:15021|dataStream:10.1.0.48:15024|priority:1|startupRole:FOLLOWER]|listeners:[], old=null
2023-07-26 19:46:34,024 [c33e49d7-aab4-4e8b-84a2-e80ab64b386a@group-C4DB3BE7CD35-SegmentedRaftLogWorker] INFO  segmented.SegmentedRaftLogWorker (SegmentedRaftLogWorker.java:execute(651)) - c33e49d7-aab4-4e8b-84a2-e80ab64b386a@group-C4DB3BE7CD35-SegmentedRaftLogWorker: created new log segment /home/runner/work/ozone/ozone/hadoop-ozone/integration-test/target/test-dir/MiniOzoneClusterImpl-7725ff52-e03b-4cac-b8cb-596b4b29adc0/datanode-1/data/ratis/3b99aef4-8783-4028-93c4-c4db3be7cd35/current/log_inprogress_0
2023-07-26 19:46:34,070 [BlockDeletingService#2] INFO  interfaces.ContainerDeletionChoosingPolicyTemplate (ContainerDeletionChoosingPolicyTemplate.java:chooseContainerForBlockDeletion(83)) - Chosen 0/5000 blocks from 0 candidate containers.
2023-07-26 19:46:34,090 [BlockDeletingService#4] INFO  interfaces.ContainerDeletionChoosingPolicyTemplate (ContainerDeletionChoosingPolicyTemplate.java:chooseContainerForBlockDeletion(83)) - Chosen 0/5000 blocks from 0 candidate containers.
2023-07-26 19:46:34,090 [BlockDeletingService#6] INFO  interfaces.ContainerDeletionChoosingPolicyTemplate (ContainerDeletionChoosingPolicyTemplate.java:chooseContainerForBlockDeletion(83)) - Chosen 0/5000 blocks from 0 candidate containers.
2023-07-26 19:46:34,156 [main] INFO  ozone.MiniOzoneClusterImpl (MiniOzoneClusterImpl.java:lambda$waitForClusterToBeReady$0(224)) - Nodes are ready. Got 3 of 3 DN Heartbeats.
2023-07-26 19:46:34,156 [main] INFO  ozone.MiniOzoneClusterImpl (MiniOzoneClusterImpl.java:lambda$waitForClusterToBeReady$0(227)) - Cluster exits safe mode
2023-07-26 19:46:34,156 [main] INFO  ozone.MiniOzoneClusterImpl (MiniOzoneClusterImpl.java:lambda$waitForClusterToBeReady$0(229)) - SCM became leader
2023-07-26 19:46:34,171 [BlockDeletingService#2] INFO  interfaces.ContainerDeletionChoosingPolicyTemplate (ContainerDeletionChoosingPolicyTemplate.java:chooseContainerForBlockDeletion(83)) - Chosen 0/5000 blocks from 0 candidate containers.
2023-07-26 19:46:34,190 [BlockDeletingService#4] INFO  interfaces.ContainerDeletionChoosingPolicyTemplate (ContainerDeletionChoosingPolicyTemplate.java:chooseContainerForBlockDeletion(83)) - Chosen 0/5000 blocks from 0 candidate containers.
2023-07-26 19:46:34,190 [BlockDeletingService#6] INFO  interfaces.ContainerDeletionChoosingPolicyTemplate (ContainerDeletionChoosingPolicyTemplate.java:chooseContainerForBlockDeletion(83)) - Chosen 0/5000 blocks from 0 candidate containers.
2023-07-26 19:46:34,269 [cc71d3b4-cf6a-416c-96eb-6097e97a8fe1@group-97E4824FB173-FollowerState] INFO  impl.FollowerState (FollowerState.java:run(143)) - cc71d3b4-cf6a-416c-96eb-6097e97a8fe1@group-97E4824FB173-FollowerState: change to CANDIDATE, lastRpcElapsedTime:5050474577ns, electionTimeout:5042ms
2023-07-26 19:46:34,269 [cc71d3b4-cf6a-416c-96eb-6097e97a8fe1@group-97E4824FB173-FollowerState] INFO  impl.RoleInfo (RoleInfo.java:shutdownFollowerState(110)) - cc71d3b4-cf6a-416c-96eb-6097e97a8fe1: shutdown cc71d3b4-cf6a-416c-96eb-6097e97a8fe1@group-97E4824FB173-FollowerState
2023-07-26 19:46:34,269 [cc71d3b4-cf6a-416c-96eb-6097e97a8fe1@group-97E4824FB173-FollowerState] INFO  server.RaftServer$Division (RaftServerImpl.java:setRole(329)) - cc71d3b4-cf6a-416c-96eb-6097e97a8fe1@group-97E4824FB173: changes role from  FOLLOWER to CANDIDATE at term 0 for changeToCandidate
2023-07-26 19:46:34,270 [cc71d3b4-cf6a-416c-96eb-6097e97a8fe1@group-97E4824FB173-FollowerState] INFO  server.RaftServerConfigKeys (ConfUtils.java:logGet(46)) - raft.server.leaderelection.pre-vote = true (default)
2023-07-26 19:46:34,270 [cc71d3b4-cf6a-416c-96eb-6097e97a8fe1@group-97E4824FB173-FollowerState] INFO  impl.RoleInfo (RoleInfo.java:updateAndGet(139)) - cc71d3b4-cf6a-416c-96eb-6097e97a8fe1: start cc71d3b4-cf6a-416c-96eb-6097e97a8fe1@group-97E4824FB173-LeaderElection5
2023-07-26 19:46:34,271 [BlockDeletingService#2] INFO  interfaces.ContainerDeletionChoosingPolicyTemplate (ContainerDeletionChoosingPolicyTemplate.java:chooseContainerForBlockDeletion(83)) - Chosen 0/5000 blocks from 0 candidate containers.
2023-07-26 19:46:34,279 [cc71d3b4-cf6a-416c-96eb-6097e97a8fe1@group-97E4824FB173-LeaderElection5] INFO  impl.LeaderElection (LeaderElection.java:askForVotes(321)) - cc71d3b4-cf6a-416c-96eb-6097e97a8fe1@group-97E4824FB173-LeaderElection5 PRE_VOTE round 0: submit vote requests at term 0 for -1: peers:[cc71d3b4-cf6a-416c-96eb-6097e97a8fe1|rpc:10.1.0.48:15032|admin:10.1.0.48:15031|client:10.1.0.48:15030|dataStream:10.1.0.48:15033|priority:1|startupRole:FOLLOWER]|listeners:[], old=null
2023-07-26 19:46:34,279 [cc71d3b4-cf6a-416c-96eb-6097e97a8fe1@group-97E4824FB173-LeaderElection5] INFO  impl.LeaderElection (LeaderElection.java:askForVotes(323)) - cc71d3b4-cf6a-416c-96eb-6097e97a8fe1@group-97E4824FB173-LeaderElection5 PRE_VOTE round 0: result PASSED (term=0)
2023-07-26 19:46:34,282 [cc71d3b4-cf6a-416c-96eb-6097e97a8fe1@group-97E4824FB173-LeaderElection5] INFO  impl.LeaderElection (LeaderElection.java:askForVotes(321)) - cc71d3b4-cf6a-416c-96eb-6097e97a8fe1@group-97E4824FB173-LeaderElection5 ELECTION round 0: submit vote requests at term 1 for -1: peers:[cc71d3b4-cf6a-416c-96eb-6097e97a8fe1|rpc:10.1.0.48:15032|admin:10.1.0.48:15031|client:10.1.0.48:15030|dataStream:10.1.0.48:15033|priority:1|startupRole:FOLLOWER]|listeners:[], old=null
2023-07-26 19:46:34,282 [cc71d3b4-cf6a-416c-96eb-6097e97a8fe1@group-97E4824FB173-LeaderElection5] INFO  impl.LeaderElection (LeaderElection.java:askForVotes(323)) - cc71d3b4-cf6a-416c-96eb-6097e97a8fe1@group-97E4824FB173-LeaderElection5 ELECTION round 0: result PASSED (term=1)
2023-07-26 19:46:34,282 [cc71d3b4-cf6a-416c-96eb-6097e97a8fe1@group-97E4824FB173-LeaderElection5] INFO  impl.RoleInfo (RoleInfo.java:shutdownLeaderElection(130)) - cc71d3b4-cf6a-416c-96eb-6097e97a8fe1: shutdown cc71d3b4-cf6a-416c-96eb-6097e97a8fe1@group-97E4824FB173-LeaderElection5
2023-07-26 19:46:34,282 [cc71d3b4-cf6a-416c-96eb-6097e97a8fe1@group-97E4824FB173-LeaderElection5] INFO  server.RaftServer$Division (RaftServerImpl.java:setRole(329)) - cc71d3b4-cf6a-416c-96eb-6097e97a8fe1@group-97E4824FB173: changes role from CANDIDATE to LEADER at term 1 for changeToLeader
2023-07-26 19:46:34,282 [cc71d3b4-cf6a-416c-96eb-6097e97a8fe1@group-97E4824FB173-LeaderElection5] INFO  ratis.XceiverServerRatis (XceiverServerRatis.java:handleLeaderChangedNotification(902)) - Leader change notification received for group: group-97E4824FB173 with new leaderId: cc71d3b4-cf6a-416c-96eb-6097e97a8fe1
2023-07-26 19:46:34,283 [cc71d3b4-cf6a-416c-96eb-6097e97a8fe1@group-97E4824FB173-LeaderElection5] INFO  server.RaftServer$Division (ServerState.java:setLeader(317)) - cc71d3b4-cf6a-416c-96eb-6097e97a8fe1@group-97E4824FB173: change Leader from null to cc71d3b4-cf6a-416c-96eb-6097e97a8fe1 at term 1 for becomeLeader, leader elected after 5117ms
2023-07-26 19:46:34,283 [cc71d3b4-cf6a-416c-96eb-6097e97a8fe1@group-97E4824FB173-LeaderElection5] INFO  server.RaftServerConfigKeys (ConfUtils.java:logGet(46)) - raft.server.staging.catchup.gap = 1000 (default)
2023-07-26 19:46:34,284 [cc71d3b4-cf6a-416c-96eb-6097e97a8fe1@group-97E4824FB173-LeaderElection5] INFO  server.RaftServerConfigKeys (ConfUtils.java:logGet(46)) - raft.server.write.element-limit = 1024 (custom)
2023-07-26 19:46:34,284 [cc71d3b4-cf6a-416c-96eb-6097e97a8fe1@group-97E4824FB173-LeaderElection5] INFO  server.RaftServerConfigKeys (ConfUtils.java:logGet(46)) - raft.server.write.byte-limit = 1024 M (=1073741824) (custom)
2023-07-26 19:46:34,285 [cc71d3b4-cf6a-416c-96eb-6097e97a8fe1@group-97E4824FB173-LeaderElection5] INFO  server.RaftServerConfigKeys (ConfUtils.java:logGet(46)) - raft.server.watch.timeout = 3000ms (custom)
2023-07-26 19:46:34,285 [cc71d3b4-cf6a-416c-96eb-6097e97a8fe1@group-97E4824FB173-LeaderElection5] INFO  server.RaftServerConfigKeys (ConfUtils.java:logGet(46)) - raft.server.watch.timeout.denomination = 1s (default)
2023-07-26 19:46:34,285 [cc71d3b4-cf6a-416c-96eb-6097e97a8fe1@group-97E4824FB173-LeaderElection5] INFO  server.RaftServerConfigKeys (ConfUtils.java:logGet(46)) - raft.server.watch.element-limit = 65536 (default)
2023-07-26 19:46:34,285 [cc71d3b4-cf6a-416c-96eb-6097e97a8fe1@group-97E4824FB173-LeaderElection5] INFO  server.RaftServerConfigKeys (ConfUtils.java:logGet(46)) - raft.server.write.element-limit = 1024 (custom)
2023-07-26 19:46:34,285 [cc71d3b4-cf6a-416c-96eb-6097e97a8fe1@group-97E4824FB173-LeaderElection5] INFO  server.RaftServerConfigKeys (ConfUtils.java:logGet(46)) - raft.server.write.follower.gap.ratio.max = -1.0 (default)
2023-07-26 19:46:34,285 [cc71d3b4-cf6a-416c-96eb-6097e97a8fe1@group-97E4824FB173-LeaderElection5] INFO  impl.RoleInfo (RoleInfo.java:updateAndGet(139)) - cc71d3b4-cf6a-416c-96eb-6097e97a8fe1: start cc71d3b4-cf6a-416c-96eb-6097e97a8fe1@group-97E4824FB173-LeaderStateImpl
2023-07-26 19:46:34,286 [cc71d3b4-cf6a-416c-96eb-6097e97a8fe1@group-97E4824FB173-LeaderElection5] INFO  segmented.SegmentedRaftLogWorker (SegmentedRaftLogWorker.java:startLogSegment(447)) - cc71d3b4-cf6a-416c-96eb-6097e97a8fe1@group-97E4824FB173-SegmentedRaftLogWorker: Starting segment from index:0
2023-07-26 19:46:34,290 [cc71d3b4-cf6a-416c-96eb-6097e97a8fe1@group-97E4824FB173-SegmentedRaftLogWorker] INFO  segmented.SegmentedRaftLogWorker (SegmentedRaftLogWorker.java:execute(651)) - cc71d3b4-cf6a-416c-96eb-6097e97a8fe1@group-97E4824FB173-SegmentedRaftLogWorker: created new log segment /home/runner/work/ozone/ozone/hadoop-ozone/integration-test/target/test-dir/MiniOzoneClusterImpl-7725ff52-e03b-4cac-b8cb-596b4b29adc0/datanode-2/data/ratis/2346a8cb-c052-4fb7-a2b3-97e4824fb173/current/log_inprogress_0
2023-07-26 19:46:34,290 [BlockDeletingService#4] INFO  interfaces.ContainerDeletionChoosingPolicyTemplate (ContainerDeletionChoosingPolicyTemplate.java:chooseContainerForBlockDeletion(83)) - Chosen 0/5000 blocks from 0 candidate containers.
2023-07-26 19:46:34,291 [BlockDeletingService#6] INFO  interfaces.ContainerDeletionChoosingPolicyTemplate (ContainerDeletionChoosingPolicyTemplate.java:chooseContainerForBlockDeletion(83)) - Chosen 0/5000 blocks from 0 candidate containers.
2023-07-26 19:46:34,298 [cc71d3b4-cf6a-416c-96eb-6097e97a8fe1@group-97E4824FB173-LeaderElection5] INFO  server.RaftServer$Division (ServerState.java:setRaftConf(434)) - cc71d3b4-cf6a-416c-96eb-6097e97a8fe1@group-97E4824FB173: set configuration 0: peers:[cc71d3b4-cf6a-416c-96eb-6097e97a8fe1|rpc:10.1.0.48:15032|admin:10.1.0.48:15031|client:10.1.0.48:15030|dataStream:10.1.0.48:15033|priority:1|startupRole:FOLLOWER]|listeners:[], old=null
2023-07-26 19:46:34,372 [BlockDeletingService#2] INFO  interfaces.ContainerDeletionChoosingPolicyTemplate (ContainerDeletionChoosingPolicyTemplate.java:chooseContainerForBlockDeletion(83)) - Chosen 0/5000 blocks from 0 candidate containers.
2023-07-26 19:46:34,391 [BlockDeletingService#4] INFO  interfaces.ContainerDeletionChoosingPolicyTemplate (ContainerDeletionChoosingPolicyTemplate.java:chooseContainerForBlockDeletion(83)) - Chosen 0/5000 blocks from 0 candidate containers.
2023-07-26 19:46:34,391 [BlockDeletingService#6] INFO  interfaces.ContainerDeletionChoosingPolicyTemplate (ContainerDeletionChoosingPolicyTemplate.java:chooseContainerForBlockDeletion(83)) - Chosen 0/5000 blocks from 0 candidate containers.
2023-07-26 19:46:34,750 [JvmPauseMonitor1] WARN  util.JvmPauseMonitor (JvmPauseMonitor.java:detectPause(124)) - JvmPauseMonitor-om1: Detected pause in JVM or host machine approximately 0.150s with 0.295s GC time.
GC pool 'PS MarkSweep' had collection(s): count=1 time=191ms
GC pool 'PS Scavenge' had collection(s): count=1 time=104ms
2023-07-26 19:46:34,750 [JvmPauseMonitor0] WARN  util.JvmPauseMonitor (JvmPauseMonitor.java:detectPause(124)) - JvmPauseMonitor-4a221fb2-ddf6-4610-a758-f4ca6d2c87a4: Detected pause in JVM or host machine approximately 0.193s with 0.295s GC time.
GC pool 'PS MarkSweep' had collection(s): count=1 time=191ms
GC pool 'PS Scavenge' had collection(s): count=1 time=104ms
2023-07-26 19:46:34,756 [BlockDeletingService#6] INFO  interfaces.ContainerDeletionChoosingPolicyTemplate (ContainerDeletionChoosingPolicyTemplate.java:chooseContainerForBlockDeletion(83)) - Chosen 0/5000 blocks from 0 candidate containers.
2023-07-26 19:46:34,756 [BlockDeletingService#4] INFO  interfaces.ContainerDeletionChoosingPolicyTemplate (ContainerDeletionChoosingPolicyTemplate.java:chooseContainerForBlockDeletion(83)) - Chosen 0/5000 blocks from 0 candidate containers.
2023-07-26 19:46:34,758 [BlockDeletingService#2] INFO  interfaces.ContainerDeletionChoosingPolicyTemplate (ContainerDeletionChoosingPolicyTemplate.java:chooseContainerForBlockDeletion(83)) - Chosen 0/5000 blocks from 0 candidate containers.
2023-07-26 19:46:34,758 [JvmPauseMonitor2] WARN  util.JvmPauseMonitor (JvmPauseMonitor.java:detectPause(124)) - JvmPauseMonitor-4099cb2b-2e2e-4151-9db7-f99ade631412: Detected pause in JVM or host machine approximately 0.300s with 0.295s GC time.
GC pool 'PS MarkSweep' had collection(s): count=1 time=191ms
GC pool 'PS Scavenge' had collection(s): count=1 time=104ms
2023-07-26 19:46:34,856 [BlockDeletingService#4] INFO  interfaces.ContainerDeletionChoosingPolicyTemplate (ContainerDeletionChoosingPolicyTemplate.java:chooseContainerForBlockDeletion(83)) - Chosen 0/5000 blocks from 0 candidate containers.
2023-07-26 19:46:34,857 [BlockDeletingService#6] INFO  interfaces.ContainerDeletionChoosingPolicyTemplate (ContainerDeletionChoosingPolicyTemplate.java:chooseContainerForBlockDeletion(83)) - Chosen 0/5000 blocks from 0 candidate containers.
2023-07-26 19:46:34,858 [BlockDeletingService#2] INFO  interfaces.ContainerDeletionChoosingPolicyTemplate (ContainerDeletionChoosingPolicyTemplate.java:chooseContainerForBlockDeletion(83)) - Chosen 0/5000 blocks from 0 candidate containers.
2023-07-26 19:46:34,957 [BlockDeletingService#6] INFO  interfaces.ContainerDeletionChoosingPolicyTemplate (ContainerDeletionChoosingPolicyTemplate.java:chooseContainerForBlockDeletion(83)) - Chosen 0/5000 blocks from 0 candidate containers.
2023-07-26 19:46:34,959 [BlockDeletingService#4] INFO  interfaces.ContainerDeletionChoosingPolicyTemplate (ContainerDeletionChoosingPolicyTemplate.java:chooseContainerForBlockDeletion(83)) - Chosen 0/5000 blocks from 0 candidate containers.
2023-07-26 19:46:34,959 [BlockDeletingService#2] INFO  interfaces.ContainerDeletionChoosingPolicyTemplate (ContainerDeletionChoosingPolicyTemplate.java:chooseContainerForBlockDeletion(83)) - Chosen 0/5000 blocks from 0 candidate containers.
2023-07-26 19:46:35,058 [BlockDeletingService#6] INFO  interfaces.ContainerDeletionChoosingPolicyTemplate (ContainerDeletionChoosingPolicyTemplate.java:chooseContainerForBlockDeletion(83)) - Chosen 0/5000 blocks from 0 candidate containers.
2023-07-26 19:46:35,059 [BlockDeletingService#4] INFO  interfaces.ContainerDeletionChoosingPolicyTemplate (ContainerDeletionChoosingPolicyTemplate.java:chooseContainerForBlockDeletion(83)) - Chosen 0/5000 blocks from 0 candidate containers.
2023-07-26 19:46:35,059 [BlockDeletingService#2] INFO  interfaces.ContainerDeletionChoosingPolicyTemplate (ContainerDeletionChoosingPolicyTemplate.java:chooseContainerForBlockDeletion(83)) - Chosen 0/5000 blocks from 0 candidate containers.
2023-07-26 19:46:35,159 [BlockDeletingService#6] INFO  interfaces.ContainerDeletionChoosingPolicyTemplate (ContainerDeletionChoosingPolicyTemplate.java:chooseContainerForBlockDeletion(83)) - Chosen 0/5000 blocks from 0 candidate containers.
2023-07-26 19:46:35,160 [BlockDeletingService#4] INFO  interfaces.ContainerDeletionChoosingPolicyTemplate (ContainerDeletionChoosingPolicyTemplate.java:chooseContainerForBlockDeletion(83)) - Chosen 0/5000 blocks from 0 candidate containers.
2023-07-26 19:46:35,161 [BlockDeletingService#2] INFO  interfaces.ContainerDeletionChoosingPolicyTemplate (ContainerDeletionChoosingPolicyTemplate.java:chooseContainerForBlockDeletion(83)) - Chosen 0/5000 blocks from 0 candidate containers.
2023-07-26 19:46:35,259 [BlockDeletingService#6] INFO  interfaces.ContainerDeletionChoosingPolicyTemplate (ContainerDeletionChoosingPolicyTemplate.java:chooseContainerForBlockDeletion(83)) - Chosen 0/5000 blocks from 0 candidate containers.
2023-07-26 19:46:35,261 [BlockDeletingService#4] INFO  interfaces.ContainerDeletionChoosingPolicyTemplate (ContainerDeletionChoosingPolicyTemplate.java:chooseContainerForBlockDeletion(83)) - Chosen 0/5000 blocks from 0 candidate containers.
2023-07-26 19:46:35,261 [BlockDeletingService#2] INFO  interfaces.ContainerDeletionChoosingPolicyTemplate (ContainerDeletionChoosingPolicyTemplate.java:chooseContainerForBlockDeletion(83)) - Chosen 0/5000 blocks from 0 candidate containers.
2023-07-26 19:46:35,267 [main] INFO  rpc.RpcClient (RpcClient.java:createVolume(460)) - Creating Volume: testcontainerstatemachinefailures, with runner as owner and space quota set to -1 bytes, counts quota set to -1
2023-07-26 19:46:35,336 [OM StateMachine ApplyTransaction Thread - 0] INFO  volume.OMVolumeCreateRequest (OMVolumeCreateRequest.java:validateAndUpdateCache(196)) - created volume:testcontainerstatemachinefailures for user:runner
2023-07-26 19:46:35,361 [BlockDeletingService#6] INFO  interfaces.ContainerDeletionChoosingPolicyTemplate (ContainerDeletionChoosingPolicyTemplate.java:chooseContainerForBlockDeletion(83)) - Chosen 0/5000 blocks from 0 candidate containers.
2023-07-26 19:46:35,361 [BlockDeletingService#4] INFO  interfaces.ContainerDeletionChoosingPolicyTemplate (ContainerDeletionChoosingPolicyTemplate.java:chooseContainerForBlockDeletion(83)) - Chosen 0/5000 blocks from 0 candidate containers.
2023-07-26 19:46:35,361 [BlockDeletingService#2] INFO  interfaces.ContainerDeletionChoosingPolicyTemplate (ContainerDeletionChoosingPolicyTemplate.java:chooseContainerForBlockDeletion(83)) - Chosen 0/5000 blocks from 0 candidate containers.
2023-07-26 19:46:35,370 [main] INFO  rpc.RpcClient (RpcClient.java:createBucket(687)) - Creating Bucket: testcontainerstatemachinefailures/testcontainerstatemachinefailures, with server-side default bucket layout, runner as owner, Versioning false, Storage Type set to DISK and Encryption set to false, Replication Type set to server-side default replication type, Namespace Quota set to -1, Space Quota set to -1 
2023-07-26 19:46:35,392 [OM StateMachine ApplyTransaction Thread - 0] INFO  bucket.OMBucketCreateRequest (OMBucketCreateRequest.java:validateAndUpdateCache(270)) - created bucket: testcontainerstatemachinefailures of layout FILE_SYSTEM_OPTIMIZED in volume: testcontainerstatemachinefailures
2023-07-26 19:46:35,467 [BlockDeletingService#4] INFO  interfaces.ContainerDeletionChoosingPolicyTemplate (ContainerDeletionChoosingPolicyTemplate.java:chooseContainerForBlockDeletion(83)) - Chosen 0/5000 blocks from 0 candidate containers.
2023-07-26 19:46:35,469 [BlockDeletingService#6] INFO  interfaces.ContainerDeletionChoosingPolicyTemplate (ContainerDeletionChoosingPolicyTemplate.java:chooseContainerForBlockDeletion(83)) - Chosen 0/5000 blocks from 0 candidate containers.
2023-07-26 19:46:35,469 [BlockDeletingService#2] INFO  interfaces.ContainerDeletionChoosingPolicyTemplate (ContainerDeletionChoosingPolicyTemplate.java:chooseContainerForBlockDeletion(83)) - Chosen 0/5000 blocks from 0 candidate containers.
2023-07-26 19:46:35,524 [IPC Server handler 13 on default port 15001] INFO  ha.SequenceIdGenerator (SequenceIdGenerator.java:getNextId(140)) - Allocate a batch for containerId, change lastId from 0 to 1000.
2023-07-26 19:46:35,539 [IPC Server handler 13 on default port 15001] WARN  ha.SequenceIdGenerator (SequenceIdGenerator.java:allocateBatch(253)) - Failed to allocate a batch for localId, expected lastId is 0, actual lastId is 111677748019200000.
2023-07-26 19:46:35,540 [IPC Server handler 13 on default port 15001] INFO  ha.SequenceIdGenerator (SequenceIdGenerator.java:getNextId(140)) - Allocate a batch for localId, change lastId from 111677748019200000 to 111677748019201000.
2023-07-26 19:46:35,567 [BlockDeletingService#4] INFO  interfaces.ContainerDeletionChoosingPolicyTemplate (ContainerDeletionChoosingPolicyTemplate.java:chooseContainerForBlockDeletion(83)) - Chosen 0/5000 blocks from 0 candidate containers.
2023-07-26 19:46:35,569 [BlockDeletingService#6] INFO  interfaces.ContainerDeletionChoosingPolicyTemplate (ContainerDeletionChoosingPolicyTemplate.java:chooseContainerForBlockDeletion(83)) - Chosen 0/5000 blocks from 0 candidate containers.
2023-07-26 19:46:35,573 [BlockDeletingService#2] INFO  interfaces.ContainerDeletionChoosingPolicyTemplate (ContainerDeletionChoosingPolicyTemplate.java:chooseContainerForBlockDeletion(83)) - Chosen 0/5000 blocks from 0 candidate containers.
2023-07-26 19:46:35,667 [BlockDeletingService#4] INFO  interfaces.ContainerDeletionChoosingPolicyTemplate (ContainerDeletionChoosingPolicyTemplate.java:chooseContainerForBlockDeletion(83)) - Chosen 0/5000 blocks from 0 candidate containers.
2023-07-26 19:46:35,669 [BlockDeletingService#6] INFO  interfaces.ContainerDeletionChoosingPolicyTemplate (ContainerDeletionChoosingPolicyTemplate.java:chooseContainerForBlockDeletion(83)) - Chosen 0/5000 blocks from 0 candidate containers.
2023-07-26 19:46:35,674 [BlockDeletingService#2] INFO  interfaces.ContainerDeletionChoosingPolicyTemplate (ContainerDeletionChoosingPolicyTemplate.java:chooseContainerForBlockDeletion(83)) - Chosen 0/5000 blocks from 0 candidate containers.
2023-07-26 19:46:35,682 [main] INFO  impl.MetricsSystemImpl (MetricsSystemImpl.java:init(158)) - XceiverClientMetrics metrics system started (again)
2023-07-26 19:46:35,682 [main] INFO  lib.Interns (Interns.java:removeEldestEntry(50)) - Metrics intern cache overflow at 2011 for MetricsSystem={MetricsSystem=MetricsInfoImpl{name=MetricsSystem, description=MetricsSystem}, MetricsSystem record=MetricsInfoImpl{name=MetricsSystem, description=MetricsSystem record}}
2023-07-26 19:46:35,715 [main] INFO  ozoneimpl.OzoneContainer (OzoneContainer.java:stop(453)) - Attempting to stop container services.
2023-07-26 19:46:35,723 [main] INFO  server.RaftServer (RaftServerProxy.java:lambda$close$6(416)) - cc71d3b4-cf6a-416c-96eb-6097e97a8fe1: close
2023-07-26 19:46:35,724 [cc71d3b4-cf6a-416c-96eb-6097e97a8fe1-impl-thread1] INFO  server.RaftServer$Division (RaftServerImpl.java:lambda$close$4(466)) - cc71d3b4-cf6a-416c-96eb-6097e97a8fe1@group-1C7129A268B6: shutdown
2023-07-26 19:46:35,724 [cc71d3b4-cf6a-416c-96eb-6097e97a8fe1-impl-thread1] INFO  util.JmxRegister (JmxRegister.java:unregister(73)) - Successfully un-registered JMX Bean with object name Ratis:service=RaftServer,group=group-1C7129A268B6,id=cc71d3b4-cf6a-416c-96eb-6097e97a8fe1
2023-07-26 19:46:35,724 [main] INFO  server.GrpcService (GrpcService.java:closeImpl(311)) - cc71d3b4-cf6a-416c-96eb-6097e97a8fe1: shutdown server org.apache.ratis.grpc.server.GrpcClientProtocolService now
2023-07-26 19:46:35,724 [cc71d3b4-cf6a-416c-96eb-6097e97a8fe1-impl-thread1] INFO  impl.RoleInfo (RoleInfo.java:shutdownFollowerState(110)) - cc71d3b4-cf6a-416c-96eb-6097e97a8fe1: shutdown cc71d3b4-cf6a-416c-96eb-6097e97a8fe1@group-1C7129A268B6-FollowerState
2023-07-26 19:46:35,724 [cc71d3b4-cf6a-416c-96eb-6097e97a8fe1-impl-thread1] INFO  impl.StateMachineUpdater (StateMachineUpdater.java:stopAndJoin(155)) - cc71d3b4-cf6a-416c-96eb-6097e97a8fe1@group-1C7129A268B6-StateMachineUpdater: set stopIndex = -1
2023-07-26 19:46:35,727 [cc71d3b4-cf6a-416c-96eb-6097e97a8fe1-impl-thread1] INFO  server.RaftServer$Division (ServerState.java:close(472)) - cc71d3b4-cf6a-416c-96eb-6097e97a8fe1@group-1C7129A268B6: closes. applyIndex: -1
2023-07-26 19:46:35,727 [cc71d3b4-cf6a-416c-96eb-6097e97a8fe1@group-1C7129A268B6-FollowerState] INFO  impl.FollowerState (FollowerState.java:run(152)) - cc71d3b4-cf6a-416c-96eb-6097e97a8fe1@group-1C7129A268B6-FollowerState was interrupted
2023-07-26 19:46:35,727 [cc71d3b4-cf6a-416c-96eb-6097e97a8fe1-impl-thread2] INFO  server.RaftServer$Division (RaftServerImpl.java:lambda$close$4(466)) - cc71d3b4-cf6a-416c-96eb-6097e97a8fe1@group-97E4824FB173: shutdown
2023-07-26 19:46:35,727 [cc71d3b4-cf6a-416c-96eb-6097e97a8fe1-impl-thread2] INFO  util.JmxRegister (JmxRegister.java:unregister(73)) - Successfully un-registered JMX Bean with object name Ratis:service=RaftServer,group=group-97E4824FB173,id=cc71d3b4-cf6a-416c-96eb-6097e97a8fe1
2023-07-26 19:46:35,727 [cc71d3b4-cf6a-416c-96eb-6097e97a8fe1-impl-thread2] INFO  impl.RoleInfo (RoleInfo.java:shutdownLeaderState(93)) - cc71d3b4-cf6a-416c-96eb-6097e97a8fe1: shutdown cc71d3b4-cf6a-416c-96eb-6097e97a8fe1@group-97E4824FB173-LeaderStateImpl
2023-07-26 19:46:35,728 [cc71d3b4-cf6a-416c-96eb-6097e97a8fe1-impl-thread2] INFO  impl.PendingRequests (PendingRequests.java:sendNotLeaderResponses(289)) - cc71d3b4-cf6a-416c-96eb-6097e97a8fe1@group-97E4824FB173-PendingRequests: sendNotLeaderResponses
2023-07-26 19:46:35,730 [cc71d3b4-cf6a-416c-96eb-6097e97a8fe1@group-97E4824FB173-StateMachineUpdater] INFO  ratis.ContainerStateMachine (ContainerStateMachine.java:takeSnapshot(330)) - group-97E4824FB173: Taking a snapshot at:(t:1, i:0) file /home/runner/work/ozone/ozone/hadoop-ozone/integration-test/target/test-dir/MiniOzoneClusterImpl-7725ff52-e03b-4cac-b8cb-596b4b29adc0/datanode-2/data/ratis/2346a8cb-c052-4fb7-a2b3-97e4824fb173/sm/snapshot.1_0
2023-07-26 19:46:35,738 [cc71d3b4-cf6a-416c-96eb-6097e97a8fe1-impl-thread2] INFO  impl.StateMachineUpdater (StateMachineUpdater.java:stopAndJoin(155)) - cc71d3b4-cf6a-416c-96eb-6097e97a8fe1@group-97E4824FB173-StateMachineUpdater: set stopIndex = 0
2023-07-26 19:46:35,756 [main] INFO  server.GrpcService (GrpcService.java:closeImpl(320)) - cc71d3b4-cf6a-416c-96eb-6097e97a8fe1: shutdown server org.apache.ratis.grpc.server.GrpcClientProtocolService successfully
2023-07-26 19:46:35,756 [main] INFO  server.GrpcService (GrpcService.java:closeImpl(311)) - cc71d3b4-cf6a-416c-96eb-6097e97a8fe1: shutdown server GrpcServerProtocolService now
2023-07-26 19:46:35,768 [grpc-default-executor-3] WARN  server.GrpcServerProtocolService (LogUtils.java:warn(122)) - cc71d3b4-cf6a-416c-96eb-6097e97a8fe1: APPEND_ENTRIES onError, lastRequest: 4099cb2b-2e2e-4151-9db7-f99ade631412->cc71d3b4-cf6a-416c-96eb-6097e97a8fe1#1-t1,previous=(t:0, i:0),leaderCommit=-1,initializing? true,entries: size=1, first=(t:1, i:0), CONFIGURATIONENTRY(current:id: "4099cb2b-2e2e-4151-9db7-f99ade631412"
address: "10.1.0.48:15014"
priority: 1
dataStreamAddress: "10.1.0.48:15015"
clientAddress: "10.1.0.48:15012"
adminAddress: "10.1.0.48:15013"
startupRole: FOLLOWER
,id: "cc71d3b4-cf6a-416c-96eb-6097e97a8fe1"
address: "10.1.0.48:15032"
dataStreamAddress: "10.1.0.48:15033"
clientAddress: "10.1.0.48:15030"
adminAddress: "10.1.0.48:15031"
startupRole: FOLLOWER
,id: "c33e49d7-aab4-4e8b-84a2-e80ab64b386a"
address: "10.1.0.48:15023"
dataStreamAddress: "10.1.0.48:15024"
clientAddress: "10.1.0.48:15021"
adminAddress: "10.1.0.48:15022"
startupRole: FOLLOWER
, old:): org.apache.ratis.thirdparty.io.grpc.StatusRuntimeException: CANCELLED: client cancelled
2023-07-26 19:46:35,768 [BlockDeletingService#4] INFO  interfaces.ContainerDeletionChoosingPolicyTemplate (ContainerDeletionChoosingPolicyTemplate.java:chooseContainerForBlockDeletion(83)) - Chosen 0/5000 blocks from 0 candidate containers.
2023-07-26 19:46:35,785 [grpc-default-executor-3] WARN  server.GrpcLogAppender (LogUtils.java:warn(122)) - 4099cb2b-2e2e-4151-9db7-f99ade631412@group-1C7129A268B6->cc71d3b4-cf6a-416c-96eb-6097e97a8fe1-AppendLogResponseHandler: Failed appendEntries: org.apache.ratis.thirdparty.io.grpc.StatusRuntimeException: CANCELLED: RST_STREAM closed stream. HTTP/2 error code: CANCEL
2023-07-26 19:46:35,790 [BlockDeletingService#2] INFO  interfaces.ContainerDeletionChoosingPolicyTemplate (ContainerDeletionChoosingPolicyTemplate.java:chooseContainerForBlockDeletion(83)) - Chosen 0/5000 blocks from 0 candidate containers.
2023-07-26 19:46:35,790 [grpc-default-executor-2] WARN  server.GrpcLogAppender (LogUtils.java:warn(122)) - 4099cb2b-2e2e-4151-9db7-f99ade631412@group-1C7129A268B6->cc71d3b4-cf6a-416c-96eb-6097e97a8fe1-AppendLogResponseHandler: Failed appendEntries: org.apache.ratis.thirdparty.io.grpc.StatusRuntimeException: CANCELLED: RST_STREAM closed stream. HTTP/2 error code: CANCEL
2023-07-26 19:46:35,793 [grpc-default-executor-3] WARN  server.GrpcLogAppender (GrpcLogAppender.java:resetClient(128)) - 4099cb2b-2e2e-4151-9db7-f99ade631412@group-1C7129A268B6->cc71d3b4-cf6a-416c-96eb-6097e97a8fe1-GrpcLogAppender: Follower failed when matchIndex == 0,  keep nextIndex (1) unchanged and retry.
2023-07-26 19:46:35,785 [grpc-default-executor-1] WARN  server.GrpcServerProtocolService (LogUtils.java:warn(122)) - cc71d3b4-cf6a-416c-96eb-6097e97a8fe1: APPEND_ENTRIES onError, lastRequest: null: org.apache.ratis.thirdparty.io.grpc.StatusRuntimeException: CANCELLED: client cancelled
2023-07-26 19:46:35,790 [BlockDeletingService#6] INFO  interfaces.ContainerDeletionChoosingPolicyTemplate (ContainerDeletionChoosingPolicyTemplate.java:chooseContainerForBlockDeletion(83)) - Chosen 0/5000 blocks from 0 candidate containers.
2023-07-26 19:46:35,799 [grpc-default-executor-2] WARN  server.GrpcLogAppender (GrpcLogAppender.java:resetClient(128)) - 4099cb2b-2e2e-4151-9db7-f99ade631412@group-1C7129A268B6->cc71d3b4-cf6a-416c-96eb-6097e97a8fe1-GrpcLogAppender: Follower failed when matchIndex == 0,  keep nextIndex (1) unchanged and retry.
2023-07-26 19:46:35,805 [main] INFO  server.GrpcService (GrpcService.java:closeImpl(320)) - cc71d3b4-cf6a-416c-96eb-6097e97a8fe1: shutdown server GrpcServerProtocolService successfully
2023-07-26 19:46:35,806 [main] INFO  server.GrpcService (GrpcService.java:closeImpl(311)) - cc71d3b4-cf6a-416c-96eb-6097e97a8fe1: shutdown server org.apache.ratis.grpc.server.GrpcAdminProtocolService now
2023-07-26 19:46:35,820 [main] INFO  server.GrpcService (GrpcService.java:closeImpl(320)) - cc71d3b4-cf6a-416c-96eb-6097e97a8fe1: shutdown server org.apache.ratis.grpc.server.GrpcAdminProtocolService successfully
2023-07-26 19:46:35,821 [cc71d3b4-cf6a-416c-96eb-6097e97a8fe1-NettyServerStreamRpc-bossGroup--thread1] INFO  logging.LoggingHandler (AbstractInternalLogger.java:log(148)) - [id: 0x3d92cf88, L:/0:0:0:0:0:0:0:0:15033] CLOSE
2023-07-26 19:46:35,821 [cc71d3b4-cf6a-416c-96eb-6097e97a8fe1-NettyServerStreamRpc-bossGroup--thread1] INFO  logging.LoggingHandler (AbstractInternalLogger.java:log(148)) - [id: 0x3d92cf88, L:/0:0:0:0:0:0:0:0:15033] INACTIVE
2023-07-26 19:46:35,821 [cc71d3b4-cf6a-416c-96eb-6097e97a8fe1-NettyServerStreamRpc-bossGroup--thread1] INFO  logging.LoggingHandler (AbstractInternalLogger.java:log(148)) - [id: 0x3d92cf88, L:/0:0:0:0:0:0:0:0:15033] UNREGISTERED
2023-07-26 19:46:35,846 [cc71d3b4-cf6a-416c-96eb-6097e97a8fe1@group-97E4824FB173-StateMachineUpdater] INFO  ratis.ContainerStateMachine (ContainerStateMachine.java:takeSnapshot(341)) - group-97E4824FB173: Finished taking a snapshot at:(t:1, i:0) file:/home/runner/work/ozone/ozone/hadoop-ozone/integration-test/target/test-dir/MiniOzoneClusterImpl-7725ff52-e03b-4cac-b8cb-596b4b29adc0/datanode-2/data/ratis/2346a8cb-c052-4fb7-a2b3-97e4824fb173/sm/snapshot.1_0 took: 116 ms
2023-07-26 19:46:35,848 [cc71d3b4-cf6a-416c-96eb-6097e97a8fe1@group-97E4824FB173-StateMachineUpdater] INFO  impl.StateMachineUpdater (StateMachineUpdater.java:takeSnapshot(291)) - cc71d3b4-cf6a-416c-96eb-6097e97a8fe1@group-97E4824FB173-StateMachineUpdater: Took a snapshot at index 0
2023-07-26 19:46:35,848 [cc71d3b4-cf6a-416c-96eb-6097e97a8fe1@group-97E4824FB173-StateMachineUpdater] INFO  impl.StateMachineUpdater (StateMachineUpdater.java:lambda$new$0(97)) - cc71d3b4-cf6a-416c-96eb-6097e97a8fe1@group-97E4824FB173-StateMachineUpdater: snapshotIndex: updateIncreasingly -1 -> 0
2023-07-26 19:46:35,851 [cc71d3b4-cf6a-416c-96eb-6097e97a8fe1-impl-thread2] INFO  server.RaftServer$Division (ServerState.java:close(472)) - cc71d3b4-cf6a-416c-96eb-6097e97a8fe1@group-97E4824FB173: closes. applyIndex: 0
2023-07-26 19:46:35,868 [BlockDeletingService#4] INFO  interfaces.ContainerDeletionChoosingPolicyTemplate (ContainerDeletionChoosingPolicyTemplate.java:chooseContainerForBlockDeletion(83)) - Chosen 0/5000 blocks from 0 candidate containers.
2023-07-26 19:46:35,898 [BlockDeletingService#2] INFO  interfaces.ContainerDeletionChoosingPolicyTemplate (ContainerDeletionChoosingPolicyTemplate.java:chooseContainerForBlockDeletion(83)) - Chosen 0/5000 blocks from 0 candidate containers.
2023-07-26 19:46:35,899 [BlockDeletingService#6] INFO  interfaces.ContainerDeletionChoosingPolicyTemplate (ContainerDeletionChoosingPolicyTemplate.java:chooseContainerForBlockDeletion(83)) - Chosen 0/5000 blocks from 0 candidate containers.
2023-07-26 19:46:35,906 [cc71d3b4-cf6a-416c-96eb-6097e97a8fe1-impl-thread1] INFO  segmented.SegmentedRaftLogWorker (SegmentedRaftLogWorker.java:close(252)) - cc71d3b4-cf6a-416c-96eb-6097e97a8fe1@group-1C7129A268B6-SegmentedRaftLogWorker close()
2023-07-26 19:46:35,968 [BlockDeletingService#4] INFO  interfaces.ContainerDeletionChoosingPolicyTemplate (ContainerDeletionChoosingPolicyTemplate.java:chooseContainerForBlockDeletion(83)) - Chosen 0/5000 blocks from 0 candidate containers.
2023-07-26 19:46:35,999 [BlockDeletingService#2] INFO  interfaces.ContainerDeletionChoosingPolicyTemplate (ContainerDeletionChoosingPolicyTemplate.java:chooseContainerForBlockDeletion(83)) - Chosen 0/5000 blocks from 0 candidate containers.
2023-07-26 19:46:35,999 [BlockDeletingService#6] INFO  interfaces.ContainerDeletionChoosingPolicyTemplate (ContainerDeletionChoosingPolicyTemplate.java:chooseContainerForBlockDeletion(83)) - Chosen 0/5000 blocks from 0 candidate containers.
2023-07-26 19:46:36,069 [BlockDeletingService#4] INFO  interfaces.ContainerDeletionChoosingPolicyTemplate (ContainerDeletionChoosingPolicyTemplate.java:chooseContainerForBlockDeletion(83)) - Chosen 0/5000 blocks from 0 candidate containers.
2023-07-26 19:46:36,099 [BlockDeletingService#2] INFO  interfaces.ContainerDeletionChoosingPolicyTemplate (ContainerDeletionChoosingPolicyTemplate.java:chooseContainerForBlockDeletion(83)) - Chosen 0/5000 blocks from 0 candidate containers.
2023-07-26 19:46:36,099 [BlockDeletingService#6] INFO  interfaces.ContainerDeletionChoosingPolicyTemplate (ContainerDeletionChoosingPolicyTemplate.java:chooseContainerForBlockDeletion(83)) - Chosen 0/5000 blocks from 0 candidate containers.
2023-07-26 19:46:36,169 [BlockDeletingService#4] INFO  interfaces.ContainerDeletionChoosingPolicyTemplate (ContainerDeletionChoosingPolicyTemplate.java:chooseContainerForBlockDeletion(83)) - Chosen 0/5000 blocks from 0 candidate containers.
2023-07-26 19:46:36,200 [BlockDeletingService#2] INFO  interfaces.ContainerDeletionChoosingPolicyTemplate (ContainerDeletionChoosingPolicyTemplate.java:chooseContainerForBlockDeletion(83)) - Chosen 0/5000 blocks from 0 candidate containers.
2023-07-26 19:46:36,200 [BlockDeletingService#6] INFO  interfaces.ContainerDeletionChoosingPolicyTemplate (ContainerDeletionChoosingPolicyTemplate.java:chooseContainerForBlockDeletion(83)) - Chosen 0/5000 blocks from 0 candidate containers.
2023-07-26 19:46:36,270 [BlockDeletingService#4] INFO  interfaces.ContainerDeletionChoosingPolicyTemplate (ContainerDeletionChoosingPolicyTemplate.java:chooseContainerForBlockDeletion(83)) - Chosen 0/5000 blocks from 0 candidate containers.
2023-07-26 19:46:36,294 [cc71d3b4-cf6a-416c-96eb-6097e97a8fe1-impl-thread2] INFO  segmented.SegmentedRaftLogWorker (SegmentedRaftLogWorker.java:close(252)) - cc71d3b4-cf6a-416c-96eb-6097e97a8fe1@group-97E4824FB173-SegmentedRaftLogWorker close()
2023-07-26 19:46:36,296 [JvmPauseMonitor4] INFO  util.JvmPauseMonitor (JvmPauseMonitor.java:run(109)) - JvmPauseMonitor-cc71d3b4-cf6a-416c-96eb-6097e97a8fe1: Stopped
2023-07-26 19:46:36,300 [BlockDeletingService#2] INFO  interfaces.ContainerDeletionChoosingPolicyTemplate (ContainerDeletionChoosingPolicyTemplate.java:chooseContainerForBlockDeletion(83)) - Chosen 0/5000 blocks from 0 candidate containers.
2023-07-26 19:46:36,300 [BlockDeletingService#2] INFO  interfaces.ContainerDeletionChoosingPolicyTemplate (ContainerDeletionChoosingPolicyTemplate.java:chooseContainerForBlockDeletion(83)) - Chosen 0/5000 blocks from 0 candidate containers.
2023-07-26 19:46:36,370 [BlockDeletingService#4] INFO  interfaces.ContainerDeletionChoosingPolicyTemplate (ContainerDeletionChoosingPolicyTemplate.java:chooseContainerForBlockDeletion(83)) - Chosen 0/5000 blocks from 0 candidate containers.
2023-07-26 19:46:36,400 [BlockDeletingService#2] INFO  interfaces.ContainerDeletionChoosingPolicyTemplate (ContainerDeletionChoosingPolicyTemplate.java:chooseContainerForBlockDeletion(83)) - Chosen 0/5000 blocks from 0 candidate containers.
2023-07-26 19:46:36,400 [BlockDeletingService#2] INFO  interfaces.ContainerDeletionChoosingPolicyTemplate (ContainerDeletionChoosingPolicyTemplate.java:chooseContainerForBlockDeletion(83)) - Chosen 0/5000 blocks from 0 candidate containers.
2023-07-26 19:46:36,425 [grpc-default-executor-3] WARN  server.GrpcLogAppender (LogUtils.java:warn(122)) - 4099cb2b-2e2e-4151-9db7-f99ade631412@group-1C7129A268B6->cc71d3b4-cf6a-416c-96eb-6097e97a8fe1-AppendLogResponseHandler: Failed appendEntries: org.apache.ratis.thirdparty.io.grpc.StatusRuntimeException: UNAVAILABLE: io exception
2023-07-26 19:46:36,425 [grpc-default-executor-5] WARN  server.GrpcLogAppender (LogUtils.java:warn(122)) - 4099cb2b-2e2e-4151-9db7-f99ade631412@group-1C7129A268B6->cc71d3b4-cf6a-416c-96eb-6097e97a8fe1-AppendLogResponseHandler: Failed appendEntries: org.apache.ratis.thirdparty.io.grpc.StatusRuntimeException: UNAVAILABLE: io exception
2023-07-26 19:46:36,426 [grpc-default-executor-3] WARN  server.GrpcLogAppender (GrpcLogAppender.java:resetClient(128)) - 4099cb2b-2e2e-4151-9db7-f99ade631412@group-1C7129A268B6->cc71d3b4-cf6a-416c-96eb-6097e97a8fe1-GrpcLogAppender: Follower failed when matchIndex == 0,  keep nextIndex (1) unchanged and retry.
2023-07-26 19:46:36,426 [grpc-default-executor-5] WARN  server.GrpcLogAppender (GrpcLogAppender.java:resetClient(128)) - 4099cb2b-2e2e-4151-9db7-f99ade631412@group-1C7129A268B6->cc71d3b4-cf6a-416c-96eb-6097e97a8fe1-GrpcLogAppender: Follower failed when matchIndex == 0,  keep nextIndex (1) unchanged and retry.
2023-07-26 19:46:36,470 [BlockDeletingService#4] INFO  interfaces.ContainerDeletionChoosingPolicyTemplate (ContainerDeletionChoosingPolicyTemplate.java:chooseContainerForBlockDeletion(83)) - Chosen 0/5000 blocks from 0 candidate containers.
2023-07-26 19:46:36,501 [BlockDeletingService#2] INFO  interfaces.ContainerDeletionChoosingPolicyTemplate (ContainerDeletionChoosingPolicyTemplate.java:chooseContainerForBlockDeletion(83)) - Chosen 0/5000 blocks from 0 candidate containers.
2023-07-26 19:46:36,501 [BlockDeletingService#2] INFO  interfaces.ContainerDeletionChoosingPolicyTemplate (ContainerDeletionChoosingPolicyTemplate.java:chooseContainerForBlockDeletion(83)) - Chosen 0/5000 blocks from 0 candidate containers.
2023-07-26 19:46:36,571 [BlockDeletingService#4] INFO  interfaces.ContainerDeletionChoosingPolicyTemplate (ContainerDeletionChoosingPolicyTemplate.java:chooseContainerForBlockDeletion(83)) - Chosen 0/5000 blocks from 0 candidate containers.
2023-07-26 19:46:36,601 [BlockDeletingService#2] INFO  interfaces.ContainerDeletionChoosingPolicyTemplate (ContainerDeletionChoosingPolicyTemplate.java:chooseContainerForBlockDeletion(83)) - Chosen 0/5000 blocks from 0 candidate containers.
2023-07-26 19:46:36,601 [BlockDeletingService#2] INFO  interfaces.ContainerDeletionChoosingPolicyTemplate (ContainerDeletionChoosingPolicyTemplate.java:chooseContainerForBlockDeletion(83)) - Chosen 0/5000 blocks from 0 candidate containers.
2023-07-26 19:46:36,671 [BlockDeletingService#4] INFO  interfaces.ContainerDeletionChoosingPolicyTemplate (ContainerDeletionChoosingPolicyTemplate.java:chooseContainerForBlockDeletion(83)) - Chosen 0/5000 blocks from 0 candidate containers.
2023-07-26 19:46:36,701 [BlockDeletingService#2] INFO  interfaces.ContainerDeletionChoosingPolicyTemplate (ContainerDeletionChoosingPolicyTemplate.java:chooseContainerForBlockDeletion(83)) - Chosen 0/5000 blocks from 0 candidate containers.
2023-07-26 19:46:36,702 [BlockDeletingService#2] INFO  interfaces.ContainerDeletionChoosingPolicyTemplate (ContainerDeletionChoosingPolicyTemplate.java:chooseContainerForBlockDeletion(83)) - Chosen 0/5000 blocks from 0 candidate containers.
2023-07-26 19:46:36,771 [BlockDeletingService#4] INFO  interfaces.ContainerDeletionChoosingPolicyTemplate (ContainerDeletionChoosingPolicyTemplate.java:chooseContainerForBlockDeletion(83)) - Chosen 0/5000 blocks from 0 candidate containers.
2023-07-26 19:46:36,803 [BlockDeletingService#2] INFO  interfaces.ContainerDeletionChoosingPolicyTemplate (ContainerDeletionChoosingPolicyTemplate.java:chooseContainerForBlockDeletion(83)) - Chosen 0/5000 blocks from 0 candidate containers.
2023-07-26 19:46:36,804 [BlockDeletingService#2] INFO  interfaces.ContainerDeletionChoosingPolicyTemplate (ContainerDeletionChoosingPolicyTemplate.java:chooseContainerForBlockDeletion(83)) - Chosen 0/5000 blocks from 0 candidate containers.
2023-07-26 19:46:36,872 [BlockDeletingService#4] INFO  interfaces.ContainerDeletionChoosingPolicyTemplate (ContainerDeletionChoosingPolicyTemplate.java:chooseContainerForBlockDeletion(83)) - Chosen 0/5000 blocks from 0 candidate containers.
2023-07-26 19:46:36,904 [BlockDeletingService#2] INFO  interfaces.ContainerDeletionChoosingPolicyTemplate (ContainerDeletionChoosingPolicyTemplate.java:chooseContainerForBlockDeletion(83)) - Chosen 0/5000 blocks from 0 candidate containers.
2023-07-26 19:46:36,904 [BlockDeletingService#2] INFO  interfaces.ContainerDeletionChoosingPolicyTemplate (ContainerDeletionChoosingPolicyTemplate.java:chooseContainerForBlockDeletion(83)) - Chosen 0/5000 blocks from 0 candidate containers.
2023-07-26 19:46:36,972 [BlockDeletingService#4] INFO  interfaces.ContainerDeletionChoosingPolicyTemplate (ContainerDeletionChoosingPolicyTemplate.java:chooseContainerForBlockDeletion(83)) - Chosen 0/5000 blocks from 0 candidate containers.
2023-07-26 19:46:37,004 [BlockDeletingService#2] INFO  interfaces.ContainerDeletionChoosingPolicyTemplate (ContainerDeletionChoosingPolicyTemplate.java:chooseContainerForBlockDeletion(83)) - Chosen 0/5000 blocks from 0 candidate containers.
2023-07-26 19:46:37,005 [BlockDeletingService#2] INFO  interfaces.ContainerDeletionChoosingPolicyTemplate (ContainerDeletionChoosingPolicyTemplate.java:chooseContainerForBlockDeletion(83)) - Chosen 0/5000 blocks from 0 candidate containers.
2023-07-26 19:46:37,073 [BlockDeletingService#4] INFO  interfaces.ContainerDeletionChoosingPolicyTemplate (ContainerDeletionChoosingPolicyTemplate.java:chooseContainerForBlockDeletion(83)) - Chosen 0/5000 blocks from 0 candidate containers.
2023-07-26 19:46:37,105 [BlockDeletingService#2] INFO  interfaces.ContainerDeletionChoosingPolicyTemplate (ContainerDeletionChoosingPolicyTemplate.java:chooseContainerForBlockDeletion(83)) - Chosen 0/5000 blocks from 0 candidate containers.
2023-07-26 19:46:37,106 [BlockDeletingService#2] INFO  interfaces.ContainerDeletionChoosingPolicyTemplate (ContainerDeletionChoosingPolicyTemplate.java:chooseContainerForBlockDeletion(83)) - Chosen 0/5000 blocks from 0 candidate containers.
2023-07-26 19:46:37,173 [BlockDeletingService#4] INFO  interfaces.ContainerDeletionChoosingPolicyTemplate (ContainerDeletionChoosingPolicyTemplate.java:chooseContainerForBlockDeletion(83)) - Chosen 0/5000 blocks from 0 candidate containers.
2023-07-26 19:46:37,205 [BlockDeletingService#2] INFO  interfaces.ContainerDeletionChoosingPolicyTemplate (ContainerDeletionChoosingPolicyTemplate.java:chooseContainerForBlockDeletion(83)) - Chosen 0/5000 blocks from 0 candidate containers.
2023-07-26 19:46:37,206 [BlockDeletingService#2] INFO  interfaces.ContainerDeletionChoosingPolicyTemplate (ContainerDeletionChoosingPolicyTemplate.java:chooseContainerForBlockDeletion(83)) - Chosen 0/5000 blocks from 0 candidate containers.
2023-07-26 19:46:37,273 [BlockDeletingService#4] INFO  interfaces.ContainerDeletionChoosingPolicyTemplate (ContainerDeletionChoosingPolicyTemplate.java:chooseContainerForBlockDeletion(83)) - Chosen 0/5000 blocks from 0 candidate containers.
2023-07-26 19:46:37,306 [BlockDeletingService#2] INFO  interfaces.ContainerDeletionChoosingPolicyTemplate (ContainerDeletionChoosingPolicyTemplate.java:chooseContainerForBlockDeletion(83)) - Chosen 0/5000 blocks from 0 candidate containers.
2023-07-26 19:46:37,306 [BlockDeletingService#2] INFO  interfaces.ContainerDeletionChoosingPolicyTemplate (ContainerDeletionChoosingPolicyTemplate.java:chooseContainerForBlockDeletion(83)) - Chosen 0/5000 blocks from 0 candidate containers.
2023-07-26 19:46:37,374 [BlockDeletingService#4] INFO  interfaces.ContainerDeletionChoosingPolicyTemplate (ContainerDeletionChoosingPolicyTemplate.java:chooseContainerForBlockDeletion(83)) - Chosen 0/5000 blocks from 0 candidate containers.
2023-07-26 19:46:37,406 [BlockDeletingService#2] INFO  interfaces.ContainerDeletionChoosingPolicyTemplate (ContainerDeletionChoosingPolicyTemplate.java:chooseContainerForBlockDeletion(83)) - Chosen 0/5000 blocks from 0 candidate containers.
2023-07-26 19:46:37,406 [BlockDeletingService#2] INFO  interfaces.ContainerDeletionChoosingPolicyTemplate (ContainerDeletionChoosingPolicyTemplate.java:chooseContainerForBlockDeletion(83)) - Chosen 0/5000 blocks from 0 candidate containers.
2023-07-26 19:46:37,474 [BlockDeletingService#4] INFO  interfaces.ContainerDeletionChoosingPolicyTemplate (ContainerDeletionChoosingPolicyTemplate.java:chooseContainerForBlockDeletion(83)) - Chosen 0/5000 blocks from 0 candidate containers.
2023-07-26 19:46:37,506 [BlockDeletingService#2] INFO  interfaces.ContainerDeletionChoosingPolicyTemplate (ContainerDeletionChoosingPolicyTemplate.java:chooseContainerForBlockDeletion(83)) - Chosen 0/5000 blocks from 0 candidate containers.
2023-07-26 19:46:37,507 [BlockDeletingService#2] INFO  interfaces.ContainerDeletionChoosingPolicyTemplate (ContainerDeletionChoosingPolicyTemplate.java:chooseContainerForBlockDeletion(83)) - Chosen 0/5000 blocks from 0 candidate containers.
2023-07-26 19:46:37,574 [BlockDeletingService#4] INFO  interfaces.ContainerDeletionChoosingPolicyTemplate (ContainerDeletionChoosingPolicyTemplate.java:chooseContainerForBlockDeletion(83)) - Chosen 0/5000 blocks from 0 candidate containers.
2023-07-26 19:46:37,607 [BlockDeletingService#2] INFO  interfaces.ContainerDeletionChoosingPolicyTemplate (ContainerDeletionChoosingPolicyTemplate.java:chooseContainerForBlockDeletion(83)) - Chosen 0/5000 blocks from 0 candidate containers.
2023-07-26 19:46:37,607 [BlockDeletingService#2] INFO  interfaces.ContainerDeletionChoosingPolicyTemplate (ContainerDeletionChoosingPolicyTemplate.java:chooseContainerForBlockDeletion(83)) - Chosen 0/5000 blocks from 0 candidate containers.
2023-07-26 19:46:37,669 [grpc-default-executor-5] WARN  server.GrpcLogAppender (LogUtils.java:warn(122)) - 4099cb2b-2e2e-4151-9db7-f99ade631412@group-1C7129A268B6->cc71d3b4-cf6a-416c-96eb-6097e97a8fe1-AppendLogResponseHandler: Failed appendEntries: org.apache.ratis.thirdparty.io.grpc.StatusRuntimeException: UNAVAILABLE: io exception
2023-07-26 19:46:37,671 [grpc-default-executor-5] WARN  server.GrpcLogAppender (GrpcLogAppender.java:resetClient(128)) - 4099cb2b-2e2e-4151-9db7-f99ade631412@group-1C7129A268B6->cc71d3b4-cf6a-416c-96eb-6097e97a8fe1-GrpcLogAppender: Follower failed when matchIndex == 0,  keep nextIndex (1) unchanged and retry.
2023-07-26 19:46:37,669 [grpc-default-executor-3] WARN  server.GrpcLogAppender (LogUtils.java:warn(122)) - 4099cb2b-2e2e-4151-9db7-f99ade631412@group-1C7129A268B6->cc71d3b4-cf6a-416c-96eb-6097e97a8fe1-AppendLogResponseHandler: Failed appendEntries: org.apache.ratis.thirdparty.io.grpc.StatusRuntimeException: UNAVAILABLE: io exception
2023-07-26 19:46:37,675 [grpc-default-executor-3] WARN  server.GrpcLogAppender (GrpcLogAppender.java:resetClient(128)) - 4099cb2b-2e2e-4151-9db7-f99ade631412@group-1C7129A268B6->cc71d3b4-cf6a-416c-96eb-6097e97a8fe1-GrpcLogAppender: Follower failed when matchIndex == 0,  keep nextIndex (1) unchanged and retry.
2023-07-26 19:46:37,675 [BlockDeletingService#4] INFO  interfaces.ContainerDeletionChoosingPolicyTemplate (ContainerDeletionChoosingPolicyTemplate.java:chooseContainerForBlockDeletion(83)) - Chosen 0/5000 blocks from 0 candidate containers.
2023-07-26 19:46:37,707 [BlockDeletingService#2] INFO  interfaces.ContainerDeletionChoosingPolicyTemplate (ContainerDeletionChoosingPolicyTemplate.java:chooseContainerForBlockDeletion(83)) - Chosen 0/5000 blocks from 0 candidate containers.
2023-07-26 19:46:37,707 [BlockDeletingService#2] INFO  interfaces.ContainerDeletionChoosingPolicyTemplate (ContainerDeletionChoosingPolicyTemplate.java:chooseContainerForBlockDeletion(83)) - Chosen 0/5000 blocks from 0 candidate containers.
2023-07-26 19:46:37,776 [BlockDeletingService#4] INFO  interfaces.ContainerDeletionChoosingPolicyTemplate (ContainerDeletionChoosingPolicyTemplate.java:chooseContainerForBlockDeletion(83)) - Chosen 0/5000 blocks from 0 candidate containers.
2023-07-26 19:46:37,807 [BlockDeletingService#2] INFO  interfaces.ContainerDeletionChoosingPolicyTemplate (ContainerDeletionChoosingPolicyTemplate.java:chooseContainerForBlockDeletion(83)) - Chosen 0/5000 blocks from 0 candidate containers.
2023-07-26 19:46:37,808 [BlockDeletingService#2] INFO  interfaces.ContainerDeletionChoosingPolicyTemplate (ContainerDeletionChoosingPolicyTemplate.java:chooseContainerForBlockDeletion(83)) - Chosen 0/5000 blocks from 0 candidate containers.
2023-07-26 19:46:37,876 [BlockDeletingService#4] INFO  interfaces.ContainerDeletionChoosingPolicyTemplate (ContainerDeletionChoosingPolicyTemplate.java:chooseContainerForBlockDeletion(83)) - Chosen 0/5000 blocks from 0 candidate containers.
2023-07-26 19:46:37,908 [BlockDeletingService#2] INFO  interfaces.ContainerDeletionChoosingPolicyTemplate (ContainerDeletionChoosingPolicyTemplate.java:chooseContainerForBlockDeletion(83)) - Chosen 0/5000 blocks from 0 candidate containers.
2023-07-26 19:46:37,908 [BlockDeletingService#2] INFO  interfaces.ContainerDeletionChoosingPolicyTemplate (ContainerDeletionChoosingPolicyTemplate.java:chooseContainerForBlockDeletion(83)) - Chosen 0/5000 blocks from 0 candidate containers.
2023-07-26 19:46:37,976 [BlockDeletingService#4] INFO  interfaces.ContainerDeletionChoosingPolicyTemplate (ContainerDeletionChoosingPolicyTemplate.java:chooseContainerForBlockDeletion(83)) - Chosen 0/5000 blocks from 0 candidate containers.
2023-07-26 19:46:38,008 [BlockDeletingService#2] INFO  interfaces.ContainerDeletionChoosingPolicyTemplate (ContainerDeletionChoosingPolicyTemplate.java:chooseContainerForBlockDeletion(83)) - Chosen 0/5000 blocks from 0 candidate containers.
2023-07-26 19:46:38,008 [BlockDeletingService#2] INFO  interfaces.ContainerDeletionChoosingPolicyTemplate (ContainerDeletionChoosingPolicyTemplate.java:chooseContainerForBlockDeletion(83)) - Chosen 0/5000 blocks from 0 candidate containers.
2023-07-26 19:46:38,077 [BlockDeletingService#4] INFO  interfaces.ContainerDeletionChoosingPolicyTemplate (ContainerDeletionChoosingPolicyTemplate.java:chooseContainerForBlockDeletion(83)) - Chosen 0/5000 blocks from 0 candidate containers.
2023-07-26 19:46:38,109 [BlockDeletingService#2] INFO  interfaces.ContainerDeletionChoosingPolicyTemplate (ContainerDeletionChoosingPolicyTemplate.java:chooseContainerForBlockDeletion(83)) - Chosen 0/5000 blocks from 0 candidate containers.
2023-07-26 19:46:38,109 [BlockDeletingService#2] INFO  interfaces.ContainerDeletionChoosingPolicyTemplate (ContainerDeletionChoosingPolicyTemplate.java:chooseContainerForBlockDeletion(83)) - Chosen 0/5000 blocks from 0 candidate containers.
2023-07-26 19:46:38,177 [BlockDeletingService#4] INFO  interfaces.ContainerDeletionChoosingPolicyTemplate (ContainerDeletionChoosingPolicyTemplate.java:chooseContainerForBlockDeletion(83)) - Chosen 0/5000 blocks from 0 candidate containers.
2023-07-26 19:46:38,209 [BlockDeletingService#2] INFO  interfaces.ContainerDeletionChoosingPolicyTemplate (ContainerDeletionChoosingPolicyTemplate.java:chooseContainerForBlockDeletion(83)) - Chosen 0/5000 blocks from 0 candidate containers.
2023-07-26 19:46:38,209 [BlockDeletingService#2] INFO  interfaces.ContainerDeletionChoosingPolicyTemplate (ContainerDeletionChoosingPolicyTemplate.java:chooseContainerForBlockDeletion(83)) - Chosen 0/5000 blocks from 0 candidate containers.
2023-07-26 19:46:38,277 [BlockDeletingService#4] INFO  interfaces.ContainerDeletionChoosingPolicyTemplate (ContainerDeletionChoosingPolicyTemplate.java:chooseContainerForBlockDeletion(83)) - Chosen 0/5000 blocks from 0 candidate containers.
2023-07-26 19:46:38,310 [BlockDeletingService#2] INFO  interfaces.ContainerDeletionChoosingPolicyTemplate (ContainerDeletionChoosingPolicyTemplate.java:chooseContainerForBlockDeletion(83)) - Chosen 0/5000 blocks from 0 candidate containers.
2023-07-26 19:46:38,312 [BlockDeletingService#2] INFO  interfaces.ContainerDeletionChoosingPolicyTemplate (ContainerDeletionChoosingPolicyTemplate.java:chooseContainerForBlockDeletion(83)) - Chosen 0/5000 blocks from 0 candidate containers.
2023-07-26 19:46:38,336 [main] INFO  utils.DatanodeStoreCache (DatanodeStoreCache.java:shutdownCache(110)) - Skip clearing cache in mini cluster mode. Entries left: [/home/runner/work/ozone/ozone/hadoop-ozone/integration-test/target/test-dir/MiniOzoneClusterImpl-7725ff52-e03b-4cac-b8cb-596b4b29adc0/datanode-0/data-0/containers/hdds/7725ff52-e03b-4cac-b8cb-596b4b29adc0/DS-40acd9e3-f0c1-4f10-b72c-9d66c091599d/container.db, /home/runner/work/ozone/ozone/hadoop-ozone/integration-test/target/test-dir/MiniOzoneClusterImpl-7725ff52-e03b-4cac-b8cb-596b4b29adc0/datanode-1/data-0/containers/hdds/7725ff52-e03b-4cac-b8cb-596b4b29adc0/DS-5b616d09-121c-491d-8b7c-e0b39bf50afd/container.db, /home/runner/work/ozone/ozone/hadoop-ozone/integration-test/target/test-dir/MiniOzoneClusterImpl-7725ff52-e03b-4cac-b8cb-596b4b29adc0/datanode-2/data-0/containers/hdds/7725ff52-e03b-4cac-b8cb-596b4b29adc0/DS-630d69b1-f6b7-46b5-b69a-9125654fb0ae/container.db]
2023-07-26 19:46:38,345 [main] INFO  utils.DatanodeStoreCache (DatanodeStoreCache.java:removeDB(104)) - Removed db /home/runner/work/ozone/ozone/hadoop-ozone/integration-test/target/test-dir/MiniOzoneClusterImpl-7725ff52-e03b-4cac-b8cb-596b4b29adc0/datanode-2/data-0/containers/hdds/7725ff52-e03b-4cac-b8cb-596b4b29adc0/DS-630d69b1-f6b7-46b5-b69a-9125654fb0ae/container.db from cache
2023-07-26 19:46:38,346 [main] INFO  volume.HddsVolume (HddsVolume.java:closeDbStore(453)) - SchemaV3 db is stopped at /home/runner/work/ozone/ozone/hadoop-ozone/integration-test/target/test-dir/MiniOzoneClusterImpl-7725ff52-e03b-4cac-b8cb-596b4b29adc0/datanode-2/data-0/containers/hdds/7725ff52-e03b-4cac-b8cb-596b4b29adc0/DS-630d69b1-f6b7-46b5-b69a-9125654fb0ae/container.db for volume DS-630d69b1-f6b7-46b5-b69a-9125654fb0ae
2023-07-26 19:46:38,346 [main] INFO  utils.BackgroundService (BackgroundService.java:shutdown(141)) - Shutting down service BlockDeletingService
2023-07-26 19:46:38,349 [main] INFO  utils.BackgroundService (BackgroundService.java:shutdown(141)) - Shutting down service StaleRecoveringContainerScrubbingService
2023-07-26 19:46:38,351 [main] INFO  statemachine.DatanodeStateMachine (DatanodeStateMachine.java:stopDaemon(620)) - Ozone container server stopped.
2023-07-26 19:46:38,367 [main] INFO  handler.ContextHandler (ContextHandler.java:doStop(1159)) - Stopped o.e.j.w.WebAppContext@4a38e868{hddsDatanode,/,null,STOPPED}{jar:file:/home/runner/.m2/repository/org/apache/ozone/hdds-container-service/1.4.0-SNAPSHOT/hdds-container-service-1.4.0-SNAPSHOT.jar!/webapps/hddsDatanode}
2023-07-26 19:46:38,371 [main] INFO  server.AbstractConnector (AbstractConnector.java:doStop(383)) - Stopped ServerConnector@37c34207{HTTP/1.1, (http/1.1)}{0.0.0.0:15027}
2023-07-26 19:46:38,371 [main] INFO  server.session (HouseKeeper.java:stopScavenging(149)) - node0 Stopped scavenging
2023-07-26 19:46:38,371 [main] INFO  handler.ContextHandler (ContextHandler.java:doStop(1159)) - Stopped o.e.j.s.ServletContextHandler@3cf8b6d5{static,/static,jar:file:/home/runner/.m2/repository/org/apache/ozone/hdds-container-service/1.4.0-SNAPSHOT/hdds-container-service-1.4.0-SNAPSHOT.jar!/webapps/static,STOPPED}
2023-07-26 19:46:38,372 [main] INFO  handler.ContextHandler (ContextHandler.java:doStop(1159)) - Stopped o.e.j.s.ServletContextHandler@6c748330{logs,/logs,file:///home/runner/work/ozone/ozone/hadoop-ozone/integration-test/target/log,STOPPED}
2023-07-26 19:46:38,378 [BlockDeletingService#4] INFO  interfaces.ContainerDeletionChoosingPolicyTemplate (ContainerDeletionChoosingPolicyTemplate.java:chooseContainerForBlockDeletion(83)) - Chosen 0/5000 blocks from 0 candidate containers.
2023-07-26 19:46:38,384 [main] INFO  ozone.HddsDatanodeClientProtocolServer (HddsDatanodeClientProtocolServer.java:stop(78)) - Stopping the RPC server for Client Protocol
2023-07-26 19:46:38,384 [main] INFO  ipc.Server (Server.java:stop(3523)) - Stopping server on 15028
2023-07-26 19:46:38,384 [IPC Server listener on 15028] INFO  ipc.Server (Server.java:run(1434)) - Stopping IPC Server listener on 15028
2023-07-26 19:46:38,394 [IPC Server Responder] INFO  ipc.Server (Server.java:run(1567)) - Stopping IPC Server Responder
2023-07-26 19:46:38,413 [BlockDeletingService#2] INFO  interfaces.ContainerDeletionChoosingPolicyTemplate (ContainerDeletionChoosingPolicyTemplate.java:chooseContainerForBlockDeletion(83)) - Chosen 0/5000 blocks from 0 candidate containers.
2023-07-26 19:46:38,482 [BlockDeletingService#4] INFO  interfaces.ContainerDeletionChoosingPolicyTemplate (ContainerDeletionChoosingPolicyTemplate.java:chooseContainerForBlockDeletion(83)) - Chosen 0/5000 blocks from 0 candidate containers.
2023-07-26 19:46:38,514 [BlockDeletingService#2] INFO  interfaces.ContainerDeletionChoosingPolicyTemplate (ContainerDeletionChoosingPolicyTemplate.java:chooseContainerForBlockDeletion(83)) - Chosen 0/5000 blocks from 0 candidate containers.
2023-07-26 19:46:38,567 [grpc-default-executor-5] WARN  server.GrpcLogAppender (LogUtils.java:warn(122)) - 4099cb2b-2e2e-4151-9db7-f99ade631412@group-1C7129A268B6->cc71d3b4-cf6a-416c-96eb-6097e97a8fe1-AppendLogResponseHandler: Failed appendEntries: org.apache.ratis.thirdparty.io.grpc.StatusRuntimeException: UNAVAILABLE: io exception
2023-07-26 19:46:38,567 [grpc-default-executor-1] WARN  server.GrpcLogAppender (LogUtils.java:warn(122)) - 4099cb2b-2e2e-4151-9db7-f99ade631412@group-1C7129A268B6->cc71d3b4-cf6a-416c-96eb-6097e97a8fe1-AppendLogResponseHandler: Failed appendEntries: org.apache.ratis.thirdparty.io.grpc.StatusRuntimeException: UNAVAILABLE: io exception
2023-07-26 19:46:38,568 [grpc-default-executor-5] WARN  server.GrpcLogAppender (GrpcLogAppender.java:resetClient(128)) - 4099cb2b-2e2e-4151-9db7-f99ade631412@group-1C7129A268B6->cc71d3b4-cf6a-416c-96eb-6097e97a8fe1-GrpcLogAppender: Follower failed when matchIndex == 0,  keep nextIndex (2) unchanged and retry.
2023-07-26 19:46:38,568 [grpc-default-executor-1] WARN  server.GrpcLogAppender (GrpcLogAppender.java:resetClient(128)) - 4099cb2b-2e2e-4151-9db7-f99ade631412@group-1C7129A268B6->cc71d3b4-cf6a-416c-96eb-6097e97a8fe1-GrpcLogAppender: Follower failed when matchIndex == 0,  keep nextIndex (2) unchanged and retry.
2023-07-26 19:46:38,583 [BlockDeletingService#4] INFO  interfaces.ContainerDeletionChoosingPolicyTemplate (ContainerDeletionChoosingPolicyTemplate.java:chooseContainerForBlockDeletion(83)) - Chosen 0/5000 blocks from 0 candidate containers.
2023-07-26 19:46:38,608 [grpc-default-executor-3] WARN  server.GrpcLogAppender (LogUtils.java:warn(122)) - 4099cb2b-2e2e-4151-9db7-f99ade631412@group-1C7129A268B6->cc71d3b4-cf6a-416c-96eb-6097e97a8fe1-AppendLogResponseHandler: Failed appendEntries: org.apache.ratis.thirdparty.io.grpc.StatusRuntimeException: UNAVAILABLE: io exception
2023-07-26 19:46:38,608 [grpc-default-executor-5] WARN  server.GrpcLogAppender (LogUtils.java:warn(122)) - 4099cb2b-2e2e-4151-9db7-f99ade631412@group-1C7129A268B6->cc71d3b4-cf6a-416c-96eb-6097e97a8fe1-AppendLogResponseHandler: Failed appendEntries: org.apache.ratis.thirdparty.io.grpc.StatusRuntimeException: UNAVAILABLE: io exception
2023-07-26 19:46:38,609 [grpc-default-executor-3] WARN  server.GrpcLogAppender (GrpcLogAppender.java:resetClient(128)) - 4099cb2b-2e2e-4151-9db7-f99ade631412@group-1C7129A268B6->cc71d3b4-cf6a-416c-96eb-6097e97a8fe1-GrpcLogAppender: Follower failed when matchIndex == 0,  keep nextIndex (3) unchanged and retry.
2023-07-26 19:46:38,609 [grpc-default-executor-5] WARN  server.GrpcLogAppender (GrpcLogAppender.java:resetClient(128)) - 4099cb2b-2e2e-4151-9db7-f99ade631412@group-1C7129A268B6->cc71d3b4-cf6a-416c-96eb-6097e97a8fe1-GrpcLogAppender: Follower failed when matchIndex == 0,  keep nextIndex (3) unchanged and retry.
2023-07-26 19:46:38,614 [BlockDeletingService#2] INFO  interfaces.ContainerDeletionChoosingPolicyTemplate (ContainerDeletionChoosingPolicyTemplate.java:chooseContainerForBlockDeletion(83)) - Chosen 0/5000 blocks from 0 candidate containers.
2023-07-26 19:46:38,684 [BlockDeletingService#4] INFO  interfaces.ContainerDeletionChoosingPolicyTemplate (ContainerDeletionChoosingPolicyTemplate.java:chooseContainerForBlockDeletion(83)) - Chosen 0/5000 blocks from 0 candidate containers.
2023-07-26 19:46:38,714 [BlockDeletingService#2] INFO  interfaces.ContainerDeletionChoosingPolicyTemplate (ContainerDeletionChoosingPolicyTemplate.java:chooseContainerForBlockDeletion(83)) - Chosen 0/5000 blocks from 0 candidate containers.
2023-07-26 19:46:38,784 [BlockDeletingService#4] INFO  interfaces.ContainerDeletionChoosingPolicyTemplate (ContainerDeletionChoosingPolicyTemplate.java:chooseContainerForBlockDeletion(83)) - Chosen 0/5000 blocks from 0 candidate containers.
2023-07-26 19:46:38,789 [grpc-default-executor-5] WARN  server.GrpcLogAppender (LogUtils.java:warn(122)) - 4099cb2b-2e2e-4151-9db7-f99ade631412@group-1C7129A268B6->cc71d3b4-cf6a-416c-96eb-6097e97a8fe1-AppendLogResponseHandler: Failed appendEntries: org.apache.ratis.thirdparty.io.grpc.StatusRuntimeException: UNAVAILABLE: io exception
2023-07-26 19:46:38,789 [grpc-default-executor-1] WARN  server.GrpcLogAppender (LogUtils.java:warn(122)) - 4099cb2b-2e2e-4151-9db7-f99ade631412@group-1C7129A268B6->cc71d3b4-cf6a-416c-96eb-6097e97a8fe1-AppendLogResponseHandler: Failed appendEntries: org.apache.ratis.thirdparty.io.grpc.StatusRuntimeException: UNAVAILABLE: io exception
2023-07-26 19:46:38,791 [grpc-default-executor-5] WARN  server.GrpcLogAppender (GrpcLogAppender.java:resetClient(128)) - 4099cb2b-2e2e-4151-9db7-f99ade631412@group-1C7129A268B6->cc71d3b4-cf6a-416c-96eb-6097e97a8fe1-GrpcLogAppender: Follower failed when matchIndex == 0,  keep nextIndex (4) unchanged and retry.
2023-07-26 19:46:38,791 [grpc-default-executor-1] WARN  server.GrpcLogAppender (GrpcLogAppender.java:resetClient(128)) - 4099cb2b-2e2e-4151-9db7-f99ade631412@group-1C7129A268B6->cc71d3b4-cf6a-416c-96eb-6097e97a8fe1-GrpcLogAppender: Follower failed when matchIndex == 0,  keep nextIndex (4) unchanged and retry.
2023-07-26 19:46:38,816 [BlockDeletingService#2] INFO  interfaces.ContainerDeletionChoosingPolicyTemplate (ContainerDeletionChoosingPolicyTemplate.java:chooseContainerForBlockDeletion(83)) - Chosen 0/5000 blocks from 0 candidate containers.
2023-07-26 19:46:38,885 [BlockDeletingService#4] INFO  interfaces.ContainerDeletionChoosingPolicyTemplate (ContainerDeletionChoosingPolicyTemplate.java:chooseContainerForBlockDeletion(83)) - Chosen 0/5000 blocks from 0 candidate containers.
2023-07-26 19:46:38,917 [BlockDeletingService#2] INFO  interfaces.ContainerDeletionChoosingPolicyTemplate (ContainerDeletionChoosingPolicyTemplate.java:chooseContainerForBlockDeletion(83)) - Chosen 0/5000 blocks from 0 candidate containers.
2023-07-26 19:46:38,920 [grpc-default-executor-5] WARN  server.GrpcLogAppender (LogUtils.java:warn(122)) - 4099cb2b-2e2e-4151-9db7-f99ade631412@group-1C7129A268B6->cc71d3b4-cf6a-416c-96eb-6097e97a8fe1-AppendLogResponseHandler: Failed appendEntries: org.apache.ratis.thirdparty.io.grpc.StatusRuntimeException: UNAVAILABLE: io exception
2023-07-26 19:46:38,921 [grpc-default-executor-5] WARN  server.GrpcLogAppender (GrpcLogAppender.java:resetClient(128)) - 4099cb2b-2e2e-4151-9db7-f99ade631412@group-1C7129A268B6->cc71d3b4-cf6a-416c-96eb-6097e97a8fe1-GrpcLogAppender: Follower failed when matchIndex == 0,  keep nextIndex (4) unchanged and retry.
2023-07-26 19:46:38,921 [grpc-default-executor-3] WARN  server.GrpcLogAppender (LogUtils.java:warn(122)) - 4099cb2b-2e2e-4151-9db7-f99ade631412@group-1C7129A268B6->cc71d3b4-cf6a-416c-96eb-6097e97a8fe1-AppendLogResponseHandler: Failed appendEntries: org.apache.ratis.thirdparty.io.grpc.StatusRuntimeException: UNAVAILABLE: io exception
2023-07-26 19:46:38,924 [grpc-default-executor-3] WARN  server.GrpcLogAppender (GrpcLogAppender.java:resetClient(128)) - 4099cb2b-2e2e-4151-9db7-f99ade631412@group-1C7129A268B6->cc71d3b4-cf6a-416c-96eb-6097e97a8fe1-GrpcLogAppender: Follower failed when matchIndex == 0,  keep nextIndex (4) unchanged and retry.
2023-07-26 19:46:38,929 [grpc-default-executor-3] WARN  server.GrpcLogAppender (LogUtils.java:warn(122)) - 4099cb2b-2e2e-4151-9db7-f99ade631412@group-1C7129A268B6->cc71d3b4-cf6a-416c-96eb-6097e97a8fe1-AppendLogResponseHandler: Failed appendEntries: org.apache.ratis.thirdparty.io.grpc.StatusRuntimeException: UNAVAILABLE: io exception
2023-07-26 19:46:38,934 [grpc-default-executor-1] WARN  server.GrpcLogAppender (LogUtils.java:warn(122)) - 4099cb2b-2e2e-4151-9db7-f99ade631412@group-1C7129A268B6->cc71d3b4-cf6a-416c-96eb-6097e97a8fe1-AppendLogResponseHandler: Failed appendEntries: org.apache.ratis.thirdparty.io.grpc.StatusRuntimeException: UNAVAILABLE: io exception
2023-07-26 19:46:38,938 [grpc-default-executor-3] WARN  server.GrpcLogAppender (GrpcLogAppender.java:resetClient(128)) - 4099cb2b-2e2e-4151-9db7-f99ade631412@group-1C7129A268B6->cc71d3b4-cf6a-416c-96eb-6097e97a8fe1-GrpcLogAppender: Follower failed when matchIndex == 0,  keep nextIndex (4) unchanged and retry.
2023-07-26 19:46:38,939 [grpc-default-executor-1] WARN  server.GrpcLogAppender (GrpcLogAppender.java:resetClient(128)) - 4099cb2b-2e2e-4151-9db7-f99ade631412@group-1C7129A268B6->cc71d3b4-cf6a-416c-96eb-6097e97a8fe1-GrpcLogAppender: Follower failed when matchIndex == 0,  keep nextIndex (4) unchanged and retry.
2023-07-26 19:46:38,985 [BlockDeletingService#4] INFO  interfaces.ContainerDeletionChoosingPolicyTemplate (ContainerDeletionChoosingPolicyTemplate.java:chooseContainerForBlockDeletion(83)) - Chosen 0/5000 blocks from 0 candidate containers.
2023-07-26 19:46:39,018 [BlockDeletingService#2] INFO  interfaces.ContainerDeletionChoosingPolicyTemplate (ContainerDeletionChoosingPolicyTemplate.java:chooseContainerForBlockDeletion(83)) - Chosen 0/5000 blocks from 0 candidate containers.
2023-07-26 19:46:39,085 [BlockDeletingService#4] INFO  interfaces.ContainerDeletionChoosingPolicyTemplate (ContainerDeletionChoosingPolicyTemplate.java:chooseContainerForBlockDeletion(83)) - Chosen 0/5000 blocks from 0 candidate containers.
2023-07-26 19:46:39,118 [BlockDeletingService#2] INFO  interfaces.ContainerDeletionChoosingPolicyTemplate (ContainerDeletionChoosingPolicyTemplate.java:chooseContainerForBlockDeletion(83)) - Chosen 0/5000 blocks from 0 candidate containers.
2023-07-26 19:46:39,186 [BlockDeletingService#4] INFO  interfaces.ContainerDeletionChoosingPolicyTemplate (ContainerDeletionChoosingPolicyTemplate.java:chooseContainerForBlockDeletion(83)) - Chosen 0/5000 blocks from 0 candidate containers.
2023-07-26 19:46:39,219 [BlockDeletingService#2] INFO  interfaces.ContainerDeletionChoosingPolicyTemplate (ContainerDeletionChoosingPolicyTemplate.java:chooseContainerForBlockDeletion(83)) - Chosen 0/5000 blocks from 0 candidate containers.
2023-07-26 19:46:39,286 [BlockDeletingService#4] INFO  interfaces.ContainerDeletionChoosingPolicyTemplate (ContainerDeletionChoosingPolicyTemplate.java:chooseContainerForBlockDeletion(83)) - Chosen 0/5000 blocks from 0 candidate containers.
2023-07-26 19:46:39,319 [BlockDeletingService#2] INFO  interfaces.ContainerDeletionChoosingPolicyTemplate (ContainerDeletionChoosingPolicyTemplate.java:chooseContainerForBlockDeletion(83)) - Chosen 0/5000 blocks from 0 candidate containers.
2023-07-26 19:46:39,387 [BlockDeletingService#4] INFO  interfaces.ContainerDeletionChoosingPolicyTemplate (ContainerDeletionChoosingPolicyTemplate.java:chooseContainerForBlockDeletion(83)) - Chosen 0/5000 blocks from 0 candidate containers.
2023-07-26 19:46:39,422 [BlockDeletingService#2] INFO  interfaces.ContainerDeletionChoosingPolicyTemplate (ContainerDeletionChoosingPolicyTemplate.java:chooseContainerForBlockDeletion(83)) - Chosen 0/5000 blocks from 0 candidate containers.
2023-07-26 19:46:39,487 [BlockDeletingService#4] INFO  interfaces.ContainerDeletionChoosingPolicyTemplate (ContainerDeletionChoosingPolicyTemplate.java:chooseContainerForBlockDeletion(83)) - Chosen 0/5000 blocks from 0 candidate containers.
2023-07-26 19:46:39,522 [BlockDeletingService#2] INFO  interfaces.ContainerDeletionChoosingPolicyTemplate (ContainerDeletionChoosingPolicyTemplate.java:chooseContainerForBlockDeletion(83)) - Chosen 0/5000 blocks from 0 candidate containers.
2023-07-26 19:46:39,588 [BlockDeletingService#4] INFO  interfaces.ContainerDeletionChoosingPolicyTemplate (ContainerDeletionChoosingPolicyTemplate.java:chooseContainerForBlockDeletion(83)) - Chosen 0/5000 blocks from 0 candidate containers.
2023-07-26 19:46:39,623 [BlockDeletingService#2] INFO  interfaces.ContainerDeletionChoosingPolicyTemplate (ContainerDeletionChoosingPolicyTemplate.java:chooseContainerForBlockDeletion(83)) - Chosen 0/5000 blocks from 0 candidate containers.
2023-07-26 19:46:39,688 [BlockDeletingService#4] INFO  interfaces.ContainerDeletionChoosingPolicyTemplate (ContainerDeletionChoosingPolicyTemplate.java:chooseContainerForBlockDeletion(83)) - Chosen 0/5000 blocks from 0 candidate containers.
2023-07-26 19:46:39,726 [BlockDeletingService#2] INFO  interfaces.ContainerDeletionChoosingPolicyTemplate (ContainerDeletionChoosingPolicyTemplate.java:chooseContainerForBlockDeletion(83)) - Chosen 0/5000 blocks from 0 candidate containers.
2023-07-26 19:46:39,792 [BlockDeletingService#4] INFO  interfaces.ContainerDeletionChoosingPolicyTemplate (ContainerDeletionChoosingPolicyTemplate.java:chooseContainerForBlockDeletion(83)) - Chosen 0/5000 blocks from 0 candidate containers.
2023-07-26 19:46:39,826 [BlockDeletingService#2] INFO  interfaces.ContainerDeletionChoosingPolicyTemplate (ContainerDeletionChoosingPolicyTemplate.java:chooseContainerForBlockDeletion(83)) - Chosen 0/5000 blocks from 0 candidate containers.
2023-07-26 19:46:39,892 [BlockDeletingService#4] INFO  interfaces.ContainerDeletionChoosingPolicyTemplate (ContainerDeletionChoosingPolicyTemplate.java:chooseContainerForBlockDeletion(83)) - Chosen 0/5000 blocks from 0 candidate containers.
2023-07-26 19:46:39,927 [BlockDeletingService#2] INFO  interfaces.ContainerDeletionChoosingPolicyTemplate (ContainerDeletionChoosingPolicyTemplate.java:chooseContainerForBlockDeletion(83)) - Chosen 0/5000 blocks from 0 candidate containers.
2023-07-26 19:46:39,993 [BlockDeletingService#4] INFO  interfaces.ContainerDeletionChoosingPolicyTemplate (ContainerDeletionChoosingPolicyTemplate.java:chooseContainerForBlockDeletion(83)) - Chosen 0/5000 blocks from 0 candidate containers.
2023-07-26 19:46:40,027 [BlockDeletingService#2] INFO  interfaces.ContainerDeletionChoosingPolicyTemplate (ContainerDeletionChoosingPolicyTemplate.java:chooseContainerForBlockDeletion(83)) - Chosen 0/5000 blocks from 0 candidate containers.
2023-07-26 19:46:40,093 [BlockDeletingService#4] INFO  interfaces.ContainerDeletionChoosingPolicyTemplate (ContainerDeletionChoosingPolicyTemplate.java:chooseContainerForBlockDeletion(83)) - Chosen 0/5000 blocks from 0 candidate containers.
2023-07-26 19:46:40,128 [BlockDeletingService#2] INFO  interfaces.ContainerDeletionChoosingPolicyTemplate (ContainerDeletionChoosingPolicyTemplate.java:chooseContainerForBlockDeletion(83)) - Chosen 0/5000 blocks from 0 candidate containers.
2023-07-26 19:46:40,181 [grpc-default-executor-1] WARN  server.GrpcLogAppender (LogUtils.java:warn(122)) - 4099cb2b-2e2e-4151-9db7-f99ade631412@group-1C7129A268B6->cc71d3b4-cf6a-416c-96eb-6097e97a8fe1-AppendLogResponseHandler: Failed appendEntries: org.apache.ratis.thirdparty.io.grpc.StatusRuntimeException: UNAVAILABLE: io exception
2023-07-26 19:46:40,182 [grpc-default-executor-1] WARN  server.GrpcLogAppender (GrpcLogAppender.java:resetClient(128)) - 4099cb2b-2e2e-4151-9db7-f99ade631412@group-1C7129A268B6->cc71d3b4-cf6a-416c-96eb-6097e97a8fe1-GrpcLogAppender: Follower failed when matchIndex == 0,  keep nextIndex (4) unchanged and retry.
2023-07-26 19:46:40,182 [grpc-default-executor-3] WARN  server.GrpcLogAppender (LogUtils.java:warn(122)) - 4099cb2b-2e2e-4151-9db7-f99ade631412@group-1C7129A268B6->cc71d3b4-cf6a-416c-96eb-6097e97a8fe1-AppendLogResponseHandler: Failed appendEntries: org.apache.ratis.thirdparty.io.grpc.StatusRuntimeException: UNAVAILABLE: io exception
2023-07-26 19:46:40,183 [grpc-default-executor-3] WARN  server.GrpcLogAppender (GrpcLogAppender.java:resetClient(128)) - 4099cb2b-2e2e-4151-9db7-f99ade631412@group-1C7129A268B6->cc71d3b4-cf6a-416c-96eb-6097e97a8fe1-GrpcLogAppender: Follower failed when matchIndex == 0,  keep nextIndex (4) unchanged and retry.
2023-07-26 19:46:40,193 [BlockDeletingService#4] INFO  interfaces.ContainerDeletionChoosingPolicyTemplate (ContainerDeletionChoosingPolicyTemplate.java:chooseContainerForBlockDeletion(83)) - Chosen 0/5000 blocks from 0 candidate containers.
2023-07-26 19:46:40,228 [BlockDeletingService#2] INFO  interfaces.ContainerDeletionChoosingPolicyTemplate (ContainerDeletionChoosingPolicyTemplate.java:chooseContainerForBlockDeletion(83)) - Chosen 0/5000 blocks from 0 candidate containers.
2023-07-26 19:46:40,294 [BlockDeletingService#4] INFO  interfaces.ContainerDeletionChoosingPolicyTemplate (ContainerDeletionChoosingPolicyTemplate.java:chooseContainerForBlockDeletion(83)) - Chosen 0/5000 blocks from 0 candidate containers.
2023-07-26 19:46:40,328 [BlockDeletingService#2] INFO  interfaces.ContainerDeletionChoosingPolicyTemplate (ContainerDeletionChoosingPolicyTemplate.java:chooseContainerForBlockDeletion(83)) - Chosen 0/5000 blocks from 0 candidate containers.
2023-07-26 19:46:40,394 [BlockDeletingService#4] INFO  interfaces.ContainerDeletionChoosingPolicyTemplate (ContainerDeletionChoosingPolicyTemplate.java:chooseContainerForBlockDeletion(83)) - Chosen 0/5000 blocks from 0 candidate containers.
2023-07-26 19:46:40,429 [BlockDeletingService#2] INFO  interfaces.ContainerDeletionChoosingPolicyTemplate (ContainerDeletionChoosingPolicyTemplate.java:chooseContainerForBlockDeletion(83)) - Chosen 0/5000 blocks from 0 candidate containers.
2023-07-26 19:46:40,495 [BlockDeletingService#4] INFO  interfaces.ContainerDeletionChoosingPolicyTemplate (ContainerDeletionChoosingPolicyTemplate.java:chooseContainerForBlockDeletion(83)) - Chosen 0/5000 blocks from 0 candidate containers.
2023-07-26 19:46:40,529 [BlockDeletingService#2] INFO  interfaces.ContainerDeletionChoosingPolicyTemplate (ContainerDeletionChoosingPolicyTemplate.java:chooseContainerForBlockDeletion(83)) - Chosen 0/5000 blocks from 0 candidate containers.
2023-07-26 19:46:40,595 [BlockDeletingService#4] INFO  interfaces.ContainerDeletionChoosingPolicyTemplate (ContainerDeletionChoosingPolicyTemplate.java:chooseContainerForBlockDeletion(83)) - Chosen 0/5000 blocks from 0 candidate containers.
2023-07-26 19:46:40,630 [BlockDeletingService#2] INFO  interfaces.ContainerDeletionChoosingPolicyTemplate (ContainerDeletionChoosingPolicyTemplate.java:chooseContainerForBlockDeletion(83)) - Chosen 0/5000 blocks from 0 candidate containers.
2023-07-26 19:46:40,696 [BlockDeletingService#4] INFO  interfaces.ContainerDeletionChoosingPolicyTemplate (ContainerDeletionChoosingPolicyTemplate.java:chooseContainerForBlockDeletion(83)) - Chosen 0/5000 blocks from 0 candidate containers.
2023-07-26 19:46:40,731 [BlockDeletingService#2] INFO  interfaces.ContainerDeletionChoosingPolicyTemplate (ContainerDeletionChoosingPolicyTemplate.java:chooseContainerForBlockDeletion(83)) - Chosen 0/5000 blocks from 0 candidate containers.
2023-07-26 19:46:40,796 [BlockDeletingService#4] INFO  interfaces.ContainerDeletionChoosingPolicyTemplate (ContainerDeletionChoosingPolicyTemplate.java:chooseContainerForBlockDeletion(83)) - Chosen 0/5000 blocks from 0 candidate containers.
2023-07-26 19:46:40,831 [BlockDeletingService#2] INFO  interfaces.ContainerDeletionChoosingPolicyTemplate (ContainerDeletionChoosingPolicyTemplate.java:chooseContainerForBlockDeletion(83)) - Chosen 0/5000 blocks from 0 candidate containers.
2023-07-26 19:46:40,896 [BlockDeletingService#4] INFO  interfaces.ContainerDeletionChoosingPolicyTemplate (ContainerDeletionChoosingPolicyTemplate.java:chooseContainerForBlockDeletion(83)) - Chosen 0/5000 blocks from 0 candidate containers.
2023-07-26 19:46:40,931 [BlockDeletingService#2] INFO  interfaces.ContainerDeletionChoosingPolicyTemplate (ContainerDeletionChoosingPolicyTemplate.java:chooseContainerForBlockDeletion(83)) - Chosen 0/5000 blocks from 0 candidate containers.
2023-07-26 19:46:40,997 [BlockDeletingService#4] INFO  interfaces.ContainerDeletionChoosingPolicyTemplate (ContainerDeletionChoosingPolicyTemplate.java:chooseContainerForBlockDeletion(83)) - Chosen 0/5000 blocks from 0 candidate containers.
2023-07-26 19:46:41,032 [BlockDeletingService#2] INFO  interfaces.ContainerDeletionChoosingPolicyTemplate (ContainerDeletionChoosingPolicyTemplate.java:chooseContainerForBlockDeletion(83)) - Chosen 0/5000 blocks from 0 candidate containers.
2023-07-26 19:46:41,097 [BlockDeletingService#4] INFO  interfaces.ContainerDeletionChoosingPolicyTemplate (ContainerDeletionChoosingPolicyTemplate.java:chooseContainerForBlockDeletion(83)) - Chosen 0/5000 blocks from 0 candidate containers.
2023-07-26 19:46:41,132 [BlockDeletingService#2] INFO  interfaces.ContainerDeletionChoosingPolicyTemplate (ContainerDeletionChoosingPolicyTemplate.java:chooseContainerForBlockDeletion(83)) - Chosen 0/5000 blocks from 0 candidate containers.
2023-07-26 19:46:41,198 [BlockDeletingService#4] INFO  interfaces.ContainerDeletionChoosingPolicyTemplate (ContainerDeletionChoosingPolicyTemplate.java:chooseContainerForBlockDeletion(83)) - Chosen 0/5000 blocks from 0 candidate containers.
2023-07-26 19:46:41,232 [BlockDeletingService#2] INFO  interfaces.ContainerDeletionChoosingPolicyTemplate (ContainerDeletionChoosingPolicyTemplate.java:chooseContainerForBlockDeletion(83)) - Chosen 0/5000 blocks from 0 candidate containers.
2023-07-26 19:46:41,300 [BlockDeletingService#4] INFO  interfaces.ContainerDeletionChoosingPolicyTemplate (ContainerDeletionChoosingPolicyTemplate.java:chooseContainerForBlockDeletion(83)) - Chosen 0/5000 blocks from 0 candidate containers.
2023-07-26 19:46:41,333 [BlockDeletingService#2] INFO  interfaces.ContainerDeletionChoosingPolicyTemplate (ContainerDeletionChoosingPolicyTemplate.java:chooseContainerForBlockDeletion(83)) - Chosen 0/5000 blocks from 0 candidate containers.
2023-07-26 19:46:41,400 [BlockDeletingService#4] INFO  interfaces.ContainerDeletionChoosingPolicyTemplate (ContainerDeletionChoosingPolicyTemplate.java:chooseContainerForBlockDeletion(83)) - Chosen 0/5000 blocks from 0 candidate containers.
2023-07-26 19:46:41,426 [grpc-default-executor-3] WARN  server.GrpcLogAppender (LogUtils.java:warn(122)) - 4099cb2b-2e2e-4151-9db7-f99ade631412@group-1C7129A268B6->cc71d3b4-cf6a-416c-96eb-6097e97a8fe1-AppendLogResponseHandler: Failed appendEntries: org.apache.ratis.thirdparty.io.grpc.StatusRuntimeException: UNAVAILABLE: io exception
2023-07-26 19:46:41,427 [grpc-default-executor-1] WARN  server.GrpcLogAppender (LogUtils.java:warn(122)) - 4099cb2b-2e2e-4151-9db7-f99ade631412@group-1C7129A268B6->cc71d3b4-cf6a-416c-96eb-6097e97a8fe1-AppendLogResponseHandler: Failed appendEntries: org.apache.ratis.thirdparty.io.grpc.StatusRuntimeException: UNAVAILABLE: io exception
2023-07-26 19:46:41,428 [grpc-default-executor-3] WARN  server.GrpcLogAppender (GrpcLogAppender.java:resetClient(128)) - 4099cb2b-2e2e-4151-9db7-f99ade631412@group-1C7129A268B6->cc71d3b4-cf6a-416c-96eb-6097e97a8fe1-GrpcLogAppender: Follower failed when matchIndex == 0,  keep nextIndex (4) unchanged and retry.
2023-07-26 19:46:41,432 [grpc-default-executor-1] WARN  server.GrpcLogAppender (GrpcLogAppender.java:resetClient(128)) - 4099cb2b-2e2e-4151-9db7-f99ade631412@group-1C7129A268B6->cc71d3b4-cf6a-416c-96eb-6097e97a8fe1-GrpcLogAppender: Follower failed when matchIndex == 0,  keep nextIndex (4) unchanged and retry.
2023-07-26 19:46:41,434 [grpc-default-executor-5] WARN  server.GrpcLogAppender (LogUtils.java:warn(122)) - 4099cb2b-2e2e-4151-9db7-f99ade631412@group-1C7129A268B6->cc71d3b4-cf6a-416c-96eb-6097e97a8fe1-AppendLogResponseHandler: Failed appendEntries: org.apache.ratis.thirdparty.io.grpc.StatusRuntimeException: UNAVAILABLE: io exception
2023-07-26 19:46:41,434 [BlockDeletingService#2] INFO  interfaces.ContainerDeletionChoosingPolicyTemplate (ContainerDeletionChoosingPolicyTemplate.java:chooseContainerForBlockDeletion(83)) - Chosen 0/5000 blocks from 0 candidate containers.
2023-07-26 19:46:41,435 [grpc-default-executor-5] WARN  server.GrpcLogAppender (GrpcLogAppender.java:resetClient(128)) - 4099cb2b-2e2e-4151-9db7-f99ade631412@group-1C7129A268B6->cc71d3b4-cf6a-416c-96eb-6097e97a8fe1-GrpcLogAppender: Follower failed when matchIndex == 0,  keep nextIndex (4) unchanged and retry.
2023-07-26 19:46:41,436 [grpc-default-executor-3] WARN  server.GrpcLogAppender (LogUtils.java:warn(122)) - 4099cb2b-2e2e-4151-9db7-f99ade631412@group-1C7129A268B6->cc71d3b4-cf6a-416c-96eb-6097e97a8fe1-AppendLogResponseHandler: Failed appendEntries: org.apache.ratis.thirdparty.io.grpc.StatusRuntimeException: UNAVAILABLE: io exception
2023-07-26 19:46:41,437 [grpc-default-executor-3] WARN  server.GrpcLogAppender (GrpcLogAppender.java:resetClient(128)) - 4099cb2b-2e2e-4151-9db7-f99ade631412@group-1C7129A268B6->cc71d3b4-cf6a-416c-96eb-6097e97a8fe1-GrpcLogAppender: Follower failed when matchIndex == 0,  keep nextIndex (4) unchanged and retry.
2023-07-26 19:46:41,501 [BlockDeletingService#4] INFO  interfaces.ContainerDeletionChoosingPolicyTemplate (ContainerDeletionChoosingPolicyTemplate.java:chooseContainerForBlockDeletion(83)) - Chosen 0/5000 blocks from 0 candidate containers.
2023-07-26 19:46:41,534 [BlockDeletingService#2] INFO  interfaces.ContainerDeletionChoosingPolicyTemplate (ContainerDeletionChoosingPolicyTemplate.java:chooseContainerForBlockDeletion(83)) - Chosen 0/5000 blocks from 0 candidate containers.
2023-07-26 19:46:41,601 [BlockDeletingService#4] INFO  interfaces.ContainerDeletionChoosingPolicyTemplate (ContainerDeletionChoosingPolicyTemplate.java:chooseContainerForBlockDeletion(83)) - Chosen 0/5000 blocks from 0 candidate containers.
2023-07-26 19:46:41,635 [BlockDeletingService#2] INFO  interfaces.ContainerDeletionChoosingPolicyTemplate (ContainerDeletionChoosingPolicyTemplate.java:chooseContainerForBlockDeletion(83)) - Chosen 0/5000 blocks from 0 candidate containers.
2023-07-26 19:46:41,701 [BlockDeletingService#4] INFO  interfaces.ContainerDeletionChoosingPolicyTemplate (ContainerDeletionChoosingPolicyTemplate.java:chooseContainerForBlockDeletion(83)) - Chosen 0/5000 blocks from 0 candidate containers.
2023-07-26 19:46:41,735 [BlockDeletingService#2] INFO  interfaces.ContainerDeletionChoosingPolicyTemplate (ContainerDeletionChoosingPolicyTemplate.java:chooseContainerForBlockDeletion(83)) - Chosen 0/5000 blocks from 0 candidate containers.
2023-07-26 19:46:41,806 [BlockDeletingService#4] INFO  interfaces.ContainerDeletionChoosingPolicyTemplate (ContainerDeletionChoosingPolicyTemplate.java:chooseContainerForBlockDeletion(83)) - Chosen 0/5000 blocks from 0 candidate containers.
2023-07-26 19:46:41,836 [BlockDeletingService#2] INFO  interfaces.ContainerDeletionChoosingPolicyTemplate (ContainerDeletionChoosingPolicyTemplate.java:chooseContainerForBlockDeletion(83)) - Chosen 0/5000 blocks from 0 candidate containers.
2023-07-26 19:46:41,907 [BlockDeletingService#4] INFO  interfaces.ContainerDeletionChoosingPolicyTemplate (ContainerDeletionChoosingPolicyTemplate.java:chooseContainerForBlockDeletion(83)) - Chosen 0/5000 blocks from 0 candidate containers.
2023-07-26 19:46:41,936 [BlockDeletingService#2] INFO  interfaces.ContainerDeletionChoosingPolicyTemplate (ContainerDeletionChoosingPolicyTemplate.java:chooseContainerForBlockDeletion(83)) - Chosen 0/5000 blocks from 0 candidate containers.
2023-07-26 19:46:42,007 [BlockDeletingService#4] INFO  interfaces.ContainerDeletionChoosingPolicyTemplate (ContainerDeletionChoosingPolicyTemplate.java:chooseContainerForBlockDeletion(83)) - Chosen 0/5000 blocks from 0 candidate containers.
2023-07-26 19:46:42,037 [BlockDeletingService#2] INFO  interfaces.ContainerDeletionChoosingPolicyTemplate (ContainerDeletionChoosingPolicyTemplate.java:chooseContainerForBlockDeletion(83)) - Chosen 0/5000 blocks from 0 candidate containers.
2023-07-26 19:46:42,107 [BlockDeletingService#4] INFO  interfaces.ContainerDeletionChoosingPolicyTemplate (ContainerDeletionChoosingPolicyTemplate.java:chooseContainerForBlockDeletion(83)) - Chosen 0/5000 blocks from 0 candidate containers.
2023-07-26 19:46:42,137 [BlockDeletingService#2] INFO  interfaces.ContainerDeletionChoosingPolicyTemplate (ContainerDeletionChoosingPolicyTemplate.java:chooseContainerForBlockDeletion(83)) - Chosen 0/5000 blocks from 0 candidate containers.
2023-07-26 19:46:42,208 [BlockDeletingService#4] INFO  interfaces.ContainerDeletionChoosingPolicyTemplate (ContainerDeletionChoosingPolicyTemplate.java:chooseContainerForBlockDeletion(83)) - Chosen 0/5000 blocks from 0 candidate containers.
2023-07-26 19:46:42,238 [BlockDeletingService#2] INFO  interfaces.ContainerDeletionChoosingPolicyTemplate (ContainerDeletionChoosingPolicyTemplate.java:chooseContainerForBlockDeletion(83)) - Chosen 0/5000 blocks from 0 candidate containers.
2023-07-26 19:46:42,308 [BlockDeletingService#4] INFO  interfaces.ContainerDeletionChoosingPolicyTemplate (ContainerDeletionChoosingPolicyTemplate.java:chooseContainerForBlockDeletion(83)) - Chosen 0/5000 blocks from 0 candidate containers.
2023-07-26 19:46:42,338 [BlockDeletingService#2] INFO  interfaces.ContainerDeletionChoosingPolicyTemplate (ContainerDeletionChoosingPolicyTemplate.java:chooseContainerForBlockDeletion(83)) - Chosen 0/5000 blocks from 0 candidate containers.
2023-07-26 19:46:42,408 [BlockDeletingService#4] INFO  interfaces.ContainerDeletionChoosingPolicyTemplate (ContainerDeletionChoosingPolicyTemplate.java:chooseContainerForBlockDeletion(83)) - Chosen 0/5000 blocks from 0 candidate containers.
2023-07-26 19:46:42,415 [null-request--thread1] INFO  server.GrpcClientProtocolService (GrpcClientProtocolService.java:lambda$processClientRequest$0(284)) - Failed RaftClientRequest:client-B3B44D630451->4099cb2b-2e2e-4151-9db7-f99ade631412@group-1C7129A268B6, cid=9, seq=0, Watch-ALL_COMMITTED(2), Message:<EMPTY>, reply=RaftClientReply:client-B3B44D630451->4099cb2b-2e2e-4151-9db7-f99ade631412@group-1C7129A268B6, cid=9, FAILED org.apache.ratis.protocol.exceptions.NotReplicatedException: Request with call Id 9 and log index 2 is not yet replicated to ALL_COMMITTED, logIndex=2, commits[4099cb2b-2e2e-4151-9db7-f99ade631412:c3, cc71d3b4-cf6a-416c-96eb-6097e97a8fe1:c-1, c33e49d7-aab4-4e8b-84a2-e80ab64b386a:c3]
2023-07-26 19:46:42,423 [main] WARN  scm.XceiverClientRatis (XceiverClientRatis.java:watchForCommit(290)) - 3 way commit failed on pipeline Pipeline[ Id: 5bbdc32e-28b0-403e-8d78-1c7129a268b6, Nodes: c33e49d7-aab4-4e8b-84a2-e80ab64b386a(fv-az465-709/10.1.0.48)4099cb2b-2e2e-4151-9db7-f99ade631412(fv-az465-709/10.1.0.48)cc71d3b4-cf6a-416c-96eb-6097e97a8fe1(fv-az465-709/10.1.0.48), ReplicationConfig: RATIS/THREE, State:OPEN, leaderId:4099cb2b-2e2e-4151-9db7-f99ade631412, CreationTimestamp2023-07-26T19:46:26.166Z[Etc/UTC]]
java.util.concurrent.ExecutionException: org.apache.ratis.protocol.exceptions.NotReplicatedException: Request with call Id 9 and log index 2 is not yet replicated to ALL_COMMITTED
	at java.util.concurrent.CompletableFuture.reportGet(CompletableFuture.java:357)
	at java.util.concurrent.CompletableFuture.get(CompletableFuture.java:1908)
	at org.apache.hadoop.hdds.scm.XceiverClientRatis.watchForCommit(XceiverClientRatis.java:284)
	at org.apache.hadoop.hdds.scm.storage.CommitWatcher.watchForCommit(CommitWatcher.java:199)
	at org.apache.hadoop.hdds.scm.storage.CommitWatcher.watchOnLastIndex(CommitWatcher.java:166)
	at org.apache.hadoop.hdds.scm.storage.RatisBlockOutputStream.sendWatchForCommit(RatisBlockOutputStream.java:106)
	at org.apache.hadoop.hdds.scm.storage.BlockOutputStream.watchForCommit(BlockOutputStream.java:417)
	at org.apache.hadoop.hdds.scm.storage.BlockOutputStream.handleFlushInternal(BlockOutputStream.java:583)
	at org.apache.hadoop.hdds.scm.storage.BlockOutputStream.handleFlush(BlockOutputStream.java:545)
	at org.apache.hadoop.hdds.scm.storage.BlockOutputStream.close(BlockOutputStream.java:596)
	at org.apache.hadoop.ozone.client.io.BlockOutputStreamEntry.close(BlockOutputStreamEntry.java:158)
	at org.apache.hadoop.ozone.client.io.KeyOutputStream.handleStreamAction(KeyOutputStream.java:523)
	at org.apache.hadoop.ozone.client.io.KeyOutputStream.handleFlushOrClose(KeyOutputStream.java:497)
	at org.apache.hadoop.ozone.client.io.KeyOutputStream.close(KeyOutputStream.java:553)
	at org.apache.hadoop.ozone.client.io.OzoneOutputStream.close(OzoneOutputStream.java:86)
	at org.apache.hadoop.ozone.client.rpc.TestDeleteWithSlowFollower.testDeleteKeyWithSlowFollower(TestDeleteWithSlowFollower.java:245)
	at sun.reflect.NativeMethodAccessorImpl.invoke0(Native Method)
	at sun.reflect.NativeMethodAccessorImpl.invoke(NativeMethodAccessorImpl.java:62)
	at sun.reflect.DelegatingMethodAccessorImpl.invoke(DelegatingMethodAccessorImpl.java:43)
	at java.lang.reflect.Method.invoke(Method.java:498)
	at org.junit.runners.model.FrameworkMethod$1.runReflectiveCall(FrameworkMethod.java:59)
	at org.junit.internal.runners.model.ReflectiveCallable.run(ReflectiveCallable.java:12)
	at org.junit.runners.model.FrameworkMethod.invokeExplosively(FrameworkMethod.java:56)
	at org.junit.internal.runners.statements.InvokeMethod.evaluate(InvokeMethod.java:17)
	at org.junit.runners.ParentRunner$3.evaluate(ParentRunner.java:306)
	at org.junit.runners.BlockJUnit4ClassRunner$1.evaluate(BlockJUnit4ClassRunner.java:100)
	at org.junit.runners.ParentRunner.runLeaf(ParentRunner.java:366)
	at org.junit.runners.BlockJUnit4ClassRunner.runChild(BlockJUnit4ClassRunner.java:103)
	at org.junit.runners.BlockJUnit4ClassRunner.runChild(BlockJUnit4ClassRunner.java:63)
	at org.junit.runners.ParentRunner$4.run(ParentRunner.java:331)
	at org.junit.runners.ParentRunner$1.schedule(ParentRunner.java:79)
	at org.junit.runners.ParentRunner.runChildren(ParentRunner.java:329)
	at org.junit.runners.ParentRunner.access$100(ParentRunner.java:66)
	at org.junit.runners.ParentRunner$2.evaluate(ParentRunner.java:293)
	at org.junit.internal.runners.statements.RunBefores.evaluate(RunBefores.java:26)
	at org.junit.internal.runners.statements.RunAfters.evaluate(RunAfters.java:27)
	at org.junit.runners.ParentRunner$3.evaluate(ParentRunner.java:306)
	at org.junit.runners.ParentRunner.run(ParentRunner.java:413)
	at org.junit.runner.JUnitCore.run(JUnitCore.java:137)
	at org.junit.runner.JUnitCore.run(JUnitCore.java:115)
	at org.junit.vintage.engine.execution.RunnerExecutor.execute(RunnerExecutor.java:42)
	at org.junit.vintage.engine.VintageTestEngine.executeAllChildren(VintageTestEngine.java:80)
	at org.junit.vintage.engine.VintageTestEngine.execute(VintageTestEngine.java:72)
	at org.junit.platform.launcher.core.EngineExecutionOrchestrator.execute(EngineExecutionOrchestrator.java:107)
	at org.junit.platform.launcher.core.EngineExecutionOrchestrator.execute(EngineExecutionOrchestrator.java:88)
	at org.junit.platform.launcher.core.EngineExecutionOrchestrator.lambda$execute$0(EngineExecutionOrchestrator.java:54)
	at org.junit.platform.launcher.core.EngineExecutionOrchestrator.withInterceptedStreams(EngineExecutionOrchestrator.java:67)
	at org.junit.platform.launcher.core.EngineExecutionOrchestrator.execute(EngineExecutionOrchestrator.java:52)
	at org.junit.platform.launcher.core.DefaultLauncher.execute(DefaultLauncher.java:114)
	at org.junit.platform.launcher.core.DefaultLauncher.execute(DefaultLauncher.java:86)
	at org.junit.platform.launcher.core.DefaultLauncherSession$DelegatingLauncher.execute(DefaultLauncherSession.java:86)
	at org.junit.platform.launcher.core.SessionPerRequestLauncher.execute(SessionPerRequestLauncher.java:53)
	at org.apache.maven.surefire.junitplatform.JUnitPlatformProvider.execute(JUnitPlatformProvider.java:188)
	at org.apache.maven.surefire.junitplatform.JUnitPlatformProvider.invokeAllTests(JUnitPlatformProvider.java:154)
	at org.apache.maven.surefire.junitplatform.JUnitPlatformProvider.invoke(JUnitPlatformProvider.java:124)
	at org.apache.maven.surefire.booter.ForkedBooter.runSuitesInProcess(ForkedBooter.java:428)
	at org.apache.maven.surefire.booter.ForkedBooter.execute(ForkedBooter.java:162)
	at org.apache.maven.surefire.booter.ForkedBooter.run(ForkedBooter.java:562)
	at org.apache.maven.surefire.booter.ForkedBooter.main(ForkedBooter.java:548)
Caused by: org.apache.ratis.protocol.exceptions.NotReplicatedException: Request with call Id 9 and log index 2 is not yet replicated to ALL_COMMITTED
	at org.apache.ratis.client.impl.ClientProtoUtils.toRaftClientReply(ClientProtoUtils.java:434)
	at org.apache.ratis.grpc.client.GrpcClientProtocolClient$AsyncStreamObservers$1.onNext(GrpcClientProtocolClient.java:310)
	at org.apache.ratis.grpc.client.GrpcClientProtocolClient$AsyncStreamObservers$1.onNext(GrpcClientProtocolClient.java:305)
	at org.apache.ratis.thirdparty.io.grpc.stub.ClientCalls$StreamObserverToCallListenerAdapter.onMessage(ClientCalls.java:474)
	at org.apache.ratis.thirdparty.io.grpc.ForwardingClientCallListener.onMessage(ForwardingClientCallListener.java:33)
	at org.apache.ratis.thirdparty.io.grpc.internal.ClientCallImpl$ClientStreamListenerImpl$1MessagesAvailable.runInternal(ClientCallImpl.java:662)
	at org.apache.ratis.thirdparty.io.grpc.internal.ClientCallImpl$ClientStreamListenerImpl$1MessagesAvailable.runInContext(ClientCallImpl.java:647)
	at org.apache.ratis.thirdparty.io.grpc.internal.ContextRunnable.run(ContextRunnable.java:37)
	at org.apache.ratis.thirdparty.io.grpc.internal.SerializingExecutor.run(SerializingExecutor.java:133)
	at java.util.concurrent.ThreadPoolExecutor.runWorker(ThreadPoolExecutor.java:1149)
	at java.util.concurrent.ThreadPoolExecutor$Worker.run(ThreadPoolExecutor.java:624)
	at java.lang.Thread.run(Thread.java:750)
2023-07-26 19:46:42,430 [main] INFO  scm.XceiverClientRatis (XceiverClientRatis.java:lambda$watchForCommit$4(308)) - Could not commit index 2 on pipeline Pipeline[ Id: 5bbdc32e-28b0-403e-8d78-1c7129a268b6, Nodes: c33e49d7-aab4-4e8b-84a2-e80ab64b386a(fv-az465-709/10.1.0.48)4099cb2b-2e2e-4151-9db7-f99ade631412(fv-az465-709/10.1.0.48)cc71d3b4-cf6a-416c-96eb-6097e97a8fe1(fv-az465-709/10.1.0.48), ReplicationConfig: RATIS/THREE, State:OPEN, leaderId:4099cb2b-2e2e-4151-9db7-f99ade631412, CreationTimestamp2023-07-26T19:46:26.166Z[Etc/UTC]] to all the nodes. Server cc71d3b4-cf6a-416c-96eb-6097e97a8fe1 has failed. Committed by majority.
2023-07-26 19:46:42,432 [main] WARN  storage.BlockOutputStream (BlockOutputStream.java:watchForCommit(423)) - Failed to commit BlockId conID: 1 locID: 111677748019200001 bcsId: 2 on Pipeline[ Id: 5bbdc32e-28b0-403e-8d78-1c7129a268b6, Nodes: c33e49d7-aab4-4e8b-84a2-e80ab64b386a(fv-az465-709/10.1.0.48)4099cb2b-2e2e-4151-9db7-f99ade631412(fv-az465-709/10.1.0.48)cc71d3b4-cf6a-416c-96eb-6097e97a8fe1(fv-az465-709/10.1.0.48), ReplicationConfig: RATIS/THREE, State:OPEN, leaderId:4099cb2b-2e2e-4151-9db7-f99ade631412, CreationTimestamp2023-07-26T19:46:26.166Z[Etc/UTC]]. Failed nodes: [cc71d3b4-cf6a-416c-96eb-6097e97a8fe1(null/null)]
2023-07-26 19:46:42,438 [BlockDeletingService#2] INFO  interfaces.ContainerDeletionChoosingPolicyTemplate (ContainerDeletionChoosingPolicyTemplate.java:chooseContainerForBlockDeletion(83)) - Chosen 0/5000 blocks from 0 candidate containers.
2023-07-26 19:46:42,483 [grpc-default-executor-5] WARN  server.GrpcLogAppender (LogUtils.java:warn(122)) - 4099cb2b-2e2e-4151-9db7-f99ade631412@group-1C7129A268B6->cc71d3b4-cf6a-416c-96eb-6097e97a8fe1-AppendLogResponseHandler: Failed appendEntries: org.apache.ratis.thirdparty.io.grpc.StatusRuntimeException: UNAVAILABLE: io exception
2023-07-26 19:46:42,483 [grpc-default-executor-1] WARN  server.GrpcLogAppender (LogUtils.java:warn(122)) - 4099cb2b-2e2e-4151-9db7-f99ade631412@group-1C7129A268B6->cc71d3b4-cf6a-416c-96eb-6097e97a8fe1-AppendLogResponseHandler: Failed appendEntries: org.apache.ratis.thirdparty.io.grpc.StatusRuntimeException: UNAVAILABLE: io exception
2023-07-26 19:46:42,491 [grpc-default-executor-5] WARN  server.GrpcLogAppender (GrpcLogAppender.java:resetClient(128)) - 4099cb2b-2e2e-4151-9db7-f99ade631412@group-1C7129A268B6->cc71d3b4-cf6a-416c-96eb-6097e97a8fe1-GrpcLogAppender: Follower failed when matchIndex == 0,  keep nextIndex (5) unchanged and retry.
2023-07-26 19:46:42,492 [grpc-default-executor-1] WARN  server.GrpcLogAppender (GrpcLogAppender.java:resetClient(128)) - 4099cb2b-2e2e-4151-9db7-f99ade631412@group-1C7129A268B6->cc71d3b4-cf6a-416c-96eb-6097e97a8fe1-GrpcLogAppender: Follower failed when matchIndex == 0,  keep nextIndex (5) unchanged and retry.
2023-07-26 19:46:42,494 [grpc-default-executor-1] WARN  server.GrpcLogAppender (LogUtils.java:warn(122)) - 4099cb2b-2e2e-4151-9db7-f99ade631412@group-1C7129A268B6->cc71d3b4-cf6a-416c-96eb-6097e97a8fe1-AppendLogResponseHandler: Failed appendEntries: org.apache.ratis.thirdparty.io.grpc.StatusRuntimeException: UNAVAILABLE: io exception
2023-07-26 19:46:42,497 [grpc-default-executor-3] WARN  server.GrpcLogAppender (LogUtils.java:warn(122)) - 4099cb2b-2e2e-4151-9db7-f99ade631412@group-1C7129A268B6->cc71d3b4-cf6a-416c-96eb-6097e97a8fe1-AppendLogResponseHandler: Failed appendEntries: org.apache.ratis.thirdparty.io.grpc.StatusRuntimeException: UNAVAILABLE: io exception
2023-07-26 19:46:42,498 [grpc-default-executor-1] WARN  server.GrpcLogAppender (GrpcLogAppender.java:resetClient(128)) - 4099cb2b-2e2e-4151-9db7-f99ade631412@group-1C7129A268B6->cc71d3b4-cf6a-416c-96eb-6097e97a8fe1-GrpcLogAppender: Follower failed when matchIndex == 0,  keep nextIndex (6) unchanged and retry.
2023-07-26 19:46:42,498 [grpc-default-executor-3] WARN  server.GrpcLogAppender (GrpcLogAppender.java:resetClient(128)) - 4099cb2b-2e2e-4151-9db7-f99ade631412@group-1C7129A268B6->cc71d3b4-cf6a-416c-96eb-6097e97a8fe1-GrpcLogAppender: Follower failed when matchIndex == 0,  keep nextIndex (6) unchanged and retry.
2023-07-26 19:46:42,509 [BlockDeletingService#4] INFO  interfaces.ContainerDeletionChoosingPolicyTemplate (ContainerDeletionChoosingPolicyTemplate.java:chooseContainerForBlockDeletion(83)) - Chosen 0/5000 blocks from 0 candidate containers.
2023-07-26 19:46:42,510 [FixedThreadPoolWithAffinityExecutor-8-0] WARN  container.IncrementalContainerReportHandler (AbstractContainerReportHandler.java:updateContainerState(260)) - Container #1 is in OPEN state, but the datanode c33e49d7-aab4-4e8b-84a2-e80ab64b386a(fv-az465-709/10.1.0.48) reports an CLOSING replica.
2023-07-26 19:46:42,517 [ContainerOp-5bbdc32e-28b0-403e-8d78-1c7129a268b6-2] INFO  keyvalue.KeyValueContainer (KeyValueContainer.java:flushAndSyncDB(484)) - Container 1 is synced with bcsId 2.
2023-07-26 19:46:42,517 [ContainerOp-5bbdc32e-28b0-403e-8d78-1c7129a268b6-2] INFO  keyvalue.KeyValueContainer (KeyValueContainer.java:flushAndSyncDB(484)) - Container 1 is synced with bcsId 2.
2023-07-26 19:46:42,526 [FixedThreadPoolWithAffinityExecutor-0-0] WARN  container.IncrementalContainerReportHandler (AbstractContainerReportHandler.java:updateContainerState(260)) - Container #1 is in OPEN state, but the datanode 4099cb2b-2e2e-4151-9db7-f99ade631412(fv-az465-709/10.1.0.48) reports an CLOSING replica.
2023-07-26 19:46:42,528 [ContainerOp-5bbdc32e-28b0-403e-8d78-1c7129a268b6-2] INFO  keyvalue.KeyValueContainer (KeyValueContainer.java:flushAndSyncDB(484)) - Container 1 is synced with bcsId 2.
2023-07-26 19:46:42,529 [ContainerOp-5bbdc32e-28b0-403e-8d78-1c7129a268b6-2] INFO  keyvalue.KeyValueContainer (KeyValueContainer.java:flushAndSyncDB(484)) - Container 1 is synced with bcsId 2.
2023-07-26 19:46:42,531 [ContainerOp-5bbdc32e-28b0-403e-8d78-1c7129a268b6-2] INFO  keyvalue.KeyValueContainer (KeyValueContainer.java:close(399)) - Container 1 is closed with bcsId 2.
2023-07-26 19:46:42,539 [BlockDeletingService#2] INFO  interfaces.ContainerDeletionChoosingPolicyTemplate (ContainerDeletionChoosingPolicyTemplate.java:chooseContainerForBlockDeletion(83)) - Chosen 0/5000 blocks from 0 candidate containers.
2023-07-26 19:46:42,542 [FixedThreadPoolWithAffinityExecutor-8-0] WARN  container.IncrementalContainerReportHandler (AbstractContainerReportHandler.java:updateContainerState(260)) - Container #1 is in OPEN state, but the datanode c33e49d7-aab4-4e8b-84a2-e80ab64b386a(fv-az465-709/10.1.0.48) reports an CLOSED replica.
2023-07-26 19:46:42,552 [ContainerOp-5bbdc32e-28b0-403e-8d78-1c7129a268b6-2] INFO  keyvalue.KeyValueContainer (KeyValueContainer.java:close(399)) - Container 1 is closed with bcsId 2.
2023-07-26 19:46:42,553 [FixedThreadPoolWithAffinityExecutor-0-0] WARN  container.IncrementalContainerReportHandler (AbstractContainerReportHandler.java:updateContainerState(260)) - Container #1 is in OPEN state, but the datanode 4099cb2b-2e2e-4151-9db7-f99ade631412(fv-az465-709/10.1.0.48) reports an CLOSED replica.
2023-07-26 19:46:42,622 [BlockDeletingService#4] INFO  interfaces.ContainerDeletionChoosingPolicyTemplate (ContainerDeletionChoosingPolicyTemplate.java:chooseContainerForBlockDeletion(83)) - Chosen 0/5000 blocks from 0 candidate containers.
2023-07-26 19:46:42,640 [BlockDeletingService#2] INFO  interfaces.ContainerDeletionChoosingPolicyTemplate (ContainerDeletionChoosingPolicyTemplate.java:chooseContainerForBlockDeletion(83)) - Chosen 0/5000 blocks from 0 candidate containers.
2023-07-26 19:46:42,683 [grpc-default-executor-2] WARN  server.GrpcLogAppender (LogUtils.java:warn(122)) - 4099cb2b-2e2e-4151-9db7-f99ade631412@group-1C7129A268B6->cc71d3b4-cf6a-416c-96eb-6097e97a8fe1-AppendLogResponseHandler: Failed appendEntries: org.apache.ratis.thirdparty.io.grpc.StatusRuntimeException: UNAVAILABLE: io exception
2023-07-26 19:46:42,685 [grpc-default-executor-3] WARN  server.GrpcLogAppender (LogUtils.java:warn(122)) - 4099cb2b-2e2e-4151-9db7-f99ade631412@group-1C7129A268B6->cc71d3b4-cf6a-416c-96eb-6097e97a8fe1-AppendLogResponseHandler: Failed appendEntries: org.apache.ratis.thirdparty.io.grpc.StatusRuntimeException: UNAVAILABLE: io exception
2023-07-26 19:46:42,686 [grpc-default-executor-2] WARN  server.GrpcLogAppender (GrpcLogAppender.java:resetClient(128)) - 4099cb2b-2e2e-4151-9db7-f99ade631412@group-1C7129A268B6->cc71d3b4-cf6a-416c-96eb-6097e97a8fe1-GrpcLogAppender: Follower failed when matchIndex == 0,  keep nextIndex (6) unchanged and retry.
2023-07-26 19:46:42,688 [grpc-default-executor-3] WARN  server.GrpcLogAppender (GrpcLogAppender.java:resetClient(128)) - 4099cb2b-2e2e-4151-9db7-f99ade631412@group-1C7129A268B6->cc71d3b4-cf6a-416c-96eb-6097e97a8fe1-GrpcLogAppender: Follower failed when matchIndex == 0,  keep nextIndex (6) unchanged and retry.
2023-07-26 19:46:42,722 [BlockDeletingService#4] INFO  interfaces.ContainerDeletionChoosingPolicyTemplate (ContainerDeletionChoosingPolicyTemplate.java:chooseContainerForBlockDeletion(83)) - Chosen 0/5000 blocks from 0 candidate containers.
2023-07-26 19:46:42,740 [BlockDeletingService#2] INFO  interfaces.ContainerDeletionChoosingPolicyTemplate (ContainerDeletionChoosingPolicyTemplate.java:chooseContainerForBlockDeletion(83)) - Chosen 0/5000 blocks from 0 candidate containers.
2023-07-26 19:46:42,742 [FixedThreadPoolWithAffinityExecutor-8-0] WARN  container.ContainerReportHandler (AbstractContainerReportHandler.java:updateContainerState(260)) - Container #1 is in OPEN state, but the datanode c33e49d7-aab4-4e8b-84a2-e80ab64b386a(fv-az465-709/10.1.0.48) reports an CLOSED replica.
2023-07-26 19:46:42,754 [FixedThreadPoolWithAffinityExecutor-0-0] WARN  container.ContainerReportHandler (AbstractContainerReportHandler.java:updateContainerState(260)) - Container #1 is in OPEN state, but the datanode 4099cb2b-2e2e-4151-9db7-f99ade631412(fv-az465-709/10.1.0.48) reports an CLOSED replica.
2023-07-26 19:46:42,823 [BlockDeletingService#4] INFO  interfaces.ContainerDeletionChoosingPolicyTemplate (ContainerDeletionChoosingPolicyTemplate.java:chooseContainerForBlockDeletion(83)) - Chosen 0/5000 blocks from 0 candidate containers.
2023-07-26 19:46:42,840 [BlockDeletingService#2] INFO  interfaces.ContainerDeletionChoosingPolicyTemplate (ContainerDeletionChoosingPolicyTemplate.java:chooseContainerForBlockDeletion(83)) - Chosen 0/5000 blocks from 0 candidate containers.
2023-07-26 19:46:42,923 [BlockDeletingService#4] INFO  interfaces.ContainerDeletionChoosingPolicyTemplate (ContainerDeletionChoosingPolicyTemplate.java:chooseContainerForBlockDeletion(83)) - Chosen 0/5000 blocks from 0 candidate containers.
2023-07-26 19:46:42,939 [FixedThreadPoolWithAffinityExecutor-8-0] WARN  container.ContainerReportHandler (AbstractContainerReportHandler.java:updateContainerState(260)) - Container #1 is in OPEN state, but the datanode c33e49d7-aab4-4e8b-84a2-e80ab64b386a(fv-az465-709/10.1.0.48) reports an CLOSED replica.
2023-07-26 19:46:42,940 [BlockDeletingService#2] INFO  interfaces.ContainerDeletionChoosingPolicyTemplate (ContainerDeletionChoosingPolicyTemplate.java:chooseContainerForBlockDeletion(83)) - Chosen 0/5000 blocks from 0 candidate containers.
2023-07-26 19:46:43,024 [BlockDeletingService#4] INFO  interfaces.ContainerDeletionChoosingPolicyTemplate (ContainerDeletionChoosingPolicyTemplate.java:chooseContainerForBlockDeletion(83)) - Chosen 0/5000 blocks from 0 candidate containers.
2023-07-26 19:46:43,041 [BlockDeletingService#2] INFO  interfaces.ContainerDeletionChoosingPolicyTemplate (ContainerDeletionChoosingPolicyTemplate.java:chooseContainerForBlockDeletion(83)) - Chosen 0/5000 blocks from 0 candidate containers.
2023-07-26 19:46:43,056 [FixedThreadPoolWithAffinityExecutor-0-0] WARN  container.ContainerReportHandler (AbstractContainerReportHandler.java:updateContainerState(260)) - Container #1 is in OPEN state, but the datanode 4099cb2b-2e2e-4151-9db7-f99ade631412(fv-az465-709/10.1.0.48) reports an CLOSED replica.
2023-07-26 19:46:43,124 [BlockDeletingService#4] INFO  interfaces.ContainerDeletionChoosingPolicyTemplate (ContainerDeletionChoosingPolicyTemplate.java:chooseContainerForBlockDeletion(83)) - Chosen 0/5000 blocks from 0 candidate containers.
2023-07-26 19:46:43,139 [FixedThreadPoolWithAffinityExecutor-8-0] WARN  container.ContainerReportHandler (AbstractContainerReportHandler.java:updateContainerState(260)) - Container #1 is in OPEN state, but the datanode c33e49d7-aab4-4e8b-84a2-e80ab64b386a(fv-az465-709/10.1.0.48) reports an CLOSED replica.
2023-07-26 19:46:43,141 [BlockDeletingService#2] INFO  interfaces.ContainerDeletionChoosingPolicyTemplate (ContainerDeletionChoosingPolicyTemplate.java:chooseContainerForBlockDeletion(83)) - Chosen 0/5000 blocks from 0 candidate containers.
2023-07-26 19:46:43,224 [BlockDeletingService#4] INFO  interfaces.ContainerDeletionChoosingPolicyTemplate (ContainerDeletionChoosingPolicyTemplate.java:chooseContainerForBlockDeletion(83)) - Chosen 0/5000 blocks from 0 candidate containers.
2023-07-26 19:46:43,241 [BlockDeletingService#2] INFO  interfaces.ContainerDeletionChoosingPolicyTemplate (ContainerDeletionChoosingPolicyTemplate.java:chooseContainerForBlockDeletion(83)) - Chosen 0/5000 blocks from 0 candidate containers.
2023-07-26 19:46:43,325 [BlockDeletingService#4] INFO  interfaces.ContainerDeletionChoosingPolicyTemplate (ContainerDeletionChoosingPolicyTemplate.java:chooseContainerForBlockDeletion(83)) - Chosen 0/5000 blocks from 0 candidate containers.
2023-07-26 19:46:43,342 [BlockDeletingService#2] INFO  interfaces.ContainerDeletionChoosingPolicyTemplate (ContainerDeletionChoosingPolicyTemplate.java:chooseContainerForBlockDeletion(83)) - Chosen 0/5000 blocks from 0 candidate containers.
2023-07-26 19:46:43,354 [FixedThreadPoolWithAffinityExecutor-0-0] WARN  container.ContainerReportHandler (AbstractContainerReportHandler.java:updateContainerState(260)) - Container #1 is in OPEN state, but the datanode 4099cb2b-2e2e-4151-9db7-f99ade631412(fv-az465-709/10.1.0.48) reports an CLOSED replica.
2023-07-26 19:46:43,425 [BlockDeletingService#4] INFO  interfaces.ContainerDeletionChoosingPolicyTemplate (ContainerDeletionChoosingPolicyTemplate.java:chooseContainerForBlockDeletion(83)) - Chosen 0/5000 blocks from 0 candidate containers.
2023-07-26 19:46:43,439 [FixedThreadPoolWithAffinityExecutor-8-0] WARN  container.ContainerReportHandler (AbstractContainerReportHandler.java:updateContainerState(260)) - Container #1 is in OPEN state, but the datanode c33e49d7-aab4-4e8b-84a2-e80ab64b386a(fv-az465-709/10.1.0.48) reports an CLOSED replica.
2023-07-26 19:46:43,442 [BlockDeletingService#2] INFO  interfaces.ContainerDeletionChoosingPolicyTemplate (ContainerDeletionChoosingPolicyTemplate.java:chooseContainerForBlockDeletion(83)) - Chosen 0/5000 blocks from 0 candidate containers.
2023-07-26 19:46:43,526 [BlockDeletingService#4] INFO  interfaces.ContainerDeletionChoosingPolicyTemplate (ContainerDeletionChoosingPolicyTemplate.java:chooseContainerForBlockDeletion(83)) - Chosen 0/5000 blocks from 0 candidate containers.
2023-07-26 19:46:43,542 [BlockDeletingService#2] INFO  interfaces.ContainerDeletionChoosingPolicyTemplate (ContainerDeletionChoosingPolicyTemplate.java:chooseContainerForBlockDeletion(83)) - Chosen 0/5000 blocks from 0 candidate containers.
2023-07-26 19:46:43,626 [BlockDeletingService#4] INFO  interfaces.ContainerDeletionChoosingPolicyTemplate (ContainerDeletionChoosingPolicyTemplate.java:chooseContainerForBlockDeletion(83)) - Chosen 0/5000 blocks from 0 candidate containers.
2023-07-26 19:46:43,639 [FixedThreadPoolWithAffinityExecutor-8-0] WARN  container.ContainerReportHandler (AbstractContainerReportHandler.java:updateContainerState(260)) - Container #1 is in OPEN state, but the datanode c33e49d7-aab4-4e8b-84a2-e80ab64b386a(fv-az465-709/10.1.0.48) reports an CLOSED replica.
2023-07-26 19:46:43,642 [BlockDeletingService#2] INFO  interfaces.ContainerDeletionChoosingPolicyTemplate (ContainerDeletionChoosingPolicyTemplate.java:chooseContainerForBlockDeletion(83)) - Chosen 0/5000 blocks from 0 candidate containers.
2023-07-26 19:46:43,727 [BlockDeletingService#4] INFO  interfaces.ContainerDeletionChoosingPolicyTemplate (ContainerDeletionChoosingPolicyTemplate.java:chooseContainerForBlockDeletion(83)) - Chosen 0/5000 blocks from 0 candidate containers.
2023-07-26 19:46:43,743 [BlockDeletingService#2] INFO  interfaces.ContainerDeletionChoosingPolicyTemplate (ContainerDeletionChoosingPolicyTemplate.java:chooseContainerForBlockDeletion(83)) - Chosen 0/5000 blocks from 0 candidate containers.
2023-07-26 19:46:43,758 [FixedThreadPoolWithAffinityExecutor-0-0] WARN  container.ContainerReportHandler (AbstractContainerReportHandler.java:updateContainerState(260)) - Container #1 is in OPEN state, but the datanode 4099cb2b-2e2e-4151-9db7-f99ade631412(fv-az465-709/10.1.0.48) reports an CLOSED replica.
2023-07-26 19:46:43,776 [IPC Server handler 16 on default port 15001] INFO  ha.SequenceIdGenerator (SequenceIdGenerator.java:getNextId(140)) - Allocate a batch for delTxnId, change lastId from 0 to 1000.
2023-07-26 19:46:43,827 [BlockDeletingService#4] INFO  interfaces.ContainerDeletionChoosingPolicyTemplate (ContainerDeletionChoosingPolicyTemplate.java:chooseContainerForBlockDeletion(83)) - Chosen 0/5000 blocks from 0 candidate containers.
2023-07-26 19:46:43,839 [FixedThreadPoolWithAffinityExecutor-8-0] WARN  container.ContainerReportHandler (AbstractContainerReportHandler.java:updateContainerState(260)) - Container #1 is in OPEN state, but the datanode c33e49d7-aab4-4e8b-84a2-e80ab64b386a(fv-az465-709/10.1.0.48) reports an CLOSED replica.
2023-07-26 19:46:43,843 [BlockDeletingService#2] INFO  interfaces.ContainerDeletionChoosingPolicyTemplate (ContainerDeletionChoosingPolicyTemplate.java:chooseContainerForBlockDeletion(83)) - Chosen 0/5000 blocks from 0 candidate containers.
2023-07-26 19:46:43,927 [BlockDeletingService#4] INFO  interfaces.ContainerDeletionChoosingPolicyTemplate (ContainerDeletionChoosingPolicyTemplate.java:chooseContainerForBlockDeletion(83)) - Chosen 0/5000 blocks from 0 candidate containers.
2023-07-26 19:46:43,935 [grpc-default-executor-3] WARN  server.GrpcLogAppender (LogUtils.java:warn(122)) - 4099cb2b-2e2e-4151-9db7-f99ade631412@group-1C7129A268B6->cc71d3b4-cf6a-416c-96eb-6097e97a8fe1-AppendLogResponseHandler: Failed appendEntries: org.apache.ratis.thirdparty.io.grpc.StatusRuntimeException: UNAVAILABLE: io exception
2023-07-26 19:46:43,936 [grpc-default-executor-3] WARN  server.GrpcLogAppender (GrpcLogAppender.java:resetClient(128)) - 4099cb2b-2e2e-4151-9db7-f99ade631412@group-1C7129A268B6->cc71d3b4-cf6a-416c-96eb-6097e97a8fe1-GrpcLogAppender: Follower failed when matchIndex == 0,  keep nextIndex (6) unchanged and retry.
2023-07-26 19:46:43,936 [grpc-default-executor-2] WARN  server.GrpcLogAppender (LogUtils.java:warn(122)) - 4099cb2b-2e2e-4151-9db7-f99ade631412@group-1C7129A268B6->cc71d3b4-cf6a-416c-96eb-6097e97a8fe1-AppendLogResponseHandler: Failed appendEntries: org.apache.ratis.thirdparty.io.grpc.StatusRuntimeException: UNAVAILABLE: io exception
2023-07-26 19:46:43,937 [grpc-default-executor-2] WARN  server.GrpcLogAppender (GrpcLogAppender.java:resetClient(128)) - 4099cb2b-2e2e-4151-9db7-f99ade631412@group-1C7129A268B6->cc71d3b4-cf6a-416c-96eb-6097e97a8fe1-GrpcLogAppender: Follower failed when matchIndex == 0,  keep nextIndex (6) unchanged and retry.
2023-07-26 19:46:43,943 [BlockDeletingService#2] INFO  interfaces.ContainerDeletionChoosingPolicyTemplate (ContainerDeletionChoosingPolicyTemplate.java:chooseContainerForBlockDeletion(83)) - Chosen 0/5000 blocks from 0 candidate containers.
2023-07-26 19:46:44,028 [BlockDeletingService#4] INFO  interfaces.ContainerDeletionChoosingPolicyTemplate (ContainerDeletionChoosingPolicyTemplate.java:chooseContainerForBlockDeletion(83)) - Chosen 0/5000 blocks from 0 candidate containers.
2023-07-26 19:46:44,044 [BlockDeletingService#2] INFO  interfaces.ContainerDeletionChoosingPolicyTemplate (ContainerDeletionChoosingPolicyTemplate.java:chooseContainerForBlockDeletion(83)) - Chosen 0/5000 blocks from 0 candidate containers.
2023-07-26 19:46:44,055 [FixedThreadPoolWithAffinityExecutor-0-0] WARN  container.ContainerReportHandler (AbstractContainerReportHandler.java:updateContainerState(260)) - Container #1 is in OPEN state, but the datanode 4099cb2b-2e2e-4151-9db7-f99ade631412(fv-az465-709/10.1.0.48) reports an CLOSED replica.
2023-07-26 19:46:44,128 [BlockDeletingService#4] INFO  interfaces.ContainerDeletionChoosingPolicyTemplate (ContainerDeletionChoosingPolicyTemplate.java:chooseContainerForBlockDeletion(83)) - Chosen 0/5000 blocks from 0 candidate containers.
2023-07-26 19:46:44,141 [FixedThreadPoolWithAffinityExecutor-8-0] WARN  container.ContainerReportHandler (AbstractContainerReportHandler.java:updateContainerState(260)) - Container #1 is in OPEN state, but the datanode c33e49d7-aab4-4e8b-84a2-e80ab64b386a(fv-az465-709/10.1.0.48) reports an CLOSED replica.
2023-07-26 19:46:44,144 [BlockDeletingService#3] INFO  interfaces.ContainerDeletionChoosingPolicyTemplate (ContainerDeletionChoosingPolicyTemplate.java:chooseContainerForBlockDeletion(83)) - Chosen 0/5000 blocks from 0 candidate containers.
2023-07-26 19:46:44,229 [BlockDeletingService#4] INFO  interfaces.ContainerDeletionChoosingPolicyTemplate (ContainerDeletionChoosingPolicyTemplate.java:chooseContainerForBlockDeletion(83)) - Chosen 0/5000 blocks from 0 candidate containers.
2023-07-26 19:46:44,244 [BlockDeletingService#3] INFO  interfaces.ContainerDeletionChoosingPolicyTemplate (ContainerDeletionChoosingPolicyTemplate.java:chooseContainerForBlockDeletion(83)) - Chosen 0/5000 blocks from 0 candidate containers.
2023-07-26 19:46:44,329 [BlockDeletingService#4] INFO  interfaces.ContainerDeletionChoosingPolicyTemplate (ContainerDeletionChoosingPolicyTemplate.java:chooseContainerForBlockDeletion(83)) - Chosen 0/5000 blocks from 0 candidate containers.
2023-07-26 19:46:44,342 [FixedThreadPoolWithAffinityExecutor-8-0] WARN  container.ContainerReportHandler (AbstractContainerReportHandler.java:updateContainerState(260)) - Container #1 is in OPEN state, but the datanode c33e49d7-aab4-4e8b-84a2-e80ab64b386a(fv-az465-709/10.1.0.48) reports an CLOSED replica.
2023-07-26 19:46:44,345 [BlockDeletingService#3] INFO  interfaces.ContainerDeletionChoosingPolicyTemplate (ContainerDeletionChoosingPolicyTemplate.java:chooseContainerForBlockDeletion(83)) - Chosen 0/5000 blocks from 0 candidate containers.
2023-07-26 19:46:44,430 [BlockDeletingService#4] INFO  interfaces.ContainerDeletionChoosingPolicyTemplate (ContainerDeletionChoosingPolicyTemplate.java:chooseContainerForBlockDeletion(83)) - Chosen 0/5000 blocks from 0 candidate containers.
2023-07-26 19:46:44,445 [BlockDeletingService#3] INFO  interfaces.ContainerDeletionChoosingPolicyTemplate (ContainerDeletionChoosingPolicyTemplate.java:chooseContainerForBlockDeletion(83)) - Chosen 0/5000 blocks from 0 candidate containers.
2023-07-26 19:46:44,456 [FixedThreadPoolWithAffinityExecutor-0-0] WARN  container.ContainerReportHandler (AbstractContainerReportHandler.java:updateContainerState(260)) - Container #1 is in OPEN state, but the datanode 4099cb2b-2e2e-4151-9db7-f99ade631412(fv-az465-709/10.1.0.48) reports an CLOSED replica.
2023-07-26 19:46:44,530 [BlockDeletingService#4] INFO  interfaces.ContainerDeletionChoosingPolicyTemplate (ContainerDeletionChoosingPolicyTemplate.java:chooseContainerForBlockDeletion(83)) - Chosen 0/5000 blocks from 0 candidate containers.
2023-07-26 19:46:44,541 [FixedThreadPoolWithAffinityExecutor-8-0] WARN  container.ContainerReportHandler (AbstractContainerReportHandler.java:updateContainerState(260)) - Container #1 is in OPEN state, but the datanode c33e49d7-aab4-4e8b-84a2-e80ab64b386a(fv-az465-709/10.1.0.48) reports an CLOSED replica.
2023-07-26 19:46:44,545 [BlockDeletingService#3] INFO  interfaces.ContainerDeletionChoosingPolicyTemplate (ContainerDeletionChoosingPolicyTemplate.java:chooseContainerForBlockDeletion(83)) - Chosen 0/5000 blocks from 0 candidate containers.
2023-07-26 19:46:44,631 [BlockDeletingService#4] INFO  interfaces.ContainerDeletionChoosingPolicyTemplate (ContainerDeletionChoosingPolicyTemplate.java:chooseContainerForBlockDeletion(83)) - Chosen 0/5000 blocks from 0 candidate containers.
2023-07-26 19:46:44,646 [BlockDeletingService#3] INFO  interfaces.ContainerDeletionChoosingPolicyTemplate (ContainerDeletionChoosingPolicyTemplate.java:chooseContainerForBlockDeletion(83)) - Chosen 0/5000 blocks from 0 candidate containers.
2023-07-26 19:46:44,731 [BlockDeletingService#4] INFO  interfaces.ContainerDeletionChoosingPolicyTemplate (ContainerDeletionChoosingPolicyTemplate.java:chooseContainerForBlockDeletion(83)) - Chosen 0/5000 blocks from 0 candidate containers.
2023-07-26 19:46:44,742 [FixedThreadPoolWithAffinityExecutor-8-0] WARN  container.ContainerReportHandler (AbstractContainerReportHandler.java:updateContainerState(260)) - Container #1 is in OPEN state, but the datanode c33e49d7-aab4-4e8b-84a2-e80ab64b386a(fv-az465-709/10.1.0.48) reports an CLOSED replica.
2023-07-26 19:46:44,746 [BlockDeletingService#3] INFO  interfaces.ContainerDeletionChoosingPolicyTemplate (ContainerDeletionChoosingPolicyTemplate.java:chooseContainerForBlockDeletion(83)) - Chosen 0/5000 blocks from 0 candidate containers.
2023-07-26 19:46:44,754 [FixedThreadPoolWithAffinityExecutor-0-0] WARN  container.ContainerReportHandler (AbstractContainerReportHandler.java:updateContainerState(260)) - Container #1 is in OPEN state, but the datanode 4099cb2b-2e2e-4151-9db7-f99ade631412(fv-az465-709/10.1.0.48) reports an CLOSED replica.
2023-07-26 19:46:44,831 [BlockDeletingService#4] INFO  interfaces.ContainerDeletionChoosingPolicyTemplate (ContainerDeletionChoosingPolicyTemplate.java:chooseContainerForBlockDeletion(83)) - Chosen 0/5000 blocks from 0 candidate containers.
2023-07-26 19:46:44,846 [BlockDeletingService#3] INFO  interfaces.ContainerDeletionChoosingPolicyTemplate (ContainerDeletionChoosingPolicyTemplate.java:chooseContainerForBlockDeletion(83)) - Chosen 0/5000 blocks from 0 candidate containers.
2023-07-26 19:46:44,932 [BlockDeletingService#4] INFO  interfaces.ContainerDeletionChoosingPolicyTemplate (ContainerDeletionChoosingPolicyTemplate.java:chooseContainerForBlockDeletion(83)) - Chosen 0/5000 blocks from 0 candidate containers.
2023-07-26 19:46:44,946 [BlockDeletingService#3] INFO  interfaces.ContainerDeletionChoosingPolicyTemplate (ContainerDeletionChoosingPolicyTemplate.java:chooseContainerForBlockDeletion(83)) - Chosen 0/5000 blocks from 0 candidate containers.
2023-07-26 19:46:45,032 [BlockDeletingService#4] INFO  interfaces.ContainerDeletionChoosingPolicyTemplate (ContainerDeletionChoosingPolicyTemplate.java:chooseContainerForBlockDeletion(83)) - Chosen 0/5000 blocks from 0 candidate containers.
2023-07-26 19:46:45,041 [FixedThreadPoolWithAffinityExecutor-8-0] WARN  container.ContainerReportHandler (AbstractContainerReportHandler.java:updateContainerState(260)) - Container #1 is in OPEN state, but the datanode c33e49d7-aab4-4e8b-84a2-e80ab64b386a(fv-az465-709/10.1.0.48) reports an CLOSED replica.
2023-07-26 19:46:45,047 [BlockDeletingService#3] INFO  interfaces.ContainerDeletionChoosingPolicyTemplate (ContainerDeletionChoosingPolicyTemplate.java:chooseContainerForBlockDeletion(83)) - Chosen 0/5000 blocks from 0 candidate containers.
2023-07-26 19:46:45,133 [BlockDeletingService#4] INFO  interfaces.ContainerDeletionChoosingPolicyTemplate (ContainerDeletionChoosingPolicyTemplate.java:chooseContainerForBlockDeletion(83)) - Chosen 0/5000 blocks from 0 candidate containers.
2023-07-26 19:46:45,147 [BlockDeletingService#3] INFO  interfaces.ContainerDeletionChoosingPolicyTemplate (ContainerDeletionChoosingPolicyTemplate.java:chooseContainerForBlockDeletion(83)) - Chosen 0/5000 blocks from 0 candidate containers.
2023-07-26 19:46:45,154 [FixedThreadPoolWithAffinityExecutor-0-0] WARN  container.ContainerReportHandler (AbstractContainerReportHandler.java:updateContainerState(260)) - Container #1 is in OPEN state, but the datanode 4099cb2b-2e2e-4151-9db7-f99ade631412(fv-az465-709/10.1.0.48) reports an CLOSED replica.
2023-07-26 19:46:45,185 [grpc-default-executor-2] WARN  server.GrpcLogAppender (LogUtils.java:warn(122)) - 4099cb2b-2e2e-4151-9db7-f99ade631412@group-1C7129A268B6->cc71d3b4-cf6a-416c-96eb-6097e97a8fe1-AppendLogResponseHandler: Failed appendEntries: org.apache.ratis.thirdparty.io.grpc.StatusRuntimeException: UNAVAILABLE: io exception
2023-07-26 19:46:45,187 [grpc-default-executor-2] WARN  server.GrpcLogAppender (GrpcLogAppender.java:resetClient(128)) - 4099cb2b-2e2e-4151-9db7-f99ade631412@group-1C7129A268B6->cc71d3b4-cf6a-416c-96eb-6097e97a8fe1-GrpcLogAppender: Follower failed when matchIndex == 0,  keep nextIndex (6) unchanged and retry.
2023-07-26 19:46:45,187 [grpc-default-executor-3] WARN  server.GrpcLogAppender (LogUtils.java:warn(122)) - 4099cb2b-2e2e-4151-9db7-f99ade631412@group-1C7129A268B6->cc71d3b4-cf6a-416c-96eb-6097e97a8fe1-AppendLogResponseHandler: Failed appendEntries: org.apache.ratis.thirdparty.io.grpc.StatusRuntimeException: UNAVAILABLE: io exception
2023-07-26 19:46:45,187 [grpc-default-executor-3] WARN  server.GrpcLogAppender (GrpcLogAppender.java:resetClient(128)) - 4099cb2b-2e2e-4151-9db7-f99ade631412@group-1C7129A268B6->cc71d3b4-cf6a-416c-96eb-6097e97a8fe1-GrpcLogAppender: Follower failed when matchIndex == 0,  keep nextIndex (6) unchanged and retry.
2023-07-26 19:46:45,233 [BlockDeletingService#4] INFO  interfaces.ContainerDeletionChoosingPolicyTemplate (ContainerDeletionChoosingPolicyTemplate.java:chooseContainerForBlockDeletion(83)) - Chosen 0/5000 blocks from 0 candidate containers.
2023-07-26 19:46:45,242 [FixedThreadPoolWithAffinityExecutor-8-0] WARN  container.ContainerReportHandler (AbstractContainerReportHandler.java:updateContainerState(260)) - Container #1 is in OPEN state, but the datanode c33e49d7-aab4-4e8b-84a2-e80ab64b386a(fv-az465-709/10.1.0.48) reports an CLOSED replica.
2023-07-26 19:46:45,249 [BlockDeletingService#3] INFO  interfaces.ContainerDeletionChoosingPolicyTemplate (ContainerDeletionChoosingPolicyTemplate.java:chooseContainerForBlockDeletion(83)) - Chosen 0/5000 blocks from 0 candidate containers.
2023-07-26 19:46:45,334 [BlockDeletingService#4] INFO  interfaces.ContainerDeletionChoosingPolicyTemplate (ContainerDeletionChoosingPolicyTemplate.java:chooseContainerForBlockDeletion(83)) - Chosen 0/5000 blocks from 0 candidate containers.
2023-07-26 19:46:45,349 [BlockDeletingService#3] INFO  interfaces.ContainerDeletionChoosingPolicyTemplate (ContainerDeletionChoosingPolicyTemplate.java:chooseContainerForBlockDeletion(83)) - Chosen 0/5000 blocks from 0 candidate containers.
2023-07-26 19:46:45,434 [BlockDeletingService#4] INFO  interfaces.ContainerDeletionChoosingPolicyTemplate (ContainerDeletionChoosingPolicyTemplate.java:chooseContainerForBlockDeletion(83)) - Chosen 0/5000 blocks from 0 candidate containers.
2023-07-26 19:46:45,441 [FixedThreadPoolWithAffinityExecutor-8-0] WARN  container.ContainerReportHandler (AbstractContainerReportHandler.java:updateContainerState(260)) - Container #1 is in OPEN state, but the datanode c33e49d7-aab4-4e8b-84a2-e80ab64b386a(fv-az465-709/10.1.0.48) reports an CLOSED replica.
2023-07-26 19:46:45,449 [BlockDeletingService#3] INFO  interfaces.ContainerDeletionChoosingPolicyTemplate (ContainerDeletionChoosingPolicyTemplate.java:chooseContainerForBlockDeletion(83)) - Chosen 0/5000 blocks from 0 candidate containers.
2023-07-26 19:46:45,455 [FixedThreadPoolWithAffinityExecutor-0-0] WARN  container.ContainerReportHandler (AbstractContainerReportHandler.java:updateContainerState(260)) - Container #1 is in OPEN state, but the datanode 4099cb2b-2e2e-4151-9db7-f99ade631412(fv-az465-709/10.1.0.48) reports an CLOSED replica.
2023-07-26 19:46:45,535 [BlockDeletingService#4] INFO  interfaces.ContainerDeletionChoosingPolicyTemplate (ContainerDeletionChoosingPolicyTemplate.java:chooseContainerForBlockDeletion(83)) - Chosen 0/5000 blocks from 0 candidate containers.
2023-07-26 19:46:45,550 [BlockDeletingService#3] INFO  interfaces.ContainerDeletionChoosingPolicyTemplate (ContainerDeletionChoosingPolicyTemplate.java:chooseContainerForBlockDeletion(83)) - Chosen 0/5000 blocks from 0 candidate containers.
2023-07-26 19:46:45,635 [BlockDeletingService#4] INFO  interfaces.ContainerDeletionChoosingPolicyTemplate (ContainerDeletionChoosingPolicyTemplate.java:chooseContainerForBlockDeletion(83)) - Chosen 0/5000 blocks from 0 candidate containers.
2023-07-26 19:46:45,650 [BlockDeletingService#3] INFO  interfaces.ContainerDeletionChoosingPolicyTemplate (ContainerDeletionChoosingPolicyTemplate.java:chooseContainerForBlockDeletion(83)) - Chosen 0/5000 blocks from 0 candidate containers.
2023-07-26 19:46:45,736 [BlockDeletingService#4] INFO  interfaces.ContainerDeletionChoosingPolicyTemplate (ContainerDeletionChoosingPolicyTemplate.java:chooseContainerForBlockDeletion(83)) - Chosen 0/5000 blocks from 0 candidate containers.
2023-07-26 19:46:45,742 [FixedThreadPoolWithAffinityExecutor-8-0] WARN  container.ContainerReportHandler (AbstractContainerReportHandler.java:updateContainerState(260)) - Container #1 is in OPEN state, but the datanode c33e49d7-aab4-4e8b-84a2-e80ab64b386a(fv-az465-709/10.1.0.48) reports an CLOSED replica.
2023-07-26 19:46:45,751 [BlockDeletingService#3] INFO  interfaces.ContainerDeletionChoosingPolicyTemplate (ContainerDeletionChoosingPolicyTemplate.java:chooseContainerForBlockDeletion(83)) - Chosen 0/5000 blocks from 0 candidate containers.
2023-07-26 19:46:45,755 [FixedThreadPoolWithAffinityExecutor-0-0] WARN  container.ContainerReportHandler (AbstractContainerReportHandler.java:updateContainerState(260)) - Container #1 is in OPEN state, but the datanode 4099cb2b-2e2e-4151-9db7-f99ade631412(fv-az465-709/10.1.0.48) reports an CLOSED replica.
2023-07-26 19:46:45,837 [BlockDeletingService#4] INFO  interfaces.ContainerDeletionChoosingPolicyTemplate (ContainerDeletionChoosingPolicyTemplate.java:chooseContainerForBlockDeletion(83)) - Chosen 0/5000 blocks from 0 candidate containers.
2023-07-26 19:46:45,851 [BlockDeletingService#8] INFO  interfaces.ContainerDeletionChoosingPolicyTemplate (ContainerDeletionChoosingPolicyTemplate.java:chooseContainerForBlockDeletion(83)) - Chosen 0/5000 blocks from 0 candidate containers.
2023-07-26 19:46:45,937 [BlockDeletingService#4] INFO  interfaces.ContainerDeletionChoosingPolicyTemplate (ContainerDeletionChoosingPolicyTemplate.java:chooseContainerForBlockDeletion(83)) - Chosen 0/5000 blocks from 0 candidate containers.
2023-07-26 19:46:45,941 [FixedThreadPoolWithAffinityExecutor-8-0] WARN  container.ContainerReportHandler (AbstractContainerReportHandler.java:updateContainerState(260)) - Container #1 is in OPEN state, but the datanode c33e49d7-aab4-4e8b-84a2-e80ab64b386a(fv-az465-709/10.1.0.48) reports an CLOSED replica.
2023-07-26 19:46:45,951 [BlockDeletingService#8] INFO  interfaces.ContainerDeletionChoosingPolicyTemplate (ContainerDeletionChoosingPolicyTemplate.java:chooseContainerForBlockDeletion(83)) - Chosen 0/5000 blocks from 0 candidate containers.
2023-07-26 19:46:46,038 [BlockDeletingService#4] INFO  interfaces.ContainerDeletionChoosingPolicyTemplate (ContainerDeletionChoosingPolicyTemplate.java:chooseContainerForBlockDeletion(83)) - Chosen 0/5000 blocks from 0 candidate containers.
2023-07-26 19:46:46,052 [BlockDeletingService#8] INFO  interfaces.ContainerDeletionChoosingPolicyTemplate (ContainerDeletionChoosingPolicyTemplate.java:chooseContainerForBlockDeletion(83)) - Chosen 0/5000 blocks from 0 candidate containers.
2023-07-26 19:46:46,138 [BlockDeletingService#4] INFO  interfaces.ContainerDeletionChoosingPolicyTemplate (ContainerDeletionChoosingPolicyTemplate.java:chooseContainerForBlockDeletion(83)) - Chosen 0/5000 blocks from 0 candidate containers.
2023-07-26 19:46:46,143 [FixedThreadPoolWithAffinityExecutor-8-0] WARN  container.ContainerReportHandler (AbstractContainerReportHandler.java:updateContainerState(260)) - Container #1 is in OPEN state, but the datanode c33e49d7-aab4-4e8b-84a2-e80ab64b386a(fv-az465-709/10.1.0.48) reports an CLOSED replica.
2023-07-26 19:46:46,152 [BlockDeletingService#8] INFO  interfaces.ContainerDeletionChoosingPolicyTemplate (ContainerDeletionChoosingPolicyTemplate.java:chooseContainerForBlockDeletion(83)) - Chosen 0/5000 blocks from 0 candidate containers.
2023-07-26 19:46:46,155 [FixedThreadPoolWithAffinityExecutor-0-0] WARN  container.ContainerReportHandler (AbstractContainerReportHandler.java:updateContainerState(260)) - Container #1 is in OPEN state, but the datanode 4099cb2b-2e2e-4151-9db7-f99ade631412(fv-az465-709/10.1.0.48) reports an CLOSED replica.
2023-07-26 19:46:46,239 [BlockDeletingService#4] INFO  interfaces.ContainerDeletionChoosingPolicyTemplate (ContainerDeletionChoosingPolicyTemplate.java:chooseContainerForBlockDeletion(83)) - Chosen 0/5000 blocks from 0 candidate containers.
2023-07-26 19:46:46,252 [BlockDeletingService#8] INFO  interfaces.ContainerDeletionChoosingPolicyTemplate (ContainerDeletionChoosingPolicyTemplate.java:chooseContainerForBlockDeletion(83)) - Chosen 0/5000 blocks from 0 candidate containers.
2023-07-26 19:46:46,339 [BlockDeletingService#4] INFO  interfaces.ContainerDeletionChoosingPolicyTemplate (ContainerDeletionChoosingPolicyTemplate.java:chooseContainerForBlockDeletion(83)) - Chosen 0/5000 blocks from 0 candidate containers.
2023-07-26 19:46:46,353 [BlockDeletingService#8] INFO  interfaces.ContainerDeletionChoosingPolicyTemplate (ContainerDeletionChoosingPolicyTemplate.java:chooseContainerForBlockDeletion(83)) - Chosen 0/5000 blocks from 0 candidate containers.
2023-07-26 19:46:46,436 [grpc-default-executor-3] WARN  server.GrpcLogAppender (LogUtils.java:warn(122)) - 4099cb2b-2e2e-4151-9db7-f99ade631412@group-1C7129A268B6->cc71d3b4-cf6a-416c-96eb-6097e97a8fe1-AppendLogResponseHandler: Failed appendEntries: org.apache.ratis.thirdparty.io.grpc.StatusRuntimeException: UNAVAILABLE: io exception
2023-07-26 19:46:46,436 [grpc-default-executor-2] WARN  server.GrpcLogAppender (LogUtils.java:warn(122)) - 4099cb2b-2e2e-4151-9db7-f99ade631412@group-1C7129A268B6->cc71d3b4-cf6a-416c-96eb-6097e97a8fe1-AppendLogResponseHandler: Failed appendEntries: org.apache.ratis.thirdparty.io.grpc.StatusRuntimeException: UNAVAILABLE: io exception
2023-07-26 19:46:46,438 [grpc-default-executor-3] WARN  server.GrpcLogAppender (GrpcLogAppender.java:resetClient(128)) - 4099cb2b-2e2e-4151-9db7-f99ade631412@group-1C7129A268B6->cc71d3b4-cf6a-416c-96eb-6097e97a8fe1-GrpcLogAppender: Follower failed when matchIndex == 0,  keep nextIndex (6) unchanged and retry.
2023-07-26 19:46:46,438 [grpc-default-executor-2] WARN  server.GrpcLogAppender (GrpcLogAppender.java:resetClient(128)) - 4099cb2b-2e2e-4151-9db7-f99ade631412@group-1C7129A268B6->cc71d3b4-cf6a-416c-96eb-6097e97a8fe1-GrpcLogAppender: Follower failed when matchIndex == 0,  keep nextIndex (6) unchanged and retry.
2023-07-26 19:46:46,439 [BlockDeletingService#4] INFO  interfaces.ContainerDeletionChoosingPolicyTemplate (ContainerDeletionChoosingPolicyTemplate.java:chooseContainerForBlockDeletion(83)) - Chosen 0/5000 blocks from 0 candidate containers.
2023-07-26 19:46:46,443 [FixedThreadPoolWithAffinityExecutor-8-0] WARN  container.ContainerReportHandler (AbstractContainerReportHandler.java:updateContainerState(260)) - Container #1 is in OPEN state, but the datanode c33e49d7-aab4-4e8b-84a2-e80ab64b386a(fv-az465-709/10.1.0.48) reports an CLOSED replica.
2023-07-26 19:46:46,453 [BlockDeletingService#8] INFO  interfaces.ContainerDeletionChoosingPolicyTemplate (ContainerDeletionChoosingPolicyTemplate.java:chooseContainerForBlockDeletion(83)) - Chosen 0/5000 blocks from 0 candidate containers.
2023-07-26 19:46:46,457 [FixedThreadPoolWithAffinityExecutor-0-0] WARN  container.ContainerReportHandler (AbstractContainerReportHandler.java:updateContainerState(260)) - Container #1 is in OPEN state, but the datanode 4099cb2b-2e2e-4151-9db7-f99ade631412(fv-az465-709/10.1.0.48) reports an CLOSED replica.
2023-07-26 19:46:46,540 [BlockDeletingService#4] INFO  interfaces.ContainerDeletionChoosingPolicyTemplate (ContainerDeletionChoosingPolicyTemplate.java:chooseContainerForBlockDeletion(83)) - Chosen 0/5000 blocks from 0 candidate containers.
2023-07-26 19:46:46,553 [BlockDeletingService#8] INFO  interfaces.ContainerDeletionChoosingPolicyTemplate (ContainerDeletionChoosingPolicyTemplate.java:chooseContainerForBlockDeletion(83)) - Chosen 0/5000 blocks from 0 candidate containers.
2023-07-26 19:46:46,640 [BlockDeletingService#4] INFO  interfaces.ContainerDeletionChoosingPolicyTemplate (ContainerDeletionChoosingPolicyTemplate.java:chooseContainerForBlockDeletion(83)) - Chosen 0/5000 blocks from 0 candidate containers.
2023-07-26 19:46:46,643 [FixedThreadPoolWithAffinityExecutor-8-0] WARN  container.ContainerReportHandler (AbstractContainerReportHandler.java:updateContainerState(260)) - Container #1 is in OPEN state, but the datanode c33e49d7-aab4-4e8b-84a2-e80ab64b386a(fv-az465-709/10.1.0.48) reports an CLOSED replica.
2023-07-26 19:46:46,654 [BlockDeletingService#8] INFO  interfaces.ContainerDeletionChoosingPolicyTemplate (ContainerDeletionChoosingPolicyTemplate.java:chooseContainerForBlockDeletion(83)) - Chosen 0/5000 blocks from 0 candidate containers.
2023-07-26 19:46:46,741 [BlockDeletingService#4] INFO  interfaces.ContainerDeletionChoosingPolicyTemplate (ContainerDeletionChoosingPolicyTemplate.java:chooseContainerForBlockDeletion(83)) - Chosen 0/5000 blocks from 0 candidate containers.
2023-07-26 19:46:46,754 [BlockDeletingService#8] INFO  interfaces.ContainerDeletionChoosingPolicyTemplate (ContainerDeletionChoosingPolicyTemplate.java:chooseContainerForBlockDeletion(83)) - Chosen 0/5000 blocks from 0 candidate containers.
2023-07-26 19:46:46,841 [BlockDeletingService#4] INFO  interfaces.ContainerDeletionChoosingPolicyTemplate (ContainerDeletionChoosingPolicyTemplate.java:chooseContainerForBlockDeletion(83)) - Chosen 0/5000 blocks from 0 candidate containers.
2023-07-26 19:46:46,843 [FixedThreadPoolWithAffinityExecutor-8-0] WARN  container.ContainerReportHandler (AbstractContainerReportHandler.java:updateContainerState(260)) - Container #1 is in OPEN state, but the datanode c33e49d7-aab4-4e8b-84a2-e80ab64b386a(fv-az465-709/10.1.0.48) reports an CLOSED replica.
2023-07-26 19:46:46,854 [BlockDeletingService#8] INFO  interfaces.ContainerDeletionChoosingPolicyTemplate (ContainerDeletionChoosingPolicyTemplate.java:chooseContainerForBlockDeletion(83)) - Chosen 0/5000 blocks from 0 candidate containers.
2023-07-26 19:46:46,855 [FixedThreadPoolWithAffinityExecutor-0-0] WARN  container.ContainerReportHandler (AbstractContainerReportHandler.java:updateContainerState(260)) - Container #1 is in OPEN state, but the datanode 4099cb2b-2e2e-4151-9db7-f99ade631412(fv-az465-709/10.1.0.48) reports an CLOSED replica.
2023-07-26 19:46:46,942 [BlockDeletingService#4] INFO  interfaces.ContainerDeletionChoosingPolicyTemplate (ContainerDeletionChoosingPolicyTemplate.java:chooseContainerForBlockDeletion(83)) - Chosen 0/5000 blocks from 0 candidate containers.
2023-07-26 19:46:46,954 [BlockDeletingService#8] INFO  interfaces.ContainerDeletionChoosingPolicyTemplate (ContainerDeletionChoosingPolicyTemplate.java:chooseContainerForBlockDeletion(83)) - Chosen 0/5000 blocks from 0 candidate containers.
2023-07-26 19:46:47,042 [BlockDeletingService#4] INFO  interfaces.ContainerDeletionChoosingPolicyTemplate (ContainerDeletionChoosingPolicyTemplate.java:chooseContainerForBlockDeletion(83)) - Chosen 0/5000 blocks from 0 candidate containers.
2023-07-26 19:46:47,055 [BlockDeletingService#8] INFO  interfaces.ContainerDeletionChoosingPolicyTemplate (ContainerDeletionChoosingPolicyTemplate.java:chooseContainerForBlockDeletion(83)) - Chosen 0/5000 blocks from 0 candidate containers.
2023-07-26 19:46:47,143 [BlockDeletingService#4] INFO  interfaces.ContainerDeletionChoosingPolicyTemplate (ContainerDeletionChoosingPolicyTemplate.java:chooseContainerForBlockDeletion(83)) - Chosen 0/5000 blocks from 0 candidate containers.
2023-07-26 19:46:47,144 [FixedThreadPoolWithAffinityExecutor-8-0] WARN  container.ContainerReportHandler (AbstractContainerReportHandler.java:updateContainerState(260)) - Container #1 is in OPEN state, but the datanode c33e49d7-aab4-4e8b-84a2-e80ab64b386a(fv-az465-709/10.1.0.48) reports an CLOSED replica.
2023-07-26 19:46:47,155 [BlockDeletingService#8] INFO  interfaces.ContainerDeletionChoosingPolicyTemplate (ContainerDeletionChoosingPolicyTemplate.java:chooseContainerForBlockDeletion(83)) - Chosen 0/5000 blocks from 0 candidate containers.
2023-07-26 19:46:47,156 [FixedThreadPoolWithAffinityExecutor-0-0] WARN  container.ContainerReportHandler (AbstractContainerReportHandler.java:updateContainerState(260)) - Container #1 is in OPEN state, but the datanode 4099cb2b-2e2e-4151-9db7-f99ade631412(fv-az465-709/10.1.0.48) reports an CLOSED replica.
2023-07-26 19:46:47,243 [BlockDeletingService#4] INFO  interfaces.ContainerDeletionChoosingPolicyTemplate (ContainerDeletionChoosingPolicyTemplate.java:chooseContainerForBlockDeletion(83)) - Chosen 0/5000 blocks from 0 candidate containers.
2023-07-26 19:46:47,255 [BlockDeletingService#8] INFO  interfaces.ContainerDeletionChoosingPolicyTemplate (ContainerDeletionChoosingPolicyTemplate.java:chooseContainerForBlockDeletion(83)) - Chosen 0/5000 blocks from 0 candidate containers.
2023-07-26 19:46:47,343 [FixedThreadPoolWithAffinityExecutor-8-0] WARN  container.ContainerReportHandler (AbstractContainerReportHandler.java:updateContainerState(260)) - Container #1 is in OPEN state, but the datanode c33e49d7-aab4-4e8b-84a2-e80ab64b386a(fv-az465-709/10.1.0.48) reports an CLOSED replica.
2023-07-26 19:46:47,343 [BlockDeletingService#4] INFO  interfaces.ContainerDeletionChoosingPolicyTemplate (ContainerDeletionChoosingPolicyTemplate.java:chooseContainerForBlockDeletion(83)) - Chosen 0/5000 blocks from 0 candidate containers.
2023-07-26 19:46:47,356 [BlockDeletingService#8] INFO  interfaces.ContainerDeletionChoosingPolicyTemplate (ContainerDeletionChoosingPolicyTemplate.java:chooseContainerForBlockDeletion(83)) - Chosen 0/5000 blocks from 0 candidate containers.
2023-07-26 19:46:47,444 [BlockDeletingService#4] INFO  interfaces.ContainerDeletionChoosingPolicyTemplate (ContainerDeletionChoosingPolicyTemplate.java:chooseContainerForBlockDeletion(83)) - Chosen 0/5000 blocks from 0 candidate containers.
2023-07-26 19:46:47,456 [FixedThreadPoolWithAffinityExecutor-0-0] WARN  container.ContainerReportHandler (AbstractContainerReportHandler.java:updateContainerState(260)) - Container #1 is in OPEN state, but the datanode 4099cb2b-2e2e-4151-9db7-f99ade631412(fv-az465-709/10.1.0.48) reports an CLOSED replica.
2023-07-26 19:46:47,456 [BlockDeletingService#8] INFO  interfaces.ContainerDeletionChoosingPolicyTemplate (ContainerDeletionChoosingPolicyTemplate.java:chooseContainerForBlockDeletion(83)) - Chosen 0/5000 blocks from 0 candidate containers.
2023-07-26 19:46:47,543 [FixedThreadPoolWithAffinityExecutor-8-0] WARN  container.ContainerReportHandler (AbstractContainerReportHandler.java:updateContainerState(260)) - Container #1 is in OPEN state, but the datanode c33e49d7-aab4-4e8b-84a2-e80ab64b386a(fv-az465-709/10.1.0.48) reports an CLOSED replica.
2023-07-26 19:46:47,544 [BlockDeletingService#4] INFO  interfaces.ContainerDeletionChoosingPolicyTemplate (ContainerDeletionChoosingPolicyTemplate.java:chooseContainerForBlockDeletion(83)) - Chosen 0/5000 blocks from 0 candidate containers.
2023-07-26 19:46:47,556 [BlockDeletingService#8] INFO  interfaces.ContainerDeletionChoosingPolicyTemplate (ContainerDeletionChoosingPolicyTemplate.java:chooseContainerForBlockDeletion(83)) - Chosen 0/5000 blocks from 0 candidate containers.
2023-07-26 19:46:47,645 [BlockDeletingService#4] INFO  interfaces.ContainerDeletionChoosingPolicyTemplate (ContainerDeletionChoosingPolicyTemplate.java:chooseContainerForBlockDeletion(83)) - Chosen 0/5000 blocks from 0 candidate containers.
2023-07-26 19:46:47,657 [BlockDeletingService#8] INFO  interfaces.ContainerDeletionChoosingPolicyTemplate (ContainerDeletionChoosingPolicyTemplate.java:chooseContainerForBlockDeletion(83)) - Chosen 0/5000 blocks from 0 candidate containers.
2023-07-26 19:46:47,689 [grpc-default-executor-2] WARN  server.GrpcLogAppender (LogUtils.java:warn(122)) - 4099cb2b-2e2e-4151-9db7-f99ade631412@group-1C7129A268B6->cc71d3b4-cf6a-416c-96eb-6097e97a8fe1-AppendLogResponseHandler: Failed appendEntries: org.apache.ratis.thirdparty.io.grpc.StatusRuntimeException: UNAVAILABLE: io exception
2023-07-26 19:46:47,690 [grpc-default-executor-3] WARN  server.GrpcLogAppender (LogUtils.java:warn(122)) - 4099cb2b-2e2e-4151-9db7-f99ade631412@group-1C7129A268B6->cc71d3b4-cf6a-416c-96eb-6097e97a8fe1-AppendLogResponseHandler: Failed appendEntries: org.apache.ratis.thirdparty.io.grpc.StatusRuntimeException: UNAVAILABLE: io exception
2023-07-26 19:46:47,691 [grpc-default-executor-2] WARN  server.GrpcLogAppender (GrpcLogAppender.java:resetClient(128)) - 4099cb2b-2e2e-4151-9db7-f99ade631412@group-1C7129A268B6->cc71d3b4-cf6a-416c-96eb-6097e97a8fe1-GrpcLogAppender: Follower failed when matchIndex == 0,  keep nextIndex (6) unchanged and retry.
2023-07-26 19:46:47,692 [grpc-default-executor-3] WARN  server.GrpcLogAppender (GrpcLogAppender.java:resetClient(128)) - 4099cb2b-2e2e-4151-9db7-f99ade631412@group-1C7129A268B6->cc71d3b4-cf6a-416c-96eb-6097e97a8fe1-GrpcLogAppender: Follower failed when matchIndex == 0,  keep nextIndex (6) unchanged and retry.
2023-07-26 19:46:47,743 [FixedThreadPoolWithAffinityExecutor-8-0] WARN  container.ContainerReportHandler (AbstractContainerReportHandler.java:updateContainerState(260)) - Container #1 is in OPEN state, but the datanode c33e49d7-aab4-4e8b-84a2-e80ab64b386a(fv-az465-709/10.1.0.48) reports an CLOSED replica.
2023-07-26 19:46:47,745 [BlockDeletingService#4] INFO  interfaces.ContainerDeletionChoosingPolicyTemplate (ContainerDeletionChoosingPolicyTemplate.java:chooseContainerForBlockDeletion(83)) - Chosen 0/5000 blocks from 0 candidate containers.
2023-07-26 19:46:47,757 [BlockDeletingService#8] INFO  interfaces.ContainerDeletionChoosingPolicyTemplate (ContainerDeletionChoosingPolicyTemplate.java:chooseContainerForBlockDeletion(83)) - Chosen 0/5000 blocks from 0 candidate containers.
2023-07-26 19:46:47,845 [BlockDeletingService#4] INFO  interfaces.ContainerDeletionChoosingPolicyTemplate (ContainerDeletionChoosingPolicyTemplate.java:chooseContainerForBlockDeletion(83)) - Chosen 0/5000 blocks from 0 candidate containers.
2023-07-26 19:46:47,855 [FixedThreadPoolWithAffinityExecutor-0-0] WARN  container.ContainerReportHandler (AbstractContainerReportHandler.java:updateContainerState(260)) - Container #1 is in OPEN state, but the datanode 4099cb2b-2e2e-4151-9db7-f99ade631412(fv-az465-709/10.1.0.48) reports an CLOSED replica.
2023-07-26 19:46:47,858 [BlockDeletingService#8] INFO  interfaces.ContainerDeletionChoosingPolicyTemplate (ContainerDeletionChoosingPolicyTemplate.java:chooseContainerForBlockDeletion(83)) - Chosen 0/5000 blocks from 0 candidate containers.
2023-07-26 19:46:47,946 [BlockDeletingService#4] INFO  interfaces.ContainerDeletionChoosingPolicyTemplate (ContainerDeletionChoosingPolicyTemplate.java:chooseContainerForBlockDeletion(83)) - Chosen 0/5000 blocks from 0 candidate containers.
2023-07-26 19:46:47,958 [BlockDeletingService#8] INFO  interfaces.ContainerDeletionChoosingPolicyTemplate (ContainerDeletionChoosingPolicyTemplate.java:chooseContainerForBlockDeletion(83)) - Chosen 0/5000 blocks from 0 candidate containers.
2023-07-26 19:46:48,043 [FixedThreadPoolWithAffinityExecutor-8-0] WARN  container.ContainerReportHandler (AbstractContainerReportHandler.java:updateContainerState(260)) - Container #1 is in OPEN state, but the datanode c33e49d7-aab4-4e8b-84a2-e80ab64b386a(fv-az465-709/10.1.0.48) reports an CLOSED replica.
2023-07-26 19:46:48,046 [BlockDeletingService#4] INFO  interfaces.ContainerDeletionChoosingPolicyTemplate (ContainerDeletionChoosingPolicyTemplate.java:chooseContainerForBlockDeletion(83)) - Chosen 0/5000 blocks from 0 candidate containers.
2023-07-26 19:46:48,059 [BlockDeletingService#8] INFO  interfaces.ContainerDeletionChoosingPolicyTemplate (ContainerDeletionChoosingPolicyTemplate.java:chooseContainerForBlockDeletion(83)) - Chosen 0/5000 blocks from 0 candidate containers.
2023-07-26 19:46:48,146 [BlockDeletingService#4] INFO  interfaces.ContainerDeletionChoosingPolicyTemplate (ContainerDeletionChoosingPolicyTemplate.java:chooseContainerForBlockDeletion(83)) - Chosen 0/5000 blocks from 0 candidate containers.
2023-07-26 19:46:48,156 [FixedThreadPoolWithAffinityExecutor-0-0] WARN  container.ContainerReportHandler (AbstractContainerReportHandler.java:updateContainerState(260)) - Container #1 is in OPEN state, but the datanode 4099cb2b-2e2e-4151-9db7-f99ade631412(fv-az465-709/10.1.0.48) reports an CLOSED replica.
2023-07-26 19:46:48,159 [BlockDeletingService#8] INFO  interfaces.ContainerDeletionChoosingPolicyTemplate (ContainerDeletionChoosingPolicyTemplate.java:chooseContainerForBlockDeletion(83)) - Chosen 0/5000 blocks from 0 candidate containers.
2023-07-26 19:46:48,244 [FixedThreadPoolWithAffinityExecutor-8-0] WARN  container.ContainerReportHandler (AbstractContainerReportHandler.java:updateContainerState(260)) - Container #1 is in OPEN state, but the datanode c33e49d7-aab4-4e8b-84a2-e80ab64b386a(fv-az465-709/10.1.0.48) reports an CLOSED replica.
2023-07-26 19:46:48,247 [BlockDeletingService#4] INFO  interfaces.ContainerDeletionChoosingPolicyTemplate (ContainerDeletionChoosingPolicyTemplate.java:chooseContainerForBlockDeletion(83)) - Chosen 0/5000 blocks from 0 candidate containers.
2023-07-26 19:46:48,259 [BlockDeletingService#8] INFO  interfaces.ContainerDeletionChoosingPolicyTemplate (ContainerDeletionChoosingPolicyTemplate.java:chooseContainerForBlockDeletion(83)) - Chosen 0/5000 blocks from 0 candidate containers.
2023-07-26 19:46:48,347 [BlockDeletingService#4] INFO  interfaces.ContainerDeletionChoosingPolicyTemplate (ContainerDeletionChoosingPolicyTemplate.java:chooseContainerForBlockDeletion(83)) - Chosen 0/5000 blocks from 0 candidate containers.
2023-07-26 19:46:48,360 [BlockDeletingService#8] INFO  interfaces.ContainerDeletionChoosingPolicyTemplate (ContainerDeletionChoosingPolicyTemplate.java:chooseContainerForBlockDeletion(83)) - Chosen 0/5000 blocks from 0 candidate containers.
2023-07-26 19:46:48,444 [FixedThreadPoolWithAffinityExecutor-8-0] WARN  container.ContainerReportHandler (AbstractContainerReportHandler.java:updateContainerState(260)) - Container #1 is in OPEN state, but the datanode c33e49d7-aab4-4e8b-84a2-e80ab64b386a(fv-az465-709/10.1.0.48) reports an CLOSED replica.
2023-07-26 19:46:48,448 [BlockDeletingService#4] INFO  interfaces.ContainerDeletionChoosingPolicyTemplate (ContainerDeletionChoosingPolicyTemplate.java:chooseContainerForBlockDeletion(83)) - Chosen 0/5000 blocks from 0 candidate containers.
2023-07-26 19:46:48,460 [BlockDeletingService#8] INFO  interfaces.ContainerDeletionChoosingPolicyTemplate (ContainerDeletionChoosingPolicyTemplate.java:chooseContainerForBlockDeletion(83)) - Chosen 0/5000 blocks from 0 candidate containers.
2023-07-26 19:46:48,548 [BlockDeletingService#4] INFO  interfaces.ContainerDeletionChoosingPolicyTemplate (ContainerDeletionChoosingPolicyTemplate.java:chooseContainerForBlockDeletion(83)) - Chosen 0/5000 blocks from 0 candidate containers.
2023-07-26 19:46:48,558 [FixedThreadPoolWithAffinityExecutor-0-0] WARN  container.ContainerReportHandler (AbstractContainerReportHandler.java:updateContainerState(260)) - Container #1 is in OPEN state, but the datanode 4099cb2b-2e2e-4151-9db7-f99ade631412(fv-az465-709/10.1.0.48) reports an CLOSED replica.
2023-07-26 19:46:48,560 [BlockDeletingService#8] INFO  interfaces.ContainerDeletionChoosingPolicyTemplate (ContainerDeletionChoosingPolicyTemplate.java:chooseContainerForBlockDeletion(83)) - Chosen 0/5000 blocks from 0 candidate containers.
2023-07-26 19:46:48,649 [BlockDeletingService#4] INFO  interfaces.ContainerDeletionChoosingPolicyTemplate (ContainerDeletionChoosingPolicyTemplate.java:chooseContainerForBlockDeletion(83)) - Chosen 0/5000 blocks from 0 candidate containers.
2023-07-26 19:46:48,661 [BlockDeletingService#8] INFO  interfaces.ContainerDeletionChoosingPolicyTemplate (ContainerDeletionChoosingPolicyTemplate.java:chooseContainerForBlockDeletion(83)) - Chosen 0/5000 blocks from 0 candidate containers.
2023-07-26 19:46:48,744 [FixedThreadPoolWithAffinityExecutor-8-0] WARN  container.ContainerReportHandler (AbstractContainerReportHandler.java:updateContainerState(260)) - Container #1 is in OPEN state, but the datanode c33e49d7-aab4-4e8b-84a2-e80ab64b386a(fv-az465-709/10.1.0.48) reports an CLOSED replica.
2023-07-26 19:46:48,749 [BlockDeletingService#4] INFO  interfaces.ContainerDeletionChoosingPolicyTemplate (ContainerDeletionChoosingPolicyTemplate.java:chooseContainerForBlockDeletion(83)) - Chosen 0/5000 blocks from 0 candidate containers.
2023-07-26 19:46:48,761 [BlockDeletingService#8] INFO  interfaces.ContainerDeletionChoosingPolicyTemplate (ContainerDeletionChoosingPolicyTemplate.java:chooseContainerForBlockDeletion(83)) - Chosen 0/5000 blocks from 0 candidate containers.
2023-07-26 19:46:48,852 [BlockDeletingService#4] INFO  interfaces.ContainerDeletionChoosingPolicyTemplate (ContainerDeletionChoosingPolicyTemplate.java:chooseContainerForBlockDeletion(83)) - Chosen 0/5000 blocks from 0 candidate containers.
2023-07-26 19:46:48,858 [FixedThreadPoolWithAffinityExecutor-0-0] WARN  container.ContainerReportHandler (AbstractContainerReportHandler.java:updateContainerState(260)) - Container #1 is in OPEN state, but the datanode 4099cb2b-2e2e-4151-9db7-f99ade631412(fv-az465-709/10.1.0.48) reports an CLOSED replica.
2023-07-26 19:46:48,861 [BlockDeletingService#8] INFO  interfaces.ContainerDeletionChoosingPolicyTemplate (ContainerDeletionChoosingPolicyTemplate.java:chooseContainerForBlockDeletion(83)) - Chosen 0/5000 blocks from 0 candidate containers.
2023-07-26 19:46:48,940 [grpc-default-executor-3] WARN  server.GrpcLogAppender (LogUtils.java:warn(122)) - 4099cb2b-2e2e-4151-9db7-f99ade631412@group-1C7129A268B6->cc71d3b4-cf6a-416c-96eb-6097e97a8fe1-AppendLogResponseHandler: Failed appendEntries: org.apache.ratis.thirdparty.io.grpc.StatusRuntimeException: UNAVAILABLE: io exception
2023-07-26 19:46:48,940 [grpc-default-executor-2] WARN  server.GrpcLogAppender (LogUtils.java:warn(122)) - 4099cb2b-2e2e-4151-9db7-f99ade631412@group-1C7129A268B6->cc71d3b4-cf6a-416c-96eb-6097e97a8fe1-AppendLogResponseHandler: Failed appendEntries: org.apache.ratis.thirdparty.io.grpc.StatusRuntimeException: UNAVAILABLE: io exception
2023-07-26 19:46:48,941 [grpc-default-executor-3] WARN  server.GrpcLogAppender (GrpcLogAppender.java:resetClient(128)) - 4099cb2b-2e2e-4151-9db7-f99ade631412@group-1C7129A268B6->cc71d3b4-cf6a-416c-96eb-6097e97a8fe1-GrpcLogAppender: Follower failed when matchIndex == 0,  keep nextIndex (6) unchanged and retry.
2023-07-26 19:46:48,944 [FixedThreadPoolWithAffinityExecutor-8-0] WARN  container.ContainerReportHandler (AbstractContainerReportHandler.java:updateContainerState(260)) - Container #1 is in OPEN state, but the datanode c33e49d7-aab4-4e8b-84a2-e80ab64b386a(fv-az465-709/10.1.0.48) reports an CLOSED replica.
2023-07-26 19:46:48,947 [grpc-default-executor-2] WARN  server.GrpcLogAppender (GrpcLogAppender.java:resetClient(128)) - 4099cb2b-2e2e-4151-9db7-f99ade631412@group-1C7129A268B6->cc71d3b4-cf6a-416c-96eb-6097e97a8fe1-GrpcLogAppender: Follower failed when matchIndex == 0,  keep nextIndex (6) unchanged and retry.
2023-07-26 19:46:48,952 [BlockDeletingService#4] INFO  interfaces.ContainerDeletionChoosingPolicyTemplate (ContainerDeletionChoosingPolicyTemplate.java:chooseContainerForBlockDeletion(83)) - Chosen 0/5000 blocks from 0 candidate containers.
2023-07-26 19:46:48,962 [BlockDeletingService#8] INFO  interfaces.ContainerDeletionChoosingPolicyTemplate (ContainerDeletionChoosingPolicyTemplate.java:chooseContainerForBlockDeletion(83)) - Chosen 0/5000 blocks from 0 candidate containers.
2023-07-26 19:46:49,052 [BlockDeletingService#4] INFO  interfaces.ContainerDeletionChoosingPolicyTemplate (ContainerDeletionChoosingPolicyTemplate.java:chooseContainerForBlockDeletion(83)) - Chosen 0/5000 blocks from 0 candidate containers.
2023-07-26 19:46:49,062 [BlockDeletingService#8] INFO  interfaces.ContainerDeletionChoosingPolicyTemplate (ContainerDeletionChoosingPolicyTemplate.java:chooseContainerForBlockDeletion(83)) - Chosen 0/5000 blocks from 0 candidate containers.
2023-07-26 19:46:49,145 [FixedThreadPoolWithAffinityExecutor-8-0] WARN  container.ContainerReportHandler (AbstractContainerReportHandler.java:updateContainerState(260)) - Container #1 is in OPEN state, but the datanode c33e49d7-aab4-4e8b-84a2-e80ab64b386a(fv-az465-709/10.1.0.48) reports an CLOSED replica.
2023-07-26 19:46:49,153 [BlockDeletingService#4] INFO  interfaces.ContainerDeletionChoosingPolicyTemplate (ContainerDeletionChoosingPolicyTemplate.java:chooseContainerForBlockDeletion(83)) - Chosen 0/5000 blocks from 0 candidate containers.
2023-07-26 19:46:49,162 [BlockDeletingService#8] INFO  interfaces.ContainerDeletionChoosingPolicyTemplate (ContainerDeletionChoosingPolicyTemplate.java:chooseContainerForBlockDeletion(83)) - Chosen 0/5000 blocks from 0 candidate containers.
2023-07-26 19:46:49,253 [BlockDeletingService#4] INFO  interfaces.ContainerDeletionChoosingPolicyTemplate (ContainerDeletionChoosingPolicyTemplate.java:chooseContainerForBlockDeletion(83)) - Chosen 0/5000 blocks from 0 candidate containers.
2023-07-26 19:46:49,258 [FixedThreadPoolWithAffinityExecutor-0-0] WARN  container.ContainerReportHandler (AbstractContainerReportHandler.java:updateContainerState(260)) - Container #1 is in OPEN state, but the datanode 4099cb2b-2e2e-4151-9db7-f99ade631412(fv-az465-709/10.1.0.48) reports an CLOSED replica.
2023-07-26 19:46:49,262 [BlockDeletingService#8] INFO  interfaces.ContainerDeletionChoosingPolicyTemplate (ContainerDeletionChoosingPolicyTemplate.java:chooseContainerForBlockDeletion(83)) - Chosen 0/5000 blocks from 0 candidate containers.
2023-07-26 19:46:49,354 [BlockDeletingService#4] INFO  interfaces.ContainerDeletionChoosingPolicyTemplate (ContainerDeletionChoosingPolicyTemplate.java:chooseContainerForBlockDeletion(83)) - Chosen 0/5000 blocks from 0 candidate containers.
2023-07-26 19:46:49,363 [BlockDeletingService#8] INFO  interfaces.ContainerDeletionChoosingPolicyTemplate (ContainerDeletionChoosingPolicyTemplate.java:chooseContainerForBlockDeletion(83)) - Chosen 0/5000 blocks from 0 candidate containers.
2023-07-26 19:46:49,447 [FixedThreadPoolWithAffinityExecutor-8-0] WARN  container.ContainerReportHandler (AbstractContainerReportHandler.java:updateContainerState(260)) - Container #1 is in OPEN state, but the datanode c33e49d7-aab4-4e8b-84a2-e80ab64b386a(fv-az465-709/10.1.0.48) reports an CLOSED replica.
2023-07-26 19:46:49,454 [BlockDeletingService#4] INFO  interfaces.ContainerDeletionChoosingPolicyTemplate (ContainerDeletionChoosingPolicyTemplate.java:chooseContainerForBlockDeletion(83)) - Chosen 0/5000 blocks from 0 candidate containers.
2023-07-26 19:46:49,464 [BlockDeletingService#8] INFO  interfaces.ContainerDeletionChoosingPolicyTemplate (ContainerDeletionChoosingPolicyTemplate.java:chooseContainerForBlockDeletion(83)) - Chosen 0/5000 blocks from 0 candidate containers.
2023-07-26 19:46:49,554 [BlockDeletingService#4] INFO  interfaces.ContainerDeletionChoosingPolicyTemplate (ContainerDeletionChoosingPolicyTemplate.java:chooseContainerForBlockDeletion(83)) - Chosen 0/5000 blocks from 0 candidate containers.
2023-07-26 19:46:49,558 [FixedThreadPoolWithAffinityExecutor-0-0] WARN  container.ContainerReportHandler (AbstractContainerReportHandler.java:updateContainerState(260)) - Container #1 is in OPEN state, but the datanode 4099cb2b-2e2e-4151-9db7-f99ade631412(fv-az465-709/10.1.0.48) reports an CLOSED replica.
2023-07-26 19:46:49,565 [BlockDeletingService#8] INFO  interfaces.ContainerDeletionChoosingPolicyTemplate (ContainerDeletionChoosingPolicyTemplate.java:chooseContainerForBlockDeletion(83)) - Chosen 0/5000 blocks from 0 candidate containers.
2023-07-26 19:46:49,648 [FixedThreadPoolWithAffinityExecutor-8-0] WARN  container.ContainerReportHandler (AbstractContainerReportHandler.java:updateContainerState(260)) - Container #1 is in OPEN state, but the datanode c33e49d7-aab4-4e8b-84a2-e80ab64b386a(fv-az465-709/10.1.0.48) reports an CLOSED replica.
2023-07-26 19:46:49,655 [BlockDeletingService#4] INFO  interfaces.ContainerDeletionChoosingPolicyTemplate (ContainerDeletionChoosingPolicyTemplate.java:chooseContainerForBlockDeletion(83)) - Chosen 0/5000 blocks from 0 candidate containers.
2023-07-26 19:46:49,665 [BlockDeletingService#8] INFO  interfaces.ContainerDeletionChoosingPolicyTemplate (ContainerDeletionChoosingPolicyTemplate.java:chooseContainerForBlockDeletion(83)) - Chosen 0/5000 blocks from 0 candidate containers.
2023-07-26 19:46:49,755 [BlockDeletingService#4] INFO  interfaces.ContainerDeletionChoosingPolicyTemplate (ContainerDeletionChoosingPolicyTemplate.java:chooseContainerForBlockDeletion(83)) - Chosen 0/5000 blocks from 0 candidate containers.
2023-07-26 19:46:49,765 [BlockDeletingService#8] INFO  interfaces.ContainerDeletionChoosingPolicyTemplate (ContainerDeletionChoosingPolicyTemplate.java:chooseContainerForBlockDeletion(83)) - Chosen 0/5000 blocks from 0 candidate containers.
2023-07-26 19:46:49,847 [FixedThreadPoolWithAffinityExecutor-8-0] WARN  container.ContainerReportHandler (AbstractContainerReportHandler.java:updateContainerState(260)) - Container #1 is in OPEN state, but the datanode c33e49d7-aab4-4e8b-84a2-e80ab64b386a(fv-az465-709/10.1.0.48) reports an CLOSED replica.
2023-07-26 19:46:49,856 [BlockDeletingService#4] INFO  interfaces.ContainerDeletionChoosingPolicyTemplate (ContainerDeletionChoosingPolicyTemplate.java:chooseContainerForBlockDeletion(83)) - Chosen 0/5000 blocks from 0 candidate containers.
2023-07-26 19:46:49,860 [FixedThreadPoolWithAffinityExecutor-0-0] WARN  container.ContainerReportHandler (AbstractContainerReportHandler.java:updateContainerState(260)) - Container #1 is in OPEN state, but the datanode 4099cb2b-2e2e-4151-9db7-f99ade631412(fv-az465-709/10.1.0.48) reports an CLOSED replica.
2023-07-26 19:46:49,867 [BlockDeletingService#8] INFO  interfaces.ContainerDeletionChoosingPolicyTemplate (ContainerDeletionChoosingPolicyTemplate.java:chooseContainerForBlockDeletion(83)) - Chosen 0/5000 blocks from 0 candidate containers.
2023-07-26 19:46:49,956 [BlockDeletingService#4] INFO  interfaces.ContainerDeletionChoosingPolicyTemplate (ContainerDeletionChoosingPolicyTemplate.java:chooseContainerForBlockDeletion(83)) - Chosen 0/5000 blocks from 0 candidate containers.
2023-07-26 19:46:49,968 [BlockDeletingService#8] INFO  interfaces.ContainerDeletionChoosingPolicyTemplate (ContainerDeletionChoosingPolicyTemplate.java:chooseContainerForBlockDeletion(83)) - Chosen 0/5000 blocks from 0 candidate containers.
2023-07-26 19:46:50,056 [BlockDeletingService#4] INFO  interfaces.ContainerDeletionChoosingPolicyTemplate (ContainerDeletionChoosingPolicyTemplate.java:chooseContainerForBlockDeletion(83)) - Chosen 0/5000 blocks from 0 candidate containers.
2023-07-26 19:46:50,068 [BlockDeletingService#8] INFO  interfaces.ContainerDeletionChoosingPolicyTemplate (ContainerDeletionChoosingPolicyTemplate.java:chooseContainerForBlockDeletion(83)) - Chosen 0/5000 blocks from 0 candidate containers.
2023-07-26 19:46:50,147 [FixedThreadPoolWithAffinityExecutor-8-0] WARN  container.ContainerReportHandler (AbstractContainerReportHandler.java:updateContainerState(260)) - Container #1 is in OPEN state, but the datanode c33e49d7-aab4-4e8b-84a2-e80ab64b386a(fv-az465-709/10.1.0.48) reports an CLOSED replica.
2023-07-26 19:46:50,157 [BlockDeletingService#4] INFO  interfaces.ContainerDeletionChoosingPolicyTemplate (ContainerDeletionChoosingPolicyTemplate.java:chooseContainerForBlockDeletion(83)) - Chosen 0/5000 blocks from 0 candidate containers.
2023-07-26 19:46:50,168 [BlockDeletingService#8] INFO  interfaces.ContainerDeletionChoosingPolicyTemplate (ContainerDeletionChoosingPolicyTemplate.java:chooseContainerForBlockDeletion(83)) - Chosen 0/5000 blocks from 0 candidate containers.
2023-07-26 19:46:50,191 [grpc-default-executor-2] WARN  server.GrpcLogAppender (LogUtils.java:warn(122)) - 4099cb2b-2e2e-4151-9db7-f99ade631412@group-1C7129A268B6->cc71d3b4-cf6a-416c-96eb-6097e97a8fe1-AppendLogResponseHandler: Failed appendEntries: org.apache.ratis.thirdparty.io.grpc.StatusRuntimeException: UNAVAILABLE: io exception
2023-07-26 19:46:50,191 [grpc-default-executor-3] WARN  server.GrpcLogAppender (LogUtils.java:warn(122)) - 4099cb2b-2e2e-4151-9db7-f99ade631412@group-1C7129A268B6->cc71d3b4-cf6a-416c-96eb-6097e97a8fe1-AppendLogResponseHandler: Failed appendEntries: org.apache.ratis.thirdparty.io.grpc.StatusRuntimeException: UNAVAILABLE: io exception
2023-07-26 19:46:50,193 [grpc-default-executor-2] WARN  server.GrpcLogAppender (GrpcLogAppender.java:resetClient(128)) - 4099cb2b-2e2e-4151-9db7-f99ade631412@group-1C7129A268B6->cc71d3b4-cf6a-416c-96eb-6097e97a8fe1-GrpcLogAppender: Follower failed when matchIndex == 0,  keep nextIndex (6) unchanged and retry.
2023-07-26 19:46:50,195 [grpc-default-executor-3] WARN  server.GrpcLogAppender (GrpcLogAppender.java:resetClient(128)) - 4099cb2b-2e2e-4151-9db7-f99ade631412@group-1C7129A268B6->cc71d3b4-cf6a-416c-96eb-6097e97a8fe1-GrpcLogAppender: Follower failed when matchIndex == 0,  keep nextIndex (6) unchanged and retry.
2023-07-26 19:46:50,257 [BlockDeletingService#4] INFO  interfaces.ContainerDeletionChoosingPolicyTemplate (ContainerDeletionChoosingPolicyTemplate.java:chooseContainerForBlockDeletion(83)) - Chosen 0/5000 blocks from 0 candidate containers.
2023-07-26 19:46:50,261 [FixedThreadPoolWithAffinityExecutor-0-0] WARN  container.ContainerReportHandler (AbstractContainerReportHandler.java:updateContainerState(260)) - Container #1 is in OPEN state, but the datanode 4099cb2b-2e2e-4151-9db7-f99ade631412(fv-az465-709/10.1.0.48) reports an CLOSED replica.
2023-07-26 19:46:50,269 [BlockDeletingService#8] INFO  interfaces.ContainerDeletionChoosingPolicyTemplate (ContainerDeletionChoosingPolicyTemplate.java:chooseContainerForBlockDeletion(83)) - Chosen 0/5000 blocks from 0 candidate containers.
2023-07-26 19:46:50,348 [FixedThreadPoolWithAffinityExecutor-8-0] WARN  container.ContainerReportHandler (AbstractContainerReportHandler.java:updateContainerState(260)) - Container #1 is in OPEN state, but the datanode c33e49d7-aab4-4e8b-84a2-e80ab64b386a(fv-az465-709/10.1.0.48) reports an CLOSED replica.
2023-07-26 19:46:50,357 [BlockDeletingService#4] INFO  interfaces.ContainerDeletionChoosingPolicyTemplate (ContainerDeletionChoosingPolicyTemplate.java:chooseContainerForBlockDeletion(83)) - Chosen 0/5000 blocks from 0 candidate containers.
2023-07-26 19:46:50,369 [BlockDeletingService#8] INFO  interfaces.ContainerDeletionChoosingPolicyTemplate (ContainerDeletionChoosingPolicyTemplate.java:chooseContainerForBlockDeletion(83)) - Chosen 0/5000 blocks from 0 candidate containers.
2023-07-26 19:46:50,458 [BlockDeletingService#4] INFO  interfaces.ContainerDeletionChoosingPolicyTemplate (ContainerDeletionChoosingPolicyTemplate.java:chooseContainerForBlockDeletion(83)) - Chosen 0/5000 blocks from 0 candidate containers.
2023-07-26 19:46:50,470 [BlockDeletingService#8] INFO  interfaces.ContainerDeletionChoosingPolicyTemplate (ContainerDeletionChoosingPolicyTemplate.java:chooseContainerForBlockDeletion(83)) - Chosen 0/5000 blocks from 0 candidate containers.
2023-07-26 19:46:50,549 [FixedThreadPoolWithAffinityExecutor-8-0] WARN  container.ContainerReportHandler (AbstractContainerReportHandler.java:updateContainerState(260)) - Container #1 is in OPEN state, but the datanode c33e49d7-aab4-4e8b-84a2-e80ab64b386a(fv-az465-709/10.1.0.48) reports an CLOSED replica.
2023-07-26 19:46:50,558 [BlockDeletingService#4] INFO  interfaces.ContainerDeletionChoosingPolicyTemplate (ContainerDeletionChoosingPolicyTemplate.java:chooseContainerForBlockDeletion(83)) - Chosen 0/5000 blocks from 0 candidate containers.
2023-07-26 19:46:50,564 [FixedThreadPoolWithAffinityExecutor-0-0] WARN  container.ContainerReportHandler (AbstractContainerReportHandler.java:updateContainerState(260)) - Container #1 is in OPEN state, but the datanode 4099cb2b-2e2e-4151-9db7-f99ade631412(fv-az465-709/10.1.0.48) reports an CLOSED replica.
2023-07-26 19:46:50,570 [BlockDeletingService#8] INFO  interfaces.ContainerDeletionChoosingPolicyTemplate (ContainerDeletionChoosingPolicyTemplate.java:chooseContainerForBlockDeletion(83)) - Chosen 0/5000 blocks from 0 candidate containers.
2023-07-26 19:46:50,659 [BlockDeletingService#4] INFO  interfaces.ContainerDeletionChoosingPolicyTemplate (ContainerDeletionChoosingPolicyTemplate.java:chooseContainerForBlockDeletion(83)) - Chosen 0/5000 blocks from 0 candidate containers.
2023-07-26 19:46:50,670 [BlockDeletingService#8] INFO  interfaces.ContainerDeletionChoosingPolicyTemplate (ContainerDeletionChoosingPolicyTemplate.java:chooseContainerForBlockDeletion(83)) - Chosen 0/5000 blocks from 0 candidate containers.
2023-07-26 19:46:50,748 [FixedThreadPoolWithAffinityExecutor-8-0] WARN  container.ContainerReportHandler (AbstractContainerReportHandler.java:updateContainerState(260)) - Container #1 is in OPEN state, but the datanode c33e49d7-aab4-4e8b-84a2-e80ab64b386a(fv-az465-709/10.1.0.48) reports an CLOSED replica.
2023-07-26 19:46:50,759 [BlockDeletingService#4] INFO  interfaces.ContainerDeletionChoosingPolicyTemplate (ContainerDeletionChoosingPolicyTemplate.java:chooseContainerForBlockDeletion(83)) - Chosen 0/5000 blocks from 0 candidate containers.
2023-07-26 19:46:50,771 [BlockDeletingService#8] INFO  interfaces.ContainerDeletionChoosingPolicyTemplate (ContainerDeletionChoosingPolicyTemplate.java:chooseContainerForBlockDeletion(83)) - Chosen 0/5000 blocks from 0 candidate containers.
2023-07-26 19:46:50,859 [BlockDeletingService#4] INFO  interfaces.ContainerDeletionChoosingPolicyTemplate (ContainerDeletionChoosingPolicyTemplate.java:chooseContainerForBlockDeletion(83)) - Chosen 0/5000 blocks from 0 candidate containers.
2023-07-26 19:46:50,871 [BlockDeletingService#8] INFO  interfaces.ContainerDeletionChoosingPolicyTemplate (ContainerDeletionChoosingPolicyTemplate.java:chooseContainerForBlockDeletion(83)) - Chosen 0/5000 blocks from 0 candidate containers.
2023-07-26 19:46:50,960 [BlockDeletingService#4] INFO  interfaces.ContainerDeletionChoosingPolicyTemplate (ContainerDeletionChoosingPolicyTemplate.java:chooseContainerForBlockDeletion(83)) - Chosen 0/5000 blocks from 0 candidate containers.
2023-07-26 19:46:50,961 [FixedThreadPoolWithAffinityExecutor-0-0] WARN  container.ContainerReportHandler (AbstractContainerReportHandler.java:updateContainerState(260)) - Container #1 is in OPEN state, but the datanode 4099cb2b-2e2e-4151-9db7-f99ade631412(fv-az465-709/10.1.0.48) reports an CLOSED replica.
2023-07-26 19:46:50,971 [BlockDeletingService#8] INFO  interfaces.ContainerDeletionChoosingPolicyTemplate (ContainerDeletionChoosingPolicyTemplate.java:chooseContainerForBlockDeletion(83)) - Chosen 0/5000 blocks from 0 candidate containers.
2023-07-26 19:46:51,049 [FixedThreadPoolWithAffinityExecutor-8-0] WARN  container.ContainerReportHandler (AbstractContainerReportHandler.java:updateContainerState(260)) - Container #1 is in OPEN state, but the datanode c33e49d7-aab4-4e8b-84a2-e80ab64b386a(fv-az465-709/10.1.0.48) reports an CLOSED replica.
2023-07-26 19:46:51,060 [BlockDeletingService#4] INFO  interfaces.ContainerDeletionChoosingPolicyTemplate (ContainerDeletionChoosingPolicyTemplate.java:chooseContainerForBlockDeletion(83)) - Chosen 0/5000 blocks from 0 candidate containers.
2023-07-26 19:46:51,072 [BlockDeletingService#8] INFO  interfaces.ContainerDeletionChoosingPolicyTemplate (ContainerDeletionChoosingPolicyTemplate.java:chooseContainerForBlockDeletion(83)) - Chosen 0/5000 blocks from 0 candidate containers.
2023-07-26 19:46:51,160 [BlockDeletingService#4] INFO  interfaces.ContainerDeletionChoosingPolicyTemplate (ContainerDeletionChoosingPolicyTemplate.java:chooseContainerForBlockDeletion(83)) - Chosen 0/5000 blocks from 0 candidate containers.
2023-07-26 19:46:51,172 [BlockDeletingService#8] INFO  interfaces.ContainerDeletionChoosingPolicyTemplate (ContainerDeletionChoosingPolicyTemplate.java:chooseContainerForBlockDeletion(83)) - Chosen 0/5000 blocks from 0 candidate containers.
2023-07-26 19:46:51,250 [FixedThreadPoolWithAffinityExecutor-8-0] WARN  container.ContainerReportHandler (AbstractContainerReportHandler.java:updateContainerState(260)) - Container #1 is in OPEN state, but the datanode c33e49d7-aab4-4e8b-84a2-e80ab64b386a(fv-az465-709/10.1.0.48) reports an CLOSED replica.
2023-07-26 19:46:51,261 [BlockDeletingService#4] INFO  interfaces.ContainerDeletionChoosingPolicyTemplate (ContainerDeletionChoosingPolicyTemplate.java:chooseContainerForBlockDeletion(83)) - Chosen 0/5000 blocks from 0 candidate containers.
2023-07-26 19:46:51,262 [FixedThreadPoolWithAffinityExecutor-0-0] WARN  container.ContainerReportHandler (AbstractContainerReportHandler.java:updateContainerState(260)) - Container #1 is in OPEN state, but the datanode 4099cb2b-2e2e-4151-9db7-f99ade631412(fv-az465-709/10.1.0.48) reports an CLOSED replica.
2023-07-26 19:46:51,272 [BlockDeletingService#8] INFO  interfaces.ContainerDeletionChoosingPolicyTemplate (ContainerDeletionChoosingPolicyTemplate.java:chooseContainerForBlockDeletion(83)) - Chosen 0/5000 blocks from 0 candidate containers.
2023-07-26 19:46:51,363 [BlockDeletingService#4] INFO  interfaces.ContainerDeletionChoosingPolicyTemplate (ContainerDeletionChoosingPolicyTemplate.java:chooseContainerForBlockDeletion(83)) - Chosen 0/5000 blocks from 0 candidate containers.
2023-07-26 19:46:51,373 [BlockDeletingService#8] INFO  interfaces.ContainerDeletionChoosingPolicyTemplate (ContainerDeletionChoosingPolicyTemplate.java:chooseContainerForBlockDeletion(83)) - Chosen 0/5000 blocks from 0 candidate containers.
2023-07-26 19:46:51,441 [grpc-default-executor-3] WARN  server.GrpcLogAppender (LogUtils.java:warn(122)) - 4099cb2b-2e2e-4151-9db7-f99ade631412@group-1C7129A268B6->cc71d3b4-cf6a-416c-96eb-6097e97a8fe1-AppendLogResponseHandler: Failed appendEntries: org.apache.ratis.thirdparty.io.grpc.StatusRuntimeException: UNAVAILABLE: io exception
2023-07-26 19:46:51,443 [grpc-default-executor-3] WARN  server.GrpcLogAppender (GrpcLogAppender.java:resetClient(128)) - 4099cb2b-2e2e-4151-9db7-f99ade631412@group-1C7129A268B6->cc71d3b4-cf6a-416c-96eb-6097e97a8fe1-GrpcLogAppender: Follower failed when matchIndex == 0,  keep nextIndex (6) unchanged and retry.
2023-07-26 19:46:51,443 [grpc-default-executor-2] WARN  server.GrpcLogAppender (LogUtils.java:warn(122)) - 4099cb2b-2e2e-4151-9db7-f99ade631412@group-1C7129A268B6->cc71d3b4-cf6a-416c-96eb-6097e97a8fe1-AppendLogResponseHandler: Failed appendEntries: org.apache.ratis.thirdparty.io.grpc.StatusRuntimeException: UNAVAILABLE: io exception
2023-07-26 19:46:51,443 [grpc-default-executor-2] WARN  server.GrpcLogAppender (GrpcLogAppender.java:resetClient(128)) - 4099cb2b-2e2e-4151-9db7-f99ade631412@group-1C7129A268B6->cc71d3b4-cf6a-416c-96eb-6097e97a8fe1-GrpcLogAppender: Follower failed when matchIndex == 0,  keep nextIndex (6) unchanged and retry.
2023-07-26 19:46:51,451 [FixedThreadPoolWithAffinityExecutor-8-0] WARN  container.ContainerReportHandler (AbstractContainerReportHandler.java:updateContainerState(260)) - Container #1 is in OPEN state, but the datanode c33e49d7-aab4-4e8b-84a2-e80ab64b386a(fv-az465-709/10.1.0.48) reports an CLOSED replica.
2023-07-26 19:46:51,463 [BlockDeletingService#4] INFO  interfaces.ContainerDeletionChoosingPolicyTemplate (ContainerDeletionChoosingPolicyTemplate.java:chooseContainerForBlockDeletion(83)) - Chosen 0/5000 blocks from 0 candidate containers.
2023-07-26 19:46:51,473 [BlockDeletingService#8] INFO  interfaces.ContainerDeletionChoosingPolicyTemplate (ContainerDeletionChoosingPolicyTemplate.java:chooseContainerForBlockDeletion(83)) - Chosen 0/5000 blocks from 0 candidate containers.
2023-07-26 19:46:51,564 [BlockDeletingService#4] INFO  interfaces.ContainerDeletionChoosingPolicyTemplate (ContainerDeletionChoosingPolicyTemplate.java:chooseContainerForBlockDeletion(83)) - Chosen 0/5000 blocks from 0 candidate containers.
2023-07-26 19:46:51,566 [FixedThreadPoolWithAffinityExecutor-0-0] WARN  container.ContainerReportHandler (AbstractContainerReportHandler.java:updateContainerState(260)) - Container #1 is in OPEN state, but the datanode 4099cb2b-2e2e-4151-9db7-f99ade631412(fv-az465-709/10.1.0.48) reports an CLOSED replica.
2023-07-26 19:46:51,573 [BlockDeletingService#8] INFO  interfaces.ContainerDeletionChoosingPolicyTemplate (ContainerDeletionChoosingPolicyTemplate.java:chooseContainerForBlockDeletion(83)) - Chosen 0/5000 blocks from 0 candidate containers.
2023-07-26 19:46:51,664 [BlockDeletingService#3] INFO  interfaces.ContainerDeletionChoosingPolicyTemplate (ContainerDeletionChoosingPolicyTemplate.java:chooseContainerForBlockDeletion(83)) - Chosen 0/5000 blocks from 0 candidate containers.
2023-07-26 19:46:51,674 [BlockDeletingService#8] INFO  interfaces.ContainerDeletionChoosingPolicyTemplate (ContainerDeletionChoosingPolicyTemplate.java:chooseContainerForBlockDeletion(83)) - Chosen 0/5000 blocks from 0 candidate containers.
2023-07-26 19:46:51,751 [FixedThreadPoolWithAffinityExecutor-8-0] WARN  container.ContainerReportHandler (AbstractContainerReportHandler.java:updateContainerState(260)) - Container #1 is in OPEN state, but the datanode c33e49d7-aab4-4e8b-84a2-e80ab64b386a(fv-az465-709/10.1.0.48) reports an CLOSED replica.
2023-07-26 19:46:51,765 [BlockDeletingService#3] INFO  interfaces.ContainerDeletionChoosingPolicyTemplate (ContainerDeletionChoosingPolicyTemplate.java:chooseContainerForBlockDeletion(83)) - Chosen 0/5000 blocks from 0 candidate containers.
2023-07-26 19:46:51,774 [BlockDeletingService#8] INFO  interfaces.ContainerDeletionChoosingPolicyTemplate (ContainerDeletionChoosingPolicyTemplate.java:chooseContainerForBlockDeletion(83)) - Chosen 0/5000 blocks from 0 candidate containers.
2023-07-26 19:46:51,865 [BlockDeletingService#3] INFO  interfaces.ContainerDeletionChoosingPolicyTemplate (ContainerDeletionChoosingPolicyTemplate.java:chooseContainerForBlockDeletion(83)) - Chosen 0/5000 blocks from 0 candidate containers.
2023-07-26 19:46:51,875 [BlockDeletingService#8] INFO  interfaces.ContainerDeletionChoosingPolicyTemplate (ContainerDeletionChoosingPolicyTemplate.java:chooseContainerForBlockDeletion(83)) - Chosen 0/5000 blocks from 0 candidate containers.
2023-07-26 19:46:51,952 [FixedThreadPoolWithAffinityExecutor-8-0] WARN  container.ContainerReportHandler (AbstractContainerReportHandler.java:updateContainerState(260)) - Container #1 is in OPEN state, but the datanode c33e49d7-aab4-4e8b-84a2-e80ab64b386a(fv-az465-709/10.1.0.48) reports an CLOSED replica.
2023-07-26 19:46:51,965 [BlockDeletingService#3] INFO  interfaces.ContainerDeletionChoosingPolicyTemplate (ContainerDeletionChoosingPolicyTemplate.java:chooseContainerForBlockDeletion(83)) - Chosen 0/5000 blocks from 0 candidate containers.
2023-07-26 19:46:51,967 [FixedThreadPoolWithAffinityExecutor-0-0] WARN  container.ContainerReportHandler (AbstractContainerReportHandler.java:updateContainerState(260)) - Container #1 is in OPEN state, but the datanode 4099cb2b-2e2e-4151-9db7-f99ade631412(fv-az465-709/10.1.0.48) reports an CLOSED replica.
2023-07-26 19:46:51,975 [BlockDeletingService#8] INFO  interfaces.ContainerDeletionChoosingPolicyTemplate (ContainerDeletionChoosingPolicyTemplate.java:chooseContainerForBlockDeletion(83)) - Chosen 0/5000 blocks from 0 candidate containers.
2023-07-26 19:46:52,066 [BlockDeletingService#3] INFO  interfaces.ContainerDeletionChoosingPolicyTemplate (ContainerDeletionChoosingPolicyTemplate.java:chooseContainerForBlockDeletion(83)) - Chosen 0/5000 blocks from 0 candidate containers.
2023-07-26 19:46:52,075 [BlockDeletingService#8] INFO  interfaces.ContainerDeletionChoosingPolicyTemplate (ContainerDeletionChoosingPolicyTemplate.java:chooseContainerForBlockDeletion(83)) - Chosen 0/5000 blocks from 0 candidate containers.
2023-07-26 19:46:52,151 [FixedThreadPoolWithAffinityExecutor-8-0] WARN  container.ContainerReportHandler (AbstractContainerReportHandler.java:updateContainerState(260)) - Container #1 is in OPEN state, but the datanode c33e49d7-aab4-4e8b-84a2-e80ab64b386a(fv-az465-709/10.1.0.48) reports an CLOSED replica.
2023-07-26 19:46:52,166 [BlockDeletingService#3] INFO  interfaces.ContainerDeletionChoosingPolicyTemplate (ContainerDeletionChoosingPolicyTemplate.java:chooseContainerForBlockDeletion(83)) - Chosen 0/5000 blocks from 0 candidate containers.
2023-07-26 19:46:52,176 [BlockDeletingService#8] INFO  interfaces.ContainerDeletionChoosingPolicyTemplate (ContainerDeletionChoosingPolicyTemplate.java:chooseContainerForBlockDeletion(83)) - Chosen 0/5000 blocks from 0 candidate containers.
2023-07-26 19:46:52,267 [BlockDeletingService#3] INFO  interfaces.ContainerDeletionChoosingPolicyTemplate (ContainerDeletionChoosingPolicyTemplate.java:chooseContainerForBlockDeletion(83)) - Chosen 0/5000 blocks from 0 candidate containers.
2023-07-26 19:46:52,267 [FixedThreadPoolWithAffinityExecutor-0-0] WARN  container.ContainerReportHandler (AbstractContainerReportHandler.java:updateContainerState(260)) - Container #1 is in OPEN state, but the datanode 4099cb2b-2e2e-4151-9db7-f99ade631412(fv-az465-709/10.1.0.48) reports an CLOSED replica.
2023-07-26 19:46:52,276 [BlockDeletingService#8] INFO  interfaces.ContainerDeletionChoosingPolicyTemplate (ContainerDeletionChoosingPolicyTemplate.java:chooseContainerForBlockDeletion(83)) - Chosen 0/5000 blocks from 0 candidate containers.
2023-07-26 19:46:52,367 [BlockDeletingService#3] INFO  interfaces.ContainerDeletionChoosingPolicyTemplate (ContainerDeletionChoosingPolicyTemplate.java:chooseContainerForBlockDeletion(83)) - Chosen 0/5000 blocks from 0 candidate containers.
2023-07-26 19:46:52,376 [BlockDeletingService#8] INFO  interfaces.ContainerDeletionChoosingPolicyTemplate (ContainerDeletionChoosingPolicyTemplate.java:chooseContainerForBlockDeletion(83)) - Chosen 0/5000 blocks from 0 candidate containers.
2023-07-26 19:46:52,451 [FixedThreadPoolWithAffinityExecutor-8-0] WARN  container.ContainerReportHandler (AbstractContainerReportHandler.java:updateContainerState(260)) - Container #1 is in OPEN state, but the datanode c33e49d7-aab4-4e8b-84a2-e80ab64b386a(fv-az465-709/10.1.0.48) reports an CLOSED replica.
2023-07-26 19:46:52,468 [BlockDeletingService#3] INFO  interfaces.ContainerDeletionChoosingPolicyTemplate (ContainerDeletionChoosingPolicyTemplate.java:chooseContainerForBlockDeletion(83)) - Chosen 0/5000 blocks from 0 candidate containers.
2023-07-26 19:46:52,477 [BlockDeletingService#8] INFO  interfaces.ContainerDeletionChoosingPolicyTemplate (ContainerDeletionChoosingPolicyTemplate.java:chooseContainerForBlockDeletion(83)) - Chosen 0/5000 blocks from 0 candidate containers.
2023-07-26 19:46:52,568 [BlockDeletingService#3] INFO  interfaces.ContainerDeletionChoosingPolicyTemplate (ContainerDeletionChoosingPolicyTemplate.java:chooseContainerForBlockDeletion(83)) - Chosen 0/5000 blocks from 0 candidate containers.
2023-07-26 19:46:52,580 [BlockDeletingService#8] INFO  interfaces.ContainerDeletionChoosingPolicyTemplate (ContainerDeletionChoosingPolicyTemplate.java:chooseContainerForBlockDeletion(83)) - Chosen 0/5000 blocks from 0 candidate containers.
2023-07-26 19:46:52,651 [FixedThreadPoolWithAffinityExecutor-8-0] WARN  container.ContainerReportHandler (AbstractContainerReportHandler.java:updateContainerState(260)) - Container #1 is in OPEN state, but the datanode c33e49d7-aab4-4e8b-84a2-e80ab64b386a(fv-az465-709/10.1.0.48) reports an CLOSED replica.
2023-07-26 19:46:52,668 [BlockDeletingService#3] INFO  interfaces.ContainerDeletionChoosingPolicyTemplate (ContainerDeletionChoosingPolicyTemplate.java:chooseContainerForBlockDeletion(83)) - Chosen 0/5000 blocks from 0 candidate containers.
2023-07-26 19:46:52,669 [FixedThreadPoolWithAffinityExecutor-0-0] WARN  container.ContainerReportHandler (AbstractContainerReportHandler.java:updateContainerState(260)) - Container #1 is in OPEN state, but the datanode 4099cb2b-2e2e-4151-9db7-f99ade631412(fv-az465-709/10.1.0.48) reports an CLOSED replica.
2023-07-26 19:46:52,680 [BlockDeletingService#8] INFO  interfaces.ContainerDeletionChoosingPolicyTemplate (ContainerDeletionChoosingPolicyTemplate.java:chooseContainerForBlockDeletion(83)) - Chosen 0/5000 blocks from 0 candidate containers.
2023-07-26 19:46:52,692 [grpc-default-executor-2] WARN  server.GrpcLogAppender (LogUtils.java:warn(122)) - 4099cb2b-2e2e-4151-9db7-f99ade631412@group-1C7129A268B6->cc71d3b4-cf6a-416c-96eb-6097e97a8fe1-AppendLogResponseHandler: Failed appendEntries: org.apache.ratis.thirdparty.io.grpc.StatusRuntimeException: UNAVAILABLE: io exception
2023-07-26 19:46:52,692 [grpc-default-executor-3] WARN  server.GrpcLogAppender (LogUtils.java:warn(122)) - 4099cb2b-2e2e-4151-9db7-f99ade631412@group-1C7129A268B6->cc71d3b4-cf6a-416c-96eb-6097e97a8fe1-AppendLogResponseHandler: Failed appendEntries: org.apache.ratis.thirdparty.io.grpc.StatusRuntimeException: UNAVAILABLE: io exception
2023-07-26 19:46:52,693 [grpc-default-executor-2] WARN  server.GrpcLogAppender (GrpcLogAppender.java:resetClient(128)) - 4099cb2b-2e2e-4151-9db7-f99ade631412@group-1C7129A268B6->cc71d3b4-cf6a-416c-96eb-6097e97a8fe1-GrpcLogAppender: Follower failed when matchIndex == 0,  keep nextIndex (6) unchanged and retry.
2023-07-26 19:46:52,695 [grpc-default-executor-3] WARN  server.GrpcLogAppender (GrpcLogAppender.java:resetClient(128)) - 4099cb2b-2e2e-4151-9db7-f99ade631412@group-1C7129A268B6->cc71d3b4-cf6a-416c-96eb-6097e97a8fe1-GrpcLogAppender: Follower failed when matchIndex == 0,  keep nextIndex (6) unchanged and retry.
2023-07-26 19:46:52,769 [BlockDeletingService#3] INFO  interfaces.ContainerDeletionChoosingPolicyTemplate (ContainerDeletionChoosingPolicyTemplate.java:chooseContainerForBlockDeletion(83)) - Chosen 0/5000 blocks from 0 candidate containers.
2023-07-26 19:46:52,781 [BlockDeletingService#8] INFO  interfaces.ContainerDeletionChoosingPolicyTemplate (ContainerDeletionChoosingPolicyTemplate.java:chooseContainerForBlockDeletion(83)) - Chosen 0/5000 blocks from 0 candidate containers.
2023-07-26 19:46:52,851 [FixedThreadPoolWithAffinityExecutor-8-0] WARN  container.ContainerReportHandler (AbstractContainerReportHandler.java:updateContainerState(260)) - Container #1 is in OPEN state, but the datanode c33e49d7-aab4-4e8b-84a2-e80ab64b386a(fv-az465-709/10.1.0.48) reports an CLOSED replica.
2023-07-26 19:46:52,869 [BlockDeletingService#3] INFO  interfaces.ContainerDeletionChoosingPolicyTemplate (ContainerDeletionChoosingPolicyTemplate.java:chooseContainerForBlockDeletion(83)) - Chosen 0/5000 blocks from 0 candidate containers.
2023-07-26 19:46:52,881 [BlockDeletingService#8] INFO  interfaces.ContainerDeletionChoosingPolicyTemplate (ContainerDeletionChoosingPolicyTemplate.java:chooseContainerForBlockDeletion(83)) - Chosen 0/5000 blocks from 0 candidate containers.
2023-07-26 19:46:52,969 [FixedThreadPoolWithAffinityExecutor-0-0] WARN  container.ContainerReportHandler (AbstractContainerReportHandler.java:updateContainerState(260)) - Container #1 is in OPEN state, but the datanode 4099cb2b-2e2e-4151-9db7-f99ade631412(fv-az465-709/10.1.0.48) reports an CLOSED replica.
2023-07-26 19:46:52,969 [BlockDeletingService#3] INFO  interfaces.ContainerDeletionChoosingPolicyTemplate (ContainerDeletionChoosingPolicyTemplate.java:chooseContainerForBlockDeletion(83)) - Chosen 0/5000 blocks from 0 candidate containers.
2023-07-26 19:46:52,982 [BlockDeletingService#8] INFO  interfaces.ContainerDeletionChoosingPolicyTemplate (ContainerDeletionChoosingPolicyTemplate.java:chooseContainerForBlockDeletion(83)) - Chosen 0/5000 blocks from 0 candidate containers.
2023-07-26 19:46:53,052 [FixedThreadPoolWithAffinityExecutor-8-0] WARN  container.ContainerReportHandler (AbstractContainerReportHandler.java:updateContainerState(260)) - Container #1 is in OPEN state, but the datanode c33e49d7-aab4-4e8b-84a2-e80ab64b386a(fv-az465-709/10.1.0.48) reports an CLOSED replica.
2023-07-26 19:46:53,070 [BlockDeletingService#3] INFO  interfaces.ContainerDeletionChoosingPolicyTemplate (ContainerDeletionChoosingPolicyTemplate.java:chooseContainerForBlockDeletion(83)) - Chosen 0/5000 blocks from 0 candidate containers.
2023-07-26 19:46:53,082 [BlockDeletingService#8] INFO  interfaces.ContainerDeletionChoosingPolicyTemplate (ContainerDeletionChoosingPolicyTemplate.java:chooseContainerForBlockDeletion(83)) - Chosen 0/5000 blocks from 0 candidate containers.
2023-07-26 19:46:53,170 [BlockDeletingService#3] INFO  interfaces.ContainerDeletionChoosingPolicyTemplate (ContainerDeletionChoosingPolicyTemplate.java:chooseContainerForBlockDeletion(83)) - Chosen 0/5000 blocks from 0 candidate containers.
2023-07-26 19:46:53,183 [BlockDeletingService#8] INFO  interfaces.ContainerDeletionChoosingPolicyTemplate (ContainerDeletionChoosingPolicyTemplate.java:chooseContainerForBlockDeletion(83)) - Chosen 0/5000 blocks from 0 candidate containers.
2023-07-26 19:46:53,271 [BlockDeletingService#3] INFO  interfaces.ContainerDeletionChoosingPolicyTemplate (ContainerDeletionChoosingPolicyTemplate.java:chooseContainerForBlockDeletion(83)) - Chosen 0/5000 blocks from 0 candidate containers.
2023-07-26 19:46:53,284 [BlockDeletingService#8] INFO  interfaces.ContainerDeletionChoosingPolicyTemplate (ContainerDeletionChoosingPolicyTemplate.java:chooseContainerForBlockDeletion(83)) - Chosen 0/5000 blocks from 0 candidate containers.
2023-07-26 19:46:53,353 [FixedThreadPoolWithAffinityExecutor-8-0] WARN  container.ContainerReportHandler (AbstractContainerReportHandler.java:updateContainerState(260)) - Container #1 is in OPEN state, but the datanode c33e49d7-aab4-4e8b-84a2-e80ab64b386a(fv-az465-709/10.1.0.48) reports an CLOSED replica.
2023-07-26 19:46:53,368 [FixedThreadPoolWithAffinityExecutor-0-0] WARN  container.ContainerReportHandler (AbstractContainerReportHandler.java:updateContainerState(260)) - Container #1 is in OPEN state, but the datanode 4099cb2b-2e2e-4151-9db7-f99ade631412(fv-az465-709/10.1.0.48) reports an CLOSED replica.
2023-07-26 19:46:53,371 [BlockDeletingService#3] INFO  interfaces.ContainerDeletionChoosingPolicyTemplate (ContainerDeletionChoosingPolicyTemplate.java:chooseContainerForBlockDeletion(83)) - Chosen 0/5000 blocks from 0 candidate containers.
2023-07-26 19:46:53,384 [BlockDeletingService#8] INFO  interfaces.ContainerDeletionChoosingPolicyTemplate (ContainerDeletionChoosingPolicyTemplate.java:chooseContainerForBlockDeletion(83)) - Chosen 0/5000 blocks from 0 candidate containers.
2023-07-26 19:46:53,471 [BlockDeletingService#3] INFO  interfaces.ContainerDeletionChoosingPolicyTemplate (ContainerDeletionChoosingPolicyTemplate.java:chooseContainerForBlockDeletion(83)) - Chosen 0/5000 blocks from 0 candidate containers.
2023-07-26 19:46:53,484 [BlockDeletingService#8] INFO  interfaces.ContainerDeletionChoosingPolicyTemplate (ContainerDeletionChoosingPolicyTemplate.java:chooseContainerForBlockDeletion(83)) - Chosen 0/5000 blocks from 0 candidate containers.
2023-07-26 19:46:53,556 [FixedThreadPoolWithAffinityExecutor-8-0] WARN  container.ContainerReportHandler (AbstractContainerReportHandler.java:updateContainerState(260)) - Container #1 is in OPEN state, but the datanode c33e49d7-aab4-4e8b-84a2-e80ab64b386a(fv-az465-709/10.1.0.48) reports an CLOSED replica.
2023-07-26 19:46:53,571 [BlockDeletingService#3] INFO  interfaces.ContainerDeletionChoosingPolicyTemplate (ContainerDeletionChoosingPolicyTemplate.java:chooseContainerForBlockDeletion(83)) - Chosen 0/5000 blocks from 0 candidate containers.
2023-07-26 19:46:53,584 [BlockDeletingService#8] INFO  interfaces.ContainerDeletionChoosingPolicyTemplate (ContainerDeletionChoosingPolicyTemplate.java:chooseContainerForBlockDeletion(83)) - Chosen 0/5000 blocks from 0 candidate containers.
2023-07-26 19:46:53,672 [BlockDeletingService#3] INFO  interfaces.ContainerDeletionChoosingPolicyTemplate (ContainerDeletionChoosingPolicyTemplate.java:chooseContainerForBlockDeletion(83)) - Chosen 0/5000 blocks from 0 candidate containers.
2023-07-26 19:46:53,672 [FixedThreadPoolWithAffinityExecutor-0-0] WARN  container.ContainerReportHandler (AbstractContainerReportHandler.java:updateContainerState(260)) - Container #1 is in OPEN state, but the datanode 4099cb2b-2e2e-4151-9db7-f99ade631412(fv-az465-709/10.1.0.48) reports an CLOSED replica.
2023-07-26 19:46:53,685 [BlockDeletingService#8] INFO  interfaces.ContainerDeletionChoosingPolicyTemplate (ContainerDeletionChoosingPolicyTemplate.java:chooseContainerForBlockDeletion(83)) - Chosen 0/5000 blocks from 0 candidate containers.
2023-07-26 19:46:53,757 [FixedThreadPoolWithAffinityExecutor-8-0] WARN  container.ContainerReportHandler (AbstractContainerReportHandler.java:updateContainerState(260)) - Container #1 is in OPEN state, but the datanode c33e49d7-aab4-4e8b-84a2-e80ab64b386a(fv-az465-709/10.1.0.48) reports an CLOSED replica.
2023-07-26 19:46:53,772 [BlockDeletingService#3] INFO  interfaces.ContainerDeletionChoosingPolicyTemplate (ContainerDeletionChoosingPolicyTemplate.java:chooseContainerForBlockDeletion(83)) - Chosen 0/5000 blocks from 0 candidate containers.
2023-07-26 19:46:53,785 [BlockDeletingService#5] INFO  interfaces.ContainerDeletionChoosingPolicyTemplate (ContainerDeletionChoosingPolicyTemplate.java:chooseContainerForBlockDeletion(83)) - Chosen 0/5000 blocks from 0 candidate containers.
2023-07-26 19:46:53,872 [BlockDeletingService#3] INFO  interfaces.ContainerDeletionChoosingPolicyTemplate (ContainerDeletionChoosingPolicyTemplate.java:chooseContainerForBlockDeletion(83)) - Chosen 0/5000 blocks from 0 candidate containers.
2023-07-26 19:46:53,885 [BlockDeletingService#5] INFO  interfaces.ContainerDeletionChoosingPolicyTemplate (ContainerDeletionChoosingPolicyTemplate.java:chooseContainerForBlockDeletion(83)) - Chosen 0/5000 blocks from 0 candidate containers.
2023-07-26 19:46:53,943 [grpc-default-executor-3] WARN  server.GrpcLogAppender (LogUtils.java:warn(122)) - 4099cb2b-2e2e-4151-9db7-f99ade631412@group-1C7129A268B6->cc71d3b4-cf6a-416c-96eb-6097e97a8fe1-AppendLogResponseHandler: Failed appendEntries: org.apache.ratis.thirdparty.io.grpc.StatusRuntimeException: UNAVAILABLE: io exception
2023-07-26 19:46:53,944 [grpc-default-executor-3] WARN  server.GrpcLogAppender (GrpcLogAppender.java:resetClient(128)) - 4099cb2b-2e2e-4151-9db7-f99ade631412@group-1C7129A268B6->cc71d3b4-cf6a-416c-96eb-6097e97a8fe1-GrpcLogAppender: Follower failed when matchIndex == 0,  keep nextIndex (6) unchanged and retry.
2023-07-26 19:46:53,944 [grpc-default-executor-2] WARN  server.GrpcLogAppender (LogUtils.java:warn(122)) - 4099cb2b-2e2e-4151-9db7-f99ade631412@group-1C7129A268B6->cc71d3b4-cf6a-416c-96eb-6097e97a8fe1-AppendLogResponseHandler: Failed appendEntries: org.apache.ratis.thirdparty.io.grpc.StatusRuntimeException: UNAVAILABLE: io exception
2023-07-26 19:46:53,945 [grpc-default-executor-2] WARN  server.GrpcLogAppender (GrpcLogAppender.java:resetClient(128)) - 4099cb2b-2e2e-4151-9db7-f99ade631412@group-1C7129A268B6->cc71d3b4-cf6a-416c-96eb-6097e97a8fe1-GrpcLogAppender: Follower failed when matchIndex == 0,  keep nextIndex (6) unchanged and retry.
2023-07-26 19:46:53,973 [BlockDeletingService#3] INFO  interfaces.ContainerDeletionChoosingPolicyTemplate (ContainerDeletionChoosingPolicyTemplate.java:chooseContainerForBlockDeletion(83)) - Chosen 0/5000 blocks from 0 candidate containers.
2023-07-26 19:46:53,974 [FixedThreadPoolWithAffinityExecutor-0-0] WARN  container.ContainerReportHandler (AbstractContainerReportHandler.java:updateContainerState(260)) - Container #1 is in OPEN state, but the datanode 4099cb2b-2e2e-4151-9db7-f99ade631412(fv-az465-709/10.1.0.48) reports an CLOSED replica.
2023-07-26 19:46:53,986 [BlockDeletingService#5] INFO  interfaces.ContainerDeletionChoosingPolicyTemplate (ContainerDeletionChoosingPolicyTemplate.java:chooseContainerForBlockDeletion(83)) - Chosen 0/5000 blocks from 0 candidate containers.
2023-07-26 19:46:54,057 [FixedThreadPoolWithAffinityExecutor-8-0] WARN  container.ContainerReportHandler (AbstractContainerReportHandler.java:updateContainerState(260)) - Container #1 is in OPEN state, but the datanode c33e49d7-aab4-4e8b-84a2-e80ab64b386a(fv-az465-709/10.1.0.48) reports an CLOSED replica.
2023-07-26 19:46:54,073 [BlockDeletingService#3] INFO  interfaces.ContainerDeletionChoosingPolicyTemplate (ContainerDeletionChoosingPolicyTemplate.java:chooseContainerForBlockDeletion(83)) - Chosen 0/5000 blocks from 0 candidate containers.
2023-07-26 19:46:54,086 [BlockDeletingService#5] INFO  interfaces.ContainerDeletionChoosingPolicyTemplate (ContainerDeletionChoosingPolicyTemplate.java:chooseContainerForBlockDeletion(83)) - Chosen 0/5000 blocks from 0 candidate containers.
2023-07-26 19:46:54,174 [BlockDeletingService#3] INFO  interfaces.ContainerDeletionChoosingPolicyTemplate (ContainerDeletionChoosingPolicyTemplate.java:chooseContainerForBlockDeletion(83)) - Chosen 0/5000 blocks from 0 candidate containers.
2023-07-26 19:46:54,187 [BlockDeletingService#5] INFO  interfaces.ContainerDeletionChoosingPolicyTemplate (ContainerDeletionChoosingPolicyTemplate.java:chooseContainerForBlockDeletion(83)) - Chosen 0/5000 blocks from 0 candidate containers.
2023-07-26 19:46:54,257 [FixedThreadPoolWithAffinityExecutor-8-0] WARN  container.ContainerReportHandler (AbstractContainerReportHandler.java:updateContainerState(260)) - Container #1 is in OPEN state, but the datanode c33e49d7-aab4-4e8b-84a2-e80ab64b386a(fv-az465-709/10.1.0.48) reports an CLOSED replica.
2023-07-26 19:46:54,274 [BlockDeletingService#3] INFO  interfaces.ContainerDeletionChoosingPolicyTemplate (ContainerDeletionChoosingPolicyTemplate.java:chooseContainerForBlockDeletion(83)) - Chosen 0/5000 blocks from 0 candidate containers.
2023-07-26 19:46:54,287 [BlockDeletingService#5] INFO  interfaces.ContainerDeletionChoosingPolicyTemplate (ContainerDeletionChoosingPolicyTemplate.java:chooseContainerForBlockDeletion(83)) - Chosen 0/5000 blocks from 0 candidate containers.
2023-07-26 19:46:54,374 [BlockDeletingService#3] INFO  interfaces.ContainerDeletionChoosingPolicyTemplate (ContainerDeletionChoosingPolicyTemplate.java:chooseContainerForBlockDeletion(83)) - Chosen 0/5000 blocks from 0 candidate containers.
2023-07-26 19:46:54,375 [FixedThreadPoolWithAffinityExecutor-0-0] WARN  container.ContainerReportHandler (AbstractContainerReportHandler.java:updateContainerState(260)) - Container #1 is in OPEN state, but the datanode 4099cb2b-2e2e-4151-9db7-f99ade631412(fv-az465-709/10.1.0.48) reports an CLOSED replica.
2023-07-26 19:46:54,387 [BlockDeletingService#5] INFO  interfaces.ContainerDeletionChoosingPolicyTemplate (ContainerDeletionChoosingPolicyTemplate.java:chooseContainerForBlockDeletion(83)) - Chosen 0/5000 blocks from 0 candidate containers.
2023-07-26 19:46:54,462 [FixedThreadPoolWithAffinityExecutor-8-0] WARN  container.ContainerReportHandler (AbstractContainerReportHandler.java:updateContainerState(260)) - Container #1 is in OPEN state, but the datanode c33e49d7-aab4-4e8b-84a2-e80ab64b386a(fv-az465-709/10.1.0.48) reports an CLOSED replica.
2023-07-26 19:46:54,475 [BlockDeletingService#3] INFO  interfaces.ContainerDeletionChoosingPolicyTemplate (ContainerDeletionChoosingPolicyTemplate.java:chooseContainerForBlockDeletion(83)) - Chosen 0/5000 blocks from 0 candidate containers.
2023-07-26 19:46:54,487 [BlockDeletingService#5] INFO  interfaces.ContainerDeletionChoosingPolicyTemplate (ContainerDeletionChoosingPolicyTemplate.java:chooseContainerForBlockDeletion(83)) - Chosen 0/5000 blocks from 0 candidate containers.
2023-07-26 19:46:54,576 [BlockDeletingService#3] INFO  interfaces.ContainerDeletionChoosingPolicyTemplate (ContainerDeletionChoosingPolicyTemplate.java:chooseContainerForBlockDeletion(83)) - Chosen 0/5000 blocks from 0 candidate containers.
2023-07-26 19:46:54,592 [BlockDeletingService#5] INFO  interfaces.ContainerDeletionChoosingPolicyTemplate (ContainerDeletionChoosingPolicyTemplate.java:chooseContainerForBlockDeletion(83)) - Chosen 0/5000 blocks from 0 candidate containers.
2023-07-26 19:46:54,675 [FixedThreadPoolWithAffinityExecutor-0-0] WARN  container.ContainerReportHandler (AbstractContainerReportHandler.java:updateContainerState(260)) - Container #1 is in OPEN state, but the datanode 4099cb2b-2e2e-4151-9db7-f99ade631412(fv-az465-709/10.1.0.48) reports an CLOSED replica.
2023-07-26 19:46:54,677 [BlockDeletingService#3] INFO  interfaces.ContainerDeletionChoosingPolicyTemplate (ContainerDeletionChoosingPolicyTemplate.java:chooseContainerForBlockDeletion(83)) - Chosen 0/5000 blocks from 0 candidate containers.
2023-07-26 19:46:54,692 [BlockDeletingService#5] INFO  interfaces.ContainerDeletionChoosingPolicyTemplate (ContainerDeletionChoosingPolicyTemplate.java:chooseContainerForBlockDeletion(83)) - Chosen 0/5000 blocks from 0 candidate containers.
2023-07-26 19:46:54,766 [FixedThreadPoolWithAffinityExecutor-8-0] WARN  container.ContainerReportHandler (AbstractContainerReportHandler.java:updateContainerState(260)) - Container #1 is in OPEN state, but the datanode c33e49d7-aab4-4e8b-84a2-e80ab64b386a(fv-az465-709/10.1.0.48) reports an CLOSED replica.
2023-07-26 19:46:54,777 [BlockDeletingService#3] INFO  interfaces.ContainerDeletionChoosingPolicyTemplate (ContainerDeletionChoosingPolicyTemplate.java:chooseContainerForBlockDeletion(83)) - Chosen 0/5000 blocks from 0 candidate containers.
2023-07-26 19:46:54,792 [BlockDeletingService#5] INFO  interfaces.ContainerDeletionChoosingPolicyTemplate (ContainerDeletionChoosingPolicyTemplate.java:chooseContainerForBlockDeletion(83)) - Chosen 0/5000 blocks from 0 candidate containers.
2023-07-26 19:46:54,877 [BlockDeletingService#3] INFO  interfaces.ContainerDeletionChoosingPolicyTemplate (ContainerDeletionChoosingPolicyTemplate.java:chooseContainerForBlockDeletion(83)) - Chosen 0/5000 blocks from 0 candidate containers.
2023-07-26 19:46:54,892 [BlockDeletingService#5] INFO  interfaces.ContainerDeletionChoosingPolicyTemplate (ContainerDeletionChoosingPolicyTemplate.java:chooseContainerForBlockDeletion(83)) - Chosen 0/5000 blocks from 0 candidate containers.
2023-07-26 19:46:54,963 [FixedThreadPoolWithAffinityExecutor-8-0] WARN  container.ContainerReportHandler (AbstractContainerReportHandler.java:updateContainerState(260)) - Container #1 is in OPEN state, but the datanode c33e49d7-aab4-4e8b-84a2-e80ab64b386a(fv-az465-709/10.1.0.48) reports an CLOSED replica.
2023-07-26 19:46:54,977 [BlockDeletingService#3] INFO  interfaces.ContainerDeletionChoosingPolicyTemplate (ContainerDeletionChoosingPolicyTemplate.java:chooseContainerForBlockDeletion(83)) - Chosen 0/5000 blocks from 0 candidate containers.
2023-07-26 19:46:54,993 [BlockDeletingService#5] INFO  interfaces.ContainerDeletionChoosingPolicyTemplate (ContainerDeletionChoosingPolicyTemplate.java:chooseContainerForBlockDeletion(83)) - Chosen 0/5000 blocks from 0 candidate containers.
2023-07-26 19:46:55,075 [FixedThreadPoolWithAffinityExecutor-0-0] WARN  container.ContainerReportHandler (AbstractContainerReportHandler.java:updateContainerState(260)) - Container #1 is in OPEN state, but the datanode 4099cb2b-2e2e-4151-9db7-f99ade631412(fv-az465-709/10.1.0.48) reports an CLOSED replica.
2023-07-26 19:46:55,078 [BlockDeletingService#3] INFO  interfaces.ContainerDeletionChoosingPolicyTemplate (ContainerDeletionChoosingPolicyTemplate.java:chooseContainerForBlockDeletion(83)) - Chosen 0/5000 blocks from 0 candidate containers.
2023-07-26 19:46:55,093 [BlockDeletingService#5] INFO  interfaces.ContainerDeletionChoosingPolicyTemplate (ContainerDeletionChoosingPolicyTemplate.java:chooseContainerForBlockDeletion(83)) - Chosen 0/5000 blocks from 0 candidate containers.
2023-07-26 19:46:55,163 [FixedThreadPoolWithAffinityExecutor-8-0] WARN  container.ContainerReportHandler (AbstractContainerReportHandler.java:updateContainerState(260)) - Container #1 is in OPEN state, but the datanode c33e49d7-aab4-4e8b-84a2-e80ab64b386a(fv-az465-709/10.1.0.48) reports an CLOSED replica.
2023-07-26 19:46:55,178 [BlockDeletingService#3] INFO  interfaces.ContainerDeletionChoosingPolicyTemplate (ContainerDeletionChoosingPolicyTemplate.java:chooseContainerForBlockDeletion(83)) - Chosen 0/5000 blocks from 0 candidate containers.
2023-07-26 19:46:55,193 [BlockDeletingService#5] INFO  interfaces.ContainerDeletionChoosingPolicyTemplate (ContainerDeletionChoosingPolicyTemplate.java:chooseContainerForBlockDeletion(83)) - Chosen 0/5000 blocks from 0 candidate containers.
2023-07-26 19:46:55,193 [grpc-default-executor-2] WARN  server.GrpcLogAppender (LogUtils.java:warn(122)) - 4099cb2b-2e2e-4151-9db7-f99ade631412@group-1C7129A268B6->cc71d3b4-cf6a-416c-96eb-6097e97a8fe1-AppendLogResponseHandler: Failed appendEntries: org.apache.ratis.thirdparty.io.grpc.StatusRuntimeException: UNAVAILABLE: io exception
2023-07-26 19:46:55,193 [grpc-default-executor-3] WARN  server.GrpcLogAppender (LogUtils.java:warn(122)) - 4099cb2b-2e2e-4151-9db7-f99ade631412@group-1C7129A268B6->cc71d3b4-cf6a-416c-96eb-6097e97a8fe1-AppendLogResponseHandler: Failed appendEntries: org.apache.ratis.thirdparty.io.grpc.StatusRuntimeException: UNAVAILABLE: io exception
2023-07-26 19:46:55,195 [grpc-default-executor-2] WARN  server.GrpcLogAppender (GrpcLogAppender.java:resetClient(128)) - 4099cb2b-2e2e-4151-9db7-f99ade631412@group-1C7129A268B6->cc71d3b4-cf6a-416c-96eb-6097e97a8fe1-GrpcLogAppender: Follower failed when matchIndex == 0,  keep nextIndex (6) unchanged and retry.
2023-07-26 19:46:55,195 [grpc-default-executor-3] WARN  server.GrpcLogAppender (GrpcLogAppender.java:resetClient(128)) - 4099cb2b-2e2e-4151-9db7-f99ade631412@group-1C7129A268B6->cc71d3b4-cf6a-416c-96eb-6097e97a8fe1-GrpcLogAppender: Follower failed when matchIndex == 0,  keep nextIndex (6) unchanged and retry.
2023-07-26 19:46:55,278 [BlockDeletingService#3] INFO  interfaces.ContainerDeletionChoosingPolicyTemplate (ContainerDeletionChoosingPolicyTemplate.java:chooseContainerForBlockDeletion(83)) - Chosen 0/5000 blocks from 0 candidate containers.
2023-07-26 19:46:55,294 [BlockDeletingService#5] INFO  interfaces.ContainerDeletionChoosingPolicyTemplate (ContainerDeletionChoosingPolicyTemplate.java:chooseContainerForBlockDeletion(83)) - Chosen 0/5000 blocks from 0 candidate containers.
2023-07-26 19:46:55,363 [FixedThreadPoolWithAffinityExecutor-8-0] WARN  container.ContainerReportHandler (AbstractContainerReportHandler.java:updateContainerState(260)) - Container #1 is in OPEN state, but the datanode c33e49d7-aab4-4e8b-84a2-e80ab64b386a(fv-az465-709/10.1.0.48) reports an CLOSED replica.
2023-07-26 19:46:55,376 [FixedThreadPoolWithAffinityExecutor-0-0] WARN  container.ContainerReportHandler (AbstractContainerReportHandler.java:updateContainerState(260)) - Container #1 is in OPEN state, but the datanode 4099cb2b-2e2e-4151-9db7-f99ade631412(fv-az465-709/10.1.0.48) reports an CLOSED replica.
2023-07-26 19:46:55,379 [BlockDeletingService#3] INFO  interfaces.ContainerDeletionChoosingPolicyTemplate (ContainerDeletionChoosingPolicyTemplate.java:chooseContainerForBlockDeletion(83)) - Chosen 0/5000 blocks from 0 candidate containers.
2023-07-26 19:46:55,394 [BlockDeletingService#5] INFO  interfaces.ContainerDeletionChoosingPolicyTemplate (ContainerDeletionChoosingPolicyTemplate.java:chooseContainerForBlockDeletion(83)) - Chosen 0/5000 blocks from 0 candidate containers.
2023-07-26 19:46:55,479 [BlockDeletingService#3] INFO  interfaces.ContainerDeletionChoosingPolicyTemplate (ContainerDeletionChoosingPolicyTemplate.java:chooseContainerForBlockDeletion(83)) - Chosen 0/5000 blocks from 0 candidate containers.
2023-07-26 19:46:55,494 [BlockDeletingService#5] INFO  interfaces.ContainerDeletionChoosingPolicyTemplate (ContainerDeletionChoosingPolicyTemplate.java:chooseContainerForBlockDeletion(83)) - Chosen 0/5000 blocks from 0 candidate containers.
2023-07-26 19:46:55,580 [BlockDeletingService#3] INFO  interfaces.ContainerDeletionChoosingPolicyTemplate (ContainerDeletionChoosingPolicyTemplate.java:chooseContainerForBlockDeletion(83)) - Chosen 0/5000 blocks from 0 candidate containers.
2023-07-26 19:46:55,595 [BlockDeletingService#5] INFO  interfaces.ContainerDeletionChoosingPolicyTemplate (ContainerDeletionChoosingPolicyTemplate.java:chooseContainerForBlockDeletion(83)) - Chosen 0/5000 blocks from 0 candidate containers.
2023-07-26 19:46:55,664 [FixedThreadPoolWithAffinityExecutor-8-0] WARN  container.ContainerReportHandler (AbstractContainerReportHandler.java:updateContainerState(260)) - Container #1 is in OPEN state, but the datanode c33e49d7-aab4-4e8b-84a2-e80ab64b386a(fv-az465-709/10.1.0.48) reports an CLOSED replica.
2023-07-26 19:46:55,676 [FixedThreadPoolWithAffinityExecutor-0-0] WARN  container.ContainerReportHandler (AbstractContainerReportHandler.java:updateContainerState(260)) - Container #1 is in OPEN state, but the datanode 4099cb2b-2e2e-4151-9db7-f99ade631412(fv-az465-709/10.1.0.48) reports an CLOSED replica.
2023-07-26 19:46:55,680 [BlockDeletingService#3] INFO  interfaces.ContainerDeletionChoosingPolicyTemplate (ContainerDeletionChoosingPolicyTemplate.java:chooseContainerForBlockDeletion(83)) - Chosen 0/5000 blocks from 0 candidate containers.
2023-07-26 19:46:55,696 [BlockDeletingService#5] INFO  interfaces.ContainerDeletionChoosingPolicyTemplate (ContainerDeletionChoosingPolicyTemplate.java:chooseContainerForBlockDeletion(83)) - Chosen 0/5000 blocks from 0 candidate containers.
2023-07-26 19:46:55,781 [BlockDeletingService#3] INFO  interfaces.ContainerDeletionChoosingPolicyTemplate (ContainerDeletionChoosingPolicyTemplate.java:chooseContainerForBlockDeletion(83)) - Chosen 0/5000 blocks from 0 candidate containers.
2023-07-26 19:46:55,796 [BlockDeletingService#5] INFO  interfaces.ContainerDeletionChoosingPolicyTemplate (ContainerDeletionChoosingPolicyTemplate.java:chooseContainerForBlockDeletion(83)) - Chosen 0/5000 blocks from 0 candidate containers.
2023-07-26 19:46:55,863 [FixedThreadPoolWithAffinityExecutor-8-0] WARN  container.ContainerReportHandler (AbstractContainerReportHandler.java:updateContainerState(260)) - Container #1 is in OPEN state, but the datanode c33e49d7-aab4-4e8b-84a2-e80ab64b386a(fv-az465-709/10.1.0.48) reports an CLOSED replica.
2023-07-26 19:46:55,881 [BlockDeletingService#3] INFO  interfaces.ContainerDeletionChoosingPolicyTemplate (ContainerDeletionChoosingPolicyTemplate.java:chooseContainerForBlockDeletion(83)) - Chosen 0/5000 blocks from 0 candidate containers.
2023-07-26 19:46:55,897 [BlockDeletingService#5] INFO  interfaces.ContainerDeletionChoosingPolicyTemplate (ContainerDeletionChoosingPolicyTemplate.java:chooseContainerForBlockDeletion(83)) - Chosen 0/5000 blocks from 0 candidate containers.
2023-07-26 19:46:55,981 [BlockDeletingService#3] INFO  interfaces.ContainerDeletionChoosingPolicyTemplate (ContainerDeletionChoosingPolicyTemplate.java:chooseContainerForBlockDeletion(83)) - Chosen 0/5000 blocks from 0 candidate containers.
2023-07-26 19:46:55,997 [BlockDeletingService#5] INFO  interfaces.ContainerDeletionChoosingPolicyTemplate (ContainerDeletionChoosingPolicyTemplate.java:chooseContainerForBlockDeletion(83)) - Chosen 0/5000 blocks from 0 candidate containers.
2023-07-26 19:46:56,063 [FixedThreadPoolWithAffinityExecutor-8-0] WARN  container.ContainerReportHandler (AbstractContainerReportHandler.java:updateContainerState(260)) - Container #1 is in OPEN state, but the datanode c33e49d7-aab4-4e8b-84a2-e80ab64b386a(fv-az465-709/10.1.0.48) reports an CLOSED replica.
2023-07-26 19:46:56,077 [FixedThreadPoolWithAffinityExecutor-0-0] WARN  container.ContainerReportHandler (AbstractContainerReportHandler.java:updateContainerState(260)) - Container #1 is in OPEN state, but the datanode 4099cb2b-2e2e-4151-9db7-f99ade631412(fv-az465-709/10.1.0.48) reports an CLOSED replica.
2023-07-26 19:46:56,082 [BlockDeletingService#3] INFO  interfaces.ContainerDeletionChoosingPolicyTemplate (ContainerDeletionChoosingPolicyTemplate.java:chooseContainerForBlockDeletion(83)) - Chosen 0/5000 blocks from 0 candidate containers.
2023-07-26 19:46:56,098 [BlockDeletingService#1] INFO  interfaces.ContainerDeletionChoosingPolicyTemplate (ContainerDeletionChoosingPolicyTemplate.java:chooseContainerForBlockDeletion(83)) - Chosen 0/5000 blocks from 0 candidate containers.
2023-07-26 19:46:56,182 [BlockDeletingService#3] INFO  interfaces.ContainerDeletionChoosingPolicyTemplate (ContainerDeletionChoosingPolicyTemplate.java:chooseContainerForBlockDeletion(83)) - Chosen 0/5000 blocks from 0 candidate containers.
2023-07-26 19:46:56,198 [BlockDeletingService#1] INFO  interfaces.ContainerDeletionChoosingPolicyTemplate (ContainerDeletionChoosingPolicyTemplate.java:chooseContainerForBlockDeletion(83)) - Chosen 0/5000 blocks from 0 candidate containers.
2023-07-26 19:46:56,282 [BlockDeletingService#3] INFO  interfaces.ContainerDeletionChoosingPolicyTemplate (ContainerDeletionChoosingPolicyTemplate.java:chooseContainerForBlockDeletion(83)) - Chosen 0/5000 blocks from 0 candidate containers.
2023-07-26 19:46:56,298 [BlockDeletingService#1] INFO  interfaces.ContainerDeletionChoosingPolicyTemplate (ContainerDeletionChoosingPolicyTemplate.java:chooseContainerForBlockDeletion(83)) - Chosen 0/5000 blocks from 0 candidate containers.
2023-07-26 19:46:56,363 [FixedThreadPoolWithAffinityExecutor-8-0] WARN  container.ContainerReportHandler (AbstractContainerReportHandler.java:updateContainerState(260)) - Container #1 is in OPEN state, but the datanode c33e49d7-aab4-4e8b-84a2-e80ab64b386a(fv-az465-709/10.1.0.48) reports an CLOSED replica.
2023-07-26 19:46:56,377 [FixedThreadPoolWithAffinityExecutor-0-0] WARN  container.ContainerReportHandler (AbstractContainerReportHandler.java:updateContainerState(260)) - Container #1 is in OPEN state, but the datanode 4099cb2b-2e2e-4151-9db7-f99ade631412(fv-az465-709/10.1.0.48) reports an CLOSED replica.
2023-07-26 19:46:56,383 [BlockDeletingService#3] INFO  interfaces.ContainerDeletionChoosingPolicyTemplate (ContainerDeletionChoosingPolicyTemplate.java:chooseContainerForBlockDeletion(83)) - Chosen 0/5000 blocks from 0 candidate containers.
2023-07-26 19:46:56,399 [BlockDeletingService#1] INFO  interfaces.ContainerDeletionChoosingPolicyTemplate (ContainerDeletionChoosingPolicyTemplate.java:chooseContainerForBlockDeletion(83)) - Chosen 0/5000 blocks from 0 candidate containers.
2023-07-26 19:46:56,444 [grpc-default-executor-3] WARN  server.GrpcLogAppender (LogUtils.java:warn(122)) - 4099cb2b-2e2e-4151-9db7-f99ade631412@group-1C7129A268B6->cc71d3b4-cf6a-416c-96eb-6097e97a8fe1-AppendLogResponseHandler: Failed appendEntries: org.apache.ratis.thirdparty.io.grpc.StatusRuntimeException: UNAVAILABLE: io exception
2023-07-26 19:46:56,446 [grpc-default-executor-3] WARN  server.GrpcLogAppender (GrpcLogAppender.java:resetClient(128)) - 4099cb2b-2e2e-4151-9db7-f99ade631412@group-1C7129A268B6->cc71d3b4-cf6a-416c-96eb-6097e97a8fe1-GrpcLogAppender: Follower failed when matchIndex == 0,  keep nextIndex (6) unchanged and retry.
2023-07-26 19:46:56,446 [grpc-default-executor-2] WARN  server.GrpcLogAppender (LogUtils.java:warn(122)) - 4099cb2b-2e2e-4151-9db7-f99ade631412@group-1C7129A268B6->cc71d3b4-cf6a-416c-96eb-6097e97a8fe1-AppendLogResponseHandler: Failed appendEntries: org.apache.ratis.thirdparty.io.grpc.StatusRuntimeException: UNAVAILABLE: io exception
2023-07-26 19:46:56,446 [grpc-default-executor-2] WARN  server.GrpcLogAppender (GrpcLogAppender.java:resetClient(128)) - 4099cb2b-2e2e-4151-9db7-f99ade631412@group-1C7129A268B6->cc71d3b4-cf6a-416c-96eb-6097e97a8fe1-GrpcLogAppender: Follower failed when matchIndex == 0,  keep nextIndex (6) unchanged and retry.
2023-07-26 19:46:56,483 [BlockDeletingService#3] INFO  interfaces.ContainerDeletionChoosingPolicyTemplate (ContainerDeletionChoosingPolicyTemplate.java:chooseContainerForBlockDeletion(83)) - Chosen 0/5000 blocks from 0 candidate containers.
2023-07-26 19:46:56,499 [BlockDeletingService#1] INFO  interfaces.ContainerDeletionChoosingPolicyTemplate (ContainerDeletionChoosingPolicyTemplate.java:chooseContainerForBlockDeletion(83)) - Chosen 0/5000 blocks from 0 candidate containers.
2023-07-26 19:46:56,563 [FixedThreadPoolWithAffinityExecutor-8-0] WARN  container.ContainerReportHandler (AbstractContainerReportHandler.java:updateContainerState(260)) - Container #1 is in OPEN state, but the datanode c33e49d7-aab4-4e8b-84a2-e80ab64b386a(fv-az465-709/10.1.0.48) reports an CLOSED replica.
2023-07-26 19:46:56,583 [BlockDeletingService#3] INFO  interfaces.ContainerDeletionChoosingPolicyTemplate (ContainerDeletionChoosingPolicyTemplate.java:chooseContainerForBlockDeletion(83)) - Chosen 0/5000 blocks from 0 candidate containers.
2023-07-26 19:46:56,599 [BlockDeletingService#1] INFO  interfaces.ContainerDeletionChoosingPolicyTemplate (ContainerDeletionChoosingPolicyTemplate.java:chooseContainerForBlockDeletion(83)) - Chosen 0/5000 blocks from 0 candidate containers.
2023-07-26 19:46:56,684 [BlockDeletingService#3] INFO  interfaces.ContainerDeletionChoosingPolicyTemplate (ContainerDeletionChoosingPolicyTemplate.java:chooseContainerForBlockDeletion(83)) - Chosen 0/5000 blocks from 0 candidate containers.
2023-07-26 19:46:56,700 [BlockDeletingService#1] INFO  interfaces.ContainerDeletionChoosingPolicyTemplate (ContainerDeletionChoosingPolicyTemplate.java:chooseContainerForBlockDeletion(83)) - Chosen 0/5000 blocks from 0 candidate containers.
2023-07-26 19:46:56,766 [FixedThreadPoolWithAffinityExecutor-8-0] WARN  container.ContainerReportHandler (AbstractContainerReportHandler.java:updateContainerState(260)) - Container #1 is in OPEN state, but the datanode c33e49d7-aab4-4e8b-84a2-e80ab64b386a(fv-az465-709/10.1.0.48) reports an CLOSED replica.
2023-07-26 19:46:56,777 [FixedThreadPoolWithAffinityExecutor-0-0] WARN  container.ContainerReportHandler (AbstractContainerReportHandler.java:updateContainerState(260)) - Container #1 is in OPEN state, but the datanode 4099cb2b-2e2e-4151-9db7-f99ade631412(fv-az465-709/10.1.0.48) reports an CLOSED replica.
2023-07-26 19:46:56,784 [BlockDeletingService#3] INFO  interfaces.ContainerDeletionChoosingPolicyTemplate (ContainerDeletionChoosingPolicyTemplate.java:chooseContainerForBlockDeletion(83)) - Chosen 0/5000 blocks from 0 candidate containers.
2023-07-26 19:46:56,800 [BlockDeletingService#1] INFO  interfaces.ContainerDeletionChoosingPolicyTemplate (ContainerDeletionChoosingPolicyTemplate.java:chooseContainerForBlockDeletion(83)) - Chosen 0/5000 blocks from 0 candidate containers.
2023-07-26 19:46:56,885 [BlockDeletingService#3] INFO  interfaces.ContainerDeletionChoosingPolicyTemplate (ContainerDeletionChoosingPolicyTemplate.java:chooseContainerForBlockDeletion(83)) - Chosen 0/5000 blocks from 0 candidate containers.
2023-07-26 19:46:56,900 [BlockDeletingService#1] INFO  interfaces.ContainerDeletionChoosingPolicyTemplate (ContainerDeletionChoosingPolicyTemplate.java:chooseContainerForBlockDeletion(83)) - Chosen 0/5000 blocks from 0 candidate containers.
2023-07-26 19:46:56,985 [BlockDeletingService#3] INFO  interfaces.ContainerDeletionChoosingPolicyTemplate (ContainerDeletionChoosingPolicyTemplate.java:chooseContainerForBlockDeletion(83)) - Chosen 0/5000 blocks from 0 candidate containers.
2023-07-26 19:46:57,001 [BlockDeletingService#1] INFO  interfaces.ContainerDeletionChoosingPolicyTemplate (ContainerDeletionChoosingPolicyTemplate.java:chooseContainerForBlockDeletion(83)) - Chosen 0/5000 blocks from 0 candidate containers.
2023-07-26 19:46:57,070 [FixedThreadPoolWithAffinityExecutor-8-0] WARN  container.ContainerReportHandler (AbstractContainerReportHandler.java:updateContainerState(260)) - Container #1 is in OPEN state, but the datanode c33e49d7-aab4-4e8b-84a2-e80ab64b386a(fv-az465-709/10.1.0.48) reports an CLOSED replica.
2023-07-26 19:46:57,079 [FixedThreadPoolWithAffinityExecutor-0-0] WARN  container.ContainerReportHandler (AbstractContainerReportHandler.java:updateContainerState(260)) - Container #1 is in OPEN state, but the datanode 4099cb2b-2e2e-4151-9db7-f99ade631412(fv-az465-709/10.1.0.48) reports an CLOSED replica.
2023-07-26 19:46:57,085 [BlockDeletingService#3] INFO  interfaces.ContainerDeletionChoosingPolicyTemplate (ContainerDeletionChoosingPolicyTemplate.java:chooseContainerForBlockDeletion(83)) - Chosen 0/5000 blocks from 0 candidate containers.
2023-07-26 19:46:57,101 [BlockDeletingService#1] INFO  interfaces.ContainerDeletionChoosingPolicyTemplate (ContainerDeletionChoosingPolicyTemplate.java:chooseContainerForBlockDeletion(83)) - Chosen 0/5000 blocks from 0 candidate containers.
2023-07-26 19:46:57,186 [BlockDeletingService#3] INFO  interfaces.ContainerDeletionChoosingPolicyTemplate (ContainerDeletionChoosingPolicyTemplate.java:chooseContainerForBlockDeletion(83)) - Chosen 0/5000 blocks from 0 candidate containers.
2023-07-26 19:46:57,202 [BlockDeletingService#1] INFO  interfaces.ContainerDeletionChoosingPolicyTemplate (ContainerDeletionChoosingPolicyTemplate.java:chooseContainerForBlockDeletion(83)) - Chosen 0/5000 blocks from 0 candidate containers.
2023-07-26 19:46:57,271 [FixedThreadPoolWithAffinityExecutor-8-0] WARN  container.ContainerReportHandler (AbstractContainerReportHandler.java:updateContainerState(260)) - Container #1 is in OPEN state, but the datanode c33e49d7-aab4-4e8b-84a2-e80ab64b386a(fv-az465-709/10.1.0.48) reports an CLOSED replica.
2023-07-26 19:46:57,286 [BlockDeletingService#3] INFO  interfaces.ContainerDeletionChoosingPolicyTemplate (ContainerDeletionChoosingPolicyTemplate.java:chooseContainerForBlockDeletion(83)) - Chosen 0/5000 blocks from 0 candidate containers.
2023-07-26 19:46:57,302 [BlockDeletingService#1] INFO  interfaces.ContainerDeletionChoosingPolicyTemplate (ContainerDeletionChoosingPolicyTemplate.java:chooseContainerForBlockDeletion(83)) - Chosen 0/5000 blocks from 0 candidate containers.
2023-07-26 19:46:57,379 [FixedThreadPoolWithAffinityExecutor-0-0] WARN  container.ContainerReportHandler (AbstractContainerReportHandler.java:updateContainerState(260)) - Container #1 is in OPEN state, but the datanode 4099cb2b-2e2e-4151-9db7-f99ade631412(fv-az465-709/10.1.0.48) reports an CLOSED replica.
2023-07-26 19:46:57,386 [BlockDeletingService#3] INFO  interfaces.ContainerDeletionChoosingPolicyTemplate (ContainerDeletionChoosingPolicyTemplate.java:chooseContainerForBlockDeletion(83)) - Chosen 0/5000 blocks from 0 candidate containers.
2023-07-26 19:46:57,402 [BlockDeletingService#1] INFO  interfaces.ContainerDeletionChoosingPolicyTemplate (ContainerDeletionChoosingPolicyTemplate.java:chooseContainerForBlockDeletion(83)) - Chosen 0/5000 blocks from 0 candidate containers.
2023-07-26 19:46:57,472 [FixedThreadPoolWithAffinityExecutor-8-0] WARN  container.ContainerReportHandler (AbstractContainerReportHandler.java:updateContainerState(260)) - Container #1 is in OPEN state, but the datanode c33e49d7-aab4-4e8b-84a2-e80ab64b386a(fv-az465-709/10.1.0.48) reports an CLOSED replica.
2023-07-26 19:46:57,487 [BlockDeletingService#3] INFO  interfaces.ContainerDeletionChoosingPolicyTemplate (ContainerDeletionChoosingPolicyTemplate.java:chooseContainerForBlockDeletion(83)) - Chosen 0/5000 blocks from 0 candidate containers.
2023-07-26 19:46:57,503 [BlockDeletingService#0] INFO  interfaces.ContainerDeletionChoosingPolicyTemplate (ContainerDeletionChoosingPolicyTemplate.java:chooseContainerForBlockDeletion(83)) - Chosen 0/5000 blocks from 0 candidate containers.
2023-07-26 19:46:57,587 [BlockDeletingService#3] INFO  interfaces.ContainerDeletionChoosingPolicyTemplate (ContainerDeletionChoosingPolicyTemplate.java:chooseContainerForBlockDeletion(83)) - Chosen 0/5000 blocks from 0 candidate containers.
2023-07-26 19:46:57,603 [BlockDeletingService#0] INFO  interfaces.ContainerDeletionChoosingPolicyTemplate (ContainerDeletionChoosingPolicyTemplate.java:chooseContainerForBlockDeletion(83)) - Chosen 0/5000 blocks from 0 candidate containers.
2023-07-26 19:46:57,674 [FixedThreadPoolWithAffinityExecutor-8-0] WARN  container.ContainerReportHandler (AbstractContainerReportHandler.java:updateContainerState(260)) - Container #1 is in OPEN state, but the datanode c33e49d7-aab4-4e8b-84a2-e80ab64b386a(fv-az465-709/10.1.0.48) reports an CLOSED replica.
2023-07-26 19:46:57,688 [BlockDeletingService#3] INFO  interfaces.ContainerDeletionChoosingPolicyTemplate (ContainerDeletionChoosingPolicyTemplate.java:chooseContainerForBlockDeletion(83)) - Chosen 0/5000 blocks from 0 candidate containers.
2023-07-26 19:46:57,695 [grpc-default-executor-3] WARN  server.GrpcLogAppender (LogUtils.java:warn(122)) - 4099cb2b-2e2e-4151-9db7-f99ade631412@group-1C7129A268B6->cc71d3b4-cf6a-416c-96eb-6097e97a8fe1-AppendLogResponseHandler: Failed appendEntries: org.apache.ratis.thirdparty.io.grpc.StatusRuntimeException: UNAVAILABLE: io exception
2023-07-26 19:46:57,695 [grpc-default-executor-2] WARN  server.GrpcLogAppender (LogUtils.java:warn(122)) - 4099cb2b-2e2e-4151-9db7-f99ade631412@group-1C7129A268B6->cc71d3b4-cf6a-416c-96eb-6097e97a8fe1-AppendLogResponseHandler: Failed appendEntries: org.apache.ratis.thirdparty.io.grpc.StatusRuntimeException: UNAVAILABLE: io exception
2023-07-26 19:46:57,696 [grpc-default-executor-3] WARN  server.GrpcLogAppender (GrpcLogAppender.java:resetClient(128)) - 4099cb2b-2e2e-4151-9db7-f99ade631412@group-1C7129A268B6->cc71d3b4-cf6a-416c-96eb-6097e97a8fe1-GrpcLogAppender: Follower failed when matchIndex == 0,  keep nextIndex (6) unchanged and retry.
2023-07-26 19:46:57,697 [grpc-default-executor-2] WARN  server.GrpcLogAppender (GrpcLogAppender.java:resetClient(128)) - 4099cb2b-2e2e-4151-9db7-f99ade631412@group-1C7129A268B6->cc71d3b4-cf6a-416c-96eb-6097e97a8fe1-GrpcLogAppender: Follower failed when matchIndex == 0,  keep nextIndex (6) unchanged and retry.
2023-07-26 19:46:57,703 [BlockDeletingService#0] INFO  interfaces.ContainerDeletionChoosingPolicyTemplate (ContainerDeletionChoosingPolicyTemplate.java:chooseContainerForBlockDeletion(83)) - Chosen 0/5000 blocks from 0 candidate containers.
2023-07-26 19:46:57,780 [FixedThreadPoolWithAffinityExecutor-0-0] WARN  container.ContainerReportHandler (AbstractContainerReportHandler.java:updateContainerState(260)) - Container #1 is in OPEN state, but the datanode 4099cb2b-2e2e-4151-9db7-f99ade631412(fv-az465-709/10.1.0.48) reports an CLOSED replica.
2023-07-26 19:46:57,788 [BlockDeletingService#3] INFO  interfaces.ContainerDeletionChoosingPolicyTemplate (ContainerDeletionChoosingPolicyTemplate.java:chooseContainerForBlockDeletion(83)) - Chosen 0/5000 blocks from 0 candidate containers.
2023-07-26 19:46:57,804 [BlockDeletingService#0] INFO  interfaces.ContainerDeletionChoosingPolicyTemplate (ContainerDeletionChoosingPolicyTemplate.java:chooseContainerForBlockDeletion(83)) - Chosen 0/5000 blocks from 0 candidate containers.
2023-07-26 19:46:57,888 [BlockDeletingService#3] INFO  interfaces.ContainerDeletionChoosingPolicyTemplate (ContainerDeletionChoosingPolicyTemplate.java:chooseContainerForBlockDeletion(83)) - Chosen 0/5000 blocks from 0 candidate containers.
2023-07-26 19:46:57,904 [BlockDeletingService#0] INFO  interfaces.ContainerDeletionChoosingPolicyTemplate (ContainerDeletionChoosingPolicyTemplate.java:chooseContainerForBlockDeletion(83)) - Chosen 0/5000 blocks from 0 candidate containers.
2023-07-26 19:46:57,974 [FixedThreadPoolWithAffinityExecutor-8-0] WARN  container.ContainerReportHandler (AbstractContainerReportHandler.java:updateContainerState(260)) - Container #1 is in OPEN state, but the datanode c33e49d7-aab4-4e8b-84a2-e80ab64b386a(fv-az465-709/10.1.0.48) reports an CLOSED replica.
2023-07-26 19:46:57,989 [BlockDeletingService#3] INFO  interfaces.ContainerDeletionChoosingPolicyTemplate (ContainerDeletionChoosingPolicyTemplate.java:chooseContainerForBlockDeletion(83)) - Chosen 0/5000 blocks from 0 candidate containers.
2023-07-26 19:46:58,005 [BlockDeletingService#0] INFO  interfaces.ContainerDeletionChoosingPolicyTemplate (ContainerDeletionChoosingPolicyTemplate.java:chooseContainerForBlockDeletion(83)) - Chosen 0/5000 blocks from 0 candidate containers.
2023-07-26 19:46:58,081 [FixedThreadPoolWithAffinityExecutor-0-0] WARN  container.ContainerReportHandler (AbstractContainerReportHandler.java:updateContainerState(260)) - Container #1 is in OPEN state, but the datanode 4099cb2b-2e2e-4151-9db7-f99ade631412(fv-az465-709/10.1.0.48) reports an CLOSED replica.
2023-07-26 19:46:58,089 [BlockDeletingService#3] INFO  interfaces.ContainerDeletionChoosingPolicyTemplate (ContainerDeletionChoosingPolicyTemplate.java:chooseContainerForBlockDeletion(83)) - Chosen 0/5000 blocks from 0 candidate containers.
2023-07-26 19:46:58,105 [BlockDeletingService#0] INFO  interfaces.ContainerDeletionChoosingPolicyTemplate (ContainerDeletionChoosingPolicyTemplate.java:chooseContainerForBlockDeletion(83)) - Chosen 0/5000 blocks from 0 candidate containers.
2023-07-26 19:46:58,174 [FixedThreadPoolWithAffinityExecutor-8-0] WARN  container.ContainerReportHandler (AbstractContainerReportHandler.java:updateContainerState(260)) - Container #1 is in OPEN state, but the datanode c33e49d7-aab4-4e8b-84a2-e80ab64b386a(fv-az465-709/10.1.0.48) reports an CLOSED replica.
2023-07-26 19:46:58,189 [BlockDeletingService#3] INFO  interfaces.ContainerDeletionChoosingPolicyTemplate (ContainerDeletionChoosingPolicyTemplate.java:chooseContainerForBlockDeletion(83)) - Chosen 0/5000 blocks from 0 candidate containers.
2023-07-26 19:46:58,205 [BlockDeletingService#0] INFO  interfaces.ContainerDeletionChoosingPolicyTemplate (ContainerDeletionChoosingPolicyTemplate.java:chooseContainerForBlockDeletion(83)) - Chosen 0/5000 blocks from 0 candidate containers.
2023-07-26 19:46:58,290 [BlockDeletingService#3] INFO  interfaces.ContainerDeletionChoosingPolicyTemplate (ContainerDeletionChoosingPolicyTemplate.java:chooseContainerForBlockDeletion(83)) - Chosen 0/5000 blocks from 0 candidate containers.
2023-07-26 19:46:58,306 [BlockDeletingService#0] INFO  interfaces.ContainerDeletionChoosingPolicyTemplate (ContainerDeletionChoosingPolicyTemplate.java:chooseContainerForBlockDeletion(83)) - Chosen 0/5000 blocks from 0 candidate containers.
2023-07-26 19:46:58,374 [FixedThreadPoolWithAffinityExecutor-8-0] WARN  container.ContainerReportHandler (AbstractContainerReportHandler.java:updateContainerState(260)) - Container #1 is in OPEN state, but the datanode c33e49d7-aab4-4e8b-84a2-e80ab64b386a(fv-az465-709/10.1.0.48) reports an CLOSED replica.
2023-07-26 19:46:58,390 [BlockDeletingService#3] INFO  interfaces.ContainerDeletionChoosingPolicyTemplate (ContainerDeletionChoosingPolicyTemplate.java:chooseContainerForBlockDeletion(83)) - Chosen 0/5000 blocks from 0 candidate containers.
2023-07-26 19:46:58,406 [BlockDeletingService#0] INFO  interfaces.ContainerDeletionChoosingPolicyTemplate (ContainerDeletionChoosingPolicyTemplate.java:chooseContainerForBlockDeletion(83)) - Chosen 0/5000 blocks from 0 candidate containers.
2023-07-26 19:46:58,481 [FixedThreadPoolWithAffinityExecutor-0-0] WARN  container.ContainerReportHandler (AbstractContainerReportHandler.java:updateContainerState(260)) - Container #1 is in OPEN state, but the datanode 4099cb2b-2e2e-4151-9db7-f99ade631412(fv-az465-709/10.1.0.48) reports an CLOSED replica.
2023-07-26 19:46:58,491 [BlockDeletingService#3] INFO  interfaces.ContainerDeletionChoosingPolicyTemplate (ContainerDeletionChoosingPolicyTemplate.java:chooseContainerForBlockDeletion(83)) - Chosen 0/5000 blocks from 0 candidate containers.
2023-07-26 19:46:58,506 [BlockDeletingService#0] INFO  interfaces.ContainerDeletionChoosingPolicyTemplate (ContainerDeletionChoosingPolicyTemplate.java:chooseContainerForBlockDeletion(83)) - Chosen 0/5000 blocks from 0 candidate containers.
2023-07-26 19:46:58,596 [BlockDeletingService#3] INFO  interfaces.ContainerDeletionChoosingPolicyTemplate (ContainerDeletionChoosingPolicyTemplate.java:chooseContainerForBlockDeletion(83)) - Chosen 0/5000 blocks from 0 candidate containers.
2023-07-26 19:46:58,607 [BlockDeletingService#0] INFO  interfaces.ContainerDeletionChoosingPolicyTemplate (ContainerDeletionChoosingPolicyTemplate.java:chooseContainerForBlockDeletion(83)) - Chosen 0/5000 blocks from 0 candidate containers.
2023-07-26 19:46:58,674 [FixedThreadPoolWithAffinityExecutor-8-0] WARN  container.ContainerReportHandler (AbstractContainerReportHandler.java:updateContainerState(260)) - Container #1 is in OPEN state, but the datanode c33e49d7-aab4-4e8b-84a2-e80ab64b386a(fv-az465-709/10.1.0.48) reports an CLOSED replica.
2023-07-26 19:46:58,696 [BlockDeletingService#3] INFO  interfaces.ContainerDeletionChoosingPolicyTemplate (ContainerDeletionChoosingPolicyTemplate.java:chooseContainerForBlockDeletion(83)) - Chosen 0/5000 blocks from 0 candidate containers.
2023-07-26 19:46:58,707 [BlockDeletingService#0] INFO  interfaces.ContainerDeletionChoosingPolicyTemplate (ContainerDeletionChoosingPolicyTemplate.java:chooseContainerForBlockDeletion(83)) - Chosen 0/5000 blocks from 0 candidate containers.
2023-07-26 19:46:58,780 [FixedThreadPoolWithAffinityExecutor-0-0] WARN  container.ContainerReportHandler (AbstractContainerReportHandler.java:updateContainerState(260)) - Container #1 is in OPEN state, but the datanode 4099cb2b-2e2e-4151-9db7-f99ade631412(fv-az465-709/10.1.0.48) reports an CLOSED replica.
2023-07-26 19:46:58,796 [BlockDeletingService#3] INFO  interfaces.ContainerDeletionChoosingPolicyTemplate (ContainerDeletionChoosingPolicyTemplate.java:chooseContainerForBlockDeletion(83)) - Chosen 0/5000 blocks from 0 candidate containers.
2023-07-26 19:46:58,807 [BlockDeletingService#0] INFO  interfaces.ContainerDeletionChoosingPolicyTemplate (ContainerDeletionChoosingPolicyTemplate.java:chooseContainerForBlockDeletion(83)) - Chosen 0/5000 blocks from 0 candidate containers.
2023-07-26 19:46:58,875 [FixedThreadPoolWithAffinityExecutor-8-0] WARN  container.ContainerReportHandler (AbstractContainerReportHandler.java:updateContainerState(260)) - Container #1 is in OPEN state, but the datanode c33e49d7-aab4-4e8b-84a2-e80ab64b386a(fv-az465-709/10.1.0.48) reports an CLOSED replica.
2023-07-26 19:46:58,897 [BlockDeletingService#3] INFO  interfaces.ContainerDeletionChoosingPolicyTemplate (ContainerDeletionChoosingPolicyTemplate.java:chooseContainerForBlockDeletion(83)) - Chosen 0/5000 blocks from 0 candidate containers.
2023-07-26 19:46:58,908 [BlockDeletingService#0] INFO  interfaces.ContainerDeletionChoosingPolicyTemplate (ContainerDeletionChoosingPolicyTemplate.java:chooseContainerForBlockDeletion(83)) - Chosen 0/5000 blocks from 0 candidate containers.
2023-07-26 19:46:58,946 [grpc-default-executor-2] WARN  server.GrpcLogAppender (LogUtils.java:warn(122)) - 4099cb2b-2e2e-4151-9db7-f99ade631412@group-1C7129A268B6->cc71d3b4-cf6a-416c-96eb-6097e97a8fe1-AppendLogResponseHandler: Failed appendEntries: org.apache.ratis.thirdparty.io.grpc.StatusRuntimeException: UNAVAILABLE: io exception
2023-07-26 19:46:58,946 [grpc-default-executor-3] WARN  server.GrpcLogAppender (LogUtils.java:warn(122)) - 4099cb2b-2e2e-4151-9db7-f99ade631412@group-1C7129A268B6->cc71d3b4-cf6a-416c-96eb-6097e97a8fe1-AppendLogResponseHandler: Failed appendEntries: org.apache.ratis.thirdparty.io.grpc.StatusRuntimeException: UNAVAILABLE: io exception
2023-07-26 19:46:58,947 [grpc-default-executor-2] WARN  server.GrpcLogAppender (GrpcLogAppender.java:resetClient(128)) - 4099cb2b-2e2e-4151-9db7-f99ade631412@group-1C7129A268B6->cc71d3b4-cf6a-416c-96eb-6097e97a8fe1-GrpcLogAppender: Follower failed when matchIndex == 0,  keep nextIndex (6) unchanged and retry.
2023-07-26 19:46:58,947 [grpc-default-executor-3] WARN  server.GrpcLogAppender (GrpcLogAppender.java:resetClient(128)) - 4099cb2b-2e2e-4151-9db7-f99ade631412@group-1C7129A268B6->cc71d3b4-cf6a-416c-96eb-6097e97a8fe1-GrpcLogAppender: Follower failed when matchIndex == 0,  keep nextIndex (6) unchanged and retry.
2023-07-26 19:46:58,997 [BlockDeletingService#3] INFO  interfaces.ContainerDeletionChoosingPolicyTemplate (ContainerDeletionChoosingPolicyTemplate.java:chooseContainerForBlockDeletion(83)) - Chosen 0/5000 blocks from 0 candidate containers.
2023-07-26 19:46:59,008 [BlockDeletingService#0] INFO  interfaces.ContainerDeletionChoosingPolicyTemplate (ContainerDeletionChoosingPolicyTemplate.java:chooseContainerForBlockDeletion(83)) - Chosen 0/5000 blocks from 0 candidate containers.
2023-07-26 19:46:59,075 [FixedThreadPoolWithAffinityExecutor-8-0] WARN  container.ContainerReportHandler (AbstractContainerReportHandler.java:updateContainerState(260)) - Container #1 is in OPEN state, but the datanode c33e49d7-aab4-4e8b-84a2-e80ab64b386a(fv-az465-709/10.1.0.48) reports an CLOSED replica.
2023-07-26 19:46:59,097 [BlockDeletingService#3] INFO  interfaces.ContainerDeletionChoosingPolicyTemplate (ContainerDeletionChoosingPolicyTemplate.java:chooseContainerForBlockDeletion(83)) - Chosen 0/5000 blocks from 0 candidate containers.
2023-07-26 19:46:59,108 [BlockDeletingService#0] INFO  interfaces.ContainerDeletionChoosingPolicyTemplate (ContainerDeletionChoosingPolicyTemplate.java:chooseContainerForBlockDeletion(83)) - Chosen 0/5000 blocks from 0 candidate containers.
2023-07-26 19:46:59,179 [FixedThreadPoolWithAffinityExecutor-0-0] WARN  container.ContainerReportHandler (AbstractContainerReportHandler.java:updateContainerState(260)) - Container #1 is in OPEN state, but the datanode 4099cb2b-2e2e-4151-9db7-f99ade631412(fv-az465-709/10.1.0.48) reports an CLOSED replica.
2023-07-26 19:46:59,198 [BlockDeletingService#3] INFO  interfaces.ContainerDeletionChoosingPolicyTemplate (ContainerDeletionChoosingPolicyTemplate.java:chooseContainerForBlockDeletion(83)) - Chosen 0/5000 blocks from 0 candidate containers.
2023-07-26 19:46:59,209 [BlockDeletingService#0] INFO  interfaces.ContainerDeletionChoosingPolicyTemplate (ContainerDeletionChoosingPolicyTemplate.java:chooseContainerForBlockDeletion(83)) - Chosen 0/5000 blocks from 0 candidate containers.
2023-07-26 19:46:59,298 [BlockDeletingService#3] INFO  interfaces.ContainerDeletionChoosingPolicyTemplate (ContainerDeletionChoosingPolicyTemplate.java:chooseContainerForBlockDeletion(83)) - Chosen 0/5000 blocks from 0 candidate containers.
2023-07-26 19:46:59,309 [BlockDeletingService#0] INFO  interfaces.ContainerDeletionChoosingPolicyTemplate (ContainerDeletionChoosingPolicyTemplate.java:chooseContainerForBlockDeletion(83)) - Chosen 0/5000 blocks from 0 candidate containers.
2023-07-26 19:46:59,375 [FixedThreadPoolWithAffinityExecutor-8-0] WARN  container.ContainerReportHandler (AbstractContainerReportHandler.java:updateContainerState(260)) - Container #1 is in OPEN state, but the datanode c33e49d7-aab4-4e8b-84a2-e80ab64b386a(fv-az465-709/10.1.0.48) reports an CLOSED replica.
2023-07-26 19:46:59,399 [BlockDeletingService#3] INFO  interfaces.ContainerDeletionChoosingPolicyTemplate (ContainerDeletionChoosingPolicyTemplate.java:chooseContainerForBlockDeletion(83)) - Chosen 0/5000 blocks from 0 candidate containers.
2023-07-26 19:46:59,409 [BlockDeletingService#0] INFO  interfaces.ContainerDeletionChoosingPolicyTemplate (ContainerDeletionChoosingPolicyTemplate.java:chooseContainerForBlockDeletion(83)) - Chosen 0/5000 blocks from 0 candidate containers.
2023-07-26 19:46:59,481 [FixedThreadPoolWithAffinityExecutor-0-0] WARN  container.ContainerReportHandler (AbstractContainerReportHandler.java:updateContainerState(260)) - Container #1 is in OPEN state, but the datanode 4099cb2b-2e2e-4151-9db7-f99ade631412(fv-az465-709/10.1.0.48) reports an CLOSED replica.
2023-07-26 19:46:59,499 [BlockDeletingService#3] INFO  interfaces.ContainerDeletionChoosingPolicyTemplate (ContainerDeletionChoosingPolicyTemplate.java:chooseContainerForBlockDeletion(83)) - Chosen 0/5000 blocks from 0 candidate containers.
2023-07-26 19:46:59,510 [BlockDeletingService#0] INFO  interfaces.ContainerDeletionChoosingPolicyTemplate (ContainerDeletionChoosingPolicyTemplate.java:chooseContainerForBlockDeletion(83)) - Chosen 0/5000 blocks from 0 candidate containers.
2023-07-26 19:46:59,575 [FixedThreadPoolWithAffinityExecutor-8-0] WARN  container.ContainerReportHandler (AbstractContainerReportHandler.java:updateContainerState(260)) - Container #1 is in OPEN state, but the datanode c33e49d7-aab4-4e8b-84a2-e80ab64b386a(fv-az465-709/10.1.0.48) reports an CLOSED replica.
2023-07-26 19:46:59,599 [BlockDeletingService#3] INFO  interfaces.ContainerDeletionChoosingPolicyTemplate (ContainerDeletionChoosingPolicyTemplate.java:chooseContainerForBlockDeletion(83)) - Chosen 0/5000 blocks from 0 candidate containers.
2023-07-26 19:46:59,610 [BlockDeletingService#0] INFO  interfaces.ContainerDeletionChoosingPolicyTemplate (ContainerDeletionChoosingPolicyTemplate.java:chooseContainerForBlockDeletion(83)) - Chosen 0/5000 blocks from 0 candidate containers.
2023-07-26 19:46:59,699 [BlockDeletingService#3] INFO  interfaces.ContainerDeletionChoosingPolicyTemplate (ContainerDeletionChoosingPolicyTemplate.java:chooseContainerForBlockDeletion(83)) - Chosen 0/5000 blocks from 0 candidate containers.
2023-07-26 19:46:59,710 [BlockDeletingService#0] INFO  interfaces.ContainerDeletionChoosingPolicyTemplate (ContainerDeletionChoosingPolicyTemplate.java:chooseContainerForBlockDeletion(83)) - Chosen 0/5000 blocks from 0 candidate containers.
2023-07-26 19:46:59,775 [FixedThreadPoolWithAffinityExecutor-8-0] WARN  container.ContainerReportHandler (AbstractContainerReportHandler.java:updateContainerState(260)) - Container #1 is in OPEN state, but the datanode c33e49d7-aab4-4e8b-84a2-e80ab64b386a(fv-az465-709/10.1.0.48) reports an CLOSED replica.
2023-07-26 19:46:59,781 [FixedThreadPoolWithAffinityExecutor-0-0] WARN  container.ContainerReportHandler (AbstractContainerReportHandler.java:updateContainerState(260)) - Container #1 is in OPEN state, but the datanode 4099cb2b-2e2e-4151-9db7-f99ade631412(fv-az465-709/10.1.0.48) reports an CLOSED replica.
2023-07-26 19:46:59,800 [BlockDeletingService#3] INFO  interfaces.ContainerDeletionChoosingPolicyTemplate (ContainerDeletionChoosingPolicyTemplate.java:chooseContainerForBlockDeletion(83)) - Chosen 0/5000 blocks from 0 candidate containers.
2023-07-26 19:46:59,811 [BlockDeletingService#0] INFO  interfaces.ContainerDeletionChoosingPolicyTemplate (ContainerDeletionChoosingPolicyTemplate.java:chooseContainerForBlockDeletion(83)) - Chosen 0/5000 blocks from 0 candidate containers.
2023-07-26 19:46:59,900 [BlockDeletingService#3] INFO  interfaces.ContainerDeletionChoosingPolicyTemplate (ContainerDeletionChoosingPolicyTemplate.java:chooseContainerForBlockDeletion(83)) - Chosen 0/5000 blocks from 0 candidate containers.
2023-07-26 19:46:59,911 [BlockDeletingService#0] INFO  interfaces.ContainerDeletionChoosingPolicyTemplate (ContainerDeletionChoosingPolicyTemplate.java:chooseContainerForBlockDeletion(83)) - Chosen 0/5000 blocks from 0 candidate containers.
2023-07-26 19:47:00,001 [BlockDeletingService#3] INFO  interfaces.ContainerDeletionChoosingPolicyTemplate (ContainerDeletionChoosingPolicyTemplate.java:chooseContainerForBlockDeletion(83)) - Chosen 0/5000 blocks from 0 candidate containers.
2023-07-26 19:47:00,012 [BlockDeletingService#0] INFO  interfaces.ContainerDeletionChoosingPolicyTemplate (ContainerDeletionChoosingPolicyTemplate.java:chooseContainerForBlockDeletion(83)) - Chosen 0/5000 blocks from 0 candidate containers.
2023-07-26 19:47:00,074 [FixedThreadPoolWithAffinityExecutor-8-0] WARN  container.ContainerReportHandler (AbstractContainerReportHandler.java:updateContainerState(260)) - Container #1 is in OPEN state, but the datanode c33e49d7-aab4-4e8b-84a2-e80ab64b386a(fv-az465-709/10.1.0.48) reports an CLOSED replica.
2023-07-26 19:47:00,101 [BlockDeletingService#3] INFO  interfaces.ContainerDeletionChoosingPolicyTemplate (ContainerDeletionChoosingPolicyTemplate.java:chooseContainerForBlockDeletion(83)) - Chosen 0/5000 blocks from 0 candidate containers.
2023-07-26 19:47:00,112 [BlockDeletingService#0] INFO  interfaces.ContainerDeletionChoosingPolicyTemplate (ContainerDeletionChoosingPolicyTemplate.java:chooseContainerForBlockDeletion(83)) - Chosen 0/5000 blocks from 0 candidate containers.
2023-07-26 19:47:00,183 [FixedThreadPoolWithAffinityExecutor-0-0] WARN  container.ContainerReportHandler (AbstractContainerReportHandler.java:updateContainerState(260)) - Container #1 is in OPEN state, but the datanode 4099cb2b-2e2e-4151-9db7-f99ade631412(fv-az465-709/10.1.0.48) reports an CLOSED replica.
2023-07-26 19:47:00,196 [grpc-default-executor-3] WARN  server.GrpcLogAppender (LogUtils.java:warn(122)) - 4099cb2b-2e2e-4151-9db7-f99ade631412@group-1C7129A268B6->cc71d3b4-cf6a-416c-96eb-6097e97a8fe1-AppendLogResponseHandler: Failed appendEntries: org.apache.ratis.thirdparty.io.grpc.StatusRuntimeException: UNAVAILABLE: io exception
2023-07-26 19:47:00,197 [grpc-default-executor-2] WARN  server.GrpcLogAppender (LogUtils.java:warn(122)) - 4099cb2b-2e2e-4151-9db7-f99ade631412@group-1C7129A268B6->cc71d3b4-cf6a-416c-96eb-6097e97a8fe1-AppendLogResponseHandler: Failed appendEntries: org.apache.ratis.thirdparty.io.grpc.StatusRuntimeException: UNAVAILABLE: io exception
2023-07-26 19:47:00,199 [grpc-default-executor-3] WARN  server.GrpcLogAppender (GrpcLogAppender.java:resetClient(128)) - 4099cb2b-2e2e-4151-9db7-f99ade631412@group-1C7129A268B6->cc71d3b4-cf6a-416c-96eb-6097e97a8fe1-GrpcLogAppender: Follower failed when matchIndex == 0,  keep nextIndex (6) unchanged and retry.
2023-07-26 19:47:00,200 [grpc-default-executor-2] WARN  server.GrpcLogAppender (GrpcLogAppender.java:resetClient(128)) - 4099cb2b-2e2e-4151-9db7-f99ade631412@group-1C7129A268B6->cc71d3b4-cf6a-416c-96eb-6097e97a8fe1-GrpcLogAppender: Follower failed when matchIndex == 0,  keep nextIndex (6) unchanged and retry.
2023-07-26 19:47:00,201 [BlockDeletingService#3] INFO  interfaces.ContainerDeletionChoosingPolicyTemplate (ContainerDeletionChoosingPolicyTemplate.java:chooseContainerForBlockDeletion(83)) - Chosen 0/5000 blocks from 0 candidate containers.
2023-07-26 19:47:00,212 [BlockDeletingService#0] INFO  interfaces.ContainerDeletionChoosingPolicyTemplate (ContainerDeletionChoosingPolicyTemplate.java:chooseContainerForBlockDeletion(83)) - Chosen 0/5000 blocks from 0 candidate containers.
2023-07-26 19:47:00,276 [FixedThreadPoolWithAffinityExecutor-8-0] WARN  container.ContainerReportHandler (AbstractContainerReportHandler.java:updateContainerState(260)) - Container #1 is in OPEN state, but the datanode c33e49d7-aab4-4e8b-84a2-e80ab64b386a(fv-az465-709/10.1.0.48) reports an CLOSED replica.
2023-07-26 19:47:00,302 [BlockDeletingService#3] INFO  interfaces.ContainerDeletionChoosingPolicyTemplate (ContainerDeletionChoosingPolicyTemplate.java:chooseContainerForBlockDeletion(83)) - Chosen 0/5000 blocks from 0 candidate containers.
2023-07-26 19:47:00,313 [BlockDeletingService#0] INFO  interfaces.ContainerDeletionChoosingPolicyTemplate (ContainerDeletionChoosingPolicyTemplate.java:chooseContainerForBlockDeletion(83)) - Chosen 0/5000 blocks from 0 candidate containers.
2023-07-26 19:47:00,402 [BlockDeletingService#3] INFO  interfaces.ContainerDeletionChoosingPolicyTemplate (ContainerDeletionChoosingPolicyTemplate.java:chooseContainerForBlockDeletion(83)) - Chosen 0/5000 blocks from 0 candidate containers.
2023-07-26 19:47:00,413 [BlockDeletingService#0] INFO  interfaces.ContainerDeletionChoosingPolicyTemplate (ContainerDeletionChoosingPolicyTemplate.java:chooseContainerForBlockDeletion(83)) - Chosen 0/5000 blocks from 0 candidate containers.
2023-07-26 19:47:00,476 [FixedThreadPoolWithAffinityExecutor-8-0] WARN  container.ContainerReportHandler (AbstractContainerReportHandler.java:updateContainerState(260)) - Container #1 is in OPEN state, but the datanode c33e49d7-aab4-4e8b-84a2-e80ab64b386a(fv-az465-709/10.1.0.48) reports an CLOSED replica.
2023-07-26 19:47:00,483 [FixedThreadPoolWithAffinityExecutor-0-0] WARN  container.ContainerReportHandler (AbstractContainerReportHandler.java:updateContainerState(260)) - Container #1 is in OPEN state, but the datanode 4099cb2b-2e2e-4151-9db7-f99ade631412(fv-az465-709/10.1.0.48) reports an CLOSED replica.
2023-07-26 19:47:00,503 [BlockDeletingService#3] INFO  interfaces.ContainerDeletionChoosingPolicyTemplate (ContainerDeletionChoosingPolicyTemplate.java:chooseContainerForBlockDeletion(83)) - Chosen 0/5000 blocks from 0 candidate containers.
2023-07-26 19:47:00,513 [BlockDeletingService#0] INFO  interfaces.ContainerDeletionChoosingPolicyTemplate (ContainerDeletionChoosingPolicyTemplate.java:chooseContainerForBlockDeletion(83)) - Chosen 0/5000 blocks from 0 candidate containers.
2023-07-26 19:47:00,603 [BlockDeletingService#3] INFO  interfaces.ContainerDeletionChoosingPolicyTemplate (ContainerDeletionChoosingPolicyTemplate.java:chooseContainerForBlockDeletion(83)) - Chosen 0/5000 blocks from 0 candidate containers.
2023-07-26 19:47:00,614 [BlockDeletingService#0] INFO  interfaces.ContainerDeletionChoosingPolicyTemplate (ContainerDeletionChoosingPolicyTemplate.java:chooseContainerForBlockDeletion(83)) - Chosen 0/5000 blocks from 0 candidate containers.
2023-07-26 19:47:00,677 [FixedThreadPoolWithAffinityExecutor-8-0] WARN  container.ContainerReportHandler (AbstractContainerReportHandler.java:updateContainerState(260)) - Container #1 is in OPEN state, but the datanode c33e49d7-aab4-4e8b-84a2-e80ab64b386a(fv-az465-709/10.1.0.48) reports an CLOSED replica.
2023-07-26 19:47:00,704 [BlockDeletingService#3] INFO  interfaces.ContainerDeletionChoosingPolicyTemplate (ContainerDeletionChoosingPolicyTemplate.java:chooseContainerForBlockDeletion(83)) - Chosen 0/5000 blocks from 0 candidate containers.
2023-07-26 19:47:00,714 [BlockDeletingService#0] INFO  interfaces.ContainerDeletionChoosingPolicyTemplate (ContainerDeletionChoosingPolicyTemplate.java:chooseContainerForBlockDeletion(83)) - Chosen 0/5000 blocks from 0 candidate containers.
2023-07-26 19:47:00,804 [BlockDeletingService#3] INFO  interfaces.ContainerDeletionChoosingPolicyTemplate (ContainerDeletionChoosingPolicyTemplate.java:chooseContainerForBlockDeletion(83)) - Chosen 0/5000 blocks from 0 candidate containers.
2023-07-26 19:47:00,814 [BlockDeletingService#0] INFO  interfaces.ContainerDeletionChoosingPolicyTemplate (ContainerDeletionChoosingPolicyTemplate.java:chooseContainerForBlockDeletion(83)) - Chosen 0/5000 blocks from 0 candidate containers.
2023-07-26 19:47:00,884 [FixedThreadPoolWithAffinityExecutor-0-0] WARN  container.ContainerReportHandler (AbstractContainerReportHandler.java:updateContainerState(260)) - Container #1 is in OPEN state, but the datanode 4099cb2b-2e2e-4151-9db7-f99ade631412(fv-az465-709/10.1.0.48) reports an CLOSED replica.
2023-07-26 19:47:00,904 [BlockDeletingService#3] INFO  interfaces.ContainerDeletionChoosingPolicyTemplate (ContainerDeletionChoosingPolicyTemplate.java:chooseContainerForBlockDeletion(83)) - Chosen 0/5000 blocks from 0 candidate containers.
2023-07-26 19:47:00,914 [BlockDeletingService#0] INFO  interfaces.ContainerDeletionChoosingPolicyTemplate (ContainerDeletionChoosingPolicyTemplate.java:chooseContainerForBlockDeletion(83)) - Chosen 0/5000 blocks from 0 candidate containers.
2023-07-26 19:47:00,976 [FixedThreadPoolWithAffinityExecutor-8-0] WARN  container.ContainerReportHandler (AbstractContainerReportHandler.java:updateContainerState(260)) - Container #1 is in OPEN state, but the datanode c33e49d7-aab4-4e8b-84a2-e80ab64b386a(fv-az465-709/10.1.0.48) reports an CLOSED replica.
2023-07-26 19:47:01,005 [BlockDeletingService#3] INFO  interfaces.ContainerDeletionChoosingPolicyTemplate (ContainerDeletionChoosingPolicyTemplate.java:chooseContainerForBlockDeletion(83)) - Chosen 0/5000 blocks from 0 candidate containers.
2023-07-26 19:47:01,015 [BlockDeletingService#0] INFO  interfaces.ContainerDeletionChoosingPolicyTemplate (ContainerDeletionChoosingPolicyTemplate.java:chooseContainerForBlockDeletion(83)) - Chosen 0/5000 blocks from 0 candidate containers.
2023-07-26 19:47:01,105 [BlockDeletingService#3] INFO  interfaces.ContainerDeletionChoosingPolicyTemplate (ContainerDeletionChoosingPolicyTemplate.java:chooseContainerForBlockDeletion(83)) - Chosen 0/5000 blocks from 0 candidate containers.
2023-07-26 19:47:01,115 [BlockDeletingService#0] INFO  interfaces.ContainerDeletionChoosingPolicyTemplate (ContainerDeletionChoosingPolicyTemplate.java:chooseContainerForBlockDeletion(83)) - Chosen 0/5000 blocks from 0 candidate containers.
2023-07-26 19:47:01,177 [FixedThreadPoolWithAffinityExecutor-8-0] WARN  container.ContainerReportHandler (AbstractContainerReportHandler.java:updateContainerState(260)) - Container #1 is in OPEN state, but the datanode c33e49d7-aab4-4e8b-84a2-e80ab64b386a(fv-az465-709/10.1.0.48) reports an CLOSED replica.
2023-07-26 19:47:01,184 [FixedThreadPoolWithAffinityExecutor-0-0] WARN  container.ContainerReportHandler (AbstractContainerReportHandler.java:updateContainerState(260)) - Container #1 is in OPEN state, but the datanode 4099cb2b-2e2e-4151-9db7-f99ade631412(fv-az465-709/10.1.0.48) reports an CLOSED replica.
2023-07-26 19:47:01,206 [BlockDeletingService#3] INFO  interfaces.ContainerDeletionChoosingPolicyTemplate (ContainerDeletionChoosingPolicyTemplate.java:chooseContainerForBlockDeletion(83)) - Chosen 0/5000 blocks from 0 candidate containers.
2023-07-26 19:47:01,216 [BlockDeletingService#0] INFO  interfaces.ContainerDeletionChoosingPolicyTemplate (ContainerDeletionChoosingPolicyTemplate.java:chooseContainerForBlockDeletion(83)) - Chosen 0/5000 blocks from 0 candidate containers.
2023-07-26 19:47:01,306 [BlockDeletingService#3] INFO  interfaces.ContainerDeletionChoosingPolicyTemplate (ContainerDeletionChoosingPolicyTemplate.java:chooseContainerForBlockDeletion(83)) - Chosen 0/5000 blocks from 0 candidate containers.
2023-07-26 19:47:01,316 [BlockDeletingService#0] INFO  interfaces.ContainerDeletionChoosingPolicyTemplate (ContainerDeletionChoosingPolicyTemplate.java:chooseContainerForBlockDeletion(83)) - Chosen 0/5000 blocks from 0 candidate containers.
2023-07-26 19:47:01,376 [FixedThreadPoolWithAffinityExecutor-8-0] WARN  container.ContainerReportHandler (AbstractContainerReportHandler.java:updateContainerState(260)) - Container #1 is in OPEN state, but the datanode c33e49d7-aab4-4e8b-84a2-e80ab64b386a(fv-az465-709/10.1.0.48) reports an CLOSED replica.
2023-07-26 19:47:01,406 [BlockDeletingService#3] INFO  interfaces.ContainerDeletionChoosingPolicyTemplate (ContainerDeletionChoosingPolicyTemplate.java:chooseContainerForBlockDeletion(83)) - Chosen 0/5000 blocks from 0 candidate containers.
2023-07-26 19:47:01,416 [BlockDeletingService#0] INFO  interfaces.ContainerDeletionChoosingPolicyTemplate (ContainerDeletionChoosingPolicyTemplate.java:chooseContainerForBlockDeletion(83)) - Chosen 0/5000 blocks from 0 candidate containers.
2023-07-26 19:47:01,447 [grpc-default-executor-2] WARN  server.GrpcLogAppender (LogUtils.java:warn(122)) - 4099cb2b-2e2e-4151-9db7-f99ade631412@group-1C7129A268B6->cc71d3b4-cf6a-416c-96eb-6097e97a8fe1-AppendLogResponseHandler: Failed appendEntries: org.apache.ratis.thirdparty.io.grpc.StatusRuntimeException: UNAVAILABLE: io exception
2023-07-26 19:47:01,447 [grpc-default-executor-3] WARN  server.GrpcLogAppender (LogUtils.java:warn(122)) - 4099cb2b-2e2e-4151-9db7-f99ade631412@group-1C7129A268B6->cc71d3b4-cf6a-416c-96eb-6097e97a8fe1-AppendLogResponseHandler: Failed appendEntries: org.apache.ratis.thirdparty.io.grpc.StatusRuntimeException: UNAVAILABLE: io exception
2023-07-26 19:47:01,448 [grpc-default-executor-2] WARN  server.GrpcLogAppender (GrpcLogAppender.java:resetClient(128)) - 4099cb2b-2e2e-4151-9db7-f99ade631412@group-1C7129A268B6->cc71d3b4-cf6a-416c-96eb-6097e97a8fe1-GrpcLogAppender: Follower failed when matchIndex == 0,  keep nextIndex (6) unchanged and retry.
2023-07-26 19:47:01,449 [grpc-default-executor-3] WARN  server.GrpcLogAppender (GrpcLogAppender.java:resetClient(128)) - 4099cb2b-2e2e-4151-9db7-f99ade631412@group-1C7129A268B6->cc71d3b4-cf6a-416c-96eb-6097e97a8fe1-GrpcLogAppender: Follower failed when matchIndex == 0,  keep nextIndex (6) unchanged and retry.
2023-07-26 19:47:01,483 [FixedThreadPoolWithAffinityExecutor-0-0] WARN  container.ContainerReportHandler (AbstractContainerReportHandler.java:updateContainerState(260)) - Container #1 is in OPEN state, but the datanode 4099cb2b-2e2e-4151-9db7-f99ade631412(fv-az465-709/10.1.0.48) reports an CLOSED replica.
2023-07-26 19:47:01,507 [BlockDeletingService#3] INFO  interfaces.ContainerDeletionChoosingPolicyTemplate (ContainerDeletionChoosingPolicyTemplate.java:chooseContainerForBlockDeletion(83)) - Chosen 0/5000 blocks from 0 candidate containers.
2023-07-26 19:47:01,516 [BlockDeletingService#0] INFO  interfaces.ContainerDeletionChoosingPolicyTemplate (ContainerDeletionChoosingPolicyTemplate.java:chooseContainerForBlockDeletion(83)) - Chosen 0/5000 blocks from 0 candidate containers.
2023-07-26 19:47:01,607 [BlockDeletingService#3] INFO  interfaces.ContainerDeletionChoosingPolicyTemplate (ContainerDeletionChoosingPolicyTemplate.java:chooseContainerForBlockDeletion(83)) - Chosen 0/5000 blocks from 0 candidate containers.
2023-07-26 19:47:01,617 [BlockDeletingService#0] INFO  interfaces.ContainerDeletionChoosingPolicyTemplate (ContainerDeletionChoosingPolicyTemplate.java:chooseContainerForBlockDeletion(83)) - Chosen 0/5000 blocks from 0 candidate containers.
2023-07-26 19:47:01,677 [FixedThreadPoolWithAffinityExecutor-8-0] WARN  container.ContainerReportHandler (AbstractContainerReportHandler.java:updateContainerState(260)) - Container #1 is in OPEN state, but the datanode c33e49d7-aab4-4e8b-84a2-e80ab64b386a(fv-az465-709/10.1.0.48) reports an CLOSED replica.
2023-07-26 19:47:01,708 [BlockDeletingService#3] INFO  interfaces.ContainerDeletionChoosingPolicyTemplate (ContainerDeletionChoosingPolicyTemplate.java:chooseContainerForBlockDeletion(83)) - Chosen 0/5000 blocks from 0 candidate containers.
2023-07-26 19:47:01,717 [BlockDeletingService#0] INFO  interfaces.ContainerDeletionChoosingPolicyTemplate (ContainerDeletionChoosingPolicyTemplate.java:chooseContainerForBlockDeletion(83)) - Chosen 0/5000 blocks from 0 candidate containers.
2023-07-26 19:47:01,808 [BlockDeletingService#3] INFO  interfaces.ContainerDeletionChoosingPolicyTemplate (ContainerDeletionChoosingPolicyTemplate.java:chooseContainerForBlockDeletion(83)) - Chosen 0/5000 blocks from 0 candidate containers.
2023-07-26 19:47:01,818 [BlockDeletingService#0] INFO  interfaces.ContainerDeletionChoosingPolicyTemplate (ContainerDeletionChoosingPolicyTemplate.java:chooseContainerForBlockDeletion(83)) - Chosen 0/5000 blocks from 0 candidate containers.
2023-07-26 19:47:01,877 [FixedThreadPoolWithAffinityExecutor-8-0] WARN  container.ContainerReportHandler (AbstractContainerReportHandler.java:updateContainerState(260)) - Container #1 is in OPEN state, but the datanode c33e49d7-aab4-4e8b-84a2-e80ab64b386a(fv-az465-709/10.1.0.48) reports an CLOSED replica.
2023-07-26 19:47:01,884 [FixedThreadPoolWithAffinityExecutor-0-0] WARN  container.ContainerReportHandler (AbstractContainerReportHandler.java:updateContainerState(260)) - Container #1 is in OPEN state, but the datanode 4099cb2b-2e2e-4151-9db7-f99ade631412(fv-az465-709/10.1.0.48) reports an CLOSED replica.
2023-07-26 19:47:01,908 [BlockDeletingService#3] INFO  interfaces.ContainerDeletionChoosingPolicyTemplate (ContainerDeletionChoosingPolicyTemplate.java:chooseContainerForBlockDeletion(83)) - Chosen 0/5000 blocks from 0 candidate containers.
2023-07-26 19:47:01,918 [BlockDeletingService#0] INFO  interfaces.ContainerDeletionChoosingPolicyTemplate (ContainerDeletionChoosingPolicyTemplate.java:chooseContainerForBlockDeletion(83)) - Chosen 0/5000 blocks from 0 candidate containers.
2023-07-26 19:47:02,009 [BlockDeletingService#3] INFO  interfaces.ContainerDeletionChoosingPolicyTemplate (ContainerDeletionChoosingPolicyTemplate.java:chooseContainerForBlockDeletion(83)) - Chosen 0/5000 blocks from 0 candidate containers.
2023-07-26 19:47:02,018 [BlockDeletingService#0] INFO  interfaces.ContainerDeletionChoosingPolicyTemplate (ContainerDeletionChoosingPolicyTemplate.java:chooseContainerForBlockDeletion(83)) - Chosen 0/5000 blocks from 0 candidate containers.
2023-07-26 19:47:02,078 [FixedThreadPoolWithAffinityExecutor-8-0] WARN  container.ContainerReportHandler (AbstractContainerReportHandler.java:updateContainerState(260)) - Container #1 is in OPEN state, but the datanode c33e49d7-aab4-4e8b-84a2-e80ab64b386a(fv-az465-709/10.1.0.48) reports an CLOSED replica.
2023-07-26 19:47:02,109 [BlockDeletingService#3] INFO  interfaces.ContainerDeletionChoosingPolicyTemplate (ContainerDeletionChoosingPolicyTemplate.java:chooseContainerForBlockDeletion(83)) - Chosen 0/5000 blocks from 0 candidate containers.
2023-07-26 19:47:02,118 [BlockDeletingService#0] INFO  interfaces.ContainerDeletionChoosingPolicyTemplate (ContainerDeletionChoosingPolicyTemplate.java:chooseContainerForBlockDeletion(83)) - Chosen 0/5000 blocks from 0 candidate containers.
2023-07-26 19:47:02,185 [FixedThreadPoolWithAffinityExecutor-0-0] WARN  container.ContainerReportHandler (AbstractContainerReportHandler.java:updateContainerState(260)) - Container #1 is in OPEN state, but the datanode 4099cb2b-2e2e-4151-9db7-f99ade631412(fv-az465-709/10.1.0.48) reports an CLOSED replica.
2023-07-26 19:47:02,210 [BlockDeletingService#3] INFO  interfaces.ContainerDeletionChoosingPolicyTemplate (ContainerDeletionChoosingPolicyTemplate.java:chooseContainerForBlockDeletion(83)) - Chosen 0/5000 blocks from 0 candidate containers.
2023-07-26 19:47:02,219 [BlockDeletingService#0] INFO  interfaces.ContainerDeletionChoosingPolicyTemplate (ContainerDeletionChoosingPolicyTemplate.java:chooseContainerForBlockDeletion(83)) - Chosen 0/5000 blocks from 0 candidate containers.
2023-07-26 19:47:02,310 [BlockDeletingService#3] INFO  interfaces.ContainerDeletionChoosingPolicyTemplate (ContainerDeletionChoosingPolicyTemplate.java:chooseContainerForBlockDeletion(83)) - Chosen 0/5000 blocks from 0 candidate containers.
2023-07-26 19:47:02,319 [BlockDeletingService#0] INFO  interfaces.ContainerDeletionChoosingPolicyTemplate (ContainerDeletionChoosingPolicyTemplate.java:chooseContainerForBlockDeletion(83)) - Chosen 0/5000 blocks from 0 candidate containers.
2023-07-26 19:47:02,378 [FixedThreadPoolWithAffinityExecutor-8-0] WARN  container.ContainerReportHandler (AbstractContainerReportHandler.java:updateContainerState(260)) - Container #1 is in OPEN state, but the datanode c33e49d7-aab4-4e8b-84a2-e80ab64b386a(fv-az465-709/10.1.0.48) reports an CLOSED replica.
2023-07-26 19:47:02,410 [BlockDeletingService#3] INFO  interfaces.ContainerDeletionChoosingPolicyTemplate (ContainerDeletionChoosingPolicyTemplate.java:chooseContainerForBlockDeletion(83)) - Chosen 0/5000 blocks from 0 candidate containers.
2023-07-26 19:47:02,420 [BlockDeletingService#0] INFO  interfaces.ContainerDeletionChoosingPolicyTemplate (ContainerDeletionChoosingPolicyTemplate.java:chooseContainerForBlockDeletion(83)) - Chosen 0/5000 blocks from 0 candidate containers.
2023-07-26 19:47:02,511 [BlockDeletingService#3] INFO  interfaces.ContainerDeletionChoosingPolicyTemplate (ContainerDeletionChoosingPolicyTemplate.java:chooseContainerForBlockDeletion(83)) - Chosen 0/5000 blocks from 0 candidate containers.
2023-07-26 19:47:02,520 [BlockDeletingService#0] INFO  interfaces.ContainerDeletionChoosingPolicyTemplate (ContainerDeletionChoosingPolicyTemplate.java:chooseContainerForBlockDeletion(83)) - Chosen 0/5000 blocks from 0 candidate containers.
2023-07-26 19:47:02,577 [FixedThreadPoolWithAffinityExecutor-8-0] WARN  container.ContainerReportHandler (AbstractContainerReportHandler.java:updateContainerState(260)) - Container #1 is in OPEN state, but the datanode c33e49d7-aab4-4e8b-84a2-e80ab64b386a(fv-az465-709/10.1.0.48) reports an CLOSED replica.
2023-07-26 19:47:02,586 [FixedThreadPoolWithAffinityExecutor-0-0] WARN  container.ContainerReportHandler (AbstractContainerReportHandler.java:updateContainerState(260)) - Container #1 is in OPEN state, but the datanode 4099cb2b-2e2e-4151-9db7-f99ade631412(fv-az465-709/10.1.0.48) reports an CLOSED replica.
2023-07-26 19:47:02,611 [BlockDeletingService#3] INFO  interfaces.ContainerDeletionChoosingPolicyTemplate (ContainerDeletionChoosingPolicyTemplate.java:chooseContainerForBlockDeletion(83)) - Chosen 0/5000 blocks from 0 candidate containers.
2023-07-26 19:47:02,620 [BlockDeletingService#0] INFO  interfaces.ContainerDeletionChoosingPolicyTemplate (ContainerDeletionChoosingPolicyTemplate.java:chooseContainerForBlockDeletion(83)) - Chosen 0/5000 blocks from 0 candidate containers.
2023-07-26 19:47:02,698 [grpc-default-executor-3] WARN  server.GrpcLogAppender (LogUtils.java:warn(122)) - 4099cb2b-2e2e-4151-9db7-f99ade631412@group-1C7129A268B6->cc71d3b4-cf6a-416c-96eb-6097e97a8fe1-AppendLogResponseHandler: Failed appendEntries: org.apache.ratis.thirdparty.io.grpc.StatusRuntimeException: UNAVAILABLE: io exception
2023-07-26 19:47:02,699 [grpc-default-executor-3] WARN  server.GrpcLogAppender (GrpcLogAppender.java:resetClient(128)) - 4099cb2b-2e2e-4151-9db7-f99ade631412@group-1C7129A268B6->cc71d3b4-cf6a-416c-96eb-6097e97a8fe1-GrpcLogAppender: Follower failed when matchIndex == 0,  keep nextIndex (6) unchanged and retry.
2023-07-26 19:47:02,699 [grpc-default-executor-2] WARN  server.GrpcLogAppender (LogUtils.java:warn(122)) - 4099cb2b-2e2e-4151-9db7-f99ade631412@group-1C7129A268B6->cc71d3b4-cf6a-416c-96eb-6097e97a8fe1-AppendLogResponseHandler: Failed appendEntries: org.apache.ratis.thirdparty.io.grpc.StatusRuntimeException: UNAVAILABLE: io exception
2023-07-26 19:47:02,699 [grpc-default-executor-2] WARN  server.GrpcLogAppender (GrpcLogAppender.java:resetClient(128)) - 4099cb2b-2e2e-4151-9db7-f99ade631412@group-1C7129A268B6->cc71d3b4-cf6a-416c-96eb-6097e97a8fe1-GrpcLogAppender: Follower failed when matchIndex == 0,  keep nextIndex (6) unchanged and retry.
2023-07-26 19:47:02,712 [BlockDeletingService#3] INFO  interfaces.ContainerDeletionChoosingPolicyTemplate (ContainerDeletionChoosingPolicyTemplate.java:chooseContainerForBlockDeletion(83)) - Chosen 0/5000 blocks from 0 candidate containers.
2023-07-26 19:47:02,720 [BlockDeletingService#0] INFO  interfaces.ContainerDeletionChoosingPolicyTemplate (ContainerDeletionChoosingPolicyTemplate.java:chooseContainerForBlockDeletion(83)) - Chosen 0/5000 blocks from 0 candidate containers.
2023-07-26 19:47:02,779 [FixedThreadPoolWithAffinityExecutor-8-0] WARN  container.ContainerReportHandler (AbstractContainerReportHandler.java:updateContainerState(260)) - Container #1 is in OPEN state, but the datanode c33e49d7-aab4-4e8b-84a2-e80ab64b386a(fv-az465-709/10.1.0.48) reports an CLOSED replica.
2023-07-26 19:47:02,812 [BlockDeletingService#3] INFO  interfaces.ContainerDeletionChoosingPolicyTemplate (ContainerDeletionChoosingPolicyTemplate.java:chooseContainerForBlockDeletion(83)) - Chosen 0/5000 blocks from 0 candidate containers.
2023-07-26 19:47:02,821 [BlockDeletingService#0] INFO  interfaces.ContainerDeletionChoosingPolicyTemplate (ContainerDeletionChoosingPolicyTemplate.java:chooseContainerForBlockDeletion(83)) - Chosen 0/5000 blocks from 0 candidate containers.
2023-07-26 19:47:02,886 [FixedThreadPoolWithAffinityExecutor-0-0] WARN  container.ContainerReportHandler (AbstractContainerReportHandler.java:updateContainerState(260)) - Container #1 is in OPEN state, but the datanode 4099cb2b-2e2e-4151-9db7-f99ade631412(fv-az465-709/10.1.0.48) reports an CLOSED replica.
2023-07-26 19:47:02,913 [BlockDeletingService#3] INFO  interfaces.ContainerDeletionChoosingPolicyTemplate (ContainerDeletionChoosingPolicyTemplate.java:chooseContainerForBlockDeletion(83)) - Chosen 0/5000 blocks from 0 candidate containers.
2023-07-26 19:47:02,921 [BlockDeletingService#0] INFO  interfaces.ContainerDeletionChoosingPolicyTemplate (ContainerDeletionChoosingPolicyTemplate.java:chooseContainerForBlockDeletion(83)) - Chosen 0/5000 blocks from 0 candidate containers.
2023-07-26 19:47:03,013 [BlockDeletingService#3] INFO  interfaces.ContainerDeletionChoosingPolicyTemplate (ContainerDeletionChoosingPolicyTemplate.java:chooseContainerForBlockDeletion(83)) - Chosen 0/5000 blocks from 0 candidate containers.
2023-07-26 19:47:03,023 [BlockDeletingService#0] INFO  interfaces.ContainerDeletionChoosingPolicyTemplate (ContainerDeletionChoosingPolicyTemplate.java:chooseContainerForBlockDeletion(83)) - Chosen 0/5000 blocks from 0 candidate containers.
2023-07-26 19:47:03,079 [FixedThreadPoolWithAffinityExecutor-8-0] WARN  container.ContainerReportHandler (AbstractContainerReportHandler.java:updateContainerState(260)) - Container #1 is in OPEN state, but the datanode c33e49d7-aab4-4e8b-84a2-e80ab64b386a(fv-az465-709/10.1.0.48) reports an CLOSED replica.
2023-07-26 19:47:03,114 [BlockDeletingService#3] INFO  interfaces.ContainerDeletionChoosingPolicyTemplate (ContainerDeletionChoosingPolicyTemplate.java:chooseContainerForBlockDeletion(83)) - Chosen 0/5000 blocks from 0 candidate containers.
2023-07-26 19:47:03,123 [BlockDeletingService#0] INFO  interfaces.ContainerDeletionChoosingPolicyTemplate (ContainerDeletionChoosingPolicyTemplate.java:chooseContainerForBlockDeletion(83)) - Chosen 0/5000 blocks from 0 candidate containers.
2023-07-26 19:47:03,214 [BlockDeletingService#3] INFO  interfaces.ContainerDeletionChoosingPolicyTemplate (ContainerDeletionChoosingPolicyTemplate.java:chooseContainerForBlockDeletion(83)) - Chosen 0/5000 blocks from 0 candidate containers.
2023-07-26 19:47:03,223 [BlockDeletingService#0] INFO  interfaces.ContainerDeletionChoosingPolicyTemplate (ContainerDeletionChoosingPolicyTemplate.java:chooseContainerForBlockDeletion(83)) - Chosen 0/5000 blocks from 0 candidate containers.
2023-07-26 19:47:03,280 [FixedThreadPoolWithAffinityExecutor-8-0] WARN  container.ContainerReportHandler (AbstractContainerReportHandler.java:updateContainerState(260)) - Container #1 is in OPEN state, but the datanode c33e49d7-aab4-4e8b-84a2-e80ab64b386a(fv-az465-709/10.1.0.48) reports an CLOSED replica.
2023-07-26 19:47:03,286 [FixedThreadPoolWithAffinityExecutor-0-0] WARN  container.ContainerReportHandler (AbstractContainerReportHandler.java:updateContainerState(260)) - Container #1 is in OPEN state, but the datanode 4099cb2b-2e2e-4151-9db7-f99ade631412(fv-az465-709/10.1.0.48) reports an CLOSED replica.
2023-07-26 19:47:03,315 [BlockDeletingService#3] INFO  interfaces.ContainerDeletionChoosingPolicyTemplate (ContainerDeletionChoosingPolicyTemplate.java:chooseContainerForBlockDeletion(83)) - Chosen 0/5000 blocks from 0 candidate containers.
2023-07-26 19:47:03,324 [BlockDeletingService#0] INFO  interfaces.ContainerDeletionChoosingPolicyTemplate (ContainerDeletionChoosingPolicyTemplate.java:chooseContainerForBlockDeletion(83)) - Chosen 0/5000 blocks from 0 candidate containers.
2023-07-26 19:47:03,415 [BlockDeletingService#3] INFO  interfaces.ContainerDeletionChoosingPolicyTemplate (ContainerDeletionChoosingPolicyTemplate.java:chooseContainerForBlockDeletion(83)) - Chosen 0/5000 blocks from 0 candidate containers.
2023-07-26 19:47:03,424 [BlockDeletingService#0] INFO  interfaces.ContainerDeletionChoosingPolicyTemplate (ContainerDeletionChoosingPolicyTemplate.java:chooseContainerForBlockDeletion(83)) - Chosen 0/5000 blocks from 0 candidate containers.
2023-07-26 19:47:03,480 [FixedThreadPoolWithAffinityExecutor-8-0] WARN  container.ContainerReportHandler (AbstractContainerReportHandler.java:updateContainerState(260)) - Container #1 is in OPEN state, but the datanode c33e49d7-aab4-4e8b-84a2-e80ab64b386a(fv-az465-709/10.1.0.48) reports an CLOSED replica.
2023-07-26 19:47:03,516 [BlockDeletingService#3] INFO  interfaces.ContainerDeletionChoosingPolicyTemplate (ContainerDeletionChoosingPolicyTemplate.java:chooseContainerForBlockDeletion(83)) - Chosen 0/5000 blocks from 0 candidate containers.
2023-07-26 19:47:03,524 [BlockDeletingService#0] INFO  interfaces.ContainerDeletionChoosingPolicyTemplate (ContainerDeletionChoosingPolicyTemplate.java:chooseContainerForBlockDeletion(83)) - Chosen 0/5000 blocks from 0 candidate containers.
2023-07-26 19:47:03,586 [FixedThreadPoolWithAffinityExecutor-0-0] WARN  container.ContainerReportHandler (AbstractContainerReportHandler.java:updateContainerState(260)) - Container #1 is in OPEN state, but the datanode 4099cb2b-2e2e-4151-9db7-f99ade631412(fv-az465-709/10.1.0.48) reports an CLOSED replica.
2023-07-26 19:47:03,617 [BlockDeletingService#3] INFO  interfaces.ContainerDeletionChoosingPolicyTemplate (ContainerDeletionChoosingPolicyTemplate.java:chooseContainerForBlockDeletion(83)) - Chosen 0/5000 blocks from 0 candidate containers.
2023-07-26 19:47:03,625 [BlockDeletingService#0] INFO  interfaces.ContainerDeletionChoosingPolicyTemplate (ContainerDeletionChoosingPolicyTemplate.java:chooseContainerForBlockDeletion(83)) - Chosen 0/5000 blocks from 0 candidate containers.
2023-07-26 19:47:03,681 [FixedThreadPoolWithAffinityExecutor-8-0] WARN  container.ContainerReportHandler (AbstractContainerReportHandler.java:updateContainerState(260)) - Container #1 is in OPEN state, but the datanode c33e49d7-aab4-4e8b-84a2-e80ab64b386a(fv-az465-709/10.1.0.48) reports an CLOSED replica.
2023-07-26 19:47:03,717 [BlockDeletingService#3] INFO  interfaces.ContainerDeletionChoosingPolicyTemplate (ContainerDeletionChoosingPolicyTemplate.java:chooseContainerForBlockDeletion(83)) - Chosen 0/5000 blocks from 0 candidate containers.
2023-07-26 19:47:03,725 [BlockDeletingService#0] INFO  interfaces.ContainerDeletionChoosingPolicyTemplate (ContainerDeletionChoosingPolicyTemplate.java:chooseContainerForBlockDeletion(83)) - Chosen 0/5000 blocks from 0 candidate containers.
2023-07-26 19:47:03,817 [BlockDeletingService#3] INFO  interfaces.ContainerDeletionChoosingPolicyTemplate (ContainerDeletionChoosingPolicyTemplate.java:chooseContainerForBlockDeletion(83)) - Chosen 0/5000 blocks from 0 candidate containers.
2023-07-26 19:47:03,825 [BlockDeletingService#0] INFO  interfaces.ContainerDeletionChoosingPolicyTemplate (ContainerDeletionChoosingPolicyTemplate.java:chooseContainerForBlockDeletion(83)) - Chosen 0/5000 blocks from 0 candidate containers.
2023-07-26 19:47:03,892 [FixedThreadPoolWithAffinityExecutor-0-0] WARN  container.ContainerReportHandler (AbstractContainerReportHandler.java:updateContainerState(260)) - Container #1 is in OPEN state, but the datanode 4099cb2b-2e2e-4151-9db7-f99ade631412(fv-az465-709/10.1.0.48) reports an CLOSED replica.
2023-07-26 19:47:03,918 [BlockDeletingService#3] INFO  interfaces.ContainerDeletionChoosingPolicyTemplate (ContainerDeletionChoosingPolicyTemplate.java:chooseContainerForBlockDeletion(83)) - Chosen 0/5000 blocks from 0 candidate containers.
2023-07-26 19:47:03,925 [BlockDeletingService#0] INFO  interfaces.ContainerDeletionChoosingPolicyTemplate (ContainerDeletionChoosingPolicyTemplate.java:chooseContainerForBlockDeletion(83)) - Chosen 0/5000 blocks from 0 candidate containers.
2023-07-26 19:47:03,949 [grpc-default-executor-2] WARN  server.GrpcLogAppender (LogUtils.java:warn(122)) - 4099cb2b-2e2e-4151-9db7-f99ade631412@group-1C7129A268B6->cc71d3b4-cf6a-416c-96eb-6097e97a8fe1-AppendLogResponseHandler: Failed appendEntries: org.apache.ratis.thirdparty.io.grpc.StatusRuntimeException: UNAVAILABLE: io exception
2023-07-26 19:47:03,949 [grpc-default-executor-3] WARN  server.GrpcLogAppender (LogUtils.java:warn(122)) - 4099cb2b-2e2e-4151-9db7-f99ade631412@group-1C7129A268B6->cc71d3b4-cf6a-416c-96eb-6097e97a8fe1-AppendLogResponseHandler: Failed appendEntries: org.apache.ratis.thirdparty.io.grpc.StatusRuntimeException: UNAVAILABLE: io exception
2023-07-26 19:47:03,950 [grpc-default-executor-2] WARN  server.GrpcLogAppender (GrpcLogAppender.java:resetClient(128)) - 4099cb2b-2e2e-4151-9db7-f99ade631412@group-1C7129A268B6->cc71d3b4-cf6a-416c-96eb-6097e97a8fe1-GrpcLogAppender: Follower failed when matchIndex == 0,  keep nextIndex (6) unchanged and retry.
2023-07-26 19:47:03,951 [grpc-default-executor-3] WARN  server.GrpcLogAppender (GrpcLogAppender.java:resetClient(128)) - 4099cb2b-2e2e-4151-9db7-f99ade631412@group-1C7129A268B6->cc71d3b4-cf6a-416c-96eb-6097e97a8fe1-GrpcLogAppender: Follower failed when matchIndex == 0,  keep nextIndex (6) unchanged and retry.
2023-07-26 19:47:03,981 [FixedThreadPoolWithAffinityExecutor-8-0] WARN  container.ContainerReportHandler (AbstractContainerReportHandler.java:updateContainerState(260)) - Container #1 is in OPEN state, but the datanode c33e49d7-aab4-4e8b-84a2-e80ab64b386a(fv-az465-709/10.1.0.48) reports an CLOSED replica.
2023-07-26 19:47:04,018 [BlockDeletingService#3] INFO  interfaces.ContainerDeletionChoosingPolicyTemplate (ContainerDeletionChoosingPolicyTemplate.java:chooseContainerForBlockDeletion(83)) - Chosen 0/5000 blocks from 0 candidate containers.
2023-07-26 19:47:04,026 [BlockDeletingService#0] INFO  interfaces.ContainerDeletionChoosingPolicyTemplate (ContainerDeletionChoosingPolicyTemplate.java:chooseContainerForBlockDeletion(83)) - Chosen 0/5000 blocks from 0 candidate containers.
2023-07-26 19:47:04,119 [BlockDeletingService#3] INFO  interfaces.ContainerDeletionChoosingPolicyTemplate (ContainerDeletionChoosingPolicyTemplate.java:chooseContainerForBlockDeletion(83)) - Chosen 0/5000 blocks from 0 candidate containers.
2023-07-26 19:47:04,126 [BlockDeletingService#0] INFO  interfaces.ContainerDeletionChoosingPolicyTemplate (ContainerDeletionChoosingPolicyTemplate.java:chooseContainerForBlockDeletion(83)) - Chosen 0/5000 blocks from 0 candidate containers.
2023-07-26 19:47:04,181 [FixedThreadPoolWithAffinityExecutor-8-0] WARN  container.ContainerReportHandler (AbstractContainerReportHandler.java:updateContainerState(260)) - Container #1 is in OPEN state, but the datanode c33e49d7-aab4-4e8b-84a2-e80ab64b386a(fv-az465-709/10.1.0.48) reports an CLOSED replica.
2023-07-26 19:47:04,219 [BlockDeletingService#3] INFO  interfaces.ContainerDeletionChoosingPolicyTemplate (ContainerDeletionChoosingPolicyTemplate.java:chooseContainerForBlockDeletion(83)) - Chosen 0/5000 blocks from 0 candidate containers.
2023-07-26 19:47:04,226 [BlockDeletingService#0] INFO  interfaces.ContainerDeletionChoosingPolicyTemplate (ContainerDeletionChoosingPolicyTemplate.java:chooseContainerForBlockDeletion(83)) - Chosen 0/5000 blocks from 0 candidate containers.
2023-07-26 19:47:04,288 [FixedThreadPoolWithAffinityExecutor-0-0] WARN  container.ContainerReportHandler (AbstractContainerReportHandler.java:updateContainerState(260)) - Container #1 is in OPEN state, but the datanode 4099cb2b-2e2e-4151-9db7-f99ade631412(fv-az465-709/10.1.0.48) reports an CLOSED replica.
2023-07-26 19:47:04,319 [BlockDeletingService#3] INFO  interfaces.ContainerDeletionChoosingPolicyTemplate (ContainerDeletionChoosingPolicyTemplate.java:chooseContainerForBlockDeletion(83)) - Chosen 0/5000 blocks from 0 candidate containers.
2023-07-26 19:47:04,327 [BlockDeletingService#0] INFO  interfaces.ContainerDeletionChoosingPolicyTemplate (ContainerDeletionChoosingPolicyTemplate.java:chooseContainerForBlockDeletion(83)) - Chosen 0/5000 blocks from 0 candidate containers.
2023-07-26 19:47:04,382 [FixedThreadPoolWithAffinityExecutor-8-0] WARN  container.ContainerReportHandler (AbstractContainerReportHandler.java:updateContainerState(260)) - Container #1 is in OPEN state, but the datanode c33e49d7-aab4-4e8b-84a2-e80ab64b386a(fv-az465-709/10.1.0.48) reports an CLOSED replica.
2023-07-26 19:47:04,420 [BlockDeletingService#3] INFO  interfaces.ContainerDeletionChoosingPolicyTemplate (ContainerDeletionChoosingPolicyTemplate.java:chooseContainerForBlockDeletion(83)) - Chosen 0/5000 blocks from 0 candidate containers.
2023-07-26 19:47:04,427 [BlockDeletingService#0] INFO  interfaces.ContainerDeletionChoosingPolicyTemplate (ContainerDeletionChoosingPolicyTemplate.java:chooseContainerForBlockDeletion(83)) - Chosen 0/5000 blocks from 0 candidate containers.
2023-07-26 19:47:04,520 [BlockDeletingService#3] INFO  interfaces.ContainerDeletionChoosingPolicyTemplate (ContainerDeletionChoosingPolicyTemplate.java:chooseContainerForBlockDeletion(83)) - Chosen 0/5000 blocks from 0 candidate containers.
2023-07-26 19:47:04,527 [BlockDeletingService#0] INFO  interfaces.ContainerDeletionChoosingPolicyTemplate (ContainerDeletionChoosingPolicyTemplate.java:chooseContainerForBlockDeletion(83)) - Chosen 0/5000 blocks from 0 candidate containers.
2023-07-26 19:47:04,589 [FixedThreadPoolWithAffinityExecutor-0-0] WARN  container.ContainerReportHandler (AbstractContainerReportHandler.java:updateContainerState(260)) - Container #1 is in OPEN state, but the datanode 4099cb2b-2e2e-4151-9db7-f99ade631412(fv-az465-709/10.1.0.48) reports an CLOSED replica.
2023-07-26 19:47:04,621 [BlockDeletingService#3] INFO  interfaces.ContainerDeletionChoosingPolicyTemplate (ContainerDeletionChoosingPolicyTemplate.java:chooseContainerForBlockDeletion(83)) - Chosen 0/5000 blocks from 0 candidate containers.
2023-07-26 19:47:04,628 [BlockDeletingService#0] INFO  interfaces.ContainerDeletionChoosingPolicyTemplate (ContainerDeletionChoosingPolicyTemplate.java:chooseContainerForBlockDeletion(83)) - Chosen 0/5000 blocks from 0 candidate containers.
2023-07-26 19:47:04,682 [FixedThreadPoolWithAffinityExecutor-8-0] WARN  container.ContainerReportHandler (AbstractContainerReportHandler.java:updateContainerState(260)) - Container #1 is in OPEN state, but the datanode c33e49d7-aab4-4e8b-84a2-e80ab64b386a(fv-az465-709/10.1.0.48) reports an CLOSED replica.
2023-07-26 19:47:04,721 [BlockDeletingService#3] INFO  interfaces.ContainerDeletionChoosingPolicyTemplate (ContainerDeletionChoosingPolicyTemplate.java:chooseContainerForBlockDeletion(83)) - Chosen 0/5000 blocks from 0 candidate containers.
2023-07-26 19:47:04,728 [BlockDeletingService#0] INFO  interfaces.ContainerDeletionChoosingPolicyTemplate (ContainerDeletionChoosingPolicyTemplate.java:chooseContainerForBlockDeletion(83)) - Chosen 0/5000 blocks from 0 candidate containers.
2023-07-26 19:47:04,821 [BlockDeletingService#3] INFO  interfaces.ContainerDeletionChoosingPolicyTemplate (ContainerDeletionChoosingPolicyTemplate.java:chooseContainerForBlockDeletion(83)) - Chosen 0/5000 blocks from 0 candidate containers.
2023-07-26 19:47:04,828 [BlockDeletingService#0] INFO  interfaces.ContainerDeletionChoosingPolicyTemplate (ContainerDeletionChoosingPolicyTemplate.java:chooseContainerForBlockDeletion(83)) - Chosen 0/5000 blocks from 0 candidate containers.
2023-07-26 19:47:04,882 [FixedThreadPoolWithAffinityExecutor-8-0] WARN  container.ContainerReportHandler (AbstractContainerReportHandler.java:updateContainerState(260)) - Container #1 is in OPEN state, but the datanode c33e49d7-aab4-4e8b-84a2-e80ab64b386a(fv-az465-709/10.1.0.48) reports an CLOSED replica.
2023-07-26 19:47:04,922 [BlockDeletingService#3] INFO  interfaces.ContainerDeletionChoosingPolicyTemplate (ContainerDeletionChoosingPolicyTemplate.java:chooseContainerForBlockDeletion(83)) - Chosen 0/5000 blocks from 0 candidate containers.
2023-07-26 19:47:04,929 [BlockDeletingService#0] INFO  interfaces.ContainerDeletionChoosingPolicyTemplate (ContainerDeletionChoosingPolicyTemplate.java:chooseContainerForBlockDeletion(83)) - Chosen 0/5000 blocks from 0 candidate containers.
2023-07-26 19:47:04,988 [FixedThreadPoolWithAffinityExecutor-0-0] WARN  container.ContainerReportHandler (AbstractContainerReportHandler.java:updateContainerState(260)) - Container #1 is in OPEN state, but the datanode 4099cb2b-2e2e-4151-9db7-f99ade631412(fv-az465-709/10.1.0.48) reports an CLOSED replica.
2023-07-26 19:47:05,022 [BlockDeletingService#3] INFO  interfaces.ContainerDeletionChoosingPolicyTemplate (ContainerDeletionChoosingPolicyTemplate.java:chooseContainerForBlockDeletion(83)) - Chosen 0/5000 blocks from 0 candidate containers.
2023-07-26 19:47:05,029 [BlockDeletingService#0] INFO  interfaces.ContainerDeletionChoosingPolicyTemplate (ContainerDeletionChoosingPolicyTemplate.java:chooseContainerForBlockDeletion(83)) - Chosen 0/5000 blocks from 0 candidate containers.
2023-07-26 19:47:05,082 [FixedThreadPoolWithAffinityExecutor-8-0] WARN  container.ContainerReportHandler (AbstractContainerReportHandler.java:updateContainerState(260)) - Container #1 is in OPEN state, but the datanode c33e49d7-aab4-4e8b-84a2-e80ab64b386a(fv-az465-709/10.1.0.48) reports an CLOSED replica.
2023-07-26 19:47:05,122 [BlockDeletingService#3] INFO  interfaces.ContainerDeletionChoosingPolicyTemplate (ContainerDeletionChoosingPolicyTemplate.java:chooseContainerForBlockDeletion(83)) - Chosen 0/5000 blocks from 0 candidate containers.
2023-07-26 19:47:05,129 [BlockDeletingService#0] INFO  interfaces.ContainerDeletionChoosingPolicyTemplate (ContainerDeletionChoosingPolicyTemplate.java:chooseContainerForBlockDeletion(83)) - Chosen 0/5000 blocks from 0 candidate containers.
2023-07-26 19:47:05,199 [grpc-default-executor-2] WARN  server.GrpcLogAppender (LogUtils.java:warn(122)) - 4099cb2b-2e2e-4151-9db7-f99ade631412@group-1C7129A268B6->cc71d3b4-cf6a-416c-96eb-6097e97a8fe1-AppendLogResponseHandler: Failed appendEntries: org.apache.ratis.thirdparty.io.grpc.StatusRuntimeException: UNAVAILABLE: io exception
2023-07-26 19:47:05,199 [grpc-default-executor-3] WARN  server.GrpcLogAppender (LogUtils.java:warn(122)) - 4099cb2b-2e2e-4151-9db7-f99ade631412@group-1C7129A268B6->cc71d3b4-cf6a-416c-96eb-6097e97a8fe1-AppendLogResponseHandler: Failed appendEntries: org.apache.ratis.thirdparty.io.grpc.StatusRuntimeException: UNAVAILABLE: io exception
2023-07-26 19:47:05,200 [grpc-default-executor-2] WARN  server.GrpcLogAppender (GrpcLogAppender.java:resetClient(128)) - 4099cb2b-2e2e-4151-9db7-f99ade631412@group-1C7129A268B6->cc71d3b4-cf6a-416c-96eb-6097e97a8fe1-GrpcLogAppender: Follower failed when matchIndex == 0,  keep nextIndex (6) unchanged and retry.
2023-07-26 19:47:05,200 [grpc-default-executor-3] WARN  server.GrpcLogAppender (GrpcLogAppender.java:resetClient(128)) - 4099cb2b-2e2e-4151-9db7-f99ade631412@group-1C7129A268B6->cc71d3b4-cf6a-416c-96eb-6097e97a8fe1-GrpcLogAppender: Follower failed when matchIndex == 0,  keep nextIndex (6) unchanged and retry.
2023-07-26 19:47:05,223 [BlockDeletingService#3] INFO  interfaces.ContainerDeletionChoosingPolicyTemplate (ContainerDeletionChoosingPolicyTemplate.java:chooseContainerForBlockDeletion(83)) - Chosen 0/5000 blocks from 0 candidate containers.
2023-07-26 19:47:05,230 [BlockDeletingService#0] INFO  interfaces.ContainerDeletionChoosingPolicyTemplate (ContainerDeletionChoosingPolicyTemplate.java:chooseContainerForBlockDeletion(83)) - Chosen 0/5000 blocks from 0 candidate containers.
2023-07-26 19:47:05,293 [FixedThreadPoolWithAffinityExecutor-0-0] WARN  container.ContainerReportHandler (AbstractContainerReportHandler.java:updateContainerState(260)) - Container #1 is in OPEN state, but the datanode 4099cb2b-2e2e-4151-9db7-f99ade631412(fv-az465-709/10.1.0.48) reports an CLOSED replica.
2023-07-26 19:47:05,323 [BlockDeletingService#3] INFO  interfaces.ContainerDeletionChoosingPolicyTemplate (ContainerDeletionChoosingPolicyTemplate.java:chooseContainerForBlockDeletion(83)) - Chosen 0/5000 blocks from 0 candidate containers.
2023-07-26 19:47:05,330 [BlockDeletingService#0] INFO  interfaces.ContainerDeletionChoosingPolicyTemplate (ContainerDeletionChoosingPolicyTemplate.java:chooseContainerForBlockDeletion(83)) - Chosen 0/5000 blocks from 0 candidate containers.
2023-07-26 19:47:05,387 [FixedThreadPoolWithAffinityExecutor-8-0] WARN  container.ContainerReportHandler (AbstractContainerReportHandler.java:updateContainerState(260)) - Container #1 is in OPEN state, but the datanode c33e49d7-aab4-4e8b-84a2-e80ab64b386a(fv-az465-709/10.1.0.48) reports an CLOSED replica.
2023-07-26 19:47:05,424 [BlockDeletingService#3] INFO  interfaces.ContainerDeletionChoosingPolicyTemplate (ContainerDeletionChoosingPolicyTemplate.java:chooseContainerForBlockDeletion(83)) - Chosen 0/5000 blocks from 0 candidate containers.
2023-07-26 19:47:05,430 [BlockDeletingService#0] INFO  interfaces.ContainerDeletionChoosingPolicyTemplate (ContainerDeletionChoosingPolicyTemplate.java:chooseContainerForBlockDeletion(83)) - Chosen 0/5000 blocks from 0 candidate containers.
2023-07-26 19:47:05,524 [BlockDeletingService#3] INFO  interfaces.ContainerDeletionChoosingPolicyTemplate (ContainerDeletionChoosingPolicyTemplate.java:chooseContainerForBlockDeletion(83)) - Chosen 0/5000 blocks from 0 candidate containers.
2023-07-26 19:47:05,530 [BlockDeletingService#0] INFO  interfaces.ContainerDeletionChoosingPolicyTemplate (ContainerDeletionChoosingPolicyTemplate.java:chooseContainerForBlockDeletion(83)) - Chosen 0/5000 blocks from 0 candidate containers.
2023-07-26 19:47:05,587 [FixedThreadPoolWithAffinityExecutor-8-0] WARN  container.ContainerReportHandler (AbstractContainerReportHandler.java:updateContainerState(260)) - Container #1 is in OPEN state, but the datanode c33e49d7-aab4-4e8b-84a2-e80ab64b386a(fv-az465-709/10.1.0.48) reports an CLOSED replica.
2023-07-26 19:47:05,592 [FixedThreadPoolWithAffinityExecutor-0-0] WARN  container.ContainerReportHandler (AbstractContainerReportHandler.java:updateContainerState(260)) - Container #1 is in OPEN state, but the datanode 4099cb2b-2e2e-4151-9db7-f99ade631412(fv-az465-709/10.1.0.48) reports an CLOSED replica.
2023-07-26 19:47:05,624 [BlockDeletingService#3] INFO  interfaces.ContainerDeletionChoosingPolicyTemplate (ContainerDeletionChoosingPolicyTemplate.java:chooseContainerForBlockDeletion(83)) - Chosen 0/5000 blocks from 0 candidate containers.
2023-07-26 19:47:05,631 [BlockDeletingService#0] INFO  interfaces.ContainerDeletionChoosingPolicyTemplate (ContainerDeletionChoosingPolicyTemplate.java:chooseContainerForBlockDeletion(83)) - Chosen 0/5000 blocks from 0 candidate containers.
2023-07-26 19:47:05,725 [BlockDeletingService#3] INFO  interfaces.ContainerDeletionChoosingPolicyTemplate (ContainerDeletionChoosingPolicyTemplate.java:chooseContainerForBlockDeletion(83)) - Chosen 0/5000 blocks from 0 candidate containers.
2023-07-26 19:47:05,731 [BlockDeletingService#0] INFO  interfaces.ContainerDeletionChoosingPolicyTemplate (ContainerDeletionChoosingPolicyTemplate.java:chooseContainerForBlockDeletion(83)) - Chosen 0/5000 blocks from 0 candidate containers.
2023-07-26 19:47:05,793 [FixedThreadPoolWithAffinityExecutor-8-0] WARN  container.ContainerReportHandler (AbstractContainerReportHandler.java:updateContainerState(260)) - Container #1 is in OPEN state, but the datanode c33e49d7-aab4-4e8b-84a2-e80ab64b386a(fv-az465-709/10.1.0.48) reports an CLOSED replica.
2023-07-26 19:47:05,825 [BlockDeletingService#3] INFO  interfaces.ContainerDeletionChoosingPolicyTemplate (ContainerDeletionChoosingPolicyTemplate.java:chooseContainerForBlockDeletion(83)) - Chosen 0/5000 blocks from 0 candidate containers.
2023-07-26 19:47:05,831 [BlockDeletingService#0] INFO  interfaces.ContainerDeletionChoosingPolicyTemplate (ContainerDeletionChoosingPolicyTemplate.java:chooseContainerForBlockDeletion(83)) - Chosen 0/5000 blocks from 0 candidate containers.
2023-07-26 19:47:05,927 [BlockDeletingService#3] INFO  interfaces.ContainerDeletionChoosingPolicyTemplate (ContainerDeletionChoosingPolicyTemplate.java:chooseContainerForBlockDeletion(83)) - Chosen 0/5000 blocks from 0 candidate containers.
2023-07-26 19:47:05,931 [BlockDeletingService#0] INFO  interfaces.ContainerDeletionChoosingPolicyTemplate (ContainerDeletionChoosingPolicyTemplate.java:chooseContainerForBlockDeletion(83)) - Chosen 0/5000 blocks from 0 candidate containers.
2023-07-26 19:47:05,989 [FixedThreadPoolWithAffinityExecutor-8-0] WARN  container.ContainerReportHandler (AbstractContainerReportHandler.java:updateContainerState(260)) - Container #1 is in OPEN state, but the datanode c33e49d7-aab4-4e8b-84a2-e80ab64b386a(fv-az465-709/10.1.0.48) reports an CLOSED replica.
2023-07-26 19:47:05,993 [FixedThreadPoolWithAffinityExecutor-0-0] WARN  container.ContainerReportHandler (AbstractContainerReportHandler.java:updateContainerState(260)) - Container #1 is in OPEN state, but the datanode 4099cb2b-2e2e-4151-9db7-f99ade631412(fv-az465-709/10.1.0.48) reports an CLOSED replica.
2023-07-26 19:47:06,027 [BlockDeletingService#3] INFO  interfaces.ContainerDeletionChoosingPolicyTemplate (ContainerDeletionChoosingPolicyTemplate.java:chooseContainerForBlockDeletion(83)) - Chosen 0/5000 blocks from 0 candidate containers.
2023-07-26 19:47:06,032 [BlockDeletingService#0] INFO  interfaces.ContainerDeletionChoosingPolicyTemplate (ContainerDeletionChoosingPolicyTemplate.java:chooseContainerForBlockDeletion(83)) - Chosen 0/5000 blocks from 0 candidate containers.
2023-07-26 19:47:06,128 [BlockDeletingService#3] INFO  interfaces.ContainerDeletionChoosingPolicyTemplate (ContainerDeletionChoosingPolicyTemplate.java:chooseContainerForBlockDeletion(83)) - Chosen 0/5000 blocks from 0 candidate containers.
2023-07-26 19:47:06,132 [BlockDeletingService#0] INFO  interfaces.ContainerDeletionChoosingPolicyTemplate (ContainerDeletionChoosingPolicyTemplate.java:chooseContainerForBlockDeletion(83)) - Chosen 0/5000 blocks from 0 candidate containers.
2023-07-26 19:47:06,228 [BlockDeletingService#3] INFO  interfaces.ContainerDeletionChoosingPolicyTemplate (ContainerDeletionChoosingPolicyTemplate.java:chooseContainerForBlockDeletion(83)) - Chosen 0/5000 blocks from 0 candidate containers.
2023-07-26 19:47:06,232 [BlockDeletingService#0] INFO  interfaces.ContainerDeletionChoosingPolicyTemplate (ContainerDeletionChoosingPolicyTemplate.java:chooseContainerForBlockDeletion(83)) - Chosen 0/5000 blocks from 0 candidate containers.
2023-07-26 19:47:06,288 [FixedThreadPoolWithAffinityExecutor-8-0] WARN  container.ContainerReportHandler (AbstractContainerReportHandler.java:updateContainerState(260)) - Container #1 is in OPEN state, but the datanode c33e49d7-aab4-4e8b-84a2-e80ab64b386a(fv-az465-709/10.1.0.48) reports an CLOSED replica.
2023-07-26 19:47:06,293 [FixedThreadPoolWithAffinityExecutor-0-0] WARN  container.ContainerReportHandler (AbstractContainerReportHandler.java:updateContainerState(260)) - Container #1 is in OPEN state, but the datanode 4099cb2b-2e2e-4151-9db7-f99ade631412(fv-az465-709/10.1.0.48) reports an CLOSED replica.
2023-07-26 19:47:06,328 [BlockDeletingService#3] INFO  interfaces.ContainerDeletionChoosingPolicyTemplate (ContainerDeletionChoosingPolicyTemplate.java:chooseContainerForBlockDeletion(83)) - Chosen 0/5000 blocks from 0 candidate containers.
2023-07-26 19:47:06,333 [BlockDeletingService#0] INFO  interfaces.ContainerDeletionChoosingPolicyTemplate (ContainerDeletionChoosingPolicyTemplate.java:chooseContainerForBlockDeletion(83)) - Chosen 0/5000 blocks from 0 candidate containers.
2023-07-26 19:47:06,429 [BlockDeletingService#3] INFO  interfaces.ContainerDeletionChoosingPolicyTemplate (ContainerDeletionChoosingPolicyTemplate.java:chooseContainerForBlockDeletion(83)) - Chosen 0/5000 blocks from 0 candidate containers.
2023-07-26 19:47:06,433 [BlockDeletingService#0] INFO  interfaces.ContainerDeletionChoosingPolicyTemplate (ContainerDeletionChoosingPolicyTemplate.java:chooseContainerForBlockDeletion(83)) - Chosen 0/5000 blocks from 0 candidate containers.
2023-07-26 19:47:06,450 [grpc-default-executor-3] WARN  server.GrpcLogAppender (LogUtils.java:warn(122)) - 4099cb2b-2e2e-4151-9db7-f99ade631412@group-1C7129A268B6->cc71d3b4-cf6a-416c-96eb-6097e97a8fe1-AppendLogResponseHandler: Failed appendEntries: org.apache.ratis.thirdparty.io.grpc.StatusRuntimeException: UNAVAILABLE: io exception
2023-07-26 19:47:06,450 [grpc-default-executor-2] WARN  server.GrpcLogAppender (LogUtils.java:warn(122)) - 4099cb2b-2e2e-4151-9db7-f99ade631412@group-1C7129A268B6->cc71d3b4-cf6a-416c-96eb-6097e97a8fe1-AppendLogResponseHandler: Failed appendEntries: org.apache.ratis.thirdparty.io.grpc.StatusRuntimeException: UNAVAILABLE: io exception
2023-07-26 19:47:06,451 [grpc-default-executor-3] WARN  server.GrpcLogAppender (GrpcLogAppender.java:resetClient(128)) - 4099cb2b-2e2e-4151-9db7-f99ade631412@group-1C7129A268B6->cc71d3b4-cf6a-416c-96eb-6097e97a8fe1-GrpcLogAppender: Follower failed when matchIndex == 0,  keep nextIndex (6) unchanged and retry.
2023-07-26 19:47:06,452 [grpc-default-executor-2] WARN  server.GrpcLogAppender (GrpcLogAppender.java:resetClient(128)) - 4099cb2b-2e2e-4151-9db7-f99ade631412@group-1C7129A268B6->cc71d3b4-cf6a-416c-96eb-6097e97a8fe1-GrpcLogAppender: Follower failed when matchIndex == 0,  keep nextIndex (6) unchanged and retry.
2023-07-26 19:47:06,490 [FixedThreadPoolWithAffinityExecutor-8-0] WARN  container.ContainerReportHandler (AbstractContainerReportHandler.java:updateContainerState(260)) - Container #1 is in OPEN state, but the datanode c33e49d7-aab4-4e8b-84a2-e80ab64b386a(fv-az465-709/10.1.0.48) reports an CLOSED replica.
2023-07-26 19:47:06,529 [BlockDeletingService#3] INFO  interfaces.ContainerDeletionChoosingPolicyTemplate (ContainerDeletionChoosingPolicyTemplate.java:chooseContainerForBlockDeletion(83)) - Chosen 0/5000 blocks from 0 candidate containers.
2023-07-26 19:47:06,533 [BlockDeletingService#0] INFO  interfaces.ContainerDeletionChoosingPolicyTemplate (ContainerDeletionChoosingPolicyTemplate.java:chooseContainerForBlockDeletion(83)) - Chosen 0/5000 blocks from 0 candidate containers.
2023-07-26 19:47:06,630 [BlockDeletingService#3] INFO  interfaces.ContainerDeletionChoosingPolicyTemplate (ContainerDeletionChoosingPolicyTemplate.java:chooseContainerForBlockDeletion(83)) - Chosen 0/5000 blocks from 0 candidate containers.
2023-07-26 19:47:06,633 [BlockDeletingService#0] INFO  interfaces.ContainerDeletionChoosingPolicyTemplate (ContainerDeletionChoosingPolicyTemplate.java:chooseContainerForBlockDeletion(83)) - Chosen 0/5000 blocks from 0 candidate containers.
2023-07-26 19:47:06,690 [FixedThreadPoolWithAffinityExecutor-8-0] WARN  container.ContainerReportHandler (AbstractContainerReportHandler.java:updateContainerState(260)) - Container #1 is in OPEN state, but the datanode c33e49d7-aab4-4e8b-84a2-e80ab64b386a(fv-az465-709/10.1.0.48) reports an CLOSED replica.
2023-07-26 19:47:06,692 [FixedThreadPoolWithAffinityExecutor-0-0] WARN  container.ContainerReportHandler (AbstractContainerReportHandler.java:updateContainerState(260)) - Container #1 is in OPEN state, but the datanode 4099cb2b-2e2e-4151-9db7-f99ade631412(fv-az465-709/10.1.0.48) reports an CLOSED replica.
2023-07-26 19:47:06,730 [BlockDeletingService#3] INFO  interfaces.ContainerDeletionChoosingPolicyTemplate (ContainerDeletionChoosingPolicyTemplate.java:chooseContainerForBlockDeletion(83)) - Chosen 0/5000 blocks from 0 candidate containers.
2023-07-26 19:47:06,734 [BlockDeletingService#0] INFO  interfaces.ContainerDeletionChoosingPolicyTemplate (ContainerDeletionChoosingPolicyTemplate.java:chooseContainerForBlockDeletion(83)) - Chosen 0/5000 blocks from 0 candidate containers.
2023-07-26 19:47:06,830 [BlockDeletingService#3] INFO  interfaces.ContainerDeletionChoosingPolicyTemplate (ContainerDeletionChoosingPolicyTemplate.java:chooseContainerForBlockDeletion(83)) - Chosen 0/5000 blocks from 0 candidate containers.
2023-07-26 19:47:06,834 [BlockDeletingService#0] INFO  interfaces.ContainerDeletionChoosingPolicyTemplate (ContainerDeletionChoosingPolicyTemplate.java:chooseContainerForBlockDeletion(83)) - Chosen 0/5000 blocks from 0 candidate containers.
2023-07-26 19:47:06,931 [BlockDeletingService#3] INFO  interfaces.ContainerDeletionChoosingPolicyTemplate (ContainerDeletionChoosingPolicyTemplate.java:chooseContainerForBlockDeletion(83)) - Chosen 0/5000 blocks from 0 candidate containers.
2023-07-26 19:47:06,934 [BlockDeletingService#0] INFO  interfaces.ContainerDeletionChoosingPolicyTemplate (ContainerDeletionChoosingPolicyTemplate.java:chooseContainerForBlockDeletion(83)) - Chosen 0/5000 blocks from 0 candidate containers.
2023-07-26 19:47:06,990 [FixedThreadPoolWithAffinityExecutor-8-0] WARN  container.ContainerReportHandler (AbstractContainerReportHandler.java:updateContainerState(260)) - Container #1 is in OPEN state, but the datanode c33e49d7-aab4-4e8b-84a2-e80ab64b386a(fv-az465-709/10.1.0.48) reports an CLOSED replica.
2023-07-26 19:47:06,993 [FixedThreadPoolWithAffinityExecutor-0-0] WARN  container.ContainerReportHandler (AbstractContainerReportHandler.java:updateContainerState(260)) - Container #1 is in OPEN state, but the datanode 4099cb2b-2e2e-4151-9db7-f99ade631412(fv-az465-709/10.1.0.48) reports an CLOSED replica.
2023-07-26 19:47:07,031 [BlockDeletingService#3] INFO  interfaces.ContainerDeletionChoosingPolicyTemplate (ContainerDeletionChoosingPolicyTemplate.java:chooseContainerForBlockDeletion(83)) - Chosen 0/5000 blocks from 0 candidate containers.
2023-07-26 19:47:07,035 [BlockDeletingService#0] INFO  interfaces.ContainerDeletionChoosingPolicyTemplate (ContainerDeletionChoosingPolicyTemplate.java:chooseContainerForBlockDeletion(83)) - Chosen 0/5000 blocks from 0 candidate containers.
2023-07-26 19:47:07,132 [BlockDeletingService#3] INFO  interfaces.ContainerDeletionChoosingPolicyTemplate (ContainerDeletionChoosingPolicyTemplate.java:chooseContainerForBlockDeletion(83)) - Chosen 0/5000 blocks from 0 candidate containers.
2023-07-26 19:47:07,135 [BlockDeletingService#0] INFO  interfaces.ContainerDeletionChoosingPolicyTemplate (ContainerDeletionChoosingPolicyTemplate.java:chooseContainerForBlockDeletion(83)) - Chosen 0/5000 blocks from 0 candidate containers.
2023-07-26 19:47:07,190 [FixedThreadPoolWithAffinityExecutor-8-0] WARN  container.ContainerReportHandler (AbstractContainerReportHandler.java:updateContainerState(260)) - Container #1 is in OPEN state, but the datanode c33e49d7-aab4-4e8b-84a2-e80ab64b386a(fv-az465-709/10.1.0.48) reports an CLOSED replica.
2023-07-26 19:47:07,232 [BlockDeletingService#3] INFO  interfaces.ContainerDeletionChoosingPolicyTemplate (ContainerDeletionChoosingPolicyTemplate.java:chooseContainerForBlockDeletion(83)) - Chosen 0/5000 blocks from 0 candidate containers.
2023-07-26 19:47:07,235 [BlockDeletingService#0] INFO  interfaces.ContainerDeletionChoosingPolicyTemplate (ContainerDeletionChoosingPolicyTemplate.java:chooseContainerForBlockDeletion(83)) - Chosen 0/5000 blocks from 0 candidate containers.
2023-07-26 19:47:07,301 [FixedThreadPoolWithAffinityExecutor-0-0] WARN  container.ContainerReportHandler (AbstractContainerReportHandler.java:updateContainerState(260)) - Container #1 is in OPEN state, but the datanode 4099cb2b-2e2e-4151-9db7-f99ade631412(fv-az465-709/10.1.0.48) reports an CLOSED replica.
2023-07-26 19:47:07,333 [BlockDeletingService#3] INFO  interfaces.ContainerDeletionChoosingPolicyTemplate (ContainerDeletionChoosingPolicyTemplate.java:chooseContainerForBlockDeletion(83)) - Chosen 0/5000 blocks from 0 candidate containers.
2023-07-26 19:47:07,335 [BlockDeletingService#0] INFO  interfaces.ContainerDeletionChoosingPolicyTemplate (ContainerDeletionChoosingPolicyTemplate.java:chooseContainerForBlockDeletion(83)) - Chosen 0/5000 blocks from 0 candidate containers.
2023-07-26 19:47:07,391 [FixedThreadPoolWithAffinityExecutor-8-0] WARN  container.ContainerReportHandler (AbstractContainerReportHandler.java:updateContainerState(260)) - Container #1 is in OPEN state, but the datanode c33e49d7-aab4-4e8b-84a2-e80ab64b386a(fv-az465-709/10.1.0.48) reports an CLOSED replica.
2023-07-26 19:47:07,433 [BlockDeletingService#3] INFO  interfaces.ContainerDeletionChoosingPolicyTemplate (ContainerDeletionChoosingPolicyTemplate.java:chooseContainerForBlockDeletion(83)) - Chosen 0/5000 blocks from 0 candidate containers.
2023-07-26 19:47:07,435 [BlockDeletingService#0] INFO  interfaces.ContainerDeletionChoosingPolicyTemplate (ContainerDeletionChoosingPolicyTemplate.java:chooseContainerForBlockDeletion(83)) - Chosen 0/5000 blocks from 0 candidate containers.
2023-07-26 19:47:07,533 [BlockDeletingService#3] INFO  interfaces.ContainerDeletionChoosingPolicyTemplate (ContainerDeletionChoosingPolicyTemplate.java:chooseContainerForBlockDeletion(83)) - Chosen 0/5000 blocks from 0 candidate containers.
2023-07-26 19:47:07,536 [BlockDeletingService#0] INFO  interfaces.ContainerDeletionChoosingPolicyTemplate (ContainerDeletionChoosingPolicyTemplate.java:chooseContainerForBlockDeletion(83)) - Chosen 0/5000 blocks from 0 candidate containers.
2023-07-26 19:47:07,634 [BlockDeletingService#3] INFO  interfaces.ContainerDeletionChoosingPolicyTemplate (ContainerDeletionChoosingPolicyTemplate.java:chooseContainerForBlockDeletion(83)) - Chosen 0/5000 blocks from 0 candidate containers.
2023-07-26 19:47:07,636 [BlockDeletingService#0] INFO  interfaces.ContainerDeletionChoosingPolicyTemplate (ContainerDeletionChoosingPolicyTemplate.java:chooseContainerForBlockDeletion(83)) - Chosen 0/5000 blocks from 0 candidate containers.
2023-07-26 19:47:07,691 [FixedThreadPoolWithAffinityExecutor-8-0] WARN  container.ContainerReportHandler (AbstractContainerReportHandler.java:updateContainerState(260)) - Container #1 is in OPEN state, but the datanode c33e49d7-aab4-4e8b-84a2-e80ab64b386a(fv-az465-709/10.1.0.48) reports an CLOSED replica.
2023-07-26 19:47:07,693 [FixedThreadPoolWithAffinityExecutor-0-0] WARN  container.ContainerReportHandler (AbstractContainerReportHandler.java:updateContainerState(260)) - Container #1 is in OPEN state, but the datanode 4099cb2b-2e2e-4151-9db7-f99ade631412(fv-az465-709/10.1.0.48) reports an CLOSED replica.
2023-07-26 19:47:07,701 [grpc-default-executor-2] WARN  server.GrpcLogAppender (LogUtils.java:warn(122)) - 4099cb2b-2e2e-4151-9db7-f99ade631412@group-1C7129A268B6->cc71d3b4-cf6a-416c-96eb-6097e97a8fe1-AppendLogResponseHandler: Failed appendEntries: org.apache.ratis.thirdparty.io.grpc.StatusRuntimeException: UNAVAILABLE: io exception
2023-07-26 19:47:07,702 [grpc-default-executor-2] WARN  server.GrpcLogAppender (GrpcLogAppender.java:resetClient(128)) - 4099cb2b-2e2e-4151-9db7-f99ade631412@group-1C7129A268B6->cc71d3b4-cf6a-416c-96eb-6097e97a8fe1-GrpcLogAppender: Follower failed when matchIndex == 0,  keep nextIndex (6) unchanged and retry.
2023-07-26 19:47:07,702 [grpc-default-executor-3] WARN  server.GrpcLogAppender (LogUtils.java:warn(122)) - 4099cb2b-2e2e-4151-9db7-f99ade631412@group-1C7129A268B6->cc71d3b4-cf6a-416c-96eb-6097e97a8fe1-AppendLogResponseHandler: Failed appendEntries: org.apache.ratis.thirdparty.io.grpc.StatusRuntimeException: UNAVAILABLE: io exception
2023-07-26 19:47:07,704 [grpc-default-executor-3] WARN  server.GrpcLogAppender (GrpcLogAppender.java:resetClient(128)) - 4099cb2b-2e2e-4151-9db7-f99ade631412@group-1C7129A268B6->cc71d3b4-cf6a-416c-96eb-6097e97a8fe1-GrpcLogAppender: Follower failed when matchIndex == 0,  keep nextIndex (6) unchanged and retry.
2023-07-26 19:47:07,734 [BlockDeletingService#3] INFO  interfaces.ContainerDeletionChoosingPolicyTemplate (ContainerDeletionChoosingPolicyTemplate.java:chooseContainerForBlockDeletion(83)) - Chosen 0/5000 blocks from 0 candidate containers.
2023-07-26 19:47:07,736 [BlockDeletingService#0] INFO  interfaces.ContainerDeletionChoosingPolicyTemplate (ContainerDeletionChoosingPolicyTemplate.java:chooseContainerForBlockDeletion(83)) - Chosen 0/5000 blocks from 0 candidate containers.
2023-07-26 19:47:07,835 [BlockDeletingService#3] INFO  interfaces.ContainerDeletionChoosingPolicyTemplate (ContainerDeletionChoosingPolicyTemplate.java:chooseContainerForBlockDeletion(83)) - Chosen 0/5000 blocks from 0 candidate containers.
2023-07-26 19:47:07,837 [BlockDeletingService#0] INFO  interfaces.ContainerDeletionChoosingPolicyTemplate (ContainerDeletionChoosingPolicyTemplate.java:chooseContainerForBlockDeletion(83)) - Chosen 0/5000 blocks from 0 candidate containers.
2023-07-26 19:47:07,890 [FixedThreadPoolWithAffinityExecutor-8-0] WARN  container.ContainerReportHandler (AbstractContainerReportHandler.java:updateContainerState(260)) - Container #1 is in OPEN state, but the datanode c33e49d7-aab4-4e8b-84a2-e80ab64b386a(fv-az465-709/10.1.0.48) reports an CLOSED replica.
2023-07-26 19:47:07,935 [BlockDeletingService#3] INFO  interfaces.ContainerDeletionChoosingPolicyTemplate (ContainerDeletionChoosingPolicyTemplate.java:chooseContainerForBlockDeletion(83)) - Chosen 0/5000 blocks from 0 candidate containers.
2023-07-26 19:47:07,937 [BlockDeletingService#0] INFO  interfaces.ContainerDeletionChoosingPolicyTemplate (ContainerDeletionChoosingPolicyTemplate.java:chooseContainerForBlockDeletion(83)) - Chosen 0/5000 blocks from 0 candidate containers.
2023-07-26 19:47:07,996 [FixedThreadPoolWithAffinityExecutor-0-0] WARN  container.ContainerReportHandler (AbstractContainerReportHandler.java:updateContainerState(260)) - Container #1 is in OPEN state, but the datanode 4099cb2b-2e2e-4151-9db7-f99ade631412(fv-az465-709/10.1.0.48) reports an CLOSED replica.
2023-07-26 19:47:08,036 [BlockDeletingService#3] INFO  interfaces.ContainerDeletionChoosingPolicyTemplate (ContainerDeletionChoosingPolicyTemplate.java:chooseContainerForBlockDeletion(83)) - Chosen 0/5000 blocks from 0 candidate containers.
2023-07-26 19:47:08,037 [BlockDeletingService#0] INFO  interfaces.ContainerDeletionChoosingPolicyTemplate (ContainerDeletionChoosingPolicyTemplate.java:chooseContainerForBlockDeletion(83)) - Chosen 0/5000 blocks from 0 candidate containers.
2023-07-26 19:47:08,091 [FixedThreadPoolWithAffinityExecutor-8-0] WARN  container.ContainerReportHandler (AbstractContainerReportHandler.java:updateContainerState(260)) - Container #1 is in OPEN state, but the datanode c33e49d7-aab4-4e8b-84a2-e80ab64b386a(fv-az465-709/10.1.0.48) reports an CLOSED replica.
2023-07-26 19:47:08,136 [BlockDeletingService#3] INFO  interfaces.ContainerDeletionChoosingPolicyTemplate (ContainerDeletionChoosingPolicyTemplate.java:chooseContainerForBlockDeletion(83)) - Chosen 0/5000 blocks from 0 candidate containers.
2023-07-26 19:47:08,137 [BlockDeletingService#0] INFO  interfaces.ContainerDeletionChoosingPolicyTemplate (ContainerDeletionChoosingPolicyTemplate.java:chooseContainerForBlockDeletion(83)) - Chosen 0/5000 blocks from 0 candidate containers.
2023-07-26 19:47:08,236 [BlockDeletingService#3] INFO  interfaces.ContainerDeletionChoosingPolicyTemplate (ContainerDeletionChoosingPolicyTemplate.java:chooseContainerForBlockDeletion(83)) - Chosen 0/5000 blocks from 0 candidate containers.
2023-07-26 19:47:08,238 [BlockDeletingService#0] INFO  interfaces.ContainerDeletionChoosingPolicyTemplate (ContainerDeletionChoosingPolicyTemplate.java:chooseContainerForBlockDeletion(83)) - Chosen 0/5000 blocks from 0 candidate containers.
2023-07-26 19:47:08,337 [BlockDeletingService#3] INFO  interfaces.ContainerDeletionChoosingPolicyTemplate (ContainerDeletionChoosingPolicyTemplate.java:chooseContainerForBlockDeletion(83)) - Chosen 0/5000 blocks from 0 candidate containers.
2023-07-26 19:47:08,338 [BlockDeletingService#0] INFO  interfaces.ContainerDeletionChoosingPolicyTemplate (ContainerDeletionChoosingPolicyTemplate.java:chooseContainerForBlockDeletion(83)) - Chosen 0/5000 blocks from 0 candidate containers.
2023-07-26 19:47:08,391 [FixedThreadPoolWithAffinityExecutor-8-0] WARN  container.ContainerReportHandler (AbstractContainerReportHandler.java:updateContainerState(260)) - Container #1 is in OPEN state, but the datanode c33e49d7-aab4-4e8b-84a2-e80ab64b386a(fv-az465-709/10.1.0.48) reports an CLOSED replica.
2023-07-26 19:47:08,398 [FixedThreadPoolWithAffinityExecutor-0-0] WARN  container.ContainerReportHandler (AbstractContainerReportHandler.java:updateContainerState(260)) - Container #1 is in OPEN state, but the datanode 4099cb2b-2e2e-4151-9db7-f99ade631412(fv-az465-709/10.1.0.48) reports an CLOSED replica.
2023-07-26 19:47:08,437 [BlockDeletingService#3] INFO  interfaces.ContainerDeletionChoosingPolicyTemplate (ContainerDeletionChoosingPolicyTemplate.java:chooseContainerForBlockDeletion(83)) - Chosen 0/5000 blocks from 0 candidate containers.
2023-07-26 19:47:08,440 [BlockDeletingService#0] INFO  interfaces.ContainerDeletionChoosingPolicyTemplate (ContainerDeletionChoosingPolicyTemplate.java:chooseContainerForBlockDeletion(83)) - Chosen 0/5000 blocks from 0 candidate containers.
2023-07-26 19:47:08,540 [BlockDeletingService#3] INFO  interfaces.ContainerDeletionChoosingPolicyTemplate (ContainerDeletionChoosingPolicyTemplate.java:chooseContainerForBlockDeletion(83)) - Chosen 0/5000 blocks from 0 candidate containers.
2023-07-26 19:47:08,540 [BlockDeletingService#0] INFO  interfaces.ContainerDeletionChoosingPolicyTemplate (ContainerDeletionChoosingPolicyTemplate.java:chooseContainerForBlockDeletion(83)) - Chosen 0/5000 blocks from 0 candidate containers.
2023-07-26 19:47:08,591 [FixedThreadPoolWithAffinityExecutor-8-0] WARN  container.ContainerReportHandler (AbstractContainerReportHandler.java:updateContainerState(260)) - Container #1 is in OPEN state, but the datanode c33e49d7-aab4-4e8b-84a2-e80ab64b386a(fv-az465-709/10.1.0.48) reports an CLOSED replica.
2023-07-26 19:47:08,640 [BlockDeletingService#3] INFO  interfaces.ContainerDeletionChoosingPolicyTemplate (ContainerDeletionChoosingPolicyTemplate.java:chooseContainerForBlockDeletion(83)) - Chosen 0/5000 blocks from 0 candidate containers.
2023-07-26 19:47:08,640 [BlockDeletingService#0] INFO  interfaces.ContainerDeletionChoosingPolicyTemplate (ContainerDeletionChoosingPolicyTemplate.java:chooseContainerForBlockDeletion(83)) - Chosen 0/5000 blocks from 0 candidate containers.
2023-07-26 19:47:08,697 [FixedThreadPoolWithAffinityExecutor-0-0] WARN  container.ContainerReportHandler (AbstractContainerReportHandler.java:updateContainerState(260)) - Container #1 is in OPEN state, but the datanode 4099cb2b-2e2e-4151-9db7-f99ade631412(fv-az465-709/10.1.0.48) reports an CLOSED replica.
2023-07-26 19:47:08,741 [BlockDeletingService#3] INFO  interfaces.ContainerDeletionChoosingPolicyTemplate (ContainerDeletionChoosingPolicyTemplate.java:chooseContainerForBlockDeletion(83)) - Chosen 0/5000 blocks from 0 candidate containers.
2023-07-26 19:47:08,741 [BlockDeletingService#0] INFO  interfaces.ContainerDeletionChoosingPolicyTemplate (ContainerDeletionChoosingPolicyTemplate.java:chooseContainerForBlockDeletion(83)) - Chosen 0/5000 blocks from 0 candidate containers.
2023-07-26 19:47:08,791 [FixedThreadPoolWithAffinityExecutor-8-0] WARN  container.ContainerReportHandler (AbstractContainerReportHandler.java:updateContainerState(260)) - Container #1 is in OPEN state, but the datanode c33e49d7-aab4-4e8b-84a2-e80ab64b386a(fv-az465-709/10.1.0.48) reports an CLOSED replica.
2023-07-26 19:47:08,841 [BlockDeletingService#4] INFO  interfaces.ContainerDeletionChoosingPolicyTemplate (ContainerDeletionChoosingPolicyTemplate.java:chooseContainerForBlockDeletion(83)) - Chosen 0/5000 blocks from 0 candidate containers.
2023-07-26 19:47:08,841 [BlockDeletingService#0] INFO  interfaces.ContainerDeletionChoosingPolicyTemplate (ContainerDeletionChoosingPolicyTemplate.java:chooseContainerForBlockDeletion(83)) - Chosen 0/5000 blocks from 0 candidate containers.
2023-07-26 19:47:08,941 [BlockDeletingService#4] INFO  interfaces.ContainerDeletionChoosingPolicyTemplate (ContainerDeletionChoosingPolicyTemplate.java:chooseContainerForBlockDeletion(83)) - Chosen 0/5000 blocks from 0 candidate containers.
2023-07-26 19:47:08,941 [BlockDeletingService#0] INFO  interfaces.ContainerDeletionChoosingPolicyTemplate (ContainerDeletionChoosingPolicyTemplate.java:chooseContainerForBlockDeletion(83)) - Chosen 0/5000 blocks from 0 candidate containers.
2023-07-26 19:47:08,951 [grpc-default-executor-3] WARN  server.GrpcLogAppender (LogUtils.java:warn(122)) - 4099cb2b-2e2e-4151-9db7-f99ade631412@group-1C7129A268B6->cc71d3b4-cf6a-416c-96eb-6097e97a8fe1-AppendLogResponseHandler: Failed appendEntries: org.apache.ratis.thirdparty.io.grpc.StatusRuntimeException: UNAVAILABLE: io exception
2023-07-26 19:47:08,952 [grpc-default-executor-3] WARN  server.GrpcLogAppender (GrpcLogAppender.java:resetClient(128)) - 4099cb2b-2e2e-4151-9db7-f99ade631412@group-1C7129A268B6->cc71d3b4-cf6a-416c-96eb-6097e97a8fe1-GrpcLogAppender: Follower failed when matchIndex == 0,  keep nextIndex (6) unchanged and retry.
2023-07-26 19:47:08,952 [grpc-default-executor-2] WARN  server.GrpcLogAppender (LogUtils.java:warn(122)) - 4099cb2b-2e2e-4151-9db7-f99ade631412@group-1C7129A268B6->cc71d3b4-cf6a-416c-96eb-6097e97a8fe1-AppendLogResponseHandler: Failed appendEntries: org.apache.ratis.thirdparty.io.grpc.StatusRuntimeException: UNAVAILABLE: io exception
2023-07-26 19:47:08,953 [grpc-default-executor-2] WARN  server.GrpcLogAppender (GrpcLogAppender.java:resetClient(128)) - 4099cb2b-2e2e-4151-9db7-f99ade631412@group-1C7129A268B6->cc71d3b4-cf6a-416c-96eb-6097e97a8fe1-GrpcLogAppender: Follower failed when matchIndex == 0,  keep nextIndex (6) unchanged and retry.
2023-07-26 19:47:08,992 [FixedThreadPoolWithAffinityExecutor-8-0] WARN  container.ContainerReportHandler (AbstractContainerReportHandler.java:updateContainerState(260)) - Container #1 is in OPEN state, but the datanode c33e49d7-aab4-4e8b-84a2-e80ab64b386a(fv-az465-709/10.1.0.48) reports an CLOSED replica.
2023-07-26 19:47:09,042 [BlockDeletingService#4] INFO  interfaces.ContainerDeletionChoosingPolicyTemplate (ContainerDeletionChoosingPolicyTemplate.java:chooseContainerForBlockDeletion(83)) - Chosen 0/5000 blocks from 0 candidate containers.
2023-07-26 19:47:09,042 [BlockDeletingService#0] INFO  interfaces.ContainerDeletionChoosingPolicyTemplate (ContainerDeletionChoosingPolicyTemplate.java:chooseContainerForBlockDeletion(83)) - Chosen 0/5000 blocks from 0 candidate containers.
2023-07-26 19:47:09,098 [FixedThreadPoolWithAffinityExecutor-0-0] WARN  container.ContainerReportHandler (AbstractContainerReportHandler.java:updateContainerState(260)) - Container #1 is in OPEN state, but the datanode 4099cb2b-2e2e-4151-9db7-f99ade631412(fv-az465-709/10.1.0.48) reports an CLOSED replica.
2023-07-26 19:47:09,142 [BlockDeletingService#4] INFO  interfaces.ContainerDeletionChoosingPolicyTemplate (ContainerDeletionChoosingPolicyTemplate.java:chooseContainerForBlockDeletion(83)) - Chosen 0/5000 blocks from 0 candidate containers.
2023-07-26 19:47:09,142 [BlockDeletingService#0] INFO  interfaces.ContainerDeletionChoosingPolicyTemplate (ContainerDeletionChoosingPolicyTemplate.java:chooseContainerForBlockDeletion(83)) - Chosen 0/5000 blocks from 0 candidate containers.
2023-07-26 19:47:09,243 [BlockDeletingService#4] INFO  interfaces.ContainerDeletionChoosingPolicyTemplate (ContainerDeletionChoosingPolicyTemplate.java:chooseContainerForBlockDeletion(83)) - Chosen 0/5000 blocks from 0 candidate containers.
2023-07-26 19:47:09,243 [BlockDeletingService#0] INFO  interfaces.ContainerDeletionChoosingPolicyTemplate (ContainerDeletionChoosingPolicyTemplate.java:chooseContainerForBlockDeletion(83)) - Chosen 0/5000 blocks from 0 candidate containers.
2023-07-26 19:47:09,293 [FixedThreadPoolWithAffinityExecutor-8-0] WARN  container.ContainerReportHandler (AbstractContainerReportHandler.java:updateContainerState(260)) - Container #1 is in OPEN state, but the datanode c33e49d7-aab4-4e8b-84a2-e80ab64b386a(fv-az465-709/10.1.0.48) reports an CLOSED replica.
2023-07-26 19:47:09,343 [BlockDeletingService#4] INFO  interfaces.ContainerDeletionChoosingPolicyTemplate (ContainerDeletionChoosingPolicyTemplate.java:chooseContainerForBlockDeletion(83)) - Chosen 0/5000 blocks from 0 candidate containers.
2023-07-26 19:47:09,344 [BlockDeletingService#0] INFO  interfaces.ContainerDeletionChoosingPolicyTemplate (ContainerDeletionChoosingPolicyTemplate.java:chooseContainerForBlockDeletion(83)) - Chosen 0/5000 blocks from 0 candidate containers.
2023-07-26 19:47:09,399 [FixedThreadPoolWithAffinityExecutor-0-0] WARN  container.ContainerReportHandler (AbstractContainerReportHandler.java:updateContainerState(260)) - Container #1 is in OPEN state, but the datanode 4099cb2b-2e2e-4151-9db7-f99ade631412(fv-az465-709/10.1.0.48) reports an CLOSED replica.
2023-07-26 19:47:09,444 [BlockDeletingService#4] INFO  interfaces.ContainerDeletionChoosingPolicyTemplate (ContainerDeletionChoosingPolicyTemplate.java:chooseContainerForBlockDeletion(83)) - Chosen 0/5000 blocks from 0 candidate containers.
2023-07-26 19:47:09,444 [BlockDeletingService#0] INFO  interfaces.ContainerDeletionChoosingPolicyTemplate (ContainerDeletionChoosingPolicyTemplate.java:chooseContainerForBlockDeletion(83)) - Chosen 0/5000 blocks from 0 candidate containers.
2023-07-26 19:47:09,493 [FixedThreadPoolWithAffinityExecutor-8-0] WARN  container.ContainerReportHandler (AbstractContainerReportHandler.java:updateContainerState(260)) - Container #1 is in OPEN state, but the datanode c33e49d7-aab4-4e8b-84a2-e80ab64b386a(fv-az465-709/10.1.0.48) reports an CLOSED replica.
2023-07-26 19:47:09,544 [BlockDeletingService#4] INFO  interfaces.ContainerDeletionChoosingPolicyTemplate (ContainerDeletionChoosingPolicyTemplate.java:chooseContainerForBlockDeletion(83)) - Chosen 0/5000 blocks from 0 candidate containers.
2023-07-26 19:47:09,544 [BlockDeletingService#0] INFO  interfaces.ContainerDeletionChoosingPolicyTemplate (ContainerDeletionChoosingPolicyTemplate.java:chooseContainerForBlockDeletion(83)) - Chosen 0/5000 blocks from 0 candidate containers.
2023-07-26 19:47:09,645 [BlockDeletingService#4] INFO  interfaces.ContainerDeletionChoosingPolicyTemplate (ContainerDeletionChoosingPolicyTemplate.java:chooseContainerForBlockDeletion(83)) - Chosen 0/5000 blocks from 0 candidate containers.
2023-07-26 19:47:09,645 [BlockDeletingService#0] INFO  interfaces.ContainerDeletionChoosingPolicyTemplate (ContainerDeletionChoosingPolicyTemplate.java:chooseContainerForBlockDeletion(83)) - Chosen 0/5000 blocks from 0 candidate containers.
2023-07-26 19:47:09,694 [FixedThreadPoolWithAffinityExecutor-8-0] WARN  container.ContainerReportHandler (AbstractContainerReportHandler.java:updateContainerState(260)) - Container #1 is in OPEN state, but the datanode c33e49d7-aab4-4e8b-84a2-e80ab64b386a(fv-az465-709/10.1.0.48) reports an CLOSED replica.
2023-07-26 19:47:09,701 [FixedThreadPoolWithAffinityExecutor-0-0] WARN  container.ContainerReportHandler (AbstractContainerReportHandler.java:updateContainerState(260)) - Container #1 is in OPEN state, but the datanode 4099cb2b-2e2e-4151-9db7-f99ade631412(fv-az465-709/10.1.0.48) reports an CLOSED replica.
2023-07-26 19:47:09,745 [BlockDeletingService#4] INFO  interfaces.ContainerDeletionChoosingPolicyTemplate (ContainerDeletionChoosingPolicyTemplate.java:chooseContainerForBlockDeletion(83)) - Chosen 0/5000 blocks from 0 candidate containers.
2023-07-26 19:47:09,745 [BlockDeletingService#0] INFO  interfaces.ContainerDeletionChoosingPolicyTemplate (ContainerDeletionChoosingPolicyTemplate.java:chooseContainerForBlockDeletion(83)) - Chosen 0/5000 blocks from 0 candidate containers.
2023-07-26 19:47:09,845 [BlockDeletingService#4] INFO  interfaces.ContainerDeletionChoosingPolicyTemplate (ContainerDeletionChoosingPolicyTemplate.java:chooseContainerForBlockDeletion(83)) - Chosen 0/5000 blocks from 0 candidate containers.
2023-07-26 19:47:09,846 [BlockDeletingService#0] INFO  interfaces.ContainerDeletionChoosingPolicyTemplate (ContainerDeletionChoosingPolicyTemplate.java:chooseContainerForBlockDeletion(83)) - Chosen 0/5000 blocks from 0 candidate containers.
2023-07-26 19:47:09,946 [BlockDeletingService#4] INFO  interfaces.ContainerDeletionChoosingPolicyTemplate (ContainerDeletionChoosingPolicyTemplate.java:chooseContainerForBlockDeletion(83)) - Chosen 0/5000 blocks from 0 candidate containers.
2023-07-26 19:47:09,946 [BlockDeletingService#0] INFO  interfaces.ContainerDeletionChoosingPolicyTemplate (ContainerDeletionChoosingPolicyTemplate.java:chooseContainerForBlockDeletion(83)) - Chosen 0/5000 blocks from 0 candidate containers.
2023-07-26 19:47:09,993 [FixedThreadPoolWithAffinityExecutor-8-0] WARN  container.ContainerReportHandler (AbstractContainerReportHandler.java:updateContainerState(260)) - Container #1 is in OPEN state, but the datanode c33e49d7-aab4-4e8b-84a2-e80ab64b386a(fv-az465-709/10.1.0.48) reports an CLOSED replica.
2023-07-26 19:47:10,046 [BlockDeletingService#4] INFO  interfaces.ContainerDeletionChoosingPolicyTemplate (ContainerDeletionChoosingPolicyTemplate.java:chooseContainerForBlockDeletion(83)) - Chosen 0/5000 blocks from 0 candidate containers.
2023-07-26 19:47:10,046 [BlockDeletingService#0] INFO  interfaces.ContainerDeletionChoosingPolicyTemplate (ContainerDeletionChoosingPolicyTemplate.java:chooseContainerForBlockDeletion(83)) - Chosen 0/5000 blocks from 0 candidate containers.
2023-07-26 19:47:10,109 [FixedThreadPoolWithAffinityExecutor-0-0] WARN  container.ContainerReportHandler (AbstractContainerReportHandler.java:updateContainerState(260)) - Container #1 is in OPEN state, but the datanode 4099cb2b-2e2e-4151-9db7-f99ade631412(fv-az465-709/10.1.0.48) reports an CLOSED replica.
2023-07-26 19:47:10,147 [BlockDeletingService#4] INFO  interfaces.ContainerDeletionChoosingPolicyTemplate (ContainerDeletionChoosingPolicyTemplate.java:chooseContainerForBlockDeletion(83)) - Chosen 0/5000 blocks from 0 candidate containers.
2023-07-26 19:47:10,147 [BlockDeletingService#0] INFO  interfaces.ContainerDeletionChoosingPolicyTemplate (ContainerDeletionChoosingPolicyTemplate.java:chooseContainerForBlockDeletion(83)) - Chosen 0/5000 blocks from 0 candidate containers.
2023-07-26 19:47:10,194 [FixedThreadPoolWithAffinityExecutor-8-0] WARN  container.ContainerReportHandler (AbstractContainerReportHandler.java:updateContainerState(260)) - Container #1 is in OPEN state, but the datanode c33e49d7-aab4-4e8b-84a2-e80ab64b386a(fv-az465-709/10.1.0.48) reports an CLOSED replica.
2023-07-26 19:47:10,202 [grpc-default-executor-2] WARN  server.GrpcLogAppender (LogUtils.java:warn(122)) - 4099cb2b-2e2e-4151-9db7-f99ade631412@group-1C7129A268B6->cc71d3b4-cf6a-416c-96eb-6097e97a8fe1-AppendLogResponseHandler: Failed appendEntries: org.apache.ratis.thirdparty.io.grpc.StatusRuntimeException: UNAVAILABLE: io exception
2023-07-26 19:47:10,203 [grpc-default-executor-2] WARN  server.GrpcLogAppender (GrpcLogAppender.java:resetClient(128)) - 4099cb2b-2e2e-4151-9db7-f99ade631412@group-1C7129A268B6->cc71d3b4-cf6a-416c-96eb-6097e97a8fe1-GrpcLogAppender: Follower failed when matchIndex == 0,  keep nextIndex (6) unchanged and retry.
2023-07-26 19:47:10,203 [grpc-default-executor-3] WARN  server.GrpcLogAppender (LogUtils.java:warn(122)) - 4099cb2b-2e2e-4151-9db7-f99ade631412@group-1C7129A268B6->cc71d3b4-cf6a-416c-96eb-6097e97a8fe1-AppendLogResponseHandler: Failed appendEntries: org.apache.ratis.thirdparty.io.grpc.StatusRuntimeException: UNAVAILABLE: io exception
2023-07-26 19:47:10,203 [grpc-default-executor-3] WARN  server.GrpcLogAppender (GrpcLogAppender.java:resetClient(128)) - 4099cb2b-2e2e-4151-9db7-f99ade631412@group-1C7129A268B6->cc71d3b4-cf6a-416c-96eb-6097e97a8fe1-GrpcLogAppender: Follower failed when matchIndex == 0,  keep nextIndex (6) unchanged and retry.
2023-07-26 19:47:10,247 [BlockDeletingService#4] INFO  interfaces.ContainerDeletionChoosingPolicyTemplate (ContainerDeletionChoosingPolicyTemplate.java:chooseContainerForBlockDeletion(83)) - Chosen 0/5000 blocks from 0 candidate containers.
2023-07-26 19:47:10,247 [BlockDeletingService#0] INFO  interfaces.ContainerDeletionChoosingPolicyTemplate (ContainerDeletionChoosingPolicyTemplate.java:chooseContainerForBlockDeletion(83)) - Chosen 0/5000 blocks from 0 candidate containers.
2023-07-26 19:47:10,347 [BlockDeletingService#4] INFO  interfaces.ContainerDeletionChoosingPolicyTemplate (ContainerDeletionChoosingPolicyTemplate.java:chooseContainerForBlockDeletion(83)) - Chosen 0/5000 blocks from 0 candidate containers.
2023-07-26 19:47:10,347 [BlockDeletingService#0] INFO  interfaces.ContainerDeletionChoosingPolicyTemplate (ContainerDeletionChoosingPolicyTemplate.java:chooseContainerForBlockDeletion(83)) - Chosen 0/5000 blocks from 0 candidate containers.
2023-07-26 19:47:10,394 [FixedThreadPoolWithAffinityExecutor-8-0] WARN  container.ContainerReportHandler (AbstractContainerReportHandler.java:updateContainerState(260)) - Container #1 is in OPEN state, but the datanode c33e49d7-aab4-4e8b-84a2-e80ab64b386a(fv-az465-709/10.1.0.48) reports an CLOSED replica.
2023-07-26 19:47:10,401 [FixedThreadPoolWithAffinityExecutor-0-0] WARN  container.ContainerReportHandler (AbstractContainerReportHandler.java:updateContainerState(260)) - Container #1 is in OPEN state, but the datanode 4099cb2b-2e2e-4151-9db7-f99ade631412(fv-az465-709/10.1.0.48) reports an CLOSED replica.
2023-07-26 19:47:10,448 [BlockDeletingService#4] INFO  interfaces.ContainerDeletionChoosingPolicyTemplate (ContainerDeletionChoosingPolicyTemplate.java:chooseContainerForBlockDeletion(83)) - Chosen 0/5000 blocks from 0 candidate containers.
2023-07-26 19:47:10,448 [BlockDeletingService#0] INFO  interfaces.ContainerDeletionChoosingPolicyTemplate (ContainerDeletionChoosingPolicyTemplate.java:chooseContainerForBlockDeletion(83)) - Chosen 0/5000 blocks from 0 candidate containers.
2023-07-26 19:47:10,548 [BlockDeletingService#4] INFO  interfaces.ContainerDeletionChoosingPolicyTemplate (ContainerDeletionChoosingPolicyTemplate.java:chooseContainerForBlockDeletion(83)) - Chosen 0/5000 blocks from 0 candidate containers.
2023-07-26 19:47:10,548 [BlockDeletingService#0] INFO  interfaces.ContainerDeletionChoosingPolicyTemplate (ContainerDeletionChoosingPolicyTemplate.java:chooseContainerForBlockDeletion(83)) - Chosen 0/5000 blocks from 0 candidate containers.
2023-07-26 19:47:10,649 [BlockDeletingService#4] INFO  interfaces.ContainerDeletionChoosingPolicyTemplate (ContainerDeletionChoosingPolicyTemplate.java:chooseContainerForBlockDeletion(83)) - Chosen 0/5000 blocks from 0 candidate containers.
2023-07-26 19:47:10,649 [BlockDeletingService#0] INFO  interfaces.ContainerDeletionChoosingPolicyTemplate (ContainerDeletionChoosingPolicyTemplate.java:chooseContainerForBlockDeletion(83)) - Chosen 0/5000 blocks from 0 candidate containers.
2023-07-26 19:47:10,694 [FixedThreadPoolWithAffinityExecutor-8-0] WARN  container.ContainerReportHandler (AbstractContainerReportHandler.java:updateContainerState(260)) - Container #1 is in OPEN state, but the datanode c33e49d7-aab4-4e8b-84a2-e80ab64b386a(fv-az465-709/10.1.0.48) reports an CLOSED replica.
2023-07-26 19:47:10,749 [BlockDeletingService#4] INFO  interfaces.ContainerDeletionChoosingPolicyTemplate (ContainerDeletionChoosingPolicyTemplate.java:chooseContainerForBlockDeletion(83)) - Chosen 0/5000 blocks from 0 candidate containers.
2023-07-26 19:47:10,749 [BlockDeletingService#0] INFO  interfaces.ContainerDeletionChoosingPolicyTemplate (ContainerDeletionChoosingPolicyTemplate.java:chooseContainerForBlockDeletion(83)) - Chosen 0/5000 blocks from 0 candidate containers.
2023-07-26 19:47:10,803 [FixedThreadPoolWithAffinityExecutor-0-0] WARN  container.ContainerReportHandler (AbstractContainerReportHandler.java:updateContainerState(260)) - Container #1 is in OPEN state, but the datanode 4099cb2b-2e2e-4151-9db7-f99ade631412(fv-az465-709/10.1.0.48) reports an CLOSED replica.
2023-07-26 19:47:10,850 [BlockDeletingService#4] INFO  interfaces.ContainerDeletionChoosingPolicyTemplate (ContainerDeletionChoosingPolicyTemplate.java:chooseContainerForBlockDeletion(83)) - Chosen 0/5000 blocks from 0 candidate containers.
2023-07-26 19:47:10,850 [BlockDeletingService#0] INFO  interfaces.ContainerDeletionChoosingPolicyTemplate (ContainerDeletionChoosingPolicyTemplate.java:chooseContainerForBlockDeletion(83)) - Chosen 0/5000 blocks from 0 candidate containers.
2023-07-26 19:47:10,894 [FixedThreadPoolWithAffinityExecutor-8-0] WARN  container.ContainerReportHandler (AbstractContainerReportHandler.java:updateContainerState(260)) - Container #1 is in OPEN state, but the datanode c33e49d7-aab4-4e8b-84a2-e80ab64b386a(fv-az465-709/10.1.0.48) reports an CLOSED replica.
2023-07-26 19:47:10,950 [BlockDeletingService#4] INFO  interfaces.ContainerDeletionChoosingPolicyTemplate (ContainerDeletionChoosingPolicyTemplate.java:chooseContainerForBlockDeletion(83)) - Chosen 0/5000 blocks from 0 candidate containers.
2023-07-26 19:47:10,950 [BlockDeletingService#0] INFO  interfaces.ContainerDeletionChoosingPolicyTemplate (ContainerDeletionChoosingPolicyTemplate.java:chooseContainerForBlockDeletion(83)) - Chosen 0/5000 blocks from 0 candidate containers.
2023-07-26 19:47:11,050 [BlockDeletingService#4] INFO  interfaces.ContainerDeletionChoosingPolicyTemplate (ContainerDeletionChoosingPolicyTemplate.java:chooseContainerForBlockDeletion(83)) - Chosen 0/5000 blocks from 0 candidate containers.
2023-07-26 19:47:11,050 [BlockDeletingService#0] INFO  interfaces.ContainerDeletionChoosingPolicyTemplate (ContainerDeletionChoosingPolicyTemplate.java:chooseContainerForBlockDeletion(83)) - Chosen 0/5000 blocks from 0 candidate containers.
2023-07-26 19:47:11,094 [FixedThreadPoolWithAffinityExecutor-8-0] WARN  container.ContainerReportHandler (AbstractContainerReportHandler.java:updateContainerState(260)) - Container #1 is in OPEN state, but the datanode c33e49d7-aab4-4e8b-84a2-e80ab64b386a(fv-az465-709/10.1.0.48) reports an CLOSED replica.
2023-07-26 19:47:11,103 [FixedThreadPoolWithAffinityExecutor-0-0] WARN  container.ContainerReportHandler (AbstractContainerReportHandler.java:updateContainerState(260)) - Container #1 is in OPEN state, but the datanode 4099cb2b-2e2e-4151-9db7-f99ade631412(fv-az465-709/10.1.0.48) reports an CLOSED replica.
2023-07-26 19:47:11,151 [BlockDeletingService#4] INFO  interfaces.ContainerDeletionChoosingPolicyTemplate (ContainerDeletionChoosingPolicyTemplate.java:chooseContainerForBlockDeletion(83)) - Chosen 0/5000 blocks from 0 candidate containers.
2023-07-26 19:47:11,151 [BlockDeletingService#0] INFO  interfaces.ContainerDeletionChoosingPolicyTemplate (ContainerDeletionChoosingPolicyTemplate.java:chooseContainerForBlockDeletion(83)) - Chosen 0/5000 blocks from 0 candidate containers.
2023-07-26 19:47:11,251 [BlockDeletingService#4] INFO  interfaces.ContainerDeletionChoosingPolicyTemplate (ContainerDeletionChoosingPolicyTemplate.java:chooseContainerForBlockDeletion(83)) - Chosen 0/5000 blocks from 0 candidate containers.
2023-07-26 19:47:11,251 [BlockDeletingService#0] INFO  interfaces.ContainerDeletionChoosingPolicyTemplate (ContainerDeletionChoosingPolicyTemplate.java:chooseContainerForBlockDeletion(83)) - Chosen 0/5000 blocks from 0 candidate containers.
2023-07-26 19:47:11,352 [BlockDeletingService#4] INFO  interfaces.ContainerDeletionChoosingPolicyTemplate (ContainerDeletionChoosingPolicyTemplate.java:chooseContainerForBlockDeletion(83)) - Chosen 0/5000 blocks from 0 candidate containers.
2023-07-26 19:47:11,352 [BlockDeletingService#0] INFO  interfaces.ContainerDeletionChoosingPolicyTemplate (ContainerDeletionChoosingPolicyTemplate.java:chooseContainerForBlockDeletion(83)) - Chosen 0/5000 blocks from 0 candidate containers.
2023-07-26 19:47:11,394 [FixedThreadPoolWithAffinityExecutor-8-0] WARN  container.ContainerReportHandler (AbstractContainerReportHandler.java:updateContainerState(260)) - Container #1 is in OPEN state, but the datanode c33e49d7-aab4-4e8b-84a2-e80ab64b386a(fv-az465-709/10.1.0.48) reports an CLOSED replica.
2023-07-26 19:47:11,403 [FixedThreadPoolWithAffinityExecutor-0-0] WARN  container.ContainerReportHandler (AbstractContainerReportHandler.java:updateContainerState(260)) - Container #1 is in OPEN state, but the datanode 4099cb2b-2e2e-4151-9db7-f99ade631412(fv-az465-709/10.1.0.48) reports an CLOSED replica.
2023-07-26 19:47:11,452 [BlockDeletingService#4] INFO  interfaces.ContainerDeletionChoosingPolicyTemplate (ContainerDeletionChoosingPolicyTemplate.java:chooseContainerForBlockDeletion(83)) - Chosen 0/5000 blocks from 0 candidate containers.
2023-07-26 19:47:11,452 [BlockDeletingService#0] INFO  interfaces.ContainerDeletionChoosingPolicyTemplate (ContainerDeletionChoosingPolicyTemplate.java:chooseContainerForBlockDeletion(83)) - Chosen 0/5000 blocks from 0 candidate containers.
2023-07-26 19:47:11,453 [grpc-default-executor-3] WARN  server.GrpcLogAppender (LogUtils.java:warn(122)) - 4099cb2b-2e2e-4151-9db7-f99ade631412@group-1C7129A268B6->cc71d3b4-cf6a-416c-96eb-6097e97a8fe1-AppendLogResponseHandler: Failed appendEntries: org.apache.ratis.thirdparty.io.grpc.StatusRuntimeException: UNAVAILABLE: io exception
2023-07-26 19:47:11,454 [grpc-default-executor-3] WARN  server.GrpcLogAppender (GrpcLogAppender.java:resetClient(128)) - 4099cb2b-2e2e-4151-9db7-f99ade631412@group-1C7129A268B6->cc71d3b4-cf6a-416c-96eb-6097e97a8fe1-GrpcLogAppender: Follower failed when matchIndex == 0,  keep nextIndex (6) unchanged and retry.
2023-07-26 19:47:11,454 [grpc-default-executor-2] WARN  server.GrpcLogAppender (LogUtils.java:warn(122)) - 4099cb2b-2e2e-4151-9db7-f99ade631412@group-1C7129A268B6->cc71d3b4-cf6a-416c-96eb-6097e97a8fe1-AppendLogResponseHandler: Failed appendEntries: org.apache.ratis.thirdparty.io.grpc.StatusRuntimeException: UNAVAILABLE: io exception
2023-07-26 19:47:11,454 [grpc-default-executor-2] WARN  server.GrpcLogAppender (GrpcLogAppender.java:resetClient(128)) - 4099cb2b-2e2e-4151-9db7-f99ade631412@group-1C7129A268B6->cc71d3b4-cf6a-416c-96eb-6097e97a8fe1-GrpcLogAppender: Follower failed when matchIndex == 0,  keep nextIndex (6) unchanged and retry.
2023-07-26 19:47:11,553 [BlockDeletingService#4] INFO  interfaces.ContainerDeletionChoosingPolicyTemplate (ContainerDeletionChoosingPolicyTemplate.java:chooseContainerForBlockDeletion(83)) - Chosen 0/5000 blocks from 0 candidate containers.
2023-07-26 19:47:11,553 [BlockDeletingService#0] INFO  interfaces.ContainerDeletionChoosingPolicyTemplate (ContainerDeletionChoosingPolicyTemplate.java:chooseContainerForBlockDeletion(83)) - Chosen 0/5000 blocks from 0 candidate containers.
2023-07-26 19:47:11,595 [FixedThreadPoolWithAffinityExecutor-8-0] WARN  container.ContainerReportHandler (AbstractContainerReportHandler.java:updateContainerState(260)) - Container #1 is in OPEN state, but the datanode c33e49d7-aab4-4e8b-84a2-e80ab64b386a(fv-az465-709/10.1.0.48) reports an CLOSED replica.
2023-07-26 19:47:11,653 [BlockDeletingService#4] INFO  interfaces.ContainerDeletionChoosingPolicyTemplate (ContainerDeletionChoosingPolicyTemplate.java:chooseContainerForBlockDeletion(83)) - Chosen 0/5000 blocks from 0 candidate containers.
2023-07-26 19:47:11,653 [BlockDeletingService#0] INFO  interfaces.ContainerDeletionChoosingPolicyTemplate (ContainerDeletionChoosingPolicyTemplate.java:chooseContainerForBlockDeletion(83)) - Chosen 0/5000 blocks from 0 candidate containers.
2023-07-26 19:47:11,753 [BlockDeletingService#4] INFO  interfaces.ContainerDeletionChoosingPolicyTemplate (ContainerDeletionChoosingPolicyTemplate.java:chooseContainerForBlockDeletion(83)) - Chosen 0/5000 blocks from 0 candidate containers.
2023-07-26 19:47:11,753 [BlockDeletingService#0] INFO  interfaces.ContainerDeletionChoosingPolicyTemplate (ContainerDeletionChoosingPolicyTemplate.java:chooseContainerForBlockDeletion(83)) - Chosen 0/5000 blocks from 0 candidate containers.
2023-07-26 19:47:11,795 [FixedThreadPoolWithAffinityExecutor-8-0] WARN  container.ContainerReportHandler (AbstractContainerReportHandler.java:updateContainerState(260)) - Container #1 is in OPEN state, but the datanode c33e49d7-aab4-4e8b-84a2-e80ab64b386a(fv-az465-709/10.1.0.48) reports an CLOSED replica.
2023-07-26 19:47:11,804 [FixedThreadPoolWithAffinityExecutor-0-0] WARN  container.ContainerReportHandler (AbstractContainerReportHandler.java:updateContainerState(260)) - Container #1 is in OPEN state, but the datanode 4099cb2b-2e2e-4151-9db7-f99ade631412(fv-az465-709/10.1.0.48) reports an CLOSED replica.
2023-07-26 19:47:11,854 [BlockDeletingService#4] INFO  interfaces.ContainerDeletionChoosingPolicyTemplate (ContainerDeletionChoosingPolicyTemplate.java:chooseContainerForBlockDeletion(83)) - Chosen 0/5000 blocks from 0 candidate containers.
2023-07-26 19:47:11,854 [BlockDeletingService#0] INFO  interfaces.ContainerDeletionChoosingPolicyTemplate (ContainerDeletionChoosingPolicyTemplate.java:chooseContainerForBlockDeletion(83)) - Chosen 0/5000 blocks from 0 candidate containers.
2023-07-26 19:47:11,954 [BlockDeletingService#4] INFO  interfaces.ContainerDeletionChoosingPolicyTemplate (ContainerDeletionChoosingPolicyTemplate.java:chooseContainerForBlockDeletion(83)) - Chosen 0/5000 blocks from 0 candidate containers.
2023-07-26 19:47:11,954 [BlockDeletingService#0] INFO  interfaces.ContainerDeletionChoosingPolicyTemplate (ContainerDeletionChoosingPolicyTemplate.java:chooseContainerForBlockDeletion(83)) - Chosen 0/5000 blocks from 0 candidate containers.
2023-07-26 19:47:11,999 [FixedThreadPoolWithAffinityExecutor-8-0] WARN  container.ContainerReportHandler (AbstractContainerReportHandler.java:updateContainerState(260)) - Container #1 is in OPEN state, but the datanode c33e49d7-aab4-4e8b-84a2-e80ab64b386a(fv-az465-709/10.1.0.48) reports an CLOSED replica.
2023-07-26 19:47:12,055 [BlockDeletingService#4] INFO  interfaces.ContainerDeletionChoosingPolicyTemplate (ContainerDeletionChoosingPolicyTemplate.java:chooseContainerForBlockDeletion(83)) - Chosen 0/5000 blocks from 0 candidate containers.
2023-07-26 19:47:12,055 [BlockDeletingService#0] INFO  interfaces.ContainerDeletionChoosingPolicyTemplate (ContainerDeletionChoosingPolicyTemplate.java:chooseContainerForBlockDeletion(83)) - Chosen 0/5000 blocks from 0 candidate containers.
2023-07-26 19:47:12,105 [FixedThreadPoolWithAffinityExecutor-0-0] WARN  container.ContainerReportHandler (AbstractContainerReportHandler.java:updateContainerState(260)) - Container #1 is in OPEN state, but the datanode 4099cb2b-2e2e-4151-9db7-f99ade631412(fv-az465-709/10.1.0.48) reports an CLOSED replica.
2023-07-26 19:47:12,155 [BlockDeletingService#4] INFO  interfaces.ContainerDeletionChoosingPolicyTemplate (ContainerDeletionChoosingPolicyTemplate.java:chooseContainerForBlockDeletion(83)) - Chosen 0/5000 blocks from 0 candidate containers.
2023-07-26 19:47:12,155 [BlockDeletingService#0] INFO  interfaces.ContainerDeletionChoosingPolicyTemplate (ContainerDeletionChoosingPolicyTemplate.java:chooseContainerForBlockDeletion(83)) - Chosen 0/5000 blocks from 0 candidate containers.
2023-07-26 19:47:12,256 [BlockDeletingService#4] INFO  interfaces.ContainerDeletionChoosingPolicyTemplate (ContainerDeletionChoosingPolicyTemplate.java:chooseContainerForBlockDeletion(83)) - Chosen 0/5000 blocks from 0 candidate containers.
2023-07-26 19:47:12,256 [BlockDeletingService#0] INFO  interfaces.ContainerDeletionChoosingPolicyTemplate (ContainerDeletionChoosingPolicyTemplate.java:chooseContainerForBlockDeletion(83)) - Chosen 0/5000 blocks from 0 candidate containers.
2023-07-26 19:47:12,298 [FixedThreadPoolWithAffinityExecutor-8-0] WARN  container.ContainerReportHandler (AbstractContainerReportHandler.java:updateContainerState(260)) - Container #1 is in OPEN state, but the datanode c33e49d7-aab4-4e8b-84a2-e80ab64b386a(fv-az465-709/10.1.0.48) reports an CLOSED replica.
2023-07-26 19:47:12,356 [BlockDeletingService#4] INFO  interfaces.ContainerDeletionChoosingPolicyTemplate (ContainerDeletionChoosingPolicyTemplate.java:chooseContainerForBlockDeletion(83)) - Chosen 0/5000 blocks from 0 candidate containers.
2023-07-26 19:47:12,356 [BlockDeletingService#0] INFO  interfaces.ContainerDeletionChoosingPolicyTemplate (ContainerDeletionChoosingPolicyTemplate.java:chooseContainerForBlockDeletion(83)) - Chosen 0/5000 blocks from 0 candidate containers.
2023-07-26 19:47:12,457 [BlockDeletingService#4] INFO  interfaces.ContainerDeletionChoosingPolicyTemplate (ContainerDeletionChoosingPolicyTemplate.java:chooseContainerForBlockDeletion(83)) - Chosen 0/5000 blocks from 0 candidate containers.
2023-07-26 19:47:12,457 [BlockDeletingService#0] INFO  interfaces.ContainerDeletionChoosingPolicyTemplate (ContainerDeletionChoosingPolicyTemplate.java:chooseContainerForBlockDeletion(83)) - Chosen 0/5000 blocks from 0 candidate containers.
2023-07-26 19:47:12,498 [FixedThreadPoolWithAffinityExecutor-8-0] WARN  container.ContainerReportHandler (AbstractContainerReportHandler.java:updateContainerState(260)) - Container #1 is in OPEN state, but the datanode c33e49d7-aab4-4e8b-84a2-e80ab64b386a(fv-az465-709/10.1.0.48) reports an CLOSED replica.
2023-07-26 19:47:12,505 [FixedThreadPoolWithAffinityExecutor-0-0] WARN  container.ContainerReportHandler (AbstractContainerReportHandler.java:updateContainerState(260)) - Container #1 is in OPEN state, but the datanode 4099cb2b-2e2e-4151-9db7-f99ade631412(fv-az465-709/10.1.0.48) reports an CLOSED replica.
2023-07-26 19:47:12,557 [BlockDeletingService#4] INFO  interfaces.ContainerDeletionChoosingPolicyTemplate (ContainerDeletionChoosingPolicyTemplate.java:chooseContainerForBlockDeletion(83)) - Chosen 0/5000 blocks from 0 candidate containers.
2023-07-26 19:47:12,557 [BlockDeletingService#0] INFO  interfaces.ContainerDeletionChoosingPolicyTemplate (ContainerDeletionChoosingPolicyTemplate.java:chooseContainerForBlockDeletion(83)) - Chosen 0/5000 blocks from 0 candidate containers.
2023-07-26 19:47:12,658 [BlockDeletingService#4] INFO  interfaces.ContainerDeletionChoosingPolicyTemplate (ContainerDeletionChoosingPolicyTemplate.java:chooseContainerForBlockDeletion(83)) - Chosen 0/5000 blocks from 0 candidate containers.
2023-07-26 19:47:12,658 [BlockDeletingService#0] INFO  interfaces.ContainerDeletionChoosingPolicyTemplate (ContainerDeletionChoosingPolicyTemplate.java:chooseContainerForBlockDeletion(83)) - Chosen 0/5000 blocks from 0 candidate containers.
2023-07-26 19:47:12,699 [FixedThreadPoolWithAffinityExecutor-8-0] WARN  container.ContainerReportHandler (AbstractContainerReportHandler.java:updateContainerState(260)) - Container #1 is in OPEN state, but the datanode c33e49d7-aab4-4e8b-84a2-e80ab64b386a(fv-az465-709/10.1.0.48) reports an CLOSED replica.
2023-07-26 19:47:12,703 [grpc-default-executor-2] WARN  server.GrpcLogAppender (LogUtils.java:warn(122)) - 4099cb2b-2e2e-4151-9db7-f99ade631412@group-1C7129A268B6->cc71d3b4-cf6a-416c-96eb-6097e97a8fe1-AppendLogResponseHandler: Failed appendEntries: org.apache.ratis.thirdparty.io.grpc.StatusRuntimeException: UNAVAILABLE: io exception
2023-07-26 19:47:12,704 [grpc-default-executor-2] WARN  server.GrpcLogAppender (GrpcLogAppender.java:resetClient(128)) - 4099cb2b-2e2e-4151-9db7-f99ade631412@group-1C7129A268B6->cc71d3b4-cf6a-416c-96eb-6097e97a8fe1-GrpcLogAppender: Follower failed when matchIndex == 0,  keep nextIndex (6) unchanged and retry.
2023-07-26 19:47:12,704 [grpc-default-executor-3] WARN  server.GrpcLogAppender (LogUtils.java:warn(122)) - 4099cb2b-2e2e-4151-9db7-f99ade631412@group-1C7129A268B6->cc71d3b4-cf6a-416c-96eb-6097e97a8fe1-AppendLogResponseHandler: Failed appendEntries: org.apache.ratis.thirdparty.io.grpc.StatusRuntimeException: UNAVAILABLE: io exception
2023-07-26 19:47:12,704 [grpc-default-executor-3] WARN  server.GrpcLogAppender (GrpcLogAppender.java:resetClient(128)) - 4099cb2b-2e2e-4151-9db7-f99ade631412@group-1C7129A268B6->cc71d3b4-cf6a-416c-96eb-6097e97a8fe1-GrpcLogAppender: Follower failed when matchIndex == 0,  keep nextIndex (6) unchanged and retry.
2023-07-26 19:47:12,758 [BlockDeletingService#4] INFO  interfaces.ContainerDeletionChoosingPolicyTemplate (ContainerDeletionChoosingPolicyTemplate.java:chooseContainerForBlockDeletion(83)) - Chosen 0/5000 blocks from 0 candidate containers.
2023-07-26 19:47:12,758 [BlockDeletingService#0] INFO  interfaces.ContainerDeletionChoosingPolicyTemplate (ContainerDeletionChoosingPolicyTemplate.java:chooseContainerForBlockDeletion(83)) - Chosen 0/5000 blocks from 0 candidate containers.
2023-07-26 19:47:12,806 [FixedThreadPoolWithAffinityExecutor-0-0] WARN  container.ContainerReportHandler (AbstractContainerReportHandler.java:updateContainerState(260)) - Container #1 is in OPEN state, but the datanode 4099cb2b-2e2e-4151-9db7-f99ade631412(fv-az465-709/10.1.0.48) reports an CLOSED replica.
2023-07-26 19:47:12,858 [BlockDeletingService#0] INFO  interfaces.ContainerDeletionChoosingPolicyTemplate (ContainerDeletionChoosingPolicyTemplate.java:chooseContainerForBlockDeletion(83)) - Chosen 0/5000 blocks from 0 candidate containers.
2023-07-26 19:47:12,858 [BlockDeletingService#4] INFO  interfaces.ContainerDeletionChoosingPolicyTemplate (ContainerDeletionChoosingPolicyTemplate.java:chooseContainerForBlockDeletion(83)) - Chosen 0/5000 blocks from 0 candidate containers.
2023-07-26 19:47:12,959 [BlockDeletingService#0] INFO  interfaces.ContainerDeletionChoosingPolicyTemplate (ContainerDeletionChoosingPolicyTemplate.java:chooseContainerForBlockDeletion(83)) - Chosen 0/5000 blocks from 0 candidate containers.
2023-07-26 19:47:12,959 [BlockDeletingService#4] INFO  interfaces.ContainerDeletionChoosingPolicyTemplate (ContainerDeletionChoosingPolicyTemplate.java:chooseContainerForBlockDeletion(83)) - Chosen 0/5000 blocks from 0 candidate containers.
2023-07-26 19:47:12,997 [FixedThreadPoolWithAffinityExecutor-8-0] WARN  container.ContainerReportHandler (AbstractContainerReportHandler.java:updateContainerState(260)) - Container #1 is in OPEN state, but the datanode c33e49d7-aab4-4e8b-84a2-e80ab64b386a(fv-az465-709/10.1.0.48) reports an CLOSED replica.
2023-07-26 19:47:13,059 [BlockDeletingService#0] INFO  interfaces.ContainerDeletionChoosingPolicyTemplate (ContainerDeletionChoosingPolicyTemplate.java:chooseContainerForBlockDeletion(83)) - Chosen 0/5000 blocks from 0 candidate containers.
2023-07-26 19:47:13,059 [BlockDeletingService#4] INFO  interfaces.ContainerDeletionChoosingPolicyTemplate (ContainerDeletionChoosingPolicyTemplate.java:chooseContainerForBlockDeletion(83)) - Chosen 0/5000 blocks from 0 candidate containers.
2023-07-26 19:47:13,105 [FixedThreadPoolWithAffinityExecutor-0-0] WARN  container.ContainerReportHandler (AbstractContainerReportHandler.java:updateContainerState(260)) - Container #1 is in OPEN state, but the datanode 4099cb2b-2e2e-4151-9db7-f99ade631412(fv-az465-709/10.1.0.48) reports an CLOSED replica.
2023-07-26 19:47:13,160 [BlockDeletingService#0] INFO  interfaces.ContainerDeletionChoosingPolicyTemplate (ContainerDeletionChoosingPolicyTemplate.java:chooseContainerForBlockDeletion(83)) - Chosen 0/5000 blocks from 0 candidate containers.
2023-07-26 19:47:13,160 [BlockDeletingService#4] INFO  interfaces.ContainerDeletionChoosingPolicyTemplate (ContainerDeletionChoosingPolicyTemplate.java:chooseContainerForBlockDeletion(83)) - Chosen 0/5000 blocks from 0 candidate containers.
2023-07-26 19:47:13,199 [FixedThreadPoolWithAffinityExecutor-8-0] WARN  container.ContainerReportHandler (AbstractContainerReportHandler.java:updateContainerState(260)) - Container #1 is in OPEN state, but the datanode c33e49d7-aab4-4e8b-84a2-e80ab64b386a(fv-az465-709/10.1.0.48) reports an CLOSED replica.
2023-07-26 19:47:13,260 [BlockDeletingService#0] INFO  interfaces.ContainerDeletionChoosingPolicyTemplate (ContainerDeletionChoosingPolicyTemplate.java:chooseContainerForBlockDeletion(83)) - Chosen 0/5000 blocks from 0 candidate containers.
2023-07-26 19:47:13,260 [BlockDeletingService#4] INFO  interfaces.ContainerDeletionChoosingPolicyTemplate (ContainerDeletionChoosingPolicyTemplate.java:chooseContainerForBlockDeletion(83)) - Chosen 0/5000 blocks from 0 candidate containers.
2023-07-26 19:47:13,360 [BlockDeletingService#0] INFO  interfaces.ContainerDeletionChoosingPolicyTemplate (ContainerDeletionChoosingPolicyTemplate.java:chooseContainerForBlockDeletion(83)) - Chosen 0/5000 blocks from 0 candidate containers.
2023-07-26 19:47:13,363 [BlockDeletingService#4] INFO  interfaces.ContainerDeletionChoosingPolicyTemplate (ContainerDeletionChoosingPolicyTemplate.java:chooseContainerForBlockDeletion(83)) - Chosen 0/5000 blocks from 0 candidate containers.
2023-07-26 19:47:13,399 [FixedThreadPoolWithAffinityExecutor-8-0] WARN  container.ContainerReportHandler (AbstractContainerReportHandler.java:updateContainerState(260)) - Container #1 is in OPEN state, but the datanode c33e49d7-aab4-4e8b-84a2-e80ab64b386a(fv-az465-709/10.1.0.48) reports an CLOSED replica.
2023-07-26 19:47:13,461 [BlockDeletingService#0] INFO  interfaces.ContainerDeletionChoosingPolicyTemplate (ContainerDeletionChoosingPolicyTemplate.java:chooseContainerForBlockDeletion(83)) - Chosen 0/5000 blocks from 0 candidate containers.
2023-07-26 19:47:13,464 [BlockDeletingService#4] INFO  interfaces.ContainerDeletionChoosingPolicyTemplate (ContainerDeletionChoosingPolicyTemplate.java:chooseContainerForBlockDeletion(83)) - Chosen 0/5000 blocks from 0 candidate containers.
2023-07-26 19:47:13,507 [FixedThreadPoolWithAffinityExecutor-0-0] WARN  container.ContainerReportHandler (AbstractContainerReportHandler.java:updateContainerState(260)) - Container #1 is in OPEN state, but the datanode 4099cb2b-2e2e-4151-9db7-f99ade631412(fv-az465-709/10.1.0.48) reports an CLOSED replica.
2023-07-26 19:47:13,561 [BlockDeletingService#0] INFO  interfaces.ContainerDeletionChoosingPolicyTemplate (ContainerDeletionChoosingPolicyTemplate.java:chooseContainerForBlockDeletion(83)) - Chosen 0/5000 blocks from 0 candidate containers.
2023-07-26 19:47:13,564 [BlockDeletingService#4] INFO  interfaces.ContainerDeletionChoosingPolicyTemplate (ContainerDeletionChoosingPolicyTemplate.java:chooseContainerForBlockDeletion(83)) - Chosen 0/5000 blocks from 0 candidate containers.
2023-07-26 19:47:13,661 [BlockDeletingService#0] INFO  interfaces.ContainerDeletionChoosingPolicyTemplate (ContainerDeletionChoosingPolicyTemplate.java:chooseContainerForBlockDeletion(83)) - Chosen 0/5000 blocks from 0 candidate containers.
2023-07-26 19:47:13,664 [BlockDeletingService#4] INFO  interfaces.ContainerDeletionChoosingPolicyTemplate (ContainerDeletionChoosingPolicyTemplate.java:chooseContainerForBlockDeletion(83)) - Chosen 0/5000 blocks from 0 candidate containers.
2023-07-26 19:47:13,700 [FixedThreadPoolWithAffinityExecutor-8-0] WARN  container.ContainerReportHandler (AbstractContainerReportHandler.java:updateContainerState(260)) - Container #1 is in OPEN state, but the datanode c33e49d7-aab4-4e8b-84a2-e80ab64b386a(fv-az465-709/10.1.0.48) reports an CLOSED replica.
2023-07-26 19:47:13,762 [BlockDeletingService#0] INFO  interfaces.ContainerDeletionChoosingPolicyTemplate (ContainerDeletionChoosingPolicyTemplate.java:chooseContainerForBlockDeletion(83)) - Chosen 0/5000 blocks from 0 candidate containers.
2023-07-26 19:47:13,764 [BlockDeletingService#4] INFO  interfaces.ContainerDeletionChoosingPolicyTemplate (ContainerDeletionChoosingPolicyTemplate.java:chooseContainerForBlockDeletion(83)) - Chosen 0/5000 blocks from 0 candidate containers.
2023-07-26 19:47:13,812 [FixedThreadPoolWithAffinityExecutor-0-0] WARN  container.ContainerReportHandler (AbstractContainerReportHandler.java:updateContainerState(260)) - Container #1 is in OPEN state, but the datanode 4099cb2b-2e2e-4151-9db7-f99ade631412(fv-az465-709/10.1.0.48) reports an CLOSED replica.
2023-07-26 19:47:13,862 [BlockDeletingService#0] INFO  interfaces.ContainerDeletionChoosingPolicyTemplate (ContainerDeletionChoosingPolicyTemplate.java:chooseContainerForBlockDeletion(83)) - Chosen 0/5000 blocks from 0 candidate containers.
2023-07-26 19:47:13,864 [BlockDeletingService#4] INFO  interfaces.ContainerDeletionChoosingPolicyTemplate (ContainerDeletionChoosingPolicyTemplate.java:chooseContainerForBlockDeletion(83)) - Chosen 0/5000 blocks from 0 candidate containers.
2023-07-26 19:47:13,900 [FixedThreadPoolWithAffinityExecutor-8-0] WARN  container.ContainerReportHandler (AbstractContainerReportHandler.java:updateContainerState(260)) - Container #1 is in OPEN state, but the datanode c33e49d7-aab4-4e8b-84a2-e80ab64b386a(fv-az465-709/10.1.0.48) reports an CLOSED replica.
2023-07-26 19:47:13,954 [grpc-default-executor-3] WARN  server.GrpcLogAppender (LogUtils.java:warn(122)) - 4099cb2b-2e2e-4151-9db7-f99ade631412@group-1C7129A268B6->cc71d3b4-cf6a-416c-96eb-6097e97a8fe1-AppendLogResponseHandler: Failed appendEntries: org.apache.ratis.thirdparty.io.grpc.StatusRuntimeException: UNAVAILABLE: io exception
2023-07-26 19:47:13,954 [grpc-default-executor-2] WARN  server.GrpcLogAppender (LogUtils.java:warn(122)) - 4099cb2b-2e2e-4151-9db7-f99ade631412@group-1C7129A268B6->cc71d3b4-cf6a-416c-96eb-6097e97a8fe1-AppendLogResponseHandler: Failed appendEntries: org.apache.ratis.thirdparty.io.grpc.StatusRuntimeException: UNAVAILABLE: io exception
2023-07-26 19:47:13,955 [grpc-default-executor-3] WARN  server.GrpcLogAppender (GrpcLogAppender.java:resetClient(128)) - 4099cb2b-2e2e-4151-9db7-f99ade631412@group-1C7129A268B6->cc71d3b4-cf6a-416c-96eb-6097e97a8fe1-GrpcLogAppender: Follower failed when matchIndex == 0,  keep nextIndex (6) unchanged and retry.
2023-07-26 19:47:13,958 [grpc-default-executor-2] WARN  server.GrpcLogAppender (GrpcLogAppender.java:resetClient(128)) - 4099cb2b-2e2e-4151-9db7-f99ade631412@group-1C7129A268B6->cc71d3b4-cf6a-416c-96eb-6097e97a8fe1-GrpcLogAppender: Follower failed when matchIndex == 0,  keep nextIndex (6) unchanged and retry.
2023-07-26 19:47:13,963 [BlockDeletingService#0] INFO  interfaces.ContainerDeletionChoosingPolicyTemplate (ContainerDeletionChoosingPolicyTemplate.java:chooseContainerForBlockDeletion(83)) - Chosen 0/5000 blocks from 0 candidate containers.
2023-07-26 19:47:13,965 [BlockDeletingService#4] INFO  interfaces.ContainerDeletionChoosingPolicyTemplate (ContainerDeletionChoosingPolicyTemplate.java:chooseContainerForBlockDeletion(83)) - Chosen 0/5000 blocks from 0 candidate containers.
2023-07-26 19:47:14,063 [BlockDeletingService#0] INFO  interfaces.ContainerDeletionChoosingPolicyTemplate (ContainerDeletionChoosingPolicyTemplate.java:chooseContainerForBlockDeletion(83)) - Chosen 0/5000 blocks from 0 candidate containers.
2023-07-26 19:47:14,065 [BlockDeletingService#4] INFO  interfaces.ContainerDeletionChoosingPolicyTemplate (ContainerDeletionChoosingPolicyTemplate.java:chooseContainerForBlockDeletion(83)) - Chosen 0/5000 blocks from 0 candidate containers.
2023-07-26 19:47:14,103 [FixedThreadPoolWithAffinityExecutor-8-0] WARN  container.ContainerReportHandler (AbstractContainerReportHandler.java:updateContainerState(260)) - Container #1 is in OPEN state, but the datanode c33e49d7-aab4-4e8b-84a2-e80ab64b386a(fv-az465-709/10.1.0.48) reports an CLOSED replica.
2023-07-26 19:47:14,163 [BlockDeletingService#0] INFO  interfaces.ContainerDeletionChoosingPolicyTemplate (ContainerDeletionChoosingPolicyTemplate.java:chooseContainerForBlockDeletion(83)) - Chosen 0/5000 blocks from 0 candidate containers.
2023-07-26 19:47:14,165 [BlockDeletingService#4] INFO  interfaces.ContainerDeletionChoosingPolicyTemplate (ContainerDeletionChoosingPolicyTemplate.java:chooseContainerForBlockDeletion(83)) - Chosen 0/5000 blocks from 0 candidate containers.
2023-07-26 19:47:14,212 [FixedThreadPoolWithAffinityExecutor-0-0] WARN  container.ContainerReportHandler (AbstractContainerReportHandler.java:updateContainerState(260)) - Container #1 is in OPEN state, but the datanode 4099cb2b-2e2e-4151-9db7-f99ade631412(fv-az465-709/10.1.0.48) reports an CLOSED replica.
2023-07-26 19:47:14,264 [BlockDeletingService#0] INFO  interfaces.ContainerDeletionChoosingPolicyTemplate (ContainerDeletionChoosingPolicyTemplate.java:chooseContainerForBlockDeletion(83)) - Chosen 0/5000 blocks from 0 candidate containers.
2023-07-26 19:47:14,265 [BlockDeletingService#4] INFO  interfaces.ContainerDeletionChoosingPolicyTemplate (ContainerDeletionChoosingPolicyTemplate.java:chooseContainerForBlockDeletion(83)) - Chosen 0/5000 blocks from 0 candidate containers.
2023-07-26 19:47:14,364 [BlockDeletingService#0] INFO  interfaces.ContainerDeletionChoosingPolicyTemplate (ContainerDeletionChoosingPolicyTemplate.java:chooseContainerForBlockDeletion(83)) - Chosen 0/5000 blocks from 0 candidate containers.
2023-07-26 19:47:14,366 [BlockDeletingService#4] INFO  interfaces.ContainerDeletionChoosingPolicyTemplate (ContainerDeletionChoosingPolicyTemplate.java:chooseContainerForBlockDeletion(83)) - Chosen 0/5000 blocks from 0 candidate containers.
2023-07-26 19:47:14,401 [FixedThreadPoolWithAffinityExecutor-8-0] WARN  container.ContainerReportHandler (AbstractContainerReportHandler.java:updateContainerState(260)) - Container #1 is in OPEN state, but the datanode c33e49d7-aab4-4e8b-84a2-e80ab64b386a(fv-az465-709/10.1.0.48) reports an CLOSED replica.
2023-07-26 19:47:14,465 [BlockDeletingService#0] INFO  interfaces.ContainerDeletionChoosingPolicyTemplate (ContainerDeletionChoosingPolicyTemplate.java:chooseContainerForBlockDeletion(83)) - Chosen 0/5000 blocks from 0 candidate containers.
2023-07-26 19:47:14,466 [BlockDeletingService#4] INFO  interfaces.ContainerDeletionChoosingPolicyTemplate (ContainerDeletionChoosingPolicyTemplate.java:chooseContainerForBlockDeletion(83)) - Chosen 0/5000 blocks from 0 candidate containers.
2023-07-26 19:47:14,512 [FixedThreadPoolWithAffinityExecutor-0-0] WARN  container.ContainerReportHandler (AbstractContainerReportHandler.java:updateContainerState(260)) - Container #1 is in OPEN state, but the datanode 4099cb2b-2e2e-4151-9db7-f99ade631412(fv-az465-709/10.1.0.48) reports an CLOSED replica.
2023-07-26 19:47:14,565 [BlockDeletingService#0] INFO  interfaces.ContainerDeletionChoosingPolicyTemplate (ContainerDeletionChoosingPolicyTemplate.java:chooseContainerForBlockDeletion(83)) - Chosen 0/5000 blocks from 0 candidate containers.
2023-07-26 19:47:14,566 [BlockDeletingService#4] INFO  interfaces.ContainerDeletionChoosingPolicyTemplate (ContainerDeletionChoosingPolicyTemplate.java:chooseContainerForBlockDeletion(83)) - Chosen 0/5000 blocks from 0 candidate containers.
2023-07-26 19:47:14,602 [FixedThreadPoolWithAffinityExecutor-8-0] WARN  container.ContainerReportHandler (AbstractContainerReportHandler.java:updateContainerState(260)) - Container #1 is in OPEN state, but the datanode c33e49d7-aab4-4e8b-84a2-e80ab64b386a(fv-az465-709/10.1.0.48) reports an CLOSED replica.
2023-07-26 19:47:14,666 [BlockDeletingService#0] INFO  interfaces.ContainerDeletionChoosingPolicyTemplate (ContainerDeletionChoosingPolicyTemplate.java:chooseContainerForBlockDeletion(83)) - Chosen 0/5000 blocks from 0 candidate containers.
2023-07-26 19:47:14,666 [BlockDeletingService#4] INFO  interfaces.ContainerDeletionChoosingPolicyTemplate (ContainerDeletionChoosingPolicyTemplate.java:chooseContainerForBlockDeletion(83)) - Chosen 0/5000 blocks from 0 candidate containers.
2023-07-26 19:47:14,766 [BlockDeletingService#0] INFO  interfaces.ContainerDeletionChoosingPolicyTemplate (ContainerDeletionChoosingPolicyTemplate.java:chooseContainerForBlockDeletion(83)) - Chosen 0/5000 blocks from 0 candidate containers.
2023-07-26 19:47:14,766 [BlockDeletingService#4] INFO  interfaces.ContainerDeletionChoosingPolicyTemplate (ContainerDeletionChoosingPolicyTemplate.java:chooseContainerForBlockDeletion(83)) - Chosen 0/5000 blocks from 0 candidate containers.
2023-07-26 19:47:14,804 [FixedThreadPoolWithAffinityExecutor-8-0] WARN  container.ContainerReportHandler (AbstractContainerReportHandler.java:updateContainerState(260)) - Container #1 is in OPEN state, but the datanode c33e49d7-aab4-4e8b-84a2-e80ab64b386a(fv-az465-709/10.1.0.48) reports an CLOSED replica.
2023-07-26 19:47:14,866 [BlockDeletingService#0] INFO  interfaces.ContainerDeletionChoosingPolicyTemplate (ContainerDeletionChoosingPolicyTemplate.java:chooseContainerForBlockDeletion(83)) - Chosen 0/5000 blocks from 0 candidate containers.
2023-07-26 19:47:14,867 [BlockDeletingService#4] INFO  interfaces.ContainerDeletionChoosingPolicyTemplate (ContainerDeletionChoosingPolicyTemplate.java:chooseContainerForBlockDeletion(83)) - Chosen 0/5000 blocks from 0 candidate containers.
2023-07-26 19:47:14,913 [FixedThreadPoolWithAffinityExecutor-0-0] WARN  container.ContainerReportHandler (AbstractContainerReportHandler.java:updateContainerState(260)) - Container #1 is in OPEN state, but the datanode 4099cb2b-2e2e-4151-9db7-f99ade631412(fv-az465-709/10.1.0.48) reports an CLOSED replica.
2023-07-26 19:47:14,967 [BlockDeletingService#0] INFO  interfaces.ContainerDeletionChoosingPolicyTemplate (ContainerDeletionChoosingPolicyTemplate.java:chooseContainerForBlockDeletion(83)) - Chosen 0/5000 blocks from 0 candidate containers.
2023-07-26 19:47:14,967 [BlockDeletingService#4] INFO  interfaces.ContainerDeletionChoosingPolicyTemplate (ContainerDeletionChoosingPolicyTemplate.java:chooseContainerForBlockDeletion(83)) - Chosen 0/5000 blocks from 0 candidate containers.
2023-07-26 19:47:15,002 [FixedThreadPoolWithAffinityExecutor-8-0] WARN  container.ContainerReportHandler (AbstractContainerReportHandler.java:updateContainerState(260)) - Container #1 is in OPEN state, but the datanode c33e49d7-aab4-4e8b-84a2-e80ab64b386a(fv-az465-709/10.1.0.48) reports an CLOSED replica.
2023-07-26 19:47:15,067 [BlockDeletingService#0] INFO  interfaces.ContainerDeletionChoosingPolicyTemplate (ContainerDeletionChoosingPolicyTemplate.java:chooseContainerForBlockDeletion(83)) - Chosen 0/5000 blocks from 0 candidate containers.
2023-07-26 19:47:15,067 [BlockDeletingService#4] INFO  interfaces.ContainerDeletionChoosingPolicyTemplate (ContainerDeletionChoosingPolicyTemplate.java:chooseContainerForBlockDeletion(83)) - Chosen 0/5000 blocks from 0 candidate containers.
2023-07-26 19:47:15,167 [BlockDeletingService#0] INFO  interfaces.ContainerDeletionChoosingPolicyTemplate (ContainerDeletionChoosingPolicyTemplate.java:chooseContainerForBlockDeletion(83)) - Chosen 0/5000 blocks from 0 candidate containers.
2023-07-26 19:47:15,167 [BlockDeletingService#4] INFO  interfaces.ContainerDeletionChoosingPolicyTemplate (ContainerDeletionChoosingPolicyTemplate.java:chooseContainerForBlockDeletion(83)) - Chosen 0/5000 blocks from 0 candidate containers.
2023-07-26 19:47:15,205 [grpc-default-executor-2] WARN  server.GrpcLogAppender (LogUtils.java:warn(122)) - 4099cb2b-2e2e-4151-9db7-f99ade631412@group-1C7129A268B6->cc71d3b4-cf6a-416c-96eb-6097e97a8fe1-AppendLogResponseHandler: Failed appendEntries: org.apache.ratis.thirdparty.io.grpc.StatusRuntimeException: UNAVAILABLE: io exception
2023-07-26 19:47:15,205 [grpc-default-executor-3] WARN  server.GrpcLogAppender (LogUtils.java:warn(122)) - 4099cb2b-2e2e-4151-9db7-f99ade631412@group-1C7129A268B6->cc71d3b4-cf6a-416c-96eb-6097e97a8fe1-AppendLogResponseHandler: Failed appendEntries: org.apache.ratis.thirdparty.io.grpc.StatusRuntimeException: UNAVAILABLE: io exception
2023-07-26 19:47:15,206 [grpc-default-executor-2] WARN  server.GrpcLogAppender (GrpcLogAppender.java:resetClient(128)) - 4099cb2b-2e2e-4151-9db7-f99ade631412@group-1C7129A268B6->cc71d3b4-cf6a-416c-96eb-6097e97a8fe1-GrpcLogAppender: Follower failed when matchIndex == 0,  keep nextIndex (6) unchanged and retry.
2023-07-26 19:47:15,206 [grpc-default-executor-3] WARN  server.GrpcLogAppender (GrpcLogAppender.java:resetClient(128)) - 4099cb2b-2e2e-4151-9db7-f99ade631412@group-1C7129A268B6->cc71d3b4-cf6a-416c-96eb-6097e97a8fe1-GrpcLogAppender: Follower failed when matchIndex == 0,  keep nextIndex (6) unchanged and retry.
2023-07-26 19:47:15,214 [FixedThreadPoolWithAffinityExecutor-0-0] WARN  container.ContainerReportHandler (AbstractContainerReportHandler.java:updateContainerState(260)) - Container #1 is in OPEN state, but the datanode 4099cb2b-2e2e-4151-9db7-f99ade631412(fv-az465-709/10.1.0.48) reports an CLOSED replica.
2023-07-26 19:47:15,268 [BlockDeletingService#0] INFO  interfaces.ContainerDeletionChoosingPolicyTemplate (ContainerDeletionChoosingPolicyTemplate.java:chooseContainerForBlockDeletion(83)) - Chosen 0/5000 blocks from 0 candidate containers.
2023-07-26 19:47:15,268 [BlockDeletingService#4] INFO  interfaces.ContainerDeletionChoosingPolicyTemplate (ContainerDeletionChoosingPolicyTemplate.java:chooseContainerForBlockDeletion(83)) - Chosen 0/5000 blocks from 0 candidate containers.
2023-07-26 19:47:15,301 [FixedThreadPoolWithAffinityExecutor-8-0] WARN  container.ContainerReportHandler (AbstractContainerReportHandler.java:updateContainerState(260)) - Container #1 is in OPEN state, but the datanode c33e49d7-aab4-4e8b-84a2-e80ab64b386a(fv-az465-709/10.1.0.48) reports an CLOSED replica.
2023-07-26 19:47:15,368 [BlockDeletingService#0] INFO  interfaces.ContainerDeletionChoosingPolicyTemplate (ContainerDeletionChoosingPolicyTemplate.java:chooseContainerForBlockDeletion(83)) - Chosen 0/5000 blocks from 0 candidate containers.
2023-07-26 19:47:15,368 [BlockDeletingService#4] INFO  interfaces.ContainerDeletionChoosingPolicyTemplate (ContainerDeletionChoosingPolicyTemplate.java:chooseContainerForBlockDeletion(83)) - Chosen 0/5000 blocks from 0 candidate containers.
2023-07-26 19:47:15,469 [BlockDeletingService#0] INFO  interfaces.ContainerDeletionChoosingPolicyTemplate (ContainerDeletionChoosingPolicyTemplate.java:chooseContainerForBlockDeletion(83)) - Chosen 0/5000 blocks from 0 candidate containers.
2023-07-26 19:47:15,469 [BlockDeletingService#4] INFO  interfaces.ContainerDeletionChoosingPolicyTemplate (ContainerDeletionChoosingPolicyTemplate.java:chooseContainerForBlockDeletion(83)) - Chosen 0/5000 blocks from 0 candidate containers.
2023-07-26 19:47:15,502 [FixedThreadPoolWithAffinityExecutor-8-0] WARN  container.ContainerReportHandler (AbstractContainerReportHandler.java:updateContainerState(260)) - Container #1 is in OPEN state, but the datanode c33e49d7-aab4-4e8b-84a2-e80ab64b386a(fv-az465-709/10.1.0.48) reports an CLOSED replica.
2023-07-26 19:47:15,515 [FixedThreadPoolWithAffinityExecutor-0-0] WARN  container.ContainerReportHandler (AbstractContainerReportHandler.java:updateContainerState(260)) - Container #1 is in OPEN state, but the datanode 4099cb2b-2e2e-4151-9db7-f99ade631412(fv-az465-709/10.1.0.48) reports an CLOSED replica.
2023-07-26 19:47:15,569 [BlockDeletingService#0] INFO  interfaces.ContainerDeletionChoosingPolicyTemplate (ContainerDeletionChoosingPolicyTemplate.java:chooseContainerForBlockDeletion(83)) - Chosen 0/5000 blocks from 0 candidate containers.
2023-07-26 19:47:15,569 [BlockDeletingService#4] INFO  interfaces.ContainerDeletionChoosingPolicyTemplate (ContainerDeletionChoosingPolicyTemplate.java:chooseContainerForBlockDeletion(83)) - Chosen 0/5000 blocks from 0 candidate containers.
2023-07-26 19:47:15,669 [BlockDeletingService#0] INFO  interfaces.ContainerDeletionChoosingPolicyTemplate (ContainerDeletionChoosingPolicyTemplate.java:chooseContainerForBlockDeletion(83)) - Chosen 0/5000 blocks from 0 candidate containers.
2023-07-26 19:47:15,670 [BlockDeletingService#1] INFO  interfaces.ContainerDeletionChoosingPolicyTemplate (ContainerDeletionChoosingPolicyTemplate.java:chooseContainerForBlockDeletion(83)) - Chosen 0/5000 blocks from 0 candidate containers.
2023-07-26 19:47:15,703 [FixedThreadPoolWithAffinityExecutor-8-0] WARN  container.ContainerReportHandler (AbstractContainerReportHandler.java:updateContainerState(260)) - Container #1 is in OPEN state, but the datanode c33e49d7-aab4-4e8b-84a2-e80ab64b386a(fv-az465-709/10.1.0.48) reports an CLOSED replica.
2023-07-26 19:47:15,770 [BlockDeletingService#0] INFO  interfaces.ContainerDeletionChoosingPolicyTemplate (ContainerDeletionChoosingPolicyTemplate.java:chooseContainerForBlockDeletion(83)) - Chosen 0/5000 blocks from 0 candidate containers.
2023-07-26 19:47:15,770 [BlockDeletingService#1] INFO  interfaces.ContainerDeletionChoosingPolicyTemplate (ContainerDeletionChoosingPolicyTemplate.java:chooseContainerForBlockDeletion(83)) - Chosen 0/5000 blocks from 0 candidate containers.
2023-07-26 19:47:15,870 [BlockDeletingService#0] INFO  interfaces.ContainerDeletionChoosingPolicyTemplate (ContainerDeletionChoosingPolicyTemplate.java:chooseContainerForBlockDeletion(83)) - Chosen 0/5000 blocks from 0 candidate containers.
2023-07-26 19:47:15,870 [BlockDeletingService#1] INFO  interfaces.ContainerDeletionChoosingPolicyTemplate (ContainerDeletionChoosingPolicyTemplate.java:chooseContainerForBlockDeletion(83)) - Chosen 0/5000 blocks from 0 candidate containers.
2023-07-26 19:47:15,917 [FixedThreadPoolWithAffinityExecutor-0-0] WARN  container.ContainerReportHandler (AbstractContainerReportHandler.java:updateContainerState(260)) - Container #1 is in OPEN state, but the datanode 4099cb2b-2e2e-4151-9db7-f99ade631412(fv-az465-709/10.1.0.48) reports an CLOSED replica.
2023-07-26 19:47:15,971 [BlockDeletingService#0] INFO  interfaces.ContainerDeletionChoosingPolicyTemplate (ContainerDeletionChoosingPolicyTemplate.java:chooseContainerForBlockDeletion(83)) - Chosen 0/5000 blocks from 0 candidate containers.
2023-07-26 19:47:15,971 [BlockDeletingService#1] INFO  interfaces.ContainerDeletionChoosingPolicyTemplate (ContainerDeletionChoosingPolicyTemplate.java:chooseContainerForBlockDeletion(83)) - Chosen 0/5000 blocks from 0 candidate containers.
2023-07-26 19:47:16,002 [FixedThreadPoolWithAffinityExecutor-8-0] WARN  container.ContainerReportHandler (AbstractContainerReportHandler.java:updateContainerState(260)) - Container #1 is in OPEN state, but the datanode c33e49d7-aab4-4e8b-84a2-e80ab64b386a(fv-az465-709/10.1.0.48) reports an CLOSED replica.
2023-07-26 19:47:16,071 [BlockDeletingService#0] INFO  interfaces.ContainerDeletionChoosingPolicyTemplate (ContainerDeletionChoosingPolicyTemplate.java:chooseContainerForBlockDeletion(83)) - Chosen 0/5000 blocks from 0 candidate containers.
2023-07-26 19:47:16,071 [BlockDeletingService#1] INFO  interfaces.ContainerDeletionChoosingPolicyTemplate (ContainerDeletionChoosingPolicyTemplate.java:chooseContainerForBlockDeletion(83)) - Chosen 0/5000 blocks from 0 candidate containers.
2023-07-26 19:47:16,172 [BlockDeletingService#0] INFO  interfaces.ContainerDeletionChoosingPolicyTemplate (ContainerDeletionChoosingPolicyTemplate.java:chooseContainerForBlockDeletion(83)) - Chosen 0/5000 blocks from 0 candidate containers.
2023-07-26 19:47:16,172 [BlockDeletingService#1] INFO  interfaces.ContainerDeletionChoosingPolicyTemplate (ContainerDeletionChoosingPolicyTemplate.java:chooseContainerForBlockDeletion(83)) - Chosen 0/5000 blocks from 0 candidate containers.
2023-07-26 19:47:16,204 [FixedThreadPoolWithAffinityExecutor-8-0] WARN  container.ContainerReportHandler (AbstractContainerReportHandler.java:updateContainerState(260)) - Container #1 is in OPEN state, but the datanode c33e49d7-aab4-4e8b-84a2-e80ab64b386a(fv-az465-709/10.1.0.48) reports an CLOSED replica.
2023-07-26 19:47:16,217 [FixedThreadPoolWithAffinityExecutor-0-0] WARN  container.ContainerReportHandler (AbstractContainerReportHandler.java:updateContainerState(260)) - Container #1 is in OPEN state, but the datanode 4099cb2b-2e2e-4151-9db7-f99ade631412(fv-az465-709/10.1.0.48) reports an CLOSED replica.
2023-07-26 19:47:16,272 [BlockDeletingService#0] INFO  interfaces.ContainerDeletionChoosingPolicyTemplate (ContainerDeletionChoosingPolicyTemplate.java:chooseContainerForBlockDeletion(83)) - Chosen 0/5000 blocks from 0 candidate containers.
2023-07-26 19:47:16,272 [BlockDeletingService#1] INFO  interfaces.ContainerDeletionChoosingPolicyTemplate (ContainerDeletionChoosingPolicyTemplate.java:chooseContainerForBlockDeletion(83)) - Chosen 0/5000 blocks from 0 candidate containers.
2023-07-26 19:47:16,372 [BlockDeletingService#0] INFO  interfaces.ContainerDeletionChoosingPolicyTemplate (ContainerDeletionChoosingPolicyTemplate.java:chooseContainerForBlockDeletion(83)) - Chosen 0/5000 blocks from 0 candidate containers.
2023-07-26 19:47:16,373 [BlockDeletingService#1] INFO  interfaces.ContainerDeletionChoosingPolicyTemplate (ContainerDeletionChoosingPolicyTemplate.java:chooseContainerForBlockDeletion(83)) - Chosen 0/5000 blocks from 0 candidate containers.
2023-07-26 19:47:16,404 [FixedThreadPoolWithAffinityExecutor-8-0] WARN  container.ContainerReportHandler (AbstractContainerReportHandler.java:updateContainerState(260)) - Container #1 is in OPEN state, but the datanode c33e49d7-aab4-4e8b-84a2-e80ab64b386a(fv-az465-709/10.1.0.48) reports an CLOSED replica.
2023-07-26 19:47:16,455 [grpc-default-executor-3] WARN  server.GrpcLogAppender (LogUtils.java:warn(122)) - 4099cb2b-2e2e-4151-9db7-f99ade631412@group-1C7129A268B6->cc71d3b4-cf6a-416c-96eb-6097e97a8fe1-AppendLogResponseHandler: Failed appendEntries: org.apache.ratis.thirdparty.io.grpc.StatusRuntimeException: UNAVAILABLE: io exception
2023-07-26 19:47:16,455 [grpc-default-executor-2] WARN  server.GrpcLogAppender (LogUtils.java:warn(122)) - 4099cb2b-2e2e-4151-9db7-f99ade631412@group-1C7129A268B6->cc71d3b4-cf6a-416c-96eb-6097e97a8fe1-AppendLogResponseHandler: Failed appendEntries: org.apache.ratis.thirdparty.io.grpc.StatusRuntimeException: UNAVAILABLE: io exception
2023-07-26 19:47:16,456 [grpc-default-executor-3] WARN  server.GrpcLogAppender (GrpcLogAppender.java:resetClient(128)) - 4099cb2b-2e2e-4151-9db7-f99ade631412@group-1C7129A268B6->cc71d3b4-cf6a-416c-96eb-6097e97a8fe1-GrpcLogAppender: Follower failed when matchIndex == 0,  keep nextIndex (6) unchanged and retry.
2023-07-26 19:47:16,458 [grpc-default-executor-2] WARN  server.GrpcLogAppender (GrpcLogAppender.java:resetClient(128)) - 4099cb2b-2e2e-4151-9db7-f99ade631412@group-1C7129A268B6->cc71d3b4-cf6a-416c-96eb-6097e97a8fe1-GrpcLogAppender: Follower failed when matchIndex == 0,  keep nextIndex (6) unchanged and retry.
2023-07-26 19:47:16,473 [BlockDeletingService#0] INFO  interfaces.ContainerDeletionChoosingPolicyTemplate (ContainerDeletionChoosingPolicyTemplate.java:chooseContainerForBlockDeletion(83)) - Chosen 0/5000 blocks from 0 candidate containers.
2023-07-26 19:47:16,473 [BlockDeletingService#1] INFO  interfaces.ContainerDeletionChoosingPolicyTemplate (ContainerDeletionChoosingPolicyTemplate.java:chooseContainerForBlockDeletion(83)) - Chosen 0/5000 blocks from 0 candidate containers.
2023-07-26 19:47:16,574 [BlockDeletingService#0] INFO  interfaces.ContainerDeletionChoosingPolicyTemplate (ContainerDeletionChoosingPolicyTemplate.java:chooseContainerForBlockDeletion(83)) - Chosen 0/5000 blocks from 0 candidate containers.
2023-07-26 19:47:16,574 [BlockDeletingService#1] INFO  interfaces.ContainerDeletionChoosingPolicyTemplate (ContainerDeletionChoosingPolicyTemplate.java:chooseContainerForBlockDeletion(83)) - Chosen 0/5000 blocks from 0 candidate containers.
2023-07-26 19:47:16,617 [FixedThreadPoolWithAffinityExecutor-0-0] WARN  container.ContainerReportHandler (AbstractContainerReportHandler.java:updateContainerState(260)) - Container #1 is in OPEN state, but the datanode 4099cb2b-2e2e-4151-9db7-f99ade631412(fv-az465-709/10.1.0.48) reports an CLOSED replica.
2023-07-26 19:47:16,674 [BlockDeletingService#0] INFO  interfaces.ContainerDeletionChoosingPolicyTemplate (ContainerDeletionChoosingPolicyTemplate.java:chooseContainerForBlockDeletion(83)) - Chosen 0/5000 blocks from 0 candidate containers.
2023-07-26 19:47:16,674 [BlockDeletingService#1] INFO  interfaces.ContainerDeletionChoosingPolicyTemplate (ContainerDeletionChoosingPolicyTemplate.java:chooseContainerForBlockDeletion(83)) - Chosen 0/5000 blocks from 0 candidate containers.
2023-07-26 19:47:16,704 [FixedThreadPoolWithAffinityExecutor-8-0] WARN  container.ContainerReportHandler (AbstractContainerReportHandler.java:updateContainerState(260)) - Container #1 is in OPEN state, but the datanode c33e49d7-aab4-4e8b-84a2-e80ab64b386a(fv-az465-709/10.1.0.48) reports an CLOSED replica.
2023-07-26 19:47:16,774 [BlockDeletingService#0] INFO  interfaces.ContainerDeletionChoosingPolicyTemplate (ContainerDeletionChoosingPolicyTemplate.java:chooseContainerForBlockDeletion(83)) - Chosen 0/5000 blocks from 0 candidate containers.
2023-07-26 19:47:16,774 [BlockDeletingService#1] INFO  interfaces.ContainerDeletionChoosingPolicyTemplate (ContainerDeletionChoosingPolicyTemplate.java:chooseContainerForBlockDeletion(83)) - Chosen 0/5000 blocks from 0 candidate containers.
2023-07-26 19:47:16,875 [BlockDeletingService#0] INFO  interfaces.ContainerDeletionChoosingPolicyTemplate (ContainerDeletionChoosingPolicyTemplate.java:chooseContainerForBlockDeletion(83)) - Chosen 0/5000 blocks from 0 candidate containers.
2023-07-26 19:47:16,875 [BlockDeletingService#1] INFO  interfaces.ContainerDeletionChoosingPolicyTemplate (ContainerDeletionChoosingPolicyTemplate.java:chooseContainerForBlockDeletion(83)) - Chosen 0/5000 blocks from 0 candidate containers.
2023-07-26 19:47:16,905 [FixedThreadPoolWithAffinityExecutor-8-0] WARN  container.ContainerReportHandler (AbstractContainerReportHandler.java:updateContainerState(260)) - Container #1 is in OPEN state, but the datanode c33e49d7-aab4-4e8b-84a2-e80ab64b386a(fv-az465-709/10.1.0.48) reports an CLOSED replica.
2023-07-26 19:47:16,918 [FixedThreadPoolWithAffinityExecutor-0-0] WARN  container.ContainerReportHandler (AbstractContainerReportHandler.java:updateContainerState(260)) - Container #1 is in OPEN state, but the datanode 4099cb2b-2e2e-4151-9db7-f99ade631412(fv-az465-709/10.1.0.48) reports an CLOSED replica.
2023-07-26 19:47:16,976 [BlockDeletingService#1] INFO  interfaces.ContainerDeletionChoosingPolicyTemplate (ContainerDeletionChoosingPolicyTemplate.java:chooseContainerForBlockDeletion(83)) - Chosen 0/5000 blocks from 0 candidate containers.
2023-07-26 19:47:16,976 [BlockDeletingService#0] INFO  interfaces.ContainerDeletionChoosingPolicyTemplate (ContainerDeletionChoosingPolicyTemplate.java:chooseContainerForBlockDeletion(83)) - Chosen 0/5000 blocks from 0 candidate containers.
2023-07-26 19:47:17,076 [BlockDeletingService#1] INFO  interfaces.ContainerDeletionChoosingPolicyTemplate (ContainerDeletionChoosingPolicyTemplate.java:chooseContainerForBlockDeletion(83)) - Chosen 0/5000 blocks from 0 candidate containers.
2023-07-26 19:47:17,076 [BlockDeletingService#0] INFO  interfaces.ContainerDeletionChoosingPolicyTemplate (ContainerDeletionChoosingPolicyTemplate.java:chooseContainerForBlockDeletion(83)) - Chosen 0/5000 blocks from 0 candidate containers.
2023-07-26 19:47:17,106 [FixedThreadPoolWithAffinityExecutor-8-0] WARN  container.ContainerReportHandler (AbstractContainerReportHandler.java:updateContainerState(260)) - Container #1 is in OPEN state, but the datanode c33e49d7-aab4-4e8b-84a2-e80ab64b386a(fv-az465-709/10.1.0.48) reports an CLOSED replica.
2023-07-26 19:47:17,177 [BlockDeletingService#1] INFO  interfaces.ContainerDeletionChoosingPolicyTemplate (ContainerDeletionChoosingPolicyTemplate.java:chooseContainerForBlockDeletion(83)) - Chosen 0/5000 blocks from 0 candidate containers.
2023-07-26 19:47:17,177 [BlockDeletingService#0] INFO  interfaces.ContainerDeletionChoosingPolicyTemplate (ContainerDeletionChoosingPolicyTemplate.java:chooseContainerForBlockDeletion(83)) - Chosen 0/5000 blocks from 0 candidate containers.
2023-07-26 19:47:17,218 [FixedThreadPoolWithAffinityExecutor-0-0] WARN  container.ContainerReportHandler (AbstractContainerReportHandler.java:updateContainerState(260)) - Container #1 is in OPEN state, but the datanode 4099cb2b-2e2e-4151-9db7-f99ade631412(fv-az465-709/10.1.0.48) reports an CLOSED replica.
2023-07-26 19:47:17,277 [BlockDeletingService#1] INFO  interfaces.ContainerDeletionChoosingPolicyTemplate (ContainerDeletionChoosingPolicyTemplate.java:chooseContainerForBlockDeletion(83)) - Chosen 0/5000 blocks from 0 candidate containers.
2023-07-26 19:47:17,278 [BlockDeletingService#0] INFO  interfaces.ContainerDeletionChoosingPolicyTemplate (ContainerDeletionChoosingPolicyTemplate.java:chooseContainerForBlockDeletion(83)) - Chosen 0/5000 blocks from 0 candidate containers.
2023-07-26 19:47:17,308 [FixedThreadPoolWithAffinityExecutor-8-0] WARN  container.ContainerReportHandler (AbstractContainerReportHandler.java:updateContainerState(260)) - Container #1 is in OPEN state, but the datanode c33e49d7-aab4-4e8b-84a2-e80ab64b386a(fv-az465-709/10.1.0.48) reports an CLOSED replica.
2023-07-26 19:47:17,378 [BlockDeletingService#1] INFO  interfaces.ContainerDeletionChoosingPolicyTemplate (ContainerDeletionChoosingPolicyTemplate.java:chooseContainerForBlockDeletion(83)) - Chosen 0/5000 blocks from 0 candidate containers.
2023-07-26 19:47:17,378 [BlockDeletingService#0] INFO  interfaces.ContainerDeletionChoosingPolicyTemplate (ContainerDeletionChoosingPolicyTemplate.java:chooseContainerForBlockDeletion(83)) - Chosen 0/5000 blocks from 0 candidate containers.
2023-07-26 19:47:17,478 [BlockDeletingService#1] INFO  interfaces.ContainerDeletionChoosingPolicyTemplate (ContainerDeletionChoosingPolicyTemplate.java:chooseContainerForBlockDeletion(83)) - Chosen 0/5000 blocks from 0 candidate containers.
2023-07-26 19:47:17,478 [BlockDeletingService#0] INFO  interfaces.ContainerDeletionChoosingPolicyTemplate (ContainerDeletionChoosingPolicyTemplate.java:chooseContainerForBlockDeletion(83)) - Chosen 0/5000 blocks from 0 candidate containers.
2023-07-26 19:47:17,578 [BlockDeletingService#1] INFO  interfaces.ContainerDeletionChoosingPolicyTemplate (ContainerDeletionChoosingPolicyTemplate.java:chooseContainerForBlockDeletion(83)) - Chosen 0/5000 blocks from 0 candidate containers.
2023-07-26 19:47:17,578 [BlockDeletingService#0] INFO  interfaces.ContainerDeletionChoosingPolicyTemplate (ContainerDeletionChoosingPolicyTemplate.java:chooseContainerForBlockDeletion(83)) - Chosen 0/5000 blocks from 0 candidate containers.
2023-07-26 19:47:17,609 [FixedThreadPoolWithAffinityExecutor-8-0] WARN  container.ContainerReportHandler (AbstractContainerReportHandler.java:updateContainerState(260)) - Container #1 is in OPEN state, but the datanode c33e49d7-aab4-4e8b-84a2-e80ab64b386a(fv-az465-709/10.1.0.48) reports an CLOSED replica.
2023-07-26 19:47:17,618 [FixedThreadPoolWithAffinityExecutor-0-0] WARN  container.ContainerReportHandler (AbstractContainerReportHandler.java:updateContainerState(260)) - Container #1 is in OPEN state, but the datanode 4099cb2b-2e2e-4151-9db7-f99ade631412(fv-az465-709/10.1.0.48) reports an CLOSED replica.
2023-07-26 19:47:17,679 [BlockDeletingService#1] INFO  interfaces.ContainerDeletionChoosingPolicyTemplate (ContainerDeletionChoosingPolicyTemplate.java:chooseContainerForBlockDeletion(83)) - Chosen 0/5000 blocks from 0 candidate containers.
2023-07-26 19:47:17,679 [BlockDeletingService#0] INFO  interfaces.ContainerDeletionChoosingPolicyTemplate (ContainerDeletionChoosingPolicyTemplate.java:chooseContainerForBlockDeletion(83)) - Chosen 0/5000 blocks from 0 candidate containers.
2023-07-26 19:47:17,706 [grpc-default-executor-2] WARN  server.GrpcLogAppender (LogUtils.java:warn(122)) - 4099cb2b-2e2e-4151-9db7-f99ade631412@group-1C7129A268B6->cc71d3b4-cf6a-416c-96eb-6097e97a8fe1-AppendLogResponseHandler: Failed appendEntries: org.apache.ratis.thirdparty.io.grpc.StatusRuntimeException: UNAVAILABLE: io exception
2023-07-26 19:47:17,706 [grpc-default-executor-3] WARN  server.GrpcLogAppender (LogUtils.java:warn(122)) - 4099cb2b-2e2e-4151-9db7-f99ade631412@group-1C7129A268B6->cc71d3b4-cf6a-416c-96eb-6097e97a8fe1-AppendLogResponseHandler: Failed appendEntries: org.apache.ratis.thirdparty.io.grpc.StatusRuntimeException: UNAVAILABLE: io exception
2023-07-26 19:47:17,707 [grpc-default-executor-2] WARN  server.GrpcLogAppender (GrpcLogAppender.java:resetClient(128)) - 4099cb2b-2e2e-4151-9db7-f99ade631412@group-1C7129A268B6->cc71d3b4-cf6a-416c-96eb-6097e97a8fe1-GrpcLogAppender: Follower failed when matchIndex == 0,  keep nextIndex (6) unchanged and retry.
2023-07-26 19:47:17,708 [grpc-default-executor-3] WARN  server.GrpcLogAppender (GrpcLogAppender.java:resetClient(128)) - 4099cb2b-2e2e-4151-9db7-f99ade631412@group-1C7129A268B6->cc71d3b4-cf6a-416c-96eb-6097e97a8fe1-GrpcLogAppender: Follower failed when matchIndex == 0,  keep nextIndex (6) unchanged and retry.
2023-07-26 19:47:17,779 [BlockDeletingService#1] INFO  interfaces.ContainerDeletionChoosingPolicyTemplate (ContainerDeletionChoosingPolicyTemplate.java:chooseContainerForBlockDeletion(83)) - Chosen 0/5000 blocks from 0 candidate containers.
2023-07-26 19:47:17,779 [BlockDeletingService#0] INFO  interfaces.ContainerDeletionChoosingPolicyTemplate (ContainerDeletionChoosingPolicyTemplate.java:chooseContainerForBlockDeletion(83)) - Chosen 0/5000 blocks from 0 candidate containers.
2023-07-26 19:47:17,810 [FixedThreadPoolWithAffinityExecutor-8-0] WARN  container.ContainerReportHandler (AbstractContainerReportHandler.java:updateContainerState(260)) - Container #1 is in OPEN state, but the datanode c33e49d7-aab4-4e8b-84a2-e80ab64b386a(fv-az465-709/10.1.0.48) reports an CLOSED replica.
2023-07-26 19:47:17,880 [BlockDeletingService#1] INFO  interfaces.ContainerDeletionChoosingPolicyTemplate (ContainerDeletionChoosingPolicyTemplate.java:chooseContainerForBlockDeletion(83)) - Chosen 0/5000 blocks from 0 candidate containers.
2023-07-26 19:47:17,880 [BlockDeletingService#0] INFO  interfaces.ContainerDeletionChoosingPolicyTemplate (ContainerDeletionChoosingPolicyTemplate.java:chooseContainerForBlockDeletion(83)) - Chosen 0/5000 blocks from 0 candidate containers.
2023-07-26 19:47:17,918 [FixedThreadPoolWithAffinityExecutor-0-0] WARN  container.ContainerReportHandler (AbstractContainerReportHandler.java:updateContainerState(260)) - Container #1 is in OPEN state, but the datanode 4099cb2b-2e2e-4151-9db7-f99ade631412(fv-az465-709/10.1.0.48) reports an CLOSED replica.
2023-07-26 19:47:17,980 [BlockDeletingService#1] INFO  interfaces.ContainerDeletionChoosingPolicyTemplate (ContainerDeletionChoosingPolicyTemplate.java:chooseContainerForBlockDeletion(83)) - Chosen 0/5000 blocks from 0 candidate containers.
2023-07-26 19:47:17,980 [BlockDeletingService#0] INFO  interfaces.ContainerDeletionChoosingPolicyTemplate (ContainerDeletionChoosingPolicyTemplate.java:chooseContainerForBlockDeletion(83)) - Chosen 0/5000 blocks from 0 candidate containers.
2023-07-26 19:47:18,010 [FixedThreadPoolWithAffinityExecutor-8-0] WARN  container.ContainerReportHandler (AbstractContainerReportHandler.java:updateContainerState(260)) - Container #1 is in OPEN state, but the datanode c33e49d7-aab4-4e8b-84a2-e80ab64b386a(fv-az465-709/10.1.0.48) reports an CLOSED replica.
2023-07-26 19:47:18,081 [BlockDeletingService#1] INFO  interfaces.ContainerDeletionChoosingPolicyTemplate (ContainerDeletionChoosingPolicyTemplate.java:chooseContainerForBlockDeletion(83)) - Chosen 0/5000 blocks from 0 candidate containers.
2023-07-26 19:47:18,081 [BlockDeletingService#0] INFO  interfaces.ContainerDeletionChoosingPolicyTemplate (ContainerDeletionChoosingPolicyTemplate.java:chooseContainerForBlockDeletion(83)) - Chosen 0/5000 blocks from 0 candidate containers.
2023-07-26 19:47:18,181 [BlockDeletingService#1] INFO  interfaces.ContainerDeletionChoosingPolicyTemplate (ContainerDeletionChoosingPolicyTemplate.java:chooseContainerForBlockDeletion(83)) - Chosen 0/5000 blocks from 0 candidate containers.
2023-07-26 19:47:18,181 [BlockDeletingService#0] INFO  interfaces.ContainerDeletionChoosingPolicyTemplate (ContainerDeletionChoosingPolicyTemplate.java:chooseContainerForBlockDeletion(83)) - Chosen 0/5000 blocks from 0 candidate containers.
2023-07-26 19:47:18,281 [BlockDeletingService#1] INFO  interfaces.ContainerDeletionChoosingPolicyTemplate (ContainerDeletionChoosingPolicyTemplate.java:chooseContainerForBlockDeletion(83)) - Chosen 0/5000 blocks from 0 candidate containers.
2023-07-26 19:47:18,281 [BlockDeletingService#0] INFO  interfaces.ContainerDeletionChoosingPolicyTemplate (ContainerDeletionChoosingPolicyTemplate.java:chooseContainerForBlockDeletion(83)) - Chosen 0/5000 blocks from 0 candidate containers.
2023-07-26 19:47:18,315 [FixedThreadPoolWithAffinityExecutor-8-0] WARN  container.ContainerReportHandler (AbstractContainerReportHandler.java:updateContainerState(260)) - Container #1 is in OPEN state, but the datanode c33e49d7-aab4-4e8b-84a2-e80ab64b386a(fv-az465-709/10.1.0.48) reports an CLOSED replica.
2023-07-26 19:47:18,321 [FixedThreadPoolWithAffinityExecutor-0-0] WARN  container.ContainerReportHandler (AbstractContainerReportHandler.java:updateContainerState(260)) - Container #1 is in OPEN state, but the datanode 4099cb2b-2e2e-4151-9db7-f99ade631412(fv-az465-709/10.1.0.48) reports an CLOSED replica.
2023-07-26 19:47:18,382 [BlockDeletingService#1] INFO  interfaces.ContainerDeletionChoosingPolicyTemplate (ContainerDeletionChoosingPolicyTemplate.java:chooseContainerForBlockDeletion(83)) - Chosen 0/5000 blocks from 0 candidate containers.
2023-07-26 19:47:18,382 [BlockDeletingService#0] INFO  interfaces.ContainerDeletionChoosingPolicyTemplate (ContainerDeletionChoosingPolicyTemplate.java:chooseContainerForBlockDeletion(83)) - Chosen 0/5000 blocks from 0 candidate containers.
2023-07-26 19:47:18,482 [BlockDeletingService#1] INFO  interfaces.ContainerDeletionChoosingPolicyTemplate (ContainerDeletionChoosingPolicyTemplate.java:chooseContainerForBlockDeletion(83)) - Chosen 0/5000 blocks from 0 candidate containers.
2023-07-26 19:47:18,482 [BlockDeletingService#0] INFO  interfaces.ContainerDeletionChoosingPolicyTemplate (ContainerDeletionChoosingPolicyTemplate.java:chooseContainerForBlockDeletion(83)) - Chosen 0/5000 blocks from 0 candidate containers.
2023-07-26 19:47:18,511 [FixedThreadPoolWithAffinityExecutor-8-0] WARN  container.ContainerReportHandler (AbstractContainerReportHandler.java:updateContainerState(260)) - Container #1 is in OPEN state, but the datanode c33e49d7-aab4-4e8b-84a2-e80ab64b386a(fv-az465-709/10.1.0.48) reports an CLOSED replica.
2023-07-26 19:47:18,583 [BlockDeletingService#0] INFO  interfaces.ContainerDeletionChoosingPolicyTemplate (ContainerDeletionChoosingPolicyTemplate.java:chooseContainerForBlockDeletion(83)) - Chosen 0/5000 blocks from 0 candidate containers.
2023-07-26 19:47:18,584 [BlockDeletingService#1] INFO  interfaces.ContainerDeletionChoosingPolicyTemplate (ContainerDeletionChoosingPolicyTemplate.java:chooseContainerForBlockDeletion(83)) - Chosen 0/5000 blocks from 0 candidate containers.
2023-07-26 19:47:18,622 [FixedThreadPoolWithAffinityExecutor-0-0] WARN  container.ContainerReportHandler (AbstractContainerReportHandler.java:updateContainerState(260)) - Container #1 is in OPEN state, but the datanode 4099cb2b-2e2e-4151-9db7-f99ade631412(fv-az465-709/10.1.0.48) reports an CLOSED replica.
2023-07-26 19:47:18,683 [BlockDeletingService#0] INFO  interfaces.ContainerDeletionChoosingPolicyTemplate (ContainerDeletionChoosingPolicyTemplate.java:chooseContainerForBlockDeletion(83)) - Chosen 0/5000 blocks from 0 candidate containers.
2023-07-26 19:47:18,684 [BlockDeletingService#1] INFO  interfaces.ContainerDeletionChoosingPolicyTemplate (ContainerDeletionChoosingPolicyTemplate.java:chooseContainerForBlockDeletion(83)) - Chosen 0/5000 blocks from 0 candidate containers.
2023-07-26 19:47:18,711 [FixedThreadPoolWithAffinityExecutor-8-0] WARN  container.ContainerReportHandler (AbstractContainerReportHandler.java:updateContainerState(260)) - Container #1 is in OPEN state, but the datanode c33e49d7-aab4-4e8b-84a2-e80ab64b386a(fv-az465-709/10.1.0.48) reports an CLOSED replica.
2023-07-26 19:47:18,783 [BlockDeletingService#0] INFO  interfaces.ContainerDeletionChoosingPolicyTemplate (ContainerDeletionChoosingPolicyTemplate.java:chooseContainerForBlockDeletion(83)) - Chosen 0/5000 blocks from 0 candidate containers.
2023-07-26 19:47:18,785 [BlockDeletingService#1] INFO  interfaces.ContainerDeletionChoosingPolicyTemplate (ContainerDeletionChoosingPolicyTemplate.java:chooseContainerForBlockDeletion(83)) - Chosen 0/5000 blocks from 0 candidate containers.
2023-07-26 19:47:18,884 [BlockDeletingService#0] INFO  interfaces.ContainerDeletionChoosingPolicyTemplate (ContainerDeletionChoosingPolicyTemplate.java:chooseContainerForBlockDeletion(83)) - Chosen 0/5000 blocks from 0 candidate containers.
2023-07-26 19:47:18,886 [BlockDeletingService#1] INFO  interfaces.ContainerDeletionChoosingPolicyTemplate (ContainerDeletionChoosingPolicyTemplate.java:chooseContainerForBlockDeletion(83)) - Chosen 0/5000 blocks from 0 candidate containers.
2023-07-26 19:47:18,957 [grpc-default-executor-3] WARN  server.GrpcLogAppender (LogUtils.java:warn(122)) - 4099cb2b-2e2e-4151-9db7-f99ade631412@group-1C7129A268B6->cc71d3b4-cf6a-416c-96eb-6097e97a8fe1-AppendLogResponseHandler: Failed appendEntries: org.apache.ratis.thirdparty.io.grpc.StatusRuntimeException: UNAVAILABLE: io exception
2023-07-26 19:47:18,957 [grpc-default-executor-2] WARN  server.GrpcLogAppender (LogUtils.java:warn(122)) - 4099cb2b-2e2e-4151-9db7-f99ade631412@group-1C7129A268B6->cc71d3b4-cf6a-416c-96eb-6097e97a8fe1-AppendLogResponseHandler: Failed appendEntries: org.apache.ratis.thirdparty.io.grpc.StatusRuntimeException: UNAVAILABLE: io exception
2023-07-26 19:47:18,958 [grpc-default-executor-3] WARN  server.GrpcLogAppender (GrpcLogAppender.java:resetClient(128)) - 4099cb2b-2e2e-4151-9db7-f99ade631412@group-1C7129A268B6->cc71d3b4-cf6a-416c-96eb-6097e97a8fe1-GrpcLogAppender: Follower failed when matchIndex == 0,  keep nextIndex (6) unchanged and retry.
2023-07-26 19:47:18,960 [grpc-default-executor-2] WARN  server.GrpcLogAppender (GrpcLogAppender.java:resetClient(128)) - 4099cb2b-2e2e-4151-9db7-f99ade631412@group-1C7129A268B6->cc71d3b4-cf6a-416c-96eb-6097e97a8fe1-GrpcLogAppender: Follower failed when matchIndex == 0,  keep nextIndex (6) unchanged and retry.
2023-07-26 19:47:18,984 [BlockDeletingService#0] INFO  interfaces.ContainerDeletionChoosingPolicyTemplate (ContainerDeletionChoosingPolicyTemplate.java:chooseContainerForBlockDeletion(83)) - Chosen 0/5000 blocks from 0 candidate containers.
2023-07-26 19:47:18,986 [BlockDeletingService#1] INFO  interfaces.ContainerDeletionChoosingPolicyTemplate (ContainerDeletionChoosingPolicyTemplate.java:chooseContainerForBlockDeletion(83)) - Chosen 0/5000 blocks from 0 candidate containers.
2023-07-26 19:47:19,012 [FixedThreadPoolWithAffinityExecutor-8-0] WARN  container.ContainerReportHandler (AbstractContainerReportHandler.java:updateContainerState(260)) - Container #1 is in OPEN state, but the datanode c33e49d7-aab4-4e8b-84a2-e80ab64b386a(fv-az465-709/10.1.0.48) reports an CLOSED replica.
2023-07-26 19:47:19,017 [FixedThreadPoolWithAffinityExecutor-0-0] WARN  container.ContainerReportHandler (AbstractContainerReportHandler.java:updateContainerState(260)) - Container #1 is in OPEN state, but the datanode 4099cb2b-2e2e-4151-9db7-f99ade631412(fv-az465-709/10.1.0.48) reports an CLOSED replica.
2023-07-26 19:47:19,085 [BlockDeletingService#0] INFO  interfaces.ContainerDeletionChoosingPolicyTemplate (ContainerDeletionChoosingPolicyTemplate.java:chooseContainerForBlockDeletion(83)) - Chosen 0/5000 blocks from 0 candidate containers.
2023-07-26 19:47:19,086 [BlockDeletingService#1] INFO  interfaces.ContainerDeletionChoosingPolicyTemplate (ContainerDeletionChoosingPolicyTemplate.java:chooseContainerForBlockDeletion(83)) - Chosen 0/5000 blocks from 0 candidate containers.
2023-07-26 19:47:19,185 [BlockDeletingService#0] INFO  interfaces.ContainerDeletionChoosingPolicyTemplate (ContainerDeletionChoosingPolicyTemplate.java:chooseContainerForBlockDeletion(83)) - Chosen 0/5000 blocks from 0 candidate containers.
2023-07-26 19:47:19,186 [BlockDeletingService#1] INFO  interfaces.ContainerDeletionChoosingPolicyTemplate (ContainerDeletionChoosingPolicyTemplate.java:chooseContainerForBlockDeletion(83)) - Chosen 0/5000 blocks from 0 candidate containers.
2023-07-26 19:47:19,213 [FixedThreadPoolWithAffinityExecutor-8-0] WARN  container.ContainerReportHandler (AbstractContainerReportHandler.java:updateContainerState(260)) - Container #1 is in OPEN state, but the datanode c33e49d7-aab4-4e8b-84a2-e80ab64b386a(fv-az465-709/10.1.0.48) reports an CLOSED replica.
2023-07-26 19:47:19,285 [BlockDeletingService#0] INFO  interfaces.ContainerDeletionChoosingPolicyTemplate (ContainerDeletionChoosingPolicyTemplate.java:chooseContainerForBlockDeletion(83)) - Chosen 0/5000 blocks from 0 candidate containers.
2023-07-26 19:47:19,287 [BlockDeletingService#1] INFO  interfaces.ContainerDeletionChoosingPolicyTemplate (ContainerDeletionChoosingPolicyTemplate.java:chooseContainerForBlockDeletion(83)) - Chosen 0/5000 blocks from 0 candidate containers.
2023-07-26 19:47:19,317 [FixedThreadPoolWithAffinityExecutor-0-0] WARN  container.ContainerReportHandler (AbstractContainerReportHandler.java:updateContainerState(260)) - Container #1 is in OPEN state, but the datanode 4099cb2b-2e2e-4151-9db7-f99ade631412(fv-az465-709/10.1.0.48) reports an CLOSED replica.
2023-07-26 19:47:19,386 [BlockDeletingService#0] INFO  interfaces.ContainerDeletionChoosingPolicyTemplate (ContainerDeletionChoosingPolicyTemplate.java:chooseContainerForBlockDeletion(83)) - Chosen 0/5000 blocks from 0 candidate containers.
2023-07-26 19:47:19,387 [BlockDeletingService#1] INFO  interfaces.ContainerDeletionChoosingPolicyTemplate (ContainerDeletionChoosingPolicyTemplate.java:chooseContainerForBlockDeletion(83)) - Chosen 0/5000 blocks from 0 candidate containers.
2023-07-26 19:47:19,414 [FixedThreadPoolWithAffinityExecutor-8-0] WARN  container.ContainerReportHandler (AbstractContainerReportHandler.java:updateContainerState(260)) - Container #1 is in OPEN state, but the datanode c33e49d7-aab4-4e8b-84a2-e80ab64b386a(fv-az465-709/10.1.0.48) reports an CLOSED replica.
2023-07-26 19:47:19,487 [BlockDeletingService#0] INFO  interfaces.ContainerDeletionChoosingPolicyTemplate (ContainerDeletionChoosingPolicyTemplate.java:chooseContainerForBlockDeletion(83)) - Chosen 0/5000 blocks from 0 candidate containers.
2023-07-26 19:47:19,487 [BlockDeletingService#1] INFO  interfaces.ContainerDeletionChoosingPolicyTemplate (ContainerDeletionChoosingPolicyTemplate.java:chooseContainerForBlockDeletion(83)) - Chosen 0/5000 blocks from 0 candidate containers.
2023-07-26 19:47:19,587 [BlockDeletingService#0] INFO  interfaces.ContainerDeletionChoosingPolicyTemplate (ContainerDeletionChoosingPolicyTemplate.java:chooseContainerForBlockDeletion(83)) - Chosen 0/5000 blocks from 0 candidate containers.
2023-07-26 19:47:19,587 [BlockDeletingService#1] INFO  interfaces.ContainerDeletionChoosingPolicyTemplate (ContainerDeletionChoosingPolicyTemplate.java:chooseContainerForBlockDeletion(83)) - Chosen 0/5000 blocks from 0 candidate containers.
2023-07-26 19:47:19,618 [FixedThreadPoolWithAffinityExecutor-0-0] WARN  container.ContainerReportHandler (AbstractContainerReportHandler.java:updateContainerState(260)) - Container #1 is in OPEN state, but the datanode 4099cb2b-2e2e-4151-9db7-f99ade631412(fv-az465-709/10.1.0.48) reports an CLOSED replica.
2023-07-26 19:47:19,688 [BlockDeletingService#0] INFO  interfaces.ContainerDeletionChoosingPolicyTemplate (ContainerDeletionChoosingPolicyTemplate.java:chooseContainerForBlockDeletion(83)) - Chosen 0/5000 blocks from 0 candidate containers.
2023-07-26 19:47:19,688 [BlockDeletingService#1] INFO  interfaces.ContainerDeletionChoosingPolicyTemplate (ContainerDeletionChoosingPolicyTemplate.java:chooseContainerForBlockDeletion(83)) - Chosen 0/5000 blocks from 0 candidate containers.
2023-07-26 19:47:19,714 [FixedThreadPoolWithAffinityExecutor-8-0] WARN  container.ContainerReportHandler (AbstractContainerReportHandler.java:updateContainerState(260)) - Container #1 is in OPEN state, but the datanode c33e49d7-aab4-4e8b-84a2-e80ab64b386a(fv-az465-709/10.1.0.48) reports an CLOSED replica.
2023-07-26 19:47:19,788 [BlockDeletingService#0] INFO  interfaces.ContainerDeletionChoosingPolicyTemplate (ContainerDeletionChoosingPolicyTemplate.java:chooseContainerForBlockDeletion(83)) - Chosen 0/5000 blocks from 0 candidate containers.
2023-07-26 19:47:19,788 [BlockDeletingService#1] INFO  interfaces.ContainerDeletionChoosingPolicyTemplate (ContainerDeletionChoosingPolicyTemplate.java:chooseContainerForBlockDeletion(83)) - Chosen 0/5000 blocks from 0 candidate containers.
2023-07-26 19:47:19,888 [BlockDeletingService#0] INFO  interfaces.ContainerDeletionChoosingPolicyTemplate (ContainerDeletionChoosingPolicyTemplate.java:chooseContainerForBlockDeletion(83)) - Chosen 0/5000 blocks from 0 candidate containers.
2023-07-26 19:47:19,888 [BlockDeletingService#1] INFO  interfaces.ContainerDeletionChoosingPolicyTemplate (ContainerDeletionChoosingPolicyTemplate.java:chooseContainerForBlockDeletion(83)) - Chosen 0/5000 blocks from 0 candidate containers.
2023-07-26 19:47:19,914 [FixedThreadPoolWithAffinityExecutor-8-0] WARN  container.ContainerReportHandler (AbstractContainerReportHandler.java:updateContainerState(260)) - Container #1 is in OPEN state, but the datanode c33e49d7-aab4-4e8b-84a2-e80ab64b386a(fv-az465-709/10.1.0.48) reports an CLOSED replica.
2023-07-26 19:47:19,989 [BlockDeletingService#0] INFO  interfaces.ContainerDeletionChoosingPolicyTemplate (ContainerDeletionChoosingPolicyTemplate.java:chooseContainerForBlockDeletion(83)) - Chosen 0/5000 blocks from 0 candidate containers.
2023-07-26 19:47:19,989 [BlockDeletingService#1] INFO  interfaces.ContainerDeletionChoosingPolicyTemplate (ContainerDeletionChoosingPolicyTemplate.java:chooseContainerForBlockDeletion(83)) - Chosen 0/5000 blocks from 0 candidate containers.
2023-07-26 19:47:20,017 [FixedThreadPoolWithAffinityExecutor-0-0] WARN  container.ContainerReportHandler (AbstractContainerReportHandler.java:updateContainerState(260)) - Container #1 is in OPEN state, but the datanode 4099cb2b-2e2e-4151-9db7-f99ade631412(fv-az465-709/10.1.0.48) reports an CLOSED replica.
2023-07-26 19:47:20,089 [BlockDeletingService#0] INFO  interfaces.ContainerDeletionChoosingPolicyTemplate (ContainerDeletionChoosingPolicyTemplate.java:chooseContainerForBlockDeletion(83)) - Chosen 0/5000 blocks from 0 candidate containers.
2023-07-26 19:47:20,089 [BlockDeletingService#1] INFO  interfaces.ContainerDeletionChoosingPolicyTemplate (ContainerDeletionChoosingPolicyTemplate.java:chooseContainerForBlockDeletion(83)) - Chosen 0/5000 blocks from 0 candidate containers.
2023-07-26 19:47:20,114 [FixedThreadPoolWithAffinityExecutor-8-0] WARN  container.ContainerReportHandler (AbstractContainerReportHandler.java:updateContainerState(260)) - Container #1 is in OPEN state, but the datanode c33e49d7-aab4-4e8b-84a2-e80ab64b386a(fv-az465-709/10.1.0.48) reports an CLOSED replica.
2023-07-26 19:47:20,189 [BlockDeletingService#0] INFO  interfaces.ContainerDeletionChoosingPolicyTemplate (ContainerDeletionChoosingPolicyTemplate.java:chooseContainerForBlockDeletion(83)) - Chosen 0/5000 blocks from 0 candidate containers.
2023-07-26 19:47:20,189 [BlockDeletingService#1] INFO  interfaces.ContainerDeletionChoosingPolicyTemplate (ContainerDeletionChoosingPolicyTemplate.java:chooseContainerForBlockDeletion(83)) - Chosen 0/5000 blocks from 0 candidate containers.
2023-07-26 19:47:20,207 [grpc-default-executor-2] WARN  server.GrpcLogAppender (LogUtils.java:warn(122)) - 4099cb2b-2e2e-4151-9db7-f99ade631412@group-1C7129A268B6->cc71d3b4-cf6a-416c-96eb-6097e97a8fe1-AppendLogResponseHandler: Failed appendEntries: org.apache.ratis.thirdparty.io.grpc.StatusRuntimeException: UNAVAILABLE: io exception
2023-07-26 19:47:20,209 [grpc-default-executor-2] WARN  server.GrpcLogAppender (GrpcLogAppender.java:resetClient(128)) - 4099cb2b-2e2e-4151-9db7-f99ade631412@group-1C7129A268B6->cc71d3b4-cf6a-416c-96eb-6097e97a8fe1-GrpcLogAppender: Follower failed when matchIndex == 0,  keep nextIndex (6) unchanged and retry.
2023-07-26 19:47:20,209 [grpc-default-executor-3] WARN  server.GrpcLogAppender (LogUtils.java:warn(122)) - 4099cb2b-2e2e-4151-9db7-f99ade631412@group-1C7129A268B6->cc71d3b4-cf6a-416c-96eb-6097e97a8fe1-AppendLogResponseHandler: Failed appendEntries: org.apache.ratis.thirdparty.io.grpc.StatusRuntimeException: UNAVAILABLE: io exception
2023-07-26 19:47:20,209 [grpc-default-executor-3] WARN  server.GrpcLogAppender (GrpcLogAppender.java:resetClient(128)) - 4099cb2b-2e2e-4151-9db7-f99ade631412@group-1C7129A268B6->cc71d3b4-cf6a-416c-96eb-6097e97a8fe1-GrpcLogAppender: Follower failed when matchIndex == 0,  keep nextIndex (6) unchanged and retry.
2023-07-26 19:47:20,290 [BlockDeletingService#0] INFO  interfaces.ContainerDeletionChoosingPolicyTemplate (ContainerDeletionChoosingPolicyTemplate.java:chooseContainerForBlockDeletion(83)) - Chosen 0/5000 blocks from 0 candidate containers.
2023-07-26 19:47:20,290 [BlockDeletingService#1] INFO  interfaces.ContainerDeletionChoosingPolicyTemplate (ContainerDeletionChoosingPolicyTemplate.java:chooseContainerForBlockDeletion(83)) - Chosen 0/5000 blocks from 0 candidate containers.
2023-07-26 19:47:20,317 [FixedThreadPoolWithAffinityExecutor-8-0] WARN  container.ContainerReportHandler (AbstractContainerReportHandler.java:updateContainerState(260)) - Container #1 is in OPEN state, but the datanode c33e49d7-aab4-4e8b-84a2-e80ab64b386a(fv-az465-709/10.1.0.48) reports an CLOSED replica.
2023-07-26 19:47:20,318 [FixedThreadPoolWithAffinityExecutor-0-0] WARN  container.ContainerReportHandler (AbstractContainerReportHandler.java:updateContainerState(260)) - Container #1 is in OPEN state, but the datanode 4099cb2b-2e2e-4151-9db7-f99ade631412(fv-az465-709/10.1.0.48) reports an CLOSED replica.
2023-07-26 19:47:20,390 [BlockDeletingService#0] INFO  interfaces.ContainerDeletionChoosingPolicyTemplate (ContainerDeletionChoosingPolicyTemplate.java:chooseContainerForBlockDeletion(83)) - Chosen 0/5000 blocks from 0 candidate containers.
2023-07-26 19:47:20,390 [BlockDeletingService#1] INFO  interfaces.ContainerDeletionChoosingPolicyTemplate (ContainerDeletionChoosingPolicyTemplate.java:chooseContainerForBlockDeletion(83)) - Chosen 0/5000 blocks from 0 candidate containers.
2023-07-26 19:47:20,491 [BlockDeletingService#0] INFO  interfaces.ContainerDeletionChoosingPolicyTemplate (ContainerDeletionChoosingPolicyTemplate.java:chooseContainerForBlockDeletion(83)) - Chosen 0/5000 blocks from 0 candidate containers.
2023-07-26 19:47:20,491 [BlockDeletingService#1] INFO  interfaces.ContainerDeletionChoosingPolicyTemplate (ContainerDeletionChoosingPolicyTemplate.java:chooseContainerForBlockDeletion(83)) - Chosen 0/5000 blocks from 0 candidate containers.
2023-07-26 19:47:20,591 [BlockDeletingService#0] INFO  interfaces.ContainerDeletionChoosingPolicyTemplate (ContainerDeletionChoosingPolicyTemplate.java:chooseContainerForBlockDeletion(83)) - Chosen 0/5000 blocks from 0 candidate containers.
2023-07-26 19:47:20,591 [BlockDeletingService#1] INFO  interfaces.ContainerDeletionChoosingPolicyTemplate (ContainerDeletionChoosingPolicyTemplate.java:chooseContainerForBlockDeletion(83)) - Chosen 0/5000 blocks from 0 candidate containers.
2023-07-26 19:47:20,616 [FixedThreadPoolWithAffinityExecutor-8-0] WARN  container.ContainerReportHandler (AbstractContainerReportHandler.java:updateContainerState(260)) - Container #1 is in OPEN state, but the datanode c33e49d7-aab4-4e8b-84a2-e80ab64b386a(fv-az465-709/10.1.0.48) reports an CLOSED replica.
2023-07-26 19:47:20,691 [BlockDeletingService#0] INFO  interfaces.ContainerDeletionChoosingPolicyTemplate (ContainerDeletionChoosingPolicyTemplate.java:chooseContainerForBlockDeletion(83)) - Chosen 0/5000 blocks from 0 candidate containers.
2023-07-26 19:47:20,691 [BlockDeletingService#1] INFO  interfaces.ContainerDeletionChoosingPolicyTemplate (ContainerDeletionChoosingPolicyTemplate.java:chooseContainerForBlockDeletion(83)) - Chosen 0/5000 blocks from 0 candidate containers.
2023-07-26 19:47:20,717 [FixedThreadPoolWithAffinityExecutor-0-0] WARN  container.ContainerReportHandler (AbstractContainerReportHandler.java:updateContainerState(260)) - Container #1 is in OPEN state, but the datanode 4099cb2b-2e2e-4151-9db7-f99ade631412(fv-az465-709/10.1.0.48) reports an CLOSED replica.
2023-07-26 19:47:20,792 [BlockDeletingService#0] INFO  interfaces.ContainerDeletionChoosingPolicyTemplate (ContainerDeletionChoosingPolicyTemplate.java:chooseContainerForBlockDeletion(83)) - Chosen 0/5000 blocks from 0 candidate containers.
2023-07-26 19:47:20,792 [BlockDeletingService#1] INFO  interfaces.ContainerDeletionChoosingPolicyTemplate (ContainerDeletionChoosingPolicyTemplate.java:chooseContainerForBlockDeletion(83)) - Chosen 0/5000 blocks from 0 candidate containers.
2023-07-26 19:47:20,818 [FixedThreadPoolWithAffinityExecutor-8-0] WARN  container.ContainerReportHandler (AbstractContainerReportHandler.java:updateContainerState(260)) - Container #1 is in OPEN state, but the datanode c33e49d7-aab4-4e8b-84a2-e80ab64b386a(fv-az465-709/10.1.0.48) reports an CLOSED replica.
2023-07-26 19:47:20,892 [BlockDeletingService#0] INFO  interfaces.ContainerDeletionChoosingPolicyTemplate (ContainerDeletionChoosingPolicyTemplate.java:chooseContainerForBlockDeletion(83)) - Chosen 0/5000 blocks from 0 candidate containers.
2023-07-26 19:47:20,892 [BlockDeletingService#1] INFO  interfaces.ContainerDeletionChoosingPolicyTemplate (ContainerDeletionChoosingPolicyTemplate.java:chooseContainerForBlockDeletion(83)) - Chosen 0/5000 blocks from 0 candidate containers.
2023-07-26 19:47:20,992 [BlockDeletingService#0] INFO  interfaces.ContainerDeletionChoosingPolicyTemplate (ContainerDeletionChoosingPolicyTemplate.java:chooseContainerForBlockDeletion(83)) - Chosen 0/5000 blocks from 0 candidate containers.
2023-07-26 19:47:20,995 [BlockDeletingService#1] INFO  interfaces.ContainerDeletionChoosingPolicyTemplate (ContainerDeletionChoosingPolicyTemplate.java:chooseContainerForBlockDeletion(83)) - Chosen 0/5000 blocks from 0 candidate containers.
2023-07-26 19:47:21,017 [FixedThreadPoolWithAffinityExecutor-8-0] WARN  container.ContainerReportHandler (AbstractContainerReportHandler.java:updateContainerState(260)) - Container #1 is in OPEN state, but the datanode c33e49d7-aab4-4e8b-84a2-e80ab64b386a(fv-az465-709/10.1.0.48) reports an CLOSED replica.
2023-07-26 19:47:21,019 [FixedThreadPoolWithAffinityExecutor-0-0] WARN  container.ContainerReportHandler (AbstractContainerReportHandler.java:updateContainerState(260)) - Container #1 is in OPEN state, but the datanode 4099cb2b-2e2e-4151-9db7-f99ade631412(fv-az465-709/10.1.0.48) reports an CLOSED replica.
2023-07-26 19:47:21,093 [BlockDeletingService#0] INFO  interfaces.ContainerDeletionChoosingPolicyTemplate (ContainerDeletionChoosingPolicyTemplate.java:chooseContainerForBlockDeletion(83)) - Chosen 0/5000 blocks from 0 candidate containers.
2023-07-26 19:47:21,095 [BlockDeletingService#1] INFO  interfaces.ContainerDeletionChoosingPolicyTemplate (ContainerDeletionChoosingPolicyTemplate.java:chooseContainerForBlockDeletion(83)) - Chosen 0/5000 blocks from 0 candidate containers.
2023-07-26 19:47:21,193 [BlockDeletingService#0] INFO  interfaces.ContainerDeletionChoosingPolicyTemplate (ContainerDeletionChoosingPolicyTemplate.java:chooseContainerForBlockDeletion(83)) - Chosen 0/5000 blocks from 0 candidate containers.
2023-07-26 19:47:21,195 [BlockDeletingService#9] INFO  interfaces.ContainerDeletionChoosingPolicyTemplate (ContainerDeletionChoosingPolicyTemplate.java:chooseContainerForBlockDeletion(83)) - Chosen 0/5000 blocks from 0 candidate containers.
2023-07-26 19:47:21,294 [BlockDeletingService#0] INFO  interfaces.ContainerDeletionChoosingPolicyTemplate (ContainerDeletionChoosingPolicyTemplate.java:chooseContainerForBlockDeletion(83)) - Chosen 0/5000 blocks from 0 candidate containers.
2023-07-26 19:47:21,296 [BlockDeletingService#9] INFO  interfaces.ContainerDeletionChoosingPolicyTemplate (ContainerDeletionChoosingPolicyTemplate.java:chooseContainerForBlockDeletion(83)) - Chosen 0/5000 blocks from 0 candidate containers.
2023-07-26 19:47:21,318 [FixedThreadPoolWithAffinityExecutor-8-0] WARN  container.ContainerReportHandler (AbstractContainerReportHandler.java:updateContainerState(260)) - Container #1 is in OPEN state, but the datanode c33e49d7-aab4-4e8b-84a2-e80ab64b386a(fv-az465-709/10.1.0.48) reports an CLOSED replica.
2023-07-26 19:47:21,318 [FixedThreadPoolWithAffinityExecutor-0-0] WARN  container.ContainerReportHandler (AbstractContainerReportHandler.java:updateContainerState(260)) - Container #1 is in OPEN state, but the datanode 4099cb2b-2e2e-4151-9db7-f99ade631412(fv-az465-709/10.1.0.48) reports an CLOSED replica.
2023-07-26 19:47:21,394 [BlockDeletingService#0] INFO  interfaces.ContainerDeletionChoosingPolicyTemplate (ContainerDeletionChoosingPolicyTemplate.java:chooseContainerForBlockDeletion(83)) - Chosen 0/5000 blocks from 0 candidate containers.
2023-07-26 19:47:21,397 [BlockDeletingService#9] INFO  interfaces.ContainerDeletionChoosingPolicyTemplate (ContainerDeletionChoosingPolicyTemplate.java:chooseContainerForBlockDeletion(83)) - Chosen 0/5000 blocks from 0 candidate containers.
2023-07-26 19:47:21,458 [grpc-default-executor-3] WARN  server.GrpcLogAppender (LogUtils.java:warn(122)) - 4099cb2b-2e2e-4151-9db7-f99ade631412@group-1C7129A268B6->cc71d3b4-cf6a-416c-96eb-6097e97a8fe1-AppendLogResponseHandler: Failed appendEntries: org.apache.ratis.thirdparty.io.grpc.StatusRuntimeException: UNAVAILABLE: io exception
2023-07-26 19:47:21,459 [grpc-default-executor-3] WARN  server.GrpcLogAppender (GrpcLogAppender.java:resetClient(128)) - 4099cb2b-2e2e-4151-9db7-f99ade631412@group-1C7129A268B6->cc71d3b4-cf6a-416c-96eb-6097e97a8fe1-GrpcLogAppender: Follower failed when matchIndex == 0,  keep nextIndex (6) unchanged and retry.
2023-07-26 19:47:21,459 [grpc-default-executor-2] WARN  server.GrpcLogAppender (LogUtils.java:warn(122)) - 4099cb2b-2e2e-4151-9db7-f99ade631412@group-1C7129A268B6->cc71d3b4-cf6a-416c-96eb-6097e97a8fe1-AppendLogResponseHandler: Failed appendEntries: org.apache.ratis.thirdparty.io.grpc.StatusRuntimeException: UNAVAILABLE: io exception
2023-07-26 19:47:21,460 [grpc-default-executor-2] WARN  server.GrpcLogAppender (GrpcLogAppender.java:resetClient(128)) - 4099cb2b-2e2e-4151-9db7-f99ade631412@group-1C7129A268B6->cc71d3b4-cf6a-416c-96eb-6097e97a8fe1-GrpcLogAppender: Follower failed when matchIndex == 0,  keep nextIndex (6) unchanged and retry.
2023-07-26 19:47:21,494 [BlockDeletingService#0] INFO  interfaces.ContainerDeletionChoosingPolicyTemplate (ContainerDeletionChoosingPolicyTemplate.java:chooseContainerForBlockDeletion(83)) - Chosen 0/5000 blocks from 0 candidate containers.
2023-07-26 19:47:21,497 [BlockDeletingService#9] INFO  interfaces.ContainerDeletionChoosingPolicyTemplate (ContainerDeletionChoosingPolicyTemplate.java:chooseContainerForBlockDeletion(83)) - Chosen 0/5000 blocks from 0 candidate containers.
2023-07-26 19:47:21,518 [FixedThreadPoolWithAffinityExecutor-8-0] WARN  container.ContainerReportHandler (AbstractContainerReportHandler.java:updateContainerState(260)) - Container #1 is in OPEN state, but the datanode c33e49d7-aab4-4e8b-84a2-e80ab64b386a(fv-az465-709/10.1.0.48) reports an CLOSED replica.
2023-07-26 19:47:21,595 [BlockDeletingService#0] INFO  interfaces.ContainerDeletionChoosingPolicyTemplate (ContainerDeletionChoosingPolicyTemplate.java:chooseContainerForBlockDeletion(83)) - Chosen 0/5000 blocks from 0 candidate containers.
2023-07-26 19:47:21,597 [BlockDeletingService#9] INFO  interfaces.ContainerDeletionChoosingPolicyTemplate (ContainerDeletionChoosingPolicyTemplate.java:chooseContainerForBlockDeletion(83)) - Chosen 0/5000 blocks from 0 candidate containers.
2023-07-26 19:47:21,695 [BlockDeletingService#0] INFO  interfaces.ContainerDeletionChoosingPolicyTemplate (ContainerDeletionChoosingPolicyTemplate.java:chooseContainerForBlockDeletion(83)) - Chosen 0/5000 blocks from 0 candidate containers.
2023-07-26 19:47:21,698 [BlockDeletingService#9] INFO  interfaces.ContainerDeletionChoosingPolicyTemplate (ContainerDeletionChoosingPolicyTemplate.java:chooseContainerForBlockDeletion(83)) - Chosen 0/5000 blocks from 0 candidate containers.
2023-07-26 19:47:21,720 [FixedThreadPoolWithAffinityExecutor-0-0] WARN  container.ContainerReportHandler (AbstractContainerReportHandler.java:updateContainerState(260)) - Container #1 is in OPEN state, but the datanode 4099cb2b-2e2e-4151-9db7-f99ade631412(fv-az465-709/10.1.0.48) reports an CLOSED replica.
2023-07-26 19:47:21,720 [FixedThreadPoolWithAffinityExecutor-8-0] WARN  container.ContainerReportHandler (AbstractContainerReportHandler.java:updateContainerState(260)) - Container #1 is in OPEN state, but the datanode c33e49d7-aab4-4e8b-84a2-e80ab64b386a(fv-az465-709/10.1.0.48) reports an CLOSED replica.
2023-07-26 19:47:21,796 [BlockDeletingService#0] INFO  interfaces.ContainerDeletionChoosingPolicyTemplate (ContainerDeletionChoosingPolicyTemplate.java:chooseContainerForBlockDeletion(83)) - Chosen 0/5000 blocks from 0 candidate containers.
2023-07-26 19:47:21,798 [BlockDeletingService#9] INFO  interfaces.ContainerDeletionChoosingPolicyTemplate (ContainerDeletionChoosingPolicyTemplate.java:chooseContainerForBlockDeletion(83)) - Chosen 0/5000 blocks from 0 candidate containers.
2023-07-26 19:47:21,896 [BlockDeletingService#0] INFO  interfaces.ContainerDeletionChoosingPolicyTemplate (ContainerDeletionChoosingPolicyTemplate.java:chooseContainerForBlockDeletion(83)) - Chosen 0/5000 blocks from 0 candidate containers.
2023-07-26 19:47:21,898 [BlockDeletingService#9] INFO  interfaces.ContainerDeletionChoosingPolicyTemplate (ContainerDeletionChoosingPolicyTemplate.java:chooseContainerForBlockDeletion(83)) - Chosen 0/5000 blocks from 0 candidate containers.
2023-07-26 19:47:21,997 [BlockDeletingService#0] INFO  interfaces.ContainerDeletionChoosingPolicyTemplate (ContainerDeletionChoosingPolicyTemplate.java:chooseContainerForBlockDeletion(83)) - Chosen 0/5000 blocks from 0 candidate containers.
2023-07-26 19:47:21,998 [BlockDeletingService#9] INFO  interfaces.ContainerDeletionChoosingPolicyTemplate (ContainerDeletionChoosingPolicyTemplate.java:chooseContainerForBlockDeletion(83)) - Chosen 0/5000 blocks from 0 candidate containers.
2023-07-26 19:47:22,018 [FixedThreadPoolWithAffinityExecutor-8-0] WARN  container.ContainerReportHandler (AbstractContainerReportHandler.java:updateContainerState(260)) - Container #1 is in OPEN state, but the datanode c33e49d7-aab4-4e8b-84a2-e80ab64b386a(fv-az465-709/10.1.0.48) reports an CLOSED replica.
2023-07-26 19:47:22,019 [FixedThreadPoolWithAffinityExecutor-0-0] WARN  container.ContainerReportHandler (AbstractContainerReportHandler.java:updateContainerState(260)) - Container #1 is in OPEN state, but the datanode 4099cb2b-2e2e-4151-9db7-f99ade631412(fv-az465-709/10.1.0.48) reports an CLOSED replica.
2023-07-26 19:47:22,097 [BlockDeletingService#0] INFO  interfaces.ContainerDeletionChoosingPolicyTemplate (ContainerDeletionChoosingPolicyTemplate.java:chooseContainerForBlockDeletion(83)) - Chosen 0/5000 blocks from 0 candidate containers.
2023-07-26 19:47:22,099 [BlockDeletingService#9] INFO  interfaces.ContainerDeletionChoosingPolicyTemplate (ContainerDeletionChoosingPolicyTemplate.java:chooseContainerForBlockDeletion(83)) - Chosen 0/5000 blocks from 0 candidate containers.
2023-07-26 19:47:22,197 [BlockDeletingService#0] INFO  interfaces.ContainerDeletionChoosingPolicyTemplate (ContainerDeletionChoosingPolicyTemplate.java:chooseContainerForBlockDeletion(83)) - Chosen 0/5000 blocks from 0 candidate containers.
2023-07-26 19:47:22,199 [BlockDeletingService#9] INFO  interfaces.ContainerDeletionChoosingPolicyTemplate (ContainerDeletionChoosingPolicyTemplate.java:chooseContainerForBlockDeletion(83)) - Chosen 0/5000 blocks from 0 candidate containers.
2023-07-26 19:47:22,218 [FixedThreadPoolWithAffinityExecutor-8-0] WARN  container.ContainerReportHandler (AbstractContainerReportHandler.java:updateContainerState(260)) - Container #1 is in OPEN state, but the datanode c33e49d7-aab4-4e8b-84a2-e80ab64b386a(fv-az465-709/10.1.0.48) reports an CLOSED replica.
2023-07-26 19:47:22,298 [BlockDeletingService#0] INFO  interfaces.ContainerDeletionChoosingPolicyTemplate (ContainerDeletionChoosingPolicyTemplate.java:chooseContainerForBlockDeletion(83)) - Chosen 0/5000 blocks from 0 candidate containers.
2023-07-26 19:47:22,299 [BlockDeletingService#9] INFO  interfaces.ContainerDeletionChoosingPolicyTemplate (ContainerDeletionChoosingPolicyTemplate.java:chooseContainerForBlockDeletion(83)) - Chosen 0/5000 blocks from 0 candidate containers.
2023-07-26 19:47:22,398 [BlockDeletingService#0] INFO  interfaces.ContainerDeletionChoosingPolicyTemplate (ContainerDeletionChoosingPolicyTemplate.java:chooseContainerForBlockDeletion(83)) - Chosen 0/5000 blocks from 0 candidate containers.
2023-07-26 19:47:22,399 [BlockDeletingService#9] INFO  interfaces.ContainerDeletionChoosingPolicyTemplate (ContainerDeletionChoosingPolicyTemplate.java:chooseContainerForBlockDeletion(83)) - Chosen 0/5000 blocks from 0 candidate containers.
2023-07-26 19:47:22,420 [FixedThreadPoolWithAffinityExecutor-8-0] WARN  container.ContainerReportHandler (AbstractContainerReportHandler.java:updateContainerState(260)) - Container #1 is in OPEN state, but the datanode c33e49d7-aab4-4e8b-84a2-e80ab64b386a(fv-az465-709/10.1.0.48) reports an CLOSED replica.
2023-07-26 19:47:22,420 [FixedThreadPoolWithAffinityExecutor-0-0] WARN  container.ContainerReportHandler (AbstractContainerReportHandler.java:updateContainerState(260)) - Container #1 is in OPEN state, but the datanode 4099cb2b-2e2e-4151-9db7-f99ade631412(fv-az465-709/10.1.0.48) reports an CLOSED replica.
2023-07-26 19:47:22,498 [BlockDeletingService#0] INFO  interfaces.ContainerDeletionChoosingPolicyTemplate (ContainerDeletionChoosingPolicyTemplate.java:chooseContainerForBlockDeletion(83)) - Chosen 0/5000 blocks from 0 candidate containers.
2023-07-26 19:47:22,500 [BlockDeletingService#9] INFO  interfaces.ContainerDeletionChoosingPolicyTemplate (ContainerDeletionChoosingPolicyTemplate.java:chooseContainerForBlockDeletion(83)) - Chosen 0/5000 blocks from 0 candidate containers.
2023-07-26 19:47:22,599 [BlockDeletingService#0] INFO  interfaces.ContainerDeletionChoosingPolicyTemplate (ContainerDeletionChoosingPolicyTemplate.java:chooseContainerForBlockDeletion(83)) - Chosen 0/5000 blocks from 0 candidate containers.
2023-07-26 19:47:22,600 [BlockDeletingService#9] INFO  interfaces.ContainerDeletionChoosingPolicyTemplate (ContainerDeletionChoosingPolicyTemplate.java:chooseContainerForBlockDeletion(83)) - Chosen 0/5000 blocks from 0 candidate containers.
2023-07-26 19:47:22,620 [FixedThreadPoolWithAffinityExecutor-8-0] WARN  container.ContainerReportHandler (AbstractContainerReportHandler.java:updateContainerState(260)) - Container #1 is in OPEN state, but the datanode c33e49d7-aab4-4e8b-84a2-e80ab64b386a(fv-az465-709/10.1.0.48) reports an CLOSED replica.
2023-07-26 19:47:22,699 [BlockDeletingService#0] INFO  interfaces.ContainerDeletionChoosingPolicyTemplate (ContainerDeletionChoosingPolicyTemplate.java:chooseContainerForBlockDeletion(83)) - Chosen 0/5000 blocks from 0 candidate containers.
2023-07-26 19:47:22,700 [BlockDeletingService#9] INFO  interfaces.ContainerDeletionChoosingPolicyTemplate (ContainerDeletionChoosingPolicyTemplate.java:chooseContainerForBlockDeletion(83)) - Chosen 0/5000 blocks from 0 candidate containers.
2023-07-26 19:47:22,709 [grpc-default-executor-3] WARN  server.GrpcLogAppender (LogUtils.java:warn(122)) - 4099cb2b-2e2e-4151-9db7-f99ade631412@group-1C7129A268B6->cc71d3b4-cf6a-416c-96eb-6097e97a8fe1-AppendLogResponseHandler: Failed appendEntries: org.apache.ratis.thirdparty.io.grpc.StatusRuntimeException: UNAVAILABLE: io exception
2023-07-26 19:47:22,710 [grpc-default-executor-3] WARN  server.GrpcLogAppender (GrpcLogAppender.java:resetClient(128)) - 4099cb2b-2e2e-4151-9db7-f99ade631412@group-1C7129A268B6->cc71d3b4-cf6a-416c-96eb-6097e97a8fe1-GrpcLogAppender: Follower failed when matchIndex == 0,  keep nextIndex (6) unchanged and retry.
2023-07-26 19:47:22,709 [grpc-default-executor-2] WARN  server.GrpcLogAppender (LogUtils.java:warn(122)) - 4099cb2b-2e2e-4151-9db7-f99ade631412@group-1C7129A268B6->cc71d3b4-cf6a-416c-96eb-6097e97a8fe1-AppendLogResponseHandler: Failed appendEntries: org.apache.ratis.thirdparty.io.grpc.StatusRuntimeException: UNAVAILABLE: io exception
2023-07-26 19:47:22,710 [grpc-default-executor-2] WARN  server.GrpcLogAppender (GrpcLogAppender.java:resetClient(128)) - 4099cb2b-2e2e-4151-9db7-f99ade631412@group-1C7129A268B6->cc71d3b4-cf6a-416c-96eb-6097e97a8fe1-GrpcLogAppender: Follower failed when matchIndex == 0,  keep nextIndex (6) unchanged and retry.
2023-07-26 19:47:22,720 [FixedThreadPoolWithAffinityExecutor-0-0] WARN  container.ContainerReportHandler (AbstractContainerReportHandler.java:updateContainerState(260)) - Container #1 is in OPEN state, but the datanode 4099cb2b-2e2e-4151-9db7-f99ade631412(fv-az465-709/10.1.0.48) reports an CLOSED replica.
2023-07-26 19:47:22,800 [BlockDeletingService#0] INFO  interfaces.ContainerDeletionChoosingPolicyTemplate (ContainerDeletionChoosingPolicyTemplate.java:chooseContainerForBlockDeletion(83)) - Chosen 0/5000 blocks from 0 candidate containers.
2023-07-26 19:47:22,800 [BlockDeletingService#9] INFO  interfaces.ContainerDeletionChoosingPolicyTemplate (ContainerDeletionChoosingPolicyTemplate.java:chooseContainerForBlockDeletion(83)) - Chosen 0/5000 blocks from 0 candidate containers.
2023-07-26 19:47:22,900 [BlockDeletingService#0] INFO  interfaces.ContainerDeletionChoosingPolicyTemplate (ContainerDeletionChoosingPolicyTemplate.java:chooseContainerForBlockDeletion(83)) - Chosen 0/5000 blocks from 0 candidate containers.
2023-07-26 19:47:22,901 [BlockDeletingService#9] INFO  interfaces.ContainerDeletionChoosingPolicyTemplate (ContainerDeletionChoosingPolicyTemplate.java:chooseContainerForBlockDeletion(83)) - Chosen 0/5000 blocks from 0 candidate containers.
2023-07-26 19:47:22,920 [FixedThreadPoolWithAffinityExecutor-8-0] WARN  container.ContainerReportHandler (AbstractContainerReportHandler.java:updateContainerState(260)) - Container #1 is in OPEN state, but the datanode c33e49d7-aab4-4e8b-84a2-e80ab64b386a(fv-az465-709/10.1.0.48) reports an CLOSED replica.
2023-07-26 19:47:23,000 [BlockDeletingService#0] INFO  interfaces.ContainerDeletionChoosingPolicyTemplate (ContainerDeletionChoosingPolicyTemplate.java:chooseContainerForBlockDeletion(83)) - Chosen 0/5000 blocks from 0 candidate containers.
2023-07-26 19:47:23,001 [BlockDeletingService#9] INFO  interfaces.ContainerDeletionChoosingPolicyTemplate (ContainerDeletionChoosingPolicyTemplate.java:chooseContainerForBlockDeletion(83)) - Chosen 0/5000 blocks from 0 candidate containers.
2023-07-26 19:47:23,103 [BlockDeletingService#9] INFO  interfaces.ContainerDeletionChoosingPolicyTemplate (ContainerDeletionChoosingPolicyTemplate.java:chooseContainerForBlockDeletion(83)) - Chosen 0/5000 blocks from 0 candidate containers.
2023-07-26 19:47:23,103 [BlockDeletingService#0] INFO  interfaces.ContainerDeletionChoosingPolicyTemplate (ContainerDeletionChoosingPolicyTemplate.java:chooseContainerForBlockDeletion(83)) - Chosen 0/5000 blocks from 0 candidate containers.
2023-07-26 19:47:23,120 [FixedThreadPoolWithAffinityExecutor-0-0] WARN  container.ContainerReportHandler (AbstractContainerReportHandler.java:updateContainerState(260)) - Container #1 is in OPEN state, but the datanode 4099cb2b-2e2e-4151-9db7-f99ade631412(fv-az465-709/10.1.0.48) reports an CLOSED replica.
2023-07-26 19:47:23,122 [FixedThreadPoolWithAffinityExecutor-8-0] WARN  container.ContainerReportHandler (AbstractContainerReportHandler.java:updateContainerState(260)) - Container #1 is in OPEN state, but the datanode c33e49d7-aab4-4e8b-84a2-e80ab64b386a(fv-az465-709/10.1.0.48) reports an CLOSED replica.
2023-07-26 19:47:23,203 [BlockDeletingService#9] INFO  interfaces.ContainerDeletionChoosingPolicyTemplate (ContainerDeletionChoosingPolicyTemplate.java:chooseContainerForBlockDeletion(83)) - Chosen 0/5000 blocks from 0 candidate containers.
2023-07-26 19:47:23,203 [BlockDeletingService#0] INFO  interfaces.ContainerDeletionChoosingPolicyTemplate (ContainerDeletionChoosingPolicyTemplate.java:chooseContainerForBlockDeletion(83)) - Chosen 0/5000 blocks from 0 candidate containers.
2023-07-26 19:47:23,304 [BlockDeletingService#9] INFO  interfaces.ContainerDeletionChoosingPolicyTemplate (ContainerDeletionChoosingPolicyTemplate.java:chooseContainerForBlockDeletion(83)) - Chosen 0/5000 blocks from 0 candidate containers.
2023-07-26 19:47:23,304 [BlockDeletingService#0] INFO  interfaces.ContainerDeletionChoosingPolicyTemplate (ContainerDeletionChoosingPolicyTemplate.java:chooseContainerForBlockDeletion(83)) - Chosen 0/5000 blocks from 0 candidate containers.
2023-07-26 19:47:23,320 [FixedThreadPoolWithAffinityExecutor-8-0] WARN  container.ContainerReportHandler (AbstractContainerReportHandler.java:updateContainerState(260)) - Container #1 is in OPEN state, but the datanode c33e49d7-aab4-4e8b-84a2-e80ab64b386a(fv-az465-709/10.1.0.48) reports an CLOSED replica.
2023-07-26 19:47:23,404 [BlockDeletingService#9] INFO  interfaces.ContainerDeletionChoosingPolicyTemplate (ContainerDeletionChoosingPolicyTemplate.java:chooseContainerForBlockDeletion(83)) - Chosen 0/5000 blocks from 0 candidate containers.
2023-07-26 19:47:23,404 [BlockDeletingService#0] INFO  interfaces.ContainerDeletionChoosingPolicyTemplate (ContainerDeletionChoosingPolicyTemplate.java:chooseContainerForBlockDeletion(83)) - Chosen 0/5000 blocks from 0 candidate containers.
2023-07-26 19:47:23,422 [FixedThreadPoolWithAffinityExecutor-0-0] WARN  container.ContainerReportHandler (AbstractContainerReportHandler.java:updateContainerState(260)) - Container #1 is in OPEN state, but the datanode 4099cb2b-2e2e-4151-9db7-f99ade631412(fv-az465-709/10.1.0.48) reports an CLOSED replica.
2023-07-26 19:47:23,505 [BlockDeletingService#9] INFO  interfaces.ContainerDeletionChoosingPolicyTemplate (ContainerDeletionChoosingPolicyTemplate.java:chooseContainerForBlockDeletion(83)) - Chosen 0/5000 blocks from 0 candidate containers.
2023-07-26 19:47:23,505 [BlockDeletingService#0] INFO  interfaces.ContainerDeletionChoosingPolicyTemplate (ContainerDeletionChoosingPolicyTemplate.java:chooseContainerForBlockDeletion(83)) - Chosen 0/5000 blocks from 0 candidate containers.
2023-07-26 19:47:23,605 [BlockDeletingService#9] INFO  interfaces.ContainerDeletionChoosingPolicyTemplate (ContainerDeletionChoosingPolicyTemplate.java:chooseContainerForBlockDeletion(83)) - Chosen 0/5000 blocks from 0 candidate containers.
2023-07-26 19:47:23,610 [BlockDeletingService#0] INFO  interfaces.ContainerDeletionChoosingPolicyTemplate (ContainerDeletionChoosingPolicyTemplate.java:chooseContainerForBlockDeletion(83)) - Chosen 0/5000 blocks from 0 candidate containers.
2023-07-26 19:47:23,620 [FixedThreadPoolWithAffinityExecutor-8-0] WARN  container.ContainerReportHandler (AbstractContainerReportHandler.java:updateContainerState(260)) - Container #1 is in OPEN state, but the datanode c33e49d7-aab4-4e8b-84a2-e80ab64b386a(fv-az465-709/10.1.0.48) reports an CLOSED replica.
2023-07-26 19:47:23,706 [BlockDeletingService#9] INFO  interfaces.ContainerDeletionChoosingPolicyTemplate (ContainerDeletionChoosingPolicyTemplate.java:chooseContainerForBlockDeletion(83)) - Chosen 0/5000 blocks from 0 candidate containers.
2023-07-26 19:47:23,710 [BlockDeletingService#0] INFO  interfaces.ContainerDeletionChoosingPolicyTemplate (ContainerDeletionChoosingPolicyTemplate.java:chooseContainerForBlockDeletion(83)) - Chosen 0/5000 blocks from 0 candidate containers.
2023-07-26 19:47:23,722 [FixedThreadPoolWithAffinityExecutor-0-0] WARN  container.ContainerReportHandler (AbstractContainerReportHandler.java:updateContainerState(260)) - Container #1 is in OPEN state, but the datanode 4099cb2b-2e2e-4151-9db7-f99ade631412(fv-az465-709/10.1.0.48) reports an CLOSED replica.
2023-07-26 19:47:23,806 [BlockDeletingService#9] INFO  interfaces.ContainerDeletionChoosingPolicyTemplate (ContainerDeletionChoosingPolicyTemplate.java:chooseContainerForBlockDeletion(83)) - Chosen 0/5000 blocks from 0 candidate containers.
2023-07-26 19:47:23,810 [BlockDeletingService#0] INFO  interfaces.ContainerDeletionChoosingPolicyTemplate (ContainerDeletionChoosingPolicyTemplate.java:chooseContainerForBlockDeletion(83)) - Chosen 0/5000 blocks from 0 candidate containers.
2023-07-26 19:47:23,821 [FixedThreadPoolWithAffinityExecutor-8-0] WARN  container.ContainerReportHandler (AbstractContainerReportHandler.java:updateContainerState(260)) - Container #1 is in OPEN state, but the datanode c33e49d7-aab4-4e8b-84a2-e80ab64b386a(fv-az465-709/10.1.0.48) reports an CLOSED replica.
2023-07-26 19:47:23,907 [BlockDeletingService#9] INFO  interfaces.ContainerDeletionChoosingPolicyTemplate (ContainerDeletionChoosingPolicyTemplate.java:chooseContainerForBlockDeletion(83)) - Chosen 0/5000 blocks from 0 candidate containers.
2023-07-26 19:47:23,910 [BlockDeletingService#0] INFO  interfaces.ContainerDeletionChoosingPolicyTemplate (ContainerDeletionChoosingPolicyTemplate.java:chooseContainerForBlockDeletion(83)) - Chosen 0/5000 blocks from 0 candidate containers.
2023-07-26 19:47:23,959 [grpc-default-executor-2] WARN  server.GrpcLogAppender (LogUtils.java:warn(122)) - 4099cb2b-2e2e-4151-9db7-f99ade631412@group-1C7129A268B6->cc71d3b4-cf6a-416c-96eb-6097e97a8fe1-AppendLogResponseHandler: Failed appendEntries: org.apache.ratis.thirdparty.io.grpc.StatusRuntimeException: UNAVAILABLE: io exception
2023-07-26 19:47:23,960 [grpc-default-executor-2] WARN  server.GrpcLogAppender (GrpcLogAppender.java:resetClient(128)) - 4099cb2b-2e2e-4151-9db7-f99ade631412@group-1C7129A268B6->cc71d3b4-cf6a-416c-96eb-6097e97a8fe1-GrpcLogAppender: Follower failed when matchIndex == 0,  keep nextIndex (6) unchanged and retry.
2023-07-26 19:47:23,961 [grpc-default-executor-3] WARN  server.GrpcLogAppender (LogUtils.java:warn(122)) - 4099cb2b-2e2e-4151-9db7-f99ade631412@group-1C7129A268B6->cc71d3b4-cf6a-416c-96eb-6097e97a8fe1-AppendLogResponseHandler: Failed appendEntries: org.apache.ratis.thirdparty.io.grpc.StatusRuntimeException: UNAVAILABLE: io exception
2023-07-26 19:47:23,961 [grpc-default-executor-3] WARN  server.GrpcLogAppender (GrpcLogAppender.java:resetClient(128)) - 4099cb2b-2e2e-4151-9db7-f99ade631412@group-1C7129A268B6->cc71d3b4-cf6a-416c-96eb-6097e97a8fe1-GrpcLogAppender: Follower failed when matchIndex == 0,  keep nextIndex (6) unchanged and retry.
2023-07-26 19:47:24,007 [BlockDeletingService#9] INFO  interfaces.ContainerDeletionChoosingPolicyTemplate (ContainerDeletionChoosingPolicyTemplate.java:chooseContainerForBlockDeletion(83)) - Chosen 0/5000 blocks from 0 candidate containers.
2023-07-26 19:47:24,010 [BlockDeletingService#0] INFO  interfaces.ContainerDeletionChoosingPolicyTemplate (ContainerDeletionChoosingPolicyTemplate.java:chooseContainerForBlockDeletion(83)) - Chosen 0/5000 blocks from 0 candidate containers.
2023-07-26 19:47:24,022 [FixedThreadPoolWithAffinityExecutor-8-0] WARN  container.ContainerReportHandler (AbstractContainerReportHandler.java:updateContainerState(260)) - Container #1 is in OPEN state, but the datanode c33e49d7-aab4-4e8b-84a2-e80ab64b386a(fv-az465-709/10.1.0.48) reports an CLOSED replica.
2023-07-26 19:47:24,108 [BlockDeletingService#9] INFO  interfaces.ContainerDeletionChoosingPolicyTemplate (ContainerDeletionChoosingPolicyTemplate.java:chooseContainerForBlockDeletion(83)) - Chosen 0/5000 blocks from 0 candidate containers.
2023-07-26 19:47:24,111 [BlockDeletingService#0] INFO  interfaces.ContainerDeletionChoosingPolicyTemplate (ContainerDeletionChoosingPolicyTemplate.java:chooseContainerForBlockDeletion(83)) - Chosen 0/5000 blocks from 0 candidate containers.
2023-07-26 19:47:24,122 [FixedThreadPoolWithAffinityExecutor-0-0] WARN  container.ContainerReportHandler (AbstractContainerReportHandler.java:updateContainerState(260)) - Container #1 is in OPEN state, but the datanode 4099cb2b-2e2e-4151-9db7-f99ade631412(fv-az465-709/10.1.0.48) reports an CLOSED replica.
2023-07-26 19:47:24,208 [BlockDeletingService#9] INFO  interfaces.ContainerDeletionChoosingPolicyTemplate (ContainerDeletionChoosingPolicyTemplate.java:chooseContainerForBlockDeletion(83)) - Chosen 0/5000 blocks from 0 candidate containers.
2023-07-26 19:47:24,211 [BlockDeletingService#0] INFO  interfaces.ContainerDeletionChoosingPolicyTemplate (ContainerDeletionChoosingPolicyTemplate.java:chooseContainerForBlockDeletion(83)) - Chosen 0/5000 blocks from 0 candidate containers.
2023-07-26 19:47:24,308 [BlockDeletingService#9] INFO  interfaces.ContainerDeletionChoosingPolicyTemplate (ContainerDeletionChoosingPolicyTemplate.java:chooseContainerForBlockDeletion(83)) - Chosen 0/5000 blocks from 0 candidate containers.
2023-07-26 19:47:24,311 [BlockDeletingService#0] INFO  interfaces.ContainerDeletionChoosingPolicyTemplate (ContainerDeletionChoosingPolicyTemplate.java:chooseContainerForBlockDeletion(83)) - Chosen 0/5000 blocks from 0 candidate containers.
2023-07-26 19:47:24,322 [FixedThreadPoolWithAffinityExecutor-8-0] WARN  container.ContainerReportHandler (AbstractContainerReportHandler.java:updateContainerState(260)) - Container #1 is in OPEN state, but the datanode c33e49d7-aab4-4e8b-84a2-e80ab64b386a(fv-az465-709/10.1.0.48) reports an CLOSED replica.
2023-07-26 19:47:24,409 [BlockDeletingService#9] INFO  interfaces.ContainerDeletionChoosingPolicyTemplate (ContainerDeletionChoosingPolicyTemplate.java:chooseContainerForBlockDeletion(83)) - Chosen 0/5000 blocks from 0 candidate containers.
2023-07-26 19:47:24,412 [BlockDeletingService#0] INFO  interfaces.ContainerDeletionChoosingPolicyTemplate (ContainerDeletionChoosingPolicyTemplate.java:chooseContainerForBlockDeletion(83)) - Chosen 0/5000 blocks from 0 candidate containers.
2023-07-26 19:47:24,422 [FixedThreadPoolWithAffinityExecutor-0-0] WARN  container.ContainerReportHandler (AbstractContainerReportHandler.java:updateContainerState(260)) - Container #1 is in OPEN state, but the datanode 4099cb2b-2e2e-4151-9db7-f99ade631412(fv-az465-709/10.1.0.48) reports an CLOSED replica.
2023-07-26 19:47:24,509 [BlockDeletingService#9] INFO  interfaces.ContainerDeletionChoosingPolicyTemplate (ContainerDeletionChoosingPolicyTemplate.java:chooseContainerForBlockDeletion(83)) - Chosen 0/5000 blocks from 0 candidate containers.
2023-07-26 19:47:24,512 [BlockDeletingService#0] INFO  interfaces.ContainerDeletionChoosingPolicyTemplate (ContainerDeletionChoosingPolicyTemplate.java:chooseContainerForBlockDeletion(83)) - Chosen 0/5000 blocks from 0 candidate containers.
2023-07-26 19:47:24,521 [FixedThreadPoolWithAffinityExecutor-8-0] WARN  container.ContainerReportHandler (AbstractContainerReportHandler.java:updateContainerState(260)) - Container #1 is in OPEN state, but the datanode c33e49d7-aab4-4e8b-84a2-e80ab64b386a(fv-az465-709/10.1.0.48) reports an CLOSED replica.
2023-07-26 19:47:24,610 [BlockDeletingService#9] INFO  interfaces.ContainerDeletionChoosingPolicyTemplate (ContainerDeletionChoosingPolicyTemplate.java:chooseContainerForBlockDeletion(83)) - Chosen 0/5000 blocks from 0 candidate containers.
2023-07-26 19:47:24,612 [BlockDeletingService#0] INFO  interfaces.ContainerDeletionChoosingPolicyTemplate (ContainerDeletionChoosingPolicyTemplate.java:chooseContainerForBlockDeletion(83)) - Chosen 0/5000 blocks from 0 candidate containers.
2023-07-26 19:47:24,710 [BlockDeletingService#9] INFO  interfaces.ContainerDeletionChoosingPolicyTemplate (ContainerDeletionChoosingPolicyTemplate.java:chooseContainerForBlockDeletion(83)) - Chosen 0/5000 blocks from 0 candidate containers.
2023-07-26 19:47:24,712 [BlockDeletingService#0] INFO  interfaces.ContainerDeletionChoosingPolicyTemplate (ContainerDeletionChoosingPolicyTemplate.java:chooseContainerForBlockDeletion(83)) - Chosen 0/5000 blocks from 0 candidate containers.
2023-07-26 19:47:24,722 [FixedThreadPoolWithAffinityExecutor-8-0] WARN  container.ContainerReportHandler (AbstractContainerReportHandler.java:updateContainerState(260)) - Container #1 is in OPEN state, but the datanode c33e49d7-aab4-4e8b-84a2-e80ab64b386a(fv-az465-709/10.1.0.48) reports an CLOSED replica.
2023-07-26 19:47:24,811 [BlockDeletingService#9] INFO  interfaces.ContainerDeletionChoosingPolicyTemplate (ContainerDeletionChoosingPolicyTemplate.java:chooseContainerForBlockDeletion(83)) - Chosen 0/5000 blocks from 0 candidate containers.
2023-07-26 19:47:24,812 [BlockDeletingService#0] INFO  interfaces.ContainerDeletionChoosingPolicyTemplate (ContainerDeletionChoosingPolicyTemplate.java:chooseContainerForBlockDeletion(83)) - Chosen 0/5000 blocks from 0 candidate containers.
2023-07-26 19:47:24,822 [FixedThreadPoolWithAffinityExecutor-0-0] WARN  container.ContainerReportHandler (AbstractContainerReportHandler.java:updateContainerState(260)) - Container #1 is in OPEN state, but the datanode 4099cb2b-2e2e-4151-9db7-f99ade631412(fv-az465-709/10.1.0.48) reports an CLOSED replica.
2023-07-26 19:47:24,911 [BlockDeletingService#9] INFO  interfaces.ContainerDeletionChoosingPolicyTemplate (ContainerDeletionChoosingPolicyTemplate.java:chooseContainerForBlockDeletion(83)) - Chosen 0/5000 blocks from 0 candidate containers.
2023-07-26 19:47:24,913 [BlockDeletingService#0] INFO  interfaces.ContainerDeletionChoosingPolicyTemplate (ContainerDeletionChoosingPolicyTemplate.java:chooseContainerForBlockDeletion(83)) - Chosen 0/5000 blocks from 0 candidate containers.
2023-07-26 19:47:25,011 [BlockDeletingService#9] INFO  interfaces.ContainerDeletionChoosingPolicyTemplate (ContainerDeletionChoosingPolicyTemplate.java:chooseContainerForBlockDeletion(83)) - Chosen 0/5000 blocks from 0 candidate containers.
2023-07-26 19:47:25,013 [BlockDeletingService#0] INFO  interfaces.ContainerDeletionChoosingPolicyTemplate (ContainerDeletionChoosingPolicyTemplate.java:chooseContainerForBlockDeletion(83)) - Chosen 0/5000 blocks from 0 candidate containers.
2023-07-26 19:47:25,022 [FixedThreadPoolWithAffinityExecutor-8-0] WARN  container.ContainerReportHandler (AbstractContainerReportHandler.java:updateContainerState(260)) - Container #1 is in OPEN state, but the datanode c33e49d7-aab4-4e8b-84a2-e80ab64b386a(fv-az465-709/10.1.0.48) reports an CLOSED replica.
2023-07-26 19:47:25,112 [BlockDeletingService#9] INFO  interfaces.ContainerDeletionChoosingPolicyTemplate (ContainerDeletionChoosingPolicyTemplate.java:chooseContainerForBlockDeletion(83)) - Chosen 0/5000 blocks from 0 candidate containers.
2023-07-26 19:47:25,113 [BlockDeletingService#0] INFO  interfaces.ContainerDeletionChoosingPolicyTemplate (ContainerDeletionChoosingPolicyTemplate.java:chooseContainerForBlockDeletion(83)) - Chosen 0/5000 blocks from 0 candidate containers.
2023-07-26 19:47:25,122 [FixedThreadPoolWithAffinityExecutor-0-0] WARN  container.ContainerReportHandler (AbstractContainerReportHandler.java:updateContainerState(260)) - Container #1 is in OPEN state, but the datanode 4099cb2b-2e2e-4151-9db7-f99ade631412(fv-az465-709/10.1.0.48) reports an CLOSED replica.
2023-07-26 19:47:25,210 [grpc-default-executor-3] WARN  server.GrpcLogAppender (LogUtils.java:warn(122)) - 4099cb2b-2e2e-4151-9db7-f99ade631412@group-1C7129A268B6->cc71d3b4-cf6a-416c-96eb-6097e97a8fe1-AppendLogResponseHandler: Failed appendEntries: org.apache.ratis.thirdparty.io.grpc.StatusRuntimeException: UNAVAILABLE: io exception
2023-07-26 19:47:25,211 [grpc-default-executor-2] WARN  server.GrpcLogAppender (LogUtils.java:warn(122)) - 4099cb2b-2e2e-4151-9db7-f99ade631412@group-1C7129A268B6->cc71d3b4-cf6a-416c-96eb-6097e97a8fe1-AppendLogResponseHandler: Failed appendEntries: org.apache.ratis.thirdparty.io.grpc.StatusRuntimeException: UNAVAILABLE: io exception
2023-07-26 19:47:25,212 [grpc-default-executor-3] WARN  server.GrpcLogAppender (GrpcLogAppender.java:resetClient(128)) - 4099cb2b-2e2e-4151-9db7-f99ade631412@group-1C7129A268B6->cc71d3b4-cf6a-416c-96eb-6097e97a8fe1-GrpcLogAppender: Follower failed when matchIndex == 0,  keep nextIndex (6) unchanged and retry.
2023-07-26 19:47:25,212 [grpc-default-executor-2] WARN  server.GrpcLogAppender (GrpcLogAppender.java:resetClient(128)) - 4099cb2b-2e2e-4151-9db7-f99ade631412@group-1C7129A268B6->cc71d3b4-cf6a-416c-96eb-6097e97a8fe1-GrpcLogAppender: Follower failed when matchIndex == 0,  keep nextIndex (6) unchanged and retry.
2023-07-26 19:47:25,213 [BlockDeletingService#0] INFO  interfaces.ContainerDeletionChoosingPolicyTemplate (ContainerDeletionChoosingPolicyTemplate.java:chooseContainerForBlockDeletion(83)) - Chosen 0/5000 blocks from 0 candidate containers.
2023-07-26 19:47:25,214 [BlockDeletingService#9] INFO  interfaces.ContainerDeletionChoosingPolicyTemplate (ContainerDeletionChoosingPolicyTemplate.java:chooseContainerForBlockDeletion(83)) - Chosen 0/5000 blocks from 0 candidate containers.
2023-07-26 19:47:25,221 [FixedThreadPoolWithAffinityExecutor-8-0] WARN  container.ContainerReportHandler (AbstractContainerReportHandler.java:updateContainerState(260)) - Container #1 is in OPEN state, but the datanode c33e49d7-aab4-4e8b-84a2-e80ab64b386a(fv-az465-709/10.1.0.48) reports an CLOSED replica.
2023-07-26 19:47:25,314 [BlockDeletingService#0] INFO  interfaces.ContainerDeletionChoosingPolicyTemplate (ContainerDeletionChoosingPolicyTemplate.java:chooseContainerForBlockDeletion(83)) - Chosen 0/5000 blocks from 0 candidate containers.
2023-07-26 19:47:25,314 [BlockDeletingService#9] INFO  interfaces.ContainerDeletionChoosingPolicyTemplate (ContainerDeletionChoosingPolicyTemplate.java:chooseContainerForBlockDeletion(83)) - Chosen 0/5000 blocks from 0 candidate containers.
2023-07-26 19:47:25,414 [BlockDeletingService#0] INFO  interfaces.ContainerDeletionChoosingPolicyTemplate (ContainerDeletionChoosingPolicyTemplate.java:chooseContainerForBlockDeletion(83)) - Chosen 0/5000 blocks from 0 candidate containers.
2023-07-26 19:47:25,415 [BlockDeletingService#9] INFO  interfaces.ContainerDeletionChoosingPolicyTemplate (ContainerDeletionChoosingPolicyTemplate.java:chooseContainerForBlockDeletion(83)) - Chosen 0/5000 blocks from 0 candidate containers.
2023-07-26 19:47:25,422 [FixedThreadPoolWithAffinityExecutor-8-0] WARN  container.ContainerReportHandler (AbstractContainerReportHandler.java:updateContainerState(260)) - Container #1 is in OPEN state, but the datanode c33e49d7-aab4-4e8b-84a2-e80ab64b386a(fv-az465-709/10.1.0.48) reports an CLOSED replica.
2023-07-26 19:47:25,423 [FixedThreadPoolWithAffinityExecutor-0-0] WARN  container.ContainerReportHandler (AbstractContainerReportHandler.java:updateContainerState(260)) - Container #1 is in OPEN state, but the datanode 4099cb2b-2e2e-4151-9db7-f99ade631412(fv-az465-709/10.1.0.48) reports an CLOSED replica.
2023-07-26 19:47:25,515 [BlockDeletingService#0] INFO  interfaces.ContainerDeletionChoosingPolicyTemplate (ContainerDeletionChoosingPolicyTemplate.java:chooseContainerForBlockDeletion(83)) - Chosen 0/5000 blocks from 0 candidate containers.
2023-07-26 19:47:25,515 [BlockDeletingService#9] INFO  interfaces.ContainerDeletionChoosingPolicyTemplate (ContainerDeletionChoosingPolicyTemplate.java:chooseContainerForBlockDeletion(83)) - Chosen 0/5000 blocks from 0 candidate containers.
2023-07-26 19:47:25,615 [BlockDeletingService#0] INFO  interfaces.ContainerDeletionChoosingPolicyTemplate (ContainerDeletionChoosingPolicyTemplate.java:chooseContainerForBlockDeletion(83)) - Chosen 0/5000 blocks from 0 candidate containers.
2023-07-26 19:47:25,615 [BlockDeletingService#9] INFO  interfaces.ContainerDeletionChoosingPolicyTemplate (ContainerDeletionChoosingPolicyTemplate.java:chooseContainerForBlockDeletion(83)) - Chosen 0/5000 blocks from 0 candidate containers.
2023-07-26 19:47:25,622 [FixedThreadPoolWithAffinityExecutor-8-0] WARN  container.ContainerReportHandler (AbstractContainerReportHandler.java:updateContainerState(260)) - Container #1 is in OPEN state, but the datanode c33e49d7-aab4-4e8b-84a2-e80ab64b386a(fv-az465-709/10.1.0.48) reports an CLOSED replica.
2023-07-26 19:47:25,715 [BlockDeletingService#0] INFO  interfaces.ContainerDeletionChoosingPolicyTemplate (ContainerDeletionChoosingPolicyTemplate.java:chooseContainerForBlockDeletion(83)) - Chosen 0/5000 blocks from 0 candidate containers.
2023-07-26 19:47:25,715 [BlockDeletingService#9] INFO  interfaces.ContainerDeletionChoosingPolicyTemplate (ContainerDeletionChoosingPolicyTemplate.java:chooseContainerForBlockDeletion(83)) - Chosen 0/5000 blocks from 0 candidate containers.
2023-07-26 19:47:25,816 [BlockDeletingService#0] INFO  interfaces.ContainerDeletionChoosingPolicyTemplate (ContainerDeletionChoosingPolicyTemplate.java:chooseContainerForBlockDeletion(83)) - Chosen 0/5000 blocks from 0 candidate containers.
2023-07-26 19:47:25,816 [BlockDeletingService#9] INFO  interfaces.ContainerDeletionChoosingPolicyTemplate (ContainerDeletionChoosingPolicyTemplate.java:chooseContainerForBlockDeletion(83)) - Chosen 0/5000 blocks from 0 candidate containers.
2023-07-26 19:47:25,822 [FixedThreadPoolWithAffinityExecutor-0-0] WARN  container.ContainerReportHandler (AbstractContainerReportHandler.java:updateContainerState(260)) - Container #1 is in OPEN state, but the datanode 4099cb2b-2e2e-4151-9db7-f99ade631412(fv-az465-709/10.1.0.48) reports an CLOSED replica.
2023-07-26 19:47:25,916 [BlockDeletingService#0] INFO  interfaces.ContainerDeletionChoosingPolicyTemplate (ContainerDeletionChoosingPolicyTemplate.java:chooseContainerForBlockDeletion(83)) - Chosen 0/5000 blocks from 0 candidate containers.
2023-07-26 19:47:25,920 [BlockDeletingService#9] INFO  interfaces.ContainerDeletionChoosingPolicyTemplate (ContainerDeletionChoosingPolicyTemplate.java:chooseContainerForBlockDeletion(83)) - Chosen 0/5000 blocks from 0 candidate containers.
2023-07-26 19:47:25,922 [FixedThreadPoolWithAffinityExecutor-8-0] WARN  container.ContainerReportHandler (AbstractContainerReportHandler.java:updateContainerState(260)) - Container #1 is in OPEN state, but the datanode c33e49d7-aab4-4e8b-84a2-e80ab64b386a(fv-az465-709/10.1.0.48) reports an CLOSED replica.
2023-07-26 19:47:26,017 [BlockDeletingService#0] INFO  interfaces.ContainerDeletionChoosingPolicyTemplate (ContainerDeletionChoosingPolicyTemplate.java:chooseContainerForBlockDeletion(83)) - Chosen 0/5000 blocks from 0 candidate containers.
2023-07-26 19:47:26,020 [BlockDeletingService#9] INFO  interfaces.ContainerDeletionChoosingPolicyTemplate (ContainerDeletionChoosingPolicyTemplate.java:chooseContainerForBlockDeletion(83)) - Chosen 0/5000 blocks from 0 candidate containers.
2023-07-26 19:47:26,117 [BlockDeletingService#0] INFO  interfaces.ContainerDeletionChoosingPolicyTemplate (ContainerDeletionChoosingPolicyTemplate.java:chooseContainerForBlockDeletion(83)) - Chosen 0/5000 blocks from 0 candidate containers.
2023-07-26 19:47:26,120 [BlockDeletingService#9] INFO  interfaces.ContainerDeletionChoosingPolicyTemplate (ContainerDeletionChoosingPolicyTemplate.java:chooseContainerForBlockDeletion(83)) - Chosen 0/5000 blocks from 0 candidate containers.
2023-07-26 19:47:26,122 [FixedThreadPoolWithAffinityExecutor-8-0] WARN  container.ContainerReportHandler (AbstractContainerReportHandler.java:updateContainerState(260)) - Container #1 is in OPEN state, but the datanode c33e49d7-aab4-4e8b-84a2-e80ab64b386a(fv-az465-709/10.1.0.48) reports an CLOSED replica.
2023-07-26 19:47:26,123 [FixedThreadPoolWithAffinityExecutor-0-0] WARN  container.ContainerReportHandler (AbstractContainerReportHandler.java:updateContainerState(260)) - Container #1 is in OPEN state, but the datanode 4099cb2b-2e2e-4151-9db7-f99ade631412(fv-az465-709/10.1.0.48) reports an CLOSED replica.
2023-07-26 19:47:26,218 [BlockDeletingService#0] INFO  interfaces.ContainerDeletionChoosingPolicyTemplate (ContainerDeletionChoosingPolicyTemplate.java:chooseContainerForBlockDeletion(83)) - Chosen 0/5000 blocks from 0 candidate containers.
2023-07-26 19:47:26,221 [BlockDeletingService#9] INFO  interfaces.ContainerDeletionChoosingPolicyTemplate (ContainerDeletionChoosingPolicyTemplate.java:chooseContainerForBlockDeletion(83)) - Chosen 0/5000 blocks from 0 candidate containers.
2023-07-26 19:47:26,318 [BlockDeletingService#0] INFO  interfaces.ContainerDeletionChoosingPolicyTemplate (ContainerDeletionChoosingPolicyTemplate.java:chooseContainerForBlockDeletion(83)) - Chosen 0/5000 blocks from 0 candidate containers.
2023-07-26 19:47:26,321 [BlockDeletingService#9] INFO  interfaces.ContainerDeletionChoosingPolicyTemplate (ContainerDeletionChoosingPolicyTemplate.java:chooseContainerForBlockDeletion(83)) - Chosen 0/5000 blocks from 0 candidate containers.
2023-07-26 19:47:26,321 [FixedThreadPoolWithAffinityExecutor-8-0] WARN  container.ContainerReportHandler (AbstractContainerReportHandler.java:updateContainerState(260)) - Container #1 is in OPEN state, but the datanode c33e49d7-aab4-4e8b-84a2-e80ab64b386a(fv-az465-709/10.1.0.48) reports an CLOSED replica.
2023-07-26 19:47:26,418 [BlockDeletingService#0] INFO  interfaces.ContainerDeletionChoosingPolicyTemplate (ContainerDeletionChoosingPolicyTemplate.java:chooseContainerForBlockDeletion(83)) - Chosen 0/5000 blocks from 0 candidate containers.
2023-07-26 19:47:26,421 [BlockDeletingService#9] INFO  interfaces.ContainerDeletionChoosingPolicyTemplate (ContainerDeletionChoosingPolicyTemplate.java:chooseContainerForBlockDeletion(83)) - Chosen 0/5000 blocks from 0 candidate containers.
2023-07-26 19:47:26,461 [grpc-default-executor-2] WARN  server.GrpcLogAppender (LogUtils.java:warn(122)) - 4099cb2b-2e2e-4151-9db7-f99ade631412@group-1C7129A268B6->cc71d3b4-cf6a-416c-96eb-6097e97a8fe1-AppendLogResponseHandler: Failed appendEntries: org.apache.ratis.thirdparty.io.grpc.StatusRuntimeException: UNAVAILABLE: io exception
2023-07-26 19:47:26,463 [grpc-default-executor-2] WARN  server.GrpcLogAppender (GrpcLogAppender.java:resetClient(128)) - 4099cb2b-2e2e-4151-9db7-f99ade631412@group-1C7129A268B6->cc71d3b4-cf6a-416c-96eb-6097e97a8fe1-GrpcLogAppender: Follower failed when matchIndex == 0,  keep nextIndex (6) unchanged and retry.
2023-07-26 19:47:26,461 [grpc-default-executor-3] WARN  server.GrpcLogAppender (LogUtils.java:warn(122)) - 4099cb2b-2e2e-4151-9db7-f99ade631412@group-1C7129A268B6->cc71d3b4-cf6a-416c-96eb-6097e97a8fe1-AppendLogResponseHandler: Failed appendEntries: org.apache.ratis.thirdparty.io.grpc.StatusRuntimeException: UNAVAILABLE: io exception
2023-07-26 19:47:26,466 [grpc-default-executor-3] WARN  server.GrpcLogAppender (GrpcLogAppender.java:resetClient(128)) - 4099cb2b-2e2e-4151-9db7-f99ade631412@group-1C7129A268B6->cc71d3b4-cf6a-416c-96eb-6097e97a8fe1-GrpcLogAppender: Follower failed when matchIndex == 0,  keep nextIndex (6) unchanged and retry.
2023-07-26 19:47:26,519 [BlockDeletingService#0] INFO  interfaces.ContainerDeletionChoosingPolicyTemplate (ContainerDeletionChoosingPolicyTemplate.java:chooseContainerForBlockDeletion(83)) - Chosen 0/5000 blocks from 0 candidate containers.
2023-07-26 19:47:26,521 [BlockDeletingService#9] INFO  interfaces.ContainerDeletionChoosingPolicyTemplate (ContainerDeletionChoosingPolicyTemplate.java:chooseContainerForBlockDeletion(83)) - Chosen 0/5000 blocks from 0 candidate containers.
2023-07-26 19:47:26,523 [FixedThreadPoolWithAffinityExecutor-0-0] WARN  container.ContainerReportHandler (AbstractContainerReportHandler.java:updateContainerState(260)) - Container #1 is in OPEN state, but the datanode 4099cb2b-2e2e-4151-9db7-f99ade631412(fv-az465-709/10.1.0.48) reports an CLOSED replica.
2023-07-26 19:47:26,619 [BlockDeletingService#0] INFO  interfaces.ContainerDeletionChoosingPolicyTemplate (ContainerDeletionChoosingPolicyTemplate.java:chooseContainerForBlockDeletion(83)) - Chosen 0/5000 blocks from 0 candidate containers.
2023-07-26 19:47:26,621 [FixedThreadPoolWithAffinityExecutor-8-0] WARN  container.ContainerReportHandler (AbstractContainerReportHandler.java:updateContainerState(260)) - Container #1 is in OPEN state, but the datanode c33e49d7-aab4-4e8b-84a2-e80ab64b386a(fv-az465-709/10.1.0.48) reports an CLOSED replica.
2023-07-26 19:47:26,622 [BlockDeletingService#9] INFO  interfaces.ContainerDeletionChoosingPolicyTemplate (ContainerDeletionChoosingPolicyTemplate.java:chooseContainerForBlockDeletion(83)) - Chosen 0/5000 blocks from 0 candidate containers.
2023-07-26 19:47:26,720 [BlockDeletingService#0] INFO  interfaces.ContainerDeletionChoosingPolicyTemplate (ContainerDeletionChoosingPolicyTemplate.java:chooseContainerForBlockDeletion(83)) - Chosen 0/5000 blocks from 0 candidate containers.
2023-07-26 19:47:26,722 [BlockDeletingService#9] INFO  interfaces.ContainerDeletionChoosingPolicyTemplate (ContainerDeletionChoosingPolicyTemplate.java:chooseContainerForBlockDeletion(83)) - Chosen 0/5000 blocks from 0 candidate containers.
2023-07-26 19:47:26,821 [BlockDeletingService#0] INFO  interfaces.ContainerDeletionChoosingPolicyTemplate (ContainerDeletionChoosingPolicyTemplate.java:chooseContainerForBlockDeletion(83)) - Chosen 0/5000 blocks from 0 candidate containers.
2023-07-26 19:47:26,822 [BlockDeletingService#9] INFO  interfaces.ContainerDeletionChoosingPolicyTemplate (ContainerDeletionChoosingPolicyTemplate.java:chooseContainerForBlockDeletion(83)) - Chosen 0/5000 blocks from 0 candidate containers.
2023-07-26 19:47:26,822 [FixedThreadPoolWithAffinityExecutor-8-0] WARN  container.ContainerReportHandler (AbstractContainerReportHandler.java:updateContainerState(260)) - Container #1 is in OPEN state, but the datanode c33e49d7-aab4-4e8b-84a2-e80ab64b386a(fv-az465-709/10.1.0.48) reports an CLOSED replica.
2023-07-26 19:47:26,823 [FixedThreadPoolWithAffinityExecutor-0-0] WARN  container.ContainerReportHandler (AbstractContainerReportHandler.java:updateContainerState(260)) - Container #1 is in OPEN state, but the datanode 4099cb2b-2e2e-4151-9db7-f99ade631412(fv-az465-709/10.1.0.48) reports an CLOSED replica.
2023-07-26 19:47:26,921 [BlockDeletingService#0] INFO  interfaces.ContainerDeletionChoosingPolicyTemplate (ContainerDeletionChoosingPolicyTemplate.java:chooseContainerForBlockDeletion(83)) - Chosen 0/5000 blocks from 0 candidate containers.
2023-07-26 19:47:26,922 [BlockDeletingService#9] INFO  interfaces.ContainerDeletionChoosingPolicyTemplate (ContainerDeletionChoosingPolicyTemplate.java:chooseContainerForBlockDeletion(83)) - Chosen 0/5000 blocks from 0 candidate containers.
2023-07-26 19:47:27,021 [BlockDeletingService#0] INFO  interfaces.ContainerDeletionChoosingPolicyTemplate (ContainerDeletionChoosingPolicyTemplate.java:chooseContainerForBlockDeletion(83)) - Chosen 0/5000 blocks from 0 candidate containers.
2023-07-26 19:47:27,023 [BlockDeletingService#9] INFO  interfaces.ContainerDeletionChoosingPolicyTemplate (ContainerDeletionChoosingPolicyTemplate.java:chooseContainerForBlockDeletion(83)) - Chosen 0/5000 blocks from 0 candidate containers.
2023-07-26 19:47:27,024 [FixedThreadPoolWithAffinityExecutor-8-0] WARN  container.ContainerReportHandler (AbstractContainerReportHandler.java:updateContainerState(260)) - Container #1 is in OPEN state, but the datanode c33e49d7-aab4-4e8b-84a2-e80ab64b386a(fv-az465-709/10.1.0.48) reports an CLOSED replica.
2023-07-26 19:47:27,122 [BlockDeletingService#0] INFO  interfaces.ContainerDeletionChoosingPolicyTemplate (ContainerDeletionChoosingPolicyTemplate.java:chooseContainerForBlockDeletion(83)) - Chosen 0/5000 blocks from 0 candidate containers.
2023-07-26 19:47:27,123 [BlockDeletingService#9] INFO  interfaces.ContainerDeletionChoosingPolicyTemplate (ContainerDeletionChoosingPolicyTemplate.java:chooseContainerForBlockDeletion(83)) - Chosen 0/5000 blocks from 0 candidate containers.
2023-07-26 19:47:27,222 [BlockDeletingService#0] INFO  interfaces.ContainerDeletionChoosingPolicyTemplate (ContainerDeletionChoosingPolicyTemplate.java:chooseContainerForBlockDeletion(83)) - Chosen 0/5000 blocks from 0 candidate containers.
2023-07-26 19:47:27,223 [BlockDeletingService#9] INFO  interfaces.ContainerDeletionChoosingPolicyTemplate (ContainerDeletionChoosingPolicyTemplate.java:chooseContainerForBlockDeletion(83)) - Chosen 0/5000 blocks from 0 candidate containers.
2023-07-26 19:47:27,225 [FixedThreadPoolWithAffinityExecutor-0-0] WARN  container.ContainerReportHandler (AbstractContainerReportHandler.java:updateContainerState(260)) - Container #1 is in OPEN state, but the datanode 4099cb2b-2e2e-4151-9db7-f99ade631412(fv-az465-709/10.1.0.48) reports an CLOSED replica.
2023-07-26 19:47:27,323 [BlockDeletingService#0] INFO  interfaces.ContainerDeletionChoosingPolicyTemplate (ContainerDeletionChoosingPolicyTemplate.java:chooseContainerForBlockDeletion(83)) - Chosen 0/5000 blocks from 0 candidate containers.
2023-07-26 19:47:27,324 [BlockDeletingService#9] INFO  interfaces.ContainerDeletionChoosingPolicyTemplate (ContainerDeletionChoosingPolicyTemplate.java:chooseContainerForBlockDeletion(83)) - Chosen 0/5000 blocks from 0 candidate containers.
2023-07-26 19:47:27,325 [FixedThreadPoolWithAffinityExecutor-8-0] WARN  container.ContainerReportHandler (AbstractContainerReportHandler.java:updateContainerState(260)) - Container #1 is in OPEN state, but the datanode c33e49d7-aab4-4e8b-84a2-e80ab64b386a(fv-az465-709/10.1.0.48) reports an CLOSED replica.
2023-07-26 19:47:27,423 [BlockDeletingService#0] INFO  interfaces.ContainerDeletionChoosingPolicyTemplate (ContainerDeletionChoosingPolicyTemplate.java:chooseContainerForBlockDeletion(83)) - Chosen 0/5000 blocks from 0 candidate containers.
2023-07-26 19:47:27,425 [BlockDeletingService#9] INFO  interfaces.ContainerDeletionChoosingPolicyTemplate (ContainerDeletionChoosingPolicyTemplate.java:chooseContainerForBlockDeletion(83)) - Chosen 0/5000 blocks from 0 candidate containers.
2023-07-26 19:47:27,524 [BlockDeletingService#0] INFO  interfaces.ContainerDeletionChoosingPolicyTemplate (ContainerDeletionChoosingPolicyTemplate.java:chooseContainerForBlockDeletion(83)) - Chosen 0/5000 blocks from 0 candidate containers.
2023-07-26 19:47:27,525 [FixedThreadPoolWithAffinityExecutor-8-0] WARN  container.ContainerReportHandler (AbstractContainerReportHandler.java:updateContainerState(260)) - Container #1 is in OPEN state, but the datanode c33e49d7-aab4-4e8b-84a2-e80ab64b386a(fv-az465-709/10.1.0.48) reports an CLOSED replica.
2023-07-26 19:47:27,525 [FixedThreadPoolWithAffinityExecutor-0-0] WARN  container.ContainerReportHandler (AbstractContainerReportHandler.java:updateContainerState(260)) - Container #1 is in OPEN state, but the datanode 4099cb2b-2e2e-4151-9db7-f99ade631412(fv-az465-709/10.1.0.48) reports an CLOSED replica.
2023-07-26 19:47:27,525 [BlockDeletingService#9] INFO  interfaces.ContainerDeletionChoosingPolicyTemplate (ContainerDeletionChoosingPolicyTemplate.java:chooseContainerForBlockDeletion(83)) - Chosen 0/5000 blocks from 0 candidate containers.
2023-07-26 19:47:27,624 [BlockDeletingService#0] INFO  interfaces.ContainerDeletionChoosingPolicyTemplate (ContainerDeletionChoosingPolicyTemplate.java:chooseContainerForBlockDeletion(83)) - Chosen 0/5000 blocks from 0 candidate containers.
2023-07-26 19:47:27,625 [BlockDeletingService#9] INFO  interfaces.ContainerDeletionChoosingPolicyTemplate (ContainerDeletionChoosingPolicyTemplate.java:chooseContainerForBlockDeletion(83)) - Chosen 0/5000 blocks from 0 candidate containers.
2023-07-26 19:47:27,712 [grpc-default-executor-3] WARN  server.GrpcLogAppender (LogUtils.java:warn(122)) - 4099cb2b-2e2e-4151-9db7-f99ade631412@group-1C7129A268B6->cc71d3b4-cf6a-416c-96eb-6097e97a8fe1-AppendLogResponseHandler: Failed appendEntries: org.apache.ratis.thirdparty.io.grpc.StatusRuntimeException: UNAVAILABLE: io exception
2023-07-26 19:47:27,713 [grpc-default-executor-3] WARN  server.GrpcLogAppender (GrpcLogAppender.java:resetClient(128)) - 4099cb2b-2e2e-4151-9db7-f99ade631412@group-1C7129A268B6->cc71d3b4-cf6a-416c-96eb-6097e97a8fe1-GrpcLogAppender: Follower failed when matchIndex == 0,  keep nextIndex (6) unchanged and retry.
2023-07-26 19:47:27,713 [grpc-default-executor-2] WARN  server.GrpcLogAppender (LogUtils.java:warn(122)) - 4099cb2b-2e2e-4151-9db7-f99ade631412@group-1C7129A268B6->cc71d3b4-cf6a-416c-96eb-6097e97a8fe1-AppendLogResponseHandler: Failed appendEntries: org.apache.ratis.thirdparty.io.grpc.StatusRuntimeException: UNAVAILABLE: io exception
2023-07-26 19:47:27,713 [grpc-default-executor-2] WARN  server.GrpcLogAppender (GrpcLogAppender.java:resetClient(128)) - 4099cb2b-2e2e-4151-9db7-f99ade631412@group-1C7129A268B6->cc71d3b4-cf6a-416c-96eb-6097e97a8fe1-GrpcLogAppender: Follower failed when matchIndex == 0,  keep nextIndex (6) unchanged and retry.
2023-07-26 19:47:27,724 [BlockDeletingService#0] INFO  interfaces.ContainerDeletionChoosingPolicyTemplate (ContainerDeletionChoosingPolicyTemplate.java:chooseContainerForBlockDeletion(83)) - Chosen 0/5000 blocks from 0 candidate containers.
2023-07-26 19:47:27,725 [FixedThreadPoolWithAffinityExecutor-8-0] WARN  container.ContainerReportHandler (AbstractContainerReportHandler.java:updateContainerState(260)) - Container #1 is in OPEN state, but the datanode c33e49d7-aab4-4e8b-84a2-e80ab64b386a(fv-az465-709/10.1.0.48) reports an CLOSED replica.
2023-07-26 19:47:27,726 [BlockDeletingService#9] INFO  interfaces.ContainerDeletionChoosingPolicyTemplate (ContainerDeletionChoosingPolicyTemplate.java:chooseContainerForBlockDeletion(83)) - Chosen 0/5000 blocks from 0 candidate containers.
2023-07-26 19:47:27,824 [FixedThreadPoolWithAffinityExecutor-0-0] WARN  container.ContainerReportHandler (AbstractContainerReportHandler.java:updateContainerState(260)) - Container #1 is in OPEN state, but the datanode 4099cb2b-2e2e-4151-9db7-f99ade631412(fv-az465-709/10.1.0.48) reports an CLOSED replica.
2023-07-26 19:47:27,825 [BlockDeletingService#0] INFO  interfaces.ContainerDeletionChoosingPolicyTemplate (ContainerDeletionChoosingPolicyTemplate.java:chooseContainerForBlockDeletion(83)) - Chosen 0/5000 blocks from 0 candidate containers.
2023-07-26 19:47:27,826 [BlockDeletingService#9] INFO  interfaces.ContainerDeletionChoosingPolicyTemplate (ContainerDeletionChoosingPolicyTemplate.java:chooseContainerForBlockDeletion(83)) - Chosen 0/5000 blocks from 0 candidate containers.
2023-07-26 19:47:27,925 [BlockDeletingService#0] INFO  interfaces.ContainerDeletionChoosingPolicyTemplate (ContainerDeletionChoosingPolicyTemplate.java:chooseContainerForBlockDeletion(83)) - Chosen 0/5000 blocks from 0 candidate containers.
2023-07-26 19:47:27,926 [BlockDeletingService#9] INFO  interfaces.ContainerDeletionChoosingPolicyTemplate (ContainerDeletionChoosingPolicyTemplate.java:chooseContainerForBlockDeletion(83)) - Chosen 0/5000 blocks from 0 candidate containers.
2023-07-26 19:47:28,025 [FixedThreadPoolWithAffinityExecutor-8-0] WARN  container.ContainerReportHandler (AbstractContainerReportHandler.java:updateContainerState(260)) - Container #1 is in OPEN state, but the datanode c33e49d7-aab4-4e8b-84a2-e80ab64b386a(fv-az465-709/10.1.0.48) reports an CLOSED replica.
2023-07-26 19:47:28,025 [BlockDeletingService#0] INFO  interfaces.ContainerDeletionChoosingPolicyTemplate (ContainerDeletionChoosingPolicyTemplate.java:chooseContainerForBlockDeletion(83)) - Chosen 0/5000 blocks from 0 candidate containers.
2023-07-26 19:47:28,026 [BlockDeletingService#9] INFO  interfaces.ContainerDeletionChoosingPolicyTemplate (ContainerDeletionChoosingPolicyTemplate.java:chooseContainerForBlockDeletion(83)) - Chosen 0/5000 blocks from 0 candidate containers.
2023-07-26 19:47:28,126 [BlockDeletingService#0] INFO  interfaces.ContainerDeletionChoosingPolicyTemplate (ContainerDeletionChoosingPolicyTemplate.java:chooseContainerForBlockDeletion(83)) - Chosen 0/5000 blocks from 0 candidate containers.
2023-07-26 19:47:28,127 [BlockDeletingService#9] INFO  interfaces.ContainerDeletionChoosingPolicyTemplate (ContainerDeletionChoosingPolicyTemplate.java:chooseContainerForBlockDeletion(83)) - Chosen 0/5000 blocks from 0 candidate containers.
2023-07-26 19:47:28,225 [FixedThreadPoolWithAffinityExecutor-0-0] WARN  container.ContainerReportHandler (AbstractContainerReportHandler.java:updateContainerState(260)) - Container #1 is in OPEN state, but the datanode 4099cb2b-2e2e-4151-9db7-f99ade631412(fv-az465-709/10.1.0.48) reports an CLOSED replica.
2023-07-26 19:47:28,225 [FixedThreadPoolWithAffinityExecutor-8-0] WARN  container.ContainerReportHandler (AbstractContainerReportHandler.java:updateContainerState(260)) - Container #1 is in OPEN state, but the datanode c33e49d7-aab4-4e8b-84a2-e80ab64b386a(fv-az465-709/10.1.0.48) reports an CLOSED replica.
2023-07-26 19:47:28,226 [BlockDeletingService#0] INFO  interfaces.ContainerDeletionChoosingPolicyTemplate (ContainerDeletionChoosingPolicyTemplate.java:chooseContainerForBlockDeletion(83)) - Chosen 0/5000 blocks from 0 candidate containers.
2023-07-26 19:47:28,227 [BlockDeletingService#9] INFO  interfaces.ContainerDeletionChoosingPolicyTemplate (ContainerDeletionChoosingPolicyTemplate.java:chooseContainerForBlockDeletion(83)) - Chosen 0/5000 blocks from 0 candidate containers.
2023-07-26 19:47:28,326 [BlockDeletingService#0] INFO  interfaces.ContainerDeletionChoosingPolicyTemplate (ContainerDeletionChoosingPolicyTemplate.java:chooseContainerForBlockDeletion(83)) - Chosen 0/5000 blocks from 0 candidate containers.
2023-07-26 19:47:28,327 [BlockDeletingService#9] INFO  interfaces.ContainerDeletionChoosingPolicyTemplate (ContainerDeletionChoosingPolicyTemplate.java:chooseContainerForBlockDeletion(83)) - Chosen 0/5000 blocks from 0 candidate containers.
2023-07-26 19:47:28,427 [BlockDeletingService#0] INFO  interfaces.ContainerDeletionChoosingPolicyTemplate (ContainerDeletionChoosingPolicyTemplate.java:chooseContainerForBlockDeletion(83)) - Chosen 0/5000 blocks from 0 candidate containers.
2023-07-26 19:47:28,427 [BlockDeletingService#9] INFO  interfaces.ContainerDeletionChoosingPolicyTemplate (ContainerDeletionChoosingPolicyTemplate.java:chooseContainerForBlockDeletion(83)) - Chosen 0/5000 blocks from 0 candidate containers.
2023-07-26 19:47:28,430 [FixedThreadPoolWithAffinityExecutor-8-0] WARN  container.ContainerReportHandler (AbstractContainerReportHandler.java:updateContainerState(260)) - Container #1 is in OPEN state, but the datanode c33e49d7-aab4-4e8b-84a2-e80ab64b386a(fv-az465-709/10.1.0.48) reports an CLOSED replica.
2023-07-26 19:47:28,526 [FixedThreadPoolWithAffinityExecutor-0-0] WARN  container.ContainerReportHandler (AbstractContainerReportHandler.java:updateContainerState(260)) - Container #1 is in OPEN state, but the datanode 4099cb2b-2e2e-4151-9db7-f99ade631412(fv-az465-709/10.1.0.48) reports an CLOSED replica.
2023-07-26 19:47:28,527 [BlockDeletingService#0] INFO  interfaces.ContainerDeletionChoosingPolicyTemplate (ContainerDeletionChoosingPolicyTemplate.java:chooseContainerForBlockDeletion(83)) - Chosen 0/5000 blocks from 0 candidate containers.
2023-07-26 19:47:28,527 [BlockDeletingService#9] INFO  interfaces.ContainerDeletionChoosingPolicyTemplate (ContainerDeletionChoosingPolicyTemplate.java:chooseContainerForBlockDeletion(83)) - Chosen 0/5000 blocks from 0 candidate containers.
2023-07-26 19:47:28,626 [FixedThreadPoolWithAffinityExecutor-8-0] WARN  container.ContainerReportHandler (AbstractContainerReportHandler.java:updateContainerState(260)) - Container #1 is in OPEN state, but the datanode c33e49d7-aab4-4e8b-84a2-e80ab64b386a(fv-az465-709/10.1.0.48) reports an CLOSED replica.
2023-07-26 19:47:28,628 [BlockDeletingService#0] INFO  interfaces.ContainerDeletionChoosingPolicyTemplate (ContainerDeletionChoosingPolicyTemplate.java:chooseContainerForBlockDeletion(83)) - Chosen 0/5000 blocks from 0 candidate containers.
2023-07-26 19:47:28,628 [BlockDeletingService#9] INFO  interfaces.ContainerDeletionChoosingPolicyTemplate (ContainerDeletionChoosingPolicyTemplate.java:chooseContainerForBlockDeletion(83)) - Chosen 0/5000 blocks from 0 candidate containers.
2023-07-26 19:47:28,728 [BlockDeletingService#0] INFO  interfaces.ContainerDeletionChoosingPolicyTemplate (ContainerDeletionChoosingPolicyTemplate.java:chooseContainerForBlockDeletion(83)) - Chosen 0/5000 blocks from 0 candidate containers.
2023-07-26 19:47:28,728 [BlockDeletingService#9] INFO  interfaces.ContainerDeletionChoosingPolicyTemplate (ContainerDeletionChoosingPolicyTemplate.java:chooseContainerForBlockDeletion(83)) - Chosen 0/5000 blocks from 0 candidate containers.
2023-07-26 19:47:28,828 [BlockDeletingService#0] INFO  interfaces.ContainerDeletionChoosingPolicyTemplate (ContainerDeletionChoosingPolicyTemplate.java:chooseContainerForBlockDeletion(83)) - Chosen 0/5000 blocks from 0 candidate containers.
2023-07-26 19:47:28,828 [BlockDeletingService#9] INFO  interfaces.ContainerDeletionChoosingPolicyTemplate (ContainerDeletionChoosingPolicyTemplate.java:chooseContainerForBlockDeletion(83)) - Chosen 0/5000 blocks from 0 candidate containers.
2023-07-26 19:47:28,926 [FixedThreadPoolWithAffinityExecutor-8-0] WARN  container.ContainerReportHandler (AbstractContainerReportHandler.java:updateContainerState(260)) - Container #1 is in OPEN state, but the datanode c33e49d7-aab4-4e8b-84a2-e80ab64b386a(fv-az465-709/10.1.0.48) reports an CLOSED replica.
2023-07-26 19:47:28,926 [FixedThreadPoolWithAffinityExecutor-0-0] WARN  container.ContainerReportHandler (AbstractContainerReportHandler.java:updateContainerState(260)) - Container #1 is in OPEN state, but the datanode 4099cb2b-2e2e-4151-9db7-f99ade631412(fv-az465-709/10.1.0.48) reports an CLOSED replica.
2023-07-26 19:47:28,929 [BlockDeletingService#0] INFO  interfaces.ContainerDeletionChoosingPolicyTemplate (ContainerDeletionChoosingPolicyTemplate.java:chooseContainerForBlockDeletion(83)) - Chosen 0/5000 blocks from 0 candidate containers.
2023-07-26 19:47:28,929 [BlockDeletingService#9] INFO  interfaces.ContainerDeletionChoosingPolicyTemplate (ContainerDeletionChoosingPolicyTemplate.java:chooseContainerForBlockDeletion(83)) - Chosen 0/5000 blocks from 0 candidate containers.
2023-07-26 19:47:28,962 [grpc-default-executor-2] WARN  server.GrpcLogAppender (LogUtils.java:warn(122)) - 4099cb2b-2e2e-4151-9db7-f99ade631412@group-1C7129A268B6->cc71d3b4-cf6a-416c-96eb-6097e97a8fe1-AppendLogResponseHandler: Failed appendEntries: org.apache.ratis.thirdparty.io.grpc.StatusRuntimeException: UNAVAILABLE: io exception
2023-07-26 19:47:28,964 [grpc-default-executor-2] WARN  server.GrpcLogAppender (GrpcLogAppender.java:resetClient(128)) - 4099cb2b-2e2e-4151-9db7-f99ade631412@group-1C7129A268B6->cc71d3b4-cf6a-416c-96eb-6097e97a8fe1-GrpcLogAppender: Follower failed when matchIndex == 0,  keep nextIndex (6) unchanged and retry.
2023-07-26 19:47:28,964 [grpc-default-executor-3] WARN  server.GrpcLogAppender (LogUtils.java:warn(122)) - 4099cb2b-2e2e-4151-9db7-f99ade631412@group-1C7129A268B6->cc71d3b4-cf6a-416c-96eb-6097e97a8fe1-AppendLogResponseHandler: Failed appendEntries: org.apache.ratis.thirdparty.io.grpc.StatusRuntimeException: UNAVAILABLE: io exception
2023-07-26 19:47:28,964 [grpc-default-executor-3] WARN  server.GrpcLogAppender (GrpcLogAppender.java:resetClient(128)) - 4099cb2b-2e2e-4151-9db7-f99ade631412@group-1C7129A268B6->cc71d3b4-cf6a-416c-96eb-6097e97a8fe1-GrpcLogAppender: Follower failed when matchIndex == 0,  keep nextIndex (6) unchanged and retry.
2023-07-26 19:47:29,029 [BlockDeletingService#0] INFO  interfaces.ContainerDeletionChoosingPolicyTemplate (ContainerDeletionChoosingPolicyTemplate.java:chooseContainerForBlockDeletion(83)) - Chosen 0/5000 blocks from 0 candidate containers.
2023-07-26 19:47:29,029 [BlockDeletingService#9] INFO  interfaces.ContainerDeletionChoosingPolicyTemplate (ContainerDeletionChoosingPolicyTemplate.java:chooseContainerForBlockDeletion(83)) - Chosen 0/5000 blocks from 0 candidate containers.
2023-07-26 19:47:29,127 [FixedThreadPoolWithAffinityExecutor-8-0] WARN  container.ContainerReportHandler (AbstractContainerReportHandler.java:updateContainerState(260)) - Container #1 is in OPEN state, but the datanode c33e49d7-aab4-4e8b-84a2-e80ab64b386a(fv-az465-709/10.1.0.48) reports an CLOSED replica.
2023-07-26 19:47:29,129 [BlockDeletingService#0] INFO  interfaces.ContainerDeletionChoosingPolicyTemplate (ContainerDeletionChoosingPolicyTemplate.java:chooseContainerForBlockDeletion(83)) - Chosen 0/5000 blocks from 0 candidate containers.
2023-07-26 19:47:29,130 [BlockDeletingService#9] INFO  interfaces.ContainerDeletionChoosingPolicyTemplate (ContainerDeletionChoosingPolicyTemplate.java:chooseContainerForBlockDeletion(83)) - Chosen 0/5000 blocks from 0 candidate containers.
2023-07-26 19:47:29,226 [FixedThreadPoolWithAffinityExecutor-0-0] WARN  container.ContainerReportHandler (AbstractContainerReportHandler.java:updateContainerState(260)) - Container #1 is in OPEN state, but the datanode 4099cb2b-2e2e-4151-9db7-f99ade631412(fv-az465-709/10.1.0.48) reports an CLOSED replica.
2023-07-26 19:47:29,230 [BlockDeletingService#0] INFO  interfaces.ContainerDeletionChoosingPolicyTemplate (ContainerDeletionChoosingPolicyTemplate.java:chooseContainerForBlockDeletion(83)) - Chosen 0/5000 blocks from 0 candidate containers.
2023-07-26 19:47:29,230 [BlockDeletingService#9] INFO  interfaces.ContainerDeletionChoosingPolicyTemplate (ContainerDeletionChoosingPolicyTemplate.java:chooseContainerForBlockDeletion(83)) - Chosen 0/5000 blocks from 0 candidate containers.
2023-07-26 19:47:29,327 [FixedThreadPoolWithAffinityExecutor-8-0] WARN  container.ContainerReportHandler (AbstractContainerReportHandler.java:updateContainerState(260)) - Container #1 is in OPEN state, but the datanode c33e49d7-aab4-4e8b-84a2-e80ab64b386a(fv-az465-709/10.1.0.48) reports an CLOSED replica.
2023-07-26 19:47:29,330 [BlockDeletingService#0] INFO  interfaces.ContainerDeletionChoosingPolicyTemplate (ContainerDeletionChoosingPolicyTemplate.java:chooseContainerForBlockDeletion(83)) - Chosen 0/5000 blocks from 0 candidate containers.
2023-07-26 19:47:29,330 [BlockDeletingService#9] INFO  interfaces.ContainerDeletionChoosingPolicyTemplate (ContainerDeletionChoosingPolicyTemplate.java:chooseContainerForBlockDeletion(83)) - Chosen 0/5000 blocks from 0 candidate containers.
2023-07-26 19:47:29,430 [BlockDeletingService#0] INFO  interfaces.ContainerDeletionChoosingPolicyTemplate (ContainerDeletionChoosingPolicyTemplate.java:chooseContainerForBlockDeletion(83)) - Chosen 0/5000 blocks from 0 candidate containers.
2023-07-26 19:47:29,430 [BlockDeletingService#9] INFO  interfaces.ContainerDeletionChoosingPolicyTemplate (ContainerDeletionChoosingPolicyTemplate.java:chooseContainerForBlockDeletion(83)) - Chosen 0/5000 blocks from 0 candidate containers.
2023-07-26 19:47:29,527 [FixedThreadPoolWithAffinityExecutor-0-0] WARN  container.ContainerReportHandler (AbstractContainerReportHandler.java:updateContainerState(260)) - Container #1 is in OPEN state, but the datanode 4099cb2b-2e2e-4151-9db7-f99ade631412(fv-az465-709/10.1.0.48) reports an CLOSED replica.
2023-07-26 19:47:29,531 [BlockDeletingService#0] INFO  interfaces.ContainerDeletionChoosingPolicyTemplate (ContainerDeletionChoosingPolicyTemplate.java:chooseContainerForBlockDeletion(83)) - Chosen 0/5000 blocks from 0 candidate containers.
2023-07-26 19:47:29,531 [BlockDeletingService#9] INFO  interfaces.ContainerDeletionChoosingPolicyTemplate (ContainerDeletionChoosingPolicyTemplate.java:chooseContainerForBlockDeletion(83)) - Chosen 0/5000 blocks from 0 candidate containers.
2023-07-26 19:47:29,627 [FixedThreadPoolWithAffinityExecutor-8-0] WARN  container.ContainerReportHandler (AbstractContainerReportHandler.java:updateContainerState(260)) - Container #1 is in OPEN state, but the datanode c33e49d7-aab4-4e8b-84a2-e80ab64b386a(fv-az465-709/10.1.0.48) reports an CLOSED replica.
2023-07-26 19:47:29,631 [BlockDeletingService#0] INFO  interfaces.ContainerDeletionChoosingPolicyTemplate (ContainerDeletionChoosingPolicyTemplate.java:chooseContainerForBlockDeletion(83)) - Chosen 0/5000 blocks from 0 candidate containers.
2023-07-26 19:47:29,631 [BlockDeletingService#9] INFO  interfaces.ContainerDeletionChoosingPolicyTemplate (ContainerDeletionChoosingPolicyTemplate.java:chooseContainerForBlockDeletion(83)) - Chosen 0/5000 blocks from 0 candidate containers.
2023-07-26 19:47:29,731 [BlockDeletingService#9] INFO  interfaces.ContainerDeletionChoosingPolicyTemplate (ContainerDeletionChoosingPolicyTemplate.java:chooseContainerForBlockDeletion(83)) - Chosen 0/5000 blocks from 0 candidate containers.
2023-07-26 19:47:29,733 [BlockDeletingService#0] INFO  interfaces.ContainerDeletionChoosingPolicyTemplate (ContainerDeletionChoosingPolicyTemplate.java:chooseContainerForBlockDeletion(83)) - Chosen 0/5000 blocks from 0 candidate containers.
2023-07-26 19:47:29,830 [FixedThreadPoolWithAffinityExecutor-8-0] WARN  container.ContainerReportHandler (AbstractContainerReportHandler.java:updateContainerState(260)) - Container #1 is in OPEN state, but the datanode c33e49d7-aab4-4e8b-84a2-e80ab64b386a(fv-az465-709/10.1.0.48) reports an CLOSED replica.
2023-07-26 19:47:29,832 [BlockDeletingService#9] INFO  interfaces.ContainerDeletionChoosingPolicyTemplate (ContainerDeletionChoosingPolicyTemplate.java:chooseContainerForBlockDeletion(83)) - Chosen 0/5000 blocks from 0 candidate containers.
2023-07-26 19:47:29,833 [BlockDeletingService#0] INFO  interfaces.ContainerDeletionChoosingPolicyTemplate (ContainerDeletionChoosingPolicyTemplate.java:chooseContainerForBlockDeletion(83)) - Chosen 0/5000 blocks from 0 candidate containers.
2023-07-26 19:47:29,928 [FixedThreadPoolWithAffinityExecutor-0-0] WARN  container.ContainerReportHandler (AbstractContainerReportHandler.java:updateContainerState(260)) - Container #1 is in OPEN state, but the datanode 4099cb2b-2e2e-4151-9db7-f99ade631412(fv-az465-709/10.1.0.48) reports an CLOSED replica.
2023-07-26 19:47:29,932 [BlockDeletingService#9] INFO  interfaces.ContainerDeletionChoosingPolicyTemplate (ContainerDeletionChoosingPolicyTemplate.java:chooseContainerForBlockDeletion(83)) - Chosen 0/5000 blocks from 0 candidate containers.
2023-07-26 19:47:29,934 [BlockDeletingService#0] INFO  interfaces.ContainerDeletionChoosingPolicyTemplate (ContainerDeletionChoosingPolicyTemplate.java:chooseContainerForBlockDeletion(83)) - Chosen 0/5000 blocks from 0 candidate containers.
2023-07-26 19:47:30,030 [FixedThreadPoolWithAffinityExecutor-8-0] WARN  container.ContainerReportHandler (AbstractContainerReportHandler.java:updateContainerState(260)) - Container #1 is in OPEN state, but the datanode c33e49d7-aab4-4e8b-84a2-e80ab64b386a(fv-az465-709/10.1.0.48) reports an CLOSED replica.
2023-07-26 19:47:30,032 [BlockDeletingService#9] INFO  interfaces.ContainerDeletionChoosingPolicyTemplate (ContainerDeletionChoosingPolicyTemplate.java:chooseContainerForBlockDeletion(83)) - Chosen 0/5000 blocks from 0 candidate containers.
2023-07-26 19:47:30,034 [BlockDeletingService#0] INFO  interfaces.ContainerDeletionChoosingPolicyTemplate (ContainerDeletionChoosingPolicyTemplate.java:chooseContainerForBlockDeletion(83)) - Chosen 0/5000 blocks from 0 candidate containers.
2023-07-26 19:47:30,132 [BlockDeletingService#9] INFO  interfaces.ContainerDeletionChoosingPolicyTemplate (ContainerDeletionChoosingPolicyTemplate.java:chooseContainerForBlockDeletion(83)) - Chosen 0/5000 blocks from 0 candidate containers.
2023-07-26 19:47:30,134 [BlockDeletingService#0] INFO  interfaces.ContainerDeletionChoosingPolicyTemplate (ContainerDeletionChoosingPolicyTemplate.java:chooseContainerForBlockDeletion(83)) - Chosen 0/5000 blocks from 0 candidate containers.
2023-07-26 19:47:30,213 [grpc-default-executor-3] WARN  server.GrpcLogAppender (LogUtils.java:warn(122)) - 4099cb2b-2e2e-4151-9db7-f99ade631412@group-1C7129A268B6->cc71d3b4-cf6a-416c-96eb-6097e97a8fe1-AppendLogResponseHandler: Failed appendEntries: org.apache.ratis.thirdparty.io.grpc.StatusRuntimeException: UNAVAILABLE: io exception
2023-07-26 19:47:30,213 [grpc-default-executor-2] WARN  server.GrpcLogAppender (LogUtils.java:warn(122)) - 4099cb2b-2e2e-4151-9db7-f99ade631412@group-1C7129A268B6->cc71d3b4-cf6a-416c-96eb-6097e97a8fe1-AppendLogResponseHandler: Failed appendEntries: org.apache.ratis.thirdparty.io.grpc.StatusRuntimeException: UNAVAILABLE: io exception
2023-07-26 19:47:30,214 [grpc-default-executor-3] WARN  server.GrpcLogAppender (GrpcLogAppender.java:resetClient(128)) - 4099cb2b-2e2e-4151-9db7-f99ade631412@group-1C7129A268B6->cc71d3b4-cf6a-416c-96eb-6097e97a8fe1-GrpcLogAppender: Follower failed when matchIndex == 0,  keep nextIndex (6) unchanged and retry.
2023-07-26 19:47:30,215 [grpc-default-executor-2] WARN  server.GrpcLogAppender (GrpcLogAppender.java:resetClient(128)) - 4099cb2b-2e2e-4151-9db7-f99ade631412@group-1C7129A268B6->cc71d3b4-cf6a-416c-96eb-6097e97a8fe1-GrpcLogAppender: Follower failed when matchIndex == 0,  keep nextIndex (6) unchanged and retry.
2023-07-26 19:47:30,231 [FixedThreadPoolWithAffinityExecutor-0-0] WARN  container.ContainerReportHandler (AbstractContainerReportHandler.java:updateContainerState(260)) - Container #1 is in OPEN state, but the datanode 4099cb2b-2e2e-4151-9db7-f99ade631412(fv-az465-709/10.1.0.48) reports an CLOSED replica.
2023-07-26 19:47:30,233 [BlockDeletingService#9] INFO  interfaces.ContainerDeletionChoosingPolicyTemplate (ContainerDeletionChoosingPolicyTemplate.java:chooseContainerForBlockDeletion(83)) - Chosen 0/5000 blocks from 0 candidate containers.
2023-07-26 19:47:30,234 [BlockDeletingService#0] INFO  interfaces.ContainerDeletionChoosingPolicyTemplate (ContainerDeletionChoosingPolicyTemplate.java:chooseContainerForBlockDeletion(83)) - Chosen 0/5000 blocks from 0 candidate containers.
2023-07-26 19:47:30,333 [FixedThreadPoolWithAffinityExecutor-8-0] WARN  container.ContainerReportHandler (AbstractContainerReportHandler.java:updateContainerState(260)) - Container #1 is in OPEN state, but the datanode c33e49d7-aab4-4e8b-84a2-e80ab64b386a(fv-az465-709/10.1.0.48) reports an CLOSED replica.
2023-07-26 19:47:30,333 [BlockDeletingService#9] INFO  interfaces.ContainerDeletionChoosingPolicyTemplate (ContainerDeletionChoosingPolicyTemplate.java:chooseContainerForBlockDeletion(83)) - Chosen 0/5000 blocks from 0 candidate containers.
2023-07-26 19:47:30,335 [BlockDeletingService#0] INFO  interfaces.ContainerDeletionChoosingPolicyTemplate (ContainerDeletionChoosingPolicyTemplate.java:chooseContainerForBlockDeletion(83)) - Chosen 0/5000 blocks from 0 candidate containers.
2023-07-26 19:47:30,433 [BlockDeletingService#9] INFO  interfaces.ContainerDeletionChoosingPolicyTemplate (ContainerDeletionChoosingPolicyTemplate.java:chooseContainerForBlockDeletion(83)) - Chosen 0/5000 blocks from 0 candidate containers.
2023-07-26 19:47:30,435 [BlockDeletingService#0] INFO  interfaces.ContainerDeletionChoosingPolicyTemplate (ContainerDeletionChoosingPolicyTemplate.java:chooseContainerForBlockDeletion(83)) - Chosen 0/5000 blocks from 0 candidate containers.
2023-07-26 19:47:30,531 [FixedThreadPoolWithAffinityExecutor-8-0] WARN  container.ContainerReportHandler (AbstractContainerReportHandler.java:updateContainerState(260)) - Container #1 is in OPEN state, but the datanode c33e49d7-aab4-4e8b-84a2-e80ab64b386a(fv-az465-709/10.1.0.48) reports an CLOSED replica.
2023-07-26 19:47:30,534 [BlockDeletingService#9] INFO  interfaces.ContainerDeletionChoosingPolicyTemplate (ContainerDeletionChoosingPolicyTemplate.java:chooseContainerForBlockDeletion(83)) - Chosen 0/5000 blocks from 0 candidate containers.
2023-07-26 19:47:30,535 [BlockDeletingService#0] INFO  interfaces.ContainerDeletionChoosingPolicyTemplate (ContainerDeletionChoosingPolicyTemplate.java:chooseContainerForBlockDeletion(83)) - Chosen 0/5000 blocks from 0 candidate containers.
2023-07-26 19:47:30,631 [FixedThreadPoolWithAffinityExecutor-0-0] WARN  container.ContainerReportHandler (AbstractContainerReportHandler.java:updateContainerState(260)) - Container #1 is in OPEN state, but the datanode 4099cb2b-2e2e-4151-9db7-f99ade631412(fv-az465-709/10.1.0.48) reports an CLOSED replica.
2023-07-26 19:47:30,634 [BlockDeletingService#9] INFO  interfaces.ContainerDeletionChoosingPolicyTemplate (ContainerDeletionChoosingPolicyTemplate.java:chooseContainerForBlockDeletion(83)) - Chosen 0/5000 blocks from 0 candidate containers.
2023-07-26 19:47:30,635 [BlockDeletingService#0] INFO  interfaces.ContainerDeletionChoosingPolicyTemplate (ContainerDeletionChoosingPolicyTemplate.java:chooseContainerForBlockDeletion(83)) - Chosen 0/5000 blocks from 0 candidate containers.
2023-07-26 19:47:30,730 [FixedThreadPoolWithAffinityExecutor-8-0] WARN  container.ContainerReportHandler (AbstractContainerReportHandler.java:updateContainerState(260)) - Container #1 is in OPEN state, but the datanode c33e49d7-aab4-4e8b-84a2-e80ab64b386a(fv-az465-709/10.1.0.48) reports an CLOSED replica.
2023-07-26 19:47:30,734 [BlockDeletingService#9] INFO  interfaces.ContainerDeletionChoosingPolicyTemplate (ContainerDeletionChoosingPolicyTemplate.java:chooseContainerForBlockDeletion(83)) - Chosen 0/5000 blocks from 0 candidate containers.
2023-07-26 19:47:30,735 [BlockDeletingService#0] INFO  interfaces.ContainerDeletionChoosingPolicyTemplate (ContainerDeletionChoosingPolicyTemplate.java:chooseContainerForBlockDeletion(83)) - Chosen 0/5000 blocks from 0 candidate containers.
2023-07-26 19:47:30,835 [BlockDeletingService#9] INFO  interfaces.ContainerDeletionChoosingPolicyTemplate (ContainerDeletionChoosingPolicyTemplate.java:chooseContainerForBlockDeletion(83)) - Chosen 0/5000 blocks from 0 candidate containers.
2023-07-26 19:47:30,836 [BlockDeletingService#0] INFO  interfaces.ContainerDeletionChoosingPolicyTemplate (ContainerDeletionChoosingPolicyTemplate.java:chooseContainerForBlockDeletion(83)) - Chosen 0/5000 blocks from 0 candidate containers.
2023-07-26 19:47:30,933 [FixedThreadPoolWithAffinityExecutor-0-0] WARN  container.ContainerReportHandler (AbstractContainerReportHandler.java:updateContainerState(260)) - Container #1 is in OPEN state, but the datanode 4099cb2b-2e2e-4151-9db7-f99ade631412(fv-az465-709/10.1.0.48) reports an CLOSED replica.
2023-07-26 19:47:30,935 [BlockDeletingService#9] INFO  interfaces.ContainerDeletionChoosingPolicyTemplate (ContainerDeletionChoosingPolicyTemplate.java:chooseContainerForBlockDeletion(83)) - Chosen 0/5000 blocks from 0 candidate containers.
2023-07-26 19:47:30,936 [BlockDeletingService#0] INFO  interfaces.ContainerDeletionChoosingPolicyTemplate (ContainerDeletionChoosingPolicyTemplate.java:chooseContainerForBlockDeletion(83)) - Chosen 0/5000 blocks from 0 candidate containers.
2023-07-26 19:47:31,031 [FixedThreadPoolWithAffinityExecutor-8-0] WARN  container.ContainerReportHandler (AbstractContainerReportHandler.java:updateContainerState(260)) - Container #1 is in OPEN state, but the datanode c33e49d7-aab4-4e8b-84a2-e80ab64b386a(fv-az465-709/10.1.0.48) reports an CLOSED replica.
2023-07-26 19:47:31,035 [BlockDeletingService#9] INFO  interfaces.ContainerDeletionChoosingPolicyTemplate (ContainerDeletionChoosingPolicyTemplate.java:chooseContainerForBlockDeletion(83)) - Chosen 0/5000 blocks from 0 candidate containers.
2023-07-26 19:47:31,036 [BlockDeletingService#0] INFO  interfaces.ContainerDeletionChoosingPolicyTemplate (ContainerDeletionChoosingPolicyTemplate.java:chooseContainerForBlockDeletion(83)) - Chosen 0/5000 blocks from 0 candidate containers.
2023-07-26 19:47:31,136 [BlockDeletingService#9] INFO  interfaces.ContainerDeletionChoosingPolicyTemplate (ContainerDeletionChoosingPolicyTemplate.java:chooseContainerForBlockDeletion(83)) - Chosen 0/5000 blocks from 0 candidate containers.
2023-07-26 19:47:31,136 [BlockDeletingService#0] INFO  interfaces.ContainerDeletionChoosingPolicyTemplate (ContainerDeletionChoosingPolicyTemplate.java:chooseContainerForBlockDeletion(83)) - Chosen 0/5000 blocks from 0 candidate containers.
2023-07-26 19:47:31,234 [FixedThreadPoolWithAffinityExecutor-8-0] WARN  container.ContainerReportHandler (AbstractContainerReportHandler.java:updateContainerState(260)) - Container #1 is in OPEN state, but the datanode c33e49d7-aab4-4e8b-84a2-e80ab64b386a(fv-az465-709/10.1.0.48) reports an CLOSED replica.
2023-07-26 19:47:31,234 [FixedThreadPoolWithAffinityExecutor-0-0] WARN  container.ContainerReportHandler (AbstractContainerReportHandler.java:updateContainerState(260)) - Container #1 is in OPEN state, but the datanode 4099cb2b-2e2e-4151-9db7-f99ade631412(fv-az465-709/10.1.0.48) reports an CLOSED replica.
2023-07-26 19:47:31,236 [BlockDeletingService#9] INFO  interfaces.ContainerDeletionChoosingPolicyTemplate (ContainerDeletionChoosingPolicyTemplate.java:chooseContainerForBlockDeletion(83)) - Chosen 0/5000 blocks from 0 candidate containers.
2023-07-26 19:47:31,236 [BlockDeletingService#0] INFO  interfaces.ContainerDeletionChoosingPolicyTemplate (ContainerDeletionChoosingPolicyTemplate.java:chooseContainerForBlockDeletion(83)) - Chosen 0/5000 blocks from 0 candidate containers.
2023-07-26 19:47:31,336 [BlockDeletingService#9] INFO  interfaces.ContainerDeletionChoosingPolicyTemplate (ContainerDeletionChoosingPolicyTemplate.java:chooseContainerForBlockDeletion(83)) - Chosen 0/5000 blocks from 0 candidate containers.
2023-07-26 19:47:31,337 [BlockDeletingService#0] INFO  interfaces.ContainerDeletionChoosingPolicyTemplate (ContainerDeletionChoosingPolicyTemplate.java:chooseContainerForBlockDeletion(83)) - Chosen 0/5000 blocks from 0 candidate containers.
2023-07-26 19:47:31,434 [FixedThreadPoolWithAffinityExecutor-8-0] WARN  container.ContainerReportHandler (AbstractContainerReportHandler.java:updateContainerState(260)) - Container #1 is in OPEN state, but the datanode c33e49d7-aab4-4e8b-84a2-e80ab64b386a(fv-az465-709/10.1.0.48) reports an CLOSED replica.
2023-07-26 19:47:31,437 [BlockDeletingService#0] INFO  interfaces.ContainerDeletionChoosingPolicyTemplate (ContainerDeletionChoosingPolicyTemplate.java:chooseContainerForBlockDeletion(83)) - Chosen 0/5000 blocks from 0 candidate containers.
2023-07-26 19:47:31,437 [BlockDeletingService#9] INFO  interfaces.ContainerDeletionChoosingPolicyTemplate (ContainerDeletionChoosingPolicyTemplate.java:chooseContainerForBlockDeletion(83)) - Chosen 0/5000 blocks from 0 candidate containers.
2023-07-26 19:47:31,464 [grpc-default-executor-2] WARN  server.GrpcLogAppender (LogUtils.java:warn(122)) - 4099cb2b-2e2e-4151-9db7-f99ade631412@group-1C7129A268B6->cc71d3b4-cf6a-416c-96eb-6097e97a8fe1-AppendLogResponseHandler: Failed appendEntries: org.apache.ratis.thirdparty.io.grpc.StatusRuntimeException: UNAVAILABLE: io exception
2023-07-26 19:47:31,465 [grpc-default-executor-2] WARN  server.GrpcLogAppender (GrpcLogAppender.java:resetClient(128)) - 4099cb2b-2e2e-4151-9db7-f99ade631412@group-1C7129A268B6->cc71d3b4-cf6a-416c-96eb-6097e97a8fe1-GrpcLogAppender: Follower failed when matchIndex == 0,  keep nextIndex (6) unchanged and retry.
2023-07-26 19:47:31,465 [grpc-default-executor-3] WARN  server.GrpcLogAppender (LogUtils.java:warn(122)) - 4099cb2b-2e2e-4151-9db7-f99ade631412@group-1C7129A268B6->cc71d3b4-cf6a-416c-96eb-6097e97a8fe1-AppendLogResponseHandler: Failed appendEntries: org.apache.ratis.thirdparty.io.grpc.StatusRuntimeException: UNAVAILABLE: io exception
2023-07-26 19:47:31,465 [grpc-default-executor-3] WARN  server.GrpcLogAppender (GrpcLogAppender.java:resetClient(128)) - 4099cb2b-2e2e-4151-9db7-f99ade631412@group-1C7129A268B6->cc71d3b4-cf6a-416c-96eb-6097e97a8fe1-GrpcLogAppender: Follower failed when matchIndex == 0,  keep nextIndex (6) unchanged and retry.
2023-07-26 19:47:31,537 [BlockDeletingService#0] INFO  interfaces.ContainerDeletionChoosingPolicyTemplate (ContainerDeletionChoosingPolicyTemplate.java:chooseContainerForBlockDeletion(83)) - Chosen 0/5000 blocks from 0 candidate containers.
2023-07-26 19:47:31,537 [BlockDeletingService#9] INFO  interfaces.ContainerDeletionChoosingPolicyTemplate (ContainerDeletionChoosingPolicyTemplate.java:chooseContainerForBlockDeletion(83)) - Chosen 0/5000 blocks from 0 candidate containers.
2023-07-26 19:47:31,635 [FixedThreadPoolWithAffinityExecutor-8-0] WARN  container.ContainerReportHandler (AbstractContainerReportHandler.java:updateContainerState(260)) - Container #1 is in OPEN state, but the datanode c33e49d7-aab4-4e8b-84a2-e80ab64b386a(fv-az465-709/10.1.0.48) reports an CLOSED replica.
2023-07-26 19:47:31,635 [FixedThreadPoolWithAffinityExecutor-0-0] WARN  container.ContainerReportHandler (AbstractContainerReportHandler.java:updateContainerState(260)) - Container #1 is in OPEN state, but the datanode 4099cb2b-2e2e-4151-9db7-f99ade631412(fv-az465-709/10.1.0.48) reports an CLOSED replica.
2023-07-26 19:47:31,637 [BlockDeletingService#0] INFO  interfaces.ContainerDeletionChoosingPolicyTemplate (ContainerDeletionChoosingPolicyTemplate.java:chooseContainerForBlockDeletion(83)) - Chosen 0/5000 blocks from 0 candidate containers.
2023-07-26 19:47:31,637 [BlockDeletingService#9] INFO  interfaces.ContainerDeletionChoosingPolicyTemplate (ContainerDeletionChoosingPolicyTemplate.java:chooseContainerForBlockDeletion(83)) - Chosen 0/5000 blocks from 0 candidate containers.
2023-07-26 19:47:31,738 [BlockDeletingService#0] INFO  interfaces.ContainerDeletionChoosingPolicyTemplate (ContainerDeletionChoosingPolicyTemplate.java:chooseContainerForBlockDeletion(83)) - Chosen 0/5000 blocks from 0 candidate containers.
2023-07-26 19:47:31,738 [BlockDeletingService#9] INFO  interfaces.ContainerDeletionChoosingPolicyTemplate (ContainerDeletionChoosingPolicyTemplate.java:chooseContainerForBlockDeletion(83)) - Chosen 0/5000 blocks from 0 candidate containers.
2023-07-26 19:47:31,838 [BlockDeletingService#0] INFO  interfaces.ContainerDeletionChoosingPolicyTemplate (ContainerDeletionChoosingPolicyTemplate.java:chooseContainerForBlockDeletion(83)) - Chosen 0/5000 blocks from 0 candidate containers.
2023-07-26 19:47:31,838 [BlockDeletingService#9] INFO  interfaces.ContainerDeletionChoosingPolicyTemplate (ContainerDeletionChoosingPolicyTemplate.java:chooseContainerForBlockDeletion(83)) - Chosen 0/5000 blocks from 0 candidate containers.
2023-07-26 19:47:31,934 [FixedThreadPoolWithAffinityExecutor-8-0] WARN  container.ContainerReportHandler (AbstractContainerReportHandler.java:updateContainerState(260)) - Container #1 is in OPEN state, but the datanode c33e49d7-aab4-4e8b-84a2-e80ab64b386a(fv-az465-709/10.1.0.48) reports an CLOSED replica.
2023-07-26 19:47:31,935 [FixedThreadPoolWithAffinityExecutor-0-0] WARN  container.ContainerReportHandler (AbstractContainerReportHandler.java:updateContainerState(260)) - Container #1 is in OPEN state, but the datanode 4099cb2b-2e2e-4151-9db7-f99ade631412(fv-az465-709/10.1.0.48) reports an CLOSED replica.
2023-07-26 19:47:31,938 [BlockDeletingService#0] INFO  interfaces.ContainerDeletionChoosingPolicyTemplate (ContainerDeletionChoosingPolicyTemplate.java:chooseContainerForBlockDeletion(83)) - Chosen 0/5000 blocks from 0 candidate containers.
2023-07-26 19:47:31,938 [BlockDeletingService#9] INFO  interfaces.ContainerDeletionChoosingPolicyTemplate (ContainerDeletionChoosingPolicyTemplate.java:chooseContainerForBlockDeletion(83)) - Chosen 0/5000 blocks from 0 candidate containers.
2023-07-26 19:47:32,039 [BlockDeletingService#0] INFO  interfaces.ContainerDeletionChoosingPolicyTemplate (ContainerDeletionChoosingPolicyTemplate.java:chooseContainerForBlockDeletion(83)) - Chosen 0/5000 blocks from 0 candidate containers.
2023-07-26 19:47:32,039 [BlockDeletingService#9] INFO  interfaces.ContainerDeletionChoosingPolicyTemplate (ContainerDeletionChoosingPolicyTemplate.java:chooseContainerForBlockDeletion(83)) - Chosen 0/5000 blocks from 0 candidate containers.
2023-07-26 19:47:32,133 [FixedThreadPoolWithAffinityExecutor-8-0] WARN  container.ContainerReportHandler (AbstractContainerReportHandler.java:updateContainerState(260)) - Container #1 is in OPEN state, but the datanode c33e49d7-aab4-4e8b-84a2-e80ab64b386a(fv-az465-709/10.1.0.48) reports an CLOSED replica.
2023-07-26 19:47:32,139 [BlockDeletingService#0] INFO  interfaces.ContainerDeletionChoosingPolicyTemplate (ContainerDeletionChoosingPolicyTemplate.java:chooseContainerForBlockDeletion(83)) - Chosen 0/5000 blocks from 0 candidate containers.
2023-07-26 19:47:32,139 [BlockDeletingService#9] INFO  interfaces.ContainerDeletionChoosingPolicyTemplate (ContainerDeletionChoosingPolicyTemplate.java:chooseContainerForBlockDeletion(83)) - Chosen 0/5000 blocks from 0 candidate containers.
2023-07-26 19:47:32,239 [BlockDeletingService#0] INFO  interfaces.ContainerDeletionChoosingPolicyTemplate (ContainerDeletionChoosingPolicyTemplate.java:chooseContainerForBlockDeletion(83)) - Chosen 0/5000 blocks from 0 candidate containers.
2023-07-26 19:47:32,239 [BlockDeletingService#9] INFO  interfaces.ContainerDeletionChoosingPolicyTemplate (ContainerDeletionChoosingPolicyTemplate.java:chooseContainerForBlockDeletion(83)) - Chosen 0/5000 blocks from 0 candidate containers.
2023-07-26 19:47:32,333 [FixedThreadPoolWithAffinityExecutor-8-0] WARN  container.ContainerReportHandler (AbstractContainerReportHandler.java:updateContainerState(260)) - Container #1 is in OPEN state, but the datanode c33e49d7-aab4-4e8b-84a2-e80ab64b386a(fv-az465-709/10.1.0.48) reports an CLOSED replica.
2023-07-26 19:47:32,334 [FixedThreadPoolWithAffinityExecutor-0-0] WARN  container.ContainerReportHandler (AbstractContainerReportHandler.java:updateContainerState(260)) - Container #1 is in OPEN state, but the datanode 4099cb2b-2e2e-4151-9db7-f99ade631412(fv-az465-709/10.1.0.48) reports an CLOSED replica.
2023-07-26 19:47:32,339 [BlockDeletingService#0] INFO  interfaces.ContainerDeletionChoosingPolicyTemplate (ContainerDeletionChoosingPolicyTemplate.java:chooseContainerForBlockDeletion(83)) - Chosen 0/5000 blocks from 0 candidate containers.
2023-07-26 19:47:32,340 [BlockDeletingService#9] INFO  interfaces.ContainerDeletionChoosingPolicyTemplate (ContainerDeletionChoosingPolicyTemplate.java:chooseContainerForBlockDeletion(83)) - Chosen 0/5000 blocks from 0 candidate containers.
2023-07-26 19:47:32,440 [BlockDeletingService#0] INFO  interfaces.ContainerDeletionChoosingPolicyTemplate (ContainerDeletionChoosingPolicyTemplate.java:chooseContainerForBlockDeletion(83)) - Chosen 0/5000 blocks from 0 candidate containers.
2023-07-26 19:47:32,440 [BlockDeletingService#9] INFO  interfaces.ContainerDeletionChoosingPolicyTemplate (ContainerDeletionChoosingPolicyTemplate.java:chooseContainerForBlockDeletion(83)) - Chosen 0/5000 blocks from 0 candidate containers.
2023-07-26 19:47:32,540 [BlockDeletingService#0] INFO  interfaces.ContainerDeletionChoosingPolicyTemplate (ContainerDeletionChoosingPolicyTemplate.java:chooseContainerForBlockDeletion(83)) - Chosen 0/5000 blocks from 0 candidate containers.
2023-07-26 19:47:32,540 [BlockDeletingService#9] INFO  interfaces.ContainerDeletionChoosingPolicyTemplate (ContainerDeletionChoosingPolicyTemplate.java:chooseContainerForBlockDeletion(83)) - Chosen 0/5000 blocks from 0 candidate containers.
2023-07-26 19:47:32,634 [FixedThreadPoolWithAffinityExecutor-8-0] WARN  container.ContainerReportHandler (AbstractContainerReportHandler.java:updateContainerState(260)) - Container #1 is in OPEN state, but the datanode c33e49d7-aab4-4e8b-84a2-e80ab64b386a(fv-az465-709/10.1.0.48) reports an CLOSED replica.
2023-07-26 19:47:32,635 [FixedThreadPoolWithAffinityExecutor-0-0] WARN  container.ContainerReportHandler (AbstractContainerReportHandler.java:updateContainerState(260)) - Container #1 is in OPEN state, but the datanode 4099cb2b-2e2e-4151-9db7-f99ade631412(fv-az465-709/10.1.0.48) reports an CLOSED replica.
2023-07-26 19:47:32,641 [BlockDeletingService#0] INFO  interfaces.ContainerDeletionChoosingPolicyTemplate (ContainerDeletionChoosingPolicyTemplate.java:chooseContainerForBlockDeletion(83)) - Chosen 0/5000 blocks from 0 candidate containers.
2023-07-26 19:47:32,641 [BlockDeletingService#9] INFO  interfaces.ContainerDeletionChoosingPolicyTemplate (ContainerDeletionChoosingPolicyTemplate.java:chooseContainerForBlockDeletion(83)) - Chosen 0/5000 blocks from 0 candidate containers.
2023-07-26 19:47:32,714 [grpc-default-executor-2] WARN  server.GrpcLogAppender (LogUtils.java:warn(122)) - 4099cb2b-2e2e-4151-9db7-f99ade631412@group-1C7129A268B6->cc71d3b4-cf6a-416c-96eb-6097e97a8fe1-AppendLogResponseHandler: Failed appendEntries: org.apache.ratis.thirdparty.io.grpc.StatusRuntimeException: UNAVAILABLE: io exception
2023-07-26 19:47:32,715 [grpc-default-executor-3] WARN  server.GrpcLogAppender (LogUtils.java:warn(122)) - 4099cb2b-2e2e-4151-9db7-f99ade631412@group-1C7129A268B6->cc71d3b4-cf6a-416c-96eb-6097e97a8fe1-AppendLogResponseHandler: Failed appendEntries: org.apache.ratis.thirdparty.io.grpc.StatusRuntimeException: UNAVAILABLE: io exception
2023-07-26 19:47:32,716 [grpc-default-executor-2] WARN  server.GrpcLogAppender (GrpcLogAppender.java:resetClient(128)) - 4099cb2b-2e2e-4151-9db7-f99ade631412@group-1C7129A268B6->cc71d3b4-cf6a-416c-96eb-6097e97a8fe1-GrpcLogAppender: Follower failed when matchIndex == 0,  keep nextIndex (6) unchanged and retry.
2023-07-26 19:47:32,717 [grpc-default-executor-3] WARN  server.GrpcLogAppender (GrpcLogAppender.java:resetClient(128)) - 4099cb2b-2e2e-4151-9db7-f99ade631412@group-1C7129A268B6->cc71d3b4-cf6a-416c-96eb-6097e97a8fe1-GrpcLogAppender: Follower failed when matchIndex == 0,  keep nextIndex (6) unchanged and retry.
2023-07-26 19:47:32,741 [BlockDeletingService#0] INFO  interfaces.ContainerDeletionChoosingPolicyTemplate (ContainerDeletionChoosingPolicyTemplate.java:chooseContainerForBlockDeletion(83)) - Chosen 0/5000 blocks from 0 candidate containers.
2023-07-26 19:47:32,741 [BlockDeletingService#9] INFO  interfaces.ContainerDeletionChoosingPolicyTemplate (ContainerDeletionChoosingPolicyTemplate.java:chooseContainerForBlockDeletion(83)) - Chosen 0/5000 blocks from 0 candidate containers.
2023-07-26 19:47:32,834 [FixedThreadPoolWithAffinityExecutor-8-0] WARN  container.ContainerReportHandler (AbstractContainerReportHandler.java:updateContainerState(260)) - Container #1 is in OPEN state, but the datanode c33e49d7-aab4-4e8b-84a2-e80ab64b386a(fv-az465-709/10.1.0.48) reports an CLOSED replica.
2023-07-26 19:47:32,841 [BlockDeletingService#0] INFO  interfaces.ContainerDeletionChoosingPolicyTemplate (ContainerDeletionChoosingPolicyTemplate.java:chooseContainerForBlockDeletion(83)) - Chosen 0/5000 blocks from 0 candidate containers.
2023-07-26 19:47:32,841 [BlockDeletingService#9] INFO  interfaces.ContainerDeletionChoosingPolicyTemplate (ContainerDeletionChoosingPolicyTemplate.java:chooseContainerForBlockDeletion(83)) - Chosen 0/5000 blocks from 0 candidate containers.
2023-07-26 19:47:32,941 [BlockDeletingService#0] INFO  interfaces.ContainerDeletionChoosingPolicyTemplate (ContainerDeletionChoosingPolicyTemplate.java:chooseContainerForBlockDeletion(83)) - Chosen 0/5000 blocks from 0 candidate containers.
2023-07-26 19:47:32,942 [BlockDeletingService#9] INFO  interfaces.ContainerDeletionChoosingPolicyTemplate (ContainerDeletionChoosingPolicyTemplate.java:chooseContainerForBlockDeletion(83)) - Chosen 0/5000 blocks from 0 candidate containers.
2023-07-26 19:47:33,035 [FixedThreadPoolWithAffinityExecutor-8-0] WARN  container.ContainerReportHandler (AbstractContainerReportHandler.java:updateContainerState(260)) - Container #1 is in OPEN state, but the datanode c33e49d7-aab4-4e8b-84a2-e80ab64b386a(fv-az465-709/10.1.0.48) reports an CLOSED replica.
2023-07-26 19:47:33,035 [FixedThreadPoolWithAffinityExecutor-0-0] WARN  container.ContainerReportHandler (AbstractContainerReportHandler.java:updateContainerState(260)) - Container #1 is in OPEN state, but the datanode 4099cb2b-2e2e-4151-9db7-f99ade631412(fv-az465-709/10.1.0.48) reports an CLOSED replica.
2023-07-26 19:47:33,042 [BlockDeletingService#0] INFO  interfaces.ContainerDeletionChoosingPolicyTemplate (ContainerDeletionChoosingPolicyTemplate.java:chooseContainerForBlockDeletion(83)) - Chosen 0/5000 blocks from 0 candidate containers.
2023-07-26 19:47:33,042 [BlockDeletingService#9] INFO  interfaces.ContainerDeletionChoosingPolicyTemplate (ContainerDeletionChoosingPolicyTemplate.java:chooseContainerForBlockDeletion(83)) - Chosen 0/5000 blocks from 0 candidate containers.
2023-07-26 19:47:33,142 [BlockDeletingService#0] INFO  interfaces.ContainerDeletionChoosingPolicyTemplate (ContainerDeletionChoosingPolicyTemplate.java:chooseContainerForBlockDeletion(83)) - Chosen 0/5000 blocks from 0 candidate containers.
2023-07-26 19:47:33,142 [BlockDeletingService#9] INFO  interfaces.ContainerDeletionChoosingPolicyTemplate (ContainerDeletionChoosingPolicyTemplate.java:chooseContainerForBlockDeletion(83)) - Chosen 0/5000 blocks from 0 candidate containers.
2023-07-26 19:47:33,243 [BlockDeletingService#0] INFO  interfaces.ContainerDeletionChoosingPolicyTemplate (ContainerDeletionChoosingPolicyTemplate.java:chooseContainerForBlockDeletion(83)) - Chosen 0/5000 blocks from 0 candidate containers.
2023-07-26 19:47:33,243 [BlockDeletingService#9] INFO  interfaces.ContainerDeletionChoosingPolicyTemplate (ContainerDeletionChoosingPolicyTemplate.java:chooseContainerForBlockDeletion(83)) - Chosen 0/5000 blocks from 0 candidate containers.
2023-07-26 19:47:33,336 [FixedThreadPoolWithAffinityExecutor-8-0] WARN  container.ContainerReportHandler (AbstractContainerReportHandler.java:updateContainerState(260)) - Container #1 is in OPEN state, but the datanode c33e49d7-aab4-4e8b-84a2-e80ab64b386a(fv-az465-709/10.1.0.48) reports an CLOSED replica.
2023-07-26 19:47:33,336 [FixedThreadPoolWithAffinityExecutor-0-0] WARN  container.ContainerReportHandler (AbstractContainerReportHandler.java:updateContainerState(260)) - Container #1 is in OPEN state, but the datanode 4099cb2b-2e2e-4151-9db7-f99ade631412(fv-az465-709/10.1.0.48) reports an CLOSED replica.
2023-07-26 19:47:33,343 [BlockDeletingService#0] INFO  interfaces.ContainerDeletionChoosingPolicyTemplate (ContainerDeletionChoosingPolicyTemplate.java:chooseContainerForBlockDeletion(83)) - Chosen 0/5000 blocks from 0 candidate containers.
2023-07-26 19:47:33,343 [BlockDeletingService#9] INFO  interfaces.ContainerDeletionChoosingPolicyTemplate (ContainerDeletionChoosingPolicyTemplate.java:chooseContainerForBlockDeletion(83)) - Chosen 0/5000 blocks from 0 candidate containers.
2023-07-26 19:47:33,443 [BlockDeletingService#0] INFO  interfaces.ContainerDeletionChoosingPolicyTemplate (ContainerDeletionChoosingPolicyTemplate.java:chooseContainerForBlockDeletion(83)) - Chosen 0/5000 blocks from 0 candidate containers.
2023-07-26 19:47:33,443 [BlockDeletingService#9] INFO  interfaces.ContainerDeletionChoosingPolicyTemplate (ContainerDeletionChoosingPolicyTemplate.java:chooseContainerForBlockDeletion(83)) - Chosen 0/5000 blocks from 0 candidate containers.
2023-07-26 19:47:33,536 [FixedThreadPoolWithAffinityExecutor-8-0] WARN  container.ContainerReportHandler (AbstractContainerReportHandler.java:updateContainerState(260)) - Container #1 is in OPEN state, but the datanode c33e49d7-aab4-4e8b-84a2-e80ab64b386a(fv-az465-709/10.1.0.48) reports an CLOSED replica.
2023-07-26 19:47:33,544 [BlockDeletingService#0] INFO  interfaces.ContainerDeletionChoosingPolicyTemplate (ContainerDeletionChoosingPolicyTemplate.java:chooseContainerForBlockDeletion(83)) - Chosen 0/5000 blocks from 0 candidate containers.
2023-07-26 19:47:33,544 [BlockDeletingService#9] INFO  interfaces.ContainerDeletionChoosingPolicyTemplate (ContainerDeletionChoosingPolicyTemplate.java:chooseContainerForBlockDeletion(83)) - Chosen 0/5000 blocks from 0 candidate containers.
2023-07-26 19:47:33,636 [FixedThreadPoolWithAffinityExecutor-0-0] WARN  container.ContainerReportHandler (AbstractContainerReportHandler.java:updateContainerState(260)) - Container #1 is in OPEN state, but the datanode 4099cb2b-2e2e-4151-9db7-f99ade631412(fv-az465-709/10.1.0.48) reports an CLOSED replica.
2023-07-26 19:47:33,644 [BlockDeletingService#0] INFO  interfaces.ContainerDeletionChoosingPolicyTemplate (ContainerDeletionChoosingPolicyTemplate.java:chooseContainerForBlockDeletion(83)) - Chosen 0/5000 blocks from 0 candidate containers.
2023-07-26 19:47:33,644 [BlockDeletingService#9] INFO  interfaces.ContainerDeletionChoosingPolicyTemplate (ContainerDeletionChoosingPolicyTemplate.java:chooseContainerForBlockDeletion(83)) - Chosen 0/5000 blocks from 0 candidate containers.
2023-07-26 19:47:33,735 [FixedThreadPoolWithAffinityExecutor-8-0] WARN  container.ContainerReportHandler (AbstractContainerReportHandler.java:updateContainerState(260)) - Container #1 is in OPEN state, but the datanode c33e49d7-aab4-4e8b-84a2-e80ab64b386a(fv-az465-709/10.1.0.48) reports an CLOSED replica.
2023-07-26 19:47:33,744 [BlockDeletingService#0] INFO  interfaces.ContainerDeletionChoosingPolicyTemplate (ContainerDeletionChoosingPolicyTemplate.java:chooseContainerForBlockDeletion(83)) - Chosen 0/5000 blocks from 0 candidate containers.
2023-07-26 19:47:33,744 [BlockDeletingService#9] INFO  interfaces.ContainerDeletionChoosingPolicyTemplate (ContainerDeletionChoosingPolicyTemplate.java:chooseContainerForBlockDeletion(83)) - Chosen 0/5000 blocks from 0 candidate containers.
2023-07-26 19:47:33,845 [BlockDeletingService#9] INFO  interfaces.ContainerDeletionChoosingPolicyTemplate (ContainerDeletionChoosingPolicyTemplate.java:chooseContainerForBlockDeletion(83)) - Chosen 0/5000 blocks from 0 candidate containers.
2023-07-26 19:47:33,845 [BlockDeletingService#0] INFO  interfaces.ContainerDeletionChoosingPolicyTemplate (ContainerDeletionChoosingPolicyTemplate.java:chooseContainerForBlockDeletion(83)) - Chosen 0/5000 blocks from 0 candidate containers.
2023-07-26 19:47:33,945 [BlockDeletingService#9] INFO  interfaces.ContainerDeletionChoosingPolicyTemplate (ContainerDeletionChoosingPolicyTemplate.java:chooseContainerForBlockDeletion(83)) - Chosen 0/5000 blocks from 0 candidate containers.
2023-07-26 19:47:33,945 [BlockDeletingService#0] INFO  interfaces.ContainerDeletionChoosingPolicyTemplate (ContainerDeletionChoosingPolicyTemplate.java:chooseContainerForBlockDeletion(83)) - Chosen 0/5000 blocks from 0 candidate containers.
2023-07-26 19:47:33,965 [grpc-default-executor-3] WARN  server.GrpcLogAppender (LogUtils.java:warn(122)) - 4099cb2b-2e2e-4151-9db7-f99ade631412@group-1C7129A268B6->cc71d3b4-cf6a-416c-96eb-6097e97a8fe1-AppendLogResponseHandler: Failed appendEntries: org.apache.ratis.thirdparty.io.grpc.StatusRuntimeException: UNAVAILABLE: io exception
2023-07-26 19:47:33,965 [grpc-default-executor-2] WARN  server.GrpcLogAppender (LogUtils.java:warn(122)) - 4099cb2b-2e2e-4151-9db7-f99ade631412@group-1C7129A268B6->cc71d3b4-cf6a-416c-96eb-6097e97a8fe1-AppendLogResponseHandler: Failed appendEntries: org.apache.ratis.thirdparty.io.grpc.StatusRuntimeException: UNAVAILABLE: io exception
2023-07-26 19:47:33,966 [grpc-default-executor-3] WARN  server.GrpcLogAppender (GrpcLogAppender.java:resetClient(128)) - 4099cb2b-2e2e-4151-9db7-f99ade631412@group-1C7129A268B6->cc71d3b4-cf6a-416c-96eb-6097e97a8fe1-GrpcLogAppender: Follower failed when matchIndex == 0,  keep nextIndex (6) unchanged and retry.
2023-07-26 19:47:33,967 [grpc-default-executor-2] WARN  server.GrpcLogAppender (GrpcLogAppender.java:resetClient(128)) - 4099cb2b-2e2e-4151-9db7-f99ade631412@group-1C7129A268B6->cc71d3b4-cf6a-416c-96eb-6097e97a8fe1-GrpcLogAppender: Follower failed when matchIndex == 0,  keep nextIndex (6) unchanged and retry.
2023-07-26 19:47:34,045 [BlockDeletingService#9] INFO  interfaces.ContainerDeletionChoosingPolicyTemplate (ContainerDeletionChoosingPolicyTemplate.java:chooseContainerForBlockDeletion(83)) - Chosen 0/5000 blocks from 0 candidate containers.
2023-07-26 19:47:34,046 [BlockDeletingService#0] INFO  interfaces.ContainerDeletionChoosingPolicyTemplate (ContainerDeletionChoosingPolicyTemplate.java:chooseContainerForBlockDeletion(83)) - Chosen 0/5000 blocks from 0 candidate containers.
2023-07-26 19:47:34,045 [FixedThreadPoolWithAffinityExecutor-8-0] WARN  container.ContainerReportHandler (AbstractContainerReportHandler.java:updateContainerState(260)) - Container #1 is in OPEN state, but the datanode c33e49d7-aab4-4e8b-84a2-e80ab64b386a(fv-az465-709/10.1.0.48) reports an CLOSED replica.
2023-07-26 19:47:34,049 [FixedThreadPoolWithAffinityExecutor-0-0] WARN  container.ContainerReportHandler (AbstractContainerReportHandler.java:updateContainerState(260)) - Container #1 is in OPEN state, but the datanode 4099cb2b-2e2e-4151-9db7-f99ade631412(fv-az465-709/10.1.0.48) reports an CLOSED replica.
2023-07-26 19:47:34,146 [BlockDeletingService#9] INFO  interfaces.ContainerDeletionChoosingPolicyTemplate (ContainerDeletionChoosingPolicyTemplate.java:chooseContainerForBlockDeletion(83)) - Chosen 0/5000 blocks from 0 candidate containers.
2023-07-26 19:47:34,146 [BlockDeletingService#0] INFO  interfaces.ContainerDeletionChoosingPolicyTemplate (ContainerDeletionChoosingPolicyTemplate.java:chooseContainerForBlockDeletion(83)) - Chosen 0/5000 blocks from 0 candidate containers.
2023-07-26 19:47:34,237 [FixedThreadPoolWithAffinityExecutor-8-0] WARN  container.ContainerReportHandler (AbstractContainerReportHandler.java:updateContainerState(260)) - Container #1 is in OPEN state, but the datanode c33e49d7-aab4-4e8b-84a2-e80ab64b386a(fv-az465-709/10.1.0.48) reports an CLOSED replica.
2023-07-26 19:47:34,246 [BlockDeletingService#0] INFO  interfaces.ContainerDeletionChoosingPolicyTemplate (ContainerDeletionChoosingPolicyTemplate.java:chooseContainerForBlockDeletion(83)) - Chosen 0/5000 blocks from 0 candidate containers.
2023-07-26 19:47:34,247 [BlockDeletingService#9] INFO  interfaces.ContainerDeletionChoosingPolicyTemplate (ContainerDeletionChoosingPolicyTemplate.java:chooseContainerForBlockDeletion(83)) - Chosen 0/5000 blocks from 0 candidate containers.
2023-07-26 19:47:34,339 [FixedThreadPoolWithAffinityExecutor-0-0] WARN  container.ContainerReportHandler (AbstractContainerReportHandler.java:updateContainerState(260)) - Container #1 is in OPEN state, but the datanode 4099cb2b-2e2e-4151-9db7-f99ade631412(fv-az465-709/10.1.0.48) reports an CLOSED replica.
2023-07-26 19:47:34,347 [BlockDeletingService#0] INFO  interfaces.ContainerDeletionChoosingPolicyTemplate (ContainerDeletionChoosingPolicyTemplate.java:chooseContainerForBlockDeletion(83)) - Chosen 0/5000 blocks from 0 candidate containers.
2023-07-26 19:47:34,347 [BlockDeletingService#9] INFO  interfaces.ContainerDeletionChoosingPolicyTemplate (ContainerDeletionChoosingPolicyTemplate.java:chooseContainerForBlockDeletion(83)) - Chosen 0/5000 blocks from 0 candidate containers.
2023-07-26 19:47:34,438 [FixedThreadPoolWithAffinityExecutor-8-0] WARN  container.ContainerReportHandler (AbstractContainerReportHandler.java:updateContainerState(260)) - Container #1 is in OPEN state, but the datanode c33e49d7-aab4-4e8b-84a2-e80ab64b386a(fv-az465-709/10.1.0.48) reports an CLOSED replica.
2023-07-26 19:47:34,447 [BlockDeletingService#0] INFO  interfaces.ContainerDeletionChoosingPolicyTemplate (ContainerDeletionChoosingPolicyTemplate.java:chooseContainerForBlockDeletion(83)) - Chosen 0/5000 blocks from 0 candidate containers.
2023-07-26 19:47:34,448 [BlockDeletingService#9] INFO  interfaces.ContainerDeletionChoosingPolicyTemplate (ContainerDeletionChoosingPolicyTemplate.java:chooseContainerForBlockDeletion(83)) - Chosen 0/5000 blocks from 0 candidate containers.
2023-07-26 19:47:34,547 [BlockDeletingService#0] INFO  interfaces.ContainerDeletionChoosingPolicyTemplate (ContainerDeletionChoosingPolicyTemplate.java:chooseContainerForBlockDeletion(83)) - Chosen 0/5000 blocks from 0 candidate containers.
2023-07-26 19:47:34,548 [BlockDeletingService#9] INFO  interfaces.ContainerDeletionChoosingPolicyTemplate (ContainerDeletionChoosingPolicyTemplate.java:chooseContainerForBlockDeletion(83)) - Chosen 0/5000 blocks from 0 candidate containers.
2023-07-26 19:47:34,638 [FixedThreadPoolWithAffinityExecutor-8-0] WARN  container.ContainerReportHandler (AbstractContainerReportHandler.java:updateContainerState(260)) - Container #1 is in OPEN state, but the datanode c33e49d7-aab4-4e8b-84a2-e80ab64b386a(fv-az465-709/10.1.0.48) reports an CLOSED replica.
2023-07-26 19:47:34,648 [BlockDeletingService#0] INFO  interfaces.ContainerDeletionChoosingPolicyTemplate (ContainerDeletionChoosingPolicyTemplate.java:chooseContainerForBlockDeletion(83)) - Chosen 0/5000 blocks from 0 candidate containers.
2023-07-26 19:47:34,648 [BlockDeletingService#9] INFO  interfaces.ContainerDeletionChoosingPolicyTemplate (ContainerDeletionChoosingPolicyTemplate.java:chooseContainerForBlockDeletion(83)) - Chosen 0/5000 blocks from 0 candidate containers.
2023-07-26 19:47:34,738 [FixedThreadPoolWithAffinityExecutor-0-0] WARN  container.ContainerReportHandler (AbstractContainerReportHandler.java:updateContainerState(260)) - Container #1 is in OPEN state, but the datanode 4099cb2b-2e2e-4151-9db7-f99ade631412(fv-az465-709/10.1.0.48) reports an CLOSED replica.
2023-07-26 19:47:34,748 [BlockDeletingService#0] INFO  interfaces.ContainerDeletionChoosingPolicyTemplate (ContainerDeletionChoosingPolicyTemplate.java:chooseContainerForBlockDeletion(83)) - Chosen 0/5000 blocks from 0 candidate containers.
2023-07-26 19:47:34,748 [BlockDeletingService#9] INFO  interfaces.ContainerDeletionChoosingPolicyTemplate (ContainerDeletionChoosingPolicyTemplate.java:chooseContainerForBlockDeletion(83)) - Chosen 0/5000 blocks from 0 candidate containers.
2023-07-26 19:47:34,848 [BlockDeletingService#0] INFO  interfaces.ContainerDeletionChoosingPolicyTemplate (ContainerDeletionChoosingPolicyTemplate.java:chooseContainerForBlockDeletion(83)) - Chosen 0/5000 blocks from 0 candidate containers.
2023-07-26 19:47:34,848 [BlockDeletingService#9] INFO  interfaces.ContainerDeletionChoosingPolicyTemplate (ContainerDeletionChoosingPolicyTemplate.java:chooseContainerForBlockDeletion(83)) - Chosen 0/5000 blocks from 0 candidate containers.
2023-07-26 19:47:34,938 [FixedThreadPoolWithAffinityExecutor-8-0] WARN  container.ContainerReportHandler (AbstractContainerReportHandler.java:updateContainerState(260)) - Container #1 is in OPEN state, but the datanode c33e49d7-aab4-4e8b-84a2-e80ab64b386a(fv-az465-709/10.1.0.48) reports an CLOSED replica.
2023-07-26 19:47:34,949 [BlockDeletingService#0] INFO  interfaces.ContainerDeletionChoosingPolicyTemplate (ContainerDeletionChoosingPolicyTemplate.java:chooseContainerForBlockDeletion(83)) - Chosen 0/5000 blocks from 0 candidate containers.
2023-07-26 19:47:34,949 [BlockDeletingService#9] INFO  interfaces.ContainerDeletionChoosingPolicyTemplate (ContainerDeletionChoosingPolicyTemplate.java:chooseContainerForBlockDeletion(83)) - Chosen 0/5000 blocks from 0 candidate containers.
2023-07-26 19:47:35,038 [FixedThreadPoolWithAffinityExecutor-0-0] WARN  container.ContainerReportHandler (AbstractContainerReportHandler.java:updateContainerState(260)) - Container #1 is in OPEN state, but the datanode 4099cb2b-2e2e-4151-9db7-f99ade631412(fv-az465-709/10.1.0.48) reports an CLOSED replica.
2023-07-26 19:47:35,049 [BlockDeletingService#0] INFO  interfaces.ContainerDeletionChoosingPolicyTemplate (ContainerDeletionChoosingPolicyTemplate.java:chooseContainerForBlockDeletion(83)) - Chosen 0/5000 blocks from 0 candidate containers.
2023-07-26 19:47:35,049 [BlockDeletingService#9] INFO  interfaces.ContainerDeletionChoosingPolicyTemplate (ContainerDeletionChoosingPolicyTemplate.java:chooseContainerForBlockDeletion(83)) - Chosen 0/5000 blocks from 0 candidate containers.
2023-07-26 19:47:35,140 [FixedThreadPoolWithAffinityExecutor-8-0] WARN  container.ContainerReportHandler (AbstractContainerReportHandler.java:updateContainerState(260)) - Container #1 is in OPEN state, but the datanode c33e49d7-aab4-4e8b-84a2-e80ab64b386a(fv-az465-709/10.1.0.48) reports an CLOSED replica.
2023-07-26 19:47:35,149 [BlockDeletingService#0] INFO  interfaces.ContainerDeletionChoosingPolicyTemplate (ContainerDeletionChoosingPolicyTemplate.java:chooseContainerForBlockDeletion(83)) - Chosen 0/5000 blocks from 0 candidate containers.
2023-07-26 19:47:35,149 [BlockDeletingService#9] INFO  interfaces.ContainerDeletionChoosingPolicyTemplate (ContainerDeletionChoosingPolicyTemplate.java:chooseContainerForBlockDeletion(83)) - Chosen 0/5000 blocks from 0 candidate containers.
2023-07-26 19:47:35,216 [grpc-default-executor-2] WARN  server.GrpcLogAppender (LogUtils.java:warn(122)) - 4099cb2b-2e2e-4151-9db7-f99ade631412@group-1C7129A268B6->cc71d3b4-cf6a-416c-96eb-6097e97a8fe1-AppendLogResponseHandler: Failed appendEntries: org.apache.ratis.thirdparty.io.grpc.StatusRuntimeException: UNAVAILABLE: io exception
2023-07-26 19:47:35,216 [grpc-default-executor-3] WARN  server.GrpcLogAppender (LogUtils.java:warn(122)) - 4099cb2b-2e2e-4151-9db7-f99ade631412@group-1C7129A268B6->cc71d3b4-cf6a-416c-96eb-6097e97a8fe1-AppendLogResponseHandler: Failed appendEntries: org.apache.ratis.thirdparty.io.grpc.StatusRuntimeException: UNAVAILABLE: io exception
2023-07-26 19:47:35,217 [grpc-default-executor-2] WARN  server.GrpcLogAppender (GrpcLogAppender.java:resetClient(128)) - 4099cb2b-2e2e-4151-9db7-f99ade631412@group-1C7129A268B6->cc71d3b4-cf6a-416c-96eb-6097e97a8fe1-GrpcLogAppender: Follower failed when matchIndex == 0,  keep nextIndex (6) unchanged and retry.
2023-07-26 19:47:35,218 [grpc-default-executor-3] WARN  server.GrpcLogAppender (GrpcLogAppender.java:resetClient(128)) - 4099cb2b-2e2e-4151-9db7-f99ade631412@group-1C7129A268B6->cc71d3b4-cf6a-416c-96eb-6097e97a8fe1-GrpcLogAppender: Follower failed when matchIndex == 0,  keep nextIndex (6) unchanged and retry.
2023-07-26 19:47:35,250 [BlockDeletingService#0] INFO  interfaces.ContainerDeletionChoosingPolicyTemplate (ContainerDeletionChoosingPolicyTemplate.java:chooseContainerForBlockDeletion(83)) - Chosen 0/5000 blocks from 0 candidate containers.
2023-07-26 19:47:35,250 [BlockDeletingService#9] INFO  interfaces.ContainerDeletionChoosingPolicyTemplate (ContainerDeletionChoosingPolicyTemplate.java:chooseContainerForBlockDeletion(83)) - Chosen 0/5000 blocks from 0 candidate containers.
2023-07-26 19:47:35,341 [FixedThreadPoolWithAffinityExecutor-0-0] WARN  container.ContainerReportHandler (AbstractContainerReportHandler.java:updateContainerState(260)) - Container #1 is in OPEN state, but the datanode 4099cb2b-2e2e-4151-9db7-f99ade631412(fv-az465-709/10.1.0.48) reports an CLOSED replica.
2023-07-26 19:47:35,342 [FixedThreadPoolWithAffinityExecutor-8-0] WARN  container.ContainerReportHandler (AbstractContainerReportHandler.java:updateContainerState(260)) - Container #1 is in OPEN state, but the datanode c33e49d7-aab4-4e8b-84a2-e80ab64b386a(fv-az465-709/10.1.0.48) reports an CLOSED replica.
2023-07-26 19:47:35,350 [BlockDeletingService#0] INFO  interfaces.ContainerDeletionChoosingPolicyTemplate (ContainerDeletionChoosingPolicyTemplate.java:chooseContainerForBlockDeletion(83)) - Chosen 0/5000 blocks from 0 candidate containers.
2023-07-26 19:47:35,350 [BlockDeletingService#9] INFO  interfaces.ContainerDeletionChoosingPolicyTemplate (ContainerDeletionChoosingPolicyTemplate.java:chooseContainerForBlockDeletion(83)) - Chosen 0/5000 blocks from 0 candidate containers.
2023-07-26 19:47:35,450 [BlockDeletingService#0] INFO  interfaces.ContainerDeletionChoosingPolicyTemplate (ContainerDeletionChoosingPolicyTemplate.java:chooseContainerForBlockDeletion(83)) - Chosen 0/5000 blocks from 0 candidate containers.
2023-07-26 19:47:35,450 [BlockDeletingService#9] INFO  interfaces.ContainerDeletionChoosingPolicyTemplate (ContainerDeletionChoosingPolicyTemplate.java:chooseContainerForBlockDeletion(83)) - Chosen 0/5000 blocks from 0 candidate containers.
2023-07-26 19:47:35,551 [BlockDeletingService#0] INFO  interfaces.ContainerDeletionChoosingPolicyTemplate (ContainerDeletionChoosingPolicyTemplate.java:chooseContainerForBlockDeletion(83)) - Chosen 0/5000 blocks from 0 candidate containers.
2023-07-26 19:47:35,551 [BlockDeletingService#9] INFO  interfaces.ContainerDeletionChoosingPolicyTemplate (ContainerDeletionChoosingPolicyTemplate.java:chooseContainerForBlockDeletion(83)) - Chosen 0/5000 blocks from 0 candidate containers.
2023-07-26 19:47:35,642 [FixedThreadPoolWithAffinityExecutor-8-0] WARN  container.ContainerReportHandler (AbstractContainerReportHandler.java:updateContainerState(260)) - Container #1 is in OPEN state, but the datanode c33e49d7-aab4-4e8b-84a2-e80ab64b386a(fv-az465-709/10.1.0.48) reports an CLOSED replica.
2023-07-26 19:47:35,651 [BlockDeletingService#0] INFO  interfaces.ContainerDeletionChoosingPolicyTemplate (ContainerDeletionChoosingPolicyTemplate.java:chooseContainerForBlockDeletion(83)) - Chosen 0/5000 blocks from 0 candidate containers.
2023-07-26 19:47:35,651 [BlockDeletingService#9] INFO  interfaces.ContainerDeletionChoosingPolicyTemplate (ContainerDeletionChoosingPolicyTemplate.java:chooseContainerForBlockDeletion(83)) - Chosen 0/5000 blocks from 0 candidate containers.
2023-07-26 19:47:35,739 [FixedThreadPoolWithAffinityExecutor-0-0] WARN  container.ContainerReportHandler (AbstractContainerReportHandler.java:updateContainerState(260)) - Container #1 is in OPEN state, but the datanode 4099cb2b-2e2e-4151-9db7-f99ade631412(fv-az465-709/10.1.0.48) reports an CLOSED replica.
2023-07-26 19:47:35,751 [BlockDeletingService#0] INFO  interfaces.ContainerDeletionChoosingPolicyTemplate (ContainerDeletionChoosingPolicyTemplate.java:chooseContainerForBlockDeletion(83)) - Chosen 0/5000 blocks from 0 candidate containers.
2023-07-26 19:47:35,751 [BlockDeletingService#9] INFO  interfaces.ContainerDeletionChoosingPolicyTemplate (ContainerDeletionChoosingPolicyTemplate.java:chooseContainerForBlockDeletion(83)) - Chosen 0/5000 blocks from 0 candidate containers.
2023-07-26 19:47:35,841 [FixedThreadPoolWithAffinityExecutor-8-0] WARN  container.ContainerReportHandler (AbstractContainerReportHandler.java:updateContainerState(260)) - Container #1 is in OPEN state, but the datanode c33e49d7-aab4-4e8b-84a2-e80ab64b386a(fv-az465-709/10.1.0.48) reports an CLOSED replica.
2023-07-26 19:47:35,852 [BlockDeletingService#0] INFO  interfaces.ContainerDeletionChoosingPolicyTemplate (ContainerDeletionChoosingPolicyTemplate.java:chooseContainerForBlockDeletion(83)) - Chosen 0/5000 blocks from 0 candidate containers.
2023-07-26 19:47:35,852 [BlockDeletingService#9] INFO  interfaces.ContainerDeletionChoosingPolicyTemplate (ContainerDeletionChoosingPolicyTemplate.java:chooseContainerForBlockDeletion(83)) - Chosen 0/5000 blocks from 0 candidate containers.
2023-07-26 19:47:35,952 [BlockDeletingService#0] INFO  interfaces.ContainerDeletionChoosingPolicyTemplate (ContainerDeletionChoosingPolicyTemplate.java:chooseContainerForBlockDeletion(83)) - Chosen 0/5000 blocks from 0 candidate containers.
2023-07-26 19:47:35,952 [BlockDeletingService#9] INFO  interfaces.ContainerDeletionChoosingPolicyTemplate (ContainerDeletionChoosingPolicyTemplate.java:chooseContainerForBlockDeletion(83)) - Chosen 0/5000 blocks from 0 candidate containers.
2023-07-26 19:47:36,039 [FixedThreadPoolWithAffinityExecutor-0-0] WARN  container.ContainerReportHandler (AbstractContainerReportHandler.java:updateContainerState(260)) - Container #1 is in OPEN state, but the datanode 4099cb2b-2e2e-4151-9db7-f99ade631412(fv-az465-709/10.1.0.48) reports an CLOSED replica.
2023-07-26 19:47:36,041 [FixedThreadPoolWithAffinityExecutor-8-0] WARN  container.ContainerReportHandler (AbstractContainerReportHandler.java:updateContainerState(260)) - Container #1 is in OPEN state, but the datanode c33e49d7-aab4-4e8b-84a2-e80ab64b386a(fv-az465-709/10.1.0.48) reports an CLOSED replica.
2023-07-26 19:47:36,052 [BlockDeletingService#0] INFO  interfaces.ContainerDeletionChoosingPolicyTemplate (ContainerDeletionChoosingPolicyTemplate.java:chooseContainerForBlockDeletion(83)) - Chosen 0/5000 blocks from 0 candidate containers.
2023-07-26 19:47:36,052 [BlockDeletingService#9] INFO  interfaces.ContainerDeletionChoosingPolicyTemplate (ContainerDeletionChoosingPolicyTemplate.java:chooseContainerForBlockDeletion(83)) - Chosen 0/5000 blocks from 0 candidate containers.
2023-07-26 19:47:36,153 [BlockDeletingService#0] INFO  interfaces.ContainerDeletionChoosingPolicyTemplate (ContainerDeletionChoosingPolicyTemplate.java:chooseContainerForBlockDeletion(83)) - Chosen 0/5000 blocks from 0 candidate containers.
2023-07-26 19:47:36,153 [BlockDeletingService#9] INFO  interfaces.ContainerDeletionChoosingPolicyTemplate (ContainerDeletionChoosingPolicyTemplate.java:chooseContainerForBlockDeletion(83)) - Chosen 0/5000 blocks from 0 candidate containers.
2023-07-26 19:47:36,251 [FixedThreadPoolWithAffinityExecutor-8-0] WARN  container.ContainerReportHandler (AbstractContainerReportHandler.java:updateContainerState(260)) - Container #1 is in OPEN state, but the datanode c33e49d7-aab4-4e8b-84a2-e80ab64b386a(fv-az465-709/10.1.0.48) reports an CLOSED replica.
2023-07-26 19:47:36,253 [BlockDeletingService#0] INFO  interfaces.ContainerDeletionChoosingPolicyTemplate (ContainerDeletionChoosingPolicyTemplate.java:chooseContainerForBlockDeletion(83)) - Chosen 0/5000 blocks from 0 candidate containers.
2023-07-26 19:47:36,255 [BlockDeletingService#9] INFO  interfaces.ContainerDeletionChoosingPolicyTemplate (ContainerDeletionChoosingPolicyTemplate.java:chooseContainerForBlockDeletion(83)) - Chosen 0/5000 blocks from 0 candidate containers.
2023-07-26 19:47:36,353 [BlockDeletingService#0] INFO  interfaces.ContainerDeletionChoosingPolicyTemplate (ContainerDeletionChoosingPolicyTemplate.java:chooseContainerForBlockDeletion(83)) - Chosen 0/5000 blocks from 0 candidate containers.
2023-07-26 19:47:36,355 [BlockDeletingService#9] INFO  interfaces.ContainerDeletionChoosingPolicyTemplate (ContainerDeletionChoosingPolicyTemplate.java:chooseContainerForBlockDeletion(83)) - Chosen 0/5000 blocks from 0 candidate containers.
2023-07-26 19:47:36,451 [FixedThreadPoolWithAffinityExecutor-0-0] WARN  container.ContainerReportHandler (AbstractContainerReportHandler.java:updateContainerState(260)) - Container #1 is in OPEN state, but the datanode 4099cb2b-2e2e-4151-9db7-f99ade631412(fv-az465-709/10.1.0.48) reports an CLOSED replica.
2023-07-26 19:47:36,454 [BlockDeletingService#0] INFO  interfaces.ContainerDeletionChoosingPolicyTemplate (ContainerDeletionChoosingPolicyTemplate.java:chooseContainerForBlockDeletion(83)) - Chosen 0/5000 blocks from 0 candidate containers.
2023-07-26 19:47:36,455 [BlockDeletingService#9] INFO  interfaces.ContainerDeletionChoosingPolicyTemplate (ContainerDeletionChoosingPolicyTemplate.java:chooseContainerForBlockDeletion(83)) - Chosen 0/5000 blocks from 0 candidate containers.
2023-07-26 19:47:36,467 [grpc-default-executor-3] WARN  server.GrpcLogAppender (LogUtils.java:warn(122)) - 4099cb2b-2e2e-4151-9db7-f99ade631412@group-1C7129A268B6->cc71d3b4-cf6a-416c-96eb-6097e97a8fe1-AppendLogResponseHandler: Failed appendEntries: org.apache.ratis.thirdparty.io.grpc.StatusRuntimeException: UNAVAILABLE: io exception
2023-07-26 19:47:36,468 [grpc-default-executor-3] WARN  server.GrpcLogAppender (GrpcLogAppender.java:resetClient(128)) - 4099cb2b-2e2e-4151-9db7-f99ade631412@group-1C7129A268B6->cc71d3b4-cf6a-416c-96eb-6097e97a8fe1-GrpcLogAppender: Follower failed when matchIndex == 0,  keep nextIndex (6) unchanged and retry.
2023-07-26 19:47:36,468 [grpc-default-executor-2] WARN  server.GrpcLogAppender (LogUtils.java:warn(122)) - 4099cb2b-2e2e-4151-9db7-f99ade631412@group-1C7129A268B6->cc71d3b4-cf6a-416c-96eb-6097e97a8fe1-AppendLogResponseHandler: Failed appendEntries: org.apache.ratis.thirdparty.io.grpc.StatusRuntimeException: UNAVAILABLE: io exception
2023-07-26 19:47:36,468 [grpc-default-executor-2] WARN  server.GrpcLogAppender (GrpcLogAppender.java:resetClient(128)) - 4099cb2b-2e2e-4151-9db7-f99ade631412@group-1C7129A268B6->cc71d3b4-cf6a-416c-96eb-6097e97a8fe1-GrpcLogAppender: Follower failed when matchIndex == 0,  keep nextIndex (6) unchanged and retry.
2023-07-26 19:47:36,553 [FixedThreadPoolWithAffinityExecutor-8-0] WARN  container.ContainerReportHandler (AbstractContainerReportHandler.java:updateContainerState(260)) - Container #1 is in OPEN state, but the datanode c33e49d7-aab4-4e8b-84a2-e80ab64b386a(fv-az465-709/10.1.0.48) reports an CLOSED replica.
2023-07-26 19:47:36,554 [BlockDeletingService#0] INFO  interfaces.ContainerDeletionChoosingPolicyTemplate (ContainerDeletionChoosingPolicyTemplate.java:chooseContainerForBlockDeletion(83)) - Chosen 0/5000 blocks from 0 candidate containers.
2023-07-26 19:47:36,556 [BlockDeletingService#9] INFO  interfaces.ContainerDeletionChoosingPolicyTemplate (ContainerDeletionChoosingPolicyTemplate.java:chooseContainerForBlockDeletion(83)) - Chosen 0/5000 blocks from 0 candidate containers.
2023-07-26 19:47:36,654 [BlockDeletingService#0] INFO  interfaces.ContainerDeletionChoosingPolicyTemplate (ContainerDeletionChoosingPolicyTemplate.java:chooseContainerForBlockDeletion(83)) - Chosen 0/5000 blocks from 0 candidate containers.
2023-07-26 19:47:36,656 [BlockDeletingService#9] INFO  interfaces.ContainerDeletionChoosingPolicyTemplate (ContainerDeletionChoosingPolicyTemplate.java:chooseContainerForBlockDeletion(83)) - Chosen 0/5000 blocks from 0 candidate containers.
2023-07-26 19:47:36,753 [FixedThreadPoolWithAffinityExecutor-8-0] WARN  container.ContainerReportHandler (AbstractContainerReportHandler.java:updateContainerState(260)) - Container #1 is in OPEN state, but the datanode c33e49d7-aab4-4e8b-84a2-e80ab64b386a(fv-az465-709/10.1.0.48) reports an CLOSED replica.
2023-07-26 19:47:36,753 [FixedThreadPoolWithAffinityExecutor-0-0] WARN  container.ContainerReportHandler (AbstractContainerReportHandler.java:updateContainerState(260)) - Container #1 is in OPEN state, but the datanode 4099cb2b-2e2e-4151-9db7-f99ade631412(fv-az465-709/10.1.0.48) reports an CLOSED replica.
2023-07-26 19:47:36,755 [BlockDeletingService#0] INFO  interfaces.ContainerDeletionChoosingPolicyTemplate (ContainerDeletionChoosingPolicyTemplate.java:chooseContainerForBlockDeletion(83)) - Chosen 0/5000 blocks from 0 candidate containers.
2023-07-26 19:47:36,756 [BlockDeletingService#9] INFO  interfaces.ContainerDeletionChoosingPolicyTemplate (ContainerDeletionChoosingPolicyTemplate.java:chooseContainerForBlockDeletion(83)) - Chosen 0/5000 blocks from 0 candidate containers.
2023-07-26 19:47:36,855 [BlockDeletingService#0] INFO  interfaces.ContainerDeletionChoosingPolicyTemplate (ContainerDeletionChoosingPolicyTemplate.java:chooseContainerForBlockDeletion(83)) - Chosen 0/5000 blocks from 0 candidate containers.
2023-07-26 19:47:36,856 [BlockDeletingService#9] INFO  interfaces.ContainerDeletionChoosingPolicyTemplate (ContainerDeletionChoosingPolicyTemplate.java:chooseContainerForBlockDeletion(83)) - Chosen 0/5000 blocks from 0 candidate containers.
2023-07-26 19:47:36,952 [FixedThreadPoolWithAffinityExecutor-8-0] WARN  container.ContainerReportHandler (AbstractContainerReportHandler.java:updateContainerState(260)) - Container #1 is in OPEN state, but the datanode c33e49d7-aab4-4e8b-84a2-e80ab64b386a(fv-az465-709/10.1.0.48) reports an CLOSED replica.
2023-07-26 19:47:36,956 [BlockDeletingService#0] INFO  interfaces.ContainerDeletionChoosingPolicyTemplate (ContainerDeletionChoosingPolicyTemplate.java:chooseContainerForBlockDeletion(83)) - Chosen 0/5000 blocks from 0 candidate containers.
2023-07-26 19:47:36,957 [BlockDeletingService#9] INFO  interfaces.ContainerDeletionChoosingPolicyTemplate (ContainerDeletionChoosingPolicyTemplate.java:chooseContainerForBlockDeletion(83)) - Chosen 0/5000 blocks from 0 candidate containers.
2023-07-26 19:47:37,054 [FixedThreadPoolWithAffinityExecutor-0-0] WARN  container.ContainerReportHandler (AbstractContainerReportHandler.java:updateContainerState(260)) - Container #1 is in OPEN state, but the datanode 4099cb2b-2e2e-4151-9db7-f99ade631412(fv-az465-709/10.1.0.48) reports an CLOSED replica.
2023-07-26 19:47:37,056 [BlockDeletingService#0] INFO  interfaces.ContainerDeletionChoosingPolicyTemplate (ContainerDeletionChoosingPolicyTemplate.java:chooseContainerForBlockDeletion(83)) - Chosen 0/5000 blocks from 0 candidate containers.
2023-07-26 19:47:37,057 [BlockDeletingService#9] INFO  interfaces.ContainerDeletionChoosingPolicyTemplate (ContainerDeletionChoosingPolicyTemplate.java:chooseContainerForBlockDeletion(83)) - Chosen 0/5000 blocks from 0 candidate containers.
2023-07-26 19:47:37,156 [BlockDeletingService#0] INFO  interfaces.ContainerDeletionChoosingPolicyTemplate (ContainerDeletionChoosingPolicyTemplate.java:chooseContainerForBlockDeletion(83)) - Chosen 0/5000 blocks from 0 candidate containers.
2023-07-26 19:47:37,157 [BlockDeletingService#9] INFO  interfaces.ContainerDeletionChoosingPolicyTemplate (ContainerDeletionChoosingPolicyTemplate.java:chooseContainerForBlockDeletion(83)) - Chosen 0/5000 blocks from 0 candidate containers.
2023-07-26 19:47:37,252 [FixedThreadPoolWithAffinityExecutor-8-0] WARN  container.ContainerReportHandler (AbstractContainerReportHandler.java:updateContainerState(260)) - Container #1 is in OPEN state, but the datanode c33e49d7-aab4-4e8b-84a2-e80ab64b386a(fv-az465-709/10.1.0.48) reports an CLOSED replica.
2023-07-26 19:47:37,256 [BlockDeletingService#0] INFO  interfaces.ContainerDeletionChoosingPolicyTemplate (ContainerDeletionChoosingPolicyTemplate.java:chooseContainerForBlockDeletion(83)) - Chosen 0/5000 blocks from 0 candidate containers.
2023-07-26 19:47:37,257 [BlockDeletingService#9] INFO  interfaces.ContainerDeletionChoosingPolicyTemplate (ContainerDeletionChoosingPolicyTemplate.java:chooseContainerForBlockDeletion(83)) - Chosen 0/5000 blocks from 0 candidate containers.
2023-07-26 19:47:37,357 [BlockDeletingService#0] INFO  interfaces.ContainerDeletionChoosingPolicyTemplate (ContainerDeletionChoosingPolicyTemplate.java:chooseContainerForBlockDeletion(83)) - Chosen 0/5000 blocks from 0 candidate containers.
2023-07-26 19:47:37,358 [BlockDeletingService#9] INFO  interfaces.ContainerDeletionChoosingPolicyTemplate (ContainerDeletionChoosingPolicyTemplate.java:chooseContainerForBlockDeletion(83)) - Chosen 0/5000 blocks from 0 candidate containers.
2023-07-26 19:47:37,452 [FixedThreadPoolWithAffinityExecutor-8-0] WARN  container.ContainerReportHandler (AbstractContainerReportHandler.java:updateContainerState(260)) - Container #1 is in OPEN state, but the datanode c33e49d7-aab4-4e8b-84a2-e80ab64b386a(fv-az465-709/10.1.0.48) reports an CLOSED replica.
2023-07-26 19:47:37,455 [FixedThreadPoolWithAffinityExecutor-0-0] WARN  container.ContainerReportHandler (AbstractContainerReportHandler.java:updateContainerState(260)) - Container #1 is in OPEN state, but the datanode 4099cb2b-2e2e-4151-9db7-f99ade631412(fv-az465-709/10.1.0.48) reports an CLOSED replica.
2023-07-26 19:47:37,457 [BlockDeletingService#0] INFO  interfaces.ContainerDeletionChoosingPolicyTemplate (ContainerDeletionChoosingPolicyTemplate.java:chooseContainerForBlockDeletion(83)) - Chosen 0/5000 blocks from 0 candidate containers.
2023-07-26 19:47:37,458 [BlockDeletingService#9] INFO  interfaces.ContainerDeletionChoosingPolicyTemplate (ContainerDeletionChoosingPolicyTemplate.java:chooseContainerForBlockDeletion(83)) - Chosen 0/5000 blocks from 0 candidate containers.
2023-07-26 19:47:37,558 [BlockDeletingService#0] INFO  interfaces.ContainerDeletionChoosingPolicyTemplate (ContainerDeletionChoosingPolicyTemplate.java:chooseContainerForBlockDeletion(83)) - Chosen 0/5000 blocks from 0 candidate containers.
2023-07-26 19:47:37,558 [BlockDeletingService#9] INFO  interfaces.ContainerDeletionChoosingPolicyTemplate (ContainerDeletionChoosingPolicyTemplate.java:chooseContainerForBlockDeletion(83)) - Chosen 0/5000 blocks from 0 candidate containers.
2023-07-26 19:47:37,652 [FixedThreadPoolWithAffinityExecutor-8-0] WARN  container.ContainerReportHandler (AbstractContainerReportHandler.java:updateContainerState(260)) - Container #1 is in OPEN state, but the datanode c33e49d7-aab4-4e8b-84a2-e80ab64b386a(fv-az465-709/10.1.0.48) reports an CLOSED replica.
2023-07-26 19:47:37,658 [BlockDeletingService#0] INFO  interfaces.ContainerDeletionChoosingPolicyTemplate (ContainerDeletionChoosingPolicyTemplate.java:chooseContainerForBlockDeletion(83)) - Chosen 0/5000 blocks from 0 candidate containers.
2023-07-26 19:47:37,658 [BlockDeletingService#9] INFO  interfaces.ContainerDeletionChoosingPolicyTemplate (ContainerDeletionChoosingPolicyTemplate.java:chooseContainerForBlockDeletion(83)) - Chosen 0/5000 blocks from 0 candidate containers.
2023-07-26 19:47:37,718 [grpc-default-executor-2] WARN  server.GrpcLogAppender (LogUtils.java:warn(122)) - 4099cb2b-2e2e-4151-9db7-f99ade631412@group-1C7129A268B6->cc71d3b4-cf6a-416c-96eb-6097e97a8fe1-AppendLogResponseHandler: Failed appendEntries: org.apache.ratis.thirdparty.io.grpc.StatusRuntimeException: UNAVAILABLE: io exception
2023-07-26 19:47:37,719 [grpc-default-executor-2] WARN  server.GrpcLogAppender (GrpcLogAppender.java:resetClient(128)) - 4099cb2b-2e2e-4151-9db7-f99ade631412@group-1C7129A268B6->cc71d3b4-cf6a-416c-96eb-6097e97a8fe1-GrpcLogAppender: Follower failed when matchIndex == 0,  keep nextIndex (6) unchanged and retry.
2023-07-26 19:47:37,718 [grpc-default-executor-3] WARN  server.GrpcLogAppender (LogUtils.java:warn(122)) - 4099cb2b-2e2e-4151-9db7-f99ade631412@group-1C7129A268B6->cc71d3b4-cf6a-416c-96eb-6097e97a8fe1-AppendLogResponseHandler: Failed appendEntries: org.apache.ratis.thirdparty.io.grpc.StatusRuntimeException: UNAVAILABLE: io exception
2023-07-26 19:47:37,719 [grpc-default-executor-3] WARN  server.GrpcLogAppender (GrpcLogAppender.java:resetClient(128)) - 4099cb2b-2e2e-4151-9db7-f99ade631412@group-1C7129A268B6->cc71d3b4-cf6a-416c-96eb-6097e97a8fe1-GrpcLogAppender: Follower failed when matchIndex == 0,  keep nextIndex (6) unchanged and retry.
2023-07-26 19:47:37,754 [FixedThreadPoolWithAffinityExecutor-0-0] WARN  container.ContainerReportHandler (AbstractContainerReportHandler.java:updateContainerState(260)) - Container #1 is in OPEN state, but the datanode 4099cb2b-2e2e-4151-9db7-f99ade631412(fv-az465-709/10.1.0.48) reports an CLOSED replica.
2023-07-26 19:47:37,758 [BlockDeletingService#0] INFO  interfaces.ContainerDeletionChoosingPolicyTemplate (ContainerDeletionChoosingPolicyTemplate.java:chooseContainerForBlockDeletion(83)) - Chosen 0/5000 blocks from 0 candidate containers.
2023-07-26 19:47:37,758 [BlockDeletingService#9] INFO  interfaces.ContainerDeletionChoosingPolicyTemplate (ContainerDeletionChoosingPolicyTemplate.java:chooseContainerForBlockDeletion(83)) - Chosen 0/5000 blocks from 0 candidate containers.
2023-07-26 19:47:37,859 [BlockDeletingService#0] INFO  interfaces.ContainerDeletionChoosingPolicyTemplate (ContainerDeletionChoosingPolicyTemplate.java:chooseContainerForBlockDeletion(83)) - Chosen 0/5000 blocks from 0 candidate containers.
2023-07-26 19:47:37,859 [BlockDeletingService#9] INFO  interfaces.ContainerDeletionChoosingPolicyTemplate (ContainerDeletionChoosingPolicyTemplate.java:chooseContainerForBlockDeletion(83)) - Chosen 0/5000 blocks from 0 candidate containers.
2023-07-26 19:47:37,953 [FixedThreadPoolWithAffinityExecutor-8-0] WARN  container.ContainerReportHandler (AbstractContainerReportHandler.java:updateContainerState(260)) - Container #1 is in OPEN state, but the datanode c33e49d7-aab4-4e8b-84a2-e80ab64b386a(fv-az465-709/10.1.0.48) reports an CLOSED replica.
2023-07-26 19:47:37,959 [BlockDeletingService#9] INFO  interfaces.ContainerDeletionChoosingPolicyTemplate (ContainerDeletionChoosingPolicyTemplate.java:chooseContainerForBlockDeletion(83)) - Chosen 0/5000 blocks from 0 candidate containers.
2023-07-26 19:47:37,959 [BlockDeletingService#0] INFO  interfaces.ContainerDeletionChoosingPolicyTemplate (ContainerDeletionChoosingPolicyTemplate.java:chooseContainerForBlockDeletion(83)) - Chosen 0/5000 blocks from 0 candidate containers.
2023-07-26 19:47:38,059 [BlockDeletingService#9] INFO  interfaces.ContainerDeletionChoosingPolicyTemplate (ContainerDeletionChoosingPolicyTemplate.java:chooseContainerForBlockDeletion(83)) - Chosen 0/5000 blocks from 0 candidate containers.
2023-07-26 19:47:38,059 [BlockDeletingService#0] INFO  interfaces.ContainerDeletionChoosingPolicyTemplate (ContainerDeletionChoosingPolicyTemplate.java:chooseContainerForBlockDeletion(83)) - Chosen 0/5000 blocks from 0 candidate containers.
2023-07-26 19:47:38,152 [FixedThreadPoolWithAffinityExecutor-8-0] WARN  container.ContainerReportHandler (AbstractContainerReportHandler.java:updateContainerState(260)) - Container #1 is in OPEN state, but the datanode c33e49d7-aab4-4e8b-84a2-e80ab64b386a(fv-az465-709/10.1.0.48) reports an CLOSED replica.
2023-07-26 19:47:38,154 [FixedThreadPoolWithAffinityExecutor-0-0] WARN  container.ContainerReportHandler (AbstractContainerReportHandler.java:updateContainerState(260)) - Container #1 is in OPEN state, but the datanode 4099cb2b-2e2e-4151-9db7-f99ade631412(fv-az465-709/10.1.0.48) reports an CLOSED replica.
2023-07-26 19:47:38,160 [BlockDeletingService#9] INFO  interfaces.ContainerDeletionChoosingPolicyTemplate (ContainerDeletionChoosingPolicyTemplate.java:chooseContainerForBlockDeletion(83)) - Chosen 0/5000 blocks from 0 candidate containers.
2023-07-26 19:47:38,164 [BlockDeletingService#0] INFO  interfaces.ContainerDeletionChoosingPolicyTemplate (ContainerDeletionChoosingPolicyTemplate.java:chooseContainerForBlockDeletion(83)) - Chosen 0/5000 blocks from 0 candidate containers.
2023-07-26 19:47:38,260 [BlockDeletingService#9] INFO  interfaces.ContainerDeletionChoosingPolicyTemplate (ContainerDeletionChoosingPolicyTemplate.java:chooseContainerForBlockDeletion(83)) - Chosen 0/5000 blocks from 0 candidate containers.
2023-07-26 19:47:38,265 [BlockDeletingService#0] INFO  interfaces.ContainerDeletionChoosingPolicyTemplate (ContainerDeletionChoosingPolicyTemplate.java:chooseContainerForBlockDeletion(83)) - Chosen 0/5000 blocks from 0 candidate containers.
2023-07-26 19:47:38,353 [FixedThreadPoolWithAffinityExecutor-8-0] WARN  container.ContainerReportHandler (AbstractContainerReportHandler.java:updateContainerState(260)) - Container #1 is in OPEN state, but the datanode c33e49d7-aab4-4e8b-84a2-e80ab64b386a(fv-az465-709/10.1.0.48) reports an CLOSED replica.
2023-07-26 19:47:38,360 [BlockDeletingService#9] INFO  interfaces.ContainerDeletionChoosingPolicyTemplate (ContainerDeletionChoosingPolicyTemplate.java:chooseContainerForBlockDeletion(83)) - Chosen 0/5000 blocks from 0 candidate containers.
2023-07-26 19:47:38,365 [BlockDeletingService#0] INFO  interfaces.ContainerDeletionChoosingPolicyTemplate (ContainerDeletionChoosingPolicyTemplate.java:chooseContainerForBlockDeletion(83)) - Chosen 0/5000 blocks from 0 candidate containers.
2023-07-26 19:47:38,454 [FixedThreadPoolWithAffinityExecutor-0-0] WARN  container.ContainerReportHandler (AbstractContainerReportHandler.java:updateContainerState(260)) - Container #1 is in OPEN state, but the datanode 4099cb2b-2e2e-4151-9db7-f99ade631412(fv-az465-709/10.1.0.48) reports an CLOSED replica.
2023-07-26 19:47:38,461 [BlockDeletingService#9] INFO  interfaces.ContainerDeletionChoosingPolicyTemplate (ContainerDeletionChoosingPolicyTemplate.java:chooseContainerForBlockDeletion(83)) - Chosen 0/5000 blocks from 0 candidate containers.
2023-07-26 19:47:38,465 [BlockDeletingService#0] INFO  interfaces.ContainerDeletionChoosingPolicyTemplate (ContainerDeletionChoosingPolicyTemplate.java:chooseContainerForBlockDeletion(83)) - Chosen 0/5000 blocks from 0 candidate containers.
2023-07-26 19:47:38,561 [BlockDeletingService#9] INFO  interfaces.ContainerDeletionChoosingPolicyTemplate (ContainerDeletionChoosingPolicyTemplate.java:chooseContainerForBlockDeletion(83)) - Chosen 0/5000 blocks from 0 candidate containers.
2023-07-26 19:47:38,565 [BlockDeletingService#0] INFO  interfaces.ContainerDeletionChoosingPolicyTemplate (ContainerDeletionChoosingPolicyTemplate.java:chooseContainerForBlockDeletion(83)) - Chosen 0/5000 blocks from 0 candidate containers.
2023-07-26 19:47:38,654 [FixedThreadPoolWithAffinityExecutor-8-0] WARN  container.ContainerReportHandler (AbstractContainerReportHandler.java:updateContainerState(260)) - Container #1 is in OPEN state, but the datanode c33e49d7-aab4-4e8b-84a2-e80ab64b386a(fv-az465-709/10.1.0.48) reports an CLOSED replica.
2023-07-26 19:47:38,661 [BlockDeletingService#9] INFO  interfaces.ContainerDeletionChoosingPolicyTemplate (ContainerDeletionChoosingPolicyTemplate.java:chooseContainerForBlockDeletion(83)) - Chosen 0/5000 blocks from 0 candidate containers.
2023-07-26 19:47:38,666 [BlockDeletingService#0] INFO  interfaces.ContainerDeletionChoosingPolicyTemplate (ContainerDeletionChoosingPolicyTemplate.java:chooseContainerForBlockDeletion(83)) - Chosen 0/5000 blocks from 0 candidate containers.
2023-07-26 19:47:38,761 [BlockDeletingService#9] INFO  interfaces.ContainerDeletionChoosingPolicyTemplate (ContainerDeletionChoosingPolicyTemplate.java:chooseContainerForBlockDeletion(83)) - Chosen 0/5000 blocks from 0 candidate containers.
2023-07-26 19:47:38,766 [BlockDeletingService#0] INFO  interfaces.ContainerDeletionChoosingPolicyTemplate (ContainerDeletionChoosingPolicyTemplate.java:chooseContainerForBlockDeletion(83)) - Chosen 0/5000 blocks from 0 candidate containers.
2023-07-26 19:47:38,854 [FixedThreadPoolWithAffinityExecutor-8-0] WARN  container.ContainerReportHandler (AbstractContainerReportHandler.java:updateContainerState(260)) - Container #1 is in OPEN state, but the datanode c33e49d7-aab4-4e8b-84a2-e80ab64b386a(fv-az465-709/10.1.0.48) reports an CLOSED replica.
2023-07-26 19:47:38,855 [FixedThreadPoolWithAffinityExecutor-0-0] WARN  container.ContainerReportHandler (AbstractContainerReportHandler.java:updateContainerState(260)) - Container #1 is in OPEN state, but the datanode 4099cb2b-2e2e-4151-9db7-f99ade631412(fv-az465-709/10.1.0.48) reports an CLOSED replica.
2023-07-26 19:47:38,862 [BlockDeletingService#9] INFO  interfaces.ContainerDeletionChoosingPolicyTemplate (ContainerDeletionChoosingPolicyTemplate.java:chooseContainerForBlockDeletion(83)) - Chosen 0/5000 blocks from 0 candidate containers.
2023-07-26 19:47:38,866 [BlockDeletingService#0] INFO  interfaces.ContainerDeletionChoosingPolicyTemplate (ContainerDeletionChoosingPolicyTemplate.java:chooseContainerForBlockDeletion(83)) - Chosen 0/5000 blocks from 0 candidate containers.
2023-07-26 19:47:38,962 [BlockDeletingService#9] INFO  interfaces.ContainerDeletionChoosingPolicyTemplate (ContainerDeletionChoosingPolicyTemplate.java:chooseContainerForBlockDeletion(83)) - Chosen 0/5000 blocks from 0 candidate containers.
2023-07-26 19:47:38,966 [BlockDeletingService#0] INFO  interfaces.ContainerDeletionChoosingPolicyTemplate (ContainerDeletionChoosingPolicyTemplate.java:chooseContainerForBlockDeletion(83)) - Chosen 0/5000 blocks from 0 candidate containers.
2023-07-26 19:47:38,969 [grpc-default-executor-3] WARN  server.GrpcLogAppender (LogUtils.java:warn(122)) - 4099cb2b-2e2e-4151-9db7-f99ade631412@group-1C7129A268B6->cc71d3b4-cf6a-416c-96eb-6097e97a8fe1-AppendLogResponseHandler: Failed appendEntries: org.apache.ratis.thirdparty.io.grpc.StatusRuntimeException: UNAVAILABLE: io exception
2023-07-26 19:47:38,970 [grpc-default-executor-3] WARN  server.GrpcLogAppender (GrpcLogAppender.java:resetClient(128)) - 4099cb2b-2e2e-4151-9db7-f99ade631412@group-1C7129A268B6->cc71d3b4-cf6a-416c-96eb-6097e97a8fe1-GrpcLogAppender: Follower failed when matchIndex == 0,  keep nextIndex (6) unchanged and retry.
2023-07-26 19:47:38,970 [grpc-default-executor-2] WARN  server.GrpcLogAppender (LogUtils.java:warn(122)) - 4099cb2b-2e2e-4151-9db7-f99ade631412@group-1C7129A268B6->cc71d3b4-cf6a-416c-96eb-6097e97a8fe1-AppendLogResponseHandler: Failed appendEntries: org.apache.ratis.thirdparty.io.grpc.StatusRuntimeException: UNAVAILABLE: io exception
2023-07-26 19:47:38,970 [grpc-default-executor-2] WARN  server.GrpcLogAppender (GrpcLogAppender.java:resetClient(128)) - 4099cb2b-2e2e-4151-9db7-f99ade631412@group-1C7129A268B6->cc71d3b4-cf6a-416c-96eb-6097e97a8fe1-GrpcLogAppender: Follower failed when matchIndex == 0,  keep nextIndex (6) unchanged and retry.
2023-07-26 19:47:39,054 [FixedThreadPoolWithAffinityExecutor-8-0] WARN  container.ContainerReportHandler (AbstractContainerReportHandler.java:updateContainerState(260)) - Container #1 is in OPEN state, but the datanode c33e49d7-aab4-4e8b-84a2-e80ab64b386a(fv-az465-709/10.1.0.48) reports an CLOSED replica.
2023-07-26 19:47:39,062 [BlockDeletingService#9] INFO  interfaces.ContainerDeletionChoosingPolicyTemplate (ContainerDeletionChoosingPolicyTemplate.java:chooseContainerForBlockDeletion(83)) - Chosen 0/5000 blocks from 0 candidate containers.
2023-07-26 19:47:39,067 [BlockDeletingService#0] INFO  interfaces.ContainerDeletionChoosingPolicyTemplate (ContainerDeletionChoosingPolicyTemplate.java:chooseContainerForBlockDeletion(83)) - Chosen 0/5000 blocks from 0 candidate containers.
2023-07-26 19:47:39,155 [FixedThreadPoolWithAffinityExecutor-0-0] WARN  container.ContainerReportHandler (AbstractContainerReportHandler.java:updateContainerState(260)) - Container #1 is in OPEN state, but the datanode 4099cb2b-2e2e-4151-9db7-f99ade631412(fv-az465-709/10.1.0.48) reports an CLOSED replica.
2023-07-26 19:47:39,163 [BlockDeletingService#9] INFO  interfaces.ContainerDeletionChoosingPolicyTemplate (ContainerDeletionChoosingPolicyTemplate.java:chooseContainerForBlockDeletion(83)) - Chosen 0/5000 blocks from 0 candidate containers.
2023-07-26 19:47:39,167 [BlockDeletingService#0] INFO  interfaces.ContainerDeletionChoosingPolicyTemplate (ContainerDeletionChoosingPolicyTemplate.java:chooseContainerForBlockDeletion(83)) - Chosen 0/5000 blocks from 0 candidate containers.
2023-07-26 19:47:39,254 [FixedThreadPoolWithAffinityExecutor-8-0] WARN  container.ContainerReportHandler (AbstractContainerReportHandler.java:updateContainerState(260)) - Container #1 is in OPEN state, but the datanode c33e49d7-aab4-4e8b-84a2-e80ab64b386a(fv-az465-709/10.1.0.48) reports an CLOSED replica.
2023-07-26 19:47:39,263 [BlockDeletingService#9] INFO  interfaces.ContainerDeletionChoosingPolicyTemplate (ContainerDeletionChoosingPolicyTemplate.java:chooseContainerForBlockDeletion(83)) - Chosen 0/5000 blocks from 0 candidate containers.
2023-07-26 19:47:39,267 [BlockDeletingService#0] INFO  interfaces.ContainerDeletionChoosingPolicyTemplate (ContainerDeletionChoosingPolicyTemplate.java:chooseContainerForBlockDeletion(83)) - Chosen 0/5000 blocks from 0 candidate containers.
2023-07-26 19:47:39,363 [BlockDeletingService#9] INFO  interfaces.ContainerDeletionChoosingPolicyTemplate (ContainerDeletionChoosingPolicyTemplate.java:chooseContainerForBlockDeletion(83)) - Chosen 0/5000 blocks from 0 candidate containers.
2023-07-26 19:47:39,367 [BlockDeletingService#0] INFO  interfaces.ContainerDeletionChoosingPolicyTemplate (ContainerDeletionChoosingPolicyTemplate.java:chooseContainerForBlockDeletion(83)) - Chosen 0/5000 blocks from 0 candidate containers.
2023-07-26 19:47:39,456 [FixedThreadPoolWithAffinityExecutor-0-0] WARN  container.ContainerReportHandler (AbstractContainerReportHandler.java:updateContainerState(260)) - Container #1 is in OPEN state, but the datanode 4099cb2b-2e2e-4151-9db7-f99ade631412(fv-az465-709/10.1.0.48) reports an CLOSED replica.
2023-07-26 19:47:39,464 [BlockDeletingService#9] INFO  interfaces.ContainerDeletionChoosingPolicyTemplate (ContainerDeletionChoosingPolicyTemplate.java:chooseContainerForBlockDeletion(83)) - Chosen 0/5000 blocks from 0 candidate containers.
2023-07-26 19:47:39,467 [BlockDeletingService#0] INFO  interfaces.ContainerDeletionChoosingPolicyTemplate (ContainerDeletionChoosingPolicyTemplate.java:chooseContainerForBlockDeletion(83)) - Chosen 0/5000 blocks from 0 candidate containers.
2023-07-26 19:47:39,553 [FixedThreadPoolWithAffinityExecutor-8-0] WARN  container.ContainerReportHandler (AbstractContainerReportHandler.java:updateContainerState(260)) - Container #1 is in OPEN state, but the datanode c33e49d7-aab4-4e8b-84a2-e80ab64b386a(fv-az465-709/10.1.0.48) reports an CLOSED replica.
2023-07-26 19:47:39,565 [BlockDeletingService#9] INFO  interfaces.ContainerDeletionChoosingPolicyTemplate (ContainerDeletionChoosingPolicyTemplate.java:chooseContainerForBlockDeletion(83)) - Chosen 0/5000 blocks from 0 candidate containers.
2023-07-26 19:47:39,568 [BlockDeletingService#0] INFO  interfaces.ContainerDeletionChoosingPolicyTemplate (ContainerDeletionChoosingPolicyTemplate.java:chooseContainerForBlockDeletion(83)) - Chosen 0/5000 blocks from 0 candidate containers.
2023-07-26 19:47:39,665 [BlockDeletingService#9] INFO  interfaces.ContainerDeletionChoosingPolicyTemplate (ContainerDeletionChoosingPolicyTemplate.java:chooseContainerForBlockDeletion(83)) - Chosen 0/5000 blocks from 0 candidate containers.
2023-07-26 19:47:39,668 [BlockDeletingService#0] INFO  interfaces.ContainerDeletionChoosingPolicyTemplate (ContainerDeletionChoosingPolicyTemplate.java:chooseContainerForBlockDeletion(83)) - Chosen 0/5000 blocks from 0 candidate containers.
2023-07-26 19:47:39,754 [FixedThreadPoolWithAffinityExecutor-8-0] WARN  container.ContainerReportHandler (AbstractContainerReportHandler.java:updateContainerState(260)) - Container #1 is in OPEN state, but the datanode c33e49d7-aab4-4e8b-84a2-e80ab64b386a(fv-az465-709/10.1.0.48) reports an CLOSED replica.
2023-07-26 19:47:39,765 [BlockDeletingService#9] INFO  interfaces.ContainerDeletionChoosingPolicyTemplate (ContainerDeletionChoosingPolicyTemplate.java:chooseContainerForBlockDeletion(83)) - Chosen 0/5000 blocks from 0 candidate containers.
2023-07-26 19:47:39,768 [BlockDeletingService#0] INFO  interfaces.ContainerDeletionChoosingPolicyTemplate (ContainerDeletionChoosingPolicyTemplate.java:chooseContainerForBlockDeletion(83)) - Chosen 0/5000 blocks from 0 candidate containers.
2023-07-26 19:47:39,858 [FixedThreadPoolWithAffinityExecutor-0-0] WARN  container.ContainerReportHandler (AbstractContainerReportHandler.java:updateContainerState(260)) - Container #1 is in OPEN state, but the datanode 4099cb2b-2e2e-4151-9db7-f99ade631412(fv-az465-709/10.1.0.48) reports an CLOSED replica.
2023-07-26 19:47:39,865 [BlockDeletingService#9] INFO  interfaces.ContainerDeletionChoosingPolicyTemplate (ContainerDeletionChoosingPolicyTemplate.java:chooseContainerForBlockDeletion(83)) - Chosen 0/5000 blocks from 0 candidate containers.
2023-07-26 19:47:39,869 [BlockDeletingService#0] INFO  interfaces.ContainerDeletionChoosingPolicyTemplate (ContainerDeletionChoosingPolicyTemplate.java:chooseContainerForBlockDeletion(83)) - Chosen 0/5000 blocks from 0 candidate containers.
2023-07-26 19:47:39,954 [FixedThreadPoolWithAffinityExecutor-8-0] WARN  container.ContainerReportHandler (AbstractContainerReportHandler.java:updateContainerState(260)) - Container #1 is in OPEN state, but the datanode c33e49d7-aab4-4e8b-84a2-e80ab64b386a(fv-az465-709/10.1.0.48) reports an CLOSED replica.
2023-07-26 19:47:39,966 [BlockDeletingService#9] INFO  interfaces.ContainerDeletionChoosingPolicyTemplate (ContainerDeletionChoosingPolicyTemplate.java:chooseContainerForBlockDeletion(83)) - Chosen 0/5000 blocks from 0 candidate containers.
2023-07-26 19:47:39,969 [BlockDeletingService#0] INFO  interfaces.ContainerDeletionChoosingPolicyTemplate (ContainerDeletionChoosingPolicyTemplate.java:chooseContainerForBlockDeletion(83)) - Chosen 0/5000 blocks from 0 candidate containers.
2023-07-26 19:47:40,066 [BlockDeletingService#9] INFO  interfaces.ContainerDeletionChoosingPolicyTemplate (ContainerDeletionChoosingPolicyTemplate.java:chooseContainerForBlockDeletion(83)) - Chosen 0/5000 blocks from 0 candidate containers.
2023-07-26 19:47:40,069 [BlockDeletingService#0] INFO  interfaces.ContainerDeletionChoosingPolicyTemplate (ContainerDeletionChoosingPolicyTemplate.java:chooseContainerForBlockDeletion(83)) - Chosen 0/5000 blocks from 0 candidate containers.
2023-07-26 19:47:40,158 [FixedThreadPoolWithAffinityExecutor-0-0] WARN  container.ContainerReportHandler (AbstractContainerReportHandler.java:updateContainerState(260)) - Container #1 is in OPEN state, but the datanode 4099cb2b-2e2e-4151-9db7-f99ade631412(fv-az465-709/10.1.0.48) reports an CLOSED replica.
2023-07-26 19:47:40,166 [BlockDeletingService#9] INFO  interfaces.ContainerDeletionChoosingPolicyTemplate (ContainerDeletionChoosingPolicyTemplate.java:chooseContainerForBlockDeletion(83)) - Chosen 0/5000 blocks from 0 candidate containers.
2023-07-26 19:47:40,169 [BlockDeletingService#0] INFO  interfaces.ContainerDeletionChoosingPolicyTemplate (ContainerDeletionChoosingPolicyTemplate.java:chooseContainerForBlockDeletion(83)) - Chosen 0/5000 blocks from 0 candidate containers.
2023-07-26 19:47:40,219 [grpc-default-executor-2] WARN  server.GrpcLogAppender (LogUtils.java:warn(122)) - 4099cb2b-2e2e-4151-9db7-f99ade631412@group-1C7129A268B6->cc71d3b4-cf6a-416c-96eb-6097e97a8fe1-AppendLogResponseHandler: Failed appendEntries: org.apache.ratis.thirdparty.io.grpc.StatusRuntimeException: UNAVAILABLE: io exception
2023-07-26 19:47:40,219 [grpc-default-executor-3] WARN  server.GrpcLogAppender (LogUtils.java:warn(122)) - 4099cb2b-2e2e-4151-9db7-f99ade631412@group-1C7129A268B6->cc71d3b4-cf6a-416c-96eb-6097e97a8fe1-AppendLogResponseHandler: Failed appendEntries: org.apache.ratis.thirdparty.io.grpc.StatusRuntimeException: UNAVAILABLE: io exception
2023-07-26 19:47:40,220 [grpc-default-executor-2] WARN  server.GrpcLogAppender (GrpcLogAppender.java:resetClient(128)) - 4099cb2b-2e2e-4151-9db7-f99ade631412@group-1C7129A268B6->cc71d3b4-cf6a-416c-96eb-6097e97a8fe1-GrpcLogAppender: Follower failed when matchIndex == 0,  keep nextIndex (6) unchanged and retry.
2023-07-26 19:47:40,221 [grpc-default-executor-3] WARN  server.GrpcLogAppender (GrpcLogAppender.java:resetClient(128)) - 4099cb2b-2e2e-4151-9db7-f99ade631412@group-1C7129A268B6->cc71d3b4-cf6a-416c-96eb-6097e97a8fe1-GrpcLogAppender: Follower failed when matchIndex == 0,  keep nextIndex (6) unchanged and retry.
2023-07-26 19:47:40,255 [FixedThreadPoolWithAffinityExecutor-8-0] WARN  container.ContainerReportHandler (AbstractContainerReportHandler.java:updateContainerState(260)) - Container #1 is in OPEN state, but the datanode c33e49d7-aab4-4e8b-84a2-e80ab64b386a(fv-az465-709/10.1.0.48) reports an CLOSED replica.
2023-07-26 19:47:40,267 [BlockDeletingService#9] INFO  interfaces.ContainerDeletionChoosingPolicyTemplate (ContainerDeletionChoosingPolicyTemplate.java:chooseContainerForBlockDeletion(83)) - Chosen 0/5000 blocks from 0 candidate containers.
2023-07-26 19:47:40,270 [BlockDeletingService#0] INFO  interfaces.ContainerDeletionChoosingPolicyTemplate (ContainerDeletionChoosingPolicyTemplate.java:chooseContainerForBlockDeletion(83)) - Chosen 0/5000 blocks from 0 candidate containers.
2023-07-26 19:47:40,367 [BlockDeletingService#9] INFO  interfaces.ContainerDeletionChoosingPolicyTemplate (ContainerDeletionChoosingPolicyTemplate.java:chooseContainerForBlockDeletion(83)) - Chosen 0/5000 blocks from 0 candidate containers.
2023-07-26 19:47:40,370 [BlockDeletingService#0] INFO  interfaces.ContainerDeletionChoosingPolicyTemplate (ContainerDeletionChoosingPolicyTemplate.java:chooseContainerForBlockDeletion(83)) - Chosen 0/5000 blocks from 0 candidate containers.
2023-07-26 19:47:40,455 [FixedThreadPoolWithAffinityExecutor-8-0] WARN  container.ContainerReportHandler (AbstractContainerReportHandler.java:updateContainerState(260)) - Container #1 is in OPEN state, but the datanode c33e49d7-aab4-4e8b-84a2-e80ab64b386a(fv-az465-709/10.1.0.48) reports an CLOSED replica.
2023-07-26 19:47:40,468 [BlockDeletingService#9] INFO  interfaces.ContainerDeletionChoosingPolicyTemplate (ContainerDeletionChoosingPolicyTemplate.java:chooseContainerForBlockDeletion(83)) - Chosen 0/5000 blocks from 0 candidate containers.
2023-07-26 19:47:40,470 [BlockDeletingService#0] INFO  interfaces.ContainerDeletionChoosingPolicyTemplate (ContainerDeletionChoosingPolicyTemplate.java:chooseContainerForBlockDeletion(83)) - Chosen 0/5000 blocks from 0 candidate containers.
2023-07-26 19:47:40,558 [FixedThreadPoolWithAffinityExecutor-0-0] WARN  container.ContainerReportHandler (AbstractContainerReportHandler.java:updateContainerState(260)) - Container #1 is in OPEN state, but the datanode 4099cb2b-2e2e-4151-9db7-f99ade631412(fv-az465-709/10.1.0.48) reports an CLOSED replica.
2023-07-26 19:47:40,568 [BlockDeletingService#9] INFO  interfaces.ContainerDeletionChoosingPolicyTemplate (ContainerDeletionChoosingPolicyTemplate.java:chooseContainerForBlockDeletion(83)) - Chosen 0/5000 blocks from 0 candidate containers.
2023-07-26 19:47:40,571 [BlockDeletingService#0] INFO  interfaces.ContainerDeletionChoosingPolicyTemplate (ContainerDeletionChoosingPolicyTemplate.java:chooseContainerForBlockDeletion(83)) - Chosen 0/5000 blocks from 0 candidate containers.
2023-07-26 19:47:40,656 [FixedThreadPoolWithAffinityExecutor-8-0] WARN  container.ContainerReportHandler (AbstractContainerReportHandler.java:updateContainerState(260)) - Container #1 is in OPEN state, but the datanode c33e49d7-aab4-4e8b-84a2-e80ab64b386a(fv-az465-709/10.1.0.48) reports an CLOSED replica.
2023-07-26 19:47:40,668 [BlockDeletingService#9] INFO  interfaces.ContainerDeletionChoosingPolicyTemplate (ContainerDeletionChoosingPolicyTemplate.java:chooseContainerForBlockDeletion(83)) - Chosen 0/5000 blocks from 0 candidate containers.
2023-07-26 19:47:40,671 [BlockDeletingService#0] INFO  interfaces.ContainerDeletionChoosingPolicyTemplate (ContainerDeletionChoosingPolicyTemplate.java:chooseContainerForBlockDeletion(83)) - Chosen 0/5000 blocks from 0 candidate containers.
2023-07-26 19:47:40,769 [BlockDeletingService#9] INFO  interfaces.ContainerDeletionChoosingPolicyTemplate (ContainerDeletionChoosingPolicyTemplate.java:chooseContainerForBlockDeletion(83)) - Chosen 0/5000 blocks from 0 candidate containers.
2023-07-26 19:47:40,771 [BlockDeletingService#0] INFO  interfaces.ContainerDeletionChoosingPolicyTemplate (ContainerDeletionChoosingPolicyTemplate.java:chooseContainerForBlockDeletion(83)) - Chosen 0/5000 blocks from 0 candidate containers.
2023-07-26 19:47:40,860 [FixedThreadPoolWithAffinityExecutor-0-0] WARN  container.ContainerReportHandler (AbstractContainerReportHandler.java:updateContainerState(260)) - Container #1 is in OPEN state, but the datanode 4099cb2b-2e2e-4151-9db7-f99ade631412(fv-az465-709/10.1.0.48) reports an CLOSED replica.
2023-07-26 19:47:40,869 [BlockDeletingService#9] INFO  interfaces.ContainerDeletionChoosingPolicyTemplate (ContainerDeletionChoosingPolicyTemplate.java:chooseContainerForBlockDeletion(83)) - Chosen 0/5000 blocks from 0 candidate containers.
2023-07-26 19:47:40,871 [BlockDeletingService#0] INFO  interfaces.ContainerDeletionChoosingPolicyTemplate (ContainerDeletionChoosingPolicyTemplate.java:chooseContainerForBlockDeletion(83)) - Chosen 0/5000 blocks from 0 candidate containers.
2023-07-26 19:47:40,955 [FixedThreadPoolWithAffinityExecutor-8-0] WARN  container.ContainerReportHandler (AbstractContainerReportHandler.java:updateContainerState(260)) - Container #1 is in OPEN state, but the datanode c33e49d7-aab4-4e8b-84a2-e80ab64b386a(fv-az465-709/10.1.0.48) reports an CLOSED replica.
2023-07-26 19:47:40,969 [BlockDeletingService#9] INFO  interfaces.ContainerDeletionChoosingPolicyTemplate (ContainerDeletionChoosingPolicyTemplate.java:chooseContainerForBlockDeletion(83)) - Chosen 0/5000 blocks from 0 candidate containers.
2023-07-26 19:47:40,972 [BlockDeletingService#0] INFO  interfaces.ContainerDeletionChoosingPolicyTemplate (ContainerDeletionChoosingPolicyTemplate.java:chooseContainerForBlockDeletion(83)) - Chosen 0/5000 blocks from 0 candidate containers.
2023-07-26 19:47:41,070 [BlockDeletingService#9] INFO  interfaces.ContainerDeletionChoosingPolicyTemplate (ContainerDeletionChoosingPolicyTemplate.java:chooseContainerForBlockDeletion(83)) - Chosen 0/5000 blocks from 0 candidate containers.
2023-07-26 19:47:41,072 [BlockDeletingService#0] INFO  interfaces.ContainerDeletionChoosingPolicyTemplate (ContainerDeletionChoosingPolicyTemplate.java:chooseContainerForBlockDeletion(83)) - Chosen 0/5000 blocks from 0 candidate containers.
2023-07-26 19:47:41,156 [FixedThreadPoolWithAffinityExecutor-8-0] WARN  container.ContainerReportHandler (AbstractContainerReportHandler.java:updateContainerState(260)) - Container #1 is in OPEN state, but the datanode c33e49d7-aab4-4e8b-84a2-e80ab64b386a(fv-az465-709/10.1.0.48) reports an CLOSED replica.
2023-07-26 19:47:41,162 [FixedThreadPoolWithAffinityExecutor-0-0] WARN  container.ContainerReportHandler (AbstractContainerReportHandler.java:updateContainerState(260)) - Container #1 is in OPEN state, but the datanode 4099cb2b-2e2e-4151-9db7-f99ade631412(fv-az465-709/10.1.0.48) reports an CLOSED replica.
2023-07-26 19:47:41,170 [BlockDeletingService#9] INFO  interfaces.ContainerDeletionChoosingPolicyTemplate (ContainerDeletionChoosingPolicyTemplate.java:chooseContainerForBlockDeletion(83)) - Chosen 0/5000 blocks from 0 candidate containers.
2023-07-26 19:47:41,172 [BlockDeletingService#0] INFO  interfaces.ContainerDeletionChoosingPolicyTemplate (ContainerDeletionChoosingPolicyTemplate.java:chooseContainerForBlockDeletion(83)) - Chosen 0/5000 blocks from 0 candidate containers.
2023-07-26 19:47:41,270 [BlockDeletingService#9] INFO  interfaces.ContainerDeletionChoosingPolicyTemplate (ContainerDeletionChoosingPolicyTemplate.java:chooseContainerForBlockDeletion(83)) - Chosen 0/5000 blocks from 0 candidate containers.
2023-07-26 19:47:41,272 [BlockDeletingService#0] INFO  interfaces.ContainerDeletionChoosingPolicyTemplate (ContainerDeletionChoosingPolicyTemplate.java:chooseContainerForBlockDeletion(83)) - Chosen 0/5000 blocks from 0 candidate containers.
2023-07-26 19:47:41,356 [FixedThreadPoolWithAffinityExecutor-8-0] WARN  container.ContainerReportHandler (AbstractContainerReportHandler.java:updateContainerState(260)) - Container #1 is in OPEN state, but the datanode c33e49d7-aab4-4e8b-84a2-e80ab64b386a(fv-az465-709/10.1.0.48) reports an CLOSED replica.
2023-07-26 19:47:41,371 [BlockDeletingService#9] INFO  interfaces.ContainerDeletionChoosingPolicyTemplate (ContainerDeletionChoosingPolicyTemplate.java:chooseContainerForBlockDeletion(83)) - Chosen 0/5000 blocks from 0 candidate containers.
2023-07-26 19:47:41,372 [BlockDeletingService#0] INFO  interfaces.ContainerDeletionChoosingPolicyTemplate (ContainerDeletionChoosingPolicyTemplate.java:chooseContainerForBlockDeletion(83)) - Chosen 0/5000 blocks from 0 candidate containers.
2023-07-26 19:47:41,470 [grpc-default-executor-3] WARN  server.GrpcLogAppender (LogUtils.java:warn(122)) - 4099cb2b-2e2e-4151-9db7-f99ade631412@group-1C7129A268B6->cc71d3b4-cf6a-416c-96eb-6097e97a8fe1-AppendLogResponseHandler: Failed appendEntries: org.apache.ratis.thirdparty.io.grpc.StatusRuntimeException: UNAVAILABLE: io exception
2023-07-26 19:47:41,470 [grpc-default-executor-2] WARN  server.GrpcLogAppender (LogUtils.java:warn(122)) - 4099cb2b-2e2e-4151-9db7-f99ade631412@group-1C7129A268B6->cc71d3b4-cf6a-416c-96eb-6097e97a8fe1-AppendLogResponseHandler: Failed appendEntries: org.apache.ratis.thirdparty.io.grpc.StatusRuntimeException: UNAVAILABLE: io exception
2023-07-26 19:47:41,471 [grpc-default-executor-3] WARN  server.GrpcLogAppender (GrpcLogAppender.java:resetClient(128)) - 4099cb2b-2e2e-4151-9db7-f99ade631412@group-1C7129A268B6->cc71d3b4-cf6a-416c-96eb-6097e97a8fe1-GrpcLogAppender: Follower failed when matchIndex == 0,  keep nextIndex (6) unchanged and retry.
2023-07-26 19:47:41,472 [BlockDeletingService#9] INFO  interfaces.ContainerDeletionChoosingPolicyTemplate (ContainerDeletionChoosingPolicyTemplate.java:chooseContainerForBlockDeletion(83)) - Chosen 0/5000 blocks from 0 candidate containers.
2023-07-26 19:47:41,472 [grpc-default-executor-2] WARN  server.GrpcLogAppender (GrpcLogAppender.java:resetClient(128)) - 4099cb2b-2e2e-4151-9db7-f99ade631412@group-1C7129A268B6->cc71d3b4-cf6a-416c-96eb-6097e97a8fe1-GrpcLogAppender: Follower failed when matchIndex == 0,  keep nextIndex (6) unchanged and retry.
2023-07-26 19:47:41,473 [BlockDeletingService#0] INFO  interfaces.ContainerDeletionChoosingPolicyTemplate (ContainerDeletionChoosingPolicyTemplate.java:chooseContainerForBlockDeletion(83)) - Chosen 0/5000 blocks from 0 candidate containers.
2023-07-26 19:47:41,559 [FixedThreadPoolWithAffinityExecutor-0-0] WARN  container.ContainerReportHandler (AbstractContainerReportHandler.java:updateContainerState(260)) - Container #1 is in OPEN state, but the datanode 4099cb2b-2e2e-4151-9db7-f99ade631412(fv-az465-709/10.1.0.48) reports an CLOSED replica.
2023-07-26 19:47:41,572 [BlockDeletingService#9] INFO  interfaces.ContainerDeletionChoosingPolicyTemplate (ContainerDeletionChoosingPolicyTemplate.java:chooseContainerForBlockDeletion(83)) - Chosen 0/5000 blocks from 0 candidate containers.
2023-07-26 19:47:41,573 [BlockDeletingService#0] INFO  interfaces.ContainerDeletionChoosingPolicyTemplate (ContainerDeletionChoosingPolicyTemplate.java:chooseContainerForBlockDeletion(83)) - Chosen 0/5000 blocks from 0 candidate containers.
2023-07-26 19:47:41,658 [FixedThreadPoolWithAffinityExecutor-8-0] WARN  container.ContainerReportHandler (AbstractContainerReportHandler.java:updateContainerState(260)) - Container #1 is in OPEN state, but the datanode c33e49d7-aab4-4e8b-84a2-e80ab64b386a(fv-az465-709/10.1.0.48) reports an CLOSED replica.
2023-07-26 19:47:41,672 [BlockDeletingService#9] INFO  interfaces.ContainerDeletionChoosingPolicyTemplate (ContainerDeletionChoosingPolicyTemplate.java:chooseContainerForBlockDeletion(83)) - Chosen 0/5000 blocks from 0 candidate containers.
2023-07-26 19:47:41,673 [BlockDeletingService#0] INFO  interfaces.ContainerDeletionChoosingPolicyTemplate (ContainerDeletionChoosingPolicyTemplate.java:chooseContainerForBlockDeletion(83)) - Chosen 0/5000 blocks from 0 candidate containers.
2023-07-26 19:47:41,773 [BlockDeletingService#9] INFO  interfaces.ContainerDeletionChoosingPolicyTemplate (ContainerDeletionChoosingPolicyTemplate.java:chooseContainerForBlockDeletion(83)) - Chosen 0/5000 blocks from 0 candidate containers.
2023-07-26 19:47:41,773 [BlockDeletingService#0] INFO  interfaces.ContainerDeletionChoosingPolicyTemplate (ContainerDeletionChoosingPolicyTemplate.java:chooseContainerForBlockDeletion(83)) - Chosen 0/5000 blocks from 0 candidate containers.
2023-07-26 19:47:41,858 [FixedThreadPoolWithAffinityExecutor-8-0] WARN  container.ContainerReportHandler (AbstractContainerReportHandler.java:updateContainerState(260)) - Container #1 is in OPEN state, but the datanode c33e49d7-aab4-4e8b-84a2-e80ab64b386a(fv-az465-709/10.1.0.48) reports an CLOSED replica.
2023-07-26 19:47:41,859 [FixedThreadPoolWithAffinityExecutor-0-0] WARN  container.ContainerReportHandler (AbstractContainerReportHandler.java:updateContainerState(260)) - Container #1 is in OPEN state, but the datanode 4099cb2b-2e2e-4151-9db7-f99ade631412(fv-az465-709/10.1.0.48) reports an CLOSED replica.
2023-07-26 19:47:41,873 [BlockDeletingService#9] INFO  interfaces.ContainerDeletionChoosingPolicyTemplate (ContainerDeletionChoosingPolicyTemplate.java:chooseContainerForBlockDeletion(83)) - Chosen 0/5000 blocks from 0 candidate containers.
2023-07-26 19:47:41,873 [BlockDeletingService#0] INFO  interfaces.ContainerDeletionChoosingPolicyTemplate (ContainerDeletionChoosingPolicyTemplate.java:chooseContainerForBlockDeletion(83)) - Chosen 0/5000 blocks from 0 candidate containers.
2023-07-26 19:47:41,973 [BlockDeletingService#9] INFO  interfaces.ContainerDeletionChoosingPolicyTemplate (ContainerDeletionChoosingPolicyTemplate.java:chooseContainerForBlockDeletion(83)) - Chosen 0/5000 blocks from 0 candidate containers.
2023-07-26 19:47:41,974 [BlockDeletingService#0] INFO  interfaces.ContainerDeletionChoosingPolicyTemplate (ContainerDeletionChoosingPolicyTemplate.java:chooseContainerForBlockDeletion(83)) - Chosen 0/5000 blocks from 0 candidate containers.
2023-07-26 19:47:42,058 [FixedThreadPoolWithAffinityExecutor-8-0] WARN  container.ContainerReportHandler (AbstractContainerReportHandler.java:updateContainerState(260)) - Container #1 is in OPEN state, but the datanode c33e49d7-aab4-4e8b-84a2-e80ab64b386a(fv-az465-709/10.1.0.48) reports an CLOSED replica.
2023-07-26 19:47:42,074 [BlockDeletingService#9] INFO  interfaces.ContainerDeletionChoosingPolicyTemplate (ContainerDeletionChoosingPolicyTemplate.java:chooseContainerForBlockDeletion(83)) - Chosen 0/5000 blocks from 0 candidate containers.
2023-07-26 19:47:42,074 [BlockDeletingService#0] INFO  interfaces.ContainerDeletionChoosingPolicyTemplate (ContainerDeletionChoosingPolicyTemplate.java:chooseContainerForBlockDeletion(83)) - Chosen 0/5000 blocks from 0 candidate containers.
2023-07-26 19:47:42,174 [BlockDeletingService#9] INFO  interfaces.ContainerDeletionChoosingPolicyTemplate (ContainerDeletionChoosingPolicyTemplate.java:chooseContainerForBlockDeletion(83)) - Chosen 0/5000 blocks from 0 candidate containers.
2023-07-26 19:47:42,174 [BlockDeletingService#0] INFO  interfaces.ContainerDeletionChoosingPolicyTemplate (ContainerDeletionChoosingPolicyTemplate.java:chooseContainerForBlockDeletion(83)) - Chosen 0/5000 blocks from 0 candidate containers.
2023-07-26 19:47:42,258 [FixedThreadPoolWithAffinityExecutor-8-0] WARN  container.ContainerReportHandler (AbstractContainerReportHandler.java:updateContainerState(260)) - Container #1 is in OPEN state, but the datanode c33e49d7-aab4-4e8b-84a2-e80ab64b386a(fv-az465-709/10.1.0.48) reports an CLOSED replica.
2023-07-26 19:47:42,260 [FixedThreadPoolWithAffinityExecutor-0-0] WARN  container.ContainerReportHandler (AbstractContainerReportHandler.java:updateContainerState(260)) - Container #1 is in OPEN state, but the datanode 4099cb2b-2e2e-4151-9db7-f99ade631412(fv-az465-709/10.1.0.48) reports an CLOSED replica.
2023-07-26 19:47:42,275 [BlockDeletingService#9] INFO  interfaces.ContainerDeletionChoosingPolicyTemplate (ContainerDeletionChoosingPolicyTemplate.java:chooseContainerForBlockDeletion(83)) - Chosen 0/5000 blocks from 0 candidate containers.
2023-07-26 19:47:42,275 [BlockDeletingService#0] INFO  interfaces.ContainerDeletionChoosingPolicyTemplate (ContainerDeletionChoosingPolicyTemplate.java:chooseContainerForBlockDeletion(83)) - Chosen 0/5000 blocks from 0 candidate containers.
2023-07-26 19:47:42,375 [BlockDeletingService#9] INFO  interfaces.ContainerDeletionChoosingPolicyTemplate (ContainerDeletionChoosingPolicyTemplate.java:chooseContainerForBlockDeletion(83)) - Chosen 0/5000 blocks from 0 candidate containers.
2023-07-26 19:47:42,375 [BlockDeletingService#0] INFO  interfaces.ContainerDeletionChoosingPolicyTemplate (ContainerDeletionChoosingPolicyTemplate.java:chooseContainerForBlockDeletion(83)) - Chosen 0/5000 blocks from 0 candidate containers.
2023-07-26 19:47:42,475 [BlockDeletingService#9] INFO  interfaces.ContainerDeletionChoosingPolicyTemplate (ContainerDeletionChoosingPolicyTemplate.java:chooseContainerForBlockDeletion(83)) - Chosen 0/5000 blocks from 0 candidate containers.
2023-07-26 19:47:42,475 [BlockDeletingService#0] INFO  interfaces.ContainerDeletionChoosingPolicyTemplate (ContainerDeletionChoosingPolicyTemplate.java:chooseContainerForBlockDeletion(83)) - Chosen 0/5000 blocks from 0 candidate containers.
2023-07-26 19:47:42,558 [FixedThreadPoolWithAffinityExecutor-8-0] WARN  container.ContainerReportHandler (AbstractContainerReportHandler.java:updateContainerState(260)) - Container #1 is in OPEN state, but the datanode c33e49d7-aab4-4e8b-84a2-e80ab64b386a(fv-az465-709/10.1.0.48) reports an CLOSED replica.
2023-07-26 19:47:42,561 [FixedThreadPoolWithAffinityExecutor-0-0] WARN  container.ContainerReportHandler (AbstractContainerReportHandler.java:updateContainerState(260)) - Container #1 is in OPEN state, but the datanode 4099cb2b-2e2e-4151-9db7-f99ade631412(fv-az465-709/10.1.0.48) reports an CLOSED replica.
2023-07-26 19:47:42,576 [BlockDeletingService#9] INFO  interfaces.ContainerDeletionChoosingPolicyTemplate (ContainerDeletionChoosingPolicyTemplate.java:chooseContainerForBlockDeletion(83)) - Chosen 0/5000 blocks from 0 candidate containers.
2023-07-26 19:47:42,576 [BlockDeletingService#0] INFO  interfaces.ContainerDeletionChoosingPolicyTemplate (ContainerDeletionChoosingPolicyTemplate.java:chooseContainerForBlockDeletion(83)) - Chosen 0/5000 blocks from 0 candidate containers.
2023-07-26 19:47:42,676 [BlockDeletingService#9] INFO  interfaces.ContainerDeletionChoosingPolicyTemplate (ContainerDeletionChoosingPolicyTemplate.java:chooseContainerForBlockDeletion(83)) - Chosen 0/5000 blocks from 0 candidate containers.
2023-07-26 19:47:42,676 [BlockDeletingService#0] INFO  interfaces.ContainerDeletionChoosingPolicyTemplate (ContainerDeletionChoosingPolicyTemplate.java:chooseContainerForBlockDeletion(83)) - Chosen 0/5000 blocks from 0 candidate containers.
2023-07-26 19:47:42,720 [grpc-default-executor-2] WARN  server.GrpcLogAppender (LogUtils.java:warn(122)) - 4099cb2b-2e2e-4151-9db7-f99ade631412@group-1C7129A268B6->cc71d3b4-cf6a-416c-96eb-6097e97a8fe1-AppendLogResponseHandler: Failed appendEntries: org.apache.ratis.thirdparty.io.grpc.StatusRuntimeException: UNAVAILABLE: io exception
2023-07-26 19:47:42,721 [grpc-default-executor-3] WARN  server.GrpcLogAppender (LogUtils.java:warn(122)) - 4099cb2b-2e2e-4151-9db7-f99ade631412@group-1C7129A268B6->cc71d3b4-cf6a-416c-96eb-6097e97a8fe1-AppendLogResponseHandler: Failed appendEntries: org.apache.ratis.thirdparty.io.grpc.StatusRuntimeException: UNAVAILABLE: io exception
2023-07-26 19:47:42,722 [grpc-default-executor-2] WARN  server.GrpcLogAppender (GrpcLogAppender.java:resetClient(128)) - 4099cb2b-2e2e-4151-9db7-f99ade631412@group-1C7129A268B6->cc71d3b4-cf6a-416c-96eb-6097e97a8fe1-GrpcLogAppender: Follower failed when matchIndex == 0,  keep nextIndex (6) unchanged and retry.
2023-07-26 19:47:42,723 [grpc-default-executor-3] WARN  server.GrpcLogAppender (GrpcLogAppender.java:resetClient(128)) - 4099cb2b-2e2e-4151-9db7-f99ade631412@group-1C7129A268B6->cc71d3b4-cf6a-416c-96eb-6097e97a8fe1-GrpcLogAppender: Follower failed when matchIndex == 0,  keep nextIndex (6) unchanged and retry.
2023-07-26 19:47:42,759 [FixedThreadPoolWithAffinityExecutor-8-0] WARN  container.ContainerReportHandler (AbstractContainerReportHandler.java:updateContainerState(260)) - Container #1 is in OPEN state, but the datanode c33e49d7-aab4-4e8b-84a2-e80ab64b386a(fv-az465-709/10.1.0.48) reports an CLOSED replica.
2023-07-26 19:47:42,777 [BlockDeletingService#9] INFO  interfaces.ContainerDeletionChoosingPolicyTemplate (ContainerDeletionChoosingPolicyTemplate.java:chooseContainerForBlockDeletion(83)) - Chosen 0/5000 blocks from 0 candidate containers.
2023-07-26 19:47:42,777 [BlockDeletingService#0] INFO  interfaces.ContainerDeletionChoosingPolicyTemplate (ContainerDeletionChoosingPolicyTemplate.java:chooseContainerForBlockDeletion(83)) - Chosen 0/5000 blocks from 0 candidate containers.
2023-07-26 19:47:42,861 [FixedThreadPoolWithAffinityExecutor-0-0] WARN  container.ContainerReportHandler (AbstractContainerReportHandler.java:updateContainerState(260)) - Container #1 is in OPEN state, but the datanode 4099cb2b-2e2e-4151-9db7-f99ade631412(fv-az465-709/10.1.0.48) reports an CLOSED replica.
2023-07-26 19:47:42,877 [BlockDeletingService#9] INFO  interfaces.ContainerDeletionChoosingPolicyTemplate (ContainerDeletionChoosingPolicyTemplate.java:chooseContainerForBlockDeletion(83)) - Chosen 0/5000 blocks from 0 candidate containers.
2023-07-26 19:47:42,877 [BlockDeletingService#0] INFO  interfaces.ContainerDeletionChoosingPolicyTemplate (ContainerDeletionChoosingPolicyTemplate.java:chooseContainerForBlockDeletion(83)) - Chosen 0/5000 blocks from 0 candidate containers.
2023-07-26 19:47:42,962 [FixedThreadPoolWithAffinityExecutor-8-0] WARN  container.ContainerReportHandler (AbstractContainerReportHandler.java:updateContainerState(260)) - Container #1 is in OPEN state, but the datanode c33e49d7-aab4-4e8b-84a2-e80ab64b386a(fv-az465-709/10.1.0.48) reports an CLOSED replica.
2023-07-26 19:47:42,977 [BlockDeletingService#9] INFO  interfaces.ContainerDeletionChoosingPolicyTemplate (ContainerDeletionChoosingPolicyTemplate.java:chooseContainerForBlockDeletion(83)) - Chosen 0/5000 blocks from 0 candidate containers.
2023-07-26 19:47:42,977 [BlockDeletingService#0] INFO  interfaces.ContainerDeletionChoosingPolicyTemplate (ContainerDeletionChoosingPolicyTemplate.java:chooseContainerForBlockDeletion(83)) - Chosen 0/5000 blocks from 0 candidate containers.
2023-07-26 19:47:43,078 [BlockDeletingService#9] INFO  interfaces.ContainerDeletionChoosingPolicyTemplate (ContainerDeletionChoosingPolicyTemplate.java:chooseContainerForBlockDeletion(83)) - Chosen 0/5000 blocks from 0 candidate containers.
2023-07-26 19:47:43,078 [BlockDeletingService#0] INFO  interfaces.ContainerDeletionChoosingPolicyTemplate (ContainerDeletionChoosingPolicyTemplate.java:chooseContainerForBlockDeletion(83)) - Chosen 0/5000 blocks from 0 candidate containers.
2023-07-26 19:47:43,178 [BlockDeletingService#9] INFO  interfaces.ContainerDeletionChoosingPolicyTemplate (ContainerDeletionChoosingPolicyTemplate.java:chooseContainerForBlockDeletion(83)) - Chosen 0/5000 blocks from 0 candidate containers.
2023-07-26 19:47:43,178 [BlockDeletingService#0] INFO  interfaces.ContainerDeletionChoosingPolicyTemplate (ContainerDeletionChoosingPolicyTemplate.java:chooseContainerForBlockDeletion(83)) - Chosen 0/5000 blocks from 0 candidate containers.
2023-07-26 19:47:43,261 [FixedThreadPoolWithAffinityExecutor-8-0] WARN  container.ContainerReportHandler (AbstractContainerReportHandler.java:updateContainerState(260)) - Container #1 is in OPEN state, but the datanode c33e49d7-aab4-4e8b-84a2-e80ab64b386a(fv-az465-709/10.1.0.48) reports an CLOSED replica.
2023-07-26 19:47:43,262 [FixedThreadPoolWithAffinityExecutor-0-0] WARN  container.ContainerReportHandler (AbstractContainerReportHandler.java:updateContainerState(260)) - Container #1 is in OPEN state, but the datanode 4099cb2b-2e2e-4151-9db7-f99ade631412(fv-az465-709/10.1.0.48) reports an CLOSED replica.
2023-07-26 19:47:43,278 [BlockDeletingService#9] INFO  interfaces.ContainerDeletionChoosingPolicyTemplate (ContainerDeletionChoosingPolicyTemplate.java:chooseContainerForBlockDeletion(83)) - Chosen 0/5000 blocks from 0 candidate containers.
2023-07-26 19:47:43,278 [BlockDeletingService#0] INFO  interfaces.ContainerDeletionChoosingPolicyTemplate (ContainerDeletionChoosingPolicyTemplate.java:chooseContainerForBlockDeletion(83)) - Chosen 0/5000 blocks from 0 candidate containers.
2023-07-26 19:47:43,379 [BlockDeletingService#9] INFO  interfaces.ContainerDeletionChoosingPolicyTemplate (ContainerDeletionChoosingPolicyTemplate.java:chooseContainerForBlockDeletion(83)) - Chosen 0/5000 blocks from 0 candidate containers.
2023-07-26 19:47:43,379 [BlockDeletingService#0] INFO  interfaces.ContainerDeletionChoosingPolicyTemplate (ContainerDeletionChoosingPolicyTemplate.java:chooseContainerForBlockDeletion(83)) - Chosen 0/5000 blocks from 0 candidate containers.
2023-07-26 19:47:43,460 [FixedThreadPoolWithAffinityExecutor-8-0] WARN  container.ContainerReportHandler (AbstractContainerReportHandler.java:updateContainerState(260)) - Container #1 is in OPEN state, but the datanode c33e49d7-aab4-4e8b-84a2-e80ab64b386a(fv-az465-709/10.1.0.48) reports an CLOSED replica.
2023-07-26 19:47:43,479 [BlockDeletingService#9] INFO  interfaces.ContainerDeletionChoosingPolicyTemplate (ContainerDeletionChoosingPolicyTemplate.java:chooseContainerForBlockDeletion(83)) - Chosen 0/5000 blocks from 0 candidate containers.
2023-07-26 19:47:43,479 [BlockDeletingService#0] INFO  interfaces.ContainerDeletionChoosingPolicyTemplate (ContainerDeletionChoosingPolicyTemplate.java:chooseContainerForBlockDeletion(83)) - Chosen 0/5000 blocks from 0 candidate containers.
2023-07-26 19:47:43,562 [FixedThreadPoolWithAffinityExecutor-0-0] WARN  container.ContainerReportHandler (AbstractContainerReportHandler.java:updateContainerState(260)) - Container #1 is in OPEN state, but the datanode 4099cb2b-2e2e-4151-9db7-f99ade631412(fv-az465-709/10.1.0.48) reports an CLOSED replica.
2023-07-26 19:47:43,580 [BlockDeletingService#9] INFO  interfaces.ContainerDeletionChoosingPolicyTemplate (ContainerDeletionChoosingPolicyTemplate.java:chooseContainerForBlockDeletion(83)) - Chosen 0/5000 blocks from 0 candidate containers.
2023-07-26 19:47:43,580 [BlockDeletingService#0] INFO  interfaces.ContainerDeletionChoosingPolicyTemplate (ContainerDeletionChoosingPolicyTemplate.java:chooseContainerForBlockDeletion(83)) - Chosen 0/5000 blocks from 0 candidate containers.
2023-07-26 19:47:43,661 [FixedThreadPoolWithAffinityExecutor-8-0] WARN  container.ContainerReportHandler (AbstractContainerReportHandler.java:updateContainerState(260)) - Container #1 is in OPEN state, but the datanode c33e49d7-aab4-4e8b-84a2-e80ab64b386a(fv-az465-709/10.1.0.48) reports an CLOSED replica.
2023-07-26 19:47:43,680 [BlockDeletingService#9] INFO  interfaces.ContainerDeletionChoosingPolicyTemplate (ContainerDeletionChoosingPolicyTemplate.java:chooseContainerForBlockDeletion(83)) - Chosen 0/5000 blocks from 0 candidate containers.
2023-07-26 19:47:43,680 [BlockDeletingService#0] INFO  interfaces.ContainerDeletionChoosingPolicyTemplate (ContainerDeletionChoosingPolicyTemplate.java:chooseContainerForBlockDeletion(83)) - Chosen 0/5000 blocks from 0 candidate containers.
2023-07-26 19:47:43,780 [BlockDeletingService#9] INFO  interfaces.ContainerDeletionChoosingPolicyTemplate (ContainerDeletionChoosingPolicyTemplate.java:chooseContainerForBlockDeletion(83)) - Chosen 0/5000 blocks from 0 candidate containers.
2023-07-26 19:47:43,780 [BlockDeletingService#0] INFO  interfaces.ContainerDeletionChoosingPolicyTemplate (ContainerDeletionChoosingPolicyTemplate.java:chooseContainerForBlockDeletion(83)) - Chosen 0/5000 blocks from 0 candidate containers.
2023-07-26 19:47:43,880 [BlockDeletingService#9] INFO  interfaces.ContainerDeletionChoosingPolicyTemplate (ContainerDeletionChoosingPolicyTemplate.java:chooseContainerForBlockDeletion(83)) - Chosen 0/5000 blocks from 0 candidate containers.
2023-07-26 19:47:43,881 [BlockDeletingService#0] INFO  interfaces.ContainerDeletionChoosingPolicyTemplate (ContainerDeletionChoosingPolicyTemplate.java:chooseContainerForBlockDeletion(83)) - Chosen 0/5000 blocks from 0 candidate containers.
2023-07-26 19:47:43,964 [FixedThreadPoolWithAffinityExecutor-8-0] WARN  container.ContainerReportHandler (AbstractContainerReportHandler.java:updateContainerState(260)) - Container #1 is in OPEN state, but the datanode c33e49d7-aab4-4e8b-84a2-e80ab64b386a(fv-az465-709/10.1.0.48) reports an CLOSED replica.
2023-07-26 19:47:43,964 [FixedThreadPoolWithAffinityExecutor-0-0] WARN  container.ContainerReportHandler (AbstractContainerReportHandler.java:updateContainerState(260)) - Container #1 is in OPEN state, but the datanode 4099cb2b-2e2e-4151-9db7-f99ade631412(fv-az465-709/10.1.0.48) reports an CLOSED replica.
2023-07-26 19:47:43,971 [grpc-default-executor-3] WARN  server.GrpcLogAppender (LogUtils.java:warn(122)) - 4099cb2b-2e2e-4151-9db7-f99ade631412@group-1C7129A268B6->cc71d3b4-cf6a-416c-96eb-6097e97a8fe1-AppendLogResponseHandler: Failed appendEntries: org.apache.ratis.thirdparty.io.grpc.StatusRuntimeException: UNAVAILABLE: io exception
2023-07-26 19:47:43,971 [grpc-default-executor-2] WARN  server.GrpcLogAppender (LogUtils.java:warn(122)) - 4099cb2b-2e2e-4151-9db7-f99ade631412@group-1C7129A268B6->cc71d3b4-cf6a-416c-96eb-6097e97a8fe1-AppendLogResponseHandler: Failed appendEntries: org.apache.ratis.thirdparty.io.grpc.StatusRuntimeException: UNAVAILABLE: io exception
2023-07-26 19:47:43,972 [grpc-default-executor-3] WARN  server.GrpcLogAppender (GrpcLogAppender.java:resetClient(128)) - 4099cb2b-2e2e-4151-9db7-f99ade631412@group-1C7129A268B6->cc71d3b4-cf6a-416c-96eb-6097e97a8fe1-GrpcLogAppender: Follower failed when matchIndex == 0,  keep nextIndex (6) unchanged and retry.
2023-07-26 19:47:43,975 [grpc-default-executor-2] WARN  server.GrpcLogAppender (GrpcLogAppender.java:resetClient(128)) - 4099cb2b-2e2e-4151-9db7-f99ade631412@group-1C7129A268B6->cc71d3b4-cf6a-416c-96eb-6097e97a8fe1-GrpcLogAppender: Follower failed when matchIndex == 0,  keep nextIndex (6) unchanged and retry.
2023-07-26 19:47:43,981 [BlockDeletingService#9] INFO  interfaces.ContainerDeletionChoosingPolicyTemplate (ContainerDeletionChoosingPolicyTemplate.java:chooseContainerForBlockDeletion(83)) - Chosen 0/5000 blocks from 0 candidate containers.
2023-07-26 19:47:43,981 [BlockDeletingService#0] INFO  interfaces.ContainerDeletionChoosingPolicyTemplate (ContainerDeletionChoosingPolicyTemplate.java:chooseContainerForBlockDeletion(83)) - Chosen 0/5000 blocks from 0 candidate containers.
2023-07-26 19:47:44,082 [BlockDeletingService#0] INFO  interfaces.ContainerDeletionChoosingPolicyTemplate (ContainerDeletionChoosingPolicyTemplate.java:chooseContainerForBlockDeletion(83)) - Chosen 0/5000 blocks from 0 candidate containers.
2023-07-26 19:47:44,084 [BlockDeletingService#9] INFO  interfaces.ContainerDeletionChoosingPolicyTemplate (ContainerDeletionChoosingPolicyTemplate.java:chooseContainerForBlockDeletion(83)) - Chosen 0/5000 blocks from 0 candidate containers.
2023-07-26 19:47:44,163 [FixedThreadPoolWithAffinityExecutor-8-0] WARN  container.ContainerReportHandler (AbstractContainerReportHandler.java:updateContainerState(260)) - Container #1 is in OPEN state, but the datanode c33e49d7-aab4-4e8b-84a2-e80ab64b386a(fv-az465-709/10.1.0.48) reports an CLOSED replica.
2023-07-26 19:47:44,182 [BlockDeletingService#0] INFO  interfaces.ContainerDeletionChoosingPolicyTemplate (ContainerDeletionChoosingPolicyTemplate.java:chooseContainerForBlockDeletion(83)) - Chosen 0/5000 blocks from 0 candidate containers.
2023-07-26 19:47:44,184 [BlockDeletingService#9] INFO  interfaces.ContainerDeletionChoosingPolicyTemplate (ContainerDeletionChoosingPolicyTemplate.java:chooseContainerForBlockDeletion(83)) - Chosen 0/5000 blocks from 0 candidate containers.
2023-07-26 19:47:44,263 [FixedThreadPoolWithAffinityExecutor-0-0] WARN  container.ContainerReportHandler (AbstractContainerReportHandler.java:updateContainerState(260)) - Container #1 is in OPEN state, but the datanode 4099cb2b-2e2e-4151-9db7-f99ade631412(fv-az465-709/10.1.0.48) reports an CLOSED replica.
2023-07-26 19:47:44,282 [BlockDeletingService#0] INFO  interfaces.ContainerDeletionChoosingPolicyTemplate (ContainerDeletionChoosingPolicyTemplate.java:chooseContainerForBlockDeletion(83)) - Chosen 0/5000 blocks from 0 candidate containers.
2023-07-26 19:47:44,284 [BlockDeletingService#9] INFO  interfaces.ContainerDeletionChoosingPolicyTemplate (ContainerDeletionChoosingPolicyTemplate.java:chooseContainerForBlockDeletion(83)) - Chosen 0/5000 blocks from 0 candidate containers.
2023-07-26 19:47:44,363 [FixedThreadPoolWithAffinityExecutor-8-0] WARN  container.ContainerReportHandler (AbstractContainerReportHandler.java:updateContainerState(260)) - Container #1 is in OPEN state, but the datanode c33e49d7-aab4-4e8b-84a2-e80ab64b386a(fv-az465-709/10.1.0.48) reports an CLOSED replica.
2023-07-26 19:47:44,383 [BlockDeletingService#0] INFO  interfaces.ContainerDeletionChoosingPolicyTemplate (ContainerDeletionChoosingPolicyTemplate.java:chooseContainerForBlockDeletion(83)) - Chosen 0/5000 blocks from 0 candidate containers.
2023-07-26 19:47:44,384 [BlockDeletingService#9] INFO  interfaces.ContainerDeletionChoosingPolicyTemplate (ContainerDeletionChoosingPolicyTemplate.java:chooseContainerForBlockDeletion(83)) - Chosen 0/5000 blocks from 0 candidate containers.
2023-07-26 19:47:44,483 [BlockDeletingService#0] INFO  interfaces.ContainerDeletionChoosingPolicyTemplate (ContainerDeletionChoosingPolicyTemplate.java:chooseContainerForBlockDeletion(83)) - Chosen 0/5000 blocks from 0 candidate containers.
2023-07-26 19:47:44,484 [BlockDeletingService#9] INFO  interfaces.ContainerDeletionChoosingPolicyTemplate (ContainerDeletionChoosingPolicyTemplate.java:chooseContainerForBlockDeletion(83)) - Chosen 0/5000 blocks from 0 candidate containers.
2023-07-26 19:47:44,564 [FixedThreadPoolWithAffinityExecutor-8-0] WARN  container.ContainerReportHandler (AbstractContainerReportHandler.java:updateContainerState(260)) - Container #1 is in OPEN state, but the datanode c33e49d7-aab4-4e8b-84a2-e80ab64b386a(fv-az465-709/10.1.0.48) reports an CLOSED replica.
2023-07-26 19:47:44,583 [BlockDeletingService#0] INFO  interfaces.ContainerDeletionChoosingPolicyTemplate (ContainerDeletionChoosingPolicyTemplate.java:chooseContainerForBlockDeletion(83)) - Chosen 0/5000 blocks from 0 candidate containers.
2023-07-26 19:47:44,585 [BlockDeletingService#9] INFO  interfaces.ContainerDeletionChoosingPolicyTemplate (ContainerDeletionChoosingPolicyTemplate.java:chooseContainerForBlockDeletion(83)) - Chosen 0/5000 blocks from 0 candidate containers.
2023-07-26 19:47:44,664 [FixedThreadPoolWithAffinityExecutor-0-0] WARN  container.ContainerReportHandler (AbstractContainerReportHandler.java:updateContainerState(260)) - Container #1 is in OPEN state, but the datanode 4099cb2b-2e2e-4151-9db7-f99ade631412(fv-az465-709/10.1.0.48) reports an CLOSED replica.
2023-07-26 19:47:44,684 [BlockDeletingService#0] INFO  interfaces.ContainerDeletionChoosingPolicyTemplate (ContainerDeletionChoosingPolicyTemplate.java:chooseContainerForBlockDeletion(83)) - Chosen 0/5000 blocks from 0 candidate containers.
2023-07-26 19:47:44,685 [BlockDeletingService#9] INFO  interfaces.ContainerDeletionChoosingPolicyTemplate (ContainerDeletionChoosingPolicyTemplate.java:chooseContainerForBlockDeletion(83)) - Chosen 0/5000 blocks from 0 candidate containers.
2023-07-26 19:47:44,784 [BlockDeletingService#0] INFO  interfaces.ContainerDeletionChoosingPolicyTemplate (ContainerDeletionChoosingPolicyTemplate.java:chooseContainerForBlockDeletion(83)) - Chosen 0/5000 blocks from 0 candidate containers.
2023-07-26 19:47:44,785 [BlockDeletingService#5] INFO  interfaces.ContainerDeletionChoosingPolicyTemplate (ContainerDeletionChoosingPolicyTemplate.java:chooseContainerForBlockDeletion(83)) - Chosen 0/5000 blocks from 0 candidate containers.
2023-07-26 19:47:44,864 [FixedThreadPoolWithAffinityExecutor-8-0] WARN  container.ContainerReportHandler (AbstractContainerReportHandler.java:updateContainerState(260)) - Container #1 is in OPEN state, but the datanode c33e49d7-aab4-4e8b-84a2-e80ab64b386a(fv-az465-709/10.1.0.48) reports an CLOSED replica.
2023-07-26 19:47:44,884 [BlockDeletingService#0] INFO  interfaces.ContainerDeletionChoosingPolicyTemplate (ContainerDeletionChoosingPolicyTemplate.java:chooseContainerForBlockDeletion(83)) - Chosen 0/5000 blocks from 0 candidate containers.
2023-07-26 19:47:44,885 [BlockDeletingService#5] INFO  interfaces.ContainerDeletionChoosingPolicyTemplate (ContainerDeletionChoosingPolicyTemplate.java:chooseContainerForBlockDeletion(83)) - Chosen 0/5000 blocks from 0 candidate containers.
2023-07-26 19:47:44,965 [FixedThreadPoolWithAffinityExecutor-0-0] WARN  container.ContainerReportHandler (AbstractContainerReportHandler.java:updateContainerState(260)) - Container #1 is in OPEN state, but the datanode 4099cb2b-2e2e-4151-9db7-f99ade631412(fv-az465-709/10.1.0.48) reports an CLOSED replica.
2023-07-26 19:47:44,985 [BlockDeletingService#0] INFO  interfaces.ContainerDeletionChoosingPolicyTemplate (ContainerDeletionChoosingPolicyTemplate.java:chooseContainerForBlockDeletion(83)) - Chosen 0/5000 blocks from 0 candidate containers.
2023-07-26 19:47:44,986 [BlockDeletingService#5] INFO  interfaces.ContainerDeletionChoosingPolicyTemplate (ContainerDeletionChoosingPolicyTemplate.java:chooseContainerForBlockDeletion(83)) - Chosen 0/5000 blocks from 0 candidate containers.
2023-07-26 19:47:45,065 [FixedThreadPoolWithAffinityExecutor-8-0] WARN  container.ContainerReportHandler (AbstractContainerReportHandler.java:updateContainerState(260)) - Container #1 is in OPEN state, but the datanode c33e49d7-aab4-4e8b-84a2-e80ab64b386a(fv-az465-709/10.1.0.48) reports an CLOSED replica.
2023-07-26 19:47:45,085 [BlockDeletingService#0] INFO  interfaces.ContainerDeletionChoosingPolicyTemplate (ContainerDeletionChoosingPolicyTemplate.java:chooseContainerForBlockDeletion(83)) - Chosen 0/5000 blocks from 0 candidate containers.
2023-07-26 19:47:45,086 [BlockDeletingService#5] INFO  interfaces.ContainerDeletionChoosingPolicyTemplate (ContainerDeletionChoosingPolicyTemplate.java:chooseContainerForBlockDeletion(83)) - Chosen 0/5000 blocks from 0 candidate containers.
2023-07-26 19:47:45,186 [BlockDeletingService#0] INFO  interfaces.ContainerDeletionChoosingPolicyTemplate (ContainerDeletionChoosingPolicyTemplate.java:chooseContainerForBlockDeletion(83)) - Chosen 0/5000 blocks from 0 candidate containers.
2023-07-26 19:47:45,186 [BlockDeletingService#5] INFO  interfaces.ContainerDeletionChoosingPolicyTemplate (ContainerDeletionChoosingPolicyTemplate.java:chooseContainerForBlockDeletion(83)) - Chosen 0/5000 blocks from 0 candidate containers.
2023-07-26 19:47:45,222 [grpc-default-executor-2] WARN  server.GrpcLogAppender (LogUtils.java:warn(122)) - 4099cb2b-2e2e-4151-9db7-f99ade631412@group-1C7129A268B6->cc71d3b4-cf6a-416c-96eb-6097e97a8fe1-AppendLogResponseHandler: Failed appendEntries: org.apache.ratis.thirdparty.io.grpc.StatusRuntimeException: UNAVAILABLE: io exception
2023-07-26 19:47:45,222 [grpc-default-executor-3] WARN  server.GrpcLogAppender (LogUtils.java:warn(122)) - 4099cb2b-2e2e-4151-9db7-f99ade631412@group-1C7129A268B6->cc71d3b4-cf6a-416c-96eb-6097e97a8fe1-AppendLogResponseHandler: Failed appendEntries: org.apache.ratis.thirdparty.io.grpc.StatusRuntimeException: UNAVAILABLE: io exception
2023-07-26 19:47:45,223 [grpc-default-executor-2] WARN  server.GrpcLogAppender (GrpcLogAppender.java:resetClient(128)) - 4099cb2b-2e2e-4151-9db7-f99ade631412@group-1C7129A268B6->cc71d3b4-cf6a-416c-96eb-6097e97a8fe1-GrpcLogAppender: Follower failed when matchIndex == 0,  keep nextIndex (6) unchanged and retry.
2023-07-26 19:47:45,223 [grpc-default-executor-3] WARN  server.GrpcLogAppender (GrpcLogAppender.java:resetClient(128)) - 4099cb2b-2e2e-4151-9db7-f99ade631412@group-1C7129A268B6->cc71d3b4-cf6a-416c-96eb-6097e97a8fe1-GrpcLogAppender: Follower failed when matchIndex == 0,  keep nextIndex (6) unchanged and retry.
2023-07-26 19:47:45,266 [FixedThreadPoolWithAffinityExecutor-0-0] WARN  container.ContainerReportHandler (AbstractContainerReportHandler.java:updateContainerState(260)) - Container #1 is in OPEN state, but the datanode 4099cb2b-2e2e-4151-9db7-f99ade631412(fv-az465-709/10.1.0.48) reports an CLOSED replica.
2023-07-26 19:47:45,267 [FixedThreadPoolWithAffinityExecutor-8-0] WARN  container.ContainerReportHandler (AbstractContainerReportHandler.java:updateContainerState(260)) - Container #1 is in OPEN state, but the datanode c33e49d7-aab4-4e8b-84a2-e80ab64b386a(fv-az465-709/10.1.0.48) reports an CLOSED replica.
2023-07-26 19:47:45,286 [BlockDeletingService#0] INFO  interfaces.ContainerDeletionChoosingPolicyTemplate (ContainerDeletionChoosingPolicyTemplate.java:chooseContainerForBlockDeletion(83)) - Chosen 0/5000 blocks from 0 candidate containers.
2023-07-26 19:47:45,286 [BlockDeletingService#5] INFO  interfaces.ContainerDeletionChoosingPolicyTemplate (ContainerDeletionChoosingPolicyTemplate.java:chooseContainerForBlockDeletion(83)) - Chosen 0/5000 blocks from 0 candidate containers.
2023-07-26 19:47:45,386 [BlockDeletingService#0] INFO  interfaces.ContainerDeletionChoosingPolicyTemplate (ContainerDeletionChoosingPolicyTemplate.java:chooseContainerForBlockDeletion(83)) - Chosen 0/5000 blocks from 0 candidate containers.
2023-07-26 19:47:45,386 [BlockDeletingService#5] INFO  interfaces.ContainerDeletionChoosingPolicyTemplate (ContainerDeletionChoosingPolicyTemplate.java:chooseContainerForBlockDeletion(83)) - Chosen 0/5000 blocks from 0 candidate containers.
2023-07-26 19:47:45,487 [BlockDeletingService#0] INFO  interfaces.ContainerDeletionChoosingPolicyTemplate (ContainerDeletionChoosingPolicyTemplate.java:chooseContainerForBlockDeletion(83)) - Chosen 0/5000 blocks from 0 candidate containers.
2023-07-26 19:47:45,487 [BlockDeletingService#5] INFO  interfaces.ContainerDeletionChoosingPolicyTemplate (ContainerDeletionChoosingPolicyTemplate.java:chooseContainerForBlockDeletion(83)) - Chosen 0/5000 blocks from 0 candidate containers.
2023-07-26 19:47:45,567 [FixedThreadPoolWithAffinityExecutor-8-0] WARN  container.ContainerReportHandler (AbstractContainerReportHandler.java:updateContainerState(260)) - Container #1 is in OPEN state, but the datanode c33e49d7-aab4-4e8b-84a2-e80ab64b386a(fv-az465-709/10.1.0.48) reports an CLOSED replica.
2023-07-26 19:47:45,587 [BlockDeletingService#0] INFO  interfaces.ContainerDeletionChoosingPolicyTemplate (ContainerDeletionChoosingPolicyTemplate.java:chooseContainerForBlockDeletion(83)) - Chosen 0/5000 blocks from 0 candidate containers.
2023-07-26 19:47:45,587 [BlockDeletingService#5] INFO  interfaces.ContainerDeletionChoosingPolicyTemplate (ContainerDeletionChoosingPolicyTemplate.java:chooseContainerForBlockDeletion(83)) - Chosen 0/5000 blocks from 0 candidate containers.
2023-07-26 19:47:45,665 [FixedThreadPoolWithAffinityExecutor-0-0] WARN  container.ContainerReportHandler (AbstractContainerReportHandler.java:updateContainerState(260)) - Container #1 is in OPEN state, but the datanode 4099cb2b-2e2e-4151-9db7-f99ade631412(fv-az465-709/10.1.0.48) reports an CLOSED replica.
2023-07-26 19:47:45,687 [BlockDeletingService#0] INFO  interfaces.ContainerDeletionChoosingPolicyTemplate (ContainerDeletionChoosingPolicyTemplate.java:chooseContainerForBlockDeletion(83)) - Chosen 0/5000 blocks from 0 candidate containers.
2023-07-26 19:47:45,687 [BlockDeletingService#5] INFO  interfaces.ContainerDeletionChoosingPolicyTemplate (ContainerDeletionChoosingPolicyTemplate.java:chooseContainerForBlockDeletion(83)) - Chosen 0/5000 blocks from 0 candidate containers.
2023-07-26 19:47:45,767 [FixedThreadPoolWithAffinityExecutor-8-0] WARN  container.ContainerReportHandler (AbstractContainerReportHandler.java:updateContainerState(260)) - Container #1 is in OPEN state, but the datanode c33e49d7-aab4-4e8b-84a2-e80ab64b386a(fv-az465-709/10.1.0.48) reports an CLOSED replica.
2023-07-26 19:47:45,788 [BlockDeletingService#0] INFO  interfaces.ContainerDeletionChoosingPolicyTemplate (ContainerDeletionChoosingPolicyTemplate.java:chooseContainerForBlockDeletion(83)) - Chosen 0/5000 blocks from 0 candidate containers.
2023-07-26 19:47:45,788 [BlockDeletingService#5] INFO  interfaces.ContainerDeletionChoosingPolicyTemplate (ContainerDeletionChoosingPolicyTemplate.java:chooseContainerForBlockDeletion(83)) - Chosen 0/5000 blocks from 0 candidate containers.
2023-07-26 19:47:45,888 [BlockDeletingService#0] INFO  interfaces.ContainerDeletionChoosingPolicyTemplate (ContainerDeletionChoosingPolicyTemplate.java:chooseContainerForBlockDeletion(83)) - Chosen 0/5000 blocks from 0 candidate containers.
2023-07-26 19:47:45,888 [BlockDeletingService#5] INFO  interfaces.ContainerDeletionChoosingPolicyTemplate (ContainerDeletionChoosingPolicyTemplate.java:chooseContainerForBlockDeletion(83)) - Chosen 0/5000 blocks from 0 candidate containers.
2023-07-26 19:47:45,967 [FixedThreadPoolWithAffinityExecutor-0-0] WARN  container.ContainerReportHandler (AbstractContainerReportHandler.java:updateContainerState(260)) - Container #1 is in OPEN state, but the datanode 4099cb2b-2e2e-4151-9db7-f99ade631412(fv-az465-709/10.1.0.48) reports an CLOSED replica.
2023-07-26 19:47:45,967 [FixedThreadPoolWithAffinityExecutor-8-0] WARN  container.ContainerReportHandler (AbstractContainerReportHandler.java:updateContainerState(260)) - Container #1 is in OPEN state, but the datanode c33e49d7-aab4-4e8b-84a2-e80ab64b386a(fv-az465-709/10.1.0.48) reports an CLOSED replica.
2023-07-26 19:47:45,989 [BlockDeletingService#0] INFO  interfaces.ContainerDeletionChoosingPolicyTemplate (ContainerDeletionChoosingPolicyTemplate.java:chooseContainerForBlockDeletion(83)) - Chosen 0/5000 blocks from 0 candidate containers.
2023-07-26 19:47:45,989 [BlockDeletingService#5] INFO  interfaces.ContainerDeletionChoosingPolicyTemplate (ContainerDeletionChoosingPolicyTemplate.java:chooseContainerForBlockDeletion(83)) - Chosen 0/5000 blocks from 0 candidate containers.
2023-07-26 19:47:46,089 [BlockDeletingService#0] INFO  interfaces.ContainerDeletionChoosingPolicyTemplate (ContainerDeletionChoosingPolicyTemplate.java:chooseContainerForBlockDeletion(83)) - Chosen 0/5000 blocks from 0 candidate containers.
2023-07-26 19:47:46,094 [BlockDeletingService#5] INFO  interfaces.ContainerDeletionChoosingPolicyTemplate (ContainerDeletionChoosingPolicyTemplate.java:chooseContainerForBlockDeletion(83)) - Chosen 0/5000 blocks from 0 candidate containers.
2023-07-26 19:47:46,190 [BlockDeletingService#0] INFO  interfaces.ContainerDeletionChoosingPolicyTemplate (ContainerDeletionChoosingPolicyTemplate.java:chooseContainerForBlockDeletion(83)) - Chosen 0/5000 blocks from 0 candidate containers.
2023-07-26 19:47:46,194 [BlockDeletingService#5] INFO  interfaces.ContainerDeletionChoosingPolicyTemplate (ContainerDeletionChoosingPolicyTemplate.java:chooseContainerForBlockDeletion(83)) - Chosen 0/5000 blocks from 0 candidate containers.
2023-07-26 19:47:46,268 [FixedThreadPoolWithAffinityExecutor-8-0] WARN  container.ContainerReportHandler (AbstractContainerReportHandler.java:updateContainerState(260)) - Container #1 is in OPEN state, but the datanode c33e49d7-aab4-4e8b-84a2-e80ab64b386a(fv-az465-709/10.1.0.48) reports an CLOSED replica.
2023-07-26 19:47:46,290 [BlockDeletingService#0] INFO  interfaces.ContainerDeletionChoosingPolicyTemplate (ContainerDeletionChoosingPolicyTemplate.java:chooseContainerForBlockDeletion(83)) - Chosen 0/5000 blocks from 0 candidate containers.
2023-07-26 19:47:46,295 [BlockDeletingService#5] INFO  interfaces.ContainerDeletionChoosingPolicyTemplate (ContainerDeletionChoosingPolicyTemplate.java:chooseContainerForBlockDeletion(83)) - Chosen 0/5000 blocks from 0 candidate containers.
2023-07-26 19:47:46,367 [FixedThreadPoolWithAffinityExecutor-0-0] WARN  container.ContainerReportHandler (AbstractContainerReportHandler.java:updateContainerState(260)) - Container #1 is in OPEN state, but the datanode 4099cb2b-2e2e-4151-9db7-f99ade631412(fv-az465-709/10.1.0.48) reports an CLOSED replica.
2023-07-26 19:47:46,390 [BlockDeletingService#0] INFO  interfaces.ContainerDeletionChoosingPolicyTemplate (ContainerDeletionChoosingPolicyTemplate.java:chooseContainerForBlockDeletion(83)) - Chosen 0/5000 blocks from 0 candidate containers.
2023-07-26 19:47:46,395 [BlockDeletingService#5] INFO  interfaces.ContainerDeletionChoosingPolicyTemplate (ContainerDeletionChoosingPolicyTemplate.java:chooseContainerForBlockDeletion(83)) - Chosen 0/5000 blocks from 0 candidate containers.
2023-07-26 19:47:46,470 [FixedThreadPoolWithAffinityExecutor-8-0] WARN  container.ContainerReportHandler (AbstractContainerReportHandler.java:updateContainerState(260)) - Container #1 is in OPEN state, but the datanode c33e49d7-aab4-4e8b-84a2-e80ab64b386a(fv-az465-709/10.1.0.48) reports an CLOSED replica.
2023-07-26 19:47:46,472 [grpc-default-executor-3] WARN  server.GrpcLogAppender (LogUtils.java:warn(122)) - 4099cb2b-2e2e-4151-9db7-f99ade631412@group-1C7129A268B6->cc71d3b4-cf6a-416c-96eb-6097e97a8fe1-AppendLogResponseHandler: Failed appendEntries: org.apache.ratis.thirdparty.io.grpc.StatusRuntimeException: UNAVAILABLE: io exception
2023-07-26 19:47:46,472 [grpc-default-executor-2] WARN  server.GrpcLogAppender (LogUtils.java:warn(122)) - 4099cb2b-2e2e-4151-9db7-f99ade631412@group-1C7129A268B6->cc71d3b4-cf6a-416c-96eb-6097e97a8fe1-AppendLogResponseHandler: Failed appendEntries: org.apache.ratis.thirdparty.io.grpc.StatusRuntimeException: UNAVAILABLE: io exception
2023-07-26 19:47:46,473 [grpc-default-executor-3] WARN  server.GrpcLogAppender (GrpcLogAppender.java:resetClient(128)) - 4099cb2b-2e2e-4151-9db7-f99ade631412@group-1C7129A268B6->cc71d3b4-cf6a-416c-96eb-6097e97a8fe1-GrpcLogAppender: Follower failed when matchIndex == 0,  keep nextIndex (6) unchanged and retry.
2023-07-26 19:47:46,475 [grpc-default-executor-2] WARN  server.GrpcLogAppender (GrpcLogAppender.java:resetClient(128)) - 4099cb2b-2e2e-4151-9db7-f99ade631412@group-1C7129A268B6->cc71d3b4-cf6a-416c-96eb-6097e97a8fe1-GrpcLogAppender: Follower failed when matchIndex == 0,  keep nextIndex (6) unchanged and retry.
2023-07-26 19:47:46,491 [BlockDeletingService#0] INFO  interfaces.ContainerDeletionChoosingPolicyTemplate (ContainerDeletionChoosingPolicyTemplate.java:chooseContainerForBlockDeletion(83)) - Chosen 0/5000 blocks from 0 candidate containers.
2023-07-26 19:47:46,495 [BlockDeletingService#5] INFO  interfaces.ContainerDeletionChoosingPolicyTemplate (ContainerDeletionChoosingPolicyTemplate.java:chooseContainerForBlockDeletion(83)) - Chosen 0/5000 blocks from 0 candidate containers.
2023-07-26 19:47:46,591 [BlockDeletingService#7] INFO  interfaces.ContainerDeletionChoosingPolicyTemplate (ContainerDeletionChoosingPolicyTemplate.java:chooseContainerForBlockDeletion(83)) - Chosen 0/5000 blocks from 0 candidate containers.
2023-07-26 19:47:46,595 [BlockDeletingService#5] INFO  interfaces.ContainerDeletionChoosingPolicyTemplate (ContainerDeletionChoosingPolicyTemplate.java:chooseContainerForBlockDeletion(83)) - Chosen 0/5000 blocks from 0 candidate containers.
2023-07-26 19:47:46,666 [FixedThreadPoolWithAffinityExecutor-0-0] WARN  container.ContainerReportHandler (AbstractContainerReportHandler.java:updateContainerState(260)) - Container #1 is in OPEN state, but the datanode 4099cb2b-2e2e-4151-9db7-f99ade631412(fv-az465-709/10.1.0.48) reports an CLOSED replica.
2023-07-26 19:47:46,670 [FixedThreadPoolWithAffinityExecutor-8-0] WARN  container.ContainerReportHandler (AbstractContainerReportHandler.java:updateContainerState(260)) - Container #1 is in OPEN state, but the datanode c33e49d7-aab4-4e8b-84a2-e80ab64b386a(fv-az465-709/10.1.0.48) reports an CLOSED replica.
2023-07-26 19:47:46,691 [BlockDeletingService#7] INFO  interfaces.ContainerDeletionChoosingPolicyTemplate (ContainerDeletionChoosingPolicyTemplate.java:chooseContainerForBlockDeletion(83)) - Chosen 0/5000 blocks from 0 candidate containers.
2023-07-26 19:47:46,699 [BlockDeletingService#5] INFO  interfaces.ContainerDeletionChoosingPolicyTemplate (ContainerDeletionChoosingPolicyTemplate.java:chooseContainerForBlockDeletion(83)) - Chosen 0/5000 blocks from 0 candidate containers.
2023-07-26 19:47:46,792 [BlockDeletingService#7] INFO  interfaces.ContainerDeletionChoosingPolicyTemplate (ContainerDeletionChoosingPolicyTemplate.java:chooseContainerForBlockDeletion(83)) - Chosen 0/5000 blocks from 0 candidate containers.
2023-07-26 19:47:46,800 [BlockDeletingService#5] INFO  interfaces.ContainerDeletionChoosingPolicyTemplate (ContainerDeletionChoosingPolicyTemplate.java:chooseContainerForBlockDeletion(83)) - Chosen 0/5000 blocks from 0 candidate containers.
2023-07-26 19:47:46,892 [BlockDeletingService#7] INFO  interfaces.ContainerDeletionChoosingPolicyTemplate (ContainerDeletionChoosingPolicyTemplate.java:chooseContainerForBlockDeletion(83)) - Chosen 0/5000 blocks from 0 candidate containers.
2023-07-26 19:47:46,900 [BlockDeletingService#5] INFO  interfaces.ContainerDeletionChoosingPolicyTemplate (ContainerDeletionChoosingPolicyTemplate.java:chooseContainerForBlockDeletion(83)) - Chosen 0/5000 blocks from 0 candidate containers.
2023-07-26 19:47:46,967 [FixedThreadPoolWithAffinityExecutor-0-0] WARN  container.ContainerReportHandler (AbstractContainerReportHandler.java:updateContainerState(260)) - Container #1 is in OPEN state, but the datanode 4099cb2b-2e2e-4151-9db7-f99ade631412(fv-az465-709/10.1.0.48) reports an CLOSED replica.
2023-07-26 19:47:46,970 [FixedThreadPoolWithAffinityExecutor-8-0] WARN  container.ContainerReportHandler (AbstractContainerReportHandler.java:updateContainerState(260)) - Container #1 is in OPEN state, but the datanode c33e49d7-aab4-4e8b-84a2-e80ab64b386a(fv-az465-709/10.1.0.48) reports an CLOSED replica.
2023-07-26 19:47:46,993 [BlockDeletingService#7] INFO  interfaces.ContainerDeletionChoosingPolicyTemplate (ContainerDeletionChoosingPolicyTemplate.java:chooseContainerForBlockDeletion(83)) - Chosen 0/5000 blocks from 0 candidate containers.
2023-07-26 19:47:47,000 [BlockDeletingService#5] INFO  interfaces.ContainerDeletionChoosingPolicyTemplate (ContainerDeletionChoosingPolicyTemplate.java:chooseContainerForBlockDeletion(83)) - Chosen 0/5000 blocks from 0 candidate containers.
2023-07-26 19:47:47,093 [BlockDeletingService#7] INFO  interfaces.ContainerDeletionChoosingPolicyTemplate (ContainerDeletionChoosingPolicyTemplate.java:chooseContainerForBlockDeletion(83)) - Chosen 0/5000 blocks from 0 candidate containers.
2023-07-26 19:47:47,101 [BlockDeletingService#5] INFO  interfaces.ContainerDeletionChoosingPolicyTemplate (ContainerDeletionChoosingPolicyTemplate.java:chooseContainerForBlockDeletion(83)) - Chosen 0/5000 blocks from 0 candidate containers.
2023-07-26 19:47:47,170 [FixedThreadPoolWithAffinityExecutor-8-0] WARN  container.ContainerReportHandler (AbstractContainerReportHandler.java:updateContainerState(260)) - Container #1 is in OPEN state, but the datanode c33e49d7-aab4-4e8b-84a2-e80ab64b386a(fv-az465-709/10.1.0.48) reports an CLOSED replica.
2023-07-26 19:47:47,193 [BlockDeletingService#7] INFO  interfaces.ContainerDeletionChoosingPolicyTemplate (ContainerDeletionChoosingPolicyTemplate.java:chooseContainerForBlockDeletion(83)) - Chosen 0/5000 blocks from 0 candidate containers.
2023-07-26 19:47:47,201 [BlockDeletingService#5] INFO  interfaces.ContainerDeletionChoosingPolicyTemplate (ContainerDeletionChoosingPolicyTemplate.java:chooseContainerForBlockDeletion(83)) - Chosen 0/5000 blocks from 0 candidate containers.
2023-07-26 19:47:47,294 [BlockDeletingService#7] INFO  interfaces.ContainerDeletionChoosingPolicyTemplate (ContainerDeletionChoosingPolicyTemplate.java:chooseContainerForBlockDeletion(83)) - Chosen 0/5000 blocks from 0 candidate containers.
2023-07-26 19:47:47,301 [BlockDeletingService#5] INFO  interfaces.ContainerDeletionChoosingPolicyTemplate (ContainerDeletionChoosingPolicyTemplate.java:chooseContainerForBlockDeletion(83)) - Chosen 0/5000 blocks from 0 candidate containers.
2023-07-26 19:47:47,382 [FixedThreadPoolWithAffinityExecutor-8-0] WARN  container.ContainerReportHandler (AbstractContainerReportHandler.java:updateContainerState(260)) - Container #1 is in OPEN state, but the datanode c33e49d7-aab4-4e8b-84a2-e80ab64b386a(fv-az465-709/10.1.0.48) reports an CLOSED replica.
2023-07-26 19:47:47,383 [FixedThreadPoolWithAffinityExecutor-0-0] WARN  container.ContainerReportHandler (AbstractContainerReportHandler.java:updateContainerState(260)) - Container #1 is in OPEN state, but the datanode 4099cb2b-2e2e-4151-9db7-f99ade631412(fv-az465-709/10.1.0.48) reports an CLOSED replica.
2023-07-26 19:47:47,394 [BlockDeletingService#7] INFO  interfaces.ContainerDeletionChoosingPolicyTemplate (ContainerDeletionChoosingPolicyTemplate.java:chooseContainerForBlockDeletion(83)) - Chosen 0/5000 blocks from 0 candidate containers.
2023-07-26 19:47:47,401 [BlockDeletingService#5] INFO  interfaces.ContainerDeletionChoosingPolicyTemplate (ContainerDeletionChoosingPolicyTemplate.java:chooseContainerForBlockDeletion(83)) - Chosen 0/5000 blocks from 0 candidate containers.
2023-07-26 19:47:47,494 [BlockDeletingService#7] INFO  interfaces.ContainerDeletionChoosingPolicyTemplate (ContainerDeletionChoosingPolicyTemplate.java:chooseContainerForBlockDeletion(83)) - Chosen 0/5000 blocks from 0 candidate containers.
2023-07-26 19:47:47,502 [BlockDeletingService#5] INFO  interfaces.ContainerDeletionChoosingPolicyTemplate (ContainerDeletionChoosingPolicyTemplate.java:chooseContainerForBlockDeletion(83)) - Chosen 0/5000 blocks from 0 candidate containers.
2023-07-26 19:47:47,576 [FixedThreadPoolWithAffinityExecutor-8-0] WARN  container.ContainerReportHandler (AbstractContainerReportHandler.java:updateContainerState(260)) - Container #1 is in OPEN state, but the datanode c33e49d7-aab4-4e8b-84a2-e80ab64b386a(fv-az465-709/10.1.0.48) reports an CLOSED replica.
2023-07-26 19:47:47,595 [BlockDeletingService#7] INFO  interfaces.ContainerDeletionChoosingPolicyTemplate (ContainerDeletionChoosingPolicyTemplate.java:chooseContainerForBlockDeletion(83)) - Chosen 0/5000 blocks from 0 candidate containers.
2023-07-26 19:47:47,602 [BlockDeletingService#5] INFO  interfaces.ContainerDeletionChoosingPolicyTemplate (ContainerDeletionChoosingPolicyTemplate.java:chooseContainerForBlockDeletion(83)) - Chosen 0/5000 blocks from 0 candidate containers.
2023-07-26 19:47:47,672 [FixedThreadPoolWithAffinityExecutor-0-0] WARN  container.ContainerReportHandler (AbstractContainerReportHandler.java:updateContainerState(260)) - Container #1 is in OPEN state, but the datanode 4099cb2b-2e2e-4151-9db7-f99ade631412(fv-az465-709/10.1.0.48) reports an CLOSED replica.
2023-07-26 19:47:47,695 [BlockDeletingService#7] INFO  interfaces.ContainerDeletionChoosingPolicyTemplate (ContainerDeletionChoosingPolicyTemplate.java:chooseContainerForBlockDeletion(83)) - Chosen 0/5000 blocks from 0 candidate containers.
2023-07-26 19:47:47,703 [BlockDeletingService#5] INFO  interfaces.ContainerDeletionChoosingPolicyTemplate (ContainerDeletionChoosingPolicyTemplate.java:chooseContainerForBlockDeletion(83)) - Chosen 0/5000 blocks from 0 candidate containers.
2023-07-26 19:47:47,723 [grpc-default-executor-2] WARN  server.GrpcLogAppender (LogUtils.java:warn(122)) - 4099cb2b-2e2e-4151-9db7-f99ade631412@group-1C7129A268B6->cc71d3b4-cf6a-416c-96eb-6097e97a8fe1-AppendLogResponseHandler: Failed appendEntries: org.apache.ratis.thirdparty.io.grpc.StatusRuntimeException: UNAVAILABLE: io exception
2023-07-26 19:47:47,724 [grpc-default-executor-2] WARN  server.GrpcLogAppender (GrpcLogAppender.java:resetClient(128)) - 4099cb2b-2e2e-4151-9db7-f99ade631412@group-1C7129A268B6->cc71d3b4-cf6a-416c-96eb-6097e97a8fe1-GrpcLogAppender: Follower failed when matchIndex == 0,  keep nextIndex (6) unchanged and retry.
2023-07-26 19:47:47,724 [grpc-default-executor-3] WARN  server.GrpcLogAppender (LogUtils.java:warn(122)) - 4099cb2b-2e2e-4151-9db7-f99ade631412@group-1C7129A268B6->cc71d3b4-cf6a-416c-96eb-6097e97a8fe1-AppendLogResponseHandler: Failed appendEntries: org.apache.ratis.thirdparty.io.grpc.StatusRuntimeException: UNAVAILABLE: io exception
2023-07-26 19:47:47,725 [grpc-default-executor-3] WARN  server.GrpcLogAppender (GrpcLogAppender.java:resetClient(128)) - 4099cb2b-2e2e-4151-9db7-f99ade631412@group-1C7129A268B6->cc71d3b4-cf6a-416c-96eb-6097e97a8fe1-GrpcLogAppender: Follower failed when matchIndex == 0,  keep nextIndex (6) unchanged and retry.
2023-07-26 19:47:47,795 [BlockDeletingService#7] INFO  interfaces.ContainerDeletionChoosingPolicyTemplate (ContainerDeletionChoosingPolicyTemplate.java:chooseContainerForBlockDeletion(83)) - Chosen 0/5000 blocks from 0 candidate containers.
2023-07-26 19:47:47,803 [BlockDeletingService#5] INFO  interfaces.ContainerDeletionChoosingPolicyTemplate (ContainerDeletionChoosingPolicyTemplate.java:chooseContainerForBlockDeletion(83)) - Chosen 0/5000 blocks from 0 candidate containers.
2023-07-26 19:47:47,876 [FixedThreadPoolWithAffinityExecutor-8-0] WARN  container.ContainerReportHandler (AbstractContainerReportHandler.java:updateContainerState(260)) - Container #1 is in OPEN state, but the datanode c33e49d7-aab4-4e8b-84a2-e80ab64b386a(fv-az465-709/10.1.0.48) reports an CLOSED replica.
2023-07-26 19:47:47,896 [BlockDeletingService#7] INFO  interfaces.ContainerDeletionChoosingPolicyTemplate (ContainerDeletionChoosingPolicyTemplate.java:chooseContainerForBlockDeletion(83)) - Chosen 0/5000 blocks from 0 candidate containers.
2023-07-26 19:47:47,903 [BlockDeletingService#5] INFO  interfaces.ContainerDeletionChoosingPolicyTemplate (ContainerDeletionChoosingPolicyTemplate.java:chooseContainerForBlockDeletion(83)) - Chosen 0/5000 blocks from 0 candidate containers.
2023-07-26 19:47:47,996 [BlockDeletingService#7] INFO  interfaces.ContainerDeletionChoosingPolicyTemplate (ContainerDeletionChoosingPolicyTemplate.java:chooseContainerForBlockDeletion(83)) - Chosen 0/5000 blocks from 0 candidate containers.
2023-07-26 19:47:48,003 [BlockDeletingService#5] INFO  interfaces.ContainerDeletionChoosingPolicyTemplate (ContainerDeletionChoosingPolicyTemplate.java:chooseContainerForBlockDeletion(83)) - Chosen 0/5000 blocks from 0 candidate containers.
2023-07-26 19:47:48,071 [FixedThreadPoolWithAffinityExecutor-0-0] WARN  container.ContainerReportHandler (AbstractContainerReportHandler.java:updateContainerState(260)) - Container #1 is in OPEN state, but the datanode 4099cb2b-2e2e-4151-9db7-f99ade631412(fv-az465-709/10.1.0.48) reports an CLOSED replica.
2023-07-26 19:47:48,074 [FixedThreadPoolWithAffinityExecutor-8-0] WARN  container.ContainerReportHandler (AbstractContainerReportHandler.java:updateContainerState(260)) - Container #1 is in OPEN state, but the datanode c33e49d7-aab4-4e8b-84a2-e80ab64b386a(fv-az465-709/10.1.0.48) reports an CLOSED replica.
2023-07-26 19:47:48,096 [BlockDeletingService#7] INFO  interfaces.ContainerDeletionChoosingPolicyTemplate (ContainerDeletionChoosingPolicyTemplate.java:chooseContainerForBlockDeletion(83)) - Chosen 0/5000 blocks from 0 candidate containers.
2023-07-26 19:47:48,104 [BlockDeletingService#5] INFO  interfaces.ContainerDeletionChoosingPolicyTemplate (ContainerDeletionChoosingPolicyTemplate.java:chooseContainerForBlockDeletion(83)) - Chosen 0/5000 blocks from 0 candidate containers.
2023-07-26 19:47:48,198 [BlockDeletingService#7] INFO  interfaces.ContainerDeletionChoosingPolicyTemplate (ContainerDeletionChoosingPolicyTemplate.java:chooseContainerForBlockDeletion(83)) - Chosen 0/5000 blocks from 0 candidate containers.
2023-07-26 19:47:48,204 [BlockDeletingService#5] INFO  interfaces.ContainerDeletionChoosingPolicyTemplate (ContainerDeletionChoosingPolicyTemplate.java:chooseContainerForBlockDeletion(83)) - Chosen 0/5000 blocks from 0 candidate containers.
2023-07-26 19:47:48,276 [FixedThreadPoolWithAffinityExecutor-8-0] WARN  container.ContainerReportHandler (AbstractContainerReportHandler.java:updateContainerState(260)) - Container #1 is in OPEN state, but the datanode c33e49d7-aab4-4e8b-84a2-e80ab64b386a(fv-az465-709/10.1.0.48) reports an CLOSED replica.
2023-07-26 19:47:48,298 [BlockDeletingService#7] INFO  interfaces.ContainerDeletionChoosingPolicyTemplate (ContainerDeletionChoosingPolicyTemplate.java:chooseContainerForBlockDeletion(83)) - Chosen 0/5000 blocks from 0 candidate containers.
2023-07-26 19:47:48,304 [BlockDeletingService#5] INFO  interfaces.ContainerDeletionChoosingPolicyTemplate (ContainerDeletionChoosingPolicyTemplate.java:chooseContainerForBlockDeletion(83)) - Chosen 0/5000 blocks from 0 candidate containers.
2023-07-26 19:47:48,372 [FixedThreadPoolWithAffinityExecutor-0-0] WARN  container.ContainerReportHandler (AbstractContainerReportHandler.java:updateContainerState(260)) - Container #1 is in OPEN state, but the datanode 4099cb2b-2e2e-4151-9db7-f99ade631412(fv-az465-709/10.1.0.48) reports an CLOSED replica.
2023-07-26 19:47:48,399 [BlockDeletingService#7] INFO  interfaces.ContainerDeletionChoosingPolicyTemplate (ContainerDeletionChoosingPolicyTemplate.java:chooseContainerForBlockDeletion(83)) - Chosen 0/5000 blocks from 0 candidate containers.
2023-07-26 19:47:48,404 [BlockDeletingService#5] INFO  interfaces.ContainerDeletionChoosingPolicyTemplate (ContainerDeletionChoosingPolicyTemplate.java:chooseContainerForBlockDeletion(83)) - Chosen 0/5000 blocks from 0 candidate containers.
2023-07-26 19:47:48,499 [BlockDeletingService#7] INFO  interfaces.ContainerDeletionChoosingPolicyTemplate (ContainerDeletionChoosingPolicyTemplate.java:chooseContainerForBlockDeletion(83)) - Chosen 0/5000 blocks from 0 candidate containers.
2023-07-26 19:47:48,505 [BlockDeletingService#5] INFO  interfaces.ContainerDeletionChoosingPolicyTemplate (ContainerDeletionChoosingPolicyTemplate.java:chooseContainerForBlockDeletion(83)) - Chosen 0/5000 blocks from 0 candidate containers.
2023-07-26 19:47:48,576 [FixedThreadPoolWithAffinityExecutor-8-0] WARN  container.ContainerReportHandler (AbstractContainerReportHandler.java:updateContainerState(260)) - Container #1 is in OPEN state, but the datanode c33e49d7-aab4-4e8b-84a2-e80ab64b386a(fv-az465-709/10.1.0.48) reports an CLOSED replica.
2023-07-26 19:47:48,599 [BlockDeletingService#7] INFO  interfaces.ContainerDeletionChoosingPolicyTemplate (ContainerDeletionChoosingPolicyTemplate.java:chooseContainerForBlockDeletion(83)) - Chosen 0/5000 blocks from 0 candidate containers.
2023-07-26 19:47:48,605 [BlockDeletingService#5] INFO  interfaces.ContainerDeletionChoosingPolicyTemplate (ContainerDeletionChoosingPolicyTemplate.java:chooseContainerForBlockDeletion(83)) - Chosen 0/5000 blocks from 0 candidate containers.
2023-07-26 19:47:48,676 [FixedThreadPoolWithAffinityExecutor-0-0] WARN  container.ContainerReportHandler (AbstractContainerReportHandler.java:updateContainerState(260)) - Container #1 is in OPEN state, but the datanode 4099cb2b-2e2e-4151-9db7-f99ade631412(fv-az465-709/10.1.0.48) reports an CLOSED replica.
2023-07-26 19:47:48,700 [BlockDeletingService#7] INFO  interfaces.ContainerDeletionChoosingPolicyTemplate (ContainerDeletionChoosingPolicyTemplate.java:chooseContainerForBlockDeletion(83)) - Chosen 0/5000 blocks from 0 candidate containers.
2023-07-26 19:47:48,705 [BlockDeletingService#5] INFO  interfaces.ContainerDeletionChoosingPolicyTemplate (ContainerDeletionChoosingPolicyTemplate.java:chooseContainerForBlockDeletion(83)) - Chosen 0/5000 blocks from 0 candidate containers.
2023-07-26 19:47:48,776 [FixedThreadPoolWithAffinityExecutor-8-0] WARN  container.ContainerReportHandler (AbstractContainerReportHandler.java:updateContainerState(260)) - Container #1 is in OPEN state, but the datanode c33e49d7-aab4-4e8b-84a2-e80ab64b386a(fv-az465-709/10.1.0.48) reports an CLOSED replica.
2023-07-26 19:47:48,800 [BlockDeletingService#7] INFO  interfaces.ContainerDeletionChoosingPolicyTemplate (ContainerDeletionChoosingPolicyTemplate.java:chooseContainerForBlockDeletion(83)) - Chosen 0/5000 blocks from 0 candidate containers.
2023-07-26 19:47:48,805 [BlockDeletingService#5] INFO  interfaces.ContainerDeletionChoosingPolicyTemplate (ContainerDeletionChoosingPolicyTemplate.java:chooseContainerForBlockDeletion(83)) - Chosen 0/5000 blocks from 0 candidate containers.
2023-07-26 19:47:48,900 [BlockDeletingService#7] INFO  interfaces.ContainerDeletionChoosingPolicyTemplate (ContainerDeletionChoosingPolicyTemplate.java:chooseContainerForBlockDeletion(83)) - Chosen 0/5000 blocks from 0 candidate containers.
2023-07-26 19:47:48,906 [BlockDeletingService#5] INFO  interfaces.ContainerDeletionChoosingPolicyTemplate (ContainerDeletionChoosingPolicyTemplate.java:chooseContainerForBlockDeletion(83)) - Chosen 0/5000 blocks from 0 candidate containers.
2023-07-26 19:47:48,974 [grpc-default-executor-3] WARN  server.GrpcLogAppender (LogUtils.java:warn(122)) - 4099cb2b-2e2e-4151-9db7-f99ade631412@group-1C7129A268B6->cc71d3b4-cf6a-416c-96eb-6097e97a8fe1-AppendLogResponseHandler: Failed appendEntries: org.apache.ratis.thirdparty.io.grpc.StatusRuntimeException: UNAVAILABLE: io exception
2023-07-26 19:47:48,974 [grpc-default-executor-2] WARN  server.GrpcLogAppender (LogUtils.java:warn(122)) - 4099cb2b-2e2e-4151-9db7-f99ade631412@group-1C7129A268B6->cc71d3b4-cf6a-416c-96eb-6097e97a8fe1-AppendLogResponseHandler: Failed appendEntries: org.apache.ratis.thirdparty.io.grpc.StatusRuntimeException: UNAVAILABLE: io exception
2023-07-26 19:47:48,975 [grpc-default-executor-3] WARN  server.GrpcLogAppender (GrpcLogAppender.java:resetClient(128)) - 4099cb2b-2e2e-4151-9db7-f99ade631412@group-1C7129A268B6->cc71d3b4-cf6a-416c-96eb-6097e97a8fe1-GrpcLogAppender: Follower failed when matchIndex == 0,  keep nextIndex (6) unchanged and retry.
2023-07-26 19:47:48,975 [grpc-default-executor-2] WARN  server.GrpcLogAppender (GrpcLogAppender.java:resetClient(128)) - 4099cb2b-2e2e-4151-9db7-f99ade631412@group-1C7129A268B6->cc71d3b4-cf6a-416c-96eb-6097e97a8fe1-GrpcLogAppender: Follower failed when matchIndex == 0,  keep nextIndex (6) unchanged and retry.
2023-07-26 19:47:48,977 [FixedThreadPoolWithAffinityExecutor-8-0] WARN  container.ContainerReportHandler (AbstractContainerReportHandler.java:updateContainerState(260)) - Container #1 is in OPEN state, but the datanode c33e49d7-aab4-4e8b-84a2-e80ab64b386a(fv-az465-709/10.1.0.48) reports an CLOSED replica.
2023-07-26 19:47:49,001 [BlockDeletingService#7] INFO  interfaces.ContainerDeletionChoosingPolicyTemplate (ContainerDeletionChoosingPolicyTemplate.java:chooseContainerForBlockDeletion(83)) - Chosen 0/5000 blocks from 0 candidate containers.
2023-07-26 19:47:49,006 [BlockDeletingService#5] INFO  interfaces.ContainerDeletionChoosingPolicyTemplate (ContainerDeletionChoosingPolicyTemplate.java:chooseContainerForBlockDeletion(83)) - Chosen 0/5000 blocks from 0 candidate containers.
2023-07-26 19:47:49,076 [FixedThreadPoolWithAffinityExecutor-0-0] WARN  container.ContainerReportHandler (AbstractContainerReportHandler.java:updateContainerState(260)) - Container #1 is in OPEN state, but the datanode 4099cb2b-2e2e-4151-9db7-f99ade631412(fv-az465-709/10.1.0.48) reports an CLOSED replica.
2023-07-26 19:47:49,101 [BlockDeletingService#7] INFO  interfaces.ContainerDeletionChoosingPolicyTemplate (ContainerDeletionChoosingPolicyTemplate.java:chooseContainerForBlockDeletion(83)) - Chosen 0/5000 blocks from 0 candidate containers.
2023-07-26 19:47:49,106 [BlockDeletingService#5] INFO  interfaces.ContainerDeletionChoosingPolicyTemplate (ContainerDeletionChoosingPolicyTemplate.java:chooseContainerForBlockDeletion(83)) - Chosen 0/5000 blocks from 0 candidate containers.
2023-07-26 19:47:49,202 [BlockDeletingService#7] INFO  interfaces.ContainerDeletionChoosingPolicyTemplate (ContainerDeletionChoosingPolicyTemplate.java:chooseContainerForBlockDeletion(83)) - Chosen 0/5000 blocks from 0 candidate containers.
2023-07-26 19:47:49,207 [BlockDeletingService#5] INFO  interfaces.ContainerDeletionChoosingPolicyTemplate (ContainerDeletionChoosingPolicyTemplate.java:chooseContainerForBlockDeletion(83)) - Chosen 0/5000 blocks from 0 candidate containers.
2023-07-26 19:47:49,275 [FixedThreadPoolWithAffinityExecutor-8-0] WARN  container.ContainerReportHandler (AbstractContainerReportHandler.java:updateContainerState(260)) - Container #1 is in OPEN state, but the datanode c33e49d7-aab4-4e8b-84a2-e80ab64b386a(fv-az465-709/10.1.0.48) reports an CLOSED replica.
2023-07-26 19:47:49,303 [BlockDeletingService#7] INFO  interfaces.ContainerDeletionChoosingPolicyTemplate (ContainerDeletionChoosingPolicyTemplate.java:chooseContainerForBlockDeletion(83)) - Chosen 0/5000 blocks from 0 candidate containers.
2023-07-26 19:47:49,307 [BlockDeletingService#5] INFO  interfaces.ContainerDeletionChoosingPolicyTemplate (ContainerDeletionChoosingPolicyTemplate.java:chooseContainerForBlockDeletion(83)) - Chosen 0/5000 blocks from 0 candidate containers.
2023-07-26 19:47:49,376 [FixedThreadPoolWithAffinityExecutor-0-0] WARN  container.ContainerReportHandler (AbstractContainerReportHandler.java:updateContainerState(260)) - Container #1 is in OPEN state, but the datanode 4099cb2b-2e2e-4151-9db7-f99ade631412(fv-az465-709/10.1.0.48) reports an CLOSED replica.
2023-07-26 19:47:49,404 [BlockDeletingService#7] INFO  interfaces.ContainerDeletionChoosingPolicyTemplate (ContainerDeletionChoosingPolicyTemplate.java:chooseContainerForBlockDeletion(83)) - Chosen 0/5000 blocks from 0 candidate containers.
2023-07-26 19:47:49,407 [BlockDeletingService#5] INFO  interfaces.ContainerDeletionChoosingPolicyTemplate (ContainerDeletionChoosingPolicyTemplate.java:chooseContainerForBlockDeletion(83)) - Chosen 0/5000 blocks from 0 candidate containers.
2023-07-26 19:47:49,475 [FixedThreadPoolWithAffinityExecutor-8-0] WARN  container.ContainerReportHandler (AbstractContainerReportHandler.java:updateContainerState(260)) - Container #1 is in OPEN state, but the datanode c33e49d7-aab4-4e8b-84a2-e80ab64b386a(fv-az465-709/10.1.0.48) reports an CLOSED replica.
2023-07-26 19:47:49,504 [BlockDeletingService#7] INFO  interfaces.ContainerDeletionChoosingPolicyTemplate (ContainerDeletionChoosingPolicyTemplate.java:chooseContainerForBlockDeletion(83)) - Chosen 0/5000 blocks from 0 candidate containers.
2023-07-26 19:47:49,507 [BlockDeletingService#5] INFO  interfaces.ContainerDeletionChoosingPolicyTemplate (ContainerDeletionChoosingPolicyTemplate.java:chooseContainerForBlockDeletion(83)) - Chosen 0/5000 blocks from 0 candidate containers.
2023-07-26 19:47:49,604 [BlockDeletingService#7] INFO  interfaces.ContainerDeletionChoosingPolicyTemplate (ContainerDeletionChoosingPolicyTemplate.java:chooseContainerForBlockDeletion(83)) - Chosen 0/5000 blocks from 0 candidate containers.
2023-07-26 19:47:49,607 [BlockDeletingService#5] INFO  interfaces.ContainerDeletionChoosingPolicyTemplate (ContainerDeletionChoosingPolicyTemplate.java:chooseContainerForBlockDeletion(83)) - Chosen 0/5000 blocks from 0 candidate containers.
2023-07-26 19:47:49,676 [FixedThreadPoolWithAffinityExecutor-8-0] WARN  container.ContainerReportHandler (AbstractContainerReportHandler.java:updateContainerState(260)) - Container #1 is in OPEN state, but the datanode c33e49d7-aab4-4e8b-84a2-e80ab64b386a(fv-az465-709/10.1.0.48) reports an CLOSED replica.
2023-07-26 19:47:49,705 [BlockDeletingService#7] INFO  interfaces.ContainerDeletionChoosingPolicyTemplate (ContainerDeletionChoosingPolicyTemplate.java:chooseContainerForBlockDeletion(83)) - Chosen 0/5000 blocks from 0 candidate containers.
2023-07-26 19:47:49,708 [BlockDeletingService#5] INFO  interfaces.ContainerDeletionChoosingPolicyTemplate (ContainerDeletionChoosingPolicyTemplate.java:chooseContainerForBlockDeletion(83)) - Chosen 0/5000 blocks from 0 candidate containers.
2023-07-26 19:47:49,776 [FixedThreadPoolWithAffinityExecutor-0-0] WARN  container.ContainerReportHandler (AbstractContainerReportHandler.java:updateContainerState(260)) - Container #1 is in OPEN state, but the datanode 4099cb2b-2e2e-4151-9db7-f99ade631412(fv-az465-709/10.1.0.48) reports an CLOSED replica.
2023-07-26 19:47:49,805 [BlockDeletingService#7] INFO  interfaces.ContainerDeletionChoosingPolicyTemplate (ContainerDeletionChoosingPolicyTemplate.java:chooseContainerForBlockDeletion(83)) - Chosen 0/5000 blocks from 0 candidate containers.
2023-07-26 19:47:49,808 [BlockDeletingService#5] INFO  interfaces.ContainerDeletionChoosingPolicyTemplate (ContainerDeletionChoosingPolicyTemplate.java:chooseContainerForBlockDeletion(83)) - Chosen 0/5000 blocks from 0 candidate containers.
2023-07-26 19:47:49,876 [FixedThreadPoolWithAffinityExecutor-8-0] WARN  container.ContainerReportHandler (AbstractContainerReportHandler.java:updateContainerState(260)) - Container #1 is in OPEN state, but the datanode c33e49d7-aab4-4e8b-84a2-e80ab64b386a(fv-az465-709/10.1.0.48) reports an CLOSED replica.
2023-07-26 19:47:49,905 [BlockDeletingService#7] INFO  interfaces.ContainerDeletionChoosingPolicyTemplate (ContainerDeletionChoosingPolicyTemplate.java:chooseContainerForBlockDeletion(83)) - Chosen 0/5000 blocks from 0 candidate containers.
2023-07-26 19:47:49,908 [BlockDeletingService#5] INFO  interfaces.ContainerDeletionChoosingPolicyTemplate (ContainerDeletionChoosingPolicyTemplate.java:chooseContainerForBlockDeletion(83)) - Chosen 0/5000 blocks from 0 candidate containers.
2023-07-26 19:47:50,006 [BlockDeletingService#7] INFO  interfaces.ContainerDeletionChoosingPolicyTemplate (ContainerDeletionChoosingPolicyTemplate.java:chooseContainerForBlockDeletion(83)) - Chosen 0/5000 blocks from 0 candidate containers.
2023-07-26 19:47:50,008 [BlockDeletingService#5] INFO  interfaces.ContainerDeletionChoosingPolicyTemplate (ContainerDeletionChoosingPolicyTemplate.java:chooseContainerForBlockDeletion(83)) - Chosen 0/5000 blocks from 0 candidate containers.
2023-07-26 19:47:50,080 [FixedThreadPoolWithAffinityExecutor-0-0] WARN  container.ContainerReportHandler (AbstractContainerReportHandler.java:updateContainerState(260)) - Container #1 is in OPEN state, but the datanode 4099cb2b-2e2e-4151-9db7-f99ade631412(fv-az465-709/10.1.0.48) reports an CLOSED replica.
2023-07-26 19:47:50,106 [BlockDeletingService#7] INFO  interfaces.ContainerDeletionChoosingPolicyTemplate (ContainerDeletionChoosingPolicyTemplate.java:chooseContainerForBlockDeletion(83)) - Chosen 0/5000 blocks from 0 candidate containers.
2023-07-26 19:47:50,109 [BlockDeletingService#5] INFO  interfaces.ContainerDeletionChoosingPolicyTemplate (ContainerDeletionChoosingPolicyTemplate.java:chooseContainerForBlockDeletion(83)) - Chosen 0/5000 blocks from 0 candidate containers.
2023-07-26 19:47:50,176 [FixedThreadPoolWithAffinityExecutor-8-0] WARN  container.ContainerReportHandler (AbstractContainerReportHandler.java:updateContainerState(260)) - Container #1 is in OPEN state, but the datanode c33e49d7-aab4-4e8b-84a2-e80ab64b386a(fv-az465-709/10.1.0.48) reports an CLOSED replica.
2023-07-26 19:47:50,206 [BlockDeletingService#7] INFO  interfaces.ContainerDeletionChoosingPolicyTemplate (ContainerDeletionChoosingPolicyTemplate.java:chooseContainerForBlockDeletion(83)) - Chosen 0/5000 blocks from 0 candidate containers.
2023-07-26 19:47:50,209 [BlockDeletingService#5] INFO  interfaces.ContainerDeletionChoosingPolicyTemplate (ContainerDeletionChoosingPolicyTemplate.java:chooseContainerForBlockDeletion(83)) - Chosen 0/5000 blocks from 0 candidate containers.
2023-07-26 19:47:50,224 [grpc-default-executor-2] WARN  server.GrpcLogAppender (LogUtils.java:warn(122)) - 4099cb2b-2e2e-4151-9db7-f99ade631412@group-1C7129A268B6->cc71d3b4-cf6a-416c-96eb-6097e97a8fe1-AppendLogResponseHandler: Failed appendEntries: org.apache.ratis.thirdparty.io.grpc.StatusRuntimeException: UNAVAILABLE: io exception
2023-07-26 19:47:50,225 [grpc-default-executor-2] WARN  server.GrpcLogAppender (GrpcLogAppender.java:resetClient(128)) - 4099cb2b-2e2e-4151-9db7-f99ade631412@group-1C7129A268B6->cc71d3b4-cf6a-416c-96eb-6097e97a8fe1-GrpcLogAppender: Follower failed when matchIndex == 0,  keep nextIndex (6) unchanged and retry.
2023-07-26 19:47:50,226 [grpc-default-executor-3] WARN  server.GrpcLogAppender (LogUtils.java:warn(122)) - 4099cb2b-2e2e-4151-9db7-f99ade631412@group-1C7129A268B6->cc71d3b4-cf6a-416c-96eb-6097e97a8fe1-AppendLogResponseHandler: Failed appendEntries: org.apache.ratis.thirdparty.io.grpc.StatusRuntimeException: UNAVAILABLE: io exception
2023-07-26 19:47:50,226 [grpc-default-executor-3] WARN  server.GrpcLogAppender (GrpcLogAppender.java:resetClient(128)) - 4099cb2b-2e2e-4151-9db7-f99ade631412@group-1C7129A268B6->cc71d3b4-cf6a-416c-96eb-6097e97a8fe1-GrpcLogAppender: Follower failed when matchIndex == 0,  keep nextIndex (6) unchanged and retry.
2023-07-26 19:47:50,307 [BlockDeletingService#7] INFO  interfaces.ContainerDeletionChoosingPolicyTemplate (ContainerDeletionChoosingPolicyTemplate.java:chooseContainerForBlockDeletion(83)) - Chosen 0/5000 blocks from 0 candidate containers.
2023-07-26 19:47:50,309 [BlockDeletingService#5] INFO  interfaces.ContainerDeletionChoosingPolicyTemplate (ContainerDeletionChoosingPolicyTemplate.java:chooseContainerForBlockDeletion(83)) - Chosen 0/5000 blocks from 0 candidate containers.
2023-07-26 19:47:50,376 [FixedThreadPoolWithAffinityExecutor-8-0] WARN  container.ContainerReportHandler (AbstractContainerReportHandler.java:updateContainerState(260)) - Container #1 is in OPEN state, but the datanode c33e49d7-aab4-4e8b-84a2-e80ab64b386a(fv-az465-709/10.1.0.48) reports an CLOSED replica.
2023-07-26 19:47:50,408 [BlockDeletingService#7] INFO  interfaces.ContainerDeletionChoosingPolicyTemplate (ContainerDeletionChoosingPolicyTemplate.java:chooseContainerForBlockDeletion(83)) - Chosen 0/5000 blocks from 0 candidate containers.
2023-07-26 19:47:50,409 [BlockDeletingService#5] INFO  interfaces.ContainerDeletionChoosingPolicyTemplate (ContainerDeletionChoosingPolicyTemplate.java:chooseContainerForBlockDeletion(83)) - Chosen 0/5000 blocks from 0 candidate containers.
2023-07-26 19:47:50,476 [FixedThreadPoolWithAffinityExecutor-0-0] WARN  container.ContainerReportHandler (AbstractContainerReportHandler.java:updateContainerState(260)) - Container #1 is in OPEN state, but the datanode 4099cb2b-2e2e-4151-9db7-f99ade631412(fv-az465-709/10.1.0.48) reports an CLOSED replica.
2023-07-26 19:47:50,508 [BlockDeletingService#7] INFO  interfaces.ContainerDeletionChoosingPolicyTemplate (ContainerDeletionChoosingPolicyTemplate.java:chooseContainerForBlockDeletion(83)) - Chosen 0/5000 blocks from 0 candidate containers.
2023-07-26 19:47:50,510 [BlockDeletingService#5] INFO  interfaces.ContainerDeletionChoosingPolicyTemplate (ContainerDeletionChoosingPolicyTemplate.java:chooseContainerForBlockDeletion(83)) - Chosen 0/5000 blocks from 0 candidate containers.
2023-07-26 19:47:50,576 [FixedThreadPoolWithAffinityExecutor-8-0] WARN  container.ContainerReportHandler (AbstractContainerReportHandler.java:updateContainerState(260)) - Container #1 is in OPEN state, but the datanode c33e49d7-aab4-4e8b-84a2-e80ab64b386a(fv-az465-709/10.1.0.48) reports an CLOSED replica.
2023-07-26 19:47:50,609 [BlockDeletingService#7] INFO  interfaces.ContainerDeletionChoosingPolicyTemplate (ContainerDeletionChoosingPolicyTemplate.java:chooseContainerForBlockDeletion(83)) - Chosen 0/5000 blocks from 0 candidate containers.
2023-07-26 19:47:50,610 [BlockDeletingService#5] INFO  interfaces.ContainerDeletionChoosingPolicyTemplate (ContainerDeletionChoosingPolicyTemplate.java:chooseContainerForBlockDeletion(83)) - Chosen 0/5000 blocks from 0 candidate containers.
2023-07-26 19:47:50,709 [BlockDeletingService#7] INFO  interfaces.ContainerDeletionChoosingPolicyTemplate (ContainerDeletionChoosingPolicyTemplate.java:chooseContainerForBlockDeletion(83)) - Chosen 0/5000 blocks from 0 candidate containers.
2023-07-26 19:47:50,710 [BlockDeletingService#5] INFO  interfaces.ContainerDeletionChoosingPolicyTemplate (ContainerDeletionChoosingPolicyTemplate.java:chooseContainerForBlockDeletion(83)) - Chosen 0/5000 blocks from 0 candidate containers.
2023-07-26 19:47:50,777 [FixedThreadPoolWithAffinityExecutor-0-0] WARN  container.ContainerReportHandler (AbstractContainerReportHandler.java:updateContainerState(260)) - Container #1 is in OPEN state, but the datanode 4099cb2b-2e2e-4151-9db7-f99ade631412(fv-az465-709/10.1.0.48) reports an CLOSED replica.
2023-07-26 19:47:50,809 [BlockDeletingService#7] INFO  interfaces.ContainerDeletionChoosingPolicyTemplate (ContainerDeletionChoosingPolicyTemplate.java:chooseContainerForBlockDeletion(83)) - Chosen 0/5000 blocks from 0 candidate containers.
2023-07-26 19:47:50,810 [BlockDeletingService#5] INFO  interfaces.ContainerDeletionChoosingPolicyTemplate (ContainerDeletionChoosingPolicyTemplate.java:chooseContainerForBlockDeletion(83)) - Chosen 0/5000 blocks from 0 candidate containers.
2023-07-26 19:47:50,878 [FixedThreadPoolWithAffinityExecutor-8-0] WARN  container.ContainerReportHandler (AbstractContainerReportHandler.java:updateContainerState(260)) - Container #1 is in OPEN state, but the datanode c33e49d7-aab4-4e8b-84a2-e80ab64b386a(fv-az465-709/10.1.0.48) reports an CLOSED replica.
2023-07-26 19:47:50,910 [BlockDeletingService#7] INFO  interfaces.ContainerDeletionChoosingPolicyTemplate (ContainerDeletionChoosingPolicyTemplate.java:chooseContainerForBlockDeletion(83)) - Chosen 0/5000 blocks from 0 candidate containers.
2023-07-26 19:47:50,911 [BlockDeletingService#5] INFO  interfaces.ContainerDeletionChoosingPolicyTemplate (ContainerDeletionChoosingPolicyTemplate.java:chooseContainerForBlockDeletion(83)) - Chosen 0/5000 blocks from 0 candidate containers.
2023-07-26 19:47:51,010 [BlockDeletingService#7] INFO  interfaces.ContainerDeletionChoosingPolicyTemplate (ContainerDeletionChoosingPolicyTemplate.java:chooseContainerForBlockDeletion(83)) - Chosen 0/5000 blocks from 0 candidate containers.
2023-07-26 19:47:51,011 [BlockDeletingService#5] INFO  interfaces.ContainerDeletionChoosingPolicyTemplate (ContainerDeletionChoosingPolicyTemplate.java:chooseContainerForBlockDeletion(83)) - Chosen 0/5000 blocks from 0 candidate containers.
2023-07-26 19:47:51,078 [FixedThreadPoolWithAffinityExecutor-8-0] WARN  container.ContainerReportHandler (AbstractContainerReportHandler.java:updateContainerState(260)) - Container #1 is in OPEN state, but the datanode c33e49d7-aab4-4e8b-84a2-e80ab64b386a(fv-az465-709/10.1.0.48) reports an CLOSED replica.
2023-07-26 19:47:51,078 [FixedThreadPoolWithAffinityExecutor-0-0] WARN  container.ContainerReportHandler (AbstractContainerReportHandler.java:updateContainerState(260)) - Container #1 is in OPEN state, but the datanode 4099cb2b-2e2e-4151-9db7-f99ade631412(fv-az465-709/10.1.0.48) reports an CLOSED replica.
2023-07-26 19:47:51,111 [BlockDeletingService#7] INFO  interfaces.ContainerDeletionChoosingPolicyTemplate (ContainerDeletionChoosingPolicyTemplate.java:chooseContainerForBlockDeletion(83)) - Chosen 0/5000 blocks from 0 candidate containers.
2023-07-26 19:47:51,112 [BlockDeletingService#5] INFO  interfaces.ContainerDeletionChoosingPolicyTemplate (ContainerDeletionChoosingPolicyTemplate.java:chooseContainerForBlockDeletion(83)) - Chosen 0/5000 blocks from 0 candidate containers.
2023-07-26 19:47:51,211 [BlockDeletingService#7] INFO  interfaces.ContainerDeletionChoosingPolicyTemplate (ContainerDeletionChoosingPolicyTemplate.java:chooseContainerForBlockDeletion(83)) - Chosen 0/5000 blocks from 0 candidate containers.
2023-07-26 19:47:51,212 [BlockDeletingService#5] INFO  interfaces.ContainerDeletionChoosingPolicyTemplate (ContainerDeletionChoosingPolicyTemplate.java:chooseContainerForBlockDeletion(83)) - Chosen 0/5000 blocks from 0 candidate containers.
2023-07-26 19:47:51,278 [FixedThreadPoolWithAffinityExecutor-8-0] WARN  container.ContainerReportHandler (AbstractContainerReportHandler.java:updateContainerState(260)) - Container #1 is in OPEN state, but the datanode c33e49d7-aab4-4e8b-84a2-e80ab64b386a(fv-az465-709/10.1.0.48) reports an CLOSED replica.
2023-07-26 19:47:51,311 [BlockDeletingService#7] INFO  interfaces.ContainerDeletionChoosingPolicyTemplate (ContainerDeletionChoosingPolicyTemplate.java:chooseContainerForBlockDeletion(83)) - Chosen 0/5000 blocks from 0 candidate containers.
2023-07-26 19:47:51,312 [BlockDeletingService#5] INFO  interfaces.ContainerDeletionChoosingPolicyTemplate (ContainerDeletionChoosingPolicyTemplate.java:chooseContainerForBlockDeletion(83)) - Chosen 0/5000 blocks from 0 candidate containers.
2023-07-26 19:47:51,412 [BlockDeletingService#7] INFO  interfaces.ContainerDeletionChoosingPolicyTemplate (ContainerDeletionChoosingPolicyTemplate.java:chooseContainerForBlockDeletion(83)) - Chosen 0/5000 blocks from 0 candidate containers.
2023-07-26 19:47:51,412 [BlockDeletingService#5] INFO  interfaces.ContainerDeletionChoosingPolicyTemplate (ContainerDeletionChoosingPolicyTemplate.java:chooseContainerForBlockDeletion(83)) - Chosen 0/5000 blocks from 0 candidate containers.
2023-07-26 19:47:51,475 [grpc-default-executor-3] WARN  server.GrpcLogAppender (LogUtils.java:warn(122)) - 4099cb2b-2e2e-4151-9db7-f99ade631412@group-1C7129A268B6->cc71d3b4-cf6a-416c-96eb-6097e97a8fe1-AppendLogResponseHandler: Failed appendEntries: org.apache.ratis.thirdparty.io.grpc.StatusRuntimeException: UNAVAILABLE: io exception
2023-07-26 19:47:51,476 [grpc-default-executor-3] WARN  server.GrpcLogAppender (GrpcLogAppender.java:resetClient(128)) - 4099cb2b-2e2e-4151-9db7-f99ade631412@group-1C7129A268B6->cc71d3b4-cf6a-416c-96eb-6097e97a8fe1-GrpcLogAppender: Follower failed when matchIndex == 0,  keep nextIndex (6) unchanged and retry.
2023-07-26 19:47:51,477 [grpc-default-executor-2] WARN  server.GrpcLogAppender (LogUtils.java:warn(122)) - 4099cb2b-2e2e-4151-9db7-f99ade631412@group-1C7129A268B6->cc71d3b4-cf6a-416c-96eb-6097e97a8fe1-AppendLogResponseHandler: Failed appendEntries: org.apache.ratis.thirdparty.io.grpc.StatusRuntimeException: UNAVAILABLE: io exception
2023-07-26 19:47:51,477 [grpc-default-executor-2] WARN  server.GrpcLogAppender (GrpcLogAppender.java:resetClient(128)) - 4099cb2b-2e2e-4151-9db7-f99ade631412@group-1C7129A268B6->cc71d3b4-cf6a-416c-96eb-6097e97a8fe1-GrpcLogAppender: Follower failed when matchIndex == 0,  keep nextIndex (6) unchanged and retry.
2023-07-26 19:47:51,479 [FixedThreadPoolWithAffinityExecutor-0-0] WARN  container.ContainerReportHandler (AbstractContainerReportHandler.java:updateContainerState(260)) - Container #1 is in OPEN state, but the datanode 4099cb2b-2e2e-4151-9db7-f99ade631412(fv-az465-709/10.1.0.48) reports an CLOSED replica.
2023-07-26 19:47:51,512 [BlockDeletingService#7] INFO  interfaces.ContainerDeletionChoosingPolicyTemplate (ContainerDeletionChoosingPolicyTemplate.java:chooseContainerForBlockDeletion(83)) - Chosen 0/5000 blocks from 0 candidate containers.
2023-07-26 19:47:51,512 [BlockDeletingService#5] INFO  interfaces.ContainerDeletionChoosingPolicyTemplate (ContainerDeletionChoosingPolicyTemplate.java:chooseContainerForBlockDeletion(83)) - Chosen 0/5000 blocks from 0 candidate containers.
2023-07-26 19:47:51,579 [FixedThreadPoolWithAffinityExecutor-8-0] WARN  container.ContainerReportHandler (AbstractContainerReportHandler.java:updateContainerState(260)) - Container #1 is in OPEN state, but the datanode c33e49d7-aab4-4e8b-84a2-e80ab64b386a(fv-az465-709/10.1.0.48) reports an CLOSED replica.
2023-07-26 19:47:51,612 [BlockDeletingService#7] INFO  interfaces.ContainerDeletionChoosingPolicyTemplate (ContainerDeletionChoosingPolicyTemplate.java:chooseContainerForBlockDeletion(83)) - Chosen 0/5000 blocks from 0 candidate containers.
2023-07-26 19:47:51,613 [BlockDeletingService#5] INFO  interfaces.ContainerDeletionChoosingPolicyTemplate (ContainerDeletionChoosingPolicyTemplate.java:chooseContainerForBlockDeletion(83)) - Chosen 0/5000 blocks from 0 candidate containers.
2023-07-26 19:47:51,713 [BlockDeletingService#7] INFO  interfaces.ContainerDeletionChoosingPolicyTemplate (ContainerDeletionChoosingPolicyTemplate.java:chooseContainerForBlockDeletion(83)) - Chosen 0/5000 blocks from 0 candidate containers.
2023-07-26 19:47:51,713 [BlockDeletingService#5] INFO  interfaces.ContainerDeletionChoosingPolicyTemplate (ContainerDeletionChoosingPolicyTemplate.java:chooseContainerForBlockDeletion(83)) - Chosen 0/5000 blocks from 0 candidate containers.
2023-07-26 19:47:51,779 [FixedThreadPoolWithAffinityExecutor-8-0] WARN  container.ContainerReportHandler (AbstractContainerReportHandler.java:updateContainerState(260)) - Container #1 is in OPEN state, but the datanode c33e49d7-aab4-4e8b-84a2-e80ab64b386a(fv-az465-709/10.1.0.48) reports an CLOSED replica.
2023-07-26 19:47:51,779 [FixedThreadPoolWithAffinityExecutor-0-0] WARN  container.ContainerReportHandler (AbstractContainerReportHandler.java:updateContainerState(260)) - Container #1 is in OPEN state, but the datanode 4099cb2b-2e2e-4151-9db7-f99ade631412(fv-az465-709/10.1.0.48) reports an CLOSED replica.
2023-07-26 19:47:51,813 [BlockDeletingService#7] INFO  interfaces.ContainerDeletionChoosingPolicyTemplate (ContainerDeletionChoosingPolicyTemplate.java:chooseContainerForBlockDeletion(83)) - Chosen 0/5000 blocks from 0 candidate containers.
2023-07-26 19:47:51,815 [BlockDeletingService#5] INFO  interfaces.ContainerDeletionChoosingPolicyTemplate (ContainerDeletionChoosingPolicyTemplate.java:chooseContainerForBlockDeletion(83)) - Chosen 0/5000 blocks from 0 candidate containers.
2023-07-26 19:47:51,913 [BlockDeletingService#7] INFO  interfaces.ContainerDeletionChoosingPolicyTemplate (ContainerDeletionChoosingPolicyTemplate.java:chooseContainerForBlockDeletion(83)) - Chosen 0/5000 blocks from 0 candidate containers.
2023-07-26 19:47:51,915 [BlockDeletingService#5] INFO  interfaces.ContainerDeletionChoosingPolicyTemplate (ContainerDeletionChoosingPolicyTemplate.java:chooseContainerForBlockDeletion(83)) - Chosen 0/5000 blocks from 0 candidate containers.
2023-07-26 19:47:51,980 [FixedThreadPoolWithAffinityExecutor-8-0] WARN  container.ContainerReportHandler (AbstractContainerReportHandler.java:updateContainerState(260)) - Container #1 is in OPEN state, but the datanode c33e49d7-aab4-4e8b-84a2-e80ab64b386a(fv-az465-709/10.1.0.48) reports an CLOSED replica.
2023-07-26 19:47:52,014 [BlockDeletingService#7] INFO  interfaces.ContainerDeletionChoosingPolicyTemplate (ContainerDeletionChoosingPolicyTemplate.java:chooseContainerForBlockDeletion(83)) - Chosen 0/5000 blocks from 0 candidate containers.
2023-07-26 19:47:52,015 [BlockDeletingService#5] INFO  interfaces.ContainerDeletionChoosingPolicyTemplate (ContainerDeletionChoosingPolicyTemplate.java:chooseContainerForBlockDeletion(83)) - Chosen 0/5000 blocks from 0 candidate containers.
2023-07-26 19:47:52,114 [BlockDeletingService#7] INFO  interfaces.ContainerDeletionChoosingPolicyTemplate (ContainerDeletionChoosingPolicyTemplate.java:chooseContainerForBlockDeletion(83)) - Chosen 0/5000 blocks from 0 candidate containers.
2023-07-26 19:47:52,116 [BlockDeletingService#5] INFO  interfaces.ContainerDeletionChoosingPolicyTemplate (ContainerDeletionChoosingPolicyTemplate.java:chooseContainerForBlockDeletion(83)) - Chosen 0/5000 blocks from 0 candidate containers.
2023-07-26 19:47:52,180 [FixedThreadPoolWithAffinityExecutor-0-0] WARN  container.ContainerReportHandler (AbstractContainerReportHandler.java:updateContainerState(260)) - Container #1 is in OPEN state, but the datanode 4099cb2b-2e2e-4151-9db7-f99ade631412(fv-az465-709/10.1.0.48) reports an CLOSED replica.
2023-07-26 19:47:52,215 [BlockDeletingService#7] INFO  interfaces.ContainerDeletionChoosingPolicyTemplate (ContainerDeletionChoosingPolicyTemplate.java:chooseContainerForBlockDeletion(83)) - Chosen 0/5000 blocks from 0 candidate containers.
2023-07-26 19:47:52,216 [BlockDeletingService#5] INFO  interfaces.ContainerDeletionChoosingPolicyTemplate (ContainerDeletionChoosingPolicyTemplate.java:chooseContainerForBlockDeletion(83)) - Chosen 0/5000 blocks from 0 candidate containers.
2023-07-26 19:47:52,280 [FixedThreadPoolWithAffinityExecutor-8-0] WARN  container.ContainerReportHandler (AbstractContainerReportHandler.java:updateContainerState(260)) - Container #1 is in OPEN state, but the datanode c33e49d7-aab4-4e8b-84a2-e80ab64b386a(fv-az465-709/10.1.0.48) reports an CLOSED replica.
2023-07-26 19:47:52,315 [BlockDeletingService#7] INFO  interfaces.ContainerDeletionChoosingPolicyTemplate (ContainerDeletionChoosingPolicyTemplate.java:chooseContainerForBlockDeletion(83)) - Chosen 0/5000 blocks from 0 candidate containers.
2023-07-26 19:47:52,316 [BlockDeletingService#5] INFO  interfaces.ContainerDeletionChoosingPolicyTemplate (ContainerDeletionChoosingPolicyTemplate.java:chooseContainerForBlockDeletion(83)) - Chosen 0/5000 blocks from 0 candidate containers.
2023-07-26 19:47:52,415 [BlockDeletingService#7] INFO  interfaces.ContainerDeletionChoosingPolicyTemplate (ContainerDeletionChoosingPolicyTemplate.java:chooseContainerForBlockDeletion(83)) - Chosen 0/5000 blocks from 0 candidate containers.
2023-07-26 19:47:52,416 [BlockDeletingService#5] INFO  interfaces.ContainerDeletionChoosingPolicyTemplate (ContainerDeletionChoosingPolicyTemplate.java:chooseContainerForBlockDeletion(83)) - Chosen 0/5000 blocks from 0 candidate containers.
2023-07-26 19:47:52,480 [FixedThreadPoolWithAffinityExecutor-8-0] WARN  container.ContainerReportHandler (AbstractContainerReportHandler.java:updateContainerState(260)) - Container #1 is in OPEN state, but the datanode c33e49d7-aab4-4e8b-84a2-e80ab64b386a(fv-az465-709/10.1.0.48) reports an CLOSED replica.
2023-07-26 19:47:52,481 [FixedThreadPoolWithAffinityExecutor-0-0] WARN  container.ContainerReportHandler (AbstractContainerReportHandler.java:updateContainerState(260)) - Container #1 is in OPEN state, but the datanode 4099cb2b-2e2e-4151-9db7-f99ade631412(fv-az465-709/10.1.0.48) reports an CLOSED replica.
2023-07-26 19:47:52,516 [BlockDeletingService#7] INFO  interfaces.ContainerDeletionChoosingPolicyTemplate (ContainerDeletionChoosingPolicyTemplate.java:chooseContainerForBlockDeletion(83)) - Chosen 0/5000 blocks from 0 candidate containers.
2023-07-26 19:47:52,516 [BlockDeletingService#5] INFO  interfaces.ContainerDeletionChoosingPolicyTemplate (ContainerDeletionChoosingPolicyTemplate.java:chooseContainerForBlockDeletion(83)) - Chosen 0/5000 blocks from 0 candidate containers.
2023-07-26 19:47:52,616 [BlockDeletingService#7] INFO  interfaces.ContainerDeletionChoosingPolicyTemplate (ContainerDeletionChoosingPolicyTemplate.java:chooseContainerForBlockDeletion(83)) - Chosen 0/5000 blocks from 0 candidate containers.
2023-07-26 19:47:52,617 [BlockDeletingService#5] INFO  interfaces.ContainerDeletionChoosingPolicyTemplate (ContainerDeletionChoosingPolicyTemplate.java:chooseContainerForBlockDeletion(83)) - Chosen 0/5000 blocks from 0 candidate containers.
2023-07-26 19:47:52,680 [FixedThreadPoolWithAffinityExecutor-8-0] WARN  container.ContainerReportHandler (AbstractContainerReportHandler.java:updateContainerState(260)) - Container #1 is in OPEN state, but the datanode c33e49d7-aab4-4e8b-84a2-e80ab64b386a(fv-az465-709/10.1.0.48) reports an CLOSED replica.
2023-07-26 19:47:52,717 [BlockDeletingService#7] INFO  interfaces.ContainerDeletionChoosingPolicyTemplate (ContainerDeletionChoosingPolicyTemplate.java:chooseContainerForBlockDeletion(83)) - Chosen 0/5000 blocks from 0 candidate containers.
2023-07-26 19:47:52,717 [BlockDeletingService#5] INFO  interfaces.ContainerDeletionChoosingPolicyTemplate (ContainerDeletionChoosingPolicyTemplate.java:chooseContainerForBlockDeletion(83)) - Chosen 0/5000 blocks from 0 candidate containers.
2023-07-26 19:47:52,726 [grpc-default-executor-2] WARN  server.GrpcLogAppender (LogUtils.java:warn(122)) - 4099cb2b-2e2e-4151-9db7-f99ade631412@group-1C7129A268B6->cc71d3b4-cf6a-416c-96eb-6097e97a8fe1-AppendLogResponseHandler: Failed appendEntries: org.apache.ratis.thirdparty.io.grpc.StatusRuntimeException: UNAVAILABLE: io exception
2023-07-26 19:47:52,728 [grpc-default-executor-3] WARN  server.GrpcLogAppender (LogUtils.java:warn(122)) - 4099cb2b-2e2e-4151-9db7-f99ade631412@group-1C7129A268B6->cc71d3b4-cf6a-416c-96eb-6097e97a8fe1-AppendLogResponseHandler: Failed appendEntries: org.apache.ratis.thirdparty.io.grpc.StatusRuntimeException: UNAVAILABLE: io exception
2023-07-26 19:47:52,729 [grpc-default-executor-2] WARN  server.GrpcLogAppender (GrpcLogAppender.java:resetClient(128)) - 4099cb2b-2e2e-4151-9db7-f99ade631412@group-1C7129A268B6->cc71d3b4-cf6a-416c-96eb-6097e97a8fe1-GrpcLogAppender: Follower failed when matchIndex == 0,  keep nextIndex (6) unchanged and retry.
2023-07-26 19:47:52,730 [grpc-default-executor-3] WARN  server.GrpcLogAppender (GrpcLogAppender.java:resetClient(128)) - 4099cb2b-2e2e-4151-9db7-f99ade631412@group-1C7129A268B6->cc71d3b4-cf6a-416c-96eb-6097e97a8fe1-GrpcLogAppender: Follower failed when matchIndex == 0,  keep nextIndex (6) unchanged and retry.
2023-07-26 19:47:52,781 [FixedThreadPoolWithAffinityExecutor-0-0] WARN  container.ContainerReportHandler (AbstractContainerReportHandler.java:updateContainerState(260)) - Container #1 is in OPEN state, but the datanode 4099cb2b-2e2e-4151-9db7-f99ade631412(fv-az465-709/10.1.0.48) reports an CLOSED replica.
2023-07-26 19:47:52,817 [BlockDeletingService#7] INFO  interfaces.ContainerDeletionChoosingPolicyTemplate (ContainerDeletionChoosingPolicyTemplate.java:chooseContainerForBlockDeletion(83)) - Chosen 0/5000 blocks from 0 candidate containers.
2023-07-26 19:47:52,817 [BlockDeletingService#5] INFO  interfaces.ContainerDeletionChoosingPolicyTemplate (ContainerDeletionChoosingPolicyTemplate.java:chooseContainerForBlockDeletion(83)) - Chosen 0/5000 blocks from 0 candidate containers.
2023-07-26 19:47:52,881 [FixedThreadPoolWithAffinityExecutor-8-0] WARN  container.ContainerReportHandler (AbstractContainerReportHandler.java:updateContainerState(260)) - Container #1 is in OPEN state, but the datanode c33e49d7-aab4-4e8b-84a2-e80ab64b386a(fv-az465-709/10.1.0.48) reports an CLOSED replica.
2023-07-26 19:47:52,918 [BlockDeletingService#7] INFO  interfaces.ContainerDeletionChoosingPolicyTemplate (ContainerDeletionChoosingPolicyTemplate.java:chooseContainerForBlockDeletion(83)) - Chosen 0/5000 blocks from 0 candidate containers.
2023-07-26 19:47:52,918 [BlockDeletingService#5] INFO  interfaces.ContainerDeletionChoosingPolicyTemplate (ContainerDeletionChoosingPolicyTemplate.java:chooseContainerForBlockDeletion(83)) - Chosen 0/5000 blocks from 0 candidate containers.
2023-07-26 19:47:53,018 [BlockDeletingService#7] INFO  interfaces.ContainerDeletionChoosingPolicyTemplate (ContainerDeletionChoosingPolicyTemplate.java:chooseContainerForBlockDeletion(83)) - Chosen 0/5000 blocks from 0 candidate containers.
2023-07-26 19:47:53,018 [BlockDeletingService#5] INFO  interfaces.ContainerDeletionChoosingPolicyTemplate (ContainerDeletionChoosingPolicyTemplate.java:chooseContainerForBlockDeletion(83)) - Chosen 0/5000 blocks from 0 candidate containers.
2023-07-26 19:47:53,118 [BlockDeletingService#7] INFO  interfaces.ContainerDeletionChoosingPolicyTemplate (ContainerDeletionChoosingPolicyTemplate.java:chooseContainerForBlockDeletion(83)) - Chosen 0/5000 blocks from 0 candidate containers.
2023-07-26 19:47:53,118 [BlockDeletingService#5] INFO  interfaces.ContainerDeletionChoosingPolicyTemplate (ContainerDeletionChoosingPolicyTemplate.java:chooseContainerForBlockDeletion(83)) - Chosen 0/5000 blocks from 0 candidate containers.
2023-07-26 19:47:53,181 [FixedThreadPoolWithAffinityExecutor-0-0] WARN  container.ContainerReportHandler (AbstractContainerReportHandler.java:updateContainerState(260)) - Container #1 is in OPEN state, but the datanode 4099cb2b-2e2e-4151-9db7-f99ade631412(fv-az465-709/10.1.0.48) reports an CLOSED replica.
2023-07-26 19:47:53,186 [FixedThreadPoolWithAffinityExecutor-8-0] WARN  container.ContainerReportHandler (AbstractContainerReportHandler.java:updateContainerState(260)) - Container #1 is in OPEN state, but the datanode c33e49d7-aab4-4e8b-84a2-e80ab64b386a(fv-az465-709/10.1.0.48) reports an CLOSED replica.
2023-07-26 19:47:53,219 [BlockDeletingService#7] INFO  interfaces.ContainerDeletionChoosingPolicyTemplate (ContainerDeletionChoosingPolicyTemplate.java:chooseContainerForBlockDeletion(83)) - Chosen 0/5000 blocks from 0 candidate containers.
2023-07-26 19:47:53,219 [BlockDeletingService#5] INFO  interfaces.ContainerDeletionChoosingPolicyTemplate (ContainerDeletionChoosingPolicyTemplate.java:chooseContainerForBlockDeletion(83)) - Chosen 0/5000 blocks from 0 candidate containers.
2023-07-26 19:47:53,319 [BlockDeletingService#7] INFO  interfaces.ContainerDeletionChoosingPolicyTemplate (ContainerDeletionChoosingPolicyTemplate.java:chooseContainerForBlockDeletion(83)) - Chosen 0/5000 blocks from 0 candidate containers.
2023-07-26 19:47:53,319 [BlockDeletingService#5] INFO  interfaces.ContainerDeletionChoosingPolicyTemplate (ContainerDeletionChoosingPolicyTemplate.java:chooseContainerForBlockDeletion(83)) - Chosen 0/5000 blocks from 0 candidate containers.
2023-07-26 19:47:53,382 [FixedThreadPoolWithAffinityExecutor-8-0] WARN  container.ContainerReportHandler (AbstractContainerReportHandler.java:updateContainerState(260)) - Container #1 is in OPEN state, but the datanode c33e49d7-aab4-4e8b-84a2-e80ab64b386a(fv-az465-709/10.1.0.48) reports an CLOSED replica.
2023-07-26 19:47:53,419 [BlockDeletingService#7] INFO  interfaces.ContainerDeletionChoosingPolicyTemplate (ContainerDeletionChoosingPolicyTemplate.java:chooseContainerForBlockDeletion(83)) - Chosen 0/5000 blocks from 0 candidate containers.
2023-07-26 19:47:53,419 [BlockDeletingService#5] INFO  interfaces.ContainerDeletionChoosingPolicyTemplate (ContainerDeletionChoosingPolicyTemplate.java:chooseContainerForBlockDeletion(83)) - Chosen 0/5000 blocks from 0 candidate containers.
2023-07-26 19:47:53,482 [FixedThreadPoolWithAffinityExecutor-0-0] WARN  container.ContainerReportHandler (AbstractContainerReportHandler.java:updateContainerState(260)) - Container #1 is in OPEN state, but the datanode 4099cb2b-2e2e-4151-9db7-f99ade631412(fv-az465-709/10.1.0.48) reports an CLOSED replica.
2023-07-26 19:47:53,520 [BlockDeletingService#7] INFO  interfaces.ContainerDeletionChoosingPolicyTemplate (ContainerDeletionChoosingPolicyTemplate.java:chooseContainerForBlockDeletion(83)) - Chosen 0/5000 blocks from 0 candidate containers.
2023-07-26 19:47:53,520 [BlockDeletingService#5] INFO  interfaces.ContainerDeletionChoosingPolicyTemplate (ContainerDeletionChoosingPolicyTemplate.java:chooseContainerForBlockDeletion(83)) - Chosen 0/5000 blocks from 0 candidate containers.
2023-07-26 19:47:53,583 [FixedThreadPoolWithAffinityExecutor-8-0] WARN  container.ContainerReportHandler (AbstractContainerReportHandler.java:updateContainerState(260)) - Container #1 is in OPEN state, but the datanode c33e49d7-aab4-4e8b-84a2-e80ab64b386a(fv-az465-709/10.1.0.48) reports an CLOSED replica.
2023-07-26 19:47:53,620 [BlockDeletingService#7] INFO  interfaces.ContainerDeletionChoosingPolicyTemplate (ContainerDeletionChoosingPolicyTemplate.java:chooseContainerForBlockDeletion(83)) - Chosen 0/5000 blocks from 0 candidate containers.
2023-07-26 19:47:53,620 [BlockDeletingService#5] INFO  interfaces.ContainerDeletionChoosingPolicyTemplate (ContainerDeletionChoosingPolicyTemplate.java:chooseContainerForBlockDeletion(83)) - Chosen 0/5000 blocks from 0 candidate containers.
2023-07-26 19:47:53,721 [BlockDeletingService#7] INFO  interfaces.ContainerDeletionChoosingPolicyTemplate (ContainerDeletionChoosingPolicyTemplate.java:chooseContainerForBlockDeletion(83)) - Chosen 0/5000 blocks from 0 candidate containers.
2023-07-26 19:47:53,721 [BlockDeletingService#5] INFO  interfaces.ContainerDeletionChoosingPolicyTemplate (ContainerDeletionChoosingPolicyTemplate.java:chooseContainerForBlockDeletion(83)) - Chosen 0/5000 blocks from 0 candidate containers.
2023-07-26 19:47:53,821 [BlockDeletingService#7] INFO  interfaces.ContainerDeletionChoosingPolicyTemplate (ContainerDeletionChoosingPolicyTemplate.java:chooseContainerForBlockDeletion(83)) - Chosen 0/5000 blocks from 0 candidate containers.
2023-07-26 19:47:53,821 [BlockDeletingService#5] INFO  interfaces.ContainerDeletionChoosingPolicyTemplate (ContainerDeletionChoosingPolicyTemplate.java:chooseContainerForBlockDeletion(83)) - Chosen 0/5000 blocks from 0 candidate containers.
2023-07-26 19:47:53,883 [FixedThreadPoolWithAffinityExecutor-0-0] WARN  container.ContainerReportHandler (AbstractContainerReportHandler.java:updateContainerState(260)) - Container #1 is in OPEN state, but the datanode 4099cb2b-2e2e-4151-9db7-f99ade631412(fv-az465-709/10.1.0.48) reports an CLOSED replica.
2023-07-26 19:47:53,884 [FixedThreadPoolWithAffinityExecutor-8-0] WARN  container.ContainerReportHandler (AbstractContainerReportHandler.java:updateContainerState(260)) - Container #1 is in OPEN state, but the datanode c33e49d7-aab4-4e8b-84a2-e80ab64b386a(fv-az465-709/10.1.0.48) reports an CLOSED replica.
2023-07-26 19:47:53,921 [BlockDeletingService#7] INFO  interfaces.ContainerDeletionChoosingPolicyTemplate (ContainerDeletionChoosingPolicyTemplate.java:chooseContainerForBlockDeletion(83)) - Chosen 0/5000 blocks from 0 candidate containers.
2023-07-26 19:47:53,921 [BlockDeletingService#5] INFO  interfaces.ContainerDeletionChoosingPolicyTemplate (ContainerDeletionChoosingPolicyTemplate.java:chooseContainerForBlockDeletion(83)) - Chosen 0/5000 blocks from 0 candidate containers.
2023-07-26 19:47:53,976 [grpc-default-executor-2] WARN  server.GrpcLogAppender (LogUtils.java:warn(122)) - 4099cb2b-2e2e-4151-9db7-f99ade631412@group-1C7129A268B6->cc71d3b4-cf6a-416c-96eb-6097e97a8fe1-AppendLogResponseHandler: Failed appendEntries: org.apache.ratis.thirdparty.io.grpc.StatusRuntimeException: UNAVAILABLE: io exception
2023-07-26 19:47:53,976 [grpc-default-executor-3] WARN  server.GrpcLogAppender (LogUtils.java:warn(122)) - 4099cb2b-2e2e-4151-9db7-f99ade631412@group-1C7129A268B6->cc71d3b4-cf6a-416c-96eb-6097e97a8fe1-AppendLogResponseHandler: Failed appendEntries: org.apache.ratis.thirdparty.io.grpc.StatusRuntimeException: UNAVAILABLE: io exception
2023-07-26 19:47:53,978 [grpc-default-executor-2] WARN  server.GrpcLogAppender (GrpcLogAppender.java:resetClient(128)) - 4099cb2b-2e2e-4151-9db7-f99ade631412@group-1C7129A268B6->cc71d3b4-cf6a-416c-96eb-6097e97a8fe1-GrpcLogAppender: Follower failed when matchIndex == 0,  keep nextIndex (6) unchanged and retry.
2023-07-26 19:47:53,979 [grpc-default-executor-3] WARN  server.GrpcLogAppender (GrpcLogAppender.java:resetClient(128)) - 4099cb2b-2e2e-4151-9db7-f99ade631412@group-1C7129A268B6->cc71d3b4-cf6a-416c-96eb-6097e97a8fe1-GrpcLogAppender: Follower failed when matchIndex == 0,  keep nextIndex (6) unchanged and retry.
2023-07-26 19:47:54,022 [BlockDeletingService#7] INFO  interfaces.ContainerDeletionChoosingPolicyTemplate (ContainerDeletionChoosingPolicyTemplate.java:chooseContainerForBlockDeletion(83)) - Chosen 0/5000 blocks from 0 candidate containers.
2023-07-26 19:47:54,022 [BlockDeletingService#5] INFO  interfaces.ContainerDeletionChoosingPolicyTemplate (ContainerDeletionChoosingPolicyTemplate.java:chooseContainerForBlockDeletion(83)) - Chosen 0/5000 blocks from 0 candidate containers.
2023-07-26 19:47:54,083 [FixedThreadPoolWithAffinityExecutor-8-0] WARN  container.ContainerReportHandler (AbstractContainerReportHandler.java:updateContainerState(260)) - Container #1 is in OPEN state, but the datanode c33e49d7-aab4-4e8b-84a2-e80ab64b386a(fv-az465-709/10.1.0.48) reports an CLOSED replica.
2023-07-26 19:47:54,122 [BlockDeletingService#7] INFO  interfaces.ContainerDeletionChoosingPolicyTemplate (ContainerDeletionChoosingPolicyTemplate.java:chooseContainerForBlockDeletion(83)) - Chosen 0/5000 blocks from 0 candidate containers.
2023-07-26 19:47:54,122 [BlockDeletingService#5] INFO  interfaces.ContainerDeletionChoosingPolicyTemplate (ContainerDeletionChoosingPolicyTemplate.java:chooseContainerForBlockDeletion(83)) - Chosen 0/5000 blocks from 0 candidate containers.
2023-07-26 19:47:54,182 [FixedThreadPoolWithAffinityExecutor-0-0] WARN  container.ContainerReportHandler (AbstractContainerReportHandler.java:updateContainerState(260)) - Container #1 is in OPEN state, but the datanode 4099cb2b-2e2e-4151-9db7-f99ade631412(fv-az465-709/10.1.0.48) reports an CLOSED replica.
2023-07-26 19:47:54,223 [BlockDeletingService#7] INFO  interfaces.ContainerDeletionChoosingPolicyTemplate (ContainerDeletionChoosingPolicyTemplate.java:chooseContainerForBlockDeletion(83)) - Chosen 0/5000 blocks from 0 candidate containers.
2023-07-26 19:47:54,223 [BlockDeletingService#5] INFO  interfaces.ContainerDeletionChoosingPolicyTemplate (ContainerDeletionChoosingPolicyTemplate.java:chooseContainerForBlockDeletion(83)) - Chosen 0/5000 blocks from 0 candidate containers.
2023-07-26 19:47:54,285 [FixedThreadPoolWithAffinityExecutor-8-0] WARN  container.ContainerReportHandler (AbstractContainerReportHandler.java:updateContainerState(260)) - Container #1 is in OPEN state, but the datanode c33e49d7-aab4-4e8b-84a2-e80ab64b386a(fv-az465-709/10.1.0.48) reports an CLOSED replica.
2023-07-26 19:47:54,323 [BlockDeletingService#7] INFO  interfaces.ContainerDeletionChoosingPolicyTemplate (ContainerDeletionChoosingPolicyTemplate.java:chooseContainerForBlockDeletion(83)) - Chosen 0/5000 blocks from 0 candidate containers.
2023-07-26 19:47:54,323 [BlockDeletingService#5] INFO  interfaces.ContainerDeletionChoosingPolicyTemplate (ContainerDeletionChoosingPolicyTemplate.java:chooseContainerForBlockDeletion(83)) - Chosen 0/5000 blocks from 0 candidate containers.
2023-07-26 19:47:54,423 [BlockDeletingService#7] INFO  interfaces.ContainerDeletionChoosingPolicyTemplate (ContainerDeletionChoosingPolicyTemplate.java:chooseContainerForBlockDeletion(83)) - Chosen 0/5000 blocks from 0 candidate containers.
2023-07-26 19:47:54,423 [BlockDeletingService#5] INFO  interfaces.ContainerDeletionChoosingPolicyTemplate (ContainerDeletionChoosingPolicyTemplate.java:chooseContainerForBlockDeletion(83)) - Chosen 0/5000 blocks from 0 candidate containers.
2023-07-26 19:47:54,524 [BlockDeletingService#7] INFO  interfaces.ContainerDeletionChoosingPolicyTemplate (ContainerDeletionChoosingPolicyTemplate.java:chooseContainerForBlockDeletion(83)) - Chosen 0/5000 blocks from 0 candidate containers.
2023-07-26 19:47:54,524 [BlockDeletingService#5] INFO  interfaces.ContainerDeletionChoosingPolicyTemplate (ContainerDeletionChoosingPolicyTemplate.java:chooseContainerForBlockDeletion(83)) - Chosen 0/5000 blocks from 0 candidate containers.
2023-07-26 19:47:54,582 [FixedThreadPoolWithAffinityExecutor-0-0] WARN  container.ContainerReportHandler (AbstractContainerReportHandler.java:updateContainerState(260)) - Container #1 is in OPEN state, but the datanode 4099cb2b-2e2e-4151-9db7-f99ade631412(fv-az465-709/10.1.0.48) reports an CLOSED replica.
2023-07-26 19:47:54,583 [FixedThreadPoolWithAffinityExecutor-8-0] WARN  container.ContainerReportHandler (AbstractContainerReportHandler.java:updateContainerState(260)) - Container #1 is in OPEN state, but the datanode c33e49d7-aab4-4e8b-84a2-e80ab64b386a(fv-az465-709/10.1.0.48) reports an CLOSED replica.
2023-07-26 19:47:54,624 [BlockDeletingService#7] INFO  interfaces.ContainerDeletionChoosingPolicyTemplate (ContainerDeletionChoosingPolicyTemplate.java:chooseContainerForBlockDeletion(83)) - Chosen 0/5000 blocks from 0 candidate containers.
2023-07-26 19:47:54,624 [BlockDeletingService#5] INFO  interfaces.ContainerDeletionChoosingPolicyTemplate (ContainerDeletionChoosingPolicyTemplate.java:chooseContainerForBlockDeletion(83)) - Chosen 0/5000 blocks from 0 candidate containers.
2023-07-26 19:47:54,725 [BlockDeletingService#7] INFO  interfaces.ContainerDeletionChoosingPolicyTemplate (ContainerDeletionChoosingPolicyTemplate.java:chooseContainerForBlockDeletion(83)) - Chosen 0/5000 blocks from 0 candidate containers.
2023-07-26 19:47:54,725 [BlockDeletingService#5] INFO  interfaces.ContainerDeletionChoosingPolicyTemplate (ContainerDeletionChoosingPolicyTemplate.java:chooseContainerForBlockDeletion(83)) - Chosen 0/5000 blocks from 0 candidate containers.
2023-07-26 19:47:54,784 [FixedThreadPoolWithAffinityExecutor-8-0] WARN  container.ContainerReportHandler (AbstractContainerReportHandler.java:updateContainerState(260)) - Container #1 is in OPEN state, but the datanode c33e49d7-aab4-4e8b-84a2-e80ab64b386a(fv-az465-709/10.1.0.48) reports an CLOSED replica.
2023-07-26 19:47:54,825 [BlockDeletingService#7] INFO  interfaces.ContainerDeletionChoosingPolicyTemplate (ContainerDeletionChoosingPolicyTemplate.java:chooseContainerForBlockDeletion(83)) - Chosen 0/5000 blocks from 0 candidate containers.
2023-07-26 19:47:54,825 [BlockDeletingService#5] INFO  interfaces.ContainerDeletionChoosingPolicyTemplate (ContainerDeletionChoosingPolicyTemplate.java:chooseContainerForBlockDeletion(83)) - Chosen 0/5000 blocks from 0 candidate containers.
2023-07-26 19:47:54,883 [FixedThreadPoolWithAffinityExecutor-0-0] WARN  container.ContainerReportHandler (AbstractContainerReportHandler.java:updateContainerState(260)) - Container #1 is in OPEN state, but the datanode 4099cb2b-2e2e-4151-9db7-f99ade631412(fv-az465-709/10.1.0.48) reports an CLOSED replica.
2023-07-26 19:47:54,925 [BlockDeletingService#7] INFO  interfaces.ContainerDeletionChoosingPolicyTemplate (ContainerDeletionChoosingPolicyTemplate.java:chooseContainerForBlockDeletion(83)) - Chosen 0/5000 blocks from 0 candidate containers.
2023-07-26 19:47:54,926 [BlockDeletingService#5] INFO  interfaces.ContainerDeletionChoosingPolicyTemplate (ContainerDeletionChoosingPolicyTemplate.java:chooseContainerForBlockDeletion(83)) - Chosen 0/5000 blocks from 0 candidate containers.
2023-07-26 19:47:54,984 [FixedThreadPoolWithAffinityExecutor-8-0] WARN  container.ContainerReportHandler (AbstractContainerReportHandler.java:updateContainerState(260)) - Container #1 is in OPEN state, but the datanode c33e49d7-aab4-4e8b-84a2-e80ab64b386a(fv-az465-709/10.1.0.48) reports an CLOSED replica.
2023-07-26 19:47:55,026 [BlockDeletingService#7] INFO  interfaces.ContainerDeletionChoosingPolicyTemplate (ContainerDeletionChoosingPolicyTemplate.java:chooseContainerForBlockDeletion(83)) - Chosen 0/5000 blocks from 0 candidate containers.
2023-07-26 19:47:55,026 [BlockDeletingService#5] INFO  interfaces.ContainerDeletionChoosingPolicyTemplate (ContainerDeletionChoosingPolicyTemplate.java:chooseContainerForBlockDeletion(83)) - Chosen 0/5000 blocks from 0 candidate containers.
2023-07-26 19:47:55,126 [BlockDeletingService#7] INFO  interfaces.ContainerDeletionChoosingPolicyTemplate (ContainerDeletionChoosingPolicyTemplate.java:chooseContainerForBlockDeletion(83)) - Chosen 0/5000 blocks from 0 candidate containers.
2023-07-26 19:47:55,126 [BlockDeletingService#5] INFO  interfaces.ContainerDeletionChoosingPolicyTemplate (ContainerDeletionChoosingPolicyTemplate.java:chooseContainerForBlockDeletion(83)) - Chosen 0/5000 blocks from 0 candidate containers.
2023-07-26 19:47:55,183 [FixedThreadPoolWithAffinityExecutor-0-0] WARN  container.ContainerReportHandler (AbstractContainerReportHandler.java:updateContainerState(260)) - Container #1 is in OPEN state, but the datanode 4099cb2b-2e2e-4151-9db7-f99ade631412(fv-az465-709/10.1.0.48) reports an CLOSED replica.
2023-07-26 19:47:55,227 [BlockDeletingService#7] INFO  interfaces.ContainerDeletionChoosingPolicyTemplate (ContainerDeletionChoosingPolicyTemplate.java:chooseContainerForBlockDeletion(83)) - Chosen 0/5000 blocks from 0 candidate containers.
2023-07-26 19:47:55,227 [BlockDeletingService#5] INFO  interfaces.ContainerDeletionChoosingPolicyTemplate (ContainerDeletionChoosingPolicyTemplate.java:chooseContainerForBlockDeletion(83)) - Chosen 0/5000 blocks from 0 candidate containers.
2023-07-26 19:47:55,227 [grpc-default-executor-2] WARN  server.GrpcLogAppender (LogUtils.java:warn(122)) - 4099cb2b-2e2e-4151-9db7-f99ade631412@group-1C7129A268B6->cc71d3b4-cf6a-416c-96eb-6097e97a8fe1-AppendLogResponseHandler: Failed appendEntries: org.apache.ratis.thirdparty.io.grpc.StatusRuntimeException: UNAVAILABLE: io exception
2023-07-26 19:47:55,229 [grpc-default-executor-2] WARN  server.GrpcLogAppender (GrpcLogAppender.java:resetClient(128)) - 4099cb2b-2e2e-4151-9db7-f99ade631412@group-1C7129A268B6->cc71d3b4-cf6a-416c-96eb-6097e97a8fe1-GrpcLogAppender: Follower failed when matchIndex == 0,  keep nextIndex (6) unchanged and retry.
2023-07-26 19:47:55,229 [grpc-default-executor-3] WARN  server.GrpcLogAppender (LogUtils.java:warn(122)) - 4099cb2b-2e2e-4151-9db7-f99ade631412@group-1C7129A268B6->cc71d3b4-cf6a-416c-96eb-6097e97a8fe1-AppendLogResponseHandler: Failed appendEntries: org.apache.ratis.thirdparty.io.grpc.StatusRuntimeException: UNAVAILABLE: io exception
2023-07-26 19:47:55,230 [grpc-default-executor-3] WARN  server.GrpcLogAppender (GrpcLogAppender.java:resetClient(128)) - 4099cb2b-2e2e-4151-9db7-f99ade631412@group-1C7129A268B6->cc71d3b4-cf6a-416c-96eb-6097e97a8fe1-GrpcLogAppender: Follower failed when matchIndex == 0,  keep nextIndex (6) unchanged and retry.
2023-07-26 19:47:55,285 [FixedThreadPoolWithAffinityExecutor-8-0] WARN  container.ContainerReportHandler (AbstractContainerReportHandler.java:updateContainerState(260)) - Container #1 is in OPEN state, but the datanode c33e49d7-aab4-4e8b-84a2-e80ab64b386a(fv-az465-709/10.1.0.48) reports an CLOSED replica.
2023-07-26 19:47:55,327 [BlockDeletingService#7] INFO  interfaces.ContainerDeletionChoosingPolicyTemplate (ContainerDeletionChoosingPolicyTemplate.java:chooseContainerForBlockDeletion(83)) - Chosen 0/5000 blocks from 0 candidate containers.
2023-07-26 19:47:55,327 [BlockDeletingService#5] INFO  interfaces.ContainerDeletionChoosingPolicyTemplate (ContainerDeletionChoosingPolicyTemplate.java:chooseContainerForBlockDeletion(83)) - Chosen 0/5000 blocks from 0 candidate containers.
2023-07-26 19:47:55,428 [BlockDeletingService#7] INFO  interfaces.ContainerDeletionChoosingPolicyTemplate (ContainerDeletionChoosingPolicyTemplate.java:chooseContainerForBlockDeletion(83)) - Chosen 0/5000 blocks from 0 candidate containers.
2023-07-26 19:47:55,428 [BlockDeletingService#5] INFO  interfaces.ContainerDeletionChoosingPolicyTemplate (ContainerDeletionChoosingPolicyTemplate.java:chooseContainerForBlockDeletion(83)) - Chosen 0/5000 blocks from 0 candidate containers.
2023-07-26 19:47:55,484 [FixedThreadPoolWithAffinityExecutor-8-0] WARN  container.ContainerReportHandler (AbstractContainerReportHandler.java:updateContainerState(260)) - Container #1 is in OPEN state, but the datanode c33e49d7-aab4-4e8b-84a2-e80ab64b386a(fv-az465-709/10.1.0.48) reports an CLOSED replica.
2023-07-26 19:47:55,528 [BlockDeletingService#7] INFO  interfaces.ContainerDeletionChoosingPolicyTemplate (ContainerDeletionChoosingPolicyTemplate.java:chooseContainerForBlockDeletion(83)) - Chosen 0/5000 blocks from 0 candidate containers.
2023-07-26 19:47:55,528 [BlockDeletingService#5] INFO  interfaces.ContainerDeletionChoosingPolicyTemplate (ContainerDeletionChoosingPolicyTemplate.java:chooseContainerForBlockDeletion(83)) - Chosen 0/5000 blocks from 0 candidate containers.
2023-07-26 19:47:55,584 [FixedThreadPoolWithAffinityExecutor-0-0] WARN  container.ContainerReportHandler (AbstractContainerReportHandler.java:updateContainerState(260)) - Container #1 is in OPEN state, but the datanode 4099cb2b-2e2e-4151-9db7-f99ade631412(fv-az465-709/10.1.0.48) reports an CLOSED replica.
2023-07-26 19:47:55,629 [BlockDeletingService#7] INFO  interfaces.ContainerDeletionChoosingPolicyTemplate (ContainerDeletionChoosingPolicyTemplate.java:chooseContainerForBlockDeletion(83)) - Chosen 0/5000 blocks from 0 candidate containers.
2023-07-26 19:47:55,629 [BlockDeletingService#5] INFO  interfaces.ContainerDeletionChoosingPolicyTemplate (ContainerDeletionChoosingPolicyTemplate.java:chooseContainerForBlockDeletion(83)) - Chosen 0/5000 blocks from 0 candidate containers.
2023-07-26 19:47:55,690 [FixedThreadPoolWithAffinityExecutor-8-0] WARN  container.ContainerReportHandler (AbstractContainerReportHandler.java:updateContainerState(260)) - Container #1 is in OPEN state, but the datanode c33e49d7-aab4-4e8b-84a2-e80ab64b386a(fv-az465-709/10.1.0.48) reports an CLOSED replica.
2023-07-26 19:47:55,729 [BlockDeletingService#7] INFO  interfaces.ContainerDeletionChoosingPolicyTemplate (ContainerDeletionChoosingPolicyTemplate.java:chooseContainerForBlockDeletion(83)) - Chosen 0/5000 blocks from 0 candidate containers.
2023-07-26 19:47:55,729 [BlockDeletingService#5] INFO  interfaces.ContainerDeletionChoosingPolicyTemplate (ContainerDeletionChoosingPolicyTemplate.java:chooseContainerForBlockDeletion(83)) - Chosen 0/5000 blocks from 0 candidate containers.
2023-07-26 19:47:55,829 [BlockDeletingService#7] INFO  interfaces.ContainerDeletionChoosingPolicyTemplate (ContainerDeletionChoosingPolicyTemplate.java:chooseContainerForBlockDeletion(83)) - Chosen 0/5000 blocks from 0 candidate containers.
2023-07-26 19:47:55,829 [BlockDeletingService#5] INFO  interfaces.ContainerDeletionChoosingPolicyTemplate (ContainerDeletionChoosingPolicyTemplate.java:chooseContainerForBlockDeletion(83)) - Chosen 0/5000 blocks from 0 candidate containers.
2023-07-26 19:47:55,885 [FixedThreadPoolWithAffinityExecutor-0-0] WARN  container.ContainerReportHandler (AbstractContainerReportHandler.java:updateContainerState(260)) - Container #1 is in OPEN state, but the datanode 4099cb2b-2e2e-4151-9db7-f99ade631412(fv-az465-709/10.1.0.48) reports an CLOSED replica.
2023-07-26 19:47:55,890 [FixedThreadPoolWithAffinityExecutor-8-0] WARN  container.ContainerReportHandler (AbstractContainerReportHandler.java:updateContainerState(260)) - Container #1 is in OPEN state, but the datanode c33e49d7-aab4-4e8b-84a2-e80ab64b386a(fv-az465-709/10.1.0.48) reports an CLOSED replica.
2023-07-26 19:47:55,930 [BlockDeletingService#7] INFO  interfaces.ContainerDeletionChoosingPolicyTemplate (ContainerDeletionChoosingPolicyTemplate.java:chooseContainerForBlockDeletion(83)) - Chosen 0/5000 blocks from 0 candidate containers.
2023-07-26 19:47:55,930 [BlockDeletingService#5] INFO  interfaces.ContainerDeletionChoosingPolicyTemplate (ContainerDeletionChoosingPolicyTemplate.java:chooseContainerForBlockDeletion(83)) - Chosen 0/5000 blocks from 0 candidate containers.
2023-07-26 19:47:56,030 [BlockDeletingService#7] INFO  interfaces.ContainerDeletionChoosingPolicyTemplate (ContainerDeletionChoosingPolicyTemplate.java:chooseContainerForBlockDeletion(83)) - Chosen 0/5000 blocks from 0 candidate containers.
2023-07-26 19:47:56,030 [BlockDeletingService#5] INFO  interfaces.ContainerDeletionChoosingPolicyTemplate (ContainerDeletionChoosingPolicyTemplate.java:chooseContainerForBlockDeletion(83)) - Chosen 0/5000 blocks from 0 candidate containers.
2023-07-26 19:47:56,130 [BlockDeletingService#7] INFO  interfaces.ContainerDeletionChoosingPolicyTemplate (ContainerDeletionChoosingPolicyTemplate.java:chooseContainerForBlockDeletion(83)) - Chosen 0/5000 blocks from 0 candidate containers.
2023-07-26 19:47:56,130 [BlockDeletingService#5] INFO  interfaces.ContainerDeletionChoosingPolicyTemplate (ContainerDeletionChoosingPolicyTemplate.java:chooseContainerForBlockDeletion(83)) - Chosen 0/5000 blocks from 0 candidate containers.
2023-07-26 19:47:56,190 [FixedThreadPoolWithAffinityExecutor-8-0] WARN  container.ContainerReportHandler (AbstractContainerReportHandler.java:updateContainerState(260)) - Container #1 is in OPEN state, but the datanode c33e49d7-aab4-4e8b-84a2-e80ab64b386a(fv-az465-709/10.1.0.48) reports an CLOSED replica.
2023-07-26 19:47:56,231 [BlockDeletingService#7] INFO  interfaces.ContainerDeletionChoosingPolicyTemplate (ContainerDeletionChoosingPolicyTemplate.java:chooseContainerForBlockDeletion(83)) - Chosen 0/5000 blocks from 0 candidate containers.
2023-07-26 19:47:56,231 [BlockDeletingService#5] INFO  interfaces.ContainerDeletionChoosingPolicyTemplate (ContainerDeletionChoosingPolicyTemplate.java:chooseContainerForBlockDeletion(83)) - Chosen 0/5000 blocks from 0 candidate containers.
2023-07-26 19:47:56,285 [FixedThreadPoolWithAffinityExecutor-0-0] WARN  container.ContainerReportHandler (AbstractContainerReportHandler.java:updateContainerState(260)) - Container #1 is in OPEN state, but the datanode 4099cb2b-2e2e-4151-9db7-f99ade631412(fv-az465-709/10.1.0.48) reports an CLOSED replica.
2023-07-26 19:47:56,331 [BlockDeletingService#5] INFO  interfaces.ContainerDeletionChoosingPolicyTemplate (ContainerDeletionChoosingPolicyTemplate.java:chooseContainerForBlockDeletion(83)) - Chosen 0/5000 blocks from 0 candidate containers.
2023-07-26 19:47:56,332 [BlockDeletingService#7] INFO  interfaces.ContainerDeletionChoosingPolicyTemplate (ContainerDeletionChoosingPolicyTemplate.java:chooseContainerForBlockDeletion(83)) - Chosen 0/5000 blocks from 0 candidate containers.
2023-07-26 19:47:56,392 [FixedThreadPoolWithAffinityExecutor-8-0] WARN  container.ContainerReportHandler (AbstractContainerReportHandler.java:updateContainerState(260)) - Container #1 is in OPEN state, but the datanode c33e49d7-aab4-4e8b-84a2-e80ab64b386a(fv-az465-709/10.1.0.48) reports an CLOSED replica.
2023-07-26 19:47:56,432 [BlockDeletingService#5] INFO  interfaces.ContainerDeletionChoosingPolicyTemplate (ContainerDeletionChoosingPolicyTemplate.java:chooseContainerForBlockDeletion(83)) - Chosen 0/5000 blocks from 0 candidate containers.
2023-07-26 19:47:56,433 [BlockDeletingService#7] INFO  interfaces.ContainerDeletionChoosingPolicyTemplate (ContainerDeletionChoosingPolicyTemplate.java:chooseContainerForBlockDeletion(83)) - Chosen 0/5000 blocks from 0 candidate containers.
2023-07-26 19:47:56,478 [grpc-default-executor-3] WARN  server.GrpcLogAppender (LogUtils.java:warn(122)) - 4099cb2b-2e2e-4151-9db7-f99ade631412@group-1C7129A268B6->cc71d3b4-cf6a-416c-96eb-6097e97a8fe1-AppendLogResponseHandler: Failed appendEntries: org.apache.ratis.thirdparty.io.grpc.StatusRuntimeException: UNAVAILABLE: io exception
2023-07-26 19:47:56,478 [grpc-default-executor-2] WARN  server.GrpcLogAppender (LogUtils.java:warn(122)) - 4099cb2b-2e2e-4151-9db7-f99ade631412@group-1C7129A268B6->cc71d3b4-cf6a-416c-96eb-6097e97a8fe1-AppendLogResponseHandler: Failed appendEntries: org.apache.ratis.thirdparty.io.grpc.StatusRuntimeException: UNAVAILABLE: io exception
2023-07-26 19:47:56,479 [grpc-default-executor-3] WARN  server.GrpcLogAppender (GrpcLogAppender.java:resetClient(128)) - 4099cb2b-2e2e-4151-9db7-f99ade631412@group-1C7129A268B6->cc71d3b4-cf6a-416c-96eb-6097e97a8fe1-GrpcLogAppender: Follower failed when matchIndex == 0,  keep nextIndex (6) unchanged and retry.
2023-07-26 19:47:56,479 [grpc-default-executor-2] WARN  server.GrpcLogAppender (GrpcLogAppender.java:resetClient(128)) - 4099cb2b-2e2e-4151-9db7-f99ade631412@group-1C7129A268B6->cc71d3b4-cf6a-416c-96eb-6097e97a8fe1-GrpcLogAppender: Follower failed when matchIndex == 0,  keep nextIndex (6) unchanged and retry.
2023-07-26 19:47:56,532 [BlockDeletingService#5] INFO  interfaces.ContainerDeletionChoosingPolicyTemplate (ContainerDeletionChoosingPolicyTemplate.java:chooseContainerForBlockDeletion(83)) - Chosen 0/5000 blocks from 0 candidate containers.
2023-07-26 19:47:56,533 [BlockDeletingService#7] INFO  interfaces.ContainerDeletionChoosingPolicyTemplate (ContainerDeletionChoosingPolicyTemplate.java:chooseContainerForBlockDeletion(83)) - Chosen 0/5000 blocks from 0 candidate containers.
2023-07-26 19:47:56,587 [FixedThreadPoolWithAffinityExecutor-0-0] WARN  container.ContainerReportHandler (AbstractContainerReportHandler.java:updateContainerState(260)) - Container #1 is in OPEN state, but the datanode 4099cb2b-2e2e-4151-9db7-f99ade631412(fv-az465-709/10.1.0.48) reports an CLOSED replica.
2023-07-26 19:47:56,591 [FixedThreadPoolWithAffinityExecutor-8-0] WARN  container.ContainerReportHandler (AbstractContainerReportHandler.java:updateContainerState(260)) - Container #1 is in OPEN state, but the datanode c33e49d7-aab4-4e8b-84a2-e80ab64b386a(fv-az465-709/10.1.0.48) reports an CLOSED replica.
2023-07-26 19:47:56,632 [BlockDeletingService#5] INFO  interfaces.ContainerDeletionChoosingPolicyTemplate (ContainerDeletionChoosingPolicyTemplate.java:chooseContainerForBlockDeletion(83)) - Chosen 0/5000 blocks from 0 candidate containers.
2023-07-26 19:47:56,634 [BlockDeletingService#7] INFO  interfaces.ContainerDeletionChoosingPolicyTemplate (ContainerDeletionChoosingPolicyTemplate.java:chooseContainerForBlockDeletion(83)) - Chosen 0/5000 blocks from 0 candidate containers.
2023-07-26 19:47:56,733 [BlockDeletingService#5] INFO  interfaces.ContainerDeletionChoosingPolicyTemplate (ContainerDeletionChoosingPolicyTemplate.java:chooseContainerForBlockDeletion(83)) - Chosen 0/5000 blocks from 0 candidate containers.
2023-07-26 19:47:56,734 [BlockDeletingService#7] INFO  interfaces.ContainerDeletionChoosingPolicyTemplate (ContainerDeletionChoosingPolicyTemplate.java:chooseContainerForBlockDeletion(83)) - Chosen 0/5000 blocks from 0 candidate containers.
2023-07-26 19:47:56,833 [BlockDeletingService#5] INFO  interfaces.ContainerDeletionChoosingPolicyTemplate (ContainerDeletionChoosingPolicyTemplate.java:chooseContainerForBlockDeletion(83)) - Chosen 0/5000 blocks from 0 candidate containers.
2023-07-26 19:47:56,834 [BlockDeletingService#7] INFO  interfaces.ContainerDeletionChoosingPolicyTemplate (ContainerDeletionChoosingPolicyTemplate.java:chooseContainerForBlockDeletion(83)) - Chosen 0/5000 blocks from 0 candidate containers.
2023-07-26 19:47:56,885 [FixedThreadPoolWithAffinityExecutor-0-0] WARN  container.ContainerReportHandler (AbstractContainerReportHandler.java:updateContainerState(260)) - Container #1 is in OPEN state, but the datanode 4099cb2b-2e2e-4151-9db7-f99ade631412(fv-az465-709/10.1.0.48) reports an CLOSED replica.
2023-07-26 19:47:56,890 [FixedThreadPoolWithAffinityExecutor-8-0] WARN  container.ContainerReportHandler (AbstractContainerReportHandler.java:updateContainerState(260)) - Container #1 is in OPEN state, but the datanode c33e49d7-aab4-4e8b-84a2-e80ab64b386a(fv-az465-709/10.1.0.48) reports an CLOSED replica.
2023-07-26 19:47:56,934 [BlockDeletingService#5] INFO  interfaces.ContainerDeletionChoosingPolicyTemplate (ContainerDeletionChoosingPolicyTemplate.java:chooseContainerForBlockDeletion(83)) - Chosen 0/5000 blocks from 0 candidate containers.
2023-07-26 19:47:56,934 [BlockDeletingService#7] INFO  interfaces.ContainerDeletionChoosingPolicyTemplate (ContainerDeletionChoosingPolicyTemplate.java:chooseContainerForBlockDeletion(83)) - Chosen 0/5000 blocks from 0 candidate containers.
2023-07-26 19:47:57,034 [BlockDeletingService#5] INFO  interfaces.ContainerDeletionChoosingPolicyTemplate (ContainerDeletionChoosingPolicyTemplate.java:chooseContainerForBlockDeletion(83)) - Chosen 0/5000 blocks from 0 candidate containers.
2023-07-26 19:47:57,034 [BlockDeletingService#7] INFO  interfaces.ContainerDeletionChoosingPolicyTemplate (ContainerDeletionChoosingPolicyTemplate.java:chooseContainerForBlockDeletion(83)) - Chosen 0/5000 blocks from 0 candidate containers.
2023-07-26 19:47:57,090 [FixedThreadPoolWithAffinityExecutor-8-0] WARN  container.ContainerReportHandler (AbstractContainerReportHandler.java:updateContainerState(260)) - Container #1 is in OPEN state, but the datanode c33e49d7-aab4-4e8b-84a2-e80ab64b386a(fv-az465-709/10.1.0.48) reports an CLOSED replica.
2023-07-26 19:47:57,135 [BlockDeletingService#5] INFO  interfaces.ContainerDeletionChoosingPolicyTemplate (ContainerDeletionChoosingPolicyTemplate.java:chooseContainerForBlockDeletion(83)) - Chosen 0/5000 blocks from 0 candidate containers.
2023-07-26 19:47:57,135 [BlockDeletingService#7] INFO  interfaces.ContainerDeletionChoosingPolicyTemplate (ContainerDeletionChoosingPolicyTemplate.java:chooseContainerForBlockDeletion(83)) - Chosen 0/5000 blocks from 0 candidate containers.
2023-07-26 19:47:57,235 [BlockDeletingService#5] INFO  interfaces.ContainerDeletionChoosingPolicyTemplate (ContainerDeletionChoosingPolicyTemplate.java:chooseContainerForBlockDeletion(83)) - Chosen 0/5000 blocks from 0 candidate containers.
2023-07-26 19:47:57,235 [BlockDeletingService#7] INFO  interfaces.ContainerDeletionChoosingPolicyTemplate (ContainerDeletionChoosingPolicyTemplate.java:chooseContainerForBlockDeletion(83)) - Chosen 0/5000 blocks from 0 candidate containers.
2023-07-26 19:47:57,287 [FixedThreadPoolWithAffinityExecutor-0-0] WARN  container.ContainerReportHandler (AbstractContainerReportHandler.java:updateContainerState(260)) - Container #1 is in OPEN state, but the datanode 4099cb2b-2e2e-4151-9db7-f99ade631412(fv-az465-709/10.1.0.48) reports an CLOSED replica.
2023-07-26 19:47:57,290 [FixedThreadPoolWithAffinityExecutor-8-0] WARN  container.ContainerReportHandler (AbstractContainerReportHandler.java:updateContainerState(260)) - Container #1 is in OPEN state, but the datanode c33e49d7-aab4-4e8b-84a2-e80ab64b386a(fv-az465-709/10.1.0.48) reports an CLOSED replica.
2023-07-26 19:47:57,335 [BlockDeletingService#5] INFO  interfaces.ContainerDeletionChoosingPolicyTemplate (ContainerDeletionChoosingPolicyTemplate.java:chooseContainerForBlockDeletion(83)) - Chosen 0/5000 blocks from 0 candidate containers.
2023-07-26 19:47:57,335 [BlockDeletingService#7] INFO  interfaces.ContainerDeletionChoosingPolicyTemplate (ContainerDeletionChoosingPolicyTemplate.java:chooseContainerForBlockDeletion(83)) - Chosen 0/5000 blocks from 0 candidate containers.
2023-07-26 19:47:57,436 [BlockDeletingService#5] INFO  interfaces.ContainerDeletionChoosingPolicyTemplate (ContainerDeletionChoosingPolicyTemplate.java:chooseContainerForBlockDeletion(83)) - Chosen 0/5000 blocks from 0 candidate containers.
2023-07-26 19:47:57,436 [BlockDeletingService#7] INFO  interfaces.ContainerDeletionChoosingPolicyTemplate (ContainerDeletionChoosingPolicyTemplate.java:chooseContainerForBlockDeletion(83)) - Chosen 0/5000 blocks from 0 candidate containers.
2023-07-26 19:47:57,536 [BlockDeletingService#5] INFO  interfaces.ContainerDeletionChoosingPolicyTemplate (ContainerDeletionChoosingPolicyTemplate.java:chooseContainerForBlockDeletion(83)) - Chosen 0/5000 blocks from 0 candidate containers.
2023-07-26 19:47:57,536 [BlockDeletingService#7] INFO  interfaces.ContainerDeletionChoosingPolicyTemplate (ContainerDeletionChoosingPolicyTemplate.java:chooseContainerForBlockDeletion(83)) - Chosen 0/5000 blocks from 0 candidate containers.
2023-07-26 19:47:57,587 [FixedThreadPoolWithAffinityExecutor-0-0] WARN  container.ContainerReportHandler (AbstractContainerReportHandler.java:updateContainerState(260)) - Container #1 is in OPEN state, but the datanode 4099cb2b-2e2e-4151-9db7-f99ade631412(fv-az465-709/10.1.0.48) reports an CLOSED replica.
2023-07-26 19:47:57,590 [FixedThreadPoolWithAffinityExecutor-8-0] WARN  container.ContainerReportHandler (AbstractContainerReportHandler.java:updateContainerState(260)) - Container #1 is in OPEN state, but the datanode c33e49d7-aab4-4e8b-84a2-e80ab64b386a(fv-az465-709/10.1.0.48) reports an CLOSED replica.
2023-07-26 19:47:57,637 [BlockDeletingService#5] INFO  interfaces.ContainerDeletionChoosingPolicyTemplate (ContainerDeletionChoosingPolicyTemplate.java:chooseContainerForBlockDeletion(83)) - Chosen 0/5000 blocks from 0 candidate containers.
2023-07-26 19:47:57,637 [BlockDeletingService#7] INFO  interfaces.ContainerDeletionChoosingPolicyTemplate (ContainerDeletionChoosingPolicyTemplate.java:chooseContainerForBlockDeletion(83)) - Chosen 0/5000 blocks from 0 candidate containers.
2023-07-26 19:47:57,729 [grpc-default-executor-2] WARN  server.GrpcLogAppender (LogUtils.java:warn(122)) - 4099cb2b-2e2e-4151-9db7-f99ade631412@group-1C7129A268B6->cc71d3b4-cf6a-416c-96eb-6097e97a8fe1-AppendLogResponseHandler: Failed appendEntries: org.apache.ratis.thirdparty.io.grpc.StatusRuntimeException: UNAVAILABLE: io exception
2023-07-26 19:47:57,729 [grpc-default-executor-3] WARN  server.GrpcLogAppender (LogUtils.java:warn(122)) - 4099cb2b-2e2e-4151-9db7-f99ade631412@group-1C7129A268B6->cc71d3b4-cf6a-416c-96eb-6097e97a8fe1-AppendLogResponseHandler: Failed appendEntries: org.apache.ratis.thirdparty.io.grpc.StatusRuntimeException: UNAVAILABLE: io exception
2023-07-26 19:47:57,730 [grpc-default-executor-2] WARN  server.GrpcLogAppender (GrpcLogAppender.java:resetClient(128)) - 4099cb2b-2e2e-4151-9db7-f99ade631412@group-1C7129A268B6->cc71d3b4-cf6a-416c-96eb-6097e97a8fe1-GrpcLogAppender: Follower failed when matchIndex == 0,  keep nextIndex (6) unchanged and retry.
2023-07-26 19:47:57,731 [grpc-default-executor-3] WARN  server.GrpcLogAppender (GrpcLogAppender.java:resetClient(128)) - 4099cb2b-2e2e-4151-9db7-f99ade631412@group-1C7129A268B6->cc71d3b4-cf6a-416c-96eb-6097e97a8fe1-GrpcLogAppender: Follower failed when matchIndex == 0,  keep nextIndex (6) unchanged and retry.
2023-07-26 19:47:57,737 [BlockDeletingService#5] INFO  interfaces.ContainerDeletionChoosingPolicyTemplate (ContainerDeletionChoosingPolicyTemplate.java:chooseContainerForBlockDeletion(83)) - Chosen 0/5000 blocks from 0 candidate containers.
2023-07-26 19:47:57,737 [BlockDeletingService#7] INFO  interfaces.ContainerDeletionChoosingPolicyTemplate (ContainerDeletionChoosingPolicyTemplate.java:chooseContainerForBlockDeletion(83)) - Chosen 0/5000 blocks from 0 candidate containers.
2023-07-26 19:47:57,790 [FixedThreadPoolWithAffinityExecutor-8-0] WARN  container.ContainerReportHandler (AbstractContainerReportHandler.java:updateContainerState(260)) - Container #1 is in OPEN state, but the datanode c33e49d7-aab4-4e8b-84a2-e80ab64b386a(fv-az465-709/10.1.0.48) reports an CLOSED replica.
2023-07-26 19:47:57,837 [BlockDeletingService#5] INFO  interfaces.ContainerDeletionChoosingPolicyTemplate (ContainerDeletionChoosingPolicyTemplate.java:chooseContainerForBlockDeletion(83)) - Chosen 0/5000 blocks from 0 candidate containers.
2023-07-26 19:47:57,838 [BlockDeletingService#7] INFO  interfaces.ContainerDeletionChoosingPolicyTemplate (ContainerDeletionChoosingPolicyTemplate.java:chooseContainerForBlockDeletion(83)) - Chosen 0/5000 blocks from 0 candidate containers.
2023-07-26 19:47:57,937 [BlockDeletingService#5] INFO  interfaces.ContainerDeletionChoosingPolicyTemplate (ContainerDeletionChoosingPolicyTemplate.java:chooseContainerForBlockDeletion(83)) - Chosen 0/5000 blocks from 0 candidate containers.
2023-07-26 19:47:57,938 [BlockDeletingService#7] INFO  interfaces.ContainerDeletionChoosingPolicyTemplate (ContainerDeletionChoosingPolicyTemplate.java:chooseContainerForBlockDeletion(83)) - Chosen 0/5000 blocks from 0 candidate containers.
2023-07-26 19:47:57,994 [FixedThreadPoolWithAffinityExecutor-0-0] WARN  container.ContainerReportHandler (AbstractContainerReportHandler.java:updateContainerState(260)) - Container #1 is in OPEN state, but the datanode 4099cb2b-2e2e-4151-9db7-f99ade631412(fv-az465-709/10.1.0.48) reports an CLOSED replica.
2023-07-26 19:47:57,994 [FixedThreadPoolWithAffinityExecutor-8-0] WARN  container.ContainerReportHandler (AbstractContainerReportHandler.java:updateContainerState(260)) - Container #1 is in OPEN state, but the datanode c33e49d7-aab4-4e8b-84a2-e80ab64b386a(fv-az465-709/10.1.0.48) reports an CLOSED replica.
2023-07-26 19:47:58,038 [BlockDeletingService#5] INFO  interfaces.ContainerDeletionChoosingPolicyTemplate (ContainerDeletionChoosingPolicyTemplate.java:chooseContainerForBlockDeletion(83)) - Chosen 0/5000 blocks from 0 candidate containers.
2023-07-26 19:47:58,038 [BlockDeletingService#7] INFO  interfaces.ContainerDeletionChoosingPolicyTemplate (ContainerDeletionChoosingPolicyTemplate.java:chooseContainerForBlockDeletion(83)) - Chosen 0/5000 blocks from 0 candidate containers.
2023-07-26 19:47:58,138 [BlockDeletingService#5] INFO  interfaces.ContainerDeletionChoosingPolicyTemplate (ContainerDeletionChoosingPolicyTemplate.java:chooseContainerForBlockDeletion(83)) - Chosen 0/5000 blocks from 0 candidate containers.
2023-07-26 19:47:58,138 [BlockDeletingService#7] INFO  interfaces.ContainerDeletionChoosingPolicyTemplate (ContainerDeletionChoosingPolicyTemplate.java:chooseContainerForBlockDeletion(83)) - Chosen 0/5000 blocks from 0 candidate containers.
2023-07-26 19:47:58,194 [FixedThreadPoolWithAffinityExecutor-8-0] WARN  container.ContainerReportHandler (AbstractContainerReportHandler.java:updateContainerState(260)) - Container #1 is in OPEN state, but the datanode c33e49d7-aab4-4e8b-84a2-e80ab64b386a(fv-az465-709/10.1.0.48) reports an CLOSED replica.
2023-07-26 19:47:58,239 [BlockDeletingService#5] INFO  interfaces.ContainerDeletionChoosingPolicyTemplate (ContainerDeletionChoosingPolicyTemplate.java:chooseContainerForBlockDeletion(83)) - Chosen 0/5000 blocks from 0 candidate containers.
2023-07-26 19:47:58,239 [BlockDeletingService#7] INFO  interfaces.ContainerDeletionChoosingPolicyTemplate (ContainerDeletionChoosingPolicyTemplate.java:chooseContainerForBlockDeletion(83)) - Chosen 0/5000 blocks from 0 candidate containers.
2023-07-26 19:47:58,289 [FixedThreadPoolWithAffinityExecutor-0-0] WARN  container.ContainerReportHandler (AbstractContainerReportHandler.java:updateContainerState(260)) - Container #1 is in OPEN state, but the datanode 4099cb2b-2e2e-4151-9db7-f99ade631412(fv-az465-709/10.1.0.48) reports an CLOSED replica.
2023-07-26 19:47:58,339 [BlockDeletingService#5] INFO  interfaces.ContainerDeletionChoosingPolicyTemplate (ContainerDeletionChoosingPolicyTemplate.java:chooseContainerForBlockDeletion(83)) - Chosen 0/5000 blocks from 0 candidate containers.
2023-07-26 19:47:58,341 [BlockDeletingService#7] INFO  interfaces.ContainerDeletionChoosingPolicyTemplate (ContainerDeletionChoosingPolicyTemplate.java:chooseContainerForBlockDeletion(83)) - Chosen 0/5000 blocks from 0 candidate containers.
2023-07-26 19:47:58,439 [BlockDeletingService#5] INFO  interfaces.ContainerDeletionChoosingPolicyTemplate (ContainerDeletionChoosingPolicyTemplate.java:chooseContainerForBlockDeletion(83)) - Chosen 0/5000 blocks from 0 candidate containers.
2023-07-26 19:47:58,441 [BlockDeletingService#7] INFO  interfaces.ContainerDeletionChoosingPolicyTemplate (ContainerDeletionChoosingPolicyTemplate.java:chooseContainerForBlockDeletion(83)) - Chosen 0/5000 blocks from 0 candidate containers.
2023-07-26 19:47:58,494 [FixedThreadPoolWithAffinityExecutor-8-0] WARN  container.ContainerReportHandler (AbstractContainerReportHandler.java:updateContainerState(260)) - Container #1 is in OPEN state, but the datanode c33e49d7-aab4-4e8b-84a2-e80ab64b386a(fv-az465-709/10.1.0.48) reports an CLOSED replica.
2023-07-26 19:47:58,540 [BlockDeletingService#5] INFO  interfaces.ContainerDeletionChoosingPolicyTemplate (ContainerDeletionChoosingPolicyTemplate.java:chooseContainerForBlockDeletion(83)) - Chosen 0/5000 blocks from 0 candidate containers.
2023-07-26 19:47:58,541 [BlockDeletingService#7] INFO  interfaces.ContainerDeletionChoosingPolicyTemplate (ContainerDeletionChoosingPolicyTemplate.java:chooseContainerForBlockDeletion(83)) - Chosen 0/5000 blocks from 0 candidate containers.
2023-07-26 19:47:58,640 [BlockDeletingService#5] INFO  interfaces.ContainerDeletionChoosingPolicyTemplate (ContainerDeletionChoosingPolicyTemplate.java:chooseContainerForBlockDeletion(83)) - Chosen 0/5000 blocks from 0 candidate containers.
2023-07-26 19:47:58,642 [BlockDeletingService#7] INFO  interfaces.ContainerDeletionChoosingPolicyTemplate (ContainerDeletionChoosingPolicyTemplate.java:chooseContainerForBlockDeletion(83)) - Chosen 0/5000 blocks from 0 candidate containers.
2023-07-26 19:47:58,689 [FixedThreadPoolWithAffinityExecutor-0-0] WARN  container.ContainerReportHandler (AbstractContainerReportHandler.java:updateContainerState(260)) - Container #1 is in OPEN state, but the datanode 4099cb2b-2e2e-4151-9db7-f99ade631412(fv-az465-709/10.1.0.48) reports an CLOSED replica.
2023-07-26 19:47:58,694 [FixedThreadPoolWithAffinityExecutor-8-0] WARN  container.ContainerReportHandler (AbstractContainerReportHandler.java:updateContainerState(260)) - Container #1 is in OPEN state, but the datanode c33e49d7-aab4-4e8b-84a2-e80ab64b386a(fv-az465-709/10.1.0.48) reports an CLOSED replica.
2023-07-26 19:47:58,741 [BlockDeletingService#5] INFO  interfaces.ContainerDeletionChoosingPolicyTemplate (ContainerDeletionChoosingPolicyTemplate.java:chooseContainerForBlockDeletion(83)) - Chosen 0/5000 blocks from 0 candidate containers.
2023-07-26 19:47:58,742 [BlockDeletingService#7] INFO  interfaces.ContainerDeletionChoosingPolicyTemplate (ContainerDeletionChoosingPolicyTemplate.java:chooseContainerForBlockDeletion(83)) - Chosen 0/5000 blocks from 0 candidate containers.
2023-07-26 19:47:58,841 [BlockDeletingService#5] INFO  interfaces.ContainerDeletionChoosingPolicyTemplate (ContainerDeletionChoosingPolicyTemplate.java:chooseContainerForBlockDeletion(83)) - Chosen 0/5000 blocks from 0 candidate containers.
2023-07-26 19:47:58,842 [BlockDeletingService#7] INFO  interfaces.ContainerDeletionChoosingPolicyTemplate (ContainerDeletionChoosingPolicyTemplate.java:chooseContainerForBlockDeletion(83)) - Chosen 0/5000 blocks from 0 candidate containers.
2023-07-26 19:47:58,894 [FixedThreadPoolWithAffinityExecutor-8-0] WARN  container.ContainerReportHandler (AbstractContainerReportHandler.java:updateContainerState(260)) - Container #1 is in OPEN state, but the datanode c33e49d7-aab4-4e8b-84a2-e80ab64b386a(fv-az465-709/10.1.0.48) reports an CLOSED replica.
2023-07-26 19:47:58,941 [BlockDeletingService#5] INFO  interfaces.ContainerDeletionChoosingPolicyTemplate (ContainerDeletionChoosingPolicyTemplate.java:chooseContainerForBlockDeletion(83)) - Chosen 0/5000 blocks from 0 candidate containers.
2023-07-26 19:47:58,942 [BlockDeletingService#7] INFO  interfaces.ContainerDeletionChoosingPolicyTemplate (ContainerDeletionChoosingPolicyTemplate.java:chooseContainerForBlockDeletion(83)) - Chosen 0/5000 blocks from 0 candidate containers.
2023-07-26 19:47:58,980 [grpc-default-executor-3] WARN  server.GrpcLogAppender (LogUtils.java:warn(122)) - 4099cb2b-2e2e-4151-9db7-f99ade631412@group-1C7129A268B6->cc71d3b4-cf6a-416c-96eb-6097e97a8fe1-AppendLogResponseHandler: Failed appendEntries: org.apache.ratis.thirdparty.io.grpc.StatusRuntimeException: UNAVAILABLE: io exception
2023-07-26 19:47:58,980 [grpc-default-executor-2] WARN  server.GrpcLogAppender (LogUtils.java:warn(122)) - 4099cb2b-2e2e-4151-9db7-f99ade631412@group-1C7129A268B6->cc71d3b4-cf6a-416c-96eb-6097e97a8fe1-AppendLogResponseHandler: Failed appendEntries: org.apache.ratis.thirdparty.io.grpc.StatusRuntimeException: UNAVAILABLE: io exception
2023-07-26 19:47:58,981 [grpc-default-executor-3] WARN  server.GrpcLogAppender (GrpcLogAppender.java:resetClient(128)) - 4099cb2b-2e2e-4151-9db7-f99ade631412@group-1C7129A268B6->cc71d3b4-cf6a-416c-96eb-6097e97a8fe1-GrpcLogAppender: Follower failed when matchIndex == 0,  keep nextIndex (6) unchanged and retry.
2023-07-26 19:47:58,982 [grpc-default-executor-2] WARN  server.GrpcLogAppender (GrpcLogAppender.java:resetClient(128)) - 4099cb2b-2e2e-4151-9db7-f99ade631412@group-1C7129A268B6->cc71d3b4-cf6a-416c-96eb-6097e97a8fe1-GrpcLogAppender: Follower failed when matchIndex == 0,  keep nextIndex (6) unchanged and retry.
2023-07-26 19:47:58,989 [FixedThreadPoolWithAffinityExecutor-0-0] WARN  container.ContainerReportHandler (AbstractContainerReportHandler.java:updateContainerState(260)) - Container #1 is in OPEN state, but the datanode 4099cb2b-2e2e-4151-9db7-f99ade631412(fv-az465-709/10.1.0.48) reports an CLOSED replica.
2023-07-26 19:47:59,044 [BlockDeletingService#7] INFO  interfaces.ContainerDeletionChoosingPolicyTemplate (ContainerDeletionChoosingPolicyTemplate.java:chooseContainerForBlockDeletion(83)) - Chosen 0/5000 blocks from 0 candidate containers.
2023-07-26 19:47:59,044 [BlockDeletingService#5] INFO  interfaces.ContainerDeletionChoosingPolicyTemplate (ContainerDeletionChoosingPolicyTemplate.java:chooseContainerForBlockDeletion(83)) - Chosen 0/5000 blocks from 0 candidate containers.
2023-07-26 19:47:59,144 [BlockDeletingService#7] INFO  interfaces.ContainerDeletionChoosingPolicyTemplate (ContainerDeletionChoosingPolicyTemplate.java:chooseContainerForBlockDeletion(83)) - Chosen 0/5000 blocks from 0 candidate containers.
2023-07-26 19:47:59,144 [BlockDeletingService#5] INFO  interfaces.ContainerDeletionChoosingPolicyTemplate (ContainerDeletionChoosingPolicyTemplate.java:chooseContainerForBlockDeletion(83)) - Chosen 0/5000 blocks from 0 candidate containers.
2023-07-26 19:47:59,195 [FixedThreadPoolWithAffinityExecutor-8-0] WARN  container.ContainerReportHandler (AbstractContainerReportHandler.java:updateContainerState(260)) - Container #1 is in OPEN state, but the datanode c33e49d7-aab4-4e8b-84a2-e80ab64b386a(fv-az465-709/10.1.0.48) reports an CLOSED replica.
2023-07-26 19:47:59,244 [BlockDeletingService#7] INFO  interfaces.ContainerDeletionChoosingPolicyTemplate (ContainerDeletionChoosingPolicyTemplate.java:chooseContainerForBlockDeletion(83)) - Chosen 0/5000 blocks from 0 candidate containers.
2023-07-26 19:47:59,245 [BlockDeletingService#5] INFO  interfaces.ContainerDeletionChoosingPolicyTemplate (ContainerDeletionChoosingPolicyTemplate.java:chooseContainerForBlockDeletion(83)) - Chosen 0/5000 blocks from 0 candidate containers.
2023-07-26 19:47:59,295 [FixedThreadPoolWithAffinityExecutor-0-0] WARN  container.ContainerReportHandler (AbstractContainerReportHandler.java:updateContainerState(260)) - Container #1 is in OPEN state, but the datanode 4099cb2b-2e2e-4151-9db7-f99ade631412(fv-az465-709/10.1.0.48) reports an CLOSED replica.
2023-07-26 19:47:59,345 [BlockDeletingService#7] INFO  interfaces.ContainerDeletionChoosingPolicyTemplate (ContainerDeletionChoosingPolicyTemplate.java:chooseContainerForBlockDeletion(83)) - Chosen 0/5000 blocks from 0 candidate containers.
2023-07-26 19:47:59,347 [BlockDeletingService#5] INFO  interfaces.ContainerDeletionChoosingPolicyTemplate (ContainerDeletionChoosingPolicyTemplate.java:chooseContainerForBlockDeletion(83)) - Chosen 0/5000 blocks from 0 candidate containers.
2023-07-26 19:47:59,397 [FixedThreadPoolWithAffinityExecutor-8-0] WARN  container.ContainerReportHandler (AbstractContainerReportHandler.java:updateContainerState(260)) - Container #1 is in OPEN state, but the datanode c33e49d7-aab4-4e8b-84a2-e80ab64b386a(fv-az465-709/10.1.0.48) reports an CLOSED replica.
2023-07-26 19:47:59,445 [BlockDeletingService#7] INFO  interfaces.ContainerDeletionChoosingPolicyTemplate (ContainerDeletionChoosingPolicyTemplate.java:chooseContainerForBlockDeletion(83)) - Chosen 0/5000 blocks from 0 candidate containers.
2023-07-26 19:47:59,447 [BlockDeletingService#5] INFO  interfaces.ContainerDeletionChoosingPolicyTemplate (ContainerDeletionChoosingPolicyTemplate.java:chooseContainerForBlockDeletion(83)) - Chosen 0/5000 blocks from 0 candidate containers.
2023-07-26 19:47:59,546 [BlockDeletingService#7] INFO  interfaces.ContainerDeletionChoosingPolicyTemplate (ContainerDeletionChoosingPolicyTemplate.java:chooseContainerForBlockDeletion(83)) - Chosen 0/5000 blocks from 0 candidate containers.
2023-07-26 19:47:59,547 [BlockDeletingService#5] INFO  interfaces.ContainerDeletionChoosingPolicyTemplate (ContainerDeletionChoosingPolicyTemplate.java:chooseContainerForBlockDeletion(83)) - Chosen 0/5000 blocks from 0 candidate containers.
2023-07-26 19:47:59,595 [FixedThreadPoolWithAffinityExecutor-8-0] WARN  container.ContainerReportHandler (AbstractContainerReportHandler.java:updateContainerState(260)) - Container #1 is in OPEN state, but the datanode c33e49d7-aab4-4e8b-84a2-e80ab64b386a(fv-az465-709/10.1.0.48) reports an CLOSED replica.
2023-07-26 19:47:59,646 [BlockDeletingService#7] INFO  interfaces.ContainerDeletionChoosingPolicyTemplate (ContainerDeletionChoosingPolicyTemplate.java:chooseContainerForBlockDeletion(83)) - Chosen 0/5000 blocks from 0 candidate containers.
2023-07-26 19:47:59,648 [BlockDeletingService#5] INFO  interfaces.ContainerDeletionChoosingPolicyTemplate (ContainerDeletionChoosingPolicyTemplate.java:chooseContainerForBlockDeletion(83)) - Chosen 0/5000 blocks from 0 candidate containers.
2023-07-26 19:47:59,691 [FixedThreadPoolWithAffinityExecutor-0-0] WARN  container.ContainerReportHandler (AbstractContainerReportHandler.java:updateContainerState(260)) - Container #1 is in OPEN state, but the datanode 4099cb2b-2e2e-4151-9db7-f99ade631412(fv-az465-709/10.1.0.48) reports an CLOSED replica.
2023-07-26 19:47:59,746 [BlockDeletingService#7] INFO  interfaces.ContainerDeletionChoosingPolicyTemplate (ContainerDeletionChoosingPolicyTemplate.java:chooseContainerForBlockDeletion(83)) - Chosen 0/5000 blocks from 0 candidate containers.
2023-07-26 19:47:59,748 [BlockDeletingService#5] INFO  interfaces.ContainerDeletionChoosingPolicyTemplate (ContainerDeletionChoosingPolicyTemplate.java:chooseContainerForBlockDeletion(83)) - Chosen 0/5000 blocks from 0 candidate containers.
2023-07-26 19:47:59,847 [BlockDeletingService#7] INFO  interfaces.ContainerDeletionChoosingPolicyTemplate (ContainerDeletionChoosingPolicyTemplate.java:chooseContainerForBlockDeletion(83)) - Chosen 0/5000 blocks from 0 candidate containers.
2023-07-26 19:47:59,848 [BlockDeletingService#5] INFO  interfaces.ContainerDeletionChoosingPolicyTemplate (ContainerDeletionChoosingPolicyTemplate.java:chooseContainerForBlockDeletion(83)) - Chosen 0/5000 blocks from 0 candidate containers.
2023-07-26 19:47:59,897 [FixedThreadPoolWithAffinityExecutor-8-0] WARN  container.ContainerReportHandler (AbstractContainerReportHandler.java:updateContainerState(260)) - Container #1 is in OPEN state, but the datanode c33e49d7-aab4-4e8b-84a2-e80ab64b386a(fv-az465-709/10.1.0.48) reports an CLOSED replica.
2023-07-26 19:47:59,947 [BlockDeletingService#7] INFO  interfaces.ContainerDeletionChoosingPolicyTemplate (ContainerDeletionChoosingPolicyTemplate.java:chooseContainerForBlockDeletion(83)) - Chosen 0/5000 blocks from 0 candidate containers.
2023-07-26 19:47:59,948 [BlockDeletingService#5] INFO  interfaces.ContainerDeletionChoosingPolicyTemplate (ContainerDeletionChoosingPolicyTemplate.java:chooseContainerForBlockDeletion(83)) - Chosen 0/5000 blocks from 0 candidate containers.
2023-07-26 19:47:59,991 [FixedThreadPoolWithAffinityExecutor-0-0] WARN  container.ContainerReportHandler (AbstractContainerReportHandler.java:updateContainerState(260)) - Container #1 is in OPEN state, but the datanode 4099cb2b-2e2e-4151-9db7-f99ade631412(fv-az465-709/10.1.0.48) reports an CLOSED replica.
2023-07-26 19:48:00,047 [BlockDeletingService#7] INFO  interfaces.ContainerDeletionChoosingPolicyTemplate (ContainerDeletionChoosingPolicyTemplate.java:chooseContainerForBlockDeletion(83)) - Chosen 0/5000 blocks from 0 candidate containers.
2023-07-26 19:48:00,048 [BlockDeletingService#5] INFO  interfaces.ContainerDeletionChoosingPolicyTemplate (ContainerDeletionChoosingPolicyTemplate.java:chooseContainerForBlockDeletion(83)) - Chosen 0/5000 blocks from 0 candidate containers.
2023-07-26 19:48:00,098 [FixedThreadPoolWithAffinityExecutor-8-0] WARN  container.ContainerReportHandler (AbstractContainerReportHandler.java:updateContainerState(260)) - Container #1 is in OPEN state, but the datanode c33e49d7-aab4-4e8b-84a2-e80ab64b386a(fv-az465-709/10.1.0.48) reports an CLOSED replica.
2023-07-26 19:48:00,148 [BlockDeletingService#7] INFO  interfaces.ContainerDeletionChoosingPolicyTemplate (ContainerDeletionChoosingPolicyTemplate.java:chooseContainerForBlockDeletion(83)) - Chosen 0/5000 blocks from 0 candidate containers.
2023-07-26 19:48:00,149 [BlockDeletingService#5] INFO  interfaces.ContainerDeletionChoosingPolicyTemplate (ContainerDeletionChoosingPolicyTemplate.java:chooseContainerForBlockDeletion(83)) - Chosen 0/5000 blocks from 0 candidate containers.
2023-07-26 19:48:00,230 [grpc-default-executor-2] WARN  server.GrpcLogAppender (LogUtils.java:warn(122)) - 4099cb2b-2e2e-4151-9db7-f99ade631412@group-1C7129A268B6->cc71d3b4-cf6a-416c-96eb-6097e97a8fe1-AppendLogResponseHandler: Failed appendEntries: org.apache.ratis.thirdparty.io.grpc.StatusRuntimeException: UNAVAILABLE: io exception
2023-07-26 19:48:00,230 [grpc-default-executor-3] WARN  server.GrpcLogAppender (LogUtils.java:warn(122)) - 4099cb2b-2e2e-4151-9db7-f99ade631412@group-1C7129A268B6->cc71d3b4-cf6a-416c-96eb-6097e97a8fe1-AppendLogResponseHandler: Failed appendEntries: org.apache.ratis.thirdparty.io.grpc.StatusRuntimeException: UNAVAILABLE: io exception
2023-07-26 19:48:00,231 [grpc-default-executor-2] WARN  server.GrpcLogAppender (GrpcLogAppender.java:resetClient(128)) - 4099cb2b-2e2e-4151-9db7-f99ade631412@group-1C7129A268B6->cc71d3b4-cf6a-416c-96eb-6097e97a8fe1-GrpcLogAppender: Follower failed when matchIndex == 0,  keep nextIndex (6) unchanged and retry.
2023-07-26 19:48:00,232 [grpc-default-executor-3] WARN  server.GrpcLogAppender (GrpcLogAppender.java:resetClient(128)) - 4099cb2b-2e2e-4151-9db7-f99ade631412@group-1C7129A268B6->cc71d3b4-cf6a-416c-96eb-6097e97a8fe1-GrpcLogAppender: Follower failed when matchIndex == 0,  keep nextIndex (6) unchanged and retry.
2023-07-26 19:48:00,248 [BlockDeletingService#7] INFO  interfaces.ContainerDeletionChoosingPolicyTemplate (ContainerDeletionChoosingPolicyTemplate.java:chooseContainerForBlockDeletion(83)) - Chosen 0/5000 blocks from 0 candidate containers.
2023-07-26 19:48:00,249 [BlockDeletingService#5] INFO  interfaces.ContainerDeletionChoosingPolicyTemplate (ContainerDeletionChoosingPolicyTemplate.java:chooseContainerForBlockDeletion(83)) - Chosen 0/5000 blocks from 0 candidate containers.
2023-07-26 19:48:00,298 [FixedThreadPoolWithAffinityExecutor-8-0] WARN  container.ContainerReportHandler (AbstractContainerReportHandler.java:updateContainerState(260)) - Container #1 is in OPEN state, but the datanode c33e49d7-aab4-4e8b-84a2-e80ab64b386a(fv-az465-709/10.1.0.48) reports an CLOSED replica.
2023-07-26 19:48:00,349 [BlockDeletingService#7] INFO  interfaces.ContainerDeletionChoosingPolicyTemplate (ContainerDeletionChoosingPolicyTemplate.java:chooseContainerForBlockDeletion(83)) - Chosen 0/5000 blocks from 0 candidate containers.
2023-07-26 19:48:00,349 [BlockDeletingService#5] INFO  interfaces.ContainerDeletionChoosingPolicyTemplate (ContainerDeletionChoosingPolicyTemplate.java:chooseContainerForBlockDeletion(83)) - Chosen 0/5000 blocks from 0 candidate containers.
2023-07-26 19:48:00,392 [FixedThreadPoolWithAffinityExecutor-0-0] WARN  container.ContainerReportHandler (AbstractContainerReportHandler.java:updateContainerState(260)) - Container #1 is in OPEN state, but the datanode 4099cb2b-2e2e-4151-9db7-f99ade631412(fv-az465-709/10.1.0.48) reports an CLOSED replica.
2023-07-26 19:48:00,449 [BlockDeletingService#7] INFO  interfaces.ContainerDeletionChoosingPolicyTemplate (ContainerDeletionChoosingPolicyTemplate.java:chooseContainerForBlockDeletion(83)) - Chosen 0/5000 blocks from 0 candidate containers.
2023-07-26 19:48:00,449 [BlockDeletingService#5] INFO  interfaces.ContainerDeletionChoosingPolicyTemplate (ContainerDeletionChoosingPolicyTemplate.java:chooseContainerForBlockDeletion(83)) - Chosen 0/5000 blocks from 0 candidate containers.
2023-07-26 19:48:00,549 [BlockDeletingService#7] INFO  interfaces.ContainerDeletionChoosingPolicyTemplate (ContainerDeletionChoosingPolicyTemplate.java:chooseContainerForBlockDeletion(83)) - Chosen 0/5000 blocks from 0 candidate containers.
2023-07-26 19:48:00,550 [BlockDeletingService#5] INFO  interfaces.ContainerDeletionChoosingPolicyTemplate (ContainerDeletionChoosingPolicyTemplate.java:chooseContainerForBlockDeletion(83)) - Chosen 0/5000 blocks from 0 candidate containers.
2023-07-26 19:48:00,598 [FixedThreadPoolWithAffinityExecutor-8-0] WARN  container.ContainerReportHandler (AbstractContainerReportHandler.java:updateContainerState(260)) - Container #1 is in OPEN state, but the datanode c33e49d7-aab4-4e8b-84a2-e80ab64b386a(fv-az465-709/10.1.0.48) reports an CLOSED replica.
2023-07-26 19:48:00,650 [BlockDeletingService#7] INFO  interfaces.ContainerDeletionChoosingPolicyTemplate (ContainerDeletionChoosingPolicyTemplate.java:chooseContainerForBlockDeletion(83)) - Chosen 0/5000 blocks from 0 candidate containers.
2023-07-26 19:48:00,650 [BlockDeletingService#5] INFO  interfaces.ContainerDeletionChoosingPolicyTemplate (ContainerDeletionChoosingPolicyTemplate.java:chooseContainerForBlockDeletion(83)) - Chosen 0/5000 blocks from 0 candidate containers.
2023-07-26 19:48:00,692 [FixedThreadPoolWithAffinityExecutor-0-0] WARN  container.ContainerReportHandler (AbstractContainerReportHandler.java:updateContainerState(260)) - Container #1 is in OPEN state, but the datanode 4099cb2b-2e2e-4151-9db7-f99ade631412(fv-az465-709/10.1.0.48) reports an CLOSED replica.
2023-07-26 19:48:00,750 [BlockDeletingService#7] INFO  interfaces.ContainerDeletionChoosingPolicyTemplate (ContainerDeletionChoosingPolicyTemplate.java:chooseContainerForBlockDeletion(83)) - Chosen 0/5000 blocks from 0 candidate containers.
2023-07-26 19:48:00,750 [BlockDeletingService#5] INFO  interfaces.ContainerDeletionChoosingPolicyTemplate (ContainerDeletionChoosingPolicyTemplate.java:chooseContainerForBlockDeletion(83)) - Chosen 0/5000 blocks from 0 candidate containers.
2023-07-26 19:48:00,804 [FixedThreadPoolWithAffinityExecutor-8-0] WARN  container.ContainerReportHandler (AbstractContainerReportHandler.java:updateContainerState(260)) - Container #1 is in OPEN state, but the datanode c33e49d7-aab4-4e8b-84a2-e80ab64b386a(fv-az465-709/10.1.0.48) reports an CLOSED replica.
2023-07-26 19:48:00,851 [BlockDeletingService#7] INFO  interfaces.ContainerDeletionChoosingPolicyTemplate (ContainerDeletionChoosingPolicyTemplate.java:chooseContainerForBlockDeletion(83)) - Chosen 0/5000 blocks from 0 candidate containers.
2023-07-26 19:48:00,851 [BlockDeletingService#5] INFO  interfaces.ContainerDeletionChoosingPolicyTemplate (ContainerDeletionChoosingPolicyTemplate.java:chooseContainerForBlockDeletion(83)) - Chosen 0/5000 blocks from 0 candidate containers.
2023-07-26 19:48:00,951 [BlockDeletingService#7] INFO  interfaces.ContainerDeletionChoosingPolicyTemplate (ContainerDeletionChoosingPolicyTemplate.java:chooseContainerForBlockDeletion(83)) - Chosen 0/5000 blocks from 0 candidate containers.
2023-07-26 19:48:00,951 [BlockDeletingService#5] INFO  interfaces.ContainerDeletionChoosingPolicyTemplate (ContainerDeletionChoosingPolicyTemplate.java:chooseContainerForBlockDeletion(83)) - Chosen 0/5000 blocks from 0 candidate containers.
2023-07-26 19:48:00,994 [FixedThreadPoolWithAffinityExecutor-0-0] WARN  container.ContainerReportHandler (AbstractContainerReportHandler.java:updateContainerState(260)) - Container #1 is in OPEN state, but the datanode 4099cb2b-2e2e-4151-9db7-f99ade631412(fv-az465-709/10.1.0.48) reports an CLOSED replica.
2023-07-26 19:48:00,998 [FixedThreadPoolWithAffinityExecutor-8-0] WARN  container.ContainerReportHandler (AbstractContainerReportHandler.java:updateContainerState(260)) - Container #1 is in OPEN state, but the datanode c33e49d7-aab4-4e8b-84a2-e80ab64b386a(fv-az465-709/10.1.0.48) reports an CLOSED replica.
2023-07-26 19:48:01,051 [BlockDeletingService#7] INFO  interfaces.ContainerDeletionChoosingPolicyTemplate (ContainerDeletionChoosingPolicyTemplate.java:chooseContainerForBlockDeletion(83)) - Chosen 0/5000 blocks from 0 candidate containers.
2023-07-26 19:48:01,051 [BlockDeletingService#5] INFO  interfaces.ContainerDeletionChoosingPolicyTemplate (ContainerDeletionChoosingPolicyTemplate.java:chooseContainerForBlockDeletion(83)) - Chosen 0/5000 blocks from 0 candidate containers.
2023-07-26 19:48:01,152 [BlockDeletingService#7] INFO  interfaces.ContainerDeletionChoosingPolicyTemplate (ContainerDeletionChoosingPolicyTemplate.java:chooseContainerForBlockDeletion(83)) - Chosen 0/5000 blocks from 0 candidate containers.
2023-07-26 19:48:01,152 [BlockDeletingService#5] INFO  interfaces.ContainerDeletionChoosingPolicyTemplate (ContainerDeletionChoosingPolicyTemplate.java:chooseContainerForBlockDeletion(83)) - Chosen 0/5000 blocks from 0 candidate containers.
2023-07-26 19:48:01,198 [FixedThreadPoolWithAffinityExecutor-8-0] WARN  container.ContainerReportHandler (AbstractContainerReportHandler.java:updateContainerState(260)) - Container #1 is in OPEN state, but the datanode c33e49d7-aab4-4e8b-84a2-e80ab64b386a(fv-az465-709/10.1.0.48) reports an CLOSED replica.
2023-07-26 19:48:01,252 [BlockDeletingService#7] INFO  interfaces.ContainerDeletionChoosingPolicyTemplate (ContainerDeletionChoosingPolicyTemplate.java:chooseContainerForBlockDeletion(83)) - Chosen 0/5000 blocks from 0 candidate containers.
2023-07-26 19:48:01,252 [BlockDeletingService#5] INFO  interfaces.ContainerDeletionChoosingPolicyTemplate (ContainerDeletionChoosingPolicyTemplate.java:chooseContainerForBlockDeletion(83)) - Chosen 0/5000 blocks from 0 candidate containers.
2023-07-26 19:48:01,352 [BlockDeletingService#7] INFO  interfaces.ContainerDeletionChoosingPolicyTemplate (ContainerDeletionChoosingPolicyTemplate.java:chooseContainerForBlockDeletion(83)) - Chosen 0/5000 blocks from 0 candidate containers.
2023-07-26 19:48:01,352 [BlockDeletingService#5] INFO  interfaces.ContainerDeletionChoosingPolicyTemplate (ContainerDeletionChoosingPolicyTemplate.java:chooseContainerForBlockDeletion(83)) - Chosen 0/5000 blocks from 0 candidate containers.
2023-07-26 19:48:01,394 [FixedThreadPoolWithAffinityExecutor-0-0] WARN  container.ContainerReportHandler (AbstractContainerReportHandler.java:updateContainerState(260)) - Container #1 is in OPEN state, but the datanode 4099cb2b-2e2e-4151-9db7-f99ade631412(fv-az465-709/10.1.0.48) reports an CLOSED replica.
2023-07-26 19:48:01,453 [BlockDeletingService#7] INFO  interfaces.ContainerDeletionChoosingPolicyTemplate (ContainerDeletionChoosingPolicyTemplate.java:chooseContainerForBlockDeletion(83)) - Chosen 0/5000 blocks from 0 candidate containers.
2023-07-26 19:48:01,453 [BlockDeletingService#5] INFO  interfaces.ContainerDeletionChoosingPolicyTemplate (ContainerDeletionChoosingPolicyTemplate.java:chooseContainerForBlockDeletion(83)) - Chosen 0/5000 blocks from 0 candidate containers.
2023-07-26 19:48:01,481 [grpc-default-executor-3] WARN  server.GrpcLogAppender (LogUtils.java:warn(122)) - 4099cb2b-2e2e-4151-9db7-f99ade631412@group-1C7129A268B6->cc71d3b4-cf6a-416c-96eb-6097e97a8fe1-AppendLogResponseHandler: Failed appendEntries: org.apache.ratis.thirdparty.io.grpc.StatusRuntimeException: UNAVAILABLE: io exception
2023-07-26 19:48:01,481 [grpc-default-executor-2] WARN  server.GrpcLogAppender (LogUtils.java:warn(122)) - 4099cb2b-2e2e-4151-9db7-f99ade631412@group-1C7129A268B6->cc71d3b4-cf6a-416c-96eb-6097e97a8fe1-AppendLogResponseHandler: Failed appendEntries: org.apache.ratis.thirdparty.io.grpc.StatusRuntimeException: UNAVAILABLE: io exception
2023-07-26 19:48:01,482 [grpc-default-executor-3] WARN  server.GrpcLogAppender (GrpcLogAppender.java:resetClient(128)) - 4099cb2b-2e2e-4151-9db7-f99ade631412@group-1C7129A268B6->cc71d3b4-cf6a-416c-96eb-6097e97a8fe1-GrpcLogAppender: Follower failed when matchIndex == 0,  keep nextIndex (6) unchanged and retry.
2023-07-26 19:48:01,484 [grpc-default-executor-2] WARN  server.GrpcLogAppender (GrpcLogAppender.java:resetClient(128)) - 4099cb2b-2e2e-4151-9db7-f99ade631412@group-1C7129A268B6->cc71d3b4-cf6a-416c-96eb-6097e97a8fe1-GrpcLogAppender: Follower failed when matchIndex == 0,  keep nextIndex (6) unchanged and retry.
2023-07-26 19:48:01,498 [FixedThreadPoolWithAffinityExecutor-8-0] WARN  container.ContainerReportHandler (AbstractContainerReportHandler.java:updateContainerState(260)) - Container #1 is in OPEN state, but the datanode c33e49d7-aab4-4e8b-84a2-e80ab64b386a(fv-az465-709/10.1.0.48) reports an CLOSED replica.
2023-07-26 19:48:01,553 [BlockDeletingService#7] INFO  interfaces.ContainerDeletionChoosingPolicyTemplate (ContainerDeletionChoosingPolicyTemplate.java:chooseContainerForBlockDeletion(83)) - Chosen 0/5000 blocks from 0 candidate containers.
2023-07-26 19:48:01,553 [BlockDeletingService#5] INFO  interfaces.ContainerDeletionChoosingPolicyTemplate (ContainerDeletionChoosingPolicyTemplate.java:chooseContainerForBlockDeletion(83)) - Chosen 0/5000 blocks from 0 candidate containers.
2023-07-26 19:48:01,654 [BlockDeletingService#7] INFO  interfaces.ContainerDeletionChoosingPolicyTemplate (ContainerDeletionChoosingPolicyTemplate.java:chooseContainerForBlockDeletion(83)) - Chosen 0/5000 blocks from 0 candidate containers.
2023-07-26 19:48:01,654 [BlockDeletingService#5] INFO  interfaces.ContainerDeletionChoosingPolicyTemplate (ContainerDeletionChoosingPolicyTemplate.java:chooseContainerForBlockDeletion(83)) - Chosen 0/5000 blocks from 0 candidate containers.
2023-07-26 19:48:01,694 [FixedThreadPoolWithAffinityExecutor-0-0] WARN  container.ContainerReportHandler (AbstractContainerReportHandler.java:updateContainerState(260)) - Container #1 is in OPEN state, but the datanode 4099cb2b-2e2e-4151-9db7-f99ade631412(fv-az465-709/10.1.0.48) reports an CLOSED replica.
2023-07-26 19:48:01,698 [FixedThreadPoolWithAffinityExecutor-8-0] WARN  container.ContainerReportHandler (AbstractContainerReportHandler.java:updateContainerState(260)) - Container #1 is in OPEN state, but the datanode c33e49d7-aab4-4e8b-84a2-e80ab64b386a(fv-az465-709/10.1.0.48) reports an CLOSED replica.
2023-07-26 19:48:01,755 [BlockDeletingService#7] INFO  interfaces.ContainerDeletionChoosingPolicyTemplate (ContainerDeletionChoosingPolicyTemplate.java:chooseContainerForBlockDeletion(83)) - Chosen 0/5000 blocks from 0 candidate containers.
2023-07-26 19:48:01,755 [BlockDeletingService#4] INFO  interfaces.ContainerDeletionChoosingPolicyTemplate (ContainerDeletionChoosingPolicyTemplate.java:chooseContainerForBlockDeletion(83)) - Chosen 0/5000 blocks from 0 candidate containers.
2023-07-26 19:48:01,855 [BlockDeletingService#7] INFO  interfaces.ContainerDeletionChoosingPolicyTemplate (ContainerDeletionChoosingPolicyTemplate.java:chooseContainerForBlockDeletion(83)) - Chosen 0/5000 blocks from 0 candidate containers.
2023-07-26 19:48:01,855 [BlockDeletingService#4] INFO  interfaces.ContainerDeletionChoosingPolicyTemplate (ContainerDeletionChoosingPolicyTemplate.java:chooseContainerForBlockDeletion(83)) - Chosen 0/5000 blocks from 0 candidate containers.
2023-07-26 19:48:01,898 [FixedThreadPoolWithAffinityExecutor-8-0] WARN  container.ContainerReportHandler (AbstractContainerReportHandler.java:updateContainerState(260)) - Container #1 is in OPEN state, but the datanode c33e49d7-aab4-4e8b-84a2-e80ab64b386a(fv-az465-709/10.1.0.48) reports an CLOSED replica.
2023-07-26 19:48:01,955 [BlockDeletingService#7] INFO  interfaces.ContainerDeletionChoosingPolicyTemplate (ContainerDeletionChoosingPolicyTemplate.java:chooseContainerForBlockDeletion(83)) - Chosen 0/5000 blocks from 0 candidate containers.
2023-07-26 19:48:01,955 [BlockDeletingService#4] INFO  interfaces.ContainerDeletionChoosingPolicyTemplate (ContainerDeletionChoosingPolicyTemplate.java:chooseContainerForBlockDeletion(83)) - Chosen 0/5000 blocks from 0 candidate containers.
2023-07-26 19:48:02,056 [BlockDeletingService#7] INFO  interfaces.ContainerDeletionChoosingPolicyTemplate (ContainerDeletionChoosingPolicyTemplate.java:chooseContainerForBlockDeletion(83)) - Chosen 0/5000 blocks from 0 candidate containers.
2023-07-26 19:48:02,056 [BlockDeletingService#4] INFO  interfaces.ContainerDeletionChoosingPolicyTemplate (ContainerDeletionChoosingPolicyTemplate.java:chooseContainerForBlockDeletion(83)) - Chosen 0/5000 blocks from 0 candidate containers.
2023-07-26 19:48:02,096 [FixedThreadPoolWithAffinityExecutor-0-0] WARN  container.ContainerReportHandler (AbstractContainerReportHandler.java:updateContainerState(260)) - Container #1 is in OPEN state, but the datanode 4099cb2b-2e2e-4151-9db7-f99ade631412(fv-az465-709/10.1.0.48) reports an CLOSED replica.
2023-07-26 19:48:02,156 [BlockDeletingService#4] INFO  interfaces.ContainerDeletionChoosingPolicyTemplate (ContainerDeletionChoosingPolicyTemplate.java:chooseContainerForBlockDeletion(83)) - Chosen 0/5000 blocks from 0 candidate containers.
2023-07-26 19:48:02,156 [BlockDeletingService#7] INFO  interfaces.ContainerDeletionChoosingPolicyTemplate (ContainerDeletionChoosingPolicyTemplate.java:chooseContainerForBlockDeletion(83)) - Chosen 0/5000 blocks from 0 candidate containers.
2023-07-26 19:48:02,198 [FixedThreadPoolWithAffinityExecutor-8-0] WARN  container.ContainerReportHandler (AbstractContainerReportHandler.java:updateContainerState(260)) - Container #1 is in OPEN state, but the datanode c33e49d7-aab4-4e8b-84a2-e80ab64b386a(fv-az465-709/10.1.0.48) reports an CLOSED replica.
2023-07-26 19:48:02,257 [BlockDeletingService#4] INFO  interfaces.ContainerDeletionChoosingPolicyTemplate (ContainerDeletionChoosingPolicyTemplate.java:chooseContainerForBlockDeletion(83)) - Chosen 0/5000 blocks from 0 candidate containers.
2023-07-26 19:48:02,257 [BlockDeletingService#7] INFO  interfaces.ContainerDeletionChoosingPolicyTemplate (ContainerDeletionChoosingPolicyTemplate.java:chooseContainerForBlockDeletion(83)) - Chosen 0/5000 blocks from 0 candidate containers.
2023-07-26 19:48:02,357 [BlockDeletingService#4] INFO  interfaces.ContainerDeletionChoosingPolicyTemplate (ContainerDeletionChoosingPolicyTemplate.java:chooseContainerForBlockDeletion(83)) - Chosen 0/5000 blocks from 0 candidate containers.
2023-07-26 19:48:02,357 [BlockDeletingService#7] INFO  interfaces.ContainerDeletionChoosingPolicyTemplate (ContainerDeletionChoosingPolicyTemplate.java:chooseContainerForBlockDeletion(83)) - Chosen 0/5000 blocks from 0 candidate containers.
2023-07-26 19:48:02,398 [FixedThreadPoolWithAffinityExecutor-0-0] WARN  container.ContainerReportHandler (AbstractContainerReportHandler.java:updateContainerState(260)) - Container #1 is in OPEN state, but the datanode 4099cb2b-2e2e-4151-9db7-f99ade631412(fv-az465-709/10.1.0.48) reports an CLOSED replica.
2023-07-26 19:48:02,398 [FixedThreadPoolWithAffinityExecutor-8-0] WARN  container.ContainerReportHandler (AbstractContainerReportHandler.java:updateContainerState(260)) - Container #1 is in OPEN state, but the datanode c33e49d7-aab4-4e8b-84a2-e80ab64b386a(fv-az465-709/10.1.0.48) reports an CLOSED replica.
2023-07-26 19:48:02,457 [BlockDeletingService#4] INFO  interfaces.ContainerDeletionChoosingPolicyTemplate (ContainerDeletionChoosingPolicyTemplate.java:chooseContainerForBlockDeletion(83)) - Chosen 0/5000 blocks from 0 candidate containers.
2023-07-26 19:48:02,457 [BlockDeletingService#7] INFO  interfaces.ContainerDeletionChoosingPolicyTemplate (ContainerDeletionChoosingPolicyTemplate.java:chooseContainerForBlockDeletion(83)) - Chosen 0/5000 blocks from 0 candidate containers.
2023-07-26 19:48:02,558 [BlockDeletingService#4] INFO  interfaces.ContainerDeletionChoosingPolicyTemplate (ContainerDeletionChoosingPolicyTemplate.java:chooseContainerForBlockDeletion(83)) - Chosen 0/5000 blocks from 0 candidate containers.
2023-07-26 19:48:02,558 [BlockDeletingService#7] INFO  interfaces.ContainerDeletionChoosingPolicyTemplate (ContainerDeletionChoosingPolicyTemplate.java:chooseContainerForBlockDeletion(83)) - Chosen 0/5000 blocks from 0 candidate containers.
2023-07-26 19:48:02,599 [FixedThreadPoolWithAffinityExecutor-8-0] WARN  container.ContainerReportHandler (AbstractContainerReportHandler.java:updateContainerState(260)) - Container #1 is in OPEN state, but the datanode c33e49d7-aab4-4e8b-84a2-e80ab64b386a(fv-az465-709/10.1.0.48) reports an CLOSED replica.
2023-07-26 19:48:02,658 [BlockDeletingService#4] INFO  interfaces.ContainerDeletionChoosingPolicyTemplate (ContainerDeletionChoosingPolicyTemplate.java:chooseContainerForBlockDeletion(83)) - Chosen 0/5000 blocks from 0 candidate containers.
2023-07-26 19:48:02,658 [BlockDeletingService#7] INFO  interfaces.ContainerDeletionChoosingPolicyTemplate (ContainerDeletionChoosingPolicyTemplate.java:chooseContainerForBlockDeletion(83)) - Chosen 0/5000 blocks from 0 candidate containers.
2023-07-26 19:48:02,696 [FixedThreadPoolWithAffinityExecutor-0-0] WARN  container.ContainerReportHandler (AbstractContainerReportHandler.java:updateContainerState(260)) - Container #1 is in OPEN state, but the datanode 4099cb2b-2e2e-4151-9db7-f99ade631412(fv-az465-709/10.1.0.48) reports an CLOSED replica.
2023-07-26 19:48:02,732 [grpc-default-executor-2] WARN  server.GrpcLogAppender (LogUtils.java:warn(122)) - 4099cb2b-2e2e-4151-9db7-f99ade631412@group-1C7129A268B6->cc71d3b4-cf6a-416c-96eb-6097e97a8fe1-AppendLogResponseHandler: Failed appendEntries: org.apache.ratis.thirdparty.io.grpc.StatusRuntimeException: UNAVAILABLE: io exception
2023-07-26 19:48:02,732 [grpc-default-executor-3] WARN  server.GrpcLogAppender (LogUtils.java:warn(122)) - 4099cb2b-2e2e-4151-9db7-f99ade631412@group-1C7129A268B6->cc71d3b4-cf6a-416c-96eb-6097e97a8fe1-AppendLogResponseHandler: Failed appendEntries: org.apache.ratis.thirdparty.io.grpc.StatusRuntimeException: UNAVAILABLE: io exception
2023-07-26 19:48:02,732 [grpc-default-executor-2] WARN  server.GrpcLogAppender (GrpcLogAppender.java:resetClient(128)) - 4099cb2b-2e2e-4151-9db7-f99ade631412@group-1C7129A268B6->cc71d3b4-cf6a-416c-96eb-6097e97a8fe1-GrpcLogAppender: Follower failed when matchIndex == 0,  keep nextIndex (6) unchanged and retry.
2023-07-26 19:48:02,734 [grpc-default-executor-3] WARN  server.GrpcLogAppender (GrpcLogAppender.java:resetClient(128)) - 4099cb2b-2e2e-4151-9db7-f99ade631412@group-1C7129A268B6->cc71d3b4-cf6a-416c-96eb-6097e97a8fe1-GrpcLogAppender: Follower failed when matchIndex == 0,  keep nextIndex (6) unchanged and retry.
2023-07-26 19:48:02,759 [BlockDeletingService#4] INFO  interfaces.ContainerDeletionChoosingPolicyTemplate (ContainerDeletionChoosingPolicyTemplate.java:chooseContainerForBlockDeletion(83)) - Chosen 0/5000 blocks from 0 candidate containers.
2023-07-26 19:48:02,759 [BlockDeletingService#7] INFO  interfaces.ContainerDeletionChoosingPolicyTemplate (ContainerDeletionChoosingPolicyTemplate.java:chooseContainerForBlockDeletion(83)) - Chosen 0/5000 blocks from 0 candidate containers.
2023-07-26 19:48:02,859 [BlockDeletingService#4] INFO  interfaces.ContainerDeletionChoosingPolicyTemplate (ContainerDeletionChoosingPolicyTemplate.java:chooseContainerForBlockDeletion(83)) - Chosen 0/5000 blocks from 0 candidate containers.
2023-07-26 19:48:02,859 [BlockDeletingService#7] INFO  interfaces.ContainerDeletionChoosingPolicyTemplate (ContainerDeletionChoosingPolicyTemplate.java:chooseContainerForBlockDeletion(83)) - Chosen 0/5000 blocks from 0 candidate containers.
2023-07-26 19:48:02,900 [FixedThreadPoolWithAffinityExecutor-8-0] WARN  container.ContainerReportHandler (AbstractContainerReportHandler.java:updateContainerState(260)) - Container #1 is in OPEN state, but the datanode c33e49d7-aab4-4e8b-84a2-e80ab64b386a(fv-az465-709/10.1.0.48) reports an CLOSED replica.
2023-07-26 19:48:02,960 [BlockDeletingService#4] INFO  interfaces.ContainerDeletionChoosingPolicyTemplate (ContainerDeletionChoosingPolicyTemplate.java:chooseContainerForBlockDeletion(83)) - Chosen 0/5000 blocks from 0 candidate containers.
2023-07-26 19:48:02,960 [BlockDeletingService#7] INFO  interfaces.ContainerDeletionChoosingPolicyTemplate (ContainerDeletionChoosingPolicyTemplate.java:chooseContainerForBlockDeletion(83)) - Chosen 0/5000 blocks from 0 candidate containers.
2023-07-26 19:48:03,060 [BlockDeletingService#4] INFO  interfaces.ContainerDeletionChoosingPolicyTemplate (ContainerDeletionChoosingPolicyTemplate.java:chooseContainerForBlockDeletion(83)) - Chosen 0/5000 blocks from 0 candidate containers.
2023-07-26 19:48:03,061 [BlockDeletingService#7] INFO  interfaces.ContainerDeletionChoosingPolicyTemplate (ContainerDeletionChoosingPolicyTemplate.java:chooseContainerForBlockDeletion(83)) - Chosen 0/5000 blocks from 0 candidate containers.
2023-07-26 19:48:03,097 [FixedThreadPoolWithAffinityExecutor-0-0] WARN  container.ContainerReportHandler (AbstractContainerReportHandler.java:updateContainerState(260)) - Container #1 is in OPEN state, but the datanode 4099cb2b-2e2e-4151-9db7-f99ade631412(fv-az465-709/10.1.0.48) reports an CLOSED replica.
2023-07-26 19:48:03,100 [FixedThreadPoolWithAffinityExecutor-8-0] WARN  container.ContainerReportHandler (AbstractContainerReportHandler.java:updateContainerState(260)) - Container #1 is in OPEN state, but the datanode c33e49d7-aab4-4e8b-84a2-e80ab64b386a(fv-az465-709/10.1.0.48) reports an CLOSED replica.
2023-07-26 19:48:03,162 [BlockDeletingService#7] INFO  interfaces.ContainerDeletionChoosingPolicyTemplate (ContainerDeletionChoosingPolicyTemplate.java:chooseContainerForBlockDeletion(83)) - Chosen 0/5000 blocks from 0 candidate containers.
2023-07-26 19:48:03,162 [BlockDeletingService#4] INFO  interfaces.ContainerDeletionChoosingPolicyTemplate (ContainerDeletionChoosingPolicyTemplate.java:chooseContainerForBlockDeletion(83)) - Chosen 0/5000 blocks from 0 candidate containers.
2023-07-26 19:48:03,262 [BlockDeletingService#7] INFO  interfaces.ContainerDeletionChoosingPolicyTemplate (ContainerDeletionChoosingPolicyTemplate.java:chooseContainerForBlockDeletion(83)) - Chosen 0/5000 blocks from 0 candidate containers.
2023-07-26 19:48:03,262 [BlockDeletingService#4] INFO  interfaces.ContainerDeletionChoosingPolicyTemplate (ContainerDeletionChoosingPolicyTemplate.java:chooseContainerForBlockDeletion(83)) - Chosen 0/5000 blocks from 0 candidate containers.
2023-07-26 19:48:03,304 [FixedThreadPoolWithAffinityExecutor-8-0] WARN  container.ContainerReportHandler (AbstractContainerReportHandler.java:updateContainerState(260)) - Container #1 is in OPEN state, but the datanode c33e49d7-aab4-4e8b-84a2-e80ab64b386a(fv-az465-709/10.1.0.48) reports an CLOSED replica.
2023-07-26 19:48:03,363 [BlockDeletingService#7] INFO  interfaces.ContainerDeletionChoosingPolicyTemplate (ContainerDeletionChoosingPolicyTemplate.java:chooseContainerForBlockDeletion(83)) - Chosen 0/5000 blocks from 0 candidate containers.
2023-07-26 19:48:03,363 [BlockDeletingService#4] INFO  interfaces.ContainerDeletionChoosingPolicyTemplate (ContainerDeletionChoosingPolicyTemplate.java:chooseContainerForBlockDeletion(83)) - Chosen 0/5000 blocks from 0 candidate containers.
2023-07-26 19:48:03,397 [FixedThreadPoolWithAffinityExecutor-0-0] WARN  container.ContainerReportHandler (AbstractContainerReportHandler.java:updateContainerState(260)) - Container #1 is in OPEN state, but the datanode 4099cb2b-2e2e-4151-9db7-f99ade631412(fv-az465-709/10.1.0.48) reports an CLOSED replica.
2023-07-26 19:48:03,463 [BlockDeletingService#4] INFO  interfaces.ContainerDeletionChoosingPolicyTemplate (ContainerDeletionChoosingPolicyTemplate.java:chooseContainerForBlockDeletion(83)) - Chosen 0/5000 blocks from 0 candidate containers.
2023-07-26 19:48:03,463 [BlockDeletingService#7] INFO  interfaces.ContainerDeletionChoosingPolicyTemplate (ContainerDeletionChoosingPolicyTemplate.java:chooseContainerForBlockDeletion(83)) - Chosen 0/5000 blocks from 0 candidate containers.
2023-07-26 19:48:03,505 [FixedThreadPoolWithAffinityExecutor-8-0] WARN  container.ContainerReportHandler (AbstractContainerReportHandler.java:updateContainerState(260)) - Container #1 is in OPEN state, but the datanode c33e49d7-aab4-4e8b-84a2-e80ab64b386a(fv-az465-709/10.1.0.48) reports an CLOSED replica.
2023-07-26 19:48:03,563 [BlockDeletingService#4] INFO  interfaces.ContainerDeletionChoosingPolicyTemplate (ContainerDeletionChoosingPolicyTemplate.java:chooseContainerForBlockDeletion(83)) - Chosen 0/5000 blocks from 0 candidate containers.
2023-07-26 19:48:03,564 [BlockDeletingService#7] INFO  interfaces.ContainerDeletionChoosingPolicyTemplate (ContainerDeletionChoosingPolicyTemplate.java:chooseContainerForBlockDeletion(83)) - Chosen 0/5000 blocks from 0 candidate containers.
2023-07-26 19:48:03,664 [BlockDeletingService#4] INFO  interfaces.ContainerDeletionChoosingPolicyTemplate (ContainerDeletionChoosingPolicyTemplate.java:chooseContainerForBlockDeletion(83)) - Chosen 0/5000 blocks from 0 candidate containers.
2023-07-26 19:48:03,664 [BlockDeletingService#7] INFO  interfaces.ContainerDeletionChoosingPolicyTemplate (ContainerDeletionChoosingPolicyTemplate.java:chooseContainerForBlockDeletion(83)) - Chosen 0/5000 blocks from 0 candidate containers.
2023-07-26 19:48:03,764 [BlockDeletingService#4] INFO  interfaces.ContainerDeletionChoosingPolicyTemplate (ContainerDeletionChoosingPolicyTemplate.java:chooseContainerForBlockDeletion(83)) - Chosen 0/5000 blocks from 0 candidate containers.
2023-07-26 19:48:03,764 [BlockDeletingService#7] INFO  interfaces.ContainerDeletionChoosingPolicyTemplate (ContainerDeletionChoosingPolicyTemplate.java:chooseContainerForBlockDeletion(83)) - Chosen 0/5000 blocks from 0 candidate containers.
2023-07-26 19:48:03,798 [FixedThreadPoolWithAffinityExecutor-0-0] WARN  container.ContainerReportHandler (AbstractContainerReportHandler.java:updateContainerState(260)) - Container #1 is in OPEN state, but the datanode 4099cb2b-2e2e-4151-9db7-f99ade631412(fv-az465-709/10.1.0.48) reports an CLOSED replica.
2023-07-26 19:48:03,804 [FixedThreadPoolWithAffinityExecutor-8-0] WARN  container.ContainerReportHandler (AbstractContainerReportHandler.java:updateContainerState(260)) - Container #1 is in OPEN state, but the datanode c33e49d7-aab4-4e8b-84a2-e80ab64b386a(fv-az465-709/10.1.0.48) reports an CLOSED replica.
2023-07-26 19:48:03,865 [BlockDeletingService#4] INFO  interfaces.ContainerDeletionChoosingPolicyTemplate (ContainerDeletionChoosingPolicyTemplate.java:chooseContainerForBlockDeletion(83)) - Chosen 0/5000 blocks from 0 candidate containers.
2023-07-26 19:48:03,865 [BlockDeletingService#7] INFO  interfaces.ContainerDeletionChoosingPolicyTemplate (ContainerDeletionChoosingPolicyTemplate.java:chooseContainerForBlockDeletion(83)) - Chosen 0/5000 blocks from 0 candidate containers.
2023-07-26 19:48:03,965 [BlockDeletingService#4] INFO  interfaces.ContainerDeletionChoosingPolicyTemplate (ContainerDeletionChoosingPolicyTemplate.java:chooseContainerForBlockDeletion(83)) - Chosen 0/5000 blocks from 0 candidate containers.
2023-07-26 19:48:03,965 [BlockDeletingService#7] INFO  interfaces.ContainerDeletionChoosingPolicyTemplate (ContainerDeletionChoosingPolicyTemplate.java:chooseContainerForBlockDeletion(83)) - Chosen 0/5000 blocks from 0 candidate containers.
2023-07-26 19:48:03,982 [grpc-default-executor-3] WARN  server.GrpcLogAppender (LogUtils.java:warn(122)) - 4099cb2b-2e2e-4151-9db7-f99ade631412@group-1C7129A268B6->cc71d3b4-cf6a-416c-96eb-6097e97a8fe1-AppendLogResponseHandler: Failed appendEntries: org.apache.ratis.thirdparty.io.grpc.StatusRuntimeException: UNAVAILABLE: io exception
2023-07-26 19:48:03,983 [grpc-default-executor-2] WARN  server.GrpcLogAppender (LogUtils.java:warn(122)) - 4099cb2b-2e2e-4151-9db7-f99ade631412@group-1C7129A268B6->cc71d3b4-cf6a-416c-96eb-6097e97a8fe1-AppendLogResponseHandler: Failed appendEntries: org.apache.ratis.thirdparty.io.grpc.StatusRuntimeException: UNAVAILABLE: io exception
2023-07-26 19:48:03,983 [grpc-default-executor-3] WARN  server.GrpcLogAppender (GrpcLogAppender.java:resetClient(128)) - 4099cb2b-2e2e-4151-9db7-f99ade631412@group-1C7129A268B6->cc71d3b4-cf6a-416c-96eb-6097e97a8fe1-GrpcLogAppender: Follower failed when matchIndex == 0,  keep nextIndex (6) unchanged and retry.
2023-07-26 19:48:03,985 [grpc-default-executor-2] WARN  server.GrpcLogAppender (GrpcLogAppender.java:resetClient(128)) - 4099cb2b-2e2e-4151-9db7-f99ade631412@group-1C7129A268B6->cc71d3b4-cf6a-416c-96eb-6097e97a8fe1-GrpcLogAppender: Follower failed when matchIndex == 0,  keep nextIndex (6) unchanged and retry.
2023-07-26 19:48:04,004 [FixedThreadPoolWithAffinityExecutor-8-0] WARN  container.ContainerReportHandler (AbstractContainerReportHandler.java:updateContainerState(260)) - Container #1 is in OPEN state, but the datanode c33e49d7-aab4-4e8b-84a2-e80ab64b386a(fv-az465-709/10.1.0.48) reports an CLOSED replica.
2023-07-26 19:48:04,065 [BlockDeletingService#4] INFO  interfaces.ContainerDeletionChoosingPolicyTemplate (ContainerDeletionChoosingPolicyTemplate.java:chooseContainerForBlockDeletion(83)) - Chosen 0/5000 blocks from 0 candidate containers.
2023-07-26 19:48:04,065 [BlockDeletingService#7] INFO  interfaces.ContainerDeletionChoosingPolicyTemplate (ContainerDeletionChoosingPolicyTemplate.java:chooseContainerForBlockDeletion(83)) - Chosen 0/5000 blocks from 0 candidate containers.
2023-07-26 19:48:04,097 [FixedThreadPoolWithAffinityExecutor-0-0] WARN  container.ContainerReportHandler (AbstractContainerReportHandler.java:updateContainerState(260)) - Container #1 is in OPEN state, but the datanode 4099cb2b-2e2e-4151-9db7-f99ade631412(fv-az465-709/10.1.0.48) reports an CLOSED replica.
2023-07-26 19:48:04,166 [BlockDeletingService#4] INFO  interfaces.ContainerDeletionChoosingPolicyTemplate (ContainerDeletionChoosingPolicyTemplate.java:chooseContainerForBlockDeletion(83)) - Chosen 0/5000 blocks from 0 candidate containers.
2023-07-26 19:48:04,166 [BlockDeletingService#7] INFO  interfaces.ContainerDeletionChoosingPolicyTemplate (ContainerDeletionChoosingPolicyTemplate.java:chooseContainerForBlockDeletion(83)) - Chosen 0/5000 blocks from 0 candidate containers.
2023-07-26 19:48:04,204 [FixedThreadPoolWithAffinityExecutor-8-0] WARN  container.ContainerReportHandler (AbstractContainerReportHandler.java:updateContainerState(260)) - Container #1 is in OPEN state, but the datanode c33e49d7-aab4-4e8b-84a2-e80ab64b386a(fv-az465-709/10.1.0.48) reports an CLOSED replica.
2023-07-26 19:48:04,266 [BlockDeletingService#4] INFO  interfaces.ContainerDeletionChoosingPolicyTemplate (ContainerDeletionChoosingPolicyTemplate.java:chooseContainerForBlockDeletion(83)) - Chosen 0/5000 blocks from 0 candidate containers.
2023-07-26 19:48:04,266 [BlockDeletingService#7] INFO  interfaces.ContainerDeletionChoosingPolicyTemplate (ContainerDeletionChoosingPolicyTemplate.java:chooseContainerForBlockDeletion(83)) - Chosen 0/5000 blocks from 0 candidate containers.
2023-07-26 19:48:04,367 [BlockDeletingService#4] INFO  interfaces.ContainerDeletionChoosingPolicyTemplate (ContainerDeletionChoosingPolicyTemplate.java:chooseContainerForBlockDeletion(83)) - Chosen 0/5000 blocks from 0 candidate containers.
2023-07-26 19:48:04,367 [BlockDeletingService#7] INFO  interfaces.ContainerDeletionChoosingPolicyTemplate (ContainerDeletionChoosingPolicyTemplate.java:chooseContainerForBlockDeletion(83)) - Chosen 0/5000 blocks from 0 candidate containers.
2023-07-26 19:48:04,467 [BlockDeletingService#4] INFO  interfaces.ContainerDeletionChoosingPolicyTemplate (ContainerDeletionChoosingPolicyTemplate.java:chooseContainerForBlockDeletion(83)) - Chosen 0/5000 blocks from 0 candidate containers.
2023-07-26 19:48:04,467 [BlockDeletingService#7] INFO  interfaces.ContainerDeletionChoosingPolicyTemplate (ContainerDeletionChoosingPolicyTemplate.java:chooseContainerForBlockDeletion(83)) - Chosen 0/5000 blocks from 0 candidate containers.
2023-07-26 19:48:04,498 [FixedThreadPoolWithAffinityExecutor-0-0] WARN  container.ContainerReportHandler (AbstractContainerReportHandler.java:updateContainerState(260)) - Container #1 is in OPEN state, but the datanode 4099cb2b-2e2e-4151-9db7-f99ade631412(fv-az465-709/10.1.0.48) reports an CLOSED replica.
2023-07-26 19:48:04,504 [FixedThreadPoolWithAffinityExecutor-8-0] WARN  container.ContainerReportHandler (AbstractContainerReportHandler.java:updateContainerState(260)) - Container #1 is in OPEN state, but the datanode c33e49d7-aab4-4e8b-84a2-e80ab64b386a(fv-az465-709/10.1.0.48) reports an CLOSED replica.
2023-07-26 19:48:04,568 [BlockDeletingService#4] INFO  interfaces.ContainerDeletionChoosingPolicyTemplate (ContainerDeletionChoosingPolicyTemplate.java:chooseContainerForBlockDeletion(83)) - Chosen 0/5000 blocks from 0 candidate containers.
2023-07-26 19:48:04,568 [BlockDeletingService#7] INFO  interfaces.ContainerDeletionChoosingPolicyTemplate (ContainerDeletionChoosingPolicyTemplate.java:chooseContainerForBlockDeletion(83)) - Chosen 0/5000 blocks from 0 candidate containers.
2023-07-26 19:48:04,668 [BlockDeletingService#4] INFO  interfaces.ContainerDeletionChoosingPolicyTemplate (ContainerDeletionChoosingPolicyTemplate.java:chooseContainerForBlockDeletion(83)) - Chosen 0/5000 blocks from 0 candidate containers.
2023-07-26 19:48:04,668 [BlockDeletingService#7] INFO  interfaces.ContainerDeletionChoosingPolicyTemplate (ContainerDeletionChoosingPolicyTemplate.java:chooseContainerForBlockDeletion(83)) - Chosen 0/5000 blocks from 0 candidate containers.
2023-07-26 19:48:04,704 [FixedThreadPoolWithAffinityExecutor-8-0] WARN  container.ContainerReportHandler (AbstractContainerReportHandler.java:updateContainerState(260)) - Container #1 is in OPEN state, but the datanode c33e49d7-aab4-4e8b-84a2-e80ab64b386a(fv-az465-709/10.1.0.48) reports an CLOSED replica.
2023-07-26 19:48:04,768 [BlockDeletingService#4] INFO  interfaces.ContainerDeletionChoosingPolicyTemplate (ContainerDeletionChoosingPolicyTemplate.java:chooseContainerForBlockDeletion(83)) - Chosen 0/5000 blocks from 0 candidate containers.
2023-07-26 19:48:04,768 [BlockDeletingService#7] INFO  interfaces.ContainerDeletionChoosingPolicyTemplate (ContainerDeletionChoosingPolicyTemplate.java:chooseContainerForBlockDeletion(83)) - Chosen 0/5000 blocks from 0 candidate containers.
2023-07-26 19:48:04,797 [FixedThreadPoolWithAffinityExecutor-0-0] WARN  container.ContainerReportHandler (AbstractContainerReportHandler.java:updateContainerState(260)) - Container #1 is in OPEN state, but the datanode 4099cb2b-2e2e-4151-9db7-f99ade631412(fv-az465-709/10.1.0.48) reports an CLOSED replica.
2023-07-26 19:48:04,869 [BlockDeletingService#7] INFO  interfaces.ContainerDeletionChoosingPolicyTemplate (ContainerDeletionChoosingPolicyTemplate.java:chooseContainerForBlockDeletion(83)) - Chosen 0/5000 blocks from 0 candidate containers.
2023-07-26 19:48:04,871 [BlockDeletingService#4] INFO  interfaces.ContainerDeletionChoosingPolicyTemplate (ContainerDeletionChoosingPolicyTemplate.java:chooseContainerForBlockDeletion(83)) - Chosen 0/5000 blocks from 0 candidate containers.
2023-07-26 19:48:04,904 [FixedThreadPoolWithAffinityExecutor-8-0] WARN  container.ContainerReportHandler (AbstractContainerReportHandler.java:updateContainerState(260)) - Container #1 is in OPEN state, but the datanode c33e49d7-aab4-4e8b-84a2-e80ab64b386a(fv-az465-709/10.1.0.48) reports an CLOSED replica.
2023-07-26 19:48:04,969 [BlockDeletingService#7] INFO  interfaces.ContainerDeletionChoosingPolicyTemplate (ContainerDeletionChoosingPolicyTemplate.java:chooseContainerForBlockDeletion(83)) - Chosen 0/5000 blocks from 0 candidate containers.
2023-07-26 19:48:04,971 [BlockDeletingService#4] INFO  interfaces.ContainerDeletionChoosingPolicyTemplate (ContainerDeletionChoosingPolicyTemplate.java:chooseContainerForBlockDeletion(83)) - Chosen 0/5000 blocks from 0 candidate containers.
2023-07-26 19:48:05,070 [BlockDeletingService#7] INFO  interfaces.ContainerDeletionChoosingPolicyTemplate (ContainerDeletionChoosingPolicyTemplate.java:chooseContainerForBlockDeletion(83)) - Chosen 0/5000 blocks from 0 candidate containers.
2023-07-26 19:48:05,071 [BlockDeletingService#4] INFO  interfaces.ContainerDeletionChoosingPolicyTemplate (ContainerDeletionChoosingPolicyTemplate.java:chooseContainerForBlockDeletion(83)) - Chosen 0/5000 blocks from 0 candidate containers.
2023-07-26 19:48:05,099 [FixedThreadPoolWithAffinityExecutor-0-0] WARN  container.ContainerReportHandler (AbstractContainerReportHandler.java:updateContainerState(260)) - Container #1 is in OPEN state, but the datanode 4099cb2b-2e2e-4151-9db7-f99ade631412(fv-az465-709/10.1.0.48) reports an CLOSED replica.
2023-07-26 19:48:05,170 [BlockDeletingService#7] INFO  interfaces.ContainerDeletionChoosingPolicyTemplate (ContainerDeletionChoosingPolicyTemplate.java:chooseContainerForBlockDeletion(83)) - Chosen 0/5000 blocks from 0 candidate containers.
2023-07-26 19:48:05,171 [BlockDeletingService#4] INFO  interfaces.ContainerDeletionChoosingPolicyTemplate (ContainerDeletionChoosingPolicyTemplate.java:chooseContainerForBlockDeletion(83)) - Chosen 0/5000 blocks from 0 candidate containers.
2023-07-26 19:48:05,204 [FixedThreadPoolWithAffinityExecutor-8-0] WARN  container.ContainerReportHandler (AbstractContainerReportHandler.java:updateContainerState(260)) - Container #1 is in OPEN state, but the datanode c33e49d7-aab4-4e8b-84a2-e80ab64b386a(fv-az465-709/10.1.0.48) reports an CLOSED replica.
2023-07-26 19:48:05,233 [grpc-default-executor-3] WARN  server.GrpcLogAppender (LogUtils.java:warn(122)) - 4099cb2b-2e2e-4151-9db7-f99ade631412@group-1C7129A268B6->cc71d3b4-cf6a-416c-96eb-6097e97a8fe1-AppendLogResponseHandler: Failed appendEntries: org.apache.ratis.thirdparty.io.grpc.StatusRuntimeException: UNAVAILABLE: io exception
2023-07-26 19:48:05,234 [grpc-default-executor-3] WARN  server.GrpcLogAppender (GrpcLogAppender.java:resetClient(128)) - 4099cb2b-2e2e-4151-9db7-f99ade631412@group-1C7129A268B6->cc71d3b4-cf6a-416c-96eb-6097e97a8fe1-GrpcLogAppender: Follower failed when matchIndex == 0,  keep nextIndex (6) unchanged and retry.
2023-07-26 19:48:05,235 [grpc-default-executor-2] WARN  server.GrpcLogAppender (LogUtils.java:warn(122)) - 4099cb2b-2e2e-4151-9db7-f99ade631412@group-1C7129A268B6->cc71d3b4-cf6a-416c-96eb-6097e97a8fe1-AppendLogResponseHandler: Failed appendEntries: org.apache.ratis.thirdparty.io.grpc.StatusRuntimeException: UNAVAILABLE: io exception
2023-07-26 19:48:05,235 [grpc-default-executor-2] WARN  server.GrpcLogAppender (GrpcLogAppender.java:resetClient(128)) - 4099cb2b-2e2e-4151-9db7-f99ade631412@group-1C7129A268B6->cc71d3b4-cf6a-416c-96eb-6097e97a8fe1-GrpcLogAppender: Follower failed when matchIndex == 0,  keep nextIndex (6) unchanged and retry.
2023-07-26 19:48:05,270 [BlockDeletingService#7] INFO  interfaces.ContainerDeletionChoosingPolicyTemplate (ContainerDeletionChoosingPolicyTemplate.java:chooseContainerForBlockDeletion(83)) - Chosen 0/5000 blocks from 0 candidate containers.
2023-07-26 19:48:05,272 [BlockDeletingService#4] INFO  interfaces.ContainerDeletionChoosingPolicyTemplate (ContainerDeletionChoosingPolicyTemplate.java:chooseContainerForBlockDeletion(83)) - Chosen 0/5000 blocks from 0 candidate containers.
2023-07-26 19:48:05,371 [BlockDeletingService#7] INFO  interfaces.ContainerDeletionChoosingPolicyTemplate (ContainerDeletionChoosingPolicyTemplate.java:chooseContainerForBlockDeletion(83)) - Chosen 0/5000 blocks from 0 candidate containers.
2023-07-26 19:48:05,372 [BlockDeletingService#4] INFO  interfaces.ContainerDeletionChoosingPolicyTemplate (ContainerDeletionChoosingPolicyTemplate.java:chooseContainerForBlockDeletion(83)) - Chosen 0/5000 blocks from 0 candidate containers.
2023-07-26 19:48:05,404 [FixedThreadPoolWithAffinityExecutor-8-0] WARN  container.ContainerReportHandler (AbstractContainerReportHandler.java:updateContainerState(260)) - Container #1 is in OPEN state, but the datanode c33e49d7-aab4-4e8b-84a2-e80ab64b386a(fv-az465-709/10.1.0.48) reports an CLOSED replica.
2023-07-26 19:48:05,471 [BlockDeletingService#7] INFO  interfaces.ContainerDeletionChoosingPolicyTemplate (ContainerDeletionChoosingPolicyTemplate.java:chooseContainerForBlockDeletion(83)) - Chosen 0/5000 blocks from 0 candidate containers.
2023-07-26 19:48:05,472 [BlockDeletingService#4] INFO  interfaces.ContainerDeletionChoosingPolicyTemplate (ContainerDeletionChoosingPolicyTemplate.java:chooseContainerForBlockDeletion(83)) - Chosen 0/5000 blocks from 0 candidate containers.
2023-07-26 19:48:05,502 [FixedThreadPoolWithAffinityExecutor-0-0] WARN  container.ContainerReportHandler (AbstractContainerReportHandler.java:updateContainerState(260)) - Container #1 is in OPEN state, but the datanode 4099cb2b-2e2e-4151-9db7-f99ade631412(fv-az465-709/10.1.0.48) reports an CLOSED replica.
2023-07-26 19:48:05,572 [BlockDeletingService#7] INFO  interfaces.ContainerDeletionChoosingPolicyTemplate (ContainerDeletionChoosingPolicyTemplate.java:chooseContainerForBlockDeletion(83)) - Chosen 0/5000 blocks from 0 candidate containers.
2023-07-26 19:48:05,572 [BlockDeletingService#4] INFO  interfaces.ContainerDeletionChoosingPolicyTemplate (ContainerDeletionChoosingPolicyTemplate.java:chooseContainerForBlockDeletion(83)) - Chosen 0/5000 blocks from 0 candidate containers.
2023-07-26 19:48:05,606 [FixedThreadPoolWithAffinityExecutor-8-0] WARN  container.ContainerReportHandler (AbstractContainerReportHandler.java:updateContainerState(260)) - Container #1 is in OPEN state, but the datanode c33e49d7-aab4-4e8b-84a2-e80ab64b386a(fv-az465-709/10.1.0.48) reports an CLOSED replica.
2023-07-26 19:48:05,672 [BlockDeletingService#7] INFO  interfaces.ContainerDeletionChoosingPolicyTemplate (ContainerDeletionChoosingPolicyTemplate.java:chooseContainerForBlockDeletion(83)) - Chosen 0/5000 blocks from 0 candidate containers.
2023-07-26 19:48:05,673 [BlockDeletingService#4] INFO  interfaces.ContainerDeletionChoosingPolicyTemplate (ContainerDeletionChoosingPolicyTemplate.java:chooseContainerForBlockDeletion(83)) - Chosen 0/5000 blocks from 0 candidate containers.
2023-07-26 19:48:05,772 [BlockDeletingService#7] INFO  interfaces.ContainerDeletionChoosingPolicyTemplate (ContainerDeletionChoosingPolicyTemplate.java:chooseContainerForBlockDeletion(83)) - Chosen 0/5000 blocks from 0 candidate containers.
2023-07-26 19:48:05,773 [BlockDeletingService#4] INFO  interfaces.ContainerDeletionChoosingPolicyTemplate (ContainerDeletionChoosingPolicyTemplate.java:chooseContainerForBlockDeletion(83)) - Chosen 0/5000 blocks from 0 candidate containers.
2023-07-26 19:48:05,801 [FixedThreadPoolWithAffinityExecutor-0-0] WARN  container.ContainerReportHandler (AbstractContainerReportHandler.java:updateContainerState(260)) - Container #1 is in OPEN state, but the datanode 4099cb2b-2e2e-4151-9db7-f99ade631412(fv-az465-709/10.1.0.48) reports an CLOSED replica.
2023-07-26 19:48:05,873 [BlockDeletingService#7] INFO  interfaces.ContainerDeletionChoosingPolicyTemplate (ContainerDeletionChoosingPolicyTemplate.java:chooseContainerForBlockDeletion(83)) - Chosen 0/5000 blocks from 0 candidate containers.
2023-07-26 19:48:05,873 [BlockDeletingService#4] INFO  interfaces.ContainerDeletionChoosingPolicyTemplate (ContainerDeletionChoosingPolicyTemplate.java:chooseContainerForBlockDeletion(83)) - Chosen 0/5000 blocks from 0 candidate containers.
2023-07-26 19:48:05,907 [FixedThreadPoolWithAffinityExecutor-8-0] WARN  container.ContainerReportHandler (AbstractContainerReportHandler.java:updateContainerState(260)) - Container #1 is in OPEN state, but the datanode c33e49d7-aab4-4e8b-84a2-e80ab64b386a(fv-az465-709/10.1.0.48) reports an CLOSED replica.
2023-07-26 19:48:05,973 [BlockDeletingService#7] INFO  interfaces.ContainerDeletionChoosingPolicyTemplate (ContainerDeletionChoosingPolicyTemplate.java:chooseContainerForBlockDeletion(83)) - Chosen 0/5000 blocks from 0 candidate containers.
2023-07-26 19:48:05,973 [BlockDeletingService#4] INFO  interfaces.ContainerDeletionChoosingPolicyTemplate (ContainerDeletionChoosingPolicyTemplate.java:chooseContainerForBlockDeletion(83)) - Chosen 0/5000 blocks from 0 candidate containers.
2023-07-26 19:48:06,073 [BlockDeletingService#7] INFO  interfaces.ContainerDeletionChoosingPolicyTemplate (ContainerDeletionChoosingPolicyTemplate.java:chooseContainerForBlockDeletion(83)) - Chosen 0/5000 blocks from 0 candidate containers.
2023-07-26 19:48:06,074 [BlockDeletingService#4] INFO  interfaces.ContainerDeletionChoosingPolicyTemplate (ContainerDeletionChoosingPolicyTemplate.java:chooseContainerForBlockDeletion(83)) - Chosen 0/5000 blocks from 0 candidate containers.
2023-07-26 19:48:06,108 [FixedThreadPoolWithAffinityExecutor-8-0] WARN  container.ContainerReportHandler (AbstractContainerReportHandler.java:updateContainerState(260)) - Container #1 is in OPEN state, but the datanode c33e49d7-aab4-4e8b-84a2-e80ab64b386a(fv-az465-709/10.1.0.48) reports an CLOSED replica.
2023-07-26 19:48:06,174 [BlockDeletingService#7] INFO  interfaces.ContainerDeletionChoosingPolicyTemplate (ContainerDeletionChoosingPolicyTemplate.java:chooseContainerForBlockDeletion(83)) - Chosen 0/5000 blocks from 0 candidate containers.
2023-07-26 19:48:06,174 [BlockDeletingService#4] INFO  interfaces.ContainerDeletionChoosingPolicyTemplate (ContainerDeletionChoosingPolicyTemplate.java:chooseContainerForBlockDeletion(83)) - Chosen 0/5000 blocks from 0 candidate containers.
2023-07-26 19:48:06,201 [FixedThreadPoolWithAffinityExecutor-0-0] WARN  container.ContainerReportHandler (AbstractContainerReportHandler.java:updateContainerState(260)) - Container #1 is in OPEN state, but the datanode 4099cb2b-2e2e-4151-9db7-f99ade631412(fv-az465-709/10.1.0.48) reports an CLOSED replica.
2023-07-26 19:48:06,274 [BlockDeletingService#7] INFO  interfaces.ContainerDeletionChoosingPolicyTemplate (ContainerDeletionChoosingPolicyTemplate.java:chooseContainerForBlockDeletion(83)) - Chosen 0/5000 blocks from 0 candidate containers.
2023-07-26 19:48:06,274 [BlockDeletingService#4] INFO  interfaces.ContainerDeletionChoosingPolicyTemplate (ContainerDeletionChoosingPolicyTemplate.java:chooseContainerForBlockDeletion(83)) - Chosen 0/5000 blocks from 0 candidate containers.
2023-07-26 19:48:06,307 [FixedThreadPoolWithAffinityExecutor-8-0] WARN  container.ContainerReportHandler (AbstractContainerReportHandler.java:updateContainerState(260)) - Container #1 is in OPEN state, but the datanode c33e49d7-aab4-4e8b-84a2-e80ab64b386a(fv-az465-709/10.1.0.48) reports an CLOSED replica.
2023-07-26 19:48:06,375 [BlockDeletingService#7] INFO  interfaces.ContainerDeletionChoosingPolicyTemplate (ContainerDeletionChoosingPolicyTemplate.java:chooseContainerForBlockDeletion(83)) - Chosen 0/5000 blocks from 0 candidate containers.
2023-07-26 19:48:06,375 [BlockDeletingService#4] INFO  interfaces.ContainerDeletionChoosingPolicyTemplate (ContainerDeletionChoosingPolicyTemplate.java:chooseContainerForBlockDeletion(83)) - Chosen 0/5000 blocks from 0 candidate containers.
2023-07-26 19:48:06,475 [BlockDeletingService#7] INFO  interfaces.ContainerDeletionChoosingPolicyTemplate (ContainerDeletionChoosingPolicyTemplate.java:chooseContainerForBlockDeletion(83)) - Chosen 0/5000 blocks from 0 candidate containers.
2023-07-26 19:48:06,475 [BlockDeletingService#4] INFO  interfaces.ContainerDeletionChoosingPolicyTemplate (ContainerDeletionChoosingPolicyTemplate.java:chooseContainerForBlockDeletion(83)) - Chosen 0/5000 blocks from 0 candidate containers.
2023-07-26 19:48:06,484 [grpc-default-executor-2] WARN  server.GrpcLogAppender (LogUtils.java:warn(122)) - 4099cb2b-2e2e-4151-9db7-f99ade631412@group-1C7129A268B6->cc71d3b4-cf6a-416c-96eb-6097e97a8fe1-AppendLogResponseHandler: Failed appendEntries: org.apache.ratis.thirdparty.io.grpc.StatusRuntimeException: UNAVAILABLE: io exception
2023-07-26 19:48:06,485 [grpc-default-executor-2] WARN  server.GrpcLogAppender (GrpcLogAppender.java:resetClient(128)) - 4099cb2b-2e2e-4151-9db7-f99ade631412@group-1C7129A268B6->cc71d3b4-cf6a-416c-96eb-6097e97a8fe1-GrpcLogAppender: Follower failed when matchIndex == 0,  keep nextIndex (6) unchanged and retry.
2023-07-26 19:48:06,485 [grpc-default-executor-3] WARN  server.GrpcLogAppender (LogUtils.java:warn(122)) - 4099cb2b-2e2e-4151-9db7-f99ade631412@group-1C7129A268B6->cc71d3b4-cf6a-416c-96eb-6097e97a8fe1-AppendLogResponseHandler: Failed appendEntries: org.apache.ratis.thirdparty.io.grpc.StatusRuntimeException: UNAVAILABLE: io exception
2023-07-26 19:48:06,485 [grpc-default-executor-3] WARN  server.GrpcLogAppender (GrpcLogAppender.java:resetClient(128)) - 4099cb2b-2e2e-4151-9db7-f99ade631412@group-1C7129A268B6->cc71d3b4-cf6a-416c-96eb-6097e97a8fe1-GrpcLogAppender: Follower failed when matchIndex == 0,  keep nextIndex (6) unchanged and retry.
2023-07-26 19:48:06,501 [FixedThreadPoolWithAffinityExecutor-0-0] WARN  container.ContainerReportHandler (AbstractContainerReportHandler.java:updateContainerState(260)) - Container #1 is in OPEN state, but the datanode 4099cb2b-2e2e-4151-9db7-f99ade631412(fv-az465-709/10.1.0.48) reports an CLOSED replica.
2023-07-26 19:48:06,507 [FixedThreadPoolWithAffinityExecutor-8-0] WARN  container.ContainerReportHandler (AbstractContainerReportHandler.java:updateContainerState(260)) - Container #1 is in OPEN state, but the datanode c33e49d7-aab4-4e8b-84a2-e80ab64b386a(fv-az465-709/10.1.0.48) reports an CLOSED replica.
2023-07-26 19:48:06,576 [BlockDeletingService#7] INFO  interfaces.ContainerDeletionChoosingPolicyTemplate (ContainerDeletionChoosingPolicyTemplate.java:chooseContainerForBlockDeletion(83)) - Chosen 0/5000 blocks from 0 candidate containers.
2023-07-26 19:48:06,576 [BlockDeletingService#4] INFO  interfaces.ContainerDeletionChoosingPolicyTemplate (ContainerDeletionChoosingPolicyTemplate.java:chooseContainerForBlockDeletion(83)) - Chosen 0/5000 blocks from 0 candidate containers.
2023-07-26 19:48:06,676 [BlockDeletingService#7] INFO  interfaces.ContainerDeletionChoosingPolicyTemplate (ContainerDeletionChoosingPolicyTemplate.java:chooseContainerForBlockDeletion(83)) - Chosen 0/5000 blocks from 0 candidate containers.
2023-07-26 19:48:06,677 [BlockDeletingService#4] INFO  interfaces.ContainerDeletionChoosingPolicyTemplate (ContainerDeletionChoosingPolicyTemplate.java:chooseContainerForBlockDeletion(83)) - Chosen 0/5000 blocks from 0 candidate containers.
2023-07-26 19:48:06,777 [BlockDeletingService#7] INFO  interfaces.ContainerDeletionChoosingPolicyTemplate (ContainerDeletionChoosingPolicyTemplate.java:chooseContainerForBlockDeletion(83)) - Chosen 0/5000 blocks from 0 candidate containers.
2023-07-26 19:48:06,777 [BlockDeletingService#4] INFO  interfaces.ContainerDeletionChoosingPolicyTemplate (ContainerDeletionChoosingPolicyTemplate.java:chooseContainerForBlockDeletion(83)) - Chosen 0/5000 blocks from 0 candidate containers.
2023-07-26 19:48:06,801 [FixedThreadPoolWithAffinityExecutor-0-0] WARN  container.ContainerReportHandler (AbstractContainerReportHandler.java:updateContainerState(260)) - Container #1 is in OPEN state, but the datanode 4099cb2b-2e2e-4151-9db7-f99ade631412(fv-az465-709/10.1.0.48) reports an CLOSED replica.
2023-07-26 19:48:06,807 [FixedThreadPoolWithAffinityExecutor-8-0] WARN  container.ContainerReportHandler (AbstractContainerReportHandler.java:updateContainerState(260)) - Container #1 is in OPEN state, but the datanode c33e49d7-aab4-4e8b-84a2-e80ab64b386a(fv-az465-709/10.1.0.48) reports an CLOSED replica.
2023-07-26 19:48:06,877 [BlockDeletingService#7] INFO  interfaces.ContainerDeletionChoosingPolicyTemplate (ContainerDeletionChoosingPolicyTemplate.java:chooseContainerForBlockDeletion(83)) - Chosen 0/5000 blocks from 0 candidate containers.
2023-07-26 19:48:06,877 [BlockDeletingService#4] INFO  interfaces.ContainerDeletionChoosingPolicyTemplate (ContainerDeletionChoosingPolicyTemplate.java:chooseContainerForBlockDeletion(83)) - Chosen 0/5000 blocks from 0 candidate containers.
2023-07-26 19:48:06,978 [BlockDeletingService#7] INFO  interfaces.ContainerDeletionChoosingPolicyTemplate (ContainerDeletionChoosingPolicyTemplate.java:chooseContainerForBlockDeletion(83)) - Chosen 0/5000 blocks from 0 candidate containers.
2023-07-26 19:48:06,978 [BlockDeletingService#4] INFO  interfaces.ContainerDeletionChoosingPolicyTemplate (ContainerDeletionChoosingPolicyTemplate.java:chooseContainerForBlockDeletion(83)) - Chosen 0/5000 blocks from 0 candidate containers.
2023-07-26 19:48:07,010 [FixedThreadPoolWithAffinityExecutor-8-0] WARN  container.ContainerReportHandler (AbstractContainerReportHandler.java:updateContainerState(260)) - Container #1 is in OPEN state, but the datanode c33e49d7-aab4-4e8b-84a2-e80ab64b386a(fv-az465-709/10.1.0.48) reports an CLOSED replica.
2023-07-26 19:48:07,078 [BlockDeletingService#7] INFO  interfaces.ContainerDeletionChoosingPolicyTemplate (ContainerDeletionChoosingPolicyTemplate.java:chooseContainerForBlockDeletion(83)) - Chosen 0/5000 blocks from 0 candidate containers.
2023-07-26 19:48:07,078 [BlockDeletingService#4] INFO  interfaces.ContainerDeletionChoosingPolicyTemplate (ContainerDeletionChoosingPolicyTemplate.java:chooseContainerForBlockDeletion(83)) - Chosen 0/5000 blocks from 0 candidate containers.
2023-07-26 19:48:07,179 [BlockDeletingService#7] INFO  interfaces.ContainerDeletionChoosingPolicyTemplate (ContainerDeletionChoosingPolicyTemplate.java:chooseContainerForBlockDeletion(83)) - Chosen 0/5000 blocks from 0 candidate containers.
2023-07-26 19:48:07,179 [BlockDeletingService#4] INFO  interfaces.ContainerDeletionChoosingPolicyTemplate (ContainerDeletionChoosingPolicyTemplate.java:chooseContainerForBlockDeletion(83)) - Chosen 0/5000 blocks from 0 candidate containers.
2023-07-26 19:48:07,203 [FixedThreadPoolWithAffinityExecutor-0-0] WARN  container.ContainerReportHandler (AbstractContainerReportHandler.java:updateContainerState(260)) - Container #1 is in OPEN state, but the datanode 4099cb2b-2e2e-4151-9db7-f99ade631412(fv-az465-709/10.1.0.48) reports an CLOSED replica.
2023-07-26 19:48:07,211 [FixedThreadPoolWithAffinityExecutor-8-0] WARN  container.ContainerReportHandler (AbstractContainerReportHandler.java:updateContainerState(260)) - Container #1 is in OPEN state, but the datanode c33e49d7-aab4-4e8b-84a2-e80ab64b386a(fv-az465-709/10.1.0.48) reports an CLOSED replica.
2023-07-26 19:48:07,279 [BlockDeletingService#7] INFO  interfaces.ContainerDeletionChoosingPolicyTemplate (ContainerDeletionChoosingPolicyTemplate.java:chooseContainerForBlockDeletion(83)) - Chosen 0/5000 blocks from 0 candidate containers.
2023-07-26 19:48:07,279 [BlockDeletingService#4] INFO  interfaces.ContainerDeletionChoosingPolicyTemplate (ContainerDeletionChoosingPolicyTemplate.java:chooseContainerForBlockDeletion(83)) - Chosen 0/5000 blocks from 0 candidate containers.
2023-07-26 19:48:07,379 [BlockDeletingService#7] INFO  interfaces.ContainerDeletionChoosingPolicyTemplate (ContainerDeletionChoosingPolicyTemplate.java:chooseContainerForBlockDeletion(83)) - Chosen 0/5000 blocks from 0 candidate containers.
2023-07-26 19:48:07,379 [BlockDeletingService#4] INFO  interfaces.ContainerDeletionChoosingPolicyTemplate (ContainerDeletionChoosingPolicyTemplate.java:chooseContainerForBlockDeletion(83)) - Chosen 0/5000 blocks from 0 candidate containers.
2023-07-26 19:48:07,480 [BlockDeletingService#4] INFO  interfaces.ContainerDeletionChoosingPolicyTemplate (ContainerDeletionChoosingPolicyTemplate.java:chooseContainerForBlockDeletion(83)) - Chosen 0/5000 blocks from 0 candidate containers.
2023-07-26 19:48:07,480 [BlockDeletingService#7] INFO  interfaces.ContainerDeletionChoosingPolicyTemplate (ContainerDeletionChoosingPolicyTemplate.java:chooseContainerForBlockDeletion(83)) - Chosen 0/5000 blocks from 0 candidate containers.
2023-07-26 19:48:07,503 [FixedThreadPoolWithAffinityExecutor-0-0] WARN  container.ContainerReportHandler (AbstractContainerReportHandler.java:updateContainerState(260)) - Container #1 is in OPEN state, but the datanode 4099cb2b-2e2e-4151-9db7-f99ade631412(fv-az465-709/10.1.0.48) reports an CLOSED replica.
2023-07-26 19:48:07,512 [FixedThreadPoolWithAffinityExecutor-8-0] WARN  container.ContainerReportHandler (AbstractContainerReportHandler.java:updateContainerState(260)) - Container #1 is in OPEN state, but the datanode c33e49d7-aab4-4e8b-84a2-e80ab64b386a(fv-az465-709/10.1.0.48) reports an CLOSED replica.
2023-07-26 19:48:07,580 [BlockDeletingService#4] INFO  interfaces.ContainerDeletionChoosingPolicyTemplate (ContainerDeletionChoosingPolicyTemplate.java:chooseContainerForBlockDeletion(83)) - Chosen 0/5000 blocks from 0 candidate containers.
2023-07-26 19:48:07,580 [BlockDeletingService#7] INFO  interfaces.ContainerDeletionChoosingPolicyTemplate (ContainerDeletionChoosingPolicyTemplate.java:chooseContainerForBlockDeletion(83)) - Chosen 0/5000 blocks from 0 candidate containers.
2023-07-26 19:48:07,680 [BlockDeletingService#4] INFO  interfaces.ContainerDeletionChoosingPolicyTemplate (ContainerDeletionChoosingPolicyTemplate.java:chooseContainerForBlockDeletion(83)) - Chosen 0/5000 blocks from 0 candidate containers.
2023-07-26 19:48:07,681 [BlockDeletingService#7] INFO  interfaces.ContainerDeletionChoosingPolicyTemplate (ContainerDeletionChoosingPolicyTemplate.java:chooseContainerForBlockDeletion(83)) - Chosen 0/5000 blocks from 0 candidate containers.
2023-07-26 19:48:07,712 [FixedThreadPoolWithAffinityExecutor-8-0] WARN  container.ContainerReportHandler (AbstractContainerReportHandler.java:updateContainerState(260)) - Container #1 is in OPEN state, but the datanode c33e49d7-aab4-4e8b-84a2-e80ab64b386a(fv-az465-709/10.1.0.48) reports an CLOSED replica.
2023-07-26 19:48:07,734 [grpc-default-executor-3] WARN  server.GrpcLogAppender (LogUtils.java:warn(122)) - 4099cb2b-2e2e-4151-9db7-f99ade631412@group-1C7129A268B6->cc71d3b4-cf6a-416c-96eb-6097e97a8fe1-AppendLogResponseHandler: Failed appendEntries: org.apache.ratis.thirdparty.io.grpc.StatusRuntimeException: UNAVAILABLE: io exception
2023-07-26 19:48:07,735 [grpc-default-executor-3] WARN  server.GrpcLogAppender (GrpcLogAppender.java:resetClient(128)) - 4099cb2b-2e2e-4151-9db7-f99ade631412@group-1C7129A268B6->cc71d3b4-cf6a-416c-96eb-6097e97a8fe1-GrpcLogAppender: Follower failed when matchIndex == 0,  keep nextIndex (6) unchanged and retry.
2023-07-26 19:48:07,735 [grpc-default-executor-2] WARN  server.GrpcLogAppender (LogUtils.java:warn(122)) - 4099cb2b-2e2e-4151-9db7-f99ade631412@group-1C7129A268B6->cc71d3b4-cf6a-416c-96eb-6097e97a8fe1-AppendLogResponseHandler: Failed appendEntries: org.apache.ratis.thirdparty.io.grpc.StatusRuntimeException: UNAVAILABLE: io exception
2023-07-26 19:48:07,735 [grpc-default-executor-2] WARN  server.GrpcLogAppender (GrpcLogAppender.java:resetClient(128)) - 4099cb2b-2e2e-4151-9db7-f99ade631412@group-1C7129A268B6->cc71d3b4-cf6a-416c-96eb-6097e97a8fe1-GrpcLogAppender: Follower failed when matchIndex == 0,  keep nextIndex (6) unchanged and retry.
2023-07-26 19:48:07,781 [BlockDeletingService#4] INFO  interfaces.ContainerDeletionChoosingPolicyTemplate (ContainerDeletionChoosingPolicyTemplate.java:chooseContainerForBlockDeletion(83)) - Chosen 0/5000 blocks from 0 candidate containers.
2023-07-26 19:48:07,781 [BlockDeletingService#7] INFO  interfaces.ContainerDeletionChoosingPolicyTemplate (ContainerDeletionChoosingPolicyTemplate.java:chooseContainerForBlockDeletion(83)) - Chosen 0/5000 blocks from 0 candidate containers.
2023-07-26 19:48:07,881 [BlockDeletingService#4] INFO  interfaces.ContainerDeletionChoosingPolicyTemplate (ContainerDeletionChoosingPolicyTemplate.java:chooseContainerForBlockDeletion(83)) - Chosen 0/5000 blocks from 0 candidate containers.
2023-07-26 19:48:07,881 [BlockDeletingService#7] INFO  interfaces.ContainerDeletionChoosingPolicyTemplate (ContainerDeletionChoosingPolicyTemplate.java:chooseContainerForBlockDeletion(83)) - Chosen 0/5000 blocks from 0 candidate containers.
2023-07-26 19:48:07,904 [FixedThreadPoolWithAffinityExecutor-0-0] WARN  container.ContainerReportHandler (AbstractContainerReportHandler.java:updateContainerState(260)) - Container #1 is in OPEN state, but the datanode 4099cb2b-2e2e-4151-9db7-f99ade631412(fv-az465-709/10.1.0.48) reports an CLOSED replica.
2023-07-26 19:48:07,912 [FixedThreadPoolWithAffinityExecutor-8-0] WARN  container.ContainerReportHandler (AbstractContainerReportHandler.java:updateContainerState(260)) - Container #1 is in OPEN state, but the datanode c33e49d7-aab4-4e8b-84a2-e80ab64b386a(fv-az465-709/10.1.0.48) reports an CLOSED replica.
2023-07-26 19:48:07,982 [BlockDeletingService#4] INFO  interfaces.ContainerDeletionChoosingPolicyTemplate (ContainerDeletionChoosingPolicyTemplate.java:chooseContainerForBlockDeletion(83)) - Chosen 0/5000 blocks from 0 candidate containers.
2023-07-26 19:48:07,982 [BlockDeletingService#7] INFO  interfaces.ContainerDeletionChoosingPolicyTemplate (ContainerDeletionChoosingPolicyTemplate.java:chooseContainerForBlockDeletion(83)) - Chosen 0/5000 blocks from 0 candidate containers.
2023-07-26 19:48:08,082 [BlockDeletingService#4] INFO  interfaces.ContainerDeletionChoosingPolicyTemplate (ContainerDeletionChoosingPolicyTemplate.java:chooseContainerForBlockDeletion(83)) - Chosen 0/5000 blocks from 0 candidate containers.
2023-07-26 19:48:08,082 [BlockDeletingService#7] INFO  interfaces.ContainerDeletionChoosingPolicyTemplate (ContainerDeletionChoosingPolicyTemplate.java:chooseContainerForBlockDeletion(83)) - Chosen 0/5000 blocks from 0 candidate containers.
2023-07-26 19:48:08,182 [BlockDeletingService#4] INFO  interfaces.ContainerDeletionChoosingPolicyTemplate (ContainerDeletionChoosingPolicyTemplate.java:chooseContainerForBlockDeletion(83)) - Chosen 0/5000 blocks from 0 candidate containers.
2023-07-26 19:48:08,182 [BlockDeletingService#7] INFO  interfaces.ContainerDeletionChoosingPolicyTemplate (ContainerDeletionChoosingPolicyTemplate.java:chooseContainerForBlockDeletion(83)) - Chosen 0/5000 blocks from 0 candidate containers.
2023-07-26 19:48:08,203 [FixedThreadPoolWithAffinityExecutor-0-0] WARN  container.ContainerReportHandler (AbstractContainerReportHandler.java:updateContainerState(260)) - Container #1 is in OPEN state, but the datanode 4099cb2b-2e2e-4151-9db7-f99ade631412(fv-az465-709/10.1.0.48) reports an CLOSED replica.
2023-07-26 19:48:08,215 [FixedThreadPoolWithAffinityExecutor-8-0] WARN  container.ContainerReportHandler (AbstractContainerReportHandler.java:updateContainerState(260)) - Container #1 is in OPEN state, but the datanode c33e49d7-aab4-4e8b-84a2-e80ab64b386a(fv-az465-709/10.1.0.48) reports an CLOSED replica.
2023-07-26 19:48:08,283 [BlockDeletingService#4] INFO  interfaces.ContainerDeletionChoosingPolicyTemplate (ContainerDeletionChoosingPolicyTemplate.java:chooseContainerForBlockDeletion(83)) - Chosen 0/5000 blocks from 0 candidate containers.
2023-07-26 19:48:08,283 [BlockDeletingService#7] INFO  interfaces.ContainerDeletionChoosingPolicyTemplate (ContainerDeletionChoosingPolicyTemplate.java:chooseContainerForBlockDeletion(83)) - Chosen 0/5000 blocks from 0 candidate containers.
2023-07-26 19:48:08,383 [BlockDeletingService#4] INFO  interfaces.ContainerDeletionChoosingPolicyTemplate (ContainerDeletionChoosingPolicyTemplate.java:chooseContainerForBlockDeletion(83)) - Chosen 0/5000 blocks from 0 candidate containers.
2023-07-26 19:48:08,383 [BlockDeletingService#7] INFO  interfaces.ContainerDeletionChoosingPolicyTemplate (ContainerDeletionChoosingPolicyTemplate.java:chooseContainerForBlockDeletion(83)) - Chosen 0/5000 blocks from 0 candidate containers.
2023-07-26 19:48:08,414 [FixedThreadPoolWithAffinityExecutor-8-0] WARN  container.ContainerReportHandler (AbstractContainerReportHandler.java:updateContainerState(260)) - Container #1 is in OPEN state, but the datanode c33e49d7-aab4-4e8b-84a2-e80ab64b386a(fv-az465-709/10.1.0.48) reports an CLOSED replica.
2023-07-26 19:48:08,483 [BlockDeletingService#4] INFO  interfaces.ContainerDeletionChoosingPolicyTemplate (ContainerDeletionChoosingPolicyTemplate.java:chooseContainerForBlockDeletion(83)) - Chosen 0/5000 blocks from 0 candidate containers.
2023-07-26 19:48:08,483 [BlockDeletingService#7] INFO  interfaces.ContainerDeletionChoosingPolicyTemplate (ContainerDeletionChoosingPolicyTemplate.java:chooseContainerForBlockDeletion(83)) - Chosen 0/5000 blocks from 0 candidate containers.
2023-07-26 19:48:08,584 [BlockDeletingService#4] INFO  interfaces.ContainerDeletionChoosingPolicyTemplate (ContainerDeletionChoosingPolicyTemplate.java:chooseContainerForBlockDeletion(83)) - Chosen 0/5000 blocks from 0 candidate containers.
2023-07-26 19:48:08,584 [BlockDeletingService#7] INFO  interfaces.ContainerDeletionChoosingPolicyTemplate (ContainerDeletionChoosingPolicyTemplate.java:chooseContainerForBlockDeletion(83)) - Chosen 0/5000 blocks from 0 candidate containers.
2023-07-26 19:48:08,603 [FixedThreadPoolWithAffinityExecutor-0-0] WARN  container.ContainerReportHandler (AbstractContainerReportHandler.java:updateContainerState(260)) - Container #1 is in OPEN state, but the datanode 4099cb2b-2e2e-4151-9db7-f99ade631412(fv-az465-709/10.1.0.48) reports an CLOSED replica.
2023-07-26 19:48:08,614 [FixedThreadPoolWithAffinityExecutor-8-0] WARN  container.ContainerReportHandler (AbstractContainerReportHandler.java:updateContainerState(260)) - Container #1 is in OPEN state, but the datanode c33e49d7-aab4-4e8b-84a2-e80ab64b386a(fv-az465-709/10.1.0.48) reports an CLOSED replica.
2023-07-26 19:48:08,684 [BlockDeletingService#4] INFO  interfaces.ContainerDeletionChoosingPolicyTemplate (ContainerDeletionChoosingPolicyTemplate.java:chooseContainerForBlockDeletion(83)) - Chosen 0/5000 blocks from 0 candidate containers.
2023-07-26 19:48:08,685 [BlockDeletingService#7] INFO  interfaces.ContainerDeletionChoosingPolicyTemplate (ContainerDeletionChoosingPolicyTemplate.java:chooseContainerForBlockDeletion(83)) - Chosen 0/5000 blocks from 0 candidate containers.
2023-07-26 19:48:08,785 [BlockDeletingService#4] INFO  interfaces.ContainerDeletionChoosingPolicyTemplate (ContainerDeletionChoosingPolicyTemplate.java:chooseContainerForBlockDeletion(83)) - Chosen 0/5000 blocks from 0 candidate containers.
2023-07-26 19:48:08,785 [BlockDeletingService#7] INFO  interfaces.ContainerDeletionChoosingPolicyTemplate (ContainerDeletionChoosingPolicyTemplate.java:chooseContainerForBlockDeletion(83)) - Chosen 0/5000 blocks from 0 candidate containers.
2023-07-26 19:48:08,885 [BlockDeletingService#4] INFO  interfaces.ContainerDeletionChoosingPolicyTemplate (ContainerDeletionChoosingPolicyTemplate.java:chooseContainerForBlockDeletion(83)) - Chosen 0/5000 blocks from 0 candidate containers.
2023-07-26 19:48:08,885 [BlockDeletingService#7] INFO  interfaces.ContainerDeletionChoosingPolicyTemplate (ContainerDeletionChoosingPolicyTemplate.java:chooseContainerForBlockDeletion(83)) - Chosen 0/5000 blocks from 0 candidate containers.
2023-07-26 19:48:08,904 [FixedThreadPoolWithAffinityExecutor-0-0] WARN  container.ContainerReportHandler (AbstractContainerReportHandler.java:updateContainerState(260)) - Container #1 is in OPEN state, but the datanode 4099cb2b-2e2e-4151-9db7-f99ade631412(fv-az465-709/10.1.0.48) reports an CLOSED replica.
2023-07-26 19:48:08,915 [FixedThreadPoolWithAffinityExecutor-8-0] WARN  container.ContainerReportHandler (AbstractContainerReportHandler.java:updateContainerState(260)) - Container #1 is in OPEN state, but the datanode c33e49d7-aab4-4e8b-84a2-e80ab64b386a(fv-az465-709/10.1.0.48) reports an CLOSED replica.
2023-07-26 19:48:08,985 [grpc-default-executor-2] WARN  server.GrpcLogAppender (LogUtils.java:warn(122)) - 4099cb2b-2e2e-4151-9db7-f99ade631412@group-1C7129A268B6->cc71d3b4-cf6a-416c-96eb-6097e97a8fe1-AppendLogResponseHandler: Failed appendEntries: org.apache.ratis.thirdparty.io.grpc.StatusRuntimeException: UNAVAILABLE: io exception
2023-07-26 19:48:08,986 [grpc-default-executor-2] WARN  server.GrpcLogAppender (GrpcLogAppender.java:resetClient(128)) - 4099cb2b-2e2e-4151-9db7-f99ade631412@group-1C7129A268B6->cc71d3b4-cf6a-416c-96eb-6097e97a8fe1-GrpcLogAppender: Follower failed when matchIndex == 0,  keep nextIndex (6) unchanged and retry.
2023-07-26 19:48:08,986 [grpc-default-executor-3] WARN  server.GrpcLogAppender (LogUtils.java:warn(122)) - 4099cb2b-2e2e-4151-9db7-f99ade631412@group-1C7129A268B6->cc71d3b4-cf6a-416c-96eb-6097e97a8fe1-AppendLogResponseHandler: Failed appendEntries: org.apache.ratis.thirdparty.io.grpc.StatusRuntimeException: UNAVAILABLE: io exception
2023-07-26 19:48:08,986 [grpc-default-executor-3] WARN  server.GrpcLogAppender (GrpcLogAppender.java:resetClient(128)) - 4099cb2b-2e2e-4151-9db7-f99ade631412@group-1C7129A268B6->cc71d3b4-cf6a-416c-96eb-6097e97a8fe1-GrpcLogAppender: Follower failed when matchIndex == 0,  keep nextIndex (6) unchanged and retry.
2023-07-26 19:48:08,986 [BlockDeletingService#4] INFO  interfaces.ContainerDeletionChoosingPolicyTemplate (ContainerDeletionChoosingPolicyTemplate.java:chooseContainerForBlockDeletion(83)) - Chosen 0/5000 blocks from 0 candidate containers.
2023-07-26 19:48:08,989 [BlockDeletingService#7] INFO  interfaces.ContainerDeletionChoosingPolicyTemplate (ContainerDeletionChoosingPolicyTemplate.java:chooseContainerForBlockDeletion(83)) - Chosen 0/5000 blocks from 0 candidate containers.
2023-07-26 19:48:09,086 [BlockDeletingService#4] INFO  interfaces.ContainerDeletionChoosingPolicyTemplate (ContainerDeletionChoosingPolicyTemplate.java:chooseContainerForBlockDeletion(83)) - Chosen 0/5000 blocks from 0 candidate containers.
2023-07-26 19:48:09,090 [BlockDeletingService#7] INFO  interfaces.ContainerDeletionChoosingPolicyTemplate (ContainerDeletionChoosingPolicyTemplate.java:chooseContainerForBlockDeletion(83)) - Chosen 0/5000 blocks from 0 candidate containers.
2023-07-26 19:48:09,116 [FixedThreadPoolWithAffinityExecutor-8-0] WARN  container.ContainerReportHandler (AbstractContainerReportHandler.java:updateContainerState(260)) - Container #1 is in OPEN state, but the datanode c33e49d7-aab4-4e8b-84a2-e80ab64b386a(fv-az465-709/10.1.0.48) reports an CLOSED replica.
2023-07-26 19:48:09,187 [BlockDeletingService#4] INFO  interfaces.ContainerDeletionChoosingPolicyTemplate (ContainerDeletionChoosingPolicyTemplate.java:chooseContainerForBlockDeletion(83)) - Chosen 0/5000 blocks from 0 candidate containers.
2023-07-26 19:48:09,190 [BlockDeletingService#7] INFO  interfaces.ContainerDeletionChoosingPolicyTemplate (ContainerDeletionChoosingPolicyTemplate.java:chooseContainerForBlockDeletion(83)) - Chosen 0/5000 blocks from 0 candidate containers.
2023-07-26 19:48:09,205 [FixedThreadPoolWithAffinityExecutor-0-0] WARN  container.ContainerReportHandler (AbstractContainerReportHandler.java:updateContainerState(260)) - Container #1 is in OPEN state, but the datanode 4099cb2b-2e2e-4151-9db7-f99ade631412(fv-az465-709/10.1.0.48) reports an CLOSED replica.
2023-07-26 19:48:09,287 [BlockDeletingService#4] INFO  interfaces.ContainerDeletionChoosingPolicyTemplate (ContainerDeletionChoosingPolicyTemplate.java:chooseContainerForBlockDeletion(83)) - Chosen 0/5000 blocks from 0 candidate containers.
2023-07-26 19:48:09,290 [BlockDeletingService#7] INFO  interfaces.ContainerDeletionChoosingPolicyTemplate (ContainerDeletionChoosingPolicyTemplate.java:chooseContainerForBlockDeletion(83)) - Chosen 0/5000 blocks from 0 candidate containers.
2023-07-26 19:48:09,316 [FixedThreadPoolWithAffinityExecutor-8-0] WARN  container.ContainerReportHandler (AbstractContainerReportHandler.java:updateContainerState(260)) - Container #1 is in OPEN state, but the datanode c33e49d7-aab4-4e8b-84a2-e80ab64b386a(fv-az465-709/10.1.0.48) reports an CLOSED replica.
2023-07-26 19:48:09,388 [BlockDeletingService#4] INFO  interfaces.ContainerDeletionChoosingPolicyTemplate (ContainerDeletionChoosingPolicyTemplate.java:chooseContainerForBlockDeletion(83)) - Chosen 0/5000 blocks from 0 candidate containers.
2023-07-26 19:48:09,390 [BlockDeletingService#7] INFO  interfaces.ContainerDeletionChoosingPolicyTemplate (ContainerDeletionChoosingPolicyTemplate.java:chooseContainerForBlockDeletion(83)) - Chosen 0/5000 blocks from 0 candidate containers.
2023-07-26 19:48:09,488 [BlockDeletingService#4] INFO  interfaces.ContainerDeletionChoosingPolicyTemplate (ContainerDeletionChoosingPolicyTemplate.java:chooseContainerForBlockDeletion(83)) - Chosen 0/5000 blocks from 0 candidate containers.
2023-07-26 19:48:09,491 [BlockDeletingService#7] INFO  interfaces.ContainerDeletionChoosingPolicyTemplate (ContainerDeletionChoosingPolicyTemplate.java:chooseContainerForBlockDeletion(83)) - Chosen 0/5000 blocks from 0 candidate containers.
2023-07-26 19:48:09,516 [FixedThreadPoolWithAffinityExecutor-8-0] WARN  container.ContainerReportHandler (AbstractContainerReportHandler.java:updateContainerState(260)) - Container #1 is in OPEN state, but the datanode c33e49d7-aab4-4e8b-84a2-e80ab64b386a(fv-az465-709/10.1.0.48) reports an CLOSED replica.
2023-07-26 19:48:09,588 [BlockDeletingService#4] INFO  interfaces.ContainerDeletionChoosingPolicyTemplate (ContainerDeletionChoosingPolicyTemplate.java:chooseContainerForBlockDeletion(83)) - Chosen 0/5000 blocks from 0 candidate containers.
2023-07-26 19:48:09,591 [BlockDeletingService#7] INFO  interfaces.ContainerDeletionChoosingPolicyTemplate (ContainerDeletionChoosingPolicyTemplate.java:chooseContainerForBlockDeletion(83)) - Chosen 0/5000 blocks from 0 candidate containers.
2023-07-26 19:48:09,605 [FixedThreadPoolWithAffinityExecutor-0-0] WARN  container.ContainerReportHandler (AbstractContainerReportHandler.java:updateContainerState(260)) - Container #1 is in OPEN state, but the datanode 4099cb2b-2e2e-4151-9db7-f99ade631412(fv-az465-709/10.1.0.48) reports an CLOSED replica.
2023-07-26 19:48:09,689 [BlockDeletingService#4] INFO  interfaces.ContainerDeletionChoosingPolicyTemplate (ContainerDeletionChoosingPolicyTemplate.java:chooseContainerForBlockDeletion(83)) - Chosen 0/5000 blocks from 0 candidate containers.
2023-07-26 19:48:09,691 [BlockDeletingService#7] INFO  interfaces.ContainerDeletionChoosingPolicyTemplate (ContainerDeletionChoosingPolicyTemplate.java:chooseContainerForBlockDeletion(83)) - Chosen 0/5000 blocks from 0 candidate containers.
2023-07-26 19:48:09,789 [BlockDeletingService#4] INFO  interfaces.ContainerDeletionChoosingPolicyTemplate (ContainerDeletionChoosingPolicyTemplate.java:chooseContainerForBlockDeletion(83)) - Chosen 0/5000 blocks from 0 candidate containers.
2023-07-26 19:48:09,791 [BlockDeletingService#7] INFO  interfaces.ContainerDeletionChoosingPolicyTemplate (ContainerDeletionChoosingPolicyTemplate.java:chooseContainerForBlockDeletion(83)) - Chosen 0/5000 blocks from 0 candidate containers.
2023-07-26 19:48:09,817 [FixedThreadPoolWithAffinityExecutor-8-0] WARN  container.ContainerReportHandler (AbstractContainerReportHandler.java:updateContainerState(260)) - Container #1 is in OPEN state, but the datanode c33e49d7-aab4-4e8b-84a2-e80ab64b386a(fv-az465-709/10.1.0.48) reports an CLOSED replica.
2023-07-26 19:48:09,890 [BlockDeletingService#4] INFO  interfaces.ContainerDeletionChoosingPolicyTemplate (ContainerDeletionChoosingPolicyTemplate.java:chooseContainerForBlockDeletion(83)) - Chosen 0/5000 blocks from 0 candidate containers.
2023-07-26 19:48:09,892 [BlockDeletingService#7] INFO  interfaces.ContainerDeletionChoosingPolicyTemplate (ContainerDeletionChoosingPolicyTemplate.java:chooseContainerForBlockDeletion(83)) - Chosen 0/5000 blocks from 0 candidate containers.
2023-07-26 19:48:09,909 [FixedThreadPoolWithAffinityExecutor-0-0] WARN  container.ContainerReportHandler (AbstractContainerReportHandler.java:updateContainerState(260)) - Container #1 is in OPEN state, but the datanode 4099cb2b-2e2e-4151-9db7-f99ade631412(fv-az465-709/10.1.0.48) reports an CLOSED replica.
2023-07-26 19:48:09,990 [BlockDeletingService#4] INFO  interfaces.ContainerDeletionChoosingPolicyTemplate (ContainerDeletionChoosingPolicyTemplate.java:chooseContainerForBlockDeletion(83)) - Chosen 0/5000 blocks from 0 candidate containers.
2023-07-26 19:48:09,992 [BlockDeletingService#7] INFO  interfaces.ContainerDeletionChoosingPolicyTemplate (ContainerDeletionChoosingPolicyTemplate.java:chooseContainerForBlockDeletion(83)) - Chosen 0/5000 blocks from 0 candidate containers.
2023-07-26 19:48:10,017 [FixedThreadPoolWithAffinityExecutor-8-0] WARN  container.ContainerReportHandler (AbstractContainerReportHandler.java:updateContainerState(260)) - Container #1 is in OPEN state, but the datanode c33e49d7-aab4-4e8b-84a2-e80ab64b386a(fv-az465-709/10.1.0.48) reports an CLOSED replica.
2023-07-26 19:48:10,090 [BlockDeletingService#4] INFO  interfaces.ContainerDeletionChoosingPolicyTemplate (ContainerDeletionChoosingPolicyTemplate.java:chooseContainerForBlockDeletion(83)) - Chosen 0/5000 blocks from 0 candidate containers.
2023-07-26 19:48:10,092 [BlockDeletingService#7] INFO  interfaces.ContainerDeletionChoosingPolicyTemplate (ContainerDeletionChoosingPolicyTemplate.java:chooseContainerForBlockDeletion(83)) - Chosen 0/5000 blocks from 0 candidate containers.
2023-07-26 19:48:10,191 [BlockDeletingService#4] INFO  interfaces.ContainerDeletionChoosingPolicyTemplate (ContainerDeletionChoosingPolicyTemplate.java:chooseContainerForBlockDeletion(83)) - Chosen 0/5000 blocks from 0 candidate containers.
2023-07-26 19:48:10,192 [BlockDeletingService#7] INFO  interfaces.ContainerDeletionChoosingPolicyTemplate (ContainerDeletionChoosingPolicyTemplate.java:chooseContainerForBlockDeletion(83)) - Chosen 0/5000 blocks from 0 candidate containers.
2023-07-26 19:48:10,218 [FixedThreadPoolWithAffinityExecutor-8-0] WARN  container.ContainerReportHandler (AbstractContainerReportHandler.java:updateContainerState(260)) - Container #1 is in OPEN state, but the datanode c33e49d7-aab4-4e8b-84a2-e80ab64b386a(fv-az465-709/10.1.0.48) reports an CLOSED replica.
2023-07-26 19:48:10,236 [grpc-default-executor-2] WARN  server.GrpcLogAppender (LogUtils.java:warn(122)) - 4099cb2b-2e2e-4151-9db7-f99ade631412@group-1C7129A268B6->cc71d3b4-cf6a-416c-96eb-6097e97a8fe1-AppendLogResponseHandler: Failed appendEntries: org.apache.ratis.thirdparty.io.grpc.StatusRuntimeException: UNAVAILABLE: io exception
2023-07-26 19:48:10,236 [grpc-default-executor-3] WARN  server.GrpcLogAppender (LogUtils.java:warn(122)) - 4099cb2b-2e2e-4151-9db7-f99ade631412@group-1C7129A268B6->cc71d3b4-cf6a-416c-96eb-6097e97a8fe1-AppendLogResponseHandler: Failed appendEntries: org.apache.ratis.thirdparty.io.grpc.StatusRuntimeException: UNAVAILABLE: io exception
2023-07-26 19:48:10,237 [grpc-default-executor-2] WARN  server.GrpcLogAppender (GrpcLogAppender.java:resetClient(128)) - 4099cb2b-2e2e-4151-9db7-f99ade631412@group-1C7129A268B6->cc71d3b4-cf6a-416c-96eb-6097e97a8fe1-GrpcLogAppender: Follower failed when matchIndex == 0,  keep nextIndex (6) unchanged and retry.
2023-07-26 19:48:10,238 [grpc-default-executor-3] WARN  server.GrpcLogAppender (GrpcLogAppender.java:resetClient(128)) - 4099cb2b-2e2e-4151-9db7-f99ade631412@group-1C7129A268B6->cc71d3b4-cf6a-416c-96eb-6097e97a8fe1-GrpcLogAppender: Follower failed when matchIndex == 0,  keep nextIndex (6) unchanged and retry.
2023-07-26 19:48:10,291 [BlockDeletingService#4] INFO  interfaces.ContainerDeletionChoosingPolicyTemplate (ContainerDeletionChoosingPolicyTemplate.java:chooseContainerForBlockDeletion(83)) - Chosen 0/5000 blocks from 0 candidate containers.
2023-07-26 19:48:10,292 [BlockDeletingService#7] INFO  interfaces.ContainerDeletionChoosingPolicyTemplate (ContainerDeletionChoosingPolicyTemplate.java:chooseContainerForBlockDeletion(83)) - Chosen 0/5000 blocks from 0 candidate containers.
2023-07-26 19:48:10,306 [FixedThreadPoolWithAffinityExecutor-0-0] WARN  container.ContainerReportHandler (AbstractContainerReportHandler.java:updateContainerState(260)) - Container #1 is in OPEN state, but the datanode 4099cb2b-2e2e-4151-9db7-f99ade631412(fv-az465-709/10.1.0.48) reports an CLOSED replica.
2023-07-26 19:48:10,391 [BlockDeletingService#4] INFO  interfaces.ContainerDeletionChoosingPolicyTemplate (ContainerDeletionChoosingPolicyTemplate.java:chooseContainerForBlockDeletion(83)) - Chosen 0/5000 blocks from 0 candidate containers.
2023-07-26 19:48:10,393 [BlockDeletingService#7] INFO  interfaces.ContainerDeletionChoosingPolicyTemplate (ContainerDeletionChoosingPolicyTemplate.java:chooseContainerForBlockDeletion(83)) - Chosen 0/5000 blocks from 0 candidate containers.
2023-07-26 19:48:10,492 [BlockDeletingService#4] INFO  interfaces.ContainerDeletionChoosingPolicyTemplate (ContainerDeletionChoosingPolicyTemplate.java:chooseContainerForBlockDeletion(83)) - Chosen 0/5000 blocks from 0 candidate containers.
2023-07-26 19:48:10,493 [BlockDeletingService#7] INFO  interfaces.ContainerDeletionChoosingPolicyTemplate (ContainerDeletionChoosingPolicyTemplate.java:chooseContainerForBlockDeletion(83)) - Chosen 0/5000 blocks from 0 candidate containers.
2023-07-26 19:48:10,518 [FixedThreadPoolWithAffinityExecutor-8-0] WARN  container.ContainerReportHandler (AbstractContainerReportHandler.java:updateContainerState(260)) - Container #1 is in OPEN state, but the datanode c33e49d7-aab4-4e8b-84a2-e80ab64b386a(fv-az465-709/10.1.0.48) reports an CLOSED replica.
2023-07-26 19:48:10,592 [BlockDeletingService#4] INFO  interfaces.ContainerDeletionChoosingPolicyTemplate (ContainerDeletionChoosingPolicyTemplate.java:chooseContainerForBlockDeletion(83)) - Chosen 0/5000 blocks from 0 candidate containers.
2023-07-26 19:48:10,593 [BlockDeletingService#7] INFO  interfaces.ContainerDeletionChoosingPolicyTemplate (ContainerDeletionChoosingPolicyTemplate.java:chooseContainerForBlockDeletion(83)) - Chosen 0/5000 blocks from 0 candidate containers.
2023-07-26 19:48:10,606 [FixedThreadPoolWithAffinityExecutor-0-0] WARN  container.ContainerReportHandler (AbstractContainerReportHandler.java:updateContainerState(260)) - Container #1 is in OPEN state, but the datanode 4099cb2b-2e2e-4151-9db7-f99ade631412(fv-az465-709/10.1.0.48) reports an CLOSED replica.
2023-07-26 19:48:10,692 [BlockDeletingService#4] INFO  interfaces.ContainerDeletionChoosingPolicyTemplate (ContainerDeletionChoosingPolicyTemplate.java:chooseContainerForBlockDeletion(83)) - Chosen 0/5000 blocks from 0 candidate containers.
2023-07-26 19:48:10,693 [BlockDeletingService#7] INFO  interfaces.ContainerDeletionChoosingPolicyTemplate (ContainerDeletionChoosingPolicyTemplate.java:chooseContainerForBlockDeletion(83)) - Chosen 0/5000 blocks from 0 candidate containers.
2023-07-26 19:48:10,718 [FixedThreadPoolWithAffinityExecutor-8-0] WARN  container.ContainerReportHandler (AbstractContainerReportHandler.java:updateContainerState(260)) - Container #1 is in OPEN state, but the datanode c33e49d7-aab4-4e8b-84a2-e80ab64b386a(fv-az465-709/10.1.0.48) reports an CLOSED replica.
2023-07-26 19:48:10,793 [BlockDeletingService#4] INFO  interfaces.ContainerDeletionChoosingPolicyTemplate (ContainerDeletionChoosingPolicyTemplate.java:chooseContainerForBlockDeletion(83)) - Chosen 0/5000 blocks from 0 candidate containers.
2023-07-26 19:48:10,794 [BlockDeletingService#7] INFO  interfaces.ContainerDeletionChoosingPolicyTemplate (ContainerDeletionChoosingPolicyTemplate.java:chooseContainerForBlockDeletion(83)) - Chosen 0/5000 blocks from 0 candidate containers.
2023-07-26 19:48:10,893 [BlockDeletingService#4] INFO  interfaces.ContainerDeletionChoosingPolicyTemplate (ContainerDeletionChoosingPolicyTemplate.java:chooseContainerForBlockDeletion(83)) - Chosen 0/5000 blocks from 0 candidate containers.
2023-07-26 19:48:10,894 [BlockDeletingService#7] INFO  interfaces.ContainerDeletionChoosingPolicyTemplate (ContainerDeletionChoosingPolicyTemplate.java:chooseContainerForBlockDeletion(83)) - Chosen 0/5000 blocks from 0 candidate containers.
2023-07-26 19:48:10,906 [FixedThreadPoolWithAffinityExecutor-0-0] WARN  container.ContainerReportHandler (AbstractContainerReportHandler.java:updateContainerState(260)) - Container #1 is in OPEN state, but the datanode 4099cb2b-2e2e-4151-9db7-f99ade631412(fv-az465-709/10.1.0.48) reports an CLOSED replica.
2023-07-26 19:48:10,918 [FixedThreadPoolWithAffinityExecutor-8-0] WARN  container.ContainerReportHandler (AbstractContainerReportHandler.java:updateContainerState(260)) - Container #1 is in OPEN state, but the datanode c33e49d7-aab4-4e8b-84a2-e80ab64b386a(fv-az465-709/10.1.0.48) reports an CLOSED replica.
2023-07-26 19:48:10,994 [BlockDeletingService#4] INFO  interfaces.ContainerDeletionChoosingPolicyTemplate (ContainerDeletionChoosingPolicyTemplate.java:chooseContainerForBlockDeletion(83)) - Chosen 0/5000 blocks from 0 candidate containers.
2023-07-26 19:48:10,994 [BlockDeletingService#7] INFO  interfaces.ContainerDeletionChoosingPolicyTemplate (ContainerDeletionChoosingPolicyTemplate.java:chooseContainerForBlockDeletion(83)) - Chosen 0/5000 blocks from 0 candidate containers.
2023-07-26 19:48:11,094 [BlockDeletingService#4] INFO  interfaces.ContainerDeletionChoosingPolicyTemplate (ContainerDeletionChoosingPolicyTemplate.java:chooseContainerForBlockDeletion(83)) - Chosen 0/5000 blocks from 0 candidate containers.
2023-07-26 19:48:11,094 [BlockDeletingService#7] INFO  interfaces.ContainerDeletionChoosingPolicyTemplate (ContainerDeletionChoosingPolicyTemplate.java:chooseContainerForBlockDeletion(83)) - Chosen 0/5000 blocks from 0 candidate containers.
2023-07-26 19:48:11,195 [BlockDeletingService#4] INFO  interfaces.ContainerDeletionChoosingPolicyTemplate (ContainerDeletionChoosingPolicyTemplate.java:chooseContainerForBlockDeletion(83)) - Chosen 0/5000 blocks from 0 candidate containers.
2023-07-26 19:48:11,195 [BlockDeletingService#7] INFO  interfaces.ContainerDeletionChoosingPolicyTemplate (ContainerDeletionChoosingPolicyTemplate.java:chooseContainerForBlockDeletion(83)) - Chosen 0/5000 blocks from 0 candidate containers.
2023-07-26 19:48:11,218 [FixedThreadPoolWithAffinityExecutor-8-0] WARN  container.ContainerReportHandler (AbstractContainerReportHandler.java:updateContainerState(260)) - Container #1 is in OPEN state, but the datanode c33e49d7-aab4-4e8b-84a2-e80ab64b386a(fv-az465-709/10.1.0.48) reports an CLOSED replica.
2023-07-26 19:48:11,295 [BlockDeletingService#4] INFO  interfaces.ContainerDeletionChoosingPolicyTemplate (ContainerDeletionChoosingPolicyTemplate.java:chooseContainerForBlockDeletion(83)) - Chosen 0/5000 blocks from 0 candidate containers.
2023-07-26 19:48:11,296 [BlockDeletingService#7] INFO  interfaces.ContainerDeletionChoosingPolicyTemplate (ContainerDeletionChoosingPolicyTemplate.java:chooseContainerForBlockDeletion(83)) - Chosen 0/5000 blocks from 0 candidate containers.
2023-07-26 19:48:11,307 [FixedThreadPoolWithAffinityExecutor-0-0] WARN  container.ContainerReportHandler (AbstractContainerReportHandler.java:updateContainerState(260)) - Container #1 is in OPEN state, but the datanode 4099cb2b-2e2e-4151-9db7-f99ade631412(fv-az465-709/10.1.0.48) reports an CLOSED replica.
2023-07-26 19:48:11,395 [BlockDeletingService#4] INFO  interfaces.ContainerDeletionChoosingPolicyTemplate (ContainerDeletionChoosingPolicyTemplate.java:chooseContainerForBlockDeletion(83)) - Chosen 0/5000 blocks from 0 candidate containers.
2023-07-26 19:48:11,397 [BlockDeletingService#7] INFO  interfaces.ContainerDeletionChoosingPolicyTemplate (ContainerDeletionChoosingPolicyTemplate.java:chooseContainerForBlockDeletion(83)) - Chosen 0/5000 blocks from 0 candidate containers.
2023-07-26 19:48:11,418 [FixedThreadPoolWithAffinityExecutor-8-0] WARN  container.ContainerReportHandler (AbstractContainerReportHandler.java:updateContainerState(260)) - Container #1 is in OPEN state, but the datanode c33e49d7-aab4-4e8b-84a2-e80ab64b386a(fv-az465-709/10.1.0.48) reports an CLOSED replica.
2023-07-26 19:48:11,486 [grpc-default-executor-3] WARN  server.GrpcLogAppender (LogUtils.java:warn(122)) - 4099cb2b-2e2e-4151-9db7-f99ade631412@group-1C7129A268B6->cc71d3b4-cf6a-416c-96eb-6097e97a8fe1-AppendLogResponseHandler: Failed appendEntries: org.apache.ratis.thirdparty.io.grpc.StatusRuntimeException: UNAVAILABLE: io exception
2023-07-26 19:48:11,487 [grpc-default-executor-3] WARN  server.GrpcLogAppender (GrpcLogAppender.java:resetClient(128)) - 4099cb2b-2e2e-4151-9db7-f99ade631412@group-1C7129A268B6->cc71d3b4-cf6a-416c-96eb-6097e97a8fe1-GrpcLogAppender: Follower failed when matchIndex == 0,  keep nextIndex (6) unchanged and retry.
2023-07-26 19:48:11,489 [grpc-default-executor-2] WARN  server.GrpcLogAppender (LogUtils.java:warn(122)) - 4099cb2b-2e2e-4151-9db7-f99ade631412@group-1C7129A268B6->cc71d3b4-cf6a-416c-96eb-6097e97a8fe1-AppendLogResponseHandler: Failed appendEntries: org.apache.ratis.thirdparty.io.grpc.StatusRuntimeException: UNAVAILABLE: io exception
2023-07-26 19:48:11,490 [grpc-default-executor-2] WARN  server.GrpcLogAppender (GrpcLogAppender.java:resetClient(128)) - 4099cb2b-2e2e-4151-9db7-f99ade631412@group-1C7129A268B6->cc71d3b4-cf6a-416c-96eb-6097e97a8fe1-GrpcLogAppender: Follower failed when matchIndex == 0,  keep nextIndex (6) unchanged and retry.
2023-07-26 19:48:11,496 [BlockDeletingService#4] INFO  interfaces.ContainerDeletionChoosingPolicyTemplate (ContainerDeletionChoosingPolicyTemplate.java:chooseContainerForBlockDeletion(83)) - Chosen 0/5000 blocks from 0 candidate containers.
2023-07-26 19:48:11,497 [BlockDeletingService#7] INFO  interfaces.ContainerDeletionChoosingPolicyTemplate (ContainerDeletionChoosingPolicyTemplate.java:chooseContainerForBlockDeletion(83)) - Chosen 0/5000 blocks from 0 candidate containers.
2023-07-26 19:48:11,599 [BlockDeletingService#7] INFO  interfaces.ContainerDeletionChoosingPolicyTemplate (ContainerDeletionChoosingPolicyTemplate.java:chooseContainerForBlockDeletion(83)) - Chosen 0/5000 blocks from 0 candidate containers.
2023-07-26 19:48:11,599 [BlockDeletingService#4] INFO  interfaces.ContainerDeletionChoosingPolicyTemplate (ContainerDeletionChoosingPolicyTemplate.java:chooseContainerForBlockDeletion(83)) - Chosen 0/5000 blocks from 0 candidate containers.
2023-07-26 19:48:11,608 [FixedThreadPoolWithAffinityExecutor-0-0] WARN  container.ContainerReportHandler (AbstractContainerReportHandler.java:updateContainerState(260)) - Container #1 is in OPEN state, but the datanode 4099cb2b-2e2e-4151-9db7-f99ade631412(fv-az465-709/10.1.0.48) reports an CLOSED replica.
2023-07-26 19:48:11,618 [FixedThreadPoolWithAffinityExecutor-8-0] WARN  container.ContainerReportHandler (AbstractContainerReportHandler.java:updateContainerState(260)) - Container #1 is in OPEN state, but the datanode c33e49d7-aab4-4e8b-84a2-e80ab64b386a(fv-az465-709/10.1.0.48) reports an CLOSED replica.
2023-07-26 19:48:11,699 [BlockDeletingService#7] INFO  interfaces.ContainerDeletionChoosingPolicyTemplate (ContainerDeletionChoosingPolicyTemplate.java:chooseContainerForBlockDeletion(83)) - Chosen 0/5000 blocks from 0 candidate containers.
2023-07-26 19:48:11,699 [BlockDeletingService#4] INFO  interfaces.ContainerDeletionChoosingPolicyTemplate (ContainerDeletionChoosingPolicyTemplate.java:chooseContainerForBlockDeletion(83)) - Chosen 0/5000 blocks from 0 candidate containers.
2023-07-26 19:48:11,800 [BlockDeletingService#7] INFO  interfaces.ContainerDeletionChoosingPolicyTemplate (ContainerDeletionChoosingPolicyTemplate.java:chooseContainerForBlockDeletion(83)) - Chosen 0/5000 blocks from 0 candidate containers.
2023-07-26 19:48:11,800 [BlockDeletingService#4] INFO  interfaces.ContainerDeletionChoosingPolicyTemplate (ContainerDeletionChoosingPolicyTemplate.java:chooseContainerForBlockDeletion(83)) - Chosen 0/5000 blocks from 0 candidate containers.
2023-07-26 19:48:11,900 [BlockDeletingService#7] INFO  interfaces.ContainerDeletionChoosingPolicyTemplate (ContainerDeletionChoosingPolicyTemplate.java:chooseContainerForBlockDeletion(83)) - Chosen 0/5000 blocks from 0 candidate containers.
2023-07-26 19:48:11,900 [BlockDeletingService#4] INFO  interfaces.ContainerDeletionChoosingPolicyTemplate (ContainerDeletionChoosingPolicyTemplate.java:chooseContainerForBlockDeletion(83)) - Chosen 0/5000 blocks from 0 candidate containers.
2023-07-26 19:48:11,918 [FixedThreadPoolWithAffinityExecutor-8-0] WARN  container.ContainerReportHandler (AbstractContainerReportHandler.java:updateContainerState(260)) - Container #1 is in OPEN state, but the datanode c33e49d7-aab4-4e8b-84a2-e80ab64b386a(fv-az465-709/10.1.0.48) reports an CLOSED replica.
2023-07-26 19:48:12,000 [BlockDeletingService#7] INFO  interfaces.ContainerDeletionChoosingPolicyTemplate (ContainerDeletionChoosingPolicyTemplate.java:chooseContainerForBlockDeletion(83)) - Chosen 0/5000 blocks from 0 candidate containers.
2023-07-26 19:48:12,000 [BlockDeletingService#4] INFO  interfaces.ContainerDeletionChoosingPolicyTemplate (ContainerDeletionChoosingPolicyTemplate.java:chooseContainerForBlockDeletion(83)) - Chosen 0/5000 blocks from 0 candidate containers.
2023-07-26 19:48:12,009 [FixedThreadPoolWithAffinityExecutor-0-0] WARN  container.ContainerReportHandler (AbstractContainerReportHandler.java:updateContainerState(260)) - Container #1 is in OPEN state, but the datanode 4099cb2b-2e2e-4151-9db7-f99ade631412(fv-az465-709/10.1.0.48) reports an CLOSED replica.
2023-07-26 19:48:12,101 [BlockDeletingService#4] INFO  interfaces.ContainerDeletionChoosingPolicyTemplate (ContainerDeletionChoosingPolicyTemplate.java:chooseContainerForBlockDeletion(83)) - Chosen 0/5000 blocks from 0 candidate containers.
2023-07-26 19:48:12,101 [BlockDeletingService#7] INFO  interfaces.ContainerDeletionChoosingPolicyTemplate (ContainerDeletionChoosingPolicyTemplate.java:chooseContainerForBlockDeletion(83)) - Chosen 0/5000 blocks from 0 candidate containers.
2023-07-26 19:48:12,118 [FixedThreadPoolWithAffinityExecutor-8-0] WARN  container.ContainerReportHandler (AbstractContainerReportHandler.java:updateContainerState(260)) - Container #1 is in OPEN state, but the datanode c33e49d7-aab4-4e8b-84a2-e80ab64b386a(fv-az465-709/10.1.0.48) reports an CLOSED replica.
2023-07-26 19:48:12,201 [BlockDeletingService#7] INFO  interfaces.ContainerDeletionChoosingPolicyTemplate (ContainerDeletionChoosingPolicyTemplate.java:chooseContainerForBlockDeletion(83)) - Chosen 0/5000 blocks from 0 candidate containers.
2023-07-26 19:48:12,202 [BlockDeletingService#4] INFO  interfaces.ContainerDeletionChoosingPolicyTemplate (ContainerDeletionChoosingPolicyTemplate.java:chooseContainerForBlockDeletion(83)) - Chosen 0/5000 blocks from 0 candidate containers.
2023-07-26 19:48:12,302 [BlockDeletingService#7] INFO  interfaces.ContainerDeletionChoosingPolicyTemplate (ContainerDeletionChoosingPolicyTemplate.java:chooseContainerForBlockDeletion(83)) - Chosen 0/5000 blocks from 0 candidate containers.
2023-07-26 19:48:12,302 [BlockDeletingService#4] INFO  interfaces.ContainerDeletionChoosingPolicyTemplate (ContainerDeletionChoosingPolicyTemplate.java:chooseContainerForBlockDeletion(83)) - Chosen 0/5000 blocks from 0 candidate containers.
2023-07-26 19:48:12,309 [FixedThreadPoolWithAffinityExecutor-0-0] WARN  container.ContainerReportHandler (AbstractContainerReportHandler.java:updateContainerState(260)) - Container #1 is in OPEN state, but the datanode 4099cb2b-2e2e-4151-9db7-f99ade631412(fv-az465-709/10.1.0.48) reports an CLOSED replica.
2023-07-26 19:48:12,319 [FixedThreadPoolWithAffinityExecutor-8-0] WARN  container.ContainerReportHandler (AbstractContainerReportHandler.java:updateContainerState(260)) - Container #1 is in OPEN state, but the datanode c33e49d7-aab4-4e8b-84a2-e80ab64b386a(fv-az465-709/10.1.0.48) reports an CLOSED replica.
2023-07-26 19:48:12,402 [BlockDeletingService#7] INFO  interfaces.ContainerDeletionChoosingPolicyTemplate (ContainerDeletionChoosingPolicyTemplate.java:chooseContainerForBlockDeletion(83)) - Chosen 0/5000 blocks from 0 candidate containers.
2023-07-26 19:48:12,402 [BlockDeletingService#4] INFO  interfaces.ContainerDeletionChoosingPolicyTemplate (ContainerDeletionChoosingPolicyTemplate.java:chooseContainerForBlockDeletion(83)) - Chosen 0/5000 blocks from 0 candidate containers.
2023-07-26 19:48:12,503 [BlockDeletingService#7] INFO  interfaces.ContainerDeletionChoosingPolicyTemplate (ContainerDeletionChoosingPolicyTemplate.java:chooseContainerForBlockDeletion(83)) - Chosen 0/5000 blocks from 0 candidate containers.
2023-07-26 19:48:12,503 [BlockDeletingService#4] INFO  interfaces.ContainerDeletionChoosingPolicyTemplate (ContainerDeletionChoosingPolicyTemplate.java:chooseContainerForBlockDeletion(83)) - Chosen 0/5000 blocks from 0 candidate containers.
2023-07-26 19:48:12,532 [FixedThreadPoolWithAffinityExecutor-8-0] WARN  container.ContainerReportHandler (AbstractContainerReportHandler.java:updateContainerState(260)) - Container #1 is in OPEN state, but the datanode c33e49d7-aab4-4e8b-84a2-e80ab64b386a(fv-az465-709/10.1.0.48) reports an CLOSED replica.
2023-07-26 19:48:12,603 [BlockDeletingService#7] INFO  interfaces.ContainerDeletionChoosingPolicyTemplate (ContainerDeletionChoosingPolicyTemplate.java:chooseContainerForBlockDeletion(83)) - Chosen 0/5000 blocks from 0 candidate containers.
2023-07-26 19:48:12,603 [BlockDeletingService#4] INFO  interfaces.ContainerDeletionChoosingPolicyTemplate (ContainerDeletionChoosingPolicyTemplate.java:chooseContainerForBlockDeletion(83)) - Chosen 0/5000 blocks from 0 candidate containers.
2023-07-26 19:48:12,703 [BlockDeletingService#7] INFO  interfaces.ContainerDeletionChoosingPolicyTemplate (ContainerDeletionChoosingPolicyTemplate.java:chooseContainerForBlockDeletion(83)) - Chosen 0/5000 blocks from 0 candidate containers.
2023-07-26 19:48:12,704 [BlockDeletingService#4] INFO  interfaces.ContainerDeletionChoosingPolicyTemplate (ContainerDeletionChoosingPolicyTemplate.java:chooseContainerForBlockDeletion(83)) - Chosen 0/5000 blocks from 0 candidate containers.
2023-07-26 19:48:12,711 [FixedThreadPoolWithAffinityExecutor-0-0] WARN  container.ContainerReportHandler (AbstractContainerReportHandler.java:updateContainerState(260)) - Container #1 is in OPEN state, but the datanode 4099cb2b-2e2e-4151-9db7-f99ade631412(fv-az465-709/10.1.0.48) reports an CLOSED replica.
2023-07-26 19:48:12,737 [grpc-default-executor-3] WARN  server.GrpcLogAppender (LogUtils.java:warn(122)) - 4099cb2b-2e2e-4151-9db7-f99ade631412@group-1C7129A268B6->cc71d3b4-cf6a-416c-96eb-6097e97a8fe1-AppendLogResponseHandler: Failed appendEntries: org.apache.ratis.thirdparty.io.grpc.StatusRuntimeException: UNAVAILABLE: io exception
2023-07-26 19:48:12,737 [grpc-default-executor-2] WARN  server.GrpcLogAppender (LogUtils.java:warn(122)) - 4099cb2b-2e2e-4151-9db7-f99ade631412@group-1C7129A268B6->cc71d3b4-cf6a-416c-96eb-6097e97a8fe1-AppendLogResponseHandler: Failed appendEntries: org.apache.ratis.thirdparty.io.grpc.StatusRuntimeException: UNAVAILABLE: io exception
2023-07-26 19:48:12,738 [grpc-default-executor-3] WARN  server.GrpcLogAppender (GrpcLogAppender.java:resetClient(128)) - 4099cb2b-2e2e-4151-9db7-f99ade631412@group-1C7129A268B6->cc71d3b4-cf6a-416c-96eb-6097e97a8fe1-GrpcLogAppender: Follower failed when matchIndex == 0,  keep nextIndex (6) unchanged and retry.
2023-07-26 19:48:12,739 [grpc-default-executor-2] WARN  server.GrpcLogAppender (GrpcLogAppender.java:resetClient(128)) - 4099cb2b-2e2e-4151-9db7-f99ade631412@group-1C7129A268B6->cc71d3b4-cf6a-416c-96eb-6097e97a8fe1-GrpcLogAppender: Follower failed when matchIndex == 0,  keep nextIndex (6) unchanged and retry.
2023-07-26 19:48:12,804 [BlockDeletingService#7] INFO  interfaces.ContainerDeletionChoosingPolicyTemplate (ContainerDeletionChoosingPolicyTemplate.java:chooseContainerForBlockDeletion(83)) - Chosen 0/5000 blocks from 0 candidate containers.
2023-07-26 19:48:12,804 [BlockDeletingService#4] INFO  interfaces.ContainerDeletionChoosingPolicyTemplate (ContainerDeletionChoosingPolicyTemplate.java:chooseContainerForBlockDeletion(83)) - Chosen 0/5000 blocks from 0 candidate containers.
2023-07-26 19:48:12,819 [FixedThreadPoolWithAffinityExecutor-8-0] WARN  container.ContainerReportHandler (AbstractContainerReportHandler.java:updateContainerState(260)) - Container #1 is in OPEN state, but the datanode c33e49d7-aab4-4e8b-84a2-e80ab64b386a(fv-az465-709/10.1.0.48) reports an CLOSED replica.
2023-07-26 19:48:12,904 [BlockDeletingService#7] INFO  interfaces.ContainerDeletionChoosingPolicyTemplate (ContainerDeletionChoosingPolicyTemplate.java:chooseContainerForBlockDeletion(83)) - Chosen 0/5000 blocks from 0 candidate containers.
2023-07-26 19:48:12,904 [BlockDeletingService#4] INFO  interfaces.ContainerDeletionChoosingPolicyTemplate (ContainerDeletionChoosingPolicyTemplate.java:chooseContainerForBlockDeletion(83)) - Chosen 0/5000 blocks from 0 candidate containers.
2023-07-26 19:48:13,005 [BlockDeletingService#7] INFO  interfaces.ContainerDeletionChoosingPolicyTemplate (ContainerDeletionChoosingPolicyTemplate.java:chooseContainerForBlockDeletion(83)) - Chosen 0/5000 blocks from 0 candidate containers.
2023-07-26 19:48:13,005 [BlockDeletingService#4] INFO  interfaces.ContainerDeletionChoosingPolicyTemplate (ContainerDeletionChoosingPolicyTemplate.java:chooseContainerForBlockDeletion(83)) - Chosen 0/5000 blocks from 0 candidate containers.
2023-07-26 19:48:13,011 [FixedThreadPoolWithAffinityExecutor-0-0] WARN  container.ContainerReportHandler (AbstractContainerReportHandler.java:updateContainerState(260)) - Container #1 is in OPEN state, but the datanode 4099cb2b-2e2e-4151-9db7-f99ade631412(fv-az465-709/10.1.0.48) reports an CLOSED replica.
2023-07-26 19:48:13,021 [FixedThreadPoolWithAffinityExecutor-8-0] WARN  container.ContainerReportHandler (AbstractContainerReportHandler.java:updateContainerState(260)) - Container #1 is in OPEN state, but the datanode c33e49d7-aab4-4e8b-84a2-e80ab64b386a(fv-az465-709/10.1.0.48) reports an CLOSED replica.
2023-07-26 19:48:13,105 [BlockDeletingService#7] INFO  interfaces.ContainerDeletionChoosingPolicyTemplate (ContainerDeletionChoosingPolicyTemplate.java:chooseContainerForBlockDeletion(83)) - Chosen 0/5000 blocks from 0 candidate containers.
2023-07-26 19:48:13,105 [BlockDeletingService#4] INFO  interfaces.ContainerDeletionChoosingPolicyTemplate (ContainerDeletionChoosingPolicyTemplate.java:chooseContainerForBlockDeletion(83)) - Chosen 0/5000 blocks from 0 candidate containers.
2023-07-26 19:48:13,206 [BlockDeletingService#7] INFO  interfaces.ContainerDeletionChoosingPolicyTemplate (ContainerDeletionChoosingPolicyTemplate.java:chooseContainerForBlockDeletion(83)) - Chosen 0/5000 blocks from 0 candidate containers.
2023-07-26 19:48:13,206 [BlockDeletingService#4] INFO  interfaces.ContainerDeletionChoosingPolicyTemplate (ContainerDeletionChoosingPolicyTemplate.java:chooseContainerForBlockDeletion(83)) - Chosen 0/5000 blocks from 0 candidate containers.
2023-07-26 19:48:13,219 [FixedThreadPoolWithAffinityExecutor-8-0] WARN  container.ContainerReportHandler (AbstractContainerReportHandler.java:updateContainerState(260)) - Container #1 is in OPEN state, but the datanode c33e49d7-aab4-4e8b-84a2-e80ab64b386a(fv-az465-709/10.1.0.48) reports an CLOSED replica.
2023-07-26 19:48:13,306 [BlockDeletingService#7] INFO  interfaces.ContainerDeletionChoosingPolicyTemplate (ContainerDeletionChoosingPolicyTemplate.java:chooseContainerForBlockDeletion(83)) - Chosen 0/5000 blocks from 0 candidate containers.
2023-07-26 19:48:13,306 [BlockDeletingService#4] INFO  interfaces.ContainerDeletionChoosingPolicyTemplate (ContainerDeletionChoosingPolicyTemplate.java:chooseContainerForBlockDeletion(83)) - Chosen 0/5000 blocks from 0 candidate containers.
2023-07-26 19:48:13,312 [FixedThreadPoolWithAffinityExecutor-0-0] WARN  container.ContainerReportHandler (AbstractContainerReportHandler.java:updateContainerState(260)) - Container #1 is in OPEN state, but the datanode 4099cb2b-2e2e-4151-9db7-f99ade631412(fv-az465-709/10.1.0.48) reports an CLOSED replica.
2023-07-26 19:48:13,406 [BlockDeletingService#7] INFO  interfaces.ContainerDeletionChoosingPolicyTemplate (ContainerDeletionChoosingPolicyTemplate.java:chooseContainerForBlockDeletion(83)) - Chosen 0/5000 blocks from 0 candidate containers.
2023-07-26 19:48:13,407 [BlockDeletingService#4] INFO  interfaces.ContainerDeletionChoosingPolicyTemplate (ContainerDeletionChoosingPolicyTemplate.java:chooseContainerForBlockDeletion(83)) - Chosen 0/5000 blocks from 0 candidate containers.
2023-07-26 19:48:13,507 [BlockDeletingService#7] INFO  interfaces.ContainerDeletionChoosingPolicyTemplate (ContainerDeletionChoosingPolicyTemplate.java:chooseContainerForBlockDeletion(83)) - Chosen 0/5000 blocks from 0 candidate containers.
2023-07-26 19:48:13,507 [BlockDeletingService#4] INFO  interfaces.ContainerDeletionChoosingPolicyTemplate (ContainerDeletionChoosingPolicyTemplate.java:chooseContainerForBlockDeletion(83)) - Chosen 0/5000 blocks from 0 candidate containers.
2023-07-26 19:48:13,519 [FixedThreadPoolWithAffinityExecutor-8-0] WARN  container.ContainerReportHandler (AbstractContainerReportHandler.java:updateContainerState(260)) - Container #1 is in OPEN state, but the datanode c33e49d7-aab4-4e8b-84a2-e80ab64b386a(fv-az465-709/10.1.0.48) reports an CLOSED replica.
2023-07-26 19:48:13,607 [BlockDeletingService#7] INFO  interfaces.ContainerDeletionChoosingPolicyTemplate (ContainerDeletionChoosingPolicyTemplate.java:chooseContainerForBlockDeletion(83)) - Chosen 0/5000 blocks from 0 candidate containers.
2023-07-26 19:48:13,607 [BlockDeletingService#4] INFO  interfaces.ContainerDeletionChoosingPolicyTemplate (ContainerDeletionChoosingPolicyTemplate.java:chooseContainerForBlockDeletion(83)) - Chosen 0/5000 blocks from 0 candidate containers.
2023-07-26 19:48:13,708 [BlockDeletingService#7] INFO  interfaces.ContainerDeletionChoosingPolicyTemplate (ContainerDeletionChoosingPolicyTemplate.java:chooseContainerForBlockDeletion(83)) - Chosen 0/5000 blocks from 0 candidate containers.
2023-07-26 19:48:13,708 [BlockDeletingService#4] INFO  interfaces.ContainerDeletionChoosingPolicyTemplate (ContainerDeletionChoosingPolicyTemplate.java:chooseContainerForBlockDeletion(83)) - Chosen 0/5000 blocks from 0 candidate containers.
2023-07-26 19:48:13,713 [FixedThreadPoolWithAffinityExecutor-0-0] WARN  container.ContainerReportHandler (AbstractContainerReportHandler.java:updateContainerState(260)) - Container #1 is in OPEN state, but the datanode 4099cb2b-2e2e-4151-9db7-f99ade631412(fv-az465-709/10.1.0.48) reports an CLOSED replica.
2023-07-26 19:48:13,719 [FixedThreadPoolWithAffinityExecutor-8-0] WARN  container.ContainerReportHandler (AbstractContainerReportHandler.java:updateContainerState(260)) - Container #1 is in OPEN state, but the datanode c33e49d7-aab4-4e8b-84a2-e80ab64b386a(fv-az465-709/10.1.0.48) reports an CLOSED replica.
2023-07-26 19:48:13,808 [BlockDeletingService#7] INFO  interfaces.ContainerDeletionChoosingPolicyTemplate (ContainerDeletionChoosingPolicyTemplate.java:chooseContainerForBlockDeletion(83)) - Chosen 0/5000 blocks from 0 candidate containers.
2023-07-26 19:48:13,808 [BlockDeletingService#4] INFO  interfaces.ContainerDeletionChoosingPolicyTemplate (ContainerDeletionChoosingPolicyTemplate.java:chooseContainerForBlockDeletion(83)) - Chosen 0/5000 blocks from 0 candidate containers.
2023-07-26 19:48:13,909 [BlockDeletingService#7] INFO  interfaces.ContainerDeletionChoosingPolicyTemplate (ContainerDeletionChoosingPolicyTemplate.java:chooseContainerForBlockDeletion(83)) - Chosen 0/5000 blocks from 0 candidate containers.
2023-07-26 19:48:13,909 [BlockDeletingService#4] INFO  interfaces.ContainerDeletionChoosingPolicyTemplate (ContainerDeletionChoosingPolicyTemplate.java:chooseContainerForBlockDeletion(83)) - Chosen 0/5000 blocks from 0 candidate containers.
2023-07-26 19:48:13,919 [FixedThreadPoolWithAffinityExecutor-8-0] WARN  container.ContainerReportHandler (AbstractContainerReportHandler.java:updateContainerState(260)) - Container #1 is in OPEN state, but the datanode c33e49d7-aab4-4e8b-84a2-e80ab64b386a(fv-az465-709/10.1.0.48) reports an CLOSED replica.
2023-07-26 19:48:13,987 [grpc-default-executor-2] WARN  server.GrpcLogAppender (LogUtils.java:warn(122)) - 4099cb2b-2e2e-4151-9db7-f99ade631412@group-1C7129A268B6->cc71d3b4-cf6a-416c-96eb-6097e97a8fe1-AppendLogResponseHandler: Failed appendEntries: org.apache.ratis.thirdparty.io.grpc.StatusRuntimeException: UNAVAILABLE: io exception
2023-07-26 19:48:13,988 [grpc-default-executor-2] WARN  server.GrpcLogAppender (GrpcLogAppender.java:resetClient(128)) - 4099cb2b-2e2e-4151-9db7-f99ade631412@group-1C7129A268B6->cc71d3b4-cf6a-416c-96eb-6097e97a8fe1-GrpcLogAppender: Follower failed when matchIndex == 0,  keep nextIndex (6) unchanged and retry.
2023-07-26 19:48:13,989 [grpc-default-executor-3] WARN  server.GrpcLogAppender (LogUtils.java:warn(122)) - 4099cb2b-2e2e-4151-9db7-f99ade631412@group-1C7129A268B6->cc71d3b4-cf6a-416c-96eb-6097e97a8fe1-AppendLogResponseHandler: Failed appendEntries: org.apache.ratis.thirdparty.io.grpc.StatusRuntimeException: UNAVAILABLE: io exception
2023-07-26 19:48:13,989 [grpc-default-executor-3] WARN  server.GrpcLogAppender (GrpcLogAppender.java:resetClient(128)) - 4099cb2b-2e2e-4151-9db7-f99ade631412@group-1C7129A268B6->cc71d3b4-cf6a-416c-96eb-6097e97a8fe1-GrpcLogAppender: Follower failed when matchIndex == 0,  keep nextIndex (6) unchanged and retry.
2023-07-26 19:48:14,009 [BlockDeletingService#7] INFO  interfaces.ContainerDeletionChoosingPolicyTemplate (ContainerDeletionChoosingPolicyTemplate.java:chooseContainerForBlockDeletion(83)) - Chosen 0/5000 blocks from 0 candidate containers.
2023-07-26 19:48:14,009 [BlockDeletingService#4] INFO  interfaces.ContainerDeletionChoosingPolicyTemplate (ContainerDeletionChoosingPolicyTemplate.java:chooseContainerForBlockDeletion(83)) - Chosen 0/5000 blocks from 0 candidate containers.
2023-07-26 19:48:14,012 [FixedThreadPoolWithAffinityExecutor-0-0] WARN  container.ContainerReportHandler (AbstractContainerReportHandler.java:updateContainerState(260)) - Container #1 is in OPEN state, but the datanode 4099cb2b-2e2e-4151-9db7-f99ade631412(fv-az465-709/10.1.0.48) reports an CLOSED replica.
2023-07-26 19:48:14,109 [BlockDeletingService#7] INFO  interfaces.ContainerDeletionChoosingPolicyTemplate (ContainerDeletionChoosingPolicyTemplate.java:chooseContainerForBlockDeletion(83)) - Chosen 0/5000 blocks from 0 candidate containers.
2023-07-26 19:48:14,110 [BlockDeletingService#4] INFO  interfaces.ContainerDeletionChoosingPolicyTemplate (ContainerDeletionChoosingPolicyTemplate.java:chooseContainerForBlockDeletion(83)) - Chosen 0/5000 blocks from 0 candidate containers.
2023-07-26 19:48:14,210 [BlockDeletingService#7] INFO  interfaces.ContainerDeletionChoosingPolicyTemplate (ContainerDeletionChoosingPolicyTemplate.java:chooseContainerForBlockDeletion(83)) - Chosen 0/5000 blocks from 0 candidate containers.
2023-07-26 19:48:14,210 [BlockDeletingService#4] INFO  interfaces.ContainerDeletionChoosingPolicyTemplate (ContainerDeletionChoosingPolicyTemplate.java:chooseContainerForBlockDeletion(83)) - Chosen 0/5000 blocks from 0 candidate containers.
2023-07-26 19:48:14,220 [FixedThreadPoolWithAffinityExecutor-8-0] WARN  container.ContainerReportHandler (AbstractContainerReportHandler.java:updateContainerState(260)) - Container #1 is in OPEN state, but the datanode c33e49d7-aab4-4e8b-84a2-e80ab64b386a(fv-az465-709/10.1.0.48) reports an CLOSED replica.
2023-07-26 19:48:14,310 [BlockDeletingService#7] INFO  interfaces.ContainerDeletionChoosingPolicyTemplate (ContainerDeletionChoosingPolicyTemplate.java:chooseContainerForBlockDeletion(83)) - Chosen 0/5000 blocks from 0 candidate containers.
2023-07-26 19:48:14,310 [BlockDeletingService#4] INFO  interfaces.ContainerDeletionChoosingPolicyTemplate (ContainerDeletionChoosingPolicyTemplate.java:chooseContainerForBlockDeletion(83)) - Chosen 0/5000 blocks from 0 candidate containers.
2023-07-26 19:48:14,411 [BlockDeletingService#7] INFO  interfaces.ContainerDeletionChoosingPolicyTemplate (ContainerDeletionChoosingPolicyTemplate.java:chooseContainerForBlockDeletion(83)) - Chosen 0/5000 blocks from 0 candidate containers.
2023-07-26 19:48:14,411 [BlockDeletingService#4] INFO  interfaces.ContainerDeletionChoosingPolicyTemplate (ContainerDeletionChoosingPolicyTemplate.java:chooseContainerForBlockDeletion(83)) - Chosen 0/5000 blocks from 0 candidate containers.
2023-07-26 19:48:14,413 [FixedThreadPoolWithAffinityExecutor-0-0] WARN  container.ContainerReportHandler (AbstractContainerReportHandler.java:updateContainerState(260)) - Container #1 is in OPEN state, but the datanode 4099cb2b-2e2e-4151-9db7-f99ade631412(fv-az465-709/10.1.0.48) reports an CLOSED replica.
2023-07-26 19:48:14,421 [FixedThreadPoolWithAffinityExecutor-8-0] WARN  container.ContainerReportHandler (AbstractContainerReportHandler.java:updateContainerState(260)) - Container #1 is in OPEN state, but the datanode c33e49d7-aab4-4e8b-84a2-e80ab64b386a(fv-az465-709/10.1.0.48) reports an CLOSED replica.
2023-07-26 19:48:14,511 [BlockDeletingService#7] INFO  interfaces.ContainerDeletionChoosingPolicyTemplate (ContainerDeletionChoosingPolicyTemplate.java:chooseContainerForBlockDeletion(83)) - Chosen 0/5000 blocks from 0 candidate containers.
2023-07-26 19:48:14,511 [BlockDeletingService#4] INFO  interfaces.ContainerDeletionChoosingPolicyTemplate (ContainerDeletionChoosingPolicyTemplate.java:chooseContainerForBlockDeletion(83)) - Chosen 0/5000 blocks from 0 candidate containers.
2023-07-26 19:48:14,612 [BlockDeletingService#7] INFO  interfaces.ContainerDeletionChoosingPolicyTemplate (ContainerDeletionChoosingPolicyTemplate.java:chooseContainerForBlockDeletion(83)) - Chosen 0/5000 blocks from 0 candidate containers.
2023-07-26 19:48:14,612 [BlockDeletingService#4] INFO  interfaces.ContainerDeletionChoosingPolicyTemplate (ContainerDeletionChoosingPolicyTemplate.java:chooseContainerForBlockDeletion(83)) - Chosen 0/5000 blocks from 0 candidate containers.
2023-07-26 19:48:14,621 [FixedThreadPoolWithAffinityExecutor-8-0] WARN  container.ContainerReportHandler (AbstractContainerReportHandler.java:updateContainerState(260)) - Container #1 is in OPEN state, but the datanode c33e49d7-aab4-4e8b-84a2-e80ab64b386a(fv-az465-709/10.1.0.48) reports an CLOSED replica.
2023-07-26 19:48:14,712 [BlockDeletingService#7] INFO  interfaces.ContainerDeletionChoosingPolicyTemplate (ContainerDeletionChoosingPolicyTemplate.java:chooseContainerForBlockDeletion(83)) - Chosen 0/5000 blocks from 0 candidate containers.
2023-07-26 19:48:14,712 [BlockDeletingService#4] INFO  interfaces.ContainerDeletionChoosingPolicyTemplate (ContainerDeletionChoosingPolicyTemplate.java:chooseContainerForBlockDeletion(83)) - Chosen 0/5000 blocks from 0 candidate containers.
2023-07-26 19:48:14,714 [FixedThreadPoolWithAffinityExecutor-0-0] WARN  container.ContainerReportHandler (AbstractContainerReportHandler.java:updateContainerState(260)) - Container #1 is in OPEN state, but the datanode 4099cb2b-2e2e-4151-9db7-f99ade631412(fv-az465-709/10.1.0.48) reports an CLOSED replica.
2023-07-26 19:48:14,812 [BlockDeletingService#7] INFO  interfaces.ContainerDeletionChoosingPolicyTemplate (ContainerDeletionChoosingPolicyTemplate.java:chooseContainerForBlockDeletion(83)) - Chosen 0/5000 blocks from 0 candidate containers.
2023-07-26 19:48:14,813 [BlockDeletingService#4] INFO  interfaces.ContainerDeletionChoosingPolicyTemplate (ContainerDeletionChoosingPolicyTemplate.java:chooseContainerForBlockDeletion(83)) - Chosen 0/5000 blocks from 0 candidate containers.
2023-07-26 19:48:14,913 [BlockDeletingService#7] INFO  interfaces.ContainerDeletionChoosingPolicyTemplate (ContainerDeletionChoosingPolicyTemplate.java:chooseContainerForBlockDeletion(83)) - Chosen 0/5000 blocks from 0 candidate containers.
2023-07-26 19:48:14,913 [BlockDeletingService#4] INFO  interfaces.ContainerDeletionChoosingPolicyTemplate (ContainerDeletionChoosingPolicyTemplate.java:chooseContainerForBlockDeletion(83)) - Chosen 0/5000 blocks from 0 candidate containers.
2023-07-26 19:48:14,920 [FixedThreadPoolWithAffinityExecutor-8-0] WARN  container.ContainerReportHandler (AbstractContainerReportHandler.java:updateContainerState(260)) - Container #1 is in OPEN state, but the datanode c33e49d7-aab4-4e8b-84a2-e80ab64b386a(fv-az465-709/10.1.0.48) reports an CLOSED replica.
2023-07-26 19:48:15,013 [BlockDeletingService#7] INFO  interfaces.ContainerDeletionChoosingPolicyTemplate (ContainerDeletionChoosingPolicyTemplate.java:chooseContainerForBlockDeletion(83)) - Chosen 0/5000 blocks from 0 candidate containers.
2023-07-26 19:48:15,013 [BlockDeletingService#4] INFO  interfaces.ContainerDeletionChoosingPolicyTemplate (ContainerDeletionChoosingPolicyTemplate.java:chooseContainerForBlockDeletion(83)) - Chosen 0/5000 blocks from 0 candidate containers.
2023-07-26 19:48:15,014 [FixedThreadPoolWithAffinityExecutor-0-0] WARN  container.ContainerReportHandler (AbstractContainerReportHandler.java:updateContainerState(260)) - Container #1 is in OPEN state, but the datanode 4099cb2b-2e2e-4151-9db7-f99ade631412(fv-az465-709/10.1.0.48) reports an CLOSED replica.
2023-07-26 19:48:15,114 [BlockDeletingService#7] INFO  interfaces.ContainerDeletionChoosingPolicyTemplate (ContainerDeletionChoosingPolicyTemplate.java:chooseContainerForBlockDeletion(83)) - Chosen 0/5000 blocks from 0 candidate containers.
2023-07-26 19:48:15,114 [BlockDeletingService#4] INFO  interfaces.ContainerDeletionChoosingPolicyTemplate (ContainerDeletionChoosingPolicyTemplate.java:chooseContainerForBlockDeletion(83)) - Chosen 0/5000 blocks from 0 candidate containers.
2023-07-26 19:48:15,120 [FixedThreadPoolWithAffinityExecutor-8-0] WARN  container.ContainerReportHandler (AbstractContainerReportHandler.java:updateContainerState(260)) - Container #1 is in OPEN state, but the datanode c33e49d7-aab4-4e8b-84a2-e80ab64b386a(fv-az465-709/10.1.0.48) reports an CLOSED replica.
2023-07-26 19:48:15,214 [BlockDeletingService#7] INFO  interfaces.ContainerDeletionChoosingPolicyTemplate (ContainerDeletionChoosingPolicyTemplate.java:chooseContainerForBlockDeletion(83)) - Chosen 0/5000 blocks from 0 candidate containers.
2023-07-26 19:48:15,214 [BlockDeletingService#4] INFO  interfaces.ContainerDeletionChoosingPolicyTemplate (ContainerDeletionChoosingPolicyTemplate.java:chooseContainerForBlockDeletion(83)) - Chosen 0/5000 blocks from 0 candidate containers.
2023-07-26 19:48:15,238 [grpc-default-executor-2] WARN  server.GrpcLogAppender (LogUtils.java:warn(122)) - 4099cb2b-2e2e-4151-9db7-f99ade631412@group-1C7129A268B6->cc71d3b4-cf6a-416c-96eb-6097e97a8fe1-AppendLogResponseHandler: Failed appendEntries: org.apache.ratis.thirdparty.io.grpc.StatusRuntimeException: UNAVAILABLE: io exception
2023-07-26 19:48:15,239 [grpc-default-executor-2] WARN  server.GrpcLogAppender (GrpcLogAppender.java:resetClient(128)) - 4099cb2b-2e2e-4151-9db7-f99ade631412@group-1C7129A268B6->cc71d3b4-cf6a-416c-96eb-6097e97a8fe1-GrpcLogAppender: Follower failed when matchIndex == 0,  keep nextIndex (6) unchanged and retry.
2023-07-26 19:48:15,240 [grpc-default-executor-3] WARN  server.GrpcLogAppender (LogUtils.java:warn(122)) - 4099cb2b-2e2e-4151-9db7-f99ade631412@group-1C7129A268B6->cc71d3b4-cf6a-416c-96eb-6097e97a8fe1-AppendLogResponseHandler: Failed appendEntries: org.apache.ratis.thirdparty.io.grpc.StatusRuntimeException: UNAVAILABLE: io exception
2023-07-26 19:48:15,240 [grpc-default-executor-3] WARN  server.GrpcLogAppender (GrpcLogAppender.java:resetClient(128)) - 4099cb2b-2e2e-4151-9db7-f99ade631412@group-1C7129A268B6->cc71d3b4-cf6a-416c-96eb-6097e97a8fe1-GrpcLogAppender: Follower failed when matchIndex == 0,  keep nextIndex (6) unchanged and retry.
2023-07-26 19:48:15,315 [BlockDeletingService#4] INFO  interfaces.ContainerDeletionChoosingPolicyTemplate (ContainerDeletionChoosingPolicyTemplate.java:chooseContainerForBlockDeletion(83)) - Chosen 0/5000 blocks from 0 candidate containers.
2023-07-26 19:48:15,319 [BlockDeletingService#7] INFO  interfaces.ContainerDeletionChoosingPolicyTemplate (ContainerDeletionChoosingPolicyTemplate.java:chooseContainerForBlockDeletion(83)) - Chosen 0/5000 blocks from 0 candidate containers.
2023-07-26 19:48:15,323 [FixedThreadPoolWithAffinityExecutor-8-0] WARN  container.ContainerReportHandler (AbstractContainerReportHandler.java:updateContainerState(260)) - Container #1 is in OPEN state, but the datanode c33e49d7-aab4-4e8b-84a2-e80ab64b386a(fv-az465-709/10.1.0.48) reports an CLOSED replica.
2023-07-26 19:48:15,415 [BlockDeletingService#4] INFO  interfaces.ContainerDeletionChoosingPolicyTemplate (ContainerDeletionChoosingPolicyTemplate.java:chooseContainerForBlockDeletion(83)) - Chosen 0/5000 blocks from 0 candidate containers.
2023-07-26 19:48:15,419 [BlockDeletingService#7] INFO  interfaces.ContainerDeletionChoosingPolicyTemplate (ContainerDeletionChoosingPolicyTemplate.java:chooseContainerForBlockDeletion(83)) - Chosen 0/5000 blocks from 0 candidate containers.
2023-07-26 19:48:15,419 [FixedThreadPoolWithAffinityExecutor-0-0] WARN  container.ContainerReportHandler (AbstractContainerReportHandler.java:updateContainerState(260)) - Container #1 is in OPEN state, but the datanode 4099cb2b-2e2e-4151-9db7-f99ade631412(fv-az465-709/10.1.0.48) reports an CLOSED replica.
2023-07-26 19:48:15,515 [BlockDeletingService#9] INFO  interfaces.ContainerDeletionChoosingPolicyTemplate (ContainerDeletionChoosingPolicyTemplate.java:chooseContainerForBlockDeletion(83)) - Chosen 0/5000 blocks from 0 candidate containers.
2023-07-26 19:48:15,519 [BlockDeletingService#7] INFO  interfaces.ContainerDeletionChoosingPolicyTemplate (ContainerDeletionChoosingPolicyTemplate.java:chooseContainerForBlockDeletion(83)) - Chosen 0/5000 blocks from 0 candidate containers.
2023-07-26 19:48:15,522 [FixedThreadPoolWithAffinityExecutor-8-0] WARN  container.ContainerReportHandler (AbstractContainerReportHandler.java:updateContainerState(260)) - Container #1 is in OPEN state, but the datanode c33e49d7-aab4-4e8b-84a2-e80ab64b386a(fv-az465-709/10.1.0.48) reports an CLOSED replica.
2023-07-26 19:48:15,616 [BlockDeletingService#9] INFO  interfaces.ContainerDeletionChoosingPolicyTemplate (ContainerDeletionChoosingPolicyTemplate.java:chooseContainerForBlockDeletion(83)) - Chosen 0/5000 blocks from 0 candidate containers.
2023-07-26 19:48:15,619 [BlockDeletingService#7] INFO  interfaces.ContainerDeletionChoosingPolicyTemplate (ContainerDeletionChoosingPolicyTemplate.java:chooseContainerForBlockDeletion(83)) - Chosen 0/5000 blocks from 0 candidate containers.
2023-07-26 19:48:15,666 [EventQueue-StaleNodeForStaleNodeHandler] INFO  node.StaleNodeHandler (StaleNodeHandler.java:onMessage(58)) - Datanode cc71d3b4-cf6a-416c-96eb-6097e97a8fe1(fv-az465-709/10.1.0.48) moved to stale state. Finalizing its pipelines [PipelineID=5bbdc32e-28b0-403e-8d78-1c7129a268b6, PipelineID=2346a8cb-c052-4fb7-a2b3-97e4824fb173]
2023-07-26 19:48:15,671 [EventQueue-StaleNodeForStaleNodeHandler] INFO  pipeline.PipelineManagerImpl (PipelineManagerImpl.java:closeContainersForPipeline(484)) - Container #1 closed for pipeline=PipelineID=5bbdc32e-28b0-403e-8d78-1c7129a268b6
2023-07-26 19:48:15,672 [EventQueue-CloseContainerForCloseContainerEventHandler] INFO  container.CloseContainerEventHandler (CloseContainerEventHandler.java:onMessage(88)) - Close container Event triggered for container : #1, current state: CLOSING
2023-07-26 19:48:15,672 [EventQueue-StaleNodeForStaleNodeHandler] INFO  pipeline.PipelineManagerImpl (PipelineManagerImpl.java:closePipeline(510)) - Pipeline Pipeline[ Id: 5bbdc32e-28b0-403e-8d78-1c7129a268b6, Nodes: c33e49d7-aab4-4e8b-84a2-e80ab64b386a(fv-az465-709/10.1.0.48)4099cb2b-2e2e-4151-9db7-f99ade631412(fv-az465-709/10.1.0.48)cc71d3b4-cf6a-416c-96eb-6097e97a8fe1(fv-az465-709/10.1.0.48), ReplicationConfig: RATIS/THREE, State:OPEN, leaderId:4099cb2b-2e2e-4151-9db7-f99ade631412, CreationTimestamp2023-07-26T19:46:26.166Z[Etc/UTC]] moved to CLOSED state
2023-07-26 19:48:15,673 [EventQueue-StaleNodeForStaleNodeHandler] INFO  pipeline.PipelineManagerImpl (PipelineManagerImpl.java:closePipeline(510)) - Pipeline Pipeline[ Id: 2346a8cb-c052-4fb7-a2b3-97e4824fb173, Nodes: cc71d3b4-cf6a-416c-96eb-6097e97a8fe1(fv-az465-709/10.1.0.48), ReplicationConfig: RATIS/ONE, State:OPEN, leaderId:cc71d3b4-cf6a-416c-96eb-6097e97a8fe1, CreationTimestamp2023-07-26T19:46:26.159Z[Etc/UTC]] moved to CLOSED state
2023-07-26 19:48:15,716 [BlockDeletingService#9] INFO  interfaces.ContainerDeletionChoosingPolicyTemplate (ContainerDeletionChoosingPolicyTemplate.java:chooseContainerForBlockDeletion(83)) - Chosen 0/5000 blocks from 0 candidate containers.
2023-07-26 19:48:15,720 [BlockDeletingService#7] INFO  interfaces.ContainerDeletionChoosingPolicyTemplate (ContainerDeletionChoosingPolicyTemplate.java:chooseContainerForBlockDeletion(83)) - Chosen 0/5000 blocks from 0 candidate containers.
2023-07-26 19:48:15,722 [FixedThreadPoolWithAffinityExecutor-0-0] INFO  container.ContainerReportHandler (AbstractContainerReportHandler.java:updateContainerState(311)) - Moving container #1 to CLOSED state, datanode 4099cb2b-2e2e-4151-9db7-f99ade631412(fv-az465-709/10.1.0.48) reported CLOSED replica with index 0.
2023-07-26 19:48:15,817 [BlockDeletingService#9] INFO  interfaces.ContainerDeletionChoosingPolicyTemplate (ContainerDeletionChoosingPolicyTemplate.java:chooseContainerForBlockDeletion(83)) - Chosen 0/5000 blocks from 0 candidate containers.
2023-07-26 19:48:15,820 [BlockDeletingService#7] INFO  interfaces.ContainerDeletionChoosingPolicyTemplate (ContainerDeletionChoosingPolicyTemplate.java:chooseContainerForBlockDeletion(83)) - Chosen 0/5000 blocks from 0 candidate containers.
2023-07-26 19:48:15,918 [BlockDeletingService#9] INFO  interfaces.ContainerDeletionChoosingPolicyTemplate (ContainerDeletionChoosingPolicyTemplate.java:chooseContainerForBlockDeletion(83)) - Chosen 0/5000 blocks from 0 candidate containers.
2023-07-26 19:48:15,920 [BlockDeletingService#7] INFO  interfaces.ContainerDeletionChoosingPolicyTemplate (ContainerDeletionChoosingPolicyTemplate.java:chooseContainerForBlockDeletion(83)) - Chosen 0/5000 blocks from 0 candidate containers.
2023-07-26 19:48:16,018 [BlockDeletingService#9] INFO  interfaces.ContainerDeletionChoosingPolicyTemplate (ContainerDeletionChoosingPolicyTemplate.java:chooseContainerForBlockDeletion(83)) - Chosen 0/5000 blocks from 0 candidate containers.
2023-07-26 19:48:16,020 [BlockDeletingService#7] INFO  interfaces.ContainerDeletionChoosingPolicyTemplate (ContainerDeletionChoosingPolicyTemplate.java:chooseContainerForBlockDeletion(83)) - Chosen 0/5000 blocks from 0 candidate containers.
2023-07-26 19:48:16,119 [BlockDeletingService#9] INFO  interfaces.ContainerDeletionChoosingPolicyTemplate (ContainerDeletionChoosingPolicyTemplate.java:chooseContainerForBlockDeletion(83)) - Chosen 0/5000 blocks from 0 candidate containers.
2023-07-26 19:48:16,121 [BlockDeletingService#7] INFO  interfaces.ContainerDeletionChoosingPolicyTemplate (ContainerDeletionChoosingPolicyTemplate.java:chooseContainerForBlockDeletion(83)) - Chosen 0/5000 blocks from 0 candidate containers.
2023-07-26 19:48:16,219 [BlockDeletingService#9] INFO  interfaces.ContainerDeletionChoosingPolicyTemplate (ContainerDeletionChoosingPolicyTemplate.java:chooseContainerForBlockDeletion(83)) - Chosen 0/5000 blocks from 0 candidate containers.
2023-07-26 19:48:16,221 [BlockDeletingService#7] INFO  interfaces.ContainerDeletionChoosingPolicyTemplate (ContainerDeletionChoosingPolicyTemplate.java:chooseContainerForBlockDeletion(83)) - Chosen 0/5000 blocks from 0 candidate containers.
2023-07-26 19:48:16,320 [BlockDeletingService#9] INFO  interfaces.ContainerDeletionChoosingPolicyTemplate (ContainerDeletionChoosingPolicyTemplate.java:chooseContainerForBlockDeletion(83)) - Chosen 0/5000 blocks from 0 candidate containers.
2023-07-26 19:48:16,321 [BlockDeletingService#7] INFO  interfaces.ContainerDeletionChoosingPolicyTemplate (ContainerDeletionChoosingPolicyTemplate.java:chooseContainerForBlockDeletion(83)) - Chosen 0/5000 blocks from 0 candidate containers.
2023-07-26 19:48:16,420 [BlockDeletingService#9] INFO  interfaces.ContainerDeletionChoosingPolicyTemplate (ContainerDeletionChoosingPolicyTemplate.java:chooseContainerForBlockDeletion(83)) - Chosen 0/5000 blocks from 0 candidate containers.
2023-07-26 19:48:16,422 [BlockDeletingService#7] INFO  interfaces.ContainerDeletionChoosingPolicyTemplate (ContainerDeletionChoosingPolicyTemplate.java:chooseContainerForBlockDeletion(83)) - Chosen 0/5000 blocks from 0 candidate containers.
2023-07-26 19:48:16,489 [grpc-default-executor-3] WARN  server.GrpcLogAppender (LogUtils.java:warn(122)) - 4099cb2b-2e2e-4151-9db7-f99ade631412@group-1C7129A268B6->cc71d3b4-cf6a-416c-96eb-6097e97a8fe1-AppendLogResponseHandler: Failed appendEntries: org.apache.ratis.thirdparty.io.grpc.StatusRuntimeException: UNAVAILABLE: io exception
2023-07-26 19:48:16,489 [grpc-default-executor-2] WARN  server.GrpcLogAppender (LogUtils.java:warn(122)) - 4099cb2b-2e2e-4151-9db7-f99ade631412@group-1C7129A268B6->cc71d3b4-cf6a-416c-96eb-6097e97a8fe1-AppendLogResponseHandler: Failed appendEntries: org.apache.ratis.thirdparty.io.grpc.StatusRuntimeException: UNAVAILABLE: io exception
2023-07-26 19:48:16,490 [grpc-default-executor-3] WARN  server.GrpcLogAppender (GrpcLogAppender.java:resetClient(128)) - 4099cb2b-2e2e-4151-9db7-f99ade631412@group-1C7129A268B6->cc71d3b4-cf6a-416c-96eb-6097e97a8fe1-GrpcLogAppender: Follower failed when matchIndex == 0,  keep nextIndex (6) unchanged and retry.
2023-07-26 19:48:16,490 [grpc-default-executor-2] WARN  server.GrpcLogAppender (GrpcLogAppender.java:resetClient(128)) - 4099cb2b-2e2e-4151-9db7-f99ade631412@group-1C7129A268B6->cc71d3b4-cf6a-416c-96eb-6097e97a8fe1-GrpcLogAppender: Follower failed when matchIndex == 0,  keep nextIndex (6) unchanged and retry.
2023-07-26 19:48:16,520 [BlockDeletingService#9] INFO  interfaces.ContainerDeletionChoosingPolicyTemplate (ContainerDeletionChoosingPolicyTemplate.java:chooseContainerForBlockDeletion(83)) - Chosen 0/5000 blocks from 0 candidate containers.
2023-07-26 19:48:16,522 [BlockDeletingService#7] INFO  interfaces.ContainerDeletionChoosingPolicyTemplate (ContainerDeletionChoosingPolicyTemplate.java:chooseContainerForBlockDeletion(83)) - Chosen 0/5000 blocks from 0 candidate containers.
2023-07-26 19:48:16,621 [BlockDeletingService#9] INFO  interfaces.ContainerDeletionChoosingPolicyTemplate (ContainerDeletionChoosingPolicyTemplate.java:chooseContainerForBlockDeletion(83)) - Chosen 0/5000 blocks from 0 candidate containers.
2023-07-26 19:48:16,623 [BlockDeletingService#7] INFO  interfaces.ContainerDeletionChoosingPolicyTemplate (ContainerDeletionChoosingPolicyTemplate.java:chooseContainerForBlockDeletion(83)) - Chosen 0/5000 blocks from 0 candidate containers.
2023-07-26 19:48:16,724 [BlockDeletingService#7] INFO  interfaces.ContainerDeletionChoosingPolicyTemplate (ContainerDeletionChoosingPolicyTemplate.java:chooseContainerForBlockDeletion(83)) - Chosen 0/5000 blocks from 0 candidate containers.
2023-07-26 19:48:16,724 [BlockDeletingService#9] INFO  interfaces.ContainerDeletionChoosingPolicyTemplate (ContainerDeletionChoosingPolicyTemplate.java:chooseContainerForBlockDeletion(83)) - Chosen 0/5000 blocks from 0 candidate containers.
2023-07-26 19:48:16,824 [BlockDeletingService#7] INFO  interfaces.ContainerDeletionChoosingPolicyTemplate (ContainerDeletionChoosingPolicyTemplate.java:chooseContainerForBlockDeletion(83)) - Chosen 0/5000 blocks from 0 candidate containers.
2023-07-26 19:48:16,824 [BlockDeletingService#9] INFO  interfaces.ContainerDeletionChoosingPolicyTemplate (ContainerDeletionChoosingPolicyTemplate.java:chooseContainerForBlockDeletion(83)) - Chosen 0/5000 blocks from 0 candidate containers.
2023-07-26 19:48:16,924 [BlockDeletingService#7] INFO  interfaces.ContainerDeletionChoosingPolicyTemplate (ContainerDeletionChoosingPolicyTemplate.java:chooseContainerForBlockDeletion(83)) - Chosen 0/5000 blocks from 0 candidate containers.
2023-07-26 19:48:16,925 [BlockDeletingService#9] INFO  interfaces.ContainerDeletionChoosingPolicyTemplate (ContainerDeletionChoosingPolicyTemplate.java:chooseContainerForBlockDeletion(83)) - Chosen 0/5000 blocks from 0 candidate containers.
2023-07-26 19:48:17,025 [BlockDeletingService#7] INFO  interfaces.ContainerDeletionChoosingPolicyTemplate (ContainerDeletionChoosingPolicyTemplate.java:chooseContainerForBlockDeletion(83)) - Chosen 0/5000 blocks from 0 candidate containers.
2023-07-26 19:48:17,025 [BlockDeletingService#9] INFO  interfaces.ContainerDeletionChoosingPolicyTemplate (ContainerDeletionChoosingPolicyTemplate.java:chooseContainerForBlockDeletion(83)) - Chosen 0/5000 blocks from 0 candidate containers.
2023-07-26 19:48:17,126 [BlockDeletingService#7] INFO  interfaces.ContainerDeletionChoosingPolicyTemplate (ContainerDeletionChoosingPolicyTemplate.java:chooseContainerForBlockDeletion(83)) - Chosen 0/5000 blocks from 0 candidate containers.
2023-07-26 19:48:17,126 [BlockDeletingService#9] INFO  interfaces.ContainerDeletionChoosingPolicyTemplate (ContainerDeletionChoosingPolicyTemplate.java:chooseContainerForBlockDeletion(83)) - Chosen 0/5000 blocks from 0 candidate containers.
2023-07-26 19:48:17,226 [BlockDeletingService#9] INFO  interfaces.ContainerDeletionChoosingPolicyTemplate (ContainerDeletionChoosingPolicyTemplate.java:chooseContainerForBlockDeletion(83)) - Chosen 0/5000 blocks from 0 candidate containers.
2023-07-26 19:48:17,226 [BlockDeletingService#7] INFO  interfaces.ContainerDeletionChoosingPolicyTemplate (ContainerDeletionChoosingPolicyTemplate.java:chooseContainerForBlockDeletion(83)) - Chosen 0/5000 blocks from 0 candidate containers.
2023-07-26 19:48:17,326 [BlockDeletingService#9] INFO  interfaces.ContainerDeletionChoosingPolicyTemplate (ContainerDeletionChoosingPolicyTemplate.java:chooseContainerForBlockDeletion(83)) - Chosen 0/5000 blocks from 0 candidate containers.
2023-07-26 19:48:17,326 [BlockDeletingService#7] INFO  interfaces.ContainerDeletionChoosingPolicyTemplate (ContainerDeletionChoosingPolicyTemplate.java:chooseContainerForBlockDeletion(83)) - Chosen 0/5000 blocks from 0 candidate containers.
2023-07-26 19:48:17,427 [BlockDeletingService#9] INFO  interfaces.ContainerDeletionChoosingPolicyTemplate (ContainerDeletionChoosingPolicyTemplate.java:chooseContainerForBlockDeletion(83)) - Chosen 0/5000 blocks from 0 candidate containers.
2023-07-26 19:48:17,428 [BlockDeletingService#7] INFO  interfaces.ContainerDeletionChoosingPolicyTemplate (ContainerDeletionChoosingPolicyTemplate.java:chooseContainerForBlockDeletion(83)) - Chosen 0/5000 blocks from 0 candidate containers.
2023-07-26 19:48:17,528 [BlockDeletingService#7] INFO  interfaces.ContainerDeletionChoosingPolicyTemplate (ContainerDeletionChoosingPolicyTemplate.java:chooseContainerForBlockDeletion(83)) - Chosen 0/5000 blocks from 0 candidate containers.
2023-07-26 19:48:17,529 [BlockDeletingService#9] INFO  interfaces.ContainerDeletionChoosingPolicyTemplate (ContainerDeletionChoosingPolicyTemplate.java:chooseContainerForBlockDeletion(83)) - Chosen 0/5000 blocks from 0 candidate containers.
2023-07-26 19:48:17,628 [BlockDeletingService#7] INFO  interfaces.ContainerDeletionChoosingPolicyTemplate (ContainerDeletionChoosingPolicyTemplate.java:chooseContainerForBlockDeletion(83)) - Chosen 0/5000 blocks from 0 candidate containers.
2023-07-26 19:48:17,629 [BlockDeletingService#9] INFO  interfaces.ContainerDeletionChoosingPolicyTemplate (ContainerDeletionChoosingPolicyTemplate.java:chooseContainerForBlockDeletion(83)) - Chosen 0/5000 blocks from 0 candidate containers.
2023-07-26 19:48:17,729 [BlockDeletingService#7] INFO  interfaces.ContainerDeletionChoosingPolicyTemplate (ContainerDeletionChoosingPolicyTemplate.java:chooseContainerForBlockDeletion(83)) - Chosen 0/5000 blocks from 0 candidate containers.
2023-07-26 19:48:17,729 [BlockDeletingService#9] INFO  interfaces.ContainerDeletionChoosingPolicyTemplate (ContainerDeletionChoosingPolicyTemplate.java:chooseContainerForBlockDeletion(83)) - Chosen 0/5000 blocks from 0 candidate containers.
2023-07-26 19:48:17,739 [grpc-default-executor-2] WARN  server.GrpcLogAppender (LogUtils.java:warn(122)) - 4099cb2b-2e2e-4151-9db7-f99ade631412@group-1C7129A268B6->cc71d3b4-cf6a-416c-96eb-6097e97a8fe1-AppendLogResponseHandler: Failed appendEntries: org.apache.ratis.thirdparty.io.grpc.StatusRuntimeException: UNAVAILABLE: io exception
2023-07-26 19:48:17,740 [grpc-default-executor-2] WARN  server.GrpcLogAppender (GrpcLogAppender.java:resetClient(128)) - 4099cb2b-2e2e-4151-9db7-f99ade631412@group-1C7129A268B6->cc71d3b4-cf6a-416c-96eb-6097e97a8fe1-GrpcLogAppender: Follower failed when matchIndex == 0,  keep nextIndex (6) unchanged and retry.
2023-07-26 19:48:17,740 [grpc-default-executor-3] WARN  server.GrpcLogAppender (LogUtils.java:warn(122)) - 4099cb2b-2e2e-4151-9db7-f99ade631412@group-1C7129A268B6->cc71d3b4-cf6a-416c-96eb-6097e97a8fe1-AppendLogResponseHandler: Failed appendEntries: org.apache.ratis.thirdparty.io.grpc.StatusRuntimeException: UNAVAILABLE: io exception
2023-07-26 19:48:17,741 [grpc-default-executor-3] WARN  server.GrpcLogAppender (GrpcLogAppender.java:resetClient(128)) - 4099cb2b-2e2e-4151-9db7-f99ade631412@group-1C7129A268B6->cc71d3b4-cf6a-416c-96eb-6097e97a8fe1-GrpcLogAppender: Follower failed when matchIndex == 0,  keep nextIndex (6) unchanged and retry.
2023-07-26 19:48:17,829 [BlockDeletingService#7] INFO  interfaces.ContainerDeletionChoosingPolicyTemplate (ContainerDeletionChoosingPolicyTemplate.java:chooseContainerForBlockDeletion(83)) - Chosen 0/5000 blocks from 0 candidate containers.
2023-07-26 19:48:17,830 [BlockDeletingService#9] INFO  interfaces.ContainerDeletionChoosingPolicyTemplate (ContainerDeletionChoosingPolicyTemplate.java:chooseContainerForBlockDeletion(83)) - Chosen 0/5000 blocks from 0 candidate containers.
2023-07-26 19:48:17,930 [BlockDeletingService#7] INFO  interfaces.ContainerDeletionChoosingPolicyTemplate (ContainerDeletionChoosingPolicyTemplate.java:chooseContainerForBlockDeletion(83)) - Chosen 0/5000 blocks from 0 candidate containers.
2023-07-26 19:48:17,930 [BlockDeletingService#9] INFO  interfaces.ContainerDeletionChoosingPolicyTemplate (ContainerDeletionChoosingPolicyTemplate.java:chooseContainerForBlockDeletion(83)) - Chosen 0/5000 blocks from 0 candidate containers.
2023-07-26 19:48:18,030 [BlockDeletingService#7] INFO  interfaces.ContainerDeletionChoosingPolicyTemplate (ContainerDeletionChoosingPolicyTemplate.java:chooseContainerForBlockDeletion(83)) - Chosen 0/5000 blocks from 0 candidate containers.
2023-07-26 19:48:18,030 [BlockDeletingService#9] INFO  interfaces.ContainerDeletionChoosingPolicyTemplate (ContainerDeletionChoosingPolicyTemplate.java:chooseContainerForBlockDeletion(83)) - Chosen 0/5000 blocks from 0 candidate containers.
2023-07-26 19:48:18,131 [BlockDeletingService#7] INFO  interfaces.ContainerDeletionChoosingPolicyTemplate (ContainerDeletionChoosingPolicyTemplate.java:chooseContainerForBlockDeletion(83)) - Chosen 0/5000 blocks from 0 candidate containers.
2023-07-26 19:48:18,131 [BlockDeletingService#9] INFO  interfaces.ContainerDeletionChoosingPolicyTemplate (ContainerDeletionChoosingPolicyTemplate.java:chooseContainerForBlockDeletion(83)) - Chosen 0/5000 blocks from 0 candidate containers.
2023-07-26 19:48:18,231 [BlockDeletingService#9] INFO  interfaces.ContainerDeletionChoosingPolicyTemplate (ContainerDeletionChoosingPolicyTemplate.java:chooseContainerForBlockDeletion(83)) - Chosen 0/5000 blocks from 0 candidate containers.
2023-07-26 19:48:18,231 [BlockDeletingService#7] INFO  interfaces.ContainerDeletionChoosingPolicyTemplate (ContainerDeletionChoosingPolicyTemplate.java:chooseContainerForBlockDeletion(83)) - Chosen 0/5000 blocks from 0 candidate containers.
2023-07-26 19:48:18,332 [BlockDeletingService#9] INFO  interfaces.ContainerDeletionChoosingPolicyTemplate (ContainerDeletionChoosingPolicyTemplate.java:chooseContainerForBlockDeletion(83)) - Chosen 0/5000 blocks from 0 candidate containers.
2023-07-26 19:48:18,332 [BlockDeletingService#7] INFO  interfaces.ContainerDeletionChoosingPolicyTemplate (ContainerDeletionChoosingPolicyTemplate.java:chooseContainerForBlockDeletion(83)) - Chosen 0/5000 blocks from 0 candidate containers.
2023-07-26 19:48:18,432 [BlockDeletingService#9] INFO  interfaces.ContainerDeletionChoosingPolicyTemplate (ContainerDeletionChoosingPolicyTemplate.java:chooseContainerForBlockDeletion(83)) - Chosen 0/5000 blocks from 0 candidate containers.
2023-07-26 19:48:18,432 [BlockDeletingService#7] INFO  interfaces.ContainerDeletionChoosingPolicyTemplate (ContainerDeletionChoosingPolicyTemplate.java:chooseContainerForBlockDeletion(83)) - Chosen 0/5000 blocks from 0 candidate containers.
2023-07-26 19:48:18,532 [BlockDeletingService#9] INFO  interfaces.ContainerDeletionChoosingPolicyTemplate (ContainerDeletionChoosingPolicyTemplate.java:chooseContainerForBlockDeletion(83)) - Chosen 0/5000 blocks from 0 candidate containers.
2023-07-26 19:48:18,532 [BlockDeletingService#7] INFO  interfaces.ContainerDeletionChoosingPolicyTemplate (ContainerDeletionChoosingPolicyTemplate.java:chooseContainerForBlockDeletion(83)) - Chosen 0/5000 blocks from 0 candidate containers.
2023-07-26 19:48:18,633 [BlockDeletingService#9] INFO  interfaces.ContainerDeletionChoosingPolicyTemplate (ContainerDeletionChoosingPolicyTemplate.java:chooseContainerForBlockDeletion(83)) - Chosen 0/5000 blocks from 0 candidate containers.
2023-07-26 19:48:18,633 [BlockDeletingService#7] INFO  interfaces.ContainerDeletionChoosingPolicyTemplate (ContainerDeletionChoosingPolicyTemplate.java:chooseContainerForBlockDeletion(83)) - Chosen 0/5000 blocks from 0 candidate containers.
2023-07-26 19:48:18,733 [BlockDeletingService#9] INFO  interfaces.ContainerDeletionChoosingPolicyTemplate (ContainerDeletionChoosingPolicyTemplate.java:chooseContainerForBlockDeletion(83)) - Chosen 0/5000 blocks from 0 candidate containers.
2023-07-26 19:48:18,733 [BlockDeletingService#7] INFO  interfaces.ContainerDeletionChoosingPolicyTemplate (ContainerDeletionChoosingPolicyTemplate.java:chooseContainerForBlockDeletion(83)) - Chosen 0/5000 blocks from 0 candidate containers.
2023-07-26 19:48:18,833 [BlockDeletingService#9] INFO  interfaces.ContainerDeletionChoosingPolicyTemplate (ContainerDeletionChoosingPolicyTemplate.java:chooseContainerForBlockDeletion(83)) - Chosen 0/5000 blocks from 0 candidate containers.
2023-07-26 19:48:18,834 [BlockDeletingService#7] INFO  interfaces.ContainerDeletionChoosingPolicyTemplate (ContainerDeletionChoosingPolicyTemplate.java:chooseContainerForBlockDeletion(83)) - Chosen 0/5000 blocks from 0 candidate containers.
2023-07-26 19:48:18,934 [BlockDeletingService#9] INFO  interfaces.ContainerDeletionChoosingPolicyTemplate (ContainerDeletionChoosingPolicyTemplate.java:chooseContainerForBlockDeletion(83)) - Chosen 0/5000 blocks from 0 candidate containers.
2023-07-26 19:48:18,934 [BlockDeletingService#7] INFO  interfaces.ContainerDeletionChoosingPolicyTemplate (ContainerDeletionChoosingPolicyTemplate.java:chooseContainerForBlockDeletion(83)) - Chosen 0/5000 blocks from 0 candidate containers.
2023-07-26 19:48:18,990 [grpc-default-executor-3] WARN  server.GrpcLogAppender (LogUtils.java:warn(122)) - 4099cb2b-2e2e-4151-9db7-f99ade631412@group-1C7129A268B6->cc71d3b4-cf6a-416c-96eb-6097e97a8fe1-AppendLogResponseHandler: Failed appendEntries: org.apache.ratis.thirdparty.io.grpc.StatusRuntimeException: UNAVAILABLE: io exception
2023-07-26 19:48:18,991 [grpc-default-executor-3] WARN  server.GrpcLogAppender (GrpcLogAppender.java:resetClient(128)) - 4099cb2b-2e2e-4151-9db7-f99ade631412@group-1C7129A268B6->cc71d3b4-cf6a-416c-96eb-6097e97a8fe1-GrpcLogAppender: Follower failed when matchIndex == 0,  keep nextIndex (6) unchanged and retry.
2023-07-26 19:48:18,991 [grpc-default-executor-2] WARN  server.GrpcLogAppender (LogUtils.java:warn(122)) - 4099cb2b-2e2e-4151-9db7-f99ade631412@group-1C7129A268B6->cc71d3b4-cf6a-416c-96eb-6097e97a8fe1-AppendLogResponseHandler: Failed appendEntries: org.apache.ratis.thirdparty.io.grpc.StatusRuntimeException: UNAVAILABLE: io exception
2023-07-26 19:48:18,991 [grpc-default-executor-2] WARN  server.GrpcLogAppender (GrpcLogAppender.java:resetClient(128)) - 4099cb2b-2e2e-4151-9db7-f99ade631412@group-1C7129A268B6->cc71d3b4-cf6a-416c-96eb-6097e97a8fe1-GrpcLogAppender: Follower failed when matchIndex == 0,  keep nextIndex (6) unchanged and retry.
2023-07-26 19:48:19,034 [BlockDeletingService#9] INFO  interfaces.ContainerDeletionChoosingPolicyTemplate (ContainerDeletionChoosingPolicyTemplate.java:chooseContainerForBlockDeletion(83)) - Chosen 0/5000 blocks from 0 candidate containers.
2023-07-26 19:48:19,035 [BlockDeletingService#7] INFO  interfaces.ContainerDeletionChoosingPolicyTemplate (ContainerDeletionChoosingPolicyTemplate.java:chooseContainerForBlockDeletion(83)) - Chosen 0/5000 blocks from 0 candidate containers.
2023-07-26 19:48:19,134 [BlockDeletingService#9] INFO  interfaces.ContainerDeletionChoosingPolicyTemplate (ContainerDeletionChoosingPolicyTemplate.java:chooseContainerForBlockDeletion(83)) - Chosen 0/5000 blocks from 0 candidate containers.
2023-07-26 19:48:19,135 [BlockDeletingService#7] INFO  interfaces.ContainerDeletionChoosingPolicyTemplate (ContainerDeletionChoosingPolicyTemplate.java:chooseContainerForBlockDeletion(83)) - Chosen 0/5000 blocks from 0 candidate containers.
2023-07-26 19:48:19,235 [BlockDeletingService#9] INFO  interfaces.ContainerDeletionChoosingPolicyTemplate (ContainerDeletionChoosingPolicyTemplate.java:chooseContainerForBlockDeletion(83)) - Chosen 0/5000 blocks from 0 candidate containers.
2023-07-26 19:48:19,235 [BlockDeletingService#7] INFO  interfaces.ContainerDeletionChoosingPolicyTemplate (ContainerDeletionChoosingPolicyTemplate.java:chooseContainerForBlockDeletion(83)) - Chosen 0/5000 blocks from 0 candidate containers.
2023-07-26 19:48:19,335 [BlockDeletingService#9] INFO  interfaces.ContainerDeletionChoosingPolicyTemplate (ContainerDeletionChoosingPolicyTemplate.java:chooseContainerForBlockDeletion(83)) - Chosen 0/5000 blocks from 0 candidate containers.
2023-07-26 19:48:19,335 [BlockDeletingService#7] INFO  interfaces.ContainerDeletionChoosingPolicyTemplate (ContainerDeletionChoosingPolicyTemplate.java:chooseContainerForBlockDeletion(83)) - Chosen 0/5000 blocks from 0 candidate containers.
2023-07-26 19:48:19,436 [BlockDeletingService#9] INFO  interfaces.ContainerDeletionChoosingPolicyTemplate (ContainerDeletionChoosingPolicyTemplate.java:chooseContainerForBlockDeletion(83)) - Chosen 0/5000 blocks from 0 candidate containers.
2023-07-26 19:48:19,436 [BlockDeletingService#7] INFO  interfaces.ContainerDeletionChoosingPolicyTemplate (ContainerDeletionChoosingPolicyTemplate.java:chooseContainerForBlockDeletion(83)) - Chosen 0/5000 blocks from 0 candidate containers.
2023-07-26 19:48:19,536 [BlockDeletingService#9] INFO  interfaces.ContainerDeletionChoosingPolicyTemplate (ContainerDeletionChoosingPolicyTemplate.java:chooseContainerForBlockDeletion(83)) - Chosen 0/5000 blocks from 0 candidate containers.
2023-07-26 19:48:19,536 [BlockDeletingService#7] INFO  interfaces.ContainerDeletionChoosingPolicyTemplate (ContainerDeletionChoosingPolicyTemplate.java:chooseContainerForBlockDeletion(83)) - Chosen 0/5000 blocks from 0 candidate containers.
2023-07-26 19:48:19,636 [BlockDeletingService#9] INFO  interfaces.ContainerDeletionChoosingPolicyTemplate (ContainerDeletionChoosingPolicyTemplate.java:chooseContainerForBlockDeletion(83)) - Chosen 0/5000 blocks from 0 candidate containers.
2023-07-26 19:48:19,636 [BlockDeletingService#7] INFO  interfaces.ContainerDeletionChoosingPolicyTemplate (ContainerDeletionChoosingPolicyTemplate.java:chooseContainerForBlockDeletion(83)) - Chosen 0/5000 blocks from 0 candidate containers.
2023-07-26 19:48:19,737 [BlockDeletingService#9] INFO  interfaces.ContainerDeletionChoosingPolicyTemplate (ContainerDeletionChoosingPolicyTemplate.java:chooseContainerForBlockDeletion(83)) - Chosen 0/5000 blocks from 0 candidate containers.
2023-07-26 19:48:19,737 [BlockDeletingService#7] INFO  interfaces.ContainerDeletionChoosingPolicyTemplate (ContainerDeletionChoosingPolicyTemplate.java:chooseContainerForBlockDeletion(83)) - Chosen 0/5000 blocks from 0 candidate containers.
2023-07-26 19:48:19,837 [BlockDeletingService#9] INFO  interfaces.ContainerDeletionChoosingPolicyTemplate (ContainerDeletionChoosingPolicyTemplate.java:chooseContainerForBlockDeletion(83)) - Chosen 0/5000 blocks from 0 candidate containers.
2023-07-26 19:48:19,837 [BlockDeletingService#7] INFO  interfaces.ContainerDeletionChoosingPolicyTemplate (ContainerDeletionChoosingPolicyTemplate.java:chooseContainerForBlockDeletion(83)) - Chosen 0/5000 blocks from 0 candidate containers.
2023-07-26 19:48:19,937 [BlockDeletingService#9] INFO  interfaces.ContainerDeletionChoosingPolicyTemplate (ContainerDeletionChoosingPolicyTemplate.java:chooseContainerForBlockDeletion(83)) - Chosen 0/5000 blocks from 0 candidate containers.
2023-07-26 19:48:19,938 [BlockDeletingService#7] INFO  interfaces.ContainerDeletionChoosingPolicyTemplate (ContainerDeletionChoosingPolicyTemplate.java:chooseContainerForBlockDeletion(83)) - Chosen 0/5000 blocks from 0 candidate containers.
2023-07-26 19:48:20,038 [BlockDeletingService#9] INFO  interfaces.ContainerDeletionChoosingPolicyTemplate (ContainerDeletionChoosingPolicyTemplate.java:chooseContainerForBlockDeletion(83)) - Chosen 0/5000 blocks from 0 candidate containers.
2023-07-26 19:48:20,038 [BlockDeletingService#7] INFO  interfaces.ContainerDeletionChoosingPolicyTemplate (ContainerDeletionChoosingPolicyTemplate.java:chooseContainerForBlockDeletion(83)) - Chosen 0/5000 blocks from 0 candidate containers.
2023-07-26 19:48:20,138 [BlockDeletingService#9] INFO  interfaces.ContainerDeletionChoosingPolicyTemplate (ContainerDeletionChoosingPolicyTemplate.java:chooseContainerForBlockDeletion(83)) - Chosen 0/5000 blocks from 0 candidate containers.
2023-07-26 19:48:20,138 [BlockDeletingService#7] INFO  interfaces.ContainerDeletionChoosingPolicyTemplate (ContainerDeletionChoosingPolicyTemplate.java:chooseContainerForBlockDeletion(83)) - Chosen 0/5000 blocks from 0 candidate containers.
2023-07-26 19:48:20,238 [BlockDeletingService#9] INFO  interfaces.ContainerDeletionChoosingPolicyTemplate (ContainerDeletionChoosingPolicyTemplate.java:chooseContainerForBlockDeletion(83)) - Chosen 0/5000 blocks from 0 candidate containers.
2023-07-26 19:48:20,239 [BlockDeletingService#7] INFO  interfaces.ContainerDeletionChoosingPolicyTemplate (ContainerDeletionChoosingPolicyTemplate.java:chooseContainerForBlockDeletion(83)) - Chosen 0/5000 blocks from 0 candidate containers.
2023-07-26 19:48:20,241 [grpc-default-executor-2] WARN  server.GrpcLogAppender (LogUtils.java:warn(122)) - 4099cb2b-2e2e-4151-9db7-f99ade631412@group-1C7129A268B6->cc71d3b4-cf6a-416c-96eb-6097e97a8fe1-AppendLogResponseHandler: Failed appendEntries: org.apache.ratis.thirdparty.io.grpc.StatusRuntimeException: UNAVAILABLE: io exception
2023-07-26 19:48:20,241 [grpc-default-executor-3] WARN  server.GrpcLogAppender (LogUtils.java:warn(122)) - 4099cb2b-2e2e-4151-9db7-f99ade631412@group-1C7129A268B6->cc71d3b4-cf6a-416c-96eb-6097e97a8fe1-AppendLogResponseHandler: Failed appendEntries: org.apache.ratis.thirdparty.io.grpc.StatusRuntimeException: UNAVAILABLE: io exception
2023-07-26 19:48:20,241 [grpc-default-executor-2] WARN  server.GrpcLogAppender (GrpcLogAppender.java:resetClient(128)) - 4099cb2b-2e2e-4151-9db7-f99ade631412@group-1C7129A268B6->cc71d3b4-cf6a-416c-96eb-6097e97a8fe1-GrpcLogAppender: Follower failed when matchIndex == 0,  keep nextIndex (6) unchanged and retry.
2023-07-26 19:48:20,242 [grpc-default-executor-3] WARN  server.GrpcLogAppender (GrpcLogAppender.java:resetClient(128)) - 4099cb2b-2e2e-4151-9db7-f99ade631412@group-1C7129A268B6->cc71d3b4-cf6a-416c-96eb-6097e97a8fe1-GrpcLogAppender: Follower failed when matchIndex == 0,  keep nextIndex (6) unchanged and retry.
2023-07-26 19:48:20,339 [BlockDeletingService#9] INFO  interfaces.ContainerDeletionChoosingPolicyTemplate (ContainerDeletionChoosingPolicyTemplate.java:chooseContainerForBlockDeletion(83)) - Chosen 0/5000 blocks from 0 candidate containers.
2023-07-26 19:48:20,339 [BlockDeletingService#7] INFO  interfaces.ContainerDeletionChoosingPolicyTemplate (ContainerDeletionChoosingPolicyTemplate.java:chooseContainerForBlockDeletion(83)) - Chosen 0/5000 blocks from 0 candidate containers.
2023-07-26 19:48:20,439 [BlockDeletingService#9] INFO  interfaces.ContainerDeletionChoosingPolicyTemplate (ContainerDeletionChoosingPolicyTemplate.java:chooseContainerForBlockDeletion(83)) - Chosen 0/5000 blocks from 0 candidate containers.
2023-07-26 19:48:20,439 [BlockDeletingService#7] INFO  interfaces.ContainerDeletionChoosingPolicyTemplate (ContainerDeletionChoosingPolicyTemplate.java:chooseContainerForBlockDeletion(83)) - Chosen 0/5000 blocks from 0 candidate containers.
2023-07-26 19:48:20,540 [BlockDeletingService#9] INFO  interfaces.ContainerDeletionChoosingPolicyTemplate (ContainerDeletionChoosingPolicyTemplate.java:chooseContainerForBlockDeletion(83)) - Chosen 0/5000 blocks from 0 candidate containers.
2023-07-26 19:48:20,540 [BlockDeletingService#7] INFO  interfaces.ContainerDeletionChoosingPolicyTemplate (ContainerDeletionChoosingPolicyTemplate.java:chooseContainerForBlockDeletion(83)) - Chosen 0/5000 blocks from 0 candidate containers.
2023-07-26 19:48:20,640 [BlockDeletingService#9] INFO  interfaces.ContainerDeletionChoosingPolicyTemplate (ContainerDeletionChoosingPolicyTemplate.java:chooseContainerForBlockDeletion(83)) - Chosen 0/5000 blocks from 0 candidate containers.
2023-07-26 19:48:20,640 [BlockDeletingService#7] INFO  interfaces.ContainerDeletionChoosingPolicyTemplate (ContainerDeletionChoosingPolicyTemplate.java:chooseContainerForBlockDeletion(83)) - Chosen 0/5000 blocks from 0 candidate containers.
2023-07-26 19:48:20,740 [BlockDeletingService#9] INFO  interfaces.ContainerDeletionChoosingPolicyTemplate (ContainerDeletionChoosingPolicyTemplate.java:chooseContainerForBlockDeletion(83)) - Chosen 0/5000 blocks from 0 candidate containers.
2023-07-26 19:48:20,741 [BlockDeletingService#7] INFO  interfaces.ContainerDeletionChoosingPolicyTemplate (ContainerDeletionChoosingPolicyTemplate.java:chooseContainerForBlockDeletion(83)) - Chosen 0/5000 blocks from 0 candidate containers.
2023-07-26 19:48:20,841 [BlockDeletingService#7] INFO  interfaces.ContainerDeletionChoosingPolicyTemplate (ContainerDeletionChoosingPolicyTemplate.java:chooseContainerForBlockDeletion(83)) - Chosen 0/5000 blocks from 0 candidate containers.
2023-07-26 19:48:20,841 [BlockDeletingService#9] INFO  interfaces.ContainerDeletionChoosingPolicyTemplate (ContainerDeletionChoosingPolicyTemplate.java:chooseContainerForBlockDeletion(83)) - Chosen 0/5000 blocks from 0 candidate containers.
2023-07-26 19:48:20,941 [BlockDeletingService#7] INFO  interfaces.ContainerDeletionChoosingPolicyTemplate (ContainerDeletionChoosingPolicyTemplate.java:chooseContainerForBlockDeletion(83)) - Chosen 0/5000 blocks from 0 candidate containers.
2023-07-26 19:48:20,942 [BlockDeletingService#9] INFO  interfaces.ContainerDeletionChoosingPolicyTemplate (ContainerDeletionChoosingPolicyTemplate.java:chooseContainerForBlockDeletion(83)) - Chosen 0/5000 blocks from 0 candidate containers.
2023-07-26 19:48:21,042 [BlockDeletingService#7] INFO  interfaces.ContainerDeletionChoosingPolicyTemplate (ContainerDeletionChoosingPolicyTemplate.java:chooseContainerForBlockDeletion(83)) - Chosen 0/5000 blocks from 0 candidate containers.
2023-07-26 19:48:21,042 [BlockDeletingService#9] INFO  interfaces.ContainerDeletionChoosingPolicyTemplate (ContainerDeletionChoosingPolicyTemplate.java:chooseContainerForBlockDeletion(83)) - Chosen 0/5000 blocks from 0 candidate containers.
2023-07-26 19:48:21,142 [BlockDeletingService#7] INFO  interfaces.ContainerDeletionChoosingPolicyTemplate (ContainerDeletionChoosingPolicyTemplate.java:chooseContainerForBlockDeletion(83)) - Chosen 0/5000 blocks from 0 candidate containers.
2023-07-26 19:48:21,142 [BlockDeletingService#9] INFO  interfaces.ContainerDeletionChoosingPolicyTemplate (ContainerDeletionChoosingPolicyTemplate.java:chooseContainerForBlockDeletion(83)) - Chosen 0/5000 blocks from 0 candidate containers.
2023-07-26 19:48:21,242 [BlockDeletingService#7] INFO  interfaces.ContainerDeletionChoosingPolicyTemplate (ContainerDeletionChoosingPolicyTemplate.java:chooseContainerForBlockDeletion(83)) - Chosen 0/5000 blocks from 0 candidate containers.
2023-07-26 19:48:21,242 [BlockDeletingService#9] INFO  interfaces.ContainerDeletionChoosingPolicyTemplate (ContainerDeletionChoosingPolicyTemplate.java:chooseContainerForBlockDeletion(83)) - Chosen 0/5000 blocks from 0 candidate containers.
2023-07-26 19:48:21,343 [BlockDeletingService#7] INFO  interfaces.ContainerDeletionChoosingPolicyTemplate (ContainerDeletionChoosingPolicyTemplate.java:chooseContainerForBlockDeletion(83)) - Chosen 0/5000 blocks from 0 candidate containers.
2023-07-26 19:48:21,343 [BlockDeletingService#9] INFO  interfaces.ContainerDeletionChoosingPolicyTemplate (ContainerDeletionChoosingPolicyTemplate.java:chooseContainerForBlockDeletion(83)) - Chosen 0/5000 blocks from 0 candidate containers.
2023-07-26 19:48:21,443 [BlockDeletingService#7] INFO  interfaces.ContainerDeletionChoosingPolicyTemplate (ContainerDeletionChoosingPolicyTemplate.java:chooseContainerForBlockDeletion(83)) - Chosen 0/5000 blocks from 0 candidate containers.
2023-07-26 19:48:21,443 [BlockDeletingService#9] INFO  interfaces.ContainerDeletionChoosingPolicyTemplate (ContainerDeletionChoosingPolicyTemplate.java:chooseContainerForBlockDeletion(83)) - Chosen 0/5000 blocks from 0 candidate containers.
2023-07-26 19:48:21,491 [grpc-default-executor-3] WARN  server.GrpcLogAppender (LogUtils.java:warn(122)) - 4099cb2b-2e2e-4151-9db7-f99ade631412@group-1C7129A268B6->cc71d3b4-cf6a-416c-96eb-6097e97a8fe1-AppendLogResponseHandler: Failed appendEntries: org.apache.ratis.thirdparty.io.grpc.StatusRuntimeException: UNAVAILABLE: io exception
2023-07-26 19:48:21,493 [grpc-default-executor-3] WARN  server.GrpcLogAppender (GrpcLogAppender.java:resetClient(128)) - 4099cb2b-2e2e-4151-9db7-f99ade631412@group-1C7129A268B6->cc71d3b4-cf6a-416c-96eb-6097e97a8fe1-GrpcLogAppender: Follower failed when matchIndex == 0,  keep nextIndex (6) unchanged and retry.
2023-07-26 19:48:21,493 [grpc-default-executor-2] WARN  server.GrpcLogAppender (LogUtils.java:warn(122)) - 4099cb2b-2e2e-4151-9db7-f99ade631412@group-1C7129A268B6->cc71d3b4-cf6a-416c-96eb-6097e97a8fe1-AppendLogResponseHandler: Failed appendEntries: org.apache.ratis.thirdparty.io.grpc.StatusRuntimeException: UNAVAILABLE: io exception
2023-07-26 19:48:21,512 [grpc-default-executor-2] WARN  server.GrpcLogAppender (GrpcLogAppender.java:resetClient(128)) - 4099cb2b-2e2e-4151-9db7-f99ade631412@group-1C7129A268B6->cc71d3b4-cf6a-416c-96eb-6097e97a8fe1-GrpcLogAppender: Follower failed when matchIndex == 0,  keep nextIndex (6) unchanged and retry.
2023-07-26 19:48:21,543 [BlockDeletingService#7] INFO  interfaces.ContainerDeletionChoosingPolicyTemplate (ContainerDeletionChoosingPolicyTemplate.java:chooseContainerForBlockDeletion(83)) - Chosen 0/5000 blocks from 0 candidate containers.
2023-07-26 19:48:21,543 [BlockDeletingService#9] INFO  interfaces.ContainerDeletionChoosingPolicyTemplate (ContainerDeletionChoosingPolicyTemplate.java:chooseContainerForBlockDeletion(83)) - Chosen 0/5000 blocks from 0 candidate containers.
2023-07-26 19:48:21,645 [BlockDeletingService#9] INFO  interfaces.ContainerDeletionChoosingPolicyTemplate (ContainerDeletionChoosingPolicyTemplate.java:chooseContainerForBlockDeletion(83)) - Chosen 0/5000 blocks from 0 candidate containers.
2023-07-26 19:48:21,645 [BlockDeletingService#7] INFO  interfaces.ContainerDeletionChoosingPolicyTemplate (ContainerDeletionChoosingPolicyTemplate.java:chooseContainerForBlockDeletion(83)) - Chosen 0/5000 blocks from 0 candidate containers.
2023-07-26 19:48:21,745 [BlockDeletingService#9] INFO  interfaces.ContainerDeletionChoosingPolicyTemplate (ContainerDeletionChoosingPolicyTemplate.java:chooseContainerForBlockDeletion(83)) - Chosen 0/5000 blocks from 0 candidate containers.
2023-07-26 19:48:21,745 [BlockDeletingService#7] INFO  interfaces.ContainerDeletionChoosingPolicyTemplate (ContainerDeletionChoosingPolicyTemplate.java:chooseContainerForBlockDeletion(83)) - Chosen 0/5000 blocks from 0 candidate containers.
2023-07-26 19:48:21,845 [BlockDeletingService#9] INFO  interfaces.ContainerDeletionChoosingPolicyTemplate (ContainerDeletionChoosingPolicyTemplate.java:chooseContainerForBlockDeletion(83)) - Chosen 0/5000 blocks from 0 candidate containers.
2023-07-26 19:48:21,845 [BlockDeletingService#7] INFO  interfaces.ContainerDeletionChoosingPolicyTemplate (ContainerDeletionChoosingPolicyTemplate.java:chooseContainerForBlockDeletion(83)) - Chosen 0/5000 blocks from 0 candidate containers.
2023-07-26 19:48:21,946 [BlockDeletingService#9] INFO  interfaces.ContainerDeletionChoosingPolicyTemplate (ContainerDeletionChoosingPolicyTemplate.java:chooseContainerForBlockDeletion(83)) - Chosen 0/5000 blocks from 0 candidate containers.
2023-07-26 19:48:21,946 [BlockDeletingService#7] INFO  interfaces.ContainerDeletionChoosingPolicyTemplate (ContainerDeletionChoosingPolicyTemplate.java:chooseContainerForBlockDeletion(83)) - Chosen 0/5000 blocks from 0 candidate containers.
2023-07-26 19:48:22,046 [BlockDeletingService#9] INFO  interfaces.ContainerDeletionChoosingPolicyTemplate (ContainerDeletionChoosingPolicyTemplate.java:chooseContainerForBlockDeletion(83)) - Chosen 0/5000 blocks from 0 candidate containers.
2023-07-26 19:48:22,046 [BlockDeletingService#7] INFO  interfaces.ContainerDeletionChoosingPolicyTemplate (ContainerDeletionChoosingPolicyTemplate.java:chooseContainerForBlockDeletion(83)) - Chosen 0/5000 blocks from 0 candidate containers.
2023-07-26 19:48:22,146 [BlockDeletingService#9] INFO  interfaces.ContainerDeletionChoosingPolicyTemplate (ContainerDeletionChoosingPolicyTemplate.java:chooseContainerForBlockDeletion(83)) - Chosen 0/5000 blocks from 0 candidate containers.
2023-07-26 19:48:22,146 [BlockDeletingService#7] INFO  interfaces.ContainerDeletionChoosingPolicyTemplate (ContainerDeletionChoosingPolicyTemplate.java:chooseContainerForBlockDeletion(83)) - Chosen 0/5000 blocks from 0 candidate containers.
2023-07-26 19:48:22,247 [BlockDeletingService#9] INFO  interfaces.ContainerDeletionChoosingPolicyTemplate (ContainerDeletionChoosingPolicyTemplate.java:chooseContainerForBlockDeletion(83)) - Chosen 0/5000 blocks from 0 candidate containers.
2023-07-26 19:48:22,247 [BlockDeletingService#7] INFO  interfaces.ContainerDeletionChoosingPolicyTemplate (ContainerDeletionChoosingPolicyTemplate.java:chooseContainerForBlockDeletion(83)) - Chosen 0/5000 blocks from 0 candidate containers.
2023-07-26 19:48:22,347 [BlockDeletingService#9] INFO  interfaces.ContainerDeletionChoosingPolicyTemplate (ContainerDeletionChoosingPolicyTemplate.java:chooseContainerForBlockDeletion(83)) - Chosen 0/5000 blocks from 0 candidate containers.
2023-07-26 19:48:22,347 [BlockDeletingService#7] INFO  interfaces.ContainerDeletionChoosingPolicyTemplate (ContainerDeletionChoosingPolicyTemplate.java:chooseContainerForBlockDeletion(83)) - Chosen 0/5000 blocks from 0 candidate containers.
2023-07-26 19:48:22,447 [BlockDeletingService#8] INFO  interfaces.ContainerDeletionChoosingPolicyTemplate (ContainerDeletionChoosingPolicyTemplate.java:chooseContainerForBlockDeletion(83)) - Chosen 0/5000 blocks from 0 candidate containers.
2023-07-26 19:48:22,447 [BlockDeletingService#7] INFO  interfaces.ContainerDeletionChoosingPolicyTemplate (ContainerDeletionChoosingPolicyTemplate.java:chooseContainerForBlockDeletion(83)) - Chosen 0/5000 blocks from 0 candidate containers.
2023-07-26 19:48:22,548 [BlockDeletingService#8] INFO  interfaces.ContainerDeletionChoosingPolicyTemplate (ContainerDeletionChoosingPolicyTemplate.java:chooseContainerForBlockDeletion(83)) - Chosen 0/5000 blocks from 0 candidate containers.
2023-07-26 19:48:22,548 [BlockDeletingService#7] INFO  interfaces.ContainerDeletionChoosingPolicyTemplate (ContainerDeletionChoosingPolicyTemplate.java:chooseContainerForBlockDeletion(83)) - Chosen 0/5000 blocks from 0 candidate containers.
2023-07-26 19:48:22,648 [BlockDeletingService#8] INFO  interfaces.ContainerDeletionChoosingPolicyTemplate (ContainerDeletionChoosingPolicyTemplate.java:chooseContainerForBlockDeletion(83)) - Chosen 0/5000 blocks from 0 candidate containers.
2023-07-26 19:48:22,648 [BlockDeletingService#7] INFO  interfaces.ContainerDeletionChoosingPolicyTemplate (ContainerDeletionChoosingPolicyTemplate.java:chooseContainerForBlockDeletion(83)) - Chosen 0/5000 blocks from 0 candidate containers.
2023-07-26 19:48:22,742 [grpc-default-executor-3] WARN  server.GrpcLogAppender (LogUtils.java:warn(122)) - 4099cb2b-2e2e-4151-9db7-f99ade631412@group-1C7129A268B6->cc71d3b4-cf6a-416c-96eb-6097e97a8fe1-AppendLogResponseHandler: Failed appendEntries: org.apache.ratis.thirdparty.io.grpc.StatusRuntimeException: UNAVAILABLE: io exception
2023-07-26 19:48:22,743 [grpc-default-executor-3] WARN  server.GrpcLogAppender (GrpcLogAppender.java:resetClient(128)) - 4099cb2b-2e2e-4151-9db7-f99ade631412@group-1C7129A268B6->cc71d3b4-cf6a-416c-96eb-6097e97a8fe1-GrpcLogAppender: Follower failed when matchIndex == 0,  keep nextIndex (6) unchanged and retry.
2023-07-26 19:48:22,743 [grpc-default-executor-2] WARN  server.GrpcLogAppender (LogUtils.java:warn(122)) - 4099cb2b-2e2e-4151-9db7-f99ade631412@group-1C7129A268B6->cc71d3b4-cf6a-416c-96eb-6097e97a8fe1-AppendLogResponseHandler: Failed appendEntries: org.apache.ratis.thirdparty.io.grpc.StatusRuntimeException: UNAVAILABLE: io exception
2023-07-26 19:48:22,744 [grpc-default-executor-2] WARN  server.GrpcLogAppender (GrpcLogAppender.java:resetClient(128)) - 4099cb2b-2e2e-4151-9db7-f99ade631412@group-1C7129A268B6->cc71d3b4-cf6a-416c-96eb-6097e97a8fe1-GrpcLogAppender: Follower failed when matchIndex == 0,  keep nextIndex (6) unchanged and retry.
2023-07-26 19:48:22,748 [BlockDeletingService#8] INFO  interfaces.ContainerDeletionChoosingPolicyTemplate (ContainerDeletionChoosingPolicyTemplate.java:chooseContainerForBlockDeletion(83)) - Chosen 0/5000 blocks from 0 candidate containers.
2023-07-26 19:48:22,749 [BlockDeletingService#7] INFO  interfaces.ContainerDeletionChoosingPolicyTemplate (ContainerDeletionChoosingPolicyTemplate.java:chooseContainerForBlockDeletion(83)) - Chosen 0/5000 blocks from 0 candidate containers.
2023-07-26 19:48:22,849 [BlockDeletingService#7] INFO  interfaces.ContainerDeletionChoosingPolicyTemplate (ContainerDeletionChoosingPolicyTemplate.java:chooseContainerForBlockDeletion(83)) - Chosen 0/5000 blocks from 0 candidate containers.
2023-07-26 19:48:22,849 [BlockDeletingService#8] INFO  interfaces.ContainerDeletionChoosingPolicyTemplate (ContainerDeletionChoosingPolicyTemplate.java:chooseContainerForBlockDeletion(83)) - Chosen 0/5000 blocks from 0 candidate containers.
2023-07-26 19:48:22,950 [BlockDeletingService#7] INFO  interfaces.ContainerDeletionChoosingPolicyTemplate (ContainerDeletionChoosingPolicyTemplate.java:chooseContainerForBlockDeletion(83)) - Chosen 0/5000 blocks from 0 candidate containers.
2023-07-26 19:48:22,950 [BlockDeletingService#8] INFO  interfaces.ContainerDeletionChoosingPolicyTemplate (ContainerDeletionChoosingPolicyTemplate.java:chooseContainerForBlockDeletion(83)) - Chosen 0/5000 blocks from 0 candidate containers.
]]></system-out>
  </testcase>
</testsuite>