<?xml version="1.0" encoding="UTF-8"?>
<testsuite xmlns:xsi="http://www.w3.org/2001/XMLSchema-instance" xsi:noNamespaceSchemaLocation="https://maven.apache.org/surefire/maven-surefire-plugin/xsd/surefire-test-report-3.0.xsd" version="3.0" name="org.apache.hadoop.fs.ozone.TestLeaseRecovery" time="4.724" tests="2" errors="2" skipped="0" failures="0">
  <properties>
    <property name="awt.toolkit" value="sun.awt.X11.XToolkit"/>
    <property name="file.encoding.pkg" value="sun.io"/>
    <property name="java.specification.version" value="1.8"/>
    <property name="sun.cpu.isalist" value=""/>
    <property name="sun.jnu.encoding" value="UTF-8"/>
    <property name="java.class.path" value="/home/runner/work/ozone/ozone/hadoop-ozone/integration-test/target/test-classes:/home/runner/work/ozone/ozone/hadoop-ozone/integration-test/target/classes:/home/runner/.m2/repository/org/apache/ozone/ozone-common/1.4.0-SNAPSHOT/ozone-common-1.4.0-SNAPSHOT.jar:/home/runner/.m2/repository/io/grpc/grpc-netty/1.51.1/grpc-netty-1.51.1.jar:/home/runner/.m2/repository/io/grpc/grpc-core/1.51.1/grpc-core-1.51.1.jar:/home/runner/.m2/repository/com/google/android/annotations/4.1.1.4/annotations-4.1.1.4.jar:/home/runner/.m2/repository/org/codehaus/mojo/animal-sniffer-annotations/1.21/animal-sniffer-annotations-1.21.jar:/home/runner/.m2/repository/com/google/errorprone/error_prone_annotations/2.2.0/error_prone_annotations-2.2.0.jar:/home/runner/.m2/repository/io/perfmark/perfmark-api/0.25.0/perfmark-api-0.25.0.jar:/home/runner/.m2/repository/io/netty/netty-codec-http2/4.1.86.Final/netty-codec-http2-4.1.86.Final.jar:/home/runner/.m2/repository/io/netty/netty-common/4.1.86.Final/netty-common-4.1.86.Final.jar:/home/runner/.m2/repository/io/netty/netty-buffer/4.1.86.Final/netty-buffer-4.1.86.Final.jar:/home/runner/.m2/repository/io/netty/netty-codec-http/4.1.86.Final/netty-codec-http-4.1.86.Final.jar:/home/runner/.m2/repository/io/netty/netty-handler-proxy/4.1.86.Final/netty-handler-proxy-4.1.86.Final.jar:/home/runner/.m2/repository/io/netty/netty-codec-socks/4.1.86.Final/netty-codec-socks-4.1.86.Final.jar:/home/runner/.m2/repository/io/netty/netty-tcnative-boringssl-static/2.0.54.Final/netty-tcnative-boringssl-static-2.0.54.Final.jar:/home/runner/.m2/repository/io/netty/netty-tcnative-classes/2.0.54.Final/netty-tcnative-classes-2.0.54.Final.jar:/home/runner/.m2/repository/io/netty/netty-tcnative-boringssl-static/2.0.54.Final/netty-tcnative-boringssl-static-2.0.54.Final-linux-x86_64.jar:/home/runner/.m2/repository/io/netty/netty-tcnative-boringssl-static/2.0.54.Final/netty-tcnative-boringssl-static-2.0.54.Final-linux-aarch_64.jar:/home/runner/.m2/repository/io/netty/netty-tcnative-boringssl-static/2.0.54.Final/netty-tcnative-boringssl-static-2.0.54.Final-osx-x86_64.jar:/home/runner/.m2/repository/io/netty/netty-tcnative-boringssl-static/2.0.54.Final/netty-tcnative-boringssl-static-2.0.54.Final-osx-aarch_64.jar:/home/runner/.m2/repository/io/netty/netty-tcnative-boringssl-static/2.0.54.Final/netty-tcnative-boringssl-static-2.0.54.Final-windows-x86_64.jar:/home/runner/.m2/repository/org/apache/commons/commons-compress/1.21/commons-compress-1.21.jar:/home/runner/.m2/repository/org/apache/ozone/hdds-common/1.4.0-SNAPSHOT/hdds-common-1.4.0-SNAPSHOT.jar:/home/runner/.m2/repository/org/apache/ozone/hdds-client/1.4.0-SNAPSHOT/hdds-client-1.4.0-SNAPSHOT.jar:/home/runner/.m2/repository/org/apache/ozone/ozone-interface-client/1.4.0-SNAPSHOT/ozone-interface-client-1.4.0-SNAPSHOT.jar:/home/runner/.m2/repository/org/apache/hadoop/hadoop-hdfs-client/3.3.6/hadoop-hdfs-client-3.3.6.jar:/home/runner/.m2/repository/com/squareup/okhttp3/okhttp/4.9.3/okhttp-4.9.3.jar:/home/runner/.m2/repository/com/squareup/okio/okio/2.8.0/okio-2.8.0.jar:/home/runner/.m2/repository/org/jetbrains/kotlin/kotlin-stdlib-common/1.6.21/kotlin-stdlib-common-1.6.21.jar:/home/runner/.m2/repository/org/apache/ozone/hdds-test-utils/1.4.0-SNAPSHOT/hdds-test-utils-1.4.0-SNAPSHOT.jar:/home/runner/.m2/repository/com/google/guava/guava/32.0.0-jre/guava-32.0.0-jre.jar:/home/runner/.m2/repository/com/google/guava/failureaccess/1.0.1/failureaccess-1.0.1.jar:/home/runner/.m2/repository/com/google/guava/listenablefuture/9999.0-empty-to-avoid-conflict-with-guava/listenablefuture-9999.0-empty-to-avoid-conflict-with-guava.jar:/home/runner/.m2/repository/com/google/code/findbugs/jsr305/3.0.0/jsr305-3.0.0.jar:/home/runner/.m2/repository/org/checkerframework/checker-qual/3.33.0/checker-qual-3.33.0.jar:/home/runner/.m2/repository/com/google/j2objc/j2objc-annotations/2.8/j2objc-annotations-2.8.jar:/home/runner/.m2/repository/commons-io/commons-io/2.11.0/commons-io-2.11.0.jar:/home/runner/.m2/repository/commons-logging/commons-logging/1.2/commons-logging-1.2.jar:/home/runner/.m2/repository/ch/qos/reload4j/reload4j/1.2.22/reload4j-1.2.22.jar:/home/runner/.m2/repository/org/slf4j/slf4j-api/1.7.36/slf4j-api-1.7.36.jar:/home/runner/.m2/repository/org/apache/ozone/hdds-server-scm/1.4.0-SNAPSHOT/hdds-server-scm-1.4.0-SNAPSHOT.jar:/home/runner/.m2/repository/org/apache/ozone/hdds-container-service/1.4.0-SNAPSHOT/hdds-container-service-1.4.0-SNAPSHOT.jar:/home/runner/.m2/repository/org/apache/ozone/hdds-hadoop-dependency-server/1.4.0-SNAPSHOT/hdds-hadoop-dependency-server-1.4.0-SNAPSHOT.jar:/home/runner/.m2/repository/org/apache/hadoop/hadoop-hdfs/3.3.6/hadoop-hdfs-3.3.6.jar:/home/runner/.m2/repository/commons-daemon/commons-daemon/1.0.13/commons-daemon-1.0.13.jar:/home/runner/.m2/repository/org/apache/ozone/hdds-server-framework/1.4.0-SNAPSHOT/hdds-server-framework-1.4.0-SNAPSHOT.jar:/home/runner/.m2/repository/io/dropwizard/metrics/metrics-core/3.2.4/metrics-core-3.2.4.jar:/home/runner/.m2/repository/org/apache/commons/commons-text/1.10.0/commons-text-1.10.0.jar:/home/runner/.m2/repository/org/bouncycastle/bcprov-jdk15on/1.67/bcprov-jdk15on-1.67.jar:/home/runner/.m2/repository/com/google/protobuf/protobuf-java/2.5.0/protobuf-java-2.5.0.jar:/home/runner/.m2/repository/org/apache/ozone/hdds-server-framework/1.4.0-SNAPSHOT/hdds-server-framework-1.4.0-SNAPSHOT-tests.jar:/home/runner/.m2/repository/org/apache/ozone/hdds-interface-server/1.4.0-SNAPSHOT/hdds-interface-server-1.4.0-SNAPSHOT.jar:/home/runner/.m2/repository/org/apache/ozone/hdds-interface-admin/1.4.0-SNAPSHOT/hdds-interface-admin-1.4.0-SNAPSHOT.jar:/home/runner/.m2/repository/org/apache/ozone/hdds-managed-rocksdb/1.4.0-SNAPSHOT/hdds-managed-rocksdb-1.4.0-SNAPSHOT.jar:/home/runner/.m2/repository/org/rocksdb/rocksdbjni/7.7.3/rocksdbjni-7.7.3.jar:/home/runner/.m2/repository/org/slf4j/slf4j-reload4j/1.7.36/slf4j-reload4j-1.7.36.jar:/home/runner/.m2/repository/org/apache/commons/commons-configuration2/2.1.1/commons-configuration2-2.1.1.jar:/home/runner/.m2/repository/commons-fileupload/commons-fileupload/1.5/commons-fileupload-1.5.jar:/home/runner/.m2/repository/org/apache/logging/log4j/log4j-core/2.17.1/log4j-core-2.17.1.jar:/home/runner/.m2/repository/com/lmax/disruptor/3.4.2/disruptor-3.4.2.jar:/home/runner/.m2/repository/org/eclipse/jetty/jetty-util/9.4.51.v20230217/jetty-util-9.4.51.v20230217.jar:/home/runner/.m2/repository/org/eclipse/jetty/jetty-server/9.4.51.v20230217/jetty-server-9.4.51.v20230217.jar:/home/runner/.m2/repository/org/eclipse/jetty/jetty-http/9.4.51.v20230217/jetty-http-9.4.51.v20230217.jar:/home/runner/.m2/repository/org/eclipse/jetty/jetty-io/9.4.51.v20230217/jetty-io-9.4.51.v20230217.jar:/home/runner/.m2/repository/org/eclipse/jetty/jetty-servlet/9.4.51.v20230217/jetty-servlet-9.4.51.v20230217.jar:/home/runner/.m2/repository/org/eclipse/jetty/jetty-security/9.4.51.v20230217/jetty-security-9.4.51.v20230217.jar:/home/runner/.m2/repository/org/eclipse/jetty/jetty-util-ajax/9.4.51.v20230217/jetty-util-ajax-9.4.51.v20230217.jar:/home/runner/.m2/repository/org/eclipse/jetty/jetty-webapp/9.4.51.v20230217/jetty-webapp-9.4.51.v20230217.jar:/home/runner/.m2/repository/org/eclipse/jetty/jetty-xml/9.4.51.v20230217/jetty-xml-9.4.51.v20230217.jar:/home/runner/.m2/repository/org/apache/ratis/ratis-server/2.5.1/ratis-server-2.5.1.jar:/home/runner/.m2/repository/org/apache/ratis/ratis-thirdparty-misc/1.0.4/ratis-thirdparty-misc-1.0.4.jar:/home/runner/.m2/repository/org/apache/ratis/ratis-proto/2.5.1/ratis-proto-2.5.1.jar:/home/runner/.m2/repository/org/apache/ratis/ratis-common/2.5.1/ratis-common-2.5.1.jar:/home/runner/.m2/repository/org/apache/ratis/ratis-client/2.5.1/ratis-client-2.5.1.jar:/home/runner/.m2/repository/org/apache/ratis/ratis-server-api/2.5.1/ratis-server-api-2.5.1.jar:/home/runner/.m2/repository/org/apache/ratis/ratis-metrics/2.5.1/ratis-metrics-2.5.1.jar:/home/runner/.m2/repository/io/prometheus/simpleclient_dropwizard/0.7.0/simpleclient_dropwizard-0.7.0.jar:/home/runner/.m2/repository/io/prometheus/simpleclient/0.7.0/simpleclient-0.7.0.jar:/home/runner/.m2/repository/io/prometheus/simpleclient_common/0.7.0/simpleclient_common-0.7.0.jar:/home/runner/.m2/repository/com/fasterxml/jackson/datatype/jackson-datatype-jsr310/2.13.4/jackson-datatype-jsr310-2.13.4.jar:/home/runner/.m2/repository/com/fasterxml/jackson/core/jackson-core/2.13.4/jackson-core-2.13.4.jar:/home/runner/.m2/repository/com/github/spotbugs/spotbugs-annotations/3.1.12/spotbugs-annotations-3.1.12.jar:/home/runner/.m2/repository/org/apache/ozone/rocksdb-checkpoint-differ/1.4.0-SNAPSHOT/rocksdb-checkpoint-differ-1.4.0-SNAPSHOT.jar:/home/runner/.m2/repository/org/awaitility/awaitility/4.2.0/awaitility-4.2.0.jar:/home/runner/.m2/repository/org/hamcrest/hamcrest/2.1/hamcrest-2.1.jar:/home/runner/.m2/repository/org/apache/ozone/ozone-manager/1.4.0-SNAPSHOT/ozone-manager-1.4.0-SNAPSHOT.jar:/home/runner/.m2/repository/org/aspectj/aspectjrt/1.9.7/aspectjrt-1.9.7.jar:/home/runner/.m2/repository/org/aspectj/aspectjweaver/1.9.7/aspectjweaver-1.9.7.jar:/home/runner/.m2/repository/org/apache/ozone/hdds-interface-client/1.4.0-SNAPSHOT/hdds-interface-client-1.4.0-SNAPSHOT.jar:/home/runner/.m2/repository/org/apache/hadoop/thirdparty/hadoop-shaded-protobuf_3_7/1.1.1/hadoop-shaded-protobuf_3_7-1.1.1.jar:/home/runner/.m2/repository/org/apache/ozone/ozone-interface-storage/1.4.0-SNAPSHOT/ozone-interface-storage-1.4.0-SNAPSHOT.jar:/home/runner/.m2/repository/org/reflections/reflections/0.9.11/reflections-0.9.11.jar:/home/runner/.m2/repository/com/sun/jersey/jersey-client/1.19/jersey-client-1.19.jar:/home/runner/.m2/repository/org/codehaus/jackson/jackson-core-asl/1.9.13/jackson-core-asl-1.9.13.jar:/home/runner/.m2/repository/org/codehaus/jackson/jackson-mapper-asl/1.9.13/jackson-mapper-asl-1.9.13.jar:/home/runner/.m2/repository/org/codehaus/jackson/jackson-jaxrs/1.9.13/jackson-jaxrs-1.9.13.jar:/home/runner/.m2/repository/org/apache/ranger/ranger-intg/2.3.0/ranger-intg-2.3.0.jar:/home/runner/.m2/repository/org/apache/ranger/ranger-plugins-common/2.3.0/ranger-plugins-common-2.3.0.jar:/home/runner/.m2/repository/commons-lang/commons-lang/2.6/commons-lang-2.6.jar:/home/runner/.m2/repository/org/apache/ranger/ranger-plugins-cred/2.3.0/ranger-plugins-cred-2.3.0.jar:/home/runner/.m2/repository/org/apache/ranger/ranger-plugins-audit/2.3.0/ranger-plugins-audit-2.3.0.jar:/home/runner/.m2/repository/org/eclipse/jetty/jetty-client/9.4.51.v20230217/jetty-client-9.4.51.v20230217.jar:/home/runner/.m2/repository/org/apache/httpcomponents/httpmime/4.5.6/httpmime-4.5.6.jar:/home/runner/.m2/repository/org/apache/httpcomponents/httpcore-nio/4.4.13/httpcore-nio-4.4.13.jar:/home/runner/.m2/repository/org/apache/httpcomponents/httpasyncclient/4.1.3/httpasyncclient-4.1.3.jar:/home/runner/.m2/repository/com/carrotsearch/hppc/0.8.0/hppc-0.8.0.jar:/home/runner/.m2/repository/org/apache/orc/orc-core/1.5.8/orc-core-1.5.8.jar:/home/runner/.m2/repository/net/java/dev/jna/jna/5.2.0/jna-5.2.0.jar:/home/runner/.m2/repository/net/java/dev/jna/jna-platform/5.2.0/jna-platform-5.2.0.jar:/home/runner/.m2/repository/com/kstruct/gethostname4j/0.0.2/gethostname4j-0.0.2.jar:/home/runner/.m2/repository/org/apache/ranger/ranger-plugin-classloader/2.3.0/ranger-plugin-classloader-2.3.0.jar:/home/runner/.m2/repository/org/apache/ozone/hdds-rocks-native/1.4.0-SNAPSHOT/hdds-rocks-native-1.4.0-SNAPSHOT.jar:/home/runner/.m2/repository/org/apache/hadoop/hadoop-minikdc/3.3.6/hadoop-minikdc-3.3.6.jar:/home/runner/.m2/repository/org/apache/kerby/kerb-simplekdc/1.0.1/kerb-simplekdc-1.0.1.jar:/home/runner/.m2/repository/org/apache/kerby/kerb-client/1.0.1/kerb-client-1.0.1.jar:/home/runner/.m2/repository/org/apache/kerby/kerby-config/1.0.1/kerby-config-1.0.1.jar:/home/runner/.m2/repository/org/apache/kerby/kerb-common/1.0.1/kerb-common-1.0.1.jar:/home/runner/.m2/repository/org/apache/kerby/kerb-crypto/1.0.1/kerb-crypto-1.0.1.jar:/home/runner/.m2/repository/org/apache/kerby/kerb-util/1.0.1/kerb-util-1.0.1.jar:/home/runner/.m2/repository/org/apache/kerby/token-provider/1.0.1/token-provider-1.0.1.jar:/home/runner/.m2/repository/org/apache/kerby/kerb-admin/1.0.1/kerb-admin-1.0.1.jar:/home/runner/.m2/repository/org/apache/kerby/kerb-server/1.0.1/kerb-server-1.0.1.jar:/home/runner/.m2/repository/org/apache/kerby/kerb-identity/1.0.1/kerb-identity-1.0.1.jar:/home/runner/.m2/repository/org/apache/kerby/kerby-xdr/1.0.1/kerby-xdr-1.0.1.jar:/home/runner/.m2/repository/org/apache/ozone/ozone-s3gateway/1.4.0-SNAPSHOT/ozone-s3gateway-1.4.0-SNAPSHOT.jar:/home/runner/.m2/repository/org/javassist/javassist/3.21.0-GA/javassist-3.21.0-GA.jar:/home/runner/.m2/repository/org/jboss/weld/servlet/weld-servlet-shaded/3.1.9.Final/weld-servlet-shaded-3.1.9.Final.jar:/home/runner/.m2/repository/org/glassfish/jersey/containers/jersey-container-servlet-core/2.34/jersey-container-servlet-core-2.34.jar:/home/runner/.m2/repository/org/glassfish/hk2/external/jakarta.inject/2.6.1/jakarta.inject-2.6.1.jar:/home/runner/.m2/repository/org/glassfish/jersey/core/jersey-common/2.34/jersey-common-2.34.jar:/home/runner/.m2/repository/jakarta/ws/rs/jakarta.ws.rs-api/2.1.6/jakarta.ws.rs-api-2.1.6.jar:/home/runner/.m2/repository/org/glassfish/jersey/ext/cdi/jersey-cdi1x/2.34/jersey-cdi1x-2.34.jar:/home/runner/.m2/repository/org/glassfish/jersey/inject/jersey-hk2/2.34/jersey-hk2-2.34.jar:/home/runner/.m2/repository/org/glassfish/hk2/hk2-locator/2.6.1/hk2-locator-2.6.1.jar:/home/runner/.m2/repository/org/glassfish/jersey/media/jersey-media-jaxb/2.34/jersey-media-jaxb-2.34.jar:/home/runner/.m2/repository/org/glassfish/hk2/osgi-resource-locator/1.0.3/osgi-resource-locator-1.0.3.jar:/home/runner/.m2/repository/org/glassfish/hk2/hk2-api/2.5.0/hk2-api-2.5.0.jar:/home/runner/.m2/repository/org/glassfish/hk2/hk2-utils/2.5.0/hk2-utils-2.5.0.jar:/home/runner/.m2/repository/org/glassfish/hk2/external/aopalliance-repackaged/2.5.0/aopalliance-repackaged-2.5.0.jar:/home/runner/.m2/repository/com/fasterxml/jackson/dataformat/jackson-dataformat-xml/2.13.4/jackson-dataformat-xml-2.13.4.jar:/home/runner/.m2/repository/org/codehaus/woodstox/stax2-api/4.2.1/stax2-api-4.2.1.jar:/home/runner/.m2/repository/com/fasterxml/woodstox/woodstox-core/5.4.0/woodstox-core-5.4.0.jar:/home/runner/.m2/repository/com/fasterxml/jackson/module/jackson-module-jaxb-annotations/2.13.4/jackson-module-jaxb-annotations-2.13.4.jar:/home/runner/.m2/repository/jakarta/xml/bind/jakarta.xml.bind-api/2.3.3/jakarta.xml.bind-api-2.3.3.jar:/home/runner/.m2/repository/jakarta/activation/jakarta.activation-api/1.2.2/jakarta.activation-api-1.2.2.jar:/home/runner/.m2/repository/javax/enterprise/cdi-api/2.0/cdi-api-2.0.jar:/home/runner/.m2/repository/javax/el/javax.el-api/3.0.0/javax.el-api-3.0.0.jar:/home/runner/.m2/repository/javax/interceptor/javax.interceptor-api/1.2/javax.interceptor-api-1.2.jar:/home/runner/.m2/repository/javax/inject/javax.inject/1/javax.inject-1.jar:/home/runner/.m2/repository/javax/xml/bind/jaxb-api/2.3.0/jaxb-api-2.3.0.jar:/home/runner/.m2/repository/org/glassfish/jaxb/jaxb-runtime/2.3.0.1/jaxb-runtime-2.3.0.1.jar:/home/runner/.m2/repository/org/glassfish/jaxb/jaxb-core/2.3.0.1/jaxb-core-2.3.0.1.jar:/home/runner/.m2/repository/org/glassfish/jaxb/txw2/2.3.0.1/txw2-2.3.0.1.jar:/home/runner/.m2/repository/com/sun/istack/istack-commons-runtime/3.0.5/istack-commons-runtime-3.0.5.jar:/home/runner/.m2/repository/org/jvnet/staxex/stax-ex/1.7.8/stax-ex-1.7.8.jar:/home/runner/.m2/repository/com/sun/xml/fastinfoset/FastInfoset/1.2.13/FastInfoset-1.2.13.jar:/home/runner/.m2/repository/javax/activation/activation/1.1.1/activation-1.1.1.jar:/home/runner/.m2/repository/io/grpc/grpc-protobuf/1.51.1/grpc-protobuf-1.51.1.jar:/home/runner/.m2/repository/com/google/api/grpc/proto-google-common-protos/2.9.0/proto-google-common-protos-2.9.0.jar:/home/runner/.m2/repository/io/grpc/grpc-protobuf-lite/1.51.1/grpc-protobuf-lite-1.51.1.jar:/home/runner/.m2/repository/io/grpc/grpc-stub/1.51.1/grpc-stub-1.51.1.jar:/home/runner/.m2/repository/io/netty/netty-transport/4.1.86.Final/netty-transport-4.1.86.Final.jar:/home/runner/.m2/repository/io/netty/netty-resolver/4.1.86.Final/netty-resolver-4.1.86.Final.jar:/home/runner/.m2/repository/org/apache/ozone/ozone-csi/1.4.0-SNAPSHOT/ozone-csi-1.4.0-SNAPSHOT.jar:/home/runner/.m2/repository/com/google/protobuf/protobuf-java-util/3.19.6/protobuf-java-util-3.19.6.jar:/home/runner/.m2/repository/com/google/code/gson/gson/2.9.0/gson-2.9.0.jar:/home/runner/.m2/repository/org/apache/ozone/hdds-config/1.4.0-SNAPSHOT/hdds-config-1.4.0-SNAPSHOT.jar:/home/runner/.m2/repository/io/netty/netty-transport-native-epoll/4.1.86.Final/netty-transport-native-epoll-4.1.86.Final-linux-x86_64.jar:/home/runner/.m2/repository/io/netty/netty-transport-classes-epoll/4.1.86.Final/netty-transport-classes-epoll-4.1.86.Final.jar:/home/runner/.m2/repository/io/netty/netty-transport-native-unix-common/4.1.86.Final/netty-transport-native-unix-common-4.1.86.Final.jar:/home/runner/.m2/repository/org/apache/ozone/ozone-recon/1.4.0-SNAPSHOT/ozone-recon-1.4.0-SNAPSHOT.jar:/home/runner/.m2/repository/org/apache/ozone/ozone-reconcodegen/1.4.0-SNAPSHOT/ozone-reconcodegen-1.4.0-SNAPSHOT.jar:/home/runner/.m2/repository/com/google/inject/guice/5.1.0/guice-5.1.0.jar:/home/runner/.m2/repository/aopalliance/aopalliance/1.0/aopalliance-1.0.jar:/home/runner/.m2/repository/com/google/inject/extensions/guice-assistedinject/5.1.0/guice-assistedinject-5.1.0.jar:/home/runner/.m2/repository/com/google/inject/extensions/guice-servlet/5.1.0/guice-servlet-5.1.0.jar:/home/runner/.m2/repository/org/glassfish/jersey/containers/jersey-container-servlet/2.34/jersey-container-servlet-2.34.jar:/home/runner/.m2/repository/org/glassfish/hk2/guice-bridge/2.5.0/guice-bridge-2.5.0.jar:/home/runner/.m2/repository/org/glassfish/jersey/core/jersey-server/2.34/jersey-server-2.34.jar:/home/runner/.m2/repository/org/glassfish/jersey/core/jersey-client/2.34/jersey-client-2.34.jar:/home/runner/.m2/repository/jakarta/annotation/jakarta.annotation-api/1.3.5/jakarta.annotation-api-1.3.5.jar:/home/runner/.m2/repository/jakarta/validation/jakarta.validation-api/2.0.2/jakarta.validation-api-2.0.2.jar:/home/runner/.m2/repository/org/glassfish/jersey/media/jersey-media-json-jackson/2.34/jersey-media-json-jackson-2.34.jar:/home/runner/.m2/repository/org/glassfish/jersey/ext/jersey-entity-filtering/2.34/jersey-entity-filtering-2.34.jar:/home/runner/.m2/repository/org/jooq/jooq/3.11.10/jooq-3.11.10.jar:/home/runner/.m2/repository/org/jooq/jooq-meta/3.11.10/jooq-meta-3.11.10.jar:/home/runner/.m2/repository/org/jooq/jooq-codegen/3.11.10/jooq-codegen-3.11.10.jar:/home/runner/.m2/repository/com/jolbox/bonecp/0.8.0.RELEASE/bonecp-0.8.0.RELEASE.jar:/home/runner/.m2/repository/org/apache/derby/derby/10.14.2.0/derby-10.14.2.0.jar:/home/runner/.m2/repository/org/xerial/sqlite-jdbc/3.41.2.2/sqlite-jdbc-3.41.2.2.jar:/home/runner/.m2/repository/org/springframework/spring-jdbc/5.3.27/spring-jdbc-5.3.27.jar:/home/runner/.m2/repository/org/springframework/spring-beans/5.3.27/spring-beans-5.3.27.jar:/home/runner/.m2/repository/org/springframework/spring-core/5.3.27/spring-core-5.3.27.jar:/home/runner/.m2/repository/org/springframework/spring-tx/5.3.27/spring-tx-5.3.27.jar:/home/runner/.m2/repository/org/apache/ozone/ozone-client/1.4.0-SNAPSHOT/ozone-client-1.4.0-SNAPSHOT.jar:/home/runner/.m2/repository/org/apache/ozone/hdds-erasurecode/1.4.0-SNAPSHOT/hdds-erasurecode-1.4.0-SNAPSHOT.jar:/home/runner/.m2/repository/org/apache/ozone/ozone-filesystem/1.4.0-SNAPSHOT/ozone-filesystem-1.4.0-SNAPSHOT.jar:/home/runner/.m2/repository/org/apache/ozone/ozone-filesystem-common/1.4.0-SNAPSHOT/ozone-filesystem-common-1.4.0-SNAPSHOT.jar:/home/runner/.m2/repository/org/apache/ozone/ozone-tools/1.4.0-SNAPSHOT/ozone-tools-1.4.0-SNAPSHOT.jar:/home/runner/.m2/repository/com/amazonaws/aws-java-sdk-core/1.12.261/aws-java-sdk-core-1.12.261.jar:/home/runner/.m2/repository/org/apache/httpcomponents/httpclient/4.5.13/httpclient-4.5.13.jar:/home/runner/.m2/repository/org/apache/httpcomponents/httpcore/4.4.13/httpcore-4.4.13.jar:/home/runner/.m2/repository/software/amazon/ion/ion-java/1.0.2/ion-java-1.0.2.jar:/home/runner/.m2/repository/com/fasterxml/jackson/dataformat/jackson-dataformat-cbor/2.13.4/jackson-dataformat-cbor-2.13.4.jar:/home/runner/.m2/repository/joda-time/joda-time/2.10.6/joda-time-2.10.6.jar:/home/runner/.m2/repository/com/amazonaws/aws-java-sdk-s3/1.12.261/aws-java-sdk-s3-1.12.261.jar:/home/runner/.m2/repository/com/amazonaws/aws-java-sdk-kms/1.12.261/aws-java-sdk-kms-1.12.261.jar:/home/runner/.m2/repository/com/amazonaws/jmespath-java/1.12.261/jmespath-java-1.12.261.jar:/home/runner/.m2/repository/org/kohsuke/metainf-services/metainf-services/1.8/metainf-services-1.8.jar:/home/runner/.m2/repository/org/apache/ozone/hdds-tools/1.4.0-SNAPSHOT/hdds-tools-1.4.0-SNAPSHOT.jar:/home/runner/.m2/repository/org/apache/ratis/ratis-tools/2.5.1/ratis-tools-2.5.1.jar:/home/runner/.m2/repository/commons-cli/commons-cli/1.2/commons-cli-1.2.jar:/home/runner/.m2/repository/org/apache/commons/commons-lang3/3.7/commons-lang3-3.7.jar:/home/runner/.m2/repository/org/apache/ozone/ozone-manager/1.4.0-SNAPSHOT/ozone-manager-1.4.0-SNAPSHOT-tests.jar:/home/runner/.m2/repository/org/apache/ozone/hdds-common/1.4.0-SNAPSHOT/hdds-common-1.4.0-SNAPSHOT-tests.jar:/home/runner/.m2/repository/org/apache/ozone/hdds-hadoop-dependency-client/1.4.0-SNAPSHOT/hdds-hadoop-dependency-client-1.4.0-SNAPSHOT.jar:/home/runner/.m2/repository/info/picocli/picocli/4.6.1/picocli-4.6.1.jar:/home/runner/.m2/repository/com/fasterxml/jackson/core/jackson-annotations/2.13.4/jackson-annotations-2.13.4.jar:/home/runner/.m2/repository/org/apache/ozone/hdds-annotation-processing/1.4.0-SNAPSHOT/hdds-annotation-processing-1.4.0-SNAPSHOT.jar:/home/runner/.m2/repository/javax/annotation/javax.annotation-api/1.2/javax.annotation-api-1.2.jar:/home/runner/.m2/repository/org/apache/ratis/ratis-netty/2.5.1/ratis-netty-2.5.1.jar:/home/runner/.m2/repository/org/apache/ratis/ratis-grpc/2.5.1/ratis-grpc-2.5.1.jar:/home/runner/.m2/repository/org/apache/logging/log4j/log4j-api/2.17.1/log4j-api-2.17.1.jar:/home/runner/.m2/repository/org/apache/commons/commons-pool2/2.6.0/commons-pool2-2.6.0.jar:/home/runner/.m2/repository/org/bouncycastle/bcpkix-jdk15on/1.67/bcpkix-jdk15on-1.67.jar:/home/runner/.m2/repository/commons-validator/commons-validator/1.6/commons-validator-1.6.jar:/home/runner/.m2/repository/commons-beanutils/commons-beanutils/1.9.4/commons-beanutils-1.9.4.jar:/home/runner/.m2/repository/commons-digester/commons-digester/1.8.1/commons-digester-1.8.1.jar:/home/runner/.m2/repository/commons-collections/commons-collections/3.2.2/commons-collections-3.2.2.jar:/home/runner/.m2/repository/io/jaegertracing/jaeger-client/1.6.0/jaeger-client-1.6.0.jar:/home/runner/.m2/repository/io/jaegertracing/jaeger-thrift/1.6.0/jaeger-thrift-1.6.0.jar:/home/runner/.m2/repository/org/apache/thrift/libthrift/0.14.1/libthrift-0.14.1.jar:/home/runner/.m2/repository/io/jaegertracing/jaeger-core/1.6.0/jaeger-core-1.6.0.jar:/home/runner/.m2/repository/io/jaegertracing/jaeger-tracerresolver/1.6.0/jaeger-tracerresolver-1.6.0.jar:/home/runner/.m2/repository/io/opentracing/contrib/opentracing-tracerresolver/0.1.8/opentracing-tracerresolver-0.1.8.jar:/home/runner/.m2/repository/org/jetbrains/kotlin/kotlin-stdlib/1.6.21/kotlin-stdlib-1.6.21.jar:/home/runner/.m2/repository/org/jetbrains/annotations/13.0/annotations-13.0.jar:/home/runner/.m2/repository/io/opentracing/opentracing-util/0.33.0/opentracing-util-0.33.0.jar:/home/runner/.m2/repository/io/opentracing/opentracing-api/0.33.0/opentracing-api-0.33.0.jar:/home/runner/.m2/repository/io/opentracing/opentracing-noop/0.33.0/opentracing-noop-0.33.0.jar:/home/runner/.m2/repository/org/yaml/snakeyaml/2.0/snakeyaml-2.0.jar:/home/runner/.m2/repository/io/grpc/grpc-api/1.51.1/grpc-api-1.51.1.jar:/home/runner/.m2/repository/io/grpc/grpc-context/1.51.1/grpc-context-1.51.1.jar:/home/runner/.m2/repository/junit/junit/4.13.1/junit-4.13.1.jar:/home/runner/.m2/repository/org/hamcrest/hamcrest-core/1.3/hamcrest-core-1.3.jar:/home/runner/.m2/repository/org/junit/jupiter/junit-jupiter-api/5.8.2/junit-jupiter-api-5.8.2.jar:/home/runner/.m2/repository/org/opentest4j/opentest4j/1.2.0/opentest4j-1.2.0.jar:/home/runner/.m2/repository/org/junit/platform/junit-platform-commons/1.8.2/junit-platform-commons-1.8.2.jar:/home/runner/.m2/repository/org/apiguardian/apiguardian-api/1.1.2/apiguardian-api-1.1.2.jar:/home/runner/.m2/repository/org/junit/jupiter/junit-jupiter-params/5.8.2/junit-jupiter-params-5.8.2.jar:/home/runner/.m2/repository/org/junit/jupiter/junit-jupiter-migrationsupport/5.8.2/junit-jupiter-migrationsupport-5.8.2.jar:/home/runner/.m2/repository/org/junit/jupiter/junit-jupiter-engine/5.8.2/junit-jupiter-engine-5.8.2.jar:/home/runner/.m2/repository/org/junit/platform/junit-platform-engine/1.8.2/junit-platform-engine-1.8.2.jar:/home/runner/.m2/repository/org/junit/vintage/junit-vintage-engine/5.8.2/junit-vintage-engine-5.8.2.jar:/home/runner/.m2/repository/org/junit/platform/junit-platform-launcher/1.8.2/junit-platform-launcher-1.8.2.jar:/home/runner/.m2/repository/org/mockito/mockito-core/3.5.9/mockito-core-3.5.9.jar:/home/runner/.m2/repository/net/bytebuddy/byte-buddy/1.10.13/byte-buddy-1.10.13.jar:/home/runner/.m2/repository/net/bytebuddy/byte-buddy-agent/1.10.13/byte-buddy-agent-1.10.13.jar:/home/runner/.m2/repository/org/objenesis/objenesis/1.0/objenesis-1.0.jar:/home/runner/.m2/repository/org/apache/hadoop/hadoop-kms/3.3.6/hadoop-kms-3.3.6.jar:/home/runner/.m2/repository/org/apache/hadoop/hadoop-auth/3.3.6/hadoop-auth-3.3.6.jar:/home/runner/.m2/repository/com/nimbusds/nimbus-jose-jwt/9.8.1/nimbus-jose-jwt-9.8.1.jar:/home/runner/.m2/repository/com/github/stephenc/jcip/jcip-annotations/1.0-1/jcip-annotations-1.0-1.jar:/home/runner/.m2/repository/org/apache/zookeeper/zookeeper/3.5.6/zookeeper-3.5.6.jar:/home/runner/.m2/repository/org/apache/zookeeper/zookeeper-jute/3.5.6/zookeeper-jute-3.5.6.jar:/home/runner/.m2/repository/org/apache/yetus/audience-annotations/0.5.0/audience-annotations-0.5.0.jar:/home/runner/.m2/repository/org/apache/curator/curator-framework/4.2.0/curator-framework-4.2.0.jar:/home/runner/.m2/repository/org/apache/hadoop/thirdparty/hadoop-shaded-guava/1.1.1/hadoop-shaded-guava-1.1.1.jar:/home/runner/.m2/repository/com/sun/jersey/jersey-core/1.19/jersey-core-1.19.jar:/home/runner/.m2/repository/javax/ws/rs/jsr311-api/1.1.1/jsr311-api-1.1.1.jar:/home/runner/.m2/repository/com/sun/jersey/jersey-server/1.19/jersey-server-1.19.jar:/home/runner/.m2/repository/javax/servlet/javax.servlet-api/3.1.0/javax.servlet-api-3.1.0.jar:/home/runner/.m2/repository/org/apache/hadoop/hadoop-common/3.3.6/hadoop-common-3.3.6.jar:/home/runner/.m2/repository/org/apache/commons/commons-math3/3.1.1/commons-math3-3.1.1.jar:/home/runner/.m2/repository/commons-net/commons-net/3.9.0/commons-net-3.9.0.jar:/home/runner/.m2/repository/com/sun/jersey/jersey-servlet/1.19/jersey-servlet-1.19.jar:/home/runner/.m2/repository/com/github/pjfanning/jersey-json/1.20/jersey-json-1.20.jar:/home/runner/.m2/repository/org/codehaus/jettison/jettison/1.1/jettison-1.1.jar:/home/runner/.m2/repository/com/sun/xml/bind/jaxb-impl/2.2.3-1/jaxb-impl-2.2.3-1.jar:/home/runner/.m2/repository/com/google/re2j/re2j/1.1/re2j-1.1.jar:/home/runner/.m2/repository/com/jcraft/jsch/0.1.54/jsch-0.1.54.jar:/home/runner/.m2/repository/org/apache/curator/curator-client/4.2.0/curator-client-4.2.0.jar:/home/runner/.m2/repository/org/apache/curator/curator-recipes/5.2.0/curator-recipes-5.2.0.jar:/home/runner/.m2/repository/org/apache/kerby/kerb-core/1.0.1/kerb-core-1.0.1.jar:/home/runner/.m2/repository/org/apache/kerby/kerby-pkix/1.0.1/kerby-pkix-1.0.1.jar:/home/runner/.m2/repository/org/apache/kerby/kerby-asn1/1.0.1/kerby-asn1-1.0.1.jar:/home/runner/.m2/repository/org/apache/kerby/kerby-util/1.0.1/kerby-util-1.0.1.jar:/home/runner/.m2/repository/dnsjava/dnsjava/2.1.7/dnsjava-2.1.7.jar:/home/runner/.m2/repository/org/xerial/snappy/snappy-java/1.1.8.2/snappy-java-1.1.8.2.jar:/home/runner/.m2/repository/com/fasterxml/jackson/core/jackson-databind/2.13.4.2/jackson-databind-2.13.4.2.jar:/home/runner/.m2/repository/org/apache/hadoop/hadoop-kms/3.3.6/hadoop-kms-3.3.6-tests.jar:/home/runner/.m2/repository/org/apache/ozone/hdds-server-scm/1.4.0-SNAPSHOT/hdds-server-scm-1.4.0-SNAPSHOT-tests.jar:/home/runner/.m2/repository/org/apache/ozone/hdds-container-service/1.4.0-SNAPSHOT/hdds-container-service-1.4.0-SNAPSHOT-tests.jar:/home/runner/.m2/repository/com/github/luben/zstd-jni/1.5.2-5/zstd-jni-1.5.2-5.jar:/home/runner/.m2/repository/commons-codec/commons-codec/1.15/commons-codec-1.15.jar:/home/runner/.m2/repository/io/netty/netty-codec/4.1.86.Final/netty-codec-4.1.86.Final.jar:/home/runner/.m2/repository/io/netty/netty-handler/4.1.86.Final/netty-handler-4.1.86.Final.jar:/home/runner/.m2/repository/org/apache/ozone/hdds-hadoop-dependency-test/1.4.0-SNAPSHOT/hdds-hadoop-dependency-test-1.4.0-SNAPSHOT.jar:/home/runner/.m2/repository/org/apache/hadoop/hadoop-common/3.3.6/hadoop-common-3.3.6-tests.jar:/home/runner/.m2/repository/org/apache/hadoop/hadoop-hdfs/3.3.6/hadoop-hdfs-3.3.6-tests.jar:/home/runner/.m2/repository/org/assertj/assertj-core/3.12.2/assertj-core-3.12.2.jar:/home/runner/.m2/repository/org/apache/hadoop/hadoop-distcp/3.3.6/hadoop-distcp-3.3.6.jar:/home/runner/.m2/repository/org/apache/hadoop/hadoop-mapreduce-client-jobclient/3.3.6/hadoop-mapreduce-client-jobclient-3.3.6.jar:/home/runner/.m2/repository/org/apache/hadoop/hadoop-mapreduce-client-common/3.3.6/hadoop-mapreduce-client-common-3.3.6.jar:/home/runner/.m2/repository/org/apache/hadoop/hadoop-yarn-common/3.3.6/hadoop-yarn-common-3.3.6.jar:/home/runner/.m2/repository/org/apache/hadoop/hadoop-yarn-api/3.3.6/hadoop-yarn-api-3.3.6.jar:/home/runner/.m2/repository/com/sun/jersey/contribs/jersey-guice/1.19/jersey-guice-1.19.jar:/home/runner/.m2/repository/com/fasterxml/jackson/jaxrs/jackson-jaxrs-json-provider/2.13.4/jackson-jaxrs-json-provider-2.13.4.jar:/home/runner/.m2/repository/com/fasterxml/jackson/jaxrs/jackson-jaxrs-base/2.13.4/jackson-jaxrs-base-2.13.4.jar:/home/runner/.m2/repository/org/apache/hadoop/hadoop-yarn-client/3.3.6/hadoop-yarn-client-3.3.6.jar:/home/runner/.m2/repository/org/eclipse/jetty/websocket/websocket-client/9.4.51.v20230217/websocket-client-9.4.51.v20230217.jar:/home/runner/.m2/repository/org/eclipse/jetty/websocket/websocket-common/9.4.51.v20230217/websocket-common-9.4.51.v20230217.jar:/home/runner/.m2/repository/org/eclipse/jetty/websocket/websocket-api/9.4.51.v20230217/websocket-api-9.4.51.v20230217.jar:/home/runner/.m2/repository/org/jline/jline/3.9.0/jline-3.9.0.jar:/home/runner/.m2/repository/org/apache/hadoop/hadoop-mapreduce-client-core/3.3.6/hadoop-mapreduce-client-core-3.3.6.jar:/home/runner/.m2/repository/org/apache/avro/avro/1.7.7/avro-1.7.7.jar:/home/runner/.m2/repository/com/thoughtworks/paranamer/paranamer/2.3/paranamer-2.3.jar:/home/runner/.m2/repository/org/apache/hadoop/hadoop-annotations/3.3.6/hadoop-annotations-3.3.6.jar:/usr/lib/jvm/temurin-8-jdk-amd64/jre/../lib/tools.jar:/home/runner/.m2/repository/io/netty/netty/3.10.6.Final/netty-3.10.6.Final.jar:/home/runner/.m2/repository/org/apache/hadoop/hadoop-distcp/3.3.6/hadoop-distcp-3.3.6-tests.jar:/home/runner/.m2/repository/org/slf4j/jul-to-slf4j/1.7.36/jul-to-slf4j-1.7.36.jar:"/>
    <property name="java.vm.vendor" value="Temurin"/>
    <property name="sun.arch.data.model" value="64"/>
    <property name="test.build.dir" value="/home/runner/work/ozone/ozone/hadoop-ozone/integration-test/target/test-dir"/>
    <property name="test.cache.data" value=""/>
    <property name="java.vendor.url" value="https://adoptium.net/"/>
    <property name="user.timezone" value="Etc/UTC"/>
    <property name="java.vm.specification.version" value="1.8"/>
    <property name="os.name" value="Linux"/>
    <property name="test.build.data" value="/home/runner/work/ozone/ozone/hadoop-ozone/integration-test/target/test-dir"/>
    <property name="sun.java.launcher" value="SUN_STANDARD"/>
    <property name="sun.boot.library.path" value="/usr/lib/jvm/temurin-8-jdk-amd64/jre/lib/amd64"/>
    <property name="sun.java.command" value="/home/runner/work/ozone/ozone/hadoop-ozone/integration-test/target/surefire/surefirebooter8514934054732304126.jar /home/runner/work/ozone/ozone/hadoop-ozone/integration-test/target/surefire 2023-07-06T06-38-41_779-jvmRun1 surefire388049087903678593tmp surefire_387227542672866503909tmp"/>
    <property name="native.lib.tmp.dir" value="/tmp"/>
    <property name="surefire.test.class.path" value="/home/runner/work/ozone/ozone/hadoop-ozone/integration-test/target/test-classes:/home/runner/work/ozone/ozone/hadoop-ozone/integration-test/target/classes:/home/runner/.m2/repository/org/apache/ozone/ozone-common/1.4.0-SNAPSHOT/ozone-common-1.4.0-SNAPSHOT.jar:/home/runner/.m2/repository/io/grpc/grpc-netty/1.51.1/grpc-netty-1.51.1.jar:/home/runner/.m2/repository/io/grpc/grpc-core/1.51.1/grpc-core-1.51.1.jar:/home/runner/.m2/repository/com/google/android/annotations/4.1.1.4/annotations-4.1.1.4.jar:/home/runner/.m2/repository/org/codehaus/mojo/animal-sniffer-annotations/1.21/animal-sniffer-annotations-1.21.jar:/home/runner/.m2/repository/com/google/errorprone/error_prone_annotations/2.2.0/error_prone_annotations-2.2.0.jar:/home/runner/.m2/repository/io/perfmark/perfmark-api/0.25.0/perfmark-api-0.25.0.jar:/home/runner/.m2/repository/io/netty/netty-codec-http2/4.1.86.Final/netty-codec-http2-4.1.86.Final.jar:/home/runner/.m2/repository/io/netty/netty-common/4.1.86.Final/netty-common-4.1.86.Final.jar:/home/runner/.m2/repository/io/netty/netty-buffer/4.1.86.Final/netty-buffer-4.1.86.Final.jar:/home/runner/.m2/repository/io/netty/netty-codec-http/4.1.86.Final/netty-codec-http-4.1.86.Final.jar:/home/runner/.m2/repository/io/netty/netty-handler-proxy/4.1.86.Final/netty-handler-proxy-4.1.86.Final.jar:/home/runner/.m2/repository/io/netty/netty-codec-socks/4.1.86.Final/netty-codec-socks-4.1.86.Final.jar:/home/runner/.m2/repository/io/netty/netty-tcnative-boringssl-static/2.0.54.Final/netty-tcnative-boringssl-static-2.0.54.Final.jar:/home/runner/.m2/repository/io/netty/netty-tcnative-classes/2.0.54.Final/netty-tcnative-classes-2.0.54.Final.jar:/home/runner/.m2/repository/io/netty/netty-tcnative-boringssl-static/2.0.54.Final/netty-tcnative-boringssl-static-2.0.54.Final-linux-x86_64.jar:/home/runner/.m2/repository/io/netty/netty-tcnative-boringssl-static/2.0.54.Final/netty-tcnative-boringssl-static-2.0.54.Final-linux-aarch_64.jar:/home/runner/.m2/repository/io/netty/netty-tcnative-boringssl-static/2.0.54.Final/netty-tcnative-boringssl-static-2.0.54.Final-osx-x86_64.jar:/home/runner/.m2/repository/io/netty/netty-tcnative-boringssl-static/2.0.54.Final/netty-tcnative-boringssl-static-2.0.54.Final-osx-aarch_64.jar:/home/runner/.m2/repository/io/netty/netty-tcnative-boringssl-static/2.0.54.Final/netty-tcnative-boringssl-static-2.0.54.Final-windows-x86_64.jar:/home/runner/.m2/repository/org/apache/commons/commons-compress/1.21/commons-compress-1.21.jar:/home/runner/.m2/repository/org/apache/ozone/hdds-common/1.4.0-SNAPSHOT/hdds-common-1.4.0-SNAPSHOT.jar:/home/runner/.m2/repository/org/apache/ozone/hdds-client/1.4.0-SNAPSHOT/hdds-client-1.4.0-SNAPSHOT.jar:/home/runner/.m2/repository/org/apache/ozone/ozone-interface-client/1.4.0-SNAPSHOT/ozone-interface-client-1.4.0-SNAPSHOT.jar:/home/runner/.m2/repository/org/apache/hadoop/hadoop-hdfs-client/3.3.6/hadoop-hdfs-client-3.3.6.jar:/home/runner/.m2/repository/com/squareup/okhttp3/okhttp/4.9.3/okhttp-4.9.3.jar:/home/runner/.m2/repository/com/squareup/okio/okio/2.8.0/okio-2.8.0.jar:/home/runner/.m2/repository/org/jetbrains/kotlin/kotlin-stdlib-common/1.6.21/kotlin-stdlib-common-1.6.21.jar:/home/runner/.m2/repository/org/apache/ozone/hdds-test-utils/1.4.0-SNAPSHOT/hdds-test-utils-1.4.0-SNAPSHOT.jar:/home/runner/.m2/repository/com/google/guava/guava/32.0.0-jre/guava-32.0.0-jre.jar:/home/runner/.m2/repository/com/google/guava/failureaccess/1.0.1/failureaccess-1.0.1.jar:/home/runner/.m2/repository/com/google/guava/listenablefuture/9999.0-empty-to-avoid-conflict-with-guava/listenablefuture-9999.0-empty-to-avoid-conflict-with-guava.jar:/home/runner/.m2/repository/com/google/code/findbugs/jsr305/3.0.0/jsr305-3.0.0.jar:/home/runner/.m2/repository/org/checkerframework/checker-qual/3.33.0/checker-qual-3.33.0.jar:/home/runner/.m2/repository/com/google/j2objc/j2objc-annotations/2.8/j2objc-annotations-2.8.jar:/home/runner/.m2/repository/commons-io/commons-io/2.11.0/commons-io-2.11.0.jar:/home/runner/.m2/repository/commons-logging/commons-logging/1.2/commons-logging-1.2.jar:/home/runner/.m2/repository/ch/qos/reload4j/reload4j/1.2.22/reload4j-1.2.22.jar:/home/runner/.m2/repository/org/slf4j/slf4j-api/1.7.36/slf4j-api-1.7.36.jar:/home/runner/.m2/repository/org/apache/ozone/hdds-server-scm/1.4.0-SNAPSHOT/hdds-server-scm-1.4.0-SNAPSHOT.jar:/home/runner/.m2/repository/org/apache/ozone/hdds-container-service/1.4.0-SNAPSHOT/hdds-container-service-1.4.0-SNAPSHOT.jar:/home/runner/.m2/repository/org/apache/ozone/hdds-hadoop-dependency-server/1.4.0-SNAPSHOT/hdds-hadoop-dependency-server-1.4.0-SNAPSHOT.jar:/home/runner/.m2/repository/org/apache/hadoop/hadoop-hdfs/3.3.6/hadoop-hdfs-3.3.6.jar:/home/runner/.m2/repository/commons-daemon/commons-daemon/1.0.13/commons-daemon-1.0.13.jar:/home/runner/.m2/repository/org/apache/ozone/hdds-server-framework/1.4.0-SNAPSHOT/hdds-server-framework-1.4.0-SNAPSHOT.jar:/home/runner/.m2/repository/io/dropwizard/metrics/metrics-core/3.2.4/metrics-core-3.2.4.jar:/home/runner/.m2/repository/org/apache/commons/commons-text/1.10.0/commons-text-1.10.0.jar:/home/runner/.m2/repository/org/bouncycastle/bcprov-jdk15on/1.67/bcprov-jdk15on-1.67.jar:/home/runner/.m2/repository/com/google/protobuf/protobuf-java/2.5.0/protobuf-java-2.5.0.jar:/home/runner/.m2/repository/org/apache/ozone/hdds-server-framework/1.4.0-SNAPSHOT/hdds-server-framework-1.4.0-SNAPSHOT-tests.jar:/home/runner/.m2/repository/org/apache/ozone/hdds-interface-server/1.4.0-SNAPSHOT/hdds-interface-server-1.4.0-SNAPSHOT.jar:/home/runner/.m2/repository/org/apache/ozone/hdds-interface-admin/1.4.0-SNAPSHOT/hdds-interface-admin-1.4.0-SNAPSHOT.jar:/home/runner/.m2/repository/org/apache/ozone/hdds-managed-rocksdb/1.4.0-SNAPSHOT/hdds-managed-rocksdb-1.4.0-SNAPSHOT.jar:/home/runner/.m2/repository/org/rocksdb/rocksdbjni/7.7.3/rocksdbjni-7.7.3.jar:/home/runner/.m2/repository/org/slf4j/slf4j-reload4j/1.7.36/slf4j-reload4j-1.7.36.jar:/home/runner/.m2/repository/org/apache/commons/commons-configuration2/2.1.1/commons-configuration2-2.1.1.jar:/home/runner/.m2/repository/commons-fileupload/commons-fileupload/1.5/commons-fileupload-1.5.jar:/home/runner/.m2/repository/org/apache/logging/log4j/log4j-core/2.17.1/log4j-core-2.17.1.jar:/home/runner/.m2/repository/com/lmax/disruptor/3.4.2/disruptor-3.4.2.jar:/home/runner/.m2/repository/org/eclipse/jetty/jetty-util/9.4.51.v20230217/jetty-util-9.4.51.v20230217.jar:/home/runner/.m2/repository/org/eclipse/jetty/jetty-server/9.4.51.v20230217/jetty-server-9.4.51.v20230217.jar:/home/runner/.m2/repository/org/eclipse/jetty/jetty-http/9.4.51.v20230217/jetty-http-9.4.51.v20230217.jar:/home/runner/.m2/repository/org/eclipse/jetty/jetty-io/9.4.51.v20230217/jetty-io-9.4.51.v20230217.jar:/home/runner/.m2/repository/org/eclipse/jetty/jetty-servlet/9.4.51.v20230217/jetty-servlet-9.4.51.v20230217.jar:/home/runner/.m2/repository/org/eclipse/jetty/jetty-security/9.4.51.v20230217/jetty-security-9.4.51.v20230217.jar:/home/runner/.m2/repository/org/eclipse/jetty/jetty-util-ajax/9.4.51.v20230217/jetty-util-ajax-9.4.51.v20230217.jar:/home/runner/.m2/repository/org/eclipse/jetty/jetty-webapp/9.4.51.v20230217/jetty-webapp-9.4.51.v20230217.jar:/home/runner/.m2/repository/org/eclipse/jetty/jetty-xml/9.4.51.v20230217/jetty-xml-9.4.51.v20230217.jar:/home/runner/.m2/repository/org/apache/ratis/ratis-server/2.5.1/ratis-server-2.5.1.jar:/home/runner/.m2/repository/org/apache/ratis/ratis-thirdparty-misc/1.0.4/ratis-thirdparty-misc-1.0.4.jar:/home/runner/.m2/repository/org/apache/ratis/ratis-proto/2.5.1/ratis-proto-2.5.1.jar:/home/runner/.m2/repository/org/apache/ratis/ratis-common/2.5.1/ratis-common-2.5.1.jar:/home/runner/.m2/repository/org/apache/ratis/ratis-client/2.5.1/ratis-client-2.5.1.jar:/home/runner/.m2/repository/org/apache/ratis/ratis-server-api/2.5.1/ratis-server-api-2.5.1.jar:/home/runner/.m2/repository/org/apache/ratis/ratis-metrics/2.5.1/ratis-metrics-2.5.1.jar:/home/runner/.m2/repository/io/prometheus/simpleclient_dropwizard/0.7.0/simpleclient_dropwizard-0.7.0.jar:/home/runner/.m2/repository/io/prometheus/simpleclient/0.7.0/simpleclient-0.7.0.jar:/home/runner/.m2/repository/io/prometheus/simpleclient_common/0.7.0/simpleclient_common-0.7.0.jar:/home/runner/.m2/repository/com/fasterxml/jackson/datatype/jackson-datatype-jsr310/2.13.4/jackson-datatype-jsr310-2.13.4.jar:/home/runner/.m2/repository/com/fasterxml/jackson/core/jackson-core/2.13.4/jackson-core-2.13.4.jar:/home/runner/.m2/repository/com/github/spotbugs/spotbugs-annotations/3.1.12/spotbugs-annotations-3.1.12.jar:/home/runner/.m2/repository/org/apache/ozone/rocksdb-checkpoint-differ/1.4.0-SNAPSHOT/rocksdb-checkpoint-differ-1.4.0-SNAPSHOT.jar:/home/runner/.m2/repository/org/awaitility/awaitility/4.2.0/awaitility-4.2.0.jar:/home/runner/.m2/repository/org/hamcrest/hamcrest/2.1/hamcrest-2.1.jar:/home/runner/.m2/repository/org/apache/ozone/ozone-manager/1.4.0-SNAPSHOT/ozone-manager-1.4.0-SNAPSHOT.jar:/home/runner/.m2/repository/org/aspectj/aspectjrt/1.9.7/aspectjrt-1.9.7.jar:/home/runner/.m2/repository/org/aspectj/aspectjweaver/1.9.7/aspectjweaver-1.9.7.jar:/home/runner/.m2/repository/org/apache/ozone/hdds-interface-client/1.4.0-SNAPSHOT/hdds-interface-client-1.4.0-SNAPSHOT.jar:/home/runner/.m2/repository/org/apache/hadoop/thirdparty/hadoop-shaded-protobuf_3_7/1.1.1/hadoop-shaded-protobuf_3_7-1.1.1.jar:/home/runner/.m2/repository/org/apache/ozone/ozone-interface-storage/1.4.0-SNAPSHOT/ozone-interface-storage-1.4.0-SNAPSHOT.jar:/home/runner/.m2/repository/org/reflections/reflections/0.9.11/reflections-0.9.11.jar:/home/runner/.m2/repository/com/sun/jersey/jersey-client/1.19/jersey-client-1.19.jar:/home/runner/.m2/repository/org/codehaus/jackson/jackson-core-asl/1.9.13/jackson-core-asl-1.9.13.jar:/home/runner/.m2/repository/org/codehaus/jackson/jackson-mapper-asl/1.9.13/jackson-mapper-asl-1.9.13.jar:/home/runner/.m2/repository/org/codehaus/jackson/jackson-jaxrs/1.9.13/jackson-jaxrs-1.9.13.jar:/home/runner/.m2/repository/org/apache/ranger/ranger-intg/2.3.0/ranger-intg-2.3.0.jar:/home/runner/.m2/repository/org/apache/ranger/ranger-plugins-common/2.3.0/ranger-plugins-common-2.3.0.jar:/home/runner/.m2/repository/commons-lang/commons-lang/2.6/commons-lang-2.6.jar:/home/runner/.m2/repository/org/apache/ranger/ranger-plugins-cred/2.3.0/ranger-plugins-cred-2.3.0.jar:/home/runner/.m2/repository/org/apache/ranger/ranger-plugins-audit/2.3.0/ranger-plugins-audit-2.3.0.jar:/home/runner/.m2/repository/org/eclipse/jetty/jetty-client/9.4.51.v20230217/jetty-client-9.4.51.v20230217.jar:/home/runner/.m2/repository/org/apache/httpcomponents/httpmime/4.5.6/httpmime-4.5.6.jar:/home/runner/.m2/repository/org/apache/httpcomponents/httpcore-nio/4.4.13/httpcore-nio-4.4.13.jar:/home/runner/.m2/repository/org/apache/httpcomponents/httpasyncclient/4.1.3/httpasyncclient-4.1.3.jar:/home/runner/.m2/repository/com/carrotsearch/hppc/0.8.0/hppc-0.8.0.jar:/home/runner/.m2/repository/org/apache/orc/orc-core/1.5.8/orc-core-1.5.8.jar:/home/runner/.m2/repository/net/java/dev/jna/jna/5.2.0/jna-5.2.0.jar:/home/runner/.m2/repository/net/java/dev/jna/jna-platform/5.2.0/jna-platform-5.2.0.jar:/home/runner/.m2/repository/com/kstruct/gethostname4j/0.0.2/gethostname4j-0.0.2.jar:/home/runner/.m2/repository/org/apache/ranger/ranger-plugin-classloader/2.3.0/ranger-plugin-classloader-2.3.0.jar:/home/runner/.m2/repository/org/apache/ozone/hdds-rocks-native/1.4.0-SNAPSHOT/hdds-rocks-native-1.4.0-SNAPSHOT.jar:/home/runner/.m2/repository/org/apache/hadoop/hadoop-minikdc/3.3.6/hadoop-minikdc-3.3.6.jar:/home/runner/.m2/repository/org/apache/kerby/kerb-simplekdc/1.0.1/kerb-simplekdc-1.0.1.jar:/home/runner/.m2/repository/org/apache/kerby/kerb-client/1.0.1/kerb-client-1.0.1.jar:/home/runner/.m2/repository/org/apache/kerby/kerby-config/1.0.1/kerby-config-1.0.1.jar:/home/runner/.m2/repository/org/apache/kerby/kerb-common/1.0.1/kerb-common-1.0.1.jar:/home/runner/.m2/repository/org/apache/kerby/kerb-crypto/1.0.1/kerb-crypto-1.0.1.jar:/home/runner/.m2/repository/org/apache/kerby/kerb-util/1.0.1/kerb-util-1.0.1.jar:/home/runner/.m2/repository/org/apache/kerby/token-provider/1.0.1/token-provider-1.0.1.jar:/home/runner/.m2/repository/org/apache/kerby/kerb-admin/1.0.1/kerb-admin-1.0.1.jar:/home/runner/.m2/repository/org/apache/kerby/kerb-server/1.0.1/kerb-server-1.0.1.jar:/home/runner/.m2/repository/org/apache/kerby/kerb-identity/1.0.1/kerb-identity-1.0.1.jar:/home/runner/.m2/repository/org/apache/kerby/kerby-xdr/1.0.1/kerby-xdr-1.0.1.jar:/home/runner/.m2/repository/org/apache/ozone/ozone-s3gateway/1.4.0-SNAPSHOT/ozone-s3gateway-1.4.0-SNAPSHOT.jar:/home/runner/.m2/repository/org/javassist/javassist/3.21.0-GA/javassist-3.21.0-GA.jar:/home/runner/.m2/repository/org/jboss/weld/servlet/weld-servlet-shaded/3.1.9.Final/weld-servlet-shaded-3.1.9.Final.jar:/home/runner/.m2/repository/org/glassfish/jersey/containers/jersey-container-servlet-core/2.34/jersey-container-servlet-core-2.34.jar:/home/runner/.m2/repository/org/glassfish/hk2/external/jakarta.inject/2.6.1/jakarta.inject-2.6.1.jar:/home/runner/.m2/repository/org/glassfish/jersey/core/jersey-common/2.34/jersey-common-2.34.jar:/home/runner/.m2/repository/jakarta/ws/rs/jakarta.ws.rs-api/2.1.6/jakarta.ws.rs-api-2.1.6.jar:/home/runner/.m2/repository/org/glassfish/jersey/ext/cdi/jersey-cdi1x/2.34/jersey-cdi1x-2.34.jar:/home/runner/.m2/repository/org/glassfish/jersey/inject/jersey-hk2/2.34/jersey-hk2-2.34.jar:/home/runner/.m2/repository/org/glassfish/hk2/hk2-locator/2.6.1/hk2-locator-2.6.1.jar:/home/runner/.m2/repository/org/glassfish/jersey/media/jersey-media-jaxb/2.34/jersey-media-jaxb-2.34.jar:/home/runner/.m2/repository/org/glassfish/hk2/osgi-resource-locator/1.0.3/osgi-resource-locator-1.0.3.jar:/home/runner/.m2/repository/org/glassfish/hk2/hk2-api/2.5.0/hk2-api-2.5.0.jar:/home/runner/.m2/repository/org/glassfish/hk2/hk2-utils/2.5.0/hk2-utils-2.5.0.jar:/home/runner/.m2/repository/org/glassfish/hk2/external/aopalliance-repackaged/2.5.0/aopalliance-repackaged-2.5.0.jar:/home/runner/.m2/repository/com/fasterxml/jackson/dataformat/jackson-dataformat-xml/2.13.4/jackson-dataformat-xml-2.13.4.jar:/home/runner/.m2/repository/org/codehaus/woodstox/stax2-api/4.2.1/stax2-api-4.2.1.jar:/home/runner/.m2/repository/com/fasterxml/woodstox/woodstox-core/5.4.0/woodstox-core-5.4.0.jar:/home/runner/.m2/repository/com/fasterxml/jackson/module/jackson-module-jaxb-annotations/2.13.4/jackson-module-jaxb-annotations-2.13.4.jar:/home/runner/.m2/repository/jakarta/xml/bind/jakarta.xml.bind-api/2.3.3/jakarta.xml.bind-api-2.3.3.jar:/home/runner/.m2/repository/jakarta/activation/jakarta.activation-api/1.2.2/jakarta.activation-api-1.2.2.jar:/home/runner/.m2/repository/javax/enterprise/cdi-api/2.0/cdi-api-2.0.jar:/home/runner/.m2/repository/javax/el/javax.el-api/3.0.0/javax.el-api-3.0.0.jar:/home/runner/.m2/repository/javax/interceptor/javax.interceptor-api/1.2/javax.interceptor-api-1.2.jar:/home/runner/.m2/repository/javax/inject/javax.inject/1/javax.inject-1.jar:/home/runner/.m2/repository/javax/xml/bind/jaxb-api/2.3.0/jaxb-api-2.3.0.jar:/home/runner/.m2/repository/org/glassfish/jaxb/jaxb-runtime/2.3.0.1/jaxb-runtime-2.3.0.1.jar:/home/runner/.m2/repository/org/glassfish/jaxb/jaxb-core/2.3.0.1/jaxb-core-2.3.0.1.jar:/home/runner/.m2/repository/org/glassfish/jaxb/txw2/2.3.0.1/txw2-2.3.0.1.jar:/home/runner/.m2/repository/com/sun/istack/istack-commons-runtime/3.0.5/istack-commons-runtime-3.0.5.jar:/home/runner/.m2/repository/org/jvnet/staxex/stax-ex/1.7.8/stax-ex-1.7.8.jar:/home/runner/.m2/repository/com/sun/xml/fastinfoset/FastInfoset/1.2.13/FastInfoset-1.2.13.jar:/home/runner/.m2/repository/javax/activation/activation/1.1.1/activation-1.1.1.jar:/home/runner/.m2/repository/io/grpc/grpc-protobuf/1.51.1/grpc-protobuf-1.51.1.jar:/home/runner/.m2/repository/com/google/api/grpc/proto-google-common-protos/2.9.0/proto-google-common-protos-2.9.0.jar:/home/runner/.m2/repository/io/grpc/grpc-protobuf-lite/1.51.1/grpc-protobuf-lite-1.51.1.jar:/home/runner/.m2/repository/io/grpc/grpc-stub/1.51.1/grpc-stub-1.51.1.jar:/home/runner/.m2/repository/io/netty/netty-transport/4.1.86.Final/netty-transport-4.1.86.Final.jar:/home/runner/.m2/repository/io/netty/netty-resolver/4.1.86.Final/netty-resolver-4.1.86.Final.jar:/home/runner/.m2/repository/org/apache/ozone/ozone-csi/1.4.0-SNAPSHOT/ozone-csi-1.4.0-SNAPSHOT.jar:/home/runner/.m2/repository/com/google/protobuf/protobuf-java-util/3.19.6/protobuf-java-util-3.19.6.jar:/home/runner/.m2/repository/com/google/code/gson/gson/2.9.0/gson-2.9.0.jar:/home/runner/.m2/repository/org/apache/ozone/hdds-config/1.4.0-SNAPSHOT/hdds-config-1.4.0-SNAPSHOT.jar:/home/runner/.m2/repository/io/netty/netty-transport-native-epoll/4.1.86.Final/netty-transport-native-epoll-4.1.86.Final-linux-x86_64.jar:/home/runner/.m2/repository/io/netty/netty-transport-classes-epoll/4.1.86.Final/netty-transport-classes-epoll-4.1.86.Final.jar:/home/runner/.m2/repository/io/netty/netty-transport-native-unix-common/4.1.86.Final/netty-transport-native-unix-common-4.1.86.Final.jar:/home/runner/.m2/repository/org/apache/ozone/ozone-recon/1.4.0-SNAPSHOT/ozone-recon-1.4.0-SNAPSHOT.jar:/home/runner/.m2/repository/org/apache/ozone/ozone-reconcodegen/1.4.0-SNAPSHOT/ozone-reconcodegen-1.4.0-SNAPSHOT.jar:/home/runner/.m2/repository/com/google/inject/guice/5.1.0/guice-5.1.0.jar:/home/runner/.m2/repository/aopalliance/aopalliance/1.0/aopalliance-1.0.jar:/home/runner/.m2/repository/com/google/inject/extensions/guice-assistedinject/5.1.0/guice-assistedinject-5.1.0.jar:/home/runner/.m2/repository/com/google/inject/extensions/guice-servlet/5.1.0/guice-servlet-5.1.0.jar:/home/runner/.m2/repository/org/glassfish/jersey/containers/jersey-container-servlet/2.34/jersey-container-servlet-2.34.jar:/home/runner/.m2/repository/org/glassfish/hk2/guice-bridge/2.5.0/guice-bridge-2.5.0.jar:/home/runner/.m2/repository/org/glassfish/jersey/core/jersey-server/2.34/jersey-server-2.34.jar:/home/runner/.m2/repository/org/glassfish/jersey/core/jersey-client/2.34/jersey-client-2.34.jar:/home/runner/.m2/repository/jakarta/annotation/jakarta.annotation-api/1.3.5/jakarta.annotation-api-1.3.5.jar:/home/runner/.m2/repository/jakarta/validation/jakarta.validation-api/2.0.2/jakarta.validation-api-2.0.2.jar:/home/runner/.m2/repository/org/glassfish/jersey/media/jersey-media-json-jackson/2.34/jersey-media-json-jackson-2.34.jar:/home/runner/.m2/repository/org/glassfish/jersey/ext/jersey-entity-filtering/2.34/jersey-entity-filtering-2.34.jar:/home/runner/.m2/repository/org/jooq/jooq/3.11.10/jooq-3.11.10.jar:/home/runner/.m2/repository/org/jooq/jooq-meta/3.11.10/jooq-meta-3.11.10.jar:/home/runner/.m2/repository/org/jooq/jooq-codegen/3.11.10/jooq-codegen-3.11.10.jar:/home/runner/.m2/repository/com/jolbox/bonecp/0.8.0.RELEASE/bonecp-0.8.0.RELEASE.jar:/home/runner/.m2/repository/org/apache/derby/derby/10.14.2.0/derby-10.14.2.0.jar:/home/runner/.m2/repository/org/xerial/sqlite-jdbc/3.41.2.2/sqlite-jdbc-3.41.2.2.jar:/home/runner/.m2/repository/org/springframework/spring-jdbc/5.3.27/spring-jdbc-5.3.27.jar:/home/runner/.m2/repository/org/springframework/spring-beans/5.3.27/spring-beans-5.3.27.jar:/home/runner/.m2/repository/org/springframework/spring-core/5.3.27/spring-core-5.3.27.jar:/home/runner/.m2/repository/org/springframework/spring-tx/5.3.27/spring-tx-5.3.27.jar:/home/runner/.m2/repository/org/apache/ozone/ozone-client/1.4.0-SNAPSHOT/ozone-client-1.4.0-SNAPSHOT.jar:/home/runner/.m2/repository/org/apache/ozone/hdds-erasurecode/1.4.0-SNAPSHOT/hdds-erasurecode-1.4.0-SNAPSHOT.jar:/home/runner/.m2/repository/org/apache/ozone/ozone-filesystem/1.4.0-SNAPSHOT/ozone-filesystem-1.4.0-SNAPSHOT.jar:/home/runner/.m2/repository/org/apache/ozone/ozone-filesystem-common/1.4.0-SNAPSHOT/ozone-filesystem-common-1.4.0-SNAPSHOT.jar:/home/runner/.m2/repository/org/apache/ozone/ozone-tools/1.4.0-SNAPSHOT/ozone-tools-1.4.0-SNAPSHOT.jar:/home/runner/.m2/repository/com/amazonaws/aws-java-sdk-core/1.12.261/aws-java-sdk-core-1.12.261.jar:/home/runner/.m2/repository/org/apache/httpcomponents/httpclient/4.5.13/httpclient-4.5.13.jar:/home/runner/.m2/repository/org/apache/httpcomponents/httpcore/4.4.13/httpcore-4.4.13.jar:/home/runner/.m2/repository/software/amazon/ion/ion-java/1.0.2/ion-java-1.0.2.jar:/home/runner/.m2/repository/com/fasterxml/jackson/dataformat/jackson-dataformat-cbor/2.13.4/jackson-dataformat-cbor-2.13.4.jar:/home/runner/.m2/repository/joda-time/joda-time/2.10.6/joda-time-2.10.6.jar:/home/runner/.m2/repository/com/amazonaws/aws-java-sdk-s3/1.12.261/aws-java-sdk-s3-1.12.261.jar:/home/runner/.m2/repository/com/amazonaws/aws-java-sdk-kms/1.12.261/aws-java-sdk-kms-1.12.261.jar:/home/runner/.m2/repository/com/amazonaws/jmespath-java/1.12.261/jmespath-java-1.12.261.jar:/home/runner/.m2/repository/org/kohsuke/metainf-services/metainf-services/1.8/metainf-services-1.8.jar:/home/runner/.m2/repository/org/apache/ozone/hdds-tools/1.4.0-SNAPSHOT/hdds-tools-1.4.0-SNAPSHOT.jar:/home/runner/.m2/repository/org/apache/ratis/ratis-tools/2.5.1/ratis-tools-2.5.1.jar:/home/runner/.m2/repository/commons-cli/commons-cli/1.2/commons-cli-1.2.jar:/home/runner/.m2/repository/org/apache/commons/commons-lang3/3.7/commons-lang3-3.7.jar:/home/runner/.m2/repository/org/apache/ozone/ozone-manager/1.4.0-SNAPSHOT/ozone-manager-1.4.0-SNAPSHOT-tests.jar:/home/runner/.m2/repository/org/apache/ozone/hdds-common/1.4.0-SNAPSHOT/hdds-common-1.4.0-SNAPSHOT-tests.jar:/home/runner/.m2/repository/org/apache/ozone/hdds-hadoop-dependency-client/1.4.0-SNAPSHOT/hdds-hadoop-dependency-client-1.4.0-SNAPSHOT.jar:/home/runner/.m2/repository/info/picocli/picocli/4.6.1/picocli-4.6.1.jar:/home/runner/.m2/repository/com/fasterxml/jackson/core/jackson-annotations/2.13.4/jackson-annotations-2.13.4.jar:/home/runner/.m2/repository/org/apache/ozone/hdds-annotation-processing/1.4.0-SNAPSHOT/hdds-annotation-processing-1.4.0-SNAPSHOT.jar:/home/runner/.m2/repository/javax/annotation/javax.annotation-api/1.2/javax.annotation-api-1.2.jar:/home/runner/.m2/repository/org/apache/ratis/ratis-netty/2.5.1/ratis-netty-2.5.1.jar:/home/runner/.m2/repository/org/apache/ratis/ratis-grpc/2.5.1/ratis-grpc-2.5.1.jar:/home/runner/.m2/repository/org/apache/logging/log4j/log4j-api/2.17.1/log4j-api-2.17.1.jar:/home/runner/.m2/repository/org/apache/commons/commons-pool2/2.6.0/commons-pool2-2.6.0.jar:/home/runner/.m2/repository/org/bouncycastle/bcpkix-jdk15on/1.67/bcpkix-jdk15on-1.67.jar:/home/runner/.m2/repository/commons-validator/commons-validator/1.6/commons-validator-1.6.jar:/home/runner/.m2/repository/commons-beanutils/commons-beanutils/1.9.4/commons-beanutils-1.9.4.jar:/home/runner/.m2/repository/commons-digester/commons-digester/1.8.1/commons-digester-1.8.1.jar:/home/runner/.m2/repository/commons-collections/commons-collections/3.2.2/commons-collections-3.2.2.jar:/home/runner/.m2/repository/io/jaegertracing/jaeger-client/1.6.0/jaeger-client-1.6.0.jar:/home/runner/.m2/repository/io/jaegertracing/jaeger-thrift/1.6.0/jaeger-thrift-1.6.0.jar:/home/runner/.m2/repository/org/apache/thrift/libthrift/0.14.1/libthrift-0.14.1.jar:/home/runner/.m2/repository/io/jaegertracing/jaeger-core/1.6.0/jaeger-core-1.6.0.jar:/home/runner/.m2/repository/io/jaegertracing/jaeger-tracerresolver/1.6.0/jaeger-tracerresolver-1.6.0.jar:/home/runner/.m2/repository/io/opentracing/contrib/opentracing-tracerresolver/0.1.8/opentracing-tracerresolver-0.1.8.jar:/home/runner/.m2/repository/org/jetbrains/kotlin/kotlin-stdlib/1.6.21/kotlin-stdlib-1.6.21.jar:/home/runner/.m2/repository/org/jetbrains/annotations/13.0/annotations-13.0.jar:/home/runner/.m2/repository/io/opentracing/opentracing-util/0.33.0/opentracing-util-0.33.0.jar:/home/runner/.m2/repository/io/opentracing/opentracing-api/0.33.0/opentracing-api-0.33.0.jar:/home/runner/.m2/repository/io/opentracing/opentracing-noop/0.33.0/opentracing-noop-0.33.0.jar:/home/runner/.m2/repository/org/yaml/snakeyaml/2.0/snakeyaml-2.0.jar:/home/runner/.m2/repository/io/grpc/grpc-api/1.51.1/grpc-api-1.51.1.jar:/home/runner/.m2/repository/io/grpc/grpc-context/1.51.1/grpc-context-1.51.1.jar:/home/runner/.m2/repository/junit/junit/4.13.1/junit-4.13.1.jar:/home/runner/.m2/repository/org/hamcrest/hamcrest-core/1.3/hamcrest-core-1.3.jar:/home/runner/.m2/repository/org/junit/jupiter/junit-jupiter-api/5.8.2/junit-jupiter-api-5.8.2.jar:/home/runner/.m2/repository/org/opentest4j/opentest4j/1.2.0/opentest4j-1.2.0.jar:/home/runner/.m2/repository/org/junit/platform/junit-platform-commons/1.8.2/junit-platform-commons-1.8.2.jar:/home/runner/.m2/repository/org/apiguardian/apiguardian-api/1.1.2/apiguardian-api-1.1.2.jar:/home/runner/.m2/repository/org/junit/jupiter/junit-jupiter-params/5.8.2/junit-jupiter-params-5.8.2.jar:/home/runner/.m2/repository/org/junit/jupiter/junit-jupiter-migrationsupport/5.8.2/junit-jupiter-migrationsupport-5.8.2.jar:/home/runner/.m2/repository/org/junit/jupiter/junit-jupiter-engine/5.8.2/junit-jupiter-engine-5.8.2.jar:/home/runner/.m2/repository/org/junit/platform/junit-platform-engine/1.8.2/junit-platform-engine-1.8.2.jar:/home/runner/.m2/repository/org/junit/vintage/junit-vintage-engine/5.8.2/junit-vintage-engine-5.8.2.jar:/home/runner/.m2/repository/org/junit/platform/junit-platform-launcher/1.8.2/junit-platform-launcher-1.8.2.jar:/home/runner/.m2/repository/org/mockito/mockito-core/3.5.9/mockito-core-3.5.9.jar:/home/runner/.m2/repository/net/bytebuddy/byte-buddy/1.10.13/byte-buddy-1.10.13.jar:/home/runner/.m2/repository/net/bytebuddy/byte-buddy-agent/1.10.13/byte-buddy-agent-1.10.13.jar:/home/runner/.m2/repository/org/objenesis/objenesis/1.0/objenesis-1.0.jar:/home/runner/.m2/repository/org/apache/hadoop/hadoop-kms/3.3.6/hadoop-kms-3.3.6.jar:/home/runner/.m2/repository/org/apache/hadoop/hadoop-auth/3.3.6/hadoop-auth-3.3.6.jar:/home/runner/.m2/repository/com/nimbusds/nimbus-jose-jwt/9.8.1/nimbus-jose-jwt-9.8.1.jar:/home/runner/.m2/repository/com/github/stephenc/jcip/jcip-annotations/1.0-1/jcip-annotations-1.0-1.jar:/home/runner/.m2/repository/org/apache/zookeeper/zookeeper/3.5.6/zookeeper-3.5.6.jar:/home/runner/.m2/repository/org/apache/zookeeper/zookeeper-jute/3.5.6/zookeeper-jute-3.5.6.jar:/home/runner/.m2/repository/org/apache/yetus/audience-annotations/0.5.0/audience-annotations-0.5.0.jar:/home/runner/.m2/repository/org/apache/curator/curator-framework/4.2.0/curator-framework-4.2.0.jar:/home/runner/.m2/repository/org/apache/hadoop/thirdparty/hadoop-shaded-guava/1.1.1/hadoop-shaded-guava-1.1.1.jar:/home/runner/.m2/repository/com/sun/jersey/jersey-core/1.19/jersey-core-1.19.jar:/home/runner/.m2/repository/javax/ws/rs/jsr311-api/1.1.1/jsr311-api-1.1.1.jar:/home/runner/.m2/repository/com/sun/jersey/jersey-server/1.19/jersey-server-1.19.jar:/home/runner/.m2/repository/javax/servlet/javax.servlet-api/3.1.0/javax.servlet-api-3.1.0.jar:/home/runner/.m2/repository/org/apache/hadoop/hadoop-common/3.3.6/hadoop-common-3.3.6.jar:/home/runner/.m2/repository/org/apache/commons/commons-math3/3.1.1/commons-math3-3.1.1.jar:/home/runner/.m2/repository/commons-net/commons-net/3.9.0/commons-net-3.9.0.jar:/home/runner/.m2/repository/com/sun/jersey/jersey-servlet/1.19/jersey-servlet-1.19.jar:/home/runner/.m2/repository/com/github/pjfanning/jersey-json/1.20/jersey-json-1.20.jar:/home/runner/.m2/repository/org/codehaus/jettison/jettison/1.1/jettison-1.1.jar:/home/runner/.m2/repository/com/sun/xml/bind/jaxb-impl/2.2.3-1/jaxb-impl-2.2.3-1.jar:/home/runner/.m2/repository/com/google/re2j/re2j/1.1/re2j-1.1.jar:/home/runner/.m2/repository/com/jcraft/jsch/0.1.54/jsch-0.1.54.jar:/home/runner/.m2/repository/org/apache/curator/curator-client/4.2.0/curator-client-4.2.0.jar:/home/runner/.m2/repository/org/apache/curator/curator-recipes/5.2.0/curator-recipes-5.2.0.jar:/home/runner/.m2/repository/org/apache/kerby/kerb-core/1.0.1/kerb-core-1.0.1.jar:/home/runner/.m2/repository/org/apache/kerby/kerby-pkix/1.0.1/kerby-pkix-1.0.1.jar:/home/runner/.m2/repository/org/apache/kerby/kerby-asn1/1.0.1/kerby-asn1-1.0.1.jar:/home/runner/.m2/repository/org/apache/kerby/kerby-util/1.0.1/kerby-util-1.0.1.jar:/home/runner/.m2/repository/dnsjava/dnsjava/2.1.7/dnsjava-2.1.7.jar:/home/runner/.m2/repository/org/xerial/snappy/snappy-java/1.1.8.2/snappy-java-1.1.8.2.jar:/home/runner/.m2/repository/com/fasterxml/jackson/core/jackson-databind/2.13.4.2/jackson-databind-2.13.4.2.jar:/home/runner/.m2/repository/org/apache/hadoop/hadoop-kms/3.3.6/hadoop-kms-3.3.6-tests.jar:/home/runner/.m2/repository/org/apache/ozone/hdds-server-scm/1.4.0-SNAPSHOT/hdds-server-scm-1.4.0-SNAPSHOT-tests.jar:/home/runner/.m2/repository/org/apache/ozone/hdds-container-service/1.4.0-SNAPSHOT/hdds-container-service-1.4.0-SNAPSHOT-tests.jar:/home/runner/.m2/repository/com/github/luben/zstd-jni/1.5.2-5/zstd-jni-1.5.2-5.jar:/home/runner/.m2/repository/commons-codec/commons-codec/1.15/commons-codec-1.15.jar:/home/runner/.m2/repository/io/netty/netty-codec/4.1.86.Final/netty-codec-4.1.86.Final.jar:/home/runner/.m2/repository/io/netty/netty-handler/4.1.86.Final/netty-handler-4.1.86.Final.jar:/home/runner/.m2/repository/org/apache/ozone/hdds-hadoop-dependency-test/1.4.0-SNAPSHOT/hdds-hadoop-dependency-test-1.4.0-SNAPSHOT.jar:/home/runner/.m2/repository/org/apache/hadoop/hadoop-common/3.3.6/hadoop-common-3.3.6-tests.jar:/home/runner/.m2/repository/org/apache/hadoop/hadoop-hdfs/3.3.6/hadoop-hdfs-3.3.6-tests.jar:/home/runner/.m2/repository/org/assertj/assertj-core/3.12.2/assertj-core-3.12.2.jar:/home/runner/.m2/repository/org/apache/hadoop/hadoop-distcp/3.3.6/hadoop-distcp-3.3.6.jar:/home/runner/.m2/repository/org/apache/hadoop/hadoop-mapreduce-client-jobclient/3.3.6/hadoop-mapreduce-client-jobclient-3.3.6.jar:/home/runner/.m2/repository/org/apache/hadoop/hadoop-mapreduce-client-common/3.3.6/hadoop-mapreduce-client-common-3.3.6.jar:/home/runner/.m2/repository/org/apache/hadoop/hadoop-yarn-common/3.3.6/hadoop-yarn-common-3.3.6.jar:/home/runner/.m2/repository/org/apache/hadoop/hadoop-yarn-api/3.3.6/hadoop-yarn-api-3.3.6.jar:/home/runner/.m2/repository/com/sun/jersey/contribs/jersey-guice/1.19/jersey-guice-1.19.jar:/home/runner/.m2/repository/com/fasterxml/jackson/jaxrs/jackson-jaxrs-json-provider/2.13.4/jackson-jaxrs-json-provider-2.13.4.jar:/home/runner/.m2/repository/com/fasterxml/jackson/jaxrs/jackson-jaxrs-base/2.13.4/jackson-jaxrs-base-2.13.4.jar:/home/runner/.m2/repository/org/apache/hadoop/hadoop-yarn-client/3.3.6/hadoop-yarn-client-3.3.6.jar:/home/runner/.m2/repository/org/eclipse/jetty/websocket/websocket-client/9.4.51.v20230217/websocket-client-9.4.51.v20230217.jar:/home/runner/.m2/repository/org/eclipse/jetty/websocket/websocket-common/9.4.51.v20230217/websocket-common-9.4.51.v20230217.jar:/home/runner/.m2/repository/org/eclipse/jetty/websocket/websocket-api/9.4.51.v20230217/websocket-api-9.4.51.v20230217.jar:/home/runner/.m2/repository/org/jline/jline/3.9.0/jline-3.9.0.jar:/home/runner/.m2/repository/org/apache/hadoop/hadoop-mapreduce-client-core/3.3.6/hadoop-mapreduce-client-core-3.3.6.jar:/home/runner/.m2/repository/org/apache/avro/avro/1.7.7/avro-1.7.7.jar:/home/runner/.m2/repository/com/thoughtworks/paranamer/paranamer/2.3/paranamer-2.3.jar:/home/runner/.m2/repository/org/apache/hadoop/hadoop-annotations/3.3.6/hadoop-annotations-3.3.6.jar:/usr/lib/jvm/temurin-8-jdk-amd64/jre/../lib/tools.jar:/home/runner/.m2/repository/io/netty/netty/3.10.6.Final/netty-3.10.6.Final.jar:/home/runner/.m2/repository/org/apache/hadoop/hadoop-distcp/3.3.6/hadoop-distcp-3.3.6-tests.jar:/home/runner/.m2/repository/org/slf4j/jul-to-slf4j/1.7.36/jul-to-slf4j-1.7.36.jar:"/>
    <property name="sun.cpu.endian" value="little"/>
    <property name="user.home" value="/home/runner"/>
    <property name="user.language" value="en"/>
    <property name="java.specification.vendor" value="Oracle Corporation"/>
    <property name="java.home" value="/usr/lib/jvm/temurin-8-jdk-amd64/jre"/>
    <property name="java.security.krb5.conf" value="/home/runner/work/ozone/ozone/hadoop-ozone/integration-test/target/test-classes/krb5.conf"/>
    <property name="basedir" value="/home/runner/work/ozone/ozone/hadoop-ozone/integration-test"/>
    <property name="file.separator" value="/"/>
    <property name="line.separator" value="&#10;"/>
    <property name="java.vm.specification.vendor" value="Oracle Corporation"/>
    <property name="java.specification.name" value="Java Platform API Specification"/>
    <property name="java.awt.graphicsenv" value="sun.awt.X11GraphicsEnvironment"/>
    <property name="skip.installnpx" value="true"/>
    <property name="surefire.real.class.path" value="/home/runner/work/ozone/ozone/hadoop-ozone/integration-test/target/surefire/surefirebooter8514934054732304126.jar:/home/runner/.m2/repository/org/jacoco/org.jacoco.agent/0.8.5/org.jacoco.agent-0.8.5-runtime.jar"/>
    <property name="hadoop.log.dir" value="/home/runner/work/ozone/ozone/hadoop-ozone/integration-test/target/log"/>
    <property name="sun.boot.class.path" value="/usr/lib/jvm/temurin-8-jdk-amd64/jre/lib/resources.jar:/usr/lib/jvm/temurin-8-jdk-amd64/jre/lib/rt.jar:/usr/lib/jvm/temurin-8-jdk-amd64/jre/lib/sunrsasign.jar:/usr/lib/jvm/temurin-8-jdk-amd64/jre/lib/jsse.jar:/usr/lib/jvm/temurin-8-jdk-amd64/jre/lib/jce.jar:/usr/lib/jvm/temurin-8-jdk-amd64/jre/lib/charsets.jar:/usr/lib/jvm/temurin-8-jdk-amd64/jre/lib/jfr.jar:/usr/lib/jvm/temurin-8-jdk-amd64/jre/classes"/>
    <property name="sun.management.compiler" value="HotSpot 64-Bit Tiered Compilers"/>
    <property name="skip.npx" value="true"/>
    <property name="java.runtime.version" value="1.8.0_372-b07"/>
    <property name="java.net.preferIPv4Stack" value="true"/>
    <property name="user.name" value="runner"/>
    <property name="path.separator" value=":"/>
    <property name="java.security.egd" value="file:///dev/urandom"/>
    <property name="os.version" value="5.15.0-1041-azure"/>
    <property name="java.endorsed.dirs" value="/usr/lib/jvm/temurin-8-jdk-amd64/jre/lib/endorsed"/>
    <property name="java.runtime.name" value="OpenJDK Runtime Environment"/>
    <property name="file.encoding" value="UTF-8"/>
    <property name="java.vm.name" value="OpenJDK 64-Bit Server VM"/>
    <property name="test.build.webapps" value=""/>
    <property name="localRepository" value="/home/runner/.m2/repository"/>
    <property name="jetty.git.hash" value="b45c405e4544384de066f814ed42ae3dceacdd49"/>
    <property name="java.vendor.url.bug" value="https://github.com/adoptium/adoptium-support/issues"/>
    <property name="java.io.tmpdir" value="/tmp"/>
    <property name="require.test.libhadoop" value=""/>
    <property name="java.version" value="1.8.0_372"/>
    <property name="user.dir" value="/home/runner/work/ozone/ozone/hadoop-ozone/integration-test"/>
    <property name="os.arch" value="amd64"/>
    <property name="java.vm.specification.name" value="Java Virtual Machine Specification"/>
    <property name="test.build.classes" value="/home/runner/work/ozone/ozone/hadoop-ozone/integration-test/target/test-classes"/>
    <property name="java.awt.printerjob" value="sun.print.PSPrinterJob"/>
    <property name="sun.os.patch.level" value="unknown"/>
    <property name="hadoop.tmp.dir" value="/home/runner/work/ozone/ozone/hadoop-ozone/integration-test/target/tmp"/>
    <property name="java.library.path" value="/usr/java/packages/lib/amd64:/usr/lib64:/lib64:/lib:/usr/lib"/>
    <property name="java.vm.info" value="mixed mode"/>
    <property name="java.vendor" value="Temurin"/>
    <property name="java.vm.version" value="25.372-b07"/>
    <property name="java.specification.maintenance.version" value="4"/>
    <property name="java.ext.dirs" value="/usr/lib/jvm/temurin-8-jdk-amd64/jre/lib/ext:/usr/java/packages/lib/ext"/>
    <property name="sun.io.unicode.encoding" value="UnicodeLittle"/>
    <property name="java.class.version" value="52.0"/>
  </properties>
  <testcase name="testRecovery" classname="org.apache.hadoop.fs.ozone.TestLeaseRecovery" time="4.303">
    <error type="java.io.IOException"><![CDATA[java.io.IOException: Cannot create directory /home/runner/work/ozone/ozone/hadoop-ozone/integration-test/target/test-dir/MiniOzoneClusterImpl-e8926451-5936-47de-bd02-8d6027662a7c/ozone-meta/om/current
	at org.apache.hadoop.ozone.common.Storage.initialize(Storage.java:268)
	at org.apache.hadoop.ozone.MiniOzoneClusterImpl$Builder.initializeOmStorage(MiniOzoneClusterImpl.java:791)
	at org.apache.hadoop.ozone.MiniOzoneClusterImpl$Builder.createOM(MiniOzoneClusterImpl.java:807)
	at org.apache.hadoop.ozone.MiniOzoneClusterImpl$Builder.build(MiniOzoneClusterImpl.java:595)
	at org.apache.hadoop.fs.ozone.TestLeaseRecovery.init(TestLeaseRecovery.java:90)
	at sun.reflect.NativeMethodAccessorImpl.invoke0(Native Method)
	at sun.reflect.NativeMethodAccessorImpl.invoke(NativeMethodAccessorImpl.java:62)
	at sun.reflect.DelegatingMethodAccessorImpl.invoke(DelegatingMethodAccessorImpl.java:43)
	at java.lang.reflect.Method.invoke(Method.java:498)
	at org.junit.runners.model.FrameworkMethod$1.runReflectiveCall(FrameworkMethod.java:59)
	at org.junit.internal.runners.model.ReflectiveCallable.run(ReflectiveCallable.java:12)
	at org.junit.runners.model.FrameworkMethod.invokeExplosively(FrameworkMethod.java:56)
	at org.junit.internal.runners.statements.RunBefores.invokeMethod(RunBefores.java:33)
	at org.junit.internal.runners.statements.RunBefores.evaluate(RunBefores.java:24)
	at org.junit.internal.runners.statements.RunAfters.evaluate(RunAfters.java:27)
	at org.junit.internal.runners.statements.FailOnTimeout$CallableStatement.call(FailOnTimeout.java:288)
	at org.junit.internal.runners.statements.FailOnTimeout$CallableStatement.call(FailOnTimeout.java:282)
	at java.util.concurrent.FutureTask.run(FutureTask.java:266)
	at java.lang.Thread.run(Thread.java:750)
]]></error>
    <system-out><![CDATA[2023-07-06 07:30:05,658 [Time-limited test] WARN  server.ServerUtils (ServerUtils.java:getScmDbDir(155)) - ozone.scm.db.dirs is not configured. We recommend adding this setting. Falling back to ozone.metadata.dirs instead.
2023-07-06 07:30:05,882 [Time-limited test] INFO  reflections.Reflections (Reflections.java:scan(232)) - Reflections took 151 ms to scan 7 urls, producing 160 keys and 376 values 
2023-07-06 07:30:06,020 [Time-limited test] WARN  server.ServerUtils (ServerUtils.java:getScmDbDir(155)) - ozone.scm.db.dirs is not configured. We recommend adding this setting. Falling back to ozone.metadata.dirs instead.
2023-07-06 07:30:06,024 [Time-limited test] INFO  ha.SCMHANodeDetails (SCMHANodeDetails.java:loadSCMHAConfig(210)) - ServiceID for StorageContainerManager is null
2023-07-06 07:30:06,031 [Time-limited test] WARN  ha.SCMHANodeDetails (SCMHANodeDetails.java:validateSCMHAConfig(183)) - Invalid config ozone.scm.ratis.enable. The config was not specified, but the default value true conflicts with the expected config value false. Falling back to the expected value. Current State of SCM: SCM is running in Non-HA without Ratis Ratis SCM -> Non Ratis SCM or Non HA SCM -> HA SCM is not supported
2023-07-06 07:30:06,032 [Time-limited test] INFO  ha.SCMHANodeDetails (SCMHANodeDetails.java:loadSCMHAConfig(215)) - ozone.scm.default.service.id is not defined, falling back to ozone.scm.service.ids to find serviceID for StorageContainerManager if it is HA enabled cluster
2023-07-06 07:30:06,884 [Time-limited test] WARN  utils.HAUtils (HAUtils.java:getMetaDir(339)) - ozone.scm.db.dirs is not configured. We recommend adding this setting. Falling back to ozone.metadata.dirs instead.
2023-07-06 07:30:07,052 [Time-limited test] WARN  db.DBStoreBuilder (DBStoreBuilder.java:applyDBDefinition(166)) - ozone.scm.db.dirs is not configured. We recommend adding this setting. Falling back to ozone.metadata.dirs instead.
2023-07-06 07:30:07,318 [Time-limited test] INFO  net.NodeSchemaLoader (NodeSchemaLoader.java:loadSchemaFromFile(129)) - Loading schema from [jar:file:/home/runner/.m2/repository/org/apache/ozone/hdds-common/1.4.0-SNAPSHOT/hdds-common-1.4.0-SNAPSHOT.jar!/network-topology-default.xml]
2023-07-06 07:30:07,320 [Time-limited test] INFO  net.NodeSchemaLoader (NodeSchemaLoader.java:loadSchema(176)) - Loading network topology layer schema file
2023-07-06 07:30:07,370 [Time-limited test] INFO  metrics.MetricRegistries (MetricRegistriesLoader.java:load(64)) - Loaded MetricRegistries class org.apache.ratis.metrics.impl.MetricRegistriesImpl
2023-07-06 07:30:07,385 [Time-limited test] INFO  upgrade.AbstractLayoutVersionManager (AbstractLayoutVersionManager.java:init(83)) - Initializing Layout version manager with metadata layout = HADOOP_PRC_PORTS_IN_DATANODEDETAILS (version = 7), software layout = HADOOP_PRC_PORTS_IN_DATANODEDETAILS (version = 7)
2023-07-06 07:30:07,633 [Time-limited test] INFO  ha.SequenceIdGenerator (SequenceIdGenerator.java:upgradeToSequenceId(361)) - upgrade localId to 111677748019200000
2023-07-06 07:30:07,634 [Time-limited test] INFO  ha.SequenceIdGenerator (SequenceIdGenerator.java:upgradeToSequenceId(371)) - upgrade delTxnId to 0
2023-07-06 07:30:07,656 [Time-limited test] INFO  ha.SequenceIdGenerator (SequenceIdGenerator.java:upgradeToSequenceId(388)) - upgrade containerId to 0
2023-07-06 07:30:07,660 [Time-limited test] INFO  ha.SequenceIdGenerator (SequenceIdGenerator.java:upgradeToSequenceId(424)) - upgrade rootCertificateId to 1
2023-07-06 07:30:07,678 [Time-limited test] INFO  ha.SequenceIdGenerator (SequenceIdGenerator.java:<init>(232)) - Init the HA SequenceIdGenerator.
2023-07-06 07:30:07,746 [Time-limited test] WARN  server.ServerUtils (ServerUtils.java:sanitizeUserArgs(80)) - ozone.scm.stale.node.interval value = 300000 is larger than max = 100000 based on the key value of ozone.scm.heartbeat.thread.interval, reset to the max value 100000.
2023-07-06 07:30:07,746 [Time-limited test] WARN  server.ServerUtils (ServerUtils.java:sanitizeUserArgs(80)) - ozone.scm.stale.node.interval value = 300000 is larger than max = 100000 based on the key value of ozone.scm.heartbeat.thread.interval, reset to the max value 100000.
2023-07-06 07:30:07,757 [Time-limited test] INFO  node.SCMNodeManager (SCMNodeManager.java:<init>(157)) - Entering startup safe mode.
2023-07-06 07:30:07,775 [Time-limited test] INFO  algorithms.ContainerPlacementPolicyFactory (ContainerPlacementPolicyFactory.java:getPolicyInternal(86)) - Create container placement policy of type org.apache.hadoop.hdds.scm.container.placement.algorithms.SCMContainerPlacementRackAware
2023-07-06 07:30:07,778 [Time-limited test] INFO  algorithms.ContainerPlacementPolicyFactory (ContainerPlacementPolicyFactory.java:getPolicyInternal(86)) - Create container placement policy of type org.apache.hadoop.hdds.scm.container.placement.algorithms.SCMContainerPlacementRackScatter
2023-07-06 07:30:07,789 [Time-limited test] INFO  pipeline.PipelineStateManagerImpl (PipelineStateManagerImpl.java:initialize(78)) - No pipeline exists in current db
2023-07-06 07:30:07,804 [Time-limited test] INFO  algorithms.LeaderChoosePolicyFactory (LeaderChoosePolicyFactory.java:getPolicy(57)) - Create leader choose policy of type org.apache.hadoop.hdds.scm.pipeline.leader.choose.algorithms.MinLeaderCountChoosePolicy
2023-07-06 07:30:07,804 [Time-limited test] INFO  algorithms.ContainerPlacementPolicyFactory (ContainerPlacementPolicyFactory.java:getPolicyInternal(86)) - Create container placement policy of type org.apache.hadoop.hdds.scm.container.placement.algorithms.SCMContainerPlacementRackScatter
2023-07-06 07:30:07,811 [Time-limited test] INFO  ha.SCMServiceManager (SCMServiceManager.java:register(42)) - Registering service BackgroundPipelineCreator.
2023-07-06 07:30:07,811 [Time-limited test] INFO  pipeline.BackgroundPipelineCreator (BackgroundPipelineCreator.java:start(124)) - Starting RatisPipelineUtilsThread.
2023-07-06 07:30:07,814 [Time-limited test] INFO  BackgroundPipelineScrubber (BackgroundSCMService.java:start(68)) - Starting BackgroundPipelineScrubber Service.
2023-07-06 07:30:07,815 [Time-limited test] INFO  ha.SCMServiceManager (SCMServiceManager.java:register(42)) - Registering service BackgroundPipelineScrubber.
2023-07-06 07:30:07,822 [Time-limited test] INFO  ExpiredContainerReplicaOpScrubber (BackgroundSCMService.java:start(68)) - Starting ExpiredContainerReplicaOpScrubber Service.
2023-07-06 07:30:07,822 [Time-limited test] INFO  ha.SCMServiceManager (SCMServiceManager.java:register(42)) - Registering service ExpiredContainerReplicaOpScrubber.
2023-07-06 07:30:07,855 [Time-limited test] INFO  algorithms.PipelineChoosePolicyFactory (PipelineChoosePolicyFactory.java:createPipelineChoosePolicyFromClass(78)) - Create pipeline choose policy of type org.apache.hadoop.hdds.scm.pipeline.choose.algorithms.RandomPipelineChoosePolicy
2023-07-06 07:30:07,861 [Time-limited test] INFO  algorithms.PipelineChoosePolicyFactory (PipelineChoosePolicyFactory.java:createPipelineChoosePolicyFromClass(78)) - Create pipeline choose policy of type org.apache.hadoop.hdds.scm.pipeline.choose.algorithms.RandomPipelineChoosePolicy
2023-07-06 07:30:07,883 [Time-limited test] INFO  ha.SCMServiceManager (SCMServiceManager.java:register(42)) - Registering service SCMBlockDeletingService.
2023-07-06 07:30:07,945 [Time-limited test] INFO  replication.ReplicationManager (ReplicationManager.java:start(286)) - Starting Replication Monitor Thread.
2023-07-06 07:30:07,963 [Time-limited test] INFO  ha.SCMServiceManager (SCMServiceManager.java:register(42)) - Registering service ReplicationManager.
2023-07-06 07:30:07,965 [ReplicationMonitor] INFO  replication.ReplicationManager (ReplicationManager.java:processAll(361)) - Replication Manager is not ready to run until 3000ms after safemode exit
2023-07-06 07:30:07,985 [Time-limited test] INFO  safemode.ContainerSafeModeRule (ContainerSafeModeRule.java:<init>(89)) - containers with one replica threshold count 0
2023-07-06 07:30:07,988 [Time-limited test] INFO  safemode.HealthyPipelineSafeModeRule (HealthyPipelineSafeModeRule.java:initializeRule(169)) - Total pipeline count is 0, healthy pipeline threshold count is 1
2023-07-06 07:30:07,990 [Time-limited test] INFO  safemode.OneReplicaPipelineSafeModeRule (OneReplicaPipelineSafeModeRule.java:initializeRule(180)) - Total pipeline count is 0, pipeline's with at least one datanode reported threshold count is 0
2023-07-06 07:30:08,049 [Time-limited test] INFO  server.StorageContainerManager (StorageContainerManager.java:<init>(424)) - SCM start with adminUsers: [runner]
2023-07-06 07:30:08,434 [Time-limited test] INFO  audit.AuditLogger (AuditLogger.java:refreshDebugCmdSet(126)) - Refresh DebugCmdSet for SCMAudit to [].
2023-07-06 07:30:08,467 [Time-limited test] INFO  ipc.CallQueueManager (CallQueueManager.java:<init>(90)) - Using callQueue: class java.util.concurrent.LinkedBlockingQueue, queueCapacity: 2000, scheduler: class org.apache.hadoop.ipc.DefaultRpcScheduler, ipcBackoff: false.
2023-07-06 07:30:08,504 [Time-limited test] INFO  ipc.Server (Server.java:<init>(1287)) - Listener at 0.0.0.0:15002
2023-07-06 07:30:08,506 [Socket Reader #1 for port 15002] INFO  ipc.Server (Server.java:run(1323)) - Starting Socket Reader #1 for port 15002
2023-07-06 07:30:08,577 [Time-limited test] INFO  audit.AuditLogger (AuditLogger.java:refreshDebugCmdSet(126)) - Refresh DebugCmdSet for SCMAudit to [].
2023-07-06 07:30:08,583 [Time-limited test] INFO  ipc.CallQueueManager (CallQueueManager.java:<init>(90)) - Using callQueue: class java.util.concurrent.LinkedBlockingQueue, queueCapacity: 2000, scheduler: class org.apache.hadoop.ipc.DefaultRpcScheduler, ipcBackoff: false.
2023-07-06 07:30:08,583 [Time-limited test] INFO  ipc.Server (Server.java:<init>(1287)) - Listener at 0.0.0.0:15001
2023-07-06 07:30:08,584 [Socket Reader #1 for port 15001] INFO  ipc.Server (Server.java:run(1323)) - Starting Socket Reader #1 for port 15001
2023-07-06 07:30:08,615 [Time-limited test] INFO  audit.AuditLogger (AuditLogger.java:refreshDebugCmdSet(126)) - Refresh DebugCmdSet for SCMAudit to [].
2023-07-06 07:30:08,626 [Time-limited test] INFO  ipc.CallQueueManager (CallQueueManager.java:<init>(90)) - Using callQueue: class java.util.concurrent.LinkedBlockingQueue, queueCapacity: 2000, scheduler: class org.apache.hadoop.ipc.DefaultRpcScheduler, ipcBackoff: false.
2023-07-06 07:30:08,629 [Time-limited test] INFO  ipc.Server (Server.java:<init>(1287)) - Listener at 0.0.0.0:15000
2023-07-06 07:30:08,630 [Socket Reader #1 for port 15000] INFO  ipc.Server (Server.java:run(1323)) - Starting Socket Reader #1 for port 15000
2023-07-06 07:30:08,695 [Time-limited test] INFO  ha.SCMServiceManager (SCMServiceManager.java:register(42)) - Registering service ContainerBalancer.
2023-07-06 07:30:08,695 [Time-limited test] INFO  server.StorageContainerManager (StorageContainerManager.java:<init>(437)) - 
Container Balancer status:
Key                            Value
Running                        false
Container Balancer Configuration values:
Key                                                Value
Threshold                                          10
Max Datanodes to Involve per Iteration(percent)    20
Max Size to Move per Iteration                     500GB
Max Size Entering Target per Iteration             26GB
Max Size Leaving Source per Iteration              26GB

2023-07-06 07:30:08,696 [Time-limited test] INFO  ha.SCMContext (SCMContext.java:updateSafeModeStatus(228)) - Update SafeModeStatus from SafeModeStatus{safeModeStatus=true, preCheckPassed=false} to SafeModeStatus{safeModeStatus=true, preCheckPassed=false}.
2023-07-06 07:30:08,699 [Time-limited test] INFO  server.StorageContainerManager (StorageContainerManager.java:start(1489)) - StorageContainerLocationProtocol RPC server is listening at /0.0.0.0:15000
2023-07-06 07:30:08,772 [Time-limited test] WARN  impl.MetricsConfig (MetricsConfig.java:loadFirst(136)) - Cannot locate configuration: tried hadoop-metrics2-storagecontainermanager.properties,hadoop-metrics2.properties
2023-07-06 07:30:08,787 [Time-limited test] INFO  impl.MetricsSystemImpl (MetricsSystemImpl.java:startTimer(378)) - Scheduled Metric snapshot period at 10 second(s).
2023-07-06 07:30:08,790 [Time-limited test] INFO  impl.MetricsSystemImpl (MetricsSystemImpl.java:start(191)) - StorageContainerManager metrics system started
2023-07-06 07:30:09,107 [Time-limited test] INFO  server.SCMClientProtocolServer (SCMClientProtocolServer.java:start(200)) - RPC server for Client  is listening at /0.0.0.0:15000
2023-07-06 07:30:09,108 [IPC Server Responder] INFO  ipc.Server (Server.java:run(1562)) - IPC Server Responder: starting
2023-07-06 07:30:09,110 [IPC Server listener on 15000] INFO  ipc.Server (Server.java:run(1402)) - IPC Server listener on 15000: starting
2023-07-06 07:30:09,133 [Time-limited test] INFO  server.StorageContainerManager (StorageContainerManager.java:start(1502)) - ScmBlockLocationProtocol RPC server is listening at /0.0.0.0:15001
2023-07-06 07:30:09,134 [Time-limited test] INFO  server.SCMBlockProtocolServer (SCMBlockProtocolServer.java:start(152)) - RPC server for Block Protocol is listening at /0.0.0.0:15001
2023-07-06 07:30:09,148 [IPC Server Responder] INFO  ipc.Server (Server.java:run(1562)) - IPC Server Responder: starting
2023-07-06 07:30:09,149 [IPC Server listener on 15001] INFO  ipc.Server (Server.java:run(1402)) - IPC Server listener on 15001: starting
2023-07-06 07:30:09,156 [Time-limited test] INFO  server.SCMDatanodeProtocolServer (SCMDatanodeProtocolServer.java:start(193)) - ScmDatanodeProtocol RPC server for DataNodes is listening at /0.0.0.0:15002
2023-07-06 07:30:09,158 [IPC Server Responder] INFO  ipc.Server (Server.java:run(1562)) - IPC Server Responder: starting
2023-07-06 07:30:09,158 [IPC Server listener on 15002] INFO  ipc.Server (Server.java:run(1402)) - IPC Server listener on 15002: starting
2023-07-06 07:30:09,174 [JvmPauseMonitor0] INFO  util.JvmPauseMonitor (JvmPauseMonitor.java:run(103)) - JvmPauseMonitor-8e9c561c-cd80-4dee-8296-06112430b006: Started
2023-07-06 07:30:09,205 [Time-limited test] INFO  http.BaseHttpServer (BaseHttpServer.java:newHttpServer2BuilderForOzone(224)) - Starting Web-server for scm at: http://0.0.0.0:15003
2023-07-06 07:30:09,205 [Time-limited test] INFO  http.BaseHttpServer (BaseHttpServer.java:<init>(111)) - Hadoop Security Enabled: false Ozone Security Enabled: false Ozone HTTP Security Enabled: false 
2023-07-06 07:30:09,237 [Time-limited test] INFO  util.log (Log.java:initialized(170)) - Logging initialized @5236ms to org.eclipse.jetty.util.log.Slf4jLog
2023-07-06 07:30:09,342 [Time-limited test] WARN  server.AuthenticationFilter (AuthenticationFilter.java:constructSecretProvider(240)) - Unable to initialize FileSignerSecretProvider, falling back to use random secrets. Reason: Could not read signature secret file: /home/runner/hadoop-http-auth-signature-secret
2023-07-06 07:30:09,349 [Time-limited test] INFO  http.HttpRequestLog (HttpRequestLog.java:getRequestLog(86)) - Http request log for http.requests.scm is not defined
2023-07-06 07:30:09,356 [Time-limited test] INFO  http.HttpServer2 (HttpServer2.java:addGlobalFilter(1031)) - Added global filter 'safety' (class=org.apache.hadoop.hdds.server.http.HttpServer2$QuotingInputFilter)
2023-07-06 07:30:09,358 [Time-limited test] INFO  http.HttpServer2 (HttpServer2.java:addFilter(1007)) - Added filter static_user_filter (class=org.apache.hadoop.http.lib.StaticUserWebFilter$StaticUserFilter) to context scm
2023-07-06 07:30:09,358 [Time-limited test] INFO  http.HttpServer2 (HttpServer2.java:addFilter(1015)) - Added filter static_user_filter (class=org.apache.hadoop.http.lib.StaticUserWebFilter$StaticUserFilter) to context static
2023-07-06 07:30:09,359 [Time-limited test] INFO  http.HttpServer2 (HttpServer2.java:addFilter(1015)) - Added filter static_user_filter (class=org.apache.hadoop.http.lib.StaticUserWebFilter$StaticUserFilter) to context logs
2023-07-06 07:30:09,400 [Time-limited test] ERROR server.StorageContainerManager (StorageContainerManager.java:start(1536)) - SCM HttpServer failed to start.
java.lang.IllegalArgumentException: Unable to create path: /home/runner/work/ozone/ozone/hadoop-ozone/integration-test/target/test-dir/MiniOzoneClusterImpl-e8926451-5936-47de-bd02-8d6027662a7c/ozone-meta/webserver
	at org.apache.hadoop.hdds.HddsUtils.createDir(HddsUtils.java:643)
	at org.apache.hadoop.hdds.server.http.BaseHttpServer.<init>(BaseHttpServer.java:188)
	at org.apache.hadoop.hdds.scm.server.StorageContainerManagerHttpServer.<init>(StorageContainerManagerHttpServer.java:36)
	at org.apache.hadoop.hdds.scm.server.StorageContainerManager.start(StorageContainerManager.java:1532)
	at org.apache.hadoop.ozone.MiniOzoneClusterImpl$Builder.build(MiniOzoneClusterImpl.java:594)
	at org.apache.hadoop.fs.ozone.TestLeaseRecovery.init(TestLeaseRecovery.java:90)
	at sun.reflect.NativeMethodAccessorImpl.invoke0(Native Method)
	at sun.reflect.NativeMethodAccessorImpl.invoke(NativeMethodAccessorImpl.java:62)
	at sun.reflect.DelegatingMethodAccessorImpl.invoke(DelegatingMethodAccessorImpl.java:43)
	at java.lang.reflect.Method.invoke(Method.java:498)
	at org.junit.runners.model.FrameworkMethod$1.runReflectiveCall(FrameworkMethod.java:59)
	at org.junit.internal.runners.model.ReflectiveCallable.run(ReflectiveCallable.java:12)
	at org.junit.runners.model.FrameworkMethod.invokeExplosively(FrameworkMethod.java:56)
	at org.junit.internal.runners.statements.RunBefores.invokeMethod(RunBefores.java:33)
	at org.junit.internal.runners.statements.RunBefores.evaluate(RunBefores.java:24)
	at org.junit.internal.runners.statements.RunAfters.evaluate(RunAfters.java:27)
	at org.junit.internal.runners.statements.FailOnTimeout$CallableStatement.call(FailOnTimeout.java:288)
	at org.junit.internal.runners.statements.FailOnTimeout$CallableStatement.call(FailOnTimeout.java:282)
	at java.util.concurrent.FutureTask.run(FutureTask.java:266)
	at java.lang.Thread.run(Thread.java:750)
2023-07-06 07:30:09,407 [Time-limited test] WARN  server.ServerUtils (ServerUtils.java:getDBPath(311)) - ozone.om.db.dirs is not configured. We recommend adding this setting. Falling back to ozone.metadata.dirs instead.
2023-07-06 07:30:09,414 [Time-limited test] INFO  ozone.MiniOzoneClusterImpl (MiniOzoneClusterImpl.java:stopSCM(543)) - Stopping the StorageContainerManager
2023-07-06 07:30:09,414 [Time-limited test] INFO  server.StorageContainerManager (StorageContainerManager.java:stop(1590)) - Container Balancer is not running.
2023-07-06 07:30:09,414 [Time-limited test] INFO  server.StorageContainerManager (StorageContainerManager.java:stopReplicationManager(1723)) - Stopping Replication Manager Service.
2023-07-06 07:30:09,414 [Time-limited test] INFO  replication.ReplicationManager (ReplicationManager.java:stop(319)) - Stopping Replication Monitor Thread.
2023-07-06 07:30:09,414 [Under Replicated Processor] WARN  replication.UnhealthyReplicationProcessor (UnhealthyReplicationProcessor.java:run(180)) - Under Replicated Processor interrupted. Exiting...
2023-07-06 07:30:09,415 [Over Replicated Processor] WARN  replication.UnhealthyReplicationProcessor (UnhealthyReplicationProcessor.java:run(180)) - Over Replicated Processor interrupted. Exiting...
2023-07-06 07:30:09,415 [ReplicationMonitor] INFO  replication.ReplicationManager (ReplicationManager.java:run(917)) - Replication Monitor Thread is stopped
2023-07-06 07:30:09,415 [Time-limited test] INFO  server.StorageContainerManager (StorageContainerManager.java:stop(1599)) - Stopping the Datanode Admin Monitor.
2023-07-06 07:30:09,416 [Time-limited test] INFO  server.StorageContainerManager (StorageContainerManager.java:stop(1606)) - Stopping datanode service RPC server
2023-07-06 07:30:09,416 [Time-limited test] INFO  server.SCMDatanodeProtocolServer (SCMDatanodeProtocolServer.java:stop(424)) - Stopping the RPC server for DataNodes
2023-07-06 07:30:09,416 [Time-limited test] INFO  ipc.Server (Server.java:stop(3523)) - Stopping server on 15002
2023-07-06 07:30:09,425 [IPC Server listener on 15002] INFO  ipc.Server (Server.java:run(1434)) - Stopping IPC Server listener on 15002
2023-07-06 07:30:09,426 [IPC Server Responder] INFO  ipc.Server (Server.java:run(1567)) - Stopping IPC Server Responder
2023-07-06 07:30:09,459 [SCM Heartbeat Processing Thread - 0] WARN  node.NodeStateManager (NodeStateManager.java:scheduleNextHealthCheck(874)) - Current Thread is interrupted, shutting down HB processing thread for Node Manager.
2023-07-06 07:30:09,460 [Time-limited test] INFO  server.StorageContainerManager (StorageContainerManager.java:stop(1614)) - Stopping block service RPC server
2023-07-06 07:30:09,460 [Time-limited test] INFO  server.SCMBlockProtocolServer (SCMBlockProtocolServer.java:stop(161)) - Stopping the RPC server for Block Protocol
2023-07-06 07:30:09,460 [Time-limited test] INFO  ipc.Server (Server.java:stop(3523)) - Stopping server on 15001
2023-07-06 07:30:09,463 [IPC Server listener on 15001] INFO  ipc.Server (Server.java:run(1434)) - Stopping IPC Server listener on 15001
2023-07-06 07:30:09,463 [Time-limited test] INFO  server.StorageContainerManager (StorageContainerManager.java:stop(1621)) - Stopping the StorageContainerLocationProtocol RPC server
2023-07-06 07:30:09,463 [Time-limited test] INFO  server.SCMClientProtocolServer (SCMClientProtocolServer.java:stop(209)) - Stopping the RPC server for Client Protocol
2023-07-06 07:30:09,464 [Time-limited test] INFO  ipc.Server (Server.java:stop(3523)) - Stopping server on 15000
2023-07-06 07:30:09,466 [IPC Server Responder] INFO  ipc.Server (Server.java:run(1567)) - Stopping IPC Server Responder
2023-07-06 07:30:09,466 [IPC Server Responder] INFO  ipc.Server (Server.java:run(1567)) - Stopping IPC Server Responder
2023-07-06 07:30:09,467 [IPC Server listener on 15000] INFO  ipc.Server (Server.java:run(1434)) - Stopping IPC Server listener on 15000
2023-07-06 07:30:09,467 [Time-limited test] INFO  server.StorageContainerManager (StorageContainerManager.java:stop(1628)) - Stopping Storage Container Manager HTTP server.
2023-07-06 07:30:09,467 [Time-limited test] INFO  server.StorageContainerManager (StorageContainerManager.java:stop(1636)) - Stopping SCM LayoutVersionManager Service.
2023-07-06 07:30:09,467 [Time-limited test] INFO  server.StorageContainerManager (StorageContainerManager.java:stop(1648)) - Stopping Block Manager Service.
2023-07-06 07:30:09,468 [Time-limited test] INFO  utils.BackgroundService (BackgroundService.java:shutdown(141)) - Shutting down service SCMBlockDeletingService
2023-07-06 07:30:09,468 [Time-limited test] INFO  utils.BackgroundService (BackgroundService.java:shutdown(141)) - Shutting down service SCMBlockDeletingService
2023-07-06 07:30:09,468 [Time-limited test] INFO  server.StorageContainerManager (StorageContainerManager.java:stop(1668)) - Stopping SCM Event Queue.
2023-07-06 07:30:09,470 [JvmPauseMonitor0] INFO  util.JvmPauseMonitor (JvmPauseMonitor.java:run(109)) - JvmPauseMonitor-8e9c561c-cd80-4dee-8296-06112430b006: Stopped
2023-07-06 07:30:09,473 [Time-limited test] INFO  server.StorageContainerManager (StorageContainerManager.java:stop(1679)) - Stopping SCM HA services.
2023-07-06 07:30:09,474 [Time-limited test] INFO  pipeline.BackgroundPipelineCreator (BackgroundPipelineCreator.java:stop(149)) - Stopping RatisPipelineUtilsThread.
2023-07-06 07:30:09,474 [RatisPipelineUtilsThread - 0] WARN  pipeline.BackgroundPipelineCreator (BackgroundPipelineCreator.java:run(180)) - RatisPipelineUtilsThread is interrupted.
2023-07-06 07:30:09,475 [Time-limited test] INFO  BackgroundPipelineScrubber (BackgroundSCMService.java:stop(131)) - Stopping BackgroundPipelineScrubber Service.
2023-07-06 07:30:09,475 [BackgroundPipelineScrubberThread] WARN  BackgroundPipelineScrubber (BackgroundSCMService.java:run(115)) - BackgroundPipelineScrubber is interrupted, exit
2023-07-06 07:30:09,476 [Time-limited test] INFO  impl.MetricsSystemImpl (MetricsSystemImpl.java:stop(210)) - Stopping StorageContainerManager metrics system...
2023-07-06 07:30:09,477 [Time-limited test] INFO  impl.MetricsSystemImpl (MetricsSystemImpl.java:stop(216)) - StorageContainerManager metrics system stopped.
2023-07-06 07:30:09,477 [Time-limited test] WARN  pipeline.BackgroundPipelineCreator (BackgroundPipelineCreator.java:stop(145)) - RatisPipelineUtilsThread is not running, just ignore.
2023-07-06 07:30:09,479 [Time-limited test] INFO  BackgroundPipelineScrubber (BackgroundSCMService.java:stop(126)) - BackgroundPipelineScrubber Service is not running, skip stop.
2023-07-06 07:30:09,479 [Time-limited test] INFO  ExpiredContainerReplicaOpScrubber (BackgroundSCMService.java:stop(131)) - Stopping ExpiredContainerReplicaOpScrubber Service.
2023-07-06 07:30:09,479 [ExpiredContainerReplicaOpScrubberThread] WARN  ExpiredContainerReplicaOpScrubber (BackgroundSCMService.java:run(115)) - ExpiredContainerReplicaOpScrubber is interrupted, exit
2023-07-06 07:30:09,479 [Time-limited test] INFO  utils.BackgroundService (BackgroundService.java:shutdown(141)) - Shutting down service SCMBlockDeletingService
2023-07-06 07:30:09,480 [Time-limited test] INFO  replication.ReplicationManager (ReplicationManager.java:stop(329)) - Replication Monitor Thread is not running.
2023-07-06 07:30:09,480 [Time-limited test] WARN  balancer.ContainerBalancer (ContainerBalancer.java:stop(326)) - Cannot stop Container Balancer because it's not running or stopping
2023-07-06 07:30:09,481 [Time-limited test] INFO  server.StorageContainerManager (StorageContainerManager.java:stop(1714)) - Stopping SCM MetadataStore.
]]></system-out>
  </testcase>
  <testcase name="testOBSRecoveryShouldFail" classname="org.apache.hadoop.fs.ozone.TestLeaseRecovery" time="0.4">
    <error type="java.io.IOException"><![CDATA[java.io.IOException: Cannot create directory /home/runner/work/ozone/ozone/hadoop-ozone/integration-test/target/test-dir/MiniOzoneClusterImpl-d3246d01-7d4d-4ce1-987a-7c72eb9f1c86/ozone-meta/om/current
	at org.apache.hadoop.ozone.common.Storage.initialize(Storage.java:268)
	at org.apache.hadoop.ozone.MiniOzoneClusterImpl$Builder.initializeOmStorage(MiniOzoneClusterImpl.java:791)
	at org.apache.hadoop.ozone.MiniOzoneClusterImpl$Builder.createOM(MiniOzoneClusterImpl.java:807)
	at org.apache.hadoop.ozone.MiniOzoneClusterImpl$Builder.build(MiniOzoneClusterImpl.java:595)
	at org.apache.hadoop.fs.ozone.TestLeaseRecovery.init(TestLeaseRecovery.java:90)
	at sun.reflect.NativeMethodAccessorImpl.invoke0(Native Method)
	at sun.reflect.NativeMethodAccessorImpl.invoke(NativeMethodAccessorImpl.java:62)
	at sun.reflect.DelegatingMethodAccessorImpl.invoke(DelegatingMethodAccessorImpl.java:43)
	at java.lang.reflect.Method.invoke(Method.java:498)
	at org.junit.runners.model.FrameworkMethod$1.runReflectiveCall(FrameworkMethod.java:59)
	at org.junit.internal.runners.model.ReflectiveCallable.run(ReflectiveCallable.java:12)
	at org.junit.runners.model.FrameworkMethod.invokeExplosively(FrameworkMethod.java:56)
	at org.junit.internal.runners.statements.RunBefores.invokeMethod(RunBefores.java:33)
	at org.junit.internal.runners.statements.RunBefores.evaluate(RunBefores.java:24)
	at org.junit.internal.runners.statements.RunAfters.evaluate(RunAfters.java:27)
	at org.junit.internal.runners.statements.FailOnTimeout$CallableStatement.call(FailOnTimeout.java:288)
	at org.junit.internal.runners.statements.FailOnTimeout$CallableStatement.call(FailOnTimeout.java:282)
	at java.util.concurrent.FutureTask.run(FutureTask.java:266)
	at java.lang.Thread.run(Thread.java:750)
]]></error>
    <system-out><![CDATA[2023-07-06 07:30:09,546 [Time-limited test] WARN  server.ServerUtils (ServerUtils.java:getScmDbDir(155)) - ozone.scm.db.dirs is not configured. We recommend adding this setting. Falling back to ozone.metadata.dirs instead.
2023-07-06 07:30:09,552 [Time-limited test] WARN  server.ServerUtils (ServerUtils.java:getScmDbDir(155)) - ozone.scm.db.dirs is not configured. We recommend adding this setting. Falling back to ozone.metadata.dirs instead.
2023-07-06 07:30:09,553 [Time-limited test] INFO  ha.SCMHANodeDetails (SCMHANodeDetails.java:loadSCMHAConfig(210)) - ServiceID for StorageContainerManager is null
2023-07-06 07:30:09,553 [Time-limited test] INFO  ha.SCMHANodeDetails (SCMHANodeDetails.java:loadSCMHAConfig(215)) - ozone.scm.default.service.id is not defined, falling back to ozone.scm.service.ids to find serviceID for StorageContainerManager if it is HA enabled cluster
2023-07-06 07:30:09,555 [Time-limited test] WARN  utils.HAUtils (HAUtils.java:getMetaDir(339)) - ozone.scm.db.dirs is not configured. We recommend adding this setting. Falling back to ozone.metadata.dirs instead.
2023-07-06 07:30:09,556 [Time-limited test] WARN  db.DBStoreBuilder (DBStoreBuilder.java:applyDBDefinition(166)) - ozone.scm.db.dirs is not configured. We recommend adding this setting. Falling back to ozone.metadata.dirs instead.
2023-07-06 07:30:09,679 [Time-limited test] INFO  net.NodeSchemaLoader (NodeSchemaLoader.java:loadSchemaFromFile(129)) - Loading schema from [jar:file:/home/runner/.m2/repository/org/apache/ozone/hdds-common/1.4.0-SNAPSHOT/hdds-common-1.4.0-SNAPSHOT.jar!/network-topology-default.xml]
2023-07-06 07:30:09,679 [Time-limited test] INFO  net.NodeSchemaLoader (NodeSchemaLoader.java:loadSchema(176)) - Loading network topology layer schema file
2023-07-06 07:30:09,683 [Time-limited test] INFO  upgrade.AbstractLayoutVersionManager (AbstractLayoutVersionManager.java:init(83)) - Initializing Layout version manager with metadata layout = HADOOP_PRC_PORTS_IN_DATANODEDETAILS (version = 7), software layout = HADOOP_PRC_PORTS_IN_DATANODEDETAILS (version = 7)
2023-07-06 07:30:09,691 [Time-limited test] INFO  ha.SequenceIdGenerator (SequenceIdGenerator.java:upgradeToSequenceId(361)) - upgrade localId to 111677748019200000
2023-07-06 07:30:09,692 [Time-limited test] INFO  ha.SequenceIdGenerator (SequenceIdGenerator.java:upgradeToSequenceId(371)) - upgrade delTxnId to 0
2023-07-06 07:30:09,694 [Time-limited test] INFO  ha.SequenceIdGenerator (SequenceIdGenerator.java:upgradeToSequenceId(388)) - upgrade containerId to 0
2023-07-06 07:30:09,696 [Time-limited test] INFO  ha.SequenceIdGenerator (SequenceIdGenerator.java:upgradeToSequenceId(424)) - upgrade rootCertificateId to 1
2023-07-06 07:30:09,697 [Time-limited test] INFO  ha.SequenceIdGenerator (SequenceIdGenerator.java:<init>(232)) - Init the HA SequenceIdGenerator.
2023-07-06 07:30:09,698 [Time-limited test] WARN  server.ServerUtils (ServerUtils.java:sanitizeUserArgs(80)) - ozone.scm.stale.node.interval value = 300000 is larger than max = 100000 based on the key value of ozone.scm.heartbeat.thread.interval, reset to the max value 100000.
2023-07-06 07:30:09,698 [Time-limited test] WARN  server.ServerUtils (ServerUtils.java:sanitizeUserArgs(80)) - ozone.scm.stale.node.interval value = 300000 is larger than max = 100000 based on the key value of ozone.scm.heartbeat.thread.interval, reset to the max value 100000.
2023-07-06 07:30:09,698 [Time-limited test] INFO  node.SCMNodeManager (SCMNodeManager.java:<init>(157)) - Entering startup safe mode.
2023-07-06 07:30:09,700 [Time-limited test] INFO  algorithms.ContainerPlacementPolicyFactory (ContainerPlacementPolicyFactory.java:getPolicyInternal(86)) - Create container placement policy of type org.apache.hadoop.hdds.scm.container.placement.algorithms.SCMContainerPlacementRackAware
2023-07-06 07:30:09,700 [Time-limited test] INFO  algorithms.ContainerPlacementPolicyFactory (ContainerPlacementPolicyFactory.java:getPolicyInternal(86)) - Create container placement policy of type org.apache.hadoop.hdds.scm.container.placement.algorithms.SCMContainerPlacementRackScatter
2023-07-06 07:30:09,701 [Time-limited test] INFO  pipeline.PipelineStateManagerImpl (PipelineStateManagerImpl.java:initialize(78)) - No pipeline exists in current db
2023-07-06 07:30:09,701 [Time-limited test] INFO  algorithms.LeaderChoosePolicyFactory (LeaderChoosePolicyFactory.java:getPolicy(57)) - Create leader choose policy of type org.apache.hadoop.hdds.scm.pipeline.leader.choose.algorithms.MinLeaderCountChoosePolicy
2023-07-06 07:30:09,701 [Time-limited test] INFO  algorithms.ContainerPlacementPolicyFactory (ContainerPlacementPolicyFactory.java:getPolicyInternal(86)) - Create container placement policy of type org.apache.hadoop.hdds.scm.container.placement.algorithms.SCMContainerPlacementRackScatter
2023-07-06 07:30:09,705 [Time-limited test] INFO  ha.SCMServiceManager (SCMServiceManager.java:register(42)) - Registering service BackgroundPipelineCreator.
2023-07-06 07:30:09,705 [Time-limited test] INFO  pipeline.BackgroundPipelineCreator (BackgroundPipelineCreator.java:start(124)) - Starting RatisPipelineUtilsThread.
2023-07-06 07:30:09,705 [Time-limited test] INFO  BackgroundPipelineScrubber (BackgroundSCMService.java:start(68)) - Starting BackgroundPipelineScrubber Service.
2023-07-06 07:30:09,706 [Time-limited test] INFO  ha.SCMServiceManager (SCMServiceManager.java:register(42)) - Registering service BackgroundPipelineScrubber.
2023-07-06 07:30:09,706 [Time-limited test] INFO  ExpiredContainerReplicaOpScrubber (BackgroundSCMService.java:start(68)) - Starting ExpiredContainerReplicaOpScrubber Service.
2023-07-06 07:30:09,706 [Time-limited test] INFO  ha.SCMServiceManager (SCMServiceManager.java:register(42)) - Registering service ExpiredContainerReplicaOpScrubber.
2023-07-06 07:30:09,707 [Time-limited test] INFO  algorithms.PipelineChoosePolicyFactory (PipelineChoosePolicyFactory.java:createPipelineChoosePolicyFromClass(78)) - Create pipeline choose policy of type org.apache.hadoop.hdds.scm.pipeline.choose.algorithms.RandomPipelineChoosePolicy
2023-07-06 07:30:09,707 [Time-limited test] INFO  algorithms.PipelineChoosePolicyFactory (PipelineChoosePolicyFactory.java:createPipelineChoosePolicyFromClass(78)) - Create pipeline choose policy of type org.apache.hadoop.hdds.scm.pipeline.choose.algorithms.RandomPipelineChoosePolicy
2023-07-06 07:30:09,708 [Time-limited test] INFO  ha.SCMServiceManager (SCMServiceManager.java:register(42)) - Registering service SCMBlockDeletingService.
2023-07-06 07:30:09,709 [Time-limited test] INFO  replication.ReplicationManager (ReplicationManager.java:start(286)) - Starting Replication Monitor Thread.
2023-07-06 07:30:09,714 [Time-limited test] INFO  ha.SCMServiceManager (SCMServiceManager.java:register(42)) - Registering service ReplicationManager.
2023-07-06 07:30:09,714 [Time-limited test] INFO  safemode.ContainerSafeModeRule (ContainerSafeModeRule.java:<init>(89)) - containers with one replica threshold count 0
2023-07-06 07:30:09,715 [Time-limited test] INFO  safemode.HealthyPipelineSafeModeRule (HealthyPipelineSafeModeRule.java:initializeRule(169)) - Total pipeline count is 0, healthy pipeline threshold count is 1
2023-07-06 07:30:09,715 [Time-limited test] INFO  safemode.OneReplicaPipelineSafeModeRule (OneReplicaPipelineSafeModeRule.java:initializeRule(180)) - Total pipeline count is 0, pipeline's with at least one datanode reported threshold count is 0
2023-07-06 07:30:09,716 [Time-limited test] INFO  server.StorageContainerManager (StorageContainerManager.java:<init>(424)) - SCM start with adminUsers: [runner]
2023-07-06 07:30:09,716 [Time-limited test] INFO  ipc.CallQueueManager (CallQueueManager.java:<init>(90)) - Using callQueue: class java.util.concurrent.LinkedBlockingQueue, queueCapacity: 2000, scheduler: class org.apache.hadoop.ipc.DefaultRpcScheduler, ipcBackoff: false.
2023-07-06 07:30:09,716 [Time-limited test] INFO  ipc.Server (Server.java:<init>(1287)) - Listener at 0.0.0.0:15010
2023-07-06 07:30:09,717 [Socket Reader #1 for port 15010] INFO  ipc.Server (Server.java:run(1323)) - Starting Socket Reader #1 for port 15010
2023-07-06 07:30:09,719 [Time-limited test] INFO  ipc.CallQueueManager (CallQueueManager.java:<init>(90)) - Using callQueue: class java.util.concurrent.LinkedBlockingQueue, queueCapacity: 2000, scheduler: class org.apache.hadoop.ipc.DefaultRpcScheduler, ipcBackoff: false.
2023-07-06 07:30:09,719 [Time-limited test] INFO  ipc.Server (Server.java:<init>(1287)) - Listener at 0.0.0.0:15009
2023-07-06 07:30:09,720 [Socket Reader #1 for port 15009] INFO  ipc.Server (Server.java:run(1323)) - Starting Socket Reader #1 for port 15009
2023-07-06 07:30:09,724 [Time-limited test] INFO  ipc.CallQueueManager (CallQueueManager.java:<init>(90)) - Using callQueue: class java.util.concurrent.LinkedBlockingQueue, queueCapacity: 2000, scheduler: class org.apache.hadoop.ipc.DefaultRpcScheduler, ipcBackoff: false.
2023-07-06 07:30:09,724 [Time-limited test] INFO  ipc.Server (Server.java:<init>(1287)) - Listener at 0.0.0.0:15008
2023-07-06 07:30:09,725 [Socket Reader #1 for port 15008] INFO  ipc.Server (Server.java:run(1323)) - Starting Socket Reader #1 for port 15008
2023-07-06 07:30:09,730 [ReplicationMonitor] INFO  replication.ReplicationManager (ReplicationManager.java:processAll(361)) - Replication Manager is not ready to run until 3000ms after safemode exit
2023-07-06 07:30:09,736 [Time-limited test] INFO  ha.SCMServiceManager (SCMServiceManager.java:register(42)) - Registering service ContainerBalancer.
2023-07-06 07:30:09,736 [Time-limited test] INFO  server.StorageContainerManager (StorageContainerManager.java:<init>(437)) - 
Container Balancer status:
Key                            Value
Running                        false
Container Balancer Configuration values:
Key                                                Value
Threshold                                          10
Max Datanodes to Involve per Iteration(percent)    20
Max Size to Move per Iteration                     500GB
Max Size Entering Target per Iteration             26GB
Max Size Leaving Source per Iteration              26GB

2023-07-06 07:30:09,736 [Time-limited test] INFO  ha.SCMContext (SCMContext.java:updateSafeModeStatus(228)) - Update SafeModeStatus from SafeModeStatus{safeModeStatus=true, preCheckPassed=false} to SafeModeStatus{safeModeStatus=true, preCheckPassed=false}.
2023-07-06 07:30:09,736 [Time-limited test] INFO  server.StorageContainerManager (StorageContainerManager.java:start(1489)) - StorageContainerLocationProtocol RPC server is listening at /0.0.0.0:15008
2023-07-06 07:30:09,738 [Time-limited test] WARN  impl.MetricsConfig (MetricsConfig.java:loadFirst(136)) - Cannot locate configuration: tried hadoop-metrics2-storagecontainermanager.properties,hadoop-metrics2.properties
2023-07-06 07:30:09,739 [Time-limited test] INFO  impl.MetricsSystemImpl (MetricsSystemImpl.java:startTimer(378)) - Scheduled Metric snapshot period at 10 second(s).
2023-07-06 07:30:09,740 [Time-limited test] INFO  impl.MetricsSystemImpl (MetricsSystemImpl.java:start(191)) - StorageContainerManager metrics system started
2023-07-06 07:30:09,789 [Time-limited test] INFO  server.SCMClientProtocolServer (SCMClientProtocolServer.java:start(200)) - RPC server for Client  is listening at /0.0.0.0:15008
2023-07-06 07:30:09,789 [IPC Server Responder] INFO  ipc.Server (Server.java:run(1562)) - IPC Server Responder: starting
2023-07-06 07:30:09,790 [IPC Server listener on 15008] INFO  ipc.Server (Server.java:run(1402)) - IPC Server listener on 15008: starting
2023-07-06 07:30:09,799 [Time-limited test] INFO  server.StorageContainerManager (StorageContainerManager.java:start(1502)) - ScmBlockLocationProtocol RPC server is listening at /0.0.0.0:15009
2023-07-06 07:30:09,800 [Time-limited test] INFO  server.SCMBlockProtocolServer (SCMBlockProtocolServer.java:start(152)) - RPC server for Block Protocol is listening at /0.0.0.0:15009
2023-07-06 07:30:09,804 [IPC Server Responder] INFO  ipc.Server (Server.java:run(1562)) - IPC Server Responder: starting
2023-07-06 07:30:09,804 [IPC Server listener on 15009] INFO  ipc.Server (Server.java:run(1402)) - IPC Server listener on 15009: starting
2023-07-06 07:30:09,810 [Time-limited test] INFO  server.SCMDatanodeProtocolServer (SCMDatanodeProtocolServer.java:start(193)) - ScmDatanodeProtocol RPC server for DataNodes is listening at /0.0.0.0:15010
2023-07-06 07:30:09,811 [IPC Server Responder] INFO  ipc.Server (Server.java:run(1562)) - IPC Server Responder: starting
2023-07-06 07:30:09,812 [IPC Server listener on 15010] INFO  ipc.Server (Server.java:run(1402)) - IPC Server listener on 15010: starting
2023-07-06 07:30:09,817 [Time-limited test] INFO  http.BaseHttpServer (BaseHttpServer.java:newHttpServer2BuilderForOzone(224)) - Starting Web-server for scm at: http://0.0.0.0:15011
2023-07-06 07:30:09,818 [Time-limited test] INFO  http.BaseHttpServer (BaseHttpServer.java:<init>(111)) - Hadoop Security Enabled: false Ozone Security Enabled: false Ozone HTTP Security Enabled: false 
2023-07-06 07:30:09,820 [Time-limited test] WARN  server.AuthenticationFilter (AuthenticationFilter.java:constructSecretProvider(240)) - Unable to initialize FileSignerSecretProvider, falling back to use random secrets. Reason: Could not read signature secret file: /home/runner/hadoop-http-auth-signature-secret
2023-07-06 07:30:09,823 [JvmPauseMonitor1] INFO  util.JvmPauseMonitor (JvmPauseMonitor.java:run(103)) - JvmPauseMonitor-67eac437-b207-43bc-ad11-93c714cd6b9b: Started
2023-07-06 07:30:09,826 [Time-limited test] INFO  http.HttpRequestLog (HttpRequestLog.java:getRequestLog(86)) - Http request log for http.requests.scm is not defined
2023-07-06 07:30:09,830 [Time-limited test] INFO  http.HttpServer2 (HttpServer2.java:addGlobalFilter(1031)) - Added global filter 'safety' (class=org.apache.hadoop.hdds.server.http.HttpServer2$QuotingInputFilter)
2023-07-06 07:30:09,832 [Time-limited test] INFO  http.HttpServer2 (HttpServer2.java:addFilter(1007)) - Added filter static_user_filter (class=org.apache.hadoop.http.lib.StaticUserWebFilter$StaticUserFilter) to context scm
2023-07-06 07:30:09,832 [Time-limited test] INFO  http.HttpServer2 (HttpServer2.java:addFilter(1015)) - Added filter static_user_filter (class=org.apache.hadoop.http.lib.StaticUserWebFilter$StaticUserFilter) to context logs
2023-07-06 07:30:09,832 [Time-limited test] INFO  http.HttpServer2 (HttpServer2.java:addFilter(1015)) - Added filter static_user_filter (class=org.apache.hadoop.http.lib.StaticUserWebFilter$StaticUserFilter) to context static
2023-07-06 07:30:09,835 [Time-limited test] ERROR server.StorageContainerManager (StorageContainerManager.java:start(1536)) - SCM HttpServer failed to start.
java.lang.IllegalArgumentException: Unable to create path: /home/runner/work/ozone/ozone/hadoop-ozone/integration-test/target/test-dir/MiniOzoneClusterImpl-d3246d01-7d4d-4ce1-987a-7c72eb9f1c86/ozone-meta/webserver
	at org.apache.hadoop.hdds.HddsUtils.createDir(HddsUtils.java:643)
	at org.apache.hadoop.hdds.server.http.BaseHttpServer.<init>(BaseHttpServer.java:188)
	at org.apache.hadoop.hdds.scm.server.StorageContainerManagerHttpServer.<init>(StorageContainerManagerHttpServer.java:36)
	at org.apache.hadoop.hdds.scm.server.StorageContainerManager.start(StorageContainerManager.java:1532)
	at org.apache.hadoop.ozone.MiniOzoneClusterImpl$Builder.build(MiniOzoneClusterImpl.java:594)
	at org.apache.hadoop.fs.ozone.TestLeaseRecovery.init(TestLeaseRecovery.java:90)
	at sun.reflect.NativeMethodAccessorImpl.invoke0(Native Method)
	at sun.reflect.NativeMethodAccessorImpl.invoke(NativeMethodAccessorImpl.java:62)
	at sun.reflect.DelegatingMethodAccessorImpl.invoke(DelegatingMethodAccessorImpl.java:43)
	at java.lang.reflect.Method.invoke(Method.java:498)
	at org.junit.runners.model.FrameworkMethod$1.runReflectiveCall(FrameworkMethod.java:59)
	at org.junit.internal.runners.model.ReflectiveCallable.run(ReflectiveCallable.java:12)
	at org.junit.runners.model.FrameworkMethod.invokeExplosively(FrameworkMethod.java:56)
	at org.junit.internal.runners.statements.RunBefores.invokeMethod(RunBefores.java:33)
	at org.junit.internal.runners.statements.RunBefores.evaluate(RunBefores.java:24)
	at org.junit.internal.runners.statements.RunAfters.evaluate(RunAfters.java:27)
	at org.junit.internal.runners.statements.FailOnTimeout$CallableStatement.call(FailOnTimeout.java:288)
	at org.junit.internal.runners.statements.FailOnTimeout$CallableStatement.call(FailOnTimeout.java:282)
	at java.util.concurrent.FutureTask.run(FutureTask.java:266)
	at java.lang.Thread.run(Thread.java:750)
2023-07-06 07:30:09,837 [Time-limited test] WARN  server.ServerUtils (ServerUtils.java:getDBPath(311)) - ozone.om.db.dirs is not configured. We recommend adding this setting. Falling back to ozone.metadata.dirs instead.
2023-07-06 07:30:09,837 [Time-limited test] INFO  ozone.MiniOzoneClusterImpl (MiniOzoneClusterImpl.java:stopSCM(543)) - Stopping the StorageContainerManager
2023-07-06 07:30:09,837 [Time-limited test] INFO  server.StorageContainerManager (StorageContainerManager.java:stop(1590)) - Container Balancer is not running.
2023-07-06 07:30:09,838 [Time-limited test] INFO  server.StorageContainerManager (StorageContainerManager.java:stopReplicationManager(1723)) - Stopping Replication Manager Service.
2023-07-06 07:30:09,838 [Time-limited test] INFO  replication.ReplicationManager (ReplicationManager.java:stop(319)) - Stopping Replication Monitor Thread.
2023-07-06 07:30:09,838 [Under Replicated Processor] WARN  replication.UnhealthyReplicationProcessor (UnhealthyReplicationProcessor.java:run(180)) - Under Replicated Processor interrupted. Exiting...
2023-07-06 07:30:09,838 [Time-limited test] INFO  server.StorageContainerManager (StorageContainerManager.java:stop(1599)) - Stopping the Datanode Admin Monitor.
2023-07-06 07:30:09,838 [ReplicationMonitor] INFO  replication.ReplicationManager (ReplicationManager.java:run(917)) - Replication Monitor Thread is stopped
2023-07-06 07:30:09,838 [Time-limited test] INFO  server.StorageContainerManager (StorageContainerManager.java:stop(1606)) - Stopping datanode service RPC server
2023-07-06 07:30:09,839 [Time-limited test] INFO  server.SCMDatanodeProtocolServer (SCMDatanodeProtocolServer.java:stop(424)) - Stopping the RPC server for DataNodes
2023-07-06 07:30:09,838 [Over Replicated Processor] WARN  replication.UnhealthyReplicationProcessor (UnhealthyReplicationProcessor.java:run(180)) - Over Replicated Processor interrupted. Exiting...
2023-07-06 07:30:09,839 [Time-limited test] INFO  ipc.Server (Server.java:stop(3523)) - Stopping server on 15010
2023-07-06 07:30:09,842 [IPC Server listener on 15010] INFO  ipc.Server (Server.java:run(1434)) - Stopping IPC Server listener on 15010
2023-07-06 07:30:09,844 [IPC Server Responder] INFO  ipc.Server (Server.java:run(1567)) - Stopping IPC Server Responder
2023-07-06 07:30:09,898 [SCM Heartbeat Processing Thread - 0] WARN  node.NodeStateManager (NodeStateManager.java:scheduleNextHealthCheck(874)) - Current Thread is interrupted, shutting down HB processing thread for Node Manager.
2023-07-06 07:30:09,899 [Time-limited test] INFO  server.StorageContainerManager (StorageContainerManager.java:stop(1614)) - Stopping block service RPC server
2023-07-06 07:30:09,899 [Time-limited test] INFO  server.SCMBlockProtocolServer (SCMBlockProtocolServer.java:stop(161)) - Stopping the RPC server for Block Protocol
2023-07-06 07:30:09,899 [Time-limited test] INFO  ipc.Server (Server.java:stop(3523)) - Stopping server on 15009
2023-07-06 07:30:09,902 [IPC Server listener on 15009] INFO  ipc.Server (Server.java:run(1434)) - Stopping IPC Server listener on 15009
2023-07-06 07:30:09,902 [IPC Server Responder] INFO  ipc.Server (Server.java:run(1567)) - Stopping IPC Server Responder
2023-07-06 07:30:09,902 [Time-limited test] INFO  server.StorageContainerManager (StorageContainerManager.java:stop(1621)) - Stopping the StorageContainerLocationProtocol RPC server
2023-07-06 07:30:09,903 [Time-limited test] INFO  server.SCMClientProtocolServer (SCMClientProtocolServer.java:stop(209)) - Stopping the RPC server for Client Protocol
2023-07-06 07:30:09,903 [Time-limited test] INFO  ipc.Server (Server.java:stop(3523)) - Stopping server on 15008
2023-07-06 07:30:09,904 [IPC Server listener on 15008] INFO  ipc.Server (Server.java:run(1434)) - Stopping IPC Server listener on 15008
2023-07-06 07:30:09,906 [IPC Server Responder] INFO  ipc.Server (Server.java:run(1567)) - Stopping IPC Server Responder
2023-07-06 07:30:09,906 [Time-limited test] INFO  server.StorageContainerManager (StorageContainerManager.java:stop(1628)) - Stopping Storage Container Manager HTTP server.
2023-07-06 07:30:09,906 [Time-limited test] INFO  server.StorageContainerManager (StorageContainerManager.java:stop(1636)) - Stopping SCM LayoutVersionManager Service.
2023-07-06 07:30:09,906 [Time-limited test] INFO  server.StorageContainerManager (StorageContainerManager.java:stop(1648)) - Stopping Block Manager Service.
2023-07-06 07:30:09,906 [Time-limited test] INFO  utils.BackgroundService (BackgroundService.java:shutdown(141)) - Shutting down service SCMBlockDeletingService
2023-07-06 07:30:09,907 [Time-limited test] INFO  utils.BackgroundService (BackgroundService.java:shutdown(141)) - Shutting down service SCMBlockDeletingService
2023-07-06 07:30:09,908 [Time-limited test] INFO  server.StorageContainerManager (StorageContainerManager.java:stop(1668)) - Stopping SCM Event Queue.
2023-07-06 07:30:09,908 [JvmPauseMonitor1] INFO  util.JvmPauseMonitor (JvmPauseMonitor.java:run(109)) - JvmPauseMonitor-67eac437-b207-43bc-ad11-93c714cd6b9b: Stopped
2023-07-06 07:30:09,909 [Time-limited test] INFO  server.StorageContainerManager (StorageContainerManager.java:stop(1679)) - Stopping SCM HA services.
2023-07-06 07:30:09,909 [Time-limited test] INFO  pipeline.BackgroundPipelineCreator (BackgroundPipelineCreator.java:stop(149)) - Stopping RatisPipelineUtilsThread.
2023-07-06 07:30:09,910 [RatisPipelineUtilsThread - 0] WARN  pipeline.BackgroundPipelineCreator (BackgroundPipelineCreator.java:run(180)) - RatisPipelineUtilsThread is interrupted.
2023-07-06 07:30:09,910 [Time-limited test] INFO  BackgroundPipelineScrubber (BackgroundSCMService.java:stop(131)) - Stopping BackgroundPipelineScrubber Service.
2023-07-06 07:30:09,910 [BackgroundPipelineScrubberThread] WARN  BackgroundPipelineScrubber (BackgroundSCMService.java:run(115)) - BackgroundPipelineScrubber is interrupted, exit
2023-07-06 07:30:09,910 [Time-limited test] INFO  impl.MetricsSystemImpl (MetricsSystemImpl.java:stop(210)) - Stopping StorageContainerManager metrics system...
2023-07-06 07:30:09,913 [Time-limited test] INFO  impl.MetricsSystemImpl (MetricsSystemImpl.java:stop(216)) - StorageContainerManager metrics system stopped.
2023-07-06 07:30:09,913 [Time-limited test] WARN  pipeline.BackgroundPipelineCreator (BackgroundPipelineCreator.java:stop(145)) - RatisPipelineUtilsThread is not running, just ignore.
2023-07-06 07:30:09,913 [Time-limited test] INFO  BackgroundPipelineScrubber (BackgroundSCMService.java:stop(126)) - BackgroundPipelineScrubber Service is not running, skip stop.
2023-07-06 07:30:09,913 [Time-limited test] INFO  ExpiredContainerReplicaOpScrubber (BackgroundSCMService.java:stop(131)) - Stopping ExpiredContainerReplicaOpScrubber Service.
2023-07-06 07:30:09,914 [ExpiredContainerReplicaOpScrubberThread] WARN  ExpiredContainerReplicaOpScrubber (BackgroundSCMService.java:run(115)) - ExpiredContainerReplicaOpScrubber is interrupted, exit
2023-07-06 07:30:09,914 [Time-limited test] INFO  utils.BackgroundService (BackgroundService.java:shutdown(141)) - Shutting down service SCMBlockDeletingService
2023-07-06 07:30:09,914 [Time-limited test] INFO  replication.ReplicationManager (ReplicationManager.java:stop(329)) - Replication Monitor Thread is not running.
2023-07-06 07:30:09,914 [Time-limited test] WARN  balancer.ContainerBalancer (ContainerBalancer.java:stop(326)) - Cannot stop Container Balancer because it's not running or stopping
2023-07-06 07:30:09,918 [Time-limited test] INFO  server.StorageContainerManager (StorageContainerManager.java:stop(1714)) - Stopping SCM MetadataStore.
2023-07-06 07:30:09,918 [Lease Manager-LeaseManager#LeaseMonitor] WARN  lease.LeaseManager (LeaseManager.java:run(272)) - Lease manager is interrupted. Shutting down...
java.lang.InterruptedException
	at java.util.concurrent.locks.AbstractQueuedSynchronizer.doAcquireSharedNanos(AbstractQueuedSynchronizer.java:1039)
	at java.util.concurrent.locks.AbstractQueuedSynchronizer.tryAcquireSharedNanos(AbstractQueuedSynchronizer.java:1328)
	at java.util.concurrent.Semaphore.tryAcquire(Semaphore.java:409)
	at org.apache.hadoop.ozone.lease.LeaseManager$LeaseMonitor.run(LeaseManager.java:270)
	at java.lang.Thread.run(Thread.java:750)
]]></system-out>
  </testcase>
</testsuite>