<?xml version="1.0" encoding="UTF-8"?>
<testsuite xmlns:xsi="http://www.w3.org/2001/XMLSchema-instance" xsi:noNamespaceSchemaLocation="https://maven.apache.org/surefire/maven-surefire-plugin/xsd/surefire-test-report.xsd" name="org.apache.hadoop.ozone.om.TestOzoneManagerHAMetadataOnly" time="197.366" tests="10" errors="0" skipped="2" failures="1">
  <properties>
    <property name="awt.toolkit" value="sun.awt.X11.XToolkit"/>
    <property name="file.encoding.pkg" value="sun.io"/>
    <property name="java.specification.version" value="1.8"/>
    <property name="sun.cpu.isalist" value=""/>
    <property name="sun.jnu.encoding" value="ANSI_X3.4-1968"/>
    <property name="java.class.path" value="/github/workspace/mnt/ozone/hadoop-ozone/integration-test/target/test-classes:/github/workspace/mnt/ozone/hadoop-ozone/integration-test/target/classes:/home/user/.m2/repository/org/apache/hadoop/hadoop-ozone-common/1.1.0-SNAPSHOT/hadoop-ozone-common-1.1.0-SNAPSHOT.jar:/home/user/.m2/repository/org/apache/commons/commons-compress/1.4.1/commons-compress-1.4.1.jar:/home/user/.m2/repository/org/tukaani/xz/1.0/xz-1.0.jar:/home/user/.m2/repository/org/apache/hadoop/hadoop-hdds-common/1.1.0-SNAPSHOT/hadoop-hdds-common-1.1.0-SNAPSHOT.jar:/home/user/.m2/repository/org/apache/hadoop/hadoop-hdds-hadoop-dependency-client/1.1.0-SNAPSHOT/hadoop-hdds-hadoop-dependency-client-1.1.0-SNAPSHOT.jar:/home/user/.m2/repository/info/picocli/picocli/4.4.0/picocli-4.4.0.jar:/home/user/.m2/repository/com/fasterxml/jackson/core/jackson-annotations/2.10.3/jackson-annotations-2.10.3.jar:/home/user/.m2/repository/javax/annotation/javax.annotation-api/1.2/javax.annotation-api-1.2.jar:/home/user/.m2/repository/org/apache/ratis/ratis-server/1.1.0-11689cd-SNAPSHOT/ratis-server-1.1.0-11689cd-SNAPSHOT.jar:/home/user/.m2/repository/org/apache/ratis/ratis-client/1.1.0-11689cd-SNAPSHOT/ratis-client-1.1.0-11689cd-SNAPSHOT.jar:/home/user/.m2/repository/org/apache/ratis/ratis-metrics/1.1.0-11689cd-SNAPSHOT/ratis-metrics-1.1.0-11689cd-SNAPSHOT.jar:/home/user/.m2/repository/org/apache/ratis/ratis-netty/1.1.0-11689cd-SNAPSHOT/ratis-netty-1.1.0-11689cd-SNAPSHOT.jar:/home/user/.m2/repository/org/apache/ratis/ratis-grpc/1.1.0-11689cd-SNAPSHOT/ratis-grpc-1.1.0-11689cd-SNAPSHOT.jar:/home/user/.m2/repository/org/apache/logging/log4j/log4j-api/2.13.3/log4j-api-2.13.3.jar:/home/user/.m2/repository/org/apache/logging/log4j/log4j-core/2.13.3/log4j-core-2.13.3.jar:/home/user/.m2/repository/com/lmax/disruptor/3.4.2/disruptor-3.4.2.jar:/home/user/.m2/repository/org/apache/commons/commons-pool2/2.6.0/commons-pool2-2.6.0.jar:/home/user/.m2/repository/org/bouncycastle/bcpkix-jdk15on/1.60/bcpkix-jdk15on-1.60.jar:/home/user/.m2/repository/commons-validator/commons-validator/1.6/commons-validator-1.6.jar:/home/user/.m2/repository/commons-digester/commons-digester/1.8.1/commons-digester-1.8.1.jar:/home/user/.m2/repository/io/jaegertracing/jaeger-client/1.2.0/jaeger-client-1.2.0.jar:/home/user/.m2/repository/io/jaegertracing/jaeger-thrift/1.2.0/jaeger-thrift-1.2.0.jar:/home/user/.m2/repository/org/apache/thrift/libthrift/0.13.0/libthrift-0.13.0.jar:/home/user/.m2/repository/com/squareup/okhttp3/okhttp/4.2.2/okhttp-4.2.2.jar:/home/user/.m2/repository/com/squareup/okio/okio/2.2.2/okio-2.2.2.jar:/home/user/.m2/repository/org/jetbrains/kotlin/kotlin-stdlib/1.3.50/kotlin-stdlib-1.3.50.jar:/home/user/.m2/repository/org/jetbrains/kotlin/kotlin-stdlib-common/1.3.50/kotlin-stdlib-common-1.3.50.jar:/home/user/.m2/repository/org/jetbrains/annotations/13.0/annotations-13.0.jar:/home/user/.m2/repository/io/jaegertracing/jaeger-core/1.2.0/jaeger-core-1.2.0.jar:/home/user/.m2/repository/io/jaegertracing/jaeger-tracerresolver/1.2.0/jaeger-tracerresolver-1.2.0.jar:/home/user/.m2/repository/io/opentracing/contrib/opentracing-tracerresolver/0.1.8/opentracing-tracerresolver-0.1.8.jar:/home/user/.m2/repository/io/opentracing/opentracing-util/0.33.0/opentracing-util-0.33.0.jar:/home/user/.m2/repository/io/opentracing/opentracing-api/0.33.0/opentracing-api-0.33.0.jar:/home/user/.m2/repository/io/opentracing/opentracing-noop/0.33.0/opentracing-noop-0.33.0.jar:/home/user/.m2/repository/org/apache/hadoop/hadoop-hdds-client/1.1.0-SNAPSHOT/hadoop-hdds-client-1.1.0-SNAPSHOT.jar:/home/user/.m2/repository/org/apache/hadoop/hadoop-ozone-interface-client/1.1.0-SNAPSHOT/hadoop-ozone-interface-client-1.1.0-SNAPSHOT.jar:/home/user/.m2/repository/org/apache/hadoop/hadoop-hdds-test-utils/1.1.0-SNAPSHOT/hadoop-hdds-test-utils-1.1.0-SNAPSHOT.jar:/home/user/.m2/repository/com/google/guava/guava/28.2-jre/guava-28.2-jre.jar:/home/user/.m2/repository/com/google/guava/failureaccess/1.0.1/failureaccess-1.0.1.jar:/home/user/.m2/repository/com/google/guava/listenablefuture/9999.0-empty-to-avoid-conflict-with-guava/listenablefuture-9999.0-empty-to-avoid-conflict-with-guava.jar:/home/user/.m2/repository/com/google/code/findbugs/jsr305/3.0.0/jsr305-3.0.0.jar:/home/user/.m2/repository/org/checkerframework/checker-qual/2.10.0/checker-qual-2.10.0.jar:/home/user/.m2/repository/com/google/errorprone/error_prone_annotations/2.2.0/error_prone_annotations-2.2.0.jar:/home/user/.m2/repository/com/google/j2objc/j2objc-annotations/1.3/j2objc-annotations-1.3.jar:/home/user/.m2/repository/commons-io/commons-io/2.5/commons-io-2.5.jar:/home/user/.m2/repository/commons-logging/commons-logging/1.2/commons-logging-1.2.jar:/home/user/.m2/repository/log4j/log4j/1.2.17/log4j-1.2.17.jar:/home/user/.m2/repository/org/slf4j/slf4j-api/1.7.25/slf4j-api-1.7.25.jar:/home/user/.m2/repository/org/apache/hadoop/hadoop-hdds-server-scm/1.1.0-SNAPSHOT/hadoop-hdds-server-scm-1.1.0-SNAPSHOT.jar:/home/user/.m2/repository/org/apache/hadoop/hadoop-hdds-container-service/1.1.0-SNAPSHOT/hadoop-hdds-container-service-1.1.0-SNAPSHOT.jar:/home/user/.m2/repository/org/apache/hadoop/hadoop-hdds-hadoop-dependency-server/1.1.0-SNAPSHOT/hadoop-hdds-hadoop-dependency-server-1.1.0-SNAPSHOT.jar:/home/user/.m2/repository/org/apache/hadoop/hadoop-hdds-server-framework/1.1.0-SNAPSHOT/hadoop-hdds-server-framework-1.1.0-SNAPSHOT.jar:/home/user/.m2/repository/org/apache/hadoop/hadoop-hdds-interface-server/1.1.0-SNAPSHOT/hadoop-hdds-interface-server-1.1.0-SNAPSHOT.jar:/home/user/.m2/repository/org/apache/hadoop/hadoop-hdds-interface-admin/1.1.0-SNAPSHOT/hadoop-hdds-interface-admin-1.1.0-SNAPSHOT.jar:/home/user/.m2/repository/org/rocksdb/rocksdbjni/6.8.1/rocksdbjni-6.8.1.jar:/home/user/.m2/repository/io/prometheus/simpleclient_dropwizard/0.7.0/simpleclient_dropwizard-0.7.0.jar:/home/user/.m2/repository/io/prometheus/simpleclient/0.7.0/simpleclient-0.7.0.jar:/home/user/.m2/repository/io/prometheus/simpleclient_common/0.7.0/simpleclient_common-0.7.0.jar:/home/user/.m2/repository/com/fasterxml/jackson/datatype/jackson-datatype-jsr310/2.10.3/jackson-datatype-jsr310-2.10.3.jar:/home/user/.m2/repository/io/dropwizard/metrics/metrics-core/3.2.4/metrics-core-3.2.4.jar:/home/user/.m2/repository/org/apache/hadoop/hadoop-hdfs-client/3.2.1/hadoop-hdfs-client-3.2.1.jar:/home/user/.m2/repository/org/bouncycastle/bcprov-jdk15on/1.60/bcprov-jdk15on-1.60.jar:/home/user/.m2/repository/org/apache/hadoop/hadoop-ozone-ozone-manager/1.1.0-SNAPSHOT/hadoop-ozone-ozone-manager-1.1.0-SNAPSHOT.jar:/home/user/.m2/repository/org/apache/hadoop/hadoop-hdds-interface-client/1.1.0-SNAPSHOT/hadoop-hdds-interface-client-1.1.0-SNAPSHOT.jar:/home/user/.m2/repository/org/apache/ratis/ratis-thirdparty-misc/0.6.0-SNAPSHOT/ratis-thirdparty-misc-0.6.0-SNAPSHOT.jar:/home/user/.m2/repository/org/apache/hadoop/hadoop-ozone-interface-storage/1.1.0-SNAPSHOT/hadoop-ozone-interface-storage-1.1.0-SNAPSHOT.jar:/home/user/.m2/repository/org/apache/hadoop/hadoop-minikdc/3.2.1/hadoop-minikdc-3.2.1.jar:/home/user/.m2/repository/org/apache/kerby/kerb-simplekdc/1.0.1/kerb-simplekdc-1.0.1.jar:/home/user/.m2/repository/org/apache/kerby/kerb-client/1.0.1/kerb-client-1.0.1.jar:/home/user/.m2/repository/org/apache/kerby/kerby-config/1.0.1/kerby-config-1.0.1.jar:/home/user/.m2/repository/org/apache/kerby/kerb-core/1.0.1/kerb-core-1.0.1.jar:/home/user/.m2/repository/org/apache/kerby/kerby-pkix/1.0.1/kerby-pkix-1.0.1.jar:/home/user/.m2/repository/org/apache/kerby/kerby-asn1/1.0.1/kerby-asn1-1.0.1.jar:/home/user/.m2/repository/org/apache/kerby/kerby-util/1.0.1/kerby-util-1.0.1.jar:/home/user/.m2/repository/org/apache/kerby/kerb-common/1.0.1/kerb-common-1.0.1.jar:/home/user/.m2/repository/org/apache/kerby/kerb-crypto/1.0.1/kerb-crypto-1.0.1.jar:/home/user/.m2/repository/org/apache/kerby/kerb-util/1.0.1/kerb-util-1.0.1.jar:/home/user/.m2/repository/org/apache/kerby/token-provider/1.0.1/token-provider-1.0.1.jar:/home/user/.m2/repository/org/apache/kerby/kerb-admin/1.0.1/kerb-admin-1.0.1.jar:/home/user/.m2/repository/org/apache/kerby/kerb-server/1.0.1/kerb-server-1.0.1.jar:/home/user/.m2/repository/org/apache/kerby/kerb-identity/1.0.1/kerb-identity-1.0.1.jar:/home/user/.m2/repository/org/apache/kerby/kerby-xdr/1.0.1/kerby-xdr-1.0.1.jar:/home/user/.m2/repository/org/slf4j/slf4j-log4j12/1.7.25/slf4j-log4j12-1.7.25.jar:/home/user/.m2/repository/org/apache/hadoop/hadoop-ozone-s3gateway/1.1.0-SNAPSHOT/hadoop-ozone-s3gateway-1.1.0-SNAPSHOT.jar:/home/user/.m2/repository/org/jboss/weld/servlet/weld-servlet/2.4.7.Final/weld-servlet-2.4.7.Final.jar:/home/user/.m2/repository/org/glassfish/jersey/containers/jersey-container-servlet-core/2.27/jersey-container-servlet-core-2.27.jar:/home/user/.m2/repository/org/glassfish/hk2/external/javax.inject/2.5.0-b42/javax.inject-2.5.0-b42.jar:/home/user/.m2/repository/org/glassfish/jersey/core/jersey-common/2.27/jersey-common-2.27.jar:/home/user/.m2/repository/org/glassfish/hk2/osgi-resource-locator/1.0.1/osgi-resource-locator-1.0.1.jar:/home/user/.m2/repository/javax/ws/rs/javax.ws.rs-api/2.1/javax.ws.rs-api-2.1.jar:/home/user/.m2/repository/org/glassfish/jersey/ext/cdi/jersey-cdi1x/2.27/jersey-cdi1x-2.27.jar:/home/user/.m2/repository/org/glassfish/jersey/inject/jersey-hk2/2.27/jersey-hk2-2.27.jar:/home/user/.m2/repository/org/glassfish/hk2/hk2-locator/2.5.0-b42/hk2-locator-2.5.0-b42.jar:/home/user/.m2/repository/org/javassist/javassist/3.22.0-CR2/javassist-3.22.0-CR2.jar:/home/user/.m2/repository/org/glassfish/hk2/hk2-api/2.5.0/hk2-api-2.5.0.jar:/home/user/.m2/repository/org/glassfish/hk2/external/jakarta.inject/2.5.0/jakarta.inject-2.5.0.jar:/home/user/.m2/repository/org/glassfish/hk2/hk2-utils/2.5.0/hk2-utils-2.5.0.jar:/home/user/.m2/repository/jakarta/annotation/jakarta.annotation-api/1.3.4/jakarta.annotation-api-1.3.4.jar:/home/user/.m2/repository/org/glassfish/hk2/external/aopalliance-repackaged/2.5.0/aopalliance-repackaged-2.5.0.jar:/home/user/.m2/repository/com/fasterxml/jackson/dataformat/jackson-dataformat-xml/2.10.3/jackson-dataformat-xml-2.10.3.jar:/home/user/.m2/repository/com/fasterxml/jackson/core/jackson-core/2.10.3/jackson-core-2.10.3.jar:/home/user/.m2/repository/com/fasterxml/jackson/module/jackson-module-jaxb-annotations/2.10.3/jackson-module-jaxb-annotations-2.10.3.jar:/home/user/.m2/repository/jakarta/xml/bind/jakarta.xml.bind-api/2.3.2/jakarta.xml.bind-api-2.3.2.jar:/home/user/.m2/repository/jakarta/activation/jakarta.activation-api/1.2.1/jakarta.activation-api-1.2.1.jar:/home/user/.m2/repository/org/codehaus/woodstox/stax2-api/3.1.4/stax2-api-3.1.4.jar:/home/user/.m2/repository/com/fasterxml/woodstox/woodstox-core/5.0.3/woodstox-core-5.0.3.jar:/home/user/.m2/repository/javax/enterprise/cdi-api/1.2/cdi-api-1.2.jar:/home/user/.m2/repository/javax/el/javax.el-api/3.0.0/javax.el-api-3.0.0.jar:/home/user/.m2/repository/javax/interceptor/javax.interceptor-api/1.2/javax.interceptor-api-1.2.jar:/home/user/.m2/repository/javax/inject/javax.inject/1/javax.inject-1.jar:/home/user/.m2/repository/com/sun/xml/bind/jaxb-impl/2.3.0.1/jaxb-impl-2.3.0.1.jar:/home/user/.m2/repository/com/sun/xml/bind/jaxb-core/2.3.0.1/jaxb-core-2.3.0.1.jar:/home/user/.m2/repository/javax/xml/bind/jaxb-api/2.3.0/jaxb-api-2.3.0.jar:/home/user/.m2/repository/javax/activation/activation/1.1.1/activation-1.1.1.jar:/home/user/.m2/repository/org/apache/hadoop/hadoop-ozone-csi/1.1.0-SNAPSHOT/hadoop-ozone-csi-1.1.0-SNAPSHOT.jar:/home/user/.m2/repository/com/google/protobuf/protobuf-java-util/3.11.0/protobuf-java-util-3.11.0.jar:/home/user/.m2/repository/com/google/code/gson/gson/2.2.4/gson-2.2.4.jar:/home/user/.m2/repository/org/apache/hadoop/hadoop-hdds-config/1.1.0-SNAPSHOT/hadoop-hdds-config-1.1.0-SNAPSHOT.jar:/home/user/.m2/repository/com/google/protobuf/protobuf-java/2.5.0/protobuf-java-2.5.0.jar:/home/user/.m2/repository/io/grpc/grpc-netty/1.29.0/grpc-netty-1.29.0.jar:/home/user/.m2/repository/io/grpc/grpc-core/1.29.0/grpc-core-1.29.0.jar:/home/user/.m2/repository/com/google/android/annotations/4.1.1.4/annotations-4.1.1.4.jar:/home/user/.m2/repository/io/perfmark/perfmark-api/0.19.0/perfmark-api-0.19.0.jar:/home/user/.m2/repository/io/netty/netty-codec-http2/4.1.48.Final/netty-codec-http2-4.1.48.Final.jar:/home/user/.m2/repository/io/netty/netty-codec/4.1.48.Final/netty-codec-4.1.48.Final.jar:/home/user/.m2/repository/io/netty/netty-handler/4.1.48.Final/netty-handler-4.1.48.Final.jar:/home/user/.m2/repository/io/netty/netty-codec-http/4.1.48.Final/netty-codec-http-4.1.48.Final.jar:/home/user/.m2/repository/io/netty/netty-handler-proxy/4.1.48.Final/netty-handler-proxy-4.1.48.Final.jar:/home/user/.m2/repository/io/netty/netty-codec-socks/4.1.48.Final/netty-codec-socks-4.1.48.Final.jar:/home/user/.m2/repository/io/netty/netty-transport-native-epoll/4.1.48.Final/netty-transport-native-epoll-4.1.48.Final.jar:/home/user/.m2/repository/io/netty/netty-common/4.1.48.Final/netty-common-4.1.48.Final.jar:/home/user/.m2/repository/io/netty/netty-buffer/4.1.48.Final/netty-buffer-4.1.48.Final.jar:/home/user/.m2/repository/io/netty/netty-transport/4.1.48.Final/netty-transport-4.1.48.Final.jar:/home/user/.m2/repository/io/netty/netty-resolver/4.1.48.Final/netty-resolver-4.1.48.Final.jar:/home/user/.m2/repository/io/netty/netty-transport-native-unix-common/4.1.48.Final/netty-transport-native-unix-common-4.1.48.Final.jar:/home/user/.m2/repository/io/grpc/grpc-protobuf/1.29.0/grpc-protobuf-1.29.0.jar:/home/user/.m2/repository/io/grpc/grpc-api/1.29.0/grpc-api-1.29.0.jar:/home/user/.m2/repository/io/grpc/grpc-context/1.29.0/grpc-context-1.29.0.jar:/home/user/.m2/repository/org/codehaus/mojo/animal-sniffer-annotations/1.18/animal-sniffer-annotations-1.18.jar:/home/user/.m2/repository/com/google/api/grpc/proto-google-common-protos/1.17.0/proto-google-common-protos-1.17.0.jar:/home/user/.m2/repository/io/grpc/grpc-protobuf-lite/1.29.0/grpc-protobuf-lite-1.29.0.jar:/home/user/.m2/repository/io/grpc/grpc-stub/1.29.0/grpc-stub-1.29.0.jar:/home/user/.m2/repository/org/apache/hadoop/hadoop-ozone-recon/1.1.0-SNAPSHOT/hadoop-ozone-recon-1.1.0-SNAPSHOT.jar:/home/user/.m2/repository/org/apache/hadoop/hadoop-ozone-reconcodegen/1.1.0-SNAPSHOT/hadoop-ozone-reconcodegen-1.1.0-SNAPSHOT.jar:/home/user/.m2/repository/com/google/inject/extensions/guice-multibindings/4.0/guice-multibindings-4.0.jar:/home/user/.m2/repository/com/google/inject/guice/4.0/guice-4.0.jar:/home/user/.m2/repository/aopalliance/aopalliance/1.0/aopalliance-1.0.jar:/home/user/.m2/repository/com/google/inject/extensions/guice-assistedinject/4.0/guice-assistedinject-4.0.jar:/home/user/.m2/repository/com/google/inject/extensions/guice-servlet/4.0/guice-servlet-4.0.jar:/home/user/.m2/repository/org/glassfish/jersey/containers/jersey-container-servlet/2.27/jersey-container-servlet-2.27.jar:/home/user/.m2/repository/org/glassfish/hk2/guice-bridge/2.5.0/guice-bridge-2.5.0.jar:/home/user/.m2/repository/org/glassfish/jersey/core/jersey-server/2.27/jersey-server-2.27.jar:/home/user/.m2/repository/org/glassfish/jersey/core/jersey-client/2.27/jersey-client-2.27.jar:/home/user/.m2/repository/org/glassfish/jersey/media/jersey-media-jaxb/2.27/jersey-media-jaxb-2.27.jar:/home/user/.m2/repository/javax/validation/validation-api/1.1.0.Final/validation-api-1.1.0.Final.jar:/home/user/.m2/repository/org/glassfish/jersey/media/jersey-media-json-jackson/2.27/jersey-media-json-jackson-2.27.jar:/home/user/.m2/repository/org/glassfish/jersey/ext/jersey-entity-filtering/2.27/jersey-entity-filtering-2.27.jar:/home/user/.m2/repository/org/jooq/jooq/3.11.10/jooq-3.11.10.jar:/home/user/.m2/repository/org/jooq/jooq-meta/3.11.10/jooq-meta-3.11.10.jar:/home/user/.m2/repository/org/jooq/jooq-codegen/3.11.10/jooq-codegen-3.11.10.jar:/home/user/.m2/repository/com/jolbox/bonecp/0.8.0.RELEASE/bonecp-0.8.0.RELEASE.jar:/home/user/.m2/repository/org/apache/derby/derby/10.14.2.0/derby-10.14.2.0.jar:/home/user/.m2/repository/org/xerial/sqlite-jdbc/3.25.2/sqlite-jdbc-3.25.2.jar:/home/user/.m2/repository/org/springframework/spring-jdbc/5.2.5.RELEASE/spring-jdbc-5.2.5.RELEASE.jar:/home/user/.m2/repository/org/springframework/spring-beans/5.2.5.RELEASE/spring-beans-5.2.5.RELEASE.jar:/home/user/.m2/repository/org/springframework/spring-core/5.2.5.RELEASE/spring-core-5.2.5.RELEASE.jar:/home/user/.m2/repository/org/springframework/spring-jcl/5.2.5.RELEASE/spring-jcl-5.2.5.RELEASE.jar:/home/user/.m2/repository/org/springframework/spring-tx/5.2.5.RELEASE/spring-tx-5.2.5.RELEASE.jar:/home/user/.m2/repository/org/apache/hadoop/hadoop-ozone-client/1.1.0-SNAPSHOT/hadoop-ozone-client-1.1.0-SNAPSHOT.jar:/home/user/.m2/repository/org/apache/hadoop/hadoop-ozone-filesystem/1.1.0-SNAPSHOT/hadoop-ozone-filesystem-1.1.0-SNAPSHOT.jar:/home/user/.m2/repository/org/apache/hadoop/hadoop-ozone-filesystem-common/1.1.0-SNAPSHOT/hadoop-ozone-filesystem-common-1.1.0-SNAPSHOT.jar:/home/user/.m2/repository/org/apache/hadoop/hadoop-ozone-tools/1.1.0-SNAPSHOT/hadoop-ozone-tools-1.1.0-SNAPSHOT.jar:/home/user/.m2/repository/org/apache/hadoop/hadoop-hdfs/3.2.1/hadoop-hdfs-3.2.1.jar:/home/user/.m2/repository/org/apache/ratis/ratis-tools/1.1.0-11689cd-SNAPSHOT/ratis-tools-1.1.0-11689cd-SNAPSHOT.jar:/home/user/.m2/repository/org/apache/ratis/ratis-proto/1.1.0-11689cd-SNAPSHOT/ratis-proto-1.1.0-11689cd-SNAPSHOT.jar:/home/user/.m2/repository/org/apache/ratis/ratis-common/1.1.0-11689cd-SNAPSHOT/ratis-common-1.1.0-11689cd-SNAPSHOT.jar:/home/user/.m2/repository/com/amazonaws/aws-java-sdk-core/1.11.615/aws-java-sdk-core-1.11.615.jar:/home/user/.m2/repository/org/apache/httpcomponents/httpclient/4.5.2/httpclient-4.5.2.jar:/home/user/.m2/repository/org/apache/httpcomponents/httpcore/4.4.4/httpcore-4.4.4.jar:/home/user/.m2/repository/software/amazon/ion/ion-java/1.0.2/ion-java-1.0.2.jar:/home/user/.m2/repository/com/fasterxml/jackson/dataformat/jackson-dataformat-cbor/2.10.3/jackson-dataformat-cbor-2.10.3.jar:/home/user/.m2/repository/joda-time/joda-time/2.8.1/joda-time-2.8.1.jar:/home/user/.m2/repository/com/amazonaws/aws-java-sdk-s3/1.11.615/aws-java-sdk-s3-1.11.615.jar:/home/user/.m2/repository/com/amazonaws/aws-java-sdk-kms/1.11.615/aws-java-sdk-kms-1.11.615.jar:/home/user/.m2/repository/com/amazonaws/jmespath-java/1.11.615/jmespath-java-1.11.615.jar:/home/user/.m2/repository/org/kohsuke/metainf-services/metainf-services/1.8/metainf-services-1.8.jar:/home/user/.m2/repository/org/apache/hadoop/hadoop-hdds-tools/1.1.0-SNAPSHOT/hadoop-hdds-tools-1.1.0-SNAPSHOT.jar:/home/user/.m2/repository/commons-cli/commons-cli/1.2/commons-cli-1.2.jar:/home/user/.m2/repository/org/apache/commons/commons-lang3/3.7/commons-lang3-3.7.jar:/home/user/.m2/repository/org/apache/hadoop/hadoop-ozone-ozone-manager/1.1.0-SNAPSHOT/hadoop-ozone-ozone-manager-1.1.0-SNAPSHOT-tests.jar:/home/user/.m2/repository/junit/junit/4.11/junit-4.11.jar:/home/user/.m2/repository/org/hamcrest/hamcrest-core/1.3/hamcrest-core-1.3.jar:/home/user/.m2/repository/org/openjdk/jmh/jmh-core/1.19/jmh-core-1.19.jar:/home/user/.m2/repository/net/sf/jopt-simple/jopt-simple/4.6/jopt-simple-4.6.jar:/home/user/.m2/repository/org/apache/commons/commons-math3/3.1.1/commons-math3-3.1.1.jar:/home/user/.m2/repository/org/openjdk/jmh/jmh-generator-annprocess/1.19/jmh-generator-annprocess-1.19.jar:/home/user/.m2/repository/org/mockito/mockito-all/1.8.5/mockito-all-1.8.5.jar:/home/user/.m2/repository/org/apache/hadoop/hadoop-kms/3.2.1/hadoop-kms-3.2.1.jar:/home/user/.m2/repository/org/apache/hadoop/hadoop-auth/3.2.1/hadoop-auth-3.2.1.jar:/home/user/.m2/repository/com/nimbusds/nimbus-jose-jwt/7.9/nimbus-jose-jwt-7.9.jar:/home/user/.m2/repository/com/github/stephenc/jcip/jcip-annotations/1.0-1/jcip-annotations-1.0-1.jar:/home/user/.m2/repository/net/minidev/json-smart/2.3/json-smart-2.3.jar:/home/user/.m2/repository/net/minidev/accessors-smart/1.2/accessors-smart-1.2.jar:/home/user/.m2/repository/org/ow2/asm/asm/5.0.4/asm-5.0.4.jar:/home/user/.m2/repository/org/apache/zookeeper/zookeeper/3.4.13/zookeeper-3.4.13.jar:/home/user/.m2/repository/org/apache/yetus/audience-annotations/0.5.0/audience-annotations-0.5.0.jar:/home/user/.m2/repository/org/apache/curator/curator-framework/2.13.0/curator-framework-2.13.0.jar:/home/user/.m2/repository/com/sun/jersey/jersey-core/1.19/jersey-core-1.19.jar:/home/user/.m2/repository/javax/ws/rs/jsr311-api/1.1.1/jsr311-api-1.1.1.jar:/home/user/.m2/repository/com/sun/jersey/jersey-server/1.19/jersey-server-1.19.jar:/home/user/.m2/repository/javax/servlet/javax.servlet-api/3.1.0/javax.servlet-api-3.1.0.jar:/home/user/.m2/repository/org/eclipse/jetty/jetty-server/9.4.26.v20200117/jetty-server-9.4.26.v20200117.jar:/home/user/.m2/repository/org/eclipse/jetty/jetty-http/9.4.26.v20200117/jetty-http-9.4.26.v20200117.jar:/home/user/.m2/repository/org/eclipse/jetty/jetty-io/9.4.26.v20200117/jetty-io-9.4.26.v20200117.jar:/home/user/.m2/repository/org/eclipse/jetty/jetty-webapp/9.4.26.v20200117/jetty-webapp-9.4.26.v20200117.jar:/home/user/.m2/repository/org/eclipse/jetty/jetty-xml/9.4.26.v20200117/jetty-xml-9.4.26.v20200117.jar:/home/user/.m2/repository/org/eclipse/jetty/jetty-servlet/9.4.26.v20200117/jetty-servlet-9.4.26.v20200117.jar:/home/user/.m2/repository/org/eclipse/jetty/jetty-security/9.4.26.v20200117/jetty-security-9.4.26.v20200117.jar:/home/user/.m2/repository/org/apache/hadoop/hadoop-common/3.2.1/hadoop-common-3.2.1.jar:/home/user/.m2/repository/commons-net/commons-net/3.6/commons-net-3.6.jar:/home/user/.m2/repository/commons-collections/commons-collections/3.2.2/commons-collections-3.2.2.jar:/home/user/.m2/repository/com/sun/jersey/jersey-servlet/1.19/jersey-servlet-1.19.jar:/home/user/.m2/repository/com/sun/jersey/jersey-json/1.19/jersey-json-1.19.jar:/home/user/.m2/repository/org/codehaus/jettison/jettison/1.1/jettison-1.1.jar:/home/user/.m2/repository/org/codehaus/jackson/jackson-jaxrs/1.9.2/jackson-jaxrs-1.9.2.jar:/home/user/.m2/repository/org/codehaus/jackson/jackson-xc/1.9.2/jackson-xc-1.9.2.jar:/home/user/.m2/repository/commons-beanutils/commons-beanutils/1.9.4/commons-beanutils-1.9.4.jar:/home/user/.m2/repository/org/apache/commons/commons-configuration2/2.1.1/commons-configuration2-2.1.1.jar:/home/user/.m2/repository/org/apache/commons/commons-text/1.4/commons-text-1.4.jar:/home/user/.m2/repository/com/google/re2j/re2j/1.1/re2j-1.1.jar:/home/user/.m2/repository/com/jcraft/jsch/0.1.54/jsch-0.1.54.jar:/home/user/.m2/repository/org/apache/curator/curator-client/2.13.0/curator-client-2.13.0.jar:/home/user/.m2/repository/org/apache/curator/curator-recipes/2.13.0/curator-recipes-2.13.0.jar:/home/user/.m2/repository/dnsjava/dnsjava/2.1.7/dnsjava-2.1.7.jar:/home/user/.m2/repository/org/slf4j/jul-to-slf4j/1.7.25/jul-to-slf4j-1.7.25.jar:/home/user/.m2/repository/org/eclipse/jetty/jetty-util/9.4.26.v20200117/jetty-util-9.4.26.v20200117.jar:/home/user/.m2/repository/com/fasterxml/jackson/core/jackson-databind/2.10.3/jackson-databind-2.10.3.jar:/home/user/.m2/repository/org/apache/hadoop/hadoop-kms/3.2.1/hadoop-kms-3.2.1-tests.jar:/home/user/.m2/repository/org/apache/hadoop/hadoop-hdds-server-scm/1.1.0-SNAPSHOT/hadoop-hdds-server-scm-1.1.0-SNAPSHOT-tests.jar:/home/user/.m2/repository/org/apache/hadoop/hadoop-hdds-container-service/1.1.0-SNAPSHOT/hadoop-hdds-container-service-1.1.0-SNAPSHOT-tests.jar:/home/user/.m2/repository/org/apache/hadoop/hadoop-hdds-common/1.1.0-SNAPSHOT/hadoop-hdds-common-1.1.0-SNAPSHOT-tests.jar:/home/user/.m2/repository/org/yaml/snakeyaml/1.16/snakeyaml-1.16.jar:/home/user/.m2/repository/org/apache/hadoop/hadoop-hdds-hadoop-dependency-test/1.1.0-SNAPSHOT/hadoop-hdds-hadoop-dependency-test-1.1.0-SNAPSHOT.jar:/home/user/.m2/repository/org/apache/hadoop/hadoop-common/3.2.1/hadoop-common-3.2.1-tests.jar:/home/user/.m2/repository/javax/servlet/jsp/jsp-api/2.1/jsp-api-2.1.jar:/home/user/.m2/repository/org/apache/hadoop/hadoop-hdfs/3.2.1/hadoop-hdfs-3.2.1-tests.jar:/home/user/.m2/repository/org/eclipse/jetty/jetty-util-ajax/9.4.26.v20200117/jetty-util-ajax-9.4.26.v20200117.jar:/home/user/.m2/repository/commons-codec/commons-codec/1.11/commons-codec-1.11.jar:/home/user/.m2/repository/commons-daemon/commons-daemon/1.0.13/commons-daemon-1.0.13.jar:/home/user/.m2/repository/io/netty/netty/3.10.5.Final/netty-3.10.5.Final.jar:/home/user/.m2/repository/io/netty/netty-all/4.1.48.Final/netty-all-4.1.48.Final.jar:/home/user/.m2/repository/org/apache/htrace/htrace-core4/4.1.0-incubating/htrace-core4-4.1.0-incubating.jar:/home/user/.m2/repository/org/fusesource/leveldbjni/leveldbjni-all/1.8/leveldbjni-all-1.8.jar:/home/user/.m2/repository/org/apache/hadoop/hadoop-distcp/3.2.1/hadoop-distcp-3.2.1.jar:/home/user/.m2/repository/org/apache/hadoop/hadoop-mapreduce-client-jobclient/3.2.1/hadoop-mapreduce-client-jobclient-3.2.1.jar:/home/user/.m2/repository/org/apache/hadoop/hadoop-mapreduce-client-common/3.2.1/hadoop-mapreduce-client-common-3.2.1.jar:/home/user/.m2/repository/org/apache/hadoop/hadoop-yarn-common/3.2.1/hadoop-yarn-common-3.2.1.jar:/home/user/.m2/repository/org/apache/hadoop/hadoop-yarn-api/3.2.1/hadoop-yarn-api-3.2.1.jar:/home/user/.m2/repository/com/sun/jersey/jersey-client/1.19/jersey-client-1.19.jar:/home/user/.m2/repository/com/sun/jersey/contribs/jersey-guice/1.19/jersey-guice-1.19.jar:/home/user/.m2/repository/com/fasterxml/jackson/jaxrs/jackson-jaxrs-json-provider/2.10.3/jackson-jaxrs-json-provider-2.10.3.jar:/home/user/.m2/repository/com/fasterxml/jackson/jaxrs/jackson-jaxrs-base/2.10.3/jackson-jaxrs-base-2.10.3.jar:/home/user/.m2/repository/org/apache/hadoop/hadoop-yarn-client/3.2.1/hadoop-yarn-client-3.2.1.jar:/home/user/.m2/repository/org/apache/hadoop/hadoop-mapreduce-client-core/3.2.1/hadoop-mapreduce-client-core-3.2.1.jar:/home/user/.m2/repository/org/apache/avro/avro/1.7.7/avro-1.7.7.jar:/home/user/.m2/repository/org/codehaus/jackson/jackson-core-asl/1.9.13/jackson-core-asl-1.9.13.jar:/home/user/.m2/repository/org/codehaus/jackson/jackson-mapper-asl/1.9.13/jackson-mapper-asl-1.9.13.jar:/home/user/.m2/repository/com/thoughtworks/paranamer/paranamer/2.3/paranamer-2.3.jar:/home/user/.m2/repository/org/xerial/snappy/snappy-java/1.0.5/snappy-java-1.0.5.jar:/home/user/.m2/repository/org/apache/hadoop/hadoop-annotations/3.2.1/hadoop-annotations-3.2.1.jar:/usr/lib/jvm/java-1.8.0-openjdk-1.8.0.232.b09-0.el7_7.x86_64/jre/../lib/tools.jar:/home/user/.m2/repository/org/apache/hadoop/hadoop-distcp/3.2.1/hadoop-distcp-3.2.1-tests.jar:"/>
    <property name="java.vm.vendor" value="Oracle Corporation"/>
    <property name="sun.arch.data.model" value="64"/>
    <property name="test.build.dir" value="/github/workspace/mnt/ozone/hadoop-ozone/integration-test/target/test-dir"/>
    <property name="test.cache.data" value=""/>
    <property name="java.vendor.url" value="http://java.oracle.com/"/>
    <property name="user.timezone" value=""/>
    <property name="java.vm.specification.version" value="1.8"/>
    <property name="os.name" value="Linux"/>
    <property name="test.build.data" value="/github/workspace/mnt/ozone/hadoop-ozone/integration-test/target/test-dir"/>
    <property name="user.country" value="US"/>
    <property name="sun.java.launcher" value="SUN_STANDARD"/>
    <property name="sun.boot.library.path" value="/usr/lib/jvm/java-1.8.0-openjdk-1.8.0.232.b09-0.el7_7.x86_64/jre/lib/amd64"/>
    <property name="sun.java.command" value="/github/workspace/mnt/ozone/hadoop-ozone/integration-test/target/surefire/surefirebooter2811309668271946622.jar /github/workspace/mnt/ozone/hadoop-ozone/integration-test/target/surefire 2020-10-15T01-25-28_222-jvmRun1 surefire7164457378459316082tmp surefire_451686596434219276744tmp"/>
    <property name="surefire.test.class.path" value="/github/workspace/mnt/ozone/hadoop-ozone/integration-test/target/test-classes:/github/workspace/mnt/ozone/hadoop-ozone/integration-test/target/classes:/home/user/.m2/repository/org/apache/hadoop/hadoop-ozone-common/1.1.0-SNAPSHOT/hadoop-ozone-common-1.1.0-SNAPSHOT.jar:/home/user/.m2/repository/org/apache/commons/commons-compress/1.4.1/commons-compress-1.4.1.jar:/home/user/.m2/repository/org/tukaani/xz/1.0/xz-1.0.jar:/home/user/.m2/repository/org/apache/hadoop/hadoop-hdds-common/1.1.0-SNAPSHOT/hadoop-hdds-common-1.1.0-SNAPSHOT.jar:/home/user/.m2/repository/org/apache/hadoop/hadoop-hdds-hadoop-dependency-client/1.1.0-SNAPSHOT/hadoop-hdds-hadoop-dependency-client-1.1.0-SNAPSHOT.jar:/home/user/.m2/repository/info/picocli/picocli/4.4.0/picocli-4.4.0.jar:/home/user/.m2/repository/com/fasterxml/jackson/core/jackson-annotations/2.10.3/jackson-annotations-2.10.3.jar:/home/user/.m2/repository/javax/annotation/javax.annotation-api/1.2/javax.annotation-api-1.2.jar:/home/user/.m2/repository/org/apache/ratis/ratis-server/1.1.0-11689cd-SNAPSHOT/ratis-server-1.1.0-11689cd-SNAPSHOT.jar:/home/user/.m2/repository/org/apache/ratis/ratis-client/1.1.0-11689cd-SNAPSHOT/ratis-client-1.1.0-11689cd-SNAPSHOT.jar:/home/user/.m2/repository/org/apache/ratis/ratis-metrics/1.1.0-11689cd-SNAPSHOT/ratis-metrics-1.1.0-11689cd-SNAPSHOT.jar:/home/user/.m2/repository/org/apache/ratis/ratis-netty/1.1.0-11689cd-SNAPSHOT/ratis-netty-1.1.0-11689cd-SNAPSHOT.jar:/home/user/.m2/repository/org/apache/ratis/ratis-grpc/1.1.0-11689cd-SNAPSHOT/ratis-grpc-1.1.0-11689cd-SNAPSHOT.jar:/home/user/.m2/repository/org/apache/logging/log4j/log4j-api/2.13.3/log4j-api-2.13.3.jar:/home/user/.m2/repository/org/apache/logging/log4j/log4j-core/2.13.3/log4j-core-2.13.3.jar:/home/user/.m2/repository/com/lmax/disruptor/3.4.2/disruptor-3.4.2.jar:/home/user/.m2/repository/org/apache/commons/commons-pool2/2.6.0/commons-pool2-2.6.0.jar:/home/user/.m2/repository/org/bouncycastle/bcpkix-jdk15on/1.60/bcpkix-jdk15on-1.60.jar:/home/user/.m2/repository/commons-validator/commons-validator/1.6/commons-validator-1.6.jar:/home/user/.m2/repository/commons-digester/commons-digester/1.8.1/commons-digester-1.8.1.jar:/home/user/.m2/repository/io/jaegertracing/jaeger-client/1.2.0/jaeger-client-1.2.0.jar:/home/user/.m2/repository/io/jaegertracing/jaeger-thrift/1.2.0/jaeger-thrift-1.2.0.jar:/home/user/.m2/repository/org/apache/thrift/libthrift/0.13.0/libthrift-0.13.0.jar:/home/user/.m2/repository/com/squareup/okhttp3/okhttp/4.2.2/okhttp-4.2.2.jar:/home/user/.m2/repository/com/squareup/okio/okio/2.2.2/okio-2.2.2.jar:/home/user/.m2/repository/org/jetbrains/kotlin/kotlin-stdlib/1.3.50/kotlin-stdlib-1.3.50.jar:/home/user/.m2/repository/org/jetbrains/kotlin/kotlin-stdlib-common/1.3.50/kotlin-stdlib-common-1.3.50.jar:/home/user/.m2/repository/org/jetbrains/annotations/13.0/annotations-13.0.jar:/home/user/.m2/repository/io/jaegertracing/jaeger-core/1.2.0/jaeger-core-1.2.0.jar:/home/user/.m2/repository/io/jaegertracing/jaeger-tracerresolver/1.2.0/jaeger-tracerresolver-1.2.0.jar:/home/user/.m2/repository/io/opentracing/contrib/opentracing-tracerresolver/0.1.8/opentracing-tracerresolver-0.1.8.jar:/home/user/.m2/repository/io/opentracing/opentracing-util/0.33.0/opentracing-util-0.33.0.jar:/home/user/.m2/repository/io/opentracing/opentracing-api/0.33.0/opentracing-api-0.33.0.jar:/home/user/.m2/repository/io/opentracing/opentracing-noop/0.33.0/opentracing-noop-0.33.0.jar:/home/user/.m2/repository/org/apache/hadoop/hadoop-hdds-client/1.1.0-SNAPSHOT/hadoop-hdds-client-1.1.0-SNAPSHOT.jar:/home/user/.m2/repository/org/apache/hadoop/hadoop-ozone-interface-client/1.1.0-SNAPSHOT/hadoop-ozone-interface-client-1.1.0-SNAPSHOT.jar:/home/user/.m2/repository/org/apache/hadoop/hadoop-hdds-test-utils/1.1.0-SNAPSHOT/hadoop-hdds-test-utils-1.1.0-SNAPSHOT.jar:/home/user/.m2/repository/com/google/guava/guava/28.2-jre/guava-28.2-jre.jar:/home/user/.m2/repository/com/google/guava/failureaccess/1.0.1/failureaccess-1.0.1.jar:/home/user/.m2/repository/com/google/guava/listenablefuture/9999.0-empty-to-avoid-conflict-with-guava/listenablefuture-9999.0-empty-to-avoid-conflict-with-guava.jar:/home/user/.m2/repository/com/google/code/findbugs/jsr305/3.0.0/jsr305-3.0.0.jar:/home/user/.m2/repository/org/checkerframework/checker-qual/2.10.0/checker-qual-2.10.0.jar:/home/user/.m2/repository/com/google/errorprone/error_prone_annotations/2.2.0/error_prone_annotations-2.2.0.jar:/home/user/.m2/repository/com/google/j2objc/j2objc-annotations/1.3/j2objc-annotations-1.3.jar:/home/user/.m2/repository/commons-io/commons-io/2.5/commons-io-2.5.jar:/home/user/.m2/repository/commons-logging/commons-logging/1.2/commons-logging-1.2.jar:/home/user/.m2/repository/log4j/log4j/1.2.17/log4j-1.2.17.jar:/home/user/.m2/repository/org/slf4j/slf4j-api/1.7.25/slf4j-api-1.7.25.jar:/home/user/.m2/repository/org/apache/hadoop/hadoop-hdds-server-scm/1.1.0-SNAPSHOT/hadoop-hdds-server-scm-1.1.0-SNAPSHOT.jar:/home/user/.m2/repository/org/apache/hadoop/hadoop-hdds-container-service/1.1.0-SNAPSHOT/hadoop-hdds-container-service-1.1.0-SNAPSHOT.jar:/home/user/.m2/repository/org/apache/hadoop/hadoop-hdds-hadoop-dependency-server/1.1.0-SNAPSHOT/hadoop-hdds-hadoop-dependency-server-1.1.0-SNAPSHOT.jar:/home/user/.m2/repository/org/apache/hadoop/hadoop-hdds-server-framework/1.1.0-SNAPSHOT/hadoop-hdds-server-framework-1.1.0-SNAPSHOT.jar:/home/user/.m2/repository/org/apache/hadoop/hadoop-hdds-interface-server/1.1.0-SNAPSHOT/hadoop-hdds-interface-server-1.1.0-SNAPSHOT.jar:/home/user/.m2/repository/org/apache/hadoop/hadoop-hdds-interface-admin/1.1.0-SNAPSHOT/hadoop-hdds-interface-admin-1.1.0-SNAPSHOT.jar:/home/user/.m2/repository/org/rocksdb/rocksdbjni/6.8.1/rocksdbjni-6.8.1.jar:/home/user/.m2/repository/io/prometheus/simpleclient_dropwizard/0.7.0/simpleclient_dropwizard-0.7.0.jar:/home/user/.m2/repository/io/prometheus/simpleclient/0.7.0/simpleclient-0.7.0.jar:/home/user/.m2/repository/io/prometheus/simpleclient_common/0.7.0/simpleclient_common-0.7.0.jar:/home/user/.m2/repository/com/fasterxml/jackson/datatype/jackson-datatype-jsr310/2.10.3/jackson-datatype-jsr310-2.10.3.jar:/home/user/.m2/repository/io/dropwizard/metrics/metrics-core/3.2.4/metrics-core-3.2.4.jar:/home/user/.m2/repository/org/apache/hadoop/hadoop-hdfs-client/3.2.1/hadoop-hdfs-client-3.2.1.jar:/home/user/.m2/repository/org/bouncycastle/bcprov-jdk15on/1.60/bcprov-jdk15on-1.60.jar:/home/user/.m2/repository/org/apache/hadoop/hadoop-ozone-ozone-manager/1.1.0-SNAPSHOT/hadoop-ozone-ozone-manager-1.1.0-SNAPSHOT.jar:/home/user/.m2/repository/org/apache/hadoop/hadoop-hdds-interface-client/1.1.0-SNAPSHOT/hadoop-hdds-interface-client-1.1.0-SNAPSHOT.jar:/home/user/.m2/repository/org/apache/ratis/ratis-thirdparty-misc/0.6.0-SNAPSHOT/ratis-thirdparty-misc-0.6.0-SNAPSHOT.jar:/home/user/.m2/repository/org/apache/hadoop/hadoop-ozone-interface-storage/1.1.0-SNAPSHOT/hadoop-ozone-interface-storage-1.1.0-SNAPSHOT.jar:/home/user/.m2/repository/org/apache/hadoop/hadoop-minikdc/3.2.1/hadoop-minikdc-3.2.1.jar:/home/user/.m2/repository/org/apache/kerby/kerb-simplekdc/1.0.1/kerb-simplekdc-1.0.1.jar:/home/user/.m2/repository/org/apache/kerby/kerb-client/1.0.1/kerb-client-1.0.1.jar:/home/user/.m2/repository/org/apache/kerby/kerby-config/1.0.1/kerby-config-1.0.1.jar:/home/user/.m2/repository/org/apache/kerby/kerb-core/1.0.1/kerb-core-1.0.1.jar:/home/user/.m2/repository/org/apache/kerby/kerby-pkix/1.0.1/kerby-pkix-1.0.1.jar:/home/user/.m2/repository/org/apache/kerby/kerby-asn1/1.0.1/kerby-asn1-1.0.1.jar:/home/user/.m2/repository/org/apache/kerby/kerby-util/1.0.1/kerby-util-1.0.1.jar:/home/user/.m2/repository/org/apache/kerby/kerb-common/1.0.1/kerb-common-1.0.1.jar:/home/user/.m2/repository/org/apache/kerby/kerb-crypto/1.0.1/kerb-crypto-1.0.1.jar:/home/user/.m2/repository/org/apache/kerby/kerb-util/1.0.1/kerb-util-1.0.1.jar:/home/user/.m2/repository/org/apache/kerby/token-provider/1.0.1/token-provider-1.0.1.jar:/home/user/.m2/repository/org/apache/kerby/kerb-admin/1.0.1/kerb-admin-1.0.1.jar:/home/user/.m2/repository/org/apache/kerby/kerb-server/1.0.1/kerb-server-1.0.1.jar:/home/user/.m2/repository/org/apache/kerby/kerb-identity/1.0.1/kerb-identity-1.0.1.jar:/home/user/.m2/repository/org/apache/kerby/kerby-xdr/1.0.1/kerby-xdr-1.0.1.jar:/home/user/.m2/repository/org/slf4j/slf4j-log4j12/1.7.25/slf4j-log4j12-1.7.25.jar:/home/user/.m2/repository/org/apache/hadoop/hadoop-ozone-s3gateway/1.1.0-SNAPSHOT/hadoop-ozone-s3gateway-1.1.0-SNAPSHOT.jar:/home/user/.m2/repository/org/jboss/weld/servlet/weld-servlet/2.4.7.Final/weld-servlet-2.4.7.Final.jar:/home/user/.m2/repository/org/glassfish/jersey/containers/jersey-container-servlet-core/2.27/jersey-container-servlet-core-2.27.jar:/home/user/.m2/repository/org/glassfish/hk2/external/javax.inject/2.5.0-b42/javax.inject-2.5.0-b42.jar:/home/user/.m2/repository/org/glassfish/jersey/core/jersey-common/2.27/jersey-common-2.27.jar:/home/user/.m2/repository/org/glassfish/hk2/osgi-resource-locator/1.0.1/osgi-resource-locator-1.0.1.jar:/home/user/.m2/repository/javax/ws/rs/javax.ws.rs-api/2.1/javax.ws.rs-api-2.1.jar:/home/user/.m2/repository/org/glassfish/jersey/ext/cdi/jersey-cdi1x/2.27/jersey-cdi1x-2.27.jar:/home/user/.m2/repository/org/glassfish/jersey/inject/jersey-hk2/2.27/jersey-hk2-2.27.jar:/home/user/.m2/repository/org/glassfish/hk2/hk2-locator/2.5.0-b42/hk2-locator-2.5.0-b42.jar:/home/user/.m2/repository/org/javassist/javassist/3.22.0-CR2/javassist-3.22.0-CR2.jar:/home/user/.m2/repository/org/glassfish/hk2/hk2-api/2.5.0/hk2-api-2.5.0.jar:/home/user/.m2/repository/org/glassfish/hk2/external/jakarta.inject/2.5.0/jakarta.inject-2.5.0.jar:/home/user/.m2/repository/org/glassfish/hk2/hk2-utils/2.5.0/hk2-utils-2.5.0.jar:/home/user/.m2/repository/jakarta/annotation/jakarta.annotation-api/1.3.4/jakarta.annotation-api-1.3.4.jar:/home/user/.m2/repository/org/glassfish/hk2/external/aopalliance-repackaged/2.5.0/aopalliance-repackaged-2.5.0.jar:/home/user/.m2/repository/com/fasterxml/jackson/dataformat/jackson-dataformat-xml/2.10.3/jackson-dataformat-xml-2.10.3.jar:/home/user/.m2/repository/com/fasterxml/jackson/core/jackson-core/2.10.3/jackson-core-2.10.3.jar:/home/user/.m2/repository/com/fasterxml/jackson/module/jackson-module-jaxb-annotations/2.10.3/jackson-module-jaxb-annotations-2.10.3.jar:/home/user/.m2/repository/jakarta/xml/bind/jakarta.xml.bind-api/2.3.2/jakarta.xml.bind-api-2.3.2.jar:/home/user/.m2/repository/jakarta/activation/jakarta.activation-api/1.2.1/jakarta.activation-api-1.2.1.jar:/home/user/.m2/repository/org/codehaus/woodstox/stax2-api/3.1.4/stax2-api-3.1.4.jar:/home/user/.m2/repository/com/fasterxml/woodstox/woodstox-core/5.0.3/woodstox-core-5.0.3.jar:/home/user/.m2/repository/javax/enterprise/cdi-api/1.2/cdi-api-1.2.jar:/home/user/.m2/repository/javax/el/javax.el-api/3.0.0/javax.el-api-3.0.0.jar:/home/user/.m2/repository/javax/interceptor/javax.interceptor-api/1.2/javax.interceptor-api-1.2.jar:/home/user/.m2/repository/javax/inject/javax.inject/1/javax.inject-1.jar:/home/user/.m2/repository/com/sun/xml/bind/jaxb-impl/2.3.0.1/jaxb-impl-2.3.0.1.jar:/home/user/.m2/repository/com/sun/xml/bind/jaxb-core/2.3.0.1/jaxb-core-2.3.0.1.jar:/home/user/.m2/repository/javax/xml/bind/jaxb-api/2.3.0/jaxb-api-2.3.0.jar:/home/user/.m2/repository/javax/activation/activation/1.1.1/activation-1.1.1.jar:/home/user/.m2/repository/org/apache/hadoop/hadoop-ozone-csi/1.1.0-SNAPSHOT/hadoop-ozone-csi-1.1.0-SNAPSHOT.jar:/home/user/.m2/repository/com/google/protobuf/protobuf-java-util/3.11.0/protobuf-java-util-3.11.0.jar:/home/user/.m2/repository/com/google/code/gson/gson/2.2.4/gson-2.2.4.jar:/home/user/.m2/repository/org/apache/hadoop/hadoop-hdds-config/1.1.0-SNAPSHOT/hadoop-hdds-config-1.1.0-SNAPSHOT.jar:/home/user/.m2/repository/com/google/protobuf/protobuf-java/2.5.0/protobuf-java-2.5.0.jar:/home/user/.m2/repository/io/grpc/grpc-netty/1.29.0/grpc-netty-1.29.0.jar:/home/user/.m2/repository/io/grpc/grpc-core/1.29.0/grpc-core-1.29.0.jar:/home/user/.m2/repository/com/google/android/annotations/4.1.1.4/annotations-4.1.1.4.jar:/home/user/.m2/repository/io/perfmark/perfmark-api/0.19.0/perfmark-api-0.19.0.jar:/home/user/.m2/repository/io/netty/netty-codec-http2/4.1.48.Final/netty-codec-http2-4.1.48.Final.jar:/home/user/.m2/repository/io/netty/netty-codec/4.1.48.Final/netty-codec-4.1.48.Final.jar:/home/user/.m2/repository/io/netty/netty-handler/4.1.48.Final/netty-handler-4.1.48.Final.jar:/home/user/.m2/repository/io/netty/netty-codec-http/4.1.48.Final/netty-codec-http-4.1.48.Final.jar:/home/user/.m2/repository/io/netty/netty-handler-proxy/4.1.48.Final/netty-handler-proxy-4.1.48.Final.jar:/home/user/.m2/repository/io/netty/netty-codec-socks/4.1.48.Final/netty-codec-socks-4.1.48.Final.jar:/home/user/.m2/repository/io/netty/netty-transport-native-epoll/4.1.48.Final/netty-transport-native-epoll-4.1.48.Final.jar:/home/user/.m2/repository/io/netty/netty-common/4.1.48.Final/netty-common-4.1.48.Final.jar:/home/user/.m2/repository/io/netty/netty-buffer/4.1.48.Final/netty-buffer-4.1.48.Final.jar:/home/user/.m2/repository/io/netty/netty-transport/4.1.48.Final/netty-transport-4.1.48.Final.jar:/home/user/.m2/repository/io/netty/netty-resolver/4.1.48.Final/netty-resolver-4.1.48.Final.jar:/home/user/.m2/repository/io/netty/netty-transport-native-unix-common/4.1.48.Final/netty-transport-native-unix-common-4.1.48.Final.jar:/home/user/.m2/repository/io/grpc/grpc-protobuf/1.29.0/grpc-protobuf-1.29.0.jar:/home/user/.m2/repository/io/grpc/grpc-api/1.29.0/grpc-api-1.29.0.jar:/home/user/.m2/repository/io/grpc/grpc-context/1.29.0/grpc-context-1.29.0.jar:/home/user/.m2/repository/org/codehaus/mojo/animal-sniffer-annotations/1.18/animal-sniffer-annotations-1.18.jar:/home/user/.m2/repository/com/google/api/grpc/proto-google-common-protos/1.17.0/proto-google-common-protos-1.17.0.jar:/home/user/.m2/repository/io/grpc/grpc-protobuf-lite/1.29.0/grpc-protobuf-lite-1.29.0.jar:/home/user/.m2/repository/io/grpc/grpc-stub/1.29.0/grpc-stub-1.29.0.jar:/home/user/.m2/repository/org/apache/hadoop/hadoop-ozone-recon/1.1.0-SNAPSHOT/hadoop-ozone-recon-1.1.0-SNAPSHOT.jar:/home/user/.m2/repository/org/apache/hadoop/hadoop-ozone-reconcodegen/1.1.0-SNAPSHOT/hadoop-ozone-reconcodegen-1.1.0-SNAPSHOT.jar:/home/user/.m2/repository/com/google/inject/extensions/guice-multibindings/4.0/guice-multibindings-4.0.jar:/home/user/.m2/repository/com/google/inject/guice/4.0/guice-4.0.jar:/home/user/.m2/repository/aopalliance/aopalliance/1.0/aopalliance-1.0.jar:/home/user/.m2/repository/com/google/inject/extensions/guice-assistedinject/4.0/guice-assistedinject-4.0.jar:/home/user/.m2/repository/com/google/inject/extensions/guice-servlet/4.0/guice-servlet-4.0.jar:/home/user/.m2/repository/org/glassfish/jersey/containers/jersey-container-servlet/2.27/jersey-container-servlet-2.27.jar:/home/user/.m2/repository/org/glassfish/hk2/guice-bridge/2.5.0/guice-bridge-2.5.0.jar:/home/user/.m2/repository/org/glassfish/jersey/core/jersey-server/2.27/jersey-server-2.27.jar:/home/user/.m2/repository/org/glassfish/jersey/core/jersey-client/2.27/jersey-client-2.27.jar:/home/user/.m2/repository/org/glassfish/jersey/media/jersey-media-jaxb/2.27/jersey-media-jaxb-2.27.jar:/home/user/.m2/repository/javax/validation/validation-api/1.1.0.Final/validation-api-1.1.0.Final.jar:/home/user/.m2/repository/org/glassfish/jersey/media/jersey-media-json-jackson/2.27/jersey-media-json-jackson-2.27.jar:/home/user/.m2/repository/org/glassfish/jersey/ext/jersey-entity-filtering/2.27/jersey-entity-filtering-2.27.jar:/home/user/.m2/repository/org/jooq/jooq/3.11.10/jooq-3.11.10.jar:/home/user/.m2/repository/org/jooq/jooq-meta/3.11.10/jooq-meta-3.11.10.jar:/home/user/.m2/repository/org/jooq/jooq-codegen/3.11.10/jooq-codegen-3.11.10.jar:/home/user/.m2/repository/com/jolbox/bonecp/0.8.0.RELEASE/bonecp-0.8.0.RELEASE.jar:/home/user/.m2/repository/org/apache/derby/derby/10.14.2.0/derby-10.14.2.0.jar:/home/user/.m2/repository/org/xerial/sqlite-jdbc/3.25.2/sqlite-jdbc-3.25.2.jar:/home/user/.m2/repository/org/springframework/spring-jdbc/5.2.5.RELEASE/spring-jdbc-5.2.5.RELEASE.jar:/home/user/.m2/repository/org/springframework/spring-beans/5.2.5.RELEASE/spring-beans-5.2.5.RELEASE.jar:/home/user/.m2/repository/org/springframework/spring-core/5.2.5.RELEASE/spring-core-5.2.5.RELEASE.jar:/home/user/.m2/repository/org/springframework/spring-jcl/5.2.5.RELEASE/spring-jcl-5.2.5.RELEASE.jar:/home/user/.m2/repository/org/springframework/spring-tx/5.2.5.RELEASE/spring-tx-5.2.5.RELEASE.jar:/home/user/.m2/repository/org/apache/hadoop/hadoop-ozone-client/1.1.0-SNAPSHOT/hadoop-ozone-client-1.1.0-SNAPSHOT.jar:/home/user/.m2/repository/org/apache/hadoop/hadoop-ozone-filesystem/1.1.0-SNAPSHOT/hadoop-ozone-filesystem-1.1.0-SNAPSHOT.jar:/home/user/.m2/repository/org/apache/hadoop/hadoop-ozone-filesystem-common/1.1.0-SNAPSHOT/hadoop-ozone-filesystem-common-1.1.0-SNAPSHOT.jar:/home/user/.m2/repository/org/apache/hadoop/hadoop-ozone-tools/1.1.0-SNAPSHOT/hadoop-ozone-tools-1.1.0-SNAPSHOT.jar:/home/user/.m2/repository/org/apache/hadoop/hadoop-hdfs/3.2.1/hadoop-hdfs-3.2.1.jar:/home/user/.m2/repository/org/apache/ratis/ratis-tools/1.1.0-11689cd-SNAPSHOT/ratis-tools-1.1.0-11689cd-SNAPSHOT.jar:/home/user/.m2/repository/org/apache/ratis/ratis-proto/1.1.0-11689cd-SNAPSHOT/ratis-proto-1.1.0-11689cd-SNAPSHOT.jar:/home/user/.m2/repository/org/apache/ratis/ratis-common/1.1.0-11689cd-SNAPSHOT/ratis-common-1.1.0-11689cd-SNAPSHOT.jar:/home/user/.m2/repository/com/amazonaws/aws-java-sdk-core/1.11.615/aws-java-sdk-core-1.11.615.jar:/home/user/.m2/repository/org/apache/httpcomponents/httpclient/4.5.2/httpclient-4.5.2.jar:/home/user/.m2/repository/org/apache/httpcomponents/httpcore/4.4.4/httpcore-4.4.4.jar:/home/user/.m2/repository/software/amazon/ion/ion-java/1.0.2/ion-java-1.0.2.jar:/home/user/.m2/repository/com/fasterxml/jackson/dataformat/jackson-dataformat-cbor/2.10.3/jackson-dataformat-cbor-2.10.3.jar:/home/user/.m2/repository/joda-time/joda-time/2.8.1/joda-time-2.8.1.jar:/home/user/.m2/repository/com/amazonaws/aws-java-sdk-s3/1.11.615/aws-java-sdk-s3-1.11.615.jar:/home/user/.m2/repository/com/amazonaws/aws-java-sdk-kms/1.11.615/aws-java-sdk-kms-1.11.615.jar:/home/user/.m2/repository/com/amazonaws/jmespath-java/1.11.615/jmespath-java-1.11.615.jar:/home/user/.m2/repository/org/kohsuke/metainf-services/metainf-services/1.8/metainf-services-1.8.jar:/home/user/.m2/repository/org/apache/hadoop/hadoop-hdds-tools/1.1.0-SNAPSHOT/hadoop-hdds-tools-1.1.0-SNAPSHOT.jar:/home/user/.m2/repository/commons-cli/commons-cli/1.2/commons-cli-1.2.jar:/home/user/.m2/repository/org/apache/commons/commons-lang3/3.7/commons-lang3-3.7.jar:/home/user/.m2/repository/org/apache/hadoop/hadoop-ozone-ozone-manager/1.1.0-SNAPSHOT/hadoop-ozone-ozone-manager-1.1.0-SNAPSHOT-tests.jar:/home/user/.m2/repository/junit/junit/4.11/junit-4.11.jar:/home/user/.m2/repository/org/hamcrest/hamcrest-core/1.3/hamcrest-core-1.3.jar:/home/user/.m2/repository/org/openjdk/jmh/jmh-core/1.19/jmh-core-1.19.jar:/home/user/.m2/repository/net/sf/jopt-simple/jopt-simple/4.6/jopt-simple-4.6.jar:/home/user/.m2/repository/org/apache/commons/commons-math3/3.1.1/commons-math3-3.1.1.jar:/home/user/.m2/repository/org/openjdk/jmh/jmh-generator-annprocess/1.19/jmh-generator-annprocess-1.19.jar:/home/user/.m2/repository/org/mockito/mockito-all/1.8.5/mockito-all-1.8.5.jar:/home/user/.m2/repository/org/apache/hadoop/hadoop-kms/3.2.1/hadoop-kms-3.2.1.jar:/home/user/.m2/repository/org/apache/hadoop/hadoop-auth/3.2.1/hadoop-auth-3.2.1.jar:/home/user/.m2/repository/com/nimbusds/nimbus-jose-jwt/7.9/nimbus-jose-jwt-7.9.jar:/home/user/.m2/repository/com/github/stephenc/jcip/jcip-annotations/1.0-1/jcip-annotations-1.0-1.jar:/home/user/.m2/repository/net/minidev/json-smart/2.3/json-smart-2.3.jar:/home/user/.m2/repository/net/minidev/accessors-smart/1.2/accessors-smart-1.2.jar:/home/user/.m2/repository/org/ow2/asm/asm/5.0.4/asm-5.0.4.jar:/home/user/.m2/repository/org/apache/zookeeper/zookeeper/3.4.13/zookeeper-3.4.13.jar:/home/user/.m2/repository/org/apache/yetus/audience-annotations/0.5.0/audience-annotations-0.5.0.jar:/home/user/.m2/repository/org/apache/curator/curator-framework/2.13.0/curator-framework-2.13.0.jar:/home/user/.m2/repository/com/sun/jersey/jersey-core/1.19/jersey-core-1.19.jar:/home/user/.m2/repository/javax/ws/rs/jsr311-api/1.1.1/jsr311-api-1.1.1.jar:/home/user/.m2/repository/com/sun/jersey/jersey-server/1.19/jersey-server-1.19.jar:/home/user/.m2/repository/javax/servlet/javax.servlet-api/3.1.0/javax.servlet-api-3.1.0.jar:/home/user/.m2/repository/org/eclipse/jetty/jetty-server/9.4.26.v20200117/jetty-server-9.4.26.v20200117.jar:/home/user/.m2/repository/org/eclipse/jetty/jetty-http/9.4.26.v20200117/jetty-http-9.4.26.v20200117.jar:/home/user/.m2/repository/org/eclipse/jetty/jetty-io/9.4.26.v20200117/jetty-io-9.4.26.v20200117.jar:/home/user/.m2/repository/org/eclipse/jetty/jetty-webapp/9.4.26.v20200117/jetty-webapp-9.4.26.v20200117.jar:/home/user/.m2/repository/org/eclipse/jetty/jetty-xml/9.4.26.v20200117/jetty-xml-9.4.26.v20200117.jar:/home/user/.m2/repository/org/eclipse/jetty/jetty-servlet/9.4.26.v20200117/jetty-servlet-9.4.26.v20200117.jar:/home/user/.m2/repository/org/eclipse/jetty/jetty-security/9.4.26.v20200117/jetty-security-9.4.26.v20200117.jar:/home/user/.m2/repository/org/apache/hadoop/hadoop-common/3.2.1/hadoop-common-3.2.1.jar:/home/user/.m2/repository/commons-net/commons-net/3.6/commons-net-3.6.jar:/home/user/.m2/repository/commons-collections/commons-collections/3.2.2/commons-collections-3.2.2.jar:/home/user/.m2/repository/com/sun/jersey/jersey-servlet/1.19/jersey-servlet-1.19.jar:/home/user/.m2/repository/com/sun/jersey/jersey-json/1.19/jersey-json-1.19.jar:/home/user/.m2/repository/org/codehaus/jettison/jettison/1.1/jettison-1.1.jar:/home/user/.m2/repository/org/codehaus/jackson/jackson-jaxrs/1.9.2/jackson-jaxrs-1.9.2.jar:/home/user/.m2/repository/org/codehaus/jackson/jackson-xc/1.9.2/jackson-xc-1.9.2.jar:/home/user/.m2/repository/commons-beanutils/commons-beanutils/1.9.4/commons-beanutils-1.9.4.jar:/home/user/.m2/repository/org/apache/commons/commons-configuration2/2.1.1/commons-configuration2-2.1.1.jar:/home/user/.m2/repository/org/apache/commons/commons-text/1.4/commons-text-1.4.jar:/home/user/.m2/repository/com/google/re2j/re2j/1.1/re2j-1.1.jar:/home/user/.m2/repository/com/jcraft/jsch/0.1.54/jsch-0.1.54.jar:/home/user/.m2/repository/org/apache/curator/curator-client/2.13.0/curator-client-2.13.0.jar:/home/user/.m2/repository/org/apache/curator/curator-recipes/2.13.0/curator-recipes-2.13.0.jar:/home/user/.m2/repository/dnsjava/dnsjava/2.1.7/dnsjava-2.1.7.jar:/home/user/.m2/repository/org/slf4j/jul-to-slf4j/1.7.25/jul-to-slf4j-1.7.25.jar:/home/user/.m2/repository/org/eclipse/jetty/jetty-util/9.4.26.v20200117/jetty-util-9.4.26.v20200117.jar:/home/user/.m2/repository/com/fasterxml/jackson/core/jackson-databind/2.10.3/jackson-databind-2.10.3.jar:/home/user/.m2/repository/org/apache/hadoop/hadoop-kms/3.2.1/hadoop-kms-3.2.1-tests.jar:/home/user/.m2/repository/org/apache/hadoop/hadoop-hdds-server-scm/1.1.0-SNAPSHOT/hadoop-hdds-server-scm-1.1.0-SNAPSHOT-tests.jar:/home/user/.m2/repository/org/apache/hadoop/hadoop-hdds-container-service/1.1.0-SNAPSHOT/hadoop-hdds-container-service-1.1.0-SNAPSHOT-tests.jar:/home/user/.m2/repository/org/apache/hadoop/hadoop-hdds-common/1.1.0-SNAPSHOT/hadoop-hdds-common-1.1.0-SNAPSHOT-tests.jar:/home/user/.m2/repository/org/yaml/snakeyaml/1.16/snakeyaml-1.16.jar:/home/user/.m2/repository/org/apache/hadoop/hadoop-hdds-hadoop-dependency-test/1.1.0-SNAPSHOT/hadoop-hdds-hadoop-dependency-test-1.1.0-SNAPSHOT.jar:/home/user/.m2/repository/org/apache/hadoop/hadoop-common/3.2.1/hadoop-common-3.2.1-tests.jar:/home/user/.m2/repository/javax/servlet/jsp/jsp-api/2.1/jsp-api-2.1.jar:/home/user/.m2/repository/org/apache/hadoop/hadoop-hdfs/3.2.1/hadoop-hdfs-3.2.1-tests.jar:/home/user/.m2/repository/org/eclipse/jetty/jetty-util-ajax/9.4.26.v20200117/jetty-util-ajax-9.4.26.v20200117.jar:/home/user/.m2/repository/commons-codec/commons-codec/1.11/commons-codec-1.11.jar:/home/user/.m2/repository/commons-daemon/commons-daemon/1.0.13/commons-daemon-1.0.13.jar:/home/user/.m2/repository/io/netty/netty/3.10.5.Final/netty-3.10.5.Final.jar:/home/user/.m2/repository/io/netty/netty-all/4.1.48.Final/netty-all-4.1.48.Final.jar:/home/user/.m2/repository/org/apache/htrace/htrace-core4/4.1.0-incubating/htrace-core4-4.1.0-incubating.jar:/home/user/.m2/repository/org/fusesource/leveldbjni/leveldbjni-all/1.8/leveldbjni-all-1.8.jar:/home/user/.m2/repository/org/apache/hadoop/hadoop-distcp/3.2.1/hadoop-distcp-3.2.1.jar:/home/user/.m2/repository/org/apache/hadoop/hadoop-mapreduce-client-jobclient/3.2.1/hadoop-mapreduce-client-jobclient-3.2.1.jar:/home/user/.m2/repository/org/apache/hadoop/hadoop-mapreduce-client-common/3.2.1/hadoop-mapreduce-client-common-3.2.1.jar:/home/user/.m2/repository/org/apache/hadoop/hadoop-yarn-common/3.2.1/hadoop-yarn-common-3.2.1.jar:/home/user/.m2/repository/org/apache/hadoop/hadoop-yarn-api/3.2.1/hadoop-yarn-api-3.2.1.jar:/home/user/.m2/repository/com/sun/jersey/jersey-client/1.19/jersey-client-1.19.jar:/home/user/.m2/repository/com/sun/jersey/contribs/jersey-guice/1.19/jersey-guice-1.19.jar:/home/user/.m2/repository/com/fasterxml/jackson/jaxrs/jackson-jaxrs-json-provider/2.10.3/jackson-jaxrs-json-provider-2.10.3.jar:/home/user/.m2/repository/com/fasterxml/jackson/jaxrs/jackson-jaxrs-base/2.10.3/jackson-jaxrs-base-2.10.3.jar:/home/user/.m2/repository/org/apache/hadoop/hadoop-yarn-client/3.2.1/hadoop-yarn-client-3.2.1.jar:/home/user/.m2/repository/org/apache/hadoop/hadoop-mapreduce-client-core/3.2.1/hadoop-mapreduce-client-core-3.2.1.jar:/home/user/.m2/repository/org/apache/avro/avro/1.7.7/avro-1.7.7.jar:/home/user/.m2/repository/org/codehaus/jackson/jackson-core-asl/1.9.13/jackson-core-asl-1.9.13.jar:/home/user/.m2/repository/org/codehaus/jackson/jackson-mapper-asl/1.9.13/jackson-mapper-asl-1.9.13.jar:/home/user/.m2/repository/com/thoughtworks/paranamer/paranamer/2.3/paranamer-2.3.jar:/home/user/.m2/repository/org/xerial/snappy/snappy-java/1.0.5/snappy-java-1.0.5.jar:/home/user/.m2/repository/org/apache/hadoop/hadoop-annotations/3.2.1/hadoop-annotations-3.2.1.jar:/usr/lib/jvm/java-1.8.0-openjdk-1.8.0.232.b09-0.el7_7.x86_64/jre/../lib/tools.jar:/home/user/.m2/repository/org/apache/hadoop/hadoop-distcp/3.2.1/hadoop-distcp-3.2.1-tests.jar:"/>
    <property name="sun.cpu.endian" value="little"/>
    <property name="user.home" value="/home/user"/>
    <property name="user.language" value="en"/>
    <property name="java.specification.vendor" value="Oracle Corporation"/>
    <property name="java.home" value="/usr/lib/jvm/java-1.8.0-openjdk-1.8.0.232.b09-0.el7_7.x86_64/jre"/>
    <property name="java.security.krb5.conf" value="/github/workspace/mnt/ozone/hadoop-ozone/integration-test/target/test-classes/krb5.conf"/>
    <property name="basedir" value="/github/workspace/mnt/ozone/hadoop-ozone/integration-test"/>
    <property name="file.separator" value="/"/>
    <property name="line.separator" value="&#10;"/>
    <property name="java.vm.specification.vendor" value="Oracle Corporation"/>
    <property name="java.specification.name" value="Java Platform API Specification"/>
    <property name="java.awt.graphicsenv" value="sun.awt.X11GraphicsEnvironment"/>
    <property name="skip.installnpx" value="true"/>
    <property name="surefire.real.class.path" value="/github/workspace/mnt/ozone/hadoop-ozone/integration-test/target/surefire/surefirebooter2811309668271946622.jar:/home/user/.m2/repository/org/jacoco/org.jacoco.agent/0.8.5/org.jacoco.agent-0.8.5-runtime.jar"/>
    <property name="hadoop.log.dir" value="/github/workspace/mnt/ozone/hadoop-ozone/integration-test/target/log"/>
    <property name="sun.boot.class.path" value="/usr/lib/jvm/java-1.8.0-openjdk-1.8.0.232.b09-0.el7_7.x86_64/jre/lib/resources.jar:/usr/lib/jvm/java-1.8.0-openjdk-1.8.0.232.b09-0.el7_7.x86_64/jre/lib/rt.jar:/usr/lib/jvm/java-1.8.0-openjdk-1.8.0.232.b09-0.el7_7.x86_64/jre/lib/sunrsasign.jar:/usr/lib/jvm/java-1.8.0-openjdk-1.8.0.232.b09-0.el7_7.x86_64/jre/lib/jsse.jar:/usr/lib/jvm/java-1.8.0-openjdk-1.8.0.232.b09-0.el7_7.x86_64/jre/lib/jce.jar:/usr/lib/jvm/java-1.8.0-openjdk-1.8.0.232.b09-0.el7_7.x86_64/jre/lib/charsets.jar:/usr/lib/jvm/java-1.8.0-openjdk-1.8.0.232.b09-0.el7_7.x86_64/jre/lib/jfr.jar:/usr/lib/jvm/java-1.8.0-openjdk-1.8.0.232.b09-0.el7_7.x86_64/jre/classes"/>
    <property name="sun.management.compiler" value="HotSpot 64-Bit Tiered Compilers"/>
    <property name="skip.npx" value="true"/>
    <property name="java.runtime.version" value="1.8.0_232-b09"/>
    <property name="java.net.preferIPv4Stack" value="true"/>
    <property name="user.name" value="jenkins1001"/>
    <property name="path.separator" value=":"/>
    <property name="java.security.egd" value="file:///dev/urandom"/>
    <property name="os.version" value="5.4.0-1026-azure"/>
    <property name="java.endorsed.dirs" value="/usr/lib/jvm/java-1.8.0-openjdk-1.8.0.232.b09-0.el7_7.x86_64/jre/lib/endorsed"/>
    <property name="java.runtime.name" value="OpenJDK Runtime Environment"/>
    <property name="file.encoding" value="ANSI_X3.4-1968"/>
    <property name="java.vm.name" value="OpenJDK 64-Bit Server VM"/>
    <property name="test.build.webapps" value=""/>
    <property name="localRepository" value="/home/user/.m2/repository"/>
    <property name="java.vendor.url.bug" value="http://bugreport.sun.com/bugreport/"/>
    <property name="java.io.tmpdir" value="/tmp"/>
    <property name="require.test.libhadoop" value=""/>
    <property name="java.version" value="1.8.0_232"/>
    <property name="user.dir" value="/github/workspace/mnt/ozone/hadoop-ozone/integration-test"/>
    <property name="os.arch" value="amd64"/>
    <property name="java.vm.specification.name" value="Java Virtual Machine Specification"/>
    <property name="test.build.classes" value="/github/workspace/mnt/ozone/hadoop-ozone/integration-test/target/test-classes"/>
    <property name="java.awt.printerjob" value="sun.print.PSPrinterJob"/>
    <property name="sun.os.patch.level" value="unknown"/>
    <property name="hadoop.tmp.dir" value="/github/workspace/mnt/ozone/hadoop-ozone/integration-test/target/tmp"/>
    <property name="java.library.path" value="/usr/lib:/usr/java/packages/lib/amd64:/usr/lib64:/lib64:/lib:/usr/lib"/>
    <property name="java.vm.info" value="mixed mode"/>
    <property name="java.vendor" value="Oracle Corporation"/>
    <property name="java.vm.version" value="25.232-b09"/>
    <property name="java.ext.dirs" value="/usr/lib/jvm/java-1.8.0-openjdk-1.8.0.232.b09-0.el7_7.x86_64/jre/lib/ext:/usr/java/packages/lib/ext"/>
    <property name="sun.io.unicode.encoding" value="UnicodeLittle"/>
    <property name="java.class.version" value="52.0"/>
  </properties>
  <testcase name="testOMRetryCache" classname="org.apache.hadoop.ozone.om.TestOzoneManagerHAMetadataOnly" time="29.001">
    <failure type="java.lang.AssertionError">java.lang.AssertionError
	at org.junit.Assert.fail(Assert.java:86)
	at org.junit.Assert.assertTrue(Assert.java:41)
	at org.junit.Assert.assertFalse(Assert.java:64)
	at org.junit.Assert.assertFalse(Assert.java:74)
	at org.apache.hadoop.ozone.om.TestOzoneManagerHAMetadataOnly.testOMRetryCache(TestOzoneManagerHAMetadataOnly.java:422)
	at sun.reflect.NativeMethodAccessorImpl.invoke0(Native Method)
	at sun.reflect.NativeMethodAccessorImpl.invoke(NativeMethodAccessorImpl.java:62)
	at sun.reflect.DelegatingMethodAccessorImpl.invoke(DelegatingMethodAccessorImpl.java:43)
	at java.lang.reflect.Method.invoke(Method.java:498)
	at org.junit.runners.model.FrameworkMethod$1.runReflectiveCall(FrameworkMethod.java:47)
	at org.junit.internal.runners.model.ReflectiveCallable.run(ReflectiveCallable.java:12)
	at org.junit.runners.model.FrameworkMethod.invokeExplosively(FrameworkMethod.java:44)
	at org.junit.internal.runners.statements.InvokeMethod.evaluate(InvokeMethod.java:17)
	at org.junit.internal.runners.statements.RunBefores.evaluate(RunBefores.java:26)
	at org.junit.internal.runners.statements.RunAfters.evaluate(RunAfters.java:27)
	at org.junit.rules.ExpectedException$ExpectedExceptionStatement.evaluate(ExpectedException.java:168)
	at org.junit.internal.runners.statements.FailOnTimeout$StatementThread.run(FailOnTimeout.java:74)
</failure>
    <system-out><![CDATA[2020-10-15 01:58:00,521 [Thread-1] WARN  server.ServerUtils (ServerUtils.java:getScmDbDir(148)) - ozone.scm.db.dirs is not configured. We recommend adding this setting. Falling back to ozone.metadata.dirs instead.
2020-10-15 01:58:00,589 [Thread-1] WARN  server.ServerUtils (ServerUtils.java:getScmDbDir(148)) - ozone.scm.db.dirs is not configured. We recommend adding this setting. Falling back to ozone.metadata.dirs instead.
2020-10-15 01:58:00,737 [Thread-1] WARN  db.DBStoreBuilder (DBStoreBuilder.java:createDBStoreBuilder(283)) - ozone.scm.db.dirs is not configured. We recommend adding this setting. Falling back to ozone.metadata.dirs instead.
2020-10-15 01:58:00,896 [Thread-1] INFO  net.NodeSchemaLoader (NodeSchemaLoader.java:loadSchemaFromFile(126)) - Loading file from sun.misc.CompoundEnumeration@1395094a
2020-10-15 01:58:00,897 [Thread-1] INFO  net.NodeSchemaLoader (NodeSchemaLoader.java:loadSchema(172)) - Loading network topology layer schema file
2020-10-15 01:58:00,965 [Thread-1] WARN  server.ServerUtils (ServerUtils.java:sanitizeUserArgs(73)) - ozone.scm.stale.node.interval value = 300000 is larger than max = 100000 based on the key value of ozone.scm.heartbeat.thread.interval, reset to the max value 100000.
2020-10-15 01:58:00,966 [Thread-1] WARN  server.ServerUtils (ServerUtils.java:sanitizeUserArgs(73)) - ozone.scm.stale.node.interval value = 300000 is larger than max = 100000 based on the key value of ozone.scm.heartbeat.thread.interval, reset to the max value 100000.
2020-10-15 01:58:00,969 [Thread-1] INFO  node.SCMNodeManager (SCMNodeManager.java:<init>(120)) - Entering startup safe mode.
2020-10-15 01:58:01,086 [Thread-1] INFO  algorithms.ContainerPlacementPolicyFactory (ContainerPlacementPolicyFactory.java:getPolicy(60)) - Create container placement policy of type org.apache.hadoop.hdds.scm.container.placement.algorithms.SCMContainerPlacementRandom
2020-10-15 01:58:01,112 [Thread-1] INFO  pipeline.SCMPipelineManager (SCMPipelineManager.java:initializePipelineState(161)) - No pipeline exists in current db
2020-10-15 01:58:01,136 [Thread-1] INFO  algorithms.PipelineChoosePolicyFactory (PipelineChoosePolicyFactory.java:createPipelineChoosePolicyFromClass(75)) - Create pipeline choose policy of type org.apache.hadoop.hdds.scm.pipeline.choose.algorithms.RandomPipelineChoosePolicy
2020-10-15 01:58:01,206 [Thread-1] INFO  safemode.HealthyPipelineSafeModeRule (HealthyPipelineSafeModeRule.java:<init>(89)) - Total pipeline count is 0, healthy pipeline threshold count is 0
2020-10-15 01:58:01,210 [Thread-1] INFO  safemode.OneReplicaPipelineSafeModeRule (OneReplicaPipelineSafeModeRule.java:<init>(79)) - Total pipeline count is 0, pipeline's with at least one datanode reported threshold count is 0
2020-10-15 01:58:01,659 [Thread-1] INFO  ipc.CallQueueManager (CallQueueManager.java:<init>(84)) - Using callQueue: class java.util.concurrent.LinkedBlockingQueue, queueCapacity: 2000, scheduler: class org.apache.hadoop.ipc.DefaultRpcScheduler, ipcBackoff: false.
2020-10-15 01:58:01,685 [Socket Reader #1 for port 0] INFO  ipc.Server (Server.java:run(1219)) - Starting Socket Reader #1 for port 0
2020-10-15 01:58:01,716 [Listener at 0.0.0.0/42979] INFO  ipc.CallQueueManager (CallQueueManager.java:<init>(84)) - Using callQueue: class java.util.concurrent.LinkedBlockingQueue, queueCapacity: 2000, scheduler: class org.apache.hadoop.ipc.DefaultRpcScheduler, ipcBackoff: false.
2020-10-15 01:58:01,718 [Socket Reader #1 for port 0] INFO  ipc.Server (Server.java:run(1219)) - Starting Socket Reader #1 for port 0
2020-10-15 01:58:01,731 [Listener at 0.0.0.0/34739] INFO  ipc.CallQueueManager (CallQueueManager.java:<init>(84)) - Using callQueue: class java.util.concurrent.LinkedBlockingQueue, queueCapacity: 2000, scheduler: class org.apache.hadoop.ipc.DefaultRpcScheduler, ipcBackoff: false.
2020-10-15 01:58:01,732 [Socket Reader #1 for port 0] INFO  ipc.Server (Server.java:run(1219)) - Starting Socket Reader #1 for port 0
2020-10-15 01:58:01,751 [Listener at 0.0.0.0/39443] INFO  http.BaseHttpServer (BaseHttpServer.java:newHttpServer2BuilderForOzone(207)) - Starting Web-server for scm at: http://0.0.0.0:0
2020-10-15 01:58:01,752 [Listener at 0.0.0.0/39443] INFO  http.BaseHttpServer (BaseHttpServer.java:<init>(106)) - Hadoop Security Enabled: false Ozone Security Enabled: false Ozone HTTP Security Enabled: false 
2020-10-15 01:58:01,779 [Listener at 0.0.0.0/39443] INFO  util.log (Log.java:initialized(169)) - Logging initialized @2363ms to org.eclipse.jetty.util.log.Slf4jLog
2020-10-15 01:58:01,913 [Listener at 0.0.0.0/39443] INFO  server.AuthenticationFilter (AuthenticationFilter.java:constructSecretProvider(240)) - Unable to initialize FileSignerSecretProvider, falling back to use random secrets.
2020-10-15 01:58:01,929 [Listener at 0.0.0.0/39443] WARN  http.HttpRequestLog (HttpRequestLog.java:getRequestLog(103)) - Jetty request log can only be enabled using Log4j
2020-10-15 01:58:01,935 [Listener at 0.0.0.0/39443] INFO  http.HttpServer2 (HttpServer2.java:addGlobalFilter(1019)) - Added global filter 'safety' (class=org.apache.hadoop.hdds.server.http.HttpServer2$QuotingInputFilter)
2020-10-15 01:58:01,937 [Listener at 0.0.0.0/39443] INFO  http.HttpServer2 (HttpServer2.java:addFilter(995)) - Added filter static_user_filter (class=org.apache.hadoop.http.lib.StaticUserWebFilter$StaticUserFilter) to context scm
2020-10-15 01:58:01,937 [Listener at 0.0.0.0/39443] INFO  http.HttpServer2 (HttpServer2.java:addFilter(1003)) - Added filter static_user_filter (class=org.apache.hadoop.http.lib.StaticUserWebFilter$StaticUserFilter) to context logs
2020-10-15 01:58:01,937 [Listener at 0.0.0.0/39443] INFO  http.HttpServer2 (HttpServer2.java:addFilter(1003)) - Added filter static_user_filter (class=org.apache.hadoop.http.lib.StaticUserWebFilter$StaticUserFilter) to context static
2020-10-15 01:58:01,981 [Listener at 0.0.0.0/39443] INFO  server.StorageContainerManager (StorageContainerManager.java:start(789)) - StorageContainerLocationProtocol RPC server is listening at /0.0.0.0:39443
2020-10-15 01:58:02,038 [Listener at 0.0.0.0/39443] WARN  impl.MetricsConfig (MetricsConfig.java:loadFirst(134)) - Cannot locate configuration: tried hadoop-metrics2-storagecontainermanager.properties,hadoop-metrics2.properties
2020-10-15 01:58:02,051 [Listener at 0.0.0.0/39443] INFO  impl.MetricsSystemImpl (MetricsSystemImpl.java:startTimer(374)) - Scheduled Metric snapshot period at 10 second(s).
2020-10-15 01:58:02,051 [Listener at 0.0.0.0/39443] INFO  impl.MetricsSystemImpl (MetricsSystemImpl.java:start(191)) - StorageContainerManager metrics system started
2020-10-15 01:58:02,282 [Listener at 0.0.0.0/39443] INFO  server.SCMClientProtocolServer (SCMClientProtocolServer.java:start(156)) - RPC server for Client  is listening at /0.0.0.0:39443
2020-10-15 01:58:02,285 [IPC Server Responder] INFO  ipc.Server (Server.java:run(1460)) - IPC Server Responder: starting
2020-10-15 01:58:02,286 [IPC Server listener on 0] INFO  ipc.Server (Server.java:run(1298)) - IPC Server listener on 0: starting
2020-10-15 01:58:02,293 [Listener at 0.0.0.0/39443] INFO  server.StorageContainerManager (StorageContainerManager.java:start(801)) - ScmBlockLocationProtocol RPC server is listening at /0.0.0.0:34739
2020-10-15 01:58:02,294 [Listener at 0.0.0.0/39443] INFO  server.SCMBlockProtocolServer (SCMBlockProtocolServer.java:start(149)) - RPC server for Block Protocol is listening at /0.0.0.0:34739
2020-10-15 01:58:02,294 [IPC Server Responder] INFO  ipc.Server (Server.java:run(1460)) - IPC Server Responder: starting
2020-10-15 01:58:02,294 [IPC Server listener on 0] INFO  ipc.Server (Server.java:run(1298)) - IPC Server listener on 0: starting
2020-10-15 01:58:02,298 [Listener at 0.0.0.0/39443] INFO  server.StorageContainerManager (StorageContainerManager.java:start(807)) - ScmDatanodeProtocl RPC server is listening at /0.0.0.0:42979
2020-10-15 01:58:02,298 [Listener at 0.0.0.0/39443] INFO  server.SCMDatanodeProtocolServer (SCMDatanodeProtocolServer.java:start(172)) - RPC server for DataNodes is listening at /0.0.0.0:42979
2020-10-15 01:58:02,299 [IPC Server Responder] INFO  ipc.Server (Server.java:run(1460)) - IPC Server Responder: starting
2020-10-15 01:58:02,299 [IPC Server listener on 0] INFO  ipc.Server (Server.java:run(1298)) - IPC Server listener on 0: starting
2020-10-15 01:58:02,304 [Listener at 0.0.0.0/39443] INFO  http.HttpServer2 (HttpServer2.java:bindListener(1237)) - Jetty bound to port 42073
2020-10-15 01:58:02,306 [Listener at 0.0.0.0/39443] INFO  server.Server (Server.java:doStart(359)) - jetty-9.4.26.v20200117; built: 2020-01-17T12:35:33.676Z; git: 7b38981d25d14afb4a12ff1f2596756144edf695; jvm 1.8.0_232-b09
2020-10-15 01:58:02,334 [Listener at 0.0.0.0/39443] INFO  server.session (DefaultSessionIdManager.java:doStart(333)) - DefaultSessionIdManager workerName=node0
2020-10-15 01:58:02,334 [Listener at 0.0.0.0/39443] INFO  server.session (DefaultSessionIdManager.java:doStart(338)) - No SessionScavenger set, using defaults
2020-10-15 01:58:02,336 [Listener at 0.0.0.0/39443] INFO  server.session (HouseKeeper.java:startScavenging(140)) - node0 Scavenging every 600000ms
2020-10-15 01:58:02,349 [Listener at 0.0.0.0/39443] INFO  handler.ContextHandler (ContextHandler.java:doStart(825)) - Started o.e.j.s.ServletContextHandler@17660042{logs,/logs,file:///github/workspace/mnt/ozone/hadoop-ozone/integration-test/target/log,AVAILABLE}
2020-10-15 01:58:02,350 [Listener at 0.0.0.0/39443] INFO  handler.ContextHandler (ContextHandler.java:doStart(825)) - Started o.e.j.s.ServletContextHandler@64825757{static,/static,file:///github/workspace/mnt/ozone/hadoop-ozone/integration-test/target/test-classes/webapps/static,AVAILABLE}
2020-10-15 01:58:02,391 [Listener at 0.0.0.0/39443] INFO  handler.ContextHandler (ContextHandler.java:doStart(825)) - Started o.e.j.w.WebAppContext@d19514e{scm,/,file:///github/workspace/mnt/ozone/hadoop-ozone/integration-test/target/test-classes/webapps/scm/,AVAILABLE}{file:/github/workspace/mnt/ozone/hadoop-ozone/integration-test/target/test-classes/webapps/scm}
2020-10-15 01:58:02,400 [Listener at 0.0.0.0/39443] INFO  server.AbstractConnector (AbstractConnector.java:doStart(330)) - Started ServerConnector@49679797{HTTP/1.1,[http/1.1]}{0.0.0.0:42073}
2020-10-15 01:58:02,400 [Listener at 0.0.0.0/39443] INFO  server.Server (Server.java:doStart(399)) - Started @2984ms
2020-10-15 01:58:02,405 [Listener at 0.0.0.0/39443] INFO  impl.MetricsSinkAdapter (MetricsSinkAdapter.java:start(204)) - Sink prometheus started
2020-10-15 01:58:02,405 [Listener at 0.0.0.0/39443] INFO  impl.MetricsSystemImpl (MetricsSystemImpl.java:registerSink(301)) - Registered sink prometheus
2020-10-15 01:58:02,409 [Listener at 0.0.0.0/39443] INFO  http.BaseHttpServer (BaseHttpServer.java:updateConnectorAddress(327)) - HTTP server of scm listening at http://0.0.0.0:42073
2020-10-15 01:58:02,425 [Listener at 0.0.0.0/39443] WARN  server.ServerUtils (ServerUtils.java:getDBPath(225)) - ozone.om.db.dirs is not configured. We recommend adding this setting. Falling back to ozone.metadata.dirs instead.
2020-10-15 01:58:02,427 [org.apache.hadoop.util.JvmPauseMonitor$Monitor@7c1b1ceb] INFO  util.JvmPauseMonitor (JvmPauseMonitor.java:run(188)) - Starting JVM pause monitor
2020-10-15 01:58:02,544 [Listener at 0.0.0.0/39443] INFO  ha.OMHANodeDetails (OMHANodeDetails.java:loadOMHAConfig(110)) - ServiceID for OzoneManager is om-service-test1
2020-10-15 01:58:02,547 [Listener at 0.0.0.0/39443] INFO  ha.OMHANodeDetails (OMHANodeDetails.java:loadOMHAConfig(188)) - Found matching OM address with OMServiceId: om-service-test1, OMNodeId: omNode-1, RPC Address: localhost:10664 and Ratis port: 10668
2020-10-15 01:58:02,547 [Listener at 0.0.0.0/39443] INFO  ha.OMHANodeDetails (OMHANodeDetails.java:setOMNodeSpecificConfigs(314)) - Setting configuration key ozone.om.http-address with value of key ozone.om.http-address.omNode-1: 127.0.0.1:10666
2020-10-15 01:58:02,547 [Listener at 0.0.0.0/39443] INFO  ha.OMHANodeDetails (OMHANodeDetails.java:setOMNodeSpecificConfigs(314)) - Setting configuration key ozone.om.https-address with value of key ozone.om.https-address.omNode-1: 127.0.0.1:10667
2020-10-15 01:58:02,547 [Listener at 0.0.0.0/39443] INFO  ha.OMHANodeDetails (OMHANodeDetails.java:setOMNodeSpecificConfigs(314)) - Setting configuration key ozone.om.address with value of key ozone.om.address.omNode-1: 127.0.0.1:10664
2020-10-15 01:58:02,548 [Listener at 0.0.0.0/39443] WARN  server.ServerUtils (ServerUtils.java:getDBPath(225)) - ozone.om.db.dirs is not configured. We recommend adding this setting. Falling back to ozone.metadata.dirs instead.
2020-10-15 01:58:02,548 [Listener at 0.0.0.0/39443] WARN  server.ServerUtils (ServerUtils.java:getDBPath(225)) - ozone.om.db.dirs is not configured. We recommend adding this setting. Falling back to ozone.metadata.dirs instead.
2020-10-15 01:58:03,292 [Listener at 0.0.0.0/39443] WARN  server.ServerUtils (ServerUtils.java:getDBPath(225)) - ozone.om.db.dirs is not configured. We recommend adding this setting. Falling back to ozone.metadata.dirs instead.
2020-10-15 01:58:03,298 [Listener at 0.0.0.0/39443] INFO  codec.OmKeyInfoCodec (OmKeyInfoCodec.java:<init>(41)) - OmKeyInfoCodec ignorePipeline = true
2020-10-15 01:58:03,300 [Listener at 0.0.0.0/39443] INFO  codec.RepeatedOmKeyInfoCodec (RepeatedOmKeyInfoCodec.java:<init>(40)) - RepeatedOmKeyInfoCodec ignorePipeline = true
2020-10-15 01:58:03,445 [Listener at 0.0.0.0/39443] INFO  om.OzoneManager (OzoneManager.java:addS3GVolumeToDB(3622)) - Created Volume s3v With Owner jenkins1001 required for S3Gateway operations.
2020-10-15 01:58:03,460 [Listener at 0.0.0.0/39443] INFO  metrics.MetricRegistries (MetricRegistriesLoader.java:load(64)) - Loaded MetricRegistries class org.apache.ratis.metrics.impl.MetricRegistriesImpl
2020-10-15 01:58:03,502 [Listener at 0.0.0.0/39443] WARN  server.ServerUtils (ServerUtils.java:getDefaultRatisDirectory(237)) - Storage directory for Ratis is not configured. It is a good idea to map this to an SSD disk. Falling back to ozone.metadata.dirs
2020-10-15 01:58:03,534 [Listener at 0.0.0.0/39443] INFO  ratis.OzoneManagerRatisServer (OzoneManagerRatisServer.java:<init>(270)) - Instantiating OM Ratis server with GroupID: om-service-test1 and Raft Peers: localhost:10668, localhost:10674, localhost:10680
2020-10-15 01:58:03,543 [Listener at 0.0.0.0/39443] INFO  ratis.OzoneManagerStateMachine (OzoneManagerStateMachine.java:loadSnapshotInfoFromDB(519)) - LastAppliedIndex is set from TransactionInfo from OM DB as (t:0, i:~)
2020-10-15 01:58:03,563 [Listener at 0.0.0.0/39443] INFO  impl.RaftServerProxy (ConfUtils.java:logGet(44)) - raft.rpc.type = GRPC (default)
2020-10-15 01:58:03,628 [Listener at 0.0.0.0/39443] INFO  grpc.GrpcFactory (GrpcFactory.java:checkPooledByteBufAllocatorUseCacheForAllThreads(45)) - PERFORMANCE WARNING: useCacheForAllThreads is true that may cause Netty to create a lot garbage objects and, as a result, trigger GC.
	It is recommended to disable useCacheForAllThreads by setting -Dorg.apache.ratis.thirdparty.io.netty.allocator.useCacheForAllThreads=false in command line.
2020-10-15 01:58:03,632 [Listener at 0.0.0.0/39443] INFO  grpc.GrpcConfigKeys (ConfUtils.java:logGet(44)) - raft.grpc.server.port = 10668 (custom)
2020-10-15 01:58:03,633 [Listener at 0.0.0.0/39443] INFO  server.GrpcService (ConfUtils.java:logGet(44)) - raft.grpc.message.size.max = 33554432 (custom)
2020-10-15 01:58:03,635 [Listener at 0.0.0.0/39443] INFO  server.RaftServerConfigKeys (ConfUtils.java:logGet(44)) - raft.server.log.appender.buffer.byte-limit = 33554432 (custom)
2020-10-15 01:58:03,635 [Listener at 0.0.0.0/39443] INFO  server.GrpcService (ConfUtils.java:logGet(44)) - raft.grpc.flow.control.window = 1MB (=1048576) (default)
2020-10-15 01:58:03,636 [Listener at 0.0.0.0/39443] INFO  server.RaftServerConfigKeys (ConfUtils.java:logGet(44)) - raft.server.rpc.request.timeout = 3000ms (default)
2020-10-15 01:58:03,811 [Listener at 0.0.0.0/39443] INFO  server.RaftServerConfigKeys (ConfUtils.java:logGet(44)) - raft.server.storage.dir = [/github/workspace/mnt/ozone/hadoop-ozone/integration-test/target/test-dir/MiniOzoneClusterImpl-58e8adfc-9d81-40cd-9dee-7bd6cd075720/omNode-1/ratis] (custom)
2020-10-15 01:58:03,817 [Listener at 0.0.0.0/39443] INFO  impl.RaftServerProxy (RaftServerProxy.java:addNew(92)) - omNode-1: addNew group-523986131536:[omNode-3:localhost:10680:0, omNode-1:localhost:10668:0, omNode-2:localhost:10674:0] returns group-523986131536:java.util.concurrent.CompletableFuture@212c0472[Not completed]
2020-10-15 01:58:03,825 [Listener at 0.0.0.0/39443] INFO  om.OzoneManager (OzoneManager.java:initializeRatisServer(1279)) - OzoneManager Ratis server initialized at port 10668
2020-10-15 01:58:03,825 [Listener at 0.0.0.0/39443] WARN  server.ServerUtils (ServerUtils.java:getDefaultRatisDirectory(237)) - Storage directory for Ratis is not configured. It is a good idea to map this to an SSD disk. Falling back to ozone.metadata.dirs
2020-10-15 01:58:03,825 [Listener at 0.0.0.0/39443] WARN  server.ServerUtils (ServerUtils.java:getDefaultRatisDirectory(237)) - Storage directory for Ratis is not configured. It is a good idea to map this to an SSD disk. Falling back to ozone.metadata.dirs
2020-10-15 01:58:03,827 [Listener at 0.0.0.0/39443] INFO  snapshot.OzoneManagerSnapshotProvider (OzoneManagerSnapshotProvider.java:<init>(77)) - Initializing OM Snapshot Provider
2020-10-15 01:58:03,836 [pool-24-thread-1] INFO  impl.RaftServerImpl (RaftServerImpl.java:<init>(120)) - omNode-1: new RaftServerImpl for group-523986131536:[omNode-3:localhost:10680:0, omNode-1:localhost:10668:0, omNode-2:localhost:10674:0] with OzoneManagerStateMachine:uninitialized
2020-10-15 01:58:03,837 [pool-24-thread-1] INFO  server.RaftServerConfigKeys (ConfUtils.java:logGet(44)) - raft.server.rpc.timeout.min = 1s (custom)
2020-10-15 01:58:03,839 [pool-24-thread-1] INFO  server.RaftServerConfigKeys (ConfUtils.java:logGet(44)) - raft.server.rpc.timeout.max = 1200ms (custom)
2020-10-15 01:58:03,840 [pool-24-thread-1] INFO  server.RaftServerConfigKeys (ConfUtils.java:logGet(44)) - raft.server.rpcslowness.timeout = 2s (custom)
2020-10-15 01:58:03,840 [pool-24-thread-1] INFO  server.RaftServerConfigKeys (ConfUtils.java:logGet(44)) - raft.server.sleep.deviation.threshold = 300 (default)
2020-10-15 01:58:03,841 [pool-24-thread-1] INFO  server.RaftServerConfigKeys (ConfUtils.java:logGet(44)) - raft.server.log.appender.install.snapshot.enabled = false (custom)
2020-10-15 01:58:03,847 [pool-24-thread-1] INFO  impl.RaftServerImpl (ServerState.java:<init>(104)) - omNode-1@group-523986131536: ConfigurationManager, init=-1: [omNode-3:localhost:10680:0, omNode-1:localhost:10668:0, omNode-2:localhost:10674:0], old=null, confs=<EMPTY_MAP>
2020-10-15 01:58:03,850 [pool-24-thread-1] INFO  server.RaftServerConfigKeys (ConfUtils.java:logGet(44)) - raft.server.storage.dir = [/github/workspace/mnt/ozone/hadoop-ozone/integration-test/target/test-dir/MiniOzoneClusterImpl-58e8adfc-9d81-40cd-9dee-7bd6cd075720/omNode-1/ratis] (custom)
2020-10-15 01:58:03,854 [pool-24-thread-1] INFO  server.RaftServerConfigKeys (ConfUtils.java:logGet(44)) - raft.server.log.corruption.policy = EXCEPTION (default)
2020-10-15 01:58:03,856 [pool-24-thread-1] INFO  storage.RaftStorageDirectory (RaftStorageDirectory.java:analyzeStorage(261)) - The storage directory /github/workspace/mnt/ozone/hadoop-ozone/integration-test/target/test-dir/MiniOzoneClusterImpl-58e8adfc-9d81-40cd-9dee-7bd6cd075720/omNode-1/ratis/c9bc4cf4-3bc3-3c60-a66b-523986131536 does not exist. Creating ...
2020-10-15 01:58:03,860 [pool-24-thread-1] INFO  storage.RaftStorageDirectory (RaftStorageDirectory.java:tryLock(343)) - Lock on /github/workspace/mnt/ozone/hadoop-ozone/integration-test/target/test-dir/MiniOzoneClusterImpl-58e8adfc-9d81-40cd-9dee-7bd6cd075720/omNode-1/ratis/c9bc4cf4-3bc3-3c60-a66b-523986131536/in_use.lock acquired by nodename 10758@a778b8114e86
2020-10-15 01:58:03,878 [pool-24-thread-1] INFO  storage.RaftStorage (RaftStorage.java:format(84)) - Storage directory /github/workspace/mnt/ozone/hadoop-ozone/integration-test/target/test-dir/MiniOzoneClusterImpl-58e8adfc-9d81-40cd-9dee-7bd6cd075720/omNode-1/ratis/c9bc4cf4-3bc3-3c60-a66b-523986131536 has been successfully formatted.
2020-10-15 01:58:03,879 [pool-24-thread-1] INFO  server.RaftServerConfigKeys (ConfUtils.java:logGet(44)) - raft.server.notification.no-leader.timeout = 2s (custom)
2020-10-15 01:58:03,881 [pool-24-thread-1] INFO  server.RaftServerConfigKeys (ConfUtils.java:logGet(44)) - raft.server.log.use.memory = false (default)
2020-10-15 01:58:03,892 [pool-24-thread-1] INFO  server.RaftServerConfigKeys (ConfUtils.java:logGet(44)) - raft.server.log.purge.gap = 50 (custom)
2020-10-15 01:58:03,895 [pool-24-thread-1] INFO  metrics.RatisMetrics (RatisMetrics.java:lambda$create$0(36)) - Creating Metrics Registry : ratis.log_worker.omNode-1@group-523986131536
2020-10-15 01:58:03,908 [pool-24-thread-1] INFO  server.RaftServerConfigKeys (ConfUtils.java:logGet(44)) - raft.server.log.appender.buffer.byte-limit = 33554432 (custom)
2020-10-15 01:58:03,921 [pool-24-thread-1] INFO  server.RaftServerConfigKeys (ConfUtils.java:logGet(44)) - raft.server.log.segment.size.max = 4194304 (custom)
2020-10-15 01:58:03,928 [pool-24-thread-1] INFO  server.RaftServerConfigKeys (ConfUtils.java:logGet(44)) - raft.server.log.segment.cache.num.max = 2 (custom)
2020-10-15 01:58:03,939 [pool-24-thread-1] INFO  segmented.SegmentedRaftLogWorker (SegmentedRaftLogWorker.java:<init>(180)) - new omNode-1@group-523986131536-SegmentedRaftLogWorker for RaftStorage:Storage Directory /github/workspace/mnt/ozone/hadoop-ozone/integration-test/target/test-dir/MiniOzoneClusterImpl-58e8adfc-9d81-40cd-9dee-7bd6cd075720/omNode-1/ratis/c9bc4cf4-3bc3-3c60-a66b-523986131536
2020-10-15 01:58:03,940 [pool-24-thread-1] INFO  server.RaftServerConfigKeys (ConfUtils.java:logGet(44)) - raft.server.log.queue.byte-limit = 64MB (=67108864) (default)
2020-10-15 01:58:03,945 [pool-24-thread-1] INFO  server.RaftServerConfigKeys (ConfUtils.java:logGet(44)) - raft.server.log.queue.element-limit = 4096 (default)
2020-10-15 01:58:03,946 [pool-24-thread-1] INFO  server.RaftServerConfigKeys (ConfUtils.java:logGet(44)) - raft.server.log.segment.size.max = 4194304 (custom)
2020-10-15 01:58:03,946 [pool-24-thread-1] INFO  server.RaftServerConfigKeys (ConfUtils.java:logGet(44)) - raft.server.log.preallocated.size = 4194304 (custom)
2020-10-15 01:58:03,947 [pool-24-thread-1] INFO  server.RaftServerConfigKeys (ConfUtils.java:logGet(44)) - raft.server.log.write.buffer.size = 64KB (=65536) (default)
2020-10-15 01:58:03,947 [pool-24-thread-1] INFO  server.RaftServerConfigKeys (ConfUtils.java:logGet(44)) - raft.server.log.force.sync.num = 128 (default)
2020-10-15 01:58:03,949 [pool-24-thread-1] INFO  server.RaftServerConfigKeys (ConfUtils.java:logGet(44)) - raft.server.log.statemachine.data.sync = true (default)
2020-10-15 01:58:03,953 [pool-24-thread-1] INFO  server.RaftServerConfigKeys (ConfUtils.java:logGet(44)) - raft.server.log.statemachine.data.sync.timeout = 10s (default)
2020-10-15 01:58:03,953 [pool-24-thread-1] INFO  server.RaftServerConfigKeys (ConfUtils.java:logGet(44)) - raft.server.log.statemachine.data.sync.timeout.retry = -1 (default)
2020-10-15 01:58:03,973 [pool-24-thread-1] INFO  server.RaftServerConfigKeys (ConfUtils.java:logGet(44)) - raft.server.log.statemachine.data.caching.enabled = false (default)
2020-10-15 01:58:03,974 [Listener at 0.0.0.0/39443] INFO  ipc.CallQueueManager (CallQueueManager.java:<init>(84)) - Using callQueue: class java.util.concurrent.LinkedBlockingQueue, queueCapacity: 2000, scheduler: class org.apache.hadoop.ipc.DefaultRpcScheduler, ipcBackoff: false.
2020-10-15 01:58:03,975 [Socket Reader #1 for port 10664] INFO  ipc.Server (Server.java:run(1219)) - Starting Socket Reader #1 for port 10664
2020-10-15 01:58:03,997 [pool-24-thread-1] INFO  segmented.SegmentedRaftLogWorker (SegmentedRaftLogWorker.java:lambda$new$0(129)) - omNode-1@group-523986131536-SegmentedRaftLogWorker: flushIndex: setUnconditionally 0 -> -1
2020-10-15 01:58:03,997 [pool-24-thread-1] INFO  segmented.SegmentedRaftLogWorker (SegmentedRaftLogWorker.java:lambda$new$0(129)) - omNode-1@group-523986131536-SegmentedRaftLogWorker: safeCacheEvictIndex: setUnconditionally 0 -> -1
2020-10-15 01:58:04,011 [pool-24-thread-1] INFO  server.RaftServerConfigKeys (ConfUtils.java:logGet(44)) - raft.server.snapshot.auto.trigger.enabled = true (custom)
2020-10-15 01:58:04,012 [pool-24-thread-1] INFO  server.RaftServerConfigKeys (ConfUtils.java:logGet(44)) - raft.server.snapshot.auto.trigger.threshold = 50 (custom)
2020-10-15 01:58:04,012 [pool-24-thread-1] INFO  server.RaftServerConfigKeys (ConfUtils.java:logGet(44)) - raft.server.snapshot.retention.file.num = -1 (default)
2020-10-15 01:58:04,013 [pool-24-thread-1] INFO  server.RaftServerConfigKeys (ConfUtils.java:logGet(44)) - raft.server.log.purge.upto.snapshot.index = true (custom)
2020-10-15 01:58:04,013 [pool-24-thread-1] INFO  server.RaftServerConfigKeys (ConfUtils.java:logGet(44)) - raft.server.retrycache.expirytime = 600000ms (custom)
2020-10-15 01:58:04,015 [Listener at 127.0.0.1/10664] INFO  impl.MetricsSystemImpl (MetricsSystemImpl.java:init(158)) - OzoneManager metrics system started (again)
2020-10-15 01:58:04,026 [Listener at 127.0.0.1/10664] INFO  om.OzoneManager (OzoneManager.java:start(1133)) - OzoneManager RPC server is listening at localhost/127.0.0.1:10664
2020-10-15 01:58:04,026 [Listener at 127.0.0.1/10664] INFO  ratis.OzoneManagerRatisServer (OzoneManagerRatisServer.java:start(372)) - Starting OzoneManagerRatisServer omNode-1 at port 10668
2020-10-15 01:58:04,039 [pool-24-thread-1] INFO  metrics.RatisMetrics (RatisMetrics.java:lambda$create$0(36)) - Creating Metrics Registry : ratis.leader_election.omNode-1@group-523986131536
2020-10-15 01:58:04,041 [pool-24-thread-1] INFO  metrics.RatisMetrics (RatisMetrics.java:lambda$create$0(36)) - Creating Metrics Registry : ratis.server.omNode-1@group-523986131536
2020-10-15 01:58:04,045 [Listener at 127.0.0.1/10664] INFO  impl.RaftServerImpl (RaftServerImpl.java:start(209)) - omNode-1@group-523986131536: start as a follower, conf=-1: [omNode-3:localhost:10680:0, omNode-1:localhost:10668:0, omNode-2:localhost:10674:0], old=null
2020-10-15 01:58:04,046 [Listener at 127.0.0.1/10664] INFO  impl.RaftServerImpl (RaftServerImpl.java:setRole(198)) - omNode-1@group-523986131536: changes role from      null to FOLLOWER at term 0 for startAsFollower
2020-10-15 01:58:04,047 [Listener at 127.0.0.1/10664] INFO  impl.RoleInfo (RoleInfo.java:updateAndGet(143)) - omNode-1: start FollowerState
2020-10-15 01:58:04,050 [Listener at 127.0.0.1/10664] INFO  util.JmxRegister (JmxRegister.java:tryRegister(44)) - Successfully registered JMX Bean with object name Ratis:service=RaftServer,group=group-523986131536,id=omNode-1
2020-10-15 01:58:04,051 [Listener at 127.0.0.1/10664] INFO  metrics.RatisMetrics (RatisMetrics.java:lambda$create$0(36)) - Creating Metrics Registry : ratis.state_machine.omNode-1@group-523986131536
2020-10-15 01:58:04,057 [Listener at 127.0.0.1/10664] INFO  impl.RaftServerProxy (RaftServerProxy.java:lambda$start$3(307)) - omNode-1: start RPC server
2020-10-15 01:58:04,137 [Listener at 127.0.0.1/10664] INFO  server.GrpcService (GrpcService.java:startImpl(177)) - omNode-1: GrpcService started, listening on 0.0.0.0/0.0.0.0:10668
2020-10-15 01:58:04,154 [Listener at 127.0.0.1/10664] INFO  http.BaseHttpServer (BaseHttpServer.java:newHttpServer2BuilderForOzone(207)) - Starting Web-server for ozoneManager at: http://0.0.0.0:10666
2020-10-15 01:58:04,154 [Listener at 127.0.0.1/10664] INFO  http.BaseHttpServer (BaseHttpServer.java:<init>(106)) - Hadoop Security Enabled: false Ozone Security Enabled: false Ozone HTTP Security Enabled: false 
2020-10-15 01:58:04,155 [Listener at 127.0.0.1/10664] INFO  server.AuthenticationFilter (AuthenticationFilter.java:constructSecretProvider(240)) - Unable to initialize FileSignerSecretProvider, falling back to use random secrets.
2020-10-15 01:58:04,157 [Listener at 127.0.0.1/10664] WARN  http.HttpRequestLog (HttpRequestLog.java:getRequestLog(103)) - Jetty request log can only be enabled using Log4j
2020-10-15 01:58:04,158 [Listener at 127.0.0.1/10664] INFO  http.HttpServer2 (HttpServer2.java:addGlobalFilter(1019)) - Added global filter 'safety' (class=org.apache.hadoop.hdds.server.http.HttpServer2$QuotingInputFilter)
2020-10-15 01:58:04,159 [Listener at 127.0.0.1/10664] INFO  http.HttpServer2 (HttpServer2.java:addFilter(995)) - Added filter static_user_filter (class=org.apache.hadoop.http.lib.StaticUserWebFilter$StaticUserFilter) to context ozoneManager
2020-10-15 01:58:04,159 [Listener at 127.0.0.1/10664] INFO  http.HttpServer2 (HttpServer2.java:addFilter(1003)) - Added filter static_user_filter (class=org.apache.hadoop.http.lib.StaticUserWebFilter$StaticUserFilter) to context static
2020-10-15 01:58:04,159 [Listener at 127.0.0.1/10664] INFO  http.HttpServer2 (HttpServer2.java:addFilter(1003)) - Added filter static_user_filter (class=org.apache.hadoop.http.lib.StaticUserWebFilter$StaticUserFilter) to context logs
2020-10-15 01:58:04,166 [Listener at 127.0.0.1/10664] INFO  http.HttpServer2 (HttpServer2.java:bindListener(1237)) - Jetty bound to port 10666
2020-10-15 01:58:04,166 [Listener at 127.0.0.1/10664] INFO  server.Server (Server.java:doStart(359)) - jetty-9.4.26.v20200117; built: 2020-01-17T12:35:33.676Z; git: 7b38981d25d14afb4a12ff1f2596756144edf695; jvm 1.8.0_232-b09
2020-10-15 01:58:04,178 [Listener at 127.0.0.1/10664] INFO  server.session (DefaultSessionIdManager.java:doStart(333)) - DefaultSessionIdManager workerName=node0
2020-10-15 01:58:04,179 [Listener at 127.0.0.1/10664] INFO  server.session (DefaultSessionIdManager.java:doStart(338)) - No SessionScavenger set, using defaults
2020-10-15 01:58:04,179 [Listener at 127.0.0.1/10664] INFO  server.session (HouseKeeper.java:startScavenging(140)) - node0 Scavenging every 600000ms
2020-10-15 01:58:04,182 [Listener at 127.0.0.1/10664] INFO  handler.ContextHandler (ContextHandler.java:doStart(825)) - Started o.e.j.s.ServletContextHandler@36859488{logs,/logs,file:///github/workspace/mnt/ozone/hadoop-ozone/integration-test/target/log,AVAILABLE}
2020-10-15 01:58:04,182 [Listener at 127.0.0.1/10664] INFO  handler.ContextHandler (ContextHandler.java:doStart(825)) - Started o.e.j.s.ServletContextHandler@25e572c0{static,/static,file:///github/workspace/mnt/ozone/hadoop-ozone/integration-test/target/test-classes/webapps/static,AVAILABLE}
2020-10-15 01:58:04,198 [Listener at 127.0.0.1/10664] INFO  handler.ContextHandler (ContextHandler.java:doStart(825)) - Started o.e.j.w.WebAppContext@5b4059e8{ozoneManager,/,file:///github/workspace/mnt/ozone/hadoop-ozone/integration-test/target/test-classes/webapps/ozoneManager/,AVAILABLE}{file:/github/workspace/mnt/ozone/hadoop-ozone/integration-test/target/test-classes/webapps/ozoneManager}
2020-10-15 01:58:04,200 [Listener at 127.0.0.1/10664] INFO  server.AbstractConnector (AbstractConnector.java:doStart(330)) - Started ServerConnector@3949b090{HTTP/1.1,[http/1.1]}{0.0.0.0:10666}
2020-10-15 01:58:04,201 [Listener at 127.0.0.1/10664] INFO  server.Server (Server.java:doStart(399)) - Started @4785ms
2020-10-15 01:58:04,201 [Listener at 127.0.0.1/10664] WARN  impl.MetricsSystemImpl (MetricsSystemImpl.java:register(276)) - Sink prometheus already exists!
2020-10-15 01:58:04,204 [Listener at 127.0.0.1/10664] INFO  http.BaseHttpServer (BaseHttpServer.java:updateConnectorAddress(327)) - HTTP server of ozoneManager listening at http://0.0.0.0:10666
2020-10-15 01:58:04,209 [IPC Server Responder] INFO  ipc.Server (Server.java:run(1460)) - IPC Server Responder: starting
2020-10-15 01:58:04,214 [IPC Server listener on 10664] INFO  ipc.Server (Server.java:run(1298)) - IPC Server listener on 10664: starting
2020-10-15 01:58:04,261 [Listener at 127.0.0.1/10664] INFO  ozone.MiniOzoneHAClusterImpl (MiniOzoneHAClusterImpl.java:createOMService(380)) - Started OzoneManager RPC server at localhost/127.0.0.1:10664
2020-10-15 01:58:04,261 [org.apache.hadoop.util.JvmPauseMonitor$Monitor@2193c73e] INFO  util.JvmPauseMonitor (JvmPauseMonitor.java:run(188)) - Starting JVM pause monitor
2020-10-15 01:58:04,262 [Listener at 127.0.0.1/10664] WARN  server.ServerUtils (ServerUtils.java:getDBPath(225)) - ozone.om.db.dirs is not configured. We recommend adding this setting. Falling back to ozone.metadata.dirs instead.
2020-10-15 01:58:04,264 [Listener at 127.0.0.1/10664] INFO  ha.OMHANodeDetails (OMHANodeDetails.java:loadOMHAConfig(110)) - ServiceID for OzoneManager is om-service-test1
2020-10-15 01:58:04,264 [Listener at 127.0.0.1/10664] INFO  ha.OMHANodeDetails (OMHANodeDetails.java:loadOMHAConfig(188)) - Found matching OM address with OMServiceId: om-service-test1, OMNodeId: omNode-2, RPC Address: localhost:10670 and Ratis port: 10674
2020-10-15 01:58:04,264 [Listener at 127.0.0.1/10664] INFO  ha.OMHANodeDetails (OMHANodeDetails.java:setOMNodeSpecificConfigs(314)) - Setting configuration key ozone.om.http-address with value of key ozone.om.http-address.omNode-2: 127.0.0.1:10672
2020-10-15 01:58:04,265 [Listener at 127.0.0.1/10664] INFO  ha.OMHANodeDetails (OMHANodeDetails.java:setOMNodeSpecificConfigs(314)) - Setting configuration key ozone.om.https-address with value of key ozone.om.https-address.omNode-2: 127.0.0.1:10673
2020-10-15 01:58:04,265 [Listener at 127.0.0.1/10664] INFO  ha.OMHANodeDetails (OMHANodeDetails.java:setOMNodeSpecificConfigs(314)) - Setting configuration key ozone.om.address with value of key ozone.om.address.omNode-2: 127.0.0.1:10670
2020-10-15 01:58:04,265 [Listener at 127.0.0.1/10664] WARN  server.ServerUtils (ServerUtils.java:getDBPath(225)) - ozone.om.db.dirs is not configured. We recommend adding this setting. Falling back to ozone.metadata.dirs instead.
2020-10-15 01:58:04,265 [Listener at 127.0.0.1/10664] WARN  server.ServerUtils (ServerUtils.java:getDBPath(225)) - ozone.om.db.dirs is not configured. We recommend adding this setting. Falling back to ozone.metadata.dirs instead.
2020-10-15 01:58:04,269 [Listener at 127.0.0.1/10664] WARN  server.ServerUtils (ServerUtils.java:getDBPath(225)) - ozone.om.db.dirs is not configured. We recommend adding this setting. Falling back to ozone.metadata.dirs instead.
2020-10-15 01:58:04,271 [Listener at 127.0.0.1/10664] INFO  codec.OmKeyInfoCodec (OmKeyInfoCodec.java:<init>(41)) - OmKeyInfoCodec ignorePipeline = true
2020-10-15 01:58:04,271 [Listener at 127.0.0.1/10664] INFO  codec.RepeatedOmKeyInfoCodec (RepeatedOmKeyInfoCodec.java:<init>(40)) - RepeatedOmKeyInfoCodec ignorePipeline = true
2020-10-15 01:58:04,330 [Listener at 127.0.0.1/10664] INFO  om.OzoneManager (OzoneManager.java:addS3GVolumeToDB(3622)) - Created Volume s3v With Owner jenkins1001 required for S3Gateway operations.
2020-10-15 01:58:04,330 [Listener at 127.0.0.1/10664] WARN  server.ServerUtils (ServerUtils.java:getDefaultRatisDirectory(237)) - Storage directory for Ratis is not configured. It is a good idea to map this to an SSD disk. Falling back to ozone.metadata.dirs
2020-10-15 01:58:04,332 [Listener at 127.0.0.1/10664] INFO  ratis.OzoneManagerRatisServer (OzoneManagerRatisServer.java:<init>(270)) - Instantiating OM Ratis server with GroupID: om-service-test1 and Raft Peers: localhost:10674, localhost:10668, localhost:10680
2020-10-15 01:58:04,333 [Listener at 127.0.0.1/10664] INFO  ratis.OzoneManagerStateMachine (OzoneManagerStateMachine.java:loadSnapshotInfoFromDB(519)) - LastAppliedIndex is set from TransactionInfo from OM DB as (t:0, i:~)
2020-10-15 01:58:04,333 [Listener at 127.0.0.1/10664] INFO  impl.RaftServerProxy (ConfUtils.java:logGet(44)) - raft.rpc.type = GRPC (default)
2020-10-15 01:58:04,333 [Listener at 127.0.0.1/10664] INFO  grpc.GrpcFactory (GrpcFactory.java:checkPooledByteBufAllocatorUseCacheForAllThreads(45)) - PERFORMANCE WARNING: useCacheForAllThreads is true that may cause Netty to create a lot garbage objects and, as a result, trigger GC.
	It is recommended to disable useCacheForAllThreads by setting -Dorg.apache.ratis.thirdparty.io.netty.allocator.useCacheForAllThreads=false in command line.
2020-10-15 01:58:04,333 [Listener at 127.0.0.1/10664] INFO  grpc.GrpcConfigKeys (ConfUtils.java:logGet(44)) - raft.grpc.server.port = 10674 (custom)
2020-10-15 01:58:04,333 [Listener at 127.0.0.1/10664] INFO  server.GrpcService (ConfUtils.java:logGet(44)) - raft.grpc.message.size.max = 33554432 (custom)
2020-10-15 01:58:04,334 [Listener at 127.0.0.1/10664] INFO  server.RaftServerConfigKeys (ConfUtils.java:logGet(44)) - raft.server.log.appender.buffer.byte-limit = 33554432 (custom)
2020-10-15 01:58:04,334 [Listener at 127.0.0.1/10664] INFO  server.GrpcService (ConfUtils.java:logGet(44)) - raft.grpc.flow.control.window = 1MB (=1048576) (default)
2020-10-15 01:58:04,334 [Listener at 127.0.0.1/10664] INFO  server.RaftServerConfigKeys (ConfUtils.java:logGet(44)) - raft.server.rpc.request.timeout = 3000ms (default)
2020-10-15 01:58:04,335 [Listener at 127.0.0.1/10664] INFO  server.RaftServerConfigKeys (ConfUtils.java:logGet(44)) - raft.server.storage.dir = [/github/workspace/mnt/ozone/hadoop-ozone/integration-test/target/test-dir/MiniOzoneClusterImpl-58e8adfc-9d81-40cd-9dee-7bd6cd075720/omNode-2/ratis] (custom)
2020-10-15 01:58:04,337 [Listener at 127.0.0.1/10664] INFO  impl.RaftServerProxy (RaftServerProxy.java:addNew(92)) - omNode-2: addNew group-523986131536:[omNode-3:localhost:10680:0, omNode-1:localhost:10668:0, omNode-2:localhost:10674:0] returns group-523986131536:java.util.concurrent.CompletableFuture@3f63cdfa[Not completed]
2020-10-15 01:58:04,337 [pool-42-thread-1] INFO  impl.RaftServerImpl (RaftServerImpl.java:<init>(120)) - omNode-2: new RaftServerImpl for group-523986131536:[omNode-3:localhost:10680:0, omNode-1:localhost:10668:0, omNode-2:localhost:10674:0] with OzoneManagerStateMachine:uninitialized
2020-10-15 01:58:04,341 [Listener at 127.0.0.1/10664] INFO  om.OzoneManager (OzoneManager.java:initializeRatisServer(1279)) - OzoneManager Ratis server initialized at port 10674
2020-10-15 01:58:04,341 [Listener at 127.0.0.1/10664] WARN  server.ServerUtils (ServerUtils.java:getDefaultRatisDirectory(237)) - Storage directory for Ratis is not configured. It is a good idea to map this to an SSD disk. Falling back to ozone.metadata.dirs
2020-10-15 01:58:04,341 [Listener at 127.0.0.1/10664] WARN  server.ServerUtils (ServerUtils.java:getDefaultRatisDirectory(237)) - Storage directory for Ratis is not configured. It is a good idea to map this to an SSD disk. Falling back to ozone.metadata.dirs
2020-10-15 01:58:04,341 [Listener at 127.0.0.1/10664] INFO  snapshot.OzoneManagerSnapshotProvider (OzoneManagerSnapshotProvider.java:<init>(77)) - Initializing OM Snapshot Provider
2020-10-15 01:58:04,344 [Listener at 127.0.0.1/10664] INFO  ipc.CallQueueManager (CallQueueManager.java:<init>(84)) - Using callQueue: class java.util.concurrent.LinkedBlockingQueue, queueCapacity: 2000, scheduler: class org.apache.hadoop.ipc.DefaultRpcScheduler, ipcBackoff: false.
2020-10-15 01:58:04,348 [pool-42-thread-1] INFO  server.RaftServerConfigKeys (ConfUtils.java:logGet(44)) - raft.server.rpc.timeout.min = 1s (custom)
2020-10-15 01:58:04,348 [pool-42-thread-1] INFO  server.RaftServerConfigKeys (ConfUtils.java:logGet(44)) - raft.server.rpc.timeout.max = 1200ms (custom)
2020-10-15 01:58:04,348 [pool-42-thread-1] INFO  server.RaftServerConfigKeys (ConfUtils.java:logGet(44)) - raft.server.rpcslowness.timeout = 2s (custom)
2020-10-15 01:58:04,348 [pool-42-thread-1] INFO  server.RaftServerConfigKeys (ConfUtils.java:logGet(44)) - raft.server.sleep.deviation.threshold = 300 (default)
2020-10-15 01:58:04,348 [pool-42-thread-1] INFO  server.RaftServerConfigKeys (ConfUtils.java:logGet(44)) - raft.server.log.appender.install.snapshot.enabled = false (custom)
2020-10-15 01:58:04,349 [pool-42-thread-1] INFO  impl.RaftServerImpl (ServerState.java:<init>(104)) - omNode-2@group-523986131536: ConfigurationManager, init=-1: [omNode-3:localhost:10680:0, omNode-1:localhost:10668:0, omNode-2:localhost:10674:0], old=null, confs=<EMPTY_MAP>
2020-10-15 01:58:04,349 [pool-42-thread-1] INFO  server.RaftServerConfigKeys (ConfUtils.java:logGet(44)) - raft.server.storage.dir = [/github/workspace/mnt/ozone/hadoop-ozone/integration-test/target/test-dir/MiniOzoneClusterImpl-58e8adfc-9d81-40cd-9dee-7bd6cd075720/omNode-2/ratis] (custom)
2020-10-15 01:58:04,350 [pool-42-thread-1] INFO  server.RaftServerConfigKeys (ConfUtils.java:logGet(44)) - raft.server.log.corruption.policy = EXCEPTION (default)
2020-10-15 01:58:04,350 [Socket Reader #1 for port 10670] INFO  ipc.Server (Server.java:run(1219)) - Starting Socket Reader #1 for port 10670
2020-10-15 01:58:04,350 [pool-42-thread-1] INFO  storage.RaftStorageDirectory (RaftStorageDirectory.java:analyzeStorage(261)) - The storage directory /github/workspace/mnt/ozone/hadoop-ozone/integration-test/target/test-dir/MiniOzoneClusterImpl-58e8adfc-9d81-40cd-9dee-7bd6cd075720/omNode-2/ratis/c9bc4cf4-3bc3-3c60-a66b-523986131536 does not exist. Creating ...
2020-10-15 01:58:04,358 [pool-42-thread-1] INFO  storage.RaftStorageDirectory (RaftStorageDirectory.java:tryLock(343)) - Lock on /github/workspace/mnt/ozone/hadoop-ozone/integration-test/target/test-dir/MiniOzoneClusterImpl-58e8adfc-9d81-40cd-9dee-7bd6cd075720/omNode-2/ratis/c9bc4cf4-3bc3-3c60-a66b-523986131536/in_use.lock acquired by nodename 10758@a778b8114e86
2020-10-15 01:58:04,359 [pool-42-thread-1] INFO  storage.RaftStorage (RaftStorage.java:format(84)) - Storage directory /github/workspace/mnt/ozone/hadoop-ozone/integration-test/target/test-dir/MiniOzoneClusterImpl-58e8adfc-9d81-40cd-9dee-7bd6cd075720/omNode-2/ratis/c9bc4cf4-3bc3-3c60-a66b-523986131536 has been successfully formatted.
2020-10-15 01:58:04,360 [pool-42-thread-1] INFO  server.RaftServerConfigKeys (ConfUtils.java:logGet(44)) - raft.server.notification.no-leader.timeout = 2s (custom)
2020-10-15 01:58:04,360 [pool-42-thread-1] INFO  server.RaftServerConfigKeys (ConfUtils.java:logGet(44)) - raft.server.log.use.memory = false (default)
2020-10-15 01:58:04,360 [pool-42-thread-1] INFO  server.RaftServerConfigKeys (ConfUtils.java:logGet(44)) - raft.server.log.purge.gap = 50 (custom)
2020-10-15 01:58:04,360 [pool-42-thread-1] INFO  metrics.RatisMetrics (RatisMetrics.java:lambda$create$0(36)) - Creating Metrics Registry : ratis.log_worker.omNode-2@group-523986131536
2020-10-15 01:58:04,360 [pool-42-thread-1] INFO  server.RaftServerConfigKeys (ConfUtils.java:logGet(44)) - raft.server.log.appender.buffer.byte-limit = 33554432 (custom)
2020-10-15 01:58:04,360 [pool-42-thread-1] INFO  server.RaftServerConfigKeys (ConfUtils.java:logGet(44)) - raft.server.log.segment.size.max = 4194304 (custom)
2020-10-15 01:58:04,361 [pool-42-thread-1] INFO  server.RaftServerConfigKeys (ConfUtils.java:logGet(44)) - raft.server.log.segment.cache.num.max = 2 (custom)
2020-10-15 01:58:04,361 [pool-42-thread-1] INFO  segmented.SegmentedRaftLogWorker (SegmentedRaftLogWorker.java:<init>(180)) - new omNode-2@group-523986131536-SegmentedRaftLogWorker for RaftStorage:Storage Directory /github/workspace/mnt/ozone/hadoop-ozone/integration-test/target/test-dir/MiniOzoneClusterImpl-58e8adfc-9d81-40cd-9dee-7bd6cd075720/omNode-2/ratis/c9bc4cf4-3bc3-3c60-a66b-523986131536
2020-10-15 01:58:04,362 [pool-42-thread-1] INFO  server.RaftServerConfigKeys (ConfUtils.java:logGet(44)) - raft.server.log.queue.byte-limit = 64MB (=67108864) (default)
2020-10-15 01:58:04,362 [pool-42-thread-1] INFO  server.RaftServerConfigKeys (ConfUtils.java:logGet(44)) - raft.server.log.queue.element-limit = 4096 (default)
2020-10-15 01:58:04,362 [pool-42-thread-1] INFO  server.RaftServerConfigKeys (ConfUtils.java:logGet(44)) - raft.server.log.segment.size.max = 4194304 (custom)
2020-10-15 01:58:04,362 [pool-42-thread-1] INFO  server.RaftServerConfigKeys (ConfUtils.java:logGet(44)) - raft.server.log.preallocated.size = 4194304 (custom)
2020-10-15 01:58:04,362 [pool-42-thread-1] INFO  server.RaftServerConfigKeys (ConfUtils.java:logGet(44)) - raft.server.log.write.buffer.size = 64KB (=65536) (default)
2020-10-15 01:58:04,362 [pool-42-thread-1] INFO  server.RaftServerConfigKeys (ConfUtils.java:logGet(44)) - raft.server.log.force.sync.num = 128 (default)
2020-10-15 01:58:04,362 [pool-42-thread-1] INFO  server.RaftServerConfigKeys (ConfUtils.java:logGet(44)) - raft.server.log.statemachine.data.sync = true (default)
2020-10-15 01:58:04,362 [pool-42-thread-1] INFO  server.RaftServerConfigKeys (ConfUtils.java:logGet(44)) - raft.server.log.statemachine.data.sync.timeout = 10s (default)
2020-10-15 01:58:04,362 [pool-42-thread-1] INFO  server.RaftServerConfigKeys (ConfUtils.java:logGet(44)) - raft.server.log.statemachine.data.sync.timeout.retry = -1 (default)
2020-10-15 01:58:04,363 [pool-42-thread-1] INFO  server.RaftServerConfigKeys (ConfUtils.java:logGet(44)) - raft.server.log.statemachine.data.caching.enabled = false (default)
2020-10-15 01:58:04,364 [pool-42-thread-1] INFO  segmented.SegmentedRaftLogWorker (SegmentedRaftLogWorker.java:lambda$new$0(129)) - omNode-2@group-523986131536-SegmentedRaftLogWorker: flushIndex: setUnconditionally 0 -> -1
2020-10-15 01:58:04,364 [pool-42-thread-1] INFO  segmented.SegmentedRaftLogWorker (SegmentedRaftLogWorker.java:lambda$new$0(129)) - omNode-2@group-523986131536-SegmentedRaftLogWorker: safeCacheEvictIndex: setUnconditionally 0 -> -1
2020-10-15 01:58:04,364 [pool-42-thread-1] INFO  server.RaftServerConfigKeys (ConfUtils.java:logGet(44)) - raft.server.snapshot.auto.trigger.enabled = true (custom)
2020-10-15 01:58:04,364 [pool-42-thread-1] INFO  server.RaftServerConfigKeys (ConfUtils.java:logGet(44)) - raft.server.snapshot.auto.trigger.threshold = 50 (custom)
2020-10-15 01:58:04,364 [pool-42-thread-1] INFO  server.RaftServerConfigKeys (ConfUtils.java:logGet(44)) - raft.server.snapshot.retention.file.num = -1 (default)
2020-10-15 01:58:04,365 [pool-42-thread-1] INFO  server.RaftServerConfigKeys (ConfUtils.java:logGet(44)) - raft.server.log.purge.upto.snapshot.index = true (custom)
2020-10-15 01:58:04,365 [pool-42-thread-1] INFO  server.RaftServerConfigKeys (ConfUtils.java:logGet(44)) - raft.server.retrycache.expirytime = 600000ms (custom)
2020-10-15 01:58:04,365 [pool-42-thread-1] INFO  metrics.RatisMetrics (RatisMetrics.java:lambda$create$0(36)) - Creating Metrics Registry : ratis.leader_election.omNode-2@group-523986131536
2020-10-15 01:58:04,365 [pool-42-thread-1] INFO  metrics.RatisMetrics (RatisMetrics.java:lambda$create$0(36)) - Creating Metrics Registry : ratis.server.omNode-2@group-523986131536
2020-10-15 01:58:04,377 [Listener at 127.0.0.1/10670] INFO  impl.MetricsSystemImpl (MetricsSystemImpl.java:init(158)) - OzoneManager metrics system started (again)
2020-10-15 01:58:04,378 [Listener at 127.0.0.1/10670] INFO  om.OzoneManager (OzoneManager.java:start(1133)) - OzoneManager RPC server is listening at localhost/127.0.0.1:10670
2020-10-15 01:58:04,378 [Listener at 127.0.0.1/10670] INFO  ratis.OzoneManagerRatisServer (OzoneManagerRatisServer.java:start(372)) - Starting OzoneManagerRatisServer omNode-2 at port 10674
2020-10-15 01:58:04,379 [Listener at 127.0.0.1/10670] INFO  impl.RaftServerImpl (RaftServerImpl.java:start(209)) - omNode-2@group-523986131536: start as a follower, conf=-1: [omNode-3:localhost:10680:0, omNode-1:localhost:10668:0, omNode-2:localhost:10674:0], old=null
2020-10-15 01:58:04,379 [Listener at 127.0.0.1/10670] INFO  impl.RaftServerImpl (RaftServerImpl.java:setRole(198)) - omNode-2@group-523986131536: changes role from      null to FOLLOWER at term 0 for startAsFollower
2020-10-15 01:58:04,380 [Listener at 127.0.0.1/10670] INFO  impl.RoleInfo (RoleInfo.java:updateAndGet(143)) - omNode-2: start FollowerState
2020-10-15 01:58:04,382 [Listener at 127.0.0.1/10670] INFO  util.JmxRegister (JmxRegister.java:tryRegister(44)) - Successfully registered JMX Bean with object name Ratis:service=RaftServer,group=group-523986131536,id=omNode-2
2020-10-15 01:58:04,383 [Listener at 127.0.0.1/10670] INFO  metrics.RatisMetrics (RatisMetrics.java:lambda$create$0(36)) - Creating Metrics Registry : ratis.state_machine.omNode-2@group-523986131536
2020-10-15 01:58:04,388 [Listener at 127.0.0.1/10670] INFO  impl.RaftServerProxy (RaftServerProxy.java:lambda$start$3(307)) - omNode-2: start RPC server
2020-10-15 01:58:04,394 [Listener at 127.0.0.1/10670] INFO  server.GrpcService (GrpcService.java:startImpl(177)) - omNode-2: GrpcService started, listening on 0.0.0.0/0.0.0.0:10674
2020-10-15 01:58:04,401 [Listener at 127.0.0.1/10670] INFO  http.BaseHttpServer (BaseHttpServer.java:newHttpServer2BuilderForOzone(207)) - Starting Web-server for ozoneManager at: http://0.0.0.0:10672
2020-10-15 01:58:04,401 [Listener at 127.0.0.1/10670] INFO  http.BaseHttpServer (BaseHttpServer.java:<init>(106)) - Hadoop Security Enabled: false Ozone Security Enabled: false Ozone HTTP Security Enabled: false 
2020-10-15 01:58:04,403 [Listener at 127.0.0.1/10670] INFO  server.AuthenticationFilter (AuthenticationFilter.java:constructSecretProvider(240)) - Unable to initialize FileSignerSecretProvider, falling back to use random secrets.
2020-10-15 01:58:04,404 [Listener at 127.0.0.1/10670] WARN  http.HttpRequestLog (HttpRequestLog.java:getRequestLog(103)) - Jetty request log can only be enabled using Log4j
2020-10-15 01:58:04,405 [Listener at 127.0.0.1/10670] INFO  http.HttpServer2 (HttpServer2.java:addGlobalFilter(1019)) - Added global filter 'safety' (class=org.apache.hadoop.hdds.server.http.HttpServer2$QuotingInputFilter)
2020-10-15 01:58:04,406 [Listener at 127.0.0.1/10670] INFO  http.HttpServer2 (HttpServer2.java:addFilter(995)) - Added filter static_user_filter (class=org.apache.hadoop.http.lib.StaticUserWebFilter$StaticUserFilter) to context ozoneManager
2020-10-15 01:58:04,406 [Listener at 127.0.0.1/10670] INFO  http.HttpServer2 (HttpServer2.java:addFilter(1003)) - Added filter static_user_filter (class=org.apache.hadoop.http.lib.StaticUserWebFilter$StaticUserFilter) to context logs
2020-10-15 01:58:04,406 [Listener at 127.0.0.1/10670] INFO  http.HttpServer2 (HttpServer2.java:addFilter(1003)) - Added filter static_user_filter (class=org.apache.hadoop.http.lib.StaticUserWebFilter$StaticUserFilter) to context static
2020-10-15 01:58:04,407 [Listener at 127.0.0.1/10670] INFO  http.HttpServer2 (HttpServer2.java:bindListener(1237)) - Jetty bound to port 10672
2020-10-15 01:58:04,407 [Listener at 127.0.0.1/10670] INFO  server.Server (Server.java:doStart(359)) - jetty-9.4.26.v20200117; built: 2020-01-17T12:35:33.676Z; git: 7b38981d25d14afb4a12ff1f2596756144edf695; jvm 1.8.0_232-b09
2020-10-15 01:58:04,413 [Listener at 127.0.0.1/10670] INFO  server.session (DefaultSessionIdManager.java:doStart(333)) - DefaultSessionIdManager workerName=node0
2020-10-15 01:58:04,413 [Listener at 127.0.0.1/10670] INFO  server.session (DefaultSessionIdManager.java:doStart(338)) - No SessionScavenger set, using defaults
2020-10-15 01:58:04,413 [Listener at 127.0.0.1/10670] INFO  server.session (HouseKeeper.java:startScavenging(140)) - node0 Scavenging every 600000ms
2020-10-15 01:58:04,415 [Listener at 127.0.0.1/10670] INFO  handler.ContextHandler (ContextHandler.java:doStart(825)) - Started o.e.j.s.ServletContextHandler@176e3e1e{logs,/logs,file:///github/workspace/mnt/ozone/hadoop-ozone/integration-test/target/log,AVAILABLE}
2020-10-15 01:58:04,416 [Listener at 127.0.0.1/10670] INFO  handler.ContextHandler (ContextHandler.java:doStart(825)) - Started o.e.j.s.ServletContextHandler@52bbe6f1{static,/static,file:///github/workspace/mnt/ozone/hadoop-ozone/integration-test/target/test-classes/webapps/static,AVAILABLE}
2020-10-15 01:58:04,420 [Listener at 127.0.0.1/10670] INFO  handler.ContextHandler (ContextHandler.java:doStart(825)) - Started o.e.j.w.WebAppContext@e00f740{ozoneManager,/,file:///github/workspace/mnt/ozone/hadoop-ozone/integration-test/target/test-classes/webapps/ozoneManager/,AVAILABLE}{file:/github/workspace/mnt/ozone/hadoop-ozone/integration-test/target/test-classes/webapps/ozoneManager}
2020-10-15 01:58:04,428 [Listener at 127.0.0.1/10670] INFO  server.AbstractConnector (AbstractConnector.java:doStart(330)) - Started ServerConnector@35567c08{HTTP/1.1,[http/1.1]}{0.0.0.0:10672}
2020-10-15 01:58:04,429 [Listener at 127.0.0.1/10670] INFO  server.Server (Server.java:doStart(399)) - Started @5013ms
2020-10-15 01:58:04,429 [Listener at 127.0.0.1/10670] WARN  impl.MetricsSystemImpl (MetricsSystemImpl.java:register(276)) - Sink prometheus already exists!
2020-10-15 01:58:04,432 [Listener at 127.0.0.1/10670] INFO  http.BaseHttpServer (BaseHttpServer.java:updateConnectorAddress(327)) - HTTP server of ozoneManager listening at http://0.0.0.0:10672
2020-10-15 01:58:04,432 [IPC Server Responder] INFO  ipc.Server (Server.java:run(1460)) - IPC Server Responder: starting
2020-10-15 01:58:04,432 [IPC Server listener on 10670] INFO  ipc.Server (Server.java:run(1298)) - IPC Server listener on 10670: starting
2020-10-15 01:58:04,444 [Listener at 127.0.0.1/10670] INFO  ozone.MiniOzoneHAClusterImpl (MiniOzoneHAClusterImpl.java:createOMService(380)) - Started OzoneManager RPC server at localhost/127.0.0.1:10670
2020-10-15 01:58:04,444 [org.apache.hadoop.util.JvmPauseMonitor$Monitor@20d277da] INFO  util.JvmPauseMonitor (JvmPauseMonitor.java:run(188)) - Starting JVM pause monitor
2020-10-15 01:58:04,444 [Listener at 127.0.0.1/10670] WARN  server.ServerUtils (ServerUtils.java:getDBPath(225)) - ozone.om.db.dirs is not configured. We recommend adding this setting. Falling back to ozone.metadata.dirs instead.
2020-10-15 01:58:04,446 [Listener at 127.0.0.1/10670] INFO  ha.OMHANodeDetails (OMHANodeDetails.java:loadOMHAConfig(110)) - ServiceID for OzoneManager is om-service-test1
2020-10-15 01:58:04,446 [Listener at 127.0.0.1/10670] INFO  ha.OMHANodeDetails (OMHANodeDetails.java:loadOMHAConfig(188)) - Found matching OM address with OMServiceId: om-service-test1, OMNodeId: omNode-3, RPC Address: localhost:10676 and Ratis port: 10680
2020-10-15 01:58:04,446 [Listener at 127.0.0.1/10670] INFO  ha.OMHANodeDetails (OMHANodeDetails.java:setOMNodeSpecificConfigs(314)) - Setting configuration key ozone.om.http-address with value of key ozone.om.http-address.omNode-3: 127.0.0.1:10678
2020-10-15 01:58:04,447 [Listener at 127.0.0.1/10670] INFO  ha.OMHANodeDetails (OMHANodeDetails.java:setOMNodeSpecificConfigs(314)) - Setting configuration key ozone.om.https-address with value of key ozone.om.https-address.omNode-3: 127.0.0.1:10679
2020-10-15 01:58:04,447 [Listener at 127.0.0.1/10670] INFO  ha.OMHANodeDetails (OMHANodeDetails.java:setOMNodeSpecificConfigs(314)) - Setting configuration key ozone.om.address with value of key ozone.om.address.omNode-3: 127.0.0.1:10676
2020-10-15 01:58:04,447 [Listener at 127.0.0.1/10670] WARN  server.ServerUtils (ServerUtils.java:getDBPath(225)) - ozone.om.db.dirs is not configured. We recommend adding this setting. Falling back to ozone.metadata.dirs instead.
2020-10-15 01:58:04,447 [Listener at 127.0.0.1/10670] WARN  server.ServerUtils (ServerUtils.java:getDBPath(225)) - ozone.om.db.dirs is not configured. We recommend adding this setting. Falling back to ozone.metadata.dirs instead.
2020-10-15 01:58:04,451 [Listener at 127.0.0.1/10670] WARN  server.ServerUtils (ServerUtils.java:getDBPath(225)) - ozone.om.db.dirs is not configured. We recommend adding this setting. Falling back to ozone.metadata.dirs instead.
2020-10-15 01:58:04,453 [Listener at 127.0.0.1/10670] INFO  codec.OmKeyInfoCodec (OmKeyInfoCodec.java:<init>(41)) - OmKeyInfoCodec ignorePipeline = true
2020-10-15 01:58:04,455 [Listener at 127.0.0.1/10670] INFO  codec.RepeatedOmKeyInfoCodec (RepeatedOmKeyInfoCodec.java:<init>(40)) - RepeatedOmKeyInfoCodec ignorePipeline = true
2020-10-15 01:58:04,508 [Listener at 127.0.0.1/10670] INFO  om.OzoneManager (OzoneManager.java:addS3GVolumeToDB(3622)) - Created Volume s3v With Owner jenkins1001 required for S3Gateway operations.
2020-10-15 01:58:04,508 [Listener at 127.0.0.1/10670] WARN  server.ServerUtils (ServerUtils.java:getDefaultRatisDirectory(237)) - Storage directory for Ratis is not configured. It is a good idea to map this to an SSD disk. Falling back to ozone.metadata.dirs
2020-10-15 01:58:04,509 [Listener at 127.0.0.1/10670] INFO  ratis.OzoneManagerRatisServer (OzoneManagerRatisServer.java:<init>(270)) - Instantiating OM Ratis server with GroupID: om-service-test1 and Raft Peers: localhost:10680, localhost:10668, localhost:10674
2020-10-15 01:58:04,509 [Listener at 127.0.0.1/10670] INFO  ratis.OzoneManagerStateMachine (OzoneManagerStateMachine.java:loadSnapshotInfoFromDB(519)) - LastAppliedIndex is set from TransactionInfo from OM DB as (t:0, i:~)
2020-10-15 01:58:04,510 [Listener at 127.0.0.1/10670] INFO  impl.RaftServerProxy (ConfUtils.java:logGet(44)) - raft.rpc.type = GRPC (default)
2020-10-15 01:58:04,510 [Listener at 127.0.0.1/10670] INFO  grpc.GrpcFactory (GrpcFactory.java:checkPooledByteBufAllocatorUseCacheForAllThreads(45)) - PERFORMANCE WARNING: useCacheForAllThreads is true that may cause Netty to create a lot garbage objects and, as a result, trigger GC.
	It is recommended to disable useCacheForAllThreads by setting -Dorg.apache.ratis.thirdparty.io.netty.allocator.useCacheForAllThreads=false in command line.
2020-10-15 01:58:04,510 [Listener at 127.0.0.1/10670] INFO  grpc.GrpcConfigKeys (ConfUtils.java:logGet(44)) - raft.grpc.server.port = 10680 (custom)
2020-10-15 01:58:04,510 [Listener at 127.0.0.1/10670] INFO  server.GrpcService (ConfUtils.java:logGet(44)) - raft.grpc.message.size.max = 33554432 (custom)
2020-10-15 01:58:04,510 [Listener at 127.0.0.1/10670] INFO  server.RaftServerConfigKeys (ConfUtils.java:logGet(44)) - raft.server.log.appender.buffer.byte-limit = 33554432 (custom)
2020-10-15 01:58:04,510 [Listener at 127.0.0.1/10670] INFO  server.GrpcService (ConfUtils.java:logGet(44)) - raft.grpc.flow.control.window = 1MB (=1048576) (default)
2020-10-15 01:58:04,510 [Listener at 127.0.0.1/10670] INFO  server.RaftServerConfigKeys (ConfUtils.java:logGet(44)) - raft.server.rpc.request.timeout = 3000ms (default)
2020-10-15 01:58:04,512 [Listener at 127.0.0.1/10670] INFO  server.RaftServerConfigKeys (ConfUtils.java:logGet(44)) - raft.server.storage.dir = [/github/workspace/mnt/ozone/hadoop-ozone/integration-test/target/test-dir/MiniOzoneClusterImpl-58e8adfc-9d81-40cd-9dee-7bd6cd075720/omNode-3/ratis] (custom)
2020-10-15 01:58:04,512 [pool-58-thread-1] INFO  impl.RaftServerImpl (RaftServerImpl.java:<init>(120)) - omNode-3: new RaftServerImpl for group-523986131536:[omNode-3:localhost:10680:0, omNode-1:localhost:10668:0, omNode-2:localhost:10674:0] with OzoneManagerStateMachine:uninitialized
2020-10-15 01:58:04,512 [Listener at 127.0.0.1/10670] INFO  impl.RaftServerProxy (RaftServerProxy.java:addNew(92)) - omNode-3: addNew group-523986131536:[omNode-3:localhost:10680:0, omNode-1:localhost:10668:0, omNode-2:localhost:10674:0] returns group-523986131536:java.util.concurrent.CompletableFuture@14fea7f5[Not completed]
2020-10-15 01:58:04,513 [pool-58-thread-1] INFO  server.RaftServerConfigKeys (ConfUtils.java:logGet(44)) - raft.server.rpc.timeout.min = 1s (custom)
2020-10-15 01:58:04,513 [pool-58-thread-1] INFO  server.RaftServerConfigKeys (ConfUtils.java:logGet(44)) - raft.server.rpc.timeout.max = 1200ms (custom)
2020-10-15 01:58:04,514 [pool-58-thread-1] INFO  server.RaftServerConfigKeys (ConfUtils.java:logGet(44)) - raft.server.rpcslowness.timeout = 2s (custom)
2020-10-15 01:58:04,514 [pool-58-thread-1] INFO  server.RaftServerConfigKeys (ConfUtils.java:logGet(44)) - raft.server.sleep.deviation.threshold = 300 (default)
2020-10-15 01:58:04,514 [pool-58-thread-1] INFO  server.RaftServerConfigKeys (ConfUtils.java:logGet(44)) - raft.server.log.appender.install.snapshot.enabled = false (custom)
2020-10-15 01:58:04,514 [pool-58-thread-1] INFO  impl.RaftServerImpl (ServerState.java:<init>(104)) - omNode-3@group-523986131536: ConfigurationManager, init=-1: [omNode-3:localhost:10680:0, omNode-1:localhost:10668:0, omNode-2:localhost:10674:0], old=null, confs=<EMPTY_MAP>
2020-10-15 01:58:04,514 [pool-58-thread-1] INFO  server.RaftServerConfigKeys (ConfUtils.java:logGet(44)) - raft.server.storage.dir = [/github/workspace/mnt/ozone/hadoop-ozone/integration-test/target/test-dir/MiniOzoneClusterImpl-58e8adfc-9d81-40cd-9dee-7bd6cd075720/omNode-3/ratis] (custom)
2020-10-15 01:58:04,514 [pool-58-thread-1] INFO  server.RaftServerConfigKeys (ConfUtils.java:logGet(44)) - raft.server.log.corruption.policy = EXCEPTION (default)
2020-10-15 01:58:04,515 [pool-58-thread-1] INFO  storage.RaftStorageDirectory (RaftStorageDirectory.java:analyzeStorage(261)) - The storage directory /github/workspace/mnt/ozone/hadoop-ozone/integration-test/target/test-dir/MiniOzoneClusterImpl-58e8adfc-9d81-40cd-9dee-7bd6cd075720/omNode-3/ratis/c9bc4cf4-3bc3-3c60-a66b-523986131536 does not exist. Creating ...
2020-10-15 01:58:04,515 [Listener at 127.0.0.1/10670] INFO  om.OzoneManager (OzoneManager.java:initializeRatisServer(1279)) - OzoneManager Ratis server initialized at port 10680
2020-10-15 01:58:04,515 [Listener at 127.0.0.1/10670] WARN  server.ServerUtils (ServerUtils.java:getDefaultRatisDirectory(237)) - Storage directory for Ratis is not configured. It is a good idea to map this to an SSD disk. Falling back to ozone.metadata.dirs
2020-10-15 01:58:04,516 [Listener at 127.0.0.1/10670] WARN  server.ServerUtils (ServerUtils.java:getDefaultRatisDirectory(237)) - Storage directory for Ratis is not configured. It is a good idea to map this to an SSD disk. Falling back to ozone.metadata.dirs
2020-10-15 01:58:04,516 [pool-58-thread-1] INFO  storage.RaftStorageDirectory (RaftStorageDirectory.java:tryLock(343)) - Lock on /github/workspace/mnt/ozone/hadoop-ozone/integration-test/target/test-dir/MiniOzoneClusterImpl-58e8adfc-9d81-40cd-9dee-7bd6cd075720/omNode-3/ratis/c9bc4cf4-3bc3-3c60-a66b-523986131536/in_use.lock acquired by nodename 10758@a778b8114e86
2020-10-15 01:58:04,516 [Listener at 127.0.0.1/10670] INFO  snapshot.OzoneManagerSnapshotProvider (OzoneManagerSnapshotProvider.java:<init>(77)) - Initializing OM Snapshot Provider
2020-10-15 01:58:04,518 [Listener at 127.0.0.1/10670] INFO  ipc.CallQueueManager (CallQueueManager.java:<init>(84)) - Using callQueue: class java.util.concurrent.LinkedBlockingQueue, queueCapacity: 2000, scheduler: class org.apache.hadoop.ipc.DefaultRpcScheduler, ipcBackoff: false.
2020-10-15 01:58:04,523 [pool-58-thread-1] INFO  storage.RaftStorage (RaftStorage.java:format(84)) - Storage directory /github/workspace/mnt/ozone/hadoop-ozone/integration-test/target/test-dir/MiniOzoneClusterImpl-58e8adfc-9d81-40cd-9dee-7bd6cd075720/omNode-3/ratis/c9bc4cf4-3bc3-3c60-a66b-523986131536 has been successfully formatted.
2020-10-15 01:58:04,523 [Socket Reader #1 for port 10676] INFO  ipc.Server (Server.java:run(1219)) - Starting Socket Reader #1 for port 10676
2020-10-15 01:58:04,523 [pool-58-thread-1] INFO  server.RaftServerConfigKeys (ConfUtils.java:logGet(44)) - raft.server.notification.no-leader.timeout = 2s (custom)
2020-10-15 01:58:04,523 [pool-58-thread-1] INFO  server.RaftServerConfigKeys (ConfUtils.java:logGet(44)) - raft.server.log.use.memory = false (default)
2020-10-15 01:58:04,525 [pool-58-thread-1] INFO  server.RaftServerConfigKeys (ConfUtils.java:logGet(44)) - raft.server.log.purge.gap = 50 (custom)
2020-10-15 01:58:04,525 [pool-58-thread-1] INFO  metrics.RatisMetrics (RatisMetrics.java:lambda$create$0(36)) - Creating Metrics Registry : ratis.log_worker.omNode-3@group-523986131536
2020-10-15 01:58:04,526 [pool-58-thread-1] INFO  server.RaftServerConfigKeys (ConfUtils.java:logGet(44)) - raft.server.log.appender.buffer.byte-limit = 33554432 (custom)
2020-10-15 01:58:04,526 [pool-58-thread-1] INFO  server.RaftServerConfigKeys (ConfUtils.java:logGet(44)) - raft.server.log.segment.size.max = 4194304 (custom)
2020-10-15 01:58:04,526 [pool-58-thread-1] INFO  server.RaftServerConfigKeys (ConfUtils.java:logGet(44)) - raft.server.log.segment.cache.num.max = 2 (custom)
2020-10-15 01:58:04,526 [pool-58-thread-1] INFO  segmented.SegmentedRaftLogWorker (SegmentedRaftLogWorker.java:<init>(180)) - new omNode-3@group-523986131536-SegmentedRaftLogWorker for RaftStorage:Storage Directory /github/workspace/mnt/ozone/hadoop-ozone/integration-test/target/test-dir/MiniOzoneClusterImpl-58e8adfc-9d81-40cd-9dee-7bd6cd075720/omNode-3/ratis/c9bc4cf4-3bc3-3c60-a66b-523986131536
2020-10-15 01:58:04,526 [pool-58-thread-1] INFO  server.RaftServerConfigKeys (ConfUtils.java:logGet(44)) - raft.server.log.queue.byte-limit = 64MB (=67108864) (default)
2020-10-15 01:58:04,527 [pool-58-thread-1] INFO  server.RaftServerConfigKeys (ConfUtils.java:logGet(44)) - raft.server.log.queue.element-limit = 4096 (default)
2020-10-15 01:58:04,527 [pool-58-thread-1] INFO  server.RaftServerConfigKeys (ConfUtils.java:logGet(44)) - raft.server.log.segment.size.max = 4194304 (custom)
2020-10-15 01:58:04,527 [pool-58-thread-1] INFO  server.RaftServerConfigKeys (ConfUtils.java:logGet(44)) - raft.server.log.preallocated.size = 4194304 (custom)
2020-10-15 01:58:04,527 [pool-58-thread-1] INFO  server.RaftServerConfigKeys (ConfUtils.java:logGet(44)) - raft.server.log.write.buffer.size = 64KB (=65536) (default)
2020-10-15 01:58:04,527 [pool-58-thread-1] INFO  server.RaftServerConfigKeys (ConfUtils.java:logGet(44)) - raft.server.log.force.sync.num = 128 (default)
2020-10-15 01:58:04,527 [pool-58-thread-1] INFO  server.RaftServerConfigKeys (ConfUtils.java:logGet(44)) - raft.server.log.statemachine.data.sync = true (default)
2020-10-15 01:58:04,527 [pool-58-thread-1] INFO  server.RaftServerConfigKeys (ConfUtils.java:logGet(44)) - raft.server.log.statemachine.data.sync.timeout = 10s (default)
2020-10-15 01:58:04,527 [pool-58-thread-1] INFO  server.RaftServerConfigKeys (ConfUtils.java:logGet(44)) - raft.server.log.statemachine.data.sync.timeout.retry = -1 (default)
2020-10-15 01:58:04,528 [pool-58-thread-1] INFO  server.RaftServerConfigKeys (ConfUtils.java:logGet(44)) - raft.server.log.statemachine.data.caching.enabled = false (default)
2020-10-15 01:58:04,529 [pool-58-thread-1] INFO  segmented.SegmentedRaftLogWorker (SegmentedRaftLogWorker.java:lambda$new$0(129)) - omNode-3@group-523986131536-SegmentedRaftLogWorker: flushIndex: setUnconditionally 0 -> -1
2020-10-15 01:58:04,529 [pool-58-thread-1] INFO  segmented.SegmentedRaftLogWorker (SegmentedRaftLogWorker.java:lambda$new$0(129)) - omNode-3@group-523986131536-SegmentedRaftLogWorker: safeCacheEvictIndex: setUnconditionally 0 -> -1
2020-10-15 01:58:04,529 [pool-58-thread-1] INFO  server.RaftServerConfigKeys (ConfUtils.java:logGet(44)) - raft.server.snapshot.auto.trigger.enabled = true (custom)
2020-10-15 01:58:04,529 [pool-58-thread-1] INFO  server.RaftServerConfigKeys (ConfUtils.java:logGet(44)) - raft.server.snapshot.auto.trigger.threshold = 50 (custom)
2020-10-15 01:58:04,529 [pool-58-thread-1] INFO  server.RaftServerConfigKeys (ConfUtils.java:logGet(44)) - raft.server.snapshot.retention.file.num = -1 (default)
2020-10-15 01:58:04,529 [pool-58-thread-1] INFO  server.RaftServerConfigKeys (ConfUtils.java:logGet(44)) - raft.server.log.purge.upto.snapshot.index = true (custom)
2020-10-15 01:58:04,529 [pool-58-thread-1] INFO  server.RaftServerConfigKeys (ConfUtils.java:logGet(44)) - raft.server.retrycache.expirytime = 600000ms (custom)
2020-10-15 01:58:04,530 [pool-58-thread-1] INFO  metrics.RatisMetrics (RatisMetrics.java:lambda$create$0(36)) - Creating Metrics Registry : ratis.leader_election.omNode-3@group-523986131536
2020-10-15 01:58:04,530 [pool-58-thread-1] INFO  metrics.RatisMetrics (RatisMetrics.java:lambda$create$0(36)) - Creating Metrics Registry : ratis.server.omNode-3@group-523986131536
2020-10-15 01:58:04,543 [Listener at 127.0.0.1/10676] INFO  impl.MetricsSystemImpl (MetricsSystemImpl.java:init(158)) - OzoneManager metrics system started (again)
2020-10-15 01:58:04,544 [Listener at 127.0.0.1/10676] INFO  om.OzoneManager (OzoneManager.java:start(1133)) - OzoneManager RPC server is listening at localhost/127.0.0.1:10676
2020-10-15 01:58:04,544 [Listener at 127.0.0.1/10676] INFO  ratis.OzoneManagerRatisServer (OzoneManagerRatisServer.java:start(372)) - Starting OzoneManagerRatisServer omNode-3 at port 10680
2020-10-15 01:58:04,545 [Listener at 127.0.0.1/10676] INFO  impl.RaftServerImpl (RaftServerImpl.java:start(209)) - omNode-3@group-523986131536: start as a follower, conf=-1: [omNode-3:localhost:10680:0, omNode-1:localhost:10668:0, omNode-2:localhost:10674:0], old=null
2020-10-15 01:58:04,548 [Listener at 127.0.0.1/10676] INFO  impl.RaftServerImpl (RaftServerImpl.java:setRole(198)) - omNode-3@group-523986131536: changes role from      null to FOLLOWER at term 0 for startAsFollower
2020-10-15 01:58:04,548 [Listener at 127.0.0.1/10676] INFO  impl.RoleInfo (RoleInfo.java:updateAndGet(143)) - omNode-3: start FollowerState
2020-10-15 01:58:04,548 [Listener at 127.0.0.1/10676] INFO  util.JmxRegister (JmxRegister.java:tryRegister(44)) - Successfully registered JMX Bean with object name Ratis:service=RaftServer,group=group-523986131536,id=omNode-3
2020-10-15 01:58:04,549 [Listener at 127.0.0.1/10676] INFO  metrics.RatisMetrics (RatisMetrics.java:lambda$create$0(36)) - Creating Metrics Registry : ratis.state_machine.omNode-3@group-523986131536
2020-10-15 01:58:04,553 [Listener at 127.0.0.1/10676] INFO  impl.RaftServerProxy (RaftServerProxy.java:lambda$start$3(307)) - omNode-3: start RPC server
2020-10-15 01:58:04,556 [Listener at 127.0.0.1/10676] INFO  server.GrpcService (GrpcService.java:startImpl(177)) - omNode-3: GrpcService started, listening on 0.0.0.0/0.0.0.0:10680
2020-10-15 01:58:04,566 [Listener at 127.0.0.1/10676] INFO  http.BaseHttpServer (BaseHttpServer.java:newHttpServer2BuilderForOzone(207)) - Starting Web-server for ozoneManager at: http://0.0.0.0:10678
2020-10-15 01:58:04,567 [Listener at 127.0.0.1/10676] INFO  http.BaseHttpServer (BaseHttpServer.java:<init>(106)) - Hadoop Security Enabled: false Ozone Security Enabled: false Ozone HTTP Security Enabled: false 
2020-10-15 01:58:04,568 [Listener at 127.0.0.1/10676] INFO  server.AuthenticationFilter (AuthenticationFilter.java:constructSecretProvider(240)) - Unable to initialize FileSignerSecretProvider, falling back to use random secrets.
2020-10-15 01:58:04,568 [Listener at 127.0.0.1/10676] WARN  http.HttpRequestLog (HttpRequestLog.java:getRequestLog(103)) - Jetty request log can only be enabled using Log4j
2020-10-15 01:58:04,569 [Listener at 127.0.0.1/10676] INFO  http.HttpServer2 (HttpServer2.java:addGlobalFilter(1019)) - Added global filter 'safety' (class=org.apache.hadoop.hdds.server.http.HttpServer2$QuotingInputFilter)
2020-10-15 01:58:04,572 [Listener at 127.0.0.1/10676] INFO  http.HttpServer2 (HttpServer2.java:addFilter(995)) - Added filter static_user_filter (class=org.apache.hadoop.http.lib.StaticUserWebFilter$StaticUserFilter) to context ozoneManager
2020-10-15 01:58:04,572 [Listener at 127.0.0.1/10676] INFO  http.HttpServer2 (HttpServer2.java:addFilter(1003)) - Added filter static_user_filter (class=org.apache.hadoop.http.lib.StaticUserWebFilter$StaticUserFilter) to context static
2020-10-15 01:58:04,572 [Listener at 127.0.0.1/10676] INFO  http.HttpServer2 (HttpServer2.java:addFilter(1003)) - Added filter static_user_filter (class=org.apache.hadoop.http.lib.StaticUserWebFilter$StaticUserFilter) to context logs
2020-10-15 01:58:04,574 [Listener at 127.0.0.1/10676] INFO  http.HttpServer2 (HttpServer2.java:bindListener(1237)) - Jetty bound to port 10678
2020-10-15 01:58:04,574 [Listener at 127.0.0.1/10676] INFO  server.Server (Server.java:doStart(359)) - jetty-9.4.26.v20200117; built: 2020-01-17T12:35:33.676Z; git: 7b38981d25d14afb4a12ff1f2596756144edf695; jvm 1.8.0_232-b09
2020-10-15 01:58:04,577 [Listener at 127.0.0.1/10676] INFO  server.session (DefaultSessionIdManager.java:doStart(333)) - DefaultSessionIdManager workerName=node0
2020-10-15 01:58:04,577 [Listener at 127.0.0.1/10676] INFO  server.session (DefaultSessionIdManager.java:doStart(338)) - No SessionScavenger set, using defaults
2020-10-15 01:58:04,578 [Listener at 127.0.0.1/10676] INFO  server.session (HouseKeeper.java:startScavenging(140)) - node0 Scavenging every 660000ms
2020-10-15 01:58:04,578 [Listener at 127.0.0.1/10676] INFO  handler.ContextHandler (ContextHandler.java:doStart(825)) - Started o.e.j.s.ServletContextHandler@797ef071{logs,/logs,file:///github/workspace/mnt/ozone/hadoop-ozone/integration-test/target/log,AVAILABLE}
2020-10-15 01:58:04,579 [Listener at 127.0.0.1/10676] INFO  handler.ContextHandler (ContextHandler.java:doStart(825)) - Started o.e.j.s.ServletContextHandler@658bf49d{static,/static,file:///github/workspace/mnt/ozone/hadoop-ozone/integration-test/target/test-classes/webapps/static,AVAILABLE}
2020-10-15 01:58:04,585 [Listener at 127.0.0.1/10676] INFO  handler.ContextHandler (ContextHandler.java:doStart(825)) - Started o.e.j.w.WebAppContext@5dff20a0{ozoneManager,/,file:///github/workspace/mnt/ozone/hadoop-ozone/integration-test/target/test-classes/webapps/ozoneManager/,AVAILABLE}{file:/github/workspace/mnt/ozone/hadoop-ozone/integration-test/target/test-classes/webapps/ozoneManager}
2020-10-15 01:58:04,588 [Listener at 127.0.0.1/10676] INFO  server.AbstractConnector (AbstractConnector.java:doStart(330)) - Started ServerConnector@74749244{HTTP/1.1,[http/1.1]}{0.0.0.0:10678}
2020-10-15 01:58:04,589 [Listener at 127.0.0.1/10676] INFO  server.Server (Server.java:doStart(399)) - Started @5173ms
2020-10-15 01:58:04,589 [Listener at 127.0.0.1/10676] WARN  impl.MetricsSystemImpl (MetricsSystemImpl.java:register(276)) - Sink prometheus already exists!
2020-10-15 01:58:04,593 [Listener at 127.0.0.1/10676] INFO  http.BaseHttpServer (BaseHttpServer.java:updateConnectorAddress(327)) - HTTP server of ozoneManager listening at http://0.0.0.0:10678
2020-10-15 01:58:04,593 [IPC Server Responder] INFO  ipc.Server (Server.java:run(1460)) - IPC Server Responder: starting
2020-10-15 01:58:04,594 [IPC Server listener on 10676] INFO  ipc.Server (Server.java:run(1298)) - IPC Server listener on 10676: starting
2020-10-15 01:58:04,603 [Listener at 127.0.0.1/10676] INFO  ozone.MiniOzoneHAClusterImpl (MiniOzoneHAClusterImpl.java:createOMService(380)) - Started OzoneManager RPC server at localhost/127.0.0.1:10676
2020-10-15 01:58:04,603 [org.apache.hadoop.util.JvmPauseMonitor$Monitor@e8d5998] INFO  util.JvmPauseMonitor (JvmPauseMonitor.java:run(188)) - Starting JVM pause monitor
2020-10-15 01:58:04,732 [Listener at 127.0.0.1/10676] INFO  impl.MetricsSystemImpl (MetricsSystemImpl.java:init(158)) - HddsDatanode metrics system started (again)
2020-10-15 01:58:04,736 [Listener at 127.0.0.1/10676] INFO  ozone.HddsDatanodeService (HddsDatanodeService.java:start(217)) - HddsDatanodeService host:a778b8114e86 ip:172.17.0.2
2020-10-15 01:58:04,779 [Listener at 127.0.0.1/10676] INFO  volume.HddsVolume (HddsVolume.java:<init>(176)) - Creating Volume: /github/workspace/mnt/ozone/hadoop-ozone/integration-test/target/test-dir/MiniOzoneClusterImpl-58e8adfc-9d81-40cd-9dee-7bd6cd075720/datanode-0/data-0/containers/hdds of storage type : DISK and capacity : 9223372036854775807
2020-10-15 01:58:04,781 [Listener at 127.0.0.1/10676] INFO  volume.MutableVolumeSet (MutableVolumeSet.java:initializeVolumeSet(179)) - Added Volume : /github/workspace/mnt/ozone/hadoop-ozone/integration-test/target/test-dir/MiniOzoneClusterImpl-58e8adfc-9d81-40cd-9dee-7bd6cd075720/datanode-0/data-0/containers/hdds to VolumeSet
2020-10-15 01:58:04,782 [Listener at 127.0.0.1/10676] INFO  volume.ThrottledAsyncChecker (ThrottledAsyncChecker.java:schedule(141)) - Scheduling a check for /github/workspace/mnt/ozone/hadoop-ozone/integration-test/target/test-dir/MiniOzoneClusterImpl-58e8adfc-9d81-40cd-9dee-7bd6cd075720/datanode-0/data-0/containers/hdds
2020-10-15 01:58:04,807 [Listener at 127.0.0.1/10676] INFO  volume.HddsVolumeChecker (HddsVolumeChecker.java:checkAllVolumes(200)) - Scheduled health check for volume /github/workspace/mnt/ozone/hadoop-ozone/integration-test/target/test-dir/MiniOzoneClusterImpl-58e8adfc-9d81-40cd-9dee-7bd6cd075720/datanode-0/data-0/containers/hdds
2020-10-15 01:58:04,839 [Thread-209] INFO  ozoneimpl.ContainerReader (ContainerReader.java:readVolume(123)) - Start to verify containers on volume /github/workspace/mnt/ozone/hadoop-ozone/integration-test/target/test-dir/MiniOzoneClusterImpl-58e8adfc-9d81-40cd-9dee-7bd6cd075720/datanode-0/data-0/containers/hdds
2020-10-15 01:58:04,841 [Thread-209] INFO  ozoneimpl.ContainerReader (ContainerReader.java:readVolume(148)) - Finish verifying containers on volume /github/workspace/mnt/ozone/hadoop-ozone/integration-test/target/test-dir/MiniOzoneClusterImpl-58e8adfc-9d81-40cd-9dee-7bd6cd075720/datanode-0/data-0/containers/hdds
2020-10-15 01:58:04,841 [Listener at 127.0.0.1/10676] INFO  ozoneimpl.OzoneContainer (OzoneContainer.java:buildContainerSet(196)) - Build ContainerSet costs 0s
2020-10-15 01:58:04,926 [Listener at 127.0.0.1/10676] INFO  impl.RaftServerProxy (ConfUtils.java:logGet(44)) - raft.rpc.type = GRPC (default)
2020-10-15 01:58:04,927 [Listener at 127.0.0.1/10676] INFO  grpc.GrpcFactory (GrpcFactory.java:checkPooledByteBufAllocatorUseCacheForAllThreads(45)) - PERFORMANCE WARNING: useCacheForAllThreads is true that may cause Netty to create a lot garbage objects and, as a result, trigger GC.
	It is recommended to disable useCacheForAllThreads by setting -Dorg.apache.ratis.thirdparty.io.netty.allocator.useCacheForAllThreads=false in command line.
2020-10-15 01:58:04,927 [Listener at 127.0.0.1/10676] INFO  grpc.GrpcConfigKeys (ConfUtils.java:logGet(44)) - raft.grpc.server.port = 0 (default)
2020-10-15 01:58:04,927 [Listener at 127.0.0.1/10676] INFO  server.GrpcService (ConfUtils.java:logGet(44)) - raft.grpc.message.size.max = 32MB (=33554432) (custom)
2020-10-15 01:58:04,928 [Listener at 127.0.0.1/10676] INFO  server.RaftServerConfigKeys (ConfUtils.java:logGet(44)) - raft.server.log.appender.buffer.byte-limit = 33554432 (custom)
2020-10-15 01:58:04,928 [Listener at 127.0.0.1/10676] INFO  server.GrpcService (ConfUtils.java:logGet(44)) - raft.grpc.flow.control.window = 5MB (=5242880) (custom)
2020-10-15 01:58:04,928 [Listener at 127.0.0.1/10676] INFO  server.RaftServerConfigKeys (ConfUtils.java:logGet(44)) - raft.server.rpc.request.timeout = 60s (custom)
2020-10-15 01:58:04,930 [Listener at 127.0.0.1/10676] INFO  server.RaftServerConfigKeys (ConfUtils.java:logGet(44)) - raft.server.storage.dir = [/github/workspace/mnt/ozone/hadoop-ozone/integration-test/target/test-dir/MiniOzoneClusterImpl-58e8adfc-9d81-40cd-9dee-7bd6cd075720/datanode-0/data/ratis] (custom)
2020-10-15 01:58:05,003 [Listener at 127.0.0.1/10676] INFO  http.BaseHttpServer (BaseHttpServer.java:newHttpServer2BuilderForOzone(207)) - Starting Web-server for hddsDatanode at: http://0.0.0.0:0
2020-10-15 01:58:05,004 [Listener at 127.0.0.1/10676] INFO  http.BaseHttpServer (BaseHttpServer.java:<init>(106)) - Hadoop Security Enabled: false Ozone Security Enabled: false Ozone HTTP Security Enabled: false 
2020-10-15 01:58:05,005 [Listener at 127.0.0.1/10676] INFO  server.AuthenticationFilter (AuthenticationFilter.java:constructSecretProvider(240)) - Unable to initialize FileSignerSecretProvider, falling back to use random secrets.
2020-10-15 01:58:05,005 [Listener at 127.0.0.1/10676] WARN  http.HttpRequestLog (HttpRequestLog.java:getRequestLog(103)) - Jetty request log can only be enabled using Log4j
2020-10-15 01:58:05,006 [Listener at 127.0.0.1/10676] INFO  http.HttpServer2 (HttpServer2.java:addGlobalFilter(1019)) - Added global filter 'safety' (class=org.apache.hadoop.hdds.server.http.HttpServer2$QuotingInputFilter)
2020-10-15 01:58:05,007 [Listener at 127.0.0.1/10676] INFO  http.HttpServer2 (HttpServer2.java:addFilter(995)) - Added filter static_user_filter (class=org.apache.hadoop.http.lib.StaticUserWebFilter$StaticUserFilter) to context hddsDatanode
2020-10-15 01:58:05,007 [Listener at 127.0.0.1/10676] INFO  http.HttpServer2 (HttpServer2.java:addFilter(1003)) - Added filter static_user_filter (class=org.apache.hadoop.http.lib.StaticUserWebFilter$StaticUserFilter) to context static
2020-10-15 01:58:05,007 [Listener at 127.0.0.1/10676] INFO  http.HttpServer2 (HttpServer2.java:addFilter(1003)) - Added filter static_user_filter (class=org.apache.hadoop.http.lib.StaticUserWebFilter$StaticUserFilter) to context logs
2020-10-15 01:58:05,008 [Listener at 127.0.0.1/10676] INFO  http.HttpServer2 (HttpServer2.java:bindListener(1237)) - Jetty bound to port 37245
2020-10-15 01:58:05,008 [Listener at 127.0.0.1/10676] INFO  server.Server (Server.java:doStart(359)) - jetty-9.4.26.v20200117; built: 2020-01-17T12:35:33.676Z; git: 7b38981d25d14afb4a12ff1f2596756144edf695; jvm 1.8.0_232-b09
2020-10-15 01:58:05,013 [Listener at 127.0.0.1/10676] INFO  server.session (DefaultSessionIdManager.java:doStart(333)) - DefaultSessionIdManager workerName=node0
2020-10-15 01:58:05,013 [Listener at 127.0.0.1/10676] INFO  server.session (DefaultSessionIdManager.java:doStart(338)) - No SessionScavenger set, using defaults
2020-10-15 01:58:05,013 [Listener at 127.0.0.1/10676] INFO  server.session (HouseKeeper.java:startScavenging(140)) - node0 Scavenging every 600000ms
2020-10-15 01:58:05,015 [Listener at 127.0.0.1/10676] INFO  handler.ContextHandler (ContextHandler.java:doStart(825)) - Started o.e.j.s.ServletContextHandler@208ba194{logs,/logs,file:///github/workspace/mnt/ozone/hadoop-ozone/integration-test/target/log,AVAILABLE}
2020-10-15 01:58:05,015 [Listener at 127.0.0.1/10676] INFO  handler.ContextHandler (ContextHandler.java:doStart(825)) - Started o.e.j.s.ServletContextHandler@388b944f{static,/static,jar:file:/home/user/.m2/repository/org/apache/hadoop/hadoop-hdds-container-service/1.1.0-SNAPSHOT/hadoop-hdds-container-service-1.1.0-SNAPSHOT.jar!/webapps/static,AVAILABLE}
2020-10-15 01:58:05,171 [Listener at 127.0.0.1/10676] INFO  handler.ContextHandler (ContextHandler.java:doStart(825)) - Started o.e.j.w.WebAppContext@681eee8c{hddsDatanode,/,file:///tmp/jetty-0_0_0_0-37245-hadoop-hdds-container-service-1_1_0-SNAPSHOT_jar-_-any-449413409966032590.dir/webapp/,AVAILABLE}{jar:file:/home/user/.m2/repository/org/apache/hadoop/hadoop-hdds-container-service/1.1.0-SNAPSHOT/hadoop-hdds-container-service-1.1.0-SNAPSHOT.jar!/webapps/hddsDatanode}
2020-10-15 01:58:05,174 [Listener at 127.0.0.1/10676] INFO  server.AbstractConnector (AbstractConnector.java:doStart(330)) - Started ServerConnector@74806150{HTTP/1.1,[http/1.1]}{0.0.0.0:37245}
2020-10-15 01:58:05,175 [Listener at 127.0.0.1/10676] INFO  server.Server (Server.java:doStart(399)) - Started @5759ms
2020-10-15 01:58:05,175 [Listener at 127.0.0.1/10676] WARN  impl.MetricsSystemImpl (MetricsSystemImpl.java:register(276)) - Sink prometheus already exists!
2020-10-15 01:58:05,179 [Listener at 127.0.0.1/10676] INFO  http.BaseHttpServer (BaseHttpServer.java:updateConnectorAddress(327)) - HTTP server of hddsDatanode listening at http://0.0.0.0:37245
2020-10-15 01:58:05,181 [Listener at 127.0.0.1/10676] INFO  impl.MetricsSystemImpl (MetricsSystemImpl.java:init(158)) - HddsDatanode metrics system started (again)
2020-10-15 01:58:05,185 [Listener at 127.0.0.1/10676] INFO  ozone.HddsDatanodeService (HddsDatanodeService.java:start(217)) - HddsDatanodeService host:a778b8114e86 ip:172.17.0.2
2020-10-15 01:58:05,187 [Listener at 127.0.0.1/10676] INFO  volume.HddsVolume (HddsVolume.java:<init>(176)) - Creating Volume: /github/workspace/mnt/ozone/hadoop-ozone/integration-test/target/test-dir/MiniOzoneClusterImpl-58e8adfc-9d81-40cd-9dee-7bd6cd075720/datanode-1/data-0/containers/hdds of storage type : DISK and capacity : 9223372036854775807
2020-10-15 01:58:05,187 [Listener at 127.0.0.1/10676] INFO  volume.MutableVolumeSet (MutableVolumeSet.java:initializeVolumeSet(179)) - Added Volume : /github/workspace/mnt/ozone/hadoop-ozone/integration-test/target/test-dir/MiniOzoneClusterImpl-58e8adfc-9d81-40cd-9dee-7bd6cd075720/datanode-1/data-0/containers/hdds to VolumeSet
2020-10-15 01:58:05,187 [Listener at 127.0.0.1/10676] INFO  volume.ThrottledAsyncChecker (ThrottledAsyncChecker.java:schedule(141)) - Scheduling a check for /github/workspace/mnt/ozone/hadoop-ozone/integration-test/target/test-dir/MiniOzoneClusterImpl-58e8adfc-9d81-40cd-9dee-7bd6cd075720/datanode-1/data-0/containers/hdds
2020-10-15 01:58:05,188 [Listener at 127.0.0.1/10676] INFO  volume.HddsVolumeChecker (HddsVolumeChecker.java:checkAllVolumes(200)) - Scheduled health check for volume /github/workspace/mnt/ozone/hadoop-ozone/integration-test/target/test-dir/MiniOzoneClusterImpl-58e8adfc-9d81-40cd-9dee-7bd6cd075720/datanode-1/data-0/containers/hdds
2020-10-15 01:58:05,216 [org.apache.hadoop.util.JvmPauseMonitor$Monitor@4ce41d02] INFO  util.JvmPauseMonitor (JvmPauseMonitor.java:run(188)) - Starting JVM pause monitor
2020-10-15 01:58:05,217 [Thread-218] INFO  ozoneimpl.ContainerReader (ContainerReader.java:readVolume(123)) - Start to verify containers on volume /github/workspace/mnt/ozone/hadoop-ozone/integration-test/target/test-dir/MiniOzoneClusterImpl-58e8adfc-9d81-40cd-9dee-7bd6cd075720/datanode-1/data-0/containers/hdds
2020-10-15 01:58:05,229 [Thread-218] INFO  ozoneimpl.ContainerReader (ContainerReader.java:readVolume(148)) - Finish verifying containers on volume /github/workspace/mnt/ozone/hadoop-ozone/integration-test/target/test-dir/MiniOzoneClusterImpl-58e8adfc-9d81-40cd-9dee-7bd6cd075720/datanode-1/data-0/containers/hdds
2020-10-15 01:58:05,229 [Listener at 127.0.0.1/10676] INFO  ozoneimpl.OzoneContainer (OzoneContainer.java:buildContainerSet(196)) - Build ContainerSet costs 0s
2020-10-15 01:58:05,232 [Listener at 127.0.0.1/10676] INFO  impl.RaftServerProxy (ConfUtils.java:logGet(44)) - raft.rpc.type = GRPC (default)
2020-10-15 01:58:05,232 [Listener at 127.0.0.1/10676] INFO  grpc.GrpcFactory (GrpcFactory.java:checkPooledByteBufAllocatorUseCacheForAllThreads(45)) - PERFORMANCE WARNING: useCacheForAllThreads is true that may cause Netty to create a lot garbage objects and, as a result, trigger GC.
	It is recommended to disable useCacheForAllThreads by setting -Dorg.apache.ratis.thirdparty.io.netty.allocator.useCacheForAllThreads=false in command line.
2020-10-15 01:58:05,232 [Listener at 127.0.0.1/10676] INFO  grpc.GrpcConfigKeys (ConfUtils.java:logGet(44)) - raft.grpc.server.port = 0 (default)
2020-10-15 01:58:05,232 [Listener at 127.0.0.1/10676] INFO  server.GrpcService (ConfUtils.java:logGet(44)) - raft.grpc.message.size.max = 32MB (=33554432) (custom)
2020-10-15 01:58:05,232 [Listener at 127.0.0.1/10676] INFO  server.RaftServerConfigKeys (ConfUtils.java:logGet(44)) - raft.server.log.appender.buffer.byte-limit = 33554432 (custom)
2020-10-15 01:58:05,232 [Thread-100] INFO  impl.FollowerState (FollowerState.java:run(108)) - omNode-1@group-523986131536-FollowerState: change to CANDIDATE, lastRpcTime:1185ms, electionTimeout:1171ms
2020-10-15 01:58:05,232 [Listener at 127.0.0.1/10676] INFO  server.GrpcService (ConfUtils.java:logGet(44)) - raft.grpc.flow.control.window = 5MB (=5242880) (custom)
2020-10-15 01:58:05,233 [Listener at 127.0.0.1/10676] INFO  server.RaftServerConfigKeys (ConfUtils.java:logGet(44)) - raft.server.rpc.request.timeout = 60s (custom)
2020-10-15 01:58:05,237 [Thread-100] INFO  impl.RoleInfo (RoleInfo.java:shutdownFollowerState(121)) - omNode-1: shutdown FollowerState
2020-10-15 01:58:05,238 [Thread-100] INFO  impl.RaftServerImpl (RaftServerImpl.java:setRole(198)) - omNode-1@group-523986131536: changes role from  FOLLOWER to CANDIDATE at term 0 for changeToCandidate
2020-10-15 01:58:05,239 [Listener at 127.0.0.1/10676] INFO  server.RaftServerConfigKeys (ConfUtils.java:logGet(44)) - raft.server.storage.dir = [/github/workspace/mnt/ozone/hadoop-ozone/integration-test/target/test-dir/MiniOzoneClusterImpl-58e8adfc-9d81-40cd-9dee-7bd6cd075720/datanode-1/data/ratis] (custom)
2020-10-15 01:58:05,240 [Thread-100] INFO  impl.RoleInfo (RoleInfo.java:updateAndGet(143)) - omNode-1: start LeaderElection
2020-10-15 01:58:05,253 [Listener at 127.0.0.1/10676] INFO  http.BaseHttpServer (BaseHttpServer.java:newHttpServer2BuilderForOzone(207)) - Starting Web-server for hddsDatanode at: http://0.0.0.0:0
2020-10-15 01:58:05,253 [Listener at 127.0.0.1/10676] INFO  http.BaseHttpServer (BaseHttpServer.java:<init>(106)) - Hadoop Security Enabled: false Ozone Security Enabled: false Ozone HTTP Security Enabled: false 
2020-10-15 01:58:05,254 [omNode-1@group-523986131536-LeaderElection1] INFO  impl.LeaderElection (LeaderElection.java:askForVotes(210)) - omNode-1@group-523986131536-LeaderElection1: begin an election at term 1 for -1: [omNode-3:localhost:10680:0, omNode-1:localhost:10668:0, omNode-2:localhost:10674:0], old=null
2020-10-15 01:58:05,262 [Listener at 127.0.0.1/10676] INFO  server.AuthenticationFilter (AuthenticationFilter.java:constructSecretProvider(240)) - Unable to initialize FileSignerSecretProvider, falling back to use random secrets.
2020-10-15 01:58:05,267 [Listener at 127.0.0.1/10676] WARN  http.HttpRequestLog (HttpRequestLog.java:getRequestLog(103)) - Jetty request log can only be enabled using Log4j
2020-10-15 01:58:05,268 [Listener at 127.0.0.1/10676] INFO  http.HttpServer2 (HttpServer2.java:addGlobalFilter(1019)) - Added global filter 'safety' (class=org.apache.hadoop.hdds.server.http.HttpServer2$QuotingInputFilter)
2020-10-15 01:58:05,269 [Listener at 127.0.0.1/10676] INFO  http.HttpServer2 (HttpServer2.java:addFilter(995)) - Added filter static_user_filter (class=org.apache.hadoop.http.lib.StaticUserWebFilter$StaticUserFilter) to context hddsDatanode
2020-10-15 01:58:05,269 [Listener at 127.0.0.1/10676] INFO  http.HttpServer2 (HttpServer2.java:addFilter(1003)) - Added filter static_user_filter (class=org.apache.hadoop.http.lib.StaticUserWebFilter$StaticUserFilter) to context logs
2020-10-15 01:58:05,269 [Listener at 127.0.0.1/10676] INFO  http.HttpServer2 (HttpServer2.java:addFilter(1003)) - Added filter static_user_filter (class=org.apache.hadoop.http.lib.StaticUserWebFilter$StaticUserFilter) to context static
2020-10-15 01:58:05,270 [Listener at 127.0.0.1/10676] INFO  http.HttpServer2 (HttpServer2.java:bindListener(1237)) - Jetty bound to port 39699
2020-10-15 01:58:05,270 [Listener at 127.0.0.1/10676] INFO  server.Server (Server.java:doStart(359)) - jetty-9.4.26.v20200117; built: 2020-01-17T12:35:33.676Z; git: 7b38981d25d14afb4a12ff1f2596756144edf695; jvm 1.8.0_232-b09
2020-10-15 01:58:05,329 [Listener at 127.0.0.1/10676] INFO  server.session (DefaultSessionIdManager.java:doStart(333)) - DefaultSessionIdManager workerName=node0
2020-10-15 01:58:05,329 [Listener at 127.0.0.1/10676] INFO  server.session (DefaultSessionIdManager.java:doStart(338)) - No SessionScavenger set, using defaults
2020-10-15 01:58:05,329 [Listener at 127.0.0.1/10676] INFO  server.session (HouseKeeper.java:startScavenging(140)) - node0 Scavenging every 600000ms
2020-10-15 01:58:05,330 [Listener at 127.0.0.1/10676] INFO  handler.ContextHandler (ContextHandler.java:doStart(825)) - Started o.e.j.s.ServletContextHandler@3075eb83{logs,/logs,file:///github/workspace/mnt/ozone/hadoop-ozone/integration-test/target/log,AVAILABLE}
2020-10-15 01:58:05,331 [Listener at 127.0.0.1/10676] INFO  handler.ContextHandler (ContextHandler.java:doStart(825)) - Started o.e.j.s.ServletContextHandler@2f669c3a{static,/static,jar:file:/home/user/.m2/repository/org/apache/hadoop/hadoop-hdds-container-service/1.1.0-SNAPSHOT/hadoop-hdds-container-service-1.1.0-SNAPSHOT.jar!/webapps/static,AVAILABLE}
2020-10-15 01:58:05,495 [Datanode State Machine Task Thread - 0] INFO  datanode.InitDatanodeState (InitDatanodeState.java:persistContainerDatanodeDetails(145)) - DatanodeDetails is persisted to /github/workspace/mnt/ozone/hadoop-ozone/integration-test/target/test-dir/MiniOzoneClusterImpl-58e8adfc-9d81-40cd-9dee-7bd6cd075720/datanode-0/meta/datanode.id
2020-10-15 01:58:05,574 [Thread-138] INFO  impl.FollowerState (FollowerState.java:run(108)) - omNode-2@group-523986131536-FollowerState: change to CANDIDATE, lastRpcTime:1194ms, electionTimeout:1180ms
2020-10-15 01:58:05,574 [Thread-138] INFO  impl.RoleInfo (RoleInfo.java:shutdownFollowerState(121)) - omNode-2: shutdown FollowerState
2020-10-15 01:58:05,575 [Thread-138] INFO  impl.RaftServerImpl (RaftServerImpl.java:setRole(198)) - omNode-2@group-523986131536: changes role from  FOLLOWER to CANDIDATE at term 0 for changeToCandidate
2020-10-15 01:58:05,575 [Thread-138] INFO  impl.RoleInfo (RoleInfo.java:updateAndGet(143)) - omNode-2: start LeaderElection
2020-10-15 01:58:05,590 [omNode-2@group-523986131536-LeaderElection2] INFO  impl.LeaderElection (LeaderElection.java:askForVotes(210)) - omNode-2@group-523986131536-LeaderElection2: begin an election at term 1 for -1: [omNode-3:localhost:10680:0, omNode-1:localhost:10668:0, omNode-2:localhost:10674:0], old=null
2020-10-15 01:58:05,660 [Thread-176] INFO  impl.FollowerState (FollowerState.java:run(108)) - omNode-3@group-523986131536-FollowerState: change to CANDIDATE, lastRpcTime:1111ms, electionTimeout:1103ms
2020-10-15 01:58:05,660 [Thread-176] INFO  impl.RoleInfo (RoleInfo.java:shutdownFollowerState(121)) - omNode-3: shutdown FollowerState
2020-10-15 01:58:05,660 [Thread-176] INFO  impl.RaftServerImpl (RaftServerImpl.java:setRole(198)) - omNode-3@group-523986131536: changes role from  FOLLOWER to CANDIDATE at term 0 for changeToCandidate
2020-10-15 01:58:05,660 [Thread-176] INFO  impl.RoleInfo (RoleInfo.java:updateAndGet(143)) - omNode-3: start LeaderElection
2020-10-15 01:58:05,681 [omNode-3@group-523986131536-LeaderElection3] INFO  impl.LeaderElection (LeaderElection.java:askForVotes(210)) - omNode-3@group-523986131536-LeaderElection3: begin an election at term 1 for -1: [omNode-3:localhost:10680:0, omNode-1:localhost:10668:0, omNode-2:localhost:10674:0], old=null
2020-10-15 01:58:05,698 [Listener at 127.0.0.1/10676] INFO  handler.ContextHandler (ContextHandler.java:doStart(825)) - Started o.e.j.w.WebAppContext@c1c7177{hddsDatanode,/,file:///tmp/jetty-0_0_0_0-39699-hadoop-hdds-container-service-1_1_0-SNAPSHOT_jar-_-any-5041259277297817234.dir/webapp/,AVAILABLE}{jar:file:/home/user/.m2/repository/org/apache/hadoop/hadoop-hdds-container-service/1.1.0-SNAPSHOT/hadoop-hdds-container-service-1.1.0-SNAPSHOT.jar!/webapps/hddsDatanode}
2020-10-15 01:58:05,718 [Listener at 127.0.0.1/10676] INFO  server.AbstractConnector (AbstractConnector.java:doStart(330)) - Started ServerConnector@544e760d{HTTP/1.1,[http/1.1]}{0.0.0.0:39699}
2020-10-15 01:58:05,718 [Listener at 127.0.0.1/10676] INFO  server.Server (Server.java:doStart(399)) - Started @6302ms
2020-10-15 01:58:05,718 [Listener at 127.0.0.1/10676] WARN  impl.MetricsSystemImpl (MetricsSystemImpl.java:register(276)) - Sink prometheus already exists!
2020-10-15 01:58:05,722 [Listener at 127.0.0.1/10676] INFO  http.BaseHttpServer (BaseHttpServer.java:updateConnectorAddress(327)) - HTTP server of hddsDatanode listening at http://0.0.0.0:39699
2020-10-15 01:58:05,729 [Listener at 127.0.0.1/10676] INFO  impl.MetricsSystemImpl (MetricsSystemImpl.java:init(158)) - HddsDatanode metrics system started (again)
2020-10-15 01:58:05,731 [Listener at 127.0.0.1/10676] INFO  ozone.HddsDatanodeService (HddsDatanodeService.java:start(217)) - HddsDatanodeService host:a778b8114e86 ip:172.17.0.2
2020-10-15 01:58:05,732 [Listener at 127.0.0.1/10676] INFO  volume.HddsVolume (HddsVolume.java:<init>(176)) - Creating Volume: /github/workspace/mnt/ozone/hadoop-ozone/integration-test/target/test-dir/MiniOzoneClusterImpl-58e8adfc-9d81-40cd-9dee-7bd6cd075720/datanode-2/data-0/containers/hdds of storage type : DISK and capacity : 9223372036854775807
2020-10-15 01:58:05,732 [Listener at 127.0.0.1/10676] INFO  volume.MutableVolumeSet (MutableVolumeSet.java:initializeVolumeSet(179)) - Added Volume : /github/workspace/mnt/ozone/hadoop-ozone/integration-test/target/test-dir/MiniOzoneClusterImpl-58e8adfc-9d81-40cd-9dee-7bd6cd075720/datanode-2/data-0/containers/hdds to VolumeSet
2020-10-15 01:58:05,732 [Listener at 127.0.0.1/10676] INFO  volume.ThrottledAsyncChecker (ThrottledAsyncChecker.java:schedule(141)) - Scheduling a check for /github/workspace/mnt/ozone/hadoop-ozone/integration-test/target/test-dir/MiniOzoneClusterImpl-58e8adfc-9d81-40cd-9dee-7bd6cd075720/datanode-2/data-0/containers/hdds
2020-10-15 01:58:05,734 [Listener at 127.0.0.1/10676] INFO  volume.HddsVolumeChecker (HddsVolumeChecker.java:checkAllVolumes(200)) - Scheduled health check for volume /github/workspace/mnt/ozone/hadoop-ozone/integration-test/target/test-dir/MiniOzoneClusterImpl-58e8adfc-9d81-40cd-9dee-7bd6cd075720/datanode-2/data-0/containers/hdds
2020-10-15 01:58:05,790 [Thread-238] INFO  ozoneimpl.ContainerReader (ContainerReader.java:readVolume(123)) - Start to verify containers on volume /github/workspace/mnt/ozone/hadoop-ozone/integration-test/target/test-dir/MiniOzoneClusterImpl-58e8adfc-9d81-40cd-9dee-7bd6cd075720/datanode-2/data-0/containers/hdds
2020-10-15 01:58:05,790 [Thread-238] INFO  ozoneimpl.ContainerReader (ContainerReader.java:readVolume(148)) - Finish verifying containers on volume /github/workspace/mnt/ozone/hadoop-ozone/integration-test/target/test-dir/MiniOzoneClusterImpl-58e8adfc-9d81-40cd-9dee-7bd6cd075720/datanode-2/data-0/containers/hdds
2020-10-15 01:58:05,790 [Listener at 127.0.0.1/10676] INFO  ozoneimpl.OzoneContainer (OzoneContainer.java:buildContainerSet(196)) - Build ContainerSet costs 0s
2020-10-15 01:58:05,793 [Listener at 127.0.0.1/10676] INFO  impl.RaftServerProxy (ConfUtils.java:logGet(44)) - raft.rpc.type = GRPC (default)
2020-10-15 01:58:05,793 [Listener at 127.0.0.1/10676] INFO  grpc.GrpcFactory (GrpcFactory.java:checkPooledByteBufAllocatorUseCacheForAllThreads(45)) - PERFORMANCE WARNING: useCacheForAllThreads is true that may cause Netty to create a lot garbage objects and, as a result, trigger GC.
	It is recommended to disable useCacheForAllThreads by setting -Dorg.apache.ratis.thirdparty.io.netty.allocator.useCacheForAllThreads=false in command line.
2020-10-15 01:58:05,793 [Listener at 127.0.0.1/10676] INFO  grpc.GrpcConfigKeys (ConfUtils.java:logGet(44)) - raft.grpc.server.port = 0 (default)
2020-10-15 01:58:05,793 [Listener at 127.0.0.1/10676] INFO  server.GrpcService (ConfUtils.java:logGet(44)) - raft.grpc.message.size.max = 32MB (=33554432) (custom)
2020-10-15 01:58:05,794 [Listener at 127.0.0.1/10676] INFO  server.RaftServerConfigKeys (ConfUtils.java:logGet(44)) - raft.server.log.appender.buffer.byte-limit = 33554432 (custom)
2020-10-15 01:58:05,794 [Listener at 127.0.0.1/10676] INFO  server.GrpcService (ConfUtils.java:logGet(44)) - raft.grpc.flow.control.window = 5MB (=5242880) (custom)
2020-10-15 01:58:05,794 [Listener at 127.0.0.1/10676] INFO  server.RaftServerConfigKeys (ConfUtils.java:logGet(44)) - raft.server.rpc.request.timeout = 60s (custom)
2020-10-15 01:58:05,795 [Listener at 127.0.0.1/10676] INFO  server.RaftServerConfigKeys (ConfUtils.java:logGet(44)) - raft.server.storage.dir = [/github/workspace/mnt/ozone/hadoop-ozone/integration-test/target/test-dir/MiniOzoneClusterImpl-58e8adfc-9d81-40cd-9dee-7bd6cd075720/datanode-2/data/ratis] (custom)
2020-10-15 01:58:05,800 [Listener at 127.0.0.1/10676] INFO  http.BaseHttpServer (BaseHttpServer.java:newHttpServer2BuilderForOzone(207)) - Starting Web-server for hddsDatanode at: http://0.0.0.0:0
2020-10-15 01:58:05,800 [Listener at 127.0.0.1/10676] INFO  http.BaseHttpServer (BaseHttpServer.java:<init>(106)) - Hadoop Security Enabled: false Ozone Security Enabled: false Ozone HTTP Security Enabled: false 
2020-10-15 01:58:05,801 [Listener at 127.0.0.1/10676] INFO  server.AuthenticationFilter (AuthenticationFilter.java:constructSecretProvider(240)) - Unable to initialize FileSignerSecretProvider, falling back to use random secrets.
2020-10-15 01:58:05,805 [org.apache.hadoop.util.JvmPauseMonitor$Monitor@6fd0ad65] INFO  util.JvmPauseMonitor (JvmPauseMonitor.java:run(188)) - Starting JVM pause monitor
2020-10-15 01:58:05,806 [Listener at 127.0.0.1/10676] WARN  http.HttpRequestLog (HttpRequestLog.java:getRequestLog(103)) - Jetty request log can only be enabled using Log4j
2020-10-15 01:58:05,807 [Listener at 127.0.0.1/10676] INFO  http.HttpServer2 (HttpServer2.java:addGlobalFilter(1019)) - Added global filter 'safety' (class=org.apache.hadoop.hdds.server.http.HttpServer2$QuotingInputFilter)
2020-10-15 01:58:05,808 [Listener at 127.0.0.1/10676] INFO  http.HttpServer2 (HttpServer2.java:addFilter(995)) - Added filter static_user_filter (class=org.apache.hadoop.http.lib.StaticUserWebFilter$StaticUserFilter) to context hddsDatanode
2020-10-15 01:58:05,808 [Listener at 127.0.0.1/10676] INFO  http.HttpServer2 (HttpServer2.java:addFilter(1003)) - Added filter static_user_filter (class=org.apache.hadoop.http.lib.StaticUserWebFilter$StaticUserFilter) to context logs
2020-10-15 01:58:05,808 [Listener at 127.0.0.1/10676] INFO  http.HttpServer2 (HttpServer2.java:addFilter(1003)) - Added filter static_user_filter (class=org.apache.hadoop.http.lib.StaticUserWebFilter$StaticUserFilter) to context static
2020-10-15 01:58:05,809 [Listener at 127.0.0.1/10676] INFO  http.HttpServer2 (HttpServer2.java:bindListener(1237)) - Jetty bound to port 36507
2020-10-15 01:58:05,809 [Listener at 127.0.0.1/10676] INFO  server.Server (Server.java:doStart(359)) - jetty-9.4.26.v20200117; built: 2020-01-17T12:35:33.676Z; git: 7b38981d25d14afb4a12ff1f2596756144edf695; jvm 1.8.0_232-b09
2020-10-15 01:58:05,810 [Listener at 127.0.0.1/10676] INFO  server.session (DefaultSessionIdManager.java:doStart(333)) - DefaultSessionIdManager workerName=node0
2020-10-15 01:58:05,810 [Listener at 127.0.0.1/10676] INFO  server.session (DefaultSessionIdManager.java:doStart(338)) - No SessionScavenger set, using defaults
2020-10-15 01:58:05,811 [Listener at 127.0.0.1/10676] INFO  server.session (HouseKeeper.java:startScavenging(140)) - node0 Scavenging every 600000ms
2020-10-15 01:58:05,811 [Listener at 127.0.0.1/10676] INFO  handler.ContextHandler (ContextHandler.java:doStart(825)) - Started o.e.j.s.ServletContextHandler@252d0cc9{logs,/logs,file:///github/workspace/mnt/ozone/hadoop-ozone/integration-test/target/log,AVAILABLE}
2020-10-15 01:58:05,812 [Listener at 127.0.0.1/10676] INFO  handler.ContextHandler (ContextHandler.java:doStart(825)) - Started o.e.j.s.ServletContextHandler@11ec55c3{static,/static,jar:file:/home/user/.m2/repository/org/apache/hadoop/hadoop-hdds-container-service/1.1.0-SNAPSHOT/hadoop-hdds-container-service-1.1.0-SNAPSHOT.jar!/webapps/static,AVAILABLE}
2020-10-15 01:58:05,831 [Datanode State Machine Task Thread - 0] INFO  datanode.InitDatanodeState (InitDatanodeState.java:persistContainerDatanodeDetails(145)) - DatanodeDetails is persisted to /github/workspace/mnt/ozone/hadoop-ozone/integration-test/target/test-dir/MiniOzoneClusterImpl-58e8adfc-9d81-40cd-9dee-7bd6cd075720/datanode-1/meta/datanode.id
2020-10-15 01:58:05,955 [grpc-default-executor-4] INFO  metrics.RatisMetrics (RatisMetrics.java:lambda$create$0(36)) - Creating Metrics Registry : ratis.server_message_metrics.omNode-1
2020-10-15 01:58:05,965 [grpc-default-executor-5] INFO  metrics.RatisMetrics (RatisMetrics.java:lambda$create$0(36)) - Creating Metrics Registry : ratis.server_message_metrics.omNode-3
2020-10-15 01:58:05,979 [grpc-default-executor-3] INFO  metrics.RatisMetrics (RatisMetrics.java:lambda$create$0(36)) - Creating Metrics Registry : ratis.server_message_metrics.omNode-2
2020-10-15 01:58:06,019 [omNode-3@group-523986131536-LeaderElection3] INFO  impl.LeaderElection (LeaderElection.java:logAndReturn(62)) - omNode-3@group-523986131536-LeaderElection3: Election REJECTED; received 2 response(s) [omNode-3<-omNode-1#0:FAIL-t1, omNode-3<-omNode-2#0:FAIL-t1] and 0 exception(s); omNode-3@group-523986131536:t1, leader=null, voted=omNode-3, raftlog=omNode-3@group-523986131536-SegmentedRaftLog:OPENED:c-1,f-1,i0, conf=-1: [omNode-3:localhost:10680:0, omNode-1:localhost:10668:0, omNode-2:localhost:10674:0], old=null
2020-10-15 01:58:06,020 [omNode-2@group-523986131536-LeaderElection2] INFO  impl.LeaderElection (LeaderElection.java:logAndReturn(62)) - omNode-2@group-523986131536-LeaderElection2: Election REJECTED; received 2 response(s) [omNode-2<-omNode-3#0:FAIL-t1, omNode-2<-omNode-1#0:FAIL-t1] and 0 exception(s); omNode-2@group-523986131536:t1, leader=null, voted=omNode-2, raftlog=omNode-2@group-523986131536-SegmentedRaftLog:OPENED:c-1,f-1,i0, conf=-1: [omNode-3:localhost:10680:0, omNode-1:localhost:10668:0, omNode-2:localhost:10674:0], old=null
2020-10-15 01:58:06,022 [omNode-2@group-523986131536-LeaderElection2] INFO  impl.RaftServerImpl (RaftServerImpl.java:setRole(198)) - omNode-2@group-523986131536: changes role from CANDIDATE to FOLLOWER at term 1 for DISCOVERED_A_NEW_TERM
2020-10-15 01:58:06,022 [omNode-2@group-523986131536-LeaderElection2] INFO  impl.RoleInfo (RoleInfo.java:shutdownLeaderElection(134)) - omNode-2: shutdown LeaderElection
2020-10-15 01:58:06,022 [omNode-2@group-523986131536-LeaderElection2] INFO  impl.RoleInfo (RoleInfo.java:updateAndGet(143)) - omNode-2: start FollowerState
2020-10-15 01:58:06,022 [omNode-3@group-523986131536-LeaderElection3] INFO  impl.RaftServerImpl (RaftServerImpl.java:setRole(198)) - omNode-3@group-523986131536: changes role from CANDIDATE to FOLLOWER at term 1 for DISCOVERED_A_NEW_TERM
2020-10-15 01:58:06,037 [omNode-3@group-523986131536-LeaderElection3] INFO  impl.RoleInfo (RoleInfo.java:shutdownLeaderElection(134)) - omNode-3: shutdown LeaderElection
2020-10-15 01:58:06,037 [omNode-3@group-523986131536-LeaderElection3] INFO  impl.RoleInfo (RoleInfo.java:updateAndGet(143)) - omNode-3: start FollowerState
2020-10-15 01:58:06,030 [omNode-1@group-523986131536-LeaderElection1] INFO  impl.LeaderElection (LeaderElection.java:logAndReturn(62)) - omNode-1@group-523986131536-LeaderElection1: Election REJECTED; received 2 response(s) [omNode-1<-omNode-3#0:FAIL-t1, omNode-1<-omNode-2#0:FAIL-t1] and 0 exception(s); omNode-1@group-523986131536:t1, leader=null, voted=omNode-1, raftlog=omNode-1@group-523986131536-SegmentedRaftLog:OPENED:c-1,f-1,i0, conf=-1: [omNode-3:localhost:10680:0, omNode-1:localhost:10668:0, omNode-2:localhost:10674:0], old=null
2020-10-15 01:58:06,045 [omNode-1@group-523986131536-LeaderElection1] INFO  impl.RaftServerImpl (RaftServerImpl.java:setRole(198)) - omNode-1@group-523986131536: changes role from CANDIDATE to FOLLOWER at term 1 for DISCOVERED_A_NEW_TERM
2020-10-15 01:58:06,045 [omNode-1@group-523986131536-LeaderElection1] INFO  impl.RoleInfo (RoleInfo.java:shutdownLeaderElection(134)) - omNode-1: shutdown LeaderElection
2020-10-15 01:58:06,045 [omNode-1@group-523986131536-LeaderElection1] INFO  impl.RoleInfo (RoleInfo.java:updateAndGet(143)) - omNode-1: start FollowerState
2020-10-15 01:58:06,094 [Listener at 127.0.0.1/10676] INFO  handler.ContextHandler (ContextHandler.java:doStart(825)) - Started o.e.j.w.WebAppContext@3d1d3067{hddsDatanode,/,file:///tmp/jetty-0_0_0_0-36507-hadoop-hdds-container-service-1_1_0-SNAPSHOT_jar-_-any-1797955221278942279.dir/webapp/,AVAILABLE}{jar:file:/home/user/.m2/repository/org/apache/hadoop/hadoop-hdds-container-service/1.1.0-SNAPSHOT/hadoop-hdds-container-service-1.1.0-SNAPSHOT.jar!/webapps/hddsDatanode}
2020-10-15 01:58:06,095 [Listener at 127.0.0.1/10676] INFO  server.AbstractConnector (AbstractConnector.java:doStart(330)) - Started ServerConnector@707bf159{HTTP/1.1,[http/1.1]}{0.0.0.0:36507}
2020-10-15 01:58:06,096 [Listener at 127.0.0.1/10676] INFO  server.Server (Server.java:doStart(399)) - Started @6680ms
2020-10-15 01:58:06,096 [Listener at 127.0.0.1/10676] WARN  impl.MetricsSystemImpl (MetricsSystemImpl.java:register(276)) - Sink prometheus already exists!
2020-10-15 01:58:06,100 [Listener at 127.0.0.1/10676] INFO  http.BaseHttpServer (BaseHttpServer.java:updateConnectorAddress(327)) - HTTP server of hddsDatanode listening at http://0.0.0.0:36507
2020-10-15 01:58:06,101 [Listener at 127.0.0.1/10676] INFO  ozone.MiniOzoneClusterImpl (MiniOzoneClusterImpl.java:lambda$waitForClusterToBeReady$0(177)) - Waiting for nodes to be ready. Got 0 of 3 DN Heartbeats.
2020-10-15 01:58:06,101 [Listener at 127.0.0.1/10676] INFO  ozone.MiniOzoneClusterImpl (MiniOzoneClusterImpl.java:lambda$waitForClusterToBeReady$0(180)) - Waiting for cluster to exit safe mode
2020-10-15 01:58:06,110 [org.apache.hadoop.util.JvmPauseMonitor$Monitor@fc37c16] INFO  util.JvmPauseMonitor (JvmPauseMonitor.java:run(188)) - Starting JVM pause monitor
2020-10-15 01:58:06,113 [Datanode State Machine Task Thread - 0] INFO  datanode.InitDatanodeState (InitDatanodeState.java:persistContainerDatanodeDetails(145)) - DatanodeDetails is persisted to /github/workspace/mnt/ozone/hadoop-ozone/integration-test/target/test-dir/MiniOzoneClusterImpl-58e8adfc-9d81-40cd-9dee-7bd6cd075720/datanode-2/meta/datanode.id
2020-10-15 01:58:07,078 [Thread-250] INFO  impl.FollowerState (FollowerState.java:run(108)) - omNode-3@group-523986131536-FollowerState: change to CANDIDATE, lastRpcTime:1041ms, electionTimeout:1033ms
2020-10-15 01:58:07,079 [Thread-250] INFO  impl.RoleInfo (RoleInfo.java:shutdownFollowerState(121)) - omNode-3: shutdown FollowerState
2020-10-15 01:58:07,079 [Thread-250] INFO  impl.RaftServerImpl (RaftServerImpl.java:setRole(198)) - omNode-3@group-523986131536: changes role from  FOLLOWER to CANDIDATE at term 1 for changeToCandidate
2020-10-15 01:58:07,083 [Thread-250] INFO  impl.RoleInfo (RoleInfo.java:updateAndGet(143)) - omNode-3: start LeaderElection
2020-10-15 01:58:07,085 [omNode-3@group-523986131536-LeaderElection4] INFO  impl.LeaderElection (LeaderElection.java:askForVotes(210)) - omNode-3@group-523986131536-LeaderElection4: begin an election at term 2 for -1: [omNode-3:localhost:10680:0, omNode-1:localhost:10668:0, omNode-2:localhost:10674:0], old=null
2020-10-15 01:58:07,096 [grpc-default-executor-1] INFO  impl.RaftServerImpl (RaftServerImpl.java:setRole(198)) - omNode-2@group-523986131536: changes role from  FOLLOWER to FOLLOWER at term 2 for recognizeCandidate:omNode-3
2020-10-15 01:58:07,096 [grpc-default-executor-1] INFO  impl.RoleInfo (RoleInfo.java:shutdownFollowerState(121)) - omNode-2: shutdown FollowerState
2020-10-15 01:58:07,096 [grpc-default-executor-1] INFO  impl.RoleInfo (RoleInfo.java:updateAndGet(143)) - omNode-2: start FollowerState
2020-10-15 01:58:07,096 [Thread-249] INFO  impl.FollowerState (FollowerState.java:run(117)) - omNode-2@group-523986131536-FollowerState was interrupted: java.lang.InterruptedException: sleep interrupted
2020-10-15 01:58:07,097 [grpc-default-executor-3] INFO  impl.RaftServerImpl (RaftServerImpl.java:setRole(198)) - omNode-1@group-523986131536: changes role from  FOLLOWER to FOLLOWER at term 2 for recognizeCandidate:omNode-3
2020-10-15 01:58:07,097 [grpc-default-executor-3] INFO  impl.RoleInfo (RoleInfo.java:shutdownFollowerState(121)) - omNode-1: shutdown FollowerState
2020-10-15 01:58:07,097 [grpc-default-executor-1] INFO  impl.RaftServerImpl (RaftServerImpl.java:requestVote(923)) -  FOLLOWER omNode-2@group-523986131536:t2, leader=null, voted=null, raftlog=omNode-2@group-523986131536-SegmentedRaftLog:OPENED:c-1,f-1,i0, conf=-1: [omNode-3:localhost:10680:0, omNode-1:localhost:10668:0, omNode-2:localhost:10674:0], old=null RUNNING priority:0 candidate:omNode-3:localhost:10680:0 candidatePriority:0 compare:0
2020-10-15 01:58:07,098 [Thread-251] INFO  impl.FollowerState (FollowerState.java:run(117)) - omNode-1@group-523986131536-FollowerState was interrupted: java.lang.InterruptedException: sleep interrupted
2020-10-15 01:58:07,098 [grpc-default-executor-3] INFO  impl.RoleInfo (RoleInfo.java:updateAndGet(143)) - omNode-1: start FollowerState
2020-10-15 01:58:07,103 [Listener at 127.0.0.1/10676] INFO  ozone.MiniOzoneClusterImpl (MiniOzoneClusterImpl.java:lambda$waitForClusterToBeReady$0(177)) - Waiting for nodes to be ready. Got 0 of 3 DN Heartbeats.
2020-10-15 01:58:07,103 [Listener at 127.0.0.1/10676] INFO  ozone.MiniOzoneClusterImpl (MiniOzoneClusterImpl.java:lambda$waitForClusterToBeReady$0(180)) - Waiting for cluster to exit safe mode
2020-10-15 01:58:07,103 [grpc-default-executor-3] INFO  impl.RaftServerImpl (RaftServerImpl.java:requestVote(923)) -  FOLLOWER omNode-1@group-523986131536:t2, leader=null, voted=null, raftlog=omNode-1@group-523986131536-SegmentedRaftLog:OPENED:c-1,f-1,i0, conf=-1: [omNode-3:localhost:10680:0, omNode-1:localhost:10668:0, omNode-2:localhost:10674:0], old=null RUNNING priority:0 candidate:omNode-3:localhost:10680:0 candidatePriority:0 compare:0
2020-10-15 01:58:07,110 [omNode-3@group-523986131536-LeaderElection4] INFO  impl.LeaderElection (LeaderElection.java:logAndReturn(62)) - omNode-3@group-523986131536-LeaderElection4: Election PASSED; received 1 response(s) [omNode-3<-omNode-2#0:OK-t2] and 0 exception(s); omNode-3@group-523986131536:t2, leader=null, voted=omNode-3, raftlog=omNode-3@group-523986131536-SegmentedRaftLog:OPENED:c-1,f-1,i0, conf=-1: [omNode-3:localhost:10680:0, omNode-1:localhost:10668:0, omNode-2:localhost:10674:0], old=null
2020-10-15 01:58:07,111 [omNode-3@group-523986131536-LeaderElection4] INFO  impl.RoleInfo (RoleInfo.java:shutdownLeaderElection(134)) - omNode-3: shutdown LeaderElection
2020-10-15 01:58:07,111 [omNode-3@group-523986131536-LeaderElection4] INFO  impl.RaftServerImpl (RaftServerImpl.java:setRole(198)) - omNode-3@group-523986131536: changes role from CANDIDATE to LEADER at term 2 for changeToLeader
2020-10-15 01:58:07,111 [omNode-3@group-523986131536-LeaderElection4] INFO  impl.RaftServerImpl (ServerState.java:setLeader(256)) - omNode-3@group-523986131536: change Leader from null to omNode-3 at term 2 for becomeLeader, leader elected after 2587ms
2020-10-15 01:58:07,115 [omNode-3@group-523986131536-LeaderElection4] INFO  server.RaftServerConfigKeys (ConfUtils.java:logGet(44)) - raft.server.staging.catchup.gap = 1000 (default)
2020-10-15 01:58:07,115 [omNode-3@group-523986131536-LeaderElection4] INFO  server.RaftServerConfigKeys (ConfUtils.java:logGet(44)) - raft.server.rpc.sleep.time = 25ms (default)
2020-10-15 01:58:07,129 [omNode-3@group-523986131536-LeaderElection4] INFO  metrics.RatisMetrics (RatisMetrics.java:lambda$create$0(36)) - Creating Metrics Registry : ratis.log_appender.omNode-3@group-523986131536
2020-10-15 01:58:07,133 [omNode-3@group-523986131536-LeaderElection4] INFO  server.RaftServerConfigKeys (ConfUtils.java:logGet(44)) - raft.server.write.element-limit = 4096 (default)
2020-10-15 01:58:07,134 [omNode-3@group-523986131536-LeaderElection4] INFO  server.RaftServerConfigKeys (ConfUtils.java:logGet(44)) - raft.server.write.byte-limit = 64MB (=67108864) (default)
2020-10-15 01:58:07,142 [omNode-3@group-523986131536-LeaderElection4] INFO  server.RaftServerConfigKeys (ConfUtils.java:logGet(44)) - raft.server.watch.timeout = 10s (default)
2020-10-15 01:58:07,142 [omNode-3@group-523986131536-LeaderElection4] INFO  server.RaftServerConfigKeys (ConfUtils.java:logGet(44)) - raft.server.watch.timeout.denomination = 1s (default)
2020-10-15 01:58:07,143 [omNode-3@group-523986131536-LeaderElection4] INFO  server.RaftServerConfigKeys (ConfUtils.java:logGet(44)) - raft.server.watch.element-limit = 65536 (default)
2020-10-15 01:58:07,151 [omNode-3@group-523986131536-LeaderElection4] INFO  server.RaftServerConfigKeys (ConfUtils.java:logGet(44)) - raft.server.log.appender.snapshot.chunk.size.max = 16MB (=16777216) (default)
2020-10-15 01:58:07,151 [omNode-3@group-523986131536-LeaderElection4] INFO  server.RaftServerConfigKeys (ConfUtils.java:logGet(44)) - raft.server.log.appender.buffer.byte-limit = 33554432 (custom)
2020-10-15 01:58:07,152 [omNode-3@group-523986131536-LeaderElection4] INFO  server.RaftServerConfigKeys (ConfUtils.java:logGet(44)) - raft.server.log.appender.buffer.element-limit = 1024 (custom)
2020-10-15 01:58:07,154 [omNode-3@group-523986131536-LeaderElection4] INFO  grpc.GrpcConfigKeys (ConfUtils.java:logGet(44)) - raft.grpc.server.leader.outstanding.appends.max = 128 (default)
2020-10-15 01:58:07,155 [omNode-3@group-523986131536-LeaderElection4] INFO  server.RaftServerConfigKeys (ConfUtils.java:logGet(44)) - raft.server.rpc.request.timeout = 3000ms (default)
2020-10-15 01:58:07,155 [omNode-3@group-523986131536-LeaderElection4] INFO  server.RaftServerConfigKeys (ConfUtils.java:logGet(44)) - raft.server.log.appender.install.snapshot.enabled = false (custom)
2020-10-15 01:58:07,155 [omNode-3@group-523986131536-LeaderElection4] INFO  metrics.RatisMetrics (RatisMetrics.java:lambda$create$0(36)) - Creating Metrics Registry : ratis_grpc.log_appender.omNode-3@group-523986131536
2020-10-15 01:58:07,159 [omNode-3@group-523986131536-LeaderElection4] INFO  server.RaftServerConfigKeys (ConfUtils.java:logGet(44)) - raft.server.log.appender.snapshot.chunk.size.max = 16MB (=16777216) (default)
2020-10-15 01:58:07,160 [omNode-3@group-523986131536-LeaderElection4] INFO  server.RaftServerConfigKeys (ConfUtils.java:logGet(44)) - raft.server.log.appender.buffer.byte-limit = 33554432 (custom)
2020-10-15 01:58:07,160 [omNode-3@group-523986131536-LeaderElection4] INFO  server.RaftServerConfigKeys (ConfUtils.java:logGet(44)) - raft.server.log.appender.buffer.element-limit = 1024 (custom)
2020-10-15 01:58:07,160 [omNode-3@group-523986131536-LeaderElection4] INFO  grpc.GrpcConfigKeys (ConfUtils.java:logGet(44)) - raft.grpc.server.leader.outstanding.appends.max = 128 (default)
2020-10-15 01:58:07,160 [omNode-3@group-523986131536-LeaderElection4] INFO  server.RaftServerConfigKeys (ConfUtils.java:logGet(44)) - raft.server.rpc.request.timeout = 3000ms (default)
2020-10-15 01:58:07,160 [omNode-3@group-523986131536-LeaderElection4] INFO  server.RaftServerConfigKeys (ConfUtils.java:logGet(44)) - raft.server.log.appender.install.snapshot.enabled = false (custom)
2020-10-15 01:58:07,164 [omNode-3@group-523986131536-LeaderElection4] INFO  impl.RoleInfo (RoleInfo.java:updateAndGet(143)) - omNode-3: start LeaderState
2020-10-15 01:58:07,185 [omNode-3@group-523986131536-LeaderElection4] INFO  segmented.SegmentedRaftLogWorker (SegmentedRaftLogWorker.java:startLogSegment(397)) - omNode-3@group-523986131536-SegmentedRaftLogWorker: Starting segment from index:0
2020-10-15 01:58:07,237 [omNode-3@group-523986131536-LeaderElection4] INFO  impl.RaftServerImpl (ServerState.java:setRaftConf(374)) - omNode-3@group-523986131536: set configuration 0: [omNode-3:localhost:10680:0, omNode-1:localhost:10668:0, omNode-2:localhost:10674:0], old=null at 0
2020-10-15 01:58:07,308 [grpc-default-executor-1] INFO  impl.RaftServerImpl (ServerState.java:setLeader(256)) - omNode-1@group-523986131536: change Leader from null to omNode-3 at term 2 for appendEntries, leader elected after 3428ms
2020-10-15 01:58:07,313 [grpc-default-executor-3] INFO  impl.RaftServerImpl (ServerState.java:setLeader(256)) - omNode-2@group-523986131536: change Leader from null to omNode-3 at term 2 for appendEntries, leader elected after 2953ms
2020-10-15 01:58:07,318 [grpc-default-executor-1] INFO  impl.RaftServerImpl (ServerState.java:setRaftConf(374)) - omNode-1@group-523986131536: set configuration 0: [omNode-3:localhost:10680:0, omNode-1:localhost:10668:0, omNode-2:localhost:10674:0], old=null at 0
2020-10-15 01:58:07,320 [grpc-default-executor-1] INFO  segmented.SegmentedRaftLogWorker (SegmentedRaftLogWorker.java:startLogSegment(397)) - omNode-1@group-523986131536-SegmentedRaftLogWorker: Starting segment from index:0
2020-10-15 01:58:07,322 [grpc-default-executor-3] INFO  impl.RaftServerImpl (ServerState.java:setRaftConf(374)) - omNode-2@group-523986131536: set configuration 0: [omNode-3:localhost:10680:0, omNode-1:localhost:10668:0, omNode-2:localhost:10674:0], old=null at 0
2020-10-15 01:58:07,322 [grpc-default-executor-3] INFO  segmented.SegmentedRaftLogWorker (SegmentedRaftLogWorker.java:startLogSegment(397)) - omNode-2@group-523986131536-SegmentedRaftLogWorker: Starting segment from index:0
2020-10-15 01:58:07,492 [omNode-3@group-523986131536-SegmentedRaftLogWorker] INFO  segmented.SegmentedRaftLogWorker (SegmentedRaftLogWorker.java:execute(596)) - omNode-3@group-523986131536-SegmentedRaftLogWorker: created new log segment /github/workspace/mnt/ozone/hadoop-ozone/integration-test/target/test-dir/MiniOzoneClusterImpl-58e8adfc-9d81-40cd-9dee-7bd6cd075720/omNode-3/ratis/c9bc4cf4-3bc3-3c60-a66b-523986131536/current/log_inprogress_0
2020-10-15 01:58:07,493 [omNode-1@group-523986131536-SegmentedRaftLogWorker] INFO  segmented.SegmentedRaftLogWorker (SegmentedRaftLogWorker.java:execute(596)) - omNode-1@group-523986131536-SegmentedRaftLogWorker: created new log segment /github/workspace/mnt/ozone/hadoop-ozone/integration-test/target/test-dir/MiniOzoneClusterImpl-58e8adfc-9d81-40cd-9dee-7bd6cd075720/omNode-1/ratis/c9bc4cf4-3bc3-3c60-a66b-523986131536/current/log_inprogress_0
2020-10-15 01:58:07,492 [omNode-2@group-523986131536-SegmentedRaftLogWorker] INFO  segmented.SegmentedRaftLogWorker (SegmentedRaftLogWorker.java:execute(596)) - omNode-2@group-523986131536-SegmentedRaftLogWorker: created new log segment /github/workspace/mnt/ozone/hadoop-ozone/integration-test/target/test-dir/MiniOzoneClusterImpl-58e8adfc-9d81-40cd-9dee-7bd6cd075720/omNode-2/ratis/c9bc4cf4-3bc3-3c60-a66b-523986131536/current/log_inprogress_0
2020-10-15 01:58:07,496 [Datanode State Machine Task Thread - 1] INFO  ozoneimpl.OzoneContainer (OzoneContainer.java:start(245)) - Attempting to start container services.
2020-10-15 01:58:07,500 [Datanode State Machine Task Thread - 1] INFO  ozoneimpl.OzoneContainer (OzoneContainer.java:startContainerScrub(209)) - Background container scanner has been disabled.
2020-10-15 01:58:07,500 [Datanode State Machine Task Thread - 1] INFO  ratis.XceiverServerRatis (XceiverServerRatis.java:start(440)) - Starting XceiverServerRatis a7c521c8-eaf2-40db-9c87-5299207baa36 at port 0
2020-10-15 01:58:07,503 [Datanode State Machine Task Thread - 1] INFO  impl.RaftServerProxy (RaftServerProxy.java:lambda$start$3(307)) - a7c521c8-eaf2-40db-9c87-5299207baa36: start RPC server
2020-10-15 01:58:07,511 [Datanode State Machine Task Thread - 1] INFO  server.GrpcService (GrpcService.java:startImpl(177)) - a7c521c8-eaf2-40db-9c87-5299207baa36: GrpcService started, listening on 0.0.0.0/0.0.0.0:45115
2020-10-15 01:58:07,511 [Datanode State Machine Task Thread - 1] INFO  ratis.XceiverServerRatis (XceiverServerRatis.java:start(452)) - XceiverServerRatis a7c521c8-eaf2-40db-9c87-5299207baa36 is started using port 45115
2020-10-15 01:58:07,514 [Datanode State Machine Task Thread - 1] INFO  server.XceiverServerGrpc (XceiverServerGrpc.java:start(145)) - XceiverServerGrpc a7c521c8-eaf2-40db-9c87-5299207baa36 is started using port 33165
2020-10-15 01:58:07,809 [Datanode State Machine Task Thread - 1] INFO  ozoneimpl.OzoneContainer (OzoneContainer.java:start(245)) - Attempting to start container services.
2020-10-15 01:58:07,811 [Datanode State Machine Task Thread - 1] INFO  ozoneimpl.OzoneContainer (OzoneContainer.java:startContainerScrub(209)) - Background container scanner has been disabled.
2020-10-15 01:58:07,811 [Datanode State Machine Task Thread - 1] INFO  ratis.XceiverServerRatis (XceiverServerRatis.java:start(440)) - Starting XceiverServerRatis c5e645a5-945b-4d0f-8bf9-d2f53ff82cc9 at port 0
2020-10-15 01:58:07,821 [Datanode State Machine Task Thread - 1] INFO  impl.RaftServerProxy (RaftServerProxy.java:lambda$start$3(307)) - c5e645a5-945b-4d0f-8bf9-d2f53ff82cc9: start RPC server
2020-10-15 01:58:07,823 [Datanode State Machine Task Thread - 1] INFO  server.GrpcService (GrpcService.java:startImpl(177)) - c5e645a5-945b-4d0f-8bf9-d2f53ff82cc9: GrpcService started, listening on 0.0.0.0/0.0.0.0:43759
2020-10-15 01:58:07,823 [Datanode State Machine Task Thread - 1] INFO  ratis.XceiverServerRatis (XceiverServerRatis.java:start(452)) - XceiverServerRatis c5e645a5-945b-4d0f-8bf9-d2f53ff82cc9 is started using port 43759
2020-10-15 01:58:07,824 [Datanode State Machine Task Thread - 1] INFO  server.XceiverServerGrpc (XceiverServerGrpc.java:start(145)) - XceiverServerGrpc c5e645a5-945b-4d0f-8bf9-d2f53ff82cc9 is started using port 36565
2020-10-15 01:58:08,103 [Listener at 127.0.0.1/10676] INFO  ozone.MiniOzoneClusterImpl (MiniOzoneClusterImpl.java:lambda$waitForClusterToBeReady$0(177)) - Waiting for nodes to be ready. Got 0 of 3 DN Heartbeats.
2020-10-15 01:58:08,103 [Listener at 127.0.0.1/10676] INFO  ozone.MiniOzoneClusterImpl (MiniOzoneClusterImpl.java:lambda$waitForClusterToBeReady$0(180)) - Waiting for cluster to exit safe mode
2020-10-15 01:58:08,112 [Datanode State Machine Task Thread - 1] INFO  ozoneimpl.OzoneContainer (OzoneContainer.java:start(245)) - Attempting to start container services.
2020-10-15 01:58:08,113 [Datanode State Machine Task Thread - 1] INFO  ozoneimpl.OzoneContainer (OzoneContainer.java:startContainerScrub(209)) - Background container scanner has been disabled.
2020-10-15 01:58:08,113 [Datanode State Machine Task Thread - 1] INFO  ratis.XceiverServerRatis (XceiverServerRatis.java:start(440)) - Starting XceiverServerRatis 3614fa51-5170-4dd9-b705-f57b34412c98 at port 0
2020-10-15 01:58:08,114 [Datanode State Machine Task Thread - 1] INFO  impl.RaftServerProxy (RaftServerProxy.java:lambda$start$3(307)) - 3614fa51-5170-4dd9-b705-f57b34412c98: start RPC server
2020-10-15 01:58:08,117 [Datanode State Machine Task Thread - 1] INFO  server.GrpcService (GrpcService.java:startImpl(177)) - 3614fa51-5170-4dd9-b705-f57b34412c98: GrpcService started, listening on 0.0.0.0/0.0.0.0:33253
2020-10-15 01:58:08,117 [Datanode State Machine Task Thread - 1] INFO  ratis.XceiverServerRatis (XceiverServerRatis.java:start(452)) - XceiverServerRatis 3614fa51-5170-4dd9-b705-f57b34412c98 is started using port 33253
2020-10-15 01:58:08,118 [Datanode State Machine Task Thread - 1] INFO  server.XceiverServerGrpc (XceiverServerGrpc.java:start(145)) - XceiverServerGrpc 3614fa51-5170-4dd9-b705-f57b34412c98 is started using port 33691
2020-10-15 01:58:09,103 [Listener at 127.0.0.1/10676] INFO  ozone.MiniOzoneClusterImpl (MiniOzoneClusterImpl.java:lambda$waitForClusterToBeReady$0(177)) - Waiting for nodes to be ready. Got 0 of 3 DN Heartbeats.
2020-10-15 01:58:09,104 [Listener at 127.0.0.1/10676] INFO  ozone.MiniOzoneClusterImpl (MiniOzoneClusterImpl.java:lambda$waitForClusterToBeReady$0(180)) - Waiting for cluster to exit safe mode
2020-10-15 01:58:09,246 [IPC Server handler 4 on default port 42979] INFO  net.NetworkTopologyImpl (NetworkTopologyImpl.java:add(111)) - Added a new node: /default-rack/a7c521c8-eaf2-40db-9c87-5299207baa36
2020-10-15 01:58:09,247 [IPC Server handler 4 on default port 42979] INFO  node.SCMNodeManager (SCMNodeManager.java:register(282)) - Registered Data node : a7c521c8-eaf2-40db-9c87-5299207baa36{ip: 172.17.0.2, host: a778b8114e86, networkLocation: /default-rack, certSerialId: null}
2020-10-15 01:58:09,252 [EventQueue-NodeRegistrationContainerReportForContainerSafeModeRule] INFO  safemode.SCMSafeModeManager (SCMSafeModeManager.java:validateSafeModeExitRules(214)) - ContainerSafeModeRule rule is successfully validated
2020-10-15 01:58:09,252 [EventQueue-NodeRegistrationContainerReportForDataNodeSafeModeRule] INFO  safemode.SCMSafeModeManager (DataNodeSafeModeRule.java:process(71)) - SCM in safe mode. 1 DataNodes registered, 1 required.
2020-10-15 01:58:09,252 [EventQueue-NodeRegistrationContainerReportForDataNodeSafeModeRule] INFO  safemode.SCMSafeModeManager (SCMSafeModeManager.java:validateSafeModeExitRules(214)) - DataNodeSafeModeRule rule is successfully validated
2020-10-15 01:58:09,252 [EventQueue-NodeRegistrationContainerReportForDataNodeSafeModeRule] INFO  safemode.SCMSafeModeManager (SCMSafeModeManager.java:completePreCheck(242)) - All SCM safe mode pre check rules have passed
2020-10-15 01:58:09,258 [RatisPipelineUtilsThread] INFO  pipeline.RatisPipelineProvider (RatisPipelineProvider.java:lambda$create$0(138)) - Sending CreatePipelineCommand for pipeline:PipelineID=e0ccf94c-08d8-4d82-a7ad-9b01d9ee1a3c to datanode:a7c521c8-eaf2-40db-9c87-5299207baa36
2020-10-15 01:58:09,438 [RatisPipelineUtilsThread] INFO  pipeline.PipelineStateManager (PipelineStateManager.java:addPipeline(54)) - Created pipeline Pipeline[ Id: e0ccf94c-08d8-4d82-a7ad-9b01d9ee1a3c, Nodes: a7c521c8-eaf2-40db-9c87-5299207baa36{ip: 172.17.0.2, host: a778b8114e86, networkLocation: /default-rack, certSerialId: null}, Type:RATIS, Factor:ONE, State:ALLOCATED, leaderId:, CreationTimestamp2020-10-15T01:58:09.255Z]
2020-10-15 01:58:09,440 [RatisPipelineUtilsThread] WARN  pipeline.PipelinePlacementPolicy (PipelinePlacementPolicy.java:filterViableNodes(138)) - Pipeline creation failed due to no sufficient healthy datanodes. Required 3. Found 1.
2020-10-15 01:58:09,809 [IPC Server handler 1 on default port 42979] INFO  net.NetworkTopologyImpl (NetworkTopologyImpl.java:add(111)) - Added a new node: /default-rack/c5e645a5-945b-4d0f-8bf9-d2f53ff82cc9
2020-10-15 01:58:09,809 [IPC Server handler 1 on default port 42979] INFO  node.SCMNodeManager (SCMNodeManager.java:register(282)) - Registered Data node : c5e645a5-945b-4d0f-8bf9-d2f53ff82cc9{ip: 172.17.0.2, host: a778b8114e86, networkLocation: /default-rack, certSerialId: null}
2020-10-15 01:58:09,809 [EventQueue-NodeRegistrationContainerReportForContainerSafeModeRule] INFO  safemode.SCMSafeModeManager (SCMSafeModeManager.java:validateSafeModeExitRules(214)) - ContainerSafeModeRule rule is successfully validated
2020-10-15 01:58:09,809 [EventQueue-NodeRegistrationContainerReportForDataNodeSafeModeRule] INFO  safemode.SCMSafeModeManager (SCMSafeModeManager.java:validateSafeModeExitRules(214)) - DataNodeSafeModeRule rule is successfully validated
2020-10-15 01:58:09,810 [RatisPipelineUtilsThread] INFO  pipeline.RatisPipelineProvider (RatisPipelineProvider.java:lambda$create$0(138)) - Sending CreatePipelineCommand for pipeline:PipelineID=78002bc4-eaad-4dd7-b844-75d665230760 to datanode:c5e645a5-945b-4d0f-8bf9-d2f53ff82cc9
2020-10-15 01:58:09,811 [RatisPipelineUtilsThread] INFO  pipeline.PipelineStateManager (PipelineStateManager.java:addPipeline(54)) - Created pipeline Pipeline[ Id: 78002bc4-eaad-4dd7-b844-75d665230760, Nodes: c5e645a5-945b-4d0f-8bf9-d2f53ff82cc9{ip: 172.17.0.2, host: a778b8114e86, networkLocation: /default-rack, certSerialId: null}, Type:RATIS, Factor:ONE, State:ALLOCATED, leaderId:, CreationTimestamp2020-10-15T01:58:09.810Z]
2020-10-15 01:58:09,811 [RatisPipelineUtilsThread] WARN  pipeline.PipelinePlacementPolicy (PipelinePlacementPolicy.java:filterViableNodes(138)) - Pipeline creation failed due to no sufficient healthy datanodes. Required 3. Found 2.
2020-10-15 01:58:10,104 [Listener at 127.0.0.1/10676] INFO  ozone.MiniOzoneClusterImpl (MiniOzoneClusterImpl.java:lambda$waitForClusterToBeReady$0(177)) - Waiting for nodes to be ready. Got 2 of 3 DN Heartbeats.
2020-10-15 01:58:10,104 [Listener at 127.0.0.1/10676] INFO  ozone.MiniOzoneClusterImpl (MiniOzoneClusterImpl.java:lambda$waitForClusterToBeReady$0(180)) - Waiting for cluster to exit safe mode
2020-10-15 01:58:10,112 [IPC Server handler 4 on default port 42979] INFO  net.NetworkTopologyImpl (NetworkTopologyImpl.java:add(111)) - Added a new node: /default-rack/3614fa51-5170-4dd9-b705-f57b34412c98
2020-10-15 01:58:10,112 [IPC Server handler 4 on default port 42979] INFO  node.SCMNodeManager (SCMNodeManager.java:register(282)) - Registered Data node : 3614fa51-5170-4dd9-b705-f57b34412c98{ip: 172.17.0.2, host: a778b8114e86, networkLocation: /default-rack, certSerialId: null}
2020-10-15 01:58:10,113 [EventQueue-NodeRegistrationContainerReportForContainerSafeModeRule] INFO  safemode.SCMSafeModeManager (SCMSafeModeManager.java:validateSafeModeExitRules(214)) - ContainerSafeModeRule rule is successfully validated
2020-10-15 01:58:10,113 [EventQueue-NodeRegistrationContainerReportForDataNodeSafeModeRule] INFO  safemode.SCMSafeModeManager (SCMSafeModeManager.java:validateSafeModeExitRules(214)) - DataNodeSafeModeRule rule is successfully validated
2020-10-15 01:58:10,113 [RatisPipelineUtilsThread] INFO  pipeline.RatisPipelineProvider (RatisPipelineProvider.java:lambda$create$0(138)) - Sending CreatePipelineCommand for pipeline:PipelineID=db757287-4c7f-49c0-9106-ef60f5d3d20e to datanode:3614fa51-5170-4dd9-b705-f57b34412c98
2020-10-15 01:58:10,114 [RatisPipelineUtilsThread] INFO  pipeline.PipelineStateManager (PipelineStateManager.java:addPipeline(54)) - Created pipeline Pipeline[ Id: db757287-4c7f-49c0-9106-ef60f5d3d20e, Nodes: 3614fa51-5170-4dd9-b705-f57b34412c98{ip: 172.17.0.2, host: a778b8114e86, networkLocation: /default-rack, certSerialId: null}, Type:RATIS, Factor:ONE, State:ALLOCATED, leaderId:, CreationTimestamp2020-10-15T01:58:10.113Z]
2020-10-15 01:58:10,117 [RatisPipelineUtilsThread] INFO  pipeline.RatisPipelineProvider (RatisPipelineProvider.java:lambda$create$0(138)) - Sending CreatePipelineCommand for pipeline:PipelineID=8796061d-8606-4031-b654-60cb6515e51c to datanode:a7c521c8-eaf2-40db-9c87-5299207baa36
2020-10-15 01:58:10,117 [RatisPipelineUtilsThread] INFO  pipeline.RatisPipelineProvider (RatisPipelineProvider.java:lambda$create$0(138)) - Sending CreatePipelineCommand for pipeline:PipelineID=8796061d-8606-4031-b654-60cb6515e51c to datanode:c5e645a5-945b-4d0f-8bf9-d2f53ff82cc9
2020-10-15 01:58:10,117 [RatisPipelineUtilsThread] INFO  pipeline.RatisPipelineProvider (RatisPipelineProvider.java:lambda$create$0(138)) - Sending CreatePipelineCommand for pipeline:PipelineID=8796061d-8606-4031-b654-60cb6515e51c to datanode:3614fa51-5170-4dd9-b705-f57b34412c98
2020-10-15 01:58:10,117 [RatisPipelineUtilsThread] INFO  pipeline.PipelineStateManager (PipelineStateManager.java:addPipeline(54)) - Created pipeline Pipeline[ Id: 8796061d-8606-4031-b654-60cb6515e51c, Nodes: a7c521c8-eaf2-40db-9c87-5299207baa36{ip: 172.17.0.2, host: a778b8114e86, networkLocation: /default-rack, certSerialId: null}c5e645a5-945b-4d0f-8bf9-d2f53ff82cc9{ip: 172.17.0.2, host: a778b8114e86, networkLocation: /default-rack, certSerialId: null}3614fa51-5170-4dd9-b705-f57b34412c98{ip: 172.17.0.2, host: a778b8114e86, networkLocation: /default-rack, certSerialId: null}, Type:RATIS, Factor:THREE, State:ALLOCATED, leaderId:, CreationTimestamp2020-10-15T01:58:10.117Z]
2020-10-15 01:58:11,104 [Listener at 127.0.0.1/10676] INFO  ozone.MiniOzoneClusterImpl (MiniOzoneClusterImpl.java:lambda$waitForClusterToBeReady$0(177)) - Nodes are ready. Got 3 of 3 DN Heartbeats.
2020-10-15 01:58:11,105 [Listener at 127.0.0.1/10676] INFO  ozone.MiniOzoneClusterImpl (MiniOzoneClusterImpl.java:lambda$waitForClusterToBeReady$0(180)) - Waiting for cluster to exit safe mode
2020-10-15 01:58:12,105 [Listener at 127.0.0.1/10676] INFO  ozone.MiniOzoneClusterImpl (MiniOzoneClusterImpl.java:lambda$waitForClusterToBeReady$0(177)) - Nodes are ready. Got 3 of 3 DN Heartbeats.
2020-10-15 01:58:12,105 [Listener at 127.0.0.1/10676] INFO  ozone.MiniOzoneClusterImpl (MiniOzoneClusterImpl.java:lambda$waitForClusterToBeReady$0(180)) - Waiting for cluster to exit safe mode
2020-10-15 01:58:12,217 [Command processor thread] INFO  impl.RaftServerProxy (RaftServerProxy.java:addNew(92)) - a7c521c8-eaf2-40db-9c87-5299207baa36: addNew group-9B01D9EE1A3C:[a7c521c8-eaf2-40db-9c87-5299207baa36:172.17.0.2:45115:0] returns group-9B01D9EE1A3C:java.util.concurrent.CompletableFuture@373a3277[Not completed]
2020-10-15 01:58:12,235 [pool-70-thread-1] INFO  impl.RaftServerImpl (RaftServerImpl.java:<init>(120)) - a7c521c8-eaf2-40db-9c87-5299207baa36: new RaftServerImpl for group-9B01D9EE1A3C:[a7c521c8-eaf2-40db-9c87-5299207baa36:172.17.0.2:45115:0] with ContainerStateMachine:uninitialized
2020-10-15 01:58:12,235 [pool-70-thread-1] INFO  server.RaftServerConfigKeys (ConfUtils.java:logGet(44)) - raft.server.rpc.timeout.min = 5s (custom)
2020-10-15 01:58:12,236 [pool-70-thread-1] INFO  server.RaftServerConfigKeys (ConfUtils.java:logGet(44)) - raft.server.rpc.timeout.max = 5200ms (custom)
2020-10-15 01:58:12,236 [pool-70-thread-1] INFO  server.RaftServerConfigKeys (ConfUtils.java:logGet(44)) - raft.server.rpcslowness.timeout = 300s (custom)
2020-10-15 01:58:12,236 [pool-70-thread-1] INFO  server.RaftServerConfigKeys (ConfUtils.java:logGet(44)) - raft.server.sleep.deviation.threshold = 300 (default)
2020-10-15 01:58:12,236 [pool-70-thread-1] INFO  server.RaftServerConfigKeys (ConfUtils.java:logGet(44)) - raft.server.log.appender.install.snapshot.enabled = false (custom)
2020-10-15 01:58:12,236 [pool-70-thread-1] INFO  impl.RaftServerImpl (ServerState.java:<init>(104)) - a7c521c8-eaf2-40db-9c87-5299207baa36@group-9B01D9EE1A3C: ConfigurationManager, init=-1: [a7c521c8-eaf2-40db-9c87-5299207baa36:172.17.0.2:45115:0], old=null, confs=<EMPTY_MAP>
2020-10-15 01:58:12,236 [pool-70-thread-1] INFO  server.RaftServerConfigKeys (ConfUtils.java:logGet(44)) - raft.server.storage.dir = [/github/workspace/mnt/ozone/hadoop-ozone/integration-test/target/test-dir/MiniOzoneClusterImpl-58e8adfc-9d81-40cd-9dee-7bd6cd075720/datanode-0/data/ratis] (custom)
2020-10-15 01:58:12,236 [pool-70-thread-1] INFO  server.RaftServerConfigKeys (ConfUtils.java:logGet(44)) - raft.server.log.corruption.policy = EXCEPTION (default)
2020-10-15 01:58:12,237 [pool-70-thread-1] INFO  storage.RaftStorageDirectory (RaftStorageDirectory.java:analyzeStorage(261)) - The storage directory /github/workspace/mnt/ozone/hadoop-ozone/integration-test/target/test-dir/MiniOzoneClusterImpl-58e8adfc-9d81-40cd-9dee-7bd6cd075720/datanode-0/data/ratis/e0ccf94c-08d8-4d82-a7ad-9b01d9ee1a3c does not exist. Creating ...
2020-10-15 01:58:12,238 [pool-70-thread-1] INFO  storage.RaftStorageDirectory (RaftStorageDirectory.java:tryLock(343)) - Lock on /github/workspace/mnt/ozone/hadoop-ozone/integration-test/target/test-dir/MiniOzoneClusterImpl-58e8adfc-9d81-40cd-9dee-7bd6cd075720/datanode-0/data/ratis/e0ccf94c-08d8-4d82-a7ad-9b01d9ee1a3c/in_use.lock acquired by nodename 10758@a778b8114e86
2020-10-15 01:58:12,239 [pool-70-thread-1] INFO  storage.RaftStorage (RaftStorage.java:format(84)) - Storage directory /github/workspace/mnt/ozone/hadoop-ozone/integration-test/target/test-dir/MiniOzoneClusterImpl-58e8adfc-9d81-40cd-9dee-7bd6cd075720/datanode-0/data/ratis/e0ccf94c-08d8-4d82-a7ad-9b01d9ee1a3c has been successfully formatted.
2020-10-15 01:58:12,243 [pool-70-thread-1] INFO  ratis.ContainerStateMachine (ContainerStateMachine.java:loadSnapshot(225)) - group-9B01D9EE1A3C: The snapshot info is null. Setting the last applied indexto:(t:0, i:~)
2020-10-15 01:58:12,243 [pool-70-thread-1] INFO  server.RaftServerConfigKeys (ConfUtils.java:logGet(44)) - raft.server.notification.no-leader.timeout = 300s (custom)
2020-10-15 01:58:12,243 [pool-70-thread-1] INFO  server.RaftServerConfigKeys (ConfUtils.java:logGet(44)) - raft.server.log.use.memory = false (default)
2020-10-15 01:58:12,243 [pool-70-thread-1] INFO  server.RaftServerConfigKeys (ConfUtils.java:logGet(44)) - raft.server.log.purge.gap = 1000000 (custom)
2020-10-15 01:58:12,243 [pool-70-thread-1] INFO  metrics.RatisMetrics (RatisMetrics.java:lambda$create$0(36)) - Creating Metrics Registry : ratis.log_worker.a7c521c8-eaf2-40db-9c87-5299207baa36@group-9B01D9EE1A3C
2020-10-15 01:58:12,243 [pool-70-thread-1] INFO  server.RaftServerConfigKeys (ConfUtils.java:logGet(44)) - raft.server.log.appender.buffer.byte-limit = 33554432 (custom)
2020-10-15 01:58:12,244 [pool-70-thread-1] INFO  server.RaftServerConfigKeys (ConfUtils.java:logGet(44)) - raft.server.log.segment.size.max = 1048576 (custom)
2020-10-15 01:58:12,244 [pool-70-thread-1] INFO  server.RaftServerConfigKeys (ConfUtils.java:logGet(44)) - raft.server.log.segment.cache.num.max = 2 (custom)
2020-10-15 01:58:12,244 [pool-70-thread-1] INFO  segmented.SegmentedRaftLogWorker (SegmentedRaftLogWorker.java:<init>(180)) - new a7c521c8-eaf2-40db-9c87-5299207baa36@group-9B01D9EE1A3C-SegmentedRaftLogWorker for RaftStorage:Storage Directory /github/workspace/mnt/ozone/hadoop-ozone/integration-test/target/test-dir/MiniOzoneClusterImpl-58e8adfc-9d81-40cd-9dee-7bd6cd075720/datanode-0/data/ratis/e0ccf94c-08d8-4d82-a7ad-9b01d9ee1a3c
2020-10-15 01:58:12,244 [pool-70-thread-1] INFO  server.RaftServerConfigKeys (ConfUtils.java:logGet(44)) - raft.server.log.queue.byte-limit = 2147483647 (custom)
2020-10-15 01:58:12,244 [pool-70-thread-1] INFO  server.RaftServerConfigKeys (ConfUtils.java:logGet(44)) - raft.server.log.queue.element-limit = 1024 (custom)
2020-10-15 01:58:12,245 [pool-70-thread-1] INFO  server.RaftServerConfigKeys (ConfUtils.java:logGet(44)) - raft.server.log.segment.size.max = 1048576 (custom)
2020-10-15 01:58:12,245 [pool-70-thread-1] INFO  server.RaftServerConfigKeys (ConfUtils.java:logGet(44)) - raft.server.log.preallocated.size = 16384 (custom)
2020-10-15 01:58:12,245 [pool-70-thread-1] INFO  server.RaftServerConfigKeys (ConfUtils.java:logGet(44)) - raft.server.log.write.buffer.size = 1048576 (custom)
2020-10-15 01:58:12,245 [pool-70-thread-1] INFO  server.RaftServerConfigKeys (ConfUtils.java:logGet(44)) - raft.server.log.force.sync.num = 128 (default)
2020-10-15 01:58:12,245 [pool-70-thread-1] INFO  server.RaftServerConfigKeys (ConfUtils.java:logGet(44)) - raft.server.log.statemachine.data.sync = true (default)
2020-10-15 01:58:12,245 [pool-70-thread-1] INFO  server.RaftServerConfigKeys (ConfUtils.java:logGet(44)) - raft.server.log.statemachine.data.sync.timeout = 10s (default)
2020-10-15 01:58:12,245 [pool-70-thread-1] INFO  server.RaftServerConfigKeys (ConfUtils.java:logGet(44)) - raft.server.log.statemachine.data.sync.timeout.retry = -1 (default)
2020-10-15 01:58:12,246 [pool-70-thread-1] INFO  server.RaftServerConfigKeys (ConfUtils.java:logGet(44)) - raft.server.log.statemachine.data.caching.enabled = true (custom)
2020-10-15 01:58:12,247 [pool-70-thread-1] INFO  segmented.SegmentedRaftLogWorker (SegmentedRaftLogWorker.java:lambda$new$0(129)) - a7c521c8-eaf2-40db-9c87-5299207baa36@group-9B01D9EE1A3C-SegmentedRaftLogWorker: flushIndex: setUnconditionally 0 -> -1
2020-10-15 01:58:12,247 [pool-70-thread-1] INFO  segmented.SegmentedRaftLogWorker (SegmentedRaftLogWorker.java:lambda$new$0(129)) - a7c521c8-eaf2-40db-9c87-5299207baa36@group-9B01D9EE1A3C-SegmentedRaftLogWorker: safeCacheEvictIndex: setUnconditionally 0 -> -1
2020-10-15 01:58:12,253 [pool-70-thread-1] INFO  server.RaftServerConfigKeys (ConfUtils.java:logGet(44)) - raft.server.snapshot.auto.trigger.enabled = true (custom)
2020-10-15 01:58:12,253 [pool-70-thread-1] INFO  server.RaftServerConfigKeys (ConfUtils.java:logGet(44)) - raft.server.snapshot.auto.trigger.threshold = 10000 (custom)
2020-10-15 01:58:12,253 [pool-70-thread-1] INFO  server.RaftServerConfigKeys (ConfUtils.java:logGet(44)) - raft.server.snapshot.retention.file.num = 5 (custom)
2020-10-15 01:58:12,253 [pool-70-thread-1] INFO  server.RaftServerConfigKeys (ConfUtils.java:logGet(44)) - raft.server.log.purge.upto.snapshot.index = false (default)
2020-10-15 01:58:12,253 [pool-70-thread-1] INFO  server.RaftServerConfigKeys (ConfUtils.java:logGet(44)) - raft.server.retrycache.expirytime = 600000ms (custom)
2020-10-15 01:58:12,253 [pool-70-thread-1] INFO  metrics.RatisMetrics (RatisMetrics.java:lambda$create$0(36)) - Creating Metrics Registry : ratis.leader_election.a7c521c8-eaf2-40db-9c87-5299207baa36@group-9B01D9EE1A3C
2020-10-15 01:58:12,254 [pool-70-thread-1] INFO  metrics.RatisMetrics (RatisMetrics.java:lambda$create$0(36)) - Creating Metrics Registry : ratis.server.a7c521c8-eaf2-40db-9c87-5299207baa36@group-9B01D9EE1A3C
2020-10-15 01:58:12,255 [pool-70-thread-1] INFO  impl.RaftServerImpl (RaftServerImpl.java:start(209)) - a7c521c8-eaf2-40db-9c87-5299207baa36@group-9B01D9EE1A3C: start as a follower, conf=-1: [a7c521c8-eaf2-40db-9c87-5299207baa36:172.17.0.2:45115:0], old=null
2020-10-15 01:58:12,255 [pool-70-thread-1] INFO  impl.RaftServerImpl (RaftServerImpl.java:setRole(198)) - a7c521c8-eaf2-40db-9c87-5299207baa36@group-9B01D9EE1A3C: changes role from      null to FOLLOWER at term 0 for startAsFollower
2020-10-15 01:58:12,255 [pool-70-thread-1] INFO  impl.RoleInfo (RoleInfo.java:updateAndGet(143)) - a7c521c8-eaf2-40db-9c87-5299207baa36: start FollowerState
2020-10-15 01:58:12,256 [pool-70-thread-1] INFO  util.JmxRegister (JmxRegister.java:tryRegister(44)) - Successfully registered JMX Bean with object name Ratis:service=RaftServer,group=group-9B01D9EE1A3C,id=a7c521c8-eaf2-40db-9c87-5299207baa36
2020-10-15 01:58:12,260 [pool-70-thread-1] INFO  metrics.RatisMetrics (RatisMetrics.java:lambda$create$0(36)) - Creating Metrics Registry : ratis.state_machine.a7c521c8-eaf2-40db-9c87-5299207baa36@group-9B01D9EE1A3C
2020-10-15 01:58:12,265 [Command processor thread] INFO  commandhandler.CreatePipelineCommandHandler (CreatePipelineCommandHandler.java:handle(110)) - Created Pipeline RATIS ONE #id: "e0ccf94c-08d8-4d82-a7ad-9b01d9ee1a3c"
uuid128 {
  mostSigBits: -2248148009003496062
  leastSigBits: -6364260266151110084
}
.
2020-10-15 01:58:12,265 [Command processor thread] INFO  impl.RaftServerProxy (RaftServerProxy.java:addNew(92)) - a7c521c8-eaf2-40db-9c87-5299207baa36: addNew group-60CB6515E51C:[c5e645a5-945b-4d0f-8bf9-d2f53ff82cc9:172.17.0.2:43759:0, a7c521c8-eaf2-40db-9c87-5299207baa36:172.17.0.2:45115:0, 3614fa51-5170-4dd9-b705-f57b34412c98:172.17.0.2:33253:0] returns group-60CB6515E51C:java.util.concurrent.CompletableFuture@44e36ec6[Not completed]
2020-10-15 01:58:12,267 [pool-70-thread-1] INFO  impl.RaftServerImpl (RaftServerImpl.java:<init>(120)) - a7c521c8-eaf2-40db-9c87-5299207baa36: new RaftServerImpl for group-60CB6515E51C:[c5e645a5-945b-4d0f-8bf9-d2f53ff82cc9:172.17.0.2:43759:0, a7c521c8-eaf2-40db-9c87-5299207baa36:172.17.0.2:45115:0, 3614fa51-5170-4dd9-b705-f57b34412c98:172.17.0.2:33253:0] with ContainerStateMachine:uninitialized
2020-10-15 01:58:12,267 [pool-70-thread-1] INFO  server.RaftServerConfigKeys (ConfUtils.java:logGet(44)) - raft.server.rpc.timeout.min = 5s (custom)
2020-10-15 01:58:12,267 [pool-70-thread-1] INFO  server.RaftServerConfigKeys (ConfUtils.java:logGet(44)) - raft.server.rpc.timeout.max = 5200ms (custom)
2020-10-15 01:58:12,267 [pool-70-thread-1] INFO  server.RaftServerConfigKeys (ConfUtils.java:logGet(44)) - raft.server.rpcslowness.timeout = 300s (custom)
2020-10-15 01:58:12,267 [pool-70-thread-1] INFO  server.RaftServerConfigKeys (ConfUtils.java:logGet(44)) - raft.server.sleep.deviation.threshold = 300 (default)
2020-10-15 01:58:12,267 [pool-70-thread-1] INFO  server.RaftServerConfigKeys (ConfUtils.java:logGet(44)) - raft.server.log.appender.install.snapshot.enabled = false (custom)
2020-10-15 01:58:12,267 [pool-70-thread-1] INFO  impl.RaftServerImpl (ServerState.java:<init>(104)) - a7c521c8-eaf2-40db-9c87-5299207baa36@group-60CB6515E51C: ConfigurationManager, init=-1: [c5e645a5-945b-4d0f-8bf9-d2f53ff82cc9:172.17.0.2:43759:0, a7c521c8-eaf2-40db-9c87-5299207baa36:172.17.0.2:45115:0, 3614fa51-5170-4dd9-b705-f57b34412c98:172.17.0.2:33253:0], old=null, confs=<EMPTY_MAP>
2020-10-15 01:58:12,267 [pool-70-thread-1] INFO  server.RaftServerConfigKeys (ConfUtils.java:logGet(44)) - raft.server.storage.dir = [/github/workspace/mnt/ozone/hadoop-ozone/integration-test/target/test-dir/MiniOzoneClusterImpl-58e8adfc-9d81-40cd-9dee-7bd6cd075720/datanode-0/data/ratis] (custom)
2020-10-15 01:58:12,267 [pool-70-thread-1] INFO  server.RaftServerConfigKeys (ConfUtils.java:logGet(44)) - raft.server.log.corruption.policy = EXCEPTION (default)
2020-10-15 01:58:12,267 [pool-70-thread-1] INFO  storage.RaftStorageDirectory (RaftStorageDirectory.java:analyzeStorage(261)) - The storage directory /github/workspace/mnt/ozone/hadoop-ozone/integration-test/target/test-dir/MiniOzoneClusterImpl-58e8adfc-9d81-40cd-9dee-7bd6cd075720/datanode-0/data/ratis/8796061d-8606-4031-b654-60cb6515e51c does not exist. Creating ...
2020-10-15 01:58:12,268 [pool-70-thread-1] INFO  storage.RaftStorageDirectory (RaftStorageDirectory.java:tryLock(343)) - Lock on /github/workspace/mnt/ozone/hadoop-ozone/integration-test/target/test-dir/MiniOzoneClusterImpl-58e8adfc-9d81-40cd-9dee-7bd6cd075720/datanode-0/data/ratis/8796061d-8606-4031-b654-60cb6515e51c/in_use.lock acquired by nodename 10758@a778b8114e86
2020-10-15 01:58:12,270 [pool-70-thread-1] INFO  storage.RaftStorage (RaftStorage.java:format(84)) - Storage directory /github/workspace/mnt/ozone/hadoop-ozone/integration-test/target/test-dir/MiniOzoneClusterImpl-58e8adfc-9d81-40cd-9dee-7bd6cd075720/datanode-0/data/ratis/8796061d-8606-4031-b654-60cb6515e51c has been successfully formatted.
2020-10-15 01:58:12,270 [pool-70-thread-1] INFO  ratis.ContainerStateMachine (ContainerStateMachine.java:loadSnapshot(225)) - group-60CB6515E51C: The snapshot info is null. Setting the last applied indexto:(t:0, i:~)
2020-10-15 01:58:12,270 [pool-70-thread-1] INFO  server.RaftServerConfigKeys (ConfUtils.java:logGet(44)) - raft.server.notification.no-leader.timeout = 300s (custom)
2020-10-15 01:58:12,270 [pool-70-thread-1] INFO  server.RaftServerConfigKeys (ConfUtils.java:logGet(44)) - raft.server.log.use.memory = false (default)
2020-10-15 01:58:12,271 [pool-70-thread-1] INFO  server.RaftServerConfigKeys (ConfUtils.java:logGet(44)) - raft.server.log.purge.gap = 1000000 (custom)
2020-10-15 01:58:12,271 [pool-70-thread-1] INFO  metrics.RatisMetrics (RatisMetrics.java:lambda$create$0(36)) - Creating Metrics Registry : ratis.log_worker.a7c521c8-eaf2-40db-9c87-5299207baa36@group-60CB6515E51C
2020-10-15 01:58:12,271 [pool-70-thread-1] INFO  server.RaftServerConfigKeys (ConfUtils.java:logGet(44)) - raft.server.log.appender.buffer.byte-limit = 33554432 (custom)
2020-10-15 01:58:12,271 [pool-70-thread-1] INFO  server.RaftServerConfigKeys (ConfUtils.java:logGet(44)) - raft.server.log.segment.size.max = 1048576 (custom)
2020-10-15 01:58:12,272 [pool-70-thread-1] INFO  server.RaftServerConfigKeys (ConfUtils.java:logGet(44)) - raft.server.log.segment.cache.num.max = 2 (custom)
2020-10-15 01:58:12,272 [pool-70-thread-1] INFO  segmented.SegmentedRaftLogWorker (SegmentedRaftLogWorker.java:<init>(180)) - new a7c521c8-eaf2-40db-9c87-5299207baa36@group-60CB6515E51C-SegmentedRaftLogWorker for RaftStorage:Storage Directory /github/workspace/mnt/ozone/hadoop-ozone/integration-test/target/test-dir/MiniOzoneClusterImpl-58e8adfc-9d81-40cd-9dee-7bd6cd075720/datanode-0/data/ratis/8796061d-8606-4031-b654-60cb6515e51c
2020-10-15 01:58:12,272 [pool-70-thread-1] INFO  server.RaftServerConfigKeys (ConfUtils.java:logGet(44)) - raft.server.log.queue.byte-limit = 2147483647 (custom)
2020-10-15 01:58:12,272 [pool-70-thread-1] INFO  server.RaftServerConfigKeys (ConfUtils.java:logGet(44)) - raft.server.log.queue.element-limit = 1024 (custom)
2020-10-15 01:58:12,272 [pool-70-thread-1] INFO  server.RaftServerConfigKeys (ConfUtils.java:logGet(44)) - raft.server.log.segment.size.max = 1048576 (custom)
2020-10-15 01:58:12,272 [pool-70-thread-1] INFO  server.RaftServerConfigKeys (ConfUtils.java:logGet(44)) - raft.server.log.preallocated.size = 16384 (custom)
2020-10-15 01:58:12,272 [pool-70-thread-1] INFO  server.RaftServerConfigKeys (ConfUtils.java:logGet(44)) - raft.server.log.write.buffer.size = 1048576 (custom)
2020-10-15 01:58:12,272 [pool-70-thread-1] INFO  server.RaftServerConfigKeys (ConfUtils.java:logGet(44)) - raft.server.log.force.sync.num = 128 (default)
2020-10-15 01:58:12,272 [pool-70-thread-1] INFO  server.RaftServerConfigKeys (ConfUtils.java:logGet(44)) - raft.server.log.statemachine.data.sync = true (default)
2020-10-15 01:58:12,272 [pool-70-thread-1] INFO  server.RaftServerConfigKeys (ConfUtils.java:logGet(44)) - raft.server.log.statemachine.data.sync.timeout = 10s (default)
2020-10-15 01:58:12,273 [pool-70-thread-1] INFO  server.RaftServerConfigKeys (ConfUtils.java:logGet(44)) - raft.server.log.statemachine.data.sync.timeout.retry = -1 (default)
2020-10-15 01:58:12,277 [pool-70-thread-1] INFO  server.RaftServerConfigKeys (ConfUtils.java:logGet(44)) - raft.server.log.statemachine.data.caching.enabled = true (custom)
2020-10-15 01:58:12,277 [pool-70-thread-1] INFO  segmented.SegmentedRaftLogWorker (SegmentedRaftLogWorker.java:lambda$new$0(129)) - a7c521c8-eaf2-40db-9c87-5299207baa36@group-60CB6515E51C-SegmentedRaftLogWorker: flushIndex: setUnconditionally 0 -> -1
2020-10-15 01:58:12,277 [pool-70-thread-1] INFO  segmented.SegmentedRaftLogWorker (SegmentedRaftLogWorker.java:lambda$new$0(129)) - a7c521c8-eaf2-40db-9c87-5299207baa36@group-60CB6515E51C-SegmentedRaftLogWorker: safeCacheEvictIndex: setUnconditionally 0 -> -1
2020-10-15 01:58:12,283 [pool-70-thread-1] INFO  server.RaftServerConfigKeys (ConfUtils.java:logGet(44)) - raft.server.snapshot.auto.trigger.enabled = true (custom)
2020-10-15 01:58:12,283 [pool-70-thread-1] INFO  server.RaftServerConfigKeys (ConfUtils.java:logGet(44)) - raft.server.snapshot.auto.trigger.threshold = 10000 (custom)
2020-10-15 01:58:12,283 [pool-70-thread-1] INFO  server.RaftServerConfigKeys (ConfUtils.java:logGet(44)) - raft.server.snapshot.retention.file.num = 5 (custom)
2020-10-15 01:58:12,283 [pool-70-thread-1] INFO  server.RaftServerConfigKeys (ConfUtils.java:logGet(44)) - raft.server.log.purge.upto.snapshot.index = false (default)
2020-10-15 01:58:12,283 [EventQueue-PipelineReportForPipelineReportHandler] INFO  pipeline.PipelineStateManager (PipelineStateManager.java:openPipeline(131)) - Pipeline Pipeline[ Id: e0ccf94c-08d8-4d82-a7ad-9b01d9ee1a3c, Nodes: a7c521c8-eaf2-40db-9c87-5299207baa36{ip: 172.17.0.2, host: a778b8114e86, networkLocation: /default-rack, certSerialId: null}, Type:RATIS, Factor:ONE, State:ALLOCATED, leaderId:a7c521c8-eaf2-40db-9c87-5299207baa36, CreationTimestamp2020-10-15T01:58:09.255Z] moved to OPEN state
2020-10-15 01:58:12,283 [pool-70-thread-1] INFO  server.RaftServerConfigKeys (ConfUtils.java:logGet(44)) - raft.server.retrycache.expirytime = 600000ms (custom)
2020-10-15 01:58:12,284 [pool-70-thread-1] INFO  metrics.RatisMetrics (RatisMetrics.java:lambda$create$0(36)) - Creating Metrics Registry : ratis.leader_election.a7c521c8-eaf2-40db-9c87-5299207baa36@group-60CB6515E51C
2020-10-15 01:58:12,284 [pool-70-thread-1] INFO  metrics.RatisMetrics (RatisMetrics.java:lambda$create$0(36)) - Creating Metrics Registry : ratis.server.a7c521c8-eaf2-40db-9c87-5299207baa36@group-60CB6515E51C
2020-10-15 01:58:12,289 [EventQueue-OpenPipelineForOneReplicaPipelineSafeModeRule] INFO  safemode.SCMSafeModeManager (SCMSafeModeManager.java:validateSafeModeExitRules(214)) - AtleastOneDatanodeReportedRule rule is successfully validated
2020-10-15 01:58:12,290 [pool-70-thread-1] INFO  impl.RaftServerImpl (RaftServerImpl.java:start(209)) - a7c521c8-eaf2-40db-9c87-5299207baa36@group-60CB6515E51C: start as a follower, conf=-1: [c5e645a5-945b-4d0f-8bf9-d2f53ff82cc9:172.17.0.2:43759:0, a7c521c8-eaf2-40db-9c87-5299207baa36:172.17.0.2:45115:0, 3614fa51-5170-4dd9-b705-f57b34412c98:172.17.0.2:33253:0], old=null
2020-10-15 01:58:12,290 [pool-70-thread-1] INFO  impl.RaftServerImpl (RaftServerImpl.java:setRole(198)) - a7c521c8-eaf2-40db-9c87-5299207baa36@group-60CB6515E51C: changes role from      null to FOLLOWER at term 0 for startAsFollower
2020-10-15 01:58:12,290 [EventQueue-OpenPipelineForHealthyPipelineSafeModeRule] INFO  safemode.SCMSafeModeManager (HealthyPipelineSafeModeRule.java:process(129)) - SCM in safe mode. Healthy pipelines reported count is 0, required healthy pipeline reported count is 1
2020-10-15 01:58:12,290 [pool-70-thread-1] INFO  impl.RoleInfo (RoleInfo.java:updateAndGet(143)) - a7c521c8-eaf2-40db-9c87-5299207baa36: start FollowerState
2020-10-15 01:58:12,295 [pool-70-thread-1] INFO  util.JmxRegister (JmxRegister.java:tryRegister(44)) - Successfully registered JMX Bean with object name Ratis:service=RaftServer,group=group-60CB6515E51C,id=a7c521c8-eaf2-40db-9c87-5299207baa36
2020-10-15 01:58:12,295 [pool-70-thread-1] INFO  metrics.RatisMetrics (RatisMetrics.java:lambda$create$0(36)) - Creating Metrics Registry : ratis.state_machine.a7c521c8-eaf2-40db-9c87-5299207baa36@group-60CB6515E51C
2020-10-15 01:58:12,328 [Command processor thread] INFO  metrics.RatisMetrics (RatisMetrics.java:lambda$create$0(36)) - Creating Metrics Registry : ratis.client_message_metrics.client-957F2E600207->c5e645a5-945b-4d0f-8bf9-d2f53ff82cc9
2020-10-15 01:58:12,360 [grpc-default-executor-1] INFO  metrics.RatisMetrics (RatisMetrics.java:lambda$create$0(36)) - Creating Metrics Registry : ratis.server_message_metrics.c5e645a5-945b-4d0f-8bf9-d2f53ff82cc9
2020-10-15 01:58:12,369 [grpc-default-executor-1] INFO  impl.RaftServerProxy (RaftServerProxy.java:addNew(92)) - c5e645a5-945b-4d0f-8bf9-d2f53ff82cc9: addNew group-60CB6515E51C:[c5e645a5-945b-4d0f-8bf9-d2f53ff82cc9:172.17.0.2:43759:0, a7c521c8-eaf2-40db-9c87-5299207baa36:172.17.0.2:45115:0, 3614fa51-5170-4dd9-b705-f57b34412c98:172.17.0.2:33253:0] returns group-60CB6515E51C:java.util.concurrent.CompletableFuture@4d1cb5f1[Not completed]
2020-10-15 01:58:12,375 [pool-85-thread-1] INFO  impl.RaftServerImpl (RaftServerImpl.java:<init>(120)) - c5e645a5-945b-4d0f-8bf9-d2f53ff82cc9: new RaftServerImpl for group-60CB6515E51C:[c5e645a5-945b-4d0f-8bf9-d2f53ff82cc9:172.17.0.2:43759:0, a7c521c8-eaf2-40db-9c87-5299207baa36:172.17.0.2:45115:0, 3614fa51-5170-4dd9-b705-f57b34412c98:172.17.0.2:33253:0] with ContainerStateMachine:uninitialized
2020-10-15 01:58:12,375 [pool-85-thread-1] INFO  server.RaftServerConfigKeys (ConfUtils.java:logGet(44)) - raft.server.rpc.timeout.min = 5s (custom)
2020-10-15 01:58:12,375 [pool-85-thread-1] INFO  server.RaftServerConfigKeys (ConfUtils.java:logGet(44)) - raft.server.rpc.timeout.max = 5200ms (custom)
2020-10-15 01:58:12,376 [pool-85-thread-1] INFO  server.RaftServerConfigKeys (ConfUtils.java:logGet(44)) - raft.server.rpcslowness.timeout = 300s (custom)
2020-10-15 01:58:12,376 [pool-85-thread-1] INFO  server.RaftServerConfigKeys (ConfUtils.java:logGet(44)) - raft.server.sleep.deviation.threshold = 300 (default)
2020-10-15 01:58:12,376 [pool-85-thread-1] INFO  server.RaftServerConfigKeys (ConfUtils.java:logGet(44)) - raft.server.log.appender.install.snapshot.enabled = false (custom)
2020-10-15 01:58:12,376 [pool-85-thread-1] INFO  impl.RaftServerImpl (ServerState.java:<init>(104)) - c5e645a5-945b-4d0f-8bf9-d2f53ff82cc9@group-60CB6515E51C: ConfigurationManager, init=-1: [c5e645a5-945b-4d0f-8bf9-d2f53ff82cc9:172.17.0.2:43759:0, a7c521c8-eaf2-40db-9c87-5299207baa36:172.17.0.2:45115:0, 3614fa51-5170-4dd9-b705-f57b34412c98:172.17.0.2:33253:0], old=null, confs=<EMPTY_MAP>
2020-10-15 01:58:12,376 [pool-85-thread-1] INFO  server.RaftServerConfigKeys (ConfUtils.java:logGet(44)) - raft.server.storage.dir = [/github/workspace/mnt/ozone/hadoop-ozone/integration-test/target/test-dir/MiniOzoneClusterImpl-58e8adfc-9d81-40cd-9dee-7bd6cd075720/datanode-1/data/ratis] (custom)
2020-10-15 01:58:12,377 [pool-85-thread-1] INFO  server.RaftServerConfigKeys (ConfUtils.java:logGet(44)) - raft.server.log.corruption.policy = EXCEPTION (default)
2020-10-15 01:58:12,377 [pool-85-thread-1] INFO  storage.RaftStorageDirectory (RaftStorageDirectory.java:analyzeStorage(261)) - The storage directory /github/workspace/mnt/ozone/hadoop-ozone/integration-test/target/test-dir/MiniOzoneClusterImpl-58e8adfc-9d81-40cd-9dee-7bd6cd075720/datanode-1/data/ratis/8796061d-8606-4031-b654-60cb6515e51c does not exist. Creating ...
2020-10-15 01:58:12,378 [pool-85-thread-1] INFO  storage.RaftStorageDirectory (RaftStorageDirectory.java:tryLock(343)) - Lock on /github/workspace/mnt/ozone/hadoop-ozone/integration-test/target/test-dir/MiniOzoneClusterImpl-58e8adfc-9d81-40cd-9dee-7bd6cd075720/datanode-1/data/ratis/8796061d-8606-4031-b654-60cb6515e51c/in_use.lock acquired by nodename 10758@a778b8114e86
2020-10-15 01:58:12,379 [pool-85-thread-1] INFO  storage.RaftStorage (RaftStorage.java:format(84)) - Storage directory /github/workspace/mnt/ozone/hadoop-ozone/integration-test/target/test-dir/MiniOzoneClusterImpl-58e8adfc-9d81-40cd-9dee-7bd6cd075720/datanode-1/data/ratis/8796061d-8606-4031-b654-60cb6515e51c has been successfully formatted.
2020-10-15 01:58:12,380 [pool-85-thread-1] INFO  ratis.ContainerStateMachine (ContainerStateMachine.java:loadSnapshot(225)) - group-60CB6515E51C: The snapshot info is null. Setting the last applied indexto:(t:0, i:~)
2020-10-15 01:58:12,382 [pool-85-thread-1] INFO  server.RaftServerConfigKeys (ConfUtils.java:logGet(44)) - raft.server.notification.no-leader.timeout = 300s (custom)
2020-10-15 01:58:12,382 [pool-85-thread-1] INFO  server.RaftServerConfigKeys (ConfUtils.java:logGet(44)) - raft.server.log.use.memory = false (default)
2020-10-15 01:58:12,382 [pool-85-thread-1] INFO  server.RaftServerConfigKeys (ConfUtils.java:logGet(44)) - raft.server.log.purge.gap = 1000000 (custom)
2020-10-15 01:58:12,383 [pool-85-thread-1] INFO  metrics.RatisMetrics (RatisMetrics.java:lambda$create$0(36)) - Creating Metrics Registry : ratis.log_worker.c5e645a5-945b-4d0f-8bf9-d2f53ff82cc9@group-60CB6515E51C
2020-10-15 01:58:12,383 [pool-85-thread-1] INFO  server.RaftServerConfigKeys (ConfUtils.java:logGet(44)) - raft.server.log.appender.buffer.byte-limit = 33554432 (custom)
2020-10-15 01:58:12,383 [pool-85-thread-1] INFO  server.RaftServerConfigKeys (ConfUtils.java:logGet(44)) - raft.server.log.segment.size.max = 1048576 (custom)
2020-10-15 01:58:12,385 [pool-85-thread-1] INFO  server.RaftServerConfigKeys (ConfUtils.java:logGet(44)) - raft.server.log.segment.cache.num.max = 2 (custom)
2020-10-15 01:58:12,385 [pool-85-thread-1] INFO  segmented.SegmentedRaftLogWorker (SegmentedRaftLogWorker.java:<init>(180)) - new c5e645a5-945b-4d0f-8bf9-d2f53ff82cc9@group-60CB6515E51C-SegmentedRaftLogWorker for RaftStorage:Storage Directory /github/workspace/mnt/ozone/hadoop-ozone/integration-test/target/test-dir/MiniOzoneClusterImpl-58e8adfc-9d81-40cd-9dee-7bd6cd075720/datanode-1/data/ratis/8796061d-8606-4031-b654-60cb6515e51c
2020-10-15 01:58:12,385 [pool-85-thread-1] INFO  server.RaftServerConfigKeys (ConfUtils.java:logGet(44)) - raft.server.log.queue.byte-limit = 2147483647 (custom)
2020-10-15 01:58:12,385 [pool-85-thread-1] INFO  server.RaftServerConfigKeys (ConfUtils.java:logGet(44)) - raft.server.log.queue.element-limit = 1024 (custom)
2020-10-15 01:58:12,385 [pool-85-thread-1] INFO  server.RaftServerConfigKeys (ConfUtils.java:logGet(44)) - raft.server.log.segment.size.max = 1048576 (custom)
2020-10-15 01:58:12,385 [pool-85-thread-1] INFO  server.RaftServerConfigKeys (ConfUtils.java:logGet(44)) - raft.server.log.preallocated.size = 16384 (custom)
2020-10-15 01:58:12,385 [pool-85-thread-1] INFO  server.RaftServerConfigKeys (ConfUtils.java:logGet(44)) - raft.server.log.write.buffer.size = 1048576 (custom)
2020-10-15 01:58:12,386 [pool-85-thread-1] INFO  server.RaftServerConfigKeys (ConfUtils.java:logGet(44)) - raft.server.log.force.sync.num = 128 (default)
2020-10-15 01:58:12,386 [pool-85-thread-1] INFO  server.RaftServerConfigKeys (ConfUtils.java:logGet(44)) - raft.server.log.statemachine.data.sync = true (default)
2020-10-15 01:58:12,386 [pool-85-thread-1] INFO  server.RaftServerConfigKeys (ConfUtils.java:logGet(44)) - raft.server.log.statemachine.data.sync.timeout = 10s (default)
2020-10-15 01:58:12,386 [pool-85-thread-1] INFO  server.RaftServerConfigKeys (ConfUtils.java:logGet(44)) - raft.server.log.statemachine.data.sync.timeout.retry = -1 (default)
2020-10-15 01:58:12,392 [pool-85-thread-1] INFO  server.RaftServerConfigKeys (ConfUtils.java:logGet(44)) - raft.server.log.statemachine.data.caching.enabled = true (custom)
2020-10-15 01:58:12,394 [pool-85-thread-1] INFO  segmented.SegmentedRaftLogWorker (SegmentedRaftLogWorker.java:lambda$new$0(129)) - c5e645a5-945b-4d0f-8bf9-d2f53ff82cc9@group-60CB6515E51C-SegmentedRaftLogWorker: flushIndex: setUnconditionally 0 -> -1
2020-10-15 01:58:12,397 [pool-85-thread-1] INFO  segmented.SegmentedRaftLogWorker (SegmentedRaftLogWorker.java:lambda$new$0(129)) - c5e645a5-945b-4d0f-8bf9-d2f53ff82cc9@group-60CB6515E51C-SegmentedRaftLogWorker: safeCacheEvictIndex: setUnconditionally 0 -> -1
2020-10-15 01:58:12,401 [pool-85-thread-1] INFO  server.RaftServerConfigKeys (ConfUtils.java:logGet(44)) - raft.server.snapshot.auto.trigger.enabled = true (custom)
2020-10-15 01:58:12,401 [pool-85-thread-1] INFO  server.RaftServerConfigKeys (ConfUtils.java:logGet(44)) - raft.server.snapshot.auto.trigger.threshold = 10000 (custom)
2020-10-15 01:58:12,401 [pool-85-thread-1] INFO  server.RaftServerConfigKeys (ConfUtils.java:logGet(44)) - raft.server.snapshot.retention.file.num = 5 (custom)
2020-10-15 01:58:12,401 [pool-85-thread-1] INFO  server.RaftServerConfigKeys (ConfUtils.java:logGet(44)) - raft.server.log.purge.upto.snapshot.index = false (default)
2020-10-15 01:58:12,401 [pool-85-thread-1] INFO  server.RaftServerConfigKeys (ConfUtils.java:logGet(44)) - raft.server.retrycache.expirytime = 600000ms (custom)
2020-10-15 01:58:12,401 [pool-85-thread-1] INFO  metrics.RatisMetrics (RatisMetrics.java:lambda$create$0(36)) - Creating Metrics Registry : ratis.leader_election.c5e645a5-945b-4d0f-8bf9-d2f53ff82cc9@group-60CB6515E51C
2020-10-15 01:58:12,402 [pool-85-thread-1] INFO  metrics.RatisMetrics (RatisMetrics.java:lambda$create$0(36)) - Creating Metrics Registry : ratis.server.c5e645a5-945b-4d0f-8bf9-d2f53ff82cc9@group-60CB6515E51C
2020-10-15 01:58:12,403 [pool-85-thread-1] INFO  impl.RaftServerImpl (RaftServerImpl.java:start(209)) - c5e645a5-945b-4d0f-8bf9-d2f53ff82cc9@group-60CB6515E51C: start as a follower, conf=-1: [c5e645a5-945b-4d0f-8bf9-d2f53ff82cc9:172.17.0.2:43759:0, a7c521c8-eaf2-40db-9c87-5299207baa36:172.17.0.2:45115:0, 3614fa51-5170-4dd9-b705-f57b34412c98:172.17.0.2:33253:0], old=null
2020-10-15 01:58:12,404 [pool-85-thread-1] INFO  impl.RaftServerImpl (RaftServerImpl.java:setRole(198)) - c5e645a5-945b-4d0f-8bf9-d2f53ff82cc9@group-60CB6515E51C: changes role from      null to FOLLOWER at term 0 for startAsFollower
2020-10-15 01:58:12,404 [pool-85-thread-1] INFO  impl.RoleInfo (RoleInfo.java:updateAndGet(143)) - c5e645a5-945b-4d0f-8bf9-d2f53ff82cc9: start FollowerState
2020-10-15 01:58:12,404 [pool-85-thread-1] INFO  util.JmxRegister (JmxRegister.java:tryRegister(44)) - Successfully registered JMX Bean with object name Ratis:service=RaftServer,group=group-60CB6515E51C,id=c5e645a5-945b-4d0f-8bf9-d2f53ff82cc9
2020-10-15 01:58:12,404 [pool-85-thread-1] INFO  metrics.RatisMetrics (RatisMetrics.java:lambda$create$0(36)) - Creating Metrics Registry : ratis.state_machine.c5e645a5-945b-4d0f-8bf9-d2f53ff82cc9@group-60CB6515E51C
2020-10-15 01:58:12,430 [Command processor thread] INFO  metrics.RatisMetrics (RatisMetrics.java:lambda$create$0(36)) - Creating Metrics Registry : ratis.client_message_metrics.client-141C958D6FD7->3614fa51-5170-4dd9-b705-f57b34412c98
2020-10-15 01:58:12,439 [grpc-default-executor-1] INFO  metrics.RatisMetrics (RatisMetrics.java:lambda$create$0(36)) - Creating Metrics Registry : ratis.server_message_metrics.3614fa51-5170-4dd9-b705-f57b34412c98
2020-10-15 01:58:12,440 [grpc-default-executor-1] INFO  impl.RaftServerProxy (RaftServerProxy.java:addNew(92)) - 3614fa51-5170-4dd9-b705-f57b34412c98: addNew group-60CB6515E51C:[c5e645a5-945b-4d0f-8bf9-d2f53ff82cc9:172.17.0.2:43759:0, a7c521c8-eaf2-40db-9c87-5299207baa36:172.17.0.2:45115:0, 3614fa51-5170-4dd9-b705-f57b34412c98:172.17.0.2:33253:0] returns group-60CB6515E51C:java.util.concurrent.CompletableFuture@12af5aea[Not completed]
2020-10-15 01:58:12,446 [pool-100-thread-1] INFO  impl.RaftServerImpl (RaftServerImpl.java:<init>(120)) - 3614fa51-5170-4dd9-b705-f57b34412c98: new RaftServerImpl for group-60CB6515E51C:[c5e645a5-945b-4d0f-8bf9-d2f53ff82cc9:172.17.0.2:43759:0, a7c521c8-eaf2-40db-9c87-5299207baa36:172.17.0.2:45115:0, 3614fa51-5170-4dd9-b705-f57b34412c98:172.17.0.2:33253:0] with ContainerStateMachine:uninitialized
2020-10-15 01:58:12,446 [pool-100-thread-1] INFO  server.RaftServerConfigKeys (ConfUtils.java:logGet(44)) - raft.server.rpc.timeout.min = 5s (custom)
2020-10-15 01:58:12,447 [pool-100-thread-1] INFO  server.RaftServerConfigKeys (ConfUtils.java:logGet(44)) - raft.server.rpc.timeout.max = 5200ms (custom)
2020-10-15 01:58:12,447 [pool-100-thread-1] INFO  server.RaftServerConfigKeys (ConfUtils.java:logGet(44)) - raft.server.rpcslowness.timeout = 300s (custom)
2020-10-15 01:58:12,447 [pool-100-thread-1] INFO  server.RaftServerConfigKeys (ConfUtils.java:logGet(44)) - raft.server.sleep.deviation.threshold = 300 (default)
2020-10-15 01:58:12,447 [pool-100-thread-1] INFO  server.RaftServerConfigKeys (ConfUtils.java:logGet(44)) - raft.server.log.appender.install.snapshot.enabled = false (custom)
2020-10-15 01:58:12,447 [pool-100-thread-1] INFO  impl.RaftServerImpl (ServerState.java:<init>(104)) - 3614fa51-5170-4dd9-b705-f57b34412c98@group-60CB6515E51C: ConfigurationManager, init=-1: [c5e645a5-945b-4d0f-8bf9-d2f53ff82cc9:172.17.0.2:43759:0, a7c521c8-eaf2-40db-9c87-5299207baa36:172.17.0.2:45115:0, 3614fa51-5170-4dd9-b705-f57b34412c98:172.17.0.2:33253:0], old=null, confs=<EMPTY_MAP>
2020-10-15 01:58:12,447 [pool-100-thread-1] INFO  server.RaftServerConfigKeys (ConfUtils.java:logGet(44)) - raft.server.storage.dir = [/github/workspace/mnt/ozone/hadoop-ozone/integration-test/target/test-dir/MiniOzoneClusterImpl-58e8adfc-9d81-40cd-9dee-7bd6cd075720/datanode-2/data/ratis] (custom)
2020-10-15 01:58:12,447 [pool-100-thread-1] INFO  server.RaftServerConfigKeys (ConfUtils.java:logGet(44)) - raft.server.log.corruption.policy = EXCEPTION (default)
2020-10-15 01:58:12,447 [pool-100-thread-1] INFO  storage.RaftStorageDirectory (RaftStorageDirectory.java:analyzeStorage(261)) - The storage directory /github/workspace/mnt/ozone/hadoop-ozone/integration-test/target/test-dir/MiniOzoneClusterImpl-58e8adfc-9d81-40cd-9dee-7bd6cd075720/datanode-2/data/ratis/8796061d-8606-4031-b654-60cb6515e51c does not exist. Creating ...
2020-10-15 01:58:12,449 [pool-100-thread-1] INFO  storage.RaftStorageDirectory (RaftStorageDirectory.java:tryLock(343)) - Lock on /github/workspace/mnt/ozone/hadoop-ozone/integration-test/target/test-dir/MiniOzoneClusterImpl-58e8adfc-9d81-40cd-9dee-7bd6cd075720/datanode-2/data/ratis/8796061d-8606-4031-b654-60cb6515e51c/in_use.lock acquired by nodename 10758@a778b8114e86
2020-10-15 01:58:12,450 [pool-100-thread-1] INFO  storage.RaftStorage (RaftStorage.java:format(84)) - Storage directory /github/workspace/mnt/ozone/hadoop-ozone/integration-test/target/test-dir/MiniOzoneClusterImpl-58e8adfc-9d81-40cd-9dee-7bd6cd075720/datanode-2/data/ratis/8796061d-8606-4031-b654-60cb6515e51c has been successfully formatted.
2020-10-15 01:58:12,451 [pool-100-thread-1] INFO  ratis.ContainerStateMachine (ContainerStateMachine.java:loadSnapshot(225)) - group-60CB6515E51C: The snapshot info is null. Setting the last applied indexto:(t:0, i:~)
2020-10-15 01:58:12,451 [pool-100-thread-1] INFO  server.RaftServerConfigKeys (ConfUtils.java:logGet(44)) - raft.server.notification.no-leader.timeout = 300s (custom)
2020-10-15 01:58:12,451 [pool-100-thread-1] INFO  server.RaftServerConfigKeys (ConfUtils.java:logGet(44)) - raft.server.log.use.memory = false (default)
2020-10-15 01:58:12,451 [pool-100-thread-1] INFO  server.RaftServerConfigKeys (ConfUtils.java:logGet(44)) - raft.server.log.purge.gap = 1000000 (custom)
2020-10-15 01:58:12,452 [pool-100-thread-1] INFO  metrics.RatisMetrics (RatisMetrics.java:lambda$create$0(36)) - Creating Metrics Registry : ratis.log_worker.3614fa51-5170-4dd9-b705-f57b34412c98@group-60CB6515E51C
2020-10-15 01:58:12,452 [pool-100-thread-1] INFO  server.RaftServerConfigKeys (ConfUtils.java:logGet(44)) - raft.server.log.appender.buffer.byte-limit = 33554432 (custom)
2020-10-15 01:58:12,452 [pool-100-thread-1] INFO  server.RaftServerConfigKeys (ConfUtils.java:logGet(44)) - raft.server.log.segment.size.max = 1048576 (custom)
2020-10-15 01:58:12,453 [pool-100-thread-1] INFO  server.RaftServerConfigKeys (ConfUtils.java:logGet(44)) - raft.server.log.segment.cache.num.max = 2 (custom)
2020-10-15 01:58:12,455 [pool-100-thread-1] INFO  segmented.SegmentedRaftLogWorker (SegmentedRaftLogWorker.java:<init>(180)) - new 3614fa51-5170-4dd9-b705-f57b34412c98@group-60CB6515E51C-SegmentedRaftLogWorker for RaftStorage:Storage Directory /github/workspace/mnt/ozone/hadoop-ozone/integration-test/target/test-dir/MiniOzoneClusterImpl-58e8adfc-9d81-40cd-9dee-7bd6cd075720/datanode-2/data/ratis/8796061d-8606-4031-b654-60cb6515e51c
2020-10-15 01:58:12,455 [pool-100-thread-1] INFO  server.RaftServerConfigKeys (ConfUtils.java:logGet(44)) - raft.server.log.queue.byte-limit = 2147483647 (custom)
2020-10-15 01:58:12,455 [pool-100-thread-1] INFO  server.RaftServerConfigKeys (ConfUtils.java:logGet(44)) - raft.server.log.queue.element-limit = 1024 (custom)
2020-10-15 01:58:12,455 [pool-100-thread-1] INFO  server.RaftServerConfigKeys (ConfUtils.java:logGet(44)) - raft.server.log.segment.size.max = 1048576 (custom)
2020-10-15 01:58:12,455 [pool-100-thread-1] INFO  server.RaftServerConfigKeys (ConfUtils.java:logGet(44)) - raft.server.log.preallocated.size = 16384 (custom)
2020-10-15 01:58:12,455 [pool-100-thread-1] INFO  server.RaftServerConfigKeys (ConfUtils.java:logGet(44)) - raft.server.log.write.buffer.size = 1048576 (custom)
2020-10-15 01:58:12,456 [pool-100-thread-1] INFO  server.RaftServerConfigKeys (ConfUtils.java:logGet(44)) - raft.server.log.force.sync.num = 128 (default)
2020-10-15 01:58:12,456 [pool-100-thread-1] INFO  server.RaftServerConfigKeys (ConfUtils.java:logGet(44)) - raft.server.log.statemachine.data.sync = true (default)
2020-10-15 01:58:12,456 [pool-100-thread-1] INFO  server.RaftServerConfigKeys (ConfUtils.java:logGet(44)) - raft.server.log.statemachine.data.sync.timeout = 10s (default)
2020-10-15 01:58:12,456 [pool-100-thread-1] INFO  server.RaftServerConfigKeys (ConfUtils.java:logGet(44)) - raft.server.log.statemachine.data.sync.timeout.retry = -1 (default)
2020-10-15 01:58:12,457 [pool-100-thread-1] INFO  server.RaftServerConfigKeys (ConfUtils.java:logGet(44)) - raft.server.log.statemachine.data.caching.enabled = true (custom)
2020-10-15 01:58:12,458 [pool-100-thread-1] INFO  segmented.SegmentedRaftLogWorker (SegmentedRaftLogWorker.java:lambda$new$0(129)) - 3614fa51-5170-4dd9-b705-f57b34412c98@group-60CB6515E51C-SegmentedRaftLogWorker: flushIndex: setUnconditionally 0 -> -1
2020-10-15 01:58:12,458 [pool-100-thread-1] INFO  segmented.SegmentedRaftLogWorker (SegmentedRaftLogWorker.java:lambda$new$0(129)) - 3614fa51-5170-4dd9-b705-f57b34412c98@group-60CB6515E51C-SegmentedRaftLogWorker: safeCacheEvictIndex: setUnconditionally 0 -> -1
2020-10-15 01:58:12,460 [pool-100-thread-1] INFO  server.RaftServerConfigKeys (ConfUtils.java:logGet(44)) - raft.server.snapshot.auto.trigger.enabled = true (custom)
2020-10-15 01:58:12,460 [pool-100-thread-1] INFO  server.RaftServerConfigKeys (ConfUtils.java:logGet(44)) - raft.server.snapshot.auto.trigger.threshold = 10000 (custom)
2020-10-15 01:58:12,460 [pool-100-thread-1] INFO  server.RaftServerConfigKeys (ConfUtils.java:logGet(44)) - raft.server.snapshot.retention.file.num = 5 (custom)
2020-10-15 01:58:12,460 [pool-100-thread-1] INFO  server.RaftServerConfigKeys (ConfUtils.java:logGet(44)) - raft.server.log.purge.upto.snapshot.index = false (default)
2020-10-15 01:58:12,460 [pool-100-thread-1] INFO  server.RaftServerConfigKeys (ConfUtils.java:logGet(44)) - raft.server.retrycache.expirytime = 600000ms (custom)
2020-10-15 01:58:12,460 [pool-100-thread-1] INFO  metrics.RatisMetrics (RatisMetrics.java:lambda$create$0(36)) - Creating Metrics Registry : ratis.leader_election.3614fa51-5170-4dd9-b705-f57b34412c98@group-60CB6515E51C
2020-10-15 01:58:12,461 [pool-100-thread-1] INFO  metrics.RatisMetrics (RatisMetrics.java:lambda$create$0(36)) - Creating Metrics Registry : ratis.server.3614fa51-5170-4dd9-b705-f57b34412c98@group-60CB6515E51C
2020-10-15 01:58:12,461 [pool-100-thread-1] INFO  impl.RaftServerImpl (RaftServerImpl.java:start(209)) - 3614fa51-5170-4dd9-b705-f57b34412c98@group-60CB6515E51C: start as a follower, conf=-1: [c5e645a5-945b-4d0f-8bf9-d2f53ff82cc9:172.17.0.2:43759:0, a7c521c8-eaf2-40db-9c87-5299207baa36:172.17.0.2:45115:0, 3614fa51-5170-4dd9-b705-f57b34412c98:172.17.0.2:33253:0], old=null
2020-10-15 01:58:12,461 [pool-100-thread-1] INFO  impl.RaftServerImpl (RaftServerImpl.java:setRole(198)) - 3614fa51-5170-4dd9-b705-f57b34412c98@group-60CB6515E51C: changes role from      null to FOLLOWER at term 0 for startAsFollower
2020-10-15 01:58:12,462 [pool-100-thread-1] INFO  impl.RoleInfo (RoleInfo.java:updateAndGet(143)) - 3614fa51-5170-4dd9-b705-f57b34412c98: start FollowerState
2020-10-15 01:58:12,462 [pool-100-thread-1] INFO  util.JmxRegister (JmxRegister.java:tryRegister(44)) - Successfully registered JMX Bean with object name Ratis:service=RaftServer,group=group-60CB6515E51C,id=3614fa51-5170-4dd9-b705-f57b34412c98
2020-10-15 01:58:12,462 [pool-100-thread-1] INFO  metrics.RatisMetrics (RatisMetrics.java:lambda$create$0(36)) - Creating Metrics Registry : ratis.state_machine.3614fa51-5170-4dd9-b705-f57b34412c98@group-60CB6515E51C
2020-10-15 01:58:12,473 [Command processor thread] INFO  commandhandler.CreatePipelineCommandHandler (CreatePipelineCommandHandler.java:handle(110)) - Created Pipeline RATIS THREE #id: "8796061d-8606-4031-b654-60cb6515e51c"
uuid128 {
  mostSigBits: -8676740908210307023
  leastSigBits: -5308511634072410852
}
.
2020-10-15 01:58:12,805 [Command processor thread] INFO  impl.RaftServerProxy (RaftServerProxy.java:addNew(92)) - c5e645a5-945b-4d0f-8bf9-d2f53ff82cc9: addNew group-75D665230760:[c5e645a5-945b-4d0f-8bf9-d2f53ff82cc9:172.17.0.2:43759:0] returns group-75D665230760:java.util.concurrent.CompletableFuture@309567b8[Not completed]
2020-10-15 01:58:12,807 [pool-85-thread-1] INFO  impl.RaftServerImpl (RaftServerImpl.java:<init>(120)) - c5e645a5-945b-4d0f-8bf9-d2f53ff82cc9: new RaftServerImpl for group-75D665230760:[c5e645a5-945b-4d0f-8bf9-d2f53ff82cc9:172.17.0.2:43759:0] with ContainerStateMachine:uninitialized
2020-10-15 01:58:12,807 [pool-85-thread-1] INFO  server.RaftServerConfigKeys (ConfUtils.java:logGet(44)) - raft.server.rpc.timeout.min = 5s (custom)
2020-10-15 01:58:12,807 [pool-85-thread-1] INFO  server.RaftServerConfigKeys (ConfUtils.java:logGet(44)) - raft.server.rpc.timeout.max = 5200ms (custom)
2020-10-15 01:58:12,807 [pool-85-thread-1] INFO  server.RaftServerConfigKeys (ConfUtils.java:logGet(44)) - raft.server.rpcslowness.timeout = 300s (custom)
2020-10-15 01:58:12,807 [pool-85-thread-1] INFO  server.RaftServerConfigKeys (ConfUtils.java:logGet(44)) - raft.server.sleep.deviation.threshold = 300 (default)
2020-10-15 01:58:12,807 [pool-85-thread-1] INFO  server.RaftServerConfigKeys (ConfUtils.java:logGet(44)) - raft.server.log.appender.install.snapshot.enabled = false (custom)
2020-10-15 01:58:12,807 [pool-85-thread-1] INFO  impl.RaftServerImpl (ServerState.java:<init>(104)) - c5e645a5-945b-4d0f-8bf9-d2f53ff82cc9@group-75D665230760: ConfigurationManager, init=-1: [c5e645a5-945b-4d0f-8bf9-d2f53ff82cc9:172.17.0.2:43759:0], old=null, confs=<EMPTY_MAP>
2020-10-15 01:58:12,807 [pool-85-thread-1] INFO  server.RaftServerConfigKeys (ConfUtils.java:logGet(44)) - raft.server.storage.dir = [/github/workspace/mnt/ozone/hadoop-ozone/integration-test/target/test-dir/MiniOzoneClusterImpl-58e8adfc-9d81-40cd-9dee-7bd6cd075720/datanode-1/data/ratis] (custom)
2020-10-15 01:58:12,807 [pool-85-thread-1] INFO  server.RaftServerConfigKeys (ConfUtils.java:logGet(44)) - raft.server.log.corruption.policy = EXCEPTION (default)
2020-10-15 01:58:12,808 [pool-85-thread-1] INFO  storage.RaftStorageDirectory (RaftStorageDirectory.java:analyzeStorage(261)) - The storage directory /github/workspace/mnt/ozone/hadoop-ozone/integration-test/target/test-dir/MiniOzoneClusterImpl-58e8adfc-9d81-40cd-9dee-7bd6cd075720/datanode-1/data/ratis/78002bc4-eaad-4dd7-b844-75d665230760 does not exist. Creating ...
2020-10-15 01:58:12,809 [pool-85-thread-1] INFO  storage.RaftStorageDirectory (RaftStorageDirectory.java:tryLock(343)) - Lock on /github/workspace/mnt/ozone/hadoop-ozone/integration-test/target/test-dir/MiniOzoneClusterImpl-58e8adfc-9d81-40cd-9dee-7bd6cd075720/datanode-1/data/ratis/78002bc4-eaad-4dd7-b844-75d665230760/in_use.lock acquired by nodename 10758@a778b8114e86
2020-10-15 01:58:12,810 [pool-85-thread-1] INFO  storage.RaftStorage (RaftStorage.java:format(84)) - Storage directory /github/workspace/mnt/ozone/hadoop-ozone/integration-test/target/test-dir/MiniOzoneClusterImpl-58e8adfc-9d81-40cd-9dee-7bd6cd075720/datanode-1/data/ratis/78002bc4-eaad-4dd7-b844-75d665230760 has been successfully formatted.
2020-10-15 01:58:12,810 [pool-85-thread-1] INFO  ratis.ContainerStateMachine (ContainerStateMachine.java:loadSnapshot(225)) - group-75D665230760: The snapshot info is null. Setting the last applied indexto:(t:0, i:~)
2020-10-15 01:58:12,811 [pool-85-thread-1] INFO  server.RaftServerConfigKeys (ConfUtils.java:logGet(44)) - raft.server.notification.no-leader.timeout = 300s (custom)
2020-10-15 01:58:12,811 [pool-85-thread-1] INFO  server.RaftServerConfigKeys (ConfUtils.java:logGet(44)) - raft.server.log.use.memory = false (default)
2020-10-15 01:58:12,811 [pool-85-thread-1] INFO  server.RaftServerConfigKeys (ConfUtils.java:logGet(44)) - raft.server.log.purge.gap = 1000000 (custom)
2020-10-15 01:58:12,811 [pool-85-thread-1] INFO  metrics.RatisMetrics (RatisMetrics.java:lambda$create$0(36)) - Creating Metrics Registry : ratis.log_worker.c5e645a5-945b-4d0f-8bf9-d2f53ff82cc9@group-75D665230760
2020-10-15 01:58:12,811 [pool-85-thread-1] INFO  server.RaftServerConfigKeys (ConfUtils.java:logGet(44)) - raft.server.log.appender.buffer.byte-limit = 33554432 (custom)
2020-10-15 01:58:12,811 [pool-85-thread-1] INFO  server.RaftServerConfigKeys (ConfUtils.java:logGet(44)) - raft.server.log.segment.size.max = 1048576 (custom)
2020-10-15 01:58:12,812 [pool-85-thread-1] INFO  server.RaftServerConfigKeys (ConfUtils.java:logGet(44)) - raft.server.log.segment.cache.num.max = 2 (custom)
2020-10-15 01:58:12,812 [pool-85-thread-1] INFO  segmented.SegmentedRaftLogWorker (SegmentedRaftLogWorker.java:<init>(180)) - new c5e645a5-945b-4d0f-8bf9-d2f53ff82cc9@group-75D665230760-SegmentedRaftLogWorker for RaftStorage:Storage Directory /github/workspace/mnt/ozone/hadoop-ozone/integration-test/target/test-dir/MiniOzoneClusterImpl-58e8adfc-9d81-40cd-9dee-7bd6cd075720/datanode-1/data/ratis/78002bc4-eaad-4dd7-b844-75d665230760
2020-10-15 01:58:12,812 [pool-85-thread-1] INFO  server.RaftServerConfigKeys (ConfUtils.java:logGet(44)) - raft.server.log.queue.byte-limit = 2147483647 (custom)
2020-10-15 01:58:12,813 [pool-85-thread-1] INFO  server.RaftServerConfigKeys (ConfUtils.java:logGet(44)) - raft.server.log.queue.element-limit = 1024 (custom)
2020-10-15 01:58:12,813 [pool-85-thread-1] INFO  server.RaftServerConfigKeys (ConfUtils.java:logGet(44)) - raft.server.log.segment.size.max = 1048576 (custom)
2020-10-15 01:58:12,813 [pool-85-thread-1] INFO  server.RaftServerConfigKeys (ConfUtils.java:logGet(44)) - raft.server.log.preallocated.size = 16384 (custom)
2020-10-15 01:58:12,813 [pool-85-thread-1] INFO  server.RaftServerConfigKeys (ConfUtils.java:logGet(44)) - raft.server.log.write.buffer.size = 1048576 (custom)
2020-10-15 01:58:12,813 [pool-85-thread-1] INFO  server.RaftServerConfigKeys (ConfUtils.java:logGet(44)) - raft.server.log.force.sync.num = 128 (default)
2020-10-15 01:58:12,813 [pool-85-thread-1] INFO  server.RaftServerConfigKeys (ConfUtils.java:logGet(44)) - raft.server.log.statemachine.data.sync = true (default)
2020-10-15 01:58:12,813 [EventQueue-PipelineReportForPipelineReportHandler] INFO  pipeline.PipelineStateManager (PipelineStateManager.java:openPipeline(131)) - Pipeline Pipeline[ Id: 78002bc4-eaad-4dd7-b844-75d665230760, Nodes: c5e645a5-945b-4d0f-8bf9-d2f53ff82cc9{ip: 172.17.0.2, host: a778b8114e86, networkLocation: /default-rack, certSerialId: null}, Type:RATIS, Factor:ONE, State:ALLOCATED, leaderId:c5e645a5-945b-4d0f-8bf9-d2f53ff82cc9, CreationTimestamp2020-10-15T01:58:09.810Z] moved to OPEN state
2020-10-15 01:58:12,813 [pool-85-thread-1] INFO  server.RaftServerConfigKeys (ConfUtils.java:logGet(44)) - raft.server.log.statemachine.data.sync.timeout = 10s (default)
2020-10-15 01:58:12,813 [EventQueue-OpenPipelineForOneReplicaPipelineSafeModeRule] INFO  safemode.SCMSafeModeManager (SCMSafeModeManager.java:validateSafeModeExitRules(214)) - AtleastOneDatanodeReportedRule rule is successfully validated
2020-10-15 01:58:12,813 [pool-85-thread-1] INFO  server.RaftServerConfigKeys (ConfUtils.java:logGet(44)) - raft.server.log.statemachine.data.sync.timeout.retry = -1 (default)
2020-10-15 01:58:12,813 [EventQueue-OpenPipelineForHealthyPipelineSafeModeRule] INFO  safemode.SCMSafeModeManager (HealthyPipelineSafeModeRule.java:process(129)) - SCM in safe mode. Healthy pipelines reported count is 0, required healthy pipeline reported count is 1
2020-10-15 01:58:12,815 [pool-85-thread-1] INFO  server.RaftServerConfigKeys (ConfUtils.java:logGet(44)) - raft.server.log.statemachine.data.caching.enabled = true (custom)
2020-10-15 01:58:12,815 [pool-85-thread-1] INFO  segmented.SegmentedRaftLogWorker (SegmentedRaftLogWorker.java:lambda$new$0(129)) - c5e645a5-945b-4d0f-8bf9-d2f53ff82cc9@group-75D665230760-SegmentedRaftLogWorker: flushIndex: setUnconditionally 0 -> -1
2020-10-15 01:58:12,815 [pool-85-thread-1] INFO  segmented.SegmentedRaftLogWorker (SegmentedRaftLogWorker.java:lambda$new$0(129)) - c5e645a5-945b-4d0f-8bf9-d2f53ff82cc9@group-75D665230760-SegmentedRaftLogWorker: safeCacheEvictIndex: setUnconditionally 0 -> -1
2020-10-15 01:58:12,816 [pool-85-thread-1] INFO  server.RaftServerConfigKeys (ConfUtils.java:logGet(44)) - raft.server.snapshot.auto.trigger.enabled = true (custom)
2020-10-15 01:58:12,816 [pool-85-thread-1] INFO  server.RaftServerConfigKeys (ConfUtils.java:logGet(44)) - raft.server.snapshot.auto.trigger.threshold = 10000 (custom)
2020-10-15 01:58:12,816 [pool-85-thread-1] INFO  server.RaftServerConfigKeys (ConfUtils.java:logGet(44)) - raft.server.snapshot.retention.file.num = 5 (custom)
2020-10-15 01:58:12,816 [pool-85-thread-1] INFO  server.RaftServerConfigKeys (ConfUtils.java:logGet(44)) - raft.server.log.purge.upto.snapshot.index = false (default)
2020-10-15 01:58:12,816 [pool-85-thread-1] INFO  server.RaftServerConfigKeys (ConfUtils.java:logGet(44)) - raft.server.retrycache.expirytime = 600000ms (custom)
2020-10-15 01:58:12,816 [pool-85-thread-1] INFO  metrics.RatisMetrics (RatisMetrics.java:lambda$create$0(36)) - Creating Metrics Registry : ratis.leader_election.c5e645a5-945b-4d0f-8bf9-d2f53ff82cc9@group-75D665230760
2020-10-15 01:58:12,816 [pool-85-thread-1] INFO  metrics.RatisMetrics (RatisMetrics.java:lambda$create$0(36)) - Creating Metrics Registry : ratis.server.c5e645a5-945b-4d0f-8bf9-d2f53ff82cc9@group-75D665230760
2020-10-15 01:58:12,817 [pool-85-thread-1] INFO  impl.RaftServerImpl (RaftServerImpl.java:start(209)) - c5e645a5-945b-4d0f-8bf9-d2f53ff82cc9@group-75D665230760: start as a follower, conf=-1: [c5e645a5-945b-4d0f-8bf9-d2f53ff82cc9:172.17.0.2:43759:0], old=null
2020-10-15 01:58:12,817 [pool-85-thread-1] INFO  impl.RaftServerImpl (RaftServerImpl.java:setRole(198)) - c5e645a5-945b-4d0f-8bf9-d2f53ff82cc9@group-75D665230760: changes role from      null to FOLLOWER at term 0 for startAsFollower
2020-10-15 01:58:12,818 [pool-85-thread-1] INFO  impl.RoleInfo (RoleInfo.java:updateAndGet(143)) - c5e645a5-945b-4d0f-8bf9-d2f53ff82cc9: start FollowerState
2020-10-15 01:58:12,819 [pool-85-thread-1] INFO  util.JmxRegister (JmxRegister.java:tryRegister(44)) - Successfully registered JMX Bean with object name Ratis:service=RaftServer,group=group-75D665230760,id=c5e645a5-945b-4d0f-8bf9-d2f53ff82cc9
2020-10-15 01:58:12,819 [pool-85-thread-1] INFO  metrics.RatisMetrics (RatisMetrics.java:lambda$create$0(36)) - Creating Metrics Registry : ratis.state_machine.c5e645a5-945b-4d0f-8bf9-d2f53ff82cc9@group-75D665230760
2020-10-15 01:58:12,824 [Command processor thread] INFO  commandhandler.CreatePipelineCommandHandler (CreatePipelineCommandHandler.java:handle(110)) - Created Pipeline RATIS ONE #id: "78002bc4-eaad-4dd7-b844-75d665230760"
uuid128 {
  mostSigBits: 8646959409302162903
  leastSigBits: -5168876908634241184
}
.
2020-10-15 01:58:13,105 [Listener at 127.0.0.1/10676] INFO  ozone.MiniOzoneClusterImpl (MiniOzoneClusterImpl.java:lambda$waitForClusterToBeReady$0(177)) - Nodes are ready. Got 3 of 3 DN Heartbeats.
2020-10-15 01:58:13,105 [Listener at 127.0.0.1/10676] INFO  ozone.MiniOzoneClusterImpl (MiniOzoneClusterImpl.java:lambda$waitForClusterToBeReady$0(180)) - Waiting for cluster to exit safe mode
2020-10-15 01:58:13,110 [Command processor thread] INFO  impl.RaftServerProxy (RaftServerProxy.java:addNew(92)) - 3614fa51-5170-4dd9-b705-f57b34412c98: addNew group-EF60F5D3D20E:[3614fa51-5170-4dd9-b705-f57b34412c98:172.17.0.2:33253:0] returns group-EF60F5D3D20E:java.util.concurrent.CompletableFuture@4924ce42[Not completed]
2020-10-15 01:58:13,111 [pool-100-thread-1] INFO  impl.RaftServerImpl (RaftServerImpl.java:<init>(120)) - 3614fa51-5170-4dd9-b705-f57b34412c98: new RaftServerImpl for group-EF60F5D3D20E:[3614fa51-5170-4dd9-b705-f57b34412c98:172.17.0.2:33253:0] with ContainerStateMachine:uninitialized
2020-10-15 01:58:13,111 [pool-100-thread-1] INFO  server.RaftServerConfigKeys (ConfUtils.java:logGet(44)) - raft.server.rpc.timeout.min = 5s (custom)
2020-10-15 01:58:13,111 [pool-100-thread-1] INFO  server.RaftServerConfigKeys (ConfUtils.java:logGet(44)) - raft.server.rpc.timeout.max = 5200ms (custom)
2020-10-15 01:58:13,111 [pool-100-thread-1] INFO  server.RaftServerConfigKeys (ConfUtils.java:logGet(44)) - raft.server.rpcslowness.timeout = 300s (custom)
2020-10-15 01:58:13,111 [pool-100-thread-1] INFO  server.RaftServerConfigKeys (ConfUtils.java:logGet(44)) - raft.server.sleep.deviation.threshold = 300 (default)
2020-10-15 01:58:13,111 [pool-100-thread-1] INFO  server.RaftServerConfigKeys (ConfUtils.java:logGet(44)) - raft.server.log.appender.install.snapshot.enabled = false (custom)
2020-10-15 01:58:13,111 [pool-100-thread-1] INFO  impl.RaftServerImpl (ServerState.java:<init>(104)) - 3614fa51-5170-4dd9-b705-f57b34412c98@group-EF60F5D3D20E: ConfigurationManager, init=-1: [3614fa51-5170-4dd9-b705-f57b34412c98:172.17.0.2:33253:0], old=null, confs=<EMPTY_MAP>
2020-10-15 01:58:13,111 [pool-100-thread-1] INFO  server.RaftServerConfigKeys (ConfUtils.java:logGet(44)) - raft.server.storage.dir = [/github/workspace/mnt/ozone/hadoop-ozone/integration-test/target/test-dir/MiniOzoneClusterImpl-58e8adfc-9d81-40cd-9dee-7bd6cd075720/datanode-2/data/ratis] (custom)
2020-10-15 01:58:13,112 [pool-100-thread-1] INFO  server.RaftServerConfigKeys (ConfUtils.java:logGet(44)) - raft.server.log.corruption.policy = EXCEPTION (default)
2020-10-15 01:58:13,112 [pool-100-thread-1] INFO  storage.RaftStorageDirectory (RaftStorageDirectory.java:analyzeStorage(261)) - The storage directory /github/workspace/mnt/ozone/hadoop-ozone/integration-test/target/test-dir/MiniOzoneClusterImpl-58e8adfc-9d81-40cd-9dee-7bd6cd075720/datanode-2/data/ratis/db757287-4c7f-49c0-9106-ef60f5d3d20e does not exist. Creating ...
2020-10-15 01:58:13,113 [pool-100-thread-1] INFO  storage.RaftStorageDirectory (RaftStorageDirectory.java:tryLock(343)) - Lock on /github/workspace/mnt/ozone/hadoop-ozone/integration-test/target/test-dir/MiniOzoneClusterImpl-58e8adfc-9d81-40cd-9dee-7bd6cd075720/datanode-2/data/ratis/db757287-4c7f-49c0-9106-ef60f5d3d20e/in_use.lock acquired by nodename 10758@a778b8114e86
2020-10-15 01:58:13,114 [pool-100-thread-1] INFO  storage.RaftStorage (RaftStorage.java:format(84)) - Storage directory /github/workspace/mnt/ozone/hadoop-ozone/integration-test/target/test-dir/MiniOzoneClusterImpl-58e8adfc-9d81-40cd-9dee-7bd6cd075720/datanode-2/data/ratis/db757287-4c7f-49c0-9106-ef60f5d3d20e has been successfully formatted.
2020-10-15 01:58:13,117 [EventQueue-PipelineReportForPipelineReportHandler] INFO  pipeline.PipelineStateManager (PipelineStateManager.java:openPipeline(131)) - Pipeline Pipeline[ Id: db757287-4c7f-49c0-9106-ef60f5d3d20e, Nodes: 3614fa51-5170-4dd9-b705-f57b34412c98{ip: 172.17.0.2, host: a778b8114e86, networkLocation: /default-rack, certSerialId: null}, Type:RATIS, Factor:ONE, State:ALLOCATED, leaderId:3614fa51-5170-4dd9-b705-f57b34412c98, CreationTimestamp2020-10-15T01:58:10.113Z] moved to OPEN state
2020-10-15 01:58:13,117 [EventQueue-OpenPipelineForOneReplicaPipelineSafeModeRule] INFO  safemode.SCMSafeModeManager (SCMSafeModeManager.java:validateSafeModeExitRules(214)) - AtleastOneDatanodeReportedRule rule is successfully validated
2020-10-15 01:58:13,117 [EventQueue-OpenPipelineForHealthyPipelineSafeModeRule] INFO  safemode.SCMSafeModeManager (HealthyPipelineSafeModeRule.java:process(129)) - SCM in safe mode. Healthy pipelines reported count is 0, required healthy pipeline reported count is 1
2020-10-15 01:58:13,117 [pool-100-thread-1] INFO  ratis.ContainerStateMachine (ContainerStateMachine.java:loadSnapshot(225)) - group-EF60F5D3D20E: The snapshot info is null. Setting the last applied indexto:(t:0, i:~)
2020-10-15 01:58:13,117 [pool-100-thread-1] INFO  server.RaftServerConfigKeys (ConfUtils.java:logGet(44)) - raft.server.notification.no-leader.timeout = 300s (custom)
2020-10-15 01:58:13,118 [pool-100-thread-1] INFO  server.RaftServerConfigKeys (ConfUtils.java:logGet(44)) - raft.server.log.use.memory = false (default)
2020-10-15 01:58:13,118 [pool-100-thread-1] INFO  server.RaftServerConfigKeys (ConfUtils.java:logGet(44)) - raft.server.log.purge.gap = 1000000 (custom)
2020-10-15 01:58:13,118 [pool-100-thread-1] INFO  metrics.RatisMetrics (RatisMetrics.java:lambda$create$0(36)) - Creating Metrics Registry : ratis.log_worker.3614fa51-5170-4dd9-b705-f57b34412c98@group-EF60F5D3D20E
2020-10-15 01:58:13,118 [pool-100-thread-1] INFO  server.RaftServerConfigKeys (ConfUtils.java:logGet(44)) - raft.server.log.appender.buffer.byte-limit = 33554432 (custom)
2020-10-15 01:58:13,118 [pool-100-thread-1] INFO  server.RaftServerConfigKeys (ConfUtils.java:logGet(44)) - raft.server.log.segment.size.max = 1048576 (custom)
2020-10-15 01:58:13,119 [pool-100-thread-1] INFO  server.RaftServerConfigKeys (ConfUtils.java:logGet(44)) - raft.server.log.segment.cache.num.max = 2 (custom)
2020-10-15 01:58:13,119 [pool-100-thread-1] INFO  segmented.SegmentedRaftLogWorker (SegmentedRaftLogWorker.java:<init>(180)) - new 3614fa51-5170-4dd9-b705-f57b34412c98@group-EF60F5D3D20E-SegmentedRaftLogWorker for RaftStorage:Storage Directory /github/workspace/mnt/ozone/hadoop-ozone/integration-test/target/test-dir/MiniOzoneClusterImpl-58e8adfc-9d81-40cd-9dee-7bd6cd075720/datanode-2/data/ratis/db757287-4c7f-49c0-9106-ef60f5d3d20e
2020-10-15 01:58:13,119 [pool-100-thread-1] INFO  server.RaftServerConfigKeys (ConfUtils.java:logGet(44)) - raft.server.log.queue.byte-limit = 2147483647 (custom)
2020-10-15 01:58:13,119 [pool-100-thread-1] INFO  server.RaftServerConfigKeys (ConfUtils.java:logGet(44)) - raft.server.log.queue.element-limit = 1024 (custom)
2020-10-15 01:58:13,119 [pool-100-thread-1] INFO  server.RaftServerConfigKeys (ConfUtils.java:logGet(44)) - raft.server.log.segment.size.max = 1048576 (custom)
2020-10-15 01:58:13,119 [pool-100-thread-1] INFO  server.RaftServerConfigKeys (ConfUtils.java:logGet(44)) - raft.server.log.preallocated.size = 16384 (custom)
2020-10-15 01:58:13,119 [pool-100-thread-1] INFO  server.RaftServerConfigKeys (ConfUtils.java:logGet(44)) - raft.server.log.write.buffer.size = 1048576 (custom)
2020-10-15 01:58:13,119 [pool-100-thread-1] INFO  server.RaftServerConfigKeys (ConfUtils.java:logGet(44)) - raft.server.log.force.sync.num = 128 (default)
2020-10-15 01:58:13,119 [pool-100-thread-1] INFO  server.RaftServerConfigKeys (ConfUtils.java:logGet(44)) - raft.server.log.statemachine.data.sync = true (default)
2020-10-15 01:58:13,119 [pool-100-thread-1] INFO  server.RaftServerConfigKeys (ConfUtils.java:logGet(44)) - raft.server.log.statemachine.data.sync.timeout = 10s (default)
2020-10-15 01:58:13,119 [pool-100-thread-1] INFO  server.RaftServerConfigKeys (ConfUtils.java:logGet(44)) - raft.server.log.statemachine.data.sync.timeout.retry = -1 (default)
2020-10-15 01:58:13,121 [pool-100-thread-1] INFO  server.RaftServerConfigKeys (ConfUtils.java:logGet(44)) - raft.server.log.statemachine.data.caching.enabled = true (custom)
2020-10-15 01:58:13,121 [pool-100-thread-1] INFO  segmented.SegmentedRaftLogWorker (SegmentedRaftLogWorker.java:lambda$new$0(129)) - 3614fa51-5170-4dd9-b705-f57b34412c98@group-EF60F5D3D20E-SegmentedRaftLogWorker: flushIndex: setUnconditionally 0 -> -1
2020-10-15 01:58:13,121 [pool-100-thread-1] INFO  segmented.SegmentedRaftLogWorker (SegmentedRaftLogWorker.java:lambda$new$0(129)) - 3614fa51-5170-4dd9-b705-f57b34412c98@group-EF60F5D3D20E-SegmentedRaftLogWorker: safeCacheEvictIndex: setUnconditionally 0 -> -1
2020-10-15 01:58:13,125 [pool-100-thread-1] INFO  server.RaftServerConfigKeys (ConfUtils.java:logGet(44)) - raft.server.snapshot.auto.trigger.enabled = true (custom)
2020-10-15 01:58:13,125 [pool-100-thread-1] INFO  server.RaftServerConfigKeys (ConfUtils.java:logGet(44)) - raft.server.snapshot.auto.trigger.threshold = 10000 (custom)
2020-10-15 01:58:13,125 [pool-100-thread-1] INFO  server.RaftServerConfigKeys (ConfUtils.java:logGet(44)) - raft.server.snapshot.retention.file.num = 5 (custom)
2020-10-15 01:58:13,125 [pool-100-thread-1] INFO  server.RaftServerConfigKeys (ConfUtils.java:logGet(44)) - raft.server.log.purge.upto.snapshot.index = false (default)
2020-10-15 01:58:13,125 [pool-100-thread-1] INFO  server.RaftServerConfigKeys (ConfUtils.java:logGet(44)) - raft.server.retrycache.expirytime = 600000ms (custom)
2020-10-15 01:58:13,125 [pool-100-thread-1] INFO  metrics.RatisMetrics (RatisMetrics.java:lambda$create$0(36)) - Creating Metrics Registry : ratis.leader_election.3614fa51-5170-4dd9-b705-f57b34412c98@group-EF60F5D3D20E
2020-10-15 01:58:13,126 [pool-100-thread-1] INFO  metrics.RatisMetrics (RatisMetrics.java:lambda$create$0(36)) - Creating Metrics Registry : ratis.server.3614fa51-5170-4dd9-b705-f57b34412c98@group-EF60F5D3D20E
2020-10-15 01:58:13,126 [pool-100-thread-1] INFO  impl.RaftServerImpl (RaftServerImpl.java:start(209)) - 3614fa51-5170-4dd9-b705-f57b34412c98@group-EF60F5D3D20E: start as a follower, conf=-1: [3614fa51-5170-4dd9-b705-f57b34412c98:172.17.0.2:33253:0], old=null
2020-10-15 01:58:13,126 [pool-100-thread-1] INFO  impl.RaftServerImpl (RaftServerImpl.java:setRole(198)) - 3614fa51-5170-4dd9-b705-f57b34412c98@group-EF60F5D3D20E: changes role from      null to FOLLOWER at term 0 for startAsFollower
2020-10-15 01:58:13,126 [pool-100-thread-1] INFO  impl.RoleInfo (RoleInfo.java:updateAndGet(143)) - 3614fa51-5170-4dd9-b705-f57b34412c98: start FollowerState
2020-10-15 01:58:13,133 [pool-100-thread-1] INFO  util.JmxRegister (JmxRegister.java:tryRegister(44)) - Successfully registered JMX Bean with object name Ratis:service=RaftServer,group=group-EF60F5D3D20E,id=3614fa51-5170-4dd9-b705-f57b34412c98
2020-10-15 01:58:13,133 [pool-100-thread-1] INFO  metrics.RatisMetrics (RatisMetrics.java:lambda$create$0(36)) - Creating Metrics Registry : ratis.state_machine.3614fa51-5170-4dd9-b705-f57b34412c98@group-EF60F5D3D20E
2020-10-15 01:58:13,138 [Command processor thread] INFO  commandhandler.CreatePipelineCommandHandler (CreatePipelineCommandHandler.java:handle(110)) - Created Pipeline RATIS ONE #id: "db757287-4c7f-49c0-9106-ef60f5d3d20e"
uuid128 {
  mostSigBits: -2633072481698625088
  leastSigBits: -7996440888629538290
}
.
2020-10-15 01:58:14,106 [Listener at 127.0.0.1/10676] INFO  ozone.MiniOzoneClusterImpl (MiniOzoneClusterImpl.java:lambda$waitForClusterToBeReady$0(177)) - Nodes are ready. Got 3 of 3 DN Heartbeats.
2020-10-15 01:58:14,106 [Listener at 127.0.0.1/10676] INFO  ozone.MiniOzoneClusterImpl (MiniOzoneClusterImpl.java:lambda$waitForClusterToBeReady$0(180)) - Waiting for cluster to exit safe mode
2020-10-15 01:58:15,106 [Listener at 127.0.0.1/10676] INFO  ozone.MiniOzoneClusterImpl (MiniOzoneClusterImpl.java:lambda$waitForClusterToBeReady$0(177)) - Nodes are ready. Got 3 of 3 DN Heartbeats.
2020-10-15 01:58:15,106 [Listener at 127.0.0.1/10676] INFO  ozone.MiniOzoneClusterImpl (MiniOzoneClusterImpl.java:lambda$waitForClusterToBeReady$0(180)) - Waiting for cluster to exit safe mode
2020-10-15 01:58:16,107 [Listener at 127.0.0.1/10676] INFO  ozone.MiniOzoneClusterImpl (MiniOzoneClusterImpl.java:lambda$waitForClusterToBeReady$0(177)) - Nodes are ready. Got 3 of 3 DN Heartbeats.
2020-10-15 01:58:16,107 [Listener at 127.0.0.1/10676] INFO  ozone.MiniOzoneClusterImpl (MiniOzoneClusterImpl.java:lambda$waitForClusterToBeReady$0(180)) - Waiting for cluster to exit safe mode
2020-10-15 01:58:17,107 [Listener at 127.0.0.1/10676] INFO  ozone.MiniOzoneClusterImpl (MiniOzoneClusterImpl.java:lambda$waitForClusterToBeReady$0(177)) - Nodes are ready. Got 3 of 3 DN Heartbeats.
2020-10-15 01:58:17,107 [Listener at 127.0.0.1/10676] INFO  ozone.MiniOzoneClusterImpl (MiniOzoneClusterImpl.java:lambda$waitForClusterToBeReady$0(180)) - Waiting for cluster to exit safe mode
2020-10-15 01:58:17,377 [Thread-299] INFO  impl.FollowerState (FollowerState.java:run(108)) - a7c521c8-eaf2-40db-9c87-5299207baa36@group-9B01D9EE1A3C-FollowerState: change to CANDIDATE, lastRpcTime:5121ms, electionTimeout:5111ms
2020-10-15 01:58:17,377 [Thread-299] INFO  impl.RoleInfo (RoleInfo.java:shutdownFollowerState(121)) - a7c521c8-eaf2-40db-9c87-5299207baa36: shutdown FollowerState
2020-10-15 01:58:17,377 [Thread-299] INFO  impl.RaftServerImpl (RaftServerImpl.java:setRole(198)) - a7c521c8-eaf2-40db-9c87-5299207baa36@group-9B01D9EE1A3C: changes role from  FOLLOWER to CANDIDATE at term 0 for changeToCandidate
2020-10-15 01:58:17,377 [Thread-299] INFO  impl.RoleInfo (RoleInfo.java:updateAndGet(143)) - a7c521c8-eaf2-40db-9c87-5299207baa36: start LeaderElection
2020-10-15 01:58:17,380 [a7c521c8-eaf2-40db-9c87-5299207baa36@group-9B01D9EE1A3C-LeaderElection5] INFO  impl.LeaderElection (LeaderElection.java:askForVotes(210)) - a7c521c8-eaf2-40db-9c87-5299207baa36@group-9B01D9EE1A3C-LeaderElection5: begin an election at term 1 for -1: [a7c521c8-eaf2-40db-9c87-5299207baa36:172.17.0.2:45115:0], old=null
2020-10-15 01:58:17,381 [a7c521c8-eaf2-40db-9c87-5299207baa36@group-9B01D9EE1A3C-LeaderElection5] INFO  impl.RoleInfo (RoleInfo.java:shutdownLeaderElection(134)) - a7c521c8-eaf2-40db-9c87-5299207baa36: shutdown LeaderElection
2020-10-15 01:58:17,381 [a7c521c8-eaf2-40db-9c87-5299207baa36@group-9B01D9EE1A3C-LeaderElection5] INFO  impl.RaftServerImpl (RaftServerImpl.java:setRole(198)) - a7c521c8-eaf2-40db-9c87-5299207baa36@group-9B01D9EE1A3C: changes role from CANDIDATE to LEADER at term 1 for changeToLeader
2020-10-15 01:58:17,381 [a7c521c8-eaf2-40db-9c87-5299207baa36@group-9B01D9EE1A3C-LeaderElection5] INFO  ratis.XceiverServerRatis (XceiverServerRatis.java:handleLeaderChangedNotification(822)) - Leader change notification received for group: group-9B01D9EE1A3C with new leaderId: a7c521c8-eaf2-40db-9c87-5299207baa36
2020-10-15 01:58:17,381 [a7c521c8-eaf2-40db-9c87-5299207baa36@group-9B01D9EE1A3C-LeaderElection5] INFO  impl.RaftServerImpl (ServerState.java:setLeader(256)) - a7c521c8-eaf2-40db-9c87-5299207baa36@group-9B01D9EE1A3C: change Leader from null to a7c521c8-eaf2-40db-9c87-5299207baa36 at term 1 for becomeLeader, leader elected after 5137ms
2020-10-15 01:58:17,381 [a7c521c8-eaf2-40db-9c87-5299207baa36@group-9B01D9EE1A3C-LeaderElection5] INFO  server.RaftServerConfigKeys (ConfUtils.java:logGet(44)) - raft.server.staging.catchup.gap = 1000 (default)
2020-10-15 01:58:17,382 [a7c521c8-eaf2-40db-9c87-5299207baa36@group-9B01D9EE1A3C-LeaderElection5] INFO  server.RaftServerConfigKeys (ConfUtils.java:logGet(44)) - raft.server.rpc.sleep.time = 25ms (default)
2020-10-15 01:58:17,382 [a7c521c8-eaf2-40db-9c87-5299207baa36@group-9B01D9EE1A3C-LeaderElection5] INFO  metrics.RatisMetrics (RatisMetrics.java:lambda$create$0(36)) - Creating Metrics Registry : ratis.log_appender.a7c521c8-eaf2-40db-9c87-5299207baa36@group-9B01D9EE1A3C
2020-10-15 01:58:17,383 [a7c521c8-eaf2-40db-9c87-5299207baa36@group-9B01D9EE1A3C-LeaderElection5] INFO  server.RaftServerConfigKeys (ConfUtils.java:logGet(44)) - raft.server.write.element-limit = 1024 (custom)
2020-10-15 01:58:17,384 [a7c521c8-eaf2-40db-9c87-5299207baa36@group-9B01D9EE1A3C-LeaderElection5] INFO  server.RaftServerConfigKeys (ConfUtils.java:logGet(44)) - raft.server.write.byte-limit = 1073741824 (custom)
2020-10-15 01:58:17,384 [a7c521c8-eaf2-40db-9c87-5299207baa36@group-9B01D9EE1A3C-LeaderElection5] INFO  server.RaftServerConfigKeys (ConfUtils.java:logGet(44)) - raft.server.watch.timeout = 180s (custom)
2020-10-15 01:58:17,388 [a7c521c8-eaf2-40db-9c87-5299207baa36@group-9B01D9EE1A3C-LeaderElection5] INFO  server.RaftServerConfigKeys (ConfUtils.java:logGet(44)) - raft.server.watch.timeout.denomination = 1s (default)
2020-10-15 01:58:17,388 [a7c521c8-eaf2-40db-9c87-5299207baa36@group-9B01D9EE1A3C-LeaderElection5] INFO  server.RaftServerConfigKeys (ConfUtils.java:logGet(44)) - raft.server.watch.element-limit = 65536 (default)
2020-10-15 01:58:17,388 [a7c521c8-eaf2-40db-9c87-5299207baa36@group-9B01D9EE1A3C-LeaderElection5] INFO  impl.RoleInfo (RoleInfo.java:updateAndGet(143)) - a7c521c8-eaf2-40db-9c87-5299207baa36: start LeaderState
2020-10-15 01:58:17,389 [a7c521c8-eaf2-40db-9c87-5299207baa36@group-9B01D9EE1A3C-LeaderElection5] INFO  segmented.SegmentedRaftLogWorker (SegmentedRaftLogWorker.java:startLogSegment(397)) - a7c521c8-eaf2-40db-9c87-5299207baa36@group-9B01D9EE1A3C-SegmentedRaftLogWorker: Starting segment from index:0
2020-10-15 01:58:17,389 [a7c521c8-eaf2-40db-9c87-5299207baa36@group-9B01D9EE1A3C-LeaderElection5] INFO  impl.RaftServerImpl (ServerState.java:setRaftConf(374)) - a7c521c8-eaf2-40db-9c87-5299207baa36@group-9B01D9EE1A3C: set configuration 0: [a7c521c8-eaf2-40db-9c87-5299207baa36:172.17.0.2:45115:0], old=null at 0
2020-10-15 01:58:17,390 [a7c521c8-eaf2-40db-9c87-5299207baa36@group-9B01D9EE1A3C-SegmentedRaftLogWorker] INFO  segmented.SegmentedRaftLogWorker (SegmentedRaftLogWorker.java:execute(596)) - a7c521c8-eaf2-40db-9c87-5299207baa36@group-9B01D9EE1A3C-SegmentedRaftLogWorker: created new log segment /github/workspace/mnt/ozone/hadoop-ozone/integration-test/target/test-dir/MiniOzoneClusterImpl-58e8adfc-9d81-40cd-9dee-7bd6cd075720/datanode-0/data/ratis/e0ccf94c-08d8-4d82-a7ad-9b01d9ee1a3c/current/log_inprogress_0
2020-10-15 01:58:17,442 [Thread-303] INFO  impl.FollowerState (FollowerState.java:run(108)) - a7c521c8-eaf2-40db-9c87-5299207baa36@group-60CB6515E51C-FollowerState: change to CANDIDATE, lastRpcTime:5151ms, electionTimeout:5145ms
2020-10-15 01:58:17,442 [Thread-303] INFO  impl.RoleInfo (RoleInfo.java:shutdownFollowerState(121)) - a7c521c8-eaf2-40db-9c87-5299207baa36: shutdown FollowerState
2020-10-15 01:58:17,442 [Thread-303] INFO  impl.RaftServerImpl (RaftServerImpl.java:setRole(198)) - a7c521c8-eaf2-40db-9c87-5299207baa36@group-60CB6515E51C: changes role from  FOLLOWER to CANDIDATE at term 0 for changeToCandidate
2020-10-15 01:58:17,442 [Thread-303] INFO  impl.RoleInfo (RoleInfo.java:updateAndGet(143)) - a7c521c8-eaf2-40db-9c87-5299207baa36: start LeaderElection
2020-10-15 01:58:17,446 [a7c521c8-eaf2-40db-9c87-5299207baa36@group-60CB6515E51C-LeaderElection6] INFO  impl.LeaderElection (LeaderElection.java:askForVotes(210)) - a7c521c8-eaf2-40db-9c87-5299207baa36@group-60CB6515E51C-LeaderElection6: begin an election at term 1 for -1: [c5e645a5-945b-4d0f-8bf9-d2f53ff82cc9:172.17.0.2:43759:0, a7c521c8-eaf2-40db-9c87-5299207baa36:172.17.0.2:45115:0, 3614fa51-5170-4dd9-b705-f57b34412c98:172.17.0.2:33253:0], old=null
2020-10-15 01:58:17,458 [grpc-default-executor-1] INFO  impl.RaftServerImpl (RaftServerImpl.java:setRole(198)) - c5e645a5-945b-4d0f-8bf9-d2f53ff82cc9@group-60CB6515E51C: changes role from  FOLLOWER to FOLLOWER at term 1 for recognizeCandidate:a7c521c8-eaf2-40db-9c87-5299207baa36
2020-10-15 01:58:17,458 [grpc-default-executor-1] INFO  impl.RoleInfo (RoleInfo.java:shutdownFollowerState(121)) - c5e645a5-945b-4d0f-8bf9-d2f53ff82cc9: shutdown FollowerState
2020-10-15 01:58:17,458 [grpc-default-executor-1] INFO  impl.RoleInfo (RoleInfo.java:updateAndGet(143)) - c5e645a5-945b-4d0f-8bf9-d2f53ff82cc9: start FollowerState
2020-10-15 01:58:17,458 [Thread-305] INFO  impl.FollowerState (FollowerState.java:run(117)) - c5e645a5-945b-4d0f-8bf9-d2f53ff82cc9@group-60CB6515E51C-FollowerState was interrupted: java.lang.InterruptedException: sleep interrupted
2020-10-15 01:58:17,458 [grpc-default-executor-1] INFO  impl.RaftServerImpl (RaftServerImpl.java:requestVote(923)) -  FOLLOWER c5e645a5-945b-4d0f-8bf9-d2f53ff82cc9@group-60CB6515E51C:t1, leader=null, voted=null, raftlog=c5e645a5-945b-4d0f-8bf9-d2f53ff82cc9@group-60CB6515E51C-SegmentedRaftLog:OPENED:c-1,f-1,i0, conf=-1: [c5e645a5-945b-4d0f-8bf9-d2f53ff82cc9:172.17.0.2:43759:0, a7c521c8-eaf2-40db-9c87-5299207baa36:172.17.0.2:45115:0, 3614fa51-5170-4dd9-b705-f57b34412c98:172.17.0.2:33253:0], old=null RUNNING priority:0 candidate:a7c521c8-eaf2-40db-9c87-5299207baa36:172.17.0.2:45115:0 candidatePriority:0 compare:0
2020-10-15 01:58:17,469 [a7c521c8-eaf2-40db-9c87-5299207baa36@group-60CB6515E51C-LeaderElection6] INFO  impl.LeaderElection (LeaderElection.java:logAndReturn(62)) - a7c521c8-eaf2-40db-9c87-5299207baa36@group-60CB6515E51C-LeaderElection6: Election PASSED; received 1 response(s) [a7c521c8-eaf2-40db-9c87-5299207baa36<-c5e645a5-945b-4d0f-8bf9-d2f53ff82cc9#0:OK-t1] and 0 exception(s); a7c521c8-eaf2-40db-9c87-5299207baa36@group-60CB6515E51C:t1, leader=null, voted=a7c521c8-eaf2-40db-9c87-5299207baa36, raftlog=a7c521c8-eaf2-40db-9c87-5299207baa36@group-60CB6515E51C-SegmentedRaftLog:OPENED:c-1,f-1,i0, conf=-1: [c5e645a5-945b-4d0f-8bf9-d2f53ff82cc9:172.17.0.2:43759:0, a7c521c8-eaf2-40db-9c87-5299207baa36:172.17.0.2:45115:0, 3614fa51-5170-4dd9-b705-f57b34412c98:172.17.0.2:33253:0], old=null
2020-10-15 01:58:17,477 [grpc-default-executor-1] INFO  impl.RaftServerImpl (RaftServerImpl.java:setRole(198)) - 3614fa51-5170-4dd9-b705-f57b34412c98@group-60CB6515E51C: changes role from  FOLLOWER to FOLLOWER at term 1 for recognizeCandidate:a7c521c8-eaf2-40db-9c87-5299207baa36
2020-10-15 01:58:17,477 [grpc-default-executor-1] INFO  impl.RoleInfo (RoleInfo.java:shutdownFollowerState(121)) - 3614fa51-5170-4dd9-b705-f57b34412c98: shutdown FollowerState
2020-10-15 01:58:17,478 [grpc-default-executor-1] INFO  impl.RoleInfo (RoleInfo.java:updateAndGet(143)) - 3614fa51-5170-4dd9-b705-f57b34412c98: start FollowerState
2020-10-15 01:58:17,478 [Thread-308] INFO  impl.FollowerState (FollowerState.java:run(117)) - 3614fa51-5170-4dd9-b705-f57b34412c98@group-60CB6515E51C-FollowerState was interrupted: java.lang.InterruptedException: sleep interrupted
2020-10-15 01:58:17,478 [grpc-default-executor-1] INFO  impl.RaftServerImpl (RaftServerImpl.java:requestVote(923)) -  FOLLOWER 3614fa51-5170-4dd9-b705-f57b34412c98@group-60CB6515E51C:t1, leader=null, voted=null, raftlog=3614fa51-5170-4dd9-b705-f57b34412c98@group-60CB6515E51C-SegmentedRaftLog:OPENED:c-1,f-1,i0, conf=-1: [c5e645a5-945b-4d0f-8bf9-d2f53ff82cc9:172.17.0.2:43759:0, a7c521c8-eaf2-40db-9c87-5299207baa36:172.17.0.2:45115:0, 3614fa51-5170-4dd9-b705-f57b34412c98:172.17.0.2:33253:0], old=null RUNNING priority:0 candidate:a7c521c8-eaf2-40db-9c87-5299207baa36:172.17.0.2:45115:0 candidatePriority:0 compare:0
2020-10-15 01:58:17,479 [a7c521c8-eaf2-40db-9c87-5299207baa36@group-60CB6515E51C-LeaderElection6] INFO  impl.RoleInfo (RoleInfo.java:shutdownLeaderElection(134)) - a7c521c8-eaf2-40db-9c87-5299207baa36: shutdown LeaderElection
2020-10-15 01:58:17,479 [a7c521c8-eaf2-40db-9c87-5299207baa36@group-60CB6515E51C-LeaderElection6] INFO  impl.RaftServerImpl (RaftServerImpl.java:setRole(198)) - a7c521c8-eaf2-40db-9c87-5299207baa36@group-60CB6515E51C: changes role from CANDIDATE to LEADER at term 1 for changeToLeader
2020-10-15 01:58:17,482 [a7c521c8-eaf2-40db-9c87-5299207baa36@group-60CB6515E51C-LeaderElection6] INFO  ratis.XceiverServerRatis (XceiverServerRatis.java:handleLeaderChangedNotification(822)) - Leader change notification received for group: group-60CB6515E51C with new leaderId: a7c521c8-eaf2-40db-9c87-5299207baa36
2020-10-15 01:58:17,483 [a7c521c8-eaf2-40db-9c87-5299207baa36@group-60CB6515E51C-LeaderElection6] INFO  impl.RaftServerImpl (ServerState.java:setLeader(256)) - a7c521c8-eaf2-40db-9c87-5299207baa36@group-60CB6515E51C: change Leader from null to a7c521c8-eaf2-40db-9c87-5299207baa36 at term 1 for becomeLeader, leader elected after 5212ms
2020-10-15 01:58:17,483 [a7c521c8-eaf2-40db-9c87-5299207baa36@group-60CB6515E51C-LeaderElection6] INFO  server.RaftServerConfigKeys (ConfUtils.java:logGet(44)) - raft.server.staging.catchup.gap = 1000 (default)
2020-10-15 01:58:17,483 [a7c521c8-eaf2-40db-9c87-5299207baa36@group-60CB6515E51C-LeaderElection6] INFO  server.RaftServerConfigKeys (ConfUtils.java:logGet(44)) - raft.server.rpc.sleep.time = 25ms (default)
2020-10-15 01:58:17,483 [a7c521c8-eaf2-40db-9c87-5299207baa36@group-60CB6515E51C-LeaderElection6] INFO  metrics.RatisMetrics (RatisMetrics.java:lambda$create$0(36)) - Creating Metrics Registry : ratis.log_appender.a7c521c8-eaf2-40db-9c87-5299207baa36@group-60CB6515E51C
2020-10-15 01:58:17,483 [a7c521c8-eaf2-40db-9c87-5299207baa36@group-60CB6515E51C-LeaderElection6] INFO  server.RaftServerConfigKeys (ConfUtils.java:logGet(44)) - raft.server.write.element-limit = 1024 (custom)
2020-10-15 01:58:17,484 [a7c521c8-eaf2-40db-9c87-5299207baa36@group-60CB6515E51C-LeaderElection6] INFO  server.RaftServerConfigKeys (ConfUtils.java:logGet(44)) - raft.server.write.byte-limit = 1073741824 (custom)
2020-10-15 01:58:17,484 [a7c521c8-eaf2-40db-9c87-5299207baa36@group-60CB6515E51C-LeaderElection6] INFO  server.RaftServerConfigKeys (ConfUtils.java:logGet(44)) - raft.server.watch.timeout = 180s (custom)
2020-10-15 01:58:17,484 [a7c521c8-eaf2-40db-9c87-5299207baa36@group-60CB6515E51C-LeaderElection6] INFO  server.RaftServerConfigKeys (ConfUtils.java:logGet(44)) - raft.server.watch.timeout.denomination = 1s (default)
2020-10-15 01:58:17,484 [a7c521c8-eaf2-40db-9c87-5299207baa36@group-60CB6515E51C-LeaderElection6] INFO  server.RaftServerConfigKeys (ConfUtils.java:logGet(44)) - raft.server.watch.element-limit = 65536 (default)
2020-10-15 01:58:17,484 [a7c521c8-eaf2-40db-9c87-5299207baa36@group-60CB6515E51C-LeaderElection6] INFO  server.RaftServerConfigKeys (ConfUtils.java:logGet(44)) - raft.server.log.appender.snapshot.chunk.size.max = 16MB (=16777216) (default)
2020-10-15 01:58:17,484 [a7c521c8-eaf2-40db-9c87-5299207baa36@group-60CB6515E51C-LeaderElection6] INFO  server.RaftServerConfigKeys (ConfUtils.java:logGet(44)) - raft.server.log.appender.buffer.byte-limit = 33554432 (custom)
2020-10-15 01:58:17,484 [a7c521c8-eaf2-40db-9c87-5299207baa36@group-60CB6515E51C-LeaderElection6] INFO  server.RaftServerConfigKeys (ConfUtils.java:logGet(44)) - raft.server.log.appender.buffer.element-limit = 1 (custom)
2020-10-15 01:58:17,484 [a7c521c8-eaf2-40db-9c87-5299207baa36@group-60CB6515E51C-LeaderElection6] INFO  grpc.GrpcConfigKeys (ConfUtils.java:logGet(44)) - raft.grpc.server.leader.outstanding.appends.max = 128 (default)
2020-10-15 01:58:17,484 [a7c521c8-eaf2-40db-9c87-5299207baa36@group-60CB6515E51C-LeaderElection6] INFO  server.RaftServerConfigKeys (ConfUtils.java:logGet(44)) - raft.server.rpc.request.timeout = 60s (custom)
2020-10-15 01:58:17,485 [a7c521c8-eaf2-40db-9c87-5299207baa36@group-60CB6515E51C-LeaderElection6] INFO  server.RaftServerConfigKeys (ConfUtils.java:logGet(44)) - raft.server.log.appender.install.snapshot.enabled = false (custom)
2020-10-15 01:58:17,485 [a7c521c8-eaf2-40db-9c87-5299207baa36@group-60CB6515E51C-LeaderElection6] INFO  metrics.RatisMetrics (RatisMetrics.java:lambda$create$0(36)) - Creating Metrics Registry : ratis_grpc.log_appender.a7c521c8-eaf2-40db-9c87-5299207baa36@group-60CB6515E51C
2020-10-15 01:58:17,485 [a7c521c8-eaf2-40db-9c87-5299207baa36@group-60CB6515E51C-LeaderElection6] INFO  server.RaftServerConfigKeys (ConfUtils.java:logGet(44)) - raft.server.log.appender.snapshot.chunk.size.max = 16MB (=16777216) (default)
2020-10-15 01:58:17,485 [a7c521c8-eaf2-40db-9c87-5299207baa36@group-60CB6515E51C-LeaderElection6] INFO  server.RaftServerConfigKeys (ConfUtils.java:logGet(44)) - raft.server.log.appender.buffer.byte-limit = 33554432 (custom)
2020-10-15 01:58:17,485 [a7c521c8-eaf2-40db-9c87-5299207baa36@group-60CB6515E51C-LeaderElection6] INFO  server.RaftServerConfigKeys (ConfUtils.java:logGet(44)) - raft.server.log.appender.buffer.element-limit = 1 (custom)
2020-10-15 01:58:17,486 [a7c521c8-eaf2-40db-9c87-5299207baa36@group-60CB6515E51C-LeaderElection6] INFO  grpc.GrpcConfigKeys (ConfUtils.java:logGet(44)) - raft.grpc.server.leader.outstanding.appends.max = 128 (default)
2020-10-15 01:58:17,487 [EventQueue-PipelineReportForPipelineReportHandler] INFO  pipeline.PipelineStateManager (PipelineStateManager.java:openPipeline(131)) - Pipeline Pipeline[ Id: 8796061d-8606-4031-b654-60cb6515e51c, Nodes: a7c521c8-eaf2-40db-9c87-5299207baa36{ip: 172.17.0.2, host: a778b8114e86, networkLocation: /default-rack, certSerialId: null}c5e645a5-945b-4d0f-8bf9-d2f53ff82cc9{ip: 172.17.0.2, host: a778b8114e86, networkLocation: /default-rack, certSerialId: null}3614fa51-5170-4dd9-b705-f57b34412c98{ip: 172.17.0.2, host: a778b8114e86, networkLocation: /default-rack, certSerialId: null}, Type:RATIS, Factor:THREE, State:ALLOCATED, leaderId:a7c521c8-eaf2-40db-9c87-5299207baa36, CreationTimestamp2020-10-15T01:58:10.117Z] moved to OPEN state
2020-10-15 01:58:17,493 [EventQueue-OpenPipelineForOneReplicaPipelineSafeModeRule] INFO  safemode.SCMSafeModeManager (SCMSafeModeManager.java:validateSafeModeExitRules(214)) - AtleastOneDatanodeReportedRule rule is successfully validated
2020-10-15 01:58:17,494 [EventQueue-OpenPipelineForHealthyPipelineSafeModeRule] INFO  safemode.SCMSafeModeManager (HealthyPipelineSafeModeRule.java:process(129)) - SCM in safe mode. Healthy pipelines reported count is 1, required healthy pipeline reported count is 1
2020-10-15 01:58:17,494 [EventQueue-OpenPipelineForHealthyPipelineSafeModeRule] INFO  safemode.SCMSafeModeManager (SCMSafeModeManager.java:validateSafeModeExitRules(214)) - HealthyPipelineSafeModeRule rule is successfully validated
2020-10-15 01:58:17,494 [EventQueue-OpenPipelineForHealthyPipelineSafeModeRule] INFO  safemode.SCMSafeModeManager (SCMSafeModeManager.java:validateSafeModeExitRules(228)) - ScmSafeModeManager, all rules are successfully validated
2020-10-15 01:58:17,494 [EventQueue-OpenPipelineForHealthyPipelineSafeModeRule] INFO  safemode.SCMSafeModeManager (SCMSafeModeManager.java:exitSafeMode(257)) - SCM exiting safe mode.
2020-10-15 01:58:17,494 [a7c521c8-eaf2-40db-9c87-5299207baa36@group-60CB6515E51C-LeaderElection6] INFO  server.RaftServerConfigKeys (ConfUtils.java:logGet(44)) - raft.server.rpc.request.timeout = 60s (custom)
2020-10-15 01:58:17,494 [a7c521c8-eaf2-40db-9c87-5299207baa36@group-60CB6515E51C-LeaderElection6] INFO  server.RaftServerConfigKeys (ConfUtils.java:logGet(44)) - raft.server.log.appender.install.snapshot.enabled = false (custom)
2020-10-15 01:58:17,495 [a7c521c8-eaf2-40db-9c87-5299207baa36@group-60CB6515E51C-LeaderElection6] INFO  impl.RoleInfo (RoleInfo.java:updateAndGet(143)) - a7c521c8-eaf2-40db-9c87-5299207baa36: start LeaderState
2020-10-15 01:58:17,496 [a7c521c8-eaf2-40db-9c87-5299207baa36@group-60CB6515E51C-LeaderElection6] INFO  segmented.SegmentedRaftLogWorker (SegmentedRaftLogWorker.java:startLogSegment(397)) - a7c521c8-eaf2-40db-9c87-5299207baa36@group-60CB6515E51C-SegmentedRaftLogWorker: Starting segment from index:0
2020-10-15 01:58:17,498 [a7c521c8-eaf2-40db-9c87-5299207baa36@group-60CB6515E51C-SegmentedRaftLogWorker] INFO  segmented.SegmentedRaftLogWorker (SegmentedRaftLogWorker.java:execute(596)) - a7c521c8-eaf2-40db-9c87-5299207baa36@group-60CB6515E51C-SegmentedRaftLogWorker: created new log segment /github/workspace/mnt/ozone/hadoop-ozone/integration-test/target/test-dir/MiniOzoneClusterImpl-58e8adfc-9d81-40cd-9dee-7bd6cd075720/datanode-0/data/ratis/8796061d-8606-4031-b654-60cb6515e51c/current/log_inprogress_0
2020-10-15 01:58:17,501 [a7c521c8-eaf2-40db-9c87-5299207baa36@group-60CB6515E51C-LeaderElection6] INFO  impl.RaftServerImpl (ServerState.java:setRaftConf(374)) - a7c521c8-eaf2-40db-9c87-5299207baa36@group-60CB6515E51C: set configuration 0: [c5e645a5-945b-4d0f-8bf9-d2f53ff82cc9:172.17.0.2:43759:0, a7c521c8-eaf2-40db-9c87-5299207baa36:172.17.0.2:45115:0, 3614fa51-5170-4dd9-b705-f57b34412c98:172.17.0.2:33253:0], old=null at 0
2020-10-15 01:58:17,508 [grpc-default-executor-3] INFO  ratis.XceiverServerRatis (XceiverServerRatis.java:handleLeaderChangedNotification(822)) - Leader change notification received for group: group-60CB6515E51C with new leaderId: a7c521c8-eaf2-40db-9c87-5299207baa36
2020-10-15 01:58:17,508 [grpc-default-executor-3] INFO  impl.RaftServerImpl (ServerState.java:setLeader(256)) - 3614fa51-5170-4dd9-b705-f57b34412c98@group-60CB6515E51C: change Leader from null to a7c521c8-eaf2-40db-9c87-5299207baa36 at term 1 for appendEntries, leader elected after 5057ms
2020-10-15 01:58:17,513 [grpc-default-executor-1] INFO  impl.RaftServerImpl (ServerState.java:setRaftConf(374)) - 3614fa51-5170-4dd9-b705-f57b34412c98@group-60CB6515E51C: set configuration 0: [c5e645a5-945b-4d0f-8bf9-d2f53ff82cc9:172.17.0.2:43759:0, a7c521c8-eaf2-40db-9c87-5299207baa36:172.17.0.2:45115:0, 3614fa51-5170-4dd9-b705-f57b34412c98:172.17.0.2:33253:0], old=null at 0
2020-10-15 01:58:17,513 [grpc-default-executor-1] INFO  segmented.SegmentedRaftLogWorker (SegmentedRaftLogWorker.java:startLogSegment(397)) - 3614fa51-5170-4dd9-b705-f57b34412c98@group-60CB6515E51C-SegmentedRaftLogWorker: Starting segment from index:0
2020-10-15 01:58:17,515 [3614fa51-5170-4dd9-b705-f57b34412c98@group-60CB6515E51C-SegmentedRaftLogWorker] INFO  segmented.SegmentedRaftLogWorker (SegmentedRaftLogWorker.java:execute(596)) - 3614fa51-5170-4dd9-b705-f57b34412c98@group-60CB6515E51C-SegmentedRaftLogWorker: created new log segment /github/workspace/mnt/ozone/hadoop-ozone/integration-test/target/test-dir/MiniOzoneClusterImpl-58e8adfc-9d81-40cd-9dee-7bd6cd075720/datanode-2/data/ratis/8796061d-8606-4031-b654-60cb6515e51c/current/log_inprogress_0
2020-10-15 01:58:17,515 [grpc-default-executor-3] INFO  ratis.XceiverServerRatis (XceiverServerRatis.java:handleLeaderChangedNotification(822)) - Leader change notification received for group: group-60CB6515E51C with new leaderId: a7c521c8-eaf2-40db-9c87-5299207baa36
2020-10-15 01:58:17,515 [grpc-default-executor-3] INFO  impl.RaftServerImpl (ServerState.java:setLeader(256)) - c5e645a5-945b-4d0f-8bf9-d2f53ff82cc9@group-60CB6515E51C: change Leader from null to a7c521c8-eaf2-40db-9c87-5299207baa36 at term 1 for appendEntries, leader elected after 5133ms
2020-10-15 01:58:17,516 [grpc-default-executor-3] INFO  impl.RaftServerImpl (ServerState.java:setRaftConf(374)) - c5e645a5-945b-4d0f-8bf9-d2f53ff82cc9@group-60CB6515E51C: set configuration 0: [c5e645a5-945b-4d0f-8bf9-d2f53ff82cc9:172.17.0.2:43759:0, a7c521c8-eaf2-40db-9c87-5299207baa36:172.17.0.2:45115:0, 3614fa51-5170-4dd9-b705-f57b34412c98:172.17.0.2:33253:0], old=null at 0
2020-10-15 01:58:17,516 [grpc-default-executor-3] INFO  segmented.SegmentedRaftLogWorker (SegmentedRaftLogWorker.java:startLogSegment(397)) - c5e645a5-945b-4d0f-8bf9-d2f53ff82cc9@group-60CB6515E51C-SegmentedRaftLogWorker: Starting segment from index:0
2020-10-15 01:58:17,517 [c5e645a5-945b-4d0f-8bf9-d2f53ff82cc9@group-60CB6515E51C-SegmentedRaftLogWorker] INFO  segmented.SegmentedRaftLogWorker (SegmentedRaftLogWorker.java:execute(596)) - c5e645a5-945b-4d0f-8bf9-d2f53ff82cc9@group-60CB6515E51C-SegmentedRaftLogWorker: created new log segment /github/workspace/mnt/ozone/hadoop-ozone/integration-test/target/test-dir/MiniOzoneClusterImpl-58e8adfc-9d81-40cd-9dee-7bd6cd075720/datanode-1/data/ratis/8796061d-8606-4031-b654-60cb6515e51c/current/log_inprogress_0
2020-10-15 01:58:17,894 [Thread-314] INFO  impl.FollowerState (FollowerState.java:run(108)) - c5e645a5-945b-4d0f-8bf9-d2f53ff82cc9@group-75D665230760-FollowerState: change to CANDIDATE, lastRpcTime:5076ms, electionTimeout:5073ms
2020-10-15 01:58:17,895 [Thread-314] INFO  impl.RoleInfo (RoleInfo.java:shutdownFollowerState(121)) - c5e645a5-945b-4d0f-8bf9-d2f53ff82cc9: shutdown FollowerState
2020-10-15 01:58:17,895 [Thread-314] INFO  impl.RaftServerImpl (RaftServerImpl.java:setRole(198)) - c5e645a5-945b-4d0f-8bf9-d2f53ff82cc9@group-75D665230760: changes role from  FOLLOWER to CANDIDATE at term 0 for changeToCandidate
2020-10-15 01:58:17,895 [Thread-314] INFO  impl.RoleInfo (RoleInfo.java:updateAndGet(143)) - c5e645a5-945b-4d0f-8bf9-d2f53ff82cc9: start LeaderElection
2020-10-15 01:58:17,897 [c5e645a5-945b-4d0f-8bf9-d2f53ff82cc9@group-75D665230760-LeaderElection7] INFO  impl.LeaderElection (LeaderElection.java:askForVotes(210)) - c5e645a5-945b-4d0f-8bf9-d2f53ff82cc9@group-75D665230760-LeaderElection7: begin an election at term 1 for -1: [c5e645a5-945b-4d0f-8bf9-d2f53ff82cc9:172.17.0.2:43759:0], old=null
2020-10-15 01:58:17,898 [c5e645a5-945b-4d0f-8bf9-d2f53ff82cc9@group-75D665230760-LeaderElection7] INFO  impl.RoleInfo (RoleInfo.java:shutdownLeaderElection(134)) - c5e645a5-945b-4d0f-8bf9-d2f53ff82cc9: shutdown LeaderElection
2020-10-15 01:58:17,898 [c5e645a5-945b-4d0f-8bf9-d2f53ff82cc9@group-75D665230760-LeaderElection7] INFO  impl.RaftServerImpl (RaftServerImpl.java:setRole(198)) - c5e645a5-945b-4d0f-8bf9-d2f53ff82cc9@group-75D665230760: changes role from CANDIDATE to LEADER at term 1 for changeToLeader
2020-10-15 01:58:17,898 [c5e645a5-945b-4d0f-8bf9-d2f53ff82cc9@group-75D665230760-LeaderElection7] INFO  ratis.XceiverServerRatis (XceiverServerRatis.java:handleLeaderChangedNotification(822)) - Leader change notification received for group: group-75D665230760 with new leaderId: c5e645a5-945b-4d0f-8bf9-d2f53ff82cc9
2020-10-15 01:58:17,898 [c5e645a5-945b-4d0f-8bf9-d2f53ff82cc9@group-75D665230760-LeaderElection7] INFO  impl.RaftServerImpl (ServerState.java:setLeader(256)) - c5e645a5-945b-4d0f-8bf9-d2f53ff82cc9@group-75D665230760: change Leader from null to c5e645a5-945b-4d0f-8bf9-d2f53ff82cc9 at term 1 for becomeLeader, leader elected after 5087ms
2020-10-15 01:58:17,898 [c5e645a5-945b-4d0f-8bf9-d2f53ff82cc9@group-75D665230760-LeaderElection7] INFO  server.RaftServerConfigKeys (ConfUtils.java:logGet(44)) - raft.server.staging.catchup.gap = 1000 (default)
2020-10-15 01:58:17,898 [c5e645a5-945b-4d0f-8bf9-d2f53ff82cc9@group-75D665230760-LeaderElection7] INFO  server.RaftServerConfigKeys (ConfUtils.java:logGet(44)) - raft.server.rpc.sleep.time = 25ms (default)
2020-10-15 01:58:17,898 [c5e645a5-945b-4d0f-8bf9-d2f53ff82cc9@group-75D665230760-LeaderElection7] INFO  metrics.RatisMetrics (RatisMetrics.java:lambda$create$0(36)) - Creating Metrics Registry : ratis.log_appender.c5e645a5-945b-4d0f-8bf9-d2f53ff82cc9@group-75D665230760
2020-10-15 01:58:17,898 [c5e645a5-945b-4d0f-8bf9-d2f53ff82cc9@group-75D665230760-LeaderElection7] INFO  server.RaftServerConfigKeys (ConfUtils.java:logGet(44)) - raft.server.write.element-limit = 1024 (custom)
2020-10-15 01:58:17,898 [c5e645a5-945b-4d0f-8bf9-d2f53ff82cc9@group-75D665230760-LeaderElection7] INFO  server.RaftServerConfigKeys (ConfUtils.java:logGet(44)) - raft.server.write.byte-limit = 1073741824 (custom)
2020-10-15 01:58:17,899 [c5e645a5-945b-4d0f-8bf9-d2f53ff82cc9@group-75D665230760-LeaderElection7] INFO  server.RaftServerConfigKeys (ConfUtils.java:logGet(44)) - raft.server.watch.timeout = 180s (custom)
2020-10-15 01:58:17,899 [c5e645a5-945b-4d0f-8bf9-d2f53ff82cc9@group-75D665230760-LeaderElection7] INFO  server.RaftServerConfigKeys (ConfUtils.java:logGet(44)) - raft.server.watch.timeout.denomination = 1s (default)
2020-10-15 01:58:17,899 [c5e645a5-945b-4d0f-8bf9-d2f53ff82cc9@group-75D665230760-LeaderElection7] INFO  server.RaftServerConfigKeys (ConfUtils.java:logGet(44)) - raft.server.watch.element-limit = 65536 (default)
2020-10-15 01:58:17,899 [c5e645a5-945b-4d0f-8bf9-d2f53ff82cc9@group-75D665230760-LeaderElection7] INFO  impl.RoleInfo (RoleInfo.java:updateAndGet(143)) - c5e645a5-945b-4d0f-8bf9-d2f53ff82cc9: start LeaderState
2020-10-15 01:58:17,899 [c5e645a5-945b-4d0f-8bf9-d2f53ff82cc9@group-75D665230760-LeaderElection7] INFO  segmented.SegmentedRaftLogWorker (SegmentedRaftLogWorker.java:startLogSegment(397)) - c5e645a5-945b-4d0f-8bf9-d2f53ff82cc9@group-75D665230760-SegmentedRaftLogWorker: Starting segment from index:0
2020-10-15 01:58:17,901 [c5e645a5-945b-4d0f-8bf9-d2f53ff82cc9@group-75D665230760-SegmentedRaftLogWorker] INFO  segmented.SegmentedRaftLogWorker (SegmentedRaftLogWorker.java:execute(596)) - c5e645a5-945b-4d0f-8bf9-d2f53ff82cc9@group-75D665230760-SegmentedRaftLogWorker: created new log segment /github/workspace/mnt/ozone/hadoop-ozone/integration-test/target/test-dir/MiniOzoneClusterImpl-58e8adfc-9d81-40cd-9dee-7bd6cd075720/datanode-1/data/ratis/78002bc4-eaad-4dd7-b844-75d665230760/current/log_inprogress_0
2020-10-15 01:58:17,906 [c5e645a5-945b-4d0f-8bf9-d2f53ff82cc9@group-75D665230760-LeaderElection7] INFO  impl.RaftServerImpl (ServerState.java:setRaftConf(374)) - c5e645a5-945b-4d0f-8bf9-d2f53ff82cc9@group-75D665230760: set configuration 0: [c5e645a5-945b-4d0f-8bf9-d2f53ff82cc9:172.17.0.2:43759:0], old=null at 0
2020-10-15 01:58:18,107 [Listener at 127.0.0.1/10676] INFO  ozone.MiniOzoneClusterImpl (MiniOzoneClusterImpl.java:lambda$waitForClusterToBeReady$0(177)) - Nodes are ready. Got 3 of 3 DN Heartbeats.
2020-10-15 01:58:18,108 [Listener at 127.0.0.1/10676] INFO  ozone.MiniOzoneClusterImpl (MiniOzoneClusterImpl.java:lambda$waitForClusterToBeReady$0(180)) - Cluster exits safe mode
2020-10-15 01:58:18,315 [Thread-318] INFO  impl.FollowerState (FollowerState.java:run(108)) - 3614fa51-5170-4dd9-b705-f57b34412c98@group-EF60F5D3D20E-FollowerState: change to CANDIDATE, lastRpcTime:5188ms, electionTimeout:5181ms
2020-10-15 01:58:18,315 [Thread-318] INFO  impl.RoleInfo (RoleInfo.java:shutdownFollowerState(121)) - 3614fa51-5170-4dd9-b705-f57b34412c98: shutdown FollowerState
2020-10-15 01:58:18,315 [Thread-318] INFO  impl.RaftServerImpl (RaftServerImpl.java:setRole(198)) - 3614fa51-5170-4dd9-b705-f57b34412c98@group-EF60F5D3D20E: changes role from  FOLLOWER to CANDIDATE at term 0 for changeToCandidate
2020-10-15 01:58:18,315 [Thread-318] INFO  impl.RoleInfo (RoleInfo.java:updateAndGet(143)) - 3614fa51-5170-4dd9-b705-f57b34412c98: start LeaderElection
2020-10-15 01:58:18,324 [3614fa51-5170-4dd9-b705-f57b34412c98@group-EF60F5D3D20E-LeaderElection8] INFO  impl.LeaderElection (LeaderElection.java:askForVotes(210)) - 3614fa51-5170-4dd9-b705-f57b34412c98@group-EF60F5D3D20E-LeaderElection8: begin an election at term 1 for -1: [3614fa51-5170-4dd9-b705-f57b34412c98:172.17.0.2:33253:0], old=null
2020-10-15 01:58:18,324 [3614fa51-5170-4dd9-b705-f57b34412c98@group-EF60F5D3D20E-LeaderElection8] INFO  impl.RoleInfo (RoleInfo.java:shutdownLeaderElection(134)) - 3614fa51-5170-4dd9-b705-f57b34412c98: shutdown LeaderElection
2020-10-15 01:58:18,325 [3614fa51-5170-4dd9-b705-f57b34412c98@group-EF60F5D3D20E-LeaderElection8] INFO  impl.RaftServerImpl (RaftServerImpl.java:setRole(198)) - 3614fa51-5170-4dd9-b705-f57b34412c98@group-EF60F5D3D20E: changes role from CANDIDATE to LEADER at term 1 for changeToLeader
2020-10-15 01:58:18,325 [3614fa51-5170-4dd9-b705-f57b34412c98@group-EF60F5D3D20E-LeaderElection8] INFO  ratis.XceiverServerRatis (XceiverServerRatis.java:handleLeaderChangedNotification(822)) - Leader change notification received for group: group-EF60F5D3D20E with new leaderId: 3614fa51-5170-4dd9-b705-f57b34412c98
2020-10-15 01:58:18,325 [3614fa51-5170-4dd9-b705-f57b34412c98@group-EF60F5D3D20E-LeaderElection8] INFO  impl.RaftServerImpl (ServerState.java:setLeader(256)) - 3614fa51-5170-4dd9-b705-f57b34412c98@group-EF60F5D3D20E: change Leader from null to 3614fa51-5170-4dd9-b705-f57b34412c98 at term 1 for becomeLeader, leader elected after 5207ms
2020-10-15 01:58:18,334 [3614fa51-5170-4dd9-b705-f57b34412c98@group-EF60F5D3D20E-LeaderElection8] INFO  server.RaftServerConfigKeys (ConfUtils.java:logGet(44)) - raft.server.staging.catchup.gap = 1000 (default)
2020-10-15 01:58:18,334 [3614fa51-5170-4dd9-b705-f57b34412c98@group-EF60F5D3D20E-LeaderElection8] INFO  server.RaftServerConfigKeys (ConfUtils.java:logGet(44)) - raft.server.rpc.sleep.time = 25ms (default)
2020-10-15 01:58:18,334 [3614fa51-5170-4dd9-b705-f57b34412c98@group-EF60F5D3D20E-LeaderElection8] INFO  metrics.RatisMetrics (RatisMetrics.java:lambda$create$0(36)) - Creating Metrics Registry : ratis.log_appender.3614fa51-5170-4dd9-b705-f57b34412c98@group-EF60F5D3D20E
2020-10-15 01:58:18,334 [3614fa51-5170-4dd9-b705-f57b34412c98@group-EF60F5D3D20E-LeaderElection8] INFO  server.RaftServerConfigKeys (ConfUtils.java:logGet(44)) - raft.server.write.element-limit = 1024 (custom)
2020-10-15 01:58:18,334 [3614fa51-5170-4dd9-b705-f57b34412c98@group-EF60F5D3D20E-LeaderElection8] INFO  server.RaftServerConfigKeys (ConfUtils.java:logGet(44)) - raft.server.write.byte-limit = 1073741824 (custom)
2020-10-15 01:58:18,334 [3614fa51-5170-4dd9-b705-f57b34412c98@group-EF60F5D3D20E-LeaderElection8] INFO  server.RaftServerConfigKeys (ConfUtils.java:logGet(44)) - raft.server.watch.timeout = 180s (custom)
2020-10-15 01:58:18,334 [3614fa51-5170-4dd9-b705-f57b34412c98@group-EF60F5D3D20E-LeaderElection8] INFO  server.RaftServerConfigKeys (ConfUtils.java:logGet(44)) - raft.server.watch.timeout.denomination = 1s (default)
2020-10-15 01:58:18,335 [3614fa51-5170-4dd9-b705-f57b34412c98@group-EF60F5D3D20E-LeaderElection8] INFO  server.RaftServerConfigKeys (ConfUtils.java:logGet(44)) - raft.server.watch.element-limit = 65536 (default)
2020-10-15 01:58:18,335 [3614fa51-5170-4dd9-b705-f57b34412c98@group-EF60F5D3D20E-LeaderElection8] INFO  impl.RoleInfo (RoleInfo.java:updateAndGet(143)) - 3614fa51-5170-4dd9-b705-f57b34412c98: start LeaderState
2020-10-15 01:58:18,335 [3614fa51-5170-4dd9-b705-f57b34412c98@group-EF60F5D3D20E-LeaderElection8] INFO  segmented.SegmentedRaftLogWorker (SegmentedRaftLogWorker.java:startLogSegment(397)) - 3614fa51-5170-4dd9-b705-f57b34412c98@group-EF60F5D3D20E-SegmentedRaftLogWorker: Starting segment from index:0
2020-10-15 01:58:18,336 [3614fa51-5170-4dd9-b705-f57b34412c98@group-EF60F5D3D20E-SegmentedRaftLogWorker] INFO  segmented.SegmentedRaftLogWorker (SegmentedRaftLogWorker.java:execute(596)) - 3614fa51-5170-4dd9-b705-f57b34412c98@group-EF60F5D3D20E-SegmentedRaftLogWorker: created new log segment /github/workspace/mnt/ozone/hadoop-ozone/integration-test/target/test-dir/MiniOzoneClusterImpl-58e8adfc-9d81-40cd-9dee-7bd6cd075720/datanode-2/data/ratis/db757287-4c7f-49c0-9106-ef60f5d3d20e/current/log_inprogress_0
2020-10-15 01:58:18,339 [3614fa51-5170-4dd9-b705-f57b34412c98@group-EF60F5D3D20E-LeaderElection8] INFO  impl.RaftServerImpl (ServerState.java:setRaftConf(374)) - 3614fa51-5170-4dd9-b705-f57b34412c98@group-EF60F5D3D20E: set configuration 0: [3614fa51-5170-4dd9-b705-f57b34412c98:172.17.0.2:33253:0], old=null at 0
2020-10-15 01:58:18,442 [IPC Server handler 0 on default port 10664] INFO  ipc.Server (Server.java:logException(2976)) - IPC Server handler 0 on default port 10664, call Call#38 Retry#0 org.apache.hadoop.ozone.om.protocol.OzoneManagerProtocol.submitRequest from 127.0.0.1:34382
org.apache.hadoop.ozone.om.exceptions.OMNotLeaderException: OM:omNode-1 is not the leader. Suggested leader is OM:omNode-3.
	at org.apache.hadoop.ozone.protocolPB.OzoneManagerProtocolServerSideTranslatorPB.createNotLeaderException(OzoneManagerProtocolServerSideTranslatorPB.java:198)
	at org.apache.hadoop.ozone.protocolPB.OzoneManagerProtocolServerSideTranslatorPB.submitReadRequestToOM(OzoneManagerProtocolServerSideTranslatorPB.java:186)
	at org.apache.hadoop.ozone.protocolPB.OzoneManagerProtocolServerSideTranslatorPB.processRequest(OzoneManagerProtocolServerSideTranslatorPB.java:123)
	at org.apache.hadoop.hdds.server.OzoneProtocolMessageDispatcher.processRequest(OzoneProtocolMessageDispatcher.java:87)
	at org.apache.hadoop.ozone.protocolPB.OzoneManagerProtocolServerSideTranslatorPB.submitRequest(OzoneManagerProtocolServerSideTranslatorPB.java:113)
	at org.apache.hadoop.ozone.protocol.proto.OzoneManagerProtocolProtos$OzoneManagerService$2.callBlockingMethod(OzoneManagerProtocolProtos.java)
	at org.apache.hadoop.ipc.ProtobufRpcEngine$Server$ProtoBufRpcInvoker.call(ProtobufRpcEngine.java:528)
	at org.apache.hadoop.ipc.RPC$Server.call(RPC.java:1070)
	at org.apache.hadoop.ipc.Server$RpcCall.run(Server.java:999)
	at org.apache.hadoop.ipc.Server$RpcCall.run(Server.java:927)
	at java.security.AccessController.doPrivileged(Native Method)
	at javax.security.auth.Subject.doAs(Subject.java:422)
	at org.apache.hadoop.security.UserGroupInformation.doAs(UserGroupInformation.java:1730)
	at org.apache.hadoop.ipc.Server$Handler.run(Server.java:2915)
2020-10-15 01:58:18,462 [IPC Server handler 7 on default port 10670] INFO  ipc.Server (Server.java:logException(2976)) - IPC Server handler 7 on default port 10670, call Call#38 Retry#1 org.apache.hadoop.ozone.om.protocol.OzoneManagerProtocol.submitRequest from 127.0.0.1:37230
org.apache.hadoop.ozone.om.exceptions.OMNotLeaderException: OM:omNode-2 is not the leader. Suggested leader is OM:omNode-3.
	at org.apache.hadoop.ozone.protocolPB.OzoneManagerProtocolServerSideTranslatorPB.createNotLeaderException(OzoneManagerProtocolServerSideTranslatorPB.java:198)
	at org.apache.hadoop.ozone.protocolPB.OzoneManagerProtocolServerSideTranslatorPB.submitReadRequestToOM(OzoneManagerProtocolServerSideTranslatorPB.java:186)
	at org.apache.hadoop.ozone.protocolPB.OzoneManagerProtocolServerSideTranslatorPB.processRequest(OzoneManagerProtocolServerSideTranslatorPB.java:123)
	at org.apache.hadoop.hdds.server.OzoneProtocolMessageDispatcher.processRequest(OzoneProtocolMessageDispatcher.java:87)
	at org.apache.hadoop.ozone.protocolPB.OzoneManagerProtocolServerSideTranslatorPB.submitRequest(OzoneManagerProtocolServerSideTranslatorPB.java:113)
	at org.apache.hadoop.ozone.protocol.proto.OzoneManagerProtocolProtos$OzoneManagerService$2.callBlockingMethod(OzoneManagerProtocolProtos.java)
	at org.apache.hadoop.ipc.ProtobufRpcEngine$Server$ProtoBufRpcInvoker.call(ProtobufRpcEngine.java:528)
	at org.apache.hadoop.ipc.RPC$Server.call(RPC.java:1070)
	at org.apache.hadoop.ipc.Server$RpcCall.run(Server.java:999)
	at org.apache.hadoop.ipc.Server$RpcCall.run(Server.java:927)
	at java.security.AccessController.doPrivileged(Native Method)
	at javax.security.auth.Subject.doAs(Subject.java:422)
	at org.apache.hadoop.security.UserGroupInformation.doAs(UserGroupInformation.java:1730)
	at org.apache.hadoop.ipc.Server$Handler.run(Server.java:2915)
2020-10-15 01:58:18,463 [Listener at 127.0.0.1/10676] INFO  retry.RetryInvocationHandler (RetryInvocationHandler.java:log(411)) - com.google.protobuf.ServiceException: org.apache.hadoop.ipc.RemoteException(org.apache.hadoop.ozone.om.exceptions.OMNotLeaderException): OM:omNode-2 is not the leader. Suggested leader is OM:omNode-3.
	at org.apache.hadoop.ozone.protocolPB.OzoneManagerProtocolServerSideTranslatorPB.createNotLeaderException(OzoneManagerProtocolServerSideTranslatorPB.java:198)
	at org.apache.hadoop.ozone.protocolPB.OzoneManagerProtocolServerSideTranslatorPB.submitReadRequestToOM(OzoneManagerProtocolServerSideTranslatorPB.java:186)
	at org.apache.hadoop.ozone.protocolPB.OzoneManagerProtocolServerSideTranslatorPB.processRequest(OzoneManagerProtocolServerSideTranslatorPB.java:123)
	at org.apache.hadoop.hdds.server.OzoneProtocolMessageDispatcher.processRequest(OzoneProtocolMessageDispatcher.java:87)
	at org.apache.hadoop.ozone.protocolPB.OzoneManagerProtocolServerSideTranslatorPB.submitRequest(OzoneManagerProtocolServerSideTranslatorPB.java:113)
	at org.apache.hadoop.ozone.protocol.proto.OzoneManagerProtocolProtos$OzoneManagerService$2.callBlockingMethod(OzoneManagerProtocolProtos.java)
	at org.apache.hadoop.ipc.ProtobufRpcEngine$Server$ProtoBufRpcInvoker.call(ProtobufRpcEngine.java:528)
	at org.apache.hadoop.ipc.RPC$Server.call(RPC.java:1070)
	at org.apache.hadoop.ipc.Server$RpcCall.run(Server.java:999)
	at org.apache.hadoop.ipc.Server$RpcCall.run(Server.java:927)
	at java.security.AccessController.doPrivileged(Native Method)
	at javax.security.auth.Subject.doAs(Subject.java:422)
	at org.apache.hadoop.security.UserGroupInformation.doAs(UserGroupInformation.java:1730)
	at org.apache.hadoop.ipc.Server$Handler.run(Server.java:2915)
, while invoking $Proxy39.submitRequest over {omNode-3=nodeId=omNode-3,nodeAddress=127.0.0.1:10676, omNode-1=nodeId=omNode-1,nodeAddress=127.0.0.1:10664, omNode-2=nodeId=omNode-2,nodeAddress=127.0.0.1:10670} after 1 failover attempts. Trying to failover immediately.
2020-10-15 01:58:18,649 [Listener at 127.0.0.1/10676] INFO  rpc.RpcClient (RpcClient.java:createVolume(321)) - Creating Volume: 2f7ede3d-6866-40c7-9ba6-a5377c1901dd, with jenkins1001 as owner.
2020-10-15 01:58:18,780 [OM StateMachine ApplyTransaction Thread - 0] INFO  volume.OMVolumeCreateRequest (OMVolumeCreateRequest.java:validateAndUpdateCache(196)) - created volume:2f7ede3d-6866-40c7-9ba6-a5377c1901dd for user:jenkins1001
2020-10-15 01:58:18,781 [OM StateMachine ApplyTransaction Thread - 0] INFO  volume.OMVolumeCreateRequest (OMVolumeCreateRequest.java:validateAndUpdateCache(196)) - created volume:2f7ede3d-6866-40c7-9ba6-a5377c1901dd for user:jenkins1001
2020-10-15 01:58:18,781 [OM StateMachine ApplyTransaction Thread - 0] INFO  volume.OMVolumeCreateRequest (OMVolumeCreateRequest.java:validateAndUpdateCache(196)) - created volume:2f7ede3d-6866-40c7-9ba6-a5377c1901dd for user:jenkins1001
2020-10-15 01:58:18,802 [OM StateMachine ApplyTransaction Thread - 0] INFO  volume.OMVolumeCreateRequest (OMVolumeCreateRequest.java:validateAndUpdateCache(196)) - created volume:7b31052a-c881-4683-8fbc-bfe4f1f4356c for user:jenkins1001
2020-10-15 01:58:18,802 [OM StateMachine ApplyTransaction Thread - 0] INFO  volume.OMVolumeCreateRequest (OMVolumeCreateRequest.java:validateAndUpdateCache(196)) - created volume:7b31052a-c881-4683-8fbc-bfe4f1f4356c for user:jenkins1001
2020-10-15 01:58:18,812 [OM StateMachine ApplyTransaction Thread - 0] INFO  volume.OMVolumeCreateRequest (OMVolumeCreateRequest.java:validateAndUpdateCache(196)) - created volume:7b31052a-c881-4683-8fbc-bfe4f1f4356c for user:jenkins1001
2020-10-15 01:58:18,812 [Listener at 127.0.0.1/10676] INFO  ozone.MiniOzoneClusterImpl (MiniOzoneClusterImpl.java:shutdown(387)) - Shutting down the Mini Ozone Cluster
2020-10-15 01:58:18,813 [Listener at 127.0.0.1/10676] INFO  ozone.MiniOzoneHAClusterImpl (MiniOzoneHAClusterImpl.java:stop(230)) - Stopping the OzoneManager omNode-3
2020-10-15 01:58:18,813 [Listener at 127.0.0.1/10676] INFO  ipc.Server (Server.java:stop(3359)) - Stopping server on 10676
2020-10-15 01:58:18,817 [IPC Server Responder] INFO  ipc.Server (Server.java:run(1465)) - Stopping IPC Server Responder
2020-10-15 01:58:18,817 [IPC Server listener on 10676] INFO  ipc.Server (Server.java:run(1330)) - Stopping IPC Server listener on 10676
2020-10-15 01:58:18,818 [Listener at 127.0.0.1/10676] INFO  impl.RaftServerProxy (RaftServerProxy.java:lambda$close$4(322)) - omNode-3: close
2020-10-15 01:58:18,819 [Listener at 127.0.0.1/10676] INFO  impl.RaftServerImpl (RaftServerImpl.java:lambda$shutdown$3(321)) - omNode-3@group-523986131536: shutdown
2020-10-15 01:58:18,819 [Listener at 127.0.0.1/10676] INFO  util.JmxRegister (JmxRegister.java:unregister(73)) - Successfully un-registered JMX Bean with object name Ratis:service=RaftServer,group=group-523986131536,id=omNode-3
2020-10-15 01:58:18,819 [Listener at 127.0.0.1/10676] INFO  impl.RoleInfo (RoleInfo.java:shutdownLeaderState(104)) - omNode-3: shutdown LeaderState
2020-10-15 01:58:18,819 [Listener at 127.0.0.1/10676] INFO  metrics.RatisMetrics (RatisMetrics.java:unregister(43)) - Unregistering Metrics Registry : ratis_grpc.log_appender.omNode-3@group-523986131536
2020-10-15 01:58:18,820 [Listener at 127.0.0.1/10676] INFO  metrics.RatisMetrics (RatisMetrics.java:unregister(43)) - Unregistering Metrics Registry : ratis_grpc.log_appender.omNode-3@group-523986131536
2020-10-15 01:58:18,820 [org.apache.ratis.server.impl.LogAppender$AppenderDaemon$$Lambda$361/1340100044@21c7f6d] WARN  server.GrpcLogAppender (GrpcLogAppender.java:mayWait(168)) - omNode-3@group-523986131536->omNode-1-GrpcLogAppender: Wait interrupted by java.lang.InterruptedException
2020-10-15 01:58:18,821 [Listener at 127.0.0.1/10676] INFO  impl.PendingRequests (PendingRequests.java:sendNotLeaderResponses(249)) - omNode-3@group-523986131536-PendingRequests: sendNotLeaderResponses
2020-10-15 01:58:18,823 [grpc-default-executor-1] INFO  server.GrpcServerProtocolService (GrpcServerProtocolService.java:onCompleted(138)) - omNode-1: Completed APPEND_ENTRIES, lastRequest: omNode-3->omNode-1#83-t2, previous=(t:2, i:3), leaderCommit=3, initializing? false, entries: size=1, first=(t:2, i:4), METADATAENTRY(c:3)
2020-10-15 01:58:18,821 [org.apache.ratis.server.impl.LogAppender$AppenderDaemon$$Lambda$361/1340100044@7ac152c2] WARN  server.GrpcLogAppender (GrpcLogAppender.java:mayWait(168)) - omNode-3@group-523986131536->omNode-2-GrpcLogAppender: Wait interrupted by java.lang.InterruptedException
2020-10-15 01:58:18,824 [grpc-default-executor-3] INFO  server.GrpcLogAppender (GrpcLogAppender.java:onCompleted(336)) - omNode-3@group-523986131536->omNode-1-AppendLogResponseHandler: follower responses appendEntries COMPLETED
2020-10-15 01:58:18,826 [grpc-default-executor-1] INFO  server.GrpcServerProtocolService (GrpcServerProtocolService.java:onCompleted(138)) - omNode-2: Completed APPEND_ENTRIES, lastRequest: omNode-3->omNode-2#85-t2, previous=(t:2, i:3), leaderCommit=3, initializing? false, entries: size=1, first=(t:2, i:4), METADATAENTRY(c:3)
2020-10-15 01:58:18,827 [grpc-default-executor-5] INFO  server.GrpcLogAppender (GrpcLogAppender.java:onCompleted(336)) - omNode-3@group-523986131536->omNode-2-AppendLogResponseHandler: follower responses appendEntries COMPLETED
2020-10-15 01:58:18,828 [grpc-default-executor-3] INFO  impl.FollowerInfo (FollowerInfo.java:lambda$new$0(51)) - omNode-3@group-523986131536->omNode-1: nextIndex: updateUnconditionally 5 -> 4
2020-10-15 01:58:18,828 [grpc-default-executor-5] INFO  impl.FollowerInfo (FollowerInfo.java:lambda$new$0(51)) - omNode-3@group-523986131536->omNode-2: nextIndex: updateUnconditionally 5 -> 4
2020-10-15 01:58:18,833 [Listener at 127.0.0.1/10676] INFO  metrics.RatisMetrics (RatisMetrics.java:unregister(43)) - Unregistering Metrics Registry : ratis.log_appender.omNode-3@group-523986131536
2020-10-15 01:58:18,834 [Listener at 127.0.0.1/10676] INFO  metrics.RatisMetrics (RatisMetrics.java:unregister(43)) - Unregistering Metrics Registry : ratis.server.omNode-3@group-523986131536
2020-10-15 01:58:18,834 [Listener at 127.0.0.1/10676] INFO  impl.StateMachineUpdater (StateMachineUpdater.java:stopAndJoin(142)) - omNode-3@group-523986131536-StateMachineUpdater: set stopIndex = 4
2020-10-15 01:58:18,834 [omNode-3@group-523986131536-StateMachineUpdater] INFO  ratis.OzoneManagerStateMachine (OzoneManagerStateMachine.java:takeSnapshot(345)) - Current Snapshot Index (t:2, i:4)
2020-10-15 01:58:18,835 [omNode-3@group-523986131536-StateMachineUpdater] INFO  impl.StateMachineUpdater (StateMachineUpdater.java:takeSnapshot(277)) - omNode-3@group-523986131536-StateMachineUpdater: Took a snapshot at index 4
2020-10-15 01:58:18,835 [omNode-3@group-523986131536-StateMachineUpdater] INFO  impl.StateMachineUpdater (StateMachineUpdater.java:lambda$new$0(87)) - omNode-3@group-523986131536-StateMachineUpdater: snapshotIndex: updateIncreasingly -1 -> 4
2020-10-15 01:58:18,836 [omNode-3@group-523986131536-StateMachineUpdater] INFO  metrics.RatisMetrics (RatisMetrics.java:unregister(43)) - Unregistering Metrics Registry : ratis.state_machine.omNode-3@group-523986131536
2020-10-15 01:58:18,836 [Listener at 127.0.0.1/10676] INFO  impl.RaftServerImpl (ServerState.java:close(405)) - omNode-3@group-523986131536: closes. applyIndex: 4
2020-10-15 01:58:18,838 [omNode-3@group-523986131536-SegmentedRaftLogWorker] INFO  segmented.SegmentedRaftLogWorker (SegmentedRaftLogWorker.java:run(327)) - omNode-3@group-523986131536-SegmentedRaftLogWorker was interrupted, exiting. There are 0 tasks remaining in the queue.
2020-10-15 01:58:18,839 [Listener at 127.0.0.1/10676] INFO  segmented.SegmentedRaftLogWorker (SegmentedRaftLogWorker.java:close(234)) - omNode-3@group-523986131536-SegmentedRaftLogWorker close()
2020-10-15 01:58:18,840 [Listener at 127.0.0.1/10676] INFO  metrics.RatisMetrics (RatisMetrics.java:unregister(43)) - Unregistering Metrics Registry : ratis.log_worker.omNode-3@group-523986131536
2020-10-15 01:58:18,840 [Listener at 127.0.0.1/10676] INFO  metrics.RatisMetrics (RatisMetrics.java:unregister(43)) - Unregistering Metrics Registry : ratis.leader_election.omNode-3@group-523986131536
2020-10-15 01:58:18,840 [Listener at 127.0.0.1/10676] INFO  metrics.RatisMetrics (RatisMetrics.java:unregister(43)) - Unregistering Metrics Registry : ratis.server.omNode-3@group-523986131536
2020-10-15 01:58:18,841 [Listener at 127.0.0.1/10676] INFO  server.GrpcService (GrpcService.java:closeImpl(183)) - omNode-3: shutdown server with port 10680 now
2020-10-15 01:58:18,861 [Listener at 127.0.0.1/10676] INFO  server.GrpcService (GrpcService.java:closeImpl(191)) - omNode-3: shutdown server with port 10680 successfully
2020-10-15 01:58:18,861 [Listener at 127.0.0.1/10676] INFO  ratis.OzoneManagerDoubleBuffer (OzoneManagerDoubleBuffer.java:stop(458)) - Stopping OMDoubleBuffer flush thread
2020-10-15 01:58:18,861 [OMDoubleBufferFlushThread] INFO  ratis.OzoneManagerDoubleBuffer (OzoneManagerDoubleBuffer.java:flushTransactions(357)) - OMDoubleBuffer flush thread OMDoubleBufferFlushThread is interrupted and will exit. OMDoubleBufferFlushThread
2020-10-15 01:58:18,862 [Listener at 127.0.0.1/10676] INFO  ratis.OzoneManagerStateMachine (HadoopExecutors.java:shutdown(118)) - Gracefully shutting down executor service. Waiting max 5 SECONDS
2020-10-15 01:58:18,862 [Listener at 127.0.0.1/10676] INFO  ratis.OzoneManagerStateMachine (HadoopExecutors.java:shutdown(129)) - Succesfully shutdown executor service
2020-10-15 01:58:18,862 [Listener at 127.0.0.1/10676] INFO  ratis.OzoneManagerStateMachine (HadoopExecutors.java:shutdown(118)) - Gracefully shutting down executor service. Waiting max 5 SECONDS
2020-10-15 01:58:18,862 [Listener at 127.0.0.1/10676] INFO  ratis.OzoneManagerStateMachine (HadoopExecutors.java:shutdown(129)) - Succesfully shutdown executor service
2020-10-15 01:58:18,862 [Listener at 127.0.0.1/10676] INFO  utils.BackgroundService (BackgroundService.java:shutdown(132)) - Shutting down service KeyDeletingService
2020-10-15 01:58:18,864 [Listener at 127.0.0.1/10676] INFO  handler.ContextHandler (ContextHandler.java:doStop(1016)) - Stopped o.e.j.w.WebAppContext@5dff20a0{ozoneManager,/,null,UNAVAILABLE}{file:/github/workspace/mnt/ozone/hadoop-ozone/integration-test/target/test-classes/webapps/ozoneManager}
2020-10-15 01:58:18,868 [Listener at 127.0.0.1/10676] INFO  server.AbstractConnector (AbstractConnector.java:doStop(380)) - Stopped ServerConnector@74749244{HTTP/1.1,[http/1.1]}{0.0.0.0:10678}
2020-10-15 01:58:18,868 [Listener at 127.0.0.1/10676] INFO  server.session (HouseKeeper.java:stopScavenging(158)) - node0 Stopped scavenging
2020-10-15 01:58:18,869 [Listener at 127.0.0.1/10676] INFO  handler.ContextHandler (ContextHandler.java:doStop(1016)) - Stopped o.e.j.s.ServletContextHandler@658bf49d{static,/static,file:///github/workspace/mnt/ozone/hadoop-ozone/integration-test/target/test-classes/webapps/static,UNAVAILABLE}
2020-10-15 01:58:18,869 [Listener at 127.0.0.1/10676] INFO  handler.ContextHandler (ContextHandler.java:doStop(1016)) - Stopped o.e.j.s.ServletContextHandler@797ef071{logs,/logs,file:///github/workspace/mnt/ozone/hadoop-ozone/integration-test/target/log,UNAVAILABLE}
2020-10-15 01:58:18,871 [Listener at 127.0.0.1/10676] INFO  ozone.MiniOzoneHAClusterImpl (MiniOzoneHAClusterImpl.java:stop(230)) - Stopping the OzoneManager omNode-1
2020-10-15 01:58:18,871 [Listener at 127.0.0.1/10676] INFO  ipc.Server (Server.java:stop(3359)) - Stopping server on 10664
2020-10-15 01:58:18,874 [IPC Server listener on 10664] INFO  ipc.Server (Server.java:run(1330)) - Stopping IPC Server listener on 10664
2020-10-15 01:58:18,876 [IPC Server Responder] INFO  ipc.Server (Server.java:run(1465)) - Stopping IPC Server Responder
2020-10-15 01:58:18,876 [Listener at 127.0.0.1/10676] INFO  impl.RaftServerProxy (RaftServerProxy.java:lambda$close$4(322)) - omNode-1: close
2020-10-15 01:58:18,877 [Listener at 127.0.0.1/10676] INFO  impl.RaftServerImpl (RaftServerImpl.java:lambda$shutdown$3(321)) - omNode-1@group-523986131536: shutdown
2020-10-15 01:58:18,877 [Listener at 127.0.0.1/10676] INFO  util.JmxRegister (JmxRegister.java:unregister(73)) - Successfully un-registered JMX Bean with object name Ratis:service=RaftServer,group=group-523986131536,id=omNode-1
2020-10-15 01:58:18,877 [Listener at 127.0.0.1/10676] INFO  impl.RoleInfo (RoleInfo.java:shutdownFollowerState(121)) - omNode-1: shutdown FollowerState
2020-10-15 01:58:18,877 [Thread-258] INFO  impl.FollowerState (FollowerState.java:run(117)) - omNode-1@group-523986131536-FollowerState was interrupted: java.lang.InterruptedException: sleep interrupted
2020-10-15 01:58:18,878 [omNode-1@group-523986131536-StateMachineUpdater] INFO  ratis.OzoneManagerStateMachine (OzoneManagerStateMachine.java:takeSnapshot(345)) - Current Snapshot Index (t:2, i:3)
2020-10-15 01:58:18,878 [omNode-1@group-523986131536-StateMachineUpdater] INFO  impl.StateMachineUpdater (StateMachineUpdater.java:takeSnapshot(277)) - omNode-1@group-523986131536-StateMachineUpdater: Took a snapshot at index 3
2020-10-15 01:58:18,878 [omNode-1@group-523986131536-StateMachineUpdater] INFO  impl.StateMachineUpdater (StateMachineUpdater.java:lambda$new$0(87)) - omNode-1@group-523986131536-StateMachineUpdater: snapshotIndex: updateIncreasingly -1 -> 3
2020-10-15 01:58:18,878 [omNode-1@group-523986131536-StateMachineUpdater] INFO  metrics.RatisMetrics (RatisMetrics.java:unregister(43)) - Unregistering Metrics Registry : ratis.state_machine.omNode-1@group-523986131536
2020-10-15 01:58:18,878 [Listener at 127.0.0.1/10676] INFO  impl.StateMachineUpdater (StateMachineUpdater.java:stopAndJoin(142)) - omNode-1@group-523986131536-StateMachineUpdater: set stopIndex = 3
2020-10-15 01:58:18,878 [Listener at 127.0.0.1/10676] INFO  impl.RaftServerImpl (ServerState.java:close(405)) - omNode-1@group-523986131536: closes. applyIndex: 3
2020-10-15 01:58:18,879 [omNode-1@group-523986131536-SegmentedRaftLogWorker] INFO  segmented.SegmentedRaftLogWorker (SegmentedRaftLogWorker.java:run(327)) - omNode-1@group-523986131536-SegmentedRaftLogWorker was interrupted, exiting. There are 0 tasks remaining in the queue.
2020-10-15 01:58:18,880 [Listener at 127.0.0.1/10676] INFO  segmented.SegmentedRaftLogWorker (SegmentedRaftLogWorker.java:close(234)) - omNode-1@group-523986131536-SegmentedRaftLogWorker close()
2020-10-15 01:58:18,881 [Listener at 127.0.0.1/10676] INFO  metrics.RatisMetrics (RatisMetrics.java:unregister(43)) - Unregistering Metrics Registry : ratis.log_worker.omNode-1@group-523986131536
2020-10-15 01:58:18,882 [Listener at 127.0.0.1/10676] INFO  metrics.RatisMetrics (RatisMetrics.java:unregister(43)) - Unregistering Metrics Registry : ratis.leader_election.omNode-1@group-523986131536
2020-10-15 01:58:18,882 [Listener at 127.0.0.1/10676] INFO  metrics.RatisMetrics (RatisMetrics.java:unregister(43)) - Unregistering Metrics Registry : ratis.server.omNode-1@group-523986131536
2020-10-15 01:58:18,882 [Listener at 127.0.0.1/10676] INFO  server.GrpcService (GrpcService.java:closeImpl(183)) - omNode-1: shutdown server with port 10668 now
2020-10-15 01:58:18,887 [Listener at 127.0.0.1/10676] INFO  server.GrpcService (GrpcService.java:closeImpl(191)) - omNode-1: shutdown server with port 10668 successfully
2020-10-15 01:58:18,887 [Listener at 127.0.0.1/10676] INFO  ratis.OzoneManagerDoubleBuffer (OzoneManagerDoubleBuffer.java:stop(458)) - Stopping OMDoubleBuffer flush thread
2020-10-15 01:58:18,888 [OMDoubleBufferFlushThread] INFO  ratis.OzoneManagerDoubleBuffer (OzoneManagerDoubleBuffer.java:flushTransactions(357)) - OMDoubleBuffer flush thread OMDoubleBufferFlushThread is interrupted and will exit. OMDoubleBufferFlushThread
2020-10-15 01:58:18,888 [Listener at 127.0.0.1/10676] INFO  ratis.OzoneManagerStateMachine (HadoopExecutors.java:shutdown(118)) - Gracefully shutting down executor service. Waiting max 5 SECONDS
2020-10-15 01:58:18,888 [Listener at 127.0.0.1/10676] INFO  ratis.OzoneManagerStateMachine (HadoopExecutors.java:shutdown(129)) - Succesfully shutdown executor service
2020-10-15 01:58:18,888 [Listener at 127.0.0.1/10676] INFO  ratis.OzoneManagerStateMachine (HadoopExecutors.java:shutdown(118)) - Gracefully shutting down executor service. Waiting max 5 SECONDS
2020-10-15 01:58:18,888 [Listener at 127.0.0.1/10676] INFO  ratis.OzoneManagerStateMachine (HadoopExecutors.java:shutdown(129)) - Succesfully shutdown executor service
2020-10-15 01:58:18,888 [Listener at 127.0.0.1/10676] INFO  utils.BackgroundService (BackgroundService.java:shutdown(132)) - Shutting down service KeyDeletingService
2020-10-15 01:58:18,889 [Listener at 127.0.0.1/10676] INFO  handler.ContextHandler (ContextHandler.java:doStop(1016)) - Stopped o.e.j.w.WebAppContext@5b4059e8{ozoneManager,/,null,UNAVAILABLE}{file:/github/workspace/mnt/ozone/hadoop-ozone/integration-test/target/test-classes/webapps/ozoneManager}
2020-10-15 01:58:18,889 [Listener at 127.0.0.1/10676] INFO  server.AbstractConnector (AbstractConnector.java:doStop(380)) - Stopped ServerConnector@3949b090{HTTP/1.1,[http/1.1]}{0.0.0.0:10666}
2020-10-15 01:58:18,889 [Listener at 127.0.0.1/10676] INFO  server.session (HouseKeeper.java:stopScavenging(158)) - node0 Stopped scavenging
2020-10-15 01:58:18,890 [Listener at 127.0.0.1/10676] INFO  handler.ContextHandler (ContextHandler.java:doStop(1016)) - Stopped o.e.j.s.ServletContextHandler@25e572c0{static,/static,file:///github/workspace/mnt/ozone/hadoop-ozone/integration-test/target/test-classes/webapps/static,UNAVAILABLE}
2020-10-15 01:58:18,890 [Listener at 127.0.0.1/10676] INFO  handler.ContextHandler (ContextHandler.java:doStop(1016)) - Stopped o.e.j.s.ServletContextHandler@36859488{logs,/logs,file:///github/workspace/mnt/ozone/hadoop-ozone/integration-test/target/log,UNAVAILABLE}
2020-10-15 01:58:18,894 [Listener at 127.0.0.1/10676] INFO  ozone.MiniOzoneHAClusterImpl (MiniOzoneHAClusterImpl.java:stop(230)) - Stopping the OzoneManager omNode-2
2020-10-15 01:58:18,895 [Listener at 127.0.0.1/10676] INFO  ipc.Server (Server.java:stop(3359)) - Stopping server on 10670
2020-10-15 01:58:18,897 [IPC Server Responder] INFO  ipc.Server (Server.java:run(1465)) - Stopping IPC Server Responder
2020-10-15 01:58:18,897 [Listener at 127.0.0.1/10676] INFO  impl.RaftServerProxy (RaftServerProxy.java:lambda$close$4(322)) - omNode-2: close
2020-10-15 01:58:18,897 [IPC Server listener on 10670] INFO  ipc.Server (Server.java:run(1330)) - Stopping IPC Server listener on 10670
2020-10-15 01:58:18,897 [Listener at 127.0.0.1/10676] INFO  impl.RaftServerImpl (RaftServerImpl.java:lambda$shutdown$3(321)) - omNode-2@group-523986131536: shutdown
2020-10-15 01:58:18,898 [Listener at 127.0.0.1/10676] INFO  util.JmxRegister (JmxRegister.java:unregister(73)) - Successfully un-registered JMX Bean with object name Ratis:service=RaftServer,group=group-523986131536,id=omNode-2
2020-10-15 01:58:18,898 [Listener at 127.0.0.1/10676] INFO  impl.RoleInfo (RoleInfo.java:shutdownFollowerState(121)) - omNode-2: shutdown FollowerState
2020-10-15 01:58:18,898 [Thread-257] INFO  impl.FollowerState (FollowerState.java:run(117)) - omNode-2@group-523986131536-FollowerState was interrupted: java.lang.InterruptedException: sleep interrupted
2020-10-15 01:58:18,898 [Listener at 127.0.0.1/10676] INFO  impl.StateMachineUpdater (StateMachineUpdater.java:stopAndJoin(142)) - omNode-2@group-523986131536-StateMachineUpdater: set stopIndex = 3
2020-10-15 01:58:18,898 [omNode-2@group-523986131536-StateMachineUpdater] INFO  ratis.OzoneManagerStateMachine (OzoneManagerStateMachine.java:takeSnapshot(345)) - Current Snapshot Index (t:2, i:3)
2020-10-15 01:58:18,899 [omNode-2@group-523986131536-StateMachineUpdater] INFO  impl.StateMachineUpdater (StateMachineUpdater.java:takeSnapshot(277)) - omNode-2@group-523986131536-StateMachineUpdater: Took a snapshot at index 3
2020-10-15 01:58:18,899 [omNode-2@group-523986131536-StateMachineUpdater] INFO  impl.StateMachineUpdater (StateMachineUpdater.java:lambda$new$0(87)) - omNode-2@group-523986131536-StateMachineUpdater: snapshotIndex: updateIncreasingly -1 -> 3
2020-10-15 01:58:18,899 [omNode-2@group-523986131536-StateMachineUpdater] INFO  metrics.RatisMetrics (RatisMetrics.java:unregister(43)) - Unregistering Metrics Registry : ratis.state_machine.omNode-2@group-523986131536
2020-10-15 01:58:18,903 [Listener at 127.0.0.1/10676] INFO  impl.RaftServerImpl (ServerState.java:close(405)) - omNode-2@group-523986131536: closes. applyIndex: 3
2020-10-15 01:58:18,903 [omNode-2@group-523986131536-SegmentedRaftLogWorker] INFO  segmented.SegmentedRaftLogWorker (SegmentedRaftLogWorker.java:run(327)) - omNode-2@group-523986131536-SegmentedRaftLogWorker was interrupted, exiting. There are 0 tasks remaining in the queue.
2020-10-15 01:58:18,904 [Listener at 127.0.0.1/10676] INFO  segmented.SegmentedRaftLogWorker (SegmentedRaftLogWorker.java:close(234)) - omNode-2@group-523986131536-SegmentedRaftLogWorker close()
2020-10-15 01:58:18,905 [Listener at 127.0.0.1/10676] INFO  metrics.RatisMetrics (RatisMetrics.java:unregister(43)) - Unregistering Metrics Registry : ratis.log_worker.omNode-2@group-523986131536
2020-10-15 01:58:18,905 [Listener at 127.0.0.1/10676] INFO  metrics.RatisMetrics (RatisMetrics.java:unregister(43)) - Unregistering Metrics Registry : ratis.leader_election.omNode-2@group-523986131536
2020-10-15 01:58:18,905 [Listener at 127.0.0.1/10676] INFO  metrics.RatisMetrics (RatisMetrics.java:unregister(43)) - Unregistering Metrics Registry : ratis.server.omNode-2@group-523986131536
2020-10-15 01:58:18,906 [Listener at 127.0.0.1/10676] INFO  server.GrpcService (GrpcService.java:closeImpl(183)) - omNode-2: shutdown server with port 10674 now
2020-10-15 01:58:18,907 [Listener at 127.0.0.1/10676] INFO  server.GrpcService (GrpcService.java:closeImpl(191)) - omNode-2: shutdown server with port 10674 successfully
2020-10-15 01:58:18,907 [Listener at 127.0.0.1/10676] INFO  ratis.OzoneManagerDoubleBuffer (OzoneManagerDoubleBuffer.java:stop(458)) - Stopping OMDoubleBuffer flush thread
2020-10-15 01:58:18,907 [OMDoubleBufferFlushThread] INFO  ratis.OzoneManagerDoubleBuffer (OzoneManagerDoubleBuffer.java:flushTransactions(357)) - OMDoubleBuffer flush thread OMDoubleBufferFlushThread is interrupted and will exit. OMDoubleBufferFlushThread
2020-10-15 01:58:18,909 [Listener at 127.0.0.1/10676] INFO  ratis.OzoneManagerStateMachine (HadoopExecutors.java:shutdown(118)) - Gracefully shutting down executor service. Waiting max 5 SECONDS
2020-10-15 01:58:18,909 [Listener at 127.0.0.1/10676] INFO  ratis.OzoneManagerStateMachine (HadoopExecutors.java:shutdown(129)) - Succesfully shutdown executor service
2020-10-15 01:58:18,909 [Listener at 127.0.0.1/10676] INFO  ratis.OzoneManagerStateMachine (HadoopExecutors.java:shutdown(118)) - Gracefully shutting down executor service. Waiting max 5 SECONDS
2020-10-15 01:58:18,909 [Listener at 127.0.0.1/10676] INFO  ratis.OzoneManagerStateMachine (HadoopExecutors.java:shutdown(129)) - Succesfully shutdown executor service
2020-10-15 01:58:18,909 [Listener at 127.0.0.1/10676] INFO  utils.BackgroundService (BackgroundService.java:shutdown(132)) - Shutting down service KeyDeletingService
2020-10-15 01:58:18,913 [Listener at 127.0.0.1/10676] INFO  handler.ContextHandler (ContextHandler.java:doStop(1016)) - Stopped o.e.j.w.WebAppContext@e00f740{ozoneManager,/,null,UNAVAILABLE}{file:/github/workspace/mnt/ozone/hadoop-ozone/integration-test/target/test-classes/webapps/ozoneManager}
2020-10-15 01:58:18,914 [Listener at 127.0.0.1/10676] INFO  server.AbstractConnector (AbstractConnector.java:doStop(380)) - Stopped ServerConnector@35567c08{HTTP/1.1,[http/1.1]}{0.0.0.0:10672}
2020-10-15 01:58:18,914 [Listener at 127.0.0.1/10676] INFO  server.session (HouseKeeper.java:stopScavenging(158)) - node0 Stopped scavenging
2020-10-15 01:58:18,914 [Listener at 127.0.0.1/10676] INFO  handler.ContextHandler (ContextHandler.java:doStop(1016)) - Stopped o.e.j.s.ServletContextHandler@52bbe6f1{static,/static,file:///github/workspace/mnt/ozone/hadoop-ozone/integration-test/target/test-classes/webapps/static,UNAVAILABLE}
2020-10-15 01:58:18,915 [Listener at 127.0.0.1/10676] INFO  handler.ContextHandler (ContextHandler.java:doStop(1016)) - Stopped o.e.j.s.ServletContextHandler@176e3e1e{logs,/logs,file:///github/workspace/mnt/ozone/hadoop-ozone/integration-test/target/log,UNAVAILABLE}
2020-10-15 01:58:18,917 [Listener at 127.0.0.1/10676] INFO  ozone.MiniOzoneClusterImpl (MiniOzoneClusterImpl.java:stop(402)) - Stopping the Mini Ozone Cluster
2020-10-15 01:58:18,918 [Listener at 127.0.0.1/10676] INFO  ozone.MiniOzoneClusterImpl (MiniOzoneClusterImpl.java:stopDatanodes(461)) - Stopping the HddsDatanodes
2020-10-15 01:58:19,482 [Datanode State Machine Thread - 0] INFO  statemachine.DatanodeStateMachine (DatanodeStateMachine.java:lambda$startDaemon$0(405)) - Ozone container server started.
2020-10-15 01:58:19,900 [Datanode State Machine Thread - 0] INFO  statemachine.DatanodeStateMachine (DatanodeStateMachine.java:lambda$startDaemon$0(405)) - Ozone container server started.
2020-10-15 01:58:20,500 [EventQueue-Delayed safe mode statusForReplicationManager] INFO  container.ReplicationManager (ReplicationManager.java:start(178)) - Starting Replication Monitor Thread.
2020-10-15 01:58:20,502 [ReplicationMonitor] INFO  container.ReplicationManager (ReplicationManager.java:run(242)) - Replication Monitor Thread took 1 milliseconds for processing 0 containers.
2020-10-15 01:58:23,920 [ForkJoinPool.commonPool-worker-1] INFO  ozoneimpl.OzoneContainer (OzoneContainer.java:stop(259)) - Attempting to stop container services.
2020-10-15 01:58:23,920 [ForkJoinPool.commonPool-worker-1] INFO  impl.RaftServerProxy (RaftServerProxy.java:lambda$close$4(322)) - a7c521c8-eaf2-40db-9c87-5299207baa36: close
2020-10-15 01:58:23,920 [ForkJoinPool.commonPool-worker-1] INFO  impl.RaftServerImpl (RaftServerImpl.java:lambda$shutdown$3(321)) - a7c521c8-eaf2-40db-9c87-5299207baa36@group-9B01D9EE1A3C: shutdown
2020-10-15 01:58:23,920 [ForkJoinPool.commonPool-worker-1] INFO  util.JmxRegister (JmxRegister.java:unregister(73)) - Successfully un-registered JMX Bean with object name Ratis:service=RaftServer,group=group-9B01D9EE1A3C,id=a7c521c8-eaf2-40db-9c87-5299207baa36
2020-10-15 01:58:23,921 [ForkJoinPool.commonPool-worker-1] INFO  impl.RoleInfo (RoleInfo.java:shutdownLeaderState(104)) - a7c521c8-eaf2-40db-9c87-5299207baa36: shutdown LeaderState
2020-10-15 01:58:23,921 [ForkJoinPool.commonPool-worker-1] INFO  impl.PendingRequests (PendingRequests.java:sendNotLeaderResponses(249)) - a7c521c8-eaf2-40db-9c87-5299207baa36@group-9B01D9EE1A3C-PendingRequests: sendNotLeaderResponses
2020-10-15 01:58:23,921 [Listener at 127.0.0.1/10676] INFO  ozoneimpl.OzoneContainer (OzoneContainer.java:stop(259)) - Attempting to stop container services.
2020-10-15 01:58:23,921 [ForkJoinPool.commonPool-worker-1] INFO  metrics.RatisMetrics (RatisMetrics.java:unregister(43)) - Unregistering Metrics Registry : ratis.log_appender.a7c521c8-eaf2-40db-9c87-5299207baa36@group-9B01D9EE1A3C
2020-10-15 01:58:23,921 [Listener at 127.0.0.1/10676] INFO  impl.RaftServerProxy (RaftServerProxy.java:lambda$close$4(322)) - c5e645a5-945b-4d0f-8bf9-d2f53ff82cc9: close
2020-10-15 01:58:23,921 [ForkJoinPool.commonPool-worker-1] INFO  metrics.RatisMetrics (RatisMetrics.java:unregister(43)) - Unregistering Metrics Registry : ratis.server.a7c521c8-eaf2-40db-9c87-5299207baa36@group-9B01D9EE1A3C
2020-10-15 01:58:23,922 [Listener at 127.0.0.1/10676] INFO  impl.RaftServerImpl (RaftServerImpl.java:lambda$shutdown$3(321)) - c5e645a5-945b-4d0f-8bf9-d2f53ff82cc9@group-60CB6515E51C: shutdown
2020-10-15 01:58:23,922 [Listener at 127.0.0.1/10676] INFO  util.JmxRegister (JmxRegister.java:unregister(73)) - Successfully un-registered JMX Bean with object name Ratis:service=RaftServer,group=group-60CB6515E51C,id=c5e645a5-945b-4d0f-8bf9-d2f53ff82cc9
2020-10-15 01:58:23,922 [Listener at 127.0.0.1/10676] INFO  impl.RoleInfo (RoleInfo.java:shutdownFollowerState(121)) - c5e645a5-945b-4d0f-8bf9-d2f53ff82cc9: shutdown FollowerState
2020-10-15 01:58:23,922 [a7c521c8-eaf2-40db-9c87-5299207baa36@group-9B01D9EE1A3C-StateMachineUpdater] INFO  ratis.ContainerStateMachine (ContainerStateMachine.java:takeSnapshot(293)) - group-9B01D9EE1A3C: Taking a snapshot at:(t:1, i:0) file /github/workspace/mnt/ozone/hadoop-ozone/integration-test/target/test-dir/MiniOzoneClusterImpl-58e8adfc-9d81-40cd-9dee-7bd6cd075720/datanode-0/data/ratis/e0ccf94c-08d8-4d82-a7ad-9b01d9ee1a3c/sm/snapshot.1_0
2020-10-15 01:58:23,922 [Thread-340] INFO  impl.FollowerState (FollowerState.java:run(117)) - c5e645a5-945b-4d0f-8bf9-d2f53ff82cc9@group-60CB6515E51C-FollowerState was interrupted: java.lang.InterruptedException: sleep interrupted
2020-10-15 01:58:23,923 [c5e645a5-945b-4d0f-8bf9-d2f53ff82cc9@group-60CB6515E51C-StateMachineUpdater] INFO  ratis.ContainerStateMachine (ContainerStateMachine.java:takeSnapshot(293)) - group-60CB6515E51C: Taking a snapshot at:(t:1, i:0) file /github/workspace/mnt/ozone/hadoop-ozone/integration-test/target/test-dir/MiniOzoneClusterImpl-58e8adfc-9d81-40cd-9dee-7bd6cd075720/datanode-1/data/ratis/8796061d-8606-4031-b654-60cb6515e51c/sm/snapshot.1_0
2020-10-15 01:58:23,922 [Listener at 127.0.0.1/10676] INFO  impl.StateMachineUpdater (StateMachineUpdater.java:stopAndJoin(142)) - c5e645a5-945b-4d0f-8bf9-d2f53ff82cc9@group-60CB6515E51C-StateMachineUpdater: set stopIndex = 0
2020-10-15 01:58:23,924 [ForkJoinPool.commonPool-worker-1] INFO  impl.StateMachineUpdater (StateMachineUpdater.java:stopAndJoin(142)) - a7c521c8-eaf2-40db-9c87-5299207baa36@group-9B01D9EE1A3C-StateMachineUpdater: set stopIndex = 0
2020-10-15 01:58:23,988 [c5e645a5-945b-4d0f-8bf9-d2f53ff82cc9@group-60CB6515E51C-StateMachineUpdater] INFO  ratis.ContainerStateMachine (ContainerStateMachine.java:takeSnapshot(304)) - group-60CB6515E51C: Finished taking a snapshot at:(t:1, i:0) file:/github/workspace/mnt/ozone/hadoop-ozone/integration-test/target/test-dir/MiniOzoneClusterImpl-58e8adfc-9d81-40cd-9dee-7bd6cd075720/datanode-1/data/ratis/8796061d-8606-4031-b654-60cb6515e51c/sm/snapshot.1_0 time:65
2020-10-15 01:58:23,989 [c5e645a5-945b-4d0f-8bf9-d2f53ff82cc9@group-60CB6515E51C-StateMachineUpdater] INFO  impl.StateMachineUpdater (StateMachineUpdater.java:takeSnapshot(277)) - c5e645a5-945b-4d0f-8bf9-d2f53ff82cc9@group-60CB6515E51C-StateMachineUpdater: Took a snapshot at index 0
2020-10-15 01:58:23,989 [c5e645a5-945b-4d0f-8bf9-d2f53ff82cc9@group-60CB6515E51C-StateMachineUpdater] INFO  impl.StateMachineUpdater (StateMachineUpdater.java:lambda$new$0(87)) - c5e645a5-945b-4d0f-8bf9-d2f53ff82cc9@group-60CB6515E51C-StateMachineUpdater: snapshotIndex: updateIncreasingly -1 -> 0
2020-10-15 01:58:23,993 [c5e645a5-945b-4d0f-8bf9-d2f53ff82cc9@group-60CB6515E51C-StateMachineUpdater] INFO  metrics.RatisMetrics (RatisMetrics.java:unregister(43)) - Unregistering Metrics Registry : ratis.state_machine.c5e645a5-945b-4d0f-8bf9-d2f53ff82cc9@group-60CB6515E51C
2020-10-15 01:58:23,993 [Listener at 127.0.0.1/10676] INFO  impl.RaftServerImpl (ServerState.java:close(405)) - c5e645a5-945b-4d0f-8bf9-d2f53ff82cc9@group-60CB6515E51C: closes. applyIndex: 0
2020-10-15 01:58:23,993 [a7c521c8-eaf2-40db-9c87-5299207baa36@group-9B01D9EE1A3C-StateMachineUpdater] INFO  ratis.ContainerStateMachine (ContainerStateMachine.java:takeSnapshot(304)) - group-9B01D9EE1A3C: Finished taking a snapshot at:(t:1, i:0) file:/github/workspace/mnt/ozone/hadoop-ozone/integration-test/target/test-dir/MiniOzoneClusterImpl-58e8adfc-9d81-40cd-9dee-7bd6cd075720/datanode-0/data/ratis/e0ccf94c-08d8-4d82-a7ad-9b01d9ee1a3c/sm/snapshot.1_0 time:71
2020-10-15 01:58:23,994 [c5e645a5-945b-4d0f-8bf9-d2f53ff82cc9@group-60CB6515E51C-SegmentedRaftLogWorker] INFO  segmented.SegmentedRaftLogWorker (SegmentedRaftLogWorker.java:run(327)) - c5e645a5-945b-4d0f-8bf9-d2f53ff82cc9@group-60CB6515E51C-SegmentedRaftLogWorker was interrupted, exiting. There are 0 tasks remaining in the queue.
2020-10-15 01:58:23,994 [a7c521c8-eaf2-40db-9c87-5299207baa36@group-9B01D9EE1A3C-StateMachineUpdater] INFO  impl.StateMachineUpdater (StateMachineUpdater.java:takeSnapshot(277)) - a7c521c8-eaf2-40db-9c87-5299207baa36@group-9B01D9EE1A3C-StateMachineUpdater: Took a snapshot at index 0
2020-10-15 01:58:23,994 [a7c521c8-eaf2-40db-9c87-5299207baa36@group-9B01D9EE1A3C-StateMachineUpdater] INFO  impl.StateMachineUpdater (StateMachineUpdater.java:lambda$new$0(87)) - a7c521c8-eaf2-40db-9c87-5299207baa36@group-9B01D9EE1A3C-StateMachineUpdater: snapshotIndex: updateIncreasingly -1 -> 0
2020-10-15 01:58:23,994 [Listener at 127.0.0.1/10676] INFO  segmented.SegmentedRaftLogWorker (SegmentedRaftLogWorker.java:close(234)) - c5e645a5-945b-4d0f-8bf9-d2f53ff82cc9@group-60CB6515E51C-SegmentedRaftLogWorker close()
2020-10-15 01:58:23,995 [a7c521c8-eaf2-40db-9c87-5299207baa36@group-9B01D9EE1A3C-StateMachineUpdater] INFO  metrics.RatisMetrics (RatisMetrics.java:unregister(43)) - Unregistering Metrics Registry : ratis.state_machine.a7c521c8-eaf2-40db-9c87-5299207baa36@group-9B01D9EE1A3C
2020-10-15 01:58:23,995 [Listener at 127.0.0.1/10676] INFO  metrics.RatisMetrics (RatisMetrics.java:unregister(43)) - Unregistering Metrics Registry : ratis.log_worker.c5e645a5-945b-4d0f-8bf9-d2f53ff82cc9@group-60CB6515E51C
2020-10-15 01:58:23,995 [Listener at 127.0.0.1/10676] INFO  metrics.RatisMetrics (RatisMetrics.java:unregister(43)) - Unregistering Metrics Registry : ratis.leader_election.c5e645a5-945b-4d0f-8bf9-d2f53ff82cc9@group-60CB6515E51C
2020-10-15 01:58:23,996 [Listener at 127.0.0.1/10676] INFO  metrics.RatisMetrics (RatisMetrics.java:unregister(43)) - Unregistering Metrics Registry : ratis.server.c5e645a5-945b-4d0f-8bf9-d2f53ff82cc9@group-60CB6515E51C
2020-10-15 01:58:23,996 [Listener at 127.0.0.1/10676] INFO  impl.RaftServerImpl (RaftServerImpl.java:lambda$shutdown$3(321)) - c5e645a5-945b-4d0f-8bf9-d2f53ff82cc9@group-75D665230760: shutdown
2020-10-15 01:58:23,996 [Listener at 127.0.0.1/10676] INFO  util.JmxRegister (JmxRegister.java:unregister(73)) - Successfully un-registered JMX Bean with object name Ratis:service=RaftServer,group=group-75D665230760,id=c5e645a5-945b-4d0f-8bf9-d2f53ff82cc9
2020-10-15 01:58:23,996 [Listener at 127.0.0.1/10676] INFO  impl.RoleInfo (RoleInfo.java:shutdownLeaderState(104)) - c5e645a5-945b-4d0f-8bf9-d2f53ff82cc9: shutdown LeaderState
2020-10-15 01:58:23,996 [Listener at 127.0.0.1/10676] INFO  impl.PendingRequests (PendingRequests.java:sendNotLeaderResponses(249)) - c5e645a5-945b-4d0f-8bf9-d2f53ff82cc9@group-75D665230760-PendingRequests: sendNotLeaderResponses
2020-10-15 01:58:23,997 [Listener at 127.0.0.1/10676] INFO  metrics.RatisMetrics (RatisMetrics.java:unregister(43)) - Unregistering Metrics Registry : ratis.log_appender.c5e645a5-945b-4d0f-8bf9-d2f53ff82cc9@group-75D665230760
2020-10-15 01:58:23,997 [Listener at 127.0.0.1/10676] INFO  metrics.RatisMetrics (RatisMetrics.java:unregister(43)) - Unregistering Metrics Registry : ratis.server.c5e645a5-945b-4d0f-8bf9-d2f53ff82cc9@group-75D665230760
2020-10-15 01:58:23,998 [c5e645a5-945b-4d0f-8bf9-d2f53ff82cc9@group-75D665230760-StateMachineUpdater] INFO  ratis.ContainerStateMachine (ContainerStateMachine.java:takeSnapshot(293)) - group-75D665230760: Taking a snapshot at:(t:1, i:0) file /github/workspace/mnt/ozone/hadoop-ozone/integration-test/target/test-dir/MiniOzoneClusterImpl-58e8adfc-9d81-40cd-9dee-7bd6cd075720/datanode-1/data/ratis/78002bc4-eaad-4dd7-b844-75d665230760/sm/snapshot.1_0
2020-10-15 01:58:23,998 [c5e645a5-945b-4d0f-8bf9-d2f53ff82cc9@group-75D665230760-StateMachineUpdater] INFO  ratis.ContainerStateMachine (ContainerStateMachine.java:takeSnapshot(304)) - group-75D665230760: Finished taking a snapshot at:(t:1, i:0) file:/github/workspace/mnt/ozone/hadoop-ozone/integration-test/target/test-dir/MiniOzoneClusterImpl-58e8adfc-9d81-40cd-9dee-7bd6cd075720/datanode-1/data/ratis/78002bc4-eaad-4dd7-b844-75d665230760/sm/snapshot.1_0 time:0
2020-10-15 01:58:23,998 [c5e645a5-945b-4d0f-8bf9-d2f53ff82cc9@group-75D665230760-StateMachineUpdater] INFO  impl.StateMachineUpdater (StateMachineUpdater.java:takeSnapshot(277)) - c5e645a5-945b-4d0f-8bf9-d2f53ff82cc9@group-75D665230760-StateMachineUpdater: Took a snapshot at index 0
2020-10-15 01:58:23,998 [c5e645a5-945b-4d0f-8bf9-d2f53ff82cc9@group-75D665230760-StateMachineUpdater] INFO  impl.StateMachineUpdater (StateMachineUpdater.java:lambda$new$0(87)) - c5e645a5-945b-4d0f-8bf9-d2f53ff82cc9@group-75D665230760-StateMachineUpdater: snapshotIndex: updateIncreasingly -1 -> 0
2020-10-15 01:58:23,999 [c5e645a5-945b-4d0f-8bf9-d2f53ff82cc9@group-75D665230760-StateMachineUpdater] INFO  metrics.RatisMetrics (RatisMetrics.java:unregister(43)) - Unregistering Metrics Registry : ratis.state_machine.c5e645a5-945b-4d0f-8bf9-d2f53ff82cc9@group-75D665230760
2020-10-15 01:58:24,000 [Listener at 127.0.0.1/10676] INFO  impl.StateMachineUpdater (StateMachineUpdater.java:stopAndJoin(142)) - c5e645a5-945b-4d0f-8bf9-d2f53ff82cc9@group-75D665230760-StateMachineUpdater: set stopIndex = 0
2020-10-15 01:58:24,000 [Listener at 127.0.0.1/10676] INFO  impl.RaftServerImpl (ServerState.java:close(405)) - c5e645a5-945b-4d0f-8bf9-d2f53ff82cc9@group-75D665230760: closes. applyIndex: 0
2020-10-15 01:58:24,000 [c5e645a5-945b-4d0f-8bf9-d2f53ff82cc9@group-75D665230760-SegmentedRaftLogWorker] INFO  segmented.SegmentedRaftLogWorker (SegmentedRaftLogWorker.java:run(327)) - c5e645a5-945b-4d0f-8bf9-d2f53ff82cc9@group-75D665230760-SegmentedRaftLogWorker was interrupted, exiting. There are 0 tasks remaining in the queue.
2020-10-15 01:58:24,000 [ForkJoinPool.commonPool-worker-1] INFO  impl.RaftServerImpl (ServerState.java:close(405)) - a7c521c8-eaf2-40db-9c87-5299207baa36@group-9B01D9EE1A3C: closes. applyIndex: 0
2020-10-15 01:58:24,001 [a7c521c8-eaf2-40db-9c87-5299207baa36@group-9B01D9EE1A3C-SegmentedRaftLogWorker] INFO  segmented.SegmentedRaftLogWorker (SegmentedRaftLogWorker.java:run(327)) - a7c521c8-eaf2-40db-9c87-5299207baa36@group-9B01D9EE1A3C-SegmentedRaftLogWorker was interrupted, exiting. There are 0 tasks remaining in the queue.
2020-10-15 01:58:24,001 [ForkJoinPool.commonPool-worker-1] INFO  segmented.SegmentedRaftLogWorker (SegmentedRaftLogWorker.java:close(234)) - a7c521c8-eaf2-40db-9c87-5299207baa36@group-9B01D9EE1A3C-SegmentedRaftLogWorker close()
2020-10-15 01:58:24,002 [ForkJoinPool.commonPool-worker-1] INFO  metrics.RatisMetrics (RatisMetrics.java:unregister(43)) - Unregistering Metrics Registry : ratis.log_worker.a7c521c8-eaf2-40db-9c87-5299207baa36@group-9B01D9EE1A3C
2020-10-15 01:58:24,002 [ForkJoinPool.commonPool-worker-1] INFO  metrics.RatisMetrics (RatisMetrics.java:unregister(43)) - Unregistering Metrics Registry : ratis.leader_election.a7c521c8-eaf2-40db-9c87-5299207baa36@group-9B01D9EE1A3C
2020-10-15 01:58:24,002 [ForkJoinPool.commonPool-worker-1] INFO  metrics.RatisMetrics (RatisMetrics.java:unregister(43)) - Unregistering Metrics Registry : ratis.server.a7c521c8-eaf2-40db-9c87-5299207baa36@group-9B01D9EE1A3C
2020-10-15 01:58:24,002 [ForkJoinPool.commonPool-worker-1] INFO  impl.RaftServerImpl (RaftServerImpl.java:lambda$shutdown$3(321)) - a7c521c8-eaf2-40db-9c87-5299207baa36@group-60CB6515E51C: shutdown
2020-10-15 01:58:24,002 [ForkJoinPool.commonPool-worker-1] INFO  util.JmxRegister (JmxRegister.java:unregister(73)) - Successfully un-registered JMX Bean with object name Ratis:service=RaftServer,group=group-60CB6515E51C,id=a7c521c8-eaf2-40db-9c87-5299207baa36
2020-10-15 01:58:24,002 [ForkJoinPool.commonPool-worker-1] INFO  impl.RoleInfo (RoleInfo.java:shutdownLeaderState(104)) - a7c521c8-eaf2-40db-9c87-5299207baa36: shutdown LeaderState
2020-10-15 01:58:24,002 [ForkJoinPool.commonPool-worker-1] INFO  metrics.RatisMetrics (RatisMetrics.java:unregister(43)) - Unregistering Metrics Registry : ratis_grpc.log_appender.a7c521c8-eaf2-40db-9c87-5299207baa36@group-60CB6515E51C
2020-10-15 01:58:24,003 [ForkJoinPool.commonPool-worker-1] INFO  metrics.RatisMetrics (RatisMetrics.java:unregister(43)) - Unregistering Metrics Registry : ratis_grpc.log_appender.a7c521c8-eaf2-40db-9c87-5299207baa36@group-60CB6515E51C
2020-10-15 01:58:24,003 [ForkJoinPool.commonPool-worker-1] INFO  impl.PendingRequests (PendingRequests.java:sendNotLeaderResponses(249)) - a7c521c8-eaf2-40db-9c87-5299207baa36@group-60CB6515E51C-PendingRequests: sendNotLeaderResponses
2020-10-15 01:58:24,003 [ForkJoinPool.commonPool-worker-1] INFO  metrics.RatisMetrics (RatisMetrics.java:unregister(43)) - Unregistering Metrics Registry : ratis.log_appender.a7c521c8-eaf2-40db-9c87-5299207baa36@group-60CB6515E51C
2020-10-15 01:58:24,003 [ForkJoinPool.commonPool-worker-1] INFO  metrics.RatisMetrics (RatisMetrics.java:unregister(43)) - Unregistering Metrics Registry : ratis.server.a7c521c8-eaf2-40db-9c87-5299207baa36@group-60CB6515E51C
2020-10-15 01:58:24,003 [ForkJoinPool.commonPool-worker-1] INFO  impl.StateMachineUpdater (StateMachineUpdater.java:stopAndJoin(142)) - a7c521c8-eaf2-40db-9c87-5299207baa36@group-60CB6515E51C-StateMachineUpdater: set stopIndex = 0
2020-10-15 01:58:24,003 [org.apache.ratis.server.impl.LogAppender$AppenderDaemon$$Lambda$361/1340100044@228a9f48] WARN  server.GrpcLogAppender (GrpcLogAppender.java:mayWait(168)) - a7c521c8-eaf2-40db-9c87-5299207baa36@group-60CB6515E51C->3614fa51-5170-4dd9-b705-f57b34412c98-GrpcLogAppender: Wait interrupted by java.lang.InterruptedException
2020-10-15 01:58:24,003 [a7c521c8-eaf2-40db-9c87-5299207baa36@group-60CB6515E51C-StateMachineUpdater] INFO  ratis.ContainerStateMachine (ContainerStateMachine.java:takeSnapshot(293)) - group-60CB6515E51C: Taking a snapshot at:(t:1, i:0) file /github/workspace/mnt/ozone/hadoop-ozone/integration-test/target/test-dir/MiniOzoneClusterImpl-58e8adfc-9d81-40cd-9dee-7bd6cd075720/datanode-0/data/ratis/8796061d-8606-4031-b654-60cb6515e51c/sm/snapshot.1_0
2020-10-15 01:58:24,004 [org.apache.ratis.server.impl.LogAppender$AppenderDaemon$$Lambda$361/1340100044@75d9b0be] WARN  server.GrpcLogAppender (GrpcLogAppender.java:mayWait(168)) - a7c521c8-eaf2-40db-9c87-5299207baa36@group-60CB6515E51C->c5e645a5-945b-4d0f-8bf9-d2f53ff82cc9-GrpcLogAppender: Wait interrupted by java.lang.InterruptedException
2020-10-15 01:58:24,004 [a7c521c8-eaf2-40db-9c87-5299207baa36@group-60CB6515E51C-StateMachineUpdater] INFO  ratis.ContainerStateMachine (ContainerStateMachine.java:takeSnapshot(304)) - group-60CB6515E51C: Finished taking a snapshot at:(t:1, i:0) file:/github/workspace/mnt/ozone/hadoop-ozone/integration-test/target/test-dir/MiniOzoneClusterImpl-58e8adfc-9d81-40cd-9dee-7bd6cd075720/datanode-0/data/ratis/8796061d-8606-4031-b654-60cb6515e51c/sm/snapshot.1_0 time:1
2020-10-15 01:58:24,004 [a7c521c8-eaf2-40db-9c87-5299207baa36@group-60CB6515E51C-StateMachineUpdater] INFO  impl.StateMachineUpdater (StateMachineUpdater.java:takeSnapshot(277)) - a7c521c8-eaf2-40db-9c87-5299207baa36@group-60CB6515E51C-StateMachineUpdater: Took a snapshot at index 0
2020-10-15 01:58:24,004 [a7c521c8-eaf2-40db-9c87-5299207baa36@group-60CB6515E51C-StateMachineUpdater] INFO  impl.StateMachineUpdater (StateMachineUpdater.java:lambda$new$0(87)) - a7c521c8-eaf2-40db-9c87-5299207baa36@group-60CB6515E51C-StateMachineUpdater: snapshotIndex: updateIncreasingly -1 -> 0
2020-10-15 01:58:24,004 [grpc-default-executor-1] INFO  server.GrpcServerProtocolService (GrpcServerProtocolService.java:onCompleted(138)) - 3614fa51-5170-4dd9-b705-f57b34412c98: Completed APPEND_ENTRIES, lastRequest: a7c521c8-eaf2-40db-9c87-5299207baa36->3614fa51-5170-4dd9-b705-f57b34412c98#1-t1, previous=(t:0, i:0), leaderCommit=0, initializing? false, entries: size=1, first=(t:1, i:0), CONFIGURATIONENTRY
2020-10-15 01:58:24,005 [a7c521c8-eaf2-40db-9c87-5299207baa36@group-60CB6515E51C-StateMachineUpdater] INFO  metrics.RatisMetrics (RatisMetrics.java:unregister(43)) - Unregistering Metrics Registry : ratis.state_machine.a7c521c8-eaf2-40db-9c87-5299207baa36@group-60CB6515E51C
2020-10-15 01:58:24,005 [ForkJoinPool.commonPool-worker-1] INFO  impl.RaftServerImpl (ServerState.java:close(405)) - a7c521c8-eaf2-40db-9c87-5299207baa36@group-60CB6515E51C: closes. applyIndex: 0
2020-10-15 01:58:24,005 [a7c521c8-eaf2-40db-9c87-5299207baa36@group-60CB6515E51C-SegmentedRaftLogWorker] INFO  segmented.SegmentedRaftLogWorker (SegmentedRaftLogWorker.java:run(327)) - a7c521c8-eaf2-40db-9c87-5299207baa36@group-60CB6515E51C-SegmentedRaftLogWorker was interrupted, exiting. There are 0 tasks remaining in the queue.
2020-10-15 01:58:24,005 [Listener at 127.0.0.1/10676] INFO  segmented.SegmentedRaftLogWorker (SegmentedRaftLogWorker.java:close(234)) - c5e645a5-945b-4d0f-8bf9-d2f53ff82cc9@group-75D665230760-SegmentedRaftLogWorker close()
2020-10-15 01:58:24,007 [grpc-default-executor-5] INFO  server.GrpcLogAppender (GrpcLogAppender.java:onCompleted(336)) - a7c521c8-eaf2-40db-9c87-5299207baa36@group-60CB6515E51C->3614fa51-5170-4dd9-b705-f57b34412c98-AppendLogResponseHandler: follower responses appendEntries COMPLETED
2020-10-15 01:58:24,007 [grpc-default-executor-5] INFO  impl.FollowerInfo (FollowerInfo.java:lambda$new$0(51)) - a7c521c8-eaf2-40db-9c87-5299207baa36@group-60CB6515E51C->3614fa51-5170-4dd9-b705-f57b34412c98: nextIndex: updateUnconditionally 1 -> 0
2020-10-15 01:58:24,008 [grpc-default-executor-5] INFO  server.GrpcServerProtocolService (GrpcServerProtocolService.java:onCompleted(138)) - c5e645a5-945b-4d0f-8bf9-d2f53ff82cc9: Completed APPEND_ENTRIES, lastRequest: a7c521c8-eaf2-40db-9c87-5299207baa36->c5e645a5-945b-4d0f-8bf9-d2f53ff82cc9#1-t1, previous=(t:0, i:0), leaderCommit=0, initializing? false, entries: size=1, first=(t:1, i:0), CONFIGURATIONENTRY
2020-10-15 01:58:24,008 [grpc-default-executor-3] INFO  server.GrpcLogAppender (GrpcLogAppender.java:onCompleted(336)) - a7c521c8-eaf2-40db-9c87-5299207baa36@group-60CB6515E51C->c5e645a5-945b-4d0f-8bf9-d2f53ff82cc9-AppendLogResponseHandler: follower responses appendEntries COMPLETED
2020-10-15 01:58:24,008 [grpc-default-executor-3] INFO  impl.FollowerInfo (FollowerInfo.java:lambda$new$0(51)) - a7c521c8-eaf2-40db-9c87-5299207baa36@group-60CB6515E51C->c5e645a5-945b-4d0f-8bf9-d2f53ff82cc9: nextIndex: updateUnconditionally 1 -> 0
2020-10-15 01:58:24,010 [ForkJoinPool.commonPool-worker-1] INFO  segmented.SegmentedRaftLogWorker (SegmentedRaftLogWorker.java:close(234)) - a7c521c8-eaf2-40db-9c87-5299207baa36@group-60CB6515E51C-SegmentedRaftLogWorker close()
2020-10-15 01:58:24,011 [ForkJoinPool.commonPool-worker-1] INFO  metrics.RatisMetrics (RatisMetrics.java:unregister(43)) - Unregistering Metrics Registry : ratis.log_worker.a7c521c8-eaf2-40db-9c87-5299207baa36@group-60CB6515E51C
2020-10-15 01:58:24,011 [ForkJoinPool.commonPool-worker-1] INFO  metrics.RatisMetrics (RatisMetrics.java:unregister(43)) - Unregistering Metrics Registry : ratis.leader_election.a7c521c8-eaf2-40db-9c87-5299207baa36@group-60CB6515E51C
2020-10-15 01:58:24,011 [ForkJoinPool.commonPool-worker-1] INFO  metrics.RatisMetrics (RatisMetrics.java:unregister(43)) - Unregistering Metrics Registry : ratis.server.a7c521c8-eaf2-40db-9c87-5299207baa36@group-60CB6515E51C
2020-10-15 01:58:24,011 [ForkJoinPool.commonPool-worker-1] INFO  server.GrpcService (GrpcService.java:closeImpl(183)) - a7c521c8-eaf2-40db-9c87-5299207baa36: shutdown server with port 45115 now
2020-10-15 01:58:24,011 [Listener at 127.0.0.1/10676] INFO  metrics.RatisMetrics (RatisMetrics.java:unregister(43)) - Unregistering Metrics Registry : ratis.log_worker.c5e645a5-945b-4d0f-8bf9-d2f53ff82cc9@group-75D665230760
2020-10-15 01:58:24,011 [Listener at 127.0.0.1/10676] INFO  metrics.RatisMetrics (RatisMetrics.java:unregister(43)) - Unregistering Metrics Registry : ratis.leader_election.c5e645a5-945b-4d0f-8bf9-d2f53ff82cc9@group-75D665230760
2020-10-15 01:58:24,012 [Listener at 127.0.0.1/10676] INFO  metrics.RatisMetrics (RatisMetrics.java:unregister(43)) - Unregistering Metrics Registry : ratis.server.c5e645a5-945b-4d0f-8bf9-d2f53ff82cc9@group-75D665230760
2020-10-15 01:58:24,012 [Listener at 127.0.0.1/10676] INFO  server.GrpcService (GrpcService.java:closeImpl(183)) - c5e645a5-945b-4d0f-8bf9-d2f53ff82cc9: shutdown server with port 43759 now
2020-10-15 01:58:24,014 [Listener at 127.0.0.1/10676] INFO  server.GrpcService (GrpcService.java:closeImpl(191)) - c5e645a5-945b-4d0f-8bf9-d2f53ff82cc9: shutdown server with port 43759 successfully
2020-10-15 01:58:24,015 [ForkJoinPool.commonPool-worker-1] INFO  server.GrpcService (GrpcService.java:closeImpl(191)) - a7c521c8-eaf2-40db-9c87-5299207baa36: shutdown server with port 45115 successfully
2020-10-15 01:58:24,017 [ForkJoinPool.commonPool-worker-1] INFO  utils.BackgroundService (BackgroundService.java:shutdown(132)) - Shutting down service BlockDeletingService
2020-10-15 01:58:24,017 [Listener at 127.0.0.1/10676] INFO  utils.BackgroundService (BackgroundService.java:shutdown(132)) - Shutting down service BlockDeletingService
2020-10-15 01:58:24,019 [ForkJoinPool.commonPool-worker-1] INFO  statemachine.DatanodeStateMachine (DatanodeStateMachine.java:stopDaemon(453)) - Ozone container server stopped.
2020-10-15 01:58:24,029 [Listener at 127.0.0.1/10676] INFO  statemachine.DatanodeStateMachine (DatanodeStateMachine.java:stopDaemon(453)) - Ozone container server stopped.
2020-10-15 01:58:24,041 [ForkJoinPool.commonPool-worker-1] INFO  handler.ContextHandler (ContextHandler.java:doStop(1016)) - Stopped o.e.j.w.WebAppContext@681eee8c{hddsDatanode,/,null,UNAVAILABLE}{jar:file:/home/user/.m2/repository/org/apache/hadoop/hadoop-hdds-container-service/1.1.0-SNAPSHOT/hadoop-hdds-container-service-1.1.0-SNAPSHOT.jar!/webapps/hddsDatanode}
2020-10-15 01:58:24,042 [Listener at 127.0.0.1/10676] INFO  handler.ContextHandler (ContextHandler.java:doStop(1016)) - Stopped o.e.j.w.WebAppContext@c1c7177{hddsDatanode,/,null,UNAVAILABLE}{jar:file:/home/user/.m2/repository/org/apache/hadoop/hadoop-hdds-container-service/1.1.0-SNAPSHOT/hadoop-hdds-container-service-1.1.0-SNAPSHOT.jar!/webapps/hddsDatanode}
2020-10-15 01:58:24,043 [ForkJoinPool.commonPool-worker-1] INFO  server.AbstractConnector (AbstractConnector.java:doStop(380)) - Stopped ServerConnector@74806150{HTTP/1.1,[http/1.1]}{0.0.0.0:0}
2020-10-15 01:58:24,044 [ForkJoinPool.commonPool-worker-1] INFO  server.session (HouseKeeper.java:stopScavenging(158)) - node0 Stopped scavenging
2020-10-15 01:58:24,044 [ForkJoinPool.commonPool-worker-1] INFO  handler.ContextHandler (ContextHandler.java:doStop(1016)) - Stopped o.e.j.s.ServletContextHandler@388b944f{static,/static,jar:file:/home/user/.m2/repository/org/apache/hadoop/hadoop-hdds-container-service/1.1.0-SNAPSHOT/hadoop-hdds-container-service-1.1.0-SNAPSHOT.jar!/webapps/static,UNAVAILABLE}
2020-10-15 01:58:24,045 [ForkJoinPool.commonPool-worker-1] INFO  handler.ContextHandler (ContextHandler.java:doStop(1016)) - Stopped o.e.j.s.ServletContextHandler@208ba194{logs,/logs,file:///github/workspace/mnt/ozone/hadoop-ozone/integration-test/target/log,UNAVAILABLE}
2020-10-15 01:58:24,045 [Listener at 127.0.0.1/10676] INFO  server.AbstractConnector (AbstractConnector.java:doStop(380)) - Stopped ServerConnector@544e760d{HTTP/1.1,[http/1.1]}{0.0.0.0:0}
2020-10-15 01:58:24,047 [Listener at 127.0.0.1/10676] INFO  server.session (HouseKeeper.java:stopScavenging(158)) - node0 Stopped scavenging
2020-10-15 01:58:24,047 [Listener at 127.0.0.1/10676] INFO  handler.ContextHandler (ContextHandler.java:doStop(1016)) - Stopped o.e.j.s.ServletContextHandler@2f669c3a{static,/static,jar:file:/home/user/.m2/repository/org/apache/hadoop/hadoop-hdds-container-service/1.1.0-SNAPSHOT/hadoop-hdds-container-service-1.1.0-SNAPSHOT.jar!/webapps/static,UNAVAILABLE}
2020-10-15 01:58:24,047 [Listener at 127.0.0.1/10676] INFO  handler.ContextHandler (ContextHandler.java:doStop(1016)) - Stopped o.e.j.s.ServletContextHandler@3075eb83{logs,/logs,file:///github/workspace/mnt/ozone/hadoop-ozone/integration-test/target/log,UNAVAILABLE}
2020-10-15 01:58:24,325 [Datanode State Machine Thread - 0] INFO  statemachine.DatanodeStateMachine (DatanodeStateMachine.java:lambda$startDaemon$0(405)) - Ozone container server started.
2020-10-15 01:58:27,611 [Thread-341] INFO  impl.FollowerState (FollowerState.java:run(108)) - 3614fa51-5170-4dd9-b705-f57b34412c98@group-60CB6515E51C-FollowerState: change to CANDIDATE, lastRpcTime:5083ms, electionTimeout:5076ms
2020-10-15 01:58:27,612 [Thread-341] INFO  impl.RoleInfo (RoleInfo.java:shutdownFollowerState(121)) - 3614fa51-5170-4dd9-b705-f57b34412c98: shutdown FollowerState
2020-10-15 01:58:27,612 [Thread-341] INFO  impl.RaftServerImpl (RaftServerImpl.java:setRole(198)) - 3614fa51-5170-4dd9-b705-f57b34412c98@group-60CB6515E51C: changes role from  FOLLOWER to CANDIDATE at term 1 for changeToCandidate
2020-10-15 01:58:27,612 [Thread-341] INFO  impl.RoleInfo (RoleInfo.java:updateAndGet(143)) - 3614fa51-5170-4dd9-b705-f57b34412c98: start LeaderElection
2020-10-15 01:58:27,613 [3614fa51-5170-4dd9-b705-f57b34412c98@group-60CB6515E51C-LeaderElection9] INFO  impl.RaftServerImpl (ServerState.java:setLeader(256)) - 3614fa51-5170-4dd9-b705-f57b34412c98@group-60CB6515E51C: change Leader from a7c521c8-eaf2-40db-9c87-5299207baa36 to null at term 1 for initElection
2020-10-15 01:58:27,615 [3614fa51-5170-4dd9-b705-f57b34412c98@group-60CB6515E51C-LeaderElection9] INFO  impl.LeaderElection (LeaderElection.java:askForVotes(210)) - 3614fa51-5170-4dd9-b705-f57b34412c98@group-60CB6515E51C-LeaderElection9: begin an election at term 2 for 0: [c5e645a5-945b-4d0f-8bf9-d2f53ff82cc9:172.17.0.2:43759:0, a7c521c8-eaf2-40db-9c87-5299207baa36:172.17.0.2:45115:0, 3614fa51-5170-4dd9-b705-f57b34412c98:172.17.0.2:33253:0], old=null
2020-10-15 01:58:27,640 [3614fa51-5170-4dd9-b705-f57b34412c98@group-60CB6515E51C-LeaderElection9] INFO  impl.LeaderElection (LogUtils.java:infoOrTrace(137)) - 3614fa51-5170-4dd9-b705-f57b34412c98@group-60CB6515E51C-LeaderElection9 got exception when requesting votes: java.util.concurrent.ExecutionException: org.apache.ratis.thirdparty.io.grpc.StatusRuntimeException: UNAVAILABLE: io exception
2020-10-15 01:58:27,640 [3614fa51-5170-4dd9-b705-f57b34412c98@group-60CB6515E51C-LeaderElection9] INFO  impl.LeaderElection (LogUtils.java:infoOrTrace(137)) - 3614fa51-5170-4dd9-b705-f57b34412c98@group-60CB6515E51C-LeaderElection9 got exception when requesting votes: java.util.concurrent.ExecutionException: org.apache.ratis.thirdparty.io.grpc.StatusRuntimeException: UNAVAILABLE: io exception
2020-10-15 01:58:27,640 [3614fa51-5170-4dd9-b705-f57b34412c98@group-60CB6515E51C-LeaderElection9] INFO  impl.LeaderElection (LeaderElection.java:logAndReturn(62)) - 3614fa51-5170-4dd9-b705-f57b34412c98@group-60CB6515E51C-LeaderElection9: Election REJECTED; received 0 response(s) [] and 2 exception(s); 3614fa51-5170-4dd9-b705-f57b34412c98@group-60CB6515E51C:t2, leader=null, voted=3614fa51-5170-4dd9-b705-f57b34412c98, raftlog=3614fa51-5170-4dd9-b705-f57b34412c98@group-60CB6515E51C-SegmentedRaftLog:OPENED:c0,f0,i0, conf=0: [c5e645a5-945b-4d0f-8bf9-d2f53ff82cc9:172.17.0.2:43759:0, a7c521c8-eaf2-40db-9c87-5299207baa36:172.17.0.2:45115:0, 3614fa51-5170-4dd9-b705-f57b34412c98:172.17.0.2:33253:0], old=null
2020-10-15 01:58:27,641 [3614fa51-5170-4dd9-b705-f57b34412c98@group-60CB6515E51C-LeaderElection9] INFO  impl.LeaderElection (LogUtils.java:infoOrTrace(137)) -   Exception 0: java.util.concurrent.ExecutionException: org.apache.ratis.thirdparty.io.grpc.StatusRuntimeException: UNAVAILABLE: io exception
2020-10-15 01:58:27,641 [3614fa51-5170-4dd9-b705-f57b34412c98@group-60CB6515E51C-LeaderElection9] INFO  impl.LeaderElection (LogUtils.java:infoOrTrace(137)) -   Exception 1: java.util.concurrent.ExecutionException: org.apache.ratis.thirdparty.io.grpc.StatusRuntimeException: UNAVAILABLE: io exception
2020-10-15 01:58:27,641 [3614fa51-5170-4dd9-b705-f57b34412c98@group-60CB6515E51C-LeaderElection9] INFO  impl.RaftServerImpl (RaftServerImpl.java:setRole(198)) - 3614fa51-5170-4dd9-b705-f57b34412c98@group-60CB6515E51C: changes role from CANDIDATE to FOLLOWER at term 2 for DISCOVERED_A_NEW_TERM
2020-10-15 01:58:27,641 [3614fa51-5170-4dd9-b705-f57b34412c98@group-60CB6515E51C-LeaderElection9] INFO  impl.RoleInfo (RoleInfo.java:shutdownLeaderElection(134)) - 3614fa51-5170-4dd9-b705-f57b34412c98: shutdown LeaderElection
2020-10-15 01:58:27,641 [3614fa51-5170-4dd9-b705-f57b34412c98@group-60CB6515E51C-LeaderElection9] INFO  impl.RoleInfo (RoleInfo.java:updateAndGet(143)) - 3614fa51-5170-4dd9-b705-f57b34412c98: start FollowerState
2020-10-15 01:58:29,048 [ForkJoinPool.commonPool-worker-1] INFO  ozoneimpl.OzoneContainer (OzoneContainer.java:stop(259)) - Attempting to stop container services.
2020-10-15 01:58:29,049 [ForkJoinPool.commonPool-worker-1] INFO  impl.RaftServerProxy (RaftServerProxy.java:lambda$close$4(322)) - 3614fa51-5170-4dd9-b705-f57b34412c98: close
2020-10-15 01:58:29,049 [ForkJoinPool.commonPool-worker-1] INFO  impl.RaftServerImpl (RaftServerImpl.java:lambda$shutdown$3(321)) - 3614fa51-5170-4dd9-b705-f57b34412c98@group-EF60F5D3D20E: shutdown
2020-10-15 01:58:29,049 [ForkJoinPool.commonPool-worker-1] INFO  util.JmxRegister (JmxRegister.java:unregister(73)) - Successfully un-registered JMX Bean with object name Ratis:service=RaftServer,group=group-EF60F5D3D20E,id=3614fa51-5170-4dd9-b705-f57b34412c98
2020-10-15 01:58:29,049 [ForkJoinPool.commonPool-worker-1] INFO  impl.RoleInfo (RoleInfo.java:shutdownLeaderState(104)) - 3614fa51-5170-4dd9-b705-f57b34412c98: shutdown LeaderState
2020-10-15 01:58:29,050 [ForkJoinPool.commonPool-worker-1] INFO  impl.PendingRequests (PendingRequests.java:sendNotLeaderResponses(249)) - 3614fa51-5170-4dd9-b705-f57b34412c98@group-EF60F5D3D20E-PendingRequests: sendNotLeaderResponses
2020-10-15 01:58:29,050 [ForkJoinPool.commonPool-worker-1] INFO  metrics.RatisMetrics (RatisMetrics.java:unregister(43)) - Unregistering Metrics Registry : ratis.log_appender.3614fa51-5170-4dd9-b705-f57b34412c98@group-EF60F5D3D20E
2020-10-15 01:58:29,050 [ForkJoinPool.commonPool-worker-1] INFO  metrics.RatisMetrics (RatisMetrics.java:unregister(43)) - Unregistering Metrics Registry : ratis.server.3614fa51-5170-4dd9-b705-f57b34412c98@group-EF60F5D3D20E
2020-10-15 01:58:29,051 [ForkJoinPool.commonPool-worker-1] INFO  impl.StateMachineUpdater (StateMachineUpdater.java:stopAndJoin(142)) - 3614fa51-5170-4dd9-b705-f57b34412c98@group-EF60F5D3D20E-StateMachineUpdater: set stopIndex = 0
2020-10-15 01:58:29,051 [3614fa51-5170-4dd9-b705-f57b34412c98@group-EF60F5D3D20E-StateMachineUpdater] INFO  ratis.ContainerStateMachine (ContainerStateMachine.java:takeSnapshot(293)) - group-EF60F5D3D20E: Taking a snapshot at:(t:1, i:0) file /github/workspace/mnt/ozone/hadoop-ozone/integration-test/target/test-dir/MiniOzoneClusterImpl-58e8adfc-9d81-40cd-9dee-7bd6cd075720/datanode-2/data/ratis/db757287-4c7f-49c0-9106-ef60f5d3d20e/sm/snapshot.1_0
2020-10-15 01:58:29,052 [3614fa51-5170-4dd9-b705-f57b34412c98@group-EF60F5D3D20E-StateMachineUpdater] INFO  ratis.ContainerStateMachine (ContainerStateMachine.java:takeSnapshot(304)) - group-EF60F5D3D20E: Finished taking a snapshot at:(t:1, i:0) file:/github/workspace/mnt/ozone/hadoop-ozone/integration-test/target/test-dir/MiniOzoneClusterImpl-58e8adfc-9d81-40cd-9dee-7bd6cd075720/datanode-2/data/ratis/db757287-4c7f-49c0-9106-ef60f5d3d20e/sm/snapshot.1_0 time:1
2020-10-15 01:58:29,052 [3614fa51-5170-4dd9-b705-f57b34412c98@group-EF60F5D3D20E-StateMachineUpdater] INFO  impl.StateMachineUpdater (StateMachineUpdater.java:takeSnapshot(277)) - 3614fa51-5170-4dd9-b705-f57b34412c98@group-EF60F5D3D20E-StateMachineUpdater: Took a snapshot at index 0
2020-10-15 01:58:29,052 [3614fa51-5170-4dd9-b705-f57b34412c98@group-EF60F5D3D20E-StateMachineUpdater] INFO  impl.StateMachineUpdater (StateMachineUpdater.java:lambda$new$0(87)) - 3614fa51-5170-4dd9-b705-f57b34412c98@group-EF60F5D3D20E-StateMachineUpdater: snapshotIndex: updateIncreasingly -1 -> 0
2020-10-15 01:58:29,053 [3614fa51-5170-4dd9-b705-f57b34412c98@group-EF60F5D3D20E-StateMachineUpdater] INFO  metrics.RatisMetrics (RatisMetrics.java:unregister(43)) - Unregistering Metrics Registry : ratis.state_machine.3614fa51-5170-4dd9-b705-f57b34412c98@group-EF60F5D3D20E
2020-10-15 01:58:29,053 [ForkJoinPool.commonPool-worker-1] INFO  impl.RaftServerImpl (ServerState.java:close(405)) - 3614fa51-5170-4dd9-b705-f57b34412c98@group-EF60F5D3D20E: closes. applyIndex: 0
2020-10-15 01:58:29,053 [3614fa51-5170-4dd9-b705-f57b34412c98@group-EF60F5D3D20E-SegmentedRaftLogWorker] INFO  segmented.SegmentedRaftLogWorker (SegmentedRaftLogWorker.java:run(327)) - 3614fa51-5170-4dd9-b705-f57b34412c98@group-EF60F5D3D20E-SegmentedRaftLogWorker was interrupted, exiting. There are 0 tasks remaining in the queue.
2020-10-15 01:58:29,054 [ForkJoinPool.commonPool-worker-1] INFO  segmented.SegmentedRaftLogWorker (SegmentedRaftLogWorker.java:close(234)) - 3614fa51-5170-4dd9-b705-f57b34412c98@group-EF60F5D3D20E-SegmentedRaftLogWorker close()
2020-10-15 01:58:29,054 [ForkJoinPool.commonPool-worker-1] INFO  metrics.RatisMetrics (RatisMetrics.java:unregister(43)) - Unregistering Metrics Registry : ratis.log_worker.3614fa51-5170-4dd9-b705-f57b34412c98@group-EF60F5D3D20E
2020-10-15 01:58:29,055 [ForkJoinPool.commonPool-worker-1] INFO  metrics.RatisMetrics (RatisMetrics.java:unregister(43)) - Unregistering Metrics Registry : ratis.leader_election.3614fa51-5170-4dd9-b705-f57b34412c98@group-EF60F5D3D20E
2020-10-15 01:58:29,055 [ForkJoinPool.commonPool-worker-1] INFO  metrics.RatisMetrics (RatisMetrics.java:unregister(43)) - Unregistering Metrics Registry : ratis.server.3614fa51-5170-4dd9-b705-f57b34412c98@group-EF60F5D3D20E
2020-10-15 01:58:29,055 [ForkJoinPool.commonPool-worker-1] INFO  impl.RaftServerImpl (RaftServerImpl.java:lambda$shutdown$3(321)) - 3614fa51-5170-4dd9-b705-f57b34412c98@group-60CB6515E51C: shutdown
2020-10-15 01:58:29,055 [ForkJoinPool.commonPool-worker-1] INFO  util.JmxRegister (JmxRegister.java:unregister(73)) - Successfully un-registered JMX Bean with object name Ratis:service=RaftServer,group=group-60CB6515E51C,id=3614fa51-5170-4dd9-b705-f57b34412c98
2020-10-15 01:58:29,055 [ForkJoinPool.commonPool-worker-1] INFO  impl.RoleInfo (RoleInfo.java:shutdownFollowerState(121)) - 3614fa51-5170-4dd9-b705-f57b34412c98: shutdown FollowerState
2020-10-15 01:58:29,055 [Thread-384] INFO  impl.FollowerState (FollowerState.java:run(117)) - 3614fa51-5170-4dd9-b705-f57b34412c98@group-60CB6515E51C-FollowerState was interrupted: java.lang.InterruptedException: sleep interrupted
2020-10-15 01:58:29,055 [ForkJoinPool.commonPool-worker-1] INFO  impl.StateMachineUpdater (StateMachineUpdater.java:stopAndJoin(142)) - 3614fa51-5170-4dd9-b705-f57b34412c98@group-60CB6515E51C-StateMachineUpdater: set stopIndex = 0
2020-10-15 01:58:29,056 [3614fa51-5170-4dd9-b705-f57b34412c98@group-60CB6515E51C-StateMachineUpdater] INFO  ratis.ContainerStateMachine (ContainerStateMachine.java:takeSnapshot(293)) - group-60CB6515E51C: Taking a snapshot at:(t:1, i:0) file /github/workspace/mnt/ozone/hadoop-ozone/integration-test/target/test-dir/MiniOzoneClusterImpl-58e8adfc-9d81-40cd-9dee-7bd6cd075720/datanode-2/data/ratis/8796061d-8606-4031-b654-60cb6515e51c/sm/snapshot.1_0
2020-10-15 01:58:29,056 [3614fa51-5170-4dd9-b705-f57b34412c98@group-60CB6515E51C-StateMachineUpdater] INFO  ratis.ContainerStateMachine (ContainerStateMachine.java:takeSnapshot(304)) - group-60CB6515E51C: Finished taking a snapshot at:(t:1, i:0) file:/github/workspace/mnt/ozone/hadoop-ozone/integration-test/target/test-dir/MiniOzoneClusterImpl-58e8adfc-9d81-40cd-9dee-7bd6cd075720/datanode-2/data/ratis/8796061d-8606-4031-b654-60cb6515e51c/sm/snapshot.1_0 time:1
2020-10-15 01:58:29,057 [3614fa51-5170-4dd9-b705-f57b34412c98@group-60CB6515E51C-StateMachineUpdater] INFO  impl.StateMachineUpdater (StateMachineUpdater.java:takeSnapshot(277)) - 3614fa51-5170-4dd9-b705-f57b34412c98@group-60CB6515E51C-StateMachineUpdater: Took a snapshot at index 0
2020-10-15 01:58:29,057 [3614fa51-5170-4dd9-b705-f57b34412c98@group-60CB6515E51C-StateMachineUpdater] INFO  impl.StateMachineUpdater (StateMachineUpdater.java:lambda$new$0(87)) - 3614fa51-5170-4dd9-b705-f57b34412c98@group-60CB6515E51C-StateMachineUpdater: snapshotIndex: updateIncreasingly -1 -> 0
2020-10-15 01:58:29,057 [3614fa51-5170-4dd9-b705-f57b34412c98@group-60CB6515E51C-StateMachineUpdater] INFO  metrics.RatisMetrics (RatisMetrics.java:unregister(43)) - Unregistering Metrics Registry : ratis.state_machine.3614fa51-5170-4dd9-b705-f57b34412c98@group-60CB6515E51C
2020-10-15 01:58:29,057 [ForkJoinPool.commonPool-worker-1] INFO  impl.RaftServerImpl (ServerState.java:close(405)) - 3614fa51-5170-4dd9-b705-f57b34412c98@group-60CB6515E51C: closes. applyIndex: 0
2020-10-15 01:58:29,057 [3614fa51-5170-4dd9-b705-f57b34412c98@group-60CB6515E51C-SegmentedRaftLogWorker] INFO  segmented.SegmentedRaftLogWorker (SegmentedRaftLogWorker.java:run(327)) - 3614fa51-5170-4dd9-b705-f57b34412c98@group-60CB6515E51C-SegmentedRaftLogWorker was interrupted, exiting. There are 0 tasks remaining in the queue.
2020-10-15 01:58:29,057 [ForkJoinPool.commonPool-worker-1] INFO  segmented.SegmentedRaftLogWorker (SegmentedRaftLogWorker.java:close(234)) - 3614fa51-5170-4dd9-b705-f57b34412c98@group-60CB6515E51C-SegmentedRaftLogWorker close()
2020-10-15 01:58:29,058 [ForkJoinPool.commonPool-worker-1] INFO  metrics.RatisMetrics (RatisMetrics.java:unregister(43)) - Unregistering Metrics Registry : ratis.log_worker.3614fa51-5170-4dd9-b705-f57b34412c98@group-60CB6515E51C
2020-10-15 01:58:29,058 [ForkJoinPool.commonPool-worker-1] INFO  metrics.RatisMetrics (RatisMetrics.java:unregister(43)) - Unregistering Metrics Registry : ratis.leader_election.3614fa51-5170-4dd9-b705-f57b34412c98@group-60CB6515E51C
2020-10-15 01:58:29,058 [ForkJoinPool.commonPool-worker-1] INFO  metrics.RatisMetrics (RatisMetrics.java:unregister(43)) - Unregistering Metrics Registry : ratis.server.3614fa51-5170-4dd9-b705-f57b34412c98@group-60CB6515E51C
2020-10-15 01:58:29,058 [ForkJoinPool.commonPool-worker-1] INFO  server.GrpcService (GrpcService.java:closeImpl(183)) - 3614fa51-5170-4dd9-b705-f57b34412c98: shutdown server with port 33253 now
2020-10-15 01:58:29,060 [ForkJoinPool.commonPool-worker-1] INFO  server.GrpcService (GrpcService.java:closeImpl(191)) - 3614fa51-5170-4dd9-b705-f57b34412c98: shutdown server with port 33253 successfully
2020-10-15 01:58:29,062 [ForkJoinPool.commonPool-worker-1] INFO  utils.BackgroundService (BackgroundService.java:shutdown(132)) - Shutting down service BlockDeletingService
2020-10-15 01:58:29,063 [ForkJoinPool.commonPool-worker-1] INFO  statemachine.DatanodeStateMachine (DatanodeStateMachine.java:stopDaemon(453)) - Ozone container server stopped.
2020-10-15 01:58:29,073 [ForkJoinPool.commonPool-worker-1] INFO  handler.ContextHandler (ContextHandler.java:doStop(1016)) - Stopped o.e.j.w.WebAppContext@3d1d3067{hddsDatanode,/,null,UNAVAILABLE}{jar:file:/home/user/.m2/repository/org/apache/hadoop/hadoop-hdds-container-service/1.1.0-SNAPSHOT/hadoop-hdds-container-service-1.1.0-SNAPSHOT.jar!/webapps/hddsDatanode}
2020-10-15 01:58:29,073 [ForkJoinPool.commonPool-worker-1] INFO  server.AbstractConnector (AbstractConnector.java:doStop(380)) - Stopped ServerConnector@707bf159{HTTP/1.1,[http/1.1]}{0.0.0.0:0}
2020-10-15 01:58:29,073 [ForkJoinPool.commonPool-worker-1] INFO  server.session (HouseKeeper.java:stopScavenging(158)) - node0 Stopped scavenging
2020-10-15 01:58:29,074 [ForkJoinPool.commonPool-worker-1] INFO  handler.ContextHandler (ContextHandler.java:doStop(1016)) - Stopped o.e.j.s.ServletContextHandler@11ec55c3{static,/static,jar:file:/home/user/.m2/repository/org/apache/hadoop/hadoop-hdds-container-service/1.1.0-SNAPSHOT/hadoop-hdds-container-service-1.1.0-SNAPSHOT.jar!/webapps/static,UNAVAILABLE}
2020-10-15 01:58:29,075 [ForkJoinPool.commonPool-worker-1] INFO  handler.ContextHandler (ContextHandler.java:doStop(1016)) - Stopped o.e.j.s.ServletContextHandler@252d0cc9{logs,/logs,file:///github/workspace/mnt/ozone/hadoop-ozone/integration-test/target/log,UNAVAILABLE}
2020-10-15 01:58:29,076 [Listener at 127.0.0.1/10676] INFO  ozone.MiniOzoneClusterImpl (MiniOzoneClusterImpl.java:stopSCM(476)) - Stopping the StorageContainerManager
2020-10-15 01:58:29,076 [Listener at 127.0.0.1/10676] INFO  server.StorageContainerManager (StorageContainerManager.java:stop(832)) - Stopping Replication Manager Service.
2020-10-15 01:58:29,077 [Listener at 127.0.0.1/10676] INFO  container.ReplicationManager (ReplicationManager.java:stop(219)) - Stopping Replication Monitor Thread.
2020-10-15 01:58:29,077 [Listener at 127.0.0.1/10676] INFO  server.StorageContainerManager (StorageContainerManager.java:stop(839)) - Stopping Lease Manager of the command watchers
2020-10-15 01:58:29,077 [Listener at 127.0.0.1/10676] INFO  server.StorageContainerManager (StorageContainerManager.java:stop(846)) - Stopping datanode service RPC server
2020-10-15 01:58:29,077 [CommandWatcher-LeaseManager#LeaseMonitor] ERROR lease.LeaseManager (LeaseManager.java:run(238)) - Execution was interrupted 
java.lang.InterruptedException: sleep interrupted
	at java.lang.Thread.sleep(Native Method)
	at org.apache.hadoop.ozone.lease.LeaseManager$LeaseMonitor.run(LeaseManager.java:234)
	at java.lang.Thread.run(Thread.java:748)
2020-10-15 01:58:29,077 [Listener at 127.0.0.1/10676] INFO  server.SCMDatanodeProtocolServer (SCMDatanodeProtocolServer.java:stop(361)) - Stopping the RPC server for DataNodes
2020-10-15 01:58:29,078 [Listener at 127.0.0.1/10676] INFO  ipc.Server (Server.java:stop(3359)) - Stopping server on 42979
2020-10-15 01:58:29,079 [IPC Server Responder] INFO  ipc.Server (Server.java:run(1465)) - Stopping IPC Server Responder
2020-10-15 01:58:29,079 [IPC Server listener on 0] INFO  ipc.Server (Server.java:run(1330)) - Stopping IPC Server listener on 0
2020-10-15 01:58:29,157 [SCM Heartbeat Processing Thread - 0] WARN  node.NodeStateManager (NodeStateManager.java:scheduleNextHealthCheck(661)) - Current Thread is interrupted, shutting down HB processing thread for Node Manager.
2020-10-15 01:58:29,157 [Listener at 127.0.0.1/10676] INFO  server.StorageContainerManager (StorageContainerManager.java:stop(854)) - Stopping block service RPC server
2020-10-15 01:58:29,157 [Listener at 127.0.0.1/10676] INFO  server.SCMBlockProtocolServer (SCMBlockProtocolServer.java:stop(158)) - Stopping the RPC server for Block Protocol
2020-10-15 01:58:29,157 [Listener at 127.0.0.1/10676] INFO  ipc.Server (Server.java:stop(3359)) - Stopping server on 34739
2020-10-15 01:58:29,159 [IPC Server listener on 0] INFO  ipc.Server (Server.java:run(1330)) - Stopping IPC Server listener on 0
2020-10-15 01:58:29,160 [Listener at 127.0.0.1/10676] INFO  server.StorageContainerManager (StorageContainerManager.java:stop(861)) - Stopping the StorageContainerLocationProtocol RPC server
2020-10-15 01:58:29,160 [IPC Server Responder] INFO  ipc.Server (Server.java:run(1465)) - Stopping IPC Server Responder
2020-10-15 01:58:29,160 [Listener at 127.0.0.1/10676] INFO  server.SCMClientProtocolServer (SCMClientProtocolServer.java:stop(165)) - Stopping the RPC server for Client Protocol
2020-10-15 01:58:29,160 [Listener at 127.0.0.1/10676] INFO  ipc.Server (Server.java:stop(3359)) - Stopping server on 39443
2020-10-15 01:58:29,163 [IPC Server listener on 0] INFO  ipc.Server (Server.java:run(1330)) - Stopping IPC Server listener on 0
2020-10-15 01:58:29,164 [IPC Server Responder] INFO  ipc.Server (Server.java:run(1465)) - Stopping IPC Server Responder
2020-10-15 01:58:29,164 [Listener at 127.0.0.1/10676] INFO  server.StorageContainerManager (StorageContainerManager.java:stop(868)) - Stopping Storage Container Manager HTTP server.
2020-10-15 01:58:29,165 [Listener at 127.0.0.1/10676] INFO  handler.ContextHandler (ContextHandler.java:doStop(1016)) - Stopped o.e.j.w.WebAppContext@d19514e{scm,/,null,UNAVAILABLE}{file:/github/workspace/mnt/ozone/hadoop-ozone/integration-test/target/test-classes/webapps/scm}
2020-10-15 01:58:29,166 [Listener at 127.0.0.1/10676] INFO  server.AbstractConnector (AbstractConnector.java:doStop(380)) - Stopped ServerConnector@49679797{HTTP/1.1,[http/1.1]}{0.0.0.0:0}
2020-10-15 01:58:29,166 [Listener at 127.0.0.1/10676] INFO  server.session (HouseKeeper.java:stopScavenging(158)) - node0 Stopped scavenging
2020-10-15 01:58:29,166 [Listener at 127.0.0.1/10676] INFO  handler.ContextHandler (ContextHandler.java:doStop(1016)) - Stopped o.e.j.s.ServletContextHandler@64825757{static,/static,file:///github/workspace/mnt/ozone/hadoop-ozone/integration-test/target/test-classes/webapps/static,UNAVAILABLE}
2020-10-15 01:58:29,166 [Listener at 127.0.0.1/10676] INFO  handler.ContextHandler (ContextHandler.java:doStop(1016)) - Stopped o.e.j.s.ServletContextHandler@17660042{logs,/logs,file:///github/workspace/mnt/ozone/hadoop-ozone/integration-test/target/log,UNAVAILABLE}
2020-10-15 01:58:29,167 [Listener at 127.0.0.1/10676] INFO  server.StorageContainerManager (StorageContainerManager.java:stop(879)) - Stopping Block Manager Service.
2020-10-15 01:58:29,167 [Listener at 127.0.0.1/10676] INFO  utils.BackgroundService (BackgroundService.java:shutdown(132)) - Shutting down service SCMBlockDeletingService
2020-10-15 01:58:29,168 [Listener at 127.0.0.1/10676] INFO  utils.BackgroundService (BackgroundService.java:shutdown(132)) - Shutting down service SCMBlockDeletingService
2020-10-15 01:58:29,168 [Listener at 127.0.0.1/10676] INFO  server.StorageContainerManager (StorageContainerManager.java:stop(904)) - Stopping SCM Event Queue.
2020-10-15 01:58:29,172 [Listener at 127.0.0.1/10676] INFO  impl.MetricsSystemImpl (MetricsSystemImpl.java:stop(210)) - Stopping HddsDatanode metrics system...
2020-10-15 01:58:29,174 [prometheus] INFO  impl.MetricsSinkAdapter (MetricsSinkAdapter.java:publishMetricsFromQueue(141)) - prometheus thread interrupted.
2020-10-15 01:58:29,174 [Listener at 127.0.0.1/10676] INFO  impl.MetricsSystemImpl (MetricsSystemImpl.java:stop(216)) - HddsDatanode metrics system stopped.
]]></system-out>
  </testcase>
  <testcase name="testOMRetryProxy" classname="org.apache.hadoop.ozone.om.TestOzoneManagerHAMetadataOnly" time="25.435"/>
  <testcase name="testOMProxyProviderFailoverToCurrentLeader" classname="org.apache.hadoop.ozone.om.TestOzoneManagerHAMetadataOnly" time="25.522"/>
  <testcase name="testAllBucketOperations" classname="org.apache.hadoop.ozone.om.TestOzoneManagerHAMetadataOnly" time="23.441"/>
  <testcase name="testOMProxyProviderFailoverOnConnectionFailure" classname="org.apache.hadoop.ozone.om.TestOzoneManagerHAMetadataOnly" time="0">
    <skipped message="This test randomly failing. Let&apos;s enable once its fixed."/>
  </testcase>
  <testcase name="testJMXMetrics" classname="org.apache.hadoop.ozone.om.TestOzoneManagerHAMetadataOnly" time="23.427"/>
  <testcase name="testReadRequest" classname="org.apache.hadoop.ozone.om.TestOzoneManagerHAMetadataOnly" time="23.538"/>
  <testcase name="testAllVolumeOperations" classname="org.apache.hadoop.ozone.om.TestOzoneManagerHAMetadataOnly" time="23.544"/>
  <testcase name="testListVolumes" classname="org.apache.hadoop.ozone.om.TestOzoneManagerHAMetadataOnly" time="0">
    <skipped message="This test randomly failing. Let&apos;s enable once its fixed."/>
  </testcase>
  <testcase name="testOMProxyProviderInitialization" classname="org.apache.hadoop.ozone.om.TestOzoneManagerHAMetadataOnly" time="23.316"/>
</testsuite>