<?xml version="1.0" encoding="UTF-8"?>
<testsuite xmlns:xsi="http://www.w3.org/2001/XMLSchema-instance" xsi:noNamespaceSchemaLocation="https://maven.apache.org/surefire/maven-surefire-plugin/xsd/surefire-test-report-3.0.xsd" version="3.0" name="org.apache.hadoop.ozone.client.rpc.TestBlockOutputStream" time="31.292" tests="6" errors="0" skipped="0" failures="1">
  <properties>
    <property name="awt.toolkit" value="sun.awt.X11.XToolkit"/>
    <property name="file.encoding.pkg" value="sun.io"/>
    <property name="java.specification.version" value="1.8"/>
    <property name="sun.cpu.isalist" value=""/>
    <property name="sun.jnu.encoding" value="UTF-8"/>
    <property name="java.class.path" value="/home/runner/work/ozone/ozone/hadoop-ozone/integration-test/target/test-classes:/home/runner/work/ozone/ozone/hadoop-ozone/integration-test/target/classes:/home/runner/.m2/repository/org/apache/ozone/ozone-common/1.4.0-SNAPSHOT/ozone-common-1.4.0-SNAPSHOT.jar:/home/runner/.m2/repository/io/grpc/grpc-netty/1.48.1/grpc-netty-1.48.1.jar:/home/runner/.m2/repository/io/grpc/grpc-core/1.48.1/grpc-core-1.48.1.jar:/home/runner/.m2/repository/com/google/android/annotations/4.1.1.4/annotations-4.1.1.4.jar:/home/runner/.m2/repository/org/codehaus/mojo/animal-sniffer-annotations/1.21/animal-sniffer-annotations-1.21.jar:/home/runner/.m2/repository/com/google/errorprone/error_prone_annotations/2.2.0/error_prone_annotations-2.2.0.jar:/home/runner/.m2/repository/io/perfmark/perfmark-api/0.25.0/perfmark-api-0.25.0.jar:/home/runner/.m2/repository/io/netty/netty-codec-http2/4.1.77.Final/netty-codec-http2-4.1.77.Final.jar:/home/runner/.m2/repository/io/netty/netty-common/4.1.77.Final/netty-common-4.1.77.Final.jar:/home/runner/.m2/repository/io/netty/netty-buffer/4.1.77.Final/netty-buffer-4.1.77.Final.jar:/home/runner/.m2/repository/io/netty/netty-codec-http/4.1.77.Final/netty-codec-http-4.1.77.Final.jar:/home/runner/.m2/repository/io/netty/netty-handler-proxy/4.1.77.Final/netty-handler-proxy-4.1.77.Final.jar:/home/runner/.m2/repository/io/netty/netty-codec-socks/4.1.77.Final/netty-codec-socks-4.1.77.Final.jar:/home/runner/.m2/repository/io/netty/netty-tcnative-boringssl-static/2.0.52.Final/netty-tcnative-boringssl-static-2.0.52.Final.jar:/home/runner/.m2/repository/io/netty/netty-tcnative-classes/2.0.52.Final/netty-tcnative-classes-2.0.52.Final.jar:/home/runner/.m2/repository/io/netty/netty-tcnative-boringssl-static/2.0.52.Final/netty-tcnative-boringssl-static-2.0.52.Final-linux-x86_64.jar:/home/runner/.m2/repository/io/netty/netty-tcnative-boringssl-static/2.0.52.Final/netty-tcnative-boringssl-static-2.0.52.Final-linux-aarch_64.jar:/home/runner/.m2/repository/io/netty/netty-tcnative-boringssl-static/2.0.52.Final/netty-tcnative-boringssl-static-2.0.52.Final-osx-x86_64.jar:/home/runner/.m2/repository/io/netty/netty-tcnative-boringssl-static/2.0.52.Final/netty-tcnative-boringssl-static-2.0.52.Final-osx-aarch_64.jar:/home/runner/.m2/repository/io/netty/netty-tcnative-boringssl-static/2.0.52.Final/netty-tcnative-boringssl-static-2.0.52.Final-windows-x86_64.jar:/home/runner/.m2/repository/org/apache/commons/commons-compress/1.21/commons-compress-1.21.jar:/home/runner/.m2/repository/org/apache/ozone/hdds-common/1.4.0-SNAPSHOT/hdds-common-1.4.0-SNAPSHOT.jar:/home/runner/.m2/repository/org/apache/ozone/hdds-client/1.4.0-SNAPSHOT/hdds-client-1.4.0-SNAPSHOT.jar:/home/runner/.m2/repository/org/apache/ozone/ozone-interface-client/1.4.0-SNAPSHOT/ozone-interface-client-1.4.0-SNAPSHOT.jar:/home/runner/.m2/repository/org/apache/ozone/hdds-test-utils/1.4.0-SNAPSHOT/hdds-test-utils-1.4.0-SNAPSHOT.jar:/home/runner/.m2/repository/com/google/guava/guava/31.1-jre/guava-31.1-jre.jar:/home/runner/.m2/repository/com/google/guava/failureaccess/1.0.1/failureaccess-1.0.1.jar:/home/runner/.m2/repository/com/google/guava/listenablefuture/9999.0-empty-to-avoid-conflict-with-guava/listenablefuture-9999.0-empty-to-avoid-conflict-with-guava.jar:/home/runner/.m2/repository/com/google/code/findbugs/jsr305/3.0.0/jsr305-3.0.0.jar:/home/runner/.m2/repository/org/checkerframework/checker-qual/3.12.0/checker-qual-3.12.0.jar:/home/runner/.m2/repository/com/google/j2objc/j2objc-annotations/1.3/j2objc-annotations-1.3.jar:/home/runner/.m2/repository/commons-io/commons-io/2.11.0/commons-io-2.11.0.jar:/home/runner/.m2/repository/commons-logging/commons-logging/1.2/commons-logging-1.2.jar:/home/runner/.m2/repository/ch/qos/reload4j/reload4j/1.2.22/reload4j-1.2.22.jar:/home/runner/.m2/repository/org/slf4j/slf4j-api/1.7.36/slf4j-api-1.7.36.jar:/home/runner/.m2/repository/org/apache/ozone/hdds-server-scm/1.4.0-SNAPSHOT/hdds-server-scm-1.4.0-SNAPSHOT.jar:/home/runner/.m2/repository/org/apache/ozone/hdds-container-service/1.4.0-SNAPSHOT/hdds-container-service-1.4.0-SNAPSHOT.jar:/home/runner/.m2/repository/org/apache/ozone/hdds-hadoop-dependency-server/1.4.0-SNAPSHOT/hdds-hadoop-dependency-server-1.4.0-SNAPSHOT.jar:/home/runner/.m2/repository/org/apache/hadoop/hadoop-hdfs/3.3.4/hadoop-hdfs-3.3.4.jar:/home/runner/.m2/repository/org/eclipse/jetty/jetty-util-ajax/9.4.49.v20220914/jetty-util-ajax-9.4.49.v20220914.jar:/home/runner/.m2/repository/commons-daemon/commons-daemon/1.0.13/commons-daemon-1.0.13.jar:/home/runner/.m2/repository/org/apache/ozone/hdds-server-framework/1.4.0-SNAPSHOT/hdds-server-framework-1.4.0-SNAPSHOT.jar:/home/runner/.m2/repository/org/apache/ozone/hdds-interface-server/1.4.0-SNAPSHOT/hdds-interface-server-1.4.0-SNAPSHOT.jar:/home/runner/.m2/repository/org/apache/commons/commons-configuration2/2.1.1/commons-configuration2-2.1.1.jar:/home/runner/.m2/repository/org/apache/logging/log4j/log4j-core/2.17.1/log4j-core-2.17.1.jar:/home/runner/.m2/repository/com/lmax/disruptor/3.4.2/disruptor-3.4.2.jar:/home/runner/.m2/repository/org/eclipse/jetty/jetty-servlet/9.4.49.v20220914/jetty-servlet-9.4.49.v20220914.jar:/home/runner/.m2/repository/org/eclipse/jetty/jetty-security/9.4.49.v20220914/jetty-security-9.4.49.v20220914.jar:/home/runner/.m2/repository/org/rocksdb/rocksdbjni/7.7.3/rocksdbjni-7.7.3.jar:/home/runner/.m2/repository/io/prometheus/simpleclient_dropwizard/0.7.0/simpleclient_dropwizard-0.7.0.jar:/home/runner/.m2/repository/io/prometheus/simpleclient/0.7.0/simpleclient-0.7.0.jar:/home/runner/.m2/repository/io/prometheus/simpleclient_common/0.7.0/simpleclient_common-0.7.0.jar:/home/runner/.m2/repository/com/github/spotbugs/spotbugs-annotations/3.1.12/spotbugs-annotations-3.1.12.jar:/home/runner/.m2/repository/io/dropwizard/metrics/metrics-core/3.2.4/metrics-core-3.2.4.jar:/home/runner/.m2/repository/org/apache/commons/commons-text/1.4/commons-text-1.4.jar:/home/runner/.m2/repository/org/apache/hadoop/hadoop-hdfs-client/3.3.4/hadoop-hdfs-client-3.3.4.jar:/home/runner/.m2/repository/com/squareup/okhttp3/okhttp/4.9.3/okhttp-4.9.3.jar:/home/runner/.m2/repository/com/squareup/okio/okio/2.8.0/okio-2.8.0.jar:/home/runner/.m2/repository/org/jetbrains/kotlin/kotlin-stdlib-common/1.4.10/kotlin-stdlib-common-1.4.10.jar:/home/runner/.m2/repository/org/bouncycastle/bcprov-jdk15on/1.67/bcprov-jdk15on-1.67.jar:/home/runner/.m2/repository/com/google/protobuf/protobuf-java/2.5.0/protobuf-java-2.5.0.jar:/home/runner/.m2/repository/org/apache/ozone/ozone-manager/1.4.0-SNAPSHOT/ozone-manager-1.4.0-SNAPSHOT.jar:/home/runner/.m2/repository/org/aspectj/aspectjrt/1.9.7/aspectjrt-1.9.7.jar:/home/runner/.m2/repository/org/aspectj/aspectjweaver/1.9.7/aspectjweaver-1.9.7.jar:/home/runner/.m2/repository/org/apache/ozone/hdds-interface-client/1.4.0-SNAPSHOT/hdds-interface-client-1.4.0-SNAPSHOT.jar:/home/runner/.m2/repository/org/apache/hadoop/thirdparty/hadoop-shaded-protobuf_3_7/1.1.1/hadoop-shaded-protobuf_3_7-1.1.1.jar:/home/runner/.m2/repository/org/apache/ozone/ozone-interface-storage/1.4.0-SNAPSHOT/ozone-interface-storage-1.4.0-SNAPSHOT.jar:/home/runner/.m2/repository/org/reflections/reflections/0.9.11/reflections-0.9.11.jar:/home/runner/.m2/repository/com/sun/jersey/jersey-client/1.19/jersey-client-1.19.jar:/home/runner/.m2/repository/org/apache/ranger/ranger-intg/2.3.0/ranger-intg-2.3.0.jar:/home/runner/.m2/repository/org/apache/ranger/ranger-plugins-common/2.3.0/ranger-plugins-common-2.3.0.jar:/home/runner/.m2/repository/commons-lang/commons-lang/2.6/commons-lang-2.6.jar:/home/runner/.m2/repository/org/codehaus/jackson/jackson-jaxrs/1.9.13/jackson-jaxrs-1.9.13.jar:/home/runner/.m2/repository/org/apache/ranger/ranger-plugins-cred/2.3.0/ranger-plugins-cred-2.3.0.jar:/home/runner/.m2/repository/org/apache/ranger/ranger-plugins-audit/2.3.0/ranger-plugins-audit-2.3.0.jar:/home/runner/.m2/repository/org/eclipse/jetty/jetty-client/9.4.31.v20200723/jetty-client-9.4.31.v20200723.jar:/home/runner/.m2/repository/org/apache/httpcomponents/httpmime/4.5.6/httpmime-4.5.6.jar:/home/runner/.m2/repository/org/apache/httpcomponents/httpcore-nio/4.4.6/httpcore-nio-4.4.6.jar:/home/runner/.m2/repository/org/apache/httpcomponents/httpasyncclient/4.1.3/httpasyncclient-4.1.3.jar:/home/runner/.m2/repository/com/carrotsearch/hppc/0.8.0/hppc-0.8.0.jar:/home/runner/.m2/repository/org/apache/orc/orc-core/1.5.8/orc-core-1.5.8.jar:/home/runner/.m2/repository/net/java/dev/jna/jna/5.2.0/jna-5.2.0.jar:/home/runner/.m2/repository/net/java/dev/jna/jna-platform/5.2.0/jna-platform-5.2.0.jar:/home/runner/.m2/repository/com/kstruct/gethostname4j/0.0.2/gethostname4j-0.0.2.jar:/home/runner/.m2/repository/org/apache/ranger/ranger-plugin-classloader/2.3.0/ranger-plugin-classloader-2.3.0.jar:/home/runner/.m2/repository/org/apache/hadoop/hadoop-minikdc/3.3.4/hadoop-minikdc-3.3.4.jar:/home/runner/.m2/repository/org/apache/kerby/kerb-simplekdc/1.0.1/kerb-simplekdc-1.0.1.jar:/home/runner/.m2/repository/org/apache/kerby/kerb-client/1.0.1/kerb-client-1.0.1.jar:/home/runner/.m2/repository/org/apache/kerby/kerby-config/1.0.1/kerby-config-1.0.1.jar:/home/runner/.m2/repository/org/apache/kerby/kerb-common/1.0.1/kerb-common-1.0.1.jar:/home/runner/.m2/repository/org/apache/kerby/kerb-crypto/1.0.1/kerb-crypto-1.0.1.jar:/home/runner/.m2/repository/org/apache/kerby/kerb-util/1.0.1/kerb-util-1.0.1.jar:/home/runner/.m2/repository/org/apache/kerby/token-provider/1.0.1/token-provider-1.0.1.jar:/home/runner/.m2/repository/org/apache/kerby/kerb-admin/1.0.1/kerb-admin-1.0.1.jar:/home/runner/.m2/repository/org/apache/kerby/kerb-server/1.0.1/kerb-server-1.0.1.jar:/home/runner/.m2/repository/org/apache/kerby/kerb-identity/1.0.1/kerb-identity-1.0.1.jar:/home/runner/.m2/repository/org/apache/kerby/kerby-xdr/1.0.1/kerby-xdr-1.0.1.jar:/home/runner/.m2/repository/org/apache/ozone/ozone-s3gateway/1.4.0-SNAPSHOT/ozone-s3gateway-1.4.0-SNAPSHOT.jar:/home/runner/.m2/repository/org/javassist/javassist/3.21.0-GA/javassist-3.21.0-GA.jar:/home/runner/.m2/repository/org/jboss/weld/servlet/weld-servlet/2.4.7.Final/weld-servlet-2.4.7.Final.jar:/home/runner/.m2/repository/org/glassfish/jersey/containers/jersey-container-servlet-core/2.34/jersey-container-servlet-core-2.34.jar:/home/runner/.m2/repository/org/glassfish/hk2/external/jakarta.inject/2.6.1/jakarta.inject-2.6.1.jar:/home/runner/.m2/repository/org/glassfish/jersey/core/jersey-common/2.34/jersey-common-2.34.jar:/home/runner/.m2/repository/jakarta/ws/rs/jakarta.ws.rs-api/2.1.6/jakarta.ws.rs-api-2.1.6.jar:/home/runner/.m2/repository/org/glassfish/jersey/ext/cdi/jersey-cdi1x/2.34/jersey-cdi1x-2.34.jar:/home/runner/.m2/repository/org/glassfish/jersey/inject/jersey-hk2/2.34/jersey-hk2-2.34.jar:/home/runner/.m2/repository/org/glassfish/hk2/hk2-locator/2.6.1/hk2-locator-2.6.1.jar:/home/runner/.m2/repository/org/glassfish/jersey/media/jersey-media-jaxb/2.34/jersey-media-jaxb-2.34.jar:/home/runner/.m2/repository/org/glassfish/hk2/osgi-resource-locator/1.0.3/osgi-resource-locator-1.0.3.jar:/home/runner/.m2/repository/org/glassfish/hk2/hk2-api/2.5.0/hk2-api-2.5.0.jar:/home/runner/.m2/repository/org/glassfish/hk2/hk2-utils/2.5.0/hk2-utils-2.5.0.jar:/home/runner/.m2/repository/org/glassfish/hk2/external/aopalliance-repackaged/2.5.0/aopalliance-repackaged-2.5.0.jar:/home/runner/.m2/repository/com/fasterxml/jackson/dataformat/jackson-dataformat-xml/2.13.4/jackson-dataformat-xml-2.13.4.jar:/home/runner/.m2/repository/com/fasterxml/jackson/core/jackson-core/2.13.4/jackson-core-2.13.4.jar:/home/runner/.m2/repository/org/codehaus/woodstox/stax2-api/4.2.1/stax2-api-4.2.1.jar:/home/runner/.m2/repository/com/fasterxml/woodstox/woodstox-core/5.4.0/woodstox-core-5.4.0.jar:/home/runner/.m2/repository/com/fasterxml/jackson/module/jackson-module-jaxb-annotations/2.13.4/jackson-module-jaxb-annotations-2.13.4.jar:/home/runner/.m2/repository/jakarta/xml/bind/jakarta.xml.bind-api/2.3.3/jakarta.xml.bind-api-2.3.3.jar:/home/runner/.m2/repository/jakarta/activation/jakarta.activation-api/1.2.1/jakarta.activation-api-1.2.1.jar:/home/runner/.m2/repository/javax/enterprise/cdi-api/1.2/cdi-api-1.2.jar:/home/runner/.m2/repository/javax/el/javax.el-api/3.0.0/javax.el-api-3.0.0.jar:/home/runner/.m2/repository/javax/interceptor/javax.interceptor-api/1.2/javax.interceptor-api-1.2.jar:/home/runner/.m2/repository/javax/inject/javax.inject/1/javax.inject-1.jar:/home/runner/.m2/repository/javax/xml/bind/jaxb-api/2.3.0/jaxb-api-2.3.0.jar:/home/runner/.m2/repository/org/glassfish/jaxb/jaxb-runtime/2.3.0.1/jaxb-runtime-2.3.0.1.jar:/home/runner/.m2/repository/org/glassfish/jaxb/jaxb-core/2.3.0.1/jaxb-core-2.3.0.1.jar:/home/runner/.m2/repository/org/glassfish/jaxb/txw2/2.3.0.1/txw2-2.3.0.1.jar:/home/runner/.m2/repository/com/sun/istack/istack-commons-runtime/3.0.5/istack-commons-runtime-3.0.5.jar:/home/runner/.m2/repository/org/jvnet/staxex/stax-ex/1.7.8/stax-ex-1.7.8.jar:/home/runner/.m2/repository/com/sun/xml/fastinfoset/FastInfoset/1.2.13/FastInfoset-1.2.13.jar:/home/runner/.m2/repository/javax/activation/activation/1.1.1/activation-1.1.1.jar:/home/runner/.m2/repository/io/grpc/grpc-protobuf/1.48.1/grpc-protobuf-1.48.1.jar:/home/runner/.m2/repository/io/grpc/grpc-api/1.48.1/grpc-api-1.48.1.jar:/home/runner/.m2/repository/io/grpc/grpc-context/1.48.1/grpc-context-1.48.1.jar:/home/runner/.m2/repository/com/google/api/grpc/proto-google-common-protos/2.9.0/proto-google-common-protos-2.9.0.jar:/home/runner/.m2/repository/io/grpc/grpc-protobuf-lite/1.48.1/grpc-protobuf-lite-1.48.1.jar:/home/runner/.m2/repository/io/grpc/grpc-stub/1.48.1/grpc-stub-1.48.1.jar:/home/runner/.m2/repository/io/netty/netty-transport/4.1.77.Final/netty-transport-4.1.77.Final.jar:/home/runner/.m2/repository/io/netty/netty-resolver/4.1.77.Final/netty-resolver-4.1.77.Final.jar:/home/runner/.m2/repository/org/apache/ozone/ozone-csi/1.4.0-SNAPSHOT/ozone-csi-1.4.0-SNAPSHOT.jar:/home/runner/.m2/repository/com/google/protobuf/protobuf-java-util/3.19.6/protobuf-java-util-3.19.6.jar:/home/runner/.m2/repository/com/google/code/gson/gson/2.9.0/gson-2.9.0.jar:/home/runner/.m2/repository/org/apache/ozone/hdds-config/1.4.0-SNAPSHOT/hdds-config-1.4.0-SNAPSHOT.jar:/home/runner/.m2/repository/io/netty/netty-transport-native-epoll/4.1.77.Final/netty-transport-native-epoll-4.1.77.Final-linux-x86_64.jar:/home/runner/.m2/repository/io/netty/netty-transport-classes-epoll/4.1.77.Final/netty-transport-classes-epoll-4.1.77.Final.jar:/home/runner/.m2/repository/io/netty/netty-transport-native-unix-common/4.1.77.Final/netty-transport-native-unix-common-4.1.77.Final.jar:/home/runner/.m2/repository/org/slf4j/slf4j-reload4j/1.7.36/slf4j-reload4j-1.7.36.jar:/home/runner/.m2/repository/org/apache/ozone/ozone-recon/1.4.0-SNAPSHOT/ozone-recon-1.4.0-SNAPSHOT.jar:/home/runner/.m2/repository/org/apache/ozone/ozone-reconcodegen/1.4.0-SNAPSHOT/ozone-reconcodegen-1.4.0-SNAPSHOT.jar:/home/runner/.m2/repository/com/google/inject/extensions/guice-multibindings/4.0/guice-multibindings-4.0.jar:/home/runner/.m2/repository/com/google/inject/guice/4.0/guice-4.0.jar:/home/runner/.m2/repository/aopalliance/aopalliance/1.0/aopalliance-1.0.jar:/home/runner/.m2/repository/com/google/inject/extensions/guice-assistedinject/4.0/guice-assistedinject-4.0.jar:/home/runner/.m2/repository/com/google/inject/extensions/guice-servlet/4.0/guice-servlet-4.0.jar:/home/runner/.m2/repository/org/glassfish/jersey/containers/jersey-container-servlet/2.34/jersey-container-servlet-2.34.jar:/home/runner/.m2/repository/org/glassfish/hk2/guice-bridge/2.5.0/guice-bridge-2.5.0.jar:/home/runner/.m2/repository/org/glassfish/jersey/core/jersey-server/2.34/jersey-server-2.34.jar:/home/runner/.m2/repository/org/glassfish/jersey/core/jersey-client/2.34/jersey-client-2.34.jar:/home/runner/.m2/repository/jakarta/annotation/jakarta.annotation-api/1.3.5/jakarta.annotation-api-1.3.5.jar:/home/runner/.m2/repository/jakarta/validation/jakarta.validation-api/2.0.2/jakarta.validation-api-2.0.2.jar:/home/runner/.m2/repository/org/glassfish/jersey/media/jersey-media-json-jackson/2.34/jersey-media-json-jackson-2.34.jar:/home/runner/.m2/repository/org/glassfish/jersey/ext/jersey-entity-filtering/2.34/jersey-entity-filtering-2.34.jar:/home/runner/.m2/repository/org/jooq/jooq/3.11.10/jooq-3.11.10.jar:/home/runner/.m2/repository/org/jooq/jooq-meta/3.11.10/jooq-meta-3.11.10.jar:/home/runner/.m2/repository/org/jooq/jooq-codegen/3.11.10/jooq-codegen-3.11.10.jar:/home/runner/.m2/repository/com/jolbox/bonecp/0.8.0.RELEASE/bonecp-0.8.0.RELEASE.jar:/home/runner/.m2/repository/org/apache/derby/derby/10.14.2.0/derby-10.14.2.0.jar:/home/runner/.m2/repository/org/xerial/sqlite-jdbc/3.25.2/sqlite-jdbc-3.25.2.jar:/home/runner/.m2/repository/org/springframework/spring-jdbc/5.3.23/spring-jdbc-5.3.23.jar:/home/runner/.m2/repository/org/springframework/spring-beans/5.3.23/spring-beans-5.3.23.jar:/home/runner/.m2/repository/org/springframework/spring-core/5.3.23/spring-core-5.3.23.jar:/home/runner/.m2/repository/org/springframework/spring-jcl/5.3.23/spring-jcl-5.3.23.jar:/home/runner/.m2/repository/org/springframework/spring-tx/5.3.23/spring-tx-5.3.23.jar:/home/runner/.m2/repository/org/apache/ozone/ozone-client/1.4.0-SNAPSHOT/ozone-client-1.4.0-SNAPSHOT.jar:/home/runner/.m2/repository/org/apache/ozone/hdds-erasurecode/1.4.0-SNAPSHOT/hdds-erasurecode-1.4.0-SNAPSHOT.jar:/home/runner/.m2/repository/org/apache/ozone/ozone-filesystem/1.4.0-SNAPSHOT/ozone-filesystem-1.4.0-SNAPSHOT.jar:/home/runner/.m2/repository/org/apache/ozone/ozone-filesystem-common/1.4.0-SNAPSHOT/ozone-filesystem-common-1.4.0-SNAPSHOT.jar:/home/runner/.m2/repository/org/apache/ozone/ozone-tools/1.4.0-SNAPSHOT/ozone-tools-1.4.0-SNAPSHOT.jar:/home/runner/.m2/repository/org/apache/ratis/ratis-tools/2.4.2-8b8bdda-SNAPSHOT/ratis-tools-2.4.2-8b8bdda-SNAPSHOT.jar:/home/runner/.m2/repository/com/amazonaws/aws-java-sdk-core/1.12.261/aws-java-sdk-core-1.12.261.jar:/home/runner/.m2/repository/org/apache/httpcomponents/httpclient/4.5.13/httpclient-4.5.13.jar:/home/runner/.m2/repository/org/apache/httpcomponents/httpcore/4.4.13/httpcore-4.4.13.jar:/home/runner/.m2/repository/software/amazon/ion/ion-java/1.0.2/ion-java-1.0.2.jar:/home/runner/.m2/repository/com/fasterxml/jackson/dataformat/jackson-dataformat-cbor/2.13.4/jackson-dataformat-cbor-2.13.4.jar:/home/runner/.m2/repository/joda-time/joda-time/2.8.1/joda-time-2.8.1.jar:/home/runner/.m2/repository/com/amazonaws/aws-java-sdk-s3/1.12.261/aws-java-sdk-s3-1.12.261.jar:/home/runner/.m2/repository/com/amazonaws/aws-java-sdk-kms/1.12.261/aws-java-sdk-kms-1.12.261.jar:/home/runner/.m2/repository/com/amazonaws/jmespath-java/1.12.261/jmespath-java-1.12.261.jar:/home/runner/.m2/repository/org/kohsuke/metainf-services/metainf-services/1.8/metainf-services-1.8.jar:/home/runner/.m2/repository/org/apache/ozone/hdds-tools/1.4.0-SNAPSHOT/hdds-tools-1.4.0-SNAPSHOT.jar:/home/runner/.m2/repository/commons-cli/commons-cli/1.2/commons-cli-1.2.jar:/home/runner/.m2/repository/org/apache/commons/commons-lang3/3.7/commons-lang3-3.7.jar:/home/runner/.m2/repository/org/apache/ozone/ozone-manager/1.4.0-SNAPSHOT/ozone-manager-1.4.0-SNAPSHOT-tests.jar:/home/runner/.m2/repository/org/apache/ozone/hdds-common/1.4.0-SNAPSHOT/hdds-common-1.4.0-SNAPSHOT-tests.jar:/home/runner/.m2/repository/org/apache/ozone/hdds-hadoop-dependency-client/1.4.0-SNAPSHOT/hdds-hadoop-dependency-client-1.4.0-SNAPSHOT.jar:/home/runner/.m2/repository/info/picocli/picocli/4.6.1/picocli-4.6.1.jar:/home/runner/.m2/repository/com/fasterxml/jackson/core/jackson-annotations/2.13.4/jackson-annotations-2.13.4.jar:/home/runner/.m2/repository/com/fasterxml/jackson/datatype/jackson-datatype-jsr310/2.13.4/jackson-datatype-jsr310-2.13.4.jar:/home/runner/.m2/repository/org/apache/ozone/hdds-annotation-processing/1.4.0-SNAPSHOT/hdds-annotation-processing-1.4.0-SNAPSHOT.jar:/home/runner/.m2/repository/javax/annotation/javax.annotation-api/1.2/javax.annotation-api-1.2.jar:/home/runner/.m2/repository/org/apache/ratis/ratis-server/2.4.2-8b8bdda-SNAPSHOT/ratis-server-2.4.2-8b8bdda-SNAPSHOT.jar:/home/runner/.m2/repository/org/apache/ratis/ratis-client/2.4.2-8b8bdda-SNAPSHOT/ratis-client-2.4.2-8b8bdda-SNAPSHOT.jar:/home/runner/.m2/repository/org/apache/ratis/ratis-server-api/2.4.2-8b8bdda-SNAPSHOT/ratis-server-api-2.4.2-8b8bdda-SNAPSHOT.jar:/home/runner/.m2/repository/org/apache/ratis/ratis-metrics/2.4.2-8b8bdda-SNAPSHOT/ratis-metrics-2.4.2-8b8bdda-SNAPSHOT.jar:/home/runner/.m2/repository/org/apache/ratis/ratis-netty/2.4.2-8b8bdda-SNAPSHOT/ratis-netty-2.4.2-8b8bdda-SNAPSHOT.jar:/home/runner/.m2/repository/org/apache/ratis/ratis-grpc/2.4.2-8b8bdda-SNAPSHOT/ratis-grpc-2.4.2-8b8bdda-SNAPSHOT.jar:/home/runner/.m2/repository/org/apache/logging/log4j/log4j-api/2.17.1/log4j-api-2.17.1.jar:/home/runner/.m2/repository/org/apache/commons/commons-pool2/2.6.0/commons-pool2-2.6.0.jar:/home/runner/.m2/repository/org/bouncycastle/bcpkix-jdk15on/1.67/bcpkix-jdk15on-1.67.jar:/home/runner/.m2/repository/commons-validator/commons-validator/1.6/commons-validator-1.6.jar:/home/runner/.m2/repository/commons-beanutils/commons-beanutils/1.9.4/commons-beanutils-1.9.4.jar:/home/runner/.m2/repository/commons-digester/commons-digester/1.8.1/commons-digester-1.8.1.jar:/home/runner/.m2/repository/commons-collections/commons-collections/3.2.2/commons-collections-3.2.2.jar:/home/runner/.m2/repository/io/jaegertracing/jaeger-client/1.6.0/jaeger-client-1.6.0.jar:/home/runner/.m2/repository/io/jaegertracing/jaeger-thrift/1.6.0/jaeger-thrift-1.6.0.jar:/home/runner/.m2/repository/org/apache/thrift/libthrift/0.14.1/libthrift-0.14.1.jar:/home/runner/.m2/repository/io/jaegertracing/jaeger-core/1.6.0/jaeger-core-1.6.0.jar:/home/runner/.m2/repository/io/jaegertracing/jaeger-tracerresolver/1.6.0/jaeger-tracerresolver-1.6.0.jar:/home/runner/.m2/repository/io/opentracing/contrib/opentracing-tracerresolver/0.1.8/opentracing-tracerresolver-0.1.8.jar:/home/runner/.m2/repository/org/jetbrains/kotlin/kotlin-stdlib/1.6.21/kotlin-stdlib-1.6.21.jar:/home/runner/.m2/repository/org/jetbrains/annotations/13.0/annotations-13.0.jar:/home/runner/.m2/repository/io/opentracing/opentracing-util/0.33.0/opentracing-util-0.33.0.jar:/home/runner/.m2/repository/io/opentracing/opentracing-api/0.33.0/opentracing-api-0.33.0.jar:/home/runner/.m2/repository/io/opentracing/opentracing-noop/0.33.0/opentracing-noop-0.33.0.jar:/home/runner/.m2/repository/org/yaml/snakeyaml/1.33/snakeyaml-1.33.jar:/home/runner/.m2/repository/org/apache/ozone/hdds-interface-admin/1.4.0-SNAPSHOT/hdds-interface-admin-1.4.0-SNAPSHOT.jar:/home/runner/.m2/repository/junit/junit/4.13.1/junit-4.13.1.jar:/home/runner/.m2/repository/org/hamcrest/hamcrest-core/1.3/hamcrest-core-1.3.jar:/home/runner/.m2/repository/org/junit/jupiter/junit-jupiter-api/5.8.2/junit-jupiter-api-5.8.2.jar:/home/runner/.m2/repository/org/opentest4j/opentest4j/1.2.0/opentest4j-1.2.0.jar:/home/runner/.m2/repository/org/junit/platform/junit-platform-commons/1.8.2/junit-platform-commons-1.8.2.jar:/home/runner/.m2/repository/org/apiguardian/apiguardian-api/1.1.2/apiguardian-api-1.1.2.jar:/home/runner/.m2/repository/org/junit/jupiter/junit-jupiter-params/5.8.2/junit-jupiter-params-5.8.2.jar:/home/runner/.m2/repository/org/junit/jupiter/junit-jupiter-migrationsupport/5.8.2/junit-jupiter-migrationsupport-5.8.2.jar:/home/runner/.m2/repository/org/junit/jupiter/junit-jupiter-engine/5.8.2/junit-jupiter-engine-5.8.2.jar:/home/runner/.m2/repository/org/junit/platform/junit-platform-engine/1.8.2/junit-platform-engine-1.8.2.jar:/home/runner/.m2/repository/org/junit/vintage/junit-vintage-engine/5.8.2/junit-vintage-engine-5.8.2.jar:/home/runner/.m2/repository/org/junit/platform/junit-platform-launcher/1.8.2/junit-platform-launcher-1.8.2.jar:/home/runner/.m2/repository/org/mockito/mockito-core/2.28.2/mockito-core-2.28.2.jar:/home/runner/.m2/repository/net/bytebuddy/byte-buddy/1.9.10/byte-buddy-1.9.10.jar:/home/runner/.m2/repository/net/bytebuddy/byte-buddy-agent/1.9.10/byte-buddy-agent-1.9.10.jar:/home/runner/.m2/repository/org/objenesis/objenesis/1.0/objenesis-1.0.jar:/home/runner/.m2/repository/org/apache/hadoop/hadoop-kms/3.3.4/hadoop-kms-3.3.4.jar:/home/runner/.m2/repository/org/apache/hadoop/hadoop-auth/3.3.4/hadoop-auth-3.3.4.jar:/home/runner/.m2/repository/com/nimbusds/nimbus-jose-jwt/9.8.1/nimbus-jose-jwt-9.8.1.jar:/home/runner/.m2/repository/com/github/stephenc/jcip/jcip-annotations/1.0-1/jcip-annotations-1.0-1.jar:/home/runner/.m2/repository/net/minidev/json-smart/2.4.7/json-smart-2.4.7.jar:/home/runner/.m2/repository/net/minidev/accessors-smart/2.4.7/accessors-smart-2.4.7.jar:/home/runner/.m2/repository/org/ow2/asm/asm/5.0.4/asm-5.0.4.jar:/home/runner/.m2/repository/org/apache/zookeeper/zookeeper/3.5.6/zookeeper-3.5.6.jar:/home/runner/.m2/repository/org/apache/zookeeper/zookeeper-jute/3.5.6/zookeeper-jute-3.5.6.jar:/home/runner/.m2/repository/org/apache/yetus/audience-annotations/0.5.0/audience-annotations-0.5.0.jar:/home/runner/.m2/repository/org/apache/curator/curator-framework/4.2.0/curator-framework-4.2.0.jar:/home/runner/.m2/repository/org/apache/hadoop/thirdparty/hadoop-shaded-guava/1.1.1/hadoop-shaded-guava-1.1.1.jar:/home/runner/.m2/repository/com/sun/jersey/jersey-core/1.19/jersey-core-1.19.jar:/home/runner/.m2/repository/javax/ws/rs/jsr311-api/1.1.1/jsr311-api-1.1.1.jar:/home/runner/.m2/repository/com/sun/jersey/jersey-server/1.19/jersey-server-1.19.jar:/home/runner/.m2/repository/javax/servlet/javax.servlet-api/3.1.0/javax.servlet-api-3.1.0.jar:/home/runner/.m2/repository/org/eclipse/jetty/jetty-server/9.4.49.v20220914/jetty-server-9.4.49.v20220914.jar:/home/runner/.m2/repository/org/eclipse/jetty/jetty-http/9.4.49.v20220914/jetty-http-9.4.49.v20220914.jar:/home/runner/.m2/repository/org/eclipse/jetty/jetty-io/9.4.49.v20220914/jetty-io-9.4.49.v20220914.jar:/home/runner/.m2/repository/org/eclipse/jetty/jetty-webapp/9.4.49.v20220914/jetty-webapp-9.4.49.v20220914.jar:/home/runner/.m2/repository/org/eclipse/jetty/jetty-xml/9.4.49.v20220914/jetty-xml-9.4.49.v20220914.jar:/home/runner/.m2/repository/org/apache/hadoop/hadoop-common/3.3.4/hadoop-common-3.3.4.jar:/home/runner/.m2/repository/org/apache/commons/commons-math3/3.1.1/commons-math3-3.1.1.jar:/home/runner/.m2/repository/commons-net/commons-net/3.9.0/commons-net-3.9.0.jar:/home/runner/.m2/repository/com/sun/jersey/jersey-servlet/1.19/jersey-servlet-1.19.jar:/home/runner/.m2/repository/com/sun/jersey/jersey-json/1.19/jersey-json-1.19.jar:/home/runner/.m2/repository/org/codehaus/jettison/jettison/1.1/jettison-1.1.jar:/home/runner/.m2/repository/com/sun/xml/bind/jaxb-impl/2.2.3-1/jaxb-impl-2.2.3-1.jar:/home/runner/.m2/repository/org/codehaus/jackson/jackson-xc/1.9.2/jackson-xc-1.9.2.jar:/home/runner/.m2/repository/com/google/re2j/re2j/1.1/re2j-1.1.jar:/home/runner/.m2/repository/com/jcraft/jsch/0.1.54/jsch-0.1.54.jar:/home/runner/.m2/repository/org/apache/curator/curator-client/4.2.0/curator-client-4.2.0.jar:/home/runner/.m2/repository/org/apache/curator/curator-recipes/4.2.0/curator-recipes-4.2.0.jar:/home/runner/.m2/repository/org/apache/kerby/kerb-core/1.0.1/kerb-core-1.0.1.jar:/home/runner/.m2/repository/org/apache/kerby/kerby-pkix/1.0.1/kerby-pkix-1.0.1.jar:/home/runner/.m2/repository/org/apache/kerby/kerby-asn1/1.0.1/kerby-asn1-1.0.1.jar:/home/runner/.m2/repository/org/apache/kerby/kerby-util/1.0.1/kerby-util-1.0.1.jar:/home/runner/.m2/repository/dnsjava/dnsjava/2.1.7/dnsjava-2.1.7.jar:/home/runner/.m2/repository/org/xerial/snappy/snappy-java/1.1.8.2/snappy-java-1.1.8.2.jar:/home/runner/.m2/repository/org/eclipse/jetty/jetty-util/9.4.49.v20220914/jetty-util-9.4.49.v20220914.jar:/home/runner/.m2/repository/com/fasterxml/jackson/core/jackson-databind/2.13.4.2/jackson-databind-2.13.4.2.jar:/home/runner/.m2/repository/org/apache/hadoop/hadoop-kms/3.3.4/hadoop-kms-3.3.4-tests.jar:/home/runner/.m2/repository/org/apache/ozone/hdds-server-scm/1.4.0-SNAPSHOT/hdds-server-scm-1.4.0-SNAPSHOT-tests.jar:/home/runner/.m2/repository/org/apache/ozone/hdds-container-service/1.4.0-SNAPSHOT/hdds-container-service-1.4.0-SNAPSHOT-tests.jar:/home/runner/.m2/repository/com/github/luben/zstd-jni/1.5.2-5/zstd-jni-1.5.2-5.jar:/home/runner/.m2/repository/commons-codec/commons-codec/1.15/commons-codec-1.15.jar:/home/runner/.m2/repository/io/netty/netty-codec/4.1.77.Final/netty-codec-4.1.77.Final.jar:/home/runner/.m2/repository/io/netty/netty-handler/4.1.77.Final/netty-handler-4.1.77.Final.jar:/home/runner/.m2/repository/org/apache/ozone/hdds-hadoop-dependency-test/1.4.0-SNAPSHOT/hdds-hadoop-dependency-test-1.4.0-SNAPSHOT.jar:/home/runner/.m2/repository/org/apache/hadoop/hadoop-common/3.3.4/hadoop-common-3.3.4-tests.jar:/home/runner/.m2/repository/org/apache/hadoop/hadoop-hdfs/3.3.4/hadoop-hdfs-3.3.4-tests.jar:/home/runner/.m2/repository/org/assertj/assertj-core/3.12.2/assertj-core-3.12.2.jar:/home/runner/.m2/repository/org/apache/hadoop/hadoop-distcp/3.3.4/hadoop-distcp-3.3.4.jar:/home/runner/.m2/repository/org/apache/hadoop/hadoop-mapreduce-client-jobclient/3.3.4/hadoop-mapreduce-client-jobclient-3.3.4.jar:/home/runner/.m2/repository/org/apache/hadoop/hadoop-mapreduce-client-common/3.3.4/hadoop-mapreduce-client-common-3.3.4.jar:/home/runner/.m2/repository/org/apache/hadoop/hadoop-yarn-common/3.3.4/hadoop-yarn-common-3.3.4.jar:/home/runner/.m2/repository/org/apache/hadoop/hadoop-yarn-api/3.3.4/hadoop-yarn-api-3.3.4.jar:/home/runner/.m2/repository/com/sun/jersey/contribs/jersey-guice/1.19/jersey-guice-1.19.jar:/home/runner/.m2/repository/com/fasterxml/jackson/jaxrs/jackson-jaxrs-json-provider/2.13.4/jackson-jaxrs-json-provider-2.13.4.jar:/home/runner/.m2/repository/com/fasterxml/jackson/jaxrs/jackson-jaxrs-base/2.13.4/jackson-jaxrs-base-2.13.4.jar:/home/runner/.m2/repository/org/apache/hadoop/hadoop-yarn-client/3.3.4/hadoop-yarn-client-3.3.4.jar:/home/runner/.m2/repository/org/eclipse/jetty/websocket/websocket-client/9.4.43.v20210629/websocket-client-9.4.43.v20210629.jar:/home/runner/.m2/repository/org/eclipse/jetty/websocket/websocket-common/9.4.43.v20210629/websocket-common-9.4.43.v20210629.jar:/home/runner/.m2/repository/org/eclipse/jetty/websocket/websocket-api/9.4.43.v20210629/websocket-api-9.4.43.v20210629.jar:/home/runner/.m2/repository/org/jline/jline/3.9.0/jline-3.9.0.jar:/home/runner/.m2/repository/org/apache/hadoop/hadoop-mapreduce-client-core/3.3.4/hadoop-mapreduce-client-core-3.3.4.jar:/home/runner/.m2/repository/org/apache/avro/avro/1.7.7/avro-1.7.7.jar:/home/runner/.m2/repository/org/codehaus/jackson/jackson-core-asl/1.9.13/jackson-core-asl-1.9.13.jar:/home/runner/.m2/repository/org/codehaus/jackson/jackson-mapper-asl/1.9.13/jackson-mapper-asl-1.9.13.jar:/home/runner/.m2/repository/com/thoughtworks/paranamer/paranamer/2.3/paranamer-2.3.jar:/home/runner/.m2/repository/org/apache/hadoop/hadoop-annotations/3.3.4/hadoop-annotations-3.3.4.jar:/usr/lib/jvm/temurin-8-jdk-amd64/jre/../lib/tools.jar:/home/runner/.m2/repository/io/netty/netty/3.10.6.Final/netty-3.10.6.Final.jar:/home/runner/.m2/repository/org/apache/hadoop/hadoop-distcp/3.3.4/hadoop-distcp-3.3.4-tests.jar:/home/runner/.m2/repository/org/slf4j/jul-to-slf4j/1.7.36/jul-to-slf4j-1.7.36.jar:/home/runner/.m2/repository/org/apache/ratis/ratis-common/2.4.2-8b8bdda-SNAPSHOT/ratis-common-2.4.2-8b8bdda-SNAPSHOT.jar:/home/runner/.m2/repository/org/apache/ratis/ratis-thirdparty-misc/1.0.3/ratis-thirdparty-misc-1.0.3.jar:/home/runner/.m2/repository/org/apache/ratis/ratis-proto/2.4.2-8b8bdda-SNAPSHOT/ratis-proto-2.4.2-8b8bdda-SNAPSHOT.jar:"/>
    <property name="java.vm.vendor" value="Temurin"/>
    <property name="sun.arch.data.model" value="64"/>
    <property name="test.build.dir" value="/home/runner/work/ozone/ozone/hadoop-ozone/integration-test/target/test-dir"/>
    <property name="test.cache.data" value=""/>
    <property name="java.vendor.url" value="https://adoptium.net/"/>
    <property name="user.timezone" value="Etc/UTC"/>
    <property name="java.vm.specification.version" value="1.8"/>
    <property name="os.name" value="Linux"/>
    <property name="test.build.data" value="/home/runner/work/ozone/ozone/hadoop-ozone/integration-test/target/test-dir"/>
    <property name="sun.java.launcher" value="SUN_STANDARD"/>
    <property name="sun.boot.library.path" value="/usr/lib/jvm/temurin-8-jdk-amd64/jre/lib/amd64"/>
    <property name="sun.java.command" value="/home/runner/work/ozone/ozone/hadoop-ozone/integration-test/target/surefire/surefirebooter7710593280581022760.jar /home/runner/work/ozone/ozone/hadoop-ozone/integration-test/target/surefire 2023-01-13T03-41-21_111-jvmRun1 surefire8902512701996295139tmp surefire_323280157540358929937tmp"/>
    <property name="surefire.test.class.path" value="/home/runner/work/ozone/ozone/hadoop-ozone/integration-test/target/test-classes:/home/runner/work/ozone/ozone/hadoop-ozone/integration-test/target/classes:/home/runner/.m2/repository/org/apache/ozone/ozone-common/1.4.0-SNAPSHOT/ozone-common-1.4.0-SNAPSHOT.jar:/home/runner/.m2/repository/io/grpc/grpc-netty/1.48.1/grpc-netty-1.48.1.jar:/home/runner/.m2/repository/io/grpc/grpc-core/1.48.1/grpc-core-1.48.1.jar:/home/runner/.m2/repository/com/google/android/annotations/4.1.1.4/annotations-4.1.1.4.jar:/home/runner/.m2/repository/org/codehaus/mojo/animal-sniffer-annotations/1.21/animal-sniffer-annotations-1.21.jar:/home/runner/.m2/repository/com/google/errorprone/error_prone_annotations/2.2.0/error_prone_annotations-2.2.0.jar:/home/runner/.m2/repository/io/perfmark/perfmark-api/0.25.0/perfmark-api-0.25.0.jar:/home/runner/.m2/repository/io/netty/netty-codec-http2/4.1.77.Final/netty-codec-http2-4.1.77.Final.jar:/home/runner/.m2/repository/io/netty/netty-common/4.1.77.Final/netty-common-4.1.77.Final.jar:/home/runner/.m2/repository/io/netty/netty-buffer/4.1.77.Final/netty-buffer-4.1.77.Final.jar:/home/runner/.m2/repository/io/netty/netty-codec-http/4.1.77.Final/netty-codec-http-4.1.77.Final.jar:/home/runner/.m2/repository/io/netty/netty-handler-proxy/4.1.77.Final/netty-handler-proxy-4.1.77.Final.jar:/home/runner/.m2/repository/io/netty/netty-codec-socks/4.1.77.Final/netty-codec-socks-4.1.77.Final.jar:/home/runner/.m2/repository/io/netty/netty-tcnative-boringssl-static/2.0.52.Final/netty-tcnative-boringssl-static-2.0.52.Final.jar:/home/runner/.m2/repository/io/netty/netty-tcnative-classes/2.0.52.Final/netty-tcnative-classes-2.0.52.Final.jar:/home/runner/.m2/repository/io/netty/netty-tcnative-boringssl-static/2.0.52.Final/netty-tcnative-boringssl-static-2.0.52.Final-linux-x86_64.jar:/home/runner/.m2/repository/io/netty/netty-tcnative-boringssl-static/2.0.52.Final/netty-tcnative-boringssl-static-2.0.52.Final-linux-aarch_64.jar:/home/runner/.m2/repository/io/netty/netty-tcnative-boringssl-static/2.0.52.Final/netty-tcnative-boringssl-static-2.0.52.Final-osx-x86_64.jar:/home/runner/.m2/repository/io/netty/netty-tcnative-boringssl-static/2.0.52.Final/netty-tcnative-boringssl-static-2.0.52.Final-osx-aarch_64.jar:/home/runner/.m2/repository/io/netty/netty-tcnative-boringssl-static/2.0.52.Final/netty-tcnative-boringssl-static-2.0.52.Final-windows-x86_64.jar:/home/runner/.m2/repository/org/apache/commons/commons-compress/1.21/commons-compress-1.21.jar:/home/runner/.m2/repository/org/apache/ozone/hdds-common/1.4.0-SNAPSHOT/hdds-common-1.4.0-SNAPSHOT.jar:/home/runner/.m2/repository/org/apache/ozone/hdds-client/1.4.0-SNAPSHOT/hdds-client-1.4.0-SNAPSHOT.jar:/home/runner/.m2/repository/org/apache/ozone/ozone-interface-client/1.4.0-SNAPSHOT/ozone-interface-client-1.4.0-SNAPSHOT.jar:/home/runner/.m2/repository/org/apache/ozone/hdds-test-utils/1.4.0-SNAPSHOT/hdds-test-utils-1.4.0-SNAPSHOT.jar:/home/runner/.m2/repository/com/google/guava/guava/31.1-jre/guava-31.1-jre.jar:/home/runner/.m2/repository/com/google/guava/failureaccess/1.0.1/failureaccess-1.0.1.jar:/home/runner/.m2/repository/com/google/guava/listenablefuture/9999.0-empty-to-avoid-conflict-with-guava/listenablefuture-9999.0-empty-to-avoid-conflict-with-guava.jar:/home/runner/.m2/repository/com/google/code/findbugs/jsr305/3.0.0/jsr305-3.0.0.jar:/home/runner/.m2/repository/org/checkerframework/checker-qual/3.12.0/checker-qual-3.12.0.jar:/home/runner/.m2/repository/com/google/j2objc/j2objc-annotations/1.3/j2objc-annotations-1.3.jar:/home/runner/.m2/repository/commons-io/commons-io/2.11.0/commons-io-2.11.0.jar:/home/runner/.m2/repository/commons-logging/commons-logging/1.2/commons-logging-1.2.jar:/home/runner/.m2/repository/ch/qos/reload4j/reload4j/1.2.22/reload4j-1.2.22.jar:/home/runner/.m2/repository/org/slf4j/slf4j-api/1.7.36/slf4j-api-1.7.36.jar:/home/runner/.m2/repository/org/apache/ozone/hdds-server-scm/1.4.0-SNAPSHOT/hdds-server-scm-1.4.0-SNAPSHOT.jar:/home/runner/.m2/repository/org/apache/ozone/hdds-container-service/1.4.0-SNAPSHOT/hdds-container-service-1.4.0-SNAPSHOT.jar:/home/runner/.m2/repository/org/apache/ozone/hdds-hadoop-dependency-server/1.4.0-SNAPSHOT/hdds-hadoop-dependency-server-1.4.0-SNAPSHOT.jar:/home/runner/.m2/repository/org/apache/hadoop/hadoop-hdfs/3.3.4/hadoop-hdfs-3.3.4.jar:/home/runner/.m2/repository/org/eclipse/jetty/jetty-util-ajax/9.4.49.v20220914/jetty-util-ajax-9.4.49.v20220914.jar:/home/runner/.m2/repository/commons-daemon/commons-daemon/1.0.13/commons-daemon-1.0.13.jar:/home/runner/.m2/repository/org/apache/ozone/hdds-server-framework/1.4.0-SNAPSHOT/hdds-server-framework-1.4.0-SNAPSHOT.jar:/home/runner/.m2/repository/org/apache/ozone/hdds-interface-server/1.4.0-SNAPSHOT/hdds-interface-server-1.4.0-SNAPSHOT.jar:/home/runner/.m2/repository/org/apache/commons/commons-configuration2/2.1.1/commons-configuration2-2.1.1.jar:/home/runner/.m2/repository/org/apache/logging/log4j/log4j-core/2.17.1/log4j-core-2.17.1.jar:/home/runner/.m2/repository/com/lmax/disruptor/3.4.2/disruptor-3.4.2.jar:/home/runner/.m2/repository/org/eclipse/jetty/jetty-servlet/9.4.49.v20220914/jetty-servlet-9.4.49.v20220914.jar:/home/runner/.m2/repository/org/eclipse/jetty/jetty-security/9.4.49.v20220914/jetty-security-9.4.49.v20220914.jar:/home/runner/.m2/repository/org/rocksdb/rocksdbjni/7.7.3/rocksdbjni-7.7.3.jar:/home/runner/.m2/repository/io/prometheus/simpleclient_dropwizard/0.7.0/simpleclient_dropwizard-0.7.0.jar:/home/runner/.m2/repository/io/prometheus/simpleclient/0.7.0/simpleclient-0.7.0.jar:/home/runner/.m2/repository/io/prometheus/simpleclient_common/0.7.0/simpleclient_common-0.7.0.jar:/home/runner/.m2/repository/com/github/spotbugs/spotbugs-annotations/3.1.12/spotbugs-annotations-3.1.12.jar:/home/runner/.m2/repository/io/dropwizard/metrics/metrics-core/3.2.4/metrics-core-3.2.4.jar:/home/runner/.m2/repository/org/apache/commons/commons-text/1.4/commons-text-1.4.jar:/home/runner/.m2/repository/org/apache/hadoop/hadoop-hdfs-client/3.3.4/hadoop-hdfs-client-3.3.4.jar:/home/runner/.m2/repository/com/squareup/okhttp3/okhttp/4.9.3/okhttp-4.9.3.jar:/home/runner/.m2/repository/com/squareup/okio/okio/2.8.0/okio-2.8.0.jar:/home/runner/.m2/repository/org/jetbrains/kotlin/kotlin-stdlib-common/1.4.10/kotlin-stdlib-common-1.4.10.jar:/home/runner/.m2/repository/org/bouncycastle/bcprov-jdk15on/1.67/bcprov-jdk15on-1.67.jar:/home/runner/.m2/repository/com/google/protobuf/protobuf-java/2.5.0/protobuf-java-2.5.0.jar:/home/runner/.m2/repository/org/apache/ozone/ozone-manager/1.4.0-SNAPSHOT/ozone-manager-1.4.0-SNAPSHOT.jar:/home/runner/.m2/repository/org/aspectj/aspectjrt/1.9.7/aspectjrt-1.9.7.jar:/home/runner/.m2/repository/org/aspectj/aspectjweaver/1.9.7/aspectjweaver-1.9.7.jar:/home/runner/.m2/repository/org/apache/ozone/hdds-interface-client/1.4.0-SNAPSHOT/hdds-interface-client-1.4.0-SNAPSHOT.jar:/home/runner/.m2/repository/org/apache/hadoop/thirdparty/hadoop-shaded-protobuf_3_7/1.1.1/hadoop-shaded-protobuf_3_7-1.1.1.jar:/home/runner/.m2/repository/org/apache/ozone/ozone-interface-storage/1.4.0-SNAPSHOT/ozone-interface-storage-1.4.0-SNAPSHOT.jar:/home/runner/.m2/repository/org/reflections/reflections/0.9.11/reflections-0.9.11.jar:/home/runner/.m2/repository/com/sun/jersey/jersey-client/1.19/jersey-client-1.19.jar:/home/runner/.m2/repository/org/apache/ranger/ranger-intg/2.3.0/ranger-intg-2.3.0.jar:/home/runner/.m2/repository/org/apache/ranger/ranger-plugins-common/2.3.0/ranger-plugins-common-2.3.0.jar:/home/runner/.m2/repository/commons-lang/commons-lang/2.6/commons-lang-2.6.jar:/home/runner/.m2/repository/org/codehaus/jackson/jackson-jaxrs/1.9.13/jackson-jaxrs-1.9.13.jar:/home/runner/.m2/repository/org/apache/ranger/ranger-plugins-cred/2.3.0/ranger-plugins-cred-2.3.0.jar:/home/runner/.m2/repository/org/apache/ranger/ranger-plugins-audit/2.3.0/ranger-plugins-audit-2.3.0.jar:/home/runner/.m2/repository/org/eclipse/jetty/jetty-client/9.4.31.v20200723/jetty-client-9.4.31.v20200723.jar:/home/runner/.m2/repository/org/apache/httpcomponents/httpmime/4.5.6/httpmime-4.5.6.jar:/home/runner/.m2/repository/org/apache/httpcomponents/httpcore-nio/4.4.6/httpcore-nio-4.4.6.jar:/home/runner/.m2/repository/org/apache/httpcomponents/httpasyncclient/4.1.3/httpasyncclient-4.1.3.jar:/home/runner/.m2/repository/com/carrotsearch/hppc/0.8.0/hppc-0.8.0.jar:/home/runner/.m2/repository/org/apache/orc/orc-core/1.5.8/orc-core-1.5.8.jar:/home/runner/.m2/repository/net/java/dev/jna/jna/5.2.0/jna-5.2.0.jar:/home/runner/.m2/repository/net/java/dev/jna/jna-platform/5.2.0/jna-platform-5.2.0.jar:/home/runner/.m2/repository/com/kstruct/gethostname4j/0.0.2/gethostname4j-0.0.2.jar:/home/runner/.m2/repository/org/apache/ranger/ranger-plugin-classloader/2.3.0/ranger-plugin-classloader-2.3.0.jar:/home/runner/.m2/repository/org/apache/hadoop/hadoop-minikdc/3.3.4/hadoop-minikdc-3.3.4.jar:/home/runner/.m2/repository/org/apache/kerby/kerb-simplekdc/1.0.1/kerb-simplekdc-1.0.1.jar:/home/runner/.m2/repository/org/apache/kerby/kerb-client/1.0.1/kerb-client-1.0.1.jar:/home/runner/.m2/repository/org/apache/kerby/kerby-config/1.0.1/kerby-config-1.0.1.jar:/home/runner/.m2/repository/org/apache/kerby/kerb-common/1.0.1/kerb-common-1.0.1.jar:/home/runner/.m2/repository/org/apache/kerby/kerb-crypto/1.0.1/kerb-crypto-1.0.1.jar:/home/runner/.m2/repository/org/apache/kerby/kerb-util/1.0.1/kerb-util-1.0.1.jar:/home/runner/.m2/repository/org/apache/kerby/token-provider/1.0.1/token-provider-1.0.1.jar:/home/runner/.m2/repository/org/apache/kerby/kerb-admin/1.0.1/kerb-admin-1.0.1.jar:/home/runner/.m2/repository/org/apache/kerby/kerb-server/1.0.1/kerb-server-1.0.1.jar:/home/runner/.m2/repository/org/apache/kerby/kerb-identity/1.0.1/kerb-identity-1.0.1.jar:/home/runner/.m2/repository/org/apache/kerby/kerby-xdr/1.0.1/kerby-xdr-1.0.1.jar:/home/runner/.m2/repository/org/apache/ozone/ozone-s3gateway/1.4.0-SNAPSHOT/ozone-s3gateway-1.4.0-SNAPSHOT.jar:/home/runner/.m2/repository/org/javassist/javassist/3.21.0-GA/javassist-3.21.0-GA.jar:/home/runner/.m2/repository/org/jboss/weld/servlet/weld-servlet/2.4.7.Final/weld-servlet-2.4.7.Final.jar:/home/runner/.m2/repository/org/glassfish/jersey/containers/jersey-container-servlet-core/2.34/jersey-container-servlet-core-2.34.jar:/home/runner/.m2/repository/org/glassfish/hk2/external/jakarta.inject/2.6.1/jakarta.inject-2.6.1.jar:/home/runner/.m2/repository/org/glassfish/jersey/core/jersey-common/2.34/jersey-common-2.34.jar:/home/runner/.m2/repository/jakarta/ws/rs/jakarta.ws.rs-api/2.1.6/jakarta.ws.rs-api-2.1.6.jar:/home/runner/.m2/repository/org/glassfish/jersey/ext/cdi/jersey-cdi1x/2.34/jersey-cdi1x-2.34.jar:/home/runner/.m2/repository/org/glassfish/jersey/inject/jersey-hk2/2.34/jersey-hk2-2.34.jar:/home/runner/.m2/repository/org/glassfish/hk2/hk2-locator/2.6.1/hk2-locator-2.6.1.jar:/home/runner/.m2/repository/org/glassfish/jersey/media/jersey-media-jaxb/2.34/jersey-media-jaxb-2.34.jar:/home/runner/.m2/repository/org/glassfish/hk2/osgi-resource-locator/1.0.3/osgi-resource-locator-1.0.3.jar:/home/runner/.m2/repository/org/glassfish/hk2/hk2-api/2.5.0/hk2-api-2.5.0.jar:/home/runner/.m2/repository/org/glassfish/hk2/hk2-utils/2.5.0/hk2-utils-2.5.0.jar:/home/runner/.m2/repository/org/glassfish/hk2/external/aopalliance-repackaged/2.5.0/aopalliance-repackaged-2.5.0.jar:/home/runner/.m2/repository/com/fasterxml/jackson/dataformat/jackson-dataformat-xml/2.13.4/jackson-dataformat-xml-2.13.4.jar:/home/runner/.m2/repository/com/fasterxml/jackson/core/jackson-core/2.13.4/jackson-core-2.13.4.jar:/home/runner/.m2/repository/org/codehaus/woodstox/stax2-api/4.2.1/stax2-api-4.2.1.jar:/home/runner/.m2/repository/com/fasterxml/woodstox/woodstox-core/5.4.0/woodstox-core-5.4.0.jar:/home/runner/.m2/repository/com/fasterxml/jackson/module/jackson-module-jaxb-annotations/2.13.4/jackson-module-jaxb-annotations-2.13.4.jar:/home/runner/.m2/repository/jakarta/xml/bind/jakarta.xml.bind-api/2.3.3/jakarta.xml.bind-api-2.3.3.jar:/home/runner/.m2/repository/jakarta/activation/jakarta.activation-api/1.2.1/jakarta.activation-api-1.2.1.jar:/home/runner/.m2/repository/javax/enterprise/cdi-api/1.2/cdi-api-1.2.jar:/home/runner/.m2/repository/javax/el/javax.el-api/3.0.0/javax.el-api-3.0.0.jar:/home/runner/.m2/repository/javax/interceptor/javax.interceptor-api/1.2/javax.interceptor-api-1.2.jar:/home/runner/.m2/repository/javax/inject/javax.inject/1/javax.inject-1.jar:/home/runner/.m2/repository/javax/xml/bind/jaxb-api/2.3.0/jaxb-api-2.3.0.jar:/home/runner/.m2/repository/org/glassfish/jaxb/jaxb-runtime/2.3.0.1/jaxb-runtime-2.3.0.1.jar:/home/runner/.m2/repository/org/glassfish/jaxb/jaxb-core/2.3.0.1/jaxb-core-2.3.0.1.jar:/home/runner/.m2/repository/org/glassfish/jaxb/txw2/2.3.0.1/txw2-2.3.0.1.jar:/home/runner/.m2/repository/com/sun/istack/istack-commons-runtime/3.0.5/istack-commons-runtime-3.0.5.jar:/home/runner/.m2/repository/org/jvnet/staxex/stax-ex/1.7.8/stax-ex-1.7.8.jar:/home/runner/.m2/repository/com/sun/xml/fastinfoset/FastInfoset/1.2.13/FastInfoset-1.2.13.jar:/home/runner/.m2/repository/javax/activation/activation/1.1.1/activation-1.1.1.jar:/home/runner/.m2/repository/io/grpc/grpc-protobuf/1.48.1/grpc-protobuf-1.48.1.jar:/home/runner/.m2/repository/io/grpc/grpc-api/1.48.1/grpc-api-1.48.1.jar:/home/runner/.m2/repository/io/grpc/grpc-context/1.48.1/grpc-context-1.48.1.jar:/home/runner/.m2/repository/com/google/api/grpc/proto-google-common-protos/2.9.0/proto-google-common-protos-2.9.0.jar:/home/runner/.m2/repository/io/grpc/grpc-protobuf-lite/1.48.1/grpc-protobuf-lite-1.48.1.jar:/home/runner/.m2/repository/io/grpc/grpc-stub/1.48.1/grpc-stub-1.48.1.jar:/home/runner/.m2/repository/io/netty/netty-transport/4.1.77.Final/netty-transport-4.1.77.Final.jar:/home/runner/.m2/repository/io/netty/netty-resolver/4.1.77.Final/netty-resolver-4.1.77.Final.jar:/home/runner/.m2/repository/org/apache/ozone/ozone-csi/1.4.0-SNAPSHOT/ozone-csi-1.4.0-SNAPSHOT.jar:/home/runner/.m2/repository/com/google/protobuf/protobuf-java-util/3.19.6/protobuf-java-util-3.19.6.jar:/home/runner/.m2/repository/com/google/code/gson/gson/2.9.0/gson-2.9.0.jar:/home/runner/.m2/repository/org/apache/ozone/hdds-config/1.4.0-SNAPSHOT/hdds-config-1.4.0-SNAPSHOT.jar:/home/runner/.m2/repository/io/netty/netty-transport-native-epoll/4.1.77.Final/netty-transport-native-epoll-4.1.77.Final-linux-x86_64.jar:/home/runner/.m2/repository/io/netty/netty-transport-classes-epoll/4.1.77.Final/netty-transport-classes-epoll-4.1.77.Final.jar:/home/runner/.m2/repository/io/netty/netty-transport-native-unix-common/4.1.77.Final/netty-transport-native-unix-common-4.1.77.Final.jar:/home/runner/.m2/repository/org/slf4j/slf4j-reload4j/1.7.36/slf4j-reload4j-1.7.36.jar:/home/runner/.m2/repository/org/apache/ozone/ozone-recon/1.4.0-SNAPSHOT/ozone-recon-1.4.0-SNAPSHOT.jar:/home/runner/.m2/repository/org/apache/ozone/ozone-reconcodegen/1.4.0-SNAPSHOT/ozone-reconcodegen-1.4.0-SNAPSHOT.jar:/home/runner/.m2/repository/com/google/inject/extensions/guice-multibindings/4.0/guice-multibindings-4.0.jar:/home/runner/.m2/repository/com/google/inject/guice/4.0/guice-4.0.jar:/home/runner/.m2/repository/aopalliance/aopalliance/1.0/aopalliance-1.0.jar:/home/runner/.m2/repository/com/google/inject/extensions/guice-assistedinject/4.0/guice-assistedinject-4.0.jar:/home/runner/.m2/repository/com/google/inject/extensions/guice-servlet/4.0/guice-servlet-4.0.jar:/home/runner/.m2/repository/org/glassfish/jersey/containers/jersey-container-servlet/2.34/jersey-container-servlet-2.34.jar:/home/runner/.m2/repository/org/glassfish/hk2/guice-bridge/2.5.0/guice-bridge-2.5.0.jar:/home/runner/.m2/repository/org/glassfish/jersey/core/jersey-server/2.34/jersey-server-2.34.jar:/home/runner/.m2/repository/org/glassfish/jersey/core/jersey-client/2.34/jersey-client-2.34.jar:/home/runner/.m2/repository/jakarta/annotation/jakarta.annotation-api/1.3.5/jakarta.annotation-api-1.3.5.jar:/home/runner/.m2/repository/jakarta/validation/jakarta.validation-api/2.0.2/jakarta.validation-api-2.0.2.jar:/home/runner/.m2/repository/org/glassfish/jersey/media/jersey-media-json-jackson/2.34/jersey-media-json-jackson-2.34.jar:/home/runner/.m2/repository/org/glassfish/jersey/ext/jersey-entity-filtering/2.34/jersey-entity-filtering-2.34.jar:/home/runner/.m2/repository/org/jooq/jooq/3.11.10/jooq-3.11.10.jar:/home/runner/.m2/repository/org/jooq/jooq-meta/3.11.10/jooq-meta-3.11.10.jar:/home/runner/.m2/repository/org/jooq/jooq-codegen/3.11.10/jooq-codegen-3.11.10.jar:/home/runner/.m2/repository/com/jolbox/bonecp/0.8.0.RELEASE/bonecp-0.8.0.RELEASE.jar:/home/runner/.m2/repository/org/apache/derby/derby/10.14.2.0/derby-10.14.2.0.jar:/home/runner/.m2/repository/org/xerial/sqlite-jdbc/3.25.2/sqlite-jdbc-3.25.2.jar:/home/runner/.m2/repository/org/springframework/spring-jdbc/5.3.23/spring-jdbc-5.3.23.jar:/home/runner/.m2/repository/org/springframework/spring-beans/5.3.23/spring-beans-5.3.23.jar:/home/runner/.m2/repository/org/springframework/spring-core/5.3.23/spring-core-5.3.23.jar:/home/runner/.m2/repository/org/springframework/spring-jcl/5.3.23/spring-jcl-5.3.23.jar:/home/runner/.m2/repository/org/springframework/spring-tx/5.3.23/spring-tx-5.3.23.jar:/home/runner/.m2/repository/org/apache/ozone/ozone-client/1.4.0-SNAPSHOT/ozone-client-1.4.0-SNAPSHOT.jar:/home/runner/.m2/repository/org/apache/ozone/hdds-erasurecode/1.4.0-SNAPSHOT/hdds-erasurecode-1.4.0-SNAPSHOT.jar:/home/runner/.m2/repository/org/apache/ozone/ozone-filesystem/1.4.0-SNAPSHOT/ozone-filesystem-1.4.0-SNAPSHOT.jar:/home/runner/.m2/repository/org/apache/ozone/ozone-filesystem-common/1.4.0-SNAPSHOT/ozone-filesystem-common-1.4.0-SNAPSHOT.jar:/home/runner/.m2/repository/org/apache/ozone/ozone-tools/1.4.0-SNAPSHOT/ozone-tools-1.4.0-SNAPSHOT.jar:/home/runner/.m2/repository/org/apache/ratis/ratis-tools/2.4.2-8b8bdda-SNAPSHOT/ratis-tools-2.4.2-8b8bdda-SNAPSHOT.jar:/home/runner/.m2/repository/com/amazonaws/aws-java-sdk-core/1.12.261/aws-java-sdk-core-1.12.261.jar:/home/runner/.m2/repository/org/apache/httpcomponents/httpclient/4.5.13/httpclient-4.5.13.jar:/home/runner/.m2/repository/org/apache/httpcomponents/httpcore/4.4.13/httpcore-4.4.13.jar:/home/runner/.m2/repository/software/amazon/ion/ion-java/1.0.2/ion-java-1.0.2.jar:/home/runner/.m2/repository/com/fasterxml/jackson/dataformat/jackson-dataformat-cbor/2.13.4/jackson-dataformat-cbor-2.13.4.jar:/home/runner/.m2/repository/joda-time/joda-time/2.8.1/joda-time-2.8.1.jar:/home/runner/.m2/repository/com/amazonaws/aws-java-sdk-s3/1.12.261/aws-java-sdk-s3-1.12.261.jar:/home/runner/.m2/repository/com/amazonaws/aws-java-sdk-kms/1.12.261/aws-java-sdk-kms-1.12.261.jar:/home/runner/.m2/repository/com/amazonaws/jmespath-java/1.12.261/jmespath-java-1.12.261.jar:/home/runner/.m2/repository/org/kohsuke/metainf-services/metainf-services/1.8/metainf-services-1.8.jar:/home/runner/.m2/repository/org/apache/ozone/hdds-tools/1.4.0-SNAPSHOT/hdds-tools-1.4.0-SNAPSHOT.jar:/home/runner/.m2/repository/commons-cli/commons-cli/1.2/commons-cli-1.2.jar:/home/runner/.m2/repository/org/apache/commons/commons-lang3/3.7/commons-lang3-3.7.jar:/home/runner/.m2/repository/org/apache/ozone/ozone-manager/1.4.0-SNAPSHOT/ozone-manager-1.4.0-SNAPSHOT-tests.jar:/home/runner/.m2/repository/org/apache/ozone/hdds-common/1.4.0-SNAPSHOT/hdds-common-1.4.0-SNAPSHOT-tests.jar:/home/runner/.m2/repository/org/apache/ozone/hdds-hadoop-dependency-client/1.4.0-SNAPSHOT/hdds-hadoop-dependency-client-1.4.0-SNAPSHOT.jar:/home/runner/.m2/repository/info/picocli/picocli/4.6.1/picocli-4.6.1.jar:/home/runner/.m2/repository/com/fasterxml/jackson/core/jackson-annotations/2.13.4/jackson-annotations-2.13.4.jar:/home/runner/.m2/repository/com/fasterxml/jackson/datatype/jackson-datatype-jsr310/2.13.4/jackson-datatype-jsr310-2.13.4.jar:/home/runner/.m2/repository/org/apache/ozone/hdds-annotation-processing/1.4.0-SNAPSHOT/hdds-annotation-processing-1.4.0-SNAPSHOT.jar:/home/runner/.m2/repository/javax/annotation/javax.annotation-api/1.2/javax.annotation-api-1.2.jar:/home/runner/.m2/repository/org/apache/ratis/ratis-server/2.4.2-8b8bdda-SNAPSHOT/ratis-server-2.4.2-8b8bdda-SNAPSHOT.jar:/home/runner/.m2/repository/org/apache/ratis/ratis-client/2.4.2-8b8bdda-SNAPSHOT/ratis-client-2.4.2-8b8bdda-SNAPSHOT.jar:/home/runner/.m2/repository/org/apache/ratis/ratis-server-api/2.4.2-8b8bdda-SNAPSHOT/ratis-server-api-2.4.2-8b8bdda-SNAPSHOT.jar:/home/runner/.m2/repository/org/apache/ratis/ratis-metrics/2.4.2-8b8bdda-SNAPSHOT/ratis-metrics-2.4.2-8b8bdda-SNAPSHOT.jar:/home/runner/.m2/repository/org/apache/ratis/ratis-netty/2.4.2-8b8bdda-SNAPSHOT/ratis-netty-2.4.2-8b8bdda-SNAPSHOT.jar:/home/runner/.m2/repository/org/apache/ratis/ratis-grpc/2.4.2-8b8bdda-SNAPSHOT/ratis-grpc-2.4.2-8b8bdda-SNAPSHOT.jar:/home/runner/.m2/repository/org/apache/logging/log4j/log4j-api/2.17.1/log4j-api-2.17.1.jar:/home/runner/.m2/repository/org/apache/commons/commons-pool2/2.6.0/commons-pool2-2.6.0.jar:/home/runner/.m2/repository/org/bouncycastle/bcpkix-jdk15on/1.67/bcpkix-jdk15on-1.67.jar:/home/runner/.m2/repository/commons-validator/commons-validator/1.6/commons-validator-1.6.jar:/home/runner/.m2/repository/commons-beanutils/commons-beanutils/1.9.4/commons-beanutils-1.9.4.jar:/home/runner/.m2/repository/commons-digester/commons-digester/1.8.1/commons-digester-1.8.1.jar:/home/runner/.m2/repository/commons-collections/commons-collections/3.2.2/commons-collections-3.2.2.jar:/home/runner/.m2/repository/io/jaegertracing/jaeger-client/1.6.0/jaeger-client-1.6.0.jar:/home/runner/.m2/repository/io/jaegertracing/jaeger-thrift/1.6.0/jaeger-thrift-1.6.0.jar:/home/runner/.m2/repository/org/apache/thrift/libthrift/0.14.1/libthrift-0.14.1.jar:/home/runner/.m2/repository/io/jaegertracing/jaeger-core/1.6.0/jaeger-core-1.6.0.jar:/home/runner/.m2/repository/io/jaegertracing/jaeger-tracerresolver/1.6.0/jaeger-tracerresolver-1.6.0.jar:/home/runner/.m2/repository/io/opentracing/contrib/opentracing-tracerresolver/0.1.8/opentracing-tracerresolver-0.1.8.jar:/home/runner/.m2/repository/org/jetbrains/kotlin/kotlin-stdlib/1.6.21/kotlin-stdlib-1.6.21.jar:/home/runner/.m2/repository/org/jetbrains/annotations/13.0/annotations-13.0.jar:/home/runner/.m2/repository/io/opentracing/opentracing-util/0.33.0/opentracing-util-0.33.0.jar:/home/runner/.m2/repository/io/opentracing/opentracing-api/0.33.0/opentracing-api-0.33.0.jar:/home/runner/.m2/repository/io/opentracing/opentracing-noop/0.33.0/opentracing-noop-0.33.0.jar:/home/runner/.m2/repository/org/yaml/snakeyaml/1.33/snakeyaml-1.33.jar:/home/runner/.m2/repository/org/apache/ozone/hdds-interface-admin/1.4.0-SNAPSHOT/hdds-interface-admin-1.4.0-SNAPSHOT.jar:/home/runner/.m2/repository/junit/junit/4.13.1/junit-4.13.1.jar:/home/runner/.m2/repository/org/hamcrest/hamcrest-core/1.3/hamcrest-core-1.3.jar:/home/runner/.m2/repository/org/junit/jupiter/junit-jupiter-api/5.8.2/junit-jupiter-api-5.8.2.jar:/home/runner/.m2/repository/org/opentest4j/opentest4j/1.2.0/opentest4j-1.2.0.jar:/home/runner/.m2/repository/org/junit/platform/junit-platform-commons/1.8.2/junit-platform-commons-1.8.2.jar:/home/runner/.m2/repository/org/apiguardian/apiguardian-api/1.1.2/apiguardian-api-1.1.2.jar:/home/runner/.m2/repository/org/junit/jupiter/junit-jupiter-params/5.8.2/junit-jupiter-params-5.8.2.jar:/home/runner/.m2/repository/org/junit/jupiter/junit-jupiter-migrationsupport/5.8.2/junit-jupiter-migrationsupport-5.8.2.jar:/home/runner/.m2/repository/org/junit/jupiter/junit-jupiter-engine/5.8.2/junit-jupiter-engine-5.8.2.jar:/home/runner/.m2/repository/org/junit/platform/junit-platform-engine/1.8.2/junit-platform-engine-1.8.2.jar:/home/runner/.m2/repository/org/junit/vintage/junit-vintage-engine/5.8.2/junit-vintage-engine-5.8.2.jar:/home/runner/.m2/repository/org/junit/platform/junit-platform-launcher/1.8.2/junit-platform-launcher-1.8.2.jar:/home/runner/.m2/repository/org/mockito/mockito-core/2.28.2/mockito-core-2.28.2.jar:/home/runner/.m2/repository/net/bytebuddy/byte-buddy/1.9.10/byte-buddy-1.9.10.jar:/home/runner/.m2/repository/net/bytebuddy/byte-buddy-agent/1.9.10/byte-buddy-agent-1.9.10.jar:/home/runner/.m2/repository/org/objenesis/objenesis/1.0/objenesis-1.0.jar:/home/runner/.m2/repository/org/apache/hadoop/hadoop-kms/3.3.4/hadoop-kms-3.3.4.jar:/home/runner/.m2/repository/org/apache/hadoop/hadoop-auth/3.3.4/hadoop-auth-3.3.4.jar:/home/runner/.m2/repository/com/nimbusds/nimbus-jose-jwt/9.8.1/nimbus-jose-jwt-9.8.1.jar:/home/runner/.m2/repository/com/github/stephenc/jcip/jcip-annotations/1.0-1/jcip-annotations-1.0-1.jar:/home/runner/.m2/repository/net/minidev/json-smart/2.4.7/json-smart-2.4.7.jar:/home/runner/.m2/repository/net/minidev/accessors-smart/2.4.7/accessors-smart-2.4.7.jar:/home/runner/.m2/repository/org/ow2/asm/asm/5.0.4/asm-5.0.4.jar:/home/runner/.m2/repository/org/apache/zookeeper/zookeeper/3.5.6/zookeeper-3.5.6.jar:/home/runner/.m2/repository/org/apache/zookeeper/zookeeper-jute/3.5.6/zookeeper-jute-3.5.6.jar:/home/runner/.m2/repository/org/apache/yetus/audience-annotations/0.5.0/audience-annotations-0.5.0.jar:/home/runner/.m2/repository/org/apache/curator/curator-framework/4.2.0/curator-framework-4.2.0.jar:/home/runner/.m2/repository/org/apache/hadoop/thirdparty/hadoop-shaded-guava/1.1.1/hadoop-shaded-guava-1.1.1.jar:/home/runner/.m2/repository/com/sun/jersey/jersey-core/1.19/jersey-core-1.19.jar:/home/runner/.m2/repository/javax/ws/rs/jsr311-api/1.1.1/jsr311-api-1.1.1.jar:/home/runner/.m2/repository/com/sun/jersey/jersey-server/1.19/jersey-server-1.19.jar:/home/runner/.m2/repository/javax/servlet/javax.servlet-api/3.1.0/javax.servlet-api-3.1.0.jar:/home/runner/.m2/repository/org/eclipse/jetty/jetty-server/9.4.49.v20220914/jetty-server-9.4.49.v20220914.jar:/home/runner/.m2/repository/org/eclipse/jetty/jetty-http/9.4.49.v20220914/jetty-http-9.4.49.v20220914.jar:/home/runner/.m2/repository/org/eclipse/jetty/jetty-io/9.4.49.v20220914/jetty-io-9.4.49.v20220914.jar:/home/runner/.m2/repository/org/eclipse/jetty/jetty-webapp/9.4.49.v20220914/jetty-webapp-9.4.49.v20220914.jar:/home/runner/.m2/repository/org/eclipse/jetty/jetty-xml/9.4.49.v20220914/jetty-xml-9.4.49.v20220914.jar:/home/runner/.m2/repository/org/apache/hadoop/hadoop-common/3.3.4/hadoop-common-3.3.4.jar:/home/runner/.m2/repository/org/apache/commons/commons-math3/3.1.1/commons-math3-3.1.1.jar:/home/runner/.m2/repository/commons-net/commons-net/3.9.0/commons-net-3.9.0.jar:/home/runner/.m2/repository/com/sun/jersey/jersey-servlet/1.19/jersey-servlet-1.19.jar:/home/runner/.m2/repository/com/sun/jersey/jersey-json/1.19/jersey-json-1.19.jar:/home/runner/.m2/repository/org/codehaus/jettison/jettison/1.1/jettison-1.1.jar:/home/runner/.m2/repository/com/sun/xml/bind/jaxb-impl/2.2.3-1/jaxb-impl-2.2.3-1.jar:/home/runner/.m2/repository/org/codehaus/jackson/jackson-xc/1.9.2/jackson-xc-1.9.2.jar:/home/runner/.m2/repository/com/google/re2j/re2j/1.1/re2j-1.1.jar:/home/runner/.m2/repository/com/jcraft/jsch/0.1.54/jsch-0.1.54.jar:/home/runner/.m2/repository/org/apache/curator/curator-client/4.2.0/curator-client-4.2.0.jar:/home/runner/.m2/repository/org/apache/curator/curator-recipes/4.2.0/curator-recipes-4.2.0.jar:/home/runner/.m2/repository/org/apache/kerby/kerb-core/1.0.1/kerb-core-1.0.1.jar:/home/runner/.m2/repository/org/apache/kerby/kerby-pkix/1.0.1/kerby-pkix-1.0.1.jar:/home/runner/.m2/repository/org/apache/kerby/kerby-asn1/1.0.1/kerby-asn1-1.0.1.jar:/home/runner/.m2/repository/org/apache/kerby/kerby-util/1.0.1/kerby-util-1.0.1.jar:/home/runner/.m2/repository/dnsjava/dnsjava/2.1.7/dnsjava-2.1.7.jar:/home/runner/.m2/repository/org/xerial/snappy/snappy-java/1.1.8.2/snappy-java-1.1.8.2.jar:/home/runner/.m2/repository/org/eclipse/jetty/jetty-util/9.4.49.v20220914/jetty-util-9.4.49.v20220914.jar:/home/runner/.m2/repository/com/fasterxml/jackson/core/jackson-databind/2.13.4.2/jackson-databind-2.13.4.2.jar:/home/runner/.m2/repository/org/apache/hadoop/hadoop-kms/3.3.4/hadoop-kms-3.3.4-tests.jar:/home/runner/.m2/repository/org/apache/ozone/hdds-server-scm/1.4.0-SNAPSHOT/hdds-server-scm-1.4.0-SNAPSHOT-tests.jar:/home/runner/.m2/repository/org/apache/ozone/hdds-container-service/1.4.0-SNAPSHOT/hdds-container-service-1.4.0-SNAPSHOT-tests.jar:/home/runner/.m2/repository/com/github/luben/zstd-jni/1.5.2-5/zstd-jni-1.5.2-5.jar:/home/runner/.m2/repository/commons-codec/commons-codec/1.15/commons-codec-1.15.jar:/home/runner/.m2/repository/io/netty/netty-codec/4.1.77.Final/netty-codec-4.1.77.Final.jar:/home/runner/.m2/repository/io/netty/netty-handler/4.1.77.Final/netty-handler-4.1.77.Final.jar:/home/runner/.m2/repository/org/apache/ozone/hdds-hadoop-dependency-test/1.4.0-SNAPSHOT/hdds-hadoop-dependency-test-1.4.0-SNAPSHOT.jar:/home/runner/.m2/repository/org/apache/hadoop/hadoop-common/3.3.4/hadoop-common-3.3.4-tests.jar:/home/runner/.m2/repository/org/apache/hadoop/hadoop-hdfs/3.3.4/hadoop-hdfs-3.3.4-tests.jar:/home/runner/.m2/repository/org/assertj/assertj-core/3.12.2/assertj-core-3.12.2.jar:/home/runner/.m2/repository/org/apache/hadoop/hadoop-distcp/3.3.4/hadoop-distcp-3.3.4.jar:/home/runner/.m2/repository/org/apache/hadoop/hadoop-mapreduce-client-jobclient/3.3.4/hadoop-mapreduce-client-jobclient-3.3.4.jar:/home/runner/.m2/repository/org/apache/hadoop/hadoop-mapreduce-client-common/3.3.4/hadoop-mapreduce-client-common-3.3.4.jar:/home/runner/.m2/repository/org/apache/hadoop/hadoop-yarn-common/3.3.4/hadoop-yarn-common-3.3.4.jar:/home/runner/.m2/repository/org/apache/hadoop/hadoop-yarn-api/3.3.4/hadoop-yarn-api-3.3.4.jar:/home/runner/.m2/repository/com/sun/jersey/contribs/jersey-guice/1.19/jersey-guice-1.19.jar:/home/runner/.m2/repository/com/fasterxml/jackson/jaxrs/jackson-jaxrs-json-provider/2.13.4/jackson-jaxrs-json-provider-2.13.4.jar:/home/runner/.m2/repository/com/fasterxml/jackson/jaxrs/jackson-jaxrs-base/2.13.4/jackson-jaxrs-base-2.13.4.jar:/home/runner/.m2/repository/org/apache/hadoop/hadoop-yarn-client/3.3.4/hadoop-yarn-client-3.3.4.jar:/home/runner/.m2/repository/org/eclipse/jetty/websocket/websocket-client/9.4.43.v20210629/websocket-client-9.4.43.v20210629.jar:/home/runner/.m2/repository/org/eclipse/jetty/websocket/websocket-common/9.4.43.v20210629/websocket-common-9.4.43.v20210629.jar:/home/runner/.m2/repository/org/eclipse/jetty/websocket/websocket-api/9.4.43.v20210629/websocket-api-9.4.43.v20210629.jar:/home/runner/.m2/repository/org/jline/jline/3.9.0/jline-3.9.0.jar:/home/runner/.m2/repository/org/apache/hadoop/hadoop-mapreduce-client-core/3.3.4/hadoop-mapreduce-client-core-3.3.4.jar:/home/runner/.m2/repository/org/apache/avro/avro/1.7.7/avro-1.7.7.jar:/home/runner/.m2/repository/org/codehaus/jackson/jackson-core-asl/1.9.13/jackson-core-asl-1.9.13.jar:/home/runner/.m2/repository/org/codehaus/jackson/jackson-mapper-asl/1.9.13/jackson-mapper-asl-1.9.13.jar:/home/runner/.m2/repository/com/thoughtworks/paranamer/paranamer/2.3/paranamer-2.3.jar:/home/runner/.m2/repository/org/apache/hadoop/hadoop-annotations/3.3.4/hadoop-annotations-3.3.4.jar:/usr/lib/jvm/temurin-8-jdk-amd64/jre/../lib/tools.jar:/home/runner/.m2/repository/io/netty/netty/3.10.6.Final/netty-3.10.6.Final.jar:/home/runner/.m2/repository/org/apache/hadoop/hadoop-distcp/3.3.4/hadoop-distcp-3.3.4-tests.jar:/home/runner/.m2/repository/org/slf4j/jul-to-slf4j/1.7.36/jul-to-slf4j-1.7.36.jar:/home/runner/.m2/repository/org/apache/ratis/ratis-common/2.4.2-8b8bdda-SNAPSHOT/ratis-common-2.4.2-8b8bdda-SNAPSHOT.jar:/home/runner/.m2/repository/org/apache/ratis/ratis-thirdparty-misc/1.0.3/ratis-thirdparty-misc-1.0.3.jar:/home/runner/.m2/repository/org/apache/ratis/ratis-proto/2.4.2-8b8bdda-SNAPSHOT/ratis-proto-2.4.2-8b8bdda-SNAPSHOT.jar:"/>
    <property name="sun.cpu.endian" value="little"/>
    <property name="user.home" value="/home/runner"/>
    <property name="user.language" value="en"/>
    <property name="java.specification.vendor" value="Oracle Corporation"/>
    <property name="java.home" value="/usr/lib/jvm/temurin-8-jdk-amd64/jre"/>
    <property name="java.security.krb5.conf" value="/home/runner/work/ozone/ozone/hadoop-ozone/integration-test/target/test-classes/krb5.conf"/>
    <property name="basedir" value="/home/runner/work/ozone/ozone/hadoop-ozone/integration-test"/>
    <property name="file.separator" value="/"/>
    <property name="line.separator" value="&#10;"/>
    <property name="java.vm.specification.vendor" value="Oracle Corporation"/>
    <property name="java.specification.name" value="Java Platform API Specification"/>
    <property name="java.awt.graphicsenv" value="sun.awt.X11GraphicsEnvironment"/>
    <property name="skip.installnpx" value="true"/>
    <property name="surefire.real.class.path" value="/home/runner/work/ozone/ozone/hadoop-ozone/integration-test/target/surefire/surefirebooter7710593280581022760.jar:/home/runner/.m2/repository/org/jacoco/org.jacoco.agent/0.8.5/org.jacoco.agent-0.8.5-runtime.jar"/>
    <property name="hadoop.log.dir" value="/home/runner/work/ozone/ozone/hadoop-ozone/integration-test/target/log"/>
    <property name="sun.boot.class.path" value="/usr/lib/jvm/temurin-8-jdk-amd64/jre/lib/resources.jar:/usr/lib/jvm/temurin-8-jdk-amd64/jre/lib/rt.jar:/usr/lib/jvm/temurin-8-jdk-amd64/jre/lib/sunrsasign.jar:/usr/lib/jvm/temurin-8-jdk-amd64/jre/lib/jsse.jar:/usr/lib/jvm/temurin-8-jdk-amd64/jre/lib/jce.jar:/usr/lib/jvm/temurin-8-jdk-amd64/jre/lib/charsets.jar:/usr/lib/jvm/temurin-8-jdk-amd64/jre/lib/jfr.jar:/usr/lib/jvm/temurin-8-jdk-amd64/jre/classes"/>
    <property name="sun.management.compiler" value="HotSpot 64-Bit Tiered Compilers"/>
    <property name="skip.npx" value="true"/>
    <property name="java.runtime.version" value="1.8.0_352-b08"/>
    <property name="java.net.preferIPv4Stack" value="true"/>
    <property name="user.name" value="runner"/>
    <property name="path.separator" value=":"/>
    <property name="java.security.egd" value="file:///dev/urandom"/>
    <property name="os.version" value="5.15.0-1030-azure"/>
    <property name="java.endorsed.dirs" value="/usr/lib/jvm/temurin-8-jdk-amd64/jre/lib/endorsed"/>
    <property name="java.runtime.name" value="OpenJDK Runtime Environment"/>
    <property name="file.encoding" value="UTF-8"/>
    <property name="java.vm.name" value="OpenJDK 64-Bit Server VM"/>
    <property name="test.build.webapps" value=""/>
    <property name="localRepository" value="/home/runner/.m2/repository"/>
    <property name="jetty.git.hash" value="4231a3b2e4cb8548a412a789936d640a97b1aa0a"/>
    <property name="java.vendor.url.bug" value="https://github.com/adoptium/adoptium-support/issues"/>
    <property name="java.io.tmpdir" value="/tmp"/>
    <property name="require.test.libhadoop" value=""/>
    <property name="java.version" value="1.8.0_352"/>
    <property name="user.dir" value="/home/runner/work/ozone/ozone/hadoop-ozone/integration-test"/>
    <property name="os.arch" value="amd64"/>
    <property name="java.vm.specification.name" value="Java Virtual Machine Specification"/>
    <property name="test.build.classes" value="/home/runner/work/ozone/ozone/hadoop-ozone/integration-test/target/test-classes"/>
    <property name="java.awt.printerjob" value="sun.print.PSPrinterJob"/>
    <property name="sun.os.patch.level" value="unknown"/>
    <property name="org.apache.ratis.thirdparty.io.netty.allocator.useCacheForAllThreads" value="false"/>
    <property name="hadoop.tmp.dir" value="/home/runner/work/ozone/ozone/hadoop-ozone/integration-test/target/tmp"/>
    <property name="java.library.path" value="/usr/java/packages/lib/amd64:/usr/lib64:/lib64:/lib:/usr/lib"/>
    <property name="java.vm.info" value="mixed mode"/>
    <property name="java.vendor" value="Temurin"/>
    <property name="java.vm.version" value="25.352-b08"/>
    <property name="java.specification.maintenance.version" value="4"/>
    <property name="java.ext.dirs" value="/usr/lib/jvm/temurin-8-jdk-amd64/jre/lib/ext:/usr/java/packages/lib/ext"/>
    <property name="sun.io.unicode.encoding" value="UnicodeLittle"/>
    <property name="java.class.version" value="52.0"/>
  </properties>
  <testcase name="testFlushChunk" classname="org.apache.hadoop.ozone.client.rpc.TestBlockOutputStream" time="0.849">
    <system-out><![CDATA[2023-01-13 04:28:04,790 [main] WARN  server.ServerUtils (ServerUtils.java:getScmDbDir(148)) - ozone.scm.db.dirs is not configured. We recommend adding this setting. Falling back to ozone.metadata.dirs instead.
2023-01-13 04:28:04,886 [main] WARN  server.ServerUtils (ServerUtils.java:getScmDbDir(148)) - ozone.scm.db.dirs is not configured. We recommend adding this setting. Falling back to ozone.metadata.dirs instead.
2023-01-13 04:28:04,890 [main] INFO  ha.SCMHANodeDetails (SCMHANodeDetails.java:loadSCMHAConfig(209)) - ServiceID for StorageContainerManager is null
2023-01-13 04:28:04,899 [main] WARN  ha.SCMHANodeDetails (SCMHANodeDetails.java:validateSCMHAConfig(182)) - Invalid config ozone.scm.ratis.enable. The config was not specified, but the default value true conflicts with the expected config value false. Falling back to the expected value. Current State of SCM: SCM is running in Non-HA without Ratis Ratis SCM -> Non Ratis SCM or Non HA SCM -> HA SCM is not supported
2023-01-13 04:28:04,900 [main] INFO  ha.SCMHANodeDetails (SCMHANodeDetails.java:loadSCMHAConfig(214)) - ozone.scm.default.service.id is not defined, falling back to ozone.scm.service.ids to find serviceID for StorageContainerManager if it is HA enabled cluster
2023-01-13 04:28:05,305 [main] WARN  utils.HAUtils (HAUtils.java:getMetaDir(342)) - ozone.scm.db.dirs is not configured. We recommend adding this setting. Falling back to ozone.metadata.dirs instead.
2023-01-13 04:28:05,443 [main] WARN  db.DBStoreBuilder (DBStoreBuilder.java:applyDBDefinition(144)) - ozone.scm.db.dirs is not configured. We recommend adding this setting. Falling back to ozone.metadata.dirs instead.
2023-01-13 04:28:05,702 [main] INFO  net.NodeSchemaLoader (NodeSchemaLoader.java:loadSchemaFromFile(129)) - Loading schema from [jar:file:/home/runner/.m2/repository/org/apache/ozone/hdds-common/1.4.0-SNAPSHOT/hdds-common-1.4.0-SNAPSHOT.jar!/network-topology-default.xml]
2023-01-13 04:28:05,703 [main] INFO  net.NodeSchemaLoader (NodeSchemaLoader.java:loadSchema(176)) - Loading network topology layer schema file
2023-01-13 04:28:05,740 [main] INFO  metrics.MetricRegistries (MetricRegistriesLoader.java:load(64)) - Loaded MetricRegistries class org.apache.ratis.metrics.impl.MetricRegistriesImpl
2023-01-13 04:28:05,745 [main] INFO  upgrade.AbstractLayoutVersionManager (AbstractLayoutVersionManager.java:init(83)) - Initializing Layout version manager with metadata layout = DATANODE_SCHEMA_V3 (version = 4), software layout = DATANODE_SCHEMA_V3 (version = 4)
2023-01-13 04:28:05,919 [main] INFO  reflections.Reflections (Reflections.java:scan(232)) - Reflections took 116 ms to scan 7 urls, producing 146 keys and 350 values 
2023-01-13 04:28:06,011 [main] INFO  ha.SequenceIdGenerator (SequenceIdGenerator.java:upgradeToSequenceId(349)) - upgrade localId to 111677748019200000
2023-01-13 04:28:06,011 [main] INFO  ha.SequenceIdGenerator (SequenceIdGenerator.java:upgradeToSequenceId(359)) - upgrade delTxnId to 0
2023-01-13 04:28:06,014 [main] INFO  ha.SequenceIdGenerator (SequenceIdGenerator.java:upgradeToSequenceId(376)) - upgrade containerId to 0
2023-01-13 04:28:06,016 [main] INFO  ha.SequenceIdGenerator (SequenceIdGenerator.java:<init>(220)) - Init the HA SequenceIdGenerator.
2023-01-13 04:28:06,070 [main] INFO  node.SCMNodeManager (SCMNodeManager.java:<init>(149)) - Entering startup safe mode.
2023-01-13 04:28:06,137 [main] INFO  algorithms.ContainerPlacementPolicyFactory (ContainerPlacementPolicyFactory.java:getPolicyInternal(86)) - Create container placement policy of type org.apache.hadoop.hdds.scm.container.placement.algorithms.SCMContainerPlacementRandom
2023-01-13 04:28:06,140 [main] INFO  algorithms.ContainerPlacementPolicyFactory (ContainerPlacementPolicyFactory.java:getPolicyInternal(86)) - Create container placement policy of type org.apache.hadoop.hdds.scm.container.placement.algorithms.SCMContainerPlacementRackScatter
2023-01-13 04:28:06,148 [main] INFO  pipeline.PipelineStateManagerImpl (PipelineStateManagerImpl.java:initialize(78)) - No pipeline exists in current db
2023-01-13 04:28:06,182 [main] INFO  algorithms.LeaderChoosePolicyFactory (LeaderChoosePolicyFactory.java:getPolicy(57)) - Create leader choose policy of type org.apache.hadoop.hdds.scm.pipeline.leader.choose.algorithms.MinLeaderCountChoosePolicy
2023-01-13 04:28:06,182 [main] INFO  algorithms.ContainerPlacementPolicyFactory (ContainerPlacementPolicyFactory.java:getPolicyInternal(86)) - Create container placement policy of type org.apache.hadoop.hdds.scm.container.placement.algorithms.SCMContainerPlacementRackScatter
2023-01-13 04:28:06,187 [main] INFO  ha.SCMServiceManager (SCMServiceManager.java:register(42)) - Registering service BackgroundPipelineCreator.
2023-01-13 04:28:06,187 [main] INFO  pipeline.BackgroundPipelineCreator (BackgroundPipelineCreator.java:start(124)) - Starting RatisPipelineUtilsThread.
2023-01-13 04:28:06,191 [main] INFO  BackgroundPipelineScrubber (BackgroundSCMService.java:start(68)) - Starting BackgroundPipelineScrubber Service.
2023-01-13 04:28:06,194 [main] INFO  ha.SCMServiceManager (SCMServiceManager.java:register(42)) - Registering service BackgroundPipelineScrubber.
2023-01-13 04:28:06,200 [main] INFO  ExpiredContainerReplicaOpScrubber (BackgroundSCMService.java:start(68)) - Starting ExpiredContainerReplicaOpScrubber Service.
2023-01-13 04:28:06,202 [main] INFO  ha.SCMServiceManager (SCMServiceManager.java:register(42)) - Registering service ExpiredContainerReplicaOpScrubber.
2023-01-13 04:28:06,238 [main] INFO  algorithms.PipelineChoosePolicyFactory (PipelineChoosePolicyFactory.java:createPipelineChoosePolicyFromClass(73)) - Create pipeline choose policy of type org.apache.hadoop.hdds.scm.pipeline.choose.algorithms.RandomPipelineChoosePolicy
2023-01-13 04:28:06,255 [main] INFO  ha.SCMServiceManager (SCMServiceManager.java:register(42)) - Registering service SCMBlockDeletingService.
2023-01-13 04:28:06,306 [main] INFO  replication.ReplicationManager (ReplicationManager.java:start(261)) - Starting Replication Monitor Thread.
2023-01-13 04:28:06,322 [main] INFO  ha.SCMServiceManager (SCMServiceManager.java:register(42)) - Registering service ReplicationManager.
2023-01-13 04:28:06,328 [ReplicationMonitor] INFO  replication.ReplicationManager (ReplicationManager.java:processAll(330)) - Replication Manager is not ready to run until 3000ms after safemode exit
2023-01-13 04:28:06,336 [main] INFO  safemode.ContainerSafeModeRule (ContainerSafeModeRule.java:<init>(89)) - containers with one replica threshold count 0
2023-01-13 04:28:06,339 [main] INFO  safemode.HealthyPipelineSafeModeRule (HealthyPipelineSafeModeRule.java:initializeRule(169)) - Total pipeline count is 0, healthy pipeline threshold count is 1
2023-01-13 04:28:06,341 [main] INFO  safemode.OneReplicaPipelineSafeModeRule (OneReplicaPipelineSafeModeRule.java:initializeRule(180)) - Total pipeline count is 0, pipeline's with at least one datanode reported threshold count is 0
2023-01-13 04:28:06,637 [main] INFO  audit.AuditLogger (AuditLogger.java:refreshDebugCmdSet(126)) - Refresh DebugCmdSet for SCMAudit to [].
2023-01-13 04:28:06,664 [main] INFO  ipc.CallQueueManager (CallQueueManager.java:<init>(90)) - Using callQueue: class java.util.concurrent.LinkedBlockingQueue, queueCapacity: 2000, scheduler: class org.apache.hadoop.ipc.DefaultRpcScheduler, ipcBackoff: false.
2023-01-13 04:28:06,701 [Socket Reader #1 for port 0] INFO  ipc.Server (Server.java:run(1273)) - Starting Socket Reader #1 for port 0
2023-01-13 04:28:06,762 [Listener at 0.0.0.0/39275] INFO  audit.AuditLogger (AuditLogger.java:refreshDebugCmdSet(126)) - Refresh DebugCmdSet for SCMAudit to [].
2023-01-13 04:28:06,768 [Listener at 0.0.0.0/39275] INFO  ipc.CallQueueManager (CallQueueManager.java:<init>(90)) - Using callQueue: class java.util.concurrent.LinkedBlockingQueue, queueCapacity: 2000, scheduler: class org.apache.hadoop.ipc.DefaultRpcScheduler, ipcBackoff: false.
2023-01-13 04:28:06,770 [Socket Reader #1 for port 0] INFO  ipc.Server (Server.java:run(1273)) - Starting Socket Reader #1 for port 0
2023-01-13 04:28:06,800 [Listener at 0.0.0.0/44133] INFO  audit.AuditLogger (AuditLogger.java:refreshDebugCmdSet(126)) - Refresh DebugCmdSet for SCMAudit to [].
2023-01-13 04:28:06,810 [Listener at 0.0.0.0/44133] INFO  ipc.CallQueueManager (CallQueueManager.java:<init>(90)) - Using callQueue: class java.util.concurrent.LinkedBlockingQueue, queueCapacity: 2000, scheduler: class org.apache.hadoop.ipc.DefaultRpcScheduler, ipcBackoff: false.
2023-01-13 04:28:06,814 [Socket Reader #1 for port 0] INFO  ipc.Server (Server.java:run(1273)) - Starting Socket Reader #1 for port 0
2023-01-13 04:28:06,873 [Listener at 0.0.0.0/38233] INFO  ha.SCMServiceManager (SCMServiceManager.java:register(42)) - Registering service ContainerBalancer.
2023-01-13 04:28:06,876 [Listener at 0.0.0.0/38233] INFO  server.StorageContainerManager (StorageContainerManager.java:<init>(399)) - 
Container Balancer status:
Key                            Value
Running                        true
Container Balancer Configuration values:
Key                                                Value
Threshold                                          10
Max Datanodes to Involve per Iteration(percent)    20
Max Size to Move per Iteration                     500GB
Max Size Entering Target per Iteration             26GB
Max Size Leaving Source per Iteration              26GB

2023-01-13 04:28:06,877 [Listener at 0.0.0.0/38233] INFO  ha.SCMContext (SCMContext.java:updateSafeModeStatus(228)) - Update SafeModeStatus from SafeModeStatus{safeModeStatus=true, preCheckPassed=false} to SafeModeStatus{safeModeStatus=true, preCheckPassed=false}.
2023-01-13 04:28:06,881 [Listener at 0.0.0.0/38233] INFO  server.StorageContainerManager (StorageContainerManager.java:start(1426)) - StorageContainerLocationProtocol RPC server is listening at /0.0.0.0:38233
2023-01-13 04:28:06,946 [Listener at 0.0.0.0/38233] WARN  impl.MetricsConfig (MetricsConfig.java:loadFirst(136)) - Cannot locate configuration: tried hadoop-metrics2-storagecontainermanager.properties,hadoop-metrics2.properties
2023-01-13 04:28:06,958 [Listener at 0.0.0.0/38233] INFO  impl.MetricsSystemImpl (MetricsSystemImpl.java:startTimer(378)) - Scheduled Metric snapshot period at 10 second(s).
2023-01-13 04:28:06,958 [Listener at 0.0.0.0/38233] INFO  impl.MetricsSystemImpl (MetricsSystemImpl.java:start(191)) - StorageContainerManager metrics system started
2023-01-13 04:28:07,271 [Listener at 0.0.0.0/38233] INFO  server.SCMClientProtocolServer (SCMClientProtocolServer.java:start(170)) - RPC server for Client  is listening at /0.0.0.0:38233
2023-01-13 04:28:07,271 [IPC Server Responder] INFO  ipc.Server (Server.java:run(1512)) - IPC Server Responder: starting
2023-01-13 04:28:07,273 [IPC Server listener on 0] INFO  ipc.Server (Server.java:run(1352)) - IPC Server listener on 0: starting
2023-01-13 04:28:07,275 [Listener at 0.0.0.0/38233] INFO  server.StorageContainerManager (StorageContainerManager.java:start(1440)) - ScmBlockLocationProtocol RPC server is listening at /0.0.0.0:44133
2023-01-13 04:28:07,276 [Listener at 0.0.0.0/38233] INFO  server.SCMBlockProtocolServer (SCMBlockProtocolServer.java:start(152)) - RPC server for Block Protocol is listening at /0.0.0.0:44133
2023-01-13 04:28:07,277 [IPC Server Responder] INFO  ipc.Server (Server.java:run(1512)) - IPC Server Responder: starting
2023-01-13 04:28:07,278 [IPC Server listener on 0] INFO  ipc.Server (Server.java:run(1352)) - IPC Server listener on 0: starting
2023-01-13 04:28:07,280 [Listener at 0.0.0.0/38233] INFO  server.SCMDatanodeProtocolServer (SCMDatanodeProtocolServer.java:start(194)) - ScmDatanodeProtocol RPC server for DataNodes is listening at /0.0.0.0:39275
2023-01-13 04:28:07,281 [IPC Server Responder] INFO  ipc.Server (Server.java:run(1512)) - IPC Server Responder: starting
2023-01-13 04:28:07,282 [IPC Server listener on 0] INFO  ipc.Server (Server.java:run(1352)) - IPC Server listener on 0: starting
2023-01-13 04:28:07,301 [org.apache.hadoop.util.JvmPauseMonitor$Monitor@5ead245] INFO  util.JvmPauseMonitor (JvmPauseMonitor.java:run(188)) - Starting JVM pause monitor
2023-01-13 04:28:07,323 [Listener at 0.0.0.0/38233] INFO  http.BaseHttpServer (BaseHttpServer.java:newHttpServer2BuilderForOzone(213)) - Starting Web-server for scm at: http://0.0.0.0:0
2023-01-13 04:28:07,324 [Listener at 0.0.0.0/38233] INFO  http.BaseHttpServer (BaseHttpServer.java:<init>(108)) - Hadoop Security Enabled: false Ozone Security Enabled: false Ozone HTTP Security Enabled: false 
2023-01-13 04:28:07,349 [Listener at 0.0.0.0/38233] INFO  util.log (Log.java:initialized(170)) - Logging initialized @3804ms to org.eclipse.jetty.util.log.Slf4jLog
2023-01-13 04:28:07,453 [Listener at 0.0.0.0/38233] WARN  server.AuthenticationFilter (AuthenticationFilter.java:constructSecretProvider(240)) - Unable to initialize FileSignerSecretProvider, falling back to use random secrets. Reason: Could not read signature secret file: /home/runner/hadoop-http-auth-signature-secret
2023-01-13 04:28:07,463 [Listener at 0.0.0.0/38233] WARN  http.HttpRequestLog (HttpRequestLog.java:getRequestLog(103)) - Jetty request log can only be enabled using Log4j
2023-01-13 04:28:07,471 [Listener at 0.0.0.0/38233] INFO  http.HttpServer2 (HttpServer2.java:addGlobalFilter(1031)) - Added global filter 'safety' (class=org.apache.hadoop.hdds.server.http.HttpServer2$QuotingInputFilter)
2023-01-13 04:28:07,473 [Listener at 0.0.0.0/38233] INFO  http.HttpServer2 (HttpServer2.java:addFilter(1007)) - Added filter static_user_filter (class=org.apache.hadoop.http.lib.StaticUserWebFilter$StaticUserFilter) to context scm
2023-01-13 04:28:07,473 [Listener at 0.0.0.0/38233] INFO  http.HttpServer2 (HttpServer2.java:addFilter(1015)) - Added filter static_user_filter (class=org.apache.hadoop.http.lib.StaticUserWebFilter$StaticUserFilter) to context logs
2023-01-13 04:28:07,473 [Listener at 0.0.0.0/38233] INFO  http.HttpServer2 (HttpServer2.java:addFilter(1015)) - Added filter static_user_filter (class=org.apache.hadoop.http.lib.StaticUserWebFilter$StaticUserFilter) to context static
2023-01-13 04:28:07,515 [Listener at 0.0.0.0/38233] INFO  http.HttpServer2 (HttpServer2.java:bindListener(1250)) - Jetty bound to port 38543
2023-01-13 04:28:07,517 [Listener at 0.0.0.0/38233] INFO  server.Server (Server.java:doStart(375)) - jetty-9.4.49.v20220914; built: 2022-09-14T01:07:36.601Z; git: 4231a3b2e4cb8548a412a789936d640a97b1aa0a; jvm 1.8.0_352-b08
2023-01-13 04:28:07,548 [Listener at 0.0.0.0/38233] INFO  server.session (DefaultSessionIdManager.java:doStart(334)) - DefaultSessionIdManager workerName=node0
2023-01-13 04:28:07,549 [Listener at 0.0.0.0/38233] INFO  server.session (DefaultSessionIdManager.java:doStart(339)) - No SessionScavenger set, using defaults
2023-01-13 04:28:07,550 [Listener at 0.0.0.0/38233] INFO  server.session (HouseKeeper.java:startScavenging(132)) - node0 Scavenging every 600000ms
2023-01-13 04:28:07,565 [Listener at 0.0.0.0/38233] INFO  handler.ContextHandler (ContextHandler.java:doStart(921)) - Started o.e.j.s.ServletContextHandler@574e4184{logs,/logs,file:///home/runner/work/ozone/ozone/hadoop-ozone/integration-test/target/log,AVAILABLE}
2023-01-13 04:28:07,566 [Listener at 0.0.0.0/38233] INFO  handler.ContextHandler (ContextHandler.java:doStart(921)) - Started o.e.j.s.ServletContextHandler@1e12fdcf{static,/static,file:///home/runner/work/ozone/ozone/hadoop-ozone/integration-test/target/test-classes/webapps/static,AVAILABLE}
2023-01-13 04:28:07,615 [Listener at 0.0.0.0/38233] INFO  handler.ContextHandler (ContextHandler.java:doStart(921)) - Started o.e.j.w.WebAppContext@1677f98b{scm,/,file:///home/runner/work/ozone/ozone/hadoop-ozone/integration-test/target/test-classes/webapps/scm/,AVAILABLE}{file:/home/runner/work/ozone/ozone/hadoop-ozone/integration-test/target/test-classes/webapps/scm}
2023-01-13 04:28:07,623 [Listener at 0.0.0.0/38233] INFO  server.AbstractConnector (AbstractConnector.java:doStart(333)) - Started ServerConnector@7528089c{HTTP/1.1, (http/1.1)}{0.0.0.0:38543}
2023-01-13 04:28:07,623 [Listener at 0.0.0.0/38233] INFO  server.Server (Server.java:doStart(415)) - Started @4078ms
2023-01-13 04:28:07,625 [Listener at 0.0.0.0/38233] INFO  impl.MetricsSinkAdapter (MetricsSinkAdapter.java:start(204)) - Sink prometheus started
2023-01-13 04:28:07,625 [Listener at 0.0.0.0/38233] INFO  impl.MetricsSystemImpl (MetricsSystemImpl.java:registerSink(305)) - Registered sink prometheus
2023-01-13 04:28:07,626 [Listener at 0.0.0.0/38233] INFO  http.BaseHttpServer (BaseHttpServer.java:updateConnectorAddress(333)) - HTTP server of scm listening at http://0.0.0.0:38543
2023-01-13 04:28:07,628 [Listener at 0.0.0.0/38233] WARN  server.ServerUtils (ServerUtils.java:getDBPath(225)) - ozone.om.db.dirs is not configured. We recommend adding this setting. Falling back to ozone.metadata.dirs instead.
2023-01-13 04:28:07,679 [Listener at 0.0.0.0/38233] INFO  audit.AuditLogger (AuditLogger.java:refreshDebugCmdSet(126)) - Refresh DebugCmdSet for OMAudit to [].
2023-01-13 04:28:07,763 [Listener at 0.0.0.0/38233] INFO  ha.OMHANodeDetails (OMHANodeDetails.java:loadOMHAConfig(115)) - ozone.om.internal.service.id is not defined, falling back to ozone.om.service.ids to find serviceID for OzoneManager if it is HA enabled cluster
2023-01-13 04:28:07,766 [Listener at 0.0.0.0/38233] INFO  ha.OMHANodeDetails (OMHANodeDetails.java:loadOMHAConfig(226)) - Configuration does not have ozone.om.address set. Falling back to the default OM address /127.0.0.1:0
2023-01-13 04:28:07,766 [Listener at 0.0.0.0/38233] INFO  ha.OMHANodeDetails (OMHANodeDetails.java:getOMNodeDetailsForNonHA(254)) - OM Service ID is not set. Setting it to the default ID: omServiceIdDefault
2023-01-13 04:28:07,766 [Listener at 0.0.0.0/38233] INFO  ha.OMHANodeDetails (OMHANodeDetails.java:getOMNodeDetailsForNonHA(261)) - OM Node ID is not set. Setting it to the default ID: om1
2023-01-13 04:28:07,770 [Listener at 0.0.0.0/38233] WARN  server.ServerUtils (ServerUtils.java:getDBPath(225)) - ozone.om.db.dirs is not configured. We recommend adding this setting. Falling back to ozone.metadata.dirs instead.
2023-01-13 04:28:07,772 [Listener at 0.0.0.0/38233] INFO  upgrade.AbstractLayoutVersionManager (AbstractLayoutVersionManager.java:init(83)) - Initializing Layout version manager with metadata layout = MULTITENANCY_SCHEMA (version = 3), software layout = MULTITENANCY_SCHEMA (version = 3)
2023-01-13 04:28:07,847 [Listener at 0.0.0.0/38233] INFO  reflections.Reflections (Reflections.java:scan(232)) - Reflections took 71 ms to scan 2 urls, producing 155 keys and 428 values [using 2 cores]
2023-01-13 04:28:07,852 [Listener at 0.0.0.0/38233] INFO  upgrade.OMLayoutVersionManager (OMLayoutVersionManager.java:lambda$0(115)) - Skipping Upgrade Action MockOmUpgradeAction since it has been finalized.
2023-01-13 04:28:07,853 [Listener at 0.0.0.0/38233] WARN  server.ServerUtils (ServerUtils.java:getDBPath(225)) - ozone.om.db.dirs is not configured. We recommend adding this setting. Falling back to ozone.metadata.dirs instead.
2023-01-13 04:28:08,012 [Listener at 0.0.0.0/38233] INFO  proxy.SCMBlockLocationFailoverProxyProvider (SCMBlockLocationFailoverProxyProvider.java:<init>(114)) - Created block location fail-over proxy with 1 nodes: [nodeId=scmNodeId,nodeAddress=/0.0.0.0:44133]
2023-01-13 04:28:08,046 [Listener at 0.0.0.0/38233] INFO  proxy.SCMBlockLocationFailoverProxyProvider (SCMBlockLocationFailoverProxyProvider.java:<init>(114)) - Created block location fail-over proxy with 1 nodes: [nodeId=scmNodeId,nodeAddress=/0.0.0.0:44133]
2023-01-13 04:28:08,235 [Listener at 0.0.0.0/38233] WARN  server.ServerUtils (ServerUtils.java:getDBPath(225)) - ozone.om.db.dirs is not configured. We recommend adding this setting. Falling back to ozone.metadata.dirs instead.
2023-01-13 04:28:08,243 [Listener at 0.0.0.0/38233] INFO  codec.OmKeyInfoCodec (OmKeyInfoCodec.java:<init>(49)) - OmKeyInfoCodec ignorePipeline = true
2023-01-13 04:28:08,244 [Listener at 0.0.0.0/38233] INFO  codec.RepeatedOmKeyInfoCodec (RepeatedOmKeyInfoCodec.java:<init>(41)) - RepeatedOmKeyInfoCodec ignorePipeline = true
2023-01-13 04:28:08,411 [Listener at 0.0.0.0/38233] INFO  om.OzoneManager (OzoneManager.java:instantiateServices(717)) - S3 Multi-Tenancy is disabled
2023-01-13 04:28:08,480 [Listener at 0.0.0.0/38233] INFO  om.OzoneManager (OzoneManager.java:addS3GVolumeToDB(4289)) - Created Volume s3v With Owner runner required for S3Gateway operations.
2023-01-13 04:28:08,552 [Listener at 0.0.0.0/38233] WARN  server.ServerUtils (ServerUtils.java:getDefaultRatisDirectory(237)) - Storage directory for Ratis is not configured. It is a good idea to map this to an SSD disk. Falling back to ozone.metadata.dirs
2023-01-13 04:28:08,553 [Listener at 0.0.0.0/38233] WARN  utils.OzoneManagerRatisUtils (OzoneManagerRatisUtils.java:getOMRatisSnapshotDirectory(431)) - ozone.om.ratis.snapshot.dir is not configured. Falling back to ozone.metadata.dirs config
2023-01-13 04:28:08,572 [Listener at 0.0.0.0/38233] WARN  server.ServerUtils (ServerUtils.java:getDefaultRatisDirectory(237)) - Storage directory for Ratis is not configured. It is a good idea to map this to an SSD disk. Falling back to ozone.metadata.dirs
2023-01-13 04:28:08,601 [Listener at 0.0.0.0/38233] INFO  ratis.OzoneManagerRatisServer (OzoneManagerRatisServer.java:<init>(160)) - Instantiating OM Ratis server with groupID: omServiceIdDefault and peers: localhost:9872
2023-01-13 04:28:08,610 [Listener at 0.0.0.0/38233] INFO  ratis.OzoneManagerStateMachine (OzoneManagerStateMachine.java:loadSnapshotInfoFromDB(636)) - LastAppliedIndex is set from TransactionInfo from OM DB as (t:0, i:~)
2023-01-13 04:28:08,655 [Listener at 0.0.0.0/38233] INFO  server.RaftServer (ConfUtils.java:logGet(46)) - raft.rpc.type = GRPC (default)
2023-01-13 04:28:08,736 [Listener at 0.0.0.0/38233] INFO  grpc.GrpcConfigKeys (ConfUtils.java:logFallback(53)) - raft.grpc.admin.host = null (fallback to raft.grpc.server.host)
2023-01-13 04:28:08,737 [Listener at 0.0.0.0/38233] INFO  grpc.GrpcConfigKeys (ConfUtils.java:logFallback(53)) - raft.grpc.admin.port = 9872 (fallback to raft.grpc.server.port)
2023-01-13 04:28:08,738 [Listener at 0.0.0.0/38233] INFO  grpc.GrpcConfigKeys (ConfUtils.java:logFallback(53)) - raft.grpc.client.host = null (fallback to raft.grpc.server.host)
2023-01-13 04:28:08,738 [Listener at 0.0.0.0/38233] INFO  grpc.GrpcConfigKeys (ConfUtils.java:logFallback(53)) - raft.grpc.client.port = 9872 (fallback to raft.grpc.server.port)
2023-01-13 04:28:08,739 [Listener at 0.0.0.0/38233] INFO  grpc.GrpcConfigKeys (ConfUtils.java:logGet(46)) - raft.grpc.server.host = null (default)
2023-01-13 04:28:08,739 [Listener at 0.0.0.0/38233] INFO  grpc.GrpcConfigKeys (ConfUtils.java:logGet(46)) - raft.grpc.server.port = 9872 (custom)
2023-01-13 04:28:08,739 [Listener at 0.0.0.0/38233] INFO  server.GrpcService (ConfUtils.java:logGet(46)) - raft.grpc.message.size.max = 33554432 (custom)
2023-01-13 04:28:08,740 [Listener at 0.0.0.0/38233] INFO  server.RaftServerConfigKeys (ConfUtils.java:logGet(46)) - raft.server.log.appender.buffer.byte-limit = 33554432 (custom)
2023-01-13 04:28:08,741 [Listener at 0.0.0.0/38233] INFO  server.GrpcService (ConfUtils.java:logGet(46)) - raft.grpc.flow.control.window = 1MB (=1048576) (default)
2023-01-13 04:28:08,741 [Listener at 0.0.0.0/38233] INFO  server.RaftServerConfigKeys (ConfUtils.java:logGet(46)) - raft.server.rpc.request.timeout = 3000ms (default)
2023-01-13 04:28:08,756 [Listener at 0.0.0.0/38233] INFO  grpc.GrpcConfigKeys (ConfUtils.java:logGet(46)) - raft.grpc.server.heartbeat.channel = true (default)
2023-01-13 04:28:08,759 [Listener at 0.0.0.0/38233] INFO  grpc.GrpcConfigKeys (ConfUtils.java:logGet(46)) - raft.grpc.server.async.request.thread.pool.cached = true (default)
2023-01-13 04:28:08,759 [Listener at 0.0.0.0/38233] INFO  grpc.GrpcConfigKeys (ConfUtils.java:logGet(46)) - raft.grpc.server.async.request.thread.pool.size = 32 (default)
2023-01-13 04:28:09,062 [Listener at 0.0.0.0/38233] INFO  impl.DataStreamServerImpl (ConfUtils.java:logGet(46)) - raft.datastream.type = NETTY (custom)
2023-01-13 04:28:09,085 [Listener at 0.0.0.0/38233] INFO  server.RaftServerConfigKeys (ConfUtils.java:logGet(46)) - raft.server.data-stream.async.request.thread.pool.cached = false (default)
2023-01-13 04:28:09,085 [Listener at 0.0.0.0/38233] INFO  server.RaftServerConfigKeys (ConfUtils.java:logGet(46)) - raft.server.data-stream.async.request.thread.pool.size = 32 (default)
2023-01-13 04:28:09,086 [Listener at 0.0.0.0/38233] INFO  server.RaftServerConfigKeys (ConfUtils.java:logGet(46)) - raft.server.data-stream.async.write.thread.pool.size = 16 (default)
2023-01-13 04:28:09,087 [Listener at 0.0.0.0/38233] INFO  server.RaftServerConfigKeys (ConfUtils.java:logGet(46)) - raft.server.data-stream.client.pool.size = 10 (default)
2023-01-13 04:28:09,091 [Listener at 0.0.0.0/38233] INFO  netty.NettyConfigKeys$DataStream (ConfUtils.java:logGet(46)) - raft.netty.dataStream.server.use-epoll = false (default)
2023-01-13 04:28:09,092 [Listener at 0.0.0.0/38233] INFO  netty.NettyConfigKeys$DataStream (ConfUtils.java:logGet(46)) - raft.netty.dataStream.server.boss-group.size = 0 (default)
2023-01-13 04:28:09,100 [Listener at 0.0.0.0/38233] INFO  netty.NettyConfigKeys$DataStream (ConfUtils.java:logGet(46)) - raft.netty.dataStream.server.worker-group.size = 0 (default)
2023-01-13 04:28:09,101 [Listener at 0.0.0.0/38233] INFO  netty.NettyConfigKeys$DataStream (ConfUtils.java:logGet(46)) - raft.netty.dataStream.server.tls.conf = null (default)
2023-01-13 04:28:09,102 [Listener at 0.0.0.0/38233] INFO  netty.NettyConfigKeys$DataStream (ConfUtils.java:logGet(46)) - raft.netty.dataStream.host = null (default)
2023-01-13 04:28:09,103 [Listener at 0.0.0.0/38233] INFO  netty.NettyConfigKeys$DataStream (ConfUtils.java:logGet(46)) - raft.netty.dataStream.port = 0 (default)
2023-01-13 04:28:09,162 [Listener at 0.0.0.0/38233] INFO  server.RaftServerConfigKeys (ConfUtils.java:logGet(46)) - raft.server.threadpool.proxy.cached = true (default)
2023-01-13 04:28:09,162 [Listener at 0.0.0.0/38233] INFO  server.RaftServerConfigKeys (ConfUtils.java:logGet(46)) - raft.server.threadpool.proxy.size = 0 (default)
2023-01-13 04:28:09,163 [Listener at 0.0.0.0/38233] INFO  server.RaftServerConfigKeys (ConfUtils.java:logGet(46)) - raft.server.rpc.slowness.timeout = 120s (custom)
2023-01-13 04:28:09,163 [Listener at 0.0.0.0/38233] INFO  server.RaftServerConfigKeys (ConfUtils.java:logGet(46)) - raft.server.leaderelection.leader.step-down.wait-time = 10s (default)
2023-01-13 04:28:09,167 [Listener at 0.0.0.0/38233] INFO  server.RaftServerConfigKeys (ConfUtils.java:logGet(46)) - raft.server.storage.dir = [/home/runner/work/ozone/ozone/hadoop-ozone/integration-test/target/test-dir/MiniOzoneClusterImpl-cf27e86b-a5d2-4d86-a5ef-f90d19c9ea90/ozone-meta/ratis] (custom)
2023-01-13 04:28:09,178 [Listener at 0.0.0.0/38233] INFO  server.RaftServer (RaftServerProxy.java:addNew(96)) - om1: addNew group-C5BA1605619E:[om1|rpc:localhost:9872|priority:0|startupRole:FOLLOWER] returns group-C5BA1605619E:java.util.concurrent.CompletableFuture@7625f4a7[Not completed]
2023-01-13 04:28:09,178 [Listener at 0.0.0.0/38233] INFO  om.OzoneManager (OzoneManager.java:initializeRatisServer(1984)) - OzoneManager Ratis server initialized at port 9872
2023-01-13 04:28:09,190 [om1-NettyServerStreamRpc-bossGroup--thread1] INFO  logging.LoggingHandler (AbstractInternalLogger.java:log(148)) - [id: 0x6bfa78fb] REGISTERED
2023-01-13 04:28:09,195 [om1-NettyServerStreamRpc-bossGroup--thread1] INFO  logging.LoggingHandler (AbstractInternalLogger.java:log(148)) - [id: 0x6bfa78fb] BIND: 0.0.0.0/0.0.0.0:0
2023-01-13 04:28:09,211 [Listener at 0.0.0.0/38233] INFO  om.OzoneManager (OzoneManager.java:getRpcServer(1107)) - Creating RPC Server
2023-01-13 04:28:09,220 [om1-NettyServerStreamRpc-bossGroup--thread1] INFO  logging.LoggingHandler (AbstractInternalLogger.java:log(148)) - [id: 0x6bfa78fb, L:/0:0:0:0:0:0:0:0:46703] ACTIVE
2023-01-13 04:28:09,243 [pool-54-thread-1] INFO  server.RaftServer$Division (RaftServerImpl.java:<init>(195)) - om1: new RaftServerImpl for group-C5BA1605619E:[om1|rpc:localhost:9872|priority:0|startupRole:FOLLOWER] with OzoneManagerStateMachine:uninitialized
2023-01-13 04:28:09,249 [pool-54-thread-1] INFO  server.RaftServerConfigKeys (ConfUtils.java:logGet(46)) - raft.server.rpc.timeout.min = 1s (custom)
2023-01-13 04:28:09,250 [pool-54-thread-1] INFO  server.RaftServerConfigKeys (ConfUtils.java:logGet(46)) - raft.server.rpc.timeout.max = 1200ms (custom)
2023-01-13 04:28:09,250 [pool-54-thread-1] INFO  server.RaftServerConfigKeys (ConfUtils.java:logGet(46)) - raft.server.rpc.sleep.time = 25ms (default)
2023-01-13 04:28:09,250 [pool-54-thread-1] INFO  server.RaftServerConfigKeys (ConfUtils.java:logGet(46)) - raft.server.rpc.slowness.timeout = 120s (custom)
2023-01-13 04:28:09,250 [pool-54-thread-1] INFO  server.RaftServerConfigKeys (ConfUtils.java:logGet(46)) - raft.server.leaderelection.leader.step-down.wait-time = 10s (default)
2023-01-13 04:28:09,250 [pool-54-thread-1] INFO  server.RaftServerConfigKeys (ConfUtils.java:logGet(46)) - raft.server.sleep.deviation.threshold = 300ms (default)
2023-01-13 04:28:09,270 [pool-54-thread-1] INFO  server.RaftServer$Division (ServerState.java:<init>(118)) - om1@group-C5BA1605619E: ConfigurationManager, init=-1: peers:[om1|rpc:localhost:9872|priority:0|startupRole:FOLLOWER]|listeners:[], old=null, confs=<EMPTY_MAP>
2023-01-13 04:28:09,270 [pool-54-thread-1] INFO  server.RaftServerConfigKeys (ConfUtils.java:logGet(46)) - raft.server.storage.dir = [/home/runner/work/ozone/ozone/hadoop-ozone/integration-test/target/test-dir/MiniOzoneClusterImpl-cf27e86b-a5d2-4d86-a5ef-f90d19c9ea90/ozone-meta/ratis] (custom)
2023-01-13 04:28:09,300 [pool-54-thread-1] INFO  server.RaftServerConfigKeys (ConfUtils.java:logGet(46)) - raft.server.log.corruption.policy = EXCEPTION (default)
2023-01-13 04:28:09,302 [pool-54-thread-1] INFO  server.RaftServerConfigKeys (ConfUtils.java:logGet(46)) - raft.server.storage.free-space.min = 0MB (=0) (default)
2023-01-13 04:28:09,339 [pool-54-thread-1] INFO  server.RaftServerConfigKeys (ConfUtils.java:logGet(46)) - raft.server.notification.no-leader.timeout = 120s (custom)
2023-01-13 04:28:09,345 [pool-54-thread-1] INFO  server.RaftServerConfigKeys (ConfUtils.java:logGet(46)) - raft.server.retrycache.expirytime = 300s (custom)
2023-01-13 04:28:09,345 [pool-54-thread-1] INFO  server.RaftServerConfigKeys (ConfUtils.java:logGet(46)) - raft.server.retrycache.statistics.expirytime = 100μs (default)
2023-01-13 04:28:09,460 [pool-54-thread-1] INFO  server.RaftServerConfigKeys (ConfUtils.java:logGet(46)) - raft.server.log.appender.install.snapshot.enabled = false (custom)
2023-01-13 04:28:09,460 [pool-54-thread-1] INFO  server.RaftServerConfigKeys (ConfUtils.java:logGet(46)) - raft.server.threadpool.server.cached = true (default)
2023-01-13 04:28:09,460 [pool-54-thread-1] INFO  server.RaftServerConfigKeys (ConfUtils.java:logGet(46)) - raft.server.threadpool.server.size = 0 (default)
2023-01-13 04:28:09,461 [pool-54-thread-1] INFO  server.RaftServerConfigKeys (ConfUtils.java:logGet(46)) - raft.server.threadpool.client.cached = true (default)
2023-01-13 04:28:09,461 [pool-54-thread-1] INFO  server.RaftServerConfigKeys (ConfUtils.java:logGet(46)) - raft.server.threadpool.client.size = 0 (default)
2023-01-13 04:28:10,038 [Listener at 0.0.0.0/38233] INFO  reflections.Reflections (Reflections.java:scan(232)) - Reflections took 783 ms to scan 19 urls, producing 67 keys and 4579 values [using 2 cores]
2023-01-13 04:28:10,221 [Listener at 0.0.0.0/38233] INFO  ipc.CallQueueManager (CallQueueManager.java:<init>(90)) - Using callQueue: class java.util.concurrent.LinkedBlockingQueue, queueCapacity: 2000, scheduler: class org.apache.hadoop.ipc.DefaultRpcScheduler, ipcBackoff: false.
2023-01-13 04:28:10,222 [Socket Reader #1 for port 0] INFO  ipc.Server (Server.java:run(1273)) - Starting Socket Reader #1 for port 0
2023-01-13 04:28:10,254 [Listener at 127.0.0.1/39893] INFO  impl.MetricsSystemImpl (MetricsSystemImpl.java:init(158)) - OzoneManager metrics system started (again)
2023-01-13 04:28:10,267 [Listener at 127.0.0.1/39893] INFO  om.OzoneManager (OzoneManager.java:start(1491)) - OzoneManager RPC server is listening at localhost/127.0.0.1:39893
2023-01-13 04:28:10,268 [Listener at 127.0.0.1/39893] INFO  ratis.OzoneManagerRatisServer (OzoneManagerRatisServer.java:start(555)) - Starting OzoneManagerRatisServer om1 at port 9872
2023-01-13 04:28:10,271 [om1-impl-thread1] INFO  storage.RaftStorageDirectory (RaftStorageDirectoryImpl.java:analyzeStorage(137)) - The storage directory /home/runner/work/ozone/ozone/hadoop-ozone/integration-test/target/test-dir/MiniOzoneClusterImpl-cf27e86b-a5d2-4d86-a5ef-f90d19c9ea90/ozone-meta/ratis/bf265839-605b-3f16-9796-c5ba1605619e does not exist. Creating ...
2023-01-13 04:28:10,275 [om1-impl-thread1] INFO  storage.RaftStorageDirectory (RaftStorageDirectoryImpl.java:tryLock(231)) - Lock on /home/runner/work/ozone/ozone/hadoop-ozone/integration-test/target/test-dir/MiniOzoneClusterImpl-cf27e86b-a5d2-4d86-a5ef-f90d19c9ea90/ozone-meta/ratis/bf265839-605b-3f16-9796-c5ba1605619e/in_use.lock acquired by nodename 70585@fv-az178-476
2023-01-13 04:28:10,280 [om1-impl-thread1] INFO  storage.RaftStorage (RaftStorageImpl.java:format(96)) - Storage directory /home/runner/work/ozone/ozone/hadoop-ozone/integration-test/target/test-dir/MiniOzoneClusterImpl-cf27e86b-a5d2-4d86-a5ef-f90d19c9ea90/ozone-meta/ratis/bf265839-605b-3f16-9796-c5ba1605619e has been successfully formatted.
2023-01-13 04:28:10,282 [om1-impl-thread1] INFO  server.RaftServerConfigKeys (ConfUtils.java:logGet(46)) - raft.server.log.use.memory = false (default)
2023-01-13 04:28:10,290 [om1-impl-thread1] INFO  server.RaftServerConfigKeys (ConfUtils.java:logGet(46)) - raft.server.log.purge.gap = 1000000 (custom)
2023-01-13 04:28:10,290 [om1-impl-thread1] INFO  server.RaftServerConfigKeys (ConfUtils.java:logGet(46)) - raft.server.log.appender.buffer.byte-limit = 33554432 (custom)
2023-01-13 04:28:10,292 [om1-impl-thread1] INFO  server.RaftServerConfigKeys (ConfUtils.java:logGet(46)) - raft.server.log.statemachine.data.read.timeout = 1000ms (default)
2023-01-13 04:28:10,293 [om1-impl-thread1] INFO  server.RaftServerConfigKeys (ConfUtils.java:logGet(46)) - raft.server.log.purge.preservation.log.num = 0 (default)
2023-01-13 04:28:10,295 [om1-impl-thread1] INFO  server.RaftServerConfigKeys (ConfUtils.java:logGet(46)) - raft.server.log.segment.size.max = 4194304 (custom)
2023-01-13 04:28:10,301 [om1-impl-thread1] INFO  server.RaftServerConfigKeys (ConfUtils.java:logGet(46)) - raft.server.log.segment.cache.num.max = 2 (custom)
2023-01-13 04:28:10,301 [om1-impl-thread1] INFO  server.RaftServerConfigKeys (ConfUtils.java:logGet(46)) - raft.server.log.segment.cache.size.max = 200MB (=209715200) (default)
2023-01-13 04:28:10,307 [om1-impl-thread1] INFO  segmented.SegmentedRaftLogWorker (SegmentedRaftLogWorker.java:<init>(189)) - new om1@group-C5BA1605619E-SegmentedRaftLogWorker for RaftStorageImpl:Storage Directory /home/runner/work/ozone/ozone/hadoop-ozone/integration-test/target/test-dir/MiniOzoneClusterImpl-cf27e86b-a5d2-4d86-a5ef-f90d19c9ea90/ozone-meta/ratis/bf265839-605b-3f16-9796-c5ba1605619e
2023-01-13 04:28:10,308 [om1-impl-thread1] INFO  server.RaftServerConfigKeys (ConfUtils.java:logGet(46)) - raft.server.log.queue.byte-limit = 64MB (=67108864) (default)
2023-01-13 04:28:10,308 [om1-impl-thread1] INFO  server.RaftServerConfigKeys (ConfUtils.java:logGet(46)) - raft.server.log.queue.element-limit = 4096 (default)
2023-01-13 04:28:10,309 [om1-impl-thread1] INFO  server.RaftServerConfigKeys (ConfUtils.java:logGet(46)) - raft.server.log.segment.size.max = 4194304 (custom)
2023-01-13 04:28:10,309 [om1-impl-thread1] INFO  server.RaftServerConfigKeys (ConfUtils.java:logGet(46)) - raft.server.log.preallocated.size = 4194304 (custom)
2023-01-13 04:28:10,310 [om1-impl-thread1] INFO  server.RaftServerConfigKeys (ConfUtils.java:logGet(46)) - raft.server.log.force.sync.num = 128 (default)
2023-01-13 04:28:10,311 [om1-impl-thread1] INFO  server.RaftServerConfigKeys (ConfUtils.java:logGet(46)) - raft.server.log.statemachine.data.sync = true (default)
2023-01-13 04:28:10,311 [om1-impl-thread1] INFO  server.RaftServerConfigKeys (ConfUtils.java:logGet(46)) - raft.server.log.statemachine.data.sync.timeout = 10s (default)
2023-01-13 04:28:10,311 [om1-impl-thread1] INFO  server.RaftServerConfigKeys (ConfUtils.java:logGet(46)) - raft.server.log.statemachine.data.sync.timeout.retry = -1 (default)
2023-01-13 04:28:10,319 [om1-impl-thread1] INFO  server.RaftServerConfigKeys (ConfUtils.java:logGet(46)) - raft.server.log.write.buffer.size = 64KB (=65536) (default)
2023-01-13 04:28:10,320 [om1-impl-thread1] INFO  server.RaftServerConfigKeys (ConfUtils.java:logGet(46)) - raft.server.log.appender.buffer.byte-limit = 33554432 (custom)
2023-01-13 04:28:10,325 [om1-impl-thread1] INFO  server.RaftServerConfigKeys (ConfUtils.java:logGet(46)) - raft.server.log.unsafe-flush.enabled = false (default)
2023-01-13 04:28:10,325 [om1-impl-thread1] INFO  server.RaftServerConfigKeys (ConfUtils.java:logGet(46)) - raft.server.log.async-flush.enabled = false (default)
2023-01-13 04:28:10,326 [om1-impl-thread1] INFO  server.RaftServerConfigKeys (ConfUtils.java:logGet(46)) - raft.server.log.statemachine.data.caching.enabled = false (default)
2023-01-13 04:28:10,332 [om1-impl-thread1] INFO  segmented.SegmentedRaftLogWorker (SegmentedRaftLogWorker.java:lambda$new$0(135)) - om1@group-C5BA1605619E-SegmentedRaftLogWorker: flushIndex: setUnconditionally 0 -> -1
2023-01-13 04:28:10,332 [om1-impl-thread1] INFO  segmented.SegmentedRaftLogWorker (SegmentedRaftLogWorker.java:lambda$new$0(135)) - om1@group-C5BA1605619E-SegmentedRaftLogWorker: safeCacheEvictIndex: setUnconditionally 0 -> -1
2023-01-13 04:28:10,333 [om1-impl-thread1] INFO  server.RaftServer$Division (RaftServerImpl.java:start(334)) - om1@group-C5BA1605619E: start as a follower, conf=-1: peers:[om1|rpc:localhost:9872|priority:0|startupRole:FOLLOWER]|listeners:[], old=null
2023-01-13 04:28:10,334 [om1-impl-thread1] INFO  server.RaftServer$Division (RaftServerImpl.java:setRole(321)) - om1@group-C5BA1605619E: changes role from      null to FOLLOWER at term 0 for startAsFollower
2023-01-13 04:28:10,336 [om1-impl-thread1] INFO  impl.RoleInfo (RoleInfo.java:updateAndGet(139)) - om1: start om1@group-C5BA1605619E-FollowerState
2023-01-13 04:28:10,337 [om1-impl-thread1] INFO  util.JmxRegister (JmxRegister.java:tryRegister(44)) - Successfully registered JMX Bean with object name Ratis:service=RaftServer,group=group-C5BA1605619E,id=om1
2023-01-13 04:28:10,339 [om1-impl-thread1] INFO  server.RaftServerConfigKeys (ConfUtils.java:logGet(46)) - raft.server.snapshot.auto.trigger.enabled = true (custom)
2023-01-13 04:28:10,339 [om1-impl-thread1] INFO  server.RaftServerConfigKeys (ConfUtils.java:logGet(46)) - raft.server.snapshot.auto.trigger.threshold = 400000 (default)
2023-01-13 04:28:10,340 [om1-impl-thread1] INFO  server.RaftServerConfigKeys (ConfUtils.java:logGet(46)) - raft.server.snapshot.retention.file.num = -1 (default)
2023-01-13 04:28:10,340 [om1-impl-thread1] INFO  server.RaftServerConfigKeys (ConfUtils.java:logGet(46)) - raft.server.log.purge.upto.snapshot.index = true (custom)
2023-01-13 04:28:10,343 [om1@group-C5BA1605619E-FollowerState] INFO  server.RaftServerConfigKeys (ConfUtils.java:logFallback(53)) - raft.server.rpc.first-election.timeout.min = 1s (fallback to raft.server.rpc.timeout.min)
2023-01-13 04:28:10,343 [om1@group-C5BA1605619E-FollowerState] INFO  server.RaftServerConfigKeys (ConfUtils.java:logFallback(53)) - raft.server.rpc.first-election.timeout.max = 1200ms (fallback to raft.server.rpc.timeout.max)
2023-01-13 04:28:10,343 [Listener at 127.0.0.1/39893] INFO  server.RaftServer (RaftServerProxy.java:startImpl(393)) - om1: start RPC server
2023-01-13 04:28:10,363 [Listener at 127.0.0.1/39893] INFO  server.GrpcService (GrpcService.java:startImpl(262)) - om1: GrpcService started, listening on 9872
2023-01-13 04:28:10,365 [Listener at 127.0.0.1/39893] INFO  om.OzoneManager (OzoneManager.java:start(1507)) - Version File has different layout version (3) than OM DB (null). That is expected if this OM has never been finalized to a newer layout version.
2023-01-13 04:28:10,366 [JvmPauseMonitor0] INFO  util.JvmPauseMonitor (JvmPauseMonitor.java:run(105)) - JvmPauseMonitor-om1: Started
2023-01-13 04:28:10,388 [Listener at 127.0.0.1/39893] INFO  http.BaseHttpServer (BaseHttpServer.java:newHttpServer2BuilderForOzone(213)) - Starting Web-server for ozoneManager at: http://0.0.0.0:0
2023-01-13 04:28:10,388 [Listener at 127.0.0.1/39893] INFO  http.BaseHttpServer (BaseHttpServer.java:<init>(108)) - Hadoop Security Enabled: false Ozone Security Enabled: false Ozone HTTP Security Enabled: false 
2023-01-13 04:28:10,389 [Listener at 127.0.0.1/39893] WARN  server.AuthenticationFilter (AuthenticationFilter.java:constructSecretProvider(240)) - Unable to initialize FileSignerSecretProvider, falling back to use random secrets. Reason: Could not read signature secret file: /home/runner/hadoop-http-auth-signature-secret
2023-01-13 04:28:10,390 [Listener at 127.0.0.1/39893] WARN  http.HttpRequestLog (HttpRequestLog.java:getRequestLog(103)) - Jetty request log can only be enabled using Log4j
2023-01-13 04:28:10,392 [Listener at 127.0.0.1/39893] INFO  http.HttpServer2 (HttpServer2.java:addGlobalFilter(1031)) - Added global filter 'safety' (class=org.apache.hadoop.hdds.server.http.HttpServer2$QuotingInputFilter)
2023-01-13 04:28:10,393 [Listener at 127.0.0.1/39893] INFO  http.HttpServer2 (HttpServer2.java:addFilter(1007)) - Added filter static_user_filter (class=org.apache.hadoop.http.lib.StaticUserWebFilter$StaticUserFilter) to context ozoneManager
2023-01-13 04:28:10,393 [Listener at 127.0.0.1/39893] INFO  http.HttpServer2 (HttpServer2.java:addFilter(1015)) - Added filter static_user_filter (class=org.apache.hadoop.http.lib.StaticUserWebFilter$StaticUserFilter) to context static
2023-01-13 04:28:10,393 [Listener at 127.0.0.1/39893] INFO  http.HttpServer2 (HttpServer2.java:addFilter(1015)) - Added filter static_user_filter (class=org.apache.hadoop.http.lib.StaticUserWebFilter$StaticUserFilter) to context logs
2023-01-13 04:28:10,397 [Listener at 127.0.0.1/39893] INFO  http.HttpServer2 (HttpServer2.java:bindListener(1250)) - Jetty bound to port 37179
2023-01-13 04:28:10,397 [Listener at 127.0.0.1/39893] INFO  server.Server (Server.java:doStart(375)) - jetty-9.4.49.v20220914; built: 2022-09-14T01:07:36.601Z; git: 4231a3b2e4cb8548a412a789936d640a97b1aa0a; jvm 1.8.0_352-b08
2023-01-13 04:28:10,402 [Listener at 127.0.0.1/39893] INFO  server.session (DefaultSessionIdManager.java:doStart(334)) - DefaultSessionIdManager workerName=node0
2023-01-13 04:28:10,402 [Listener at 127.0.0.1/39893] INFO  server.session (DefaultSessionIdManager.java:doStart(339)) - No SessionScavenger set, using defaults
2023-01-13 04:28:10,403 [Listener at 127.0.0.1/39893] INFO  server.session (HouseKeeper.java:startScavenging(132)) - node0 Scavenging every 600000ms
2023-01-13 04:28:10,403 [Listener at 127.0.0.1/39893] INFO  handler.ContextHandler (ContextHandler.java:doStart(921)) - Started o.e.j.s.ServletContextHandler@e447d2d{logs,/logs,file:///home/runner/work/ozone/ozone/hadoop-ozone/integration-test/target/log,AVAILABLE}
2023-01-13 04:28:10,404 [Listener at 127.0.0.1/39893] INFO  handler.ContextHandler (ContextHandler.java:doStart(921)) - Started o.e.j.s.ServletContextHandler@95536c5{static,/static,file:///home/runner/work/ozone/ozone/hadoop-ozone/integration-test/target/test-classes/webapps/static,AVAILABLE}
2023-01-13 04:28:10,410 [Listener at 127.0.0.1/39893] INFO  handler.ContextHandler (ContextHandler.java:doStart(921)) - Started o.e.j.w.WebAppContext@3dfabb85{ozoneManager,/,file:///home/runner/work/ozone/ozone/hadoop-ozone/integration-test/target/test-classes/webapps/ozoneManager/,AVAILABLE}{file:/home/runner/work/ozone/ozone/hadoop-ozone/integration-test/target/test-classes/webapps/ozoneManager}
2023-01-13 04:28:10,412 [Listener at 127.0.0.1/39893] INFO  server.AbstractConnector (AbstractConnector.java:doStart(333)) - Started ServerConnector@28cfdcb{HTTP/1.1, (http/1.1)}{0.0.0.0:37179}
2023-01-13 04:28:10,413 [Listener at 127.0.0.1/39893] INFO  server.Server (Server.java:doStart(415)) - Started @6868ms
2023-01-13 04:28:10,413 [Listener at 127.0.0.1/39893] WARN  impl.MetricsSystemImpl (MetricsSystemImpl.java:register(279)) - Sink prometheus already exists!
2023-01-13 04:28:10,414 [Listener at 127.0.0.1/39893] INFO  http.BaseHttpServer (BaseHttpServer.java:updateConnectorAddress(333)) - HTTP server of ozoneManager listening at http://0.0.0.0:37179
2023-01-13 04:28:10,414 [IPC Server Responder] INFO  ipc.Server (Server.java:run(1512)) - IPC Server Responder: starting
2023-01-13 04:28:10,418 [IPC Server listener on 0] INFO  ipc.Server (Server.java:run(1352)) - IPC Server listener on 0: starting
2023-01-13 04:28:10,426 [Listener at 127.0.0.1/39893] INFO  om.OzoneManager (OzoneManager.java:startTrashEmptier(1928)) - Trash Interval set to 0. Files deleted won't move to trash
2023-01-13 04:28:10,438 [org.apache.hadoop.util.JvmPauseMonitor$Monitor@5f63e1c9] INFO  util.JvmPauseMonitor (JvmPauseMonitor.java:run(188)) - Starting JVM pause monitor
2023-01-13 04:28:10,580 [Listener at 127.0.0.1/39893] WARN  impl.MetricRegistriesImpl (MetricRegistriesImpl.java:addReporterRegistration(111)) - New reporters are added after registries were created. Some metrics will be missing from the reporter. Please add reporter before adding any new registry.
2023-01-13 04:28:10,581 [Listener at 127.0.0.1/39893] WARN  impl.MetricRegistriesImpl (MetricRegistriesImpl.java:addReporterRegistration(111)) - New reporters are added after registries were created. Some metrics will be missing from the reporter. Please add reporter before adding any new registry.
2023-01-13 04:28:10,581 [Listener at 127.0.0.1/39893] INFO  impl.MetricsSystemImpl (MetricsSystemImpl.java:init(158)) - HddsDatanode metrics system started (again)
2023-01-13 04:28:10,599 [Listener at 127.0.0.1/39893] INFO  ozone.HddsDatanodeService (HddsDatanodeService.java:start(228)) - HddsDatanodeService host:fv-az178-476.4hr1jzigf4quzlbutvnlm3yq0e.cx.internal.cloudapp.net ip:10.1.0.110
2023-01-13 04:28:10,636 [Listener at 127.0.0.1/39893] INFO  upgrade.AbstractLayoutVersionManager (AbstractLayoutVersionManager.java:init(83)) - Initializing Layout version manager with metadata layout = DATANODE_SCHEMA_V3 (version = 4), software layout = DATANODE_SCHEMA_V3 (version = 4)
2023-01-13 04:28:10,692 [Listener at 127.0.0.1/39893] INFO  reflections.Reflections (Reflections.java:scan(232)) - Reflections took 52 ms to scan 7 urls, producing 146 keys and 350 values 
2023-01-13 04:28:10,700 [Listener at 127.0.0.1/39893] INFO  statemachine.DatanodeStateMachine (DatanodeStateMachine.java:getEndPointTaskThreadPoolSize(248)) - Datanode State Machine Task Thread Pool size 2
2023-01-13 04:28:10,759 [Listener at 127.0.0.1/39893] INFO  volume.HddsVolume (HddsVolume.java:<init>(117)) - Creating HddsVolume: /home/runner/work/ozone/ozone/hadoop-ozone/integration-test/target/test-dir/MiniOzoneClusterImpl-cf27e86b-a5d2-4d86-a5ef-f90d19c9ea90/datanode-0/data-0/containers/hdds of storage type : DISK capacity : 9223372036854775807
2023-01-13 04:28:10,761 [Listener at 127.0.0.1/39893] INFO  volume.MutableVolumeSet (MutableVolumeSet.java:initializeVolumeSet(174)) - Added Volume : /home/runner/work/ozone/ozone/hadoop-ozone/integration-test/target/test-dir/MiniOzoneClusterImpl-cf27e86b-a5d2-4d86-a5ef-f90d19c9ea90/datanode-0/data-0/containers/hdds to VolumeSet
2023-01-13 04:28:10,762 [Listener at 127.0.0.1/39893] INFO  volume.ThrottledAsyncChecker (ThrottledAsyncChecker.java:schedule(141)) - Scheduling a check for /home/runner/work/ozone/ozone/hadoop-ozone/integration-test/target/test-dir/MiniOzoneClusterImpl-cf27e86b-a5d2-4d86-a5ef-f90d19c9ea90/datanode-0/data-0/containers/hdds
2023-01-13 04:28:10,784 [Listener at 127.0.0.1/39893] INFO  volume.StorageVolumeChecker (StorageVolumeChecker.java:checkAllVolumes(202)) - Scheduled health check for volume /home/runner/work/ozone/ozone/hadoop-ozone/integration-test/target/test-dir/MiniOzoneClusterImpl-cf27e86b-a5d2-4d86-a5ef-f90d19c9ea90/datanode-0/data-0/containers/hdds
2023-01-13 04:28:10,801 [Listener at 127.0.0.1/39893] INFO  volume.MutableVolumeSet (MutableVolumeSet.java:initializeVolumeSet(174)) - Added Volume : /home/runner/work/ozone/ozone/hadoop-ozone/integration-test/target/test-dir/MiniOzoneClusterImpl-cf27e86b-a5d2-4d86-a5ef-f90d19c9ea90/datanode-0/data/ratis to VolumeSet
2023-01-13 04:28:10,802 [Listener at 127.0.0.1/39893] INFO  volume.ThrottledAsyncChecker (ThrottledAsyncChecker.java:schedule(141)) - Scheduling a check for /home/runner/work/ozone/ozone/hadoop-ozone/integration-test/target/test-dir/MiniOzoneClusterImpl-cf27e86b-a5d2-4d86-a5ef-f90d19c9ea90/datanode-0/data/ratis
2023-01-13 04:28:10,803 [Listener at 127.0.0.1/39893] INFO  volume.StorageVolumeChecker (StorageVolumeChecker.java:checkAllVolumes(202)) - Scheduled health check for volume /home/runner/work/ozone/ozone/hadoop-ozone/integration-test/target/test-dir/MiniOzoneClusterImpl-cf27e86b-a5d2-4d86-a5ef-f90d19c9ea90/datanode-0/data/ratis
2023-01-13 04:28:10,827 [Thread-136] INFO  ozoneimpl.ContainerReader (ContainerReader.java:readVolume(175)) - Finish verifying containers on volume /home/runner/work/ozone/ozone/hadoop-ozone/integration-test/target/test-dir/MiniOzoneClusterImpl-cf27e86b-a5d2-4d86-a5ef-f90d19c9ea90/datanode-0/data-0/containers/hdds
2023-01-13 04:28:10,827 [Listener at 127.0.0.1/39893] INFO  ozoneimpl.OzoneContainer (OzoneContainer.java:buildContainerSet(301)) - Build ContainerSet costs 0s
2023-01-13 04:28:10,881 [Listener at 127.0.0.1/39893] INFO  audit.AuditLogger (AuditLogger.java:refreshDebugCmdSet(126)) - Refresh DebugCmdSet for DNAudit to [].
2023-01-13 04:28:10,950 [Listener at 127.0.0.1/39893] INFO  server.RaftServer (ConfUtils.java:logGet(46)) - raft.rpc.type = GRPC (default)
2023-01-13 04:28:10,952 [Listener at 127.0.0.1/39893] INFO  grpc.GrpcConfigKeys (ConfUtils.java:logFallback(53)) - raft.grpc.admin.host = null (fallback to raft.grpc.server.host)
2023-01-13 04:28:10,952 [Listener at 127.0.0.1/39893] INFO  grpc.GrpcConfigKeys (ConfUtils.java:logGet(46)) - raft.grpc.admin.port = 0 (custom)
2023-01-13 04:28:10,952 [Listener at 127.0.0.1/39893] INFO  grpc.GrpcConfigKeys (ConfUtils.java:logFallback(53)) - raft.grpc.client.host = null (fallback to raft.grpc.server.host)
2023-01-13 04:28:10,956 [Listener at 127.0.0.1/39893] INFO  grpc.GrpcConfigKeys (ConfUtils.java:logGet(46)) - raft.grpc.client.port = 0 (custom)
2023-01-13 04:28:10,957 [Listener at 127.0.0.1/39893] INFO  grpc.GrpcConfigKeys (ConfUtils.java:logGet(46)) - raft.grpc.server.host = null (default)
2023-01-13 04:28:10,957 [Listener at 127.0.0.1/39893] INFO  grpc.GrpcConfigKeys (ConfUtils.java:logGet(46)) - raft.grpc.server.port = 0 (default)
2023-01-13 04:28:10,960 [Listener at 127.0.0.1/39893] INFO  server.GrpcService (ConfUtils.java:logGet(46)) - raft.grpc.message.size.max = 32MB (=33554432) (custom)
2023-01-13 04:28:10,961 [Listener at 127.0.0.1/39893] INFO  server.RaftServerConfigKeys (ConfUtils.java:logGet(46)) - raft.server.log.appender.buffer.byte-limit = 33554432 (custom)
2023-01-13 04:28:10,961 [Listener at 127.0.0.1/39893] INFO  server.GrpcService (ConfUtils.java:logGet(46)) - raft.grpc.flow.control.window = 5MB (=5242880) (custom)
2023-01-13 04:28:10,961 [Listener at 127.0.0.1/39893] INFO  server.RaftServerConfigKeys (ConfUtils.java:logGet(46)) - raft.server.rpc.request.timeout = 60s (custom)
2023-01-13 04:28:10,961 [Listener at 127.0.0.1/39893] INFO  grpc.GrpcConfigKeys (ConfUtils.java:logGet(46)) - raft.grpc.server.heartbeat.channel = true (default)
2023-01-13 04:28:10,961 [Listener at 127.0.0.1/39893] INFO  grpc.GrpcConfigKeys (ConfUtils.java:logGet(46)) - raft.grpc.server.async.request.thread.pool.cached = true (default)
2023-01-13 04:28:10,961 [Listener at 127.0.0.1/39893] INFO  grpc.GrpcConfigKeys (ConfUtils.java:logGet(46)) - raft.grpc.server.async.request.thread.pool.size = 32 (default)
2023-01-13 04:28:10,963 [Listener at 127.0.0.1/39893] INFO  impl.DataStreamServerImpl (ConfUtils.java:logGet(46)) - raft.datastream.type = NETTY (custom)
2023-01-13 04:28:10,963 [Listener at 127.0.0.1/39893] INFO  server.RaftServerConfigKeys (ConfUtils.java:logGet(46)) - raft.server.data-stream.async.request.thread.pool.cached = false (default)
2023-01-13 04:28:10,964 [Listener at 127.0.0.1/39893] INFO  server.RaftServerConfigKeys (ConfUtils.java:logGet(46)) - raft.server.data-stream.async.request.thread.pool.size = 20 (custom)
2023-01-13 04:28:10,964 [Listener at 127.0.0.1/39893] INFO  server.RaftServerConfigKeys (ConfUtils.java:logGet(46)) - raft.server.data-stream.async.write.thread.pool.size = 16 (default)
2023-01-13 04:28:10,964 [Listener at 127.0.0.1/39893] INFO  server.RaftServerConfigKeys (ConfUtils.java:logGet(46)) - raft.server.data-stream.client.pool.size = 10 (default)
2023-01-13 04:28:10,965 [Listener at 127.0.0.1/39893] INFO  netty.NettyConfigKeys$DataStream (ConfUtils.java:logGet(46)) - raft.netty.dataStream.server.use-epoll = false (default)
2023-01-13 04:28:10,965 [Listener at 127.0.0.1/39893] INFO  netty.NettyConfigKeys$DataStream (ConfUtils.java:logGet(46)) - raft.netty.dataStream.server.boss-group.size = 0 (default)
2023-01-13 04:28:10,965 [Listener at 127.0.0.1/39893] INFO  netty.NettyConfigKeys$DataStream (ConfUtils.java:logGet(46)) - raft.netty.dataStream.server.worker-group.size = 0 (default)
2023-01-13 04:28:10,978 [Listener at 127.0.0.1/39893] INFO  netty.NettyConfigKeys$DataStream (ConfUtils.java:logGet(46)) - raft.netty.dataStream.server.tls.conf = null (default)
2023-01-13 04:28:10,978 [Listener at 127.0.0.1/39893] INFO  netty.NettyConfigKeys$DataStream (ConfUtils.java:logGet(46)) - raft.netty.dataStream.host = null (default)
2023-01-13 04:28:10,978 [Listener at 127.0.0.1/39893] INFO  netty.NettyConfigKeys$DataStream (ConfUtils.java:logGet(46)) - raft.netty.dataStream.port = 0 (default)
2023-01-13 04:28:10,979 [Listener at 127.0.0.1/39893] INFO  server.RaftServerConfigKeys (ConfUtils.java:logGet(46)) - raft.server.threadpool.proxy.cached = true (default)
2023-01-13 04:28:10,979 [Listener at 127.0.0.1/39893] INFO  server.RaftServerConfigKeys (ConfUtils.java:logGet(46)) - raft.server.threadpool.proxy.size = 0 (default)
2023-01-13 04:28:10,979 [Listener at 127.0.0.1/39893] INFO  server.RaftServerConfigKeys (ConfUtils.java:logGet(46)) - raft.server.rpc.slowness.timeout = 300s (custom)
2023-01-13 04:28:10,979 [Listener at 127.0.0.1/39893] INFO  server.RaftServerConfigKeys (ConfUtils.java:logGet(46)) - raft.server.leaderelection.leader.step-down.wait-time = 10s (default)
2023-01-13 04:28:10,979 [Listener at 127.0.0.1/39893] INFO  server.RaftServerConfigKeys (ConfUtils.java:logGet(46)) - raft.server.storage.dir = [/home/runner/work/ozone/ozone/hadoop-ozone/integration-test/target/test-dir/MiniOzoneClusterImpl-cf27e86b-a5d2-4d86-a5ef-f90d19c9ea90/datanode-0/data/ratis] (custom)
2023-01-13 04:28:10,981 [6aa17f19-7961-4978-9ee2-0d39d3b5a231-NettyServerStreamRpc-bossGroup--thread1] INFO  logging.LoggingHandler (AbstractInternalLogger.java:log(148)) - [id: 0xb96bea99] REGISTERED
2023-01-13 04:28:10,982 [6aa17f19-7961-4978-9ee2-0d39d3b5a231-NettyServerStreamRpc-bossGroup--thread1] INFO  logging.LoggingHandler (AbstractInternalLogger.java:log(148)) - [id: 0xb96bea99] BIND: 0.0.0.0/0.0.0.0:0
2023-01-13 04:28:10,982 [6aa17f19-7961-4978-9ee2-0d39d3b5a231-NettyServerStreamRpc-bossGroup--thread1] INFO  logging.LoggingHandler (AbstractInternalLogger.java:log(148)) - [id: 0xb96bea99, L:/0:0:0:0:0:0:0:0:43381] ACTIVE
2023-01-13 04:28:11,001 [Listener at 127.0.0.1/39893] INFO  server.XceiverServerGrpc (XceiverServerGrpc.java:<init>(132)) - GrpcServer channel type EpollServerSocketChannel
2023-01-13 04:28:11,073 [Listener at 127.0.0.1/39893] INFO  http.BaseHttpServer (BaseHttpServer.java:newHttpServer2BuilderForOzone(213)) - Starting Web-server for hddsDatanode at: http://0.0.0.0:0
2023-01-13 04:28:11,073 [Listener at 127.0.0.1/39893] INFO  http.BaseHttpServer (BaseHttpServer.java:<init>(108)) - Hadoop Security Enabled: false Ozone Security Enabled: false Ozone HTTP Security Enabled: false 
2023-01-13 04:28:11,075 [Listener at 127.0.0.1/39893] WARN  server.AuthenticationFilter (AuthenticationFilter.java:constructSecretProvider(240)) - Unable to initialize FileSignerSecretProvider, falling back to use random secrets. Reason: Could not read signature secret file: /home/runner/hadoop-http-auth-signature-secret
2023-01-13 04:28:11,078 [Listener at 127.0.0.1/39893] WARN  http.HttpRequestLog (HttpRequestLog.java:getRequestLog(103)) - Jetty request log can only be enabled using Log4j
2023-01-13 04:28:11,080 [Listener at 127.0.0.1/39893] INFO  http.HttpServer2 (HttpServer2.java:addGlobalFilter(1031)) - Added global filter 'safety' (class=org.apache.hadoop.hdds.server.http.HttpServer2$QuotingInputFilter)
2023-01-13 04:28:11,081 [Listener at 127.0.0.1/39893] INFO  http.HttpServer2 (HttpServer2.java:addFilter(1007)) - Added filter static_user_filter (class=org.apache.hadoop.http.lib.StaticUserWebFilter$StaticUserFilter) to context hddsDatanode
2023-01-13 04:28:11,082 [Listener at 127.0.0.1/39893] INFO  http.HttpServer2 (HttpServer2.java:addFilter(1015)) - Added filter static_user_filter (class=org.apache.hadoop.http.lib.StaticUserWebFilter$StaticUserFilter) to context logs
2023-01-13 04:28:11,082 [Listener at 127.0.0.1/39893] INFO  http.HttpServer2 (HttpServer2.java:addFilter(1015)) - Added filter static_user_filter (class=org.apache.hadoop.http.lib.StaticUserWebFilter$StaticUserFilter) to context static
2023-01-13 04:28:11,085 [Listener at 127.0.0.1/39893] INFO  http.HttpServer2 (HttpServer2.java:bindListener(1250)) - Jetty bound to port 45283
2023-01-13 04:28:11,085 [Listener at 127.0.0.1/39893] INFO  server.Server (Server.java:doStart(375)) - jetty-9.4.49.v20220914; built: 2022-09-14T01:07:36.601Z; git: 4231a3b2e4cb8548a412a789936d640a97b1aa0a; jvm 1.8.0_352-b08
2023-01-13 04:28:11,090 [Listener at 127.0.0.1/39893] INFO  server.session (DefaultSessionIdManager.java:doStart(334)) - DefaultSessionIdManager workerName=node0
2023-01-13 04:28:11,090 [Listener at 127.0.0.1/39893] INFO  server.session (DefaultSessionIdManager.java:doStart(339)) - No SessionScavenger set, using defaults
2023-01-13 04:28:11,090 [Listener at 127.0.0.1/39893] INFO  server.session (HouseKeeper.java:startScavenging(132)) - node0 Scavenging every 660000ms
2023-01-13 04:28:11,091 [Listener at 127.0.0.1/39893] INFO  handler.ContextHandler (ContextHandler.java:doStart(921)) - Started o.e.j.s.ServletContextHandler@24ab288c{logs,/logs,file:///home/runner/work/ozone/ozone/hadoop-ozone/integration-test/target/log,AVAILABLE}
2023-01-13 04:28:11,092 [Listener at 127.0.0.1/39893] INFO  handler.ContextHandler (ContextHandler.java:doStart(921)) - Started o.e.j.s.ServletContextHandler@1b1cd763{static,/static,jar:file:/home/runner/.m2/repository/org/apache/ozone/hdds-container-service/1.4.0-SNAPSHOT/hdds-container-service-1.4.0-SNAPSHOT.jar!/webapps/static,AVAILABLE}
2023-01-13 04:28:11,303 [Listener at 127.0.0.1/39893] INFO  handler.ContextHandler (ContextHandler.java:doStart(921)) - Started o.e.j.w.WebAppContext@2889a7ae{hddsDatanode,/,file:///tmp/jetty-0_0_0_0-45283-hdds-container-service-1_4_0-SNAPSHOT_jar-_-any-6724054323591351598/webapp/,AVAILABLE}{jar:file:/home/runner/.m2/repository/org/apache/ozone/hdds-container-service/1.4.0-SNAPSHOT/hdds-container-service-1.4.0-SNAPSHOT.jar!/webapps/hddsDatanode}
2023-01-13 04:28:11,304 [Listener at 127.0.0.1/39893] INFO  server.AbstractConnector (AbstractConnector.java:doStart(333)) - Started ServerConnector@1eedc45d{HTTP/1.1, (http/1.1)}{0.0.0.0:45283}
2023-01-13 04:28:11,305 [Listener at 127.0.0.1/39893] INFO  server.Server (Server.java:doStart(415)) - Started @7760ms
2023-01-13 04:28:11,305 [Listener at 127.0.0.1/39893] WARN  impl.MetricsSystemImpl (MetricsSystemImpl.java:register(279)) - Sink prometheus already exists!
2023-01-13 04:28:11,305 [Listener at 127.0.0.1/39893] INFO  http.BaseHttpServer (BaseHttpServer.java:updateConnectorAddress(333)) - HTTP server of hddsDatanode listening at http://0.0.0.0:45283
2023-01-13 04:28:11,307 [Listener at 127.0.0.1/39893] WARN  impl.MetricRegistriesImpl (MetricRegistriesImpl.java:addReporterRegistration(111)) - New reporters are added after registries were created. Some metrics will be missing from the reporter. Please add reporter before adding any new registry.
2023-01-13 04:28:11,307 [Listener at 127.0.0.1/39893] WARN  impl.MetricRegistriesImpl (MetricRegistriesImpl.java:addReporterRegistration(111)) - New reporters are added after registries were created. Some metrics will be missing from the reporter. Please add reporter before adding any new registry.
2023-01-13 04:28:11,307 [Listener at 127.0.0.1/39893] INFO  impl.MetricsSystemImpl (MetricsSystemImpl.java:init(158)) - HddsDatanode metrics system started (again)
2023-01-13 04:28:11,318 [Datanode State Machine Daemon Thread] INFO  statemachine.DatanodeStateMachine (DatanodeStateMachine.java:lambda$startDaemon$0(508)) - Ozone container server started.
2023-01-13 04:28:11,319 [Listener at 127.0.0.1/39893] INFO  ozone.HddsDatanodeService (HddsDatanodeService.java:start(228)) - HddsDatanodeService host:fv-az178-476.4hr1jzigf4quzlbutvnlm3yq0e.cx.internal.cloudapp.net ip:10.1.0.110
2023-01-13 04:28:11,337 [org.apache.hadoop.util.JvmPauseMonitor$Monitor@60e7a23] INFO  util.JvmPauseMonitor (JvmPauseMonitor.java:run(188)) - Starting JVM pause monitor
2023-01-13 04:28:11,349 [Listener at 127.0.0.1/39893] INFO  upgrade.AbstractLayoutVersionManager (AbstractLayoutVersionManager.java:init(83)) - Initializing Layout version manager with metadata layout = DATANODE_SCHEMA_V3 (version = 4), software layout = DATANODE_SCHEMA_V3 (version = 4)
2023-01-13 04:28:11,354 [om1@group-C5BA1605619E-FollowerState] INFO  impl.FollowerState (FollowerState.java:run(143)) - om1@group-C5BA1605619E-FollowerState: change to CANDIDATE, lastRpcElapsedTime:1018393752ns, electionTimeout:1010ms
2023-01-13 04:28:11,355 [om1@group-C5BA1605619E-FollowerState] INFO  impl.RoleInfo (RoleInfo.java:shutdownFollowerState(110)) - om1: shutdown om1@group-C5BA1605619E-FollowerState
2023-01-13 04:28:11,356 [om1@group-C5BA1605619E-FollowerState] INFO  server.RaftServer$Division (RaftServerImpl.java:setRole(321)) - om1@group-C5BA1605619E: changes role from  FOLLOWER to CANDIDATE at term 0 for changeToCandidate
2023-01-13 04:28:11,359 [om1@group-C5BA1605619E-FollowerState] INFO  server.RaftServerConfigKeys (ConfUtils.java:logGet(46)) - raft.server.leaderelection.pre-vote = false (custom)
2023-01-13 04:28:11,359 [om1@group-C5BA1605619E-FollowerState] INFO  impl.RoleInfo (RoleInfo.java:updateAndGet(139)) - om1: start om1@group-C5BA1605619E-LeaderElection1
2023-01-13 04:28:11,380 [om1@group-C5BA1605619E-LeaderElection1] INFO  impl.LeaderElection (LeaderElection.java:askForVotes(312)) - om1@group-C5BA1605619E-LeaderElection1 ELECTION round 0: submit vote requests at term 1 for -1: peers:[om1|rpc:localhost:9872|priority:0|startupRole:FOLLOWER]|listeners:[], old=null
2023-01-13 04:28:11,381 [om1@group-C5BA1605619E-LeaderElection1] INFO  impl.LeaderElection (LeaderElection.java:askForVotes(314)) - om1@group-C5BA1605619E-LeaderElection1 ELECTION round 0: result PASSED (term=1)
2023-01-13 04:28:11,381 [om1@group-C5BA1605619E-LeaderElection1] INFO  impl.RoleInfo (RoleInfo.java:shutdownLeaderElection(130)) - om1: shutdown om1@group-C5BA1605619E-LeaderElection1
2023-01-13 04:28:11,383 [om1@group-C5BA1605619E-LeaderElection1] INFO  server.RaftServer$Division (RaftServerImpl.java:setRole(321)) - om1@group-C5BA1605619E: changes role from CANDIDATE to LEADER at term 1 for changeToLeader
2023-01-13 04:28:11,383 [om1@group-C5BA1605619E-LeaderElection1] INFO  server.RaftServer$Division (ServerState.java:setLeader(313)) - om1@group-C5BA1605619E: change Leader from null to om1 at term 1 for becomeLeader, leader elected after 2043ms
2023-01-13 04:28:11,394 [om1@group-C5BA1605619E-LeaderElection1] INFO  server.RaftServerConfigKeys (ConfUtils.java:logGet(46)) - raft.server.staging.catchup.gap = 1000 (default)
2023-01-13 04:28:11,406 [om1@group-C5BA1605619E-LeaderElection1] INFO  server.RaftServerConfigKeys (ConfUtils.java:logGet(46)) - raft.server.write.element-limit = 4096 (default)
2023-01-13 04:28:11,408 [om1@group-C5BA1605619E-LeaderElection1] INFO  server.RaftServerConfigKeys (ConfUtils.java:logGet(46)) - raft.server.write.byte-limit = 64MB (=67108864) (default)
2023-01-13 04:28:11,417 [om1@group-C5BA1605619E-LeaderElection1] INFO  server.RaftServerConfigKeys (ConfUtils.java:logGet(46)) - raft.server.watch.timeout = 10s (default)
2023-01-13 04:28:11,418 [om1@group-C5BA1605619E-LeaderElection1] INFO  server.RaftServerConfigKeys (ConfUtils.java:logGet(46)) - raft.server.watch.timeout.denomination = 1s (default)
2023-01-13 04:28:11,419 [om1@group-C5BA1605619E-LeaderElection1] INFO  server.RaftServerConfigKeys (ConfUtils.java:logGet(46)) - raft.server.watch.element-limit = 65536 (default)
2023-01-13 04:28:11,429 [om1@group-C5BA1605619E-LeaderElection1] INFO  server.RaftServerConfigKeys (ConfUtils.java:logGet(46)) - raft.server.write.element-limit = 4096 (default)
2023-01-13 04:28:11,432 [om1@group-C5BA1605619E-LeaderElection1] INFO  server.RaftServerConfigKeys (ConfUtils.java:logGet(46)) - raft.server.write.follower.gap.ratio.max = -1.0 (default)
2023-01-13 04:28:11,440 [om1@group-C5BA1605619E-LeaderElection1] INFO  impl.RoleInfo (RoleInfo.java:updateAndGet(139)) - om1: start om1@group-C5BA1605619E-LeaderStateImpl
2023-01-13 04:28:11,442 [Listener at 127.0.0.1/39893] INFO  reflections.Reflections (Reflections.java:scan(232)) - Reflections took 91 ms to scan 7 urls, producing 146 keys and 350 values 
2023-01-13 04:28:11,443 [Listener at 127.0.0.1/39893] INFO  statemachine.DatanodeStateMachine (DatanodeStateMachine.java:getEndPointTaskThreadPoolSize(248)) - Datanode State Machine Task Thread Pool size 2
2023-01-13 04:28:11,452 [Listener at 127.0.0.1/39893] INFO  volume.HddsVolume (HddsVolume.java:<init>(117)) - Creating HddsVolume: /home/runner/work/ozone/ozone/hadoop-ozone/integration-test/target/test-dir/MiniOzoneClusterImpl-cf27e86b-a5d2-4d86-a5ef-f90d19c9ea90/datanode-1/data-0/containers/hdds of storage type : DISK capacity : 9223372036854775807
2023-01-13 04:28:11,452 [Listener at 127.0.0.1/39893] INFO  volume.MutableVolumeSet (MutableVolumeSet.java:initializeVolumeSet(174)) - Added Volume : /home/runner/work/ozone/ozone/hadoop-ozone/integration-test/target/test-dir/MiniOzoneClusterImpl-cf27e86b-a5d2-4d86-a5ef-f90d19c9ea90/datanode-1/data-0/containers/hdds to VolumeSet
2023-01-13 04:28:11,453 [Listener at 127.0.0.1/39893] INFO  volume.ThrottledAsyncChecker (ThrottledAsyncChecker.java:schedule(141)) - Scheduling a check for /home/runner/work/ozone/ozone/hadoop-ozone/integration-test/target/test-dir/MiniOzoneClusterImpl-cf27e86b-a5d2-4d86-a5ef-f90d19c9ea90/datanode-1/data-0/containers/hdds
2023-01-13 04:28:11,470 [Listener at 127.0.0.1/39893] INFO  volume.StorageVolumeChecker (StorageVolumeChecker.java:checkAllVolumes(202)) - Scheduled health check for volume /home/runner/work/ozone/ozone/hadoop-ozone/integration-test/target/test-dir/MiniOzoneClusterImpl-cf27e86b-a5d2-4d86-a5ef-f90d19c9ea90/datanode-1/data-0/containers/hdds
2023-01-13 04:28:11,481 [Listener at 127.0.0.1/39893] INFO  volume.MutableVolumeSet (MutableVolumeSet.java:initializeVolumeSet(174)) - Added Volume : /home/runner/work/ozone/ozone/hadoop-ozone/integration-test/target/test-dir/MiniOzoneClusterImpl-cf27e86b-a5d2-4d86-a5ef-f90d19c9ea90/datanode-1/data/ratis to VolumeSet
2023-01-13 04:28:11,481 [Listener at 127.0.0.1/39893] INFO  volume.ThrottledAsyncChecker (ThrottledAsyncChecker.java:schedule(141)) - Scheduling a check for /home/runner/work/ozone/ozone/hadoop-ozone/integration-test/target/test-dir/MiniOzoneClusterImpl-cf27e86b-a5d2-4d86-a5ef-f90d19c9ea90/datanode-1/data/ratis
2023-01-13 04:28:11,481 [Listener at 127.0.0.1/39893] INFO  volume.StorageVolumeChecker (StorageVolumeChecker.java:checkAllVolumes(202)) - Scheduled health check for volume /home/runner/work/ozone/ozone/hadoop-ozone/integration-test/target/test-dir/MiniOzoneClusterImpl-cf27e86b-a5d2-4d86-a5ef-f90d19c9ea90/datanode-1/data/ratis
2023-01-13 04:28:11,507 [om1@group-C5BA1605619E-LeaderElection1] INFO  segmented.SegmentedRaftLogWorker (SegmentedRaftLogWorker.java:startLogSegment(452)) - om1@group-C5BA1605619E-SegmentedRaftLogWorker: Starting segment from index:0
2023-01-13 04:28:11,512 [Thread-152] INFO  ozoneimpl.ContainerReader (ContainerReader.java:readVolume(175)) - Finish verifying containers on volume /home/runner/work/ozone/ozone/hadoop-ozone/integration-test/target/test-dir/MiniOzoneClusterImpl-cf27e86b-a5d2-4d86-a5ef-f90d19c9ea90/datanode-1/data-0/containers/hdds
2023-01-13 04:28:11,513 [Listener at 127.0.0.1/39893] INFO  ozoneimpl.OzoneContainer (OzoneContainer.java:buildContainerSet(301)) - Build ContainerSet costs 0s
2023-01-13 04:28:11,517 [Listener at 127.0.0.1/39893] INFO  server.RaftServer (ConfUtils.java:logGet(46)) - raft.rpc.type = GRPC (default)
2023-01-13 04:28:11,517 [Listener at 127.0.0.1/39893] INFO  grpc.GrpcConfigKeys (ConfUtils.java:logFallback(53)) - raft.grpc.admin.host = null (fallback to raft.grpc.server.host)
2023-01-13 04:28:11,517 [Listener at 127.0.0.1/39893] INFO  grpc.GrpcConfigKeys (ConfUtils.java:logGet(46)) - raft.grpc.admin.port = 0 (custom)
2023-01-13 04:28:11,517 [Listener at 127.0.0.1/39893] INFO  grpc.GrpcConfigKeys (ConfUtils.java:logFallback(53)) - raft.grpc.client.host = null (fallback to raft.grpc.server.host)
2023-01-13 04:28:11,517 [Listener at 127.0.0.1/39893] INFO  grpc.GrpcConfigKeys (ConfUtils.java:logGet(46)) - raft.grpc.client.port = 0 (custom)
2023-01-13 04:28:11,517 [Listener at 127.0.0.1/39893] INFO  grpc.GrpcConfigKeys (ConfUtils.java:logGet(46)) - raft.grpc.server.host = null (default)
2023-01-13 04:28:11,517 [Listener at 127.0.0.1/39893] INFO  grpc.GrpcConfigKeys (ConfUtils.java:logGet(46)) - raft.grpc.server.port = 0 (default)
2023-01-13 04:28:11,517 [Listener at 127.0.0.1/39893] INFO  server.GrpcService (ConfUtils.java:logGet(46)) - raft.grpc.message.size.max = 32MB (=33554432) (custom)
2023-01-13 04:28:11,518 [Listener at 127.0.0.1/39893] INFO  server.RaftServerConfigKeys (ConfUtils.java:logGet(46)) - raft.server.log.appender.buffer.byte-limit = 33554432 (custom)
2023-01-13 04:28:11,518 [Listener at 127.0.0.1/39893] INFO  server.GrpcService (ConfUtils.java:logGet(46)) - raft.grpc.flow.control.window = 5MB (=5242880) (custom)
2023-01-13 04:28:11,518 [Listener at 127.0.0.1/39893] INFO  server.RaftServerConfigKeys (ConfUtils.java:logGet(46)) - raft.server.rpc.request.timeout = 60s (custom)
2023-01-13 04:28:11,518 [Listener at 127.0.0.1/39893] INFO  grpc.GrpcConfigKeys (ConfUtils.java:logGet(46)) - raft.grpc.server.heartbeat.channel = true (default)
2023-01-13 04:28:11,518 [Listener at 127.0.0.1/39893] INFO  grpc.GrpcConfigKeys (ConfUtils.java:logGet(46)) - raft.grpc.server.async.request.thread.pool.cached = true (default)
2023-01-13 04:28:11,518 [Listener at 127.0.0.1/39893] INFO  grpc.GrpcConfigKeys (ConfUtils.java:logGet(46)) - raft.grpc.server.async.request.thread.pool.size = 32 (default)
2023-01-13 04:28:11,519 [Listener at 127.0.0.1/39893] INFO  impl.DataStreamServerImpl (ConfUtils.java:logGet(46)) - raft.datastream.type = NETTY (custom)
2023-01-13 04:28:11,519 [Listener at 127.0.0.1/39893] INFO  server.RaftServerConfigKeys (ConfUtils.java:logGet(46)) - raft.server.data-stream.async.request.thread.pool.cached = false (default)
2023-01-13 04:28:11,520 [Listener at 127.0.0.1/39893] INFO  server.RaftServerConfigKeys (ConfUtils.java:logGet(46)) - raft.server.data-stream.async.request.thread.pool.size = 20 (custom)
2023-01-13 04:28:11,520 [Listener at 127.0.0.1/39893] INFO  server.RaftServerConfigKeys (ConfUtils.java:logGet(46)) - raft.server.data-stream.async.write.thread.pool.size = 16 (default)
2023-01-13 04:28:11,520 [Listener at 127.0.0.1/39893] INFO  server.RaftServerConfigKeys (ConfUtils.java:logGet(46)) - raft.server.data-stream.client.pool.size = 10 (default)
2023-01-13 04:28:11,520 [Listener at 127.0.0.1/39893] INFO  netty.NettyConfigKeys$DataStream (ConfUtils.java:logGet(46)) - raft.netty.dataStream.server.use-epoll = false (default)
2023-01-13 04:28:11,520 [Listener at 127.0.0.1/39893] INFO  netty.NettyConfigKeys$DataStream (ConfUtils.java:logGet(46)) - raft.netty.dataStream.server.boss-group.size = 0 (default)
2023-01-13 04:28:11,525 [Listener at 127.0.0.1/39893] INFO  netty.NettyConfigKeys$DataStream (ConfUtils.java:logGet(46)) - raft.netty.dataStream.server.worker-group.size = 0 (default)
2023-01-13 04:28:11,526 [Listener at 127.0.0.1/39893] INFO  netty.NettyConfigKeys$DataStream (ConfUtils.java:logGet(46)) - raft.netty.dataStream.server.tls.conf = null (default)
2023-01-13 04:28:11,526 [Listener at 127.0.0.1/39893] INFO  netty.NettyConfigKeys$DataStream (ConfUtils.java:logGet(46)) - raft.netty.dataStream.host = null (default)
2023-01-13 04:28:11,526 [Listener at 127.0.0.1/39893] INFO  netty.NettyConfigKeys$DataStream (ConfUtils.java:logGet(46)) - raft.netty.dataStream.port = 0 (default)
2023-01-13 04:28:11,534 [Listener at 127.0.0.1/39893] INFO  server.RaftServerConfigKeys (ConfUtils.java:logGet(46)) - raft.server.threadpool.proxy.cached = true (default)
2023-01-13 04:28:11,534 [Listener at 127.0.0.1/39893] INFO  server.RaftServerConfigKeys (ConfUtils.java:logGet(46)) - raft.server.threadpool.proxy.size = 0 (default)
2023-01-13 04:28:11,534 [Listener at 127.0.0.1/39893] INFO  server.RaftServerConfigKeys (ConfUtils.java:logGet(46)) - raft.server.rpc.slowness.timeout = 300s (custom)
2023-01-13 04:28:11,534 [Listener at 127.0.0.1/39893] INFO  server.RaftServerConfigKeys (ConfUtils.java:logGet(46)) - raft.server.leaderelection.leader.step-down.wait-time = 10s (default)
2023-01-13 04:28:11,534 [Listener at 127.0.0.1/39893] INFO  server.RaftServerConfigKeys (ConfUtils.java:logGet(46)) - raft.server.storage.dir = [/home/runner/work/ozone/ozone/hadoop-ozone/integration-test/target/test-dir/MiniOzoneClusterImpl-cf27e86b-a5d2-4d86-a5ef-f90d19c9ea90/datanode-1/data/ratis] (custom)
2023-01-13 04:28:11,537 [9fcca57a-0016-4a7b-b88c-860e873da22c-NettyServerStreamRpc-bossGroup--thread1] INFO  logging.LoggingHandler (AbstractInternalLogger.java:log(148)) - [id: 0x18e61212] REGISTERED
2023-01-13 04:28:11,537 [9fcca57a-0016-4a7b-b88c-860e873da22c-NettyServerStreamRpc-bossGroup--thread1] INFO  logging.LoggingHandler (AbstractInternalLogger.java:log(148)) - [id: 0x18e61212] BIND: 0.0.0.0/0.0.0.0:0
2023-01-13 04:28:11,537 [9fcca57a-0016-4a7b-b88c-860e873da22c-NettyServerStreamRpc-bossGroup--thread1] INFO  logging.LoggingHandler (AbstractInternalLogger.java:log(148)) - [id: 0x18e61212, L:/0:0:0:0:0:0:0:0:38333] ACTIVE
2023-01-13 04:28:11,543 [Listener at 127.0.0.1/39893] INFO  server.XceiverServerGrpc (XceiverServerGrpc.java:<init>(132)) - GrpcServer channel type EpollServerSocketChannel
2023-01-13 04:28:11,552 [Listener at 127.0.0.1/39893] INFO  http.BaseHttpServer (BaseHttpServer.java:newHttpServer2BuilderForOzone(213)) - Starting Web-server for hddsDatanode at: http://0.0.0.0:0
2023-01-13 04:28:11,552 [Listener at 127.0.0.1/39893] INFO  http.BaseHttpServer (BaseHttpServer.java:<init>(108)) - Hadoop Security Enabled: false Ozone Security Enabled: false Ozone HTTP Security Enabled: false 
2023-01-13 04:28:11,553 [Listener at 127.0.0.1/39893] WARN  server.AuthenticationFilter (AuthenticationFilter.java:constructSecretProvider(240)) - Unable to initialize FileSignerSecretProvider, falling back to use random secrets. Reason: Could not read signature secret file: /home/runner/hadoop-http-auth-signature-secret
2023-01-13 04:28:11,559 [Listener at 127.0.0.1/39893] WARN  http.HttpRequestLog (HttpRequestLog.java:getRequestLog(103)) - Jetty request log can only be enabled using Log4j
2023-01-13 04:28:11,561 [Listener at 127.0.0.1/39893] INFO  http.HttpServer2 (HttpServer2.java:addGlobalFilter(1031)) - Added global filter 'safety' (class=org.apache.hadoop.hdds.server.http.HttpServer2$QuotingInputFilter)
2023-01-13 04:28:11,562 [Listener at 127.0.0.1/39893] INFO  http.HttpServer2 (HttpServer2.java:addFilter(1007)) - Added filter static_user_filter (class=org.apache.hadoop.http.lib.StaticUserWebFilter$StaticUserFilter) to context hddsDatanode
2023-01-13 04:28:11,565 [Listener at 127.0.0.1/39893] INFO  http.HttpServer2 (HttpServer2.java:addFilter(1015)) - Added filter static_user_filter (class=org.apache.hadoop.http.lib.StaticUserWebFilter$StaticUserFilter) to context static
2023-01-13 04:28:11,565 [Listener at 127.0.0.1/39893] INFO  http.HttpServer2 (HttpServer2.java:addFilter(1015)) - Added filter static_user_filter (class=org.apache.hadoop.http.lib.StaticUserWebFilter$StaticUserFilter) to context logs
2023-01-13 04:28:11,565 [Listener at 127.0.0.1/39893] INFO  http.HttpServer2 (HttpServer2.java:bindListener(1250)) - Jetty bound to port 43555
2023-01-13 04:28:11,566 [Listener at 127.0.0.1/39893] INFO  server.Server (Server.java:doStart(375)) - jetty-9.4.49.v20220914; built: 2022-09-14T01:07:36.601Z; git: 4231a3b2e4cb8548a412a789936d640a97b1aa0a; jvm 1.8.0_352-b08
2023-01-13 04:28:11,567 [Datanode State Machine Task Thread - 0] INFO  datanode.InitDatanodeState (InitDatanodeState.java:persistContainerDatanodeDetails(138)) - DatanodeDetails is persisted to /home/runner/work/ozone/ozone/hadoop-ozone/integration-test/target/test-dir/MiniOzoneClusterImpl-cf27e86b-a5d2-4d86-a5ef-f90d19c9ea90/datanode-0/meta/datanode.id
2023-01-13 04:28:11,608 [om1@group-C5BA1605619E-LeaderElection1] INFO  server.RaftServer$Division (ServerState.java:setRaftConf(430)) - om1@group-C5BA1605619E: set configuration 0: peers:[om1|rpc:localhost:9872|admin:|client:|dataStream:|priority:0|startupRole:FOLLOWER]|listeners:[], old=null
2023-01-13 04:28:11,610 [Listener at 127.0.0.1/39893] INFO  server.session (DefaultSessionIdManager.java:doStart(334)) - DefaultSessionIdManager workerName=node0
2023-01-13 04:28:11,610 [Listener at 127.0.0.1/39893] INFO  server.session (DefaultSessionIdManager.java:doStart(339)) - No SessionScavenger set, using defaults
2023-01-13 04:28:11,610 [Listener at 127.0.0.1/39893] INFO  server.session (HouseKeeper.java:startScavenging(132)) - node0 Scavenging every 660000ms
2023-01-13 04:28:11,613 [Listener at 127.0.0.1/39893] INFO  handler.ContextHandler (ContextHandler.java:doStart(921)) - Started o.e.j.s.ServletContextHandler@494a4dbc{logs,/logs,file:///home/runner/work/ozone/ozone/hadoop-ozone/integration-test/target/log,AVAILABLE}
2023-01-13 04:28:11,613 [Listener at 127.0.0.1/39893] INFO  handler.ContextHandler (ContextHandler.java:doStart(921)) - Started o.e.j.s.ServletContextHandler@626a4cfa{static,/static,jar:file:/home/runner/.m2/repository/org/apache/ozone/hdds-container-service/1.4.0-SNAPSHOT/hdds-container-service-1.4.0-SNAPSHOT.jar!/webapps/static,AVAILABLE}
2023-01-13 04:28:11,666 [om1@group-C5BA1605619E-SegmentedRaftLogWorker] INFO  segmented.SegmentedRaftLogWorker (SegmentedRaftLogWorker.java:execute(656)) - om1@group-C5BA1605619E-SegmentedRaftLogWorker: created new log segment /home/runner/work/ozone/ozone/hadoop-ozone/integration-test/target/test-dir/MiniOzoneClusterImpl-cf27e86b-a5d2-4d86-a5ef-f90d19c9ea90/ozone-meta/ratis/bf265839-605b-3f16-9796-c5ba1605619e/current/log_inprogress_0
2023-01-13 04:28:11,784 [om1@group-C5BA1605619E-StateMachineUpdater] INFO  ratis.OzoneManagerStateMachine (OzoneManagerStateMachine.java:notifyConfigurationChanged(192)) - Received Configuration change notification from Ratis. New Peer list:
[id: "om1"
address: "localhost:9872"
startupRole: FOLLOWER
]
2023-01-13 04:28:11,845 [Listener at 127.0.0.1/39893] INFO  handler.ContextHandler (ContextHandler.java:doStart(921)) - Started o.e.j.w.WebAppContext@2f544e25{hddsDatanode,/,file:///tmp/jetty-0_0_0_0-43555-hdds-container-service-1_4_0-SNAPSHOT_jar-_-any-996282585929409872/webapp/,AVAILABLE}{jar:file:/home/runner/.m2/repository/org/apache/ozone/hdds-container-service/1.4.0-SNAPSHOT/hdds-container-service-1.4.0-SNAPSHOT.jar!/webapps/hddsDatanode}
2023-01-13 04:28:11,846 [Listener at 127.0.0.1/39893] INFO  server.AbstractConnector (AbstractConnector.java:doStart(333)) - Started ServerConnector@5fe45ceb{HTTP/1.1, (http/1.1)}{0.0.0.0:43555}
2023-01-13 04:28:11,846 [Listener at 127.0.0.1/39893] INFO  server.Server (Server.java:doStart(415)) - Started @8301ms
2023-01-13 04:28:11,846 [Listener at 127.0.0.1/39893] WARN  impl.MetricsSystemImpl (MetricsSystemImpl.java:register(279)) - Sink prometheus already exists!
2023-01-13 04:28:11,847 [Listener at 127.0.0.1/39893] INFO  http.BaseHttpServer (BaseHttpServer.java:updateConnectorAddress(333)) - HTTP server of hddsDatanode listening at http://0.0.0.0:43555
2023-01-13 04:28:11,849 [Listener at 127.0.0.1/39893] WARN  impl.MetricRegistriesImpl (MetricRegistriesImpl.java:addReporterRegistration(111)) - New reporters are added after registries were created. Some metrics will be missing from the reporter. Please add reporter before adding any new registry.
2023-01-13 04:28:11,850 [Listener at 127.0.0.1/39893] WARN  impl.MetricRegistriesImpl (MetricRegistriesImpl.java:addReporterRegistration(111)) - New reporters are added after registries were created. Some metrics will be missing from the reporter. Please add reporter before adding any new registry.
2023-01-13 04:28:11,850 [Listener at 127.0.0.1/39893] INFO  impl.MetricsSystemImpl (MetricsSystemImpl.java:init(158)) - HddsDatanode metrics system started (again)
2023-01-13 04:28:11,855 [Datanode State Machine Daemon Thread] INFO  statemachine.DatanodeStateMachine (DatanodeStateMachine.java:lambda$startDaemon$0(508)) - Ozone container server started.
2023-01-13 04:28:11,864 [org.apache.hadoop.util.JvmPauseMonitor$Monitor@d2072be] INFO  util.JvmPauseMonitor (JvmPauseMonitor.java:run(188)) - Starting JVM pause monitor
2023-01-13 04:28:11,874 [Listener at 127.0.0.1/39893] INFO  ozone.HddsDatanodeService (HddsDatanodeService.java:start(228)) - HddsDatanodeService host:fv-az178-476.4hr1jzigf4quzlbutvnlm3yq0e.cx.internal.cloudapp.net ip:10.1.0.110
2023-01-13 04:28:11,874 [Datanode State Machine Task Thread - 0] INFO  datanode.InitDatanodeState (InitDatanodeState.java:persistContainerDatanodeDetails(138)) - DatanodeDetails is persisted to /home/runner/work/ozone/ozone/hadoop-ozone/integration-test/target/test-dir/MiniOzoneClusterImpl-cf27e86b-a5d2-4d86-a5ef-f90d19c9ea90/datanode-1/meta/datanode.id
2023-01-13 04:28:11,906 [Listener at 127.0.0.1/39893] INFO  upgrade.AbstractLayoutVersionManager (AbstractLayoutVersionManager.java:init(83)) - Initializing Layout version manager with metadata layout = DATANODE_SCHEMA_V3 (version = 4), software layout = DATANODE_SCHEMA_V3 (version = 4)
2023-01-13 04:28:11,966 [Listener at 127.0.0.1/39893] INFO  reflections.Reflections (Reflections.java:scan(232)) - Reflections took 59 ms to scan 7 urls, producing 146 keys and 350 values 
2023-01-13 04:28:11,969 [Listener at 127.0.0.1/39893] INFO  statemachine.DatanodeStateMachine (DatanodeStateMachine.java:getEndPointTaskThreadPoolSize(248)) - Datanode State Machine Task Thread Pool size 2
2023-01-13 04:28:11,982 [Listener at 127.0.0.1/39893] INFO  volume.HddsVolume (HddsVolume.java:<init>(117)) - Creating HddsVolume: /home/runner/work/ozone/ozone/hadoop-ozone/integration-test/target/test-dir/MiniOzoneClusterImpl-cf27e86b-a5d2-4d86-a5ef-f90d19c9ea90/datanode-2/data-0/containers/hdds of storage type : DISK capacity : 9223372036854775807
2023-01-13 04:28:11,982 [Listener at 127.0.0.1/39893] INFO  volume.MutableVolumeSet (MutableVolumeSet.java:initializeVolumeSet(174)) - Added Volume : /home/runner/work/ozone/ozone/hadoop-ozone/integration-test/target/test-dir/MiniOzoneClusterImpl-cf27e86b-a5d2-4d86-a5ef-f90d19c9ea90/datanode-2/data-0/containers/hdds to VolumeSet
2023-01-13 04:28:11,983 [Listener at 127.0.0.1/39893] INFO  volume.ThrottledAsyncChecker (ThrottledAsyncChecker.java:schedule(141)) - Scheduling a check for /home/runner/work/ozone/ozone/hadoop-ozone/integration-test/target/test-dir/MiniOzoneClusterImpl-cf27e86b-a5d2-4d86-a5ef-f90d19c9ea90/datanode-2/data-0/containers/hdds
2023-01-13 04:28:11,984 [Listener at 127.0.0.1/39893] INFO  volume.StorageVolumeChecker (StorageVolumeChecker.java:checkAllVolumes(202)) - Scheduled health check for volume /home/runner/work/ozone/ozone/hadoop-ozone/integration-test/target/test-dir/MiniOzoneClusterImpl-cf27e86b-a5d2-4d86-a5ef-f90d19c9ea90/datanode-2/data-0/containers/hdds
2023-01-13 04:28:11,996 [Listener at 127.0.0.1/39893] INFO  volume.MutableVolumeSet (MutableVolumeSet.java:initializeVolumeSet(174)) - Added Volume : /home/runner/work/ozone/ozone/hadoop-ozone/integration-test/target/test-dir/MiniOzoneClusterImpl-cf27e86b-a5d2-4d86-a5ef-f90d19c9ea90/datanode-2/data/ratis to VolumeSet
2023-01-13 04:28:11,996 [Listener at 127.0.0.1/39893] INFO  volume.ThrottledAsyncChecker (ThrottledAsyncChecker.java:schedule(141)) - Scheduling a check for /home/runner/work/ozone/ozone/hadoop-ozone/integration-test/target/test-dir/MiniOzoneClusterImpl-cf27e86b-a5d2-4d86-a5ef-f90d19c9ea90/datanode-2/data/ratis
2023-01-13 04:28:11,997 [Listener at 127.0.0.1/39893] INFO  volume.StorageVolumeChecker (StorageVolumeChecker.java:checkAllVolumes(202)) - Scheduled health check for volume /home/runner/work/ozone/ozone/hadoop-ozone/integration-test/target/test-dir/MiniOzoneClusterImpl-cf27e86b-a5d2-4d86-a5ef-f90d19c9ea90/datanode-2/data/ratis
2023-01-13 04:28:12,007 [Thread-166] INFO  ozoneimpl.ContainerReader (ContainerReader.java:readVolume(175)) - Finish verifying containers on volume /home/runner/work/ozone/ozone/hadoop-ozone/integration-test/target/test-dir/MiniOzoneClusterImpl-cf27e86b-a5d2-4d86-a5ef-f90d19c9ea90/datanode-2/data-0/containers/hdds
2023-01-13 04:28:12,009 [Listener at 127.0.0.1/39893] INFO  ozoneimpl.OzoneContainer (OzoneContainer.java:buildContainerSet(301)) - Build ContainerSet costs 0s
2023-01-13 04:28:12,018 [Listener at 127.0.0.1/39893] INFO  server.RaftServer (ConfUtils.java:logGet(46)) - raft.rpc.type = GRPC (default)
2023-01-13 04:28:12,018 [Listener at 127.0.0.1/39893] INFO  grpc.GrpcConfigKeys (ConfUtils.java:logFallback(53)) - raft.grpc.admin.host = null (fallback to raft.grpc.server.host)
2023-01-13 04:28:12,019 [Listener at 127.0.0.1/39893] INFO  grpc.GrpcConfigKeys (ConfUtils.java:logGet(46)) - raft.grpc.admin.port = 0 (custom)
2023-01-13 04:28:12,019 [Listener at 127.0.0.1/39893] INFO  grpc.GrpcConfigKeys (ConfUtils.java:logFallback(53)) - raft.grpc.client.host = null (fallback to raft.grpc.server.host)
2023-01-13 04:28:12,019 [Listener at 127.0.0.1/39893] INFO  grpc.GrpcConfigKeys (ConfUtils.java:logGet(46)) - raft.grpc.client.port = 0 (custom)
2023-01-13 04:28:12,019 [Listener at 127.0.0.1/39893] INFO  grpc.GrpcConfigKeys (ConfUtils.java:logGet(46)) - raft.grpc.server.host = null (default)
2023-01-13 04:28:12,019 [Listener at 127.0.0.1/39893] INFO  grpc.GrpcConfigKeys (ConfUtils.java:logGet(46)) - raft.grpc.server.port = 0 (default)
2023-01-13 04:28:12,019 [Listener at 127.0.0.1/39893] INFO  server.GrpcService (ConfUtils.java:logGet(46)) - raft.grpc.message.size.max = 32MB (=33554432) (custom)
2023-01-13 04:28:12,019 [Listener at 127.0.0.1/39893] INFO  server.RaftServerConfigKeys (ConfUtils.java:logGet(46)) - raft.server.log.appender.buffer.byte-limit = 33554432 (custom)
2023-01-13 04:28:12,019 [Listener at 127.0.0.1/39893] INFO  server.GrpcService (ConfUtils.java:logGet(46)) - raft.grpc.flow.control.window = 5MB (=5242880) (custom)
2023-01-13 04:28:12,020 [Listener at 127.0.0.1/39893] INFO  server.RaftServerConfigKeys (ConfUtils.java:logGet(46)) - raft.server.rpc.request.timeout = 60s (custom)
2023-01-13 04:28:12,020 [Listener at 127.0.0.1/39893] INFO  grpc.GrpcConfigKeys (ConfUtils.java:logGet(46)) - raft.grpc.server.heartbeat.channel = true (default)
2023-01-13 04:28:12,020 [Listener at 127.0.0.1/39893] INFO  grpc.GrpcConfigKeys (ConfUtils.java:logGet(46)) - raft.grpc.server.async.request.thread.pool.cached = true (default)
2023-01-13 04:28:12,020 [Listener at 127.0.0.1/39893] INFO  grpc.GrpcConfigKeys (ConfUtils.java:logGet(46)) - raft.grpc.server.async.request.thread.pool.size = 32 (default)
2023-01-13 04:28:12,021 [Listener at 127.0.0.1/39893] INFO  impl.DataStreamServerImpl (ConfUtils.java:logGet(46)) - raft.datastream.type = NETTY (custom)
2023-01-13 04:28:12,021 [Listener at 127.0.0.1/39893] INFO  server.RaftServerConfigKeys (ConfUtils.java:logGet(46)) - raft.server.data-stream.async.request.thread.pool.cached = false (default)
2023-01-13 04:28:12,022 [Listener at 127.0.0.1/39893] INFO  server.RaftServerConfigKeys (ConfUtils.java:logGet(46)) - raft.server.data-stream.async.request.thread.pool.size = 20 (custom)
2023-01-13 04:28:12,022 [Listener at 127.0.0.1/39893] INFO  server.RaftServerConfigKeys (ConfUtils.java:logGet(46)) - raft.server.data-stream.async.write.thread.pool.size = 16 (default)
2023-01-13 04:28:12,022 [Listener at 127.0.0.1/39893] INFO  server.RaftServerConfigKeys (ConfUtils.java:logGet(46)) - raft.server.data-stream.client.pool.size = 10 (default)
2023-01-13 04:28:12,022 [Listener at 127.0.0.1/39893] INFO  netty.NettyConfigKeys$DataStream (ConfUtils.java:logGet(46)) - raft.netty.dataStream.server.use-epoll = false (default)
2023-01-13 04:28:12,022 [Listener at 127.0.0.1/39893] INFO  netty.NettyConfigKeys$DataStream (ConfUtils.java:logGet(46)) - raft.netty.dataStream.server.boss-group.size = 0 (default)
2023-01-13 04:28:12,022 [Listener at 127.0.0.1/39893] INFO  netty.NettyConfigKeys$DataStream (ConfUtils.java:logGet(46)) - raft.netty.dataStream.server.worker-group.size = 0 (default)
2023-01-13 04:28:12,023 [Listener at 127.0.0.1/39893] INFO  netty.NettyConfigKeys$DataStream (ConfUtils.java:logGet(46)) - raft.netty.dataStream.server.tls.conf = null (default)
2023-01-13 04:28:12,023 [Listener at 127.0.0.1/39893] INFO  netty.NettyConfigKeys$DataStream (ConfUtils.java:logGet(46)) - raft.netty.dataStream.host = null (default)
2023-01-13 04:28:12,023 [Listener at 127.0.0.1/39893] INFO  netty.NettyConfigKeys$DataStream (ConfUtils.java:logGet(46)) - raft.netty.dataStream.port = 0 (default)
2023-01-13 04:28:12,023 [Listener at 127.0.0.1/39893] INFO  server.RaftServerConfigKeys (ConfUtils.java:logGet(46)) - raft.server.threadpool.proxy.cached = true (default)
2023-01-13 04:28:12,024 [Listener at 127.0.0.1/39893] INFO  server.RaftServerConfigKeys (ConfUtils.java:logGet(46)) - raft.server.threadpool.proxy.size = 0 (default)
2023-01-13 04:28:12,024 [Listener at 127.0.0.1/39893] INFO  server.RaftServerConfigKeys (ConfUtils.java:logGet(46)) - raft.server.rpc.slowness.timeout = 300s (custom)
2023-01-13 04:28:12,024 [Listener at 127.0.0.1/39893] INFO  server.RaftServerConfigKeys (ConfUtils.java:logGet(46)) - raft.server.leaderelection.leader.step-down.wait-time = 10s (default)
2023-01-13 04:28:12,024 [Listener at 127.0.0.1/39893] INFO  server.RaftServerConfigKeys (ConfUtils.java:logGet(46)) - raft.server.storage.dir = [/home/runner/work/ozone/ozone/hadoop-ozone/integration-test/target/test-dir/MiniOzoneClusterImpl-cf27e86b-a5d2-4d86-a5ef-f90d19c9ea90/datanode-2/data/ratis] (custom)
2023-01-13 04:28:12,027 [f09534d9-27f0-4bd2-ae55-341cfd68a0eb-NettyServerStreamRpc-bossGroup--thread1] INFO  logging.LoggingHandler (AbstractInternalLogger.java:log(148)) - [id: 0x08809372] REGISTERED
2023-01-13 04:28:12,028 [f09534d9-27f0-4bd2-ae55-341cfd68a0eb-NettyServerStreamRpc-bossGroup--thread1] INFO  logging.LoggingHandler (AbstractInternalLogger.java:log(148)) - [id: 0x08809372] BIND: 0.0.0.0/0.0.0.0:0
2023-01-13 04:28:12,028 [f09534d9-27f0-4bd2-ae55-341cfd68a0eb-NettyServerStreamRpc-bossGroup--thread1] INFO  logging.LoggingHandler (AbstractInternalLogger.java:log(148)) - [id: 0x08809372, L:/0:0:0:0:0:0:0:0:46259] ACTIVE
2023-01-13 04:28:12,029 [Listener at 127.0.0.1/39893] INFO  server.XceiverServerGrpc (XceiverServerGrpc.java:<init>(132)) - GrpcServer channel type EpollServerSocketChannel
2023-01-13 04:28:12,032 [Listener at 127.0.0.1/39893] INFO  http.BaseHttpServer (BaseHttpServer.java:newHttpServer2BuilderForOzone(213)) - Starting Web-server for hddsDatanode at: http://0.0.0.0:0
2023-01-13 04:28:12,033 [Listener at 127.0.0.1/39893] INFO  http.BaseHttpServer (BaseHttpServer.java:<init>(108)) - Hadoop Security Enabled: false Ozone Security Enabled: false Ozone HTTP Security Enabled: false 
2023-01-13 04:28:12,034 [Listener at 127.0.0.1/39893] WARN  server.AuthenticationFilter (AuthenticationFilter.java:constructSecretProvider(240)) - Unable to initialize FileSignerSecretProvider, falling back to use random secrets. Reason: Could not read signature secret file: /home/runner/hadoop-http-auth-signature-secret
2023-01-13 04:28:12,036 [Listener at 127.0.0.1/39893] WARN  http.HttpRequestLog (HttpRequestLog.java:getRequestLog(103)) - Jetty request log can only be enabled using Log4j
2023-01-13 04:28:12,038 [Listener at 127.0.0.1/39893] INFO  http.HttpServer2 (HttpServer2.java:addGlobalFilter(1031)) - Added global filter 'safety' (class=org.apache.hadoop.hdds.server.http.HttpServer2$QuotingInputFilter)
2023-01-13 04:28:12,039 [Listener at 127.0.0.1/39893] INFO  http.HttpServer2 (HttpServer2.java:addFilter(1007)) - Added filter static_user_filter (class=org.apache.hadoop.http.lib.StaticUserWebFilter$StaticUserFilter) to context hddsDatanode
2023-01-13 04:28:12,039 [Listener at 127.0.0.1/39893] INFO  http.HttpServer2 (HttpServer2.java:addFilter(1015)) - Added filter static_user_filter (class=org.apache.hadoop.http.lib.StaticUserWebFilter$StaticUserFilter) to context logs
2023-01-13 04:28:12,039 [Listener at 127.0.0.1/39893] INFO  http.HttpServer2 (HttpServer2.java:addFilter(1015)) - Added filter static_user_filter (class=org.apache.hadoop.http.lib.StaticUserWebFilter$StaticUserFilter) to context static
2023-01-13 04:28:12,040 [Listener at 127.0.0.1/39893] INFO  http.HttpServer2 (HttpServer2.java:bindListener(1250)) - Jetty bound to port 40147
2023-01-13 04:28:12,040 [Listener at 127.0.0.1/39893] INFO  server.Server (Server.java:doStart(375)) - jetty-9.4.49.v20220914; built: 2022-09-14T01:07:36.601Z; git: 4231a3b2e4cb8548a412a789936d640a97b1aa0a; jvm 1.8.0_352-b08
2023-01-13 04:28:12,046 [Listener at 127.0.0.1/39893] INFO  server.session (DefaultSessionIdManager.java:doStart(334)) - DefaultSessionIdManager workerName=node0
2023-01-13 04:28:12,046 [Listener at 127.0.0.1/39893] INFO  server.session (DefaultSessionIdManager.java:doStart(339)) - No SessionScavenger set, using defaults
2023-01-13 04:28:12,046 [Listener at 127.0.0.1/39893] INFO  server.session (HouseKeeper.java:startScavenging(132)) - node0 Scavenging every 660000ms
2023-01-13 04:28:12,050 [Listener at 127.0.0.1/39893] INFO  handler.ContextHandler (ContextHandler.java:doStart(921)) - Started o.e.j.s.ServletContextHandler@74ff439e{logs,/logs,file:///home/runner/work/ozone/ozone/hadoop-ozone/integration-test/target/log,AVAILABLE}
2023-01-13 04:28:12,051 [Listener at 127.0.0.1/39893] INFO  handler.ContextHandler (ContextHandler.java:doStart(921)) - Started o.e.j.s.ServletContextHandler@1c56ca37{static,/static,jar:file:/home/runner/.m2/repository/org/apache/ozone/hdds-container-service/1.4.0-SNAPSHOT/hdds-container-service-1.4.0-SNAPSHOT.jar!/webapps/static,AVAILABLE}
2023-01-13 04:28:12,213 [Listener at 127.0.0.1/39893] INFO  handler.ContextHandler (ContextHandler.java:doStart(921)) - Started o.e.j.w.WebAppContext@32122ad3{hddsDatanode,/,file:///tmp/jetty-0_0_0_0-40147-hdds-container-service-1_4_0-SNAPSHOT_jar-_-any-5784681614553237886/webapp/,AVAILABLE}{jar:file:/home/runner/.m2/repository/org/apache/ozone/hdds-container-service/1.4.0-SNAPSHOT/hdds-container-service-1.4.0-SNAPSHOT.jar!/webapps/hddsDatanode}
2023-01-13 04:28:12,215 [Listener at 127.0.0.1/39893] INFO  server.AbstractConnector (AbstractConnector.java:doStart(333)) - Started ServerConnector@26007a02{HTTP/1.1, (http/1.1)}{0.0.0.0:40147}
2023-01-13 04:28:12,215 [Listener at 127.0.0.1/39893] INFO  server.Server (Server.java:doStart(415)) - Started @8670ms
2023-01-13 04:28:12,215 [Listener at 127.0.0.1/39893] WARN  impl.MetricsSystemImpl (MetricsSystemImpl.java:register(279)) - Sink prometheus already exists!
2023-01-13 04:28:12,216 [Listener at 127.0.0.1/39893] INFO  http.BaseHttpServer (BaseHttpServer.java:updateConnectorAddress(333)) - HTTP server of hddsDatanode listening at http://0.0.0.0:40147
2023-01-13 04:28:12,216 [Listener at 127.0.0.1/39893] WARN  impl.MetricRegistriesImpl (MetricRegistriesImpl.java:addReporterRegistration(111)) - New reporters are added after registries were created. Some metrics will be missing from the reporter. Please add reporter before adding any new registry.
2023-01-13 04:28:12,216 [Listener at 127.0.0.1/39893] WARN  impl.MetricRegistriesImpl (MetricRegistriesImpl.java:addReporterRegistration(111)) - New reporters are added after registries were created. Some metrics will be missing from the reporter. Please add reporter before adding any new registry.
2023-01-13 04:28:12,216 [Listener at 127.0.0.1/39893] INFO  impl.MetricsSystemImpl (MetricsSystemImpl.java:init(158)) - HddsDatanode metrics system started (again)
2023-01-13 04:28:12,217 [Datanode State Machine Daemon Thread] INFO  statemachine.DatanodeStateMachine (DatanodeStateMachine.java:lambda$startDaemon$0(508)) - Ozone container server started.
2023-01-13 04:28:12,228 [Listener at 127.0.0.1/39893] INFO  ozone.HddsDatanodeService (HddsDatanodeService.java:start(228)) - HddsDatanodeService host:fv-az178-476.4hr1jzigf4quzlbutvnlm3yq0e.cx.internal.cloudapp.net ip:10.1.0.110
2023-01-13 04:28:12,244 [org.apache.hadoop.util.JvmPauseMonitor$Monitor@5925afeb] INFO  util.JvmPauseMonitor (JvmPauseMonitor.java:run(188)) - Starting JVM pause monitor
2023-01-13 04:28:12,247 [Datanode State Machine Task Thread - 0] INFO  datanode.InitDatanodeState (InitDatanodeState.java:persistContainerDatanodeDetails(138)) - DatanodeDetails is persisted to /home/runner/work/ozone/ozone/hadoop-ozone/integration-test/target/test-dir/MiniOzoneClusterImpl-cf27e86b-a5d2-4d86-a5ef-f90d19c9ea90/datanode-2/meta/datanode.id
2023-01-13 04:28:12,250 [Listener at 127.0.0.1/39893] INFO  upgrade.AbstractLayoutVersionManager (AbstractLayoutVersionManager.java:init(83)) - Initializing Layout version manager with metadata layout = DATANODE_SCHEMA_V3 (version = 4), software layout = DATANODE_SCHEMA_V3 (version = 4)
2023-01-13 04:28:12,300 [Listener at 127.0.0.1/39893] INFO  reflections.Reflections (Reflections.java:scan(232)) - Reflections took 48 ms to scan 7 urls, producing 146 keys and 350 values 
2023-01-13 04:28:12,302 [Listener at 127.0.0.1/39893] INFO  statemachine.DatanodeStateMachine (DatanodeStateMachine.java:getEndPointTaskThreadPoolSize(248)) - Datanode State Machine Task Thread Pool size 2
2023-01-13 04:28:12,309 [Listener at 127.0.0.1/39893] INFO  volume.HddsVolume (HddsVolume.java:<init>(117)) - Creating HddsVolume: /home/runner/work/ozone/ozone/hadoop-ozone/integration-test/target/test-dir/MiniOzoneClusterImpl-cf27e86b-a5d2-4d86-a5ef-f90d19c9ea90/datanode-3/data-0/containers/hdds of storage type : DISK capacity : 9223372036854775807
2023-01-13 04:28:12,311 [Listener at 127.0.0.1/39893] INFO  volume.MutableVolumeSet (MutableVolumeSet.java:initializeVolumeSet(174)) - Added Volume : /home/runner/work/ozone/ozone/hadoop-ozone/integration-test/target/test-dir/MiniOzoneClusterImpl-cf27e86b-a5d2-4d86-a5ef-f90d19c9ea90/datanode-3/data-0/containers/hdds to VolumeSet
2023-01-13 04:28:12,311 [Listener at 127.0.0.1/39893] INFO  volume.ThrottledAsyncChecker (ThrottledAsyncChecker.java:schedule(141)) - Scheduling a check for /home/runner/work/ozone/ozone/hadoop-ozone/integration-test/target/test-dir/MiniOzoneClusterImpl-cf27e86b-a5d2-4d86-a5ef-f90d19c9ea90/datanode-3/data-0/containers/hdds
2023-01-13 04:28:12,312 [Listener at 127.0.0.1/39893] INFO  volume.StorageVolumeChecker (StorageVolumeChecker.java:checkAllVolumes(202)) - Scheduled health check for volume /home/runner/work/ozone/ozone/hadoop-ozone/integration-test/target/test-dir/MiniOzoneClusterImpl-cf27e86b-a5d2-4d86-a5ef-f90d19c9ea90/datanode-3/data-0/containers/hdds
2023-01-13 04:28:12,324 [Listener at 127.0.0.1/39893] INFO  volume.MutableVolumeSet (MutableVolumeSet.java:initializeVolumeSet(174)) - Added Volume : /home/runner/work/ozone/ozone/hadoop-ozone/integration-test/target/test-dir/MiniOzoneClusterImpl-cf27e86b-a5d2-4d86-a5ef-f90d19c9ea90/datanode-3/data/ratis to VolumeSet
2023-01-13 04:28:12,324 [Listener at 127.0.0.1/39893] INFO  volume.ThrottledAsyncChecker (ThrottledAsyncChecker.java:schedule(141)) - Scheduling a check for /home/runner/work/ozone/ozone/hadoop-ozone/integration-test/target/test-dir/MiniOzoneClusterImpl-cf27e86b-a5d2-4d86-a5ef-f90d19c9ea90/datanode-3/data/ratis
2023-01-13 04:28:12,324 [Listener at 127.0.0.1/39893] INFO  volume.StorageVolumeChecker (StorageVolumeChecker.java:checkAllVolumes(202)) - Scheduled health check for volume /home/runner/work/ozone/ozone/hadoop-ozone/integration-test/target/test-dir/MiniOzoneClusterImpl-cf27e86b-a5d2-4d86-a5ef-f90d19c9ea90/datanode-3/data/ratis
2023-01-13 04:28:12,337 [Thread-180] INFO  ozoneimpl.ContainerReader (ContainerReader.java:readVolume(175)) - Finish verifying containers on volume /home/runner/work/ozone/ozone/hadoop-ozone/integration-test/target/test-dir/MiniOzoneClusterImpl-cf27e86b-a5d2-4d86-a5ef-f90d19c9ea90/datanode-3/data-0/containers/hdds
2023-01-13 04:28:12,337 [Listener at 127.0.0.1/39893] INFO  ozoneimpl.OzoneContainer (OzoneContainer.java:buildContainerSet(301)) - Build ContainerSet costs 0s
2023-01-13 04:28:12,340 [Listener at 127.0.0.1/39893] INFO  server.RaftServer (ConfUtils.java:logGet(46)) - raft.rpc.type = GRPC (default)
2023-01-13 04:28:12,340 [Listener at 127.0.0.1/39893] INFO  grpc.GrpcConfigKeys (ConfUtils.java:logFallback(53)) - raft.grpc.admin.host = null (fallback to raft.grpc.server.host)
2023-01-13 04:28:12,340 [Listener at 127.0.0.1/39893] INFO  grpc.GrpcConfigKeys (ConfUtils.java:logGet(46)) - raft.grpc.admin.port = 0 (custom)
2023-01-13 04:28:12,340 [Listener at 127.0.0.1/39893] INFO  grpc.GrpcConfigKeys (ConfUtils.java:logFallback(53)) - raft.grpc.client.host = null (fallback to raft.grpc.server.host)
2023-01-13 04:28:12,341 [Listener at 127.0.0.1/39893] INFO  grpc.GrpcConfigKeys (ConfUtils.java:logGet(46)) - raft.grpc.client.port = 0 (custom)
2023-01-13 04:28:12,341 [Listener at 127.0.0.1/39893] INFO  grpc.GrpcConfigKeys (ConfUtils.java:logGet(46)) - raft.grpc.server.host = null (default)
2023-01-13 04:28:12,341 [Listener at 127.0.0.1/39893] INFO  grpc.GrpcConfigKeys (ConfUtils.java:logGet(46)) - raft.grpc.server.port = 0 (default)
2023-01-13 04:28:12,341 [Listener at 127.0.0.1/39893] INFO  server.GrpcService (ConfUtils.java:logGet(46)) - raft.grpc.message.size.max = 32MB (=33554432) (custom)
2023-01-13 04:28:12,341 [Listener at 127.0.0.1/39893] INFO  server.RaftServerConfigKeys (ConfUtils.java:logGet(46)) - raft.server.log.appender.buffer.byte-limit = 33554432 (custom)
2023-01-13 04:28:12,341 [Listener at 127.0.0.1/39893] INFO  server.GrpcService (ConfUtils.java:logGet(46)) - raft.grpc.flow.control.window = 5MB (=5242880) (custom)
2023-01-13 04:28:12,341 [Listener at 127.0.0.1/39893] INFO  server.RaftServerConfigKeys (ConfUtils.java:logGet(46)) - raft.server.rpc.request.timeout = 60s (custom)
2023-01-13 04:28:12,341 [Listener at 127.0.0.1/39893] INFO  grpc.GrpcConfigKeys (ConfUtils.java:logGet(46)) - raft.grpc.server.heartbeat.channel = true (default)
2023-01-13 04:28:12,341 [Listener at 127.0.0.1/39893] INFO  grpc.GrpcConfigKeys (ConfUtils.java:logGet(46)) - raft.grpc.server.async.request.thread.pool.cached = true (default)
2023-01-13 04:28:12,341 [Listener at 127.0.0.1/39893] INFO  grpc.GrpcConfigKeys (ConfUtils.java:logGet(46)) - raft.grpc.server.async.request.thread.pool.size = 32 (default)
2023-01-13 04:28:12,342 [Listener at 127.0.0.1/39893] INFO  impl.DataStreamServerImpl (ConfUtils.java:logGet(46)) - raft.datastream.type = NETTY (custom)
2023-01-13 04:28:12,343 [Listener at 127.0.0.1/39893] INFO  server.RaftServerConfigKeys (ConfUtils.java:logGet(46)) - raft.server.data-stream.async.request.thread.pool.cached = false (default)
2023-01-13 04:28:12,343 [Listener at 127.0.0.1/39893] INFO  server.RaftServerConfigKeys (ConfUtils.java:logGet(46)) - raft.server.data-stream.async.request.thread.pool.size = 20 (custom)
2023-01-13 04:28:12,343 [Listener at 127.0.0.1/39893] INFO  server.RaftServerConfigKeys (ConfUtils.java:logGet(46)) - raft.server.data-stream.async.write.thread.pool.size = 16 (default)
2023-01-13 04:28:12,343 [Listener at 127.0.0.1/39893] INFO  server.RaftServerConfigKeys (ConfUtils.java:logGet(46)) - raft.server.data-stream.client.pool.size = 10 (default)
2023-01-13 04:28:12,343 [Listener at 127.0.0.1/39893] INFO  netty.NettyConfigKeys$DataStream (ConfUtils.java:logGet(46)) - raft.netty.dataStream.server.use-epoll = false (default)
2023-01-13 04:28:12,343 [Listener at 127.0.0.1/39893] INFO  netty.NettyConfigKeys$DataStream (ConfUtils.java:logGet(46)) - raft.netty.dataStream.server.boss-group.size = 0 (default)
2023-01-13 04:28:12,344 [Listener at 127.0.0.1/39893] INFO  netty.NettyConfigKeys$DataStream (ConfUtils.java:logGet(46)) - raft.netty.dataStream.server.worker-group.size = 0 (default)
2023-01-13 04:28:12,344 [Listener at 127.0.0.1/39893] INFO  netty.NettyConfigKeys$DataStream (ConfUtils.java:logGet(46)) - raft.netty.dataStream.server.tls.conf = null (default)
2023-01-13 04:28:12,344 [Listener at 127.0.0.1/39893] INFO  netty.NettyConfigKeys$DataStream (ConfUtils.java:logGet(46)) - raft.netty.dataStream.host = null (default)
2023-01-13 04:28:12,344 [Listener at 127.0.0.1/39893] INFO  netty.NettyConfigKeys$DataStream (ConfUtils.java:logGet(46)) - raft.netty.dataStream.port = 0 (default)
2023-01-13 04:28:12,345 [Listener at 127.0.0.1/39893] INFO  server.RaftServerConfigKeys (ConfUtils.java:logGet(46)) - raft.server.threadpool.proxy.cached = true (default)
2023-01-13 04:28:12,345 [Listener at 127.0.0.1/39893] INFO  server.RaftServerConfigKeys (ConfUtils.java:logGet(46)) - raft.server.threadpool.proxy.size = 0 (default)
2023-01-13 04:28:12,345 [Listener at 127.0.0.1/39893] INFO  server.RaftServerConfigKeys (ConfUtils.java:logGet(46)) - raft.server.rpc.slowness.timeout = 300s (custom)
2023-01-13 04:28:12,345 [Listener at 127.0.0.1/39893] INFO  server.RaftServerConfigKeys (ConfUtils.java:logGet(46)) - raft.server.leaderelection.leader.step-down.wait-time = 10s (default)
2023-01-13 04:28:12,345 [Listener at 127.0.0.1/39893] INFO  server.RaftServerConfigKeys (ConfUtils.java:logGet(46)) - raft.server.storage.dir = [/home/runner/work/ozone/ozone/hadoop-ozone/integration-test/target/test-dir/MiniOzoneClusterImpl-cf27e86b-a5d2-4d86-a5ef-f90d19c9ea90/datanode-3/data/ratis] (custom)
2023-01-13 04:28:12,347 [765a3633-7eac-4889-b9cb-33342b89fe8b-NettyServerStreamRpc-bossGroup--thread1] INFO  logging.LoggingHandler (AbstractInternalLogger.java:log(148)) - [id: 0x8358456c] REGISTERED
2023-01-13 04:28:12,347 [765a3633-7eac-4889-b9cb-33342b89fe8b-NettyServerStreamRpc-bossGroup--thread1] INFO  logging.LoggingHandler (AbstractInternalLogger.java:log(148)) - [id: 0x8358456c] BIND: 0.0.0.0/0.0.0.0:0
2023-01-13 04:28:12,347 [765a3633-7eac-4889-b9cb-33342b89fe8b-NettyServerStreamRpc-bossGroup--thread1] INFO  logging.LoggingHandler (AbstractInternalLogger.java:log(148)) - [id: 0x8358456c, L:/0:0:0:0:0:0:0:0:45775] ACTIVE
2023-01-13 04:28:12,348 [Listener at 127.0.0.1/39893] INFO  server.XceiverServerGrpc (XceiverServerGrpc.java:<init>(132)) - GrpcServer channel type EpollServerSocketChannel
2023-01-13 04:28:12,353 [Listener at 127.0.0.1/39893] INFO  http.BaseHttpServer (BaseHttpServer.java:newHttpServer2BuilderForOzone(213)) - Starting Web-server for hddsDatanode at: http://0.0.0.0:0
2023-01-13 04:28:12,353 [Listener at 127.0.0.1/39893] INFO  http.BaseHttpServer (BaseHttpServer.java:<init>(108)) - Hadoop Security Enabled: false Ozone Security Enabled: false Ozone HTTP Security Enabled: false 
2023-01-13 04:28:12,355 [Listener at 127.0.0.1/39893] WARN  server.AuthenticationFilter (AuthenticationFilter.java:constructSecretProvider(240)) - Unable to initialize FileSignerSecretProvider, falling back to use random secrets. Reason: Could not read signature secret file: /home/runner/hadoop-http-auth-signature-secret
2023-01-13 04:28:12,358 [Listener at 127.0.0.1/39893] WARN  http.HttpRequestLog (HttpRequestLog.java:getRequestLog(103)) - Jetty request log can only be enabled using Log4j
2023-01-13 04:28:12,361 [Listener at 127.0.0.1/39893] INFO  http.HttpServer2 (HttpServer2.java:addGlobalFilter(1031)) - Added global filter 'safety' (class=org.apache.hadoop.hdds.server.http.HttpServer2$QuotingInputFilter)
2023-01-13 04:28:12,362 [Listener at 127.0.0.1/39893] INFO  http.HttpServer2 (HttpServer2.java:addFilter(1007)) - Added filter static_user_filter (class=org.apache.hadoop.http.lib.StaticUserWebFilter$StaticUserFilter) to context hddsDatanode
2023-01-13 04:28:12,362 [Listener at 127.0.0.1/39893] INFO  http.HttpServer2 (HttpServer2.java:addFilter(1015)) - Added filter static_user_filter (class=org.apache.hadoop.http.lib.StaticUserWebFilter$StaticUserFilter) to context logs
2023-01-13 04:28:12,362 [Listener at 127.0.0.1/39893] INFO  http.HttpServer2 (HttpServer2.java:addFilter(1015)) - Added filter static_user_filter (class=org.apache.hadoop.http.lib.StaticUserWebFilter$StaticUserFilter) to context static
2023-01-13 04:28:12,363 [Listener at 127.0.0.1/39893] INFO  http.HttpServer2 (HttpServer2.java:bindListener(1250)) - Jetty bound to port 45323
2023-01-13 04:28:12,364 [Listener at 127.0.0.1/39893] INFO  server.Server (Server.java:doStart(375)) - jetty-9.4.49.v20220914; built: 2022-09-14T01:07:36.601Z; git: 4231a3b2e4cb8548a412a789936d640a97b1aa0a; jvm 1.8.0_352-b08
2023-01-13 04:28:12,369 [Listener at 127.0.0.1/39893] INFO  server.session (DefaultSessionIdManager.java:doStart(334)) - DefaultSessionIdManager workerName=node0
2023-01-13 04:28:12,369 [Listener at 127.0.0.1/39893] INFO  server.session (DefaultSessionIdManager.java:doStart(339)) - No SessionScavenger set, using defaults
2023-01-13 04:28:12,369 [Listener at 127.0.0.1/39893] INFO  server.session (HouseKeeper.java:startScavenging(132)) - node0 Scavenging every 600000ms
2023-01-13 04:28:12,370 [Listener at 127.0.0.1/39893] INFO  handler.ContextHandler (ContextHandler.java:doStart(921)) - Started o.e.j.s.ServletContextHandler@158f1b1a{logs,/logs,file:///home/runner/work/ozone/ozone/hadoop-ozone/integration-test/target/log,AVAILABLE}
2023-01-13 04:28:12,370 [Listener at 127.0.0.1/39893] INFO  handler.ContextHandler (ContextHandler.java:doStart(921)) - Started o.e.j.s.ServletContextHandler@1a2e5a42{static,/static,jar:file:/home/runner/.m2/repository/org/apache/ozone/hdds-container-service/1.4.0-SNAPSHOT/hdds-container-service-1.4.0-SNAPSHOT.jar!/webapps/static,AVAILABLE}
2023-01-13 04:28:12,540 [Listener at 127.0.0.1/39893] INFO  handler.ContextHandler (ContextHandler.java:doStart(921)) - Started o.e.j.w.WebAppContext@64303a77{hddsDatanode,/,file:///tmp/jetty-0_0_0_0-45323-hdds-container-service-1_4_0-SNAPSHOT_jar-_-any-5027345874368724862/webapp/,AVAILABLE}{jar:file:/home/runner/.m2/repository/org/apache/ozone/hdds-container-service/1.4.0-SNAPSHOT/hdds-container-service-1.4.0-SNAPSHOT.jar!/webapps/hddsDatanode}
2023-01-13 04:28:12,541 [Listener at 127.0.0.1/39893] INFO  server.AbstractConnector (AbstractConnector.java:doStart(333)) - Started ServerConnector@682c81b3{HTTP/1.1, (http/1.1)}{0.0.0.0:45323}
2023-01-13 04:28:12,541 [Listener at 127.0.0.1/39893] INFO  server.Server (Server.java:doStart(415)) - Started @8996ms
2023-01-13 04:28:12,541 [Listener at 127.0.0.1/39893] WARN  impl.MetricsSystemImpl (MetricsSystemImpl.java:register(279)) - Sink prometheus already exists!
2023-01-13 04:28:12,542 [Listener at 127.0.0.1/39893] INFO  http.BaseHttpServer (BaseHttpServer.java:updateConnectorAddress(333)) - HTTP server of hddsDatanode listening at http://0.0.0.0:45323
2023-01-13 04:28:12,562 [Datanode State Machine Daemon Thread] INFO  statemachine.DatanodeStateMachine (DatanodeStateMachine.java:lambda$startDaemon$0(508)) - Ozone container server started.
2023-01-13 04:28:12,563 [Listener at 127.0.0.1/39893] WARN  impl.MetricRegistriesImpl (MetricRegistriesImpl.java:addReporterRegistration(111)) - New reporters are added after registries were created. Some metrics will be missing from the reporter. Please add reporter before adding any new registry.
2023-01-13 04:28:12,563 [Listener at 127.0.0.1/39893] WARN  impl.MetricRegistriesImpl (MetricRegistriesImpl.java:addReporterRegistration(111)) - New reporters are added after registries were created. Some metrics will be missing from the reporter. Please add reporter before adding any new registry.
2023-01-13 04:28:12,563 [Listener at 127.0.0.1/39893] INFO  impl.MetricsSystemImpl (MetricsSystemImpl.java:init(158)) - HddsDatanode metrics system started (again)
2023-01-13 04:28:12,574 [org.apache.hadoop.util.JvmPauseMonitor$Monitor@5ec3fced] INFO  util.JvmPauseMonitor (JvmPauseMonitor.java:run(188)) - Starting JVM pause monitor
2023-01-13 04:28:12,591 [Listener at 127.0.0.1/39893] INFO  ozone.HddsDatanodeService (HddsDatanodeService.java:start(228)) - HddsDatanodeService host:fv-az178-476.4hr1jzigf4quzlbutvnlm3yq0e.cx.internal.cloudapp.net ip:10.1.0.110
2023-01-13 04:28:12,593 [Datanode State Machine Task Thread - 0] INFO  datanode.InitDatanodeState (InitDatanodeState.java:persistContainerDatanodeDetails(138)) - DatanodeDetails is persisted to /home/runner/work/ozone/ozone/hadoop-ozone/integration-test/target/test-dir/MiniOzoneClusterImpl-cf27e86b-a5d2-4d86-a5ef-f90d19c9ea90/datanode-3/meta/datanode.id
2023-01-13 04:28:12,612 [Listener at 127.0.0.1/39893] INFO  upgrade.AbstractLayoutVersionManager (AbstractLayoutVersionManager.java:init(83)) - Initializing Layout version manager with metadata layout = DATANODE_SCHEMA_V3 (version = 4), software layout = DATANODE_SCHEMA_V3 (version = 4)
2023-01-13 04:28:12,656 [Listener at 127.0.0.1/39893] INFO  reflections.Reflections (Reflections.java:scan(232)) - Reflections took 43 ms to scan 7 urls, producing 146 keys and 350 values 
2023-01-13 04:28:12,658 [Listener at 127.0.0.1/39893] INFO  statemachine.DatanodeStateMachine (DatanodeStateMachine.java:getEndPointTaskThreadPoolSize(248)) - Datanode State Machine Task Thread Pool size 2
2023-01-13 04:28:12,660 [Listener at 127.0.0.1/39893] INFO  volume.HddsVolume (HddsVolume.java:<init>(117)) - Creating HddsVolume: /home/runner/work/ozone/ozone/hadoop-ozone/integration-test/target/test-dir/MiniOzoneClusterImpl-cf27e86b-a5d2-4d86-a5ef-f90d19c9ea90/datanode-4/data-0/containers/hdds of storage type : DISK capacity : 9223372036854775807
2023-01-13 04:28:12,660 [Listener at 127.0.0.1/39893] INFO  volume.MutableVolumeSet (MutableVolumeSet.java:initializeVolumeSet(174)) - Added Volume : /home/runner/work/ozone/ozone/hadoop-ozone/integration-test/target/test-dir/MiniOzoneClusterImpl-cf27e86b-a5d2-4d86-a5ef-f90d19c9ea90/datanode-4/data-0/containers/hdds to VolumeSet
2023-01-13 04:28:12,660 [Listener at 127.0.0.1/39893] INFO  volume.ThrottledAsyncChecker (ThrottledAsyncChecker.java:schedule(141)) - Scheduling a check for /home/runner/work/ozone/ozone/hadoop-ozone/integration-test/target/test-dir/MiniOzoneClusterImpl-cf27e86b-a5d2-4d86-a5ef-f90d19c9ea90/datanode-4/data-0/containers/hdds
2023-01-13 04:28:12,661 [Listener at 127.0.0.1/39893] INFO  volume.StorageVolumeChecker (StorageVolumeChecker.java:checkAllVolumes(202)) - Scheduled health check for volume /home/runner/work/ozone/ozone/hadoop-ozone/integration-test/target/test-dir/MiniOzoneClusterImpl-cf27e86b-a5d2-4d86-a5ef-f90d19c9ea90/datanode-4/data-0/containers/hdds
2023-01-13 04:28:12,672 [Listener at 127.0.0.1/39893] INFO  volume.MutableVolumeSet (MutableVolumeSet.java:initializeVolumeSet(174)) - Added Volume : /home/runner/work/ozone/ozone/hadoop-ozone/integration-test/target/test-dir/MiniOzoneClusterImpl-cf27e86b-a5d2-4d86-a5ef-f90d19c9ea90/datanode-4/data/ratis to VolumeSet
2023-01-13 04:28:12,672 [Listener at 127.0.0.1/39893] INFO  volume.ThrottledAsyncChecker (ThrottledAsyncChecker.java:schedule(141)) - Scheduling a check for /home/runner/work/ozone/ozone/hadoop-ozone/integration-test/target/test-dir/MiniOzoneClusterImpl-cf27e86b-a5d2-4d86-a5ef-f90d19c9ea90/datanode-4/data/ratis
2023-01-13 04:28:12,672 [Listener at 127.0.0.1/39893] INFO  volume.StorageVolumeChecker (StorageVolumeChecker.java:checkAllVolumes(202)) - Scheduled health check for volume /home/runner/work/ozone/ozone/hadoop-ozone/integration-test/target/test-dir/MiniOzoneClusterImpl-cf27e86b-a5d2-4d86-a5ef-f90d19c9ea90/datanode-4/data/ratis
2023-01-13 04:28:12,682 [Thread-194] INFO  ozoneimpl.ContainerReader (ContainerReader.java:readVolume(175)) - Finish verifying containers on volume /home/runner/work/ozone/ozone/hadoop-ozone/integration-test/target/test-dir/MiniOzoneClusterImpl-cf27e86b-a5d2-4d86-a5ef-f90d19c9ea90/datanode-4/data-0/containers/hdds
2023-01-13 04:28:12,683 [Listener at 127.0.0.1/39893] INFO  ozoneimpl.OzoneContainer (OzoneContainer.java:buildContainerSet(301)) - Build ContainerSet costs 0s
2023-01-13 04:28:12,685 [Listener at 127.0.0.1/39893] INFO  server.RaftServer (ConfUtils.java:logGet(46)) - raft.rpc.type = GRPC (default)
2023-01-13 04:28:12,686 [Listener at 127.0.0.1/39893] INFO  grpc.GrpcConfigKeys (ConfUtils.java:logFallback(53)) - raft.grpc.admin.host = null (fallback to raft.grpc.server.host)
2023-01-13 04:28:12,686 [Listener at 127.0.0.1/39893] INFO  grpc.GrpcConfigKeys (ConfUtils.java:logGet(46)) - raft.grpc.admin.port = 0 (custom)
2023-01-13 04:28:12,686 [Listener at 127.0.0.1/39893] INFO  grpc.GrpcConfigKeys (ConfUtils.java:logFallback(53)) - raft.grpc.client.host = null (fallback to raft.grpc.server.host)
2023-01-13 04:28:12,686 [Listener at 127.0.0.1/39893] INFO  grpc.GrpcConfigKeys (ConfUtils.java:logGet(46)) - raft.grpc.client.port = 0 (custom)
2023-01-13 04:28:12,686 [Listener at 127.0.0.1/39893] INFO  grpc.GrpcConfigKeys (ConfUtils.java:logGet(46)) - raft.grpc.server.host = null (default)
2023-01-13 04:28:12,686 [Listener at 127.0.0.1/39893] INFO  grpc.GrpcConfigKeys (ConfUtils.java:logGet(46)) - raft.grpc.server.port = 0 (default)
2023-01-13 04:28:12,686 [Listener at 127.0.0.1/39893] INFO  server.GrpcService (ConfUtils.java:logGet(46)) - raft.grpc.message.size.max = 32MB (=33554432) (custom)
2023-01-13 04:28:12,686 [Listener at 127.0.0.1/39893] INFO  server.RaftServerConfigKeys (ConfUtils.java:logGet(46)) - raft.server.log.appender.buffer.byte-limit = 33554432 (custom)
2023-01-13 04:28:12,686 [Listener at 127.0.0.1/39893] INFO  server.GrpcService (ConfUtils.java:logGet(46)) - raft.grpc.flow.control.window = 5MB (=5242880) (custom)
2023-01-13 04:28:12,686 [Listener at 127.0.0.1/39893] INFO  server.RaftServerConfigKeys (ConfUtils.java:logGet(46)) - raft.server.rpc.request.timeout = 60s (custom)
2023-01-13 04:28:12,687 [Listener at 127.0.0.1/39893] INFO  grpc.GrpcConfigKeys (ConfUtils.java:logGet(46)) - raft.grpc.server.heartbeat.channel = true (default)
2023-01-13 04:28:12,687 [Listener at 127.0.0.1/39893] INFO  grpc.GrpcConfigKeys (ConfUtils.java:logGet(46)) - raft.grpc.server.async.request.thread.pool.cached = true (default)
2023-01-13 04:28:12,687 [Listener at 127.0.0.1/39893] INFO  grpc.GrpcConfigKeys (ConfUtils.java:logGet(46)) - raft.grpc.server.async.request.thread.pool.size = 32 (default)
2023-01-13 04:28:12,688 [Listener at 127.0.0.1/39893] INFO  impl.DataStreamServerImpl (ConfUtils.java:logGet(46)) - raft.datastream.type = NETTY (custom)
2023-01-13 04:28:12,688 [Listener at 127.0.0.1/39893] INFO  server.RaftServerConfigKeys (ConfUtils.java:logGet(46)) - raft.server.data-stream.async.request.thread.pool.cached = false (default)
2023-01-13 04:28:12,688 [Listener at 127.0.0.1/39893] INFO  server.RaftServerConfigKeys (ConfUtils.java:logGet(46)) - raft.server.data-stream.async.request.thread.pool.size = 20 (custom)
2023-01-13 04:28:12,688 [Listener at 127.0.0.1/39893] INFO  server.RaftServerConfigKeys (ConfUtils.java:logGet(46)) - raft.server.data-stream.async.write.thread.pool.size = 16 (default)
2023-01-13 04:28:12,688 [Listener at 127.0.0.1/39893] INFO  server.RaftServerConfigKeys (ConfUtils.java:logGet(46)) - raft.server.data-stream.client.pool.size = 10 (default)
2023-01-13 04:28:12,688 [Listener at 127.0.0.1/39893] INFO  netty.NettyConfigKeys$DataStream (ConfUtils.java:logGet(46)) - raft.netty.dataStream.server.use-epoll = false (default)
2023-01-13 04:28:12,689 [Listener at 127.0.0.1/39893] INFO  netty.NettyConfigKeys$DataStream (ConfUtils.java:logGet(46)) - raft.netty.dataStream.server.boss-group.size = 0 (default)
2023-01-13 04:28:12,689 [Listener at 127.0.0.1/39893] INFO  netty.NettyConfigKeys$DataStream (ConfUtils.java:logGet(46)) - raft.netty.dataStream.server.worker-group.size = 0 (default)
2023-01-13 04:28:12,689 [Listener at 127.0.0.1/39893] INFO  netty.NettyConfigKeys$DataStream (ConfUtils.java:logGet(46)) - raft.netty.dataStream.server.tls.conf = null (default)
2023-01-13 04:28:12,689 [Listener at 127.0.0.1/39893] INFO  netty.NettyConfigKeys$DataStream (ConfUtils.java:logGet(46)) - raft.netty.dataStream.host = null (default)
2023-01-13 04:28:12,690 [Listener at 127.0.0.1/39893] INFO  netty.NettyConfigKeys$DataStream (ConfUtils.java:logGet(46)) - raft.netty.dataStream.port = 0 (default)
2023-01-13 04:28:12,691 [Listener at 127.0.0.1/39893] INFO  server.RaftServerConfigKeys (ConfUtils.java:logGet(46)) - raft.server.threadpool.proxy.cached = true (default)
2023-01-13 04:28:12,692 [Listener at 127.0.0.1/39893] INFO  server.RaftServerConfigKeys (ConfUtils.java:logGet(46)) - raft.server.threadpool.proxy.size = 0 (default)
2023-01-13 04:28:12,692 [Listener at 127.0.0.1/39893] INFO  server.RaftServerConfigKeys (ConfUtils.java:logGet(46)) - raft.server.rpc.slowness.timeout = 300s (custom)
2023-01-13 04:28:12,692 [Listener at 127.0.0.1/39893] INFO  server.RaftServerConfigKeys (ConfUtils.java:logGet(46)) - raft.server.leaderelection.leader.step-down.wait-time = 10s (default)
2023-01-13 04:28:12,693 [Listener at 127.0.0.1/39893] INFO  server.RaftServerConfigKeys (ConfUtils.java:logGet(46)) - raft.server.storage.dir = [/home/runner/work/ozone/ozone/hadoop-ozone/integration-test/target/test-dir/MiniOzoneClusterImpl-cf27e86b-a5d2-4d86-a5ef-f90d19c9ea90/datanode-4/data/ratis] (custom)
2023-01-13 04:28:12,694 [fceb8dc7-545e-48fb-8d31-09847688438f-NettyServerStreamRpc-bossGroup--thread1] INFO  logging.LoggingHandler (AbstractInternalLogger.java:log(148)) - [id: 0xe2ae5013] REGISTERED
2023-01-13 04:28:12,694 [fceb8dc7-545e-48fb-8d31-09847688438f-NettyServerStreamRpc-bossGroup--thread1] INFO  logging.LoggingHandler (AbstractInternalLogger.java:log(148)) - [id: 0xe2ae5013] BIND: 0.0.0.0/0.0.0.0:0
2023-01-13 04:28:12,695 [Listener at 127.0.0.1/39893] INFO  server.XceiverServerGrpc (XceiverServerGrpc.java:<init>(132)) - GrpcServer channel type EpollServerSocketChannel
2023-01-13 04:28:12,695 [fceb8dc7-545e-48fb-8d31-09847688438f-NettyServerStreamRpc-bossGroup--thread1] INFO  logging.LoggingHandler (AbstractInternalLogger.java:log(148)) - [id: 0xe2ae5013, L:/0:0:0:0:0:0:0:0:43423] ACTIVE
2023-01-13 04:28:12,705 [Listener at 127.0.0.1/39893] INFO  http.BaseHttpServer (BaseHttpServer.java:newHttpServer2BuilderForOzone(213)) - Starting Web-server for hddsDatanode at: http://0.0.0.0:0
2023-01-13 04:28:12,705 [Listener at 127.0.0.1/39893] INFO  http.BaseHttpServer (BaseHttpServer.java:<init>(108)) - Hadoop Security Enabled: false Ozone Security Enabled: false Ozone HTTP Security Enabled: false 
2023-01-13 04:28:12,706 [Listener at 127.0.0.1/39893] WARN  server.AuthenticationFilter (AuthenticationFilter.java:constructSecretProvider(240)) - Unable to initialize FileSignerSecretProvider, falling back to use random secrets. Reason: Could not read signature secret file: /home/runner/hadoop-http-auth-signature-secret
2023-01-13 04:28:12,707 [Listener at 127.0.0.1/39893] WARN  http.HttpRequestLog (HttpRequestLog.java:getRequestLog(103)) - Jetty request log can only be enabled using Log4j
2023-01-13 04:28:12,708 [Listener at 127.0.0.1/39893] INFO  http.HttpServer2 (HttpServer2.java:addGlobalFilter(1031)) - Added global filter 'safety' (class=org.apache.hadoop.hdds.server.http.HttpServer2$QuotingInputFilter)
2023-01-13 04:28:12,709 [Listener at 127.0.0.1/39893] INFO  http.HttpServer2 (HttpServer2.java:addFilter(1007)) - Added filter static_user_filter (class=org.apache.hadoop.http.lib.StaticUserWebFilter$StaticUserFilter) to context hddsDatanode
2023-01-13 04:28:12,709 [Listener at 127.0.0.1/39893] INFO  http.HttpServer2 (HttpServer2.java:addFilter(1015)) - Added filter static_user_filter (class=org.apache.hadoop.http.lib.StaticUserWebFilter$StaticUserFilter) to context static
2023-01-13 04:28:12,709 [Listener at 127.0.0.1/39893] INFO  http.HttpServer2 (HttpServer2.java:addFilter(1015)) - Added filter static_user_filter (class=org.apache.hadoop.http.lib.StaticUserWebFilter$StaticUserFilter) to context logs
2023-01-13 04:28:12,709 [Listener at 127.0.0.1/39893] INFO  http.HttpServer2 (HttpServer2.java:bindListener(1250)) - Jetty bound to port 33257
2023-01-13 04:28:12,710 [Listener at 127.0.0.1/39893] INFO  server.Server (Server.java:doStart(375)) - jetty-9.4.49.v20220914; built: 2022-09-14T01:07:36.601Z; git: 4231a3b2e4cb8548a412a789936d640a97b1aa0a; jvm 1.8.0_352-b08
2023-01-13 04:28:12,714 [Listener at 127.0.0.1/39893] INFO  server.session (DefaultSessionIdManager.java:doStart(334)) - DefaultSessionIdManager workerName=node0
2023-01-13 04:28:12,715 [Listener at 127.0.0.1/39893] INFO  server.session (DefaultSessionIdManager.java:doStart(339)) - No SessionScavenger set, using defaults
2023-01-13 04:28:12,715 [Listener at 127.0.0.1/39893] INFO  server.session (HouseKeeper.java:startScavenging(132)) - node0 Scavenging every 600000ms
2023-01-13 04:28:12,715 [Listener at 127.0.0.1/39893] INFO  handler.ContextHandler (ContextHandler.java:doStart(921)) - Started o.e.j.s.ServletContextHandler@7291d887{logs,/logs,file:///home/runner/work/ozone/ozone/hadoop-ozone/integration-test/target/log,AVAILABLE}
2023-01-13 04:28:12,716 [Listener at 127.0.0.1/39893] INFO  handler.ContextHandler (ContextHandler.java:doStart(921)) - Started o.e.j.s.ServletContextHandler@555ddfad{static,/static,jar:file:/home/runner/.m2/repository/org/apache/ozone/hdds-container-service/1.4.0-SNAPSHOT/hdds-container-service-1.4.0-SNAPSHOT.jar!/webapps/static,AVAILABLE}
2023-01-13 04:28:12,885 [Listener at 127.0.0.1/39893] INFO  handler.ContextHandler (ContextHandler.java:doStart(921)) - Started o.e.j.w.WebAppContext@3102ccd1{hddsDatanode,/,file:///tmp/jetty-0_0_0_0-33257-hdds-container-service-1_4_0-SNAPSHOT_jar-_-any-8420893023818897433/webapp/,AVAILABLE}{jar:file:/home/runner/.m2/repository/org/apache/ozone/hdds-container-service/1.4.0-SNAPSHOT/hdds-container-service-1.4.0-SNAPSHOT.jar!/webapps/hddsDatanode}
2023-01-13 04:28:12,887 [Listener at 127.0.0.1/39893] INFO  server.AbstractConnector (AbstractConnector.java:doStart(333)) - Started ServerConnector@667ea550{HTTP/1.1, (http/1.1)}{0.0.0.0:33257}
2023-01-13 04:28:12,887 [Listener at 127.0.0.1/39893] INFO  server.Server (Server.java:doStart(415)) - Started @9342ms
2023-01-13 04:28:12,887 [Listener at 127.0.0.1/39893] WARN  impl.MetricsSystemImpl (MetricsSystemImpl.java:register(279)) - Sink prometheus already exists!
2023-01-13 04:28:12,888 [Listener at 127.0.0.1/39893] INFO  http.BaseHttpServer (BaseHttpServer.java:updateConnectorAddress(333)) - HTTP server of hddsDatanode listening at http://0.0.0.0:33257
2023-01-13 04:28:12,888 [Listener at 127.0.0.1/39893] WARN  impl.MetricRegistriesImpl (MetricRegistriesImpl.java:addReporterRegistration(111)) - New reporters are added after registries were created. Some metrics will be missing from the reporter. Please add reporter before adding any new registry.
2023-01-13 04:28:12,888 [Listener at 127.0.0.1/39893] WARN  impl.MetricRegistriesImpl (MetricRegistriesImpl.java:addReporterRegistration(111)) - New reporters are added after registries were created. Some metrics will be missing from the reporter. Please add reporter before adding any new registry.
2023-01-13 04:28:12,888 [Listener at 127.0.0.1/39893] INFO  impl.MetricsSystemImpl (MetricsSystemImpl.java:init(158)) - HddsDatanode metrics system started (again)
2023-01-13 04:28:12,889 [Datanode State Machine Daemon Thread] INFO  statemachine.DatanodeStateMachine (DatanodeStateMachine.java:lambda$startDaemon$0(508)) - Ozone container server started.
2023-01-13 04:28:12,905 [Listener at 127.0.0.1/39893] INFO  ozone.HddsDatanodeService (HddsDatanodeService.java:start(228)) - HddsDatanodeService host:fv-az178-476.4hr1jzigf4quzlbutvnlm3yq0e.cx.internal.cloudapp.net ip:10.1.0.110
2023-01-13 04:28:12,914 [org.apache.hadoop.util.JvmPauseMonitor$Monitor@c4f43ef] INFO  util.JvmPauseMonitor (JvmPauseMonitor.java:run(188)) - Starting JVM pause monitor
2023-01-13 04:28:12,921 [Datanode State Machine Task Thread - 0] INFO  datanode.InitDatanodeState (InitDatanodeState.java:persistContainerDatanodeDetails(138)) - DatanodeDetails is persisted to /home/runner/work/ozone/ozone/hadoop-ozone/integration-test/target/test-dir/MiniOzoneClusterImpl-cf27e86b-a5d2-4d86-a5ef-f90d19c9ea90/datanode-4/meta/datanode.id
2023-01-13 04:28:12,937 [Listener at 127.0.0.1/39893] INFO  upgrade.AbstractLayoutVersionManager (AbstractLayoutVersionManager.java:init(83)) - Initializing Layout version manager with metadata layout = DATANODE_SCHEMA_V3 (version = 4), software layout = DATANODE_SCHEMA_V3 (version = 4)
2023-01-13 04:28:12,981 [Listener at 127.0.0.1/39893] INFO  reflections.Reflections (Reflections.java:scan(232)) - Reflections took 43 ms to scan 7 urls, producing 146 keys and 350 values 
2023-01-13 04:28:12,983 [Listener at 127.0.0.1/39893] INFO  statemachine.DatanodeStateMachine (DatanodeStateMachine.java:getEndPointTaskThreadPoolSize(248)) - Datanode State Machine Task Thread Pool size 2
2023-01-13 04:28:12,985 [Listener at 127.0.0.1/39893] INFO  volume.HddsVolume (HddsVolume.java:<init>(117)) - Creating HddsVolume: /home/runner/work/ozone/ozone/hadoop-ozone/integration-test/target/test-dir/MiniOzoneClusterImpl-cf27e86b-a5d2-4d86-a5ef-f90d19c9ea90/datanode-5/data-0/containers/hdds of storage type : DISK capacity : 9223372036854775807
2023-01-13 04:28:12,985 [Listener at 127.0.0.1/39893] INFO  volume.MutableVolumeSet (MutableVolumeSet.java:initializeVolumeSet(174)) - Added Volume : /home/runner/work/ozone/ozone/hadoop-ozone/integration-test/target/test-dir/MiniOzoneClusterImpl-cf27e86b-a5d2-4d86-a5ef-f90d19c9ea90/datanode-5/data-0/containers/hdds to VolumeSet
2023-01-13 04:28:12,985 [Listener at 127.0.0.1/39893] INFO  volume.ThrottledAsyncChecker (ThrottledAsyncChecker.java:schedule(141)) - Scheduling a check for /home/runner/work/ozone/ozone/hadoop-ozone/integration-test/target/test-dir/MiniOzoneClusterImpl-cf27e86b-a5d2-4d86-a5ef-f90d19c9ea90/datanode-5/data-0/containers/hdds
2023-01-13 04:28:12,989 [Listener at 127.0.0.1/39893] INFO  volume.StorageVolumeChecker (StorageVolumeChecker.java:checkAllVolumes(202)) - Scheduled health check for volume /home/runner/work/ozone/ozone/hadoop-ozone/integration-test/target/test-dir/MiniOzoneClusterImpl-cf27e86b-a5d2-4d86-a5ef-f90d19c9ea90/datanode-5/data-0/containers/hdds
2023-01-13 04:28:13,000 [Listener at 127.0.0.1/39893] INFO  volume.MutableVolumeSet (MutableVolumeSet.java:initializeVolumeSet(174)) - Added Volume : /home/runner/work/ozone/ozone/hadoop-ozone/integration-test/target/test-dir/MiniOzoneClusterImpl-cf27e86b-a5d2-4d86-a5ef-f90d19c9ea90/datanode-5/data/ratis to VolumeSet
2023-01-13 04:28:13,000 [Listener at 127.0.0.1/39893] INFO  volume.ThrottledAsyncChecker (ThrottledAsyncChecker.java:schedule(141)) - Scheduling a check for /home/runner/work/ozone/ozone/hadoop-ozone/integration-test/target/test-dir/MiniOzoneClusterImpl-cf27e86b-a5d2-4d86-a5ef-f90d19c9ea90/datanode-5/data/ratis
2023-01-13 04:28:13,000 [Listener at 127.0.0.1/39893] INFO  volume.StorageVolumeChecker (StorageVolumeChecker.java:checkAllVolumes(202)) - Scheduled health check for volume /home/runner/work/ozone/ozone/hadoop-ozone/integration-test/target/test-dir/MiniOzoneClusterImpl-cf27e86b-a5d2-4d86-a5ef-f90d19c9ea90/datanode-5/data/ratis
2023-01-13 04:28:13,011 [Thread-208] INFO  ozoneimpl.ContainerReader (ContainerReader.java:readVolume(175)) - Finish verifying containers on volume /home/runner/work/ozone/ozone/hadoop-ozone/integration-test/target/test-dir/MiniOzoneClusterImpl-cf27e86b-a5d2-4d86-a5ef-f90d19c9ea90/datanode-5/data-0/containers/hdds
2023-01-13 04:28:13,011 [Listener at 127.0.0.1/39893] INFO  ozoneimpl.OzoneContainer (OzoneContainer.java:buildContainerSet(301)) - Build ContainerSet costs 0s
2023-01-13 04:28:13,013 [Listener at 127.0.0.1/39893] INFO  server.RaftServer (ConfUtils.java:logGet(46)) - raft.rpc.type = GRPC (default)
2023-01-13 04:28:13,014 [Listener at 127.0.0.1/39893] INFO  grpc.GrpcConfigKeys (ConfUtils.java:logFallback(53)) - raft.grpc.admin.host = null (fallback to raft.grpc.server.host)
2023-01-13 04:28:13,014 [Listener at 127.0.0.1/39893] INFO  grpc.GrpcConfigKeys (ConfUtils.java:logGet(46)) - raft.grpc.admin.port = 0 (custom)
2023-01-13 04:28:13,014 [Listener at 127.0.0.1/39893] INFO  grpc.GrpcConfigKeys (ConfUtils.java:logFallback(53)) - raft.grpc.client.host = null (fallback to raft.grpc.server.host)
2023-01-13 04:28:13,014 [Listener at 127.0.0.1/39893] INFO  grpc.GrpcConfigKeys (ConfUtils.java:logGet(46)) - raft.grpc.client.port = 0 (custom)
2023-01-13 04:28:13,014 [Listener at 127.0.0.1/39893] INFO  grpc.GrpcConfigKeys (ConfUtils.java:logGet(46)) - raft.grpc.server.host = null (default)
2023-01-13 04:28:13,014 [Listener at 127.0.0.1/39893] INFO  grpc.GrpcConfigKeys (ConfUtils.java:logGet(46)) - raft.grpc.server.port = 0 (default)
2023-01-13 04:28:13,014 [Listener at 127.0.0.1/39893] INFO  server.GrpcService (ConfUtils.java:logGet(46)) - raft.grpc.message.size.max = 32MB (=33554432) (custom)
2023-01-13 04:28:13,014 [Listener at 127.0.0.1/39893] INFO  server.RaftServerConfigKeys (ConfUtils.java:logGet(46)) - raft.server.log.appender.buffer.byte-limit = 33554432 (custom)
2023-01-13 04:28:13,014 [Listener at 127.0.0.1/39893] INFO  server.GrpcService (ConfUtils.java:logGet(46)) - raft.grpc.flow.control.window = 5MB (=5242880) (custom)
2023-01-13 04:28:13,015 [Listener at 127.0.0.1/39893] INFO  server.RaftServerConfigKeys (ConfUtils.java:logGet(46)) - raft.server.rpc.request.timeout = 60s (custom)
2023-01-13 04:28:13,015 [Listener at 127.0.0.1/39893] INFO  grpc.GrpcConfigKeys (ConfUtils.java:logGet(46)) - raft.grpc.server.heartbeat.channel = true (default)
2023-01-13 04:28:13,015 [Listener at 127.0.0.1/39893] INFO  grpc.GrpcConfigKeys (ConfUtils.java:logGet(46)) - raft.grpc.server.async.request.thread.pool.cached = true (default)
2023-01-13 04:28:13,015 [Listener at 127.0.0.1/39893] INFO  grpc.GrpcConfigKeys (ConfUtils.java:logGet(46)) - raft.grpc.server.async.request.thread.pool.size = 32 (default)
2023-01-13 04:28:13,016 [Listener at 127.0.0.1/39893] INFO  impl.DataStreamServerImpl (ConfUtils.java:logGet(46)) - raft.datastream.type = NETTY (custom)
2023-01-13 04:28:13,016 [Listener at 127.0.0.1/39893] INFO  server.RaftServerConfigKeys (ConfUtils.java:logGet(46)) - raft.server.data-stream.async.request.thread.pool.cached = false (default)
2023-01-13 04:28:13,016 [Listener at 127.0.0.1/39893] INFO  server.RaftServerConfigKeys (ConfUtils.java:logGet(46)) - raft.server.data-stream.async.request.thread.pool.size = 20 (custom)
2023-01-13 04:28:13,016 [Listener at 127.0.0.1/39893] INFO  server.RaftServerConfigKeys (ConfUtils.java:logGet(46)) - raft.server.data-stream.async.write.thread.pool.size = 16 (default)
2023-01-13 04:28:13,017 [Listener at 127.0.0.1/39893] INFO  server.RaftServerConfigKeys (ConfUtils.java:logGet(46)) - raft.server.data-stream.client.pool.size = 10 (default)
2023-01-13 04:28:13,017 [Listener at 127.0.0.1/39893] INFO  netty.NettyConfigKeys$DataStream (ConfUtils.java:logGet(46)) - raft.netty.dataStream.server.use-epoll = false (default)
2023-01-13 04:28:13,017 [Listener at 127.0.0.1/39893] INFO  netty.NettyConfigKeys$DataStream (ConfUtils.java:logGet(46)) - raft.netty.dataStream.server.boss-group.size = 0 (default)
2023-01-13 04:28:13,017 [Listener at 127.0.0.1/39893] INFO  netty.NettyConfigKeys$DataStream (ConfUtils.java:logGet(46)) - raft.netty.dataStream.server.worker-group.size = 0 (default)
2023-01-13 04:28:13,017 [Listener at 127.0.0.1/39893] INFO  netty.NettyConfigKeys$DataStream (ConfUtils.java:logGet(46)) - raft.netty.dataStream.server.tls.conf = null (default)
2023-01-13 04:28:13,018 [Listener at 127.0.0.1/39893] INFO  netty.NettyConfigKeys$DataStream (ConfUtils.java:logGet(46)) - raft.netty.dataStream.host = null (default)
2023-01-13 04:28:13,018 [Listener at 127.0.0.1/39893] INFO  netty.NettyConfigKeys$DataStream (ConfUtils.java:logGet(46)) - raft.netty.dataStream.port = 0 (default)
2023-01-13 04:28:13,018 [Listener at 127.0.0.1/39893] INFO  server.RaftServerConfigKeys (ConfUtils.java:logGet(46)) - raft.server.threadpool.proxy.cached = true (default)
2023-01-13 04:28:13,018 [Listener at 127.0.0.1/39893] INFO  server.RaftServerConfigKeys (ConfUtils.java:logGet(46)) - raft.server.threadpool.proxy.size = 0 (default)
2023-01-13 04:28:13,018 [Listener at 127.0.0.1/39893] INFO  server.RaftServerConfigKeys (ConfUtils.java:logGet(46)) - raft.server.rpc.slowness.timeout = 300s (custom)
2023-01-13 04:28:13,018 [Listener at 127.0.0.1/39893] INFO  server.RaftServerConfigKeys (ConfUtils.java:logGet(46)) - raft.server.leaderelection.leader.step-down.wait-time = 10s (default)
2023-01-13 04:28:13,019 [Listener at 127.0.0.1/39893] INFO  server.RaftServerConfigKeys (ConfUtils.java:logGet(46)) - raft.server.storage.dir = [/home/runner/work/ozone/ozone/hadoop-ozone/integration-test/target/test-dir/MiniOzoneClusterImpl-cf27e86b-a5d2-4d86-a5ef-f90d19c9ea90/datanode-5/data/ratis] (custom)
2023-01-13 04:28:13,020 [b8861190-fee9-46f5-9d16-9ca5f82f4eb4-NettyServerStreamRpc-bossGroup--thread1] INFO  logging.LoggingHandler (AbstractInternalLogger.java:log(148)) - [id: 0xb8740153] REGISTERED
2023-01-13 04:28:13,020 [b8861190-fee9-46f5-9d16-9ca5f82f4eb4-NettyServerStreamRpc-bossGroup--thread1] INFO  logging.LoggingHandler (AbstractInternalLogger.java:log(148)) - [id: 0xb8740153] BIND: 0.0.0.0/0.0.0.0:0
2023-01-13 04:28:13,021 [b8861190-fee9-46f5-9d16-9ca5f82f4eb4-NettyServerStreamRpc-bossGroup--thread1] INFO  logging.LoggingHandler (AbstractInternalLogger.java:log(148)) - [id: 0xb8740153, L:/0:0:0:0:0:0:0:0:42169] ACTIVE
2023-01-13 04:28:13,022 [Listener at 127.0.0.1/39893] INFO  server.XceiverServerGrpc (XceiverServerGrpc.java:<init>(132)) - GrpcServer channel type EpollServerSocketChannel
2023-01-13 04:28:13,030 [Listener at 127.0.0.1/39893] INFO  http.BaseHttpServer (BaseHttpServer.java:newHttpServer2BuilderForOzone(213)) - Starting Web-server for hddsDatanode at: http://0.0.0.0:0
2023-01-13 04:28:13,030 [Listener at 127.0.0.1/39893] INFO  http.BaseHttpServer (BaseHttpServer.java:<init>(108)) - Hadoop Security Enabled: false Ozone Security Enabled: false Ozone HTTP Security Enabled: false 
2023-01-13 04:28:13,031 [Listener at 127.0.0.1/39893] WARN  server.AuthenticationFilter (AuthenticationFilter.java:constructSecretProvider(240)) - Unable to initialize FileSignerSecretProvider, falling back to use random secrets. Reason: Could not read signature secret file: /home/runner/hadoop-http-auth-signature-secret
2023-01-13 04:28:13,032 [Listener at 127.0.0.1/39893] WARN  http.HttpRequestLog (HttpRequestLog.java:getRequestLog(103)) - Jetty request log can only be enabled using Log4j
2023-01-13 04:28:13,033 [Listener at 127.0.0.1/39893] INFO  http.HttpServer2 (HttpServer2.java:addGlobalFilter(1031)) - Added global filter 'safety' (class=org.apache.hadoop.hdds.server.http.HttpServer2$QuotingInputFilter)
2023-01-13 04:28:13,034 [Listener at 127.0.0.1/39893] INFO  http.HttpServer2 (HttpServer2.java:addFilter(1007)) - Added filter static_user_filter (class=org.apache.hadoop.http.lib.StaticUserWebFilter$StaticUserFilter) to context hddsDatanode
2023-01-13 04:28:13,034 [Listener at 127.0.0.1/39893] INFO  http.HttpServer2 (HttpServer2.java:addFilter(1015)) - Added filter static_user_filter (class=org.apache.hadoop.http.lib.StaticUserWebFilter$StaticUserFilter) to context logs
2023-01-13 04:28:13,034 [Listener at 127.0.0.1/39893] INFO  http.HttpServer2 (HttpServer2.java:addFilter(1015)) - Added filter static_user_filter (class=org.apache.hadoop.http.lib.StaticUserWebFilter$StaticUserFilter) to context static
2023-01-13 04:28:13,034 [Listener at 127.0.0.1/39893] INFO  http.HttpServer2 (HttpServer2.java:bindListener(1250)) - Jetty bound to port 46189
2023-01-13 04:28:13,034 [Listener at 127.0.0.1/39893] INFO  server.Server (Server.java:doStart(375)) - jetty-9.4.49.v20220914; built: 2022-09-14T01:07:36.601Z; git: 4231a3b2e4cb8548a412a789936d640a97b1aa0a; jvm 1.8.0_352-b08
2023-01-13 04:28:13,036 [Listener at 127.0.0.1/39893] INFO  server.session (DefaultSessionIdManager.java:doStart(334)) - DefaultSessionIdManager workerName=node0
2023-01-13 04:28:13,036 [Listener at 127.0.0.1/39893] INFO  server.session (DefaultSessionIdManager.java:doStart(339)) - No SessionScavenger set, using defaults
2023-01-13 04:28:13,036 [Listener at 127.0.0.1/39893] INFO  server.session (HouseKeeper.java:startScavenging(132)) - node0 Scavenging every 660000ms
2023-01-13 04:28:13,039 [Listener at 127.0.0.1/39893] INFO  handler.ContextHandler (ContextHandler.java:doStart(921)) - Started o.e.j.s.ServletContextHandler@232259f4{logs,/logs,file:///home/runner/work/ozone/ozone/hadoop-ozone/integration-test/target/log,AVAILABLE}
2023-01-13 04:28:13,040 [Listener at 127.0.0.1/39893] INFO  handler.ContextHandler (ContextHandler.java:doStart(921)) - Started o.e.j.s.ServletContextHandler@4f760fd8{static,/static,jar:file:/home/runner/.m2/repository/org/apache/ozone/hdds-container-service/1.4.0-SNAPSHOT/hdds-container-service-1.4.0-SNAPSHOT.jar!/webapps/static,AVAILABLE}
2023-01-13 04:28:13,208 [Listener at 127.0.0.1/39893] INFO  handler.ContextHandler (ContextHandler.java:doStart(921)) - Started o.e.j.w.WebAppContext@4ed4f01f{hddsDatanode,/,file:///tmp/jetty-0_0_0_0-46189-hdds-container-service-1_4_0-SNAPSHOT_jar-_-any-839723535194581017/webapp/,AVAILABLE}{jar:file:/home/runner/.m2/repository/org/apache/ozone/hdds-container-service/1.4.0-SNAPSHOT/hdds-container-service-1.4.0-SNAPSHOT.jar!/webapps/hddsDatanode}
2023-01-13 04:28:13,209 [Listener at 127.0.0.1/39893] INFO  server.AbstractConnector (AbstractConnector.java:doStart(333)) - Started ServerConnector@1dfbf67a{HTTP/1.1, (http/1.1)}{0.0.0.0:46189}
2023-01-13 04:28:13,210 [Listener at 127.0.0.1/39893] INFO  server.Server (Server.java:doStart(415)) - Started @9665ms
2023-01-13 04:28:13,210 [Listener at 127.0.0.1/39893] WARN  impl.MetricsSystemImpl (MetricsSystemImpl.java:register(279)) - Sink prometheus already exists!
2023-01-13 04:28:13,210 [Listener at 127.0.0.1/39893] INFO  http.BaseHttpServer (BaseHttpServer.java:updateConnectorAddress(333)) - HTTP server of hddsDatanode listening at http://0.0.0.0:46189
2023-01-13 04:28:13,211 [Datanode State Machine Daemon Thread] INFO  statemachine.DatanodeStateMachine (DatanodeStateMachine.java:lambda$startDaemon$0(508)) - Ozone container server started.
2023-01-13 04:28:13,220 [org.apache.hadoop.util.JvmPauseMonitor$Monitor@f063a3e] INFO  util.JvmPauseMonitor (JvmPauseMonitor.java:run(188)) - Starting JVM pause monitor
2023-01-13 04:28:13,220 [Listener at 127.0.0.1/39893] WARN  impl.MetricRegistriesImpl (MetricRegistriesImpl.java:addReporterRegistration(111)) - New reporters are added after registries were created. Some metrics will be missing from the reporter. Please add reporter before adding any new registry.
2023-01-13 04:28:13,220 [Listener at 127.0.0.1/39893] WARN  impl.MetricRegistriesImpl (MetricRegistriesImpl.java:addReporterRegistration(111)) - New reporters are added after registries were created. Some metrics will be missing from the reporter. Please add reporter before adding any new registry.
2023-01-13 04:28:13,220 [Listener at 127.0.0.1/39893] INFO  impl.MetricsSystemImpl (MetricsSystemImpl.java:init(158)) - HddsDatanode metrics system started (again)
2023-01-13 04:28:13,221 [Datanode State Machine Task Thread - 0] INFO  datanode.InitDatanodeState (InitDatanodeState.java:persistContainerDatanodeDetails(138)) - DatanodeDetails is persisted to /home/runner/work/ozone/ozone/hadoop-ozone/integration-test/target/test-dir/MiniOzoneClusterImpl-cf27e86b-a5d2-4d86-a5ef-f90d19c9ea90/datanode-5/meta/datanode.id
2023-01-13 04:28:13,233 [Listener at 127.0.0.1/39893] INFO  ozone.HddsDatanodeService (HddsDatanodeService.java:start(228)) - HddsDatanodeService host:fv-az178-476.4hr1jzigf4quzlbutvnlm3yq0e.cx.internal.cloudapp.net ip:10.1.0.110
2023-01-13 04:28:13,253 [Listener at 127.0.0.1/39893] INFO  upgrade.AbstractLayoutVersionManager (AbstractLayoutVersionManager.java:init(83)) - Initializing Layout version manager with metadata layout = DATANODE_SCHEMA_V3 (version = 4), software layout = DATANODE_SCHEMA_V3 (version = 4)
2023-01-13 04:28:13,307 [Listener at 127.0.0.1/39893] INFO  reflections.Reflections (Reflections.java:scan(232)) - Reflections took 52 ms to scan 7 urls, producing 146 keys and 350 values 
2023-01-13 04:28:13,309 [Listener at 127.0.0.1/39893] INFO  statemachine.DatanodeStateMachine (DatanodeStateMachine.java:getEndPointTaskThreadPoolSize(248)) - Datanode State Machine Task Thread Pool size 2
2023-01-13 04:28:13,312 [Listener at 127.0.0.1/39893] INFO  volume.HddsVolume (HddsVolume.java:<init>(117)) - Creating HddsVolume: /home/runner/work/ozone/ozone/hadoop-ozone/integration-test/target/test-dir/MiniOzoneClusterImpl-cf27e86b-a5d2-4d86-a5ef-f90d19c9ea90/datanode-6/data-0/containers/hdds of storage type : DISK capacity : 9223372036854775807
2023-01-13 04:28:13,313 [Listener at 127.0.0.1/39893] INFO  volume.MutableVolumeSet (MutableVolumeSet.java:initializeVolumeSet(174)) - Added Volume : /home/runner/work/ozone/ozone/hadoop-ozone/integration-test/target/test-dir/MiniOzoneClusterImpl-cf27e86b-a5d2-4d86-a5ef-f90d19c9ea90/datanode-6/data-0/containers/hdds to VolumeSet
2023-01-13 04:28:13,313 [Listener at 127.0.0.1/39893] INFO  volume.ThrottledAsyncChecker (ThrottledAsyncChecker.java:schedule(141)) - Scheduling a check for /home/runner/work/ozone/ozone/hadoop-ozone/integration-test/target/test-dir/MiniOzoneClusterImpl-cf27e86b-a5d2-4d86-a5ef-f90d19c9ea90/datanode-6/data-0/containers/hdds
2023-01-13 04:28:13,314 [Listener at 127.0.0.1/39893] INFO  volume.StorageVolumeChecker (StorageVolumeChecker.java:checkAllVolumes(202)) - Scheduled health check for volume /home/runner/work/ozone/ozone/hadoop-ozone/integration-test/target/test-dir/MiniOzoneClusterImpl-cf27e86b-a5d2-4d86-a5ef-f90d19c9ea90/datanode-6/data-0/containers/hdds
2023-01-13 04:28:13,326 [Listener at 127.0.0.1/39893] INFO  volume.MutableVolumeSet (MutableVolumeSet.java:initializeVolumeSet(174)) - Added Volume : /home/runner/work/ozone/ozone/hadoop-ozone/integration-test/target/test-dir/MiniOzoneClusterImpl-cf27e86b-a5d2-4d86-a5ef-f90d19c9ea90/datanode-6/data/ratis to VolumeSet
2023-01-13 04:28:13,326 [Listener at 127.0.0.1/39893] INFO  volume.ThrottledAsyncChecker (ThrottledAsyncChecker.java:schedule(141)) - Scheduling a check for /home/runner/work/ozone/ozone/hadoop-ozone/integration-test/target/test-dir/MiniOzoneClusterImpl-cf27e86b-a5d2-4d86-a5ef-f90d19c9ea90/datanode-6/data/ratis
2023-01-13 04:28:13,326 [Listener at 127.0.0.1/39893] INFO  volume.StorageVolumeChecker (StorageVolumeChecker.java:checkAllVolumes(202)) - Scheduled health check for volume /home/runner/work/ozone/ozone/hadoop-ozone/integration-test/target/test-dir/MiniOzoneClusterImpl-cf27e86b-a5d2-4d86-a5ef-f90d19c9ea90/datanode-6/data/ratis
2023-01-13 04:28:13,358 [Thread-222] INFO  ozoneimpl.ContainerReader (ContainerReader.java:readVolume(175)) - Finish verifying containers on volume /home/runner/work/ozone/ozone/hadoop-ozone/integration-test/target/test-dir/MiniOzoneClusterImpl-cf27e86b-a5d2-4d86-a5ef-f90d19c9ea90/datanode-6/data-0/containers/hdds
2023-01-13 04:28:13,358 [Listener at 127.0.0.1/39893] INFO  ozoneimpl.OzoneContainer (OzoneContainer.java:buildContainerSet(301)) - Build ContainerSet costs 0s
2023-01-13 04:28:13,361 [Listener at 127.0.0.1/39893] INFO  server.RaftServer (ConfUtils.java:logGet(46)) - raft.rpc.type = GRPC (default)
2023-01-13 04:28:13,361 [Listener at 127.0.0.1/39893] INFO  grpc.GrpcConfigKeys (ConfUtils.java:logFallback(53)) - raft.grpc.admin.host = null (fallback to raft.grpc.server.host)
2023-01-13 04:28:13,361 [Listener at 127.0.0.1/39893] INFO  grpc.GrpcConfigKeys (ConfUtils.java:logGet(46)) - raft.grpc.admin.port = 0 (custom)
2023-01-13 04:28:13,361 [Listener at 127.0.0.1/39893] INFO  grpc.GrpcConfigKeys (ConfUtils.java:logFallback(53)) - raft.grpc.client.host = null (fallback to raft.grpc.server.host)
2023-01-13 04:28:13,361 [Listener at 127.0.0.1/39893] INFO  grpc.GrpcConfigKeys (ConfUtils.java:logGet(46)) - raft.grpc.client.port = 0 (custom)
2023-01-13 04:28:13,362 [Listener at 127.0.0.1/39893] INFO  grpc.GrpcConfigKeys (ConfUtils.java:logGet(46)) - raft.grpc.server.host = null (default)
2023-01-13 04:28:13,365 [Listener at 127.0.0.1/39893] INFO  grpc.GrpcConfigKeys (ConfUtils.java:logGet(46)) - raft.grpc.server.port = 0 (default)
2023-01-13 04:28:13,365 [Listener at 127.0.0.1/39893] INFO  server.GrpcService (ConfUtils.java:logGet(46)) - raft.grpc.message.size.max = 32MB (=33554432) (custom)
2023-01-13 04:28:13,365 [Listener at 127.0.0.1/39893] INFO  server.RaftServerConfigKeys (ConfUtils.java:logGet(46)) - raft.server.log.appender.buffer.byte-limit = 33554432 (custom)
2023-01-13 04:28:13,365 [Listener at 127.0.0.1/39893] INFO  server.GrpcService (ConfUtils.java:logGet(46)) - raft.grpc.flow.control.window = 5MB (=5242880) (custom)
2023-01-13 04:28:13,366 [Listener at 127.0.0.1/39893] INFO  server.RaftServerConfigKeys (ConfUtils.java:logGet(46)) - raft.server.rpc.request.timeout = 60s (custom)
2023-01-13 04:28:13,366 [Listener at 127.0.0.1/39893] INFO  grpc.GrpcConfigKeys (ConfUtils.java:logGet(46)) - raft.grpc.server.heartbeat.channel = true (default)
2023-01-13 04:28:13,366 [Listener at 127.0.0.1/39893] INFO  grpc.GrpcConfigKeys (ConfUtils.java:logGet(46)) - raft.grpc.server.async.request.thread.pool.cached = true (default)
2023-01-13 04:28:13,366 [Listener at 127.0.0.1/39893] INFO  grpc.GrpcConfigKeys (ConfUtils.java:logGet(46)) - raft.grpc.server.async.request.thread.pool.size = 32 (default)
2023-01-13 04:28:13,367 [Listener at 127.0.0.1/39893] INFO  impl.DataStreamServerImpl (ConfUtils.java:logGet(46)) - raft.datastream.type = NETTY (custom)
2023-01-13 04:28:13,368 [Listener at 127.0.0.1/39893] INFO  server.RaftServerConfigKeys (ConfUtils.java:logGet(46)) - raft.server.data-stream.async.request.thread.pool.cached = false (default)
2023-01-13 04:28:13,368 [Listener at 127.0.0.1/39893] INFO  server.RaftServerConfigKeys (ConfUtils.java:logGet(46)) - raft.server.data-stream.async.request.thread.pool.size = 20 (custom)
2023-01-13 04:28:13,369 [Listener at 127.0.0.1/39893] INFO  server.RaftServerConfigKeys (ConfUtils.java:logGet(46)) - raft.server.data-stream.async.write.thread.pool.size = 16 (default)
2023-01-13 04:28:13,369 [Listener at 127.0.0.1/39893] INFO  server.RaftServerConfigKeys (ConfUtils.java:logGet(46)) - raft.server.data-stream.client.pool.size = 10 (default)
2023-01-13 04:28:13,369 [Listener at 127.0.0.1/39893] INFO  netty.NettyConfigKeys$DataStream (ConfUtils.java:logGet(46)) - raft.netty.dataStream.server.use-epoll = false (default)
2023-01-13 04:28:13,369 [Listener at 127.0.0.1/39893] INFO  netty.NettyConfigKeys$DataStream (ConfUtils.java:logGet(46)) - raft.netty.dataStream.server.boss-group.size = 0 (default)
2023-01-13 04:28:13,370 [Listener at 127.0.0.1/39893] INFO  netty.NettyConfigKeys$DataStream (ConfUtils.java:logGet(46)) - raft.netty.dataStream.server.worker-group.size = 0 (default)
2023-01-13 04:28:13,370 [Listener at 127.0.0.1/39893] INFO  netty.NettyConfigKeys$DataStream (ConfUtils.java:logGet(46)) - raft.netty.dataStream.server.tls.conf = null (default)
2023-01-13 04:28:13,370 [Listener at 127.0.0.1/39893] INFO  netty.NettyConfigKeys$DataStream (ConfUtils.java:logGet(46)) - raft.netty.dataStream.host = null (default)
2023-01-13 04:28:13,370 [Listener at 127.0.0.1/39893] INFO  netty.NettyConfigKeys$DataStream (ConfUtils.java:logGet(46)) - raft.netty.dataStream.port = 0 (default)
2023-01-13 04:28:13,373 [Listener at 127.0.0.1/39893] INFO  server.RaftServerConfigKeys (ConfUtils.java:logGet(46)) - raft.server.threadpool.proxy.cached = true (default)
2023-01-13 04:28:13,373 [Listener at 127.0.0.1/39893] INFO  server.RaftServerConfigKeys (ConfUtils.java:logGet(46)) - raft.server.threadpool.proxy.size = 0 (default)
2023-01-13 04:28:13,373 [Listener at 127.0.0.1/39893] INFO  server.RaftServerConfigKeys (ConfUtils.java:logGet(46)) - raft.server.rpc.slowness.timeout = 300s (custom)
2023-01-13 04:28:13,373 [Listener at 127.0.0.1/39893] INFO  server.RaftServerConfigKeys (ConfUtils.java:logGet(46)) - raft.server.leaderelection.leader.step-down.wait-time = 10s (default)
2023-01-13 04:28:13,374 [Listener at 127.0.0.1/39893] INFO  server.RaftServerConfigKeys (ConfUtils.java:logGet(46)) - raft.server.storage.dir = [/home/runner/work/ozone/ozone/hadoop-ozone/integration-test/target/test-dir/MiniOzoneClusterImpl-cf27e86b-a5d2-4d86-a5ef-f90d19c9ea90/datanode-6/data/ratis] (custom)
2023-01-13 04:28:13,386 [a4701fbb-e52d-41e2-8240-7b5db05b4eba-NettyServerStreamRpc-bossGroup--thread1] INFO  logging.LoggingHandler (AbstractInternalLogger.java:log(148)) - [id: 0xdfd02248] REGISTERED
2023-01-13 04:28:13,386 [a4701fbb-e52d-41e2-8240-7b5db05b4eba-NettyServerStreamRpc-bossGroup--thread1] INFO  logging.LoggingHandler (AbstractInternalLogger.java:log(148)) - [id: 0xdfd02248] BIND: 0.0.0.0/0.0.0.0:0
2023-01-13 04:28:13,386 [a4701fbb-e52d-41e2-8240-7b5db05b4eba-NettyServerStreamRpc-bossGroup--thread1] INFO  logging.LoggingHandler (AbstractInternalLogger.java:log(148)) - [id: 0xdfd02248, L:/0:0:0:0:0:0:0:0:34635] ACTIVE
2023-01-13 04:28:13,392 [Listener at 127.0.0.1/39893] INFO  server.XceiverServerGrpc (XceiverServerGrpc.java:<init>(132)) - GrpcServer channel type EpollServerSocketChannel
2023-01-13 04:28:13,397 [Listener at 127.0.0.1/39893] INFO  http.BaseHttpServer (BaseHttpServer.java:newHttpServer2BuilderForOzone(213)) - Starting Web-server for hddsDatanode at: http://0.0.0.0:0
2023-01-13 04:28:13,397 [Listener at 127.0.0.1/39893] INFO  http.BaseHttpServer (BaseHttpServer.java:<init>(108)) - Hadoop Security Enabled: false Ozone Security Enabled: false Ozone HTTP Security Enabled: false 
2023-01-13 04:28:13,398 [Listener at 127.0.0.1/39893] WARN  server.AuthenticationFilter (AuthenticationFilter.java:constructSecretProvider(240)) - Unable to initialize FileSignerSecretProvider, falling back to use random secrets. Reason: Could not read signature secret file: /home/runner/hadoop-http-auth-signature-secret
2023-01-13 04:28:13,399 [Listener at 127.0.0.1/39893] WARN  http.HttpRequestLog (HttpRequestLog.java:getRequestLog(103)) - Jetty request log can only be enabled using Log4j
2023-01-13 04:28:13,400 [Listener at 127.0.0.1/39893] INFO  http.HttpServer2 (HttpServer2.java:addGlobalFilter(1031)) - Added global filter 'safety' (class=org.apache.hadoop.hdds.server.http.HttpServer2$QuotingInputFilter)
2023-01-13 04:28:13,401 [Listener at 127.0.0.1/39893] INFO  http.HttpServer2 (HttpServer2.java:addFilter(1007)) - Added filter static_user_filter (class=org.apache.hadoop.http.lib.StaticUserWebFilter$StaticUserFilter) to context hddsDatanode
2023-01-13 04:28:13,401 [Listener at 127.0.0.1/39893] INFO  http.HttpServer2 (HttpServer2.java:addFilter(1015)) - Added filter static_user_filter (class=org.apache.hadoop.http.lib.StaticUserWebFilter$StaticUserFilter) to context logs
2023-01-13 04:28:13,401 [Listener at 127.0.0.1/39893] INFO  http.HttpServer2 (HttpServer2.java:addFilter(1015)) - Added filter static_user_filter (class=org.apache.hadoop.http.lib.StaticUserWebFilter$StaticUserFilter) to context static
2023-01-13 04:28:13,403 [Listener at 127.0.0.1/39893] INFO  http.HttpServer2 (HttpServer2.java:bindListener(1250)) - Jetty bound to port 43387
2023-01-13 04:28:13,403 [Listener at 127.0.0.1/39893] INFO  server.Server (Server.java:doStart(375)) - jetty-9.4.49.v20220914; built: 2022-09-14T01:07:36.601Z; git: 4231a3b2e4cb8548a412a789936d640a97b1aa0a; jvm 1.8.0_352-b08
2023-01-13 04:28:13,406 [Listener at 127.0.0.1/39893] INFO  server.session (DefaultSessionIdManager.java:doStart(334)) - DefaultSessionIdManager workerName=node0
2023-01-13 04:28:13,406 [Listener at 127.0.0.1/39893] INFO  server.session (DefaultSessionIdManager.java:doStart(339)) - No SessionScavenger set, using defaults
2023-01-13 04:28:13,406 [Listener at 127.0.0.1/39893] INFO  server.session (HouseKeeper.java:startScavenging(132)) - node0 Scavenging every 660000ms
2023-01-13 04:28:13,409 [Listener at 127.0.0.1/39893] INFO  handler.ContextHandler (ContextHandler.java:doStart(921)) - Started o.e.j.s.ServletContextHandler@22f07a00{logs,/logs,file:///home/runner/work/ozone/ozone/hadoop-ozone/integration-test/target/log,AVAILABLE}
2023-01-13 04:28:13,410 [Listener at 127.0.0.1/39893] INFO  handler.ContextHandler (ContextHandler.java:doStart(921)) - Started o.e.j.s.ServletContextHandler@522e238c{static,/static,jar:file:/home/runner/.m2/repository/org/apache/ozone/hdds-container-service/1.4.0-SNAPSHOT/hdds-container-service-1.4.0-SNAPSHOT.jar!/webapps/static,AVAILABLE}
2023-01-13 04:28:13,507 [EndpointStateMachine task thread for /0.0.0.0:39275 - 0 ] INFO  utils.DatanodeStoreCache (DatanodeStoreCache.java:addDB(58)) - Added db /home/runner/work/ozone/ozone/hadoop-ozone/integration-test/target/test-dir/MiniOzoneClusterImpl-cf27e86b-a5d2-4d86-a5ef-f90d19c9ea90/datanode-0/data-0/containers/hdds/cf27e86b-a5d2-4d86-a5ef-f90d19c9ea90/DS-fe54ed4a-9c78-4070-a1c3-1b9112546353/container.db to cache
2023-01-13 04:28:13,507 [EndpointStateMachine task thread for /0.0.0.0:39275 - 0 ] INFO  volume.HddsVolume (HddsVolume.java:createDbStore(307)) - SchemaV3 db is created and loaded at /home/runner/work/ozone/ozone/hadoop-ozone/integration-test/target/test-dir/MiniOzoneClusterImpl-cf27e86b-a5d2-4d86-a5ef-f90d19c9ea90/datanode-0/data-0/containers/hdds/cf27e86b-a5d2-4d86-a5ef-f90d19c9ea90/DS-fe54ed4a-9c78-4070-a1c3-1b9112546353/container.db for volume DS-fe54ed4a-9c78-4070-a1c3-1b9112546353
2023-01-13 04:28:13,509 [EndpointStateMachine task thread for /0.0.0.0:39275 - 0 ] INFO  ozoneimpl.OzoneContainer (OzoneContainer.java:start(395)) - Attempting to start container services.
2023-01-13 04:28:13,511 [EndpointStateMachine task thread for /0.0.0.0:39275 - 0 ] INFO  ozoneimpl.OzoneContainer (OzoneContainer.java:startContainerScrub(312)) - Scheduled background container scanners and the on-demand container scanner have been disabled.
2023-01-13 04:28:13,514 [EndpointStateMachine task thread for /0.0.0.0:39275 - 0 ] INFO  replication.ReplicationServer (ReplicationServer.java:start(106)) - ReplicationServer is started using port 33095
2023-01-13 04:28:13,516 [EndpointStateMachine task thread for /0.0.0.0:39275 - 0 ] INFO  ratis.XceiverServerRatis (XceiverServerRatis.java:start(517)) - Starting XceiverServerRatis 6aa17f19-7961-4978-9ee2-0d39d3b5a231
2023-01-13 04:28:13,517 [EndpointStateMachine task thread for /0.0.0.0:39275 - 0 ] INFO  server.RaftServer (RaftServerProxy.java:startImpl(393)) - 6aa17f19-7961-4978-9ee2-0d39d3b5a231: start RPC server
2023-01-13 04:28:13,525 [EndpointStateMachine task thread for /0.0.0.0:39275 - 0 ] INFO  server.GrpcService (GrpcService.java:startImpl(262)) - 6aa17f19-7961-4978-9ee2-0d39d3b5a231: GrpcService started, listening on 40935
2023-01-13 04:28:13,525 [EndpointStateMachine task thread for /0.0.0.0:39275 - 0 ] INFO  ratis.XceiverServerRatis (XceiverServerRatis.java:getRealPort(543)) - XceiverServerRatis 6aa17f19-7961-4978-9ee2-0d39d3b5a231 is started using port 40935 for RATIS
2023-01-13 04:28:13,525 [EndpointStateMachine task thread for /0.0.0.0:39275 - 0 ] INFO  ratis.XceiverServerRatis (XceiverServerRatis.java:getRealPort(543)) - XceiverServerRatis 6aa17f19-7961-4978-9ee2-0d39d3b5a231 is started using port 40935 for RATIS_ADMIN
2023-01-13 04:28:13,525 [EndpointStateMachine task thread for /0.0.0.0:39275 - 0 ] INFO  ratis.XceiverServerRatis (XceiverServerRatis.java:getRealPort(543)) - XceiverServerRatis 6aa17f19-7961-4978-9ee2-0d39d3b5a231 is started using port 40935 for RATIS_SERVER
2023-01-13 04:28:13,525 [EndpointStateMachine task thread for /0.0.0.0:39275 - 0 ] INFO  ratis.XceiverServerRatis (XceiverServerRatis.java:getRealPort(543)) - XceiverServerRatis 6aa17f19-7961-4978-9ee2-0d39d3b5a231 is started using port 43381 for RATIS_DATASTREAM
2023-01-13 04:28:13,525 [JvmPauseMonitor1] INFO  util.JvmPauseMonitor (JvmPauseMonitor.java:run(105)) - JvmPauseMonitor-6aa17f19-7961-4978-9ee2-0d39d3b5a231: Started
2023-01-13 04:28:13,533 [EndpointStateMachine task thread for /0.0.0.0:39275 - 0 ] INFO  server.XceiverServerGrpc (XceiverServerGrpc.java:start(180)) - XceiverServerGrpc 6aa17f19-7961-4978-9ee2-0d39d3b5a231 is started using port 38419
2023-01-13 04:28:13,617 [Listener at 127.0.0.1/39893] INFO  handler.ContextHandler (ContextHandler.java:doStart(921)) - Started o.e.j.w.WebAppContext@1edd6c8c{hddsDatanode,/,file:///tmp/jetty-0_0_0_0-43387-hdds-container-service-1_4_0-SNAPSHOT_jar-_-any-5480031859190651071/webapp/,AVAILABLE}{jar:file:/home/runner/.m2/repository/org/apache/ozone/hdds-container-service/1.4.0-SNAPSHOT/hdds-container-service-1.4.0-SNAPSHOT.jar!/webapps/hddsDatanode}
2023-01-13 04:28:13,619 [Listener at 127.0.0.1/39893] INFO  server.AbstractConnector (AbstractConnector.java:doStart(333)) - Started ServerConnector@6098c5d8{HTTP/1.1, (http/1.1)}{0.0.0.0:43387}
2023-01-13 04:28:13,619 [Listener at 127.0.0.1/39893] INFO  server.Server (Server.java:doStart(415)) - Started @10074ms
2023-01-13 04:28:13,619 [Listener at 127.0.0.1/39893] WARN  impl.MetricsSystemImpl (MetricsSystemImpl.java:register(279)) - Sink prometheus already exists!
2023-01-13 04:28:13,621 [Listener at 127.0.0.1/39893] INFO  http.BaseHttpServer (BaseHttpServer.java:updateConnectorAddress(333)) - HTTP server of hddsDatanode listening at http://0.0.0.0:43387
2023-01-13 04:28:13,622 [Datanode State Machine Daemon Thread] INFO  statemachine.DatanodeStateMachine (DatanodeStateMachine.java:lambda$startDaemon$0(508)) - Ozone container server started.
2023-01-13 04:28:13,624 [Listener at 127.0.0.1/39893] INFO  ozone.MiniOzoneClusterImpl (MiniOzoneClusterImpl.java:lambda$waitForClusterToBeReady$0(218)) - Waiting for nodes to be ready. Got 0 of 7 DN Heartbeats.
2023-01-13 04:28:13,624 [Listener at 127.0.0.1/39893] INFO  ozone.MiniOzoneClusterImpl (MiniOzoneClusterImpl.java:lambda$waitForClusterToBeReady$0(221)) - Waiting for cluster to exit safe mode
2023-01-13 04:28:13,624 [Listener at 127.0.0.1/39893] INFO  ozone.MiniOzoneClusterImpl (MiniOzoneClusterImpl.java:lambda$waitForClusterToBeReady$0(223)) - SCM became leader
2023-01-13 04:28:13,626 [org.apache.hadoop.util.JvmPauseMonitor$Monitor@65ad32e2] INFO  util.JvmPauseMonitor (JvmPauseMonitor.java:run(188)) - Starting JVM pause monitor
2023-01-13 04:28:13,634 [Datanode State Machine Task Thread - 0] INFO  datanode.InitDatanodeState (InitDatanodeState.java:persistContainerDatanodeDetails(138)) - DatanodeDetails is persisted to /home/runner/work/ozone/ozone/hadoop-ozone/integration-test/target/test-dir/MiniOzoneClusterImpl-cf27e86b-a5d2-4d86-a5ef-f90d19c9ea90/datanode-6/meta/datanode.id
2023-01-13 04:28:13,895 [EndpointStateMachine task thread for /0.0.0.0:39275 - 0 ] INFO  utils.DatanodeStoreCache (DatanodeStoreCache.java:addDB(58)) - Added db /home/runner/work/ozone/ozone/hadoop-ozone/integration-test/target/test-dir/MiniOzoneClusterImpl-cf27e86b-a5d2-4d86-a5ef-f90d19c9ea90/datanode-1/data-0/containers/hdds/cf27e86b-a5d2-4d86-a5ef-f90d19c9ea90/DS-68599ede-5cc8-4e69-911e-bf4234b05c69/container.db to cache
2023-01-13 04:28:13,895 [EndpointStateMachine task thread for /0.0.0.0:39275 - 0 ] INFO  volume.HddsVolume (HddsVolume.java:createDbStore(307)) - SchemaV3 db is created and loaded at /home/runner/work/ozone/ozone/hadoop-ozone/integration-test/target/test-dir/MiniOzoneClusterImpl-cf27e86b-a5d2-4d86-a5ef-f90d19c9ea90/datanode-1/data-0/containers/hdds/cf27e86b-a5d2-4d86-a5ef-f90d19c9ea90/DS-68599ede-5cc8-4e69-911e-bf4234b05c69/container.db for volume DS-68599ede-5cc8-4e69-911e-bf4234b05c69
2023-01-13 04:28:13,895 [EndpointStateMachine task thread for /0.0.0.0:39275 - 0 ] INFO  ozoneimpl.OzoneContainer (OzoneContainer.java:start(395)) - Attempting to start container services.
2023-01-13 04:28:13,895 [EndpointStateMachine task thread for /0.0.0.0:39275 - 0 ] INFO  ozoneimpl.OzoneContainer (OzoneContainer.java:startContainerScrub(312)) - Scheduled background container scanners and the on-demand container scanner have been disabled.
2023-01-13 04:28:13,897 [EndpointStateMachine task thread for /0.0.0.0:39275 - 0 ] INFO  replication.ReplicationServer (ReplicationServer.java:start(106)) - ReplicationServer is started using port 37417
2023-01-13 04:28:13,898 [EndpointStateMachine task thread for /0.0.0.0:39275 - 0 ] INFO  ratis.XceiverServerRatis (XceiverServerRatis.java:start(517)) - Starting XceiverServerRatis 9fcca57a-0016-4a7b-b88c-860e873da22c
2023-01-13 04:28:13,899 [EndpointStateMachine task thread for /0.0.0.0:39275 - 0 ] INFO  server.RaftServer (RaftServerProxy.java:startImpl(393)) - 9fcca57a-0016-4a7b-b88c-860e873da22c: start RPC server
2023-01-13 04:28:13,900 [EndpointStateMachine task thread for /0.0.0.0:39275 - 0 ] INFO  server.GrpcService (GrpcService.java:startImpl(262)) - 9fcca57a-0016-4a7b-b88c-860e873da22c: GrpcService started, listening on 34233
2023-01-13 04:28:13,901 [EndpointStateMachine task thread for /0.0.0.0:39275 - 0 ] INFO  ratis.XceiverServerRatis (XceiverServerRatis.java:getRealPort(543)) - XceiverServerRatis 9fcca57a-0016-4a7b-b88c-860e873da22c is started using port 34233 for RATIS
2023-01-13 04:28:13,901 [JvmPauseMonitor2] INFO  util.JvmPauseMonitor (JvmPauseMonitor.java:run(105)) - JvmPauseMonitor-9fcca57a-0016-4a7b-b88c-860e873da22c: Started
2023-01-13 04:28:13,901 [EndpointStateMachine task thread for /0.0.0.0:39275 - 0 ] INFO  ratis.XceiverServerRatis (XceiverServerRatis.java:getRealPort(543)) - XceiverServerRatis 9fcca57a-0016-4a7b-b88c-860e873da22c is started using port 34233 for RATIS_ADMIN
2023-01-13 04:28:13,901 [EndpointStateMachine task thread for /0.0.0.0:39275 - 0 ] INFO  ratis.XceiverServerRatis (XceiverServerRatis.java:getRealPort(543)) - XceiverServerRatis 9fcca57a-0016-4a7b-b88c-860e873da22c is started using port 34233 for RATIS_SERVER
2023-01-13 04:28:13,901 [EndpointStateMachine task thread for /0.0.0.0:39275 - 0 ] INFO  ratis.XceiverServerRatis (XceiverServerRatis.java:getRealPort(543)) - XceiverServerRatis 9fcca57a-0016-4a7b-b88c-860e873da22c is started using port 38333 for RATIS_DATASTREAM
2023-01-13 04:28:13,903 [EndpointStateMachine task thread for /0.0.0.0:39275 - 0 ] INFO  server.XceiverServerGrpc (XceiverServerGrpc.java:start(180)) - XceiverServerGrpc 9fcca57a-0016-4a7b-b88c-860e873da22c is started using port 44295
2023-01-13 04:28:14,282 [EndpointStateMachine task thread for /0.0.0.0:39275 - 0 ] INFO  utils.DatanodeStoreCache (DatanodeStoreCache.java:addDB(58)) - Added db /home/runner/work/ozone/ozone/hadoop-ozone/integration-test/target/test-dir/MiniOzoneClusterImpl-cf27e86b-a5d2-4d86-a5ef-f90d19c9ea90/datanode-2/data-0/containers/hdds/cf27e86b-a5d2-4d86-a5ef-f90d19c9ea90/DS-581dfe97-ff78-41cc-8f72-533dddfa7760/container.db to cache
2023-01-13 04:28:14,282 [EndpointStateMachine task thread for /0.0.0.0:39275 - 0 ] INFO  volume.HddsVolume (HddsVolume.java:createDbStore(307)) - SchemaV3 db is created and loaded at /home/runner/work/ozone/ozone/hadoop-ozone/integration-test/target/test-dir/MiniOzoneClusterImpl-cf27e86b-a5d2-4d86-a5ef-f90d19c9ea90/datanode-2/data-0/containers/hdds/cf27e86b-a5d2-4d86-a5ef-f90d19c9ea90/DS-581dfe97-ff78-41cc-8f72-533dddfa7760/container.db for volume DS-581dfe97-ff78-41cc-8f72-533dddfa7760
2023-01-13 04:28:14,282 [EndpointStateMachine task thread for /0.0.0.0:39275 - 0 ] INFO  ozoneimpl.OzoneContainer (OzoneContainer.java:start(395)) - Attempting to start container services.
2023-01-13 04:28:14,282 [EndpointStateMachine task thread for /0.0.0.0:39275 - 0 ] INFO  ozoneimpl.OzoneContainer (OzoneContainer.java:startContainerScrub(312)) - Scheduled background container scanners and the on-demand container scanner have been disabled.
2023-01-13 04:28:14,284 [EndpointStateMachine task thread for /0.0.0.0:39275 - 0 ] INFO  replication.ReplicationServer (ReplicationServer.java:start(106)) - ReplicationServer is started using port 33461
2023-01-13 04:28:14,285 [EndpointStateMachine task thread for /0.0.0.0:39275 - 0 ] INFO  ratis.XceiverServerRatis (XceiverServerRatis.java:start(517)) - Starting XceiverServerRatis f09534d9-27f0-4bd2-ae55-341cfd68a0eb
2023-01-13 04:28:14,286 [EndpointStateMachine task thread for /0.0.0.0:39275 - 0 ] INFO  server.RaftServer (RaftServerProxy.java:startImpl(393)) - f09534d9-27f0-4bd2-ae55-341cfd68a0eb: start RPC server
2023-01-13 04:28:14,291 [EndpointStateMachine task thread for /0.0.0.0:39275 - 0 ] INFO  server.GrpcService (GrpcService.java:startImpl(262)) - f09534d9-27f0-4bd2-ae55-341cfd68a0eb: GrpcService started, listening on 41553
2023-01-13 04:28:14,292 [EndpointStateMachine task thread for /0.0.0.0:39275 - 0 ] INFO  ratis.XceiverServerRatis (XceiverServerRatis.java:getRealPort(543)) - XceiverServerRatis f09534d9-27f0-4bd2-ae55-341cfd68a0eb is started using port 41553 for RATIS
2023-01-13 04:28:14,292 [JvmPauseMonitor3] INFO  util.JvmPauseMonitor (JvmPauseMonitor.java:run(105)) - JvmPauseMonitor-f09534d9-27f0-4bd2-ae55-341cfd68a0eb: Started
2023-01-13 04:28:14,292 [EndpointStateMachine task thread for /0.0.0.0:39275 - 0 ] INFO  ratis.XceiverServerRatis (XceiverServerRatis.java:getRealPort(543)) - XceiverServerRatis f09534d9-27f0-4bd2-ae55-341cfd68a0eb is started using port 41553 for RATIS_ADMIN
2023-01-13 04:28:14,292 [EndpointStateMachine task thread for /0.0.0.0:39275 - 0 ] INFO  ratis.XceiverServerRatis (XceiverServerRatis.java:getRealPort(543)) - XceiverServerRatis f09534d9-27f0-4bd2-ae55-341cfd68a0eb is started using port 41553 for RATIS_SERVER
2023-01-13 04:28:14,292 [EndpointStateMachine task thread for /0.0.0.0:39275 - 0 ] INFO  ratis.XceiverServerRatis (XceiverServerRatis.java:getRealPort(543)) - XceiverServerRatis f09534d9-27f0-4bd2-ae55-341cfd68a0eb is started using port 46259 for RATIS_DATASTREAM
2023-01-13 04:28:14,298 [EndpointStateMachine task thread for /0.0.0.0:39275 - 0 ] INFO  server.XceiverServerGrpc (XceiverServerGrpc.java:start(180)) - XceiverServerGrpc f09534d9-27f0-4bd2-ae55-341cfd68a0eb is started using port 37711
2023-01-13 04:28:14,607 [EndpointStateMachine task thread for /0.0.0.0:39275 - 0 ] INFO  utils.DatanodeStoreCache (DatanodeStoreCache.java:addDB(58)) - Added db /home/runner/work/ozone/ozone/hadoop-ozone/integration-test/target/test-dir/MiniOzoneClusterImpl-cf27e86b-a5d2-4d86-a5ef-f90d19c9ea90/datanode-3/data-0/containers/hdds/cf27e86b-a5d2-4d86-a5ef-f90d19c9ea90/DS-5ac0abea-f86d-4760-9ea7-ec1a0720243a/container.db to cache
2023-01-13 04:28:14,607 [EndpointStateMachine task thread for /0.0.0.0:39275 - 0 ] INFO  volume.HddsVolume (HddsVolume.java:createDbStore(307)) - SchemaV3 db is created and loaded at /home/runner/work/ozone/ozone/hadoop-ozone/integration-test/target/test-dir/MiniOzoneClusterImpl-cf27e86b-a5d2-4d86-a5ef-f90d19c9ea90/datanode-3/data-0/containers/hdds/cf27e86b-a5d2-4d86-a5ef-f90d19c9ea90/DS-5ac0abea-f86d-4760-9ea7-ec1a0720243a/container.db for volume DS-5ac0abea-f86d-4760-9ea7-ec1a0720243a
2023-01-13 04:28:14,608 [EndpointStateMachine task thread for /0.0.0.0:39275 - 0 ] INFO  ozoneimpl.OzoneContainer (OzoneContainer.java:start(395)) - Attempting to start container services.
2023-01-13 04:28:14,608 [EndpointStateMachine task thread for /0.0.0.0:39275 - 0 ] INFO  ozoneimpl.OzoneContainer (OzoneContainer.java:startContainerScrub(312)) - Scheduled background container scanners and the on-demand container scanner have been disabled.
2023-01-13 04:28:14,614 [EndpointStateMachine task thread for /0.0.0.0:39275 - 0 ] INFO  replication.ReplicationServer (ReplicationServer.java:start(106)) - ReplicationServer is started using port 42135
2023-01-13 04:28:14,614 [EndpointStateMachine task thread for /0.0.0.0:39275 - 0 ] INFO  ratis.XceiverServerRatis (XceiverServerRatis.java:start(517)) - Starting XceiverServerRatis 765a3633-7eac-4889-b9cb-33342b89fe8b
2023-01-13 04:28:14,622 [EndpointStateMachine task thread for /0.0.0.0:39275 - 0 ] INFO  server.RaftServer (RaftServerProxy.java:startImpl(393)) - 765a3633-7eac-4889-b9cb-33342b89fe8b: start RPC server
2023-01-13 04:28:14,623 [EndpointStateMachine task thread for /0.0.0.0:39275 - 0 ] INFO  server.GrpcService (GrpcService.java:startImpl(262)) - 765a3633-7eac-4889-b9cb-33342b89fe8b: GrpcService started, listening on 33437
2023-01-13 04:28:14,625 [Listener at 127.0.0.1/39893] INFO  ozone.MiniOzoneClusterImpl (MiniOzoneClusterImpl.java:lambda$waitForClusterToBeReady$0(218)) - Waiting for nodes to be ready. Got 0 of 7 DN Heartbeats.
2023-01-13 04:28:14,625 [Listener at 127.0.0.1/39893] INFO  ozone.MiniOzoneClusterImpl (MiniOzoneClusterImpl.java:lambda$waitForClusterToBeReady$0(221)) - Waiting for cluster to exit safe mode
2023-01-13 04:28:14,625 [Listener at 127.0.0.1/39893] INFO  ozone.MiniOzoneClusterImpl (MiniOzoneClusterImpl.java:lambda$waitForClusterToBeReady$0(223)) - SCM became leader
2023-01-13 04:28:14,626 [EndpointStateMachine task thread for /0.0.0.0:39275 - 0 ] INFO  ratis.XceiverServerRatis (XceiverServerRatis.java:getRealPort(543)) - XceiverServerRatis 765a3633-7eac-4889-b9cb-33342b89fe8b is started using port 33437 for RATIS
2023-01-13 04:28:14,626 [EndpointStateMachine task thread for /0.0.0.0:39275 - 0 ] INFO  ratis.XceiverServerRatis (XceiverServerRatis.java:getRealPort(543)) - XceiverServerRatis 765a3633-7eac-4889-b9cb-33342b89fe8b is started using port 33437 for RATIS_ADMIN
2023-01-13 04:28:14,626 [EndpointStateMachine task thread for /0.0.0.0:39275 - 0 ] INFO  ratis.XceiverServerRatis (XceiverServerRatis.java:getRealPort(543)) - XceiverServerRatis 765a3633-7eac-4889-b9cb-33342b89fe8b is started using port 33437 for RATIS_SERVER
2023-01-13 04:28:14,626 [EndpointStateMachine task thread for /0.0.0.0:39275 - 0 ] INFO  ratis.XceiverServerRatis (XceiverServerRatis.java:getRealPort(543)) - XceiverServerRatis 765a3633-7eac-4889-b9cb-33342b89fe8b is started using port 45775 for RATIS_DATASTREAM
2023-01-13 04:28:14,627 [JvmPauseMonitor4] INFO  util.JvmPauseMonitor (JvmPauseMonitor.java:run(105)) - JvmPauseMonitor-765a3633-7eac-4889-b9cb-33342b89fe8b: Started
2023-01-13 04:28:14,630 [EndpointStateMachine task thread for /0.0.0.0:39275 - 0 ] INFO  server.XceiverServerGrpc (XceiverServerGrpc.java:start(180)) - XceiverServerGrpc 765a3633-7eac-4889-b9cb-33342b89fe8b is started using port 40065
2023-01-13 04:28:14,943 [EndpointStateMachine task thread for /0.0.0.0:39275 - 0 ] INFO  utils.DatanodeStoreCache (DatanodeStoreCache.java:addDB(58)) - Added db /home/runner/work/ozone/ozone/hadoop-ozone/integration-test/target/test-dir/MiniOzoneClusterImpl-cf27e86b-a5d2-4d86-a5ef-f90d19c9ea90/datanode-4/data-0/containers/hdds/cf27e86b-a5d2-4d86-a5ef-f90d19c9ea90/DS-97ca225a-eed3-4768-a143-a014a9b660e8/container.db to cache
2023-01-13 04:28:14,943 [EndpointStateMachine task thread for /0.0.0.0:39275 - 0 ] INFO  volume.HddsVolume (HddsVolume.java:createDbStore(307)) - SchemaV3 db is created and loaded at /home/runner/work/ozone/ozone/hadoop-ozone/integration-test/target/test-dir/MiniOzoneClusterImpl-cf27e86b-a5d2-4d86-a5ef-f90d19c9ea90/datanode-4/data-0/containers/hdds/cf27e86b-a5d2-4d86-a5ef-f90d19c9ea90/DS-97ca225a-eed3-4768-a143-a014a9b660e8/container.db for volume DS-97ca225a-eed3-4768-a143-a014a9b660e8
2023-01-13 04:28:14,943 [EndpointStateMachine task thread for /0.0.0.0:39275 - 0 ] INFO  ozoneimpl.OzoneContainer (OzoneContainer.java:start(395)) - Attempting to start container services.
2023-01-13 04:28:14,943 [EndpointStateMachine task thread for /0.0.0.0:39275 - 0 ] INFO  ozoneimpl.OzoneContainer (OzoneContainer.java:startContainerScrub(312)) - Scheduled background container scanners and the on-demand container scanner have been disabled.
2023-01-13 04:28:14,945 [EndpointStateMachine task thread for /0.0.0.0:39275 - 0 ] INFO  replication.ReplicationServer (ReplicationServer.java:start(106)) - ReplicationServer is started using port 37971
2023-01-13 04:28:14,946 [EndpointStateMachine task thread for /0.0.0.0:39275 - 0 ] INFO  ratis.XceiverServerRatis (XceiverServerRatis.java:start(517)) - Starting XceiverServerRatis fceb8dc7-545e-48fb-8d31-09847688438f
2023-01-13 04:28:14,958 [EndpointStateMachine task thread for /0.0.0.0:39275 - 0 ] INFO  server.RaftServer (RaftServerProxy.java:startImpl(393)) - fceb8dc7-545e-48fb-8d31-09847688438f: start RPC server
2023-01-13 04:28:14,960 [EndpointStateMachine task thread for /0.0.0.0:39275 - 0 ] INFO  server.GrpcService (GrpcService.java:startImpl(262)) - fceb8dc7-545e-48fb-8d31-09847688438f: GrpcService started, listening on 41373
2023-01-13 04:28:14,962 [EndpointStateMachine task thread for /0.0.0.0:39275 - 0 ] INFO  ratis.XceiverServerRatis (XceiverServerRatis.java:getRealPort(543)) - XceiverServerRatis fceb8dc7-545e-48fb-8d31-09847688438f is started using port 41373 for RATIS
2023-01-13 04:28:14,962 [EndpointStateMachine task thread for /0.0.0.0:39275 - 0 ] INFO  ratis.XceiverServerRatis (XceiverServerRatis.java:getRealPort(543)) - XceiverServerRatis fceb8dc7-545e-48fb-8d31-09847688438f is started using port 41373 for RATIS_ADMIN
2023-01-13 04:28:14,962 [EndpointStateMachine task thread for /0.0.0.0:39275 - 0 ] INFO  ratis.XceiverServerRatis (XceiverServerRatis.java:getRealPort(543)) - XceiverServerRatis fceb8dc7-545e-48fb-8d31-09847688438f is started using port 41373 for RATIS_SERVER
2023-01-13 04:28:14,962 [EndpointStateMachine task thread for /0.0.0.0:39275 - 0 ] INFO  ratis.XceiverServerRatis (XceiverServerRatis.java:getRealPort(543)) - XceiverServerRatis fceb8dc7-545e-48fb-8d31-09847688438f is started using port 43423 for RATIS_DATASTREAM
2023-01-13 04:28:14,962 [JvmPauseMonitor5] INFO  util.JvmPauseMonitor (JvmPauseMonitor.java:run(105)) - JvmPauseMonitor-fceb8dc7-545e-48fb-8d31-09847688438f: Started
2023-01-13 04:28:14,965 [EndpointStateMachine task thread for /0.0.0.0:39275 - 0 ] INFO  server.XceiverServerGrpc (XceiverServerGrpc.java:start(180)) - XceiverServerGrpc fceb8dc7-545e-48fb-8d31-09847688438f is started using port 33919
2023-01-13 04:28:15,266 [EndpointStateMachine task thread for /0.0.0.0:39275 - 0 ] INFO  utils.DatanodeStoreCache (DatanodeStoreCache.java:addDB(58)) - Added db /home/runner/work/ozone/ozone/hadoop-ozone/integration-test/target/test-dir/MiniOzoneClusterImpl-cf27e86b-a5d2-4d86-a5ef-f90d19c9ea90/datanode-5/data-0/containers/hdds/cf27e86b-a5d2-4d86-a5ef-f90d19c9ea90/DS-da739a10-ca82-4415-ab60-5a680e13bb8e/container.db to cache
2023-01-13 04:28:15,266 [EndpointStateMachine task thread for /0.0.0.0:39275 - 0 ] INFO  volume.HddsVolume (HddsVolume.java:createDbStore(307)) - SchemaV3 db is created and loaded at /home/runner/work/ozone/ozone/hadoop-ozone/integration-test/target/test-dir/MiniOzoneClusterImpl-cf27e86b-a5d2-4d86-a5ef-f90d19c9ea90/datanode-5/data-0/containers/hdds/cf27e86b-a5d2-4d86-a5ef-f90d19c9ea90/DS-da739a10-ca82-4415-ab60-5a680e13bb8e/container.db for volume DS-da739a10-ca82-4415-ab60-5a680e13bb8e
2023-01-13 04:28:15,267 [EndpointStateMachine task thread for /0.0.0.0:39275 - 0 ] INFO  ozoneimpl.OzoneContainer (OzoneContainer.java:start(395)) - Attempting to start container services.
2023-01-13 04:28:15,267 [EndpointStateMachine task thread for /0.0.0.0:39275 - 0 ] INFO  ozoneimpl.OzoneContainer (OzoneContainer.java:startContainerScrub(312)) - Scheduled background container scanners and the on-demand container scanner have been disabled.
2023-01-13 04:28:15,270 [EndpointStateMachine task thread for /0.0.0.0:39275 - 0 ] INFO  replication.ReplicationServer (ReplicationServer.java:start(106)) - ReplicationServer is started using port 39023
2023-01-13 04:28:15,270 [EndpointStateMachine task thread for /0.0.0.0:39275 - 0 ] INFO  ratis.XceiverServerRatis (XceiverServerRatis.java:start(517)) - Starting XceiverServerRatis b8861190-fee9-46f5-9d16-9ca5f82f4eb4
2023-01-13 04:28:15,271 [EndpointStateMachine task thread for /0.0.0.0:39275 - 0 ] INFO  server.RaftServer (RaftServerProxy.java:startImpl(393)) - b8861190-fee9-46f5-9d16-9ca5f82f4eb4: start RPC server
2023-01-13 04:28:15,273 [EndpointStateMachine task thread for /0.0.0.0:39275 - 0 ] INFO  server.GrpcService (GrpcService.java:startImpl(262)) - b8861190-fee9-46f5-9d16-9ca5f82f4eb4: GrpcService started, listening on 37787
2023-01-13 04:28:15,274 [EndpointStateMachine task thread for /0.0.0.0:39275 - 0 ] INFO  ratis.XceiverServerRatis (XceiverServerRatis.java:getRealPort(543)) - XceiverServerRatis b8861190-fee9-46f5-9d16-9ca5f82f4eb4 is started using port 37787 for RATIS
2023-01-13 04:28:15,274 [JvmPauseMonitor6] INFO  util.JvmPauseMonitor (JvmPauseMonitor.java:run(105)) - JvmPauseMonitor-b8861190-fee9-46f5-9d16-9ca5f82f4eb4: Started
2023-01-13 04:28:15,274 [EndpointStateMachine task thread for /0.0.0.0:39275 - 0 ] INFO  ratis.XceiverServerRatis (XceiverServerRatis.java:getRealPort(543)) - XceiverServerRatis b8861190-fee9-46f5-9d16-9ca5f82f4eb4 is started using port 37787 for RATIS_ADMIN
2023-01-13 04:28:15,274 [EndpointStateMachine task thread for /0.0.0.0:39275 - 0 ] INFO  ratis.XceiverServerRatis (XceiverServerRatis.java:getRealPort(543)) - XceiverServerRatis b8861190-fee9-46f5-9d16-9ca5f82f4eb4 is started using port 37787 for RATIS_SERVER
2023-01-13 04:28:15,274 [EndpointStateMachine task thread for /0.0.0.0:39275 - 0 ] INFO  ratis.XceiverServerRatis (XceiverServerRatis.java:getRealPort(543)) - XceiverServerRatis b8861190-fee9-46f5-9d16-9ca5f82f4eb4 is started using port 42169 for RATIS_DATASTREAM
2023-01-13 04:28:15,277 [EndpointStateMachine task thread for /0.0.0.0:39275 - 0 ] INFO  server.XceiverServerGrpc (XceiverServerGrpc.java:start(180)) - XceiverServerGrpc b8861190-fee9-46f5-9d16-9ca5f82f4eb4 is started using port 44855
2023-01-13 04:28:15,368 [IPC Server handler 13 on default port 39275] INFO  net.NetworkTopologyImpl (NetworkTopologyImpl.java:add(112)) - Added a new node: /default-rack/6aa17f19-7961-4978-9ee2-0d39d3b5a231
2023-01-13 04:28:15,370 [IPC Server handler 13 on default port 39275] INFO  node.SCMNodeManager (SCMNodeManager.java:register(397)) - Registered Data node : 6aa17f19-7961-4978-9ee2-0d39d3b5a231{ip: 10.1.0.110, host: fv-az178-476.4hr1jzigf4quzlbutvnlm3yq0e.cx.internal.cloudapp.net, ports: [REPLICATION=33095, RATIS=40935, RATIS_ADMIN=40935, RATIS_SERVER=40935, RATIS_DATASTREAM=43381, STANDALONE=38419], networkLocation: /default-rack, certSerialId: null, persistedOpState: null, persistedOpStateExpiryEpochSec: 0}
2023-01-13 04:28:15,374 [EventQueue-NewNodeForNewNodeHandler] INFO  pipeline.BackgroundPipelineCreator (BackgroundPipelineCreator.java:notifyEventTriggered(276)) - trigger a one-shot run on RatisPipelineUtilsThread.
2023-01-13 04:28:15,379 [EventQueue-NodeRegistrationContainerReportForDataNodeSafeModeRule] INFO  safemode.SCMSafeModeManager (DataNodeSafeModeRule.java:process(71)) - SCM in safe mode. 1 DataNodes registered, 3 required.
2023-01-13 04:28:15,380 [RatisPipelineUtilsThread - 0] INFO  pipeline.RatisPipelineProvider (RatisPipelineProvider.java:lambda$create$0(206)) - Sending CreatePipelineCommand for pipeline:PipelineID=8d355859-7ea9-445e-99bf-a23e9930462c to datanode:6aa17f19-7961-4978-9ee2-0d39d3b5a231
2023-01-13 04:28:15,379 [EventQueue-NodeRegistrationContainerReportForContainerSafeModeRule] INFO  safemode.SCMSafeModeManager (SCMSafeModeManager.java:validateSafeModeExitRules(200)) - ContainerSafeModeRule rule is successfully validated
2023-01-13 04:28:15,388 [EventQueue-PipelineReportForOneReplicaPipelineSafeModeRule] INFO  safemode.SCMSafeModeManager (SCMSafeModeManager.java:validateSafeModeExitRules(200)) - AtleastOneDatanodeReportedRule rule is successfully validated
2023-01-13 04:28:15,391 [RatisPipelineUtilsThread - 0] INFO  pipeline.PipelineStateManagerImpl (PipelineStateManagerImpl.java:addPipeline(103)) - Created pipeline Pipeline[ Id: 8d355859-7ea9-445e-99bf-a23e9930462c, Nodes: 6aa17f19-7961-4978-9ee2-0d39d3b5a231(fv-az178-476.4hr1jzigf4quzlbutvnlm3yq0e.cx.internal.cloudapp.net/10.1.0.110), ReplicationConfig: RATIS/ONE, State:ALLOCATED, leaderId:, CreationTimestamp2023-01-13T04:28:15.379Z[Etc/UTC]].
2023-01-13 04:28:15,625 [Listener at 127.0.0.1/39893] INFO  ozone.MiniOzoneClusterImpl (MiniOzoneClusterImpl.java:lambda$waitForClusterToBeReady$0(218)) - Waiting for nodes to be ready. Got 1 of 7 DN Heartbeats.
2023-01-13 04:28:15,625 [Listener at 127.0.0.1/39893] INFO  ozone.MiniOzoneClusterImpl (MiniOzoneClusterImpl.java:lambda$waitForClusterToBeReady$0(221)) - Waiting for cluster to exit safe mode
2023-01-13 04:28:15,625 [Listener at 127.0.0.1/39893] INFO  ozone.MiniOzoneClusterImpl (MiniOzoneClusterImpl.java:lambda$waitForClusterToBeReady$0(223)) - SCM became leader
2023-01-13 04:28:15,659 [EndpointStateMachine task thread for /0.0.0.0:39275 - 0 ] INFO  utils.DatanodeStoreCache (DatanodeStoreCache.java:addDB(58)) - Added db /home/runner/work/ozone/ozone/hadoop-ozone/integration-test/target/test-dir/MiniOzoneClusterImpl-cf27e86b-a5d2-4d86-a5ef-f90d19c9ea90/datanode-6/data-0/containers/hdds/cf27e86b-a5d2-4d86-a5ef-f90d19c9ea90/DS-c78b85fb-cd6b-4f5f-821a-33fc0e8ae7b1/container.db to cache
2023-01-13 04:28:15,659 [EndpointStateMachine task thread for /0.0.0.0:39275 - 0 ] INFO  volume.HddsVolume (HddsVolume.java:createDbStore(307)) - SchemaV3 db is created and loaded at /home/runner/work/ozone/ozone/hadoop-ozone/integration-test/target/test-dir/MiniOzoneClusterImpl-cf27e86b-a5d2-4d86-a5ef-f90d19c9ea90/datanode-6/data-0/containers/hdds/cf27e86b-a5d2-4d86-a5ef-f90d19c9ea90/DS-c78b85fb-cd6b-4f5f-821a-33fc0e8ae7b1/container.db for volume DS-c78b85fb-cd6b-4f5f-821a-33fc0e8ae7b1
2023-01-13 04:28:15,659 [EndpointStateMachine task thread for /0.0.0.0:39275 - 0 ] INFO  ozoneimpl.OzoneContainer (OzoneContainer.java:start(395)) - Attempting to start container services.
2023-01-13 04:28:15,659 [EndpointStateMachine task thread for /0.0.0.0:39275 - 0 ] INFO  ozoneimpl.OzoneContainer (OzoneContainer.java:startContainerScrub(312)) - Scheduled background container scanners and the on-demand container scanner have been disabled.
2023-01-13 04:28:15,664 [EndpointStateMachine task thread for /0.0.0.0:39275 - 0 ] INFO  replication.ReplicationServer (ReplicationServer.java:start(106)) - ReplicationServer is started using port 33003
2023-01-13 04:28:15,665 [EndpointStateMachine task thread for /0.0.0.0:39275 - 0 ] INFO  ratis.XceiverServerRatis (XceiverServerRatis.java:start(517)) - Starting XceiverServerRatis a4701fbb-e52d-41e2-8240-7b5db05b4eba
2023-01-13 04:28:15,667 [EndpointStateMachine task thread for /0.0.0.0:39275 - 0 ] INFO  server.RaftServer (RaftServerProxy.java:startImpl(393)) - a4701fbb-e52d-41e2-8240-7b5db05b4eba: start RPC server
2023-01-13 04:28:15,668 [EndpointStateMachine task thread for /0.0.0.0:39275 - 0 ] INFO  server.GrpcService (GrpcService.java:startImpl(262)) - a4701fbb-e52d-41e2-8240-7b5db05b4eba: GrpcService started, listening on 44125
2023-01-13 04:28:15,668 [EndpointStateMachine task thread for /0.0.0.0:39275 - 0 ] INFO  ratis.XceiverServerRatis (XceiverServerRatis.java:getRealPort(543)) - XceiverServerRatis a4701fbb-e52d-41e2-8240-7b5db05b4eba is started using port 44125 for RATIS
2023-01-13 04:28:15,668 [JvmPauseMonitor7] INFO  util.JvmPauseMonitor (JvmPauseMonitor.java:run(105)) - JvmPauseMonitor-a4701fbb-e52d-41e2-8240-7b5db05b4eba: Started
2023-01-13 04:28:15,668 [EndpointStateMachine task thread for /0.0.0.0:39275 - 0 ] INFO  ratis.XceiverServerRatis (XceiverServerRatis.java:getRealPort(543)) - XceiverServerRatis a4701fbb-e52d-41e2-8240-7b5db05b4eba is started using port 44125 for RATIS_ADMIN
2023-01-13 04:28:15,669 [EndpointStateMachine task thread for /0.0.0.0:39275 - 0 ] INFO  ratis.XceiverServerRatis (XceiverServerRatis.java:getRealPort(543)) - XceiverServerRatis a4701fbb-e52d-41e2-8240-7b5db05b4eba is started using port 44125 for RATIS_SERVER
2023-01-13 04:28:15,669 [EndpointStateMachine task thread for /0.0.0.0:39275 - 0 ] INFO  ratis.XceiverServerRatis (XceiverServerRatis.java:getRealPort(543)) - XceiverServerRatis a4701fbb-e52d-41e2-8240-7b5db05b4eba is started using port 34635 for RATIS_DATASTREAM
2023-01-13 04:28:15,671 [EndpointStateMachine task thread for /0.0.0.0:39275 - 0 ] INFO  server.XceiverServerGrpc (XceiverServerGrpc.java:start(180)) - XceiverServerGrpc a4701fbb-e52d-41e2-8240-7b5db05b4eba is started using port 38511
2023-01-13 04:28:15,867 [IPC Server handler 19 on default port 39275] INFO  net.NetworkTopologyImpl (NetworkTopologyImpl.java:add(112)) - Added a new node: /default-rack/9fcca57a-0016-4a7b-b88c-860e873da22c
2023-01-13 04:28:15,867 [IPC Server handler 19 on default port 39275] INFO  node.SCMNodeManager (SCMNodeManager.java:register(397)) - Registered Data node : 9fcca57a-0016-4a7b-b88c-860e873da22c{ip: 10.1.0.110, host: fv-az178-476.4hr1jzigf4quzlbutvnlm3yq0e.cx.internal.cloudapp.net, ports: [REPLICATION=37417, RATIS=34233, RATIS_ADMIN=34233, RATIS_SERVER=34233, RATIS_DATASTREAM=38333, STANDALONE=44295], networkLocation: /default-rack, certSerialId: null, persistedOpState: null, persistedOpStateExpiryEpochSec: 0}
2023-01-13 04:28:15,868 [EventQueue-NewNodeForNewNodeHandler] INFO  pipeline.BackgroundPipelineCreator (BackgroundPipelineCreator.java:notifyEventTriggered(276)) - trigger a one-shot run on RatisPipelineUtilsThread.
2023-01-13 04:28:15,868 [EventQueue-NodeRegistrationContainerReportForDataNodeSafeModeRule] INFO  safemode.SCMSafeModeManager (DataNodeSafeModeRule.java:process(71)) - SCM in safe mode. 2 DataNodes registered, 3 required.
2023-01-13 04:28:15,870 [RatisPipelineUtilsThread - 0] INFO  pipeline.RatisPipelineProvider (RatisPipelineProvider.java:lambda$create$0(206)) - Sending CreatePipelineCommand for pipeline:PipelineID=63d66473-0a08-4a9c-9b7b-ae2169b3acde to datanode:9fcca57a-0016-4a7b-b88c-860e873da22c
2023-01-13 04:28:15,871 [RatisPipelineUtilsThread - 0] INFO  pipeline.PipelineStateManagerImpl (PipelineStateManagerImpl.java:addPipeline(103)) - Created pipeline Pipeline[ Id: 63d66473-0a08-4a9c-9b7b-ae2169b3acde, Nodes: 9fcca57a-0016-4a7b-b88c-860e873da22c(fv-az178-476.4hr1jzigf4quzlbutvnlm3yq0e.cx.internal.cloudapp.net/10.1.0.110), ReplicationConfig: RATIS/ONE, State:ALLOCATED, leaderId:, CreationTimestamp2023-01-13T04:28:15.870Z[Etc/UTC]].
2023-01-13 04:28:16,247 [IPC Server handler 0 on default port 39275] INFO  net.NetworkTopologyImpl (NetworkTopologyImpl.java:add(112)) - Added a new node: /default-rack/f09534d9-27f0-4bd2-ae55-341cfd68a0eb
2023-01-13 04:28:16,247 [IPC Server handler 0 on default port 39275] INFO  node.SCMNodeManager (SCMNodeManager.java:register(397)) - Registered Data node : f09534d9-27f0-4bd2-ae55-341cfd68a0eb{ip: 10.1.0.110, host: fv-az178-476.4hr1jzigf4quzlbutvnlm3yq0e.cx.internal.cloudapp.net, ports: [REPLICATION=33461, RATIS=41553, RATIS_ADMIN=41553, RATIS_SERVER=41553, RATIS_DATASTREAM=46259, STANDALONE=37711], networkLocation: /default-rack, certSerialId: null, persistedOpState: null, persistedOpStateExpiryEpochSec: 0}
2023-01-13 04:28:16,247 [EventQueue-NewNodeForNewNodeHandler] INFO  pipeline.BackgroundPipelineCreator (BackgroundPipelineCreator.java:notifyEventTriggered(276)) - trigger a one-shot run on RatisPipelineUtilsThread.
2023-01-13 04:28:16,247 [EventQueue-NodeRegistrationContainerReportForDataNodeSafeModeRule] INFO  safemode.SCMSafeModeManager (DataNodeSafeModeRule.java:process(71)) - SCM in safe mode. 3 DataNodes registered, 3 required.
2023-01-13 04:28:16,247 [EventQueue-NodeRegistrationContainerReportForDataNodeSafeModeRule] INFO  safemode.SCMSafeModeManager (SCMSafeModeManager.java:validateSafeModeExitRules(200)) - DataNodeSafeModeRule rule is successfully validated
2023-01-13 04:28:16,248 [EventQueue-NodeRegistrationContainerReportForDataNodeSafeModeRule] INFO  safemode.SCMSafeModeManager (SCMSafeModeManager.java:completePreCheck(229)) - All SCM safe mode pre check rules have passed
2023-01-13 04:28:16,248 [EventQueue-NodeRegistrationContainerReportForDataNodeSafeModeRule] INFO  ha.SCMContext (SCMContext.java:updateSafeModeStatus(228)) - Update SafeModeStatus from SafeModeStatus{safeModeStatus=true, preCheckPassed=false} to SafeModeStatus{safeModeStatus=true, preCheckPassed=true}.
2023-01-13 04:28:16,248 [EventQueue-NodeRegistrationContainerReportForDataNodeSafeModeRule] INFO  pipeline.BackgroundPipelineCreator (BackgroundPipelineCreator.java:notifyEventTriggered(276)) - trigger a one-shot run on RatisPipelineUtilsThread.
2023-01-13 04:28:16,248 [RatisPipelineUtilsThread - 0] INFO  pipeline.RatisPipelineProvider (RatisPipelineProvider.java:lambda$create$0(206)) - Sending CreatePipelineCommand for pipeline:PipelineID=681e7344-ee78-42b4-aef0-98ff0d51c618 to datanode:f09534d9-27f0-4bd2-ae55-341cfd68a0eb
2023-01-13 04:28:16,249 [RatisPipelineUtilsThread - 0] INFO  pipeline.PipelineStateManagerImpl (PipelineStateManagerImpl.java:addPipeline(103)) - Created pipeline Pipeline[ Id: 681e7344-ee78-42b4-aef0-98ff0d51c618, Nodes: f09534d9-27f0-4bd2-ae55-341cfd68a0eb(fv-az178-476.4hr1jzigf4quzlbutvnlm3yq0e.cx.internal.cloudapp.net/10.1.0.110), ReplicationConfig: RATIS/ONE, State:ALLOCATED, leaderId:, CreationTimestamp2023-01-13T04:28:16.248Z[Etc/UTC]].
2023-01-13 04:28:16,253 [RatisPipelineUtilsThread - 0] INFO  pipeline.RatisPipelineProvider (RatisPipelineProvider.java:lambda$create$0(206)) - Sending CreatePipelineCommand for pipeline:PipelineID=c53c5f85-8095-462e-ad08-ae80aaee6f0e to datanode:9fcca57a-0016-4a7b-b88c-860e873da22c
2023-01-13 04:28:16,253 [RatisPipelineUtilsThread - 0] INFO  pipeline.RatisPipelineProvider (RatisPipelineProvider.java:lambda$create$0(206)) - Sending CreatePipelineCommand for pipeline:PipelineID=c53c5f85-8095-462e-ad08-ae80aaee6f0e to datanode:6aa17f19-7961-4978-9ee2-0d39d3b5a231
2023-01-13 04:28:16,253 [RatisPipelineUtilsThread - 0] INFO  pipeline.RatisPipelineProvider (RatisPipelineProvider.java:lambda$create$0(206)) - Sending CreatePipelineCommand for pipeline:PipelineID=c53c5f85-8095-462e-ad08-ae80aaee6f0e to datanode:f09534d9-27f0-4bd2-ae55-341cfd68a0eb
2023-01-13 04:28:16,254 [RatisPipelineUtilsThread - 0] INFO  pipeline.PipelineStateManagerImpl (PipelineStateManagerImpl.java:addPipeline(103)) - Created pipeline Pipeline[ Id: c53c5f85-8095-462e-ad08-ae80aaee6f0e, Nodes: 9fcca57a-0016-4a7b-b88c-860e873da22c(fv-az178-476.4hr1jzigf4quzlbutvnlm3yq0e.cx.internal.cloudapp.net/10.1.0.110)6aa17f19-7961-4978-9ee2-0d39d3b5a231(fv-az178-476.4hr1jzigf4quzlbutvnlm3yq0e.cx.internal.cloudapp.net/10.1.0.110)f09534d9-27f0-4bd2-ae55-341cfd68a0eb(fv-az178-476.4hr1jzigf4quzlbutvnlm3yq0e.cx.internal.cloudapp.net/10.1.0.110), ReplicationConfig: RATIS/THREE, State:ALLOCATED, leaderId:, CreationTimestamp2023-01-13T04:28:16.253Z[Etc/UTC]].
2023-01-13 04:28:16,255 [RatisPipelineUtilsThread - 0] INFO  pipeline.RatisPipelineProvider (RatisPipelineProvider.java:lambda$create$0(206)) - Sending CreatePipelineCommand for pipeline:PipelineID=c5d81b8f-ffbd-4b6c-b745-5c9cb3533042 to datanode:6aa17f19-7961-4978-9ee2-0d39d3b5a231
2023-01-13 04:28:16,255 [RatisPipelineUtilsThread - 0] INFO  pipeline.RatisPipelineProvider (RatisPipelineProvider.java:lambda$create$0(206)) - Sending CreatePipelineCommand for pipeline:PipelineID=c5d81b8f-ffbd-4b6c-b745-5c9cb3533042 to datanode:9fcca57a-0016-4a7b-b88c-860e873da22c
2023-01-13 04:28:16,255 [RatisPipelineUtilsThread - 0] INFO  pipeline.RatisPipelineProvider (RatisPipelineProvider.java:lambda$create$0(206)) - Sending CreatePipelineCommand for pipeline:PipelineID=c5d81b8f-ffbd-4b6c-b745-5c9cb3533042 to datanode:f09534d9-27f0-4bd2-ae55-341cfd68a0eb
2023-01-13 04:28:16,256 [RatisPipelineUtilsThread - 0] INFO  pipeline.PipelineStateManagerImpl (PipelineStateManagerImpl.java:addPipeline(103)) - Created pipeline Pipeline[ Id: c5d81b8f-ffbd-4b6c-b745-5c9cb3533042, Nodes: 6aa17f19-7961-4978-9ee2-0d39d3b5a231(fv-az178-476.4hr1jzigf4quzlbutvnlm3yq0e.cx.internal.cloudapp.net/10.1.0.110)9fcca57a-0016-4a7b-b88c-860e873da22c(fv-az178-476.4hr1jzigf4quzlbutvnlm3yq0e.cx.internal.cloudapp.net/10.1.0.110)f09534d9-27f0-4bd2-ae55-341cfd68a0eb(fv-az178-476.4hr1jzigf4quzlbutvnlm3yq0e.cx.internal.cloudapp.net/10.1.0.110), ReplicationConfig: RATIS/THREE, State:ALLOCATED, leaderId:, CreationTimestamp2023-01-13T04:28:16.255Z[Etc/UTC]].
2023-01-13 04:28:16,256 [RatisPipelineUtilsThread - 0] INFO  pipeline.PipelineManagerImpl (PipelineManagerImpl.java:recordMetricsForPipeline(826)) - Pipeline: PipelineID=c5d81b8f-ffbd-4b6c-b745-5c9cb3533042 contains same datanodes as previous pipelines: PipelineID=c53c5f85-8095-462e-ad08-ae80aaee6f0e nodeIds: 6aa17f19-7961-4978-9ee2-0d39d3b5a231, 9fcca57a-0016-4a7b-b88c-860e873da22c, f09534d9-27f0-4bd2-ae55-341cfd68a0eb
2023-01-13 04:28:16,257 [RatisPipelineUtilsThread - 0] WARN  pipeline.PipelinePlacementPolicy (PipelinePlacementPolicy.java:filterViableNodes(158)) - Pipeline creation failed due to no sufficient healthy datanodes. Required 3. Found 0.
2023-01-13 04:28:16,576 [IPC Server handler 18 on default port 39275] INFO  net.NetworkTopologyImpl (NetworkTopologyImpl.java:add(112)) - Added a new node: /default-rack/765a3633-7eac-4889-b9cb-33342b89fe8b
2023-01-13 04:28:16,577 [IPC Server handler 18 on default port 39275] INFO  node.SCMNodeManager (SCMNodeManager.java:register(397)) - Registered Data node : 765a3633-7eac-4889-b9cb-33342b89fe8b{ip: 10.1.0.110, host: fv-az178-476.4hr1jzigf4quzlbutvnlm3yq0e.cx.internal.cloudapp.net, ports: [REPLICATION=42135, RATIS=33437, RATIS_ADMIN=33437, RATIS_SERVER=33437, RATIS_DATASTREAM=45775, STANDALONE=40065], networkLocation: /default-rack, certSerialId: null, persistedOpState: null, persistedOpStateExpiryEpochSec: 0}
2023-01-13 04:28:16,578 [EventQueue-NewNodeForNewNodeHandler] INFO  pipeline.BackgroundPipelineCreator (BackgroundPipelineCreator.java:notifyEventTriggered(276)) - trigger a one-shot run on RatisPipelineUtilsThread.
2023-01-13 04:28:16,579 [RatisPipelineUtilsThread - 0] INFO  pipeline.RatisPipelineProvider (RatisPipelineProvider.java:lambda$create$0(206)) - Sending CreatePipelineCommand for pipeline:PipelineID=767f2151-e212-4d79-95c4-55916863eb15 to datanode:765a3633-7eac-4889-b9cb-33342b89fe8b
2023-01-13 04:28:16,580 [RatisPipelineUtilsThread - 0] INFO  pipeline.PipelineStateManagerImpl (PipelineStateManagerImpl.java:addPipeline(103)) - Created pipeline Pipeline[ Id: 767f2151-e212-4d79-95c4-55916863eb15, Nodes: 765a3633-7eac-4889-b9cb-33342b89fe8b(fv-az178-476.4hr1jzigf4quzlbutvnlm3yq0e.cx.internal.cloudapp.net/10.1.0.110), ReplicationConfig: RATIS/ONE, State:ALLOCATED, leaderId:, CreationTimestamp2023-01-13T04:28:16.579Z[Etc/UTC]].
2023-01-13 04:28:16,581 [RatisPipelineUtilsThread - 0] WARN  pipeline.PipelinePlacementPolicy (PipelinePlacementPolicy.java:filterViableNodes(158)) - Pipeline creation failed due to no sufficient healthy datanodes. Required 3. Found 1.
2023-01-13 04:28:16,626 [Listener at 127.0.0.1/39893] INFO  ozone.MiniOzoneClusterImpl (MiniOzoneClusterImpl.java:lambda$waitForClusterToBeReady$0(218)) - Waiting for nodes to be ready. Got 4 of 7 DN Heartbeats.
2023-01-13 04:28:16,626 [Listener at 127.0.0.1/39893] INFO  ozone.MiniOzoneClusterImpl (MiniOzoneClusterImpl.java:lambda$waitForClusterToBeReady$0(221)) - Waiting for cluster to exit safe mode
2023-01-13 04:28:16,626 [Listener at 127.0.0.1/39893] INFO  ozone.MiniOzoneClusterImpl (MiniOzoneClusterImpl.java:lambda$waitForClusterToBeReady$0(223)) - SCM became leader
2023-01-13 04:28:16,917 [IPC Server handler 0 on default port 39275] INFO  net.NetworkTopologyImpl (NetworkTopologyImpl.java:add(112)) - Added a new node: /default-rack/fceb8dc7-545e-48fb-8d31-09847688438f
2023-01-13 04:28:16,917 [IPC Server handler 0 on default port 39275] INFO  node.SCMNodeManager (SCMNodeManager.java:register(397)) - Registered Data node : fceb8dc7-545e-48fb-8d31-09847688438f{ip: 10.1.0.110, host: fv-az178-476.4hr1jzigf4quzlbutvnlm3yq0e.cx.internal.cloudapp.net, ports: [REPLICATION=37971, RATIS=41373, RATIS_ADMIN=41373, RATIS_SERVER=41373, RATIS_DATASTREAM=43423, STANDALONE=33919], networkLocation: /default-rack, certSerialId: null, persistedOpState: null, persistedOpStateExpiryEpochSec: 0}
2023-01-13 04:28:16,917 [EventQueue-NewNodeForNewNodeHandler] INFO  pipeline.BackgroundPipelineCreator (BackgroundPipelineCreator.java:notifyEventTriggered(276)) - trigger a one-shot run on RatisPipelineUtilsThread.
2023-01-13 04:28:16,919 [RatisPipelineUtilsThread - 0] INFO  pipeline.RatisPipelineProvider (RatisPipelineProvider.java:lambda$create$0(206)) - Sending CreatePipelineCommand for pipeline:PipelineID=b3175946-f169-4556-b072-affdec1af423 to datanode:fceb8dc7-545e-48fb-8d31-09847688438f
2023-01-13 04:28:16,920 [RatisPipelineUtilsThread - 0] INFO  pipeline.PipelineStateManagerImpl (PipelineStateManagerImpl.java:addPipeline(103)) - Created pipeline Pipeline[ Id: b3175946-f169-4556-b072-affdec1af423, Nodes: fceb8dc7-545e-48fb-8d31-09847688438f(fv-az178-476.4hr1jzigf4quzlbutvnlm3yq0e.cx.internal.cloudapp.net/10.1.0.110), ReplicationConfig: RATIS/ONE, State:ALLOCATED, leaderId:, CreationTimestamp2023-01-13T04:28:16.919Z[Etc/UTC]].
2023-01-13 04:28:16,921 [RatisPipelineUtilsThread - 0] WARN  pipeline.PipelinePlacementPolicy (PipelinePlacementPolicy.java:filterViableNodes(158)) - Pipeline creation failed due to no sufficient healthy datanodes. Required 3. Found 2.
2023-01-13 04:28:17,223 [IPC Server handler 1 on default port 39275] INFO  net.NetworkTopologyImpl (NetworkTopologyImpl.java:add(112)) - Added a new node: /default-rack/b8861190-fee9-46f5-9d16-9ca5f82f4eb4
2023-01-13 04:28:17,223 [IPC Server handler 1 on default port 39275] INFO  node.SCMNodeManager (SCMNodeManager.java:register(397)) - Registered Data node : b8861190-fee9-46f5-9d16-9ca5f82f4eb4{ip: 10.1.0.110, host: fv-az178-476.4hr1jzigf4quzlbutvnlm3yq0e.cx.internal.cloudapp.net, ports: [REPLICATION=39023, RATIS=37787, RATIS_ADMIN=37787, RATIS_SERVER=37787, RATIS_DATASTREAM=42169, STANDALONE=44855], networkLocation: /default-rack, certSerialId: null, persistedOpState: null, persistedOpStateExpiryEpochSec: 0}
2023-01-13 04:28:17,223 [EventQueue-NewNodeForNewNodeHandler] INFO  pipeline.BackgroundPipelineCreator (BackgroundPipelineCreator.java:notifyEventTriggered(276)) - trigger a one-shot run on RatisPipelineUtilsThread.
2023-01-13 04:28:17,224 [RatisPipelineUtilsThread - 0] INFO  pipeline.RatisPipelineProvider (RatisPipelineProvider.java:lambda$create$0(206)) - Sending CreatePipelineCommand for pipeline:PipelineID=56e44e81-9ce2-4981-aa16-f2cd7ec02501 to datanode:b8861190-fee9-46f5-9d16-9ca5f82f4eb4
2023-01-13 04:28:17,225 [RatisPipelineUtilsThread - 0] INFO  pipeline.PipelineStateManagerImpl (PipelineStateManagerImpl.java:addPipeline(103)) - Created pipeline Pipeline[ Id: 56e44e81-9ce2-4981-aa16-f2cd7ec02501, Nodes: b8861190-fee9-46f5-9d16-9ca5f82f4eb4(fv-az178-476.4hr1jzigf4quzlbutvnlm3yq0e.cx.internal.cloudapp.net/10.1.0.110), ReplicationConfig: RATIS/ONE, State:ALLOCATED, leaderId:, CreationTimestamp2023-01-13T04:28:17.224Z[Etc/UTC]].
2023-01-13 04:28:17,225 [RatisPipelineUtilsThread - 0] INFO  pipeline.RatisPipelineProvider (RatisPipelineProvider.java:lambda$create$0(206)) - Sending CreatePipelineCommand for pipeline:PipelineID=8030f97e-fd6c-41ef-86a1-a7188787c679 to datanode:fceb8dc7-545e-48fb-8d31-09847688438f
2023-01-13 04:28:17,225 [RatisPipelineUtilsThread - 0] INFO  pipeline.RatisPipelineProvider (RatisPipelineProvider.java:lambda$create$0(206)) - Sending CreatePipelineCommand for pipeline:PipelineID=8030f97e-fd6c-41ef-86a1-a7188787c679 to datanode:765a3633-7eac-4889-b9cb-33342b89fe8b
2023-01-13 04:28:17,225 [RatisPipelineUtilsThread - 0] INFO  pipeline.RatisPipelineProvider (RatisPipelineProvider.java:lambda$create$0(206)) - Sending CreatePipelineCommand for pipeline:PipelineID=8030f97e-fd6c-41ef-86a1-a7188787c679 to datanode:b8861190-fee9-46f5-9d16-9ca5f82f4eb4
2023-01-13 04:28:17,228 [RatisPipelineUtilsThread - 0] INFO  pipeline.PipelineStateManagerImpl (PipelineStateManagerImpl.java:addPipeline(103)) - Created pipeline Pipeline[ Id: 8030f97e-fd6c-41ef-86a1-a7188787c679, Nodes: fceb8dc7-545e-48fb-8d31-09847688438f(fv-az178-476.4hr1jzigf4quzlbutvnlm3yq0e.cx.internal.cloudapp.net/10.1.0.110)765a3633-7eac-4889-b9cb-33342b89fe8b(fv-az178-476.4hr1jzigf4quzlbutvnlm3yq0e.cx.internal.cloudapp.net/10.1.0.110)b8861190-fee9-46f5-9d16-9ca5f82f4eb4(fv-az178-476.4hr1jzigf4quzlbutvnlm3yq0e.cx.internal.cloudapp.net/10.1.0.110), ReplicationConfig: RATIS/THREE, State:ALLOCATED, leaderId:, CreationTimestamp2023-01-13T04:28:17.225Z[Etc/UTC]].
2023-01-13 04:28:17,228 [RatisPipelineUtilsThread - 0] INFO  pipeline.RatisPipelineProvider (RatisPipelineProvider.java:lambda$create$0(206)) - Sending CreatePipelineCommand for pipeline:PipelineID=2aed16e5-4c72-4714-bcb4-93818047d4bb to datanode:b8861190-fee9-46f5-9d16-9ca5f82f4eb4
2023-01-13 04:28:17,229 [RatisPipelineUtilsThread - 0] INFO  pipeline.RatisPipelineProvider (RatisPipelineProvider.java:lambda$create$0(206)) - Sending CreatePipelineCommand for pipeline:PipelineID=2aed16e5-4c72-4714-bcb4-93818047d4bb to datanode:fceb8dc7-545e-48fb-8d31-09847688438f
2023-01-13 04:28:17,229 [RatisPipelineUtilsThread - 0] INFO  pipeline.RatisPipelineProvider (RatisPipelineProvider.java:lambda$create$0(206)) - Sending CreatePipelineCommand for pipeline:PipelineID=2aed16e5-4c72-4714-bcb4-93818047d4bb to datanode:765a3633-7eac-4889-b9cb-33342b89fe8b
2023-01-13 04:28:17,229 [RatisPipelineUtilsThread - 0] INFO  pipeline.PipelineStateManagerImpl (PipelineStateManagerImpl.java:addPipeline(103)) - Created pipeline Pipeline[ Id: 2aed16e5-4c72-4714-bcb4-93818047d4bb, Nodes: b8861190-fee9-46f5-9d16-9ca5f82f4eb4(fv-az178-476.4hr1jzigf4quzlbutvnlm3yq0e.cx.internal.cloudapp.net/10.1.0.110)fceb8dc7-545e-48fb-8d31-09847688438f(fv-az178-476.4hr1jzigf4quzlbutvnlm3yq0e.cx.internal.cloudapp.net/10.1.0.110)765a3633-7eac-4889-b9cb-33342b89fe8b(fv-az178-476.4hr1jzigf4quzlbutvnlm3yq0e.cx.internal.cloudapp.net/10.1.0.110), ReplicationConfig: RATIS/THREE, State:ALLOCATED, leaderId:, CreationTimestamp2023-01-13T04:28:17.228Z[Etc/UTC]].
2023-01-13 04:28:17,229 [RatisPipelineUtilsThread - 0] INFO  pipeline.PipelineManagerImpl (PipelineManagerImpl.java:recordMetricsForPipeline(826)) - Pipeline: PipelineID=2aed16e5-4c72-4714-bcb4-93818047d4bb contains same datanodes as previous pipelines: PipelineID=8030f97e-fd6c-41ef-86a1-a7188787c679 nodeIds: b8861190-fee9-46f5-9d16-9ca5f82f4eb4, fceb8dc7-545e-48fb-8d31-09847688438f, 765a3633-7eac-4889-b9cb-33342b89fe8b
2023-01-13 04:28:17,231 [RatisPipelineUtilsThread - 0] WARN  pipeline.PipelinePlacementPolicy (PipelinePlacementPolicy.java:filterViableNodes(158)) - Pipeline creation failed due to no sufficient healthy datanodes. Required 3. Found 0.
2023-01-13 04:28:17,626 [Listener at 127.0.0.1/39893] INFO  ozone.MiniOzoneClusterImpl (MiniOzoneClusterImpl.java:lambda$waitForClusterToBeReady$0(218)) - Waiting for nodes to be ready. Got 6 of 7 DN Heartbeats.
2023-01-13 04:28:17,627 [Listener at 127.0.0.1/39893] INFO  ozone.MiniOzoneClusterImpl (MiniOzoneClusterImpl.java:lambda$waitForClusterToBeReady$0(221)) - Waiting for cluster to exit safe mode
2023-01-13 04:28:17,627 [Listener at 127.0.0.1/39893] INFO  ozone.MiniOzoneClusterImpl (MiniOzoneClusterImpl.java:lambda$waitForClusterToBeReady$0(223)) - SCM became leader
2023-01-13 04:28:17,630 [IPC Server handler 17 on default port 39275] INFO  net.NetworkTopologyImpl (NetworkTopologyImpl.java:add(112)) - Added a new node: /default-rack/a4701fbb-e52d-41e2-8240-7b5db05b4eba
2023-01-13 04:28:17,631 [IPC Server handler 17 on default port 39275] INFO  node.SCMNodeManager (SCMNodeManager.java:register(397)) - Registered Data node : a4701fbb-e52d-41e2-8240-7b5db05b4eba{ip: 10.1.0.110, host: fv-az178-476.4hr1jzigf4quzlbutvnlm3yq0e.cx.internal.cloudapp.net, ports: [REPLICATION=33003, RATIS=44125, RATIS_ADMIN=44125, RATIS_SERVER=44125, RATIS_DATASTREAM=34635, STANDALONE=38511], networkLocation: /default-rack, certSerialId: null, persistedOpState: null, persistedOpStateExpiryEpochSec: 0}
2023-01-13 04:28:17,631 [EventQueue-NewNodeForNewNodeHandler] INFO  pipeline.BackgroundPipelineCreator (BackgroundPipelineCreator.java:notifyEventTriggered(276)) - trigger a one-shot run on RatisPipelineUtilsThread.
2023-01-13 04:28:17,632 [RatisPipelineUtilsThread - 0] INFO  pipeline.RatisPipelineProvider (RatisPipelineProvider.java:lambda$create$0(206)) - Sending CreatePipelineCommand for pipeline:PipelineID=749d8fd8-cb13-449e-8b7a-4b74139cffae to datanode:a4701fbb-e52d-41e2-8240-7b5db05b4eba
2023-01-13 04:28:17,633 [RatisPipelineUtilsThread - 0] INFO  pipeline.PipelineStateManagerImpl (PipelineStateManagerImpl.java:addPipeline(103)) - Created pipeline Pipeline[ Id: 749d8fd8-cb13-449e-8b7a-4b74139cffae, Nodes: a4701fbb-e52d-41e2-8240-7b5db05b4eba(fv-az178-476.4hr1jzigf4quzlbutvnlm3yq0e.cx.internal.cloudapp.net/10.1.0.110), ReplicationConfig: RATIS/ONE, State:ALLOCATED, leaderId:, CreationTimestamp2023-01-13T04:28:17.632Z[Etc/UTC]].
2023-01-13 04:28:17,634 [RatisPipelineUtilsThread - 0] WARN  pipeline.PipelinePlacementPolicy (PipelinePlacementPolicy.java:filterViableNodes(158)) - Pipeline creation failed due to no sufficient healthy datanodes. Required 3. Found 1.
2023-01-13 04:28:18,367 [Command processor thread] INFO  server.RaftServer (RaftServerProxy.java:addNew(96)) - 6aa17f19-7961-4978-9ee2-0d39d3b5a231: addNew group-A23E9930462C:[6aa17f19-7961-4978-9ee2-0d39d3b5a231|rpc:10.1.0.110:40935|dataStream:10.1.0.110:43381|priority:1|startupRole:FOLLOWER] returns group-A23E9930462C:java.util.concurrent.CompletableFuture@2c946fda[Not completed]
2023-01-13 04:28:18,377 [pool-71-thread-1] INFO  server.RaftServer$Division (RaftServerImpl.java:<init>(195)) - 6aa17f19-7961-4978-9ee2-0d39d3b5a231: new RaftServerImpl for group-A23E9930462C:[6aa17f19-7961-4978-9ee2-0d39d3b5a231|rpc:10.1.0.110:40935|dataStream:10.1.0.110:43381|priority:1|startupRole:FOLLOWER] with ContainerStateMachine:uninitialized
2023-01-13 04:28:18,377 [pool-71-thread-1] INFO  server.RaftServerConfigKeys (ConfUtils.java:logGet(46)) - raft.server.rpc.timeout.min = 5s (custom)
2023-01-13 04:28:18,377 [pool-71-thread-1] INFO  server.RaftServerConfigKeys (ConfUtils.java:logGet(46)) - raft.server.rpc.timeout.max = 5200ms (custom)
2023-01-13 04:28:18,377 [pool-71-thread-1] INFO  server.RaftServerConfigKeys (ConfUtils.java:logGet(46)) - raft.server.rpc.sleep.time = 25ms (default)
2023-01-13 04:28:18,377 [pool-71-thread-1] INFO  server.RaftServerConfigKeys (ConfUtils.java:logGet(46)) - raft.server.rpc.slowness.timeout = 300s (custom)
2023-01-13 04:28:18,377 [pool-71-thread-1] INFO  server.RaftServerConfigKeys (ConfUtils.java:logGet(46)) - raft.server.leaderelection.leader.step-down.wait-time = 10s (default)
2023-01-13 04:28:18,377 [pool-71-thread-1] INFO  server.RaftServerConfigKeys (ConfUtils.java:logGet(46)) - raft.server.sleep.deviation.threshold = 300ms (default)
2023-01-13 04:28:18,377 [pool-71-thread-1] INFO  server.RaftServer$Division (ServerState.java:<init>(118)) - 6aa17f19-7961-4978-9ee2-0d39d3b5a231@group-A23E9930462C: ConfigurationManager, init=-1: peers:[6aa17f19-7961-4978-9ee2-0d39d3b5a231|rpc:10.1.0.110:40935|dataStream:10.1.0.110:43381|priority:1|startupRole:FOLLOWER]|listeners:[], old=null, confs=<EMPTY_MAP>
2023-01-13 04:28:18,377 [pool-71-thread-1] INFO  server.RaftServerConfigKeys (ConfUtils.java:logGet(46)) - raft.server.storage.dir = [/home/runner/work/ozone/ozone/hadoop-ozone/integration-test/target/test-dir/MiniOzoneClusterImpl-cf27e86b-a5d2-4d86-a5ef-f90d19c9ea90/datanode-0/data/ratis] (custom)
2023-01-13 04:28:18,377 [pool-71-thread-1] INFO  server.RaftServerConfigKeys (ConfUtils.java:logGet(46)) - raft.server.log.corruption.policy = EXCEPTION (default)
2023-01-13 04:28:18,377 [pool-71-thread-1] INFO  server.RaftServerConfigKeys (ConfUtils.java:logGet(46)) - raft.server.storage.free-space.min = 0MB (=0) (default)
2023-01-13 04:28:18,377 [pool-71-thread-1] INFO  server.RaftServerConfigKeys (ConfUtils.java:logGet(46)) - raft.server.notification.no-leader.timeout = 300s (custom)
2023-01-13 04:28:18,378 [pool-71-thread-1] INFO  server.RaftServerConfigKeys (ConfUtils.java:logGet(46)) - raft.server.retrycache.expirytime = 600000ms (custom)
2023-01-13 04:28:18,378 [pool-71-thread-1] INFO  server.RaftServerConfigKeys (ConfUtils.java:logGet(46)) - raft.server.retrycache.statistics.expirytime = 100μs (default)
2023-01-13 04:28:18,382 [pool-71-thread-1] INFO  server.RaftServerConfigKeys (ConfUtils.java:logGet(46)) - raft.server.log.appender.install.snapshot.enabled = false (custom)
2023-01-13 04:28:18,382 [pool-71-thread-1] INFO  server.RaftServerConfigKeys (ConfUtils.java:logGet(46)) - raft.server.threadpool.server.cached = true (default)
2023-01-13 04:28:18,382 [pool-71-thread-1] INFO  server.RaftServerConfigKeys (ConfUtils.java:logGet(46)) - raft.server.threadpool.server.size = 0 (default)
2023-01-13 04:28:18,382 [pool-71-thread-1] INFO  server.RaftServerConfigKeys (ConfUtils.java:logGet(46)) - raft.server.threadpool.client.cached = true (default)
2023-01-13 04:28:18,382 [pool-71-thread-1] INFO  server.RaftServerConfigKeys (ConfUtils.java:logGet(46)) - raft.server.threadpool.client.size = 0 (default)
2023-01-13 04:28:18,382 [pool-71-thread-1] INFO  storage.RaftStorageDirectory (RaftStorageDirectoryImpl.java:analyzeStorage(137)) - The storage directory /home/runner/work/ozone/ozone/hadoop-ozone/integration-test/target/test-dir/MiniOzoneClusterImpl-cf27e86b-a5d2-4d86-a5ef-f90d19c9ea90/datanode-0/data/ratis/8d355859-7ea9-445e-99bf-a23e9930462c does not exist. Creating ...
2023-01-13 04:28:18,386 [pool-71-thread-1] INFO  storage.RaftStorageDirectory (RaftStorageDirectoryImpl.java:tryLock(231)) - Lock on /home/runner/work/ozone/ozone/hadoop-ozone/integration-test/target/test-dir/MiniOzoneClusterImpl-cf27e86b-a5d2-4d86-a5ef-f90d19c9ea90/datanode-0/data/ratis/8d355859-7ea9-445e-99bf-a23e9930462c/in_use.lock acquired by nodename 70585@fv-az178-476
2023-01-13 04:28:18,388 [pool-71-thread-1] INFO  storage.RaftStorage (RaftStorageImpl.java:format(96)) - Storage directory /home/runner/work/ozone/ozone/hadoop-ozone/integration-test/target/test-dir/MiniOzoneClusterImpl-cf27e86b-a5d2-4d86-a5ef-f90d19c9ea90/datanode-0/data/ratis/8d355859-7ea9-445e-99bf-a23e9930462c has been successfully formatted.
2023-01-13 04:28:18,393 [pool-71-thread-1] INFO  ratis.ContainerStateMachine (ContainerStateMachine.java:loadSnapshot(240)) - group-A23E9930462C: The snapshot info is null. Setting the last applied indexto:(t:0, i:~)
2023-01-13 04:28:18,394 [pool-71-thread-1] INFO  server.RaftServerConfigKeys (ConfUtils.java:logGet(46)) - raft.server.log.use.memory = false (default)
2023-01-13 04:28:18,394 [pool-71-thread-1] INFO  server.RaftServerConfigKeys (ConfUtils.java:logGet(46)) - raft.server.log.purge.gap = 1000000 (custom)
2023-01-13 04:28:18,394 [pool-71-thread-1] INFO  server.RaftServerConfigKeys (ConfUtils.java:logGet(46)) - raft.server.log.appender.buffer.byte-limit = 33554432 (custom)
2023-01-13 04:28:18,394 [pool-71-thread-1] INFO  server.RaftServerConfigKeys (ConfUtils.java:logGet(46)) - raft.server.log.statemachine.data.read.timeout = 1000ms (default)
2023-01-13 04:28:18,394 [pool-71-thread-1] INFO  server.RaftServerConfigKeys (ConfUtils.java:logGet(46)) - raft.server.log.purge.preservation.log.num = 0 (default)
2023-01-13 04:28:18,394 [pool-71-thread-1] INFO  server.RaftServerConfigKeys (ConfUtils.java:logGet(46)) - raft.server.log.segment.size.max = 1048576 (custom)
2023-01-13 04:28:18,395 [pool-71-thread-1] INFO  server.RaftServerConfigKeys (ConfUtils.java:logGet(46)) - raft.server.log.segment.cache.num.max = 2 (custom)
2023-01-13 04:28:18,395 [pool-71-thread-1] INFO  server.RaftServerConfigKeys (ConfUtils.java:logGet(46)) - raft.server.log.segment.cache.size.max = 200MB (=209715200) (default)
2023-01-13 04:28:18,395 [pool-71-thread-1] INFO  segmented.SegmentedRaftLogWorker (SegmentedRaftLogWorker.java:<init>(189)) - new 6aa17f19-7961-4978-9ee2-0d39d3b5a231@group-A23E9930462C-SegmentedRaftLogWorker for RaftStorageImpl:Storage Directory /home/runner/work/ozone/ozone/hadoop-ozone/integration-test/target/test-dir/MiniOzoneClusterImpl-cf27e86b-a5d2-4d86-a5ef-f90d19c9ea90/datanode-0/data/ratis/8d355859-7ea9-445e-99bf-a23e9930462c
2023-01-13 04:28:18,395 [pool-71-thread-1] INFO  server.RaftServerConfigKeys (ConfUtils.java:logGet(46)) - raft.server.log.queue.byte-limit = 4294967296 (custom)
2023-01-13 04:28:18,395 [pool-71-thread-1] INFO  server.RaftServerConfigKeys (ConfUtils.java:logGet(46)) - raft.server.log.queue.element-limit = 1024 (custom)
2023-01-13 04:28:18,395 [pool-71-thread-1] INFO  server.RaftServerConfigKeys (ConfUtils.java:logGet(46)) - raft.server.log.segment.size.max = 1048576 (custom)
2023-01-13 04:28:18,395 [pool-71-thread-1] INFO  server.RaftServerConfigKeys (ConfUtils.java:logGet(46)) - raft.server.log.preallocated.size = 16384 (custom)
2023-01-13 04:28:18,395 [pool-71-thread-1] INFO  server.RaftServerConfigKeys (ConfUtils.java:logGet(46)) - raft.server.log.force.sync.num = 128 (default)
2023-01-13 04:28:18,396 [pool-71-thread-1] INFO  server.RaftServerConfigKeys (ConfUtils.java:logGet(46)) - raft.server.log.statemachine.data.sync = true (default)
2023-01-13 04:28:18,397 [pool-71-thread-1] INFO  server.RaftServerConfigKeys (ConfUtils.java:logGet(46)) - raft.server.log.statemachine.data.sync.timeout = 10s (default)
2023-01-13 04:28:18,397 [pool-71-thread-1] INFO  server.RaftServerConfigKeys (ConfUtils.java:logGet(46)) - raft.server.log.statemachine.data.sync.timeout.retry = -1 (default)
2023-01-13 04:28:18,400 [pool-71-thread-1] INFO  server.RaftServerConfigKeys (ConfUtils.java:logGet(46)) - raft.server.log.write.buffer.size = 1048576 (custom)
2023-01-13 04:28:18,400 [pool-71-thread-1] INFO  server.RaftServerConfigKeys (ConfUtils.java:logGet(46)) - raft.server.log.appender.buffer.byte-limit = 33554432 (custom)
2023-01-13 04:28:18,415 [EventQueue-PipelineReportForPipelineReportHandler] INFO  pipeline.PipelineManagerImpl (PipelineManagerImpl.java:openPipeline(367)) - Pipeline Pipeline[ Id: 8d355859-7ea9-445e-99bf-a23e9930462c, Nodes: 6aa17f19-7961-4978-9ee2-0d39d3b5a231(fv-az178-476.4hr1jzigf4quzlbutvnlm3yq0e.cx.internal.cloudapp.net/10.1.0.110), ReplicationConfig: RATIS/ONE, State:ALLOCATED, leaderId:6aa17f19-7961-4978-9ee2-0d39d3b5a231, CreationTimestamp2023-01-13T04:28:15.379Z[Etc/UTC]] moved to OPEN state
2023-01-13 04:28:18,419 [EventQueue-OpenPipelineForHealthyPipelineSafeModeRule] INFO  safemode.SCMSafeModeManager (HealthyPipelineSafeModeRule.java:process(137)) - SCM in safe mode. Healthy pipelines reported count is 0, required healthy pipeline reported count is 1
2023-01-13 04:28:18,420 [pool-71-thread-1] INFO  server.RaftServerConfigKeys (ConfUtils.java:logGet(46)) - raft.server.log.unsafe-flush.enabled = false (default)
2023-01-13 04:28:18,420 [pool-71-thread-1] INFO  server.RaftServerConfigKeys (ConfUtils.java:logGet(46)) - raft.server.log.async-flush.enabled = false (default)
2023-01-13 04:28:18,420 [pool-71-thread-1] INFO  server.RaftServerConfigKeys (ConfUtils.java:logGet(46)) - raft.server.log.statemachine.data.caching.enabled = true (custom)
2023-01-13 04:28:18,420 [pool-71-thread-1] INFO  segmented.SegmentedRaftLogWorker (SegmentedRaftLogWorker.java:lambda$new$0(135)) - 6aa17f19-7961-4978-9ee2-0d39d3b5a231@group-A23E9930462C-SegmentedRaftLogWorker: flushIndex: setUnconditionally 0 -> -1
2023-01-13 04:28:18,421 [pool-71-thread-1] INFO  segmented.SegmentedRaftLogWorker (SegmentedRaftLogWorker.java:lambda$new$0(135)) - 6aa17f19-7961-4978-9ee2-0d39d3b5a231@group-A23E9930462C-SegmentedRaftLogWorker: safeCacheEvictIndex: setUnconditionally 0 -> -1
2023-01-13 04:28:18,421 [pool-71-thread-1] INFO  server.RaftServer$Division (RaftServerImpl.java:start(334)) - 6aa17f19-7961-4978-9ee2-0d39d3b5a231@group-A23E9930462C: start as a follower, conf=-1: peers:[6aa17f19-7961-4978-9ee2-0d39d3b5a231|rpc:10.1.0.110:40935|dataStream:10.1.0.110:43381|priority:1|startupRole:FOLLOWER]|listeners:[], old=null
2023-01-13 04:28:18,421 [pool-71-thread-1] INFO  server.RaftServer$Division (RaftServerImpl.java:setRole(321)) - 6aa17f19-7961-4978-9ee2-0d39d3b5a231@group-A23E9930462C: changes role from      null to FOLLOWER at term 0 for startAsFollower
2023-01-13 04:28:18,421 [pool-71-thread-1] INFO  impl.RoleInfo (RoleInfo.java:updateAndGet(139)) - 6aa17f19-7961-4978-9ee2-0d39d3b5a231: start 6aa17f19-7961-4978-9ee2-0d39d3b5a231@group-A23E9930462C-FollowerState
2023-01-13 04:28:18,422 [pool-71-thread-1] INFO  util.JmxRegister (JmxRegister.java:tryRegister(44)) - Successfully registered JMX Bean with object name Ratis:service=RaftServer,group=group-A23E9930462C,id=6aa17f19-7961-4978-9ee2-0d39d3b5a231
2023-01-13 04:28:18,422 [pool-71-thread-1] INFO  server.RaftServerConfigKeys (ConfUtils.java:logGet(46)) - raft.server.snapshot.auto.trigger.enabled = true (custom)
2023-01-13 04:28:18,422 [pool-71-thread-1] INFO  server.RaftServerConfigKeys (ConfUtils.java:logGet(46)) - raft.server.snapshot.auto.trigger.threshold = 10000 (custom)
2023-01-13 04:28:18,422 [pool-71-thread-1] INFO  server.RaftServerConfigKeys (ConfUtils.java:logGet(46)) - raft.server.snapshot.retention.file.num = 5 (custom)
2023-01-13 04:28:18,422 [pool-71-thread-1] INFO  server.RaftServerConfigKeys (ConfUtils.java:logGet(46)) - raft.server.log.purge.upto.snapshot.index = false (default)
2023-01-13 04:28:18,425 [6aa17f19-7961-4978-9ee2-0d39d3b5a231@group-A23E9930462C-FollowerState] INFO  server.RaftServerConfigKeys (ConfUtils.java:logFallback(53)) - raft.server.rpc.first-election.timeout.min = 5s (fallback to raft.server.rpc.timeout.min)
2023-01-13 04:28:18,425 [6aa17f19-7961-4978-9ee2-0d39d3b5a231@group-A23E9930462C-FollowerState] INFO  server.RaftServerConfigKeys (ConfUtils.java:logFallback(53)) - raft.server.rpc.first-election.timeout.max = 5200ms (fallback to raft.server.rpc.timeout.max)
2023-01-13 04:28:18,434 [Command processor thread] INFO  ratis.XceiverServerRatis (XceiverServerRatis.java:addGroup(806)) - Created group PipelineID=8d355859-7ea9-445e-99bf-a23e9930462c
2023-01-13 04:28:18,434 [Command processor thread] INFO  commandhandler.CreatePipelineCommandHandler (CreatePipelineCommandHandler.java:handle(113)) - Created Pipeline RATIS ONE PipelineID=8d355859-7ea9-445e-99bf-a23e9930462c.
2023-01-13 04:28:18,435 [Command processor thread] INFO  server.RaftServer (RaftServerProxy.java:addNew(96)) - 6aa17f19-7961-4978-9ee2-0d39d3b5a231: addNew group-AE80AAEE6F0E:[9fcca57a-0016-4a7b-b88c-860e873da22c|rpc:10.1.0.110:34233|dataStream:10.1.0.110:38333|priority:0|startupRole:FOLLOWER, 6aa17f19-7961-4978-9ee2-0d39d3b5a231|rpc:10.1.0.110:40935|dataStream:10.1.0.110:43381|priority:0|startupRole:FOLLOWER, f09534d9-27f0-4bd2-ae55-341cfd68a0eb|rpc:10.1.0.110:41553|dataStream:10.1.0.110:46259|priority:1|startupRole:FOLLOWER] returns group-AE80AAEE6F0E:java.util.concurrent.CompletableFuture@1f6b0c4f[Not completed]
2023-01-13 04:28:18,436 [pool-71-thread-1] INFO  server.RaftServer$Division (RaftServerImpl.java:<init>(195)) - 6aa17f19-7961-4978-9ee2-0d39d3b5a231: new RaftServerImpl for group-AE80AAEE6F0E:[9fcca57a-0016-4a7b-b88c-860e873da22c|rpc:10.1.0.110:34233|dataStream:10.1.0.110:38333|priority:0|startupRole:FOLLOWER, 6aa17f19-7961-4978-9ee2-0d39d3b5a231|rpc:10.1.0.110:40935|dataStream:10.1.0.110:43381|priority:0|startupRole:FOLLOWER, f09534d9-27f0-4bd2-ae55-341cfd68a0eb|rpc:10.1.0.110:41553|dataStream:10.1.0.110:46259|priority:1|startupRole:FOLLOWER] with ContainerStateMachine:uninitialized
2023-01-13 04:28:18,436 [pool-71-thread-1] INFO  server.RaftServerConfigKeys (ConfUtils.java:logGet(46)) - raft.server.rpc.timeout.min = 5s (custom)
2023-01-13 04:28:18,436 [pool-71-thread-1] INFO  server.RaftServerConfigKeys (ConfUtils.java:logGet(46)) - raft.server.rpc.timeout.max = 5200ms (custom)
2023-01-13 04:28:18,436 [pool-71-thread-1] INFO  server.RaftServerConfigKeys (ConfUtils.java:logGet(46)) - raft.server.rpc.sleep.time = 25ms (default)
2023-01-13 04:28:18,436 [pool-71-thread-1] INFO  server.RaftServerConfigKeys (ConfUtils.java:logGet(46)) - raft.server.rpc.slowness.timeout = 300s (custom)
2023-01-13 04:28:18,436 [pool-71-thread-1] INFO  server.RaftServerConfigKeys (ConfUtils.java:logGet(46)) - raft.server.leaderelection.leader.step-down.wait-time = 10s (default)
2023-01-13 04:28:18,436 [pool-71-thread-1] INFO  server.RaftServerConfigKeys (ConfUtils.java:logGet(46)) - raft.server.sleep.deviation.threshold = 300ms (default)
2023-01-13 04:28:18,436 [pool-71-thread-1] INFO  server.RaftServer$Division (ServerState.java:<init>(118)) - 6aa17f19-7961-4978-9ee2-0d39d3b5a231@group-AE80AAEE6F0E: ConfigurationManager, init=-1: peers:[9fcca57a-0016-4a7b-b88c-860e873da22c|rpc:10.1.0.110:34233|dataStream:10.1.0.110:38333|priority:0|startupRole:FOLLOWER, 6aa17f19-7961-4978-9ee2-0d39d3b5a231|rpc:10.1.0.110:40935|dataStream:10.1.0.110:43381|priority:0|startupRole:FOLLOWER, f09534d9-27f0-4bd2-ae55-341cfd68a0eb|rpc:10.1.0.110:41553|dataStream:10.1.0.110:46259|priority:1|startupRole:FOLLOWER]|listeners:[], old=null, confs=<EMPTY_MAP>
2023-01-13 04:28:18,436 [pool-71-thread-1] INFO  server.RaftServerConfigKeys (ConfUtils.java:logGet(46)) - raft.server.storage.dir = [/home/runner/work/ozone/ozone/hadoop-ozone/integration-test/target/test-dir/MiniOzoneClusterImpl-cf27e86b-a5d2-4d86-a5ef-f90d19c9ea90/datanode-0/data/ratis] (custom)
2023-01-13 04:28:18,437 [pool-71-thread-1] INFO  server.RaftServerConfigKeys (ConfUtils.java:logGet(46)) - raft.server.log.corruption.policy = EXCEPTION (default)
2023-01-13 04:28:18,437 [pool-71-thread-1] INFO  server.RaftServerConfigKeys (ConfUtils.java:logGet(46)) - raft.server.storage.free-space.min = 0MB (=0) (default)
2023-01-13 04:28:18,437 [pool-71-thread-1] INFO  server.RaftServerConfigKeys (ConfUtils.java:logGet(46)) - raft.server.notification.no-leader.timeout = 300s (custom)
2023-01-13 04:28:18,437 [pool-71-thread-1] INFO  server.RaftServerConfigKeys (ConfUtils.java:logGet(46)) - raft.server.retrycache.expirytime = 600000ms (custom)
2023-01-13 04:28:18,437 [pool-71-thread-1] INFO  server.RaftServerConfigKeys (ConfUtils.java:logGet(46)) - raft.server.retrycache.statistics.expirytime = 100μs (default)
2023-01-13 04:28:18,442 [pool-71-thread-1] INFO  server.RaftServerConfigKeys (ConfUtils.java:logGet(46)) - raft.server.log.appender.install.snapshot.enabled = false (custom)
2023-01-13 04:28:18,442 [pool-71-thread-1] INFO  server.RaftServerConfigKeys (ConfUtils.java:logGet(46)) - raft.server.threadpool.server.cached = true (default)
2023-01-13 04:28:18,442 [pool-71-thread-1] INFO  server.RaftServerConfigKeys (ConfUtils.java:logGet(46)) - raft.server.threadpool.server.size = 0 (default)
2023-01-13 04:28:18,442 [pool-71-thread-1] INFO  server.RaftServerConfigKeys (ConfUtils.java:logGet(46)) - raft.server.threadpool.client.cached = true (default)
2023-01-13 04:28:18,442 [pool-71-thread-1] INFO  server.RaftServerConfigKeys (ConfUtils.java:logGet(46)) - raft.server.threadpool.client.size = 0 (default)
2023-01-13 04:28:18,443 [pool-71-thread-1] INFO  storage.RaftStorageDirectory (RaftStorageDirectoryImpl.java:analyzeStorage(137)) - The storage directory /home/runner/work/ozone/ozone/hadoop-ozone/integration-test/target/test-dir/MiniOzoneClusterImpl-cf27e86b-a5d2-4d86-a5ef-f90d19c9ea90/datanode-0/data/ratis/c53c5f85-8095-462e-ad08-ae80aaee6f0e does not exist. Creating ...
2023-01-13 04:28:18,445 [pool-71-thread-1] INFO  storage.RaftStorageDirectory (RaftStorageDirectoryImpl.java:tryLock(231)) - Lock on /home/runner/work/ozone/ozone/hadoop-ozone/integration-test/target/test-dir/MiniOzoneClusterImpl-cf27e86b-a5d2-4d86-a5ef-f90d19c9ea90/datanode-0/data/ratis/c53c5f85-8095-462e-ad08-ae80aaee6f0e/in_use.lock acquired by nodename 70585@fv-az178-476
2023-01-13 04:28:18,446 [pool-71-thread-1] INFO  storage.RaftStorage (RaftStorageImpl.java:format(96)) - Storage directory /home/runner/work/ozone/ozone/hadoop-ozone/integration-test/target/test-dir/MiniOzoneClusterImpl-cf27e86b-a5d2-4d86-a5ef-f90d19c9ea90/datanode-0/data/ratis/c53c5f85-8095-462e-ad08-ae80aaee6f0e has been successfully formatted.
2023-01-13 04:28:18,446 [pool-71-thread-1] INFO  ratis.ContainerStateMachine (ContainerStateMachine.java:loadSnapshot(240)) - group-AE80AAEE6F0E: The snapshot info is null. Setting the last applied indexto:(t:0, i:~)
2023-01-13 04:28:18,447 [pool-71-thread-1] INFO  server.RaftServerConfigKeys (ConfUtils.java:logGet(46)) - raft.server.log.use.memory = false (default)
2023-01-13 04:28:18,448 [pool-71-thread-1] INFO  server.RaftServerConfigKeys (ConfUtils.java:logGet(46)) - raft.server.log.purge.gap = 1000000 (custom)
2023-01-13 04:28:18,448 [pool-71-thread-1] INFO  server.RaftServerConfigKeys (ConfUtils.java:logGet(46)) - raft.server.log.appender.buffer.byte-limit = 33554432 (custom)
2023-01-13 04:28:18,448 [pool-71-thread-1] INFO  server.RaftServerConfigKeys (ConfUtils.java:logGet(46)) - raft.server.log.statemachine.data.read.timeout = 1000ms (default)
2023-01-13 04:28:18,448 [pool-71-thread-1] INFO  server.RaftServerConfigKeys (ConfUtils.java:logGet(46)) - raft.server.log.purge.preservation.log.num = 0 (default)
2023-01-13 04:28:18,448 [pool-71-thread-1] INFO  server.RaftServerConfigKeys (ConfUtils.java:logGet(46)) - raft.server.log.segment.size.max = 1048576 (custom)
2023-01-13 04:28:18,449 [EventQueue-OpenPipelineForHealthyPipelineSafeModeRule] INFO  safemode.SCMSafeModeManager (HealthyPipelineSafeModeRule.java:process(137)) - SCM in safe mode. Healthy pipelines reported count is 0, required healthy pipeline reported count is 1
2023-01-13 04:28:18,451 [pool-71-thread-1] INFO  server.RaftServerConfigKeys (ConfUtils.java:logGet(46)) - raft.server.log.segment.cache.num.max = 2 (custom)
2023-01-13 04:28:18,451 [pool-71-thread-1] INFO  server.RaftServerConfigKeys (ConfUtils.java:logGet(46)) - raft.server.log.segment.cache.size.max = 200MB (=209715200) (default)
2023-01-13 04:28:18,451 [pool-71-thread-1] INFO  segmented.SegmentedRaftLogWorker (SegmentedRaftLogWorker.java:<init>(189)) - new 6aa17f19-7961-4978-9ee2-0d39d3b5a231@group-AE80AAEE6F0E-SegmentedRaftLogWorker for RaftStorageImpl:Storage Directory /home/runner/work/ozone/ozone/hadoop-ozone/integration-test/target/test-dir/MiniOzoneClusterImpl-cf27e86b-a5d2-4d86-a5ef-f90d19c9ea90/datanode-0/data/ratis/c53c5f85-8095-462e-ad08-ae80aaee6f0e
2023-01-13 04:28:18,451 [pool-71-thread-1] INFO  server.RaftServerConfigKeys (ConfUtils.java:logGet(46)) - raft.server.log.queue.byte-limit = 4294967296 (custom)
2023-01-13 04:28:18,451 [pool-71-thread-1] INFO  server.RaftServerConfigKeys (ConfUtils.java:logGet(46)) - raft.server.log.queue.element-limit = 1024 (custom)
2023-01-13 04:28:18,451 [pool-71-thread-1] INFO  server.RaftServerConfigKeys (ConfUtils.java:logGet(46)) - raft.server.log.segment.size.max = 1048576 (custom)
2023-01-13 04:28:18,451 [pool-71-thread-1] INFO  server.RaftServerConfigKeys (ConfUtils.java:logGet(46)) - raft.server.log.preallocated.size = 16384 (custom)
2023-01-13 04:28:18,451 [pool-71-thread-1] INFO  server.RaftServerConfigKeys (ConfUtils.java:logGet(46)) - raft.server.log.force.sync.num = 128 (default)
2023-01-13 04:28:18,451 [pool-71-thread-1] INFO  server.RaftServerConfigKeys (ConfUtils.java:logGet(46)) - raft.server.log.statemachine.data.sync = true (default)
2023-01-13 04:28:18,451 [pool-71-thread-1] INFO  server.RaftServerConfigKeys (ConfUtils.java:logGet(46)) - raft.server.log.statemachine.data.sync.timeout = 10s (default)
2023-01-13 04:28:18,451 [pool-71-thread-1] INFO  server.RaftServerConfigKeys (ConfUtils.java:logGet(46)) - raft.server.log.statemachine.data.sync.timeout.retry = -1 (default)
2023-01-13 04:28:18,454 [pool-71-thread-1] INFO  server.RaftServerConfigKeys (ConfUtils.java:logGet(46)) - raft.server.log.write.buffer.size = 1048576 (custom)
2023-01-13 04:28:18,454 [pool-71-thread-1] INFO  server.RaftServerConfigKeys (ConfUtils.java:logGet(46)) - raft.server.log.appender.buffer.byte-limit = 33554432 (custom)
2023-01-13 04:28:18,466 [pool-71-thread-1] INFO  server.RaftServerConfigKeys (ConfUtils.java:logGet(46)) - raft.server.log.unsafe-flush.enabled = false (default)
2023-01-13 04:28:18,466 [pool-71-thread-1] INFO  server.RaftServerConfigKeys (ConfUtils.java:logGet(46)) - raft.server.log.async-flush.enabled = false (default)
2023-01-13 04:28:18,466 [pool-71-thread-1] INFO  server.RaftServerConfigKeys (ConfUtils.java:logGet(46)) - raft.server.log.statemachine.data.caching.enabled = true (custom)
2023-01-13 04:28:18,467 [pool-71-thread-1] INFO  segmented.SegmentedRaftLogWorker (SegmentedRaftLogWorker.java:lambda$new$0(135)) - 6aa17f19-7961-4978-9ee2-0d39d3b5a231@group-AE80AAEE6F0E-SegmentedRaftLogWorker: flushIndex: setUnconditionally 0 -> -1
2023-01-13 04:28:18,467 [pool-71-thread-1] INFO  segmented.SegmentedRaftLogWorker (SegmentedRaftLogWorker.java:lambda$new$0(135)) - 6aa17f19-7961-4978-9ee2-0d39d3b5a231@group-AE80AAEE6F0E-SegmentedRaftLogWorker: safeCacheEvictIndex: setUnconditionally 0 -> -1
2023-01-13 04:28:18,467 [pool-71-thread-1] INFO  server.RaftServer$Division (RaftServerImpl.java:start(334)) - 6aa17f19-7961-4978-9ee2-0d39d3b5a231@group-AE80AAEE6F0E: start as a follower, conf=-1: peers:[9fcca57a-0016-4a7b-b88c-860e873da22c|rpc:10.1.0.110:34233|dataStream:10.1.0.110:38333|priority:0|startupRole:FOLLOWER, 6aa17f19-7961-4978-9ee2-0d39d3b5a231|rpc:10.1.0.110:40935|dataStream:10.1.0.110:43381|priority:0|startupRole:FOLLOWER, f09534d9-27f0-4bd2-ae55-341cfd68a0eb|rpc:10.1.0.110:41553|dataStream:10.1.0.110:46259|priority:1|startupRole:FOLLOWER]|listeners:[], old=null
2023-01-13 04:28:18,467 [pool-71-thread-1] INFO  server.RaftServer$Division (RaftServerImpl.java:setRole(321)) - 6aa17f19-7961-4978-9ee2-0d39d3b5a231@group-AE80AAEE6F0E: changes role from      null to FOLLOWER at term 0 for startAsFollower
2023-01-13 04:28:18,467 [pool-71-thread-1] INFO  impl.RoleInfo (RoleInfo.java:updateAndGet(139)) - 6aa17f19-7961-4978-9ee2-0d39d3b5a231: start 6aa17f19-7961-4978-9ee2-0d39d3b5a231@group-AE80AAEE6F0E-FollowerState
2023-01-13 04:28:18,467 [pool-71-thread-1] INFO  util.JmxRegister (JmxRegister.java:tryRegister(44)) - Successfully registered JMX Bean with object name Ratis:service=RaftServer,group=group-AE80AAEE6F0E,id=6aa17f19-7961-4978-9ee2-0d39d3b5a231
2023-01-13 04:28:18,467 [pool-71-thread-1] INFO  server.RaftServerConfigKeys (ConfUtils.java:logGet(46)) - raft.server.snapshot.auto.trigger.enabled = true (custom)
2023-01-13 04:28:18,468 [pool-71-thread-1] INFO  server.RaftServerConfigKeys (ConfUtils.java:logGet(46)) - raft.server.snapshot.auto.trigger.threshold = 10000 (custom)
2023-01-13 04:28:18,468 [pool-71-thread-1] INFO  server.RaftServerConfigKeys (ConfUtils.java:logGet(46)) - raft.server.snapshot.retention.file.num = 5 (custom)
2023-01-13 04:28:18,468 [pool-71-thread-1] INFO  server.RaftServerConfigKeys (ConfUtils.java:logGet(46)) - raft.server.log.purge.upto.snapshot.index = false (default)
2023-01-13 04:28:18,469 [6aa17f19-7961-4978-9ee2-0d39d3b5a231@group-AE80AAEE6F0E-FollowerState] INFO  server.RaftServerConfigKeys (ConfUtils.java:logFallback(53)) - raft.server.rpc.first-election.timeout.min = 5s (fallback to raft.server.rpc.timeout.min)
2023-01-13 04:28:18,478 [Command processor thread] INFO  ratis.XceiverServerRatis (XceiverServerRatis.java:addGroup(806)) - Created group PipelineID=c53c5f85-8095-462e-ad08-ae80aaee6f0e
2023-01-13 04:28:18,478 [6aa17f19-7961-4978-9ee2-0d39d3b5a231@group-AE80AAEE6F0E-FollowerState] INFO  server.RaftServerConfigKeys (ConfUtils.java:logFallback(53)) - raft.server.rpc.first-election.timeout.max = 5200ms (fallback to raft.server.rpc.timeout.max)
2023-01-13 04:28:18,720 [Listener at 127.0.0.1/39893] INFO  ozone.MiniOzoneClusterImpl (MiniOzoneClusterImpl.java:lambda$waitForClusterToBeReady$0(218)) - Nodes are ready. Got 7 of 7 DN Heartbeats.
2023-01-13 04:28:18,720 [Listener at 127.0.0.1/39893] INFO  ozone.MiniOzoneClusterImpl (MiniOzoneClusterImpl.java:lambda$waitForClusterToBeReady$0(221)) - Waiting for cluster to exit safe mode
2023-01-13 04:28:18,720 [Listener at 127.0.0.1/39893] INFO  ozone.MiniOzoneClusterImpl (MiniOzoneClusterImpl.java:lambda$waitForClusterToBeReady$0(223)) - SCM became leader
2023-01-13 04:28:18,869 [Command processor thread] INFO  server.RaftServer (RaftServerProxy.java:addNew(96)) - 9fcca57a-0016-4a7b-b88c-860e873da22c: addNew group-AE2169B3ACDE:[9fcca57a-0016-4a7b-b88c-860e873da22c|rpc:10.1.0.110:34233|dataStream:10.1.0.110:38333|priority:1|startupRole:FOLLOWER] returns group-AE2169B3ACDE:java.util.concurrent.CompletableFuture@30597fc2[Not completed]
2023-01-13 04:28:18,888 [pool-94-thread-1] INFO  server.RaftServer$Division (RaftServerImpl.java:<init>(195)) - 9fcca57a-0016-4a7b-b88c-860e873da22c: new RaftServerImpl for group-AE2169B3ACDE:[9fcca57a-0016-4a7b-b88c-860e873da22c|rpc:10.1.0.110:34233|dataStream:10.1.0.110:38333|priority:1|startupRole:FOLLOWER] with ContainerStateMachine:uninitialized
2023-01-13 04:28:18,888 [pool-94-thread-1] INFO  server.RaftServerConfigKeys (ConfUtils.java:logGet(46)) - raft.server.rpc.timeout.min = 5s (custom)
2023-01-13 04:28:18,888 [pool-94-thread-1] INFO  server.RaftServerConfigKeys (ConfUtils.java:logGet(46)) - raft.server.rpc.timeout.max = 5200ms (custom)
2023-01-13 04:28:18,888 [pool-94-thread-1] INFO  server.RaftServerConfigKeys (ConfUtils.java:logGet(46)) - raft.server.rpc.sleep.time = 25ms (default)
2023-01-13 04:28:18,888 [pool-94-thread-1] INFO  server.RaftServerConfigKeys (ConfUtils.java:logGet(46)) - raft.server.rpc.slowness.timeout = 300s (custom)
2023-01-13 04:28:18,889 [pool-94-thread-1] INFO  server.RaftServerConfigKeys (ConfUtils.java:logGet(46)) - raft.server.leaderelection.leader.step-down.wait-time = 10s (default)
2023-01-13 04:28:18,889 [pool-94-thread-1] INFO  server.RaftServerConfigKeys (ConfUtils.java:logGet(46)) - raft.server.sleep.deviation.threshold = 300ms (default)
2023-01-13 04:28:18,889 [pool-94-thread-1] INFO  server.RaftServer$Division (ServerState.java:<init>(118)) - 9fcca57a-0016-4a7b-b88c-860e873da22c@group-AE2169B3ACDE: ConfigurationManager, init=-1: peers:[9fcca57a-0016-4a7b-b88c-860e873da22c|rpc:10.1.0.110:34233|dataStream:10.1.0.110:38333|priority:1|startupRole:FOLLOWER]|listeners:[], old=null, confs=<EMPTY_MAP>
2023-01-13 04:28:18,889 [pool-94-thread-1] INFO  server.RaftServerConfigKeys (ConfUtils.java:logGet(46)) - raft.server.storage.dir = [/home/runner/work/ozone/ozone/hadoop-ozone/integration-test/target/test-dir/MiniOzoneClusterImpl-cf27e86b-a5d2-4d86-a5ef-f90d19c9ea90/datanode-1/data/ratis] (custom)
2023-01-13 04:28:18,890 [pool-94-thread-1] INFO  server.RaftServerConfigKeys (ConfUtils.java:logGet(46)) - raft.server.log.corruption.policy = EXCEPTION (default)
2023-01-13 04:28:18,890 [pool-94-thread-1] INFO  server.RaftServerConfigKeys (ConfUtils.java:logGet(46)) - raft.server.storage.free-space.min = 0MB (=0) (default)
2023-01-13 04:28:18,890 [pool-94-thread-1] INFO  server.RaftServerConfigKeys (ConfUtils.java:logGet(46)) - raft.server.notification.no-leader.timeout = 300s (custom)
2023-01-13 04:28:18,890 [pool-94-thread-1] INFO  server.RaftServerConfigKeys (ConfUtils.java:logGet(46)) - raft.server.retrycache.expirytime = 600000ms (custom)
2023-01-13 04:28:18,890 [pool-94-thread-1] INFO  server.RaftServerConfigKeys (ConfUtils.java:logGet(46)) - raft.server.retrycache.statistics.expirytime = 100μs (default)
2023-01-13 04:28:18,906 [pool-94-thread-1] INFO  server.RaftServerConfigKeys (ConfUtils.java:logGet(46)) - raft.server.log.appender.install.snapshot.enabled = false (custom)
2023-01-13 04:28:18,906 [pool-94-thread-1] INFO  server.RaftServerConfigKeys (ConfUtils.java:logGet(46)) - raft.server.threadpool.server.cached = true (default)
2023-01-13 04:28:18,906 [pool-94-thread-1] INFO  server.RaftServerConfigKeys (ConfUtils.java:logGet(46)) - raft.server.threadpool.server.size = 0 (default)
2023-01-13 04:28:18,907 [pool-94-thread-1] INFO  server.RaftServerConfigKeys (ConfUtils.java:logGet(46)) - raft.server.threadpool.client.cached = true (default)
2023-01-13 04:28:18,907 [pool-94-thread-1] INFO  server.RaftServerConfigKeys (ConfUtils.java:logGet(46)) - raft.server.threadpool.client.size = 0 (default)
2023-01-13 04:28:18,907 [pool-94-thread-1] INFO  storage.RaftStorageDirectory (RaftStorageDirectoryImpl.java:analyzeStorage(137)) - The storage directory /home/runner/work/ozone/ozone/hadoop-ozone/integration-test/target/test-dir/MiniOzoneClusterImpl-cf27e86b-a5d2-4d86-a5ef-f90d19c9ea90/datanode-1/data/ratis/63d66473-0a08-4a9c-9b7b-ae2169b3acde does not exist. Creating ...
2023-01-13 04:28:18,908 [pool-94-thread-1] INFO  storage.RaftStorageDirectory (RaftStorageDirectoryImpl.java:tryLock(231)) - Lock on /home/runner/work/ozone/ozone/hadoop-ozone/integration-test/target/test-dir/MiniOzoneClusterImpl-cf27e86b-a5d2-4d86-a5ef-f90d19c9ea90/datanode-1/data/ratis/63d66473-0a08-4a9c-9b7b-ae2169b3acde/in_use.lock acquired by nodename 70585@fv-az178-476
2023-01-13 04:28:18,910 [pool-94-thread-1] INFO  storage.RaftStorage (RaftStorageImpl.java:format(96)) - Storage directory /home/runner/work/ozone/ozone/hadoop-ozone/integration-test/target/test-dir/MiniOzoneClusterImpl-cf27e86b-a5d2-4d86-a5ef-f90d19c9ea90/datanode-1/data/ratis/63d66473-0a08-4a9c-9b7b-ae2169b3acde has been successfully formatted.
2023-01-13 04:28:18,911 [pool-94-thread-1] INFO  ratis.ContainerStateMachine (ContainerStateMachine.java:loadSnapshot(240)) - group-AE2169B3ACDE: The snapshot info is null. Setting the last applied indexto:(t:0, i:~)
2023-01-13 04:28:18,912 [pool-94-thread-1] INFO  server.RaftServerConfigKeys (ConfUtils.java:logGet(46)) - raft.server.log.use.memory = false (default)
2023-01-13 04:28:18,912 [pool-94-thread-1] INFO  server.RaftServerConfigKeys (ConfUtils.java:logGet(46)) - raft.server.log.purge.gap = 1000000 (custom)
2023-01-13 04:28:18,912 [pool-94-thread-1] INFO  server.RaftServerConfigKeys (ConfUtils.java:logGet(46)) - raft.server.log.appender.buffer.byte-limit = 33554432 (custom)
2023-01-13 04:28:18,912 [pool-94-thread-1] INFO  server.RaftServerConfigKeys (ConfUtils.java:logGet(46)) - raft.server.log.statemachine.data.read.timeout = 1000ms (default)
2023-01-13 04:28:18,912 [pool-94-thread-1] INFO  server.RaftServerConfigKeys (ConfUtils.java:logGet(46)) - raft.server.log.purge.preservation.log.num = 0 (default)
2023-01-13 04:28:18,913 [pool-94-thread-1] INFO  server.RaftServerConfigKeys (ConfUtils.java:logGet(46)) - raft.server.log.segment.size.max = 1048576 (custom)
2023-01-13 04:28:18,916 [pool-94-thread-1] INFO  server.RaftServerConfigKeys (ConfUtils.java:logGet(46)) - raft.server.log.segment.cache.num.max = 2 (custom)
2023-01-13 04:28:18,916 [pool-94-thread-1] INFO  server.RaftServerConfigKeys (ConfUtils.java:logGet(46)) - raft.server.log.segment.cache.size.max = 200MB (=209715200) (default)
2023-01-13 04:28:18,916 [pool-94-thread-1] INFO  segmented.SegmentedRaftLogWorker (SegmentedRaftLogWorker.java:<init>(189)) - new 9fcca57a-0016-4a7b-b88c-860e873da22c@group-AE2169B3ACDE-SegmentedRaftLogWorker for RaftStorageImpl:Storage Directory /home/runner/work/ozone/ozone/hadoop-ozone/integration-test/target/test-dir/MiniOzoneClusterImpl-cf27e86b-a5d2-4d86-a5ef-f90d19c9ea90/datanode-1/data/ratis/63d66473-0a08-4a9c-9b7b-ae2169b3acde
2023-01-13 04:28:18,917 [pool-94-thread-1] INFO  server.RaftServerConfigKeys (ConfUtils.java:logGet(46)) - raft.server.log.queue.byte-limit = 4294967296 (custom)
2023-01-13 04:28:18,920 [pool-94-thread-1] INFO  server.RaftServerConfigKeys (ConfUtils.java:logGet(46)) - raft.server.log.queue.element-limit = 1024 (custom)
2023-01-13 04:28:18,920 [pool-94-thread-1] INFO  server.RaftServerConfigKeys (ConfUtils.java:logGet(46)) - raft.server.log.segment.size.max = 1048576 (custom)
2023-01-13 04:28:18,920 [pool-94-thread-1] INFO  server.RaftServerConfigKeys (ConfUtils.java:logGet(46)) - raft.server.log.preallocated.size = 16384 (custom)
2023-01-13 04:28:18,920 [pool-94-thread-1] INFO  server.RaftServerConfigKeys (ConfUtils.java:logGet(46)) - raft.server.log.force.sync.num = 128 (default)
2023-01-13 04:28:18,920 [pool-94-thread-1] INFO  server.RaftServerConfigKeys (ConfUtils.java:logGet(46)) - raft.server.log.statemachine.data.sync = true (default)
2023-01-13 04:28:18,920 [pool-94-thread-1] INFO  server.RaftServerConfigKeys (ConfUtils.java:logGet(46)) - raft.server.log.statemachine.data.sync.timeout = 10s (default)
2023-01-13 04:28:18,920 [pool-94-thread-1] INFO  server.RaftServerConfigKeys (ConfUtils.java:logGet(46)) - raft.server.log.statemachine.data.sync.timeout.retry = -1 (default)
2023-01-13 04:28:18,923 [pool-94-thread-1] INFO  server.RaftServerConfigKeys (ConfUtils.java:logGet(46)) - raft.server.log.write.buffer.size = 1048576 (custom)
2023-01-13 04:28:18,925 [pool-94-thread-1] INFO  server.RaftServerConfigKeys (ConfUtils.java:logGet(46)) - raft.server.log.appender.buffer.byte-limit = 33554432 (custom)
2023-01-13 04:28:18,937 [EventQueue-PipelineReportForPipelineReportHandler] INFO  pipeline.PipelineManagerImpl (PipelineManagerImpl.java:openPipeline(367)) - Pipeline Pipeline[ Id: 63d66473-0a08-4a9c-9b7b-ae2169b3acde, Nodes: 9fcca57a-0016-4a7b-b88c-860e873da22c(fv-az178-476.4hr1jzigf4quzlbutvnlm3yq0e.cx.internal.cloudapp.net/10.1.0.110), ReplicationConfig: RATIS/ONE, State:ALLOCATED, leaderId:9fcca57a-0016-4a7b-b88c-860e873da22c, CreationTimestamp2023-01-13T04:28:15.870Z[Etc/UTC]] moved to OPEN state
2023-01-13 04:28:18,938 [EventQueue-OpenPipelineForHealthyPipelineSafeModeRule] INFO  safemode.SCMSafeModeManager (HealthyPipelineSafeModeRule.java:process(137)) - SCM in safe mode. Healthy pipelines reported count is 0, required healthy pipeline reported count is 1
2023-01-13 04:28:18,940 [pool-94-thread-1] INFO  server.RaftServerConfigKeys (ConfUtils.java:logGet(46)) - raft.server.log.unsafe-flush.enabled = false (default)
2023-01-13 04:28:18,940 [pool-94-thread-1] INFO  server.RaftServerConfigKeys (ConfUtils.java:logGet(46)) - raft.server.log.async-flush.enabled = false (default)
2023-01-13 04:28:18,940 [pool-94-thread-1] INFO  server.RaftServerConfigKeys (ConfUtils.java:logGet(46)) - raft.server.log.statemachine.data.caching.enabled = true (custom)
2023-01-13 04:28:18,940 [pool-94-thread-1] INFO  segmented.SegmentedRaftLogWorker (SegmentedRaftLogWorker.java:lambda$new$0(135)) - 9fcca57a-0016-4a7b-b88c-860e873da22c@group-AE2169B3ACDE-SegmentedRaftLogWorker: flushIndex: setUnconditionally 0 -> -1
2023-01-13 04:28:18,940 [pool-94-thread-1] INFO  segmented.SegmentedRaftLogWorker (SegmentedRaftLogWorker.java:lambda$new$0(135)) - 9fcca57a-0016-4a7b-b88c-860e873da22c@group-AE2169B3ACDE-SegmentedRaftLogWorker: safeCacheEvictIndex: setUnconditionally 0 -> -1
2023-01-13 04:28:18,942 [pool-94-thread-1] INFO  server.RaftServer$Division (RaftServerImpl.java:start(334)) - 9fcca57a-0016-4a7b-b88c-860e873da22c@group-AE2169B3ACDE: start as a follower, conf=-1: peers:[9fcca57a-0016-4a7b-b88c-860e873da22c|rpc:10.1.0.110:34233|dataStream:10.1.0.110:38333|priority:1|startupRole:FOLLOWER]|listeners:[], old=null
2023-01-13 04:28:18,942 [pool-94-thread-1] INFO  server.RaftServer$Division (RaftServerImpl.java:setRole(321)) - 9fcca57a-0016-4a7b-b88c-860e873da22c@group-AE2169B3ACDE: changes role from      null to FOLLOWER at term 0 for startAsFollower
2023-01-13 04:28:18,942 [pool-94-thread-1] INFO  impl.RoleInfo (RoleInfo.java:updateAndGet(139)) - 9fcca57a-0016-4a7b-b88c-860e873da22c: start 9fcca57a-0016-4a7b-b88c-860e873da22c@group-AE2169B3ACDE-FollowerState
2023-01-13 04:28:18,950 [9fcca57a-0016-4a7b-b88c-860e873da22c@group-AE2169B3ACDE-FollowerState] INFO  server.RaftServerConfigKeys (ConfUtils.java:logFallback(53)) - raft.server.rpc.first-election.timeout.min = 5s (fallback to raft.server.rpc.timeout.min)
2023-01-13 04:28:18,950 [9fcca57a-0016-4a7b-b88c-860e873da22c@group-AE2169B3ACDE-FollowerState] INFO  server.RaftServerConfigKeys (ConfUtils.java:logFallback(53)) - raft.server.rpc.first-election.timeout.max = 5200ms (fallback to raft.server.rpc.timeout.max)
2023-01-13 04:28:18,942 [pool-94-thread-1] INFO  util.JmxRegister (JmxRegister.java:tryRegister(44)) - Successfully registered JMX Bean with object name Ratis:service=RaftServer,group=group-AE2169B3ACDE,id=9fcca57a-0016-4a7b-b88c-860e873da22c
2023-01-13 04:28:18,951 [pool-94-thread-1] INFO  server.RaftServerConfigKeys (ConfUtils.java:logGet(46)) - raft.server.snapshot.auto.trigger.enabled = true (custom)
2023-01-13 04:28:18,951 [pool-94-thread-1] INFO  server.RaftServerConfigKeys (ConfUtils.java:logGet(46)) - raft.server.snapshot.auto.trigger.threshold = 10000 (custom)
2023-01-13 04:28:18,951 [pool-94-thread-1] INFO  server.RaftServerConfigKeys (ConfUtils.java:logGet(46)) - raft.server.snapshot.retention.file.num = 5 (custom)
2023-01-13 04:28:18,951 [pool-94-thread-1] INFO  server.RaftServerConfigKeys (ConfUtils.java:logGet(46)) - raft.server.log.purge.upto.snapshot.index = false (default)
2023-01-13 04:28:18,952 [Command processor thread] INFO  ratis.XceiverServerRatis (XceiverServerRatis.java:addGroup(806)) - Created group PipelineID=63d66473-0a08-4a9c-9b7b-ae2169b3acde
2023-01-13 04:28:18,952 [Command processor thread] INFO  commandhandler.CreatePipelineCommandHandler (CreatePipelineCommandHandler.java:handle(113)) - Created Pipeline RATIS ONE PipelineID=63d66473-0a08-4a9c-9b7b-ae2169b3acde.
2023-01-13 04:28:18,955 [Command processor thread] INFO  server.RaftServer (RaftServerProxy.java:addNew(96)) - 9fcca57a-0016-4a7b-b88c-860e873da22c: addNew group-AE80AAEE6F0E:[9fcca57a-0016-4a7b-b88c-860e873da22c|rpc:10.1.0.110:34233|dataStream:10.1.0.110:38333|priority:0|startupRole:FOLLOWER, 6aa17f19-7961-4978-9ee2-0d39d3b5a231|rpc:10.1.0.110:40935|dataStream:10.1.0.110:43381|priority:0|startupRole:FOLLOWER, f09534d9-27f0-4bd2-ae55-341cfd68a0eb|rpc:10.1.0.110:41553|dataStream:10.1.0.110:46259|priority:1|startupRole:FOLLOWER] returns group-AE80AAEE6F0E:java.util.concurrent.CompletableFuture@3466ed11[Not completed]
2023-01-13 04:28:18,956 [pool-94-thread-1] INFO  server.RaftServer$Division (RaftServerImpl.java:<init>(195)) - 9fcca57a-0016-4a7b-b88c-860e873da22c: new RaftServerImpl for group-AE80AAEE6F0E:[9fcca57a-0016-4a7b-b88c-860e873da22c|rpc:10.1.0.110:34233|dataStream:10.1.0.110:38333|priority:0|startupRole:FOLLOWER, 6aa17f19-7961-4978-9ee2-0d39d3b5a231|rpc:10.1.0.110:40935|dataStream:10.1.0.110:43381|priority:0|startupRole:FOLLOWER, f09534d9-27f0-4bd2-ae55-341cfd68a0eb|rpc:10.1.0.110:41553|dataStream:10.1.0.110:46259|priority:1|startupRole:FOLLOWER] with ContainerStateMachine:uninitialized
2023-01-13 04:28:18,956 [pool-94-thread-1] INFO  server.RaftServerConfigKeys (ConfUtils.java:logGet(46)) - raft.server.rpc.timeout.min = 5s (custom)
2023-01-13 04:28:18,956 [pool-94-thread-1] INFO  server.RaftServerConfigKeys (ConfUtils.java:logGet(46)) - raft.server.rpc.timeout.max = 5200ms (custom)
2023-01-13 04:28:18,956 [pool-94-thread-1] INFO  server.RaftServerConfigKeys (ConfUtils.java:logGet(46)) - raft.server.rpc.sleep.time = 25ms (default)
2023-01-13 04:28:18,956 [pool-94-thread-1] INFO  server.RaftServerConfigKeys (ConfUtils.java:logGet(46)) - raft.server.rpc.slowness.timeout = 300s (custom)
2023-01-13 04:28:18,956 [pool-94-thread-1] INFO  server.RaftServerConfigKeys (ConfUtils.java:logGet(46)) - raft.server.leaderelection.leader.step-down.wait-time = 10s (default)
2023-01-13 04:28:18,956 [pool-94-thread-1] INFO  server.RaftServerConfigKeys (ConfUtils.java:logGet(46)) - raft.server.sleep.deviation.threshold = 300ms (default)
2023-01-13 04:28:18,956 [pool-94-thread-1] INFO  server.RaftServer$Division (ServerState.java:<init>(118)) - 9fcca57a-0016-4a7b-b88c-860e873da22c@group-AE80AAEE6F0E: ConfigurationManager, init=-1: peers:[9fcca57a-0016-4a7b-b88c-860e873da22c|rpc:10.1.0.110:34233|dataStream:10.1.0.110:38333|priority:0|startupRole:FOLLOWER, 6aa17f19-7961-4978-9ee2-0d39d3b5a231|rpc:10.1.0.110:40935|dataStream:10.1.0.110:43381|priority:0|startupRole:FOLLOWER, f09534d9-27f0-4bd2-ae55-341cfd68a0eb|rpc:10.1.0.110:41553|dataStream:10.1.0.110:46259|priority:1|startupRole:FOLLOWER]|listeners:[], old=null, confs=<EMPTY_MAP>
2023-01-13 04:28:18,956 [pool-94-thread-1] INFO  server.RaftServerConfigKeys (ConfUtils.java:logGet(46)) - raft.server.storage.dir = [/home/runner/work/ozone/ozone/hadoop-ozone/integration-test/target/test-dir/MiniOzoneClusterImpl-cf27e86b-a5d2-4d86-a5ef-f90d19c9ea90/datanode-1/data/ratis] (custom)
2023-01-13 04:28:18,956 [pool-94-thread-1] INFO  server.RaftServerConfigKeys (ConfUtils.java:logGet(46)) - raft.server.log.corruption.policy = EXCEPTION (default)
2023-01-13 04:28:18,956 [pool-94-thread-1] INFO  server.RaftServerConfigKeys (ConfUtils.java:logGet(46)) - raft.server.storage.free-space.min = 0MB (=0) (default)
2023-01-13 04:28:18,957 [pool-94-thread-1] INFO  server.RaftServerConfigKeys (ConfUtils.java:logGet(46)) - raft.server.notification.no-leader.timeout = 300s (custom)
2023-01-13 04:28:18,957 [pool-94-thread-1] INFO  server.RaftServerConfigKeys (ConfUtils.java:logGet(46)) - raft.server.retrycache.expirytime = 600000ms (custom)
2023-01-13 04:28:18,957 [pool-94-thread-1] INFO  server.RaftServerConfigKeys (ConfUtils.java:logGet(46)) - raft.server.retrycache.statistics.expirytime = 100μs (default)
2023-01-13 04:28:18,963 [pool-94-thread-1] INFO  server.RaftServerConfigKeys (ConfUtils.java:logGet(46)) - raft.server.log.appender.install.snapshot.enabled = false (custom)
2023-01-13 04:28:18,963 [pool-94-thread-1] INFO  server.RaftServerConfigKeys (ConfUtils.java:logGet(46)) - raft.server.threadpool.server.cached = true (default)
2023-01-13 04:28:18,963 [pool-94-thread-1] INFO  server.RaftServerConfigKeys (ConfUtils.java:logGet(46)) - raft.server.threadpool.server.size = 0 (default)
2023-01-13 04:28:18,963 [pool-94-thread-1] INFO  server.RaftServerConfigKeys (ConfUtils.java:logGet(46)) - raft.server.threadpool.client.cached = true (default)
2023-01-13 04:28:18,963 [pool-94-thread-1] INFO  server.RaftServerConfigKeys (ConfUtils.java:logGet(46)) - raft.server.threadpool.client.size = 0 (default)
2023-01-13 04:28:18,963 [pool-94-thread-1] INFO  storage.RaftStorageDirectory (RaftStorageDirectoryImpl.java:analyzeStorage(137)) - The storage directory /home/runner/work/ozone/ozone/hadoop-ozone/integration-test/target/test-dir/MiniOzoneClusterImpl-cf27e86b-a5d2-4d86-a5ef-f90d19c9ea90/datanode-1/data/ratis/c53c5f85-8095-462e-ad08-ae80aaee6f0e does not exist. Creating ...
2023-01-13 04:28:18,964 [pool-94-thread-1] INFO  storage.RaftStorageDirectory (RaftStorageDirectoryImpl.java:tryLock(231)) - Lock on /home/runner/work/ozone/ozone/hadoop-ozone/integration-test/target/test-dir/MiniOzoneClusterImpl-cf27e86b-a5d2-4d86-a5ef-f90d19c9ea90/datanode-1/data/ratis/c53c5f85-8095-462e-ad08-ae80aaee6f0e/in_use.lock acquired by nodename 70585@fv-az178-476
2023-01-13 04:28:18,966 [pool-94-thread-1] INFO  storage.RaftStorage (RaftStorageImpl.java:format(96)) - Storage directory /home/runner/work/ozone/ozone/hadoop-ozone/integration-test/target/test-dir/MiniOzoneClusterImpl-cf27e86b-a5d2-4d86-a5ef-f90d19c9ea90/datanode-1/data/ratis/c53c5f85-8095-462e-ad08-ae80aaee6f0e has been successfully formatted.
2023-01-13 04:28:18,967 [pool-94-thread-1] INFO  ratis.ContainerStateMachine (ContainerStateMachine.java:loadSnapshot(240)) - group-AE80AAEE6F0E: The snapshot info is null. Setting the last applied indexto:(t:0, i:~)
2023-01-13 04:28:18,967 [pool-94-thread-1] INFO  server.RaftServerConfigKeys (ConfUtils.java:logGet(46)) - raft.server.log.use.memory = false (default)
2023-01-13 04:28:18,967 [pool-94-thread-1] INFO  server.RaftServerConfigKeys (ConfUtils.java:logGet(46)) - raft.server.log.purge.gap = 1000000 (custom)
2023-01-13 04:28:18,967 [pool-94-thread-1] INFO  server.RaftServerConfigKeys (ConfUtils.java:logGet(46)) - raft.server.log.appender.buffer.byte-limit = 33554432 (custom)
2023-01-13 04:28:18,967 [pool-94-thread-1] INFO  server.RaftServerConfigKeys (ConfUtils.java:logGet(46)) - raft.server.log.statemachine.data.read.timeout = 1000ms (default)
2023-01-13 04:28:18,967 [pool-94-thread-1] INFO  server.RaftServerConfigKeys (ConfUtils.java:logGet(46)) - raft.server.log.purge.preservation.log.num = 0 (default)
2023-01-13 04:28:18,967 [pool-94-thread-1] INFO  server.RaftServerConfigKeys (ConfUtils.java:logGet(46)) - raft.server.log.segment.size.max = 1048576 (custom)
2023-01-13 04:28:18,968 [pool-94-thread-1] INFO  server.RaftServerConfigKeys (ConfUtils.java:logGet(46)) - raft.server.log.segment.cache.num.max = 2 (custom)
2023-01-13 04:28:18,968 [pool-94-thread-1] INFO  server.RaftServerConfigKeys (ConfUtils.java:logGet(46)) - raft.server.log.segment.cache.size.max = 200MB (=209715200) (default)
2023-01-13 04:28:18,968 [pool-94-thread-1] INFO  segmented.SegmentedRaftLogWorker (SegmentedRaftLogWorker.java:<init>(189)) - new 9fcca57a-0016-4a7b-b88c-860e873da22c@group-AE80AAEE6F0E-SegmentedRaftLogWorker for RaftStorageImpl:Storage Directory /home/runner/work/ozone/ozone/hadoop-ozone/integration-test/target/test-dir/MiniOzoneClusterImpl-cf27e86b-a5d2-4d86-a5ef-f90d19c9ea90/datanode-1/data/ratis/c53c5f85-8095-462e-ad08-ae80aaee6f0e
2023-01-13 04:28:18,971 [EventQueue-OpenPipelineForHealthyPipelineSafeModeRule] INFO  safemode.SCMSafeModeManager (HealthyPipelineSafeModeRule.java:process(137)) - SCM in safe mode. Healthy pipelines reported count is 0, required healthy pipeline reported count is 1
2023-01-13 04:28:18,971 [pool-94-thread-1] INFO  server.RaftServerConfigKeys (ConfUtils.java:logGet(46)) - raft.server.log.queue.byte-limit = 4294967296 (custom)
2023-01-13 04:28:18,973 [pool-94-thread-1] INFO  server.RaftServerConfigKeys (ConfUtils.java:logGet(46)) - raft.server.log.queue.element-limit = 1024 (custom)
2023-01-13 04:28:18,973 [pool-94-thread-1] INFO  server.RaftServerConfigKeys (ConfUtils.java:logGet(46)) - raft.server.log.segment.size.max = 1048576 (custom)
2023-01-13 04:28:18,973 [pool-94-thread-1] INFO  server.RaftServerConfigKeys (ConfUtils.java:logGet(46)) - raft.server.log.preallocated.size = 16384 (custom)
2023-01-13 04:28:18,973 [pool-94-thread-1] INFO  server.RaftServerConfigKeys (ConfUtils.java:logGet(46)) - raft.server.log.force.sync.num = 128 (default)
2023-01-13 04:28:18,973 [pool-94-thread-1] INFO  server.RaftServerConfigKeys (ConfUtils.java:logGet(46)) - raft.server.log.statemachine.data.sync = true (default)
2023-01-13 04:28:18,973 [pool-94-thread-1] INFO  server.RaftServerConfigKeys (ConfUtils.java:logGet(46)) - raft.server.log.statemachine.data.sync.timeout = 10s (default)
2023-01-13 04:28:18,973 [pool-94-thread-1] INFO  server.RaftServerConfigKeys (ConfUtils.java:logGet(46)) - raft.server.log.statemachine.data.sync.timeout.retry = -1 (default)
2023-01-13 04:28:18,975 [pool-94-thread-1] INFO  server.RaftServerConfigKeys (ConfUtils.java:logGet(46)) - raft.server.log.write.buffer.size = 1048576 (custom)
2023-01-13 04:28:18,976 [pool-94-thread-1] INFO  server.RaftServerConfigKeys (ConfUtils.java:logGet(46)) - raft.server.log.appender.buffer.byte-limit = 33554432 (custom)
2023-01-13 04:28:18,981 [pool-94-thread-1] INFO  server.RaftServerConfigKeys (ConfUtils.java:logGet(46)) - raft.server.log.unsafe-flush.enabled = false (default)
2023-01-13 04:28:18,981 [pool-94-thread-1] INFO  server.RaftServerConfigKeys (ConfUtils.java:logGet(46)) - raft.server.log.async-flush.enabled = false (default)
2023-01-13 04:28:18,981 [pool-94-thread-1] INFO  server.RaftServerConfigKeys (ConfUtils.java:logGet(46)) - raft.server.log.statemachine.data.caching.enabled = true (custom)
2023-01-13 04:28:18,981 [pool-94-thread-1] INFO  segmented.SegmentedRaftLogWorker (SegmentedRaftLogWorker.java:lambda$new$0(135)) - 9fcca57a-0016-4a7b-b88c-860e873da22c@group-AE80AAEE6F0E-SegmentedRaftLogWorker: flushIndex: setUnconditionally 0 -> -1
2023-01-13 04:28:18,981 [pool-94-thread-1] INFO  segmented.SegmentedRaftLogWorker (SegmentedRaftLogWorker.java:lambda$new$0(135)) - 9fcca57a-0016-4a7b-b88c-860e873da22c@group-AE80AAEE6F0E-SegmentedRaftLogWorker: safeCacheEvictIndex: setUnconditionally 0 -> -1
2023-01-13 04:28:18,982 [pool-94-thread-1] INFO  server.RaftServer$Division (RaftServerImpl.java:start(334)) - 9fcca57a-0016-4a7b-b88c-860e873da22c@group-AE80AAEE6F0E: start as a follower, conf=-1: peers:[9fcca57a-0016-4a7b-b88c-860e873da22c|rpc:10.1.0.110:34233|dataStream:10.1.0.110:38333|priority:0|startupRole:FOLLOWER, 6aa17f19-7961-4978-9ee2-0d39d3b5a231|rpc:10.1.0.110:40935|dataStream:10.1.0.110:43381|priority:0|startupRole:FOLLOWER, f09534d9-27f0-4bd2-ae55-341cfd68a0eb|rpc:10.1.0.110:41553|dataStream:10.1.0.110:46259|priority:1|startupRole:FOLLOWER]|listeners:[], old=null
2023-01-13 04:28:18,982 [pool-94-thread-1] INFO  server.RaftServer$Division (RaftServerImpl.java:setRole(321)) - 9fcca57a-0016-4a7b-b88c-860e873da22c@group-AE80AAEE6F0E: changes role from      null to FOLLOWER at term 0 for startAsFollower
2023-01-13 04:28:18,982 [pool-94-thread-1] INFO  impl.RoleInfo (RoleInfo.java:updateAndGet(139)) - 9fcca57a-0016-4a7b-b88c-860e873da22c: start 9fcca57a-0016-4a7b-b88c-860e873da22c@group-AE80AAEE6F0E-FollowerState
2023-01-13 04:28:18,987 [pool-94-thread-1] INFO  util.JmxRegister (JmxRegister.java:tryRegister(44)) - Successfully registered JMX Bean with object name Ratis:service=RaftServer,group=group-AE80AAEE6F0E,id=9fcca57a-0016-4a7b-b88c-860e873da22c
2023-01-13 04:28:18,987 [pool-94-thread-1] INFO  server.RaftServerConfigKeys (ConfUtils.java:logGet(46)) - raft.server.snapshot.auto.trigger.enabled = true (custom)
2023-01-13 04:28:18,987 [pool-94-thread-1] INFO  server.RaftServerConfigKeys (ConfUtils.java:logGet(46)) - raft.server.snapshot.auto.trigger.threshold = 10000 (custom)
2023-01-13 04:28:18,988 [pool-94-thread-1] INFO  server.RaftServerConfigKeys (ConfUtils.java:logGet(46)) - raft.server.snapshot.retention.file.num = 5 (custom)
2023-01-13 04:28:18,988 [pool-94-thread-1] INFO  server.RaftServerConfigKeys (ConfUtils.java:logGet(46)) - raft.server.log.purge.upto.snapshot.index = false (default)
2023-01-13 04:28:18,989 [Command processor thread] INFO  ratis.XceiverServerRatis (XceiverServerRatis.java:addGroup(806)) - Created group PipelineID=c53c5f85-8095-462e-ad08-ae80aaee6f0e
2023-01-13 04:28:18,990 [9fcca57a-0016-4a7b-b88c-860e873da22c@group-AE80AAEE6F0E-FollowerState] INFO  server.RaftServerConfigKeys (ConfUtils.java:logFallback(53)) - raft.server.rpc.first-election.timeout.min = 5s (fallback to raft.server.rpc.timeout.min)
2023-01-13 04:28:18,991 [9fcca57a-0016-4a7b-b88c-860e873da22c@group-AE80AAEE6F0E-FollowerState] INFO  server.RaftServerConfigKeys (ConfUtils.java:logFallback(53)) - raft.server.rpc.first-election.timeout.max = 5200ms (fallback to raft.server.rpc.timeout.max)
2023-01-13 04:28:19,246 [Command processor thread] INFO  server.RaftServer (RaftServerProxy.java:addNew(96)) - f09534d9-27f0-4bd2-ae55-341cfd68a0eb: addNew group-98FF0D51C618:[f09534d9-27f0-4bd2-ae55-341cfd68a0eb|rpc:10.1.0.110:41553|dataStream:10.1.0.110:46259|priority:1|startupRole:FOLLOWER] returns group-98FF0D51C618:java.util.concurrent.CompletableFuture@7cfc750f[Not completed]
2023-01-13 04:28:19,263 [pool-117-thread-1] INFO  server.RaftServer$Division (RaftServerImpl.java:<init>(195)) - f09534d9-27f0-4bd2-ae55-341cfd68a0eb: new RaftServerImpl for group-98FF0D51C618:[f09534d9-27f0-4bd2-ae55-341cfd68a0eb|rpc:10.1.0.110:41553|dataStream:10.1.0.110:46259|priority:1|startupRole:FOLLOWER] with ContainerStateMachine:uninitialized
2023-01-13 04:28:19,263 [pool-117-thread-1] INFO  server.RaftServerConfigKeys (ConfUtils.java:logGet(46)) - raft.server.rpc.timeout.min = 5s (custom)
2023-01-13 04:28:19,263 [pool-117-thread-1] INFO  server.RaftServerConfigKeys (ConfUtils.java:logGet(46)) - raft.server.rpc.timeout.max = 5200ms (custom)
2023-01-13 04:28:19,263 [pool-117-thread-1] INFO  server.RaftServerConfigKeys (ConfUtils.java:logGet(46)) - raft.server.rpc.sleep.time = 25ms (default)
2023-01-13 04:28:19,263 [pool-117-thread-1] INFO  server.RaftServerConfigKeys (ConfUtils.java:logGet(46)) - raft.server.rpc.slowness.timeout = 300s (custom)
2023-01-13 04:28:19,263 [pool-117-thread-1] INFO  server.RaftServerConfigKeys (ConfUtils.java:logGet(46)) - raft.server.leaderelection.leader.step-down.wait-time = 10s (default)
2023-01-13 04:28:19,263 [pool-117-thread-1] INFO  server.RaftServerConfigKeys (ConfUtils.java:logGet(46)) - raft.server.sleep.deviation.threshold = 300ms (default)
2023-01-13 04:28:19,263 [pool-117-thread-1] INFO  server.RaftServer$Division (ServerState.java:<init>(118)) - f09534d9-27f0-4bd2-ae55-341cfd68a0eb@group-98FF0D51C618: ConfigurationManager, init=-1: peers:[f09534d9-27f0-4bd2-ae55-341cfd68a0eb|rpc:10.1.0.110:41553|dataStream:10.1.0.110:46259|priority:1|startupRole:FOLLOWER]|listeners:[], old=null, confs=<EMPTY_MAP>
2023-01-13 04:28:19,263 [pool-117-thread-1] INFO  server.RaftServerConfigKeys (ConfUtils.java:logGet(46)) - raft.server.storage.dir = [/home/runner/work/ozone/ozone/hadoop-ozone/integration-test/target/test-dir/MiniOzoneClusterImpl-cf27e86b-a5d2-4d86-a5ef-f90d19c9ea90/datanode-2/data/ratis] (custom)
2023-01-13 04:28:19,264 [pool-117-thread-1] INFO  server.RaftServerConfigKeys (ConfUtils.java:logGet(46)) - raft.server.log.corruption.policy = EXCEPTION (default)
2023-01-13 04:28:19,264 [pool-117-thread-1] INFO  server.RaftServerConfigKeys (ConfUtils.java:logGet(46)) - raft.server.storage.free-space.min = 0MB (=0) (default)
2023-01-13 04:28:19,264 [pool-117-thread-1] INFO  server.RaftServerConfigKeys (ConfUtils.java:logGet(46)) - raft.server.notification.no-leader.timeout = 300s (custom)
2023-01-13 04:28:19,264 [pool-117-thread-1] INFO  server.RaftServerConfigKeys (ConfUtils.java:logGet(46)) - raft.server.retrycache.expirytime = 600000ms (custom)
2023-01-13 04:28:19,264 [pool-117-thread-1] INFO  server.RaftServerConfigKeys (ConfUtils.java:logGet(46)) - raft.server.retrycache.statistics.expirytime = 100μs (default)
2023-01-13 04:28:19,274 [pool-117-thread-1] INFO  server.RaftServerConfigKeys (ConfUtils.java:logGet(46)) - raft.server.log.appender.install.snapshot.enabled = false (custom)
2023-01-13 04:28:19,275 [pool-117-thread-1] INFO  server.RaftServerConfigKeys (ConfUtils.java:logGet(46)) - raft.server.threadpool.server.cached = true (default)
2023-01-13 04:28:19,275 [pool-117-thread-1] INFO  server.RaftServerConfigKeys (ConfUtils.java:logGet(46)) - raft.server.threadpool.server.size = 0 (default)
2023-01-13 04:28:19,275 [pool-117-thread-1] INFO  server.RaftServerConfigKeys (ConfUtils.java:logGet(46)) - raft.server.threadpool.client.cached = true (default)
2023-01-13 04:28:19,275 [pool-117-thread-1] INFO  server.RaftServerConfigKeys (ConfUtils.java:logGet(46)) - raft.server.threadpool.client.size = 0 (default)
2023-01-13 04:28:19,275 [pool-117-thread-1] INFO  storage.RaftStorageDirectory (RaftStorageDirectoryImpl.java:analyzeStorage(137)) - The storage directory /home/runner/work/ozone/ozone/hadoop-ozone/integration-test/target/test-dir/MiniOzoneClusterImpl-cf27e86b-a5d2-4d86-a5ef-f90d19c9ea90/datanode-2/data/ratis/681e7344-ee78-42b4-aef0-98ff0d51c618 does not exist. Creating ...
2023-01-13 04:28:19,283 [pool-117-thread-1] INFO  storage.RaftStorageDirectory (RaftStorageDirectoryImpl.java:tryLock(231)) - Lock on /home/runner/work/ozone/ozone/hadoop-ozone/integration-test/target/test-dir/MiniOzoneClusterImpl-cf27e86b-a5d2-4d86-a5ef-f90d19c9ea90/datanode-2/data/ratis/681e7344-ee78-42b4-aef0-98ff0d51c618/in_use.lock acquired by nodename 70585@fv-az178-476
2023-01-13 04:28:19,284 [pool-117-thread-1] INFO  storage.RaftStorage (RaftStorageImpl.java:format(96)) - Storage directory /home/runner/work/ozone/ozone/hadoop-ozone/integration-test/target/test-dir/MiniOzoneClusterImpl-cf27e86b-a5d2-4d86-a5ef-f90d19c9ea90/datanode-2/data/ratis/681e7344-ee78-42b4-aef0-98ff0d51c618 has been successfully formatted.
2023-01-13 04:28:19,287 [pool-117-thread-1] INFO  ratis.ContainerStateMachine (ContainerStateMachine.java:loadSnapshot(240)) - group-98FF0D51C618: The snapshot info is null. Setting the last applied indexto:(t:0, i:~)
2023-01-13 04:28:19,287 [pool-117-thread-1] INFO  server.RaftServerConfigKeys (ConfUtils.java:logGet(46)) - raft.server.log.use.memory = false (default)
2023-01-13 04:28:19,287 [pool-117-thread-1] INFO  server.RaftServerConfigKeys (ConfUtils.java:logGet(46)) - raft.server.log.purge.gap = 1000000 (custom)
2023-01-13 04:28:19,287 [pool-117-thread-1] INFO  server.RaftServerConfigKeys (ConfUtils.java:logGet(46)) - raft.server.log.appender.buffer.byte-limit = 33554432 (custom)
2023-01-13 04:28:19,287 [pool-117-thread-1] INFO  server.RaftServerConfigKeys (ConfUtils.java:logGet(46)) - raft.server.log.statemachine.data.read.timeout = 1000ms (default)
2023-01-13 04:28:19,287 [pool-117-thread-1] INFO  server.RaftServerConfigKeys (ConfUtils.java:logGet(46)) - raft.server.log.purge.preservation.log.num = 0 (default)
2023-01-13 04:28:19,288 [pool-117-thread-1] INFO  server.RaftServerConfigKeys (ConfUtils.java:logGet(46)) - raft.server.log.segment.size.max = 1048576 (custom)
2023-01-13 04:28:19,288 [pool-117-thread-1] INFO  server.RaftServerConfigKeys (ConfUtils.java:logGet(46)) - raft.server.log.segment.cache.num.max = 2 (custom)
2023-01-13 04:28:19,288 [pool-117-thread-1] INFO  server.RaftServerConfigKeys (ConfUtils.java:logGet(46)) - raft.server.log.segment.cache.size.max = 200MB (=209715200) (default)
2023-01-13 04:28:19,288 [pool-117-thread-1] INFO  segmented.SegmentedRaftLogWorker (SegmentedRaftLogWorker.java:<init>(189)) - new f09534d9-27f0-4bd2-ae55-341cfd68a0eb@group-98FF0D51C618-SegmentedRaftLogWorker for RaftStorageImpl:Storage Directory /home/runner/work/ozone/ozone/hadoop-ozone/integration-test/target/test-dir/MiniOzoneClusterImpl-cf27e86b-a5d2-4d86-a5ef-f90d19c9ea90/datanode-2/data/ratis/681e7344-ee78-42b4-aef0-98ff0d51c618
2023-01-13 04:28:19,288 [pool-117-thread-1] INFO  server.RaftServerConfigKeys (ConfUtils.java:logGet(46)) - raft.server.log.queue.byte-limit = 4294967296 (custom)
2023-01-13 04:28:19,288 [pool-117-thread-1] INFO  server.RaftServerConfigKeys (ConfUtils.java:logGet(46)) - raft.server.log.queue.element-limit = 1024 (custom)
2023-01-13 04:28:19,288 [pool-117-thread-1] INFO  server.RaftServerConfigKeys (ConfUtils.java:logGet(46)) - raft.server.log.segment.size.max = 1048576 (custom)
2023-01-13 04:28:19,288 [pool-117-thread-1] INFO  server.RaftServerConfigKeys (ConfUtils.java:logGet(46)) - raft.server.log.preallocated.size = 16384 (custom)
2023-01-13 04:28:19,288 [pool-117-thread-1] INFO  server.RaftServerConfigKeys (ConfUtils.java:logGet(46)) - raft.server.log.force.sync.num = 128 (default)
2023-01-13 04:28:19,288 [pool-117-thread-1] INFO  server.RaftServerConfigKeys (ConfUtils.java:logGet(46)) - raft.server.log.statemachine.data.sync = true (default)
2023-01-13 04:28:19,288 [pool-117-thread-1] INFO  server.RaftServerConfigKeys (ConfUtils.java:logGet(46)) - raft.server.log.statemachine.data.sync.timeout = 10s (default)
2023-01-13 04:28:19,288 [pool-117-thread-1] INFO  server.RaftServerConfigKeys (ConfUtils.java:logGet(46)) - raft.server.log.statemachine.data.sync.timeout.retry = -1 (default)
2023-01-13 04:28:19,290 [EventQueue-PipelineReportForPipelineReportHandler] INFO  pipeline.PipelineManagerImpl (PipelineManagerImpl.java:openPipeline(367)) - Pipeline Pipeline[ Id: 681e7344-ee78-42b4-aef0-98ff0d51c618, Nodes: f09534d9-27f0-4bd2-ae55-341cfd68a0eb(fv-az178-476.4hr1jzigf4quzlbutvnlm3yq0e.cx.internal.cloudapp.net/10.1.0.110), ReplicationConfig: RATIS/ONE, State:ALLOCATED, leaderId:f09534d9-27f0-4bd2-ae55-341cfd68a0eb, CreationTimestamp2023-01-13T04:28:16.248Z[Etc/UTC]] moved to OPEN state
2023-01-13 04:28:19,291 [EventQueue-OpenPipelineForHealthyPipelineSafeModeRule] INFO  safemode.SCMSafeModeManager (HealthyPipelineSafeModeRule.java:process(137)) - SCM in safe mode. Healthy pipelines reported count is 0, required healthy pipeline reported count is 1
2023-01-13 04:28:19,304 [pool-117-thread-1] INFO  server.RaftServerConfigKeys (ConfUtils.java:logGet(46)) - raft.server.log.write.buffer.size = 1048576 (custom)
2023-01-13 04:28:19,305 [pool-117-thread-1] INFO  server.RaftServerConfigKeys (ConfUtils.java:logGet(46)) - raft.server.log.appender.buffer.byte-limit = 33554432 (custom)
2023-01-13 04:28:19,319 [pool-117-thread-1] INFO  server.RaftServerConfigKeys (ConfUtils.java:logGet(46)) - raft.server.log.unsafe-flush.enabled = false (default)
2023-01-13 04:28:19,319 [pool-117-thread-1] INFO  server.RaftServerConfigKeys (ConfUtils.java:logGet(46)) - raft.server.log.async-flush.enabled = false (default)
2023-01-13 04:28:19,319 [pool-117-thread-1] INFO  server.RaftServerConfigKeys (ConfUtils.java:logGet(46)) - raft.server.log.statemachine.data.caching.enabled = true (custom)
2023-01-13 04:28:19,319 [pool-117-thread-1] INFO  segmented.SegmentedRaftLogWorker (SegmentedRaftLogWorker.java:lambda$new$0(135)) - f09534d9-27f0-4bd2-ae55-341cfd68a0eb@group-98FF0D51C618-SegmentedRaftLogWorker: flushIndex: setUnconditionally 0 -> -1
2023-01-13 04:28:19,319 [pool-117-thread-1] INFO  segmented.SegmentedRaftLogWorker (SegmentedRaftLogWorker.java:lambda$new$0(135)) - f09534d9-27f0-4bd2-ae55-341cfd68a0eb@group-98FF0D51C618-SegmentedRaftLogWorker: safeCacheEvictIndex: setUnconditionally 0 -> -1
2023-01-13 04:28:19,319 [pool-117-thread-1] INFO  server.RaftServer$Division (RaftServerImpl.java:start(334)) - f09534d9-27f0-4bd2-ae55-341cfd68a0eb@group-98FF0D51C618: start as a follower, conf=-1: peers:[f09534d9-27f0-4bd2-ae55-341cfd68a0eb|rpc:10.1.0.110:41553|dataStream:10.1.0.110:46259|priority:1|startupRole:FOLLOWER]|listeners:[], old=null
2023-01-13 04:28:19,319 [pool-117-thread-1] INFO  server.RaftServer$Division (RaftServerImpl.java:setRole(321)) - f09534d9-27f0-4bd2-ae55-341cfd68a0eb@group-98FF0D51C618: changes role from      null to FOLLOWER at term 0 for startAsFollower
2023-01-13 04:28:19,319 [pool-117-thread-1] INFO  impl.RoleInfo (RoleInfo.java:updateAndGet(139)) - f09534d9-27f0-4bd2-ae55-341cfd68a0eb: start f09534d9-27f0-4bd2-ae55-341cfd68a0eb@group-98FF0D51C618-FollowerState
2023-01-13 04:28:19,320 [pool-117-thread-1] INFO  util.JmxRegister (JmxRegister.java:tryRegister(44)) - Successfully registered JMX Bean with object name Ratis:service=RaftServer,group=group-98FF0D51C618,id=f09534d9-27f0-4bd2-ae55-341cfd68a0eb
2023-01-13 04:28:19,320 [pool-117-thread-1] INFO  server.RaftServerConfigKeys (ConfUtils.java:logGet(46)) - raft.server.snapshot.auto.trigger.enabled = true (custom)
2023-01-13 04:28:19,320 [pool-117-thread-1] INFO  server.RaftServerConfigKeys (ConfUtils.java:logGet(46)) - raft.server.snapshot.auto.trigger.threshold = 10000 (custom)
2023-01-13 04:28:19,320 [pool-117-thread-1] INFO  server.RaftServerConfigKeys (ConfUtils.java:logGet(46)) - raft.server.snapshot.retention.file.num = 5 (custom)
2023-01-13 04:28:19,320 [pool-117-thread-1] INFO  server.RaftServerConfigKeys (ConfUtils.java:logGet(46)) - raft.server.log.purge.upto.snapshot.index = false (default)
2023-01-13 04:28:19,323 [f09534d9-27f0-4bd2-ae55-341cfd68a0eb@group-98FF0D51C618-FollowerState] INFO  server.RaftServerConfigKeys (ConfUtils.java:logFallback(53)) - raft.server.rpc.first-election.timeout.min = 5s (fallback to raft.server.rpc.timeout.min)
2023-01-13 04:28:19,323 [f09534d9-27f0-4bd2-ae55-341cfd68a0eb@group-98FF0D51C618-FollowerState] INFO  server.RaftServerConfigKeys (ConfUtils.java:logFallback(53)) - raft.server.rpc.first-election.timeout.max = 5200ms (fallback to raft.server.rpc.timeout.max)
2023-01-13 04:28:19,324 [Command processor thread] INFO  ratis.XceiverServerRatis (XceiverServerRatis.java:addGroup(806)) - Created group PipelineID=681e7344-ee78-42b4-aef0-98ff0d51c618
2023-01-13 04:28:19,324 [Command processor thread] INFO  commandhandler.CreatePipelineCommandHandler (CreatePipelineCommandHandler.java:handle(113)) - Created Pipeline RATIS ONE PipelineID=681e7344-ee78-42b4-aef0-98ff0d51c618.
2023-01-13 04:28:19,324 [Command processor thread] INFO  server.RaftServer (RaftServerProxy.java:addNew(96)) - f09534d9-27f0-4bd2-ae55-341cfd68a0eb: addNew group-AE80AAEE6F0E:[9fcca57a-0016-4a7b-b88c-860e873da22c|rpc:10.1.0.110:34233|dataStream:10.1.0.110:38333|priority:0|startupRole:FOLLOWER, 6aa17f19-7961-4978-9ee2-0d39d3b5a231|rpc:10.1.0.110:40935|dataStream:10.1.0.110:43381|priority:0|startupRole:FOLLOWER, f09534d9-27f0-4bd2-ae55-341cfd68a0eb|rpc:10.1.0.110:41553|dataStream:10.1.0.110:46259|priority:1|startupRole:FOLLOWER] returns group-AE80AAEE6F0E:java.util.concurrent.CompletableFuture@78c3fe48[Not completed]
2023-01-13 04:28:19,326 [pool-117-thread-1] INFO  server.RaftServer$Division (RaftServerImpl.java:<init>(195)) - f09534d9-27f0-4bd2-ae55-341cfd68a0eb: new RaftServerImpl for group-AE80AAEE6F0E:[9fcca57a-0016-4a7b-b88c-860e873da22c|rpc:10.1.0.110:34233|dataStream:10.1.0.110:38333|priority:0|startupRole:FOLLOWER, 6aa17f19-7961-4978-9ee2-0d39d3b5a231|rpc:10.1.0.110:40935|dataStream:10.1.0.110:43381|priority:0|startupRole:FOLLOWER, f09534d9-27f0-4bd2-ae55-341cfd68a0eb|rpc:10.1.0.110:41553|dataStream:10.1.0.110:46259|priority:1|startupRole:FOLLOWER] with ContainerStateMachine:uninitialized
2023-01-13 04:28:19,326 [pool-117-thread-1] INFO  server.RaftServerConfigKeys (ConfUtils.java:logGet(46)) - raft.server.rpc.timeout.min = 5s (custom)
2023-01-13 04:28:19,326 [pool-117-thread-1] INFO  server.RaftServerConfigKeys (ConfUtils.java:logGet(46)) - raft.server.rpc.timeout.max = 5200ms (custom)
2023-01-13 04:28:19,326 [pool-117-thread-1] INFO  server.RaftServerConfigKeys (ConfUtils.java:logGet(46)) - raft.server.rpc.sleep.time = 25ms (default)
2023-01-13 04:28:19,326 [pool-117-thread-1] INFO  server.RaftServerConfigKeys (ConfUtils.java:logGet(46)) - raft.server.rpc.slowness.timeout = 300s (custom)
2023-01-13 04:28:19,326 [pool-117-thread-1] INFO  server.RaftServerConfigKeys (ConfUtils.java:logGet(46)) - raft.server.leaderelection.leader.step-down.wait-time = 10s (default)
2023-01-13 04:28:19,326 [pool-117-thread-1] INFO  server.RaftServerConfigKeys (ConfUtils.java:logGet(46)) - raft.server.sleep.deviation.threshold = 300ms (default)
2023-01-13 04:28:19,326 [pool-117-thread-1] INFO  server.RaftServer$Division (ServerState.java:<init>(118)) - f09534d9-27f0-4bd2-ae55-341cfd68a0eb@group-AE80AAEE6F0E: ConfigurationManager, init=-1: peers:[9fcca57a-0016-4a7b-b88c-860e873da22c|rpc:10.1.0.110:34233|dataStream:10.1.0.110:38333|priority:0|startupRole:FOLLOWER, 6aa17f19-7961-4978-9ee2-0d39d3b5a231|rpc:10.1.0.110:40935|dataStream:10.1.0.110:43381|priority:0|startupRole:FOLLOWER, f09534d9-27f0-4bd2-ae55-341cfd68a0eb|rpc:10.1.0.110:41553|dataStream:10.1.0.110:46259|priority:1|startupRole:FOLLOWER]|listeners:[], old=null, confs=<EMPTY_MAP>
2023-01-13 04:28:19,327 [pool-117-thread-1] INFO  server.RaftServerConfigKeys (ConfUtils.java:logGet(46)) - raft.server.storage.dir = [/home/runner/work/ozone/ozone/hadoop-ozone/integration-test/target/test-dir/MiniOzoneClusterImpl-cf27e86b-a5d2-4d86-a5ef-f90d19c9ea90/datanode-2/data/ratis] (custom)
2023-01-13 04:28:19,327 [pool-117-thread-1] INFO  server.RaftServerConfigKeys (ConfUtils.java:logGet(46)) - raft.server.log.corruption.policy = EXCEPTION (default)
2023-01-13 04:28:19,327 [pool-117-thread-1] INFO  server.RaftServerConfigKeys (ConfUtils.java:logGet(46)) - raft.server.storage.free-space.min = 0MB (=0) (default)
2023-01-13 04:28:19,327 [pool-117-thread-1] INFO  server.RaftServerConfigKeys (ConfUtils.java:logGet(46)) - raft.server.notification.no-leader.timeout = 300s (custom)
2023-01-13 04:28:19,327 [pool-117-thread-1] INFO  server.RaftServerConfigKeys (ConfUtils.java:logGet(46)) - raft.server.retrycache.expirytime = 600000ms (custom)
2023-01-13 04:28:19,327 [pool-117-thread-1] INFO  server.RaftServerConfigKeys (ConfUtils.java:logGet(46)) - raft.server.retrycache.statistics.expirytime = 100μs (default)
2023-01-13 04:28:19,332 [pool-117-thread-1] INFO  server.RaftServerConfigKeys (ConfUtils.java:logGet(46)) - raft.server.log.appender.install.snapshot.enabled = false (custom)
2023-01-13 04:28:19,332 [pool-117-thread-1] INFO  server.RaftServerConfigKeys (ConfUtils.java:logGet(46)) - raft.server.threadpool.server.cached = true (default)
2023-01-13 04:28:19,332 [pool-117-thread-1] INFO  server.RaftServerConfigKeys (ConfUtils.java:logGet(46)) - raft.server.threadpool.server.size = 0 (default)
2023-01-13 04:28:19,332 [pool-117-thread-1] INFO  server.RaftServerConfigKeys (ConfUtils.java:logGet(46)) - raft.server.threadpool.client.cached = true (default)
2023-01-13 04:28:19,332 [pool-117-thread-1] INFO  server.RaftServerConfigKeys (ConfUtils.java:logGet(46)) - raft.server.threadpool.client.size = 0 (default)
2023-01-13 04:28:19,332 [pool-117-thread-1] INFO  storage.RaftStorageDirectory (RaftStorageDirectoryImpl.java:analyzeStorage(137)) - The storage directory /home/runner/work/ozone/ozone/hadoop-ozone/integration-test/target/test-dir/MiniOzoneClusterImpl-cf27e86b-a5d2-4d86-a5ef-f90d19c9ea90/datanode-2/data/ratis/c53c5f85-8095-462e-ad08-ae80aaee6f0e does not exist. Creating ...
2023-01-13 04:28:19,334 [pool-117-thread-1] INFO  storage.RaftStorageDirectory (RaftStorageDirectoryImpl.java:tryLock(231)) - Lock on /home/runner/work/ozone/ozone/hadoop-ozone/integration-test/target/test-dir/MiniOzoneClusterImpl-cf27e86b-a5d2-4d86-a5ef-f90d19c9ea90/datanode-2/data/ratis/c53c5f85-8095-462e-ad08-ae80aaee6f0e/in_use.lock acquired by nodename 70585@fv-az178-476
2023-01-13 04:28:19,335 [pool-117-thread-1] INFO  storage.RaftStorage (RaftStorageImpl.java:format(96)) - Storage directory /home/runner/work/ozone/ozone/hadoop-ozone/integration-test/target/test-dir/MiniOzoneClusterImpl-cf27e86b-a5d2-4d86-a5ef-f90d19c9ea90/datanode-2/data/ratis/c53c5f85-8095-462e-ad08-ae80aaee6f0e has been successfully formatted.
2023-01-13 04:28:19,335 [pool-117-thread-1] INFO  ratis.ContainerStateMachine (ContainerStateMachine.java:loadSnapshot(240)) - group-AE80AAEE6F0E: The snapshot info is null. Setting the last applied indexto:(t:0, i:~)
2023-01-13 04:28:19,336 [pool-117-thread-1] INFO  server.RaftServerConfigKeys (ConfUtils.java:logGet(46)) - raft.server.log.use.memory = false (default)
2023-01-13 04:28:19,336 [pool-117-thread-1] INFO  server.RaftServerConfigKeys (ConfUtils.java:logGet(46)) - raft.server.log.purge.gap = 1000000 (custom)
2023-01-13 04:28:19,336 [pool-117-thread-1] INFO  server.RaftServerConfigKeys (ConfUtils.java:logGet(46)) - raft.server.log.appender.buffer.byte-limit = 33554432 (custom)
2023-01-13 04:28:19,336 [pool-117-thread-1] INFO  server.RaftServerConfigKeys (ConfUtils.java:logGet(46)) - raft.server.log.statemachine.data.read.timeout = 1000ms (default)
2023-01-13 04:28:19,336 [pool-117-thread-1] INFO  server.RaftServerConfigKeys (ConfUtils.java:logGet(46)) - raft.server.log.purge.preservation.log.num = 0 (default)
2023-01-13 04:28:19,336 [pool-117-thread-1] INFO  server.RaftServerConfigKeys (ConfUtils.java:logGet(46)) - raft.server.log.segment.size.max = 1048576 (custom)
2023-01-13 04:28:19,337 [pool-117-thread-1] INFO  server.RaftServerConfigKeys (ConfUtils.java:logGet(46)) - raft.server.log.segment.cache.num.max = 2 (custom)
2023-01-13 04:28:19,337 [pool-117-thread-1] INFO  server.RaftServerConfigKeys (ConfUtils.java:logGet(46)) - raft.server.log.segment.cache.size.max = 200MB (=209715200) (default)
2023-01-13 04:28:19,337 [pool-117-thread-1] INFO  segmented.SegmentedRaftLogWorker (SegmentedRaftLogWorker.java:<init>(189)) - new f09534d9-27f0-4bd2-ae55-341cfd68a0eb@group-AE80AAEE6F0E-SegmentedRaftLogWorker for RaftStorageImpl:Storage Directory /home/runner/work/ozone/ozone/hadoop-ozone/integration-test/target/test-dir/MiniOzoneClusterImpl-cf27e86b-a5d2-4d86-a5ef-f90d19c9ea90/datanode-2/data/ratis/c53c5f85-8095-462e-ad08-ae80aaee6f0e
2023-01-13 04:28:19,337 [pool-117-thread-1] INFO  server.RaftServerConfigKeys (ConfUtils.java:logGet(46)) - raft.server.log.queue.byte-limit = 4294967296 (custom)
2023-01-13 04:28:19,337 [pool-117-thread-1] INFO  server.RaftServerConfigKeys (ConfUtils.java:logGet(46)) - raft.server.log.queue.element-limit = 1024 (custom)
2023-01-13 04:28:19,337 [pool-117-thread-1] INFO  server.RaftServerConfigKeys (ConfUtils.java:logGet(46)) - raft.server.log.segment.size.max = 1048576 (custom)
2023-01-13 04:28:19,337 [pool-117-thread-1] INFO  server.RaftServerConfigKeys (ConfUtils.java:logGet(46)) - raft.server.log.preallocated.size = 16384 (custom)
2023-01-13 04:28:19,337 [pool-117-thread-1] INFO  server.RaftServerConfigKeys (ConfUtils.java:logGet(46)) - raft.server.log.force.sync.num = 128 (default)
2023-01-13 04:28:19,337 [pool-117-thread-1] INFO  server.RaftServerConfigKeys (ConfUtils.java:logGet(46)) - raft.server.log.statemachine.data.sync = true (default)
2023-01-13 04:28:19,337 [pool-117-thread-1] INFO  server.RaftServerConfigKeys (ConfUtils.java:logGet(46)) - raft.server.log.statemachine.data.sync.timeout = 10s (default)
2023-01-13 04:28:19,343 [pool-117-thread-1] INFO  server.RaftServerConfigKeys (ConfUtils.java:logGet(46)) - raft.server.log.statemachine.data.sync.timeout.retry = -1 (default)
2023-01-13 04:28:19,344 [EventQueue-OpenPipelineForHealthyPipelineSafeModeRule] INFO  safemode.SCMSafeModeManager (HealthyPipelineSafeModeRule.java:process(137)) - SCM in safe mode. Healthy pipelines reported count is 0, required healthy pipeline reported count is 1
2023-01-13 04:28:19,346 [pool-117-thread-1] INFO  server.RaftServerConfigKeys (ConfUtils.java:logGet(46)) - raft.server.log.write.buffer.size = 1048576 (custom)
2023-01-13 04:28:19,350 [pool-117-thread-1] INFO  server.RaftServerConfigKeys (ConfUtils.java:logGet(46)) - raft.server.log.appender.buffer.byte-limit = 33554432 (custom)
2023-01-13 04:28:19,361 [pool-117-thread-1] INFO  server.RaftServerConfigKeys (ConfUtils.java:logGet(46)) - raft.server.log.unsafe-flush.enabled = false (default)
2023-01-13 04:28:19,361 [pool-117-thread-1] INFO  server.RaftServerConfigKeys (ConfUtils.java:logGet(46)) - raft.server.log.async-flush.enabled = false (default)
2023-01-13 04:28:19,361 [pool-117-thread-1] INFO  server.RaftServerConfigKeys (ConfUtils.java:logGet(46)) - raft.server.log.statemachine.data.caching.enabled = true (custom)
2023-01-13 04:28:19,361 [pool-117-thread-1] INFO  segmented.SegmentedRaftLogWorker (SegmentedRaftLogWorker.java:lambda$new$0(135)) - f09534d9-27f0-4bd2-ae55-341cfd68a0eb@group-AE80AAEE6F0E-SegmentedRaftLogWorker: flushIndex: setUnconditionally 0 -> -1
2023-01-13 04:28:19,361 [pool-117-thread-1] INFO  segmented.SegmentedRaftLogWorker (SegmentedRaftLogWorker.java:lambda$new$0(135)) - f09534d9-27f0-4bd2-ae55-341cfd68a0eb@group-AE80AAEE6F0E-SegmentedRaftLogWorker: safeCacheEvictIndex: setUnconditionally 0 -> -1
2023-01-13 04:28:19,362 [pool-117-thread-1] INFO  server.RaftServer$Division (RaftServerImpl.java:start(334)) - f09534d9-27f0-4bd2-ae55-341cfd68a0eb@group-AE80AAEE6F0E: start as a follower, conf=-1: peers:[9fcca57a-0016-4a7b-b88c-860e873da22c|rpc:10.1.0.110:34233|dataStream:10.1.0.110:38333|priority:0|startupRole:FOLLOWER, 6aa17f19-7961-4978-9ee2-0d39d3b5a231|rpc:10.1.0.110:40935|dataStream:10.1.0.110:43381|priority:0|startupRole:FOLLOWER, f09534d9-27f0-4bd2-ae55-341cfd68a0eb|rpc:10.1.0.110:41553|dataStream:10.1.0.110:46259|priority:1|startupRole:FOLLOWER]|listeners:[], old=null
2023-01-13 04:28:19,362 [pool-117-thread-1] INFO  server.RaftServer$Division (RaftServerImpl.java:setRole(321)) - f09534d9-27f0-4bd2-ae55-341cfd68a0eb@group-AE80AAEE6F0E: changes role from      null to FOLLOWER at term 0 for startAsFollower
2023-01-13 04:28:19,362 [pool-117-thread-1] INFO  impl.RoleInfo (RoleInfo.java:updateAndGet(139)) - f09534d9-27f0-4bd2-ae55-341cfd68a0eb: start f09534d9-27f0-4bd2-ae55-341cfd68a0eb@group-AE80AAEE6F0E-FollowerState
2023-01-13 04:28:19,362 [pool-117-thread-1] INFO  util.JmxRegister (JmxRegister.java:tryRegister(44)) - Successfully registered JMX Bean with object name Ratis:service=RaftServer,group=group-AE80AAEE6F0E,id=f09534d9-27f0-4bd2-ae55-341cfd68a0eb
2023-01-13 04:28:19,362 [pool-117-thread-1] INFO  server.RaftServerConfigKeys (ConfUtils.java:logGet(46)) - raft.server.snapshot.auto.trigger.enabled = true (custom)
2023-01-13 04:28:19,362 [pool-117-thread-1] INFO  server.RaftServerConfigKeys (ConfUtils.java:logGet(46)) - raft.server.snapshot.auto.trigger.threshold = 10000 (custom)
2023-01-13 04:28:19,362 [pool-117-thread-1] INFO  server.RaftServerConfigKeys (ConfUtils.java:logGet(46)) - raft.server.snapshot.retention.file.num = 5 (custom)
2023-01-13 04:28:19,362 [pool-117-thread-1] INFO  server.RaftServerConfigKeys (ConfUtils.java:logGet(46)) - raft.server.log.purge.upto.snapshot.index = false (default)
2023-01-13 04:28:19,363 [f09534d9-27f0-4bd2-ae55-341cfd68a0eb@group-AE80AAEE6F0E-FollowerState] INFO  server.RaftServerConfigKeys (ConfUtils.java:logFallback(53)) - raft.server.rpc.first-election.timeout.min = 5s (fallback to raft.server.rpc.timeout.min)
2023-01-13 04:28:19,379 [f09534d9-27f0-4bd2-ae55-341cfd68a0eb@group-AE80AAEE6F0E-FollowerState] INFO  server.RaftServerConfigKeys (ConfUtils.java:logFallback(53)) - raft.server.rpc.first-election.timeout.max = 5200ms (fallback to raft.server.rpc.timeout.max)
2023-01-13 04:28:19,379 [Command processor thread] INFO  ratis.XceiverServerRatis (XceiverServerRatis.java:addGroup(806)) - Created group PipelineID=c53c5f85-8095-462e-ad08-ae80aaee6f0e
2023-01-13 04:28:19,487 [Command processor thread] INFO  commandhandler.CreatePipelineCommandHandler (CreatePipelineCommandHandler.java:handle(113)) - Created Pipeline RATIS THREE PipelineID=c53c5f85-8095-462e-ad08-ae80aaee6f0e.
2023-01-13 04:28:19,487 [Command processor thread] INFO  server.RaftServer (RaftServerProxy.java:addNew(96)) - 9fcca57a-0016-4a7b-b88c-860e873da22c: addNew group-5C9CB3533042:[6aa17f19-7961-4978-9ee2-0d39d3b5a231|rpc:10.1.0.110:40935|dataStream:10.1.0.110:43381|priority:0|startupRole:FOLLOWER, 9fcca57a-0016-4a7b-b88c-860e873da22c|rpc:10.1.0.110:34233|dataStream:10.1.0.110:38333|priority:1|startupRole:FOLLOWER, f09534d9-27f0-4bd2-ae55-341cfd68a0eb|rpc:10.1.0.110:41553|dataStream:10.1.0.110:46259|priority:0|startupRole:FOLLOWER] returns group-5C9CB3533042:java.util.concurrent.CompletableFuture@1cee000[Not completed]
2023-01-13 04:28:19,488 [pool-94-thread-1] INFO  server.RaftServer$Division (RaftServerImpl.java:<init>(195)) - 9fcca57a-0016-4a7b-b88c-860e873da22c: new RaftServerImpl for group-5C9CB3533042:[6aa17f19-7961-4978-9ee2-0d39d3b5a231|rpc:10.1.0.110:40935|dataStream:10.1.0.110:43381|priority:0|startupRole:FOLLOWER, 9fcca57a-0016-4a7b-b88c-860e873da22c|rpc:10.1.0.110:34233|dataStream:10.1.0.110:38333|priority:1|startupRole:FOLLOWER, f09534d9-27f0-4bd2-ae55-341cfd68a0eb|rpc:10.1.0.110:41553|dataStream:10.1.0.110:46259|priority:0|startupRole:FOLLOWER] with ContainerStateMachine:uninitialized
2023-01-13 04:28:19,488 [pool-94-thread-1] INFO  server.RaftServerConfigKeys (ConfUtils.java:logGet(46)) - raft.server.rpc.timeout.min = 5s (custom)
2023-01-13 04:28:19,488 [pool-94-thread-1] INFO  server.RaftServerConfigKeys (ConfUtils.java:logGet(46)) - raft.server.rpc.timeout.max = 5200ms (custom)
2023-01-13 04:28:19,488 [pool-94-thread-1] INFO  server.RaftServerConfigKeys (ConfUtils.java:logGet(46)) - raft.server.rpc.sleep.time = 25ms (default)
2023-01-13 04:28:19,488 [pool-94-thread-1] INFO  server.RaftServerConfigKeys (ConfUtils.java:logGet(46)) - raft.server.rpc.slowness.timeout = 300s (custom)
2023-01-13 04:28:19,488 [pool-94-thread-1] INFO  server.RaftServerConfigKeys (ConfUtils.java:logGet(46)) - raft.server.leaderelection.leader.step-down.wait-time = 10s (default)
2023-01-13 04:28:19,488 [pool-94-thread-1] INFO  server.RaftServerConfigKeys (ConfUtils.java:logGet(46)) - raft.server.sleep.deviation.threshold = 300ms (default)
2023-01-13 04:28:19,489 [pool-94-thread-1] INFO  server.RaftServer$Division (ServerState.java:<init>(118)) - 9fcca57a-0016-4a7b-b88c-860e873da22c@group-5C9CB3533042: ConfigurationManager, init=-1: peers:[6aa17f19-7961-4978-9ee2-0d39d3b5a231|rpc:10.1.0.110:40935|dataStream:10.1.0.110:43381|priority:0|startupRole:FOLLOWER, 9fcca57a-0016-4a7b-b88c-860e873da22c|rpc:10.1.0.110:34233|dataStream:10.1.0.110:38333|priority:1|startupRole:FOLLOWER, f09534d9-27f0-4bd2-ae55-341cfd68a0eb|rpc:10.1.0.110:41553|dataStream:10.1.0.110:46259|priority:0|startupRole:FOLLOWER]|listeners:[], old=null, confs=<EMPTY_MAP>
2023-01-13 04:28:19,489 [pool-94-thread-1] INFO  server.RaftServerConfigKeys (ConfUtils.java:logGet(46)) - raft.server.storage.dir = [/home/runner/work/ozone/ozone/hadoop-ozone/integration-test/target/test-dir/MiniOzoneClusterImpl-cf27e86b-a5d2-4d86-a5ef-f90d19c9ea90/datanode-1/data/ratis] (custom)
2023-01-13 04:28:19,489 [pool-94-thread-1] INFO  server.RaftServerConfigKeys (ConfUtils.java:logGet(46)) - raft.server.log.corruption.policy = EXCEPTION (default)
2023-01-13 04:28:19,489 [pool-94-thread-1] INFO  server.RaftServerConfigKeys (ConfUtils.java:logGet(46)) - raft.server.storage.free-space.min = 0MB (=0) (default)
2023-01-13 04:28:19,489 [pool-94-thread-1] INFO  server.RaftServerConfigKeys (ConfUtils.java:logGet(46)) - raft.server.notification.no-leader.timeout = 300s (custom)
2023-01-13 04:28:19,489 [pool-94-thread-1] INFO  server.RaftServerConfigKeys (ConfUtils.java:logGet(46)) - raft.server.retrycache.expirytime = 600000ms (custom)
2023-01-13 04:28:19,489 [pool-94-thread-1] INFO  server.RaftServerConfigKeys (ConfUtils.java:logGet(46)) - raft.server.retrycache.statistics.expirytime = 100μs (default)
2023-01-13 04:28:19,490 [pool-94-thread-1] INFO  server.RaftServerConfigKeys (ConfUtils.java:logGet(46)) - raft.server.log.appender.install.snapshot.enabled = false (custom)
2023-01-13 04:28:19,490 [pool-94-thread-1] INFO  server.RaftServerConfigKeys (ConfUtils.java:logGet(46)) - raft.server.threadpool.server.cached = true (default)
2023-01-13 04:28:19,490 [pool-94-thread-1] INFO  server.RaftServerConfigKeys (ConfUtils.java:logGet(46)) - raft.server.threadpool.server.size = 0 (default)
2023-01-13 04:28:19,490 [pool-94-thread-1] INFO  server.RaftServerConfigKeys (ConfUtils.java:logGet(46)) - raft.server.threadpool.client.cached = true (default)
2023-01-13 04:28:19,490 [pool-94-thread-1] INFO  server.RaftServerConfigKeys (ConfUtils.java:logGet(46)) - raft.server.threadpool.client.size = 0 (default)
2023-01-13 04:28:19,491 [pool-94-thread-1] INFO  storage.RaftStorageDirectory (RaftStorageDirectoryImpl.java:analyzeStorage(137)) - The storage directory /home/runner/work/ozone/ozone/hadoop-ozone/integration-test/target/test-dir/MiniOzoneClusterImpl-cf27e86b-a5d2-4d86-a5ef-f90d19c9ea90/datanode-1/data/ratis/c5d81b8f-ffbd-4b6c-b745-5c9cb3533042 does not exist. Creating ...
2023-01-13 04:28:19,492 [pool-94-thread-1] INFO  storage.RaftStorageDirectory (RaftStorageDirectoryImpl.java:tryLock(231)) - Lock on /home/runner/work/ozone/ozone/hadoop-ozone/integration-test/target/test-dir/MiniOzoneClusterImpl-cf27e86b-a5d2-4d86-a5ef-f90d19c9ea90/datanode-1/data/ratis/c5d81b8f-ffbd-4b6c-b745-5c9cb3533042/in_use.lock acquired by nodename 70585@fv-az178-476
2023-01-13 04:28:19,493 [pool-94-thread-1] INFO  storage.RaftStorage (RaftStorageImpl.java:format(96)) - Storage directory /home/runner/work/ozone/ozone/hadoop-ozone/integration-test/target/test-dir/MiniOzoneClusterImpl-cf27e86b-a5d2-4d86-a5ef-f90d19c9ea90/datanode-1/data/ratis/c5d81b8f-ffbd-4b6c-b745-5c9cb3533042 has been successfully formatted.
2023-01-13 04:28:19,494 [pool-94-thread-1] INFO  ratis.ContainerStateMachine (ContainerStateMachine.java:loadSnapshot(240)) - group-5C9CB3533042: The snapshot info is null. Setting the last applied indexto:(t:0, i:~)
2023-01-13 04:28:19,496 [Command processor thread] INFO  commandhandler.CreatePipelineCommandHandler (CreatePipelineCommandHandler.java:handle(113)) - Created Pipeline RATIS THREE PipelineID=c53c5f85-8095-462e-ad08-ae80aaee6f0e.
2023-01-13 04:28:19,498 [Command processor thread] INFO  server.RaftServer (RaftServerProxy.java:addNew(96)) - 6aa17f19-7961-4978-9ee2-0d39d3b5a231: addNew group-5C9CB3533042:[6aa17f19-7961-4978-9ee2-0d39d3b5a231|rpc:10.1.0.110:40935|dataStream:10.1.0.110:43381|priority:0|startupRole:FOLLOWER, 9fcca57a-0016-4a7b-b88c-860e873da22c|rpc:10.1.0.110:34233|dataStream:10.1.0.110:38333|priority:1|startupRole:FOLLOWER, f09534d9-27f0-4bd2-ae55-341cfd68a0eb|rpc:10.1.0.110:41553|dataStream:10.1.0.110:46259|priority:0|startupRole:FOLLOWER] returns group-5C9CB3533042:java.util.concurrent.CompletableFuture@2d48a7f[Not completed]
2023-01-13 04:28:19,496 [EventQueue-OpenPipelineForHealthyPipelineSafeModeRule] INFO  safemode.SCMSafeModeManager (HealthyPipelineSafeModeRule.java:process(137)) - SCM in safe mode. Healthy pipelines reported count is 0, required healthy pipeline reported count is 1
2023-01-13 04:28:19,497 [pool-94-thread-1] INFO  server.RaftServerConfigKeys (ConfUtils.java:logGet(46)) - raft.server.log.use.memory = false (default)
2023-01-13 04:28:19,499 [pool-71-thread-1] INFO  server.RaftServer$Division (RaftServerImpl.java:<init>(195)) - 6aa17f19-7961-4978-9ee2-0d39d3b5a231: new RaftServerImpl for group-5C9CB3533042:[6aa17f19-7961-4978-9ee2-0d39d3b5a231|rpc:10.1.0.110:40935|dataStream:10.1.0.110:43381|priority:0|startupRole:FOLLOWER, 9fcca57a-0016-4a7b-b88c-860e873da22c|rpc:10.1.0.110:34233|dataStream:10.1.0.110:38333|priority:1|startupRole:FOLLOWER, f09534d9-27f0-4bd2-ae55-341cfd68a0eb|rpc:10.1.0.110:41553|dataStream:10.1.0.110:46259|priority:0|startupRole:FOLLOWER] with ContainerStateMachine:uninitialized
2023-01-13 04:28:19,499 [pool-71-thread-1] INFO  server.RaftServerConfigKeys (ConfUtils.java:logGet(46)) - raft.server.rpc.timeout.min = 5s (custom)
2023-01-13 04:28:19,499 [pool-71-thread-1] INFO  server.RaftServerConfigKeys (ConfUtils.java:logGet(46)) - raft.server.rpc.timeout.max = 5200ms (custom)
2023-01-13 04:28:19,499 [pool-71-thread-1] INFO  server.RaftServerConfigKeys (ConfUtils.java:logGet(46)) - raft.server.rpc.sleep.time = 25ms (default)
2023-01-13 04:28:19,499 [pool-71-thread-1] INFO  server.RaftServerConfigKeys (ConfUtils.java:logGet(46)) - raft.server.rpc.slowness.timeout = 300s (custom)
2023-01-13 04:28:19,499 [pool-71-thread-1] INFO  server.RaftServerConfigKeys (ConfUtils.java:logGet(46)) - raft.server.leaderelection.leader.step-down.wait-time = 10s (default)
2023-01-13 04:28:19,499 [pool-71-thread-1] INFO  server.RaftServerConfigKeys (ConfUtils.java:logGet(46)) - raft.server.sleep.deviation.threshold = 300ms (default)
2023-01-13 04:28:19,500 [pool-71-thread-1] INFO  server.RaftServer$Division (ServerState.java:<init>(118)) - 6aa17f19-7961-4978-9ee2-0d39d3b5a231@group-5C9CB3533042: ConfigurationManager, init=-1: peers:[6aa17f19-7961-4978-9ee2-0d39d3b5a231|rpc:10.1.0.110:40935|dataStream:10.1.0.110:43381|priority:0|startupRole:FOLLOWER, 9fcca57a-0016-4a7b-b88c-860e873da22c|rpc:10.1.0.110:34233|dataStream:10.1.0.110:38333|priority:1|startupRole:FOLLOWER, f09534d9-27f0-4bd2-ae55-341cfd68a0eb|rpc:10.1.0.110:41553|dataStream:10.1.0.110:46259|priority:0|startupRole:FOLLOWER]|listeners:[], old=null, confs=<EMPTY_MAP>
2023-01-13 04:28:19,500 [pool-71-thread-1] INFO  server.RaftServerConfigKeys (ConfUtils.java:logGet(46)) - raft.server.storage.dir = [/home/runner/work/ozone/ozone/hadoop-ozone/integration-test/target/test-dir/MiniOzoneClusterImpl-cf27e86b-a5d2-4d86-a5ef-f90d19c9ea90/datanode-0/data/ratis] (custom)
2023-01-13 04:28:19,500 [pool-71-thread-1] INFO  server.RaftServerConfigKeys (ConfUtils.java:logGet(46)) - raft.server.log.corruption.policy = EXCEPTION (default)
2023-01-13 04:28:19,500 [pool-71-thread-1] INFO  server.RaftServerConfigKeys (ConfUtils.java:logGet(46)) - raft.server.storage.free-space.min = 0MB (=0) (default)
2023-01-13 04:28:19,500 [pool-71-thread-1] INFO  server.RaftServerConfigKeys (ConfUtils.java:logGet(46)) - raft.server.notification.no-leader.timeout = 300s (custom)
2023-01-13 04:28:19,500 [pool-71-thread-1] INFO  server.RaftServerConfigKeys (ConfUtils.java:logGet(46)) - raft.server.retrycache.expirytime = 600000ms (custom)
2023-01-13 04:28:19,500 [pool-71-thread-1] INFO  server.RaftServerConfigKeys (ConfUtils.java:logGet(46)) - raft.server.retrycache.statistics.expirytime = 100μs (default)
2023-01-13 04:28:19,500 [pool-94-thread-1] INFO  server.RaftServerConfigKeys (ConfUtils.java:logGet(46)) - raft.server.log.purge.gap = 1000000 (custom)
2023-01-13 04:28:19,502 [pool-94-thread-1] INFO  server.RaftServerConfigKeys (ConfUtils.java:logGet(46)) - raft.server.log.appender.buffer.byte-limit = 33554432 (custom)
2023-01-13 04:28:19,502 [pool-94-thread-1] INFO  server.RaftServerConfigKeys (ConfUtils.java:logGet(46)) - raft.server.log.statemachine.data.read.timeout = 1000ms (default)
2023-01-13 04:28:19,502 [pool-94-thread-1] INFO  server.RaftServerConfigKeys (ConfUtils.java:logGet(46)) - raft.server.log.purge.preservation.log.num = 0 (default)
2023-01-13 04:28:19,503 [pool-94-thread-1] INFO  server.RaftServerConfigKeys (ConfUtils.java:logGet(46)) - raft.server.log.segment.size.max = 1048576 (custom)
2023-01-13 04:28:19,503 [pool-71-thread-1] INFO  server.RaftServerConfigKeys (ConfUtils.java:logGet(46)) - raft.server.log.appender.install.snapshot.enabled = false (custom)
2023-01-13 04:28:19,503 [pool-71-thread-1] INFO  server.RaftServerConfigKeys (ConfUtils.java:logGet(46)) - raft.server.threadpool.server.cached = true (default)
2023-01-13 04:28:19,503 [pool-71-thread-1] INFO  server.RaftServerConfigKeys (ConfUtils.java:logGet(46)) - raft.server.threadpool.server.size = 0 (default)
2023-01-13 04:28:19,503 [pool-71-thread-1] INFO  server.RaftServerConfigKeys (ConfUtils.java:logGet(46)) - raft.server.threadpool.client.cached = true (default)
2023-01-13 04:28:19,503 [pool-94-thread-1] INFO  server.RaftServerConfigKeys (ConfUtils.java:logGet(46)) - raft.server.log.segment.cache.num.max = 2 (custom)
2023-01-13 04:28:19,506 [pool-71-thread-1] INFO  server.RaftServerConfigKeys (ConfUtils.java:logGet(46)) - raft.server.threadpool.client.size = 0 (default)
2023-01-13 04:28:19,506 [pool-71-thread-1] INFO  storage.RaftStorageDirectory (RaftStorageDirectoryImpl.java:analyzeStorage(137)) - The storage directory /home/runner/work/ozone/ozone/hadoop-ozone/integration-test/target/test-dir/MiniOzoneClusterImpl-cf27e86b-a5d2-4d86-a5ef-f90d19c9ea90/datanode-0/data/ratis/c5d81b8f-ffbd-4b6c-b745-5c9cb3533042 does not exist. Creating ...
2023-01-13 04:28:19,507 [Command processor thread] INFO  commandhandler.CreatePipelineCommandHandler (CreatePipelineCommandHandler.java:handle(113)) - Created Pipeline RATIS THREE PipelineID=c53c5f85-8095-462e-ad08-ae80aaee6f0e.
2023-01-13 04:28:19,507 [pool-94-thread-1] INFO  server.RaftServerConfigKeys (ConfUtils.java:logGet(46)) - raft.server.log.segment.cache.size.max = 200MB (=209715200) (default)
2023-01-13 04:28:19,508 [pool-117-thread-1] INFO  server.RaftServer$Division (RaftServerImpl.java:<init>(195)) - f09534d9-27f0-4bd2-ae55-341cfd68a0eb: new RaftServerImpl for group-5C9CB3533042:[6aa17f19-7961-4978-9ee2-0d39d3b5a231|rpc:10.1.0.110:40935|dataStream:10.1.0.110:43381|priority:0|startupRole:FOLLOWER, 9fcca57a-0016-4a7b-b88c-860e873da22c|rpc:10.1.0.110:34233|dataStream:10.1.0.110:38333|priority:1|startupRole:FOLLOWER, f09534d9-27f0-4bd2-ae55-341cfd68a0eb|rpc:10.1.0.110:41553|dataStream:10.1.0.110:46259|priority:0|startupRole:FOLLOWER] with ContainerStateMachine:uninitialized
2023-01-13 04:28:19,507 [Command processor thread] INFO  server.RaftServer (RaftServerProxy.java:addNew(96)) - f09534d9-27f0-4bd2-ae55-341cfd68a0eb: addNew group-5C9CB3533042:[6aa17f19-7961-4978-9ee2-0d39d3b5a231|rpc:10.1.0.110:40935|dataStream:10.1.0.110:43381|priority:0|startupRole:FOLLOWER, 9fcca57a-0016-4a7b-b88c-860e873da22c|rpc:10.1.0.110:34233|dataStream:10.1.0.110:38333|priority:1|startupRole:FOLLOWER, f09534d9-27f0-4bd2-ae55-341cfd68a0eb|rpc:10.1.0.110:41553|dataStream:10.1.0.110:46259|priority:0|startupRole:FOLLOWER] returns group-5C9CB3533042:java.util.concurrent.CompletableFuture@44790f22[Not completed]
2023-01-13 04:28:19,508 [pool-94-thread-1] INFO  segmented.SegmentedRaftLogWorker (SegmentedRaftLogWorker.java:<init>(189)) - new 9fcca57a-0016-4a7b-b88c-860e873da22c@group-5C9CB3533042-SegmentedRaftLogWorker for RaftStorageImpl:Storage Directory /home/runner/work/ozone/ozone/hadoop-ozone/integration-test/target/test-dir/MiniOzoneClusterImpl-cf27e86b-a5d2-4d86-a5ef-f90d19c9ea90/datanode-1/data/ratis/c5d81b8f-ffbd-4b6c-b745-5c9cb3533042
2023-01-13 04:28:19,508 [pool-71-thread-1] INFO  storage.RaftStorageDirectory (RaftStorageDirectoryImpl.java:tryLock(231)) - Lock on /home/runner/work/ozone/ozone/hadoop-ozone/integration-test/target/test-dir/MiniOzoneClusterImpl-cf27e86b-a5d2-4d86-a5ef-f90d19c9ea90/datanode-0/data/ratis/c5d81b8f-ffbd-4b6c-b745-5c9cb3533042/in_use.lock acquired by nodename 70585@fv-az178-476
2023-01-13 04:28:19,508 [pool-117-thread-1] INFO  server.RaftServerConfigKeys (ConfUtils.java:logGet(46)) - raft.server.rpc.timeout.min = 5s (custom)
2023-01-13 04:28:19,509 [pool-117-thread-1] INFO  server.RaftServerConfigKeys (ConfUtils.java:logGet(46)) - raft.server.rpc.timeout.max = 5200ms (custom)
2023-01-13 04:28:19,509 [pool-117-thread-1] INFO  server.RaftServerConfigKeys (ConfUtils.java:logGet(46)) - raft.server.rpc.sleep.time = 25ms (default)
2023-01-13 04:28:19,509 [pool-117-thread-1] INFO  server.RaftServerConfigKeys (ConfUtils.java:logGet(46)) - raft.server.rpc.slowness.timeout = 300s (custom)
2023-01-13 04:28:19,509 [pool-117-thread-1] INFO  server.RaftServerConfigKeys (ConfUtils.java:logGet(46)) - raft.server.leaderelection.leader.step-down.wait-time = 10s (default)
2023-01-13 04:28:19,509 [pool-117-thread-1] INFO  server.RaftServerConfigKeys (ConfUtils.java:logGet(46)) - raft.server.sleep.deviation.threshold = 300ms (default)
2023-01-13 04:28:19,509 [pool-117-thread-1] INFO  server.RaftServer$Division (ServerState.java:<init>(118)) - f09534d9-27f0-4bd2-ae55-341cfd68a0eb@group-5C9CB3533042: ConfigurationManager, init=-1: peers:[6aa17f19-7961-4978-9ee2-0d39d3b5a231|rpc:10.1.0.110:40935|dataStream:10.1.0.110:43381|priority:0|startupRole:FOLLOWER, 9fcca57a-0016-4a7b-b88c-860e873da22c|rpc:10.1.0.110:34233|dataStream:10.1.0.110:38333|priority:1|startupRole:FOLLOWER, f09534d9-27f0-4bd2-ae55-341cfd68a0eb|rpc:10.1.0.110:41553|dataStream:10.1.0.110:46259|priority:0|startupRole:FOLLOWER]|listeners:[], old=null, confs=<EMPTY_MAP>
2023-01-13 04:28:19,509 [pool-117-thread-1] INFO  server.RaftServerConfigKeys (ConfUtils.java:logGet(46)) - raft.server.storage.dir = [/home/runner/work/ozone/ozone/hadoop-ozone/integration-test/target/test-dir/MiniOzoneClusterImpl-cf27e86b-a5d2-4d86-a5ef-f90d19c9ea90/datanode-2/data/ratis] (custom)
2023-01-13 04:28:19,510 [pool-117-thread-1] INFO  server.RaftServerConfigKeys (ConfUtils.java:logGet(46)) - raft.server.log.corruption.policy = EXCEPTION (default)
2023-01-13 04:28:19,510 [pool-117-thread-1] INFO  server.RaftServerConfigKeys (ConfUtils.java:logGet(46)) - raft.server.storage.free-space.min = 0MB (=0) (default)
2023-01-13 04:28:19,510 [pool-117-thread-1] INFO  server.RaftServerConfigKeys (ConfUtils.java:logGet(46)) - raft.server.notification.no-leader.timeout = 300s (custom)
2023-01-13 04:28:19,510 [pool-117-thread-1] INFO  server.RaftServerConfigKeys (ConfUtils.java:logGet(46)) - raft.server.retrycache.expirytime = 600000ms (custom)
2023-01-13 04:28:19,510 [pool-117-thread-1] INFO  server.RaftServerConfigKeys (ConfUtils.java:logGet(46)) - raft.server.retrycache.statistics.expirytime = 100μs (default)
2023-01-13 04:28:19,511 [pool-71-thread-1] INFO  storage.RaftStorage (RaftStorageImpl.java:format(96)) - Storage directory /home/runner/work/ozone/ozone/hadoop-ozone/integration-test/target/test-dir/MiniOzoneClusterImpl-cf27e86b-a5d2-4d86-a5ef-f90d19c9ea90/datanode-0/data/ratis/c5d81b8f-ffbd-4b6c-b745-5c9cb3533042 has been successfully formatted.
2023-01-13 04:28:19,511 [pool-117-thread-1] INFO  server.RaftServerConfigKeys (ConfUtils.java:logGet(46)) - raft.server.log.appender.install.snapshot.enabled = false (custom)
2023-01-13 04:28:19,511 [pool-71-thread-1] INFO  ratis.ContainerStateMachine (ContainerStateMachine.java:loadSnapshot(240)) - group-5C9CB3533042: The snapshot info is null. Setting the last applied indexto:(t:0, i:~)
2023-01-13 04:28:19,512 [pool-117-thread-1] INFO  server.RaftServerConfigKeys (ConfUtils.java:logGet(46)) - raft.server.threadpool.server.cached = true (default)
2023-01-13 04:28:19,512 [pool-71-thread-1] INFO  server.RaftServerConfigKeys (ConfUtils.java:logGet(46)) - raft.server.log.use.memory = false (default)
2023-01-13 04:28:19,512 [pool-94-thread-1] INFO  server.RaftServerConfigKeys (ConfUtils.java:logGet(46)) - raft.server.log.queue.byte-limit = 4294967296 (custom)
2023-01-13 04:28:19,512 [pool-71-thread-1] INFO  server.RaftServerConfigKeys (ConfUtils.java:logGet(46)) - raft.server.log.purge.gap = 1000000 (custom)
2023-01-13 04:28:19,512 [pool-71-thread-1] INFO  server.RaftServerConfigKeys (ConfUtils.java:logGet(46)) - raft.server.log.appender.buffer.byte-limit = 33554432 (custom)
2023-01-13 04:28:19,512 [pool-71-thread-1] INFO  server.RaftServerConfigKeys (ConfUtils.java:logGet(46)) - raft.server.log.statemachine.data.read.timeout = 1000ms (default)
2023-01-13 04:28:19,512 [pool-71-thread-1] INFO  server.RaftServerConfigKeys (ConfUtils.java:logGet(46)) - raft.server.log.purge.preservation.log.num = 0 (default)
2023-01-13 04:28:19,513 [pool-71-thread-1] INFO  server.RaftServerConfigKeys (ConfUtils.java:logGet(46)) - raft.server.log.segment.size.max = 1048576 (custom)
2023-01-13 04:28:19,514 [pool-71-thread-1] INFO  server.RaftServerConfigKeys (ConfUtils.java:logGet(46)) - raft.server.log.segment.cache.num.max = 2 (custom)
2023-01-13 04:28:19,514 [pool-71-thread-1] INFO  server.RaftServerConfigKeys (ConfUtils.java:logGet(46)) - raft.server.log.segment.cache.size.max = 200MB (=209715200) (default)
2023-01-13 04:28:19,514 [pool-71-thread-1] INFO  segmented.SegmentedRaftLogWorker (SegmentedRaftLogWorker.java:<init>(189)) - new 6aa17f19-7961-4978-9ee2-0d39d3b5a231@group-5C9CB3533042-SegmentedRaftLogWorker for RaftStorageImpl:Storage Directory /home/runner/work/ozone/ozone/hadoop-ozone/integration-test/target/test-dir/MiniOzoneClusterImpl-cf27e86b-a5d2-4d86-a5ef-f90d19c9ea90/datanode-0/data/ratis/c5d81b8f-ffbd-4b6c-b745-5c9cb3533042
2023-01-13 04:28:19,514 [pool-71-thread-1] INFO  server.RaftServerConfigKeys (ConfUtils.java:logGet(46)) - raft.server.log.queue.byte-limit = 4294967296 (custom)
2023-01-13 04:28:19,514 [pool-71-thread-1] INFO  server.RaftServerConfigKeys (ConfUtils.java:logGet(46)) - raft.server.log.queue.element-limit = 1024 (custom)
2023-01-13 04:28:19,514 [pool-71-thread-1] INFO  server.RaftServerConfigKeys (ConfUtils.java:logGet(46)) - raft.server.log.segment.size.max = 1048576 (custom)
2023-01-13 04:28:19,514 [pool-71-thread-1] INFO  server.RaftServerConfigKeys (ConfUtils.java:logGet(46)) - raft.server.log.preallocated.size = 16384 (custom)
2023-01-13 04:28:19,514 [pool-71-thread-1] INFO  server.RaftServerConfigKeys (ConfUtils.java:logGet(46)) - raft.server.log.force.sync.num = 128 (default)
2023-01-13 04:28:19,514 [pool-71-thread-1] INFO  server.RaftServerConfigKeys (ConfUtils.java:logGet(46)) - raft.server.log.statemachine.data.sync = true (default)
2023-01-13 04:28:19,514 [pool-71-thread-1] INFO  server.RaftServerConfigKeys (ConfUtils.java:logGet(46)) - raft.server.log.statemachine.data.sync.timeout = 10s (default)
2023-01-13 04:28:19,514 [pool-71-thread-1] INFO  server.RaftServerConfigKeys (ConfUtils.java:logGet(46)) - raft.server.log.statemachine.data.sync.timeout.retry = -1 (default)
2023-01-13 04:28:19,512 [pool-94-thread-1] INFO  server.RaftServerConfigKeys (ConfUtils.java:logGet(46)) - raft.server.log.queue.element-limit = 1024 (custom)
2023-01-13 04:28:19,519 [pool-94-thread-1] INFO  server.RaftServerConfigKeys (ConfUtils.java:logGet(46)) - raft.server.log.segment.size.max = 1048576 (custom)
2023-01-13 04:28:19,519 [pool-94-thread-1] INFO  server.RaftServerConfigKeys (ConfUtils.java:logGet(46)) - raft.server.log.preallocated.size = 16384 (custom)
2023-01-13 04:28:19,520 [pool-94-thread-1] INFO  server.RaftServerConfigKeys (ConfUtils.java:logGet(46)) - raft.server.log.force.sync.num = 128 (default)
2023-01-13 04:28:19,520 [pool-94-thread-1] INFO  server.RaftServerConfigKeys (ConfUtils.java:logGet(46)) - raft.server.log.statemachine.data.sync = true (default)
2023-01-13 04:28:19,520 [pool-94-thread-1] INFO  server.RaftServerConfigKeys (ConfUtils.java:logGet(46)) - raft.server.log.statemachine.data.sync.timeout = 10s (default)
2023-01-13 04:28:19,520 [pool-94-thread-1] INFO  server.RaftServerConfigKeys (ConfUtils.java:logGet(46)) - raft.server.log.statemachine.data.sync.timeout.retry = -1 (default)
2023-01-13 04:28:19,512 [pool-117-thread-1] INFO  server.RaftServerConfigKeys (ConfUtils.java:logGet(46)) - raft.server.threadpool.server.size = 0 (default)
2023-01-13 04:28:19,515 [pool-71-thread-1] INFO  server.RaftServerConfigKeys (ConfUtils.java:logGet(46)) - raft.server.log.write.buffer.size = 1048576 (custom)
2023-01-13 04:28:19,514 [EventQueue-OpenPipelineForHealthyPipelineSafeModeRule] INFO  safemode.SCMSafeModeManager (HealthyPipelineSafeModeRule.java:process(137)) - SCM in safe mode. Healthy pipelines reported count is 0, required healthy pipeline reported count is 1
2023-01-13 04:28:19,520 [pool-117-thread-1] INFO  server.RaftServerConfigKeys (ConfUtils.java:logGet(46)) - raft.server.threadpool.client.cached = true (default)
2023-01-13 04:28:19,521 [pool-117-thread-1] INFO  server.RaftServerConfigKeys (ConfUtils.java:logGet(46)) - raft.server.threadpool.client.size = 0 (default)
2023-01-13 04:28:19,521 [pool-71-thread-1] INFO  server.RaftServerConfigKeys (ConfUtils.java:logGet(46)) - raft.server.log.appender.buffer.byte-limit = 33554432 (custom)
2023-01-13 04:28:19,521 [pool-117-thread-1] INFO  storage.RaftStorageDirectory (RaftStorageDirectoryImpl.java:analyzeStorage(137)) - The storage directory /home/runner/work/ozone/ozone/hadoop-ozone/integration-test/target/test-dir/MiniOzoneClusterImpl-cf27e86b-a5d2-4d86-a5ef-f90d19c9ea90/datanode-2/data/ratis/c5d81b8f-ffbd-4b6c-b745-5c9cb3533042 does not exist. Creating ...
2023-01-13 04:28:19,521 [pool-94-thread-1] INFO  server.RaftServerConfigKeys (ConfUtils.java:logGet(46)) - raft.server.log.write.buffer.size = 1048576 (custom)
2023-01-13 04:28:19,522 [pool-117-thread-1] INFO  storage.RaftStorageDirectory (RaftStorageDirectoryImpl.java:tryLock(231)) - Lock on /home/runner/work/ozone/ozone/hadoop-ozone/integration-test/target/test-dir/MiniOzoneClusterImpl-cf27e86b-a5d2-4d86-a5ef-f90d19c9ea90/datanode-2/data/ratis/c5d81b8f-ffbd-4b6c-b745-5c9cb3533042/in_use.lock acquired by nodename 70585@fv-az178-476
2023-01-13 04:28:19,523 [pool-117-thread-1] INFO  storage.RaftStorage (RaftStorageImpl.java:format(96)) - Storage directory /home/runner/work/ozone/ozone/hadoop-ozone/integration-test/target/test-dir/MiniOzoneClusterImpl-cf27e86b-a5d2-4d86-a5ef-f90d19c9ea90/datanode-2/data/ratis/c5d81b8f-ffbd-4b6c-b745-5c9cb3533042 has been successfully formatted.
2023-01-13 04:28:19,523 [pool-117-thread-1] INFO  ratis.ContainerStateMachine (ContainerStateMachine.java:loadSnapshot(240)) - group-5C9CB3533042: The snapshot info is null. Setting the last applied indexto:(t:0, i:~)
2023-01-13 04:28:19,523 [pool-117-thread-1] INFO  server.RaftServerConfigKeys (ConfUtils.java:logGet(46)) - raft.server.log.use.memory = false (default)
2023-01-13 04:28:19,523 [pool-117-thread-1] INFO  server.RaftServerConfigKeys (ConfUtils.java:logGet(46)) - raft.server.log.purge.gap = 1000000 (custom)
2023-01-13 04:28:19,524 [pool-117-thread-1] INFO  server.RaftServerConfigKeys (ConfUtils.java:logGet(46)) - raft.server.log.appender.buffer.byte-limit = 33554432 (custom)
2023-01-13 04:28:19,524 [pool-117-thread-1] INFO  server.RaftServerConfigKeys (ConfUtils.java:logGet(46)) - raft.server.log.statemachine.data.read.timeout = 1000ms (default)
2023-01-13 04:28:19,524 [pool-117-thread-1] INFO  server.RaftServerConfigKeys (ConfUtils.java:logGet(46)) - raft.server.log.purge.preservation.log.num = 0 (default)
2023-01-13 04:28:19,524 [pool-117-thread-1] INFO  server.RaftServerConfigKeys (ConfUtils.java:logGet(46)) - raft.server.log.segment.size.max = 1048576 (custom)
2023-01-13 04:28:19,524 [pool-117-thread-1] INFO  server.RaftServerConfigKeys (ConfUtils.java:logGet(46)) - raft.server.log.segment.cache.num.max = 2 (custom)
2023-01-13 04:28:19,524 [pool-117-thread-1] INFO  server.RaftServerConfigKeys (ConfUtils.java:logGet(46)) - raft.server.log.segment.cache.size.max = 200MB (=209715200) (default)
2023-01-13 04:28:19,524 [pool-117-thread-1] INFO  segmented.SegmentedRaftLogWorker (SegmentedRaftLogWorker.java:<init>(189)) - new f09534d9-27f0-4bd2-ae55-341cfd68a0eb@group-5C9CB3533042-SegmentedRaftLogWorker for RaftStorageImpl:Storage Directory /home/runner/work/ozone/ozone/hadoop-ozone/integration-test/target/test-dir/MiniOzoneClusterImpl-cf27e86b-a5d2-4d86-a5ef-f90d19c9ea90/datanode-2/data/ratis/c5d81b8f-ffbd-4b6c-b745-5c9cb3533042
2023-01-13 04:28:19,524 [pool-117-thread-1] INFO  server.RaftServerConfigKeys (ConfUtils.java:logGet(46)) - raft.server.log.queue.byte-limit = 4294967296 (custom)
2023-01-13 04:28:19,525 [pool-117-thread-1] INFO  server.RaftServerConfigKeys (ConfUtils.java:logGet(46)) - raft.server.log.queue.element-limit = 1024 (custom)
2023-01-13 04:28:19,525 [pool-117-thread-1] INFO  server.RaftServerConfigKeys (ConfUtils.java:logGet(46)) - raft.server.log.segment.size.max = 1048576 (custom)
2023-01-13 04:28:19,525 [pool-117-thread-1] INFO  server.RaftServerConfigKeys (ConfUtils.java:logGet(46)) - raft.server.log.preallocated.size = 16384 (custom)
2023-01-13 04:28:19,525 [pool-117-thread-1] INFO  server.RaftServerConfigKeys (ConfUtils.java:logGet(46)) - raft.server.log.force.sync.num = 128 (default)
2023-01-13 04:28:19,525 [pool-117-thread-1] INFO  server.RaftServerConfigKeys (ConfUtils.java:logGet(46)) - raft.server.log.statemachine.data.sync = true (default)
2023-01-13 04:28:19,525 [pool-117-thread-1] INFO  server.RaftServerConfigKeys (ConfUtils.java:logGet(46)) - raft.server.log.statemachine.data.sync.timeout = 10s (default)
2023-01-13 04:28:19,525 [pool-117-thread-1] INFO  server.RaftServerConfigKeys (ConfUtils.java:logGet(46)) - raft.server.log.statemachine.data.sync.timeout.retry = -1 (default)
2023-01-13 04:28:19,526 [pool-117-thread-1] INFO  server.RaftServerConfigKeys (ConfUtils.java:logGet(46)) - raft.server.log.write.buffer.size = 1048576 (custom)
2023-01-13 04:28:19,526 [pool-94-thread-1] INFO  server.RaftServerConfigKeys (ConfUtils.java:logGet(46)) - raft.server.log.appender.buffer.byte-limit = 33554432 (custom)
2023-01-13 04:28:19,526 [pool-71-thread-1] INFO  server.RaftServerConfigKeys (ConfUtils.java:logGet(46)) - raft.server.log.unsafe-flush.enabled = false (default)
2023-01-13 04:28:19,527 [pool-71-thread-1] INFO  server.RaftServerConfigKeys (ConfUtils.java:logGet(46)) - raft.server.log.async-flush.enabled = false (default)
2023-01-13 04:28:19,527 [pool-71-thread-1] INFO  server.RaftServerConfigKeys (ConfUtils.java:logGet(46)) - raft.server.log.statemachine.data.caching.enabled = true (custom)
2023-01-13 04:28:19,527 [pool-71-thread-1] INFO  segmented.SegmentedRaftLogWorker (SegmentedRaftLogWorker.java:lambda$new$0(135)) - 6aa17f19-7961-4978-9ee2-0d39d3b5a231@group-5C9CB3533042-SegmentedRaftLogWorker: flushIndex: setUnconditionally 0 -> -1
2023-01-13 04:28:19,527 [pool-71-thread-1] INFO  segmented.SegmentedRaftLogWorker (SegmentedRaftLogWorker.java:lambda$new$0(135)) - 6aa17f19-7961-4978-9ee2-0d39d3b5a231@group-5C9CB3533042-SegmentedRaftLogWorker: safeCacheEvictIndex: setUnconditionally 0 -> -1
2023-01-13 04:28:19,527 [pool-71-thread-1] INFO  server.RaftServer$Division (RaftServerImpl.java:start(334)) - 6aa17f19-7961-4978-9ee2-0d39d3b5a231@group-5C9CB3533042: start as a follower, conf=-1: peers:[6aa17f19-7961-4978-9ee2-0d39d3b5a231|rpc:10.1.0.110:40935|dataStream:10.1.0.110:43381|priority:0|startupRole:FOLLOWER, 9fcca57a-0016-4a7b-b88c-860e873da22c|rpc:10.1.0.110:34233|dataStream:10.1.0.110:38333|priority:1|startupRole:FOLLOWER, f09534d9-27f0-4bd2-ae55-341cfd68a0eb|rpc:10.1.0.110:41553|dataStream:10.1.0.110:46259|priority:0|startupRole:FOLLOWER]|listeners:[], old=null
2023-01-13 04:28:19,527 [pool-71-thread-1] INFO  server.RaftServer$Division (RaftServerImpl.java:setRole(321)) - 6aa17f19-7961-4978-9ee2-0d39d3b5a231@group-5C9CB3533042: changes role from      null to FOLLOWER at term 0 for startAsFollower
2023-01-13 04:28:19,527 [pool-71-thread-1] INFO  impl.RoleInfo (RoleInfo.java:updateAndGet(139)) - 6aa17f19-7961-4978-9ee2-0d39d3b5a231: start 6aa17f19-7961-4978-9ee2-0d39d3b5a231@group-5C9CB3533042-FollowerState
2023-01-13 04:28:19,527 [pool-71-thread-1] INFO  util.JmxRegister (JmxRegister.java:tryRegister(44)) - Successfully registered JMX Bean with object name Ratis:service=RaftServer,group=group-5C9CB3533042,id=6aa17f19-7961-4978-9ee2-0d39d3b5a231
2023-01-13 04:28:19,528 [pool-71-thread-1] INFO  server.RaftServerConfigKeys (ConfUtils.java:logGet(46)) - raft.server.snapshot.auto.trigger.enabled = true (custom)
2023-01-13 04:28:19,528 [pool-71-thread-1] INFO  server.RaftServerConfigKeys (ConfUtils.java:logGet(46)) - raft.server.snapshot.auto.trigger.threshold = 10000 (custom)
2023-01-13 04:28:19,528 [pool-71-thread-1] INFO  server.RaftServerConfigKeys (ConfUtils.java:logGet(46)) - raft.server.snapshot.retention.file.num = 5 (custom)
2023-01-13 04:28:19,528 [pool-71-thread-1] INFO  server.RaftServerConfigKeys (ConfUtils.java:logGet(46)) - raft.server.log.purge.upto.snapshot.index = false (default)
2023-01-13 04:28:19,530 [pool-117-thread-1] INFO  server.RaftServerConfigKeys (ConfUtils.java:logGet(46)) - raft.server.log.appender.buffer.byte-limit = 33554432 (custom)
2023-01-13 04:28:19,533 [pool-94-thread-1] INFO  server.RaftServerConfigKeys (ConfUtils.java:logGet(46)) - raft.server.log.unsafe-flush.enabled = false (default)
2023-01-13 04:28:19,531 [6aa17f19-7961-4978-9ee2-0d39d3b5a231@group-5C9CB3533042-FollowerState] INFO  server.RaftServerConfigKeys (ConfUtils.java:logFallback(53)) - raft.server.rpc.first-election.timeout.min = 5s (fallback to raft.server.rpc.timeout.min)
2023-01-13 04:28:19,710 [6aa17f19-7961-4978-9ee2-0d39d3b5a231@group-5C9CB3533042-FollowerState] INFO  server.RaftServerConfigKeys (ConfUtils.java:logFallback(53)) - raft.server.rpc.first-election.timeout.max = 5200ms (fallback to raft.server.rpc.timeout.max)
2023-01-13 04:28:19,710 [pool-94-thread-1] INFO  server.RaftServerConfigKeys (ConfUtils.java:logGet(46)) - raft.server.log.async-flush.enabled = false (default)
2023-01-13 04:28:19,710 [pool-94-thread-1] INFO  server.RaftServerConfigKeys (ConfUtils.java:logGet(46)) - raft.server.log.statemachine.data.caching.enabled = true (custom)
2023-01-13 04:28:19,710 [pool-94-thread-1] INFO  segmented.SegmentedRaftLogWorker (SegmentedRaftLogWorker.java:lambda$new$0(135)) - 9fcca57a-0016-4a7b-b88c-860e873da22c@group-5C9CB3533042-SegmentedRaftLogWorker: flushIndex: setUnconditionally 0 -> -1
2023-01-13 04:28:19,710 [pool-94-thread-1] INFO  segmented.SegmentedRaftLogWorker (SegmentedRaftLogWorker.java:lambda$new$0(135)) - 9fcca57a-0016-4a7b-b88c-860e873da22c@group-5C9CB3533042-SegmentedRaftLogWorker: safeCacheEvictIndex: setUnconditionally 0 -> -1
2023-01-13 04:28:19,711 [EventQueue-OpenPipelineForHealthyPipelineSafeModeRule] INFO  safemode.SCMSafeModeManager (HealthyPipelineSafeModeRule.java:process(137)) - SCM in safe mode. Healthy pipelines reported count is 0, required healthy pipeline reported count is 1
2023-01-13 04:28:19,708 [pool-117-thread-1] INFO  server.RaftServerConfigKeys (ConfUtils.java:logGet(46)) - raft.server.log.unsafe-flush.enabled = false (default)
2023-01-13 04:28:19,703 [Command processor thread] INFO  ratis.XceiverServerRatis (XceiverServerRatis.java:addGroup(806)) - Created group PipelineID=c5d81b8f-ffbd-4b6c-b745-5c9cb3533042
2023-01-13 04:28:19,713 [pool-94-thread-1] INFO  server.RaftServer$Division (RaftServerImpl.java:start(334)) - 9fcca57a-0016-4a7b-b88c-860e873da22c@group-5C9CB3533042: start as a follower, conf=-1: peers:[6aa17f19-7961-4978-9ee2-0d39d3b5a231|rpc:10.1.0.110:40935|dataStream:10.1.0.110:43381|priority:0|startupRole:FOLLOWER, 9fcca57a-0016-4a7b-b88c-860e873da22c|rpc:10.1.0.110:34233|dataStream:10.1.0.110:38333|priority:1|startupRole:FOLLOWER, f09534d9-27f0-4bd2-ae55-341cfd68a0eb|rpc:10.1.0.110:41553|dataStream:10.1.0.110:46259|priority:0|startupRole:FOLLOWER]|listeners:[], old=null
2023-01-13 04:28:19,713 [pool-94-thread-1] INFO  server.RaftServer$Division (RaftServerImpl.java:setRole(321)) - 9fcca57a-0016-4a7b-b88c-860e873da22c@group-5C9CB3533042: changes role from      null to FOLLOWER at term 0 for startAsFollower
2023-01-13 04:28:19,713 [pool-94-thread-1] INFO  impl.RoleInfo (RoleInfo.java:updateAndGet(139)) - 9fcca57a-0016-4a7b-b88c-860e873da22c: start 9fcca57a-0016-4a7b-b88c-860e873da22c@group-5C9CB3533042-FollowerState
2023-01-13 04:28:19,714 [pool-94-thread-1] INFO  util.JmxRegister (JmxRegister.java:tryRegister(44)) - Successfully registered JMX Bean with object name Ratis:service=RaftServer,group=group-5C9CB3533042,id=9fcca57a-0016-4a7b-b88c-860e873da22c
2023-01-13 04:28:19,714 [pool-94-thread-1] INFO  server.RaftServerConfigKeys (ConfUtils.java:logGet(46)) - raft.server.snapshot.auto.trigger.enabled = true (custom)
2023-01-13 04:28:19,714 [pool-94-thread-1] INFO  server.RaftServerConfigKeys (ConfUtils.java:logGet(46)) - raft.server.snapshot.auto.trigger.threshold = 10000 (custom)
2023-01-13 04:28:19,714 [pool-94-thread-1] INFO  server.RaftServerConfigKeys (ConfUtils.java:logGet(46)) - raft.server.snapshot.retention.file.num = 5 (custom)
2023-01-13 04:28:19,714 [pool-94-thread-1] INFO  server.RaftServerConfigKeys (ConfUtils.java:logGet(46)) - raft.server.log.purge.upto.snapshot.index = false (default)
2023-01-13 04:28:19,712 [pool-117-thread-1] INFO  server.RaftServerConfigKeys (ConfUtils.java:logGet(46)) - raft.server.log.async-flush.enabled = false (default)
2023-01-13 04:28:19,725 [pool-117-thread-1] INFO  server.RaftServerConfigKeys (ConfUtils.java:logGet(46)) - raft.server.log.statemachine.data.caching.enabled = true (custom)
2023-01-13 04:28:19,724 [Command processor thread] INFO  ratis.XceiverServerRatis (XceiverServerRatis.java:addGroup(806)) - Created group PipelineID=c5d81b8f-ffbd-4b6c-b745-5c9cb3533042
2023-01-13 04:28:19,724 [Command processor thread] INFO  server.RaftServer (RaftServerProxy.java:addNew(96)) - 765a3633-7eac-4889-b9cb-33342b89fe8b: addNew group-55916863EB15:[765a3633-7eac-4889-b9cb-33342b89fe8b|rpc:10.1.0.110:33437|dataStream:10.1.0.110:45775|priority:1|startupRole:FOLLOWER] returns group-55916863EB15:java.util.concurrent.CompletableFuture@6e1bd984[Not completed]
2023-01-13 04:28:19,720 [Listener at 127.0.0.1/39893] INFO  ozone.MiniOzoneClusterImpl (MiniOzoneClusterImpl.java:lambda$waitForClusterToBeReady$0(218)) - Nodes are ready. Got 7 of 7 DN Heartbeats.
2023-01-13 04:28:19,738 [Listener at 127.0.0.1/39893] INFO  ozone.MiniOzoneClusterImpl (MiniOzoneClusterImpl.java:lambda$waitForClusterToBeReady$0(221)) - Waiting for cluster to exit safe mode
2023-01-13 04:28:19,738 [Listener at 127.0.0.1/39893] INFO  ozone.MiniOzoneClusterImpl (MiniOzoneClusterImpl.java:lambda$waitForClusterToBeReady$0(223)) - SCM became leader
2023-01-13 04:28:19,720 [9fcca57a-0016-4a7b-b88c-860e873da22c@group-5C9CB3533042-FollowerState] INFO  server.RaftServerConfigKeys (ConfUtils.java:logFallback(53)) - raft.server.rpc.first-election.timeout.min = 5s (fallback to raft.server.rpc.timeout.min)
2023-01-13 04:28:19,741 [9fcca57a-0016-4a7b-b88c-860e873da22c@group-5C9CB3533042-FollowerState] INFO  server.RaftServerConfigKeys (ConfUtils.java:logFallback(53)) - raft.server.rpc.first-election.timeout.max = 5200ms (fallback to raft.server.rpc.timeout.max)
2023-01-13 04:28:19,726 [pool-117-thread-1] INFO  segmented.SegmentedRaftLogWorker (SegmentedRaftLogWorker.java:lambda$new$0(135)) - f09534d9-27f0-4bd2-ae55-341cfd68a0eb@group-5C9CB3533042-SegmentedRaftLogWorker: flushIndex: setUnconditionally 0 -> -1
2023-01-13 04:28:19,741 [pool-117-thread-1] INFO  segmented.SegmentedRaftLogWorker (SegmentedRaftLogWorker.java:lambda$new$0(135)) - f09534d9-27f0-4bd2-ae55-341cfd68a0eb@group-5C9CB3533042-SegmentedRaftLogWorker: safeCacheEvictIndex: setUnconditionally 0 -> -1
2023-01-13 04:28:19,742 [pool-117-thread-1] INFO  server.RaftServer$Division (RaftServerImpl.java:start(334)) - f09534d9-27f0-4bd2-ae55-341cfd68a0eb@group-5C9CB3533042: start as a follower, conf=-1: peers:[6aa17f19-7961-4978-9ee2-0d39d3b5a231|rpc:10.1.0.110:40935|dataStream:10.1.0.110:43381|priority:0|startupRole:FOLLOWER, 9fcca57a-0016-4a7b-b88c-860e873da22c|rpc:10.1.0.110:34233|dataStream:10.1.0.110:38333|priority:1|startupRole:FOLLOWER, f09534d9-27f0-4bd2-ae55-341cfd68a0eb|rpc:10.1.0.110:41553|dataStream:10.1.0.110:46259|priority:0|startupRole:FOLLOWER]|listeners:[], old=null
2023-01-13 04:28:19,742 [pool-117-thread-1] INFO  server.RaftServer$Division (RaftServerImpl.java:setRole(321)) - f09534d9-27f0-4bd2-ae55-341cfd68a0eb@group-5C9CB3533042: changes role from      null to FOLLOWER at term 0 for startAsFollower
2023-01-13 04:28:19,742 [pool-117-thread-1] INFO  impl.RoleInfo (RoleInfo.java:updateAndGet(139)) - f09534d9-27f0-4bd2-ae55-341cfd68a0eb: start f09534d9-27f0-4bd2-ae55-341cfd68a0eb@group-5C9CB3533042-FollowerState
2023-01-13 04:28:19,742 [pool-117-thread-1] INFO  util.JmxRegister (JmxRegister.java:tryRegister(44)) - Successfully registered JMX Bean with object name Ratis:service=RaftServer,group=group-5C9CB3533042,id=f09534d9-27f0-4bd2-ae55-341cfd68a0eb
2023-01-13 04:28:19,742 [pool-140-thread-1] INFO  server.RaftServer$Division (RaftServerImpl.java:<init>(195)) - 765a3633-7eac-4889-b9cb-33342b89fe8b: new RaftServerImpl for group-55916863EB15:[765a3633-7eac-4889-b9cb-33342b89fe8b|rpc:10.1.0.110:33437|dataStream:10.1.0.110:45775|priority:1|startupRole:FOLLOWER] with ContainerStateMachine:uninitialized
2023-01-13 04:28:19,742 [pool-117-thread-1] INFO  server.RaftServerConfigKeys (ConfUtils.java:logGet(46)) - raft.server.snapshot.auto.trigger.enabled = true (custom)
2023-01-13 04:28:19,745 [pool-117-thread-1] INFO  server.RaftServerConfigKeys (ConfUtils.java:logGet(46)) - raft.server.snapshot.auto.trigger.threshold = 10000 (custom)
2023-01-13 04:28:19,745 [pool-117-thread-1] INFO  server.RaftServerConfigKeys (ConfUtils.java:logGet(46)) - raft.server.snapshot.retention.file.num = 5 (custom)
2023-01-13 04:28:19,750 [pool-117-thread-1] INFO  server.RaftServerConfigKeys (ConfUtils.java:logGet(46)) - raft.server.log.purge.upto.snapshot.index = false (default)
2023-01-13 04:28:19,745 [pool-140-thread-1] INFO  server.RaftServerConfigKeys (ConfUtils.java:logGet(46)) - raft.server.rpc.timeout.min = 5s (custom)
2023-01-13 04:28:19,750 [pool-140-thread-1] INFO  server.RaftServerConfigKeys (ConfUtils.java:logGet(46)) - raft.server.rpc.timeout.max = 5200ms (custom)
2023-01-13 04:28:19,751 [pool-140-thread-1] INFO  server.RaftServerConfigKeys (ConfUtils.java:logGet(46)) - raft.server.rpc.sleep.time = 25ms (default)
2023-01-13 04:28:19,751 [pool-140-thread-1] INFO  server.RaftServerConfigKeys (ConfUtils.java:logGet(46)) - raft.server.rpc.slowness.timeout = 300s (custom)
2023-01-13 04:28:19,751 [pool-140-thread-1] INFO  server.RaftServerConfigKeys (ConfUtils.java:logGet(46)) - raft.server.leaderelection.leader.step-down.wait-time = 10s (default)
2023-01-13 04:28:19,751 [pool-140-thread-1] INFO  server.RaftServerConfigKeys (ConfUtils.java:logGet(46)) - raft.server.sleep.deviation.threshold = 300ms (default)
2023-01-13 04:28:19,751 [pool-140-thread-1] INFO  server.RaftServer$Division (ServerState.java:<init>(118)) - 765a3633-7eac-4889-b9cb-33342b89fe8b@group-55916863EB15: ConfigurationManager, init=-1: peers:[765a3633-7eac-4889-b9cb-33342b89fe8b|rpc:10.1.0.110:33437|dataStream:10.1.0.110:45775|priority:1|startupRole:FOLLOWER]|listeners:[], old=null, confs=<EMPTY_MAP>
2023-01-13 04:28:19,751 [pool-140-thread-1] INFO  server.RaftServerConfigKeys (ConfUtils.java:logGet(46)) - raft.server.storage.dir = [/home/runner/work/ozone/ozone/hadoop-ozone/integration-test/target/test-dir/MiniOzoneClusterImpl-cf27e86b-a5d2-4d86-a5ef-f90d19c9ea90/datanode-3/data/ratis] (custom)
2023-01-13 04:28:19,751 [pool-140-thread-1] INFO  server.RaftServerConfigKeys (ConfUtils.java:logGet(46)) - raft.server.log.corruption.policy = EXCEPTION (default)
2023-01-13 04:28:19,751 [pool-140-thread-1] INFO  server.RaftServerConfigKeys (ConfUtils.java:logGet(46)) - raft.server.storage.free-space.min = 0MB (=0) (default)
2023-01-13 04:28:19,751 [pool-140-thread-1] INFO  server.RaftServerConfigKeys (ConfUtils.java:logGet(46)) - raft.server.notification.no-leader.timeout = 300s (custom)
2023-01-13 04:28:19,751 [pool-140-thread-1] INFO  server.RaftServerConfigKeys (ConfUtils.java:logGet(46)) - raft.server.retrycache.expirytime = 600000ms (custom)
2023-01-13 04:28:19,751 [pool-140-thread-1] INFO  server.RaftServerConfigKeys (ConfUtils.java:logGet(46)) - raft.server.retrycache.statistics.expirytime = 100μs (default)
2023-01-13 04:28:19,753 [f09534d9-27f0-4bd2-ae55-341cfd68a0eb@group-5C9CB3533042-FollowerState] INFO  server.RaftServerConfigKeys (ConfUtils.java:logFallback(53)) - raft.server.rpc.first-election.timeout.min = 5s (fallback to raft.server.rpc.timeout.min)
2023-01-13 04:28:19,755 [f09534d9-27f0-4bd2-ae55-341cfd68a0eb@group-5C9CB3533042-FollowerState] INFO  server.RaftServerConfigKeys (ConfUtils.java:logFallback(53)) - raft.server.rpc.first-election.timeout.max = 5200ms (fallback to raft.server.rpc.timeout.max)
2023-01-13 04:28:19,754 [pool-140-thread-1] INFO  server.RaftServerConfigKeys (ConfUtils.java:logGet(46)) - raft.server.log.appender.install.snapshot.enabled = false (custom)
2023-01-13 04:28:19,756 [pool-140-thread-1] INFO  server.RaftServerConfigKeys (ConfUtils.java:logGet(46)) - raft.server.threadpool.server.cached = true (default)
2023-01-13 04:28:19,756 [pool-140-thread-1] INFO  server.RaftServerConfigKeys (ConfUtils.java:logGet(46)) - raft.server.threadpool.server.size = 0 (default)
2023-01-13 04:28:19,756 [pool-140-thread-1] INFO  server.RaftServerConfigKeys (ConfUtils.java:logGet(46)) - raft.server.threadpool.client.cached = true (default)
2023-01-13 04:28:19,756 [pool-140-thread-1] INFO  server.RaftServerConfigKeys (ConfUtils.java:logGet(46)) - raft.server.threadpool.client.size = 0 (default)
2023-01-13 04:28:19,756 [pool-140-thread-1] INFO  storage.RaftStorageDirectory (RaftStorageDirectoryImpl.java:analyzeStorage(137)) - The storage directory /home/runner/work/ozone/ozone/hadoop-ozone/integration-test/target/test-dir/MiniOzoneClusterImpl-cf27e86b-a5d2-4d86-a5ef-f90d19c9ea90/datanode-3/data/ratis/767f2151-e212-4d79-95c4-55916863eb15 does not exist. Creating ...
2023-01-13 04:28:19,753 [Command processor thread] INFO  ratis.XceiverServerRatis (XceiverServerRatis.java:addGroup(806)) - Created group PipelineID=c5d81b8f-ffbd-4b6c-b745-5c9cb3533042
2023-01-13 04:28:19,766 [pool-140-thread-1] INFO  storage.RaftStorageDirectory (RaftStorageDirectoryImpl.java:tryLock(231)) - Lock on /home/runner/work/ozone/ozone/hadoop-ozone/integration-test/target/test-dir/MiniOzoneClusterImpl-cf27e86b-a5d2-4d86-a5ef-f90d19c9ea90/datanode-3/data/ratis/767f2151-e212-4d79-95c4-55916863eb15/in_use.lock acquired by nodename 70585@fv-az178-476
2023-01-13 04:28:19,770 [pool-140-thread-1] INFO  storage.RaftStorage (RaftStorageImpl.java:format(96)) - Storage directory /home/runner/work/ozone/ozone/hadoop-ozone/integration-test/target/test-dir/MiniOzoneClusterImpl-cf27e86b-a5d2-4d86-a5ef-f90d19c9ea90/datanode-3/data/ratis/767f2151-e212-4d79-95c4-55916863eb15 has been successfully formatted.
2023-01-13 04:28:19,773 [pool-140-thread-1] INFO  ratis.ContainerStateMachine (ContainerStateMachine.java:loadSnapshot(240)) - group-55916863EB15: The snapshot info is null. Setting the last applied indexto:(t:0, i:~)
2023-01-13 04:28:19,774 [pool-140-thread-1] INFO  server.RaftServerConfigKeys (ConfUtils.java:logGet(46)) - raft.server.log.use.memory = false (default)
2023-01-13 04:28:19,774 [pool-140-thread-1] INFO  server.RaftServerConfigKeys (ConfUtils.java:logGet(46)) - raft.server.log.purge.gap = 1000000 (custom)
2023-01-13 04:28:19,774 [pool-140-thread-1] INFO  server.RaftServerConfigKeys (ConfUtils.java:logGet(46)) - raft.server.log.appender.buffer.byte-limit = 33554432 (custom)
2023-01-13 04:28:19,774 [pool-140-thread-1] INFO  server.RaftServerConfigKeys (ConfUtils.java:logGet(46)) - raft.server.log.statemachine.data.read.timeout = 1000ms (default)
2023-01-13 04:28:19,774 [pool-140-thread-1] INFO  server.RaftServerConfigKeys (ConfUtils.java:logGet(46)) - raft.server.log.purge.preservation.log.num = 0 (default)
2023-01-13 04:28:19,774 [pool-140-thread-1] INFO  server.RaftServerConfigKeys (ConfUtils.java:logGet(46)) - raft.server.log.segment.size.max = 1048576 (custom)
2023-01-13 04:28:19,778 [pool-140-thread-1] INFO  server.RaftServerConfigKeys (ConfUtils.java:logGet(46)) - raft.server.log.segment.cache.num.max = 2 (custom)
2023-01-13 04:28:19,778 [pool-140-thread-1] INFO  server.RaftServerConfigKeys (ConfUtils.java:logGet(46)) - raft.server.log.segment.cache.size.max = 200MB (=209715200) (default)
2023-01-13 04:28:19,778 [pool-140-thread-1] INFO  segmented.SegmentedRaftLogWorker (SegmentedRaftLogWorker.java:<init>(189)) - new 765a3633-7eac-4889-b9cb-33342b89fe8b@group-55916863EB15-SegmentedRaftLogWorker for RaftStorageImpl:Storage Directory /home/runner/work/ozone/ozone/hadoop-ozone/integration-test/target/test-dir/MiniOzoneClusterImpl-cf27e86b-a5d2-4d86-a5ef-f90d19c9ea90/datanode-3/data/ratis/767f2151-e212-4d79-95c4-55916863eb15
2023-01-13 04:28:19,778 [pool-140-thread-1] INFO  server.RaftServerConfigKeys (ConfUtils.java:logGet(46)) - raft.server.log.queue.byte-limit = 4294967296 (custom)
2023-01-13 04:28:19,778 [pool-140-thread-1] INFO  server.RaftServerConfigKeys (ConfUtils.java:logGet(46)) - raft.server.log.queue.element-limit = 1024 (custom)
2023-01-13 04:28:19,778 [pool-140-thread-1] INFO  server.RaftServerConfigKeys (ConfUtils.java:logGet(46)) - raft.server.log.segment.size.max = 1048576 (custom)
2023-01-13 04:28:19,778 [pool-140-thread-1] INFO  server.RaftServerConfigKeys (ConfUtils.java:logGet(46)) - raft.server.log.preallocated.size = 16384 (custom)
2023-01-13 04:28:19,781 [pool-140-thread-1] INFO  server.RaftServerConfigKeys (ConfUtils.java:logGet(46)) - raft.server.log.force.sync.num = 128 (default)
2023-01-13 04:28:19,781 [pool-140-thread-1] INFO  server.RaftServerConfigKeys (ConfUtils.java:logGet(46)) - raft.server.log.statemachine.data.sync = true (default)
2023-01-13 04:28:19,781 [pool-140-thread-1] INFO  server.RaftServerConfigKeys (ConfUtils.java:logGet(46)) - raft.server.log.statemachine.data.sync.timeout = 10s (default)
2023-01-13 04:28:19,781 [pool-140-thread-1] INFO  server.RaftServerConfigKeys (ConfUtils.java:logGet(46)) - raft.server.log.statemachine.data.sync.timeout.retry = -1 (default)
2023-01-13 04:28:19,788 [EventQueue-PipelineReportForPipelineReportHandler] INFO  pipeline.PipelineManagerImpl (PipelineManagerImpl.java:openPipeline(367)) - Pipeline Pipeline[ Id: 767f2151-e212-4d79-95c4-55916863eb15, Nodes: 765a3633-7eac-4889-b9cb-33342b89fe8b(fv-az178-476.4hr1jzigf4quzlbutvnlm3yq0e.cx.internal.cloudapp.net/10.1.0.110), ReplicationConfig: RATIS/ONE, State:ALLOCATED, leaderId:765a3633-7eac-4889-b9cb-33342b89fe8b, CreationTimestamp2023-01-13T04:28:16.579Z[Etc/UTC]] moved to OPEN state
2023-01-13 04:28:19,790 [EventQueue-OpenPipelineForHealthyPipelineSafeModeRule] INFO  safemode.SCMSafeModeManager (HealthyPipelineSafeModeRule.java:process(137)) - SCM in safe mode. Healthy pipelines reported count is 0, required healthy pipeline reported count is 1
2023-01-13 04:28:19,790 [pool-140-thread-1] INFO  server.RaftServerConfigKeys (ConfUtils.java:logGet(46)) - raft.server.log.write.buffer.size = 1048576 (custom)
2023-01-13 04:28:19,791 [pool-140-thread-1] INFO  server.RaftServerConfigKeys (ConfUtils.java:logGet(46)) - raft.server.log.appender.buffer.byte-limit = 33554432 (custom)
2023-01-13 04:28:19,796 [pool-140-thread-1] INFO  server.RaftServerConfigKeys (ConfUtils.java:logGet(46)) - raft.server.log.unsafe-flush.enabled = false (default)
2023-01-13 04:28:19,796 [pool-140-thread-1] INFO  server.RaftServerConfigKeys (ConfUtils.java:logGet(46)) - raft.server.log.async-flush.enabled = false (default)
2023-01-13 04:28:19,796 [pool-140-thread-1] INFO  server.RaftServerConfigKeys (ConfUtils.java:logGet(46)) - raft.server.log.statemachine.data.caching.enabled = true (custom)
2023-01-13 04:28:19,797 [pool-140-thread-1] INFO  segmented.SegmentedRaftLogWorker (SegmentedRaftLogWorker.java:lambda$new$0(135)) - 765a3633-7eac-4889-b9cb-33342b89fe8b@group-55916863EB15-SegmentedRaftLogWorker: flushIndex: setUnconditionally 0 -> -1
2023-01-13 04:28:19,797 [pool-140-thread-1] INFO  segmented.SegmentedRaftLogWorker (SegmentedRaftLogWorker.java:lambda$new$0(135)) - 765a3633-7eac-4889-b9cb-33342b89fe8b@group-55916863EB15-SegmentedRaftLogWorker: safeCacheEvictIndex: setUnconditionally 0 -> -1
2023-01-13 04:28:19,797 [pool-140-thread-1] INFO  server.RaftServer$Division (RaftServerImpl.java:start(334)) - 765a3633-7eac-4889-b9cb-33342b89fe8b@group-55916863EB15: start as a follower, conf=-1: peers:[765a3633-7eac-4889-b9cb-33342b89fe8b|rpc:10.1.0.110:33437|dataStream:10.1.0.110:45775|priority:1|startupRole:FOLLOWER]|listeners:[], old=null
2023-01-13 04:28:19,797 [pool-140-thread-1] INFO  server.RaftServer$Division (RaftServerImpl.java:setRole(321)) - 765a3633-7eac-4889-b9cb-33342b89fe8b@group-55916863EB15: changes role from      null to FOLLOWER at term 0 for startAsFollower
2023-01-13 04:28:19,797 [pool-140-thread-1] INFO  impl.RoleInfo (RoleInfo.java:updateAndGet(139)) - 765a3633-7eac-4889-b9cb-33342b89fe8b: start 765a3633-7eac-4889-b9cb-33342b89fe8b@group-55916863EB15-FollowerState
2023-01-13 04:28:19,797 [pool-140-thread-1] INFO  util.JmxRegister (JmxRegister.java:tryRegister(44)) - Successfully registered JMX Bean with object name Ratis:service=RaftServer,group=group-55916863EB15,id=765a3633-7eac-4889-b9cb-33342b89fe8b
2023-01-13 04:28:19,798 [pool-140-thread-1] INFO  server.RaftServerConfigKeys (ConfUtils.java:logGet(46)) - raft.server.snapshot.auto.trigger.enabled = true (custom)
2023-01-13 04:28:19,798 [pool-140-thread-1] INFO  server.RaftServerConfigKeys (ConfUtils.java:logGet(46)) - raft.server.snapshot.auto.trigger.threshold = 10000 (custom)
2023-01-13 04:28:19,798 [pool-140-thread-1] INFO  server.RaftServerConfigKeys (ConfUtils.java:logGet(46)) - raft.server.snapshot.retention.file.num = 5 (custom)
2023-01-13 04:28:19,798 [pool-140-thread-1] INFO  server.RaftServerConfigKeys (ConfUtils.java:logGet(46)) - raft.server.log.purge.upto.snapshot.index = false (default)
2023-01-13 04:28:19,798 [765a3633-7eac-4889-b9cb-33342b89fe8b@group-55916863EB15-FollowerState] INFO  server.RaftServerConfigKeys (ConfUtils.java:logFallback(53)) - raft.server.rpc.first-election.timeout.min = 5s (fallback to raft.server.rpc.timeout.min)
2023-01-13 04:28:19,799 [765a3633-7eac-4889-b9cb-33342b89fe8b@group-55916863EB15-FollowerState] INFO  server.RaftServerConfigKeys (ConfUtils.java:logFallback(53)) - raft.server.rpc.first-election.timeout.max = 5200ms (fallback to raft.server.rpc.timeout.max)
2023-01-13 04:28:19,799 [Command processor thread] INFO  ratis.XceiverServerRatis (XceiverServerRatis.java:addGroup(806)) - Created group PipelineID=767f2151-e212-4d79-95c4-55916863eb15
2023-01-13 04:28:19,799 [Command processor thread] INFO  commandhandler.CreatePipelineCommandHandler (CreatePipelineCommandHandler.java:handle(113)) - Created Pipeline RATIS ONE PipelineID=767f2151-e212-4d79-95c4-55916863eb15.
2023-01-13 04:28:19,802 [Command processor thread] INFO  server.RaftServer (RaftServerProxy.java:addNew(96)) - 765a3633-7eac-4889-b9cb-33342b89fe8b: addNew group-A7188787C679:[765a3633-7eac-4889-b9cb-33342b89fe8b|rpc:10.1.0.110:33437|dataStream:10.1.0.110:45775|priority:1|startupRole:FOLLOWER, b8861190-fee9-46f5-9d16-9ca5f82f4eb4|rpc:10.1.0.110:37787|dataStream:10.1.0.110:42169|priority:0|startupRole:FOLLOWER, fceb8dc7-545e-48fb-8d31-09847688438f|rpc:10.1.0.110:41373|dataStream:10.1.0.110:43423|priority:0|startupRole:FOLLOWER] returns group-A7188787C679:java.util.concurrent.CompletableFuture@6a24509f[Not completed]
2023-01-13 04:28:19,803 [pool-140-thread-1] INFO  server.RaftServer$Division (RaftServerImpl.java:<init>(195)) - 765a3633-7eac-4889-b9cb-33342b89fe8b: new RaftServerImpl for group-A7188787C679:[765a3633-7eac-4889-b9cb-33342b89fe8b|rpc:10.1.0.110:33437|dataStream:10.1.0.110:45775|priority:1|startupRole:FOLLOWER, b8861190-fee9-46f5-9d16-9ca5f82f4eb4|rpc:10.1.0.110:37787|dataStream:10.1.0.110:42169|priority:0|startupRole:FOLLOWER, fceb8dc7-545e-48fb-8d31-09847688438f|rpc:10.1.0.110:41373|dataStream:10.1.0.110:43423|priority:0|startupRole:FOLLOWER] with ContainerStateMachine:uninitialized
2023-01-13 04:28:19,803 [pool-140-thread-1] INFO  server.RaftServerConfigKeys (ConfUtils.java:logGet(46)) - raft.server.rpc.timeout.min = 5s (custom)
2023-01-13 04:28:19,803 [pool-140-thread-1] INFO  server.RaftServerConfigKeys (ConfUtils.java:logGet(46)) - raft.server.rpc.timeout.max = 5200ms (custom)
2023-01-13 04:28:19,803 [pool-140-thread-1] INFO  server.RaftServerConfigKeys (ConfUtils.java:logGet(46)) - raft.server.rpc.sleep.time = 25ms (default)
2023-01-13 04:28:19,803 [pool-140-thread-1] INFO  server.RaftServerConfigKeys (ConfUtils.java:logGet(46)) - raft.server.rpc.slowness.timeout = 300s (custom)
2023-01-13 04:28:19,803 [pool-140-thread-1] INFO  server.RaftServerConfigKeys (ConfUtils.java:logGet(46)) - raft.server.leaderelection.leader.step-down.wait-time = 10s (default)
2023-01-13 04:28:19,803 [pool-140-thread-1] INFO  server.RaftServerConfigKeys (ConfUtils.java:logGet(46)) - raft.server.sleep.deviation.threshold = 300ms (default)
2023-01-13 04:28:19,804 [pool-140-thread-1] INFO  server.RaftServer$Division (ServerState.java:<init>(118)) - 765a3633-7eac-4889-b9cb-33342b89fe8b@group-A7188787C679: ConfigurationManager, init=-1: peers:[765a3633-7eac-4889-b9cb-33342b89fe8b|rpc:10.1.0.110:33437|dataStream:10.1.0.110:45775|priority:1|startupRole:FOLLOWER, b8861190-fee9-46f5-9d16-9ca5f82f4eb4|rpc:10.1.0.110:37787|dataStream:10.1.0.110:42169|priority:0|startupRole:FOLLOWER, fceb8dc7-545e-48fb-8d31-09847688438f|rpc:10.1.0.110:41373|dataStream:10.1.0.110:43423|priority:0|startupRole:FOLLOWER]|listeners:[], old=null, confs=<EMPTY_MAP>
2023-01-13 04:28:19,804 [pool-140-thread-1] INFO  server.RaftServerConfigKeys (ConfUtils.java:logGet(46)) - raft.server.storage.dir = [/home/runner/work/ozone/ozone/hadoop-ozone/integration-test/target/test-dir/MiniOzoneClusterImpl-cf27e86b-a5d2-4d86-a5ef-f90d19c9ea90/datanode-3/data/ratis] (custom)
2023-01-13 04:28:19,804 [pool-140-thread-1] INFO  server.RaftServerConfigKeys (ConfUtils.java:logGet(46)) - raft.server.log.corruption.policy = EXCEPTION (default)
2023-01-13 04:28:19,804 [pool-140-thread-1] INFO  server.RaftServerConfigKeys (ConfUtils.java:logGet(46)) - raft.server.storage.free-space.min = 0MB (=0) (default)
2023-01-13 04:28:19,804 [pool-140-thread-1] INFO  server.RaftServerConfigKeys (ConfUtils.java:logGet(46)) - raft.server.notification.no-leader.timeout = 300s (custom)
2023-01-13 04:28:19,804 [pool-140-thread-1] INFO  server.RaftServerConfigKeys (ConfUtils.java:logGet(46)) - raft.server.retrycache.expirytime = 600000ms (custom)
2023-01-13 04:28:19,804 [pool-140-thread-1] INFO  server.RaftServerConfigKeys (ConfUtils.java:logGet(46)) - raft.server.retrycache.statistics.expirytime = 100μs (default)
2023-01-13 04:28:19,805 [pool-140-thread-1] INFO  server.RaftServerConfigKeys (ConfUtils.java:logGet(46)) - raft.server.log.appender.install.snapshot.enabled = false (custom)
2023-01-13 04:28:19,805 [pool-140-thread-1] INFO  server.RaftServerConfigKeys (ConfUtils.java:logGet(46)) - raft.server.threadpool.server.cached = true (default)
2023-01-13 04:28:19,805 [pool-140-thread-1] INFO  server.RaftServerConfigKeys (ConfUtils.java:logGet(46)) - raft.server.threadpool.server.size = 0 (default)
2023-01-13 04:28:19,805 [pool-140-thread-1] INFO  server.RaftServerConfigKeys (ConfUtils.java:logGet(46)) - raft.server.threadpool.client.cached = true (default)
2023-01-13 04:28:19,805 [pool-140-thread-1] INFO  server.RaftServerConfigKeys (ConfUtils.java:logGet(46)) - raft.server.threadpool.client.size = 0 (default)
2023-01-13 04:28:19,805 [pool-140-thread-1] INFO  storage.RaftStorageDirectory (RaftStorageDirectoryImpl.java:analyzeStorage(137)) - The storage directory /home/runner/work/ozone/ozone/hadoop-ozone/integration-test/target/test-dir/MiniOzoneClusterImpl-cf27e86b-a5d2-4d86-a5ef-f90d19c9ea90/datanode-3/data/ratis/8030f97e-fd6c-41ef-86a1-a7188787c679 does not exist. Creating ...
2023-01-13 04:28:19,809 [pool-140-thread-1] INFO  storage.RaftStorageDirectory (RaftStorageDirectoryImpl.java:tryLock(231)) - Lock on /home/runner/work/ozone/ozone/hadoop-ozone/integration-test/target/test-dir/MiniOzoneClusterImpl-cf27e86b-a5d2-4d86-a5ef-f90d19c9ea90/datanode-3/data/ratis/8030f97e-fd6c-41ef-86a1-a7188787c679/in_use.lock acquired by nodename 70585@fv-az178-476
2023-01-13 04:28:19,814 [pool-140-thread-1] INFO  storage.RaftStorage (RaftStorageImpl.java:format(96)) - Storage directory /home/runner/work/ozone/ozone/hadoop-ozone/integration-test/target/test-dir/MiniOzoneClusterImpl-cf27e86b-a5d2-4d86-a5ef-f90d19c9ea90/datanode-3/data/ratis/8030f97e-fd6c-41ef-86a1-a7188787c679 has been successfully formatted.
2023-01-13 04:28:19,815 [pool-140-thread-1] INFO  ratis.ContainerStateMachine (ContainerStateMachine.java:loadSnapshot(240)) - group-A7188787C679: The snapshot info is null. Setting the last applied indexto:(t:0, i:~)
2023-01-13 04:28:19,815 [pool-140-thread-1] INFO  server.RaftServerConfigKeys (ConfUtils.java:logGet(46)) - raft.server.log.use.memory = false (default)
2023-01-13 04:28:19,815 [pool-140-thread-1] INFO  server.RaftServerConfigKeys (ConfUtils.java:logGet(46)) - raft.server.log.purge.gap = 1000000 (custom)
2023-01-13 04:28:19,815 [pool-140-thread-1] INFO  server.RaftServerConfigKeys (ConfUtils.java:logGet(46)) - raft.server.log.appender.buffer.byte-limit = 33554432 (custom)
2023-01-13 04:28:19,815 [pool-140-thread-1] INFO  server.RaftServerConfigKeys (ConfUtils.java:logGet(46)) - raft.server.log.statemachine.data.read.timeout = 1000ms (default)
2023-01-13 04:28:19,815 [pool-140-thread-1] INFO  server.RaftServerConfigKeys (ConfUtils.java:logGet(46)) - raft.server.log.purge.preservation.log.num = 0 (default)
2023-01-13 04:28:19,823 [EventQueue-OpenPipelineForHealthyPipelineSafeModeRule] INFO  safemode.SCMSafeModeManager (HealthyPipelineSafeModeRule.java:process(137)) - SCM in safe mode. Healthy pipelines reported count is 0, required healthy pipeline reported count is 1
2023-01-13 04:28:19,824 [pool-140-thread-1] INFO  server.RaftServerConfigKeys (ConfUtils.java:logGet(46)) - raft.server.log.segment.size.max = 1048576 (custom)
2023-01-13 04:28:19,828 [pool-140-thread-1] INFO  server.RaftServerConfigKeys (ConfUtils.java:logGet(46)) - raft.server.log.segment.cache.num.max = 2 (custom)
2023-01-13 04:28:19,828 [pool-140-thread-1] INFO  server.RaftServerConfigKeys (ConfUtils.java:logGet(46)) - raft.server.log.segment.cache.size.max = 200MB (=209715200) (default)
2023-01-13 04:28:19,828 [pool-140-thread-1] INFO  segmented.SegmentedRaftLogWorker (SegmentedRaftLogWorker.java:<init>(189)) - new 765a3633-7eac-4889-b9cb-33342b89fe8b@group-A7188787C679-SegmentedRaftLogWorker for RaftStorageImpl:Storage Directory /home/runner/work/ozone/ozone/hadoop-ozone/integration-test/target/test-dir/MiniOzoneClusterImpl-cf27e86b-a5d2-4d86-a5ef-f90d19c9ea90/datanode-3/data/ratis/8030f97e-fd6c-41ef-86a1-a7188787c679
2023-01-13 04:28:19,828 [pool-140-thread-1] INFO  server.RaftServerConfigKeys (ConfUtils.java:logGet(46)) - raft.server.log.queue.byte-limit = 4294967296 (custom)
2023-01-13 04:28:19,828 [pool-140-thread-1] INFO  server.RaftServerConfigKeys (ConfUtils.java:logGet(46)) - raft.server.log.queue.element-limit = 1024 (custom)
2023-01-13 04:28:19,828 [pool-140-thread-1] INFO  server.RaftServerConfigKeys (ConfUtils.java:logGet(46)) - raft.server.log.segment.size.max = 1048576 (custom)
2023-01-13 04:28:19,828 [pool-140-thread-1] INFO  server.RaftServerConfigKeys (ConfUtils.java:logGet(46)) - raft.server.log.preallocated.size = 16384 (custom)
2023-01-13 04:28:19,828 [pool-140-thread-1] INFO  server.RaftServerConfigKeys (ConfUtils.java:logGet(46)) - raft.server.log.force.sync.num = 128 (default)
2023-01-13 04:28:19,828 [pool-140-thread-1] INFO  server.RaftServerConfigKeys (ConfUtils.java:logGet(46)) - raft.server.log.statemachine.data.sync = true (default)
2023-01-13 04:28:19,828 [pool-140-thread-1] INFO  server.RaftServerConfigKeys (ConfUtils.java:logGet(46)) - raft.server.log.statemachine.data.sync.timeout = 10s (default)
2023-01-13 04:28:19,828 [pool-140-thread-1] INFO  server.RaftServerConfigKeys (ConfUtils.java:logGet(46)) - raft.server.log.statemachine.data.sync.timeout.retry = -1 (default)
2023-01-13 04:28:19,829 [pool-140-thread-1] INFO  server.RaftServerConfigKeys (ConfUtils.java:logGet(46)) - raft.server.log.write.buffer.size = 1048576 (custom)
2023-01-13 04:28:19,830 [pool-140-thread-1] INFO  server.RaftServerConfigKeys (ConfUtils.java:logGet(46)) - raft.server.log.appender.buffer.byte-limit = 33554432 (custom)
2023-01-13 04:28:19,838 [pool-140-thread-1] INFO  server.RaftServerConfigKeys (ConfUtils.java:logGet(46)) - raft.server.log.unsafe-flush.enabled = false (default)
2023-01-13 04:28:19,838 [pool-140-thread-1] INFO  server.RaftServerConfigKeys (ConfUtils.java:logGet(46)) - raft.server.log.async-flush.enabled = false (default)
2023-01-13 04:28:19,838 [pool-140-thread-1] INFO  server.RaftServerConfigKeys (ConfUtils.java:logGet(46)) - raft.server.log.statemachine.data.caching.enabled = true (custom)
2023-01-13 04:28:19,838 [pool-140-thread-1] INFO  segmented.SegmentedRaftLogWorker (SegmentedRaftLogWorker.java:lambda$new$0(135)) - 765a3633-7eac-4889-b9cb-33342b89fe8b@group-A7188787C679-SegmentedRaftLogWorker: flushIndex: setUnconditionally 0 -> -1
2023-01-13 04:28:19,838 [pool-140-thread-1] INFO  segmented.SegmentedRaftLogWorker (SegmentedRaftLogWorker.java:lambda$new$0(135)) - 765a3633-7eac-4889-b9cb-33342b89fe8b@group-A7188787C679-SegmentedRaftLogWorker: safeCacheEvictIndex: setUnconditionally 0 -> -1
2023-01-13 04:28:19,838 [pool-140-thread-1] INFO  server.RaftServer$Division (RaftServerImpl.java:start(334)) - 765a3633-7eac-4889-b9cb-33342b89fe8b@group-A7188787C679: start as a follower, conf=-1: peers:[765a3633-7eac-4889-b9cb-33342b89fe8b|rpc:10.1.0.110:33437|dataStream:10.1.0.110:45775|priority:1|startupRole:FOLLOWER, b8861190-fee9-46f5-9d16-9ca5f82f4eb4|rpc:10.1.0.110:37787|dataStream:10.1.0.110:42169|priority:0|startupRole:FOLLOWER, fceb8dc7-545e-48fb-8d31-09847688438f|rpc:10.1.0.110:41373|dataStream:10.1.0.110:43423|priority:0|startupRole:FOLLOWER]|listeners:[], old=null
2023-01-13 04:28:19,838 [pool-140-thread-1] INFO  server.RaftServer$Division (RaftServerImpl.java:setRole(321)) - 765a3633-7eac-4889-b9cb-33342b89fe8b@group-A7188787C679: changes role from      null to FOLLOWER at term 0 for startAsFollower
2023-01-13 04:28:19,838 [pool-140-thread-1] INFO  impl.RoleInfo (RoleInfo.java:updateAndGet(139)) - 765a3633-7eac-4889-b9cb-33342b89fe8b: start 765a3633-7eac-4889-b9cb-33342b89fe8b@group-A7188787C679-FollowerState
2023-01-13 04:28:19,839 [pool-140-thread-1] INFO  util.JmxRegister (JmxRegister.java:tryRegister(44)) - Successfully registered JMX Bean with object name Ratis:service=RaftServer,group=group-A7188787C679,id=765a3633-7eac-4889-b9cb-33342b89fe8b
2023-01-13 04:28:19,839 [pool-140-thread-1] INFO  server.RaftServerConfigKeys (ConfUtils.java:logGet(46)) - raft.server.snapshot.auto.trigger.enabled = true (custom)
2023-01-13 04:28:19,840 [pool-140-thread-1] INFO  server.RaftServerConfigKeys (ConfUtils.java:logGet(46)) - raft.server.snapshot.auto.trigger.threshold = 10000 (custom)
2023-01-13 04:28:19,840 [pool-140-thread-1] INFO  server.RaftServerConfigKeys (ConfUtils.java:logGet(46)) - raft.server.snapshot.retention.file.num = 5 (custom)
2023-01-13 04:28:19,840 [pool-140-thread-1] INFO  server.RaftServerConfigKeys (ConfUtils.java:logGet(46)) - raft.server.log.purge.upto.snapshot.index = false (default)
2023-01-13 04:28:19,842 [765a3633-7eac-4889-b9cb-33342b89fe8b@group-A7188787C679-FollowerState] INFO  server.RaftServerConfigKeys (ConfUtils.java:logFallback(53)) - raft.server.rpc.first-election.timeout.min = 5s (fallback to raft.server.rpc.timeout.min)
2023-01-13 04:28:19,844 [Command processor thread] INFO  ratis.XceiverServerRatis (XceiverServerRatis.java:addGroup(806)) - Created group PipelineID=8030f97e-fd6c-41ef-86a1-a7188787c679
2023-01-13 04:28:19,851 [765a3633-7eac-4889-b9cb-33342b89fe8b@group-A7188787C679-FollowerState] INFO  server.RaftServerConfigKeys (ConfUtils.java:logFallback(53)) - raft.server.rpc.first-election.timeout.max = 5200ms (fallback to raft.server.rpc.timeout.max)
2023-01-13 04:28:19,877 [Command processor thread] INFO  commandhandler.CreatePipelineCommandHandler (CreatePipelineCommandHandler.java:handle(113)) - Created Pipeline RATIS THREE PipelineID=c5d81b8f-ffbd-4b6c-b745-5c9cb3533042.
2023-01-13 04:28:19,894 [grpc-default-executor-1] INFO  server.RaftServer (RaftServerProxy.java:addNew(96)) - fceb8dc7-545e-48fb-8d31-09847688438f: addNew group-A7188787C679:[765a3633-7eac-4889-b9cb-33342b89fe8b|rpc:10.1.0.110:33437|dataStream:10.1.0.110:45775|priority:1|startupRole:FOLLOWER, b8861190-fee9-46f5-9d16-9ca5f82f4eb4|rpc:10.1.0.110:37787|dataStream:10.1.0.110:42169|priority:0|startupRole:FOLLOWER, fceb8dc7-545e-48fb-8d31-09847688438f|rpc:10.1.0.110:41373|dataStream:10.1.0.110:43423|priority:0|startupRole:FOLLOWER] returns group-A7188787C679:java.util.concurrent.CompletableFuture@33c24db0[Not completed]
2023-01-13 04:28:19,903 [Command processor thread] INFO  commandhandler.CreatePipelineCommandHandler (CreatePipelineCommandHandler.java:handle(113)) - Created Pipeline RATIS THREE PipelineID=c5d81b8f-ffbd-4b6c-b745-5c9cb3533042.
2023-01-13 04:28:19,904 [pool-163-thread-1] INFO  server.RaftServer$Division (RaftServerImpl.java:<init>(195)) - fceb8dc7-545e-48fb-8d31-09847688438f: new RaftServerImpl for group-A7188787C679:[765a3633-7eac-4889-b9cb-33342b89fe8b|rpc:10.1.0.110:33437|dataStream:10.1.0.110:45775|priority:1|startupRole:FOLLOWER, b8861190-fee9-46f5-9d16-9ca5f82f4eb4|rpc:10.1.0.110:37787|dataStream:10.1.0.110:42169|priority:0|startupRole:FOLLOWER, fceb8dc7-545e-48fb-8d31-09847688438f|rpc:10.1.0.110:41373|dataStream:10.1.0.110:43423|priority:0|startupRole:FOLLOWER] with ContainerStateMachine:uninitialized
2023-01-13 04:28:19,905 [pool-163-thread-1] INFO  server.RaftServerConfigKeys (ConfUtils.java:logGet(46)) - raft.server.rpc.timeout.min = 5s (custom)
2023-01-13 04:28:19,905 [pool-163-thread-1] INFO  server.RaftServerConfigKeys (ConfUtils.java:logGet(46)) - raft.server.rpc.timeout.max = 5200ms (custom)
2023-01-13 04:28:19,905 [pool-163-thread-1] INFO  server.RaftServerConfigKeys (ConfUtils.java:logGet(46)) - raft.server.rpc.sleep.time = 25ms (default)
2023-01-13 04:28:19,905 [pool-163-thread-1] INFO  server.RaftServerConfigKeys (ConfUtils.java:logGet(46)) - raft.server.rpc.slowness.timeout = 300s (custom)
2023-01-13 04:28:19,905 [pool-163-thread-1] INFO  server.RaftServerConfigKeys (ConfUtils.java:logGet(46)) - raft.server.leaderelection.leader.step-down.wait-time = 10s (default)
2023-01-13 04:28:19,905 [pool-163-thread-1] INFO  server.RaftServerConfigKeys (ConfUtils.java:logGet(46)) - raft.server.sleep.deviation.threshold = 300ms (default)
2023-01-13 04:28:19,905 [pool-163-thread-1] INFO  server.RaftServer$Division (ServerState.java:<init>(118)) - fceb8dc7-545e-48fb-8d31-09847688438f@group-A7188787C679: ConfigurationManager, init=-1: peers:[765a3633-7eac-4889-b9cb-33342b89fe8b|rpc:10.1.0.110:33437|dataStream:10.1.0.110:45775|priority:1|startupRole:FOLLOWER, b8861190-fee9-46f5-9d16-9ca5f82f4eb4|rpc:10.1.0.110:37787|dataStream:10.1.0.110:42169|priority:0|startupRole:FOLLOWER, fceb8dc7-545e-48fb-8d31-09847688438f|rpc:10.1.0.110:41373|dataStream:10.1.0.110:43423|priority:0|startupRole:FOLLOWER]|listeners:[], old=null, confs=<EMPTY_MAP>
2023-01-13 04:28:19,905 [pool-163-thread-1] INFO  server.RaftServerConfigKeys (ConfUtils.java:logGet(46)) - raft.server.storage.dir = [/home/runner/work/ozone/ozone/hadoop-ozone/integration-test/target/test-dir/MiniOzoneClusterImpl-cf27e86b-a5d2-4d86-a5ef-f90d19c9ea90/datanode-4/data/ratis] (custom)
2023-01-13 04:28:19,906 [pool-163-thread-1] INFO  server.RaftServerConfigKeys (ConfUtils.java:logGet(46)) - raft.server.log.corruption.policy = EXCEPTION (default)
2023-01-13 04:28:19,906 [pool-163-thread-1] INFO  server.RaftServerConfigKeys (ConfUtils.java:logGet(46)) - raft.server.storage.free-space.min = 0MB (=0) (default)
2023-01-13 04:28:19,906 [pool-163-thread-1] INFO  server.RaftServerConfigKeys (ConfUtils.java:logGet(46)) - raft.server.notification.no-leader.timeout = 300s (custom)
2023-01-13 04:28:19,906 [pool-163-thread-1] INFO  server.RaftServerConfigKeys (ConfUtils.java:logGet(46)) - raft.server.retrycache.expirytime = 600000ms (custom)
2023-01-13 04:28:19,906 [pool-163-thread-1] INFO  server.RaftServerConfigKeys (ConfUtils.java:logGet(46)) - raft.server.retrycache.statistics.expirytime = 100μs (default)
2023-01-13 04:28:19,908 [pool-163-thread-1] INFO  server.RaftServerConfigKeys (ConfUtils.java:logGet(46)) - raft.server.log.appender.install.snapshot.enabled = false (custom)
2023-01-13 04:28:19,908 [pool-163-thread-1] INFO  server.RaftServerConfigKeys (ConfUtils.java:logGet(46)) - raft.server.threadpool.server.cached = true (default)
2023-01-13 04:28:19,908 [pool-163-thread-1] INFO  server.RaftServerConfigKeys (ConfUtils.java:logGet(46)) - raft.server.threadpool.server.size = 0 (default)
2023-01-13 04:28:19,908 [pool-163-thread-1] INFO  server.RaftServerConfigKeys (ConfUtils.java:logGet(46)) - raft.server.threadpool.client.cached = true (default)
2023-01-13 04:28:19,908 [pool-163-thread-1] INFO  server.RaftServerConfigKeys (ConfUtils.java:logGet(46)) - raft.server.threadpool.client.size = 0 (default)
2023-01-13 04:28:19,908 [pool-163-thread-1] INFO  storage.RaftStorageDirectory (RaftStorageDirectoryImpl.java:analyzeStorage(137)) - The storage directory /home/runner/work/ozone/ozone/hadoop-ozone/integration-test/target/test-dir/MiniOzoneClusterImpl-cf27e86b-a5d2-4d86-a5ef-f90d19c9ea90/datanode-4/data/ratis/8030f97e-fd6c-41ef-86a1-a7188787c679 does not exist. Creating ...
2023-01-13 04:28:19,913 [pool-163-thread-1] INFO  storage.RaftStorageDirectory (RaftStorageDirectoryImpl.java:tryLock(231)) - Lock on /home/runner/work/ozone/ozone/hadoop-ozone/integration-test/target/test-dir/MiniOzoneClusterImpl-cf27e86b-a5d2-4d86-a5ef-f90d19c9ea90/datanode-4/data/ratis/8030f97e-fd6c-41ef-86a1-a7188787c679/in_use.lock acquired by nodename 70585@fv-az178-476
2023-01-13 04:28:19,913 [Command processor thread] INFO  commandhandler.CreatePipelineCommandHandler (CreatePipelineCommandHandler.java:handle(113)) - Created Pipeline RATIS THREE PipelineID=c5d81b8f-ffbd-4b6c-b745-5c9cb3533042.
2023-01-13 04:28:19,914 [Command processor thread] INFO  server.RaftServer (RaftServerProxy.java:addNew(96)) - fceb8dc7-545e-48fb-8d31-09847688438f: addNew group-AFFDEC1AF423:[fceb8dc7-545e-48fb-8d31-09847688438f|rpc:10.1.0.110:41373|dataStream:10.1.0.110:43423|priority:1|startupRole:FOLLOWER] returns group-AFFDEC1AF423:java.util.concurrent.CompletableFuture@5d79cdfb[Not completed]
2023-01-13 04:28:19,918 [pool-163-thread-1] INFO  storage.RaftStorage (RaftStorageImpl.java:format(96)) - Storage directory /home/runner/work/ozone/ozone/hadoop-ozone/integration-test/target/test-dir/MiniOzoneClusterImpl-cf27e86b-a5d2-4d86-a5ef-f90d19c9ea90/datanode-4/data/ratis/8030f97e-fd6c-41ef-86a1-a7188787c679 has been successfully formatted.
2023-01-13 04:28:19,919 [pool-163-thread-1] INFO  ratis.ContainerStateMachine (ContainerStateMachine.java:loadSnapshot(240)) - group-A7188787C679: The snapshot info is null. Setting the last applied indexto:(t:0, i:~)
2023-01-13 04:28:19,920 [pool-163-thread-1] INFO  server.RaftServerConfigKeys (ConfUtils.java:logGet(46)) - raft.server.log.use.memory = false (default)
2023-01-13 04:28:19,920 [pool-163-thread-1] INFO  server.RaftServerConfigKeys (ConfUtils.java:logGet(46)) - raft.server.log.purge.gap = 1000000 (custom)
2023-01-13 04:28:19,923 [EventQueue-PipelineReportForPipelineReportHandler] INFO  pipeline.PipelineManagerImpl (PipelineManagerImpl.java:openPipeline(367)) - Pipeline Pipeline[ Id: b3175946-f169-4556-b072-affdec1af423, Nodes: fceb8dc7-545e-48fb-8d31-09847688438f(fv-az178-476.4hr1jzigf4quzlbutvnlm3yq0e.cx.internal.cloudapp.net/10.1.0.110), ReplicationConfig: RATIS/ONE, State:ALLOCATED, leaderId:fceb8dc7-545e-48fb-8d31-09847688438f, CreationTimestamp2023-01-13T04:28:16.919Z[Etc/UTC]] moved to OPEN state
2023-01-13 04:28:19,930 [pool-163-thread-1] INFO  server.RaftServerConfigKeys (ConfUtils.java:logGet(46)) - raft.server.log.appender.buffer.byte-limit = 33554432 (custom)
2023-01-13 04:28:19,930 [pool-163-thread-1] INFO  server.RaftServerConfigKeys (ConfUtils.java:logGet(46)) - raft.server.log.statemachine.data.read.timeout = 1000ms (default)
2023-01-13 04:28:19,930 [pool-163-thread-1] INFO  server.RaftServerConfigKeys (ConfUtils.java:logGet(46)) - raft.server.log.purge.preservation.log.num = 0 (default)
2023-01-13 04:28:19,930 [pool-163-thread-1] INFO  server.RaftServerConfigKeys (ConfUtils.java:logGet(46)) - raft.server.log.segment.size.max = 1048576 (custom)
2023-01-13 04:28:19,930 [EventQueue-OpenPipelineForHealthyPipelineSafeModeRule] INFO  safemode.SCMSafeModeManager (HealthyPipelineSafeModeRule.java:process(137)) - SCM in safe mode. Healthy pipelines reported count is 0, required healthy pipeline reported count is 1
2023-01-13 04:28:19,931 [pool-163-thread-1] INFO  server.RaftServerConfigKeys (ConfUtils.java:logGet(46)) - raft.server.log.segment.cache.num.max = 2 (custom)
2023-01-13 04:28:19,931 [pool-163-thread-1] INFO  server.RaftServerConfigKeys (ConfUtils.java:logGet(46)) - raft.server.log.segment.cache.size.max = 200MB (=209715200) (default)
2023-01-13 04:28:19,931 [pool-163-thread-1] INFO  segmented.SegmentedRaftLogWorker (SegmentedRaftLogWorker.java:<init>(189)) - new fceb8dc7-545e-48fb-8d31-09847688438f@group-A7188787C679-SegmentedRaftLogWorker for RaftStorageImpl:Storage Directory /home/runner/work/ozone/ozone/hadoop-ozone/integration-test/target/test-dir/MiniOzoneClusterImpl-cf27e86b-a5d2-4d86-a5ef-f90d19c9ea90/datanode-4/data/ratis/8030f97e-fd6c-41ef-86a1-a7188787c679
2023-01-13 04:28:19,931 [pool-163-thread-1] INFO  server.RaftServerConfigKeys (ConfUtils.java:logGet(46)) - raft.server.log.queue.byte-limit = 4294967296 (custom)
2023-01-13 04:28:19,931 [pool-163-thread-1] INFO  server.RaftServerConfigKeys (ConfUtils.java:logGet(46)) - raft.server.log.queue.element-limit = 1024 (custom)
2023-01-13 04:28:19,931 [pool-163-thread-1] INFO  server.RaftServerConfigKeys (ConfUtils.java:logGet(46)) - raft.server.log.segment.size.max = 1048576 (custom)
2023-01-13 04:28:19,931 [pool-163-thread-1] INFO  server.RaftServerConfigKeys (ConfUtils.java:logGet(46)) - raft.server.log.preallocated.size = 16384 (custom)
2023-01-13 04:28:19,931 [pool-163-thread-1] INFO  server.RaftServerConfigKeys (ConfUtils.java:logGet(46)) - raft.server.log.force.sync.num = 128 (default)
2023-01-13 04:28:19,931 [pool-163-thread-1] INFO  server.RaftServerConfigKeys (ConfUtils.java:logGet(46)) - raft.server.log.statemachine.data.sync = true (default)
2023-01-13 04:28:19,931 [pool-163-thread-1] INFO  server.RaftServerConfigKeys (ConfUtils.java:logGet(46)) - raft.server.log.statemachine.data.sync.timeout = 10s (default)
2023-01-13 04:28:19,932 [pool-163-thread-1] INFO  server.RaftServerConfigKeys (ConfUtils.java:logGet(46)) - raft.server.log.statemachine.data.sync.timeout.retry = -1 (default)
2023-01-13 04:28:19,933 [pool-163-thread-1] INFO  server.RaftServerConfigKeys (ConfUtils.java:logGet(46)) - raft.server.log.write.buffer.size = 1048576 (custom)
2023-01-13 04:28:19,934 [pool-163-thread-1] INFO  server.RaftServerConfigKeys (ConfUtils.java:logGet(46)) - raft.server.log.appender.buffer.byte-limit = 33554432 (custom)
2023-01-13 04:28:19,939 [pool-163-thread-1] INFO  server.RaftServerConfigKeys (ConfUtils.java:logGet(46)) - raft.server.log.unsafe-flush.enabled = false (default)
2023-01-13 04:28:19,939 [pool-163-thread-1] INFO  server.RaftServerConfigKeys (ConfUtils.java:logGet(46)) - raft.server.log.async-flush.enabled = false (default)
2023-01-13 04:28:19,939 [pool-163-thread-1] INFO  server.RaftServerConfigKeys (ConfUtils.java:logGet(46)) - raft.server.log.statemachine.data.caching.enabled = true (custom)
2023-01-13 04:28:19,939 [pool-163-thread-1] INFO  segmented.SegmentedRaftLogWorker (SegmentedRaftLogWorker.java:lambda$new$0(135)) - fceb8dc7-545e-48fb-8d31-09847688438f@group-A7188787C679-SegmentedRaftLogWorker: flushIndex: setUnconditionally 0 -> -1
2023-01-13 04:28:19,939 [pool-163-thread-1] INFO  segmented.SegmentedRaftLogWorker (SegmentedRaftLogWorker.java:lambda$new$0(135)) - fceb8dc7-545e-48fb-8d31-09847688438f@group-A7188787C679-SegmentedRaftLogWorker: safeCacheEvictIndex: setUnconditionally 0 -> -1
2023-01-13 04:28:19,940 [pool-163-thread-1] INFO  server.RaftServer$Division (RaftServerImpl.java:start(334)) - fceb8dc7-545e-48fb-8d31-09847688438f@group-A7188787C679: start as a follower, conf=-1: peers:[765a3633-7eac-4889-b9cb-33342b89fe8b|rpc:10.1.0.110:33437|dataStream:10.1.0.110:45775|priority:1|startupRole:FOLLOWER, b8861190-fee9-46f5-9d16-9ca5f82f4eb4|rpc:10.1.0.110:37787|dataStream:10.1.0.110:42169|priority:0|startupRole:FOLLOWER, fceb8dc7-545e-48fb-8d31-09847688438f|rpc:10.1.0.110:41373|dataStream:10.1.0.110:43423|priority:0|startupRole:FOLLOWER]|listeners:[], old=null
2023-01-13 04:28:19,940 [pool-163-thread-1] INFO  server.RaftServer$Division (RaftServerImpl.java:setRole(321)) - fceb8dc7-545e-48fb-8d31-09847688438f@group-A7188787C679: changes role from      null to FOLLOWER at term 0 for startAsFollower
2023-01-13 04:28:19,940 [pool-163-thread-1] INFO  impl.RoleInfo (RoleInfo.java:updateAndGet(139)) - fceb8dc7-545e-48fb-8d31-09847688438f: start fceb8dc7-545e-48fb-8d31-09847688438f@group-A7188787C679-FollowerState
2023-01-13 04:28:19,940 [pool-163-thread-1] INFO  util.JmxRegister (JmxRegister.java:tryRegister(44)) - Successfully registered JMX Bean with object name Ratis:service=RaftServer,group=group-A7188787C679,id=fceb8dc7-545e-48fb-8d31-09847688438f
2023-01-13 04:28:19,940 [pool-163-thread-1] INFO  server.RaftServerConfigKeys (ConfUtils.java:logGet(46)) - raft.server.snapshot.auto.trigger.enabled = true (custom)
2023-01-13 04:28:19,940 [pool-163-thread-1] INFO  server.RaftServerConfigKeys (ConfUtils.java:logGet(46)) - raft.server.snapshot.auto.trigger.threshold = 10000 (custom)
2023-01-13 04:28:19,941 [pool-163-thread-1] INFO  server.RaftServerConfigKeys (ConfUtils.java:logGet(46)) - raft.server.snapshot.retention.file.num = 5 (custom)
2023-01-13 04:28:19,941 [pool-163-thread-1] INFO  server.RaftServerConfigKeys (ConfUtils.java:logGet(46)) - raft.server.log.purge.upto.snapshot.index = false (default)
2023-01-13 04:28:19,941 [fceb8dc7-545e-48fb-8d31-09847688438f@group-A7188787C679-FollowerState] INFO  server.RaftServerConfigKeys (ConfUtils.java:logFallback(53)) - raft.server.rpc.first-election.timeout.min = 5s (fallback to raft.server.rpc.timeout.min)
2023-01-13 04:28:19,942 [fceb8dc7-545e-48fb-8d31-09847688438f@group-A7188787C679-FollowerState] INFO  server.RaftServerConfigKeys (ConfUtils.java:logFallback(53)) - raft.server.rpc.first-election.timeout.max = 5200ms (fallback to raft.server.rpc.timeout.max)
2023-01-13 04:28:19,951 [pool-163-thread-1] INFO  server.RaftServer$Division (RaftServerImpl.java:<init>(195)) - fceb8dc7-545e-48fb-8d31-09847688438f: new RaftServerImpl for group-AFFDEC1AF423:[fceb8dc7-545e-48fb-8d31-09847688438f|rpc:10.1.0.110:41373|dataStream:10.1.0.110:43423|priority:1|startupRole:FOLLOWER] with ContainerStateMachine:uninitialized
2023-01-13 04:28:19,951 [pool-163-thread-1] INFO  server.RaftServerConfigKeys (ConfUtils.java:logGet(46)) - raft.server.rpc.timeout.min = 5s (custom)
2023-01-13 04:28:19,951 [pool-163-thread-1] INFO  server.RaftServerConfigKeys (ConfUtils.java:logGet(46)) - raft.server.rpc.timeout.max = 5200ms (custom)
2023-01-13 04:28:19,951 [pool-163-thread-1] INFO  server.RaftServerConfigKeys (ConfUtils.java:logGet(46)) - raft.server.rpc.sleep.time = 25ms (default)
2023-01-13 04:28:19,951 [pool-163-thread-1] INFO  server.RaftServerConfigKeys (ConfUtils.java:logGet(46)) - raft.server.rpc.slowness.timeout = 300s (custom)
2023-01-13 04:28:19,951 [pool-163-thread-1] INFO  server.RaftServerConfigKeys (ConfUtils.java:logGet(46)) - raft.server.leaderelection.leader.step-down.wait-time = 10s (default)
2023-01-13 04:28:19,951 [pool-163-thread-1] INFO  server.RaftServerConfigKeys (ConfUtils.java:logGet(46)) - raft.server.sleep.deviation.threshold = 300ms (default)
2023-01-13 04:28:19,951 [pool-163-thread-1] INFO  server.RaftServer$Division (ServerState.java:<init>(118)) - fceb8dc7-545e-48fb-8d31-09847688438f@group-AFFDEC1AF423: ConfigurationManager, init=-1: peers:[fceb8dc7-545e-48fb-8d31-09847688438f|rpc:10.1.0.110:41373|dataStream:10.1.0.110:43423|priority:1|startupRole:FOLLOWER]|listeners:[], old=null, confs=<EMPTY_MAP>
2023-01-13 04:28:19,951 [pool-163-thread-1] INFO  server.RaftServerConfigKeys (ConfUtils.java:logGet(46)) - raft.server.storage.dir = [/home/runner/work/ozone/ozone/hadoop-ozone/integration-test/target/test-dir/MiniOzoneClusterImpl-cf27e86b-a5d2-4d86-a5ef-f90d19c9ea90/datanode-4/data/ratis] (custom)
2023-01-13 04:28:19,951 [pool-163-thread-1] INFO  server.RaftServerConfigKeys (ConfUtils.java:logGet(46)) - raft.server.log.corruption.policy = EXCEPTION (default)
2023-01-13 04:28:19,952 [pool-163-thread-1] INFO  server.RaftServerConfigKeys (ConfUtils.java:logGet(46)) - raft.server.storage.free-space.min = 0MB (=0) (default)
2023-01-13 04:28:19,952 [pool-163-thread-1] INFO  server.RaftServerConfigKeys (ConfUtils.java:logGet(46)) - raft.server.notification.no-leader.timeout = 300s (custom)
2023-01-13 04:28:19,952 [pool-163-thread-1] INFO  server.RaftServerConfigKeys (ConfUtils.java:logGet(46)) - raft.server.retrycache.expirytime = 600000ms (custom)
2023-01-13 04:28:19,952 [pool-163-thread-1] INFO  server.RaftServerConfigKeys (ConfUtils.java:logGet(46)) - raft.server.retrycache.statistics.expirytime = 100μs (default)
2023-01-13 04:28:19,953 [pool-163-thread-1] INFO  server.RaftServerConfigKeys (ConfUtils.java:logGet(46)) - raft.server.log.appender.install.snapshot.enabled = false (custom)
2023-01-13 04:28:19,953 [pool-163-thread-1] INFO  server.RaftServerConfigKeys (ConfUtils.java:logGet(46)) - raft.server.threadpool.server.cached = true (default)
2023-01-13 04:28:19,953 [pool-163-thread-1] INFO  server.RaftServerConfigKeys (ConfUtils.java:logGet(46)) - raft.server.threadpool.server.size = 0 (default)
2023-01-13 04:28:19,953 [pool-163-thread-1] INFO  server.RaftServerConfigKeys (ConfUtils.java:logGet(46)) - raft.server.threadpool.client.cached = true (default)
2023-01-13 04:28:19,953 [pool-163-thread-1] INFO  server.RaftServerConfigKeys (ConfUtils.java:logGet(46)) - raft.server.threadpool.client.size = 0 (default)
2023-01-13 04:28:19,953 [pool-163-thread-1] INFO  storage.RaftStorageDirectory (RaftStorageDirectoryImpl.java:analyzeStorage(137)) - The storage directory /home/runner/work/ozone/ozone/hadoop-ozone/integration-test/target/test-dir/MiniOzoneClusterImpl-cf27e86b-a5d2-4d86-a5ef-f90d19c9ea90/datanode-4/data/ratis/b3175946-f169-4556-b072-affdec1af423 does not exist. Creating ...
2023-01-13 04:28:19,954 [pool-163-thread-1] INFO  storage.RaftStorageDirectory (RaftStorageDirectoryImpl.java:tryLock(231)) - Lock on /home/runner/work/ozone/ozone/hadoop-ozone/integration-test/target/test-dir/MiniOzoneClusterImpl-cf27e86b-a5d2-4d86-a5ef-f90d19c9ea90/datanode-4/data/ratis/b3175946-f169-4556-b072-affdec1af423/in_use.lock acquired by nodename 70585@fv-az178-476
2023-01-13 04:28:19,955 [pool-163-thread-1] INFO  storage.RaftStorage (RaftStorageImpl.java:format(96)) - Storage directory /home/runner/work/ozone/ozone/hadoop-ozone/integration-test/target/test-dir/MiniOzoneClusterImpl-cf27e86b-a5d2-4d86-a5ef-f90d19c9ea90/datanode-4/data/ratis/b3175946-f169-4556-b072-affdec1af423 has been successfully formatted.
2023-01-13 04:28:19,956 [pool-163-thread-1] INFO  ratis.ContainerStateMachine (ContainerStateMachine.java:loadSnapshot(240)) - group-AFFDEC1AF423: The snapshot info is null. Setting the last applied indexto:(t:0, i:~)
2023-01-13 04:28:19,957 [pool-163-thread-1] INFO  server.RaftServerConfigKeys (ConfUtils.java:logGet(46)) - raft.server.log.use.memory = false (default)
2023-01-13 04:28:19,957 [pool-163-thread-1] INFO  server.RaftServerConfigKeys (ConfUtils.java:logGet(46)) - raft.server.log.purge.gap = 1000000 (custom)
2023-01-13 04:28:19,957 [pool-163-thread-1] INFO  server.RaftServerConfigKeys (ConfUtils.java:logGet(46)) - raft.server.log.appender.buffer.byte-limit = 33554432 (custom)
2023-01-13 04:28:19,957 [pool-163-thread-1] INFO  server.RaftServerConfigKeys (ConfUtils.java:logGet(46)) - raft.server.log.statemachine.data.read.timeout = 1000ms (default)
2023-01-13 04:28:19,957 [pool-163-thread-1] INFO  server.RaftServerConfigKeys (ConfUtils.java:logGet(46)) - raft.server.log.purge.preservation.log.num = 0 (default)
2023-01-13 04:28:19,957 [pool-163-thread-1] INFO  server.RaftServerConfigKeys (ConfUtils.java:logGet(46)) - raft.server.log.segment.size.max = 1048576 (custom)
2023-01-13 04:28:19,958 [EventQueue-OpenPipelineForHealthyPipelineSafeModeRule] INFO  safemode.SCMSafeModeManager (HealthyPipelineSafeModeRule.java:process(137)) - SCM in safe mode. Healthy pipelines reported count is 0, required healthy pipeline reported count is 1
2023-01-13 04:28:19,958 [pool-163-thread-1] INFO  server.RaftServerConfigKeys (ConfUtils.java:logGet(46)) - raft.server.log.segment.cache.num.max = 2 (custom)
2023-01-13 04:28:19,958 [pool-163-thread-1] INFO  server.RaftServerConfigKeys (ConfUtils.java:logGet(46)) - raft.server.log.segment.cache.size.max = 200MB (=209715200) (default)
2023-01-13 04:28:19,958 [pool-163-thread-1] INFO  segmented.SegmentedRaftLogWorker (SegmentedRaftLogWorker.java:<init>(189)) - new fceb8dc7-545e-48fb-8d31-09847688438f@group-AFFDEC1AF423-SegmentedRaftLogWorker for RaftStorageImpl:Storage Directory /home/runner/work/ozone/ozone/hadoop-ozone/integration-test/target/test-dir/MiniOzoneClusterImpl-cf27e86b-a5d2-4d86-a5ef-f90d19c9ea90/datanode-4/data/ratis/b3175946-f169-4556-b072-affdec1af423
2023-01-13 04:28:19,959 [pool-163-thread-1] INFO  server.RaftServerConfigKeys (ConfUtils.java:logGet(46)) - raft.server.log.queue.byte-limit = 4294967296 (custom)
2023-01-13 04:28:19,959 [pool-163-thread-1] INFO  server.RaftServerConfigKeys (ConfUtils.java:logGet(46)) - raft.server.log.queue.element-limit = 1024 (custom)
2023-01-13 04:28:19,959 [pool-163-thread-1] INFO  server.RaftServerConfigKeys (ConfUtils.java:logGet(46)) - raft.server.log.segment.size.max = 1048576 (custom)
2023-01-13 04:28:19,959 [pool-163-thread-1] INFO  server.RaftServerConfigKeys (ConfUtils.java:logGet(46)) - raft.server.log.preallocated.size = 16384 (custom)
2023-01-13 04:28:19,959 [pool-163-thread-1] INFO  server.RaftServerConfigKeys (ConfUtils.java:logGet(46)) - raft.server.log.force.sync.num = 128 (default)
2023-01-13 04:28:19,959 [pool-163-thread-1] INFO  server.RaftServerConfigKeys (ConfUtils.java:logGet(46)) - raft.server.log.statemachine.data.sync = true (default)
2023-01-13 04:28:19,959 [pool-163-thread-1] INFO  server.RaftServerConfigKeys (ConfUtils.java:logGet(46)) - raft.server.log.statemachine.data.sync.timeout = 10s (default)
2023-01-13 04:28:19,959 [pool-163-thread-1] INFO  server.RaftServerConfigKeys (ConfUtils.java:logGet(46)) - raft.server.log.statemachine.data.sync.timeout.retry = -1 (default)
2023-01-13 04:28:19,960 [pool-163-thread-1] INFO  server.RaftServerConfigKeys (ConfUtils.java:logGet(46)) - raft.server.log.write.buffer.size = 1048576 (custom)
2023-01-13 04:28:19,960 [pool-163-thread-1] INFO  server.RaftServerConfigKeys (ConfUtils.java:logGet(46)) - raft.server.log.appender.buffer.byte-limit = 33554432 (custom)
2023-01-13 04:28:19,969 [pool-163-thread-1] INFO  server.RaftServerConfigKeys (ConfUtils.java:logGet(46)) - raft.server.log.unsafe-flush.enabled = false (default)
2023-01-13 04:28:19,969 [pool-163-thread-1] INFO  server.RaftServerConfigKeys (ConfUtils.java:logGet(46)) - raft.server.log.async-flush.enabled = false (default)
2023-01-13 04:28:19,969 [pool-163-thread-1] INFO  server.RaftServerConfigKeys (ConfUtils.java:logGet(46)) - raft.server.log.statemachine.data.caching.enabled = true (custom)
2023-01-13 04:28:19,969 [pool-163-thread-1] INFO  segmented.SegmentedRaftLogWorker (SegmentedRaftLogWorker.java:lambda$new$0(135)) - fceb8dc7-545e-48fb-8d31-09847688438f@group-AFFDEC1AF423-SegmentedRaftLogWorker: flushIndex: setUnconditionally 0 -> -1
2023-01-13 04:28:19,970 [pool-163-thread-1] INFO  segmented.SegmentedRaftLogWorker (SegmentedRaftLogWorker.java:lambda$new$0(135)) - fceb8dc7-545e-48fb-8d31-09847688438f@group-AFFDEC1AF423-SegmentedRaftLogWorker: safeCacheEvictIndex: setUnconditionally 0 -> -1
2023-01-13 04:28:19,979 [pool-163-thread-1] INFO  server.RaftServer$Division (RaftServerImpl.java:start(334)) - fceb8dc7-545e-48fb-8d31-09847688438f@group-AFFDEC1AF423: start as a follower, conf=-1: peers:[fceb8dc7-545e-48fb-8d31-09847688438f|rpc:10.1.0.110:41373|dataStream:10.1.0.110:43423|priority:1|startupRole:FOLLOWER]|listeners:[], old=null
2023-01-13 04:28:19,979 [pool-163-thread-1] INFO  server.RaftServer$Division (RaftServerImpl.java:setRole(321)) - fceb8dc7-545e-48fb-8d31-09847688438f@group-AFFDEC1AF423: changes role from      null to FOLLOWER at term 0 for startAsFollower
2023-01-13 04:28:19,979 [pool-163-thread-1] INFO  impl.RoleInfo (RoleInfo.java:updateAndGet(139)) - fceb8dc7-545e-48fb-8d31-09847688438f: start fceb8dc7-545e-48fb-8d31-09847688438f@group-AFFDEC1AF423-FollowerState
2023-01-13 04:28:19,980 [pool-163-thread-1] INFO  util.JmxRegister (JmxRegister.java:tryRegister(44)) - Successfully registered JMX Bean with object name Ratis:service=RaftServer,group=group-AFFDEC1AF423,id=fceb8dc7-545e-48fb-8d31-09847688438f
2023-01-13 04:28:19,980 [pool-163-thread-1] INFO  server.RaftServerConfigKeys (ConfUtils.java:logGet(46)) - raft.server.snapshot.auto.trigger.enabled = true (custom)
2023-01-13 04:28:19,980 [pool-163-thread-1] INFO  server.RaftServerConfigKeys (ConfUtils.java:logGet(46)) - raft.server.snapshot.auto.trigger.threshold = 10000 (custom)
2023-01-13 04:28:19,980 [pool-163-thread-1] INFO  server.RaftServerConfigKeys (ConfUtils.java:logGet(46)) - raft.server.snapshot.retention.file.num = 5 (custom)
2023-01-13 04:28:19,980 [pool-163-thread-1] INFO  server.RaftServerConfigKeys (ConfUtils.java:logGet(46)) - raft.server.log.purge.upto.snapshot.index = false (default)
2023-01-13 04:28:19,980 [fceb8dc7-545e-48fb-8d31-09847688438f@group-AFFDEC1AF423-FollowerState] INFO  server.RaftServerConfigKeys (ConfUtils.java:logFallback(53)) - raft.server.rpc.first-election.timeout.min = 5s (fallback to raft.server.rpc.timeout.min)
2023-01-13 04:28:19,981 [fceb8dc7-545e-48fb-8d31-09847688438f@group-AFFDEC1AF423-FollowerState] INFO  server.RaftServerConfigKeys (ConfUtils.java:logFallback(53)) - raft.server.rpc.first-election.timeout.max = 5200ms (fallback to raft.server.rpc.timeout.max)
2023-01-13 04:28:19,982 [Command processor thread] INFO  ratis.XceiverServerRatis (XceiverServerRatis.java:addGroup(806)) - Created group PipelineID=b3175946-f169-4556-b072-affdec1af423
2023-01-13 04:28:19,982 [Command processor thread] INFO  commandhandler.CreatePipelineCommandHandler (CreatePipelineCommandHandler.java:handle(113)) - Created Pipeline RATIS ONE PipelineID=b3175946-f169-4556-b072-affdec1af423.
2023-01-13 04:28:19,982 [Command processor thread] INFO  server.RaftServer (RaftServerProxy.java:addNew(96)) - fceb8dc7-545e-48fb-8d31-09847688438f: addNew group-93818047D4BB:[765a3633-7eac-4889-b9cb-33342b89fe8b|rpc:10.1.0.110:33437|dataStream:10.1.0.110:45775|priority:0|startupRole:FOLLOWER, b8861190-fee9-46f5-9d16-9ca5f82f4eb4|rpc:10.1.0.110:37787|dataStream:10.1.0.110:42169|priority:1|startupRole:FOLLOWER, fceb8dc7-545e-48fb-8d31-09847688438f|rpc:10.1.0.110:41373|dataStream:10.1.0.110:43423|priority:0|startupRole:FOLLOWER] returns group-93818047D4BB:java.util.concurrent.CompletableFuture@53be2824[Not completed]
2023-01-13 04:28:19,983 [pool-163-thread-1] INFO  server.RaftServer$Division (RaftServerImpl.java:<init>(195)) - fceb8dc7-545e-48fb-8d31-09847688438f: new RaftServerImpl for group-93818047D4BB:[765a3633-7eac-4889-b9cb-33342b89fe8b|rpc:10.1.0.110:33437|dataStream:10.1.0.110:45775|priority:0|startupRole:FOLLOWER, b8861190-fee9-46f5-9d16-9ca5f82f4eb4|rpc:10.1.0.110:37787|dataStream:10.1.0.110:42169|priority:1|startupRole:FOLLOWER, fceb8dc7-545e-48fb-8d31-09847688438f|rpc:10.1.0.110:41373|dataStream:10.1.0.110:43423|priority:0|startupRole:FOLLOWER] with ContainerStateMachine:uninitialized
2023-01-13 04:28:19,983 [pool-163-thread-1] INFO  server.RaftServerConfigKeys (ConfUtils.java:logGet(46)) - raft.server.rpc.timeout.min = 5s (custom)
2023-01-13 04:28:19,983 [pool-163-thread-1] INFO  server.RaftServerConfigKeys (ConfUtils.java:logGet(46)) - raft.server.rpc.timeout.max = 5200ms (custom)
2023-01-13 04:28:19,983 [pool-163-thread-1] INFO  server.RaftServerConfigKeys (ConfUtils.java:logGet(46)) - raft.server.rpc.sleep.time = 25ms (default)
2023-01-13 04:28:19,983 [pool-163-thread-1] INFO  server.RaftServerConfigKeys (ConfUtils.java:logGet(46)) - raft.server.rpc.slowness.timeout = 300s (custom)
2023-01-13 04:28:19,984 [pool-163-thread-1] INFO  server.RaftServerConfigKeys (ConfUtils.java:logGet(46)) - raft.server.leaderelection.leader.step-down.wait-time = 10s (default)
2023-01-13 04:28:19,984 [pool-163-thread-1] INFO  server.RaftServerConfigKeys (ConfUtils.java:logGet(46)) - raft.server.sleep.deviation.threshold = 300ms (default)
2023-01-13 04:28:19,984 [pool-163-thread-1] INFO  server.RaftServer$Division (ServerState.java:<init>(118)) - fceb8dc7-545e-48fb-8d31-09847688438f@group-93818047D4BB: ConfigurationManager, init=-1: peers:[765a3633-7eac-4889-b9cb-33342b89fe8b|rpc:10.1.0.110:33437|dataStream:10.1.0.110:45775|priority:0|startupRole:FOLLOWER, b8861190-fee9-46f5-9d16-9ca5f82f4eb4|rpc:10.1.0.110:37787|dataStream:10.1.0.110:42169|priority:1|startupRole:FOLLOWER, fceb8dc7-545e-48fb-8d31-09847688438f|rpc:10.1.0.110:41373|dataStream:10.1.0.110:43423|priority:0|startupRole:FOLLOWER]|listeners:[], old=null, confs=<EMPTY_MAP>
2023-01-13 04:28:19,984 [pool-163-thread-1] INFO  server.RaftServerConfigKeys (ConfUtils.java:logGet(46)) - raft.server.storage.dir = [/home/runner/work/ozone/ozone/hadoop-ozone/integration-test/target/test-dir/MiniOzoneClusterImpl-cf27e86b-a5d2-4d86-a5ef-f90d19c9ea90/datanode-4/data/ratis] (custom)
2023-01-13 04:28:19,984 [pool-163-thread-1] INFO  server.RaftServerConfigKeys (ConfUtils.java:logGet(46)) - raft.server.log.corruption.policy = EXCEPTION (default)
2023-01-13 04:28:19,984 [pool-163-thread-1] INFO  server.RaftServerConfigKeys (ConfUtils.java:logGet(46)) - raft.server.storage.free-space.min = 0MB (=0) (default)
2023-01-13 04:28:19,984 [pool-163-thread-1] INFO  server.RaftServerConfigKeys (ConfUtils.java:logGet(46)) - raft.server.notification.no-leader.timeout = 300s (custom)
2023-01-13 04:28:19,984 [pool-163-thread-1] INFO  server.RaftServerConfigKeys (ConfUtils.java:logGet(46)) - raft.server.retrycache.expirytime = 600000ms (custom)
2023-01-13 04:28:19,984 [pool-163-thread-1] INFO  server.RaftServerConfigKeys (ConfUtils.java:logGet(46)) - raft.server.retrycache.statistics.expirytime = 100μs (default)
2023-01-13 04:28:19,985 [pool-163-thread-1] INFO  server.RaftServerConfigKeys (ConfUtils.java:logGet(46)) - raft.server.log.appender.install.snapshot.enabled = false (custom)
2023-01-13 04:28:19,985 [pool-163-thread-1] INFO  server.RaftServerConfigKeys (ConfUtils.java:logGet(46)) - raft.server.threadpool.server.cached = true (default)
2023-01-13 04:28:19,985 [pool-163-thread-1] INFO  server.RaftServerConfigKeys (ConfUtils.java:logGet(46)) - raft.server.threadpool.server.size = 0 (default)
2023-01-13 04:28:19,985 [pool-163-thread-1] INFO  server.RaftServerConfigKeys (ConfUtils.java:logGet(46)) - raft.server.threadpool.client.cached = true (default)
2023-01-13 04:28:19,985 [pool-163-thread-1] INFO  server.RaftServerConfigKeys (ConfUtils.java:logGet(46)) - raft.server.threadpool.client.size = 0 (default)
2023-01-13 04:28:19,985 [pool-163-thread-1] INFO  storage.RaftStorageDirectory (RaftStorageDirectoryImpl.java:analyzeStorage(137)) - The storage directory /home/runner/work/ozone/ozone/hadoop-ozone/integration-test/target/test-dir/MiniOzoneClusterImpl-cf27e86b-a5d2-4d86-a5ef-f90d19c9ea90/datanode-4/data/ratis/2aed16e5-4c72-4714-bcb4-93818047d4bb does not exist. Creating ...
2023-01-13 04:28:19,987 [pool-163-thread-1] INFO  storage.RaftStorageDirectory (RaftStorageDirectoryImpl.java:tryLock(231)) - Lock on /home/runner/work/ozone/ozone/hadoop-ozone/integration-test/target/test-dir/MiniOzoneClusterImpl-cf27e86b-a5d2-4d86-a5ef-f90d19c9ea90/datanode-4/data/ratis/2aed16e5-4c72-4714-bcb4-93818047d4bb/in_use.lock acquired by nodename 70585@fv-az178-476
2023-01-13 04:28:19,988 [pool-163-thread-1] INFO  storage.RaftStorage (RaftStorageImpl.java:format(96)) - Storage directory /home/runner/work/ozone/ozone/hadoop-ozone/integration-test/target/test-dir/MiniOzoneClusterImpl-cf27e86b-a5d2-4d86-a5ef-f90d19c9ea90/datanode-4/data/ratis/2aed16e5-4c72-4714-bcb4-93818047d4bb has been successfully formatted.
2023-01-13 04:28:19,989 [pool-163-thread-1] INFO  ratis.ContainerStateMachine (ContainerStateMachine.java:loadSnapshot(240)) - group-93818047D4BB: The snapshot info is null. Setting the last applied indexto:(t:0, i:~)
2023-01-13 04:28:19,990 [EventQueue-OpenPipelineForHealthyPipelineSafeModeRule] INFO  safemode.SCMSafeModeManager (HealthyPipelineSafeModeRule.java:process(137)) - SCM in safe mode. Healthy pipelines reported count is 0, required healthy pipeline reported count is 1
2023-01-13 04:28:19,994 [pool-163-thread-1] INFO  server.RaftServerConfigKeys (ConfUtils.java:logGet(46)) - raft.server.log.use.memory = false (default)
2023-01-13 04:28:19,995 [pool-163-thread-1] INFO  server.RaftServerConfigKeys (ConfUtils.java:logGet(46)) - raft.server.log.purge.gap = 1000000 (custom)
2023-01-13 04:28:19,995 [pool-163-thread-1] INFO  server.RaftServerConfigKeys (ConfUtils.java:logGet(46)) - raft.server.log.appender.buffer.byte-limit = 33554432 (custom)
2023-01-13 04:28:19,995 [pool-163-thread-1] INFO  server.RaftServerConfigKeys (ConfUtils.java:logGet(46)) - raft.server.log.statemachine.data.read.timeout = 1000ms (default)
2023-01-13 04:28:19,995 [pool-163-thread-1] INFO  server.RaftServerConfigKeys (ConfUtils.java:logGet(46)) - raft.server.log.purge.preservation.log.num = 0 (default)
2023-01-13 04:28:19,995 [pool-163-thread-1] INFO  server.RaftServerConfigKeys (ConfUtils.java:logGet(46)) - raft.server.log.segment.size.max = 1048576 (custom)
2023-01-13 04:28:19,995 [pool-163-thread-1] INFO  server.RaftServerConfigKeys (ConfUtils.java:logGet(46)) - raft.server.log.segment.cache.num.max = 2 (custom)
2023-01-13 04:28:19,995 [pool-163-thread-1] INFO  server.RaftServerConfigKeys (ConfUtils.java:logGet(46)) - raft.server.log.segment.cache.size.max = 200MB (=209715200) (default)
2023-01-13 04:28:19,995 [pool-163-thread-1] INFO  segmented.SegmentedRaftLogWorker (SegmentedRaftLogWorker.java:<init>(189)) - new fceb8dc7-545e-48fb-8d31-09847688438f@group-93818047D4BB-SegmentedRaftLogWorker for RaftStorageImpl:Storage Directory /home/runner/work/ozone/ozone/hadoop-ozone/integration-test/target/test-dir/MiniOzoneClusterImpl-cf27e86b-a5d2-4d86-a5ef-f90d19c9ea90/datanode-4/data/ratis/2aed16e5-4c72-4714-bcb4-93818047d4bb
2023-01-13 04:28:19,995 [pool-163-thread-1] INFO  server.RaftServerConfigKeys (ConfUtils.java:logGet(46)) - raft.server.log.queue.byte-limit = 4294967296 (custom)
2023-01-13 04:28:19,995 [pool-163-thread-1] INFO  server.RaftServerConfigKeys (ConfUtils.java:logGet(46)) - raft.server.log.queue.element-limit = 1024 (custom)
2023-01-13 04:28:19,995 [pool-163-thread-1] INFO  server.RaftServerConfigKeys (ConfUtils.java:logGet(46)) - raft.server.log.segment.size.max = 1048576 (custom)
2023-01-13 04:28:19,996 [pool-163-thread-1] INFO  server.RaftServerConfigKeys (ConfUtils.java:logGet(46)) - raft.server.log.preallocated.size = 16384 (custom)
2023-01-13 04:28:19,996 [pool-163-thread-1] INFO  server.RaftServerConfigKeys (ConfUtils.java:logGet(46)) - raft.server.log.force.sync.num = 128 (default)
2023-01-13 04:28:19,996 [pool-163-thread-1] INFO  server.RaftServerConfigKeys (ConfUtils.java:logGet(46)) - raft.server.log.statemachine.data.sync = true (default)
2023-01-13 04:28:19,996 [pool-163-thread-1] INFO  server.RaftServerConfigKeys (ConfUtils.java:logGet(46)) - raft.server.log.statemachine.data.sync.timeout = 10s (default)
2023-01-13 04:28:19,996 [pool-163-thread-1] INFO  server.RaftServerConfigKeys (ConfUtils.java:logGet(46)) - raft.server.log.statemachine.data.sync.timeout.retry = -1 (default)
2023-01-13 04:28:19,996 [pool-163-thread-1] INFO  server.RaftServerConfigKeys (ConfUtils.java:logGet(46)) - raft.server.log.write.buffer.size = 1048576 (custom)
2023-01-13 04:28:19,997 [pool-163-thread-1] INFO  server.RaftServerConfigKeys (ConfUtils.java:logGet(46)) - raft.server.log.appender.buffer.byte-limit = 33554432 (custom)
2023-01-13 04:28:20,004 [pool-163-thread-1] INFO  server.RaftServerConfigKeys (ConfUtils.java:logGet(46)) - raft.server.log.unsafe-flush.enabled = false (default)
2023-01-13 04:28:20,004 [pool-163-thread-1] INFO  server.RaftServerConfigKeys (ConfUtils.java:logGet(46)) - raft.server.log.async-flush.enabled = false (default)
2023-01-13 04:28:20,005 [pool-163-thread-1] INFO  server.RaftServerConfigKeys (ConfUtils.java:logGet(46)) - raft.server.log.statemachine.data.caching.enabled = true (custom)
2023-01-13 04:28:20,005 [pool-163-thread-1] INFO  segmented.SegmentedRaftLogWorker (SegmentedRaftLogWorker.java:lambda$new$0(135)) - fceb8dc7-545e-48fb-8d31-09847688438f@group-93818047D4BB-SegmentedRaftLogWorker: flushIndex: setUnconditionally 0 -> -1
2023-01-13 04:28:20,005 [pool-163-thread-1] INFO  segmented.SegmentedRaftLogWorker (SegmentedRaftLogWorker.java:lambda$new$0(135)) - fceb8dc7-545e-48fb-8d31-09847688438f@group-93818047D4BB-SegmentedRaftLogWorker: safeCacheEvictIndex: setUnconditionally 0 -> -1
2023-01-13 04:28:20,008 [pool-163-thread-1] INFO  server.RaftServer$Division (RaftServerImpl.java:start(334)) - fceb8dc7-545e-48fb-8d31-09847688438f@group-93818047D4BB: start as a follower, conf=-1: peers:[765a3633-7eac-4889-b9cb-33342b89fe8b|rpc:10.1.0.110:33437|dataStream:10.1.0.110:45775|priority:0|startupRole:FOLLOWER, b8861190-fee9-46f5-9d16-9ca5f82f4eb4|rpc:10.1.0.110:37787|dataStream:10.1.0.110:42169|priority:1|startupRole:FOLLOWER, fceb8dc7-545e-48fb-8d31-09847688438f|rpc:10.1.0.110:41373|dataStream:10.1.0.110:43423|priority:0|startupRole:FOLLOWER]|listeners:[], old=null
2023-01-13 04:28:20,012 [pool-163-thread-1] INFO  server.RaftServer$Division (RaftServerImpl.java:setRole(321)) - fceb8dc7-545e-48fb-8d31-09847688438f@group-93818047D4BB: changes role from      null to FOLLOWER at term 0 for startAsFollower
2023-01-13 04:28:20,012 [pool-163-thread-1] INFO  impl.RoleInfo (RoleInfo.java:updateAndGet(139)) - fceb8dc7-545e-48fb-8d31-09847688438f: start fceb8dc7-545e-48fb-8d31-09847688438f@group-93818047D4BB-FollowerState
2023-01-13 04:28:20,012 [fceb8dc7-545e-48fb-8d31-09847688438f@group-93818047D4BB-FollowerState] INFO  server.RaftServerConfigKeys (ConfUtils.java:logFallback(53)) - raft.server.rpc.first-election.timeout.min = 5s (fallback to raft.server.rpc.timeout.min)
2023-01-13 04:28:20,012 [pool-163-thread-1] INFO  util.JmxRegister (JmxRegister.java:tryRegister(44)) - Successfully registered JMX Bean with object name Ratis:service=RaftServer,group=group-93818047D4BB,id=fceb8dc7-545e-48fb-8d31-09847688438f
2023-01-13 04:28:20,013 [fceb8dc7-545e-48fb-8d31-09847688438f@group-93818047D4BB-FollowerState] INFO  server.RaftServerConfigKeys (ConfUtils.java:logFallback(53)) - raft.server.rpc.first-election.timeout.max = 5200ms (fallback to raft.server.rpc.timeout.max)
2023-01-13 04:28:20,013 [pool-163-thread-1] INFO  server.RaftServerConfigKeys (ConfUtils.java:logGet(46)) - raft.server.snapshot.auto.trigger.enabled = true (custom)
2023-01-13 04:28:20,013 [pool-163-thread-1] INFO  server.RaftServerConfigKeys (ConfUtils.java:logGet(46)) - raft.server.snapshot.auto.trigger.threshold = 10000 (custom)
2023-01-13 04:28:20,013 [pool-163-thread-1] INFO  server.RaftServerConfigKeys (ConfUtils.java:logGet(46)) - raft.server.snapshot.retention.file.num = 5 (custom)
2023-01-13 04:28:20,013 [pool-163-thread-1] INFO  server.RaftServerConfigKeys (ConfUtils.java:logGet(46)) - raft.server.log.purge.upto.snapshot.index = false (default)
2023-01-13 04:28:20,014 [Command processor thread] INFO  ratis.XceiverServerRatis (XceiverServerRatis.java:addGroup(806)) - Created group PipelineID=2aed16e5-4c72-4714-bcb4-93818047d4bb
2023-01-13 04:28:20,023 [grpc-default-executor-1] INFO  server.RaftServer (RaftServerProxy.java:addNew(96)) - b8861190-fee9-46f5-9d16-9ca5f82f4eb4: addNew group-A7188787C679:[765a3633-7eac-4889-b9cb-33342b89fe8b|rpc:10.1.0.110:33437|dataStream:10.1.0.110:45775|priority:1|startupRole:FOLLOWER, b8861190-fee9-46f5-9d16-9ca5f82f4eb4|rpc:10.1.0.110:37787|dataStream:10.1.0.110:42169|priority:0|startupRole:FOLLOWER, fceb8dc7-545e-48fb-8d31-09847688438f|rpc:10.1.0.110:41373|dataStream:10.1.0.110:43423|priority:0|startupRole:FOLLOWER] returns group-A7188787C679:java.util.concurrent.CompletableFuture@8d19223[Not completed]
2023-01-13 04:28:20,026 [pool-186-thread-1] INFO  server.RaftServer$Division (RaftServerImpl.java:<init>(195)) - b8861190-fee9-46f5-9d16-9ca5f82f4eb4: new RaftServerImpl for group-A7188787C679:[765a3633-7eac-4889-b9cb-33342b89fe8b|rpc:10.1.0.110:33437|dataStream:10.1.0.110:45775|priority:1|startupRole:FOLLOWER, b8861190-fee9-46f5-9d16-9ca5f82f4eb4|rpc:10.1.0.110:37787|dataStream:10.1.0.110:42169|priority:0|startupRole:FOLLOWER, fceb8dc7-545e-48fb-8d31-09847688438f|rpc:10.1.0.110:41373|dataStream:10.1.0.110:43423|priority:0|startupRole:FOLLOWER] with ContainerStateMachine:uninitialized
2023-01-13 04:28:20,026 [pool-186-thread-1] INFO  server.RaftServerConfigKeys (ConfUtils.java:logGet(46)) - raft.server.rpc.timeout.min = 5s (custom)
2023-01-13 04:28:20,026 [pool-186-thread-1] INFO  server.RaftServerConfigKeys (ConfUtils.java:logGet(46)) - raft.server.rpc.timeout.max = 5200ms (custom)
2023-01-13 04:28:20,026 [pool-186-thread-1] INFO  server.RaftServerConfigKeys (ConfUtils.java:logGet(46)) - raft.server.rpc.sleep.time = 25ms (default)
2023-01-13 04:28:20,026 [pool-186-thread-1] INFO  server.RaftServerConfigKeys (ConfUtils.java:logGet(46)) - raft.server.rpc.slowness.timeout = 300s (custom)
2023-01-13 04:28:20,026 [pool-186-thread-1] INFO  server.RaftServerConfigKeys (ConfUtils.java:logGet(46)) - raft.server.leaderelection.leader.step-down.wait-time = 10s (default)
2023-01-13 04:28:20,026 [pool-186-thread-1] INFO  server.RaftServerConfigKeys (ConfUtils.java:logGet(46)) - raft.server.sleep.deviation.threshold = 300ms (default)
2023-01-13 04:28:20,026 [pool-186-thread-1] INFO  server.RaftServer$Division (ServerState.java:<init>(118)) - b8861190-fee9-46f5-9d16-9ca5f82f4eb4@group-A7188787C679: ConfigurationManager, init=-1: peers:[765a3633-7eac-4889-b9cb-33342b89fe8b|rpc:10.1.0.110:33437|dataStream:10.1.0.110:45775|priority:1|startupRole:FOLLOWER, b8861190-fee9-46f5-9d16-9ca5f82f4eb4|rpc:10.1.0.110:37787|dataStream:10.1.0.110:42169|priority:0|startupRole:FOLLOWER, fceb8dc7-545e-48fb-8d31-09847688438f|rpc:10.1.0.110:41373|dataStream:10.1.0.110:43423|priority:0|startupRole:FOLLOWER]|listeners:[], old=null, confs=<EMPTY_MAP>
2023-01-13 04:28:20,026 [pool-186-thread-1] INFO  server.RaftServerConfigKeys (ConfUtils.java:logGet(46)) - raft.server.storage.dir = [/home/runner/work/ozone/ozone/hadoop-ozone/integration-test/target/test-dir/MiniOzoneClusterImpl-cf27e86b-a5d2-4d86-a5ef-f90d19c9ea90/datanode-5/data/ratis] (custom)
2023-01-13 04:28:20,026 [pool-186-thread-1] INFO  server.RaftServerConfigKeys (ConfUtils.java:logGet(46)) - raft.server.log.corruption.policy = EXCEPTION (default)
2023-01-13 04:28:20,026 [pool-186-thread-1] INFO  server.RaftServerConfigKeys (ConfUtils.java:logGet(46)) - raft.server.storage.free-space.min = 0MB (=0) (default)
2023-01-13 04:28:20,027 [pool-186-thread-1] INFO  server.RaftServerConfigKeys (ConfUtils.java:logGet(46)) - raft.server.notification.no-leader.timeout = 300s (custom)
2023-01-13 04:28:20,027 [pool-186-thread-1] INFO  server.RaftServerConfigKeys (ConfUtils.java:logGet(46)) - raft.server.retrycache.expirytime = 600000ms (custom)
2023-01-13 04:28:20,027 [pool-186-thread-1] INFO  server.RaftServerConfigKeys (ConfUtils.java:logGet(46)) - raft.server.retrycache.statistics.expirytime = 100μs (default)
2023-01-13 04:28:20,029 [pool-186-thread-1] INFO  server.RaftServerConfigKeys (ConfUtils.java:logGet(46)) - raft.server.log.appender.install.snapshot.enabled = false (custom)
2023-01-13 04:28:20,029 [pool-186-thread-1] INFO  server.RaftServerConfigKeys (ConfUtils.java:logGet(46)) - raft.server.threadpool.server.cached = true (default)
2023-01-13 04:28:20,029 [pool-186-thread-1] INFO  server.RaftServerConfigKeys (ConfUtils.java:logGet(46)) - raft.server.threadpool.server.size = 0 (default)
2023-01-13 04:28:20,029 [pool-186-thread-1] INFO  server.RaftServerConfigKeys (ConfUtils.java:logGet(46)) - raft.server.threadpool.client.cached = true (default)
2023-01-13 04:28:20,029 [pool-186-thread-1] INFO  server.RaftServerConfigKeys (ConfUtils.java:logGet(46)) - raft.server.threadpool.client.size = 0 (default)
2023-01-13 04:28:20,029 [pool-186-thread-1] INFO  storage.RaftStorageDirectory (RaftStorageDirectoryImpl.java:analyzeStorage(137)) - The storage directory /home/runner/work/ozone/ozone/hadoop-ozone/integration-test/target/test-dir/MiniOzoneClusterImpl-cf27e86b-a5d2-4d86-a5ef-f90d19c9ea90/datanode-5/data/ratis/8030f97e-fd6c-41ef-86a1-a7188787c679 does not exist. Creating ...
2023-01-13 04:28:20,031 [pool-186-thread-1] INFO  storage.RaftStorageDirectory (RaftStorageDirectoryImpl.java:tryLock(231)) - Lock on /home/runner/work/ozone/ozone/hadoop-ozone/integration-test/target/test-dir/MiniOzoneClusterImpl-cf27e86b-a5d2-4d86-a5ef-f90d19c9ea90/datanode-5/data/ratis/8030f97e-fd6c-41ef-86a1-a7188787c679/in_use.lock acquired by nodename 70585@fv-az178-476
2023-01-13 04:28:20,032 [pool-186-thread-1] INFO  storage.RaftStorage (RaftStorageImpl.java:format(96)) - Storage directory /home/runner/work/ozone/ozone/hadoop-ozone/integration-test/target/test-dir/MiniOzoneClusterImpl-cf27e86b-a5d2-4d86-a5ef-f90d19c9ea90/datanode-5/data/ratis/8030f97e-fd6c-41ef-86a1-a7188787c679 has been successfully formatted.
2023-01-13 04:28:20,033 [pool-186-thread-1] INFO  ratis.ContainerStateMachine (ContainerStateMachine.java:loadSnapshot(240)) - group-A7188787C679: The snapshot info is null. Setting the last applied indexto:(t:0, i:~)
2023-01-13 04:28:20,033 [pool-186-thread-1] INFO  server.RaftServerConfigKeys (ConfUtils.java:logGet(46)) - raft.server.log.use.memory = false (default)
2023-01-13 04:28:20,033 [pool-186-thread-1] INFO  server.RaftServerConfigKeys (ConfUtils.java:logGet(46)) - raft.server.log.purge.gap = 1000000 (custom)
2023-01-13 04:28:20,033 [pool-186-thread-1] INFO  server.RaftServerConfigKeys (ConfUtils.java:logGet(46)) - raft.server.log.appender.buffer.byte-limit = 33554432 (custom)
2023-01-13 04:28:20,033 [pool-186-thread-1] INFO  server.RaftServerConfigKeys (ConfUtils.java:logGet(46)) - raft.server.log.statemachine.data.read.timeout = 1000ms (default)
2023-01-13 04:28:20,033 [pool-186-thread-1] INFO  server.RaftServerConfigKeys (ConfUtils.java:logGet(46)) - raft.server.log.purge.preservation.log.num = 0 (default)
2023-01-13 04:28:20,033 [pool-186-thread-1] INFO  server.RaftServerConfigKeys (ConfUtils.java:logGet(46)) - raft.server.log.segment.size.max = 1048576 (custom)
2023-01-13 04:28:20,034 [pool-186-thread-1] INFO  server.RaftServerConfigKeys (ConfUtils.java:logGet(46)) - raft.server.log.segment.cache.num.max = 2 (custom)
2023-01-13 04:28:20,034 [pool-186-thread-1] INFO  server.RaftServerConfigKeys (ConfUtils.java:logGet(46)) - raft.server.log.segment.cache.size.max = 200MB (=209715200) (default)
2023-01-13 04:28:20,034 [pool-186-thread-1] INFO  segmented.SegmentedRaftLogWorker (SegmentedRaftLogWorker.java:<init>(189)) - new b8861190-fee9-46f5-9d16-9ca5f82f4eb4@group-A7188787C679-SegmentedRaftLogWorker for RaftStorageImpl:Storage Directory /home/runner/work/ozone/ozone/hadoop-ozone/integration-test/target/test-dir/MiniOzoneClusterImpl-cf27e86b-a5d2-4d86-a5ef-f90d19c9ea90/datanode-5/data/ratis/8030f97e-fd6c-41ef-86a1-a7188787c679
2023-01-13 04:28:20,034 [pool-186-thread-1] INFO  server.RaftServerConfigKeys (ConfUtils.java:logGet(46)) - raft.server.log.queue.byte-limit = 4294967296 (custom)
2023-01-13 04:28:20,034 [pool-186-thread-1] INFO  server.RaftServerConfigKeys (ConfUtils.java:logGet(46)) - raft.server.log.queue.element-limit = 1024 (custom)
2023-01-13 04:28:20,034 [pool-186-thread-1] INFO  server.RaftServerConfigKeys (ConfUtils.java:logGet(46)) - raft.server.log.segment.size.max = 1048576 (custom)
2023-01-13 04:28:20,034 [pool-186-thread-1] INFO  server.RaftServerConfigKeys (ConfUtils.java:logGet(46)) - raft.server.log.preallocated.size = 16384 (custom)
2023-01-13 04:28:20,034 [pool-186-thread-1] INFO  server.RaftServerConfigKeys (ConfUtils.java:logGet(46)) - raft.server.log.force.sync.num = 128 (default)
2023-01-13 04:28:20,035 [pool-186-thread-1] INFO  server.RaftServerConfigKeys (ConfUtils.java:logGet(46)) - raft.server.log.statemachine.data.sync = true (default)
2023-01-13 04:28:20,035 [pool-186-thread-1] INFO  server.RaftServerConfigKeys (ConfUtils.java:logGet(46)) - raft.server.log.statemachine.data.sync.timeout = 10s (default)
2023-01-13 04:28:20,035 [pool-186-thread-1] INFO  server.RaftServerConfigKeys (ConfUtils.java:logGet(46)) - raft.server.log.statemachine.data.sync.timeout.retry = -1 (default)
2023-01-13 04:28:20,037 [pool-186-thread-1] INFO  server.RaftServerConfigKeys (ConfUtils.java:logGet(46)) - raft.server.log.write.buffer.size = 1048576 (custom)
2023-01-13 04:28:20,037 [pool-186-thread-1] INFO  server.RaftServerConfigKeys (ConfUtils.java:logGet(46)) - raft.server.log.appender.buffer.byte-limit = 33554432 (custom)
2023-01-13 04:28:20,043 [pool-186-thread-1] INFO  server.RaftServerConfigKeys (ConfUtils.java:logGet(46)) - raft.server.log.unsafe-flush.enabled = false (default)
2023-01-13 04:28:20,043 [pool-186-thread-1] INFO  server.RaftServerConfigKeys (ConfUtils.java:logGet(46)) - raft.server.log.async-flush.enabled = false (default)
2023-01-13 04:28:20,043 [pool-186-thread-1] INFO  server.RaftServerConfigKeys (ConfUtils.java:logGet(46)) - raft.server.log.statemachine.data.caching.enabled = true (custom)
2023-01-13 04:28:20,043 [pool-186-thread-1] INFO  segmented.SegmentedRaftLogWorker (SegmentedRaftLogWorker.java:lambda$new$0(135)) - b8861190-fee9-46f5-9d16-9ca5f82f4eb4@group-A7188787C679-SegmentedRaftLogWorker: flushIndex: setUnconditionally 0 -> -1
2023-01-13 04:28:20,043 [pool-186-thread-1] INFO  segmented.SegmentedRaftLogWorker (SegmentedRaftLogWorker.java:lambda$new$0(135)) - b8861190-fee9-46f5-9d16-9ca5f82f4eb4@group-A7188787C679-SegmentedRaftLogWorker: safeCacheEvictIndex: setUnconditionally 0 -> -1
2023-01-13 04:28:20,043 [pool-186-thread-1] INFO  server.RaftServer$Division (RaftServerImpl.java:start(334)) - b8861190-fee9-46f5-9d16-9ca5f82f4eb4@group-A7188787C679: start as a follower, conf=-1: peers:[765a3633-7eac-4889-b9cb-33342b89fe8b|rpc:10.1.0.110:33437|dataStream:10.1.0.110:45775|priority:1|startupRole:FOLLOWER, b8861190-fee9-46f5-9d16-9ca5f82f4eb4|rpc:10.1.0.110:37787|dataStream:10.1.0.110:42169|priority:0|startupRole:FOLLOWER, fceb8dc7-545e-48fb-8d31-09847688438f|rpc:10.1.0.110:41373|dataStream:10.1.0.110:43423|priority:0|startupRole:FOLLOWER]|listeners:[], old=null
2023-01-13 04:28:20,043 [pool-186-thread-1] INFO  server.RaftServer$Division (RaftServerImpl.java:setRole(321)) - b8861190-fee9-46f5-9d16-9ca5f82f4eb4@group-A7188787C679: changes role from      null to FOLLOWER at term 0 for startAsFollower
2023-01-13 04:28:20,043 [pool-186-thread-1] INFO  impl.RoleInfo (RoleInfo.java:updateAndGet(139)) - b8861190-fee9-46f5-9d16-9ca5f82f4eb4: start b8861190-fee9-46f5-9d16-9ca5f82f4eb4@group-A7188787C679-FollowerState
2023-01-13 04:28:20,044 [pool-186-thread-1] INFO  util.JmxRegister (JmxRegister.java:tryRegister(44)) - Successfully registered JMX Bean with object name Ratis:service=RaftServer,group=group-A7188787C679,id=b8861190-fee9-46f5-9d16-9ca5f82f4eb4
2023-01-13 04:28:20,044 [pool-186-thread-1] INFO  server.RaftServerConfigKeys (ConfUtils.java:logGet(46)) - raft.server.snapshot.auto.trigger.enabled = true (custom)
2023-01-13 04:28:20,044 [pool-186-thread-1] INFO  server.RaftServerConfigKeys (ConfUtils.java:logGet(46)) - raft.server.snapshot.auto.trigger.threshold = 10000 (custom)
2023-01-13 04:28:20,044 [pool-186-thread-1] INFO  server.RaftServerConfigKeys (ConfUtils.java:logGet(46)) - raft.server.snapshot.retention.file.num = 5 (custom)
2023-01-13 04:28:20,044 [pool-186-thread-1] INFO  server.RaftServerConfigKeys (ConfUtils.java:logGet(46)) - raft.server.log.purge.upto.snapshot.index = false (default)
2023-01-13 04:28:20,044 [grpc-default-executor-1] INFO  server.RaftServer (RaftServerProxy.java:addNew(96)) - b8861190-fee9-46f5-9d16-9ca5f82f4eb4: addNew group-93818047D4BB:[765a3633-7eac-4889-b9cb-33342b89fe8b|rpc:10.1.0.110:33437|dataStream:10.1.0.110:45775|priority:0|startupRole:FOLLOWER, b8861190-fee9-46f5-9d16-9ca5f82f4eb4|rpc:10.1.0.110:37787|dataStream:10.1.0.110:42169|priority:1|startupRole:FOLLOWER, fceb8dc7-545e-48fb-8d31-09847688438f|rpc:10.1.0.110:41373|dataStream:10.1.0.110:43423|priority:0|startupRole:FOLLOWER] returns group-93818047D4BB:java.util.concurrent.CompletableFuture@5d238b5d[Not completed]
2023-01-13 04:28:20,047 [pool-186-thread-1] INFO  server.RaftServer$Division (RaftServerImpl.java:<init>(195)) - b8861190-fee9-46f5-9d16-9ca5f82f4eb4: new RaftServerImpl for group-93818047D4BB:[765a3633-7eac-4889-b9cb-33342b89fe8b|rpc:10.1.0.110:33437|dataStream:10.1.0.110:45775|priority:0|startupRole:FOLLOWER, b8861190-fee9-46f5-9d16-9ca5f82f4eb4|rpc:10.1.0.110:37787|dataStream:10.1.0.110:42169|priority:1|startupRole:FOLLOWER, fceb8dc7-545e-48fb-8d31-09847688438f|rpc:10.1.0.110:41373|dataStream:10.1.0.110:43423|priority:0|startupRole:FOLLOWER] with ContainerStateMachine:uninitialized
2023-01-13 04:28:20,047 [pool-186-thread-1] INFO  server.RaftServerConfigKeys (ConfUtils.java:logGet(46)) - raft.server.rpc.timeout.min = 5s (custom)
2023-01-13 04:28:20,047 [pool-186-thread-1] INFO  server.RaftServerConfigKeys (ConfUtils.java:logGet(46)) - raft.server.rpc.timeout.max = 5200ms (custom)
2023-01-13 04:28:20,047 [pool-186-thread-1] INFO  server.RaftServerConfigKeys (ConfUtils.java:logGet(46)) - raft.server.rpc.sleep.time = 25ms (default)
2023-01-13 04:28:20,047 [pool-186-thread-1] INFO  server.RaftServerConfigKeys (ConfUtils.java:logGet(46)) - raft.server.rpc.slowness.timeout = 300s (custom)
2023-01-13 04:28:20,047 [pool-186-thread-1] INFO  server.RaftServerConfigKeys (ConfUtils.java:logGet(46)) - raft.server.leaderelection.leader.step-down.wait-time = 10s (default)
2023-01-13 04:28:20,047 [pool-186-thread-1] INFO  server.RaftServerConfigKeys (ConfUtils.java:logGet(46)) - raft.server.sleep.deviation.threshold = 300ms (default)
2023-01-13 04:28:20,048 [pool-186-thread-1] INFO  server.RaftServer$Division (ServerState.java:<init>(118)) - b8861190-fee9-46f5-9d16-9ca5f82f4eb4@group-93818047D4BB: ConfigurationManager, init=-1: peers:[765a3633-7eac-4889-b9cb-33342b89fe8b|rpc:10.1.0.110:33437|dataStream:10.1.0.110:45775|priority:0|startupRole:FOLLOWER, b8861190-fee9-46f5-9d16-9ca5f82f4eb4|rpc:10.1.0.110:37787|dataStream:10.1.0.110:42169|priority:1|startupRole:FOLLOWER, fceb8dc7-545e-48fb-8d31-09847688438f|rpc:10.1.0.110:41373|dataStream:10.1.0.110:43423|priority:0|startupRole:FOLLOWER]|listeners:[], old=null, confs=<EMPTY_MAP>
2023-01-13 04:28:20,048 [pool-186-thread-1] INFO  server.RaftServerConfigKeys (ConfUtils.java:logGet(46)) - raft.server.storage.dir = [/home/runner/work/ozone/ozone/hadoop-ozone/integration-test/target/test-dir/MiniOzoneClusterImpl-cf27e86b-a5d2-4d86-a5ef-f90d19c9ea90/datanode-5/data/ratis] (custom)
2023-01-13 04:28:20,048 [pool-186-thread-1] INFO  server.RaftServerConfigKeys (ConfUtils.java:logGet(46)) - raft.server.log.corruption.policy = EXCEPTION (default)
2023-01-13 04:28:20,048 [pool-186-thread-1] INFO  server.RaftServerConfigKeys (ConfUtils.java:logGet(46)) - raft.server.storage.free-space.min = 0MB (=0) (default)
2023-01-13 04:28:20,048 [pool-186-thread-1] INFO  server.RaftServerConfigKeys (ConfUtils.java:logGet(46)) - raft.server.notification.no-leader.timeout = 300s (custom)
2023-01-13 04:28:20,048 [pool-186-thread-1] INFO  server.RaftServerConfigKeys (ConfUtils.java:logGet(46)) - raft.server.retrycache.expirytime = 600000ms (custom)
2023-01-13 04:28:20,048 [pool-186-thread-1] INFO  server.RaftServerConfigKeys (ConfUtils.java:logGet(46)) - raft.server.retrycache.statistics.expirytime = 100μs (default)
2023-01-13 04:28:20,049 [pool-186-thread-1] INFO  server.RaftServerConfigKeys (ConfUtils.java:logGet(46)) - raft.server.log.appender.install.snapshot.enabled = false (custom)
2023-01-13 04:28:20,049 [pool-186-thread-1] INFO  server.RaftServerConfigKeys (ConfUtils.java:logGet(46)) - raft.server.threadpool.server.cached = true (default)
2023-01-13 04:28:20,049 [pool-186-thread-1] INFO  server.RaftServerConfigKeys (ConfUtils.java:logGet(46)) - raft.server.threadpool.server.size = 0 (default)
2023-01-13 04:28:20,049 [pool-186-thread-1] INFO  server.RaftServerConfigKeys (ConfUtils.java:logGet(46)) - raft.server.threadpool.client.cached = true (default)
2023-01-13 04:28:20,049 [pool-186-thread-1] INFO  server.RaftServerConfigKeys (ConfUtils.java:logGet(46)) - raft.server.threadpool.client.size = 0 (default)
2023-01-13 04:28:20,049 [pool-186-thread-1] INFO  storage.RaftStorageDirectory (RaftStorageDirectoryImpl.java:analyzeStorage(137)) - The storage directory /home/runner/work/ozone/ozone/hadoop-ozone/integration-test/target/test-dir/MiniOzoneClusterImpl-cf27e86b-a5d2-4d86-a5ef-f90d19c9ea90/datanode-5/data/ratis/2aed16e5-4c72-4714-bcb4-93818047d4bb does not exist. Creating ...
2023-01-13 04:28:20,045 [b8861190-fee9-46f5-9d16-9ca5f82f4eb4@group-A7188787C679-FollowerState] INFO  server.RaftServerConfigKeys (ConfUtils.java:logFallback(53)) - raft.server.rpc.first-election.timeout.min = 5s (fallback to raft.server.rpc.timeout.min)
2023-01-13 04:28:20,050 [b8861190-fee9-46f5-9d16-9ca5f82f4eb4@group-A7188787C679-FollowerState] INFO  server.RaftServerConfigKeys (ConfUtils.java:logFallback(53)) - raft.server.rpc.first-election.timeout.max = 5200ms (fallback to raft.server.rpc.timeout.max)
2023-01-13 04:28:20,052 [pool-186-thread-1] INFO  storage.RaftStorageDirectory (RaftStorageDirectoryImpl.java:tryLock(231)) - Lock on /home/runner/work/ozone/ozone/hadoop-ozone/integration-test/target/test-dir/MiniOzoneClusterImpl-cf27e86b-a5d2-4d86-a5ef-f90d19c9ea90/datanode-5/data/ratis/2aed16e5-4c72-4714-bcb4-93818047d4bb/in_use.lock acquired by nodename 70585@fv-az178-476
2023-01-13 04:28:20,054 [pool-186-thread-1] INFO  storage.RaftStorage (RaftStorageImpl.java:format(96)) - Storage directory /home/runner/work/ozone/ozone/hadoop-ozone/integration-test/target/test-dir/MiniOzoneClusterImpl-cf27e86b-a5d2-4d86-a5ef-f90d19c9ea90/datanode-5/data/ratis/2aed16e5-4c72-4714-bcb4-93818047d4bb has been successfully formatted.
2023-01-13 04:28:20,055 [pool-186-thread-1] INFO  ratis.ContainerStateMachine (ContainerStateMachine.java:loadSnapshot(240)) - group-93818047D4BB: The snapshot info is null. Setting the last applied indexto:(t:0, i:~)
2023-01-13 04:28:20,055 [pool-186-thread-1] INFO  server.RaftServerConfigKeys (ConfUtils.java:logGet(46)) - raft.server.log.use.memory = false (default)
2023-01-13 04:28:20,055 [pool-186-thread-1] INFO  server.RaftServerConfigKeys (ConfUtils.java:logGet(46)) - raft.server.log.purge.gap = 1000000 (custom)
2023-01-13 04:28:20,055 [pool-186-thread-1] INFO  server.RaftServerConfigKeys (ConfUtils.java:logGet(46)) - raft.server.log.appender.buffer.byte-limit = 33554432 (custom)
2023-01-13 04:28:20,055 [pool-186-thread-1] INFO  server.RaftServerConfigKeys (ConfUtils.java:logGet(46)) - raft.server.log.statemachine.data.read.timeout = 1000ms (default)
2023-01-13 04:28:20,055 [pool-186-thread-1] INFO  server.RaftServerConfigKeys (ConfUtils.java:logGet(46)) - raft.server.log.purge.preservation.log.num = 0 (default)
2023-01-13 04:28:20,055 [pool-186-thread-1] INFO  server.RaftServerConfigKeys (ConfUtils.java:logGet(46)) - raft.server.log.segment.size.max = 1048576 (custom)
2023-01-13 04:28:20,056 [pool-186-thread-1] INFO  server.RaftServerConfigKeys (ConfUtils.java:logGet(46)) - raft.server.log.segment.cache.num.max = 2 (custom)
2023-01-13 04:28:20,056 [pool-186-thread-1] INFO  server.RaftServerConfigKeys (ConfUtils.java:logGet(46)) - raft.server.log.segment.cache.size.max = 200MB (=209715200) (default)
2023-01-13 04:28:20,056 [pool-186-thread-1] INFO  segmented.SegmentedRaftLogWorker (SegmentedRaftLogWorker.java:<init>(189)) - new b8861190-fee9-46f5-9d16-9ca5f82f4eb4@group-93818047D4BB-SegmentedRaftLogWorker for RaftStorageImpl:Storage Directory /home/runner/work/ozone/ozone/hadoop-ozone/integration-test/target/test-dir/MiniOzoneClusterImpl-cf27e86b-a5d2-4d86-a5ef-f90d19c9ea90/datanode-5/data/ratis/2aed16e5-4c72-4714-bcb4-93818047d4bb
2023-01-13 04:28:20,056 [pool-186-thread-1] INFO  server.RaftServerConfigKeys (ConfUtils.java:logGet(46)) - raft.server.log.queue.byte-limit = 4294967296 (custom)
2023-01-13 04:28:20,056 [pool-186-thread-1] INFO  server.RaftServerConfigKeys (ConfUtils.java:logGet(46)) - raft.server.log.queue.element-limit = 1024 (custom)
2023-01-13 04:28:20,056 [pool-186-thread-1] INFO  server.RaftServerConfigKeys (ConfUtils.java:logGet(46)) - raft.server.log.segment.size.max = 1048576 (custom)
2023-01-13 04:28:20,056 [pool-186-thread-1] INFO  server.RaftServerConfigKeys (ConfUtils.java:logGet(46)) - raft.server.log.preallocated.size = 16384 (custom)
2023-01-13 04:28:20,056 [pool-186-thread-1] INFO  server.RaftServerConfigKeys (ConfUtils.java:logGet(46)) - raft.server.log.force.sync.num = 128 (default)
2023-01-13 04:28:20,056 [pool-186-thread-1] INFO  server.RaftServerConfigKeys (ConfUtils.java:logGet(46)) - raft.server.log.statemachine.data.sync = true (default)
2023-01-13 04:28:20,056 [pool-186-thread-1] INFO  server.RaftServerConfigKeys (ConfUtils.java:logGet(46)) - raft.server.log.statemachine.data.sync.timeout = 10s (default)
2023-01-13 04:28:20,056 [pool-186-thread-1] INFO  server.RaftServerConfigKeys (ConfUtils.java:logGet(46)) - raft.server.log.statemachine.data.sync.timeout.retry = -1 (default)
2023-01-13 04:28:20,057 [pool-186-thread-1] INFO  server.RaftServerConfigKeys (ConfUtils.java:logGet(46)) - raft.server.log.write.buffer.size = 1048576 (custom)
2023-01-13 04:28:20,058 [pool-186-thread-1] INFO  server.RaftServerConfigKeys (ConfUtils.java:logGet(46)) - raft.server.log.appender.buffer.byte-limit = 33554432 (custom)
2023-01-13 04:28:20,064 [pool-186-thread-1] INFO  server.RaftServerConfigKeys (ConfUtils.java:logGet(46)) - raft.server.log.unsafe-flush.enabled = false (default)
2023-01-13 04:28:20,064 [pool-186-thread-1] INFO  server.RaftServerConfigKeys (ConfUtils.java:logGet(46)) - raft.server.log.async-flush.enabled = false (default)
2023-01-13 04:28:20,064 [pool-186-thread-1] INFO  server.RaftServerConfigKeys (ConfUtils.java:logGet(46)) - raft.server.log.statemachine.data.caching.enabled = true (custom)
2023-01-13 04:28:20,064 [pool-186-thread-1] INFO  segmented.SegmentedRaftLogWorker (SegmentedRaftLogWorker.java:lambda$new$0(135)) - b8861190-fee9-46f5-9d16-9ca5f82f4eb4@group-93818047D4BB-SegmentedRaftLogWorker: flushIndex: setUnconditionally 0 -> -1
2023-01-13 04:28:20,064 [pool-186-thread-1] INFO  segmented.SegmentedRaftLogWorker (SegmentedRaftLogWorker.java:lambda$new$0(135)) - b8861190-fee9-46f5-9d16-9ca5f82f4eb4@group-93818047D4BB-SegmentedRaftLogWorker: safeCacheEvictIndex: setUnconditionally 0 -> -1
2023-01-13 04:28:20,064 [pool-186-thread-1] INFO  server.RaftServer$Division (RaftServerImpl.java:start(334)) - b8861190-fee9-46f5-9d16-9ca5f82f4eb4@group-93818047D4BB: start as a follower, conf=-1: peers:[765a3633-7eac-4889-b9cb-33342b89fe8b|rpc:10.1.0.110:33437|dataStream:10.1.0.110:45775|priority:0|startupRole:FOLLOWER, b8861190-fee9-46f5-9d16-9ca5f82f4eb4|rpc:10.1.0.110:37787|dataStream:10.1.0.110:42169|priority:1|startupRole:FOLLOWER, fceb8dc7-545e-48fb-8d31-09847688438f|rpc:10.1.0.110:41373|dataStream:10.1.0.110:43423|priority:0|startupRole:FOLLOWER]|listeners:[], old=null
2023-01-13 04:28:20,064 [pool-186-thread-1] INFO  server.RaftServer$Division (RaftServerImpl.java:setRole(321)) - b8861190-fee9-46f5-9d16-9ca5f82f4eb4@group-93818047D4BB: changes role from      null to FOLLOWER at term 0 for startAsFollower
2023-01-13 04:28:20,064 [pool-186-thread-1] INFO  impl.RoleInfo (RoleInfo.java:updateAndGet(139)) - b8861190-fee9-46f5-9d16-9ca5f82f4eb4: start b8861190-fee9-46f5-9d16-9ca5f82f4eb4@group-93818047D4BB-FollowerState
2023-01-13 04:28:20,065 [pool-186-thread-1] INFO  util.JmxRegister (JmxRegister.java:tryRegister(44)) - Successfully registered JMX Bean with object name Ratis:service=RaftServer,group=group-93818047D4BB,id=b8861190-fee9-46f5-9d16-9ca5f82f4eb4
2023-01-13 04:28:20,065 [pool-186-thread-1] INFO  server.RaftServerConfigKeys (ConfUtils.java:logGet(46)) - raft.server.snapshot.auto.trigger.enabled = true (custom)
2023-01-13 04:28:20,065 [pool-186-thread-1] INFO  server.RaftServerConfigKeys (ConfUtils.java:logGet(46)) - raft.server.snapshot.auto.trigger.threshold = 10000 (custom)
2023-01-13 04:28:20,065 [pool-186-thread-1] INFO  server.RaftServerConfigKeys (ConfUtils.java:logGet(46)) - raft.server.snapshot.retention.file.num = 5 (custom)
2023-01-13 04:28:20,065 [pool-186-thread-1] INFO  server.RaftServerConfigKeys (ConfUtils.java:logGet(46)) - raft.server.log.purge.upto.snapshot.index = false (default)
2023-01-13 04:28:20,066 [b8861190-fee9-46f5-9d16-9ca5f82f4eb4@group-93818047D4BB-FollowerState] INFO  server.RaftServerConfigKeys (ConfUtils.java:logFallback(53)) - raft.server.rpc.first-election.timeout.min = 5s (fallback to raft.server.rpc.timeout.min)
2023-01-13 04:28:20,067 [b8861190-fee9-46f5-9d16-9ca5f82f4eb4@group-93818047D4BB-FollowerState] INFO  server.RaftServerConfigKeys (ConfUtils.java:logFallback(53)) - raft.server.rpc.first-election.timeout.max = 5200ms (fallback to raft.server.rpc.timeout.max)
2023-01-13 04:28:20,067 [Command processor thread] INFO  commandhandler.CreatePipelineCommandHandler (CreatePipelineCommandHandler.java:handle(113)) - Created Pipeline RATIS THREE PipelineID=8030f97e-fd6c-41ef-86a1-a7188787c679.
2023-01-13 04:28:20,067 [Command processor thread] INFO  server.RaftServer (RaftServerProxy.java:addNew(96)) - 765a3633-7eac-4889-b9cb-33342b89fe8b: addNew group-93818047D4BB:[765a3633-7eac-4889-b9cb-33342b89fe8b|rpc:10.1.0.110:33437|dataStream:10.1.0.110:45775|priority:0|startupRole:FOLLOWER, b8861190-fee9-46f5-9d16-9ca5f82f4eb4|rpc:10.1.0.110:37787|dataStream:10.1.0.110:42169|priority:1|startupRole:FOLLOWER, fceb8dc7-545e-48fb-8d31-09847688438f|rpc:10.1.0.110:41373|dataStream:10.1.0.110:43423|priority:0|startupRole:FOLLOWER] returns group-93818047D4BB:java.util.concurrent.CompletableFuture@1f0a3757[Not completed]
2023-01-13 04:28:20,068 [pool-140-thread-1] INFO  server.RaftServer$Division (RaftServerImpl.java:<init>(195)) - 765a3633-7eac-4889-b9cb-33342b89fe8b: new RaftServerImpl for group-93818047D4BB:[765a3633-7eac-4889-b9cb-33342b89fe8b|rpc:10.1.0.110:33437|dataStream:10.1.0.110:45775|priority:0|startupRole:FOLLOWER, b8861190-fee9-46f5-9d16-9ca5f82f4eb4|rpc:10.1.0.110:37787|dataStream:10.1.0.110:42169|priority:1|startupRole:FOLLOWER, fceb8dc7-545e-48fb-8d31-09847688438f|rpc:10.1.0.110:41373|dataStream:10.1.0.110:43423|priority:0|startupRole:FOLLOWER] with ContainerStateMachine:uninitialized
2023-01-13 04:28:20,068 [pool-140-thread-1] INFO  server.RaftServerConfigKeys (ConfUtils.java:logGet(46)) - raft.server.rpc.timeout.min = 5s (custom)
2023-01-13 04:28:20,069 [pool-140-thread-1] INFO  server.RaftServerConfigKeys (ConfUtils.java:logGet(46)) - raft.server.rpc.timeout.max = 5200ms (custom)
2023-01-13 04:28:20,069 [pool-140-thread-1] INFO  server.RaftServerConfigKeys (ConfUtils.java:logGet(46)) - raft.server.rpc.sleep.time = 25ms (default)
2023-01-13 04:28:20,069 [pool-140-thread-1] INFO  server.RaftServerConfigKeys (ConfUtils.java:logGet(46)) - raft.server.rpc.slowness.timeout = 300s (custom)
2023-01-13 04:28:20,069 [pool-140-thread-1] INFO  server.RaftServerConfigKeys (ConfUtils.java:logGet(46)) - raft.server.leaderelection.leader.step-down.wait-time = 10s (default)
2023-01-13 04:28:20,069 [pool-140-thread-1] INFO  server.RaftServerConfigKeys (ConfUtils.java:logGet(46)) - raft.server.sleep.deviation.threshold = 300ms (default)
2023-01-13 04:28:20,069 [pool-140-thread-1] INFO  server.RaftServer$Division (ServerState.java:<init>(118)) - 765a3633-7eac-4889-b9cb-33342b89fe8b@group-93818047D4BB: ConfigurationManager, init=-1: peers:[765a3633-7eac-4889-b9cb-33342b89fe8b|rpc:10.1.0.110:33437|dataStream:10.1.0.110:45775|priority:0|startupRole:FOLLOWER, b8861190-fee9-46f5-9d16-9ca5f82f4eb4|rpc:10.1.0.110:37787|dataStream:10.1.0.110:42169|priority:1|startupRole:FOLLOWER, fceb8dc7-545e-48fb-8d31-09847688438f|rpc:10.1.0.110:41373|dataStream:10.1.0.110:43423|priority:0|startupRole:FOLLOWER]|listeners:[], old=null, confs=<EMPTY_MAP>
2023-01-13 04:28:20,069 [pool-140-thread-1] INFO  server.RaftServerConfigKeys (ConfUtils.java:logGet(46)) - raft.server.storage.dir = [/home/runner/work/ozone/ozone/hadoop-ozone/integration-test/target/test-dir/MiniOzoneClusterImpl-cf27e86b-a5d2-4d86-a5ef-f90d19c9ea90/datanode-3/data/ratis] (custom)
2023-01-13 04:28:20,069 [pool-140-thread-1] INFO  server.RaftServerConfigKeys (ConfUtils.java:logGet(46)) - raft.server.log.corruption.policy = EXCEPTION (default)
2023-01-13 04:28:20,070 [pool-140-thread-1] INFO  server.RaftServerConfigKeys (ConfUtils.java:logGet(46)) - raft.server.storage.free-space.min = 0MB (=0) (default)
2023-01-13 04:28:20,070 [pool-140-thread-1] INFO  server.RaftServerConfigKeys (ConfUtils.java:logGet(46)) - raft.server.notification.no-leader.timeout = 300s (custom)
2023-01-13 04:28:20,070 [pool-140-thread-1] INFO  server.RaftServerConfigKeys (ConfUtils.java:logGet(46)) - raft.server.retrycache.expirytime = 600000ms (custom)
2023-01-13 04:28:20,070 [pool-140-thread-1] INFO  server.RaftServerConfigKeys (ConfUtils.java:logGet(46)) - raft.server.retrycache.statistics.expirytime = 100μs (default)
2023-01-13 04:28:20,071 [pool-140-thread-1] INFO  server.RaftServerConfigKeys (ConfUtils.java:logGet(46)) - raft.server.log.appender.install.snapshot.enabled = false (custom)
2023-01-13 04:28:20,071 [pool-140-thread-1] INFO  server.RaftServerConfigKeys (ConfUtils.java:logGet(46)) - raft.server.threadpool.server.cached = true (default)
2023-01-13 04:28:20,071 [pool-140-thread-1] INFO  server.RaftServerConfigKeys (ConfUtils.java:logGet(46)) - raft.server.threadpool.server.size = 0 (default)
2023-01-13 04:28:20,071 [pool-140-thread-1] INFO  server.RaftServerConfigKeys (ConfUtils.java:logGet(46)) - raft.server.threadpool.client.cached = true (default)
2023-01-13 04:28:20,071 [pool-140-thread-1] INFO  server.RaftServerConfigKeys (ConfUtils.java:logGet(46)) - raft.server.threadpool.client.size = 0 (default)
2023-01-13 04:28:20,071 [pool-140-thread-1] INFO  storage.RaftStorageDirectory (RaftStorageDirectoryImpl.java:analyzeStorage(137)) - The storage directory /home/runner/work/ozone/ozone/hadoop-ozone/integration-test/target/test-dir/MiniOzoneClusterImpl-cf27e86b-a5d2-4d86-a5ef-f90d19c9ea90/datanode-3/data/ratis/2aed16e5-4c72-4714-bcb4-93818047d4bb does not exist. Creating ...
2023-01-13 04:28:20,072 [pool-140-thread-1] INFO  storage.RaftStorageDirectory (RaftStorageDirectoryImpl.java:tryLock(231)) - Lock on /home/runner/work/ozone/ozone/hadoop-ozone/integration-test/target/test-dir/MiniOzoneClusterImpl-cf27e86b-a5d2-4d86-a5ef-f90d19c9ea90/datanode-3/data/ratis/2aed16e5-4c72-4714-bcb4-93818047d4bb/in_use.lock acquired by nodename 70585@fv-az178-476
2023-01-13 04:28:20,073 [pool-140-thread-1] INFO  storage.RaftStorage (RaftStorageImpl.java:format(96)) - Storage directory /home/runner/work/ozone/ozone/hadoop-ozone/integration-test/target/test-dir/MiniOzoneClusterImpl-cf27e86b-a5d2-4d86-a5ef-f90d19c9ea90/datanode-3/data/ratis/2aed16e5-4c72-4714-bcb4-93818047d4bb has been successfully formatted.
2023-01-13 04:28:20,073 [pool-140-thread-1] INFO  ratis.ContainerStateMachine (ContainerStateMachine.java:loadSnapshot(240)) - group-93818047D4BB: The snapshot info is null. Setting the last applied indexto:(t:0, i:~)
2023-01-13 04:28:20,073 [pool-140-thread-1] INFO  server.RaftServerConfigKeys (ConfUtils.java:logGet(46)) - raft.server.log.use.memory = false (default)
2023-01-13 04:28:20,073 [pool-140-thread-1] INFO  server.RaftServerConfigKeys (ConfUtils.java:logGet(46)) - raft.server.log.purge.gap = 1000000 (custom)
2023-01-13 04:28:20,073 [pool-140-thread-1] INFO  server.RaftServerConfigKeys (ConfUtils.java:logGet(46)) - raft.server.log.appender.buffer.byte-limit = 33554432 (custom)
2023-01-13 04:28:20,073 [pool-140-thread-1] INFO  server.RaftServerConfigKeys (ConfUtils.java:logGet(46)) - raft.server.log.statemachine.data.read.timeout = 1000ms (default)
2023-01-13 04:28:20,074 [pool-140-thread-1] INFO  server.RaftServerConfigKeys (ConfUtils.java:logGet(46)) - raft.server.log.purge.preservation.log.num = 0 (default)
2023-01-13 04:28:20,074 [pool-140-thread-1] INFO  server.RaftServerConfigKeys (ConfUtils.java:logGet(46)) - raft.server.log.segment.size.max = 1048576 (custom)
2023-01-13 04:28:20,074 [pool-140-thread-1] INFO  server.RaftServerConfigKeys (ConfUtils.java:logGet(46)) - raft.server.log.segment.cache.num.max = 2 (custom)
2023-01-13 04:28:20,074 [pool-140-thread-1] INFO  server.RaftServerConfigKeys (ConfUtils.java:logGet(46)) - raft.server.log.segment.cache.size.max = 200MB (=209715200) (default)
2023-01-13 04:28:20,074 [pool-140-thread-1] INFO  segmented.SegmentedRaftLogWorker (SegmentedRaftLogWorker.java:<init>(189)) - new 765a3633-7eac-4889-b9cb-33342b89fe8b@group-93818047D4BB-SegmentedRaftLogWorker for RaftStorageImpl:Storage Directory /home/runner/work/ozone/ozone/hadoop-ozone/integration-test/target/test-dir/MiniOzoneClusterImpl-cf27e86b-a5d2-4d86-a5ef-f90d19c9ea90/datanode-3/data/ratis/2aed16e5-4c72-4714-bcb4-93818047d4bb
2023-01-13 04:28:20,074 [pool-140-thread-1] INFO  server.RaftServerConfigKeys (ConfUtils.java:logGet(46)) - raft.server.log.queue.byte-limit = 4294967296 (custom)
2023-01-13 04:28:20,074 [pool-140-thread-1] INFO  server.RaftServerConfigKeys (ConfUtils.java:logGet(46)) - raft.server.log.queue.element-limit = 1024 (custom)
2023-01-13 04:28:20,074 [pool-140-thread-1] INFO  server.RaftServerConfigKeys (ConfUtils.java:logGet(46)) - raft.server.log.segment.size.max = 1048576 (custom)
2023-01-13 04:28:20,074 [pool-140-thread-1] INFO  server.RaftServerConfigKeys (ConfUtils.java:logGet(46)) - raft.server.log.preallocated.size = 16384 (custom)
2023-01-13 04:28:20,074 [pool-140-thread-1] INFO  server.RaftServerConfigKeys (ConfUtils.java:logGet(46)) - raft.server.log.force.sync.num = 128 (default)
2023-01-13 04:28:20,075 [EventQueue-OpenPipelineForHealthyPipelineSafeModeRule] INFO  safemode.SCMSafeModeManager (HealthyPipelineSafeModeRule.java:process(137)) - SCM in safe mode. Healthy pipelines reported count is 0, required healthy pipeline reported count is 1
2023-01-13 04:28:20,076 [pool-140-thread-1] INFO  server.RaftServerConfigKeys (ConfUtils.java:logGet(46)) - raft.server.log.statemachine.data.sync = true (default)
2023-01-13 04:28:20,076 [pool-140-thread-1] INFO  server.RaftServerConfigKeys (ConfUtils.java:logGet(46)) - raft.server.log.statemachine.data.sync.timeout = 10s (default)
2023-01-13 04:28:20,076 [pool-140-thread-1] INFO  server.RaftServerConfigKeys (ConfUtils.java:logGet(46)) - raft.server.log.statemachine.data.sync.timeout.retry = -1 (default)
2023-01-13 04:28:20,077 [pool-140-thread-1] INFO  server.RaftServerConfigKeys (ConfUtils.java:logGet(46)) - raft.server.log.write.buffer.size = 1048576 (custom)
2023-01-13 04:28:20,078 [pool-140-thread-1] INFO  server.RaftServerConfigKeys (ConfUtils.java:logGet(46)) - raft.server.log.appender.buffer.byte-limit = 33554432 (custom)
2023-01-13 04:28:20,083 [pool-140-thread-1] INFO  server.RaftServerConfigKeys (ConfUtils.java:logGet(46)) - raft.server.log.unsafe-flush.enabled = false (default)
2023-01-13 04:28:20,083 [pool-140-thread-1] INFO  server.RaftServerConfigKeys (ConfUtils.java:logGet(46)) - raft.server.log.async-flush.enabled = false (default)
2023-01-13 04:28:20,083 [pool-140-thread-1] INFO  server.RaftServerConfigKeys (ConfUtils.java:logGet(46)) - raft.server.log.statemachine.data.caching.enabled = true (custom)
2023-01-13 04:28:20,083 [pool-140-thread-1] INFO  segmented.SegmentedRaftLogWorker (SegmentedRaftLogWorker.java:lambda$new$0(135)) - 765a3633-7eac-4889-b9cb-33342b89fe8b@group-93818047D4BB-SegmentedRaftLogWorker: flushIndex: setUnconditionally 0 -> -1
2023-01-13 04:28:20,084 [pool-140-thread-1] INFO  segmented.SegmentedRaftLogWorker (SegmentedRaftLogWorker.java:lambda$new$0(135)) - 765a3633-7eac-4889-b9cb-33342b89fe8b@group-93818047D4BB-SegmentedRaftLogWorker: safeCacheEvictIndex: setUnconditionally 0 -> -1
2023-01-13 04:28:20,096 [pool-140-thread-1] INFO  server.RaftServer$Division (RaftServerImpl.java:start(334)) - 765a3633-7eac-4889-b9cb-33342b89fe8b@group-93818047D4BB: start as a follower, conf=-1: peers:[765a3633-7eac-4889-b9cb-33342b89fe8b|rpc:10.1.0.110:33437|dataStream:10.1.0.110:45775|priority:0|startupRole:FOLLOWER, b8861190-fee9-46f5-9d16-9ca5f82f4eb4|rpc:10.1.0.110:37787|dataStream:10.1.0.110:42169|priority:1|startupRole:FOLLOWER, fceb8dc7-545e-48fb-8d31-09847688438f|rpc:10.1.0.110:41373|dataStream:10.1.0.110:43423|priority:0|startupRole:FOLLOWER]|listeners:[], old=null
2023-01-13 04:28:20,096 [pool-140-thread-1] INFO  server.RaftServer$Division (RaftServerImpl.java:setRole(321)) - 765a3633-7eac-4889-b9cb-33342b89fe8b@group-93818047D4BB: changes role from      null to FOLLOWER at term 0 for startAsFollower
2023-01-13 04:28:20,096 [pool-140-thread-1] INFO  impl.RoleInfo (RoleInfo.java:updateAndGet(139)) - 765a3633-7eac-4889-b9cb-33342b89fe8b: start 765a3633-7eac-4889-b9cb-33342b89fe8b@group-93818047D4BB-FollowerState
2023-01-13 04:28:20,097 [pool-140-thread-1] INFO  util.JmxRegister (JmxRegister.java:tryRegister(44)) - Successfully registered JMX Bean with object name Ratis:service=RaftServer,group=group-93818047D4BB,id=765a3633-7eac-4889-b9cb-33342b89fe8b
2023-01-13 04:28:20,097 [pool-140-thread-1] INFO  server.RaftServerConfigKeys (ConfUtils.java:logGet(46)) - raft.server.snapshot.auto.trigger.enabled = true (custom)
2023-01-13 04:28:20,097 [pool-140-thread-1] INFO  server.RaftServerConfigKeys (ConfUtils.java:logGet(46)) - raft.server.snapshot.auto.trigger.threshold = 10000 (custom)
2023-01-13 04:28:20,097 [pool-140-thread-1] INFO  server.RaftServerConfigKeys (ConfUtils.java:logGet(46)) - raft.server.snapshot.retention.file.num = 5 (custom)
2023-01-13 04:28:20,097 [pool-140-thread-1] INFO  server.RaftServerConfigKeys (ConfUtils.java:logGet(46)) - raft.server.log.purge.upto.snapshot.index = false (default)
2023-01-13 04:28:20,098 [Command processor thread] INFO  ratis.XceiverServerRatis (XceiverServerRatis.java:addGroup(806)) - Created group PipelineID=2aed16e5-4c72-4714-bcb4-93818047d4bb
2023-01-13 04:28:20,098 [765a3633-7eac-4889-b9cb-33342b89fe8b@group-93818047D4BB-FollowerState] INFO  server.RaftServerConfigKeys (ConfUtils.java:logFallback(53)) - raft.server.rpc.first-election.timeout.min = 5s (fallback to raft.server.rpc.timeout.min)
2023-01-13 04:28:20,102 [765a3633-7eac-4889-b9cb-33342b89fe8b@group-93818047D4BB-FollowerState] INFO  server.RaftServerConfigKeys (ConfUtils.java:logFallback(53)) - raft.server.rpc.first-election.timeout.max = 5200ms (fallback to raft.server.rpc.timeout.max)
2023-01-13 04:28:20,105 [Command processor thread] INFO  commandhandler.CreatePipelineCommandHandler (CreatePipelineCommandHandler.java:handle(113)) - Created Pipeline RATIS THREE PipelineID=2aed16e5-4c72-4714-bcb4-93818047d4bb.
2023-01-13 04:28:20,136 [Command processor thread] INFO  commandhandler.CreatePipelineCommandHandler (CreatePipelineCommandHandler.java:handle(113)) - Created Pipeline RATIS THREE PipelineID=2aed16e5-4c72-4714-bcb4-93818047d4bb.
2023-01-13 04:28:20,220 [Command processor thread] INFO  server.RaftServer (RaftServerProxy.java:addNew(96)) - b8861190-fee9-46f5-9d16-9ca5f82f4eb4: addNew group-F2CD7EC02501:[b8861190-fee9-46f5-9d16-9ca5f82f4eb4|rpc:10.1.0.110:37787|dataStream:10.1.0.110:42169|priority:1|startupRole:FOLLOWER] returns group-F2CD7EC02501:java.util.concurrent.CompletableFuture@26821171[Not completed]
2023-01-13 04:28:20,222 [pool-186-thread-1] INFO  server.RaftServer$Division (RaftServerImpl.java:<init>(195)) - b8861190-fee9-46f5-9d16-9ca5f82f4eb4: new RaftServerImpl for group-F2CD7EC02501:[b8861190-fee9-46f5-9d16-9ca5f82f4eb4|rpc:10.1.0.110:37787|dataStream:10.1.0.110:42169|priority:1|startupRole:FOLLOWER] with ContainerStateMachine:uninitialized
2023-01-13 04:28:20,222 [pool-186-thread-1] INFO  server.RaftServerConfigKeys (ConfUtils.java:logGet(46)) - raft.server.rpc.timeout.min = 5s (custom)
2023-01-13 04:28:20,222 [pool-186-thread-1] INFO  server.RaftServerConfigKeys (ConfUtils.java:logGet(46)) - raft.server.rpc.timeout.max = 5200ms (custom)
2023-01-13 04:28:20,222 [pool-186-thread-1] INFO  server.RaftServerConfigKeys (ConfUtils.java:logGet(46)) - raft.server.rpc.sleep.time = 25ms (default)
2023-01-13 04:28:20,222 [pool-186-thread-1] INFO  server.RaftServerConfigKeys (ConfUtils.java:logGet(46)) - raft.server.rpc.slowness.timeout = 300s (custom)
2023-01-13 04:28:20,222 [pool-186-thread-1] INFO  server.RaftServerConfigKeys (ConfUtils.java:logGet(46)) - raft.server.leaderelection.leader.step-down.wait-time = 10s (default)
2023-01-13 04:28:20,222 [pool-186-thread-1] INFO  server.RaftServerConfigKeys (ConfUtils.java:logGet(46)) - raft.server.sleep.deviation.threshold = 300ms (default)
2023-01-13 04:28:20,222 [pool-186-thread-1] INFO  server.RaftServer$Division (ServerState.java:<init>(118)) - b8861190-fee9-46f5-9d16-9ca5f82f4eb4@group-F2CD7EC02501: ConfigurationManager, init=-1: peers:[b8861190-fee9-46f5-9d16-9ca5f82f4eb4|rpc:10.1.0.110:37787|dataStream:10.1.0.110:42169|priority:1|startupRole:FOLLOWER]|listeners:[], old=null, confs=<EMPTY_MAP>
2023-01-13 04:28:20,223 [pool-186-thread-1] INFO  server.RaftServerConfigKeys (ConfUtils.java:logGet(46)) - raft.server.storage.dir = [/home/runner/work/ozone/ozone/hadoop-ozone/integration-test/target/test-dir/MiniOzoneClusterImpl-cf27e86b-a5d2-4d86-a5ef-f90d19c9ea90/datanode-5/data/ratis] (custom)
2023-01-13 04:28:20,223 [pool-186-thread-1] INFO  server.RaftServerConfigKeys (ConfUtils.java:logGet(46)) - raft.server.log.corruption.policy = EXCEPTION (default)
2023-01-13 04:28:20,223 [pool-186-thread-1] INFO  server.RaftServerConfigKeys (ConfUtils.java:logGet(46)) - raft.server.storage.free-space.min = 0MB (=0) (default)
2023-01-13 04:28:20,223 [pool-186-thread-1] INFO  server.RaftServerConfigKeys (ConfUtils.java:logGet(46)) - raft.server.notification.no-leader.timeout = 300s (custom)
2023-01-13 04:28:20,223 [pool-186-thread-1] INFO  server.RaftServerConfigKeys (ConfUtils.java:logGet(46)) - raft.server.retrycache.expirytime = 600000ms (custom)
2023-01-13 04:28:20,223 [pool-186-thread-1] INFO  server.RaftServerConfigKeys (ConfUtils.java:logGet(46)) - raft.server.retrycache.statistics.expirytime = 100μs (default)
2023-01-13 04:28:20,224 [pool-186-thread-1] INFO  server.RaftServerConfigKeys (ConfUtils.java:logGet(46)) - raft.server.log.appender.install.snapshot.enabled = false (custom)
2023-01-13 04:28:20,224 [pool-186-thread-1] INFO  server.RaftServerConfigKeys (ConfUtils.java:logGet(46)) - raft.server.threadpool.server.cached = true (default)
2023-01-13 04:28:20,224 [pool-186-thread-1] INFO  server.RaftServerConfigKeys (ConfUtils.java:logGet(46)) - raft.server.threadpool.server.size = 0 (default)
2023-01-13 04:28:20,224 [pool-186-thread-1] INFO  server.RaftServerConfigKeys (ConfUtils.java:logGet(46)) - raft.server.threadpool.client.cached = true (default)
2023-01-13 04:28:20,224 [pool-186-thread-1] INFO  server.RaftServerConfigKeys (ConfUtils.java:logGet(46)) - raft.server.threadpool.client.size = 0 (default)
2023-01-13 04:28:20,224 [pool-186-thread-1] INFO  storage.RaftStorageDirectory (RaftStorageDirectoryImpl.java:analyzeStorage(137)) - The storage directory /home/runner/work/ozone/ozone/hadoop-ozone/integration-test/target/test-dir/MiniOzoneClusterImpl-cf27e86b-a5d2-4d86-a5ef-f90d19c9ea90/datanode-5/data/ratis/56e44e81-9ce2-4981-aa16-f2cd7ec02501 does not exist. Creating ...
2023-01-13 04:28:20,225 [pool-186-thread-1] INFO  storage.RaftStorageDirectory (RaftStorageDirectoryImpl.java:tryLock(231)) - Lock on /home/runner/work/ozone/ozone/hadoop-ozone/integration-test/target/test-dir/MiniOzoneClusterImpl-cf27e86b-a5d2-4d86-a5ef-f90d19c9ea90/datanode-5/data/ratis/56e44e81-9ce2-4981-aa16-f2cd7ec02501/in_use.lock acquired by nodename 70585@fv-az178-476
2023-01-13 04:28:20,227 [pool-186-thread-1] INFO  storage.RaftStorage (RaftStorageImpl.java:format(96)) - Storage directory /home/runner/work/ozone/ozone/hadoop-ozone/integration-test/target/test-dir/MiniOzoneClusterImpl-cf27e86b-a5d2-4d86-a5ef-f90d19c9ea90/datanode-5/data/ratis/56e44e81-9ce2-4981-aa16-f2cd7ec02501 has been successfully formatted.
2023-01-13 04:28:20,227 [pool-186-thread-1] INFO  ratis.ContainerStateMachine (ContainerStateMachine.java:loadSnapshot(240)) - group-F2CD7EC02501: The snapshot info is null. Setting the last applied indexto:(t:0, i:~)
2023-01-13 04:28:20,227 [pool-186-thread-1] INFO  server.RaftServerConfigKeys (ConfUtils.java:logGet(46)) - raft.server.log.use.memory = false (default)
2023-01-13 04:28:20,227 [pool-186-thread-1] INFO  server.RaftServerConfigKeys (ConfUtils.java:logGet(46)) - raft.server.log.purge.gap = 1000000 (custom)
2023-01-13 04:28:20,227 [pool-186-thread-1] INFO  server.RaftServerConfigKeys (ConfUtils.java:logGet(46)) - raft.server.log.appender.buffer.byte-limit = 33554432 (custom)
2023-01-13 04:28:20,227 [pool-186-thread-1] INFO  server.RaftServerConfigKeys (ConfUtils.java:logGet(46)) - raft.server.log.statemachine.data.read.timeout = 1000ms (default)
2023-01-13 04:28:20,227 [pool-186-thread-1] INFO  server.RaftServerConfigKeys (ConfUtils.java:logGet(46)) - raft.server.log.purge.preservation.log.num = 0 (default)
2023-01-13 04:28:20,227 [pool-186-thread-1] INFO  server.RaftServerConfigKeys (ConfUtils.java:logGet(46)) - raft.server.log.segment.size.max = 1048576 (custom)
2023-01-13 04:28:20,229 [EventQueue-PipelineReportForPipelineReportHandler] INFO  pipeline.PipelineManagerImpl (PipelineManagerImpl.java:openPipeline(367)) - Pipeline Pipeline[ Id: 56e44e81-9ce2-4981-aa16-f2cd7ec02501, Nodes: b8861190-fee9-46f5-9d16-9ca5f82f4eb4(fv-az178-476.4hr1jzigf4quzlbutvnlm3yq0e.cx.internal.cloudapp.net/10.1.0.110), ReplicationConfig: RATIS/ONE, State:ALLOCATED, leaderId:b8861190-fee9-46f5-9d16-9ca5f82f4eb4, CreationTimestamp2023-01-13T04:28:17.224Z[Etc/UTC]] moved to OPEN state
2023-01-13 04:28:20,229 [EventQueue-OpenPipelineForHealthyPipelineSafeModeRule] INFO  safemode.SCMSafeModeManager (HealthyPipelineSafeModeRule.java:process(137)) - SCM in safe mode. Healthy pipelines reported count is 0, required healthy pipeline reported count is 1
2023-01-13 04:28:20,230 [pool-186-thread-1] INFO  server.RaftServerConfigKeys (ConfUtils.java:logGet(46)) - raft.server.log.segment.cache.num.max = 2 (custom)
2023-01-13 04:28:20,230 [pool-186-thread-1] INFO  server.RaftServerConfigKeys (ConfUtils.java:logGet(46)) - raft.server.log.segment.cache.size.max = 200MB (=209715200) (default)
2023-01-13 04:28:20,230 [pool-186-thread-1] INFO  segmented.SegmentedRaftLogWorker (SegmentedRaftLogWorker.java:<init>(189)) - new b8861190-fee9-46f5-9d16-9ca5f82f4eb4@group-F2CD7EC02501-SegmentedRaftLogWorker for RaftStorageImpl:Storage Directory /home/runner/work/ozone/ozone/hadoop-ozone/integration-test/target/test-dir/MiniOzoneClusterImpl-cf27e86b-a5d2-4d86-a5ef-f90d19c9ea90/datanode-5/data/ratis/56e44e81-9ce2-4981-aa16-f2cd7ec02501
2023-01-13 04:28:20,230 [pool-186-thread-1] INFO  server.RaftServerConfigKeys (ConfUtils.java:logGet(46)) - raft.server.log.queue.byte-limit = 4294967296 (custom)
2023-01-13 04:28:20,230 [pool-186-thread-1] INFO  server.RaftServerConfigKeys (ConfUtils.java:logGet(46)) - raft.server.log.queue.element-limit = 1024 (custom)
2023-01-13 04:28:20,230 [pool-186-thread-1] INFO  server.RaftServerConfigKeys (ConfUtils.java:logGet(46)) - raft.server.log.segment.size.max = 1048576 (custom)
2023-01-13 04:28:20,230 [pool-186-thread-1] INFO  server.RaftServerConfigKeys (ConfUtils.java:logGet(46)) - raft.server.log.preallocated.size = 16384 (custom)
2023-01-13 04:28:20,230 [pool-186-thread-1] INFO  server.RaftServerConfigKeys (ConfUtils.java:logGet(46)) - raft.server.log.force.sync.num = 128 (default)
2023-01-13 04:28:20,230 [pool-186-thread-1] INFO  server.RaftServerConfigKeys (ConfUtils.java:logGet(46)) - raft.server.log.statemachine.data.sync = true (default)
2023-01-13 04:28:20,230 [pool-186-thread-1] INFO  server.RaftServerConfigKeys (ConfUtils.java:logGet(46)) - raft.server.log.statemachine.data.sync.timeout = 10s (default)
2023-01-13 04:28:20,230 [pool-186-thread-1] INFO  server.RaftServerConfigKeys (ConfUtils.java:logGet(46)) - raft.server.log.statemachine.data.sync.timeout.retry = -1 (default)
2023-01-13 04:28:20,231 [pool-186-thread-1] INFO  server.RaftServerConfigKeys (ConfUtils.java:logGet(46)) - raft.server.log.write.buffer.size = 1048576 (custom)
2023-01-13 04:28:20,232 [pool-186-thread-1] INFO  server.RaftServerConfigKeys (ConfUtils.java:logGet(46)) - raft.server.log.appender.buffer.byte-limit = 33554432 (custom)
2023-01-13 04:28:20,237 [pool-186-thread-1] INFO  server.RaftServerConfigKeys (ConfUtils.java:logGet(46)) - raft.server.log.unsafe-flush.enabled = false (default)
2023-01-13 04:28:20,237 [pool-186-thread-1] INFO  server.RaftServerConfigKeys (ConfUtils.java:logGet(46)) - raft.server.log.async-flush.enabled = false (default)
2023-01-13 04:28:20,237 [pool-186-thread-1] INFO  server.RaftServerConfigKeys (ConfUtils.java:logGet(46)) - raft.server.log.statemachine.data.caching.enabled = true (custom)
2023-01-13 04:28:20,237 [pool-186-thread-1] INFO  segmented.SegmentedRaftLogWorker (SegmentedRaftLogWorker.java:lambda$new$0(135)) - b8861190-fee9-46f5-9d16-9ca5f82f4eb4@group-F2CD7EC02501-SegmentedRaftLogWorker: flushIndex: setUnconditionally 0 -> -1
2023-01-13 04:28:20,237 [pool-186-thread-1] INFO  segmented.SegmentedRaftLogWorker (SegmentedRaftLogWorker.java:lambda$new$0(135)) - b8861190-fee9-46f5-9d16-9ca5f82f4eb4@group-F2CD7EC02501-SegmentedRaftLogWorker: safeCacheEvictIndex: setUnconditionally 0 -> -1
2023-01-13 04:28:20,237 [pool-186-thread-1] INFO  server.RaftServer$Division (RaftServerImpl.java:start(334)) - b8861190-fee9-46f5-9d16-9ca5f82f4eb4@group-F2CD7EC02501: start as a follower, conf=-1: peers:[b8861190-fee9-46f5-9d16-9ca5f82f4eb4|rpc:10.1.0.110:37787|dataStream:10.1.0.110:42169|priority:1|startupRole:FOLLOWER]|listeners:[], old=null
2023-01-13 04:28:20,237 [pool-186-thread-1] INFO  server.RaftServer$Division (RaftServerImpl.java:setRole(321)) - b8861190-fee9-46f5-9d16-9ca5f82f4eb4@group-F2CD7EC02501: changes role from      null to FOLLOWER at term 0 for startAsFollower
2023-01-13 04:28:20,237 [pool-186-thread-1] INFO  impl.RoleInfo (RoleInfo.java:updateAndGet(139)) - b8861190-fee9-46f5-9d16-9ca5f82f4eb4: start b8861190-fee9-46f5-9d16-9ca5f82f4eb4@group-F2CD7EC02501-FollowerState
2023-01-13 04:28:20,238 [pool-186-thread-1] INFO  util.JmxRegister (JmxRegister.java:tryRegister(44)) - Successfully registered JMX Bean with object name Ratis:service=RaftServer,group=group-F2CD7EC02501,id=b8861190-fee9-46f5-9d16-9ca5f82f4eb4
2023-01-13 04:28:20,238 [pool-186-thread-1] INFO  server.RaftServerConfigKeys (ConfUtils.java:logGet(46)) - raft.server.snapshot.auto.trigger.enabled = true (custom)
2023-01-13 04:28:20,238 [pool-186-thread-1] INFO  server.RaftServerConfigKeys (ConfUtils.java:logGet(46)) - raft.server.snapshot.auto.trigger.threshold = 10000 (custom)
2023-01-13 04:28:20,238 [pool-186-thread-1] INFO  server.RaftServerConfigKeys (ConfUtils.java:logGet(46)) - raft.server.snapshot.retention.file.num = 5 (custom)
2023-01-13 04:28:20,238 [pool-186-thread-1] INFO  server.RaftServerConfigKeys (ConfUtils.java:logGet(46)) - raft.server.log.purge.upto.snapshot.index = false (default)
2023-01-13 04:28:20,238 [b8861190-fee9-46f5-9d16-9ca5f82f4eb4@group-F2CD7EC02501-FollowerState] INFO  server.RaftServerConfigKeys (ConfUtils.java:logFallback(53)) - raft.server.rpc.first-election.timeout.min = 5s (fallback to raft.server.rpc.timeout.min)
2023-01-13 04:28:20,239 [b8861190-fee9-46f5-9d16-9ca5f82f4eb4@group-F2CD7EC02501-FollowerState] INFO  server.RaftServerConfigKeys (ConfUtils.java:logFallback(53)) - raft.server.rpc.first-election.timeout.max = 5200ms (fallback to raft.server.rpc.timeout.max)
2023-01-13 04:28:20,242 [Command processor thread] INFO  ratis.XceiverServerRatis (XceiverServerRatis.java:addGroup(806)) - Created group PipelineID=56e44e81-9ce2-4981-aa16-f2cd7ec02501
2023-01-13 04:28:20,242 [Command processor thread] INFO  commandhandler.CreatePipelineCommandHandler (CreatePipelineCommandHandler.java:handle(113)) - Created Pipeline RATIS ONE PipelineID=56e44e81-9ce2-4981-aa16-f2cd7ec02501.
2023-01-13 04:28:20,627 [Command processor thread] INFO  server.RaftServer (RaftServerProxy.java:addNew(96)) - a4701fbb-e52d-41e2-8240-7b5db05b4eba: addNew group-4B74139CFFAE:[a4701fbb-e52d-41e2-8240-7b5db05b4eba|rpc:10.1.0.110:44125|dataStream:10.1.0.110:34635|priority:1|startupRole:FOLLOWER] returns group-4B74139CFFAE:java.util.concurrent.CompletableFuture@2711b460[Not completed]
2023-01-13 04:28:20,629 [pool-209-thread-1] INFO  server.RaftServer$Division (RaftServerImpl.java:<init>(195)) - a4701fbb-e52d-41e2-8240-7b5db05b4eba: new RaftServerImpl for group-4B74139CFFAE:[a4701fbb-e52d-41e2-8240-7b5db05b4eba|rpc:10.1.0.110:44125|dataStream:10.1.0.110:34635|priority:1|startupRole:FOLLOWER] with ContainerStateMachine:uninitialized
2023-01-13 04:28:20,629 [pool-209-thread-1] INFO  server.RaftServerConfigKeys (ConfUtils.java:logGet(46)) - raft.server.rpc.timeout.min = 5s (custom)
2023-01-13 04:28:20,629 [pool-209-thread-1] INFO  server.RaftServerConfigKeys (ConfUtils.java:logGet(46)) - raft.server.rpc.timeout.max = 5200ms (custom)
2023-01-13 04:28:20,629 [pool-209-thread-1] INFO  server.RaftServerConfigKeys (ConfUtils.java:logGet(46)) - raft.server.rpc.sleep.time = 25ms (default)
2023-01-13 04:28:20,629 [pool-209-thread-1] INFO  server.RaftServerConfigKeys (ConfUtils.java:logGet(46)) - raft.server.rpc.slowness.timeout = 300s (custom)
2023-01-13 04:28:20,629 [pool-209-thread-1] INFO  server.RaftServerConfigKeys (ConfUtils.java:logGet(46)) - raft.server.leaderelection.leader.step-down.wait-time = 10s (default)
2023-01-13 04:28:20,629 [pool-209-thread-1] INFO  server.RaftServerConfigKeys (ConfUtils.java:logGet(46)) - raft.server.sleep.deviation.threshold = 300ms (default)
2023-01-13 04:28:20,629 [pool-209-thread-1] INFO  server.RaftServer$Division (ServerState.java:<init>(118)) - a4701fbb-e52d-41e2-8240-7b5db05b4eba@group-4B74139CFFAE: ConfigurationManager, init=-1: peers:[a4701fbb-e52d-41e2-8240-7b5db05b4eba|rpc:10.1.0.110:44125|dataStream:10.1.0.110:34635|priority:1|startupRole:FOLLOWER]|listeners:[], old=null, confs=<EMPTY_MAP>
2023-01-13 04:28:20,629 [pool-209-thread-1] INFO  server.RaftServerConfigKeys (ConfUtils.java:logGet(46)) - raft.server.storage.dir = [/home/runner/work/ozone/ozone/hadoop-ozone/integration-test/target/test-dir/MiniOzoneClusterImpl-cf27e86b-a5d2-4d86-a5ef-f90d19c9ea90/datanode-6/data/ratis] (custom)
2023-01-13 04:28:20,629 [pool-209-thread-1] INFO  server.RaftServerConfigKeys (ConfUtils.java:logGet(46)) - raft.server.log.corruption.policy = EXCEPTION (default)
2023-01-13 04:28:20,630 [pool-209-thread-1] INFO  server.RaftServerConfigKeys (ConfUtils.java:logGet(46)) - raft.server.storage.free-space.min = 0MB (=0) (default)
2023-01-13 04:28:20,630 [pool-209-thread-1] INFO  server.RaftServerConfigKeys (ConfUtils.java:logGet(46)) - raft.server.notification.no-leader.timeout = 300s (custom)
2023-01-13 04:28:20,630 [pool-209-thread-1] INFO  server.RaftServerConfigKeys (ConfUtils.java:logGet(46)) - raft.server.retrycache.expirytime = 600000ms (custom)
2023-01-13 04:28:20,630 [pool-209-thread-1] INFO  server.RaftServerConfigKeys (ConfUtils.java:logGet(46)) - raft.server.retrycache.statistics.expirytime = 100μs (default)
2023-01-13 04:28:20,632 [pool-209-thread-1] INFO  server.RaftServerConfigKeys (ConfUtils.java:logGet(46)) - raft.server.log.appender.install.snapshot.enabled = false (custom)
2023-01-13 04:28:20,633 [pool-209-thread-1] INFO  server.RaftServerConfigKeys (ConfUtils.java:logGet(46)) - raft.server.threadpool.server.cached = true (default)
2023-01-13 04:28:20,634 [pool-209-thread-1] INFO  server.RaftServerConfigKeys (ConfUtils.java:logGet(46)) - raft.server.threadpool.server.size = 0 (default)
2023-01-13 04:28:20,634 [pool-209-thread-1] INFO  server.RaftServerConfigKeys (ConfUtils.java:logGet(46)) - raft.server.threadpool.client.cached = true (default)
2023-01-13 04:28:20,634 [pool-209-thread-1] INFO  server.RaftServerConfigKeys (ConfUtils.java:logGet(46)) - raft.server.threadpool.client.size = 0 (default)
2023-01-13 04:28:20,634 [pool-209-thread-1] INFO  storage.RaftStorageDirectory (RaftStorageDirectoryImpl.java:analyzeStorage(137)) - The storage directory /home/runner/work/ozone/ozone/hadoop-ozone/integration-test/target/test-dir/MiniOzoneClusterImpl-cf27e86b-a5d2-4d86-a5ef-f90d19c9ea90/datanode-6/data/ratis/749d8fd8-cb13-449e-8b7a-4b74139cffae does not exist. Creating ...
2023-01-13 04:28:20,636 [pool-209-thread-1] INFO  storage.RaftStorageDirectory (RaftStorageDirectoryImpl.java:tryLock(231)) - Lock on /home/runner/work/ozone/ozone/hadoop-ozone/integration-test/target/test-dir/MiniOzoneClusterImpl-cf27e86b-a5d2-4d86-a5ef-f90d19c9ea90/datanode-6/data/ratis/749d8fd8-cb13-449e-8b7a-4b74139cffae/in_use.lock acquired by nodename 70585@fv-az178-476
2023-01-13 04:28:20,637 [pool-209-thread-1] INFO  storage.RaftStorage (RaftStorageImpl.java:format(96)) - Storage directory /home/runner/work/ozone/ozone/hadoop-ozone/integration-test/target/test-dir/MiniOzoneClusterImpl-cf27e86b-a5d2-4d86-a5ef-f90d19c9ea90/datanode-6/data/ratis/749d8fd8-cb13-449e-8b7a-4b74139cffae has been successfully formatted.
2023-01-13 04:28:20,638 [pool-209-thread-1] INFO  ratis.ContainerStateMachine (ContainerStateMachine.java:loadSnapshot(240)) - group-4B74139CFFAE: The snapshot info is null. Setting the last applied indexto:(t:0, i:~)
2023-01-13 04:28:20,638 [pool-209-thread-1] INFO  server.RaftServerConfigKeys (ConfUtils.java:logGet(46)) - raft.server.log.use.memory = false (default)
2023-01-13 04:28:20,640 [pool-209-thread-1] INFO  server.RaftServerConfigKeys (ConfUtils.java:logGet(46)) - raft.server.log.purge.gap = 1000000 (custom)
2023-01-13 04:28:20,640 [pool-209-thread-1] INFO  server.RaftServerConfigKeys (ConfUtils.java:logGet(46)) - raft.server.log.appender.buffer.byte-limit = 33554432 (custom)
2023-01-13 04:28:20,640 [pool-209-thread-1] INFO  server.RaftServerConfigKeys (ConfUtils.java:logGet(46)) - raft.server.log.statemachine.data.read.timeout = 1000ms (default)
2023-01-13 04:28:20,640 [pool-209-thread-1] INFO  server.RaftServerConfigKeys (ConfUtils.java:logGet(46)) - raft.server.log.purge.preservation.log.num = 0 (default)
2023-01-13 04:28:20,640 [pool-209-thread-1] INFO  server.RaftServerConfigKeys (ConfUtils.java:logGet(46)) - raft.server.log.segment.size.max = 1048576 (custom)
2023-01-13 04:28:20,640 [pool-209-thread-1] INFO  server.RaftServerConfigKeys (ConfUtils.java:logGet(46)) - raft.server.log.segment.cache.num.max = 2 (custom)
2023-01-13 04:28:20,640 [pool-209-thread-1] INFO  server.RaftServerConfigKeys (ConfUtils.java:logGet(46)) - raft.server.log.segment.cache.size.max = 200MB (=209715200) (default)
2023-01-13 04:28:20,641 [pool-209-thread-1] INFO  segmented.SegmentedRaftLogWorker (SegmentedRaftLogWorker.java:<init>(189)) - new a4701fbb-e52d-41e2-8240-7b5db05b4eba@group-4B74139CFFAE-SegmentedRaftLogWorker for RaftStorageImpl:Storage Directory /home/runner/work/ozone/ozone/hadoop-ozone/integration-test/target/test-dir/MiniOzoneClusterImpl-cf27e86b-a5d2-4d86-a5ef-f90d19c9ea90/datanode-6/data/ratis/749d8fd8-cb13-449e-8b7a-4b74139cffae
2023-01-13 04:28:20,641 [EventQueue-PipelineReportForPipelineReportHandler] INFO  pipeline.PipelineManagerImpl (PipelineManagerImpl.java:openPipeline(367)) - Pipeline Pipeline[ Id: 749d8fd8-cb13-449e-8b7a-4b74139cffae, Nodes: a4701fbb-e52d-41e2-8240-7b5db05b4eba(fv-az178-476.4hr1jzigf4quzlbutvnlm3yq0e.cx.internal.cloudapp.net/10.1.0.110), ReplicationConfig: RATIS/ONE, State:ALLOCATED, leaderId:a4701fbb-e52d-41e2-8240-7b5db05b4eba, CreationTimestamp2023-01-13T04:28:17.632Z[Etc/UTC]] moved to OPEN state
2023-01-13 04:28:20,642 [pool-209-thread-1] INFO  server.RaftServerConfigKeys (ConfUtils.java:logGet(46)) - raft.server.log.queue.byte-limit = 4294967296 (custom)
2023-01-13 04:28:20,642 [pool-209-thread-1] INFO  server.RaftServerConfigKeys (ConfUtils.java:logGet(46)) - raft.server.log.queue.element-limit = 1024 (custom)
2023-01-13 04:28:20,642 [pool-209-thread-1] INFO  server.RaftServerConfigKeys (ConfUtils.java:logGet(46)) - raft.server.log.segment.size.max = 1048576 (custom)
2023-01-13 04:28:20,642 [pool-209-thread-1] INFO  server.RaftServerConfigKeys (ConfUtils.java:logGet(46)) - raft.server.log.preallocated.size = 16384 (custom)
2023-01-13 04:28:20,642 [pool-209-thread-1] INFO  server.RaftServerConfigKeys (ConfUtils.java:logGet(46)) - raft.server.log.force.sync.num = 128 (default)
2023-01-13 04:28:20,642 [pool-209-thread-1] INFO  server.RaftServerConfigKeys (ConfUtils.java:logGet(46)) - raft.server.log.statemachine.data.sync = true (default)
2023-01-13 04:28:20,642 [pool-209-thread-1] INFO  server.RaftServerConfigKeys (ConfUtils.java:logGet(46)) - raft.server.log.statemachine.data.sync.timeout = 10s (default)
2023-01-13 04:28:20,642 [pool-209-thread-1] INFO  server.RaftServerConfigKeys (ConfUtils.java:logGet(46)) - raft.server.log.statemachine.data.sync.timeout.retry = -1 (default)
2023-01-13 04:28:20,642 [EventQueue-OpenPipelineForHealthyPipelineSafeModeRule] INFO  safemode.SCMSafeModeManager (HealthyPipelineSafeModeRule.java:process(137)) - SCM in safe mode. Healthy pipelines reported count is 0, required healthy pipeline reported count is 1
2023-01-13 04:28:20,644 [pool-209-thread-1] INFO  server.RaftServerConfigKeys (ConfUtils.java:logGet(46)) - raft.server.log.write.buffer.size = 1048576 (custom)
2023-01-13 04:28:20,646 [pool-209-thread-1] INFO  server.RaftServerConfigKeys (ConfUtils.java:logGet(46)) - raft.server.log.appender.buffer.byte-limit = 33554432 (custom)
2023-01-13 04:28:21,009 [JvmPauseMonitor3] WARN  util.JvmPauseMonitor (JvmPauseMonitor.java:detectPause(126)) - JvmPauseMonitor-f09534d9-27f0-4bd2-ae55-341cfd68a0eb: Detected pause in JVM or host machine (eg GC): pause of approximately 215530177ns.
GC pool 'PS MarkSweep' had collection(s): count=1 time=273ms
GC pool 'PS Scavenge' had collection(s): count=1 time=81ms
2023-01-13 04:28:21,019 [JvmPauseMonitor0] WARN  util.JvmPauseMonitor (JvmPauseMonitor.java:detectPause(126)) - JvmPauseMonitor-om1: Detected pause in JVM or host machine (eg GC): pause of approximately 134700997ns.
GC pool 'PS MarkSweep' had collection(s): count=1 time=273ms
GC pool 'PS Scavenge' had collection(s): count=1 time=81ms
2023-01-13 04:28:21,019 [JvmPauseMonitor6] WARN  util.JvmPauseMonitor (JvmPauseMonitor.java:detectPause(126)) - JvmPauseMonitor-b8861190-fee9-46f5-9d16-9ca5f82f4eb4: Detected pause in JVM or host machine (eg GC): pause of approximately 233436494ns.
GC pool 'PS MarkSweep' had collection(s): count=1 time=273ms
GC pool 'PS Scavenge' had collection(s): count=1 time=81ms
2023-01-13 04:28:21,012 [JvmPauseMonitor7] WARN  util.JvmPauseMonitor (JvmPauseMonitor.java:detectPause(126)) - JvmPauseMonitor-a4701fbb-e52d-41e2-8240-7b5db05b4eba: Detected pause in JVM or host machine (eg GC): pause of approximately 292120006ns.
GC pool 'PS MarkSweep' had collection(s): count=1 time=273ms
GC pool 'PS Scavenge' had collection(s): count=1 time=81ms
2023-01-13 04:28:21,012 [JvmPauseMonitor4] WARN  util.JvmPauseMonitor (JvmPauseMonitor.java:detectPause(126)) - JvmPauseMonitor-765a3633-7eac-4889-b9cb-33342b89fe8b: Detected pause in JVM or host machine (eg GC): pause of approximately 291954904ns.
GC pool 'PS MarkSweep' had collection(s): count=1 time=273ms
GC pool 'PS Scavenge' had collection(s): count=1 time=81ms
2023-01-13 04:28:21,009 [Listener at 127.0.0.1/39893] INFO  ozone.MiniOzoneClusterImpl (MiniOzoneClusterImpl.java:lambda$waitForClusterToBeReady$0(218)) - Nodes are ready. Got 7 of 7 DN Heartbeats.
2023-01-13 04:28:21,020 [Listener at 127.0.0.1/39893] INFO  ozone.MiniOzoneClusterImpl (MiniOzoneClusterImpl.java:lambda$waitForClusterToBeReady$0(221)) - Waiting for cluster to exit safe mode
2023-01-13 04:28:21,020 [Listener at 127.0.0.1/39893] INFO  ozone.MiniOzoneClusterImpl (MiniOzoneClusterImpl.java:lambda$waitForClusterToBeReady$0(223)) - SCM became leader
2023-01-13 04:28:21,020 [pool-209-thread-1] INFO  server.RaftServerConfigKeys (ConfUtils.java:logGet(46)) - raft.server.log.unsafe-flush.enabled = false (default)
2023-01-13 04:28:21,020 [pool-209-thread-1] INFO  server.RaftServerConfigKeys (ConfUtils.java:logGet(46)) - raft.server.log.async-flush.enabled = false (default)
2023-01-13 04:28:21,020 [pool-209-thread-1] INFO  server.RaftServerConfigKeys (ConfUtils.java:logGet(46)) - raft.server.log.statemachine.data.caching.enabled = true (custom)
2023-01-13 04:28:21,021 [pool-209-thread-1] INFO  segmented.SegmentedRaftLogWorker (SegmentedRaftLogWorker.java:lambda$new$0(135)) - a4701fbb-e52d-41e2-8240-7b5db05b4eba@group-4B74139CFFAE-SegmentedRaftLogWorker: flushIndex: setUnconditionally 0 -> -1
2023-01-13 04:28:21,021 [pool-209-thread-1] INFO  segmented.SegmentedRaftLogWorker (SegmentedRaftLogWorker.java:lambda$new$0(135)) - a4701fbb-e52d-41e2-8240-7b5db05b4eba@group-4B74139CFFAE-SegmentedRaftLogWorker: safeCacheEvictIndex: setUnconditionally 0 -> -1
2023-01-13 04:28:21,022 [pool-209-thread-1] INFO  server.RaftServer$Division (RaftServerImpl.java:start(334)) - a4701fbb-e52d-41e2-8240-7b5db05b4eba@group-4B74139CFFAE: start as a follower, conf=-1: peers:[a4701fbb-e52d-41e2-8240-7b5db05b4eba|rpc:10.1.0.110:44125|dataStream:10.1.0.110:34635|priority:1|startupRole:FOLLOWER]|listeners:[], old=null
2023-01-13 04:28:21,023 [pool-209-thread-1] INFO  server.RaftServer$Division (RaftServerImpl.java:setRole(321)) - a4701fbb-e52d-41e2-8240-7b5db05b4eba@group-4B74139CFFAE: changes role from      null to FOLLOWER at term 0 for startAsFollower
2023-01-13 04:28:21,023 [pool-209-thread-1] INFO  impl.RoleInfo (RoleInfo.java:updateAndGet(139)) - a4701fbb-e52d-41e2-8240-7b5db05b4eba: start a4701fbb-e52d-41e2-8240-7b5db05b4eba@group-4B74139CFFAE-FollowerState
2023-01-13 04:28:21,026 [a4701fbb-e52d-41e2-8240-7b5db05b4eba@group-4B74139CFFAE-FollowerState] INFO  server.RaftServerConfigKeys (ConfUtils.java:logFallback(53)) - raft.server.rpc.first-election.timeout.min = 5s (fallback to raft.server.rpc.timeout.min)
2023-01-13 04:28:21,028 [pool-209-thread-1] INFO  util.JmxRegister (JmxRegister.java:tryRegister(44)) - Successfully registered JMX Bean with object name Ratis:service=RaftServer,group=group-4B74139CFFAE,id=a4701fbb-e52d-41e2-8240-7b5db05b4eba
2023-01-13 04:28:21,028 [a4701fbb-e52d-41e2-8240-7b5db05b4eba@group-4B74139CFFAE-FollowerState] INFO  server.RaftServerConfigKeys (ConfUtils.java:logFallback(53)) - raft.server.rpc.first-election.timeout.max = 5200ms (fallback to raft.server.rpc.timeout.max)
2023-01-13 04:28:21,028 [pool-209-thread-1] INFO  server.RaftServerConfigKeys (ConfUtils.java:logGet(46)) - raft.server.snapshot.auto.trigger.enabled = true (custom)
2023-01-13 04:28:21,028 [pool-209-thread-1] INFO  server.RaftServerConfigKeys (ConfUtils.java:logGet(46)) - raft.server.snapshot.auto.trigger.threshold = 10000 (custom)
2023-01-13 04:28:21,028 [pool-209-thread-1] INFO  server.RaftServerConfigKeys (ConfUtils.java:logGet(46)) - raft.server.snapshot.retention.file.num = 5 (custom)
2023-01-13 04:28:21,028 [pool-209-thread-1] INFO  server.RaftServerConfigKeys (ConfUtils.java:logGet(46)) - raft.server.log.purge.upto.snapshot.index = false (default)
2023-01-13 04:28:21,029 [Command processor thread] INFO  ratis.XceiverServerRatis (XceiverServerRatis.java:addGroup(806)) - Created group PipelineID=749d8fd8-cb13-449e-8b7a-4b74139cffae
2023-01-13 04:28:21,029 [Command processor thread] INFO  commandhandler.CreatePipelineCommandHandler (CreatePipelineCommandHandler.java:handle(113)) - Created Pipeline RATIS ONE PipelineID=749d8fd8-cb13-449e-8b7a-4b74139cffae.
2023-01-13 04:28:22,020 [Listener at 127.0.0.1/39893] INFO  ozone.MiniOzoneClusterImpl (MiniOzoneClusterImpl.java:lambda$waitForClusterToBeReady$0(218)) - Nodes are ready. Got 7 of 7 DN Heartbeats.
2023-01-13 04:28:22,020 [Listener at 127.0.0.1/39893] INFO  ozone.MiniOzoneClusterImpl (MiniOzoneClusterImpl.java:lambda$waitForClusterToBeReady$0(221)) - Waiting for cluster to exit safe mode
2023-01-13 04:28:22,020 [Listener at 127.0.0.1/39893] INFO  ozone.MiniOzoneClusterImpl (MiniOzoneClusterImpl.java:lambda$waitForClusterToBeReady$0(223)) - SCM became leader
2023-01-13 04:28:23,020 [Listener at 127.0.0.1/39893] INFO  ozone.MiniOzoneClusterImpl (MiniOzoneClusterImpl.java:lambda$waitForClusterToBeReady$0(218)) - Nodes are ready. Got 7 of 7 DN Heartbeats.
2023-01-13 04:28:23,021 [Listener at 127.0.0.1/39893] INFO  ozone.MiniOzoneClusterImpl (MiniOzoneClusterImpl.java:lambda$waitForClusterToBeReady$0(221)) - Waiting for cluster to exit safe mode
2023-01-13 04:28:23,021 [Listener at 127.0.0.1/39893] INFO  ozone.MiniOzoneClusterImpl (MiniOzoneClusterImpl.java:lambda$waitForClusterToBeReady$0(223)) - SCM became leader
2023-01-13 04:28:23,487 [6aa17f19-7961-4978-9ee2-0d39d3b5a231@group-A23E9930462C-FollowerState] INFO  impl.FollowerState (FollowerState.java:run(143)) - 6aa17f19-7961-4978-9ee2-0d39d3b5a231@group-A23E9930462C-FollowerState: change to CANDIDATE, lastRpcElapsedTime:5065223986ns, electionTimeout:5061ms
2023-01-13 04:28:23,487 [6aa17f19-7961-4978-9ee2-0d39d3b5a231@group-A23E9930462C-FollowerState] INFO  impl.RoleInfo (RoleInfo.java:shutdownFollowerState(110)) - 6aa17f19-7961-4978-9ee2-0d39d3b5a231: shutdown 6aa17f19-7961-4978-9ee2-0d39d3b5a231@group-A23E9930462C-FollowerState
2023-01-13 04:28:23,487 [6aa17f19-7961-4978-9ee2-0d39d3b5a231@group-A23E9930462C-FollowerState] INFO  server.RaftServer$Division (RaftServerImpl.java:setRole(321)) - 6aa17f19-7961-4978-9ee2-0d39d3b5a231@group-A23E9930462C: changes role from  FOLLOWER to CANDIDATE at term 0 for changeToCandidate
2023-01-13 04:28:23,488 [6aa17f19-7961-4978-9ee2-0d39d3b5a231@group-A23E9930462C-FollowerState] INFO  server.RaftServerConfigKeys (ConfUtils.java:logGet(46)) - raft.server.leaderelection.pre-vote = false (custom)
2023-01-13 04:28:23,488 [6aa17f19-7961-4978-9ee2-0d39d3b5a231@group-A23E9930462C-FollowerState] INFO  impl.RoleInfo (RoleInfo.java:updateAndGet(139)) - 6aa17f19-7961-4978-9ee2-0d39d3b5a231: start 6aa17f19-7961-4978-9ee2-0d39d3b5a231@group-A23E9930462C-LeaderElection2
2023-01-13 04:28:23,493 [6aa17f19-7961-4978-9ee2-0d39d3b5a231@group-A23E9930462C-LeaderElection2] INFO  impl.LeaderElection (LeaderElection.java:askForVotes(312)) - 6aa17f19-7961-4978-9ee2-0d39d3b5a231@group-A23E9930462C-LeaderElection2 ELECTION round 0: submit vote requests at term 1 for -1: peers:[6aa17f19-7961-4978-9ee2-0d39d3b5a231|rpc:10.1.0.110:40935|dataStream:10.1.0.110:43381|priority:1|startupRole:FOLLOWER]|listeners:[], old=null
2023-01-13 04:28:23,493 [6aa17f19-7961-4978-9ee2-0d39d3b5a231@group-A23E9930462C-LeaderElection2] INFO  impl.LeaderElection (LeaderElection.java:askForVotes(314)) - 6aa17f19-7961-4978-9ee2-0d39d3b5a231@group-A23E9930462C-LeaderElection2 ELECTION round 0: result PASSED (term=1)
2023-01-13 04:28:23,493 [6aa17f19-7961-4978-9ee2-0d39d3b5a231@group-A23E9930462C-LeaderElection2] INFO  impl.RoleInfo (RoleInfo.java:shutdownLeaderElection(130)) - 6aa17f19-7961-4978-9ee2-0d39d3b5a231: shutdown 6aa17f19-7961-4978-9ee2-0d39d3b5a231@group-A23E9930462C-LeaderElection2
2023-01-13 04:28:23,493 [6aa17f19-7961-4978-9ee2-0d39d3b5a231@group-A23E9930462C-LeaderElection2] INFO  server.RaftServer$Division (RaftServerImpl.java:setRole(321)) - 6aa17f19-7961-4978-9ee2-0d39d3b5a231@group-A23E9930462C: changes role from CANDIDATE to LEADER at term 1 for changeToLeader
2023-01-13 04:28:23,493 [6aa17f19-7961-4978-9ee2-0d39d3b5a231@group-A23E9930462C-LeaderElection2] INFO  ratis.XceiverServerRatis (XceiverServerRatis.java:handleLeaderChangedNotification(904)) - Leader change notification received for group: group-A23E9930462C with new leaderId: 6aa17f19-7961-4978-9ee2-0d39d3b5a231
2023-01-13 04:28:23,493 [6aa17f19-7961-4978-9ee2-0d39d3b5a231@group-A23E9930462C-LeaderElection2] INFO  server.RaftServer$Division (ServerState.java:setLeader(313)) - 6aa17f19-7961-4978-9ee2-0d39d3b5a231@group-A23E9930462C: change Leader from null to 6aa17f19-7961-4978-9ee2-0d39d3b5a231 at term 1 for becomeLeader, leader elected after 5115ms
2023-01-13 04:28:23,493 [6aa17f19-7961-4978-9ee2-0d39d3b5a231@group-A23E9930462C-LeaderElection2] INFO  server.RaftServerConfigKeys (ConfUtils.java:logGet(46)) - raft.server.staging.catchup.gap = 1000 (default)
2023-01-13 04:28:23,495 [6aa17f19-7961-4978-9ee2-0d39d3b5a231@group-A23E9930462C-LeaderElection2] INFO  server.RaftServerConfigKeys (ConfUtils.java:logGet(46)) - raft.server.write.element-limit = 1024 (custom)
2023-01-13 04:28:23,495 [6aa17f19-7961-4978-9ee2-0d39d3b5a231@group-A23E9930462C-LeaderElection2] INFO  server.RaftServerConfigKeys (ConfUtils.java:logGet(46)) - raft.server.write.byte-limit = 1024 M (=1073741824) (custom)
2023-01-13 04:28:23,495 [6aa17f19-7961-4978-9ee2-0d39d3b5a231@group-A23E9930462C-LeaderElection2] INFO  server.RaftServerConfigKeys (ConfUtils.java:logGet(46)) - raft.server.watch.timeout = 180s (custom)
2023-01-13 04:28:23,495 [6aa17f19-7961-4978-9ee2-0d39d3b5a231@group-A23E9930462C-LeaderElection2] INFO  server.RaftServerConfigKeys (ConfUtils.java:logGet(46)) - raft.server.watch.timeout.denomination = 1s (default)
2023-01-13 04:28:23,495 [6aa17f19-7961-4978-9ee2-0d39d3b5a231@group-A23E9930462C-LeaderElection2] INFO  server.RaftServerConfigKeys (ConfUtils.java:logGet(46)) - raft.server.watch.element-limit = 65536 (default)
2023-01-13 04:28:23,495 [6aa17f19-7961-4978-9ee2-0d39d3b5a231@group-A23E9930462C-LeaderElection2] INFO  server.RaftServerConfigKeys (ConfUtils.java:logGet(46)) - raft.server.write.element-limit = 1024 (custom)
2023-01-13 04:28:23,495 [6aa17f19-7961-4978-9ee2-0d39d3b5a231@group-A23E9930462C-LeaderElection2] INFO  server.RaftServerConfigKeys (ConfUtils.java:logGet(46)) - raft.server.write.follower.gap.ratio.max = -1.0 (default)
2023-01-13 04:28:23,496 [6aa17f19-7961-4978-9ee2-0d39d3b5a231@group-A23E9930462C-LeaderElection2] INFO  impl.RoleInfo (RoleInfo.java:updateAndGet(139)) - 6aa17f19-7961-4978-9ee2-0d39d3b5a231: start 6aa17f19-7961-4978-9ee2-0d39d3b5a231@group-A23E9930462C-LeaderStateImpl
2023-01-13 04:28:23,496 [6aa17f19-7961-4978-9ee2-0d39d3b5a231@group-A23E9930462C-LeaderElection2] INFO  segmented.SegmentedRaftLogWorker (SegmentedRaftLogWorker.java:startLogSegment(452)) - 6aa17f19-7961-4978-9ee2-0d39d3b5a231@group-A23E9930462C-SegmentedRaftLogWorker: Starting segment from index:0
2023-01-13 04:28:23,497 [EventQueue-OpenPipelineForHealthyPipelineSafeModeRule] INFO  safemode.SCMSafeModeManager (HealthyPipelineSafeModeRule.java:process(137)) - SCM in safe mode. Healthy pipelines reported count is 0, required healthy pipeline reported count is 1
2023-01-13 04:28:23,499 [6aa17f19-7961-4978-9ee2-0d39d3b5a231@group-A23E9930462C-SegmentedRaftLogWorker] INFO  segmented.SegmentedRaftLogWorker (SegmentedRaftLogWorker.java:execute(656)) - 6aa17f19-7961-4978-9ee2-0d39d3b5a231@group-A23E9930462C-SegmentedRaftLogWorker: created new log segment /home/runner/work/ozone/ozone/hadoop-ozone/integration-test/target/test-dir/MiniOzoneClusterImpl-cf27e86b-a5d2-4d86-a5ef-f90d19c9ea90/datanode-0/data/ratis/8d355859-7ea9-445e-99bf-a23e9930462c/current/log_inprogress_0
2023-01-13 04:28:23,501 [6aa17f19-7961-4978-9ee2-0d39d3b5a231@group-A23E9930462C-LeaderElection2] INFO  server.RaftServer$Division (ServerState.java:setRaftConf(430)) - 6aa17f19-7961-4978-9ee2-0d39d3b5a231@group-A23E9930462C: set configuration 0: peers:[6aa17f19-7961-4978-9ee2-0d39d3b5a231|rpc:10.1.0.110:40935|dataStream:10.1.0.110:43381|priority:1|startupRole:FOLLOWER]|listeners:[], old=null
2023-01-13 04:28:23,588 [6aa17f19-7961-4978-9ee2-0d39d3b5a231@group-AE80AAEE6F0E-FollowerState] INFO  impl.FollowerState (FollowerState.java:run(143)) - 6aa17f19-7961-4978-9ee2-0d39d3b5a231@group-AE80AAEE6F0E-FollowerState: change to CANDIDATE, lastRpcElapsedTime:5120654642ns, electionTimeout:5109ms
2023-01-13 04:28:23,589 [6aa17f19-7961-4978-9ee2-0d39d3b5a231@group-AE80AAEE6F0E-FollowerState] INFO  impl.RoleInfo (RoleInfo.java:shutdownFollowerState(110)) - 6aa17f19-7961-4978-9ee2-0d39d3b5a231: shutdown 6aa17f19-7961-4978-9ee2-0d39d3b5a231@group-AE80AAEE6F0E-FollowerState
2023-01-13 04:28:23,589 [6aa17f19-7961-4978-9ee2-0d39d3b5a231@group-AE80AAEE6F0E-FollowerState] INFO  server.RaftServer$Division (RaftServerImpl.java:setRole(321)) - 6aa17f19-7961-4978-9ee2-0d39d3b5a231@group-AE80AAEE6F0E: changes role from  FOLLOWER to CANDIDATE at term 0 for changeToCandidate
2023-01-13 04:28:23,590 [6aa17f19-7961-4978-9ee2-0d39d3b5a231@group-AE80AAEE6F0E-FollowerState] INFO  server.RaftServerConfigKeys (ConfUtils.java:logGet(46)) - raft.server.leaderelection.pre-vote = false (custom)
2023-01-13 04:28:23,590 [6aa17f19-7961-4978-9ee2-0d39d3b5a231@group-AE80AAEE6F0E-FollowerState] INFO  impl.RoleInfo (RoleInfo.java:updateAndGet(139)) - 6aa17f19-7961-4978-9ee2-0d39d3b5a231: start 6aa17f19-7961-4978-9ee2-0d39d3b5a231@group-AE80AAEE6F0E-LeaderElection3
2023-01-13 04:28:23,598 [6aa17f19-7961-4978-9ee2-0d39d3b5a231@group-AE80AAEE6F0E-LeaderElection3] INFO  impl.LeaderElection (LeaderElection.java:askForVotes(312)) - 6aa17f19-7961-4978-9ee2-0d39d3b5a231@group-AE80AAEE6F0E-LeaderElection3 ELECTION round 0: submit vote requests at term 1 for -1: peers:[9fcca57a-0016-4a7b-b88c-860e873da22c|rpc:10.1.0.110:34233|dataStream:10.1.0.110:38333|priority:0|startupRole:FOLLOWER, 6aa17f19-7961-4978-9ee2-0d39d3b5a231|rpc:10.1.0.110:40935|dataStream:10.1.0.110:43381|priority:0|startupRole:FOLLOWER, f09534d9-27f0-4bd2-ae55-341cfd68a0eb|rpc:10.1.0.110:41553|dataStream:10.1.0.110:46259|priority:1|startupRole:FOLLOWER]|listeners:[], old=null
2023-01-13 04:28:23,603 [6aa17f19-7961-4978-9ee2-0d39d3b5a231@group-AE80AAEE6F0E-LeaderElection3] INFO  server.RaftServerConfigKeys (ConfUtils.java:logFallback(53)) - raft.server.rpc.first-election.timeout.min = 5s (fallback to raft.server.rpc.timeout.min)
2023-01-13 04:28:23,604 [6aa17f19-7961-4978-9ee2-0d39d3b5a231@group-AE80AAEE6F0E-LeaderElection3] INFO  server.RaftServerConfigKeys (ConfUtils.java:logFallback(53)) - raft.server.rpc.first-election.timeout.max = 5200ms (fallback to raft.server.rpc.timeout.max)
2023-01-13 04:28:23,604 [6aa17f19-7961-4978-9ee2-0d39d3b5a231@group-AE80AAEE6F0E-LeaderElection3-1] INFO  server.GrpcServerProtocolClient (GrpcServerProtocolClient.java:<init>(63)) - Build channel for 9fcca57a-0016-4a7b-b88c-860e873da22c
2023-01-13 04:28:23,606 [6aa17f19-7961-4978-9ee2-0d39d3b5a231@group-AE80AAEE6F0E-LeaderElection3-2] INFO  server.GrpcServerProtocolClient (GrpcServerProtocolClient.java:<init>(63)) - Build channel for f09534d9-27f0-4bd2-ae55-341cfd68a0eb
2023-01-13 04:28:23,618 [grpc-default-executor-1] INFO  server.RaftServer$Division (RaftServerImpl.java:requestVote(1218)) - 9fcca57a-0016-4a7b-b88c-860e873da22c@group-AE80AAEE6F0E: receive requestVote(ELECTION, 6aa17f19-7961-4978-9ee2-0d39d3b5a231, group-AE80AAEE6F0E, 1, (t:0, i:0))
2023-01-13 04:28:23,620 [grpc-default-executor-1] INFO  impl.VoteContext (VoteContext.java:log(49)) - 9fcca57a-0016-4a7b-b88c-860e873da22c@group-AE80AAEE6F0E-FOLLOWER: accept ELECTION from 6aa17f19-7961-4978-9ee2-0d39d3b5a231: our priority 0 <= candidate's priority 0
2023-01-13 04:28:23,623 [grpc-default-executor-1] INFO  server.RaftServer$Division (RaftServerImpl.java:setRole(321)) - 9fcca57a-0016-4a7b-b88c-860e873da22c@group-AE80AAEE6F0E: changes role from  FOLLOWER to FOLLOWER at term 1 for candidate:6aa17f19-7961-4978-9ee2-0d39d3b5a231
2023-01-13 04:28:23,623 [grpc-default-executor-1] INFO  impl.RoleInfo (RoleInfo.java:shutdownFollowerState(110)) - 9fcca57a-0016-4a7b-b88c-860e873da22c: shutdown 9fcca57a-0016-4a7b-b88c-860e873da22c@group-AE80AAEE6F0E-FollowerState
2023-01-13 04:28:23,624 [9fcca57a-0016-4a7b-b88c-860e873da22c@group-AE80AAEE6F0E-FollowerState] INFO  impl.FollowerState (FollowerState.java:run(152)) - 9fcca57a-0016-4a7b-b88c-860e873da22c@group-AE80AAEE6F0E-FollowerState was interrupted
2023-01-13 04:28:23,627 [grpc-default-executor-1] INFO  impl.RoleInfo (RoleInfo.java:updateAndGet(139)) - 9fcca57a-0016-4a7b-b88c-860e873da22c: start 9fcca57a-0016-4a7b-b88c-860e873da22c@group-AE80AAEE6F0E-FollowerState
2023-01-13 04:28:23,627 [grpc-default-executor-0] INFO  server.RaftServer$Division (RaftServerImpl.java:requestVote(1218)) - f09534d9-27f0-4bd2-ae55-341cfd68a0eb@group-AE80AAEE6F0E: receive requestVote(ELECTION, 6aa17f19-7961-4978-9ee2-0d39d3b5a231, group-AE80AAEE6F0E, 1, (t:0, i:0))
2023-01-13 04:28:23,627 [grpc-default-executor-0] INFO  impl.VoteContext (VoteContext.java:log(49)) - f09534d9-27f0-4bd2-ae55-341cfd68a0eb@group-AE80AAEE6F0E-FOLLOWER: reject ELECTION from 6aa17f19-7961-4978-9ee2-0d39d3b5a231: our priority 1 > candidate's priority 0
2023-01-13 04:28:23,630 [grpc-default-executor-0] INFO  server.RaftServer$Division (RaftServerImpl.java:setRole(321)) - f09534d9-27f0-4bd2-ae55-341cfd68a0eb@group-AE80AAEE6F0E: changes role from  FOLLOWER to FOLLOWER at term 1 for candidate:6aa17f19-7961-4978-9ee2-0d39d3b5a231
2023-01-13 04:28:23,630 [grpc-default-executor-0] INFO  impl.RoleInfo (RoleInfo.java:shutdownFollowerState(110)) - f09534d9-27f0-4bd2-ae55-341cfd68a0eb: shutdown f09534d9-27f0-4bd2-ae55-341cfd68a0eb@group-AE80AAEE6F0E-FollowerState
2023-01-13 04:28:23,630 [f09534d9-27f0-4bd2-ae55-341cfd68a0eb@group-AE80AAEE6F0E-FollowerState] INFO  impl.FollowerState (FollowerState.java:run(152)) - f09534d9-27f0-4bd2-ae55-341cfd68a0eb@group-AE80AAEE6F0E-FollowerState was interrupted
2023-01-13 04:28:23,631 [grpc-default-executor-0] INFO  impl.RoleInfo (RoleInfo.java:updateAndGet(139)) - f09534d9-27f0-4bd2-ae55-341cfd68a0eb: start f09534d9-27f0-4bd2-ae55-341cfd68a0eb@group-AE80AAEE6F0E-FollowerState
2023-01-13 04:28:23,631 [f09534d9-27f0-4bd2-ae55-341cfd68a0eb@group-AE80AAEE6F0E-FollowerState] INFO  server.RaftServerConfigKeys (ConfUtils.java:logFallback(53)) - raft.server.rpc.first-election.timeout.min = 5s (fallback to raft.server.rpc.timeout.min)
2023-01-13 04:28:23,632 [f09534d9-27f0-4bd2-ae55-341cfd68a0eb@group-AE80AAEE6F0E-FollowerState] INFO  server.RaftServerConfigKeys (ConfUtils.java:logFallback(53)) - raft.server.rpc.first-election.timeout.max = 5200ms (fallback to raft.server.rpc.timeout.max)
2023-01-13 04:28:23,637 [grpc-default-executor-0] INFO  server.RaftServer$Division (RaftServerImpl.java:requestVote(1251)) - f09534d9-27f0-4bd2-ae55-341cfd68a0eb@group-AE80AAEE6F0E replies to ELECTION vote request: 6aa17f19-7961-4978-9ee2-0d39d3b5a231<-f09534d9-27f0-4bd2-ae55-341cfd68a0eb#0:FAIL-t1. Peer's state: f09534d9-27f0-4bd2-ae55-341cfd68a0eb@group-AE80AAEE6F0E:t1, leader=null, voted=null, raftlog=Memoized:f09534d9-27f0-4bd2-ae55-341cfd68a0eb@group-AE80AAEE6F0E-SegmentedRaftLog:OPENED:c-1, conf=-1: peers:[9fcca57a-0016-4a7b-b88c-860e873da22c|rpc:10.1.0.110:34233|dataStream:10.1.0.110:38333|priority:0|startupRole:FOLLOWER, 6aa17f19-7961-4978-9ee2-0d39d3b5a231|rpc:10.1.0.110:40935|dataStream:10.1.0.110:43381|priority:0|startupRole:FOLLOWER, f09534d9-27f0-4bd2-ae55-341cfd68a0eb|rpc:10.1.0.110:41553|dataStream:10.1.0.110:46259|priority:1|startupRole:FOLLOWER]|listeners:[], old=null
2023-01-13 04:28:23,639 [9fcca57a-0016-4a7b-b88c-860e873da22c@group-AE80AAEE6F0E-FollowerState] INFO  server.RaftServerConfigKeys (ConfUtils.java:logFallback(53)) - raft.server.rpc.first-election.timeout.min = 5s (fallback to raft.server.rpc.timeout.min)
2023-01-13 04:28:23,639 [9fcca57a-0016-4a7b-b88c-860e873da22c@group-AE80AAEE6F0E-FollowerState] INFO  server.RaftServerConfigKeys (ConfUtils.java:logFallback(53)) - raft.server.rpc.first-election.timeout.max = 5200ms (fallback to raft.server.rpc.timeout.max)
2023-01-13 04:28:23,640 [grpc-default-executor-1] INFO  server.RaftServer$Division (RaftServerImpl.java:requestVote(1251)) - 9fcca57a-0016-4a7b-b88c-860e873da22c@group-AE80AAEE6F0E replies to ELECTION vote request: 6aa17f19-7961-4978-9ee2-0d39d3b5a231<-9fcca57a-0016-4a7b-b88c-860e873da22c#0:OK-t1. Peer's state: 9fcca57a-0016-4a7b-b88c-860e873da22c@group-AE80AAEE6F0E:t1, leader=null, voted=6aa17f19-7961-4978-9ee2-0d39d3b5a231, raftlog=Memoized:9fcca57a-0016-4a7b-b88c-860e873da22c@group-AE80AAEE6F0E-SegmentedRaftLog:OPENED:c-1, conf=-1: peers:[9fcca57a-0016-4a7b-b88c-860e873da22c|rpc:10.1.0.110:34233|dataStream:10.1.0.110:38333|priority:0|startupRole:FOLLOWER, 6aa17f19-7961-4978-9ee2-0d39d3b5a231|rpc:10.1.0.110:40935|dataStream:10.1.0.110:43381|priority:0|startupRole:FOLLOWER, f09534d9-27f0-4bd2-ae55-341cfd68a0eb|rpc:10.1.0.110:41553|dataStream:10.1.0.110:46259|priority:1|startupRole:FOLLOWER]|listeners:[], old=null
2023-01-13 04:28:23,643 [6aa17f19-7961-4978-9ee2-0d39d3b5a231@group-AE80AAEE6F0E-LeaderElection3] INFO  impl.LeaderElection (LeaderElection.java:logAndReturn(90)) - 6aa17f19-7961-4978-9ee2-0d39d3b5a231@group-AE80AAEE6F0E-LeaderElection3: ELECTION REJECTED received 1 response(s) and 0 exception(s):
2023-01-13 04:28:23,643 [6aa17f19-7961-4978-9ee2-0d39d3b5a231@group-AE80AAEE6F0E-LeaderElection3] INFO  impl.LeaderElection (LeaderElection.java:logAndReturn(94)) -   Response 0: 6aa17f19-7961-4978-9ee2-0d39d3b5a231<-f09534d9-27f0-4bd2-ae55-341cfd68a0eb#0:FAIL-t1
2023-01-13 04:28:23,643 [6aa17f19-7961-4978-9ee2-0d39d3b5a231@group-AE80AAEE6F0E-LeaderElection3] INFO  impl.LeaderElection (LeaderElection.java:askForVotes(314)) - 6aa17f19-7961-4978-9ee2-0d39d3b5a231@group-AE80AAEE6F0E-LeaderElection3 ELECTION round 0: result REJECTED
2023-01-13 04:28:23,643 [6aa17f19-7961-4978-9ee2-0d39d3b5a231@group-AE80AAEE6F0E-LeaderElection3] INFO  server.RaftServer$Division (RaftServerImpl.java:setRole(321)) - 6aa17f19-7961-4978-9ee2-0d39d3b5a231@group-AE80AAEE6F0E: changes role from CANDIDATE to FOLLOWER at term 1 for REJECTED
2023-01-13 04:28:23,643 [6aa17f19-7961-4978-9ee2-0d39d3b5a231@group-AE80AAEE6F0E-LeaderElection3] INFO  impl.RoleInfo (RoleInfo.java:shutdownLeaderElection(130)) - 6aa17f19-7961-4978-9ee2-0d39d3b5a231: shutdown 6aa17f19-7961-4978-9ee2-0d39d3b5a231@group-AE80AAEE6F0E-LeaderElection3
2023-01-13 04:28:23,643 [6aa17f19-7961-4978-9ee2-0d39d3b5a231@group-AE80AAEE6F0E-LeaderElection3] INFO  impl.RoleInfo (RoleInfo.java:updateAndGet(139)) - 6aa17f19-7961-4978-9ee2-0d39d3b5a231: start 6aa17f19-7961-4978-9ee2-0d39d3b5a231@group-AE80AAEE6F0E-FollowerState
2023-01-13 04:28:23,650 [6aa17f19-7961-4978-9ee2-0d39d3b5a231@group-AE80AAEE6F0E-FollowerState] INFO  server.RaftServerConfigKeys (ConfUtils.java:logFallback(53)) - raft.server.rpc.first-election.timeout.min = 5s (fallback to raft.server.rpc.timeout.min)
2023-01-13 04:28:23,652 [6aa17f19-7961-4978-9ee2-0d39d3b5a231@group-AE80AAEE6F0E-FollowerState] INFO  server.RaftServerConfigKeys (ConfUtils.java:logFallback(53)) - raft.server.rpc.first-election.timeout.max = 5200ms (fallback to raft.server.rpc.timeout.max)
2023-01-13 04:28:23,951 [9fcca57a-0016-4a7b-b88c-860e873da22c@group-AE2169B3ACDE-FollowerState] INFO  impl.FollowerState (FollowerState.java:run(143)) - 9fcca57a-0016-4a7b-b88c-860e873da22c@group-AE2169B3ACDE-FollowerState: change to CANDIDATE, lastRpcElapsedTime:5008584086ns, electionTimeout:5000ms
2023-01-13 04:28:23,951 [9fcca57a-0016-4a7b-b88c-860e873da22c@group-AE2169B3ACDE-FollowerState] INFO  impl.RoleInfo (RoleInfo.java:shutdownFollowerState(110)) - 9fcca57a-0016-4a7b-b88c-860e873da22c: shutdown 9fcca57a-0016-4a7b-b88c-860e873da22c@group-AE2169B3ACDE-FollowerState
2023-01-13 04:28:23,951 [9fcca57a-0016-4a7b-b88c-860e873da22c@group-AE2169B3ACDE-FollowerState] INFO  server.RaftServer$Division (RaftServerImpl.java:setRole(321)) - 9fcca57a-0016-4a7b-b88c-860e873da22c@group-AE2169B3ACDE: changes role from  FOLLOWER to CANDIDATE at term 0 for changeToCandidate
2023-01-13 04:28:23,952 [9fcca57a-0016-4a7b-b88c-860e873da22c@group-AE2169B3ACDE-FollowerState] INFO  server.RaftServerConfigKeys (ConfUtils.java:logGet(46)) - raft.server.leaderelection.pre-vote = false (custom)
2023-01-13 04:28:23,952 [9fcca57a-0016-4a7b-b88c-860e873da22c@group-AE2169B3ACDE-FollowerState] INFO  impl.RoleInfo (RoleInfo.java:updateAndGet(139)) - 9fcca57a-0016-4a7b-b88c-860e873da22c: start 9fcca57a-0016-4a7b-b88c-860e873da22c@group-AE2169B3ACDE-LeaderElection4
2023-01-13 04:28:23,956 [9fcca57a-0016-4a7b-b88c-860e873da22c@group-AE2169B3ACDE-LeaderElection4] INFO  impl.LeaderElection (LeaderElection.java:askForVotes(312)) - 9fcca57a-0016-4a7b-b88c-860e873da22c@group-AE2169B3ACDE-LeaderElection4 ELECTION round 0: submit vote requests at term 1 for -1: peers:[9fcca57a-0016-4a7b-b88c-860e873da22c|rpc:10.1.0.110:34233|dataStream:10.1.0.110:38333|priority:1|startupRole:FOLLOWER]|listeners:[], old=null
2023-01-13 04:28:23,956 [9fcca57a-0016-4a7b-b88c-860e873da22c@group-AE2169B3ACDE-LeaderElection4] INFO  impl.LeaderElection (LeaderElection.java:askForVotes(314)) - 9fcca57a-0016-4a7b-b88c-860e873da22c@group-AE2169B3ACDE-LeaderElection4 ELECTION round 0: result PASSED (term=1)
2023-01-13 04:28:23,956 [9fcca57a-0016-4a7b-b88c-860e873da22c@group-AE2169B3ACDE-LeaderElection4] INFO  impl.RoleInfo (RoleInfo.java:shutdownLeaderElection(130)) - 9fcca57a-0016-4a7b-b88c-860e873da22c: shutdown 9fcca57a-0016-4a7b-b88c-860e873da22c@group-AE2169B3ACDE-LeaderElection4
2023-01-13 04:28:23,956 [9fcca57a-0016-4a7b-b88c-860e873da22c@group-AE2169B3ACDE-LeaderElection4] INFO  server.RaftServer$Division (RaftServerImpl.java:setRole(321)) - 9fcca57a-0016-4a7b-b88c-860e873da22c@group-AE2169B3ACDE: changes role from CANDIDATE to LEADER at term 1 for changeToLeader
2023-01-13 04:28:23,956 [9fcca57a-0016-4a7b-b88c-860e873da22c@group-AE2169B3ACDE-LeaderElection4] INFO  ratis.XceiverServerRatis (XceiverServerRatis.java:handleLeaderChangedNotification(904)) - Leader change notification received for group: group-AE2169B3ACDE with new leaderId: 9fcca57a-0016-4a7b-b88c-860e873da22c
2023-01-13 04:28:23,957 [9fcca57a-0016-4a7b-b88c-860e873da22c@group-AE2169B3ACDE-LeaderElection4] INFO  server.RaftServer$Division (ServerState.java:setLeader(313)) - 9fcca57a-0016-4a7b-b88c-860e873da22c@group-AE2169B3ACDE: change Leader from null to 9fcca57a-0016-4a7b-b88c-860e873da22c at term 1 for becomeLeader, leader elected after 5066ms
2023-01-13 04:28:23,957 [9fcca57a-0016-4a7b-b88c-860e873da22c@group-AE2169B3ACDE-LeaderElection4] INFO  server.RaftServerConfigKeys (ConfUtils.java:logGet(46)) - raft.server.staging.catchup.gap = 1000 (default)
2023-01-13 04:28:23,957 [9fcca57a-0016-4a7b-b88c-860e873da22c@group-AE2169B3ACDE-LeaderElection4] INFO  server.RaftServerConfigKeys (ConfUtils.java:logGet(46)) - raft.server.write.element-limit = 1024 (custom)
2023-01-13 04:28:23,957 [9fcca57a-0016-4a7b-b88c-860e873da22c@group-AE2169B3ACDE-LeaderElection4] INFO  server.RaftServerConfigKeys (ConfUtils.java:logGet(46)) - raft.server.write.byte-limit = 1024 M (=1073741824) (custom)
2023-01-13 04:28:23,957 [9fcca57a-0016-4a7b-b88c-860e873da22c@group-AE2169B3ACDE-LeaderElection4] INFO  server.RaftServerConfigKeys (ConfUtils.java:logGet(46)) - raft.server.watch.timeout = 180s (custom)
2023-01-13 04:28:23,957 [9fcca57a-0016-4a7b-b88c-860e873da22c@group-AE2169B3ACDE-LeaderElection4] INFO  server.RaftServerConfigKeys (ConfUtils.java:logGet(46)) - raft.server.watch.timeout.denomination = 1s (default)
2023-01-13 04:28:23,957 [9fcca57a-0016-4a7b-b88c-860e873da22c@group-AE2169B3ACDE-LeaderElection4] INFO  server.RaftServerConfigKeys (ConfUtils.java:logGet(46)) - raft.server.watch.element-limit = 65536 (default)
2023-01-13 04:28:23,957 [9fcca57a-0016-4a7b-b88c-860e873da22c@group-AE2169B3ACDE-LeaderElection4] INFO  server.RaftServerConfigKeys (ConfUtils.java:logGet(46)) - raft.server.write.element-limit = 1024 (custom)
2023-01-13 04:28:23,958 [9fcca57a-0016-4a7b-b88c-860e873da22c@group-AE2169B3ACDE-LeaderElection4] INFO  server.RaftServerConfigKeys (ConfUtils.java:logGet(46)) - raft.server.write.follower.gap.ratio.max = -1.0 (default)
2023-01-13 04:28:23,958 [9fcca57a-0016-4a7b-b88c-860e873da22c@group-AE2169B3ACDE-LeaderElection4] INFO  impl.RoleInfo (RoleInfo.java:updateAndGet(139)) - 9fcca57a-0016-4a7b-b88c-860e873da22c: start 9fcca57a-0016-4a7b-b88c-860e873da22c@group-AE2169B3ACDE-LeaderStateImpl
2023-01-13 04:28:23,958 [9fcca57a-0016-4a7b-b88c-860e873da22c@group-AE2169B3ACDE-LeaderElection4] INFO  segmented.SegmentedRaftLogWorker (SegmentedRaftLogWorker.java:startLogSegment(452)) - 9fcca57a-0016-4a7b-b88c-860e873da22c@group-AE2169B3ACDE-SegmentedRaftLogWorker: Starting segment from index:0
2023-01-13 04:28:23,962 [9fcca57a-0016-4a7b-b88c-860e873da22c@group-AE2169B3ACDE-LeaderElection4] INFO  server.RaftServer$Division (ServerState.java:setRaftConf(430)) - 9fcca57a-0016-4a7b-b88c-860e873da22c@group-AE2169B3ACDE: set configuration 0: peers:[9fcca57a-0016-4a7b-b88c-860e873da22c|rpc:10.1.0.110:34233|dataStream:10.1.0.110:38333|priority:1|startupRole:FOLLOWER]|listeners:[], old=null
2023-01-13 04:28:23,966 [EventQueue-OpenPipelineForHealthyPipelineSafeModeRule] INFO  safemode.SCMSafeModeManager (HealthyPipelineSafeModeRule.java:process(137)) - SCM in safe mode. Healthy pipelines reported count is 0, required healthy pipeline reported count is 1
2023-01-13 04:28:23,967 [9fcca57a-0016-4a7b-b88c-860e873da22c@group-AE2169B3ACDE-SegmentedRaftLogWorker] INFO  segmented.SegmentedRaftLogWorker (SegmentedRaftLogWorker.java:execute(656)) - 9fcca57a-0016-4a7b-b88c-860e873da22c@group-AE2169B3ACDE-SegmentedRaftLogWorker: created new log segment /home/runner/work/ozone/ozone/hadoop-ozone/integration-test/target/test-dir/MiniOzoneClusterImpl-cf27e86b-a5d2-4d86-a5ef-f90d19c9ea90/datanode-1/data/ratis/63d66473-0a08-4a9c-9b7b-ae2169b3acde/current/log_inprogress_0
2023-01-13 04:28:24,021 [Listener at 127.0.0.1/39893] INFO  ozone.MiniOzoneClusterImpl (MiniOzoneClusterImpl.java:lambda$waitForClusterToBeReady$0(218)) - Nodes are ready. Got 7 of 7 DN Heartbeats.
2023-01-13 04:28:24,021 [Listener at 127.0.0.1/39893] INFO  ozone.MiniOzoneClusterImpl (MiniOzoneClusterImpl.java:lambda$waitForClusterToBeReady$0(221)) - Waiting for cluster to exit safe mode
2023-01-13 04:28:24,021 [Listener at 127.0.0.1/39893] INFO  ozone.MiniOzoneClusterImpl (MiniOzoneClusterImpl.java:lambda$waitForClusterToBeReady$0(223)) - SCM became leader
2023-01-13 04:28:24,498 [f09534d9-27f0-4bd2-ae55-341cfd68a0eb@group-98FF0D51C618-FollowerState] INFO  impl.FollowerState (FollowerState.java:run(143)) - f09534d9-27f0-4bd2-ae55-341cfd68a0eb@group-98FF0D51C618-FollowerState: change to CANDIDATE, lastRpcElapsedTime:5178959808ns, electionTimeout:5175ms
2023-01-13 04:28:24,499 [f09534d9-27f0-4bd2-ae55-341cfd68a0eb@group-98FF0D51C618-FollowerState] INFO  impl.RoleInfo (RoleInfo.java:shutdownFollowerState(110)) - f09534d9-27f0-4bd2-ae55-341cfd68a0eb: shutdown f09534d9-27f0-4bd2-ae55-341cfd68a0eb@group-98FF0D51C618-FollowerState
2023-01-13 04:28:24,499 [f09534d9-27f0-4bd2-ae55-341cfd68a0eb@group-98FF0D51C618-FollowerState] INFO  server.RaftServer$Division (RaftServerImpl.java:setRole(321)) - f09534d9-27f0-4bd2-ae55-341cfd68a0eb@group-98FF0D51C618: changes role from  FOLLOWER to CANDIDATE at term 0 for changeToCandidate
2023-01-13 04:28:24,501 [f09534d9-27f0-4bd2-ae55-341cfd68a0eb@group-98FF0D51C618-FollowerState] INFO  server.RaftServerConfigKeys (ConfUtils.java:logGet(46)) - raft.server.leaderelection.pre-vote = false (custom)
2023-01-13 04:28:24,501 [f09534d9-27f0-4bd2-ae55-341cfd68a0eb@group-98FF0D51C618-FollowerState] INFO  impl.RoleInfo (RoleInfo.java:updateAndGet(139)) - f09534d9-27f0-4bd2-ae55-341cfd68a0eb: start f09534d9-27f0-4bd2-ae55-341cfd68a0eb@group-98FF0D51C618-LeaderElection5
2023-01-13 04:28:24,509 [f09534d9-27f0-4bd2-ae55-341cfd68a0eb@group-98FF0D51C618-LeaderElection5] INFO  impl.LeaderElection (LeaderElection.java:askForVotes(312)) - f09534d9-27f0-4bd2-ae55-341cfd68a0eb@group-98FF0D51C618-LeaderElection5 ELECTION round 0: submit vote requests at term 1 for -1: peers:[f09534d9-27f0-4bd2-ae55-341cfd68a0eb|rpc:10.1.0.110:41553|dataStream:10.1.0.110:46259|priority:1|startupRole:FOLLOWER]|listeners:[], old=null
2023-01-13 04:28:24,509 [f09534d9-27f0-4bd2-ae55-341cfd68a0eb@group-98FF0D51C618-LeaderElection5] INFO  impl.LeaderElection (LeaderElection.java:askForVotes(314)) - f09534d9-27f0-4bd2-ae55-341cfd68a0eb@group-98FF0D51C618-LeaderElection5 ELECTION round 0: result PASSED (term=1)
2023-01-13 04:28:24,509 [f09534d9-27f0-4bd2-ae55-341cfd68a0eb@group-98FF0D51C618-LeaderElection5] INFO  impl.RoleInfo (RoleInfo.java:shutdownLeaderElection(130)) - f09534d9-27f0-4bd2-ae55-341cfd68a0eb: shutdown f09534d9-27f0-4bd2-ae55-341cfd68a0eb@group-98FF0D51C618-LeaderElection5
2023-01-13 04:28:24,509 [f09534d9-27f0-4bd2-ae55-341cfd68a0eb@group-98FF0D51C618-LeaderElection5] INFO  server.RaftServer$Division (RaftServerImpl.java:setRole(321)) - f09534d9-27f0-4bd2-ae55-341cfd68a0eb@group-98FF0D51C618: changes role from CANDIDATE to LEADER at term 1 for changeToLeader
2023-01-13 04:28:24,509 [f09534d9-27f0-4bd2-ae55-341cfd68a0eb@group-98FF0D51C618-LeaderElection5] INFO  ratis.XceiverServerRatis (XceiverServerRatis.java:handleLeaderChangedNotification(904)) - Leader change notification received for group: group-98FF0D51C618 with new leaderId: f09534d9-27f0-4bd2-ae55-341cfd68a0eb
2023-01-13 04:28:24,510 [f09534d9-27f0-4bd2-ae55-341cfd68a0eb@group-98FF0D51C618-LeaderElection5] INFO  server.RaftServer$Division (ServerState.java:setLeader(313)) - f09534d9-27f0-4bd2-ae55-341cfd68a0eb@group-98FF0D51C618: change Leader from null to f09534d9-27f0-4bd2-ae55-341cfd68a0eb at term 1 for becomeLeader, leader elected after 5245ms
2023-01-13 04:28:24,510 [f09534d9-27f0-4bd2-ae55-341cfd68a0eb@group-98FF0D51C618-LeaderElection5] INFO  server.RaftServerConfigKeys (ConfUtils.java:logGet(46)) - raft.server.staging.catchup.gap = 1000 (default)
2023-01-13 04:28:24,510 [f09534d9-27f0-4bd2-ae55-341cfd68a0eb@group-98FF0D51C618-LeaderElection5] INFO  server.RaftServerConfigKeys (ConfUtils.java:logGet(46)) - raft.server.write.element-limit = 1024 (custom)
2023-01-13 04:28:24,511 [f09534d9-27f0-4bd2-ae55-341cfd68a0eb@group-98FF0D51C618-LeaderElection5] INFO  server.RaftServerConfigKeys (ConfUtils.java:logGet(46)) - raft.server.write.byte-limit = 1024 M (=1073741824) (custom)
2023-01-13 04:28:24,511 [f09534d9-27f0-4bd2-ae55-341cfd68a0eb@group-98FF0D51C618-LeaderElection5] INFO  server.RaftServerConfigKeys (ConfUtils.java:logGet(46)) - raft.server.watch.timeout = 180s (custom)
2023-01-13 04:28:24,511 [f09534d9-27f0-4bd2-ae55-341cfd68a0eb@group-98FF0D51C618-LeaderElection5] INFO  server.RaftServerConfigKeys (ConfUtils.java:logGet(46)) - raft.server.watch.timeout.denomination = 1s (default)
2023-01-13 04:28:24,511 [f09534d9-27f0-4bd2-ae55-341cfd68a0eb@group-98FF0D51C618-LeaderElection5] INFO  server.RaftServerConfigKeys (ConfUtils.java:logGet(46)) - raft.server.watch.element-limit = 65536 (default)
2023-01-13 04:28:24,511 [f09534d9-27f0-4bd2-ae55-341cfd68a0eb@group-98FF0D51C618-LeaderElection5] INFO  server.RaftServerConfigKeys (ConfUtils.java:logGet(46)) - raft.server.write.element-limit = 1024 (custom)
2023-01-13 04:28:24,511 [f09534d9-27f0-4bd2-ae55-341cfd68a0eb@group-98FF0D51C618-LeaderElection5] INFO  server.RaftServerConfigKeys (ConfUtils.java:logGet(46)) - raft.server.write.follower.gap.ratio.max = -1.0 (default)
2023-01-13 04:28:24,511 [EventQueue-OpenPipelineForHealthyPipelineSafeModeRule] INFO  safemode.SCMSafeModeManager (HealthyPipelineSafeModeRule.java:process(137)) - SCM in safe mode. Healthy pipelines reported count is 0, required healthy pipeline reported count is 1
2023-01-13 04:28:24,511 [f09534d9-27f0-4bd2-ae55-341cfd68a0eb@group-98FF0D51C618-LeaderElection5] INFO  impl.RoleInfo (RoleInfo.java:updateAndGet(139)) - f09534d9-27f0-4bd2-ae55-341cfd68a0eb: start f09534d9-27f0-4bd2-ae55-341cfd68a0eb@group-98FF0D51C618-LeaderStateImpl
2023-01-13 04:28:24,512 [f09534d9-27f0-4bd2-ae55-341cfd68a0eb@group-98FF0D51C618-LeaderElection5] INFO  segmented.SegmentedRaftLogWorker (SegmentedRaftLogWorker.java:startLogSegment(452)) - f09534d9-27f0-4bd2-ae55-341cfd68a0eb@group-98FF0D51C618-SegmentedRaftLogWorker: Starting segment from index:0
2023-01-13 04:28:24,513 [f09534d9-27f0-4bd2-ae55-341cfd68a0eb@group-98FF0D51C618-LeaderElection5] INFO  server.RaftServer$Division (ServerState.java:setRaftConf(430)) - f09534d9-27f0-4bd2-ae55-341cfd68a0eb@group-98FF0D51C618: set configuration 0: peers:[f09534d9-27f0-4bd2-ae55-341cfd68a0eb|rpc:10.1.0.110:41553|dataStream:10.1.0.110:46259|priority:1|startupRole:FOLLOWER]|listeners:[], old=null
2023-01-13 04:28:24,513 [f09534d9-27f0-4bd2-ae55-341cfd68a0eb@group-98FF0D51C618-SegmentedRaftLogWorker] INFO  segmented.SegmentedRaftLogWorker (SegmentedRaftLogWorker.java:execute(656)) - f09534d9-27f0-4bd2-ae55-341cfd68a0eb@group-98FF0D51C618-SegmentedRaftLogWorker: created new log segment /home/runner/work/ozone/ozone/hadoop-ozone/integration-test/target/test-dir/MiniOzoneClusterImpl-cf27e86b-a5d2-4d86-a5ef-f90d19c9ea90/datanode-2/data/ratis/681e7344-ee78-42b4-aef0-98ff0d51c618/current/log_inprogress_0
2023-01-13 04:28:24,806 [f09534d9-27f0-4bd2-ae55-341cfd68a0eb@group-5C9CB3533042-FollowerState] INFO  impl.FollowerState (FollowerState.java:run(143)) - f09534d9-27f0-4bd2-ae55-341cfd68a0eb@group-5C9CB3533042-FollowerState: change to CANDIDATE, lastRpcElapsedTime:5063597464ns, electionTimeout:5050ms
2023-01-13 04:28:24,806 [f09534d9-27f0-4bd2-ae55-341cfd68a0eb@group-5C9CB3533042-FollowerState] INFO  impl.RoleInfo (RoleInfo.java:shutdownFollowerState(110)) - f09534d9-27f0-4bd2-ae55-341cfd68a0eb: shutdown f09534d9-27f0-4bd2-ae55-341cfd68a0eb@group-5C9CB3533042-FollowerState
2023-01-13 04:28:24,806 [f09534d9-27f0-4bd2-ae55-341cfd68a0eb@group-5C9CB3533042-FollowerState] INFO  server.RaftServer$Division (RaftServerImpl.java:setRole(321)) - f09534d9-27f0-4bd2-ae55-341cfd68a0eb@group-5C9CB3533042: changes role from  FOLLOWER to CANDIDATE at term 0 for changeToCandidate
2023-01-13 04:28:24,807 [f09534d9-27f0-4bd2-ae55-341cfd68a0eb@group-5C9CB3533042-FollowerState] INFO  server.RaftServerConfigKeys (ConfUtils.java:logGet(46)) - raft.server.leaderelection.pre-vote = false (custom)
2023-01-13 04:28:24,807 [f09534d9-27f0-4bd2-ae55-341cfd68a0eb@group-5C9CB3533042-FollowerState] INFO  impl.RoleInfo (RoleInfo.java:updateAndGet(139)) - f09534d9-27f0-4bd2-ae55-341cfd68a0eb: start f09534d9-27f0-4bd2-ae55-341cfd68a0eb@group-5C9CB3533042-LeaderElection6
2023-01-13 04:28:24,811 [f09534d9-27f0-4bd2-ae55-341cfd68a0eb@group-5C9CB3533042-LeaderElection6] INFO  impl.LeaderElection (LeaderElection.java:askForVotes(312)) - f09534d9-27f0-4bd2-ae55-341cfd68a0eb@group-5C9CB3533042-LeaderElection6 ELECTION round 0: submit vote requests at term 1 for -1: peers:[6aa17f19-7961-4978-9ee2-0d39d3b5a231|rpc:10.1.0.110:40935|dataStream:10.1.0.110:43381|priority:0|startupRole:FOLLOWER, 9fcca57a-0016-4a7b-b88c-860e873da22c|rpc:10.1.0.110:34233|dataStream:10.1.0.110:38333|priority:1|startupRole:FOLLOWER, f09534d9-27f0-4bd2-ae55-341cfd68a0eb|rpc:10.1.0.110:41553|dataStream:10.1.0.110:46259|priority:0|startupRole:FOLLOWER]|listeners:[], old=null
2023-01-13 04:28:24,811 [6aa17f19-7961-4978-9ee2-0d39d3b5a231@group-5C9CB3533042-FollowerState] INFO  impl.FollowerState (FollowerState.java:run(143)) - 6aa17f19-7961-4978-9ee2-0d39d3b5a231@group-5C9CB3533042-FollowerState: change to CANDIDATE, lastRpcElapsedTime:5283909041ns, electionTimeout:5101ms
2023-01-13 04:28:24,811 [f09534d9-27f0-4bd2-ae55-341cfd68a0eb@group-5C9CB3533042-LeaderElection6] INFO  server.RaftServerConfigKeys (ConfUtils.java:logFallback(53)) - raft.server.rpc.first-election.timeout.min = 5s (fallback to raft.server.rpc.timeout.min)
2023-01-13 04:28:24,811 [6aa17f19-7961-4978-9ee2-0d39d3b5a231@group-5C9CB3533042-FollowerState] INFO  impl.RoleInfo (RoleInfo.java:shutdownFollowerState(110)) - 6aa17f19-7961-4978-9ee2-0d39d3b5a231: shutdown 6aa17f19-7961-4978-9ee2-0d39d3b5a231@group-5C9CB3533042-FollowerState
2023-01-13 04:28:24,814 [f09534d9-27f0-4bd2-ae55-341cfd68a0eb@group-5C9CB3533042-LeaderElection6-2] INFO  server.GrpcServerProtocolClient (GrpcServerProtocolClient.java:<init>(63)) - Build channel for 9fcca57a-0016-4a7b-b88c-860e873da22c
2023-01-13 04:28:24,815 [f09534d9-27f0-4bd2-ae55-341cfd68a0eb@group-5C9CB3533042-LeaderElection6-1] INFO  server.GrpcServerProtocolClient (GrpcServerProtocolClient.java:<init>(63)) - Build channel for 6aa17f19-7961-4978-9ee2-0d39d3b5a231
2023-01-13 04:28:24,814 [f09534d9-27f0-4bd2-ae55-341cfd68a0eb@group-5C9CB3533042-LeaderElection6] INFO  server.RaftServerConfigKeys (ConfUtils.java:logFallback(53)) - raft.server.rpc.first-election.timeout.max = 5200ms (fallback to raft.server.rpc.timeout.max)
2023-01-13 04:28:24,814 [6aa17f19-7961-4978-9ee2-0d39d3b5a231@group-5C9CB3533042-FollowerState] INFO  server.RaftServer$Division (RaftServerImpl.java:setRole(321)) - 6aa17f19-7961-4978-9ee2-0d39d3b5a231@group-5C9CB3533042: changes role from  FOLLOWER to CANDIDATE at term 0 for changeToCandidate
2023-01-13 04:28:24,816 [6aa17f19-7961-4978-9ee2-0d39d3b5a231@group-5C9CB3533042-FollowerState] INFO  server.RaftServerConfigKeys (ConfUtils.java:logGet(46)) - raft.server.leaderelection.pre-vote = false (custom)
2023-01-13 04:28:24,816 [6aa17f19-7961-4978-9ee2-0d39d3b5a231@group-5C9CB3533042-FollowerState] INFO  impl.RoleInfo (RoleInfo.java:updateAndGet(139)) - 6aa17f19-7961-4978-9ee2-0d39d3b5a231: start 6aa17f19-7961-4978-9ee2-0d39d3b5a231@group-5C9CB3533042-LeaderElection7
2023-01-13 04:28:24,820 [6aa17f19-7961-4978-9ee2-0d39d3b5a231@group-5C9CB3533042-LeaderElection7] INFO  impl.LeaderElection (LeaderElection.java:askForVotes(312)) - 6aa17f19-7961-4978-9ee2-0d39d3b5a231@group-5C9CB3533042-LeaderElection7 ELECTION round 0: submit vote requests at term 1 for -1: peers:[6aa17f19-7961-4978-9ee2-0d39d3b5a231|rpc:10.1.0.110:40935|dataStream:10.1.0.110:43381|priority:0|startupRole:FOLLOWER, 9fcca57a-0016-4a7b-b88c-860e873da22c|rpc:10.1.0.110:34233|dataStream:10.1.0.110:38333|priority:1|startupRole:FOLLOWER, f09534d9-27f0-4bd2-ae55-341cfd68a0eb|rpc:10.1.0.110:41553|dataStream:10.1.0.110:46259|priority:0|startupRole:FOLLOWER]|listeners:[], old=null
2023-01-13 04:28:24,830 [6aa17f19-7961-4978-9ee2-0d39d3b5a231@group-5C9CB3533042-LeaderElection7] INFO  server.RaftServerConfigKeys (ConfUtils.java:logFallback(53)) - raft.server.rpc.first-election.timeout.min = 5s (fallback to raft.server.rpc.timeout.min)
2023-01-13 04:28:24,830 [6aa17f19-7961-4978-9ee2-0d39d3b5a231@group-5C9CB3533042-LeaderElection7] INFO  server.RaftServerConfigKeys (ConfUtils.java:logFallback(53)) - raft.server.rpc.first-election.timeout.max = 5200ms (fallback to raft.server.rpc.timeout.max)
2023-01-13 04:28:24,840 [grpc-default-executor-1] INFO  server.RaftServer$Division (RaftServerImpl.java:requestVote(1218)) - f09534d9-27f0-4bd2-ae55-341cfd68a0eb@group-5C9CB3533042: receive requestVote(ELECTION, 6aa17f19-7961-4978-9ee2-0d39d3b5a231, group-5C9CB3533042, 1, (t:0, i:0))
2023-01-13 04:28:24,840 [grpc-default-executor-1] INFO  impl.VoteContext (VoteContext.java:log(49)) - f09534d9-27f0-4bd2-ae55-341cfd68a0eb@group-5C9CB3533042-CANDIDATE: reject ELECTION from 6aa17f19-7961-4978-9ee2-0d39d3b5a231: already has voted for f09534d9-27f0-4bd2-ae55-341cfd68a0eb at current term 1
2023-01-13 04:28:24,840 [grpc-default-executor-1] INFO  server.RaftServer$Division (RaftServerImpl.java:requestVote(1251)) - f09534d9-27f0-4bd2-ae55-341cfd68a0eb@group-5C9CB3533042 replies to ELECTION vote request: 6aa17f19-7961-4978-9ee2-0d39d3b5a231<-f09534d9-27f0-4bd2-ae55-341cfd68a0eb#0:FAIL-t1. Peer's state: f09534d9-27f0-4bd2-ae55-341cfd68a0eb@group-5C9CB3533042:t1, leader=null, voted=f09534d9-27f0-4bd2-ae55-341cfd68a0eb, raftlog=Memoized:f09534d9-27f0-4bd2-ae55-341cfd68a0eb@group-5C9CB3533042-SegmentedRaftLog:OPENED:c-1, conf=-1: peers:[6aa17f19-7961-4978-9ee2-0d39d3b5a231|rpc:10.1.0.110:40935|dataStream:10.1.0.110:43381|priority:0|startupRole:FOLLOWER, 9fcca57a-0016-4a7b-b88c-860e873da22c|rpc:10.1.0.110:34233|dataStream:10.1.0.110:38333|priority:1|startupRole:FOLLOWER, f09534d9-27f0-4bd2-ae55-341cfd68a0eb|rpc:10.1.0.110:41553|dataStream:10.1.0.110:46259|priority:0|startupRole:FOLLOWER]|listeners:[], old=null
2023-01-13 04:28:24,844 [grpc-default-executor-0] INFO  server.RaftServer$Division (RaftServerImpl.java:requestVote(1218)) - 9fcca57a-0016-4a7b-b88c-860e873da22c@group-5C9CB3533042: receive requestVote(ELECTION, f09534d9-27f0-4bd2-ae55-341cfd68a0eb, group-5C9CB3533042, 1, (t:0, i:0))
2023-01-13 04:28:24,844 [grpc-default-executor-0] INFO  impl.VoteContext (VoteContext.java:log(49)) - 9fcca57a-0016-4a7b-b88c-860e873da22c@group-5C9CB3533042-FOLLOWER: reject ELECTION from f09534d9-27f0-4bd2-ae55-341cfd68a0eb: our priority 1 > candidate's priority 0
2023-01-13 04:28:24,844 [grpc-default-executor-0] INFO  server.RaftServer$Division (RaftServerImpl.java:setRole(321)) - 9fcca57a-0016-4a7b-b88c-860e873da22c@group-5C9CB3533042: changes role from  FOLLOWER to FOLLOWER at term 1 for candidate:f09534d9-27f0-4bd2-ae55-341cfd68a0eb
2023-01-13 04:28:24,844 [grpc-default-executor-0] INFO  impl.RoleInfo (RoleInfo.java:shutdownFollowerState(110)) - 9fcca57a-0016-4a7b-b88c-860e873da22c: shutdown 9fcca57a-0016-4a7b-b88c-860e873da22c@group-5C9CB3533042-FollowerState
2023-01-13 04:28:24,844 [9fcca57a-0016-4a7b-b88c-860e873da22c@group-5C9CB3533042-FollowerState] INFO  impl.FollowerState (FollowerState.java:run(152)) - 9fcca57a-0016-4a7b-b88c-860e873da22c@group-5C9CB3533042-FollowerState was interrupted
2023-01-13 04:28:24,851 [grpc-default-executor-0] INFO  impl.RoleInfo (RoleInfo.java:updateAndGet(139)) - 9fcca57a-0016-4a7b-b88c-860e873da22c: start 9fcca57a-0016-4a7b-b88c-860e873da22c@group-5C9CB3533042-FollowerState
2023-01-13 04:28:24,852 [grpc-default-executor-2] INFO  server.RaftServer$Division (RaftServerImpl.java:requestVote(1218)) - 9fcca57a-0016-4a7b-b88c-860e873da22c@group-5C9CB3533042: receive requestVote(ELECTION, 6aa17f19-7961-4978-9ee2-0d39d3b5a231, group-5C9CB3533042, 1, (t:0, i:0))
2023-01-13 04:28:24,854 [grpc-default-executor-1] INFO  server.RaftServer$Division (RaftServerImpl.java:requestVote(1218)) - 6aa17f19-7961-4978-9ee2-0d39d3b5a231@group-5C9CB3533042: receive requestVote(ELECTION, f09534d9-27f0-4bd2-ae55-341cfd68a0eb, group-5C9CB3533042, 1, (t:0, i:0))
2023-01-13 04:28:24,854 [grpc-default-executor-1] INFO  impl.VoteContext (VoteContext.java:log(49)) - 6aa17f19-7961-4978-9ee2-0d39d3b5a231@group-5C9CB3533042-CANDIDATE: reject ELECTION from f09534d9-27f0-4bd2-ae55-341cfd68a0eb: already has voted for 6aa17f19-7961-4978-9ee2-0d39d3b5a231 at current term 1
2023-01-13 04:28:24,855 [grpc-default-executor-1] INFO  server.RaftServer$Division (RaftServerImpl.java:requestVote(1251)) - 6aa17f19-7961-4978-9ee2-0d39d3b5a231@group-5C9CB3533042 replies to ELECTION vote request: f09534d9-27f0-4bd2-ae55-341cfd68a0eb<-6aa17f19-7961-4978-9ee2-0d39d3b5a231#0:FAIL-t1. Peer's state: 6aa17f19-7961-4978-9ee2-0d39d3b5a231@group-5C9CB3533042:t1, leader=null, voted=6aa17f19-7961-4978-9ee2-0d39d3b5a231, raftlog=Memoized:6aa17f19-7961-4978-9ee2-0d39d3b5a231@group-5C9CB3533042-SegmentedRaftLog:OPENED:c-1, conf=-1: peers:[6aa17f19-7961-4978-9ee2-0d39d3b5a231|rpc:10.1.0.110:40935|dataStream:10.1.0.110:43381|priority:0|startupRole:FOLLOWER, 9fcca57a-0016-4a7b-b88c-860e873da22c|rpc:10.1.0.110:34233|dataStream:10.1.0.110:38333|priority:1|startupRole:FOLLOWER, f09534d9-27f0-4bd2-ae55-341cfd68a0eb|rpc:10.1.0.110:41553|dataStream:10.1.0.110:46259|priority:0|startupRole:FOLLOWER]|listeners:[], old=null
2023-01-13 04:28:24,855 [grpc-default-executor-0] INFO  server.RaftServer$Division (RaftServerImpl.java:requestVote(1251)) - 9fcca57a-0016-4a7b-b88c-860e873da22c@group-5C9CB3533042 replies to ELECTION vote request: f09534d9-27f0-4bd2-ae55-341cfd68a0eb<-9fcca57a-0016-4a7b-b88c-860e873da22c#0:FAIL-t1. Peer's state: 9fcca57a-0016-4a7b-b88c-860e873da22c@group-5C9CB3533042:t1, leader=null, voted=null, raftlog=Memoized:9fcca57a-0016-4a7b-b88c-860e873da22c@group-5C9CB3533042-SegmentedRaftLog:OPENED:c-1, conf=-1: peers:[6aa17f19-7961-4978-9ee2-0d39d3b5a231|rpc:10.1.0.110:40935|dataStream:10.1.0.110:43381|priority:0|startupRole:FOLLOWER, 9fcca57a-0016-4a7b-b88c-860e873da22c|rpc:10.1.0.110:34233|dataStream:10.1.0.110:38333|priority:1|startupRole:FOLLOWER, f09534d9-27f0-4bd2-ae55-341cfd68a0eb|rpc:10.1.0.110:41553|dataStream:10.1.0.110:46259|priority:0|startupRole:FOLLOWER]|listeners:[], old=null
2023-01-13 04:28:24,855 [grpc-default-executor-2] INFO  impl.VoteContext (VoteContext.java:log(49)) - 9fcca57a-0016-4a7b-b88c-860e873da22c@group-5C9CB3533042-FOLLOWER: reject ELECTION from 6aa17f19-7961-4978-9ee2-0d39d3b5a231: our priority 1 > candidate's priority 0
2023-01-13 04:28:24,855 [grpc-default-executor-2] INFO  server.RaftServer$Division (RaftServerImpl.java:setRole(321)) - 9fcca57a-0016-4a7b-b88c-860e873da22c@group-5C9CB3533042: changes role from  FOLLOWER to FOLLOWER at term 1 for candidate:6aa17f19-7961-4978-9ee2-0d39d3b5a231
2023-01-13 04:28:24,855 [grpc-default-executor-2] INFO  impl.RoleInfo (RoleInfo.java:shutdownFollowerState(110)) - 9fcca57a-0016-4a7b-b88c-860e873da22c: shutdown 9fcca57a-0016-4a7b-b88c-860e873da22c@group-5C9CB3533042-FollowerState
2023-01-13 04:28:24,855 [grpc-default-executor-2] INFO  impl.RoleInfo (RoleInfo.java:updateAndGet(139)) - 9fcca57a-0016-4a7b-b88c-860e873da22c: start 9fcca57a-0016-4a7b-b88c-860e873da22c@group-5C9CB3533042-FollowerState
2023-01-13 04:28:24,855 [9fcca57a-0016-4a7b-b88c-860e873da22c@group-5C9CB3533042-FollowerState] INFO  server.RaftServerConfigKeys (ConfUtils.java:logFallback(53)) - raft.server.rpc.first-election.timeout.min = 5s (fallback to raft.server.rpc.timeout.min)
2023-01-13 04:28:24,856 [9fcca57a-0016-4a7b-b88c-860e873da22c@group-5C9CB3533042-FollowerState] INFO  server.RaftServerConfigKeys (ConfUtils.java:logFallback(53)) - raft.server.rpc.first-election.timeout.max = 5200ms (fallback to raft.server.rpc.timeout.max)
2023-01-13 04:28:24,856 [grpc-default-executor-2] INFO  server.RaftServer$Division (RaftServerImpl.java:requestVote(1251)) - 9fcca57a-0016-4a7b-b88c-860e873da22c@group-5C9CB3533042 replies to ELECTION vote request: 6aa17f19-7961-4978-9ee2-0d39d3b5a231<-9fcca57a-0016-4a7b-b88c-860e873da22c#0:FAIL-t1. Peer's state: 9fcca57a-0016-4a7b-b88c-860e873da22c@group-5C9CB3533042:t1, leader=null, voted=null, raftlog=Memoized:9fcca57a-0016-4a7b-b88c-860e873da22c@group-5C9CB3533042-SegmentedRaftLog:OPENED:c-1, conf=-1: peers:[6aa17f19-7961-4978-9ee2-0d39d3b5a231|rpc:10.1.0.110:40935|dataStream:10.1.0.110:43381|priority:0|startupRole:FOLLOWER, 9fcca57a-0016-4a7b-b88c-860e873da22c|rpc:10.1.0.110:34233|dataStream:10.1.0.110:38333|priority:1|startupRole:FOLLOWER, f09534d9-27f0-4bd2-ae55-341cfd68a0eb|rpc:10.1.0.110:41553|dataStream:10.1.0.110:46259|priority:0|startupRole:FOLLOWER]|listeners:[], old=null
2023-01-13 04:28:24,859 [f09534d9-27f0-4bd2-ae55-341cfd68a0eb@group-5C9CB3533042-LeaderElection6] INFO  impl.LeaderElection (LeaderElection.java:logAndReturn(90)) - f09534d9-27f0-4bd2-ae55-341cfd68a0eb@group-5C9CB3533042-LeaderElection6: ELECTION REJECTED received 1 response(s) and 0 exception(s):
2023-01-13 04:28:24,860 [f09534d9-27f0-4bd2-ae55-341cfd68a0eb@group-5C9CB3533042-LeaderElection6] INFO  impl.LeaderElection (LeaderElection.java:logAndReturn(94)) -   Response 0: f09534d9-27f0-4bd2-ae55-341cfd68a0eb<-9fcca57a-0016-4a7b-b88c-860e873da22c#0:FAIL-t1
2023-01-13 04:28:24,860 [f09534d9-27f0-4bd2-ae55-341cfd68a0eb@group-5C9CB3533042-LeaderElection6] INFO  impl.LeaderElection (LeaderElection.java:askForVotes(314)) - f09534d9-27f0-4bd2-ae55-341cfd68a0eb@group-5C9CB3533042-LeaderElection6 ELECTION round 0: result REJECTED
2023-01-13 04:28:24,860 [f09534d9-27f0-4bd2-ae55-341cfd68a0eb@group-5C9CB3533042-LeaderElection6] INFO  server.RaftServer$Division (RaftServerImpl.java:setRole(321)) - f09534d9-27f0-4bd2-ae55-341cfd68a0eb@group-5C9CB3533042: changes role from CANDIDATE to FOLLOWER at term 1 for REJECTED
2023-01-13 04:28:24,860 [f09534d9-27f0-4bd2-ae55-341cfd68a0eb@group-5C9CB3533042-LeaderElection6] INFO  impl.RoleInfo (RoleInfo.java:shutdownLeaderElection(130)) - f09534d9-27f0-4bd2-ae55-341cfd68a0eb: shutdown f09534d9-27f0-4bd2-ae55-341cfd68a0eb@group-5C9CB3533042-LeaderElection6
2023-01-13 04:28:24,860 [f09534d9-27f0-4bd2-ae55-341cfd68a0eb@group-5C9CB3533042-LeaderElection6] INFO  impl.RoleInfo (RoleInfo.java:updateAndGet(139)) - f09534d9-27f0-4bd2-ae55-341cfd68a0eb: start f09534d9-27f0-4bd2-ae55-341cfd68a0eb@group-5C9CB3533042-FollowerState
2023-01-13 04:28:24,863 [9fcca57a-0016-4a7b-b88c-860e873da22c@group-5C9CB3533042-FollowerState] INFO  server.RaftServerConfigKeys (ConfUtils.java:logFallback(53)) - raft.server.rpc.first-election.timeout.min = 5s (fallback to raft.server.rpc.timeout.min)
2023-01-13 04:28:24,863 [9fcca57a-0016-4a7b-b88c-860e873da22c@group-5C9CB3533042-FollowerState] INFO  server.RaftServerConfigKeys (ConfUtils.java:logFallback(53)) - raft.server.rpc.first-election.timeout.max = 5200ms (fallback to raft.server.rpc.timeout.max)
2023-01-13 04:28:24,863 [f09534d9-27f0-4bd2-ae55-341cfd68a0eb@group-5C9CB3533042-FollowerState] INFO  server.RaftServerConfigKeys (ConfUtils.java:logFallback(53)) - raft.server.rpc.first-election.timeout.min = 5s (fallback to raft.server.rpc.timeout.min)
2023-01-13 04:28:24,864 [f09534d9-27f0-4bd2-ae55-341cfd68a0eb@group-5C9CB3533042-FollowerState] INFO  server.RaftServerConfigKeys (ConfUtils.java:logFallback(53)) - raft.server.rpc.first-election.timeout.max = 5200ms (fallback to raft.server.rpc.timeout.max)
2023-01-13 04:28:24,864 [6aa17f19-7961-4978-9ee2-0d39d3b5a231@group-5C9CB3533042-LeaderElection7] INFO  impl.LeaderElection (LeaderElection.java:logAndReturn(90)) - 6aa17f19-7961-4978-9ee2-0d39d3b5a231@group-5C9CB3533042-LeaderElection7: ELECTION REJECTED received 2 response(s) and 0 exception(s):
2023-01-13 04:28:24,864 [6aa17f19-7961-4978-9ee2-0d39d3b5a231@group-5C9CB3533042-LeaderElection7] INFO  impl.LeaderElection (LeaderElection.java:logAndReturn(94)) -   Response 0: 6aa17f19-7961-4978-9ee2-0d39d3b5a231<-9fcca57a-0016-4a7b-b88c-860e873da22c#0:FAIL-t1
2023-01-13 04:28:24,864 [6aa17f19-7961-4978-9ee2-0d39d3b5a231@group-5C9CB3533042-LeaderElection7] INFO  impl.LeaderElection (LeaderElection.java:logAndReturn(94)) -   Response 1: 6aa17f19-7961-4978-9ee2-0d39d3b5a231<-f09534d9-27f0-4bd2-ae55-341cfd68a0eb#0:FAIL-t1
2023-01-13 04:28:24,864 [6aa17f19-7961-4978-9ee2-0d39d3b5a231@group-5C9CB3533042-LeaderElection7] INFO  impl.LeaderElection (LeaderElection.java:askForVotes(314)) - 6aa17f19-7961-4978-9ee2-0d39d3b5a231@group-5C9CB3533042-LeaderElection7 ELECTION round 0: result REJECTED
2023-01-13 04:28:24,864 [6aa17f19-7961-4978-9ee2-0d39d3b5a231@group-5C9CB3533042-LeaderElection7] INFO  server.RaftServer$Division (RaftServerImpl.java:setRole(321)) - 6aa17f19-7961-4978-9ee2-0d39d3b5a231@group-5C9CB3533042: changes role from CANDIDATE to FOLLOWER at term 1 for REJECTED
2023-01-13 04:28:24,864 [6aa17f19-7961-4978-9ee2-0d39d3b5a231@group-5C9CB3533042-LeaderElection7] INFO  impl.RoleInfo (RoleInfo.java:shutdownLeaderElection(130)) - 6aa17f19-7961-4978-9ee2-0d39d3b5a231: shutdown 6aa17f19-7961-4978-9ee2-0d39d3b5a231@group-5C9CB3533042-LeaderElection7
2023-01-13 04:28:24,864 [6aa17f19-7961-4978-9ee2-0d39d3b5a231@group-5C9CB3533042-LeaderElection7] INFO  impl.RoleInfo (RoleInfo.java:updateAndGet(139)) - 6aa17f19-7961-4978-9ee2-0d39d3b5a231: start 6aa17f19-7961-4978-9ee2-0d39d3b5a231@group-5C9CB3533042-FollowerState
2023-01-13 04:28:24,865 [6aa17f19-7961-4978-9ee2-0d39d3b5a231@group-5C9CB3533042-FollowerState] INFO  server.RaftServerConfigKeys (ConfUtils.java:logFallback(53)) - raft.server.rpc.first-election.timeout.min = 5s (fallback to raft.server.rpc.timeout.min)
2023-01-13 04:28:24,868 [6aa17f19-7961-4978-9ee2-0d39d3b5a231@group-5C9CB3533042-FollowerState] INFO  server.RaftServerConfigKeys (ConfUtils.java:logFallback(53)) - raft.server.rpc.first-election.timeout.max = 5200ms (fallback to raft.server.rpc.timeout.max)
2023-01-13 04:28:24,869 [765a3633-7eac-4889-b9cb-33342b89fe8b@group-A7188787C679-FollowerState] INFO  impl.FollowerState (FollowerState.java:run(143)) - 765a3633-7eac-4889-b9cb-33342b89fe8b@group-A7188787C679-FollowerState: change to CANDIDATE, lastRpcElapsedTime:5030958522ns, electionTimeout:5018ms
2023-01-13 04:28:24,870 [765a3633-7eac-4889-b9cb-33342b89fe8b@group-A7188787C679-FollowerState] INFO  impl.RoleInfo (RoleInfo.java:shutdownFollowerState(110)) - 765a3633-7eac-4889-b9cb-33342b89fe8b: shutdown 765a3633-7eac-4889-b9cb-33342b89fe8b@group-A7188787C679-FollowerState
2023-01-13 04:28:24,870 [765a3633-7eac-4889-b9cb-33342b89fe8b@group-A7188787C679-FollowerState] INFO  server.RaftServer$Division (RaftServerImpl.java:setRole(321)) - 765a3633-7eac-4889-b9cb-33342b89fe8b@group-A7188787C679: changes role from  FOLLOWER to CANDIDATE at term 0 for changeToCandidate
2023-01-13 04:28:24,871 [765a3633-7eac-4889-b9cb-33342b89fe8b@group-A7188787C679-FollowerState] INFO  server.RaftServerConfigKeys (ConfUtils.java:logGet(46)) - raft.server.leaderelection.pre-vote = false (custom)
2023-01-13 04:28:24,871 [765a3633-7eac-4889-b9cb-33342b89fe8b@group-A7188787C679-FollowerState] INFO  impl.RoleInfo (RoleInfo.java:updateAndGet(139)) - 765a3633-7eac-4889-b9cb-33342b89fe8b: start 765a3633-7eac-4889-b9cb-33342b89fe8b@group-A7188787C679-LeaderElection8
2023-01-13 04:28:24,877 [765a3633-7eac-4889-b9cb-33342b89fe8b@group-A7188787C679-LeaderElection8] INFO  impl.LeaderElection (LeaderElection.java:askForVotes(312)) - 765a3633-7eac-4889-b9cb-33342b89fe8b@group-A7188787C679-LeaderElection8 ELECTION round 0: submit vote requests at term 1 for -1: peers:[765a3633-7eac-4889-b9cb-33342b89fe8b|rpc:10.1.0.110:33437|dataStream:10.1.0.110:45775|priority:1|startupRole:FOLLOWER, b8861190-fee9-46f5-9d16-9ca5f82f4eb4|rpc:10.1.0.110:37787|dataStream:10.1.0.110:42169|priority:0|startupRole:FOLLOWER, fceb8dc7-545e-48fb-8d31-09847688438f|rpc:10.1.0.110:41373|dataStream:10.1.0.110:43423|priority:0|startupRole:FOLLOWER]|listeners:[], old=null
2023-01-13 04:28:24,877 [765a3633-7eac-4889-b9cb-33342b89fe8b@group-A7188787C679-LeaderElection8-1] INFO  server.GrpcServerProtocolClient (GrpcServerProtocolClient.java:<init>(63)) - Build channel for b8861190-fee9-46f5-9d16-9ca5f82f4eb4
2023-01-13 04:28:24,884 [765a3633-7eac-4889-b9cb-33342b89fe8b@group-A7188787C679-LeaderElection8] INFO  server.RaftServerConfigKeys (ConfUtils.java:logFallback(53)) - raft.server.rpc.first-election.timeout.min = 5s (fallback to raft.server.rpc.timeout.min)
2023-01-13 04:28:24,884 [765a3633-7eac-4889-b9cb-33342b89fe8b@group-A7188787C679-LeaderElection8] INFO  server.RaftServerConfigKeys (ConfUtils.java:logFallback(53)) - raft.server.rpc.first-election.timeout.max = 5200ms (fallback to raft.server.rpc.timeout.max)
2023-01-13 04:28:24,885 [765a3633-7eac-4889-b9cb-33342b89fe8b@group-A7188787C679-LeaderElection8-2] INFO  server.GrpcServerProtocolClient (GrpcServerProtocolClient.java:<init>(63)) - Build channel for fceb8dc7-545e-48fb-8d31-09847688438f
2023-01-13 04:28:24,889 [grpc-default-executor-2] INFO  server.RaftServer$Division (RaftServerImpl.java:requestVote(1218)) - b8861190-fee9-46f5-9d16-9ca5f82f4eb4@group-A7188787C679: receive requestVote(ELECTION, 765a3633-7eac-4889-b9cb-33342b89fe8b, group-A7188787C679, 1, (t:0, i:0))
2023-01-13 04:28:24,889 [grpc-default-executor-2] INFO  impl.VoteContext (VoteContext.java:log(49)) - b8861190-fee9-46f5-9d16-9ca5f82f4eb4@group-A7188787C679-FOLLOWER: accept ELECTION from 765a3633-7eac-4889-b9cb-33342b89fe8b: our priority 0 <= candidate's priority 1
2023-01-13 04:28:24,889 [grpc-default-executor-2] INFO  server.RaftServer$Division (RaftServerImpl.java:setRole(321)) - b8861190-fee9-46f5-9d16-9ca5f82f4eb4@group-A7188787C679: changes role from  FOLLOWER to FOLLOWER at term 1 for candidate:765a3633-7eac-4889-b9cb-33342b89fe8b
2023-01-13 04:28:24,889 [grpc-default-executor-2] INFO  impl.RoleInfo (RoleInfo.java:shutdownFollowerState(110)) - b8861190-fee9-46f5-9d16-9ca5f82f4eb4: shutdown b8861190-fee9-46f5-9d16-9ca5f82f4eb4@group-A7188787C679-FollowerState
2023-01-13 04:28:24,889 [b8861190-fee9-46f5-9d16-9ca5f82f4eb4@group-A7188787C679-FollowerState] INFO  impl.FollowerState (FollowerState.java:run(152)) - b8861190-fee9-46f5-9d16-9ca5f82f4eb4@group-A7188787C679-FollowerState was interrupted
2023-01-13 04:28:24,891 [grpc-default-executor-2] INFO  impl.RoleInfo (RoleInfo.java:updateAndGet(139)) - b8861190-fee9-46f5-9d16-9ca5f82f4eb4: start b8861190-fee9-46f5-9d16-9ca5f82f4eb4@group-A7188787C679-FollowerState
2023-01-13 04:28:24,896 [grpc-default-executor-2] INFO  server.RaftServer$Division (RaftServerImpl.java:requestVote(1251)) - b8861190-fee9-46f5-9d16-9ca5f82f4eb4@group-A7188787C679 replies to ELECTION vote request: 765a3633-7eac-4889-b9cb-33342b89fe8b<-b8861190-fee9-46f5-9d16-9ca5f82f4eb4#0:OK-t1. Peer's state: b8861190-fee9-46f5-9d16-9ca5f82f4eb4@group-A7188787C679:t1, leader=null, voted=765a3633-7eac-4889-b9cb-33342b89fe8b, raftlog=Memoized:b8861190-fee9-46f5-9d16-9ca5f82f4eb4@group-A7188787C679-SegmentedRaftLog:OPENED:c-1, conf=-1: peers:[765a3633-7eac-4889-b9cb-33342b89fe8b|rpc:10.1.0.110:33437|dataStream:10.1.0.110:45775|priority:1|startupRole:FOLLOWER, b8861190-fee9-46f5-9d16-9ca5f82f4eb4|rpc:10.1.0.110:37787|dataStream:10.1.0.110:42169|priority:0|startupRole:FOLLOWER, fceb8dc7-545e-48fb-8d31-09847688438f|rpc:10.1.0.110:41373|dataStream:10.1.0.110:43423|priority:0|startupRole:FOLLOWER]|listeners:[], old=null
2023-01-13 04:28:24,898 [765a3633-7eac-4889-b9cb-33342b89fe8b@group-A7188787C679-LeaderElection8] INFO  impl.LeaderElection (LeaderElection.java:logAndReturn(90)) - 765a3633-7eac-4889-b9cb-33342b89fe8b@group-A7188787C679-LeaderElection8: ELECTION PASSED received 1 response(s) and 0 exception(s):
2023-01-13 04:28:24,898 [grpc-default-executor-2] INFO  server.RaftServer$Division (RaftServerImpl.java:requestVote(1218)) - fceb8dc7-545e-48fb-8d31-09847688438f@group-A7188787C679: receive requestVote(ELECTION, 765a3633-7eac-4889-b9cb-33342b89fe8b, group-A7188787C679, 1, (t:0, i:0))
2023-01-13 04:28:24,898 [grpc-default-executor-2] INFO  impl.VoteContext (VoteContext.java:log(49)) - fceb8dc7-545e-48fb-8d31-09847688438f@group-A7188787C679-FOLLOWER: accept ELECTION from 765a3633-7eac-4889-b9cb-33342b89fe8b: our priority 0 <= candidate's priority 1
2023-01-13 04:28:24,898 [grpc-default-executor-2] INFO  server.RaftServer$Division (RaftServerImpl.java:setRole(321)) - fceb8dc7-545e-48fb-8d31-09847688438f@group-A7188787C679: changes role from  FOLLOWER to FOLLOWER at term 1 for candidate:765a3633-7eac-4889-b9cb-33342b89fe8b
2023-01-13 04:28:24,898 [grpc-default-executor-2] INFO  impl.RoleInfo (RoleInfo.java:shutdownFollowerState(110)) - fceb8dc7-545e-48fb-8d31-09847688438f: shutdown fceb8dc7-545e-48fb-8d31-09847688438f@group-A7188787C679-FollowerState
2023-01-13 04:28:24,898 [grpc-default-executor-2] INFO  impl.RoleInfo (RoleInfo.java:updateAndGet(139)) - fceb8dc7-545e-48fb-8d31-09847688438f: start fceb8dc7-545e-48fb-8d31-09847688438f@group-A7188787C679-FollowerState
2023-01-13 04:28:24,898 [fceb8dc7-545e-48fb-8d31-09847688438f@group-A7188787C679-FollowerState] INFO  impl.FollowerState (FollowerState.java:run(152)) - fceb8dc7-545e-48fb-8d31-09847688438f@group-A7188787C679-FollowerState was interrupted
2023-01-13 04:28:24,898 [765a3633-7eac-4889-b9cb-33342b89fe8b@group-A7188787C679-LeaderElection8] INFO  impl.LeaderElection (LeaderElection.java:logAndReturn(94)) -   Response 0: 765a3633-7eac-4889-b9cb-33342b89fe8b<-b8861190-fee9-46f5-9d16-9ca5f82f4eb4#0:OK-t1
2023-01-13 04:28:24,902 [765a3633-7eac-4889-b9cb-33342b89fe8b@group-A7188787C679-LeaderElection8] INFO  impl.LeaderElection (LeaderElection.java:askForVotes(314)) - 765a3633-7eac-4889-b9cb-33342b89fe8b@group-A7188787C679-LeaderElection8 ELECTION round 0: result PASSED
2023-01-13 04:28:24,902 [765a3633-7eac-4889-b9cb-33342b89fe8b@group-A7188787C679-LeaderElection8] INFO  impl.RoleInfo (RoleInfo.java:shutdownLeaderElection(130)) - 765a3633-7eac-4889-b9cb-33342b89fe8b: shutdown 765a3633-7eac-4889-b9cb-33342b89fe8b@group-A7188787C679-LeaderElection8
2023-01-13 04:28:24,902 [765a3633-7eac-4889-b9cb-33342b89fe8b@group-A7188787C679-LeaderElection8] INFO  server.RaftServer$Division (RaftServerImpl.java:setRole(321)) - 765a3633-7eac-4889-b9cb-33342b89fe8b@group-A7188787C679: changes role from CANDIDATE to LEADER at term 1 for changeToLeader
2023-01-13 04:28:24,902 [765a3633-7eac-4889-b9cb-33342b89fe8b@group-A7188787C679-LeaderElection8] INFO  ratis.XceiverServerRatis (XceiverServerRatis.java:handleLeaderChangedNotification(904)) - Leader change notification received for group: group-A7188787C679 with new leaderId: 765a3633-7eac-4889-b9cb-33342b89fe8b
2023-01-13 04:28:24,903 [765a3633-7eac-4889-b9cb-33342b89fe8b@group-A7188787C679-LeaderElection8] INFO  server.RaftServer$Division (ServerState.java:setLeader(313)) - 765a3633-7eac-4889-b9cb-33342b89fe8b@group-A7188787C679: change Leader from null to 765a3633-7eac-4889-b9cb-33342b89fe8b at term 1 for becomeLeader, leader elected after 5098ms
2023-01-13 04:28:24,903 [765a3633-7eac-4889-b9cb-33342b89fe8b@group-A7188787C679-LeaderElection8] INFO  server.RaftServerConfigKeys (ConfUtils.java:logGet(46)) - raft.server.staging.catchup.gap = 1000 (default)
2023-01-13 04:28:24,903 [765a3633-7eac-4889-b9cb-33342b89fe8b@group-A7188787C679-LeaderElection8] INFO  server.RaftServerConfigKeys (ConfUtils.java:logGet(46)) - raft.server.write.element-limit = 1024 (custom)
2023-01-13 04:28:24,903 [765a3633-7eac-4889-b9cb-33342b89fe8b@group-A7188787C679-LeaderElection8] INFO  server.RaftServerConfigKeys (ConfUtils.java:logGet(46)) - raft.server.write.byte-limit = 1024 M (=1073741824) (custom)
2023-01-13 04:28:24,903 [765a3633-7eac-4889-b9cb-33342b89fe8b@group-A7188787C679-LeaderElection8] INFO  server.RaftServerConfigKeys (ConfUtils.java:logGet(46)) - raft.server.watch.timeout = 180s (custom)
2023-01-13 04:28:24,903 [765a3633-7eac-4889-b9cb-33342b89fe8b@group-A7188787C679-LeaderElection8] INFO  server.RaftServerConfigKeys (ConfUtils.java:logGet(46)) - raft.server.watch.timeout.denomination = 1s (default)
2023-01-13 04:28:24,903 [765a3633-7eac-4889-b9cb-33342b89fe8b@group-A7188787C679-LeaderElection8] INFO  server.RaftServerConfigKeys (ConfUtils.java:logGet(46)) - raft.server.watch.element-limit = 65536 (default)
2023-01-13 04:28:24,903 [765a3633-7eac-4889-b9cb-33342b89fe8b@group-A7188787C679-LeaderElection8] INFO  server.RaftServerConfigKeys (ConfUtils.java:logGet(46)) - raft.server.write.element-limit = 1024 (custom)
2023-01-13 04:28:24,903 [765a3633-7eac-4889-b9cb-33342b89fe8b@group-A7188787C679-LeaderElection8] INFO  server.RaftServerConfigKeys (ConfUtils.java:logGet(46)) - raft.server.write.follower.gap.ratio.max = -1.0 (default)
2023-01-13 04:28:24,906 [b8861190-fee9-46f5-9d16-9ca5f82f4eb4@group-A7188787C679-FollowerState] INFO  server.RaftServerConfigKeys (ConfUtils.java:logFallback(53)) - raft.server.rpc.first-election.timeout.min = 5s (fallback to raft.server.rpc.timeout.min)
2023-01-13 04:28:24,906 [b8861190-fee9-46f5-9d16-9ca5f82f4eb4@group-A7188787C679-FollowerState] INFO  server.RaftServerConfigKeys (ConfUtils.java:logFallback(53)) - raft.server.rpc.first-election.timeout.max = 5200ms (fallback to raft.server.rpc.timeout.max)
2023-01-13 04:28:24,907 [EventQueue-PipelineReportForPipelineReportHandler] INFO  pipeline.PipelineManagerImpl (PipelineManagerImpl.java:openPipeline(367)) - Pipeline Pipeline[ Id: 8030f97e-fd6c-41ef-86a1-a7188787c679, Nodes: fceb8dc7-545e-48fb-8d31-09847688438f(fv-az178-476.4hr1jzigf4quzlbutvnlm3yq0e.cx.internal.cloudapp.net/10.1.0.110)765a3633-7eac-4889-b9cb-33342b89fe8b(fv-az178-476.4hr1jzigf4quzlbutvnlm3yq0e.cx.internal.cloudapp.net/10.1.0.110)b8861190-fee9-46f5-9d16-9ca5f82f4eb4(fv-az178-476.4hr1jzigf4quzlbutvnlm3yq0e.cx.internal.cloudapp.net/10.1.0.110), ReplicationConfig: RATIS/THREE, State:ALLOCATED, leaderId:765a3633-7eac-4889-b9cb-33342b89fe8b, CreationTimestamp2023-01-13T04:28:17.225Z[Etc/UTC]] moved to OPEN state
2023-01-13 04:28:24,908 [EventQueue-OpenPipelineForHealthyPipelineSafeModeRule] INFO  safemode.SCMSafeModeManager (HealthyPipelineSafeModeRule.java:process(137)) - SCM in safe mode. Healthy pipelines reported count is 0, required healthy pipeline reported count is 1
2023-01-13 04:28:24,908 [EventQueue-OpenPipelineForHealthyPipelineSafeModeRule] INFO  safemode.SCMSafeModeManager (HealthyPipelineSafeModeRule.java:process(137)) - SCM in safe mode. Healthy pipelines reported count is 1, required healthy pipeline reported count is 1
2023-01-13 04:28:24,908 [EventQueue-OpenPipelineForHealthyPipelineSafeModeRule] INFO  safemode.SCMSafeModeManager (SCMSafeModeManager.java:validateSafeModeExitRules(200)) - HealthyPipelineSafeModeRule rule is successfully validated
2023-01-13 04:28:24,908 [EventQueue-OpenPipelineForHealthyPipelineSafeModeRule] INFO  safemode.SCMSafeModeManager (SCMSafeModeManager.java:validateSafeModeExitRules(215)) - ScmSafeModeManager, all rules are successfully validated
2023-01-13 04:28:24,908 [EventQueue-OpenPipelineForHealthyPipelineSafeModeRule] INFO  safemode.SCMSafeModeManager (SCMSafeModeManager.java:exitSafeMode(244)) - SCM exiting safe mode.
2023-01-13 04:28:24,908 [EventQueue-OpenPipelineForHealthyPipelineSafeModeRule] INFO  ha.SCMContext (SCMContext.java:updateSafeModeStatus(228)) - Update SafeModeStatus from SafeModeStatus{safeModeStatus=true, preCheckPassed=true} to SafeModeStatus{safeModeStatus=false, preCheckPassed=true}.
2023-01-13 04:28:24,908 [EventQueue-OpenPipelineForHealthyPipelineSafeModeRule] INFO  pipeline.BackgroundPipelineCreator (BackgroundPipelineCreator.java:notifyStatusChanged(254)) - Service BackgroundPipelineCreator transitions to RUNNING.
2023-01-13 04:28:24,908 [EventQueue-OpenPipelineForHealthyPipelineSafeModeRule] INFO  BackgroundPipelineScrubber (BackgroundSCMService.java:notifyStatusChanged(82)) - Service BackgroundPipelineScrubber transitions to RUNNING.
2023-01-13 04:28:24,908 [EventQueue-OpenPipelineForHealthyPipelineSafeModeRule] INFO  ExpiredContainerReplicaOpScrubber (BackgroundSCMService.java:notifyStatusChanged(82)) - Service ExpiredContainerReplicaOpScrubber transitions to RUNNING.
2023-01-13 04:28:24,908 [EventQueue-OpenPipelineForHealthyPipelineSafeModeRule] INFO  replication.ReplicationManager (ReplicationManager.java:notifyStatusChanged(919)) - Service ReplicationManager transitions to RUNNING.
2023-01-13 04:28:24,911 [EventQueue-OpenPipelineForHealthyPipelineSafeModeRule] WARN  balancer.ContainerBalancer (ContainerBalancer.java:shouldRun(131)) - Could not find persisted configuration for ContainerBalancer when checking if ContainerBalancer should run. ContainerBalancer should not run now.
2023-01-13 04:28:24,914 [fceb8dc7-545e-48fb-8d31-09847688438f@group-A7188787C679-FollowerState] INFO  server.RaftServerConfigKeys (ConfUtils.java:logFallback(53)) - raft.server.rpc.first-election.timeout.min = 5s (fallback to raft.server.rpc.timeout.min)
2023-01-13 04:28:24,914 [fceb8dc7-545e-48fb-8d31-09847688438f@group-A7188787C679-FollowerState] INFO  server.RaftServerConfigKeys (ConfUtils.java:logFallback(53)) - raft.server.rpc.first-election.timeout.max = 5200ms (fallback to raft.server.rpc.timeout.max)
2023-01-13 04:28:24,915 [grpc-default-executor-2] INFO  server.RaftServer$Division (RaftServerImpl.java:requestVote(1251)) - fceb8dc7-545e-48fb-8d31-09847688438f@group-A7188787C679 replies to ELECTION vote request: 765a3633-7eac-4889-b9cb-33342b89fe8b<-fceb8dc7-545e-48fb-8d31-09847688438f#0:OK-t1. Peer's state: fceb8dc7-545e-48fb-8d31-09847688438f@group-A7188787C679:t1, leader=null, voted=765a3633-7eac-4889-b9cb-33342b89fe8b, raftlog=Memoized:fceb8dc7-545e-48fb-8d31-09847688438f@group-A7188787C679-SegmentedRaftLog:OPENED:c-1, conf=-1: peers:[765a3633-7eac-4889-b9cb-33342b89fe8b|rpc:10.1.0.110:33437|dataStream:10.1.0.110:45775|priority:1|startupRole:FOLLOWER, b8861190-fee9-46f5-9d16-9ca5f82f4eb4|rpc:10.1.0.110:37787|dataStream:10.1.0.110:42169|priority:0|startupRole:FOLLOWER, fceb8dc7-545e-48fb-8d31-09847688438f|rpc:10.1.0.110:41373|dataStream:10.1.0.110:43423|priority:0|startupRole:FOLLOWER]|listeners:[], old=null
2023-01-13 04:28:24,925 [765a3633-7eac-4889-b9cb-33342b89fe8b@group-A7188787C679-LeaderElection8] INFO  server.RaftServerConfigKeys (ConfUtils.java:logGet(46)) - raft.server.log.appender.snapshot.chunk.size.max = 16MB (=16777216) (default)
2023-01-13 04:28:24,925 [765a3633-7eac-4889-b9cb-33342b89fe8b@group-A7188787C679-LeaderElection8] INFO  server.RaftServerConfigKeys (ConfUtils.java:logGet(46)) - raft.server.log.appender.buffer.byte-limit = 33554432 (custom)
2023-01-13 04:28:24,925 [765a3633-7eac-4889-b9cb-33342b89fe8b@group-A7188787C679-LeaderElection8] INFO  server.RaftServerConfigKeys (ConfUtils.java:logGet(46)) - raft.server.log.appender.buffer.element-limit = 1 (custom)
2023-01-13 04:28:24,931 [765a3633-7eac-4889-b9cb-33342b89fe8b@group-A7188787C679-LeaderElection8] INFO  grpc.GrpcConfigKeys (ConfUtils.java:logGet(46)) - raft.grpc.server.leader.outstanding.appends.max = 128 (default)
2023-01-13 04:28:24,931 [765a3633-7eac-4889-b9cb-33342b89fe8b@group-A7188787C679-LeaderElection8] INFO  server.RaftServerConfigKeys (ConfUtils.java:logGet(46)) - raft.server.rpc.request.timeout = 60s (custom)
2023-01-13 04:28:24,931 [765a3633-7eac-4889-b9cb-33342b89fe8b@group-A7188787C679-LeaderElection8] INFO  server.RaftServerConfigKeys (ConfUtils.java:logGet(46)) - raft.server.log.appender.install.snapshot.enabled = false (custom)
2023-01-13 04:28:24,931 [765a3633-7eac-4889-b9cb-33342b89fe8b@group-A7188787C679-LeaderElection8] INFO  grpc.GrpcConfigKeys (ConfUtils.java:logGet(46)) - raft.grpc.server.heartbeat.channel = true (default)
2023-01-13 04:28:24,931 [765a3633-7eac-4889-b9cb-33342b89fe8b@group-A7188787C679-LeaderElection8] INFO  server.RaftServerConfigKeys (ConfUtils.java:logGet(46)) - raft.server.log.appender.wait-time.min = 10ms (default)
2023-01-13 04:28:24,934 [765a3633-7eac-4889-b9cb-33342b89fe8b@group-A7188787C679-LeaderElection8] INFO  server.RaftServerConfigKeys (ConfUtils.java:logGet(46)) - raft.server.log.appender.snapshot.chunk.size.max = 16MB (=16777216) (default)
2023-01-13 04:28:24,934 [765a3633-7eac-4889-b9cb-33342b89fe8b@group-A7188787C679-LeaderElection8] INFO  server.RaftServerConfigKeys (ConfUtils.java:logGet(46)) - raft.server.log.appender.buffer.byte-limit = 33554432 (custom)
2023-01-13 04:28:24,934 [765a3633-7eac-4889-b9cb-33342b89fe8b@group-A7188787C679-LeaderElection8] INFO  server.RaftServerConfigKeys (ConfUtils.java:logGet(46)) - raft.server.log.appender.buffer.element-limit = 1 (custom)
2023-01-13 04:28:24,934 [765a3633-7eac-4889-b9cb-33342b89fe8b@group-A7188787C679-LeaderElection8] INFO  grpc.GrpcConfigKeys (ConfUtils.java:logGet(46)) - raft.grpc.server.leader.outstanding.appends.max = 128 (default)
2023-01-13 04:28:24,934 [765a3633-7eac-4889-b9cb-33342b89fe8b@group-A7188787C679-LeaderElection8] INFO  server.RaftServerConfigKeys (ConfUtils.java:logGet(46)) - raft.server.rpc.request.timeout = 60s (custom)
2023-01-13 04:28:24,935 [765a3633-7eac-4889-b9cb-33342b89fe8b@group-A7188787C679-LeaderElection8] INFO  server.RaftServerConfigKeys (ConfUtils.java:logGet(46)) - raft.server.log.appender.install.snapshot.enabled = false (custom)
2023-01-13 04:28:24,935 [765a3633-7eac-4889-b9cb-33342b89fe8b@group-A7188787C679-LeaderElection8] INFO  grpc.GrpcConfigKeys (ConfUtils.java:logGet(46)) - raft.grpc.server.heartbeat.channel = true (default)
2023-01-13 04:28:24,935 [765a3633-7eac-4889-b9cb-33342b89fe8b@group-A7188787C679-LeaderElection8] INFO  server.RaftServerConfigKeys (ConfUtils.java:logGet(46)) - raft.server.log.appender.wait-time.min = 10ms (default)
2023-01-13 04:28:24,935 [765a3633-7eac-4889-b9cb-33342b89fe8b@group-A7188787C679-LeaderElection8] INFO  impl.RoleInfo (RoleInfo.java:updateAndGet(139)) - 765a3633-7eac-4889-b9cb-33342b89fe8b: start 765a3633-7eac-4889-b9cb-33342b89fe8b@group-A7188787C679-LeaderStateImpl
2023-01-13 04:28:24,936 [765a3633-7eac-4889-b9cb-33342b89fe8b@group-A7188787C679-LeaderElection8] INFO  segmented.SegmentedRaftLogWorker (SegmentedRaftLogWorker.java:startLogSegment(452)) - 765a3633-7eac-4889-b9cb-33342b89fe8b@group-A7188787C679-SegmentedRaftLogWorker: Starting segment from index:0
2023-01-13 04:28:24,937 [765a3633-7eac-4889-b9cb-33342b89fe8b@group-A7188787C679-SegmentedRaftLogWorker] INFO  segmented.SegmentedRaftLogWorker (SegmentedRaftLogWorker.java:execute(656)) - 765a3633-7eac-4889-b9cb-33342b89fe8b@group-A7188787C679-SegmentedRaftLogWorker: created new log segment /home/runner/work/ozone/ozone/hadoop-ozone/integration-test/target/test-dir/MiniOzoneClusterImpl-cf27e86b-a5d2-4d86-a5ef-f90d19c9ea90/datanode-3/data/ratis/8030f97e-fd6c-41ef-86a1-a7188787c679/current/log_inprogress_0
2023-01-13 04:28:24,946 [765a3633-7eac-4889-b9cb-33342b89fe8b@group-A7188787C679-LeaderElection8] INFO  server.RaftServer$Division (ServerState.java:setRaftConf(430)) - 765a3633-7eac-4889-b9cb-33342b89fe8b@group-A7188787C679: set configuration 0: peers:[765a3633-7eac-4889-b9cb-33342b89fe8b|rpc:10.1.0.110:33437|dataStream:10.1.0.110:45775|priority:1|startupRole:FOLLOWER, b8861190-fee9-46f5-9d16-9ca5f82f4eb4|rpc:10.1.0.110:37787|dataStream:10.1.0.110:42169|priority:0|startupRole:FOLLOWER, fceb8dc7-545e-48fb-8d31-09847688438f|rpc:10.1.0.110:41373|dataStream:10.1.0.110:43423|priority:0|startupRole:FOLLOWER]|listeners:[], old=null
2023-01-13 04:28:24,970 [765a3633-7eac-4889-b9cb-33342b89fe8b@group-55916863EB15-FollowerState] INFO  impl.FollowerState (FollowerState.java:run(143)) - 765a3633-7eac-4889-b9cb-33342b89fe8b@group-55916863EB15-FollowerState: change to CANDIDATE, lastRpcElapsedTime:5172518522ns, electionTimeout:5171ms
2023-01-13 04:28:24,970 [765a3633-7eac-4889-b9cb-33342b89fe8b@group-55916863EB15-FollowerState] INFO  impl.RoleInfo (RoleInfo.java:shutdownFollowerState(110)) - 765a3633-7eac-4889-b9cb-33342b89fe8b: shutdown 765a3633-7eac-4889-b9cb-33342b89fe8b@group-55916863EB15-FollowerState
2023-01-13 04:28:24,970 [765a3633-7eac-4889-b9cb-33342b89fe8b@group-55916863EB15-FollowerState] INFO  server.RaftServer$Division (RaftServerImpl.java:setRole(321)) - 765a3633-7eac-4889-b9cb-33342b89fe8b@group-55916863EB15: changes role from  FOLLOWER to CANDIDATE at term 0 for changeToCandidate
2023-01-13 04:28:24,970 [765a3633-7eac-4889-b9cb-33342b89fe8b@group-55916863EB15-FollowerState] INFO  server.RaftServerConfigKeys (ConfUtils.java:logGet(46)) - raft.server.leaderelection.pre-vote = false (custom)
2023-01-13 04:28:24,970 [765a3633-7eac-4889-b9cb-33342b89fe8b@group-55916863EB15-FollowerState] INFO  impl.RoleInfo (RoleInfo.java:updateAndGet(139)) - 765a3633-7eac-4889-b9cb-33342b89fe8b: start 765a3633-7eac-4889-b9cb-33342b89fe8b@group-55916863EB15-LeaderElection9
2023-01-13 04:28:24,991 [765a3633-7eac-4889-b9cb-33342b89fe8b@group-55916863EB15-LeaderElection9] INFO  impl.LeaderElection (LeaderElection.java:askForVotes(312)) - 765a3633-7eac-4889-b9cb-33342b89fe8b@group-55916863EB15-LeaderElection9 ELECTION round 0: submit vote requests at term 1 for -1: peers:[765a3633-7eac-4889-b9cb-33342b89fe8b|rpc:10.1.0.110:33437|dataStream:10.1.0.110:45775|priority:1|startupRole:FOLLOWER]|listeners:[], old=null
2023-01-13 04:28:24,991 [765a3633-7eac-4889-b9cb-33342b89fe8b@group-55916863EB15-LeaderElection9] INFO  impl.LeaderElection (LeaderElection.java:askForVotes(314)) - 765a3633-7eac-4889-b9cb-33342b89fe8b@group-55916863EB15-LeaderElection9 ELECTION round 0: result PASSED (term=1)
2023-01-13 04:28:24,991 [765a3633-7eac-4889-b9cb-33342b89fe8b@group-55916863EB15-LeaderElection9] INFO  impl.RoleInfo (RoleInfo.java:shutdownLeaderElection(130)) - 765a3633-7eac-4889-b9cb-33342b89fe8b: shutdown 765a3633-7eac-4889-b9cb-33342b89fe8b@group-55916863EB15-LeaderElection9
2023-01-13 04:28:24,991 [765a3633-7eac-4889-b9cb-33342b89fe8b@group-55916863EB15-LeaderElection9] INFO  server.RaftServer$Division (RaftServerImpl.java:setRole(321)) - 765a3633-7eac-4889-b9cb-33342b89fe8b@group-55916863EB15: changes role from CANDIDATE to LEADER at term 1 for changeToLeader
2023-01-13 04:28:24,991 [765a3633-7eac-4889-b9cb-33342b89fe8b@group-55916863EB15-LeaderElection9] INFO  ratis.XceiverServerRatis (XceiverServerRatis.java:handleLeaderChangedNotification(904)) - Leader change notification received for group: group-55916863EB15 with new leaderId: 765a3633-7eac-4889-b9cb-33342b89fe8b
2023-01-13 04:28:24,993 [765a3633-7eac-4889-b9cb-33342b89fe8b@group-55916863EB15-LeaderElection9] INFO  server.RaftServer$Division (ServerState.java:setLeader(313)) - 765a3633-7eac-4889-b9cb-33342b89fe8b@group-55916863EB15: change Leader from null to 765a3633-7eac-4889-b9cb-33342b89fe8b at term 1 for becomeLeader, leader elected after 5240ms
2023-01-13 04:28:24,993 [765a3633-7eac-4889-b9cb-33342b89fe8b@group-55916863EB15-LeaderElection9] INFO  server.RaftServerConfigKeys (ConfUtils.java:logGet(46)) - raft.server.staging.catchup.gap = 1000 (default)
2023-01-13 04:28:24,993 [765a3633-7eac-4889-b9cb-33342b89fe8b@group-55916863EB15-LeaderElection9] INFO  server.RaftServerConfigKeys (ConfUtils.java:logGet(46)) - raft.server.write.element-limit = 1024 (custom)
2023-01-13 04:28:24,994 [fceb8dc7-545e-48fb-8d31-09847688438f-server-thread1] INFO  ratis.XceiverServerRatis (XceiverServerRatis.java:handleLeaderChangedNotification(904)) - Leader change notification received for group: group-A7188787C679 with new leaderId: 765a3633-7eac-4889-b9cb-33342b89fe8b
2023-01-13 04:28:24,994 [765a3633-7eac-4889-b9cb-33342b89fe8b@group-55916863EB15-LeaderElection9] INFO  server.RaftServerConfigKeys (ConfUtils.java:logGet(46)) - raft.server.write.byte-limit = 1024 M (=1073741824) (custom)
2023-01-13 04:28:24,995 [765a3633-7eac-4889-b9cb-33342b89fe8b@group-55916863EB15-LeaderElection9] INFO  server.RaftServerConfigKeys (ConfUtils.java:logGet(46)) - raft.server.watch.timeout = 180s (custom)
2023-01-13 04:28:24,995 [765a3633-7eac-4889-b9cb-33342b89fe8b@group-55916863EB15-LeaderElection9] INFO  server.RaftServerConfigKeys (ConfUtils.java:logGet(46)) - raft.server.watch.timeout.denomination = 1s (default)
2023-01-13 04:28:24,995 [765a3633-7eac-4889-b9cb-33342b89fe8b@group-55916863EB15-LeaderElection9] INFO  server.RaftServerConfigKeys (ConfUtils.java:logGet(46)) - raft.server.watch.element-limit = 65536 (default)
2023-01-13 04:28:24,995 [765a3633-7eac-4889-b9cb-33342b89fe8b@group-55916863EB15-LeaderElection9] INFO  server.RaftServerConfigKeys (ConfUtils.java:logGet(46)) - raft.server.write.element-limit = 1024 (custom)
2023-01-13 04:28:24,995 [765a3633-7eac-4889-b9cb-33342b89fe8b@group-55916863EB15-LeaderElection9] INFO  server.RaftServerConfigKeys (ConfUtils.java:logGet(46)) - raft.server.write.follower.gap.ratio.max = -1.0 (default)
2023-01-13 04:28:24,995 [fceb8dc7-545e-48fb-8d31-09847688438f-server-thread1] INFO  server.RaftServer$Division (ServerState.java:setLeader(313)) - fceb8dc7-545e-48fb-8d31-09847688438f@group-A7188787C679: change Leader from null to 765a3633-7eac-4889-b9cb-33342b89fe8b at term 1 for appendEntries, leader elected after 5088ms
2023-01-13 04:28:24,996 [765a3633-7eac-4889-b9cb-33342b89fe8b@group-55916863EB15-LeaderElection9] INFO  impl.RoleInfo (RoleInfo.java:updateAndGet(139)) - 765a3633-7eac-4889-b9cb-33342b89fe8b: start 765a3633-7eac-4889-b9cb-33342b89fe8b@group-55916863EB15-LeaderStateImpl
2023-01-13 04:28:24,996 [765a3633-7eac-4889-b9cb-33342b89fe8b@group-55916863EB15-LeaderElection9] INFO  segmented.SegmentedRaftLogWorker (SegmentedRaftLogWorker.java:startLogSegment(452)) - 765a3633-7eac-4889-b9cb-33342b89fe8b@group-55916863EB15-SegmentedRaftLogWorker: Starting segment from index:0
2023-01-13 04:28:24,995 [b8861190-fee9-46f5-9d16-9ca5f82f4eb4-server-thread1] INFO  ratis.XceiverServerRatis (XceiverServerRatis.java:handleLeaderChangedNotification(904)) - Leader change notification received for group: group-A7188787C679 with new leaderId: 765a3633-7eac-4889-b9cb-33342b89fe8b
2023-01-13 04:28:24,997 [b8861190-fee9-46f5-9d16-9ca5f82f4eb4-server-thread1] INFO  server.RaftServer$Division (ServerState.java:setLeader(313)) - b8861190-fee9-46f5-9d16-9ca5f82f4eb4@group-A7188787C679: change Leader from null to 765a3633-7eac-4889-b9cb-33342b89fe8b at term 1 for appendEntries, leader elected after 4968ms
2023-01-13 04:28:24,998 [765a3633-7eac-4889-b9cb-33342b89fe8b@group-55916863EB15-SegmentedRaftLogWorker] INFO  segmented.SegmentedRaftLogWorker (SegmentedRaftLogWorker.java:execute(656)) - 765a3633-7eac-4889-b9cb-33342b89fe8b@group-55916863EB15-SegmentedRaftLogWorker: created new log segment /home/runner/work/ozone/ozone/hadoop-ozone/integration-test/target/test-dir/MiniOzoneClusterImpl-cf27e86b-a5d2-4d86-a5ef-f90d19c9ea90/datanode-3/data/ratis/767f2151-e212-4d79-95c4-55916863eb15/current/log_inprogress_0
2023-01-13 04:28:25,010 [fceb8dc7-545e-48fb-8d31-09847688438f-server-thread2] INFO  server.RaftServer$Division (ServerState.java:setRaftConf(430)) - fceb8dc7-545e-48fb-8d31-09847688438f@group-A7188787C679: set configuration 0: peers:[765a3633-7eac-4889-b9cb-33342b89fe8b|rpc:10.1.0.110:33437|dataStream:10.1.0.110:45775|priority:1|startupRole:FOLLOWER, b8861190-fee9-46f5-9d16-9ca5f82f4eb4|rpc:10.1.0.110:37787|dataStream:10.1.0.110:42169|priority:0|startupRole:FOLLOWER, fceb8dc7-545e-48fb-8d31-09847688438f|rpc:10.1.0.110:41373|dataStream:10.1.0.110:43423|priority:0|startupRole:FOLLOWER]|listeners:[], old=null
2023-01-13 04:28:25,011 [fceb8dc7-545e-48fb-8d31-09847688438f-server-thread2] INFO  segmented.SegmentedRaftLogWorker (SegmentedRaftLogWorker.java:startLogSegment(452)) - fceb8dc7-545e-48fb-8d31-09847688438f@group-A7188787C679-SegmentedRaftLogWorker: Starting segment from index:0
2023-01-13 04:28:25,011 [b8861190-fee9-46f5-9d16-9ca5f82f4eb4-server-thread2] INFO  server.RaftServer$Division (ServerState.java:setRaftConf(430)) - b8861190-fee9-46f5-9d16-9ca5f82f4eb4@group-A7188787C679: set configuration 0: peers:[765a3633-7eac-4889-b9cb-33342b89fe8b|rpc:10.1.0.110:33437|dataStream:10.1.0.110:45775|priority:1|startupRole:FOLLOWER, b8861190-fee9-46f5-9d16-9ca5f82f4eb4|rpc:10.1.0.110:37787|dataStream:10.1.0.110:42169|priority:0|startupRole:FOLLOWER, fceb8dc7-545e-48fb-8d31-09847688438f|rpc:10.1.0.110:41373|dataStream:10.1.0.110:43423|priority:0|startupRole:FOLLOWER]|listeners:[], old=null
2023-01-13 04:28:25,014 [b8861190-fee9-46f5-9d16-9ca5f82f4eb4-server-thread2] INFO  segmented.SegmentedRaftLogWorker (SegmentedRaftLogWorker.java:startLogSegment(452)) - b8861190-fee9-46f5-9d16-9ca5f82f4eb4@group-A7188787C679-SegmentedRaftLogWorker: Starting segment from index:0
2023-01-13 04:28:25,016 [fceb8dc7-545e-48fb-8d31-09847688438f@group-A7188787C679-SegmentedRaftLogWorker] INFO  segmented.SegmentedRaftLogWorker (SegmentedRaftLogWorker.java:execute(656)) - fceb8dc7-545e-48fb-8d31-09847688438f@group-A7188787C679-SegmentedRaftLogWorker: created new log segment /home/runner/work/ozone/ozone/hadoop-ozone/integration-test/target/test-dir/MiniOzoneClusterImpl-cf27e86b-a5d2-4d86-a5ef-f90d19c9ea90/datanode-4/data/ratis/8030f97e-fd6c-41ef-86a1-a7188787c679/current/log_inprogress_0
2023-01-13 04:28:25,016 [765a3633-7eac-4889-b9cb-33342b89fe8b@group-55916863EB15-LeaderElection9] INFO  server.RaftServer$Division (ServerState.java:setRaftConf(430)) - 765a3633-7eac-4889-b9cb-33342b89fe8b@group-55916863EB15: set configuration 0: peers:[765a3633-7eac-4889-b9cb-33342b89fe8b|rpc:10.1.0.110:33437|dataStream:10.1.0.110:45775|priority:1|startupRole:FOLLOWER]|listeners:[], old=null
2023-01-13 04:28:25,018 [b8861190-fee9-46f5-9d16-9ca5f82f4eb4@group-A7188787C679-SegmentedRaftLogWorker] INFO  segmented.SegmentedRaftLogWorker (SegmentedRaftLogWorker.java:execute(656)) - b8861190-fee9-46f5-9d16-9ca5f82f4eb4@group-A7188787C679-SegmentedRaftLogWorker: created new log segment /home/runner/work/ozone/ozone/hadoop-ozone/integration-test/target/test-dir/MiniOzoneClusterImpl-cf27e86b-a5d2-4d86-a5ef-f90d19c9ea90/datanode-5/data/ratis/8030f97e-fd6c-41ef-86a1-a7188787c679/current/log_inprogress_0
2023-01-13 04:28:25,021 [Listener at 127.0.0.1/39893] INFO  ozone.MiniOzoneClusterImpl (MiniOzoneClusterImpl.java:lambda$waitForClusterToBeReady$0(218)) - Nodes are ready. Got 7 of 7 DN Heartbeats.
2023-01-13 04:28:25,021 [Listener at 127.0.0.1/39893] INFO  ozone.MiniOzoneClusterImpl (MiniOzoneClusterImpl.java:lambda$waitForClusterToBeReady$0(221)) - Cluster exits safe mode
2023-01-13 04:28:25,022 [Listener at 127.0.0.1/39893] INFO  ozone.MiniOzoneClusterImpl (MiniOzoneClusterImpl.java:lambda$waitForClusterToBeReady$0(223)) - SCM became leader
2023-01-13 04:28:25,062 [fceb8dc7-545e-48fb-8d31-09847688438f@group-93818047D4BB-FollowerState] INFO  impl.FollowerState (FollowerState.java:run(143)) - fceb8dc7-545e-48fb-8d31-09847688438f@group-93818047D4BB-FollowerState: change to CANDIDATE, lastRpcElapsedTime:5050152816ns, electionTimeout:5049ms
2023-01-13 04:28:25,062 [fceb8dc7-545e-48fb-8d31-09847688438f@group-93818047D4BB-FollowerState] INFO  impl.RoleInfo (RoleInfo.java:shutdownFollowerState(110)) - fceb8dc7-545e-48fb-8d31-09847688438f: shutdown fceb8dc7-545e-48fb-8d31-09847688438f@group-93818047D4BB-FollowerState
2023-01-13 04:28:25,063 [fceb8dc7-545e-48fb-8d31-09847688438f@group-93818047D4BB-FollowerState] INFO  server.RaftServer$Division (RaftServerImpl.java:setRole(321)) - fceb8dc7-545e-48fb-8d31-09847688438f@group-93818047D4BB: changes role from  FOLLOWER to CANDIDATE at term 0 for changeToCandidate
2023-01-13 04:28:25,063 [fceb8dc7-545e-48fb-8d31-09847688438f@group-93818047D4BB-FollowerState] INFO  server.RaftServerConfigKeys (ConfUtils.java:logGet(46)) - raft.server.leaderelection.pre-vote = false (custom)
2023-01-13 04:28:25,063 [fceb8dc7-545e-48fb-8d31-09847688438f@group-93818047D4BB-FollowerState] INFO  impl.RoleInfo (RoleInfo.java:updateAndGet(139)) - fceb8dc7-545e-48fb-8d31-09847688438f: start fceb8dc7-545e-48fb-8d31-09847688438f@group-93818047D4BB-LeaderElection10
2023-01-13 04:28:25,072 [fceb8dc7-545e-48fb-8d31-09847688438f@group-93818047D4BB-LeaderElection10] INFO  impl.LeaderElection (LeaderElection.java:askForVotes(312)) - fceb8dc7-545e-48fb-8d31-09847688438f@group-93818047D4BB-LeaderElection10 ELECTION round 0: submit vote requests at term 1 for -1: peers:[765a3633-7eac-4889-b9cb-33342b89fe8b|rpc:10.1.0.110:33437|dataStream:10.1.0.110:45775|priority:0|startupRole:FOLLOWER, b8861190-fee9-46f5-9d16-9ca5f82f4eb4|rpc:10.1.0.110:37787|dataStream:10.1.0.110:42169|priority:1|startupRole:FOLLOWER, fceb8dc7-545e-48fb-8d31-09847688438f|rpc:10.1.0.110:41373|dataStream:10.1.0.110:43423|priority:0|startupRole:FOLLOWER]|listeners:[], old=null
2023-01-13 04:28:25,078 [fceb8dc7-545e-48fb-8d31-09847688438f@group-93818047D4BB-LeaderElection10-1] INFO  server.GrpcServerProtocolClient (GrpcServerProtocolClient.java:<init>(63)) - Build channel for 765a3633-7eac-4889-b9cb-33342b89fe8b
2023-01-13 04:28:25,080 [fceb8dc7-545e-48fb-8d31-09847688438f@group-AFFDEC1AF423-FollowerState] INFO  impl.FollowerState (FollowerState.java:run(143)) - fceb8dc7-545e-48fb-8d31-09847688438f@group-AFFDEC1AF423-FollowerState: change to CANDIDATE, lastRpcElapsedTime:5100377439ns, electionTimeout:5099ms
2023-01-13 04:28:25,080 [fceb8dc7-545e-48fb-8d31-09847688438f@group-AFFDEC1AF423-FollowerState] INFO  impl.RoleInfo (RoleInfo.java:shutdownFollowerState(110)) - fceb8dc7-545e-48fb-8d31-09847688438f: shutdown fceb8dc7-545e-48fb-8d31-09847688438f@group-AFFDEC1AF423-FollowerState
2023-01-13 04:28:25,080 [fceb8dc7-545e-48fb-8d31-09847688438f@group-AFFDEC1AF423-FollowerState] INFO  server.RaftServer$Division (RaftServerImpl.java:setRole(321)) - fceb8dc7-545e-48fb-8d31-09847688438f@group-AFFDEC1AF423: changes role from  FOLLOWER to CANDIDATE at term 0 for changeToCandidate
2023-01-13 04:28:25,086 [fceb8dc7-545e-48fb-8d31-09847688438f@group-93818047D4BB-LeaderElection10] INFO  server.RaftServerConfigKeys (ConfUtils.java:logFallback(53)) - raft.server.rpc.first-election.timeout.min = 5s (fallback to raft.server.rpc.timeout.min)
2023-01-13 04:28:25,086 [fceb8dc7-545e-48fb-8d31-09847688438f@group-93818047D4BB-LeaderElection10] INFO  server.RaftServerConfigKeys (ConfUtils.java:logFallback(53)) - raft.server.rpc.first-election.timeout.max = 5200ms (fallback to raft.server.rpc.timeout.max)
2023-01-13 04:28:25,086 [fceb8dc7-545e-48fb-8d31-09847688438f@group-93818047D4BB-LeaderElection10-2] INFO  server.GrpcServerProtocolClient (GrpcServerProtocolClient.java:<init>(63)) - Build channel for b8861190-fee9-46f5-9d16-9ca5f82f4eb4
2023-01-13 04:28:25,086 [fceb8dc7-545e-48fb-8d31-09847688438f@group-AFFDEC1AF423-FollowerState] INFO  server.RaftServerConfigKeys (ConfUtils.java:logGet(46)) - raft.server.leaderelection.pre-vote = false (custom)
2023-01-13 04:28:25,086 [fceb8dc7-545e-48fb-8d31-09847688438f@group-AFFDEC1AF423-FollowerState] INFO  impl.RoleInfo (RoleInfo.java:updateAndGet(139)) - fceb8dc7-545e-48fb-8d31-09847688438f: start fceb8dc7-545e-48fb-8d31-09847688438f@group-AFFDEC1AF423-LeaderElection11
2023-01-13 04:28:25,101 [b8861190-fee9-46f5-9d16-9ca5f82f4eb4@group-93818047D4BB-FollowerState] INFO  impl.FollowerState (FollowerState.java:run(143)) - b8861190-fee9-46f5-9d16-9ca5f82f4eb4@group-93818047D4BB-FollowerState: change to CANDIDATE, lastRpcElapsedTime:5036016676ns, electionTimeout:5028ms
2023-01-13 04:28:25,101 [b8861190-fee9-46f5-9d16-9ca5f82f4eb4@group-93818047D4BB-FollowerState] INFO  impl.RoleInfo (RoleInfo.java:shutdownFollowerState(110)) - b8861190-fee9-46f5-9d16-9ca5f82f4eb4: shutdown b8861190-fee9-46f5-9d16-9ca5f82f4eb4@group-93818047D4BB-FollowerState
2023-01-13 04:28:25,101 [b8861190-fee9-46f5-9d16-9ca5f82f4eb4@group-93818047D4BB-FollowerState] INFO  server.RaftServer$Division (RaftServerImpl.java:setRole(321)) - b8861190-fee9-46f5-9d16-9ca5f82f4eb4@group-93818047D4BB: changes role from  FOLLOWER to CANDIDATE at term 0 for changeToCandidate
2023-01-13 04:28:25,101 [b8861190-fee9-46f5-9d16-9ca5f82f4eb4@group-93818047D4BB-FollowerState] INFO  server.RaftServerConfigKeys (ConfUtils.java:logGet(46)) - raft.server.leaderelection.pre-vote = false (custom)
2023-01-13 04:28:25,101 [b8861190-fee9-46f5-9d16-9ca5f82f4eb4@group-93818047D4BB-FollowerState] INFO  impl.RoleInfo (RoleInfo.java:updateAndGet(139)) - b8861190-fee9-46f5-9d16-9ca5f82f4eb4: start b8861190-fee9-46f5-9d16-9ca5f82f4eb4@group-93818047D4BB-LeaderElection12
2023-01-13 04:28:25,111 [grpc-default-executor-1] INFO  server.RaftServer$Division (RaftServerImpl.java:requestVote(1218)) - 765a3633-7eac-4889-b9cb-33342b89fe8b@group-93818047D4BB: receive requestVote(ELECTION, fceb8dc7-545e-48fb-8d31-09847688438f, group-93818047D4BB, 1, (t:0, i:0))
2023-01-13 04:28:25,111 [grpc-default-executor-1] INFO  impl.VoteContext (VoteContext.java:log(49)) - 765a3633-7eac-4889-b9cb-33342b89fe8b@group-93818047D4BB-FOLLOWER: accept ELECTION from fceb8dc7-545e-48fb-8d31-09847688438f: our priority 0 <= candidate's priority 0
2023-01-13 04:28:25,111 [grpc-default-executor-1] INFO  server.RaftServer$Division (RaftServerImpl.java:setRole(321)) - 765a3633-7eac-4889-b9cb-33342b89fe8b@group-93818047D4BB: changes role from  FOLLOWER to FOLLOWER at term 1 for candidate:fceb8dc7-545e-48fb-8d31-09847688438f
2023-01-13 04:28:25,111 [grpc-default-executor-1] INFO  impl.RoleInfo (RoleInfo.java:shutdownFollowerState(110)) - 765a3633-7eac-4889-b9cb-33342b89fe8b: shutdown 765a3633-7eac-4889-b9cb-33342b89fe8b@group-93818047D4BB-FollowerState
2023-01-13 04:28:25,111 [grpc-default-executor-1] INFO  impl.RoleInfo (RoleInfo.java:updateAndGet(139)) - 765a3633-7eac-4889-b9cb-33342b89fe8b: start 765a3633-7eac-4889-b9cb-33342b89fe8b@group-93818047D4BB-FollowerState
2023-01-13 04:28:25,111 [grpc-default-executor-2] INFO  server.RaftServer$Division (RaftServerImpl.java:requestVote(1218)) - b8861190-fee9-46f5-9d16-9ca5f82f4eb4@group-93818047D4BB: receive requestVote(ELECTION, fceb8dc7-545e-48fb-8d31-09847688438f, group-93818047D4BB, 1, (t:0, i:0))
2023-01-13 04:28:25,111 [765a3633-7eac-4889-b9cb-33342b89fe8b@group-93818047D4BB-FollowerState] INFO  impl.FollowerState (FollowerState.java:run(152)) - 765a3633-7eac-4889-b9cb-33342b89fe8b@group-93818047D4BB-FollowerState was interrupted
2023-01-13 04:28:25,112 [fceb8dc7-545e-48fb-8d31-09847688438f@group-AFFDEC1AF423-LeaderElection11] INFO  impl.LeaderElection (LeaderElection.java:askForVotes(312)) - fceb8dc7-545e-48fb-8d31-09847688438f@group-AFFDEC1AF423-LeaderElection11 ELECTION round 0: submit vote requests at term 1 for -1: peers:[fceb8dc7-545e-48fb-8d31-09847688438f|rpc:10.1.0.110:41373|dataStream:10.1.0.110:43423|priority:1|startupRole:FOLLOWER]|listeners:[], old=null
2023-01-13 04:28:25,112 [fceb8dc7-545e-48fb-8d31-09847688438f@group-AFFDEC1AF423-LeaderElection11] INFO  impl.LeaderElection (LeaderElection.java:askForVotes(314)) - fceb8dc7-545e-48fb-8d31-09847688438f@group-AFFDEC1AF423-LeaderElection11 ELECTION round 0: result PASSED (term=1)
2023-01-13 04:28:25,112 [fceb8dc7-545e-48fb-8d31-09847688438f@group-AFFDEC1AF423-LeaderElection11] INFO  impl.RoleInfo (RoleInfo.java:shutdownLeaderElection(130)) - fceb8dc7-545e-48fb-8d31-09847688438f: shutdown fceb8dc7-545e-48fb-8d31-09847688438f@group-AFFDEC1AF423-LeaderElection11
2023-01-13 04:28:25,112 [fceb8dc7-545e-48fb-8d31-09847688438f@group-AFFDEC1AF423-LeaderElection11] INFO  server.RaftServer$Division (RaftServerImpl.java:setRole(321)) - fceb8dc7-545e-48fb-8d31-09847688438f@group-AFFDEC1AF423: changes role from CANDIDATE to LEADER at term 1 for changeToLeader
2023-01-13 04:28:25,112 [fceb8dc7-545e-48fb-8d31-09847688438f@group-AFFDEC1AF423-LeaderElection11] INFO  ratis.XceiverServerRatis (XceiverServerRatis.java:handleLeaderChangedNotification(904)) - Leader change notification received for group: group-AFFDEC1AF423 with new leaderId: fceb8dc7-545e-48fb-8d31-09847688438f
2023-01-13 04:28:25,113 [fceb8dc7-545e-48fb-8d31-09847688438f@group-AFFDEC1AF423-LeaderElection11] INFO  server.RaftServer$Division (ServerState.java:setLeader(313)) - fceb8dc7-545e-48fb-8d31-09847688438f@group-AFFDEC1AF423: change Leader from null to fceb8dc7-545e-48fb-8d31-09847688438f at term 1 for becomeLeader, leader elected after 5160ms
2023-01-13 04:28:25,113 [grpc-default-executor-1] INFO  server.RaftServer$Division (RaftServerImpl.java:requestVote(1251)) - 765a3633-7eac-4889-b9cb-33342b89fe8b@group-93818047D4BB replies to ELECTION vote request: fceb8dc7-545e-48fb-8d31-09847688438f<-765a3633-7eac-4889-b9cb-33342b89fe8b#0:OK-t1. Peer's state: 765a3633-7eac-4889-b9cb-33342b89fe8b@group-93818047D4BB:t1, leader=null, voted=fceb8dc7-545e-48fb-8d31-09847688438f, raftlog=Memoized:765a3633-7eac-4889-b9cb-33342b89fe8b@group-93818047D4BB-SegmentedRaftLog:OPENED:c-1, conf=-1: peers:[765a3633-7eac-4889-b9cb-33342b89fe8b|rpc:10.1.0.110:33437|dataStream:10.1.0.110:45775|priority:0|startupRole:FOLLOWER, b8861190-fee9-46f5-9d16-9ca5f82f4eb4|rpc:10.1.0.110:37787|dataStream:10.1.0.110:42169|priority:1|startupRole:FOLLOWER, fceb8dc7-545e-48fb-8d31-09847688438f|rpc:10.1.0.110:41373|dataStream:10.1.0.110:43423|priority:0|startupRole:FOLLOWER]|listeners:[], old=null
2023-01-13 04:28:25,113 [fceb8dc7-545e-48fb-8d31-09847688438f@group-AFFDEC1AF423-LeaderElection11] INFO  server.RaftServerConfigKeys (ConfUtils.java:logGet(46)) - raft.server.staging.catchup.gap = 1000 (default)
2023-01-13 04:28:25,114 [fceb8dc7-545e-48fb-8d31-09847688438f@group-AFFDEC1AF423-LeaderElection11] INFO  server.RaftServerConfigKeys (ConfUtils.java:logGet(46)) - raft.server.write.element-limit = 1024 (custom)
2023-01-13 04:28:25,114 [fceb8dc7-545e-48fb-8d31-09847688438f@group-AFFDEC1AF423-LeaderElection11] INFO  server.RaftServerConfigKeys (ConfUtils.java:logGet(46)) - raft.server.write.byte-limit = 1024 M (=1073741824) (custom)
2023-01-13 04:28:25,114 [fceb8dc7-545e-48fb-8d31-09847688438f@group-AFFDEC1AF423-LeaderElection11] INFO  server.RaftServerConfigKeys (ConfUtils.java:logGet(46)) - raft.server.watch.timeout = 180s (custom)
2023-01-13 04:28:25,115 [fceb8dc7-545e-48fb-8d31-09847688438f@group-AFFDEC1AF423-LeaderElection11] INFO  server.RaftServerConfigKeys (ConfUtils.java:logGet(46)) - raft.server.watch.timeout.denomination = 1s (default)
2023-01-13 04:28:25,115 [fceb8dc7-545e-48fb-8d31-09847688438f@group-AFFDEC1AF423-LeaderElection11] INFO  server.RaftServerConfigKeys (ConfUtils.java:logGet(46)) - raft.server.watch.element-limit = 65536 (default)
2023-01-13 04:28:25,115 [fceb8dc7-545e-48fb-8d31-09847688438f@group-AFFDEC1AF423-LeaderElection11] INFO  server.RaftServerConfigKeys (ConfUtils.java:logGet(46)) - raft.server.write.element-limit = 1024 (custom)
2023-01-13 04:28:25,115 [fceb8dc7-545e-48fb-8d31-09847688438f@group-AFFDEC1AF423-LeaderElection11] INFO  server.RaftServerConfigKeys (ConfUtils.java:logGet(46)) - raft.server.write.follower.gap.ratio.max = -1.0 (default)
2023-01-13 04:28:25,115 [fceb8dc7-545e-48fb-8d31-09847688438f@group-AFFDEC1AF423-LeaderElection11] INFO  impl.RoleInfo (RoleInfo.java:updateAndGet(139)) - fceb8dc7-545e-48fb-8d31-09847688438f: start fceb8dc7-545e-48fb-8d31-09847688438f@group-AFFDEC1AF423-LeaderStateImpl
2023-01-13 04:28:25,115 [fceb8dc7-545e-48fb-8d31-09847688438f@group-AFFDEC1AF423-LeaderElection11] INFO  segmented.SegmentedRaftLogWorker (SegmentedRaftLogWorker.java:startLogSegment(452)) - fceb8dc7-545e-48fb-8d31-09847688438f@group-AFFDEC1AF423-SegmentedRaftLogWorker: Starting segment from index:0
2023-01-13 04:28:25,116 [765a3633-7eac-4889-b9cb-33342b89fe8b@group-93818047D4BB-FollowerState] INFO  server.RaftServerConfigKeys (ConfUtils.java:logFallback(53)) - raft.server.rpc.first-election.timeout.min = 5s (fallback to raft.server.rpc.timeout.min)
2023-01-13 04:28:25,116 [765a3633-7eac-4889-b9cb-33342b89fe8b@group-93818047D4BB-FollowerState] INFO  server.RaftServerConfigKeys (ConfUtils.java:logFallback(53)) - raft.server.rpc.first-election.timeout.max = 5200ms (fallback to raft.server.rpc.timeout.max)
2023-01-13 04:28:25,117 [grpc-default-executor-2] INFO  impl.VoteContext (VoteContext.java:log(49)) - b8861190-fee9-46f5-9d16-9ca5f82f4eb4@group-93818047D4BB-CANDIDATE: reject ELECTION from fceb8dc7-545e-48fb-8d31-09847688438f: our priority 1 > candidate's priority 0
2023-01-13 04:28:25,117 [grpc-default-executor-2] INFO  server.RaftServer$Division (RaftServerImpl.java:setRole(321)) - b8861190-fee9-46f5-9d16-9ca5f82f4eb4@group-93818047D4BB: changes role from CANDIDATE to FOLLOWER at term 1 for candidate:fceb8dc7-545e-48fb-8d31-09847688438f
2023-01-13 04:28:25,117 [grpc-default-executor-2] INFO  impl.RoleInfo (RoleInfo.java:shutdownLeaderElection(130)) - b8861190-fee9-46f5-9d16-9ca5f82f4eb4: shutdown b8861190-fee9-46f5-9d16-9ca5f82f4eb4@group-93818047D4BB-LeaderElection12
2023-01-13 04:28:25,122 [fceb8dc7-545e-48fb-8d31-09847688438f@group-AFFDEC1AF423-LeaderElection11] INFO  server.RaftServer$Division (ServerState.java:setRaftConf(430)) - fceb8dc7-545e-48fb-8d31-09847688438f@group-AFFDEC1AF423: set configuration 0: peers:[fceb8dc7-545e-48fb-8d31-09847688438f|rpc:10.1.0.110:41373|dataStream:10.1.0.110:43423|priority:1|startupRole:FOLLOWER]|listeners:[], old=null
2023-01-13 04:28:25,127 [fceb8dc7-545e-48fb-8d31-09847688438f@group-AFFDEC1AF423-SegmentedRaftLogWorker] INFO  segmented.SegmentedRaftLogWorker (SegmentedRaftLogWorker.java:execute(656)) - fceb8dc7-545e-48fb-8d31-09847688438f@group-AFFDEC1AF423-SegmentedRaftLogWorker: created new log segment /home/runner/work/ozone/ozone/hadoop-ozone/integration-test/target/test-dir/MiniOzoneClusterImpl-cf27e86b-a5d2-4d86-a5ef-f90d19c9ea90/datanode-4/data/ratis/b3175946-f169-4556-b072-affdec1af423/current/log_inprogress_0
2023-01-13 04:28:25,128 [grpc-default-executor-2] INFO  impl.RoleInfo (RoleInfo.java:updateAndGet(139)) - b8861190-fee9-46f5-9d16-9ca5f82f4eb4: start b8861190-fee9-46f5-9d16-9ca5f82f4eb4@group-93818047D4BB-FollowerState
2023-01-13 04:28:25,130 [grpc-default-executor-2] INFO  server.RaftServer$Division (RaftServerImpl.java:requestVote(1251)) - b8861190-fee9-46f5-9d16-9ca5f82f4eb4@group-93818047D4BB replies to ELECTION vote request: fceb8dc7-545e-48fb-8d31-09847688438f<-b8861190-fee9-46f5-9d16-9ca5f82f4eb4#0:FAIL-t1. Peer's state: b8861190-fee9-46f5-9d16-9ca5f82f4eb4@group-93818047D4BB:t1, leader=null, voted=null, raftlog=Memoized:b8861190-fee9-46f5-9d16-9ca5f82f4eb4@group-93818047D4BB-SegmentedRaftLog:OPENED:c-1, conf=-1: peers:[765a3633-7eac-4889-b9cb-33342b89fe8b|rpc:10.1.0.110:33437|dataStream:10.1.0.110:45775|priority:0|startupRole:FOLLOWER, b8861190-fee9-46f5-9d16-9ca5f82f4eb4|rpc:10.1.0.110:37787|dataStream:10.1.0.110:42169|priority:1|startupRole:FOLLOWER, fceb8dc7-545e-48fb-8d31-09847688438f|rpc:10.1.0.110:41373|dataStream:10.1.0.110:43423|priority:0|startupRole:FOLLOWER]|listeners:[], old=null
2023-01-13 04:28:25,135 [fceb8dc7-545e-48fb-8d31-09847688438f@group-93818047D4BB-LeaderElection10] INFO  impl.LeaderElection (LeaderElection.java:logAndReturn(90)) - fceb8dc7-545e-48fb-8d31-09847688438f@group-93818047D4BB-LeaderElection10: ELECTION REJECTED received 2 response(s) and 0 exception(s):
2023-01-13 04:28:25,135 [fceb8dc7-545e-48fb-8d31-09847688438f@group-93818047D4BB-LeaderElection10] INFO  impl.LeaderElection (LeaderElection.java:logAndReturn(94)) -   Response 0: fceb8dc7-545e-48fb-8d31-09847688438f<-765a3633-7eac-4889-b9cb-33342b89fe8b#0:OK-t1
2023-01-13 04:28:25,135 [fceb8dc7-545e-48fb-8d31-09847688438f@group-93818047D4BB-LeaderElection10] INFO  impl.LeaderElection (LeaderElection.java:logAndReturn(94)) -   Response 1: fceb8dc7-545e-48fb-8d31-09847688438f<-b8861190-fee9-46f5-9d16-9ca5f82f4eb4#0:FAIL-t1
2023-01-13 04:28:25,135 [fceb8dc7-545e-48fb-8d31-09847688438f@group-93818047D4BB-LeaderElection10] INFO  impl.LeaderElection (LeaderElection.java:askForVotes(314)) - fceb8dc7-545e-48fb-8d31-09847688438f@group-93818047D4BB-LeaderElection10 ELECTION round 0: result REJECTED
2023-01-13 04:28:25,135 [fceb8dc7-545e-48fb-8d31-09847688438f@group-93818047D4BB-LeaderElection10] INFO  server.RaftServer$Division (RaftServerImpl.java:setRole(321)) - fceb8dc7-545e-48fb-8d31-09847688438f@group-93818047D4BB: changes role from CANDIDATE to FOLLOWER at term 1 for REJECTED
2023-01-13 04:28:25,135 [fceb8dc7-545e-48fb-8d31-09847688438f@group-93818047D4BB-LeaderElection10] INFO  impl.RoleInfo (RoleInfo.java:shutdownLeaderElection(130)) - fceb8dc7-545e-48fb-8d31-09847688438f: shutdown fceb8dc7-545e-48fb-8d31-09847688438f@group-93818047D4BB-LeaderElection10
2023-01-13 04:28:25,135 [fceb8dc7-545e-48fb-8d31-09847688438f@group-93818047D4BB-LeaderElection10] INFO  impl.RoleInfo (RoleInfo.java:updateAndGet(139)) - fceb8dc7-545e-48fb-8d31-09847688438f: start fceb8dc7-545e-48fb-8d31-09847688438f@group-93818047D4BB-FollowerState
2023-01-13 04:28:25,151 [b8861190-fee9-46f5-9d16-9ca5f82f4eb4@group-93818047D4BB-FollowerState] INFO  server.RaftServerConfigKeys (ConfUtils.java:logFallback(53)) - raft.server.rpc.first-election.timeout.min = 5s (fallback to raft.server.rpc.timeout.min)
2023-01-13 04:28:25,152 [b8861190-fee9-46f5-9d16-9ca5f82f4eb4@group-93818047D4BB-FollowerState] INFO  server.RaftServerConfigKeys (ConfUtils.java:logFallback(53)) - raft.server.rpc.first-election.timeout.max = 5200ms (fallback to raft.server.rpc.timeout.max)
2023-01-13 04:28:25,151 [fceb8dc7-545e-48fb-8d31-09847688438f@group-93818047D4BB-FollowerState] INFO  server.RaftServerConfigKeys (ConfUtils.java:logFallback(53)) - raft.server.rpc.first-election.timeout.min = 5s (fallback to raft.server.rpc.timeout.min)
2023-01-13 04:28:25,153 [fceb8dc7-545e-48fb-8d31-09847688438f@group-93818047D4BB-FollowerState] INFO  server.RaftServerConfigKeys (ConfUtils.java:logFallback(53)) - raft.server.rpc.first-election.timeout.max = 5200ms (fallback to raft.server.rpc.timeout.max)
2023-01-13 04:28:25,320 [b8861190-fee9-46f5-9d16-9ca5f82f4eb4@group-F2CD7EC02501-FollowerState] INFO  impl.FollowerState (FollowerState.java:run(143)) - b8861190-fee9-46f5-9d16-9ca5f82f4eb4@group-F2CD7EC02501-FollowerState: change to CANDIDATE, lastRpcElapsedTime:5082407121ns, electionTimeout:5081ms
2023-01-13 04:28:25,320 [b8861190-fee9-46f5-9d16-9ca5f82f4eb4@group-F2CD7EC02501-FollowerState] INFO  impl.RoleInfo (RoleInfo.java:shutdownFollowerState(110)) - b8861190-fee9-46f5-9d16-9ca5f82f4eb4: shutdown b8861190-fee9-46f5-9d16-9ca5f82f4eb4@group-F2CD7EC02501-FollowerState
2023-01-13 04:28:25,320 [b8861190-fee9-46f5-9d16-9ca5f82f4eb4@group-F2CD7EC02501-FollowerState] INFO  server.RaftServer$Division (RaftServerImpl.java:setRole(321)) - b8861190-fee9-46f5-9d16-9ca5f82f4eb4@group-F2CD7EC02501: changes role from  FOLLOWER to CANDIDATE at term 0 for changeToCandidate
2023-01-13 04:28:25,320 [b8861190-fee9-46f5-9d16-9ca5f82f4eb4@group-F2CD7EC02501-FollowerState] INFO  server.RaftServerConfigKeys (ConfUtils.java:logGet(46)) - raft.server.leaderelection.pre-vote = false (custom)
2023-01-13 04:28:25,320 [b8861190-fee9-46f5-9d16-9ca5f82f4eb4@group-F2CD7EC02501-FollowerState] INFO  impl.RoleInfo (RoleInfo.java:updateAndGet(139)) - b8861190-fee9-46f5-9d16-9ca5f82f4eb4: start b8861190-fee9-46f5-9d16-9ca5f82f4eb4@group-F2CD7EC02501-LeaderElection13
2023-01-13 04:28:25,325 [b8861190-fee9-46f5-9d16-9ca5f82f4eb4@group-F2CD7EC02501-LeaderElection13] INFO  impl.LeaderElection (LeaderElection.java:askForVotes(312)) - b8861190-fee9-46f5-9d16-9ca5f82f4eb4@group-F2CD7EC02501-LeaderElection13 ELECTION round 0: submit vote requests at term 1 for -1: peers:[b8861190-fee9-46f5-9d16-9ca5f82f4eb4|rpc:10.1.0.110:37787|dataStream:10.1.0.110:42169|priority:1|startupRole:FOLLOWER]|listeners:[], old=null
2023-01-13 04:28:25,325 [b8861190-fee9-46f5-9d16-9ca5f82f4eb4@group-F2CD7EC02501-LeaderElection13] INFO  impl.LeaderElection (LeaderElection.java:askForVotes(314)) - b8861190-fee9-46f5-9d16-9ca5f82f4eb4@group-F2CD7EC02501-LeaderElection13 ELECTION round 0: result PASSED (term=1)
2023-01-13 04:28:25,325 [b8861190-fee9-46f5-9d16-9ca5f82f4eb4@group-F2CD7EC02501-LeaderElection13] INFO  impl.RoleInfo (RoleInfo.java:shutdownLeaderElection(130)) - b8861190-fee9-46f5-9d16-9ca5f82f4eb4: shutdown b8861190-fee9-46f5-9d16-9ca5f82f4eb4@group-F2CD7EC02501-LeaderElection13
2023-01-13 04:28:25,325 [b8861190-fee9-46f5-9d16-9ca5f82f4eb4@group-F2CD7EC02501-LeaderElection13] INFO  server.RaftServer$Division (RaftServerImpl.java:setRole(321)) - b8861190-fee9-46f5-9d16-9ca5f82f4eb4@group-F2CD7EC02501: changes role from CANDIDATE to LEADER at term 1 for changeToLeader
2023-01-13 04:28:25,325 [b8861190-fee9-46f5-9d16-9ca5f82f4eb4@group-F2CD7EC02501-LeaderElection13] INFO  ratis.XceiverServerRatis (XceiverServerRatis.java:handleLeaderChangedNotification(904)) - Leader change notification received for group: group-F2CD7EC02501 with new leaderId: b8861190-fee9-46f5-9d16-9ca5f82f4eb4
2023-01-13 04:28:25,332 [b8861190-fee9-46f5-9d16-9ca5f82f4eb4@group-F2CD7EC02501-LeaderElection13] INFO  server.RaftServer$Division (ServerState.java:setLeader(313)) - b8861190-fee9-46f5-9d16-9ca5f82f4eb4@group-F2CD7EC02501: change Leader from null to b8861190-fee9-46f5-9d16-9ca5f82f4eb4 at term 1 for becomeLeader, leader elected after 5102ms
2023-01-13 04:28:25,332 [b8861190-fee9-46f5-9d16-9ca5f82f4eb4@group-F2CD7EC02501-LeaderElection13] INFO  server.RaftServerConfigKeys (ConfUtils.java:logGet(46)) - raft.server.staging.catchup.gap = 1000 (default)
2023-01-13 04:28:25,337 [b8861190-fee9-46f5-9d16-9ca5f82f4eb4@group-F2CD7EC02501-LeaderElection13] INFO  server.RaftServerConfigKeys (ConfUtils.java:logGet(46)) - raft.server.write.element-limit = 1024 (custom)
2023-01-13 04:28:25,337 [b8861190-fee9-46f5-9d16-9ca5f82f4eb4@group-F2CD7EC02501-LeaderElection13] INFO  server.RaftServerConfigKeys (ConfUtils.java:logGet(46)) - raft.server.write.byte-limit = 1024 M (=1073741824) (custom)
2023-01-13 04:28:25,337 [b8861190-fee9-46f5-9d16-9ca5f82f4eb4@group-F2CD7EC02501-LeaderElection13] INFO  server.RaftServerConfigKeys (ConfUtils.java:logGet(46)) - raft.server.watch.timeout = 180s (custom)
2023-01-13 04:28:25,337 [b8861190-fee9-46f5-9d16-9ca5f82f4eb4@group-F2CD7EC02501-LeaderElection13] INFO  server.RaftServerConfigKeys (ConfUtils.java:logGet(46)) - raft.server.watch.timeout.denomination = 1s (default)
2023-01-13 04:28:25,337 [b8861190-fee9-46f5-9d16-9ca5f82f4eb4@group-F2CD7EC02501-LeaderElection13] INFO  server.RaftServerConfigKeys (ConfUtils.java:logGet(46)) - raft.server.watch.element-limit = 65536 (default)
2023-01-13 04:28:25,337 [b8861190-fee9-46f5-9d16-9ca5f82f4eb4@group-F2CD7EC02501-LeaderElection13] INFO  server.RaftServerConfigKeys (ConfUtils.java:logGet(46)) - raft.server.write.element-limit = 1024 (custom)
2023-01-13 04:28:25,337 [b8861190-fee9-46f5-9d16-9ca5f82f4eb4@group-F2CD7EC02501-LeaderElection13] INFO  server.RaftServerConfigKeys (ConfUtils.java:logGet(46)) - raft.server.write.follower.gap.ratio.max = -1.0 (default)
2023-01-13 04:28:25,337 [b8861190-fee9-46f5-9d16-9ca5f82f4eb4@group-F2CD7EC02501-LeaderElection13] INFO  impl.RoleInfo (RoleInfo.java:updateAndGet(139)) - b8861190-fee9-46f5-9d16-9ca5f82f4eb4: start b8861190-fee9-46f5-9d16-9ca5f82f4eb4@group-F2CD7EC02501-LeaderStateImpl
2023-01-13 04:28:25,339 [b8861190-fee9-46f5-9d16-9ca5f82f4eb4@group-F2CD7EC02501-LeaderElection13] INFO  segmented.SegmentedRaftLogWorker (SegmentedRaftLogWorker.java:startLogSegment(452)) - b8861190-fee9-46f5-9d16-9ca5f82f4eb4@group-F2CD7EC02501-SegmentedRaftLogWorker: Starting segment from index:0
2023-01-13 04:28:25,341 [b8861190-fee9-46f5-9d16-9ca5f82f4eb4@group-F2CD7EC02501-SegmentedRaftLogWorker] INFO  segmented.SegmentedRaftLogWorker (SegmentedRaftLogWorker.java:execute(656)) - b8861190-fee9-46f5-9d16-9ca5f82f4eb4@group-F2CD7EC02501-SegmentedRaftLogWorker: created new log segment /home/runner/work/ozone/ozone/hadoop-ozone/integration-test/target/test-dir/MiniOzoneClusterImpl-cf27e86b-a5d2-4d86-a5ef-f90d19c9ea90/datanode-5/data/ratis/56e44e81-9ce2-4981-aa16-f2cd7ec02501/current/log_inprogress_0
2023-01-13 04:28:25,354 [b8861190-fee9-46f5-9d16-9ca5f82f4eb4@group-F2CD7EC02501-LeaderElection13] INFO  server.RaftServer$Division (ServerState.java:setRaftConf(430)) - b8861190-fee9-46f5-9d16-9ca5f82f4eb4@group-F2CD7EC02501: set configuration 0: peers:[b8861190-fee9-46f5-9d16-9ca5f82f4eb4|rpc:10.1.0.110:37787|dataStream:10.1.0.110:42169|priority:1|startupRole:FOLLOWER]|listeners:[], old=null
2023-01-13 04:28:25,566 [Listener at 127.0.0.1/39893] INFO  rpc.RpcClient (RpcClient.java:createVolume(474)) - Creating Volume: testblockoutputstream, with runner as owner and space quota set to -1 bytes, counts quota set to -1
2023-01-13 04:28:25,618 [OM StateMachine ApplyTransaction Thread - 0] INFO  volume.OMVolumeCreateRequest (OMVolumeCreateRequest.java:validateAndUpdateCache(195)) - created volume:testblockoutputstream for user:runner
2023-01-13 04:28:25,652 [Listener at 127.0.0.1/39893] INFO  rpc.RpcClient (RpcClient.java:createBucket(693)) - Creating Bucket: testblockoutputstream/testblockoutputstream, with server-side default bucket layout, runner as owner, Versioning false, Storage Type set to DISK and Encryption set to false 
2023-01-13 04:28:25,667 [OM StateMachine ApplyTransaction Thread - 0] INFO  bucket.OMBucketCreateRequest (OMBucketCreateRequest.java:validateAndUpdateCache(262)) - created bucket: testblockoutputstream of layout LEGACY in volume: testblockoutputstream
2023-01-13 04:28:25,682 [Time-limited test] INFO  impl.MetricsSystemImpl (MetricsSystemImpl.java:init(158)) - XceiverClientMetrics metrics system started (again)
2023-01-13 04:28:25,740 [IPC Server handler 0 on default port 44133] INFO  ha.SequenceIdGenerator (SequenceIdGenerator.java:getNextId(128)) - Allocate a batch for containerId, change lastId from 0 to 1000.
2023-01-13 04:28:25,752 [IPC Server handler 0 on default port 44133] WARN  ha.SequenceIdGenerator (SequenceIdGenerator.java:allocateBatch(237)) - Failed to allocate a batch for localId, expected lastId is 0, actual lastId is 111677748019200000.
2023-01-13 04:28:25,753 [IPC Server handler 0 on default port 44133] INFO  ha.SequenceIdGenerator (SequenceIdGenerator.java:getNextId(128)) - Allocate a batch for localId, change lastId from 111677748019200000 to 111677748019201000.
2023-01-13 04:28:26,169 [a4701fbb-e52d-41e2-8240-7b5db05b4eba@group-4B74139CFFAE-FollowerState] INFO  impl.FollowerState (FollowerState.java:run(143)) - a4701fbb-e52d-41e2-8240-7b5db05b4eba@group-4B74139CFFAE-FollowerState: change to CANDIDATE, lastRpcElapsedTime:5146146202ns, electionTimeout:5140ms
2023-01-13 04:28:26,169 [a4701fbb-e52d-41e2-8240-7b5db05b4eba@group-4B74139CFFAE-FollowerState] INFO  impl.RoleInfo (RoleInfo.java:shutdownFollowerState(110)) - a4701fbb-e52d-41e2-8240-7b5db05b4eba: shutdown a4701fbb-e52d-41e2-8240-7b5db05b4eba@group-4B74139CFFAE-FollowerState
2023-01-13 04:28:26,169 [a4701fbb-e52d-41e2-8240-7b5db05b4eba@group-4B74139CFFAE-FollowerState] INFO  server.RaftServer$Division (RaftServerImpl.java:setRole(321)) - a4701fbb-e52d-41e2-8240-7b5db05b4eba@group-4B74139CFFAE: changes role from  FOLLOWER to CANDIDATE at term 0 for changeToCandidate
2023-01-13 04:28:26,169 [a4701fbb-e52d-41e2-8240-7b5db05b4eba@group-4B74139CFFAE-FollowerState] INFO  server.RaftServerConfigKeys (ConfUtils.java:logGet(46)) - raft.server.leaderelection.pre-vote = false (custom)
2023-01-13 04:28:26,169 [a4701fbb-e52d-41e2-8240-7b5db05b4eba@group-4B74139CFFAE-FollowerState] INFO  impl.RoleInfo (RoleInfo.java:updateAndGet(139)) - a4701fbb-e52d-41e2-8240-7b5db05b4eba: start a4701fbb-e52d-41e2-8240-7b5db05b4eba@group-4B74139CFFAE-LeaderElection14
2023-01-13 04:28:26,176 [a4701fbb-e52d-41e2-8240-7b5db05b4eba@group-4B74139CFFAE-LeaderElection14] INFO  impl.LeaderElection (LeaderElection.java:askForVotes(312)) - a4701fbb-e52d-41e2-8240-7b5db05b4eba@group-4B74139CFFAE-LeaderElection14 ELECTION round 0: submit vote requests at term 1 for -1: peers:[a4701fbb-e52d-41e2-8240-7b5db05b4eba|rpc:10.1.0.110:44125|dataStream:10.1.0.110:34635|priority:1|startupRole:FOLLOWER]|listeners:[], old=null
2023-01-13 04:28:26,176 [a4701fbb-e52d-41e2-8240-7b5db05b4eba@group-4B74139CFFAE-LeaderElection14] INFO  impl.LeaderElection (LeaderElection.java:askForVotes(314)) - a4701fbb-e52d-41e2-8240-7b5db05b4eba@group-4B74139CFFAE-LeaderElection14 ELECTION round 0: result PASSED (term=1)
2023-01-13 04:28:26,177 [a4701fbb-e52d-41e2-8240-7b5db05b4eba@group-4B74139CFFAE-LeaderElection14] INFO  impl.RoleInfo (RoleInfo.java:shutdownLeaderElection(130)) - a4701fbb-e52d-41e2-8240-7b5db05b4eba: shutdown a4701fbb-e52d-41e2-8240-7b5db05b4eba@group-4B74139CFFAE-LeaderElection14
2023-01-13 04:28:26,177 [a4701fbb-e52d-41e2-8240-7b5db05b4eba@group-4B74139CFFAE-LeaderElection14] INFO  server.RaftServer$Division (RaftServerImpl.java:setRole(321)) - a4701fbb-e52d-41e2-8240-7b5db05b4eba@group-4B74139CFFAE: changes role from CANDIDATE to LEADER at term 1 for changeToLeader
2023-01-13 04:28:26,177 [a4701fbb-e52d-41e2-8240-7b5db05b4eba@group-4B74139CFFAE-LeaderElection14] INFO  ratis.XceiverServerRatis (XceiverServerRatis.java:handleLeaderChangedNotification(904)) - Leader change notification received for group: group-4B74139CFFAE with new leaderId: a4701fbb-e52d-41e2-8240-7b5db05b4eba
2023-01-13 04:28:26,178 [a4701fbb-e52d-41e2-8240-7b5db05b4eba@group-4B74139CFFAE-LeaderElection14] INFO  server.RaftServer$Division (ServerState.java:setLeader(313)) - a4701fbb-e52d-41e2-8240-7b5db05b4eba@group-4B74139CFFAE: change Leader from null to a4701fbb-e52d-41e2-8240-7b5db05b4eba at term 1 for becomeLeader, leader elected after 5546ms
2023-01-13 04:28:26,178 [a4701fbb-e52d-41e2-8240-7b5db05b4eba@group-4B74139CFFAE-LeaderElection14] INFO  server.RaftServerConfigKeys (ConfUtils.java:logGet(46)) - raft.server.staging.catchup.gap = 1000 (default)
2023-01-13 04:28:26,178 [a4701fbb-e52d-41e2-8240-7b5db05b4eba@group-4B74139CFFAE-LeaderElection14] INFO  server.RaftServerConfigKeys (ConfUtils.java:logGet(46)) - raft.server.write.element-limit = 1024 (custom)
2023-01-13 04:28:26,178 [a4701fbb-e52d-41e2-8240-7b5db05b4eba@group-4B74139CFFAE-LeaderElection14] INFO  server.RaftServerConfigKeys (ConfUtils.java:logGet(46)) - raft.server.write.byte-limit = 1024 M (=1073741824) (custom)
2023-01-13 04:28:26,185 [a4701fbb-e52d-41e2-8240-7b5db05b4eba@group-4B74139CFFAE-LeaderElection14] INFO  server.RaftServerConfigKeys (ConfUtils.java:logGet(46)) - raft.server.watch.timeout = 180s (custom)
2023-01-13 04:28:26,185 [a4701fbb-e52d-41e2-8240-7b5db05b4eba@group-4B74139CFFAE-LeaderElection14] INFO  server.RaftServerConfigKeys (ConfUtils.java:logGet(46)) - raft.server.watch.timeout.denomination = 1s (default)
2023-01-13 04:28:26,185 [a4701fbb-e52d-41e2-8240-7b5db05b4eba@group-4B74139CFFAE-LeaderElection14] INFO  server.RaftServerConfigKeys (ConfUtils.java:logGet(46)) - raft.server.watch.element-limit = 65536 (default)
2023-01-13 04:28:26,185 [a4701fbb-e52d-41e2-8240-7b5db05b4eba@group-4B74139CFFAE-LeaderElection14] INFO  server.RaftServerConfigKeys (ConfUtils.java:logGet(46)) - raft.server.write.element-limit = 1024 (custom)
2023-01-13 04:28:26,185 [a4701fbb-e52d-41e2-8240-7b5db05b4eba@group-4B74139CFFAE-LeaderElection14] INFO  server.RaftServerConfigKeys (ConfUtils.java:logGet(46)) - raft.server.write.follower.gap.ratio.max = -1.0 (default)
2023-01-13 04:28:26,185 [a4701fbb-e52d-41e2-8240-7b5db05b4eba@group-4B74139CFFAE-LeaderElection14] INFO  impl.RoleInfo (RoleInfo.java:updateAndGet(139)) - a4701fbb-e52d-41e2-8240-7b5db05b4eba: start a4701fbb-e52d-41e2-8240-7b5db05b4eba@group-4B74139CFFAE-LeaderStateImpl
2023-01-13 04:28:26,186 [a4701fbb-e52d-41e2-8240-7b5db05b4eba@group-4B74139CFFAE-LeaderElection14] INFO  segmented.SegmentedRaftLogWorker (SegmentedRaftLogWorker.java:startLogSegment(452)) - a4701fbb-e52d-41e2-8240-7b5db05b4eba@group-4B74139CFFAE-SegmentedRaftLogWorker: Starting segment from index:0
2023-01-13 04:28:26,187 [a4701fbb-e52d-41e2-8240-7b5db05b4eba@group-4B74139CFFAE-SegmentedRaftLogWorker] INFO  segmented.SegmentedRaftLogWorker (SegmentedRaftLogWorker.java:execute(656)) - a4701fbb-e52d-41e2-8240-7b5db05b4eba@group-4B74139CFFAE-SegmentedRaftLogWorker: created new log segment /home/runner/work/ozone/ozone/hadoop-ozone/integration-test/target/test-dir/MiniOzoneClusterImpl-cf27e86b-a5d2-4d86-a5ef-f90d19c9ea90/datanode-6/data/ratis/749d8fd8-cb13-449e-8b7a-4b74139cffae/current/log_inprogress_0
2023-01-13 04:28:26,190 [a4701fbb-e52d-41e2-8240-7b5db05b4eba@group-4B74139CFFAE-LeaderElection14] INFO  server.RaftServer$Division (ServerState.java:setRaftConf(430)) - a4701fbb-e52d-41e2-8240-7b5db05b4eba@group-4B74139CFFAE: set configuration 0: peers:[a4701fbb-e52d-41e2-8240-7b5db05b4eba|rpc:10.1.0.110:44125|dataStream:10.1.0.110:34635|priority:1|startupRole:FOLLOWER]|listeners:[], old=null
]]></system-out>
  </testcase>
  <testcase name="testMultiChunkWrite2" classname="org.apache.hadoop.ozone.client.rpc.TestBlockOutputStream" time="0.17"/>
  <testcase name="testMultiChunkWrite" classname="org.apache.hadoop.ozone.client.rpc.TestBlockOutputStream" time="0.038">
    <failure type="java.lang.AssertionError"><![CDATA[java.lang.AssertionError: expected:<1> but was:<0>
	at org.junit.Assert.fail(Assert.java:89)
	at org.junit.Assert.failNotEquals(Assert.java:835)
	at org.junit.Assert.assertEquals(Assert.java:647)
	at org.junit.Assert.assertEquals(Assert.java:633)
	at org.apache.hadoop.ozone.client.rpc.TestBlockOutputStream.testMultiChunkWrite(TestBlockOutputStream.java:349)
	at sun.reflect.NativeMethodAccessorImpl.invoke0(Native Method)
	at sun.reflect.NativeMethodAccessorImpl.invoke(NativeMethodAccessorImpl.java:62)
	at sun.reflect.DelegatingMethodAccessorImpl.invoke(DelegatingMethodAccessorImpl.java:43)
	at java.lang.reflect.Method.invoke(Method.java:498)
	at org.junit.runners.model.FrameworkMethod$1.runReflectiveCall(FrameworkMethod.java:59)
	at org.junit.internal.runners.model.ReflectiveCallable.run(ReflectiveCallable.java:12)
	at org.junit.runners.model.FrameworkMethod.invokeExplosively(FrameworkMethod.java:56)
	at org.junit.internal.runners.statements.InvokeMethod.evaluate(InvokeMethod.java:17)
	at org.junit.internal.runners.statements.FailOnTimeout$CallableStatement.call(FailOnTimeout.java:288)
	at org.junit.internal.runners.statements.FailOnTimeout$CallableStatement.call(FailOnTimeout.java:282)
	at java.util.concurrent.FutureTask.run(FutureTask.java:266)
	at java.lang.Thread.run(Thread.java:750)
]]></failure>
  </testcase>
  <testcase name="testFullBufferCondition" classname="org.apache.hadoop.ozone.client.rpc.TestBlockOutputStream" time="0.159"/>
  <testcase name="testBufferCaching" classname="org.apache.hadoop.ozone.client.rpc.TestBlockOutputStream" time="0.173"/>
  <testcase name="testWriteWithExceedingMaxBufferLimit" classname="org.apache.hadoop.ozone.client.rpc.TestBlockOutputStream" time="0.139"/>
</testsuite>