<?xml version="1.0" encoding="UTF-8"?>
<testsuite xmlns:xsi="http://www.w3.org/2001/XMLSchema-instance" xsi:noNamespaceSchemaLocation="https://maven.apache.org/surefire/maven-surefire-plugin/xsd/surefire-test-report-3.0.xsd" version="3.0" name="org.apache.hadoop.ozone.om.service.TestOpenKeyCleanupService" time="85.49" tests="6" errors="0" skipped="0" failures="1">
  <properties>
    <property name="awt.toolkit" value="sun.awt.X11.XToolkit"/>
    <property name="file.encoding.pkg" value="sun.io"/>
    <property name="java.specification.version" value="1.8"/>
    <property name="sun.cpu.isalist" value=""/>
    <property name="sun.jnu.encoding" value="UTF-8"/>
    <property name="java.class.path" value="/home/runner/work/ozone/ozone/hadoop-ozone/ozone-manager/target/test-classes:/home/runner/work/ozone/ozone/hadoop-ozone/ozone-manager/target/classes:/home/runner/.m2/repository/org/aspectj/aspectjrt/1.9.7/aspectjrt-1.9.7.jar:/home/runner/.m2/repository/org/aspectj/aspectjweaver/1.9.7/aspectjweaver-1.9.7.jar:/home/runner/work/ozone/ozone/hadoop-ozone/common/target/classes:/home/runner/.m2/repository/io/grpc/grpc-netty/1.51.1/grpc-netty-1.51.1.jar:/home/runner/.m2/repository/io/grpc/grpc-core/1.51.1/grpc-core-1.51.1.jar:/home/runner/.m2/repository/com/google/android/annotations/4.1.1.4/annotations-4.1.1.4.jar:/home/runner/.m2/repository/org/codehaus/mojo/animal-sniffer-annotations/1.21/animal-sniffer-annotations-1.21.jar:/home/runner/.m2/repository/com/google/errorprone/error_prone_annotations/2.2.0/error_prone_annotations-2.2.0.jar:/home/runner/.m2/repository/io/perfmark/perfmark-api/0.25.0/perfmark-api-0.25.0.jar:/home/runner/.m2/repository/io/netty/netty-transport-native-unix-common/4.1.94.Final/netty-transport-native-unix-common-4.1.94.Final.jar:/home/runner/.m2/repository/io/netty/netty-codec-http2/4.1.94.Final/netty-codec-http2-4.1.94.Final.jar:/home/runner/.m2/repository/io/netty/netty-common/4.1.94.Final/netty-common-4.1.94.Final.jar:/home/runner/.m2/repository/io/netty/netty-buffer/4.1.94.Final/netty-buffer-4.1.94.Final.jar:/home/runner/.m2/repository/io/netty/netty-transport/4.1.94.Final/netty-transport-4.1.94.Final.jar:/home/runner/.m2/repository/io/netty/netty-resolver/4.1.94.Final/netty-resolver-4.1.94.Final.jar:/home/runner/.m2/repository/io/netty/netty-codec/4.1.94.Final/netty-codec-4.1.94.Final.jar:/home/runner/.m2/repository/io/netty/netty-handler/4.1.94.Final/netty-handler-4.1.94.Final.jar:/home/runner/.m2/repository/io/netty/netty-codec-http/4.1.94.Final/netty-codec-http-4.1.94.Final.jar:/home/runner/.m2/repository/io/netty/netty-handler-proxy/4.1.94.Final/netty-handler-proxy-4.1.94.Final.jar:/home/runner/.m2/repository/io/netty/netty-codec-socks/4.1.94.Final/netty-codec-socks-4.1.94.Final.jar:/home/runner/.m2/repository/org/apache/commons/commons-compress/1.21/commons-compress-1.21.jar:/home/runner/work/ozone/ozone/hadoop-hdds/common/target/classes:/home/runner/work/ozone/ozone/hadoop-hdds/client/target/classes:/home/runner/work/ozone/ozone/hadoop-ozone/interface-client/target/classes:/home/runner/.m2/repository/io/grpc/grpc-protobuf/1.51.1/grpc-protobuf-1.51.1.jar:/home/runner/.m2/repository/com/google/api/grpc/proto-google-common-protos/2.9.0/proto-google-common-protos-2.9.0.jar:/home/runner/.m2/repository/io/grpc/grpc-protobuf-lite/1.51.1/grpc-protobuf-lite-1.51.1.jar:/home/runner/.m2/repository/io/grpc/grpc-stub/1.51.1/grpc-stub-1.51.1.jar:/home/runner/.m2/repository/org/apache/hadoop/hadoop-hdfs-client/3.3.6/hadoop-hdfs-client-3.3.6.jar:/home/runner/.m2/repository/com/squareup/okhttp3/okhttp/4.9.3/okhttp-4.9.3.jar:/home/runner/.m2/repository/com/squareup/okio/okio/3.4.0/okio-3.4.0.jar:/home/runner/.m2/repository/com/squareup/okio/okio-jvm/3.4.0/okio-jvm-3.4.0.jar:/home/runner/.m2/repository/org/jetbrains/kotlin/kotlin-stdlib-jdk8/1.8.0/kotlin-stdlib-jdk8-1.8.0.jar:/home/runner/.m2/repository/org/jetbrains/kotlin/kotlin-stdlib-jdk7/1.8.0/kotlin-stdlib-jdk7-1.8.0.jar:/home/runner/.m2/repository/org/jetbrains/kotlin/kotlin-stdlib-common/1.6.21/kotlin-stdlib-common-1.6.21.jar:/home/runner/.m2/repository/com/fasterxml/jackson/core/jackson-databind/2.13.4.2/jackson-databind-2.13.4.2.jar:/home/runner/work/ozone/ozone/hadoop-ozone/client/target/classes:/home/runner/work/ozone/ozone/hadoop-hdds/erasurecode/target/classes:/home/runner/work/ozone/ozone/hadoop-hdds/docs/target/classes:/home/runner/work/ozone/ozone/hadoop-hdds/interface-client/target/classes:/home/runner/.m2/repository/com/google/protobuf/protobuf-java/2.5.0/protobuf-java-2.5.0.jar:/home/runner/.m2/repository/org/apache/hadoop/thirdparty/hadoop-shaded-protobuf_3_7/1.1.1/hadoop-shaded-protobuf_3_7-1.1.1.jar:/home/runner/.m2/repository/org/apache/ratis/ratis-thirdparty-misc/1.0.4/ratis-thirdparty-misc-1.0.4.jar:/home/runner/.m2/repository/javax/annotation/javax.annotation-api/1.2/javax.annotation-api-1.2.jar:/home/runner/.m2/repository/com/google/code/findbugs/jsr305/3.0.0/jsr305-3.0.0.jar:/home/runner/work/ozone/ozone/hadoop-ozone/interface-storage/target/classes:/home/runner/work/ozone/ozone/hadoop-hdds/test-utils/target/classes:/home/runner/.m2/repository/com/google/guava/guava/32.0.0-jre/guava-32.0.0-jre.jar:/home/runner/.m2/repository/com/google/guava/failureaccess/1.0.1/failureaccess-1.0.1.jar:/home/runner/.m2/repository/com/google/guava/listenablefuture/9999.0-empty-to-avoid-conflict-with-guava/listenablefuture-9999.0-empty-to-avoid-conflict-with-guava.jar:/home/runner/.m2/repository/org/checkerframework/checker-qual/3.33.0/checker-qual-3.33.0.jar:/home/runner/.m2/repository/com/google/j2objc/j2objc-annotations/2.8/j2objc-annotations-2.8.jar:/home/runner/.m2/repository/commons-io/commons-io/2.11.0/commons-io-2.11.0.jar:/home/runner/.m2/repository/commons-logging/commons-logging/1.2/commons-logging-1.2.jar:/home/runner/.m2/repository/org/junit/jupiter/junit-jupiter-api/5.8.2/junit-jupiter-api-5.8.2.jar:/home/runner/.m2/repository/org/opentest4j/opentest4j/1.2.0/opentest4j-1.2.0.jar:/home/runner/.m2/repository/org/junit/platform/junit-platform-commons/1.8.2/junit-platform-commons-1.8.2.jar:/home/runner/.m2/repository/ch/qos/reload4j/reload4j/1.2.22/reload4j-1.2.22.jar:/home/runner/.m2/repository/org/apache/commons/commons-lang3/3.7/commons-lang3-3.7.jar:/home/runner/.m2/repository/org/slf4j/slf4j-api/1.7.36/slf4j-api-1.7.36.jar:/home/runner/.m2/repository/org/apache/logging/log4j/log4j-api/2.17.1/log4j-api-2.17.1.jar:/home/runner/work/ozone/ozone/hadoop-hdds/framework/target/classes:/home/runner/work/ozone/ozone/hadoop-hdds/interface-server/target/classes:/home/runner/work/ozone/ozone/hadoop-hdds/interface-admin/target/classes:/home/runner/work/ozone/ozone/hadoop-hdds/managed-rocksdb/target/classes:/home/runner/.m2/repository/org/slf4j/slf4j-reload4j/1.7.36/slf4j-reload4j-1.7.36.jar:/home/runner/.m2/repository/org/apache/commons/commons-configuration2/2.1.1/commons-configuration2-2.1.1.jar:/home/runner/.m2/repository/commons-fileupload/commons-fileupload/1.5/commons-fileupload-1.5.jar:/home/runner/.m2/repository/org/apache/logging/log4j/log4j-core/2.17.1/log4j-core-2.17.1.jar:/home/runner/.m2/repository/com/lmax/disruptor/3.4.2/disruptor-3.4.2.jar:/home/runner/.m2/repository/org/eclipse/jetty/jetty-util/9.4.51.v20230217/jetty-util-9.4.51.v20230217.jar:/home/runner/.m2/repository/org/eclipse/jetty/jetty-server/9.4.51.v20230217/jetty-server-9.4.51.v20230217.jar:/home/runner/.m2/repository/javax/servlet/javax.servlet-api/3.1.0/javax.servlet-api-3.1.0.jar:/home/runner/.m2/repository/org/eclipse/jetty/jetty-http/9.4.51.v20230217/jetty-http-9.4.51.v20230217.jar:/home/runner/.m2/repository/org/eclipse/jetty/jetty-servlet/9.4.51.v20230217/jetty-servlet-9.4.51.v20230217.jar:/home/runner/.m2/repository/org/eclipse/jetty/jetty-security/9.4.51.v20230217/jetty-security-9.4.51.v20230217.jar:/home/runner/.m2/repository/org/eclipse/jetty/jetty-util-ajax/9.4.51.v20230217/jetty-util-ajax-9.4.51.v20230217.jar:/home/runner/.m2/repository/org/eclipse/jetty/jetty-webapp/9.4.51.v20230217/jetty-webapp-9.4.51.v20230217.jar:/home/runner/.m2/repository/org/eclipse/jetty/jetty-xml/9.4.51.v20230217/jetty-xml-9.4.51.v20230217.jar:/home/runner/.m2/repository/org/apache/ratis/ratis-server/2.5.1/ratis-server-2.5.1.jar:/home/runner/.m2/repository/org/apache/ratis/ratis-proto/2.5.1/ratis-proto-2.5.1.jar:/home/runner/.m2/repository/org/apache/ratis/ratis-common/2.5.1/ratis-common-2.5.1.jar:/home/runner/.m2/repository/org/apache/ratis/ratis-client/2.5.1/ratis-client-2.5.1.jar:/home/runner/.m2/repository/org/apache/ratis/ratis-server-api/2.5.1/ratis-server-api-2.5.1.jar:/home/runner/.m2/repository/org/apache/ratis/ratis-metrics/2.5.1/ratis-metrics-2.5.1.jar:/home/runner/.m2/repository/io/prometheus/simpleclient_dropwizard/0.7.0/simpleclient_dropwizard-0.7.0.jar:/home/runner/.m2/repository/io/prometheus/simpleclient/0.7.0/simpleclient-0.7.0.jar:/home/runner/.m2/repository/io/prometheus/simpleclient_common/0.7.0/simpleclient_common-0.7.0.jar:/home/runner/.m2/repository/com/fasterxml/jackson/datatype/jackson-datatype-jsr310/2.13.4/jackson-datatype-jsr310-2.13.4.jar:/home/runner/.m2/repository/com/fasterxml/jackson/core/jackson-core/2.13.4/jackson-core-2.13.4.jar:/home/runner/.m2/repository/org/awaitility/awaitility/4.2.0/awaitility-4.2.0.jar:/home/runner/.m2/repository/org/hamcrest/hamcrest/2.1/hamcrest-2.1.jar:/home/runner/work/ozone/ozone/hadoop-hdds/hadoop-dependency-server/target/classes:/home/runner/.m2/repository/org/apache/hadoop/hadoop-annotations/3.3.6/hadoop-annotations-3.3.6.jar:/usr/lib/jvm/temurin-8-jdk-amd64/jre/../lib/tools.jar:/home/runner/.m2/repository/org/apache/hadoop/hadoop-common/3.3.6/hadoop-common-3.3.6.jar:/home/runner/.m2/repository/org/apache/hadoop/thirdparty/hadoop-shaded-guava/1.1.1/hadoop-shaded-guava-1.1.1.jar:/home/runner/.m2/repository/org/apache/httpcomponents/httpclient/4.5.13/httpclient-4.5.13.jar:/home/runner/.m2/repository/org/apache/httpcomponents/httpcore/4.4.13/httpcore-4.4.13.jar:/home/runner/.m2/repository/commons-net/commons-net/3.9.0/commons-net-3.9.0.jar:/home/runner/.m2/repository/commons-collections/commons-collections/3.2.2/commons-collections-3.2.2.jar:/home/runner/.m2/repository/jakarta/activation/jakarta.activation-api/1.2.2/jakarta.activation-api-1.2.2.jar:/home/runner/.m2/repository/javax/servlet/jsp/jsp-api/2.1/jsp-api-2.1.jar:/home/runner/.m2/repository/com/sun/jersey/jersey-servlet/1.19/jersey-servlet-1.19.jar:/home/runner/.m2/repository/com/sun/jersey/jersey-server/1.19/jersey-server-1.19.jar:/home/runner/.m2/repository/commons-beanutils/commons-beanutils/1.9.4/commons-beanutils-1.9.4.jar:/home/runner/.m2/repository/com/google/re2j/re2j/1.1/re2j-1.1.jar:/home/runner/.m2/repository/com/google/code/gson/gson/2.9.0/gson-2.9.0.jar:/home/runner/.m2/repository/org/apache/hadoop/hadoop-auth/3.3.6/hadoop-auth-3.3.6.jar:/home/runner/.m2/repository/com/nimbusds/nimbus-jose-jwt/9.8.1/nimbus-jose-jwt-9.8.1.jar:/home/runner/.m2/repository/com/github/stephenc/jcip/jcip-annotations/1.0-1/jcip-annotations-1.0-1.jar:/home/runner/.m2/repository/com/jcraft/jsch/0.1.54/jsch-0.1.54.jar:/home/runner/.m2/repository/org/apache/kerby/kerb-core/1.0.1/kerb-core-1.0.1.jar:/home/runner/.m2/repository/org/apache/kerby/kerby-pkix/1.0.1/kerby-pkix-1.0.1.jar:/home/runner/.m2/repository/org/apache/kerby/kerby-asn1/1.0.1/kerby-asn1-1.0.1.jar:/home/runner/.m2/repository/org/apache/kerby/kerby-util/1.0.1/kerby-util-1.0.1.jar:/home/runner/.m2/repository/org/codehaus/woodstox/stax2-api/4.2.1/stax2-api-4.2.1.jar:/home/runner/.m2/repository/com/fasterxml/woodstox/woodstox-core/5.4.0/woodstox-core-5.4.0.jar:/home/runner/.m2/repository/dnsjava/dnsjava/2.1.7/dnsjava-2.1.7.jar:/home/runner/.m2/repository/org/xerial/snappy/snappy-java/1.1.8.2/snappy-java-1.1.8.2.jar:/home/runner/.m2/repository/commons-cli/commons-cli/1.2/commons-cli-1.2.jar:/home/runner/.m2/repository/org/apache/hadoop/hadoop-hdfs/3.3.6/hadoop-hdfs-3.3.6.jar:/home/runner/.m2/repository/commons-daemon/commons-daemon/1.0.13/commons-daemon-1.0.13.jar:/home/runner/work/ozone/ozone/hadoop-hdds/rocksdb-checkpoint-differ/target/classes:/home/runner/.m2/repository/org/rocksdb/rocksdbjni/7.7.3/rocksdbjni-7.7.3.jar:/home/runner/.m2/repository/org/jgrapht/jgrapht-core/1.0.1/jgrapht-core-1.0.1.jar:/home/runner/.m2/repository/org/jgrapht/jgrapht-ext/1.0.1/jgrapht-ext-1.0.1.jar:/home/runner/.m2/repository/org/tinyjee/jgraphx/jgraphx/2.0.0.1/jgraphx-2.0.0.1.jar:/home/runner/.m2/repository/jgraph/jgraph/5.13.0.0/jgraph-5.13.0.0.jar:/home/runner/.m2/repository/org/antlr/antlr4-runtime/4.5.3/antlr4-runtime-4.5.3.jar:/home/runner/.m2/repository/org/bouncycastle/bcprov-jdk15on/1.67/bcprov-jdk15on-1.67.jar:/home/runner/.m2/repository/io/netty/netty-tcnative-boringssl-static/2.0.61.Final/netty-tcnative-boringssl-static-2.0.61.Final.jar:/home/runner/.m2/repository/io/netty/netty-tcnative-classes/2.0.61.Final/netty-tcnative-classes-2.0.61.Final.jar:/home/runner/.m2/repository/io/netty/netty-tcnative-boringssl-static/2.0.61.Final/netty-tcnative-boringssl-static-2.0.61.Final-linux-x86_64.jar:/home/runner/.m2/repository/io/netty/netty-tcnative-boringssl-static/2.0.61.Final/netty-tcnative-boringssl-static-2.0.61.Final-linux-aarch_64.jar:/home/runner/.m2/repository/io/netty/netty-tcnative-boringssl-static/2.0.61.Final/netty-tcnative-boringssl-static-2.0.61.Final-osx-x86_64.jar:/home/runner/.m2/repository/io/netty/netty-tcnative-boringssl-static/2.0.61.Final/netty-tcnative-boringssl-static-2.0.61.Final-osx-aarch_64.jar:/home/runner/.m2/repository/io/netty/netty-tcnative-boringssl-static/2.0.61.Final/netty-tcnative-boringssl-static-2.0.61.Final-windows-x86_64.jar:/home/runner/.m2/repository/org/mockito/mockito-core/3.5.9/mockito-core-3.5.9.jar:/home/runner/.m2/repository/net/bytebuddy/byte-buddy/1.10.13/byte-buddy-1.10.13.jar:/home/runner/.m2/repository/net/bytebuddy/byte-buddy-agent/1.10.13/byte-buddy-agent-1.10.13.jar:/home/runner/.m2/repository/org/objenesis/objenesis/1.0/objenesis-1.0.jar:/home/runner/.m2/repository/com/github/spotbugs/spotbugs-annotations/3.1.12/spotbugs-annotations-3.1.12.jar:/home/runner/work/ozone/ozone/hadoop-hdds/common/target/test-classes:/home/runner/work/ozone/ozone/hadoop-hdds/hadoop-dependency-client/target/classes:/home/runner/.m2/repository/info/picocli/picocli/4.6.1/picocli-4.6.1.jar:/home/runner/.m2/repository/com/fasterxml/jackson/core/jackson-annotations/2.13.4/jackson-annotations-2.13.4.jar:/home/runner/work/ozone/ozone/hadoop-hdds/annotations/target/classes:/home/runner/work/ozone/ozone/hadoop-hdds/config/target/classes:/home/runner/.m2/repository/io/dropwizard/metrics/metrics-core/3.2.4/metrics-core-3.2.4.jar:/home/runner/.m2/repository/org/apache/ratis/ratis-netty/2.5.1/ratis-netty-2.5.1.jar:/home/runner/.m2/repository/org/apache/ratis/ratis-grpc/2.5.1/ratis-grpc-2.5.1.jar:/home/runner/.m2/repository/org/apache/commons/commons-pool2/2.6.0/commons-pool2-2.6.0.jar:/home/runner/.m2/repository/org/bouncycastle/bcpkix-jdk15on/1.67/bcpkix-jdk15on-1.67.jar:/home/runner/.m2/repository/commons-validator/commons-validator/1.6/commons-validator-1.6.jar:/home/runner/.m2/repository/commons-digester/commons-digester/1.8.1/commons-digester-1.8.1.jar:/home/runner/.m2/repository/io/jaegertracing/jaeger-client/1.6.0/jaeger-client-1.6.0.jar:/home/runner/.m2/repository/io/jaegertracing/jaeger-thrift/1.6.0/jaeger-thrift-1.6.0.jar:/home/runner/.m2/repository/org/apache/thrift/libthrift/0.14.1/libthrift-0.14.1.jar:/home/runner/.m2/repository/io/jaegertracing/jaeger-core/1.6.0/jaeger-core-1.6.0.jar:/home/runner/.m2/repository/io/jaegertracing/jaeger-tracerresolver/1.6.0/jaeger-tracerresolver-1.6.0.jar:/home/runner/.m2/repository/io/opentracing/contrib/opentracing-tracerresolver/0.1.8/opentracing-tracerresolver-0.1.8.jar:/home/runner/.m2/repository/org/jetbrains/kotlin/kotlin-stdlib/1.6.21/kotlin-stdlib-1.6.21.jar:/home/runner/.m2/repository/org/jetbrains/annotations/13.0/annotations-13.0.jar:/home/runner/.m2/repository/io/opentracing/opentracing-util/0.33.0/opentracing-util-0.33.0.jar:/home/runner/.m2/repository/io/opentracing/opentracing-api/0.33.0/opentracing-api-0.33.0.jar:/home/runner/.m2/repository/io/opentracing/opentracing-noop/0.33.0/opentracing-noop-0.33.0.jar:/home/runner/.m2/repository/org/yaml/snakeyaml/2.0/snakeyaml-2.0.jar:/home/runner/.m2/repository/io/grpc/grpc-api/1.51.1/grpc-api-1.51.1.jar:/home/runner/.m2/repository/io/grpc/grpc-context/1.51.1/grpc-context-1.51.1.jar:/home/runner/work/ozone/ozone/hadoop-hdds/hadoop-dependency-test/target/classes:/home/runner/.m2/repository/org/apache/hadoop/hadoop-common/3.3.6/hadoop-common-3.3.6-tests.jar:/home/runner/.m2/repository/org/apache/hadoop/hadoop-hdfs/3.3.6/hadoop-hdfs-3.3.6-tests.jar:/home/runner/.m2/repository/commons-codec/commons-codec/1.15/commons-codec-1.15.jar:/home/runner/.m2/repository/org/assertj/assertj-core/3.12.2/assertj-core-3.12.2.jar:/home/runner/work/ozone/ozone/hadoop-hdds/server-scm/target/test-classes:/home/runner/work/ozone/ozone/hadoop-hdds/container-service/target/classes:/home/runner/.m2/repository/com/github/luben/zstd-jni/1.5.2-5/zstd-jni-1.5.2-5.jar:/home/runner/.m2/repository/javax/xml/bind/jaxb-api/2.3.0/jaxb-api-2.3.0.jar:/home/runner/.m2/repository/org/glassfish/jaxb/jaxb-runtime/2.3.0.1/jaxb-runtime-2.3.0.1.jar:/home/runner/.m2/repository/org/glassfish/jaxb/jaxb-core/2.3.0.1/jaxb-core-2.3.0.1.jar:/home/runner/.m2/repository/org/glassfish/jaxb/txw2/2.3.0.1/txw2-2.3.0.1.jar:/home/runner/.m2/repository/com/sun/istack/istack-commons-runtime/3.0.5/istack-commons-runtime-3.0.5.jar:/home/runner/.m2/repository/org/jvnet/staxex/stax-ex/1.7.8/stax-ex-1.7.8.jar:/home/runner/.m2/repository/com/sun/xml/fastinfoset/FastInfoset/1.2.13/FastInfoset-1.2.13.jar:/home/runner/.m2/repository/org/apache/commons/commons-text/1.10.0/commons-text-1.10.0.jar:/home/runner/.m2/repository/junit/junit/4.13.1/junit-4.13.1.jar:/home/runner/.m2/repository/org/hamcrest/hamcrest-core/1.3/hamcrest-core-1.3.jar:/home/runner/.m2/repository/org/jmockit/jmockit/1.24/jmockit-1.24.jar:/home/runner/.m2/repository/org/hamcrest/hamcrest-all/1.3/hamcrest-all-1.3.jar:/home/runner/.m2/repository/com/google/testing/compile/compile-testing/0.19/compile-testing-0.19.jar:/home/runner/.m2/repository/com/google/truth/truth/1.1/truth-1.1.jar:/home/runner/.m2/repository/com/google/auto/value/auto-value-annotations/1.7.4/auto-value-annotations-1.7.4.jar:/home/runner/.m2/repository/org/ow2/asm/asm/5.0.4/asm-5.0.4.jar:/home/runner/.m2/repository/com/google/auto/value/auto-value/1.7.4/auto-value-1.7.4.jar:/home/runner/.m2/repository/com/google/auto/auto-common/0.11/auto-common-0.11.jar:/usr/lib/jvm/temurin-8-jdk-amd64/jre/../lib/tools.jar:/home/runner/.m2/repository/org/reflections/reflections/0.9.11/reflections-0.9.11.jar:/home/runner/.m2/repository/org/javassist/javassist/3.21.0-GA/javassist-3.21.0-GA.jar:/home/runner/.m2/repository/com/sun/jersey/jersey-client/1.19/jersey-client-1.19.jar:/home/runner/.m2/repository/com/sun/jersey/jersey-core/1.19/jersey-core-1.19.jar:/home/runner/.m2/repository/javax/ws/rs/jsr311-api/1.1.1/jsr311-api-1.1.1.jar:/home/runner/.m2/repository/org/codehaus/jackson/jackson-core-asl/1.9.13/jackson-core-asl-1.9.13.jar:/home/runner/.m2/repository/org/codehaus/jackson/jackson-mapper-asl/1.9.13/jackson-mapper-asl-1.9.13.jar:/home/runner/.m2/repository/org/codehaus/jackson/jackson-jaxrs/1.9.13/jackson-jaxrs-1.9.13.jar:/home/runner/.m2/repository/org/apache/ranger/ranger-intg/2.3.0/ranger-intg-2.3.0.jar:/home/runner/.m2/repository/org/apache/ranger/ranger-plugins-common/2.3.0/ranger-plugins-common-2.3.0.jar:/home/runner/.m2/repository/commons-lang/commons-lang/2.6/commons-lang-2.6.jar:/home/runner/.m2/repository/org/apache/ranger/ranger-plugins-cred/2.3.0/ranger-plugins-cred-2.3.0.jar:/home/runner/.m2/repository/org/apache/ranger/ranger-plugins-audit/2.3.0/ranger-plugins-audit-2.3.0.jar:/home/runner/.m2/repository/org/eclipse/jetty/jetty-client/9.4.51.v20230217/jetty-client-9.4.51.v20230217.jar:/home/runner/.m2/repository/org/apache/httpcomponents/httpmime/4.5.6/httpmime-4.5.6.jar:/home/runner/.m2/repository/org/apache/httpcomponents/httpcore-nio/4.4.13/httpcore-nio-4.4.13.jar:/home/runner/.m2/repository/org/apache/httpcomponents/httpasyncclient/4.1.3/httpasyncclient-4.1.3.jar:/home/runner/.m2/repository/joda-time/joda-time/2.10.6/joda-time-2.10.6.jar:/home/runner/.m2/repository/com/carrotsearch/hppc/0.8.0/hppc-0.8.0.jar:/home/runner/.m2/repository/org/apache/orc/orc-core/1.5.8/orc-core-1.5.8.jar:/home/runner/.m2/repository/net/java/dev/jna/jna/5.2.0/jna-5.2.0.jar:/home/runner/.m2/repository/net/java/dev/jna/jna-platform/5.2.0/jna-platform-5.2.0.jar:/home/runner/.m2/repository/com/kstruct/gethostname4j/0.0.2/gethostname4j-0.0.2.jar:/home/runner/.m2/repository/org/apache/ranger/ranger-plugin-classloader/2.3.0/ranger-plugin-classloader-2.3.0.jar:/home/runner/.m2/repository/org/junit/jupiter/junit-jupiter-params/5.8.2/junit-jupiter-params-5.8.2.jar:/home/runner/.m2/repository/org/apiguardian/apiguardian-api/1.1.2/apiguardian-api-1.1.2.jar:/home/runner/work/ozone/ozone/hadoop-hdds/rocks-native/target/classes:/home/runner/.m2/repository/org/eclipse/jetty/jetty-io/9.4.51.v20230217/jetty-io-9.4.51.v20230217.jar:/home/runner/.m2/repository/org/mockito/mockito-junit-jupiter/3.5.9/mockito-junit-jupiter-3.5.9.jar:"/>
    <property name="java.vm.vendor" value="Temurin"/>
    <property name="sun.arch.data.model" value="64"/>
    <property name="test.build.dir" value="/home/runner/work/ozone/ozone/hadoop-ozone/ozone-manager/target/test-dir"/>
    <property name="test.cache.data" value=""/>
    <property name="java.vendor.url" value="https://adoptium.net/"/>
    <property name="user.timezone" value="Etc/UTC"/>
    <property name="os.name" value="Linux"/>
    <property name="java.vm.specification.version" value="1.8"/>
    <property name="test.build.data" value="/home/runner/work/ozone/ozone/hadoop-ozone/ozone-manager/target/test-dir"/>
    <property name="sun.java.launcher" value="SUN_STANDARD"/>
    <property name="sun.boot.library.path" value="/usr/lib/jvm/temurin-8-jdk-amd64/jre/lib/amd64"/>
    <property name="sun.java.command" value="/home/runner/work/ozone/ozone/hadoop-ozone/ozone-manager/target/surefire/surefirebooter268338222653621166.jar /home/runner/work/ozone/ozone/hadoop-ozone/ozone-manager/target/surefire 2023-09-07T11-59-47_408-jvmRun1 surefire2973012383581927244tmp surefire_1879197818979910143686tmp"/>
    <property name="native.lib.tmp.dir" value="/tmp"/>
    <property name="surefire.test.class.path" value="/home/runner/work/ozone/ozone/hadoop-ozone/ozone-manager/target/test-classes:/home/runner/work/ozone/ozone/hadoop-ozone/ozone-manager/target/classes:/home/runner/.m2/repository/org/aspectj/aspectjrt/1.9.7/aspectjrt-1.9.7.jar:/home/runner/.m2/repository/org/aspectj/aspectjweaver/1.9.7/aspectjweaver-1.9.7.jar:/home/runner/work/ozone/ozone/hadoop-ozone/common/target/classes:/home/runner/.m2/repository/io/grpc/grpc-netty/1.51.1/grpc-netty-1.51.1.jar:/home/runner/.m2/repository/io/grpc/grpc-core/1.51.1/grpc-core-1.51.1.jar:/home/runner/.m2/repository/com/google/android/annotations/4.1.1.4/annotations-4.1.1.4.jar:/home/runner/.m2/repository/org/codehaus/mojo/animal-sniffer-annotations/1.21/animal-sniffer-annotations-1.21.jar:/home/runner/.m2/repository/com/google/errorprone/error_prone_annotations/2.2.0/error_prone_annotations-2.2.0.jar:/home/runner/.m2/repository/io/perfmark/perfmark-api/0.25.0/perfmark-api-0.25.0.jar:/home/runner/.m2/repository/io/netty/netty-transport-native-unix-common/4.1.94.Final/netty-transport-native-unix-common-4.1.94.Final.jar:/home/runner/.m2/repository/io/netty/netty-codec-http2/4.1.94.Final/netty-codec-http2-4.1.94.Final.jar:/home/runner/.m2/repository/io/netty/netty-common/4.1.94.Final/netty-common-4.1.94.Final.jar:/home/runner/.m2/repository/io/netty/netty-buffer/4.1.94.Final/netty-buffer-4.1.94.Final.jar:/home/runner/.m2/repository/io/netty/netty-transport/4.1.94.Final/netty-transport-4.1.94.Final.jar:/home/runner/.m2/repository/io/netty/netty-resolver/4.1.94.Final/netty-resolver-4.1.94.Final.jar:/home/runner/.m2/repository/io/netty/netty-codec/4.1.94.Final/netty-codec-4.1.94.Final.jar:/home/runner/.m2/repository/io/netty/netty-handler/4.1.94.Final/netty-handler-4.1.94.Final.jar:/home/runner/.m2/repository/io/netty/netty-codec-http/4.1.94.Final/netty-codec-http-4.1.94.Final.jar:/home/runner/.m2/repository/io/netty/netty-handler-proxy/4.1.94.Final/netty-handler-proxy-4.1.94.Final.jar:/home/runner/.m2/repository/io/netty/netty-codec-socks/4.1.94.Final/netty-codec-socks-4.1.94.Final.jar:/home/runner/.m2/repository/org/apache/commons/commons-compress/1.21/commons-compress-1.21.jar:/home/runner/work/ozone/ozone/hadoop-hdds/common/target/classes:/home/runner/work/ozone/ozone/hadoop-hdds/client/target/classes:/home/runner/work/ozone/ozone/hadoop-ozone/interface-client/target/classes:/home/runner/.m2/repository/io/grpc/grpc-protobuf/1.51.1/grpc-protobuf-1.51.1.jar:/home/runner/.m2/repository/com/google/api/grpc/proto-google-common-protos/2.9.0/proto-google-common-protos-2.9.0.jar:/home/runner/.m2/repository/io/grpc/grpc-protobuf-lite/1.51.1/grpc-protobuf-lite-1.51.1.jar:/home/runner/.m2/repository/io/grpc/grpc-stub/1.51.1/grpc-stub-1.51.1.jar:/home/runner/.m2/repository/org/apache/hadoop/hadoop-hdfs-client/3.3.6/hadoop-hdfs-client-3.3.6.jar:/home/runner/.m2/repository/com/squareup/okhttp3/okhttp/4.9.3/okhttp-4.9.3.jar:/home/runner/.m2/repository/com/squareup/okio/okio/3.4.0/okio-3.4.0.jar:/home/runner/.m2/repository/com/squareup/okio/okio-jvm/3.4.0/okio-jvm-3.4.0.jar:/home/runner/.m2/repository/org/jetbrains/kotlin/kotlin-stdlib-jdk8/1.8.0/kotlin-stdlib-jdk8-1.8.0.jar:/home/runner/.m2/repository/org/jetbrains/kotlin/kotlin-stdlib-jdk7/1.8.0/kotlin-stdlib-jdk7-1.8.0.jar:/home/runner/.m2/repository/org/jetbrains/kotlin/kotlin-stdlib-common/1.6.21/kotlin-stdlib-common-1.6.21.jar:/home/runner/.m2/repository/com/fasterxml/jackson/core/jackson-databind/2.13.4.2/jackson-databind-2.13.4.2.jar:/home/runner/work/ozone/ozone/hadoop-ozone/client/target/classes:/home/runner/work/ozone/ozone/hadoop-hdds/erasurecode/target/classes:/home/runner/work/ozone/ozone/hadoop-hdds/docs/target/classes:/home/runner/work/ozone/ozone/hadoop-hdds/interface-client/target/classes:/home/runner/.m2/repository/com/google/protobuf/protobuf-java/2.5.0/protobuf-java-2.5.0.jar:/home/runner/.m2/repository/org/apache/hadoop/thirdparty/hadoop-shaded-protobuf_3_7/1.1.1/hadoop-shaded-protobuf_3_7-1.1.1.jar:/home/runner/.m2/repository/org/apache/ratis/ratis-thirdparty-misc/1.0.4/ratis-thirdparty-misc-1.0.4.jar:/home/runner/.m2/repository/javax/annotation/javax.annotation-api/1.2/javax.annotation-api-1.2.jar:/home/runner/.m2/repository/com/google/code/findbugs/jsr305/3.0.0/jsr305-3.0.0.jar:/home/runner/work/ozone/ozone/hadoop-ozone/interface-storage/target/classes:/home/runner/work/ozone/ozone/hadoop-hdds/test-utils/target/classes:/home/runner/.m2/repository/com/google/guava/guava/32.0.0-jre/guava-32.0.0-jre.jar:/home/runner/.m2/repository/com/google/guava/failureaccess/1.0.1/failureaccess-1.0.1.jar:/home/runner/.m2/repository/com/google/guava/listenablefuture/9999.0-empty-to-avoid-conflict-with-guava/listenablefuture-9999.0-empty-to-avoid-conflict-with-guava.jar:/home/runner/.m2/repository/org/checkerframework/checker-qual/3.33.0/checker-qual-3.33.0.jar:/home/runner/.m2/repository/com/google/j2objc/j2objc-annotations/2.8/j2objc-annotations-2.8.jar:/home/runner/.m2/repository/commons-io/commons-io/2.11.0/commons-io-2.11.0.jar:/home/runner/.m2/repository/commons-logging/commons-logging/1.2/commons-logging-1.2.jar:/home/runner/.m2/repository/org/junit/jupiter/junit-jupiter-api/5.8.2/junit-jupiter-api-5.8.2.jar:/home/runner/.m2/repository/org/opentest4j/opentest4j/1.2.0/opentest4j-1.2.0.jar:/home/runner/.m2/repository/org/junit/platform/junit-platform-commons/1.8.2/junit-platform-commons-1.8.2.jar:/home/runner/.m2/repository/ch/qos/reload4j/reload4j/1.2.22/reload4j-1.2.22.jar:/home/runner/.m2/repository/org/apache/commons/commons-lang3/3.7/commons-lang3-3.7.jar:/home/runner/.m2/repository/org/slf4j/slf4j-api/1.7.36/slf4j-api-1.7.36.jar:/home/runner/.m2/repository/org/apache/logging/log4j/log4j-api/2.17.1/log4j-api-2.17.1.jar:/home/runner/work/ozone/ozone/hadoop-hdds/framework/target/classes:/home/runner/work/ozone/ozone/hadoop-hdds/interface-server/target/classes:/home/runner/work/ozone/ozone/hadoop-hdds/interface-admin/target/classes:/home/runner/work/ozone/ozone/hadoop-hdds/managed-rocksdb/target/classes:/home/runner/.m2/repository/org/slf4j/slf4j-reload4j/1.7.36/slf4j-reload4j-1.7.36.jar:/home/runner/.m2/repository/org/apache/commons/commons-configuration2/2.1.1/commons-configuration2-2.1.1.jar:/home/runner/.m2/repository/commons-fileupload/commons-fileupload/1.5/commons-fileupload-1.5.jar:/home/runner/.m2/repository/org/apache/logging/log4j/log4j-core/2.17.1/log4j-core-2.17.1.jar:/home/runner/.m2/repository/com/lmax/disruptor/3.4.2/disruptor-3.4.2.jar:/home/runner/.m2/repository/org/eclipse/jetty/jetty-util/9.4.51.v20230217/jetty-util-9.4.51.v20230217.jar:/home/runner/.m2/repository/org/eclipse/jetty/jetty-server/9.4.51.v20230217/jetty-server-9.4.51.v20230217.jar:/home/runner/.m2/repository/javax/servlet/javax.servlet-api/3.1.0/javax.servlet-api-3.1.0.jar:/home/runner/.m2/repository/org/eclipse/jetty/jetty-http/9.4.51.v20230217/jetty-http-9.4.51.v20230217.jar:/home/runner/.m2/repository/org/eclipse/jetty/jetty-servlet/9.4.51.v20230217/jetty-servlet-9.4.51.v20230217.jar:/home/runner/.m2/repository/org/eclipse/jetty/jetty-security/9.4.51.v20230217/jetty-security-9.4.51.v20230217.jar:/home/runner/.m2/repository/org/eclipse/jetty/jetty-util-ajax/9.4.51.v20230217/jetty-util-ajax-9.4.51.v20230217.jar:/home/runner/.m2/repository/org/eclipse/jetty/jetty-webapp/9.4.51.v20230217/jetty-webapp-9.4.51.v20230217.jar:/home/runner/.m2/repository/org/eclipse/jetty/jetty-xml/9.4.51.v20230217/jetty-xml-9.4.51.v20230217.jar:/home/runner/.m2/repository/org/apache/ratis/ratis-server/2.5.1/ratis-server-2.5.1.jar:/home/runner/.m2/repository/org/apache/ratis/ratis-proto/2.5.1/ratis-proto-2.5.1.jar:/home/runner/.m2/repository/org/apache/ratis/ratis-common/2.5.1/ratis-common-2.5.1.jar:/home/runner/.m2/repository/org/apache/ratis/ratis-client/2.5.1/ratis-client-2.5.1.jar:/home/runner/.m2/repository/org/apache/ratis/ratis-server-api/2.5.1/ratis-server-api-2.5.1.jar:/home/runner/.m2/repository/org/apache/ratis/ratis-metrics/2.5.1/ratis-metrics-2.5.1.jar:/home/runner/.m2/repository/io/prometheus/simpleclient_dropwizard/0.7.0/simpleclient_dropwizard-0.7.0.jar:/home/runner/.m2/repository/io/prometheus/simpleclient/0.7.0/simpleclient-0.7.0.jar:/home/runner/.m2/repository/io/prometheus/simpleclient_common/0.7.0/simpleclient_common-0.7.0.jar:/home/runner/.m2/repository/com/fasterxml/jackson/datatype/jackson-datatype-jsr310/2.13.4/jackson-datatype-jsr310-2.13.4.jar:/home/runner/.m2/repository/com/fasterxml/jackson/core/jackson-core/2.13.4/jackson-core-2.13.4.jar:/home/runner/.m2/repository/org/awaitility/awaitility/4.2.0/awaitility-4.2.0.jar:/home/runner/.m2/repository/org/hamcrest/hamcrest/2.1/hamcrest-2.1.jar:/home/runner/work/ozone/ozone/hadoop-hdds/hadoop-dependency-server/target/classes:/home/runner/.m2/repository/org/apache/hadoop/hadoop-annotations/3.3.6/hadoop-annotations-3.3.6.jar:/usr/lib/jvm/temurin-8-jdk-amd64/jre/../lib/tools.jar:/home/runner/.m2/repository/org/apache/hadoop/hadoop-common/3.3.6/hadoop-common-3.3.6.jar:/home/runner/.m2/repository/org/apache/hadoop/thirdparty/hadoop-shaded-guava/1.1.1/hadoop-shaded-guava-1.1.1.jar:/home/runner/.m2/repository/org/apache/httpcomponents/httpclient/4.5.13/httpclient-4.5.13.jar:/home/runner/.m2/repository/org/apache/httpcomponents/httpcore/4.4.13/httpcore-4.4.13.jar:/home/runner/.m2/repository/commons-net/commons-net/3.9.0/commons-net-3.9.0.jar:/home/runner/.m2/repository/commons-collections/commons-collections/3.2.2/commons-collections-3.2.2.jar:/home/runner/.m2/repository/jakarta/activation/jakarta.activation-api/1.2.2/jakarta.activation-api-1.2.2.jar:/home/runner/.m2/repository/javax/servlet/jsp/jsp-api/2.1/jsp-api-2.1.jar:/home/runner/.m2/repository/com/sun/jersey/jersey-servlet/1.19/jersey-servlet-1.19.jar:/home/runner/.m2/repository/com/sun/jersey/jersey-server/1.19/jersey-server-1.19.jar:/home/runner/.m2/repository/commons-beanutils/commons-beanutils/1.9.4/commons-beanutils-1.9.4.jar:/home/runner/.m2/repository/com/google/re2j/re2j/1.1/re2j-1.1.jar:/home/runner/.m2/repository/com/google/code/gson/gson/2.9.0/gson-2.9.0.jar:/home/runner/.m2/repository/org/apache/hadoop/hadoop-auth/3.3.6/hadoop-auth-3.3.6.jar:/home/runner/.m2/repository/com/nimbusds/nimbus-jose-jwt/9.8.1/nimbus-jose-jwt-9.8.1.jar:/home/runner/.m2/repository/com/github/stephenc/jcip/jcip-annotations/1.0-1/jcip-annotations-1.0-1.jar:/home/runner/.m2/repository/com/jcraft/jsch/0.1.54/jsch-0.1.54.jar:/home/runner/.m2/repository/org/apache/kerby/kerb-core/1.0.1/kerb-core-1.0.1.jar:/home/runner/.m2/repository/org/apache/kerby/kerby-pkix/1.0.1/kerby-pkix-1.0.1.jar:/home/runner/.m2/repository/org/apache/kerby/kerby-asn1/1.0.1/kerby-asn1-1.0.1.jar:/home/runner/.m2/repository/org/apache/kerby/kerby-util/1.0.1/kerby-util-1.0.1.jar:/home/runner/.m2/repository/org/codehaus/woodstox/stax2-api/4.2.1/stax2-api-4.2.1.jar:/home/runner/.m2/repository/com/fasterxml/woodstox/woodstox-core/5.4.0/woodstox-core-5.4.0.jar:/home/runner/.m2/repository/dnsjava/dnsjava/2.1.7/dnsjava-2.1.7.jar:/home/runner/.m2/repository/org/xerial/snappy/snappy-java/1.1.8.2/snappy-java-1.1.8.2.jar:/home/runner/.m2/repository/commons-cli/commons-cli/1.2/commons-cli-1.2.jar:/home/runner/.m2/repository/org/apache/hadoop/hadoop-hdfs/3.3.6/hadoop-hdfs-3.3.6.jar:/home/runner/.m2/repository/commons-daemon/commons-daemon/1.0.13/commons-daemon-1.0.13.jar:/home/runner/work/ozone/ozone/hadoop-hdds/rocksdb-checkpoint-differ/target/classes:/home/runner/.m2/repository/org/rocksdb/rocksdbjni/7.7.3/rocksdbjni-7.7.3.jar:/home/runner/.m2/repository/org/jgrapht/jgrapht-core/1.0.1/jgrapht-core-1.0.1.jar:/home/runner/.m2/repository/org/jgrapht/jgrapht-ext/1.0.1/jgrapht-ext-1.0.1.jar:/home/runner/.m2/repository/org/tinyjee/jgraphx/jgraphx/2.0.0.1/jgraphx-2.0.0.1.jar:/home/runner/.m2/repository/jgraph/jgraph/5.13.0.0/jgraph-5.13.0.0.jar:/home/runner/.m2/repository/org/antlr/antlr4-runtime/4.5.3/antlr4-runtime-4.5.3.jar:/home/runner/.m2/repository/org/bouncycastle/bcprov-jdk15on/1.67/bcprov-jdk15on-1.67.jar:/home/runner/.m2/repository/io/netty/netty-tcnative-boringssl-static/2.0.61.Final/netty-tcnative-boringssl-static-2.0.61.Final.jar:/home/runner/.m2/repository/io/netty/netty-tcnative-classes/2.0.61.Final/netty-tcnative-classes-2.0.61.Final.jar:/home/runner/.m2/repository/io/netty/netty-tcnative-boringssl-static/2.0.61.Final/netty-tcnative-boringssl-static-2.0.61.Final-linux-x86_64.jar:/home/runner/.m2/repository/io/netty/netty-tcnative-boringssl-static/2.0.61.Final/netty-tcnative-boringssl-static-2.0.61.Final-linux-aarch_64.jar:/home/runner/.m2/repository/io/netty/netty-tcnative-boringssl-static/2.0.61.Final/netty-tcnative-boringssl-static-2.0.61.Final-osx-x86_64.jar:/home/runner/.m2/repository/io/netty/netty-tcnative-boringssl-static/2.0.61.Final/netty-tcnative-boringssl-static-2.0.61.Final-osx-aarch_64.jar:/home/runner/.m2/repository/io/netty/netty-tcnative-boringssl-static/2.0.61.Final/netty-tcnative-boringssl-static-2.0.61.Final-windows-x86_64.jar:/home/runner/.m2/repository/org/mockito/mockito-core/3.5.9/mockito-core-3.5.9.jar:/home/runner/.m2/repository/net/bytebuddy/byte-buddy/1.10.13/byte-buddy-1.10.13.jar:/home/runner/.m2/repository/net/bytebuddy/byte-buddy-agent/1.10.13/byte-buddy-agent-1.10.13.jar:/home/runner/.m2/repository/org/objenesis/objenesis/1.0/objenesis-1.0.jar:/home/runner/.m2/repository/com/github/spotbugs/spotbugs-annotations/3.1.12/spotbugs-annotations-3.1.12.jar:/home/runner/work/ozone/ozone/hadoop-hdds/common/target/test-classes:/home/runner/work/ozone/ozone/hadoop-hdds/hadoop-dependency-client/target/classes:/home/runner/.m2/repository/info/picocli/picocli/4.6.1/picocli-4.6.1.jar:/home/runner/.m2/repository/com/fasterxml/jackson/core/jackson-annotations/2.13.4/jackson-annotations-2.13.4.jar:/home/runner/work/ozone/ozone/hadoop-hdds/annotations/target/classes:/home/runner/work/ozone/ozone/hadoop-hdds/config/target/classes:/home/runner/.m2/repository/io/dropwizard/metrics/metrics-core/3.2.4/metrics-core-3.2.4.jar:/home/runner/.m2/repository/org/apache/ratis/ratis-netty/2.5.1/ratis-netty-2.5.1.jar:/home/runner/.m2/repository/org/apache/ratis/ratis-grpc/2.5.1/ratis-grpc-2.5.1.jar:/home/runner/.m2/repository/org/apache/commons/commons-pool2/2.6.0/commons-pool2-2.6.0.jar:/home/runner/.m2/repository/org/bouncycastle/bcpkix-jdk15on/1.67/bcpkix-jdk15on-1.67.jar:/home/runner/.m2/repository/commons-validator/commons-validator/1.6/commons-validator-1.6.jar:/home/runner/.m2/repository/commons-digester/commons-digester/1.8.1/commons-digester-1.8.1.jar:/home/runner/.m2/repository/io/jaegertracing/jaeger-client/1.6.0/jaeger-client-1.6.0.jar:/home/runner/.m2/repository/io/jaegertracing/jaeger-thrift/1.6.0/jaeger-thrift-1.6.0.jar:/home/runner/.m2/repository/org/apache/thrift/libthrift/0.14.1/libthrift-0.14.1.jar:/home/runner/.m2/repository/io/jaegertracing/jaeger-core/1.6.0/jaeger-core-1.6.0.jar:/home/runner/.m2/repository/io/jaegertracing/jaeger-tracerresolver/1.6.0/jaeger-tracerresolver-1.6.0.jar:/home/runner/.m2/repository/io/opentracing/contrib/opentracing-tracerresolver/0.1.8/opentracing-tracerresolver-0.1.8.jar:/home/runner/.m2/repository/org/jetbrains/kotlin/kotlin-stdlib/1.6.21/kotlin-stdlib-1.6.21.jar:/home/runner/.m2/repository/org/jetbrains/annotations/13.0/annotations-13.0.jar:/home/runner/.m2/repository/io/opentracing/opentracing-util/0.33.0/opentracing-util-0.33.0.jar:/home/runner/.m2/repository/io/opentracing/opentracing-api/0.33.0/opentracing-api-0.33.0.jar:/home/runner/.m2/repository/io/opentracing/opentracing-noop/0.33.0/opentracing-noop-0.33.0.jar:/home/runner/.m2/repository/org/yaml/snakeyaml/2.0/snakeyaml-2.0.jar:/home/runner/.m2/repository/io/grpc/grpc-api/1.51.1/grpc-api-1.51.1.jar:/home/runner/.m2/repository/io/grpc/grpc-context/1.51.1/grpc-context-1.51.1.jar:/home/runner/work/ozone/ozone/hadoop-hdds/hadoop-dependency-test/target/classes:/home/runner/.m2/repository/org/apache/hadoop/hadoop-common/3.3.6/hadoop-common-3.3.6-tests.jar:/home/runner/.m2/repository/org/apache/hadoop/hadoop-hdfs/3.3.6/hadoop-hdfs-3.3.6-tests.jar:/home/runner/.m2/repository/commons-codec/commons-codec/1.15/commons-codec-1.15.jar:/home/runner/.m2/repository/org/assertj/assertj-core/3.12.2/assertj-core-3.12.2.jar:/home/runner/work/ozone/ozone/hadoop-hdds/server-scm/target/test-classes:/home/runner/work/ozone/ozone/hadoop-hdds/container-service/target/classes:/home/runner/.m2/repository/com/github/luben/zstd-jni/1.5.2-5/zstd-jni-1.5.2-5.jar:/home/runner/.m2/repository/javax/xml/bind/jaxb-api/2.3.0/jaxb-api-2.3.0.jar:/home/runner/.m2/repository/org/glassfish/jaxb/jaxb-runtime/2.3.0.1/jaxb-runtime-2.3.0.1.jar:/home/runner/.m2/repository/org/glassfish/jaxb/jaxb-core/2.3.0.1/jaxb-core-2.3.0.1.jar:/home/runner/.m2/repository/org/glassfish/jaxb/txw2/2.3.0.1/txw2-2.3.0.1.jar:/home/runner/.m2/repository/com/sun/istack/istack-commons-runtime/3.0.5/istack-commons-runtime-3.0.5.jar:/home/runner/.m2/repository/org/jvnet/staxex/stax-ex/1.7.8/stax-ex-1.7.8.jar:/home/runner/.m2/repository/com/sun/xml/fastinfoset/FastInfoset/1.2.13/FastInfoset-1.2.13.jar:/home/runner/.m2/repository/org/apache/commons/commons-text/1.10.0/commons-text-1.10.0.jar:/home/runner/.m2/repository/junit/junit/4.13.1/junit-4.13.1.jar:/home/runner/.m2/repository/org/hamcrest/hamcrest-core/1.3/hamcrest-core-1.3.jar:/home/runner/.m2/repository/org/jmockit/jmockit/1.24/jmockit-1.24.jar:/home/runner/.m2/repository/org/hamcrest/hamcrest-all/1.3/hamcrest-all-1.3.jar:/home/runner/.m2/repository/com/google/testing/compile/compile-testing/0.19/compile-testing-0.19.jar:/home/runner/.m2/repository/com/google/truth/truth/1.1/truth-1.1.jar:/home/runner/.m2/repository/com/google/auto/value/auto-value-annotations/1.7.4/auto-value-annotations-1.7.4.jar:/home/runner/.m2/repository/org/ow2/asm/asm/5.0.4/asm-5.0.4.jar:/home/runner/.m2/repository/com/google/auto/value/auto-value/1.7.4/auto-value-1.7.4.jar:/home/runner/.m2/repository/com/google/auto/auto-common/0.11/auto-common-0.11.jar:/usr/lib/jvm/temurin-8-jdk-amd64/jre/../lib/tools.jar:/home/runner/.m2/repository/org/reflections/reflections/0.9.11/reflections-0.9.11.jar:/home/runner/.m2/repository/org/javassist/javassist/3.21.0-GA/javassist-3.21.0-GA.jar:/home/runner/.m2/repository/com/sun/jersey/jersey-client/1.19/jersey-client-1.19.jar:/home/runner/.m2/repository/com/sun/jersey/jersey-core/1.19/jersey-core-1.19.jar:/home/runner/.m2/repository/javax/ws/rs/jsr311-api/1.1.1/jsr311-api-1.1.1.jar:/home/runner/.m2/repository/org/codehaus/jackson/jackson-core-asl/1.9.13/jackson-core-asl-1.9.13.jar:/home/runner/.m2/repository/org/codehaus/jackson/jackson-mapper-asl/1.9.13/jackson-mapper-asl-1.9.13.jar:/home/runner/.m2/repository/org/codehaus/jackson/jackson-jaxrs/1.9.13/jackson-jaxrs-1.9.13.jar:/home/runner/.m2/repository/org/apache/ranger/ranger-intg/2.3.0/ranger-intg-2.3.0.jar:/home/runner/.m2/repository/org/apache/ranger/ranger-plugins-common/2.3.0/ranger-plugins-common-2.3.0.jar:/home/runner/.m2/repository/commons-lang/commons-lang/2.6/commons-lang-2.6.jar:/home/runner/.m2/repository/org/apache/ranger/ranger-plugins-cred/2.3.0/ranger-plugins-cred-2.3.0.jar:/home/runner/.m2/repository/org/apache/ranger/ranger-plugins-audit/2.3.0/ranger-plugins-audit-2.3.0.jar:/home/runner/.m2/repository/org/eclipse/jetty/jetty-client/9.4.51.v20230217/jetty-client-9.4.51.v20230217.jar:/home/runner/.m2/repository/org/apache/httpcomponents/httpmime/4.5.6/httpmime-4.5.6.jar:/home/runner/.m2/repository/org/apache/httpcomponents/httpcore-nio/4.4.13/httpcore-nio-4.4.13.jar:/home/runner/.m2/repository/org/apache/httpcomponents/httpasyncclient/4.1.3/httpasyncclient-4.1.3.jar:/home/runner/.m2/repository/joda-time/joda-time/2.10.6/joda-time-2.10.6.jar:/home/runner/.m2/repository/com/carrotsearch/hppc/0.8.0/hppc-0.8.0.jar:/home/runner/.m2/repository/org/apache/orc/orc-core/1.5.8/orc-core-1.5.8.jar:/home/runner/.m2/repository/net/java/dev/jna/jna/5.2.0/jna-5.2.0.jar:/home/runner/.m2/repository/net/java/dev/jna/jna-platform/5.2.0/jna-platform-5.2.0.jar:/home/runner/.m2/repository/com/kstruct/gethostname4j/0.0.2/gethostname4j-0.0.2.jar:/home/runner/.m2/repository/org/apache/ranger/ranger-plugin-classloader/2.3.0/ranger-plugin-classloader-2.3.0.jar:/home/runner/.m2/repository/org/junit/jupiter/junit-jupiter-params/5.8.2/junit-jupiter-params-5.8.2.jar:/home/runner/.m2/repository/org/apiguardian/apiguardian-api/1.1.2/apiguardian-api-1.1.2.jar:/home/runner/work/ozone/ozone/hadoop-hdds/rocks-native/target/classes:/home/runner/.m2/repository/org/eclipse/jetty/jetty-io/9.4.51.v20230217/jetty-io-9.4.51.v20230217.jar:/home/runner/.m2/repository/org/mockito/mockito-junit-jupiter/3.5.9/mockito-junit-jupiter-3.5.9.jar:"/>
    <property name="sun.cpu.endian" value="little"/>
    <property name="user.home" value="/home/runner"/>
    <property name="user.language" value="en"/>
    <property name="java.specification.vendor" value="Oracle Corporation"/>
    <property name="java.home" value="/usr/lib/jvm/temurin-8-jdk-amd64/jre"/>
    <property name="java.security.krb5.conf" value="/home/runner/work/ozone/ozone/hadoop-ozone/ozone-manager/target/test-classes/krb5.conf"/>
    <property name="file.separator" value="/"/>
    <property name="basedir" value="/home/runner/work/ozone/ozone/hadoop-ozone/ozone-manager"/>
    <property name="line.separator" value="&#10;"/>
    <property name="java.vm.specification.vendor" value="Oracle Corporation"/>
    <property name="java.specification.name" value="Java Platform API Specification"/>
    <property name="skip.installnpx" value="true"/>
    <property name="java.awt.graphicsenv" value="sun.awt.X11GraphicsEnvironment"/>
    <property name="surefire.real.class.path" value="/home/runner/work/ozone/ozone/hadoop-ozone/ozone-manager/target/surefire/surefirebooter268338222653621166.jar:/home/runner/.m2/repository/org/jacoco/org.jacoco.agent/0.8.5/org.jacoco.agent-0.8.5-runtime.jar"/>
    <property name="sun.boot.class.path" value="/usr/lib/jvm/temurin-8-jdk-amd64/jre/lib/resources.jar:/usr/lib/jvm/temurin-8-jdk-amd64/jre/lib/rt.jar:/usr/lib/jvm/temurin-8-jdk-amd64/jre/lib/sunrsasign.jar:/usr/lib/jvm/temurin-8-jdk-amd64/jre/lib/jsse.jar:/usr/lib/jvm/temurin-8-jdk-amd64/jre/lib/jce.jar:/usr/lib/jvm/temurin-8-jdk-amd64/jre/lib/charsets.jar:/usr/lib/jvm/temurin-8-jdk-amd64/jre/lib/jfr.jar:/usr/lib/jvm/temurin-8-jdk-amd64/jre/classes"/>
    <property name="hadoop.log.dir" value="/home/runner/work/ozone/ozone/hadoop-ozone/ozone-manager/target/log"/>
    <property name="sun.management.compiler" value="HotSpot 64-Bit Tiered Compilers"/>
    <property name="java.runtime.version" value="1.8.0_382-b05"/>
    <property name="skip.npx" value="true"/>
    <property name="user.name" value="runner"/>
    <property name="java.net.preferIPv4Stack" value="true"/>
    <property name="path.separator" value=":"/>
    <property name="java.security.egd" value="file:///dev/urandom"/>
    <property name="os.version" value="5.15.0-1045-azure"/>
    <property name="java.endorsed.dirs" value="/usr/lib/jvm/temurin-8-jdk-amd64/jre/lib/endorsed"/>
    <property name="java.runtime.name" value="OpenJDK Runtime Environment"/>
    <property name="file.encoding" value="UTF-8"/>
    <property name="OZONE_CONF_DIR" value="/"/>
    <property name="java.vm.name" value="OpenJDK 64-Bit Server VM"/>
    <property name="test.build.webapps" value=""/>
    <property name="localRepository" value="/home/runner/.m2/repository"/>
    <property name="jetty.git.hash" value="b45c405e4544384de066f814ed42ae3dceacdd49"/>
    <property name="java.vendor.url.bug" value="https://github.com/adoptium/adoptium-support/issues"/>
    <property name="require.test.libhadoop" value=""/>
    <property name="java.io.tmpdir" value="/tmp"/>
    <property name="java.version" value="1.8.0_382"/>
    <property name="user.dir" value="/home/runner/work/ozone/ozone/hadoop-ozone/ozone-manager"/>
    <property name="os.arch" value="amd64"/>
    <property name="test.build.classes" value="/home/runner/work/ozone/ozone/hadoop-ozone/ozone-manager/target/test-classes"/>
    <property name="java.vm.specification.name" value="Java Virtual Machine Specification"/>
    <property name="java.awt.printerjob" value="sun.print.PSPrinterJob"/>
    <property name="sun.os.patch.level" value="unknown"/>
    <property name="excludedGroups" value="native"/>
    <property name="org.apache.ratis.thirdparty.io.netty.allocator.useCacheForAllThreads" value="false"/>
    <property name="hadoop.tmp.dir" value="/home/runner/work/ozone/ozone/hadoop-ozone/ozone-manager/target/tmp"/>
    <property name="java.library.path" value="/usr/java/packages/lib/amd64:/usr/lib64:/lib64:/lib:/usr/lib"/>
    <property name="java.vendor" value="Temurin"/>
    <property name="java.vm.info" value="mixed mode"/>
    <property name="java.vm.version" value="25.382-b05"/>
    <property name="java.specification.maintenance.version" value="5"/>
    <property name="sun.io.unicode.encoding" value="UnicodeLittle"/>
    <property name="java.ext.dirs" value="/usr/lib/jvm/temurin-8-jdk-amd64/jre/lib/ext:/usr/java/packages/lib/ext"/>
    <property name="java.class.version" value="52.0"/>
  </properties>
  <testcase name="testCleanupExpiredOpenKeys(int, int, boolean)[1]" classname="org.apache.hadoop.ozone.om.service.TestOpenKeyCleanupService" time="20.678">
    <system-out><![CDATA[2023-09-07 12:24:07,517 [main] WARN  server.ServerUtils (ServerUtils.java:getDBPath(311)) - ozone.om.db.dirs is not configured. We recommend adding this setting. Falling back to ozone.metadata.dirs instead.
2023-09-07 12:24:08,053 [main] INFO  audit.AuditLogger (AuditLogger.java:refreshDebugCmdSet(126)) - Refresh DebugCmdSet for OMAudit to [].
2023-09-07 12:24:08,278 [main] INFO  ha.OMHANodeDetails (OMHANodeDetails.java:loadOMHAConfig(115)) - ozone.om.internal.service.id is not defined, falling back to ozone.om.service.ids to find serviceID for OzoneManager if it is HA enabled cluster
2023-09-07 12:24:08,341 [main] INFO  ha.OMHANodeDetails (OMHANodeDetails.java:loadOMHAConfig(226)) - Configuration does not have ozone.om.address set. Falling back to the default OM address /0.0.0.0:9862
2023-09-07 12:24:08,341 [main] INFO  ha.OMHANodeDetails (OMHANodeDetails.java:getOMNodeDetailsForNonHA(254)) - OM Service ID is not set. Setting it to the default ID: omServiceIdDefault
2023-09-07 12:24:08,341 [main] INFO  ha.OMHANodeDetails (OMHANodeDetails.java:getOMNodeDetailsForNonHA(261)) - OM Node ID is not set. Setting it to the default ID: om1
2023-09-07 12:24:08,348 [main] WARN  server.ServerUtils (ServerUtils.java:getDBPath(311)) - ozone.om.db.dirs is not configured. We recommend adding this setting. Falling back to ozone.metadata.dirs instead.
2023-09-07 12:24:08,356 [main] INFO  upgrade.AbstractLayoutVersionManager (AbstractLayoutVersionManager.java:init(83)) - Initializing Layout version manager with metadata layout = QUOTA (version = 6), software layout = QUOTA (version = 6)
2023-09-07 12:24:08,542 [main] INFO  reflections.Reflections (Reflections.java:scan(232)) - Reflections took 153 ms to scan 2 urls, producing 187 keys and 514 values [using 2 cores]
2023-09-07 12:24:08,561 [main] INFO  upgrade.OMLayoutVersionManager (OMLayoutVersionManager.java:lambda$0(115)) - Skipping Upgrade Action QuotaRepairUpgradeAction since it has been finalized.
2023-09-07 12:24:08,563 [main] INFO  upgrade.OMLayoutVersionManager (OMLayoutVersionManager.java:lambda$0(115)) - Skipping Upgrade Action MockOmUpgradeAction since it has been finalized.
2023-09-07 12:24:08,592 [main] WARN  server.ServerUtils (ServerUtils.java:getDBPath(311)) - ozone.om.db.dirs is not configured. We recommend adding this setting. Falling back to ozone.metadata.dirs instead.
2023-09-07 12:24:08,654 [main] WARN  util.NativeCodeLoader (NativeCodeLoader.java:<clinit>(60)) - Unable to load native-hadoop library for your platform... using builtin-java classes where applicable
2023-09-07 12:24:08,967 [main] INFO  proxy.SCMBlockLocationFailoverProxyProvider (SCMBlockLocationFailoverProxyProvider.java:<init>(114)) - Created block location fail-over proxy with 1 nodes: [nodeId=scmNodeId,nodeAddress=/127.0.0.1:9863]
2023-09-07 12:24:09,439 [main] INFO  om.OzoneManager (OzoneManager.java:<init>(665)) - OM start with adminUsers: [runner]
2023-09-07 12:24:09,464 [main] WARN  server.ServerUtils (ServerUtils.java:getDBPath(311)) - ozone.om.db.dirs is not configured. We recommend adding this setting. Falling back to ozone.metadata.dirs instead.
2023-09-07 12:24:09,660 [main] INFO  helpers.OmKeyInfo (OmKeyInfo.java:getCodec(71)) - OmKeyInfo.getCodec ignorePipeline = true
2023-09-07 12:24:10,012 [main] INFO  om.OzoneManager (OzoneManager.java:instantiateServices(794)) - S3 Multi-Tenancy is disabled
2023-09-07 12:24:10,030 [main] INFO  security.OzoneSecretStore (OzoneSecretStore.java:loadState(69)) - Loaded 0 tokens
2023-09-07 12:24:10,036 [main] INFO  security.OzoneDelegationTokenSecretManager (OzoneDelegationTokenSecretManager.java:loadTokenSecretState(530)) - Loading token state into token manager.
2023-09-07 12:24:10,068 [main] INFO  om.OmSnapshotManager (OmSnapshotManager.java:<init>(174)) - Ozone filesystem snapshot feature is enabled.
2023-09-07 12:24:10,077 [main] WARN  server.ServerUtils (ServerUtils.java:getDBPath(311)) - ozone.om.snapshot.diff.db.dir is not configured. We recommend adding this setting. Falling back to ozone.metadata.dirs instead.
2023-09-07 12:24:10,125 [main] INFO  utils.NativeLibraryLoader (NativeLibraryLoader.java:loadLibrary(108)) - Loading Library: ozone_rocksdb_tools
2023-09-07 12:24:10,126 [main] INFO  snapshot.SnapshotDiffManager (SnapshotDiffManager.java:closeExecutorService(1697)) - Shutting down executorService: 'SstDumpToolExecutor'
2023-09-07 12:24:10,344 [main] INFO  om.OzoneManager (OzoneManager.java:addS3GVolumeToDB(4301)) - Created Volume s3v With Owner runner required for S3Gateway operations.
2023-09-07 12:24:10,420 [main] WARN  server.ServerUtils (ServerUtils.java:getDefaultRatisDirectory(323)) - Storage directory for Ratis is not configured. It is a good idea to map this to an SSD disk. Falling back to ozone.metadata.dirs
2023-09-07 12:24:10,421 [main] WARN  utils.OzoneManagerRatisUtils (OzoneManagerRatisUtils.java:getOMRatisSnapshotDirectory(464)) - ozone.om.ratis.snapshot.dir is not configured. Falling back to ozone.metadata.dirs config
2023-09-07 12:24:10,440 [main] INFO  metrics.MetricRegistries (MetricRegistriesLoader.java:load(64)) - Loaded MetricRegistries class org.apache.ratis.metrics.impl.MetricRegistriesImpl
2023-09-07 12:24:10,449 [main] WARN  server.ServerUtils (ServerUtils.java:getDefaultRatisDirectory(323)) - Storage directory for Ratis is not configured. It is a good idea to map this to an SSD disk. Falling back to ozone.metadata.dirs
2023-09-07 12:24:10,476 [main] INFO  ratis.OzoneManagerRatisServer (OzoneManagerRatisServer.java:<init>(163)) - Instantiating OM Ratis server with groupID: omServiceIdDefault and peers: 0.0.0.0:9872
2023-09-07 12:24:10,487 [main] INFO  ratis.OzoneManagerStateMachine (OzoneManagerStateMachine.java:loadSnapshotInfoFromDB(687)) - LastAppliedIndex is set from TransactionInfo from OM DB as (t:0, i:~)
2023-09-07 12:24:10,541 [main] INFO  server.RaftServer (ConfUtils.java:logGet(46)) - raft.rpc.type = GRPC (default)
2023-09-07 12:24:10,550 [main] INFO  grpc.GrpcConfigKeys (ConfUtils.java:logFallback(53)) - raft.grpc.admin.host = null (fallback to raft.grpc.server.host)
2023-09-07 12:24:10,552 [main] INFO  grpc.GrpcConfigKeys (ConfUtils.java:logFallback(53)) - raft.grpc.admin.port = 9872 (fallback to raft.grpc.server.port)
2023-09-07 12:24:10,552 [main] INFO  grpc.GrpcConfigKeys (ConfUtils.java:logFallback(53)) - raft.grpc.client.host = null (fallback to raft.grpc.server.host)
2023-09-07 12:24:10,553 [main] INFO  grpc.GrpcConfigKeys (ConfUtils.java:logFallback(53)) - raft.grpc.client.port = 9872 (fallback to raft.grpc.server.port)
2023-09-07 12:24:10,553 [main] INFO  grpc.GrpcConfigKeys (ConfUtils.java:logGet(46)) - raft.grpc.server.host = null (default)
2023-09-07 12:24:10,554 [main] INFO  grpc.GrpcConfigKeys (ConfUtils.java:logGet(46)) - raft.grpc.server.port = 9872 (custom)
2023-09-07 12:24:10,554 [main] INFO  server.GrpcService (ConfUtils.java:logGet(46)) - raft.grpc.message.size.max = 33554432 (custom)
2023-09-07 12:24:10,556 [main] INFO  server.RaftServerConfigKeys (ConfUtils.java:logGet(46)) - raft.server.log.appender.buffer.byte-limit = 33554432 (custom)
2023-09-07 12:24:10,556 [main] INFO  server.GrpcService (ConfUtils.java:logGet(46)) - raft.grpc.flow.control.window = 1MB (=1048576) (default)
2023-09-07 12:24:10,557 [main] INFO  server.RaftServerConfigKeys (ConfUtils.java:logGet(46)) - raft.server.rpc.request.timeout = 3000ms (default)
2023-09-07 12:24:10,568 [main] INFO  grpc.GrpcConfigKeys (ConfUtils.java:logGet(46)) - raft.grpc.server.heartbeat.channel = true (default)
2023-09-07 12:24:10,571 [main] INFO  grpc.GrpcConfigKeys (ConfUtils.java:logGet(46)) - raft.grpc.server.async.request.thread.pool.cached = true (default)
2023-09-07 12:24:10,572 [main] INFO  grpc.GrpcConfigKeys (ConfUtils.java:logGet(46)) - raft.grpc.server.async.request.thread.pool.size = 32 (default)
2023-09-07 12:24:10,778 [main] INFO  impl.DataStreamServerImpl (ConfUtils.java:logGet(46)) - raft.datastream.type = DISABLED (default)
2023-09-07 12:24:10,782 [main] INFO  server.RaftServerConfigKeys (ConfUtils.java:logGet(46)) - raft.server.threadpool.proxy.cached = true (default)
2023-09-07 12:24:10,782 [main] INFO  server.RaftServerConfigKeys (ConfUtils.java:logGet(46)) - raft.server.threadpool.proxy.size = 0 (default)
2023-09-07 12:24:10,783 [main] INFO  server.RaftServerConfigKeys (ConfUtils.java:logGet(46)) - raft.server.rpc.slowness.timeout = 120s (custom)
2023-09-07 12:24:10,783 [main] INFO  server.RaftServerConfigKeys (ConfUtils.java:logGet(46)) - raft.server.leaderelection.leader.step-down.wait-time = 10s (default)
2023-09-07 12:24:10,786 [main] INFO  server.RaftServerConfigKeys (ConfUtils.java:logGet(46)) - raft.server.storage.dir = [/tmp/junit3046791350800866295/ratis] (custom)
2023-09-07 12:24:10,793 [main] INFO  server.RaftServer (RaftServerProxy.java:addNew(98)) - om1: addNew group-C5BA1605619E:[om1|rpc:0.0.0.0:9872|priority:0|startupRole:FOLLOWER] returns group-C5BA1605619E:java.util.concurrent.CompletableFuture@746fda68[Not completed]
2023-09-07 12:24:10,794 [main] INFO  om.OzoneManager (OzoneManager.java:initializeRatisServer(2145)) - OzoneManager Ratis server initialized at port 9872
2023-09-07 12:24:10,798 [main] INFO  om.OzoneManager (OzoneManager.java:getRpcServer(1196)) - Creating RPC Server
2023-09-07 12:24:10,813 [om1-groupManagement] INFO  server.RaftServer$Division (RaftServerImpl.java:<init>(198)) - om1: new RaftServerImpl for group-C5BA1605619E:[om1|rpc:0.0.0.0:9872|priority:0|startupRole:FOLLOWER] with OzoneManagerStateMachine:uninitialized
2023-09-07 12:24:10,827 [om1-groupManagement] INFO  server.RaftServerConfigKeys (ConfUtils.java:logGet(46)) - raft.server.rpc.timeout.min = 5s (custom)
2023-09-07 12:24:10,827 [om1-groupManagement] INFO  server.RaftServerConfigKeys (ConfUtils.java:logGet(46)) - raft.server.rpc.timeout.max = 5200ms (custom)
2023-09-07 12:24:10,827 [om1-groupManagement] INFO  server.RaftServerConfigKeys (ConfUtils.java:logGet(46)) - raft.server.rpc.sleep.time = 25ms (default)
2023-09-07 12:24:10,828 [om1-groupManagement] INFO  server.RaftServerConfigKeys (ConfUtils.java:logGet(46)) - raft.server.rpc.slowness.timeout = 120s (custom)
2023-09-07 12:24:10,828 [om1-groupManagement] INFO  server.RaftServerConfigKeys (ConfUtils.java:logGet(46)) - raft.server.leaderelection.leader.step-down.wait-time = 10s (default)
2023-09-07 12:24:10,828 [om1-groupManagement] INFO  server.RaftServerConfigKeys (ConfUtils.java:logGet(46)) - raft.server.sleep.deviation.threshold = 300ms (default)
2023-09-07 12:24:10,844 [om1-groupManagement] INFO  server.RaftServer$Division (ServerState.java:<init>(120)) - om1@group-C5BA1605619E: ConfigurationManager, init=-1: peers:[om1|rpc:0.0.0.0:9872|priority:0|startupRole:FOLLOWER]|listeners:[], old=null, confs=<EMPTY_MAP>
2023-09-07 12:24:10,844 [om1-groupManagement] INFO  server.RaftServerConfigKeys (ConfUtils.java:logGet(46)) - raft.server.storage.dir = [/tmp/junit3046791350800866295/ratis] (custom)
2023-09-07 12:24:10,861 [om1-groupManagement] INFO  server.RaftServerConfigKeys (ConfUtils.java:logGet(46)) - raft.server.log.corruption.policy = EXCEPTION (default)
2023-09-07 12:24:10,861 [om1-groupManagement] INFO  server.RaftServerConfigKeys (ConfUtils.java:logGet(46)) - raft.server.storage.free-space.min = 0MB (=0) (default)
2023-09-07 12:24:10,878 [om1-groupManagement] INFO  server.RaftServerConfigKeys (ConfUtils.java:logGet(46)) - raft.server.notification.no-leader.timeout = 120s (custom)
2023-09-07 12:24:10,882 [om1-groupManagement] INFO  server.RaftServerConfigKeys (ConfUtils.java:logGet(46)) - raft.server.read.timeout = 10s (default)
2023-09-07 12:24:10,888 [om1-groupManagement] INFO  server.RaftServerConfigKeys (ConfUtils.java:logGet(46)) - raft.server.retrycache.expirytime = 300s (custom)
2023-09-07 12:24:10,888 [om1-groupManagement] INFO  server.RaftServerConfigKeys (ConfUtils.java:logGet(46)) - raft.server.retrycache.statistics.expirytime = 100μs (default)
2023-09-07 12:24:10,932 [om1-groupManagement] INFO  server.RaftServerConfigKeys (ConfUtils.java:logGet(46)) - raft.server.read.option = DEFAULT (default)
2023-09-07 12:24:10,998 [om1-groupManagement] INFO  server.RaftServerConfigKeys (ConfUtils.java:logGet(46)) - raft.server.rpc.request.timeout = 3000ms (default)
2023-09-07 12:24:11,007 [om1-groupManagement] INFO  server.RaftServerConfigKeys (ConfUtils.java:logGet(46)) - raft.server.log.appender.install.snapshot.enabled = false (custom)
2023-09-07 12:24:11,007 [om1-groupManagement] INFO  server.RaftServerConfigKeys (ConfUtils.java:logGet(46)) - raft.server.threadpool.server.cached = true (default)
2023-09-07 12:24:11,015 [om1-groupManagement] INFO  server.RaftServerConfigKeys (ConfUtils.java:logGet(46)) - raft.server.threadpool.server.size = 0 (default)
2023-09-07 12:24:11,016 [om1-groupManagement] INFO  server.RaftServerConfigKeys (ConfUtils.java:logGet(46)) - raft.server.threadpool.client.cached = true (default)
2023-09-07 12:24:11,016 [om1-groupManagement] INFO  server.RaftServerConfigKeys (ConfUtils.java:logGet(46)) - raft.server.threadpool.client.size = 0 (default)
2023-09-07 12:24:11,244 [main] INFO  reflections.Reflections (Reflections.java:scan(232)) - Reflections took 360 ms to scan 12 urls, producing 50 keys and 2998 values [using 2 cores]
2023-09-07 12:24:11,434 [main] INFO  ipc.CallQueueManager (CallQueueManager.java:<init>(90)) - Using callQueue: class java.util.concurrent.LinkedBlockingQueue, queueCapacity: 10000, scheduler: class org.apache.hadoop.ipc.DefaultRpcScheduler, ipcBackoff: false.
2023-09-07 12:24:11,475 [main] INFO  ipc.Server (Server.java:<init>(1287)) - Listener at 0.0.0.0:9862
2023-09-07 12:24:11,478 [Socket Reader #1 for port 9862] INFO  ipc.Server (Server.java:run(1323)) - Starting Socket Reader #1 for port 9862
2023-09-07 12:24:12,395 [main] WARN  impl.MetricsConfig (MetricsConfig.java:loadFirst(136)) - Cannot locate configuration: tried hadoop-metrics2-ozonemanager.properties,hadoop-metrics2.properties
2023-09-07 12:24:12,411 [main] INFO  impl.MetricsSystemImpl (MetricsSystemImpl.java:startTimer(378)) - Scheduled Metric snapshot period at 10 second(s).
2023-09-07 12:24:12,411 [main] INFO  impl.MetricsSystemImpl (MetricsSystemImpl.java:start(191)) - OzoneManager metrics system started
2023-09-07 12:24:12,484 [main] INFO  om.OzoneManager (OzoneManager.java:start(1630)) - OzoneManager RPC server is listening at /0.0.0.0:9862
2023-09-07 12:24:12,487 [main] INFO  ratis.OzoneManagerRatisServer (OzoneManagerRatisServer.java:start(558)) - Starting OzoneManagerRatisServer om1 at port 9872
2023-09-07 12:24:12,492 [om1-impl-thread1] INFO  storage.RaftStorageDirectory (RaftStorageDirectoryImpl.java:analyzeStorage(137)) - The storage directory /tmp/junit3046791350800866295/ratis/bf265839-605b-3f16-9796-c5ba1605619e does not exist. Creating ...
2023-09-07 12:24:12,497 [om1-impl-thread1] INFO  storage.RaftStorageDirectory (RaftStorageDirectoryImpl.java:tryLock(231)) - Lock on /tmp/junit3046791350800866295/ratis/bf265839-605b-3f16-9796-c5ba1605619e/in_use.lock acquired by nodename 188533@fv-az796-443
2023-09-07 12:24:12,503 [om1-impl-thread1] INFO  storage.RaftStorage (RaftStorageImpl.java:format(96)) - Storage directory /tmp/junit3046791350800866295/ratis/bf265839-605b-3f16-9796-c5ba1605619e has been successfully formatted.
2023-09-07 12:24:12,509 [om1-impl-thread1] INFO  server.RaftServerConfigKeys (ConfUtils.java:logGet(46)) - raft.server.log.use.memory = false (default)
2023-09-07 12:24:12,519 [om1-impl-thread1] INFO  server.RaftServerConfigKeys (ConfUtils.java:logGet(46)) - raft.server.log.purge.gap = 1000000 (custom)
2023-09-07 12:24:12,519 [om1-impl-thread1] INFO  server.RaftServerConfigKeys (ConfUtils.java:logGet(46)) - raft.server.log.appender.buffer.byte-limit = 33554432 (custom)
2023-09-07 12:24:12,521 [om1-impl-thread1] INFO  server.RaftServerConfigKeys (ConfUtils.java:logGet(46)) - raft.server.log.statemachine.data.read.timeout = 1000ms (default)
2023-09-07 12:24:12,527 [om1-impl-thread1] INFO  server.RaftServerConfigKeys (ConfUtils.java:logGet(46)) - raft.server.log.purge.preservation.log.num = 0 (default)
2023-09-07 12:24:12,530 [om1-impl-thread1] INFO  server.RaftServerConfigKeys (ConfUtils.java:logGet(46)) - raft.server.log.segment.size.max = 4194304 (custom)
2023-09-07 12:24:12,537 [om1-impl-thread1] INFO  server.RaftServerConfigKeys (ConfUtils.java:logGet(46)) - raft.server.log.segment.cache.num.max = 2 (custom)
2023-09-07 12:24:12,537 [om1-impl-thread1] INFO  server.RaftServerConfigKeys (ConfUtils.java:logGet(46)) - raft.server.log.segment.cache.size.max = 200MB (=209715200) (default)
2023-09-07 12:24:12,538 [om1-impl-thread1] INFO  server.RaftServerConfigKeys (ConfUtils.java:logGet(46)) - raft.server.log.appender.buffer.byte-limit = 33554432 (custom)
2023-09-07 12:24:12,543 [om1-impl-thread1] INFO  segmented.SegmentedRaftLogWorker (SegmentedRaftLogWorker.java:<init>(188)) - new om1@group-C5BA1605619E-SegmentedRaftLogWorker for RaftStorageImpl:Storage Directory /tmp/junit3046791350800866295/ratis/bf265839-605b-3f16-9796-c5ba1605619e
2023-09-07 12:24:12,544 [om1-impl-thread1] INFO  server.RaftServerConfigKeys (ConfUtils.java:logGet(46)) - raft.server.log.queue.byte-limit = 64MB (=67108864) (default)
2023-09-07 12:24:12,544 [om1-impl-thread1] INFO  server.RaftServerConfigKeys (ConfUtils.java:logGet(46)) - raft.server.log.queue.element-limit = 4096 (default)
2023-09-07 12:24:12,545 [om1-impl-thread1] INFO  server.RaftServerConfigKeys (ConfUtils.java:logGet(46)) - raft.server.log.segment.size.max = 4194304 (custom)
2023-09-07 12:24:12,545 [om1-impl-thread1] INFO  server.RaftServerConfigKeys (ConfUtils.java:logGet(46)) - raft.server.log.preallocated.size = 4194304 (custom)
2023-09-07 12:24:12,547 [om1-impl-thread1] INFO  server.RaftServerConfigKeys (ConfUtils.java:logGet(46)) - raft.server.log.force.sync.num = 128 (default)
2023-09-07 12:24:12,549 [om1-impl-thread1] INFO  server.RaftServerConfigKeys (ConfUtils.java:logGet(46)) - raft.server.log.statemachine.data.sync = true (default)
2023-09-07 12:24:12,549 [om1-impl-thread1] INFO  server.RaftServerConfigKeys (ConfUtils.java:logGet(46)) - raft.server.log.statemachine.data.sync.timeout = 10s (default)
2023-09-07 12:24:12,550 [om1-impl-thread1] INFO  server.RaftServerConfigKeys (ConfUtils.java:logGet(46)) - raft.server.log.statemachine.data.sync.timeout.retry = -1 (default)
2023-09-07 12:24:12,565 [om1-impl-thread1] INFO  server.RaftServerConfigKeys (ConfUtils.java:logGet(46)) - raft.server.log.write.buffer.size = 64KB (=65536) (default)
2023-09-07 12:24:12,565 [om1-impl-thread1] INFO  server.RaftServerConfigKeys (ConfUtils.java:logGet(46)) - raft.server.log.appender.buffer.byte-limit = 33554432 (custom)
2023-09-07 12:24:12,570 [om1-impl-thread1] INFO  server.RaftServerConfigKeys (ConfUtils.java:logGet(46)) - raft.server.log.unsafe-flush.enabled = false (default)
2023-09-07 12:24:12,571 [om1-impl-thread1] INFO  server.RaftServerConfigKeys (ConfUtils.java:logGet(46)) - raft.server.log.async-flush.enabled = false (default)
2023-09-07 12:24:12,572 [om1-impl-thread1] INFO  server.RaftServerConfigKeys (ConfUtils.java:logGet(46)) - raft.server.log.statemachine.data.caching.enabled = false (default)
2023-09-07 12:24:12,581 [om1-impl-thread1] INFO  segmented.SegmentedRaftLogWorker (SegmentedRaftLogWorker.java:lambda$new$0(135)) - om1@group-C5BA1605619E-SegmentedRaftLogWorker: flushIndex: setUnconditionally 0 -> -1
2023-09-07 12:24:12,582 [om1-impl-thread1] INFO  segmented.SegmentedRaftLogWorker (SegmentedRaftLogWorker.java:lambda$new$0(135)) - om1@group-C5BA1605619E-SegmentedRaftLogWorker: safeCacheEvictIndex: setUnconditionally 0 -> -1
2023-09-07 12:24:12,584 [om1-impl-thread1] INFO  server.RaftServer$Division (RaftServerImpl.java:start(342)) - om1@group-C5BA1605619E: start as a follower, conf=-1: peers:[om1|rpc:0.0.0.0:9872|priority:0|startupRole:FOLLOWER]|listeners:[], old=null
2023-09-07 12:24:12,589 [om1-impl-thread1] INFO  server.RaftServer$Division (RaftServerImpl.java:setRole(329)) - om1@group-C5BA1605619E: changes role from      null to FOLLOWER at term 0 for startAsFollower
2023-09-07 12:24:12,593 [om1-impl-thread1] INFO  impl.RoleInfo (RoleInfo.java:updateAndGet(139)) - om1: start om1@group-C5BA1605619E-FollowerState
2023-09-07 12:24:12,595 [om1-impl-thread1] INFO  util.JmxRegister (JmxRegister.java:tryRegister(44)) - Successfully registered JMX Bean with object name Ratis:service=RaftServer,group=group-C5BA1605619E,id=om1
2023-09-07 12:24:12,598 [om1-impl-thread1] INFO  server.RaftServerConfigKeys (ConfUtils.java:logGet(46)) - raft.server.snapshot.auto.trigger.enabled = true (custom)
2023-09-07 12:24:12,598 [om1-impl-thread1] INFO  server.RaftServerConfigKeys (ConfUtils.java:logGet(46)) - raft.server.snapshot.auto.trigger.threshold = 400000 (default)
2023-09-07 12:24:12,599 [om1-impl-thread1] INFO  server.RaftServerConfigKeys (ConfUtils.java:logGet(46)) - raft.server.snapshot.retention.file.num = -1 (default)
2023-09-07 12:24:12,599 [om1-impl-thread1] INFO  server.RaftServerConfigKeys (ConfUtils.java:logGet(46)) - raft.server.log.purge.upto.snapshot.index = true (custom)
2023-09-07 12:24:12,606 [om1@group-C5BA1605619E-FollowerState] INFO  server.RaftServerConfigKeys (ConfUtils.java:logFallback(53)) - raft.server.rpc.first-election.timeout.min = 5s (fallback to raft.server.rpc.timeout.min)
2023-09-07 12:24:12,607 [om1@group-C5BA1605619E-FollowerState] INFO  server.RaftServerConfigKeys (ConfUtils.java:logFallback(53)) - raft.server.rpc.first-election.timeout.max = 5200ms (fallback to raft.server.rpc.timeout.max)
2023-09-07 12:24:12,607 [main] INFO  server.RaftServer (RaftServerProxy.java:startImpl(400)) - om1: start RPC server
2023-09-07 12:24:12,657 [main] INFO  server.GrpcService (GrpcService.java:startImpl(302)) - om1: GrpcService started, listening on 9872
2023-09-07 12:24:12,662 [main] INFO  om.OzoneManager (OzoneManager.java:start(1646)) - Version File has different layout version (6) than OM DB (null). That is expected if this OM has never been finalized to a newer layout version.
2023-09-07 12:24:12,670 [JvmPauseMonitor0] INFO  util.JvmPauseMonitor (JvmPauseMonitor.java:run(103)) - JvmPauseMonitor-om1: Started
2023-09-07 12:24:12,745 [main] INFO  http.BaseHttpServer (BaseHttpServer.java:newHttpServer2BuilderForOzone(223)) - Starting Web-server for ozoneManager at: http://0.0.0.0:9874
2023-09-07 12:24:12,746 [main] INFO  http.BaseHttpServer (BaseHttpServer.java:<init>(110)) - Hadoop Security Enabled: false Ozone Security Enabled: false Ozone HTTP Security Enabled: false 
2023-09-07 12:24:12,781 [main] INFO  util.log (Log.java:initialized(170)) - Logging initialized @8272ms to org.eclipse.jetty.util.log.Slf4jLog
2023-09-07 12:24:12,891 [main] WARN  server.AuthenticationFilter (AuthenticationFilter.java:constructSecretProvider(240)) - Unable to initialize FileSignerSecretProvider, falling back to use random secrets. Reason: Could not read signature secret file: /home/runner/hadoop-http-auth-signature-secret
2023-09-07 12:24:12,898 [main] INFO  http.HttpRequestLog (HttpRequestLog.java:getRequestLog(86)) - Http request log for http.requests.ozoneManager is not defined
2023-09-07 12:24:12,906 [main] INFO  http.HttpServer2 (HttpServer2.java:addGlobalFilter(1031)) - Added global filter 'safety' (class=org.apache.hadoop.hdds.server.http.HttpServer2$QuotingInputFilter)
2023-09-07 12:24:12,910 [main] INFO  http.HttpServer2 (HttpServer2.java:addFilter(1007)) - Added filter static_user_filter (class=org.apache.hadoop.http.lib.StaticUserWebFilter$StaticUserFilter) to context ozoneManager
2023-09-07 12:24:12,910 [main] INFO  http.HttpServer2 (HttpServer2.java:addFilter(1015)) - Added filter static_user_filter (class=org.apache.hadoop.http.lib.StaticUserWebFilter$StaticUserFilter) to context logs
2023-09-07 12:24:12,911 [main] INFO  http.HttpServer2 (HttpServer2.java:addFilter(1015)) - Added filter static_user_filter (class=org.apache.hadoop.http.lib.StaticUserWebFilter$StaticUserFilter) to context static
2023-09-07 12:24:12,964 [main] INFO  http.BaseHttpServer (BaseHttpServer.java:<init>(189)) - HTTP server of ozoneManager uses base directory /tmp/junit3046791350800866295/webserver
2023-09-07 12:24:12,969 [main] INFO  http.HttpServer2 (HttpServer2.java:bindListener(1231)) - Jetty bound to port 9874
2023-09-07 12:24:12,973 [main] INFO  server.Server (Server.java:doStart(375)) - jetty-9.4.51.v20230217; built: 2023-02-17T08:19:37.309Z; git: b45c405e4544384de066f814ed42ae3dceacdd49; jvm 1.8.0_382-b05
2023-09-07 12:24:13,001 [main] INFO  server.session (DefaultSessionIdManager.java:doStart(334)) - DefaultSessionIdManager workerName=node0
2023-09-07 12:24:13,001 [main] INFO  server.session (DefaultSessionIdManager.java:doStart(339)) - No SessionScavenger set, using defaults
2023-09-07 12:24:13,003 [main] INFO  server.session (HouseKeeper.java:startScavenging(132)) - node0 Scavenging every 660000ms
2023-09-07 12:24:13,017 [main] INFO  handler.ContextHandler (ContextHandler.java:doStart(921)) - Started o.e.j.s.ServletContextHandler@6001e643{logs,/logs,file:///home/runner/work/ozone/ozone/hadoop-ozone/ozone-manager/target/log,AVAILABLE}
2023-09-07 12:24:13,018 [main] INFO  handler.ContextHandler (ContextHandler.java:doStart(921)) - Started o.e.j.s.ServletContextHandler@10e3a63a{static,/static,file:///home/runner/work/ozone/ozone/hadoop-ozone/ozone-manager/target/classes/webapps/static,AVAILABLE}
2023-09-07 12:24:13,077 [main] INFO  handler.ContextHandler (ContextHandler.java:doStart(921)) - Started o.e.j.w.WebAppContext@144142c8{ozoneManager,/,file:///home/runner/work/ozone/ozone/hadoop-ozone/ozone-manager/target/classes/webapps/ozoneManager/,AVAILABLE}{file:/home/runner/work/ozone/ozone/hadoop-ozone/ozone-manager/target/classes/webapps/ozoneManager}
2023-09-07 12:24:13,087 [main] INFO  server.AbstractConnector (AbstractConnector.java:doStart(333)) - Started ServerConnector@751c5975{HTTP/1.1, (http/1.1)}{0.0.0.0:9874}
2023-09-07 12:24:13,088 [main] INFO  server.Server (Server.java:doStart(415)) - Started @8581ms
2023-09-07 12:24:13,092 [main] INFO  impl.MetricsSinkAdapter (MetricsSinkAdapter.java:start(204)) - Sink prometheus started
2023-09-07 12:24:13,092 [main] INFO  impl.MetricsSystemImpl (MetricsSystemImpl.java:registerSink(305)) - Registered sink prometheus
2023-09-07 12:24:13,093 [main] INFO  http.BaseHttpServer (BaseHttpServer.java:updateConnectorAddress(354)) - HTTP server of ozoneManager listening at http://0.0.0.0:9874
2023-09-07 12:24:13,094 [IPC Server Responder] INFO  ipc.Server (Server.java:run(1562)) - IPC Server Responder: starting
2023-09-07 12:24:13,099 [IPC Server listener on 9862] INFO  ipc.Server (Server.java:run(1402)) - IPC Server listener on 9862: starting
2023-09-07 12:24:13,137 [main] INFO  om.OzoneManager (OzoneManager.java:startTrashEmptier(2098)) - Trash Interval set to 0. Files deleted won't move to trash
2023-09-07 12:24:13,258 [main] INFO  om.GrpcOzoneManagerServer (GrpcOzoneManagerServer.java:start(180)) - GrpcOzoneManagerServer is started using port 8981
2023-09-07 12:24:15,605 [main] INFO  retry.RetryInvocationHandler (RetryInvocationHandler.java:log(422)) - com.google.protobuf.ServiceException: org.apache.hadoop.ipc.RemoteException(org.apache.hadoop.ozone.om.exceptions.OMNotLeaderException): OM:om1 is not the leader. Could not determine the leader node.
	at org.apache.hadoop.ozone.protocolPB.OzoneManagerProtocolServerSideTranslatorPB.createNotLeaderException(OzoneManagerProtocolServerSideTranslatorPB.java:246)
	at org.apache.hadoop.ozone.protocolPB.OzoneManagerProtocolServerSideTranslatorPB.createLeaderErrorException(OzoneManagerProtocolServerSideTranslatorPB.java:234)
	at org.apache.hadoop.ozone.protocolPB.OzoneManagerProtocolServerSideTranslatorPB.submitReadRequestToOM(OzoneManagerProtocolServerSideTranslatorPB.java:227)
	at org.apache.hadoop.ozone.protocolPB.OzoneManagerProtocolServerSideTranslatorPB.processRequest(OzoneManagerProtocolServerSideTranslatorPB.java:179)
	at org.apache.hadoop.hdds.server.OzoneProtocolMessageDispatcher.processRequest(OzoneProtocolMessageDispatcher.java:87)
	at org.apache.hadoop.ozone.protocolPB.OzoneManagerProtocolServerSideTranslatorPB.submitRequest(OzoneManagerProtocolServerSideTranslatorPB.java:148)
	at org.apache.hadoop.ozone.protocol.proto.OzoneManagerProtocolProtos$OzoneManagerService$2.callBlockingMethod(OzoneManagerProtocolProtos.java)
	at org.apache.hadoop.ipc.ProtobufRpcEngine$Server.processCall(ProtobufRpcEngine.java:484)
	at org.apache.hadoop.ipc.ProtobufRpcEngine2$Server$ProtoBufRpcInvoker.call(ProtobufRpcEngine2.java:595)
	at org.apache.hadoop.ipc.ProtobufRpcEngine2$Server$ProtoBufRpcInvoker.call(ProtobufRpcEngine2.java:573)
	at org.apache.hadoop.ipc.RPC$Server.call(RPC.java:1227)
	at org.apache.hadoop.ipc.Server$RpcCall.run(Server.java:1094)
	at org.apache.hadoop.ipc.Server$RpcCall.run(Server.java:1017)
	at java.security.AccessController.doPrivileged(Native Method)
	at javax.security.auth.Subject.doAs(Subject.java:422)
	at org.apache.hadoop.security.UserGroupInformation.doAs(UserGroupInformation.java:1899)
	at org.apache.hadoop.ipc.Server$Handler.run(Server.java:3048)
, while invoking $Proxy66.submitRequest over nodeId=null,nodeAddress=0.0.0.0:9862 after 1 failover attempts. Trying to failover after sleeping for 4000ms. Current retry count: 1.
2023-09-07 12:24:17,610 [om1@group-C5BA1605619E-FollowerState] INFO  impl.FollowerState (FollowerState.java:run(143)) - om1@group-C5BA1605619E-FollowerState: change to CANDIDATE, lastRpcElapsedTime:5016879049ns, electionTimeout:5001ms
2023-09-07 12:24:17,612 [om1@group-C5BA1605619E-FollowerState] INFO  impl.RoleInfo (RoleInfo.java:shutdownFollowerState(110)) - om1: shutdown om1@group-C5BA1605619E-FollowerState
2023-09-07 12:24:17,613 [om1@group-C5BA1605619E-FollowerState] INFO  server.RaftServer$Division (RaftServerImpl.java:setRole(329)) - om1@group-C5BA1605619E: changes role from  FOLLOWER to CANDIDATE at term 0 for changeToCandidate
2023-09-07 12:24:17,616 [om1@group-C5BA1605619E-FollowerState] INFO  server.RaftServerConfigKeys (ConfUtils.java:logGet(46)) - raft.server.leaderelection.pre-vote = true (default)
2023-09-07 12:24:17,616 [om1@group-C5BA1605619E-FollowerState] INFO  impl.RoleInfo (RoleInfo.java:updateAndGet(139)) - om1: start om1@group-C5BA1605619E-LeaderElection1
2023-09-07 12:24:17,621 [om1@group-C5BA1605619E-LeaderElection1] INFO  impl.LeaderElection (LeaderElection.java:askForVotes(321)) - om1@group-C5BA1605619E-LeaderElection1 PRE_VOTE round 0: submit vote requests at term 0 for -1: peers:[om1|rpc:0.0.0.0:9872|priority:0|startupRole:FOLLOWER]|listeners:[], old=null
2023-09-07 12:24:17,622 [om1@group-C5BA1605619E-LeaderElection1] INFO  impl.LeaderElection (LeaderElection.java:askForVotes(323)) - om1@group-C5BA1605619E-LeaderElection1 PRE_VOTE round 0: result PASSED (term=0)
2023-09-07 12:24:17,624 [om1@group-C5BA1605619E-LeaderElection1] INFO  impl.LeaderElection (LeaderElection.java:askForVotes(321)) - om1@group-C5BA1605619E-LeaderElection1 ELECTION round 0: submit vote requests at term 1 for -1: peers:[om1|rpc:0.0.0.0:9872|priority:0|startupRole:FOLLOWER]|listeners:[], old=null
2023-09-07 12:24:17,624 [om1@group-C5BA1605619E-LeaderElection1] INFO  impl.LeaderElection (LeaderElection.java:askForVotes(323)) - om1@group-C5BA1605619E-LeaderElection1 ELECTION round 0: result PASSED (term=1)
2023-09-07 12:24:17,624 [om1@group-C5BA1605619E-LeaderElection1] INFO  impl.RoleInfo (RoleInfo.java:shutdownLeaderElection(130)) - om1: shutdown om1@group-C5BA1605619E-LeaderElection1
2023-09-07 12:24:17,624 [om1@group-C5BA1605619E-LeaderElection1] INFO  server.RaftServer$Division (RaftServerImpl.java:setRole(329)) - om1@group-C5BA1605619E: changes role from CANDIDATE to LEADER at term 1 for changeToLeader
2023-09-07 12:24:17,627 [om1@group-C5BA1605619E-LeaderElection1] INFO  server.RaftServer$Division (ServerState.java:setLeader(317)) - om1@group-C5BA1605619E: change Leader from null to om1 at term 1 for becomeLeader, leader elected after 6753ms
2023-09-07 12:24:17,634 [om1@group-C5BA1605619E-LeaderElection1] INFO  server.RaftServerConfigKeys (ConfUtils.java:logGet(46)) - raft.server.staging.catchup.gap = 1000 (default)
2023-09-07 12:24:17,642 [om1@group-C5BA1605619E-LeaderElection1] INFO  server.RaftServerConfigKeys (ConfUtils.java:logGet(46)) - raft.server.write.element-limit = 4096 (default)
2023-09-07 12:24:17,642 [om1@group-C5BA1605619E-LeaderElection1] INFO  server.RaftServerConfigKeys (ConfUtils.java:logGet(46)) - raft.server.write.byte-limit = 64MB (=67108864) (default)
2023-09-07 12:24:17,648 [om1@group-C5BA1605619E-LeaderElection1] INFO  server.RaftServerConfigKeys (ConfUtils.java:logGet(46)) - raft.server.watch.timeout = 10s (default)
2023-09-07 12:24:17,648 [om1@group-C5BA1605619E-LeaderElection1] INFO  server.RaftServerConfigKeys (ConfUtils.java:logGet(46)) - raft.server.watch.timeout.denomination = 1s (default)
2023-09-07 12:24:17,649 [om1@group-C5BA1605619E-LeaderElection1] INFO  server.RaftServerConfigKeys (ConfUtils.java:logGet(46)) - raft.server.watch.element-limit = 65536 (default)
2023-09-07 12:24:17,654 [om1@group-C5BA1605619E-LeaderElection1] INFO  server.RaftServerConfigKeys (ConfUtils.java:logGet(46)) - raft.server.write.element-limit = 4096 (default)
2023-09-07 12:24:17,657 [om1@group-C5BA1605619E-LeaderElection1] INFO  server.RaftServerConfigKeys (ConfUtils.java:logGet(46)) - raft.server.write.follower.gap.ratio.max = -1.0 (default)
2023-09-07 12:24:17,658 [om1@group-C5BA1605619E-LeaderElection1] INFO  impl.RoleInfo (RoleInfo.java:updateAndGet(139)) - om1: start om1@group-C5BA1605619E-LeaderStateImpl
2023-09-07 12:24:17,676 [om1@group-C5BA1605619E-LeaderElection1] INFO  segmented.SegmentedRaftLogWorker (SegmentedRaftLogWorker.java:startLogSegment(447)) - om1@group-C5BA1605619E-SegmentedRaftLogWorker: Starting segment from index:0
2023-09-07 12:24:17,747 [om1@group-C5BA1605619E-LeaderElection1] INFO  server.RaftServer$Division (ServerState.java:setRaftConf(434)) - om1@group-C5BA1605619E: set configuration 0: peers:[om1|rpc:0.0.0.0:9872|admin:|client:|dataStream:|priority:0|startupRole:FOLLOWER]|listeners:[], old=null
2023-09-07 12:24:17,772 [om1@group-C5BA1605619E-SegmentedRaftLogWorker] INFO  segmented.SegmentedRaftLogWorker (SegmentedRaftLogWorker.java:execute(651)) - om1@group-C5BA1605619E-SegmentedRaftLogWorker: created new log segment /tmp/junit3046791350800866295/ratis/bf265839-605b-3f16-9796-c5ba1605619e/current/log_inprogress_0
2023-09-07 12:24:17,867 [om1@group-C5BA1605619E-StateMachineUpdater] INFO  ratis.OzoneManagerStateMachine (OzoneManagerStateMachine.java:notifyConfigurationChanged(202)) - Received Configuration change notification from Ratis. New Peer list:
[id: "om1"
address: "0.0.0.0:9872"
startupRole: FOLLOWER
]
2023-09-07 12:24:19,696 [main] INFO  service.TestOpenKeyCleanupService (TestOpenKeyCleanupService.java:testCleanupExpiredOpenKeys(136)) - numDEFKeys=9, numFSOKeys=0, hsync? true
2023-09-07 12:24:19,796 [main] INFO  service.TestOpenKeyCleanupService (TestOpenKeyCleanupService.java:testCleanupExpiredOpenKeys(147)) - oldkeyCount=0, oldrunCount=38
2023-09-07 12:24:20,040 [OM StateMachine ApplyTransaction Thread - 0] WARN  helpers.QuotaUtil (QuotaUtil.java:getReplicatedSize(63)) - Unknown replication type 'STAND_ALONE'. Returning original data size.
2023-09-07 12:24:20,041 [OM StateMachine ApplyTransaction Thread - 0] WARN  helpers.QuotaUtil (QuotaUtil.java:getReplicatedSize(63)) - Unknown replication type 'STAND_ALONE'. Returning original data size.
2023-09-07 12:24:20,071 [OM StateMachine ApplyTransaction Thread - 0] WARN  helpers.QuotaUtil (QuotaUtil.java:getReplicatedSize(63)) - Unknown replication type 'STAND_ALONE'. Returning original data size.
2023-09-07 12:24:20,071 [OM StateMachine ApplyTransaction Thread - 0] WARN  helpers.QuotaUtil (QuotaUtil.java:getReplicatedSize(63)) - Unknown replication type 'STAND_ALONE'. Returning original data size.
2023-09-07 12:24:20,085 [OM StateMachine ApplyTransaction Thread - 0] WARN  helpers.QuotaUtil (QuotaUtil.java:getReplicatedSize(63)) - Unknown replication type 'STAND_ALONE'. Returning original data size.
2023-09-07 12:24:20,085 [OM StateMachine ApplyTransaction Thread - 0] WARN  helpers.QuotaUtil (QuotaUtil.java:getReplicatedSize(63)) - Unknown replication type 'STAND_ALONE'. Returning original data size.
2023-09-07 12:24:20,093 [OM StateMachine ApplyTransaction Thread - 0] WARN  helpers.QuotaUtil (QuotaUtil.java:getReplicatedSize(63)) - Unknown replication type 'STAND_ALONE'. Returning original data size.
2023-09-07 12:24:20,093 [OM StateMachine ApplyTransaction Thread - 0] WARN  helpers.QuotaUtil (QuotaUtil.java:getReplicatedSize(63)) - Unknown replication type 'STAND_ALONE'. Returning original data size.
2023-09-07 12:24:20,113 [OM StateMachine ApplyTransaction Thread - 0] WARN  helpers.QuotaUtil (QuotaUtil.java:getReplicatedSize(63)) - Unknown replication type 'STAND_ALONE'. Returning original data size.
2023-09-07 12:24:20,113 [OM StateMachine ApplyTransaction Thread - 0] WARN  helpers.QuotaUtil (QuotaUtil.java:getReplicatedSize(63)) - Unknown replication type 'STAND_ALONE'. Returning original data size.
2023-09-07 12:24:20,118 [OM StateMachine ApplyTransaction Thread - 0] WARN  helpers.QuotaUtil (QuotaUtil.java:getReplicatedSize(63)) - Unknown replication type 'STAND_ALONE'. Returning original data size.
2023-09-07 12:24:20,118 [OM StateMachine ApplyTransaction Thread - 0] WARN  helpers.QuotaUtil (QuotaUtil.java:getReplicatedSize(63)) - Unknown replication type 'STAND_ALONE'. Returning original data size.
2023-09-07 12:24:20,131 [OM StateMachine ApplyTransaction Thread - 0] WARN  helpers.QuotaUtil (QuotaUtil.java:getReplicatedSize(63)) - Unknown replication type 'STAND_ALONE'. Returning original data size.
2023-09-07 12:24:20,131 [OM StateMachine ApplyTransaction Thread - 0] WARN  helpers.QuotaUtil (QuotaUtil.java:getReplicatedSize(63)) - Unknown replication type 'STAND_ALONE'. Returning original data size.
2023-09-07 12:24:20,144 [OM StateMachine ApplyTransaction Thread - 0] WARN  helpers.QuotaUtil (QuotaUtil.java:getReplicatedSize(63)) - Unknown replication type 'STAND_ALONE'. Returning original data size.
2023-09-07 12:24:20,144 [OM StateMachine ApplyTransaction Thread - 0] WARN  helpers.QuotaUtil (QuotaUtil.java:getReplicatedSize(63)) - Unknown replication type 'STAND_ALONE'. Returning original data size.
2023-09-07 12:24:21,373 [main] INFO  om.OzoneManager (OzoneManager.java:stop(2204)) - om1[0.0.0.0:9862]: Stopping Ozone Manager
2023-09-07 12:24:21,374 [main] INFO  ipc.Server (Server.java:stop(3523)) - Stopping server on 9862
2023-09-07 12:24:21,382 [IPC Server Responder] INFO  ipc.Server (Server.java:run(1567)) - Stopping IPC Server Responder
2023-09-07 12:24:21,382 [IPC Server listener on 9862] INFO  ipc.Server (Server.java:run(1434)) - Stopping IPC Server listener on 9862
2023-09-07 12:24:25,421 [main] INFO  om.GrpcOzoneManagerServer (GrpcOzoneManagerServer.java:stop(192)) - Server GrpcOzoneManagerServer is shutdown
2023-09-07 12:24:25,423 [main] INFO  server.RaftServer (RaftServerProxy.java:lambda$close$6(416)) - om1: close
2023-09-07 12:24:25,424 [main] INFO  server.GrpcService (GrpcService.java:closeImpl(311)) - om1: shutdown server GrpcServerProtocolService now
2023-09-07 12:24:25,424 [om1-impl-thread1] INFO  server.RaftServer$Division (RaftServerImpl.java:lambda$close$4(466)) - om1@group-C5BA1605619E: shutdown
2023-09-07 12:24:25,424 [om1-impl-thread1] INFO  util.JmxRegister (JmxRegister.java:unregister(73)) - Successfully un-registered JMX Bean with object name Ratis:service=RaftServer,group=group-C5BA1605619E,id=om1
2023-09-07 12:24:25,424 [om1-impl-thread1] INFO  impl.RoleInfo (RoleInfo.java:shutdownLeaderState(93)) - om1: shutdown om1@group-C5BA1605619E-LeaderStateImpl
2023-09-07 12:24:25,425 [om1-impl-thread1] INFO  impl.PendingRequests (PendingRequests.java:sendNotLeaderResponses(289)) - om1@group-C5BA1605619E-PendingRequests: sendNotLeaderResponses
2023-09-07 12:24:25,430 [om1-impl-thread1] INFO  impl.StateMachineUpdater (StateMachineUpdater.java:stopAndJoin(155)) - om1@group-C5BA1605619E-StateMachineUpdater: set stopIndex = 36
2023-09-07 12:24:25,430 [om1@group-C5BA1605619E-StateMachineUpdater] INFO  ratis.OzoneManagerStateMachine (OzoneManagerStateMachine.java:takeSnapshot(480)) - Current Snapshot Index (t:1, i:36)
2023-09-07 12:24:25,441 [main] INFO  server.GrpcService (GrpcService.java:closeImpl(320)) - om1: shutdown server GrpcServerProtocolService successfully
2023-09-07 12:24:25,467 [om1@group-C5BA1605619E-StateMachineUpdater] INFO  impl.StateMachineUpdater (StateMachineUpdater.java:takeSnapshot(291)) - om1@group-C5BA1605619E-StateMachineUpdater: Took a snapshot at index 36
2023-09-07 12:24:25,468 [om1@group-C5BA1605619E-StateMachineUpdater] INFO  impl.StateMachineUpdater (StateMachineUpdater.java:lambda$new$0(97)) - om1@group-C5BA1605619E-StateMachineUpdater: snapshotIndex: updateIncreasingly -1 -> 36
2023-09-07 12:24:25,468 [om1@group-C5BA1605619E-StateMachineUpdater] INFO  ratis.OzoneManagerStateMachine (OzoneManagerStateMachine.java:close(534)) - StateMachine has shutdown. Shutdown OzoneManager if not already shutdown.
2023-09-07 12:24:25,468 [om1@group-C5BA1605619E-StateMachineUpdater] INFO  ratis.OzoneManagerDoubleBuffer (OzoneManagerDoubleBuffer.java:stopDaemon(551)) - Stopping OMDoubleBuffer flush thread
2023-09-07 12:24:25,468 [OMDoubleBufferFlushThread] INFO  ratis.OzoneManagerDoubleBuffer (OzoneManagerDoubleBuffer.java:canFlush(638)) - OMDoubleBuffer flush thread OMDoubleBufferFlushThread is interrupted and will exit.
2023-09-07 12:24:25,469 [om1-impl-thread1] INFO  server.RaftServer$Division (ServerState.java:close(472)) - om1@group-C5BA1605619E: closes. applyIndex: 36
2023-09-07 12:24:26,444 [om1-impl-thread1] INFO  segmented.SegmentedRaftLogWorker (SegmentedRaftLogWorker.java:close(252)) - om1@group-C5BA1605619E-SegmentedRaftLogWorker close()
2023-09-07 12:24:26,446 [JvmPauseMonitor0] INFO  util.JvmPauseMonitor (JvmPauseMonitor.java:run(109)) - JvmPauseMonitor-om1: Stopped
2023-09-07 12:24:26,446 [main] INFO  ratis.OzoneManagerStateMachine (OzoneManagerStateMachine.java:close(534)) - StateMachine has shutdown. Shutdown OzoneManager if not already shutdown.
2023-09-07 12:24:26,446 [main] INFO  ratis.OzoneManagerDoubleBuffer (OzoneManagerDoubleBuffer.java:stopDaemon(560)) - OMDoubleBuffer flush thread is not running.
2023-09-07 12:24:26,447 [main] INFO  utils.BackgroundService (BackgroundService.java:shutdown(141)) - Shutting down service KeyDeletingService
2023-09-07 12:24:26,448 [main] INFO  utils.BackgroundService (BackgroundService.java:shutdown(141)) - Shutting down service KeyDeletingService
2023-09-07 12:24:26,448 [OpenKeyCleanupService#0] WARN  utils.BackgroundService (BackgroundService.java:lambda$run$0(126)) - Background task execution failed
java.lang.NullPointerException
	at org.apache.hadoop.ozone.om.OzoneManager.isLeaderReady(OzoneManager.java:3990)
	at org.apache.hadoop.ozone.om.service.OpenKeyCleanupService.shouldRun(OpenKeyCleanupService.java:154)
	at org.apache.hadoop.ozone.om.service.OpenKeyCleanupService.access$0(OpenKeyCleanupService.java:153)
	at org.apache.hadoop.ozone.om.service.OpenKeyCleanupService$OpenKeyCleanupTask.call(OpenKeyCleanupService.java:176)
	at org.apache.hadoop.hdds.utils.BackgroundService$PeriodicalTask.lambda$run$0(BackgroundService.java:121)
	at java.util.concurrent.CompletableFuture$AsyncRun.run(CompletableFuture.java:1640)
	at java.util.concurrent.Executors$RunnableAdapter.call(Executors.java:511)
	at java.util.concurrent.FutureTask.run(FutureTask.java:266)
	at java.util.concurrent.ScheduledThreadPoolExecutor$ScheduledFutureTask.access$201(ScheduledThreadPoolExecutor.java:180)
	at java.util.concurrent.ScheduledThreadPoolExecutor$ScheduledFutureTask.run(ScheduledThreadPoolExecutor.java:293)
	at java.util.concurrent.ThreadPoolExecutor.runWorker(ThreadPoolExecutor.java:1149)
	at java.util.concurrent.ThreadPoolExecutor$Worker.run(ThreadPoolExecutor.java:624)
	at java.lang.Thread.run(Thread.java:750)
2023-09-07 12:24:26,450 [OpenKeyCleanupService#0] WARN  utils.BackgroundService (BackgroundService.java:lambda$run$0(126)) - Background task execution failed
java.lang.NullPointerException
	at org.apache.hadoop.ozone.om.OzoneManager.isLeaderReady(OzoneManager.java:3990)
	at org.apache.hadoop.ozone.om.service.OpenKeyCleanupService.shouldRun(OpenKeyCleanupService.java:154)
	at org.apache.hadoop.ozone.om.service.OpenKeyCleanupService.access$0(OpenKeyCleanupService.java:153)
	at org.apache.hadoop.ozone.om.service.OpenKeyCleanupService$OpenKeyCleanupTask.call(OpenKeyCleanupService.java:176)
	at org.apache.hadoop.hdds.utils.BackgroundService$PeriodicalTask.lambda$run$0(BackgroundService.java:121)
	at java.util.concurrent.CompletableFuture$AsyncRun.run(CompletableFuture.java:1640)
	at java.util.concurrent.Executors$RunnableAdapter.call(Executors.java:511)
	at java.util.concurrent.FutureTask.run(FutureTask.java:266)
	at java.util.concurrent.ScheduledThreadPoolExecutor$ScheduledFutureTask.access$201(ScheduledThreadPoolExecutor.java:180)
	at java.util.concurrent.ScheduledThreadPoolExecutor$ScheduledFutureTask.run(ScheduledThreadPoolExecutor.java:293)
	at java.util.concurrent.ThreadPoolExecutor.runWorker(ThreadPoolExecutor.java:1149)
	at java.util.concurrent.ThreadPoolExecutor$Worker.run(ThreadPoolExecutor.java:624)
	at java.lang.Thread.run(Thread.java:750)
2023-09-07 12:24:26,449 [main] INFO  utils.BackgroundService (BackgroundService.java:shutdown(141)) - Shutting down service OpenKeyCleanupService
2023-09-07 12:24:26,454 [main] INFO  utils.BackgroundService (BackgroundService.java:shutdown(141)) - Shutting down service SstFilteringService
2023-09-07 12:24:26,455 [main] INFO  utils.BackgroundService (BackgroundService.java:shutdown(141)) - Shutting down service SnapshotDeletingService
2023-09-07 12:24:26,455 [main] INFO  om.OzoneManager (OzoneManager.java:stopSecretManager(1071)) - Stopping OM delegation token secret manager.
2023-09-07 12:24:26,459 [main] INFO  handler.ContextHandler (ContextHandler.java:doStop(1159)) - Stopped o.e.j.w.WebAppContext@144142c8{ozoneManager,/,null,STOPPED}{file:/home/runner/work/ozone/ozone/hadoop-ozone/ozone-manager/target/classes/webapps/ozoneManager}
2023-09-07 12:24:26,464 [main] INFO  server.AbstractConnector (AbstractConnector.java:doStop(383)) - Stopped ServerConnector@751c5975{HTTP/1.1, (http/1.1)}{0.0.0.0:9874}
2023-09-07 12:24:26,464 [main] INFO  server.session (HouseKeeper.java:stopScavenging(149)) - node0 Stopped scavenging
2023-09-07 12:24:26,465 [main] INFO  handler.ContextHandler (ContextHandler.java:doStop(1159)) - Stopped o.e.j.s.ServletContextHandler@10e3a63a{static,/static,file:///home/runner/work/ozone/ozone/hadoop-ozone/ozone-manager/target/classes/webapps/static,STOPPED}
2023-09-07 12:24:26,466 [main] INFO  handler.ContextHandler (ContextHandler.java:doStop(1159)) - Stopped o.e.j.s.ServletContextHandler@6001e643{logs,/logs,file:///home/runner/work/ozone/ozone/hadoop-ozone/ozone-manager/target/log,STOPPED}
2023-09-07 12:24:26,470 [main] INFO  rocksdiff.RocksDBCheckpointDiffer (RocksDBCheckpointDiffer.java:close(343)) - Shutting down CompactionDagPruningService.
2023-09-07 12:24:26,475 [main] INFO  snapshot.SnapshotDiffManager (SnapshotDiffManager.java:closeExecutorService(1697)) - Shutting down executorService: 'SnapDiffExecutor'
2023-09-07 12:24:26,476 [main] INFO  snapshot.SnapshotDiffManager (SnapshotDiffManager.java:closeExecutorService(1697)) - Shutting down executorService: 'SstDumpToolExecutor'
2023-09-07 12:24:26,476 [main] INFO  utils.BackgroundService (BackgroundService.java:shutdown(141)) - Shutting down service SnapshotDiffCleanupService
]]></system-out>
  </testcase>
  <testcase name="testCleanupExpiredOpenKeys(int, int, boolean)[2]" classname="org.apache.hadoop.ozone.om.service.TestOpenKeyCleanupService" time="13.137">
    <system-out><![CDATA[2023-09-07 12:24:26,513 [main] WARN  server.ServerUtils (ServerUtils.java:getDBPath(311)) - ozone.om.db.dirs is not configured. We recommend adding this setting. Falling back to ozone.metadata.dirs instead.
2023-09-07 12:24:26,514 [main] INFO  ha.OMHANodeDetails (OMHANodeDetails.java:loadOMHAConfig(115)) - ozone.om.internal.service.id is not defined, falling back to ozone.om.service.ids to find serviceID for OzoneManager if it is HA enabled cluster
2023-09-07 12:24:26,515 [main] INFO  ha.OMHANodeDetails (OMHANodeDetails.java:loadOMHAConfig(226)) - Configuration does not have ozone.om.address set. Falling back to the default OM address /0.0.0.0:9862
2023-09-07 12:24:26,515 [main] INFO  ha.OMHANodeDetails (OMHANodeDetails.java:getOMNodeDetailsForNonHA(254)) - OM Service ID is not set. Setting it to the default ID: omServiceIdDefault
2023-09-07 12:24:26,515 [main] INFO  ha.OMHANodeDetails (OMHANodeDetails.java:getOMNodeDetailsForNonHA(261)) - OM Node ID is not set. Setting it to the default ID: om1
2023-09-07 12:24:26,516 [main] WARN  server.ServerUtils (ServerUtils.java:getDBPath(311)) - ozone.om.db.dirs is not configured. We recommend adding this setting. Falling back to ozone.metadata.dirs instead.
2023-09-07 12:24:26,518 [main] INFO  upgrade.AbstractLayoutVersionManager (AbstractLayoutVersionManager.java:init(83)) - Initializing Layout version manager with metadata layout = QUOTA (version = 6), software layout = QUOTA (version = 6)
2023-09-07 12:24:26,668 [main] INFO  reflections.Reflections (Reflections.java:scan(232)) - Reflections took 147 ms to scan 2 urls, producing 187 keys and 514 values [using 2 cores]
2023-09-07 12:24:26,668 [main] INFO  upgrade.OMLayoutVersionManager (OMLayoutVersionManager.java:lambda$0(115)) - Skipping Upgrade Action QuotaRepairUpgradeAction since it has been finalized.
2023-09-07 12:24:26,669 [main] INFO  upgrade.OMLayoutVersionManager (OMLayoutVersionManager.java:lambda$0(115)) - Skipping Upgrade Action MockOmUpgradeAction since it has been finalized.
2023-09-07 12:24:26,670 [main] WARN  server.ServerUtils (ServerUtils.java:getDBPath(311)) - ozone.om.db.dirs is not configured. We recommend adding this setting. Falling back to ozone.metadata.dirs instead.
2023-09-07 12:24:26,671 [main] INFO  proxy.SCMBlockLocationFailoverProxyProvider (SCMBlockLocationFailoverProxyProvider.java:<init>(114)) - Created block location fail-over proxy with 1 nodes: [nodeId=scmNodeId,nodeAddress=/127.0.0.1:9863]
2023-09-07 12:24:26,678 [main] INFO  om.OzoneManager (OzoneManager.java:<init>(665)) - OM start with adminUsers: [runner]
2023-09-07 12:24:26,689 [main] WARN  server.ServerUtils (ServerUtils.java:getDBPath(311)) - ozone.om.db.dirs is not configured. We recommend adding this setting. Falling back to ozone.metadata.dirs instead.
2023-09-07 12:24:26,689 [main] INFO  helpers.OmKeyInfo (OmKeyInfo.java:getCodec(71)) - OmKeyInfo.getCodec ignorePipeline = true
2023-09-07 12:24:26,861 [main] INFO  om.OzoneManager (OzoneManager.java:instantiateServices(794)) - S3 Multi-Tenancy is disabled
2023-09-07 12:24:26,862 [main] INFO  security.OzoneSecretStore (OzoneSecretStore.java:loadState(69)) - Loaded 0 tokens
2023-09-07 12:24:26,862 [main] INFO  security.OzoneDelegationTokenSecretManager (OzoneDelegationTokenSecretManager.java:loadTokenSecretState(530)) - Loading token state into token manager.
2023-09-07 12:24:26,863 [main] INFO  om.OmSnapshotManager (OmSnapshotManager.java:<init>(174)) - Ozone filesystem snapshot feature is enabled.
2023-09-07 12:24:26,863 [main] WARN  server.ServerUtils (ServerUtils.java:getDBPath(311)) - ozone.om.snapshot.diff.db.dir is not configured. We recommend adding this setting. Falling back to ozone.metadata.dirs instead.
2023-09-07 12:24:26,880 [main] INFO  snapshot.SnapshotDiffManager (SnapshotDiffManager.java:closeExecutorService(1697)) - Shutting down executorService: 'SstDumpToolExecutor'
2023-09-07 12:24:26,882 [main] INFO  om.OzoneManager (OzoneManager.java:addS3GVolumeToDB(4301)) - Created Volume s3v With Owner runner required for S3Gateway operations.
2023-09-07 12:24:26,882 [main] WARN  server.ServerUtils (ServerUtils.java:getDefaultRatisDirectory(323)) - Storage directory for Ratis is not configured. It is a good idea to map this to an SSD disk. Falling back to ozone.metadata.dirs
2023-09-07 12:24:26,882 [main] WARN  utils.OzoneManagerRatisUtils (OzoneManagerRatisUtils.java:getOMRatisSnapshotDirectory(464)) - ozone.om.ratis.snapshot.dir is not configured. Falling back to ozone.metadata.dirs config
2023-09-07 12:24:26,883 [main] WARN  server.ServerUtils (ServerUtils.java:getDefaultRatisDirectory(323)) - Storage directory for Ratis is not configured. It is a good idea to map this to an SSD disk. Falling back to ozone.metadata.dirs
2023-09-07 12:24:26,884 [main] INFO  ratis.OzoneManagerRatisServer (OzoneManagerRatisServer.java:<init>(163)) - Instantiating OM Ratis server with groupID: omServiceIdDefault and peers: 0.0.0.0:9872
2023-09-07 12:24:26,885 [main] INFO  ratis.OzoneManagerStateMachine (OzoneManagerStateMachine.java:loadSnapshotInfoFromDB(687)) - LastAppliedIndex is set from TransactionInfo from OM DB as (t:0, i:~)
2023-09-07 12:24:26,890 [main] INFO  server.RaftServer (ConfUtils.java:logGet(46)) - raft.rpc.type = GRPC (default)
2023-09-07 12:24:26,892 [main] INFO  grpc.GrpcConfigKeys (ConfUtils.java:logFallback(53)) - raft.grpc.admin.host = null (fallback to raft.grpc.server.host)
2023-09-07 12:24:26,892 [main] INFO  grpc.GrpcConfigKeys (ConfUtils.java:logFallback(53)) - raft.grpc.admin.port = 9872 (fallback to raft.grpc.server.port)
2023-09-07 12:24:26,892 [main] INFO  grpc.GrpcConfigKeys (ConfUtils.java:logFallback(53)) - raft.grpc.client.host = null (fallback to raft.grpc.server.host)
2023-09-07 12:24:26,892 [main] INFO  grpc.GrpcConfigKeys (ConfUtils.java:logFallback(53)) - raft.grpc.client.port = 9872 (fallback to raft.grpc.server.port)
2023-09-07 12:24:26,893 [main] INFO  grpc.GrpcConfigKeys (ConfUtils.java:logGet(46)) - raft.grpc.server.host = null (default)
2023-09-07 12:24:26,893 [main] INFO  grpc.GrpcConfigKeys (ConfUtils.java:logGet(46)) - raft.grpc.server.port = 9872 (custom)
2023-09-07 12:24:26,893 [main] INFO  server.GrpcService (ConfUtils.java:logGet(46)) - raft.grpc.message.size.max = 33554432 (custom)
2023-09-07 12:24:26,893 [main] INFO  server.RaftServerConfigKeys (ConfUtils.java:logGet(46)) - raft.server.log.appender.buffer.byte-limit = 33554432 (custom)
2023-09-07 12:24:26,893 [main] INFO  server.GrpcService (ConfUtils.java:logGet(46)) - raft.grpc.flow.control.window = 1MB (=1048576) (default)
2023-09-07 12:24:26,894 [main] INFO  server.RaftServerConfigKeys (ConfUtils.java:logGet(46)) - raft.server.rpc.request.timeout = 3000ms (default)
2023-09-07 12:24:26,894 [main] INFO  grpc.GrpcConfigKeys (ConfUtils.java:logGet(46)) - raft.grpc.server.heartbeat.channel = true (default)
2023-09-07 12:24:26,894 [main] INFO  grpc.GrpcConfigKeys (ConfUtils.java:logGet(46)) - raft.grpc.server.async.request.thread.pool.cached = true (default)
2023-09-07 12:24:26,894 [main] INFO  grpc.GrpcConfigKeys (ConfUtils.java:logGet(46)) - raft.grpc.server.async.request.thread.pool.size = 32 (default)
2023-09-07 12:24:26,896 [main] INFO  impl.DataStreamServerImpl (ConfUtils.java:logGet(46)) - raft.datastream.type = DISABLED (default)
2023-09-07 12:24:26,896 [main] INFO  server.RaftServerConfigKeys (ConfUtils.java:logGet(46)) - raft.server.threadpool.proxy.cached = true (default)
2023-09-07 12:24:26,896 [main] INFO  server.RaftServerConfigKeys (ConfUtils.java:logGet(46)) - raft.server.threadpool.proxy.size = 0 (default)
2023-09-07 12:24:26,897 [main] INFO  server.RaftServerConfigKeys (ConfUtils.java:logGet(46)) - raft.server.rpc.slowness.timeout = 120s (custom)
2023-09-07 12:24:26,897 [main] INFO  server.RaftServerConfigKeys (ConfUtils.java:logGet(46)) - raft.server.leaderelection.leader.step-down.wait-time = 10s (default)
2023-09-07 12:24:26,897 [main] INFO  server.RaftServerConfigKeys (ConfUtils.java:logGet(46)) - raft.server.storage.dir = [/tmp/junit4807355154542047769/ratis] (custom)
2023-09-07 12:24:26,898 [main] INFO  server.RaftServer (RaftServerProxy.java:addNew(98)) - om1: addNew group-C5BA1605619E:[om1|rpc:0.0.0.0:9872|priority:0|startupRole:FOLLOWER] returns group-C5BA1605619E:java.util.concurrent.CompletableFuture@1a8868f2[Not completed]
2023-09-07 12:24:26,898 [main] INFO  om.OzoneManager (OzoneManager.java:initializeRatisServer(2145)) - OzoneManager Ratis server initialized at port 9872
2023-09-07 12:24:26,898 [main] INFO  om.OzoneManager (OzoneManager.java:getRpcServer(1196)) - Creating RPC Server
2023-09-07 12:24:26,900 [om1-groupManagement] INFO  server.RaftServer$Division (RaftServerImpl.java:<init>(198)) - om1: new RaftServerImpl for group-C5BA1605619E:[om1|rpc:0.0.0.0:9872|priority:0|startupRole:FOLLOWER] with OzoneManagerStateMachine:uninitialized
2023-09-07 12:24:26,900 [om1-groupManagement] INFO  server.RaftServerConfigKeys (ConfUtils.java:logGet(46)) - raft.server.rpc.timeout.min = 5s (custom)
2023-09-07 12:24:26,900 [om1-groupManagement] INFO  server.RaftServerConfigKeys (ConfUtils.java:logGet(46)) - raft.server.rpc.timeout.max = 5200ms (custom)
2023-09-07 12:24:26,900 [om1-groupManagement] INFO  server.RaftServerConfigKeys (ConfUtils.java:logGet(46)) - raft.server.rpc.sleep.time = 25ms (default)
2023-09-07 12:24:26,900 [om1-groupManagement] INFO  server.RaftServerConfigKeys (ConfUtils.java:logGet(46)) - raft.server.rpc.slowness.timeout = 120s (custom)
2023-09-07 12:24:26,900 [om1-groupManagement] INFO  server.RaftServerConfigKeys (ConfUtils.java:logGet(46)) - raft.server.leaderelection.leader.step-down.wait-time = 10s (default)
2023-09-07 12:24:26,900 [om1-groupManagement] INFO  server.RaftServerConfigKeys (ConfUtils.java:logGet(46)) - raft.server.sleep.deviation.threshold = 300ms (default)
2023-09-07 12:24:26,900 [om1-groupManagement] INFO  server.RaftServer$Division (ServerState.java:<init>(120)) - om1@group-C5BA1605619E: ConfigurationManager, init=-1: peers:[om1|rpc:0.0.0.0:9872|priority:0|startupRole:FOLLOWER]|listeners:[], old=null, confs=<EMPTY_MAP>
2023-09-07 12:24:26,900 [om1-groupManagement] INFO  server.RaftServerConfigKeys (ConfUtils.java:logGet(46)) - raft.server.storage.dir = [/tmp/junit4807355154542047769/ratis] (custom)
2023-09-07 12:24:26,901 [om1-groupManagement] INFO  server.RaftServerConfigKeys (ConfUtils.java:logGet(46)) - raft.server.log.corruption.policy = EXCEPTION (default)
2023-09-07 12:24:26,901 [om1-groupManagement] INFO  server.RaftServerConfigKeys (ConfUtils.java:logGet(46)) - raft.server.storage.free-space.min = 0MB (=0) (default)
2023-09-07 12:24:26,901 [om1-groupManagement] INFO  server.RaftServerConfigKeys (ConfUtils.java:logGet(46)) - raft.server.notification.no-leader.timeout = 120s (custom)
2023-09-07 12:24:26,901 [om1-groupManagement] INFO  server.RaftServerConfigKeys (ConfUtils.java:logGet(46)) - raft.server.read.timeout = 10s (default)
2023-09-07 12:24:26,901 [om1-groupManagement] INFO  server.RaftServerConfigKeys (ConfUtils.java:logGet(46)) - raft.server.retrycache.expirytime = 300s (custom)
2023-09-07 12:24:26,901 [om1-groupManagement] INFO  server.RaftServerConfigKeys (ConfUtils.java:logGet(46)) - raft.server.retrycache.statistics.expirytime = 100μs (default)
2023-09-07 12:24:26,901 [om1-groupManagement] INFO  server.RaftServerConfigKeys (ConfUtils.java:logGet(46)) - raft.server.read.option = DEFAULT (default)
2023-09-07 12:24:26,902 [om1-groupManagement] INFO  server.RaftServerConfigKeys (ConfUtils.java:logGet(46)) - raft.server.rpc.request.timeout = 3000ms (default)
2023-09-07 12:24:26,902 [om1-groupManagement] INFO  server.RaftServerConfigKeys (ConfUtils.java:logGet(46)) - raft.server.log.appender.install.snapshot.enabled = false (custom)
2023-09-07 12:24:26,902 [om1-groupManagement] INFO  server.RaftServerConfigKeys (ConfUtils.java:logGet(46)) - raft.server.threadpool.server.cached = true (default)
2023-09-07 12:24:26,902 [om1-groupManagement] INFO  server.RaftServerConfigKeys (ConfUtils.java:logGet(46)) - raft.server.threadpool.server.size = 0 (default)
2023-09-07 12:24:26,902 [om1-groupManagement] INFO  server.RaftServerConfigKeys (ConfUtils.java:logGet(46)) - raft.server.threadpool.client.cached = true (default)
2023-09-07 12:24:26,902 [om1-groupManagement] INFO  server.RaftServerConfigKeys (ConfUtils.java:logGet(46)) - raft.server.threadpool.client.size = 0 (default)
2023-09-07 12:24:27,225 [main] INFO  reflections.Reflections (Reflections.java:scan(232)) - Reflections took 326 ms to scan 12 urls, producing 50 keys and 2998 values [using 2 cores]
2023-09-07 12:24:27,230 [main] INFO  ipc.CallQueueManager (CallQueueManager.java:<init>(90)) - Using callQueue: class java.util.concurrent.LinkedBlockingQueue, queueCapacity: 10000, scheduler: class org.apache.hadoop.ipc.DefaultRpcScheduler, ipcBackoff: false.
2023-09-07 12:24:27,231 [main] INFO  ipc.Server (Server.java:<init>(1287)) - Listener at 0.0.0.0:9862
2023-09-07 12:24:27,231 [Socket Reader #1 for port 9862] INFO  ipc.Server (Server.java:run(1323)) - Starting Socket Reader #1 for port 9862
2023-09-07 12:24:27,256 [main] INFO  impl.MetricsSystemImpl (MetricsSystemImpl.java:init(158)) - OzoneManager metrics system started (again)
2023-09-07 12:24:27,264 [main] INFO  om.OzoneManager (OzoneManager.java:start(1630)) - OzoneManager RPC server is listening at /0.0.0.0:9862
2023-09-07 12:24:27,264 [main] INFO  ratis.OzoneManagerRatisServer (OzoneManagerRatisServer.java:start(558)) - Starting OzoneManagerRatisServer om1 at port 9872
2023-09-07 12:24:27,264 [om1-impl-thread1] INFO  storage.RaftStorageDirectory (RaftStorageDirectoryImpl.java:analyzeStorage(137)) - The storage directory /tmp/junit4807355154542047769/ratis/bf265839-605b-3f16-9796-c5ba1605619e does not exist. Creating ...
2023-09-07 12:24:27,266 [om1-impl-thread1] INFO  storage.RaftStorageDirectory (RaftStorageDirectoryImpl.java:tryLock(231)) - Lock on /tmp/junit4807355154542047769/ratis/bf265839-605b-3f16-9796-c5ba1605619e/in_use.lock acquired by nodename 188533@fv-az796-443
2023-09-07 12:24:27,267 [om1-impl-thread1] INFO  storage.RaftStorage (RaftStorageImpl.java:format(96)) - Storage directory /tmp/junit4807355154542047769/ratis/bf265839-605b-3f16-9796-c5ba1605619e has been successfully formatted.
2023-09-07 12:24:27,267 [om1-impl-thread1] INFO  server.RaftServerConfigKeys (ConfUtils.java:logGet(46)) - raft.server.log.use.memory = false (default)
2023-09-07 12:24:27,267 [om1-impl-thread1] INFO  server.RaftServerConfigKeys (ConfUtils.java:logGet(46)) - raft.server.log.purge.gap = 1000000 (custom)
2023-09-07 12:24:27,267 [om1-impl-thread1] INFO  server.RaftServerConfigKeys (ConfUtils.java:logGet(46)) - raft.server.log.appender.buffer.byte-limit = 33554432 (custom)
2023-09-07 12:24:27,268 [om1-impl-thread1] INFO  server.RaftServerConfigKeys (ConfUtils.java:logGet(46)) - raft.server.log.statemachine.data.read.timeout = 1000ms (default)
2023-09-07 12:24:27,268 [om1-impl-thread1] INFO  server.RaftServerConfigKeys (ConfUtils.java:logGet(46)) - raft.server.log.purge.preservation.log.num = 0 (default)
2023-09-07 12:24:27,268 [om1-impl-thread1] INFO  server.RaftServerConfigKeys (ConfUtils.java:logGet(46)) - raft.server.log.segment.size.max = 4194304 (custom)
2023-09-07 12:24:27,268 [om1-impl-thread1] INFO  server.RaftServerConfigKeys (ConfUtils.java:logGet(46)) - raft.server.log.segment.cache.num.max = 2 (custom)
2023-09-07 12:24:27,268 [om1-impl-thread1] INFO  server.RaftServerConfigKeys (ConfUtils.java:logGet(46)) - raft.server.log.segment.cache.size.max = 200MB (=209715200) (default)
2023-09-07 12:24:27,268 [om1-impl-thread1] INFO  server.RaftServerConfigKeys (ConfUtils.java:logGet(46)) - raft.server.log.appender.buffer.byte-limit = 33554432 (custom)
2023-09-07 12:24:27,268 [om1-impl-thread1] INFO  segmented.SegmentedRaftLogWorker (SegmentedRaftLogWorker.java:<init>(188)) - new om1@group-C5BA1605619E-SegmentedRaftLogWorker for RaftStorageImpl:Storage Directory /tmp/junit4807355154542047769/ratis/bf265839-605b-3f16-9796-c5ba1605619e
2023-09-07 12:24:27,268 [om1-impl-thread1] INFO  server.RaftServerConfigKeys (ConfUtils.java:logGet(46)) - raft.server.log.queue.byte-limit = 64MB (=67108864) (default)
2023-09-07 12:24:27,269 [om1-impl-thread1] INFO  server.RaftServerConfigKeys (ConfUtils.java:logGet(46)) - raft.server.log.queue.element-limit = 4096 (default)
2023-09-07 12:24:27,269 [om1-impl-thread1] INFO  server.RaftServerConfigKeys (ConfUtils.java:logGet(46)) - raft.server.log.segment.size.max = 4194304 (custom)
2023-09-07 12:24:27,269 [om1-impl-thread1] INFO  server.RaftServerConfigKeys (ConfUtils.java:logGet(46)) - raft.server.log.preallocated.size = 4194304 (custom)
2023-09-07 12:24:27,269 [om1-impl-thread1] INFO  server.RaftServerConfigKeys (ConfUtils.java:logGet(46)) - raft.server.log.force.sync.num = 128 (default)
2023-09-07 12:24:27,269 [om1-impl-thread1] INFO  server.RaftServerConfigKeys (ConfUtils.java:logGet(46)) - raft.server.log.statemachine.data.sync = true (default)
2023-09-07 12:24:27,269 [om1-impl-thread1] INFO  server.RaftServerConfigKeys (ConfUtils.java:logGet(46)) - raft.server.log.statemachine.data.sync.timeout = 10s (default)
2023-09-07 12:24:27,269 [om1-impl-thread1] INFO  server.RaftServerConfigKeys (ConfUtils.java:logGet(46)) - raft.server.log.statemachine.data.sync.timeout.retry = -1 (default)
2023-09-07 12:24:27,269 [om1-impl-thread1] INFO  server.RaftServerConfigKeys (ConfUtils.java:logGet(46)) - raft.server.log.write.buffer.size = 64KB (=65536) (default)
2023-09-07 12:24:27,269 [om1-impl-thread1] INFO  server.RaftServerConfigKeys (ConfUtils.java:logGet(46)) - raft.server.log.appender.buffer.byte-limit = 33554432 (custom)
2023-09-07 12:24:27,274 [om1-impl-thread1] INFO  server.RaftServerConfigKeys (ConfUtils.java:logGet(46)) - raft.server.log.unsafe-flush.enabled = false (default)
2023-09-07 12:24:27,275 [om1-impl-thread1] INFO  server.RaftServerConfigKeys (ConfUtils.java:logGet(46)) - raft.server.log.async-flush.enabled = false (default)
2023-09-07 12:24:27,275 [om1-impl-thread1] INFO  server.RaftServerConfigKeys (ConfUtils.java:logGet(46)) - raft.server.log.statemachine.data.caching.enabled = false (default)
2023-09-07 12:24:27,275 [om1-impl-thread1] INFO  segmented.SegmentedRaftLogWorker (SegmentedRaftLogWorker.java:lambda$new$0(135)) - om1@group-C5BA1605619E-SegmentedRaftLogWorker: flushIndex: setUnconditionally 0 -> -1
2023-09-07 12:24:27,275 [om1-impl-thread1] INFO  segmented.SegmentedRaftLogWorker (SegmentedRaftLogWorker.java:lambda$new$0(135)) - om1@group-C5BA1605619E-SegmentedRaftLogWorker: safeCacheEvictIndex: setUnconditionally 0 -> -1
2023-09-07 12:24:27,275 [om1-impl-thread1] INFO  server.RaftServer$Division (RaftServerImpl.java:start(342)) - om1@group-C5BA1605619E: start as a follower, conf=-1: peers:[om1|rpc:0.0.0.0:9872|priority:0|startupRole:FOLLOWER]|listeners:[], old=null
2023-09-07 12:24:27,275 [om1-impl-thread1] INFO  server.RaftServer$Division (RaftServerImpl.java:setRole(329)) - om1@group-C5BA1605619E: changes role from      null to FOLLOWER at term 0 for startAsFollower
2023-09-07 12:24:27,280 [om1-impl-thread1] INFO  impl.RoleInfo (RoleInfo.java:updateAndGet(139)) - om1: start om1@group-C5BA1605619E-FollowerState
2023-09-07 12:24:27,282 [om1-impl-thread1] INFO  util.JmxRegister (JmxRegister.java:tryRegister(44)) - Successfully registered JMX Bean with object name Ratis:service=RaftServer,group=group-C5BA1605619E,id=om1
2023-09-07 12:24:27,284 [om1-impl-thread1] INFO  server.RaftServerConfigKeys (ConfUtils.java:logGet(46)) - raft.server.snapshot.auto.trigger.enabled = true (custom)
2023-09-07 12:24:27,285 [om1-impl-thread1] INFO  server.RaftServerConfigKeys (ConfUtils.java:logGet(46)) - raft.server.snapshot.auto.trigger.threshold = 400000 (default)
2023-09-07 12:24:27,285 [om1-impl-thread1] INFO  server.RaftServerConfigKeys (ConfUtils.java:logGet(46)) - raft.server.snapshot.retention.file.num = -1 (default)
2023-09-07 12:24:27,285 [om1-impl-thread1] INFO  server.RaftServerConfigKeys (ConfUtils.java:logGet(46)) - raft.server.log.purge.upto.snapshot.index = true (custom)
2023-09-07 12:24:27,285 [main] INFO  server.RaftServer (RaftServerProxy.java:startImpl(400)) - om1: start RPC server
2023-09-07 12:24:27,286 [om1@group-C5BA1605619E-FollowerState] INFO  server.RaftServerConfigKeys (ConfUtils.java:logFallback(53)) - raft.server.rpc.first-election.timeout.min = 5s (fallback to raft.server.rpc.timeout.min)
2023-09-07 12:24:27,286 [om1@group-C5BA1605619E-FollowerState] INFO  server.RaftServerConfigKeys (ConfUtils.java:logFallback(53)) - raft.server.rpc.first-election.timeout.max = 5200ms (fallback to raft.server.rpc.timeout.max)
2023-09-07 12:24:27,289 [main] INFO  server.GrpcService (GrpcService.java:startImpl(302)) - om1: GrpcService started, listening on 9872
2023-09-07 12:24:27,290 [main] INFO  om.OzoneManager (OzoneManager.java:start(1646)) - Version File has different layout version (6) than OM DB (null). That is expected if this OM has never been finalized to a newer layout version.
2023-09-07 12:24:27,291 [JvmPauseMonitor1] INFO  util.JvmPauseMonitor (JvmPauseMonitor.java:run(103)) - JvmPauseMonitor-om1: Started
2023-09-07 12:24:27,297 [main] INFO  http.BaseHttpServer (BaseHttpServer.java:newHttpServer2BuilderForOzone(223)) - Starting Web-server for ozoneManager at: http://0.0.0.0:9874
2023-09-07 12:24:27,297 [main] INFO  http.BaseHttpServer (BaseHttpServer.java:<init>(110)) - Hadoop Security Enabled: false Ozone Security Enabled: false Ozone HTTP Security Enabled: false 
2023-09-07 12:24:27,299 [main] WARN  server.AuthenticationFilter (AuthenticationFilter.java:constructSecretProvider(240)) - Unable to initialize FileSignerSecretProvider, falling back to use random secrets. Reason: Could not read signature secret file: /home/runner/hadoop-http-auth-signature-secret
2023-09-07 12:24:27,300 [main] INFO  http.HttpRequestLog (HttpRequestLog.java:getRequestLog(86)) - Http request log for http.requests.ozoneManager is not defined
2023-09-07 12:24:27,301 [main] INFO  http.HttpServer2 (HttpServer2.java:addGlobalFilter(1031)) - Added global filter 'safety' (class=org.apache.hadoop.hdds.server.http.HttpServer2$QuotingInputFilter)
2023-09-07 12:24:27,302 [main] INFO  http.HttpServer2 (HttpServer2.java:addFilter(1007)) - Added filter static_user_filter (class=org.apache.hadoop.http.lib.StaticUserWebFilter$StaticUserFilter) to context ozoneManager
2023-09-07 12:24:27,302 [main] INFO  http.HttpServer2 (HttpServer2.java:addFilter(1015)) - Added filter static_user_filter (class=org.apache.hadoop.http.lib.StaticUserWebFilter$StaticUserFilter) to context logs
2023-09-07 12:24:27,303 [main] INFO  http.HttpServer2 (HttpServer2.java:addFilter(1015)) - Added filter static_user_filter (class=org.apache.hadoop.http.lib.StaticUserWebFilter$StaticUserFilter) to context static
2023-09-07 12:24:27,303 [main] INFO  http.BaseHttpServer (BaseHttpServer.java:<init>(189)) - HTTP server of ozoneManager uses base directory /tmp/junit4807355154542047769/webserver
2023-09-07 12:24:27,304 [main] INFO  http.HttpServer2 (HttpServer2.java:bindListener(1231)) - Jetty bound to port 9874
2023-09-07 12:24:27,304 [main] INFO  server.Server (Server.java:doStart(375)) - jetty-9.4.51.v20230217; built: 2023-02-17T08:19:37.309Z; git: b45c405e4544384de066f814ed42ae3dceacdd49; jvm 1.8.0_382-b05
2023-09-07 12:24:27,308 [main] INFO  server.session (DefaultSessionIdManager.java:doStart(334)) - DefaultSessionIdManager workerName=node0
2023-09-07 12:24:27,308 [main] INFO  server.session (DefaultSessionIdManager.java:doStart(339)) - No SessionScavenger set, using defaults
2023-09-07 12:24:27,308 [main] INFO  server.session (HouseKeeper.java:startScavenging(132)) - node0 Scavenging every 660000ms
2023-09-07 12:24:27,310 [main] INFO  handler.ContextHandler (ContextHandler.java:doStart(921)) - Started o.e.j.s.ServletContextHandler@fb8adcf{logs,/logs,file:///home/runner/work/ozone/ozone/hadoop-ozone/ozone-manager/target/log,AVAILABLE}
2023-09-07 12:24:27,311 [main] INFO  handler.ContextHandler (ContextHandler.java:doStart(921)) - Started o.e.j.s.ServletContextHandler@7172b0b9{static,/static,file:///home/runner/work/ozone/ozone/hadoop-ozone/ozone-manager/target/classes/webapps/static,AVAILABLE}
2023-09-07 12:24:27,316 [main] INFO  handler.ContextHandler (ContextHandler.java:doStart(921)) - Started o.e.j.w.WebAppContext@3c419521{ozoneManager,/,file:///home/runner/work/ozone/ozone/hadoop-ozone/ozone-manager/target/classes/webapps/ozoneManager/,AVAILABLE}{file:/home/runner/work/ozone/ozone/hadoop-ozone/ozone-manager/target/classes/webapps/ozoneManager}
2023-09-07 12:24:27,321 [main] INFO  server.AbstractConnector (AbstractConnector.java:doStart(333)) - Started ServerConnector@700735e2{HTTP/1.1, (http/1.1)}{0.0.0.0:9874}
2023-09-07 12:24:27,322 [main] INFO  server.Server (Server.java:doStart(415)) - Started @22815ms
2023-09-07 12:24:27,323 [main] WARN  impl.MetricsSystemImpl (MetricsSystemImpl.java:register(279)) - Sink prometheus already exists!
2023-09-07 12:24:27,326 [main] INFO  http.BaseHttpServer (BaseHttpServer.java:updateConnectorAddress(354)) - HTTP server of ozoneManager listening at http://0.0.0.0:9874
2023-09-07 12:24:27,327 [IPC Server Responder] INFO  ipc.Server (Server.java:run(1562)) - IPC Server Responder: starting
2023-09-07 12:24:27,327 [IPC Server listener on 9862] INFO  ipc.Server (Server.java:run(1402)) - IPC Server listener on 9862: starting
2023-09-07 12:24:27,342 [main] INFO  om.OzoneManager (OzoneManager.java:startTrashEmptier(2098)) - Trash Interval set to 0. Files deleted won't move to trash
2023-09-07 12:24:27,350 [main] INFO  om.GrpcOzoneManagerServer (GrpcOzoneManagerServer.java:start(180)) - GrpcOzoneManagerServer is started using port 8981
2023-09-07 12:24:29,369 [main] INFO  retry.RetryInvocationHandler (RetryInvocationHandler.java:log(422)) - com.google.protobuf.ServiceException: org.apache.hadoop.ipc.RemoteException(org.apache.hadoop.ozone.om.exceptions.OMNotLeaderException): OM:om1 is not the leader. Could not determine the leader node.
	at org.apache.hadoop.ozone.protocolPB.OzoneManagerProtocolServerSideTranslatorPB.createNotLeaderException(OzoneManagerProtocolServerSideTranslatorPB.java:246)
	at org.apache.hadoop.ozone.protocolPB.OzoneManagerProtocolServerSideTranslatorPB.createLeaderErrorException(OzoneManagerProtocolServerSideTranslatorPB.java:234)
	at org.apache.hadoop.ozone.protocolPB.OzoneManagerProtocolServerSideTranslatorPB.submitReadRequestToOM(OzoneManagerProtocolServerSideTranslatorPB.java:227)
	at org.apache.hadoop.ozone.protocolPB.OzoneManagerProtocolServerSideTranslatorPB.processRequest(OzoneManagerProtocolServerSideTranslatorPB.java:179)
	at org.apache.hadoop.hdds.server.OzoneProtocolMessageDispatcher.processRequest(OzoneProtocolMessageDispatcher.java:87)
	at org.apache.hadoop.ozone.protocolPB.OzoneManagerProtocolServerSideTranslatorPB.submitRequest(OzoneManagerProtocolServerSideTranslatorPB.java:148)
	at org.apache.hadoop.ozone.protocol.proto.OzoneManagerProtocolProtos$OzoneManagerService$2.callBlockingMethod(OzoneManagerProtocolProtos.java)
	at org.apache.hadoop.ipc.ProtobufRpcEngine$Server.processCall(ProtobufRpcEngine.java:484)
	at org.apache.hadoop.ipc.ProtobufRpcEngine2$Server$ProtoBufRpcInvoker.call(ProtobufRpcEngine2.java:595)
	at org.apache.hadoop.ipc.ProtobufRpcEngine2$Server$ProtoBufRpcInvoker.call(ProtobufRpcEngine2.java:573)
	at org.apache.hadoop.ipc.RPC$Server.call(RPC.java:1227)
	at org.apache.hadoop.ipc.Server$RpcCall.run(Server.java:1094)
	at org.apache.hadoop.ipc.Server$RpcCall.run(Server.java:1017)
	at java.security.AccessController.doPrivileged(Native Method)
	at javax.security.auth.Subject.doAs(Subject.java:422)
	at org.apache.hadoop.security.UserGroupInformation.doAs(UserGroupInformation.java:1899)
	at org.apache.hadoop.ipc.Server$Handler.run(Server.java:3048)
, while invoking $Proxy66.submitRequest over nodeId=null,nodeAddress=0.0.0.0:9862 after 1 failover attempts. Trying to failover after sleeping for 4000ms. Current retry count: 1.
2023-09-07 12:24:32,384 [om1@group-C5BA1605619E-FollowerState] INFO  impl.FollowerState (FollowerState.java:run(143)) - om1@group-C5BA1605619E-FollowerState: change to CANDIDATE, lastRpcElapsedTime:5104868190ns, electionTimeout:5098ms
2023-09-07 12:24:32,385 [om1@group-C5BA1605619E-FollowerState] INFO  impl.RoleInfo (RoleInfo.java:shutdownFollowerState(110)) - om1: shutdown om1@group-C5BA1605619E-FollowerState
2023-09-07 12:24:32,386 [om1@group-C5BA1605619E-FollowerState] INFO  server.RaftServer$Division (RaftServerImpl.java:setRole(329)) - om1@group-C5BA1605619E: changes role from  FOLLOWER to CANDIDATE at term 0 for changeToCandidate
2023-09-07 12:24:32,386 [om1@group-C5BA1605619E-FollowerState] INFO  server.RaftServerConfigKeys (ConfUtils.java:logGet(46)) - raft.server.leaderelection.pre-vote = true (default)
2023-09-07 12:24:32,386 [om1@group-C5BA1605619E-FollowerState] INFO  impl.RoleInfo (RoleInfo.java:updateAndGet(139)) - om1: start om1@group-C5BA1605619E-LeaderElection2
2023-09-07 12:24:32,391 [om1@group-C5BA1605619E-LeaderElection2] INFO  impl.LeaderElection (LeaderElection.java:askForVotes(321)) - om1@group-C5BA1605619E-LeaderElection2 PRE_VOTE round 0: submit vote requests at term 0 for -1: peers:[om1|rpc:0.0.0.0:9872|priority:0|startupRole:FOLLOWER]|listeners:[], old=null
2023-09-07 12:24:32,391 [om1@group-C5BA1605619E-LeaderElection2] INFO  impl.LeaderElection (LeaderElection.java:askForVotes(323)) - om1@group-C5BA1605619E-LeaderElection2 PRE_VOTE round 0: result PASSED (term=0)
2023-09-07 12:24:32,395 [om1@group-C5BA1605619E-LeaderElection2] INFO  impl.LeaderElection (LeaderElection.java:askForVotes(321)) - om1@group-C5BA1605619E-LeaderElection2 ELECTION round 0: submit vote requests at term 1 for -1: peers:[om1|rpc:0.0.0.0:9872|priority:0|startupRole:FOLLOWER]|listeners:[], old=null
2023-09-07 12:24:32,395 [om1@group-C5BA1605619E-LeaderElection2] INFO  impl.LeaderElection (LeaderElection.java:askForVotes(323)) - om1@group-C5BA1605619E-LeaderElection2 ELECTION round 0: result PASSED (term=1)
2023-09-07 12:24:32,395 [om1@group-C5BA1605619E-LeaderElection2] INFO  impl.RoleInfo (RoleInfo.java:shutdownLeaderElection(130)) - om1: shutdown om1@group-C5BA1605619E-LeaderElection2
2023-09-07 12:24:32,395 [om1@group-C5BA1605619E-LeaderElection2] INFO  server.RaftServer$Division (RaftServerImpl.java:setRole(329)) - om1@group-C5BA1605619E: changes role from CANDIDATE to LEADER at term 1 for changeToLeader
2023-09-07 12:24:32,396 [om1@group-C5BA1605619E-LeaderElection2] INFO  server.RaftServer$Division (ServerState.java:setLeader(317)) - om1@group-C5BA1605619E: change Leader from null to om1 at term 1 for becomeLeader, leader elected after 5494ms
2023-09-07 12:24:32,396 [om1@group-C5BA1605619E-LeaderElection2] INFO  server.RaftServerConfigKeys (ConfUtils.java:logGet(46)) - raft.server.staging.catchup.gap = 1000 (default)
2023-09-07 12:24:32,396 [om1@group-C5BA1605619E-LeaderElection2] INFO  server.RaftServerConfigKeys (ConfUtils.java:logGet(46)) - raft.server.write.element-limit = 4096 (default)
2023-09-07 12:24:32,396 [om1@group-C5BA1605619E-LeaderElection2] INFO  server.RaftServerConfigKeys (ConfUtils.java:logGet(46)) - raft.server.write.byte-limit = 64MB (=67108864) (default)
2023-09-07 12:24:32,397 [om1@group-C5BA1605619E-LeaderElection2] INFO  server.RaftServerConfigKeys (ConfUtils.java:logGet(46)) - raft.server.watch.timeout = 10s (default)
2023-09-07 12:24:32,397 [om1@group-C5BA1605619E-LeaderElection2] INFO  server.RaftServerConfigKeys (ConfUtils.java:logGet(46)) - raft.server.watch.timeout.denomination = 1s (default)
2023-09-07 12:24:32,397 [om1@group-C5BA1605619E-LeaderElection2] INFO  server.RaftServerConfigKeys (ConfUtils.java:logGet(46)) - raft.server.watch.element-limit = 65536 (default)
2023-09-07 12:24:32,397 [om1@group-C5BA1605619E-LeaderElection2] INFO  server.RaftServerConfigKeys (ConfUtils.java:logGet(46)) - raft.server.write.element-limit = 4096 (default)
2023-09-07 12:24:32,397 [om1@group-C5BA1605619E-LeaderElection2] INFO  server.RaftServerConfigKeys (ConfUtils.java:logGet(46)) - raft.server.write.follower.gap.ratio.max = -1.0 (default)
2023-09-07 12:24:32,399 [om1@group-C5BA1605619E-LeaderElection2] INFO  impl.RoleInfo (RoleInfo.java:updateAndGet(139)) - om1: start om1@group-C5BA1605619E-LeaderStateImpl
2023-09-07 12:24:32,399 [om1@group-C5BA1605619E-LeaderElection2] INFO  segmented.SegmentedRaftLogWorker (SegmentedRaftLogWorker.java:startLogSegment(447)) - om1@group-C5BA1605619E-SegmentedRaftLogWorker: Starting segment from index:0
2023-09-07 12:24:32,403 [om1@group-C5BA1605619E-LeaderElection2] INFO  server.RaftServer$Division (ServerState.java:setRaftConf(434)) - om1@group-C5BA1605619E: set configuration 0: peers:[om1|rpc:0.0.0.0:9872|admin:|client:|dataStream:|priority:0|startupRole:FOLLOWER]|listeners:[], old=null
2023-09-07 12:24:32,414 [om1@group-C5BA1605619E-SegmentedRaftLogWorker] INFO  segmented.SegmentedRaftLogWorker (SegmentedRaftLogWorker.java:execute(651)) - om1@group-C5BA1605619E-SegmentedRaftLogWorker: created new log segment /tmp/junit4807355154542047769/ratis/bf265839-605b-3f16-9796-c5ba1605619e/current/log_inprogress_0
2023-09-07 12:24:32,416 [om1@group-C5BA1605619E-StateMachineUpdater] INFO  ratis.OzoneManagerStateMachine (OzoneManagerStateMachine.java:notifyConfigurationChanged(202)) - Received Configuration change notification from Ratis. New Peer list:
[id: "om1"
address: "0.0.0.0:9872"
startupRole: FOLLOWER
]
2023-09-07 12:24:33,376 [main] INFO  service.TestOpenKeyCleanupService (TestOpenKeyCleanupService.java:testCleanupExpiredOpenKeys(136)) - numDEFKeys=0, numFSOKeys=8, hsync? true
2023-09-07 12:24:33,477 [main] INFO  service.TestOpenKeyCleanupService (TestOpenKeyCleanupService.java:testCleanupExpiredOpenKeys(147)) - oldkeyCount=0, oldrunCount=18
2023-09-07 12:24:33,512 [OM StateMachine ApplyTransaction Thread - 0] WARN  helpers.QuotaUtil (QuotaUtil.java:getReplicatedSize(63)) - Unknown replication type 'STAND_ALONE'. Returning original data size.
2023-09-07 12:24:33,518 [OM StateMachine ApplyTransaction Thread - 0] WARN  helpers.QuotaUtil (QuotaUtil.java:getReplicatedSize(63)) - Unknown replication type 'STAND_ALONE'. Returning original data size.
2023-09-07 12:24:33,524 [OM StateMachine ApplyTransaction Thread - 0] WARN  helpers.QuotaUtil (QuotaUtil.java:getReplicatedSize(63)) - Unknown replication type 'STAND_ALONE'. Returning original data size.
2023-09-07 12:24:33,524 [OM StateMachine ApplyTransaction Thread - 0] WARN  helpers.QuotaUtil (QuotaUtil.java:getReplicatedSize(63)) - Unknown replication type 'STAND_ALONE'. Returning original data size.
2023-09-07 12:24:33,536 [OM StateMachine ApplyTransaction Thread - 0] WARN  helpers.QuotaUtil (QuotaUtil.java:getReplicatedSize(63)) - Unknown replication type 'STAND_ALONE'. Returning original data size.
2023-09-07 12:24:33,552 [OM StateMachine ApplyTransaction Thread - 0] WARN  helpers.QuotaUtil (QuotaUtil.java:getReplicatedSize(63)) - Unknown replication type 'STAND_ALONE'. Returning original data size.
2023-09-07 12:24:33,566 [OM StateMachine ApplyTransaction Thread - 0] WARN  helpers.QuotaUtil (QuotaUtil.java:getReplicatedSize(63)) - Unknown replication type 'STAND_ALONE'. Returning original data size.
2023-09-07 12:24:33,566 [OM StateMachine ApplyTransaction Thread - 0] WARN  helpers.QuotaUtil (QuotaUtil.java:getReplicatedSize(63)) - Unknown replication type 'STAND_ALONE'. Returning original data size.
2023-09-07 12:24:33,576 [OM StateMachine ApplyTransaction Thread - 0] WARN  helpers.QuotaUtil (QuotaUtil.java:getReplicatedSize(63)) - Unknown replication type 'STAND_ALONE'. Returning original data size.
2023-09-07 12:24:33,576 [OM StateMachine ApplyTransaction Thread - 0] WARN  helpers.QuotaUtil (QuotaUtil.java:getReplicatedSize(63)) - Unknown replication type 'STAND_ALONE'. Returning original data size.
2023-09-07 12:24:33,582 [OM StateMachine ApplyTransaction Thread - 0] WARN  helpers.QuotaUtil (QuotaUtil.java:getReplicatedSize(63)) - Unknown replication type 'STAND_ALONE'. Returning original data size.
2023-09-07 12:24:33,595 [OM StateMachine ApplyTransaction Thread - 0] WARN  helpers.QuotaUtil (QuotaUtil.java:getReplicatedSize(63)) - Unknown replication type 'STAND_ALONE'. Returning original data size.
2023-09-07 12:24:33,595 [OM StateMachine ApplyTransaction Thread - 0] WARN  helpers.QuotaUtil (QuotaUtil.java:getReplicatedSize(63)) - Unknown replication type 'STAND_ALONE'. Returning original data size.
2023-09-07 12:24:33,602 [OM StateMachine ApplyTransaction Thread - 0] WARN  helpers.QuotaUtil (QuotaUtil.java:getReplicatedSize(63)) - Unknown replication type 'STAND_ALONE'. Returning original data size.
2023-09-07 12:24:33,602 [OM StateMachine ApplyTransaction Thread - 0] WARN  helpers.QuotaUtil (QuotaUtil.java:getReplicatedSize(63)) - Unknown replication type 'STAND_ALONE'. Returning original data size.
2023-09-07 12:24:33,612 [OM StateMachine ApplyTransaction Thread - 0] WARN  helpers.QuotaUtil (QuotaUtil.java:getReplicatedSize(63)) - Unknown replication type 'STAND_ALONE'. Returning original data size.
2023-09-07 12:24:33,624 [OM StateMachine ApplyTransaction Thread - 0] WARN  helpers.QuotaUtil (QuotaUtil.java:getReplicatedSize(63)) - Unknown replication type 'STAND_ALONE'. Returning original data size.
2023-09-07 12:24:33,624 [OM StateMachine ApplyTransaction Thread - 0] WARN  helpers.QuotaUtil (QuotaUtil.java:getReplicatedSize(63)) - Unknown replication type 'STAND_ALONE'. Returning original data size.
2023-09-07 12:24:33,632 [OM StateMachine ApplyTransaction Thread - 0] WARN  helpers.QuotaUtil (QuotaUtil.java:getReplicatedSize(63)) - Unknown replication type 'STAND_ALONE'. Returning original data size.
2023-09-07 12:24:33,643 [OM StateMachine ApplyTransaction Thread - 0] WARN  helpers.QuotaUtil (QuotaUtil.java:getReplicatedSize(63)) - Unknown replication type 'STAND_ALONE'. Returning original data size.
2023-09-07 12:24:33,644 [OM StateMachine ApplyTransaction Thread - 0] WARN  helpers.QuotaUtil (QuotaUtil.java:getReplicatedSize(63)) - Unknown replication type 'STAND_ALONE'. Returning original data size.
2023-09-07 12:24:33,650 [OM StateMachine ApplyTransaction Thread - 0] WARN  helpers.QuotaUtil (QuotaUtil.java:getReplicatedSize(63)) - Unknown replication type 'STAND_ALONE'. Returning original data size.
2023-09-07 12:24:33,665 [OM StateMachine ApplyTransaction Thread - 0] WARN  helpers.QuotaUtil (QuotaUtil.java:getReplicatedSize(63)) - Unknown replication type 'STAND_ALONE'. Returning original data size.
2023-09-07 12:24:33,666 [OM StateMachine ApplyTransaction Thread - 0] WARN  helpers.QuotaUtil (QuotaUtil.java:getReplicatedSize(63)) - Unknown replication type 'STAND_ALONE'. Returning original data size.
2023-09-07 12:24:33,673 [OM StateMachine ApplyTransaction Thread - 0] WARN  helpers.QuotaUtil (QuotaUtil.java:getReplicatedSize(63)) - Unknown replication type 'STAND_ALONE'. Returning original data size.
2023-09-07 12:24:33,686 [OM StateMachine ApplyTransaction Thread - 0] WARN  helpers.QuotaUtil (QuotaUtil.java:getReplicatedSize(63)) - Unknown replication type 'STAND_ALONE'. Returning original data size.
2023-09-07 12:24:33,686 [OM StateMachine ApplyTransaction Thread - 0] WARN  helpers.QuotaUtil (QuotaUtil.java:getReplicatedSize(63)) - Unknown replication type 'STAND_ALONE'. Returning original data size.
2023-09-07 12:24:33,692 [OM StateMachine ApplyTransaction Thread - 0] WARN  helpers.QuotaUtil (QuotaUtil.java:getReplicatedSize(63)) - Unknown replication type 'STAND_ALONE'. Returning original data size.
2023-09-07 12:24:33,921 [OM StateMachine ApplyTransaction Thread - 0] WARN  helpers.QuotaUtil (QuotaUtil.java:getReplicatedSize(63)) - Unknown replication type 'STAND_ALONE'. Returning original data size.
2023-09-07 12:24:33,921 [OM StateMachine ApplyTransaction Thread - 0] WARN  helpers.QuotaUtil (QuotaUtil.java:getReplicatedSize(63)) - Unknown replication type 'STAND_ALONE'. Returning original data size.
2023-09-07 12:24:34,021 [OM StateMachine ApplyTransaction Thread - 0] WARN  helpers.QuotaUtil (QuotaUtil.java:getReplicatedSize(63)) - Unknown replication type 'STAND_ALONE'. Returning original data size.
2023-09-07 12:24:34,021 [OM StateMachine ApplyTransaction Thread - 0] WARN  helpers.QuotaUtil (QuotaUtil.java:getReplicatedSize(63)) - Unknown replication type 'STAND_ALONE'. Returning original data size.
2023-09-07 12:24:34,120 [OM StateMachine ApplyTransaction Thread - 0] WARN  helpers.QuotaUtil (QuotaUtil.java:getReplicatedSize(63)) - Unknown replication type 'STAND_ALONE'. Returning original data size.
2023-09-07 12:24:34,121 [OM StateMachine ApplyTransaction Thread - 0] WARN  helpers.QuotaUtil (QuotaUtil.java:getReplicatedSize(63)) - Unknown replication type 'STAND_ALONE'. Returning original data size.
2023-09-07 12:24:34,220 [OM StateMachine ApplyTransaction Thread - 0] WARN  helpers.QuotaUtil (QuotaUtil.java:getReplicatedSize(63)) - Unknown replication type 'STAND_ALONE'. Returning original data size.
2023-09-07 12:24:34,220 [OM StateMachine ApplyTransaction Thread - 0] WARN  helpers.QuotaUtil (QuotaUtil.java:getReplicatedSize(63)) - Unknown replication type 'STAND_ALONE'. Returning original data size.
2023-09-07 12:24:34,319 [OM StateMachine ApplyTransaction Thread - 0] WARN  helpers.QuotaUtil (QuotaUtil.java:getReplicatedSize(63)) - Unknown replication type 'STAND_ALONE'. Returning original data size.
2023-09-07 12:24:34,319 [OM StateMachine ApplyTransaction Thread - 0] WARN  helpers.QuotaUtil (QuotaUtil.java:getReplicatedSize(63)) - Unknown replication type 'STAND_ALONE'. Returning original data size.
2023-09-07 12:24:34,422 [OM StateMachine ApplyTransaction Thread - 0] WARN  helpers.QuotaUtil (QuotaUtil.java:getReplicatedSize(63)) - Unknown replication type 'STAND_ALONE'. Returning original data size.
2023-09-07 12:24:34,422 [OM StateMachine ApplyTransaction Thread - 0] WARN  helpers.QuotaUtil (QuotaUtil.java:getReplicatedSize(63)) - Unknown replication type 'STAND_ALONE'. Returning original data size.
2023-09-07 12:24:34,519 [OM StateMachine ApplyTransaction Thread - 0] WARN  helpers.QuotaUtil (QuotaUtil.java:getReplicatedSize(63)) - Unknown replication type 'STAND_ALONE'. Returning original data size.
2023-09-07 12:24:34,520 [OM StateMachine ApplyTransaction Thread - 0] WARN  helpers.QuotaUtil (QuotaUtil.java:getReplicatedSize(63)) - Unknown replication type 'STAND_ALONE'. Returning original data size.
2023-09-07 12:24:34,619 [OM StateMachine ApplyTransaction Thread - 0] WARN  helpers.QuotaUtil (QuotaUtil.java:getReplicatedSize(63)) - Unknown replication type 'STAND_ALONE'. Returning original data size.
2023-09-07 12:24:34,619 [OM StateMachine ApplyTransaction Thread - 0] WARN  helpers.QuotaUtil (QuotaUtil.java:getReplicatedSize(63)) - Unknown replication type 'STAND_ALONE'. Returning original data size.
2023-09-07 12:24:34,800 [main] INFO  om.OzoneManager (OzoneManager.java:stop(2204)) - om1[0.0.0.0:9862]: Stopping Ozone Manager
2023-09-07 12:24:34,801 [main] INFO  ipc.Server (Server.java:stop(3523)) - Stopping server on 9862
2023-09-07 12:24:34,805 [IPC Server Responder] INFO  ipc.Server (Server.java:run(1567)) - Stopping IPC Server Responder
2023-09-07 12:24:34,805 [IPC Server listener on 9862] INFO  ipc.Server (Server.java:run(1434)) - Stopping IPC Server listener on 9862
2023-09-07 12:24:38,827 [main] INFO  om.GrpcOzoneManagerServer (GrpcOzoneManagerServer.java:stop(192)) - Server GrpcOzoneManagerServer is shutdown
2023-09-07 12:24:38,827 [main] INFO  server.RaftServer (RaftServerProxy.java:lambda$close$6(416)) - om1: close
2023-09-07 12:24:38,828 [main] INFO  server.GrpcService (GrpcService.java:closeImpl(311)) - om1: shutdown server GrpcServerProtocolService now
2023-09-07 12:24:38,828 [om1-impl-thread1] INFO  server.RaftServer$Division (RaftServerImpl.java:lambda$close$4(466)) - om1@group-C5BA1605619E: shutdown
2023-09-07 12:24:38,828 [om1-impl-thread1] INFO  util.JmxRegister (JmxRegister.java:unregister(73)) - Successfully un-registered JMX Bean with object name Ratis:service=RaftServer,group=group-C5BA1605619E,id=om1
2023-09-07 12:24:38,828 [om1-impl-thread1] INFO  impl.RoleInfo (RoleInfo.java:shutdownLeaderState(93)) - om1: shutdown om1@group-C5BA1605619E-LeaderStateImpl
2023-09-07 12:24:38,828 [om1-impl-thread1] INFO  impl.PendingRequests (PendingRequests.java:sendNotLeaderResponses(289)) - om1@group-C5BA1605619E-PendingRequests: sendNotLeaderResponses
2023-09-07 12:24:38,832 [om1-impl-thread1] INFO  impl.StateMachineUpdater (StateMachineUpdater.java:stopAndJoin(155)) - om1@group-C5BA1605619E-StateMachineUpdater: set stopIndex = 68
2023-09-07 12:24:38,833 [om1@group-C5BA1605619E-StateMachineUpdater] INFO  ratis.OzoneManagerStateMachine (OzoneManagerStateMachine.java:takeSnapshot(480)) - Current Snapshot Index (t:1, i:68)
2023-09-07 12:24:38,837 [main] INFO  server.GrpcService (GrpcService.java:closeImpl(320)) - om1: shutdown server GrpcServerProtocolService successfully
2023-09-07 12:24:38,852 [om1@group-C5BA1605619E-StateMachineUpdater] INFO  impl.StateMachineUpdater (StateMachineUpdater.java:takeSnapshot(291)) - om1@group-C5BA1605619E-StateMachineUpdater: Took a snapshot at index 68
2023-09-07 12:24:38,852 [om1@group-C5BA1605619E-StateMachineUpdater] INFO  impl.StateMachineUpdater (StateMachineUpdater.java:lambda$new$0(97)) - om1@group-C5BA1605619E-StateMachineUpdater: snapshotIndex: updateIncreasingly -1 -> 68
2023-09-07 12:24:38,852 [om1@group-C5BA1605619E-StateMachineUpdater] INFO  ratis.OzoneManagerStateMachine (OzoneManagerStateMachine.java:close(534)) - StateMachine has shutdown. Shutdown OzoneManager if not already shutdown.
2023-09-07 12:24:38,852 [om1@group-C5BA1605619E-StateMachineUpdater] INFO  ratis.OzoneManagerDoubleBuffer (OzoneManagerDoubleBuffer.java:stopDaemon(551)) - Stopping OMDoubleBuffer flush thread
2023-09-07 12:24:38,852 [OMDoubleBufferFlushThread] INFO  ratis.OzoneManagerDoubleBuffer (OzoneManagerDoubleBuffer.java:canFlush(638)) - OMDoubleBuffer flush thread OMDoubleBufferFlushThread is interrupted and will exit.
2023-09-07 12:24:38,853 [om1-impl-thread1] INFO  server.RaftServer$Division (ServerState.java:close(472)) - om1@group-C5BA1605619E: closes. applyIndex: 68
2023-09-07 12:24:39,621 [om1-impl-thread1] INFO  segmented.SegmentedRaftLogWorker (SegmentedRaftLogWorker.java:close(252)) - om1@group-C5BA1605619E-SegmentedRaftLogWorker close()
2023-09-07 12:24:39,622 [JvmPauseMonitor1] INFO  util.JvmPauseMonitor (JvmPauseMonitor.java:run(109)) - JvmPauseMonitor-om1: Stopped
2023-09-07 12:24:39,622 [main] INFO  ratis.OzoneManagerStateMachine (OzoneManagerStateMachine.java:close(534)) - StateMachine has shutdown. Shutdown OzoneManager if not already shutdown.
2023-09-07 12:24:39,623 [main] INFO  ratis.OzoneManagerDoubleBuffer (OzoneManagerDoubleBuffer.java:stopDaemon(560)) - OMDoubleBuffer flush thread is not running.
2023-09-07 12:24:39,623 [main] INFO  utils.BackgroundService (BackgroundService.java:shutdown(141)) - Shutting down service KeyDeletingService
2023-09-07 12:24:39,624 [main] INFO  utils.BackgroundService (BackgroundService.java:shutdown(141)) - Shutting down service KeyDeletingService
2023-09-07 12:24:39,624 [main] INFO  utils.BackgroundService (BackgroundService.java:shutdown(141)) - Shutting down service OpenKeyCleanupService
2023-09-07 12:24:39,624 [main] INFO  utils.BackgroundService (BackgroundService.java:shutdown(141)) - Shutting down service SstFilteringService
2023-09-07 12:24:39,624 [main] INFO  utils.BackgroundService (BackgroundService.java:shutdown(141)) - Shutting down service SnapshotDeletingService
2023-09-07 12:24:39,625 [main] INFO  om.OzoneManager (OzoneManager.java:stopSecretManager(1071)) - Stopping OM delegation token secret manager.
2023-09-07 12:24:39,626 [main] INFO  handler.ContextHandler (ContextHandler.java:doStop(1159)) - Stopped o.e.j.w.WebAppContext@3c419521{ozoneManager,/,null,STOPPED}{file:/home/runner/work/ozone/ozone/hadoop-ozone/ozone-manager/target/classes/webapps/ozoneManager}
2023-09-07 12:24:39,626 [main] INFO  server.AbstractConnector (AbstractConnector.java:doStop(383)) - Stopped ServerConnector@700735e2{HTTP/1.1, (http/1.1)}{0.0.0.0:9874}
2023-09-07 12:24:39,627 [main] INFO  server.session (HouseKeeper.java:stopScavenging(149)) - node0 Stopped scavenging
2023-09-07 12:24:39,627 [main] INFO  handler.ContextHandler (ContextHandler.java:doStop(1159)) - Stopped o.e.j.s.ServletContextHandler@7172b0b9{static,/static,file:///home/runner/work/ozone/ozone/hadoop-ozone/ozone-manager/target/classes/webapps/static,STOPPED}
2023-09-07 12:24:39,627 [main] INFO  handler.ContextHandler (ContextHandler.java:doStop(1159)) - Stopped o.e.j.s.ServletContextHandler@fb8adcf{logs,/logs,file:///home/runner/work/ozone/ozone/hadoop-ozone/ozone-manager/target/log,STOPPED}
2023-09-07 12:24:39,628 [main] INFO  rocksdiff.RocksDBCheckpointDiffer (RocksDBCheckpointDiffer.java:close(343)) - Shutting down CompactionDagPruningService.
2023-09-07 12:24:39,630 [main] INFO  snapshot.SnapshotDiffManager (SnapshotDiffManager.java:closeExecutorService(1697)) - Shutting down executorService: 'SnapDiffExecutor'
2023-09-07 12:24:39,631 [main] INFO  snapshot.SnapshotDiffManager (SnapshotDiffManager.java:closeExecutorService(1697)) - Shutting down executorService: 'SstDumpToolExecutor'
2023-09-07 12:24:39,631 [main] INFO  utils.BackgroundService (BackgroundService.java:shutdown(141)) - Shutting down service SnapshotDiffCleanupService
]]></system-out>
  </testcase>
  <testcase name="testCleanupExpiredOpenKeys(int, int, boolean)[3]" classname="org.apache.hadoop.ozone.om.service.TestOpenKeyCleanupService" time="12.857">
    <system-out><![CDATA[2023-09-07 12:24:39,651 [main] WARN  server.ServerUtils (ServerUtils.java:getDBPath(311)) - ozone.om.db.dirs is not configured. We recommend adding this setting. Falling back to ozone.metadata.dirs instead.
2023-09-07 12:24:39,654 [main] INFO  ha.OMHANodeDetails (OMHANodeDetails.java:loadOMHAConfig(115)) - ozone.om.internal.service.id is not defined, falling back to ozone.om.service.ids to find serviceID for OzoneManager if it is HA enabled cluster
2023-09-07 12:24:39,654 [main] INFO  ha.OMHANodeDetails (OMHANodeDetails.java:loadOMHAConfig(226)) - Configuration does not have ozone.om.address set. Falling back to the default OM address /0.0.0.0:9862
2023-09-07 12:24:39,654 [main] INFO  ha.OMHANodeDetails (OMHANodeDetails.java:getOMNodeDetailsForNonHA(254)) - OM Service ID is not set. Setting it to the default ID: omServiceIdDefault
2023-09-07 12:24:39,655 [main] INFO  ha.OMHANodeDetails (OMHANodeDetails.java:getOMNodeDetailsForNonHA(261)) - OM Node ID is not set. Setting it to the default ID: om1
2023-09-07 12:24:39,655 [main] WARN  server.ServerUtils (ServerUtils.java:getDBPath(311)) - ozone.om.db.dirs is not configured. We recommend adding this setting. Falling back to ozone.metadata.dirs instead.
2023-09-07 12:24:39,656 [main] INFO  upgrade.AbstractLayoutVersionManager (AbstractLayoutVersionManager.java:init(83)) - Initializing Layout version manager with metadata layout = QUOTA (version = 6), software layout = QUOTA (version = 6)
2023-09-07 12:24:39,699 [main] INFO  reflections.Reflections (Reflections.java:scan(232)) - Reflections took 41 ms to scan 2 urls, producing 187 keys and 514 values [using 2 cores]
2023-09-07 12:24:39,699 [main] INFO  upgrade.OMLayoutVersionManager (OMLayoutVersionManager.java:lambda$0(115)) - Skipping Upgrade Action QuotaRepairUpgradeAction since it has been finalized.
2023-09-07 12:24:39,699 [main] INFO  upgrade.OMLayoutVersionManager (OMLayoutVersionManager.java:lambda$0(115)) - Skipping Upgrade Action MockOmUpgradeAction since it has been finalized.
2023-09-07 12:24:39,700 [main] WARN  server.ServerUtils (ServerUtils.java:getDBPath(311)) - ozone.om.db.dirs is not configured. We recommend adding this setting. Falling back to ozone.metadata.dirs instead.
2023-09-07 12:24:39,701 [main] INFO  proxy.SCMBlockLocationFailoverProxyProvider (SCMBlockLocationFailoverProxyProvider.java:<init>(114)) - Created block location fail-over proxy with 1 nodes: [nodeId=scmNodeId,nodeAddress=/127.0.0.1:9863]
2023-09-07 12:24:39,704 [main] INFO  om.OzoneManager (OzoneManager.java:<init>(665)) - OM start with adminUsers: [runner]
2023-09-07 12:24:39,705 [main] WARN  server.ServerUtils (ServerUtils.java:getDBPath(311)) - ozone.om.db.dirs is not configured. We recommend adding this setting. Falling back to ozone.metadata.dirs instead.
2023-09-07 12:24:39,706 [main] INFO  helpers.OmKeyInfo (OmKeyInfo.java:getCodec(71)) - OmKeyInfo.getCodec ignorePipeline = true
2023-09-07 12:24:39,879 [main] INFO  om.OzoneManager (OzoneManager.java:instantiateServices(794)) - S3 Multi-Tenancy is disabled
2023-09-07 12:24:39,880 [main] INFO  security.OzoneSecretStore (OzoneSecretStore.java:loadState(69)) - Loaded 0 tokens
2023-09-07 12:24:39,880 [main] INFO  security.OzoneDelegationTokenSecretManager (OzoneDelegationTokenSecretManager.java:loadTokenSecretState(530)) - Loading token state into token manager.
2023-09-07 12:24:39,880 [main] INFO  om.OmSnapshotManager (OmSnapshotManager.java:<init>(174)) - Ozone filesystem snapshot feature is enabled.
2023-09-07 12:24:39,880 [main] WARN  server.ServerUtils (ServerUtils.java:getDBPath(311)) - ozone.om.snapshot.diff.db.dir is not configured. We recommend adding this setting. Falling back to ozone.metadata.dirs instead.
2023-09-07 12:24:39,899 [main] INFO  snapshot.SnapshotDiffManager (SnapshotDiffManager.java:closeExecutorService(1697)) - Shutting down executorService: 'SstDumpToolExecutor'
2023-09-07 12:24:39,906 [main] INFO  om.OzoneManager (OzoneManager.java:addS3GVolumeToDB(4301)) - Created Volume s3v With Owner runner required for S3Gateway operations.
2023-09-07 12:24:39,909 [main] WARN  server.ServerUtils (ServerUtils.java:getDefaultRatisDirectory(323)) - Storage directory for Ratis is not configured. It is a good idea to map this to an SSD disk. Falling back to ozone.metadata.dirs
2023-09-07 12:24:39,910 [main] WARN  utils.OzoneManagerRatisUtils (OzoneManagerRatisUtils.java:getOMRatisSnapshotDirectory(464)) - ozone.om.ratis.snapshot.dir is not configured. Falling back to ozone.metadata.dirs config
2023-09-07 12:24:39,910 [main] WARN  server.ServerUtils (ServerUtils.java:getDefaultRatisDirectory(323)) - Storage directory for Ratis is not configured. It is a good idea to map this to an SSD disk. Falling back to ozone.metadata.dirs
2023-09-07 12:24:39,912 [main] INFO  ratis.OzoneManagerRatisServer (OzoneManagerRatisServer.java:<init>(163)) - Instantiating OM Ratis server with groupID: omServiceIdDefault and peers: 0.0.0.0:9872
2023-09-07 12:24:39,912 [main] INFO  ratis.OzoneManagerStateMachine (OzoneManagerStateMachine.java:loadSnapshotInfoFromDB(687)) - LastAppliedIndex is set from TransactionInfo from OM DB as (t:0, i:~)
2023-09-07 12:24:39,912 [main] INFO  server.RaftServer (ConfUtils.java:logGet(46)) - raft.rpc.type = GRPC (default)
2023-09-07 12:24:39,913 [main] INFO  grpc.GrpcConfigKeys (ConfUtils.java:logFallback(53)) - raft.grpc.admin.host = null (fallback to raft.grpc.server.host)
2023-09-07 12:24:39,913 [main] INFO  grpc.GrpcConfigKeys (ConfUtils.java:logFallback(53)) - raft.grpc.admin.port = 9872 (fallback to raft.grpc.server.port)
2023-09-07 12:24:39,913 [main] INFO  grpc.GrpcConfigKeys (ConfUtils.java:logFallback(53)) - raft.grpc.client.host = null (fallback to raft.grpc.server.host)
2023-09-07 12:24:39,913 [main] INFO  grpc.GrpcConfigKeys (ConfUtils.java:logFallback(53)) - raft.grpc.client.port = 9872 (fallback to raft.grpc.server.port)
2023-09-07 12:24:39,913 [main] INFO  grpc.GrpcConfigKeys (ConfUtils.java:logGet(46)) - raft.grpc.server.host = null (default)
2023-09-07 12:24:39,913 [main] INFO  grpc.GrpcConfigKeys (ConfUtils.java:logGet(46)) - raft.grpc.server.port = 9872 (custom)
2023-09-07 12:24:39,914 [main] INFO  server.GrpcService (ConfUtils.java:logGet(46)) - raft.grpc.message.size.max = 33554432 (custom)
2023-09-07 12:24:39,914 [main] INFO  server.RaftServerConfigKeys (ConfUtils.java:logGet(46)) - raft.server.log.appender.buffer.byte-limit = 33554432 (custom)
2023-09-07 12:24:39,914 [main] INFO  server.GrpcService (ConfUtils.java:logGet(46)) - raft.grpc.flow.control.window = 1MB (=1048576) (default)
2023-09-07 12:24:39,914 [main] INFO  server.RaftServerConfigKeys (ConfUtils.java:logGet(46)) - raft.server.rpc.request.timeout = 3000ms (default)
2023-09-07 12:24:39,914 [main] INFO  grpc.GrpcConfigKeys (ConfUtils.java:logGet(46)) - raft.grpc.server.heartbeat.channel = true (default)
2023-09-07 12:24:39,915 [main] INFO  grpc.GrpcConfigKeys (ConfUtils.java:logGet(46)) - raft.grpc.server.async.request.thread.pool.cached = true (default)
2023-09-07 12:24:39,915 [main] INFO  grpc.GrpcConfigKeys (ConfUtils.java:logGet(46)) - raft.grpc.server.async.request.thread.pool.size = 32 (default)
2023-09-07 12:24:39,916 [main] INFO  impl.DataStreamServerImpl (ConfUtils.java:logGet(46)) - raft.datastream.type = DISABLED (default)
2023-09-07 12:24:39,917 [main] INFO  server.RaftServerConfigKeys (ConfUtils.java:logGet(46)) - raft.server.threadpool.proxy.cached = true (default)
2023-09-07 12:24:39,917 [main] INFO  server.RaftServerConfigKeys (ConfUtils.java:logGet(46)) - raft.server.threadpool.proxy.size = 0 (default)
2023-09-07 12:24:39,917 [main] INFO  server.RaftServerConfigKeys (ConfUtils.java:logGet(46)) - raft.server.rpc.slowness.timeout = 120s (custom)
2023-09-07 12:24:39,917 [main] INFO  server.RaftServerConfigKeys (ConfUtils.java:logGet(46)) - raft.server.leaderelection.leader.step-down.wait-time = 10s (default)
2023-09-07 12:24:39,917 [main] INFO  server.RaftServerConfigKeys (ConfUtils.java:logGet(46)) - raft.server.storage.dir = [/tmp/junit2696763903657569146/ratis] (custom)
2023-09-07 12:24:39,925 [main] INFO  server.RaftServer (RaftServerProxy.java:addNew(98)) - om1: addNew group-C5BA1605619E:[om1|rpc:0.0.0.0:9872|priority:0|startupRole:FOLLOWER] returns group-C5BA1605619E:java.util.concurrent.CompletableFuture@bbb5f74[Not completed]
2023-09-07 12:24:39,926 [om1-groupManagement] INFO  server.RaftServer$Division (RaftServerImpl.java:<init>(198)) - om1: new RaftServerImpl for group-C5BA1605619E:[om1|rpc:0.0.0.0:9872|priority:0|startupRole:FOLLOWER] with OzoneManagerStateMachine:uninitialized
2023-09-07 12:24:39,926 [main] INFO  om.OzoneManager (OzoneManager.java:initializeRatisServer(2145)) - OzoneManager Ratis server initialized at port 9872
2023-09-07 12:24:39,926 [om1-groupManagement] INFO  server.RaftServerConfigKeys (ConfUtils.java:logGet(46)) - raft.server.rpc.timeout.min = 5s (custom)
2023-09-07 12:24:39,926 [main] INFO  om.OzoneManager (OzoneManager.java:getRpcServer(1196)) - Creating RPC Server
2023-09-07 12:24:39,926 [om1-groupManagement] INFO  server.RaftServerConfigKeys (ConfUtils.java:logGet(46)) - raft.server.rpc.timeout.max = 5200ms (custom)
2023-09-07 12:24:39,926 [om1-groupManagement] INFO  server.RaftServerConfigKeys (ConfUtils.java:logGet(46)) - raft.server.rpc.sleep.time = 25ms (default)
2023-09-07 12:24:39,926 [om1-groupManagement] INFO  server.RaftServerConfigKeys (ConfUtils.java:logGet(46)) - raft.server.rpc.slowness.timeout = 120s (custom)
2023-09-07 12:24:39,927 [om1-groupManagement] INFO  server.RaftServerConfigKeys (ConfUtils.java:logGet(46)) - raft.server.leaderelection.leader.step-down.wait-time = 10s (default)
2023-09-07 12:24:39,927 [om1-groupManagement] INFO  server.RaftServerConfigKeys (ConfUtils.java:logGet(46)) - raft.server.sleep.deviation.threshold = 300ms (default)
2023-09-07 12:24:39,927 [om1-groupManagement] INFO  server.RaftServer$Division (ServerState.java:<init>(120)) - om1@group-C5BA1605619E: ConfigurationManager, init=-1: peers:[om1|rpc:0.0.0.0:9872|priority:0|startupRole:FOLLOWER]|listeners:[], old=null, confs=<EMPTY_MAP>
2023-09-07 12:24:39,927 [om1-groupManagement] INFO  server.RaftServerConfigKeys (ConfUtils.java:logGet(46)) - raft.server.storage.dir = [/tmp/junit2696763903657569146/ratis] (custom)
2023-09-07 12:24:39,927 [om1-groupManagement] INFO  server.RaftServerConfigKeys (ConfUtils.java:logGet(46)) - raft.server.log.corruption.policy = EXCEPTION (default)
2023-09-07 12:24:39,927 [om1-groupManagement] INFO  server.RaftServerConfigKeys (ConfUtils.java:logGet(46)) - raft.server.storage.free-space.min = 0MB (=0) (default)
2023-09-07 12:24:39,927 [om1-groupManagement] INFO  server.RaftServerConfigKeys (ConfUtils.java:logGet(46)) - raft.server.notification.no-leader.timeout = 120s (custom)
2023-09-07 12:24:39,927 [om1-groupManagement] INFO  server.RaftServerConfigKeys (ConfUtils.java:logGet(46)) - raft.server.read.timeout = 10s (default)
2023-09-07 12:24:39,927 [om1-groupManagement] INFO  server.RaftServerConfigKeys (ConfUtils.java:logGet(46)) - raft.server.retrycache.expirytime = 300s (custom)
2023-09-07 12:24:39,927 [om1-groupManagement] INFO  server.RaftServerConfigKeys (ConfUtils.java:logGet(46)) - raft.server.retrycache.statistics.expirytime = 100μs (default)
2023-09-07 12:24:39,927 [om1-groupManagement] INFO  server.RaftServerConfigKeys (ConfUtils.java:logGet(46)) - raft.server.read.option = DEFAULT (default)
2023-09-07 12:24:39,928 [om1-groupManagement] INFO  server.RaftServerConfigKeys (ConfUtils.java:logGet(46)) - raft.server.rpc.request.timeout = 3000ms (default)
2023-09-07 12:24:39,928 [om1-groupManagement] INFO  server.RaftServerConfigKeys (ConfUtils.java:logGet(46)) - raft.server.log.appender.install.snapshot.enabled = false (custom)
2023-09-07 12:24:39,928 [om1-groupManagement] INFO  server.RaftServerConfigKeys (ConfUtils.java:logGet(46)) - raft.server.threadpool.server.cached = true (default)
2023-09-07 12:24:39,928 [om1-groupManagement] INFO  server.RaftServerConfigKeys (ConfUtils.java:logGet(46)) - raft.server.threadpool.server.size = 0 (default)
2023-09-07 12:24:39,928 [om1-groupManagement] INFO  server.RaftServerConfigKeys (ConfUtils.java:logGet(46)) - raft.server.threadpool.client.cached = true (default)
2023-09-07 12:24:39,928 [om1-groupManagement] INFO  server.RaftServerConfigKeys (ConfUtils.java:logGet(46)) - raft.server.threadpool.client.size = 0 (default)
2023-09-07 12:24:40,202 [main] INFO  reflections.Reflections (Reflections.java:scan(232)) - Reflections took 275 ms to scan 12 urls, producing 50 keys and 2998 values [using 2 cores]
2023-09-07 12:24:40,203 [main] INFO  ipc.CallQueueManager (CallQueueManager.java:<init>(90)) - Using callQueue: class java.util.concurrent.LinkedBlockingQueue, queueCapacity: 10000, scheduler: class org.apache.hadoop.ipc.DefaultRpcScheduler, ipcBackoff: false.
2023-09-07 12:24:40,204 [main] INFO  ipc.Server (Server.java:<init>(1287)) - Listener at 0.0.0.0:9862
2023-09-07 12:24:40,206 [Socket Reader #1 for port 9862] INFO  ipc.Server (Server.java:run(1323)) - Starting Socket Reader #1 for port 9862
2023-09-07 12:24:40,229 [main] INFO  impl.MetricsSystemImpl (MetricsSystemImpl.java:init(158)) - OzoneManager metrics system started (again)
2023-09-07 12:24:40,237 [main] INFO  om.OzoneManager (OzoneManager.java:start(1630)) - OzoneManager RPC server is listening at /0.0.0.0:9862
2023-09-07 12:24:40,237 [main] INFO  ratis.OzoneManagerRatisServer (OzoneManagerRatisServer.java:start(558)) - Starting OzoneManagerRatisServer om1 at port 9872
2023-09-07 12:24:40,237 [om1-impl-thread1] INFO  storage.RaftStorageDirectory (RaftStorageDirectoryImpl.java:analyzeStorage(137)) - The storage directory /tmp/junit2696763903657569146/ratis/bf265839-605b-3f16-9796-c5ba1605619e does not exist. Creating ...
2023-09-07 12:24:40,238 [om1-impl-thread1] INFO  storage.RaftStorageDirectory (RaftStorageDirectoryImpl.java:tryLock(231)) - Lock on /tmp/junit2696763903657569146/ratis/bf265839-605b-3f16-9796-c5ba1605619e/in_use.lock acquired by nodename 188533@fv-az796-443
2023-09-07 12:24:40,240 [om1-impl-thread1] INFO  storage.RaftStorage (RaftStorageImpl.java:format(96)) - Storage directory /tmp/junit2696763903657569146/ratis/bf265839-605b-3f16-9796-c5ba1605619e has been successfully formatted.
2023-09-07 12:24:40,240 [om1-impl-thread1] INFO  server.RaftServerConfigKeys (ConfUtils.java:logGet(46)) - raft.server.log.use.memory = false (default)
2023-09-07 12:24:40,240 [om1-impl-thread1] INFO  server.RaftServerConfigKeys (ConfUtils.java:logGet(46)) - raft.server.log.purge.gap = 1000000 (custom)
2023-09-07 12:24:40,240 [om1-impl-thread1] INFO  server.RaftServerConfigKeys (ConfUtils.java:logGet(46)) - raft.server.log.appender.buffer.byte-limit = 33554432 (custom)
2023-09-07 12:24:40,240 [om1-impl-thread1] INFO  server.RaftServerConfigKeys (ConfUtils.java:logGet(46)) - raft.server.log.statemachine.data.read.timeout = 1000ms (default)
2023-09-07 12:24:40,240 [om1-impl-thread1] INFO  server.RaftServerConfigKeys (ConfUtils.java:logGet(46)) - raft.server.log.purge.preservation.log.num = 0 (default)
2023-09-07 12:24:40,240 [om1-impl-thread1] INFO  server.RaftServerConfigKeys (ConfUtils.java:logGet(46)) - raft.server.log.segment.size.max = 4194304 (custom)
2023-09-07 12:24:40,241 [om1-impl-thread1] INFO  server.RaftServerConfigKeys (ConfUtils.java:logGet(46)) - raft.server.log.segment.cache.num.max = 2 (custom)
2023-09-07 12:24:40,241 [om1-impl-thread1] INFO  server.RaftServerConfigKeys (ConfUtils.java:logGet(46)) - raft.server.log.segment.cache.size.max = 200MB (=209715200) (default)
2023-09-07 12:24:40,241 [om1-impl-thread1] INFO  server.RaftServerConfigKeys (ConfUtils.java:logGet(46)) - raft.server.log.appender.buffer.byte-limit = 33554432 (custom)
2023-09-07 12:24:40,241 [om1-impl-thread1] INFO  segmented.SegmentedRaftLogWorker (SegmentedRaftLogWorker.java:<init>(188)) - new om1@group-C5BA1605619E-SegmentedRaftLogWorker for RaftStorageImpl:Storage Directory /tmp/junit2696763903657569146/ratis/bf265839-605b-3f16-9796-c5ba1605619e
2023-09-07 12:24:40,241 [om1-impl-thread1] INFO  server.RaftServerConfigKeys (ConfUtils.java:logGet(46)) - raft.server.log.queue.byte-limit = 64MB (=67108864) (default)
2023-09-07 12:24:40,241 [om1-impl-thread1] INFO  server.RaftServerConfigKeys (ConfUtils.java:logGet(46)) - raft.server.log.queue.element-limit = 4096 (default)
2023-09-07 12:24:40,241 [om1-impl-thread1] INFO  server.RaftServerConfigKeys (ConfUtils.java:logGet(46)) - raft.server.log.segment.size.max = 4194304 (custom)
2023-09-07 12:24:40,241 [om1-impl-thread1] INFO  server.RaftServerConfigKeys (ConfUtils.java:logGet(46)) - raft.server.log.preallocated.size = 4194304 (custom)
2023-09-07 12:24:40,241 [om1-impl-thread1] INFO  server.RaftServerConfigKeys (ConfUtils.java:logGet(46)) - raft.server.log.force.sync.num = 128 (default)
2023-09-07 12:24:40,241 [om1-impl-thread1] INFO  server.RaftServerConfigKeys (ConfUtils.java:logGet(46)) - raft.server.log.statemachine.data.sync = true (default)
2023-09-07 12:24:40,241 [om1-impl-thread1] INFO  server.RaftServerConfigKeys (ConfUtils.java:logGet(46)) - raft.server.log.statemachine.data.sync.timeout = 10s (default)
2023-09-07 12:24:40,241 [om1-impl-thread1] INFO  server.RaftServerConfigKeys (ConfUtils.java:logGet(46)) - raft.server.log.statemachine.data.sync.timeout.retry = -1 (default)
2023-09-07 12:24:40,242 [om1-impl-thread1] INFO  server.RaftServerConfigKeys (ConfUtils.java:logGet(46)) - raft.server.log.write.buffer.size = 64KB (=65536) (default)
2023-09-07 12:24:40,242 [om1-impl-thread1] INFO  server.RaftServerConfigKeys (ConfUtils.java:logGet(46)) - raft.server.log.appender.buffer.byte-limit = 33554432 (custom)
2023-09-07 12:24:40,246 [om1-impl-thread1] INFO  server.RaftServerConfigKeys (ConfUtils.java:logGet(46)) - raft.server.log.unsafe-flush.enabled = false (default)
2023-09-07 12:24:40,247 [om1-impl-thread1] INFO  server.RaftServerConfigKeys (ConfUtils.java:logGet(46)) - raft.server.log.async-flush.enabled = false (default)
2023-09-07 12:24:40,247 [om1-impl-thread1] INFO  server.RaftServerConfigKeys (ConfUtils.java:logGet(46)) - raft.server.log.statemachine.data.caching.enabled = false (default)
2023-09-07 12:24:40,247 [om1-impl-thread1] INFO  segmented.SegmentedRaftLogWorker (SegmentedRaftLogWorker.java:lambda$new$0(135)) - om1@group-C5BA1605619E-SegmentedRaftLogWorker: flushIndex: setUnconditionally 0 -> -1
2023-09-07 12:24:40,247 [om1-impl-thread1] INFO  segmented.SegmentedRaftLogWorker (SegmentedRaftLogWorker.java:lambda$new$0(135)) - om1@group-C5BA1605619E-SegmentedRaftLogWorker: safeCacheEvictIndex: setUnconditionally 0 -> -1
2023-09-07 12:24:40,247 [om1-impl-thread1] INFO  server.RaftServer$Division (RaftServerImpl.java:start(342)) - om1@group-C5BA1605619E: start as a follower, conf=-1: peers:[om1|rpc:0.0.0.0:9872|priority:0|startupRole:FOLLOWER]|listeners:[], old=null
2023-09-07 12:24:40,247 [om1-impl-thread1] INFO  server.RaftServer$Division (RaftServerImpl.java:setRole(329)) - om1@group-C5BA1605619E: changes role from      null to FOLLOWER at term 0 for startAsFollower
2023-09-07 12:24:40,248 [om1-impl-thread1] INFO  impl.RoleInfo (RoleInfo.java:updateAndGet(139)) - om1: start om1@group-C5BA1605619E-FollowerState
2023-09-07 12:24:40,254 [om1-impl-thread1] INFO  util.JmxRegister (JmxRegister.java:tryRegister(44)) - Successfully registered JMX Bean with object name Ratis:service=RaftServer,group=group-C5BA1605619E,id=om1
2023-09-07 12:24:40,254 [om1-impl-thread1] INFO  server.RaftServerConfigKeys (ConfUtils.java:logGet(46)) - raft.server.snapshot.auto.trigger.enabled = true (custom)
2023-09-07 12:24:40,254 [om1-impl-thread1] INFO  server.RaftServerConfigKeys (ConfUtils.java:logGet(46)) - raft.server.snapshot.auto.trigger.threshold = 400000 (default)
2023-09-07 12:24:40,254 [om1-impl-thread1] INFO  server.RaftServerConfigKeys (ConfUtils.java:logGet(46)) - raft.server.snapshot.retention.file.num = -1 (default)
2023-09-07 12:24:40,254 [om1-impl-thread1] INFO  server.RaftServerConfigKeys (ConfUtils.java:logGet(46)) - raft.server.log.purge.upto.snapshot.index = true (custom)
2023-09-07 12:24:40,255 [om1@group-C5BA1605619E-FollowerState] INFO  server.RaftServerConfigKeys (ConfUtils.java:logFallback(53)) - raft.server.rpc.first-election.timeout.min = 5s (fallback to raft.server.rpc.timeout.min)
2023-09-07 12:24:40,255 [om1@group-C5BA1605619E-FollowerState] INFO  server.RaftServerConfigKeys (ConfUtils.java:logFallback(53)) - raft.server.rpc.first-election.timeout.max = 5200ms (fallback to raft.server.rpc.timeout.max)
2023-09-07 12:24:40,255 [main] INFO  server.RaftServer (RaftServerProxy.java:startImpl(400)) - om1: start RPC server
2023-09-07 12:24:40,257 [main] INFO  server.GrpcService (GrpcService.java:startImpl(302)) - om1: GrpcService started, listening on 9872
2023-09-07 12:24:40,258 [main] INFO  om.OzoneManager (OzoneManager.java:start(1646)) - Version File has different layout version (6) than OM DB (null). That is expected if this OM has never been finalized to a newer layout version.
2023-09-07 12:24:40,258 [JvmPauseMonitor2] INFO  util.JvmPauseMonitor (JvmPauseMonitor.java:run(103)) - JvmPauseMonitor-om1: Started
2023-09-07 12:24:40,262 [main] INFO  http.BaseHttpServer (BaseHttpServer.java:newHttpServer2BuilderForOzone(223)) - Starting Web-server for ozoneManager at: http://0.0.0.0:9874
2023-09-07 12:24:40,262 [main] INFO  http.BaseHttpServer (BaseHttpServer.java:<init>(110)) - Hadoop Security Enabled: false Ozone Security Enabled: false Ozone HTTP Security Enabled: false 
2023-09-07 12:24:40,265 [main] WARN  server.AuthenticationFilter (AuthenticationFilter.java:constructSecretProvider(240)) - Unable to initialize FileSignerSecretProvider, falling back to use random secrets. Reason: Could not read signature secret file: /home/runner/hadoop-http-auth-signature-secret
2023-09-07 12:24:40,270 [main] INFO  http.HttpRequestLog (HttpRequestLog.java:getRequestLog(86)) - Http request log for http.requests.ozoneManager is not defined
2023-09-07 12:24:40,271 [main] INFO  http.HttpServer2 (HttpServer2.java:addGlobalFilter(1031)) - Added global filter 'safety' (class=org.apache.hadoop.hdds.server.http.HttpServer2$QuotingInputFilter)
2023-09-07 12:24:40,272 [main] INFO  http.HttpServer2 (HttpServer2.java:addFilter(1007)) - Added filter static_user_filter (class=org.apache.hadoop.http.lib.StaticUserWebFilter$StaticUserFilter) to context ozoneManager
2023-09-07 12:24:40,272 [main] INFO  http.HttpServer2 (HttpServer2.java:addFilter(1015)) - Added filter static_user_filter (class=org.apache.hadoop.http.lib.StaticUserWebFilter$StaticUserFilter) to context static
2023-09-07 12:24:40,272 [main] INFO  http.HttpServer2 (HttpServer2.java:addFilter(1015)) - Added filter static_user_filter (class=org.apache.hadoop.http.lib.StaticUserWebFilter$StaticUserFilter) to context logs
2023-09-07 12:24:40,273 [main] INFO  http.BaseHttpServer (BaseHttpServer.java:<init>(189)) - HTTP server of ozoneManager uses base directory /tmp/junit2696763903657569146/webserver
2023-09-07 12:24:40,273 [main] INFO  http.HttpServer2 (HttpServer2.java:bindListener(1231)) - Jetty bound to port 9874
2023-09-07 12:24:40,274 [main] INFO  server.Server (Server.java:doStart(375)) - jetty-9.4.51.v20230217; built: 2023-02-17T08:19:37.309Z; git: b45c405e4544384de066f814ed42ae3dceacdd49; jvm 1.8.0_382-b05
2023-09-07 12:24:40,275 [main] INFO  server.session (DefaultSessionIdManager.java:doStart(334)) - DefaultSessionIdManager workerName=node0
2023-09-07 12:24:40,275 [main] INFO  server.session (DefaultSessionIdManager.java:doStart(339)) - No SessionScavenger set, using defaults
2023-09-07 12:24:40,276 [main] INFO  server.session (HouseKeeper.java:startScavenging(132)) - node0 Scavenging every 600000ms
2023-09-07 12:24:40,276 [main] INFO  handler.ContextHandler (ContextHandler.java:doStart(921)) - Started o.e.j.s.ServletContextHandler@673f8424{logs,/logs,file:///home/runner/work/ozone/ozone/hadoop-ozone/ozone-manager/target/log,AVAILABLE}
2023-09-07 12:24:40,277 [main] INFO  handler.ContextHandler (ContextHandler.java:doStart(921)) - Started o.e.j.s.ServletContextHandler@4ef5f92d{static,/static,file:///home/runner/work/ozone/ozone/hadoop-ozone/ozone-manager/target/classes/webapps/static,AVAILABLE}
2023-09-07 12:24:40,280 [main] INFO  handler.ContextHandler (ContextHandler.java:doStart(921)) - Started o.e.j.w.WebAppContext@62b5606a{ozoneManager,/,file:///home/runner/work/ozone/ozone/hadoop-ozone/ozone-manager/target/classes/webapps/ozoneManager/,AVAILABLE}{file:/home/runner/work/ozone/ozone/hadoop-ozone/ozone-manager/target/classes/webapps/ozoneManager}
2023-09-07 12:24:40,281 [main] INFO  server.AbstractConnector (AbstractConnector.java:doStart(333)) - Started ServerConnector@6ca28a17{HTTP/1.1, (http/1.1)}{0.0.0.0:9874}
2023-09-07 12:24:40,282 [main] INFO  server.Server (Server.java:doStart(415)) - Started @35775ms
2023-09-07 12:24:40,282 [main] WARN  impl.MetricsSystemImpl (MetricsSystemImpl.java:register(279)) - Sink prometheus already exists!
2023-09-07 12:24:40,283 [main] INFO  http.BaseHttpServer (BaseHttpServer.java:updateConnectorAddress(354)) - HTTP server of ozoneManager listening at http://0.0.0.0:9874
2023-09-07 12:24:40,283 [IPC Server Responder] INFO  ipc.Server (Server.java:run(1562)) - IPC Server Responder: starting
2023-09-07 12:24:40,283 [IPC Server listener on 9862] INFO  ipc.Server (Server.java:run(1402)) - IPC Server listener on 9862: starting
2023-09-07 12:24:40,295 [main] INFO  om.OzoneManager (OzoneManager.java:startTrashEmptier(2098)) - Trash Interval set to 0. Files deleted won't move to trash
2023-09-07 12:24:40,300 [main] INFO  om.GrpcOzoneManagerServer (GrpcOzoneManagerServer.java:start(180)) - GrpcOzoneManagerServer is started using port 8981
2023-09-07 12:24:42,314 [main] INFO  retry.RetryInvocationHandler (RetryInvocationHandler.java:log(422)) - com.google.protobuf.ServiceException: org.apache.hadoop.ipc.RemoteException(org.apache.hadoop.ozone.om.exceptions.OMNotLeaderException): OM:om1 is not the leader. Could not determine the leader node.
	at org.apache.hadoop.ozone.protocolPB.OzoneManagerProtocolServerSideTranslatorPB.createNotLeaderException(OzoneManagerProtocolServerSideTranslatorPB.java:246)
	at org.apache.hadoop.ozone.protocolPB.OzoneManagerProtocolServerSideTranslatorPB.createLeaderErrorException(OzoneManagerProtocolServerSideTranslatorPB.java:234)
	at org.apache.hadoop.ozone.protocolPB.OzoneManagerProtocolServerSideTranslatorPB.submitReadRequestToOM(OzoneManagerProtocolServerSideTranslatorPB.java:227)
	at org.apache.hadoop.ozone.protocolPB.OzoneManagerProtocolServerSideTranslatorPB.processRequest(OzoneManagerProtocolServerSideTranslatorPB.java:179)
	at org.apache.hadoop.hdds.server.OzoneProtocolMessageDispatcher.processRequest(OzoneProtocolMessageDispatcher.java:87)
	at org.apache.hadoop.ozone.protocolPB.OzoneManagerProtocolServerSideTranslatorPB.submitRequest(OzoneManagerProtocolServerSideTranslatorPB.java:148)
	at org.apache.hadoop.ozone.protocol.proto.OzoneManagerProtocolProtos$OzoneManagerService$2.callBlockingMethod(OzoneManagerProtocolProtos.java)
	at org.apache.hadoop.ipc.ProtobufRpcEngine$Server.processCall(ProtobufRpcEngine.java:484)
	at org.apache.hadoop.ipc.ProtobufRpcEngine2$Server$ProtoBufRpcInvoker.call(ProtobufRpcEngine2.java:595)
	at org.apache.hadoop.ipc.ProtobufRpcEngine2$Server$ProtoBufRpcInvoker.call(ProtobufRpcEngine2.java:573)
	at org.apache.hadoop.ipc.RPC$Server.call(RPC.java:1227)
	at org.apache.hadoop.ipc.Server$RpcCall.run(Server.java:1094)
	at org.apache.hadoop.ipc.Server$RpcCall.run(Server.java:1017)
	at java.security.AccessController.doPrivileged(Native Method)
	at javax.security.auth.Subject.doAs(Subject.java:422)
	at org.apache.hadoop.security.UserGroupInformation.doAs(UserGroupInformation.java:1899)
	at org.apache.hadoop.ipc.Server$Handler.run(Server.java:3048)
, while invoking $Proxy66.submitRequest over nodeId=null,nodeAddress=0.0.0.0:9862 after 1 failover attempts. Trying to failover after sleeping for 4000ms. Current retry count: 1.
2023-09-07 12:24:45,301 [om1@group-C5BA1605619E-FollowerState] INFO  impl.FollowerState (FollowerState.java:run(143)) - om1@group-C5BA1605619E-FollowerState: change to CANDIDATE, lastRpcElapsedTime:5053601820ns, electionTimeout:5046ms
2023-09-07 12:24:45,302 [om1@group-C5BA1605619E-FollowerState] INFO  impl.RoleInfo (RoleInfo.java:shutdownFollowerState(110)) - om1: shutdown om1@group-C5BA1605619E-FollowerState
2023-09-07 12:24:45,302 [om1@group-C5BA1605619E-FollowerState] INFO  server.RaftServer$Division (RaftServerImpl.java:setRole(329)) - om1@group-C5BA1605619E: changes role from  FOLLOWER to CANDIDATE at term 0 for changeToCandidate
2023-09-07 12:24:45,302 [om1@group-C5BA1605619E-FollowerState] INFO  server.RaftServerConfigKeys (ConfUtils.java:logGet(46)) - raft.server.leaderelection.pre-vote = true (default)
2023-09-07 12:24:45,302 [om1@group-C5BA1605619E-FollowerState] INFO  impl.RoleInfo (RoleInfo.java:updateAndGet(139)) - om1: start om1@group-C5BA1605619E-LeaderElection3
2023-09-07 12:24:45,303 [om1@group-C5BA1605619E-LeaderElection3] INFO  impl.LeaderElection (LeaderElection.java:askForVotes(321)) - om1@group-C5BA1605619E-LeaderElection3 PRE_VOTE round 0: submit vote requests at term 0 for -1: peers:[om1|rpc:0.0.0.0:9872|priority:0|startupRole:FOLLOWER]|listeners:[], old=null
2023-09-07 12:24:45,304 [om1@group-C5BA1605619E-LeaderElection3] INFO  impl.LeaderElection (LeaderElection.java:askForVotes(323)) - om1@group-C5BA1605619E-LeaderElection3 PRE_VOTE round 0: result PASSED (term=0)
2023-09-07 12:24:45,305 [om1@group-C5BA1605619E-LeaderElection3] INFO  impl.LeaderElection (LeaderElection.java:askForVotes(321)) - om1@group-C5BA1605619E-LeaderElection3 ELECTION round 0: submit vote requests at term 1 for -1: peers:[om1|rpc:0.0.0.0:9872|priority:0|startupRole:FOLLOWER]|listeners:[], old=null
2023-09-07 12:24:45,305 [om1@group-C5BA1605619E-LeaderElection3] INFO  impl.LeaderElection (LeaderElection.java:askForVotes(323)) - om1@group-C5BA1605619E-LeaderElection3 ELECTION round 0: result PASSED (term=1)
2023-09-07 12:24:45,305 [om1@group-C5BA1605619E-LeaderElection3] INFO  impl.RoleInfo (RoleInfo.java:shutdownLeaderElection(130)) - om1: shutdown om1@group-C5BA1605619E-LeaderElection3
2023-09-07 12:24:45,306 [om1@group-C5BA1605619E-LeaderElection3] INFO  server.RaftServer$Division (RaftServerImpl.java:setRole(329)) - om1@group-C5BA1605619E: changes role from CANDIDATE to LEADER at term 1 for changeToLeader
2023-09-07 12:24:45,306 [om1@group-C5BA1605619E-LeaderElection3] INFO  server.RaftServer$Division (ServerState.java:setLeader(317)) - om1@group-C5BA1605619E: change Leader from null to om1 at term 1 for becomeLeader, leader elected after 5378ms
2023-09-07 12:24:45,306 [om1@group-C5BA1605619E-LeaderElection3] INFO  server.RaftServerConfigKeys (ConfUtils.java:logGet(46)) - raft.server.staging.catchup.gap = 1000 (default)
2023-09-07 12:24:45,306 [om1@group-C5BA1605619E-LeaderElection3] INFO  server.RaftServerConfigKeys (ConfUtils.java:logGet(46)) - raft.server.write.element-limit = 4096 (default)
2023-09-07 12:24:45,306 [om1@group-C5BA1605619E-LeaderElection3] INFO  server.RaftServerConfigKeys (ConfUtils.java:logGet(46)) - raft.server.write.byte-limit = 64MB (=67108864) (default)
2023-09-07 12:24:45,307 [om1@group-C5BA1605619E-LeaderElection3] INFO  server.RaftServerConfigKeys (ConfUtils.java:logGet(46)) - raft.server.watch.timeout = 10s (default)
2023-09-07 12:24:45,307 [om1@group-C5BA1605619E-LeaderElection3] INFO  server.RaftServerConfigKeys (ConfUtils.java:logGet(46)) - raft.server.watch.timeout.denomination = 1s (default)
2023-09-07 12:24:45,307 [om1@group-C5BA1605619E-LeaderElection3] INFO  server.RaftServerConfigKeys (ConfUtils.java:logGet(46)) - raft.server.watch.element-limit = 65536 (default)
2023-09-07 12:24:45,307 [om1@group-C5BA1605619E-LeaderElection3] INFO  server.RaftServerConfigKeys (ConfUtils.java:logGet(46)) - raft.server.write.element-limit = 4096 (default)
2023-09-07 12:24:45,307 [om1@group-C5BA1605619E-LeaderElection3] INFO  server.RaftServerConfigKeys (ConfUtils.java:logGet(46)) - raft.server.write.follower.gap.ratio.max = -1.0 (default)
2023-09-07 12:24:45,307 [om1@group-C5BA1605619E-LeaderElection3] INFO  impl.RoleInfo (RoleInfo.java:updateAndGet(139)) - om1: start om1@group-C5BA1605619E-LeaderStateImpl
2023-09-07 12:24:45,307 [om1@group-C5BA1605619E-LeaderElection3] INFO  segmented.SegmentedRaftLogWorker (SegmentedRaftLogWorker.java:startLogSegment(447)) - om1@group-C5BA1605619E-SegmentedRaftLogWorker: Starting segment from index:0
2023-09-07 12:24:45,310 [om1@group-C5BA1605619E-LeaderElection3] INFO  server.RaftServer$Division (ServerState.java:setRaftConf(434)) - om1@group-C5BA1605619E: set configuration 0: peers:[om1|rpc:0.0.0.0:9872|admin:|client:|dataStream:|priority:0|startupRole:FOLLOWER]|listeners:[], old=null
2023-09-07 12:24:45,322 [om1@group-C5BA1605619E-SegmentedRaftLogWorker] INFO  segmented.SegmentedRaftLogWorker (SegmentedRaftLogWorker.java:execute(651)) - om1@group-C5BA1605619E-SegmentedRaftLogWorker: created new log segment /tmp/junit2696763903657569146/ratis/bf265839-605b-3f16-9796-c5ba1605619e/current/log_inprogress_0
2023-09-07 12:24:45,324 [om1@group-C5BA1605619E-StateMachineUpdater] INFO  ratis.OzoneManagerStateMachine (OzoneManagerStateMachine.java:notifyConfigurationChanged(202)) - Received Configuration change notification from Ratis. New Peer list:
[id: "om1"
address: "0.0.0.0:9872"
startupRole: FOLLOWER
]
2023-09-07 12:24:46,320 [main] INFO  service.TestOpenKeyCleanupService (TestOpenKeyCleanupService.java:testCleanupExpiredOpenKeys(136)) - numDEFKeys=6, numFSOKeys=7, hsync? true
2023-09-07 12:24:46,421 [main] INFO  service.TestOpenKeyCleanupService (TestOpenKeyCleanupService.java:testCleanupExpiredOpenKeys(147)) - oldkeyCount=0, oldrunCount=20
2023-09-07 12:24:46,450 [OM StateMachine ApplyTransaction Thread - 0] WARN  helpers.QuotaUtil (QuotaUtil.java:getReplicatedSize(63)) - Unknown replication type 'STAND_ALONE'. Returning original data size.
2023-09-07 12:24:46,450 [OM StateMachine ApplyTransaction Thread - 0] WARN  helpers.QuotaUtil (QuotaUtil.java:getReplicatedSize(63)) - Unknown replication type 'STAND_ALONE'. Returning original data size.
2023-09-07 12:24:46,455 [OM StateMachine ApplyTransaction Thread - 0] WARN  helpers.QuotaUtil (QuotaUtil.java:getReplicatedSize(63)) - Unknown replication type 'STAND_ALONE'. Returning original data size.
2023-09-07 12:24:46,455 [OM StateMachine ApplyTransaction Thread - 0] WARN  helpers.QuotaUtil (QuotaUtil.java:getReplicatedSize(63)) - Unknown replication type 'STAND_ALONE'. Returning original data size.
2023-09-07 12:24:46,465 [OM StateMachine ApplyTransaction Thread - 0] WARN  helpers.QuotaUtil (QuotaUtil.java:getReplicatedSize(63)) - Unknown replication type 'STAND_ALONE'. Returning original data size.
2023-09-07 12:24:46,465 [OM StateMachine ApplyTransaction Thread - 0] WARN  helpers.QuotaUtil (QuotaUtil.java:getReplicatedSize(63)) - Unknown replication type 'STAND_ALONE'. Returning original data size.
2023-09-07 12:24:46,470 [OM StateMachine ApplyTransaction Thread - 0] WARN  helpers.QuotaUtil (QuotaUtil.java:getReplicatedSize(63)) - Unknown replication type 'STAND_ALONE'. Returning original data size.
2023-09-07 12:24:46,470 [OM StateMachine ApplyTransaction Thread - 0] WARN  helpers.QuotaUtil (QuotaUtil.java:getReplicatedSize(63)) - Unknown replication type 'STAND_ALONE'. Returning original data size.
2023-09-07 12:24:46,483 [OM StateMachine ApplyTransaction Thread - 0] WARN  helpers.QuotaUtil (QuotaUtil.java:getReplicatedSize(63)) - Unknown replication type 'STAND_ALONE'. Returning original data size.
2023-09-07 12:24:46,484 [OM StateMachine ApplyTransaction Thread - 0] WARN  helpers.QuotaUtil (QuotaUtil.java:getReplicatedSize(63)) - Unknown replication type 'STAND_ALONE'. Returning original data size.
2023-09-07 12:24:46,495 [OM StateMachine ApplyTransaction Thread - 0] WARN  helpers.QuotaUtil (QuotaUtil.java:getReplicatedSize(63)) - Unknown replication type 'STAND_ALONE'. Returning original data size.
2023-09-07 12:24:46,495 [OM StateMachine ApplyTransaction Thread - 0] WARN  helpers.QuotaUtil (QuotaUtil.java:getReplicatedSize(63)) - Unknown replication type 'STAND_ALONE'. Returning original data size.
2023-09-07 12:24:46,500 [OM StateMachine ApplyTransaction Thread - 0] WARN  helpers.QuotaUtil (QuotaUtil.java:getReplicatedSize(63)) - Unknown replication type 'STAND_ALONE'. Returning original data size.
2023-09-07 12:24:46,500 [OM StateMachine ApplyTransaction Thread - 0] WARN  helpers.QuotaUtil (QuotaUtil.java:getReplicatedSize(63)) - Unknown replication type 'STAND_ALONE'. Returning original data size.
2023-09-07 12:24:46,520 [OM StateMachine ApplyTransaction Thread - 0] WARN  helpers.QuotaUtil (QuotaUtil.java:getReplicatedSize(63)) - Unknown replication type 'STAND_ALONE'. Returning original data size.
2023-09-07 12:24:46,520 [OM StateMachine ApplyTransaction Thread - 0] WARN  helpers.QuotaUtil (QuotaUtil.java:getReplicatedSize(63)) - Unknown replication type 'STAND_ALONE'. Returning original data size.
2023-09-07 12:24:46,526 [OM StateMachine ApplyTransaction Thread - 0] WARN  helpers.QuotaUtil (QuotaUtil.java:getReplicatedSize(63)) - Unknown replication type 'STAND_ALONE'. Returning original data size.
2023-09-07 12:24:46,539 [OM StateMachine ApplyTransaction Thread - 0] WARN  helpers.QuotaUtil (QuotaUtil.java:getReplicatedSize(63)) - Unknown replication type 'STAND_ALONE'. Returning original data size.
2023-09-07 12:24:46,539 [OM StateMachine ApplyTransaction Thread - 0] WARN  helpers.QuotaUtil (QuotaUtil.java:getReplicatedSize(63)) - Unknown replication type 'STAND_ALONE'. Returning original data size.
2023-09-07 12:24:46,544 [OM StateMachine ApplyTransaction Thread - 0] WARN  helpers.QuotaUtil (QuotaUtil.java:getReplicatedSize(63)) - Unknown replication type 'STAND_ALONE'. Returning original data size.
2023-09-07 12:24:46,544 [OM StateMachine ApplyTransaction Thread - 0] WARN  helpers.QuotaUtil (QuotaUtil.java:getReplicatedSize(63)) - Unknown replication type 'STAND_ALONE'. Returning original data size.
2023-09-07 12:24:46,550 [OM StateMachine ApplyTransaction Thread - 0] WARN  helpers.QuotaUtil (QuotaUtil.java:getReplicatedSize(63)) - Unknown replication type 'STAND_ALONE'. Returning original data size.
2023-09-07 12:24:46,560 [OM StateMachine ApplyTransaction Thread - 0] WARN  helpers.QuotaUtil (QuotaUtil.java:getReplicatedSize(63)) - Unknown replication type 'STAND_ALONE'. Returning original data size.
2023-09-07 12:24:46,560 [OM StateMachine ApplyTransaction Thread - 0] WARN  helpers.QuotaUtil (QuotaUtil.java:getReplicatedSize(63)) - Unknown replication type 'STAND_ALONE'. Returning original data size.
2023-09-07 12:24:46,565 [OM StateMachine ApplyTransaction Thread - 0] WARN  helpers.QuotaUtil (QuotaUtil.java:getReplicatedSize(63)) - Unknown replication type 'STAND_ALONE'. Returning original data size.
2023-09-07 12:24:46,575 [OM StateMachine ApplyTransaction Thread - 0] WARN  helpers.QuotaUtil (QuotaUtil.java:getReplicatedSize(63)) - Unknown replication type 'STAND_ALONE'. Returning original data size.
2023-09-07 12:24:46,588 [OM StateMachine ApplyTransaction Thread - 0] WARN  helpers.QuotaUtil (QuotaUtil.java:getReplicatedSize(63)) - Unknown replication type 'STAND_ALONE'. Returning original data size.
2023-09-07 12:24:46,588 [OM StateMachine ApplyTransaction Thread - 0] WARN  helpers.QuotaUtil (QuotaUtil.java:getReplicatedSize(63)) - Unknown replication type 'STAND_ALONE'. Returning original data size.
2023-09-07 12:24:46,594 [OM StateMachine ApplyTransaction Thread - 0] WARN  helpers.QuotaUtil (QuotaUtil.java:getReplicatedSize(63)) - Unknown replication type 'STAND_ALONE'. Returning original data size.
2023-09-07 12:24:46,614 [OM StateMachine ApplyTransaction Thread - 0] WARN  helpers.QuotaUtil (QuotaUtil.java:getReplicatedSize(63)) - Unknown replication type 'STAND_ALONE'. Returning original data size.
2023-09-07 12:24:46,614 [OM StateMachine ApplyTransaction Thread - 0] WARN  helpers.QuotaUtil (QuotaUtil.java:getReplicatedSize(63)) - Unknown replication type 'STAND_ALONE'. Returning original data size.
2023-09-07 12:24:46,620 [OM StateMachine ApplyTransaction Thread - 0] WARN  helpers.QuotaUtil (QuotaUtil.java:getReplicatedSize(63)) - Unknown replication type 'STAND_ALONE'. Returning original data size.
2023-09-07 12:24:46,620 [OM StateMachine ApplyTransaction Thread - 0] WARN  helpers.QuotaUtil (QuotaUtil.java:getReplicatedSize(63)) - Unknown replication type 'STAND_ALONE'. Returning original data size.
2023-09-07 12:24:46,626 [OM StateMachine ApplyTransaction Thread - 0] WARN  helpers.QuotaUtil (QuotaUtil.java:getReplicatedSize(63)) - Unknown replication type 'STAND_ALONE'. Returning original data size.
2023-09-07 12:24:46,636 [OM StateMachine ApplyTransaction Thread - 0] WARN  helpers.QuotaUtil (QuotaUtil.java:getReplicatedSize(63)) - Unknown replication type 'STAND_ALONE'. Returning original data size.
2023-09-07 12:24:46,886 [OM StateMachine ApplyTransaction Thread - 0] WARN  helpers.QuotaUtil (QuotaUtil.java:getReplicatedSize(63)) - Unknown replication type 'STAND_ALONE'. Returning original data size.
2023-09-07 12:24:46,886 [OM StateMachine ApplyTransaction Thread - 0] WARN  helpers.QuotaUtil (QuotaUtil.java:getReplicatedSize(63)) - Unknown replication type 'STAND_ALONE'. Returning original data size.
2023-09-07 12:24:46,980 [OM StateMachine ApplyTransaction Thread - 0] WARN  helpers.QuotaUtil (QuotaUtil.java:getReplicatedSize(63)) - Unknown replication type 'STAND_ALONE'. Returning original data size.
2023-09-07 12:24:46,980 [OM StateMachine ApplyTransaction Thread - 0] WARN  helpers.QuotaUtil (QuotaUtil.java:getReplicatedSize(63)) - Unknown replication type 'STAND_ALONE'. Returning original data size.
2023-09-07 12:24:47,080 [OM StateMachine ApplyTransaction Thread - 0] WARN  helpers.QuotaUtil (QuotaUtil.java:getReplicatedSize(63)) - Unknown replication type 'STAND_ALONE'. Returning original data size.
2023-09-07 12:24:47,080 [OM StateMachine ApplyTransaction Thread - 0] WARN  helpers.QuotaUtil (QuotaUtil.java:getReplicatedSize(63)) - Unknown replication type 'STAND_ALONE'. Returning original data size.
2023-09-07 12:24:47,179 [OM StateMachine ApplyTransaction Thread - 0] WARN  helpers.QuotaUtil (QuotaUtil.java:getReplicatedSize(63)) - Unknown replication type 'STAND_ALONE'. Returning original data size.
2023-09-07 12:24:47,179 [OM StateMachine ApplyTransaction Thread - 0] WARN  helpers.QuotaUtil (QuotaUtil.java:getReplicatedSize(63)) - Unknown replication type 'STAND_ALONE'. Returning original data size.
2023-09-07 12:24:47,281 [OM StateMachine ApplyTransaction Thread - 0] WARN  helpers.QuotaUtil (QuotaUtil.java:getReplicatedSize(63)) - Unknown replication type 'STAND_ALONE'. Returning original data size.
2023-09-07 12:24:47,281 [OM StateMachine ApplyTransaction Thread - 0] WARN  helpers.QuotaUtil (QuotaUtil.java:getReplicatedSize(63)) - Unknown replication type 'STAND_ALONE'. Returning original data size.
2023-09-07 12:24:47,383 [OM StateMachine ApplyTransaction Thread - 0] WARN  helpers.QuotaUtil (QuotaUtil.java:getReplicatedSize(63)) - Unknown replication type 'STAND_ALONE'. Returning original data size.
2023-09-07 12:24:47,383 [OM StateMachine ApplyTransaction Thread - 0] WARN  helpers.QuotaUtil (QuotaUtil.java:getReplicatedSize(63)) - Unknown replication type 'STAND_ALONE'. Returning original data size.
2023-09-07 12:24:47,479 [OM StateMachine ApplyTransaction Thread - 0] WARN  helpers.QuotaUtil (QuotaUtil.java:getReplicatedSize(63)) - Unknown replication type 'STAND_ALONE'. Returning original data size.
2023-09-07 12:24:47,479 [OM StateMachine ApplyTransaction Thread - 0] WARN  helpers.QuotaUtil (QuotaUtil.java:getReplicatedSize(63)) - Unknown replication type 'STAND_ALONE'. Returning original data size.
2023-09-07 12:24:48,242 [main] INFO  om.OzoneManager (OzoneManager.java:stop(2204)) - om1[0.0.0.0:9862]: Stopping Ozone Manager
2023-09-07 12:24:48,243 [main] INFO  ipc.Server (Server.java:stop(3523)) - Stopping server on 9862
2023-09-07 12:24:48,245 [IPC Server Responder] INFO  ipc.Server (Server.java:run(1567)) - Stopping IPC Server Responder
2023-09-07 12:24:48,246 [IPC Server listener on 9862] INFO  ipc.Server (Server.java:run(1434)) - Stopping IPC Server listener on 9862
2023-09-07 12:24:52,268 [main] INFO  om.GrpcOzoneManagerServer (GrpcOzoneManagerServer.java:stop(192)) - Server GrpcOzoneManagerServer is shutdown
2023-09-07 12:24:52,269 [main] INFO  server.RaftServer (RaftServerProxy.java:lambda$close$6(416)) - om1: close
2023-09-07 12:24:52,269 [main] INFO  server.GrpcService (GrpcService.java:closeImpl(311)) - om1: shutdown server GrpcServerProtocolService now
2023-09-07 12:24:52,270 [om1-impl-thread1] INFO  server.RaftServer$Division (RaftServerImpl.java:lambda$close$4(466)) - om1@group-C5BA1605619E: shutdown
2023-09-07 12:24:52,271 [om1-impl-thread1] INFO  util.JmxRegister (JmxRegister.java:unregister(73)) - Successfully un-registered JMX Bean with object name Ratis:service=RaftServer,group=group-C5BA1605619E,id=om1
2023-09-07 12:24:52,271 [om1-impl-thread1] INFO  impl.RoleInfo (RoleInfo.java:shutdownLeaderState(93)) - om1: shutdown om1@group-C5BA1605619E-LeaderStateImpl
2023-09-07 12:24:52,271 [om1-impl-thread1] INFO  impl.PendingRequests (PendingRequests.java:sendNotLeaderResponses(289)) - om1@group-C5BA1605619E-PendingRequests: sendNotLeaderResponses
2023-09-07 12:24:52,272 [om1-impl-thread1] INFO  impl.StateMachineUpdater (StateMachineUpdater.java:stopAndJoin(155)) - om1@group-C5BA1605619E-StateMachineUpdater: set stopIndex = 84
2023-09-07 12:24:52,272 [main] INFO  server.GrpcService (GrpcService.java:closeImpl(320)) - om1: shutdown server GrpcServerProtocolService successfully
2023-09-07 12:24:52,272 [om1@group-C5BA1605619E-StateMachineUpdater] INFO  ratis.OzoneManagerStateMachine (OzoneManagerStateMachine.java:takeSnapshot(480)) - Current Snapshot Index (t:1, i:84)
2023-09-07 12:24:52,291 [om1@group-C5BA1605619E-StateMachineUpdater] INFO  impl.StateMachineUpdater (StateMachineUpdater.java:takeSnapshot(291)) - om1@group-C5BA1605619E-StateMachineUpdater: Took a snapshot at index 84
2023-09-07 12:24:52,291 [om1@group-C5BA1605619E-StateMachineUpdater] INFO  impl.StateMachineUpdater (StateMachineUpdater.java:lambda$new$0(97)) - om1@group-C5BA1605619E-StateMachineUpdater: snapshotIndex: updateIncreasingly -1 -> 84
2023-09-07 12:24:52,291 [om1@group-C5BA1605619E-StateMachineUpdater] INFO  ratis.OzoneManagerStateMachine (OzoneManagerStateMachine.java:close(534)) - StateMachine has shutdown. Shutdown OzoneManager if not already shutdown.
2023-09-07 12:24:52,291 [om1@group-C5BA1605619E-StateMachineUpdater] INFO  ratis.OzoneManagerDoubleBuffer (OzoneManagerDoubleBuffer.java:stopDaemon(551)) - Stopping OMDoubleBuffer flush thread
2023-09-07 12:24:52,291 [OMDoubleBufferFlushThread] INFO  ratis.OzoneManagerDoubleBuffer (OzoneManagerDoubleBuffer.java:canFlush(638)) - OMDoubleBuffer flush thread OMDoubleBufferFlushThread is interrupted and will exit.
2023-09-07 12:24:52,292 [om1-impl-thread1] INFO  server.RaftServer$Division (ServerState.java:close(472)) - om1@group-C5BA1605619E: closes. applyIndex: 84
2023-09-07 12:24:52,480 [om1-impl-thread1] INFO  segmented.SegmentedRaftLogWorker (SegmentedRaftLogWorker.java:close(252)) - om1@group-C5BA1605619E-SegmentedRaftLogWorker close()
2023-09-07 12:24:52,481 [JvmPauseMonitor2] INFO  util.JvmPauseMonitor (JvmPauseMonitor.java:run(109)) - JvmPauseMonitor-om1: Stopped
2023-09-07 12:24:52,481 [main] INFO  ratis.OzoneManagerStateMachine (OzoneManagerStateMachine.java:close(534)) - StateMachine has shutdown. Shutdown OzoneManager if not already shutdown.
2023-09-07 12:24:52,481 [main] INFO  ratis.OzoneManagerDoubleBuffer (OzoneManagerDoubleBuffer.java:stopDaemon(560)) - OMDoubleBuffer flush thread is not running.
2023-09-07 12:24:52,482 [main] INFO  utils.BackgroundService (BackgroundService.java:shutdown(141)) - Shutting down service KeyDeletingService
2023-09-07 12:24:52,482 [main] INFO  utils.BackgroundService (BackgroundService.java:shutdown(141)) - Shutting down service KeyDeletingService
2023-09-07 12:24:52,483 [main] INFO  utils.BackgroundService (BackgroundService.java:shutdown(141)) - Shutting down service OpenKeyCleanupService
2023-09-07 12:24:52,483 [main] INFO  utils.BackgroundService (BackgroundService.java:shutdown(141)) - Shutting down service SstFilteringService
2023-09-07 12:24:52,483 [main] INFO  utils.BackgroundService (BackgroundService.java:shutdown(141)) - Shutting down service SnapshotDeletingService
2023-09-07 12:24:52,484 [main] INFO  om.OzoneManager (OzoneManager.java:stopSecretManager(1071)) - Stopping OM delegation token secret manager.
2023-09-07 12:24:52,484 [main] INFO  handler.ContextHandler (ContextHandler.java:doStop(1159)) - Stopped o.e.j.w.WebAppContext@62b5606a{ozoneManager,/,null,STOPPED}{file:/home/runner/work/ozone/ozone/hadoop-ozone/ozone-manager/target/classes/webapps/ozoneManager}
2023-09-07 12:24:52,485 [main] INFO  server.AbstractConnector (AbstractConnector.java:doStop(383)) - Stopped ServerConnector@6ca28a17{HTTP/1.1, (http/1.1)}{0.0.0.0:9874}
2023-09-07 12:24:52,485 [main] INFO  server.session (HouseKeeper.java:stopScavenging(149)) - node0 Stopped scavenging
2023-09-07 12:24:52,486 [main] INFO  handler.ContextHandler (ContextHandler.java:doStop(1159)) - Stopped o.e.j.s.ServletContextHandler@4ef5f92d{static,/static,file:///home/runner/work/ozone/ozone/hadoop-ozone/ozone-manager/target/classes/webapps/static,STOPPED}
2023-09-07 12:24:52,486 [main] INFO  handler.ContextHandler (ContextHandler.java:doStop(1159)) - Stopped o.e.j.s.ServletContextHandler@673f8424{logs,/logs,file:///home/runner/work/ozone/ozone/hadoop-ozone/ozone-manager/target/log,STOPPED}
2023-09-07 12:24:52,487 [main] INFO  rocksdiff.RocksDBCheckpointDiffer (RocksDBCheckpointDiffer.java:close(343)) - Shutting down CompactionDagPruningService.
2023-09-07 12:24:52,489 [main] INFO  snapshot.SnapshotDiffManager (SnapshotDiffManager.java:closeExecutorService(1697)) - Shutting down executorService: 'SnapDiffExecutor'
2023-09-07 12:24:52,489 [main] INFO  snapshot.SnapshotDiffManager (SnapshotDiffManager.java:closeExecutorService(1697)) - Shutting down executorService: 'SstDumpToolExecutor'
2023-09-07 12:24:52,489 [main] INFO  utils.BackgroundService (BackgroundService.java:shutdown(141)) - Shutting down service SnapshotDiffCleanupService
]]></system-out>
  </testcase>
  <testcase name="testCleanupExpiredOpenKeys(int, int, boolean)[4]" classname="org.apache.hadoop.ozone.om.service.TestOpenKeyCleanupService" time="12.923">
    <system-out><![CDATA[2023-09-07 12:24:52,508 [main] WARN  server.ServerUtils (ServerUtils.java:getDBPath(311)) - ozone.om.db.dirs is not configured. We recommend adding this setting. Falling back to ozone.metadata.dirs instead.
2023-09-07 12:24:52,510 [main] INFO  ha.OMHANodeDetails (OMHANodeDetails.java:loadOMHAConfig(115)) - ozone.om.internal.service.id is not defined, falling back to ozone.om.service.ids to find serviceID for OzoneManager if it is HA enabled cluster
2023-09-07 12:24:52,510 [main] INFO  ha.OMHANodeDetails (OMHANodeDetails.java:loadOMHAConfig(226)) - Configuration does not have ozone.om.address set. Falling back to the default OM address /0.0.0.0:9862
2023-09-07 12:24:52,511 [main] INFO  ha.OMHANodeDetails (OMHANodeDetails.java:getOMNodeDetailsForNonHA(254)) - OM Service ID is not set. Setting it to the default ID: omServiceIdDefault
2023-09-07 12:24:52,511 [main] INFO  ha.OMHANodeDetails (OMHANodeDetails.java:getOMNodeDetailsForNonHA(261)) - OM Node ID is not set. Setting it to the default ID: om1
2023-09-07 12:24:52,512 [main] WARN  server.ServerUtils (ServerUtils.java:getDBPath(311)) - ozone.om.db.dirs is not configured. We recommend adding this setting. Falling back to ozone.metadata.dirs instead.
2023-09-07 12:24:52,513 [main] INFO  upgrade.AbstractLayoutVersionManager (AbstractLayoutVersionManager.java:init(83)) - Initializing Layout version manager with metadata layout = QUOTA (version = 6), software layout = QUOTA (version = 6)
2023-09-07 12:24:52,549 [main] INFO  reflections.Reflections (Reflections.java:scan(232)) - Reflections took 35 ms to scan 2 urls, producing 187 keys and 514 values [using 2 cores]
2023-09-07 12:24:52,549 [main] INFO  upgrade.OMLayoutVersionManager (OMLayoutVersionManager.java:lambda$0(115)) - Skipping Upgrade Action QuotaRepairUpgradeAction since it has been finalized.
2023-09-07 12:24:52,550 [main] INFO  upgrade.OMLayoutVersionManager (OMLayoutVersionManager.java:lambda$0(115)) - Skipping Upgrade Action MockOmUpgradeAction since it has been finalized.
2023-09-07 12:24:52,550 [main] WARN  server.ServerUtils (ServerUtils.java:getDBPath(311)) - ozone.om.db.dirs is not configured. We recommend adding this setting. Falling back to ozone.metadata.dirs instead.
2023-09-07 12:24:52,551 [main] INFO  proxy.SCMBlockLocationFailoverProxyProvider (SCMBlockLocationFailoverProxyProvider.java:<init>(114)) - Created block location fail-over proxy with 1 nodes: [nodeId=scmNodeId,nodeAddress=/127.0.0.1:9863]
2023-09-07 12:24:52,553 [main] INFO  om.OzoneManager (OzoneManager.java:<init>(665)) - OM start with adminUsers: [runner]
2023-09-07 12:24:52,555 [main] WARN  server.ServerUtils (ServerUtils.java:getDBPath(311)) - ozone.om.db.dirs is not configured. We recommend adding this setting. Falling back to ozone.metadata.dirs instead.
2023-09-07 12:24:52,555 [main] INFO  helpers.OmKeyInfo (OmKeyInfo.java:getCodec(71)) - OmKeyInfo.getCodec ignorePipeline = true
2023-09-07 12:24:52,729 [main] INFO  om.OzoneManager (OzoneManager.java:instantiateServices(794)) - S3 Multi-Tenancy is disabled
2023-09-07 12:24:52,730 [main] INFO  security.OzoneSecretStore (OzoneSecretStore.java:loadState(69)) - Loaded 0 tokens
2023-09-07 12:24:52,730 [main] INFO  security.OzoneDelegationTokenSecretManager (OzoneDelegationTokenSecretManager.java:loadTokenSecretState(530)) - Loading token state into token manager.
2023-09-07 12:24:52,730 [main] INFO  om.OmSnapshotManager (OmSnapshotManager.java:<init>(174)) - Ozone filesystem snapshot feature is enabled.
2023-09-07 12:24:52,731 [main] WARN  server.ServerUtils (ServerUtils.java:getDBPath(311)) - ozone.om.snapshot.diff.db.dir is not configured. We recommend adding this setting. Falling back to ozone.metadata.dirs instead.
2023-09-07 12:24:52,747 [main] INFO  snapshot.SnapshotDiffManager (SnapshotDiffManager.java:closeExecutorService(1697)) - Shutting down executorService: 'SstDumpToolExecutor'
2023-09-07 12:24:52,748 [main] INFO  om.OzoneManager (OzoneManager.java:addS3GVolumeToDB(4301)) - Created Volume s3v With Owner runner required for S3Gateway operations.
2023-09-07 12:24:52,748 [main] WARN  server.ServerUtils (ServerUtils.java:getDefaultRatisDirectory(323)) - Storage directory for Ratis is not configured. It is a good idea to map this to an SSD disk. Falling back to ozone.metadata.dirs
2023-09-07 12:24:52,749 [main] WARN  utils.OzoneManagerRatisUtils (OzoneManagerRatisUtils.java:getOMRatisSnapshotDirectory(464)) - ozone.om.ratis.snapshot.dir is not configured. Falling back to ozone.metadata.dirs config
2023-09-07 12:24:52,749 [main] WARN  server.ServerUtils (ServerUtils.java:getDefaultRatisDirectory(323)) - Storage directory for Ratis is not configured. It is a good idea to map this to an SSD disk. Falling back to ozone.metadata.dirs
2023-09-07 12:24:52,750 [main] INFO  ratis.OzoneManagerRatisServer (OzoneManagerRatisServer.java:<init>(163)) - Instantiating OM Ratis server with groupID: omServiceIdDefault and peers: 0.0.0.0:9872
2023-09-07 12:24:52,751 [main] INFO  ratis.OzoneManagerStateMachine (OzoneManagerStateMachine.java:loadSnapshotInfoFromDB(687)) - LastAppliedIndex is set from TransactionInfo from OM DB as (t:0, i:~)
2023-09-07 12:24:52,751 [main] INFO  server.RaftServer (ConfUtils.java:logGet(46)) - raft.rpc.type = GRPC (default)
2023-09-07 12:24:52,751 [main] INFO  grpc.GrpcConfigKeys (ConfUtils.java:logFallback(53)) - raft.grpc.admin.host = null (fallback to raft.grpc.server.host)
2023-09-07 12:24:52,752 [main] INFO  grpc.GrpcConfigKeys (ConfUtils.java:logFallback(53)) - raft.grpc.admin.port = 9872 (fallback to raft.grpc.server.port)
2023-09-07 12:24:52,752 [main] INFO  grpc.GrpcConfigKeys (ConfUtils.java:logFallback(53)) - raft.grpc.client.host = null (fallback to raft.grpc.server.host)
2023-09-07 12:24:52,752 [main] INFO  grpc.GrpcConfigKeys (ConfUtils.java:logFallback(53)) - raft.grpc.client.port = 9872 (fallback to raft.grpc.server.port)
2023-09-07 12:24:52,752 [main] INFO  grpc.GrpcConfigKeys (ConfUtils.java:logGet(46)) - raft.grpc.server.host = null (default)
2023-09-07 12:24:52,752 [main] INFO  grpc.GrpcConfigKeys (ConfUtils.java:logGet(46)) - raft.grpc.server.port = 9872 (custom)
2023-09-07 12:24:52,753 [main] INFO  server.GrpcService (ConfUtils.java:logGet(46)) - raft.grpc.message.size.max = 33554432 (custom)
2023-09-07 12:24:52,753 [main] INFO  server.RaftServerConfigKeys (ConfUtils.java:logGet(46)) - raft.server.log.appender.buffer.byte-limit = 33554432 (custom)
2023-09-07 12:24:52,753 [main] INFO  server.GrpcService (ConfUtils.java:logGet(46)) - raft.grpc.flow.control.window = 1MB (=1048576) (default)
2023-09-07 12:24:52,753 [main] INFO  server.RaftServerConfigKeys (ConfUtils.java:logGet(46)) - raft.server.rpc.request.timeout = 3000ms (default)
2023-09-07 12:24:52,753 [main] INFO  grpc.GrpcConfigKeys (ConfUtils.java:logGet(46)) - raft.grpc.server.heartbeat.channel = true (default)
2023-09-07 12:24:52,753 [main] INFO  grpc.GrpcConfigKeys (ConfUtils.java:logGet(46)) - raft.grpc.server.async.request.thread.pool.cached = true (default)
2023-09-07 12:24:52,754 [main] INFO  grpc.GrpcConfigKeys (ConfUtils.java:logGet(46)) - raft.grpc.server.async.request.thread.pool.size = 32 (default)
2023-09-07 12:24:52,755 [main] INFO  impl.DataStreamServerImpl (ConfUtils.java:logGet(46)) - raft.datastream.type = DISABLED (default)
2023-09-07 12:24:52,755 [main] INFO  server.RaftServerConfigKeys (ConfUtils.java:logGet(46)) - raft.server.threadpool.proxy.cached = true (default)
2023-09-07 12:24:52,755 [main] INFO  server.RaftServerConfigKeys (ConfUtils.java:logGet(46)) - raft.server.threadpool.proxy.size = 0 (default)
2023-09-07 12:24:52,756 [main] INFO  server.RaftServerConfigKeys (ConfUtils.java:logGet(46)) - raft.server.rpc.slowness.timeout = 120s (custom)
2023-09-07 12:24:52,756 [main] INFO  server.RaftServerConfigKeys (ConfUtils.java:logGet(46)) - raft.server.leaderelection.leader.step-down.wait-time = 10s (default)
2023-09-07 12:24:52,756 [main] INFO  server.RaftServerConfigKeys (ConfUtils.java:logGet(46)) - raft.server.storage.dir = [/tmp/junit5157670606143052854/ratis] (custom)
2023-09-07 12:24:52,758 [main] INFO  server.RaftServer (RaftServerProxy.java:addNew(98)) - om1: addNew group-C5BA1605619E:[om1|rpc:0.0.0.0:9872|priority:0|startupRole:FOLLOWER] returns group-C5BA1605619E:java.util.concurrent.CompletableFuture@2d40ee90[Not completed]
2023-09-07 12:24:52,758 [om1-groupManagement] INFO  server.RaftServer$Division (RaftServerImpl.java:<init>(198)) - om1: new RaftServerImpl for group-C5BA1605619E:[om1|rpc:0.0.0.0:9872|priority:0|startupRole:FOLLOWER] with OzoneManagerStateMachine:uninitialized
2023-09-07 12:24:52,758 [main] INFO  om.OzoneManager (OzoneManager.java:initializeRatisServer(2145)) - OzoneManager Ratis server initialized at port 9872
2023-09-07 12:24:52,758 [om1-groupManagement] INFO  server.RaftServerConfigKeys (ConfUtils.java:logGet(46)) - raft.server.rpc.timeout.min = 5s (custom)
2023-09-07 12:24:52,758 [main] INFO  om.OzoneManager (OzoneManager.java:getRpcServer(1196)) - Creating RPC Server
2023-09-07 12:24:52,759 [om1-groupManagement] INFO  server.RaftServerConfigKeys (ConfUtils.java:logGet(46)) - raft.server.rpc.timeout.max = 5200ms (custom)
2023-09-07 12:24:52,760 [om1-groupManagement] INFO  server.RaftServerConfigKeys (ConfUtils.java:logGet(46)) - raft.server.rpc.sleep.time = 25ms (default)
2023-09-07 12:24:52,760 [om1-groupManagement] INFO  server.RaftServerConfigKeys (ConfUtils.java:logGet(46)) - raft.server.rpc.slowness.timeout = 120s (custom)
2023-09-07 12:24:52,760 [om1-groupManagement] INFO  server.RaftServerConfigKeys (ConfUtils.java:logGet(46)) - raft.server.leaderelection.leader.step-down.wait-time = 10s (default)
2023-09-07 12:24:52,760 [om1-groupManagement] INFO  server.RaftServerConfigKeys (ConfUtils.java:logGet(46)) - raft.server.sleep.deviation.threshold = 300ms (default)
2023-09-07 12:24:52,760 [om1-groupManagement] INFO  server.RaftServer$Division (ServerState.java:<init>(120)) - om1@group-C5BA1605619E: ConfigurationManager, init=-1: peers:[om1|rpc:0.0.0.0:9872|priority:0|startupRole:FOLLOWER]|listeners:[], old=null, confs=<EMPTY_MAP>
2023-09-07 12:24:52,760 [om1-groupManagement] INFO  server.RaftServerConfigKeys (ConfUtils.java:logGet(46)) - raft.server.storage.dir = [/tmp/junit5157670606143052854/ratis] (custom)
2023-09-07 12:24:52,761 [om1-groupManagement] INFO  server.RaftServerConfigKeys (ConfUtils.java:logGet(46)) - raft.server.log.corruption.policy = EXCEPTION (default)
2023-09-07 12:24:52,761 [om1-groupManagement] INFO  server.RaftServerConfigKeys (ConfUtils.java:logGet(46)) - raft.server.storage.free-space.min = 0MB (=0) (default)
2023-09-07 12:24:52,761 [om1-groupManagement] INFO  server.RaftServerConfigKeys (ConfUtils.java:logGet(46)) - raft.server.notification.no-leader.timeout = 120s (custom)
2023-09-07 12:24:52,761 [om1-groupManagement] INFO  server.RaftServerConfigKeys (ConfUtils.java:logGet(46)) - raft.server.read.timeout = 10s (default)
2023-09-07 12:24:52,761 [om1-groupManagement] INFO  server.RaftServerConfigKeys (ConfUtils.java:logGet(46)) - raft.server.retrycache.expirytime = 300s (custom)
2023-09-07 12:24:52,761 [om1-groupManagement] INFO  server.RaftServerConfigKeys (ConfUtils.java:logGet(46)) - raft.server.retrycache.statistics.expirytime = 100μs (default)
2023-09-07 12:24:52,762 [om1-groupManagement] INFO  server.RaftServerConfigKeys (ConfUtils.java:logGet(46)) - raft.server.read.option = DEFAULT (default)
2023-09-07 12:24:52,767 [om1-groupManagement] INFO  server.RaftServerConfigKeys (ConfUtils.java:logGet(46)) - raft.server.rpc.request.timeout = 3000ms (default)
2023-09-07 12:24:52,767 [om1-groupManagement] INFO  server.RaftServerConfigKeys (ConfUtils.java:logGet(46)) - raft.server.log.appender.install.snapshot.enabled = false (custom)
2023-09-07 12:24:52,767 [om1-groupManagement] INFO  server.RaftServerConfigKeys (ConfUtils.java:logGet(46)) - raft.server.threadpool.server.cached = true (default)
2023-09-07 12:24:52,767 [om1-groupManagement] INFO  server.RaftServerConfigKeys (ConfUtils.java:logGet(46)) - raft.server.threadpool.server.size = 0 (default)
2023-09-07 12:24:52,768 [om1-groupManagement] INFO  server.RaftServerConfigKeys (ConfUtils.java:logGet(46)) - raft.server.threadpool.client.cached = true (default)
2023-09-07 12:24:52,768 [om1-groupManagement] INFO  server.RaftServerConfigKeys (ConfUtils.java:logGet(46)) - raft.server.threadpool.client.size = 0 (default)
2023-09-07 12:24:53,015 [main] INFO  reflections.Reflections (Reflections.java:scan(232)) - Reflections took 255 ms to scan 12 urls, producing 50 keys and 2998 values [using 2 cores]
2023-09-07 12:24:53,017 [main] INFO  ipc.CallQueueManager (CallQueueManager.java:<init>(90)) - Using callQueue: class java.util.concurrent.LinkedBlockingQueue, queueCapacity: 10000, scheduler: class org.apache.hadoop.ipc.DefaultRpcScheduler, ipcBackoff: false.
2023-09-07 12:24:53,017 [main] INFO  ipc.Server (Server.java:<init>(1287)) - Listener at 0.0.0.0:9862
2023-09-07 12:24:53,018 [Socket Reader #1 for port 9862] INFO  ipc.Server (Server.java:run(1323)) - Starting Socket Reader #1 for port 9862
2023-09-07 12:24:53,046 [main] INFO  impl.MetricsSystemImpl (MetricsSystemImpl.java:init(158)) - OzoneManager metrics system started (again)
2023-09-07 12:24:53,053 [main] INFO  om.OzoneManager (OzoneManager.java:start(1630)) - OzoneManager RPC server is listening at /0.0.0.0:9862
2023-09-07 12:24:53,053 [main] INFO  ratis.OzoneManagerRatisServer (OzoneManagerRatisServer.java:start(558)) - Starting OzoneManagerRatisServer om1 at port 9872
2023-09-07 12:24:53,054 [om1-impl-thread1] INFO  storage.RaftStorageDirectory (RaftStorageDirectoryImpl.java:analyzeStorage(137)) - The storage directory /tmp/junit5157670606143052854/ratis/bf265839-605b-3f16-9796-c5ba1605619e does not exist. Creating ...
2023-09-07 12:24:53,055 [om1-impl-thread1] INFO  storage.RaftStorageDirectory (RaftStorageDirectoryImpl.java:tryLock(231)) - Lock on /tmp/junit5157670606143052854/ratis/bf265839-605b-3f16-9796-c5ba1605619e/in_use.lock acquired by nodename 188533@fv-az796-443
2023-09-07 12:24:53,056 [om1-impl-thread1] INFO  storage.RaftStorage (RaftStorageImpl.java:format(96)) - Storage directory /tmp/junit5157670606143052854/ratis/bf265839-605b-3f16-9796-c5ba1605619e has been successfully formatted.
2023-09-07 12:24:53,056 [om1-impl-thread1] INFO  server.RaftServerConfigKeys (ConfUtils.java:logGet(46)) - raft.server.log.use.memory = false (default)
2023-09-07 12:24:53,056 [om1-impl-thread1] INFO  server.RaftServerConfigKeys (ConfUtils.java:logGet(46)) - raft.server.log.purge.gap = 1000000 (custom)
2023-09-07 12:24:53,056 [om1-impl-thread1] INFO  server.RaftServerConfigKeys (ConfUtils.java:logGet(46)) - raft.server.log.appender.buffer.byte-limit = 33554432 (custom)
2023-09-07 12:24:53,057 [om1-impl-thread1] INFO  server.RaftServerConfigKeys (ConfUtils.java:logGet(46)) - raft.server.log.statemachine.data.read.timeout = 1000ms (default)
2023-09-07 12:24:53,057 [om1-impl-thread1] INFO  server.RaftServerConfigKeys (ConfUtils.java:logGet(46)) - raft.server.log.purge.preservation.log.num = 0 (default)
2023-09-07 12:24:53,057 [om1-impl-thread1] INFO  server.RaftServerConfigKeys (ConfUtils.java:logGet(46)) - raft.server.log.segment.size.max = 4194304 (custom)
2023-09-07 12:24:53,057 [om1-impl-thread1] INFO  server.RaftServerConfigKeys (ConfUtils.java:logGet(46)) - raft.server.log.segment.cache.num.max = 2 (custom)
2023-09-07 12:24:53,057 [om1-impl-thread1] INFO  server.RaftServerConfigKeys (ConfUtils.java:logGet(46)) - raft.server.log.segment.cache.size.max = 200MB (=209715200) (default)
2023-09-07 12:24:53,057 [om1-impl-thread1] INFO  server.RaftServerConfigKeys (ConfUtils.java:logGet(46)) - raft.server.log.appender.buffer.byte-limit = 33554432 (custom)
2023-09-07 12:24:53,057 [om1-impl-thread1] INFO  segmented.SegmentedRaftLogWorker (SegmentedRaftLogWorker.java:<init>(188)) - new om1@group-C5BA1605619E-SegmentedRaftLogWorker for RaftStorageImpl:Storage Directory /tmp/junit5157670606143052854/ratis/bf265839-605b-3f16-9796-c5ba1605619e
2023-09-07 12:24:53,057 [om1-impl-thread1] INFO  server.RaftServerConfigKeys (ConfUtils.java:logGet(46)) - raft.server.log.queue.byte-limit = 64MB (=67108864) (default)
2023-09-07 12:24:53,057 [om1-impl-thread1] INFO  server.RaftServerConfigKeys (ConfUtils.java:logGet(46)) - raft.server.log.queue.element-limit = 4096 (default)
2023-09-07 12:24:53,057 [om1-impl-thread1] INFO  server.RaftServerConfigKeys (ConfUtils.java:logGet(46)) - raft.server.log.segment.size.max = 4194304 (custom)
2023-09-07 12:24:53,057 [om1-impl-thread1] INFO  server.RaftServerConfigKeys (ConfUtils.java:logGet(46)) - raft.server.log.preallocated.size = 4194304 (custom)
2023-09-07 12:24:53,057 [om1-impl-thread1] INFO  server.RaftServerConfigKeys (ConfUtils.java:logGet(46)) - raft.server.log.force.sync.num = 128 (default)
2023-09-07 12:24:53,057 [om1-impl-thread1] INFO  server.RaftServerConfigKeys (ConfUtils.java:logGet(46)) - raft.server.log.statemachine.data.sync = true (default)
2023-09-07 12:24:53,057 [om1-impl-thread1] INFO  server.RaftServerConfigKeys (ConfUtils.java:logGet(46)) - raft.server.log.statemachine.data.sync.timeout = 10s (default)
2023-09-07 12:24:53,057 [om1-impl-thread1] INFO  server.RaftServerConfigKeys (ConfUtils.java:logGet(46)) - raft.server.log.statemachine.data.sync.timeout.retry = -1 (default)
2023-09-07 12:24:53,058 [om1-impl-thread1] INFO  server.RaftServerConfigKeys (ConfUtils.java:logGet(46)) - raft.server.log.write.buffer.size = 64KB (=65536) (default)
2023-09-07 12:24:53,058 [om1-impl-thread1] INFO  server.RaftServerConfigKeys (ConfUtils.java:logGet(46)) - raft.server.log.appender.buffer.byte-limit = 33554432 (custom)
2023-09-07 12:24:53,063 [om1-impl-thread1] INFO  server.RaftServerConfigKeys (ConfUtils.java:logGet(46)) - raft.server.log.unsafe-flush.enabled = false (default)
2023-09-07 12:24:53,063 [om1-impl-thread1] INFO  server.RaftServerConfigKeys (ConfUtils.java:logGet(46)) - raft.server.log.async-flush.enabled = false (default)
2023-09-07 12:24:53,063 [om1-impl-thread1] INFO  server.RaftServerConfigKeys (ConfUtils.java:logGet(46)) - raft.server.log.statemachine.data.caching.enabled = false (default)
2023-09-07 12:24:53,063 [om1-impl-thread1] INFO  segmented.SegmentedRaftLogWorker (SegmentedRaftLogWorker.java:lambda$new$0(135)) - om1@group-C5BA1605619E-SegmentedRaftLogWorker: flushIndex: setUnconditionally 0 -> -1
2023-09-07 12:24:53,063 [om1-impl-thread1] INFO  segmented.SegmentedRaftLogWorker (SegmentedRaftLogWorker.java:lambda$new$0(135)) - om1@group-C5BA1605619E-SegmentedRaftLogWorker: safeCacheEvictIndex: setUnconditionally 0 -> -1
2023-09-07 12:24:53,063 [om1-impl-thread1] INFO  server.RaftServer$Division (RaftServerImpl.java:start(342)) - om1@group-C5BA1605619E: start as a follower, conf=-1: peers:[om1|rpc:0.0.0.0:9872|priority:0|startupRole:FOLLOWER]|listeners:[], old=null
2023-09-07 12:24:53,063 [om1-impl-thread1] INFO  server.RaftServer$Division (RaftServerImpl.java:setRole(329)) - om1@group-C5BA1605619E: changes role from      null to FOLLOWER at term 0 for startAsFollower
2023-09-07 12:24:53,064 [om1-impl-thread1] INFO  impl.RoleInfo (RoleInfo.java:updateAndGet(139)) - om1: start om1@group-C5BA1605619E-FollowerState
2023-09-07 12:24:53,064 [om1@group-C5BA1605619E-FollowerState] INFO  server.RaftServerConfigKeys (ConfUtils.java:logFallback(53)) - raft.server.rpc.first-election.timeout.min = 5s (fallback to raft.server.rpc.timeout.min)
2023-09-07 12:24:53,064 [om1@group-C5BA1605619E-FollowerState] INFO  server.RaftServerConfigKeys (ConfUtils.java:logFallback(53)) - raft.server.rpc.first-election.timeout.max = 5200ms (fallback to raft.server.rpc.timeout.max)
2023-09-07 12:24:53,064 [om1-impl-thread1] INFO  util.JmxRegister (JmxRegister.java:tryRegister(44)) - Successfully registered JMX Bean with object name Ratis:service=RaftServer,group=group-C5BA1605619E,id=om1
2023-09-07 12:24:53,064 [om1-impl-thread1] INFO  server.RaftServerConfigKeys (ConfUtils.java:logGet(46)) - raft.server.snapshot.auto.trigger.enabled = true (custom)
2023-09-07 12:24:53,065 [om1-impl-thread1] INFO  server.RaftServerConfigKeys (ConfUtils.java:logGet(46)) - raft.server.snapshot.auto.trigger.threshold = 400000 (default)
2023-09-07 12:24:53,065 [om1-impl-thread1] INFO  server.RaftServerConfigKeys (ConfUtils.java:logGet(46)) - raft.server.snapshot.retention.file.num = -1 (default)
2023-09-07 12:24:53,065 [om1-impl-thread1] INFO  server.RaftServerConfigKeys (ConfUtils.java:logGet(46)) - raft.server.log.purge.upto.snapshot.index = true (custom)
2023-09-07 12:24:53,065 [main] INFO  server.RaftServer (RaftServerProxy.java:startImpl(400)) - om1: start RPC server
2023-09-07 12:24:53,067 [main] INFO  server.GrpcService (GrpcService.java:startImpl(302)) - om1: GrpcService started, listening on 9872
2023-09-07 12:24:53,067 [JvmPauseMonitor3] INFO  util.JvmPauseMonitor (JvmPauseMonitor.java:run(103)) - JvmPauseMonitor-om1: Started
2023-09-07 12:24:53,067 [main] INFO  om.OzoneManager (OzoneManager.java:start(1646)) - Version File has different layout version (6) than OM DB (null). That is expected if this OM has never been finalized to a newer layout version.
2023-09-07 12:24:53,072 [main] INFO  http.BaseHttpServer (BaseHttpServer.java:newHttpServer2BuilderForOzone(223)) - Starting Web-server for ozoneManager at: http://0.0.0.0:9874
2023-09-07 12:24:53,072 [main] INFO  http.BaseHttpServer (BaseHttpServer.java:<init>(110)) - Hadoop Security Enabled: false Ozone Security Enabled: false Ozone HTTP Security Enabled: false 
2023-09-07 12:24:53,074 [main] WARN  server.AuthenticationFilter (AuthenticationFilter.java:constructSecretProvider(240)) - Unable to initialize FileSignerSecretProvider, falling back to use random secrets. Reason: Could not read signature secret file: /home/runner/hadoop-http-auth-signature-secret
2023-09-07 12:24:53,076 [main] INFO  http.HttpRequestLog (HttpRequestLog.java:getRequestLog(86)) - Http request log for http.requests.ozoneManager is not defined
2023-09-07 12:24:53,079 [main] INFO  http.HttpServer2 (HttpServer2.java:addGlobalFilter(1031)) - Added global filter 'safety' (class=org.apache.hadoop.hdds.server.http.HttpServer2$QuotingInputFilter)
2023-09-07 12:24:53,080 [main] INFO  http.HttpServer2 (HttpServer2.java:addFilter(1007)) - Added filter static_user_filter (class=org.apache.hadoop.http.lib.StaticUserWebFilter$StaticUserFilter) to context ozoneManager
2023-09-07 12:24:53,081 [main] INFO  http.HttpServer2 (HttpServer2.java:addFilter(1015)) - Added filter static_user_filter (class=org.apache.hadoop.http.lib.StaticUserWebFilter$StaticUserFilter) to context logs
2023-09-07 12:24:53,081 [main] INFO  http.HttpServer2 (HttpServer2.java:addFilter(1015)) - Added filter static_user_filter (class=org.apache.hadoop.http.lib.StaticUserWebFilter$StaticUserFilter) to context static
2023-09-07 12:24:53,082 [main] INFO  http.BaseHttpServer (BaseHttpServer.java:<init>(189)) - HTTP server of ozoneManager uses base directory /tmp/junit5157670606143052854/webserver
2023-09-07 12:24:53,082 [main] INFO  http.HttpServer2 (HttpServer2.java:bindListener(1231)) - Jetty bound to port 9874
2023-09-07 12:24:53,083 [main] INFO  server.Server (Server.java:doStart(375)) - jetty-9.4.51.v20230217; built: 2023-02-17T08:19:37.309Z; git: b45c405e4544384de066f814ed42ae3dceacdd49; jvm 1.8.0_382-b05
2023-09-07 12:24:53,084 [main] INFO  server.session (DefaultSessionIdManager.java:doStart(334)) - DefaultSessionIdManager workerName=node0
2023-09-07 12:24:53,084 [main] INFO  server.session (DefaultSessionIdManager.java:doStart(339)) - No SessionScavenger set, using defaults
2023-09-07 12:24:53,085 [main] INFO  server.session (HouseKeeper.java:startScavenging(132)) - node0 Scavenging every 600000ms
2023-09-07 12:24:53,085 [main] INFO  handler.ContextHandler (ContextHandler.java:doStart(921)) - Started o.e.j.s.ServletContextHandler@4448854d{logs,/logs,file:///home/runner/work/ozone/ozone/hadoop-ozone/ozone-manager/target/log,AVAILABLE}
2023-09-07 12:24:53,086 [main] INFO  handler.ContextHandler (ContextHandler.java:doStart(921)) - Started o.e.j.s.ServletContextHandler@6ed4eacd{static,/static,file:///home/runner/work/ozone/ozone/hadoop-ozone/ozone-manager/target/classes/webapps/static,AVAILABLE}
2023-09-07 12:24:53,090 [main] INFO  handler.ContextHandler (ContextHandler.java:doStart(921)) - Started o.e.j.w.WebAppContext@2741f66d{ozoneManager,/,file:///home/runner/work/ozone/ozone/hadoop-ozone/ozone-manager/target/classes/webapps/ozoneManager/,AVAILABLE}{file:/home/runner/work/ozone/ozone/hadoop-ozone/ozone-manager/target/classes/webapps/ozoneManager}
2023-09-07 12:24:53,091 [main] INFO  server.AbstractConnector (AbstractConnector.java:doStart(333)) - Started ServerConnector@788fb2e{HTTP/1.1, (http/1.1)}{0.0.0.0:9874}
2023-09-07 12:24:53,091 [main] INFO  server.Server (Server.java:doStart(415)) - Started @48584ms
2023-09-07 12:24:53,091 [main] WARN  impl.MetricsSystemImpl (MetricsSystemImpl.java:register(279)) - Sink prometheus already exists!
2023-09-07 12:24:53,092 [main] INFO  http.BaseHttpServer (BaseHttpServer.java:updateConnectorAddress(354)) - HTTP server of ozoneManager listening at http://0.0.0.0:9874
2023-09-07 12:24:53,092 [IPC Server Responder] INFO  ipc.Server (Server.java:run(1562)) - IPC Server Responder: starting
2023-09-07 12:24:53,093 [IPC Server listener on 9862] INFO  ipc.Server (Server.java:run(1402)) - IPC Server listener on 9862: starting
2023-09-07 12:24:53,118 [main] INFO  om.OzoneManager (OzoneManager.java:startTrashEmptier(2098)) - Trash Interval set to 0. Files deleted won't move to trash
2023-09-07 12:24:53,126 [main] INFO  om.GrpcOzoneManagerServer (GrpcOzoneManagerServer.java:start(180)) - GrpcOzoneManagerServer is started using port 8981
2023-09-07 12:24:55,140 [main] INFO  retry.RetryInvocationHandler (RetryInvocationHandler.java:log(422)) - com.google.protobuf.ServiceException: org.apache.hadoop.ipc.RemoteException(org.apache.hadoop.ozone.om.exceptions.OMNotLeaderException): OM:om1 is not the leader. Could not determine the leader node.
	at org.apache.hadoop.ozone.protocolPB.OzoneManagerProtocolServerSideTranslatorPB.createNotLeaderException(OzoneManagerProtocolServerSideTranslatorPB.java:246)
	at org.apache.hadoop.ozone.protocolPB.OzoneManagerProtocolServerSideTranslatorPB.createLeaderErrorException(OzoneManagerProtocolServerSideTranslatorPB.java:234)
	at org.apache.hadoop.ozone.protocolPB.OzoneManagerProtocolServerSideTranslatorPB.submitReadRequestToOM(OzoneManagerProtocolServerSideTranslatorPB.java:227)
	at org.apache.hadoop.ozone.protocolPB.OzoneManagerProtocolServerSideTranslatorPB.processRequest(OzoneManagerProtocolServerSideTranslatorPB.java:179)
	at org.apache.hadoop.hdds.server.OzoneProtocolMessageDispatcher.processRequest(OzoneProtocolMessageDispatcher.java:87)
	at org.apache.hadoop.ozone.protocolPB.OzoneManagerProtocolServerSideTranslatorPB.submitRequest(OzoneManagerProtocolServerSideTranslatorPB.java:148)
	at org.apache.hadoop.ozone.protocol.proto.OzoneManagerProtocolProtos$OzoneManagerService$2.callBlockingMethod(OzoneManagerProtocolProtos.java)
	at org.apache.hadoop.ipc.ProtobufRpcEngine$Server.processCall(ProtobufRpcEngine.java:484)
	at org.apache.hadoop.ipc.ProtobufRpcEngine2$Server$ProtoBufRpcInvoker.call(ProtobufRpcEngine2.java:595)
	at org.apache.hadoop.ipc.ProtobufRpcEngine2$Server$ProtoBufRpcInvoker.call(ProtobufRpcEngine2.java:573)
	at org.apache.hadoop.ipc.RPC$Server.call(RPC.java:1227)
	at org.apache.hadoop.ipc.Server$RpcCall.run(Server.java:1094)
	at org.apache.hadoop.ipc.Server$RpcCall.run(Server.java:1017)
	at java.security.AccessController.doPrivileged(Native Method)
	at javax.security.auth.Subject.doAs(Subject.java:422)
	at org.apache.hadoop.security.UserGroupInformation.doAs(UserGroupInformation.java:1899)
	at org.apache.hadoop.ipc.Server$Handler.run(Server.java:3048)
, while invoking $Proxy66.submitRequest over nodeId=null,nodeAddress=0.0.0.0:9862 after 1 failover attempts. Trying to failover after sleeping for 4000ms. Current retry count: 1.
2023-09-07 12:24:58,204 [om1@group-C5BA1605619E-FollowerState] INFO  impl.FollowerState (FollowerState.java:run(143)) - om1@group-C5BA1605619E-FollowerState: change to CANDIDATE, lastRpcElapsedTime:5139810212ns, electionTimeout:5139ms
2023-09-07 12:24:58,204 [om1@group-C5BA1605619E-FollowerState] INFO  impl.RoleInfo (RoleInfo.java:shutdownFollowerState(110)) - om1: shutdown om1@group-C5BA1605619E-FollowerState
2023-09-07 12:24:58,204 [om1@group-C5BA1605619E-FollowerState] INFO  server.RaftServer$Division (RaftServerImpl.java:setRole(329)) - om1@group-C5BA1605619E: changes role from  FOLLOWER to CANDIDATE at term 0 for changeToCandidate
2023-09-07 12:24:58,205 [om1@group-C5BA1605619E-FollowerState] INFO  server.RaftServerConfigKeys (ConfUtils.java:logGet(46)) - raft.server.leaderelection.pre-vote = true (default)
2023-09-07 12:24:58,205 [om1@group-C5BA1605619E-FollowerState] INFO  impl.RoleInfo (RoleInfo.java:updateAndGet(139)) - om1: start om1@group-C5BA1605619E-LeaderElection4
2023-09-07 12:24:58,208 [om1@group-C5BA1605619E-LeaderElection4] INFO  impl.LeaderElection (LeaderElection.java:askForVotes(321)) - om1@group-C5BA1605619E-LeaderElection4 PRE_VOTE round 0: submit vote requests at term 0 for -1: peers:[om1|rpc:0.0.0.0:9872|priority:0|startupRole:FOLLOWER]|listeners:[], old=null
2023-09-07 12:24:58,208 [om1@group-C5BA1605619E-LeaderElection4] INFO  impl.LeaderElection (LeaderElection.java:askForVotes(323)) - om1@group-C5BA1605619E-LeaderElection4 PRE_VOTE round 0: result PASSED (term=0)
2023-09-07 12:24:58,209 [om1@group-C5BA1605619E-LeaderElection4] INFO  impl.LeaderElection (LeaderElection.java:askForVotes(321)) - om1@group-C5BA1605619E-LeaderElection4 ELECTION round 0: submit vote requests at term 1 for -1: peers:[om1|rpc:0.0.0.0:9872|priority:0|startupRole:FOLLOWER]|listeners:[], old=null
2023-09-07 12:24:58,210 [om1@group-C5BA1605619E-LeaderElection4] INFO  impl.LeaderElection (LeaderElection.java:askForVotes(323)) - om1@group-C5BA1605619E-LeaderElection4 ELECTION round 0: result PASSED (term=1)
2023-09-07 12:24:58,210 [om1@group-C5BA1605619E-LeaderElection4] INFO  impl.RoleInfo (RoleInfo.java:shutdownLeaderElection(130)) - om1: shutdown om1@group-C5BA1605619E-LeaderElection4
2023-09-07 12:24:58,210 [om1@group-C5BA1605619E-LeaderElection4] INFO  server.RaftServer$Division (RaftServerImpl.java:setRole(329)) - om1@group-C5BA1605619E: changes role from CANDIDATE to LEADER at term 1 for changeToLeader
2023-09-07 12:24:58,210 [om1@group-C5BA1605619E-LeaderElection4] INFO  server.RaftServer$Division (ServerState.java:setLeader(317)) - om1@group-C5BA1605619E: change Leader from null to om1 at term 1 for becomeLeader, leader elected after 5449ms
2023-09-07 12:24:58,210 [om1@group-C5BA1605619E-LeaderElection4] INFO  server.RaftServerConfigKeys (ConfUtils.java:logGet(46)) - raft.server.staging.catchup.gap = 1000 (default)
2023-09-07 12:24:58,210 [om1@group-C5BA1605619E-LeaderElection4] INFO  server.RaftServerConfigKeys (ConfUtils.java:logGet(46)) - raft.server.write.element-limit = 4096 (default)
2023-09-07 12:24:58,211 [om1@group-C5BA1605619E-LeaderElection4] INFO  server.RaftServerConfigKeys (ConfUtils.java:logGet(46)) - raft.server.write.byte-limit = 64MB (=67108864) (default)
2023-09-07 12:24:58,211 [om1@group-C5BA1605619E-LeaderElection4] INFO  server.RaftServerConfigKeys (ConfUtils.java:logGet(46)) - raft.server.watch.timeout = 10s (default)
2023-09-07 12:24:58,211 [om1@group-C5BA1605619E-LeaderElection4] INFO  server.RaftServerConfigKeys (ConfUtils.java:logGet(46)) - raft.server.watch.timeout.denomination = 1s (default)
2023-09-07 12:24:58,211 [om1@group-C5BA1605619E-LeaderElection4] INFO  server.RaftServerConfigKeys (ConfUtils.java:logGet(46)) - raft.server.watch.element-limit = 65536 (default)
2023-09-07 12:24:58,214 [om1@group-C5BA1605619E-LeaderElection4] INFO  server.RaftServerConfigKeys (ConfUtils.java:logGet(46)) - raft.server.write.element-limit = 4096 (default)
2023-09-07 12:24:58,214 [om1@group-C5BA1605619E-LeaderElection4] INFO  server.RaftServerConfigKeys (ConfUtils.java:logGet(46)) - raft.server.write.follower.gap.ratio.max = -1.0 (default)
2023-09-07 12:24:58,215 [om1@group-C5BA1605619E-LeaderElection4] INFO  impl.RoleInfo (RoleInfo.java:updateAndGet(139)) - om1: start om1@group-C5BA1605619E-LeaderStateImpl
2023-09-07 12:24:58,215 [om1@group-C5BA1605619E-LeaderElection4] INFO  segmented.SegmentedRaftLogWorker (SegmentedRaftLogWorker.java:startLogSegment(447)) - om1@group-C5BA1605619E-SegmentedRaftLogWorker: Starting segment from index:0
2023-09-07 12:24:58,216 [om1@group-C5BA1605619E-LeaderElection4] INFO  server.RaftServer$Division (ServerState.java:setRaftConf(434)) - om1@group-C5BA1605619E: set configuration 0: peers:[om1|rpc:0.0.0.0:9872|admin:|client:|dataStream:|priority:0|startupRole:FOLLOWER]|listeners:[], old=null
2023-09-07 12:24:58,228 [om1@group-C5BA1605619E-SegmentedRaftLogWorker] INFO  segmented.SegmentedRaftLogWorker (SegmentedRaftLogWorker.java:execute(651)) - om1@group-C5BA1605619E-SegmentedRaftLogWorker: created new log segment /tmp/junit5157670606143052854/ratis/bf265839-605b-3f16-9796-c5ba1605619e/current/log_inprogress_0
2023-09-07 12:24:58,232 [om1@group-C5BA1605619E-StateMachineUpdater] INFO  ratis.OzoneManagerStateMachine (OzoneManagerStateMachine.java:notifyConfigurationChanged(202)) - Received Configuration change notification from Ratis. New Peer list:
[id: "om1"
address: "0.0.0.0:9872"
startupRole: FOLLOWER
]
2023-09-07 12:24:59,146 [main] INFO  service.TestOpenKeyCleanupService (TestOpenKeyCleanupService.java:testCleanupExpiredOpenKeys(136)) - numDEFKeys=99, numFSOKeys=0, hsync? false
2023-09-07 12:24:59,246 [main] INFO  service.TestOpenKeyCleanupService (TestOpenKeyCleanupService.java:testCleanupExpiredOpenKeys(147)) - oldkeyCount=0, oldrunCount=18
2023-09-07 12:24:59,271 [OM StateMachine ApplyTransaction Thread - 0] WARN  helpers.QuotaUtil (QuotaUtil.java:getReplicatedSize(63)) - Unknown replication type 'STAND_ALONE'. Returning original data size.
2023-09-07 12:24:59,272 [OM StateMachine ApplyTransaction Thread - 0] WARN  helpers.QuotaUtil (QuotaUtil.java:getReplicatedSize(63)) - Unknown replication type 'STAND_ALONE'. Returning original data size.
2023-09-07 12:24:59,275 [OM StateMachine ApplyTransaction Thread - 0] WARN  helpers.QuotaUtil (QuotaUtil.java:getReplicatedSize(63)) - Unknown replication type 'STAND_ALONE'. Returning original data size.
2023-09-07 12:24:59,276 [OM StateMachine ApplyTransaction Thread - 0] WARN  helpers.QuotaUtil (QuotaUtil.java:getReplicatedSize(63)) - Unknown replication type 'STAND_ALONE'. Returning original data size.
2023-09-07 12:24:59,303 [OM StateMachine ApplyTransaction Thread - 0] WARN  helpers.QuotaUtil (QuotaUtil.java:getReplicatedSize(63)) - Unknown replication type 'STAND_ALONE'. Returning original data size.
2023-09-07 12:24:59,303 [OM StateMachine ApplyTransaction Thread - 0] WARN  helpers.QuotaUtil (QuotaUtil.java:getReplicatedSize(63)) - Unknown replication type 'STAND_ALONE'. Returning original data size.
2023-09-07 12:24:59,318 [OM StateMachine ApplyTransaction Thread - 0] WARN  helpers.QuotaUtil (QuotaUtil.java:getReplicatedSize(63)) - Unknown replication type 'STAND_ALONE'. Returning original data size.
2023-09-07 12:24:59,318 [OM StateMachine ApplyTransaction Thread - 0] WARN  helpers.QuotaUtil (QuotaUtil.java:getReplicatedSize(63)) - Unknown replication type 'STAND_ALONE'. Returning original data size.
2023-09-07 12:24:59,322 [OM StateMachine ApplyTransaction Thread - 0] WARN  helpers.QuotaUtil (QuotaUtil.java:getReplicatedSize(63)) - Unknown replication type 'STAND_ALONE'. Returning original data size.
2023-09-07 12:24:59,322 [OM StateMachine ApplyTransaction Thread - 0] WARN  helpers.QuotaUtil (QuotaUtil.java:getReplicatedSize(63)) - Unknown replication type 'STAND_ALONE'. Returning original data size.
2023-09-07 12:24:59,331 [OM StateMachine ApplyTransaction Thread - 0] WARN  helpers.QuotaUtil (QuotaUtil.java:getReplicatedSize(63)) - Unknown replication type 'STAND_ALONE'. Returning original data size.
2023-09-07 12:24:59,331 [OM StateMachine ApplyTransaction Thread - 0] WARN  helpers.QuotaUtil (QuotaUtil.java:getReplicatedSize(63)) - Unknown replication type 'STAND_ALONE'. Returning original data size.
2023-09-07 12:24:59,335 [OM StateMachine ApplyTransaction Thread - 0] WARN  helpers.QuotaUtil (QuotaUtil.java:getReplicatedSize(63)) - Unknown replication type 'STAND_ALONE'. Returning original data size.
2023-09-07 12:24:59,335 [OM StateMachine ApplyTransaction Thread - 0] WARN  helpers.QuotaUtil (QuotaUtil.java:getReplicatedSize(63)) - Unknown replication type 'STAND_ALONE'. Returning original data size.
2023-09-07 12:24:59,346 [OM StateMachine ApplyTransaction Thread - 0] WARN  helpers.QuotaUtil (QuotaUtil.java:getReplicatedSize(63)) - Unknown replication type 'STAND_ALONE'. Returning original data size.
2023-09-07 12:24:59,346 [OM StateMachine ApplyTransaction Thread - 0] WARN  helpers.QuotaUtil (QuotaUtil.java:getReplicatedSize(63)) - Unknown replication type 'STAND_ALONE'. Returning original data size.
2023-09-07 12:24:59,350 [OM StateMachine ApplyTransaction Thread - 0] WARN  helpers.QuotaUtil (QuotaUtil.java:getReplicatedSize(63)) - Unknown replication type 'STAND_ALONE'. Returning original data size.
2023-09-07 12:24:59,350 [OM StateMachine ApplyTransaction Thread - 0] WARN  helpers.QuotaUtil (QuotaUtil.java:getReplicatedSize(63)) - Unknown replication type 'STAND_ALONE'. Returning original data size.
2023-09-07 12:24:59,370 [OM StateMachine ApplyTransaction Thread - 0] WARN  helpers.QuotaUtil (QuotaUtil.java:getReplicatedSize(63)) - Unknown replication type 'STAND_ALONE'. Returning original data size.
2023-09-07 12:24:59,370 [OM StateMachine ApplyTransaction Thread - 0] WARN  helpers.QuotaUtil (QuotaUtil.java:getReplicatedSize(63)) - Unknown replication type 'STAND_ALONE'. Returning original data size.
2023-09-07 12:24:59,379 [OM StateMachine ApplyTransaction Thread - 0] WARN  helpers.QuotaUtil (QuotaUtil.java:getReplicatedSize(63)) - Unknown replication type 'STAND_ALONE'. Returning original data size.
2023-09-07 12:24:59,379 [OM StateMachine ApplyTransaction Thread - 0] WARN  helpers.QuotaUtil (QuotaUtil.java:getReplicatedSize(63)) - Unknown replication type 'STAND_ALONE'. Returning original data size.
2023-09-07 12:24:59,383 [OM StateMachine ApplyTransaction Thread - 0] WARN  helpers.QuotaUtil (QuotaUtil.java:getReplicatedSize(63)) - Unknown replication type 'STAND_ALONE'. Returning original data size.
2023-09-07 12:24:59,383 [OM StateMachine ApplyTransaction Thread - 0] WARN  helpers.QuotaUtil (QuotaUtil.java:getReplicatedSize(63)) - Unknown replication type 'STAND_ALONE'. Returning original data size.
2023-09-07 12:24:59,392 [OM StateMachine ApplyTransaction Thread - 0] WARN  helpers.QuotaUtil (QuotaUtil.java:getReplicatedSize(63)) - Unknown replication type 'STAND_ALONE'. Returning original data size.
2023-09-07 12:24:59,392 [OM StateMachine ApplyTransaction Thread - 0] WARN  helpers.QuotaUtil (QuotaUtil.java:getReplicatedSize(63)) - Unknown replication type 'STAND_ALONE'. Returning original data size.
2023-09-07 12:24:59,411 [OM StateMachine ApplyTransaction Thread - 0] WARN  helpers.QuotaUtil (QuotaUtil.java:getReplicatedSize(63)) - Unknown replication type 'STAND_ALONE'. Returning original data size.
2023-09-07 12:24:59,411 [OM StateMachine ApplyTransaction Thread - 0] WARN  helpers.QuotaUtil (QuotaUtil.java:getReplicatedSize(63)) - Unknown replication type 'STAND_ALONE'. Returning original data size.
2023-09-07 12:24:59,425 [OM StateMachine ApplyTransaction Thread - 0] WARN  helpers.QuotaUtil (QuotaUtil.java:getReplicatedSize(63)) - Unknown replication type 'STAND_ALONE'. Returning original data size.
2023-09-07 12:24:59,425 [OM StateMachine ApplyTransaction Thread - 0] WARN  helpers.QuotaUtil (QuotaUtil.java:getReplicatedSize(63)) - Unknown replication type 'STAND_ALONE'. Returning original data size.
2023-09-07 12:24:59,435 [OM StateMachine ApplyTransaction Thread - 0] WARN  helpers.QuotaUtil (QuotaUtil.java:getReplicatedSize(63)) - Unknown replication type 'STAND_ALONE'. Returning original data size.
2023-09-07 12:24:59,435 [OM StateMachine ApplyTransaction Thread - 0] WARN  helpers.QuotaUtil (QuotaUtil.java:getReplicatedSize(63)) - Unknown replication type 'STAND_ALONE'. Returning original data size.
2023-09-07 12:24:59,440 [OM StateMachine ApplyTransaction Thread - 0] WARN  helpers.QuotaUtil (QuotaUtil.java:getReplicatedSize(63)) - Unknown replication type 'STAND_ALONE'. Returning original data size.
2023-09-07 12:24:59,440 [OM StateMachine ApplyTransaction Thread - 0] WARN  helpers.QuotaUtil (QuotaUtil.java:getReplicatedSize(63)) - Unknown replication type 'STAND_ALONE'. Returning original data size.
2023-09-07 12:24:59,454 [OM StateMachine ApplyTransaction Thread - 0] WARN  helpers.QuotaUtil (QuotaUtil.java:getReplicatedSize(63)) - Unknown replication type 'STAND_ALONE'. Returning original data size.
2023-09-07 12:24:59,454 [OM StateMachine ApplyTransaction Thread - 0] WARN  helpers.QuotaUtil (QuotaUtil.java:getReplicatedSize(63)) - Unknown replication type 'STAND_ALONE'. Returning original data size.
2023-09-07 12:24:59,467 [OM StateMachine ApplyTransaction Thread - 0] WARN  helpers.QuotaUtil (QuotaUtil.java:getReplicatedSize(63)) - Unknown replication type 'STAND_ALONE'. Returning original data size.
2023-09-07 12:24:59,468 [OM StateMachine ApplyTransaction Thread - 0] WARN  helpers.QuotaUtil (QuotaUtil.java:getReplicatedSize(63)) - Unknown replication type 'STAND_ALONE'. Returning original data size.
2023-09-07 12:24:59,475 [OM StateMachine ApplyTransaction Thread - 0] WARN  helpers.QuotaUtil (QuotaUtil.java:getReplicatedSize(63)) - Unknown replication type 'STAND_ALONE'. Returning original data size.
2023-09-07 12:24:59,475 [OM StateMachine ApplyTransaction Thread - 0] WARN  helpers.QuotaUtil (QuotaUtil.java:getReplicatedSize(63)) - Unknown replication type 'STAND_ALONE'. Returning original data size.
2023-09-07 12:24:59,483 [OM StateMachine ApplyTransaction Thread - 0] WARN  helpers.QuotaUtil (QuotaUtil.java:getReplicatedSize(63)) - Unknown replication type 'STAND_ALONE'. Returning original data size.
2023-09-07 12:24:59,483 [OM StateMachine ApplyTransaction Thread - 0] WARN  helpers.QuotaUtil (QuotaUtil.java:getReplicatedSize(63)) - Unknown replication type 'STAND_ALONE'. Returning original data size.
2023-09-07 12:24:59,494 [OM StateMachine ApplyTransaction Thread - 0] WARN  helpers.QuotaUtil (QuotaUtil.java:getReplicatedSize(63)) - Unknown replication type 'STAND_ALONE'. Returning original data size.
2023-09-07 12:24:59,494 [OM StateMachine ApplyTransaction Thread - 0] WARN  helpers.QuotaUtil (QuotaUtil.java:getReplicatedSize(63)) - Unknown replication type 'STAND_ALONE'. Returning original data size.
2023-09-07 12:24:59,512 [OM StateMachine ApplyTransaction Thread - 0] WARN  helpers.QuotaUtil (QuotaUtil.java:getReplicatedSize(63)) - Unknown replication type 'STAND_ALONE'. Returning original data size.
2023-09-07 12:24:59,512 [OM StateMachine ApplyTransaction Thread - 0] WARN  helpers.QuotaUtil (QuotaUtil.java:getReplicatedSize(63)) - Unknown replication type 'STAND_ALONE'. Returning original data size.
2023-09-07 12:24:59,518 [OM StateMachine ApplyTransaction Thread - 0] WARN  helpers.QuotaUtil (QuotaUtil.java:getReplicatedSize(63)) - Unknown replication type 'STAND_ALONE'. Returning original data size.
2023-09-07 12:24:59,518 [OM StateMachine ApplyTransaction Thread - 0] WARN  helpers.QuotaUtil (QuotaUtil.java:getReplicatedSize(63)) - Unknown replication type 'STAND_ALONE'. Returning original data size.
2023-09-07 12:24:59,528 [OM StateMachine ApplyTransaction Thread - 0] WARN  helpers.QuotaUtil (QuotaUtil.java:getReplicatedSize(63)) - Unknown replication type 'STAND_ALONE'. Returning original data size.
2023-09-07 12:24:59,528 [OM StateMachine ApplyTransaction Thread - 0] WARN  helpers.QuotaUtil (QuotaUtil.java:getReplicatedSize(63)) - Unknown replication type 'STAND_ALONE'. Returning original data size.
2023-09-07 12:24:59,538 [OM StateMachine ApplyTransaction Thread - 0] WARN  helpers.QuotaUtil (QuotaUtil.java:getReplicatedSize(63)) - Unknown replication type 'STAND_ALONE'. Returning original data size.
2023-09-07 12:24:59,538 [OM StateMachine ApplyTransaction Thread - 0] WARN  helpers.QuotaUtil (QuotaUtil.java:getReplicatedSize(63)) - Unknown replication type 'STAND_ALONE'. Returning original data size.
2023-09-07 12:24:59,542 [OM StateMachine ApplyTransaction Thread - 0] WARN  helpers.QuotaUtil (QuotaUtil.java:getReplicatedSize(63)) - Unknown replication type 'STAND_ALONE'. Returning original data size.
2023-09-07 12:24:59,542 [OM StateMachine ApplyTransaction Thread - 0] WARN  helpers.QuotaUtil (QuotaUtil.java:getReplicatedSize(63)) - Unknown replication type 'STAND_ALONE'. Returning original data size.
2023-09-07 12:24:59,554 [OM StateMachine ApplyTransaction Thread - 0] WARN  helpers.QuotaUtil (QuotaUtil.java:getReplicatedSize(63)) - Unknown replication type 'STAND_ALONE'. Returning original data size.
2023-09-07 12:24:59,554 [OM StateMachine ApplyTransaction Thread - 0] WARN  helpers.QuotaUtil (QuotaUtil.java:getReplicatedSize(63)) - Unknown replication type 'STAND_ALONE'. Returning original data size.
2023-09-07 12:24:59,561 [OM StateMachine ApplyTransaction Thread - 0] WARN  helpers.QuotaUtil (QuotaUtil.java:getReplicatedSize(63)) - Unknown replication type 'STAND_ALONE'. Returning original data size.
2023-09-07 12:24:59,561 [OM StateMachine ApplyTransaction Thread - 0] WARN  helpers.QuotaUtil (QuotaUtil.java:getReplicatedSize(63)) - Unknown replication type 'STAND_ALONE'. Returning original data size.
2023-09-07 12:24:59,573 [OM StateMachine ApplyTransaction Thread - 0] WARN  helpers.QuotaUtil (QuotaUtil.java:getReplicatedSize(63)) - Unknown replication type 'STAND_ALONE'. Returning original data size.
2023-09-07 12:24:59,573 [OM StateMachine ApplyTransaction Thread - 0] WARN  helpers.QuotaUtil (QuotaUtil.java:getReplicatedSize(63)) - Unknown replication type 'STAND_ALONE'. Returning original data size.
2023-09-07 12:24:59,577 [OM StateMachine ApplyTransaction Thread - 0] WARN  helpers.QuotaUtil (QuotaUtil.java:getReplicatedSize(63)) - Unknown replication type 'STAND_ALONE'. Returning original data size.
2023-09-07 12:24:59,577 [OM StateMachine ApplyTransaction Thread - 0] WARN  helpers.QuotaUtil (QuotaUtil.java:getReplicatedSize(63)) - Unknown replication type 'STAND_ALONE'. Returning original data size.
2023-09-07 12:24:59,585 [OM StateMachine ApplyTransaction Thread - 0] WARN  helpers.QuotaUtil (QuotaUtil.java:getReplicatedSize(63)) - Unknown replication type 'STAND_ALONE'. Returning original data size.
2023-09-07 12:24:59,585 [OM StateMachine ApplyTransaction Thread - 0] WARN  helpers.QuotaUtil (QuotaUtil.java:getReplicatedSize(63)) - Unknown replication type 'STAND_ALONE'. Returning original data size.
2023-09-07 12:24:59,589 [OM StateMachine ApplyTransaction Thread - 0] WARN  helpers.QuotaUtil (QuotaUtil.java:getReplicatedSize(63)) - Unknown replication type 'STAND_ALONE'. Returning original data size.
2023-09-07 12:24:59,589 [OM StateMachine ApplyTransaction Thread - 0] WARN  helpers.QuotaUtil (QuotaUtil.java:getReplicatedSize(63)) - Unknown replication type 'STAND_ALONE'. Returning original data size.
2023-09-07 12:24:59,605 [OM StateMachine ApplyTransaction Thread - 0] WARN  helpers.QuotaUtil (QuotaUtil.java:getReplicatedSize(63)) - Unknown replication type 'STAND_ALONE'. Returning original data size.
2023-09-07 12:24:59,605 [OM StateMachine ApplyTransaction Thread - 0] WARN  helpers.QuotaUtil (QuotaUtil.java:getReplicatedSize(63)) - Unknown replication type 'STAND_ALONE'. Returning original data size.
2023-09-07 12:24:59,619 [OM StateMachine ApplyTransaction Thread - 0] WARN  helpers.QuotaUtil (QuotaUtil.java:getReplicatedSize(63)) - Unknown replication type 'STAND_ALONE'. Returning original data size.
2023-09-07 12:24:59,619 [OM StateMachine ApplyTransaction Thread - 0] WARN  helpers.QuotaUtil (QuotaUtil.java:getReplicatedSize(63)) - Unknown replication type 'STAND_ALONE'. Returning original data size.
2023-09-07 12:24:59,622 [OM StateMachine ApplyTransaction Thread - 0] WARN  helpers.QuotaUtil (QuotaUtil.java:getReplicatedSize(63)) - Unknown replication type 'STAND_ALONE'. Returning original data size.
2023-09-07 12:24:59,623 [OM StateMachine ApplyTransaction Thread - 0] WARN  helpers.QuotaUtil (QuotaUtil.java:getReplicatedSize(63)) - Unknown replication type 'STAND_ALONE'. Returning original data size.
2023-09-07 12:24:59,631 [OM StateMachine ApplyTransaction Thread - 0] WARN  helpers.QuotaUtil (QuotaUtil.java:getReplicatedSize(63)) - Unknown replication type 'STAND_ALONE'. Returning original data size.
2023-09-07 12:24:59,631 [OM StateMachine ApplyTransaction Thread - 0] WARN  helpers.QuotaUtil (QuotaUtil.java:getReplicatedSize(63)) - Unknown replication type 'STAND_ALONE'. Returning original data size.
2023-09-07 12:24:59,635 [OM StateMachine ApplyTransaction Thread - 0] WARN  helpers.QuotaUtil (QuotaUtil.java:getReplicatedSize(63)) - Unknown replication type 'STAND_ALONE'. Returning original data size.
2023-09-07 12:24:59,635 [OM StateMachine ApplyTransaction Thread - 0] WARN  helpers.QuotaUtil (QuotaUtil.java:getReplicatedSize(63)) - Unknown replication type 'STAND_ALONE'. Returning original data size.
2023-09-07 12:24:59,642 [OM StateMachine ApplyTransaction Thread - 0] WARN  helpers.QuotaUtil (QuotaUtil.java:getReplicatedSize(63)) - Unknown replication type 'STAND_ALONE'. Returning original data size.
2023-09-07 12:24:59,642 [OM StateMachine ApplyTransaction Thread - 0] WARN  helpers.QuotaUtil (QuotaUtil.java:getReplicatedSize(63)) - Unknown replication type 'STAND_ALONE'. Returning original data size.
2023-09-07 12:24:59,650 [OM StateMachine ApplyTransaction Thread - 0] WARN  helpers.QuotaUtil (QuotaUtil.java:getReplicatedSize(63)) - Unknown replication type 'STAND_ALONE'. Returning original data size.
2023-09-07 12:24:59,650 [OM StateMachine ApplyTransaction Thread - 0] WARN  helpers.QuotaUtil (QuotaUtil.java:getReplicatedSize(63)) - Unknown replication type 'STAND_ALONE'. Returning original data size.
2023-09-07 12:24:59,659 [OM StateMachine ApplyTransaction Thread - 0] WARN  helpers.QuotaUtil (QuotaUtil.java:getReplicatedSize(63)) - Unknown replication type 'STAND_ALONE'. Returning original data size.
2023-09-07 12:24:59,659 [OM StateMachine ApplyTransaction Thread - 0] WARN  helpers.QuotaUtil (QuotaUtil.java:getReplicatedSize(63)) - Unknown replication type 'STAND_ALONE'. Returning original data size.
2023-09-07 12:24:59,667 [OM StateMachine ApplyTransaction Thread - 0] WARN  helpers.QuotaUtil (QuotaUtil.java:getReplicatedSize(63)) - Unknown replication type 'STAND_ALONE'. Returning original data size.
2023-09-07 12:24:59,668 [OM StateMachine ApplyTransaction Thread - 0] WARN  helpers.QuotaUtil (QuotaUtil.java:getReplicatedSize(63)) - Unknown replication type 'STAND_ALONE'. Returning original data size.
2023-09-07 12:24:59,681 [OM StateMachine ApplyTransaction Thread - 0] WARN  helpers.QuotaUtil (QuotaUtil.java:getReplicatedSize(63)) - Unknown replication type 'STAND_ALONE'. Returning original data size.
2023-09-07 12:24:59,681 [OM StateMachine ApplyTransaction Thread - 0] WARN  helpers.QuotaUtil (QuotaUtil.java:getReplicatedSize(63)) - Unknown replication type 'STAND_ALONE'. Returning original data size.
2023-09-07 12:24:59,685 [OM StateMachine ApplyTransaction Thread - 0] WARN  helpers.QuotaUtil (QuotaUtil.java:getReplicatedSize(63)) - Unknown replication type 'STAND_ALONE'. Returning original data size.
2023-09-07 12:24:59,685 [OM StateMachine ApplyTransaction Thread - 0] WARN  helpers.QuotaUtil (QuotaUtil.java:getReplicatedSize(63)) - Unknown replication type 'STAND_ALONE'. Returning original data size.
2023-09-07 12:24:59,692 [OM StateMachine ApplyTransaction Thread - 0] WARN  helpers.QuotaUtil (QuotaUtil.java:getReplicatedSize(63)) - Unknown replication type 'STAND_ALONE'. Returning original data size.
2023-09-07 12:24:59,692 [OM StateMachine ApplyTransaction Thread - 0] WARN  helpers.QuotaUtil (QuotaUtil.java:getReplicatedSize(63)) - Unknown replication type 'STAND_ALONE'. Returning original data size.
2023-09-07 12:24:59,700 [OM StateMachine ApplyTransaction Thread - 0] WARN  helpers.QuotaUtil (QuotaUtil.java:getReplicatedSize(63)) - Unknown replication type 'STAND_ALONE'. Returning original data size.
2023-09-07 12:24:59,700 [OM StateMachine ApplyTransaction Thread - 0] WARN  helpers.QuotaUtil (QuotaUtil.java:getReplicatedSize(63)) - Unknown replication type 'STAND_ALONE'. Returning original data size.
2023-09-07 12:24:59,703 [OM StateMachine ApplyTransaction Thread - 0] WARN  helpers.QuotaUtil (QuotaUtil.java:getReplicatedSize(63)) - Unknown replication type 'STAND_ALONE'. Returning original data size.
2023-09-07 12:24:59,703 [OM StateMachine ApplyTransaction Thread - 0] WARN  helpers.QuotaUtil (QuotaUtil.java:getReplicatedSize(63)) - Unknown replication type 'STAND_ALONE'. Returning original data size.
2023-09-07 12:24:59,715 [OM StateMachine ApplyTransaction Thread - 0] WARN  helpers.QuotaUtil (QuotaUtil.java:getReplicatedSize(63)) - Unknown replication type 'STAND_ALONE'. Returning original data size.
2023-09-07 12:24:59,716 [OM StateMachine ApplyTransaction Thread - 0] WARN  helpers.QuotaUtil (QuotaUtil.java:getReplicatedSize(63)) - Unknown replication type 'STAND_ALONE'. Returning original data size.
2023-09-07 12:24:59,719 [OM StateMachine ApplyTransaction Thread - 0] WARN  helpers.QuotaUtil (QuotaUtil.java:getReplicatedSize(63)) - Unknown replication type 'STAND_ALONE'. Returning original data size.
2023-09-07 12:24:59,719 [OM StateMachine ApplyTransaction Thread - 0] WARN  helpers.QuotaUtil (QuotaUtil.java:getReplicatedSize(63)) - Unknown replication type 'STAND_ALONE'. Returning original data size.
2023-09-07 12:24:59,732 [OM StateMachine ApplyTransaction Thread - 0] WARN  helpers.QuotaUtil (QuotaUtil.java:getReplicatedSize(63)) - Unknown replication type 'STAND_ALONE'. Returning original data size.
2023-09-07 12:24:59,732 [OM StateMachine ApplyTransaction Thread - 0] WARN  helpers.QuotaUtil (QuotaUtil.java:getReplicatedSize(63)) - Unknown replication type 'STAND_ALONE'. Returning original data size.
2023-09-07 12:24:59,737 [OM StateMachine ApplyTransaction Thread - 0] WARN  helpers.QuotaUtil (QuotaUtil.java:getReplicatedSize(63)) - Unknown replication type 'STAND_ALONE'. Returning original data size.
2023-09-07 12:24:59,737 [OM StateMachine ApplyTransaction Thread - 0] WARN  helpers.QuotaUtil (QuotaUtil.java:getReplicatedSize(63)) - Unknown replication type 'STAND_ALONE'. Returning original data size.
2023-09-07 12:24:59,746 [OM StateMachine ApplyTransaction Thread - 0] WARN  helpers.QuotaUtil (QuotaUtil.java:getReplicatedSize(63)) - Unknown replication type 'STAND_ALONE'. Returning original data size.
2023-09-07 12:24:59,746 [OM StateMachine ApplyTransaction Thread - 0] WARN  helpers.QuotaUtil (QuotaUtil.java:getReplicatedSize(63)) - Unknown replication type 'STAND_ALONE'. Returning original data size.
2023-09-07 12:24:59,753 [OM StateMachine ApplyTransaction Thread - 0] WARN  helpers.QuotaUtil (QuotaUtil.java:getReplicatedSize(63)) - Unknown replication type 'STAND_ALONE'. Returning original data size.
2023-09-07 12:24:59,753 [OM StateMachine ApplyTransaction Thread - 0] WARN  helpers.QuotaUtil (QuotaUtil.java:getReplicatedSize(63)) - Unknown replication type 'STAND_ALONE'. Returning original data size.
2023-09-07 12:24:59,760 [OM StateMachine ApplyTransaction Thread - 0] WARN  helpers.QuotaUtil (QuotaUtil.java:getReplicatedSize(63)) - Unknown replication type 'STAND_ALONE'. Returning original data size.
2023-09-07 12:24:59,760 [OM StateMachine ApplyTransaction Thread - 0] WARN  helpers.QuotaUtil (QuotaUtil.java:getReplicatedSize(63)) - Unknown replication type 'STAND_ALONE'. Returning original data size.
2023-09-07 12:24:59,765 [OM StateMachine ApplyTransaction Thread - 0] WARN  helpers.QuotaUtil (QuotaUtil.java:getReplicatedSize(63)) - Unknown replication type 'STAND_ALONE'. Returning original data size.
2023-09-07 12:24:59,765 [OM StateMachine ApplyTransaction Thread - 0] WARN  helpers.QuotaUtil (QuotaUtil.java:getReplicatedSize(63)) - Unknown replication type 'STAND_ALONE'. Returning original data size.
2023-09-07 12:24:59,774 [OM StateMachine ApplyTransaction Thread - 0] WARN  helpers.QuotaUtil (QuotaUtil.java:getReplicatedSize(63)) - Unknown replication type 'STAND_ALONE'. Returning original data size.
2023-09-07 12:24:59,774 [OM StateMachine ApplyTransaction Thread - 0] WARN  helpers.QuotaUtil (QuotaUtil.java:getReplicatedSize(63)) - Unknown replication type 'STAND_ALONE'. Returning original data size.
2023-09-07 12:24:59,778 [OM StateMachine ApplyTransaction Thread - 0] WARN  helpers.QuotaUtil (QuotaUtil.java:getReplicatedSize(63)) - Unknown replication type 'STAND_ALONE'. Returning original data size.
2023-09-07 12:24:59,778 [OM StateMachine ApplyTransaction Thread - 0] WARN  helpers.QuotaUtil (QuotaUtil.java:getReplicatedSize(63)) - Unknown replication type 'STAND_ALONE'. Returning original data size.
2023-09-07 12:24:59,785 [OM StateMachine ApplyTransaction Thread - 0] WARN  helpers.QuotaUtil (QuotaUtil.java:getReplicatedSize(63)) - Unknown replication type 'STAND_ALONE'. Returning original data size.
2023-09-07 12:24:59,785 [OM StateMachine ApplyTransaction Thread - 0] WARN  helpers.QuotaUtil (QuotaUtil.java:getReplicatedSize(63)) - Unknown replication type 'STAND_ALONE'. Returning original data size.
2023-09-07 12:24:59,788 [OM StateMachine ApplyTransaction Thread - 0] WARN  helpers.QuotaUtil (QuotaUtil.java:getReplicatedSize(63)) - Unknown replication type 'STAND_ALONE'. Returning original data size.
2023-09-07 12:24:59,788 [OM StateMachine ApplyTransaction Thread - 0] WARN  helpers.QuotaUtil (QuotaUtil.java:getReplicatedSize(63)) - Unknown replication type 'STAND_ALONE'. Returning original data size.
2023-09-07 12:24:59,794 [OM StateMachine ApplyTransaction Thread - 0] WARN  helpers.QuotaUtil (QuotaUtil.java:getReplicatedSize(63)) - Unknown replication type 'STAND_ALONE'. Returning original data size.
2023-09-07 12:24:59,794 [OM StateMachine ApplyTransaction Thread - 0] WARN  helpers.QuotaUtil (QuotaUtil.java:getReplicatedSize(63)) - Unknown replication type 'STAND_ALONE'. Returning original data size.
2023-09-07 12:24:59,803 [OM StateMachine ApplyTransaction Thread - 0] WARN  helpers.QuotaUtil (QuotaUtil.java:getReplicatedSize(63)) - Unknown replication type 'STAND_ALONE'. Returning original data size.
2023-09-07 12:24:59,803 [OM StateMachine ApplyTransaction Thread - 0] WARN  helpers.QuotaUtil (QuotaUtil.java:getReplicatedSize(63)) - Unknown replication type 'STAND_ALONE'. Returning original data size.
2023-09-07 12:24:59,806 [OM StateMachine ApplyTransaction Thread - 0] WARN  helpers.QuotaUtil (QuotaUtil.java:getReplicatedSize(63)) - Unknown replication type 'STAND_ALONE'. Returning original data size.
2023-09-07 12:24:59,806 [OM StateMachine ApplyTransaction Thread - 0] WARN  helpers.QuotaUtil (QuotaUtil.java:getReplicatedSize(63)) - Unknown replication type 'STAND_ALONE'. Returning original data size.
2023-09-07 12:24:59,813 [OM StateMachine ApplyTransaction Thread - 0] WARN  helpers.QuotaUtil (QuotaUtil.java:getReplicatedSize(63)) - Unknown replication type 'STAND_ALONE'. Returning original data size.
2023-09-07 12:24:59,813 [OM StateMachine ApplyTransaction Thread - 0] WARN  helpers.QuotaUtil (QuotaUtil.java:getReplicatedSize(63)) - Unknown replication type 'STAND_ALONE'. Returning original data size.
2023-09-07 12:24:59,825 [OM StateMachine ApplyTransaction Thread - 0] WARN  helpers.QuotaUtil (QuotaUtil.java:getReplicatedSize(63)) - Unknown replication type 'STAND_ALONE'. Returning original data size.
2023-09-07 12:24:59,825 [OM StateMachine ApplyTransaction Thread - 0] WARN  helpers.QuotaUtil (QuotaUtil.java:getReplicatedSize(63)) - Unknown replication type 'STAND_ALONE'. Returning original data size.
2023-09-07 12:24:59,840 [OM StateMachine ApplyTransaction Thread - 0] WARN  helpers.QuotaUtil (QuotaUtil.java:getReplicatedSize(63)) - Unknown replication type 'STAND_ALONE'. Returning original data size.
2023-09-07 12:24:59,840 [OM StateMachine ApplyTransaction Thread - 0] WARN  helpers.QuotaUtil (QuotaUtil.java:getReplicatedSize(63)) - Unknown replication type 'STAND_ALONE'. Returning original data size.
2023-09-07 12:24:59,851 [OM StateMachine ApplyTransaction Thread - 0] WARN  helpers.QuotaUtil (QuotaUtil.java:getReplicatedSize(63)) - Unknown replication type 'STAND_ALONE'. Returning original data size.
2023-09-07 12:24:59,851 [OM StateMachine ApplyTransaction Thread - 0] WARN  helpers.QuotaUtil (QuotaUtil.java:getReplicatedSize(63)) - Unknown replication type 'STAND_ALONE'. Returning original data size.
2023-09-07 12:24:59,855 [OM StateMachine ApplyTransaction Thread - 0] WARN  helpers.QuotaUtil (QuotaUtil.java:getReplicatedSize(63)) - Unknown replication type 'STAND_ALONE'. Returning original data size.
2023-09-07 12:24:59,855 [OM StateMachine ApplyTransaction Thread - 0] WARN  helpers.QuotaUtil (QuotaUtil.java:getReplicatedSize(63)) - Unknown replication type 'STAND_ALONE'. Returning original data size.
2023-09-07 12:24:59,862 [OM StateMachine ApplyTransaction Thread - 0] WARN  helpers.QuotaUtil (QuotaUtil.java:getReplicatedSize(63)) - Unknown replication type 'STAND_ALONE'. Returning original data size.
2023-09-07 12:24:59,862 [OM StateMachine ApplyTransaction Thread - 0] WARN  helpers.QuotaUtil (QuotaUtil.java:getReplicatedSize(63)) - Unknown replication type 'STAND_ALONE'. Returning original data size.
2023-09-07 12:24:59,870 [OM StateMachine ApplyTransaction Thread - 0] WARN  helpers.QuotaUtil (QuotaUtil.java:getReplicatedSize(63)) - Unknown replication type 'STAND_ALONE'. Returning original data size.
2023-09-07 12:24:59,870 [OM StateMachine ApplyTransaction Thread - 0] WARN  helpers.QuotaUtil (QuotaUtil.java:getReplicatedSize(63)) - Unknown replication type 'STAND_ALONE'. Returning original data size.
2023-09-07 12:24:59,876 [OM StateMachine ApplyTransaction Thread - 0] WARN  helpers.QuotaUtil (QuotaUtil.java:getReplicatedSize(63)) - Unknown replication type 'STAND_ALONE'. Returning original data size.
2023-09-07 12:24:59,876 [OM StateMachine ApplyTransaction Thread - 0] WARN  helpers.QuotaUtil (QuotaUtil.java:getReplicatedSize(63)) - Unknown replication type 'STAND_ALONE'. Returning original data size.
2023-09-07 12:24:59,883 [OM StateMachine ApplyTransaction Thread - 0] WARN  helpers.QuotaUtil (QuotaUtil.java:getReplicatedSize(63)) - Unknown replication type 'STAND_ALONE'. Returning original data size.
2023-09-07 12:24:59,883 [OM StateMachine ApplyTransaction Thread - 0] WARN  helpers.QuotaUtil (QuotaUtil.java:getReplicatedSize(63)) - Unknown replication type 'STAND_ALONE'. Returning original data size.
2023-09-07 12:24:59,889 [OM StateMachine ApplyTransaction Thread - 0] WARN  helpers.QuotaUtil (QuotaUtil.java:getReplicatedSize(63)) - Unknown replication type 'STAND_ALONE'. Returning original data size.
2023-09-07 12:24:59,889 [OM StateMachine ApplyTransaction Thread - 0] WARN  helpers.QuotaUtil (QuotaUtil.java:getReplicatedSize(63)) - Unknown replication type 'STAND_ALONE'. Returning original data size.
2023-09-07 12:24:59,893 [OM StateMachine ApplyTransaction Thread - 0] WARN  helpers.QuotaUtil (QuotaUtil.java:getReplicatedSize(63)) - Unknown replication type 'STAND_ALONE'. Returning original data size.
2023-09-07 12:24:59,893 [OM StateMachine ApplyTransaction Thread - 0] WARN  helpers.QuotaUtil (QuotaUtil.java:getReplicatedSize(63)) - Unknown replication type 'STAND_ALONE'. Returning original data size.
2023-09-07 12:24:59,907 [OM StateMachine ApplyTransaction Thread - 0] WARN  helpers.QuotaUtil (QuotaUtil.java:getReplicatedSize(63)) - Unknown replication type 'STAND_ALONE'. Returning original data size.
2023-09-07 12:24:59,907 [OM StateMachine ApplyTransaction Thread - 0] WARN  helpers.QuotaUtil (QuotaUtil.java:getReplicatedSize(63)) - Unknown replication type 'STAND_ALONE'. Returning original data size.
2023-09-07 12:24:59,910 [OM StateMachine ApplyTransaction Thread - 0] WARN  helpers.QuotaUtil (QuotaUtil.java:getReplicatedSize(63)) - Unknown replication type 'STAND_ALONE'. Returning original data size.
2023-09-07 12:24:59,910 [OM StateMachine ApplyTransaction Thread - 0] WARN  helpers.QuotaUtil (QuotaUtil.java:getReplicatedSize(63)) - Unknown replication type 'STAND_ALONE'. Returning original data size.
2023-09-07 12:24:59,925 [OM StateMachine ApplyTransaction Thread - 0] WARN  helpers.QuotaUtil (QuotaUtil.java:getReplicatedSize(63)) - Unknown replication type 'STAND_ALONE'. Returning original data size.
2023-09-07 12:24:59,925 [OM StateMachine ApplyTransaction Thread - 0] WARN  helpers.QuotaUtil (QuotaUtil.java:getReplicatedSize(63)) - Unknown replication type 'STAND_ALONE'. Returning original data size.
2023-09-07 12:24:59,929 [OM StateMachine ApplyTransaction Thread - 0] WARN  helpers.QuotaUtil (QuotaUtil.java:getReplicatedSize(63)) - Unknown replication type 'STAND_ALONE'. Returning original data size.
2023-09-07 12:24:59,929 [OM StateMachine ApplyTransaction Thread - 0] WARN  helpers.QuotaUtil (QuotaUtil.java:getReplicatedSize(63)) - Unknown replication type 'STAND_ALONE'. Returning original data size.
2023-09-07 12:24:59,936 [OM StateMachine ApplyTransaction Thread - 0] WARN  helpers.QuotaUtil (QuotaUtil.java:getReplicatedSize(63)) - Unknown replication type 'STAND_ALONE'. Returning original data size.
2023-09-07 12:24:59,936 [OM StateMachine ApplyTransaction Thread - 0] WARN  helpers.QuotaUtil (QuotaUtil.java:getReplicatedSize(63)) - Unknown replication type 'STAND_ALONE'. Returning original data size.
2023-09-07 12:24:59,939 [OM StateMachine ApplyTransaction Thread - 0] WARN  helpers.QuotaUtil (QuotaUtil.java:getReplicatedSize(63)) - Unknown replication type 'STAND_ALONE'. Returning original data size.
2023-09-07 12:24:59,939 [OM StateMachine ApplyTransaction Thread - 0] WARN  helpers.QuotaUtil (QuotaUtil.java:getReplicatedSize(63)) - Unknown replication type 'STAND_ALONE'. Returning original data size.
2023-09-07 12:24:59,950 [OM StateMachine ApplyTransaction Thread - 0] WARN  helpers.QuotaUtil (QuotaUtil.java:getReplicatedSize(63)) - Unknown replication type 'STAND_ALONE'. Returning original data size.
2023-09-07 12:24:59,950 [OM StateMachine ApplyTransaction Thread - 0] WARN  helpers.QuotaUtil (QuotaUtil.java:getReplicatedSize(63)) - Unknown replication type 'STAND_ALONE'. Returning original data size.
2023-09-07 12:24:59,954 [OM StateMachine ApplyTransaction Thread - 0] WARN  helpers.QuotaUtil (QuotaUtil.java:getReplicatedSize(63)) - Unknown replication type 'STAND_ALONE'. Returning original data size.
2023-09-07 12:24:59,954 [OM StateMachine ApplyTransaction Thread - 0] WARN  helpers.QuotaUtil (QuotaUtil.java:getReplicatedSize(63)) - Unknown replication type 'STAND_ALONE'. Returning original data size.
2023-09-07 12:24:59,962 [OM StateMachine ApplyTransaction Thread - 0] WARN  helpers.QuotaUtil (QuotaUtil.java:getReplicatedSize(63)) - Unknown replication type 'STAND_ALONE'. Returning original data size.
2023-09-07 12:24:59,962 [OM StateMachine ApplyTransaction Thread - 0] WARN  helpers.QuotaUtil (QuotaUtil.java:getReplicatedSize(63)) - Unknown replication type 'STAND_ALONE'. Returning original data size.
2023-09-07 12:24:59,969 [OM StateMachine ApplyTransaction Thread - 0] WARN  helpers.QuotaUtil (QuotaUtil.java:getReplicatedSize(63)) - Unknown replication type 'STAND_ALONE'. Returning original data size.
2023-09-07 12:24:59,969 [OM StateMachine ApplyTransaction Thread - 0] WARN  helpers.QuotaUtil (QuotaUtil.java:getReplicatedSize(63)) - Unknown replication type 'STAND_ALONE'. Returning original data size.
2023-09-07 12:24:59,977 [OM StateMachine ApplyTransaction Thread - 0] WARN  helpers.QuotaUtil (QuotaUtil.java:getReplicatedSize(63)) - Unknown replication type 'STAND_ALONE'. Returning original data size.
2023-09-07 12:24:59,977 [OM StateMachine ApplyTransaction Thread - 0] WARN  helpers.QuotaUtil (QuotaUtil.java:getReplicatedSize(63)) - Unknown replication type 'STAND_ALONE'. Returning original data size.
2023-09-07 12:24:59,982 [OM StateMachine ApplyTransaction Thread - 0] WARN  helpers.QuotaUtil (QuotaUtil.java:getReplicatedSize(63)) - Unknown replication type 'STAND_ALONE'. Returning original data size.
2023-09-07 12:24:59,982 [OM StateMachine ApplyTransaction Thread - 0] WARN  helpers.QuotaUtil (QuotaUtil.java:getReplicatedSize(63)) - Unknown replication type 'STAND_ALONE'. Returning original data size.
2023-09-07 12:24:59,989 [OM StateMachine ApplyTransaction Thread - 0] WARN  helpers.QuotaUtil (QuotaUtil.java:getReplicatedSize(63)) - Unknown replication type 'STAND_ALONE'. Returning original data size.
2023-09-07 12:24:59,989 [OM StateMachine ApplyTransaction Thread - 0] WARN  helpers.QuotaUtil (QuotaUtil.java:getReplicatedSize(63)) - Unknown replication type 'STAND_ALONE'. Returning original data size.
2023-09-07 12:24:59,992 [OM StateMachine ApplyTransaction Thread - 0] WARN  helpers.QuotaUtil (QuotaUtil.java:getReplicatedSize(63)) - Unknown replication type 'STAND_ALONE'. Returning original data size.
2023-09-07 12:24:59,992 [OM StateMachine ApplyTransaction Thread - 0] WARN  helpers.QuotaUtil (QuotaUtil.java:getReplicatedSize(63)) - Unknown replication type 'STAND_ALONE'. Returning original data size.
2023-09-07 12:24:59,999 [OM StateMachine ApplyTransaction Thread - 0] WARN  helpers.QuotaUtil (QuotaUtil.java:getReplicatedSize(63)) - Unknown replication type 'STAND_ALONE'. Returning original data size.
2023-09-07 12:24:59,999 [OM StateMachine ApplyTransaction Thread - 0] WARN  helpers.QuotaUtil (QuotaUtil.java:getReplicatedSize(63)) - Unknown replication type 'STAND_ALONE'. Returning original data size.
2023-09-07 12:25:00,015 [OM StateMachine ApplyTransaction Thread - 0] WARN  helpers.QuotaUtil (QuotaUtil.java:getReplicatedSize(63)) - Unknown replication type 'STAND_ALONE'. Returning original data size.
2023-09-07 12:25:00,015 [OM StateMachine ApplyTransaction Thread - 0] WARN  helpers.QuotaUtil (QuotaUtil.java:getReplicatedSize(63)) - Unknown replication type 'STAND_ALONE'. Returning original data size.
2023-09-07 12:25:00,030 [OM StateMachine ApplyTransaction Thread - 0] WARN  helpers.QuotaUtil (QuotaUtil.java:getReplicatedSize(63)) - Unknown replication type 'STAND_ALONE'. Returning original data size.
2023-09-07 12:25:00,030 [OM StateMachine ApplyTransaction Thread - 0] WARN  helpers.QuotaUtil (QuotaUtil.java:getReplicatedSize(63)) - Unknown replication type 'STAND_ALONE'. Returning original data size.
2023-09-07 12:25:00,038 [OM StateMachine ApplyTransaction Thread - 0] WARN  helpers.QuotaUtil (QuotaUtil.java:getReplicatedSize(63)) - Unknown replication type 'STAND_ALONE'. Returning original data size.
2023-09-07 12:25:00,038 [OM StateMachine ApplyTransaction Thread - 0] WARN  helpers.QuotaUtil (QuotaUtil.java:getReplicatedSize(63)) - Unknown replication type 'STAND_ALONE'. Returning original data size.
2023-09-07 12:25:00,046 [OM StateMachine ApplyTransaction Thread - 0] WARN  helpers.QuotaUtil (QuotaUtil.java:getReplicatedSize(63)) - Unknown replication type 'STAND_ALONE'. Returning original data size.
2023-09-07 12:25:00,046 [OM StateMachine ApplyTransaction Thread - 0] WARN  helpers.QuotaUtil (QuotaUtil.java:getReplicatedSize(63)) - Unknown replication type 'STAND_ALONE'. Returning original data size.
2023-09-07 12:25:00,056 [OM StateMachine ApplyTransaction Thread - 0] WARN  helpers.QuotaUtil (QuotaUtil.java:getReplicatedSize(63)) - Unknown replication type 'STAND_ALONE'. Returning original data size.
2023-09-07 12:25:00,056 [OM StateMachine ApplyTransaction Thread - 0] WARN  helpers.QuotaUtil (QuotaUtil.java:getReplicatedSize(63)) - Unknown replication type 'STAND_ALONE'. Returning original data size.
2023-09-07 12:25:00,062 [OM StateMachine ApplyTransaction Thread - 0] WARN  helpers.QuotaUtil (QuotaUtil.java:getReplicatedSize(63)) - Unknown replication type 'STAND_ALONE'. Returning original data size.
2023-09-07 12:25:00,062 [OM StateMachine ApplyTransaction Thread - 0] WARN  helpers.QuotaUtil (QuotaUtil.java:getReplicatedSize(63)) - Unknown replication type 'STAND_ALONE'. Returning original data size.
2023-09-07 12:25:00,065 [OM StateMachine ApplyTransaction Thread - 0] WARN  helpers.QuotaUtil (QuotaUtil.java:getReplicatedSize(63)) - Unknown replication type 'STAND_ALONE'. Returning original data size.
2023-09-07 12:25:00,065 [OM StateMachine ApplyTransaction Thread - 0] WARN  helpers.QuotaUtil (QuotaUtil.java:getReplicatedSize(63)) - Unknown replication type 'STAND_ALONE'. Returning original data size.
2023-09-07 12:25:00,072 [OM StateMachine ApplyTransaction Thread - 0] WARN  helpers.QuotaUtil (QuotaUtil.java:getReplicatedSize(63)) - Unknown replication type 'STAND_ALONE'. Returning original data size.
2023-09-07 12:25:00,072 [OM StateMachine ApplyTransaction Thread - 0] WARN  helpers.QuotaUtil (QuotaUtil.java:getReplicatedSize(63)) - Unknown replication type 'STAND_ALONE'. Returning original data size.
2023-09-07 12:25:00,488 [main] INFO  om.OzoneManager (OzoneManager.java:stop(2204)) - om1[0.0.0.0:9862]: Stopping Ozone Manager
2023-09-07 12:25:00,489 [main] INFO  ipc.Server (Server.java:stop(3523)) - Stopping server on 9862
2023-09-07 12:25:00,493 [IPC Server Responder] INFO  ipc.Server (Server.java:run(1567)) - Stopping IPC Server Responder
2023-09-07 12:25:00,493 [IPC Server listener on 9862] INFO  ipc.Server (Server.java:run(1434)) - Stopping IPC Server listener on 9862
2023-09-07 12:25:04,518 [main] INFO  om.GrpcOzoneManagerServer (GrpcOzoneManagerServer.java:stop(192)) - Server GrpcOzoneManagerServer is shutdown
2023-09-07 12:25:04,519 [main] INFO  server.RaftServer (RaftServerProxy.java:lambda$close$6(416)) - om1: close
2023-09-07 12:25:04,519 [main] INFO  server.GrpcService (GrpcService.java:closeImpl(311)) - om1: shutdown server GrpcServerProtocolService now
2023-09-07 12:25:04,519 [om1-impl-thread1] INFO  server.RaftServer$Division (RaftServerImpl.java:lambda$close$4(466)) - om1@group-C5BA1605619E: shutdown
2023-09-07 12:25:04,519 [om1-impl-thread1] INFO  util.JmxRegister (JmxRegister.java:unregister(73)) - Successfully un-registered JMX Bean with object name Ratis:service=RaftServer,group=group-C5BA1605619E,id=om1
2023-09-07 12:25:04,519 [om1-impl-thread1] INFO  impl.RoleInfo (RoleInfo.java:shutdownLeaderState(93)) - om1: shutdown om1@group-C5BA1605619E-LeaderStateImpl
2023-09-07 12:25:04,519 [om1-impl-thread1] INFO  impl.PendingRequests (PendingRequests.java:sendNotLeaderResponses(289)) - om1@group-C5BA1605619E-PendingRequests: sendNotLeaderResponses
2023-09-07 12:25:04,520 [main] INFO  server.GrpcService (GrpcService.java:closeImpl(320)) - om1: shutdown server GrpcServerProtocolService successfully
2023-09-07 12:25:04,521 [om1-impl-thread1] INFO  impl.StateMachineUpdater (StateMachineUpdater.java:stopAndJoin(155)) - om1@group-C5BA1605619E-StateMachineUpdater: set stopIndex = 392
2023-09-07 12:25:04,522 [om1@group-C5BA1605619E-StateMachineUpdater] INFO  ratis.OzoneManagerStateMachine (OzoneManagerStateMachine.java:takeSnapshot(480)) - Current Snapshot Index (t:1, i:392)
2023-09-07 12:25:04,537 [om1@group-C5BA1605619E-StateMachineUpdater] INFO  impl.StateMachineUpdater (StateMachineUpdater.java:takeSnapshot(291)) - om1@group-C5BA1605619E-StateMachineUpdater: Took a snapshot at index 392
2023-09-07 12:25:04,537 [om1@group-C5BA1605619E-StateMachineUpdater] INFO  impl.StateMachineUpdater (StateMachineUpdater.java:lambda$new$0(97)) - om1@group-C5BA1605619E-StateMachineUpdater: snapshotIndex: updateIncreasingly -1 -> 392
2023-09-07 12:25:04,537 [om1@group-C5BA1605619E-StateMachineUpdater] INFO  ratis.OzoneManagerStateMachine (OzoneManagerStateMachine.java:close(534)) - StateMachine has shutdown. Shutdown OzoneManager if not already shutdown.
2023-09-07 12:25:04,537 [om1@group-C5BA1605619E-StateMachineUpdater] INFO  ratis.OzoneManagerDoubleBuffer (OzoneManagerDoubleBuffer.java:stopDaemon(551)) - Stopping OMDoubleBuffer flush thread
2023-09-07 12:25:04,537 [OMDoubleBufferFlushThread] INFO  ratis.OzoneManagerDoubleBuffer (OzoneManagerDoubleBuffer.java:canFlush(638)) - OMDoubleBuffer flush thread OMDoubleBufferFlushThread is interrupted and will exit.
2023-09-07 12:25:04,537 [om1-impl-thread1] INFO  server.RaftServer$Division (ServerState.java:close(472)) - om1@group-C5BA1605619E: closes. applyIndex: 392
2023-09-07 12:25:05,402 [om1-impl-thread1] INFO  segmented.SegmentedRaftLogWorker (SegmentedRaftLogWorker.java:close(252)) - om1@group-C5BA1605619E-SegmentedRaftLogWorker close()
2023-09-07 12:25:05,404 [JvmPauseMonitor3] INFO  util.JvmPauseMonitor (JvmPauseMonitor.java:run(109)) - JvmPauseMonitor-om1: Stopped
2023-09-07 12:25:05,404 [main] INFO  ratis.OzoneManagerStateMachine (OzoneManagerStateMachine.java:close(534)) - StateMachine has shutdown. Shutdown OzoneManager if not already shutdown.
2023-09-07 12:25:05,404 [main] INFO  ratis.OzoneManagerDoubleBuffer (OzoneManagerDoubleBuffer.java:stopDaemon(560)) - OMDoubleBuffer flush thread is not running.
2023-09-07 12:25:05,405 [main] INFO  utils.BackgroundService (BackgroundService.java:shutdown(141)) - Shutting down service KeyDeletingService
2023-09-07 12:25:05,405 [main] INFO  utils.BackgroundService (BackgroundService.java:shutdown(141)) - Shutting down service KeyDeletingService
2023-09-07 12:25:05,405 [main] INFO  utils.BackgroundService (BackgroundService.java:shutdown(141)) - Shutting down service OpenKeyCleanupService
2023-09-07 12:25:05,405 [main] INFO  utils.BackgroundService (BackgroundService.java:shutdown(141)) - Shutting down service SstFilteringService
2023-09-07 12:25:05,406 [main] INFO  utils.BackgroundService (BackgroundService.java:shutdown(141)) - Shutting down service SnapshotDeletingService
2023-09-07 12:25:05,406 [main] INFO  om.OzoneManager (OzoneManager.java:stopSecretManager(1071)) - Stopping OM delegation token secret manager.
2023-09-07 12:25:05,407 [main] INFO  handler.ContextHandler (ContextHandler.java:doStop(1159)) - Stopped o.e.j.w.WebAppContext@2741f66d{ozoneManager,/,null,STOPPED}{file:/home/runner/work/ozone/ozone/hadoop-ozone/ozone-manager/target/classes/webapps/ozoneManager}
2023-09-07 12:25:05,410 [main] INFO  server.AbstractConnector (AbstractConnector.java:doStop(383)) - Stopped ServerConnector@788fb2e{HTTP/1.1, (http/1.1)}{0.0.0.0:9874}
2023-09-07 12:25:05,411 [main] INFO  server.session (HouseKeeper.java:stopScavenging(149)) - node0 Stopped scavenging
2023-09-07 12:25:05,412 [main] INFO  handler.ContextHandler (ContextHandler.java:doStop(1159)) - Stopped o.e.j.s.ServletContextHandler@6ed4eacd{static,/static,file:///home/runner/work/ozone/ozone/hadoop-ozone/ozone-manager/target/classes/webapps/static,STOPPED}
2023-09-07 12:25:05,412 [main] INFO  handler.ContextHandler (ContextHandler.java:doStop(1159)) - Stopped o.e.j.s.ServletContextHandler@4448854d{logs,/logs,file:///home/runner/work/ozone/ozone/hadoop-ozone/ozone-manager/target/log,STOPPED}
2023-09-07 12:25:05,413 [main] INFO  rocksdiff.RocksDBCheckpointDiffer (RocksDBCheckpointDiffer.java:close(343)) - Shutting down CompactionDagPruningService.
2023-09-07 12:25:05,415 [main] INFO  snapshot.SnapshotDiffManager (SnapshotDiffManager.java:closeExecutorService(1697)) - Shutting down executorService: 'SnapDiffExecutor'
2023-09-07 12:25:05,415 [main] INFO  snapshot.SnapshotDiffManager (SnapshotDiffManager.java:closeExecutorService(1697)) - Shutting down executorService: 'SstDumpToolExecutor'
2023-09-07 12:25:05,415 [main] INFO  utils.BackgroundService (BackgroundService.java:shutdown(141)) - Shutting down service SnapshotDiffCleanupService
]]></system-out>
  </testcase>
  <testcase name="testCleanupExpiredOpenKeys(int, int, boolean)[5]" classname="org.apache.hadoop.ozone.om.service.TestOpenKeyCleanupService" time="12.876">
    <failure type="org.opentest4j.AssertionFailedError"><![CDATA[org.opentest4j.AssertionFailedError: expected: <88> but was: <176>
	at org.junit.jupiter.api.AssertionUtils.fail(AssertionUtils.java:55)
	at org.junit.jupiter.api.AssertionUtils.failNotEqual(AssertionUtils.java:62)
	at org.junit.jupiter.api.AssertEquals.assertEquals(AssertEquals.java:166)
	at org.junit.jupiter.api.AssertEquals.assertEquals(AssertEquals.java:161)
	at org.junit.jupiter.api.Assertions.assertEquals(Assertions.java:628)
	at org.apache.hadoop.ozone.om.service.TestOpenKeyCleanupService.testCleanupExpiredOpenKeys(TestOpenKeyCleanupService.java:186)
	at sun.reflect.NativeMethodAccessorImpl.invoke0(Native Method)
	at sun.reflect.NativeMethodAccessorImpl.invoke(NativeMethodAccessorImpl.java:62)
	at sun.reflect.DelegatingMethodAccessorImpl.invoke(DelegatingMethodAccessorImpl.java:43)
	at java.lang.reflect.Method.invoke(Method.java:498)
	at org.junit.platform.commons.util.ReflectionUtils.invokeMethod(ReflectionUtils.java:725)
	at org.junit.jupiter.engine.execution.MethodInvocation.proceed(MethodInvocation.java:60)
	at org.junit.jupiter.engine.execution.InvocationInterceptorChain$ValidatingInvocation.proceed(InvocationInterceptorChain.java:131)
	at org.junit.jupiter.engine.extension.TimeoutInvocation.proceed(TimeoutInvocation.java:46)
	at org.junit.jupiter.engine.extension.TimeoutExtension.intercept(TimeoutExtension.java:149)
	at org.junit.jupiter.engine.extension.TimeoutExtension.interceptTestableMethod(TimeoutExtension.java:140)
	at org.junit.jupiter.engine.extension.TimeoutExtension.interceptTestTemplateMethod(TimeoutExtension.java:92)
	at org.junit.jupiter.engine.execution.ExecutableInvoker$ReflectiveInterceptorCall.lambda$ofVoidMethod$0(ExecutableInvoker.java:115)
	at org.junit.jupiter.engine.execution.ExecutableInvoker.lambda$invoke$0(ExecutableInvoker.java:105)
	at org.junit.jupiter.engine.execution.InvocationInterceptorChain$InterceptedInvocation.proceed(InvocationInterceptorChain.java:106)
	at org.junit.jupiter.engine.execution.InvocationInterceptorChain.proceed(InvocationInterceptorChain.java:64)
	at org.junit.jupiter.engine.execution.InvocationInterceptorChain.chainAndInvoke(InvocationInterceptorChain.java:45)
	at org.junit.jupiter.engine.execution.InvocationInterceptorChain.invoke(InvocationInterceptorChain.java:37)
	at org.junit.jupiter.engine.execution.ExecutableInvoker.invoke(ExecutableInvoker.java:104)
	at org.junit.jupiter.engine.execution.ExecutableInvoker.invoke(ExecutableInvoker.java:98)
	at org.junit.jupiter.engine.descriptor.TestMethodTestDescriptor.lambda$invokeTestMethod$7(TestMethodTestDescriptor.java:214)
	at org.junit.platform.engine.support.hierarchical.ThrowableCollector.execute(ThrowableCollector.java:73)
	at org.junit.jupiter.engine.descriptor.TestMethodTestDescriptor.invokeTestMethod(TestMethodTestDescriptor.java:210)
	at org.junit.jupiter.engine.descriptor.TestMethodTestDescriptor.execute(TestMethodTestDescriptor.java:135)
	at org.junit.jupiter.engine.descriptor.TestMethodTestDescriptor.execute(TestMethodTestDescriptor.java:66)
	at org.junit.platform.engine.support.hierarchical.NodeTestTask.lambda$executeRecursively$6(NodeTestTask.java:151)
	at org.junit.platform.engine.support.hierarchical.ThrowableCollector.execute(ThrowableCollector.java:73)
	at org.junit.platform.engine.support.hierarchical.NodeTestTask.lambda$executeRecursively$8(NodeTestTask.java:141)
	at org.junit.platform.engine.support.hierarchical.Node.around(Node.java:137)
	at org.junit.platform.engine.support.hierarchical.NodeTestTask.lambda$executeRecursively$9(NodeTestTask.java:139)
	at org.junit.platform.engine.support.hierarchical.ThrowableCollector.execute(ThrowableCollector.java:73)
	at org.junit.platform.engine.support.hierarchical.NodeTestTask.executeRecursively(NodeTestTask.java:138)
	at org.junit.platform.engine.support.hierarchical.NodeTestTask.execute(NodeTestTask.java:95)
	at org.junit.platform.engine.support.hierarchical.SameThreadHierarchicalTestExecutorService.submit(SameThreadHierarchicalTestExecutorService.java:35)
	at org.junit.platform.engine.support.hierarchical.NodeTestTask$DefaultDynamicTestExecutor.execute(NodeTestTask.java:226)
	at org.junit.platform.engine.support.hierarchical.NodeTestTask$DefaultDynamicTestExecutor.execute(NodeTestTask.java:204)
	at org.junit.jupiter.engine.descriptor.TestTemplateTestDescriptor.execute(TestTemplateTestDescriptor.java:139)
	at org.junit.jupiter.engine.descriptor.TestTemplateTestDescriptor.lambda$execute$2(TestTemplateTestDescriptor.java:107)
	at java.util.stream.ForEachOps$ForEachOp$OfRef.accept(ForEachOps.java:183)
	at java.util.stream.ReferencePipeline$3$1.accept(ReferencePipeline.java:193)
	at java.util.stream.ReferencePipeline$2$1.accept(ReferencePipeline.java:175)
	at java.util.stream.ReferencePipeline$3$1.accept(ReferencePipeline.java:193)
	at java.util.stream.ForEachOps$ForEachOp$OfRef.accept(ForEachOps.java:183)
	at java.util.stream.ReferencePipeline$3$1.accept(ReferencePipeline.java:193)
	at java.util.stream.ReferencePipeline$3$1.accept(ReferencePipeline.java:193)
	at java.util.stream.ReferencePipeline$3$1.accept(ReferencePipeline.java:193)
	at java.util.ArrayList$ArrayListSpliterator.forEachRemaining(ArrayList.java:1384)
	at java.util.stream.ReferencePipeline$Head.forEach(ReferencePipeline.java:647)
	at java.util.stream.ReferencePipeline$7$1.accept(ReferencePipeline.java:272)
	at java.util.stream.ReferencePipeline$3$1.accept(ReferencePipeline.java:193)
	at java.util.stream.ReferencePipeline$3$1.accept(ReferencePipeline.java:193)
	at java.util.stream.ReferencePipeline$3$1.accept(ReferencePipeline.java:193)
	at java.util.ArrayList$ArrayListSpliterator.forEachRemaining(ArrayList.java:1384)
	at java.util.stream.AbstractPipeline.copyInto(AbstractPipeline.java:482)
	at java.util.stream.AbstractPipeline.wrapAndCopyInto(AbstractPipeline.java:472)
	at java.util.stream.ForEachOps$ForEachOp.evaluateSequential(ForEachOps.java:150)
	at java.util.stream.ForEachOps$ForEachOp$OfRef.evaluateSequential(ForEachOps.java:173)
	at java.util.stream.AbstractPipeline.evaluate(AbstractPipeline.java:234)
	at java.util.stream.ReferencePipeline.forEach(ReferencePipeline.java:485)
	at java.util.stream.ReferencePipeline$7$1.accept(ReferencePipeline.java:272)
	at java.util.ArrayList$ArrayListSpliterator.forEachRemaining(ArrayList.java:1384)
	at java.util.stream.AbstractPipeline.copyInto(AbstractPipeline.java:482)
	at java.util.stream.AbstractPipeline.wrapAndCopyInto(AbstractPipeline.java:472)
	at java.util.stream.ForEachOps$ForEachOp.evaluateSequential(ForEachOps.java:150)
	at java.util.stream.ForEachOps$ForEachOp$OfRef.evaluateSequential(ForEachOps.java:173)
	at java.util.stream.AbstractPipeline.evaluate(AbstractPipeline.java:234)
	at java.util.stream.ReferencePipeline.forEach(ReferencePipeline.java:485)
	at org.junit.jupiter.engine.descriptor.TestTemplateTestDescriptor.execute(TestTemplateTestDescriptor.java:107)
	at org.junit.jupiter.engine.descriptor.TestTemplateTestDescriptor.execute(TestTemplateTestDescriptor.java:42)
	at org.junit.platform.engine.support.hierarchical.NodeTestTask.lambda$executeRecursively$6(NodeTestTask.java:151)
	at org.junit.platform.engine.support.hierarchical.ThrowableCollector.execute(ThrowableCollector.java:73)
	at org.junit.platform.engine.support.hierarchical.NodeTestTask.lambda$executeRecursively$8(NodeTestTask.java:141)
	at org.junit.platform.engine.support.hierarchical.Node.around(Node.java:137)
	at org.junit.platform.engine.support.hierarchical.NodeTestTask.lambda$executeRecursively$9(NodeTestTask.java:139)
	at org.junit.platform.engine.support.hierarchical.ThrowableCollector.execute(ThrowableCollector.java:73)
	at org.junit.platform.engine.support.hierarchical.NodeTestTask.executeRecursively(NodeTestTask.java:138)
	at org.junit.platform.engine.support.hierarchical.NodeTestTask.execute(NodeTestTask.java:95)
	at java.util.ArrayList.forEach(ArrayList.java:1259)
	at org.junit.platform.engine.support.hierarchical.SameThreadHierarchicalTestExecutorService.invokeAll(SameThreadHierarchicalTestExecutorService.java:41)
	at org.junit.platform.engine.support.hierarchical.NodeTestTask.lambda$executeRecursively$6(NodeTestTask.java:155)
	at org.junit.platform.engine.support.hierarchical.ThrowableCollector.execute(ThrowableCollector.java:73)
	at org.junit.platform.engine.support.hierarchical.NodeTestTask.lambda$executeRecursively$8(NodeTestTask.java:141)
	at org.junit.platform.engine.support.hierarchical.Node.around(Node.java:137)
	at org.junit.platform.engine.support.hierarchical.NodeTestTask.lambda$executeRecursively$9(NodeTestTask.java:139)
	at org.junit.platform.engine.support.hierarchical.ThrowableCollector.execute(ThrowableCollector.java:73)
	at org.junit.platform.engine.support.hierarchical.NodeTestTask.executeRecursively(NodeTestTask.java:138)
	at org.junit.platform.engine.support.hierarchical.NodeTestTask.execute(NodeTestTask.java:95)
	at java.util.ArrayList.forEach(ArrayList.java:1259)
	at org.junit.platform.engine.support.hierarchical.SameThreadHierarchicalTestExecutorService.invokeAll(SameThreadHierarchicalTestExecutorService.java:41)
	at org.junit.platform.engine.support.hierarchical.NodeTestTask.lambda$executeRecursively$6(NodeTestTask.java:155)
	at org.junit.platform.engine.support.hierarchical.ThrowableCollector.execute(ThrowableCollector.java:73)
	at org.junit.platform.engine.support.hierarchical.NodeTestTask.lambda$executeRecursively$8(NodeTestTask.java:141)
	at org.junit.platform.engine.support.hierarchical.Node.around(Node.java:137)
	at org.junit.platform.engine.support.hierarchical.NodeTestTask.lambda$executeRecursively$9(NodeTestTask.java:139)
	at org.junit.platform.engine.support.hierarchical.ThrowableCollector.execute(ThrowableCollector.java:73)
	at org.junit.platform.engine.support.hierarchical.NodeTestTask.executeRecursively(NodeTestTask.java:138)
	at org.junit.platform.engine.support.hierarchical.NodeTestTask.execute(NodeTestTask.java:95)
	at org.junit.platform.engine.support.hierarchical.SameThreadHierarchicalTestExecutorService.submit(SameThreadHierarchicalTestExecutorService.java:35)
	at org.junit.platform.engine.support.hierarchical.HierarchicalTestExecutor.execute(HierarchicalTestExecutor.java:57)
	at org.junit.platform.engine.support.hierarchical.HierarchicalTestEngine.execute(HierarchicalTestEngine.java:54)
	at org.junit.platform.launcher.core.EngineExecutionOrchestrator.execute(EngineExecutionOrchestrator.java:107)
	at org.junit.platform.launcher.core.EngineExecutionOrchestrator.execute(EngineExecutionOrchestrator.java:88)
	at org.junit.platform.launcher.core.EngineExecutionOrchestrator.lambda$execute$0(EngineExecutionOrchestrator.java:54)
	at org.junit.platform.launcher.core.EngineExecutionOrchestrator.withInterceptedStreams(EngineExecutionOrchestrator.java:67)
	at org.junit.platform.launcher.core.EngineExecutionOrchestrator.execute(EngineExecutionOrchestrator.java:52)
	at org.junit.platform.launcher.core.DefaultLauncher.execute(DefaultLauncher.java:114)
	at org.junit.platform.launcher.core.DefaultLauncher.execute(DefaultLauncher.java:86)
	at org.junit.platform.launcher.core.DefaultLauncherSession$DelegatingLauncher.execute(DefaultLauncherSession.java:86)
	at org.junit.platform.launcher.core.SessionPerRequestLauncher.execute(SessionPerRequestLauncher.java:53)
	at org.apache.maven.surefire.junitplatform.JUnitPlatformProvider.execute(JUnitPlatformProvider.java:188)
	at org.apache.maven.surefire.junitplatform.JUnitPlatformProvider.invokeAllTests(JUnitPlatformProvider.java:154)
	at org.apache.maven.surefire.junitplatform.JUnitPlatformProvider.invoke(JUnitPlatformProvider.java:124)
	at org.apache.maven.surefire.booter.ForkedBooter.runSuitesInProcess(ForkedBooter.java:428)
	at org.apache.maven.surefire.booter.ForkedBooter.execute(ForkedBooter.java:162)
	at org.apache.maven.surefire.booter.ForkedBooter.run(ForkedBooter.java:562)
	at org.apache.maven.surefire.booter.ForkedBooter.main(ForkedBooter.java:548)
]]></failure>
    <system-out><![CDATA[2023-09-07 12:25:05,435 [main] WARN  server.ServerUtils (ServerUtils.java:getDBPath(311)) - ozone.om.db.dirs is not configured. We recommend adding this setting. Falling back to ozone.metadata.dirs instead.
2023-09-07 12:25:05,436 [main] INFO  ha.OMHANodeDetails (OMHANodeDetails.java:loadOMHAConfig(115)) - ozone.om.internal.service.id is not defined, falling back to ozone.om.service.ids to find serviceID for OzoneManager if it is HA enabled cluster
2023-09-07 12:25:05,437 [main] INFO  ha.OMHANodeDetails (OMHANodeDetails.java:loadOMHAConfig(226)) - Configuration does not have ozone.om.address set. Falling back to the default OM address /0.0.0.0:9862
2023-09-07 12:25:05,437 [main] INFO  ha.OMHANodeDetails (OMHANodeDetails.java:getOMNodeDetailsForNonHA(254)) - OM Service ID is not set. Setting it to the default ID: omServiceIdDefault
2023-09-07 12:25:05,437 [main] INFO  ha.OMHANodeDetails (OMHANodeDetails.java:getOMNodeDetailsForNonHA(261)) - OM Node ID is not set. Setting it to the default ID: om1
2023-09-07 12:25:05,438 [main] WARN  server.ServerUtils (ServerUtils.java:getDBPath(311)) - ozone.om.db.dirs is not configured. We recommend adding this setting. Falling back to ozone.metadata.dirs instead.
2023-09-07 12:25:05,439 [main] INFO  upgrade.AbstractLayoutVersionManager (AbstractLayoutVersionManager.java:init(83)) - Initializing Layout version manager with metadata layout = QUOTA (version = 6), software layout = QUOTA (version = 6)
2023-09-07 12:25:05,480 [main] INFO  reflections.Reflections (Reflections.java:scan(232)) - Reflections took 40 ms to scan 2 urls, producing 187 keys and 514 values [using 2 cores]
2023-09-07 12:25:05,480 [main] INFO  upgrade.OMLayoutVersionManager (OMLayoutVersionManager.java:lambda$0(115)) - Skipping Upgrade Action QuotaRepairUpgradeAction since it has been finalized.
2023-09-07 12:25:05,480 [main] INFO  upgrade.OMLayoutVersionManager (OMLayoutVersionManager.java:lambda$0(115)) - Skipping Upgrade Action MockOmUpgradeAction since it has been finalized.
2023-09-07 12:25:05,481 [main] WARN  server.ServerUtils (ServerUtils.java:getDBPath(311)) - ozone.om.db.dirs is not configured. We recommend adding this setting. Falling back to ozone.metadata.dirs instead.
2023-09-07 12:25:05,482 [main] INFO  proxy.SCMBlockLocationFailoverProxyProvider (SCMBlockLocationFailoverProxyProvider.java:<init>(114)) - Created block location fail-over proxy with 1 nodes: [nodeId=scmNodeId,nodeAddress=/127.0.0.1:9863]
2023-09-07 12:25:05,484 [main] INFO  om.OzoneManager (OzoneManager.java:<init>(665)) - OM start with adminUsers: [runner]
2023-09-07 12:25:05,485 [main] WARN  server.ServerUtils (ServerUtils.java:getDBPath(311)) - ozone.om.db.dirs is not configured. We recommend adding this setting. Falling back to ozone.metadata.dirs instead.
2023-09-07 12:25:05,486 [main] INFO  helpers.OmKeyInfo (OmKeyInfo.java:getCodec(71)) - OmKeyInfo.getCodec ignorePipeline = true
2023-09-07 12:25:05,657 [main] INFO  om.OzoneManager (OzoneManager.java:instantiateServices(794)) - S3 Multi-Tenancy is disabled
2023-09-07 12:25:05,657 [main] INFO  security.OzoneSecretStore (OzoneSecretStore.java:loadState(69)) - Loaded 0 tokens
2023-09-07 12:25:05,658 [main] INFO  security.OzoneDelegationTokenSecretManager (OzoneDelegationTokenSecretManager.java:loadTokenSecretState(530)) - Loading token state into token manager.
2023-09-07 12:25:05,658 [main] INFO  om.OmSnapshotManager (OmSnapshotManager.java:<init>(174)) - Ozone filesystem snapshot feature is enabled.
2023-09-07 12:25:05,658 [main] WARN  server.ServerUtils (ServerUtils.java:getDBPath(311)) - ozone.om.snapshot.diff.db.dir is not configured. We recommend adding this setting. Falling back to ozone.metadata.dirs instead.
2023-09-07 12:25:05,678 [main] INFO  snapshot.SnapshotDiffManager (SnapshotDiffManager.java:closeExecutorService(1697)) - Shutting down executorService: 'SstDumpToolExecutor'
2023-09-07 12:25:05,680 [main] INFO  om.OzoneManager (OzoneManager.java:addS3GVolumeToDB(4301)) - Created Volume s3v With Owner runner required for S3Gateway operations.
2023-09-07 12:25:05,680 [main] WARN  server.ServerUtils (ServerUtils.java:getDefaultRatisDirectory(323)) - Storage directory for Ratis is not configured. It is a good idea to map this to an SSD disk. Falling back to ozone.metadata.dirs
2023-09-07 12:25:05,680 [main] WARN  utils.OzoneManagerRatisUtils (OzoneManagerRatisUtils.java:getOMRatisSnapshotDirectory(464)) - ozone.om.ratis.snapshot.dir is not configured. Falling back to ozone.metadata.dirs config
2023-09-07 12:25:05,681 [main] WARN  server.ServerUtils (ServerUtils.java:getDefaultRatisDirectory(323)) - Storage directory for Ratis is not configured. It is a good idea to map this to an SSD disk. Falling back to ozone.metadata.dirs
2023-09-07 12:25:05,682 [main] INFO  ratis.OzoneManagerRatisServer (OzoneManagerRatisServer.java:<init>(163)) - Instantiating OM Ratis server with groupID: omServiceIdDefault and peers: 0.0.0.0:9872
2023-09-07 12:25:05,682 [main] INFO  ratis.OzoneManagerStateMachine (OzoneManagerStateMachine.java:loadSnapshotInfoFromDB(687)) - LastAppliedIndex is set from TransactionInfo from OM DB as (t:0, i:~)
2023-09-07 12:25:05,683 [main] INFO  server.RaftServer (ConfUtils.java:logGet(46)) - raft.rpc.type = GRPC (default)
2023-09-07 12:25:05,683 [main] INFO  grpc.GrpcConfigKeys (ConfUtils.java:logFallback(53)) - raft.grpc.admin.host = null (fallback to raft.grpc.server.host)
2023-09-07 12:25:05,683 [main] INFO  grpc.GrpcConfigKeys (ConfUtils.java:logFallback(53)) - raft.grpc.admin.port = 9872 (fallback to raft.grpc.server.port)
2023-09-07 12:25:05,683 [main] INFO  grpc.GrpcConfigKeys (ConfUtils.java:logFallback(53)) - raft.grpc.client.host = null (fallback to raft.grpc.server.host)
2023-09-07 12:25:05,684 [main] INFO  grpc.GrpcConfigKeys (ConfUtils.java:logFallback(53)) - raft.grpc.client.port = 9872 (fallback to raft.grpc.server.port)
2023-09-07 12:25:05,686 [main] INFO  grpc.GrpcConfigKeys (ConfUtils.java:logGet(46)) - raft.grpc.server.host = null (default)
2023-09-07 12:25:05,686 [main] INFO  grpc.GrpcConfigKeys (ConfUtils.java:logGet(46)) - raft.grpc.server.port = 9872 (custom)
2023-09-07 12:25:05,687 [main] INFO  server.GrpcService (ConfUtils.java:logGet(46)) - raft.grpc.message.size.max = 33554432 (custom)
2023-09-07 12:25:05,687 [main] INFO  server.RaftServerConfigKeys (ConfUtils.java:logGet(46)) - raft.server.log.appender.buffer.byte-limit = 33554432 (custom)
2023-09-07 12:25:05,687 [main] INFO  server.GrpcService (ConfUtils.java:logGet(46)) - raft.grpc.flow.control.window = 1MB (=1048576) (default)
2023-09-07 12:25:05,687 [main] INFO  server.RaftServerConfigKeys (ConfUtils.java:logGet(46)) - raft.server.rpc.request.timeout = 3000ms (default)
2023-09-07 12:25:05,687 [main] INFO  grpc.GrpcConfigKeys (ConfUtils.java:logGet(46)) - raft.grpc.server.heartbeat.channel = true (default)
2023-09-07 12:25:05,687 [main] INFO  grpc.GrpcConfigKeys (ConfUtils.java:logGet(46)) - raft.grpc.server.async.request.thread.pool.cached = true (default)
2023-09-07 12:25:05,688 [main] INFO  grpc.GrpcConfigKeys (ConfUtils.java:logGet(46)) - raft.grpc.server.async.request.thread.pool.size = 32 (default)
2023-09-07 12:25:05,690 [main] INFO  impl.DataStreamServerImpl (ConfUtils.java:logGet(46)) - raft.datastream.type = DISABLED (default)
2023-09-07 12:25:05,690 [main] INFO  server.RaftServerConfigKeys (ConfUtils.java:logGet(46)) - raft.server.threadpool.proxy.cached = true (default)
2023-09-07 12:25:05,690 [main] INFO  server.RaftServerConfigKeys (ConfUtils.java:logGet(46)) - raft.server.threadpool.proxy.size = 0 (default)
2023-09-07 12:25:05,690 [main] INFO  server.RaftServerConfigKeys (ConfUtils.java:logGet(46)) - raft.server.rpc.slowness.timeout = 120s (custom)
2023-09-07 12:25:05,691 [main] INFO  server.RaftServerConfigKeys (ConfUtils.java:logGet(46)) - raft.server.leaderelection.leader.step-down.wait-time = 10s (default)
2023-09-07 12:25:05,691 [main] INFO  server.RaftServerConfigKeys (ConfUtils.java:logGet(46)) - raft.server.storage.dir = [/tmp/junit5991826267053572222/ratis] (custom)
2023-09-07 12:25:05,691 [main] INFO  server.RaftServer (RaftServerProxy.java:addNew(98)) - om1: addNew group-C5BA1605619E:[om1|rpc:0.0.0.0:9872|priority:0|startupRole:FOLLOWER] returns group-C5BA1605619E:java.util.concurrent.CompletableFuture@1208fe55[Not completed]
2023-09-07 12:25:05,692 [main] INFO  om.OzoneManager (OzoneManager.java:initializeRatisServer(2145)) - OzoneManager Ratis server initialized at port 9872
2023-09-07 12:25:05,692 [main] INFO  om.OzoneManager (OzoneManager.java:getRpcServer(1196)) - Creating RPC Server
2023-09-07 12:25:05,693 [om1-groupManagement] INFO  server.RaftServer$Division (RaftServerImpl.java:<init>(198)) - om1: new RaftServerImpl for group-C5BA1605619E:[om1|rpc:0.0.0.0:9872|priority:0|startupRole:FOLLOWER] with OzoneManagerStateMachine:uninitialized
2023-09-07 12:25:05,693 [om1-groupManagement] INFO  server.RaftServerConfigKeys (ConfUtils.java:logGet(46)) - raft.server.rpc.timeout.min = 5s (custom)
2023-09-07 12:25:05,693 [om1-groupManagement] INFO  server.RaftServerConfigKeys (ConfUtils.java:logGet(46)) - raft.server.rpc.timeout.max = 5200ms (custom)
2023-09-07 12:25:05,693 [om1-groupManagement] INFO  server.RaftServerConfigKeys (ConfUtils.java:logGet(46)) - raft.server.rpc.sleep.time = 25ms (default)
2023-09-07 12:25:05,693 [om1-groupManagement] INFO  server.RaftServerConfigKeys (ConfUtils.java:logGet(46)) - raft.server.rpc.slowness.timeout = 120s (custom)
2023-09-07 12:25:05,693 [om1-groupManagement] INFO  server.RaftServerConfigKeys (ConfUtils.java:logGet(46)) - raft.server.leaderelection.leader.step-down.wait-time = 10s (default)
2023-09-07 12:25:05,693 [om1-groupManagement] INFO  server.RaftServerConfigKeys (ConfUtils.java:logGet(46)) - raft.server.sleep.deviation.threshold = 300ms (default)
2023-09-07 12:25:05,693 [om1-groupManagement] INFO  server.RaftServer$Division (ServerState.java:<init>(120)) - om1@group-C5BA1605619E: ConfigurationManager, init=-1: peers:[om1|rpc:0.0.0.0:9872|priority:0|startupRole:FOLLOWER]|listeners:[], old=null, confs=<EMPTY_MAP>
2023-09-07 12:25:05,694 [om1-groupManagement] INFO  server.RaftServerConfigKeys (ConfUtils.java:logGet(46)) - raft.server.storage.dir = [/tmp/junit5991826267053572222/ratis] (custom)
2023-09-07 12:25:05,694 [om1-groupManagement] INFO  server.RaftServerConfigKeys (ConfUtils.java:logGet(46)) - raft.server.log.corruption.policy = EXCEPTION (default)
2023-09-07 12:25:05,694 [om1-groupManagement] INFO  server.RaftServerConfigKeys (ConfUtils.java:logGet(46)) - raft.server.storage.free-space.min = 0MB (=0) (default)
2023-09-07 12:25:05,694 [om1-groupManagement] INFO  server.RaftServerConfigKeys (ConfUtils.java:logGet(46)) - raft.server.notification.no-leader.timeout = 120s (custom)
2023-09-07 12:25:05,694 [om1-groupManagement] INFO  server.RaftServerConfigKeys (ConfUtils.java:logGet(46)) - raft.server.read.timeout = 10s (default)
2023-09-07 12:25:05,694 [om1-groupManagement] INFO  server.RaftServerConfigKeys (ConfUtils.java:logGet(46)) - raft.server.retrycache.expirytime = 300s (custom)
2023-09-07 12:25:05,694 [om1-groupManagement] INFO  server.RaftServerConfigKeys (ConfUtils.java:logGet(46)) - raft.server.retrycache.statistics.expirytime = 100μs (default)
2023-09-07 12:25:05,694 [om1-groupManagement] INFO  server.RaftServerConfigKeys (ConfUtils.java:logGet(46)) - raft.server.read.option = DEFAULT (default)
2023-09-07 12:25:05,700 [om1-groupManagement] INFO  server.RaftServerConfigKeys (ConfUtils.java:logGet(46)) - raft.server.rpc.request.timeout = 3000ms (default)
2023-09-07 12:25:05,700 [om1-groupManagement] INFO  server.RaftServerConfigKeys (ConfUtils.java:logGet(46)) - raft.server.log.appender.install.snapshot.enabled = false (custom)
2023-09-07 12:25:05,700 [om1-groupManagement] INFO  server.RaftServerConfigKeys (ConfUtils.java:logGet(46)) - raft.server.threadpool.server.cached = true (default)
2023-09-07 12:25:05,700 [om1-groupManagement] INFO  server.RaftServerConfigKeys (ConfUtils.java:logGet(46)) - raft.server.threadpool.server.size = 0 (default)
2023-09-07 12:25:05,700 [om1-groupManagement] INFO  server.RaftServerConfigKeys (ConfUtils.java:logGet(46)) - raft.server.threadpool.client.cached = true (default)
2023-09-07 12:25:05,700 [om1-groupManagement] INFO  server.RaftServerConfigKeys (ConfUtils.java:logGet(46)) - raft.server.threadpool.client.size = 0 (default)
2023-09-07 12:25:05,907 [main] INFO  reflections.Reflections (Reflections.java:scan(232)) - Reflections took 214 ms to scan 12 urls, producing 50 keys and 2998 values [using 2 cores]
2023-09-07 12:25:05,909 [main] INFO  ipc.CallQueueManager (CallQueueManager.java:<init>(90)) - Using callQueue: class java.util.concurrent.LinkedBlockingQueue, queueCapacity: 10000, scheduler: class org.apache.hadoop.ipc.DefaultRpcScheduler, ipcBackoff: false.
2023-09-07 12:25:05,909 [main] INFO  ipc.Server (Server.java:<init>(1287)) - Listener at 0.0.0.0:9862
2023-09-07 12:25:05,910 [Socket Reader #1 for port 9862] INFO  ipc.Server (Server.java:run(1323)) - Starting Socket Reader #1 for port 9862
2023-09-07 12:25:05,927 [main] INFO  impl.MetricsSystemImpl (MetricsSystemImpl.java:init(158)) - OzoneManager metrics system started (again)
2023-09-07 12:25:05,934 [main] INFO  om.OzoneManager (OzoneManager.java:start(1630)) - OzoneManager RPC server is listening at /0.0.0.0:9862
2023-09-07 12:25:05,934 [main] INFO  ratis.OzoneManagerRatisServer (OzoneManagerRatisServer.java:start(558)) - Starting OzoneManagerRatisServer om1 at port 9872
2023-09-07 12:25:05,934 [om1-impl-thread1] INFO  storage.RaftStorageDirectory (RaftStorageDirectoryImpl.java:analyzeStorage(137)) - The storage directory /tmp/junit5991826267053572222/ratis/bf265839-605b-3f16-9796-c5ba1605619e does not exist. Creating ...
2023-09-07 12:25:05,936 [om1-impl-thread1] INFO  storage.RaftStorageDirectory (RaftStorageDirectoryImpl.java:tryLock(231)) - Lock on /tmp/junit5991826267053572222/ratis/bf265839-605b-3f16-9796-c5ba1605619e/in_use.lock acquired by nodename 188533@fv-az796-443
2023-09-07 12:25:05,937 [om1-impl-thread1] INFO  storage.RaftStorage (RaftStorageImpl.java:format(96)) - Storage directory /tmp/junit5991826267053572222/ratis/bf265839-605b-3f16-9796-c5ba1605619e has been successfully formatted.
2023-09-07 12:25:05,937 [om1-impl-thread1] INFO  server.RaftServerConfigKeys (ConfUtils.java:logGet(46)) - raft.server.log.use.memory = false (default)
2023-09-07 12:25:05,937 [om1-impl-thread1] INFO  server.RaftServerConfigKeys (ConfUtils.java:logGet(46)) - raft.server.log.purge.gap = 1000000 (custom)
2023-09-07 12:25:05,937 [om1-impl-thread1] INFO  server.RaftServerConfigKeys (ConfUtils.java:logGet(46)) - raft.server.log.appender.buffer.byte-limit = 33554432 (custom)
2023-09-07 12:25:05,937 [om1-impl-thread1] INFO  server.RaftServerConfigKeys (ConfUtils.java:logGet(46)) - raft.server.log.statemachine.data.read.timeout = 1000ms (default)
2023-09-07 12:25:05,937 [om1-impl-thread1] INFO  server.RaftServerConfigKeys (ConfUtils.java:logGet(46)) - raft.server.log.purge.preservation.log.num = 0 (default)
2023-09-07 12:25:05,937 [om1-impl-thread1] INFO  server.RaftServerConfigKeys (ConfUtils.java:logGet(46)) - raft.server.log.segment.size.max = 4194304 (custom)
2023-09-07 12:25:05,938 [om1-impl-thread1] INFO  server.RaftServerConfigKeys (ConfUtils.java:logGet(46)) - raft.server.log.segment.cache.num.max = 2 (custom)
2023-09-07 12:25:05,938 [om1-impl-thread1] INFO  server.RaftServerConfigKeys (ConfUtils.java:logGet(46)) - raft.server.log.segment.cache.size.max = 200MB (=209715200) (default)
2023-09-07 12:25:05,938 [om1-impl-thread1] INFO  server.RaftServerConfigKeys (ConfUtils.java:logGet(46)) - raft.server.log.appender.buffer.byte-limit = 33554432 (custom)
2023-09-07 12:25:05,938 [om1-impl-thread1] INFO  segmented.SegmentedRaftLogWorker (SegmentedRaftLogWorker.java:<init>(188)) - new om1@group-C5BA1605619E-SegmentedRaftLogWorker for RaftStorageImpl:Storage Directory /tmp/junit5991826267053572222/ratis/bf265839-605b-3f16-9796-c5ba1605619e
2023-09-07 12:25:05,938 [om1-impl-thread1] INFO  server.RaftServerConfigKeys (ConfUtils.java:logGet(46)) - raft.server.log.queue.byte-limit = 64MB (=67108864) (default)
2023-09-07 12:25:05,938 [om1-impl-thread1] INFO  server.RaftServerConfigKeys (ConfUtils.java:logGet(46)) - raft.server.log.queue.element-limit = 4096 (default)
2023-09-07 12:25:05,938 [om1-impl-thread1] INFO  server.RaftServerConfigKeys (ConfUtils.java:logGet(46)) - raft.server.log.segment.size.max = 4194304 (custom)
2023-09-07 12:25:05,938 [om1-impl-thread1] INFO  server.RaftServerConfigKeys (ConfUtils.java:logGet(46)) - raft.server.log.preallocated.size = 4194304 (custom)
2023-09-07 12:25:05,938 [om1-impl-thread1] INFO  server.RaftServerConfigKeys (ConfUtils.java:logGet(46)) - raft.server.log.force.sync.num = 128 (default)
2023-09-07 12:25:05,938 [om1-impl-thread1] INFO  server.RaftServerConfigKeys (ConfUtils.java:logGet(46)) - raft.server.log.statemachine.data.sync = true (default)
2023-09-07 12:25:05,938 [om1-impl-thread1] INFO  server.RaftServerConfigKeys (ConfUtils.java:logGet(46)) - raft.server.log.statemachine.data.sync.timeout = 10s (default)
2023-09-07 12:25:05,938 [om1-impl-thread1] INFO  server.RaftServerConfigKeys (ConfUtils.java:logGet(46)) - raft.server.log.statemachine.data.sync.timeout.retry = -1 (default)
2023-09-07 12:25:05,938 [om1-impl-thread1] INFO  server.RaftServerConfigKeys (ConfUtils.java:logGet(46)) - raft.server.log.write.buffer.size = 64KB (=65536) (default)
2023-09-07 12:25:05,938 [om1-impl-thread1] INFO  server.RaftServerConfigKeys (ConfUtils.java:logGet(46)) - raft.server.log.appender.buffer.byte-limit = 33554432 (custom)
2023-09-07 12:25:05,943 [om1-impl-thread1] INFO  server.RaftServerConfigKeys (ConfUtils.java:logGet(46)) - raft.server.log.unsafe-flush.enabled = false (default)
2023-09-07 12:25:05,943 [om1-impl-thread1] INFO  server.RaftServerConfigKeys (ConfUtils.java:logGet(46)) - raft.server.log.async-flush.enabled = false (default)
2023-09-07 12:25:05,944 [om1-impl-thread1] INFO  server.RaftServerConfigKeys (ConfUtils.java:logGet(46)) - raft.server.log.statemachine.data.caching.enabled = false (default)
2023-09-07 12:25:05,944 [om1-impl-thread1] INFO  segmented.SegmentedRaftLogWorker (SegmentedRaftLogWorker.java:lambda$new$0(135)) - om1@group-C5BA1605619E-SegmentedRaftLogWorker: flushIndex: setUnconditionally 0 -> -1
2023-09-07 12:25:05,944 [om1-impl-thread1] INFO  segmented.SegmentedRaftLogWorker (SegmentedRaftLogWorker.java:lambda$new$0(135)) - om1@group-C5BA1605619E-SegmentedRaftLogWorker: safeCacheEvictIndex: setUnconditionally 0 -> -1
2023-09-07 12:25:05,944 [om1-impl-thread1] INFO  server.RaftServer$Division (RaftServerImpl.java:start(342)) - om1@group-C5BA1605619E: start as a follower, conf=-1: peers:[om1|rpc:0.0.0.0:9872|priority:0|startupRole:FOLLOWER]|listeners:[], old=null
2023-09-07 12:25:05,944 [om1-impl-thread1] INFO  server.RaftServer$Division (RaftServerImpl.java:setRole(329)) - om1@group-C5BA1605619E: changes role from      null to FOLLOWER at term 0 for startAsFollower
2023-09-07 12:25:05,945 [om1-impl-thread1] INFO  impl.RoleInfo (RoleInfo.java:updateAndGet(139)) - om1: start om1@group-C5BA1605619E-FollowerState
2023-09-07 12:25:05,945 [om1@group-C5BA1605619E-FollowerState] INFO  server.RaftServerConfigKeys (ConfUtils.java:logFallback(53)) - raft.server.rpc.first-election.timeout.min = 5s (fallback to raft.server.rpc.timeout.min)
2023-09-07 12:25:05,945 [om1-impl-thread1] INFO  util.JmxRegister (JmxRegister.java:tryRegister(44)) - Successfully registered JMX Bean with object name Ratis:service=RaftServer,group=group-C5BA1605619E,id=om1
2023-09-07 12:25:05,945 [om1@group-C5BA1605619E-FollowerState] INFO  server.RaftServerConfigKeys (ConfUtils.java:logFallback(53)) - raft.server.rpc.first-election.timeout.max = 5200ms (fallback to raft.server.rpc.timeout.max)
2023-09-07 12:25:05,945 [om1-impl-thread1] INFO  server.RaftServerConfigKeys (ConfUtils.java:logGet(46)) - raft.server.snapshot.auto.trigger.enabled = true (custom)
2023-09-07 12:25:05,945 [om1-impl-thread1] INFO  server.RaftServerConfigKeys (ConfUtils.java:logGet(46)) - raft.server.snapshot.auto.trigger.threshold = 400000 (default)
2023-09-07 12:25:05,945 [om1-impl-thread1] INFO  server.RaftServerConfigKeys (ConfUtils.java:logGet(46)) - raft.server.snapshot.retention.file.num = -1 (default)
2023-09-07 12:25:05,945 [om1-impl-thread1] INFO  server.RaftServerConfigKeys (ConfUtils.java:logGet(46)) - raft.server.log.purge.upto.snapshot.index = true (custom)
2023-09-07 12:25:05,946 [main] INFO  server.RaftServer (RaftServerProxy.java:startImpl(400)) - om1: start RPC server
2023-09-07 12:25:05,949 [main] INFO  server.GrpcService (GrpcService.java:startImpl(302)) - om1: GrpcService started, listening on 9872
2023-09-07 12:25:05,949 [JvmPauseMonitor4] INFO  util.JvmPauseMonitor (JvmPauseMonitor.java:run(103)) - JvmPauseMonitor-om1: Started
2023-09-07 12:25:05,950 [main] INFO  om.OzoneManager (OzoneManager.java:start(1646)) - Version File has different layout version (6) than OM DB (null). That is expected if this OM has never been finalized to a newer layout version.
2023-09-07 12:25:05,954 [main] INFO  http.BaseHttpServer (BaseHttpServer.java:newHttpServer2BuilderForOzone(223)) - Starting Web-server for ozoneManager at: http://0.0.0.0:9874
2023-09-07 12:25:05,954 [main] INFO  http.BaseHttpServer (BaseHttpServer.java:<init>(110)) - Hadoop Security Enabled: false Ozone Security Enabled: false Ozone HTTP Security Enabled: false 
2023-09-07 12:25:05,956 [main] WARN  server.AuthenticationFilter (AuthenticationFilter.java:constructSecretProvider(240)) - Unable to initialize FileSignerSecretProvider, falling back to use random secrets. Reason: Could not read signature secret file: /home/runner/hadoop-http-auth-signature-secret
2023-09-07 12:25:05,958 [main] INFO  http.HttpRequestLog (HttpRequestLog.java:getRequestLog(86)) - Http request log for http.requests.ozoneManager is not defined
2023-09-07 12:25:05,963 [main] INFO  http.HttpServer2 (HttpServer2.java:addGlobalFilter(1031)) - Added global filter 'safety' (class=org.apache.hadoop.hdds.server.http.HttpServer2$QuotingInputFilter)
2023-09-07 12:25:05,964 [main] INFO  http.HttpServer2 (HttpServer2.java:addFilter(1007)) - Added filter static_user_filter (class=org.apache.hadoop.http.lib.StaticUserWebFilter$StaticUserFilter) to context ozoneManager
2023-09-07 12:25:05,964 [main] INFO  http.HttpServer2 (HttpServer2.java:addFilter(1015)) - Added filter static_user_filter (class=org.apache.hadoop.http.lib.StaticUserWebFilter$StaticUserFilter) to context static
2023-09-07 12:25:05,964 [main] INFO  http.HttpServer2 (HttpServer2.java:addFilter(1015)) - Added filter static_user_filter (class=org.apache.hadoop.http.lib.StaticUserWebFilter$StaticUserFilter) to context logs
2023-09-07 12:25:05,965 [main] INFO  http.BaseHttpServer (BaseHttpServer.java:<init>(189)) - HTTP server of ozoneManager uses base directory /tmp/junit5991826267053572222/webserver
2023-09-07 12:25:05,965 [main] INFO  http.HttpServer2 (HttpServer2.java:bindListener(1231)) - Jetty bound to port 9874
2023-09-07 12:25:05,965 [main] INFO  server.Server (Server.java:doStart(375)) - jetty-9.4.51.v20230217; built: 2023-02-17T08:19:37.309Z; git: b45c405e4544384de066f814ed42ae3dceacdd49; jvm 1.8.0_382-b05
2023-09-07 12:25:05,968 [main] INFO  server.session (DefaultSessionIdManager.java:doStart(334)) - DefaultSessionIdManager workerName=node0
2023-09-07 12:25:05,968 [main] INFO  server.session (DefaultSessionIdManager.java:doStart(339)) - No SessionScavenger set, using defaults
2023-09-07 12:25:05,968 [main] INFO  server.session (HouseKeeper.java:startScavenging(132)) - node0 Scavenging every 660000ms
2023-09-07 12:25:05,969 [main] INFO  handler.ContextHandler (ContextHandler.java:doStart(921)) - Started o.e.j.s.ServletContextHandler@5a761dc9{logs,/logs,file:///home/runner/work/ozone/ozone/hadoop-ozone/ozone-manager/target/log,AVAILABLE}
2023-09-07 12:25:05,970 [main] INFO  handler.ContextHandler (ContextHandler.java:doStart(921)) - Started o.e.j.s.ServletContextHandler@6a40a370{static,/static,file:///home/runner/work/ozone/ozone/hadoop-ozone/ozone-manager/target/classes/webapps/static,AVAILABLE}
2023-09-07 12:25:05,973 [main] INFO  handler.ContextHandler (ContextHandler.java:doStart(921)) - Started o.e.j.w.WebAppContext@3160fef3{ozoneManager,/,file:///home/runner/work/ozone/ozone/hadoop-ozone/ozone-manager/target/classes/webapps/ozoneManager/,AVAILABLE}{file:/home/runner/work/ozone/ozone/hadoop-ozone/ozone-manager/target/classes/webapps/ozoneManager}
2023-09-07 12:25:05,978 [main] INFO  server.AbstractConnector (AbstractConnector.java:doStart(333)) - Started ServerConnector@64ff7aaf{HTTP/1.1, (http/1.1)}{0.0.0.0:9874}
2023-09-07 12:25:05,978 [main] INFO  server.Server (Server.java:doStart(415)) - Started @61471ms
2023-09-07 12:25:05,978 [main] WARN  impl.MetricsSystemImpl (MetricsSystemImpl.java:register(279)) - Sink prometheus already exists!
2023-09-07 12:25:05,979 [main] INFO  http.BaseHttpServer (BaseHttpServer.java:updateConnectorAddress(354)) - HTTP server of ozoneManager listening at http://0.0.0.0:9874
2023-09-07 12:25:05,979 [IPC Server Responder] INFO  ipc.Server (Server.java:run(1562)) - IPC Server Responder: starting
2023-09-07 12:25:05,986 [IPC Server listener on 9862] INFO  ipc.Server (Server.java:run(1402)) - IPC Server listener on 9862: starting
2023-09-07 12:25:05,991 [main] INFO  om.OzoneManager (OzoneManager.java:startTrashEmptier(2098)) - Trash Interval set to 0. Files deleted won't move to trash
2023-09-07 12:25:05,998 [main] INFO  om.GrpcOzoneManagerServer (GrpcOzoneManagerServer.java:start(180)) - GrpcOzoneManagerServer is started using port 8981
2023-09-07 12:25:08,012 [main] INFO  retry.RetryInvocationHandler (RetryInvocationHandler.java:log(422)) - com.google.protobuf.ServiceException: org.apache.hadoop.ipc.RemoteException(org.apache.hadoop.ozone.om.exceptions.OMNotLeaderException): OM:om1 is not the leader. Could not determine the leader node.
	at org.apache.hadoop.ozone.protocolPB.OzoneManagerProtocolServerSideTranslatorPB.createNotLeaderException(OzoneManagerProtocolServerSideTranslatorPB.java:246)
	at org.apache.hadoop.ozone.protocolPB.OzoneManagerProtocolServerSideTranslatorPB.createLeaderErrorException(OzoneManagerProtocolServerSideTranslatorPB.java:234)
	at org.apache.hadoop.ozone.protocolPB.OzoneManagerProtocolServerSideTranslatorPB.submitReadRequestToOM(OzoneManagerProtocolServerSideTranslatorPB.java:227)
	at org.apache.hadoop.ozone.protocolPB.OzoneManagerProtocolServerSideTranslatorPB.processRequest(OzoneManagerProtocolServerSideTranslatorPB.java:179)
	at org.apache.hadoop.hdds.server.OzoneProtocolMessageDispatcher.processRequest(OzoneProtocolMessageDispatcher.java:87)
	at org.apache.hadoop.ozone.protocolPB.OzoneManagerProtocolServerSideTranslatorPB.submitRequest(OzoneManagerProtocolServerSideTranslatorPB.java:148)
	at org.apache.hadoop.ozone.protocol.proto.OzoneManagerProtocolProtos$OzoneManagerService$2.callBlockingMethod(OzoneManagerProtocolProtos.java)
	at org.apache.hadoop.ipc.ProtobufRpcEngine$Server.processCall(ProtobufRpcEngine.java:484)
	at org.apache.hadoop.ipc.ProtobufRpcEngine2$Server$ProtoBufRpcInvoker.call(ProtobufRpcEngine2.java:595)
	at org.apache.hadoop.ipc.ProtobufRpcEngine2$Server$ProtoBufRpcInvoker.call(ProtobufRpcEngine2.java:573)
	at org.apache.hadoop.ipc.RPC$Server.call(RPC.java:1227)
	at org.apache.hadoop.ipc.Server$RpcCall.run(Server.java:1094)
	at org.apache.hadoop.ipc.Server$RpcCall.run(Server.java:1017)
	at java.security.AccessController.doPrivileged(Native Method)
	at javax.security.auth.Subject.doAs(Subject.java:422)
	at org.apache.hadoop.security.UserGroupInformation.doAs(UserGroupInformation.java:1899)
	at org.apache.hadoop.ipc.Server$Handler.run(Server.java:3048)
, while invoking $Proxy66.submitRequest over nodeId=null,nodeAddress=0.0.0.0:9862 after 1 failover attempts. Trying to failover after sleeping for 4000ms. Current retry count: 1.
2023-09-07 12:25:11,037 [om1@group-C5BA1605619E-FollowerState] INFO  impl.FollowerState (FollowerState.java:run(143)) - om1@group-C5BA1605619E-FollowerState: change to CANDIDATE, lastRpcElapsedTime:5092827173ns, electionTimeout:5092ms
2023-09-07 12:25:11,038 [om1@group-C5BA1605619E-FollowerState] INFO  impl.RoleInfo (RoleInfo.java:shutdownFollowerState(110)) - om1: shutdown om1@group-C5BA1605619E-FollowerState
2023-09-07 12:25:11,038 [om1@group-C5BA1605619E-FollowerState] INFO  server.RaftServer$Division (RaftServerImpl.java:setRole(329)) - om1@group-C5BA1605619E: changes role from  FOLLOWER to CANDIDATE at term 0 for changeToCandidate
2023-09-07 12:25:11,038 [om1@group-C5BA1605619E-FollowerState] INFO  server.RaftServerConfigKeys (ConfUtils.java:logGet(46)) - raft.server.leaderelection.pre-vote = true (default)
2023-09-07 12:25:11,038 [om1@group-C5BA1605619E-FollowerState] INFO  impl.RoleInfo (RoleInfo.java:updateAndGet(139)) - om1: start om1@group-C5BA1605619E-LeaderElection5
2023-09-07 12:25:11,041 [om1@group-C5BA1605619E-LeaderElection5] INFO  impl.LeaderElection (LeaderElection.java:askForVotes(321)) - om1@group-C5BA1605619E-LeaderElection5 PRE_VOTE round 0: submit vote requests at term 0 for -1: peers:[om1|rpc:0.0.0.0:9872|priority:0|startupRole:FOLLOWER]|listeners:[], old=null
2023-09-07 12:25:11,042 [om1@group-C5BA1605619E-LeaderElection5] INFO  impl.LeaderElection (LeaderElection.java:askForVotes(323)) - om1@group-C5BA1605619E-LeaderElection5 PRE_VOTE round 0: result PASSED (term=0)
2023-09-07 12:25:11,043 [om1@group-C5BA1605619E-LeaderElection5] INFO  impl.LeaderElection (LeaderElection.java:askForVotes(321)) - om1@group-C5BA1605619E-LeaderElection5 ELECTION round 0: submit vote requests at term 1 for -1: peers:[om1|rpc:0.0.0.0:9872|priority:0|startupRole:FOLLOWER]|listeners:[], old=null
2023-09-07 12:25:11,045 [om1@group-C5BA1605619E-LeaderElection5] INFO  impl.LeaderElection (LeaderElection.java:askForVotes(323)) - om1@group-C5BA1605619E-LeaderElection5 ELECTION round 0: result PASSED (term=1)
2023-09-07 12:25:11,045 [om1@group-C5BA1605619E-LeaderElection5] INFO  impl.RoleInfo (RoleInfo.java:shutdownLeaderElection(130)) - om1: shutdown om1@group-C5BA1605619E-LeaderElection5
2023-09-07 12:25:11,045 [om1@group-C5BA1605619E-LeaderElection5] INFO  server.RaftServer$Division (RaftServerImpl.java:setRole(329)) - om1@group-C5BA1605619E: changes role from CANDIDATE to LEADER at term 1 for changeToLeader
2023-09-07 12:25:11,045 [om1@group-C5BA1605619E-LeaderElection5] INFO  server.RaftServer$Division (ServerState.java:setLeader(317)) - om1@group-C5BA1605619E: change Leader from null to om1 at term 1 for becomeLeader, leader elected after 5351ms
2023-09-07 12:25:11,045 [om1@group-C5BA1605619E-LeaderElection5] INFO  server.RaftServerConfigKeys (ConfUtils.java:logGet(46)) - raft.server.staging.catchup.gap = 1000 (default)
2023-09-07 12:25:11,046 [om1@group-C5BA1605619E-LeaderElection5] INFO  server.RaftServerConfigKeys (ConfUtils.java:logGet(46)) - raft.server.write.element-limit = 4096 (default)
2023-09-07 12:25:11,046 [om1@group-C5BA1605619E-LeaderElection5] INFO  server.RaftServerConfigKeys (ConfUtils.java:logGet(46)) - raft.server.write.byte-limit = 64MB (=67108864) (default)
2023-09-07 12:25:11,046 [om1@group-C5BA1605619E-LeaderElection5] INFO  server.RaftServerConfigKeys (ConfUtils.java:logGet(46)) - raft.server.watch.timeout = 10s (default)
2023-09-07 12:25:11,046 [om1@group-C5BA1605619E-LeaderElection5] INFO  server.RaftServerConfigKeys (ConfUtils.java:logGet(46)) - raft.server.watch.timeout.denomination = 1s (default)
2023-09-07 12:25:11,046 [om1@group-C5BA1605619E-LeaderElection5] INFO  server.RaftServerConfigKeys (ConfUtils.java:logGet(46)) - raft.server.watch.element-limit = 65536 (default)
2023-09-07 12:25:11,049 [om1@group-C5BA1605619E-LeaderElection5] INFO  server.RaftServerConfigKeys (ConfUtils.java:logGet(46)) - raft.server.write.element-limit = 4096 (default)
2023-09-07 12:25:11,049 [om1@group-C5BA1605619E-LeaderElection5] INFO  server.RaftServerConfigKeys (ConfUtils.java:logGet(46)) - raft.server.write.follower.gap.ratio.max = -1.0 (default)
2023-09-07 12:25:11,049 [om1@group-C5BA1605619E-LeaderElection5] INFO  impl.RoleInfo (RoleInfo.java:updateAndGet(139)) - om1: start om1@group-C5BA1605619E-LeaderStateImpl
2023-09-07 12:25:11,049 [om1@group-C5BA1605619E-LeaderElection5] INFO  segmented.SegmentedRaftLogWorker (SegmentedRaftLogWorker.java:startLogSegment(447)) - om1@group-C5BA1605619E-SegmentedRaftLogWorker: Starting segment from index:0
2023-09-07 12:25:11,054 [om1@group-C5BA1605619E-LeaderElection5] INFO  server.RaftServer$Division (ServerState.java:setRaftConf(434)) - om1@group-C5BA1605619E: set configuration 0: peers:[om1|rpc:0.0.0.0:9872|admin:|client:|dataStream:|priority:0|startupRole:FOLLOWER]|listeners:[], old=null
2023-09-07 12:25:11,065 [om1@group-C5BA1605619E-SegmentedRaftLogWorker] INFO  segmented.SegmentedRaftLogWorker (SegmentedRaftLogWorker.java:execute(651)) - om1@group-C5BA1605619E-SegmentedRaftLogWorker: created new log segment /tmp/junit5991826267053572222/ratis/bf265839-605b-3f16-9796-c5ba1605619e/current/log_inprogress_0
2023-09-07 12:25:11,066 [om1@group-C5BA1605619E-StateMachineUpdater] INFO  ratis.OzoneManagerStateMachine (OzoneManagerStateMachine.java:notifyConfigurationChanged(202)) - Received Configuration change notification from Ratis. New Peer list:
[id: "om1"
address: "0.0.0.0:9872"
startupRole: FOLLOWER
]
2023-09-07 12:25:12,018 [main] INFO  service.TestOpenKeyCleanupService (TestOpenKeyCleanupService.java:testCleanupExpiredOpenKeys(136)) - numDEFKeys=0, numFSOKeys=88, hsync? false
2023-09-07 12:25:12,118 [main] INFO  service.TestOpenKeyCleanupService (TestOpenKeyCleanupService.java:testCleanupExpiredOpenKeys(147)) - oldkeyCount=0, oldrunCount=18
2023-09-07 12:25:12,141 [OM StateMachine ApplyTransaction Thread - 0] WARN  helpers.QuotaUtil (QuotaUtil.java:getReplicatedSize(63)) - Unknown replication type 'STAND_ALONE'. Returning original data size.
2023-09-07 12:25:12,141 [OM StateMachine ApplyTransaction Thread - 0] WARN  helpers.QuotaUtil (QuotaUtil.java:getReplicatedSize(63)) - Unknown replication type 'STAND_ALONE'. Returning original data size.
2023-09-07 12:25:12,150 [OM StateMachine ApplyTransaction Thread - 0] WARN  helpers.QuotaUtil (QuotaUtil.java:getReplicatedSize(63)) - Unknown replication type 'STAND_ALONE'. Returning original data size.
2023-09-07 12:25:12,151 [OM StateMachine ApplyTransaction Thread - 0] WARN  helpers.QuotaUtil (QuotaUtil.java:getReplicatedSize(63)) - Unknown replication type 'STAND_ALONE'. Returning original data size.
2023-09-07 12:25:12,154 [OM StateMachine ApplyTransaction Thread - 0] WARN  helpers.QuotaUtil (QuotaUtil.java:getReplicatedSize(63)) - Unknown replication type 'STAND_ALONE'. Returning original data size.
2023-09-07 12:25:12,154 [OM StateMachine ApplyTransaction Thread - 0] WARN  helpers.QuotaUtil (QuotaUtil.java:getReplicatedSize(63)) - Unknown replication type 'STAND_ALONE'. Returning original data size.
2023-09-07 12:25:12,168 [OM StateMachine ApplyTransaction Thread - 0] WARN  helpers.QuotaUtil (QuotaUtil.java:getReplicatedSize(63)) - Unknown replication type 'STAND_ALONE'. Returning original data size.
2023-09-07 12:25:12,168 [OM StateMachine ApplyTransaction Thread - 0] WARN  helpers.QuotaUtil (QuotaUtil.java:getReplicatedSize(63)) - Unknown replication type 'STAND_ALONE'. Returning original data size.
2023-09-07 12:25:12,171 [OM StateMachine ApplyTransaction Thread - 0] WARN  helpers.QuotaUtil (QuotaUtil.java:getReplicatedSize(63)) - Unknown replication type 'STAND_ALONE'. Returning original data size.
2023-09-07 12:25:12,171 [OM StateMachine ApplyTransaction Thread - 0] WARN  helpers.QuotaUtil (QuotaUtil.java:getReplicatedSize(63)) - Unknown replication type 'STAND_ALONE'. Returning original data size.
2023-09-07 12:25:12,182 [OM StateMachine ApplyTransaction Thread - 0] WARN  helpers.QuotaUtil (QuotaUtil.java:getReplicatedSize(63)) - Unknown replication type 'STAND_ALONE'. Returning original data size.
2023-09-07 12:25:12,182 [OM StateMachine ApplyTransaction Thread - 0] WARN  helpers.QuotaUtil (QuotaUtil.java:getReplicatedSize(63)) - Unknown replication type 'STAND_ALONE'. Returning original data size.
2023-09-07 12:25:12,185 [OM StateMachine ApplyTransaction Thread - 0] WARN  helpers.QuotaUtil (QuotaUtil.java:getReplicatedSize(63)) - Unknown replication type 'STAND_ALONE'. Returning original data size.
2023-09-07 12:25:12,185 [OM StateMachine ApplyTransaction Thread - 0] WARN  helpers.QuotaUtil (QuotaUtil.java:getReplicatedSize(63)) - Unknown replication type 'STAND_ALONE'. Returning original data size.
2023-09-07 12:25:12,197 [OM StateMachine ApplyTransaction Thread - 0] WARN  helpers.QuotaUtil (QuotaUtil.java:getReplicatedSize(63)) - Unknown replication type 'STAND_ALONE'. Returning original data size.
2023-09-07 12:25:12,197 [OM StateMachine ApplyTransaction Thread - 0] WARN  helpers.QuotaUtil (QuotaUtil.java:getReplicatedSize(63)) - Unknown replication type 'STAND_ALONE'. Returning original data size.
2023-09-07 12:25:12,205 [OM StateMachine ApplyTransaction Thread - 0] WARN  helpers.QuotaUtil (QuotaUtil.java:getReplicatedSize(63)) - Unknown replication type 'STAND_ALONE'. Returning original data size.
2023-09-07 12:25:12,205 [OM StateMachine ApplyTransaction Thread - 0] WARN  helpers.QuotaUtil (QuotaUtil.java:getReplicatedSize(63)) - Unknown replication type 'STAND_ALONE'. Returning original data size.
2023-09-07 12:25:12,213 [OM StateMachine ApplyTransaction Thread - 0] WARN  helpers.QuotaUtil (QuotaUtil.java:getReplicatedSize(63)) - Unknown replication type 'STAND_ALONE'. Returning original data size.
2023-09-07 12:25:12,213 [OM StateMachine ApplyTransaction Thread - 0] WARN  helpers.QuotaUtil (QuotaUtil.java:getReplicatedSize(63)) - Unknown replication type 'STAND_ALONE'. Returning original data size.
2023-09-07 12:25:12,220 [OM StateMachine ApplyTransaction Thread - 0] WARN  helpers.QuotaUtil (QuotaUtil.java:getReplicatedSize(63)) - Unknown replication type 'STAND_ALONE'. Returning original data size.
2023-09-07 12:25:12,220 [OM StateMachine ApplyTransaction Thread - 0] WARN  helpers.QuotaUtil (QuotaUtil.java:getReplicatedSize(63)) - Unknown replication type 'STAND_ALONE'. Returning original data size.
2023-09-07 12:25:12,223 [OM StateMachine ApplyTransaction Thread - 0] WARN  helpers.QuotaUtil (QuotaUtil.java:getReplicatedSize(63)) - Unknown replication type 'STAND_ALONE'. Returning original data size.
2023-09-07 12:25:12,223 [OM StateMachine ApplyTransaction Thread - 0] WARN  helpers.QuotaUtil (QuotaUtil.java:getReplicatedSize(63)) - Unknown replication type 'STAND_ALONE'. Returning original data size.
2023-09-07 12:25:12,230 [OM StateMachine ApplyTransaction Thread - 0] WARN  helpers.QuotaUtil (QuotaUtil.java:getReplicatedSize(63)) - Unknown replication type 'STAND_ALONE'. Returning original data size.
2023-09-07 12:25:12,230 [OM StateMachine ApplyTransaction Thread - 0] WARN  helpers.QuotaUtil (QuotaUtil.java:getReplicatedSize(63)) - Unknown replication type 'STAND_ALONE'. Returning original data size.
2023-09-07 12:25:12,242 [OM StateMachine ApplyTransaction Thread - 0] WARN  helpers.QuotaUtil (QuotaUtil.java:getReplicatedSize(63)) - Unknown replication type 'STAND_ALONE'. Returning original data size.
2023-09-07 12:25:12,242 [OM StateMachine ApplyTransaction Thread - 0] WARN  helpers.QuotaUtil (QuotaUtil.java:getReplicatedSize(63)) - Unknown replication type 'STAND_ALONE'. Returning original data size.
2023-09-07 12:25:12,246 [OM StateMachine ApplyTransaction Thread - 0] WARN  helpers.QuotaUtil (QuotaUtil.java:getReplicatedSize(63)) - Unknown replication type 'STAND_ALONE'. Returning original data size.
2023-09-07 12:25:12,246 [OM StateMachine ApplyTransaction Thread - 0] WARN  helpers.QuotaUtil (QuotaUtil.java:getReplicatedSize(63)) - Unknown replication type 'STAND_ALONE'. Returning original data size.
2023-09-07 12:25:12,253 [OM StateMachine ApplyTransaction Thread - 0] WARN  helpers.QuotaUtil (QuotaUtil.java:getReplicatedSize(63)) - Unknown replication type 'STAND_ALONE'. Returning original data size.
2023-09-07 12:25:12,253 [OM StateMachine ApplyTransaction Thread - 0] WARN  helpers.QuotaUtil (QuotaUtil.java:getReplicatedSize(63)) - Unknown replication type 'STAND_ALONE'. Returning original data size.
2023-09-07 12:25:12,267 [OM StateMachine ApplyTransaction Thread - 0] WARN  helpers.QuotaUtil (QuotaUtil.java:getReplicatedSize(63)) - Unknown replication type 'STAND_ALONE'. Returning original data size.
2023-09-07 12:25:12,267 [OM StateMachine ApplyTransaction Thread - 0] WARN  helpers.QuotaUtil (QuotaUtil.java:getReplicatedSize(63)) - Unknown replication type 'STAND_ALONE'. Returning original data size.
2023-09-07 12:25:12,284 [OM StateMachine ApplyTransaction Thread - 0] WARN  helpers.QuotaUtil (QuotaUtil.java:getReplicatedSize(63)) - Unknown replication type 'STAND_ALONE'. Returning original data size.
2023-09-07 12:25:12,284 [OM StateMachine ApplyTransaction Thread - 0] WARN  helpers.QuotaUtil (QuotaUtil.java:getReplicatedSize(63)) - Unknown replication type 'STAND_ALONE'. Returning original data size.
2023-09-07 12:25:12,292 [OM StateMachine ApplyTransaction Thread - 0] WARN  helpers.QuotaUtil (QuotaUtil.java:getReplicatedSize(63)) - Unknown replication type 'STAND_ALONE'. Returning original data size.
2023-09-07 12:25:12,292 [OM StateMachine ApplyTransaction Thread - 0] WARN  helpers.QuotaUtil (QuotaUtil.java:getReplicatedSize(63)) - Unknown replication type 'STAND_ALONE'. Returning original data size.
2023-09-07 12:25:12,295 [OM StateMachine ApplyTransaction Thread - 0] WARN  helpers.QuotaUtil (QuotaUtil.java:getReplicatedSize(63)) - Unknown replication type 'STAND_ALONE'. Returning original data size.
2023-09-07 12:25:12,295 [OM StateMachine ApplyTransaction Thread - 0] WARN  helpers.QuotaUtil (QuotaUtil.java:getReplicatedSize(63)) - Unknown replication type 'STAND_ALONE'. Returning original data size.
2023-09-07 12:25:12,302 [OM StateMachine ApplyTransaction Thread - 0] WARN  helpers.QuotaUtil (QuotaUtil.java:getReplicatedSize(63)) - Unknown replication type 'STAND_ALONE'. Returning original data size.
2023-09-07 12:25:12,302 [OM StateMachine ApplyTransaction Thread - 0] WARN  helpers.QuotaUtil (QuotaUtil.java:getReplicatedSize(63)) - Unknown replication type 'STAND_ALONE'. Returning original data size.
2023-09-07 12:25:12,305 [OM StateMachine ApplyTransaction Thread - 0] WARN  helpers.QuotaUtil (QuotaUtil.java:getReplicatedSize(63)) - Unknown replication type 'STAND_ALONE'. Returning original data size.
2023-09-07 12:25:12,305 [OM StateMachine ApplyTransaction Thread - 0] WARN  helpers.QuotaUtil (QuotaUtil.java:getReplicatedSize(63)) - Unknown replication type 'STAND_ALONE'. Returning original data size.
2023-09-07 12:25:12,314 [OM StateMachine ApplyTransaction Thread - 0] WARN  helpers.QuotaUtil (QuotaUtil.java:getReplicatedSize(63)) - Unknown replication type 'STAND_ALONE'. Returning original data size.
2023-09-07 12:25:12,314 [OM StateMachine ApplyTransaction Thread - 0] WARN  helpers.QuotaUtil (QuotaUtil.java:getReplicatedSize(63)) - Unknown replication type 'STAND_ALONE'. Returning original data size.
2023-09-07 12:25:12,324 [OM StateMachine ApplyTransaction Thread - 0] WARN  helpers.QuotaUtil (QuotaUtil.java:getReplicatedSize(63)) - Unknown replication type 'STAND_ALONE'. Returning original data size.
2023-09-07 12:25:12,324 [OM StateMachine ApplyTransaction Thread - 0] WARN  helpers.QuotaUtil (QuotaUtil.java:getReplicatedSize(63)) - Unknown replication type 'STAND_ALONE'. Returning original data size.
2023-09-07 12:25:12,327 [OM StateMachine ApplyTransaction Thread - 0] WARN  helpers.QuotaUtil (QuotaUtil.java:getReplicatedSize(63)) - Unknown replication type 'STAND_ALONE'. Returning original data size.
2023-09-07 12:25:12,327 [OM StateMachine ApplyTransaction Thread - 0] WARN  helpers.QuotaUtil (QuotaUtil.java:getReplicatedSize(63)) - Unknown replication type 'STAND_ALONE'. Returning original data size.
2023-09-07 12:25:12,333 [OM StateMachine ApplyTransaction Thread - 0] WARN  helpers.QuotaUtil (QuotaUtil.java:getReplicatedSize(63)) - Unknown replication type 'STAND_ALONE'. Returning original data size.
2023-09-07 12:25:12,333 [OM StateMachine ApplyTransaction Thread - 0] WARN  helpers.QuotaUtil (QuotaUtil.java:getReplicatedSize(63)) - Unknown replication type 'STAND_ALONE'. Returning original data size.
2023-09-07 12:25:12,339 [OM StateMachine ApplyTransaction Thread - 0] WARN  helpers.QuotaUtil (QuotaUtil.java:getReplicatedSize(63)) - Unknown replication type 'STAND_ALONE'. Returning original data size.
2023-09-07 12:25:12,339 [OM StateMachine ApplyTransaction Thread - 0] WARN  helpers.QuotaUtil (QuotaUtil.java:getReplicatedSize(63)) - Unknown replication type 'STAND_ALONE'. Returning original data size.
2023-09-07 12:25:12,345 [OM StateMachine ApplyTransaction Thread - 0] WARN  helpers.QuotaUtil (QuotaUtil.java:getReplicatedSize(63)) - Unknown replication type 'STAND_ALONE'. Returning original data size.
2023-09-07 12:25:12,345 [OM StateMachine ApplyTransaction Thread - 0] WARN  helpers.QuotaUtil (QuotaUtil.java:getReplicatedSize(63)) - Unknown replication type 'STAND_ALONE'. Returning original data size.
2023-09-07 12:25:12,352 [OM StateMachine ApplyTransaction Thread - 0] WARN  helpers.QuotaUtil (QuotaUtil.java:getReplicatedSize(63)) - Unknown replication type 'STAND_ALONE'. Returning original data size.
2023-09-07 12:25:12,352 [OM StateMachine ApplyTransaction Thread - 0] WARN  helpers.QuotaUtil (QuotaUtil.java:getReplicatedSize(63)) - Unknown replication type 'STAND_ALONE'. Returning original data size.
2023-09-07 12:25:12,363 [OM StateMachine ApplyTransaction Thread - 0] WARN  helpers.QuotaUtil (QuotaUtil.java:getReplicatedSize(63)) - Unknown replication type 'STAND_ALONE'. Returning original data size.
2023-09-07 12:25:12,363 [OM StateMachine ApplyTransaction Thread - 0] WARN  helpers.QuotaUtil (QuotaUtil.java:getReplicatedSize(63)) - Unknown replication type 'STAND_ALONE'. Returning original data size.
2023-09-07 12:25:12,367 [OM StateMachine ApplyTransaction Thread - 0] WARN  helpers.QuotaUtil (QuotaUtil.java:getReplicatedSize(63)) - Unknown replication type 'STAND_ALONE'. Returning original data size.
2023-09-07 12:25:12,367 [OM StateMachine ApplyTransaction Thread - 0] WARN  helpers.QuotaUtil (QuotaUtil.java:getReplicatedSize(63)) - Unknown replication type 'STAND_ALONE'. Returning original data size.
2023-09-07 12:25:12,374 [OM StateMachine ApplyTransaction Thread - 0] WARN  helpers.QuotaUtil (QuotaUtil.java:getReplicatedSize(63)) - Unknown replication type 'STAND_ALONE'. Returning original data size.
2023-09-07 12:25:12,374 [OM StateMachine ApplyTransaction Thread - 0] WARN  helpers.QuotaUtil (QuotaUtil.java:getReplicatedSize(63)) - Unknown replication type 'STAND_ALONE'. Returning original data size.
2023-09-07 12:25:12,377 [OM StateMachine ApplyTransaction Thread - 0] WARN  helpers.QuotaUtil (QuotaUtil.java:getReplicatedSize(63)) - Unknown replication type 'STAND_ALONE'. Returning original data size.
2023-09-07 12:25:12,377 [OM StateMachine ApplyTransaction Thread - 0] WARN  helpers.QuotaUtil (QuotaUtil.java:getReplicatedSize(63)) - Unknown replication type 'STAND_ALONE'. Returning original data size.
2023-09-07 12:25:12,383 [OM StateMachine ApplyTransaction Thread - 0] WARN  helpers.QuotaUtil (QuotaUtil.java:getReplicatedSize(63)) - Unknown replication type 'STAND_ALONE'. Returning original data size.
2023-09-07 12:25:12,383 [OM StateMachine ApplyTransaction Thread - 0] WARN  helpers.QuotaUtil (QuotaUtil.java:getReplicatedSize(63)) - Unknown replication type 'STAND_ALONE'. Returning original data size.
2023-09-07 12:25:12,386 [OM StateMachine ApplyTransaction Thread - 0] WARN  helpers.QuotaUtil (QuotaUtil.java:getReplicatedSize(63)) - Unknown replication type 'STAND_ALONE'. Returning original data size.
2023-09-07 12:25:12,386 [OM StateMachine ApplyTransaction Thread - 0] WARN  helpers.QuotaUtil (QuotaUtil.java:getReplicatedSize(63)) - Unknown replication type 'STAND_ALONE'. Returning original data size.
2023-09-07 12:25:12,393 [OM StateMachine ApplyTransaction Thread - 0] WARN  helpers.QuotaUtil (QuotaUtil.java:getReplicatedSize(63)) - Unknown replication type 'STAND_ALONE'. Returning original data size.
2023-09-07 12:25:12,393 [OM StateMachine ApplyTransaction Thread - 0] WARN  helpers.QuotaUtil (QuotaUtil.java:getReplicatedSize(63)) - Unknown replication type 'STAND_ALONE'. Returning original data size.
2023-09-07 12:25:12,400 [OM StateMachine ApplyTransaction Thread - 0] WARN  helpers.QuotaUtil (QuotaUtil.java:getReplicatedSize(63)) - Unknown replication type 'STAND_ALONE'. Returning original data size.
2023-09-07 12:25:12,400 [OM StateMachine ApplyTransaction Thread - 0] WARN  helpers.QuotaUtil (QuotaUtil.java:getReplicatedSize(63)) - Unknown replication type 'STAND_ALONE'. Returning original data size.
2023-09-07 12:25:12,406 [OM StateMachine ApplyTransaction Thread - 0] WARN  helpers.QuotaUtil (QuotaUtil.java:getReplicatedSize(63)) - Unknown replication type 'STAND_ALONE'. Returning original data size.
2023-09-07 12:25:12,406 [OM StateMachine ApplyTransaction Thread - 0] WARN  helpers.QuotaUtil (QuotaUtil.java:getReplicatedSize(63)) - Unknown replication type 'STAND_ALONE'. Returning original data size.
2023-09-07 12:25:12,409 [OM StateMachine ApplyTransaction Thread - 0] WARN  helpers.QuotaUtil (QuotaUtil.java:getReplicatedSize(63)) - Unknown replication type 'STAND_ALONE'. Returning original data size.
2023-09-07 12:25:12,409 [OM StateMachine ApplyTransaction Thread - 0] WARN  helpers.QuotaUtil (QuotaUtil.java:getReplicatedSize(63)) - Unknown replication type 'STAND_ALONE'. Returning original data size.
2023-09-07 12:25:12,428 [OM StateMachine ApplyTransaction Thread - 0] WARN  helpers.QuotaUtil (QuotaUtil.java:getReplicatedSize(63)) - Unknown replication type 'STAND_ALONE'. Returning original data size.
2023-09-07 12:25:12,428 [OM StateMachine ApplyTransaction Thread - 0] WARN  helpers.QuotaUtil (QuotaUtil.java:getReplicatedSize(63)) - Unknown replication type 'STAND_ALONE'. Returning original data size.
2023-09-07 12:25:12,439 [OM StateMachine ApplyTransaction Thread - 0] WARN  helpers.QuotaUtil (QuotaUtil.java:getReplicatedSize(63)) - Unknown replication type 'STAND_ALONE'. Returning original data size.
2023-09-07 12:25:12,439 [OM StateMachine ApplyTransaction Thread - 0] WARN  helpers.QuotaUtil (QuotaUtil.java:getReplicatedSize(63)) - Unknown replication type 'STAND_ALONE'. Returning original data size.
2023-09-07 12:25:12,446 [OM StateMachine ApplyTransaction Thread - 0] WARN  helpers.QuotaUtil (QuotaUtil.java:getReplicatedSize(63)) - Unknown replication type 'STAND_ALONE'. Returning original data size.
2023-09-07 12:25:12,446 [OM StateMachine ApplyTransaction Thread - 0] WARN  helpers.QuotaUtil (QuotaUtil.java:getReplicatedSize(63)) - Unknown replication type 'STAND_ALONE'. Returning original data size.
2023-09-07 12:25:12,449 [OM StateMachine ApplyTransaction Thread - 0] WARN  helpers.QuotaUtil (QuotaUtil.java:getReplicatedSize(63)) - Unknown replication type 'STAND_ALONE'. Returning original data size.
2023-09-07 12:25:12,449 [OM StateMachine ApplyTransaction Thread - 0] WARN  helpers.QuotaUtil (QuotaUtil.java:getReplicatedSize(63)) - Unknown replication type 'STAND_ALONE'. Returning original data size.
2023-09-07 12:25:12,461 [OM StateMachine ApplyTransaction Thread - 0] WARN  helpers.QuotaUtil (QuotaUtil.java:getReplicatedSize(63)) - Unknown replication type 'STAND_ALONE'. Returning original data size.
2023-09-07 12:25:12,461 [OM StateMachine ApplyTransaction Thread - 0] WARN  helpers.QuotaUtil (QuotaUtil.java:getReplicatedSize(63)) - Unknown replication type 'STAND_ALONE'. Returning original data size.
2023-09-07 12:25:12,464 [OM StateMachine ApplyTransaction Thread - 0] WARN  helpers.QuotaUtil (QuotaUtil.java:getReplicatedSize(63)) - Unknown replication type 'STAND_ALONE'. Returning original data size.
2023-09-07 12:25:12,464 [OM StateMachine ApplyTransaction Thread - 0] WARN  helpers.QuotaUtil (QuotaUtil.java:getReplicatedSize(63)) - Unknown replication type 'STAND_ALONE'. Returning original data size.
2023-09-07 12:25:12,478 [OM StateMachine ApplyTransaction Thread - 0] WARN  helpers.QuotaUtil (QuotaUtil.java:getReplicatedSize(63)) - Unknown replication type 'STAND_ALONE'. Returning original data size.
2023-09-07 12:25:12,478 [OM StateMachine ApplyTransaction Thread - 0] WARN  helpers.QuotaUtil (QuotaUtil.java:getReplicatedSize(63)) - Unknown replication type 'STAND_ALONE'. Returning original data size.
2023-09-07 12:25:12,481 [OM StateMachine ApplyTransaction Thread - 0] WARN  helpers.QuotaUtil (QuotaUtil.java:getReplicatedSize(63)) - Unknown replication type 'STAND_ALONE'. Returning original data size.
2023-09-07 12:25:12,481 [OM StateMachine ApplyTransaction Thread - 0] WARN  helpers.QuotaUtil (QuotaUtil.java:getReplicatedSize(63)) - Unknown replication type 'STAND_ALONE'. Returning original data size.
2023-09-07 12:25:12,487 [OM StateMachine ApplyTransaction Thread - 0] WARN  helpers.QuotaUtil (QuotaUtil.java:getReplicatedSize(63)) - Unknown replication type 'STAND_ALONE'. Returning original data size.
2023-09-07 12:25:12,487 [OM StateMachine ApplyTransaction Thread - 0] WARN  helpers.QuotaUtil (QuotaUtil.java:getReplicatedSize(63)) - Unknown replication type 'STAND_ALONE'. Returning original data size.
2023-09-07 12:25:12,494 [OM StateMachine ApplyTransaction Thread - 0] WARN  helpers.QuotaUtil (QuotaUtil.java:getReplicatedSize(63)) - Unknown replication type 'STAND_ALONE'. Returning original data size.
2023-09-07 12:25:12,494 [OM StateMachine ApplyTransaction Thread - 0] WARN  helpers.QuotaUtil (QuotaUtil.java:getReplicatedSize(63)) - Unknown replication type 'STAND_ALONE'. Returning original data size.
2023-09-07 12:25:12,501 [OM StateMachine ApplyTransaction Thread - 0] WARN  helpers.QuotaUtil (QuotaUtil.java:getReplicatedSize(63)) - Unknown replication type 'STAND_ALONE'. Returning original data size.
2023-09-07 12:25:12,501 [OM StateMachine ApplyTransaction Thread - 0] WARN  helpers.QuotaUtil (QuotaUtil.java:getReplicatedSize(63)) - Unknown replication type 'STAND_ALONE'. Returning original data size.
2023-09-07 12:25:12,513 [OM StateMachine ApplyTransaction Thread - 0] WARN  helpers.QuotaUtil (QuotaUtil.java:getReplicatedSize(63)) - Unknown replication type 'STAND_ALONE'. Returning original data size.
2023-09-07 12:25:12,513 [OM StateMachine ApplyTransaction Thread - 0] WARN  helpers.QuotaUtil (QuotaUtil.java:getReplicatedSize(63)) - Unknown replication type 'STAND_ALONE'. Returning original data size.
2023-09-07 12:25:12,517 [OM StateMachine ApplyTransaction Thread - 0] WARN  helpers.QuotaUtil (QuotaUtil.java:getReplicatedSize(63)) - Unknown replication type 'STAND_ALONE'. Returning original data size.
2023-09-07 12:25:12,517 [OM StateMachine ApplyTransaction Thread - 0] WARN  helpers.QuotaUtil (QuotaUtil.java:getReplicatedSize(63)) - Unknown replication type 'STAND_ALONE'. Returning original data size.
2023-09-07 12:25:12,523 [OM StateMachine ApplyTransaction Thread - 0] WARN  helpers.QuotaUtil (QuotaUtil.java:getReplicatedSize(63)) - Unknown replication type 'STAND_ALONE'. Returning original data size.
2023-09-07 12:25:12,523 [OM StateMachine ApplyTransaction Thread - 0] WARN  helpers.QuotaUtil (QuotaUtil.java:getReplicatedSize(63)) - Unknown replication type 'STAND_ALONE'. Returning original data size.
2023-09-07 12:25:12,530 [OM StateMachine ApplyTransaction Thread - 0] WARN  helpers.QuotaUtil (QuotaUtil.java:getReplicatedSize(63)) - Unknown replication type 'STAND_ALONE'. Returning original data size.
2023-09-07 12:25:12,530 [OM StateMachine ApplyTransaction Thread - 0] WARN  helpers.QuotaUtil (QuotaUtil.java:getReplicatedSize(63)) - Unknown replication type 'STAND_ALONE'. Returning original data size.
2023-09-07 12:25:12,536 [OM StateMachine ApplyTransaction Thread - 0] WARN  helpers.QuotaUtil (QuotaUtil.java:getReplicatedSize(63)) - Unknown replication type 'STAND_ALONE'. Returning original data size.
2023-09-07 12:25:12,536 [OM StateMachine ApplyTransaction Thread - 0] WARN  helpers.QuotaUtil (QuotaUtil.java:getReplicatedSize(63)) - Unknown replication type 'STAND_ALONE'. Returning original data size.
2023-09-07 12:25:12,539 [OM StateMachine ApplyTransaction Thread - 0] WARN  helpers.QuotaUtil (QuotaUtil.java:getReplicatedSize(63)) - Unknown replication type 'STAND_ALONE'. Returning original data size.
2023-09-07 12:25:12,540 [OM StateMachine ApplyTransaction Thread - 0] WARN  helpers.QuotaUtil (QuotaUtil.java:getReplicatedSize(63)) - Unknown replication type 'STAND_ALONE'. Returning original data size.
2023-09-07 12:25:12,551 [OM StateMachine ApplyTransaction Thread - 0] WARN  helpers.QuotaUtil (QuotaUtil.java:getReplicatedSize(63)) - Unknown replication type 'STAND_ALONE'. Returning original data size.
2023-09-07 12:25:12,551 [OM StateMachine ApplyTransaction Thread - 0] WARN  helpers.QuotaUtil (QuotaUtil.java:getReplicatedSize(63)) - Unknown replication type 'STAND_ALONE'. Returning original data size.
2023-09-07 12:25:12,556 [OM StateMachine ApplyTransaction Thread - 0] WARN  helpers.QuotaUtil (QuotaUtil.java:getReplicatedSize(63)) - Unknown replication type 'STAND_ALONE'. Returning original data size.
2023-09-07 12:25:12,556 [OM StateMachine ApplyTransaction Thread - 0] WARN  helpers.QuotaUtil (QuotaUtil.java:getReplicatedSize(63)) - Unknown replication type 'STAND_ALONE'. Returning original data size.
2023-09-07 12:25:12,564 [OM StateMachine ApplyTransaction Thread - 0] WARN  helpers.QuotaUtil (QuotaUtil.java:getReplicatedSize(63)) - Unknown replication type 'STAND_ALONE'. Returning original data size.
2023-09-07 12:25:12,564 [OM StateMachine ApplyTransaction Thread - 0] WARN  helpers.QuotaUtil (QuotaUtil.java:getReplicatedSize(63)) - Unknown replication type 'STAND_ALONE'. Returning original data size.
2023-09-07 12:25:12,573 [OM StateMachine ApplyTransaction Thread - 0] WARN  helpers.QuotaUtil (QuotaUtil.java:getReplicatedSize(63)) - Unknown replication type 'STAND_ALONE'. Returning original data size.
2023-09-07 12:25:12,573 [OM StateMachine ApplyTransaction Thread - 0] WARN  helpers.QuotaUtil (QuotaUtil.java:getReplicatedSize(63)) - Unknown replication type 'STAND_ALONE'. Returning original data size.
2023-09-07 12:25:12,579 [OM StateMachine ApplyTransaction Thread - 0] WARN  helpers.QuotaUtil (QuotaUtil.java:getReplicatedSize(63)) - Unknown replication type 'STAND_ALONE'. Returning original data size.
2023-09-07 12:25:12,579 [OM StateMachine ApplyTransaction Thread - 0] WARN  helpers.QuotaUtil (QuotaUtil.java:getReplicatedSize(63)) - Unknown replication type 'STAND_ALONE'. Returning original data size.
2023-09-07 12:25:12,594 [OM StateMachine ApplyTransaction Thread - 0] WARN  helpers.QuotaUtil (QuotaUtil.java:getReplicatedSize(63)) - Unknown replication type 'STAND_ALONE'. Returning original data size.
2023-09-07 12:25:12,594 [OM StateMachine ApplyTransaction Thread - 0] WARN  helpers.QuotaUtil (QuotaUtil.java:getReplicatedSize(63)) - Unknown replication type 'STAND_ALONE'. Returning original data size.
2023-09-07 12:25:12,597 [OM StateMachine ApplyTransaction Thread - 0] WARN  helpers.QuotaUtil (QuotaUtil.java:getReplicatedSize(63)) - Unknown replication type 'STAND_ALONE'. Returning original data size.
2023-09-07 12:25:12,597 [OM StateMachine ApplyTransaction Thread - 0] WARN  helpers.QuotaUtil (QuotaUtil.java:getReplicatedSize(63)) - Unknown replication type 'STAND_ALONE'. Returning original data size.
2023-09-07 12:25:12,604 [OM StateMachine ApplyTransaction Thread - 0] WARN  helpers.QuotaUtil (QuotaUtil.java:getReplicatedSize(63)) - Unknown replication type 'STAND_ALONE'. Returning original data size.
2023-09-07 12:25:12,604 [OM StateMachine ApplyTransaction Thread - 0] WARN  helpers.QuotaUtil (QuotaUtil.java:getReplicatedSize(63)) - Unknown replication type 'STAND_ALONE'. Returning original data size.
2023-09-07 12:25:12,608 [OM StateMachine ApplyTransaction Thread - 0] WARN  helpers.QuotaUtil (QuotaUtil.java:getReplicatedSize(63)) - Unknown replication type 'STAND_ALONE'. Returning original data size.
2023-09-07 12:25:12,608 [OM StateMachine ApplyTransaction Thread - 0] WARN  helpers.QuotaUtil (QuotaUtil.java:getReplicatedSize(63)) - Unknown replication type 'STAND_ALONE'. Returning original data size.
2023-09-07 12:25:12,615 [OM StateMachine ApplyTransaction Thread - 0] WARN  helpers.QuotaUtil (QuotaUtil.java:getReplicatedSize(63)) - Unknown replication type 'STAND_ALONE'. Returning original data size.
2023-09-07 12:25:12,615 [OM StateMachine ApplyTransaction Thread - 0] WARN  helpers.QuotaUtil (QuotaUtil.java:getReplicatedSize(63)) - Unknown replication type 'STAND_ALONE'. Returning original data size.
2023-09-07 12:25:12,618 [OM StateMachine ApplyTransaction Thread - 0] WARN  helpers.QuotaUtil (QuotaUtil.java:getReplicatedSize(63)) - Unknown replication type 'STAND_ALONE'. Returning original data size.
2023-09-07 12:25:12,618 [OM StateMachine ApplyTransaction Thread - 0] WARN  helpers.QuotaUtil (QuotaUtil.java:getReplicatedSize(63)) - Unknown replication type 'STAND_ALONE'. Returning original data size.
2023-09-07 12:25:12,625 [OM StateMachine ApplyTransaction Thread - 0] WARN  helpers.QuotaUtil (QuotaUtil.java:getReplicatedSize(63)) - Unknown replication type 'STAND_ALONE'. Returning original data size.
2023-09-07 12:25:12,625 [OM StateMachine ApplyTransaction Thread - 0] WARN  helpers.QuotaUtil (QuotaUtil.java:getReplicatedSize(63)) - Unknown replication type 'STAND_ALONE'. Returning original data size.
2023-09-07 12:25:12,629 [OM StateMachine ApplyTransaction Thread - 0] WARN  helpers.QuotaUtil (QuotaUtil.java:getReplicatedSize(63)) - Unknown replication type 'STAND_ALONE'. Returning original data size.
2023-09-07 12:25:12,630 [OM StateMachine ApplyTransaction Thread - 0] WARN  helpers.QuotaUtil (QuotaUtil.java:getReplicatedSize(63)) - Unknown replication type 'STAND_ALONE'. Returning original data size.
2023-09-07 12:25:12,637 [OM StateMachine ApplyTransaction Thread - 0] WARN  helpers.QuotaUtil (QuotaUtil.java:getReplicatedSize(63)) - Unknown replication type 'STAND_ALONE'. Returning original data size.
2023-09-07 12:25:12,637 [OM StateMachine ApplyTransaction Thread - 0] WARN  helpers.QuotaUtil (QuotaUtil.java:getReplicatedSize(63)) - Unknown replication type 'STAND_ALONE'. Returning original data size.
2023-09-07 12:25:12,648 [OM StateMachine ApplyTransaction Thread - 0] WARN  helpers.QuotaUtil (QuotaUtil.java:getReplicatedSize(63)) - Unknown replication type 'STAND_ALONE'. Returning original data size.
2023-09-07 12:25:12,648 [OM StateMachine ApplyTransaction Thread - 0] WARN  helpers.QuotaUtil (QuotaUtil.java:getReplicatedSize(63)) - Unknown replication type 'STAND_ALONE'. Returning original data size.
2023-09-07 12:25:12,662 [OM StateMachine ApplyTransaction Thread - 0] WARN  helpers.QuotaUtil (QuotaUtil.java:getReplicatedSize(63)) - Unknown replication type 'STAND_ALONE'. Returning original data size.
2023-09-07 12:25:12,662 [OM StateMachine ApplyTransaction Thread - 0] WARN  helpers.QuotaUtil (QuotaUtil.java:getReplicatedSize(63)) - Unknown replication type 'STAND_ALONE'. Returning original data size.
2023-09-07 12:25:12,665 [OM StateMachine ApplyTransaction Thread - 0] WARN  helpers.QuotaUtil (QuotaUtil.java:getReplicatedSize(63)) - Unknown replication type 'STAND_ALONE'. Returning original data size.
2023-09-07 12:25:12,665 [OM StateMachine ApplyTransaction Thread - 0] WARN  helpers.QuotaUtil (QuotaUtil.java:getReplicatedSize(63)) - Unknown replication type 'STAND_ALONE'. Returning original data size.
2023-09-07 12:25:12,675 [OM StateMachine ApplyTransaction Thread - 0] WARN  helpers.QuotaUtil (QuotaUtil.java:getReplicatedSize(63)) - Unknown replication type 'STAND_ALONE'. Returning original data size.
2023-09-07 12:25:12,675 [OM StateMachine ApplyTransaction Thread - 0] WARN  helpers.QuotaUtil (QuotaUtil.java:getReplicatedSize(63)) - Unknown replication type 'STAND_ALONE'. Returning original data size.
2023-09-07 12:25:12,681 [OM StateMachine ApplyTransaction Thread - 0] WARN  helpers.QuotaUtil (QuotaUtil.java:getReplicatedSize(63)) - Unknown replication type 'STAND_ALONE'. Returning original data size.
2023-09-07 12:25:12,681 [OM StateMachine ApplyTransaction Thread - 0] WARN  helpers.QuotaUtil (QuotaUtil.java:getReplicatedSize(63)) - Unknown replication type 'STAND_ALONE'. Returning original data size.
2023-09-07 12:25:12,690 [OM StateMachine ApplyTransaction Thread - 0] WARN  helpers.QuotaUtil (QuotaUtil.java:getReplicatedSize(63)) - Unknown replication type 'STAND_ALONE'. Returning original data size.
2023-09-07 12:25:12,690 [OM StateMachine ApplyTransaction Thread - 0] WARN  helpers.QuotaUtil (QuotaUtil.java:getReplicatedSize(63)) - Unknown replication type 'STAND_ALONE'. Returning original data size.
2023-09-07 12:25:12,697 [OM StateMachine ApplyTransaction Thread - 0] WARN  helpers.QuotaUtil (QuotaUtil.java:getReplicatedSize(63)) - Unknown replication type 'STAND_ALONE'. Returning original data size.
2023-09-07 12:25:12,697 [OM StateMachine ApplyTransaction Thread - 0] WARN  helpers.QuotaUtil (QuotaUtil.java:getReplicatedSize(63)) - Unknown replication type 'STAND_ALONE'. Returning original data size.
2023-09-07 12:25:12,706 [OM StateMachine ApplyTransaction Thread - 0] WARN  helpers.QuotaUtil (QuotaUtil.java:getReplicatedSize(63)) - Unknown replication type 'STAND_ALONE'. Returning original data size.
2023-09-07 12:25:12,706 [OM StateMachine ApplyTransaction Thread - 0] WARN  helpers.QuotaUtil (QuotaUtil.java:getReplicatedSize(63)) - Unknown replication type 'STAND_ALONE'. Returning original data size.
2023-09-07 12:25:12,715 [OM StateMachine ApplyTransaction Thread - 0] WARN  helpers.QuotaUtil (QuotaUtil.java:getReplicatedSize(63)) - Unknown replication type 'STAND_ALONE'. Returning original data size.
2023-09-07 12:25:12,716 [OM StateMachine ApplyTransaction Thread - 0] WARN  helpers.QuotaUtil (QuotaUtil.java:getReplicatedSize(63)) - Unknown replication type 'STAND_ALONE'. Returning original data size.
2023-09-07 12:25:12,724 [OM StateMachine ApplyTransaction Thread - 0] WARN  helpers.QuotaUtil (QuotaUtil.java:getReplicatedSize(63)) - Unknown replication type 'STAND_ALONE'. Returning original data size.
2023-09-07 12:25:12,724 [OM StateMachine ApplyTransaction Thread - 0] WARN  helpers.QuotaUtil (QuotaUtil.java:getReplicatedSize(63)) - Unknown replication type 'STAND_ALONE'. Returning original data size.
2023-09-07 12:25:12,730 [OM StateMachine ApplyTransaction Thread - 0] WARN  helpers.QuotaUtil (QuotaUtil.java:getReplicatedSize(63)) - Unknown replication type 'STAND_ALONE'. Returning original data size.
2023-09-07 12:25:12,730 [OM StateMachine ApplyTransaction Thread - 0] WARN  helpers.QuotaUtil (QuotaUtil.java:getReplicatedSize(63)) - Unknown replication type 'STAND_ALONE'. Returning original data size.
2023-09-07 12:25:12,736 [OM StateMachine ApplyTransaction Thread - 0] WARN  helpers.QuotaUtil (QuotaUtil.java:getReplicatedSize(63)) - Unknown replication type 'STAND_ALONE'. Returning original data size.
2023-09-07 12:25:12,737 [OM StateMachine ApplyTransaction Thread - 0] WARN  helpers.QuotaUtil (QuotaUtil.java:getReplicatedSize(63)) - Unknown replication type 'STAND_ALONE'. Returning original data size.
2023-09-07 12:25:12,746 [OM StateMachine ApplyTransaction Thread - 0] WARN  helpers.QuotaUtil (QuotaUtil.java:getReplicatedSize(63)) - Unknown replication type 'STAND_ALONE'. Returning original data size.
2023-09-07 12:25:12,746 [OM StateMachine ApplyTransaction Thread - 0] WARN  helpers.QuotaUtil (QuotaUtil.java:getReplicatedSize(63)) - Unknown replication type 'STAND_ALONE'. Returning original data size.
2023-09-07 12:25:12,756 [OM StateMachine ApplyTransaction Thread - 0] WARN  helpers.QuotaUtil (QuotaUtil.java:getReplicatedSize(63)) - Unknown replication type 'STAND_ALONE'. Returning original data size.
2023-09-07 12:25:12,758 [OM StateMachine ApplyTransaction Thread - 0] WARN  helpers.QuotaUtil (QuotaUtil.java:getReplicatedSize(63)) - Unknown replication type 'STAND_ALONE'. Returning original data size.
2023-09-07 12:25:12,761 [OM StateMachine ApplyTransaction Thread - 0] WARN  helpers.QuotaUtil (QuotaUtil.java:getReplicatedSize(63)) - Unknown replication type 'STAND_ALONE'. Returning original data size.
2023-09-07 12:25:12,761 [OM StateMachine ApplyTransaction Thread - 0] WARN  helpers.QuotaUtil (QuotaUtil.java:getReplicatedSize(63)) - Unknown replication type 'STAND_ALONE'. Returning original data size.
2023-09-07 12:25:12,772 [OM StateMachine ApplyTransaction Thread - 0] WARN  helpers.QuotaUtil (QuotaUtil.java:getReplicatedSize(63)) - Unknown replication type 'STAND_ALONE'. Returning original data size.
2023-09-07 12:25:12,772 [OM StateMachine ApplyTransaction Thread - 0] WARN  helpers.QuotaUtil (QuotaUtil.java:getReplicatedSize(63)) - Unknown replication type 'STAND_ALONE'. Returning original data size.
2023-09-07 12:25:12,778 [OM StateMachine ApplyTransaction Thread - 0] WARN  helpers.QuotaUtil (QuotaUtil.java:getReplicatedSize(63)) - Unknown replication type 'STAND_ALONE'. Returning original data size.
2023-09-07 12:25:12,779 [OM StateMachine ApplyTransaction Thread - 0] WARN  helpers.QuotaUtil (QuotaUtil.java:getReplicatedSize(63)) - Unknown replication type 'STAND_ALONE'. Returning original data size.
2023-09-07 12:25:12,781 [OM StateMachine ApplyTransaction Thread - 0] WARN  helpers.QuotaUtil (QuotaUtil.java:getReplicatedSize(63)) - Unknown replication type 'STAND_ALONE'. Returning original data size.
2023-09-07 12:25:12,781 [OM StateMachine ApplyTransaction Thread - 0] WARN  helpers.QuotaUtil (QuotaUtil.java:getReplicatedSize(63)) - Unknown replication type 'STAND_ALONE'. Returning original data size.
2023-09-07 12:25:12,791 [OM StateMachine ApplyTransaction Thread - 0] WARN  helpers.QuotaUtil (QuotaUtil.java:getReplicatedSize(63)) - Unknown replication type 'STAND_ALONE'. Returning original data size.
2023-09-07 12:25:12,791 [OM StateMachine ApplyTransaction Thread - 0] WARN  helpers.QuotaUtil (QuotaUtil.java:getReplicatedSize(63)) - Unknown replication type 'STAND_ALONE'. Returning original data size.
2023-09-07 12:25:12,798 [OM StateMachine ApplyTransaction Thread - 0] WARN  helpers.QuotaUtil (QuotaUtil.java:getReplicatedSize(63)) - Unknown replication type 'STAND_ALONE'. Returning original data size.
2023-09-07 12:25:12,798 [OM StateMachine ApplyTransaction Thread - 0] WARN  helpers.QuotaUtil (QuotaUtil.java:getReplicatedSize(63)) - Unknown replication type 'STAND_ALONE'. Returning original data size.
2023-09-07 12:25:12,801 [OM StateMachine ApplyTransaction Thread - 0] WARN  helpers.QuotaUtil (QuotaUtil.java:getReplicatedSize(63)) - Unknown replication type 'STAND_ALONE'. Returning original data size.
2023-09-07 12:25:12,801 [OM StateMachine ApplyTransaction Thread - 0] WARN  helpers.QuotaUtil (QuotaUtil.java:getReplicatedSize(63)) - Unknown replication type 'STAND_ALONE'. Returning original data size.
2023-09-07 12:25:12,811 [OM StateMachine ApplyTransaction Thread - 0] WARN  helpers.QuotaUtil (QuotaUtil.java:getReplicatedSize(63)) - Unknown replication type 'STAND_ALONE'. Returning original data size.
2023-09-07 12:25:12,811 [OM StateMachine ApplyTransaction Thread - 0] WARN  helpers.QuotaUtil (QuotaUtil.java:getReplicatedSize(63)) - Unknown replication type 'STAND_ALONE'. Returning original data size.
2023-09-07 12:25:12,814 [OM StateMachine ApplyTransaction Thread - 0] WARN  helpers.QuotaUtil (QuotaUtil.java:getReplicatedSize(63)) - Unknown replication type 'STAND_ALONE'. Returning original data size.
2023-09-07 12:25:12,814 [OM StateMachine ApplyTransaction Thread - 0] WARN  helpers.QuotaUtil (QuotaUtil.java:getReplicatedSize(63)) - Unknown replication type 'STAND_ALONE'. Returning original data size.
2023-09-07 12:25:12,820 [OM StateMachine ApplyTransaction Thread - 0] WARN  helpers.QuotaUtil (QuotaUtil.java:getReplicatedSize(63)) - Unknown replication type 'STAND_ALONE'. Returning original data size.
2023-09-07 12:25:12,821 [OM StateMachine ApplyTransaction Thread - 0] WARN  helpers.QuotaUtil (QuotaUtil.java:getReplicatedSize(63)) - Unknown replication type 'STAND_ALONE'. Returning original data size.
2023-09-07 12:25:12,824 [OM StateMachine ApplyTransaction Thread - 0] WARN  helpers.QuotaUtil (QuotaUtil.java:getReplicatedSize(63)) - Unknown replication type 'STAND_ALONE'. Returning original data size.
2023-09-07 12:25:12,824 [OM StateMachine ApplyTransaction Thread - 0] WARN  helpers.QuotaUtil (QuotaUtil.java:getReplicatedSize(63)) - Unknown replication type 'STAND_ALONE'. Returning original data size.
2023-09-07 12:25:13,367 [main] INFO  om.OzoneManager (OzoneManager.java:stop(2204)) - om1[0.0.0.0:9862]: Stopping Ozone Manager
2023-09-07 12:25:13,367 [main] INFO  ipc.Server (Server.java:stop(3523)) - Stopping server on 9862
2023-09-07 12:25:13,378 [IPC Server listener on 9862] INFO  ipc.Server (Server.java:run(1434)) - Stopping IPC Server listener on 9862
2023-09-07 12:25:13,382 [IPC Server Responder] INFO  ipc.Server (Server.java:run(1567)) - Stopping IPC Server Responder
2023-09-07 12:25:17,402 [main] INFO  om.GrpcOzoneManagerServer (GrpcOzoneManagerServer.java:stop(192)) - Server GrpcOzoneManagerServer is shutdown
2023-09-07 12:25:17,403 [main] INFO  server.RaftServer (RaftServerProxy.java:lambda$close$6(416)) - om1: close
2023-09-07 12:25:17,403 [main] INFO  server.GrpcService (GrpcService.java:closeImpl(311)) - om1: shutdown server GrpcServerProtocolService now
2023-09-07 12:25:17,404 [om1-impl-thread1] INFO  server.RaftServer$Division (RaftServerImpl.java:lambda$close$4(466)) - om1@group-C5BA1605619E: shutdown
2023-09-07 12:25:17,404 [om1-impl-thread1] INFO  util.JmxRegister (JmxRegister.java:unregister(73)) - Successfully un-registered JMX Bean with object name Ratis:service=RaftServer,group=group-C5BA1605619E,id=om1
2023-09-07 12:25:17,404 [om1-impl-thread1] INFO  impl.RoleInfo (RoleInfo.java:shutdownLeaderState(93)) - om1: shutdown om1@group-C5BA1605619E-LeaderStateImpl
2023-09-07 12:25:17,404 [om1-impl-thread1] INFO  impl.PendingRequests (PendingRequests.java:sendNotLeaderResponses(289)) - om1@group-C5BA1605619E-PendingRequests: sendNotLeaderResponses
2023-09-07 12:25:17,407 [om1-impl-thread1] INFO  impl.StateMachineUpdater (StateMachineUpdater.java:stopAndJoin(155)) - om1@group-C5BA1605619E-StateMachineUpdater: set stopIndex = 370
2023-09-07 12:25:17,407 [om1@group-C5BA1605619E-StateMachineUpdater] INFO  ratis.OzoneManagerStateMachine (OzoneManagerStateMachine.java:takeSnapshot(480)) - Current Snapshot Index (t:1, i:370)
2023-09-07 12:25:17,408 [main] INFO  server.GrpcService (GrpcService.java:closeImpl(320)) - om1: shutdown server GrpcServerProtocolService successfully
2023-09-07 12:25:17,422 [om1@group-C5BA1605619E-StateMachineUpdater] INFO  impl.StateMachineUpdater (StateMachineUpdater.java:takeSnapshot(291)) - om1@group-C5BA1605619E-StateMachineUpdater: Took a snapshot at index 370
2023-09-07 12:25:17,422 [om1@group-C5BA1605619E-StateMachineUpdater] INFO  impl.StateMachineUpdater (StateMachineUpdater.java:lambda$new$0(97)) - om1@group-C5BA1605619E-StateMachineUpdater: snapshotIndex: updateIncreasingly -1 -> 370
2023-09-07 12:25:17,422 [om1@group-C5BA1605619E-StateMachineUpdater] INFO  ratis.OzoneManagerStateMachine (OzoneManagerStateMachine.java:close(534)) - StateMachine has shutdown. Shutdown OzoneManager if not already shutdown.
2023-09-07 12:25:17,422 [om1@group-C5BA1605619E-StateMachineUpdater] INFO  ratis.OzoneManagerDoubleBuffer (OzoneManagerDoubleBuffer.java:stopDaemon(551)) - Stopping OMDoubleBuffer flush thread
2023-09-07 12:25:17,422 [OMDoubleBufferFlushThread] INFO  ratis.OzoneManagerDoubleBuffer (OzoneManagerDoubleBuffer.java:canFlush(638)) - OMDoubleBuffer flush thread OMDoubleBufferFlushThread is interrupted and will exit.
2023-09-07 12:25:17,422 [om1-impl-thread1] INFO  server.RaftServer$Division (ServerState.java:close(472)) - om1@group-C5BA1605619E: closes. applyIndex: 370
2023-09-07 12:25:18,286 [om1-impl-thread1] INFO  segmented.SegmentedRaftLogWorker (SegmentedRaftLogWorker.java:close(252)) - om1@group-C5BA1605619E-SegmentedRaftLogWorker close()
2023-09-07 12:25:18,287 [JvmPauseMonitor4] INFO  util.JvmPauseMonitor (JvmPauseMonitor.java:run(109)) - JvmPauseMonitor-om1: Stopped
2023-09-07 12:25:18,287 [main] INFO  ratis.OzoneManagerStateMachine (OzoneManagerStateMachine.java:close(534)) - StateMachine has shutdown. Shutdown OzoneManager if not already shutdown.
2023-09-07 12:25:18,287 [main] INFO  ratis.OzoneManagerDoubleBuffer (OzoneManagerDoubleBuffer.java:stopDaemon(560)) - OMDoubleBuffer flush thread is not running.
2023-09-07 12:25:18,288 [main] INFO  utils.BackgroundService (BackgroundService.java:shutdown(141)) - Shutting down service KeyDeletingService
2023-09-07 12:25:18,288 [main] INFO  utils.BackgroundService (BackgroundService.java:shutdown(141)) - Shutting down service KeyDeletingService
2023-09-07 12:25:18,288 [main] INFO  utils.BackgroundService (BackgroundService.java:shutdown(141)) - Shutting down service OpenKeyCleanupService
2023-09-07 12:25:18,288 [main] INFO  utils.BackgroundService (BackgroundService.java:shutdown(141)) - Shutting down service SstFilteringService
2023-09-07 12:25:18,289 [main] INFO  utils.BackgroundService (BackgroundService.java:shutdown(141)) - Shutting down service SnapshotDeletingService
2023-09-07 12:25:18,289 [main] INFO  om.OzoneManager (OzoneManager.java:stopSecretManager(1071)) - Stopping OM delegation token secret manager.
2023-09-07 12:25:18,290 [main] INFO  handler.ContextHandler (ContextHandler.java:doStop(1159)) - Stopped o.e.j.w.WebAppContext@3160fef3{ozoneManager,/,null,STOPPED}{file:/home/runner/work/ozone/ozone/hadoop-ozone/ozone-manager/target/classes/webapps/ozoneManager}
2023-09-07 12:25:18,290 [main] INFO  server.AbstractConnector (AbstractConnector.java:doStop(383)) - Stopped ServerConnector@64ff7aaf{HTTP/1.1, (http/1.1)}{0.0.0.0:9874}
2023-09-07 12:25:18,291 [main] INFO  server.session (HouseKeeper.java:stopScavenging(149)) - node0 Stopped scavenging
2023-09-07 12:25:18,291 [main] INFO  handler.ContextHandler (ContextHandler.java:doStop(1159)) - Stopped o.e.j.s.ServletContextHandler@6a40a370{static,/static,file:///home/runner/work/ozone/ozone/hadoop-ozone/ozone-manager/target/classes/webapps/static,STOPPED}
2023-09-07 12:25:18,291 [main] INFO  handler.ContextHandler (ContextHandler.java:doStop(1159)) - Stopped o.e.j.s.ServletContextHandler@5a761dc9{logs,/logs,file:///home/runner/work/ozone/ozone/hadoop-ozone/ozone-manager/target/log,STOPPED}
2023-09-07 12:25:18,293 [main] INFO  rocksdiff.RocksDBCheckpointDiffer (RocksDBCheckpointDiffer.java:close(343)) - Shutting down CompactionDagPruningService.
2023-09-07 12:25:18,295 [main] INFO  snapshot.SnapshotDiffManager (SnapshotDiffManager.java:closeExecutorService(1697)) - Shutting down executorService: 'SnapDiffExecutor'
2023-09-07 12:25:18,295 [main] INFO  snapshot.SnapshotDiffManager (SnapshotDiffManager.java:closeExecutorService(1697)) - Shutting down executorService: 'SstDumpToolExecutor'
2023-09-07 12:25:18,295 [main] INFO  utils.BackgroundService (BackgroundService.java:shutdown(141)) - Shutting down service SnapshotDiffCleanupService
]]></system-out>
  </testcase>
  <testcase name="testCleanupExpiredOpenKeys(int, int, boolean)[6]" classname="org.apache.hadoop.ozone.om.service.TestOpenKeyCleanupService" time="12.866">
    <system-out><![CDATA[2023-09-07 12:25:18,327 [main] WARN  server.ServerUtils (ServerUtils.java:getDBPath(311)) - ozone.om.db.dirs is not configured. We recommend adding this setting. Falling back to ozone.metadata.dirs instead.
2023-09-07 12:25:18,329 [main] INFO  ha.OMHANodeDetails (OMHANodeDetails.java:loadOMHAConfig(115)) - ozone.om.internal.service.id is not defined, falling back to ozone.om.service.ids to find serviceID for OzoneManager if it is HA enabled cluster
2023-09-07 12:25:18,330 [main] INFO  ha.OMHANodeDetails (OMHANodeDetails.java:loadOMHAConfig(226)) - Configuration does not have ozone.om.address set. Falling back to the default OM address /0.0.0.0:9862
2023-09-07 12:25:18,330 [main] INFO  ha.OMHANodeDetails (OMHANodeDetails.java:getOMNodeDetailsForNonHA(254)) - OM Service ID is not set. Setting it to the default ID: omServiceIdDefault
2023-09-07 12:25:18,330 [main] INFO  ha.OMHANodeDetails (OMHANodeDetails.java:getOMNodeDetailsForNonHA(261)) - OM Node ID is not set. Setting it to the default ID: om1
2023-09-07 12:25:18,331 [main] WARN  server.ServerUtils (ServerUtils.java:getDBPath(311)) - ozone.om.db.dirs is not configured. We recommend adding this setting. Falling back to ozone.metadata.dirs instead.
2023-09-07 12:25:18,332 [main] INFO  upgrade.AbstractLayoutVersionManager (AbstractLayoutVersionManager.java:init(83)) - Initializing Layout version manager with metadata layout = QUOTA (version = 6), software layout = QUOTA (version = 6)
2023-09-07 12:25:18,361 [main] INFO  reflections.Reflections (Reflections.java:scan(232)) - Reflections took 28 ms to scan 2 urls, producing 187 keys and 514 values [using 2 cores]
2023-09-07 12:25:18,362 [main] INFO  upgrade.OMLayoutVersionManager (OMLayoutVersionManager.java:lambda$0(115)) - Skipping Upgrade Action QuotaRepairUpgradeAction since it has been finalized.
2023-09-07 12:25:18,362 [main] INFO  upgrade.OMLayoutVersionManager (OMLayoutVersionManager.java:lambda$0(115)) - Skipping Upgrade Action MockOmUpgradeAction since it has been finalized.
2023-09-07 12:25:18,362 [main] WARN  server.ServerUtils (ServerUtils.java:getDBPath(311)) - ozone.om.db.dirs is not configured. We recommend adding this setting. Falling back to ozone.metadata.dirs instead.
2023-09-07 12:25:18,364 [main] INFO  proxy.SCMBlockLocationFailoverProxyProvider (SCMBlockLocationFailoverProxyProvider.java:<init>(114)) - Created block location fail-over proxy with 1 nodes: [nodeId=scmNodeId,nodeAddress=/127.0.0.1:9863]
2023-09-07 12:25:18,366 [main] INFO  om.OzoneManager (OzoneManager.java:<init>(665)) - OM start with adminUsers: [runner]
2023-09-07 12:25:18,367 [main] WARN  server.ServerUtils (ServerUtils.java:getDBPath(311)) - ozone.om.db.dirs is not configured. We recommend adding this setting. Falling back to ozone.metadata.dirs instead.
2023-09-07 12:25:18,368 [main] INFO  helpers.OmKeyInfo (OmKeyInfo.java:getCodec(71)) - OmKeyInfo.getCodec ignorePipeline = true
2023-09-07 12:25:18,538 [main] INFO  om.OzoneManager (OzoneManager.java:instantiateServices(794)) - S3 Multi-Tenancy is disabled
2023-09-07 12:25:18,539 [main] INFO  security.OzoneSecretStore (OzoneSecretStore.java:loadState(69)) - Loaded 0 tokens
2023-09-07 12:25:18,539 [main] INFO  security.OzoneDelegationTokenSecretManager (OzoneDelegationTokenSecretManager.java:loadTokenSecretState(530)) - Loading token state into token manager.
2023-09-07 12:25:18,539 [main] INFO  om.OmSnapshotManager (OmSnapshotManager.java:<init>(174)) - Ozone filesystem snapshot feature is enabled.
2023-09-07 12:25:18,539 [main] WARN  server.ServerUtils (ServerUtils.java:getDBPath(311)) - ozone.om.snapshot.diff.db.dir is not configured. We recommend adding this setting. Falling back to ozone.metadata.dirs instead.
2023-09-07 12:25:18,559 [main] INFO  snapshot.SnapshotDiffManager (SnapshotDiffManager.java:closeExecutorService(1697)) - Shutting down executorService: 'SstDumpToolExecutor'
2023-09-07 12:25:18,560 [main] INFO  om.OzoneManager (OzoneManager.java:addS3GVolumeToDB(4301)) - Created Volume s3v With Owner runner required for S3Gateway operations.
2023-09-07 12:25:18,562 [main] WARN  server.ServerUtils (ServerUtils.java:getDefaultRatisDirectory(323)) - Storage directory for Ratis is not configured. It is a good idea to map this to an SSD disk. Falling back to ozone.metadata.dirs
2023-09-07 12:25:18,563 [main] WARN  utils.OzoneManagerRatisUtils (OzoneManagerRatisUtils.java:getOMRatisSnapshotDirectory(464)) - ozone.om.ratis.snapshot.dir is not configured. Falling back to ozone.metadata.dirs config
2023-09-07 12:25:18,563 [main] WARN  server.ServerUtils (ServerUtils.java:getDefaultRatisDirectory(323)) - Storage directory for Ratis is not configured. It is a good idea to map this to an SSD disk. Falling back to ozone.metadata.dirs
2023-09-07 12:25:18,565 [main] INFO  ratis.OzoneManagerRatisServer (OzoneManagerRatisServer.java:<init>(163)) - Instantiating OM Ratis server with groupID: omServiceIdDefault and peers: 0.0.0.0:9872
2023-09-07 12:25:18,565 [main] INFO  ratis.OzoneManagerStateMachine (OzoneManagerStateMachine.java:loadSnapshotInfoFromDB(687)) - LastAppliedIndex is set from TransactionInfo from OM DB as (t:0, i:~)
2023-09-07 12:25:18,566 [main] INFO  server.RaftServer (ConfUtils.java:logGet(46)) - raft.rpc.type = GRPC (default)
2023-09-07 12:25:18,570 [main] INFO  grpc.GrpcConfigKeys (ConfUtils.java:logFallback(53)) - raft.grpc.admin.host = null (fallback to raft.grpc.server.host)
2023-09-07 12:25:18,571 [main] INFO  grpc.GrpcConfigKeys (ConfUtils.java:logFallback(53)) - raft.grpc.admin.port = 9872 (fallback to raft.grpc.server.port)
2023-09-07 12:25:18,571 [main] INFO  grpc.GrpcConfigKeys (ConfUtils.java:logFallback(53)) - raft.grpc.client.host = null (fallback to raft.grpc.server.host)
2023-09-07 12:25:18,571 [main] INFO  grpc.GrpcConfigKeys (ConfUtils.java:logFallback(53)) - raft.grpc.client.port = 9872 (fallback to raft.grpc.server.port)
2023-09-07 12:25:18,571 [main] INFO  grpc.GrpcConfigKeys (ConfUtils.java:logGet(46)) - raft.grpc.server.host = null (default)
2023-09-07 12:25:18,571 [main] INFO  grpc.GrpcConfigKeys (ConfUtils.java:logGet(46)) - raft.grpc.server.port = 9872 (custom)
2023-09-07 12:25:18,571 [main] INFO  server.GrpcService (ConfUtils.java:logGet(46)) - raft.grpc.message.size.max = 33554432 (custom)
2023-09-07 12:25:18,572 [main] INFO  server.RaftServerConfigKeys (ConfUtils.java:logGet(46)) - raft.server.log.appender.buffer.byte-limit = 33554432 (custom)
2023-09-07 12:25:18,572 [main] INFO  server.GrpcService (ConfUtils.java:logGet(46)) - raft.grpc.flow.control.window = 1MB (=1048576) (default)
2023-09-07 12:25:18,572 [main] INFO  server.RaftServerConfigKeys (ConfUtils.java:logGet(46)) - raft.server.rpc.request.timeout = 3000ms (default)
2023-09-07 12:25:18,572 [main] INFO  grpc.GrpcConfigKeys (ConfUtils.java:logGet(46)) - raft.grpc.server.heartbeat.channel = true (default)
2023-09-07 12:25:18,572 [main] INFO  grpc.GrpcConfigKeys (ConfUtils.java:logGet(46)) - raft.grpc.server.async.request.thread.pool.cached = true (default)
2023-09-07 12:25:18,572 [main] INFO  grpc.GrpcConfigKeys (ConfUtils.java:logGet(46)) - raft.grpc.server.async.request.thread.pool.size = 32 (default)
2023-09-07 12:25:18,574 [main] INFO  impl.DataStreamServerImpl (ConfUtils.java:logGet(46)) - raft.datastream.type = DISABLED (default)
2023-09-07 12:25:18,574 [main] INFO  server.RaftServerConfigKeys (ConfUtils.java:logGet(46)) - raft.server.threadpool.proxy.cached = true (default)
2023-09-07 12:25:18,574 [main] INFO  server.RaftServerConfigKeys (ConfUtils.java:logGet(46)) - raft.server.threadpool.proxy.size = 0 (default)
2023-09-07 12:25:18,575 [main] INFO  server.RaftServerConfigKeys (ConfUtils.java:logGet(46)) - raft.server.rpc.slowness.timeout = 120s (custom)
2023-09-07 12:25:18,575 [main] INFO  server.RaftServerConfigKeys (ConfUtils.java:logGet(46)) - raft.server.leaderelection.leader.step-down.wait-time = 10s (default)
2023-09-07 12:25:18,575 [main] INFO  server.RaftServerConfigKeys (ConfUtils.java:logGet(46)) - raft.server.storage.dir = [/tmp/junit3633147490890229400/ratis] (custom)
2023-09-07 12:25:18,576 [main] INFO  server.RaftServer (RaftServerProxy.java:addNew(98)) - om1: addNew group-C5BA1605619E:[om1|rpc:0.0.0.0:9872|priority:0|startupRole:FOLLOWER] returns group-C5BA1605619E:java.util.concurrent.CompletableFuture@7192075e[Not completed]
2023-09-07 12:25:18,576 [om1-groupManagement] INFO  server.RaftServer$Division (RaftServerImpl.java:<init>(198)) - om1: new RaftServerImpl for group-C5BA1605619E:[om1|rpc:0.0.0.0:9872|priority:0|startupRole:FOLLOWER] with OzoneManagerStateMachine:uninitialized
2023-09-07 12:25:18,576 [main] INFO  om.OzoneManager (OzoneManager.java:initializeRatisServer(2145)) - OzoneManager Ratis server initialized at port 9872
2023-09-07 12:25:18,576 [om1-groupManagement] INFO  server.RaftServerConfigKeys (ConfUtils.java:logGet(46)) - raft.server.rpc.timeout.min = 5s (custom)
2023-09-07 12:25:18,576 [main] INFO  om.OzoneManager (OzoneManager.java:getRpcServer(1196)) - Creating RPC Server
2023-09-07 12:25:18,576 [om1-groupManagement] INFO  server.RaftServerConfigKeys (ConfUtils.java:logGet(46)) - raft.server.rpc.timeout.max = 5200ms (custom)
2023-09-07 12:25:18,577 [om1-groupManagement] INFO  server.RaftServerConfigKeys (ConfUtils.java:logGet(46)) - raft.server.rpc.sleep.time = 25ms (default)
2023-09-07 12:25:18,577 [om1-groupManagement] INFO  server.RaftServerConfigKeys (ConfUtils.java:logGet(46)) - raft.server.rpc.slowness.timeout = 120s (custom)
2023-09-07 12:25:18,577 [om1-groupManagement] INFO  server.RaftServerConfigKeys (ConfUtils.java:logGet(46)) - raft.server.leaderelection.leader.step-down.wait-time = 10s (default)
2023-09-07 12:25:18,577 [om1-groupManagement] INFO  server.RaftServerConfigKeys (ConfUtils.java:logGet(46)) - raft.server.sleep.deviation.threshold = 300ms (default)
2023-09-07 12:25:18,577 [om1-groupManagement] INFO  server.RaftServer$Division (ServerState.java:<init>(120)) - om1@group-C5BA1605619E: ConfigurationManager, init=-1: peers:[om1|rpc:0.0.0.0:9872|priority:0|startupRole:FOLLOWER]|listeners:[], old=null, confs=<EMPTY_MAP>
2023-09-07 12:25:18,577 [om1-groupManagement] INFO  server.RaftServerConfigKeys (ConfUtils.java:logGet(46)) - raft.server.storage.dir = [/tmp/junit3633147490890229400/ratis] (custom)
2023-09-07 12:25:18,577 [om1-groupManagement] INFO  server.RaftServerConfigKeys (ConfUtils.java:logGet(46)) - raft.server.log.corruption.policy = EXCEPTION (default)
2023-09-07 12:25:18,577 [om1-groupManagement] INFO  server.RaftServerConfigKeys (ConfUtils.java:logGet(46)) - raft.server.storage.free-space.min = 0MB (=0) (default)
2023-09-07 12:25:18,577 [om1-groupManagement] INFO  server.RaftServerConfigKeys (ConfUtils.java:logGet(46)) - raft.server.notification.no-leader.timeout = 120s (custom)
2023-09-07 12:25:18,577 [om1-groupManagement] INFO  server.RaftServerConfigKeys (ConfUtils.java:logGet(46)) - raft.server.read.timeout = 10s (default)
2023-09-07 12:25:18,577 [om1-groupManagement] INFO  server.RaftServerConfigKeys (ConfUtils.java:logGet(46)) - raft.server.retrycache.expirytime = 300s (custom)
2023-09-07 12:25:18,577 [om1-groupManagement] INFO  server.RaftServerConfigKeys (ConfUtils.java:logGet(46)) - raft.server.retrycache.statistics.expirytime = 100μs (default)
2023-09-07 12:25:18,577 [om1-groupManagement] INFO  server.RaftServerConfigKeys (ConfUtils.java:logGet(46)) - raft.server.read.option = DEFAULT (default)
2023-09-07 12:25:18,578 [om1-groupManagement] INFO  server.RaftServerConfigKeys (ConfUtils.java:logGet(46)) - raft.server.rpc.request.timeout = 3000ms (default)
2023-09-07 12:25:18,579 [om1-groupManagement] INFO  server.RaftServerConfigKeys (ConfUtils.java:logGet(46)) - raft.server.log.appender.install.snapshot.enabled = false (custom)
2023-09-07 12:25:18,579 [om1-groupManagement] INFO  server.RaftServerConfigKeys (ConfUtils.java:logGet(46)) - raft.server.threadpool.server.cached = true (default)
2023-09-07 12:25:18,579 [om1-groupManagement] INFO  server.RaftServerConfigKeys (ConfUtils.java:logGet(46)) - raft.server.threadpool.server.size = 0 (default)
2023-09-07 12:25:18,579 [om1-groupManagement] INFO  server.RaftServerConfigKeys (ConfUtils.java:logGet(46)) - raft.server.threadpool.client.cached = true (default)
2023-09-07 12:25:18,579 [om1-groupManagement] INFO  server.RaftServerConfigKeys (ConfUtils.java:logGet(46)) - raft.server.threadpool.client.size = 0 (default)
2023-09-07 12:25:18,769 [main] INFO  reflections.Reflections (Reflections.java:scan(232)) - Reflections took 192 ms to scan 12 urls, producing 50 keys and 2998 values [using 2 cores]
2023-09-07 12:25:18,771 [main] INFO  ipc.CallQueueManager (CallQueueManager.java:<init>(90)) - Using callQueue: class java.util.concurrent.LinkedBlockingQueue, queueCapacity: 10000, scheduler: class org.apache.hadoop.ipc.DefaultRpcScheduler, ipcBackoff: false.
2023-09-07 12:25:18,771 [main] INFO  ipc.Server (Server.java:<init>(1287)) - Listener at 0.0.0.0:9862
2023-09-07 12:25:18,773 [Socket Reader #1 for port 9862] INFO  ipc.Server (Server.java:run(1323)) - Starting Socket Reader #1 for port 9862
2023-09-07 12:25:18,790 [main] INFO  impl.MetricsSystemImpl (MetricsSystemImpl.java:init(158)) - OzoneManager metrics system started (again)
2023-09-07 12:25:18,796 [main] INFO  om.OzoneManager (OzoneManager.java:start(1630)) - OzoneManager RPC server is listening at /0.0.0.0:9862
2023-09-07 12:25:18,797 [main] INFO  ratis.OzoneManagerRatisServer (OzoneManagerRatisServer.java:start(558)) - Starting OzoneManagerRatisServer om1 at port 9872
2023-09-07 12:25:18,797 [om1-impl-thread1] INFO  storage.RaftStorageDirectory (RaftStorageDirectoryImpl.java:analyzeStorage(137)) - The storage directory /tmp/junit3633147490890229400/ratis/bf265839-605b-3f16-9796-c5ba1605619e does not exist. Creating ...
2023-09-07 12:25:18,798 [om1-impl-thread1] INFO  storage.RaftStorageDirectory (RaftStorageDirectoryImpl.java:tryLock(231)) - Lock on /tmp/junit3633147490890229400/ratis/bf265839-605b-3f16-9796-c5ba1605619e/in_use.lock acquired by nodename 188533@fv-az796-443
2023-09-07 12:25:18,799 [om1-impl-thread1] INFO  storage.RaftStorage (RaftStorageImpl.java:format(96)) - Storage directory /tmp/junit3633147490890229400/ratis/bf265839-605b-3f16-9796-c5ba1605619e has been successfully formatted.
2023-09-07 12:25:18,799 [om1-impl-thread1] INFO  server.RaftServerConfigKeys (ConfUtils.java:logGet(46)) - raft.server.log.use.memory = false (default)
2023-09-07 12:25:18,800 [om1-impl-thread1] INFO  server.RaftServerConfigKeys (ConfUtils.java:logGet(46)) - raft.server.log.purge.gap = 1000000 (custom)
2023-09-07 12:25:18,800 [om1-impl-thread1] INFO  server.RaftServerConfigKeys (ConfUtils.java:logGet(46)) - raft.server.log.appender.buffer.byte-limit = 33554432 (custom)
2023-09-07 12:25:18,800 [om1-impl-thread1] INFO  server.RaftServerConfigKeys (ConfUtils.java:logGet(46)) - raft.server.log.statemachine.data.read.timeout = 1000ms (default)
2023-09-07 12:25:18,800 [om1-impl-thread1] INFO  server.RaftServerConfigKeys (ConfUtils.java:logGet(46)) - raft.server.log.purge.preservation.log.num = 0 (default)
2023-09-07 12:25:18,800 [om1-impl-thread1] INFO  server.RaftServerConfigKeys (ConfUtils.java:logGet(46)) - raft.server.log.segment.size.max = 4194304 (custom)
2023-09-07 12:25:18,800 [om1-impl-thread1] INFO  server.RaftServerConfigKeys (ConfUtils.java:logGet(46)) - raft.server.log.segment.cache.num.max = 2 (custom)
2023-09-07 12:25:18,800 [om1-impl-thread1] INFO  server.RaftServerConfigKeys (ConfUtils.java:logGet(46)) - raft.server.log.segment.cache.size.max = 200MB (=209715200) (default)
2023-09-07 12:25:18,800 [om1-impl-thread1] INFO  server.RaftServerConfigKeys (ConfUtils.java:logGet(46)) - raft.server.log.appender.buffer.byte-limit = 33554432 (custom)
2023-09-07 12:25:18,800 [om1-impl-thread1] INFO  segmented.SegmentedRaftLogWorker (SegmentedRaftLogWorker.java:<init>(188)) - new om1@group-C5BA1605619E-SegmentedRaftLogWorker for RaftStorageImpl:Storage Directory /tmp/junit3633147490890229400/ratis/bf265839-605b-3f16-9796-c5ba1605619e
2023-09-07 12:25:18,800 [om1-impl-thread1] INFO  server.RaftServerConfigKeys (ConfUtils.java:logGet(46)) - raft.server.log.queue.byte-limit = 64MB (=67108864) (default)
2023-09-07 12:25:18,800 [om1-impl-thread1] INFO  server.RaftServerConfigKeys (ConfUtils.java:logGet(46)) - raft.server.log.queue.element-limit = 4096 (default)
2023-09-07 12:25:18,800 [om1-impl-thread1] INFO  server.RaftServerConfigKeys (ConfUtils.java:logGet(46)) - raft.server.log.segment.size.max = 4194304 (custom)
2023-09-07 12:25:18,801 [om1-impl-thread1] INFO  server.RaftServerConfigKeys (ConfUtils.java:logGet(46)) - raft.server.log.preallocated.size = 4194304 (custom)
2023-09-07 12:25:18,801 [om1-impl-thread1] INFO  server.RaftServerConfigKeys (ConfUtils.java:logGet(46)) - raft.server.log.force.sync.num = 128 (default)
2023-09-07 12:25:18,801 [om1-impl-thread1] INFO  server.RaftServerConfigKeys (ConfUtils.java:logGet(46)) - raft.server.log.statemachine.data.sync = true (default)
2023-09-07 12:25:18,801 [om1-impl-thread1] INFO  server.RaftServerConfigKeys (ConfUtils.java:logGet(46)) - raft.server.log.statemachine.data.sync.timeout = 10s (default)
2023-09-07 12:25:18,801 [om1-impl-thread1] INFO  server.RaftServerConfigKeys (ConfUtils.java:logGet(46)) - raft.server.log.statemachine.data.sync.timeout.retry = -1 (default)
2023-09-07 12:25:18,801 [om1-impl-thread1] INFO  server.RaftServerConfigKeys (ConfUtils.java:logGet(46)) - raft.server.log.write.buffer.size = 64KB (=65536) (default)
2023-09-07 12:25:18,801 [om1-impl-thread1] INFO  server.RaftServerConfigKeys (ConfUtils.java:logGet(46)) - raft.server.log.appender.buffer.byte-limit = 33554432 (custom)
2023-09-07 12:25:18,806 [om1-impl-thread1] INFO  server.RaftServerConfigKeys (ConfUtils.java:logGet(46)) - raft.server.log.unsafe-flush.enabled = false (default)
2023-09-07 12:25:18,806 [om1-impl-thread1] INFO  server.RaftServerConfigKeys (ConfUtils.java:logGet(46)) - raft.server.log.async-flush.enabled = false (default)
2023-09-07 12:25:18,806 [om1-impl-thread1] INFO  server.RaftServerConfigKeys (ConfUtils.java:logGet(46)) - raft.server.log.statemachine.data.caching.enabled = false (default)
2023-09-07 12:25:18,806 [om1-impl-thread1] INFO  segmented.SegmentedRaftLogWorker (SegmentedRaftLogWorker.java:lambda$new$0(135)) - om1@group-C5BA1605619E-SegmentedRaftLogWorker: flushIndex: setUnconditionally 0 -> -1
2023-09-07 12:25:18,806 [om1-impl-thread1] INFO  segmented.SegmentedRaftLogWorker (SegmentedRaftLogWorker.java:lambda$new$0(135)) - om1@group-C5BA1605619E-SegmentedRaftLogWorker: safeCacheEvictIndex: setUnconditionally 0 -> -1
2023-09-07 12:25:18,806 [om1-impl-thread1] INFO  server.RaftServer$Division (RaftServerImpl.java:start(342)) - om1@group-C5BA1605619E: start as a follower, conf=-1: peers:[om1|rpc:0.0.0.0:9872|priority:0|startupRole:FOLLOWER]|listeners:[], old=null
2023-09-07 12:25:18,806 [om1-impl-thread1] INFO  server.RaftServer$Division (RaftServerImpl.java:setRole(329)) - om1@group-C5BA1605619E: changes role from      null to FOLLOWER at term 0 for startAsFollower
2023-09-07 12:25:18,807 [om1-impl-thread1] INFO  impl.RoleInfo (RoleInfo.java:updateAndGet(139)) - om1: start om1@group-C5BA1605619E-FollowerState
2023-09-07 12:25:18,807 [om1-impl-thread1] INFO  util.JmxRegister (JmxRegister.java:tryRegister(44)) - Successfully registered JMX Bean with object name Ratis:service=RaftServer,group=group-C5BA1605619E,id=om1
2023-09-07 12:25:18,807 [om1-impl-thread1] INFO  server.RaftServerConfigKeys (ConfUtils.java:logGet(46)) - raft.server.snapshot.auto.trigger.enabled = true (custom)
2023-09-07 12:25:18,807 [om1-impl-thread1] INFO  server.RaftServerConfigKeys (ConfUtils.java:logGet(46)) - raft.server.snapshot.auto.trigger.threshold = 400000 (default)
2023-09-07 12:25:18,807 [om1-impl-thread1] INFO  server.RaftServerConfigKeys (ConfUtils.java:logGet(46)) - raft.server.snapshot.retention.file.num = -1 (default)
2023-09-07 12:25:18,807 [om1-impl-thread1] INFO  server.RaftServerConfigKeys (ConfUtils.java:logGet(46)) - raft.server.log.purge.upto.snapshot.index = true (custom)
2023-09-07 12:25:18,808 [om1@group-C5BA1605619E-FollowerState] INFO  server.RaftServerConfigKeys (ConfUtils.java:logFallback(53)) - raft.server.rpc.first-election.timeout.min = 5s (fallback to raft.server.rpc.timeout.min)
2023-09-07 12:25:18,808 [om1@group-C5BA1605619E-FollowerState] INFO  server.RaftServerConfigKeys (ConfUtils.java:logFallback(53)) - raft.server.rpc.first-election.timeout.max = 5200ms (fallback to raft.server.rpc.timeout.max)
2023-09-07 12:25:18,808 [main] INFO  server.RaftServer (RaftServerProxy.java:startImpl(400)) - om1: start RPC server
2023-09-07 12:25:18,811 [main] INFO  server.GrpcService (GrpcService.java:startImpl(302)) - om1: GrpcService started, listening on 9872
2023-09-07 12:25:18,814 [main] INFO  om.OzoneManager (OzoneManager.java:start(1646)) - Version File has different layout version (6) than OM DB (null). That is expected if this OM has never been finalized to a newer layout version.
2023-09-07 12:25:18,815 [JvmPauseMonitor5] INFO  util.JvmPauseMonitor (JvmPauseMonitor.java:run(103)) - JvmPauseMonitor-om1: Started
2023-09-07 12:25:18,818 [main] INFO  http.BaseHttpServer (BaseHttpServer.java:newHttpServer2BuilderForOzone(223)) - Starting Web-server for ozoneManager at: http://0.0.0.0:9874
2023-09-07 12:25:18,818 [main] INFO  http.BaseHttpServer (BaseHttpServer.java:<init>(110)) - Hadoop Security Enabled: false Ozone Security Enabled: false Ozone HTTP Security Enabled: false 
2023-09-07 12:25:18,819 [main] WARN  server.AuthenticationFilter (AuthenticationFilter.java:constructSecretProvider(240)) - Unable to initialize FileSignerSecretProvider, falling back to use random secrets. Reason: Could not read signature secret file: /home/runner/hadoop-http-auth-signature-secret
2023-09-07 12:25:18,820 [main] INFO  http.HttpRequestLog (HttpRequestLog.java:getRequestLog(86)) - Http request log for http.requests.ozoneManager is not defined
2023-09-07 12:25:18,822 [main] INFO  http.HttpServer2 (HttpServer2.java:addGlobalFilter(1031)) - Added global filter 'safety' (class=org.apache.hadoop.hdds.server.http.HttpServer2$QuotingInputFilter)
2023-09-07 12:25:18,823 [main] INFO  http.HttpServer2 (HttpServer2.java:addFilter(1007)) - Added filter static_user_filter (class=org.apache.hadoop.http.lib.StaticUserWebFilter$StaticUserFilter) to context ozoneManager
2023-09-07 12:25:18,823 [main] INFO  http.HttpServer2 (HttpServer2.java:addFilter(1015)) - Added filter static_user_filter (class=org.apache.hadoop.http.lib.StaticUserWebFilter$StaticUserFilter) to context static
2023-09-07 12:25:18,823 [main] INFO  http.HttpServer2 (HttpServer2.java:addFilter(1015)) - Added filter static_user_filter (class=org.apache.hadoop.http.lib.StaticUserWebFilter$StaticUserFilter) to context logs
2023-09-07 12:25:18,824 [main] INFO  http.BaseHttpServer (BaseHttpServer.java:<init>(189)) - HTTP server of ozoneManager uses base directory /tmp/junit3633147490890229400/webserver
2023-09-07 12:25:18,824 [main] INFO  http.HttpServer2 (HttpServer2.java:bindListener(1231)) - Jetty bound to port 9874
2023-09-07 12:25:18,824 [main] INFO  server.Server (Server.java:doStart(375)) - jetty-9.4.51.v20230217; built: 2023-02-17T08:19:37.309Z; git: b45c405e4544384de066f814ed42ae3dceacdd49; jvm 1.8.0_382-b05
2023-09-07 12:25:18,826 [main] INFO  server.session (DefaultSessionIdManager.java:doStart(334)) - DefaultSessionIdManager workerName=node0
2023-09-07 12:25:18,826 [main] INFO  server.session (DefaultSessionIdManager.java:doStart(339)) - No SessionScavenger set, using defaults
2023-09-07 12:25:18,826 [main] INFO  server.session (HouseKeeper.java:startScavenging(132)) - node0 Scavenging every 660000ms
2023-09-07 12:25:18,827 [main] INFO  handler.ContextHandler (ContextHandler.java:doStart(921)) - Started o.e.j.s.ServletContextHandler@6f192ba4{logs,/logs,file:///home/runner/work/ozone/ozone/hadoop-ozone/ozone-manager/target/log,AVAILABLE}
2023-09-07 12:25:18,828 [main] INFO  handler.ContextHandler (ContextHandler.java:doStart(921)) - Started o.e.j.s.ServletContextHandler@5569ea9e{static,/static,file:///home/runner/work/ozone/ozone/hadoop-ozone/ozone-manager/target/classes/webapps/static,AVAILABLE}
2023-09-07 12:25:18,831 [main] INFO  handler.ContextHandler (ContextHandler.java:doStart(921)) - Started o.e.j.w.WebAppContext@7b58475e{ozoneManager,/,file:///home/runner/work/ozone/ozone/hadoop-ozone/ozone-manager/target/classes/webapps/ozoneManager/,AVAILABLE}{file:/home/runner/work/ozone/ozone/hadoop-ozone/ozone-manager/target/classes/webapps/ozoneManager}
2023-09-07 12:25:18,832 [main] INFO  server.AbstractConnector (AbstractConnector.java:doStart(333)) - Started ServerConnector@172ee77c{HTTP/1.1, (http/1.1)}{0.0.0.0:9874}
2023-09-07 12:25:18,832 [main] INFO  server.Server (Server.java:doStart(415)) - Started @74325ms
2023-09-07 12:25:18,833 [main] WARN  impl.MetricsSystemImpl (MetricsSystemImpl.java:register(279)) - Sink prometheus already exists!
2023-09-07 12:25:18,833 [main] INFO  http.BaseHttpServer (BaseHttpServer.java:updateConnectorAddress(354)) - HTTP server of ozoneManager listening at http://0.0.0.0:9874
2023-09-07 12:25:18,833 [IPC Server Responder] INFO  ipc.Server (Server.java:run(1562)) - IPC Server Responder: starting
2023-09-07 12:25:18,838 [IPC Server listener on 9862] INFO  ipc.Server (Server.java:run(1402)) - IPC Server listener on 9862: starting
2023-09-07 12:25:18,845 [main] INFO  om.OzoneManager (OzoneManager.java:startTrashEmptier(2098)) - Trash Interval set to 0. Files deleted won't move to trash
2023-09-07 12:25:18,853 [main] INFO  om.GrpcOzoneManagerServer (GrpcOzoneManagerServer.java:start(180)) - GrpcOzoneManagerServer is started using port 8981
2023-09-07 12:25:20,865 [main] INFO  retry.RetryInvocationHandler (RetryInvocationHandler.java:log(422)) - com.google.protobuf.ServiceException: org.apache.hadoop.ipc.RemoteException(org.apache.hadoop.ozone.om.exceptions.OMNotLeaderException): OM:om1 is not the leader. Could not determine the leader node.
	at org.apache.hadoop.ozone.protocolPB.OzoneManagerProtocolServerSideTranslatorPB.createNotLeaderException(OzoneManagerProtocolServerSideTranslatorPB.java:246)
	at org.apache.hadoop.ozone.protocolPB.OzoneManagerProtocolServerSideTranslatorPB.createLeaderErrorException(OzoneManagerProtocolServerSideTranslatorPB.java:234)
	at org.apache.hadoop.ozone.protocolPB.OzoneManagerProtocolServerSideTranslatorPB.submitReadRequestToOM(OzoneManagerProtocolServerSideTranslatorPB.java:227)
	at org.apache.hadoop.ozone.protocolPB.OzoneManagerProtocolServerSideTranslatorPB.processRequest(OzoneManagerProtocolServerSideTranslatorPB.java:179)
	at org.apache.hadoop.hdds.server.OzoneProtocolMessageDispatcher.processRequest(OzoneProtocolMessageDispatcher.java:87)
	at org.apache.hadoop.ozone.protocolPB.OzoneManagerProtocolServerSideTranslatorPB.submitRequest(OzoneManagerProtocolServerSideTranslatorPB.java:148)
	at org.apache.hadoop.ozone.protocol.proto.OzoneManagerProtocolProtos$OzoneManagerService$2.callBlockingMethod(OzoneManagerProtocolProtos.java)
	at org.apache.hadoop.ipc.ProtobufRpcEngine$Server.processCall(ProtobufRpcEngine.java:484)
	at org.apache.hadoop.ipc.ProtobufRpcEngine2$Server$ProtoBufRpcInvoker.call(ProtobufRpcEngine2.java:595)
	at org.apache.hadoop.ipc.ProtobufRpcEngine2$Server$ProtoBufRpcInvoker.call(ProtobufRpcEngine2.java:573)
	at org.apache.hadoop.ipc.RPC$Server.call(RPC.java:1227)
	at org.apache.hadoop.ipc.Server$RpcCall.run(Server.java:1094)
	at org.apache.hadoop.ipc.Server$RpcCall.run(Server.java:1017)
	at java.security.AccessController.doPrivileged(Native Method)
	at javax.security.auth.Subject.doAs(Subject.java:422)
	at org.apache.hadoop.security.UserGroupInformation.doAs(UserGroupInformation.java:1899)
	at org.apache.hadoop.ipc.Server$Handler.run(Server.java:3048)
, while invoking $Proxy66.submitRequest over nodeId=null,nodeAddress=0.0.0.0:9862 after 1 failover attempts. Trying to failover after sleeping for 4000ms. Current retry count: 1.
2023-09-07 12:25:23,880 [om1@group-C5BA1605619E-FollowerState] INFO  impl.FollowerState (FollowerState.java:run(143)) - om1@group-C5BA1605619E-FollowerState: change to CANDIDATE, lastRpcElapsedTime:5073395263ns, electionTimeout:5072ms
2023-09-07 12:25:23,881 [om1@group-C5BA1605619E-FollowerState] INFO  impl.RoleInfo (RoleInfo.java:shutdownFollowerState(110)) - om1: shutdown om1@group-C5BA1605619E-FollowerState
2023-09-07 12:25:23,881 [om1@group-C5BA1605619E-FollowerState] INFO  server.RaftServer$Division (RaftServerImpl.java:setRole(329)) - om1@group-C5BA1605619E: changes role from  FOLLOWER to CANDIDATE at term 0 for changeToCandidate
2023-09-07 12:25:23,881 [om1@group-C5BA1605619E-FollowerState] INFO  server.RaftServerConfigKeys (ConfUtils.java:logGet(46)) - raft.server.leaderelection.pre-vote = true (default)
2023-09-07 12:25:23,881 [om1@group-C5BA1605619E-FollowerState] INFO  impl.RoleInfo (RoleInfo.java:updateAndGet(139)) - om1: start om1@group-C5BA1605619E-LeaderElection6
2023-09-07 12:25:23,882 [om1@group-C5BA1605619E-LeaderElection6] INFO  impl.LeaderElection (LeaderElection.java:askForVotes(321)) - om1@group-C5BA1605619E-LeaderElection6 PRE_VOTE round 0: submit vote requests at term 0 for -1: peers:[om1|rpc:0.0.0.0:9872|priority:0|startupRole:FOLLOWER]|listeners:[], old=null
2023-09-07 12:25:23,882 [om1@group-C5BA1605619E-LeaderElection6] INFO  impl.LeaderElection (LeaderElection.java:askForVotes(323)) - om1@group-C5BA1605619E-LeaderElection6 PRE_VOTE round 0: result PASSED (term=0)
2023-09-07 12:25:23,884 [om1@group-C5BA1605619E-LeaderElection6] INFO  impl.LeaderElection (LeaderElection.java:askForVotes(321)) - om1@group-C5BA1605619E-LeaderElection6 ELECTION round 0: submit vote requests at term 1 for -1: peers:[om1|rpc:0.0.0.0:9872|priority:0|startupRole:FOLLOWER]|listeners:[], old=null
2023-09-07 12:25:23,884 [om1@group-C5BA1605619E-LeaderElection6] INFO  impl.LeaderElection (LeaderElection.java:askForVotes(323)) - om1@group-C5BA1605619E-LeaderElection6 ELECTION round 0: result PASSED (term=1)
2023-09-07 12:25:23,884 [om1@group-C5BA1605619E-LeaderElection6] INFO  impl.RoleInfo (RoleInfo.java:shutdownLeaderElection(130)) - om1: shutdown om1@group-C5BA1605619E-LeaderElection6
2023-09-07 12:25:23,884 [om1@group-C5BA1605619E-LeaderElection6] INFO  server.RaftServer$Division (RaftServerImpl.java:setRole(329)) - om1@group-C5BA1605619E: changes role from CANDIDATE to LEADER at term 1 for changeToLeader
2023-09-07 12:25:23,885 [om1@group-C5BA1605619E-LeaderElection6] INFO  server.RaftServer$Division (ServerState.java:setLeader(317)) - om1@group-C5BA1605619E: change Leader from null to om1 at term 1 for becomeLeader, leader elected after 5307ms
2023-09-07 12:25:23,885 [om1@group-C5BA1605619E-LeaderElection6] INFO  server.RaftServerConfigKeys (ConfUtils.java:logGet(46)) - raft.server.staging.catchup.gap = 1000 (default)
2023-09-07 12:25:23,885 [om1@group-C5BA1605619E-LeaderElection6] INFO  server.RaftServerConfigKeys (ConfUtils.java:logGet(46)) - raft.server.write.element-limit = 4096 (default)
2023-09-07 12:25:23,885 [om1@group-C5BA1605619E-LeaderElection6] INFO  server.RaftServerConfigKeys (ConfUtils.java:logGet(46)) - raft.server.write.byte-limit = 64MB (=67108864) (default)
2023-09-07 12:25:23,885 [om1@group-C5BA1605619E-LeaderElection6] INFO  server.RaftServerConfigKeys (ConfUtils.java:logGet(46)) - raft.server.watch.timeout = 10s (default)
2023-09-07 12:25:23,886 [om1@group-C5BA1605619E-LeaderElection6] INFO  server.RaftServerConfigKeys (ConfUtils.java:logGet(46)) - raft.server.watch.timeout.denomination = 1s (default)
2023-09-07 12:25:23,886 [om1@group-C5BA1605619E-LeaderElection6] INFO  server.RaftServerConfigKeys (ConfUtils.java:logGet(46)) - raft.server.watch.element-limit = 65536 (default)
2023-09-07 12:25:23,886 [om1@group-C5BA1605619E-LeaderElection6] INFO  server.RaftServerConfigKeys (ConfUtils.java:logGet(46)) - raft.server.write.element-limit = 4096 (default)
2023-09-07 12:25:23,886 [om1@group-C5BA1605619E-LeaderElection6] INFO  server.RaftServerConfigKeys (ConfUtils.java:logGet(46)) - raft.server.write.follower.gap.ratio.max = -1.0 (default)
2023-09-07 12:25:23,886 [om1@group-C5BA1605619E-LeaderElection6] INFO  impl.RoleInfo (RoleInfo.java:updateAndGet(139)) - om1: start om1@group-C5BA1605619E-LeaderStateImpl
2023-09-07 12:25:23,886 [om1@group-C5BA1605619E-LeaderElection6] INFO  segmented.SegmentedRaftLogWorker (SegmentedRaftLogWorker.java:startLogSegment(447)) - om1@group-C5BA1605619E-SegmentedRaftLogWorker: Starting segment from index:0
2023-09-07 12:25:23,891 [om1@group-C5BA1605619E-LeaderElection6] INFO  server.RaftServer$Division (ServerState.java:setRaftConf(434)) - om1@group-C5BA1605619E: set configuration 0: peers:[om1|rpc:0.0.0.0:9872|admin:|client:|dataStream:|priority:0|startupRole:FOLLOWER]|listeners:[], old=null
2023-09-07 12:25:23,898 [om1@group-C5BA1605619E-SegmentedRaftLogWorker] INFO  segmented.SegmentedRaftLogWorker (SegmentedRaftLogWorker.java:execute(651)) - om1@group-C5BA1605619E-SegmentedRaftLogWorker: created new log segment /tmp/junit3633147490890229400/ratis/bf265839-605b-3f16-9796-c5ba1605619e/current/log_inprogress_0
2023-09-07 12:25:23,901 [om1@group-C5BA1605619E-StateMachineUpdater] INFO  ratis.OzoneManagerStateMachine (OzoneManagerStateMachine.java:notifyConfigurationChanged(202)) - Received Configuration change notification from Ratis. New Peer list:
[id: "om1"
address: "0.0.0.0:9872"
startupRole: FOLLOWER
]
2023-09-07 12:25:24,870 [main] INFO  service.TestOpenKeyCleanupService (TestOpenKeyCleanupService.java:testCleanupExpiredOpenKeys(136)) - numDEFKeys=66, numFSOKeys=77, hsync? false
2023-09-07 12:25:24,971 [main] INFO  service.TestOpenKeyCleanupService (TestOpenKeyCleanupService.java:testCleanupExpiredOpenKeys(147)) - oldkeyCount=0, oldrunCount=20
2023-09-07 12:25:24,995 [OM StateMachine ApplyTransaction Thread - 0] WARN  helpers.QuotaUtil (QuotaUtil.java:getReplicatedSize(63)) - Unknown replication type 'STAND_ALONE'. Returning original data size.
2023-09-07 12:25:24,995 [OM StateMachine ApplyTransaction Thread - 0] WARN  helpers.QuotaUtil (QuotaUtil.java:getReplicatedSize(63)) - Unknown replication type 'STAND_ALONE'. Returning original data size.
2023-09-07 12:25:25,003 [OM StateMachine ApplyTransaction Thread - 0] WARN  helpers.QuotaUtil (QuotaUtil.java:getReplicatedSize(63)) - Unknown replication type 'STAND_ALONE'. Returning original data size.
2023-09-07 12:25:25,003 [OM StateMachine ApplyTransaction Thread - 0] WARN  helpers.QuotaUtil (QuotaUtil.java:getReplicatedSize(63)) - Unknown replication type 'STAND_ALONE'. Returning original data size.
2023-09-07 12:25:25,008 [OM StateMachine ApplyTransaction Thread - 0] WARN  helpers.QuotaUtil (QuotaUtil.java:getReplicatedSize(63)) - Unknown replication type 'STAND_ALONE'. Returning original data size.
2023-09-07 12:25:25,008 [OM StateMachine ApplyTransaction Thread - 0] WARN  helpers.QuotaUtil (QuotaUtil.java:getReplicatedSize(63)) - Unknown replication type 'STAND_ALONE'. Returning original data size.
2023-09-07 12:25:25,016 [OM StateMachine ApplyTransaction Thread - 0] WARN  helpers.QuotaUtil (QuotaUtil.java:getReplicatedSize(63)) - Unknown replication type 'STAND_ALONE'. Returning original data size.
2023-09-07 12:25:25,016 [OM StateMachine ApplyTransaction Thread - 0] WARN  helpers.QuotaUtil (QuotaUtil.java:getReplicatedSize(63)) - Unknown replication type 'STAND_ALONE'. Returning original data size.
2023-09-07 12:25:25,019 [OM StateMachine ApplyTransaction Thread - 0] WARN  helpers.QuotaUtil (QuotaUtil.java:getReplicatedSize(63)) - Unknown replication type 'STAND_ALONE'. Returning original data size.
2023-09-07 12:25:25,019 [OM StateMachine ApplyTransaction Thread - 0] WARN  helpers.QuotaUtil (QuotaUtil.java:getReplicatedSize(63)) - Unknown replication type 'STAND_ALONE'. Returning original data size.
2023-09-07 12:25:25,028 [OM StateMachine ApplyTransaction Thread - 0] WARN  helpers.QuotaUtil (QuotaUtil.java:getReplicatedSize(63)) - Unknown replication type 'STAND_ALONE'. Returning original data size.
2023-09-07 12:25:25,028 [OM StateMachine ApplyTransaction Thread - 0] WARN  helpers.QuotaUtil (QuotaUtil.java:getReplicatedSize(63)) - Unknown replication type 'STAND_ALONE'. Returning original data size.
2023-09-07 12:25:25,031 [OM StateMachine ApplyTransaction Thread - 0] WARN  helpers.QuotaUtil (QuotaUtil.java:getReplicatedSize(63)) - Unknown replication type 'STAND_ALONE'. Returning original data size.
2023-09-07 12:25:25,031 [OM StateMachine ApplyTransaction Thread - 0] WARN  helpers.QuotaUtil (QuotaUtil.java:getReplicatedSize(63)) - Unknown replication type 'STAND_ALONE'. Returning original data size.
2023-09-07 12:25:25,040 [OM StateMachine ApplyTransaction Thread - 0] WARN  helpers.QuotaUtil (QuotaUtil.java:getReplicatedSize(63)) - Unknown replication type 'STAND_ALONE'. Returning original data size.
2023-09-07 12:25:25,040 [OM StateMachine ApplyTransaction Thread - 0] WARN  helpers.QuotaUtil (QuotaUtil.java:getReplicatedSize(63)) - Unknown replication type 'STAND_ALONE'. Returning original data size.
2023-09-07 12:25:25,043 [OM StateMachine ApplyTransaction Thread - 0] WARN  helpers.QuotaUtil (QuotaUtil.java:getReplicatedSize(63)) - Unknown replication type 'STAND_ALONE'. Returning original data size.
2023-09-07 12:25:25,043 [OM StateMachine ApplyTransaction Thread - 0] WARN  helpers.QuotaUtil (QuotaUtil.java:getReplicatedSize(63)) - Unknown replication type 'STAND_ALONE'. Returning original data size.
2023-09-07 12:25:25,050 [OM StateMachine ApplyTransaction Thread - 0] WARN  helpers.QuotaUtil (QuotaUtil.java:getReplicatedSize(63)) - Unknown replication type 'STAND_ALONE'. Returning original data size.
2023-09-07 12:25:25,050 [OM StateMachine ApplyTransaction Thread - 0] WARN  helpers.QuotaUtil (QuotaUtil.java:getReplicatedSize(63)) - Unknown replication type 'STAND_ALONE'. Returning original data size.
2023-09-07 12:25:25,062 [OM StateMachine ApplyTransaction Thread - 0] WARN  helpers.QuotaUtil (QuotaUtil.java:getReplicatedSize(63)) - Unknown replication type 'STAND_ALONE'. Returning original data size.
2023-09-07 12:25:25,062 [OM StateMachine ApplyTransaction Thread - 0] WARN  helpers.QuotaUtil (QuotaUtil.java:getReplicatedSize(63)) - Unknown replication type 'STAND_ALONE'. Returning original data size.
2023-09-07 12:25:25,065 [OM StateMachine ApplyTransaction Thread - 0] WARN  helpers.QuotaUtil (QuotaUtil.java:getReplicatedSize(63)) - Unknown replication type 'STAND_ALONE'. Returning original data size.
2023-09-07 12:25:25,065 [OM StateMachine ApplyTransaction Thread - 0] WARN  helpers.QuotaUtil (QuotaUtil.java:getReplicatedSize(63)) - Unknown replication type 'STAND_ALONE'. Returning original data size.
2023-09-07 12:25:25,071 [OM StateMachine ApplyTransaction Thread - 0] WARN  helpers.QuotaUtil (QuotaUtil.java:getReplicatedSize(63)) - Unknown replication type 'STAND_ALONE'. Returning original data size.
2023-09-07 12:25:25,071 [OM StateMachine ApplyTransaction Thread - 0] WARN  helpers.QuotaUtil (QuotaUtil.java:getReplicatedSize(63)) - Unknown replication type 'STAND_ALONE'. Returning original data size.
2023-09-07 12:25:25,088 [OM StateMachine ApplyTransaction Thread - 0] WARN  helpers.QuotaUtil (QuotaUtil.java:getReplicatedSize(63)) - Unknown replication type 'STAND_ALONE'. Returning original data size.
2023-09-07 12:25:25,088 [OM StateMachine ApplyTransaction Thread - 0] WARN  helpers.QuotaUtil (QuotaUtil.java:getReplicatedSize(63)) - Unknown replication type 'STAND_ALONE'. Returning original data size.
2023-09-07 12:25:25,091 [OM StateMachine ApplyTransaction Thread - 0] WARN  helpers.QuotaUtil (QuotaUtil.java:getReplicatedSize(63)) - Unknown replication type 'STAND_ALONE'. Returning original data size.
2023-09-07 12:25:25,091 [OM StateMachine ApplyTransaction Thread - 0] WARN  helpers.QuotaUtil (QuotaUtil.java:getReplicatedSize(63)) - Unknown replication type 'STAND_ALONE'. Returning original data size.
2023-09-07 12:25:25,101 [OM StateMachine ApplyTransaction Thread - 0] WARN  helpers.QuotaUtil (QuotaUtil.java:getReplicatedSize(63)) - Unknown replication type 'STAND_ALONE'. Returning original data size.
2023-09-07 12:25:25,102 [OM StateMachine ApplyTransaction Thread - 0] WARN  helpers.QuotaUtil (QuotaUtil.java:getReplicatedSize(63)) - Unknown replication type 'STAND_ALONE'. Returning original data size.
2023-09-07 12:25:25,109 [OM StateMachine ApplyTransaction Thread - 0] WARN  helpers.QuotaUtil (QuotaUtil.java:getReplicatedSize(63)) - Unknown replication type 'STAND_ALONE'. Returning original data size.
2023-09-07 12:25:25,109 [OM StateMachine ApplyTransaction Thread - 0] WARN  helpers.QuotaUtil (QuotaUtil.java:getReplicatedSize(63)) - Unknown replication type 'STAND_ALONE'. Returning original data size.
2023-09-07 12:25:25,118 [OM StateMachine ApplyTransaction Thread - 0] WARN  helpers.QuotaUtil (QuotaUtil.java:getReplicatedSize(63)) - Unknown replication type 'STAND_ALONE'. Returning original data size.
2023-09-07 12:25:25,118 [OM StateMachine ApplyTransaction Thread - 0] WARN  helpers.QuotaUtil (QuotaUtil.java:getReplicatedSize(63)) - Unknown replication type 'STAND_ALONE'. Returning original data size.
2023-09-07 12:25:25,121 [OM StateMachine ApplyTransaction Thread - 0] WARN  helpers.QuotaUtil (QuotaUtil.java:getReplicatedSize(63)) - Unknown replication type 'STAND_ALONE'. Returning original data size.
2023-09-07 12:25:25,121 [OM StateMachine ApplyTransaction Thread - 0] WARN  helpers.QuotaUtil (QuotaUtil.java:getReplicatedSize(63)) - Unknown replication type 'STAND_ALONE'. Returning original data size.
2023-09-07 12:25:25,131 [OM StateMachine ApplyTransaction Thread - 0] WARN  helpers.QuotaUtil (QuotaUtil.java:getReplicatedSize(63)) - Unknown replication type 'STAND_ALONE'. Returning original data size.
2023-09-07 12:25:25,131 [OM StateMachine ApplyTransaction Thread - 0] WARN  helpers.QuotaUtil (QuotaUtil.java:getReplicatedSize(63)) - Unknown replication type 'STAND_ALONE'. Returning original data size.
2023-09-07 12:25:25,137 [OM StateMachine ApplyTransaction Thread - 0] WARN  helpers.QuotaUtil (QuotaUtil.java:getReplicatedSize(63)) - Unknown replication type 'STAND_ALONE'. Returning original data size.
2023-09-07 12:25:25,137 [OM StateMachine ApplyTransaction Thread - 0] WARN  helpers.QuotaUtil (QuotaUtil.java:getReplicatedSize(63)) - Unknown replication type 'STAND_ALONE'. Returning original data size.
2023-09-07 12:25:25,141 [OM StateMachine ApplyTransaction Thread - 0] WARN  helpers.QuotaUtil (QuotaUtil.java:getReplicatedSize(63)) - Unknown replication type 'STAND_ALONE'. Returning original data size.
2023-09-07 12:25:25,141 [OM StateMachine ApplyTransaction Thread - 0] WARN  helpers.QuotaUtil (QuotaUtil.java:getReplicatedSize(63)) - Unknown replication type 'STAND_ALONE'. Returning original data size.
2023-09-07 12:25:25,146 [OM StateMachine ApplyTransaction Thread - 0] WARN  helpers.QuotaUtil (QuotaUtil.java:getReplicatedSize(63)) - Unknown replication type 'STAND_ALONE'. Returning original data size.
2023-09-07 12:25:25,146 [OM StateMachine ApplyTransaction Thread - 0] WARN  helpers.QuotaUtil (QuotaUtil.java:getReplicatedSize(63)) - Unknown replication type 'STAND_ALONE'. Returning original data size.
2023-09-07 12:25:25,149 [OM StateMachine ApplyTransaction Thread - 0] WARN  helpers.QuotaUtil (QuotaUtil.java:getReplicatedSize(63)) - Unknown replication type 'STAND_ALONE'. Returning original data size.
2023-09-07 12:25:25,149 [OM StateMachine ApplyTransaction Thread - 0] WARN  helpers.QuotaUtil (QuotaUtil.java:getReplicatedSize(63)) - Unknown replication type 'STAND_ALONE'. Returning original data size.
2023-09-07 12:25:25,159 [OM StateMachine ApplyTransaction Thread - 0] WARN  helpers.QuotaUtil (QuotaUtil.java:getReplicatedSize(63)) - Unknown replication type 'STAND_ALONE'. Returning original data size.
2023-09-07 12:25:25,159 [OM StateMachine ApplyTransaction Thread - 0] WARN  helpers.QuotaUtil (QuotaUtil.java:getReplicatedSize(63)) - Unknown replication type 'STAND_ALONE'. Returning original data size.
2023-09-07 12:25:25,163 [OM StateMachine ApplyTransaction Thread - 0] WARN  helpers.QuotaUtil (QuotaUtil.java:getReplicatedSize(63)) - Unknown replication type 'STAND_ALONE'. Returning original data size.
2023-09-07 12:25:25,163 [OM StateMachine ApplyTransaction Thread - 0] WARN  helpers.QuotaUtil (QuotaUtil.java:getReplicatedSize(63)) - Unknown replication type 'STAND_ALONE'. Returning original data size.
2023-09-07 12:25:25,176 [OM StateMachine ApplyTransaction Thread - 0] WARN  helpers.QuotaUtil (QuotaUtil.java:getReplicatedSize(63)) - Unknown replication type 'STAND_ALONE'. Returning original data size.
2023-09-07 12:25:25,176 [OM StateMachine ApplyTransaction Thread - 0] WARN  helpers.QuotaUtil (QuotaUtil.java:getReplicatedSize(63)) - Unknown replication type 'STAND_ALONE'. Returning original data size.
2023-09-07 12:25:25,187 [OM StateMachine ApplyTransaction Thread - 0] WARN  helpers.QuotaUtil (QuotaUtil.java:getReplicatedSize(63)) - Unknown replication type 'STAND_ALONE'. Returning original data size.
2023-09-07 12:25:25,187 [OM StateMachine ApplyTransaction Thread - 0] WARN  helpers.QuotaUtil (QuotaUtil.java:getReplicatedSize(63)) - Unknown replication type 'STAND_ALONE'. Returning original data size.
2023-09-07 12:25:25,199 [OM StateMachine ApplyTransaction Thread - 0] WARN  helpers.QuotaUtil (QuotaUtil.java:getReplicatedSize(63)) - Unknown replication type 'STAND_ALONE'. Returning original data size.
2023-09-07 12:25:25,200 [OM StateMachine ApplyTransaction Thread - 0] WARN  helpers.QuotaUtil (QuotaUtil.java:getReplicatedSize(63)) - Unknown replication type 'STAND_ALONE'. Returning original data size.
2023-09-07 12:25:25,208 [OM StateMachine ApplyTransaction Thread - 0] WARN  helpers.QuotaUtil (QuotaUtil.java:getReplicatedSize(63)) - Unknown replication type 'STAND_ALONE'. Returning original data size.
2023-09-07 12:25:25,208 [OM StateMachine ApplyTransaction Thread - 0] WARN  helpers.QuotaUtil (QuotaUtil.java:getReplicatedSize(63)) - Unknown replication type 'STAND_ALONE'. Returning original data size.
2023-09-07 12:25:25,210 [OM StateMachine ApplyTransaction Thread - 0] WARN  helpers.QuotaUtil (QuotaUtil.java:getReplicatedSize(63)) - Unknown replication type 'STAND_ALONE'. Returning original data size.
2023-09-07 12:25:25,210 [OM StateMachine ApplyTransaction Thread - 0] WARN  helpers.QuotaUtil (QuotaUtil.java:getReplicatedSize(63)) - Unknown replication type 'STAND_ALONE'. Returning original data size.
2023-09-07 12:25:25,222 [OM StateMachine ApplyTransaction Thread - 0] WARN  helpers.QuotaUtil (QuotaUtil.java:getReplicatedSize(63)) - Unknown replication type 'STAND_ALONE'. Returning original data size.
2023-09-07 12:25:25,222 [OM StateMachine ApplyTransaction Thread - 0] WARN  helpers.QuotaUtil (QuotaUtil.java:getReplicatedSize(63)) - Unknown replication type 'STAND_ALONE'. Returning original data size.
2023-09-07 12:25:25,227 [OM StateMachine ApplyTransaction Thread - 0] WARN  helpers.QuotaUtil (QuotaUtil.java:getReplicatedSize(63)) - Unknown replication type 'STAND_ALONE'. Returning original data size.
2023-09-07 12:25:25,227 [OM StateMachine ApplyTransaction Thread - 0] WARN  helpers.QuotaUtil (QuotaUtil.java:getReplicatedSize(63)) - Unknown replication type 'STAND_ALONE'. Returning original data size.
2023-09-07 12:25:25,238 [OM StateMachine ApplyTransaction Thread - 0] WARN  helpers.QuotaUtil (QuotaUtil.java:getReplicatedSize(63)) - Unknown replication type 'STAND_ALONE'. Returning original data size.
2023-09-07 12:25:25,238 [OM StateMachine ApplyTransaction Thread - 0] WARN  helpers.QuotaUtil (QuotaUtil.java:getReplicatedSize(63)) - Unknown replication type 'STAND_ALONE'. Returning original data size.
2023-09-07 12:25:25,251 [OM StateMachine ApplyTransaction Thread - 0] WARN  helpers.QuotaUtil (QuotaUtil.java:getReplicatedSize(63)) - Unknown replication type 'STAND_ALONE'. Returning original data size.
2023-09-07 12:25:25,251 [OM StateMachine ApplyTransaction Thread - 0] WARN  helpers.QuotaUtil (QuotaUtil.java:getReplicatedSize(63)) - Unknown replication type 'STAND_ALONE'. Returning original data size.
2023-09-07 12:25:25,254 [OM StateMachine ApplyTransaction Thread - 0] WARN  helpers.QuotaUtil (QuotaUtil.java:getReplicatedSize(63)) - Unknown replication type 'STAND_ALONE'. Returning original data size.
2023-09-07 12:25:25,254 [OM StateMachine ApplyTransaction Thread - 0] WARN  helpers.QuotaUtil (QuotaUtil.java:getReplicatedSize(63)) - Unknown replication type 'STAND_ALONE'. Returning original data size.
2023-09-07 12:25:25,266 [OM StateMachine ApplyTransaction Thread - 0] WARN  helpers.QuotaUtil (QuotaUtil.java:getReplicatedSize(63)) - Unknown replication type 'STAND_ALONE'. Returning original data size.
2023-09-07 12:25:25,266 [OM StateMachine ApplyTransaction Thread - 0] WARN  helpers.QuotaUtil (QuotaUtil.java:getReplicatedSize(63)) - Unknown replication type 'STAND_ALONE'. Returning original data size.
2023-09-07 12:25:25,271 [OM StateMachine ApplyTransaction Thread - 0] WARN  helpers.QuotaUtil (QuotaUtil.java:getReplicatedSize(63)) - Unknown replication type 'STAND_ALONE'. Returning original data size.
2023-09-07 12:25:25,271 [OM StateMachine ApplyTransaction Thread - 0] WARN  helpers.QuotaUtil (QuotaUtil.java:getReplicatedSize(63)) - Unknown replication type 'STAND_ALONE'. Returning original data size.
2023-09-07 12:25:25,273 [OM StateMachine ApplyTransaction Thread - 0] WARN  helpers.QuotaUtil (QuotaUtil.java:getReplicatedSize(63)) - Unknown replication type 'STAND_ALONE'. Returning original data size.
2023-09-07 12:25:25,273 [OM StateMachine ApplyTransaction Thread - 0] WARN  helpers.QuotaUtil (QuotaUtil.java:getReplicatedSize(63)) - Unknown replication type 'STAND_ALONE'. Returning original data size.
2023-09-07 12:25:25,278 [OM StateMachine ApplyTransaction Thread - 0] WARN  helpers.QuotaUtil (QuotaUtil.java:getReplicatedSize(63)) - Unknown replication type 'STAND_ALONE'. Returning original data size.
2023-09-07 12:25:25,278 [OM StateMachine ApplyTransaction Thread - 0] WARN  helpers.QuotaUtil (QuotaUtil.java:getReplicatedSize(63)) - Unknown replication type 'STAND_ALONE'. Returning original data size.
2023-09-07 12:25:25,280 [OM StateMachine ApplyTransaction Thread - 0] WARN  helpers.QuotaUtil (QuotaUtil.java:getReplicatedSize(63)) - Unknown replication type 'STAND_ALONE'. Returning original data size.
2023-09-07 12:25:25,280 [OM StateMachine ApplyTransaction Thread - 0] WARN  helpers.QuotaUtil (QuotaUtil.java:getReplicatedSize(63)) - Unknown replication type 'STAND_ALONE'. Returning original data size.
2023-09-07 12:25:25,285 [OM StateMachine ApplyTransaction Thread - 0] WARN  helpers.QuotaUtil (QuotaUtil.java:getReplicatedSize(63)) - Unknown replication type 'STAND_ALONE'. Returning original data size.
2023-09-07 12:25:25,285 [OM StateMachine ApplyTransaction Thread - 0] WARN  helpers.QuotaUtil (QuotaUtil.java:getReplicatedSize(63)) - Unknown replication type 'STAND_ALONE'. Returning original data size.
2023-09-07 12:25:25,291 [OM StateMachine ApplyTransaction Thread - 0] WARN  helpers.QuotaUtil (QuotaUtil.java:getReplicatedSize(63)) - Unknown replication type 'STAND_ALONE'. Returning original data size.
2023-09-07 12:25:25,291 [OM StateMachine ApplyTransaction Thread - 0] WARN  helpers.QuotaUtil (QuotaUtil.java:getReplicatedSize(63)) - Unknown replication type 'STAND_ALONE'. Returning original data size.
2023-09-07 12:25:25,294 [OM StateMachine ApplyTransaction Thread - 0] WARN  helpers.QuotaUtil (QuotaUtil.java:getReplicatedSize(63)) - Unknown replication type 'STAND_ALONE'. Returning original data size.
2023-09-07 12:25:25,294 [OM StateMachine ApplyTransaction Thread - 0] WARN  helpers.QuotaUtil (QuotaUtil.java:getReplicatedSize(63)) - Unknown replication type 'STAND_ALONE'. Returning original data size.
2023-09-07 12:25:25,300 [OM StateMachine ApplyTransaction Thread - 0] WARN  helpers.QuotaUtil (QuotaUtil.java:getReplicatedSize(63)) - Unknown replication type 'STAND_ALONE'. Returning original data size.
2023-09-07 12:25:25,300 [OM StateMachine ApplyTransaction Thread - 0] WARN  helpers.QuotaUtil (QuotaUtil.java:getReplicatedSize(63)) - Unknown replication type 'STAND_ALONE'. Returning original data size.
2023-09-07 12:25:25,306 [OM StateMachine ApplyTransaction Thread - 0] WARN  helpers.QuotaUtil (QuotaUtil.java:getReplicatedSize(63)) - Unknown replication type 'STAND_ALONE'. Returning original data size.
2023-09-07 12:25:25,306 [OM StateMachine ApplyTransaction Thread - 0] WARN  helpers.QuotaUtil (QuotaUtil.java:getReplicatedSize(63)) - Unknown replication type 'STAND_ALONE'. Returning original data size.
2023-09-07 12:25:25,308 [OM StateMachine ApplyTransaction Thread - 0] WARN  helpers.QuotaUtil (QuotaUtil.java:getReplicatedSize(63)) - Unknown replication type 'STAND_ALONE'. Returning original data size.
2023-09-07 12:25:25,308 [OM StateMachine ApplyTransaction Thread - 0] WARN  helpers.QuotaUtil (QuotaUtil.java:getReplicatedSize(63)) - Unknown replication type 'STAND_ALONE'. Returning original data size.
2023-09-07 12:25:25,317 [OM StateMachine ApplyTransaction Thread - 0] WARN  helpers.QuotaUtil (QuotaUtil.java:getReplicatedSize(63)) - Unknown replication type 'STAND_ALONE'. Returning original data size.
2023-09-07 12:25:25,317 [OM StateMachine ApplyTransaction Thread - 0] WARN  helpers.QuotaUtil (QuotaUtil.java:getReplicatedSize(63)) - Unknown replication type 'STAND_ALONE'. Returning original data size.
2023-09-07 12:25:25,322 [OM StateMachine ApplyTransaction Thread - 0] WARN  helpers.QuotaUtil (QuotaUtil.java:getReplicatedSize(63)) - Unknown replication type 'STAND_ALONE'. Returning original data size.
2023-09-07 12:25:25,322 [OM StateMachine ApplyTransaction Thread - 0] WARN  helpers.QuotaUtil (QuotaUtil.java:getReplicatedSize(63)) - Unknown replication type 'STAND_ALONE'. Returning original data size.
2023-09-07 12:25:25,328 [OM StateMachine ApplyTransaction Thread - 0] WARN  helpers.QuotaUtil (QuotaUtil.java:getReplicatedSize(63)) - Unknown replication type 'STAND_ALONE'. Returning original data size.
2023-09-07 12:25:25,328 [OM StateMachine ApplyTransaction Thread - 0] WARN  helpers.QuotaUtil (QuotaUtil.java:getReplicatedSize(63)) - Unknown replication type 'STAND_ALONE'. Returning original data size.
2023-09-07 12:25:25,331 [OM StateMachine ApplyTransaction Thread - 0] WARN  helpers.QuotaUtil (QuotaUtil.java:getReplicatedSize(63)) - Unknown replication type 'STAND_ALONE'. Returning original data size.
2023-09-07 12:25:25,331 [OM StateMachine ApplyTransaction Thread - 0] WARN  helpers.QuotaUtil (QuotaUtil.java:getReplicatedSize(63)) - Unknown replication type 'STAND_ALONE'. Returning original data size.
2023-09-07 12:25:25,336 [OM StateMachine ApplyTransaction Thread - 0] WARN  helpers.QuotaUtil (QuotaUtil.java:getReplicatedSize(63)) - Unknown replication type 'STAND_ALONE'. Returning original data size.
2023-09-07 12:25:25,336 [OM StateMachine ApplyTransaction Thread - 0] WARN  helpers.QuotaUtil (QuotaUtil.java:getReplicatedSize(63)) - Unknown replication type 'STAND_ALONE'. Returning original data size.
2023-09-07 12:25:25,341 [OM StateMachine ApplyTransaction Thread - 0] WARN  helpers.QuotaUtil (QuotaUtil.java:getReplicatedSize(63)) - Unknown replication type 'STAND_ALONE'. Returning original data size.
2023-09-07 12:25:25,341 [OM StateMachine ApplyTransaction Thread - 0] WARN  helpers.QuotaUtil (QuotaUtil.java:getReplicatedSize(63)) - Unknown replication type 'STAND_ALONE'. Returning original data size.
2023-09-07 12:25:25,347 [OM StateMachine ApplyTransaction Thread - 0] WARN  helpers.QuotaUtil (QuotaUtil.java:getReplicatedSize(63)) - Unknown replication type 'STAND_ALONE'. Returning original data size.
2023-09-07 12:25:25,347 [OM StateMachine ApplyTransaction Thread - 0] WARN  helpers.QuotaUtil (QuotaUtil.java:getReplicatedSize(63)) - Unknown replication type 'STAND_ALONE'. Returning original data size.
2023-09-07 12:25:25,353 [OM StateMachine ApplyTransaction Thread - 0] WARN  helpers.QuotaUtil (QuotaUtil.java:getReplicatedSize(63)) - Unknown replication type 'STAND_ALONE'. Returning original data size.
2023-09-07 12:25:25,353 [OM StateMachine ApplyTransaction Thread - 0] WARN  helpers.QuotaUtil (QuotaUtil.java:getReplicatedSize(63)) - Unknown replication type 'STAND_ALONE'. Returning original data size.
2023-09-07 12:25:25,356 [OM StateMachine ApplyTransaction Thread - 0] WARN  helpers.QuotaUtil (QuotaUtil.java:getReplicatedSize(63)) - Unknown replication type 'STAND_ALONE'. Returning original data size.
2023-09-07 12:25:25,356 [OM StateMachine ApplyTransaction Thread - 0] WARN  helpers.QuotaUtil (QuotaUtil.java:getReplicatedSize(63)) - Unknown replication type 'STAND_ALONE'. Returning original data size.
2023-09-07 12:25:25,361 [OM StateMachine ApplyTransaction Thread - 0] WARN  helpers.QuotaUtil (QuotaUtil.java:getReplicatedSize(63)) - Unknown replication type 'STAND_ALONE'. Returning original data size.
2023-09-07 12:25:25,361 [OM StateMachine ApplyTransaction Thread - 0] WARN  helpers.QuotaUtil (QuotaUtil.java:getReplicatedSize(63)) - Unknown replication type 'STAND_ALONE'. Returning original data size.
2023-09-07 12:25:25,364 [OM StateMachine ApplyTransaction Thread - 0] WARN  helpers.QuotaUtil (QuotaUtil.java:getReplicatedSize(63)) - Unknown replication type 'STAND_ALONE'. Returning original data size.
2023-09-07 12:25:25,364 [OM StateMachine ApplyTransaction Thread - 0] WARN  helpers.QuotaUtil (QuotaUtil.java:getReplicatedSize(63)) - Unknown replication type 'STAND_ALONE'. Returning original data size.
2023-09-07 12:25:25,370 [OM StateMachine ApplyTransaction Thread - 0] WARN  helpers.QuotaUtil (QuotaUtil.java:getReplicatedSize(63)) - Unknown replication type 'STAND_ALONE'. Returning original data size.
2023-09-07 12:25:25,370 [OM StateMachine ApplyTransaction Thread - 0] WARN  helpers.QuotaUtil (QuotaUtil.java:getReplicatedSize(63)) - Unknown replication type 'STAND_ALONE'. Returning original data size.
2023-09-07 12:25:25,374 [OM StateMachine ApplyTransaction Thread - 0] WARN  helpers.QuotaUtil (QuotaUtil.java:getReplicatedSize(63)) - Unknown replication type 'STAND_ALONE'. Returning original data size.
2023-09-07 12:25:25,374 [OM StateMachine ApplyTransaction Thread - 0] WARN  helpers.QuotaUtil (QuotaUtil.java:getReplicatedSize(63)) - Unknown replication type 'STAND_ALONE'. Returning original data size.
2023-09-07 12:25:25,380 [OM StateMachine ApplyTransaction Thread - 0] WARN  helpers.QuotaUtil (QuotaUtil.java:getReplicatedSize(63)) - Unknown replication type 'STAND_ALONE'. Returning original data size.
2023-09-07 12:25:25,380 [OM StateMachine ApplyTransaction Thread - 0] WARN  helpers.QuotaUtil (QuotaUtil.java:getReplicatedSize(63)) - Unknown replication type 'STAND_ALONE'. Returning original data size.
2023-09-07 12:25:25,385 [OM StateMachine ApplyTransaction Thread - 0] WARN  helpers.QuotaUtil (QuotaUtil.java:getReplicatedSize(63)) - Unknown replication type 'STAND_ALONE'. Returning original data size.
2023-09-07 12:25:25,385 [OM StateMachine ApplyTransaction Thread - 0] WARN  helpers.QuotaUtil (QuotaUtil.java:getReplicatedSize(63)) - Unknown replication type 'STAND_ALONE'. Returning original data size.
2023-09-07 12:25:25,390 [OM StateMachine ApplyTransaction Thread - 0] WARN  helpers.QuotaUtil (QuotaUtil.java:getReplicatedSize(63)) - Unknown replication type 'STAND_ALONE'. Returning original data size.
2023-09-07 12:25:25,390 [OM StateMachine ApplyTransaction Thread - 0] WARN  helpers.QuotaUtil (QuotaUtil.java:getReplicatedSize(63)) - Unknown replication type 'STAND_ALONE'. Returning original data size.
2023-09-07 12:25:25,392 [OM StateMachine ApplyTransaction Thread - 0] WARN  helpers.QuotaUtil (QuotaUtil.java:getReplicatedSize(63)) - Unknown replication type 'STAND_ALONE'. Returning original data size.
2023-09-07 12:25:25,393 [OM StateMachine ApplyTransaction Thread - 0] WARN  helpers.QuotaUtil (QuotaUtil.java:getReplicatedSize(63)) - Unknown replication type 'STAND_ALONE'. Returning original data size.
2023-09-07 12:25:25,398 [OM StateMachine ApplyTransaction Thread - 0] WARN  helpers.QuotaUtil (QuotaUtil.java:getReplicatedSize(63)) - Unknown replication type 'STAND_ALONE'. Returning original data size.
2023-09-07 12:25:25,398 [OM StateMachine ApplyTransaction Thread - 0] WARN  helpers.QuotaUtil (QuotaUtil.java:getReplicatedSize(63)) - Unknown replication type 'STAND_ALONE'. Returning original data size.
2023-09-07 12:25:25,407 [OM StateMachine ApplyTransaction Thread - 0] WARN  helpers.QuotaUtil (QuotaUtil.java:getReplicatedSize(63)) - Unknown replication type 'STAND_ALONE'. Returning original data size.
2023-09-07 12:25:25,407 [OM StateMachine ApplyTransaction Thread - 0] WARN  helpers.QuotaUtil (QuotaUtil.java:getReplicatedSize(63)) - Unknown replication type 'STAND_ALONE'. Returning original data size.
2023-09-07 12:25:25,409 [OM StateMachine ApplyTransaction Thread - 0] WARN  helpers.QuotaUtil (QuotaUtil.java:getReplicatedSize(63)) - Unknown replication type 'STAND_ALONE'. Returning original data size.
2023-09-07 12:25:25,410 [OM StateMachine ApplyTransaction Thread - 0] WARN  helpers.QuotaUtil (QuotaUtil.java:getReplicatedSize(63)) - Unknown replication type 'STAND_ALONE'. Returning original data size.
2023-09-07 12:25:25,415 [OM StateMachine ApplyTransaction Thread - 0] WARN  helpers.QuotaUtil (QuotaUtil.java:getReplicatedSize(63)) - Unknown replication type 'STAND_ALONE'. Returning original data size.
2023-09-07 12:25:25,415 [OM StateMachine ApplyTransaction Thread - 0] WARN  helpers.QuotaUtil (QuotaUtil.java:getReplicatedSize(63)) - Unknown replication type 'STAND_ALONE'. Returning original data size.
2023-09-07 12:25:25,418 [OM StateMachine ApplyTransaction Thread - 0] WARN  helpers.QuotaUtil (QuotaUtil.java:getReplicatedSize(63)) - Unknown replication type 'STAND_ALONE'. Returning original data size.
2023-09-07 12:25:25,418 [OM StateMachine ApplyTransaction Thread - 0] WARN  helpers.QuotaUtil (QuotaUtil.java:getReplicatedSize(63)) - Unknown replication type 'STAND_ALONE'. Returning original data size.
2023-09-07 12:25:25,427 [OM StateMachine ApplyTransaction Thread - 0] WARN  helpers.QuotaUtil (QuotaUtil.java:getReplicatedSize(63)) - Unknown replication type 'STAND_ALONE'. Returning original data size.
2023-09-07 12:25:25,427 [OM StateMachine ApplyTransaction Thread - 0] WARN  helpers.QuotaUtil (QuotaUtil.java:getReplicatedSize(63)) - Unknown replication type 'STAND_ALONE'. Returning original data size.
2023-09-07 12:25:25,429 [OM StateMachine ApplyTransaction Thread - 0] WARN  helpers.QuotaUtil (QuotaUtil.java:getReplicatedSize(63)) - Unknown replication type 'STAND_ALONE'. Returning original data size.
2023-09-07 12:25:25,429 [OM StateMachine ApplyTransaction Thread - 0] WARN  helpers.QuotaUtil (QuotaUtil.java:getReplicatedSize(63)) - Unknown replication type 'STAND_ALONE'. Returning original data size.
2023-09-07 12:25:25,440 [OM StateMachine ApplyTransaction Thread - 0] WARN  helpers.QuotaUtil (QuotaUtil.java:getReplicatedSize(63)) - Unknown replication type 'STAND_ALONE'. Returning original data size.
2023-09-07 12:25:25,441 [OM StateMachine ApplyTransaction Thread - 0] WARN  helpers.QuotaUtil (QuotaUtil.java:getReplicatedSize(63)) - Unknown replication type 'STAND_ALONE'. Returning original data size.
2023-09-07 12:25:25,446 [OM StateMachine ApplyTransaction Thread - 0] WARN  helpers.QuotaUtil (QuotaUtil.java:getReplicatedSize(63)) - Unknown replication type 'STAND_ALONE'. Returning original data size.
2023-09-07 12:25:25,446 [OM StateMachine ApplyTransaction Thread - 0] WARN  helpers.QuotaUtil (QuotaUtil.java:getReplicatedSize(63)) - Unknown replication type 'STAND_ALONE'. Returning original data size.
2023-09-07 12:25:25,450 [OM StateMachine ApplyTransaction Thread - 0] WARN  helpers.QuotaUtil (QuotaUtil.java:getReplicatedSize(63)) - Unknown replication type 'STAND_ALONE'. Returning original data size.
2023-09-07 12:25:25,450 [OM StateMachine ApplyTransaction Thread - 0] WARN  helpers.QuotaUtil (QuotaUtil.java:getReplicatedSize(63)) - Unknown replication type 'STAND_ALONE'. Returning original data size.
2023-09-07 12:25:25,461 [OM StateMachine ApplyTransaction Thread - 0] WARN  helpers.QuotaUtil (QuotaUtil.java:getReplicatedSize(63)) - Unknown replication type 'STAND_ALONE'. Returning original data size.
2023-09-07 12:25:25,461 [OM StateMachine ApplyTransaction Thread - 0] WARN  helpers.QuotaUtil (QuotaUtil.java:getReplicatedSize(63)) - Unknown replication type 'STAND_ALONE'. Returning original data size.
2023-09-07 12:25:25,465 [OM StateMachine ApplyTransaction Thread - 0] WARN  helpers.QuotaUtil (QuotaUtil.java:getReplicatedSize(63)) - Unknown replication type 'STAND_ALONE'. Returning original data size.
2023-09-07 12:25:25,465 [OM StateMachine ApplyTransaction Thread - 0] WARN  helpers.QuotaUtil (QuotaUtil.java:getReplicatedSize(63)) - Unknown replication type 'STAND_ALONE'. Returning original data size.
2023-09-07 12:25:25,476 [OM StateMachine ApplyTransaction Thread - 0] WARN  helpers.QuotaUtil (QuotaUtil.java:getReplicatedSize(63)) - Unknown replication type 'STAND_ALONE'. Returning original data size.
2023-09-07 12:25:25,476 [OM StateMachine ApplyTransaction Thread - 0] WARN  helpers.QuotaUtil (QuotaUtil.java:getReplicatedSize(63)) - Unknown replication type 'STAND_ALONE'. Returning original data size.
2023-09-07 12:25:25,478 [OM StateMachine ApplyTransaction Thread - 0] WARN  helpers.QuotaUtil (QuotaUtil.java:getReplicatedSize(63)) - Unknown replication type 'STAND_ALONE'. Returning original data size.
2023-09-07 12:25:25,478 [OM StateMachine ApplyTransaction Thread - 0] WARN  helpers.QuotaUtil (QuotaUtil.java:getReplicatedSize(63)) - Unknown replication type 'STAND_ALONE'. Returning original data size.
2023-09-07 12:25:25,483 [OM StateMachine ApplyTransaction Thread - 0] WARN  helpers.QuotaUtil (QuotaUtil.java:getReplicatedSize(63)) - Unknown replication type 'STAND_ALONE'. Returning original data size.
2023-09-07 12:25:25,483 [OM StateMachine ApplyTransaction Thread - 0] WARN  helpers.QuotaUtil (QuotaUtil.java:getReplicatedSize(63)) - Unknown replication type 'STAND_ALONE'. Returning original data size.
2023-09-07 12:25:25,489 [OM StateMachine ApplyTransaction Thread - 0] WARN  helpers.QuotaUtil (QuotaUtil.java:getReplicatedSize(63)) - Unknown replication type 'STAND_ALONE'. Returning original data size.
2023-09-07 12:25:25,489 [OM StateMachine ApplyTransaction Thread - 0] WARN  helpers.QuotaUtil (QuotaUtil.java:getReplicatedSize(63)) - Unknown replication type 'STAND_ALONE'. Returning original data size.
2023-09-07 12:25:25,498 [OM StateMachine ApplyTransaction Thread - 0] WARN  helpers.QuotaUtil (QuotaUtil.java:getReplicatedSize(63)) - Unknown replication type 'STAND_ALONE'. Returning original data size.
2023-09-07 12:25:25,499 [OM StateMachine ApplyTransaction Thread - 0] WARN  helpers.QuotaUtil (QuotaUtil.java:getReplicatedSize(63)) - Unknown replication type 'STAND_ALONE'. Returning original data size.
2023-09-07 12:25:25,505 [OM StateMachine ApplyTransaction Thread - 0] WARN  helpers.QuotaUtil (QuotaUtil.java:getReplicatedSize(63)) - Unknown replication type 'STAND_ALONE'. Returning original data size.
2023-09-07 12:25:25,505 [OM StateMachine ApplyTransaction Thread - 0] WARN  helpers.QuotaUtil (QuotaUtil.java:getReplicatedSize(63)) - Unknown replication type 'STAND_ALONE'. Returning original data size.
2023-09-07 12:25:25,514 [OM StateMachine ApplyTransaction Thread - 0] WARN  helpers.QuotaUtil (QuotaUtil.java:getReplicatedSize(63)) - Unknown replication type 'STAND_ALONE'. Returning original data size.
2023-09-07 12:25:25,514 [OM StateMachine ApplyTransaction Thread - 0] WARN  helpers.QuotaUtil (QuotaUtil.java:getReplicatedSize(63)) - Unknown replication type 'STAND_ALONE'. Returning original data size.
2023-09-07 12:25:25,517 [OM StateMachine ApplyTransaction Thread - 0] WARN  helpers.QuotaUtil (QuotaUtil.java:getReplicatedSize(63)) - Unknown replication type 'STAND_ALONE'. Returning original data size.
2023-09-07 12:25:25,517 [OM StateMachine ApplyTransaction Thread - 0] WARN  helpers.QuotaUtil (QuotaUtil.java:getReplicatedSize(63)) - Unknown replication type 'STAND_ALONE'. Returning original data size.
2023-09-07 12:25:25,525 [OM StateMachine ApplyTransaction Thread - 0] WARN  helpers.QuotaUtil (QuotaUtil.java:getReplicatedSize(63)) - Unknown replication type 'STAND_ALONE'. Returning original data size.
2023-09-07 12:25:25,525 [OM StateMachine ApplyTransaction Thread - 0] WARN  helpers.QuotaUtil (QuotaUtil.java:getReplicatedSize(63)) - Unknown replication type 'STAND_ALONE'. Returning original data size.
2023-09-07 12:25:25,533 [OM StateMachine ApplyTransaction Thread - 0] WARN  helpers.QuotaUtil (QuotaUtil.java:getReplicatedSize(63)) - Unknown replication type 'STAND_ALONE'. Returning original data size.
2023-09-07 12:25:25,533 [OM StateMachine ApplyTransaction Thread - 0] WARN  helpers.QuotaUtil (QuotaUtil.java:getReplicatedSize(63)) - Unknown replication type 'STAND_ALONE'. Returning original data size.
2023-09-07 12:25:25,535 [OM StateMachine ApplyTransaction Thread - 0] WARN  helpers.QuotaUtil (QuotaUtil.java:getReplicatedSize(63)) - Unknown replication type 'STAND_ALONE'. Returning original data size.
2023-09-07 12:25:25,535 [OM StateMachine ApplyTransaction Thread - 0] WARN  helpers.QuotaUtil (QuotaUtil.java:getReplicatedSize(63)) - Unknown replication type 'STAND_ALONE'. Returning original data size.
2023-09-07 12:25:25,540 [OM StateMachine ApplyTransaction Thread - 0] WARN  helpers.QuotaUtil (QuotaUtil.java:getReplicatedSize(63)) - Unknown replication type 'STAND_ALONE'. Returning original data size.
2023-09-07 12:25:25,540 [OM StateMachine ApplyTransaction Thread - 0] WARN  helpers.QuotaUtil (QuotaUtil.java:getReplicatedSize(63)) - Unknown replication type 'STAND_ALONE'. Returning original data size.
2023-09-07 12:25:25,543 [OM StateMachine ApplyTransaction Thread - 0] WARN  helpers.QuotaUtil (QuotaUtil.java:getReplicatedSize(63)) - Unknown replication type 'STAND_ALONE'. Returning original data size.
2023-09-07 12:25:25,543 [OM StateMachine ApplyTransaction Thread - 0] WARN  helpers.QuotaUtil (QuotaUtil.java:getReplicatedSize(63)) - Unknown replication type 'STAND_ALONE'. Returning original data size.
2023-09-07 12:25:25,548 [OM StateMachine ApplyTransaction Thread - 0] WARN  helpers.QuotaUtil (QuotaUtil.java:getReplicatedSize(63)) - Unknown replication type 'STAND_ALONE'. Returning original data size.
2023-09-07 12:25:25,548 [OM StateMachine ApplyTransaction Thread - 0] WARN  helpers.QuotaUtil (QuotaUtil.java:getReplicatedSize(63)) - Unknown replication type 'STAND_ALONE'. Returning original data size.
2023-09-07 12:25:25,553 [OM StateMachine ApplyTransaction Thread - 0] WARN  helpers.QuotaUtil (QuotaUtil.java:getReplicatedSize(63)) - Unknown replication type 'STAND_ALONE'. Returning original data size.
2023-09-07 12:25:25,553 [OM StateMachine ApplyTransaction Thread - 0] WARN  helpers.QuotaUtil (QuotaUtil.java:getReplicatedSize(63)) - Unknown replication type 'STAND_ALONE'. Returning original data size.
2023-09-07 12:25:25,564 [OM StateMachine ApplyTransaction Thread - 0] WARN  helpers.QuotaUtil (QuotaUtil.java:getReplicatedSize(63)) - Unknown replication type 'STAND_ALONE'. Returning original data size.
2023-09-07 12:25:25,564 [OM StateMachine ApplyTransaction Thread - 0] WARN  helpers.QuotaUtil (QuotaUtil.java:getReplicatedSize(63)) - Unknown replication type 'STAND_ALONE'. Returning original data size.
2023-09-07 12:25:25,567 [OM StateMachine ApplyTransaction Thread - 0] WARN  helpers.QuotaUtil (QuotaUtil.java:getReplicatedSize(63)) - Unknown replication type 'STAND_ALONE'. Returning original data size.
2023-09-07 12:25:25,567 [OM StateMachine ApplyTransaction Thread - 0] WARN  helpers.QuotaUtil (QuotaUtil.java:getReplicatedSize(63)) - Unknown replication type 'STAND_ALONE'. Returning original data size.
2023-09-07 12:25:25,574 [OM StateMachine ApplyTransaction Thread - 0] WARN  helpers.QuotaUtil (QuotaUtil.java:getReplicatedSize(63)) - Unknown replication type 'STAND_ALONE'. Returning original data size.
2023-09-07 12:25:25,574 [OM StateMachine ApplyTransaction Thread - 0] WARN  helpers.QuotaUtil (QuotaUtil.java:getReplicatedSize(63)) - Unknown replication type 'STAND_ALONE'. Returning original data size.
2023-09-07 12:25:25,576 [OM StateMachine ApplyTransaction Thread - 0] WARN  helpers.QuotaUtil (QuotaUtil.java:getReplicatedSize(63)) - Unknown replication type 'STAND_ALONE'. Returning original data size.
2023-09-07 12:25:25,576 [OM StateMachine ApplyTransaction Thread - 0] WARN  helpers.QuotaUtil (QuotaUtil.java:getReplicatedSize(63)) - Unknown replication type 'STAND_ALONE'. Returning original data size.
2023-09-07 12:25:25,581 [OM StateMachine ApplyTransaction Thread - 0] WARN  helpers.QuotaUtil (QuotaUtil.java:getReplicatedSize(63)) - Unknown replication type 'STAND_ALONE'. Returning original data size.
2023-09-07 12:25:25,581 [OM StateMachine ApplyTransaction Thread - 0] WARN  helpers.QuotaUtil (QuotaUtil.java:getReplicatedSize(63)) - Unknown replication type 'STAND_ALONE'. Returning original data size.
2023-09-07 12:25:25,585 [OM StateMachine ApplyTransaction Thread - 0] WARN  helpers.QuotaUtil (QuotaUtil.java:getReplicatedSize(63)) - Unknown replication type 'STAND_ALONE'. Returning original data size.
2023-09-07 12:25:25,585 [OM StateMachine ApplyTransaction Thread - 0] WARN  helpers.QuotaUtil (QuotaUtil.java:getReplicatedSize(63)) - Unknown replication type 'STAND_ALONE'. Returning original data size.
2023-09-07 12:25:25,590 [OM StateMachine ApplyTransaction Thread - 0] WARN  helpers.QuotaUtil (QuotaUtil.java:getReplicatedSize(63)) - Unknown replication type 'STAND_ALONE'. Returning original data size.
2023-09-07 12:25:25,590 [OM StateMachine ApplyTransaction Thread - 0] WARN  helpers.QuotaUtil (QuotaUtil.java:getReplicatedSize(63)) - Unknown replication type 'STAND_ALONE'. Returning original data size.
2023-09-07 12:25:25,598 [OM StateMachine ApplyTransaction Thread - 0] WARN  helpers.QuotaUtil (QuotaUtil.java:getReplicatedSize(63)) - Unknown replication type 'STAND_ALONE'. Returning original data size.
2023-09-07 12:25:25,598 [OM StateMachine ApplyTransaction Thread - 0] WARN  helpers.QuotaUtil (QuotaUtil.java:getReplicatedSize(63)) - Unknown replication type 'STAND_ALONE'. Returning original data size.
2023-09-07 12:25:25,601 [OM StateMachine ApplyTransaction Thread - 0] WARN  helpers.QuotaUtil (QuotaUtil.java:getReplicatedSize(63)) - Unknown replication type 'STAND_ALONE'. Returning original data size.
2023-09-07 12:25:25,601 [OM StateMachine ApplyTransaction Thread - 0] WARN  helpers.QuotaUtil (QuotaUtil.java:getReplicatedSize(63)) - Unknown replication type 'STAND_ALONE'. Returning original data size.
2023-09-07 12:25:25,607 [OM StateMachine ApplyTransaction Thread - 0] WARN  helpers.QuotaUtil (QuotaUtil.java:getReplicatedSize(63)) - Unknown replication type 'STAND_ALONE'. Returning original data size.
2023-09-07 12:25:25,607 [OM StateMachine ApplyTransaction Thread - 0] WARN  helpers.QuotaUtil (QuotaUtil.java:getReplicatedSize(63)) - Unknown replication type 'STAND_ALONE'. Returning original data size.
2023-09-07 12:25:25,609 [OM StateMachine ApplyTransaction Thread - 0] WARN  helpers.QuotaUtil (QuotaUtil.java:getReplicatedSize(63)) - Unknown replication type 'STAND_ALONE'. Returning original data size.
2023-09-07 12:25:25,609 [OM StateMachine ApplyTransaction Thread - 0] WARN  helpers.QuotaUtil (QuotaUtil.java:getReplicatedSize(63)) - Unknown replication type 'STAND_ALONE'. Returning original data size.
2023-09-07 12:25:25,626 [OM StateMachine ApplyTransaction Thread - 0] WARN  helpers.QuotaUtil (QuotaUtil.java:getReplicatedSize(63)) - Unknown replication type 'STAND_ALONE'. Returning original data size.
2023-09-07 12:25:25,626 [OM StateMachine ApplyTransaction Thread - 0] WARN  helpers.QuotaUtil (QuotaUtil.java:getReplicatedSize(63)) - Unknown replication type 'STAND_ALONE'. Returning original data size.
2023-09-07 12:25:25,629 [OM StateMachine ApplyTransaction Thread - 0] WARN  helpers.QuotaUtil (QuotaUtil.java:getReplicatedSize(63)) - Unknown replication type 'STAND_ALONE'. Returning original data size.
2023-09-07 12:25:25,629 [OM StateMachine ApplyTransaction Thread - 0] WARN  helpers.QuotaUtil (QuotaUtil.java:getReplicatedSize(63)) - Unknown replication type 'STAND_ALONE'. Returning original data size.
2023-09-07 12:25:25,636 [OM StateMachine ApplyTransaction Thread - 0] WARN  helpers.QuotaUtil (QuotaUtil.java:getReplicatedSize(63)) - Unknown replication type 'STAND_ALONE'. Returning original data size.
2023-09-07 12:25:25,636 [OM StateMachine ApplyTransaction Thread - 0] WARN  helpers.QuotaUtil (QuotaUtil.java:getReplicatedSize(63)) - Unknown replication type 'STAND_ALONE'. Returning original data size.
2023-09-07 12:25:25,639 [OM StateMachine ApplyTransaction Thread - 0] WARN  helpers.QuotaUtil (QuotaUtil.java:getReplicatedSize(63)) - Unknown replication type 'STAND_ALONE'. Returning original data size.
2023-09-07 12:25:25,639 [OM StateMachine ApplyTransaction Thread - 0] WARN  helpers.QuotaUtil (QuotaUtil.java:getReplicatedSize(63)) - Unknown replication type 'STAND_ALONE'. Returning original data size.
2023-09-07 12:25:25,647 [OM StateMachine ApplyTransaction Thread - 0] WARN  helpers.QuotaUtil (QuotaUtil.java:getReplicatedSize(63)) - Unknown replication type 'STAND_ALONE'. Returning original data size.
2023-09-07 12:25:25,647 [OM StateMachine ApplyTransaction Thread - 0] WARN  helpers.QuotaUtil (QuotaUtil.java:getReplicatedSize(63)) - Unknown replication type 'STAND_ALONE'. Returning original data size.
2023-09-07 12:25:25,653 [OM StateMachine ApplyTransaction Thread - 0] WARN  helpers.QuotaUtil (QuotaUtil.java:getReplicatedSize(63)) - Unknown replication type 'STAND_ALONE'. Returning original data size.
2023-09-07 12:25:25,653 [OM StateMachine ApplyTransaction Thread - 0] WARN  helpers.QuotaUtil (QuotaUtil.java:getReplicatedSize(63)) - Unknown replication type 'STAND_ALONE'. Returning original data size.
2023-09-07 12:25:25,655 [OM StateMachine ApplyTransaction Thread - 0] WARN  helpers.QuotaUtil (QuotaUtil.java:getReplicatedSize(63)) - Unknown replication type 'STAND_ALONE'. Returning original data size.
2023-09-07 12:25:25,655 [OM StateMachine ApplyTransaction Thread - 0] WARN  helpers.QuotaUtil (QuotaUtil.java:getReplicatedSize(63)) - Unknown replication type 'STAND_ALONE'. Returning original data size.
2023-09-07 12:25:25,662 [OM StateMachine ApplyTransaction Thread - 0] WARN  helpers.QuotaUtil (QuotaUtil.java:getReplicatedSize(63)) - Unknown replication type 'STAND_ALONE'. Returning original data size.
2023-09-07 12:25:25,662 [OM StateMachine ApplyTransaction Thread - 0] WARN  helpers.QuotaUtil (QuotaUtil.java:getReplicatedSize(63)) - Unknown replication type 'STAND_ALONE'. Returning original data size.
2023-09-07 12:25:25,668 [OM StateMachine ApplyTransaction Thread - 0] WARN  helpers.QuotaUtil (QuotaUtil.java:getReplicatedSize(63)) - Unknown replication type 'STAND_ALONE'. Returning original data size.
2023-09-07 12:25:25,668 [OM StateMachine ApplyTransaction Thread - 0] WARN  helpers.QuotaUtil (QuotaUtil.java:getReplicatedSize(63)) - Unknown replication type 'STAND_ALONE'. Returning original data size.
2023-09-07 12:25:25,676 [OM StateMachine ApplyTransaction Thread - 0] WARN  helpers.QuotaUtil (QuotaUtil.java:getReplicatedSize(63)) - Unknown replication type 'STAND_ALONE'. Returning original data size.
2023-09-07 12:25:25,676 [OM StateMachine ApplyTransaction Thread - 0] WARN  helpers.QuotaUtil (QuotaUtil.java:getReplicatedSize(63)) - Unknown replication type 'STAND_ALONE'. Returning original data size.
2023-09-07 12:25:25,682 [OM StateMachine ApplyTransaction Thread - 0] WARN  helpers.QuotaUtil (QuotaUtil.java:getReplicatedSize(63)) - Unknown replication type 'STAND_ALONE'. Returning original data size.
2023-09-07 12:25:25,683 [OM StateMachine ApplyTransaction Thread - 0] WARN  helpers.QuotaUtil (QuotaUtil.java:getReplicatedSize(63)) - Unknown replication type 'STAND_ALONE'. Returning original data size.
2023-09-07 12:25:25,688 [OM StateMachine ApplyTransaction Thread - 0] WARN  helpers.QuotaUtil (QuotaUtil.java:getReplicatedSize(63)) - Unknown replication type 'STAND_ALONE'. Returning original data size.
2023-09-07 12:25:25,688 [OM StateMachine ApplyTransaction Thread - 0] WARN  helpers.QuotaUtil (QuotaUtil.java:getReplicatedSize(63)) - Unknown replication type 'STAND_ALONE'. Returning original data size.
2023-09-07 12:25:25,691 [OM StateMachine ApplyTransaction Thread - 0] WARN  helpers.QuotaUtil (QuotaUtil.java:getReplicatedSize(63)) - Unknown replication type 'STAND_ALONE'. Returning original data size.
2023-09-07 12:25:25,693 [OM StateMachine ApplyTransaction Thread - 0] WARN  helpers.QuotaUtil (QuotaUtil.java:getReplicatedSize(63)) - Unknown replication type 'STAND_ALONE'. Returning original data size.
2023-09-07 12:25:25,701 [OM StateMachine ApplyTransaction Thread - 0] WARN  helpers.QuotaUtil (QuotaUtil.java:getReplicatedSize(63)) - Unknown replication type 'STAND_ALONE'. Returning original data size.
2023-09-07 12:25:25,701 [OM StateMachine ApplyTransaction Thread - 0] WARN  helpers.QuotaUtil (QuotaUtil.java:getReplicatedSize(63)) - Unknown replication type 'STAND_ALONE'. Returning original data size.
2023-09-07 12:25:25,704 [OM StateMachine ApplyTransaction Thread - 0] WARN  helpers.QuotaUtil (QuotaUtil.java:getReplicatedSize(63)) - Unknown replication type 'STAND_ALONE'. Returning original data size.
2023-09-07 12:25:25,704 [OM StateMachine ApplyTransaction Thread - 0] WARN  helpers.QuotaUtil (QuotaUtil.java:getReplicatedSize(63)) - Unknown replication type 'STAND_ALONE'. Returning original data size.
2023-09-07 12:25:25,713 [OM StateMachine ApplyTransaction Thread - 0] WARN  helpers.QuotaUtil (QuotaUtil.java:getReplicatedSize(63)) - Unknown replication type 'STAND_ALONE'. Returning original data size.
2023-09-07 12:25:25,713 [OM StateMachine ApplyTransaction Thread - 0] WARN  helpers.QuotaUtil (QuotaUtil.java:getReplicatedSize(63)) - Unknown replication type 'STAND_ALONE'. Returning original data size.
2023-09-07 12:25:25,717 [OM StateMachine ApplyTransaction Thread - 0] WARN  helpers.QuotaUtil (QuotaUtil.java:getReplicatedSize(63)) - Unknown replication type 'STAND_ALONE'. Returning original data size.
2023-09-07 12:25:25,718 [OM StateMachine ApplyTransaction Thread - 0] WARN  helpers.QuotaUtil (QuotaUtil.java:getReplicatedSize(63)) - Unknown replication type 'STAND_ALONE'. Returning original data size.
2023-09-07 12:25:25,736 [OM StateMachine ApplyTransaction Thread - 0] WARN  helpers.QuotaUtil (QuotaUtil.java:getReplicatedSize(63)) - Unknown replication type 'STAND_ALONE'. Returning original data size.
2023-09-07 12:25:25,736 [OM StateMachine ApplyTransaction Thread - 0] WARN  helpers.QuotaUtil (QuotaUtil.java:getReplicatedSize(63)) - Unknown replication type 'STAND_ALONE'. Returning original data size.
2023-09-07 12:25:25,739 [OM StateMachine ApplyTransaction Thread - 0] WARN  helpers.QuotaUtil (QuotaUtil.java:getReplicatedSize(63)) - Unknown replication type 'STAND_ALONE'. Returning original data size.
2023-09-07 12:25:25,739 [OM StateMachine ApplyTransaction Thread - 0] WARN  helpers.QuotaUtil (QuotaUtil.java:getReplicatedSize(63)) - Unknown replication type 'STAND_ALONE'. Returning original data size.
2023-09-07 12:25:25,746 [OM StateMachine ApplyTransaction Thread - 0] WARN  helpers.QuotaUtil (QuotaUtil.java:getReplicatedSize(63)) - Unknown replication type 'STAND_ALONE'. Returning original data size.
2023-09-07 12:25:25,746 [OM StateMachine ApplyTransaction Thread - 0] WARN  helpers.QuotaUtil (QuotaUtil.java:getReplicatedSize(63)) - Unknown replication type 'STAND_ALONE'. Returning original data size.
2023-09-07 12:25:25,752 [OM StateMachine ApplyTransaction Thread - 0] WARN  helpers.QuotaUtil (QuotaUtil.java:getReplicatedSize(63)) - Unknown replication type 'STAND_ALONE'. Returning original data size.
2023-09-07 12:25:25,752 [OM StateMachine ApplyTransaction Thread - 0] WARN  helpers.QuotaUtil (QuotaUtil.java:getReplicatedSize(63)) - Unknown replication type 'STAND_ALONE'. Returning original data size.
2023-09-07 12:25:25,754 [OM StateMachine ApplyTransaction Thread - 0] WARN  helpers.QuotaUtil (QuotaUtil.java:getReplicatedSize(63)) - Unknown replication type 'STAND_ALONE'. Returning original data size.
2023-09-07 12:25:25,754 [OM StateMachine ApplyTransaction Thread - 0] WARN  helpers.QuotaUtil (QuotaUtil.java:getReplicatedSize(63)) - Unknown replication type 'STAND_ALONE'. Returning original data size.
2023-09-07 12:25:25,759 [OM StateMachine ApplyTransaction Thread - 0] WARN  helpers.QuotaUtil (QuotaUtil.java:getReplicatedSize(63)) - Unknown replication type 'STAND_ALONE'. Returning original data size.
2023-09-07 12:25:25,759 [OM StateMachine ApplyTransaction Thread - 0] WARN  helpers.QuotaUtil (QuotaUtil.java:getReplicatedSize(63)) - Unknown replication type 'STAND_ALONE'. Returning original data size.
2023-09-07 12:25:25,762 [OM StateMachine ApplyTransaction Thread - 0] WARN  helpers.QuotaUtil (QuotaUtil.java:getReplicatedSize(63)) - Unknown replication type 'STAND_ALONE'. Returning original data size.
2023-09-07 12:25:25,762 [OM StateMachine ApplyTransaction Thread - 0] WARN  helpers.QuotaUtil (QuotaUtil.java:getReplicatedSize(63)) - Unknown replication type 'STAND_ALONE'. Returning original data size.
2023-09-07 12:25:25,766 [OM StateMachine ApplyTransaction Thread - 0] WARN  helpers.QuotaUtil (QuotaUtil.java:getReplicatedSize(63)) - Unknown replication type 'STAND_ALONE'. Returning original data size.
2023-09-07 12:25:25,766 [OM StateMachine ApplyTransaction Thread - 0] WARN  helpers.QuotaUtil (QuotaUtil.java:getReplicatedSize(63)) - Unknown replication type 'STAND_ALONE'. Returning original data size.
2023-09-07 12:25:25,769 [OM StateMachine ApplyTransaction Thread - 0] WARN  helpers.QuotaUtil (QuotaUtil.java:getReplicatedSize(63)) - Unknown replication type 'STAND_ALONE'. Returning original data size.
2023-09-07 12:25:25,769 [OM StateMachine ApplyTransaction Thread - 0] WARN  helpers.QuotaUtil (QuotaUtil.java:getReplicatedSize(63)) - Unknown replication type 'STAND_ALONE'. Returning original data size.
2023-09-07 12:25:25,774 [OM StateMachine ApplyTransaction Thread - 0] WARN  helpers.QuotaUtil (QuotaUtil.java:getReplicatedSize(63)) - Unknown replication type 'STAND_ALONE'. Returning original data size.
2023-09-07 12:25:25,774 [OM StateMachine ApplyTransaction Thread - 0] WARN  helpers.QuotaUtil (QuotaUtil.java:getReplicatedSize(63)) - Unknown replication type 'STAND_ALONE'. Returning original data size.
2023-09-07 12:25:25,781 [OM StateMachine ApplyTransaction Thread - 0] WARN  helpers.QuotaUtil (QuotaUtil.java:getReplicatedSize(63)) - Unknown replication type 'STAND_ALONE'. Returning original data size.
2023-09-07 12:25:25,781 [OM StateMachine ApplyTransaction Thread - 0] WARN  helpers.QuotaUtil (QuotaUtil.java:getReplicatedSize(63)) - Unknown replication type 'STAND_ALONE'. Returning original data size.
2023-09-07 12:25:25,790 [OM StateMachine ApplyTransaction Thread - 0] WARN  helpers.QuotaUtil (QuotaUtil.java:getReplicatedSize(63)) - Unknown replication type 'STAND_ALONE'. Returning original data size.
2023-09-07 12:25:25,790 [OM StateMachine ApplyTransaction Thread - 0] WARN  helpers.QuotaUtil (QuotaUtil.java:getReplicatedSize(63)) - Unknown replication type 'STAND_ALONE'. Returning original data size.
2023-09-07 12:25:25,795 [OM StateMachine ApplyTransaction Thread - 0] WARN  helpers.QuotaUtil (QuotaUtil.java:getReplicatedSize(63)) - Unknown replication type 'STAND_ALONE'. Returning original data size.
2023-09-07 12:25:25,795 [OM StateMachine ApplyTransaction Thread - 0] WARN  helpers.QuotaUtil (QuotaUtil.java:getReplicatedSize(63)) - Unknown replication type 'STAND_ALONE'. Returning original data size.
2023-09-07 12:25:25,800 [OM StateMachine ApplyTransaction Thread - 0] WARN  helpers.QuotaUtil (QuotaUtil.java:getReplicatedSize(63)) - Unknown replication type 'STAND_ALONE'. Returning original data size.
2023-09-07 12:25:25,800 [OM StateMachine ApplyTransaction Thread - 0] WARN  helpers.QuotaUtil (QuotaUtil.java:getReplicatedSize(63)) - Unknown replication type 'STAND_ALONE'. Returning original data size.
2023-09-07 12:25:25,803 [OM StateMachine ApplyTransaction Thread - 0] WARN  helpers.QuotaUtil (QuotaUtil.java:getReplicatedSize(63)) - Unknown replication type 'STAND_ALONE'. Returning original data size.
2023-09-07 12:25:25,803 [OM StateMachine ApplyTransaction Thread - 0] WARN  helpers.QuotaUtil (QuotaUtil.java:getReplicatedSize(63)) - Unknown replication type 'STAND_ALONE'. Returning original data size.
2023-09-07 12:25:25,810 [OM StateMachine ApplyTransaction Thread - 0] WARN  helpers.QuotaUtil (QuotaUtil.java:getReplicatedSize(63)) - Unknown replication type 'STAND_ALONE'. Returning original data size.
2023-09-07 12:25:25,810 [OM StateMachine ApplyTransaction Thread - 0] WARN  helpers.QuotaUtil (QuotaUtil.java:getReplicatedSize(63)) - Unknown replication type 'STAND_ALONE'. Returning original data size.
2023-09-07 12:25:25,816 [OM StateMachine ApplyTransaction Thread - 0] WARN  helpers.QuotaUtil (QuotaUtil.java:getReplicatedSize(63)) - Unknown replication type 'STAND_ALONE'. Returning original data size.
2023-09-07 12:25:25,816 [OM StateMachine ApplyTransaction Thread - 0] WARN  helpers.QuotaUtil (QuotaUtil.java:getReplicatedSize(63)) - Unknown replication type 'STAND_ALONE'. Returning original data size.
2023-09-07 12:25:25,822 [OM StateMachine ApplyTransaction Thread - 0] WARN  helpers.QuotaUtil (QuotaUtil.java:getReplicatedSize(63)) - Unknown replication type 'STAND_ALONE'. Returning original data size.
2023-09-07 12:25:25,822 [OM StateMachine ApplyTransaction Thread - 0] WARN  helpers.QuotaUtil (QuotaUtil.java:getReplicatedSize(63)) - Unknown replication type 'STAND_ALONE'. Returning original data size.
2023-09-07 12:25:25,824 [OM StateMachine ApplyTransaction Thread - 0] WARN  helpers.QuotaUtil (QuotaUtil.java:getReplicatedSize(63)) - Unknown replication type 'STAND_ALONE'. Returning original data size.
2023-09-07 12:25:25,824 [OM StateMachine ApplyTransaction Thread - 0] WARN  helpers.QuotaUtil (QuotaUtil.java:getReplicatedSize(63)) - Unknown replication type 'STAND_ALONE'. Returning original data size.
2023-09-07 12:25:25,832 [OM StateMachine ApplyTransaction Thread - 0] WARN  helpers.QuotaUtil (QuotaUtil.java:getReplicatedSize(63)) - Unknown replication type 'STAND_ALONE'. Returning original data size.
2023-09-07 12:25:25,832 [OM StateMachine ApplyTransaction Thread - 0] WARN  helpers.QuotaUtil (QuotaUtil.java:getReplicatedSize(63)) - Unknown replication type 'STAND_ALONE'. Returning original data size.
2023-09-07 12:25:25,836 [OM StateMachine ApplyTransaction Thread - 0] WARN  helpers.QuotaUtil (QuotaUtil.java:getReplicatedSize(63)) - Unknown replication type 'STAND_ALONE'. Returning original data size.
2023-09-07 12:25:25,836 [OM StateMachine ApplyTransaction Thread - 0] WARN  helpers.QuotaUtil (QuotaUtil.java:getReplicatedSize(63)) - Unknown replication type 'STAND_ALONE'. Returning original data size.
2023-09-07 12:25:25,841 [OM StateMachine ApplyTransaction Thread - 0] WARN  helpers.QuotaUtil (QuotaUtil.java:getReplicatedSize(63)) - Unknown replication type 'STAND_ALONE'. Returning original data size.
2023-09-07 12:25:25,841 [OM StateMachine ApplyTransaction Thread - 0] WARN  helpers.QuotaUtil (QuotaUtil.java:getReplicatedSize(63)) - Unknown replication type 'STAND_ALONE'. Returning original data size.
2023-09-07 12:25:25,843 [OM StateMachine ApplyTransaction Thread - 0] WARN  helpers.QuotaUtil (QuotaUtil.java:getReplicatedSize(63)) - Unknown replication type 'STAND_ALONE'. Returning original data size.
2023-09-07 12:25:25,843 [OM StateMachine ApplyTransaction Thread - 0] WARN  helpers.QuotaUtil (QuotaUtil.java:getReplicatedSize(63)) - Unknown replication type 'STAND_ALONE'. Returning original data size.
2023-09-07 12:25:25,849 [OM StateMachine ApplyTransaction Thread - 0] WARN  helpers.QuotaUtil (QuotaUtil.java:getReplicatedSize(63)) - Unknown replication type 'STAND_ALONE'. Returning original data size.
2023-09-07 12:25:25,849 [OM StateMachine ApplyTransaction Thread - 0] WARN  helpers.QuotaUtil (QuotaUtil.java:getReplicatedSize(63)) - Unknown replication type 'STAND_ALONE'. Returning original data size.
2023-09-07 12:25:25,851 [OM StateMachine ApplyTransaction Thread - 0] WARN  helpers.QuotaUtil (QuotaUtil.java:getReplicatedSize(63)) - Unknown replication type 'STAND_ALONE'. Returning original data size.
2023-09-07 12:25:25,851 [OM StateMachine ApplyTransaction Thread - 0] WARN  helpers.QuotaUtil (QuotaUtil.java:getReplicatedSize(63)) - Unknown replication type 'STAND_ALONE'. Returning original data size.
2023-09-07 12:25:25,855 [OM StateMachine ApplyTransaction Thread - 0] WARN  helpers.QuotaUtil (QuotaUtil.java:getReplicatedSize(63)) - Unknown replication type 'STAND_ALONE'. Returning original data size.
2023-09-07 12:25:25,856 [OM StateMachine ApplyTransaction Thread - 0] WARN  helpers.QuotaUtil (QuotaUtil.java:getReplicatedSize(63)) - Unknown replication type 'STAND_ALONE'. Returning original data size.
2023-09-07 12:25:25,858 [OM StateMachine ApplyTransaction Thread - 0] WARN  helpers.QuotaUtil (QuotaUtil.java:getReplicatedSize(63)) - Unknown replication type 'STAND_ALONE'. Returning original data size.
2023-09-07 12:25:25,858 [OM StateMachine ApplyTransaction Thread - 0] WARN  helpers.QuotaUtil (QuotaUtil.java:getReplicatedSize(63)) - Unknown replication type 'STAND_ALONE'. Returning original data size.
2023-09-07 12:25:25,864 [OM StateMachine ApplyTransaction Thread - 0] WARN  helpers.QuotaUtil (QuotaUtil.java:getReplicatedSize(63)) - Unknown replication type 'STAND_ALONE'. Returning original data size.
2023-09-07 12:25:25,864 [OM StateMachine ApplyTransaction Thread - 0] WARN  helpers.QuotaUtil (QuotaUtil.java:getReplicatedSize(63)) - Unknown replication type 'STAND_ALONE'. Returning original data size.
2023-09-07 12:25:25,866 [OM StateMachine ApplyTransaction Thread - 0] WARN  helpers.QuotaUtil (QuotaUtil.java:getReplicatedSize(63)) - Unknown replication type 'STAND_ALONE'. Returning original data size.
2023-09-07 12:25:25,866 [OM StateMachine ApplyTransaction Thread - 0] WARN  helpers.QuotaUtil (QuotaUtil.java:getReplicatedSize(63)) - Unknown replication type 'STAND_ALONE'. Returning original data size.
2023-09-07 12:25:25,873 [OM StateMachine ApplyTransaction Thread - 0] WARN  helpers.QuotaUtil (QuotaUtil.java:getReplicatedSize(63)) - Unknown replication type 'STAND_ALONE'. Returning original data size.
2023-09-07 12:25:25,873 [OM StateMachine ApplyTransaction Thread - 0] WARN  helpers.QuotaUtil (QuotaUtil.java:getReplicatedSize(63)) - Unknown replication type 'STAND_ALONE'. Returning original data size.
2023-09-07 12:25:25,881 [OM StateMachine ApplyTransaction Thread - 0] WARN  helpers.QuotaUtil (QuotaUtil.java:getReplicatedSize(63)) - Unknown replication type 'STAND_ALONE'. Returning original data size.
2023-09-07 12:25:25,881 [OM StateMachine ApplyTransaction Thread - 0] WARN  helpers.QuotaUtil (QuotaUtil.java:getReplicatedSize(63)) - Unknown replication type 'STAND_ALONE'. Returning original data size.
2023-09-07 12:25:25,895 [OM StateMachine ApplyTransaction Thread - 0] WARN  helpers.QuotaUtil (QuotaUtil.java:getReplicatedSize(63)) - Unknown replication type 'STAND_ALONE'. Returning original data size.
2023-09-07 12:25:25,895 [OM StateMachine ApplyTransaction Thread - 0] WARN  helpers.QuotaUtil (QuotaUtil.java:getReplicatedSize(63)) - Unknown replication type 'STAND_ALONE'. Returning original data size.
2023-09-07 12:25:25,906 [OM StateMachine ApplyTransaction Thread - 0] WARN  helpers.QuotaUtil (QuotaUtil.java:getReplicatedSize(63)) - Unknown replication type 'STAND_ALONE'. Returning original data size.
2023-09-07 12:25:25,907 [OM StateMachine ApplyTransaction Thread - 0] WARN  helpers.QuotaUtil (QuotaUtil.java:getReplicatedSize(63)) - Unknown replication type 'STAND_ALONE'. Returning original data size.
2023-09-07 12:25:25,916 [OM StateMachine ApplyTransaction Thread - 0] WARN  helpers.QuotaUtil (QuotaUtil.java:getReplicatedSize(63)) - Unknown replication type 'STAND_ALONE'. Returning original data size.
2023-09-07 12:25:25,916 [OM StateMachine ApplyTransaction Thread - 0] WARN  helpers.QuotaUtil (QuotaUtil.java:getReplicatedSize(63)) - Unknown replication type 'STAND_ALONE'. Returning original data size.
2023-09-07 12:25:26,325 [main] INFO  om.OzoneManager (OzoneManager.java:stop(2204)) - om1[0.0.0.0:9862]: Stopping Ozone Manager
2023-09-07 12:25:26,325 [main] INFO  ipc.Server (Server.java:stop(3523)) - Stopping server on 9862
2023-09-07 12:25:26,332 [IPC Server listener on 9862] INFO  ipc.Server (Server.java:run(1434)) - Stopping IPC Server listener on 9862
2023-09-07 12:25:26,336 [IPC Server Responder] INFO  ipc.Server (Server.java:run(1567)) - Stopping IPC Server Responder
2023-09-07 12:25:30,352 [main] INFO  om.GrpcOzoneManagerServer (GrpcOzoneManagerServer.java:stop(192)) - Server GrpcOzoneManagerServer is shutdown
2023-09-07 12:25:30,352 [main] INFO  server.RaftServer (RaftServerProxy.java:lambda$close$6(416)) - om1: close
2023-09-07 12:25:30,353 [main] INFO  server.GrpcService (GrpcService.java:closeImpl(311)) - om1: shutdown server GrpcServerProtocolService now
2023-09-07 12:25:30,353 [om1-impl-thread1] INFO  server.RaftServer$Division (RaftServerImpl.java:lambda$close$4(466)) - om1@group-C5BA1605619E: shutdown
2023-09-07 12:25:30,353 [om1-impl-thread1] INFO  util.JmxRegister (JmxRegister.java:unregister(73)) - Successfully un-registered JMX Bean with object name Ratis:service=RaftServer,group=group-C5BA1605619E,id=om1
2023-09-07 12:25:30,353 [om1-impl-thread1] INFO  impl.RoleInfo (RoleInfo.java:shutdownLeaderState(93)) - om1: shutdown om1@group-C5BA1605619E-LeaderStateImpl
2023-09-07 12:25:30,353 [om1-impl-thread1] INFO  impl.PendingRequests (PendingRequests.java:sendNotLeaderResponses(289)) - om1@group-C5BA1605619E-PendingRequests: sendNotLeaderResponses
2023-09-07 12:25:30,355 [main] INFO  server.GrpcService (GrpcService.java:closeImpl(320)) - om1: shutdown server GrpcServerProtocolService successfully
2023-09-07 12:25:30,356 [om1-impl-thread1] INFO  impl.StateMachineUpdater (StateMachineUpdater.java:stopAndJoin(155)) - om1@group-C5BA1605619E-StateMachineUpdater: set stopIndex = 596
2023-09-07 12:25:30,356 [om1@group-C5BA1605619E-StateMachineUpdater] INFO  ratis.OzoneManagerStateMachine (OzoneManagerStateMachine.java:takeSnapshot(480)) - Current Snapshot Index (t:1, i:596)
2023-09-07 12:25:30,375 [om1@group-C5BA1605619E-StateMachineUpdater] INFO  impl.StateMachineUpdater (StateMachineUpdater.java:takeSnapshot(291)) - om1@group-C5BA1605619E-StateMachineUpdater: Took a snapshot at index 596
2023-09-07 12:25:30,375 [om1@group-C5BA1605619E-StateMachineUpdater] INFO  impl.StateMachineUpdater (StateMachineUpdater.java:lambda$new$0(97)) - om1@group-C5BA1605619E-StateMachineUpdater: snapshotIndex: updateIncreasingly -1 -> 596
2023-09-07 12:25:30,375 [om1@group-C5BA1605619E-StateMachineUpdater] INFO  ratis.OzoneManagerStateMachine (OzoneManagerStateMachine.java:close(534)) - StateMachine has shutdown. Shutdown OzoneManager if not already shutdown.
2023-09-07 12:25:30,375 [om1@group-C5BA1605619E-StateMachineUpdater] INFO  ratis.OzoneManagerDoubleBuffer (OzoneManagerDoubleBuffer.java:stopDaemon(551)) - Stopping OMDoubleBuffer flush thread
2023-09-07 12:25:30,375 [OMDoubleBufferFlushThread] INFO  ratis.OzoneManagerDoubleBuffer (OzoneManagerDoubleBuffer.java:canFlush(638)) - OMDoubleBuffer flush thread OMDoubleBufferFlushThread is interrupted and will exit.
2023-09-07 12:25:30,376 [om1-impl-thread1] INFO  server.RaftServer$Division (ServerState.java:close(472)) - om1@group-C5BA1605619E: closes. applyIndex: 596
2023-09-07 12:25:31,151 [om1-impl-thread1] INFO  segmented.SegmentedRaftLogWorker (SegmentedRaftLogWorker.java:close(252)) - om1@group-C5BA1605619E-SegmentedRaftLogWorker close()
2023-09-07 12:25:31,152 [JvmPauseMonitor5] INFO  util.JvmPauseMonitor (JvmPauseMonitor.java:run(109)) - JvmPauseMonitor-om1: Stopped
2023-09-07 12:25:31,152 [main] INFO  ratis.OzoneManagerStateMachine (OzoneManagerStateMachine.java:close(534)) - StateMachine has shutdown. Shutdown OzoneManager if not already shutdown.
2023-09-07 12:25:31,153 [main] INFO  ratis.OzoneManagerDoubleBuffer (OzoneManagerDoubleBuffer.java:stopDaemon(560)) - OMDoubleBuffer flush thread is not running.
2023-09-07 12:25:31,153 [main] INFO  utils.BackgroundService (BackgroundService.java:shutdown(141)) - Shutting down service KeyDeletingService
2023-09-07 12:25:31,154 [main] INFO  utils.BackgroundService (BackgroundService.java:shutdown(141)) - Shutting down service KeyDeletingService
2023-09-07 12:25:31,154 [main] INFO  utils.BackgroundService (BackgroundService.java:shutdown(141)) - Shutting down service OpenKeyCleanupService
2023-09-07 12:25:31,154 [main] INFO  utils.BackgroundService (BackgroundService.java:shutdown(141)) - Shutting down service SstFilteringService
2023-09-07 12:25:31,154 [main] INFO  utils.BackgroundService (BackgroundService.java:shutdown(141)) - Shutting down service SnapshotDeletingService
2023-09-07 12:25:31,155 [main] INFO  om.OzoneManager (OzoneManager.java:stopSecretManager(1071)) - Stopping OM delegation token secret manager.
2023-09-07 12:25:31,156 [main] INFO  handler.ContextHandler (ContextHandler.java:doStop(1159)) - Stopped o.e.j.w.WebAppContext@7b58475e{ozoneManager,/,null,STOPPED}{file:/home/runner/work/ozone/ozone/hadoop-ozone/ozone-manager/target/classes/webapps/ozoneManager}
2023-09-07 12:25:31,157 [main] INFO  server.AbstractConnector (AbstractConnector.java:doStop(383)) - Stopped ServerConnector@172ee77c{HTTP/1.1, (http/1.1)}{0.0.0.0:9874}
2023-09-07 12:25:31,157 [main] INFO  server.session (HouseKeeper.java:stopScavenging(149)) - node0 Stopped scavenging
2023-09-07 12:25:31,157 [main] INFO  handler.ContextHandler (ContextHandler.java:doStop(1159)) - Stopped o.e.j.s.ServletContextHandler@5569ea9e{static,/static,file:///home/runner/work/ozone/ozone/hadoop-ozone/ozone-manager/target/classes/webapps/static,STOPPED}
2023-09-07 12:25:31,157 [main] INFO  handler.ContextHandler (ContextHandler.java:doStop(1159)) - Stopped o.e.j.s.ServletContextHandler@6f192ba4{logs,/logs,file:///home/runner/work/ozone/ozone/hadoop-ozone/ozone-manager/target/log,STOPPED}
2023-09-07 12:25:31,162 [main] INFO  rocksdiff.RocksDBCheckpointDiffer (RocksDBCheckpointDiffer.java:close(343)) - Shutting down CompactionDagPruningService.
2023-09-07 12:25:31,164 [main] INFO  snapshot.SnapshotDiffManager (SnapshotDiffManager.java:closeExecutorService(1697)) - Shutting down executorService: 'SnapDiffExecutor'
2023-09-07 12:25:31,164 [main] INFO  snapshot.SnapshotDiffManager (SnapshotDiffManager.java:closeExecutorService(1697)) - Shutting down executorService: 'SstDumpToolExecutor'
2023-09-07 12:25:31,164 [main] INFO  utils.BackgroundService (BackgroundService.java:shutdown(141)) - Shutting down service SnapshotDiffCleanupService
]]></system-out>
  </testcase>
</testsuite>