<?xml version="1.0" encoding="UTF-8"?>
<testsuite xmlns:xsi="http://www.w3.org/2001/XMLSchema-instance" xsi:noNamespaceSchemaLocation="https://maven.apache.org/surefire/maven-surefire-plugin/xsd/surefire-test-report-3.0.xsd" version="3.0" name="org.apache.hadoop.ozone.om.TestObjectStoreWithFSO" time="28.423" tests="9" errors="0" skipped="0" failures="1">
  <properties>
    <property name="awt.toolkit" value="sun.awt.X11.XToolkit"/>
    <property name="file.encoding.pkg" value="sun.io"/>
    <property name="java.specification.version" value="1.8"/>
    <property name="sun.cpu.isalist" value=""/>
    <property name="sun.jnu.encoding" value="UTF-8"/>
    <property name="java.class.path" value="/home/runner/work/ozone/ozone/hadoop-ozone/integration-test/target/test-classes:/home/runner/work/ozone/ozone/hadoop-ozone/integration-test/target/classes:/home/runner/.m2/repository/org/apache/ozone/ozone-common/1.4.0-SNAPSHOT/ozone-common-1.4.0-SNAPSHOT.jar:/home/runner/.m2/repository/io/grpc/grpc-netty/1.51.1/grpc-netty-1.51.1.jar:/home/runner/.m2/repository/io/grpc/grpc-core/1.51.1/grpc-core-1.51.1.jar:/home/runner/.m2/repository/com/google/android/annotations/4.1.1.4/annotations-4.1.1.4.jar:/home/runner/.m2/repository/org/codehaus/mojo/animal-sniffer-annotations/1.21/animal-sniffer-annotations-1.21.jar:/home/runner/.m2/repository/com/google/errorprone/error_prone_annotations/2.2.0/error_prone_annotations-2.2.0.jar:/home/runner/.m2/repository/io/perfmark/perfmark-api/0.25.0/perfmark-api-0.25.0.jar:/home/runner/.m2/repository/io/netty/netty-codec-http2/4.1.86.Final/netty-codec-http2-4.1.86.Final.jar:/home/runner/.m2/repository/io/netty/netty-common/4.1.86.Final/netty-common-4.1.86.Final.jar:/home/runner/.m2/repository/io/netty/netty-buffer/4.1.86.Final/netty-buffer-4.1.86.Final.jar:/home/runner/.m2/repository/io/netty/netty-codec-http/4.1.86.Final/netty-codec-http-4.1.86.Final.jar:/home/runner/.m2/repository/io/netty/netty-handler-proxy/4.1.86.Final/netty-handler-proxy-4.1.86.Final.jar:/home/runner/.m2/repository/io/netty/netty-codec-socks/4.1.86.Final/netty-codec-socks-4.1.86.Final.jar:/home/runner/.m2/repository/io/netty/netty-tcnative-boringssl-static/2.0.54.Final/netty-tcnative-boringssl-static-2.0.54.Final.jar:/home/runner/.m2/repository/io/netty/netty-tcnative-classes/2.0.54.Final/netty-tcnative-classes-2.0.54.Final.jar:/home/runner/.m2/repository/io/netty/netty-tcnative-boringssl-static/2.0.54.Final/netty-tcnative-boringssl-static-2.0.54.Final-linux-x86_64.jar:/home/runner/.m2/repository/io/netty/netty-tcnative-boringssl-static/2.0.54.Final/netty-tcnative-boringssl-static-2.0.54.Final-linux-aarch_64.jar:/home/runner/.m2/repository/io/netty/netty-tcnative-boringssl-static/2.0.54.Final/netty-tcnative-boringssl-static-2.0.54.Final-osx-x86_64.jar:/home/runner/.m2/repository/io/netty/netty-tcnative-boringssl-static/2.0.54.Final/netty-tcnative-boringssl-static-2.0.54.Final-osx-aarch_64.jar:/home/runner/.m2/repository/io/netty/netty-tcnative-boringssl-static/2.0.54.Final/netty-tcnative-boringssl-static-2.0.54.Final-windows-x86_64.jar:/home/runner/.m2/repository/org/apache/commons/commons-compress/1.21/commons-compress-1.21.jar:/home/runner/.m2/repository/org/apache/ozone/hdds-common/1.4.0-SNAPSHOT/hdds-common-1.4.0-SNAPSHOT.jar:/home/runner/.m2/repository/org/apache/ozone/hdds-client/1.4.0-SNAPSHOT/hdds-client-1.4.0-SNAPSHOT.jar:/home/runner/.m2/repository/org/apache/ozone/ozone-interface-client/1.4.0-SNAPSHOT/ozone-interface-client-1.4.0-SNAPSHOT.jar:/home/runner/.m2/repository/org/apache/ozone/hdds-test-utils/1.4.0-SNAPSHOT/hdds-test-utils-1.4.0-SNAPSHOT.jar:/home/runner/.m2/repository/com/google/guava/guava/31.1-jre/guava-31.1-jre.jar:/home/runner/.m2/repository/com/google/guava/failureaccess/1.0.1/failureaccess-1.0.1.jar:/home/runner/.m2/repository/com/google/guava/listenablefuture/9999.0-empty-to-avoid-conflict-with-guava/listenablefuture-9999.0-empty-to-avoid-conflict-with-guava.jar:/home/runner/.m2/repository/com/google/code/findbugs/jsr305/3.0.0/jsr305-3.0.0.jar:/home/runner/.m2/repository/org/checkerframework/checker-qual/3.12.0/checker-qual-3.12.0.jar:/home/runner/.m2/repository/com/google/j2objc/j2objc-annotations/1.3/j2objc-annotations-1.3.jar:/home/runner/.m2/repository/commons-io/commons-io/2.11.0/commons-io-2.11.0.jar:/home/runner/.m2/repository/commons-logging/commons-logging/1.2/commons-logging-1.2.jar:/home/runner/.m2/repository/ch/qos/reload4j/reload4j/1.2.22/reload4j-1.2.22.jar:/home/runner/.m2/repository/org/slf4j/slf4j-api/1.7.36/slf4j-api-1.7.36.jar:/home/runner/.m2/repository/org/apache/ozone/hdds-server-scm/1.4.0-SNAPSHOT/hdds-server-scm-1.4.0-SNAPSHOT.jar:/home/runner/.m2/repository/org/apache/ozone/hdds-container-service/1.4.0-SNAPSHOT/hdds-container-service-1.4.0-SNAPSHOT.jar:/home/runner/.m2/repository/org/apache/ozone/hdds-hadoop-dependency-server/1.4.0-SNAPSHOT/hdds-hadoop-dependency-server-1.4.0-SNAPSHOT.jar:/home/runner/.m2/repository/org/apache/hadoop/hadoop-hdfs/3.3.5/hadoop-hdfs-3.3.5.jar:/home/runner/.m2/repository/commons-daemon/commons-daemon/1.0.13/commons-daemon-1.0.13.jar:/home/runner/.m2/repository/org/apache/ozone/hdds-server-framework/1.4.0-SNAPSHOT/hdds-server-framework-1.4.0-SNAPSHOT.jar:/home/runner/.m2/repository/io/dropwizard/metrics/metrics-core/3.2.4/metrics-core-3.2.4.jar:/home/runner/.m2/repository/org/apache/commons/commons-text/1.4/commons-text-1.4.jar:/home/runner/.m2/repository/org/apache/hadoop/hadoop-hdfs-client/3.3.5/hadoop-hdfs-client-3.3.5.jar:/home/runner/.m2/repository/com/squareup/okhttp3/okhttp/4.9.3/okhttp-4.9.3.jar:/home/runner/.m2/repository/com/squareup/okio/okio/2.8.0/okio-2.8.0.jar:/home/runner/.m2/repository/org/jetbrains/kotlin/kotlin-stdlib-common/1.6.21/kotlin-stdlib-common-1.6.21.jar:/home/runner/.m2/repository/org/bouncycastle/bcprov-jdk15on/1.67/bcprov-jdk15on-1.67.jar:/home/runner/.m2/repository/com/google/protobuf/protobuf-java/2.5.0/protobuf-java-2.5.0.jar:/home/runner/.m2/repository/org/apache/ozone/hdds-server-framework/1.4.0-SNAPSHOT/hdds-server-framework-1.4.0-SNAPSHOT-tests.jar:/home/runner/.m2/repository/org/apache/ozone/hdds-interface-server/1.4.0-SNAPSHOT/hdds-interface-server-1.4.0-SNAPSHOT.jar:/home/runner/.m2/repository/org/apache/ozone/hdds-interface-admin/1.4.0-SNAPSHOT/hdds-interface-admin-1.4.0-SNAPSHOT.jar:/home/runner/.m2/repository/org/apache/ozone/hdds-managed-rocksdb/1.4.0-SNAPSHOT/hdds-managed-rocksdb-1.4.0-SNAPSHOT.jar:/home/runner/.m2/repository/org/rocksdb/rocksdbjni/7.7.3/rocksdbjni-7.7.3.jar:/home/runner/.m2/repository/org/slf4j/slf4j-reload4j/1.7.36/slf4j-reload4j-1.7.36.jar:/home/runner/.m2/repository/org/apache/commons/commons-configuration2/2.1.1/commons-configuration2-2.1.1.jar:/home/runner/.m2/repository/org/apache/logging/log4j/log4j-core/2.17.1/log4j-core-2.17.1.jar:/home/runner/.m2/repository/com/lmax/disruptor/3.4.2/disruptor-3.4.2.jar:/home/runner/.m2/repository/org/eclipse/jetty/jetty-util/9.4.49.v20220914/jetty-util-9.4.49.v20220914.jar:/home/runner/.m2/repository/org/eclipse/jetty/jetty-server/9.4.49.v20220914/jetty-server-9.4.49.v20220914.jar:/home/runner/.m2/repository/org/eclipse/jetty/jetty-http/9.4.49.v20220914/jetty-http-9.4.49.v20220914.jar:/home/runner/.m2/repository/org/eclipse/jetty/jetty-io/9.4.49.v20220914/jetty-io-9.4.49.v20220914.jar:/home/runner/.m2/repository/org/eclipse/jetty/jetty-servlet/9.4.49.v20220914/jetty-servlet-9.4.49.v20220914.jar:/home/runner/.m2/repository/org/eclipse/jetty/jetty-security/9.4.49.v20220914/jetty-security-9.4.49.v20220914.jar:/home/runner/.m2/repository/org/eclipse/jetty/jetty-util-ajax/9.4.49.v20220914/jetty-util-ajax-9.4.49.v20220914.jar:/home/runner/.m2/repository/org/eclipse/jetty/jetty-webapp/9.4.49.v20220914/jetty-webapp-9.4.49.v20220914.jar:/home/runner/.m2/repository/org/eclipse/jetty/jetty-xml/9.4.49.v20220914/jetty-xml-9.4.49.v20220914.jar:/home/runner/.m2/repository/org/apache/ratis/ratis-server/2.4.2-8b8bdda-SNAPSHOT/ratis-server-2.4.2-8b8bdda-SNAPSHOT.jar:/home/runner/.m2/repository/org/apache/ratis/ratis-thirdparty-misc/1.0.3/ratis-thirdparty-misc-1.0.3.jar:/home/runner/.m2/repository/org/apache/ratis/ratis-proto/2.4.2-8b8bdda-SNAPSHOT/ratis-proto-2.4.2-8b8bdda-SNAPSHOT.jar:/home/runner/.m2/repository/org/apache/ratis/ratis-common/2.4.2-8b8bdda-SNAPSHOT/ratis-common-2.4.2-8b8bdda-SNAPSHOT.jar:/home/runner/.m2/repository/org/apache/ratis/ratis-client/2.4.2-8b8bdda-SNAPSHOT/ratis-client-2.4.2-8b8bdda-SNAPSHOT.jar:/home/runner/.m2/repository/org/apache/ratis/ratis-server-api/2.4.2-8b8bdda-SNAPSHOT/ratis-server-api-2.4.2-8b8bdda-SNAPSHOT.jar:/home/runner/.m2/repository/org/apache/ratis/ratis-metrics/2.4.2-8b8bdda-SNAPSHOT/ratis-metrics-2.4.2-8b8bdda-SNAPSHOT.jar:/home/runner/.m2/repository/io/prometheus/simpleclient_dropwizard/0.7.0/simpleclient_dropwizard-0.7.0.jar:/home/runner/.m2/repository/io/prometheus/simpleclient/0.7.0/simpleclient-0.7.0.jar:/home/runner/.m2/repository/io/prometheus/simpleclient_common/0.7.0/simpleclient_common-0.7.0.jar:/home/runner/.m2/repository/com/fasterxml/jackson/datatype/jackson-datatype-jsr310/2.13.4/jackson-datatype-jsr310-2.13.4.jar:/home/runner/.m2/repository/com/fasterxml/jackson/core/jackson-core/2.13.4/jackson-core-2.13.4.jar:/home/runner/.m2/repository/com/github/spotbugs/spotbugs-annotations/3.1.12/spotbugs-annotations-3.1.12.jar:/home/runner/.m2/repository/org/apache/ozone/rocksdb-checkpoint-differ/1.4.0-SNAPSHOT/rocksdb-checkpoint-differ-1.4.0-SNAPSHOT.jar:/home/runner/.m2/repository/org/awaitility/awaitility/4.2.0/awaitility-4.2.0.jar:/home/runner/.m2/repository/org/hamcrest/hamcrest/2.1/hamcrest-2.1.jar:/home/runner/.m2/repository/org/apache/ozone/ozone-manager/1.4.0-SNAPSHOT/ozone-manager-1.4.0-SNAPSHOT.jar:/home/runner/.m2/repository/org/aspectj/aspectjrt/1.9.7/aspectjrt-1.9.7.jar:/home/runner/.m2/repository/org/aspectj/aspectjweaver/1.9.7/aspectjweaver-1.9.7.jar:/home/runner/.m2/repository/org/apache/ozone/hdds-interface-client/1.4.0-SNAPSHOT/hdds-interface-client-1.4.0-SNAPSHOT.jar:/home/runner/.m2/repository/org/apache/hadoop/thirdparty/hadoop-shaded-protobuf_3_7/1.1.1/hadoop-shaded-protobuf_3_7-1.1.1.jar:/home/runner/.m2/repository/org/apache/ozone/ozone-interface-storage/1.4.0-SNAPSHOT/ozone-interface-storage-1.4.0-SNAPSHOT.jar:/home/runner/.m2/repository/org/reflections/reflections/0.9.11/reflections-0.9.11.jar:/home/runner/.m2/repository/com/sun/jersey/jersey-client/1.19/jersey-client-1.19.jar:/home/runner/.m2/repository/org/codehaus/jackson/jackson-core-asl/1.9.13/jackson-core-asl-1.9.13.jar:/home/runner/.m2/repository/org/codehaus/jackson/jackson-mapper-asl/1.9.13/jackson-mapper-asl-1.9.13.jar:/home/runner/.m2/repository/org/codehaus/jackson/jackson-jaxrs/1.9.13/jackson-jaxrs-1.9.13.jar:/home/runner/.m2/repository/org/apache/ranger/ranger-intg/2.3.0/ranger-intg-2.3.0.jar:/home/runner/.m2/repository/org/apache/ranger/ranger-plugins-common/2.3.0/ranger-plugins-common-2.3.0.jar:/home/runner/.m2/repository/commons-lang/commons-lang/2.6/commons-lang-2.6.jar:/home/runner/.m2/repository/org/apache/ranger/ranger-plugins-cred/2.3.0/ranger-plugins-cred-2.3.0.jar:/home/runner/.m2/repository/org/apache/ranger/ranger-plugins-audit/2.3.0/ranger-plugins-audit-2.3.0.jar:/home/runner/.m2/repository/org/eclipse/jetty/jetty-client/9.4.49.v20220914/jetty-client-9.4.49.v20220914.jar:/home/runner/.m2/repository/org/apache/httpcomponents/httpmime/4.5.6/httpmime-4.5.6.jar:/home/runner/.m2/repository/org/apache/httpcomponents/httpcore-nio/4.4.13/httpcore-nio-4.4.13.jar:/home/runner/.m2/repository/org/apache/httpcomponents/httpasyncclient/4.1.3/httpasyncclient-4.1.3.jar:/home/runner/.m2/repository/com/carrotsearch/hppc/0.8.0/hppc-0.8.0.jar:/home/runner/.m2/repository/org/apache/orc/orc-core/1.5.8/orc-core-1.5.8.jar:/home/runner/.m2/repository/net/java/dev/jna/jna/5.2.0/jna-5.2.0.jar:/home/runner/.m2/repository/net/java/dev/jna/jna-platform/5.2.0/jna-platform-5.2.0.jar:/home/runner/.m2/repository/com/kstruct/gethostname4j/0.0.2/gethostname4j-0.0.2.jar:/home/runner/.m2/repository/org/apache/ranger/ranger-plugin-classloader/2.3.0/ranger-plugin-classloader-2.3.0.jar:/home/runner/.m2/repository/org/apache/ozone/hdds-rocks-native/1.4.0-SNAPSHOT/hdds-rocks-native-1.4.0-SNAPSHOT.jar:/home/runner/.m2/repository/org/apache/hadoop/hadoop-minikdc/3.3.5/hadoop-minikdc-3.3.5.jar:/home/runner/.m2/repository/org/apache/kerby/kerb-simplekdc/1.0.1/kerb-simplekdc-1.0.1.jar:/home/runner/.m2/repository/org/apache/kerby/kerb-client/1.0.1/kerb-client-1.0.1.jar:/home/runner/.m2/repository/org/apache/kerby/kerby-config/1.0.1/kerby-config-1.0.1.jar:/home/runner/.m2/repository/org/apache/kerby/kerb-common/1.0.1/kerb-common-1.0.1.jar:/home/runner/.m2/repository/org/apache/kerby/kerb-crypto/1.0.1/kerb-crypto-1.0.1.jar:/home/runner/.m2/repository/org/apache/kerby/kerb-util/1.0.1/kerb-util-1.0.1.jar:/home/runner/.m2/repository/org/apache/kerby/token-provider/1.0.1/token-provider-1.0.1.jar:/home/runner/.m2/repository/org/apache/kerby/kerb-admin/1.0.1/kerb-admin-1.0.1.jar:/home/runner/.m2/repository/org/apache/kerby/kerb-server/1.0.1/kerb-server-1.0.1.jar:/home/runner/.m2/repository/org/apache/kerby/kerb-identity/1.0.1/kerb-identity-1.0.1.jar:/home/runner/.m2/repository/org/apache/kerby/kerby-xdr/1.0.1/kerby-xdr-1.0.1.jar:/home/runner/.m2/repository/org/apache/ozone/ozone-s3gateway/1.4.0-SNAPSHOT/ozone-s3gateway-1.4.0-SNAPSHOT.jar:/home/runner/.m2/repository/org/javassist/javassist/3.21.0-GA/javassist-3.21.0-GA.jar:/home/runner/.m2/repository/org/jboss/weld/servlet/weld-servlet-shaded/3.1.9.Final/weld-servlet-shaded-3.1.9.Final.jar:/home/runner/.m2/repository/org/glassfish/jersey/containers/jersey-container-servlet-core/2.34/jersey-container-servlet-core-2.34.jar:/home/runner/.m2/repository/org/glassfish/hk2/external/jakarta.inject/2.6.1/jakarta.inject-2.6.1.jar:/home/runner/.m2/repository/org/glassfish/jersey/core/jersey-common/2.34/jersey-common-2.34.jar:/home/runner/.m2/repository/jakarta/ws/rs/jakarta.ws.rs-api/2.1.6/jakarta.ws.rs-api-2.1.6.jar:/home/runner/.m2/repository/org/glassfish/jersey/ext/cdi/jersey-cdi1x/2.34/jersey-cdi1x-2.34.jar:/home/runner/.m2/repository/org/glassfish/jersey/inject/jersey-hk2/2.34/jersey-hk2-2.34.jar:/home/runner/.m2/repository/org/glassfish/hk2/hk2-locator/2.6.1/hk2-locator-2.6.1.jar:/home/runner/.m2/repository/org/glassfish/jersey/media/jersey-media-jaxb/2.34/jersey-media-jaxb-2.34.jar:/home/runner/.m2/repository/org/glassfish/hk2/osgi-resource-locator/1.0.3/osgi-resource-locator-1.0.3.jar:/home/runner/.m2/repository/org/glassfish/hk2/hk2-api/2.5.0/hk2-api-2.5.0.jar:/home/runner/.m2/repository/org/glassfish/hk2/hk2-utils/2.5.0/hk2-utils-2.5.0.jar:/home/runner/.m2/repository/org/glassfish/hk2/external/aopalliance-repackaged/2.5.0/aopalliance-repackaged-2.5.0.jar:/home/runner/.m2/repository/com/fasterxml/jackson/dataformat/jackson-dataformat-xml/2.13.4/jackson-dataformat-xml-2.13.4.jar:/home/runner/.m2/repository/org/codehaus/woodstox/stax2-api/4.2.1/stax2-api-4.2.1.jar:/home/runner/.m2/repository/com/fasterxml/woodstox/woodstox-core/5.4.0/woodstox-core-5.4.0.jar:/home/runner/.m2/repository/com/fasterxml/jackson/module/jackson-module-jaxb-annotations/2.13.4/jackson-module-jaxb-annotations-2.13.4.jar:/home/runner/.m2/repository/jakarta/xml/bind/jakarta.xml.bind-api/2.3.3/jakarta.xml.bind-api-2.3.3.jar:/home/runner/.m2/repository/jakarta/activation/jakarta.activation-api/1.2.2/jakarta.activation-api-1.2.2.jar:/home/runner/.m2/repository/javax/enterprise/cdi-api/2.0/cdi-api-2.0.jar:/home/runner/.m2/repository/javax/el/javax.el-api/3.0.0/javax.el-api-3.0.0.jar:/home/runner/.m2/repository/javax/interceptor/javax.interceptor-api/1.2/javax.interceptor-api-1.2.jar:/home/runner/.m2/repository/javax/inject/javax.inject/1/javax.inject-1.jar:/home/runner/.m2/repository/javax/xml/bind/jaxb-api/2.3.0/jaxb-api-2.3.0.jar:/home/runner/.m2/repository/org/glassfish/jaxb/jaxb-runtime/2.3.0.1/jaxb-runtime-2.3.0.1.jar:/home/runner/.m2/repository/org/glassfish/jaxb/jaxb-core/2.3.0.1/jaxb-core-2.3.0.1.jar:/home/runner/.m2/repository/org/glassfish/jaxb/txw2/2.3.0.1/txw2-2.3.0.1.jar:/home/runner/.m2/repository/com/sun/istack/istack-commons-runtime/3.0.5/istack-commons-runtime-3.0.5.jar:/home/runner/.m2/repository/org/jvnet/staxex/stax-ex/1.7.8/stax-ex-1.7.8.jar:/home/runner/.m2/repository/com/sun/xml/fastinfoset/FastInfoset/1.2.13/FastInfoset-1.2.13.jar:/home/runner/.m2/repository/javax/activation/activation/1.1.1/activation-1.1.1.jar:/home/runner/.m2/repository/io/grpc/grpc-protobuf/1.51.1/grpc-protobuf-1.51.1.jar:/home/runner/.m2/repository/io/grpc/grpc-api/1.51.1/grpc-api-1.51.1.jar:/home/runner/.m2/repository/io/grpc/grpc-context/1.51.1/grpc-context-1.51.1.jar:/home/runner/.m2/repository/com/google/api/grpc/proto-google-common-protos/2.9.0/proto-google-common-protos-2.9.0.jar:/home/runner/.m2/repository/io/grpc/grpc-protobuf-lite/1.51.1/grpc-protobuf-lite-1.51.1.jar:/home/runner/.m2/repository/io/grpc/grpc-stub/1.51.1/grpc-stub-1.51.1.jar:/home/runner/.m2/repository/io/netty/netty-transport/4.1.86.Final/netty-transport-4.1.86.Final.jar:/home/runner/.m2/repository/io/netty/netty-resolver/4.1.86.Final/netty-resolver-4.1.86.Final.jar:/home/runner/.m2/repository/org/apache/ozone/ozone-csi/1.4.0-SNAPSHOT/ozone-csi-1.4.0-SNAPSHOT.jar:/home/runner/.m2/repository/com/google/protobuf/protobuf-java-util/3.19.6/protobuf-java-util-3.19.6.jar:/home/runner/.m2/repository/com/google/code/gson/gson/2.9.0/gson-2.9.0.jar:/home/runner/.m2/repository/org/apache/ozone/hdds-config/1.4.0-SNAPSHOT/hdds-config-1.4.0-SNAPSHOT.jar:/home/runner/.m2/repository/io/netty/netty-transport-native-epoll/4.1.86.Final/netty-transport-native-epoll-4.1.86.Final-linux-x86_64.jar:/home/runner/.m2/repository/io/netty/netty-transport-classes-epoll/4.1.86.Final/netty-transport-classes-epoll-4.1.86.Final.jar:/home/runner/.m2/repository/io/netty/netty-transport-native-unix-common/4.1.86.Final/netty-transport-native-unix-common-4.1.86.Final.jar:/home/runner/.m2/repository/org/apache/ozone/ozone-recon/1.4.0-SNAPSHOT/ozone-recon-1.4.0-SNAPSHOT.jar:/home/runner/.m2/repository/org/apache/ozone/ozone-reconcodegen/1.4.0-SNAPSHOT/ozone-reconcodegen-1.4.0-SNAPSHOT.jar:/home/runner/.m2/repository/com/google/inject/guice/5.1.0/guice-5.1.0.jar:/home/runner/.m2/repository/aopalliance/aopalliance/1.0/aopalliance-1.0.jar:/home/runner/.m2/repository/com/google/inject/extensions/guice-assistedinject/5.1.0/guice-assistedinject-5.1.0.jar:/home/runner/.m2/repository/com/google/inject/extensions/guice-servlet/5.1.0/guice-servlet-5.1.0.jar:/home/runner/.m2/repository/org/glassfish/jersey/containers/jersey-container-servlet/2.34/jersey-container-servlet-2.34.jar:/home/runner/.m2/repository/org/glassfish/hk2/guice-bridge/2.5.0/guice-bridge-2.5.0.jar:/home/runner/.m2/repository/org/glassfish/jersey/core/jersey-server/2.34/jersey-server-2.34.jar:/home/runner/.m2/repository/org/glassfish/jersey/core/jersey-client/2.34/jersey-client-2.34.jar:/home/runner/.m2/repository/jakarta/annotation/jakarta.annotation-api/1.3.5/jakarta.annotation-api-1.3.5.jar:/home/runner/.m2/repository/jakarta/validation/jakarta.validation-api/2.0.2/jakarta.validation-api-2.0.2.jar:/home/runner/.m2/repository/org/glassfish/jersey/media/jersey-media-json-jackson/2.34/jersey-media-json-jackson-2.34.jar:/home/runner/.m2/repository/org/glassfish/jersey/ext/jersey-entity-filtering/2.34/jersey-entity-filtering-2.34.jar:/home/runner/.m2/repository/org/jooq/jooq/3.11.10/jooq-3.11.10.jar:/home/runner/.m2/repository/org/jooq/jooq-meta/3.11.10/jooq-meta-3.11.10.jar:/home/runner/.m2/repository/org/jooq/jooq-codegen/3.11.10/jooq-codegen-3.11.10.jar:/home/runner/.m2/repository/com/jolbox/bonecp/0.8.0.RELEASE/bonecp-0.8.0.RELEASE.jar:/home/runner/.m2/repository/org/apache/derby/derby/10.14.2.0/derby-10.14.2.0.jar:/home/runner/.m2/repository/org/xerial/sqlite-jdbc/3.25.2/sqlite-jdbc-3.25.2.jar:/home/runner/.m2/repository/org/springframework/spring-jdbc/5.3.26/spring-jdbc-5.3.26.jar:/home/runner/.m2/repository/org/springframework/spring-beans/5.3.26/spring-beans-5.3.26.jar:/home/runner/.m2/repository/org/springframework/spring-core/5.3.26/spring-core-5.3.26.jar:/home/runner/.m2/repository/org/springframework/spring-tx/5.3.26/spring-tx-5.3.26.jar:/home/runner/.m2/repository/org/apache/ozone/ozone-client/1.4.0-SNAPSHOT/ozone-client-1.4.0-SNAPSHOT.jar:/home/runner/.m2/repository/org/apache/ozone/hdds-erasurecode/1.4.0-SNAPSHOT/hdds-erasurecode-1.4.0-SNAPSHOT.jar:/home/runner/.m2/repository/org/apache/ozone/ozone-filesystem/1.4.0-SNAPSHOT/ozone-filesystem-1.4.0-SNAPSHOT.jar:/home/runner/.m2/repository/org/apache/ozone/ozone-filesystem-common/1.4.0-SNAPSHOT/ozone-filesystem-common-1.4.0-SNAPSHOT.jar:/home/runner/.m2/repository/org/apache/ozone/ozone-tools/1.4.0-SNAPSHOT/ozone-tools-1.4.0-SNAPSHOT.jar:/home/runner/.m2/repository/com/amazonaws/aws-java-sdk-core/1.12.261/aws-java-sdk-core-1.12.261.jar:/home/runner/.m2/repository/org/apache/httpcomponents/httpclient/4.5.13/httpclient-4.5.13.jar:/home/runner/.m2/repository/org/apache/httpcomponents/httpcore/4.4.13/httpcore-4.4.13.jar:/home/runner/.m2/repository/software/amazon/ion/ion-java/1.0.2/ion-java-1.0.2.jar:/home/runner/.m2/repository/com/fasterxml/jackson/dataformat/jackson-dataformat-cbor/2.13.4/jackson-dataformat-cbor-2.13.4.jar:/home/runner/.m2/repository/joda-time/joda-time/2.10.6/joda-time-2.10.6.jar:/home/runner/.m2/repository/com/amazonaws/aws-java-sdk-s3/1.12.261/aws-java-sdk-s3-1.12.261.jar:/home/runner/.m2/repository/com/amazonaws/aws-java-sdk-kms/1.12.261/aws-java-sdk-kms-1.12.261.jar:/home/runner/.m2/repository/com/amazonaws/jmespath-java/1.12.261/jmespath-java-1.12.261.jar:/home/runner/.m2/repository/org/kohsuke/metainf-services/metainf-services/1.8/metainf-services-1.8.jar:/home/runner/.m2/repository/org/apache/ozone/hdds-tools/1.4.0-SNAPSHOT/hdds-tools-1.4.0-SNAPSHOT.jar:/home/runner/.m2/repository/org/apache/ratis/ratis-tools/2.4.2-8b8bdda-SNAPSHOT/ratis-tools-2.4.2-8b8bdda-SNAPSHOT.jar:/home/runner/.m2/repository/commons-cli/commons-cli/1.2/commons-cli-1.2.jar:/home/runner/.m2/repository/org/apache/commons/commons-lang3/3.7/commons-lang3-3.7.jar:/home/runner/.m2/repository/org/apache/ozone/ozone-manager/1.4.0-SNAPSHOT/ozone-manager-1.4.0-SNAPSHOT-tests.jar:/home/runner/.m2/repository/org/apache/ozone/hdds-common/1.4.0-SNAPSHOT/hdds-common-1.4.0-SNAPSHOT-tests.jar:/home/runner/.m2/repository/org/apache/ozone/hdds-hadoop-dependency-client/1.4.0-SNAPSHOT/hdds-hadoop-dependency-client-1.4.0-SNAPSHOT.jar:/home/runner/.m2/repository/info/picocli/picocli/4.6.1/picocli-4.6.1.jar:/home/runner/.m2/repository/com/fasterxml/jackson/core/jackson-annotations/2.13.4/jackson-annotations-2.13.4.jar:/home/runner/.m2/repository/org/apache/ozone/hdds-annotation-processing/1.4.0-SNAPSHOT/hdds-annotation-processing-1.4.0-SNAPSHOT.jar:/home/runner/.m2/repository/javax/annotation/javax.annotation-api/1.2/javax.annotation-api-1.2.jar:/home/runner/.m2/repository/org/apache/ratis/ratis-netty/2.4.2-8b8bdda-SNAPSHOT/ratis-netty-2.4.2-8b8bdda-SNAPSHOT.jar:/home/runner/.m2/repository/org/apache/ratis/ratis-grpc/2.4.2-8b8bdda-SNAPSHOT/ratis-grpc-2.4.2-8b8bdda-SNAPSHOT.jar:/home/runner/.m2/repository/org/apache/logging/log4j/log4j-api/2.17.1/log4j-api-2.17.1.jar:/home/runner/.m2/repository/org/apache/commons/commons-pool2/2.6.0/commons-pool2-2.6.0.jar:/home/runner/.m2/repository/org/bouncycastle/bcpkix-jdk15on/1.67/bcpkix-jdk15on-1.67.jar:/home/runner/.m2/repository/commons-validator/commons-validator/1.6/commons-validator-1.6.jar:/home/runner/.m2/repository/commons-beanutils/commons-beanutils/1.9.4/commons-beanutils-1.9.4.jar:/home/runner/.m2/repository/commons-digester/commons-digester/1.8.1/commons-digester-1.8.1.jar:/home/runner/.m2/repository/commons-collections/commons-collections/3.2.2/commons-collections-3.2.2.jar:/home/runner/.m2/repository/io/jaegertracing/jaeger-client/1.6.0/jaeger-client-1.6.0.jar:/home/runner/.m2/repository/io/jaegertracing/jaeger-thrift/1.6.0/jaeger-thrift-1.6.0.jar:/home/runner/.m2/repository/org/apache/thrift/libthrift/0.14.1/libthrift-0.14.1.jar:/home/runner/.m2/repository/io/jaegertracing/jaeger-core/1.6.0/jaeger-core-1.6.0.jar:/home/runner/.m2/repository/io/jaegertracing/jaeger-tracerresolver/1.6.0/jaeger-tracerresolver-1.6.0.jar:/home/runner/.m2/repository/io/opentracing/contrib/opentracing-tracerresolver/0.1.8/opentracing-tracerresolver-0.1.8.jar:/home/runner/.m2/repository/org/jetbrains/kotlin/kotlin-stdlib/1.6.21/kotlin-stdlib-1.6.21.jar:/home/runner/.m2/repository/org/jetbrains/annotations/13.0/annotations-13.0.jar:/home/runner/.m2/repository/io/opentracing/opentracing-util/0.33.0/opentracing-util-0.33.0.jar:/home/runner/.m2/repository/io/opentracing/opentracing-api/0.33.0/opentracing-api-0.33.0.jar:/home/runner/.m2/repository/io/opentracing/opentracing-noop/0.33.0/opentracing-noop-0.33.0.jar:/home/runner/.m2/repository/org/yaml/snakeyaml/2.0/snakeyaml-2.0.jar:/home/runner/.m2/repository/junit/junit/4.13.1/junit-4.13.1.jar:/home/runner/.m2/repository/org/hamcrest/hamcrest-core/1.3/hamcrest-core-1.3.jar:/home/runner/.m2/repository/org/junit/jupiter/junit-jupiter-api/5.8.2/junit-jupiter-api-5.8.2.jar:/home/runner/.m2/repository/org/opentest4j/opentest4j/1.2.0/opentest4j-1.2.0.jar:/home/runner/.m2/repository/org/junit/platform/junit-platform-commons/1.8.2/junit-platform-commons-1.8.2.jar:/home/runner/.m2/repository/org/apiguardian/apiguardian-api/1.1.2/apiguardian-api-1.1.2.jar:/home/runner/.m2/repository/org/junit/jupiter/junit-jupiter-params/5.8.2/junit-jupiter-params-5.8.2.jar:/home/runner/.m2/repository/org/junit/jupiter/junit-jupiter-migrationsupport/5.8.2/junit-jupiter-migrationsupport-5.8.2.jar:/home/runner/.m2/repository/org/junit/jupiter/junit-jupiter-engine/5.8.2/junit-jupiter-engine-5.8.2.jar:/home/runner/.m2/repository/org/junit/platform/junit-platform-engine/1.8.2/junit-platform-engine-1.8.2.jar:/home/runner/.m2/repository/org/junit/vintage/junit-vintage-engine/5.8.2/junit-vintage-engine-5.8.2.jar:/home/runner/.m2/repository/org/junit/platform/junit-platform-launcher/1.8.2/junit-platform-launcher-1.8.2.jar:/home/runner/.m2/repository/org/mockito/mockito-core/2.28.2/mockito-core-2.28.2.jar:/home/runner/.m2/repository/net/bytebuddy/byte-buddy/1.9.10/byte-buddy-1.9.10.jar:/home/runner/.m2/repository/net/bytebuddy/byte-buddy-agent/1.9.10/byte-buddy-agent-1.9.10.jar:/home/runner/.m2/repository/org/objenesis/objenesis/1.0/objenesis-1.0.jar:/home/runner/.m2/repository/org/apache/hadoop/hadoop-kms/3.3.5/hadoop-kms-3.3.5.jar:/home/runner/.m2/repository/org/apache/hadoop/hadoop-auth/3.3.5/hadoop-auth-3.3.5.jar:/home/runner/.m2/repository/com/nimbusds/nimbus-jose-jwt/9.8.1/nimbus-jose-jwt-9.8.1.jar:/home/runner/.m2/repository/com/github/stephenc/jcip/jcip-annotations/1.0-1/jcip-annotations-1.0-1.jar:/home/runner/.m2/repository/net/minidev/json-smart/2.4.7/json-smart-2.4.7.jar:/home/runner/.m2/repository/net/minidev/accessors-smart/2.4.7/accessors-smart-2.4.7.jar:/home/runner/.m2/repository/org/ow2/asm/asm/5.0.4/asm-5.0.4.jar:/home/runner/.m2/repository/org/apache/zookeeper/zookeeper/3.5.6/zookeeper-3.5.6.jar:/home/runner/.m2/repository/org/apache/zookeeper/zookeeper-jute/3.5.6/zookeeper-jute-3.5.6.jar:/home/runner/.m2/repository/org/apache/yetus/audience-annotations/0.5.0/audience-annotations-0.5.0.jar:/home/runner/.m2/repository/org/apache/curator/curator-framework/4.2.0/curator-framework-4.2.0.jar:/home/runner/.m2/repository/org/apache/hadoop/thirdparty/hadoop-shaded-guava/1.1.1/hadoop-shaded-guava-1.1.1.jar:/home/runner/.m2/repository/com/sun/jersey/jersey-core/1.19/jersey-core-1.19.jar:/home/runner/.m2/repository/javax/ws/rs/jsr311-api/1.1.1/jsr311-api-1.1.1.jar:/home/runner/.m2/repository/com/sun/jersey/jersey-server/1.19/jersey-server-1.19.jar:/home/runner/.m2/repository/javax/servlet/javax.servlet-api/3.1.0/javax.servlet-api-3.1.0.jar:/home/runner/.m2/repository/org/apache/hadoop/hadoop-common/3.3.5/hadoop-common-3.3.5.jar:/home/runner/.m2/repository/org/apache/commons/commons-math3/3.1.1/commons-math3-3.1.1.jar:/home/runner/.m2/repository/commons-net/commons-net/3.9.0/commons-net-3.9.0.jar:/home/runner/.m2/repository/com/sun/jersey/jersey-servlet/1.19/jersey-servlet-1.19.jar:/home/runner/.m2/repository/com/github/pjfanning/jersey-json/1.20/jersey-json-1.20.jar:/home/runner/.m2/repository/org/codehaus/jettison/jettison/1.1/jettison-1.1.jar:/home/runner/.m2/repository/com/sun/xml/bind/jaxb-impl/2.2.3-1/jaxb-impl-2.2.3-1.jar:/home/runner/.m2/repository/com/google/re2j/re2j/1.1/re2j-1.1.jar:/home/runner/.m2/repository/com/jcraft/jsch/0.1.54/jsch-0.1.54.jar:/home/runner/.m2/repository/org/apache/curator/curator-client/4.2.0/curator-client-4.2.0.jar:/home/runner/.m2/repository/org/apache/curator/curator-recipes/4.2.0/curator-recipes-4.2.0.jar:/home/runner/.m2/repository/org/apache/kerby/kerb-core/1.0.1/kerb-core-1.0.1.jar:/home/runner/.m2/repository/org/apache/kerby/kerby-pkix/1.0.1/kerby-pkix-1.0.1.jar:/home/runner/.m2/repository/org/apache/kerby/kerby-asn1/1.0.1/kerby-asn1-1.0.1.jar:/home/runner/.m2/repository/org/apache/kerby/kerby-util/1.0.1/kerby-util-1.0.1.jar:/home/runner/.m2/repository/dnsjava/dnsjava/2.1.7/dnsjava-2.1.7.jar:/home/runner/.m2/repository/org/xerial/snappy/snappy-java/1.1.8.2/snappy-java-1.1.8.2.jar:/home/runner/.m2/repository/com/fasterxml/jackson/core/jackson-databind/2.13.4.2/jackson-databind-2.13.4.2.jar:/home/runner/.m2/repository/org/apache/hadoop/hadoop-kms/3.3.5/hadoop-kms-3.3.5-tests.jar:/home/runner/.m2/repository/org/apache/ozone/hdds-server-scm/1.4.0-SNAPSHOT/hdds-server-scm-1.4.0-SNAPSHOT-tests.jar:/home/runner/.m2/repository/org/apache/ozone/hdds-container-service/1.4.0-SNAPSHOT/hdds-container-service-1.4.0-SNAPSHOT-tests.jar:/home/runner/.m2/repository/com/github/luben/zstd-jni/1.5.2-5/zstd-jni-1.5.2-5.jar:/home/runner/.m2/repository/commons-codec/commons-codec/1.15/commons-codec-1.15.jar:/home/runner/.m2/repository/io/netty/netty-codec/4.1.86.Final/netty-codec-4.1.86.Final.jar:/home/runner/.m2/repository/io/netty/netty-handler/4.1.86.Final/netty-handler-4.1.86.Final.jar:/home/runner/.m2/repository/org/apache/ozone/hdds-hadoop-dependency-test/1.4.0-SNAPSHOT/hdds-hadoop-dependency-test-1.4.0-SNAPSHOT.jar:/home/runner/.m2/repository/org/apache/hadoop/hadoop-common/3.3.5/hadoop-common-3.3.5-tests.jar:/home/runner/.m2/repository/org/apache/hadoop/hadoop-hdfs/3.3.5/hadoop-hdfs-3.3.5-tests.jar:/home/runner/.m2/repository/org/assertj/assertj-core/3.12.2/assertj-core-3.12.2.jar:/home/runner/.m2/repository/org/apache/hadoop/hadoop-distcp/3.3.5/hadoop-distcp-3.3.5.jar:/home/runner/.m2/repository/org/apache/hadoop/hadoop-mapreduce-client-jobclient/3.3.5/hadoop-mapreduce-client-jobclient-3.3.5.jar:/home/runner/.m2/repository/org/apache/hadoop/hadoop-mapreduce-client-common/3.3.5/hadoop-mapreduce-client-common-3.3.5.jar:/home/runner/.m2/repository/org/apache/hadoop/hadoop-yarn-common/3.3.5/hadoop-yarn-common-3.3.5.jar:/home/runner/.m2/repository/org/apache/hadoop/hadoop-yarn-api/3.3.5/hadoop-yarn-api-3.3.5.jar:/home/runner/.m2/repository/com/sun/jersey/contribs/jersey-guice/1.19/jersey-guice-1.19.jar:/home/runner/.m2/repository/com/fasterxml/jackson/jaxrs/jackson-jaxrs-json-provider/2.13.4/jackson-jaxrs-json-provider-2.13.4.jar:/home/runner/.m2/repository/com/fasterxml/jackson/jaxrs/jackson-jaxrs-base/2.13.4/jackson-jaxrs-base-2.13.4.jar:/home/runner/.m2/repository/org/apache/hadoop/hadoop-yarn-client/3.3.5/hadoop-yarn-client-3.3.5.jar:/home/runner/.m2/repository/org/eclipse/jetty/websocket/websocket-client/9.4.48.v20220622/websocket-client-9.4.48.v20220622.jar:/home/runner/.m2/repository/org/eclipse/jetty/websocket/websocket-common/9.4.48.v20220622/websocket-common-9.4.48.v20220622.jar:/home/runner/.m2/repository/org/eclipse/jetty/websocket/websocket-api/9.4.48.v20220622/websocket-api-9.4.48.v20220622.jar:/home/runner/.m2/repository/org/jline/jline/3.9.0/jline-3.9.0.jar:/home/runner/.m2/repository/org/apache/hadoop/hadoop-mapreduce-client-core/3.3.5/hadoop-mapreduce-client-core-3.3.5.jar:/home/runner/.m2/repository/org/apache/avro/avro/1.7.7/avro-1.7.7.jar:/home/runner/.m2/repository/com/thoughtworks/paranamer/paranamer/2.3/paranamer-2.3.jar:/home/runner/.m2/repository/org/apache/hadoop/hadoop-annotations/3.3.5/hadoop-annotations-3.3.5.jar:/usr/lib/jvm/temurin-8-jdk-amd64/jre/../lib/tools.jar:/home/runner/.m2/repository/io/netty/netty/3.10.6.Final/netty-3.10.6.Final.jar:/home/runner/.m2/repository/org/apache/hadoop/hadoop-distcp/3.3.5/hadoop-distcp-3.3.5-tests.jar:/home/runner/.m2/repository/org/slf4j/jul-to-slf4j/1.7.36/jul-to-slf4j-1.7.36.jar:"/>
    <property name="java.vm.vendor" value="Temurin"/>
    <property name="sun.arch.data.model" value="64"/>
    <property name="test.build.dir" value="/home/runner/work/ozone/ozone/hadoop-ozone/integration-test/target/test-dir"/>
    <property name="test.cache.data" value=""/>
    <property name="java.vendor.url" value="https://adoptium.net/"/>
    <property name="user.timezone" value="Etc/UTC"/>
    <property name="java.vm.specification.version" value="1.8"/>
    <property name="os.name" value="Linux"/>
    <property name="test.build.data" value="/home/runner/work/ozone/ozone/hadoop-ozone/integration-test/target/test-dir"/>
    <property name="sun.java.launcher" value="SUN_STANDARD"/>
    <property name="sun.boot.library.path" value="/usr/lib/jvm/temurin-8-jdk-amd64/jre/lib/amd64"/>
    <property name="sun.java.command" value="/home/runner/work/ozone/ozone/hadoop-ozone/integration-test/target/surefire/surefirebooter8388906361912843216.jar /home/runner/work/ozone/ozone/hadoop-ozone/integration-test/target/surefire 2023-04-19T12-33-23_918-jvmRun1 surefire6392101450146172149tmp surefire_241136388906404455848tmp"/>
    <property name="surefire.test.class.path" value="/home/runner/work/ozone/ozone/hadoop-ozone/integration-test/target/test-classes:/home/runner/work/ozone/ozone/hadoop-ozone/integration-test/target/classes:/home/runner/.m2/repository/org/apache/ozone/ozone-common/1.4.0-SNAPSHOT/ozone-common-1.4.0-SNAPSHOT.jar:/home/runner/.m2/repository/io/grpc/grpc-netty/1.51.1/grpc-netty-1.51.1.jar:/home/runner/.m2/repository/io/grpc/grpc-core/1.51.1/grpc-core-1.51.1.jar:/home/runner/.m2/repository/com/google/android/annotations/4.1.1.4/annotations-4.1.1.4.jar:/home/runner/.m2/repository/org/codehaus/mojo/animal-sniffer-annotations/1.21/animal-sniffer-annotations-1.21.jar:/home/runner/.m2/repository/com/google/errorprone/error_prone_annotations/2.2.0/error_prone_annotations-2.2.0.jar:/home/runner/.m2/repository/io/perfmark/perfmark-api/0.25.0/perfmark-api-0.25.0.jar:/home/runner/.m2/repository/io/netty/netty-codec-http2/4.1.86.Final/netty-codec-http2-4.1.86.Final.jar:/home/runner/.m2/repository/io/netty/netty-common/4.1.86.Final/netty-common-4.1.86.Final.jar:/home/runner/.m2/repository/io/netty/netty-buffer/4.1.86.Final/netty-buffer-4.1.86.Final.jar:/home/runner/.m2/repository/io/netty/netty-codec-http/4.1.86.Final/netty-codec-http-4.1.86.Final.jar:/home/runner/.m2/repository/io/netty/netty-handler-proxy/4.1.86.Final/netty-handler-proxy-4.1.86.Final.jar:/home/runner/.m2/repository/io/netty/netty-codec-socks/4.1.86.Final/netty-codec-socks-4.1.86.Final.jar:/home/runner/.m2/repository/io/netty/netty-tcnative-boringssl-static/2.0.54.Final/netty-tcnative-boringssl-static-2.0.54.Final.jar:/home/runner/.m2/repository/io/netty/netty-tcnative-classes/2.0.54.Final/netty-tcnative-classes-2.0.54.Final.jar:/home/runner/.m2/repository/io/netty/netty-tcnative-boringssl-static/2.0.54.Final/netty-tcnative-boringssl-static-2.0.54.Final-linux-x86_64.jar:/home/runner/.m2/repository/io/netty/netty-tcnative-boringssl-static/2.0.54.Final/netty-tcnative-boringssl-static-2.0.54.Final-linux-aarch_64.jar:/home/runner/.m2/repository/io/netty/netty-tcnative-boringssl-static/2.0.54.Final/netty-tcnative-boringssl-static-2.0.54.Final-osx-x86_64.jar:/home/runner/.m2/repository/io/netty/netty-tcnative-boringssl-static/2.0.54.Final/netty-tcnative-boringssl-static-2.0.54.Final-osx-aarch_64.jar:/home/runner/.m2/repository/io/netty/netty-tcnative-boringssl-static/2.0.54.Final/netty-tcnative-boringssl-static-2.0.54.Final-windows-x86_64.jar:/home/runner/.m2/repository/org/apache/commons/commons-compress/1.21/commons-compress-1.21.jar:/home/runner/.m2/repository/org/apache/ozone/hdds-common/1.4.0-SNAPSHOT/hdds-common-1.4.0-SNAPSHOT.jar:/home/runner/.m2/repository/org/apache/ozone/hdds-client/1.4.0-SNAPSHOT/hdds-client-1.4.0-SNAPSHOT.jar:/home/runner/.m2/repository/org/apache/ozone/ozone-interface-client/1.4.0-SNAPSHOT/ozone-interface-client-1.4.0-SNAPSHOT.jar:/home/runner/.m2/repository/org/apache/ozone/hdds-test-utils/1.4.0-SNAPSHOT/hdds-test-utils-1.4.0-SNAPSHOT.jar:/home/runner/.m2/repository/com/google/guava/guava/31.1-jre/guava-31.1-jre.jar:/home/runner/.m2/repository/com/google/guava/failureaccess/1.0.1/failureaccess-1.0.1.jar:/home/runner/.m2/repository/com/google/guava/listenablefuture/9999.0-empty-to-avoid-conflict-with-guava/listenablefuture-9999.0-empty-to-avoid-conflict-with-guava.jar:/home/runner/.m2/repository/com/google/code/findbugs/jsr305/3.0.0/jsr305-3.0.0.jar:/home/runner/.m2/repository/org/checkerframework/checker-qual/3.12.0/checker-qual-3.12.0.jar:/home/runner/.m2/repository/com/google/j2objc/j2objc-annotations/1.3/j2objc-annotations-1.3.jar:/home/runner/.m2/repository/commons-io/commons-io/2.11.0/commons-io-2.11.0.jar:/home/runner/.m2/repository/commons-logging/commons-logging/1.2/commons-logging-1.2.jar:/home/runner/.m2/repository/ch/qos/reload4j/reload4j/1.2.22/reload4j-1.2.22.jar:/home/runner/.m2/repository/org/slf4j/slf4j-api/1.7.36/slf4j-api-1.7.36.jar:/home/runner/.m2/repository/org/apache/ozone/hdds-server-scm/1.4.0-SNAPSHOT/hdds-server-scm-1.4.0-SNAPSHOT.jar:/home/runner/.m2/repository/org/apache/ozone/hdds-container-service/1.4.0-SNAPSHOT/hdds-container-service-1.4.0-SNAPSHOT.jar:/home/runner/.m2/repository/org/apache/ozone/hdds-hadoop-dependency-server/1.4.0-SNAPSHOT/hdds-hadoop-dependency-server-1.4.0-SNAPSHOT.jar:/home/runner/.m2/repository/org/apache/hadoop/hadoop-hdfs/3.3.5/hadoop-hdfs-3.3.5.jar:/home/runner/.m2/repository/commons-daemon/commons-daemon/1.0.13/commons-daemon-1.0.13.jar:/home/runner/.m2/repository/org/apache/ozone/hdds-server-framework/1.4.0-SNAPSHOT/hdds-server-framework-1.4.0-SNAPSHOT.jar:/home/runner/.m2/repository/io/dropwizard/metrics/metrics-core/3.2.4/metrics-core-3.2.4.jar:/home/runner/.m2/repository/org/apache/commons/commons-text/1.4/commons-text-1.4.jar:/home/runner/.m2/repository/org/apache/hadoop/hadoop-hdfs-client/3.3.5/hadoop-hdfs-client-3.3.5.jar:/home/runner/.m2/repository/com/squareup/okhttp3/okhttp/4.9.3/okhttp-4.9.3.jar:/home/runner/.m2/repository/com/squareup/okio/okio/2.8.0/okio-2.8.0.jar:/home/runner/.m2/repository/org/jetbrains/kotlin/kotlin-stdlib-common/1.6.21/kotlin-stdlib-common-1.6.21.jar:/home/runner/.m2/repository/org/bouncycastle/bcprov-jdk15on/1.67/bcprov-jdk15on-1.67.jar:/home/runner/.m2/repository/com/google/protobuf/protobuf-java/2.5.0/protobuf-java-2.5.0.jar:/home/runner/.m2/repository/org/apache/ozone/hdds-server-framework/1.4.0-SNAPSHOT/hdds-server-framework-1.4.0-SNAPSHOT-tests.jar:/home/runner/.m2/repository/org/apache/ozone/hdds-interface-server/1.4.0-SNAPSHOT/hdds-interface-server-1.4.0-SNAPSHOT.jar:/home/runner/.m2/repository/org/apache/ozone/hdds-interface-admin/1.4.0-SNAPSHOT/hdds-interface-admin-1.4.0-SNAPSHOT.jar:/home/runner/.m2/repository/org/apache/ozone/hdds-managed-rocksdb/1.4.0-SNAPSHOT/hdds-managed-rocksdb-1.4.0-SNAPSHOT.jar:/home/runner/.m2/repository/org/rocksdb/rocksdbjni/7.7.3/rocksdbjni-7.7.3.jar:/home/runner/.m2/repository/org/slf4j/slf4j-reload4j/1.7.36/slf4j-reload4j-1.7.36.jar:/home/runner/.m2/repository/org/apache/commons/commons-configuration2/2.1.1/commons-configuration2-2.1.1.jar:/home/runner/.m2/repository/org/apache/logging/log4j/log4j-core/2.17.1/log4j-core-2.17.1.jar:/home/runner/.m2/repository/com/lmax/disruptor/3.4.2/disruptor-3.4.2.jar:/home/runner/.m2/repository/org/eclipse/jetty/jetty-util/9.4.49.v20220914/jetty-util-9.4.49.v20220914.jar:/home/runner/.m2/repository/org/eclipse/jetty/jetty-server/9.4.49.v20220914/jetty-server-9.4.49.v20220914.jar:/home/runner/.m2/repository/org/eclipse/jetty/jetty-http/9.4.49.v20220914/jetty-http-9.4.49.v20220914.jar:/home/runner/.m2/repository/org/eclipse/jetty/jetty-io/9.4.49.v20220914/jetty-io-9.4.49.v20220914.jar:/home/runner/.m2/repository/org/eclipse/jetty/jetty-servlet/9.4.49.v20220914/jetty-servlet-9.4.49.v20220914.jar:/home/runner/.m2/repository/org/eclipse/jetty/jetty-security/9.4.49.v20220914/jetty-security-9.4.49.v20220914.jar:/home/runner/.m2/repository/org/eclipse/jetty/jetty-util-ajax/9.4.49.v20220914/jetty-util-ajax-9.4.49.v20220914.jar:/home/runner/.m2/repository/org/eclipse/jetty/jetty-webapp/9.4.49.v20220914/jetty-webapp-9.4.49.v20220914.jar:/home/runner/.m2/repository/org/eclipse/jetty/jetty-xml/9.4.49.v20220914/jetty-xml-9.4.49.v20220914.jar:/home/runner/.m2/repository/org/apache/ratis/ratis-server/2.4.2-8b8bdda-SNAPSHOT/ratis-server-2.4.2-8b8bdda-SNAPSHOT.jar:/home/runner/.m2/repository/org/apache/ratis/ratis-thirdparty-misc/1.0.3/ratis-thirdparty-misc-1.0.3.jar:/home/runner/.m2/repository/org/apache/ratis/ratis-proto/2.4.2-8b8bdda-SNAPSHOT/ratis-proto-2.4.2-8b8bdda-SNAPSHOT.jar:/home/runner/.m2/repository/org/apache/ratis/ratis-common/2.4.2-8b8bdda-SNAPSHOT/ratis-common-2.4.2-8b8bdda-SNAPSHOT.jar:/home/runner/.m2/repository/org/apache/ratis/ratis-client/2.4.2-8b8bdda-SNAPSHOT/ratis-client-2.4.2-8b8bdda-SNAPSHOT.jar:/home/runner/.m2/repository/org/apache/ratis/ratis-server-api/2.4.2-8b8bdda-SNAPSHOT/ratis-server-api-2.4.2-8b8bdda-SNAPSHOT.jar:/home/runner/.m2/repository/org/apache/ratis/ratis-metrics/2.4.2-8b8bdda-SNAPSHOT/ratis-metrics-2.4.2-8b8bdda-SNAPSHOT.jar:/home/runner/.m2/repository/io/prometheus/simpleclient_dropwizard/0.7.0/simpleclient_dropwizard-0.7.0.jar:/home/runner/.m2/repository/io/prometheus/simpleclient/0.7.0/simpleclient-0.7.0.jar:/home/runner/.m2/repository/io/prometheus/simpleclient_common/0.7.0/simpleclient_common-0.7.0.jar:/home/runner/.m2/repository/com/fasterxml/jackson/datatype/jackson-datatype-jsr310/2.13.4/jackson-datatype-jsr310-2.13.4.jar:/home/runner/.m2/repository/com/fasterxml/jackson/core/jackson-core/2.13.4/jackson-core-2.13.4.jar:/home/runner/.m2/repository/com/github/spotbugs/spotbugs-annotations/3.1.12/spotbugs-annotations-3.1.12.jar:/home/runner/.m2/repository/org/apache/ozone/rocksdb-checkpoint-differ/1.4.0-SNAPSHOT/rocksdb-checkpoint-differ-1.4.0-SNAPSHOT.jar:/home/runner/.m2/repository/org/awaitility/awaitility/4.2.0/awaitility-4.2.0.jar:/home/runner/.m2/repository/org/hamcrest/hamcrest/2.1/hamcrest-2.1.jar:/home/runner/.m2/repository/org/apache/ozone/ozone-manager/1.4.0-SNAPSHOT/ozone-manager-1.4.0-SNAPSHOT.jar:/home/runner/.m2/repository/org/aspectj/aspectjrt/1.9.7/aspectjrt-1.9.7.jar:/home/runner/.m2/repository/org/aspectj/aspectjweaver/1.9.7/aspectjweaver-1.9.7.jar:/home/runner/.m2/repository/org/apache/ozone/hdds-interface-client/1.4.0-SNAPSHOT/hdds-interface-client-1.4.0-SNAPSHOT.jar:/home/runner/.m2/repository/org/apache/hadoop/thirdparty/hadoop-shaded-protobuf_3_7/1.1.1/hadoop-shaded-protobuf_3_7-1.1.1.jar:/home/runner/.m2/repository/org/apache/ozone/ozone-interface-storage/1.4.0-SNAPSHOT/ozone-interface-storage-1.4.0-SNAPSHOT.jar:/home/runner/.m2/repository/org/reflections/reflections/0.9.11/reflections-0.9.11.jar:/home/runner/.m2/repository/com/sun/jersey/jersey-client/1.19/jersey-client-1.19.jar:/home/runner/.m2/repository/org/codehaus/jackson/jackson-core-asl/1.9.13/jackson-core-asl-1.9.13.jar:/home/runner/.m2/repository/org/codehaus/jackson/jackson-mapper-asl/1.9.13/jackson-mapper-asl-1.9.13.jar:/home/runner/.m2/repository/org/codehaus/jackson/jackson-jaxrs/1.9.13/jackson-jaxrs-1.9.13.jar:/home/runner/.m2/repository/org/apache/ranger/ranger-intg/2.3.0/ranger-intg-2.3.0.jar:/home/runner/.m2/repository/org/apache/ranger/ranger-plugins-common/2.3.0/ranger-plugins-common-2.3.0.jar:/home/runner/.m2/repository/commons-lang/commons-lang/2.6/commons-lang-2.6.jar:/home/runner/.m2/repository/org/apache/ranger/ranger-plugins-cred/2.3.0/ranger-plugins-cred-2.3.0.jar:/home/runner/.m2/repository/org/apache/ranger/ranger-plugins-audit/2.3.0/ranger-plugins-audit-2.3.0.jar:/home/runner/.m2/repository/org/eclipse/jetty/jetty-client/9.4.49.v20220914/jetty-client-9.4.49.v20220914.jar:/home/runner/.m2/repository/org/apache/httpcomponents/httpmime/4.5.6/httpmime-4.5.6.jar:/home/runner/.m2/repository/org/apache/httpcomponents/httpcore-nio/4.4.13/httpcore-nio-4.4.13.jar:/home/runner/.m2/repository/org/apache/httpcomponents/httpasyncclient/4.1.3/httpasyncclient-4.1.3.jar:/home/runner/.m2/repository/com/carrotsearch/hppc/0.8.0/hppc-0.8.0.jar:/home/runner/.m2/repository/org/apache/orc/orc-core/1.5.8/orc-core-1.5.8.jar:/home/runner/.m2/repository/net/java/dev/jna/jna/5.2.0/jna-5.2.0.jar:/home/runner/.m2/repository/net/java/dev/jna/jna-platform/5.2.0/jna-platform-5.2.0.jar:/home/runner/.m2/repository/com/kstruct/gethostname4j/0.0.2/gethostname4j-0.0.2.jar:/home/runner/.m2/repository/org/apache/ranger/ranger-plugin-classloader/2.3.0/ranger-plugin-classloader-2.3.0.jar:/home/runner/.m2/repository/org/apache/ozone/hdds-rocks-native/1.4.0-SNAPSHOT/hdds-rocks-native-1.4.0-SNAPSHOT.jar:/home/runner/.m2/repository/org/apache/hadoop/hadoop-minikdc/3.3.5/hadoop-minikdc-3.3.5.jar:/home/runner/.m2/repository/org/apache/kerby/kerb-simplekdc/1.0.1/kerb-simplekdc-1.0.1.jar:/home/runner/.m2/repository/org/apache/kerby/kerb-client/1.0.1/kerb-client-1.0.1.jar:/home/runner/.m2/repository/org/apache/kerby/kerby-config/1.0.1/kerby-config-1.0.1.jar:/home/runner/.m2/repository/org/apache/kerby/kerb-common/1.0.1/kerb-common-1.0.1.jar:/home/runner/.m2/repository/org/apache/kerby/kerb-crypto/1.0.1/kerb-crypto-1.0.1.jar:/home/runner/.m2/repository/org/apache/kerby/kerb-util/1.0.1/kerb-util-1.0.1.jar:/home/runner/.m2/repository/org/apache/kerby/token-provider/1.0.1/token-provider-1.0.1.jar:/home/runner/.m2/repository/org/apache/kerby/kerb-admin/1.0.1/kerb-admin-1.0.1.jar:/home/runner/.m2/repository/org/apache/kerby/kerb-server/1.0.1/kerb-server-1.0.1.jar:/home/runner/.m2/repository/org/apache/kerby/kerb-identity/1.0.1/kerb-identity-1.0.1.jar:/home/runner/.m2/repository/org/apache/kerby/kerby-xdr/1.0.1/kerby-xdr-1.0.1.jar:/home/runner/.m2/repository/org/apache/ozone/ozone-s3gateway/1.4.0-SNAPSHOT/ozone-s3gateway-1.4.0-SNAPSHOT.jar:/home/runner/.m2/repository/org/javassist/javassist/3.21.0-GA/javassist-3.21.0-GA.jar:/home/runner/.m2/repository/org/jboss/weld/servlet/weld-servlet-shaded/3.1.9.Final/weld-servlet-shaded-3.1.9.Final.jar:/home/runner/.m2/repository/org/glassfish/jersey/containers/jersey-container-servlet-core/2.34/jersey-container-servlet-core-2.34.jar:/home/runner/.m2/repository/org/glassfish/hk2/external/jakarta.inject/2.6.1/jakarta.inject-2.6.1.jar:/home/runner/.m2/repository/org/glassfish/jersey/core/jersey-common/2.34/jersey-common-2.34.jar:/home/runner/.m2/repository/jakarta/ws/rs/jakarta.ws.rs-api/2.1.6/jakarta.ws.rs-api-2.1.6.jar:/home/runner/.m2/repository/org/glassfish/jersey/ext/cdi/jersey-cdi1x/2.34/jersey-cdi1x-2.34.jar:/home/runner/.m2/repository/org/glassfish/jersey/inject/jersey-hk2/2.34/jersey-hk2-2.34.jar:/home/runner/.m2/repository/org/glassfish/hk2/hk2-locator/2.6.1/hk2-locator-2.6.1.jar:/home/runner/.m2/repository/org/glassfish/jersey/media/jersey-media-jaxb/2.34/jersey-media-jaxb-2.34.jar:/home/runner/.m2/repository/org/glassfish/hk2/osgi-resource-locator/1.0.3/osgi-resource-locator-1.0.3.jar:/home/runner/.m2/repository/org/glassfish/hk2/hk2-api/2.5.0/hk2-api-2.5.0.jar:/home/runner/.m2/repository/org/glassfish/hk2/hk2-utils/2.5.0/hk2-utils-2.5.0.jar:/home/runner/.m2/repository/org/glassfish/hk2/external/aopalliance-repackaged/2.5.0/aopalliance-repackaged-2.5.0.jar:/home/runner/.m2/repository/com/fasterxml/jackson/dataformat/jackson-dataformat-xml/2.13.4/jackson-dataformat-xml-2.13.4.jar:/home/runner/.m2/repository/org/codehaus/woodstox/stax2-api/4.2.1/stax2-api-4.2.1.jar:/home/runner/.m2/repository/com/fasterxml/woodstox/woodstox-core/5.4.0/woodstox-core-5.4.0.jar:/home/runner/.m2/repository/com/fasterxml/jackson/module/jackson-module-jaxb-annotations/2.13.4/jackson-module-jaxb-annotations-2.13.4.jar:/home/runner/.m2/repository/jakarta/xml/bind/jakarta.xml.bind-api/2.3.3/jakarta.xml.bind-api-2.3.3.jar:/home/runner/.m2/repository/jakarta/activation/jakarta.activation-api/1.2.2/jakarta.activation-api-1.2.2.jar:/home/runner/.m2/repository/javax/enterprise/cdi-api/2.0/cdi-api-2.0.jar:/home/runner/.m2/repository/javax/el/javax.el-api/3.0.0/javax.el-api-3.0.0.jar:/home/runner/.m2/repository/javax/interceptor/javax.interceptor-api/1.2/javax.interceptor-api-1.2.jar:/home/runner/.m2/repository/javax/inject/javax.inject/1/javax.inject-1.jar:/home/runner/.m2/repository/javax/xml/bind/jaxb-api/2.3.0/jaxb-api-2.3.0.jar:/home/runner/.m2/repository/org/glassfish/jaxb/jaxb-runtime/2.3.0.1/jaxb-runtime-2.3.0.1.jar:/home/runner/.m2/repository/org/glassfish/jaxb/jaxb-core/2.3.0.1/jaxb-core-2.3.0.1.jar:/home/runner/.m2/repository/org/glassfish/jaxb/txw2/2.3.0.1/txw2-2.3.0.1.jar:/home/runner/.m2/repository/com/sun/istack/istack-commons-runtime/3.0.5/istack-commons-runtime-3.0.5.jar:/home/runner/.m2/repository/org/jvnet/staxex/stax-ex/1.7.8/stax-ex-1.7.8.jar:/home/runner/.m2/repository/com/sun/xml/fastinfoset/FastInfoset/1.2.13/FastInfoset-1.2.13.jar:/home/runner/.m2/repository/javax/activation/activation/1.1.1/activation-1.1.1.jar:/home/runner/.m2/repository/io/grpc/grpc-protobuf/1.51.1/grpc-protobuf-1.51.1.jar:/home/runner/.m2/repository/io/grpc/grpc-api/1.51.1/grpc-api-1.51.1.jar:/home/runner/.m2/repository/io/grpc/grpc-context/1.51.1/grpc-context-1.51.1.jar:/home/runner/.m2/repository/com/google/api/grpc/proto-google-common-protos/2.9.0/proto-google-common-protos-2.9.0.jar:/home/runner/.m2/repository/io/grpc/grpc-protobuf-lite/1.51.1/grpc-protobuf-lite-1.51.1.jar:/home/runner/.m2/repository/io/grpc/grpc-stub/1.51.1/grpc-stub-1.51.1.jar:/home/runner/.m2/repository/io/netty/netty-transport/4.1.86.Final/netty-transport-4.1.86.Final.jar:/home/runner/.m2/repository/io/netty/netty-resolver/4.1.86.Final/netty-resolver-4.1.86.Final.jar:/home/runner/.m2/repository/org/apache/ozone/ozone-csi/1.4.0-SNAPSHOT/ozone-csi-1.4.0-SNAPSHOT.jar:/home/runner/.m2/repository/com/google/protobuf/protobuf-java-util/3.19.6/protobuf-java-util-3.19.6.jar:/home/runner/.m2/repository/com/google/code/gson/gson/2.9.0/gson-2.9.0.jar:/home/runner/.m2/repository/org/apache/ozone/hdds-config/1.4.0-SNAPSHOT/hdds-config-1.4.0-SNAPSHOT.jar:/home/runner/.m2/repository/io/netty/netty-transport-native-epoll/4.1.86.Final/netty-transport-native-epoll-4.1.86.Final-linux-x86_64.jar:/home/runner/.m2/repository/io/netty/netty-transport-classes-epoll/4.1.86.Final/netty-transport-classes-epoll-4.1.86.Final.jar:/home/runner/.m2/repository/io/netty/netty-transport-native-unix-common/4.1.86.Final/netty-transport-native-unix-common-4.1.86.Final.jar:/home/runner/.m2/repository/org/apache/ozone/ozone-recon/1.4.0-SNAPSHOT/ozone-recon-1.4.0-SNAPSHOT.jar:/home/runner/.m2/repository/org/apache/ozone/ozone-reconcodegen/1.4.0-SNAPSHOT/ozone-reconcodegen-1.4.0-SNAPSHOT.jar:/home/runner/.m2/repository/com/google/inject/guice/5.1.0/guice-5.1.0.jar:/home/runner/.m2/repository/aopalliance/aopalliance/1.0/aopalliance-1.0.jar:/home/runner/.m2/repository/com/google/inject/extensions/guice-assistedinject/5.1.0/guice-assistedinject-5.1.0.jar:/home/runner/.m2/repository/com/google/inject/extensions/guice-servlet/5.1.0/guice-servlet-5.1.0.jar:/home/runner/.m2/repository/org/glassfish/jersey/containers/jersey-container-servlet/2.34/jersey-container-servlet-2.34.jar:/home/runner/.m2/repository/org/glassfish/hk2/guice-bridge/2.5.0/guice-bridge-2.5.0.jar:/home/runner/.m2/repository/org/glassfish/jersey/core/jersey-server/2.34/jersey-server-2.34.jar:/home/runner/.m2/repository/org/glassfish/jersey/core/jersey-client/2.34/jersey-client-2.34.jar:/home/runner/.m2/repository/jakarta/annotation/jakarta.annotation-api/1.3.5/jakarta.annotation-api-1.3.5.jar:/home/runner/.m2/repository/jakarta/validation/jakarta.validation-api/2.0.2/jakarta.validation-api-2.0.2.jar:/home/runner/.m2/repository/org/glassfish/jersey/media/jersey-media-json-jackson/2.34/jersey-media-json-jackson-2.34.jar:/home/runner/.m2/repository/org/glassfish/jersey/ext/jersey-entity-filtering/2.34/jersey-entity-filtering-2.34.jar:/home/runner/.m2/repository/org/jooq/jooq/3.11.10/jooq-3.11.10.jar:/home/runner/.m2/repository/org/jooq/jooq-meta/3.11.10/jooq-meta-3.11.10.jar:/home/runner/.m2/repository/org/jooq/jooq-codegen/3.11.10/jooq-codegen-3.11.10.jar:/home/runner/.m2/repository/com/jolbox/bonecp/0.8.0.RELEASE/bonecp-0.8.0.RELEASE.jar:/home/runner/.m2/repository/org/apache/derby/derby/10.14.2.0/derby-10.14.2.0.jar:/home/runner/.m2/repository/org/xerial/sqlite-jdbc/3.25.2/sqlite-jdbc-3.25.2.jar:/home/runner/.m2/repository/org/springframework/spring-jdbc/5.3.26/spring-jdbc-5.3.26.jar:/home/runner/.m2/repository/org/springframework/spring-beans/5.3.26/spring-beans-5.3.26.jar:/home/runner/.m2/repository/org/springframework/spring-core/5.3.26/spring-core-5.3.26.jar:/home/runner/.m2/repository/org/springframework/spring-tx/5.3.26/spring-tx-5.3.26.jar:/home/runner/.m2/repository/org/apache/ozone/ozone-client/1.4.0-SNAPSHOT/ozone-client-1.4.0-SNAPSHOT.jar:/home/runner/.m2/repository/org/apache/ozone/hdds-erasurecode/1.4.0-SNAPSHOT/hdds-erasurecode-1.4.0-SNAPSHOT.jar:/home/runner/.m2/repository/org/apache/ozone/ozone-filesystem/1.4.0-SNAPSHOT/ozone-filesystem-1.4.0-SNAPSHOT.jar:/home/runner/.m2/repository/org/apache/ozone/ozone-filesystem-common/1.4.0-SNAPSHOT/ozone-filesystem-common-1.4.0-SNAPSHOT.jar:/home/runner/.m2/repository/org/apache/ozone/ozone-tools/1.4.0-SNAPSHOT/ozone-tools-1.4.0-SNAPSHOT.jar:/home/runner/.m2/repository/com/amazonaws/aws-java-sdk-core/1.12.261/aws-java-sdk-core-1.12.261.jar:/home/runner/.m2/repository/org/apache/httpcomponents/httpclient/4.5.13/httpclient-4.5.13.jar:/home/runner/.m2/repository/org/apache/httpcomponents/httpcore/4.4.13/httpcore-4.4.13.jar:/home/runner/.m2/repository/software/amazon/ion/ion-java/1.0.2/ion-java-1.0.2.jar:/home/runner/.m2/repository/com/fasterxml/jackson/dataformat/jackson-dataformat-cbor/2.13.4/jackson-dataformat-cbor-2.13.4.jar:/home/runner/.m2/repository/joda-time/joda-time/2.10.6/joda-time-2.10.6.jar:/home/runner/.m2/repository/com/amazonaws/aws-java-sdk-s3/1.12.261/aws-java-sdk-s3-1.12.261.jar:/home/runner/.m2/repository/com/amazonaws/aws-java-sdk-kms/1.12.261/aws-java-sdk-kms-1.12.261.jar:/home/runner/.m2/repository/com/amazonaws/jmespath-java/1.12.261/jmespath-java-1.12.261.jar:/home/runner/.m2/repository/org/kohsuke/metainf-services/metainf-services/1.8/metainf-services-1.8.jar:/home/runner/.m2/repository/org/apache/ozone/hdds-tools/1.4.0-SNAPSHOT/hdds-tools-1.4.0-SNAPSHOT.jar:/home/runner/.m2/repository/org/apache/ratis/ratis-tools/2.4.2-8b8bdda-SNAPSHOT/ratis-tools-2.4.2-8b8bdda-SNAPSHOT.jar:/home/runner/.m2/repository/commons-cli/commons-cli/1.2/commons-cli-1.2.jar:/home/runner/.m2/repository/org/apache/commons/commons-lang3/3.7/commons-lang3-3.7.jar:/home/runner/.m2/repository/org/apache/ozone/ozone-manager/1.4.0-SNAPSHOT/ozone-manager-1.4.0-SNAPSHOT-tests.jar:/home/runner/.m2/repository/org/apache/ozone/hdds-common/1.4.0-SNAPSHOT/hdds-common-1.4.0-SNAPSHOT-tests.jar:/home/runner/.m2/repository/org/apache/ozone/hdds-hadoop-dependency-client/1.4.0-SNAPSHOT/hdds-hadoop-dependency-client-1.4.0-SNAPSHOT.jar:/home/runner/.m2/repository/info/picocli/picocli/4.6.1/picocli-4.6.1.jar:/home/runner/.m2/repository/com/fasterxml/jackson/core/jackson-annotations/2.13.4/jackson-annotations-2.13.4.jar:/home/runner/.m2/repository/org/apache/ozone/hdds-annotation-processing/1.4.0-SNAPSHOT/hdds-annotation-processing-1.4.0-SNAPSHOT.jar:/home/runner/.m2/repository/javax/annotation/javax.annotation-api/1.2/javax.annotation-api-1.2.jar:/home/runner/.m2/repository/org/apache/ratis/ratis-netty/2.4.2-8b8bdda-SNAPSHOT/ratis-netty-2.4.2-8b8bdda-SNAPSHOT.jar:/home/runner/.m2/repository/org/apache/ratis/ratis-grpc/2.4.2-8b8bdda-SNAPSHOT/ratis-grpc-2.4.2-8b8bdda-SNAPSHOT.jar:/home/runner/.m2/repository/org/apache/logging/log4j/log4j-api/2.17.1/log4j-api-2.17.1.jar:/home/runner/.m2/repository/org/apache/commons/commons-pool2/2.6.0/commons-pool2-2.6.0.jar:/home/runner/.m2/repository/org/bouncycastle/bcpkix-jdk15on/1.67/bcpkix-jdk15on-1.67.jar:/home/runner/.m2/repository/commons-validator/commons-validator/1.6/commons-validator-1.6.jar:/home/runner/.m2/repository/commons-beanutils/commons-beanutils/1.9.4/commons-beanutils-1.9.4.jar:/home/runner/.m2/repository/commons-digester/commons-digester/1.8.1/commons-digester-1.8.1.jar:/home/runner/.m2/repository/commons-collections/commons-collections/3.2.2/commons-collections-3.2.2.jar:/home/runner/.m2/repository/io/jaegertracing/jaeger-client/1.6.0/jaeger-client-1.6.0.jar:/home/runner/.m2/repository/io/jaegertracing/jaeger-thrift/1.6.0/jaeger-thrift-1.6.0.jar:/home/runner/.m2/repository/org/apache/thrift/libthrift/0.14.1/libthrift-0.14.1.jar:/home/runner/.m2/repository/io/jaegertracing/jaeger-core/1.6.0/jaeger-core-1.6.0.jar:/home/runner/.m2/repository/io/jaegertracing/jaeger-tracerresolver/1.6.0/jaeger-tracerresolver-1.6.0.jar:/home/runner/.m2/repository/io/opentracing/contrib/opentracing-tracerresolver/0.1.8/opentracing-tracerresolver-0.1.8.jar:/home/runner/.m2/repository/org/jetbrains/kotlin/kotlin-stdlib/1.6.21/kotlin-stdlib-1.6.21.jar:/home/runner/.m2/repository/org/jetbrains/annotations/13.0/annotations-13.0.jar:/home/runner/.m2/repository/io/opentracing/opentracing-util/0.33.0/opentracing-util-0.33.0.jar:/home/runner/.m2/repository/io/opentracing/opentracing-api/0.33.0/opentracing-api-0.33.0.jar:/home/runner/.m2/repository/io/opentracing/opentracing-noop/0.33.0/opentracing-noop-0.33.0.jar:/home/runner/.m2/repository/org/yaml/snakeyaml/2.0/snakeyaml-2.0.jar:/home/runner/.m2/repository/junit/junit/4.13.1/junit-4.13.1.jar:/home/runner/.m2/repository/org/hamcrest/hamcrest-core/1.3/hamcrest-core-1.3.jar:/home/runner/.m2/repository/org/junit/jupiter/junit-jupiter-api/5.8.2/junit-jupiter-api-5.8.2.jar:/home/runner/.m2/repository/org/opentest4j/opentest4j/1.2.0/opentest4j-1.2.0.jar:/home/runner/.m2/repository/org/junit/platform/junit-platform-commons/1.8.2/junit-platform-commons-1.8.2.jar:/home/runner/.m2/repository/org/apiguardian/apiguardian-api/1.1.2/apiguardian-api-1.1.2.jar:/home/runner/.m2/repository/org/junit/jupiter/junit-jupiter-params/5.8.2/junit-jupiter-params-5.8.2.jar:/home/runner/.m2/repository/org/junit/jupiter/junit-jupiter-migrationsupport/5.8.2/junit-jupiter-migrationsupport-5.8.2.jar:/home/runner/.m2/repository/org/junit/jupiter/junit-jupiter-engine/5.8.2/junit-jupiter-engine-5.8.2.jar:/home/runner/.m2/repository/org/junit/platform/junit-platform-engine/1.8.2/junit-platform-engine-1.8.2.jar:/home/runner/.m2/repository/org/junit/vintage/junit-vintage-engine/5.8.2/junit-vintage-engine-5.8.2.jar:/home/runner/.m2/repository/org/junit/platform/junit-platform-launcher/1.8.2/junit-platform-launcher-1.8.2.jar:/home/runner/.m2/repository/org/mockito/mockito-core/2.28.2/mockito-core-2.28.2.jar:/home/runner/.m2/repository/net/bytebuddy/byte-buddy/1.9.10/byte-buddy-1.9.10.jar:/home/runner/.m2/repository/net/bytebuddy/byte-buddy-agent/1.9.10/byte-buddy-agent-1.9.10.jar:/home/runner/.m2/repository/org/objenesis/objenesis/1.0/objenesis-1.0.jar:/home/runner/.m2/repository/org/apache/hadoop/hadoop-kms/3.3.5/hadoop-kms-3.3.5.jar:/home/runner/.m2/repository/org/apache/hadoop/hadoop-auth/3.3.5/hadoop-auth-3.3.5.jar:/home/runner/.m2/repository/com/nimbusds/nimbus-jose-jwt/9.8.1/nimbus-jose-jwt-9.8.1.jar:/home/runner/.m2/repository/com/github/stephenc/jcip/jcip-annotations/1.0-1/jcip-annotations-1.0-1.jar:/home/runner/.m2/repository/net/minidev/json-smart/2.4.7/json-smart-2.4.7.jar:/home/runner/.m2/repository/net/minidev/accessors-smart/2.4.7/accessors-smart-2.4.7.jar:/home/runner/.m2/repository/org/ow2/asm/asm/5.0.4/asm-5.0.4.jar:/home/runner/.m2/repository/org/apache/zookeeper/zookeeper/3.5.6/zookeeper-3.5.6.jar:/home/runner/.m2/repository/org/apache/zookeeper/zookeeper-jute/3.5.6/zookeeper-jute-3.5.6.jar:/home/runner/.m2/repository/org/apache/yetus/audience-annotations/0.5.0/audience-annotations-0.5.0.jar:/home/runner/.m2/repository/org/apache/curator/curator-framework/4.2.0/curator-framework-4.2.0.jar:/home/runner/.m2/repository/org/apache/hadoop/thirdparty/hadoop-shaded-guava/1.1.1/hadoop-shaded-guava-1.1.1.jar:/home/runner/.m2/repository/com/sun/jersey/jersey-core/1.19/jersey-core-1.19.jar:/home/runner/.m2/repository/javax/ws/rs/jsr311-api/1.1.1/jsr311-api-1.1.1.jar:/home/runner/.m2/repository/com/sun/jersey/jersey-server/1.19/jersey-server-1.19.jar:/home/runner/.m2/repository/javax/servlet/javax.servlet-api/3.1.0/javax.servlet-api-3.1.0.jar:/home/runner/.m2/repository/org/apache/hadoop/hadoop-common/3.3.5/hadoop-common-3.3.5.jar:/home/runner/.m2/repository/org/apache/commons/commons-math3/3.1.1/commons-math3-3.1.1.jar:/home/runner/.m2/repository/commons-net/commons-net/3.9.0/commons-net-3.9.0.jar:/home/runner/.m2/repository/com/sun/jersey/jersey-servlet/1.19/jersey-servlet-1.19.jar:/home/runner/.m2/repository/com/github/pjfanning/jersey-json/1.20/jersey-json-1.20.jar:/home/runner/.m2/repository/org/codehaus/jettison/jettison/1.1/jettison-1.1.jar:/home/runner/.m2/repository/com/sun/xml/bind/jaxb-impl/2.2.3-1/jaxb-impl-2.2.3-1.jar:/home/runner/.m2/repository/com/google/re2j/re2j/1.1/re2j-1.1.jar:/home/runner/.m2/repository/com/jcraft/jsch/0.1.54/jsch-0.1.54.jar:/home/runner/.m2/repository/org/apache/curator/curator-client/4.2.0/curator-client-4.2.0.jar:/home/runner/.m2/repository/org/apache/curator/curator-recipes/4.2.0/curator-recipes-4.2.0.jar:/home/runner/.m2/repository/org/apache/kerby/kerb-core/1.0.1/kerb-core-1.0.1.jar:/home/runner/.m2/repository/org/apache/kerby/kerby-pkix/1.0.1/kerby-pkix-1.0.1.jar:/home/runner/.m2/repository/org/apache/kerby/kerby-asn1/1.0.1/kerby-asn1-1.0.1.jar:/home/runner/.m2/repository/org/apache/kerby/kerby-util/1.0.1/kerby-util-1.0.1.jar:/home/runner/.m2/repository/dnsjava/dnsjava/2.1.7/dnsjava-2.1.7.jar:/home/runner/.m2/repository/org/xerial/snappy/snappy-java/1.1.8.2/snappy-java-1.1.8.2.jar:/home/runner/.m2/repository/com/fasterxml/jackson/core/jackson-databind/2.13.4.2/jackson-databind-2.13.4.2.jar:/home/runner/.m2/repository/org/apache/hadoop/hadoop-kms/3.3.5/hadoop-kms-3.3.5-tests.jar:/home/runner/.m2/repository/org/apache/ozone/hdds-server-scm/1.4.0-SNAPSHOT/hdds-server-scm-1.4.0-SNAPSHOT-tests.jar:/home/runner/.m2/repository/org/apache/ozone/hdds-container-service/1.4.0-SNAPSHOT/hdds-container-service-1.4.0-SNAPSHOT-tests.jar:/home/runner/.m2/repository/com/github/luben/zstd-jni/1.5.2-5/zstd-jni-1.5.2-5.jar:/home/runner/.m2/repository/commons-codec/commons-codec/1.15/commons-codec-1.15.jar:/home/runner/.m2/repository/io/netty/netty-codec/4.1.86.Final/netty-codec-4.1.86.Final.jar:/home/runner/.m2/repository/io/netty/netty-handler/4.1.86.Final/netty-handler-4.1.86.Final.jar:/home/runner/.m2/repository/org/apache/ozone/hdds-hadoop-dependency-test/1.4.0-SNAPSHOT/hdds-hadoop-dependency-test-1.4.0-SNAPSHOT.jar:/home/runner/.m2/repository/org/apache/hadoop/hadoop-common/3.3.5/hadoop-common-3.3.5-tests.jar:/home/runner/.m2/repository/org/apache/hadoop/hadoop-hdfs/3.3.5/hadoop-hdfs-3.3.5-tests.jar:/home/runner/.m2/repository/org/assertj/assertj-core/3.12.2/assertj-core-3.12.2.jar:/home/runner/.m2/repository/org/apache/hadoop/hadoop-distcp/3.3.5/hadoop-distcp-3.3.5.jar:/home/runner/.m2/repository/org/apache/hadoop/hadoop-mapreduce-client-jobclient/3.3.5/hadoop-mapreduce-client-jobclient-3.3.5.jar:/home/runner/.m2/repository/org/apache/hadoop/hadoop-mapreduce-client-common/3.3.5/hadoop-mapreduce-client-common-3.3.5.jar:/home/runner/.m2/repository/org/apache/hadoop/hadoop-yarn-common/3.3.5/hadoop-yarn-common-3.3.5.jar:/home/runner/.m2/repository/org/apache/hadoop/hadoop-yarn-api/3.3.5/hadoop-yarn-api-3.3.5.jar:/home/runner/.m2/repository/com/sun/jersey/contribs/jersey-guice/1.19/jersey-guice-1.19.jar:/home/runner/.m2/repository/com/fasterxml/jackson/jaxrs/jackson-jaxrs-json-provider/2.13.4/jackson-jaxrs-json-provider-2.13.4.jar:/home/runner/.m2/repository/com/fasterxml/jackson/jaxrs/jackson-jaxrs-base/2.13.4/jackson-jaxrs-base-2.13.4.jar:/home/runner/.m2/repository/org/apache/hadoop/hadoop-yarn-client/3.3.5/hadoop-yarn-client-3.3.5.jar:/home/runner/.m2/repository/org/eclipse/jetty/websocket/websocket-client/9.4.48.v20220622/websocket-client-9.4.48.v20220622.jar:/home/runner/.m2/repository/org/eclipse/jetty/websocket/websocket-common/9.4.48.v20220622/websocket-common-9.4.48.v20220622.jar:/home/runner/.m2/repository/org/eclipse/jetty/websocket/websocket-api/9.4.48.v20220622/websocket-api-9.4.48.v20220622.jar:/home/runner/.m2/repository/org/jline/jline/3.9.0/jline-3.9.0.jar:/home/runner/.m2/repository/org/apache/hadoop/hadoop-mapreduce-client-core/3.3.5/hadoop-mapreduce-client-core-3.3.5.jar:/home/runner/.m2/repository/org/apache/avro/avro/1.7.7/avro-1.7.7.jar:/home/runner/.m2/repository/com/thoughtworks/paranamer/paranamer/2.3/paranamer-2.3.jar:/home/runner/.m2/repository/org/apache/hadoop/hadoop-annotations/3.3.5/hadoop-annotations-3.3.5.jar:/usr/lib/jvm/temurin-8-jdk-amd64/jre/../lib/tools.jar:/home/runner/.m2/repository/io/netty/netty/3.10.6.Final/netty-3.10.6.Final.jar:/home/runner/.m2/repository/org/apache/hadoop/hadoop-distcp/3.3.5/hadoop-distcp-3.3.5-tests.jar:/home/runner/.m2/repository/org/slf4j/jul-to-slf4j/1.7.36/jul-to-slf4j-1.7.36.jar:"/>
    <property name="sun.cpu.endian" value="little"/>
    <property name="user.home" value="/home/runner"/>
    <property name="user.language" value="en"/>
    <property name="java.specification.vendor" value="Oracle Corporation"/>
    <property name="java.home" value="/usr/lib/jvm/temurin-8-jdk-amd64/jre"/>
    <property name="java.security.krb5.conf" value="/home/runner/work/ozone/ozone/hadoop-ozone/integration-test/target/test-classes/krb5.conf"/>
    <property name="basedir" value="/home/runner/work/ozone/ozone/hadoop-ozone/integration-test"/>
    <property name="file.separator" value="/"/>
    <property name="line.separator" value="&#10;"/>
    <property name="java.vm.specification.vendor" value="Oracle Corporation"/>
    <property name="java.specification.name" value="Java Platform API Specification"/>
    <property name="java.awt.graphicsenv" value="sun.awt.X11GraphicsEnvironment"/>
    <property name="skip.installnpx" value="true"/>
    <property name="surefire.real.class.path" value="/home/runner/work/ozone/ozone/hadoop-ozone/integration-test/target/surefire/surefirebooter8388906361912843216.jar:/home/runner/.m2/repository/org/jacoco/org.jacoco.agent/0.8.5/org.jacoco.agent-0.8.5-runtime.jar"/>
    <property name="hadoop.log.dir" value="/home/runner/work/ozone/ozone/hadoop-ozone/integration-test/target/log"/>
    <property name="sun.boot.class.path" value="/usr/lib/jvm/temurin-8-jdk-amd64/jre/lib/resources.jar:/usr/lib/jvm/temurin-8-jdk-amd64/jre/lib/rt.jar:/usr/lib/jvm/temurin-8-jdk-amd64/jre/lib/sunrsasign.jar:/usr/lib/jvm/temurin-8-jdk-amd64/jre/lib/jsse.jar:/usr/lib/jvm/temurin-8-jdk-amd64/jre/lib/jce.jar:/usr/lib/jvm/temurin-8-jdk-amd64/jre/lib/charsets.jar:/usr/lib/jvm/temurin-8-jdk-amd64/jre/lib/jfr.jar:/usr/lib/jvm/temurin-8-jdk-amd64/jre/classes"/>
    <property name="sun.management.compiler" value="HotSpot 64-Bit Tiered Compilers"/>
    <property name="skip.npx" value="true"/>
    <property name="java.runtime.version" value="1.8.0_362-b09"/>
    <property name="java.net.preferIPv4Stack" value="true"/>
    <property name="user.name" value="runner"/>
    <property name="path.separator" value=":"/>
    <property name="java.security.egd" value="file:///dev/urandom"/>
    <property name="os.version" value="5.15.0-1035-azure"/>
    <property name="java.endorsed.dirs" value="/usr/lib/jvm/temurin-8-jdk-amd64/jre/lib/endorsed"/>
    <property name="java.runtime.name" value="OpenJDK Runtime Environment"/>
    <property name="file.encoding" value="UTF-8"/>
    <property name="java.vm.name" value="OpenJDK 64-Bit Server VM"/>
    <property name="test.build.webapps" value=""/>
    <property name="localRepository" value="/home/runner/.m2/repository"/>
    <property name="jetty.git.hash" value="4231a3b2e4cb8548a412a789936d640a97b1aa0a"/>
    <property name="java.vendor.url.bug" value="https://github.com/adoptium/adoptium-support/issues"/>
    <property name="java.io.tmpdir" value="/tmp"/>
    <property name="require.test.libhadoop" value=""/>
    <property name="java.version" value="1.8.0_362"/>
    <property name="user.dir" value="/home/runner/work/ozone/ozone/hadoop-ozone/integration-test"/>
    <property name="os.arch" value="amd64"/>
    <property name="java.vm.specification.name" value="Java Virtual Machine Specification"/>
    <property name="test.build.classes" value="/home/runner/work/ozone/ozone/hadoop-ozone/integration-test/target/test-classes"/>
    <property name="java.awt.printerjob" value="sun.print.PSPrinterJob"/>
    <property name="sun.os.patch.level" value="unknown"/>
    <property name="org.apache.ratis.thirdparty.io.netty.allocator.useCacheForAllThreads" value="false"/>
    <property name="hadoop.tmp.dir" value="/home/runner/work/ozone/ozone/hadoop-ozone/integration-test/target/tmp"/>
    <property name="java.library.path" value="/usr/java/packages/lib/amd64:/usr/lib64:/lib64:/lib:/usr/lib"/>
    <property name="java.vm.info" value="mixed mode"/>
    <property name="java.vendor" value="Temurin"/>
    <property name="java.vm.version" value="25.362-b09"/>
    <property name="java.specification.maintenance.version" value="4"/>
    <property name="java.ext.dirs" value="/usr/lib/jvm/temurin-8-jdk-amd64/jre/lib/ext:/usr/java/packages/lib/ext"/>
    <property name="sun.io.unicode.encoding" value="UnicodeLittle"/>
    <property name="java.class.version" value="52.0"/>
  </properties>
  <testcase name="testRenameKey" classname="org.apache.hadoop.ozone.om.TestObjectStoreWithFSO" time="0.796">
    <system-out><![CDATA[2023-04-19 12:53:24,608 [main] WARN  server.ServerUtils (ServerUtils.java:getScmDbDir(148)) - ozone.scm.db.dirs is not configured. We recommend adding this setting. Falling back to ozone.metadata.dirs instead.
2023-04-19 12:53:24,752 [main] WARN  server.ServerUtils (ServerUtils.java:getScmDbDir(148)) - ozone.scm.db.dirs is not configured. We recommend adding this setting. Falling back to ozone.metadata.dirs instead.
2023-04-19 12:53:24,757 [main] INFO  ha.SCMHANodeDetails (SCMHANodeDetails.java:loadSCMHAConfig(209)) - ServiceID for StorageContainerManager is null
2023-04-19 12:53:24,762 [main] WARN  ha.SCMHANodeDetails (SCMHANodeDetails.java:validateSCMHAConfig(182)) - Invalid config ozone.scm.ratis.enable. The config was not specified, but the default value true conflicts with the expected config value false. Falling back to the expected value. Current State of SCM: SCM is running in Non-HA without Ratis Ratis SCM -> Non Ratis SCM or Non HA SCM -> HA SCM is not supported
2023-04-19 12:53:24,763 [main] INFO  ha.SCMHANodeDetails (SCMHANodeDetails.java:loadSCMHAConfig(214)) - ozone.scm.default.service.id is not defined, falling back to ozone.scm.service.ids to find serviceID for StorageContainerManager if it is HA enabled cluster
2023-04-19 12:53:25,359 [main] WARN  utils.HAUtils (HAUtils.java:getMetaDir(342)) - ozone.scm.db.dirs is not configured. We recommend adding this setting. Falling back to ozone.metadata.dirs instead.
2023-04-19 12:53:25,572 [main] WARN  db.DBStoreBuilder (DBStoreBuilder.java:applyDBDefinition(182)) - ozone.scm.db.dirs is not configured. We recommend adding this setting. Falling back to ozone.metadata.dirs instead.
2023-04-19 12:53:25,779 [main] INFO  net.NodeSchemaLoader (NodeSchemaLoader.java:loadSchemaFromFile(129)) - Loading schema from [jar:file:/home/runner/.m2/repository/org/apache/ozone/hdds-common/1.4.0-SNAPSHOT/hdds-common-1.4.0-SNAPSHOT.jar!/network-topology-default.xml]
2023-04-19 12:53:25,781 [main] INFO  net.NodeSchemaLoader (NodeSchemaLoader.java:loadSchema(176)) - Loading network topology layer schema file
2023-04-19 12:53:25,821 [main] INFO  metrics.MetricRegistries (MetricRegistriesLoader.java:load(64)) - Loaded MetricRegistries class org.apache.ratis.metrics.impl.MetricRegistriesImpl
2023-04-19 12:53:25,827 [main] INFO  upgrade.AbstractLayoutVersionManager (AbstractLayoutVersionManager.java:init(83)) - Initializing Layout version manager with metadata layout = WEBUI_PORTS_IN_DATANODEDETAILS (version = 6), software layout = WEBUI_PORTS_IN_DATANODEDETAILS (version = 6)
2023-04-19 12:53:26,016 [main] INFO  reflections.Reflections (Reflections.java:scan(232)) - Reflections took 126 ms to scan 7 urls, producing 156 keys and 369 values 
2023-04-19 12:53:26,108 [main] INFO  ha.SequenceIdGenerator (SequenceIdGenerator.java:upgradeToSequenceId(349)) - upgrade localId to 111677748019200000
2023-04-19 12:53:26,109 [main] INFO  ha.SequenceIdGenerator (SequenceIdGenerator.java:upgradeToSequenceId(359)) - upgrade delTxnId to 0
2023-04-19 12:53:26,113 [main] INFO  ha.SequenceIdGenerator (SequenceIdGenerator.java:upgradeToSequenceId(376)) - upgrade containerId to 0
2023-04-19 12:53:26,115 [main] INFO  ha.SequenceIdGenerator (SequenceIdGenerator.java:<init>(220)) - Init the HA SequenceIdGenerator.
2023-04-19 12:53:26,166 [main] WARN  server.ServerUtils (ServerUtils.java:sanitizeUserArgs(73)) - ozone.scm.stale.node.interval value = 300000 is larger than max = 100000 based on the key value of ozone.scm.heartbeat.thread.interval, reset to the max value 100000.
2023-04-19 12:53:26,166 [main] WARN  server.ServerUtils (ServerUtils.java:sanitizeUserArgs(73)) - ozone.scm.stale.node.interval value = 300000 is larger than max = 100000 based on the key value of ozone.scm.heartbeat.thread.interval, reset to the max value 100000.
2023-04-19 12:53:26,184 [main] INFO  node.SCMNodeManager (SCMNodeManager.java:<init>(156)) - Entering startup safe mode.
2023-04-19 12:53:26,199 [main] INFO  algorithms.ContainerPlacementPolicyFactory (ContainerPlacementPolicyFactory.java:getPolicyInternal(86)) - Create container placement policy of type org.apache.hadoop.hdds.scm.container.placement.algorithms.SCMContainerPlacementRackAware
2023-04-19 12:53:26,202 [main] INFO  algorithms.ContainerPlacementPolicyFactory (ContainerPlacementPolicyFactory.java:getPolicyInternal(86)) - Create container placement policy of type org.apache.hadoop.hdds.scm.container.placement.algorithms.SCMContainerPlacementRackScatter
2023-04-19 12:53:26,212 [main] INFO  pipeline.PipelineStateManagerImpl (PipelineStateManagerImpl.java:initialize(78)) - No pipeline exists in current db
2023-04-19 12:53:26,246 [main] INFO  algorithms.LeaderChoosePolicyFactory (LeaderChoosePolicyFactory.java:getPolicy(57)) - Create leader choose policy of type org.apache.hadoop.hdds.scm.pipeline.leader.choose.algorithms.MinLeaderCountChoosePolicy
2023-04-19 12:53:26,247 [main] INFO  algorithms.ContainerPlacementPolicyFactory (ContainerPlacementPolicyFactory.java:getPolicyInternal(86)) - Create container placement policy of type org.apache.hadoop.hdds.scm.container.placement.algorithms.SCMContainerPlacementRackScatter
2023-04-19 12:53:26,254 [main] INFO  ha.SCMServiceManager (SCMServiceManager.java:register(42)) - Registering service BackgroundPipelineCreator.
2023-04-19 12:53:26,255 [main] INFO  pipeline.BackgroundPipelineCreator (BackgroundPipelineCreator.java:start(124)) - Starting RatisPipelineUtilsThread.
2023-04-19 12:53:26,259 [main] INFO  BackgroundPipelineScrubber (BackgroundSCMService.java:start(68)) - Starting BackgroundPipelineScrubber Service.
2023-04-19 12:53:26,259 [main] INFO  ha.SCMServiceManager (SCMServiceManager.java:register(42)) - Registering service BackgroundPipelineScrubber.
2023-04-19 12:53:26,265 [main] INFO  ExpiredContainerReplicaOpScrubber (BackgroundSCMService.java:start(68)) - Starting ExpiredContainerReplicaOpScrubber Service.
2023-04-19 12:53:26,266 [main] INFO  ha.SCMServiceManager (SCMServiceManager.java:register(42)) - Registering service ExpiredContainerReplicaOpScrubber.
2023-04-19 12:53:26,321 [main] INFO  algorithms.PipelineChoosePolicyFactory (PipelineChoosePolicyFactory.java:createPipelineChoosePolicyFromClass(73)) - Create pipeline choose policy of type org.apache.hadoop.hdds.scm.pipeline.choose.algorithms.RandomPipelineChoosePolicy
2023-04-19 12:53:26,341 [main] INFO  ha.SCMServiceManager (SCMServiceManager.java:register(42)) - Registering service SCMBlockDeletingService.
2023-04-19 12:53:26,404 [main] INFO  replication.ReplicationManager (ReplicationManager.java:start(288)) - Starting Replication Monitor Thread.
2023-04-19 12:53:26,416 [main] INFO  ha.SCMServiceManager (SCMServiceManager.java:register(42)) - Registering service ReplicationManager.
2023-04-19 12:53:26,419 [ReplicationMonitor] INFO  replication.ReplicationManager (ReplicationManager.java:processAll(363)) - Replication Manager is not ready to run until 3000ms after safemode exit
2023-04-19 12:53:26,430 [main] INFO  safemode.ContainerSafeModeRule (ContainerSafeModeRule.java:<init>(89)) - containers with one replica threshold count 0
2023-04-19 12:53:26,435 [main] INFO  safemode.HealthyPipelineSafeModeRule (HealthyPipelineSafeModeRule.java:initializeRule(169)) - Total pipeline count is 0, healthy pipeline threshold count is 1
2023-04-19 12:53:26,438 [main] INFO  safemode.OneReplicaPipelineSafeModeRule (OneReplicaPipelineSafeModeRule.java:initializeRule(180)) - Total pipeline count is 0, pipeline's with at least one datanode reported threshold count is 0
2023-04-19 12:53:26,477 [main] INFO  server.StorageContainerManager (StorageContainerManager.java:<init>(403)) - SCM start with adminUsers: [runner]
2023-04-19 12:53:26,759 [main] INFO  audit.AuditLogger (AuditLogger.java:refreshDebugCmdSet(126)) - Refresh DebugCmdSet for SCMAudit to [].
2023-04-19 12:53:26,793 [main] INFO  ipc.CallQueueManager (CallQueueManager.java:<init>(90)) - Using callQueue: class java.util.concurrent.LinkedBlockingQueue, queueCapacity: 2000, scheduler: class org.apache.hadoop.ipc.DefaultRpcScheduler, ipcBackoff: false.
2023-04-19 12:53:26,835 [Socket Reader #1 for port 0] INFO  ipc.Server (Server.java:run(1319)) - Starting Socket Reader #1 for port 0
2023-04-19 12:53:26,899 [Listener at 0.0.0.0/43909] INFO  audit.AuditLogger (AuditLogger.java:refreshDebugCmdSet(126)) - Refresh DebugCmdSet for SCMAudit to [].
2023-04-19 12:53:26,905 [Listener at 0.0.0.0/43909] INFO  ipc.CallQueueManager (CallQueueManager.java:<init>(90)) - Using callQueue: class java.util.concurrent.LinkedBlockingQueue, queueCapacity: 2000, scheduler: class org.apache.hadoop.ipc.DefaultRpcScheduler, ipcBackoff: false.
2023-04-19 12:53:26,906 [Socket Reader #1 for port 0] INFO  ipc.Server (Server.java:run(1319)) - Starting Socket Reader #1 for port 0
2023-04-19 12:53:26,962 [Listener at 0.0.0.0/34737] INFO  audit.AuditLogger (AuditLogger.java:refreshDebugCmdSet(126)) - Refresh DebugCmdSet for SCMAudit to [].
2023-04-19 12:53:26,973 [Listener at 0.0.0.0/34737] INFO  ipc.CallQueueManager (CallQueueManager.java:<init>(90)) - Using callQueue: class java.util.concurrent.LinkedBlockingQueue, queueCapacity: 2000, scheduler: class org.apache.hadoop.ipc.DefaultRpcScheduler, ipcBackoff: false.
2023-04-19 12:53:26,974 [Socket Reader #1 for port 0] INFO  ipc.Server (Server.java:run(1319)) - Starting Socket Reader #1 for port 0
2023-04-19 12:53:27,098 [Listener at 0.0.0.0/35037] INFO  ha.SCMServiceManager (SCMServiceManager.java:register(42)) - Registering service ContainerBalancer.
2023-04-19 12:53:27,102 [Listener at 0.0.0.0/35037] INFO  server.StorageContainerManager (StorageContainerManager.java:<init>(420)) - 
Container Balancer status:
Key                            Value
Running                        false
Container Balancer Configuration values:
Key                                                Value
Threshold                                          10
Max Datanodes to Involve per Iteration(percent)    20
Max Size to Move per Iteration                     500GB
Max Size Entering Target per Iteration             26GB
Max Size Leaving Source per Iteration              26GB

2023-04-19 12:53:27,102 [Listener at 0.0.0.0/35037] INFO  ha.SCMContext (SCMContext.java:updateSafeModeStatus(228)) - Update SafeModeStatus from SafeModeStatus{safeModeStatus=true, preCheckPassed=false} to SafeModeStatus{safeModeStatus=true, preCheckPassed=false}.
2023-04-19 12:53:27,107 [Listener at 0.0.0.0/35037] INFO  server.StorageContainerManager (StorageContainerManager.java:start(1477)) - StorageContainerLocationProtocol RPC server is listening at /0.0.0.0:35037
2023-04-19 12:53:27,173 [Listener at 0.0.0.0/35037] WARN  impl.MetricsConfig (MetricsConfig.java:loadFirst(136)) - Cannot locate configuration: tried hadoop-metrics2-storagecontainermanager.properties,hadoop-metrics2.properties
2023-04-19 12:53:27,186 [Listener at 0.0.0.0/35037] INFO  impl.MetricsSystemImpl (MetricsSystemImpl.java:startTimer(378)) - Scheduled Metric snapshot period at 10 second(s).
2023-04-19 12:53:27,186 [Listener at 0.0.0.0/35037] INFO  impl.MetricsSystemImpl (MetricsSystemImpl.java:start(191)) - StorageContainerManager metrics system started
2023-04-19 12:53:27,462 [Listener at 0.0.0.0/35037] INFO  server.SCMClientProtocolServer (SCMClientProtocolServer.java:start(197)) - RPC server for Client  is listening at /0.0.0.0:35037
2023-04-19 12:53:27,462 [IPC Server Responder] INFO  ipc.Server (Server.java:run(1558)) - IPC Server Responder: starting
2023-04-19 12:53:27,464 [IPC Server listener on 0] INFO  ipc.Server (Server.java:run(1398)) - IPC Server listener on 0: starting
2023-04-19 12:53:27,467 [Listener at 0.0.0.0/35037] INFO  server.StorageContainerManager (StorageContainerManager.java:start(1491)) - ScmBlockLocationProtocol RPC server is listening at /0.0.0.0:34737
2023-04-19 12:53:27,468 [Listener at 0.0.0.0/35037] INFO  server.SCMBlockProtocolServer (SCMBlockProtocolServer.java:start(152)) - RPC server for Block Protocol is listening at /0.0.0.0:34737
2023-04-19 12:53:27,468 [IPC Server Responder] INFO  ipc.Server (Server.java:run(1558)) - IPC Server Responder: starting
2023-04-19 12:53:27,469 [IPC Server listener on 0] INFO  ipc.Server (Server.java:run(1398)) - IPC Server listener on 0: starting
2023-04-19 12:53:27,472 [Listener at 0.0.0.0/35037] INFO  server.SCMDatanodeProtocolServer (SCMDatanodeProtocolServer.java:start(193)) - ScmDatanodeProtocol RPC server for DataNodes is listening at /0.0.0.0:43909
2023-04-19 12:53:27,472 [IPC Server Responder] INFO  ipc.Server (Server.java:run(1558)) - IPC Server Responder: starting
2023-04-19 12:53:27,473 [IPC Server listener on 0] INFO  ipc.Server (Server.java:run(1398)) - IPC Server listener on 0: starting
2023-04-19 12:53:27,500 [org.apache.hadoop.util.JvmPauseMonitor$Monitor@5625ba2] INFO  util.JvmPauseMonitor (JvmPauseMonitor.java:run(188)) - Starting JVM pause monitor
2023-04-19 12:53:27,506 [Listener at 0.0.0.0/35037] INFO  http.BaseHttpServer (BaseHttpServer.java:newHttpServer2BuilderForOzone(224)) - Starting Web-server for scm at: http://0.0.0.0:0
2023-04-19 12:53:27,506 [Listener at 0.0.0.0/35037] INFO  http.BaseHttpServer (BaseHttpServer.java:<init>(111)) - Hadoop Security Enabled: false Ozone Security Enabled: false Ozone HTTP Security Enabled: false 
2023-04-19 12:53:27,530 [Listener at 0.0.0.0/35037] INFO  util.log (Log.java:initialized(170)) - Logging initialized @4319ms to org.eclipse.jetty.util.log.Slf4jLog
2023-04-19 12:53:27,624 [Listener at 0.0.0.0/35037] WARN  server.AuthenticationFilter (AuthenticationFilter.java:constructSecretProvider(240)) - Unable to initialize FileSignerSecretProvider, falling back to use random secrets. Reason: Could not read signature secret file: /home/runner/hadoop-http-auth-signature-secret
2023-04-19 12:53:27,630 [Listener at 0.0.0.0/35037] INFO  http.HttpRequestLog (HttpRequestLog.java:getRequestLog(86)) - Http request log for http.requests.scm is not defined
2023-04-19 12:53:27,636 [Listener at 0.0.0.0/35037] INFO  http.HttpServer2 (HttpServer2.java:addGlobalFilter(1031)) - Added global filter 'safety' (class=org.apache.hadoop.hdds.server.http.HttpServer2$QuotingInputFilter)
2023-04-19 12:53:27,639 [Listener at 0.0.0.0/35037] INFO  http.HttpServer2 (HttpServer2.java:addFilter(1007)) - Added filter static_user_filter (class=org.apache.hadoop.http.lib.StaticUserWebFilter$StaticUserFilter) to context scm
2023-04-19 12:53:27,639 [Listener at 0.0.0.0/35037] INFO  http.HttpServer2 (HttpServer2.java:addFilter(1015)) - Added filter static_user_filter (class=org.apache.hadoop.http.lib.StaticUserWebFilter$StaticUserFilter) to context static
2023-04-19 12:53:27,639 [Listener at 0.0.0.0/35037] INFO  http.HttpServer2 (HttpServer2.java:addFilter(1015)) - Added filter static_user_filter (class=org.apache.hadoop.http.lib.StaticUserWebFilter$StaticUserFilter) to context logs
2023-04-19 12:53:27,675 [Listener at 0.0.0.0/35037] INFO  http.BaseHttpServer (BaseHttpServer.java:<init>(190)) - HTTP server of scm uses base directory /home/runner/work/ozone/ozone/hadoop-ozone/integration-test/target/test-dir/MiniOzoneClusterImpl-2b3941d9-6b91-4c70-847f-5d11ff1da94e/ozone-meta/webserver
2023-04-19 12:53:27,676 [Listener at 0.0.0.0/35037] INFO  http.HttpServer2 (HttpServer2.java:bindListener(1250)) - Jetty bound to port 36287
2023-04-19 12:53:27,677 [Listener at 0.0.0.0/35037] INFO  server.Server (Server.java:doStart(375)) - jetty-9.4.49.v20220914; built: 2022-09-14T01:07:36.601Z; git: 4231a3b2e4cb8548a412a789936d640a97b1aa0a; jvm 1.8.0_362-b09
2023-04-19 12:53:27,710 [Listener at 0.0.0.0/35037] INFO  server.session (DefaultSessionIdManager.java:doStart(334)) - DefaultSessionIdManager workerName=node0
2023-04-19 12:53:27,710 [Listener at 0.0.0.0/35037] INFO  server.session (DefaultSessionIdManager.java:doStart(339)) - No SessionScavenger set, using defaults
2023-04-19 12:53:27,712 [Listener at 0.0.0.0/35037] INFO  server.session (HouseKeeper.java:startScavenging(132)) - node0 Scavenging every 600000ms
2023-04-19 12:53:27,724 [Listener at 0.0.0.0/35037] INFO  handler.ContextHandler (ContextHandler.java:doStart(921)) - Started o.e.j.s.ServletContextHandler@6408a8ac{logs,/logs,file:///home/runner/work/ozone/ozone/hadoop-ozone/integration-test/target/log,AVAILABLE}
2023-04-19 12:53:27,724 [Listener at 0.0.0.0/35037] INFO  handler.ContextHandler (ContextHandler.java:doStart(921)) - Started o.e.j.s.ServletContextHandler@43d2c8e3{static,/static,file:///home/runner/work/ozone/ozone/hadoop-ozone/integration-test/target/test-classes/webapps/static,AVAILABLE}
2023-04-19 12:53:27,786 [Listener at 0.0.0.0/35037] INFO  handler.ContextHandler (ContextHandler.java:doStart(921)) - Started o.e.j.w.WebAppContext@123d666b{scm,/,file:///home/runner/work/ozone/ozone/hadoop-ozone/integration-test/target/test-classes/webapps/scm/,AVAILABLE}{file:/home/runner/work/ozone/ozone/hadoop-ozone/integration-test/target/test-classes/webapps/scm}
2023-04-19 12:53:27,804 [Listener at 0.0.0.0/35037] INFO  server.AbstractConnector (AbstractConnector.java:doStart(333)) - Started ServerConnector@40f931ec{HTTP/1.1, (http/1.1)}{0.0.0.0:36287}
2023-04-19 12:53:27,804 [Listener at 0.0.0.0/35037] INFO  server.Server (Server.java:doStart(415)) - Started @4593ms
2023-04-19 12:53:27,809 [Listener at 0.0.0.0/35037] INFO  impl.MetricsSinkAdapter (MetricsSinkAdapter.java:start(204)) - Sink prometheus started
2023-04-19 12:53:27,809 [Listener at 0.0.0.0/35037] INFO  impl.MetricsSystemImpl (MetricsSystemImpl.java:registerSink(305)) - Registered sink prometheus
2023-04-19 12:53:27,812 [Listener at 0.0.0.0/35037] INFO  http.BaseHttpServer (BaseHttpServer.java:updateConnectorAddress(344)) - HTTP server of scm listening at http://0.0.0.0:36287
2023-04-19 12:53:27,820 [Listener at 0.0.0.0/35037] WARN  server.ServerUtils (ServerUtils.java:getDBPath(225)) - ozone.om.db.dirs is not configured. We recommend adding this setting. Falling back to ozone.metadata.dirs instead.
2023-04-19 12:53:27,883 [Listener at 0.0.0.0/35037] INFO  audit.AuditLogger (AuditLogger.java:refreshDebugCmdSet(126)) - Refresh DebugCmdSet for OMAudit to [].
2023-04-19 12:53:27,963 [Listener at 0.0.0.0/35037] INFO  ha.OMHANodeDetails (OMHANodeDetails.java:loadOMHAConfig(115)) - ozone.om.internal.service.id is not defined, falling back to ozone.om.service.ids to find serviceID for OzoneManager if it is HA enabled cluster
2023-04-19 12:53:27,966 [Listener at 0.0.0.0/35037] INFO  ha.OMHANodeDetails (OMHANodeDetails.java:loadOMHAConfig(226)) - Configuration does not have ozone.om.address set. Falling back to the default OM address /127.0.0.1:0
2023-04-19 12:53:27,966 [Listener at 0.0.0.0/35037] INFO  ha.OMHANodeDetails (OMHANodeDetails.java:getOMNodeDetailsForNonHA(254)) - OM Service ID is not set. Setting it to the default ID: omServiceIdDefault
2023-04-19 12:53:27,967 [Listener at 0.0.0.0/35037] INFO  ha.OMHANodeDetails (OMHANodeDetails.java:getOMNodeDetailsForNonHA(261)) - OM Node ID is not set. Setting it to the default ID: om1
2023-04-19 12:53:27,970 [Listener at 0.0.0.0/35037] WARN  server.ServerUtils (ServerUtils.java:getDBPath(225)) - ozone.om.db.dirs is not configured. We recommend adding this setting. Falling back to ozone.metadata.dirs instead.
2023-04-19 12:53:27,973 [Listener at 0.0.0.0/35037] INFO  upgrade.AbstractLayoutVersionManager (AbstractLayoutVersionManager.java:init(83)) - Initializing Layout version manager with metadata layout = HSYNC (version = 4), software layout = HSYNC (version = 4)
2023-04-19 12:53:28,056 [Listener at 0.0.0.0/35037] INFO  reflections.Reflections (Reflections.java:scan(232)) - Reflections took 78 ms to scan 2 urls, producing 171 keys and 475 values [using 2 cores]
2023-04-19 12:53:28,062 [Listener at 0.0.0.0/35037] INFO  upgrade.OMLayoutVersionManager (OMLayoutVersionManager.java:lambda$0(115)) - Skipping Upgrade Action MockOmUpgradeAction since it has been finalized.
2023-04-19 12:53:28,064 [Listener at 0.0.0.0/35037] WARN  server.ServerUtils (ServerUtils.java:getDBPath(225)) - ozone.om.db.dirs is not configured. We recommend adding this setting. Falling back to ozone.metadata.dirs instead.
2023-04-19 12:53:28,214 [Listener at 0.0.0.0/35037] INFO  proxy.SCMBlockLocationFailoverProxyProvider (SCMBlockLocationFailoverProxyProvider.java:<init>(114)) - Created block location fail-over proxy with 1 nodes: [nodeId=scmNodeId,nodeAddress=/0.0.0.0:34737]
2023-04-19 12:53:28,246 [Listener at 0.0.0.0/35037] INFO  proxy.SCMBlockLocationFailoverProxyProvider (SCMBlockLocationFailoverProxyProvider.java:<init>(114)) - Created block location fail-over proxy with 1 nodes: [nodeId=scmNodeId,nodeAddress=/0.0.0.0:34737]
2023-04-19 12:53:28,449 [Listener at 0.0.0.0/35037] INFO  om.OzoneManager (OzoneManager.java:<init>(627)) - OM start with adminUsers: [runner]
2023-04-19 12:53:28,461 [Listener at 0.0.0.0/35037] WARN  server.ServerUtils (ServerUtils.java:getDBPath(225)) - ozone.om.db.dirs is not configured. We recommend adding this setting. Falling back to ozone.metadata.dirs instead.
2023-04-19 12:53:28,495 [Listener at 0.0.0.0/35037] INFO  codec.OmKeyInfoCodec (OmKeyInfoCodec.java:<init>(49)) - OmKeyInfoCodec ignorePipeline = true
2023-04-19 12:53:28,497 [Listener at 0.0.0.0/35037] INFO  codec.RepeatedOmKeyInfoCodec (RepeatedOmKeyInfoCodec.java:<init>(41)) - RepeatedOmKeyInfoCodec ignorePipeline = true
2023-04-19 12:53:28,715 [Listener at 0.0.0.0/35037] INFO  om.OzoneManager (OzoneManager.java:instantiateServices(757)) - S3 Multi-Tenancy is disabled
2023-04-19 12:53:28,742 [Listener at 0.0.0.0/35037] WARN  server.ServerUtils (ServerUtils.java:getDBPath(225)) - ozone.om.snapshot.diff.db.dir is not configured. We recommend adding this setting. Falling back to ozone.metadata.dirs instead.
2023-04-19 12:53:28,835 [Listener at 0.0.0.0/35037] INFO  om.OzoneManager (OzoneManager.java:addS3GVolumeToDB(4257)) - Created Volume s3v With Owner runner required for S3Gateway operations.
2023-04-19 12:53:28,896 [Listener at 0.0.0.0/35037] WARN  server.ServerUtils (ServerUtils.java:getDefaultRatisDirectory(237)) - Storage directory for Ratis is not configured. It is a good idea to map this to an SSD disk. Falling back to ozone.metadata.dirs
2023-04-19 12:53:28,896 [Listener at 0.0.0.0/35037] WARN  utils.OzoneManagerRatisUtils (OzoneManagerRatisUtils.java:getOMRatisSnapshotDirectory(459)) - ozone.om.ratis.snapshot.dir is not configured. Falling back to ozone.metadata.dirs config
2023-04-19 12:53:28,914 [Listener at 0.0.0.0/35037] WARN  server.ServerUtils (ServerUtils.java:getDefaultRatisDirectory(237)) - Storage directory for Ratis is not configured. It is a good idea to map this to an SSD disk. Falling back to ozone.metadata.dirs
2023-04-19 12:53:28,946 [Listener at 0.0.0.0/35037] INFO  ratis.OzoneManagerRatisServer (OzoneManagerRatisServer.java:<init>(163)) - Instantiating OM Ratis server with groupID: omServiceIdDefault and peers: localhost:9872
2023-04-19 12:53:28,956 [Listener at 0.0.0.0/35037] INFO  ratis.OzoneManagerStateMachine (OzoneManagerStateMachine.java:loadSnapshotInfoFromDB(644)) - LastAppliedIndex is set from TransactionInfo from OM DB as (t:0, i:~)
2023-04-19 12:53:29,007 [Listener at 0.0.0.0/35037] INFO  server.RaftServer (ConfUtils.java:logGet(46)) - raft.rpc.type = GRPC (default)
2023-04-19 12:53:29,084 [Listener at 0.0.0.0/35037] INFO  grpc.GrpcConfigKeys (ConfUtils.java:logFallback(53)) - raft.grpc.admin.host = null (fallback to raft.grpc.server.host)
2023-04-19 12:53:29,086 [Listener at 0.0.0.0/35037] INFO  grpc.GrpcConfigKeys (ConfUtils.java:logFallback(53)) - raft.grpc.admin.port = 9872 (fallback to raft.grpc.server.port)
2023-04-19 12:53:29,087 [Listener at 0.0.0.0/35037] INFO  grpc.GrpcConfigKeys (ConfUtils.java:logFallback(53)) - raft.grpc.client.host = null (fallback to raft.grpc.server.host)
2023-04-19 12:53:29,088 [Listener at 0.0.0.0/35037] INFO  grpc.GrpcConfigKeys (ConfUtils.java:logFallback(53)) - raft.grpc.client.port = 9872 (fallback to raft.grpc.server.port)
2023-04-19 12:53:29,089 [Listener at 0.0.0.0/35037] INFO  grpc.GrpcConfigKeys (ConfUtils.java:logGet(46)) - raft.grpc.server.host = null (default)
2023-04-19 12:53:29,090 [Listener at 0.0.0.0/35037] INFO  grpc.GrpcConfigKeys (ConfUtils.java:logGet(46)) - raft.grpc.server.port = 9872 (custom)
2023-04-19 12:53:29,091 [Listener at 0.0.0.0/35037] INFO  server.GrpcService (ConfUtils.java:logGet(46)) - raft.grpc.message.size.max = 33554432 (custom)
2023-04-19 12:53:29,094 [Listener at 0.0.0.0/35037] INFO  server.RaftServerConfigKeys (ConfUtils.java:logGet(46)) - raft.server.log.appender.buffer.byte-limit = 33554432 (custom)
2023-04-19 12:53:29,095 [Listener at 0.0.0.0/35037] INFO  server.GrpcService (ConfUtils.java:logGet(46)) - raft.grpc.flow.control.window = 1MB (=1048576) (default)
2023-04-19 12:53:29,096 [Listener at 0.0.0.0/35037] INFO  server.RaftServerConfigKeys (ConfUtils.java:logGet(46)) - raft.server.rpc.request.timeout = 3000ms (default)
2023-04-19 12:53:29,109 [Listener at 0.0.0.0/35037] INFO  grpc.GrpcConfigKeys (ConfUtils.java:logGet(46)) - raft.grpc.server.heartbeat.channel = true (default)
2023-04-19 12:53:29,112 [Listener at 0.0.0.0/35037] INFO  grpc.GrpcConfigKeys (ConfUtils.java:logGet(46)) - raft.grpc.server.async.request.thread.pool.cached = true (default)
2023-04-19 12:53:29,113 [Listener at 0.0.0.0/35037] INFO  grpc.GrpcConfigKeys (ConfUtils.java:logGet(46)) - raft.grpc.server.async.request.thread.pool.size = 32 (default)
2023-04-19 12:53:29,331 [Listener at 0.0.0.0/35037] INFO  impl.DataStreamServerImpl (ConfUtils.java:logGet(46)) - raft.datastream.type = DISABLED (default)
2023-04-19 12:53:29,334 [Listener at 0.0.0.0/35037] INFO  server.RaftServerConfigKeys (ConfUtils.java:logGet(46)) - raft.server.threadpool.proxy.cached = true (default)
2023-04-19 12:53:29,334 [Listener at 0.0.0.0/35037] INFO  server.RaftServerConfigKeys (ConfUtils.java:logGet(46)) - raft.server.threadpool.proxy.size = 0 (default)
2023-04-19 12:53:29,335 [Listener at 0.0.0.0/35037] INFO  server.RaftServerConfigKeys (ConfUtils.java:logGet(46)) - raft.server.rpc.slowness.timeout = 120s (custom)
2023-04-19 12:53:29,335 [Listener at 0.0.0.0/35037] INFO  server.RaftServerConfigKeys (ConfUtils.java:logGet(46)) - raft.server.leaderelection.leader.step-down.wait-time = 10s (default)
2023-04-19 12:53:29,339 [Listener at 0.0.0.0/35037] INFO  server.RaftServerConfigKeys (ConfUtils.java:logGet(46)) - raft.server.storage.dir = [/home/runner/work/ozone/ozone/hadoop-ozone/integration-test/target/test-dir/MiniOzoneClusterImpl-2b3941d9-6b91-4c70-847f-5d11ff1da94e/ozone-meta/ratis] (custom)
2023-04-19 12:53:29,349 [Listener at 0.0.0.0/35037] INFO  server.RaftServer (RaftServerProxy.java:addNew(96)) - om1: addNew group-C5BA1605619E:[om1|rpc:localhost:9872|priority:0|startupRole:FOLLOWER] returns group-C5BA1605619E:java.util.concurrent.CompletableFuture@6aef91e6[Not completed]
2023-04-19 12:53:29,350 [Listener at 0.0.0.0/35037] INFO  om.OzoneManager (OzoneManager.java:initializeRatisServer(2095)) - OzoneManager Ratis server initialized at port 9872
2023-04-19 12:53:29,352 [Listener at 0.0.0.0/35037] INFO  om.OzoneManager (OzoneManager.java:getRpcServer(1142)) - Creating RPC Server
2023-04-19 12:53:29,372 [pool-61-thread-1] INFO  server.RaftServer$Division (RaftServerImpl.java:<init>(195)) - om1: new RaftServerImpl for group-C5BA1605619E:[om1|rpc:localhost:9872|priority:0|startupRole:FOLLOWER] with OzoneManagerStateMachine:uninitialized
2023-04-19 12:53:29,377 [pool-61-thread-1] INFO  server.RaftServerConfigKeys (ConfUtils.java:logGet(46)) - raft.server.rpc.timeout.min = 1s (custom)
2023-04-19 12:53:29,378 [pool-61-thread-1] INFO  server.RaftServerConfigKeys (ConfUtils.java:logGet(46)) - raft.server.rpc.timeout.max = 1200ms (custom)
2023-04-19 12:53:29,378 [pool-61-thread-1] INFO  server.RaftServerConfigKeys (ConfUtils.java:logGet(46)) - raft.server.rpc.sleep.time = 25ms (default)
2023-04-19 12:53:29,378 [pool-61-thread-1] INFO  server.RaftServerConfigKeys (ConfUtils.java:logGet(46)) - raft.server.rpc.slowness.timeout = 120s (custom)
2023-04-19 12:53:29,378 [pool-61-thread-1] INFO  server.RaftServerConfigKeys (ConfUtils.java:logGet(46)) - raft.server.leaderelection.leader.step-down.wait-time = 10s (default)
2023-04-19 12:53:29,378 [pool-61-thread-1] INFO  server.RaftServerConfigKeys (ConfUtils.java:logGet(46)) - raft.server.sleep.deviation.threshold = 300ms (default)
2023-04-19 12:53:29,392 [pool-61-thread-1] INFO  server.RaftServer$Division (ServerState.java:<init>(118)) - om1@group-C5BA1605619E: ConfigurationManager, init=-1: peers:[om1|rpc:localhost:9872|priority:0|startupRole:FOLLOWER]|listeners:[], old=null, confs=<EMPTY_MAP>
2023-04-19 12:53:29,392 [pool-61-thread-1] INFO  server.RaftServerConfigKeys (ConfUtils.java:logGet(46)) - raft.server.storage.dir = [/home/runner/work/ozone/ozone/hadoop-ozone/integration-test/target/test-dir/MiniOzoneClusterImpl-2b3941d9-6b91-4c70-847f-5d11ff1da94e/ozone-meta/ratis] (custom)
2023-04-19 12:53:29,402 [pool-61-thread-1] INFO  server.RaftServerConfigKeys (ConfUtils.java:logGet(46)) - raft.server.log.corruption.policy = EXCEPTION (default)
2023-04-19 12:53:29,409 [pool-61-thread-1] INFO  server.RaftServerConfigKeys (ConfUtils.java:logGet(46)) - raft.server.storage.free-space.min = 0MB (=0) (default)
2023-04-19 12:53:29,444 [pool-61-thread-1] INFO  server.RaftServerConfigKeys (ConfUtils.java:logGet(46)) - raft.server.notification.no-leader.timeout = 120s (custom)
2023-04-19 12:53:29,462 [pool-61-thread-1] INFO  server.RaftServerConfigKeys (ConfUtils.java:logGet(46)) - raft.server.retrycache.expirytime = 300s (custom)
2023-04-19 12:53:29,462 [pool-61-thread-1] INFO  server.RaftServerConfigKeys (ConfUtils.java:logGet(46)) - raft.server.retrycache.statistics.expirytime = 100μs (default)
2023-04-19 12:53:29,597 [pool-61-thread-1] INFO  server.RaftServerConfigKeys (ConfUtils.java:logGet(46)) - raft.server.log.appender.install.snapshot.enabled = false (custom)
2023-04-19 12:53:29,597 [pool-61-thread-1] INFO  server.RaftServerConfigKeys (ConfUtils.java:logGet(46)) - raft.server.threadpool.server.cached = true (default)
2023-04-19 12:53:29,598 [pool-61-thread-1] INFO  server.RaftServerConfigKeys (ConfUtils.java:logGet(46)) - raft.server.threadpool.server.size = 0 (default)
2023-04-19 12:53:29,599 [pool-61-thread-1] INFO  server.RaftServerConfigKeys (ConfUtils.java:logGet(46)) - raft.server.threadpool.client.cached = true (default)
2023-04-19 12:53:29,600 [pool-61-thread-1] INFO  server.RaftServerConfigKeys (ConfUtils.java:logGet(46)) - raft.server.threadpool.client.size = 0 (default)
2023-04-19 12:53:30,277 [Listener at 0.0.0.0/35037] INFO  reflections.Reflections (Reflections.java:scan(232)) - Reflections took 876 ms to scan 19 urls, producing 68 keys and 5059 values [using 2 cores]
2023-04-19 12:53:30,453 [Listener at 0.0.0.0/35037] INFO  ipc.CallQueueManager (CallQueueManager.java:<init>(90)) - Using callQueue: class java.util.concurrent.LinkedBlockingQueue, queueCapacity: 2000, scheduler: class org.apache.hadoop.ipc.DefaultRpcScheduler, ipcBackoff: false.
2023-04-19 12:53:30,453 [Socket Reader #1 for port 0] INFO  ipc.Server (Server.java:run(1319)) - Starting Socket Reader #1 for port 0
2023-04-19 12:53:30,483 [Listener at 127.0.0.1/41717] INFO  impl.MetricsSystemImpl (MetricsSystemImpl.java:init(158)) - OzoneManager metrics system started (again)
2023-04-19 12:53:30,494 [Listener at 127.0.0.1/41717] INFO  om.OzoneManager (OzoneManager.java:start(1563)) - OzoneManager RPC server is listening at localhost/127.0.0.1:41717
2023-04-19 12:53:30,495 [Listener at 127.0.0.1/41717] INFO  ratis.OzoneManagerRatisServer (OzoneManagerRatisServer.java:start(558)) - Starting OzoneManagerRatisServer om1 at port 9872
2023-04-19 12:53:30,498 [om1-impl-thread1] INFO  storage.RaftStorageDirectory (RaftStorageDirectoryImpl.java:analyzeStorage(137)) - The storage directory /home/runner/work/ozone/ozone/hadoop-ozone/integration-test/target/test-dir/MiniOzoneClusterImpl-2b3941d9-6b91-4c70-847f-5d11ff1da94e/ozone-meta/ratis/bf265839-605b-3f16-9796-c5ba1605619e does not exist. Creating ...
2023-04-19 12:53:30,501 [om1-impl-thread1] INFO  storage.RaftStorageDirectory (RaftStorageDirectoryImpl.java:tryLock(231)) - Lock on /home/runner/work/ozone/ozone/hadoop-ozone/integration-test/target/test-dir/MiniOzoneClusterImpl-2b3941d9-6b91-4c70-847f-5d11ff1da94e/ozone-meta/ratis/bf265839-605b-3f16-9796-c5ba1605619e/in_use.lock acquired by nodename 71175@fv-az625-389
2023-04-19 12:53:30,506 [om1-impl-thread1] INFO  storage.RaftStorage (RaftStorageImpl.java:format(96)) - Storage directory /home/runner/work/ozone/ozone/hadoop-ozone/integration-test/target/test-dir/MiniOzoneClusterImpl-2b3941d9-6b91-4c70-847f-5d11ff1da94e/ozone-meta/ratis/bf265839-605b-3f16-9796-c5ba1605619e has been successfully formatted.
2023-04-19 12:53:30,509 [om1-impl-thread1] INFO  server.RaftServerConfigKeys (ConfUtils.java:logGet(46)) - raft.server.log.use.memory = false (default)
2023-04-19 12:53:30,515 [om1-impl-thread1] INFO  server.RaftServerConfigKeys (ConfUtils.java:logGet(46)) - raft.server.log.purge.gap = 1000000 (custom)
2023-04-19 12:53:30,516 [om1-impl-thread1] INFO  server.RaftServerConfigKeys (ConfUtils.java:logGet(46)) - raft.server.log.appender.buffer.byte-limit = 33554432 (custom)
2023-04-19 12:53:30,517 [om1-impl-thread1] INFO  server.RaftServerConfigKeys (ConfUtils.java:logGet(46)) - raft.server.log.statemachine.data.read.timeout = 1000ms (default)
2023-04-19 12:53:30,518 [om1-impl-thread1] INFO  server.RaftServerConfigKeys (ConfUtils.java:logGet(46)) - raft.server.log.purge.preservation.log.num = 0 (default)
2023-04-19 12:53:30,520 [om1-impl-thread1] INFO  server.RaftServerConfigKeys (ConfUtils.java:logGet(46)) - raft.server.log.segment.size.max = 4194304 (custom)
2023-04-19 12:53:30,525 [om1-impl-thread1] INFO  server.RaftServerConfigKeys (ConfUtils.java:logGet(46)) - raft.server.log.segment.cache.num.max = 2 (custom)
2023-04-19 12:53:30,526 [om1-impl-thread1] INFO  server.RaftServerConfigKeys (ConfUtils.java:logGet(46)) - raft.server.log.segment.cache.size.max = 200MB (=209715200) (default)
2023-04-19 12:53:30,531 [om1-impl-thread1] INFO  segmented.SegmentedRaftLogWorker (SegmentedRaftLogWorker.java:<init>(189)) - new om1@group-C5BA1605619E-SegmentedRaftLogWorker for RaftStorageImpl:Storage Directory /home/runner/work/ozone/ozone/hadoop-ozone/integration-test/target/test-dir/MiniOzoneClusterImpl-2b3941d9-6b91-4c70-847f-5d11ff1da94e/ozone-meta/ratis/bf265839-605b-3f16-9796-c5ba1605619e
2023-04-19 12:53:30,531 [om1-impl-thread1] INFO  server.RaftServerConfigKeys (ConfUtils.java:logGet(46)) - raft.server.log.queue.byte-limit = 64MB (=67108864) (default)
2023-04-19 12:53:30,532 [om1-impl-thread1] INFO  server.RaftServerConfigKeys (ConfUtils.java:logGet(46)) - raft.server.log.queue.element-limit = 4096 (default)
2023-04-19 12:53:30,532 [om1-impl-thread1] INFO  server.RaftServerConfigKeys (ConfUtils.java:logGet(46)) - raft.server.log.segment.size.max = 4194304 (custom)
2023-04-19 12:53:30,533 [om1-impl-thread1] INFO  server.RaftServerConfigKeys (ConfUtils.java:logGet(46)) - raft.server.log.preallocated.size = 4194304 (custom)
2023-04-19 12:53:30,533 [om1-impl-thread1] INFO  server.RaftServerConfigKeys (ConfUtils.java:logGet(46)) - raft.server.log.force.sync.num = 128 (default)
2023-04-19 12:53:30,534 [om1-impl-thread1] INFO  server.RaftServerConfigKeys (ConfUtils.java:logGet(46)) - raft.server.log.statemachine.data.sync = true (default)
2023-04-19 12:53:30,534 [om1-impl-thread1] INFO  server.RaftServerConfigKeys (ConfUtils.java:logGet(46)) - raft.server.log.statemachine.data.sync.timeout = 10s (default)
2023-04-19 12:53:30,534 [om1-impl-thread1] INFO  server.RaftServerConfigKeys (ConfUtils.java:logGet(46)) - raft.server.log.statemachine.data.sync.timeout.retry = -1 (default)
2023-04-19 12:53:30,543 [om1-impl-thread1] INFO  server.RaftServerConfigKeys (ConfUtils.java:logGet(46)) - raft.server.log.write.buffer.size = 64KB (=65536) (default)
2023-04-19 12:53:30,543 [om1-impl-thread1] INFO  server.RaftServerConfigKeys (ConfUtils.java:logGet(46)) - raft.server.log.appender.buffer.byte-limit = 33554432 (custom)
2023-04-19 12:53:30,549 [om1-impl-thread1] INFO  server.RaftServerConfigKeys (ConfUtils.java:logGet(46)) - raft.server.log.unsafe-flush.enabled = false (default)
2023-04-19 12:53:30,549 [om1-impl-thread1] INFO  server.RaftServerConfigKeys (ConfUtils.java:logGet(46)) - raft.server.log.async-flush.enabled = false (default)
2023-04-19 12:53:30,550 [om1-impl-thread1] INFO  server.RaftServerConfigKeys (ConfUtils.java:logGet(46)) - raft.server.log.statemachine.data.caching.enabled = false (default)
2023-04-19 12:53:30,556 [om1-impl-thread1] INFO  segmented.SegmentedRaftLogWorker (SegmentedRaftLogWorker.java:lambda$new$0(135)) - om1@group-C5BA1605619E-SegmentedRaftLogWorker: flushIndex: setUnconditionally 0 -> -1
2023-04-19 12:53:30,556 [om1-impl-thread1] INFO  segmented.SegmentedRaftLogWorker (SegmentedRaftLogWorker.java:lambda$new$0(135)) - om1@group-C5BA1605619E-SegmentedRaftLogWorker: safeCacheEvictIndex: setUnconditionally 0 -> -1
2023-04-19 12:53:30,558 [om1-impl-thread1] INFO  server.RaftServer$Division (RaftServerImpl.java:start(334)) - om1@group-C5BA1605619E: start as a follower, conf=-1: peers:[om1|rpc:localhost:9872|priority:0|startupRole:FOLLOWER]|listeners:[], old=null
2023-04-19 12:53:30,562 [om1-impl-thread1] INFO  server.RaftServer$Division (RaftServerImpl.java:setRole(321)) - om1@group-C5BA1605619E: changes role from      null to FOLLOWER at term 0 for startAsFollower
2023-04-19 12:53:30,564 [om1-impl-thread1] INFO  impl.RoleInfo (RoleInfo.java:updateAndGet(139)) - om1: start om1@group-C5BA1605619E-FollowerState
2023-04-19 12:53:30,570 [om1-impl-thread1] INFO  util.JmxRegister (JmxRegister.java:tryRegister(44)) - Successfully registered JMX Bean with object name Ratis:service=RaftServer,group=group-C5BA1605619E,id=om1
2023-04-19 12:53:30,571 [om1-impl-thread1] INFO  server.RaftServerConfigKeys (ConfUtils.java:logGet(46)) - raft.server.snapshot.auto.trigger.enabled = true (custom)
2023-04-19 12:53:30,572 [om1-impl-thread1] INFO  server.RaftServerConfigKeys (ConfUtils.java:logGet(46)) - raft.server.snapshot.auto.trigger.threshold = 400000 (default)
2023-04-19 12:53:30,572 [om1-impl-thread1] INFO  server.RaftServerConfigKeys (ConfUtils.java:logGet(46)) - raft.server.snapshot.retention.file.num = -1 (default)
2023-04-19 12:53:30,573 [om1-impl-thread1] INFO  server.RaftServerConfigKeys (ConfUtils.java:logGet(46)) - raft.server.log.purge.upto.snapshot.index = true (custom)
2023-04-19 12:53:30,575 [om1@group-C5BA1605619E-FollowerState] INFO  server.RaftServerConfigKeys (ConfUtils.java:logFallback(53)) - raft.server.rpc.first-election.timeout.min = 1s (fallback to raft.server.rpc.timeout.min)
2023-04-19 12:53:30,576 [om1@group-C5BA1605619E-FollowerState] INFO  server.RaftServerConfigKeys (ConfUtils.java:logFallback(53)) - raft.server.rpc.first-election.timeout.max = 1200ms (fallback to raft.server.rpc.timeout.max)
2023-04-19 12:53:30,576 [Listener at 127.0.0.1/41717] INFO  server.RaftServer (RaftServerProxy.java:startImpl(393)) - om1: start RPC server
2023-04-19 12:53:30,619 [Listener at 127.0.0.1/41717] INFO  server.GrpcService (GrpcService.java:startImpl(262)) - om1: GrpcService started, listening on 9872
2023-04-19 12:53:30,621 [Listener at 127.0.0.1/41717] INFO  om.OzoneManager (OzoneManager.java:start(1579)) - Version File has different layout version (4) than OM DB (null). That is expected if this OM has never been finalized to a newer layout version.
2023-04-19 12:53:30,623 [JvmPauseMonitor0] INFO  util.JvmPauseMonitor (JvmPauseMonitor.java:run(105)) - JvmPauseMonitor-om1: Started
2023-04-19 12:53:30,653 [Listener at 127.0.0.1/41717] INFO  http.BaseHttpServer (BaseHttpServer.java:newHttpServer2BuilderForOzone(224)) - Starting Web-server for ozoneManager at: http://0.0.0.0:0
2023-04-19 12:53:30,653 [Listener at 127.0.0.1/41717] INFO  http.BaseHttpServer (BaseHttpServer.java:<init>(111)) - Hadoop Security Enabled: false Ozone Security Enabled: false Ozone HTTP Security Enabled: false 
2023-04-19 12:53:30,655 [Listener at 127.0.0.1/41717] WARN  server.AuthenticationFilter (AuthenticationFilter.java:constructSecretProvider(240)) - Unable to initialize FileSignerSecretProvider, falling back to use random secrets. Reason: Could not read signature secret file: /home/runner/hadoop-http-auth-signature-secret
2023-04-19 12:53:30,661 [Listener at 127.0.0.1/41717] INFO  http.HttpRequestLog (HttpRequestLog.java:getRequestLog(86)) - Http request log for http.requests.ozoneManager is not defined
2023-04-19 12:53:30,662 [Listener at 127.0.0.1/41717] INFO  http.HttpServer2 (HttpServer2.java:addGlobalFilter(1031)) - Added global filter 'safety' (class=org.apache.hadoop.hdds.server.http.HttpServer2$QuotingInputFilter)
2023-04-19 12:53:30,663 [Listener at 127.0.0.1/41717] INFO  http.HttpServer2 (HttpServer2.java:addFilter(1007)) - Added filter static_user_filter (class=org.apache.hadoop.http.lib.StaticUserWebFilter$StaticUserFilter) to context ozoneManager
2023-04-19 12:53:30,663 [Listener at 127.0.0.1/41717] INFO  http.HttpServer2 (HttpServer2.java:addFilter(1015)) - Added filter static_user_filter (class=org.apache.hadoop.http.lib.StaticUserWebFilter$StaticUserFilter) to context logs
2023-04-19 12:53:30,664 [Listener at 127.0.0.1/41717] INFO  http.HttpServer2 (HttpServer2.java:addFilter(1015)) - Added filter static_user_filter (class=org.apache.hadoop.http.lib.StaticUserWebFilter$StaticUserFilter) to context static
2023-04-19 12:53:30,664 [Listener at 127.0.0.1/41717] INFO  http.BaseHttpServer (BaseHttpServer.java:<init>(190)) - HTTP server of ozoneManager uses base directory /home/runner/work/ozone/ozone/hadoop-ozone/integration-test/target/test-dir/MiniOzoneClusterImpl-2b3941d9-6b91-4c70-847f-5d11ff1da94e/ozone-meta/webserver
2023-04-19 12:53:30,666 [Listener at 127.0.0.1/41717] INFO  http.HttpServer2 (HttpServer2.java:bindListener(1250)) - Jetty bound to port 40655
2023-04-19 12:53:30,667 [Listener at 127.0.0.1/41717] INFO  server.Server (Server.java:doStart(375)) - jetty-9.4.49.v20220914; built: 2022-09-14T01:07:36.601Z; git: 4231a3b2e4cb8548a412a789936d640a97b1aa0a; jvm 1.8.0_362-b09
2023-04-19 12:53:30,669 [Listener at 127.0.0.1/41717] INFO  server.session (DefaultSessionIdManager.java:doStart(334)) - DefaultSessionIdManager workerName=node0
2023-04-19 12:53:30,669 [Listener at 127.0.0.1/41717] INFO  server.session (DefaultSessionIdManager.java:doStart(339)) - No SessionScavenger set, using defaults
2023-04-19 12:53:30,669 [Listener at 127.0.0.1/41717] INFO  server.session (HouseKeeper.java:startScavenging(132)) - node0 Scavenging every 600000ms
2023-04-19 12:53:30,670 [Listener at 127.0.0.1/41717] INFO  handler.ContextHandler (ContextHandler.java:doStart(921)) - Started o.e.j.s.ServletContextHandler@2fe44d9b{logs,/logs,file:///home/runner/work/ozone/ozone/hadoop-ozone/integration-test/target/log,AVAILABLE}
2023-04-19 12:53:30,671 [Listener at 127.0.0.1/41717] INFO  handler.ContextHandler (ContextHandler.java:doStart(921)) - Started o.e.j.s.ServletContextHandler@1324605b{static,/static,file:///home/runner/work/ozone/ozone/hadoop-ozone/integration-test/target/test-classes/webapps/static,AVAILABLE}
2023-04-19 12:53:30,674 [Listener at 127.0.0.1/41717] INFO  handler.ContextHandler (ContextHandler.java:doStart(921)) - Started o.e.j.w.WebAppContext@310e6969{ozoneManager,/,file:///home/runner/work/ozone/ozone/hadoop-ozone/integration-test/target/test-classes/webapps/ozoneManager/,AVAILABLE}{file:/home/runner/work/ozone/ozone/hadoop-ozone/integration-test/target/test-classes/webapps/ozoneManager}
2023-04-19 12:53:30,676 [Listener at 127.0.0.1/41717] INFO  server.AbstractConnector (AbstractConnector.java:doStart(333)) - Started ServerConnector@48d54b1c{HTTP/1.1, (http/1.1)}{0.0.0.0:40655}
2023-04-19 12:53:30,676 [Listener at 127.0.0.1/41717] INFO  server.Server (Server.java:doStart(415)) - Started @7465ms
2023-04-19 12:53:30,676 [Listener at 127.0.0.1/41717] WARN  impl.MetricsSystemImpl (MetricsSystemImpl.java:register(279)) - Sink prometheus already exists!
2023-04-19 12:53:30,678 [Listener at 127.0.0.1/41717] INFO  http.BaseHttpServer (BaseHttpServer.java:updateConnectorAddress(344)) - HTTP server of ozoneManager listening at http://0.0.0.0:40655
2023-04-19 12:53:30,678 [IPC Server Responder] INFO  ipc.Server (Server.java:run(1558)) - IPC Server Responder: starting
2023-04-19 12:53:30,678 [IPC Server listener on 0] INFO  ipc.Server (Server.java:run(1398)) - IPC Server listener on 0: starting
2023-04-19 12:53:30,682 [Listener at 127.0.0.1/41717] INFO  om.OzoneManager (OzoneManager.java:startTrashEmptier(2039)) - Trash Interval set to 0. Files deleted won't move to trash
2023-04-19 12:53:30,693 [org.apache.hadoop.util.JvmPauseMonitor$Monitor@239d9b74] INFO  util.JvmPauseMonitor (JvmPauseMonitor.java:run(188)) - Starting JVM pause monitor
2023-04-19 12:53:30,804 [Listener at 127.0.0.1/41717] WARN  impl.MetricRegistriesImpl (MetricRegistriesImpl.java:addReporterRegistration(111)) - New reporters are added after registries were created. Some metrics will be missing from the reporter. Please add reporter before adding any new registry.
2023-04-19 12:53:30,804 [Listener at 127.0.0.1/41717] WARN  impl.MetricRegistriesImpl (MetricRegistriesImpl.java:addReporterRegistration(111)) - New reporters are added after registries were created. Some metrics will be missing from the reporter. Please add reporter before adding any new registry.
2023-04-19 12:53:30,804 [Listener at 127.0.0.1/41717] INFO  impl.MetricsSystemImpl (MetricsSystemImpl.java:init(158)) - HddsDatanode metrics system started (again)
2023-04-19 12:53:30,822 [Listener at 127.0.0.1/41717] INFO  ozone.HddsDatanodeService (HddsDatanodeService.java:start(252)) - HddsDatanodeService host:fv-az625-389 ip:10.1.0.41
2023-04-19 12:53:30,863 [Listener at 127.0.0.1/41717] INFO  upgrade.AbstractLayoutVersionManager (AbstractLayoutVersionManager.java:init(83)) - Initializing Layout version manager with metadata layout = WEBUI_PORTS_IN_DATANODEDETAILS (version = 6), software layout = WEBUI_PORTS_IN_DATANODEDETAILS (version = 6)
2023-04-19 12:53:30,914 [Listener at 127.0.0.1/41717] INFO  reflections.Reflections (Reflections.java:scan(232)) - Reflections took 49 ms to scan 7 urls, producing 156 keys and 369 values 
2023-04-19 12:53:30,917 [Listener at 127.0.0.1/41717] INFO  statemachine.DatanodeStateMachine (DatanodeStateMachine.java:getEndPointTaskThreadPoolSize(260)) - Datanode State Machine Task Thread Pool size 2
2023-04-19 12:53:30,972 [Listener at 127.0.0.1/41717] INFO  volume.HddsVolume (HddsVolume.java:<init>(130)) - Creating HddsVolume: /home/runner/work/ozone/ozone/hadoop-ozone/integration-test/target/test-dir/MiniOzoneClusterImpl-2b3941d9-6b91-4c70-847f-5d11ff1da94e/datanode-0/data-0/containers/hdds of storage type : DISK capacity : 9223372036854775807
2023-04-19 12:53:30,975 [Listener at 127.0.0.1/41717] INFO  volume.MutableVolumeSet (MutableVolumeSet.java:initializeVolumeSet(175)) - Added Volume : /home/runner/work/ozone/ozone/hadoop-ozone/integration-test/target/test-dir/MiniOzoneClusterImpl-2b3941d9-6b91-4c70-847f-5d11ff1da94e/datanode-0/data-0/containers/hdds to VolumeSet
2023-04-19 12:53:30,976 [Listener at 127.0.0.1/41717] INFO  volume.ThrottledAsyncChecker (ThrottledAsyncChecker.java:schedule(141)) - Scheduling a check for /home/runner/work/ozone/ozone/hadoop-ozone/integration-test/target/test-dir/MiniOzoneClusterImpl-2b3941d9-6b91-4c70-847f-5d11ff1da94e/datanode-0/data-0/containers/hdds
2023-04-19 12:53:30,993 [Listener at 127.0.0.1/41717] INFO  volume.StorageVolumeChecker (StorageVolumeChecker.java:checkAllVolumes(202)) - Scheduled health check for volume /home/runner/work/ozone/ozone/hadoop-ozone/integration-test/target/test-dir/MiniOzoneClusterImpl-2b3941d9-6b91-4c70-847f-5d11ff1da94e/datanode-0/data-0/containers/hdds
2023-04-19 12:53:31,010 [Listener at 127.0.0.1/41717] INFO  volume.MutableVolumeSet (MutableVolumeSet.java:initializeVolumeSet(175)) - Added Volume : /home/runner/work/ozone/ozone/hadoop-ozone/integration-test/target/test-dir/MiniOzoneClusterImpl-2b3941d9-6b91-4c70-847f-5d11ff1da94e/datanode-0/data/ratis to VolumeSet
2023-04-19 12:53:31,010 [Listener at 127.0.0.1/41717] INFO  volume.ThrottledAsyncChecker (ThrottledAsyncChecker.java:schedule(141)) - Scheduling a check for /home/runner/work/ozone/ozone/hadoop-ozone/integration-test/target/test-dir/MiniOzoneClusterImpl-2b3941d9-6b91-4c70-847f-5d11ff1da94e/datanode-0/data/ratis
2023-04-19 12:53:31,011 [Listener at 127.0.0.1/41717] INFO  volume.StorageVolumeChecker (StorageVolumeChecker.java:checkAllVolumes(202)) - Scheduled health check for volume /home/runner/work/ozone/ozone/hadoop-ozone/integration-test/target/test-dir/MiniOzoneClusterImpl-2b3941d9-6b91-4c70-847f-5d11ff1da94e/datanode-0/data/ratis
2023-04-19 12:53:31,039 [Thread-138] INFO  ozoneimpl.ContainerReader (ContainerReader.java:readVolume(175)) - Finish verifying containers on volume /home/runner/work/ozone/ozone/hadoop-ozone/integration-test/target/test-dir/MiniOzoneClusterImpl-2b3941d9-6b91-4c70-847f-5d11ff1da94e/datanode-0/data-0/containers/hdds
2023-04-19 12:53:31,039 [Listener at 127.0.0.1/41717] INFO  ozoneimpl.OzoneContainer (OzoneContainer.java:buildContainerSet(303)) - Build ContainerSet costs 0s
2023-04-19 12:53:31,092 [Listener at 127.0.0.1/41717] INFO  audit.AuditLogger (AuditLogger.java:refreshDebugCmdSet(126)) - Refresh DebugCmdSet for DNAudit to [].
2023-04-19 12:53:31,123 [Listener at 127.0.0.1/41717] INFO  server.RaftServer (ConfUtils.java:logGet(46)) - raft.rpc.type = GRPC (default)
2023-04-19 12:53:31,123 [Listener at 127.0.0.1/41717] INFO  grpc.GrpcConfigKeys (ConfUtils.java:logFallback(53)) - raft.grpc.admin.host = null (fallback to raft.grpc.server.host)
2023-04-19 12:53:31,124 [Listener at 127.0.0.1/41717] INFO  grpc.GrpcConfigKeys (ConfUtils.java:logGet(46)) - raft.grpc.admin.port = 0 (custom)
2023-04-19 12:53:31,124 [Listener at 127.0.0.1/41717] INFO  grpc.GrpcConfigKeys (ConfUtils.java:logFallback(53)) - raft.grpc.client.host = null (fallback to raft.grpc.server.host)
2023-04-19 12:53:31,125 [Listener at 127.0.0.1/41717] INFO  grpc.GrpcConfigKeys (ConfUtils.java:logGet(46)) - raft.grpc.client.port = 0 (custom)
2023-04-19 12:53:31,126 [Listener at 127.0.0.1/41717] INFO  grpc.GrpcConfigKeys (ConfUtils.java:logGet(46)) - raft.grpc.server.host = null (default)
2023-04-19 12:53:31,126 [Listener at 127.0.0.1/41717] INFO  grpc.GrpcConfigKeys (ConfUtils.java:logGet(46)) - raft.grpc.server.port = 0 (default)
2023-04-19 12:53:31,127 [Listener at 127.0.0.1/41717] INFO  server.GrpcService (ConfUtils.java:logGet(46)) - raft.grpc.message.size.max = 32MB (=33554432) (custom)
2023-04-19 12:53:31,127 [Listener at 127.0.0.1/41717] INFO  server.RaftServerConfigKeys (ConfUtils.java:logGet(46)) - raft.server.log.appender.buffer.byte-limit = 33554432 (custom)
2023-04-19 12:53:31,127 [Listener at 127.0.0.1/41717] INFO  server.GrpcService (ConfUtils.java:logGet(46)) - raft.grpc.flow.control.window = 5MB (=5242880) (custom)
2023-04-19 12:53:31,131 [Listener at 127.0.0.1/41717] INFO  server.RaftServerConfigKeys (ConfUtils.java:logGet(46)) - raft.server.rpc.request.timeout = 60s (custom)
2023-04-19 12:53:31,132 [Listener at 127.0.0.1/41717] INFO  grpc.GrpcConfigKeys (ConfUtils.java:logGet(46)) - raft.grpc.server.heartbeat.channel = true (default)
2023-04-19 12:53:31,132 [Listener at 127.0.0.1/41717] INFO  grpc.GrpcConfigKeys (ConfUtils.java:logGet(46)) - raft.grpc.server.async.request.thread.pool.cached = true (default)
2023-04-19 12:53:31,133 [Listener at 127.0.0.1/41717] INFO  grpc.GrpcConfigKeys (ConfUtils.java:logGet(46)) - raft.grpc.server.async.request.thread.pool.size = 32 (default)
2023-04-19 12:53:31,135 [Listener at 127.0.0.1/41717] INFO  impl.DataStreamServerImpl (ConfUtils.java:logGet(46)) - raft.datastream.type = NETTY (custom)
2023-04-19 12:53:31,144 [Listener at 127.0.0.1/41717] INFO  server.RaftServerConfigKeys (ConfUtils.java:logGet(46)) - raft.server.data-stream.async.request.thread.pool.cached = false (default)
2023-04-19 12:53:31,145 [Listener at 127.0.0.1/41717] INFO  server.RaftServerConfigKeys (ConfUtils.java:logGet(46)) - raft.server.data-stream.async.request.thread.pool.size = 20 (custom)
2023-04-19 12:53:31,145 [Listener at 127.0.0.1/41717] INFO  server.RaftServerConfigKeys (ConfUtils.java:logGet(46)) - raft.server.data-stream.async.write.thread.pool.size = 16 (default)
2023-04-19 12:53:31,146 [Listener at 127.0.0.1/41717] INFO  server.RaftServerConfigKeys (ConfUtils.java:logGet(46)) - raft.server.data-stream.client.pool.size = 10 (default)
2023-04-19 12:53:31,149 [Listener at 127.0.0.1/41717] INFO  netty.NettyConfigKeys$DataStream (ConfUtils.java:logGet(46)) - raft.netty.dataStream.server.use-epoll = false (default)
2023-04-19 12:53:31,149 [Listener at 127.0.0.1/41717] INFO  netty.NettyConfigKeys$DataStream (ConfUtils.java:logGet(46)) - raft.netty.dataStream.server.boss-group.size = 0 (default)
2023-04-19 12:53:31,156 [Listener at 127.0.0.1/41717] INFO  netty.NettyConfigKeys$DataStream (ConfUtils.java:logGet(46)) - raft.netty.dataStream.server.worker-group.size = 0 (default)
2023-04-19 12:53:31,157 [Listener at 127.0.0.1/41717] INFO  netty.NettyConfigKeys$DataStream (ConfUtils.java:logGet(46)) - raft.netty.dataStream.server.tls.conf = null (default)
2023-04-19 12:53:31,158 [Listener at 127.0.0.1/41717] INFO  netty.NettyConfigKeys$DataStream (ConfUtils.java:logGet(46)) - raft.netty.dataStream.host = null (default)
2023-04-19 12:53:31,159 [Listener at 127.0.0.1/41717] INFO  netty.NettyConfigKeys$DataStream (ConfUtils.java:logGet(46)) - raft.netty.dataStream.port = 0 (default)
2023-04-19 12:53:31,167 [Listener at 127.0.0.1/41717] INFO  server.RaftServerConfigKeys (ConfUtils.java:logGet(46)) - raft.server.threadpool.proxy.cached = true (default)
2023-04-19 12:53:31,167 [Listener at 127.0.0.1/41717] INFO  server.RaftServerConfigKeys (ConfUtils.java:logGet(46)) - raft.server.threadpool.proxy.size = 0 (default)
2023-04-19 12:53:31,167 [Listener at 127.0.0.1/41717] INFO  server.RaftServerConfigKeys (ConfUtils.java:logGet(46)) - raft.server.rpc.slowness.timeout = 300s (custom)
2023-04-19 12:53:31,168 [Listener at 127.0.0.1/41717] INFO  server.RaftServerConfigKeys (ConfUtils.java:logGet(46)) - raft.server.leaderelection.leader.step-down.wait-time = 10s (default)
2023-04-19 12:53:31,168 [Listener at 127.0.0.1/41717] INFO  server.RaftServerConfigKeys (ConfUtils.java:logGet(46)) - raft.server.storage.dir = [/home/runner/work/ozone/ozone/hadoop-ozone/integration-test/target/test-dir/MiniOzoneClusterImpl-2b3941d9-6b91-4c70-847f-5d11ff1da94e/datanode-0/data/ratis] (custom)
2023-04-19 12:53:31,196 [e66947f2-c2f9-4763-81b4-1d75eb6bddc4-NettyServerStreamRpc-bossGroup--thread1] INFO  logging.LoggingHandler (AbstractInternalLogger.java:log(148)) - [id: 0x69c22346] REGISTERED
2023-04-19 12:53:31,196 [e66947f2-c2f9-4763-81b4-1d75eb6bddc4-NettyServerStreamRpc-bossGroup--thread1] INFO  logging.LoggingHandler (AbstractInternalLogger.java:log(148)) - [id: 0x69c22346] BIND: 0.0.0.0/0.0.0.0:0
2023-04-19 12:53:31,199 [e66947f2-c2f9-4763-81b4-1d75eb6bddc4-NettyServerStreamRpc-bossGroup--thread1] INFO  logging.LoggingHandler (AbstractInternalLogger.java:log(148)) - [id: 0x69c22346, L:/0:0:0:0:0:0:0:0:34879] ACTIVE
2023-04-19 12:53:31,208 [Listener at 127.0.0.1/41717] INFO  server.XceiverServerGrpc (XceiverServerGrpc.java:<init>(132)) - GrpcServer channel type EpollServerSocketChannel
2023-04-19 12:53:31,293 [Listener at 127.0.0.1/41717] INFO  http.BaseHttpServer (BaseHttpServer.java:newHttpServer2BuilderForOzone(224)) - Starting Web-server for hddsDatanode at: http://0.0.0.0:0
2023-04-19 12:53:31,293 [Listener at 127.0.0.1/41717] INFO  http.BaseHttpServer (BaseHttpServer.java:<init>(111)) - Hadoop Security Enabled: false Ozone Security Enabled: false Ozone HTTP Security Enabled: false 
2023-04-19 12:53:31,295 [Listener at 127.0.0.1/41717] WARN  server.AuthenticationFilter (AuthenticationFilter.java:constructSecretProvider(240)) - Unable to initialize FileSignerSecretProvider, falling back to use random secrets. Reason: Could not read signature secret file: /home/runner/hadoop-http-auth-signature-secret
2023-04-19 12:53:31,295 [Listener at 127.0.0.1/41717] INFO  http.HttpRequestLog (HttpRequestLog.java:getRequestLog(86)) - Http request log for http.requests.hddsDatanode is not defined
2023-04-19 12:53:31,297 [Listener at 127.0.0.1/41717] INFO  http.HttpServer2 (HttpServer2.java:addGlobalFilter(1031)) - Added global filter 'safety' (class=org.apache.hadoop.hdds.server.http.HttpServer2$QuotingInputFilter)
2023-04-19 12:53:31,298 [Listener at 127.0.0.1/41717] INFO  http.HttpServer2 (HttpServer2.java:addFilter(1007)) - Added filter static_user_filter (class=org.apache.hadoop.http.lib.StaticUserWebFilter$StaticUserFilter) to context hddsDatanode
2023-04-19 12:53:31,299 [Listener at 127.0.0.1/41717] INFO  http.HttpServer2 (HttpServer2.java:addFilter(1015)) - Added filter static_user_filter (class=org.apache.hadoop.http.lib.StaticUserWebFilter$StaticUserFilter) to context logs
2023-04-19 12:53:31,299 [Listener at 127.0.0.1/41717] INFO  http.HttpServer2 (HttpServer2.java:addFilter(1015)) - Added filter static_user_filter (class=org.apache.hadoop.http.lib.StaticUserWebFilter$StaticUserFilter) to context static
2023-04-19 12:53:31,302 [Listener at 127.0.0.1/41717] INFO  http.BaseHttpServer (BaseHttpServer.java:<init>(190)) - HTTP server of hddsDatanode uses base directory /home/runner/work/ozone/ozone/hadoop-ozone/integration-test/target/test-dir/MiniOzoneClusterImpl-2b3941d9-6b91-4c70-847f-5d11ff1da94e/datanode-0/meta/webserver
2023-04-19 12:53:31,302 [Listener at 127.0.0.1/41717] INFO  http.HttpServer2 (HttpServer2.java:bindListener(1250)) - Jetty bound to port 42951
2023-04-19 12:53:31,303 [Listener at 127.0.0.1/41717] INFO  server.Server (Server.java:doStart(375)) - jetty-9.4.49.v20220914; built: 2022-09-14T01:07:36.601Z; git: 4231a3b2e4cb8548a412a789936d640a97b1aa0a; jvm 1.8.0_362-b09
2023-04-19 12:53:31,307 [Listener at 127.0.0.1/41717] INFO  server.session (DefaultSessionIdManager.java:doStart(334)) - DefaultSessionIdManager workerName=node0
2023-04-19 12:53:31,307 [Listener at 127.0.0.1/41717] INFO  server.session (DefaultSessionIdManager.java:doStart(339)) - No SessionScavenger set, using defaults
2023-04-19 12:53:31,307 [Listener at 127.0.0.1/41717] INFO  server.session (HouseKeeper.java:startScavenging(132)) - node0 Scavenging every 600000ms
2023-04-19 12:53:31,308 [Listener at 127.0.0.1/41717] INFO  handler.ContextHandler (ContextHandler.java:doStart(921)) - Started o.e.j.s.ServletContextHandler@6f7556b4{logs,/logs,file:///home/runner/work/ozone/ozone/hadoop-ozone/integration-test/target/log,AVAILABLE}
2023-04-19 12:53:31,309 [Listener at 127.0.0.1/41717] INFO  handler.ContextHandler (ContextHandler.java:doStart(921)) - Started o.e.j.s.ServletContextHandler@3f4f6338{static,/static,jar:file:/home/runner/.m2/repository/org/apache/ozone/hdds-container-service/1.4.0-SNAPSHOT/hdds-container-service-1.4.0-SNAPSHOT.jar!/webapps/static,AVAILABLE}
2023-04-19 12:53:31,552 [Listener at 127.0.0.1/41717] INFO  handler.ContextHandler (ContextHandler.java:doStart(921)) - Started o.e.j.w.WebAppContext@2b41dca7{hddsDatanode,/,file:///home/runner/work/ozone/ozone/hadoop-ozone/integration-test/target/test-dir/MiniOzoneClusterImpl-2b3941d9-6b91-4c70-847f-5d11ff1da94e/datanode-0/meta/webserver/jetty-0_0_0_0-42951-hdds-container-service-1_4_0-SNAPSHOT_jar-_-any-3677512409674403689/webapp/,AVAILABLE}{jar:file:/home/runner/.m2/repository/org/apache/ozone/hdds-container-service/1.4.0-SNAPSHOT/hdds-container-service-1.4.0-SNAPSHOT.jar!/webapps/hddsDatanode}
2023-04-19 12:53:31,570 [Listener at 127.0.0.1/41717] INFO  server.AbstractConnector (AbstractConnector.java:doStart(333)) - Started ServerConnector@2f897ecf{HTTP/1.1, (http/1.1)}{0.0.0.0:42951}
2023-04-19 12:53:31,570 [Listener at 127.0.0.1/41717] INFO  server.Server (Server.java:doStart(415)) - Started @8359ms
2023-04-19 12:53:31,570 [Listener at 127.0.0.1/41717] WARN  impl.MetricsSystemImpl (MetricsSystemImpl.java:register(279)) - Sink prometheus already exists!
2023-04-19 12:53:31,571 [Listener at 127.0.0.1/41717] INFO  http.BaseHttpServer (BaseHttpServer.java:updateConnectorAddress(344)) - HTTP server of hddsDatanode listening at http://0.0.0.0:42951
2023-04-19 12:53:31,575 [Listener at 127.0.0.1/41717] WARN  impl.MetricRegistriesImpl (MetricRegistriesImpl.java:addReporterRegistration(111)) - New reporters are added after registries were created. Some metrics will be missing from the reporter. Please add reporter before adding any new registry.
2023-04-19 12:53:31,575 [Listener at 127.0.0.1/41717] WARN  impl.MetricRegistriesImpl (MetricRegistriesImpl.java:addReporterRegistration(111)) - New reporters are added after registries were created. Some metrics will be missing from the reporter. Please add reporter before adding any new registry.
2023-04-19 12:53:31,575 [Listener at 127.0.0.1/41717] INFO  impl.MetricsSystemImpl (MetricsSystemImpl.java:init(158)) - HddsDatanode metrics system started (again)
2023-04-19 12:53:31,581 [Datanode State Machine Daemon Thread] INFO  statemachine.DatanodeStateMachine (DatanodeStateMachine.java:lambda$startDaemon$0(517)) - Ozone container server started.
2023-04-19 12:53:31,596 [Listener at 127.0.0.1/41717] INFO  ozone.HddsDatanodeService (HddsDatanodeService.java:start(252)) - HddsDatanodeService host:fv-az625-389 ip:10.1.0.41
2023-04-19 12:53:31,623 [org.apache.hadoop.util.JvmPauseMonitor$Monitor@13f463e4] INFO  util.JvmPauseMonitor (JvmPauseMonitor.java:run(188)) - Starting JVM pause monitor
2023-04-19 12:53:31,624 [om1@group-C5BA1605619E-FollowerState] INFO  impl.FollowerState (FollowerState.java:run(143)) - om1@group-C5BA1605619E-FollowerState: change to CANDIDATE, lastRpcElapsedTime:1060612589ns, electionTimeout:1044ms
2023-04-19 12:53:31,626 [Listener at 127.0.0.1/41717] INFO  upgrade.AbstractLayoutVersionManager (AbstractLayoutVersionManager.java:init(83)) - Initializing Layout version manager with metadata layout = WEBUI_PORTS_IN_DATANODEDETAILS (version = 6), software layout = WEBUI_PORTS_IN_DATANODEDETAILS (version = 6)
2023-04-19 12:53:31,625 [om1@group-C5BA1605619E-FollowerState] INFO  impl.RoleInfo (RoleInfo.java:shutdownFollowerState(110)) - om1: shutdown om1@group-C5BA1605619E-FollowerState
2023-04-19 12:53:31,629 [om1@group-C5BA1605619E-FollowerState] INFO  server.RaftServer$Division (RaftServerImpl.java:setRole(321)) - om1@group-C5BA1605619E: changes role from  FOLLOWER to CANDIDATE at term 0 for changeToCandidate
2023-04-19 12:53:31,632 [om1@group-C5BA1605619E-FollowerState] INFO  server.RaftServerConfigKeys (ConfUtils.java:logGet(46)) - raft.server.leaderelection.pre-vote = true (default)
2023-04-19 12:53:31,632 [om1@group-C5BA1605619E-FollowerState] INFO  impl.RoleInfo (RoleInfo.java:updateAndGet(139)) - om1: start om1@group-C5BA1605619E-LeaderElection1
2023-04-19 12:53:31,650 [om1@group-C5BA1605619E-LeaderElection1] INFO  impl.LeaderElection (LeaderElection.java:askForVotes(312)) - om1@group-C5BA1605619E-LeaderElection1 PRE_VOTE round 0: submit vote requests at term 0 for -1: peers:[om1|rpc:localhost:9872|priority:0|startupRole:FOLLOWER]|listeners:[], old=null
2023-04-19 12:53:31,651 [om1@group-C5BA1605619E-LeaderElection1] INFO  impl.LeaderElection (LeaderElection.java:askForVotes(314)) - om1@group-C5BA1605619E-LeaderElection1 PRE_VOTE round 0: result PASSED (term=0)
2023-04-19 12:53:31,654 [om1@group-C5BA1605619E-LeaderElection1] INFO  impl.LeaderElection (LeaderElection.java:askForVotes(312)) - om1@group-C5BA1605619E-LeaderElection1 ELECTION round 0: submit vote requests at term 1 for -1: peers:[om1|rpc:localhost:9872|priority:0|startupRole:FOLLOWER]|listeners:[], old=null
2023-04-19 12:53:31,654 [om1@group-C5BA1605619E-LeaderElection1] INFO  impl.LeaderElection (LeaderElection.java:askForVotes(314)) - om1@group-C5BA1605619E-LeaderElection1 ELECTION round 0: result PASSED (term=1)
2023-04-19 12:53:31,654 [om1@group-C5BA1605619E-LeaderElection1] INFO  impl.RoleInfo (RoleInfo.java:shutdownLeaderElection(130)) - om1: shutdown om1@group-C5BA1605619E-LeaderElection1
2023-04-19 12:53:31,654 [om1@group-C5BA1605619E-LeaderElection1] INFO  server.RaftServer$Division (RaftServerImpl.java:setRole(321)) - om1@group-C5BA1605619E: changes role from CANDIDATE to LEADER at term 1 for changeToLeader
2023-04-19 12:53:31,656 [om1@group-C5BA1605619E-LeaderElection1] INFO  server.RaftServer$Division (ServerState.java:setLeader(313)) - om1@group-C5BA1605619E: change Leader from null to om1 at term 1 for becomeLeader, leader elected after 2210ms
2023-04-19 12:53:31,668 [om1@group-C5BA1605619E-LeaderElection1] INFO  server.RaftServerConfigKeys (ConfUtils.java:logGet(46)) - raft.server.staging.catchup.gap = 1000 (default)
2023-04-19 12:53:31,677 [om1@group-C5BA1605619E-LeaderElection1] INFO  server.RaftServerConfigKeys (ConfUtils.java:logGet(46)) - raft.server.write.element-limit = 4096 (default)
2023-04-19 12:53:31,681 [om1@group-C5BA1605619E-LeaderElection1] INFO  server.RaftServerConfigKeys (ConfUtils.java:logGet(46)) - raft.server.write.byte-limit = 64MB (=67108864) (default)
2023-04-19 12:53:31,690 [om1@group-C5BA1605619E-LeaderElection1] INFO  server.RaftServerConfigKeys (ConfUtils.java:logGet(46)) - raft.server.watch.timeout = 10s (default)
2023-04-19 12:53:31,691 [om1@group-C5BA1605619E-LeaderElection1] INFO  server.RaftServerConfigKeys (ConfUtils.java:logGet(46)) - raft.server.watch.timeout.denomination = 1s (default)
2023-04-19 12:53:31,692 [om1@group-C5BA1605619E-LeaderElection1] INFO  server.RaftServerConfigKeys (ConfUtils.java:logGet(46)) - raft.server.watch.element-limit = 65536 (default)
2023-04-19 12:53:31,703 [om1@group-C5BA1605619E-LeaderElection1] INFO  server.RaftServerConfigKeys (ConfUtils.java:logGet(46)) - raft.server.write.element-limit = 4096 (default)
2023-04-19 12:53:31,707 [om1@group-C5BA1605619E-LeaderElection1] INFO  server.RaftServerConfigKeys (ConfUtils.java:logGet(46)) - raft.server.write.follower.gap.ratio.max = -1.0 (default)
2023-04-19 12:53:31,710 [om1@group-C5BA1605619E-LeaderElection1] INFO  impl.RoleInfo (RoleInfo.java:updateAndGet(139)) - om1: start om1@group-C5BA1605619E-LeaderStateImpl
2023-04-19 12:53:31,744 [om1@group-C5BA1605619E-LeaderElection1] INFO  segmented.SegmentedRaftLogWorker (SegmentedRaftLogWorker.java:startLogSegment(452)) - om1@group-C5BA1605619E-SegmentedRaftLogWorker: Starting segment from index:0
2023-04-19 12:53:31,792 [Listener at 127.0.0.1/41717] INFO  reflections.Reflections (Reflections.java:scan(232)) - Reflections took 149 ms to scan 7 urls, producing 156 keys and 369 values 
2023-04-19 12:53:31,796 [Listener at 127.0.0.1/41717] INFO  statemachine.DatanodeStateMachine (DatanodeStateMachine.java:getEndPointTaskThreadPoolSize(260)) - Datanode State Machine Task Thread Pool size 2
2023-04-19 12:53:31,804 [Listener at 127.0.0.1/41717] INFO  volume.HddsVolume (HddsVolume.java:<init>(130)) - Creating HddsVolume: /home/runner/work/ozone/ozone/hadoop-ozone/integration-test/target/test-dir/MiniOzoneClusterImpl-2b3941d9-6b91-4c70-847f-5d11ff1da94e/datanode-1/data-0/containers/hdds of storage type : DISK capacity : 9223372036854775807
2023-04-19 12:53:31,804 [Listener at 127.0.0.1/41717] INFO  volume.MutableVolumeSet (MutableVolumeSet.java:initializeVolumeSet(175)) - Added Volume : /home/runner/work/ozone/ozone/hadoop-ozone/integration-test/target/test-dir/MiniOzoneClusterImpl-2b3941d9-6b91-4c70-847f-5d11ff1da94e/datanode-1/data-0/containers/hdds to VolumeSet
2023-04-19 12:53:31,804 [Listener at 127.0.0.1/41717] INFO  volume.ThrottledAsyncChecker (ThrottledAsyncChecker.java:schedule(141)) - Scheduling a check for /home/runner/work/ozone/ozone/hadoop-ozone/integration-test/target/test-dir/MiniOzoneClusterImpl-2b3941d9-6b91-4c70-847f-5d11ff1da94e/datanode-1/data-0/containers/hdds
2023-04-19 12:53:31,809 [Listener at 127.0.0.1/41717] INFO  volume.StorageVolumeChecker (StorageVolumeChecker.java:checkAllVolumes(202)) - Scheduled health check for volume /home/runner/work/ozone/ozone/hadoop-ozone/integration-test/target/test-dir/MiniOzoneClusterImpl-2b3941d9-6b91-4c70-847f-5d11ff1da94e/datanode-1/data-0/containers/hdds
2023-04-19 12:53:31,847 [Listener at 127.0.0.1/41717] INFO  volume.MutableVolumeSet (MutableVolumeSet.java:initializeVolumeSet(175)) - Added Volume : /home/runner/work/ozone/ozone/hadoop-ozone/integration-test/target/test-dir/MiniOzoneClusterImpl-2b3941d9-6b91-4c70-847f-5d11ff1da94e/datanode-1/data/ratis to VolumeSet
2023-04-19 12:53:31,847 [Listener at 127.0.0.1/41717] INFO  volume.ThrottledAsyncChecker (ThrottledAsyncChecker.java:schedule(141)) - Scheduling a check for /home/runner/work/ozone/ozone/hadoop-ozone/integration-test/target/test-dir/MiniOzoneClusterImpl-2b3941d9-6b91-4c70-847f-5d11ff1da94e/datanode-1/data/ratis
2023-04-19 12:53:31,847 [Listener at 127.0.0.1/41717] INFO  volume.StorageVolumeChecker (StorageVolumeChecker.java:checkAllVolumes(202)) - Scheduled health check for volume /home/runner/work/ozone/ozone/hadoop-ozone/integration-test/target/test-dir/MiniOzoneClusterImpl-2b3941d9-6b91-4c70-847f-5d11ff1da94e/datanode-1/data/ratis
2023-04-19 12:53:31,853 [om1@group-C5BA1605619E-LeaderElection1] INFO  server.RaftServer$Division (ServerState.java:setRaftConf(430)) - om1@group-C5BA1605619E: set configuration 0: peers:[om1|rpc:localhost:9872|admin:|client:|dataStream:|priority:0|startupRole:FOLLOWER]|listeners:[], old=null
2023-04-19 12:53:31,891 [Thread-154] INFO  ozoneimpl.ContainerReader (ContainerReader.java:readVolume(175)) - Finish verifying containers on volume /home/runner/work/ozone/ozone/hadoop-ozone/integration-test/target/test-dir/MiniOzoneClusterImpl-2b3941d9-6b91-4c70-847f-5d11ff1da94e/datanode-1/data-0/containers/hdds
2023-04-19 12:53:31,893 [Listener at 127.0.0.1/41717] INFO  ozoneimpl.OzoneContainer (OzoneContainer.java:buildContainerSet(303)) - Build ContainerSet costs 0s
2023-04-19 12:53:31,898 [Listener at 127.0.0.1/41717] INFO  server.RaftServer (ConfUtils.java:logGet(46)) - raft.rpc.type = GRPC (default)
2023-04-19 12:53:31,898 [Listener at 127.0.0.1/41717] INFO  grpc.GrpcConfigKeys (ConfUtils.java:logFallback(53)) - raft.grpc.admin.host = null (fallback to raft.grpc.server.host)
2023-04-19 12:53:31,899 [Listener at 127.0.0.1/41717] INFO  grpc.GrpcConfigKeys (ConfUtils.java:logGet(46)) - raft.grpc.admin.port = 0 (custom)
2023-04-19 12:53:31,899 [Listener at 127.0.0.1/41717] INFO  grpc.GrpcConfigKeys (ConfUtils.java:logFallback(53)) - raft.grpc.client.host = null (fallback to raft.grpc.server.host)
2023-04-19 12:53:31,899 [Listener at 127.0.0.1/41717] INFO  grpc.GrpcConfigKeys (ConfUtils.java:logGet(46)) - raft.grpc.client.port = 0 (custom)
2023-04-19 12:53:31,899 [Listener at 127.0.0.1/41717] INFO  grpc.GrpcConfigKeys (ConfUtils.java:logGet(46)) - raft.grpc.server.host = null (default)
2023-04-19 12:53:31,899 [Listener at 127.0.0.1/41717] INFO  grpc.GrpcConfigKeys (ConfUtils.java:logGet(46)) - raft.grpc.server.port = 0 (default)
2023-04-19 12:53:31,899 [Listener at 127.0.0.1/41717] INFO  server.GrpcService (ConfUtils.java:logGet(46)) - raft.grpc.message.size.max = 32MB (=33554432) (custom)
2023-04-19 12:53:31,899 [Listener at 127.0.0.1/41717] INFO  server.RaftServerConfigKeys (ConfUtils.java:logGet(46)) - raft.server.log.appender.buffer.byte-limit = 33554432 (custom)
2023-04-19 12:53:31,899 [Listener at 127.0.0.1/41717] INFO  server.GrpcService (ConfUtils.java:logGet(46)) - raft.grpc.flow.control.window = 5MB (=5242880) (custom)
2023-04-19 12:53:31,900 [Listener at 127.0.0.1/41717] INFO  server.RaftServerConfigKeys (ConfUtils.java:logGet(46)) - raft.server.rpc.request.timeout = 60s (custom)
2023-04-19 12:53:31,900 [Listener at 127.0.0.1/41717] INFO  grpc.GrpcConfigKeys (ConfUtils.java:logGet(46)) - raft.grpc.server.heartbeat.channel = true (default)
2023-04-19 12:53:31,900 [Listener at 127.0.0.1/41717] INFO  grpc.GrpcConfigKeys (ConfUtils.java:logGet(46)) - raft.grpc.server.async.request.thread.pool.cached = true (default)
2023-04-19 12:53:31,900 [Listener at 127.0.0.1/41717] INFO  grpc.GrpcConfigKeys (ConfUtils.java:logGet(46)) - raft.grpc.server.async.request.thread.pool.size = 32 (default)
2023-04-19 12:53:31,903 [Listener at 127.0.0.1/41717] INFO  impl.DataStreamServerImpl (ConfUtils.java:logGet(46)) - raft.datastream.type = NETTY (custom)
2023-04-19 12:53:31,905 [Listener at 127.0.0.1/41717] INFO  server.RaftServerConfigKeys (ConfUtils.java:logGet(46)) - raft.server.data-stream.async.request.thread.pool.cached = false (default)
2023-04-19 12:53:31,905 [Listener at 127.0.0.1/41717] INFO  server.RaftServerConfigKeys (ConfUtils.java:logGet(46)) - raft.server.data-stream.async.request.thread.pool.size = 20 (custom)
2023-04-19 12:53:31,905 [Listener at 127.0.0.1/41717] INFO  server.RaftServerConfigKeys (ConfUtils.java:logGet(46)) - raft.server.data-stream.async.write.thread.pool.size = 16 (default)
2023-04-19 12:53:31,905 [Listener at 127.0.0.1/41717] INFO  server.RaftServerConfigKeys (ConfUtils.java:logGet(46)) - raft.server.data-stream.client.pool.size = 10 (default)
2023-04-19 12:53:31,905 [Listener at 127.0.0.1/41717] INFO  netty.NettyConfigKeys$DataStream (ConfUtils.java:logGet(46)) - raft.netty.dataStream.server.use-epoll = false (default)
2023-04-19 12:53:31,905 [Listener at 127.0.0.1/41717] INFO  netty.NettyConfigKeys$DataStream (ConfUtils.java:logGet(46)) - raft.netty.dataStream.server.boss-group.size = 0 (default)
2023-04-19 12:53:31,909 [Listener at 127.0.0.1/41717] INFO  netty.NettyConfigKeys$DataStream (ConfUtils.java:logGet(46)) - raft.netty.dataStream.server.worker-group.size = 0 (default)
2023-04-19 12:53:31,910 [Listener at 127.0.0.1/41717] INFO  netty.NettyConfigKeys$DataStream (ConfUtils.java:logGet(46)) - raft.netty.dataStream.server.tls.conf = null (default)
2023-04-19 12:53:31,910 [Listener at 127.0.0.1/41717] INFO  netty.NettyConfigKeys$DataStream (ConfUtils.java:logGet(46)) - raft.netty.dataStream.host = null (default)
2023-04-19 12:53:31,911 [Listener at 127.0.0.1/41717] INFO  netty.NettyConfigKeys$DataStream (ConfUtils.java:logGet(46)) - raft.netty.dataStream.port = 0 (default)
2023-04-19 12:53:31,925 [Listener at 127.0.0.1/41717] INFO  server.RaftServerConfigKeys (ConfUtils.java:logGet(46)) - raft.server.threadpool.proxy.cached = true (default)
2023-04-19 12:53:31,926 [Listener at 127.0.0.1/41717] INFO  server.RaftServerConfigKeys (ConfUtils.java:logGet(46)) - raft.server.threadpool.proxy.size = 0 (default)
2023-04-19 12:53:31,926 [48bd3453-a056-4dba-8f3e-044559c7ef64-NettyServerStreamRpc-bossGroup--thread1] INFO  logging.LoggingHandler (AbstractInternalLogger.java:log(148)) - [id: 0xf7f16010] REGISTERED
2023-04-19 12:53:31,927 [48bd3453-a056-4dba-8f3e-044559c7ef64-NettyServerStreamRpc-bossGroup--thread1] INFO  logging.LoggingHandler (AbstractInternalLogger.java:log(148)) - [id: 0xf7f16010] BIND: 0.0.0.0/0.0.0.0:0
2023-04-19 12:53:31,927 [48bd3453-a056-4dba-8f3e-044559c7ef64-NettyServerStreamRpc-bossGroup--thread1] INFO  logging.LoggingHandler (AbstractInternalLogger.java:log(148)) - [id: 0xf7f16010, L:/0:0:0:0:0:0:0:0:42163] ACTIVE
2023-04-19 12:53:31,926 [Listener at 127.0.0.1/41717] INFO  server.RaftServerConfigKeys (ConfUtils.java:logGet(46)) - raft.server.rpc.slowness.timeout = 300s (custom)
2023-04-19 12:53:31,928 [Listener at 127.0.0.1/41717] INFO  server.RaftServerConfigKeys (ConfUtils.java:logGet(46)) - raft.server.leaderelection.leader.step-down.wait-time = 10s (default)
2023-04-19 12:53:31,928 [Listener at 127.0.0.1/41717] INFO  server.RaftServerConfigKeys (ConfUtils.java:logGet(46)) - raft.server.storage.dir = [/home/runner/work/ozone/ozone/hadoop-ozone/integration-test/target/test-dir/MiniOzoneClusterImpl-2b3941d9-6b91-4c70-847f-5d11ff1da94e/datanode-1/data/ratis] (custom)
2023-04-19 12:53:31,935 [Datanode State Machine Task Thread - 0] INFO  datanode.InitDatanodeState (InitDatanodeState.java:persistContainerDatanodeDetails(138)) - DatanodeDetails is persisted to /home/runner/work/ozone/ozone/hadoop-ozone/integration-test/target/test-dir/MiniOzoneClusterImpl-2b3941d9-6b91-4c70-847f-5d11ff1da94e/datanode-0/meta/datanode.id
2023-04-19 12:53:31,938 [Listener at 127.0.0.1/41717] INFO  server.XceiverServerGrpc (XceiverServerGrpc.java:<init>(132)) - GrpcServer channel type EpollServerSocketChannel
2023-04-19 12:53:31,954 [Listener at 127.0.0.1/41717] INFO  http.BaseHttpServer (BaseHttpServer.java:newHttpServer2BuilderForOzone(224)) - Starting Web-server for hddsDatanode at: http://0.0.0.0:0
2023-04-19 12:53:31,955 [Listener at 127.0.0.1/41717] INFO  http.BaseHttpServer (BaseHttpServer.java:<init>(111)) - Hadoop Security Enabled: false Ozone Security Enabled: false Ozone HTTP Security Enabled: false 
2023-04-19 12:53:31,957 [Listener at 127.0.0.1/41717] WARN  server.AuthenticationFilter (AuthenticationFilter.java:constructSecretProvider(240)) - Unable to initialize FileSignerSecretProvider, falling back to use random secrets. Reason: Could not read signature secret file: /home/runner/hadoop-http-auth-signature-secret
2023-04-19 12:53:31,965 [Listener at 127.0.0.1/41717] INFO  http.HttpRequestLog (HttpRequestLog.java:getRequestLog(86)) - Http request log for http.requests.hddsDatanode is not defined
2023-04-19 12:53:31,967 [Listener at 127.0.0.1/41717] INFO  http.HttpServer2 (HttpServer2.java:addGlobalFilter(1031)) - Added global filter 'safety' (class=org.apache.hadoop.hdds.server.http.HttpServer2$QuotingInputFilter)
2023-04-19 12:53:31,968 [Listener at 127.0.0.1/41717] INFO  http.HttpServer2 (HttpServer2.java:addFilter(1007)) - Added filter static_user_filter (class=org.apache.hadoop.http.lib.StaticUserWebFilter$StaticUserFilter) to context hddsDatanode
2023-04-19 12:53:31,968 [Listener at 127.0.0.1/41717] INFO  http.HttpServer2 (HttpServer2.java:addFilter(1015)) - Added filter static_user_filter (class=org.apache.hadoop.http.lib.StaticUserWebFilter$StaticUserFilter) to context logs
2023-04-19 12:53:31,968 [Listener at 127.0.0.1/41717] INFO  http.HttpServer2 (HttpServer2.java:addFilter(1015)) - Added filter static_user_filter (class=org.apache.hadoop.http.lib.StaticUserWebFilter$StaticUserFilter) to context static
2023-04-19 12:53:31,969 [Listener at 127.0.0.1/41717] INFO  http.BaseHttpServer (BaseHttpServer.java:<init>(190)) - HTTP server of hddsDatanode uses base directory /home/runner/work/ozone/ozone/hadoop-ozone/integration-test/target/test-dir/MiniOzoneClusterImpl-2b3941d9-6b91-4c70-847f-5d11ff1da94e/datanode-1/meta/webserver
2023-04-19 12:53:31,970 [Listener at 127.0.0.1/41717] INFO  http.HttpServer2 (HttpServer2.java:bindListener(1250)) - Jetty bound to port 34209
2023-04-19 12:53:31,970 [Listener at 127.0.0.1/41717] INFO  server.Server (Server.java:doStart(375)) - jetty-9.4.49.v20220914; built: 2022-09-14T01:07:36.601Z; git: 4231a3b2e4cb8548a412a789936d640a97b1aa0a; jvm 1.8.0_362-b09
2023-04-19 12:53:31,972 [om1@group-C5BA1605619E-SegmentedRaftLogWorker] INFO  segmented.SegmentedRaftLogWorker (SegmentedRaftLogWorker.java:execute(656)) - om1@group-C5BA1605619E-SegmentedRaftLogWorker: created new log segment /home/runner/work/ozone/ozone/hadoop-ozone/integration-test/target/test-dir/MiniOzoneClusterImpl-2b3941d9-6b91-4c70-847f-5d11ff1da94e/ozone-meta/ratis/bf265839-605b-3f16-9796-c5ba1605619e/current/log_inprogress_0
2023-04-19 12:53:31,981 [Listener at 127.0.0.1/41717] INFO  server.session (DefaultSessionIdManager.java:doStart(334)) - DefaultSessionIdManager workerName=node0
2023-04-19 12:53:31,981 [Listener at 127.0.0.1/41717] INFO  server.session (DefaultSessionIdManager.java:doStart(339)) - No SessionScavenger set, using defaults
2023-04-19 12:53:31,981 [Listener at 127.0.0.1/41717] INFO  server.session (HouseKeeper.java:startScavenging(132)) - node0 Scavenging every 600000ms
2023-04-19 12:53:31,983 [Listener at 127.0.0.1/41717] INFO  handler.ContextHandler (ContextHandler.java:doStart(921)) - Started o.e.j.s.ServletContextHandler@7de621f{logs,/logs,file:///home/runner/work/ozone/ozone/hadoop-ozone/integration-test/target/log,AVAILABLE}
2023-04-19 12:53:31,983 [Listener at 127.0.0.1/41717] INFO  handler.ContextHandler (ContextHandler.java:doStart(921)) - Started o.e.j.s.ServletContextHandler@22651b3a{static,/static,jar:file:/home/runner/.m2/repository/org/apache/ozone/hdds-container-service/1.4.0-SNAPSHOT/hdds-container-service-1.4.0-SNAPSHOT.jar!/webapps/static,AVAILABLE}
2023-04-19 12:53:32,094 [om1@group-C5BA1605619E-StateMachineUpdater] INFO  ratis.OzoneManagerStateMachine (OzoneManagerStateMachine.java:notifyConfigurationChanged(200)) - Received Configuration change notification from Ratis. New Peer list:
[id: "om1"
address: "localhost:9872"
startupRole: FOLLOWER
]
2023-04-19 12:53:32,216 [Listener at 127.0.0.1/41717] INFO  handler.ContextHandler (ContextHandler.java:doStart(921)) - Started o.e.j.w.WebAppContext@170f6972{hddsDatanode,/,file:///home/runner/work/ozone/ozone/hadoop-ozone/integration-test/target/test-dir/MiniOzoneClusterImpl-2b3941d9-6b91-4c70-847f-5d11ff1da94e/datanode-1/meta/webserver/jetty-0_0_0_0-34209-hdds-container-service-1_4_0-SNAPSHOT_jar-_-any-4636696493464578652/webapp/,AVAILABLE}{jar:file:/home/runner/.m2/repository/org/apache/ozone/hdds-container-service/1.4.0-SNAPSHOT/hdds-container-service-1.4.0-SNAPSHOT.jar!/webapps/hddsDatanode}
2023-04-19 12:53:32,219 [Listener at 127.0.0.1/41717] INFO  server.AbstractConnector (AbstractConnector.java:doStart(333)) - Started ServerConnector@75b1d734{HTTP/1.1, (http/1.1)}{0.0.0.0:34209}
2023-04-19 12:53:32,219 [Listener at 127.0.0.1/41717] INFO  server.Server (Server.java:doStart(415)) - Started @9008ms
2023-04-19 12:53:32,219 [Listener at 127.0.0.1/41717] WARN  impl.MetricsSystemImpl (MetricsSystemImpl.java:register(279)) - Sink prometheus already exists!
2023-04-19 12:53:32,220 [Listener at 127.0.0.1/41717] INFO  http.BaseHttpServer (BaseHttpServer.java:updateConnectorAddress(344)) - HTTP server of hddsDatanode listening at http://0.0.0.0:34209
2023-04-19 12:53:32,225 [Listener at 127.0.0.1/41717] WARN  impl.MetricRegistriesImpl (MetricRegistriesImpl.java:addReporterRegistration(111)) - New reporters are added after registries were created. Some metrics will be missing from the reporter. Please add reporter before adding any new registry.
2023-04-19 12:53:32,225 [Listener at 127.0.0.1/41717] WARN  impl.MetricRegistriesImpl (MetricRegistriesImpl.java:addReporterRegistration(111)) - New reporters are added after registries were created. Some metrics will be missing from the reporter. Please add reporter before adding any new registry.
2023-04-19 12:53:32,225 [Listener at 127.0.0.1/41717] INFO  impl.MetricsSystemImpl (MetricsSystemImpl.java:init(158)) - HddsDatanode metrics system started (again)
2023-04-19 12:53:32,228 [Datanode State Machine Daemon Thread] INFO  statemachine.DatanodeStateMachine (DatanodeStateMachine.java:lambda$startDaemon$0(517)) - Ozone container server started.
2023-04-19 12:53:32,239 [Listener at 127.0.0.1/41717] INFO  ozone.HddsDatanodeService (HddsDatanodeService.java:start(252)) - HddsDatanodeService host:fv-az625-389 ip:10.1.0.41
2023-04-19 12:53:32,251 [org.apache.hadoop.util.JvmPauseMonitor$Monitor@68e7cb2e] INFO  util.JvmPauseMonitor (JvmPauseMonitor.java:run(188)) - Starting JVM pause monitor
2023-04-19 12:53:32,264 [Listener at 127.0.0.1/41717] INFO  upgrade.AbstractLayoutVersionManager (AbstractLayoutVersionManager.java:init(83)) - Initializing Layout version manager with metadata layout = WEBUI_PORTS_IN_DATANODEDETAILS (version = 6), software layout = WEBUI_PORTS_IN_DATANODEDETAILS (version = 6)
2023-04-19 12:53:32,278 [Datanode State Machine Task Thread - 0] INFO  datanode.InitDatanodeState (InitDatanodeState.java:persistContainerDatanodeDetails(138)) - DatanodeDetails is persisted to /home/runner/work/ozone/ozone/hadoop-ozone/integration-test/target/test-dir/MiniOzoneClusterImpl-2b3941d9-6b91-4c70-847f-5d11ff1da94e/datanode-1/meta/datanode.id
2023-04-19 12:53:32,328 [Listener at 127.0.0.1/41717] INFO  reflections.Reflections (Reflections.java:scan(232)) - Reflections took 58 ms to scan 7 urls, producing 156 keys and 369 values 
2023-04-19 12:53:32,334 [Listener at 127.0.0.1/41717] INFO  statemachine.DatanodeStateMachine (DatanodeStateMachine.java:getEndPointTaskThreadPoolSize(260)) - Datanode State Machine Task Thread Pool size 2
2023-04-19 12:53:32,338 [Listener at 127.0.0.1/41717] INFO  volume.HddsVolume (HddsVolume.java:<init>(130)) - Creating HddsVolume: /home/runner/work/ozone/ozone/hadoop-ozone/integration-test/target/test-dir/MiniOzoneClusterImpl-2b3941d9-6b91-4c70-847f-5d11ff1da94e/datanode-2/data-0/containers/hdds of storage type : DISK capacity : 9223372036854775807
2023-04-19 12:53:32,338 [Listener at 127.0.0.1/41717] INFO  volume.MutableVolumeSet (MutableVolumeSet.java:initializeVolumeSet(175)) - Added Volume : /home/runner/work/ozone/ozone/hadoop-ozone/integration-test/target/test-dir/MiniOzoneClusterImpl-2b3941d9-6b91-4c70-847f-5d11ff1da94e/datanode-2/data-0/containers/hdds to VolumeSet
2023-04-19 12:53:32,339 [Listener at 127.0.0.1/41717] INFO  volume.ThrottledAsyncChecker (ThrottledAsyncChecker.java:schedule(141)) - Scheduling a check for /home/runner/work/ozone/ozone/hadoop-ozone/integration-test/target/test-dir/MiniOzoneClusterImpl-2b3941d9-6b91-4c70-847f-5d11ff1da94e/datanode-2/data-0/containers/hdds
2023-04-19 12:53:32,341 [Listener at 127.0.0.1/41717] INFO  volume.StorageVolumeChecker (StorageVolumeChecker.java:checkAllVolumes(202)) - Scheduled health check for volume /home/runner/work/ozone/ozone/hadoop-ozone/integration-test/target/test-dir/MiniOzoneClusterImpl-2b3941d9-6b91-4c70-847f-5d11ff1da94e/datanode-2/data-0/containers/hdds
2023-04-19 12:53:32,355 [Listener at 127.0.0.1/41717] INFO  volume.MutableVolumeSet (MutableVolumeSet.java:initializeVolumeSet(175)) - Added Volume : /home/runner/work/ozone/ozone/hadoop-ozone/integration-test/target/test-dir/MiniOzoneClusterImpl-2b3941d9-6b91-4c70-847f-5d11ff1da94e/datanode-2/data/ratis to VolumeSet
2023-04-19 12:53:32,355 [Listener at 127.0.0.1/41717] INFO  volume.ThrottledAsyncChecker (ThrottledAsyncChecker.java:schedule(141)) - Scheduling a check for /home/runner/work/ozone/ozone/hadoop-ozone/integration-test/target/test-dir/MiniOzoneClusterImpl-2b3941d9-6b91-4c70-847f-5d11ff1da94e/datanode-2/data/ratis
2023-04-19 12:53:32,356 [Listener at 127.0.0.1/41717] INFO  volume.StorageVolumeChecker (StorageVolumeChecker.java:checkAllVolumes(202)) - Scheduled health check for volume /home/runner/work/ozone/ozone/hadoop-ozone/integration-test/target/test-dir/MiniOzoneClusterImpl-2b3941d9-6b91-4c70-847f-5d11ff1da94e/datanode-2/data/ratis
2023-04-19 12:53:32,369 [Thread-168] INFO  ozoneimpl.ContainerReader (ContainerReader.java:readVolume(175)) - Finish verifying containers on volume /home/runner/work/ozone/ozone/hadoop-ozone/integration-test/target/test-dir/MiniOzoneClusterImpl-2b3941d9-6b91-4c70-847f-5d11ff1da94e/datanode-2/data-0/containers/hdds
2023-04-19 12:53:32,369 [Listener at 127.0.0.1/41717] INFO  ozoneimpl.OzoneContainer (OzoneContainer.java:buildContainerSet(303)) - Build ContainerSet costs 0s
2023-04-19 12:53:32,373 [Listener at 127.0.0.1/41717] INFO  server.RaftServer (ConfUtils.java:logGet(46)) - raft.rpc.type = GRPC (default)
2023-04-19 12:53:32,373 [Listener at 127.0.0.1/41717] INFO  grpc.GrpcConfigKeys (ConfUtils.java:logFallback(53)) - raft.grpc.admin.host = null (fallback to raft.grpc.server.host)
2023-04-19 12:53:32,375 [Listener at 127.0.0.1/41717] INFO  grpc.GrpcConfigKeys (ConfUtils.java:logGet(46)) - raft.grpc.admin.port = 0 (custom)
2023-04-19 12:53:32,375 [Listener at 127.0.0.1/41717] INFO  grpc.GrpcConfigKeys (ConfUtils.java:logFallback(53)) - raft.grpc.client.host = null (fallback to raft.grpc.server.host)
2023-04-19 12:53:32,375 [Listener at 127.0.0.1/41717] INFO  grpc.GrpcConfigKeys (ConfUtils.java:logGet(46)) - raft.grpc.client.port = 0 (custom)
2023-04-19 12:53:32,376 [Listener at 127.0.0.1/41717] INFO  grpc.GrpcConfigKeys (ConfUtils.java:logGet(46)) - raft.grpc.server.host = null (default)
2023-04-19 12:53:32,376 [Listener at 127.0.0.1/41717] INFO  grpc.GrpcConfigKeys (ConfUtils.java:logGet(46)) - raft.grpc.server.port = 0 (default)
2023-04-19 12:53:32,376 [Listener at 127.0.0.1/41717] INFO  server.GrpcService (ConfUtils.java:logGet(46)) - raft.grpc.message.size.max = 32MB (=33554432) (custom)
2023-04-19 12:53:32,376 [Listener at 127.0.0.1/41717] INFO  server.RaftServerConfigKeys (ConfUtils.java:logGet(46)) - raft.server.log.appender.buffer.byte-limit = 33554432 (custom)
2023-04-19 12:53:32,377 [Listener at 127.0.0.1/41717] INFO  server.GrpcService (ConfUtils.java:logGet(46)) - raft.grpc.flow.control.window = 5MB (=5242880) (custom)
2023-04-19 12:53:32,377 [Listener at 127.0.0.1/41717] INFO  server.RaftServerConfigKeys (ConfUtils.java:logGet(46)) - raft.server.rpc.request.timeout = 60s (custom)
2023-04-19 12:53:32,377 [Listener at 127.0.0.1/41717] INFO  grpc.GrpcConfigKeys (ConfUtils.java:logGet(46)) - raft.grpc.server.heartbeat.channel = true (default)
2023-04-19 12:53:32,377 [Listener at 127.0.0.1/41717] INFO  grpc.GrpcConfigKeys (ConfUtils.java:logGet(46)) - raft.grpc.server.async.request.thread.pool.cached = true (default)
2023-04-19 12:53:32,379 [Listener at 127.0.0.1/41717] INFO  grpc.GrpcConfigKeys (ConfUtils.java:logGet(46)) - raft.grpc.server.async.request.thread.pool.size = 32 (default)
2023-04-19 12:53:32,380 [Listener at 127.0.0.1/41717] INFO  impl.DataStreamServerImpl (ConfUtils.java:logGet(46)) - raft.datastream.type = NETTY (custom)
2023-04-19 12:53:32,381 [Listener at 127.0.0.1/41717] INFO  server.RaftServerConfigKeys (ConfUtils.java:logGet(46)) - raft.server.data-stream.async.request.thread.pool.cached = false (default)
2023-04-19 12:53:32,381 [Listener at 127.0.0.1/41717] INFO  server.RaftServerConfigKeys (ConfUtils.java:logGet(46)) - raft.server.data-stream.async.request.thread.pool.size = 20 (custom)
2023-04-19 12:53:32,381 [Listener at 127.0.0.1/41717] INFO  server.RaftServerConfigKeys (ConfUtils.java:logGet(46)) - raft.server.data-stream.async.write.thread.pool.size = 16 (default)
2023-04-19 12:53:32,381 [Listener at 127.0.0.1/41717] INFO  server.RaftServerConfigKeys (ConfUtils.java:logGet(46)) - raft.server.data-stream.client.pool.size = 10 (default)
2023-04-19 12:53:32,381 [Listener at 127.0.0.1/41717] INFO  netty.NettyConfigKeys$DataStream (ConfUtils.java:logGet(46)) - raft.netty.dataStream.server.use-epoll = false (default)
2023-04-19 12:53:32,382 [Listener at 127.0.0.1/41717] INFO  netty.NettyConfigKeys$DataStream (ConfUtils.java:logGet(46)) - raft.netty.dataStream.server.boss-group.size = 0 (default)
2023-04-19 12:53:32,383 [Listener at 127.0.0.1/41717] INFO  netty.NettyConfigKeys$DataStream (ConfUtils.java:logGet(46)) - raft.netty.dataStream.server.worker-group.size = 0 (default)
2023-04-19 12:53:32,383 [Listener at 127.0.0.1/41717] INFO  netty.NettyConfigKeys$DataStream (ConfUtils.java:logGet(46)) - raft.netty.dataStream.server.tls.conf = null (default)
2023-04-19 12:53:32,383 [Listener at 127.0.0.1/41717] INFO  netty.NettyConfigKeys$DataStream (ConfUtils.java:logGet(46)) - raft.netty.dataStream.host = null (default)
2023-04-19 12:53:32,383 [Listener at 127.0.0.1/41717] INFO  netty.NettyConfigKeys$DataStream (ConfUtils.java:logGet(46)) - raft.netty.dataStream.port = 0 (default)
2023-04-19 12:53:32,385 [Listener at 127.0.0.1/41717] INFO  server.RaftServerConfigKeys (ConfUtils.java:logGet(46)) - raft.server.threadpool.proxy.cached = true (default)
2023-04-19 12:53:32,385 [Listener at 127.0.0.1/41717] INFO  server.RaftServerConfigKeys (ConfUtils.java:logGet(46)) - raft.server.threadpool.proxy.size = 0 (default)
2023-04-19 12:53:32,385 [Listener at 127.0.0.1/41717] INFO  server.RaftServerConfigKeys (ConfUtils.java:logGet(46)) - raft.server.rpc.slowness.timeout = 300s (custom)
2023-04-19 12:53:32,385 [Listener at 127.0.0.1/41717] INFO  server.RaftServerConfigKeys (ConfUtils.java:logGet(46)) - raft.server.leaderelection.leader.step-down.wait-time = 10s (default)
2023-04-19 12:53:32,385 [Listener at 127.0.0.1/41717] INFO  server.RaftServerConfigKeys (ConfUtils.java:logGet(46)) - raft.server.storage.dir = [/home/runner/work/ozone/ozone/hadoop-ozone/integration-test/target/test-dir/MiniOzoneClusterImpl-2b3941d9-6b91-4c70-847f-5d11ff1da94e/datanode-2/data/ratis] (custom)
2023-04-19 12:53:32,393 [864cfdb0-59f4-4b05-be68-a0956d5d2530-NettyServerStreamRpc-bossGroup--thread1] INFO  logging.LoggingHandler (AbstractInternalLogger.java:log(148)) - [id: 0xc58c7a1c] REGISTERED
2023-04-19 12:53:32,393 [864cfdb0-59f4-4b05-be68-a0956d5d2530-NettyServerStreamRpc-bossGroup--thread1] INFO  logging.LoggingHandler (AbstractInternalLogger.java:log(148)) - [id: 0xc58c7a1c] BIND: 0.0.0.0/0.0.0.0:0
2023-04-19 12:53:32,393 [864cfdb0-59f4-4b05-be68-a0956d5d2530-NettyServerStreamRpc-bossGroup--thread1] INFO  logging.LoggingHandler (AbstractInternalLogger.java:log(148)) - [id: 0xc58c7a1c, L:/0:0:0:0:0:0:0:0:40457] ACTIVE
2023-04-19 12:53:32,395 [Listener at 127.0.0.1/41717] INFO  server.XceiverServerGrpc (XceiverServerGrpc.java:<init>(132)) - GrpcServer channel type EpollServerSocketChannel
2023-04-19 12:53:32,404 [Listener at 127.0.0.1/41717] INFO  http.BaseHttpServer (BaseHttpServer.java:newHttpServer2BuilderForOzone(224)) - Starting Web-server for hddsDatanode at: http://0.0.0.0:0
2023-04-19 12:53:32,404 [Listener at 127.0.0.1/41717] INFO  http.BaseHttpServer (BaseHttpServer.java:<init>(111)) - Hadoop Security Enabled: false Ozone Security Enabled: false Ozone HTTP Security Enabled: false 
2023-04-19 12:53:32,406 [Listener at 127.0.0.1/41717] WARN  server.AuthenticationFilter (AuthenticationFilter.java:constructSecretProvider(240)) - Unable to initialize FileSignerSecretProvider, falling back to use random secrets. Reason: Could not read signature secret file: /home/runner/hadoop-http-auth-signature-secret
2023-04-19 12:53:32,408 [Listener at 127.0.0.1/41717] INFO  http.HttpRequestLog (HttpRequestLog.java:getRequestLog(86)) - Http request log for http.requests.hddsDatanode is not defined
2023-04-19 12:53:32,410 [Listener at 127.0.0.1/41717] INFO  http.HttpServer2 (HttpServer2.java:addGlobalFilter(1031)) - Added global filter 'safety' (class=org.apache.hadoop.hdds.server.http.HttpServer2$QuotingInputFilter)
2023-04-19 12:53:32,412 [Listener at 127.0.0.1/41717] INFO  http.HttpServer2 (HttpServer2.java:addFilter(1007)) - Added filter static_user_filter (class=org.apache.hadoop.http.lib.StaticUserWebFilter$StaticUserFilter) to context hddsDatanode
2023-04-19 12:53:32,412 [Listener at 127.0.0.1/41717] INFO  http.HttpServer2 (HttpServer2.java:addFilter(1015)) - Added filter static_user_filter (class=org.apache.hadoop.http.lib.StaticUserWebFilter$StaticUserFilter) to context static
2023-04-19 12:53:32,412 [Listener at 127.0.0.1/41717] INFO  http.HttpServer2 (HttpServer2.java:addFilter(1015)) - Added filter static_user_filter (class=org.apache.hadoop.http.lib.StaticUserWebFilter$StaticUserFilter) to context logs
2023-04-19 12:53:32,413 [Listener at 127.0.0.1/41717] INFO  http.BaseHttpServer (BaseHttpServer.java:<init>(190)) - HTTP server of hddsDatanode uses base directory /home/runner/work/ozone/ozone/hadoop-ozone/integration-test/target/test-dir/MiniOzoneClusterImpl-2b3941d9-6b91-4c70-847f-5d11ff1da94e/datanode-2/meta/webserver
2023-04-19 12:53:32,413 [Listener at 127.0.0.1/41717] INFO  http.HttpServer2 (HttpServer2.java:bindListener(1250)) - Jetty bound to port 42401
2023-04-19 12:53:32,413 [Listener at 127.0.0.1/41717] INFO  server.Server (Server.java:doStart(375)) - jetty-9.4.49.v20220914; built: 2022-09-14T01:07:36.601Z; git: 4231a3b2e4cb8548a412a789936d640a97b1aa0a; jvm 1.8.0_362-b09
2023-04-19 12:53:32,417 [Listener at 127.0.0.1/41717] INFO  server.session (DefaultSessionIdManager.java:doStart(334)) - DefaultSessionIdManager workerName=node0
2023-04-19 12:53:32,417 [Listener at 127.0.0.1/41717] INFO  server.session (DefaultSessionIdManager.java:doStart(339)) - No SessionScavenger set, using defaults
2023-04-19 12:53:32,417 [Listener at 127.0.0.1/41717] INFO  server.session (HouseKeeper.java:startScavenging(132)) - node0 Scavenging every 600000ms
2023-04-19 12:53:32,419 [Listener at 127.0.0.1/41717] INFO  handler.ContextHandler (ContextHandler.java:doStart(921)) - Started o.e.j.s.ServletContextHandler@2486c31f{logs,/logs,file:///home/runner/work/ozone/ozone/hadoop-ozone/integration-test/target/log,AVAILABLE}
2023-04-19 12:53:32,419 [Listener at 127.0.0.1/41717] INFO  handler.ContextHandler (ContextHandler.java:doStart(921)) - Started o.e.j.s.ServletContextHandler@4dcf6e87{static,/static,jar:file:/home/runner/.m2/repository/org/apache/ozone/hdds-container-service/1.4.0-SNAPSHOT/hdds-container-service-1.4.0-SNAPSHOT.jar!/webapps/static,AVAILABLE}
2023-04-19 12:53:32,611 [Listener at 127.0.0.1/41717] INFO  handler.ContextHandler (ContextHandler.java:doStart(921)) - Started o.e.j.w.WebAppContext@776f4f35{hddsDatanode,/,file:///home/runner/work/ozone/ozone/hadoop-ozone/integration-test/target/test-dir/MiniOzoneClusterImpl-2b3941d9-6b91-4c70-847f-5d11ff1da94e/datanode-2/meta/webserver/jetty-0_0_0_0-42401-hdds-container-service-1_4_0-SNAPSHOT_jar-_-any-6000120937333085586/webapp/,AVAILABLE}{jar:file:/home/runner/.m2/repository/org/apache/ozone/hdds-container-service/1.4.0-SNAPSHOT/hdds-container-service-1.4.0-SNAPSHOT.jar!/webapps/hddsDatanode}
2023-04-19 12:53:32,613 [Listener at 127.0.0.1/41717] INFO  server.AbstractConnector (AbstractConnector.java:doStart(333)) - Started ServerConnector@553c2c70{HTTP/1.1, (http/1.1)}{0.0.0.0:42401}
2023-04-19 12:53:32,613 [Listener at 127.0.0.1/41717] INFO  server.Server (Server.java:doStart(415)) - Started @9402ms
2023-04-19 12:53:32,613 [Listener at 127.0.0.1/41717] WARN  impl.MetricsSystemImpl (MetricsSystemImpl.java:register(279)) - Sink prometheus already exists!
2023-04-19 12:53:32,614 [Listener at 127.0.0.1/41717] INFO  http.BaseHttpServer (BaseHttpServer.java:updateConnectorAddress(344)) - HTTP server of hddsDatanode listening at http://0.0.0.0:42401
2023-04-19 12:53:32,621 [Listener at 127.0.0.1/41717] INFO  ozone.MiniOzoneClusterImpl (MiniOzoneClusterImpl.java:lambda$waitForClusterToBeReady$0(222)) - Waiting for nodes to be ready. Got 0 of 3 DN Heartbeats.
2023-04-19 12:53:32,621 [Listener at 127.0.0.1/41717] INFO  ozone.MiniOzoneClusterImpl (MiniOzoneClusterImpl.java:lambda$waitForClusterToBeReady$0(225)) - Waiting for cluster to exit safe mode
2023-04-19 12:53:32,621 [Listener at 127.0.0.1/41717] INFO  ozone.MiniOzoneClusterImpl (MiniOzoneClusterImpl.java:lambda$waitForClusterToBeReady$0(227)) - SCM became leader
2023-04-19 12:53:32,621 [Datanode State Machine Daemon Thread] INFO  statemachine.DatanodeStateMachine (DatanodeStateMachine.java:lambda$startDaemon$0(517)) - Ozone container server started.
2023-04-19 12:53:32,643 [org.apache.hadoop.util.JvmPauseMonitor$Monitor@4865e8cb] INFO  util.JvmPauseMonitor (JvmPauseMonitor.java:run(188)) - Starting JVM pause monitor
2023-04-19 12:53:32,647 [Datanode State Machine Task Thread - 0] INFO  datanode.InitDatanodeState (InitDatanodeState.java:persistContainerDatanodeDetails(138)) - DatanodeDetails is persisted to /home/runner/work/ozone/ozone/hadoop-ozone/integration-test/target/test-dir/MiniOzoneClusterImpl-2b3941d9-6b91-4c70-847f-5d11ff1da94e/datanode-2/meta/datanode.id
2023-04-19 12:53:33,621 [Listener at 127.0.0.1/41717] INFO  ozone.MiniOzoneClusterImpl (MiniOzoneClusterImpl.java:lambda$waitForClusterToBeReady$0(222)) - Waiting for nodes to be ready. Got 0 of 3 DN Heartbeats.
2023-04-19 12:53:33,622 [Listener at 127.0.0.1/41717] INFO  ozone.MiniOzoneClusterImpl (MiniOzoneClusterImpl.java:lambda$waitForClusterToBeReady$0(225)) - Waiting for cluster to exit safe mode
2023-04-19 12:53:33,622 [Listener at 127.0.0.1/41717] INFO  ozone.MiniOzoneClusterImpl (MiniOzoneClusterImpl.java:lambda$waitForClusterToBeReady$0(227)) - SCM became leader
2023-04-19 12:53:33,726 [EndpointStateMachine task thread for /0.0.0.0:43909 - 0 ] INFO  utils.DatanodeStoreCache (DatanodeStoreCache.java:addDB(58)) - Added db /home/runner/work/ozone/ozone/hadoop-ozone/integration-test/target/test-dir/MiniOzoneClusterImpl-2b3941d9-6b91-4c70-847f-5d11ff1da94e/datanode-0/data-0/containers/hdds/2b3941d9-6b91-4c70-847f-5d11ff1da94e/DS-33afd83b-fe71-4314-8d2b-9667d4f13e69/container.db to cache
2023-04-19 12:53:33,726 [EndpointStateMachine task thread for /0.0.0.0:43909 - 0 ] INFO  volume.HddsVolume (HddsVolume.java:createDbStore(350)) - SchemaV3 db is created and loaded at /home/runner/work/ozone/ozone/hadoop-ozone/integration-test/target/test-dir/MiniOzoneClusterImpl-2b3941d9-6b91-4c70-847f-5d11ff1da94e/datanode-0/data-0/containers/hdds/2b3941d9-6b91-4c70-847f-5d11ff1da94e/DS-33afd83b-fe71-4314-8d2b-9667d4f13e69/container.db for volume DS-33afd83b-fe71-4314-8d2b-9667d4f13e69
2023-04-19 12:53:33,728 [EndpointStateMachine task thread for /0.0.0.0:43909 - 0 ] INFO  ozoneimpl.OzoneContainer (OzoneContainer.java:start(397)) - Attempting to start container services.
2023-04-19 12:53:33,731 [EndpointStateMachine task thread for /0.0.0.0:43909 - 0 ] INFO  ozoneimpl.OzoneContainer (OzoneContainer.java:startContainerScrub(314)) - Scheduled background container scanners and the on-demand container scanner have been disabled.
2023-04-19 12:53:33,733 [EndpointStateMachine task thread for /0.0.0.0:43909 - 0 ] INFO  replication.ReplicationServer (ReplicationServer.java:start(109)) - ReplicationServer is started using port 45451
2023-04-19 12:53:33,734 [EndpointStateMachine task thread for /0.0.0.0:43909 - 0 ] INFO  ratis.XceiverServerRatis (XceiverServerRatis.java:start(517)) - Starting XceiverServerRatis e66947f2-c2f9-4763-81b4-1d75eb6bddc4
2023-04-19 12:53:33,739 [EndpointStateMachine task thread for /0.0.0.0:43909 - 0 ] INFO  server.RaftServer (RaftServerProxy.java:startImpl(393)) - e66947f2-c2f9-4763-81b4-1d75eb6bddc4: start RPC server
2023-04-19 12:53:33,742 [EndpointStateMachine task thread for /0.0.0.0:43909 - 0 ] INFO  server.GrpcService (GrpcService.java:startImpl(262)) - e66947f2-c2f9-4763-81b4-1d75eb6bddc4: GrpcService started, listening on 41491
2023-04-19 12:53:33,744 [EndpointStateMachine task thread for /0.0.0.0:43909 - 0 ] INFO  ratis.XceiverServerRatis (XceiverServerRatis.java:getRealPort(543)) - XceiverServerRatis e66947f2-c2f9-4763-81b4-1d75eb6bddc4 is started using port 41491 for RATIS
2023-04-19 12:53:33,744 [EndpointStateMachine task thread for /0.0.0.0:43909 - 0 ] INFO  ratis.XceiverServerRatis (XceiverServerRatis.java:getRealPort(543)) - XceiverServerRatis e66947f2-c2f9-4763-81b4-1d75eb6bddc4 is started using port 41491 for RATIS_ADMIN
2023-04-19 12:53:33,744 [EndpointStateMachine task thread for /0.0.0.0:43909 - 0 ] INFO  ratis.XceiverServerRatis (XceiverServerRatis.java:getRealPort(543)) - XceiverServerRatis e66947f2-c2f9-4763-81b4-1d75eb6bddc4 is started using port 41491 for RATIS_SERVER
2023-04-19 12:53:33,744 [EndpointStateMachine task thread for /0.0.0.0:43909 - 0 ] INFO  ratis.XceiverServerRatis (XceiverServerRatis.java:getRealPort(543)) - XceiverServerRatis e66947f2-c2f9-4763-81b4-1d75eb6bddc4 is started using port 34879 for RATIS_DATASTREAM
2023-04-19 12:53:33,744 [JvmPauseMonitor1] INFO  util.JvmPauseMonitor (JvmPauseMonitor.java:run(105)) - JvmPauseMonitor-e66947f2-c2f9-4763-81b4-1d75eb6bddc4: Started
2023-04-19 12:53:33,746 [EndpointStateMachine task thread for /0.0.0.0:43909 - 0 ] INFO  server.XceiverServerGrpc (XceiverServerGrpc.java:start(180)) - XceiverServerGrpc e66947f2-c2f9-4763-81b4-1d75eb6bddc4 is started using port 37647
2023-04-19 12:53:33,755 [BlockDeletingService#0] INFO  interfaces.ContainerDeletionChoosingPolicyTemplate (ContainerDeletionChoosingPolicyTemplate.java:chooseContainerForBlockDeletion(83)) - Chosen 0/5000 blocks from 0 candidate containers.
2023-04-19 12:53:34,285 [EndpointStateMachine task thread for /0.0.0.0:43909 - 0 ] INFO  utils.DatanodeStoreCache (DatanodeStoreCache.java:addDB(58)) - Added db /home/runner/work/ozone/ozone/hadoop-ozone/integration-test/target/test-dir/MiniOzoneClusterImpl-2b3941d9-6b91-4c70-847f-5d11ff1da94e/datanode-1/data-0/containers/hdds/2b3941d9-6b91-4c70-847f-5d11ff1da94e/DS-99533917-3d6e-403b-8d9b-0131fe55ede2/container.db to cache
2023-04-19 12:53:34,285 [EndpointStateMachine task thread for /0.0.0.0:43909 - 0 ] INFO  volume.HddsVolume (HddsVolume.java:createDbStore(350)) - SchemaV3 db is created and loaded at /home/runner/work/ozone/ozone/hadoop-ozone/integration-test/target/test-dir/MiniOzoneClusterImpl-2b3941d9-6b91-4c70-847f-5d11ff1da94e/datanode-1/data-0/containers/hdds/2b3941d9-6b91-4c70-847f-5d11ff1da94e/DS-99533917-3d6e-403b-8d9b-0131fe55ede2/container.db for volume DS-99533917-3d6e-403b-8d9b-0131fe55ede2
2023-04-19 12:53:34,289 [EndpointStateMachine task thread for /0.0.0.0:43909 - 0 ] INFO  ozoneimpl.OzoneContainer (OzoneContainer.java:start(397)) - Attempting to start container services.
2023-04-19 12:53:34,289 [EndpointStateMachine task thread for /0.0.0.0:43909 - 0 ] INFO  ozoneimpl.OzoneContainer (OzoneContainer.java:startContainerScrub(314)) - Scheduled background container scanners and the on-demand container scanner have been disabled.
2023-04-19 12:53:34,291 [EndpointStateMachine task thread for /0.0.0.0:43909 - 0 ] INFO  replication.ReplicationServer (ReplicationServer.java:start(109)) - ReplicationServer is started using port 38055
2023-04-19 12:53:34,291 [EndpointStateMachine task thread for /0.0.0.0:43909 - 0 ] INFO  ratis.XceiverServerRatis (XceiverServerRatis.java:start(517)) - Starting XceiverServerRatis 48bd3453-a056-4dba-8f3e-044559c7ef64
2023-04-19 12:53:34,293 [EndpointStateMachine task thread for /0.0.0.0:43909 - 0 ] INFO  server.RaftServer (RaftServerProxy.java:startImpl(393)) - 48bd3453-a056-4dba-8f3e-044559c7ef64: start RPC server
2023-04-19 12:53:34,295 [EndpointStateMachine task thread for /0.0.0.0:43909 - 0 ] INFO  server.GrpcService (GrpcService.java:startImpl(262)) - 48bd3453-a056-4dba-8f3e-044559c7ef64: GrpcService started, listening on 38755
2023-04-19 12:53:34,295 [EndpointStateMachine task thread for /0.0.0.0:43909 - 0 ] INFO  ratis.XceiverServerRatis (XceiverServerRatis.java:getRealPort(543)) - XceiverServerRatis 48bd3453-a056-4dba-8f3e-044559c7ef64 is started using port 38755 for RATIS
2023-04-19 12:53:34,295 [EndpointStateMachine task thread for /0.0.0.0:43909 - 0 ] INFO  ratis.XceiverServerRatis (XceiverServerRatis.java:getRealPort(543)) - XceiverServerRatis 48bd3453-a056-4dba-8f3e-044559c7ef64 is started using port 38755 for RATIS_ADMIN
2023-04-19 12:53:34,295 [EndpointStateMachine task thread for /0.0.0.0:43909 - 0 ] INFO  ratis.XceiverServerRatis (XceiverServerRatis.java:getRealPort(543)) - XceiverServerRatis 48bd3453-a056-4dba-8f3e-044559c7ef64 is started using port 38755 for RATIS_SERVER
2023-04-19 12:53:34,295 [EndpointStateMachine task thread for /0.0.0.0:43909 - 0 ] INFO  ratis.XceiverServerRatis (XceiverServerRatis.java:getRealPort(543)) - XceiverServerRatis 48bd3453-a056-4dba-8f3e-044559c7ef64 is started using port 42163 for RATIS_DATASTREAM
2023-04-19 12:53:34,302 [JvmPauseMonitor2] INFO  util.JvmPauseMonitor (JvmPauseMonitor.java:run(105)) - JvmPauseMonitor-48bd3453-a056-4dba-8f3e-044559c7ef64: Started
2023-04-19 12:53:34,305 [EndpointStateMachine task thread for /0.0.0.0:43909 - 0 ] INFO  server.XceiverServerGrpc (XceiverServerGrpc.java:start(180)) - XceiverServerGrpc 48bd3453-a056-4dba-8f3e-044559c7ef64 is started using port 35049
2023-04-19 12:53:34,313 [BlockDeletingService#0] INFO  interfaces.ContainerDeletionChoosingPolicyTemplate (ContainerDeletionChoosingPolicyTemplate.java:chooseContainerForBlockDeletion(83)) - Chosen 0/5000 blocks from 0 candidate containers.
2023-04-19 12:53:34,622 [Listener at 127.0.0.1/41717] INFO  ozone.MiniOzoneClusterImpl (MiniOzoneClusterImpl.java:lambda$waitForClusterToBeReady$0(222)) - Waiting for nodes to be ready. Got 0 of 3 DN Heartbeats.
2023-04-19 12:53:34,622 [Listener at 127.0.0.1/41717] INFO  ozone.MiniOzoneClusterImpl (MiniOzoneClusterImpl.java:lambda$waitForClusterToBeReady$0(225)) - Waiting for cluster to exit safe mode
2023-04-19 12:53:34,622 [Listener at 127.0.0.1/41717] INFO  ozone.MiniOzoneClusterImpl (MiniOzoneClusterImpl.java:lambda$waitForClusterToBeReady$0(227)) - SCM became leader
2023-04-19 12:53:34,672 [EndpointStateMachine task thread for /0.0.0.0:43909 - 0 ] INFO  utils.DatanodeStoreCache (DatanodeStoreCache.java:addDB(58)) - Added db /home/runner/work/ozone/ozone/hadoop-ozone/integration-test/target/test-dir/MiniOzoneClusterImpl-2b3941d9-6b91-4c70-847f-5d11ff1da94e/datanode-2/data-0/containers/hdds/2b3941d9-6b91-4c70-847f-5d11ff1da94e/DS-142370fb-762f-421b-8940-7c8ddd716dce/container.db to cache
2023-04-19 12:53:34,672 [EndpointStateMachine task thread for /0.0.0.0:43909 - 0 ] INFO  volume.HddsVolume (HddsVolume.java:createDbStore(350)) - SchemaV3 db is created and loaded at /home/runner/work/ozone/ozone/hadoop-ozone/integration-test/target/test-dir/MiniOzoneClusterImpl-2b3941d9-6b91-4c70-847f-5d11ff1da94e/datanode-2/data-0/containers/hdds/2b3941d9-6b91-4c70-847f-5d11ff1da94e/DS-142370fb-762f-421b-8940-7c8ddd716dce/container.db for volume DS-142370fb-762f-421b-8940-7c8ddd716dce
2023-04-19 12:53:34,673 [EndpointStateMachine task thread for /0.0.0.0:43909 - 0 ] INFO  ozoneimpl.OzoneContainer (OzoneContainer.java:start(397)) - Attempting to start container services.
2023-04-19 12:53:34,673 [EndpointStateMachine task thread for /0.0.0.0:43909 - 0 ] INFO  ozoneimpl.OzoneContainer (OzoneContainer.java:startContainerScrub(314)) - Scheduled background container scanners and the on-demand container scanner have been disabled.
2023-04-19 12:53:34,675 [EndpointStateMachine task thread for /0.0.0.0:43909 - 0 ] INFO  replication.ReplicationServer (ReplicationServer.java:start(109)) - ReplicationServer is started using port 45215
2023-04-19 12:53:34,675 [EndpointStateMachine task thread for /0.0.0.0:43909 - 0 ] INFO  ratis.XceiverServerRatis (XceiverServerRatis.java:start(517)) - Starting XceiverServerRatis 864cfdb0-59f4-4b05-be68-a0956d5d2530
2023-04-19 12:53:34,677 [EndpointStateMachine task thread for /0.0.0.0:43909 - 0 ] INFO  server.RaftServer (RaftServerProxy.java:startImpl(393)) - 864cfdb0-59f4-4b05-be68-a0956d5d2530: start RPC server
2023-04-19 12:53:34,678 [EndpointStateMachine task thread for /0.0.0.0:43909 - 0 ] INFO  server.GrpcService (GrpcService.java:startImpl(262)) - 864cfdb0-59f4-4b05-be68-a0956d5d2530: GrpcService started, listening on 39959
2023-04-19 12:53:34,678 [EndpointStateMachine task thread for /0.0.0.0:43909 - 0 ] INFO  ratis.XceiverServerRatis (XceiverServerRatis.java:getRealPort(543)) - XceiverServerRatis 864cfdb0-59f4-4b05-be68-a0956d5d2530 is started using port 39959 for RATIS
2023-04-19 12:53:34,678 [JvmPauseMonitor3] INFO  util.JvmPauseMonitor (JvmPauseMonitor.java:run(105)) - JvmPauseMonitor-864cfdb0-59f4-4b05-be68-a0956d5d2530: Started
2023-04-19 12:53:34,678 [EndpointStateMachine task thread for /0.0.0.0:43909 - 0 ] INFO  ratis.XceiverServerRatis (XceiverServerRatis.java:getRealPort(543)) - XceiverServerRatis 864cfdb0-59f4-4b05-be68-a0956d5d2530 is started using port 39959 for RATIS_ADMIN
2023-04-19 12:53:34,679 [EndpointStateMachine task thread for /0.0.0.0:43909 - 0 ] INFO  ratis.XceiverServerRatis (XceiverServerRatis.java:getRealPort(543)) - XceiverServerRatis 864cfdb0-59f4-4b05-be68-a0956d5d2530 is started using port 39959 for RATIS_SERVER
2023-04-19 12:53:34,679 [EndpointStateMachine task thread for /0.0.0.0:43909 - 0 ] INFO  ratis.XceiverServerRatis (XceiverServerRatis.java:getRealPort(543)) - XceiverServerRatis 864cfdb0-59f4-4b05-be68-a0956d5d2530 is started using port 40457 for RATIS_DATASTREAM
2023-04-19 12:53:34,682 [EndpointStateMachine task thread for /0.0.0.0:43909 - 0 ] INFO  server.XceiverServerGrpc (XceiverServerGrpc.java:start(180)) - XceiverServerGrpc 864cfdb0-59f4-4b05-be68-a0956d5d2530 is started using port 33383
2023-04-19 12:53:34,683 [BlockDeletingService#0] INFO  interfaces.ContainerDeletionChoosingPolicyTemplate (ContainerDeletionChoosingPolicyTemplate.java:chooseContainerForBlockDeletion(83)) - Chosen 0/5000 blocks from 0 candidate containers.
2023-04-19 12:53:35,623 [Listener at 127.0.0.1/41717] INFO  ozone.MiniOzoneClusterImpl (MiniOzoneClusterImpl.java:lambda$waitForClusterToBeReady$0(222)) - Waiting for nodes to be ready. Got 0 of 3 DN Heartbeats.
2023-04-19 12:53:35,624 [Listener at 127.0.0.1/41717] INFO  ozone.MiniOzoneClusterImpl (MiniOzoneClusterImpl.java:lambda$waitForClusterToBeReady$0(225)) - Waiting for cluster to exit safe mode
2023-04-19 12:53:35,624 [Listener at 127.0.0.1/41717] INFO  ozone.MiniOzoneClusterImpl (MiniOzoneClusterImpl.java:lambda$waitForClusterToBeReady$0(227)) - SCM became leader
2023-04-19 12:53:35,648 [IPC Server handler 17 on default port 43909] INFO  net.NetworkTopologyImpl (NetworkTopologyImpl.java:add(112)) - Added a new node: /default-rack/e66947f2-c2f9-4763-81b4-1d75eb6bddc4
2023-04-19 12:53:35,650 [IPC Server handler 17 on default port 43909] INFO  node.SCMNodeManager (SCMNodeManager.java:register(404)) - Registered Data node : e66947f2-c2f9-4763-81b4-1d75eb6bddc4{ip: 10.1.0.41, host: fv-az625-389, ports: [HTTP=42951, REPLICATION=45451, RATIS=41491, RATIS_ADMIN=41491, RATIS_SERVER=41491, RATIS_DATASTREAM=34879, STANDALONE=37647], networkLocation: /default-rack, certSerialId: null, persistedOpState: null, persistedOpStateExpiryEpochSec: 0}
2023-04-19 12:53:35,653 [EventQueue-NewNodeForNewNodeHandler] INFO  pipeline.BackgroundPipelineCreator (BackgroundPipelineCreator.java:notifyEventTriggered(276)) - trigger a one-shot run on RatisPipelineUtilsThread.
2023-04-19 12:53:35,660 [RatisPipelineUtilsThread - 0] INFO  pipeline.RatisPipelineProvider (RatisPipelineProvider.java:lambda$create$0(206)) - Sending CreatePipelineCommand for pipeline:PipelineID=178cbd31-ada0-44a9-82b7-76fe3cd1bb56 to datanode:e66947f2-c2f9-4763-81b4-1d75eb6bddc4
2023-04-19 12:53:35,674 [RatisPipelineUtilsThread - 0] INFO  pipeline.PipelineStateManagerImpl (PipelineStateManagerImpl.java:addPipeline(103)) - Created pipeline Pipeline[ Id: 178cbd31-ada0-44a9-82b7-76fe3cd1bb56, Nodes: e66947f2-c2f9-4763-81b4-1d75eb6bddc4(fv-az625-389/10.1.0.41), ReplicationConfig: RATIS/ONE, State:ALLOCATED, leaderId:, CreationTimestamp2023-04-19T12:53:35.659Z[Etc/UTC]].
2023-04-19 12:53:35,675 [EventQueue-NodeRegistrationContainerReportForDataNodeSafeModeRule] INFO  safemode.SCMSafeModeManager (DataNodeSafeModeRule.java:process(71)) - SCM in safe mode. 1 DataNodes registered, 3 required.
2023-04-19 12:53:35,675 [EventQueue-NodeRegistrationContainerReportForContainerSafeModeRule] INFO  safemode.SCMSafeModeManager (SCMSafeModeManager.java:validateSafeModeExitRules(200)) - ContainerSafeModeRule rule is successfully validated
2023-04-19 12:53:35,681 [EventQueue-PipelineReportForOneReplicaPipelineSafeModeRule] INFO  safemode.SCMSafeModeManager (SCMSafeModeManager.java:validateSafeModeExitRules(200)) - AtleastOneDatanodeReportedRule rule is successfully validated
2023-04-19 12:53:36,254 [IPC Server handler 16 on default port 43909] INFO  net.NetworkTopologyImpl (NetworkTopologyImpl.java:add(112)) - Added a new node: /default-rack/48bd3453-a056-4dba-8f3e-044559c7ef64
2023-04-19 12:53:36,254 [IPC Server handler 16 on default port 43909] INFO  node.SCMNodeManager (SCMNodeManager.java:register(404)) - Registered Data node : 48bd3453-a056-4dba-8f3e-044559c7ef64{ip: 10.1.0.41, host: fv-az625-389, ports: [HTTP=34209, REPLICATION=38055, RATIS=38755, RATIS_ADMIN=38755, RATIS_SERVER=38755, RATIS_DATASTREAM=42163, STANDALONE=35049], networkLocation: /default-rack, certSerialId: null, persistedOpState: null, persistedOpStateExpiryEpochSec: 0}
2023-04-19 12:53:36,254 [EventQueue-NodeRegistrationContainerReportForDataNodeSafeModeRule] INFO  safemode.SCMSafeModeManager (DataNodeSafeModeRule.java:process(71)) - SCM in safe mode. 2 DataNodes registered, 3 required.
2023-04-19 12:53:36,255 [EventQueue-NewNodeForNewNodeHandler] INFO  pipeline.BackgroundPipelineCreator (BackgroundPipelineCreator.java:notifyEventTriggered(276)) - trigger a one-shot run on RatisPipelineUtilsThread.
2023-04-19 12:53:36,259 [RatisPipelineUtilsThread - 0] INFO  pipeline.RatisPipelineProvider (RatisPipelineProvider.java:lambda$create$0(206)) - Sending CreatePipelineCommand for pipeline:PipelineID=d6ef186f-2e61-4225-a276-bf47bbc66f4f to datanode:48bd3453-a056-4dba-8f3e-044559c7ef64
2023-04-19 12:53:36,260 [RatisPipelineUtilsThread - 0] INFO  pipeline.PipelineStateManagerImpl (PipelineStateManagerImpl.java:addPipeline(103)) - Created pipeline Pipeline[ Id: d6ef186f-2e61-4225-a276-bf47bbc66f4f, Nodes: 48bd3453-a056-4dba-8f3e-044559c7ef64(fv-az625-389/10.1.0.41), ReplicationConfig: RATIS/ONE, State:ALLOCATED, leaderId:, CreationTimestamp2023-04-19T12:53:36.259Z[Etc/UTC]].
2023-04-19 12:53:36,624 [Listener at 127.0.0.1/41717] INFO  ozone.MiniOzoneClusterImpl (MiniOzoneClusterImpl.java:lambda$waitForClusterToBeReady$0(222)) - Waiting for nodes to be ready. Got 2 of 3 DN Heartbeats.
2023-04-19 12:53:36,624 [Listener at 127.0.0.1/41717] INFO  ozone.MiniOzoneClusterImpl (MiniOzoneClusterImpl.java:lambda$waitForClusterToBeReady$0(225)) - Waiting for cluster to exit safe mode
2023-04-19 12:53:36,624 [Listener at 127.0.0.1/41717] INFO  ozone.MiniOzoneClusterImpl (MiniOzoneClusterImpl.java:lambda$waitForClusterToBeReady$0(227)) - SCM became leader
2023-04-19 12:53:36,645 [IPC Server handler 18 on default port 43909] INFO  net.NetworkTopologyImpl (NetworkTopologyImpl.java:add(112)) - Added a new node: /default-rack/864cfdb0-59f4-4b05-be68-a0956d5d2530
2023-04-19 12:53:36,645 [IPC Server handler 18 on default port 43909] INFO  node.SCMNodeManager (SCMNodeManager.java:register(404)) - Registered Data node : 864cfdb0-59f4-4b05-be68-a0956d5d2530{ip: 10.1.0.41, host: fv-az625-389, ports: [HTTP=42401, REPLICATION=45215, RATIS=39959, RATIS_ADMIN=39959, RATIS_SERVER=39959, RATIS_DATASTREAM=40457, STANDALONE=33383], networkLocation: /default-rack, certSerialId: null, persistedOpState: null, persistedOpStateExpiryEpochSec: 0}
2023-04-19 12:53:36,645 [EventQueue-NodeRegistrationContainerReportForDataNodeSafeModeRule] INFO  safemode.SCMSafeModeManager (DataNodeSafeModeRule.java:process(71)) - SCM in safe mode. 3 DataNodes registered, 3 required.
2023-04-19 12:53:36,645 [EventQueue-NewNodeForNewNodeHandler] INFO  pipeline.BackgroundPipelineCreator (BackgroundPipelineCreator.java:notifyEventTriggered(276)) - trigger a one-shot run on RatisPipelineUtilsThread.
2023-04-19 12:53:36,645 [EventQueue-NodeRegistrationContainerReportForDataNodeSafeModeRule] INFO  safemode.SCMSafeModeManager (SCMSafeModeManager.java:validateSafeModeExitRules(200)) - DataNodeSafeModeRule rule is successfully validated
2023-04-19 12:53:36,645 [EventQueue-NodeRegistrationContainerReportForDataNodeSafeModeRule] INFO  safemode.SCMSafeModeManager (SCMSafeModeManager.java:completePreCheck(229)) - All SCM safe mode pre check rules have passed
2023-04-19 12:53:36,645 [EventQueue-NodeRegistrationContainerReportForDataNodeSafeModeRule] INFO  ha.SCMContext (SCMContext.java:updateSafeModeStatus(228)) - Update SafeModeStatus from SafeModeStatus{safeModeStatus=true, preCheckPassed=false} to SafeModeStatus{safeModeStatus=true, preCheckPassed=true}.
2023-04-19 12:53:36,645 [EventQueue-NodeRegistrationContainerReportForDataNodeSafeModeRule] INFO  pipeline.BackgroundPipelineCreator (BackgroundPipelineCreator.java:notifyEventTriggered(276)) - trigger a one-shot run on RatisPipelineUtilsThread.
2023-04-19 12:53:36,646 [RatisPipelineUtilsThread - 0] INFO  pipeline.RatisPipelineProvider (RatisPipelineProvider.java:lambda$create$0(206)) - Sending CreatePipelineCommand for pipeline:PipelineID=812af14d-b4ed-495c-ada1-083171cac63b to datanode:864cfdb0-59f4-4b05-be68-a0956d5d2530
2023-04-19 12:53:36,647 [RatisPipelineUtilsThread - 0] INFO  pipeline.PipelineStateManagerImpl (PipelineStateManagerImpl.java:addPipeline(103)) - Created pipeline Pipeline[ Id: 812af14d-b4ed-495c-ada1-083171cac63b, Nodes: 864cfdb0-59f4-4b05-be68-a0956d5d2530(fv-az625-389/10.1.0.41), ReplicationConfig: RATIS/ONE, State:ALLOCATED, leaderId:, CreationTimestamp2023-04-19T12:53:36.646Z[Etc/UTC]].
2023-04-19 12:53:36,651 [RatisPipelineUtilsThread - 0] INFO  pipeline.RatisPipelineProvider (RatisPipelineProvider.java:lambda$create$0(206)) - Sending CreatePipelineCommand for pipeline:PipelineID=a8908804-d92b-4b5a-8630-c307ddc1a981 to datanode:48bd3453-a056-4dba-8f3e-044559c7ef64
2023-04-19 12:53:36,651 [RatisPipelineUtilsThread - 0] INFO  pipeline.RatisPipelineProvider (RatisPipelineProvider.java:lambda$create$0(206)) - Sending CreatePipelineCommand for pipeline:PipelineID=a8908804-d92b-4b5a-8630-c307ddc1a981 to datanode:e66947f2-c2f9-4763-81b4-1d75eb6bddc4
2023-04-19 12:53:36,651 [RatisPipelineUtilsThread - 0] INFO  pipeline.RatisPipelineProvider (RatisPipelineProvider.java:lambda$create$0(206)) - Sending CreatePipelineCommand for pipeline:PipelineID=a8908804-d92b-4b5a-8630-c307ddc1a981 to datanode:864cfdb0-59f4-4b05-be68-a0956d5d2530
2023-04-19 12:53:36,652 [RatisPipelineUtilsThread - 0] INFO  pipeline.PipelineStateManagerImpl (PipelineStateManagerImpl.java:addPipeline(103)) - Created pipeline Pipeline[ Id: a8908804-d92b-4b5a-8630-c307ddc1a981, Nodes: 48bd3453-a056-4dba-8f3e-044559c7ef64(fv-az625-389/10.1.0.41)e66947f2-c2f9-4763-81b4-1d75eb6bddc4(fv-az625-389/10.1.0.41)864cfdb0-59f4-4b05-be68-a0956d5d2530(fv-az625-389/10.1.0.41), ReplicationConfig: RATIS/THREE, State:ALLOCATED, leaderId:, CreationTimestamp2023-04-19T12:53:36.651Z[Etc/UTC]].
2023-04-19 12:53:36,656 [RatisPipelineUtilsThread - 0] INFO  pipeline.RatisPipelineProvider (RatisPipelineProvider.java:lambda$create$0(206)) - Sending CreatePipelineCommand for pipeline:PipelineID=7110e767-5f8a-42c0-a079-447d4314a1a7 to datanode:48bd3453-a056-4dba-8f3e-044559c7ef64
2023-04-19 12:53:36,656 [RatisPipelineUtilsThread - 0] INFO  pipeline.RatisPipelineProvider (RatisPipelineProvider.java:lambda$create$0(206)) - Sending CreatePipelineCommand for pipeline:PipelineID=7110e767-5f8a-42c0-a079-447d4314a1a7 to datanode:864cfdb0-59f4-4b05-be68-a0956d5d2530
2023-04-19 12:53:36,656 [RatisPipelineUtilsThread - 0] INFO  pipeline.RatisPipelineProvider (RatisPipelineProvider.java:lambda$create$0(206)) - Sending CreatePipelineCommand for pipeline:PipelineID=7110e767-5f8a-42c0-a079-447d4314a1a7 to datanode:e66947f2-c2f9-4763-81b4-1d75eb6bddc4
2023-04-19 12:53:36,659 [RatisPipelineUtilsThread - 0] INFO  pipeline.PipelineStateManagerImpl (PipelineStateManagerImpl.java:addPipeline(103)) - Created pipeline Pipeline[ Id: 7110e767-5f8a-42c0-a079-447d4314a1a7, Nodes: 48bd3453-a056-4dba-8f3e-044559c7ef64(fv-az625-389/10.1.0.41)864cfdb0-59f4-4b05-be68-a0956d5d2530(fv-az625-389/10.1.0.41)e66947f2-c2f9-4763-81b4-1d75eb6bddc4(fv-az625-389/10.1.0.41), ReplicationConfig: RATIS/THREE, State:ALLOCATED, leaderId:, CreationTimestamp2023-04-19T12:53:36.656Z[Etc/UTC]].
2023-04-19 12:53:36,659 [RatisPipelineUtilsThread - 0] INFO  pipeline.PipelineManagerImpl (PipelineManagerImpl.java:recordMetricsForPipeline(826)) - Pipeline: PipelineID=7110e767-5f8a-42c0-a079-447d4314a1a7 contains same datanodes as previous pipelines: PipelineID=a8908804-d92b-4b5a-8630-c307ddc1a981 nodeIds: 48bd3453-a056-4dba-8f3e-044559c7ef64, 864cfdb0-59f4-4b05-be68-a0956d5d2530, e66947f2-c2f9-4763-81b4-1d75eb6bddc4
2023-04-19 12:53:36,659 [RatisPipelineUtilsThread - 0] WARN  pipeline.PipelinePlacementPolicy (PipelinePlacementPolicy.java:filterViableNodes(160)) - Pipeline creation failed due to no sufficient healthy datanodes. Required 3. Found 0. Excluded 3.
2023-04-19 12:53:37,625 [Listener at 127.0.0.1/41717] INFO  ozone.MiniOzoneClusterImpl (MiniOzoneClusterImpl.java:lambda$waitForClusterToBeReady$0(222)) - Nodes are ready. Got 3 of 3 DN Heartbeats.
2023-04-19 12:53:37,630 [Listener at 127.0.0.1/41717] INFO  ozone.MiniOzoneClusterImpl (MiniOzoneClusterImpl.java:lambda$waitForClusterToBeReady$0(225)) - Waiting for cluster to exit safe mode
2023-04-19 12:53:37,630 [Listener at 127.0.0.1/41717] INFO  ozone.MiniOzoneClusterImpl (MiniOzoneClusterImpl.java:lambda$waitForClusterToBeReady$0(227)) - SCM became leader
2023-04-19 12:53:38,630 [Listener at 127.0.0.1/41717] INFO  ozone.MiniOzoneClusterImpl (MiniOzoneClusterImpl.java:lambda$waitForClusterToBeReady$0(222)) - Nodes are ready. Got 3 of 3 DN Heartbeats.
2023-04-19 12:53:38,630 [Listener at 127.0.0.1/41717] INFO  ozone.MiniOzoneClusterImpl (MiniOzoneClusterImpl.java:lambda$waitForClusterToBeReady$0(225)) - Waiting for cluster to exit safe mode
2023-04-19 12:53:38,630 [Listener at 127.0.0.1/41717] INFO  ozone.MiniOzoneClusterImpl (MiniOzoneClusterImpl.java:lambda$waitForClusterToBeReady$0(227)) - SCM became leader
2023-04-19 12:53:38,691 [Command processor thread] INFO  server.RaftServer (RaftServerProxy.java:addNew(96)) - e66947f2-c2f9-4763-81b4-1d75eb6bddc4: addNew group-76FE3CD1BB56:[e66947f2-c2f9-4763-81b4-1d75eb6bddc4|rpc:10.1.0.41:41491|dataStream:10.1.0.41:34879|priority:1|startupRole:FOLLOWER] returns group-76FE3CD1BB56:java.util.concurrent.CompletableFuture@8f88122[Not completed]
2023-04-19 12:53:38,709 [pool-79-thread-1] INFO  server.RaftServer$Division (RaftServerImpl.java:<init>(195)) - e66947f2-c2f9-4763-81b4-1d75eb6bddc4: new RaftServerImpl for group-76FE3CD1BB56:[e66947f2-c2f9-4763-81b4-1d75eb6bddc4|rpc:10.1.0.41:41491|dataStream:10.1.0.41:34879|priority:1|startupRole:FOLLOWER] with ContainerStateMachine:uninitialized
2023-04-19 12:53:38,710 [pool-79-thread-1] INFO  server.RaftServerConfigKeys (ConfUtils.java:logGet(46)) - raft.server.rpc.timeout.min = 5s (custom)
2023-04-19 12:53:38,710 [pool-79-thread-1] INFO  server.RaftServerConfigKeys (ConfUtils.java:logGet(46)) - raft.server.rpc.timeout.max = 5200ms (custom)
2023-04-19 12:53:38,710 [pool-79-thread-1] INFO  server.RaftServerConfigKeys (ConfUtils.java:logGet(46)) - raft.server.rpc.sleep.time = 25ms (default)
2023-04-19 12:53:38,710 [pool-79-thread-1] INFO  server.RaftServerConfigKeys (ConfUtils.java:logGet(46)) - raft.server.rpc.slowness.timeout = 300s (custom)
2023-04-19 12:53:38,710 [pool-79-thread-1] INFO  server.RaftServerConfigKeys (ConfUtils.java:logGet(46)) - raft.server.leaderelection.leader.step-down.wait-time = 10s (default)
2023-04-19 12:53:38,710 [pool-79-thread-1] INFO  server.RaftServerConfigKeys (ConfUtils.java:logGet(46)) - raft.server.sleep.deviation.threshold = 300ms (default)
2023-04-19 12:53:38,710 [pool-79-thread-1] INFO  server.RaftServer$Division (ServerState.java:<init>(118)) - e66947f2-c2f9-4763-81b4-1d75eb6bddc4@group-76FE3CD1BB56: ConfigurationManager, init=-1: peers:[e66947f2-c2f9-4763-81b4-1d75eb6bddc4|rpc:10.1.0.41:41491|dataStream:10.1.0.41:34879|priority:1|startupRole:FOLLOWER]|listeners:[], old=null, confs=<EMPTY_MAP>
2023-04-19 12:53:38,710 [pool-79-thread-1] INFO  server.RaftServerConfigKeys (ConfUtils.java:logGet(46)) - raft.server.storage.dir = [/home/runner/work/ozone/ozone/hadoop-ozone/integration-test/target/test-dir/MiniOzoneClusterImpl-2b3941d9-6b91-4c70-847f-5d11ff1da94e/datanode-0/data/ratis] (custom)
2023-04-19 12:53:38,710 [pool-79-thread-1] INFO  server.RaftServerConfigKeys (ConfUtils.java:logGet(46)) - raft.server.log.corruption.policy = EXCEPTION (default)
2023-04-19 12:53:38,710 [pool-79-thread-1] INFO  server.RaftServerConfigKeys (ConfUtils.java:logGet(46)) - raft.server.storage.free-space.min = 0MB (=0) (default)
2023-04-19 12:53:38,710 [pool-79-thread-1] INFO  server.RaftServerConfigKeys (ConfUtils.java:logGet(46)) - raft.server.notification.no-leader.timeout = 300s (custom)
2023-04-19 12:53:38,710 [pool-79-thread-1] INFO  server.RaftServerConfigKeys (ConfUtils.java:logGet(46)) - raft.server.retrycache.expirytime = 600000ms (custom)
2023-04-19 12:53:38,711 [pool-79-thread-1] INFO  server.RaftServerConfigKeys (ConfUtils.java:logGet(46)) - raft.server.retrycache.statistics.expirytime = 100μs (default)
2023-04-19 12:53:38,720 [pool-79-thread-1] INFO  server.RaftServerConfigKeys (ConfUtils.java:logGet(46)) - raft.server.log.appender.install.snapshot.enabled = false (custom)
2023-04-19 12:53:38,720 [pool-79-thread-1] INFO  server.RaftServerConfigKeys (ConfUtils.java:logGet(46)) - raft.server.threadpool.server.cached = true (default)
2023-04-19 12:53:38,720 [pool-79-thread-1] INFO  server.RaftServerConfigKeys (ConfUtils.java:logGet(46)) - raft.server.threadpool.server.size = 0 (default)
2023-04-19 12:53:38,720 [pool-79-thread-1] INFO  server.RaftServerConfigKeys (ConfUtils.java:logGet(46)) - raft.server.threadpool.client.cached = true (default)
2023-04-19 12:53:38,720 [pool-79-thread-1] INFO  server.RaftServerConfigKeys (ConfUtils.java:logGet(46)) - raft.server.threadpool.client.size = 0 (default)
2023-04-19 12:53:38,721 [pool-79-thread-1] INFO  storage.RaftStorageDirectory (RaftStorageDirectoryImpl.java:analyzeStorage(137)) - The storage directory /home/runner/work/ozone/ozone/hadoop-ozone/integration-test/target/test-dir/MiniOzoneClusterImpl-2b3941d9-6b91-4c70-847f-5d11ff1da94e/datanode-0/data/ratis/178cbd31-ada0-44a9-82b7-76fe3cd1bb56 does not exist. Creating ...
2023-04-19 12:53:38,723 [pool-79-thread-1] INFO  storage.RaftStorageDirectory (RaftStorageDirectoryImpl.java:tryLock(231)) - Lock on /home/runner/work/ozone/ozone/hadoop-ozone/integration-test/target/test-dir/MiniOzoneClusterImpl-2b3941d9-6b91-4c70-847f-5d11ff1da94e/datanode-0/data/ratis/178cbd31-ada0-44a9-82b7-76fe3cd1bb56/in_use.lock acquired by nodename 71175@fv-az625-389
2023-04-19 12:53:38,724 [pool-79-thread-1] INFO  storage.RaftStorage (RaftStorageImpl.java:format(96)) - Storage directory /home/runner/work/ozone/ozone/hadoop-ozone/integration-test/target/test-dir/MiniOzoneClusterImpl-2b3941d9-6b91-4c70-847f-5d11ff1da94e/datanode-0/data/ratis/178cbd31-ada0-44a9-82b7-76fe3cd1bb56 has been successfully formatted.
2023-04-19 12:53:38,735 [pool-79-thread-1] INFO  ratis.ContainerStateMachine (ContainerStateMachine.java:loadSnapshot(262)) - group-76FE3CD1BB56: The snapshot info is null. Setting the last applied indexto:(t:0, i:~)
2023-04-19 12:53:38,735 [pool-79-thread-1] INFO  server.RaftServerConfigKeys (ConfUtils.java:logGet(46)) - raft.server.log.use.memory = false (default)
2023-04-19 12:53:38,735 [pool-79-thread-1] INFO  server.RaftServerConfigKeys (ConfUtils.java:logGet(46)) - raft.server.log.purge.gap = 1000000 (custom)
2023-04-19 12:53:38,735 [pool-79-thread-1] INFO  server.RaftServerConfigKeys (ConfUtils.java:logGet(46)) - raft.server.log.appender.buffer.byte-limit = 33554432 (custom)
2023-04-19 12:53:38,735 [pool-79-thread-1] INFO  server.RaftServerConfigKeys (ConfUtils.java:logGet(46)) - raft.server.log.statemachine.data.read.timeout = 1000ms (default)
2023-04-19 12:53:38,735 [pool-79-thread-1] INFO  server.RaftServerConfigKeys (ConfUtils.java:logGet(46)) - raft.server.log.purge.preservation.log.num = 0 (default)
2023-04-19 12:53:38,736 [pool-79-thread-1] INFO  server.RaftServerConfigKeys (ConfUtils.java:logGet(46)) - raft.server.log.segment.size.max = 1048576 (custom)
2023-04-19 12:53:38,739 [pool-79-thread-1] INFO  server.RaftServerConfigKeys (ConfUtils.java:logGet(46)) - raft.server.log.segment.cache.num.max = 2 (custom)
2023-04-19 12:53:38,739 [pool-79-thread-1] INFO  server.RaftServerConfigKeys (ConfUtils.java:logGet(46)) - raft.server.log.segment.cache.size.max = 200MB (=209715200) (default)
2023-04-19 12:53:38,739 [pool-79-thread-1] INFO  segmented.SegmentedRaftLogWorker (SegmentedRaftLogWorker.java:<init>(189)) - new e66947f2-c2f9-4763-81b4-1d75eb6bddc4@group-76FE3CD1BB56-SegmentedRaftLogWorker for RaftStorageImpl:Storage Directory /home/runner/work/ozone/ozone/hadoop-ozone/integration-test/target/test-dir/MiniOzoneClusterImpl-2b3941d9-6b91-4c70-847f-5d11ff1da94e/datanode-0/data/ratis/178cbd31-ada0-44a9-82b7-76fe3cd1bb56
2023-04-19 12:53:38,739 [pool-79-thread-1] INFO  server.RaftServerConfigKeys (ConfUtils.java:logGet(46)) - raft.server.log.queue.byte-limit = 4294967296 (custom)
2023-04-19 12:53:38,739 [pool-79-thread-1] INFO  server.RaftServerConfigKeys (ConfUtils.java:logGet(46)) - raft.server.log.queue.element-limit = 1024 (custom)
2023-04-19 12:53:38,739 [pool-79-thread-1] INFO  server.RaftServerConfigKeys (ConfUtils.java:logGet(46)) - raft.server.log.segment.size.max = 1048576 (custom)
2023-04-19 12:53:38,739 [pool-79-thread-1] INFO  server.RaftServerConfigKeys (ConfUtils.java:logGet(46)) - raft.server.log.preallocated.size = 16384 (custom)
2023-04-19 12:53:38,739 [pool-79-thread-1] INFO  server.RaftServerConfigKeys (ConfUtils.java:logGet(46)) - raft.server.log.force.sync.num = 128 (default)
2023-04-19 12:53:38,739 [pool-79-thread-1] INFO  server.RaftServerConfigKeys (ConfUtils.java:logGet(46)) - raft.server.log.statemachine.data.sync = true (default)
2023-04-19 12:53:38,740 [pool-79-thread-1] INFO  server.RaftServerConfigKeys (ConfUtils.java:logGet(46)) - raft.server.log.statemachine.data.sync.timeout = 10s (default)
2023-04-19 12:53:38,740 [pool-79-thread-1] INFO  server.RaftServerConfigKeys (ConfUtils.java:logGet(46)) - raft.server.log.statemachine.data.sync.timeout.retry = -1 (default)
2023-04-19 12:53:38,742 [EventQueue-PipelineReportForPipelineReportHandler] INFO  pipeline.PipelineManagerImpl (PipelineManagerImpl.java:openPipeline(367)) - Pipeline Pipeline[ Id: 178cbd31-ada0-44a9-82b7-76fe3cd1bb56, Nodes: e66947f2-c2f9-4763-81b4-1d75eb6bddc4(fv-az625-389/10.1.0.41), ReplicationConfig: RATIS/ONE, State:ALLOCATED, leaderId:e66947f2-c2f9-4763-81b4-1d75eb6bddc4, CreationTimestamp2023-04-19T12:53:35.659Z[Etc/UTC]] moved to OPEN state
2023-04-19 12:53:38,744 [pool-79-thread-1] INFO  server.RaftServerConfigKeys (ConfUtils.java:logGet(46)) - raft.server.log.write.buffer.size = 1048576 (custom)
2023-04-19 12:53:38,744 [EventQueue-OpenPipelineForHealthyPipelineSafeModeRule] INFO  safemode.SCMSafeModeManager (HealthyPipelineSafeModeRule.java:process(137)) - SCM in safe mode. Healthy pipelines reported count is 0, required healthy pipeline reported count is 1
2023-04-19 12:53:38,745 [pool-79-thread-1] INFO  server.RaftServerConfigKeys (ConfUtils.java:logGet(46)) - raft.server.log.appender.buffer.byte-limit = 33554432 (custom)
2023-04-19 12:53:38,750 [pool-79-thread-1] INFO  server.RaftServerConfigKeys (ConfUtils.java:logGet(46)) - raft.server.log.unsafe-flush.enabled = false (default)
2023-04-19 12:53:38,750 [pool-79-thread-1] INFO  server.RaftServerConfigKeys (ConfUtils.java:logGet(46)) - raft.server.log.async-flush.enabled = false (default)
2023-04-19 12:53:38,750 [pool-79-thread-1] INFO  server.RaftServerConfigKeys (ConfUtils.java:logGet(46)) - raft.server.log.statemachine.data.caching.enabled = true (custom)
2023-04-19 12:53:38,750 [pool-79-thread-1] INFO  segmented.SegmentedRaftLogWorker (SegmentedRaftLogWorker.java:lambda$new$0(135)) - e66947f2-c2f9-4763-81b4-1d75eb6bddc4@group-76FE3CD1BB56-SegmentedRaftLogWorker: flushIndex: setUnconditionally 0 -> -1
2023-04-19 12:53:38,750 [pool-79-thread-1] INFO  segmented.SegmentedRaftLogWorker (SegmentedRaftLogWorker.java:lambda$new$0(135)) - e66947f2-c2f9-4763-81b4-1d75eb6bddc4@group-76FE3CD1BB56-SegmentedRaftLogWorker: safeCacheEvictIndex: setUnconditionally 0 -> -1
2023-04-19 12:53:38,751 [pool-79-thread-1] INFO  server.RaftServer$Division (RaftServerImpl.java:start(334)) - e66947f2-c2f9-4763-81b4-1d75eb6bddc4@group-76FE3CD1BB56: start as a follower, conf=-1: peers:[e66947f2-c2f9-4763-81b4-1d75eb6bddc4|rpc:10.1.0.41:41491|dataStream:10.1.0.41:34879|priority:1|startupRole:FOLLOWER]|listeners:[], old=null
2023-04-19 12:53:38,751 [pool-79-thread-1] INFO  server.RaftServer$Division (RaftServerImpl.java:setRole(321)) - e66947f2-c2f9-4763-81b4-1d75eb6bddc4@group-76FE3CD1BB56: changes role from      null to FOLLOWER at term 0 for startAsFollower
2023-04-19 12:53:38,751 [pool-79-thread-1] INFO  impl.RoleInfo (RoleInfo.java:updateAndGet(139)) - e66947f2-c2f9-4763-81b4-1d75eb6bddc4: start e66947f2-c2f9-4763-81b4-1d75eb6bddc4@group-76FE3CD1BB56-FollowerState
2023-04-19 12:53:38,751 [e66947f2-c2f9-4763-81b4-1d75eb6bddc4@group-76FE3CD1BB56-FollowerState] INFO  server.RaftServerConfigKeys (ConfUtils.java:logFallback(53)) - raft.server.rpc.first-election.timeout.min = 5s (fallback to raft.server.rpc.timeout.min)
2023-04-19 12:53:38,751 [pool-79-thread-1] INFO  util.JmxRegister (JmxRegister.java:tryRegister(44)) - Successfully registered JMX Bean with object name Ratis:service=RaftServer,group=group-76FE3CD1BB56,id=e66947f2-c2f9-4763-81b4-1d75eb6bddc4
2023-04-19 12:53:38,751 [e66947f2-c2f9-4763-81b4-1d75eb6bddc4@group-76FE3CD1BB56-FollowerState] INFO  server.RaftServerConfigKeys (ConfUtils.java:logFallback(53)) - raft.server.rpc.first-election.timeout.max = 5200ms (fallback to raft.server.rpc.timeout.max)
2023-04-19 12:53:38,751 [pool-79-thread-1] INFO  server.RaftServerConfigKeys (ConfUtils.java:logGet(46)) - raft.server.snapshot.auto.trigger.enabled = true (custom)
2023-04-19 12:53:38,751 [pool-79-thread-1] INFO  server.RaftServerConfigKeys (ConfUtils.java:logGet(46)) - raft.server.snapshot.auto.trigger.threshold = 10000 (custom)
2023-04-19 12:53:38,751 [pool-79-thread-1] INFO  server.RaftServerConfigKeys (ConfUtils.java:logGet(46)) - raft.server.snapshot.retention.file.num = 5 (custom)
2023-04-19 12:53:38,752 [pool-79-thread-1] INFO  server.RaftServerConfigKeys (ConfUtils.java:logGet(46)) - raft.server.log.purge.upto.snapshot.index = false (default)
2023-04-19 12:53:38,760 [Command processor thread] INFO  ratis.XceiverServerRatis (XceiverServerRatis.java:addGroup(806)) - Created group PipelineID=178cbd31-ada0-44a9-82b7-76fe3cd1bb56
2023-04-19 12:53:38,760 [Command processor thread] INFO  commandhandler.CreatePipelineCommandHandler (CreatePipelineCommandHandler.java:handle(113)) - Created Pipeline RATIS ONE PipelineID=178cbd31-ada0-44a9-82b7-76fe3cd1bb56.
2023-04-19 12:53:38,761 [Command processor thread] INFO  server.RaftServer (RaftServerProxy.java:addNew(96)) - e66947f2-c2f9-4763-81b4-1d75eb6bddc4: addNew group-C307DDC1A981:[864cfdb0-59f4-4b05-be68-a0956d5d2530|rpc:10.1.0.41:39959|dataStream:10.1.0.41:40457|priority:0|startupRole:FOLLOWER, 48bd3453-a056-4dba-8f3e-044559c7ef64|rpc:10.1.0.41:38755|dataStream:10.1.0.41:42163|priority:1|startupRole:FOLLOWER, e66947f2-c2f9-4763-81b4-1d75eb6bddc4|rpc:10.1.0.41:41491|dataStream:10.1.0.41:34879|priority:0|startupRole:FOLLOWER] returns group-C307DDC1A981:java.util.concurrent.CompletableFuture@428cc1de[Not completed]
2023-04-19 12:53:38,762 [pool-79-thread-1] INFO  server.RaftServer$Division (RaftServerImpl.java:<init>(195)) - e66947f2-c2f9-4763-81b4-1d75eb6bddc4: new RaftServerImpl for group-C307DDC1A981:[864cfdb0-59f4-4b05-be68-a0956d5d2530|rpc:10.1.0.41:39959|dataStream:10.1.0.41:40457|priority:0|startupRole:FOLLOWER, 48bd3453-a056-4dba-8f3e-044559c7ef64|rpc:10.1.0.41:38755|dataStream:10.1.0.41:42163|priority:1|startupRole:FOLLOWER, e66947f2-c2f9-4763-81b4-1d75eb6bddc4|rpc:10.1.0.41:41491|dataStream:10.1.0.41:34879|priority:0|startupRole:FOLLOWER] with ContainerStateMachine:uninitialized
2023-04-19 12:53:38,763 [pool-79-thread-1] INFO  server.RaftServerConfigKeys (ConfUtils.java:logGet(46)) - raft.server.rpc.timeout.min = 5s (custom)
2023-04-19 12:53:38,763 [pool-79-thread-1] INFO  server.RaftServerConfigKeys (ConfUtils.java:logGet(46)) - raft.server.rpc.timeout.max = 5200ms (custom)
2023-04-19 12:53:38,763 [pool-79-thread-1] INFO  server.RaftServerConfigKeys (ConfUtils.java:logGet(46)) - raft.server.rpc.sleep.time = 25ms (default)
2023-04-19 12:53:38,763 [pool-79-thread-1] INFO  server.RaftServerConfigKeys (ConfUtils.java:logGet(46)) - raft.server.rpc.slowness.timeout = 300s (custom)
2023-04-19 12:53:38,763 [pool-79-thread-1] INFO  server.RaftServerConfigKeys (ConfUtils.java:logGet(46)) - raft.server.leaderelection.leader.step-down.wait-time = 10s (default)
2023-04-19 12:53:38,763 [pool-79-thread-1] INFO  server.RaftServerConfigKeys (ConfUtils.java:logGet(46)) - raft.server.sleep.deviation.threshold = 300ms (default)
2023-04-19 12:53:38,763 [pool-79-thread-1] INFO  server.RaftServer$Division (ServerState.java:<init>(118)) - e66947f2-c2f9-4763-81b4-1d75eb6bddc4@group-C307DDC1A981: ConfigurationManager, init=-1: peers:[864cfdb0-59f4-4b05-be68-a0956d5d2530|rpc:10.1.0.41:39959|dataStream:10.1.0.41:40457|priority:0|startupRole:FOLLOWER, 48bd3453-a056-4dba-8f3e-044559c7ef64|rpc:10.1.0.41:38755|dataStream:10.1.0.41:42163|priority:1|startupRole:FOLLOWER, e66947f2-c2f9-4763-81b4-1d75eb6bddc4|rpc:10.1.0.41:41491|dataStream:10.1.0.41:34879|priority:0|startupRole:FOLLOWER]|listeners:[], old=null, confs=<EMPTY_MAP>
2023-04-19 12:53:38,763 [pool-79-thread-1] INFO  server.RaftServerConfigKeys (ConfUtils.java:logGet(46)) - raft.server.storage.dir = [/home/runner/work/ozone/ozone/hadoop-ozone/integration-test/target/test-dir/MiniOzoneClusterImpl-2b3941d9-6b91-4c70-847f-5d11ff1da94e/datanode-0/data/ratis] (custom)
2023-04-19 12:53:38,763 [pool-79-thread-1] INFO  server.RaftServerConfigKeys (ConfUtils.java:logGet(46)) - raft.server.log.corruption.policy = EXCEPTION (default)
2023-04-19 12:53:38,763 [pool-79-thread-1] INFO  server.RaftServerConfigKeys (ConfUtils.java:logGet(46)) - raft.server.storage.free-space.min = 0MB (=0) (default)
2023-04-19 12:53:38,763 [pool-79-thread-1] INFO  server.RaftServerConfigKeys (ConfUtils.java:logGet(46)) - raft.server.notification.no-leader.timeout = 300s (custom)
2023-04-19 12:53:38,763 [pool-79-thread-1] INFO  server.RaftServerConfigKeys (ConfUtils.java:logGet(46)) - raft.server.retrycache.expirytime = 600000ms (custom)
2023-04-19 12:53:38,764 [pool-79-thread-1] INFO  server.RaftServerConfigKeys (ConfUtils.java:logGet(46)) - raft.server.retrycache.statistics.expirytime = 100μs (default)
2023-04-19 12:53:38,765 [pool-79-thread-1] INFO  server.RaftServerConfigKeys (ConfUtils.java:logGet(46)) - raft.server.log.appender.install.snapshot.enabled = false (custom)
2023-04-19 12:53:38,765 [pool-79-thread-1] INFO  server.RaftServerConfigKeys (ConfUtils.java:logGet(46)) - raft.server.threadpool.server.cached = true (default)
2023-04-19 12:53:38,765 [pool-79-thread-1] INFO  server.RaftServerConfigKeys (ConfUtils.java:logGet(46)) - raft.server.threadpool.server.size = 0 (default)
2023-04-19 12:53:38,765 [pool-79-thread-1] INFO  server.RaftServerConfigKeys (ConfUtils.java:logGet(46)) - raft.server.threadpool.client.cached = true (default)
2023-04-19 12:53:38,765 [pool-79-thread-1] INFO  server.RaftServerConfigKeys (ConfUtils.java:logGet(46)) - raft.server.threadpool.client.size = 0 (default)
2023-04-19 12:53:38,765 [pool-79-thread-1] INFO  storage.RaftStorageDirectory (RaftStorageDirectoryImpl.java:analyzeStorage(137)) - The storage directory /home/runner/work/ozone/ozone/hadoop-ozone/integration-test/target/test-dir/MiniOzoneClusterImpl-2b3941d9-6b91-4c70-847f-5d11ff1da94e/datanode-0/data/ratis/a8908804-d92b-4b5a-8630-c307ddc1a981 does not exist. Creating ...
2023-04-19 12:53:38,766 [pool-79-thread-1] INFO  storage.RaftStorageDirectory (RaftStorageDirectoryImpl.java:tryLock(231)) - Lock on /home/runner/work/ozone/ozone/hadoop-ozone/integration-test/target/test-dir/MiniOzoneClusterImpl-2b3941d9-6b91-4c70-847f-5d11ff1da94e/datanode-0/data/ratis/a8908804-d92b-4b5a-8630-c307ddc1a981/in_use.lock acquired by nodename 71175@fv-az625-389
2023-04-19 12:53:38,767 [pool-79-thread-1] INFO  storage.RaftStorage (RaftStorageImpl.java:format(96)) - Storage directory /home/runner/work/ozone/ozone/hadoop-ozone/integration-test/target/test-dir/MiniOzoneClusterImpl-2b3941d9-6b91-4c70-847f-5d11ff1da94e/datanode-0/data/ratis/a8908804-d92b-4b5a-8630-c307ddc1a981 has been successfully formatted.
2023-04-19 12:53:38,768 [pool-79-thread-1] INFO  ratis.ContainerStateMachine (ContainerStateMachine.java:loadSnapshot(262)) - group-C307DDC1A981: The snapshot info is null. Setting the last applied indexto:(t:0, i:~)
2023-04-19 12:53:38,770 [EventQueue-OpenPipelineForHealthyPipelineSafeModeRule] INFO  safemode.SCMSafeModeManager (HealthyPipelineSafeModeRule.java:process(137)) - SCM in safe mode. Healthy pipelines reported count is 0, required healthy pipeline reported count is 1
2023-04-19 12:53:38,773 [pool-79-thread-1] INFO  server.RaftServerConfigKeys (ConfUtils.java:logGet(46)) - raft.server.log.use.memory = false (default)
2023-04-19 12:53:38,774 [pool-79-thread-1] INFO  server.RaftServerConfigKeys (ConfUtils.java:logGet(46)) - raft.server.log.purge.gap = 1000000 (custom)
2023-04-19 12:53:38,774 [pool-79-thread-1] INFO  server.RaftServerConfigKeys (ConfUtils.java:logGet(46)) - raft.server.log.appender.buffer.byte-limit = 33554432 (custom)
2023-04-19 12:53:38,774 [pool-79-thread-1] INFO  server.RaftServerConfigKeys (ConfUtils.java:logGet(46)) - raft.server.log.statemachine.data.read.timeout = 1000ms (default)
2023-04-19 12:53:38,774 [pool-79-thread-1] INFO  server.RaftServerConfigKeys (ConfUtils.java:logGet(46)) - raft.server.log.purge.preservation.log.num = 0 (default)
2023-04-19 12:53:38,774 [pool-79-thread-1] INFO  server.RaftServerConfigKeys (ConfUtils.java:logGet(46)) - raft.server.log.segment.size.max = 1048576 (custom)
2023-04-19 12:53:38,776 [pool-79-thread-1] INFO  server.RaftServerConfigKeys (ConfUtils.java:logGet(46)) - raft.server.log.segment.cache.num.max = 2 (custom)
2023-04-19 12:53:38,776 [pool-79-thread-1] INFO  server.RaftServerConfigKeys (ConfUtils.java:logGet(46)) - raft.server.log.segment.cache.size.max = 200MB (=209715200) (default)
2023-04-19 12:53:38,776 [pool-79-thread-1] INFO  segmented.SegmentedRaftLogWorker (SegmentedRaftLogWorker.java:<init>(189)) - new e66947f2-c2f9-4763-81b4-1d75eb6bddc4@group-C307DDC1A981-SegmentedRaftLogWorker for RaftStorageImpl:Storage Directory /home/runner/work/ozone/ozone/hadoop-ozone/integration-test/target/test-dir/MiniOzoneClusterImpl-2b3941d9-6b91-4c70-847f-5d11ff1da94e/datanode-0/data/ratis/a8908804-d92b-4b5a-8630-c307ddc1a981
2023-04-19 12:53:38,776 [pool-79-thread-1] INFO  server.RaftServerConfigKeys (ConfUtils.java:logGet(46)) - raft.server.log.queue.byte-limit = 4294967296 (custom)
2023-04-19 12:53:38,776 [pool-79-thread-1] INFO  server.RaftServerConfigKeys (ConfUtils.java:logGet(46)) - raft.server.log.queue.element-limit = 1024 (custom)
2023-04-19 12:53:38,776 [pool-79-thread-1] INFO  server.RaftServerConfigKeys (ConfUtils.java:logGet(46)) - raft.server.log.segment.size.max = 1048576 (custom)
2023-04-19 12:53:38,776 [pool-79-thread-1] INFO  server.RaftServerConfigKeys (ConfUtils.java:logGet(46)) - raft.server.log.preallocated.size = 16384 (custom)
2023-04-19 12:53:38,776 [pool-79-thread-1] INFO  server.RaftServerConfigKeys (ConfUtils.java:logGet(46)) - raft.server.log.force.sync.num = 128 (default)
2023-04-19 12:53:38,776 [pool-79-thread-1] INFO  server.RaftServerConfigKeys (ConfUtils.java:logGet(46)) - raft.server.log.statemachine.data.sync = true (default)
2023-04-19 12:53:38,776 [pool-79-thread-1] INFO  server.RaftServerConfigKeys (ConfUtils.java:logGet(46)) - raft.server.log.statemachine.data.sync.timeout = 10s (default)
2023-04-19 12:53:38,776 [pool-79-thread-1] INFO  server.RaftServerConfigKeys (ConfUtils.java:logGet(46)) - raft.server.log.statemachine.data.sync.timeout.retry = -1 (default)
2023-04-19 12:53:38,779 [pool-79-thread-1] INFO  server.RaftServerConfigKeys (ConfUtils.java:logGet(46)) - raft.server.log.write.buffer.size = 1048576 (custom)
2023-04-19 12:53:38,781 [pool-79-thread-1] INFO  server.RaftServerConfigKeys (ConfUtils.java:logGet(46)) - raft.server.log.appender.buffer.byte-limit = 33554432 (custom)
2023-04-19 12:53:38,786 [pool-79-thread-1] INFO  server.RaftServerConfigKeys (ConfUtils.java:logGet(46)) - raft.server.log.unsafe-flush.enabled = false (default)
2023-04-19 12:53:38,787 [pool-79-thread-1] INFO  server.RaftServerConfigKeys (ConfUtils.java:logGet(46)) - raft.server.log.async-flush.enabled = false (default)
2023-04-19 12:53:38,788 [pool-79-thread-1] INFO  server.RaftServerConfigKeys (ConfUtils.java:logGet(46)) - raft.server.log.statemachine.data.caching.enabled = true (custom)
2023-04-19 12:53:38,788 [pool-79-thread-1] INFO  segmented.SegmentedRaftLogWorker (SegmentedRaftLogWorker.java:lambda$new$0(135)) - e66947f2-c2f9-4763-81b4-1d75eb6bddc4@group-C307DDC1A981-SegmentedRaftLogWorker: flushIndex: setUnconditionally 0 -> -1
2023-04-19 12:53:38,788 [pool-79-thread-1] INFO  segmented.SegmentedRaftLogWorker (SegmentedRaftLogWorker.java:lambda$new$0(135)) - e66947f2-c2f9-4763-81b4-1d75eb6bddc4@group-C307DDC1A981-SegmentedRaftLogWorker: safeCacheEvictIndex: setUnconditionally 0 -> -1
2023-04-19 12:53:38,789 [pool-79-thread-1] INFO  server.RaftServer$Division (RaftServerImpl.java:start(334)) - e66947f2-c2f9-4763-81b4-1d75eb6bddc4@group-C307DDC1A981: start as a follower, conf=-1: peers:[864cfdb0-59f4-4b05-be68-a0956d5d2530|rpc:10.1.0.41:39959|dataStream:10.1.0.41:40457|priority:0|startupRole:FOLLOWER, 48bd3453-a056-4dba-8f3e-044559c7ef64|rpc:10.1.0.41:38755|dataStream:10.1.0.41:42163|priority:1|startupRole:FOLLOWER, e66947f2-c2f9-4763-81b4-1d75eb6bddc4|rpc:10.1.0.41:41491|dataStream:10.1.0.41:34879|priority:0|startupRole:FOLLOWER]|listeners:[], old=null
2023-04-19 12:53:38,789 [pool-79-thread-1] INFO  server.RaftServer$Division (RaftServerImpl.java:setRole(321)) - e66947f2-c2f9-4763-81b4-1d75eb6bddc4@group-C307DDC1A981: changes role from      null to FOLLOWER at term 0 for startAsFollower
2023-04-19 12:53:38,789 [pool-79-thread-1] INFO  impl.RoleInfo (RoleInfo.java:updateAndGet(139)) - e66947f2-c2f9-4763-81b4-1d75eb6bddc4: start e66947f2-c2f9-4763-81b4-1d75eb6bddc4@group-C307DDC1A981-FollowerState
2023-04-19 12:53:38,789 [pool-79-thread-1] INFO  util.JmxRegister (JmxRegister.java:tryRegister(44)) - Successfully registered JMX Bean with object name Ratis:service=RaftServer,group=group-C307DDC1A981,id=e66947f2-c2f9-4763-81b4-1d75eb6bddc4
2023-04-19 12:53:38,789 [e66947f2-c2f9-4763-81b4-1d75eb6bddc4@group-C307DDC1A981-FollowerState] INFO  server.RaftServerConfigKeys (ConfUtils.java:logFallback(53)) - raft.server.rpc.first-election.timeout.min = 5s (fallback to raft.server.rpc.timeout.min)
2023-04-19 12:53:38,789 [pool-79-thread-1] INFO  server.RaftServerConfigKeys (ConfUtils.java:logGet(46)) - raft.server.snapshot.auto.trigger.enabled = true (custom)
2023-04-19 12:53:38,790 [e66947f2-c2f9-4763-81b4-1d75eb6bddc4@group-C307DDC1A981-FollowerState] INFO  server.RaftServerConfigKeys (ConfUtils.java:logFallback(53)) - raft.server.rpc.first-election.timeout.max = 5200ms (fallback to raft.server.rpc.timeout.max)
2023-04-19 12:53:38,790 [pool-79-thread-1] INFO  server.RaftServerConfigKeys (ConfUtils.java:logGet(46)) - raft.server.snapshot.auto.trigger.threshold = 10000 (custom)
2023-04-19 12:53:38,790 [pool-79-thread-1] INFO  server.RaftServerConfigKeys (ConfUtils.java:logGet(46)) - raft.server.snapshot.retention.file.num = 5 (custom)
2023-04-19 12:53:38,790 [pool-79-thread-1] INFO  server.RaftServerConfigKeys (ConfUtils.java:logGet(46)) - raft.server.log.purge.upto.snapshot.index = false (default)
2023-04-19 12:53:38,794 [Command processor thread] INFO  ratis.XceiverServerRatis (XceiverServerRatis.java:addGroup(806)) - Created group PipelineID=a8908804-d92b-4b5a-8630-c307ddc1a981
2023-04-19 12:53:39,150 [grpc-default-executor-0] INFO  server.RaftServer (RaftServerProxy.java:addNew(96)) - 48bd3453-a056-4dba-8f3e-044559c7ef64: addNew group-C307DDC1A981:[864cfdb0-59f4-4b05-be68-a0956d5d2530|rpc:10.1.0.41:39959|dataStream:10.1.0.41:40457|priority:0|startupRole:FOLLOWER, 48bd3453-a056-4dba-8f3e-044559c7ef64|rpc:10.1.0.41:38755|dataStream:10.1.0.41:42163|priority:1|startupRole:FOLLOWER, e66947f2-c2f9-4763-81b4-1d75eb6bddc4|rpc:10.1.0.41:41491|dataStream:10.1.0.41:34879|priority:0|startupRole:FOLLOWER] returns group-C307DDC1A981:java.util.concurrent.CompletableFuture@4a3323a2[Not completed]
2023-04-19 12:53:39,153 [pool-101-thread-1] INFO  server.RaftServer$Division (RaftServerImpl.java:<init>(195)) - 48bd3453-a056-4dba-8f3e-044559c7ef64: new RaftServerImpl for group-C307DDC1A981:[864cfdb0-59f4-4b05-be68-a0956d5d2530|rpc:10.1.0.41:39959|dataStream:10.1.0.41:40457|priority:0|startupRole:FOLLOWER, 48bd3453-a056-4dba-8f3e-044559c7ef64|rpc:10.1.0.41:38755|dataStream:10.1.0.41:42163|priority:1|startupRole:FOLLOWER, e66947f2-c2f9-4763-81b4-1d75eb6bddc4|rpc:10.1.0.41:41491|dataStream:10.1.0.41:34879|priority:0|startupRole:FOLLOWER] with ContainerStateMachine:uninitialized
2023-04-19 12:53:39,154 [pool-101-thread-1] INFO  server.RaftServerConfigKeys (ConfUtils.java:logGet(46)) - raft.server.rpc.timeout.min = 5s (custom)
2023-04-19 12:53:39,154 [pool-101-thread-1] INFO  server.RaftServerConfigKeys (ConfUtils.java:logGet(46)) - raft.server.rpc.timeout.max = 5200ms (custom)
2023-04-19 12:53:39,154 [pool-101-thread-1] INFO  server.RaftServerConfigKeys (ConfUtils.java:logGet(46)) - raft.server.rpc.sleep.time = 25ms (default)
2023-04-19 12:53:39,154 [pool-101-thread-1] INFO  server.RaftServerConfigKeys (ConfUtils.java:logGet(46)) - raft.server.rpc.slowness.timeout = 300s (custom)
2023-04-19 12:53:39,154 [pool-101-thread-1] INFO  server.RaftServerConfigKeys (ConfUtils.java:logGet(46)) - raft.server.leaderelection.leader.step-down.wait-time = 10s (default)
2023-04-19 12:53:39,154 [pool-101-thread-1] INFO  server.RaftServerConfigKeys (ConfUtils.java:logGet(46)) - raft.server.sleep.deviation.threshold = 300ms (default)
2023-04-19 12:53:39,154 [pool-101-thread-1] INFO  server.RaftServer$Division (ServerState.java:<init>(118)) - 48bd3453-a056-4dba-8f3e-044559c7ef64@group-C307DDC1A981: ConfigurationManager, init=-1: peers:[864cfdb0-59f4-4b05-be68-a0956d5d2530|rpc:10.1.0.41:39959|dataStream:10.1.0.41:40457|priority:0|startupRole:FOLLOWER, 48bd3453-a056-4dba-8f3e-044559c7ef64|rpc:10.1.0.41:38755|dataStream:10.1.0.41:42163|priority:1|startupRole:FOLLOWER, e66947f2-c2f9-4763-81b4-1d75eb6bddc4|rpc:10.1.0.41:41491|dataStream:10.1.0.41:34879|priority:0|startupRole:FOLLOWER]|listeners:[], old=null, confs=<EMPTY_MAP>
2023-04-19 12:53:39,154 [pool-101-thread-1] INFO  server.RaftServerConfigKeys (ConfUtils.java:logGet(46)) - raft.server.storage.dir = [/home/runner/work/ozone/ozone/hadoop-ozone/integration-test/target/test-dir/MiniOzoneClusterImpl-2b3941d9-6b91-4c70-847f-5d11ff1da94e/datanode-1/data/ratis] (custom)
2023-04-19 12:53:39,155 [pool-101-thread-1] INFO  server.RaftServerConfigKeys (ConfUtils.java:logGet(46)) - raft.server.log.corruption.policy = EXCEPTION (default)
2023-04-19 12:53:39,155 [pool-101-thread-1] INFO  server.RaftServerConfigKeys (ConfUtils.java:logGet(46)) - raft.server.storage.free-space.min = 0MB (=0) (default)
2023-04-19 12:53:39,155 [pool-101-thread-1] INFO  server.RaftServerConfigKeys (ConfUtils.java:logGet(46)) - raft.server.notification.no-leader.timeout = 300s (custom)
2023-04-19 12:53:39,155 [pool-101-thread-1] INFO  server.RaftServerConfigKeys (ConfUtils.java:logGet(46)) - raft.server.retrycache.expirytime = 600000ms (custom)
2023-04-19 12:53:39,155 [pool-101-thread-1] INFO  server.RaftServerConfigKeys (ConfUtils.java:logGet(46)) - raft.server.retrycache.statistics.expirytime = 100μs (default)
2023-04-19 12:53:39,159 [pool-101-thread-1] INFO  server.RaftServerConfigKeys (ConfUtils.java:logGet(46)) - raft.server.log.appender.install.snapshot.enabled = false (custom)
2023-04-19 12:53:39,159 [pool-101-thread-1] INFO  server.RaftServerConfigKeys (ConfUtils.java:logGet(46)) - raft.server.threadpool.server.cached = true (default)
2023-04-19 12:53:39,159 [pool-101-thread-1] INFO  server.RaftServerConfigKeys (ConfUtils.java:logGet(46)) - raft.server.threadpool.server.size = 0 (default)
2023-04-19 12:53:39,159 [pool-101-thread-1] INFO  server.RaftServerConfigKeys (ConfUtils.java:logGet(46)) - raft.server.threadpool.client.cached = true (default)
2023-04-19 12:53:39,159 [pool-101-thread-1] INFO  server.RaftServerConfigKeys (ConfUtils.java:logGet(46)) - raft.server.threadpool.client.size = 0 (default)
2023-04-19 12:53:39,159 [pool-101-thread-1] INFO  storage.RaftStorageDirectory (RaftStorageDirectoryImpl.java:analyzeStorage(137)) - The storage directory /home/runner/work/ozone/ozone/hadoop-ozone/integration-test/target/test-dir/MiniOzoneClusterImpl-2b3941d9-6b91-4c70-847f-5d11ff1da94e/datanode-1/data/ratis/a8908804-d92b-4b5a-8630-c307ddc1a981 does not exist. Creating ...
2023-04-19 12:53:39,160 [pool-101-thread-1] INFO  storage.RaftStorageDirectory (RaftStorageDirectoryImpl.java:tryLock(231)) - Lock on /home/runner/work/ozone/ozone/hadoop-ozone/integration-test/target/test-dir/MiniOzoneClusterImpl-2b3941d9-6b91-4c70-847f-5d11ff1da94e/datanode-1/data/ratis/a8908804-d92b-4b5a-8630-c307ddc1a981/in_use.lock acquired by nodename 71175@fv-az625-389
2023-04-19 12:53:39,161 [pool-101-thread-1] INFO  storage.RaftStorage (RaftStorageImpl.java:format(96)) - Storage directory /home/runner/work/ozone/ozone/hadoop-ozone/integration-test/target/test-dir/MiniOzoneClusterImpl-2b3941d9-6b91-4c70-847f-5d11ff1da94e/datanode-1/data/ratis/a8908804-d92b-4b5a-8630-c307ddc1a981 has been successfully formatted.
2023-04-19 12:53:39,162 [pool-101-thread-1] INFO  ratis.ContainerStateMachine (ContainerStateMachine.java:loadSnapshot(262)) - group-C307DDC1A981: The snapshot info is null. Setting the last applied indexto:(t:0, i:~)
2023-04-19 12:53:39,164 [pool-101-thread-1] INFO  server.RaftServerConfigKeys (ConfUtils.java:logGet(46)) - raft.server.log.use.memory = false (default)
2023-04-19 12:53:39,165 [pool-101-thread-1] INFO  server.RaftServerConfigKeys (ConfUtils.java:logGet(46)) - raft.server.log.purge.gap = 1000000 (custom)
2023-04-19 12:53:39,165 [pool-101-thread-1] INFO  server.RaftServerConfigKeys (ConfUtils.java:logGet(46)) - raft.server.log.appender.buffer.byte-limit = 33554432 (custom)
2023-04-19 12:53:39,165 [pool-101-thread-1] INFO  server.RaftServerConfigKeys (ConfUtils.java:logGet(46)) - raft.server.log.statemachine.data.read.timeout = 1000ms (default)
2023-04-19 12:53:39,165 [pool-101-thread-1] INFO  server.RaftServerConfigKeys (ConfUtils.java:logGet(46)) - raft.server.log.purge.preservation.log.num = 0 (default)
2023-04-19 12:53:39,165 [pool-101-thread-1] INFO  server.RaftServerConfigKeys (ConfUtils.java:logGet(46)) - raft.server.log.segment.size.max = 1048576 (custom)
2023-04-19 12:53:39,165 [pool-101-thread-1] INFO  server.RaftServerConfigKeys (ConfUtils.java:logGet(46)) - raft.server.log.segment.cache.num.max = 2 (custom)
2023-04-19 12:53:39,165 [pool-101-thread-1] INFO  server.RaftServerConfigKeys (ConfUtils.java:logGet(46)) - raft.server.log.segment.cache.size.max = 200MB (=209715200) (default)
2023-04-19 12:53:39,166 [pool-101-thread-1] INFO  segmented.SegmentedRaftLogWorker (SegmentedRaftLogWorker.java:<init>(189)) - new 48bd3453-a056-4dba-8f3e-044559c7ef64@group-C307DDC1A981-SegmentedRaftLogWorker for RaftStorageImpl:Storage Directory /home/runner/work/ozone/ozone/hadoop-ozone/integration-test/target/test-dir/MiniOzoneClusterImpl-2b3941d9-6b91-4c70-847f-5d11ff1da94e/datanode-1/data/ratis/a8908804-d92b-4b5a-8630-c307ddc1a981
2023-04-19 12:53:39,167 [pool-101-thread-1] INFO  server.RaftServerConfigKeys (ConfUtils.java:logGet(46)) - raft.server.log.queue.byte-limit = 4294967296 (custom)
2023-04-19 12:53:39,167 [pool-101-thread-1] INFO  server.RaftServerConfigKeys (ConfUtils.java:logGet(46)) - raft.server.log.queue.element-limit = 1024 (custom)
2023-04-19 12:53:39,167 [pool-101-thread-1] INFO  server.RaftServerConfigKeys (ConfUtils.java:logGet(46)) - raft.server.log.segment.size.max = 1048576 (custom)
2023-04-19 12:53:39,167 [pool-101-thread-1] INFO  server.RaftServerConfigKeys (ConfUtils.java:logGet(46)) - raft.server.log.preallocated.size = 16384 (custom)
2023-04-19 12:53:39,167 [pool-101-thread-1] INFO  server.RaftServerConfigKeys (ConfUtils.java:logGet(46)) - raft.server.log.force.sync.num = 128 (default)
2023-04-19 12:53:39,167 [pool-101-thread-1] INFO  server.RaftServerConfigKeys (ConfUtils.java:logGet(46)) - raft.server.log.statemachine.data.sync = true (default)
2023-04-19 12:53:39,168 [pool-101-thread-1] INFO  server.RaftServerConfigKeys (ConfUtils.java:logGet(46)) - raft.server.log.statemachine.data.sync.timeout = 10s (default)
2023-04-19 12:53:39,168 [pool-101-thread-1] INFO  server.RaftServerConfigKeys (ConfUtils.java:logGet(46)) - raft.server.log.statemachine.data.sync.timeout.retry = -1 (default)
2023-04-19 12:53:39,174 [pool-101-thread-1] INFO  server.RaftServerConfigKeys (ConfUtils.java:logGet(46)) - raft.server.log.write.buffer.size = 1048576 (custom)
2023-04-19 12:53:39,175 [pool-101-thread-1] INFO  server.RaftServerConfigKeys (ConfUtils.java:logGet(46)) - raft.server.log.appender.buffer.byte-limit = 33554432 (custom)
2023-04-19 12:53:39,180 [pool-101-thread-1] INFO  server.RaftServerConfigKeys (ConfUtils.java:logGet(46)) - raft.server.log.unsafe-flush.enabled = false (default)
2023-04-19 12:53:39,180 [pool-101-thread-1] INFO  server.RaftServerConfigKeys (ConfUtils.java:logGet(46)) - raft.server.log.async-flush.enabled = false (default)
2023-04-19 12:53:39,180 [pool-101-thread-1] INFO  server.RaftServerConfigKeys (ConfUtils.java:logGet(46)) - raft.server.log.statemachine.data.caching.enabled = true (custom)
2023-04-19 12:53:39,180 [pool-101-thread-1] INFO  segmented.SegmentedRaftLogWorker (SegmentedRaftLogWorker.java:lambda$new$0(135)) - 48bd3453-a056-4dba-8f3e-044559c7ef64@group-C307DDC1A981-SegmentedRaftLogWorker: flushIndex: setUnconditionally 0 -> -1
2023-04-19 12:53:39,180 [pool-101-thread-1] INFO  segmented.SegmentedRaftLogWorker (SegmentedRaftLogWorker.java:lambda$new$0(135)) - 48bd3453-a056-4dba-8f3e-044559c7ef64@group-C307DDC1A981-SegmentedRaftLogWorker: safeCacheEvictIndex: setUnconditionally 0 -> -1
2023-04-19 12:53:39,181 [pool-101-thread-1] INFO  server.RaftServer$Division (RaftServerImpl.java:start(334)) - 48bd3453-a056-4dba-8f3e-044559c7ef64@group-C307DDC1A981: start as a follower, conf=-1: peers:[864cfdb0-59f4-4b05-be68-a0956d5d2530|rpc:10.1.0.41:39959|dataStream:10.1.0.41:40457|priority:0|startupRole:FOLLOWER, 48bd3453-a056-4dba-8f3e-044559c7ef64|rpc:10.1.0.41:38755|dataStream:10.1.0.41:42163|priority:1|startupRole:FOLLOWER, e66947f2-c2f9-4763-81b4-1d75eb6bddc4|rpc:10.1.0.41:41491|dataStream:10.1.0.41:34879|priority:0|startupRole:FOLLOWER]|listeners:[], old=null
2023-04-19 12:53:39,181 [pool-101-thread-1] INFO  server.RaftServer$Division (RaftServerImpl.java:setRole(321)) - 48bd3453-a056-4dba-8f3e-044559c7ef64@group-C307DDC1A981: changes role from      null to FOLLOWER at term 0 for startAsFollower
2023-04-19 12:53:39,181 [pool-101-thread-1] INFO  impl.RoleInfo (RoleInfo.java:updateAndGet(139)) - 48bd3453-a056-4dba-8f3e-044559c7ef64: start 48bd3453-a056-4dba-8f3e-044559c7ef64@group-C307DDC1A981-FollowerState
2023-04-19 12:53:39,181 [48bd3453-a056-4dba-8f3e-044559c7ef64@group-C307DDC1A981-FollowerState] INFO  server.RaftServerConfigKeys (ConfUtils.java:logFallback(53)) - raft.server.rpc.first-election.timeout.min = 5s (fallback to raft.server.rpc.timeout.min)
2023-04-19 12:53:39,185 [48bd3453-a056-4dba-8f3e-044559c7ef64@group-C307DDC1A981-FollowerState] INFO  server.RaftServerConfigKeys (ConfUtils.java:logFallback(53)) - raft.server.rpc.first-election.timeout.max = 5200ms (fallback to raft.server.rpc.timeout.max)
2023-04-19 12:53:39,186 [pool-101-thread-1] INFO  util.JmxRegister (JmxRegister.java:tryRegister(44)) - Successfully registered JMX Bean with object name Ratis:service=RaftServer,group=group-C307DDC1A981,id=48bd3453-a056-4dba-8f3e-044559c7ef64
2023-04-19 12:53:39,186 [pool-101-thread-1] INFO  server.RaftServerConfigKeys (ConfUtils.java:logGet(46)) - raft.server.snapshot.auto.trigger.enabled = true (custom)
2023-04-19 12:53:39,188 [pool-101-thread-1] INFO  server.RaftServerConfigKeys (ConfUtils.java:logGet(46)) - raft.server.snapshot.auto.trigger.threshold = 10000 (custom)
2023-04-19 12:53:39,188 [pool-101-thread-1] INFO  server.RaftServerConfigKeys (ConfUtils.java:logGet(46)) - raft.server.snapshot.retention.file.num = 5 (custom)
2023-04-19 12:53:39,188 [pool-101-thread-1] INFO  server.RaftServerConfigKeys (ConfUtils.java:logGet(46)) - raft.server.log.purge.upto.snapshot.index = false (default)
2023-04-19 12:53:39,246 [grpc-default-executor-0] INFO  server.RaftServer (RaftServerProxy.java:addNew(96)) - 864cfdb0-59f4-4b05-be68-a0956d5d2530: addNew group-C307DDC1A981:[864cfdb0-59f4-4b05-be68-a0956d5d2530|rpc:10.1.0.41:39959|dataStream:10.1.0.41:40457|priority:0|startupRole:FOLLOWER, 48bd3453-a056-4dba-8f3e-044559c7ef64|rpc:10.1.0.41:38755|dataStream:10.1.0.41:42163|priority:1|startupRole:FOLLOWER, e66947f2-c2f9-4763-81b4-1d75eb6bddc4|rpc:10.1.0.41:41491|dataStream:10.1.0.41:34879|priority:0|startupRole:FOLLOWER] returns group-C307DDC1A981:java.util.concurrent.CompletableFuture@493dca1d[Not completed]
2023-04-19 12:53:39,248 [pool-123-thread-1] INFO  server.RaftServer$Division (RaftServerImpl.java:<init>(195)) - 864cfdb0-59f4-4b05-be68-a0956d5d2530: new RaftServerImpl for group-C307DDC1A981:[864cfdb0-59f4-4b05-be68-a0956d5d2530|rpc:10.1.0.41:39959|dataStream:10.1.0.41:40457|priority:0|startupRole:FOLLOWER, 48bd3453-a056-4dba-8f3e-044559c7ef64|rpc:10.1.0.41:38755|dataStream:10.1.0.41:42163|priority:1|startupRole:FOLLOWER, e66947f2-c2f9-4763-81b4-1d75eb6bddc4|rpc:10.1.0.41:41491|dataStream:10.1.0.41:34879|priority:0|startupRole:FOLLOWER] with ContainerStateMachine:uninitialized
2023-04-19 12:53:39,248 [pool-123-thread-1] INFO  server.RaftServerConfigKeys (ConfUtils.java:logGet(46)) - raft.server.rpc.timeout.min = 5s (custom)
2023-04-19 12:53:39,248 [pool-123-thread-1] INFO  server.RaftServerConfigKeys (ConfUtils.java:logGet(46)) - raft.server.rpc.timeout.max = 5200ms (custom)
2023-04-19 12:53:39,248 [pool-123-thread-1] INFO  server.RaftServerConfigKeys (ConfUtils.java:logGet(46)) - raft.server.rpc.sleep.time = 25ms (default)
2023-04-19 12:53:39,248 [pool-123-thread-1] INFO  server.RaftServerConfigKeys (ConfUtils.java:logGet(46)) - raft.server.rpc.slowness.timeout = 300s (custom)
2023-04-19 12:53:39,248 [pool-123-thread-1] INFO  server.RaftServerConfigKeys (ConfUtils.java:logGet(46)) - raft.server.leaderelection.leader.step-down.wait-time = 10s (default)
2023-04-19 12:53:39,248 [pool-123-thread-1] INFO  server.RaftServerConfigKeys (ConfUtils.java:logGet(46)) - raft.server.sleep.deviation.threshold = 300ms (default)
2023-04-19 12:53:39,248 [pool-123-thread-1] INFO  server.RaftServer$Division (ServerState.java:<init>(118)) - 864cfdb0-59f4-4b05-be68-a0956d5d2530@group-C307DDC1A981: ConfigurationManager, init=-1: peers:[864cfdb0-59f4-4b05-be68-a0956d5d2530|rpc:10.1.0.41:39959|dataStream:10.1.0.41:40457|priority:0|startupRole:FOLLOWER, 48bd3453-a056-4dba-8f3e-044559c7ef64|rpc:10.1.0.41:38755|dataStream:10.1.0.41:42163|priority:1|startupRole:FOLLOWER, e66947f2-c2f9-4763-81b4-1d75eb6bddc4|rpc:10.1.0.41:41491|dataStream:10.1.0.41:34879|priority:0|startupRole:FOLLOWER]|listeners:[], old=null, confs=<EMPTY_MAP>
2023-04-19 12:53:39,248 [pool-123-thread-1] INFO  server.RaftServerConfigKeys (ConfUtils.java:logGet(46)) - raft.server.storage.dir = [/home/runner/work/ozone/ozone/hadoop-ozone/integration-test/target/test-dir/MiniOzoneClusterImpl-2b3941d9-6b91-4c70-847f-5d11ff1da94e/datanode-2/data/ratis] (custom)
2023-04-19 12:53:39,248 [pool-123-thread-1] INFO  server.RaftServerConfigKeys (ConfUtils.java:logGet(46)) - raft.server.log.corruption.policy = EXCEPTION (default)
2023-04-19 12:53:39,249 [pool-123-thread-1] INFO  server.RaftServerConfigKeys (ConfUtils.java:logGet(46)) - raft.server.storage.free-space.min = 0MB (=0) (default)
2023-04-19 12:53:39,249 [pool-123-thread-1] INFO  server.RaftServerConfigKeys (ConfUtils.java:logGet(46)) - raft.server.notification.no-leader.timeout = 300s (custom)
2023-04-19 12:53:39,249 [pool-123-thread-1] INFO  server.RaftServerConfigKeys (ConfUtils.java:logGet(46)) - raft.server.retrycache.expirytime = 600000ms (custom)
2023-04-19 12:53:39,249 [pool-123-thread-1] INFO  server.RaftServerConfigKeys (ConfUtils.java:logGet(46)) - raft.server.retrycache.statistics.expirytime = 100μs (default)
2023-04-19 12:53:39,251 [pool-123-thread-1] INFO  server.RaftServerConfigKeys (ConfUtils.java:logGet(46)) - raft.server.log.appender.install.snapshot.enabled = false (custom)
2023-04-19 12:53:39,251 [pool-123-thread-1] INFO  server.RaftServerConfigKeys (ConfUtils.java:logGet(46)) - raft.server.threadpool.server.cached = true (default)
2023-04-19 12:53:39,251 [pool-123-thread-1] INFO  server.RaftServerConfigKeys (ConfUtils.java:logGet(46)) - raft.server.threadpool.server.size = 0 (default)
2023-04-19 12:53:39,251 [pool-123-thread-1] INFO  server.RaftServerConfigKeys (ConfUtils.java:logGet(46)) - raft.server.threadpool.client.cached = true (default)
2023-04-19 12:53:39,251 [pool-123-thread-1] INFO  server.RaftServerConfigKeys (ConfUtils.java:logGet(46)) - raft.server.threadpool.client.size = 0 (default)
2023-04-19 12:53:39,251 [pool-123-thread-1] INFO  storage.RaftStorageDirectory (RaftStorageDirectoryImpl.java:analyzeStorage(137)) - The storage directory /home/runner/work/ozone/ozone/hadoop-ozone/integration-test/target/test-dir/MiniOzoneClusterImpl-2b3941d9-6b91-4c70-847f-5d11ff1da94e/datanode-2/data/ratis/a8908804-d92b-4b5a-8630-c307ddc1a981 does not exist. Creating ...
2023-04-19 12:53:39,253 [Command processor thread] INFO  server.RaftServer (RaftServerProxy.java:addNew(96)) - 48bd3453-a056-4dba-8f3e-044559c7ef64: addNew group-BF47BBC66F4F:[48bd3453-a056-4dba-8f3e-044559c7ef64|rpc:10.1.0.41:38755|dataStream:10.1.0.41:42163|priority:1|startupRole:FOLLOWER] returns group-BF47BBC66F4F:java.util.concurrent.CompletableFuture@333ba774[Not completed]
2023-04-19 12:53:39,254 [pool-101-thread-1] INFO  server.RaftServer$Division (RaftServerImpl.java:<init>(195)) - 48bd3453-a056-4dba-8f3e-044559c7ef64: new RaftServerImpl for group-BF47BBC66F4F:[48bd3453-a056-4dba-8f3e-044559c7ef64|rpc:10.1.0.41:38755|dataStream:10.1.0.41:42163|priority:1|startupRole:FOLLOWER] with ContainerStateMachine:uninitialized
2023-04-19 12:53:39,254 [pool-101-thread-1] INFO  server.RaftServerConfigKeys (ConfUtils.java:logGet(46)) - raft.server.rpc.timeout.min = 5s (custom)
2023-04-19 12:53:39,255 [pool-101-thread-1] INFO  server.RaftServerConfigKeys (ConfUtils.java:logGet(46)) - raft.server.rpc.timeout.max = 5200ms (custom)
2023-04-19 12:53:39,255 [pool-101-thread-1] INFO  server.RaftServerConfigKeys (ConfUtils.java:logGet(46)) - raft.server.rpc.sleep.time = 25ms (default)
2023-04-19 12:53:39,255 [pool-101-thread-1] INFO  server.RaftServerConfigKeys (ConfUtils.java:logGet(46)) - raft.server.rpc.slowness.timeout = 300s (custom)
2023-04-19 12:53:39,255 [pool-101-thread-1] INFO  server.RaftServerConfigKeys (ConfUtils.java:logGet(46)) - raft.server.leaderelection.leader.step-down.wait-time = 10s (default)
2023-04-19 12:53:39,255 [pool-101-thread-1] INFO  server.RaftServerConfigKeys (ConfUtils.java:logGet(46)) - raft.server.sleep.deviation.threshold = 300ms (default)
2023-04-19 12:53:39,255 [pool-101-thread-1] INFO  server.RaftServer$Division (ServerState.java:<init>(118)) - 48bd3453-a056-4dba-8f3e-044559c7ef64@group-BF47BBC66F4F: ConfigurationManager, init=-1: peers:[48bd3453-a056-4dba-8f3e-044559c7ef64|rpc:10.1.0.41:38755|dataStream:10.1.0.41:42163|priority:1|startupRole:FOLLOWER]|listeners:[], old=null, confs=<EMPTY_MAP>
2023-04-19 12:53:39,255 [pool-101-thread-1] INFO  server.RaftServerConfigKeys (ConfUtils.java:logGet(46)) - raft.server.storage.dir = [/home/runner/work/ozone/ozone/hadoop-ozone/integration-test/target/test-dir/MiniOzoneClusterImpl-2b3941d9-6b91-4c70-847f-5d11ff1da94e/datanode-1/data/ratis] (custom)
2023-04-19 12:53:39,255 [pool-101-thread-1] INFO  server.RaftServerConfigKeys (ConfUtils.java:logGet(46)) - raft.server.log.corruption.policy = EXCEPTION (default)
2023-04-19 12:53:39,255 [pool-101-thread-1] INFO  server.RaftServerConfigKeys (ConfUtils.java:logGet(46)) - raft.server.storage.free-space.min = 0MB (=0) (default)
2023-04-19 12:53:39,255 [pool-101-thread-1] INFO  server.RaftServerConfigKeys (ConfUtils.java:logGet(46)) - raft.server.notification.no-leader.timeout = 300s (custom)
2023-04-19 12:53:39,255 [pool-101-thread-1] INFO  server.RaftServerConfigKeys (ConfUtils.java:logGet(46)) - raft.server.retrycache.expirytime = 600000ms (custom)
2023-04-19 12:53:39,255 [pool-101-thread-1] INFO  server.RaftServerConfigKeys (ConfUtils.java:logGet(46)) - raft.server.retrycache.statistics.expirytime = 100μs (default)
2023-04-19 12:53:39,256 [pool-101-thread-1] INFO  server.RaftServerConfigKeys (ConfUtils.java:logGet(46)) - raft.server.log.appender.install.snapshot.enabled = false (custom)
2023-04-19 12:53:39,256 [pool-101-thread-1] INFO  server.RaftServerConfigKeys (ConfUtils.java:logGet(46)) - raft.server.threadpool.server.cached = true (default)
2023-04-19 12:53:39,256 [pool-101-thread-1] INFO  server.RaftServerConfigKeys (ConfUtils.java:logGet(46)) - raft.server.threadpool.server.size = 0 (default)
2023-04-19 12:53:39,256 [pool-101-thread-1] INFO  server.RaftServerConfigKeys (ConfUtils.java:logGet(46)) - raft.server.threadpool.client.cached = true (default)
2023-04-19 12:53:39,256 [pool-101-thread-1] INFO  server.RaftServerConfigKeys (ConfUtils.java:logGet(46)) - raft.server.threadpool.client.size = 0 (default)
2023-04-19 12:53:39,257 [pool-101-thread-1] INFO  storage.RaftStorageDirectory (RaftStorageDirectoryImpl.java:analyzeStorage(137)) - The storage directory /home/runner/work/ozone/ozone/hadoop-ozone/integration-test/target/test-dir/MiniOzoneClusterImpl-2b3941d9-6b91-4c70-847f-5d11ff1da94e/datanode-1/data/ratis/d6ef186f-2e61-4225-a276-bf47bbc66f4f does not exist. Creating ...
2023-04-19 12:53:39,257 [pool-123-thread-1] INFO  storage.RaftStorageDirectory (RaftStorageDirectoryImpl.java:tryLock(231)) - Lock on /home/runner/work/ozone/ozone/hadoop-ozone/integration-test/target/test-dir/MiniOzoneClusterImpl-2b3941d9-6b91-4c70-847f-5d11ff1da94e/datanode-2/data/ratis/a8908804-d92b-4b5a-8630-c307ddc1a981/in_use.lock acquired by nodename 71175@fv-az625-389
2023-04-19 12:53:39,257 [pool-101-thread-1] INFO  storage.RaftStorageDirectory (RaftStorageDirectoryImpl.java:tryLock(231)) - Lock on /home/runner/work/ozone/ozone/hadoop-ozone/integration-test/target/test-dir/MiniOzoneClusterImpl-2b3941d9-6b91-4c70-847f-5d11ff1da94e/datanode-1/data/ratis/d6ef186f-2e61-4225-a276-bf47bbc66f4f/in_use.lock acquired by nodename 71175@fv-az625-389
2023-04-19 12:53:39,259 [pool-101-thread-1] INFO  storage.RaftStorage (RaftStorageImpl.java:format(96)) - Storage directory /home/runner/work/ozone/ozone/hadoop-ozone/integration-test/target/test-dir/MiniOzoneClusterImpl-2b3941d9-6b91-4c70-847f-5d11ff1da94e/datanode-1/data/ratis/d6ef186f-2e61-4225-a276-bf47bbc66f4f has been successfully formatted.
2023-04-19 12:53:39,260 [pool-101-thread-1] INFO  ratis.ContainerStateMachine (ContainerStateMachine.java:loadSnapshot(262)) - group-BF47BBC66F4F: The snapshot info is null. Setting the last applied indexto:(t:0, i:~)
2023-04-19 12:53:39,260 [pool-101-thread-1] INFO  server.RaftServerConfigKeys (ConfUtils.java:logGet(46)) - raft.server.log.use.memory = false (default)
2023-04-19 12:53:39,260 [pool-101-thread-1] INFO  server.RaftServerConfigKeys (ConfUtils.java:logGet(46)) - raft.server.log.purge.gap = 1000000 (custom)
2023-04-19 12:53:39,260 [pool-101-thread-1] INFO  server.RaftServerConfigKeys (ConfUtils.java:logGet(46)) - raft.server.log.appender.buffer.byte-limit = 33554432 (custom)
2023-04-19 12:53:39,260 [pool-101-thread-1] INFO  server.RaftServerConfigKeys (ConfUtils.java:logGet(46)) - raft.server.log.statemachine.data.read.timeout = 1000ms (default)
2023-04-19 12:53:39,260 [pool-101-thread-1] INFO  server.RaftServerConfigKeys (ConfUtils.java:logGet(46)) - raft.server.log.purge.preservation.log.num = 0 (default)
2023-04-19 12:53:39,262 [EventQueue-PipelineReportForPipelineReportHandler] INFO  pipeline.PipelineManagerImpl (PipelineManagerImpl.java:openPipeline(367)) - Pipeline Pipeline[ Id: d6ef186f-2e61-4225-a276-bf47bbc66f4f, Nodes: 48bd3453-a056-4dba-8f3e-044559c7ef64(fv-az625-389/10.1.0.41), ReplicationConfig: RATIS/ONE, State:ALLOCATED, leaderId:48bd3453-a056-4dba-8f3e-044559c7ef64, CreationTimestamp2023-04-19T12:53:36.259Z[Etc/UTC]] moved to OPEN state
2023-04-19 12:53:39,262 [pool-101-thread-1] INFO  server.RaftServerConfigKeys (ConfUtils.java:logGet(46)) - raft.server.log.segment.size.max = 1048576 (custom)
2023-04-19 12:53:39,263 [EventQueue-OpenPipelineForHealthyPipelineSafeModeRule] INFO  safemode.SCMSafeModeManager (HealthyPipelineSafeModeRule.java:process(137)) - SCM in safe mode. Healthy pipelines reported count is 0, required healthy pipeline reported count is 1
2023-04-19 12:53:39,262 [pool-123-thread-1] INFO  storage.RaftStorage (RaftStorageImpl.java:format(96)) - Storage directory /home/runner/work/ozone/ozone/hadoop-ozone/integration-test/target/test-dir/MiniOzoneClusterImpl-2b3941d9-6b91-4c70-847f-5d11ff1da94e/datanode-2/data/ratis/a8908804-d92b-4b5a-8630-c307ddc1a981 has been successfully formatted.
2023-04-19 12:53:39,264 [pool-101-thread-1] INFO  server.RaftServerConfigKeys (ConfUtils.java:logGet(46)) - raft.server.log.segment.cache.num.max = 2 (custom)
2023-04-19 12:53:39,264 [pool-101-thread-1] INFO  server.RaftServerConfigKeys (ConfUtils.java:logGet(46)) - raft.server.log.segment.cache.size.max = 200MB (=209715200) (default)
2023-04-19 12:53:39,264 [pool-101-thread-1] INFO  segmented.SegmentedRaftLogWorker (SegmentedRaftLogWorker.java:<init>(189)) - new 48bd3453-a056-4dba-8f3e-044559c7ef64@group-BF47BBC66F4F-SegmentedRaftLogWorker for RaftStorageImpl:Storage Directory /home/runner/work/ozone/ozone/hadoop-ozone/integration-test/target/test-dir/MiniOzoneClusterImpl-2b3941d9-6b91-4c70-847f-5d11ff1da94e/datanode-1/data/ratis/d6ef186f-2e61-4225-a276-bf47bbc66f4f
2023-04-19 12:53:39,264 [pool-101-thread-1] INFO  server.RaftServerConfigKeys (ConfUtils.java:logGet(46)) - raft.server.log.queue.byte-limit = 4294967296 (custom)
2023-04-19 12:53:39,264 [pool-101-thread-1] INFO  server.RaftServerConfigKeys (ConfUtils.java:logGet(46)) - raft.server.log.queue.element-limit = 1024 (custom)
2023-04-19 12:53:39,264 [pool-101-thread-1] INFO  server.RaftServerConfigKeys (ConfUtils.java:logGet(46)) - raft.server.log.segment.size.max = 1048576 (custom)
2023-04-19 12:53:39,270 [pool-123-thread-1] INFO  ratis.ContainerStateMachine (ContainerStateMachine.java:loadSnapshot(262)) - group-C307DDC1A981: The snapshot info is null. Setting the last applied indexto:(t:0, i:~)
2023-04-19 12:53:39,270 [pool-123-thread-1] INFO  server.RaftServerConfigKeys (ConfUtils.java:logGet(46)) - raft.server.log.use.memory = false (default)
2023-04-19 12:53:39,270 [pool-123-thread-1] INFO  server.RaftServerConfigKeys (ConfUtils.java:logGet(46)) - raft.server.log.purge.gap = 1000000 (custom)
2023-04-19 12:53:39,270 [pool-123-thread-1] INFO  server.RaftServerConfigKeys (ConfUtils.java:logGet(46)) - raft.server.log.appender.buffer.byte-limit = 33554432 (custom)
2023-04-19 12:53:39,270 [pool-123-thread-1] INFO  server.RaftServerConfigKeys (ConfUtils.java:logGet(46)) - raft.server.log.statemachine.data.read.timeout = 1000ms (default)
2023-04-19 12:53:39,270 [pool-123-thread-1] INFO  server.RaftServerConfigKeys (ConfUtils.java:logGet(46)) - raft.server.log.purge.preservation.log.num = 0 (default)
2023-04-19 12:53:39,270 [pool-123-thread-1] INFO  server.RaftServerConfigKeys (ConfUtils.java:logGet(46)) - raft.server.log.segment.size.max = 1048576 (custom)
2023-04-19 12:53:39,270 [pool-123-thread-1] INFO  server.RaftServerConfigKeys (ConfUtils.java:logGet(46)) - raft.server.log.segment.cache.num.max = 2 (custom)
2023-04-19 12:53:39,270 [pool-123-thread-1] INFO  server.RaftServerConfigKeys (ConfUtils.java:logGet(46)) - raft.server.log.segment.cache.size.max = 200MB (=209715200) (default)
2023-04-19 12:53:39,271 [pool-123-thread-1] INFO  segmented.SegmentedRaftLogWorker (SegmentedRaftLogWorker.java:<init>(189)) - new 864cfdb0-59f4-4b05-be68-a0956d5d2530@group-C307DDC1A981-SegmentedRaftLogWorker for RaftStorageImpl:Storage Directory /home/runner/work/ozone/ozone/hadoop-ozone/integration-test/target/test-dir/MiniOzoneClusterImpl-2b3941d9-6b91-4c70-847f-5d11ff1da94e/datanode-2/data/ratis/a8908804-d92b-4b5a-8630-c307ddc1a981
2023-04-19 12:53:39,271 [pool-123-thread-1] INFO  server.RaftServerConfigKeys (ConfUtils.java:logGet(46)) - raft.server.log.queue.byte-limit = 4294967296 (custom)
2023-04-19 12:53:39,271 [pool-123-thread-1] INFO  server.RaftServerConfigKeys (ConfUtils.java:logGet(46)) - raft.server.log.queue.element-limit = 1024 (custom)
2023-04-19 12:53:39,271 [pool-123-thread-1] INFO  server.RaftServerConfigKeys (ConfUtils.java:logGet(46)) - raft.server.log.segment.size.max = 1048576 (custom)
2023-04-19 12:53:39,271 [pool-123-thread-1] INFO  server.RaftServerConfigKeys (ConfUtils.java:logGet(46)) - raft.server.log.preallocated.size = 16384 (custom)
2023-04-19 12:53:39,271 [pool-123-thread-1] INFO  server.RaftServerConfigKeys (ConfUtils.java:logGet(46)) - raft.server.log.force.sync.num = 128 (default)
2023-04-19 12:53:39,271 [pool-123-thread-1] INFO  server.RaftServerConfigKeys (ConfUtils.java:logGet(46)) - raft.server.log.statemachine.data.sync = true (default)
2023-04-19 12:53:39,271 [pool-123-thread-1] INFO  server.RaftServerConfigKeys (ConfUtils.java:logGet(46)) - raft.server.log.statemachine.data.sync.timeout = 10s (default)
2023-04-19 12:53:39,271 [pool-123-thread-1] INFO  server.RaftServerConfigKeys (ConfUtils.java:logGet(46)) - raft.server.log.statemachine.data.sync.timeout.retry = -1 (default)
2023-04-19 12:53:39,271 [pool-101-thread-1] INFO  server.RaftServerConfigKeys (ConfUtils.java:logGet(46)) - raft.server.log.preallocated.size = 16384 (custom)
2023-04-19 12:53:39,271 [pool-101-thread-1] INFO  server.RaftServerConfigKeys (ConfUtils.java:logGet(46)) - raft.server.log.force.sync.num = 128 (default)
2023-04-19 12:53:39,271 [pool-101-thread-1] INFO  server.RaftServerConfigKeys (ConfUtils.java:logGet(46)) - raft.server.log.statemachine.data.sync = true (default)
2023-04-19 12:53:39,272 [pool-101-thread-1] INFO  server.RaftServerConfigKeys (ConfUtils.java:logGet(46)) - raft.server.log.statemachine.data.sync.timeout = 10s (default)
2023-04-19 12:53:39,272 [pool-101-thread-1] INFO  server.RaftServerConfigKeys (ConfUtils.java:logGet(46)) - raft.server.log.statemachine.data.sync.timeout.retry = -1 (default)
2023-04-19 12:53:39,272 [pool-101-thread-1] INFO  server.RaftServerConfigKeys (ConfUtils.java:logGet(46)) - raft.server.log.write.buffer.size = 1048576 (custom)
2023-04-19 12:53:39,273 [pool-123-thread-1] INFO  server.RaftServerConfigKeys (ConfUtils.java:logGet(46)) - raft.server.log.write.buffer.size = 1048576 (custom)
2023-04-19 12:53:39,274 [pool-123-thread-1] INFO  server.RaftServerConfigKeys (ConfUtils.java:logGet(46)) - raft.server.log.appender.buffer.byte-limit = 33554432 (custom)
2023-04-19 12:53:39,278 [pool-123-thread-1] INFO  server.RaftServerConfigKeys (ConfUtils.java:logGet(46)) - raft.server.log.unsafe-flush.enabled = false (default)
2023-04-19 12:53:39,278 [pool-123-thread-1] INFO  server.RaftServerConfigKeys (ConfUtils.java:logGet(46)) - raft.server.log.async-flush.enabled = false (default)
2023-04-19 12:53:39,279 [pool-123-thread-1] INFO  server.RaftServerConfigKeys (ConfUtils.java:logGet(46)) - raft.server.log.statemachine.data.caching.enabled = true (custom)
2023-04-19 12:53:39,279 [pool-123-thread-1] INFO  segmented.SegmentedRaftLogWorker (SegmentedRaftLogWorker.java:lambda$new$0(135)) - 864cfdb0-59f4-4b05-be68-a0956d5d2530@group-C307DDC1A981-SegmentedRaftLogWorker: flushIndex: setUnconditionally 0 -> -1
2023-04-19 12:53:39,279 [pool-123-thread-1] INFO  segmented.SegmentedRaftLogWorker (SegmentedRaftLogWorker.java:lambda$new$0(135)) - 864cfdb0-59f4-4b05-be68-a0956d5d2530@group-C307DDC1A981-SegmentedRaftLogWorker: safeCacheEvictIndex: setUnconditionally 0 -> -1
2023-04-19 12:53:39,279 [pool-101-thread-1] INFO  server.RaftServerConfigKeys (ConfUtils.java:logGet(46)) - raft.server.log.appender.buffer.byte-limit = 33554432 (custom)
2023-04-19 12:53:39,284 [pool-101-thread-1] INFO  server.RaftServerConfigKeys (ConfUtils.java:logGet(46)) - raft.server.log.unsafe-flush.enabled = false (default)
2023-04-19 12:53:39,284 [pool-101-thread-1] INFO  server.RaftServerConfigKeys (ConfUtils.java:logGet(46)) - raft.server.log.async-flush.enabled = false (default)
2023-04-19 12:53:39,284 [pool-101-thread-1] INFO  server.RaftServerConfigKeys (ConfUtils.java:logGet(46)) - raft.server.log.statemachine.data.caching.enabled = true (custom)
2023-04-19 12:53:39,284 [pool-101-thread-1] INFO  segmented.SegmentedRaftLogWorker (SegmentedRaftLogWorker.java:lambda$new$0(135)) - 48bd3453-a056-4dba-8f3e-044559c7ef64@group-BF47BBC66F4F-SegmentedRaftLogWorker: flushIndex: setUnconditionally 0 -> -1
2023-04-19 12:53:39,288 [pool-101-thread-1] INFO  segmented.SegmentedRaftLogWorker (SegmentedRaftLogWorker.java:lambda$new$0(135)) - 48bd3453-a056-4dba-8f3e-044559c7ef64@group-BF47BBC66F4F-SegmentedRaftLogWorker: safeCacheEvictIndex: setUnconditionally 0 -> -1
2023-04-19 12:53:39,285 [pool-123-thread-1] INFO  server.RaftServer$Division (RaftServerImpl.java:start(334)) - 864cfdb0-59f4-4b05-be68-a0956d5d2530@group-C307DDC1A981: start as a follower, conf=-1: peers:[864cfdb0-59f4-4b05-be68-a0956d5d2530|rpc:10.1.0.41:39959|dataStream:10.1.0.41:40457|priority:0|startupRole:FOLLOWER, 48bd3453-a056-4dba-8f3e-044559c7ef64|rpc:10.1.0.41:38755|dataStream:10.1.0.41:42163|priority:1|startupRole:FOLLOWER, e66947f2-c2f9-4763-81b4-1d75eb6bddc4|rpc:10.1.0.41:41491|dataStream:10.1.0.41:34879|priority:0|startupRole:FOLLOWER]|listeners:[], old=null
2023-04-19 12:53:39,288 [pool-123-thread-1] INFO  server.RaftServer$Division (RaftServerImpl.java:setRole(321)) - 864cfdb0-59f4-4b05-be68-a0956d5d2530@group-C307DDC1A981: changes role from      null to FOLLOWER at term 0 for startAsFollower
2023-04-19 12:53:39,289 [pool-101-thread-1] INFO  server.RaftServer$Division (RaftServerImpl.java:start(334)) - 48bd3453-a056-4dba-8f3e-044559c7ef64@group-BF47BBC66F4F: start as a follower, conf=-1: peers:[48bd3453-a056-4dba-8f3e-044559c7ef64|rpc:10.1.0.41:38755|dataStream:10.1.0.41:42163|priority:1|startupRole:FOLLOWER]|listeners:[], old=null
2023-04-19 12:53:39,293 [pool-101-thread-1] INFO  server.RaftServer$Division (RaftServerImpl.java:setRole(321)) - 48bd3453-a056-4dba-8f3e-044559c7ef64@group-BF47BBC66F4F: changes role from      null to FOLLOWER at term 0 for startAsFollower
2023-04-19 12:53:39,293 [pool-101-thread-1] INFO  impl.RoleInfo (RoleInfo.java:updateAndGet(139)) - 48bd3453-a056-4dba-8f3e-044559c7ef64: start 48bd3453-a056-4dba-8f3e-044559c7ef64@group-BF47BBC66F4F-FollowerState
2023-04-19 12:53:39,294 [48bd3453-a056-4dba-8f3e-044559c7ef64@group-BF47BBC66F4F-FollowerState] INFO  server.RaftServerConfigKeys (ConfUtils.java:logFallback(53)) - raft.server.rpc.first-election.timeout.min = 5s (fallback to raft.server.rpc.timeout.min)
2023-04-19 12:53:39,294 [48bd3453-a056-4dba-8f3e-044559c7ef64@group-BF47BBC66F4F-FollowerState] INFO  server.RaftServerConfigKeys (ConfUtils.java:logFallback(53)) - raft.server.rpc.first-election.timeout.max = 5200ms (fallback to raft.server.rpc.timeout.max)
2023-04-19 12:53:39,294 [pool-101-thread-1] INFO  util.JmxRegister (JmxRegister.java:tryRegister(44)) - Successfully registered JMX Bean with object name Ratis:service=RaftServer,group=group-BF47BBC66F4F,id=48bd3453-a056-4dba-8f3e-044559c7ef64
2023-04-19 12:53:39,294 [pool-123-thread-1] INFO  impl.RoleInfo (RoleInfo.java:updateAndGet(139)) - 864cfdb0-59f4-4b05-be68-a0956d5d2530: start 864cfdb0-59f4-4b05-be68-a0956d5d2530@group-C307DDC1A981-FollowerState
2023-04-19 12:53:39,294 [pool-101-thread-1] INFO  server.RaftServerConfigKeys (ConfUtils.java:logGet(46)) - raft.server.snapshot.auto.trigger.enabled = true (custom)
2023-04-19 12:53:39,294 [pool-101-thread-1] INFO  server.RaftServerConfigKeys (ConfUtils.java:logGet(46)) - raft.server.snapshot.auto.trigger.threshold = 10000 (custom)
2023-04-19 12:53:39,294 [pool-101-thread-1] INFO  server.RaftServerConfigKeys (ConfUtils.java:logGet(46)) - raft.server.snapshot.retention.file.num = 5 (custom)
2023-04-19 12:53:39,294 [pool-123-thread-1] INFO  util.JmxRegister (JmxRegister.java:tryRegister(44)) - Successfully registered JMX Bean with object name Ratis:service=RaftServer,group=group-C307DDC1A981,id=864cfdb0-59f4-4b05-be68-a0956d5d2530
2023-04-19 12:53:39,294 [pool-101-thread-1] INFO  server.RaftServerConfigKeys (ConfUtils.java:logGet(46)) - raft.server.log.purge.upto.snapshot.index = false (default)
2023-04-19 12:53:39,294 [864cfdb0-59f4-4b05-be68-a0956d5d2530@group-C307DDC1A981-FollowerState] INFO  server.RaftServerConfigKeys (ConfUtils.java:logFallback(53)) - raft.server.rpc.first-election.timeout.min = 5s (fallback to raft.server.rpc.timeout.min)
2023-04-19 12:53:39,294 [pool-123-thread-1] INFO  server.RaftServerConfigKeys (ConfUtils.java:logGet(46)) - raft.server.snapshot.auto.trigger.enabled = true (custom)
2023-04-19 12:53:39,295 [pool-123-thread-1] INFO  server.RaftServerConfigKeys (ConfUtils.java:logGet(46)) - raft.server.snapshot.auto.trigger.threshold = 10000 (custom)
2023-04-19 12:53:39,295 [pool-123-thread-1] INFO  server.RaftServerConfigKeys (ConfUtils.java:logGet(46)) - raft.server.snapshot.retention.file.num = 5 (custom)
2023-04-19 12:53:39,295 [pool-123-thread-1] INFO  server.RaftServerConfigKeys (ConfUtils.java:logGet(46)) - raft.server.log.purge.upto.snapshot.index = false (default)
2023-04-19 12:53:39,296 [864cfdb0-59f4-4b05-be68-a0956d5d2530@group-C307DDC1A981-FollowerState] INFO  server.RaftServerConfigKeys (ConfUtils.java:logFallback(53)) - raft.server.rpc.first-election.timeout.max = 5200ms (fallback to raft.server.rpc.timeout.max)
2023-04-19 12:53:39,313 [Command processor thread] INFO  ratis.XceiverServerRatis (XceiverServerRatis.java:addGroup(806)) - Created group PipelineID=d6ef186f-2e61-4225-a276-bf47bbc66f4f
2023-04-19 12:53:39,313 [Command processor thread] INFO  commandhandler.CreatePipelineCommandHandler (CreatePipelineCommandHandler.java:handle(113)) - Created Pipeline RATIS ONE PipelineID=d6ef186f-2e61-4225-a276-bf47bbc66f4f.
2023-04-19 12:53:39,316 [Command processor thread] INFO  server.RaftServer (RaftServerProxy.java:addNew(96)) - 48bd3453-a056-4dba-8f3e-044559c7ef64: addNew group-447D4314A1A7:[864cfdb0-59f4-4b05-be68-a0956d5d2530|rpc:10.1.0.41:39959|dataStream:10.1.0.41:40457|priority:1|startupRole:FOLLOWER, 48bd3453-a056-4dba-8f3e-044559c7ef64|rpc:10.1.0.41:38755|dataStream:10.1.0.41:42163|priority:0|startupRole:FOLLOWER, e66947f2-c2f9-4763-81b4-1d75eb6bddc4|rpc:10.1.0.41:41491|dataStream:10.1.0.41:34879|priority:0|startupRole:FOLLOWER] returns group-447D4314A1A7:java.util.concurrent.CompletableFuture@3dfc5f63[Not completed]
2023-04-19 12:53:39,325 [Command processor thread] INFO  commandhandler.CreatePipelineCommandHandler (CreatePipelineCommandHandler.java:handle(113)) - Created Pipeline RATIS THREE PipelineID=a8908804-d92b-4b5a-8630-c307ddc1a981.
2023-04-19 12:53:39,326 [Command processor thread] INFO  server.RaftServer (RaftServerProxy.java:addNew(96)) - e66947f2-c2f9-4763-81b4-1d75eb6bddc4: addNew group-447D4314A1A7:[864cfdb0-59f4-4b05-be68-a0956d5d2530|rpc:10.1.0.41:39959|dataStream:10.1.0.41:40457|priority:1|startupRole:FOLLOWER, 48bd3453-a056-4dba-8f3e-044559c7ef64|rpc:10.1.0.41:38755|dataStream:10.1.0.41:42163|priority:0|startupRole:FOLLOWER, e66947f2-c2f9-4763-81b4-1d75eb6bddc4|rpc:10.1.0.41:41491|dataStream:10.1.0.41:34879|priority:0|startupRole:FOLLOWER] returns group-447D4314A1A7:java.util.concurrent.CompletableFuture@2daecf2f[Not completed]
2023-04-19 12:53:39,329 [pool-101-thread-1] INFO  server.RaftServer$Division (RaftServerImpl.java:<init>(195)) - 48bd3453-a056-4dba-8f3e-044559c7ef64: new RaftServerImpl for group-447D4314A1A7:[864cfdb0-59f4-4b05-be68-a0956d5d2530|rpc:10.1.0.41:39959|dataStream:10.1.0.41:40457|priority:1|startupRole:FOLLOWER, 48bd3453-a056-4dba-8f3e-044559c7ef64|rpc:10.1.0.41:38755|dataStream:10.1.0.41:42163|priority:0|startupRole:FOLLOWER, e66947f2-c2f9-4763-81b4-1d75eb6bddc4|rpc:10.1.0.41:41491|dataStream:10.1.0.41:34879|priority:0|startupRole:FOLLOWER] with ContainerStateMachine:uninitialized
2023-04-19 12:53:39,330 [pool-101-thread-1] INFO  server.RaftServerConfigKeys (ConfUtils.java:logGet(46)) - raft.server.rpc.timeout.min = 5s (custom)
2023-04-19 12:53:39,330 [pool-101-thread-1] INFO  server.RaftServerConfigKeys (ConfUtils.java:logGet(46)) - raft.server.rpc.timeout.max = 5200ms (custom)
2023-04-19 12:53:39,330 [pool-101-thread-1] INFO  server.RaftServerConfigKeys (ConfUtils.java:logGet(46)) - raft.server.rpc.sleep.time = 25ms (default)
2023-04-19 12:53:39,330 [pool-101-thread-1] INFO  server.RaftServerConfigKeys (ConfUtils.java:logGet(46)) - raft.server.rpc.slowness.timeout = 300s (custom)
2023-04-19 12:53:39,330 [pool-101-thread-1] INFO  server.RaftServerConfigKeys (ConfUtils.java:logGet(46)) - raft.server.leaderelection.leader.step-down.wait-time = 10s (default)
2023-04-19 12:53:39,330 [pool-101-thread-1] INFO  server.RaftServerConfigKeys (ConfUtils.java:logGet(46)) - raft.server.sleep.deviation.threshold = 300ms (default)
2023-04-19 12:53:39,330 [pool-101-thread-1] INFO  server.RaftServer$Division (ServerState.java:<init>(118)) - 48bd3453-a056-4dba-8f3e-044559c7ef64@group-447D4314A1A7: ConfigurationManager, init=-1: peers:[864cfdb0-59f4-4b05-be68-a0956d5d2530|rpc:10.1.0.41:39959|dataStream:10.1.0.41:40457|priority:1|startupRole:FOLLOWER, 48bd3453-a056-4dba-8f3e-044559c7ef64|rpc:10.1.0.41:38755|dataStream:10.1.0.41:42163|priority:0|startupRole:FOLLOWER, e66947f2-c2f9-4763-81b4-1d75eb6bddc4|rpc:10.1.0.41:41491|dataStream:10.1.0.41:34879|priority:0|startupRole:FOLLOWER]|listeners:[], old=null, confs=<EMPTY_MAP>
2023-04-19 12:53:39,331 [pool-101-thread-1] INFO  server.RaftServerConfigKeys (ConfUtils.java:logGet(46)) - raft.server.storage.dir = [/home/runner/work/ozone/ozone/hadoop-ozone/integration-test/target/test-dir/MiniOzoneClusterImpl-2b3941d9-6b91-4c70-847f-5d11ff1da94e/datanode-1/data/ratis] (custom)
2023-04-19 12:53:39,331 [pool-101-thread-1] INFO  server.RaftServerConfigKeys (ConfUtils.java:logGet(46)) - raft.server.log.corruption.policy = EXCEPTION (default)
2023-04-19 12:53:39,331 [pool-101-thread-1] INFO  server.RaftServerConfigKeys (ConfUtils.java:logGet(46)) - raft.server.storage.free-space.min = 0MB (=0) (default)
2023-04-19 12:53:39,331 [pool-101-thread-1] INFO  server.RaftServerConfigKeys (ConfUtils.java:logGet(46)) - raft.server.notification.no-leader.timeout = 300s (custom)
2023-04-19 12:53:39,331 [pool-101-thread-1] INFO  server.RaftServerConfigKeys (ConfUtils.java:logGet(46)) - raft.server.retrycache.expirytime = 600000ms (custom)
2023-04-19 12:53:39,331 [pool-101-thread-1] INFO  server.RaftServerConfigKeys (ConfUtils.java:logGet(46)) - raft.server.retrycache.statistics.expirytime = 100μs (default)
2023-04-19 12:53:39,331 [pool-79-thread-1] INFO  server.RaftServer$Division (RaftServerImpl.java:<init>(195)) - e66947f2-c2f9-4763-81b4-1d75eb6bddc4: new RaftServerImpl for group-447D4314A1A7:[864cfdb0-59f4-4b05-be68-a0956d5d2530|rpc:10.1.0.41:39959|dataStream:10.1.0.41:40457|priority:1|startupRole:FOLLOWER, 48bd3453-a056-4dba-8f3e-044559c7ef64|rpc:10.1.0.41:38755|dataStream:10.1.0.41:42163|priority:0|startupRole:FOLLOWER, e66947f2-c2f9-4763-81b4-1d75eb6bddc4|rpc:10.1.0.41:41491|dataStream:10.1.0.41:34879|priority:0|startupRole:FOLLOWER] with ContainerStateMachine:uninitialized
2023-04-19 12:53:39,332 [pool-79-thread-1] INFO  server.RaftServerConfigKeys (ConfUtils.java:logGet(46)) - raft.server.rpc.timeout.min = 5s (custom)
2023-04-19 12:53:39,332 [pool-79-thread-1] INFO  server.RaftServerConfigKeys (ConfUtils.java:logGet(46)) - raft.server.rpc.timeout.max = 5200ms (custom)
2023-04-19 12:53:39,332 [pool-79-thread-1] INFO  server.RaftServerConfigKeys (ConfUtils.java:logGet(46)) - raft.server.rpc.sleep.time = 25ms (default)
2023-04-19 12:53:39,332 [pool-79-thread-1] INFO  server.RaftServerConfigKeys (ConfUtils.java:logGet(46)) - raft.server.rpc.slowness.timeout = 300s (custom)
2023-04-19 12:53:39,332 [pool-79-thread-1] INFO  server.RaftServerConfigKeys (ConfUtils.java:logGet(46)) - raft.server.leaderelection.leader.step-down.wait-time = 10s (default)
2023-04-19 12:53:39,332 [pool-79-thread-1] INFO  server.RaftServerConfigKeys (ConfUtils.java:logGet(46)) - raft.server.sleep.deviation.threshold = 300ms (default)
2023-04-19 12:53:39,332 [pool-79-thread-1] INFO  server.RaftServer$Division (ServerState.java:<init>(118)) - e66947f2-c2f9-4763-81b4-1d75eb6bddc4@group-447D4314A1A7: ConfigurationManager, init=-1: peers:[864cfdb0-59f4-4b05-be68-a0956d5d2530|rpc:10.1.0.41:39959|dataStream:10.1.0.41:40457|priority:1|startupRole:FOLLOWER, 48bd3453-a056-4dba-8f3e-044559c7ef64|rpc:10.1.0.41:38755|dataStream:10.1.0.41:42163|priority:0|startupRole:FOLLOWER, e66947f2-c2f9-4763-81b4-1d75eb6bddc4|rpc:10.1.0.41:41491|dataStream:10.1.0.41:34879|priority:0|startupRole:FOLLOWER]|listeners:[], old=null, confs=<EMPTY_MAP>
2023-04-19 12:53:39,332 [pool-79-thread-1] INFO  server.RaftServerConfigKeys (ConfUtils.java:logGet(46)) - raft.server.storage.dir = [/home/runner/work/ozone/ozone/hadoop-ozone/integration-test/target/test-dir/MiniOzoneClusterImpl-2b3941d9-6b91-4c70-847f-5d11ff1da94e/datanode-0/data/ratis] (custom)
2023-04-19 12:53:39,332 [pool-79-thread-1] INFO  server.RaftServerConfigKeys (ConfUtils.java:logGet(46)) - raft.server.log.corruption.policy = EXCEPTION (default)
2023-04-19 12:53:39,332 [pool-79-thread-1] INFO  server.RaftServerConfigKeys (ConfUtils.java:logGet(46)) - raft.server.storage.free-space.min = 0MB (=0) (default)
2023-04-19 12:53:39,332 [pool-79-thread-1] INFO  server.RaftServerConfigKeys (ConfUtils.java:logGet(46)) - raft.server.notification.no-leader.timeout = 300s (custom)
2023-04-19 12:53:39,333 [pool-79-thread-1] INFO  server.RaftServerConfigKeys (ConfUtils.java:logGet(46)) - raft.server.retrycache.expirytime = 600000ms (custom)
2023-04-19 12:53:39,333 [pool-79-thread-1] INFO  server.RaftServerConfigKeys (ConfUtils.java:logGet(46)) - raft.server.retrycache.statistics.expirytime = 100μs (default)
2023-04-19 12:53:39,333 [pool-79-thread-1] INFO  server.RaftServerConfigKeys (ConfUtils.java:logGet(46)) - raft.server.log.appender.install.snapshot.enabled = false (custom)
2023-04-19 12:53:39,334 [pool-79-thread-1] INFO  server.RaftServerConfigKeys (ConfUtils.java:logGet(46)) - raft.server.threadpool.server.cached = true (default)
2023-04-19 12:53:39,334 [pool-79-thread-1] INFO  server.RaftServerConfigKeys (ConfUtils.java:logGet(46)) - raft.server.threadpool.server.size = 0 (default)
2023-04-19 12:53:39,334 [pool-79-thread-1] INFO  server.RaftServerConfigKeys (ConfUtils.java:logGet(46)) - raft.server.threadpool.client.cached = true (default)
2023-04-19 12:53:39,334 [pool-79-thread-1] INFO  server.RaftServerConfigKeys (ConfUtils.java:logGet(46)) - raft.server.threadpool.client.size = 0 (default)
2023-04-19 12:53:39,334 [pool-101-thread-1] INFO  server.RaftServerConfigKeys (ConfUtils.java:logGet(46)) - raft.server.log.appender.install.snapshot.enabled = false (custom)
2023-04-19 12:53:39,334 [pool-79-thread-1] INFO  storage.RaftStorageDirectory (RaftStorageDirectoryImpl.java:analyzeStorage(137)) - The storage directory /home/runner/work/ozone/ozone/hadoop-ozone/integration-test/target/test-dir/MiniOzoneClusterImpl-2b3941d9-6b91-4c70-847f-5d11ff1da94e/datanode-0/data/ratis/7110e767-5f8a-42c0-a079-447d4314a1a7 does not exist. Creating ...
2023-04-19 12:53:39,334 [pool-101-thread-1] INFO  server.RaftServerConfigKeys (ConfUtils.java:logGet(46)) - raft.server.threadpool.server.cached = true (default)
2023-04-19 12:53:39,335 [pool-101-thread-1] INFO  server.RaftServerConfigKeys (ConfUtils.java:logGet(46)) - raft.server.threadpool.server.size = 0 (default)
2023-04-19 12:53:39,335 [pool-101-thread-1] INFO  server.RaftServerConfigKeys (ConfUtils.java:logGet(46)) - raft.server.threadpool.client.cached = true (default)
2023-04-19 12:53:39,335 [pool-101-thread-1] INFO  server.RaftServerConfigKeys (ConfUtils.java:logGet(46)) - raft.server.threadpool.client.size = 0 (default)
2023-04-19 12:53:39,335 [pool-101-thread-1] INFO  storage.RaftStorageDirectory (RaftStorageDirectoryImpl.java:analyzeStorage(137)) - The storage directory /home/runner/work/ozone/ozone/hadoop-ozone/integration-test/target/test-dir/MiniOzoneClusterImpl-2b3941d9-6b91-4c70-847f-5d11ff1da94e/datanode-1/data/ratis/7110e767-5f8a-42c0-a079-447d4314a1a7 does not exist. Creating ...
2023-04-19 12:53:39,335 [pool-79-thread-1] INFO  storage.RaftStorageDirectory (RaftStorageDirectoryImpl.java:tryLock(231)) - Lock on /home/runner/work/ozone/ozone/hadoop-ozone/integration-test/target/test-dir/MiniOzoneClusterImpl-2b3941d9-6b91-4c70-847f-5d11ff1da94e/datanode-0/data/ratis/7110e767-5f8a-42c0-a079-447d4314a1a7/in_use.lock acquired by nodename 71175@fv-az625-389
2023-04-19 12:53:39,336 [pool-79-thread-1] INFO  storage.RaftStorage (RaftStorageImpl.java:format(96)) - Storage directory /home/runner/work/ozone/ozone/hadoop-ozone/integration-test/target/test-dir/MiniOzoneClusterImpl-2b3941d9-6b91-4c70-847f-5d11ff1da94e/datanode-0/data/ratis/7110e767-5f8a-42c0-a079-447d4314a1a7 has been successfully formatted.
2023-04-19 12:53:39,337 [pool-79-thread-1] INFO  ratis.ContainerStateMachine (ContainerStateMachine.java:loadSnapshot(262)) - group-447D4314A1A7: The snapshot info is null. Setting the last applied indexto:(t:0, i:~)
2023-04-19 12:53:39,337 [pool-79-thread-1] INFO  server.RaftServerConfigKeys (ConfUtils.java:logGet(46)) - raft.server.log.use.memory = false (default)
2023-04-19 12:53:39,337 [pool-79-thread-1] INFO  server.RaftServerConfigKeys (ConfUtils.java:logGet(46)) - raft.server.log.purge.gap = 1000000 (custom)
2023-04-19 12:53:39,337 [pool-79-thread-1] INFO  server.RaftServerConfigKeys (ConfUtils.java:logGet(46)) - raft.server.log.appender.buffer.byte-limit = 33554432 (custom)
2023-04-19 12:53:39,337 [pool-79-thread-1] INFO  server.RaftServerConfigKeys (ConfUtils.java:logGet(46)) - raft.server.log.statemachine.data.read.timeout = 1000ms (default)
2023-04-19 12:53:39,337 [pool-79-thread-1] INFO  server.RaftServerConfigKeys (ConfUtils.java:logGet(46)) - raft.server.log.purge.preservation.log.num = 0 (default)
2023-04-19 12:53:39,343 [pool-79-thread-1] INFO  server.RaftServerConfigKeys (ConfUtils.java:logGet(46)) - raft.server.log.segment.size.max = 1048576 (custom)
2023-04-19 12:53:39,343 [pool-79-thread-1] INFO  server.RaftServerConfigKeys (ConfUtils.java:logGet(46)) - raft.server.log.segment.cache.num.max = 2 (custom)
2023-04-19 12:53:39,343 [pool-79-thread-1] INFO  server.RaftServerConfigKeys (ConfUtils.java:logGet(46)) - raft.server.log.segment.cache.size.max = 200MB (=209715200) (default)
2023-04-19 12:53:39,343 [pool-79-thread-1] INFO  segmented.SegmentedRaftLogWorker (SegmentedRaftLogWorker.java:<init>(189)) - new e66947f2-c2f9-4763-81b4-1d75eb6bddc4@group-447D4314A1A7-SegmentedRaftLogWorker for RaftStorageImpl:Storage Directory /home/runner/work/ozone/ozone/hadoop-ozone/integration-test/target/test-dir/MiniOzoneClusterImpl-2b3941d9-6b91-4c70-847f-5d11ff1da94e/datanode-0/data/ratis/7110e767-5f8a-42c0-a079-447d4314a1a7
2023-04-19 12:53:39,344 [pool-79-thread-1] INFO  server.RaftServerConfigKeys (ConfUtils.java:logGet(46)) - raft.server.log.queue.byte-limit = 4294967296 (custom)
2023-04-19 12:53:39,344 [pool-79-thread-1] INFO  server.RaftServerConfigKeys (ConfUtils.java:logGet(46)) - raft.server.log.queue.element-limit = 1024 (custom)
2023-04-19 12:53:39,344 [pool-79-thread-1] INFO  server.RaftServerConfigKeys (ConfUtils.java:logGet(46)) - raft.server.log.segment.size.max = 1048576 (custom)
2023-04-19 12:53:39,344 [pool-79-thread-1] INFO  server.RaftServerConfigKeys (ConfUtils.java:logGet(46)) - raft.server.log.preallocated.size = 16384 (custom)
2023-04-19 12:53:39,344 [pool-79-thread-1] INFO  server.RaftServerConfigKeys (ConfUtils.java:logGet(46)) - raft.server.log.force.sync.num = 128 (default)
2023-04-19 12:53:39,344 [pool-79-thread-1] INFO  server.RaftServerConfigKeys (ConfUtils.java:logGet(46)) - raft.server.log.statemachine.data.sync = true (default)
2023-04-19 12:53:39,344 [pool-79-thread-1] INFO  server.RaftServerConfigKeys (ConfUtils.java:logGet(46)) - raft.server.log.statemachine.data.sync.timeout = 10s (default)
2023-04-19 12:53:39,344 [pool-79-thread-1] INFO  server.RaftServerConfigKeys (ConfUtils.java:logGet(46)) - raft.server.log.statemachine.data.sync.timeout.retry = -1 (default)
2023-04-19 12:53:39,344 [pool-79-thread-1] INFO  server.RaftServerConfigKeys (ConfUtils.java:logGet(46)) - raft.server.log.write.buffer.size = 1048576 (custom)
2023-04-19 12:53:39,347 [pool-79-thread-1] INFO  server.RaftServerConfigKeys (ConfUtils.java:logGet(46)) - raft.server.log.appender.buffer.byte-limit = 33554432 (custom)
2023-04-19 12:53:39,346 [pool-101-thread-1] INFO  storage.RaftStorageDirectory (RaftStorageDirectoryImpl.java:tryLock(231)) - Lock on /home/runner/work/ozone/ozone/hadoop-ozone/integration-test/target/test-dir/MiniOzoneClusterImpl-2b3941d9-6b91-4c70-847f-5d11ff1da94e/datanode-1/data/ratis/7110e767-5f8a-42c0-a079-447d4314a1a7/in_use.lock acquired by nodename 71175@fv-az625-389
2023-04-19 12:53:39,353 [pool-101-thread-1] INFO  storage.RaftStorage (RaftStorageImpl.java:format(96)) - Storage directory /home/runner/work/ozone/ozone/hadoop-ozone/integration-test/target/test-dir/MiniOzoneClusterImpl-2b3941d9-6b91-4c70-847f-5d11ff1da94e/datanode-1/data/ratis/7110e767-5f8a-42c0-a079-447d4314a1a7 has been successfully formatted.
2023-04-19 12:53:39,354 [pool-101-thread-1] INFO  ratis.ContainerStateMachine (ContainerStateMachine.java:loadSnapshot(262)) - group-447D4314A1A7: The snapshot info is null. Setting the last applied indexto:(t:0, i:~)
2023-04-19 12:53:39,354 [pool-101-thread-1] INFO  server.RaftServerConfigKeys (ConfUtils.java:logGet(46)) - raft.server.log.use.memory = false (default)
2023-04-19 12:53:39,354 [pool-101-thread-1] INFO  server.RaftServerConfigKeys (ConfUtils.java:logGet(46)) - raft.server.log.purge.gap = 1000000 (custom)
2023-04-19 12:53:39,354 [pool-101-thread-1] INFO  server.RaftServerConfigKeys (ConfUtils.java:logGet(46)) - raft.server.log.appender.buffer.byte-limit = 33554432 (custom)
2023-04-19 12:53:39,354 [pool-101-thread-1] INFO  server.RaftServerConfigKeys (ConfUtils.java:logGet(46)) - raft.server.log.statemachine.data.read.timeout = 1000ms (default)
2023-04-19 12:53:39,354 [pool-101-thread-1] INFO  server.RaftServerConfigKeys (ConfUtils.java:logGet(46)) - raft.server.log.purge.preservation.log.num = 0 (default)
2023-04-19 12:53:39,354 [pool-101-thread-1] INFO  server.RaftServerConfigKeys (ConfUtils.java:logGet(46)) - raft.server.log.segment.size.max = 1048576 (custom)
2023-04-19 12:53:39,355 [pool-101-thread-1] INFO  server.RaftServerConfigKeys (ConfUtils.java:logGet(46)) - raft.server.log.segment.cache.num.max = 2 (custom)
2023-04-19 12:53:39,355 [pool-101-thread-1] INFO  server.RaftServerConfigKeys (ConfUtils.java:logGet(46)) - raft.server.log.segment.cache.size.max = 200MB (=209715200) (default)
2023-04-19 12:53:39,355 [pool-101-thread-1] INFO  segmented.SegmentedRaftLogWorker (SegmentedRaftLogWorker.java:<init>(189)) - new 48bd3453-a056-4dba-8f3e-044559c7ef64@group-447D4314A1A7-SegmentedRaftLogWorker for RaftStorageImpl:Storage Directory /home/runner/work/ozone/ozone/hadoop-ozone/integration-test/target/test-dir/MiniOzoneClusterImpl-2b3941d9-6b91-4c70-847f-5d11ff1da94e/datanode-1/data/ratis/7110e767-5f8a-42c0-a079-447d4314a1a7
2023-04-19 12:53:39,355 [pool-101-thread-1] INFO  server.RaftServerConfigKeys (ConfUtils.java:logGet(46)) - raft.server.log.queue.byte-limit = 4294967296 (custom)
2023-04-19 12:53:39,355 [pool-101-thread-1] INFO  server.RaftServerConfigKeys (ConfUtils.java:logGet(46)) - raft.server.log.queue.element-limit = 1024 (custom)
2023-04-19 12:53:39,355 [pool-101-thread-1] INFO  server.RaftServerConfigKeys (ConfUtils.java:logGet(46)) - raft.server.log.segment.size.max = 1048576 (custom)
2023-04-19 12:53:39,355 [pool-101-thread-1] INFO  server.RaftServerConfigKeys (ConfUtils.java:logGet(46)) - raft.server.log.preallocated.size = 16384 (custom)
2023-04-19 12:53:39,355 [pool-101-thread-1] INFO  server.RaftServerConfigKeys (ConfUtils.java:logGet(46)) - raft.server.log.force.sync.num = 128 (default)
2023-04-19 12:53:39,355 [pool-101-thread-1] INFO  server.RaftServerConfigKeys (ConfUtils.java:logGet(46)) - raft.server.log.statemachine.data.sync = true (default)
2023-04-19 12:53:39,355 [pool-101-thread-1] INFO  server.RaftServerConfigKeys (ConfUtils.java:logGet(46)) - raft.server.log.statemachine.data.sync.timeout = 10s (default)
2023-04-19 12:53:39,355 [pool-101-thread-1] INFO  server.RaftServerConfigKeys (ConfUtils.java:logGet(46)) - raft.server.log.statemachine.data.sync.timeout.retry = -1 (default)
2023-04-19 12:53:39,356 [pool-101-thread-1] INFO  server.RaftServerConfigKeys (ConfUtils.java:logGet(46)) - raft.server.log.write.buffer.size = 1048576 (custom)
2023-04-19 12:53:39,356 [pool-101-thread-1] INFO  server.RaftServerConfigKeys (ConfUtils.java:logGet(46)) - raft.server.log.appender.buffer.byte-limit = 33554432 (custom)
2023-04-19 12:53:39,358 [EventQueue-OpenPipelineForHealthyPipelineSafeModeRule] INFO  safemode.SCMSafeModeManager (HealthyPipelineSafeModeRule.java:process(137)) - SCM in safe mode. Healthy pipelines reported count is 0, required healthy pipeline reported count is 1
2023-04-19 12:53:39,363 [pool-101-thread-1] INFO  server.RaftServerConfigKeys (ConfUtils.java:logGet(46)) - raft.server.log.unsafe-flush.enabled = false (default)
2023-04-19 12:53:39,363 [pool-101-thread-1] INFO  server.RaftServerConfigKeys (ConfUtils.java:logGet(46)) - raft.server.log.async-flush.enabled = false (default)
2023-04-19 12:53:39,363 [pool-101-thread-1] INFO  server.RaftServerConfigKeys (ConfUtils.java:logGet(46)) - raft.server.log.statemachine.data.caching.enabled = true (custom)
2023-04-19 12:53:39,364 [pool-101-thread-1] INFO  segmented.SegmentedRaftLogWorker (SegmentedRaftLogWorker.java:lambda$new$0(135)) - 48bd3453-a056-4dba-8f3e-044559c7ef64@group-447D4314A1A7-SegmentedRaftLogWorker: flushIndex: setUnconditionally 0 -> -1
2023-04-19 12:53:39,364 [pool-101-thread-1] INFO  segmented.SegmentedRaftLogWorker (SegmentedRaftLogWorker.java:lambda$new$0(135)) - 48bd3453-a056-4dba-8f3e-044559c7ef64@group-447D4314A1A7-SegmentedRaftLogWorker: safeCacheEvictIndex: setUnconditionally 0 -> -1
2023-04-19 12:53:39,364 [pool-101-thread-1] INFO  server.RaftServer$Division (RaftServerImpl.java:start(334)) - 48bd3453-a056-4dba-8f3e-044559c7ef64@group-447D4314A1A7: start as a follower, conf=-1: peers:[864cfdb0-59f4-4b05-be68-a0956d5d2530|rpc:10.1.0.41:39959|dataStream:10.1.0.41:40457|priority:1|startupRole:FOLLOWER, 48bd3453-a056-4dba-8f3e-044559c7ef64|rpc:10.1.0.41:38755|dataStream:10.1.0.41:42163|priority:0|startupRole:FOLLOWER, e66947f2-c2f9-4763-81b4-1d75eb6bddc4|rpc:10.1.0.41:41491|dataStream:10.1.0.41:34879|priority:0|startupRole:FOLLOWER]|listeners:[], old=null
2023-04-19 12:53:39,364 [pool-101-thread-1] INFO  server.RaftServer$Division (RaftServerImpl.java:setRole(321)) - 48bd3453-a056-4dba-8f3e-044559c7ef64@group-447D4314A1A7: changes role from      null to FOLLOWER at term 0 for startAsFollower
2023-04-19 12:53:39,364 [pool-101-thread-1] INFO  impl.RoleInfo (RoleInfo.java:updateAndGet(139)) - 48bd3453-a056-4dba-8f3e-044559c7ef64: start 48bd3453-a056-4dba-8f3e-044559c7ef64@group-447D4314A1A7-FollowerState
2023-04-19 12:53:39,364 [pool-101-thread-1] INFO  util.JmxRegister (JmxRegister.java:tryRegister(44)) - Successfully registered JMX Bean with object name Ratis:service=RaftServer,group=group-447D4314A1A7,id=48bd3453-a056-4dba-8f3e-044559c7ef64
2023-04-19 12:53:39,364 [pool-101-thread-1] INFO  server.RaftServerConfigKeys (ConfUtils.java:logGet(46)) - raft.server.snapshot.auto.trigger.enabled = true (custom)
2023-04-19 12:53:39,364 [pool-101-thread-1] INFO  server.RaftServerConfigKeys (ConfUtils.java:logGet(46)) - raft.server.snapshot.auto.trigger.threshold = 10000 (custom)
2023-04-19 12:53:39,365 [pool-101-thread-1] INFO  server.RaftServerConfigKeys (ConfUtils.java:logGet(46)) - raft.server.snapshot.retention.file.num = 5 (custom)
2023-04-19 12:53:39,365 [pool-101-thread-1] INFO  server.RaftServerConfigKeys (ConfUtils.java:logGet(46)) - raft.server.log.purge.upto.snapshot.index = false (default)
2023-04-19 12:53:39,365 [48bd3453-a056-4dba-8f3e-044559c7ef64@group-447D4314A1A7-FollowerState] INFO  server.RaftServerConfigKeys (ConfUtils.java:logFallback(53)) - raft.server.rpc.first-election.timeout.min = 5s (fallback to raft.server.rpc.timeout.min)
2023-04-19 12:53:39,367 [48bd3453-a056-4dba-8f3e-044559c7ef64@group-447D4314A1A7-FollowerState] INFO  server.RaftServerConfigKeys (ConfUtils.java:logFallback(53)) - raft.server.rpc.first-election.timeout.max = 5200ms (fallback to raft.server.rpc.timeout.max)
2023-04-19 12:53:39,366 [pool-79-thread-1] INFO  server.RaftServerConfigKeys (ConfUtils.java:logGet(46)) - raft.server.log.unsafe-flush.enabled = false (default)
2023-04-19 12:53:39,366 [EventQueue-OpenPipelineForHealthyPipelineSafeModeRule] INFO  safemode.SCMSafeModeManager (HealthyPipelineSafeModeRule.java:process(137)) - SCM in safe mode. Healthy pipelines reported count is 0, required healthy pipeline reported count is 1
2023-04-19 12:53:39,365 [Command processor thread] INFO  ratis.XceiverServerRatis (XceiverServerRatis.java:addGroup(806)) - Created group PipelineID=7110e767-5f8a-42c0-a079-447d4314a1a7
2023-04-19 12:53:39,370 [pool-79-thread-1] INFO  server.RaftServerConfigKeys (ConfUtils.java:logGet(46)) - raft.server.log.async-flush.enabled = false (default)
2023-04-19 12:53:39,375 [pool-79-thread-1] INFO  server.RaftServerConfigKeys (ConfUtils.java:logGet(46)) - raft.server.log.statemachine.data.caching.enabled = true (custom)
2023-04-19 12:53:39,376 [pool-79-thread-1] INFO  segmented.SegmentedRaftLogWorker (SegmentedRaftLogWorker.java:lambda$new$0(135)) - e66947f2-c2f9-4763-81b4-1d75eb6bddc4@group-447D4314A1A7-SegmentedRaftLogWorker: flushIndex: setUnconditionally 0 -> -1
2023-04-19 12:53:39,376 [pool-79-thread-1] INFO  segmented.SegmentedRaftLogWorker (SegmentedRaftLogWorker.java:lambda$new$0(135)) - e66947f2-c2f9-4763-81b4-1d75eb6bddc4@group-447D4314A1A7-SegmentedRaftLogWorker: safeCacheEvictIndex: setUnconditionally 0 -> -1
2023-04-19 12:53:39,377 [pool-79-thread-1] INFO  server.RaftServer$Division (RaftServerImpl.java:start(334)) - e66947f2-c2f9-4763-81b4-1d75eb6bddc4@group-447D4314A1A7: start as a follower, conf=-1: peers:[864cfdb0-59f4-4b05-be68-a0956d5d2530|rpc:10.1.0.41:39959|dataStream:10.1.0.41:40457|priority:1|startupRole:FOLLOWER, 48bd3453-a056-4dba-8f3e-044559c7ef64|rpc:10.1.0.41:38755|dataStream:10.1.0.41:42163|priority:0|startupRole:FOLLOWER, e66947f2-c2f9-4763-81b4-1d75eb6bddc4|rpc:10.1.0.41:41491|dataStream:10.1.0.41:34879|priority:0|startupRole:FOLLOWER]|listeners:[], old=null
2023-04-19 12:53:39,377 [pool-79-thread-1] INFO  server.RaftServer$Division (RaftServerImpl.java:setRole(321)) - e66947f2-c2f9-4763-81b4-1d75eb6bddc4@group-447D4314A1A7: changes role from      null to FOLLOWER at term 0 for startAsFollower
2023-04-19 12:53:39,377 [pool-79-thread-1] INFO  impl.RoleInfo (RoleInfo.java:updateAndGet(139)) - e66947f2-c2f9-4763-81b4-1d75eb6bddc4: start e66947f2-c2f9-4763-81b4-1d75eb6bddc4@group-447D4314A1A7-FollowerState
2023-04-19 12:53:39,381 [pool-79-thread-1] INFO  util.JmxRegister (JmxRegister.java:tryRegister(44)) - Successfully registered JMX Bean with object name Ratis:service=RaftServer,group=group-447D4314A1A7,id=e66947f2-c2f9-4763-81b4-1d75eb6bddc4
2023-04-19 12:53:39,382 [pool-79-thread-1] INFO  server.RaftServerConfigKeys (ConfUtils.java:logGet(46)) - raft.server.snapshot.auto.trigger.enabled = true (custom)
2023-04-19 12:53:39,382 [pool-79-thread-1] INFO  server.RaftServerConfigKeys (ConfUtils.java:logGet(46)) - raft.server.snapshot.auto.trigger.threshold = 10000 (custom)
2023-04-19 12:53:39,382 [pool-79-thread-1] INFO  server.RaftServerConfigKeys (ConfUtils.java:logGet(46)) - raft.server.snapshot.retention.file.num = 5 (custom)
2023-04-19 12:53:39,382 [pool-79-thread-1] INFO  server.RaftServerConfigKeys (ConfUtils.java:logGet(46)) - raft.server.log.purge.upto.snapshot.index = false (default)
2023-04-19 12:53:39,382 [Command processor thread] INFO  ratis.XceiverServerRatis (XceiverServerRatis.java:addGroup(806)) - Created group PipelineID=7110e767-5f8a-42c0-a079-447d4314a1a7
2023-04-19 12:53:39,385 [e66947f2-c2f9-4763-81b4-1d75eb6bddc4@group-447D4314A1A7-FollowerState] INFO  server.RaftServerConfigKeys (ConfUtils.java:logFallback(53)) - raft.server.rpc.first-election.timeout.min = 5s (fallback to raft.server.rpc.timeout.min)
2023-04-19 12:53:39,390 [e66947f2-c2f9-4763-81b4-1d75eb6bddc4@group-447D4314A1A7-FollowerState] INFO  server.RaftServerConfigKeys (ConfUtils.java:logFallback(53)) - raft.server.rpc.first-election.timeout.max = 5200ms (fallback to raft.server.rpc.timeout.max)
2023-04-19 12:53:39,392 [grpc-default-executor-0] INFO  server.RaftServer (RaftServerProxy.java:addNew(96)) - 864cfdb0-59f4-4b05-be68-a0956d5d2530: addNew group-447D4314A1A7:[864cfdb0-59f4-4b05-be68-a0956d5d2530|rpc:10.1.0.41:39959|dataStream:10.1.0.41:40457|priority:1|startupRole:FOLLOWER, 48bd3453-a056-4dba-8f3e-044559c7ef64|rpc:10.1.0.41:38755|dataStream:10.1.0.41:42163|priority:0|startupRole:FOLLOWER, e66947f2-c2f9-4763-81b4-1d75eb6bddc4|rpc:10.1.0.41:41491|dataStream:10.1.0.41:34879|priority:0|startupRole:FOLLOWER] returns group-447D4314A1A7:java.util.concurrent.CompletableFuture@20050fde[Not completed]
2023-04-19 12:53:39,394 [pool-123-thread-1] INFO  server.RaftServer$Division (RaftServerImpl.java:<init>(195)) - 864cfdb0-59f4-4b05-be68-a0956d5d2530: new RaftServerImpl for group-447D4314A1A7:[864cfdb0-59f4-4b05-be68-a0956d5d2530|rpc:10.1.0.41:39959|dataStream:10.1.0.41:40457|priority:1|startupRole:FOLLOWER, 48bd3453-a056-4dba-8f3e-044559c7ef64|rpc:10.1.0.41:38755|dataStream:10.1.0.41:42163|priority:0|startupRole:FOLLOWER, e66947f2-c2f9-4763-81b4-1d75eb6bddc4|rpc:10.1.0.41:41491|dataStream:10.1.0.41:34879|priority:0|startupRole:FOLLOWER] with ContainerStateMachine:uninitialized
2023-04-19 12:53:39,394 [pool-123-thread-1] INFO  server.RaftServerConfigKeys (ConfUtils.java:logGet(46)) - raft.server.rpc.timeout.min = 5s (custom)
2023-04-19 12:53:39,394 [pool-123-thread-1] INFO  server.RaftServerConfigKeys (ConfUtils.java:logGet(46)) - raft.server.rpc.timeout.max = 5200ms (custom)
2023-04-19 12:53:39,394 [pool-123-thread-1] INFO  server.RaftServerConfigKeys (ConfUtils.java:logGet(46)) - raft.server.rpc.sleep.time = 25ms (default)
2023-04-19 12:53:39,394 [pool-123-thread-1] INFO  server.RaftServerConfigKeys (ConfUtils.java:logGet(46)) - raft.server.rpc.slowness.timeout = 300s (custom)
2023-04-19 12:53:39,394 [pool-123-thread-1] INFO  server.RaftServerConfigKeys (ConfUtils.java:logGet(46)) - raft.server.leaderelection.leader.step-down.wait-time = 10s (default)
2023-04-19 12:53:39,394 [pool-123-thread-1] INFO  server.RaftServerConfigKeys (ConfUtils.java:logGet(46)) - raft.server.sleep.deviation.threshold = 300ms (default)
2023-04-19 12:53:39,394 [pool-123-thread-1] INFO  server.RaftServer$Division (ServerState.java:<init>(118)) - 864cfdb0-59f4-4b05-be68-a0956d5d2530@group-447D4314A1A7: ConfigurationManager, init=-1: peers:[864cfdb0-59f4-4b05-be68-a0956d5d2530|rpc:10.1.0.41:39959|dataStream:10.1.0.41:40457|priority:1|startupRole:FOLLOWER, 48bd3453-a056-4dba-8f3e-044559c7ef64|rpc:10.1.0.41:38755|dataStream:10.1.0.41:42163|priority:0|startupRole:FOLLOWER, e66947f2-c2f9-4763-81b4-1d75eb6bddc4|rpc:10.1.0.41:41491|dataStream:10.1.0.41:34879|priority:0|startupRole:FOLLOWER]|listeners:[], old=null, confs=<EMPTY_MAP>
2023-04-19 12:53:39,396 [pool-123-thread-1] INFO  server.RaftServerConfigKeys (ConfUtils.java:logGet(46)) - raft.server.storage.dir = [/home/runner/work/ozone/ozone/hadoop-ozone/integration-test/target/test-dir/MiniOzoneClusterImpl-2b3941d9-6b91-4c70-847f-5d11ff1da94e/datanode-2/data/ratis] (custom)
2023-04-19 12:53:39,397 [pool-123-thread-1] INFO  server.RaftServerConfigKeys (ConfUtils.java:logGet(46)) - raft.server.log.corruption.policy = EXCEPTION (default)
2023-04-19 12:53:39,397 [pool-123-thread-1] INFO  server.RaftServerConfigKeys (ConfUtils.java:logGet(46)) - raft.server.storage.free-space.min = 0MB (=0) (default)
2023-04-19 12:53:39,397 [pool-123-thread-1] INFO  server.RaftServerConfigKeys (ConfUtils.java:logGet(46)) - raft.server.notification.no-leader.timeout = 300s (custom)
2023-04-19 12:53:39,397 [pool-123-thread-1] INFO  server.RaftServerConfigKeys (ConfUtils.java:logGet(46)) - raft.server.retrycache.expirytime = 600000ms (custom)
2023-04-19 12:53:39,397 [pool-123-thread-1] INFO  server.RaftServerConfigKeys (ConfUtils.java:logGet(46)) - raft.server.retrycache.statistics.expirytime = 100μs (default)
2023-04-19 12:53:39,398 [pool-123-thread-1] INFO  server.RaftServerConfigKeys (ConfUtils.java:logGet(46)) - raft.server.log.appender.install.snapshot.enabled = false (custom)
2023-04-19 12:53:39,398 [pool-123-thread-1] INFO  server.RaftServerConfigKeys (ConfUtils.java:logGet(46)) - raft.server.threadpool.server.cached = true (default)
2023-04-19 12:53:39,398 [pool-123-thread-1] INFO  server.RaftServerConfigKeys (ConfUtils.java:logGet(46)) - raft.server.threadpool.server.size = 0 (default)
2023-04-19 12:53:39,398 [pool-123-thread-1] INFO  server.RaftServerConfigKeys (ConfUtils.java:logGet(46)) - raft.server.threadpool.client.cached = true (default)
2023-04-19 12:53:39,398 [pool-123-thread-1] INFO  server.RaftServerConfigKeys (ConfUtils.java:logGet(46)) - raft.server.threadpool.client.size = 0 (default)
2023-04-19 12:53:39,398 [pool-123-thread-1] INFO  storage.RaftStorageDirectory (RaftStorageDirectoryImpl.java:analyzeStorage(137)) - The storage directory /home/runner/work/ozone/ozone/hadoop-ozone/integration-test/target/test-dir/MiniOzoneClusterImpl-2b3941d9-6b91-4c70-847f-5d11ff1da94e/datanode-2/data/ratis/7110e767-5f8a-42c0-a079-447d4314a1a7 does not exist. Creating ...
2023-04-19 12:53:39,404 [pool-123-thread-1] INFO  storage.RaftStorageDirectory (RaftStorageDirectoryImpl.java:tryLock(231)) - Lock on /home/runner/work/ozone/ozone/hadoop-ozone/integration-test/target/test-dir/MiniOzoneClusterImpl-2b3941d9-6b91-4c70-847f-5d11ff1da94e/datanode-2/data/ratis/7110e767-5f8a-42c0-a079-447d4314a1a7/in_use.lock acquired by nodename 71175@fv-az625-389
2023-04-19 12:53:39,405 [pool-123-thread-1] INFO  storage.RaftStorage (RaftStorageImpl.java:format(96)) - Storage directory /home/runner/work/ozone/ozone/hadoop-ozone/integration-test/target/test-dir/MiniOzoneClusterImpl-2b3941d9-6b91-4c70-847f-5d11ff1da94e/datanode-2/data/ratis/7110e767-5f8a-42c0-a079-447d4314a1a7 has been successfully formatted.
2023-04-19 12:53:39,414 [pool-123-thread-1] INFO  ratis.ContainerStateMachine (ContainerStateMachine.java:loadSnapshot(262)) - group-447D4314A1A7: The snapshot info is null. Setting the last applied indexto:(t:0, i:~)
2023-04-19 12:53:39,415 [pool-123-thread-1] INFO  server.RaftServerConfigKeys (ConfUtils.java:logGet(46)) - raft.server.log.use.memory = false (default)
2023-04-19 12:53:39,415 [pool-123-thread-1] INFO  server.RaftServerConfigKeys (ConfUtils.java:logGet(46)) - raft.server.log.purge.gap = 1000000 (custom)
2023-04-19 12:53:39,415 [pool-123-thread-1] INFO  server.RaftServerConfigKeys (ConfUtils.java:logGet(46)) - raft.server.log.appender.buffer.byte-limit = 33554432 (custom)
2023-04-19 12:53:39,415 [pool-123-thread-1] INFO  server.RaftServerConfigKeys (ConfUtils.java:logGet(46)) - raft.server.log.statemachine.data.read.timeout = 1000ms (default)
2023-04-19 12:53:39,417 [pool-123-thread-1] INFO  server.RaftServerConfigKeys (ConfUtils.java:logGet(46)) - raft.server.log.purge.preservation.log.num = 0 (default)
2023-04-19 12:53:39,417 [pool-123-thread-1] INFO  server.RaftServerConfigKeys (ConfUtils.java:logGet(46)) - raft.server.log.segment.size.max = 1048576 (custom)
2023-04-19 12:53:39,417 [pool-123-thread-1] INFO  server.RaftServerConfigKeys (ConfUtils.java:logGet(46)) - raft.server.log.segment.cache.num.max = 2 (custom)
2023-04-19 12:53:39,418 [pool-123-thread-1] INFO  server.RaftServerConfigKeys (ConfUtils.java:logGet(46)) - raft.server.log.segment.cache.size.max = 200MB (=209715200) (default)
2023-04-19 12:53:39,418 [pool-123-thread-1] INFO  segmented.SegmentedRaftLogWorker (SegmentedRaftLogWorker.java:<init>(189)) - new 864cfdb0-59f4-4b05-be68-a0956d5d2530@group-447D4314A1A7-SegmentedRaftLogWorker for RaftStorageImpl:Storage Directory /home/runner/work/ozone/ozone/hadoop-ozone/integration-test/target/test-dir/MiniOzoneClusterImpl-2b3941d9-6b91-4c70-847f-5d11ff1da94e/datanode-2/data/ratis/7110e767-5f8a-42c0-a079-447d4314a1a7
2023-04-19 12:53:39,418 [pool-123-thread-1] INFO  server.RaftServerConfigKeys (ConfUtils.java:logGet(46)) - raft.server.log.queue.byte-limit = 4294967296 (custom)
2023-04-19 12:53:39,418 [pool-123-thread-1] INFO  server.RaftServerConfigKeys (ConfUtils.java:logGet(46)) - raft.server.log.queue.element-limit = 1024 (custom)
2023-04-19 12:53:39,418 [pool-123-thread-1] INFO  server.RaftServerConfigKeys (ConfUtils.java:logGet(46)) - raft.server.log.segment.size.max = 1048576 (custom)
2023-04-19 12:53:39,418 [pool-123-thread-1] INFO  server.RaftServerConfigKeys (ConfUtils.java:logGet(46)) - raft.server.log.preallocated.size = 16384 (custom)
2023-04-19 12:53:39,418 [pool-123-thread-1] INFO  server.RaftServerConfigKeys (ConfUtils.java:logGet(46)) - raft.server.log.force.sync.num = 128 (default)
2023-04-19 12:53:39,418 [pool-123-thread-1] INFO  server.RaftServerConfigKeys (ConfUtils.java:logGet(46)) - raft.server.log.statemachine.data.sync = true (default)
2023-04-19 12:53:39,420 [pool-123-thread-1] INFO  server.RaftServerConfigKeys (ConfUtils.java:logGet(46)) - raft.server.log.statemachine.data.sync.timeout = 10s (default)
2023-04-19 12:53:39,420 [pool-123-thread-1] INFO  server.RaftServerConfigKeys (ConfUtils.java:logGet(46)) - raft.server.log.statemachine.data.sync.timeout.retry = -1 (default)
2023-04-19 12:53:39,422 [pool-123-thread-1] INFO  server.RaftServerConfigKeys (ConfUtils.java:logGet(46)) - raft.server.log.write.buffer.size = 1048576 (custom)
2023-04-19 12:53:39,422 [pool-123-thread-1] INFO  server.RaftServerConfigKeys (ConfUtils.java:logGet(46)) - raft.server.log.appender.buffer.byte-limit = 33554432 (custom)
2023-04-19 12:53:39,428 [pool-123-thread-1] INFO  server.RaftServerConfigKeys (ConfUtils.java:logGet(46)) - raft.server.log.unsafe-flush.enabled = false (default)
2023-04-19 12:53:39,432 [pool-123-thread-1] INFO  server.RaftServerConfigKeys (ConfUtils.java:logGet(46)) - raft.server.log.async-flush.enabled = false (default)
2023-04-19 12:53:39,432 [pool-123-thread-1] INFO  server.RaftServerConfigKeys (ConfUtils.java:logGet(46)) - raft.server.log.statemachine.data.caching.enabled = true (custom)
2023-04-19 12:53:39,432 [pool-123-thread-1] INFO  segmented.SegmentedRaftLogWorker (SegmentedRaftLogWorker.java:lambda$new$0(135)) - 864cfdb0-59f4-4b05-be68-a0956d5d2530@group-447D4314A1A7-SegmentedRaftLogWorker: flushIndex: setUnconditionally 0 -> -1
2023-04-19 12:53:39,433 [pool-123-thread-1] INFO  segmented.SegmentedRaftLogWorker (SegmentedRaftLogWorker.java:lambda$new$0(135)) - 864cfdb0-59f4-4b05-be68-a0956d5d2530@group-447D4314A1A7-SegmentedRaftLogWorker: safeCacheEvictIndex: setUnconditionally 0 -> -1
2023-04-19 12:53:39,441 [pool-123-thread-1] INFO  server.RaftServer$Division (RaftServerImpl.java:start(334)) - 864cfdb0-59f4-4b05-be68-a0956d5d2530@group-447D4314A1A7: start as a follower, conf=-1: peers:[864cfdb0-59f4-4b05-be68-a0956d5d2530|rpc:10.1.0.41:39959|dataStream:10.1.0.41:40457|priority:1|startupRole:FOLLOWER, 48bd3453-a056-4dba-8f3e-044559c7ef64|rpc:10.1.0.41:38755|dataStream:10.1.0.41:42163|priority:0|startupRole:FOLLOWER, e66947f2-c2f9-4763-81b4-1d75eb6bddc4|rpc:10.1.0.41:41491|dataStream:10.1.0.41:34879|priority:0|startupRole:FOLLOWER]|listeners:[], old=null
2023-04-19 12:53:39,441 [pool-123-thread-1] INFO  server.RaftServer$Division (RaftServerImpl.java:setRole(321)) - 864cfdb0-59f4-4b05-be68-a0956d5d2530@group-447D4314A1A7: changes role from      null to FOLLOWER at term 0 for startAsFollower
2023-04-19 12:53:39,441 [pool-123-thread-1] INFO  impl.RoleInfo (RoleInfo.java:updateAndGet(139)) - 864cfdb0-59f4-4b05-be68-a0956d5d2530: start 864cfdb0-59f4-4b05-be68-a0956d5d2530@group-447D4314A1A7-FollowerState
2023-04-19 12:53:39,448 [pool-123-thread-1] INFO  util.JmxRegister (JmxRegister.java:tryRegister(44)) - Successfully registered JMX Bean with object name Ratis:service=RaftServer,group=group-447D4314A1A7,id=864cfdb0-59f4-4b05-be68-a0956d5d2530
2023-04-19 12:53:39,449 [pool-123-thread-1] INFO  server.RaftServerConfigKeys (ConfUtils.java:logGet(46)) - raft.server.snapshot.auto.trigger.enabled = true (custom)
2023-04-19 12:53:39,449 [pool-123-thread-1] INFO  server.RaftServerConfigKeys (ConfUtils.java:logGet(46)) - raft.server.snapshot.auto.trigger.threshold = 10000 (custom)
2023-04-19 12:53:39,449 [pool-123-thread-1] INFO  server.RaftServerConfigKeys (ConfUtils.java:logGet(46)) - raft.server.snapshot.retention.file.num = 5 (custom)
2023-04-19 12:53:39,449 [pool-123-thread-1] INFO  server.RaftServerConfigKeys (ConfUtils.java:logGet(46)) - raft.server.log.purge.upto.snapshot.index = false (default)
2023-04-19 12:53:39,452 [864cfdb0-59f4-4b05-be68-a0956d5d2530@group-447D4314A1A7-FollowerState] INFO  server.RaftServerConfigKeys (ConfUtils.java:logFallback(53)) - raft.server.rpc.first-election.timeout.min = 5s (fallback to raft.server.rpc.timeout.min)
2023-04-19 12:53:39,453 [864cfdb0-59f4-4b05-be68-a0956d5d2530@group-447D4314A1A7-FollowerState] INFO  server.RaftServerConfigKeys (ConfUtils.java:logFallback(53)) - raft.server.rpc.first-election.timeout.max = 5200ms (fallback to raft.server.rpc.timeout.max)
2023-04-19 12:53:39,510 [Command processor thread] INFO  commandhandler.CreatePipelineCommandHandler (CreatePipelineCommandHandler.java:handle(113)) - Created Pipeline RATIS THREE PipelineID=7110e767-5f8a-42c0-a079-447d4314a1a7.
2023-04-19 12:53:39,523 [Command processor thread] INFO  commandhandler.CreatePipelineCommandHandler (CreatePipelineCommandHandler.java:handle(113)) - Created Pipeline RATIS THREE PipelineID=7110e767-5f8a-42c0-a079-447d4314a1a7.
2023-04-19 12:53:39,630 [Listener at 127.0.0.1/41717] INFO  ozone.MiniOzoneClusterImpl (MiniOzoneClusterImpl.java:lambda$waitForClusterToBeReady$0(222)) - Nodes are ready. Got 3 of 3 DN Heartbeats.
2023-04-19 12:53:39,631 [Listener at 127.0.0.1/41717] INFO  ozone.MiniOzoneClusterImpl (MiniOzoneClusterImpl.java:lambda$waitForClusterToBeReady$0(225)) - Waiting for cluster to exit safe mode
2023-04-19 12:53:39,631 [Listener at 127.0.0.1/41717] INFO  ozone.MiniOzoneClusterImpl (MiniOzoneClusterImpl.java:lambda$waitForClusterToBeReady$0(227)) - SCM became leader
2023-04-19 12:53:39,643 [Command processor thread] INFO  server.RaftServer (RaftServerProxy.java:addNew(96)) - 864cfdb0-59f4-4b05-be68-a0956d5d2530: addNew group-083171CAC63B:[864cfdb0-59f4-4b05-be68-a0956d5d2530|rpc:10.1.0.41:39959|dataStream:10.1.0.41:40457|priority:1|startupRole:FOLLOWER] returns group-083171CAC63B:java.util.concurrent.CompletableFuture@7f879721[Not completed]
2023-04-19 12:53:39,645 [pool-123-thread-1] INFO  server.RaftServer$Division (RaftServerImpl.java:<init>(195)) - 864cfdb0-59f4-4b05-be68-a0956d5d2530: new RaftServerImpl for group-083171CAC63B:[864cfdb0-59f4-4b05-be68-a0956d5d2530|rpc:10.1.0.41:39959|dataStream:10.1.0.41:40457|priority:1|startupRole:FOLLOWER] with ContainerStateMachine:uninitialized
2023-04-19 12:53:39,645 [pool-123-thread-1] INFO  server.RaftServerConfigKeys (ConfUtils.java:logGet(46)) - raft.server.rpc.timeout.min = 5s (custom)
2023-04-19 12:53:39,645 [pool-123-thread-1] INFO  server.RaftServerConfigKeys (ConfUtils.java:logGet(46)) - raft.server.rpc.timeout.max = 5200ms (custom)
2023-04-19 12:53:39,645 [pool-123-thread-1] INFO  server.RaftServerConfigKeys (ConfUtils.java:logGet(46)) - raft.server.rpc.sleep.time = 25ms (default)
2023-04-19 12:53:39,645 [pool-123-thread-1] INFO  server.RaftServerConfigKeys (ConfUtils.java:logGet(46)) - raft.server.rpc.slowness.timeout = 300s (custom)
2023-04-19 12:53:39,645 [pool-123-thread-1] INFO  server.RaftServerConfigKeys (ConfUtils.java:logGet(46)) - raft.server.leaderelection.leader.step-down.wait-time = 10s (default)
2023-04-19 12:53:39,645 [pool-123-thread-1] INFO  server.RaftServerConfigKeys (ConfUtils.java:logGet(46)) - raft.server.sleep.deviation.threshold = 300ms (default)
2023-04-19 12:53:39,645 [pool-123-thread-1] INFO  server.RaftServer$Division (ServerState.java:<init>(118)) - 864cfdb0-59f4-4b05-be68-a0956d5d2530@group-083171CAC63B: ConfigurationManager, init=-1: peers:[864cfdb0-59f4-4b05-be68-a0956d5d2530|rpc:10.1.0.41:39959|dataStream:10.1.0.41:40457|priority:1|startupRole:FOLLOWER]|listeners:[], old=null, confs=<EMPTY_MAP>
2023-04-19 12:53:39,645 [pool-123-thread-1] INFO  server.RaftServerConfigKeys (ConfUtils.java:logGet(46)) - raft.server.storage.dir = [/home/runner/work/ozone/ozone/hadoop-ozone/integration-test/target/test-dir/MiniOzoneClusterImpl-2b3941d9-6b91-4c70-847f-5d11ff1da94e/datanode-2/data/ratis] (custom)
2023-04-19 12:53:39,646 [pool-123-thread-1] INFO  server.RaftServerConfigKeys (ConfUtils.java:logGet(46)) - raft.server.log.corruption.policy = EXCEPTION (default)
2023-04-19 12:53:39,646 [pool-123-thread-1] INFO  server.RaftServerConfigKeys (ConfUtils.java:logGet(46)) - raft.server.storage.free-space.min = 0MB (=0) (default)
2023-04-19 12:53:39,646 [pool-123-thread-1] INFO  server.RaftServerConfigKeys (ConfUtils.java:logGet(46)) - raft.server.notification.no-leader.timeout = 300s (custom)
2023-04-19 12:53:39,646 [pool-123-thread-1] INFO  server.RaftServerConfigKeys (ConfUtils.java:logGet(46)) - raft.server.retrycache.expirytime = 600000ms (custom)
2023-04-19 12:53:39,646 [pool-123-thread-1] INFO  server.RaftServerConfigKeys (ConfUtils.java:logGet(46)) - raft.server.retrycache.statistics.expirytime = 100μs (default)
2023-04-19 12:53:39,647 [pool-123-thread-1] INFO  server.RaftServerConfigKeys (ConfUtils.java:logGet(46)) - raft.server.log.appender.install.snapshot.enabled = false (custom)
2023-04-19 12:53:39,647 [pool-123-thread-1] INFO  server.RaftServerConfigKeys (ConfUtils.java:logGet(46)) - raft.server.threadpool.server.cached = true (default)
2023-04-19 12:53:39,647 [pool-123-thread-1] INFO  server.RaftServerConfigKeys (ConfUtils.java:logGet(46)) - raft.server.threadpool.server.size = 0 (default)
2023-04-19 12:53:39,647 [pool-123-thread-1] INFO  server.RaftServerConfigKeys (ConfUtils.java:logGet(46)) - raft.server.threadpool.client.cached = true (default)
2023-04-19 12:53:39,647 [pool-123-thread-1] INFO  server.RaftServerConfigKeys (ConfUtils.java:logGet(46)) - raft.server.threadpool.client.size = 0 (default)
2023-04-19 12:53:39,647 [pool-123-thread-1] INFO  storage.RaftStorageDirectory (RaftStorageDirectoryImpl.java:analyzeStorage(137)) - The storage directory /home/runner/work/ozone/ozone/hadoop-ozone/integration-test/target/test-dir/MiniOzoneClusterImpl-2b3941d9-6b91-4c70-847f-5d11ff1da94e/datanode-2/data/ratis/812af14d-b4ed-495c-ada1-083171cac63b does not exist. Creating ...
2023-04-19 12:53:39,648 [pool-123-thread-1] INFO  storage.RaftStorageDirectory (RaftStorageDirectoryImpl.java:tryLock(231)) - Lock on /home/runner/work/ozone/ozone/hadoop-ozone/integration-test/target/test-dir/MiniOzoneClusterImpl-2b3941d9-6b91-4c70-847f-5d11ff1da94e/datanode-2/data/ratis/812af14d-b4ed-495c-ada1-083171cac63b/in_use.lock acquired by nodename 71175@fv-az625-389
2023-04-19 12:53:39,649 [pool-123-thread-1] INFO  storage.RaftStorage (RaftStorageImpl.java:format(96)) - Storage directory /home/runner/work/ozone/ozone/hadoop-ozone/integration-test/target/test-dir/MiniOzoneClusterImpl-2b3941d9-6b91-4c70-847f-5d11ff1da94e/datanode-2/data/ratis/812af14d-b4ed-495c-ada1-083171cac63b has been successfully formatted.
2023-04-19 12:53:39,653 [pool-123-thread-1] INFO  ratis.ContainerStateMachine (ContainerStateMachine.java:loadSnapshot(262)) - group-083171CAC63B: The snapshot info is null. Setting the last applied indexto:(t:0, i:~)
2023-04-19 12:53:39,653 [pool-123-thread-1] INFO  server.RaftServerConfigKeys (ConfUtils.java:logGet(46)) - raft.server.log.use.memory = false (default)
2023-04-19 12:53:39,653 [pool-123-thread-1] INFO  server.RaftServerConfigKeys (ConfUtils.java:logGet(46)) - raft.server.log.purge.gap = 1000000 (custom)
2023-04-19 12:53:39,653 [pool-123-thread-1] INFO  server.RaftServerConfigKeys (ConfUtils.java:logGet(46)) - raft.server.log.appender.buffer.byte-limit = 33554432 (custom)
2023-04-19 12:53:39,653 [pool-123-thread-1] INFO  server.RaftServerConfigKeys (ConfUtils.java:logGet(46)) - raft.server.log.statemachine.data.read.timeout = 1000ms (default)
2023-04-19 12:53:39,653 [pool-123-thread-1] INFO  server.RaftServerConfigKeys (ConfUtils.java:logGet(46)) - raft.server.log.purge.preservation.log.num = 0 (default)
2023-04-19 12:53:39,654 [pool-123-thread-1] INFO  server.RaftServerConfigKeys (ConfUtils.java:logGet(46)) - raft.server.log.segment.size.max = 1048576 (custom)
2023-04-19 12:53:39,654 [pool-123-thread-1] INFO  server.RaftServerConfigKeys (ConfUtils.java:logGet(46)) - raft.server.log.segment.cache.num.max = 2 (custom)
2023-04-19 12:53:39,654 [pool-123-thread-1] INFO  server.RaftServerConfigKeys (ConfUtils.java:logGet(46)) - raft.server.log.segment.cache.size.max = 200MB (=209715200) (default)
2023-04-19 12:53:39,654 [EventQueue-PipelineReportForPipelineReportHandler] INFO  pipeline.PipelineManagerImpl (PipelineManagerImpl.java:openPipeline(367)) - Pipeline Pipeline[ Id: 812af14d-b4ed-495c-ada1-083171cac63b, Nodes: 864cfdb0-59f4-4b05-be68-a0956d5d2530(fv-az625-389/10.1.0.41), ReplicationConfig: RATIS/ONE, State:ALLOCATED, leaderId:864cfdb0-59f4-4b05-be68-a0956d5d2530, CreationTimestamp2023-04-19T12:53:36.646Z[Etc/UTC]] moved to OPEN state
2023-04-19 12:53:39,654 [pool-123-thread-1] INFO  segmented.SegmentedRaftLogWorker (SegmentedRaftLogWorker.java:<init>(189)) - new 864cfdb0-59f4-4b05-be68-a0956d5d2530@group-083171CAC63B-SegmentedRaftLogWorker for RaftStorageImpl:Storage Directory /home/runner/work/ozone/ozone/hadoop-ozone/integration-test/target/test-dir/MiniOzoneClusterImpl-2b3941d9-6b91-4c70-847f-5d11ff1da94e/datanode-2/data/ratis/812af14d-b4ed-495c-ada1-083171cac63b
2023-04-19 12:53:39,654 [pool-123-thread-1] INFO  server.RaftServerConfigKeys (ConfUtils.java:logGet(46)) - raft.server.log.queue.byte-limit = 4294967296 (custom)
2023-04-19 12:53:39,654 [pool-123-thread-1] INFO  server.RaftServerConfigKeys (ConfUtils.java:logGet(46)) - raft.server.log.queue.element-limit = 1024 (custom)
2023-04-19 12:53:39,654 [pool-123-thread-1] INFO  server.RaftServerConfigKeys (ConfUtils.java:logGet(46)) - raft.server.log.segment.size.max = 1048576 (custom)
2023-04-19 12:53:39,654 [pool-123-thread-1] INFO  server.RaftServerConfigKeys (ConfUtils.java:logGet(46)) - raft.server.log.preallocated.size = 16384 (custom)
2023-04-19 12:53:39,654 [pool-123-thread-1] INFO  server.RaftServerConfigKeys (ConfUtils.java:logGet(46)) - raft.server.log.force.sync.num = 128 (default)
2023-04-19 12:53:39,655 [pool-123-thread-1] INFO  server.RaftServerConfigKeys (ConfUtils.java:logGet(46)) - raft.server.log.statemachine.data.sync = true (default)
2023-04-19 12:53:39,655 [pool-123-thread-1] INFO  server.RaftServerConfigKeys (ConfUtils.java:logGet(46)) - raft.server.log.statemachine.data.sync.timeout = 10s (default)
2023-04-19 12:53:39,655 [pool-123-thread-1] INFO  server.RaftServerConfigKeys (ConfUtils.java:logGet(46)) - raft.server.log.statemachine.data.sync.timeout.retry = -1 (default)
2023-04-19 12:53:39,655 [EventQueue-OpenPipelineForHealthyPipelineSafeModeRule] INFO  safemode.SCMSafeModeManager (HealthyPipelineSafeModeRule.java:process(137)) - SCM in safe mode. Healthy pipelines reported count is 0, required healthy pipeline reported count is 1
2023-04-19 12:53:39,655 [pool-123-thread-1] INFO  server.RaftServerConfigKeys (ConfUtils.java:logGet(46)) - raft.server.log.write.buffer.size = 1048576 (custom)
2023-04-19 12:53:39,656 [pool-123-thread-1] INFO  server.RaftServerConfigKeys (ConfUtils.java:logGet(46)) - raft.server.log.appender.buffer.byte-limit = 33554432 (custom)
2023-04-19 12:53:39,664 [pool-123-thread-1] INFO  server.RaftServerConfigKeys (ConfUtils.java:logGet(46)) - raft.server.log.unsafe-flush.enabled = false (default)
2023-04-19 12:53:39,664 [pool-123-thread-1] INFO  server.RaftServerConfigKeys (ConfUtils.java:logGet(46)) - raft.server.log.async-flush.enabled = false (default)
2023-04-19 12:53:39,664 [pool-123-thread-1] INFO  server.RaftServerConfigKeys (ConfUtils.java:logGet(46)) - raft.server.log.statemachine.data.caching.enabled = true (custom)
2023-04-19 12:53:39,665 [pool-123-thread-1] INFO  segmented.SegmentedRaftLogWorker (SegmentedRaftLogWorker.java:lambda$new$0(135)) - 864cfdb0-59f4-4b05-be68-a0956d5d2530@group-083171CAC63B-SegmentedRaftLogWorker: flushIndex: setUnconditionally 0 -> -1
2023-04-19 12:53:39,665 [pool-123-thread-1] INFO  segmented.SegmentedRaftLogWorker (SegmentedRaftLogWorker.java:lambda$new$0(135)) - 864cfdb0-59f4-4b05-be68-a0956d5d2530@group-083171CAC63B-SegmentedRaftLogWorker: safeCacheEvictIndex: setUnconditionally 0 -> -1
2023-04-19 12:53:39,665 [pool-123-thread-1] INFO  server.RaftServer$Division (RaftServerImpl.java:start(334)) - 864cfdb0-59f4-4b05-be68-a0956d5d2530@group-083171CAC63B: start as a follower, conf=-1: peers:[864cfdb0-59f4-4b05-be68-a0956d5d2530|rpc:10.1.0.41:39959|dataStream:10.1.0.41:40457|priority:1|startupRole:FOLLOWER]|listeners:[], old=null
2023-04-19 12:53:39,666 [pool-123-thread-1] INFO  server.RaftServer$Division (RaftServerImpl.java:setRole(321)) - 864cfdb0-59f4-4b05-be68-a0956d5d2530@group-083171CAC63B: changes role from      null to FOLLOWER at term 0 for startAsFollower
2023-04-19 12:53:39,666 [pool-123-thread-1] INFO  impl.RoleInfo (RoleInfo.java:updateAndGet(139)) - 864cfdb0-59f4-4b05-be68-a0956d5d2530: start 864cfdb0-59f4-4b05-be68-a0956d5d2530@group-083171CAC63B-FollowerState
2023-04-19 12:53:39,666 [pool-123-thread-1] INFO  util.JmxRegister (JmxRegister.java:tryRegister(44)) - Successfully registered JMX Bean with object name Ratis:service=RaftServer,group=group-083171CAC63B,id=864cfdb0-59f4-4b05-be68-a0956d5d2530
2023-04-19 12:53:39,666 [864cfdb0-59f4-4b05-be68-a0956d5d2530@group-083171CAC63B-FollowerState] INFO  server.RaftServerConfigKeys (ConfUtils.java:logFallback(53)) - raft.server.rpc.first-election.timeout.min = 5s (fallback to raft.server.rpc.timeout.min)
2023-04-19 12:53:39,666 [pool-123-thread-1] INFO  server.RaftServerConfigKeys (ConfUtils.java:logGet(46)) - raft.server.snapshot.auto.trigger.enabled = true (custom)
2023-04-19 12:53:39,666 [864cfdb0-59f4-4b05-be68-a0956d5d2530@group-083171CAC63B-FollowerState] INFO  server.RaftServerConfigKeys (ConfUtils.java:logFallback(53)) - raft.server.rpc.first-election.timeout.max = 5200ms (fallback to raft.server.rpc.timeout.max)
2023-04-19 12:53:39,667 [pool-123-thread-1] INFO  server.RaftServerConfigKeys (ConfUtils.java:logGet(46)) - raft.server.snapshot.auto.trigger.threshold = 10000 (custom)
2023-04-19 12:53:39,667 [pool-123-thread-1] INFO  server.RaftServerConfigKeys (ConfUtils.java:logGet(46)) - raft.server.snapshot.retention.file.num = 5 (custom)
2023-04-19 12:53:39,667 [pool-123-thread-1] INFO  server.RaftServerConfigKeys (ConfUtils.java:logGet(46)) - raft.server.log.purge.upto.snapshot.index = false (default)
2023-04-19 12:53:39,668 [Command processor thread] INFO  ratis.XceiverServerRatis (XceiverServerRatis.java:addGroup(806)) - Created group PipelineID=812af14d-b4ed-495c-ada1-083171cac63b
2023-04-19 12:53:39,668 [Command processor thread] INFO  commandhandler.CreatePipelineCommandHandler (CreatePipelineCommandHandler.java:handle(113)) - Created Pipeline RATIS ONE PipelineID=812af14d-b4ed-495c-ada1-083171cac63b.
2023-04-19 12:53:40,631 [Listener at 127.0.0.1/41717] INFO  ozone.MiniOzoneClusterImpl (MiniOzoneClusterImpl.java:lambda$waitForClusterToBeReady$0(222)) - Nodes are ready. Got 3 of 3 DN Heartbeats.
2023-04-19 12:53:40,631 [Listener at 127.0.0.1/41717] INFO  ozone.MiniOzoneClusterImpl (MiniOzoneClusterImpl.java:lambda$waitForClusterToBeReady$0(225)) - Waiting for cluster to exit safe mode
2023-04-19 12:53:40,631 [Listener at 127.0.0.1/41717] INFO  ozone.MiniOzoneClusterImpl (MiniOzoneClusterImpl.java:lambda$waitForClusterToBeReady$0(227)) - SCM became leader
2023-04-19 12:53:41,632 [Listener at 127.0.0.1/41717] INFO  ozone.MiniOzoneClusterImpl (MiniOzoneClusterImpl.java:lambda$waitForClusterToBeReady$0(222)) - Nodes are ready. Got 3 of 3 DN Heartbeats.
2023-04-19 12:53:41,632 [Listener at 127.0.0.1/41717] INFO  ozone.MiniOzoneClusterImpl (MiniOzoneClusterImpl.java:lambda$waitForClusterToBeReady$0(225)) - Waiting for cluster to exit safe mode
2023-04-19 12:53:41,632 [Listener at 127.0.0.1/41717] INFO  ozone.MiniOzoneClusterImpl (MiniOzoneClusterImpl.java:lambda$waitForClusterToBeReady$0(227)) - SCM became leader
2023-04-19 12:53:42,632 [Listener at 127.0.0.1/41717] INFO  ozone.MiniOzoneClusterImpl (MiniOzoneClusterImpl.java:lambda$waitForClusterToBeReady$0(222)) - Nodes are ready. Got 3 of 3 DN Heartbeats.
2023-04-19 12:53:42,632 [Listener at 127.0.0.1/41717] INFO  ozone.MiniOzoneClusterImpl (MiniOzoneClusterImpl.java:lambda$waitForClusterToBeReady$0(225)) - Waiting for cluster to exit safe mode
2023-04-19 12:53:42,633 [Listener at 127.0.0.1/41717] INFO  ozone.MiniOzoneClusterImpl (MiniOzoneClusterImpl.java:lambda$waitForClusterToBeReady$0(227)) - SCM became leader
2023-04-19 12:53:43,633 [Listener at 127.0.0.1/41717] INFO  ozone.MiniOzoneClusterImpl (MiniOzoneClusterImpl.java:lambda$waitForClusterToBeReady$0(222)) - Nodes are ready. Got 3 of 3 DN Heartbeats.
2023-04-19 12:53:43,633 [Listener at 127.0.0.1/41717] INFO  ozone.MiniOzoneClusterImpl (MiniOzoneClusterImpl.java:lambda$waitForClusterToBeReady$0(225)) - Waiting for cluster to exit safe mode
2023-04-19 12:53:43,634 [Listener at 127.0.0.1/41717] INFO  ozone.MiniOzoneClusterImpl (MiniOzoneClusterImpl.java:lambda$waitForClusterToBeReady$0(227)) - SCM became leader
2023-04-19 12:53:43,883 [e66947f2-c2f9-4763-81b4-1d75eb6bddc4@group-C307DDC1A981-FollowerState] INFO  impl.FollowerState (FollowerState.java:run(143)) - e66947f2-c2f9-4763-81b4-1d75eb6bddc4@group-C307DDC1A981-FollowerState: change to CANDIDATE, lastRpcElapsedTime:5094365990ns, electionTimeout:5093ms
2023-04-19 12:53:43,884 [e66947f2-c2f9-4763-81b4-1d75eb6bddc4@group-C307DDC1A981-FollowerState] INFO  impl.RoleInfo (RoleInfo.java:shutdownFollowerState(110)) - e66947f2-c2f9-4763-81b4-1d75eb6bddc4: shutdown e66947f2-c2f9-4763-81b4-1d75eb6bddc4@group-C307DDC1A981-FollowerState
2023-04-19 12:53:43,884 [e66947f2-c2f9-4763-81b4-1d75eb6bddc4@group-C307DDC1A981-FollowerState] INFO  server.RaftServer$Division (RaftServerImpl.java:setRole(321)) - e66947f2-c2f9-4763-81b4-1d75eb6bddc4@group-C307DDC1A981: changes role from  FOLLOWER to CANDIDATE at term 0 for changeToCandidate
2023-04-19 12:53:43,885 [e66947f2-c2f9-4763-81b4-1d75eb6bddc4@group-C307DDC1A981-FollowerState] INFO  server.RaftServerConfigKeys (ConfUtils.java:logGet(46)) - raft.server.leaderelection.pre-vote = true (default)
2023-04-19 12:53:43,885 [e66947f2-c2f9-4763-81b4-1d75eb6bddc4@group-C307DDC1A981-FollowerState] INFO  impl.RoleInfo (RoleInfo.java:updateAndGet(139)) - e66947f2-c2f9-4763-81b4-1d75eb6bddc4: start e66947f2-c2f9-4763-81b4-1d75eb6bddc4@group-C307DDC1A981-LeaderElection2
2023-04-19 12:53:43,886 [e66947f2-c2f9-4763-81b4-1d75eb6bddc4@group-C307DDC1A981-LeaderElection2] INFO  impl.LeaderElection (LeaderElection.java:askForVotes(312)) - e66947f2-c2f9-4763-81b4-1d75eb6bddc4@group-C307DDC1A981-LeaderElection2 PRE_VOTE round 0: submit vote requests at term 0 for -1: peers:[864cfdb0-59f4-4b05-be68-a0956d5d2530|rpc:10.1.0.41:39959|dataStream:10.1.0.41:40457|priority:0|startupRole:FOLLOWER, 48bd3453-a056-4dba-8f3e-044559c7ef64|rpc:10.1.0.41:38755|dataStream:10.1.0.41:42163|priority:1|startupRole:FOLLOWER, e66947f2-c2f9-4763-81b4-1d75eb6bddc4|rpc:10.1.0.41:41491|dataStream:10.1.0.41:34879|priority:0|startupRole:FOLLOWER]|listeners:[], old=null
2023-04-19 12:53:43,892 [e66947f2-c2f9-4763-81b4-1d75eb6bddc4@group-C307DDC1A981-LeaderElection2] INFO  server.RaftServerConfigKeys (ConfUtils.java:logFallback(53)) - raft.server.rpc.first-election.timeout.min = 5s (fallback to raft.server.rpc.timeout.min)
2023-04-19 12:53:43,892 [e66947f2-c2f9-4763-81b4-1d75eb6bddc4@group-C307DDC1A981-LeaderElection2] INFO  server.RaftServerConfigKeys (ConfUtils.java:logFallback(53)) - raft.server.rpc.first-election.timeout.max = 5200ms (fallback to raft.server.rpc.timeout.max)
2023-04-19 12:53:43,894 [e66947f2-c2f9-4763-81b4-1d75eb6bddc4@group-C307DDC1A981-LeaderElection2-1] INFO  server.GrpcServerProtocolClient (GrpcServerProtocolClient.java:<init>(63)) - Build channel for 864cfdb0-59f4-4b05-be68-a0956d5d2530
2023-04-19 12:53:43,894 [e66947f2-c2f9-4763-81b4-1d75eb6bddc4@group-C307DDC1A981-LeaderElection2-2] INFO  server.GrpcServerProtocolClient (GrpcServerProtocolClient.java:<init>(63)) - Build channel for 48bd3453-a056-4dba-8f3e-044559c7ef64
2023-04-19 12:53:43,923 [grpc-default-executor-0] INFO  server.RaftServer$Division (RaftServerImpl.java:requestVote(1218)) - 864cfdb0-59f4-4b05-be68-a0956d5d2530@group-C307DDC1A981: receive requestVote(PRE_VOTE, e66947f2-c2f9-4763-81b4-1d75eb6bddc4, group-C307DDC1A981, 0, (t:0, i:0))
2023-04-19 12:53:43,923 [grpc-default-executor-1] INFO  server.RaftServer$Division (RaftServerImpl.java:requestVote(1218)) - 48bd3453-a056-4dba-8f3e-044559c7ef64@group-C307DDC1A981: receive requestVote(PRE_VOTE, e66947f2-c2f9-4763-81b4-1d75eb6bddc4, group-C307DDC1A981, 0, (t:0, i:0))
2023-04-19 12:53:43,925 [grpc-default-executor-1] INFO  impl.VoteContext (VoteContext.java:log(49)) - 48bd3453-a056-4dba-8f3e-044559c7ef64@group-C307DDC1A981-FOLLOWER: reject PRE_VOTE from e66947f2-c2f9-4763-81b4-1d75eb6bddc4: our priority 1 > candidate's priority 0
2023-04-19 12:53:43,927 [grpc-default-executor-1] INFO  server.RaftServer$Division (RaftServerImpl.java:requestVote(1251)) - 48bd3453-a056-4dba-8f3e-044559c7ef64@group-C307DDC1A981 replies to PRE_VOTE vote request: e66947f2-c2f9-4763-81b4-1d75eb6bddc4<-48bd3453-a056-4dba-8f3e-044559c7ef64#0:FAIL-t0. Peer's state: 48bd3453-a056-4dba-8f3e-044559c7ef64@group-C307DDC1A981:t0, leader=null, voted=, raftlog=Memoized:48bd3453-a056-4dba-8f3e-044559c7ef64@group-C307DDC1A981-SegmentedRaftLog:OPENED:c-1, conf=-1: peers:[864cfdb0-59f4-4b05-be68-a0956d5d2530|rpc:10.1.0.41:39959|dataStream:10.1.0.41:40457|priority:0|startupRole:FOLLOWER, 48bd3453-a056-4dba-8f3e-044559c7ef64|rpc:10.1.0.41:38755|dataStream:10.1.0.41:42163|priority:1|startupRole:FOLLOWER, e66947f2-c2f9-4763-81b4-1d75eb6bddc4|rpc:10.1.0.41:41491|dataStream:10.1.0.41:34879|priority:0|startupRole:FOLLOWER]|listeners:[], old=null
2023-04-19 12:53:43,928 [grpc-default-executor-0] INFO  impl.VoteContext (VoteContext.java:log(49)) - 864cfdb0-59f4-4b05-be68-a0956d5d2530@group-C307DDC1A981-FOLLOWER: accept PRE_VOTE from e66947f2-c2f9-4763-81b4-1d75eb6bddc4: our priority 0 <= candidate's priority 0
2023-04-19 12:53:43,930 [grpc-default-executor-0] INFO  server.RaftServer$Division (RaftServerImpl.java:requestVote(1251)) - 864cfdb0-59f4-4b05-be68-a0956d5d2530@group-C307DDC1A981 replies to PRE_VOTE vote request: e66947f2-c2f9-4763-81b4-1d75eb6bddc4<-864cfdb0-59f4-4b05-be68-a0956d5d2530#0:OK-t0. Peer's state: 864cfdb0-59f4-4b05-be68-a0956d5d2530@group-C307DDC1A981:t0, leader=null, voted=, raftlog=Memoized:864cfdb0-59f4-4b05-be68-a0956d5d2530@group-C307DDC1A981-SegmentedRaftLog:OPENED:c-1, conf=-1: peers:[864cfdb0-59f4-4b05-be68-a0956d5d2530|rpc:10.1.0.41:39959|dataStream:10.1.0.41:40457|priority:0|startupRole:FOLLOWER, 48bd3453-a056-4dba-8f3e-044559c7ef64|rpc:10.1.0.41:38755|dataStream:10.1.0.41:42163|priority:1|startupRole:FOLLOWER, e66947f2-c2f9-4763-81b4-1d75eb6bddc4|rpc:10.1.0.41:41491|dataStream:10.1.0.41:34879|priority:0|startupRole:FOLLOWER]|listeners:[], old=null
2023-04-19 12:53:43,930 [e66947f2-c2f9-4763-81b4-1d75eb6bddc4@group-76FE3CD1BB56-FollowerState] INFO  impl.FollowerState (FollowerState.java:run(143)) - e66947f2-c2f9-4763-81b4-1d75eb6bddc4@group-76FE3CD1BB56-FollowerState: change to CANDIDATE, lastRpcElapsedTime:5179655221ns, electionTimeout:5179ms
2023-04-19 12:53:43,932 [e66947f2-c2f9-4763-81b4-1d75eb6bddc4@group-76FE3CD1BB56-FollowerState] INFO  impl.RoleInfo (RoleInfo.java:shutdownFollowerState(110)) - e66947f2-c2f9-4763-81b4-1d75eb6bddc4: shutdown e66947f2-c2f9-4763-81b4-1d75eb6bddc4@group-76FE3CD1BB56-FollowerState
2023-04-19 12:53:43,932 [e66947f2-c2f9-4763-81b4-1d75eb6bddc4@group-76FE3CD1BB56-FollowerState] INFO  server.RaftServer$Division (RaftServerImpl.java:setRole(321)) - e66947f2-c2f9-4763-81b4-1d75eb6bddc4@group-76FE3CD1BB56: changes role from  FOLLOWER to CANDIDATE at term 0 for changeToCandidate
2023-04-19 12:53:43,932 [e66947f2-c2f9-4763-81b4-1d75eb6bddc4@group-C307DDC1A981-LeaderElection2] INFO  impl.LeaderElection (LeaderElection.java:logAndReturn(90)) - e66947f2-c2f9-4763-81b4-1d75eb6bddc4@group-C307DDC1A981-LeaderElection2: PRE_VOTE REJECTED received 1 response(s) and 0 exception(s):
2023-04-19 12:53:43,933 [e66947f2-c2f9-4763-81b4-1d75eb6bddc4@group-C307DDC1A981-LeaderElection2] INFO  impl.LeaderElection (LeaderElection.java:logAndReturn(94)) -   Response 0: e66947f2-c2f9-4763-81b4-1d75eb6bddc4<-48bd3453-a056-4dba-8f3e-044559c7ef64#0:FAIL-t0
2023-04-19 12:53:43,933 [e66947f2-c2f9-4763-81b4-1d75eb6bddc4@group-C307DDC1A981-LeaderElection2] INFO  impl.LeaderElection (LeaderElection.java:askForVotes(314)) - e66947f2-c2f9-4763-81b4-1d75eb6bddc4@group-C307DDC1A981-LeaderElection2 PRE_VOTE round 0: result REJECTED
2023-04-19 12:53:43,933 [e66947f2-c2f9-4763-81b4-1d75eb6bddc4@group-C307DDC1A981-LeaderElection2] INFO  server.RaftServer$Division (RaftServerImpl.java:setRole(321)) - e66947f2-c2f9-4763-81b4-1d75eb6bddc4@group-C307DDC1A981: changes role from CANDIDATE to FOLLOWER at term 0 for REJECTED
2023-04-19 12:53:43,934 [e66947f2-c2f9-4763-81b4-1d75eb6bddc4@group-C307DDC1A981-LeaderElection2] INFO  impl.RoleInfo (RoleInfo.java:shutdownLeaderElection(130)) - e66947f2-c2f9-4763-81b4-1d75eb6bddc4: shutdown e66947f2-c2f9-4763-81b4-1d75eb6bddc4@group-C307DDC1A981-LeaderElection2
2023-04-19 12:53:43,934 [e66947f2-c2f9-4763-81b4-1d75eb6bddc4@group-C307DDC1A981-LeaderElection2] INFO  impl.RoleInfo (RoleInfo.java:updateAndGet(139)) - e66947f2-c2f9-4763-81b4-1d75eb6bddc4: start e66947f2-c2f9-4763-81b4-1d75eb6bddc4@group-C307DDC1A981-FollowerState
2023-04-19 12:53:43,933 [e66947f2-c2f9-4763-81b4-1d75eb6bddc4@group-76FE3CD1BB56-FollowerState] INFO  server.RaftServerConfigKeys (ConfUtils.java:logGet(46)) - raft.server.leaderelection.pre-vote = true (default)
2023-04-19 12:53:43,934 [e66947f2-c2f9-4763-81b4-1d75eb6bddc4@group-76FE3CD1BB56-FollowerState] INFO  impl.RoleInfo (RoleInfo.java:updateAndGet(139)) - e66947f2-c2f9-4763-81b4-1d75eb6bddc4: start e66947f2-c2f9-4763-81b4-1d75eb6bddc4@group-76FE3CD1BB56-LeaderElection3
2023-04-19 12:53:43,938 [e66947f2-c2f9-4763-81b4-1d75eb6bddc4@group-C307DDC1A981-FollowerState] INFO  server.RaftServerConfigKeys (ConfUtils.java:logFallback(53)) - raft.server.rpc.first-election.timeout.min = 5s (fallback to raft.server.rpc.timeout.min)
2023-04-19 12:53:43,938 [e66947f2-c2f9-4763-81b4-1d75eb6bddc4@group-C307DDC1A981-FollowerState] INFO  server.RaftServerConfigKeys (ConfUtils.java:logFallback(53)) - raft.server.rpc.first-election.timeout.max = 5200ms (fallback to raft.server.rpc.timeout.max)
2023-04-19 12:53:43,941 [e66947f2-c2f9-4763-81b4-1d75eb6bddc4@group-76FE3CD1BB56-LeaderElection3] INFO  impl.LeaderElection (LeaderElection.java:askForVotes(312)) - e66947f2-c2f9-4763-81b4-1d75eb6bddc4@group-76FE3CD1BB56-LeaderElection3 PRE_VOTE round 0: submit vote requests at term 0 for -1: peers:[e66947f2-c2f9-4763-81b4-1d75eb6bddc4|rpc:10.1.0.41:41491|dataStream:10.1.0.41:34879|priority:1|startupRole:FOLLOWER]|listeners:[], old=null
2023-04-19 12:53:43,941 [e66947f2-c2f9-4763-81b4-1d75eb6bddc4@group-76FE3CD1BB56-LeaderElection3] INFO  impl.LeaderElection (LeaderElection.java:askForVotes(314)) - e66947f2-c2f9-4763-81b4-1d75eb6bddc4@group-76FE3CD1BB56-LeaderElection3 PRE_VOTE round 0: result PASSED (term=0)
2023-04-19 12:53:43,943 [e66947f2-c2f9-4763-81b4-1d75eb6bddc4@group-76FE3CD1BB56-LeaderElection3] INFO  impl.LeaderElection (LeaderElection.java:askForVotes(312)) - e66947f2-c2f9-4763-81b4-1d75eb6bddc4@group-76FE3CD1BB56-LeaderElection3 ELECTION round 0: submit vote requests at term 1 for -1: peers:[e66947f2-c2f9-4763-81b4-1d75eb6bddc4|rpc:10.1.0.41:41491|dataStream:10.1.0.41:34879|priority:1|startupRole:FOLLOWER]|listeners:[], old=null
2023-04-19 12:53:43,943 [e66947f2-c2f9-4763-81b4-1d75eb6bddc4@group-76FE3CD1BB56-LeaderElection3] INFO  impl.LeaderElection (LeaderElection.java:askForVotes(314)) - e66947f2-c2f9-4763-81b4-1d75eb6bddc4@group-76FE3CD1BB56-LeaderElection3 ELECTION round 0: result PASSED (term=1)
2023-04-19 12:53:43,943 [e66947f2-c2f9-4763-81b4-1d75eb6bddc4@group-76FE3CD1BB56-LeaderElection3] INFO  impl.RoleInfo (RoleInfo.java:shutdownLeaderElection(130)) - e66947f2-c2f9-4763-81b4-1d75eb6bddc4: shutdown e66947f2-c2f9-4763-81b4-1d75eb6bddc4@group-76FE3CD1BB56-LeaderElection3
2023-04-19 12:53:43,943 [e66947f2-c2f9-4763-81b4-1d75eb6bddc4@group-76FE3CD1BB56-LeaderElection3] INFO  server.RaftServer$Division (RaftServerImpl.java:setRole(321)) - e66947f2-c2f9-4763-81b4-1d75eb6bddc4@group-76FE3CD1BB56: changes role from CANDIDATE to LEADER at term 1 for changeToLeader
2023-04-19 12:53:43,943 [e66947f2-c2f9-4763-81b4-1d75eb6bddc4@group-76FE3CD1BB56-LeaderElection3] INFO  ratis.XceiverServerRatis (XceiverServerRatis.java:handleLeaderChangedNotification(904)) - Leader change notification received for group: group-76FE3CD1BB56 with new leaderId: e66947f2-c2f9-4763-81b4-1d75eb6bddc4
2023-04-19 12:53:43,944 [e66947f2-c2f9-4763-81b4-1d75eb6bddc4@group-76FE3CD1BB56-LeaderElection3] INFO  server.RaftServer$Division (ServerState.java:setLeader(313)) - e66947f2-c2f9-4763-81b4-1d75eb6bddc4@group-76FE3CD1BB56: change Leader from null to e66947f2-c2f9-4763-81b4-1d75eb6bddc4 at term 1 for becomeLeader, leader elected after 5232ms
2023-04-19 12:53:43,944 [e66947f2-c2f9-4763-81b4-1d75eb6bddc4@group-76FE3CD1BB56-LeaderElection3] INFO  server.RaftServerConfigKeys (ConfUtils.java:logGet(46)) - raft.server.staging.catchup.gap = 1000 (default)
2023-04-19 12:53:43,945 [e66947f2-c2f9-4763-81b4-1d75eb6bddc4@group-76FE3CD1BB56-LeaderElection3] INFO  server.RaftServerConfigKeys (ConfUtils.java:logGet(46)) - raft.server.write.element-limit = 1024 (custom)
2023-04-19 12:53:43,945 [e66947f2-c2f9-4763-81b4-1d75eb6bddc4@group-76FE3CD1BB56-LeaderElection3] INFO  server.RaftServerConfigKeys (ConfUtils.java:logGet(46)) - raft.server.write.byte-limit = 1024 M (=1073741824) (custom)
2023-04-19 12:53:43,945 [e66947f2-c2f9-4763-81b4-1d75eb6bddc4@group-76FE3CD1BB56-LeaderElection3] INFO  server.RaftServerConfigKeys (ConfUtils.java:logGet(46)) - raft.server.watch.timeout = 180s (custom)
2023-04-19 12:53:43,945 [e66947f2-c2f9-4763-81b4-1d75eb6bddc4@group-76FE3CD1BB56-LeaderElection3] INFO  server.RaftServerConfigKeys (ConfUtils.java:logGet(46)) - raft.server.watch.timeout.denomination = 1s (default)
2023-04-19 12:53:43,949 [e66947f2-c2f9-4763-81b4-1d75eb6bddc4@group-76FE3CD1BB56-LeaderElection3] INFO  server.RaftServerConfigKeys (ConfUtils.java:logGet(46)) - raft.server.watch.element-limit = 65536 (default)
2023-04-19 12:53:43,951 [EventQueue-OpenPipelineForHealthyPipelineSafeModeRule] INFO  safemode.SCMSafeModeManager (HealthyPipelineSafeModeRule.java:process(137)) - SCM in safe mode. Healthy pipelines reported count is 0, required healthy pipeline reported count is 1
2023-04-19 12:53:43,952 [e66947f2-c2f9-4763-81b4-1d75eb6bddc4@group-76FE3CD1BB56-LeaderElection3] INFO  server.RaftServerConfigKeys (ConfUtils.java:logGet(46)) - raft.server.write.element-limit = 1024 (custom)
2023-04-19 12:53:43,952 [e66947f2-c2f9-4763-81b4-1d75eb6bddc4@group-76FE3CD1BB56-LeaderElection3] INFO  server.RaftServerConfigKeys (ConfUtils.java:logGet(46)) - raft.server.write.follower.gap.ratio.max = -1.0 (default)
2023-04-19 12:53:43,952 [e66947f2-c2f9-4763-81b4-1d75eb6bddc4@group-76FE3CD1BB56-LeaderElection3] INFO  impl.RoleInfo (RoleInfo.java:updateAndGet(139)) - e66947f2-c2f9-4763-81b4-1d75eb6bddc4: start e66947f2-c2f9-4763-81b4-1d75eb6bddc4@group-76FE3CD1BB56-LeaderStateImpl
2023-04-19 12:53:43,952 [e66947f2-c2f9-4763-81b4-1d75eb6bddc4@group-76FE3CD1BB56-LeaderElection3] INFO  segmented.SegmentedRaftLogWorker (SegmentedRaftLogWorker.java:startLogSegment(452)) - e66947f2-c2f9-4763-81b4-1d75eb6bddc4@group-76FE3CD1BB56-SegmentedRaftLogWorker: Starting segment from index:0
2023-04-19 12:53:43,954 [e66947f2-c2f9-4763-81b4-1d75eb6bddc4@group-76FE3CD1BB56-SegmentedRaftLogWorker] INFO  segmented.SegmentedRaftLogWorker (SegmentedRaftLogWorker.java:execute(656)) - e66947f2-c2f9-4763-81b4-1d75eb6bddc4@group-76FE3CD1BB56-SegmentedRaftLogWorker: created new log segment /home/runner/work/ozone/ozone/hadoop-ozone/integration-test/target/test-dir/MiniOzoneClusterImpl-2b3941d9-6b91-4c70-847f-5d11ff1da94e/datanode-0/data/ratis/178cbd31-ada0-44a9-82b7-76fe3cd1bb56/current/log_inprogress_0
2023-04-19 12:53:43,957 [e66947f2-c2f9-4763-81b4-1d75eb6bddc4@group-76FE3CD1BB56-LeaderElection3] INFO  server.RaftServer$Division (ServerState.java:setRaftConf(430)) - e66947f2-c2f9-4763-81b4-1d75eb6bddc4@group-76FE3CD1BB56: set configuration 0: peers:[e66947f2-c2f9-4763-81b4-1d75eb6bddc4|rpc:10.1.0.41:41491|dataStream:10.1.0.41:34879|priority:1|startupRole:FOLLOWER]|listeners:[], old=null
2023-04-19 12:53:44,314 [864cfdb0-59f4-4b05-be68-a0956d5d2530@group-C307DDC1A981-FollowerState] INFO  server.RaftServerConfigKeys (ConfUtils.java:logFallback(53)) - raft.server.rpc.first-election.timeout.min = 5s (fallback to raft.server.rpc.timeout.min)
2023-04-19 12:53:44,314 [864cfdb0-59f4-4b05-be68-a0956d5d2530@group-C307DDC1A981-FollowerState] INFO  server.RaftServerConfigKeys (ConfUtils.java:logFallback(53)) - raft.server.rpc.first-election.timeout.max = 5200ms (fallback to raft.server.rpc.timeout.max)
2023-04-19 12:53:44,333 [48bd3453-a056-4dba-8f3e-044559c7ef64@group-C307DDC1A981-FollowerState] INFO  impl.FollowerState (FollowerState.java:run(143)) - 48bd3453-a056-4dba-8f3e-044559c7ef64@group-C307DDC1A981-FollowerState: change to CANDIDATE, lastRpcElapsedTime:5152467473ns, electionTimeout:5147ms
2023-04-19 12:53:44,334 [48bd3453-a056-4dba-8f3e-044559c7ef64@group-C307DDC1A981-FollowerState] INFO  impl.RoleInfo (RoleInfo.java:shutdownFollowerState(110)) - 48bd3453-a056-4dba-8f3e-044559c7ef64: shutdown 48bd3453-a056-4dba-8f3e-044559c7ef64@group-C307DDC1A981-FollowerState
2023-04-19 12:53:44,334 [48bd3453-a056-4dba-8f3e-044559c7ef64@group-C307DDC1A981-FollowerState] INFO  server.RaftServer$Division (RaftServerImpl.java:setRole(321)) - 48bd3453-a056-4dba-8f3e-044559c7ef64@group-C307DDC1A981: changes role from  FOLLOWER to CANDIDATE at term 0 for changeToCandidate
2023-04-19 12:53:44,334 [48bd3453-a056-4dba-8f3e-044559c7ef64@group-C307DDC1A981-FollowerState] INFO  server.RaftServerConfigKeys (ConfUtils.java:logGet(46)) - raft.server.leaderelection.pre-vote = true (default)
2023-04-19 12:53:44,334 [48bd3453-a056-4dba-8f3e-044559c7ef64@group-C307DDC1A981-FollowerState] INFO  impl.RoleInfo (RoleInfo.java:updateAndGet(139)) - 48bd3453-a056-4dba-8f3e-044559c7ef64: start 48bd3453-a056-4dba-8f3e-044559c7ef64@group-C307DDC1A981-LeaderElection4
2023-04-19 12:53:44,335 [48bd3453-a056-4dba-8f3e-044559c7ef64@group-C307DDC1A981-LeaderElection4] INFO  impl.LeaderElection (LeaderElection.java:askForVotes(312)) - 48bd3453-a056-4dba-8f3e-044559c7ef64@group-C307DDC1A981-LeaderElection4 PRE_VOTE round 0: submit vote requests at term 0 for -1: peers:[864cfdb0-59f4-4b05-be68-a0956d5d2530|rpc:10.1.0.41:39959|dataStream:10.1.0.41:40457|priority:0|startupRole:FOLLOWER, 48bd3453-a056-4dba-8f3e-044559c7ef64|rpc:10.1.0.41:38755|dataStream:10.1.0.41:42163|priority:1|startupRole:FOLLOWER, e66947f2-c2f9-4763-81b4-1d75eb6bddc4|rpc:10.1.0.41:41491|dataStream:10.1.0.41:34879|priority:0|startupRole:FOLLOWER]|listeners:[], old=null
2023-04-19 12:53:44,335 [48bd3453-a056-4dba-8f3e-044559c7ef64@group-C307DDC1A981-LeaderElection4] INFO  server.RaftServerConfigKeys (ConfUtils.java:logFallback(53)) - raft.server.rpc.first-election.timeout.min = 5s (fallback to raft.server.rpc.timeout.min)
2023-04-19 12:53:44,336 [48bd3453-a056-4dba-8f3e-044559c7ef64@group-C307DDC1A981-LeaderElection4-1] INFO  server.GrpcServerProtocolClient (GrpcServerProtocolClient.java:<init>(63)) - Build channel for 864cfdb0-59f4-4b05-be68-a0956d5d2530
2023-04-19 12:53:44,336 [48bd3453-a056-4dba-8f3e-044559c7ef64@group-C307DDC1A981-LeaderElection4-2] INFO  server.GrpcServerProtocolClient (GrpcServerProtocolClient.java:<init>(63)) - Build channel for e66947f2-c2f9-4763-81b4-1d75eb6bddc4
2023-04-19 12:53:44,336 [48bd3453-a056-4dba-8f3e-044559c7ef64@group-C307DDC1A981-LeaderElection4] INFO  server.RaftServerConfigKeys (ConfUtils.java:logFallback(53)) - raft.server.rpc.first-election.timeout.max = 5200ms (fallback to raft.server.rpc.timeout.max)
2023-04-19 12:53:44,353 [grpc-default-executor-1] INFO  server.RaftServer$Division (RaftServerImpl.java:requestVote(1218)) - e66947f2-c2f9-4763-81b4-1d75eb6bddc4@group-C307DDC1A981: receive requestVote(PRE_VOTE, 48bd3453-a056-4dba-8f3e-044559c7ef64, group-C307DDC1A981, 0, (t:0, i:0))
2023-04-19 12:53:44,353 [grpc-default-executor-1] INFO  impl.VoteContext (VoteContext.java:log(49)) - e66947f2-c2f9-4763-81b4-1d75eb6bddc4@group-C307DDC1A981-FOLLOWER: accept PRE_VOTE from 48bd3453-a056-4dba-8f3e-044559c7ef64: our priority 0 <= candidate's priority 1
2023-04-19 12:53:44,353 [grpc-default-executor-1] INFO  server.RaftServer$Division (RaftServerImpl.java:requestVote(1251)) - e66947f2-c2f9-4763-81b4-1d75eb6bddc4@group-C307DDC1A981 replies to PRE_VOTE vote request: 48bd3453-a056-4dba-8f3e-044559c7ef64<-e66947f2-c2f9-4763-81b4-1d75eb6bddc4#0:OK-t0. Peer's state: e66947f2-c2f9-4763-81b4-1d75eb6bddc4@group-C307DDC1A981:t0, leader=null, voted=, raftlog=Memoized:e66947f2-c2f9-4763-81b4-1d75eb6bddc4@group-C307DDC1A981-SegmentedRaftLog:OPENED:c-1, conf=-1: peers:[864cfdb0-59f4-4b05-be68-a0956d5d2530|rpc:10.1.0.41:39959|dataStream:10.1.0.41:40457|priority:0|startupRole:FOLLOWER, 48bd3453-a056-4dba-8f3e-044559c7ef64|rpc:10.1.0.41:38755|dataStream:10.1.0.41:42163|priority:1|startupRole:FOLLOWER, e66947f2-c2f9-4763-81b4-1d75eb6bddc4|rpc:10.1.0.41:41491|dataStream:10.1.0.41:34879|priority:0|startupRole:FOLLOWER]|listeners:[], old=null
2023-04-19 12:53:44,360 [48bd3453-a056-4dba-8f3e-044559c7ef64@group-C307DDC1A981-LeaderElection4] INFO  impl.LeaderElection (LeaderElection.java:logAndReturn(90)) - 48bd3453-a056-4dba-8f3e-044559c7ef64@group-C307DDC1A981-LeaderElection4: PRE_VOTE PASSED received 1 response(s) and 0 exception(s):
2023-04-19 12:53:44,361 [48bd3453-a056-4dba-8f3e-044559c7ef64@group-C307DDC1A981-LeaderElection4] INFO  impl.LeaderElection (LeaderElection.java:logAndReturn(94)) -   Response 0: 48bd3453-a056-4dba-8f3e-044559c7ef64<-e66947f2-c2f9-4763-81b4-1d75eb6bddc4#0:OK-t0
2023-04-19 12:53:44,361 [48bd3453-a056-4dba-8f3e-044559c7ef64@group-C307DDC1A981-LeaderElection4] INFO  impl.LeaderElection (LeaderElection.java:askForVotes(314)) - 48bd3453-a056-4dba-8f3e-044559c7ef64@group-C307DDC1A981-LeaderElection4 PRE_VOTE round 0: result PASSED
2023-04-19 12:53:44,362 [48bd3453-a056-4dba-8f3e-044559c7ef64@group-C307DDC1A981-LeaderElection4] INFO  impl.LeaderElection (LeaderElection.java:askForVotes(312)) - 48bd3453-a056-4dba-8f3e-044559c7ef64@group-C307DDC1A981-LeaderElection4 ELECTION round 0: submit vote requests at term 1 for -1: peers:[864cfdb0-59f4-4b05-be68-a0956d5d2530|rpc:10.1.0.41:39959|dataStream:10.1.0.41:40457|priority:0|startupRole:FOLLOWER, 48bd3453-a056-4dba-8f3e-044559c7ef64|rpc:10.1.0.41:38755|dataStream:10.1.0.41:42163|priority:1|startupRole:FOLLOWER, e66947f2-c2f9-4763-81b4-1d75eb6bddc4|rpc:10.1.0.41:41491|dataStream:10.1.0.41:34879|priority:0|startupRole:FOLLOWER]|listeners:[], old=null
2023-04-19 12:53:44,362 [48bd3453-a056-4dba-8f3e-044559c7ef64@group-C307DDC1A981-LeaderElection4] INFO  server.RaftServerConfigKeys (ConfUtils.java:logFallback(53)) - raft.server.rpc.first-election.timeout.min = 5s (fallback to raft.server.rpc.timeout.min)
2023-04-19 12:53:44,362 [48bd3453-a056-4dba-8f3e-044559c7ef64@group-C307DDC1A981-LeaderElection4] INFO  server.RaftServerConfigKeys (ConfUtils.java:logFallback(53)) - raft.server.rpc.first-election.timeout.max = 5200ms (fallback to raft.server.rpc.timeout.max)
2023-04-19 12:53:44,366 [grpc-default-executor-1] INFO  server.RaftServer$Division (RaftServerImpl.java:requestVote(1218)) - e66947f2-c2f9-4763-81b4-1d75eb6bddc4@group-C307DDC1A981: receive requestVote(ELECTION, 48bd3453-a056-4dba-8f3e-044559c7ef64, group-C307DDC1A981, 1, (t:0, i:0))
2023-04-19 12:53:44,369 [grpc-default-executor-1] INFO  impl.VoteContext (VoteContext.java:log(49)) - e66947f2-c2f9-4763-81b4-1d75eb6bddc4@group-C307DDC1A981-FOLLOWER: accept ELECTION from 48bd3453-a056-4dba-8f3e-044559c7ef64: our priority 0 <= candidate's priority 1
2023-04-19 12:53:44,369 [grpc-default-executor-1] INFO  server.RaftServer$Division (RaftServerImpl.java:setRole(321)) - e66947f2-c2f9-4763-81b4-1d75eb6bddc4@group-C307DDC1A981: changes role from  FOLLOWER to FOLLOWER at term 1 for candidate:48bd3453-a056-4dba-8f3e-044559c7ef64
2023-04-19 12:53:44,369 [grpc-default-executor-1] INFO  impl.RoleInfo (RoleInfo.java:shutdownFollowerState(110)) - e66947f2-c2f9-4763-81b4-1d75eb6bddc4: shutdown e66947f2-c2f9-4763-81b4-1d75eb6bddc4@group-C307DDC1A981-FollowerState
2023-04-19 12:53:44,369 [grpc-default-executor-1] INFO  impl.RoleInfo (RoleInfo.java:updateAndGet(139)) - e66947f2-c2f9-4763-81b4-1d75eb6bddc4: start e66947f2-c2f9-4763-81b4-1d75eb6bddc4@group-C307DDC1A981-FollowerState
2023-04-19 12:53:44,369 [e66947f2-c2f9-4763-81b4-1d75eb6bddc4@group-C307DDC1A981-FollowerState] INFO  impl.FollowerState (FollowerState.java:run(152)) - e66947f2-c2f9-4763-81b4-1d75eb6bddc4@group-C307DDC1A981-FollowerState was interrupted
2023-04-19 12:53:44,371 [grpc-default-executor-0] INFO  server.RaftServer$Division (RaftServerImpl.java:requestVote(1218)) - 864cfdb0-59f4-4b05-be68-a0956d5d2530@group-C307DDC1A981: receive requestVote(PRE_VOTE, 48bd3453-a056-4dba-8f3e-044559c7ef64, group-C307DDC1A981, 0, (t:0, i:0))
2023-04-19 12:53:44,371 [e66947f2-c2f9-4763-81b4-1d75eb6bddc4@group-C307DDC1A981-FollowerState] INFO  server.RaftServerConfigKeys (ConfUtils.java:logFallback(53)) - raft.server.rpc.first-election.timeout.min = 5s (fallback to raft.server.rpc.timeout.min)
2023-04-19 12:53:44,371 [grpc-default-executor-0] INFO  impl.VoteContext (VoteContext.java:log(49)) - 864cfdb0-59f4-4b05-be68-a0956d5d2530@group-C307DDC1A981-FOLLOWER: accept PRE_VOTE from 48bd3453-a056-4dba-8f3e-044559c7ef64: our priority 0 <= candidate's priority 1
2023-04-19 12:53:44,372 [e66947f2-c2f9-4763-81b4-1d75eb6bddc4@group-C307DDC1A981-FollowerState] INFO  server.RaftServerConfigKeys (ConfUtils.java:logFallback(53)) - raft.server.rpc.first-election.timeout.max = 5200ms (fallback to raft.server.rpc.timeout.max)
2023-04-19 12:53:44,372 [grpc-default-executor-0] INFO  server.RaftServer$Division (RaftServerImpl.java:requestVote(1251)) - 864cfdb0-59f4-4b05-be68-a0956d5d2530@group-C307DDC1A981 replies to PRE_VOTE vote request: 48bd3453-a056-4dba-8f3e-044559c7ef64<-864cfdb0-59f4-4b05-be68-a0956d5d2530#0:OK-t0. Peer's state: 864cfdb0-59f4-4b05-be68-a0956d5d2530@group-C307DDC1A981:t0, leader=null, voted=, raftlog=Memoized:864cfdb0-59f4-4b05-be68-a0956d5d2530@group-C307DDC1A981-SegmentedRaftLog:OPENED:c-1, conf=-1: peers:[864cfdb0-59f4-4b05-be68-a0956d5d2530|rpc:10.1.0.41:39959|dataStream:10.1.0.41:40457|priority:0|startupRole:FOLLOWER, 48bd3453-a056-4dba-8f3e-044559c7ef64|rpc:10.1.0.41:38755|dataStream:10.1.0.41:42163|priority:1|startupRole:FOLLOWER, e66947f2-c2f9-4763-81b4-1d75eb6bddc4|rpc:10.1.0.41:41491|dataStream:10.1.0.41:34879|priority:0|startupRole:FOLLOWER]|listeners:[], old=null
2023-04-19 12:53:44,372 [grpc-default-executor-1] INFO  server.RaftServer$Division (RaftServerImpl.java:requestVote(1251)) - e66947f2-c2f9-4763-81b4-1d75eb6bddc4@group-C307DDC1A981 replies to ELECTION vote request: 48bd3453-a056-4dba-8f3e-044559c7ef64<-e66947f2-c2f9-4763-81b4-1d75eb6bddc4#0:OK-t1. Peer's state: e66947f2-c2f9-4763-81b4-1d75eb6bddc4@group-C307DDC1A981:t1, leader=null, voted=48bd3453-a056-4dba-8f3e-044559c7ef64, raftlog=Memoized:e66947f2-c2f9-4763-81b4-1d75eb6bddc4@group-C307DDC1A981-SegmentedRaftLog:OPENED:c-1, conf=-1: peers:[864cfdb0-59f4-4b05-be68-a0956d5d2530|rpc:10.1.0.41:39959|dataStream:10.1.0.41:40457|priority:0|startupRole:FOLLOWER, 48bd3453-a056-4dba-8f3e-044559c7ef64|rpc:10.1.0.41:38755|dataStream:10.1.0.41:42163|priority:1|startupRole:FOLLOWER, e66947f2-c2f9-4763-81b4-1d75eb6bddc4|rpc:10.1.0.41:41491|dataStream:10.1.0.41:34879|priority:0|startupRole:FOLLOWER]|listeners:[], old=null
2023-04-19 12:53:44,374 [48bd3453-a056-4dba-8f3e-044559c7ef64@group-C307DDC1A981-LeaderElection4] INFO  impl.LeaderElection (LeaderElection.java:logAndReturn(90)) - 48bd3453-a056-4dba-8f3e-044559c7ef64@group-C307DDC1A981-LeaderElection4: ELECTION PASSED received 1 response(s) and 0 exception(s):
2023-04-19 12:53:44,375 [48bd3453-a056-4dba-8f3e-044559c7ef64@group-C307DDC1A981-LeaderElection4] INFO  impl.LeaderElection (LeaderElection.java:logAndReturn(94)) -   Response 0: 48bd3453-a056-4dba-8f3e-044559c7ef64<-e66947f2-c2f9-4763-81b4-1d75eb6bddc4#0:OK-t1
2023-04-19 12:53:44,375 [48bd3453-a056-4dba-8f3e-044559c7ef64@group-C307DDC1A981-LeaderElection4] INFO  impl.LeaderElection (LeaderElection.java:askForVotes(314)) - 48bd3453-a056-4dba-8f3e-044559c7ef64@group-C307DDC1A981-LeaderElection4 ELECTION round 0: result PASSED
2023-04-19 12:53:44,375 [48bd3453-a056-4dba-8f3e-044559c7ef64@group-C307DDC1A981-LeaderElection4] INFO  impl.RoleInfo (RoleInfo.java:shutdownLeaderElection(130)) - 48bd3453-a056-4dba-8f3e-044559c7ef64: shutdown 48bd3453-a056-4dba-8f3e-044559c7ef64@group-C307DDC1A981-LeaderElection4
2023-04-19 12:53:44,375 [48bd3453-a056-4dba-8f3e-044559c7ef64@group-C307DDC1A981-LeaderElection4] INFO  server.RaftServer$Division (RaftServerImpl.java:setRole(321)) - 48bd3453-a056-4dba-8f3e-044559c7ef64@group-C307DDC1A981: changes role from CANDIDATE to LEADER at term 1 for changeToLeader
2023-04-19 12:53:44,375 [48bd3453-a056-4dba-8f3e-044559c7ef64@group-C307DDC1A981-LeaderElection4] INFO  ratis.XceiverServerRatis (XceiverServerRatis.java:handleLeaderChangedNotification(904)) - Leader change notification received for group: group-C307DDC1A981 with new leaderId: 48bd3453-a056-4dba-8f3e-044559c7ef64
2023-04-19 12:53:44,375 [48bd3453-a056-4dba-8f3e-044559c7ef64@group-C307DDC1A981-LeaderElection4] INFO  server.RaftServer$Division (ServerState.java:setLeader(313)) - 48bd3453-a056-4dba-8f3e-044559c7ef64@group-C307DDC1A981: change Leader from null to 48bd3453-a056-4dba-8f3e-044559c7ef64 at term 1 for becomeLeader, leader elected after 5220ms
2023-04-19 12:53:44,375 [48bd3453-a056-4dba-8f3e-044559c7ef64@group-C307DDC1A981-LeaderElection4] INFO  server.RaftServerConfigKeys (ConfUtils.java:logGet(46)) - raft.server.staging.catchup.gap = 1000 (default)
2023-04-19 12:53:44,376 [48bd3453-a056-4dba-8f3e-044559c7ef64@group-C307DDC1A981-LeaderElection4] INFO  server.RaftServerConfigKeys (ConfUtils.java:logGet(46)) - raft.server.write.element-limit = 1024 (custom)
2023-04-19 12:53:44,376 [48bd3453-a056-4dba-8f3e-044559c7ef64@group-C307DDC1A981-LeaderElection4] INFO  server.RaftServerConfigKeys (ConfUtils.java:logGet(46)) - raft.server.write.byte-limit = 1024 M (=1073741824) (custom)
2023-04-19 12:53:44,376 [48bd3453-a056-4dba-8f3e-044559c7ef64@group-C307DDC1A981-LeaderElection4] INFO  server.RaftServerConfigKeys (ConfUtils.java:logGet(46)) - raft.server.watch.timeout = 180s (custom)
2023-04-19 12:53:44,376 [48bd3453-a056-4dba-8f3e-044559c7ef64@group-C307DDC1A981-LeaderElection4] INFO  server.RaftServerConfigKeys (ConfUtils.java:logGet(46)) - raft.server.watch.timeout.denomination = 1s (default)
2023-04-19 12:53:44,376 [48bd3453-a056-4dba-8f3e-044559c7ef64@group-C307DDC1A981-LeaderElection4] INFO  server.RaftServerConfigKeys (ConfUtils.java:logGet(46)) - raft.server.watch.element-limit = 65536 (default)
2023-04-19 12:53:44,376 [48bd3453-a056-4dba-8f3e-044559c7ef64@group-C307DDC1A981-LeaderElection4] INFO  server.RaftServerConfigKeys (ConfUtils.java:logGet(46)) - raft.server.write.element-limit = 1024 (custom)
2023-04-19 12:53:44,376 [48bd3453-a056-4dba-8f3e-044559c7ef64@group-C307DDC1A981-LeaderElection4] INFO  server.RaftServerConfigKeys (ConfUtils.java:logGet(46)) - raft.server.write.follower.gap.ratio.max = -1.0 (default)
2023-04-19 12:53:44,385 [EventQueue-PipelineReportForPipelineReportHandler] INFO  pipeline.PipelineManagerImpl (PipelineManagerImpl.java:openPipeline(367)) - Pipeline Pipeline[ Id: a8908804-d92b-4b5a-8630-c307ddc1a981, Nodes: 48bd3453-a056-4dba-8f3e-044559c7ef64(fv-az625-389/10.1.0.41)e66947f2-c2f9-4763-81b4-1d75eb6bddc4(fv-az625-389/10.1.0.41)864cfdb0-59f4-4b05-be68-a0956d5d2530(fv-az625-389/10.1.0.41), ReplicationConfig: RATIS/THREE, State:ALLOCATED, leaderId:48bd3453-a056-4dba-8f3e-044559c7ef64, CreationTimestamp2023-04-19T12:53:36.651Z[Etc/UTC]] moved to OPEN state
2023-04-19 12:53:44,387 [48bd3453-a056-4dba-8f3e-044559c7ef64@group-C307DDC1A981-LeaderElection4] INFO  server.RaftServerConfigKeys (ConfUtils.java:logGet(46)) - raft.server.log.appender.snapshot.chunk.size.max = 16MB (=16777216) (default)
2023-04-19 12:53:44,387 [48bd3453-a056-4dba-8f3e-044559c7ef64@group-C307DDC1A981-LeaderElection4] INFO  server.RaftServerConfigKeys (ConfUtils.java:logGet(46)) - raft.server.log.appender.buffer.byte-limit = 33554432 (custom)
2023-04-19 12:53:44,388 [48bd3453-a056-4dba-8f3e-044559c7ef64@group-C307DDC1A981-LeaderElection4] INFO  server.RaftServerConfigKeys (ConfUtils.java:logGet(46)) - raft.server.log.appender.buffer.element-limit = 1 (custom)
2023-04-19 12:53:44,389 [EventQueue-OpenPipelineForHealthyPipelineSafeModeRule] INFO  safemode.SCMSafeModeManager (HealthyPipelineSafeModeRule.java:process(137)) - SCM in safe mode. Healthy pipelines reported count is 1, required healthy pipeline reported count is 1
2023-04-19 12:53:44,390 [EventQueue-OpenPipelineForHealthyPipelineSafeModeRule] INFO  safemode.SCMSafeModeManager (SCMSafeModeManager.java:validateSafeModeExitRules(200)) - HealthyPipelineSafeModeRule rule is successfully validated
2023-04-19 12:53:44,390 [EventQueue-OpenPipelineForHealthyPipelineSafeModeRule] INFO  safemode.SCMSafeModeManager (SCMSafeModeManager.java:validateSafeModeExitRules(215)) - ScmSafeModeManager, all rules are successfully validated
2023-04-19 12:53:44,390 [EventQueue-OpenPipelineForHealthyPipelineSafeModeRule] INFO  safemode.SCMSafeModeManager (SCMSafeModeManager.java:exitSafeMode(244)) - SCM exiting safe mode.
2023-04-19 12:53:44,390 [EventQueue-OpenPipelineForHealthyPipelineSafeModeRule] INFO  ha.SCMContext (SCMContext.java:updateSafeModeStatus(228)) - Update SafeModeStatus from SafeModeStatus{safeModeStatus=true, preCheckPassed=true} to SafeModeStatus{safeModeStatus=false, preCheckPassed=true}.
2023-04-19 12:53:44,390 [EventQueue-OpenPipelineForHealthyPipelineSafeModeRule] INFO  pipeline.BackgroundPipelineCreator (BackgroundPipelineCreator.java:notifyStatusChanged(254)) - Service BackgroundPipelineCreator transitions to RUNNING.
2023-04-19 12:53:44,390 [EventQueue-OpenPipelineForHealthyPipelineSafeModeRule] INFO  BackgroundPipelineScrubber (BackgroundSCMService.java:notifyStatusChanged(82)) - Service BackgroundPipelineScrubber transitions to RUNNING.
2023-04-19 12:53:44,390 [EventQueue-OpenPipelineForHealthyPipelineSafeModeRule] INFO  ExpiredContainerReplicaOpScrubber (BackgroundSCMService.java:notifyStatusChanged(82)) - Service ExpiredContainerReplicaOpScrubber transitions to RUNNING.
2023-04-19 12:53:44,390 [EventQueue-OpenPipelineForHealthyPipelineSafeModeRule] INFO  replication.ReplicationManager (ReplicationManager.java:notifyStatusChanged(1371)) - Service ReplicationManager transitions to RUNNING.
2023-04-19 12:53:44,391 [48bd3453-a056-4dba-8f3e-044559c7ef64@group-C307DDC1A981-LeaderElection4] INFO  grpc.GrpcConfigKeys (ConfUtils.java:logGet(46)) - raft.grpc.server.leader.outstanding.appends.max = 128 (default)
2023-04-19 12:53:44,391 [48bd3453-a056-4dba-8f3e-044559c7ef64@group-C307DDC1A981-LeaderElection4] INFO  server.RaftServerConfigKeys (ConfUtils.java:logGet(46)) - raft.server.rpc.request.timeout = 60s (custom)
2023-04-19 12:53:44,391 [48bd3453-a056-4dba-8f3e-044559c7ef64@group-C307DDC1A981-LeaderElection4] INFO  server.RaftServerConfigKeys (ConfUtils.java:logGet(46)) - raft.server.log.appender.install.snapshot.enabled = false (custom)
2023-04-19 12:53:44,391 [48bd3453-a056-4dba-8f3e-044559c7ef64@group-C307DDC1A981-LeaderElection4] INFO  grpc.GrpcConfigKeys (ConfUtils.java:logGet(46)) - raft.grpc.server.heartbeat.channel = true (default)
2023-04-19 12:53:44,391 [48bd3453-a056-4dba-8f3e-044559c7ef64@group-C307DDC1A981-LeaderElection4] INFO  server.RaftServerConfigKeys (ConfUtils.java:logGet(46)) - raft.server.log.appender.wait-time.min = 10ms (default)
2023-04-19 12:53:44,395 [grpc-default-executor-2] INFO  server.RaftServer$Division (RaftServerImpl.java:requestVote(1218)) - 864cfdb0-59f4-4b05-be68-a0956d5d2530@group-C307DDC1A981: receive requestVote(ELECTION, 48bd3453-a056-4dba-8f3e-044559c7ef64, group-C307DDC1A981, 1, (t:0, i:0))
2023-04-19 12:53:44,395 [grpc-default-executor-2] INFO  impl.VoteContext (VoteContext.java:log(49)) - 864cfdb0-59f4-4b05-be68-a0956d5d2530@group-C307DDC1A981-FOLLOWER: accept ELECTION from 48bd3453-a056-4dba-8f3e-044559c7ef64: our priority 0 <= candidate's priority 1
2023-04-19 12:53:44,395 [grpc-default-executor-2] INFO  server.RaftServer$Division (RaftServerImpl.java:setRole(321)) - 864cfdb0-59f4-4b05-be68-a0956d5d2530@group-C307DDC1A981: changes role from  FOLLOWER to FOLLOWER at term 1 for candidate:48bd3453-a056-4dba-8f3e-044559c7ef64
2023-04-19 12:53:44,396 [grpc-default-executor-2] INFO  impl.RoleInfo (RoleInfo.java:shutdownFollowerState(110)) - 864cfdb0-59f4-4b05-be68-a0956d5d2530: shutdown 864cfdb0-59f4-4b05-be68-a0956d5d2530@group-C307DDC1A981-FollowerState
2023-04-19 12:53:44,401 [EventQueue-OpenPipelineForHealthyPipelineSafeModeRule] WARN  balancer.ContainerBalancer (ContainerBalancer.java:shouldRun(132)) - Could not find persisted configuration for ContainerBalancer when checking if ContainerBalancer should run. ContainerBalancer should not run now.
2023-04-19 12:53:44,401 [864cfdb0-59f4-4b05-be68-a0956d5d2530@group-C307DDC1A981-FollowerState] INFO  impl.FollowerState (FollowerState.java:run(152)) - 864cfdb0-59f4-4b05-be68-a0956d5d2530@group-C307DDC1A981-FollowerState was interrupted
2023-04-19 12:53:44,403 [48bd3453-a056-4dba-8f3e-044559c7ef64@group-C307DDC1A981-LeaderElection4] INFO  server.RaftServerConfigKeys (ConfUtils.java:logGet(46)) - raft.server.log.appender.snapshot.chunk.size.max = 16MB (=16777216) (default)
2023-04-19 12:53:44,403 [48bd3453-a056-4dba-8f3e-044559c7ef64@group-C307DDC1A981-LeaderElection4] INFO  server.RaftServerConfigKeys (ConfUtils.java:logGet(46)) - raft.server.log.appender.buffer.byte-limit = 33554432 (custom)
2023-04-19 12:53:44,403 [48bd3453-a056-4dba-8f3e-044559c7ef64@group-C307DDC1A981-LeaderElection4] INFO  server.RaftServerConfigKeys (ConfUtils.java:logGet(46)) - raft.server.log.appender.buffer.element-limit = 1 (custom)
2023-04-19 12:53:44,403 [48bd3453-a056-4dba-8f3e-044559c7ef64@group-C307DDC1A981-LeaderElection4] INFO  grpc.GrpcConfigKeys (ConfUtils.java:logGet(46)) - raft.grpc.server.leader.outstanding.appends.max = 128 (default)
2023-04-19 12:53:44,403 [48bd3453-a056-4dba-8f3e-044559c7ef64@group-C307DDC1A981-LeaderElection4] INFO  server.RaftServerConfigKeys (ConfUtils.java:logGet(46)) - raft.server.rpc.request.timeout = 60s (custom)
2023-04-19 12:53:44,403 [48bd3453-a056-4dba-8f3e-044559c7ef64@group-C307DDC1A981-LeaderElection4] INFO  server.RaftServerConfigKeys (ConfUtils.java:logGet(46)) - raft.server.log.appender.install.snapshot.enabled = false (custom)
2023-04-19 12:53:44,403 [48bd3453-a056-4dba-8f3e-044559c7ef64@group-C307DDC1A981-LeaderElection4] INFO  grpc.GrpcConfigKeys (ConfUtils.java:logGet(46)) - raft.grpc.server.heartbeat.channel = true (default)
2023-04-19 12:53:44,403 [48bd3453-a056-4dba-8f3e-044559c7ef64@group-C307DDC1A981-LeaderElection4] INFO  server.RaftServerConfigKeys (ConfUtils.java:logGet(46)) - raft.server.log.appender.wait-time.min = 10ms (default)
2023-04-19 12:53:44,404 [48bd3453-a056-4dba-8f3e-044559c7ef64@group-C307DDC1A981-LeaderElection4] INFO  impl.RoleInfo (RoleInfo.java:updateAndGet(139)) - 48bd3453-a056-4dba-8f3e-044559c7ef64: start 48bd3453-a056-4dba-8f3e-044559c7ef64@group-C307DDC1A981-LeaderStateImpl
2023-04-19 12:53:44,404 [48bd3453-a056-4dba-8f3e-044559c7ef64@group-C307DDC1A981-LeaderElection4] INFO  segmented.SegmentedRaftLogWorker (SegmentedRaftLogWorker.java:startLogSegment(452)) - 48bd3453-a056-4dba-8f3e-044559c7ef64@group-C307DDC1A981-SegmentedRaftLogWorker: Starting segment from index:0
2023-04-19 12:53:44,409 [48bd3453-a056-4dba-8f3e-044559c7ef64@group-C307DDC1A981-SegmentedRaftLogWorker] INFO  segmented.SegmentedRaftLogWorker (SegmentedRaftLogWorker.java:execute(656)) - 48bd3453-a056-4dba-8f3e-044559c7ef64@group-C307DDC1A981-SegmentedRaftLogWorker: created new log segment /home/runner/work/ozone/ozone/hadoop-ozone/integration-test/target/test-dir/MiniOzoneClusterImpl-2b3941d9-6b91-4c70-847f-5d11ff1da94e/datanode-1/data/ratis/a8908804-d92b-4b5a-8630-c307ddc1a981/current/log_inprogress_0
2023-04-19 12:53:44,409 [grpc-default-executor-2] INFO  impl.RoleInfo (RoleInfo.java:updateAndGet(139)) - 864cfdb0-59f4-4b05-be68-a0956d5d2530: start 864cfdb0-59f4-4b05-be68-a0956d5d2530@group-C307DDC1A981-FollowerState
2023-04-19 12:53:44,415 [864cfdb0-59f4-4b05-be68-a0956d5d2530@group-C307DDC1A981-FollowerState] INFO  server.RaftServerConfigKeys (ConfUtils.java:logFallback(53)) - raft.server.rpc.first-election.timeout.min = 5s (fallback to raft.server.rpc.timeout.min)
2023-04-19 12:53:44,415 [864cfdb0-59f4-4b05-be68-a0956d5d2530@group-C307DDC1A981-FollowerState] INFO  server.RaftServerConfigKeys (ConfUtils.java:logFallback(53)) - raft.server.rpc.first-election.timeout.max = 5200ms (fallback to raft.server.rpc.timeout.max)
2023-04-19 12:53:44,417 [48bd3453-a056-4dba-8f3e-044559c7ef64@group-C307DDC1A981-LeaderElection4] INFO  server.RaftServer$Division (ServerState.java:setRaftConf(430)) - 48bd3453-a056-4dba-8f3e-044559c7ef64@group-C307DDC1A981: set configuration 0: peers:[864cfdb0-59f4-4b05-be68-a0956d5d2530|rpc:10.1.0.41:39959|dataStream:10.1.0.41:40457|priority:0|startupRole:FOLLOWER, 48bd3453-a056-4dba-8f3e-044559c7ef64|rpc:10.1.0.41:38755|dataStream:10.1.0.41:42163|priority:1|startupRole:FOLLOWER, e66947f2-c2f9-4763-81b4-1d75eb6bddc4|rpc:10.1.0.41:41491|dataStream:10.1.0.41:34879|priority:0|startupRole:FOLLOWER]|listeners:[], old=null
2023-04-19 12:53:44,418 [grpc-default-executor-2] INFO  server.RaftServer$Division (RaftServerImpl.java:requestVote(1251)) - 864cfdb0-59f4-4b05-be68-a0956d5d2530@group-C307DDC1A981 replies to ELECTION vote request: 48bd3453-a056-4dba-8f3e-044559c7ef64<-864cfdb0-59f4-4b05-be68-a0956d5d2530#0:OK-t1. Peer's state: 864cfdb0-59f4-4b05-be68-a0956d5d2530@group-C307DDC1A981:t1, leader=null, voted=48bd3453-a056-4dba-8f3e-044559c7ef64, raftlog=Memoized:864cfdb0-59f4-4b05-be68-a0956d5d2530@group-C307DDC1A981-SegmentedRaftLog:OPENED:c-1, conf=-1: peers:[864cfdb0-59f4-4b05-be68-a0956d5d2530|rpc:10.1.0.41:39959|dataStream:10.1.0.41:40457|priority:0|startupRole:FOLLOWER, 48bd3453-a056-4dba-8f3e-044559c7ef64|rpc:10.1.0.41:38755|dataStream:10.1.0.41:42163|priority:1|startupRole:FOLLOWER, e66947f2-c2f9-4763-81b4-1d75eb6bddc4|rpc:10.1.0.41:41491|dataStream:10.1.0.41:34879|priority:0|startupRole:FOLLOWER]|listeners:[], old=null
2023-04-19 12:53:44,421 [48bd3453-a056-4dba-8f3e-044559c7ef64@group-BF47BBC66F4F-FollowerState] INFO  impl.FollowerState (FollowerState.java:run(143)) - 48bd3453-a056-4dba-8f3e-044559c7ef64@group-BF47BBC66F4F-FollowerState: change to CANDIDATE, lastRpcElapsedTime:5127556325ns, electionTimeout:5127ms
2023-04-19 12:53:44,432 [48bd3453-a056-4dba-8f3e-044559c7ef64@group-BF47BBC66F4F-FollowerState] INFO  impl.RoleInfo (RoleInfo.java:shutdownFollowerState(110)) - 48bd3453-a056-4dba-8f3e-044559c7ef64: shutdown 48bd3453-a056-4dba-8f3e-044559c7ef64@group-BF47BBC66F4F-FollowerState
2023-04-19 12:53:44,432 [48bd3453-a056-4dba-8f3e-044559c7ef64@group-BF47BBC66F4F-FollowerState] INFO  server.RaftServer$Division (RaftServerImpl.java:setRole(321)) - 48bd3453-a056-4dba-8f3e-044559c7ef64@group-BF47BBC66F4F: changes role from  FOLLOWER to CANDIDATE at term 0 for changeToCandidate
2023-04-19 12:53:44,432 [48bd3453-a056-4dba-8f3e-044559c7ef64@group-BF47BBC66F4F-FollowerState] INFO  server.RaftServerConfigKeys (ConfUtils.java:logGet(46)) - raft.server.leaderelection.pre-vote = true (default)
2023-04-19 12:53:44,432 [48bd3453-a056-4dba-8f3e-044559c7ef64@group-BF47BBC66F4F-FollowerState] INFO  impl.RoleInfo (RoleInfo.java:updateAndGet(139)) - 48bd3453-a056-4dba-8f3e-044559c7ef64: start 48bd3453-a056-4dba-8f3e-044559c7ef64@group-BF47BBC66F4F-LeaderElection5
2023-04-19 12:53:44,453 [48bd3453-a056-4dba-8f3e-044559c7ef64@group-BF47BBC66F4F-LeaderElection5] INFO  impl.LeaderElection (LeaderElection.java:askForVotes(312)) - 48bd3453-a056-4dba-8f3e-044559c7ef64@group-BF47BBC66F4F-LeaderElection5 PRE_VOTE round 0: submit vote requests at term 0 for -1: peers:[48bd3453-a056-4dba-8f3e-044559c7ef64|rpc:10.1.0.41:38755|dataStream:10.1.0.41:42163|priority:1|startupRole:FOLLOWER]|listeners:[], old=null
2023-04-19 12:53:44,457 [48bd3453-a056-4dba-8f3e-044559c7ef64@group-BF47BBC66F4F-LeaderElection5] INFO  impl.LeaderElection (LeaderElection.java:askForVotes(314)) - 48bd3453-a056-4dba-8f3e-044559c7ef64@group-BF47BBC66F4F-LeaderElection5 PRE_VOTE round 0: result PASSED (term=0)
2023-04-19 12:53:44,462 [e66947f2-c2f9-4763-81b4-1d75eb6bddc4-server-thread1] INFO  ratis.XceiverServerRatis (XceiverServerRatis.java:handleLeaderChangedNotification(904)) - Leader change notification received for group: group-C307DDC1A981 with new leaderId: 48bd3453-a056-4dba-8f3e-044559c7ef64
2023-04-19 12:53:44,462 [e66947f2-c2f9-4763-81b4-1d75eb6bddc4-server-thread1] INFO  server.RaftServer$Division (ServerState.java:setLeader(313)) - e66947f2-c2f9-4763-81b4-1d75eb6bddc4@group-C307DDC1A981: change Leader from null to 48bd3453-a056-4dba-8f3e-044559c7ef64 at term 1 for appendEntries, leader elected after 5698ms
2023-04-19 12:53:44,463 [48bd3453-a056-4dba-8f3e-044559c7ef64@group-BF47BBC66F4F-LeaderElection5] INFO  impl.LeaderElection (LeaderElection.java:askForVotes(312)) - 48bd3453-a056-4dba-8f3e-044559c7ef64@group-BF47BBC66F4F-LeaderElection5 ELECTION round 0: submit vote requests at term 1 for -1: peers:[48bd3453-a056-4dba-8f3e-044559c7ef64|rpc:10.1.0.41:38755|dataStream:10.1.0.41:42163|priority:1|startupRole:FOLLOWER]|listeners:[], old=null
2023-04-19 12:53:44,463 [48bd3453-a056-4dba-8f3e-044559c7ef64@group-BF47BBC66F4F-LeaderElection5] INFO  impl.LeaderElection (LeaderElection.java:askForVotes(314)) - 48bd3453-a056-4dba-8f3e-044559c7ef64@group-BF47BBC66F4F-LeaderElection5 ELECTION round 0: result PASSED (term=1)
2023-04-19 12:53:44,464 [48bd3453-a056-4dba-8f3e-044559c7ef64@group-BF47BBC66F4F-LeaderElection5] INFO  impl.RoleInfo (RoleInfo.java:shutdownLeaderElection(130)) - 48bd3453-a056-4dba-8f3e-044559c7ef64: shutdown 48bd3453-a056-4dba-8f3e-044559c7ef64@group-BF47BBC66F4F-LeaderElection5
2023-04-19 12:53:44,464 [48bd3453-a056-4dba-8f3e-044559c7ef64@group-BF47BBC66F4F-LeaderElection5] INFO  server.RaftServer$Division (RaftServerImpl.java:setRole(321)) - 48bd3453-a056-4dba-8f3e-044559c7ef64@group-BF47BBC66F4F: changes role from CANDIDATE to LEADER at term 1 for changeToLeader
2023-04-19 12:53:44,464 [48bd3453-a056-4dba-8f3e-044559c7ef64@group-BF47BBC66F4F-LeaderElection5] INFO  ratis.XceiverServerRatis (XceiverServerRatis.java:handleLeaderChangedNotification(904)) - Leader change notification received for group: group-BF47BBC66F4F with new leaderId: 48bd3453-a056-4dba-8f3e-044559c7ef64
2023-04-19 12:53:44,464 [48bd3453-a056-4dba-8f3e-044559c7ef64@group-BF47BBC66F4F-LeaderElection5] INFO  server.RaftServer$Division (ServerState.java:setLeader(313)) - 48bd3453-a056-4dba-8f3e-044559c7ef64@group-BF47BBC66F4F: change Leader from null to 48bd3453-a056-4dba-8f3e-044559c7ef64 at term 1 for becomeLeader, leader elected after 5208ms
2023-04-19 12:53:44,464 [48bd3453-a056-4dba-8f3e-044559c7ef64@group-BF47BBC66F4F-LeaderElection5] INFO  server.RaftServerConfigKeys (ConfUtils.java:logGet(46)) - raft.server.staging.catchup.gap = 1000 (default)
2023-04-19 12:53:44,465 [48bd3453-a056-4dba-8f3e-044559c7ef64@group-BF47BBC66F4F-LeaderElection5] INFO  server.RaftServerConfigKeys (ConfUtils.java:logGet(46)) - raft.server.write.element-limit = 1024 (custom)
2023-04-19 12:53:44,465 [48bd3453-a056-4dba-8f3e-044559c7ef64@group-BF47BBC66F4F-LeaderElection5] INFO  server.RaftServerConfigKeys (ConfUtils.java:logGet(46)) - raft.server.write.byte-limit = 1024 M (=1073741824) (custom)
2023-04-19 12:53:44,466 [48bd3453-a056-4dba-8f3e-044559c7ef64@group-BF47BBC66F4F-LeaderElection5] INFO  server.RaftServerConfigKeys (ConfUtils.java:logGet(46)) - raft.server.watch.timeout = 180s (custom)
2023-04-19 12:53:44,466 [48bd3453-a056-4dba-8f3e-044559c7ef64@group-BF47BBC66F4F-LeaderElection5] INFO  server.RaftServerConfigKeys (ConfUtils.java:logGet(46)) - raft.server.watch.timeout.denomination = 1s (default)
2023-04-19 12:53:44,466 [48bd3453-a056-4dba-8f3e-044559c7ef64@group-BF47BBC66F4F-LeaderElection5] INFO  server.RaftServerConfigKeys (ConfUtils.java:logGet(46)) - raft.server.watch.element-limit = 65536 (default)
2023-04-19 12:53:44,466 [48bd3453-a056-4dba-8f3e-044559c7ef64@group-BF47BBC66F4F-LeaderElection5] INFO  server.RaftServerConfigKeys (ConfUtils.java:logGet(46)) - raft.server.write.element-limit = 1024 (custom)
2023-04-19 12:53:44,466 [48bd3453-a056-4dba-8f3e-044559c7ef64@group-BF47BBC66F4F-LeaderElection5] INFO  server.RaftServerConfigKeys (ConfUtils.java:logGet(46)) - raft.server.write.follower.gap.ratio.max = -1.0 (default)
2023-04-19 12:53:44,466 [48bd3453-a056-4dba-8f3e-044559c7ef64@group-BF47BBC66F4F-LeaderElection5] INFO  impl.RoleInfo (RoleInfo.java:updateAndGet(139)) - 48bd3453-a056-4dba-8f3e-044559c7ef64: start 48bd3453-a056-4dba-8f3e-044559c7ef64@group-BF47BBC66F4F-LeaderStateImpl
2023-04-19 12:53:44,466 [48bd3453-a056-4dba-8f3e-044559c7ef64@group-BF47BBC66F4F-LeaderElection5] INFO  segmented.SegmentedRaftLogWorker (SegmentedRaftLogWorker.java:startLogSegment(452)) - 48bd3453-a056-4dba-8f3e-044559c7ef64@group-BF47BBC66F4F-SegmentedRaftLogWorker: Starting segment from index:0
2023-04-19 12:53:44,468 [864cfdb0-59f4-4b05-be68-a0956d5d2530-server-thread1] INFO  ratis.XceiverServerRatis (XceiverServerRatis.java:handleLeaderChangedNotification(904)) - Leader change notification received for group: group-C307DDC1A981 with new leaderId: 48bd3453-a056-4dba-8f3e-044559c7ef64
2023-04-19 12:53:44,468 [864cfdb0-59f4-4b05-be68-a0956d5d2530-server-thread1] INFO  server.RaftServer$Division (ServerState.java:setLeader(313)) - 864cfdb0-59f4-4b05-be68-a0956d5d2530@group-C307DDC1A981: change Leader from null to 48bd3453-a056-4dba-8f3e-044559c7ef64 at term 1 for appendEntries, leader elected after 5218ms
2023-04-19 12:53:44,469 [48bd3453-a056-4dba-8f3e-044559c7ef64@group-BF47BBC66F4F-SegmentedRaftLogWorker] INFO  segmented.SegmentedRaftLogWorker (SegmentedRaftLogWorker.java:execute(656)) - 48bd3453-a056-4dba-8f3e-044559c7ef64@group-BF47BBC66F4F-SegmentedRaftLogWorker: created new log segment /home/runner/work/ozone/ozone/hadoop-ozone/integration-test/target/test-dir/MiniOzoneClusterImpl-2b3941d9-6b91-4c70-847f-5d11ff1da94e/datanode-1/data/ratis/d6ef186f-2e61-4225-a276-bf47bbc66f4f/current/log_inprogress_0
2023-04-19 12:53:44,484 [48bd3453-a056-4dba-8f3e-044559c7ef64@group-BF47BBC66F4F-LeaderElection5] INFO  server.RaftServer$Division (ServerState.java:setRaftConf(430)) - 48bd3453-a056-4dba-8f3e-044559c7ef64@group-BF47BBC66F4F: set configuration 0: peers:[48bd3453-a056-4dba-8f3e-044559c7ef64|rpc:10.1.0.41:38755|dataStream:10.1.0.41:42163|priority:1|startupRole:FOLLOWER]|listeners:[], old=null
2023-04-19 12:53:44,486 [e66947f2-c2f9-4763-81b4-1d75eb6bddc4-server-thread3] INFO  server.RaftServer$Division (ServerState.java:setRaftConf(430)) - e66947f2-c2f9-4763-81b4-1d75eb6bddc4@group-C307DDC1A981: set configuration 0: peers:[864cfdb0-59f4-4b05-be68-a0956d5d2530|rpc:10.1.0.41:39959|dataStream:10.1.0.41:40457|priority:0|startupRole:FOLLOWER, 48bd3453-a056-4dba-8f3e-044559c7ef64|rpc:10.1.0.41:38755|dataStream:10.1.0.41:42163|priority:1|startupRole:FOLLOWER, e66947f2-c2f9-4763-81b4-1d75eb6bddc4|rpc:10.1.0.41:41491|dataStream:10.1.0.41:34879|priority:0|startupRole:FOLLOWER]|listeners:[], old=null
2023-04-19 12:53:44,486 [e66947f2-c2f9-4763-81b4-1d75eb6bddc4-server-thread3] INFO  segmented.SegmentedRaftLogWorker (SegmentedRaftLogWorker.java:startLogSegment(452)) - e66947f2-c2f9-4763-81b4-1d75eb6bddc4@group-C307DDC1A981-SegmentedRaftLogWorker: Starting segment from index:0
2023-04-19 12:53:44,488 [e66947f2-c2f9-4763-81b4-1d75eb6bddc4@group-C307DDC1A981-SegmentedRaftLogWorker] INFO  segmented.SegmentedRaftLogWorker (SegmentedRaftLogWorker.java:execute(656)) - e66947f2-c2f9-4763-81b4-1d75eb6bddc4@group-C307DDC1A981-SegmentedRaftLogWorker: created new log segment /home/runner/work/ozone/ozone/hadoop-ozone/integration-test/target/test-dir/MiniOzoneClusterImpl-2b3941d9-6b91-4c70-847f-5d11ff1da94e/datanode-0/data/ratis/a8908804-d92b-4b5a-8630-c307ddc1a981/current/log_inprogress_0
2023-04-19 12:53:44,503 [48bd3453-a056-4dba-8f3e-044559c7ef64@group-447D4314A1A7-FollowerState] INFO  impl.FollowerState (FollowerState.java:run(143)) - 48bd3453-a056-4dba-8f3e-044559c7ef64@group-447D4314A1A7-FollowerState: change to CANDIDATE, lastRpcElapsedTime:5138736594ns, electionTimeout:5136ms
2023-04-19 12:53:44,503 [48bd3453-a056-4dba-8f3e-044559c7ef64@group-447D4314A1A7-FollowerState] INFO  impl.RoleInfo (RoleInfo.java:shutdownFollowerState(110)) - 48bd3453-a056-4dba-8f3e-044559c7ef64: shutdown 48bd3453-a056-4dba-8f3e-044559c7ef64@group-447D4314A1A7-FollowerState
2023-04-19 12:53:44,503 [48bd3453-a056-4dba-8f3e-044559c7ef64@group-447D4314A1A7-FollowerState] INFO  server.RaftServer$Division (RaftServerImpl.java:setRole(321)) - 48bd3453-a056-4dba-8f3e-044559c7ef64@group-447D4314A1A7: changes role from  FOLLOWER to CANDIDATE at term 0 for changeToCandidate
2023-04-19 12:53:44,503 [48bd3453-a056-4dba-8f3e-044559c7ef64@group-447D4314A1A7-FollowerState] INFO  server.RaftServerConfigKeys (ConfUtils.java:logGet(46)) - raft.server.leaderelection.pre-vote = true (default)
2023-04-19 12:53:44,503 [48bd3453-a056-4dba-8f3e-044559c7ef64@group-447D4314A1A7-FollowerState] INFO  impl.RoleInfo (RoleInfo.java:updateAndGet(139)) - 48bd3453-a056-4dba-8f3e-044559c7ef64: start 48bd3453-a056-4dba-8f3e-044559c7ef64@group-447D4314A1A7-LeaderElection6
2023-04-19 12:53:44,507 [864cfdb0-59f4-4b05-be68-a0956d5d2530-server-thread1] INFO  server.RaftServer$Division (ServerState.java:setRaftConf(430)) - 864cfdb0-59f4-4b05-be68-a0956d5d2530@group-C307DDC1A981: set configuration 0: peers:[864cfdb0-59f4-4b05-be68-a0956d5d2530|rpc:10.1.0.41:39959|dataStream:10.1.0.41:40457|priority:0|startupRole:FOLLOWER, 48bd3453-a056-4dba-8f3e-044559c7ef64|rpc:10.1.0.41:38755|dataStream:10.1.0.41:42163|priority:1|startupRole:FOLLOWER, e66947f2-c2f9-4763-81b4-1d75eb6bddc4|rpc:10.1.0.41:41491|dataStream:10.1.0.41:34879|priority:0|startupRole:FOLLOWER]|listeners:[], old=null
2023-04-19 12:53:44,507 [864cfdb0-59f4-4b05-be68-a0956d5d2530-server-thread1] INFO  segmented.SegmentedRaftLogWorker (SegmentedRaftLogWorker.java:startLogSegment(452)) - 864cfdb0-59f4-4b05-be68-a0956d5d2530@group-C307DDC1A981-SegmentedRaftLogWorker: Starting segment from index:0
2023-04-19 12:53:44,508 [864cfdb0-59f4-4b05-be68-a0956d5d2530@group-C307DDC1A981-SegmentedRaftLogWorker] INFO  segmented.SegmentedRaftLogWorker (SegmentedRaftLogWorker.java:execute(656)) - 864cfdb0-59f4-4b05-be68-a0956d5d2530@group-C307DDC1A981-SegmentedRaftLogWorker: created new log segment /home/runner/work/ozone/ozone/hadoop-ozone/integration-test/target/test-dir/MiniOzoneClusterImpl-2b3941d9-6b91-4c70-847f-5d11ff1da94e/datanode-2/data/ratis/a8908804-d92b-4b5a-8630-c307ddc1a981/current/log_inprogress_0
2023-04-19 12:53:44,512 [48bd3453-a056-4dba-8f3e-044559c7ef64@group-447D4314A1A7-LeaderElection6] INFO  impl.LeaderElection (LeaderElection.java:askForVotes(312)) - 48bd3453-a056-4dba-8f3e-044559c7ef64@group-447D4314A1A7-LeaderElection6 PRE_VOTE round 0: submit vote requests at term 0 for -1: peers:[864cfdb0-59f4-4b05-be68-a0956d5d2530|rpc:10.1.0.41:39959|dataStream:10.1.0.41:40457|priority:1|startupRole:FOLLOWER, 48bd3453-a056-4dba-8f3e-044559c7ef64|rpc:10.1.0.41:38755|dataStream:10.1.0.41:42163|priority:0|startupRole:FOLLOWER, e66947f2-c2f9-4763-81b4-1d75eb6bddc4|rpc:10.1.0.41:41491|dataStream:10.1.0.41:34879|priority:0|startupRole:FOLLOWER]|listeners:[], old=null
2023-04-19 12:53:44,521 [48bd3453-a056-4dba-8f3e-044559c7ef64@group-447D4314A1A7-LeaderElection6] INFO  server.RaftServerConfigKeys (ConfUtils.java:logFallback(53)) - raft.server.rpc.first-election.timeout.min = 5s (fallback to raft.server.rpc.timeout.min)
2023-04-19 12:53:44,521 [grpc-default-executor-0] INFO  server.RaftServer$Division (RaftServerImpl.java:requestVote(1218)) - 864cfdb0-59f4-4b05-be68-a0956d5d2530@group-447D4314A1A7: receive requestVote(PRE_VOTE, 48bd3453-a056-4dba-8f3e-044559c7ef64, group-447D4314A1A7, 0, (t:0, i:0))
2023-04-19 12:53:44,522 [grpc-default-executor-0] INFO  impl.VoteContext (VoteContext.java:log(49)) - 864cfdb0-59f4-4b05-be68-a0956d5d2530@group-447D4314A1A7-FOLLOWER: reject PRE_VOTE from 48bd3453-a056-4dba-8f3e-044559c7ef64: our priority 1 > candidate's priority 0
2023-04-19 12:53:44,522 [grpc-default-executor-0] INFO  server.RaftServer$Division (RaftServerImpl.java:requestVote(1251)) - 864cfdb0-59f4-4b05-be68-a0956d5d2530@group-447D4314A1A7 replies to PRE_VOTE vote request: 48bd3453-a056-4dba-8f3e-044559c7ef64<-864cfdb0-59f4-4b05-be68-a0956d5d2530#0:FAIL-t0. Peer's state: 864cfdb0-59f4-4b05-be68-a0956d5d2530@group-447D4314A1A7:t0, leader=null, voted=, raftlog=Memoized:864cfdb0-59f4-4b05-be68-a0956d5d2530@group-447D4314A1A7-SegmentedRaftLog:OPENED:c-1, conf=-1: peers:[864cfdb0-59f4-4b05-be68-a0956d5d2530|rpc:10.1.0.41:39959|dataStream:10.1.0.41:40457|priority:1|startupRole:FOLLOWER, 48bd3453-a056-4dba-8f3e-044559c7ef64|rpc:10.1.0.41:38755|dataStream:10.1.0.41:42163|priority:0|startupRole:FOLLOWER, e66947f2-c2f9-4763-81b4-1d75eb6bddc4|rpc:10.1.0.41:41491|dataStream:10.1.0.41:34879|priority:0|startupRole:FOLLOWER]|listeners:[], old=null
2023-04-19 12:53:44,521 [48bd3453-a056-4dba-8f3e-044559c7ef64@group-447D4314A1A7-LeaderElection6] INFO  server.RaftServerConfigKeys (ConfUtils.java:logFallback(53)) - raft.server.rpc.first-election.timeout.max = 5200ms (fallback to raft.server.rpc.timeout.max)
2023-04-19 12:53:44,525 [grpc-default-executor-3] INFO  server.RaftServer$Division (RaftServerImpl.java:requestVote(1218)) - e66947f2-c2f9-4763-81b4-1d75eb6bddc4@group-447D4314A1A7: receive requestVote(PRE_VOTE, 48bd3453-a056-4dba-8f3e-044559c7ef64, group-447D4314A1A7, 0, (t:0, i:0))
2023-04-19 12:53:44,532 [grpc-default-executor-3] INFO  impl.VoteContext (VoteContext.java:log(49)) - e66947f2-c2f9-4763-81b4-1d75eb6bddc4@group-447D4314A1A7-FOLLOWER: accept PRE_VOTE from 48bd3453-a056-4dba-8f3e-044559c7ef64: our priority 0 <= candidate's priority 0
2023-04-19 12:53:44,532 [grpc-default-executor-3] INFO  server.RaftServer$Division (RaftServerImpl.java:requestVote(1251)) - e66947f2-c2f9-4763-81b4-1d75eb6bddc4@group-447D4314A1A7 replies to PRE_VOTE vote request: 48bd3453-a056-4dba-8f3e-044559c7ef64<-e66947f2-c2f9-4763-81b4-1d75eb6bddc4#0:OK-t0. Peer's state: e66947f2-c2f9-4763-81b4-1d75eb6bddc4@group-447D4314A1A7:t0, leader=null, voted=, raftlog=Memoized:e66947f2-c2f9-4763-81b4-1d75eb6bddc4@group-447D4314A1A7-SegmentedRaftLog:OPENED:c-1, conf=-1: peers:[864cfdb0-59f4-4b05-be68-a0956d5d2530|rpc:10.1.0.41:39959|dataStream:10.1.0.41:40457|priority:1|startupRole:FOLLOWER, 48bd3453-a056-4dba-8f3e-044559c7ef64|rpc:10.1.0.41:38755|dataStream:10.1.0.41:42163|priority:0|startupRole:FOLLOWER, e66947f2-c2f9-4763-81b4-1d75eb6bddc4|rpc:10.1.0.41:41491|dataStream:10.1.0.41:34879|priority:0|startupRole:FOLLOWER]|listeners:[], old=null
2023-04-19 12:53:44,529 [48bd3453-a056-4dba-8f3e-044559c7ef64@group-447D4314A1A7-LeaderElection6] INFO  impl.LeaderElection (LeaderElection.java:logAndReturn(90)) - 48bd3453-a056-4dba-8f3e-044559c7ef64@group-447D4314A1A7-LeaderElection6: PRE_VOTE REJECTED received 1 response(s) and 0 exception(s):
2023-04-19 12:53:44,533 [48bd3453-a056-4dba-8f3e-044559c7ef64@group-447D4314A1A7-LeaderElection6] INFO  impl.LeaderElection (LeaderElection.java:logAndReturn(94)) -   Response 0: 48bd3453-a056-4dba-8f3e-044559c7ef64<-864cfdb0-59f4-4b05-be68-a0956d5d2530#0:FAIL-t0
2023-04-19 12:53:44,533 [48bd3453-a056-4dba-8f3e-044559c7ef64@group-447D4314A1A7-LeaderElection6] INFO  impl.LeaderElection (LeaderElection.java:askForVotes(314)) - 48bd3453-a056-4dba-8f3e-044559c7ef64@group-447D4314A1A7-LeaderElection6 PRE_VOTE round 0: result REJECTED
2023-04-19 12:53:44,534 [48bd3453-a056-4dba-8f3e-044559c7ef64@group-447D4314A1A7-LeaderElection6] INFO  server.RaftServer$Division (RaftServerImpl.java:setRole(321)) - 48bd3453-a056-4dba-8f3e-044559c7ef64@group-447D4314A1A7: changes role from CANDIDATE to FOLLOWER at term 0 for REJECTED
2023-04-19 12:53:44,534 [48bd3453-a056-4dba-8f3e-044559c7ef64@group-447D4314A1A7-LeaderElection6] INFO  impl.RoleInfo (RoleInfo.java:shutdownLeaderElection(130)) - 48bd3453-a056-4dba-8f3e-044559c7ef64: shutdown 48bd3453-a056-4dba-8f3e-044559c7ef64@group-447D4314A1A7-LeaderElection6
2023-04-19 12:53:44,534 [48bd3453-a056-4dba-8f3e-044559c7ef64@group-447D4314A1A7-LeaderElection6] INFO  impl.RoleInfo (RoleInfo.java:updateAndGet(139)) - 48bd3453-a056-4dba-8f3e-044559c7ef64: start 48bd3453-a056-4dba-8f3e-044559c7ef64@group-447D4314A1A7-FollowerState
2023-04-19 12:53:44,541 [48bd3453-a056-4dba-8f3e-044559c7ef64@group-447D4314A1A7-FollowerState] INFO  server.RaftServerConfigKeys (ConfUtils.java:logFallback(53)) - raft.server.rpc.first-election.timeout.min = 5s (fallback to raft.server.rpc.timeout.min)
2023-04-19 12:53:44,542 [48bd3453-a056-4dba-8f3e-044559c7ef64@group-447D4314A1A7-FollowerState] INFO  server.RaftServerConfigKeys (ConfUtils.java:logFallback(53)) - raft.server.rpc.first-election.timeout.max = 5200ms (fallback to raft.server.rpc.timeout.max)
2023-04-19 12:53:44,547 [864cfdb0-59f4-4b05-be68-a0956d5d2530@group-447D4314A1A7-FollowerState] INFO  impl.FollowerState (FollowerState.java:run(143)) - 864cfdb0-59f4-4b05-be68-a0956d5d2530@group-447D4314A1A7-FollowerState: change to CANDIDATE, lastRpcElapsedTime:5105896126ns, electionTimeout:5093ms
2023-04-19 12:53:44,547 [864cfdb0-59f4-4b05-be68-a0956d5d2530@group-447D4314A1A7-FollowerState] INFO  impl.RoleInfo (RoleInfo.java:shutdownFollowerState(110)) - 864cfdb0-59f4-4b05-be68-a0956d5d2530: shutdown 864cfdb0-59f4-4b05-be68-a0956d5d2530@group-447D4314A1A7-FollowerState
2023-04-19 12:53:44,547 [864cfdb0-59f4-4b05-be68-a0956d5d2530@group-447D4314A1A7-FollowerState] INFO  server.RaftServer$Division (RaftServerImpl.java:setRole(321)) - 864cfdb0-59f4-4b05-be68-a0956d5d2530@group-447D4314A1A7: changes role from  FOLLOWER to CANDIDATE at term 0 for changeToCandidate
2023-04-19 12:53:44,547 [864cfdb0-59f4-4b05-be68-a0956d5d2530@group-447D4314A1A7-FollowerState] INFO  server.RaftServerConfigKeys (ConfUtils.java:logGet(46)) - raft.server.leaderelection.pre-vote = true (default)
2023-04-19 12:53:44,547 [864cfdb0-59f4-4b05-be68-a0956d5d2530@group-447D4314A1A7-FollowerState] INFO  impl.RoleInfo (RoleInfo.java:updateAndGet(139)) - 864cfdb0-59f4-4b05-be68-a0956d5d2530: start 864cfdb0-59f4-4b05-be68-a0956d5d2530@group-447D4314A1A7-LeaderElection7
2023-04-19 12:53:44,548 [864cfdb0-59f4-4b05-be68-a0956d5d2530@group-447D4314A1A7-LeaderElection7] INFO  impl.LeaderElection (LeaderElection.java:askForVotes(312)) - 864cfdb0-59f4-4b05-be68-a0956d5d2530@group-447D4314A1A7-LeaderElection7 PRE_VOTE round 0: submit vote requests at term 0 for -1: peers:[864cfdb0-59f4-4b05-be68-a0956d5d2530|rpc:10.1.0.41:39959|dataStream:10.1.0.41:40457|priority:1|startupRole:FOLLOWER, 48bd3453-a056-4dba-8f3e-044559c7ef64|rpc:10.1.0.41:38755|dataStream:10.1.0.41:42163|priority:0|startupRole:FOLLOWER, e66947f2-c2f9-4763-81b4-1d75eb6bddc4|rpc:10.1.0.41:41491|dataStream:10.1.0.41:34879|priority:0|startupRole:FOLLOWER]|listeners:[], old=null
2023-04-19 12:53:44,549 [864cfdb0-59f4-4b05-be68-a0956d5d2530@group-447D4314A1A7-LeaderElection7] INFO  server.RaftServerConfigKeys (ConfUtils.java:logFallback(53)) - raft.server.rpc.first-election.timeout.min = 5s (fallback to raft.server.rpc.timeout.min)
2023-04-19 12:53:44,549 [864cfdb0-59f4-4b05-be68-a0956d5d2530@group-447D4314A1A7-LeaderElection7-1] INFO  server.GrpcServerProtocolClient (GrpcServerProtocolClient.java:<init>(63)) - Build channel for 48bd3453-a056-4dba-8f3e-044559c7ef64
2023-04-19 12:53:44,549 [864cfdb0-59f4-4b05-be68-a0956d5d2530@group-447D4314A1A7-LeaderElection7] INFO  server.RaftServerConfigKeys (ConfUtils.java:logFallback(53)) - raft.server.rpc.first-election.timeout.max = 5200ms (fallback to raft.server.rpc.timeout.max)
2023-04-19 12:53:44,550 [864cfdb0-59f4-4b05-be68-a0956d5d2530@group-447D4314A1A7-LeaderElection7-2] INFO  server.GrpcServerProtocolClient (GrpcServerProtocolClient.java:<init>(63)) - Build channel for e66947f2-c2f9-4763-81b4-1d75eb6bddc4
2023-04-19 12:53:44,569 [grpc-default-executor-3] INFO  server.RaftServer$Division (RaftServerImpl.java:requestVote(1218)) - e66947f2-c2f9-4763-81b4-1d75eb6bddc4@group-447D4314A1A7: receive requestVote(PRE_VOTE, 864cfdb0-59f4-4b05-be68-a0956d5d2530, group-447D4314A1A7, 0, (t:0, i:0))
2023-04-19 12:53:44,569 [grpc-default-executor-3] INFO  impl.VoteContext (VoteContext.java:log(49)) - e66947f2-c2f9-4763-81b4-1d75eb6bddc4@group-447D4314A1A7-FOLLOWER: accept PRE_VOTE from 864cfdb0-59f4-4b05-be68-a0956d5d2530: our priority 0 <= candidate's priority 1
2023-04-19 12:53:44,570 [grpc-default-executor-3] INFO  server.RaftServer$Division (RaftServerImpl.java:requestVote(1251)) - e66947f2-c2f9-4763-81b4-1d75eb6bddc4@group-447D4314A1A7 replies to PRE_VOTE vote request: 864cfdb0-59f4-4b05-be68-a0956d5d2530<-e66947f2-c2f9-4763-81b4-1d75eb6bddc4#0:OK-t0. Peer's state: e66947f2-c2f9-4763-81b4-1d75eb6bddc4@group-447D4314A1A7:t0, leader=null, voted=, raftlog=Memoized:e66947f2-c2f9-4763-81b4-1d75eb6bddc4@group-447D4314A1A7-SegmentedRaftLog:OPENED:c-1, conf=-1: peers:[864cfdb0-59f4-4b05-be68-a0956d5d2530|rpc:10.1.0.41:39959|dataStream:10.1.0.41:40457|priority:1|startupRole:FOLLOWER, 48bd3453-a056-4dba-8f3e-044559c7ef64|rpc:10.1.0.41:38755|dataStream:10.1.0.41:42163|priority:0|startupRole:FOLLOWER, e66947f2-c2f9-4763-81b4-1d75eb6bddc4|rpc:10.1.0.41:41491|dataStream:10.1.0.41:34879|priority:0|startupRole:FOLLOWER]|listeners:[], old=null
2023-04-19 12:53:44,572 [e66947f2-c2f9-4763-81b4-1d75eb6bddc4@group-447D4314A1A7-FollowerState] INFO  server.RaftServerConfigKeys (ConfUtils.java:logFallback(53)) - raft.server.rpc.first-election.timeout.min = 5s (fallback to raft.server.rpc.timeout.min)
2023-04-19 12:53:44,572 [e66947f2-c2f9-4763-81b4-1d75eb6bddc4@group-447D4314A1A7-FollowerState] INFO  server.RaftServerConfigKeys (ConfUtils.java:logFallback(53)) - raft.server.rpc.first-election.timeout.max = 5200ms (fallback to raft.server.rpc.timeout.max)
2023-04-19 12:53:44,573 [864cfdb0-59f4-4b05-be68-a0956d5d2530@group-447D4314A1A7-LeaderElection7] INFO  impl.LeaderElection (LeaderElection.java:logAndReturn(90)) - 864cfdb0-59f4-4b05-be68-a0956d5d2530@group-447D4314A1A7-LeaderElection7: PRE_VOTE PASSED received 1 response(s) and 0 exception(s):
2023-04-19 12:53:44,576 [864cfdb0-59f4-4b05-be68-a0956d5d2530@group-447D4314A1A7-LeaderElection7] INFO  impl.LeaderElection (LeaderElection.java:logAndReturn(94)) -   Response 0: 864cfdb0-59f4-4b05-be68-a0956d5d2530<-e66947f2-c2f9-4763-81b4-1d75eb6bddc4#0:OK-t0
2023-04-19 12:53:44,576 [864cfdb0-59f4-4b05-be68-a0956d5d2530@group-447D4314A1A7-LeaderElection7] INFO  impl.LeaderElection (LeaderElection.java:askForVotes(314)) - 864cfdb0-59f4-4b05-be68-a0956d5d2530@group-447D4314A1A7-LeaderElection7 PRE_VOTE round 0: result PASSED
2023-04-19 12:53:44,576 [grpc-default-executor-3] INFO  server.RaftServer$Division (RaftServerImpl.java:requestVote(1218)) - 48bd3453-a056-4dba-8f3e-044559c7ef64@group-447D4314A1A7: receive requestVote(PRE_VOTE, 864cfdb0-59f4-4b05-be68-a0956d5d2530, group-447D4314A1A7, 0, (t:0, i:0))
2023-04-19 12:53:44,576 [grpc-default-executor-3] INFO  impl.VoteContext (VoteContext.java:log(49)) - 48bd3453-a056-4dba-8f3e-044559c7ef64@group-447D4314A1A7-FOLLOWER: accept PRE_VOTE from 864cfdb0-59f4-4b05-be68-a0956d5d2530: our priority 0 <= candidate's priority 1
2023-04-19 12:53:44,576 [grpc-default-executor-3] INFO  server.RaftServer$Division (RaftServerImpl.java:requestVote(1251)) - 48bd3453-a056-4dba-8f3e-044559c7ef64@group-447D4314A1A7 replies to PRE_VOTE vote request: 864cfdb0-59f4-4b05-be68-a0956d5d2530<-48bd3453-a056-4dba-8f3e-044559c7ef64#0:OK-t0. Peer's state: 48bd3453-a056-4dba-8f3e-044559c7ef64@group-447D4314A1A7:t0, leader=null, voted=, raftlog=Memoized:48bd3453-a056-4dba-8f3e-044559c7ef64@group-447D4314A1A7-SegmentedRaftLog:OPENED:c-1, conf=-1: peers:[864cfdb0-59f4-4b05-be68-a0956d5d2530|rpc:10.1.0.41:39959|dataStream:10.1.0.41:40457|priority:1|startupRole:FOLLOWER, 48bd3453-a056-4dba-8f3e-044559c7ef64|rpc:10.1.0.41:38755|dataStream:10.1.0.41:42163|priority:0|startupRole:FOLLOWER, e66947f2-c2f9-4763-81b4-1d75eb6bddc4|rpc:10.1.0.41:41491|dataStream:10.1.0.41:34879|priority:0|startupRole:FOLLOWER]|listeners:[], old=null
2023-04-19 12:53:44,577 [864cfdb0-59f4-4b05-be68-a0956d5d2530@group-447D4314A1A7-LeaderElection7] INFO  impl.LeaderElection (LeaderElection.java:askForVotes(312)) - 864cfdb0-59f4-4b05-be68-a0956d5d2530@group-447D4314A1A7-LeaderElection7 ELECTION round 0: submit vote requests at term 1 for -1: peers:[864cfdb0-59f4-4b05-be68-a0956d5d2530|rpc:10.1.0.41:39959|dataStream:10.1.0.41:40457|priority:1|startupRole:FOLLOWER, 48bd3453-a056-4dba-8f3e-044559c7ef64|rpc:10.1.0.41:38755|dataStream:10.1.0.41:42163|priority:0|startupRole:FOLLOWER, e66947f2-c2f9-4763-81b4-1d75eb6bddc4|rpc:10.1.0.41:41491|dataStream:10.1.0.41:34879|priority:0|startupRole:FOLLOWER]|listeners:[], old=null
2023-04-19 12:53:44,578 [864cfdb0-59f4-4b05-be68-a0956d5d2530@group-447D4314A1A7-LeaderElection7] INFO  server.RaftServerConfigKeys (ConfUtils.java:logFallback(53)) - raft.server.rpc.first-election.timeout.min = 5s (fallback to raft.server.rpc.timeout.min)
2023-04-19 12:53:44,578 [864cfdb0-59f4-4b05-be68-a0956d5d2530@group-447D4314A1A7-LeaderElection7] INFO  server.RaftServerConfigKeys (ConfUtils.java:logFallback(53)) - raft.server.rpc.first-election.timeout.max = 5200ms (fallback to raft.server.rpc.timeout.max)
2023-04-19 12:53:44,582 [grpc-default-executor-3] INFO  server.RaftServer$Division (RaftServerImpl.java:requestVote(1218)) - 48bd3453-a056-4dba-8f3e-044559c7ef64@group-447D4314A1A7: receive requestVote(ELECTION, 864cfdb0-59f4-4b05-be68-a0956d5d2530, group-447D4314A1A7, 1, (t:0, i:0))
2023-04-19 12:53:44,583 [grpc-default-executor-3] INFO  impl.VoteContext (VoteContext.java:log(49)) - 48bd3453-a056-4dba-8f3e-044559c7ef64@group-447D4314A1A7-FOLLOWER: accept ELECTION from 864cfdb0-59f4-4b05-be68-a0956d5d2530: our priority 0 <= candidate's priority 1
2023-04-19 12:53:44,583 [grpc-default-executor-3] INFO  server.RaftServer$Division (RaftServerImpl.java:setRole(321)) - 48bd3453-a056-4dba-8f3e-044559c7ef64@group-447D4314A1A7: changes role from  FOLLOWER to FOLLOWER at term 1 for candidate:864cfdb0-59f4-4b05-be68-a0956d5d2530
2023-04-19 12:53:44,583 [grpc-default-executor-3] INFO  impl.RoleInfo (RoleInfo.java:shutdownFollowerState(110)) - 48bd3453-a056-4dba-8f3e-044559c7ef64: shutdown 48bd3453-a056-4dba-8f3e-044559c7ef64@group-447D4314A1A7-FollowerState
2023-04-19 12:53:44,583 [grpc-default-executor-3] INFO  impl.RoleInfo (RoleInfo.java:updateAndGet(139)) - 48bd3453-a056-4dba-8f3e-044559c7ef64: start 48bd3453-a056-4dba-8f3e-044559c7ef64@group-447D4314A1A7-FollowerState
2023-04-19 12:53:44,583 [48bd3453-a056-4dba-8f3e-044559c7ef64@group-447D4314A1A7-FollowerState] INFO  impl.FollowerState (FollowerState.java:run(152)) - 48bd3453-a056-4dba-8f3e-044559c7ef64@group-447D4314A1A7-FollowerState was interrupted
2023-04-19 12:53:44,585 [48bd3453-a056-4dba-8f3e-044559c7ef64@group-447D4314A1A7-FollowerState] INFO  server.RaftServerConfigKeys (ConfUtils.java:logFallback(53)) - raft.server.rpc.first-election.timeout.min = 5s (fallback to raft.server.rpc.timeout.min)
2023-04-19 12:53:44,585 [48bd3453-a056-4dba-8f3e-044559c7ef64@group-447D4314A1A7-FollowerState] INFO  server.RaftServerConfigKeys (ConfUtils.java:logFallback(53)) - raft.server.rpc.first-election.timeout.max = 5200ms (fallback to raft.server.rpc.timeout.max)
2023-04-19 12:53:44,585 [grpc-default-executor-3] INFO  server.RaftServer$Division (RaftServerImpl.java:requestVote(1251)) - 48bd3453-a056-4dba-8f3e-044559c7ef64@group-447D4314A1A7 replies to ELECTION vote request: 864cfdb0-59f4-4b05-be68-a0956d5d2530<-48bd3453-a056-4dba-8f3e-044559c7ef64#0:OK-t1. Peer's state: 48bd3453-a056-4dba-8f3e-044559c7ef64@group-447D4314A1A7:t1, leader=null, voted=864cfdb0-59f4-4b05-be68-a0956d5d2530, raftlog=Memoized:48bd3453-a056-4dba-8f3e-044559c7ef64@group-447D4314A1A7-SegmentedRaftLog:OPENED:c-1, conf=-1: peers:[864cfdb0-59f4-4b05-be68-a0956d5d2530|rpc:10.1.0.41:39959|dataStream:10.1.0.41:40457|priority:1|startupRole:FOLLOWER, 48bd3453-a056-4dba-8f3e-044559c7ef64|rpc:10.1.0.41:38755|dataStream:10.1.0.41:42163|priority:0|startupRole:FOLLOWER, e66947f2-c2f9-4763-81b4-1d75eb6bddc4|rpc:10.1.0.41:41491|dataStream:10.1.0.41:34879|priority:0|startupRole:FOLLOWER]|listeners:[], old=null
2023-04-19 12:53:44,588 [grpc-default-executor-3] INFO  server.RaftServer$Division (RaftServerImpl.java:requestVote(1218)) - e66947f2-c2f9-4763-81b4-1d75eb6bddc4@group-447D4314A1A7: receive requestVote(ELECTION, 864cfdb0-59f4-4b05-be68-a0956d5d2530, group-447D4314A1A7, 1, (t:0, i:0))
2023-04-19 12:53:44,588 [grpc-default-executor-3] INFO  impl.VoteContext (VoteContext.java:log(49)) - e66947f2-c2f9-4763-81b4-1d75eb6bddc4@group-447D4314A1A7-FOLLOWER: accept ELECTION from 864cfdb0-59f4-4b05-be68-a0956d5d2530: our priority 0 <= candidate's priority 1
2023-04-19 12:53:44,588 [grpc-default-executor-3] INFO  server.RaftServer$Division (RaftServerImpl.java:setRole(321)) - e66947f2-c2f9-4763-81b4-1d75eb6bddc4@group-447D4314A1A7: changes role from  FOLLOWER to FOLLOWER at term 1 for candidate:864cfdb0-59f4-4b05-be68-a0956d5d2530
2023-04-19 12:53:44,588 [grpc-default-executor-3] INFO  impl.RoleInfo (RoleInfo.java:shutdownFollowerState(110)) - e66947f2-c2f9-4763-81b4-1d75eb6bddc4: shutdown e66947f2-c2f9-4763-81b4-1d75eb6bddc4@group-447D4314A1A7-FollowerState
2023-04-19 12:53:44,589 [grpc-default-executor-3] INFO  impl.RoleInfo (RoleInfo.java:updateAndGet(139)) - e66947f2-c2f9-4763-81b4-1d75eb6bddc4: start e66947f2-c2f9-4763-81b4-1d75eb6bddc4@group-447D4314A1A7-FollowerState
2023-04-19 12:53:44,589 [e66947f2-c2f9-4763-81b4-1d75eb6bddc4@group-447D4314A1A7-FollowerState] INFO  impl.FollowerState (FollowerState.java:run(152)) - e66947f2-c2f9-4763-81b4-1d75eb6bddc4@group-447D4314A1A7-FollowerState was interrupted
2023-04-19 12:53:44,590 [e66947f2-c2f9-4763-81b4-1d75eb6bddc4@group-447D4314A1A7-FollowerState] INFO  server.RaftServerConfigKeys (ConfUtils.java:logFallback(53)) - raft.server.rpc.first-election.timeout.min = 5s (fallback to raft.server.rpc.timeout.min)
2023-04-19 12:53:44,594 [grpc-default-executor-3] INFO  server.RaftServer$Division (RaftServerImpl.java:requestVote(1251)) - e66947f2-c2f9-4763-81b4-1d75eb6bddc4@group-447D4314A1A7 replies to ELECTION vote request: 864cfdb0-59f4-4b05-be68-a0956d5d2530<-e66947f2-c2f9-4763-81b4-1d75eb6bddc4#0:OK-t1. Peer's state: e66947f2-c2f9-4763-81b4-1d75eb6bddc4@group-447D4314A1A7:t1, leader=null, voted=864cfdb0-59f4-4b05-be68-a0956d5d2530, raftlog=Memoized:e66947f2-c2f9-4763-81b4-1d75eb6bddc4@group-447D4314A1A7-SegmentedRaftLog:OPENED:c-1, conf=-1: peers:[864cfdb0-59f4-4b05-be68-a0956d5d2530|rpc:10.1.0.41:39959|dataStream:10.1.0.41:40457|priority:1|startupRole:FOLLOWER, 48bd3453-a056-4dba-8f3e-044559c7ef64|rpc:10.1.0.41:38755|dataStream:10.1.0.41:42163|priority:0|startupRole:FOLLOWER, e66947f2-c2f9-4763-81b4-1d75eb6bddc4|rpc:10.1.0.41:41491|dataStream:10.1.0.41:34879|priority:0|startupRole:FOLLOWER]|listeners:[], old=null
2023-04-19 12:53:44,594 [864cfdb0-59f4-4b05-be68-a0956d5d2530@group-447D4314A1A7-LeaderElection7] INFO  impl.LeaderElection (LeaderElection.java:logAndReturn(90)) - 864cfdb0-59f4-4b05-be68-a0956d5d2530@group-447D4314A1A7-LeaderElection7: ELECTION PASSED received 1 response(s) and 0 exception(s):
2023-04-19 12:53:44,596 [864cfdb0-59f4-4b05-be68-a0956d5d2530@group-447D4314A1A7-LeaderElection7] INFO  impl.LeaderElection (LeaderElection.java:logAndReturn(94)) -   Response 0: 864cfdb0-59f4-4b05-be68-a0956d5d2530<-48bd3453-a056-4dba-8f3e-044559c7ef64#0:OK-t1
2023-04-19 12:53:44,596 [864cfdb0-59f4-4b05-be68-a0956d5d2530@group-447D4314A1A7-LeaderElection7] INFO  impl.LeaderElection (LeaderElection.java:askForVotes(314)) - 864cfdb0-59f4-4b05-be68-a0956d5d2530@group-447D4314A1A7-LeaderElection7 ELECTION round 0: result PASSED
2023-04-19 12:53:44,596 [864cfdb0-59f4-4b05-be68-a0956d5d2530@group-447D4314A1A7-LeaderElection7] INFO  impl.RoleInfo (RoleInfo.java:shutdownLeaderElection(130)) - 864cfdb0-59f4-4b05-be68-a0956d5d2530: shutdown 864cfdb0-59f4-4b05-be68-a0956d5d2530@group-447D4314A1A7-LeaderElection7
2023-04-19 12:53:44,596 [e66947f2-c2f9-4763-81b4-1d75eb6bddc4@group-447D4314A1A7-FollowerState] INFO  server.RaftServerConfigKeys (ConfUtils.java:logFallback(53)) - raft.server.rpc.first-election.timeout.max = 5200ms (fallback to raft.server.rpc.timeout.max)
2023-04-19 12:53:44,596 [864cfdb0-59f4-4b05-be68-a0956d5d2530@group-447D4314A1A7-LeaderElection7] INFO  server.RaftServer$Division (RaftServerImpl.java:setRole(321)) - 864cfdb0-59f4-4b05-be68-a0956d5d2530@group-447D4314A1A7: changes role from CANDIDATE to LEADER at term 1 for changeToLeader
2023-04-19 12:53:44,598 [864cfdb0-59f4-4b05-be68-a0956d5d2530@group-447D4314A1A7-LeaderElection7] INFO  ratis.XceiverServerRatis (XceiverServerRatis.java:handleLeaderChangedNotification(904)) - Leader change notification received for group: group-447D4314A1A7 with new leaderId: 864cfdb0-59f4-4b05-be68-a0956d5d2530
2023-04-19 12:53:44,598 [864cfdb0-59f4-4b05-be68-a0956d5d2530@group-447D4314A1A7-LeaderElection7] INFO  server.RaftServer$Division (ServerState.java:setLeader(313)) - 864cfdb0-59f4-4b05-be68-a0956d5d2530@group-447D4314A1A7: change Leader from null to 864cfdb0-59f4-4b05-be68-a0956d5d2530 at term 1 for becomeLeader, leader elected after 5201ms
2023-04-19 12:53:44,598 [864cfdb0-59f4-4b05-be68-a0956d5d2530@group-447D4314A1A7-LeaderElection7] INFO  server.RaftServerConfigKeys (ConfUtils.java:logGet(46)) - raft.server.staging.catchup.gap = 1000 (default)
2023-04-19 12:53:44,598 [864cfdb0-59f4-4b05-be68-a0956d5d2530@group-447D4314A1A7-LeaderElection7] INFO  server.RaftServerConfigKeys (ConfUtils.java:logGet(46)) - raft.server.write.element-limit = 1024 (custom)
2023-04-19 12:53:44,598 [864cfdb0-59f4-4b05-be68-a0956d5d2530@group-447D4314A1A7-LeaderElection7] INFO  server.RaftServerConfigKeys (ConfUtils.java:logGet(46)) - raft.server.write.byte-limit = 1024 M (=1073741824) (custom)
2023-04-19 12:53:44,599 [864cfdb0-59f4-4b05-be68-a0956d5d2530@group-447D4314A1A7-LeaderElection7] INFO  server.RaftServerConfigKeys (ConfUtils.java:logGet(46)) - raft.server.watch.timeout = 180s (custom)
2023-04-19 12:53:44,599 [864cfdb0-59f4-4b05-be68-a0956d5d2530@group-447D4314A1A7-LeaderElection7] INFO  server.RaftServerConfigKeys (ConfUtils.java:logGet(46)) - raft.server.watch.timeout.denomination = 1s (default)
2023-04-19 12:53:44,599 [864cfdb0-59f4-4b05-be68-a0956d5d2530@group-447D4314A1A7-LeaderElection7] INFO  server.RaftServerConfigKeys (ConfUtils.java:logGet(46)) - raft.server.watch.element-limit = 65536 (default)
2023-04-19 12:53:44,599 [864cfdb0-59f4-4b05-be68-a0956d5d2530@group-447D4314A1A7-LeaderElection7] INFO  server.RaftServerConfigKeys (ConfUtils.java:logGet(46)) - raft.server.write.element-limit = 1024 (custom)
2023-04-19 12:53:44,599 [864cfdb0-59f4-4b05-be68-a0956d5d2530@group-447D4314A1A7-LeaderElection7] INFO  server.RaftServerConfigKeys (ConfUtils.java:logGet(46)) - raft.server.write.follower.gap.ratio.max = -1.0 (default)
2023-04-19 12:53:44,599 [864cfdb0-59f4-4b05-be68-a0956d5d2530@group-447D4314A1A7-LeaderElection7] INFO  server.RaftServerConfigKeys (ConfUtils.java:logGet(46)) - raft.server.log.appender.snapshot.chunk.size.max = 16MB (=16777216) (default)
2023-04-19 12:53:44,599 [864cfdb0-59f4-4b05-be68-a0956d5d2530@group-447D4314A1A7-LeaderElection7] INFO  server.RaftServerConfigKeys (ConfUtils.java:logGet(46)) - raft.server.log.appender.buffer.byte-limit = 33554432 (custom)
2023-04-19 12:53:44,600 [864cfdb0-59f4-4b05-be68-a0956d5d2530@group-447D4314A1A7-LeaderElection7] INFO  server.RaftServerConfigKeys (ConfUtils.java:logGet(46)) - raft.server.log.appender.buffer.element-limit = 1 (custom)
2023-04-19 12:53:44,600 [864cfdb0-59f4-4b05-be68-a0956d5d2530@group-447D4314A1A7-LeaderElection7] INFO  grpc.GrpcConfigKeys (ConfUtils.java:logGet(46)) - raft.grpc.server.leader.outstanding.appends.max = 128 (default)
2023-04-19 12:53:44,600 [864cfdb0-59f4-4b05-be68-a0956d5d2530@group-447D4314A1A7-LeaderElection7] INFO  server.RaftServerConfigKeys (ConfUtils.java:logGet(46)) - raft.server.rpc.request.timeout = 60s (custom)
2023-04-19 12:53:44,600 [864cfdb0-59f4-4b05-be68-a0956d5d2530@group-447D4314A1A7-LeaderElection7] INFO  server.RaftServerConfigKeys (ConfUtils.java:logGet(46)) - raft.server.log.appender.install.snapshot.enabled = false (custom)
2023-04-19 12:53:44,600 [864cfdb0-59f4-4b05-be68-a0956d5d2530@group-447D4314A1A7-LeaderElection7] INFO  grpc.GrpcConfigKeys (ConfUtils.java:logGet(46)) - raft.grpc.server.heartbeat.channel = true (default)
2023-04-19 12:53:44,601 [864cfdb0-59f4-4b05-be68-a0956d5d2530@group-447D4314A1A7-LeaderElection7] INFO  server.RaftServerConfigKeys (ConfUtils.java:logGet(46)) - raft.server.log.appender.wait-time.min = 10ms (default)
2023-04-19 12:53:44,601 [864cfdb0-59f4-4b05-be68-a0956d5d2530@group-447D4314A1A7-LeaderElection7] INFO  server.RaftServerConfigKeys (ConfUtils.java:logGet(46)) - raft.server.log.appender.snapshot.chunk.size.max = 16MB (=16777216) (default)
2023-04-19 12:53:44,601 [864cfdb0-59f4-4b05-be68-a0956d5d2530@group-447D4314A1A7-LeaderElection7] INFO  server.RaftServerConfigKeys (ConfUtils.java:logGet(46)) - raft.server.log.appender.buffer.byte-limit = 33554432 (custom)
2023-04-19 12:53:44,601 [864cfdb0-59f4-4b05-be68-a0956d5d2530@group-447D4314A1A7-LeaderElection7] INFO  server.RaftServerConfigKeys (ConfUtils.java:logGet(46)) - raft.server.log.appender.buffer.element-limit = 1 (custom)
2023-04-19 12:53:44,601 [864cfdb0-59f4-4b05-be68-a0956d5d2530@group-447D4314A1A7-LeaderElection7] INFO  grpc.GrpcConfigKeys (ConfUtils.java:logGet(46)) - raft.grpc.server.leader.outstanding.appends.max = 128 (default)
2023-04-19 12:53:44,601 [864cfdb0-59f4-4b05-be68-a0956d5d2530@group-447D4314A1A7-LeaderElection7] INFO  server.RaftServerConfigKeys (ConfUtils.java:logGet(46)) - raft.server.rpc.request.timeout = 60s (custom)
2023-04-19 12:53:44,602 [864cfdb0-59f4-4b05-be68-a0956d5d2530@group-447D4314A1A7-LeaderElection7] INFO  server.RaftServerConfigKeys (ConfUtils.java:logGet(46)) - raft.server.log.appender.install.snapshot.enabled = false (custom)
2023-04-19 12:53:44,602 [864cfdb0-59f4-4b05-be68-a0956d5d2530@group-447D4314A1A7-LeaderElection7] INFO  grpc.GrpcConfigKeys (ConfUtils.java:logGet(46)) - raft.grpc.server.heartbeat.channel = true (default)
2023-04-19 12:53:44,602 [864cfdb0-59f4-4b05-be68-a0956d5d2530@group-447D4314A1A7-LeaderElection7] INFO  server.RaftServerConfigKeys (ConfUtils.java:logGet(46)) - raft.server.log.appender.wait-time.min = 10ms (default)
2023-04-19 12:53:44,602 [864cfdb0-59f4-4b05-be68-a0956d5d2530@group-447D4314A1A7-LeaderElection7] INFO  impl.RoleInfo (RoleInfo.java:updateAndGet(139)) - 864cfdb0-59f4-4b05-be68-a0956d5d2530: start 864cfdb0-59f4-4b05-be68-a0956d5d2530@group-447D4314A1A7-LeaderStateImpl
2023-04-19 12:53:44,603 [864cfdb0-59f4-4b05-be68-a0956d5d2530@group-447D4314A1A7-LeaderElection7] INFO  segmented.SegmentedRaftLogWorker (SegmentedRaftLogWorker.java:startLogSegment(452)) - 864cfdb0-59f4-4b05-be68-a0956d5d2530@group-447D4314A1A7-SegmentedRaftLogWorker: Starting segment from index:0
2023-04-19 12:53:44,604 [EventQueue-PipelineReportForPipelineReportHandler] INFO  pipeline.PipelineManagerImpl (PipelineManagerImpl.java:openPipeline(367)) - Pipeline Pipeline[ Id: 7110e767-5f8a-42c0-a079-447d4314a1a7, Nodes: 48bd3453-a056-4dba-8f3e-044559c7ef64(fv-az625-389/10.1.0.41)864cfdb0-59f4-4b05-be68-a0956d5d2530(fv-az625-389/10.1.0.41)e66947f2-c2f9-4763-81b4-1d75eb6bddc4(fv-az625-389/10.1.0.41), ReplicationConfig: RATIS/THREE, State:ALLOCATED, leaderId:864cfdb0-59f4-4b05-be68-a0956d5d2530, CreationTimestamp2023-04-19T12:53:36.656Z[Etc/UTC]] moved to OPEN state
2023-04-19 12:53:44,605 [864cfdb0-59f4-4b05-be68-a0956d5d2530@group-447D4314A1A7-SegmentedRaftLogWorker] INFO  segmented.SegmentedRaftLogWorker (SegmentedRaftLogWorker.java:execute(656)) - 864cfdb0-59f4-4b05-be68-a0956d5d2530@group-447D4314A1A7-SegmentedRaftLogWorker: created new log segment /home/runner/work/ozone/ozone/hadoop-ozone/integration-test/target/test-dir/MiniOzoneClusterImpl-2b3941d9-6b91-4c70-847f-5d11ff1da94e/datanode-2/data/ratis/7110e767-5f8a-42c0-a079-447d4314a1a7/current/log_inprogress_0
2023-04-19 12:53:44,614 [864cfdb0-59f4-4b05-be68-a0956d5d2530@group-447D4314A1A7-LeaderElection7] INFO  server.RaftServer$Division (ServerState.java:setRaftConf(430)) - 864cfdb0-59f4-4b05-be68-a0956d5d2530@group-447D4314A1A7: set configuration 0: peers:[864cfdb0-59f4-4b05-be68-a0956d5d2530|rpc:10.1.0.41:39959|dataStream:10.1.0.41:40457|priority:1|startupRole:FOLLOWER, 48bd3453-a056-4dba-8f3e-044559c7ef64|rpc:10.1.0.41:38755|dataStream:10.1.0.41:42163|priority:0|startupRole:FOLLOWER, e66947f2-c2f9-4763-81b4-1d75eb6bddc4|rpc:10.1.0.41:41491|dataStream:10.1.0.41:34879|priority:0|startupRole:FOLLOWER]|listeners:[], old=null
2023-04-19 12:53:44,629 [48bd3453-a056-4dba-8f3e-044559c7ef64-server-thread1] INFO  ratis.XceiverServerRatis (XceiverServerRatis.java:handleLeaderChangedNotification(904)) - Leader change notification received for group: group-447D4314A1A7 with new leaderId: 864cfdb0-59f4-4b05-be68-a0956d5d2530
2023-04-19 12:53:44,632 [48bd3453-a056-4dba-8f3e-044559c7ef64-server-thread1] INFO  server.RaftServer$Division (ServerState.java:setLeader(313)) - 48bd3453-a056-4dba-8f3e-044559c7ef64@group-447D4314A1A7: change Leader from null to 864cfdb0-59f4-4b05-be68-a0956d5d2530 at term 1 for appendEntries, leader elected after 5298ms
2023-04-19 12:53:44,634 [Listener at 127.0.0.1/41717] INFO  ozone.MiniOzoneClusterImpl (MiniOzoneClusterImpl.java:lambda$waitForClusterToBeReady$0(222)) - Nodes are ready. Got 3 of 3 DN Heartbeats.
2023-04-19 12:53:44,642 [Listener at 127.0.0.1/41717] INFO  ozone.MiniOzoneClusterImpl (MiniOzoneClusterImpl.java:lambda$waitForClusterToBeReady$0(225)) - Cluster exits safe mode
2023-04-19 12:53:44,642 [Listener at 127.0.0.1/41717] INFO  ozone.MiniOzoneClusterImpl (MiniOzoneClusterImpl.java:lambda$waitForClusterToBeReady$0(227)) - SCM became leader
2023-04-19 12:53:44,642 [48bd3453-a056-4dba-8f3e-044559c7ef64-server-thread2] INFO  server.RaftServer$Division (ServerState.java:setRaftConf(430)) - 48bd3453-a056-4dba-8f3e-044559c7ef64@group-447D4314A1A7: set configuration 0: peers:[864cfdb0-59f4-4b05-be68-a0956d5d2530|rpc:10.1.0.41:39959|dataStream:10.1.0.41:40457|priority:1|startupRole:FOLLOWER, 48bd3453-a056-4dba-8f3e-044559c7ef64|rpc:10.1.0.41:38755|dataStream:10.1.0.41:42163|priority:0|startupRole:FOLLOWER, e66947f2-c2f9-4763-81b4-1d75eb6bddc4|rpc:10.1.0.41:41491|dataStream:10.1.0.41:34879|priority:0|startupRole:FOLLOWER]|listeners:[], old=null
2023-04-19 12:53:44,649 [48bd3453-a056-4dba-8f3e-044559c7ef64-server-thread2] INFO  segmented.SegmentedRaftLogWorker (SegmentedRaftLogWorker.java:startLogSegment(452)) - 48bd3453-a056-4dba-8f3e-044559c7ef64@group-447D4314A1A7-SegmentedRaftLogWorker: Starting segment from index:0
2023-04-19 12:53:44,653 [e66947f2-c2f9-4763-81b4-1d75eb6bddc4-server-thread1] INFO  ratis.XceiverServerRatis (XceiverServerRatis.java:handleLeaderChangedNotification(904)) - Leader change notification received for group: group-447D4314A1A7 with new leaderId: 864cfdb0-59f4-4b05-be68-a0956d5d2530
2023-04-19 12:53:44,656 [e66947f2-c2f9-4763-81b4-1d75eb6bddc4-server-thread1] INFO  server.RaftServer$Division (ServerState.java:setLeader(313)) - e66947f2-c2f9-4763-81b4-1d75eb6bddc4@group-447D4314A1A7: change Leader from null to 864cfdb0-59f4-4b05-be68-a0956d5d2530 at term 1 for appendEntries, leader elected after 5320ms
2023-04-19 12:53:44,654 [48bd3453-a056-4dba-8f3e-044559c7ef64@group-447D4314A1A7-SegmentedRaftLogWorker] INFO  segmented.SegmentedRaftLogWorker (SegmentedRaftLogWorker.java:execute(656)) - 48bd3453-a056-4dba-8f3e-044559c7ef64@group-447D4314A1A7-SegmentedRaftLogWorker: created new log segment /home/runner/work/ozone/ozone/hadoop-ozone/integration-test/target/test-dir/MiniOzoneClusterImpl-2b3941d9-6b91-4c70-847f-5d11ff1da94e/datanode-1/data/ratis/7110e767-5f8a-42c0-a079-447d4314a1a7/current/log_inprogress_0
2023-04-19 12:53:44,661 [e66947f2-c2f9-4763-81b4-1d75eb6bddc4-server-thread1] INFO  server.RaftServer$Division (ServerState.java:setRaftConf(430)) - e66947f2-c2f9-4763-81b4-1d75eb6bddc4@group-447D4314A1A7: set configuration 0: peers:[864cfdb0-59f4-4b05-be68-a0956d5d2530|rpc:10.1.0.41:39959|dataStream:10.1.0.41:40457|priority:1|startupRole:FOLLOWER, 48bd3453-a056-4dba-8f3e-044559c7ef64|rpc:10.1.0.41:38755|dataStream:10.1.0.41:42163|priority:0|startupRole:FOLLOWER, e66947f2-c2f9-4763-81b4-1d75eb6bddc4|rpc:10.1.0.41:41491|dataStream:10.1.0.41:34879|priority:0|startupRole:FOLLOWER]|listeners:[], old=null
2023-04-19 12:53:44,675 [e66947f2-c2f9-4763-81b4-1d75eb6bddc4-server-thread1] INFO  segmented.SegmentedRaftLogWorker (SegmentedRaftLogWorker.java:startLogSegment(452)) - e66947f2-c2f9-4763-81b4-1d75eb6bddc4@group-447D4314A1A7-SegmentedRaftLogWorker: Starting segment from index:0
2023-04-19 12:53:44,676 [e66947f2-c2f9-4763-81b4-1d75eb6bddc4@group-447D4314A1A7-SegmentedRaftLogWorker] INFO  segmented.SegmentedRaftLogWorker (SegmentedRaftLogWorker.java:execute(656)) - e66947f2-c2f9-4763-81b4-1d75eb6bddc4@group-447D4314A1A7-SegmentedRaftLogWorker: created new log segment /home/runner/work/ozone/ozone/hadoop-ozone/integration-test/target/test-dir/MiniOzoneClusterImpl-2b3941d9-6b91-4c70-847f-5d11ff1da94e/datanode-0/data/ratis/7110e767-5f8a-42c0-a079-447d4314a1a7/current/log_inprogress_0
2023-04-19 12:53:44,837 [864cfdb0-59f4-4b05-be68-a0956d5d2530@group-083171CAC63B-FollowerState] INFO  impl.FollowerState (FollowerState.java:run(143)) - 864cfdb0-59f4-4b05-be68-a0956d5d2530@group-083171CAC63B-FollowerState: change to CANDIDATE, lastRpcElapsedTime:5171602702ns, electionTimeout:5171ms
2023-04-19 12:53:44,838 [864cfdb0-59f4-4b05-be68-a0956d5d2530@group-083171CAC63B-FollowerState] INFO  impl.RoleInfo (RoleInfo.java:shutdownFollowerState(110)) - 864cfdb0-59f4-4b05-be68-a0956d5d2530: shutdown 864cfdb0-59f4-4b05-be68-a0956d5d2530@group-083171CAC63B-FollowerState
2023-04-19 12:53:44,838 [864cfdb0-59f4-4b05-be68-a0956d5d2530@group-083171CAC63B-FollowerState] INFO  server.RaftServer$Division (RaftServerImpl.java:setRole(321)) - 864cfdb0-59f4-4b05-be68-a0956d5d2530@group-083171CAC63B: changes role from  FOLLOWER to CANDIDATE at term 0 for changeToCandidate
2023-04-19 12:53:44,838 [864cfdb0-59f4-4b05-be68-a0956d5d2530@group-083171CAC63B-FollowerState] INFO  server.RaftServerConfigKeys (ConfUtils.java:logGet(46)) - raft.server.leaderelection.pre-vote = true (default)
2023-04-19 12:53:44,838 [864cfdb0-59f4-4b05-be68-a0956d5d2530@group-083171CAC63B-FollowerState] INFO  impl.RoleInfo (RoleInfo.java:updateAndGet(139)) - 864cfdb0-59f4-4b05-be68-a0956d5d2530: start 864cfdb0-59f4-4b05-be68-a0956d5d2530@group-083171CAC63B-LeaderElection8
2023-04-19 12:53:44,846 [864cfdb0-59f4-4b05-be68-a0956d5d2530@group-083171CAC63B-LeaderElection8] INFO  impl.LeaderElection (LeaderElection.java:askForVotes(312)) - 864cfdb0-59f4-4b05-be68-a0956d5d2530@group-083171CAC63B-LeaderElection8 PRE_VOTE round 0: submit vote requests at term 0 for -1: peers:[864cfdb0-59f4-4b05-be68-a0956d5d2530|rpc:10.1.0.41:39959|dataStream:10.1.0.41:40457|priority:1|startupRole:FOLLOWER]|listeners:[], old=null
2023-04-19 12:53:44,846 [864cfdb0-59f4-4b05-be68-a0956d5d2530@group-083171CAC63B-LeaderElection8] INFO  impl.LeaderElection (LeaderElection.java:askForVotes(314)) - 864cfdb0-59f4-4b05-be68-a0956d5d2530@group-083171CAC63B-LeaderElection8 PRE_VOTE round 0: result PASSED (term=0)
2023-04-19 12:53:44,848 [864cfdb0-59f4-4b05-be68-a0956d5d2530@group-083171CAC63B-LeaderElection8] INFO  impl.LeaderElection (LeaderElection.java:askForVotes(312)) - 864cfdb0-59f4-4b05-be68-a0956d5d2530@group-083171CAC63B-LeaderElection8 ELECTION round 0: submit vote requests at term 1 for -1: peers:[864cfdb0-59f4-4b05-be68-a0956d5d2530|rpc:10.1.0.41:39959|dataStream:10.1.0.41:40457|priority:1|startupRole:FOLLOWER]|listeners:[], old=null
2023-04-19 12:53:44,848 [864cfdb0-59f4-4b05-be68-a0956d5d2530@group-083171CAC63B-LeaderElection8] INFO  impl.LeaderElection (LeaderElection.java:askForVotes(314)) - 864cfdb0-59f4-4b05-be68-a0956d5d2530@group-083171CAC63B-LeaderElection8 ELECTION round 0: result PASSED (term=1)
2023-04-19 12:53:44,848 [864cfdb0-59f4-4b05-be68-a0956d5d2530@group-083171CAC63B-LeaderElection8] INFO  impl.RoleInfo (RoleInfo.java:shutdownLeaderElection(130)) - 864cfdb0-59f4-4b05-be68-a0956d5d2530: shutdown 864cfdb0-59f4-4b05-be68-a0956d5d2530@group-083171CAC63B-LeaderElection8
2023-04-19 12:53:44,848 [864cfdb0-59f4-4b05-be68-a0956d5d2530@group-083171CAC63B-LeaderElection8] INFO  server.RaftServer$Division (RaftServerImpl.java:setRole(321)) - 864cfdb0-59f4-4b05-be68-a0956d5d2530@group-083171CAC63B: changes role from CANDIDATE to LEADER at term 1 for changeToLeader
2023-04-19 12:53:44,848 [864cfdb0-59f4-4b05-be68-a0956d5d2530@group-083171CAC63B-LeaderElection8] INFO  ratis.XceiverServerRatis (XceiverServerRatis.java:handleLeaderChangedNotification(904)) - Leader change notification received for group: group-083171CAC63B with new leaderId: 864cfdb0-59f4-4b05-be68-a0956d5d2530
2023-04-19 12:53:44,848 [864cfdb0-59f4-4b05-be68-a0956d5d2530@group-083171CAC63B-LeaderElection8] INFO  server.RaftServer$Division (ServerState.java:setLeader(313)) - 864cfdb0-59f4-4b05-be68-a0956d5d2530@group-083171CAC63B: change Leader from null to 864cfdb0-59f4-4b05-be68-a0956d5d2530 at term 1 for becomeLeader, leader elected after 5202ms
2023-04-19 12:53:44,848 [864cfdb0-59f4-4b05-be68-a0956d5d2530@group-083171CAC63B-LeaderElection8] INFO  server.RaftServerConfigKeys (ConfUtils.java:logGet(46)) - raft.server.staging.catchup.gap = 1000 (default)
2023-04-19 12:53:44,857 [864cfdb0-59f4-4b05-be68-a0956d5d2530@group-083171CAC63B-LeaderElection8] INFO  server.RaftServerConfigKeys (ConfUtils.java:logGet(46)) - raft.server.write.element-limit = 1024 (custom)
2023-04-19 12:53:44,857 [864cfdb0-59f4-4b05-be68-a0956d5d2530@group-083171CAC63B-LeaderElection8] INFO  server.RaftServerConfigKeys (ConfUtils.java:logGet(46)) - raft.server.write.byte-limit = 1024 M (=1073741824) (custom)
2023-04-19 12:53:44,857 [864cfdb0-59f4-4b05-be68-a0956d5d2530@group-083171CAC63B-LeaderElection8] INFO  server.RaftServerConfigKeys (ConfUtils.java:logGet(46)) - raft.server.watch.timeout = 180s (custom)
2023-04-19 12:53:44,857 [864cfdb0-59f4-4b05-be68-a0956d5d2530@group-083171CAC63B-LeaderElection8] INFO  server.RaftServerConfigKeys (ConfUtils.java:logGet(46)) - raft.server.watch.timeout.denomination = 1s (default)
2023-04-19 12:53:44,857 [864cfdb0-59f4-4b05-be68-a0956d5d2530@group-083171CAC63B-LeaderElection8] INFO  server.RaftServerConfigKeys (ConfUtils.java:logGet(46)) - raft.server.watch.element-limit = 65536 (default)
2023-04-19 12:53:44,858 [864cfdb0-59f4-4b05-be68-a0956d5d2530@group-083171CAC63B-LeaderElection8] INFO  server.RaftServerConfigKeys (ConfUtils.java:logGet(46)) - raft.server.write.element-limit = 1024 (custom)
2023-04-19 12:53:44,858 [864cfdb0-59f4-4b05-be68-a0956d5d2530@group-083171CAC63B-LeaderElection8] INFO  server.RaftServerConfigKeys (ConfUtils.java:logGet(46)) - raft.server.write.follower.gap.ratio.max = -1.0 (default)
2023-04-19 12:53:44,858 [864cfdb0-59f4-4b05-be68-a0956d5d2530@group-083171CAC63B-LeaderElection8] INFO  impl.RoleInfo (RoleInfo.java:updateAndGet(139)) - 864cfdb0-59f4-4b05-be68-a0956d5d2530: start 864cfdb0-59f4-4b05-be68-a0956d5d2530@group-083171CAC63B-LeaderStateImpl
2023-04-19 12:53:44,858 [864cfdb0-59f4-4b05-be68-a0956d5d2530@group-083171CAC63B-LeaderElection8] INFO  segmented.SegmentedRaftLogWorker (SegmentedRaftLogWorker.java:startLogSegment(452)) - 864cfdb0-59f4-4b05-be68-a0956d5d2530@group-083171CAC63B-SegmentedRaftLogWorker: Starting segment from index:0
2023-04-19 12:53:44,860 [864cfdb0-59f4-4b05-be68-a0956d5d2530@group-083171CAC63B-SegmentedRaftLogWorker] INFO  segmented.SegmentedRaftLogWorker (SegmentedRaftLogWorker.java:execute(656)) - 864cfdb0-59f4-4b05-be68-a0956d5d2530@group-083171CAC63B-SegmentedRaftLogWorker: created new log segment /home/runner/work/ozone/ozone/hadoop-ozone/integration-test/target/test-dir/MiniOzoneClusterImpl-2b3941d9-6b91-4c70-847f-5d11ff1da94e/datanode-2/data/ratis/812af14d-b4ed-495c-ada1-083171cac63b/current/log_inprogress_0
2023-04-19 12:53:44,862 [864cfdb0-59f4-4b05-be68-a0956d5d2530@group-083171CAC63B-LeaderElection8] INFO  server.RaftServer$Division (ServerState.java:setRaftConf(430)) - 864cfdb0-59f4-4b05-be68-a0956d5d2530@group-083171CAC63B: set configuration 0: peers:[864cfdb0-59f4-4b05-be68-a0956d5d2530|rpc:10.1.0.41:39959|dataStream:10.1.0.41:40457|priority:1|startupRole:FOLLOWER]|listeners:[], old=null
2023-04-19 12:53:45,187 [Listener at 127.0.0.1/41717] INFO  rpc.RpcClient (RpcClient.java:createVolume(476)) - Creating Volume: volume32686, with user95292 as owner and space quota set to -1 bytes, counts quota set to -1
2023-04-19 12:53:45,244 [OM StateMachine ApplyTransaction Thread - 0] INFO  volume.OMVolumeCreateRequest (OMVolumeCreateRequest.java:validateAndUpdateCache(195)) - created volume:volume32686 for user:user95292
2023-04-19 12:53:45,267 [Listener at 127.0.0.1/41717] INFO  rpc.RpcClient (RpcClient.java:createBucket(698)) - Creating Bucket: volume32686/bucket16810, with bucket layout FILE_SYSTEM_OPTIMIZED, runner as owner, Versioning false, Storage Type set to DISK and Encryption set to false, Replication Type set to server-side default replication type, Namespace Quota set to -1, Space Quota set to -1 
2023-04-19 12:53:45,282 [OM StateMachine ApplyTransaction Thread - 0] INFO  bucket.OMBucketCreateRequest (OMBucketCreateRequest.java:validateAndUpdateCache(269)) - created bucket: bucket16810 of layout FILE_SYSTEM_OPTIMIZED in volume: volume32686
2023-04-19 12:53:45,499 [IPC Server handler 15 on default port 34737] INFO  ha.SequenceIdGenerator (SequenceIdGenerator.java:getNextId(128)) - Allocate a batch for containerId, change lastId from 0 to 1000.
2023-04-19 12:53:45,509 [IPC Server handler 15 on default port 34737] WARN  ha.SequenceIdGenerator (SequenceIdGenerator.java:allocateBatch(237)) - Failed to allocate a batch for localId, expected lastId is 0, actual lastId is 111677748019200000.
2023-04-19 12:53:45,509 [IPC Server handler 15 on default port 34737] INFO  ha.SequenceIdGenerator (SequenceIdGenerator.java:getNextId(128)) - Allocate a batch for localId, change lastId from 111677748019200000 to 111677748019201000.
2023-04-19 12:53:45,594 [Time-limited test] INFO  impl.MetricsSystemImpl (MetricsSystemImpl.java:init(158)) - XceiverClientMetrics metrics system started (again)
2023-04-19 12:53:45,595 [Time-limited test] INFO  lib.Interns (Interns.java:removeEldestEntry(50)) - Metrics intern cache overflow at 2011 for MetricsSystem={MetricsSystem=MetricsInfoImpl{name=MetricsSystem, description=MetricsSystem}, MetricsSystem record=MetricsInfoImpl{name=MetricsSystem, description=MetricsSystem record}}
2023-04-19 12:53:46,097 [IPC Server handler 0 on default port 34737] WARN  node.SCMNodeManager (SCMNodeManager.java:getNodesByAddress(1357)) - Cannot find node for address 127.0.0.1
2023-04-19 12:53:46,127 [IPC Server handler 19 on default port 34737] WARN  node.SCMNodeManager (SCMNodeManager.java:getNodesByAddress(1357)) - Cannot find node for address 127.0.0.1
12:53:46.139 [IPC Server handler 3 on default port 41717] ERROR OMAudit - user=runner | ip=127.0.0.1 | op=READ_KEY {volume=volume32686, bucket=bucket16810, key=471b6177-2a2e-441f-9c28-a296d32a3b37, dataSize=0, replicationConfig=null} | ret=FAILURE
org.apache.hadoop.ozone.om.exceptions.OMException: Key:471b6177-2a2e-441f-9c28-a296d32a3b37 not found
	at org.apache.hadoop.ozone.om.KeyManagerImpl.readKeyInfo(KeyManagerImpl.java:431) ~[ozone-manager-1.4.0-SNAPSHOT.jar:?]
	at org.apache.hadoop.ozone.om.KeyManagerImpl.lambda$9(KeyManagerImpl.java:1938) ~[ozone-manager-1.4.0-SNAPSHOT.jar:?]
	at org.apache.hadoop.util.MetricUtil.captureLatencyNs(MetricUtil.java:37) ~[hdds-common-1.4.0-SNAPSHOT.jar:?]
	at org.apache.hadoop.ozone.om.KeyManagerImpl.getKeyInfo(KeyManagerImpl.java:1936) ~[ozone-manager-1.4.0-SNAPSHOT.jar:?]
	at org.apache.hadoop.ozone.om.OmMetadataReader.getKeyInfo(OmMetadataReader.java:211) ~[ozone-manager-1.4.0-SNAPSHOT.jar:?]
	at org.apache.hadoop.ozone.om.OzoneManager.getKeyInfo(OzoneManager.java:2798) ~[ozone-manager-1.4.0-SNAPSHOT.jar:?]
	at org.apache.hadoop.ozone.protocolPB.OzoneManagerRequestHandler.getKeyInfo(OzoneManagerRequestHandler.java:549) ~[ozone-manager-1.4.0-SNAPSHOT.jar:?]
	at org.apache.hadoop.ozone.protocolPB.OzoneManagerRequestHandler.handleReadRequest(OzoneManagerRequestHandler.java:292) ~[ozone-manager-1.4.0-SNAPSHOT.jar:?]
	at org.apache.hadoop.ozone.protocolPB.OzoneManagerProtocolServerSideTranslatorPB.submitReadRequestToOM(OzoneManagerProtocolServerSideTranslatorPB.java:223) ~[ozone-manager-1.4.0-SNAPSHOT.jar:?]
	at org.apache.hadoop.ozone.protocolPB.OzoneManagerProtocolServerSideTranslatorPB.processRequest(OzoneManagerProtocolServerSideTranslatorPB.java:177) ~[ozone-manager-1.4.0-SNAPSHOT.jar:?]
	at org.apache.hadoop.hdds.server.OzoneProtocolMessageDispatcher.processRequest(OzoneProtocolMessageDispatcher.java:87) [hdds-server-framework-1.4.0-SNAPSHOT.jar:?]
	at org.apache.hadoop.ozone.protocolPB.OzoneManagerProtocolServerSideTranslatorPB.submitRequest(OzoneManagerProtocolServerSideTranslatorPB.java:147) [ozone-manager-1.4.0-SNAPSHOT.jar:?]
	at org.apache.hadoop.ozone.protocol.proto.OzoneManagerProtocolProtos$OzoneManagerService$2.callBlockingMethod(OzoneManagerProtocolProtos.java) [ozone-interface-client-1.4.0-SNAPSHOT.jar:?]
	at org.apache.hadoop.ipc.ProtobufRpcEngine$Server.processCall(ProtobufRpcEngine.java:484) [hadoop-common-3.3.5.jar:?]
	at org.apache.hadoop.ipc.ProtobufRpcEngine2$Server$ProtoBufRpcInvoker.call(ProtobufRpcEngine2.java:595) [hadoop-common-3.3.5.jar:?]
	at org.apache.hadoop.ipc.ProtobufRpcEngine2$Server$ProtoBufRpcInvoker.call(ProtobufRpcEngine2.java:573) [hadoop-common-3.3.5.jar:?]
	at org.apache.hadoop.ipc.RPC$Server.call(RPC.java:1213) [hadoop-common-3.3.5.jar:?]
	at org.apache.hadoop.ipc.Server$RpcCall.run(Server.java:1089) [hadoop-common-3.3.5.jar:?]
	at org.apache.hadoop.ipc.Server$RpcCall.run(Server.java:1012) [hadoop-common-3.3.5.jar:?]
	at java.security.AccessController.doPrivileged(Native Method) ~[?:1.8.0_362]
	at javax.security.auth.Subject.doAs(Subject.java:422) [?:1.8.0_362]
	at org.apache.hadoop.security.UserGroupInformation.doAs(UserGroupInformation.java:1899) [hadoop-common-3.3.5.jar:?]
	at org.apache.hadoop.ipc.Server$Handler.run(Server.java:3026) [hadoop-common-3.3.5.jar:?]
2023-04-19 12:53:46,158 [IPC Server handler 16 on default port 34737] WARN  node.SCMNodeManager (SCMNodeManager.java:getNodesByAddress(1357)) - Cannot find node for address 127.0.0.1
]]></system-out>
  </testcase>
  <testcase name="testCreateBucketWithBucketLayout" classname="org.apache.hadoop.ozone.om.TestObjectStoreWithFSO" time="0.043">
    <system-out><![CDATA[2023-04-19 12:53:46,217 [Time-limited test] INFO  rpc.RpcClient (RpcClient.java:createVolume(476)) - Creating Volume: a16ec31c-06fe-4979-b796-c1ad1bc3d94f, with runner as owner and space quota set to -1 bytes, counts quota set to -1
2023-04-19 12:53:46,223 [OM StateMachine ApplyTransaction Thread - 0] INFO  volume.OMVolumeCreateRequest (OMVolumeCreateRequest.java:validateAndUpdateCache(195)) - created volume:a16ec31c-06fe-4979-b796-c1ad1bc3d94f for user:runner
2023-04-19 12:53:46,225 [Time-limited test] INFO  rpc.RpcClient (RpcClient.java:createBucket(698)) - Creating Bucket: a16ec31c-06fe-4979-b796-c1ad1bc3d94f/f9104d5e-8e86-4c93-ae23-58bd71cff2a4, with bucket layout FILE_SYSTEM_OPTIMIZED, runner as owner, Versioning false, Storage Type set to DISK and Encryption set to false, Replication Type set to server-side default replication type, Namespace Quota set to -1, Space Quota set to -1 
2023-04-19 12:53:46,228 [OM StateMachine ApplyTransaction Thread - 0] INFO  bucket.OMBucketCreateRequest (OMBucketCreateRequest.java:validateAndUpdateCache(269)) - created bucket: f9104d5e-8e86-4c93-ae23-58bd71cff2a4 of layout FILE_SYSTEM_OPTIMIZED in volume: a16ec31c-06fe-4979-b796-c1ad1bc3d94f
2023-04-19 12:53:46,231 [Time-limited test] INFO  rpc.RpcClient (RpcClient.java:createBucket(698)) - Creating Bucket: a16ec31c-06fe-4979-b796-c1ad1bc3d94f/72c7ef50-adc4-4f4d-af0b-fbcbc431be7d, with bucket layout OBJECT_STORE, runner as owner, Versioning false, Storage Type set to DISK and Encryption set to false, Replication Type set to server-side default replication type, Namespace Quota set to -1, Space Quota set to -1 
2023-04-19 12:53:46,234 [OM StateMachine ApplyTransaction Thread - 0] INFO  bucket.OMBucketCreateRequest (OMBucketCreateRequest.java:validateAndUpdateCache(269)) - created bucket: 72c7ef50-adc4-4f4d-af0b-fbcbc431be7d of layout OBJECT_STORE in volume: a16ec31c-06fe-4979-b796-c1ad1bc3d94f
2023-04-19 12:53:46,237 [Time-limited test] INFO  rpc.RpcClient (RpcClient.java:createBucket(698)) - Creating Bucket: a16ec31c-06fe-4979-b796-c1ad1bc3d94f/4a922edf-4e23-410d-8837-02a92a78fa4e, with server-side default bucket layout, runner as owner, Versioning false, Storage Type set to DISK and Encryption set to false, Replication Type set to server-side default replication type, Namespace Quota set to -1, Space Quota set to -1 
2023-04-19 12:53:46,240 [OM StateMachine ApplyTransaction Thread - 0] INFO  bucket.OMBucketCreateRequest (OMBucketCreateRequest.java:validateAndUpdateCache(269)) - created bucket: 4a922edf-4e23-410d-8837-02a92a78fa4e of layout FILE_SYSTEM_OPTIMIZED in volume: a16ec31c-06fe-4979-b796-c1ad1bc3d94f
2023-04-19 12:53:46,242 [Time-limited test] INFO  rpc.RpcClient (RpcClient.java:createBucket(698)) - Creating Bucket: a16ec31c-06fe-4979-b796-c1ad1bc3d94f/204f6fc3-1274-4e3a-b183-b248db852f3a, with server-side default bucket layout, runner as owner, Versioning false, Storage Type set to DISK and Encryption set to false, Replication Type set to server-side default replication type, Namespace Quota set to -1, Space Quota set to -1 
2023-04-19 12:53:46,245 [OM StateMachine ApplyTransaction Thread - 0] INFO  bucket.OMBucketCreateRequest (OMBucketCreateRequest.java:validateAndUpdateCache(269)) - created bucket: 204f6fc3-1274-4e3a-b183-b248db852f3a of layout FILE_SYSTEM_OPTIMIZED in volume: a16ec31c-06fe-4979-b796-c1ad1bc3d94f
2023-04-19 12:53:46,248 [Time-limited test] INFO  rpc.RpcClient (RpcClient.java:createBucket(698)) - Creating Bucket: a16ec31c-06fe-4979-b796-c1ad1bc3d94f/d75f683f-6bfc-449a-99ee-052b0238c46a, with bucket layout LEGACY, runner as owner, Versioning false, Storage Type set to DISK and Encryption set to false, Replication Type set to server-side default replication type, Namespace Quota set to -1, Space Quota set to -1 
2023-04-19 12:53:46,250 [OM StateMachine ApplyTransaction Thread - 0] INFO  bucket.OMBucketCreateRequest (OMBucketCreateRequest.java:validateAndUpdateCache(269)) - created bucket: d75f683f-6bfc-449a-99ee-052b0238c46a of layout LEGACY in volume: a16ec31c-06fe-4979-b796-c1ad1bc3d94f
]]></system-out>
  </testcase>
  <testcase name="testListKeysWithNotNormalizedPath" classname="org.apache.hadoop.ozone.om.TestObjectStoreWithFSO" time="0.58">
    <system-out><![CDATA[2023-04-19 12:53:46,401 [IPC Server handler 17 on default port 34737] WARN  node.SCMNodeManager (SCMNodeManager.java:getNodesByAddress(1357)) - Cannot find node for address 127.0.0.1
2023-04-19 12:53:46,497 [IPC Server handler 12 on default port 34737] WARN  node.SCMNodeManager (SCMNodeManager.java:getNodesByAddress(1357)) - Cannot find node for address 127.0.0.1
2023-04-19 12:53:46,589 [IPC Server handler 19 on default port 34737] WARN  node.SCMNodeManager (SCMNodeManager.java:getNodesByAddress(1357)) - Cannot find node for address 127.0.0.1
2023-04-19 12:53:46,605 [IPC Server handler 16 on default port 34737] WARN  node.SCMNodeManager (SCMNodeManager.java:getNodesByAddress(1357)) - Cannot find node for address 127.0.0.1
2023-04-19 12:53:46,708 [IPC Server handler 17 on default port 34737] WARN  node.SCMNodeManager (SCMNodeManager.java:getNodesByAddress(1357)) - Cannot find node for address 127.0.0.1
2023-04-19 12:53:46,756 [IPC Server handler 12 on default port 34737] WARN  node.SCMNodeManager (SCMNodeManager.java:getNodesByAddress(1357)) - Cannot find node for address 127.0.0.1
]]></system-out>
  </testcase>
  <testcase name="testListKeysAtDifferentLevels" classname="org.apache.hadoop.ozone.om.TestObjectStoreWithFSO" time="0.901">
    <system-out><![CDATA[2023-04-19 12:53:46,893 [IPC Server handler 4 on default port 34737] WARN  node.SCMNodeManager (SCMNodeManager.java:getNodesByAddress(1357)) - Cannot find node for address 127.0.0.1
2023-04-19 12:53:46,905 [IPC Server handler 6 on default port 34737] WARN  node.SCMNodeManager (SCMNodeManager.java:getNodesByAddress(1357)) - Cannot find node for address 127.0.0.1
2023-04-19 12:53:46,990 [IPC Server handler 8 on default port 34737] WARN  node.SCMNodeManager (SCMNodeManager.java:getNodesByAddress(1357)) - Cannot find node for address 127.0.0.1
2023-04-19 12:53:47,002 [IPC Server handler 14 on default port 34737] WARN  node.SCMNodeManager (SCMNodeManager.java:getNodesByAddress(1357)) - Cannot find node for address 127.0.0.1
2023-04-19 12:53:47,074 [IPC Server handler 2 on default port 34737] WARN  node.SCMNodeManager (SCMNodeManager.java:getNodesByAddress(1357)) - Cannot find node for address 127.0.0.1
2023-04-19 12:53:47,086 [IPC Server handler 3 on default port 34737] WARN  node.SCMNodeManager (SCMNodeManager.java:getNodesByAddress(1357)) - Cannot find node for address 127.0.0.1
2023-04-19 12:53:47,152 [IPC Server handler 10 on default port 34737] WARN  node.SCMNodeManager (SCMNodeManager.java:getNodesByAddress(1357)) - Cannot find node for address 127.0.0.1
2023-04-19 12:53:47,165 [IPC Server handler 11 on default port 34737] WARN  node.SCMNodeManager (SCMNodeManager.java:getNodesByAddress(1357)) - Cannot find node for address 127.0.0.1
2023-04-19 12:53:47,242 [IPC Server handler 15 on default port 34737] WARN  node.SCMNodeManager (SCMNodeManager.java:getNodesByAddress(1357)) - Cannot find node for address 127.0.0.1
2023-04-19 12:53:47,256 [IPC Server handler 0 on default port 34737] WARN  node.SCMNodeManager (SCMNodeManager.java:getNodesByAddress(1357)) - Cannot find node for address 127.0.0.1
2023-04-19 12:53:47,333 [IPC Server handler 16 on default port 34737] WARN  node.SCMNodeManager (SCMNodeManager.java:getNodesByAddress(1357)) - Cannot find node for address 127.0.0.1
2023-04-19 12:53:47,347 [IPC Server handler 18 on default port 34737] WARN  node.SCMNodeManager (SCMNodeManager.java:getNodesByAddress(1357)) - Cannot find node for address 127.0.0.1
2023-04-19 12:53:47,399 [IPC Server handler 12 on default port 34737] WARN  node.SCMNodeManager (SCMNodeManager.java:getNodesByAddress(1357)) - Cannot find node for address 127.0.0.1
2023-04-19 12:53:47,410 [IPC Server handler 5 on default port 34737] WARN  node.SCMNodeManager (SCMNodeManager.java:getNodesByAddress(1357)) - Cannot find node for address 127.0.0.1
2023-04-19 12:53:47,475 [IPC Server handler 6 on default port 34737] WARN  node.SCMNodeManager (SCMNodeManager.java:getNodesByAddress(1357)) - Cannot find node for address 127.0.0.1
2023-04-19 12:53:47,486 [IPC Server handler 9 on default port 34737] WARN  node.SCMNodeManager (SCMNodeManager.java:getNodesByAddress(1357)) - Cannot find node for address 127.0.0.1
2023-04-19 12:53:47,540 [IPC Server handler 14 on default port 34737] WARN  node.SCMNodeManager (SCMNodeManager.java:getNodesByAddress(1357)) - Cannot find node for address 127.0.0.1
2023-04-19 12:53:47,553 [IPC Server handler 1 on default port 34737] WARN  node.SCMNodeManager (SCMNodeManager.java:getNodesByAddress(1357)) - Cannot find node for address 127.0.0.1
]]></system-out>
  </testcase>
  <testcase name="testKeyRenameWithSubDirs" classname="org.apache.hadoop.ozone.om.TestObjectStoreWithFSO" time="0.13">
    <system-out><![CDATA[2023-04-19 12:53:47,786 [IPC Server handler 3 on default port 34737] WARN  node.SCMNodeManager (SCMNodeManager.java:getNodesByAddress(1357)) - Cannot find node for address 127.0.0.1
2023-04-19 12:53:47,838 [IPC Server handler 10 on default port 34737] WARN  node.SCMNodeManager (SCMNodeManager.java:getNodesByAddress(1357)) - Cannot find node for address 127.0.0.1
2023-04-19 12:53:47,853 [IPC Server handler 11 on default port 34737] WARN  node.SCMNodeManager (SCMNodeManager.java:getNodesByAddress(1357)) - Cannot find node for address 127.0.0.1
2023-04-19 12:53:47,856 [IPC Server handler 7 on default port 34737] WARN  node.SCMNodeManager (SCMNodeManager.java:getNodesByAddress(1357)) - Cannot find node for address 127.0.0.1
12:53:47.858 [IPC Server handler 6 on default port 41717] ERROR OMAudit - user=runner | ip=127.0.0.1 | op=READ_KEY {volume=volume32686, bucket=bucket16810, key=dir1/dir2/file1, dataSize=0, replicationConfig=null} | ret=FAILURE
org.apache.hadoop.ozone.om.exceptions.OMException: Key:dir1/dir2/file1 not found
	at org.apache.hadoop.ozone.om.KeyManagerImpl.readKeyInfo(KeyManagerImpl.java:431) ~[ozone-manager-1.4.0-SNAPSHOT.jar:?]
	at org.apache.hadoop.ozone.om.KeyManagerImpl.lambda$9(KeyManagerImpl.java:1938) ~[ozone-manager-1.4.0-SNAPSHOT.jar:?]
	at org.apache.hadoop.util.MetricUtil.captureLatencyNs(MetricUtil.java:37) ~[hdds-common-1.4.0-SNAPSHOT.jar:?]
	at org.apache.hadoop.ozone.om.KeyManagerImpl.getKeyInfo(KeyManagerImpl.java:1936) ~[ozone-manager-1.4.0-SNAPSHOT.jar:?]
	at org.apache.hadoop.ozone.om.OmMetadataReader.getKeyInfo(OmMetadataReader.java:211) ~[ozone-manager-1.4.0-SNAPSHOT.jar:?]
	at org.apache.hadoop.ozone.om.OzoneManager.getKeyInfo(OzoneManager.java:2798) ~[ozone-manager-1.4.0-SNAPSHOT.jar:?]
	at org.apache.hadoop.ozone.protocolPB.OzoneManagerRequestHandler.getKeyInfo(OzoneManagerRequestHandler.java:549) ~[ozone-manager-1.4.0-SNAPSHOT.jar:?]
	at org.apache.hadoop.ozone.protocolPB.OzoneManagerRequestHandler.handleReadRequest(OzoneManagerRequestHandler.java:292) ~[ozone-manager-1.4.0-SNAPSHOT.jar:?]
	at org.apache.hadoop.ozone.protocolPB.OzoneManagerProtocolServerSideTranslatorPB.submitReadRequestToOM(OzoneManagerProtocolServerSideTranslatorPB.java:223) ~[ozone-manager-1.4.0-SNAPSHOT.jar:?]
	at org.apache.hadoop.ozone.protocolPB.OzoneManagerProtocolServerSideTranslatorPB.processRequest(OzoneManagerProtocolServerSideTranslatorPB.java:177) ~[ozone-manager-1.4.0-SNAPSHOT.jar:?]
	at org.apache.hadoop.hdds.server.OzoneProtocolMessageDispatcher.processRequest(OzoneProtocolMessageDispatcher.java:87) [hdds-server-framework-1.4.0-SNAPSHOT.jar:?]
	at org.apache.hadoop.ozone.protocolPB.OzoneManagerProtocolServerSideTranslatorPB.submitRequest(OzoneManagerProtocolServerSideTranslatorPB.java:147) [ozone-manager-1.4.0-SNAPSHOT.jar:?]
	at org.apache.hadoop.ozone.protocol.proto.OzoneManagerProtocolProtos$OzoneManagerService$2.callBlockingMethod(OzoneManagerProtocolProtos.java) [ozone-interface-client-1.4.0-SNAPSHOT.jar:?]
	at org.apache.hadoop.ipc.ProtobufRpcEngine$Server.processCall(ProtobufRpcEngine.java:484) [hadoop-common-3.3.5.jar:?]
	at org.apache.hadoop.ipc.ProtobufRpcEngine2$Server$ProtoBufRpcInvoker.call(ProtobufRpcEngine2.java:595) [hadoop-common-3.3.5.jar:?]
	at org.apache.hadoop.ipc.ProtobufRpcEngine2$Server$ProtoBufRpcInvoker.call(ProtobufRpcEngine2.java:573) [hadoop-common-3.3.5.jar:?]
	at org.apache.hadoop.ipc.RPC$Server.call(RPC.java:1213) [hadoop-common-3.3.5.jar:?]
	at org.apache.hadoop.ipc.Server$RpcCall.run(Server.java:1089) [hadoop-common-3.3.5.jar:?]
	at org.apache.hadoop.ipc.Server$RpcCall.run(Server.java:1012) [hadoop-common-3.3.5.jar:?]
	at java.security.AccessController.doPrivileged(Native Method) ~[?:1.8.0_362]
	at javax.security.auth.Subject.doAs(Subject.java:422) [?:1.8.0_362]
	at org.apache.hadoop.security.UserGroupInformation.doAs(UserGroupInformation.java:1899) [hadoop-common-3.3.5.jar:?]
	at org.apache.hadoop.ipc.Server$Handler.run(Server.java:3026) [hadoop-common-3.3.5.jar:?]
12:53:47.860 [IPC Server handler 16 on default port 41717] ERROR OMAudit - user=runner | ip=127.0.0.1 | op=READ_KEY {volume=volume32686, bucket=bucket16810, key=dir1/dir2/file2, dataSize=0, replicationConfig=null} | ret=FAILURE
org.apache.hadoop.ozone.om.exceptions.OMException: Key:dir1/dir2/file2 not found
	at org.apache.hadoop.ozone.om.KeyManagerImpl.readKeyInfo(KeyManagerImpl.java:431) ~[ozone-manager-1.4.0-SNAPSHOT.jar:?]
	at org.apache.hadoop.ozone.om.KeyManagerImpl.lambda$9(KeyManagerImpl.java:1938) ~[ozone-manager-1.4.0-SNAPSHOT.jar:?]
	at org.apache.hadoop.util.MetricUtil.captureLatencyNs(MetricUtil.java:37) ~[hdds-common-1.4.0-SNAPSHOT.jar:?]
	at org.apache.hadoop.ozone.om.KeyManagerImpl.getKeyInfo(KeyManagerImpl.java:1936) ~[ozone-manager-1.4.0-SNAPSHOT.jar:?]
	at org.apache.hadoop.ozone.om.OmMetadataReader.getKeyInfo(OmMetadataReader.java:211) ~[ozone-manager-1.4.0-SNAPSHOT.jar:?]
	at org.apache.hadoop.ozone.om.OzoneManager.getKeyInfo(OzoneManager.java:2798) ~[ozone-manager-1.4.0-SNAPSHOT.jar:?]
	at org.apache.hadoop.ozone.protocolPB.OzoneManagerRequestHandler.getKeyInfo(OzoneManagerRequestHandler.java:549) ~[ozone-manager-1.4.0-SNAPSHOT.jar:?]
	at org.apache.hadoop.ozone.protocolPB.OzoneManagerRequestHandler.handleReadRequest(OzoneManagerRequestHandler.java:292) ~[ozone-manager-1.4.0-SNAPSHOT.jar:?]
	at org.apache.hadoop.ozone.protocolPB.OzoneManagerProtocolServerSideTranslatorPB.submitReadRequestToOM(OzoneManagerProtocolServerSideTranslatorPB.java:223) ~[ozone-manager-1.4.0-SNAPSHOT.jar:?]
	at org.apache.hadoop.ozone.protocolPB.OzoneManagerProtocolServerSideTranslatorPB.processRequest(OzoneManagerProtocolServerSideTranslatorPB.java:177) ~[ozone-manager-1.4.0-SNAPSHOT.jar:?]
	at org.apache.hadoop.hdds.server.OzoneProtocolMessageDispatcher.processRequest(OzoneProtocolMessageDispatcher.java:87) [hdds-server-framework-1.4.0-SNAPSHOT.jar:?]
	at org.apache.hadoop.ozone.protocolPB.OzoneManagerProtocolServerSideTranslatorPB.submitRequest(OzoneManagerProtocolServerSideTranslatorPB.java:147) [ozone-manager-1.4.0-SNAPSHOT.jar:?]
	at org.apache.hadoop.ozone.protocol.proto.OzoneManagerProtocolProtos$OzoneManagerService$2.callBlockingMethod(OzoneManagerProtocolProtos.java) [ozone-interface-client-1.4.0-SNAPSHOT.jar:?]
	at org.apache.hadoop.ipc.ProtobufRpcEngine$Server.processCall(ProtobufRpcEngine.java:484) [hadoop-common-3.3.5.jar:?]
	at org.apache.hadoop.ipc.ProtobufRpcEngine2$Server$ProtoBufRpcInvoker.call(ProtobufRpcEngine2.java:595) [hadoop-common-3.3.5.jar:?]
	at org.apache.hadoop.ipc.ProtobufRpcEngine2$Server$ProtoBufRpcInvoker.call(ProtobufRpcEngine2.java:573) [hadoop-common-3.3.5.jar:?]
	at org.apache.hadoop.ipc.RPC$Server.call(RPC.java:1213) [hadoop-common-3.3.5.jar:?]
	at org.apache.hadoop.ipc.Server$RpcCall.run(Server.java:1089) [hadoop-common-3.3.5.jar:?]
	at org.apache.hadoop.ipc.Server$RpcCall.run(Server.java:1012) [hadoop-common-3.3.5.jar:?]
	at java.security.AccessController.doPrivileged(Native Method) ~[?:1.8.0_362]
	at javax.security.auth.Subject.doAs(Subject.java:422) [?:1.8.0_362]
	at org.apache.hadoop.security.UserGroupInformation.doAs(UserGroupInformation.java:1899) [hadoop-common-3.3.5.jar:?]
	at org.apache.hadoop.ipc.Server$Handler.run(Server.java:3026) [hadoop-common-3.3.5.jar:?]
]]></system-out>
  </testcase>
  <testcase name="testCreateKey" classname="org.apache.hadoop.ozone.om.TestObjectStoreWithFSO" time="0.082">
    <failure type="java.lang.AssertionError"><![CDATA[java.lang.AssertionError: Delete root failed! expected:<0> but was:<1>
	at org.junit.Assert.fail(Assert.java:89)
	at org.junit.Assert.failNotEquals(Assert.java:835)
	at org.junit.Assert.assertEquals(Assert.java:647)
	at org.apache.hadoop.ozone.om.TestObjectStoreWithFSO.deleteRootDir(TestObjectStoreWithFSO.java:155)
	at org.apache.hadoop.ozone.om.TestObjectStoreWithFSO.tearDown(TestObjectStoreWithFSO.java:133)
	at sun.reflect.NativeMethodAccessorImpl.invoke0(Native Method)
	at sun.reflect.NativeMethodAccessorImpl.invoke(NativeMethodAccessorImpl.java:62)
	at sun.reflect.DelegatingMethodAccessorImpl.invoke(DelegatingMethodAccessorImpl.java:43)
	at java.lang.reflect.Method.invoke(Method.java:498)
	at org.junit.runners.model.FrameworkMethod$1.runReflectiveCall(FrameworkMethod.java:59)
	at org.junit.internal.runners.model.ReflectiveCallable.run(ReflectiveCallable.java:12)
	at org.junit.runners.model.FrameworkMethod.invokeExplosively(FrameworkMethod.java:56)
	at org.junit.internal.runners.statements.RunAfters.invokeMethod(RunAfters.java:46)
	at org.junit.internal.runners.statements.RunAfters.evaluate(RunAfters.java:33)
	at org.junit.internal.runners.statements.FailOnTimeout$CallableStatement.call(FailOnTimeout.java:288)
	at org.junit.internal.runners.statements.FailOnTimeout$CallableStatement.call(FailOnTimeout.java:282)
	at java.util.concurrent.FutureTask.run(FutureTask.java:266)
	at java.lang.Thread.run(Thread.java:750)
]]></failure>
  </testcase>
  <testcase name="testRenameToAnExistingKey" classname="org.apache.hadoop.ozone.om.TestObjectStoreWithFSO" time="0.079">
    <system-out><![CDATA[2023-04-19 12:53:47,992 [IPC Server handler 19 on default port 34737] WARN  node.SCMNodeManager (SCMNodeManager.java:getNodesByAddress(1357)) - Cannot find node for address 127.0.0.1
2023-04-19 12:53:48,021 [IPC Server handler 18 on default port 34737] WARN  node.SCMNodeManager (SCMNodeManager.java:getNodesByAddress(1357)) - Cannot find node for address 127.0.0.1
12:53:48.026 [OM StateMachine ApplyTransaction Thread - 0] ERROR OMAudit - user=runner | ip=127.0.0.1 | op=RENAME_KEY {volume=volume32686, bucket=bucket16810, dataSize=0, replicationType=NONE, replicationFactor=ZERO, srcKey=dir1/dir2/file1, dstKey=dir1/dir2/file2} | ret=FAILURE
org.apache.hadoop.ozone.om.exceptions.OMException: Failed to rename, key already exists dir1/dir2/file2
	at org.apache.hadoop.ozone.om.request.key.OMKeyRenameRequestWithFSO.validateAndUpdateCache(OMKeyRenameRequestWithFSO.java:199) ~[ozone-manager-1.4.0-SNAPSHOT.jar:?]
	at org.apache.hadoop.ozone.protocolPB.OzoneManagerRequestHandler.handleWriteRequest(OzoneManagerRequestHandler.java:337) ~[ozone-manager-1.4.0-SNAPSHOT.jar:?]
	at org.apache.hadoop.ozone.om.ratis.OzoneManagerStateMachine.runCommand(OzoneManagerStateMachine.java:541) ~[ozone-manager-1.4.0-SNAPSHOT.jar:?]
	at org.apache.hadoop.ozone.om.ratis.OzoneManagerStateMachine.lambda$1(OzoneManagerStateMachine.java:332) ~[ozone-manager-1.4.0-SNAPSHOT.jar:?]
	at java.util.concurrent.CompletableFuture$AsyncSupply.run(CompletableFuture.java:1604) [?:1.8.0_362]
	at java.util.concurrent.ThreadPoolExecutor.runWorker(ThreadPoolExecutor.java:1149) [?:1.8.0_362]
	at java.util.concurrent.ThreadPoolExecutor$Worker.run(ThreadPoolExecutor.java:624) [?:1.8.0_362]
	at java.lang.Thread.run(Thread.java:750) [?:1.8.0_362]
2023-04-19 12:53:48,027 [OM StateMachine ApplyTransaction Thread - 0] ERROR key.OMKeyRenameRequestWithFSO (OMKeyRenameRequestWithFSO.java:validateAndUpdateCache(241)) - Rename key failed for volume:volume32686 bucket:bucket16810 fromKey:dir1/dir2/file1 toKey:dir1/dir2/file2. Key: dir1/dir2/file1 not found.
]]></system-out>
  </testcase>
  <testcase name="testLookupKey" classname="org.apache.hadoop.ozone.om.TestObjectStoreWithFSO" time="0.055">
    <system-out><![CDATA[12:53:48.046 [IPC Server handler 11 on default port 41717] ERROR OMAudit - user=runner | ip=127.0.0.1 | op=READ_KEY {volume=volume32686, bucket=bucket16810, key=a/b/c/key47081, dataSize=0, replicationConfig=null} | ret=FAILURE
org.apache.hadoop.ozone.om.exceptions.OMException: Key:a/b/c/key47081 not found
	at org.apache.hadoop.ozone.om.KeyManagerImpl.readKeyInfo(KeyManagerImpl.java:431) ~[ozone-manager-1.4.0-SNAPSHOT.jar:?]
	at org.apache.hadoop.ozone.om.KeyManagerImpl.lambda$9(KeyManagerImpl.java:1938) ~[ozone-manager-1.4.0-SNAPSHOT.jar:?]
	at org.apache.hadoop.util.MetricUtil.captureLatencyNs(MetricUtil.java:37) ~[hdds-common-1.4.0-SNAPSHOT.jar:?]
	at org.apache.hadoop.ozone.om.KeyManagerImpl.getKeyInfo(KeyManagerImpl.java:1936) ~[ozone-manager-1.4.0-SNAPSHOT.jar:?]
	at org.apache.hadoop.ozone.om.OmMetadataReader.getKeyInfo(OmMetadataReader.java:211) ~[ozone-manager-1.4.0-SNAPSHOT.jar:?]
	at org.apache.hadoop.ozone.om.OzoneManager.getKeyInfo(OzoneManager.java:2798) ~[ozone-manager-1.4.0-SNAPSHOT.jar:?]
	at org.apache.hadoop.ozone.protocolPB.OzoneManagerRequestHandler.getKeyInfo(OzoneManagerRequestHandler.java:549) ~[ozone-manager-1.4.0-SNAPSHOT.jar:?]
	at org.apache.hadoop.ozone.protocolPB.OzoneManagerRequestHandler.handleReadRequest(OzoneManagerRequestHandler.java:292) ~[ozone-manager-1.4.0-SNAPSHOT.jar:?]
	at org.apache.hadoop.ozone.protocolPB.OzoneManagerProtocolServerSideTranslatorPB.submitReadRequestToOM(OzoneManagerProtocolServerSideTranslatorPB.java:223) ~[ozone-manager-1.4.0-SNAPSHOT.jar:?]
	at org.apache.hadoop.ozone.protocolPB.OzoneManagerProtocolServerSideTranslatorPB.processRequest(OzoneManagerProtocolServerSideTranslatorPB.java:177) ~[ozone-manager-1.4.0-SNAPSHOT.jar:?]
	at org.apache.hadoop.hdds.server.OzoneProtocolMessageDispatcher.processRequest(OzoneProtocolMessageDispatcher.java:87) [hdds-server-framework-1.4.0-SNAPSHOT.jar:?]
	at org.apache.hadoop.ozone.protocolPB.OzoneManagerProtocolServerSideTranslatorPB.submitRequest(OzoneManagerProtocolServerSideTranslatorPB.java:147) [ozone-manager-1.4.0-SNAPSHOT.jar:?]
	at org.apache.hadoop.ozone.protocol.proto.OzoneManagerProtocolProtos$OzoneManagerService$2.callBlockingMethod(OzoneManagerProtocolProtos.java) [ozone-interface-client-1.4.0-SNAPSHOT.jar:?]
	at org.apache.hadoop.ipc.ProtobufRpcEngine$Server.processCall(ProtobufRpcEngine.java:484) [hadoop-common-3.3.5.jar:?]
	at org.apache.hadoop.ipc.ProtobufRpcEngine2$Server$ProtoBufRpcInvoker.call(ProtobufRpcEngine2.java:595) [hadoop-common-3.3.5.jar:?]
	at org.apache.hadoop.ipc.ProtobufRpcEngine2$Server$ProtoBufRpcInvoker.call(ProtobufRpcEngine2.java:573) [hadoop-common-3.3.5.jar:?]
	at org.apache.hadoop.ipc.RPC$Server.call(RPC.java:1213) [hadoop-common-3.3.5.jar:?]
	at org.apache.hadoop.ipc.Server$RpcCall.run(Server.java:1089) [hadoop-common-3.3.5.jar:?]
	at org.apache.hadoop.ipc.Server$RpcCall.run(Server.java:1012) [hadoop-common-3.3.5.jar:?]
	at java.security.AccessController.doPrivileged(Native Method) ~[?:1.8.0_362]
	at javax.security.auth.Subject.doAs(Subject.java:422) [?:1.8.0_362]
	at org.apache.hadoop.security.UserGroupInformation.doAs(UserGroupInformation.java:1899) [hadoop-common-3.3.5.jar:?]
	at org.apache.hadoop.ipc.Server$Handler.run(Server.java:3026) [hadoop-common-3.3.5.jar:?]
2023-04-19 12:53:48,071 [IPC Server handler 12 on default port 34737] WARN  node.SCMNodeManager (SCMNodeManager.java:getNodesByAddress(1357)) - Cannot find node for address 127.0.0.1
12:53:48.081 [IPC Server handler 14 on default port 41717] ERROR OMAudit - user=runner | ip=127.0.0.1 | op=READ_KEY {volume=volume32686, bucket=bucket16810, key=a/b/c/key47081, dataSize=0, replicationConfig=null} | ret=FAILURE
org.apache.hadoop.ozone.om.exceptions.OMException: Key:a/b/c/key47081 not found
	at org.apache.hadoop.ozone.om.KeyManagerImpl.readKeyInfo(KeyManagerImpl.java:431) ~[ozone-manager-1.4.0-SNAPSHOT.jar:?]
	at org.apache.hadoop.ozone.om.KeyManagerImpl.lambda$9(KeyManagerImpl.java:1938) ~[ozone-manager-1.4.0-SNAPSHOT.jar:?]
	at org.apache.hadoop.util.MetricUtil.captureLatencyNs(MetricUtil.java:37) ~[hdds-common-1.4.0-SNAPSHOT.jar:?]
	at org.apache.hadoop.ozone.om.KeyManagerImpl.getKeyInfo(KeyManagerImpl.java:1936) ~[ozone-manager-1.4.0-SNAPSHOT.jar:?]
	at org.apache.hadoop.ozone.om.OmMetadataReader.getKeyInfo(OmMetadataReader.java:211) ~[ozone-manager-1.4.0-SNAPSHOT.jar:?]
	at org.apache.hadoop.ozone.om.OzoneManager.getKeyInfo(OzoneManager.java:2798) ~[ozone-manager-1.4.0-SNAPSHOT.jar:?]
	at org.apache.hadoop.ozone.protocolPB.OzoneManagerRequestHandler.getKeyInfo(OzoneManagerRequestHandler.java:549) ~[ozone-manager-1.4.0-SNAPSHOT.jar:?]
	at org.apache.hadoop.ozone.protocolPB.OzoneManagerRequestHandler.handleReadRequest(OzoneManagerRequestHandler.java:292) ~[ozone-manager-1.4.0-SNAPSHOT.jar:?]
	at org.apache.hadoop.ozone.protocolPB.OzoneManagerProtocolServerSideTranslatorPB.submitReadRequestToOM(OzoneManagerProtocolServerSideTranslatorPB.java:223) ~[ozone-manager-1.4.0-SNAPSHOT.jar:?]
	at org.apache.hadoop.ozone.protocolPB.OzoneManagerProtocolServerSideTranslatorPB.processRequest(OzoneManagerProtocolServerSideTranslatorPB.java:177) ~[ozone-manager-1.4.0-SNAPSHOT.jar:?]
	at org.apache.hadoop.hdds.server.OzoneProtocolMessageDispatcher.processRequest(OzoneProtocolMessageDispatcher.java:87) [hdds-server-framework-1.4.0-SNAPSHOT.jar:?]
	at org.apache.hadoop.ozone.protocolPB.OzoneManagerProtocolServerSideTranslatorPB.submitRequest(OzoneManagerProtocolServerSideTranslatorPB.java:147) [ozone-manager-1.4.0-SNAPSHOT.jar:?]
	at org.apache.hadoop.ozone.protocol.proto.OzoneManagerProtocolProtos$OzoneManagerService$2.callBlockingMethod(OzoneManagerProtocolProtos.java) [ozone-interface-client-1.4.0-SNAPSHOT.jar:?]
	at org.apache.hadoop.ipc.ProtobufRpcEngine$Server.processCall(ProtobufRpcEngine.java:484) [hadoop-common-3.3.5.jar:?]
	at org.apache.hadoop.ipc.ProtobufRpcEngine2$Server$ProtoBufRpcInvoker.call(ProtobufRpcEngine2.java:595) [hadoop-common-3.3.5.jar:?]
	at org.apache.hadoop.ipc.ProtobufRpcEngine2$Server$ProtoBufRpcInvoker.call(ProtobufRpcEngine2.java:573) [hadoop-common-3.3.5.jar:?]
	at org.apache.hadoop.ipc.RPC$Server.call(RPC.java:1213) [hadoop-common-3.3.5.jar:?]
	at org.apache.hadoop.ipc.Server$RpcCall.run(Server.java:1089) [hadoop-common-3.3.5.jar:?]
	at org.apache.hadoop.ipc.Server$RpcCall.run(Server.java:1012) [hadoop-common-3.3.5.jar:?]
	at java.security.AccessController.doPrivileged(Native Method) ~[?:1.8.0_362]
	at javax.security.auth.Subject.doAs(Subject.java:422) [?:1.8.0_362]
	at org.apache.hadoop.security.UserGroupInformation.doAs(UserGroupInformation.java:1899) [hadoop-common-3.3.5.jar:?]
	at org.apache.hadoop.ipc.Server$Handler.run(Server.java:3026) [hadoop-common-3.3.5.jar:?]
]]></system-out>
  </testcase>
  <testcase name="testDeleteBucketWithKeys" classname="org.apache.hadoop.ozone.om.TestObjectStoreWithFSO" time="0.081">
    <system-out><![CDATA[2023-04-19 12:53:48,102 [Time-limited test] INFO  rpc.RpcClient (RpcClient.java:createVolume(476)) - Creating Volume: volume82694, with user74799 as owner and space quota set to -1 bytes, counts quota set to -1
2023-04-19 12:53:48,108 [OM StateMachine ApplyTransaction Thread - 0] INFO  volume.OMVolumeCreateRequest (OMVolumeCreateRequest.java:validateAndUpdateCache(195)) - created volume:volume82694 for user:user74799
2023-04-19 12:53:48,110 [Time-limited test] INFO  rpc.RpcClient (RpcClient.java:createBucket(698)) - Creating Bucket: volume82694/bucket65235, with bucket layout FILE_SYSTEM_OPTIMIZED, runner as owner, Versioning false, Storage Type set to DISK and Encryption set to false, Replication Type set to server-side default replication type, Namespace Quota set to -1, Space Quota set to -1 
2023-04-19 12:53:48,113 [OM StateMachine ApplyTransaction Thread - 0] INFO  bucket.OMBucketCreateRequest (OMBucketCreateRequest.java:validateAndUpdateCache(269)) - created bucket: bucket65235 of layout FILE_SYSTEM_OPTIMIZED in volume: volume82694
2023-04-19 12:53:48,127 [OM StateMachine ApplyTransaction Thread - 0] INFO  key.OMKeyRequest (OMKeyRequest.java:wrapUncommittedBlocksAsPseudoKey(838)) - Detect allocated but uncommitted blocks [{blockID={containerID=4, localID=111677748019200020}, length=4194304, offset=0, token=null, pipeline=null, createVersion=0, partNumber=0}] in key a/b/c/key28408.
12:53:48.134 [OM StateMachine ApplyTransaction Thread - 0] ERROR OMAudit - user=runner | ip=127.0.0.1 | op=DELETE_BUCKET {volume=volume82694, bucket=bucket65235} | ret=FAILURE
org.apache.hadoop.ozone.om.exceptions.OMException: Bucket is not empty
	at org.apache.hadoop.ozone.om.request.bucket.OMBucketDeleteRequest.validateAndUpdateCache(OMBucketDeleteRequest.java:139) ~[ozone-manager-1.4.0-SNAPSHOT.jar:?]
	at org.apache.hadoop.ozone.protocolPB.OzoneManagerRequestHandler.handleWriteRequest(OzoneManagerRequestHandler.java:337) ~[ozone-manager-1.4.0-SNAPSHOT.jar:?]
	at org.apache.hadoop.ozone.om.ratis.OzoneManagerStateMachine.runCommand(OzoneManagerStateMachine.java:541) ~[ozone-manager-1.4.0-SNAPSHOT.jar:?]
	at org.apache.hadoop.ozone.om.ratis.OzoneManagerStateMachine.lambda$1(OzoneManagerStateMachine.java:332) ~[ozone-manager-1.4.0-SNAPSHOT.jar:?]
	at java.util.concurrent.CompletableFuture$AsyncSupply.run(CompletableFuture.java:1604) [?:1.8.0_362]
	at java.util.concurrent.ThreadPoolExecutor.runWorker(ThreadPoolExecutor.java:1149) [?:1.8.0_362]
	at java.util.concurrent.ThreadPoolExecutor$Worker.run(ThreadPoolExecutor.java:624) [?:1.8.0_362]
	at java.lang.Thread.run(Thread.java:750) [?:1.8.0_362]
2023-04-19 12:53:48,135 [OM StateMachine ApplyTransaction Thread - 0] ERROR bucket.OMBucketDeleteRequest (OMBucketDeleteRequest.java:validateAndUpdateCache(212)) - Delete bucket failed for bucket:bucket65235 in volume:volume82694
BUCKET_NOT_EMPTY org.apache.hadoop.ozone.om.exceptions.OMException: Bucket is not empty
	at org.apache.hadoop.ozone.om.request.bucket.OMBucketDeleteRequest.validateAndUpdateCache(OMBucketDeleteRequest.java:139)
	at org.apache.hadoop.ozone.protocolPB.OzoneManagerRequestHandler.handleWriteRequest(OzoneManagerRequestHandler.java:337)
	at org.apache.hadoop.ozone.om.ratis.OzoneManagerStateMachine.runCommand(OzoneManagerStateMachine.java:541)
	at org.apache.hadoop.ozone.om.ratis.OzoneManagerStateMachine.lambda$1(OzoneManagerStateMachine.java:332)
	at java.util.concurrent.CompletableFuture$AsyncSupply.run(CompletableFuture.java:1604)
	at java.util.concurrent.ThreadPoolExecutor.runWorker(ThreadPoolExecutor.java:1149)
	at java.util.concurrent.ThreadPoolExecutor$Worker.run(ThreadPoolExecutor.java:624)
	at java.lang.Thread.run(Thread.java:750)
12:53:48.143 [OM StateMachine ApplyTransaction Thread - 0] ERROR OMAudit - user=runner | ip=127.0.0.1 | op=DELETE_BUCKET {volume=volume82694, bucket=bucket65235} | ret=FAILURE
org.apache.hadoop.ozone.om.exceptions.OMException: Bucket is not empty
	at org.apache.hadoop.ozone.om.request.bucket.OMBucketDeleteRequest.validateAndUpdateCache(OMBucketDeleteRequest.java:139) ~[ozone-manager-1.4.0-SNAPSHOT.jar:?]
	at org.apache.hadoop.ozone.protocolPB.OzoneManagerRequestHandler.handleWriteRequest(OzoneManagerRequestHandler.java:337) ~[ozone-manager-1.4.0-SNAPSHOT.jar:?]
	at org.apache.hadoop.ozone.om.ratis.OzoneManagerStateMachine.runCommand(OzoneManagerStateMachine.java:541) ~[ozone-manager-1.4.0-SNAPSHOT.jar:?]
	at org.apache.hadoop.ozone.om.ratis.OzoneManagerStateMachine.lambda$1(OzoneManagerStateMachine.java:332) ~[ozone-manager-1.4.0-SNAPSHOT.jar:?]
	at java.util.concurrent.CompletableFuture$AsyncSupply.run(CompletableFuture.java:1604) [?:1.8.0_362]
	at java.util.concurrent.ThreadPoolExecutor.runWorker(ThreadPoolExecutor.java:1149) [?:1.8.0_362]
	at java.util.concurrent.ThreadPoolExecutor$Worker.run(ThreadPoolExecutor.java:624) [?:1.8.0_362]
	at java.lang.Thread.run(Thread.java:750) [?:1.8.0_362]
2023-04-19 12:53:48,143 [OM StateMachine ApplyTransaction Thread - 0] ERROR bucket.OMBucketDeleteRequest (OMBucketDeleteRequest.java:validateAndUpdateCache(212)) - Delete bucket failed for bucket:bucket65235 in volume:volume82694
BUCKET_NOT_EMPTY org.apache.hadoop.ozone.om.exceptions.OMException: Bucket is not empty
	at org.apache.hadoop.ozone.om.request.bucket.OMBucketDeleteRequest.validateAndUpdateCache(OMBucketDeleteRequest.java:139)
	at org.apache.hadoop.ozone.protocolPB.OzoneManagerRequestHandler.handleWriteRequest(OzoneManagerRequestHandler.java:337)
	at org.apache.hadoop.ozone.om.ratis.OzoneManagerStateMachine.runCommand(OzoneManagerStateMachine.java:541)
	at org.apache.hadoop.ozone.om.ratis.OzoneManagerStateMachine.lambda$1(OzoneManagerStateMachine.java:332)
	at java.util.concurrent.CompletableFuture$AsyncSupply.run(CompletableFuture.java:1604)
	at java.util.concurrent.ThreadPoolExecutor.runWorker(ThreadPoolExecutor.java:1149)
	at java.util.concurrent.ThreadPoolExecutor$Worker.run(ThreadPoolExecutor.java:624)
	at java.lang.Thread.run(Thread.java:750)
12:53:48.151 [OM StateMachine ApplyTransaction Thread - 0] ERROR OMAudit - user=runner | ip=127.0.0.1 | op=DELETE_BUCKET {volume=volume82694, bucket=bucket65235} | ret=FAILURE
org.apache.hadoop.ozone.om.exceptions.OMException: Bucket is not empty
	at org.apache.hadoop.ozone.om.request.bucket.OMBucketDeleteRequest.validateAndUpdateCache(OMBucketDeleteRequest.java:139) ~[ozone-manager-1.4.0-SNAPSHOT.jar:?]
	at org.apache.hadoop.ozone.protocolPB.OzoneManagerRequestHandler.handleWriteRequest(OzoneManagerRequestHandler.java:337) ~[ozone-manager-1.4.0-SNAPSHOT.jar:?]
	at org.apache.hadoop.ozone.om.ratis.OzoneManagerStateMachine.runCommand(OzoneManagerStateMachine.java:541) ~[ozone-manager-1.4.0-SNAPSHOT.jar:?]
	at org.apache.hadoop.ozone.om.ratis.OzoneManagerStateMachine.lambda$1(OzoneManagerStateMachine.java:332) ~[ozone-manager-1.4.0-SNAPSHOT.jar:?]
	at java.util.concurrent.CompletableFuture$AsyncSupply.run(CompletableFuture.java:1604) [?:1.8.0_362]
	at java.util.concurrent.ThreadPoolExecutor.runWorker(ThreadPoolExecutor.java:1149) [?:1.8.0_362]
	at java.util.concurrent.ThreadPoolExecutor$Worker.run(ThreadPoolExecutor.java:624) [?:1.8.0_362]
	at java.lang.Thread.run(Thread.java:750) [?:1.8.0_362]
2023-04-19 12:53:48,151 [OM StateMachine ApplyTransaction Thread - 0] ERROR bucket.OMBucketDeleteRequest (OMBucketDeleteRequest.java:validateAndUpdateCache(212)) - Delete bucket failed for bucket:bucket65235 in volume:volume82694
BUCKET_NOT_EMPTY org.apache.hadoop.ozone.om.exceptions.OMException: Bucket is not empty
	at org.apache.hadoop.ozone.om.request.bucket.OMBucketDeleteRequest.validateAndUpdateCache(OMBucketDeleteRequest.java:139)
	at org.apache.hadoop.ozone.protocolPB.OzoneManagerRequestHandler.handleWriteRequest(OzoneManagerRequestHandler.java:337)
	at org.apache.hadoop.ozone.om.ratis.OzoneManagerStateMachine.runCommand(OzoneManagerStateMachine.java:541)
	at org.apache.hadoop.ozone.om.ratis.OzoneManagerStateMachine.lambda$1(OzoneManagerStateMachine.java:332)
	at java.util.concurrent.CompletableFuture$AsyncSupply.run(CompletableFuture.java:1604)
	at java.util.concurrent.ThreadPoolExecutor.runWorker(ThreadPoolExecutor.java:1149)
	at java.util.concurrent.ThreadPoolExecutor$Worker.run(ThreadPoolExecutor.java:624)
	at java.lang.Thread.run(Thread.java:750)
]]></system-out>
  </testcase>
</testsuite>